StreamChain add 0x17bbc7e0
Start to process run: 21974 ... 
[Run]:21974 [Site]:1 [Bin]:871 [FullTime]:1975.7 [SkipTime]:0 [Veto1]:344.473 [Veto2]:346.291 [Veto3]:223.626 [Veto4]:223.626 [SgUp1]:99031 [SgUp2]:97706 [SgUp3]:0 [SgUp4]:0 [SgLow1]:98844 [SgLow2]:97487 [SgLow3]:0 [SgLow4]:0 [NetMuon1]:326555 [NetMuon2]:325907 [NetMuon3]:350562 [NetMuon4]:350562
[Run]:21974 [Site]:1 [Bin]:872 [FullTime]:3590.17 [SkipTime]:0 [Veto1]:599.825 [Veto2]:628.484 [Veto3]:406.961 [Veto4]:406.961 [SgUp1]:181045 [SgUp2]:176746 [SgUp3]:0 [SgUp4]:0 [SgLow1]:180662 [SgLow2]:176377 [SgLow3]:0 [SgLow4]:0 [NetMuon1]:599563 [NetMuon2]:593900 [NetMuon3]:638259 [NetMuon4]:638259
[Run]:21974 [Site]:1 [Bin]:873 [FullTime]:3590.17 [SkipTime]:0 [Veto1]:619.598 [Veto2]:617.212 [Veto3]:405.89 [Veto4]:405.89 [SgUp1]:179751 [SgUp2]:177311 [SgUp3]:0 [SgUp4]:0 [SgLow1]:179342 [SgLow2]:176857 [SgLow3]:0 [SgLow4]:0 [NetMuon1]:593879 [NetMuon2]:594010 [NetMuon3]:636613 [NetMuon4]:636613
[Run]:21974 [Site]:1 [Bin]:874 [FullTime]:3590.17 [SkipTime]:0 [Veto1]:627.293 [Veto2]:636.326 [Veto3]:406.757 [Veto4]:406.757 [SgUp1]:179504 [SgUp2]:176500 [SgUp3]:0 [SgUp4]:0 [SgLow1]:179084 [SgLow2]:176113 [SgLow3]:0 [SgLow4]:0 [NetMuon1]:593714 [NetMuon2]:591922 [NetMuon3]:638060 [NetMuon4]:638060
[Run]:21974 [Site]:1 [Bin]:875 [FullTime]:3590.17 [SkipTime]:0 [Veto1]:624.439 [Veto2]:630.089 [Veto3]:406.087 [Veto4]:406.087 [SgUp1]:179955 [SgUp2]:177009 [SgUp3]:0 [SgUp4]:0 [SgLow1]:179601 [SgLow2]:176615 [SgLow3]:0 [SgLow4]:0 [NetMuon1]:593370 [NetMuon2]:592210 [NetMuon3]:636879 [NetMuon4]:636879
[Run]:21974 [Site]:1 [Bin]:876 [FullTime]:3590.17 [SkipTime]:0 [Veto1]:641.443 [Veto2]:634.197 [Veto3]:405.962 [Veto4]:405.962 [SgUp1]:179121 [SgUp2]:176982 [SgUp3]:0 [SgUp4]:0 [SgLow1]:178718 [SgLow2]:176606 [SgLow3]:0 [SgLow4]:0 [NetMuon1]:589654 [NetMuon2]:591065 [NetMuon3]:636884 [NetMuon4]:636884
[Run]:21974 [Site]:1 [Bin]:877 [FullTime]:3590.17 [SkipTime]:0 [Veto1]:625.676 [Veto2]:642.5 [Veto3]:406.577 [Veto4]:406.577 [SgUp1]:180239 [SgUp2]:175986 [SgUp3]:0 [SgUp4]:0 [SgLow1]:179826 [SgLow2]:175595 [SgLow3]:0 [SgLow4]:0 [NetMuon1]:593590 [NetMuon2]:590065 [NetMuon3]:637463 [NetMuon4]:637463
[Run]:21974 [Site]:1 [Bin]:878 [FullTime]:3590.17 [SkipTime]:0 [Veto1]:627.211 [Veto2]:601.399 [Veto3]:405.552 [Veto4]:405.552 [SgUp1]:180648 [SgUp2]:178788 [SgUp3]:0 [SgUp4]:0 [SgLow1]:180268 [SgLow2]:178371 [SgLow3]:0 [SgLow4]:0 [NetMuon1]:592509 [NetMuon2]:597632 [NetMuon3]:636239 [NetMuon4]:636239
[Run]:21974 [Site]:1 [Bin]:879 [FullTime]:3590.17 [SkipTime]:0 [Veto1]:620.627 [Veto2]:615.765 [Veto3]:405.444 [Veto4]:405.444 [SgUp1]:180760 [SgUp2]:177918 [SgUp3]:0 [SgUp4]:0 [SgLow1]:180389 [SgLow2]:177542 [SgLow3]:0 [SgLow4]:0 [NetMuon1]:593422 [NetMuon2]:593884 [NetMuon3]:635891 [NetMuon4]:635891
[Run]:21974 [Site]:1 [Bin]:880 [FullTime]:3590.17 [SkipTime]:0 [Veto1]:611.791 [Veto2]:634.856 [Veto3]:405.888 [Veto4]:405.888 [SgUp1]:181647 [SgUp2]:176912 [SgUp3]:0 [SgUp4]:0 [SgLow1]:181286 [SgLow2]:176515 [SgLow3]:0 [SgLow4]:0 [NetMuon1]:595126 [NetMuon2]:590562 [NetMuon3]:636386 [NetMuon4]:636386
[Run]:21974 [Site]:1 [Bin]:881 [FullTime]:3590.17 [SkipTime]:0 [Veto1]:646.334 [Veto2]:641.173 [Veto3]:405.374 [Veto4]:405.374 [SgUp1]:179995 [SgUp2]:176666 [SgUp3]:0 [SgUp4]:0 [SgLow1]:179559 [SgLow2]:176268 [SgLow3]:0 [SgLow4]:0 [NetMuon1]:588047 [NetMuon2]:588764 [NetMuon3]:635869 [NetMuon4]:635869
[Run]:21974 [Site]:1 [Bin]:882 [FullTime]:3590.17 [SkipTime]:0 [Veto1]:612.966 [Veto2]:646.678 [Veto3]:406.636 [Veto4]:406.636 [SgUp1]:180872 [SgUp2]:175696 [SgUp3]:0 [SgUp4]:0 [SgLow1]:180471 [SgLow2]:175328 [SgLow3]:0 [SgLow4]:0 [NetMuon1]:596636 [NetMuon2]:589560 [NetMuon3]:637791 [NetMuon4]:637791
[Run]:21974 [Site]:1 [Bin]:883 [FullTime]:3590.17 [SkipTime]:0 [Veto1]:613.796 [Veto2]:651.777 [Veto3]:406.412 [Veto4]:406.412 [SgUp1]:180733 [SgUp2]:176173 [SgUp3]:0 [SgUp4]:0 [SgLow1]:180251 [SgLow2]:175842 [SgLow3]:0 [SgLow4]:0 [NetMuon1]:596096 [NetMuon2]:588179 [NetMuon3]:637437 [NetMuon4]:637437
[Run]:21974 [Site]:1 [Bin]:884 [FullTime]:3590.17 [SkipTime]:0 [Veto1]:619.379 [Veto2]:619.229 [Veto3]:406.484 [Veto4]:406.484 [SgUp1]:180770 [SgUp2]:177505 [SgUp3]:0 [SgUp4]:0 [SgLow1]:180367 [SgLow2]:177130 [SgLow3]:0 [SgLow4]:0 [NetMuon1]:595068 [NetMuon2]:594434 [NetMuon3]:637332 [NetMuon4]:637332
[Run]:21974 [Site]:1 [Bin]:885 [FullTime]:3590.17 [SkipTime]:0 [Veto1]:614.55 [Veto2]:632.253 [Veto3]:406.033 [Veto4]:406.033 [SgUp1]:180846 [SgUp2]:176492 [SgUp3]:0 [SgUp4]:0 [SgLow1]:180451 [SgLow2]:176101 [SgLow3]:0 [SgLow4]:0 [NetMuon1]:595231 [NetMuon2]:591917 [NetMuon3]:637006 [NetMuon4]:637006
[Run]:21974 [Site]:1 [Bin]:886 [FullTime]:3590.17 [SkipTime]:0 [Veto1]:638.422 [Veto2]:617.538 [Veto3]:405.853 [Veto4]:405.853 [SgUp1]:179874 [SgUp2]:177553 [SgUp3]:0 [SgUp4]:0 [SgLow1]:179484 [SgLow2]:177138 [SgLow3]:0 [SgLow4]:0 [NetMuon1]:590442 [NetMuon2]:594305 [NetMuon3]:636619 [NetMuon4]:636619
[Run]:21974 [Site]:1 [Bin]:887 [FullTime]:3590.17 [SkipTime]:0 [Veto1]:617.753 [Veto2]:657.059 [Veto3]:406.154 [Veto4]:406.154 [SgUp1]:180320 [SgUp2]:174532 [SgUp3]:0 [SgUp4]:0 [SgLow1]:179904 [SgLow2]:174155 [SgLow3]:0 [SgLow4]:0 [NetMuon1]:594704 [NetMuon2]:586615 [NetMuon3]:636938 [NetMuon4]:636938
[Run]:21974 [Site]:1 [Bin]:888 [FullTime]:3590.17 [SkipTime]:0 [Veto1]:615.711 [Veto2]:642.645 [Veto3]:405.859 [Veto4]:405.859 [SgUp1]:180408 [SgUp2]:176553 [SgUp3]:0 [SgUp4]:0 [SgLow1]:180050 [SgLow2]:176137 [SgLow3]:0 [SgLow4]:0 [NetMuon1]:594415 [NetMuon2]:588877 [NetMuon3]:636577 [NetMuon4]:636577
[Run]:21974 [Site]:1 [Bin]:889 [FullTime]:3590.17 [SkipTime]:0 [Veto1]:615.538 [Veto2]:644.859 [Veto3]:405.209 [Veto4]:405.209 [SgUp1]:180375 [SgUp2]:175865 [SgUp3]:0 [SgUp4]:0 [SgLow1]:179970 [SgLow2]:175425 [SgLow3]:0 [SgLow4]:0 [NetMuon1]:593709 [NetMuon2]:587235 [NetMuon3]:635385 [NetMuon4]:635385
[Run]:21974 [Site]:1 [Bin]:890 [FullTime]:3590.17 [SkipTime]:0 [Veto1]:613.255 [Veto2]:651.26 [Veto3]:405.65 [Veto4]:405.65 [SgUp1]:181350 [SgUp2]:175657 [SgUp3]:0 [SgUp4]:0 [SgLow1]:180924 [SgLow2]:175252 [SgLow3]:0 [SgLow4]:0 [NetMuon1]:594608 [NetMuon2]:587107 [NetMuon3]:636108 [NetMuon4]:636108
[Run]:21974 [Site]:1 [Bin]:891 [FullTime]:3590.17 [SkipTime]:0 [Veto1]:610.046 [Veto2]:648.669 [Veto3]:405.361 [Veto4]:405.361 [SgUp1]:181650 [SgUp2]:176228 [SgUp3]:0 [SgUp4]:0 [SgLow1]:181192 [SgLow2]:175887 [SgLow3]:0 [SgLow4]:0 [NetMuon1]:594574 [NetMuon2]:587348 [NetMuon3]:635755 [NetMuon4]:635755
[Run]:21974 [Site]:1 [Bin]:892 [FullTime]:3590.17 [SkipTime]:0 [Veto1]:632.814 [Veto2]:644.17 [Veto3]:405.99 [Veto4]:405.99 [SgUp1]:180004 [SgUp2]:175915 [SgUp3]:0 [SgUp4]:0 [SgLow1]:179642 [SgLow2]:175556 [SgLow3]:0 [SgLow4]:0 [NetMuon1]:591764 [NetMuon2]:589312 [NetMuon3]:637085 [NetMuon4]:637085
End process Run: 21974 ... 
[Run]:21974 [Site]:1 [Bin]:893 [FullTime]:470.274 [SkipTime]:0 [Veto1]:75.5831 [Veto2]:87.2485 [Veto3]:53.1091 [Veto4]:53.1091
