StreamChain add 0x84007e0
Start to process run: 22261 ... 
[Run]:22261 [Site]:1 [Bin]:1182 [FullTime]:3150.53 [SkipTime]:0 [Veto1]:552.961 [Veto2]:580.261 [Veto3]:357.675 [Veto4]:357.675 [SgUp1]:157800 [SgUp2]:154458 [SgUp3]:0 [SgUp4]:0 [SgLow1]:157452 [SgLow2]:154141 [SgLow3]:0 [SgLow4]:0 [NetMuon1]:521595 [NetMuon2]:516373 [NetMuon3]:560961 [NetMuon4]:560961
[Run]:22261 [Site]:1 [Bin]:1183 [FullTime]:3590.17 [SkipTime]:0 [Veto1]:610.817 [Veto2]:649.636 [Veto3]:406.999 [Veto4]:406.999 [SgUp1]:181255 [SgUp2]:175891 [SgUp3]:0 [SgUp4]:0 [SgLow1]:180843 [SgLow2]:175518 [SgLow3]:0 [SgLow4]:0 [NetMuon1]:597050 [NetMuon2]:589430 [NetMuon3]:638104 [NetMuon4]:638104
[Run]:22261 [Site]:1 [Bin]:1184 [FullTime]:3590.17 [SkipTime]:0 [Veto1]:620.492 [Veto2]:622.779 [Veto3]:407.178 [Veto4]:407.178 [SgUp1]:180306 [SgUp2]:176985 [SgUp3]:0 [SgUp4]:0 [SgLow1]:179894 [SgLow2]:176656 [SgLow3]:0 [SgLow4]:0 [NetMuon1]:595526 [NetMuon2]:595440 [NetMuon3]:638381 [NetMuon4]:638381
[Run]:22261 [Site]:1 [Bin]:1185 [FullTime]:3590.17 [SkipTime]:0 [Veto1]:616.094 [Veto2]:625.859 [Veto3]:407.817 [Veto4]:407.817 [SgUp1]:180488 [SgUp2]:176882 [SgUp3]:0 [SgUp4]:0 [SgLow1]:180076 [SgLow2]:176470 [SgLow3]:0 [SgLow4]:0 [NetMuon1]:597654 [NetMuon2]:595841 [NetMuon3]:639507 [NetMuon4]:639507
[Run]:22261 [Site]:1 [Bin]:1186 [FullTime]:3590.17 [SkipTime]:0 [Veto1]:624.173 [Veto2]:639.444 [Veto3]:408.1 [Veto4]:408.1 [SgUp1]:180124 [SgUp2]:175703 [SgUp3]:0 [SgUp4]:0 [SgLow1]:179724 [SgLow2]:175321 [SgLow3]:0 [SgLow4]:0 [NetMuon1]:596217 [NetMuon2]:593234 [NetMuon3]:639566 [NetMuon4]:639566
[Run]:22261 [Site]:1 [Bin]:1187 [FullTime]:3590.17 [SkipTime]:0 [Veto1]:629.202 [Veto2]:637.608 [Veto3]:407.438 [Veto4]:407.438 [SgUp1]:179625 [SgUp2]:175933 [SgUp3]:0 [SgUp4]:0 [SgLow1]:179216 [SgLow2]:175540 [SgLow3]:0 [SgLow4]:0 [NetMuon1]:594388 [NetMuon2]:592875 [NetMuon3]:638800 [NetMuon4]:638800
[Run]:22261 [Site]:1 [Bin]:1188 [FullTime]:3590.17 [SkipTime]:0 [Veto1]:635.478 [Veto2]:634.7 [Veto3]:408.436 [Veto4]:408.436 [SgUp1]:179549 [SgUp2]:176664 [SgUp3]:0 [SgUp4]:0 [SgLow1]:179127 [SgLow2]:176276 [SgLow3]:0 [SgLow4]:0 [NetMuon1]:594575 [NetMuon2]:594641 [NetMuon3]:640043 [NetMuon4]:640043
[Run]:22261 [Site]:1 [Bin]:1189 [FullTime]:3590.17 [SkipTime]:0 [Veto1]:647.085 [Veto2]:630.736 [Veto3]:407.964 [Veto4]:407.964 [SgUp1]:178792 [SgUp2]:175961 [SgUp3]:0 [SgUp4]:0 [SgLow1]:178355 [SgLow2]:175537 [SgLow3]:0 [SgLow4]:0 [NetMuon1]:591376 [NetMuon2]:594286 [NetMuon3]:639618 [NetMuon4]:639618
[Run]:22261 [Site]:1 [Bin]:1190 [FullTime]:3590.17 [SkipTime]:0 [Veto1]:616.51 [Veto2]:625.454 [Veto3]:408.253 [Veto4]:408.253 [SgUp1]:180735 [SgUp2]:177308 [SgUp3]:0 [SgUp4]:0 [SgLow1]:180310 [SgLow2]:176922 [SgLow3]:0 [SgLow4]:0 [NetMuon1]:598177 [NetMuon2]:596047 [NetMuon3]:639977 [NetMuon4]:639977
[Run]:22261 [Site]:1 [Bin]:1191 [FullTime]:3590.17 [SkipTime]:0 [Veto1]:639.561 [Veto2]:622.782 [Veto3]:407.486 [Veto4]:407.486 [SgUp1]:178426 [SgUp2]:177776 [SgUp3]:0 [SgUp4]:0 [SgLow1]:178033 [SgLow2]:177371 [SgLow3]:0 [SgLow4]:0 [NetMuon1]:592581 [NetMuon2]:595919 [NetMuon3]:639019 [NetMuon4]:639019
[Run]:22261 [Site]:1 [Bin]:1192 [FullTime]:3590.17 [SkipTime]:0 [Veto1]:622.761 [Veto2]:635.21 [Veto3]:407.23 [Veto4]:407.23 [SgUp1]:179513 [SgUp2]:175299 [SgUp3]:0 [SgUp4]:0 [SgLow1]:179129 [SgLow2]:174950 [SgLow3]:0 [SgLow4]:0 [NetMuon1]:595669 [NetMuon2]:592802 [NetMuon3]:638444 [NetMuon4]:638444
[Run]:22261 [Site]:1 [Bin]:1193 [FullTime]:3590.17 [SkipTime]:0 [Veto1]:597.098 [Veto2]:633.539 [Veto3]:406.994 [Veto4]:406.994 [SgUp1]:181256 [SgUp2]:175028 [SgUp3]:0 [SgUp4]:0 [SgLow1]:180868 [SgLow2]:174593 [SgLow3]:0 [SgLow4]:0 [NetMuon1]:599846 [NetMuon2]:592397 [NetMuon3]:637993 [NetMuon4]:637993
[Run]:22261 [Site]:1 [Bin]:1194 [FullTime]:3590.17 [SkipTime]:0 [Veto1]:634.667 [Veto2]:634.649 [Veto3]:407.579 [Veto4]:407.579 [SgUp1]:178823 [SgUp2]:175388 [SgUp3]:0 [SgUp4]:0 [SgLow1]:178469 [SgLow2]:175019 [SgLow3]:0 [SgLow4]:0 [NetMuon1]:593315 [NetMuon2]:593324 [NetMuon3]:638954 [NetMuon4]:638954
[Run]:22261 [Site]:1 [Bin]:1195 [FullTime]:3590.17 [SkipTime]:0 [Veto1]:618.987 [Veto2]:639.144 [Veto3]:407.482 [Veto4]:407.482 [SgUp1]:180250 [SgUp2]:175082 [SgUp3]:0 [SgUp4]:0 [SgLow1]:179844 [SgLow2]:174662 [SgLow3]:0 [SgLow4]:0 [NetMuon1]:596143 [NetMuon2]:592315 [NetMuon3]:638549 [NetMuon4]:638549
[Run]:22261 [Site]:1 [Bin]:1196 [FullTime]:3590.17 [SkipTime]:0 [Veto1]:616.353 [Veto2]:631.072 [Veto3]:407.763 [Veto4]:407.763 [SgUp1]:180145 [SgUp2]:175300 [SgUp3]:0 [SgUp4]:0 [SgLow1]:179760 [SgLow2]:174942 [SgLow3]:0 [SgLow4]:0 [NetMuon1]:597497 [NetMuon2]:594374 [NetMuon3]:639185 [NetMuon4]:639185
[Run]:22261 [Site]:1 [Bin]:1197 [FullTime]:3590.17 [SkipTime]:0 [Veto1]:612.15 [Veto2]:626.189 [Veto3]:407.086 [Veto4]:407.086 [SgUp1]:179622 [SgUp2]:176530 [SgUp3]:0 [SgUp4]:0 [SgLow1]:179274 [SgLow2]:176205 [SgLow3]:0 [SgLow4]:0 [NetMuon1]:597211 [NetMuon2]:594906 [NetMuon3]:638447 [NetMuon4]:638447
[Run]:22261 [Site]:1 [Bin]:1198 [FullTime]:3590.17 [SkipTime]:0 [Veto1]:635.492 [Veto2]:620.569 [Veto3]:407.308 [Veto4]:407.308 [SgUp1]:179334 [SgUp2]:177095 [SgUp3]:0 [SgUp4]:0 [SgLow1]:178901 [SgLow2]:176705 [SgLow3]:0 [SgLow4]:0 [NetMuon1]:592077 [NetMuon2]:595724 [NetMuon3]:638282 [NetMuon4]:638282
[Run]:22261 [Site]:1 [Bin]:1199 [FullTime]:3590.18 [SkipTime]:0 [Veto1]:609.803 [Veto2]:618.422 [Veto3]:406.788 [Veto4]:406.788 [SgUp1]:180045 [SgUp2]:176349 [SgUp3]:0 [SgUp4]:0 [SgLow1]:179655 [SgLow2]:175918 [SgLow3]:0 [SgLow4]:0 [NetMuon1]:596800 [NetMuon2]:595705 [NetMuon3]:637481 [NetMuon4]:637481
[Run]:22261 [Site]:1 [Bin]:1200 [FullTime]:3590.17 [SkipTime]:0 [Veto1]:630.581 [Veto2]:617.147 [Veto3]:407.658 [Veto4]:407.658 [SgUp1]:180234 [SgUp2]:176893 [SgUp3]:0 [SgUp4]:0 [SgLow1]:179791 [SgLow2]:176499 [SgLow3]:0 [SgLow4]:0 [NetMuon1]:594412 [NetMuon2]:596563 [NetMuon3]:638900 [NetMuon4]:638900
[Run]:22261 [Site]:1 [Bin]:1201 [FullTime]:3590.17 [SkipTime]:0 [Veto1]:606.867 [Veto2]:617.068 [Veto3]:407.207 [Veto4]:407.207 [SgUp1]:180695 [SgUp2]:177106 [SgUp3]:0 [SgUp4]:0 [SgLow1]:180252 [SgLow2]:176732 [SgLow3]:0 [SgLow4]:0 [NetMuon1]:598497 [NetMuon2]:596226 [NetMuon3]:638424 [NetMuon4]:638424
[Run]:22261 [Site]:1 [Bin]:1202 [FullTime]:3590.17 [SkipTime]:0 [Veto1]:645.736 [Veto2]:658.427 [Veto3]:407.391 [Veto4]:407.391 [SgUp1]:178631 [SgUp2]:174479 [SgUp3]:0 [SgUp4]:0 [SgLow1]:178282 [SgLow2]:174070 [SgLow3]:0 [SgLow4]:0 [NetMuon1]:590705 [NetMuon2]:588376 [NetMuon3]:638696 [NetMuon4]:638696
[Run]:22261 [Site]:1 [Bin]:1203 [FullTime]:3590.17 [SkipTime]:0 [Veto1]:617.8 [Veto2]:613.121 [Veto3]:407.656 [Veto4]:407.656 [SgUp1]:179917 [SgUp2]:177340 [SgUp3]:0 [SgUp4]:0 [SgLow1]:179520 [SgLow2]:176882 [SgLow3]:0 [SgLow4]:0 [NetMuon1]:596865 [NetMuon2]:597581 [NetMuon3]:638846 [NetMuon4]:638846
[Run]:22261 [Site]:1 [Bin]:1204 [FullTime]:3590.17 [SkipTime]:0 [Veto1]:620.474 [Veto2]:648.45 [Veto3]:406.832 [Veto4]:406.832 [SgUp1]:180638 [SgUp2]:175222 [SgUp3]:0 [SgUp4]:0 [SgLow1]:180266 [SgLow2]:174811 [SgLow3]:0 [SgLow4]:0 [NetMuon1]:595450 [NetMuon2]:589614 [NetMuon3]:637762 [NetMuon4]:637762
[Run]:22261 [Site]:1 [Bin]:1205 [FullTime]:3590.17 [SkipTime]:0 [Veto1]:633.267 [Veto2]:625.286 [Veto3]:407.51 [Veto4]:407.51 [SgUp1]:178634 [SgUp2]:177252 [SgUp3]:0 [SgUp4]:0 [SgLow1]:178261 [SgLow2]:176859 [SgLow3]:0 [SgLow4]:0 [NetMuon1]:593110 [NetMuon2]:594903 [NetMuon3]:638678 [NetMuon4]:638678
[Run]:22261 [Site]:1 [Bin]:1206 [FullTime]:3590.17 [SkipTime]:0 [Veto1]:644.367 [Veto2]:642.77 [Veto3]:406.497 [Veto4]:406.497 [SgUp1]:178724 [SgUp2]:175552 [SgUp3]:0 [SgUp4]:0 [SgLow1]:178340 [SgLow2]:175187 [SgLow3]:0 [SgLow4]:0 [NetMuon1]:589547 [NetMuon2]:590040 [NetMuon3]:637167 [NetMuon4]:637167
[Run]:22261 [Site]:1 [Bin]:1207 [FullTime]:3590.17 [SkipTime]:0 [Veto1]:617.604 [Veto2]:611.28 [Veto3]:407.867 [Veto4]:407.867 [SgUp1]:180159 [SgUp2]:177500 [SgUp3]:0 [SgUp4]:0 [SgLow1]:179775 [SgLow2]:177104 [SgLow3]:0 [SgLow4]:0 [NetMuon1]:597418 [NetMuon2]:598290 [NetMuon3]:639347 [NetMuon4]:639347
[Run]:22261 [Site]:1 [Bin]:1208 [FullTime]:3590.17 [SkipTime]:0 [Veto1]:610.004 [Veto2]:619.324 [Veto3]:406.767 [Veto4]:406.767 [SgUp1]:180890 [SgUp2]:176734 [SgUp3]:0 [SgUp4]:0 [SgLow1]:180504 [SgLow2]:176315 [SgLow3]:0 [SgLow4]:0 [NetMuon1]:597089 [NetMuon2]:595293 [NetMuon3]:637794 [NetMuon4]:637794
[Run]:22261 [Site]:1 [Bin]:1209 [FullTime]:3590.17 [SkipTime]:0 [Veto1]:615.511 [Veto2]:646.75 [Veto3]:407.616 [Veto4]:407.616 [SgUp1]:179911 [SgUp2]:175035 [SgUp3]:0 [SgUp4]:0 [SgLow1]:179465 [SgLow2]:174598 [SgLow3]:0 [SgLow4]:0 [NetMuon1]:597036 [NetMuon2]:590672 [NetMuon3]:639086 [NetMuon4]:639086
[Run]:22261 [Site]:1 [Bin]:1210 [FullTime]:3590.17 [SkipTime]:0 [Veto1]:612.852 [Veto2]:643.436 [Veto3]:407.456 [Veto4]:407.456 [SgUp1]:179820 [SgUp2]:175737 [SgUp3]:0 [SgUp4]:0 [SgLow1]:179445 [SgLow2]:175350 [SgLow3]:0 [SgLow4]:0 [NetMuon1]:597700 [NetMuon2]:591266 [NetMuon3]:638686 [NetMuon4]:638686
[Run]:22261 [Site]:1 [Bin]:1211 [FullTime]:3590.17 [SkipTime]:0 [Veto1]:619.315 [Veto2]:645.098 [Veto3]:407.452 [Veto4]:407.452 [SgUp1]:179517 [SgUp2]:175588 [SgUp3]:0 [SgUp4]:0 [SgLow1]:179179 [SgLow2]:175225 [SgLow3]:0 [SgLow4]:0 [NetMuon1]:596409 [NetMuon2]:591074 [NetMuon3]:638711 [NetMuon4]:638711
[Run]:22261 [Site]:1 [Bin]:1212 [FullTime]:3590.17 [SkipTime]:0 [Veto1]:636.031 [Veto2]:609.894 [Veto3]:407.544 [Veto4]:407.544 [SgUp1]:178542 [SgUp2]:178017 [SgUp3]:0 [SgUp4]:0 [SgLow1]:178160 [SgLow2]:177599 [SgLow3]:0 [SgLow4]:0 [NetMuon1]:593066 [NetMuon2]:598120 [NetMuon3]:638863 [NetMuon4]:638863
[Run]:22261 [Site]:1 [Bin]:1213 [FullTime]:3590.17 [SkipTime]:0 [Veto1]:627.396 [Veto2]:646.737 [Veto3]:408.405 [Veto4]:408.405 [SgUp1]:179333 [SgUp2]:175799 [SgUp3]:0 [SgUp4]:0 [SgLow1]:178953 [SgLow2]:175453 [SgLow3]:0 [SgLow4]:0 [NetMuon1]:596168 [NetMuon2]:592156 [NetMuon3]:640334 [NetMuon4]:640334
[Run]:22261 [Site]:1 [Bin]:1214 [FullTime]:3590.17 [SkipTime]:0 [Veto1]:635.367 [Veto2]:613.45 [Veto3]:407.418 [Veto4]:407.418 [SgUp1]:179437 [SgUp2]:178115 [SgUp3]:0 [SgUp4]:0 [SgLow1]:179039 [SgLow2]:177724 [SgLow3]:0 [SgLow4]:0 [NetMuon1]:592742 [NetMuon2]:597318 [NetMuon3]:638382 [NetMuon4]:638382
[Run]:22261 [Site]:1 [Bin]:1215 [FullTime]:3590.17 [SkipTime]:0 [Veto1]:622.761 [Veto2]:626.062 [Veto3]:407.614 [Veto4]:407.614 [SgUp1]:179234 [SgUp2]:176850 [SgUp3]:0 [SgUp4]:0 [SgLow1]:178834 [SgLow2]:176422 [SgLow3]:0 [SgLow4]:0 [NetMuon1]:595860 [NetMuon2]:594968 [NetMuon3]:638850 [NetMuon4]:638850
[Run]:22261 [Site]:1 [Bin]:1216 [FullTime]:3590.17 [SkipTime]:0 [Veto1]:607.455 [Veto2]:635.757 [Veto3]:407.394 [Veto4]:407.394 [SgUp1]:180284 [SgUp2]:175704 [SgUp3]:0 [SgUp4]:0 [SgLow1]:179916 [SgLow2]:175330 [SgLow3]:0 [SgLow4]:0 [NetMuon1]:598521 [NetMuon2]:592762 [NetMuon3]:638447 [NetMuon4]:638447
[Run]:22261 [Site]:1 [Bin]:1217 [FullTime]:3590.17 [SkipTime]:0 [Veto1]:624.678 [Veto2]:636.638 [Veto3]:407.831 [Veto4]:407.831 [SgUp1]:179403 [SgUp2]:176877 [SgUp3]:0 [SgUp4]:0 [SgLow1]:179014 [SgLow2]:176482 [SgLow3]:0 [SgLow4]:0 [NetMuon1]:595372 [NetMuon2]:593218 [NetMuon3]:639107 [NetMuon4]:639107
[Run]:22261 [Site]:1 [Bin]:1218 [FullTime]:3590.17 [SkipTime]:0 [Veto1]:608.949 [Veto2]:612.439 [Veto3]:407.349 [Veto4]:407.349 [SgUp1]:179877 [SgUp2]:177920 [SgUp3]:0 [SgUp4]:0 [SgLow1]:179479 [SgLow2]:177495 [SgLow3]:0 [SgLow4]:0 [NetMuon1]:598124 [NetMuon2]:597288 [NetMuon3]:638549 [NetMuon4]:638549
[Run]:22261 [Site]:1 [Bin]:1219 [FullTime]:3590.17 [SkipTime]:0 [Veto1]:609.1 [Veto2]:635.924 [Veto3]:406.923 [Veto4]:406.923 [SgUp1]:180318 [SgUp2]:176041 [SgUp3]:0 [SgUp4]:0 [SgLow1]:179944 [SgLow2]:175621 [SgLow3]:0 [SgLow4]:0 [NetMuon1]:597513 [NetMuon2]:591839 [NetMuon3]:637774 [NetMuon4]:637774
[Run]:22261 [Site]:1 [Bin]:1220 [FullTime]:3590.17 [SkipTime]:0 [Veto1]:624.958 [Veto2]:641.904 [Veto3]:407.507 [Veto4]:407.507 [SgUp1]:179297 [SgUp2]:176515 [SgUp3]:0 [SgUp4]:0 [SgLow1]:178953 [SgLow2]:176200 [SgLow3]:0 [SgLow4]:0 [NetMuon1]:595429 [NetMuon2]:591662 [NetMuon3]:638843 [NetMuon4]:638843
[Run]:22261 [Site]:1 [Bin]:1221 [FullTime]:3590.17 [SkipTime]:0 [Veto1]:607.411 [Veto2]:625.063 [Veto3]:407.409 [Veto4]:407.409 [SgUp1]:180051 [SgUp2]:176324 [SgUp3]:0 [SgUp4]:0 [SgLow1]:179630 [SgLow2]:175907 [SgLow3]:0 [SgLow4]:0 [NetMuon1]:598561 [NetMuon2]:595111 [NetMuon3]:638618 [NetMuon4]:638618
[Run]:22261 [Site]:1 [Bin]:1222 [FullTime]:3590.17 [SkipTime]:0 [Veto1]:616.718 [Veto2]:616.98 [Veto3]:406.943 [Veto4]:406.943 [SgUp1]:180686 [SgUp2]:176885 [SgUp3]:0 [SgUp4]:0 [SgLow1]:180254 [SgLow2]:176502 [SgLow3]:0 [SgLow4]:0 [NetMuon1]:596027 [NetMuon2]:596411 [NetMuon3]:638102 [NetMuon4]:638102
[Run]:22261 [Site]:1 [Bin]:1223 [FullTime]:3590.17 [SkipTime]:0 [Veto1]:611.111 [Veto2]:644.014 [Veto3]:407.604 [Veto4]:407.604 [SgUp1]:180383 [SgUp2]:175501 [SgUp3]:0 [SgUp4]:0 [SgLow1]:179959 [SgLow2]:175102 [SgLow3]:0 [SgLow4]:0 [NetMuon1]:597881 [NetMuon2]:591492 [NetMuon3]:639066 [NetMuon4]:639066
[Run]:22261 [Site]:1 [Bin]:1224 [FullTime]:3590.17 [SkipTime]:0 [Veto1]:651.984 [Veto2]:633.126 [Veto3]:407.035 [Veto4]:407.035 [SgUp1]:178216 [SgUp2]:175160 [SgUp3]:0 [SgUp4]:0 [SgLow1]:177815 [SgLow2]:174802 [SgLow3]:0 [SgLow4]:0 [NetMuon1]:588763 [NetMuon2]:592439 [NetMuon3]:638084 [NetMuon4]:638084
[Run]:22261 [Site]:1 [Bin]:1225 [FullTime]:3590.17 [SkipTime]:0 [Veto1]:625.937 [Veto2]:619.219 [Veto3]:407.09 [Veto4]:407.09 [SgUp1]:179964 [SgUp2]:177042 [SgUp3]:0 [SgUp4]:0 [SgLow1]:179551 [SgLow2]:176657 [SgLow3]:0 [SgLow4]:0 [NetMuon1]:594428 [NetMuon2]:595406 [NetMuon3]:638037 [NetMuon4]:638037
[Run]:22261 [Site]:1 [Bin]:1226 [FullTime]:3590.17 [SkipTime]:0 [Veto1]:628.809 [Veto2]:614.657 [Veto3]:407.227 [Veto4]:407.227 [SgUp1]:179619 [SgUp2]:176619 [SgUp3]:0 [SgUp4]:0 [SgLow1]:179177 [SgLow2]:176181 [SgLow3]:0 [SgLow4]:0 [NetMuon1]:593790 [NetMuon2]:596953 [NetMuon3]:638513 [NetMuon4]:638513
[Run]:22261 [Site]:1 [Bin]:1227 [FullTime]:3590.17 [SkipTime]:0 [Veto1]:602.768 [Veto2]:645.44 [Veto3]:407.354 [Veto4]:407.354 [SgUp1]:180430 [SgUp2]:174049 [SgUp3]:0 [SgUp4]:0 [SgLow1]:180058 [SgLow2]:173687 [SgLow3]:0 [SgLow4]:0 [NetMuon1]:599486 [NetMuon2]:590871 [NetMuon3]:638833 [NetMuon4]:638833
[Run]:22261 [Site]:1 [Bin]:1228 [FullTime]:3590.17 [SkipTime]:0 [Veto1]:614.516 [Veto2]:640.987 [Veto3]:407.815 [Veto4]:407.815 [SgUp1]:180466 [SgUp2]:174981 [SgUp3]:0 [SgUp4]:0 [SgLow1]:180120 [SgLow2]:174605 [SgLow3]:0 [SgLow4]:0 [NetMuon1]:597609 [NetMuon2]:592501 [NetMuon3]:639345 [NetMuon4]:639345
End process Run: 22261 ... 
[Run]:22261 [Site]:1 [Bin]:1229 [FullTime]:3288.52 [SkipTime]:0 [Veto1]:584.226 [Veto2]:567.305 [Veto3]:372.964 [Veto4]:372.964
