StreamChain add 0x83a17e0
Start to process run: 22384 ... 
[Run]:22384 [Site]:1 [Bin]:1333 [FullTime]:2371.13 [SkipTime]:0 [Veto1]:403.804 [Veto2]:416.059 [Veto3]:268.859 [Veto4]:268.859 [SgUp1]:118966 [SgUp2]:115713 [SgUp3]:0 [SgUp4]:0 [SgLow1]:118706 [SgLow2]:115473 [SgLow3]:0 [SgLow4]:0 [NetMuon1]:394112 [NetMuon2]:391359 [NetMuon3]:421240 [NetMuon4]:421240
[Run]:22384 [Site]:1 [Bin]:1334 [FullTime]:3590.17 [SkipTime]:0 [Veto1]:619.275 [Veto2]:641.16 [Veto3]:408.077 [Veto4]:408.077 [SgUp1]:180066 [SgUp2]:175241 [SgUp3]:0 [SgUp4]:0 [SgLow1]:179647 [SgLow2]:174859 [SgLow3]:0 [SgLow4]:0 [NetMuon1]:597368 [NetMuon2]:592874 [NetMuon3]:639782 [NetMuon4]:639782
[Run]:22384 [Site]:1 [Bin]:1335 [FullTime]:3590.17 [SkipTime]:0 [Veto1]:634.636 [Veto2]:636.651 [Veto3]:408.373 [Veto4]:408.373 [SgUp1]:178866 [SgUp2]:175306 [SgUp3]:0 [SgUp4]:0 [SgLow1]:178472 [SgLow2]:174888 [SgLow3]:0 [SgLow4]:0 [NetMuon1]:595071 [NetMuon2]:594536 [NetMuon3]:640072 [NetMuon4]:640072
[Run]:22384 [Site]:1 [Bin]:1336 [FullTime]:3590.17 [SkipTime]:0 [Veto1]:602.541 [Veto2]:631.53 [Veto3]:407.631 [Veto4]:407.631 [SgUp1]:181426 [SgUp2]:176052 [SgUp3]:0 [SgUp4]:0 [SgLow1]:181038 [SgLow2]:175644 [SgLow3]:0 [SgLow4]:0 [NetMuon1]:599979 [NetMuon2]:593652 [NetMuon3]:639020 [NetMuon4]:639020
[Run]:22384 [Site]:1 [Bin]:1337 [FullTime]:3590.17 [SkipTime]:0 [Veto1]:620.324 [Veto2]:636.106 [Veto3]:407.498 [Veto4]:407.498 [SgUp1]:179871 [SgUp2]:175299 [SgUp3]:0 [SgUp4]:0 [SgLow1]:179482 [SgLow2]:174905 [SgLow3]:0 [SgLow4]:0 [NetMuon1]:596130 [NetMuon2]:593109 [NetMuon3]:638780 [NetMuon4]:638780
[Run]:22384 [Site]:1 [Bin]:1338 [FullTime]:3590.17 [SkipTime]:0 [Veto1]:603.287 [Veto2]:630.374 [Veto3]:406.55 [Veto4]:406.55 [SgUp1]:180510 [SgUp2]:175895 [SgUp3]:0 [SgUp4]:0 [SgLow1]:180102 [SgLow2]:175478 [SgLow3]:0 [SgLow4]:0 [NetMuon1]:597524 [NetMuon2]:592233 [NetMuon3]:637120 [NetMuon4]:637120
[Run]:22384 [Site]:1 [Bin]:1339 [FullTime]:3590.17 [SkipTime]:0 [Veto1]:602.065 [Veto2]:640.564 [Veto3]:407.044 [Veto4]:407.044 [SgUp1]:180765 [SgUp2]:175290 [SgUp3]:0 [SgUp4]:0 [SgLow1]:180369 [SgLow2]:174913 [SgLow3]:0 [SgLow4]:0 [NetMuon1]:598966 [NetMuon2]:591298 [NetMuon3]:638199 [NetMuon4]:638199
[Run]:22384 [Site]:1 [Bin]:1340 [FullTime]:3590.17 [SkipTime]:0 [Veto1]:622.771 [Veto2]:639.739 [Veto3]:406.416 [Veto4]:406.416 [SgUp1]:179673 [SgUp2]:175513 [SgUp3]:0 [SgUp4]:0 [SgLow1]:179226 [SgLow2]:175130 [SgLow3]:0 [SgLow4]:0 [NetMuon1]:594214 [NetMuon2]:590602 [NetMuon3]:637339 [NetMuon4]:637339
[Run]:22384 [Site]:1 [Bin]:1341 [FullTime]:3590.17 [SkipTime]:0 [Veto1]:631.962 [Veto2]:628.887 [Veto3]:407.015 [Veto4]:407.015 [SgUp1]:179152 [SgUp2]:175684 [SgUp3]:0 [SgUp4]:0 [SgLow1]:178792 [SgLow2]:175264 [SgLow3]:0 [SgLow4]:0 [NetMuon1]:592940 [NetMuon2]:593208 [NetMuon3]:637880 [NetMuon4]:637880
[Run]:22384 [Site]:1 [Bin]:1342 [FullTime]:3590.17 [SkipTime]:0 [Veto1]:605.674 [Veto2]:621.926 [Veto3]:406.951 [Veto4]:406.951 [SgUp1]:181438 [SgUp2]:176113 [SgUp3]:0 [SgUp4]:0 [SgLow1]:181037 [SgLow2]:175725 [SgLow3]:0 [SgLow4]:0 [NetMuon1]:598147 [NetMuon2]:594921 [NetMuon3]:638208 [NetMuon4]:638208
[Run]:22384 [Site]:1 [Bin]:1343 [FullTime]:3590.17 [SkipTime]:0 [Veto1]:610.507 [Veto2]:622.49 [Veto3]:405.542 [Veto4]:405.542 [SgUp1]:181274 [SgUp2]:176996 [SgUp3]:0 [SgUp4]:0 [SgLow1]:180883 [SgLow2]:176595 [SgLow3]:0 [SgLow4]:0 [NetMuon1]:594624 [NetMuon2]:592368 [NetMuon3]:635859 [NetMuon4]:635859
[Run]:22384 [Site]:1 [Bin]:1344 [FullTime]:3590.17 [SkipTime]:0 [Veto1]:591 [Veto2]:627.58 [Veto3]:407.248 [Veto4]:407.248 [SgUp1]:181081 [SgUp2]:176006 [SgUp3]:0 [SgUp4]:0 [SgLow1]:180702 [SgLow2]:175629 [SgLow3]:0 [SgLow4]:0 [NetMuon1]:601583 [NetMuon2]:593923 [NetMuon3]:638320 [NetMuon4]:638320
[Run]:22384 [Site]:1 [Bin]:1345 [FullTime]:3590.17 [SkipTime]:0 [Veto1]:609.135 [Veto2]:639.56 [Veto3]:407.443 [Veto4]:407.443 [SgUp1]:180810 [SgUp2]:176103 [SgUp3]:0 [SgUp4]:0 [SgLow1]:180393 [SgLow2]:175648 [SgLow3]:0 [SgLow4]:0 [NetMuon1]:598020 [NetMuon2]:591985 [NetMuon3]:638650 [NetMuon4]:638650
[Run]:22384 [Site]:1 [Bin]:1346 [FullTime]:3590.17 [SkipTime]:0 [Veto1]:613.701 [Veto2]:621.883 [Veto3]:406.993 [Veto4]:406.993 [SgUp1]:180531 [SgUp2]:176668 [SgUp3]:0 [SgUp4]:0 [SgLow1]:180108 [SgLow2]:176246 [SgLow3]:0 [SgLow4]:0 [NetMuon1]:596462 [NetMuon2]:594772 [NetMuon3]:638035 [NetMuon4]:638035
[Run]:22384 [Site]:1 [Bin]:1347 [FullTime]:3590.17 [SkipTime]:0 [Veto1]:626.711 [Veto2]:630.194 [Veto3]:407.46 [Veto4]:407.46 [SgUp1]:179420 [SgUp2]:176610 [SgUp3]:0 [SgUp4]:0 [SgLow1]:179061 [SgLow2]:176222 [SgLow3]:0 [SgLow4]:0 [NetMuon1]:594734 [NetMuon2]:594025 [NetMuon3]:638961 [NetMuon4]:638961
[Run]:22384 [Site]:1 [Bin]:1348 [FullTime]:3590.17 [SkipTime]:0 [Veto1]:617.302 [Veto2]:632.198 [Veto3]:407.397 [Veto4]:407.397 [SgUp1]:180475 [SgUp2]:176061 [SgUp3]:0 [SgUp4]:0 [SgLow1]:180084 [SgLow2]:175682 [SgLow3]:0 [SgLow4]:0 [NetMuon1]:596557 [NetMuon2]:593739 [NetMuon3]:638725 [NetMuon4]:638725
[Run]:22384 [Site]:1 [Bin]:1351 [FullTime]:2127.97 [SkipTime]:0 [Veto1]:364.754 [Veto2]:372.211 [Veto3]:241.973 [Veto4]:241.973 [SgUp1]:106437 [SgUp2]:105166 [SgUp3]:0 [SgUp4]:0 [SgLow1]:106196 [SgLow2]:104959 [SgLow3]:0 [SgLow4]:0 [NetMuon1]:354701 [NetMuon2]:353160 [NetMuon3]:379456 [NetMuon4]:379456
[Run]:22384 [Site]:1 [Bin]:1352 [FullTime]:3590.17 [SkipTime]:0 [Veto1]:635.195 [Veto2]:639.753 [Veto3]:407.421 [Veto4]:407.421 [SgUp1]:180444 [SgUp2]:175367 [SgUp3]:0 [SgUp4]:0 [SgLow1]:180052 [SgLow2]:174956 [SgLow3]:0 [SgLow4]:0 [NetMuon1]:592815 [NetMuon2]:591876 [NetMuon3]:638522 [NetMuon4]:638522
[Run]:22384 [Site]:1 [Bin]:1353 [FullTime]:3590.17 [SkipTime]:0 [Veto1]:630.969 [Veto2]:662.825 [Veto3]:407.571 [Veto4]:407.571 [SgUp1]:179909 [SgUp2]:174730 [SgUp3]:0 [SgUp4]:0 [SgLow1]:179513 [SgLow2]:174324 [SgLow3]:0 [SgLow4]:0 [NetMuon1]:593822 [NetMuon2]:587927 [NetMuon3]:638862 [NetMuon4]:638862
[Run]:22384 [Site]:1 [Bin]:1354 [FullTime]:3590.17 [SkipTime]:0 [Veto1]:621.155 [Veto2]:636.891 [Veto3]:407.156 [Veto4]:407.156 [SgUp1]:180017 [SgUp2]:175705 [SgUp3]:0 [SgUp4]:0 [SgLow1]:179626 [SgLow2]:175332 [SgLow3]:0 [SgLow4]:0 [NetMuon1]:595172 [NetMuon2]:591843 [NetMuon3]:638015 [NetMuon4]:638015
[Run]:22384 [Site]:1 [Bin]:1355 [FullTime]:3590.17 [SkipTime]:0 [Veto1]:621.823 [Veto2]:636.172 [Veto3]:407.686 [Veto4]:407.686 [SgUp1]:179587 [SgUp2]:176154 [SgUp3]:0 [SgUp4]:0 [SgLow1]:179177 [SgLow2]:175786 [SgLow3]:0 [SgLow4]:0 [NetMuon1]:596200 [NetMuon2]:593109 [NetMuon3]:639097 [NetMuon4]:639097
[Run]:22384 [Site]:1 [Bin]:1356 [FullTime]:3590.17 [SkipTime]:0 [Veto1]:612.308 [Veto2]:630.198 [Veto3]:407.049 [Veto4]:407.049 [SgUp1]:179900 [SgUp2]:176231 [SgUp3]:0 [SgUp4]:0 [SgLow1]:179522 [SgLow2]:175803 [SgLow3]:0 [SgLow4]:0 [NetMuon1]:596852 [NetMuon2]:593270 [NetMuon3]:638131 [NetMuon4]:638131
[Run]:22384 [Site]:1 [Bin]:1357 [FullTime]:3590.17 [SkipTime]:0 [Veto1]:618.604 [Veto2]:639.783 [Veto3]:407.737 [Veto4]:407.737 [SgUp1]:180613 [SgUp2]:175705 [SgUp3]:0 [SgUp4]:0 [SgLow1]:180194 [SgLow2]:175313 [SgLow3]:0 [SgLow4]:0 [NetMuon1]:596512 [NetMuon2]:592172 [NetMuon3]:638869 [NetMuon4]:638869
[Run]:22384 [Site]:1 [Bin]:1358 [FullTime]:3590.17 [SkipTime]:0 [Veto1]:618.708 [Veto2]:648.134 [Veto3]:407.32 [Veto4]:407.32 [SgUp1]:179547 [SgUp2]:175471 [SgUp3]:0 [SgUp4]:0 [SgLow1]:179131 [SgLow2]:175096 [SgLow3]:0 [SgLow4]:0 [NetMuon1]:595817 [NetMuon2]:589842 [NetMuon3]:638336 [NetMuon4]:638336
[Run]:22384 [Site]:1 [Bin]:1359 [FullTime]:3590.17 [SkipTime]:0 [Veto1]:615.416 [Veto2]:628.468 [Veto3]:408.09 [Veto4]:408.09 [SgUp1]:180024 [SgUp2]:176347 [SgUp3]:0 [SgUp4]:0 [SgLow1]:179634 [SgLow2]:175940 [SgLow3]:0 [SgLow4]:0 [NetMuon1]:598212 [NetMuon2]:595257 [NetMuon3]:639658 [NetMuon4]:639658
[Run]:22384 [Site]:1 [Bin]:1360 [FullTime]:3590.17 [SkipTime]:0 [Veto1]:616.172 [Veto2]:641.981 [Veto3]:407.539 [Veto4]:407.539 [SgUp1]:180090 [SgUp2]:174551 [SgUp3]:0 [SgUp4]:0 [SgLow1]:179689 [SgLow2]:174181 [SgLow3]:0 [SgLow4]:0 [NetMuon1]:596824 [NetMuon2]:591705 [NetMuon3]:638495 [NetMuon4]:638495
[Run]:22384 [Site]:1 [Bin]:1361 [FullTime]:3590.17 [SkipTime]:0 [Veto1]:623.67 [Veto2]:625.669 [Veto3]:408.999 [Veto4]:408.999 [SgUp1]:179674 [SgUp2]:176944 [SgUp3]:0 [SgUp4]:0 [SgLow1]:179282 [SgLow2]:176580 [SgLow3]:0 [SgLow4]:0 [NetMuon1]:597857 [NetMuon2]:597260 [NetMuon3]:640944 [NetMuon4]:640944
[Run]:22384 [Site]:1 [Bin]:1362 [FullTime]:3590.17 [SkipTime]:0 [Veto1]:620.556 [Veto2]:632.298 [Veto3]:407.115 [Veto4]:407.115 [SgUp1]:179756 [SgUp2]:175951 [SgUp3]:0 [SgUp4]:0 [SgLow1]:179388 [SgLow2]:175529 [SgLow3]:0 [SgLow4]:0 [NetMuon1]:595349 [NetMuon2]:593432 [NetMuon3]:638346 [NetMuon4]:638346
[Run]:22384 [Site]:1 [Bin]:1363 [FullTime]:3590.17 [SkipTime]:0 [Veto1]:615.363 [Veto2]:624.514 [Veto3]:407.563 [Veto4]:407.563 [SgUp1]:180078 [SgUp2]:176778 [SgUp3]:0 [SgUp4]:0 [SgLow1]:179669 [SgLow2]:176418 [SgLow3]:0 [SgLow4]:0 [NetMuon1]:597132 [NetMuon2]:595836 [NetMuon3]:638937 [NetMuon4]:638937
[Run]:22384 [Site]:1 [Bin]:1364 [FullTime]:3590.17 [SkipTime]:0 [Veto1]:598.913 [Veto2]:618.241 [Veto3]:406.971 [Veto4]:406.971 [SgUp1]:180274 [SgUp2]:176317 [SgUp3]:0 [SgUp4]:0 [SgLow1]:179899 [SgLow2]:175892 [SgLow3]:0 [SgLow4]:0 [NetMuon1]:599585 [NetMuon2]:595331 [NetMuon3]:637762 [NetMuon4]:637762
[Run]:22384 [Site]:1 [Bin]:1365 [FullTime]:3590.18 [SkipTime]:0 [Veto1]:624.261 [Veto2]:631.56 [Veto3]:407.583 [Veto4]:407.583 [SgUp1]:179073 [SgUp2]:176679 [SgUp3]:0 [SgUp4]:0 [SgLow1]:178647 [SgLow2]:176290 [SgLow3]:0 [SgLow4]:0 [NetMuon1]:595655 [NetMuon2]:594320 [NetMuon3]:639189 [NetMuon4]:639189
[Run]:22384 [Site]:1 [Bin]:1366 [FullTime]:3590.16 [SkipTime]:0 [Veto1]:612.346 [Veto2]:633.842 [Veto3]:407.673 [Veto4]:407.673 [SgUp1]:180646 [SgUp2]:175872 [SgUp3]:0 [SgUp4]:0 [SgLow1]:180251 [SgLow2]:175453 [SgLow3]:0 [SgLow4]:0 [NetMuon1]:598013 [NetMuon2]:593395 [NetMuon3]:639012 [NetMuon4]:639012
[Run]:22384 [Site]:1 [Bin]:1367 [FullTime]:3590.17 [SkipTime]:0 [Veto1]:626.557 [Veto2]:642.228 [Veto3]:407.197 [Veto4]:407.197 [SgUp1]:179512 [SgUp2]:175069 [SgUp3]:0 [SgUp4]:0 [SgLow1]:179055 [SgLow2]:174712 [SgLow3]:0 [SgLow4]:0 [NetMuon1]:594630 [NetMuon2]:591200 [NetMuon3]:638558 [NetMuon4]:638558
[Run]:22384 [Site]:1 [Bin]:1368 [FullTime]:3590.17 [SkipTime]:0 [Veto1]:627.103 [Veto2]:636.092 [Veto3]:407.578 [Veto4]:407.578 [SgUp1]:179430 [SgUp2]:176186 [SgUp3]:0 [SgUp4]:0 [SgLow1]:179015 [SgLow2]:175777 [SgLow3]:0 [SgLow4]:0 [NetMuon1]:594978 [NetMuon2]:593063 [NetMuon3]:638816 [NetMuon4]:638816
[Run]:22384 [Site]:1 [Bin]:1369 [FullTime]:3590.17 [SkipTime]:0 [Veto1]:615.738 [Veto2]:633.735 [Veto3]:407.302 [Veto4]:407.302 [SgUp1]:180943 [SgUp2]:176237 [SgUp3]:0 [SgUp4]:0 [SgLow1]:180574 [SgLow2]:175840 [SgLow3]:0 [SgLow4]:0 [NetMuon1]:596489 [NetMuon2]:592916 [NetMuon3]:638517 [NetMuon4]:638517
[Run]:22384 [Site]:1 [Bin]:1370 [FullTime]:3590.17 [SkipTime]:0 [Veto1]:612.51 [Veto2]:636.974 [Veto3]:407.271 [Veto4]:407.271 [SgUp1]:179958 [SgUp2]:175660 [SgUp3]:0 [SgUp4]:0 [SgLow1]:179585 [SgLow2]:175299 [SgLow3]:0 [SgLow4]:0 [NetMuon1]:597081 [NetMuon2]:592409 [NetMuon3]:638494 [NetMuon4]:638494
[Run]:22384 [Site]:1 [Bin]:1371 [FullTime]:3590.17 [SkipTime]:0 [Veto1]:621.152 [Veto2]:641.608 [Veto3]:407.928 [Veto4]:407.928 [SgUp1]:180532 [SgUp2]:175482 [SgUp3]:0 [SgUp4]:0 [SgLow1]:180105 [SgLow2]:175091 [SgLow3]:0 [SgLow4]:0 [NetMuon1]:596457 [NetMuon2]:592596 [NetMuon3]:639463 [NetMuon4]:639463
[Run]:22384 [Site]:1 [Bin]:1372 [FullTime]:3590.17 [SkipTime]:0 [Veto1]:618.039 [Veto2]:654.361 [Veto3]:408.194 [Veto4]:408.194 [SgUp1]:180128 [SgUp2]:175141 [SgUp3]:0 [SgUp4]:0 [SgLow1]:179723 [SgLow2]:174712 [SgLow3]:0 [SgLow4]:0 [NetMuon1]:597470 [NetMuon2]:589980 [NetMuon3]:639817 [NetMuon4]:639817
[Run]:22384 [Site]:1 [Bin]:1373 [FullTime]:3590.17 [SkipTime]:0 [Veto1]:617.959 [Veto2]:658.992 [Veto3]:407.633 [Veto4]:407.633 [SgUp1]:180727 [SgUp2]:174025 [SgUp3]:0 [SgUp4]:0 [SgLow1]:180334 [SgLow2]:173666 [SgLow3]:0 [SgLow4]:0 [NetMuon1]:596906 [NetMuon2]:588708 [NetMuon3]:639077 [NetMuon4]:639077
[Run]:22384 [Site]:1 [Bin]:1374 [FullTime]:3590.17 [SkipTime]:0 [Veto1]:613.788 [Veto2]:644.633 [Veto3]:407.118 [Veto4]:407.118 [SgUp1]:181656 [SgUp2]:175617 [SgUp3]:0 [SgUp4]:0 [SgLow1]:181223 [SgLow2]:175168 [SgLow3]:0 [SgLow4]:0 [NetMuon1]:596549 [NetMuon2]:590995 [NetMuon3]:638141 [NetMuon4]:638141
[Run]:22384 [Site]:1 [Bin]:1375 [FullTime]:3590.17 [SkipTime]:0 [Veto1]:634.506 [Veto2]:626.753 [Veto3]:407.913 [Veto4]:407.913 [SgUp1]:180568 [SgUp2]:176086 [SgUp3]:0 [SgUp4]:0 [SgLow1]:180180 [SgLow2]:175653 [SgLow3]:0 [SgLow4]:0 [NetMuon1]:593831 [NetMuon2]:595463 [NetMuon3]:639475 [NetMuon4]:639475
[Run]:22384 [Site]:1 [Bin]:1376 [FullTime]:3590.17 [SkipTime]:0 [Veto1]:636.156 [Veto2]:628.003 [Veto3]:407.486 [Veto4]:407.486 [SgUp1]:179489 [SgUp2]:177018 [SgUp3]:0 [SgUp4]:0 [SgLow1]:179073 [SgLow2]:176622 [SgLow3]:0 [SgLow4]:0 [NetMuon1]:593115 [NetMuon2]:594619 [NetMuon3]:638973 [NetMuon4]:638973
[Run]:22384 [Site]:1 [Bin]:1377 [FullTime]:3590.17 [SkipTime]:0 [Veto1]:622.438 [Veto2]:642.443 [Veto3]:407.497 [Veto4]:407.497 [SgUp1]:180255 [SgUp2]:175688 [SgUp3]:0 [SgUp4]:0 [SgLow1]:179867 [SgLow2]:175323 [SgLow3]:0 [SgLow4]:0 [NetMuon1]:595061 [NetMuon2]:591194 [NetMuon3]:638591 [NetMuon4]:638591
[Run]:22384 [Site]:1 [Bin]:1378 [FullTime]:3590.17 [SkipTime]:0 [Veto1]:629.35 [Veto2]:624.455 [Veto3]:407.476 [Veto4]:407.476 [SgUp1]:180165 [SgUp2]:177736 [SgUp3]:0 [SgUp4]:0 [SgLow1]:179791 [SgLow2]:177373 [SgLow3]:0 [SgLow4]:0 [NetMuon1]:594104 [NetMuon2]:595002 [NetMuon3]:638764 [NetMuon4]:638764
[Run]:22384 [Site]:1 [Bin]:1379 [FullTime]:3590.17 [SkipTime]:0 [Veto1]:613.214 [Veto2]:622.451 [Veto3]:408.725 [Veto4]:408.725 [SgUp1]:180196 [SgUp2]:176227 [SgUp3]:0 [SgUp4]:0 [SgLow1]:179777 [SgLow2]:175883 [SgLow3]:0 [SgLow4]:0 [NetMuon1]:599216 [NetMuon2]:597717 [NetMuon3]:640714 [NetMuon4]:640714
[Run]:22384 [Site]:1 [Bin]:1380 [FullTime]:3590.17 [SkipTime]:0 [Veto1]:620.686 [Veto2]:646.894 [Veto3]:408.435 [Veto4]:408.435 [SgUp1]:180451 [SgUp2]:175303 [SgUp3]:0 [SgUp4]:0 [SgLow1]:180050 [SgLow2]:174884 [SgLow3]:0 [SgLow4]:0 [NetMuon1]:597566 [NetMuon2]:592313 [NetMuon3]:640427 [NetMuon4]:640427
[Run]:22384 [Site]:1 [Bin]:1381 [FullTime]:3590.17 [SkipTime]:0 [Veto1]:619.062 [Veto2]:613.335 [Veto3]:407.72 [Veto4]:407.72 [SgUp1]:179957 [SgUp2]:176438 [SgUp3]:0 [SgUp4]:0 [SgLow1]:179539 [SgLow2]:176022 [SgLow3]:0 [SgLow4]:0 [NetMuon1]:596433 [NetMuon2]:597454 [NetMuon3]:639010 [NetMuon4]:639010
[Run]:22384 [Site]:1 [Bin]:1382 [FullTime]:3590.17 [SkipTime]:0 [Veto1]:625.687 [Veto2]:617.929 [Veto3]:408.433 [Veto4]:408.433 [SgUp1]:179815 [SgUp2]:176491 [SgUp3]:0 [SgUp4]:0 [SgLow1]:179448 [SgLow2]:176086 [SgLow3]:0 [SgLow4]:0 [NetMuon1]:596636 [NetMuon2]:598050 [NetMuon3]:640130 [NetMuon4]:640130
[Run]:22384 [Site]:1 [Bin]:1383 [FullTime]:3590.17 [SkipTime]:0 [Veto1]:624.003 [Veto2]:633.8 [Veto3]:407.854 [Veto4]:407.854 [SgUp1]:180417 [SgUp2]:175993 [SgUp3]:0 [SgUp4]:0 [SgLow1]:180028 [SgLow2]:175556 [SgLow3]:0 [SgLow4]:0 [NetMuon1]:595718 [NetMuon2]:593730 [NetMuon3]:639274 [NetMuon4]:639274
[Run]:22384 [Site]:1 [Bin]:1384 [FullTime]:3590.17 [SkipTime]:0 [Veto1]:617.166 [Veto2]:618.665 [Veto3]:407.278 [Veto4]:407.278 [SgUp1]:181317 [SgUp2]:177338 [SgUp3]:0 [SgUp4]:0 [SgLow1]:180879 [SgLow2]:176928 [SgLow3]:0 [SgLow4]:0 [NetMuon1]:596788 [NetMuon2]:596110 [NetMuon3]:638649 [NetMuon4]:638649
[Run]:22384 [Site]:1 [Bin]:1385 [FullTime]:3590.17 [SkipTime]:0 [Veto1]:622.64 [Veto2]:638.418 [Veto3]:408.104 [Veto4]:408.104 [SgUp1]:179872 [SgUp2]:176390 [SgUp3]:0 [SgUp4]:0 [SgLow1]:179473 [SgLow2]:175987 [SgLow3]:0 [SgLow4]:0 [NetMuon1]:596394 [NetMuon2]:593582 [NetMuon3]:639705 [NetMuon4]:639705
[Run]:22384 [Site]:1 [Bin]:1386 [FullTime]:3590.17 [SkipTime]:0 [Veto1]:635.429 [Veto2]:607.839 [Veto3]:408.376 [Veto4]:408.376 [SgUp1]:179212 [SgUp2]:177458 [SgUp3]:0 [SgUp4]:0 [SgLow1]:178855 [SgLow2]:177095 [SgLow3]:0 [SgLow4]:0 [NetMuon1]:594296 [NetMuon2]:600044 [NetMuon3]:639945 [NetMuon4]:639945
[Run]:22384 [Site]:1 [Bin]:1387 [FullTime]:3590.17 [SkipTime]:0 [Veto1]:597.872 [Veto2]:638.973 [Veto3]:407.24 [Veto4]:407.24 [SgUp1]:181934 [SgUp2]:175250 [SgUp3]:0 [SgUp4]:0 [SgLow1]:181512 [SgLow2]:174823 [SgLow3]:0 [SgLow4]:0 [NetMuon1]:600063 [NetMuon2]:591778 [NetMuon3]:638376 [NetMuon4]:638376
[Run]:22384 [Site]:1 [Bin]:1388 [FullTime]:3590.17 [SkipTime]:0 [Veto1]:628.019 [Veto2]:630.948 [Veto3]:407.843 [Veto4]:407.843 [SgUp1]:179479 [SgUp2]:176659 [SgUp3]:0 [SgUp4]:0 [SgLow1]:179122 [SgLow2]:176260 [SgLow3]:0 [SgLow4]:0 [NetMuon1]:595212 [NetMuon2]:594364 [NetMuon3]:639343 [NetMuon4]:639343
[Run]:22384 [Site]:1 [Bin]:1389 [FullTime]:3590.18 [SkipTime]:0 [Veto1]:612.79 [Veto2]:630.88 [Veto3]:407.629 [Veto4]:407.629 [SgUp1]:180470 [SgUp2]:176219 [SgUp3]:0 [SgUp4]:0 [SgLow1]:180041 [SgLow2]:175829 [SgLow3]:0 [SgLow4]:0 [NetMuon1]:597546 [NetMuon2]:593902 [NetMuon3]:638863 [NetMuon4]:638863
[Run]:22384 [Site]:1 [Bin]:1390 [FullTime]:3590.17 [SkipTime]:0 [Veto1]:606.878 [Veto2]:631.029 [Veto3]:408.406 [Veto4]:408.406 [SgUp1]:181181 [SgUp2]:175575 [SgUp3]:0 [SgUp4]:0 [SgLow1]:180804 [SgLow2]:175174 [SgLow3]:0 [SgLow4]:0 [NetMuon1]:600412 [NetMuon2]:595536 [NetMuon3]:640114 [NetMuon4]:640114
[Run]:22384 [Site]:1 [Bin]:1391 [FullTime]:3590.17 [SkipTime]:0 [Veto1]:632.011 [Veto2]:645.361 [Veto3]:407.589 [Veto4]:407.589 [SgUp1]:179346 [SgUp2]:174643 [SgUp3]:0 [SgUp4]:0 [SgLow1]:178945 [SgLow2]:174244 [SgLow3]:0 [SgLow4]:0 [NetMuon1]:594153 [NetMuon2]:591021 [NetMuon3]:639038 [NetMuon4]:639038
[Run]:22384 [Site]:1 [Bin]:1392 [FullTime]:3590.17 [SkipTime]:0 [Veto1]:597.127 [Veto2]:631.511 [Veto3]:407.765 [Veto4]:407.765 [SgUp1]:181514 [SgUp2]:176400 [SgUp3]:0 [SgUp4]:0 [SgLow1]:181154 [SgLow2]:176016 [SgLow3]:0 [SgLow4]:0 [NetMuon1]:601254 [NetMuon2]:594229 [NetMuon3]:639280 [NetMuon4]:639280
[Run]:22384 [Site]:1 [Bin]:1393 [FullTime]:3590.17 [SkipTime]:0 [Veto1]:628.574 [Veto2]:633.341 [Veto3]:406.78 [Veto4]:406.78 [SgUp1]:179915 [SgUp2]:176141 [SgUp3]:0 [SgUp4]:0 [SgLow1]:179525 [SgLow2]:175756 [SgLow3]:0 [SgLow4]:0 [NetMuon1]:593184 [NetMuon2]:592384 [NetMuon3]:637701 [NetMuon4]:637701
[Run]:22384 [Site]:1 [Bin]:1394 [FullTime]:3590.17 [SkipTime]:0 [Veto1]:606.95 [Veto2]:630.199 [Veto3]:407.127 [Veto4]:407.127 [SgUp1]:181372 [SgUp2]:177130 [SgUp3]:0 [SgUp4]:0 [SgLow1]:181010 [SgLow2]:176713 [SgLow3]:0 [SgLow4]:0 [NetMuon1]:598186 [NetMuon2]:593853 [NetMuon3]:638009 [NetMuon4]:638009
[Run]:22384 [Site]:1 [Bin]:1395 [FullTime]:3590.17 [SkipTime]:0 [Veto1]:627.316 [Veto2]:627.658 [Veto3]:407.788 [Veto4]:407.788 [SgUp1]:179596 [SgUp2]:175788 [SgUp3]:0 [SgUp4]:0 [SgLow1]:179203 [SgLow2]:175395 [SgLow3]:0 [SgLow4]:0 [NetMuon1]:595171 [NetMuon2]:595101 [NetMuon3]:639078 [NetMuon4]:639078
[Run]:22384 [Site]:1 [Bin]:1396 [FullTime]:3590.17 [SkipTime]:0 [Veto1]:629.138 [Veto2]:635.009 [Veto3]:407.507 [Veto4]:407.507 [SgUp1]:180010 [SgUp2]:175829 [SgUp3]:0 [SgUp4]:0 [SgLow1]:179611 [SgLow2]:175431 [SgLow3]:0 [SgLow4]:0 [NetMuon1]:594327 [NetMuon2]:593089 [NetMuon3]:638683 [NetMuon4]:638683
[Run]:22384 [Site]:1 [Bin]:1397 [FullTime]:3590.17 [SkipTime]:0 [Veto1]:622.067 [Veto2]:646.265 [Veto3]:407.456 [Veto4]:407.456 [SgUp1]:179851 [SgUp2]:176002 [SgUp3]:0 [SgUp4]:0 [SgLow1]:179435 [SgLow2]:175575 [SgLow3]:0 [SgLow4]:0 [NetMuon1]:595261 [NetMuon2]:590653 [NetMuon3]:638826 [NetMuon4]:638826
End process Run: 22384 ... 
[Run]:22384 [Site]:1 [Bin]:1398 [FullTime]:395.338 [SkipTime]:0 [Veto1]:68.0297 [Veto2]:70.6529 [Veto3]:44.8836 [Veto4]:44.8836
