StreamChain add 0x7cb17e0
Start to process run: 22529 ... 
[Run]:22529 [Site]:1 [Bin]:1568 [FullTime]:2754.06 [SkipTime]:0 [Veto1]:476.934 [Veto2]:474.828 [Veto3]:313.286 [Veto4]:313.286 [SgUp1]:139321 [SgUp2]:135645 [SgUp3]:0 [SgUp4]:0 [SgLow1]:138983 [SgLow2]:135324 [SgLow3]:0 [SgLow4]:0 [NetMuon1]:458265 [NetMuon2]:458434 [NetMuon3]:491074 [NetMuon4]:491074
[Run]:22529 [Site]:1 [Bin]:1569 [FullTime]:3590.17 [SkipTime]:0 [Veto1]:644.164 [Veto2]:620.568 [Veto3]:408.065 [Veto4]:408.065 [SgUp1]:178969 [SgUp2]:175995 [SgUp3]:0 [SgUp4]:0 [SgLow1]:178574 [SgLow2]:175568 [SgLow3]:0 [SgLow4]:0 [NetMuon1]:592064 [NetMuon2]:597072 [NetMuon3]:639866 [NetMuon4]:639866
[Run]:22529 [Site]:1 [Bin]:1570 [FullTime]:3590.17 [SkipTime]:0 [Veto1]:619.536 [Veto2]:630.858 [Veto3]:408.97 [Veto4]:408.97 [SgUp1]:180393 [SgUp2]:176014 [SgUp3]:0 [SgUp4]:0 [SgLow1]:179988 [SgLow2]:175611 [SgLow3]:0 [SgLow4]:0 [NetMuon1]:598704 [NetMuon2]:596279 [NetMuon3]:641031 [NetMuon4]:641031
[Run]:22529 [Site]:1 [Bin]:1571 [FullTime]:3590.17 [SkipTime]:0 [Veto1]:631.807 [Veto2]:631.696 [Veto3]:408.499 [Veto4]:408.499 [SgUp1]:180447 [SgUp2]:175369 [SgUp3]:0 [SgUp4]:0 [SgLow1]:180035 [SgLow2]:174962 [SgLow3]:0 [SgLow4]:0 [NetMuon1]:595545 [NetMuon2]:595523 [NetMuon3]:640347 [NetMuon4]:640347
[Run]:22529 [Site]:1 [Bin]:1572 [FullTime]:3590.17 [SkipTime]:0 [Veto1]:621.254 [Veto2]:640.749 [Veto3]:408.703 [Veto4]:408.703 [SgUp1]:181091 [SgUp2]:175621 [SgUp3]:0 [SgUp4]:0 [SgLow1]:180683 [SgLow2]:175237 [SgLow3]:0 [SgLow4]:0 [NetMuon1]:598111 [NetMuon2]:594241 [NetMuon3]:640854 [NetMuon4]:640854
[Run]:22529 [Site]:1 [Bin]:1573 [FullTime]:3590.17 [SkipTime]:0 [Veto1]:612.463 [Veto2]:625.425 [Veto3]:408.815 [Veto4]:408.815 [SgUp1]:180769 [SgUp2]:175684 [SgUp3]:0 [SgUp4]:0 [SgLow1]:180324 [SgLow2]:175280 [SgLow3]:0 [SgLow4]:0 [NetMuon1]:599689 [NetMuon2]:596790 [NetMuon3]:640681 [NetMuon4]:640681
[Run]:22529 [Site]:1 [Bin]:1574 [FullTime]:3590.17 [SkipTime]:0 [Veto1]:637.18 [Veto2]:626.94 [Veto3]:409.185 [Veto4]:409.185 [SgUp1]:179967 [SgUp2]:176507 [SgUp3]:0 [SgUp4]:0 [SgLow1]:179547 [SgLow2]:176165 [SgLow3]:0 [SgLow4]:0 [NetMuon1]:595459 [NetMuon2]:597036 [NetMuon3]:641170 [NetMuon4]:641170
[Run]:22529 [Site]:1 [Bin]:1575 [FullTime]:3590.17 [SkipTime]:0 [Veto1]:615.519 [Veto2]:639.159 [Veto3]:409.166 [Veto4]:409.166 [SgUp1]:181232 [SgUp2]:175078 [SgUp3]:0 [SgUp4]:0 [SgLow1]:180807 [SgLow2]:174699 [SgLow3]:0 [SgLow4]:0 [NetMuon1]:599686 [NetMuon2]:594842 [NetMuon3]:641177 [NetMuon4]:641177
[Run]:22529 [Site]:1 [Bin]:1576 [FullTime]:3590.17 [SkipTime]:0 [Veto1]:607.012 [Veto2]:642.004 [Veto3]:408.954 [Veto4]:408.954 [SgUp1]:181864 [SgUp2]:175439 [SgUp3]:0 [SgUp4]:0 [SgLow1]:181479 [SgLow2]:175075 [SgLow3]:0 [SgLow4]:0 [NetMuon1]:601273 [NetMuon2]:593996 [NetMuon3]:640801 [NetMuon4]:640801
[Run]:22529 [Site]:1 [Bin]:1577 [FullTime]:3590.17 [SkipTime]:0 [Veto1]:644.614 [Veto2]:620.898 [Veto3]:408.694 [Veto4]:408.694 [SgUp1]:179038 [SgUp2]:176386 [SgUp3]:0 [SgUp4]:0 [SgLow1]:178655 [SgLow2]:175982 [SgLow3]:0 [SgLow4]:0 [NetMuon1]:593253 [NetMuon2]:597801 [NetMuon3]:640606 [NetMuon4]:640606
[Run]:22529 [Site]:1 [Bin]:1578 [FullTime]:3590.17 [SkipTime]:0 [Veto1]:618.185 [Veto2]:634.894 [Veto3]:409.172 [Veto4]:409.172 [SgUp1]:180103 [SgUp2]:175683 [SgUp3]:0 [SgUp4]:0 [SgLow1]:179727 [SgLow2]:175303 [SgLow3]:0 [SgLow4]:0 [NetMuon1]:598798 [NetMuon2]:595056 [NetMuon3]:641090 [NetMuon4]:641090
[Run]:22529 [Site]:1 [Bin]:1579 [FullTime]:3590.17 [SkipTime]:0 [Veto1]:613.82 [Veto2]:635.232 [Veto3]:409.253 [Veto4]:409.253 [SgUp1]:181476 [SgUp2]:175116 [SgUp3]:0 [SgUp4]:0 [SgLow1]:181101 [SgLow2]:174692 [SgLow3]:0 [SgLow4]:0 [NetMuon1]:599901 [NetMuon2]:595741 [NetMuon3]:641232 [NetMuon4]:641232
[Run]:22529 [Site]:1 [Bin]:1580 [FullTime]:3590.17 [SkipTime]:0 [Veto1]:622.477 [Veto2]:645.119 [Veto3]:409.199 [Veto4]:409.199 [SgUp1]:179875 [SgUp2]:175009 [SgUp3]:0 [SgUp4]:0 [SgLow1]:179491 [SgLow2]:174614 [SgLow3]:0 [SgLow4]:0 [NetMuon1]:597975 [NetMuon2]:593757 [NetMuon3]:641314 [NetMuon4]:641314
[Run]:22529 [Site]:1 [Bin]:1581 [FullTime]:3590.17 [SkipTime]:0 [Veto1]:621.378 [Veto2]:626.171 [Veto3]:409.397 [Veto4]:409.397 [SgUp1]:179620 [SgUp2]:175800 [SgUp3]:0 [SgUp4]:0 [SgLow1]:179227 [SgLow2]:175393 [SgLow3]:0 [SgLow4]:0 [NetMuon1]:598636 [NetMuon2]:598106 [NetMuon3]:641883 [NetMuon4]:641883
[Run]:22529 [Site]:1 [Bin]:1582 [FullTime]:3590.17 [SkipTime]:0 [Veto1]:636.129 [Veto2]:632.858 [Veto3]:408.935 [Veto4]:408.935 [SgUp1]:179844 [SgUp2]:175251 [SgUp3]:0 [SgUp4]:0 [SgLow1]:179480 [SgLow2]:174817 [SgLow3]:0 [SgLow4]:0 [NetMuon1]:595277 [NetMuon2]:596017 [NetMuon3]:641196 [NetMuon4]:641196
[Run]:22529 [Site]:1 [Bin]:1583 [FullTime]:3590.17 [SkipTime]:0 [Veto1]:631.753 [Veto2]:632.706 [Veto3]:409.309 [Veto4]:409.309 [SgUp1]:180025 [SgUp2]:175450 [SgUp3]:0 [SgUp4]:0 [SgLow1]:179629 [SgLow2]:175016 [SgLow3]:0 [SgLow4]:0 [NetMuon1]:596866 [NetMuon2]:596684 [NetMuon3]:641583 [NetMuon4]:641583
[Run]:22529 [Site]:1 [Bin]:1584 [FullTime]:3590.17 [SkipTime]:0 [Veto1]:614.54 [Veto2]:626.979 [Veto3]:409.412 [Veto4]:409.412 [SgUp1]:180867 [SgUp2]:175764 [SgUp3]:0 [SgUp4]:0 [SgLow1]:180457 [SgLow2]:175382 [SgLow3]:0 [SgLow4]:0 [NetMuon1]:600071 [NetMuon2]:597809 [NetMuon3]:641918 [NetMuon4]:641918
[Run]:22529 [Site]:1 [Bin]:1585 [FullTime]:3590.17 [SkipTime]:0 [Veto1]:633.347 [Veto2]:632.664 [Veto3]:408.724 [Veto4]:408.724 [SgUp1]:179899 [SgUp2]:175267 [SgUp3]:0 [SgUp4]:0 [SgLow1]:179434 [SgLow2]:174849 [SgLow3]:0 [SgLow4]:0 [NetMuon1]:595572 [NetMuon2]:595821 [NetMuon3]:640756 [NetMuon4]:640756
[Run]:22529 [Site]:1 [Bin]:1586 [FullTime]:3590.17 [SkipTime]:0 [Veto1]:609.303 [Veto2]:640.219 [Veto3]:408.356 [Veto4]:408.356 [SgUp1]:180642 [SgUp2]:174895 [SgUp3]:0 [SgUp4]:0 [SgLow1]:180243 [SgLow2]:174491 [SgLow3]:0 [SgLow4]:0 [NetMuon1]:599537 [NetMuon2]:593553 [NetMuon3]:640076 [NetMuon4]:640076
[Run]:22529 [Site]:1 [Bin]:1587 [FullTime]:3590.17 [SkipTime]:0 [Veto1]:608.174 [Veto2]:629.28 [Veto3]:409.265 [Veto4]:409.265 [SgUp1]:181885 [SgUp2]:175233 [SgUp3]:0 [SgUp4]:0 [SgLow1]:181513 [SgLow2]:174856 [SgLow3]:0 [SgLow4]:0 [NetMuon1]:601332 [NetMuon2]:597034 [NetMuon3]:641371 [NetMuon4]:641371
[Run]:22529 [Site]:1 [Bin]:1588 [FullTime]:3590.17 [SkipTime]:0 [Veto1]:614.633 [Veto2]:637.986 [Veto3]:408.639 [Veto4]:408.639 [SgUp1]:180551 [SgUp2]:175145 [SgUp3]:0 [SgUp4]:0 [SgLow1]:180191 [SgLow2]:174746 [SgLow3]:0 [SgLow4]:0 [NetMuon1]:598838 [NetMuon2]:593896 [NetMuon3]:640330 [NetMuon4]:640330
[Run]:22529 [Site]:1 [Bin]:1589 [FullTime]:3590.17 [SkipTime]:0 [Veto1]:631.025 [Veto2]:636.198 [Veto3]:408.069 [Veto4]:408.069 [SgUp1]:179781 [SgUp2]:175019 [SgUp3]:0 [SgUp4]:0 [SgLow1]:179389 [SgLow2]:174661 [SgLow3]:0 [SgLow4]:0 [NetMuon1]:595173 [NetMuon2]:594188 [NetMuon3]:639838 [NetMuon4]:639838
[Run]:22529 [Site]:1 [Bin]:1590 [FullTime]:3590.17 [SkipTime]:0 [Veto1]:601.511 [Veto2]:640.175 [Veto3]:409.016 [Veto4]:409.016 [SgUp1]:181764 [SgUp2]:174968 [SgUp3]:0 [SgUp4]:0 [SgLow1]:181370 [SgLow2]:174522 [SgLow3]:0 [SgLow4]:0 [NetMuon1]:602423 [NetMuon2]:594818 [NetMuon3]:641156 [NetMuon4]:641156
[Run]:22529 [Site]:1 [Bin]:1591 [FullTime]:3590.17 [SkipTime]:0 [Veto1]:632.626 [Veto2]:649.225 [Veto3]:408.937 [Veto4]:408.937 [SgUp1]:179664 [SgUp2]:173711 [SgUp3]:0 [SgUp4]:0 [SgLow1]:179232 [SgLow2]:173349 [SgLow3]:0 [SgLow4]:0 [NetMuon1]:596041 [NetMuon2]:592564 [NetMuon3]:640933 [NetMuon4]:640933
[Run]:22529 [Site]:1 [Bin]:1592 [FullTime]:3590.17 [SkipTime]:0 [Veto1]:611.601 [Veto2]:635.069 [Veto3]:409.049 [Veto4]:409.049 [SgUp1]:180118 [SgUp2]:175041 [SgUp3]:0 [SgUp4]:0 [SgLow1]:179710 [SgLow2]:174661 [SgLow3]:0 [SgLow4]:0 [NetMuon1]:600192 [NetMuon2]:595660 [NetMuon3]:640956 [NetMuon4]:640956
[Run]:22529 [Site]:1 [Bin]:1593 [FullTime]:3590.17 [SkipTime]:0 [Veto1]:603.298 [Veto2]:639.146 [Veto3]:408.758 [Veto4]:408.758 [SgUp1]:180915 [SgUp2]:175384 [SgUp3]:0 [SgUp4]:0 [SgLow1]:180513 [SgLow2]:174971 [SgLow3]:0 [SgLow4]:0 [NetMuon1]:601299 [NetMuon2]:593953 [NetMuon3]:640535 [NetMuon4]:640535
[Run]:22529 [Site]:1 [Bin]:1594 [FullTime]:3590.17 [SkipTime]:0 [Veto1]:624.977 [Veto2]:624.036 [Veto3]:409.095 [Veto4]:409.095 [SgUp1]:180761 [SgUp2]:175805 [SgUp3]:0 [SgUp4]:0 [SgLow1]:180377 [SgLow2]:175409 [SgLow3]:0 [SgLow4]:0 [NetMuon1]:598151 [NetMuon2]:597700 [NetMuon3]:641150 [NetMuon4]:641150
[Run]:22529 [Site]:1 [Bin]:1595 [FullTime]:3590.17 [SkipTime]:0 [Veto1]:626.269 [Veto2]:623.418 [Veto3]:408.377 [Veto4]:408.377 [SgUp1]:181101 [SgUp2]:175810 [SgUp3]:0 [SgUp4]:0 [SgLow1]:180709 [SgLow2]:175461 [SgLow3]:0 [SgLow4]:0 [NetMuon1]:596242 [NetMuon2]:596542 [NetMuon3]:639985 [NetMuon4]:639985
[Run]:22529 [Site]:1 [Bin]:1596 [FullTime]:3590.17 [SkipTime]:0 [Veto1]:614.697 [Veto2]:628.883 [Veto3]:408.904 [Veto4]:408.904 [SgUp1]:181306 [SgUp2]:175597 [SgUp3]:0 [SgUp4]:0 [SgLow1]:180883 [SgLow2]:175103 [SgLow3]:0 [SgLow4]:0 [NetMuon1]:599151 [NetMuon2]:596570 [NetMuon3]:640869 [NetMuon4]:640869
[Run]:22529 [Site]:1 [Bin]:1597 [FullTime]:3590.17 [SkipTime]:0 [Veto1]:636.955 [Veto2]:637.386 [Veto3]:408.95 [Veto4]:408.95 [SgUp1]:179948 [SgUp2]:174781 [SgUp3]:0 [SgUp4]:0 [SgLow1]:179560 [SgLow2]:174358 [SgLow3]:0 [SgLow4]:0 [NetMuon1]:595068 [NetMuon2]:594782 [NetMuon3]:641000 [NetMuon4]:641000
[Run]:22529 [Site]:1 [Bin]:1598 [FullTime]:3590.17 [SkipTime]:0 [Veto1]:603.189 [Veto2]:634.425 [Veto3]:409.115 [Veto4]:409.115 [SgUp1]:181045 [SgUp2]:175187 [SgUp3]:0 [SgUp4]:0 [SgLow1]:180649 [SgLow2]:174793 [SgLow3]:0 [SgLow4]:0 [NetMuon1]:602255 [NetMuon2]:596019 [NetMuon3]:641220 [NetMuon4]:641220
[Run]:22529 [Site]:1 [Bin]:1599 [FullTime]:3590.17 [SkipTime]:0 [Veto1]:660.85 [Veto2]:641.943 [Veto3]:409.467 [Veto4]:409.467 [SgUp1]:177074 [SgUp2]:174966 [SgUp3]:0 [SgUp4]:0 [SgLow1]:176699 [SgLow2]:174552 [SgLow3]:0 [SgLow4]:0 [NetMuon1]:590837 [NetMuon2]:594874 [NetMuon3]:641599 [NetMuon4]:641599
[Run]:22529 [Site]:1 [Bin]:1600 [FullTime]:3590.17 [SkipTime]:0 [Veto1]:627.986 [Veto2]:653.636 [Veto3]:408.856 [Veto4]:408.856 [SgUp1]:179913 [SgUp2]:173814 [SgUp3]:0 [SgUp4]:0 [SgLow1]:179497 [SgLow2]:173367 [SgLow3]:0 [SgLow4]:0 [NetMuon1]:597048 [NetMuon2]:591804 [NetMuon3]:640848 [NetMuon4]:640848
[Run]:22529 [Site]:1 [Bin]:1601 [FullTime]:3590.17 [SkipTime]:0 [Veto1]:618.268 [Veto2]:635.369 [Veto3]:408.863 [Veto4]:408.863 [SgUp1]:181452 [SgUp2]:175457 [SgUp3]:0 [SgUp4]:0 [SgLow1]:181092 [SgLow2]:175088 [SgLow3]:0 [SgLow4]:0 [NetMuon1]:598588 [NetMuon2]:595381 [NetMuon3]:641098 [NetMuon4]:641098
[Run]:22529 [Site]:1 [Bin]:1602 [FullTime]:3590.17 [SkipTime]:0 [Veto1]:629.643 [Veto2]:616.754 [Veto3]:409.509 [Veto4]:409.509 [SgUp1]:180068 [SgUp2]:176550 [SgUp3]:0 [SgUp4]:0 [SgLow1]:179704 [SgLow2]:176159 [SgLow3]:0 [SgLow4]:0 [NetMuon1]:597252 [NetMuon2]:599985 [NetMuon3]:641730 [NetMuon4]:641730
[Run]:22529 [Site]:1 [Bin]:1603 [FullTime]:3590.17 [SkipTime]:0 [Veto1]:648.099 [Veto2]:633.185 [Veto3]:408.721 [Veto4]:408.721 [SgUp1]:178634 [SgUp2]:175924 [SgUp3]:0 [SgUp4]:0 [SgLow1]:178176 [SgLow2]:175513 [SgLow3]:0 [SgLow4]:0 [NetMuon1]:592513 [NetMuon2]:595487 [NetMuon3]:640589 [NetMuon4]:640589
[Run]:22529 [Site]:1 [Bin]:1604 [FullTime]:3590.17 [SkipTime]:0 [Veto1]:629.106 [Veto2]:634.525 [Veto3]:408.782 [Veto4]:408.782 [SgUp1]:180225 [SgUp2]:174893 [SgUp3]:0 [SgUp4]:0 [SgLow1]:179844 [SgLow2]:174454 [SgLow3]:0 [SgLow4]:0 [NetMuon1]:596528 [NetMuon2]:594736 [NetMuon3]:640714 [NetMuon4]:640714
[Run]:22529 [Site]:1 [Bin]:1605 [FullTime]:3590.17 [SkipTime]:0 [Veto1]:623.321 [Veto2]:652.914 [Veto3]:408.022 [Veto4]:408.022 [SgUp1]:180764 [SgUp2]:174822 [SgUp3]:0 [SgUp4]:0 [SgLow1]:180372 [SgLow2]:174419 [SgLow3]:0 [SgLow4]:0 [NetMuon1]:596513 [NetMuon2]:590417 [NetMuon3]:639539 [NetMuon4]:639539
[Run]:22529 [Site]:1 [Bin]:1606 [FullTime]:3590.17 [SkipTime]:0 [Veto1]:624.045 [Veto2]:638.081 [Veto3]:409.392 [Veto4]:409.392 [SgUp1]:179924 [SgUp2]:175817 [SgUp3]:0 [SgUp4]:0 [SgLow1]:179526 [SgLow2]:175389 [SgLow3]:0 [SgLow4]:0 [NetMuon1]:598299 [NetMuon2]:595321 [NetMuon3]:641417 [NetMuon4]:641417
[Run]:22529 [Site]:1 [Bin]:1607 [FullTime]:3590.17 [SkipTime]:0 [Veto1]:596.786 [Veto2]:641.759 [Veto3]:409.138 [Veto4]:409.138 [SgUp1]:182853 [SgUp2]:175444 [SgUp3]:0 [SgUp4]:0 [SgLow1]:182457 [SgLow2]:175044 [SgLow3]:0 [SgLow4]:0 [NetMuon1]:603880 [NetMuon2]:594325 [NetMuon3]:641222 [NetMuon4]:641222
[Run]:22529 [Site]:1 [Bin]:1608 [FullTime]:3590.17 [SkipTime]:0 [Veto1]:621.383 [Veto2]:614.068 [Veto3]:407.907 [Veto4]:407.907 [SgUp1]:180416 [SgUp2]:176288 [SgUp3]:0 [SgUp4]:0 [SgLow1]:180001 [SgLow2]:175897 [SgLow3]:0 [SgLow4]:0 [NetMuon1]:596941 [NetMuon2]:597923 [NetMuon3]:639590 [NetMuon4]:639590
[Run]:22529 [Site]:1 [Bin]:1609 [FullTime]:3590.17 [SkipTime]:0 [Veto1]:641.539 [Veto2]:628.342 [Veto3]:408.574 [Veto4]:408.574 [SgUp1]:179051 [SgUp2]:176041 [SgUp3]:0 [SgUp4]:0 [SgLow1]:178652 [SgLow2]:175664 [SgLow3]:0 [SgLow4]:0 [NetMuon1]:593379 [NetMuon2]:596147 [NetMuon3]:640305 [NetMuon4]:640305
[Run]:22529 [Site]:1 [Bin]:1610 [FullTime]:3590.17 [SkipTime]:0 [Veto1]:632.562 [Veto2]:616.885 [Veto3]:408.157 [Veto4]:408.157 [SgUp1]:179440 [SgUp2]:176721 [SgUp3]:0 [SgUp4]:0 [SgLow1]:179023 [SgLow2]:176335 [SgLow3]:0 [SgLow4]:0 [NetMuon1]:594981 [NetMuon2]:598154 [NetMuon3]:639871 [NetMuon4]:639871
[Run]:22529 [Site]:1 [Bin]:1611 [FullTime]:3590.17 [SkipTime]:0 [Veto1]:610.454 [Veto2]:621.802 [Veto3]:408.338 [Veto4]:408.338 [SgUp1]:180789 [SgUp2]:175827 [SgUp3]:0 [SgUp4]:0 [SgLow1]:180401 [SgLow2]:175455 [SgLow3]:0 [SgLow4]:0 [NetMuon1]:599100 [NetMuon2]:597065 [NetMuon3]:640078 [NetMuon4]:640078
[Run]:22529 [Site]:1 [Bin]:1612 [FullTime]:3590.17 [SkipTime]:0 [Veto1]:622.538 [Veto2]:634.766 [Veto3]:409.154 [Veto4]:409.154 [SgUp1]:180603 [SgUp2]:174755 [SgUp3]:0 [SgUp4]:0 [SgLow1]:180158 [SgLow2]:174346 [SgLow3]:0 [SgLow4]:0 [NetMuon1]:597894 [NetMuon2]:595418 [NetMuon3]:641066 [NetMuon4]:641066
[Run]:22529 [Site]:1 [Bin]:1613 [FullTime]:3590.17 [SkipTime]:0 [Veto1]:625.99 [Veto2]:616.333 [Veto3]:408.316 [Veto4]:408.316 [SgUp1]:179426 [SgUp2]:176617 [SgUp3]:0 [SgUp4]:0 [SgLow1]:179019 [SgLow2]:176209 [SgLow3]:0 [SgLow4]:0 [NetMuon1]:596069 [NetMuon2]:597868 [NetMuon3]:639865 [NetMuon4]:639865
[Run]:22529 [Site]:1 [Bin]:1614 [FullTime]:3590.17 [SkipTime]:0 [Veto1]:630.859 [Veto2]:636.654 [Veto3]:408.833 [Veto4]:408.833 [SgUp1]:179357 [SgUp2]:175060 [SgUp3]:0 [SgUp4]:0 [SgLow1]:178936 [SgLow2]:174692 [SgLow3]:0 [SgLow4]:0 [NetMuon1]:595882 [NetMuon2]:594747 [NetMuon3]:640781 [NetMuon4]:640781
End process Run: 22529 ... 
[Run]:22529 [Site]:1 [Bin]:1615 [FullTime]:1235.96 [SkipTime]:0 [Veto1]:231.243 [Veto2]:221.996 [Veto3]:140.953 [Veto4]:140.953
