StreamChain add 0x86267e0
Start to process run: 22002 ... 
[Run]:22002 [Site]:1 [Bin]:918 [FullTime]:2497.25 [SkipTime]:0 [Veto1]:440.886 [Veto2]:446.947 [Veto3]:282.233 [Veto4]:282.233 [SgUp1]:125607 [SgUp2]:123148 [SgUp3]:0 [SgUp4]:0 [SgLow1]:125334 [SgLow2]:122868 [SgLow3]:0 [SgLow4]:0 [NetMuon1]:410862 [NetMuon2]:409965 [NetMuon3]:442557 [NetMuon4]:442557
[Run]:22002 [Site]:1 [Bin]:919 [FullTime]:3590.17 [SkipTime]:0 [Veto1]:622.33 [Veto2]:637.082 [Veto3]:406.325 [Veto4]:406.325 [SgUp1]:180602 [SgUp2]:177261 [SgUp3]:0 [SgUp4]:0 [SgLow1]:180201 [SgLow2]:176858 [SgLow3]:0 [SgLow4]:0 [NetMuon1]:593869 [NetMuon2]:590987 [NetMuon3]:637253 [NetMuon4]:637253
[Run]:22002 [Site]:1 [Bin]:920 [FullTime]:3590.17 [SkipTime]:0 [Veto1]:602.886 [Veto2]:630.506 [Veto3]:407.12 [Veto4]:407.12 [SgUp1]:181828 [SgUp2]:177041 [SgUp3]:0 [SgUp4]:0 [SgLow1]:181391 [SgLow2]:176659 [SgLow3]:0 [SgLow4]:0 [NetMuon1]:599174 [NetMuon2]:593744 [NetMuon3]:638417 [NetMuon4]:638417
[Run]:22002 [Site]:1 [Bin]:921 [FullTime]:3590.17 [SkipTime]:0 [Veto1]:626.028 [Veto2]:624.529 [Veto3]:406.584 [Veto4]:406.584 [SgUp1]:180450 [SgUp2]:177177 [SgUp3]:0 [SgUp4]:0 [SgLow1]:180081 [SgLow2]:176809 [SgLow3]:0 [SgLow4]:0 [NetMuon1]:593492 [NetMuon2]:594049 [NetMuon3]:637634 [NetMuon4]:637634
[Run]:22002 [Site]:1 [Bin]:922 [FullTime]:3590.17 [SkipTime]:0 [Veto1]:626.735 [Veto2]:623.551 [Veto3]:407.226 [Veto4]:407.226 [SgUp1]:180452 [SgUp2]:177571 [SgUp3]:0 [SgUp4]:0 [SgLow1]:180073 [SgLow2]:177150 [SgLow3]:0 [SgLow4]:0 [NetMuon1]:594130 [NetMuon2]:594824 [NetMuon3]:638399 [NetMuon4]:638399
[Run]:22002 [Site]:1 [Bin]:923 [FullTime]:3590.17 [SkipTime]:0 [Veto1]:625.301 [Veto2]:607.915 [Veto3]:406.742 [Veto4]:406.742 [SgUp1]:179895 [SgUp2]:178007 [SgUp3]:0 [SgUp4]:0 [SgLow1]:179485 [SgLow2]:177616 [SgLow3]:0 [SgLow4]:0 [NetMuon1]:594337 [NetMuon2]:597781 [NetMuon3]:638020 [NetMuon4]:638020
[Run]:22002 [Site]:1 [Bin]:924 [FullTime]:3590.17 [SkipTime]:0 [Veto1]:613.92 [Veto2]:629.736 [Veto3]:405.748 [Veto4]:405.748 [SgUp1]:180652 [SgUp2]:176738 [SgUp3]:0 [SgUp4]:0 [SgLow1]:180230 [SgLow2]:176382 [SgLow3]:0 [SgLow4]:0 [NetMuon1]:594909 [NetMuon2]:591809 [NetMuon3]:636350 [NetMuon4]:636350
[Run]:22002 [Site]:1 [Bin]:925 [FullTime]:3590.17 [SkipTime]:0 [Veto1]:600.937 [Veto2]:628.867 [Veto3]:406.631 [Veto4]:406.631 [SgUp1]:181682 [SgUp2]:177965 [SgUp3]:0 [SgUp4]:0 [SgLow1]:181259 [SgLow2]:177563 [SgLow3]:0 [SgLow4]:0 [NetMuon1]:598761 [NetMuon2]:593257 [NetMuon3]:637921 [NetMuon4]:637921
[Run]:22002 [Site]:1 [Bin]:926 [FullTime]:3590.17 [SkipTime]:0 [Veto1]:615.152 [Veto2]:635.547 [Veto3]:406.807 [Veto4]:406.807 [SgUp1]:180137 [SgUp2]:177554 [SgUp3]:0 [SgUp4]:0 [SgLow1]:179745 [SgLow2]:177166 [SgLow3]:0 [SgLow4]:0 [NetMuon1]:596100 [NetMuon2]:592366 [NetMuon3]:638040 [NetMuon4]:638040
[Run]:22002 [Site]:1 [Bin]:927 [FullTime]:3590.17 [SkipTime]:0 [Veto1]:622.555 [Veto2]:619.067 [Veto3]:406.42 [Veto4]:406.42 [SgUp1]:180330 [SgUp2]:177921 [SgUp3]:0 [SgUp4]:0 [SgLow1]:179938 [SgLow2]:177494 [SgLow3]:0 [SgLow4]:0 [NetMuon1]:594004 [NetMuon2]:595084 [NetMuon3]:637394 [NetMuon4]:637394
[Run]:22002 [Site]:1 [Bin]:928 [FullTime]:3590.17 [SkipTime]:0 [Veto1]:633.306 [Veto2]:636.12 [Veto3]:406.257 [Veto4]:406.257 [SgUp1]:179794 [SgUp2]:176896 [SgUp3]:0 [SgUp4]:0 [SgLow1]:179429 [SgLow2]:176524 [SgLow3]:0 [SgLow4]:0 [NetMuon1]:591032 [NetMuon2]:591392 [NetMuon3]:637008 [NetMuon4]:637008
[Run]:22002 [Site]:1 [Bin]:929 [FullTime]:3590.17 [SkipTime]:0 [Veto1]:632.635 [Veto2]:626.052 [Veto3]:406.822 [Veto4]:406.822 [SgUp1]:179794 [SgUp2]:177396 [SgUp3]:0 [SgUp4]:0 [SgLow1]:179425 [SgLow2]:176998 [SgLow3]:0 [SgLow4]:0 [NetMuon1]:592516 [NetMuon2]:594165 [NetMuon3]:637970 [NetMuon4]:637970
[Run]:22002 [Site]:1 [Bin]:930 [FullTime]:3590.17 [SkipTime]:0 [Veto1]:629.846 [Veto2]:617.957 [Veto3]:406.853 [Veto4]:406.853 [SgUp1]:178933 [SgUp2]:177142 [SgUp3]:0 [SgUp4]:0 [SgLow1]:178590 [SgLow2]:176752 [SgLow3]:0 [SgLow4]:0 [NetMuon1]:593100 [NetMuon2]:595466 [NetMuon3]:637700 [NetMuon4]:637700
[Run]:22002 [Site]:1 [Bin]:931 [FullTime]:3590.17 [SkipTime]:0 [Veto1]:604.79 [Veto2]:640.36 [Veto3]:406.235 [Veto4]:406.235 [SgUp1]:181376 [SgUp2]:176146 [SgUp3]:0 [SgUp4]:0 [SgLow1]:180953 [SgLow2]:175765 [SgLow3]:0 [SgLow4]:0 [NetMuon1]:597093 [NetMuon2]:590468 [NetMuon3]:636880 [NetMuon4]:636880
[Run]:22002 [Site]:1 [Bin]:932 [FullTime]:3590.17 [SkipTime]:0 [Veto1]:620.896 [Veto2]:636.574 [Veto3]:406.173 [Veto4]:406.173 [SgUp1]:179838 [SgUp2]:176696 [SgUp3]:0 [SgUp4]:0 [SgLow1]:179398 [SgLow2]:176330 [SgLow3]:0 [SgLow4]:0 [NetMuon1]:594115 [NetMuon2]:590980 [NetMuon3]:637044 [NetMuon4]:637044
[Run]:22002 [Site]:1 [Bin]:933 [FullTime]:3590.17 [SkipTime]:0 [Veto1]:615.517 [Veto2]:636.618 [Veto3]:405.512 [Veto4]:405.512 [SgUp1]:180598 [SgUp2]:176090 [SgUp3]:0 [SgUp4]:0 [SgLow1]:180217 [SgLow2]:175691 [SgLow3]:0 [SgLow4]:0 [NetMuon1]:593579 [NetMuon2]:589605 [NetMuon3]:635767 [NetMuon4]:635767
[Run]:22002 [Site]:1 [Bin]:934 [FullTime]:3590.17 [SkipTime]:0 [Veto1]:619.828 [Veto2]:629.167 [Veto3]:406.524 [Veto4]:406.524 [SgUp1]:181369 [SgUp2]:176715 [SgUp3]:0 [SgUp4]:0 [SgLow1]:180970 [SgLow2]:176256 [SgLow3]:0 [SgLow4]:0 [NetMuon1]:594458 [NetMuon2]:592648 [NetMuon3]:637330 [NetMuon4]:637330
[Run]:22002 [Site]:1 [Bin]:935 [FullTime]:3590.17 [SkipTime]:0 [Veto1]:625.737 [Veto2]:642.738 [Veto3]:406.37 [Veto4]:406.37 [SgUp1]:180552 [SgUp2]:175732 [SgUp3]:0 [SgUp4]:0 [SgLow1]:180231 [SgLow2]:175386 [SgLow3]:0 [SgLow4]:0 [NetMuon1]:593132 [NetMuon2]:590265 [NetMuon3]:637275 [NetMuon4]:637275
[Run]:22002 [Site]:1 [Bin]:936 [FullTime]:3590.17 [SkipTime]:0 [Veto1]:622.995 [Veto2]:636.285 [Veto3]:405.451 [Veto4]:405.451 [SgUp1]:180896 [SgUp2]:175970 [SgUp3]:0 [SgUp4]:0 [SgLow1]:180475 [SgLow2]:175622 [SgLow3]:0 [SgLow4]:0 [NetMuon1]:592456 [NetMuon2]:589828 [NetMuon3]:635962 [NetMuon4]:635962
[Run]:22002 [Site]:1 [Bin]:937 [FullTime]:3590.17 [SkipTime]:0 [Veto1]:620.109 [Veto2]:608.527 [Veto3]:405.953 [Veto4]:405.953 [SgUp1]:180494 [SgUp2]:177571 [SgUp3]:0 [SgUp4]:0 [SgLow1]:180123 [SgLow2]:177175 [SgLow3]:0 [SgLow4]:0 [NetMuon1]:593873 [NetMuon2]:596221 [NetMuon3]:636561 [NetMuon4]:636561
[Run]:22002 [Site]:1 [Bin]:938 [FullTime]:3590.17 [SkipTime]:0 [Veto1]:611.835 [Veto2]:631.568 [Veto3]:406.584 [Veto4]:406.584 [SgUp1]:181670 [SgUp2]:177427 [SgUp3]:0 [SgUp4]:0 [SgLow1]:181299 [SgLow2]:177025 [SgLow3]:0 [SgLow4]:0 [NetMuon1]:596888 [NetMuon2]:592496 [NetMuon3]:637762 [NetMuon4]:637762
[Run]:22002 [Site]:1 [Bin]:939 [FullTime]:3590.17 [SkipTime]:0 [Veto1]:609.011 [Veto2]:619.053 [Veto3]:406.009 [Veto4]:406.009 [SgUp1]:181366 [SgUp2]:176729 [SgUp3]:0 [SgUp4]:0 [SgLow1]:180955 [SgLow2]:176355 [SgLow3]:0 [SgLow4]:0 [NetMuon1]:596197 [NetMuon2]:594588 [NetMuon3]:636957 [NetMuon4]:636957
[Run]:22002 [Site]:1 [Bin]:940 [FullTime]:3590.17 [SkipTime]:0 [Veto1]:640.717 [Veto2]:624.808 [Veto3]:405.355 [Veto4]:405.355 [SgUp1]:179569 [SgUp2]:176965 [SgUp3]:0 [SgUp4]:0 [SgLow1]:179154 [SgLow2]:176549 [SgLow3]:0 [SgLow4]:0 [NetMuon1]:588747 [NetMuon2]:591971 [NetMuon3]:635709 [NetMuon4]:635709
End process Run: 22002 ... 
[Run]:22002 [Site]:1 [Bin]:941 [FullTime]:1699.62 [SkipTime]:0 [Veto1]:302.657 [Veto2]:307.28 [Veto3]:192.24 [Veto4]:192.24
