StreamChain add 0x3da87e0
Start to process run: 22508 ... 
[Run]:22508 [Site]:1 [Bin]:1501 [FullTime]:400.776 [SkipTime]:0 [Veto1]:75.884 [Veto2]:64.1037 [Veto3]:45.3829 [Veto4]:45.3829 [SgUp1]:19871 [SgUp2]:19932 [SgUp3]:0 [SgUp4]:0 [SgLow1]:19817 [SgLow2]:19889 [SgLow3]:0 [SgLow4]:0 [NetMuon1]:65041 [NetMuon2]:67380 [NetMuon3]:71135 [NetMuon4]:71135
[Run]:22508 [Site]:1 [Bin]:1502 [FullTime]:3590.17 [SkipTime]:0 [Veto1]:623.466 [Veto2]:624.679 [Veto3]:408.196 [Veto4]:408.196 [SgUp1]:180756 [SgUp2]:176335 [SgUp3]:0 [SgUp4]:0 [SgLow1]:180363 [SgLow2]:176002 [SgLow3]:0 [SgLow4]:0 [NetMuon1]:596758 [NetMuon2]:596732 [NetMuon3]:639883 [NetMuon4]:639883
[Run]:22508 [Site]:1 [Bin]:1503 [FullTime]:3590.17 [SkipTime]:0 [Veto1]:616.11 [Veto2]:656.406 [Veto3]:408.287 [Veto4]:408.287 [SgUp1]:179714 [SgUp2]:174364 [SgUp3]:0 [SgUp4]:0 [SgLow1]:179340 [SgLow2]:173971 [SgLow3]:0 [SgLow4]:0 [NetMuon1]:598137 [NetMuon2]:590742 [NetMuon3]:640055 [NetMuon4]:640055
[Run]:22508 [Site]:1 [Bin]:1504 [FullTime]:3590.17 [SkipTime]:0 [Veto1]:622.056 [Veto2]:653.209 [Veto3]:408.613 [Veto4]:408.613 [SgUp1]:181280 [SgUp2]:174225 [SgUp3]:0 [SgUp4]:0 [SgLow1]:180876 [SgLow2]:173824 [SgLow3]:0 [SgLow4]:0 [NetMuon1]:597486 [NetMuon2]:591328 [NetMuon3]:640373 [NetMuon4]:640373
[Run]:22508 [Site]:1 [Bin]:1505 [FullTime]:3590.17 [SkipTime]:0 [Veto1]:635.663 [Veto2]:637.958 [Veto3]:408.504 [Veto4]:408.504 [SgUp1]:179540 [SgUp2]:175858 [SgUp3]:0 [SgUp4]:0 [SgLow1]:179156 [SgLow2]:175466 [SgLow3]:0 [SgLow4]:0 [NetMuon1]:594591 [NetMuon2]:594219 [NetMuon3]:640347 [NetMuon4]:640347
[Run]:22508 [Site]:1 [Bin]:1506 [FullTime]:3590.17 [SkipTime]:0 [Veto1]:619.955 [Veto2]:625.982 [Veto3]:408.661 [Veto4]:408.661 [SgUp1]:180895 [SgUp2]:176761 [SgUp3]:0 [SgUp4]:0 [SgLow1]:180501 [SgLow2]:176337 [SgLow3]:0 [SgLow4]:0 [NetMuon1]:597778 [NetMuon2]:596760 [NetMuon3]:640589 [NetMuon4]:640589
[Run]:22508 [Site]:1 [Bin]:1507 [FullTime]:3590.17 [SkipTime]:0 [Veto1]:618.83 [Veto2]:631.925 [Veto3]:408.039 [Veto4]:408.039 [SgUp1]:180316 [SgUp2]:175723 [SgUp3]:0 [SgUp4]:0 [SgLow1]:179937 [SgLow2]:175378 [SgLow3]:0 [SgLow4]:0 [NetMuon1]:597492 [NetMuon2]:594694 [NetMuon3]:639641 [NetMuon4]:639641
[Run]:22508 [Site]:1 [Bin]:1508 [FullTime]:3590.17 [SkipTime]:0 [Veto1]:610.078 [Veto2]:628.799 [Veto3]:408.538 [Veto4]:408.538 [SgUp1]:180885 [SgUp2]:176004 [SgUp3]:0 [SgUp4]:0 [SgLow1]:180474 [SgLow2]:175597 [SgLow3]:0 [SgLow4]:0 [NetMuon1]:599648 [NetMuon2]:595876 [NetMuon3]:640162 [NetMuon4]:640162
[Run]:22508 [Site]:1 [Bin]:1509 [FullTime]:3590.17 [SkipTime]:0 [Veto1]:621.92 [Veto2]:614.613 [Veto3]:408.194 [Veto4]:408.194 [SgUp1]:180727 [SgUp2]:177028 [SgUp3]:0 [SgUp4]:0 [SgLow1]:180309 [SgLow2]:176615 [SgLow3]:0 [SgLow4]:0 [NetMuon1]:596750 [NetMuon2]:598272 [NetMuon3]:639698 [NetMuon4]:639698
[Run]:22508 [Site]:1 [Bin]:1510 [FullTime]:3590.17 [SkipTime]:0 [Veto1]:616.038 [Veto2]:643.662 [Veto3]:407.73 [Veto4]:407.73 [SgUp1]:180350 [SgUp2]:175077 [SgUp3]:0 [SgUp4]:0 [SgLow1]:179925 [SgLow2]:174649 [SgLow3]:0 [SgLow4]:0 [NetMuon1]:597443 [NetMuon2]:591821 [NetMuon3]:639418 [NetMuon4]:639418
[Run]:22508 [Site]:1 [Bin]:1511 [FullTime]:3590.17 [SkipTime]:0 [Veto1]:605.868 [Veto2]:667.842 [Veto3]:407.436 [Veto4]:407.436 [SgUp1]:181361 [SgUp2]:173537 [SgUp3]:0 [SgUp4]:0 [SgLow1]:180954 [SgLow2]:173109 [SgLow3]:0 [SgLow4]:0 [NetMuon1]:599127 [NetMuon2]:586868 [NetMuon3]:638895 [NetMuon4]:638895
[Run]:22508 [Site]:1 [Bin]:1512 [FullTime]:3590.17 [SkipTime]:0 [Veto1]:637.833 [Veto2]:638.594 [Veto3]:407.282 [Veto4]:407.282 [SgUp1]:179473 [SgUp2]:175135 [SgUp3]:0 [SgUp4]:0 [SgLow1]:179114 [SgLow2]:174751 [SgLow3]:0 [SgLow4]:0 [NetMuon1]:592285 [NetMuon2]:592586 [NetMuon3]:638629 [NetMuon4]:638629
[Run]:22508 [Site]:1 [Bin]:1513 [FullTime]:3590.17 [SkipTime]:0 [Veto1]:628.725 [Veto2]:642.653 [Veto3]:407.171 [Veto4]:407.171 [SgUp1]:179804 [SgUp2]:174525 [SgUp3]:0 [SgUp4]:0 [SgLow1]:179403 [SgLow2]:174136 [SgLow3]:0 [SgLow4]:0 [NetMuon1]:593769 [NetMuon2]:591218 [NetMuon3]:638402 [NetMuon4]:638402
[Run]:22508 [Site]:1 [Bin]:1514 [FullTime]:3590.17 [SkipTime]:0 [Veto1]:633.762 [Veto2]:619.76 [Veto3]:407.525 [Veto4]:407.525 [SgUp1]:179595 [SgUp2]:176045 [SgUp3]:0 [SgUp4]:0 [SgLow1]:179166 [SgLow2]:175664 [SgLow3]:0 [SgLow4]:0 [NetMuon1]:593520 [NetMuon2]:596063 [NetMuon3]:638864 [NetMuon4]:638864
[Run]:22508 [Site]:1 [Bin]:1515 [FullTime]:3590.17 [SkipTime]:0 [Veto1]:609.018 [Veto2]:645.458 [Veto3]:407.97 [Veto4]:407.97 [SgUp1]:180983 [SgUp2]:174624 [SgUp3]:0 [SgUp4]:0 [SgLow1]:180538 [SgLow2]:174222 [SgLow3]:0 [SgLow4]:0 [NetMuon1]:599392 [NetMuon2]:591516 [NetMuon3]:639610 [NetMuon4]:639610
[Run]:22508 [Site]:1 [Bin]:1516 [FullTime]:3590.17 [SkipTime]:0 [Veto1]:636.013 [Veto2]:621.575 [Veto3]:407.771 [Veto4]:407.771 [SgUp1]:179679 [SgUp2]:175982 [SgUp3]:0 [SgUp4]:0 [SgLow1]:179261 [SgLow2]:175566 [SgLow3]:0 [SgLow4]:0 [NetMuon1]:593439 [NetMuon2]:596346 [NetMuon3]:639182 [NetMuon4]:639182
[Run]:22508 [Site]:1 [Bin]:1517 [FullTime]:3590.17 [SkipTime]:0 [Veto1]:616.353 [Veto2]:646.695 [Veto3]:407.889 [Veto4]:407.889 [SgUp1]:180209 [SgUp2]:174695 [SgUp3]:0 [SgUp4]:0 [SgLow1]:179788 [SgLow2]:174314 [SgLow3]:0 [SgLow4]:0 [NetMuon1]:596997 [NetMuon2]:590849 [NetMuon3]:639059 [NetMuon4]:639059
End process Run: 22508 ... 
[Run]:22508 [Site]:1 [Bin]:1518 [FullTime]:2158.27 [SkipTime]:0 [Veto1]:366.452 [Veto2]:397.995 [Veto3]:245.111 [Veto4]:245.111
