StreamChain add 0xddb87e0
Start to process run: 22243 ... 
[Run]:22243 [Site]:1 [Bin]:1165 [FullTime]:220.608 [SkipTime]:0 [Veto1]:38.9413 [Veto2]:39.0155 [Veto3]:24.9772 [Veto4]:24.9772 [SgUp1]:10982 [SgUp2]:11009 [SgUp3]:0 [SgUp4]:0 [SgLow1]:10953 [SgLow2]:10999 [SgLow3]:0 [SgLow4]:0 [NetMuon1]:36432 [NetMuon2]:36445 [NetMuon3]:39154 [NetMuon4]:39154
[Run]:22243 [Site]:1 [Bin]:1166 [FullTime]:3590.17 [SkipTime]:0 [Veto1]:639.969 [Veto2]:643.351 [Veto3]:407.263 [Veto4]:407.263 [SgUp1]:178683 [SgUp2]:175788 [SgUp3]:0 [SgUp4]:0 [SgLow1]:178251 [SgLow2]:175332 [SgLow3]:0 [SgLow4]:0 [NetMuon1]:591694 [NetMuon2]:591180 [NetMuon3]:638591 [NetMuon4]:638591
[Run]:22243 [Site]:1 [Bin]:1167 [FullTime]:3590.17 [SkipTime]:0 [Veto1]:633.651 [Veto2]:632.837 [Veto3]:407.118 [Veto4]:407.118 [SgUp1]:179326 [SgUp2]:176512 [SgUp3]:0 [SgUp4]:0 [SgLow1]:178956 [SgLow2]:176098 [SgLow3]:0 [SgLow4]:0 [NetMuon1]:592279 [NetMuon2]:592643 [NetMuon3]:638020 [NetMuon4]:638020
[Run]:22243 [Site]:1 [Bin]:1168 [FullTime]:3590.17 [SkipTime]:0 [Veto1]:603.237 [Veto2]:631.716 [Veto3]:407.05 [Veto4]:407.05 [SgUp1]:180114 [SgUp2]:176451 [SgUp3]:0 [SgUp4]:0 [SgLow1]:179736 [SgLow2]:176099 [SgLow3]:0 [SgLow4]:0 [NetMuon1]:598797 [NetMuon2]:593143 [NetMuon3]:638238 [NetMuon4]:638238
[Run]:22243 [Site]:1 [Bin]:1169 [FullTime]:3590.17 [SkipTime]:0 [Veto1]:606.785 [Veto2]:638.866 [Veto3]:406.596 [Veto4]:406.596 [SgUp1]:180906 [SgUp2]:175586 [SgUp3]:0 [SgUp4]:0 [SgLow1]:180454 [SgLow2]:175200 [SgLow3]:0 [SgLow4]:0 [NetMuon1]:597284 [NetMuon2]:590749 [NetMuon3]:637371 [NetMuon4]:637371
[Run]:22243 [Site]:1 [Bin]:1170 [FullTime]:3590.17 [SkipTime]:0 [Veto1]:637.727 [Veto2]:635.777 [Veto3]:406.916 [Veto4]:406.916 [SgUp1]:178832 [SgUp2]:175840 [SgUp3]:0 [SgUp4]:0 [SgLow1]:178449 [SgLow2]:175447 [SgLow3]:0 [SgLow4]:0 [NetMuon1]:591525 [NetMuon2]:591726 [NetMuon3]:637783 [NetMuon4]:637783
[Run]:22243 [Site]:1 [Bin]:1171 [FullTime]:3590.17 [SkipTime]:0 [Veto1]:599.032 [Veto2]:621.599 [Veto3]:406.702 [Veto4]:406.702 [SgUp1]:181930 [SgUp2]:176803 [SgUp3]:0 [SgUp4]:0 [SgLow1]:181495 [SgLow2]:176392 [SgLow3]:0 [SgLow4]:0 [NetMuon1]:599096 [NetMuon2]:594333 [NetMuon3]:637546 [NetMuon4]:637546
[Run]:22243 [Site]:1 [Bin]:1172 [FullTime]:3590.17 [SkipTime]:0 [Veto1]:616.763 [Veto2]:634.863 [Veto3]:407.087 [Veto4]:407.087 [SgUp1]:180955 [SgUp2]:176559 [SgUp3]:0 [SgUp4]:0 [SgLow1]:180637 [SgLow2]:176195 [SgLow3]:0 [SgLow4]:0 [NetMuon1]:596451 [NetMuon2]:592548 [NetMuon3]:638159 [NetMuon4]:638159
[Run]:22243 [Site]:1 [Bin]:1173 [FullTime]:3590.17 [SkipTime]:0 [Veto1]:642.3 [Veto2]:600.364 [Veto3]:407.351 [Veto4]:407.351 [SgUp1]:179251 [SgUp2]:178595 [SgUp3]:0 [SgUp4]:0 [SgLow1]:178844 [SgLow2]:178223 [SgLow3]:0 [SgLow4]:0 [NetMuon1]:591691 [NetMuon2]:599825 [NetMuon3]:638846 [NetMuon4]:638846
[Run]:22243 [Site]:1 [Bin]:1174 [FullTime]:3590.17 [SkipTime]:0 [Veto1]:634.769 [Veto2]:633.551 [Veto3]:406.478 [Veto4]:406.478 [SgUp1]:179109 [SgUp2]:176344 [SgUp3]:0 [SgUp4]:0 [SgLow1]:178696 [SgLow2]:175927 [SgLow3]:0 [SgLow4]:0 [NetMuon1]:591830 [NetMuon2]:592213 [NetMuon3]:637422 [NetMuon4]:637422
[Run]:22243 [Site]:1 [Bin]:1175 [FullTime]:3590.17 [SkipTime]:0 [Veto1]:612.615 [Veto2]:662.381 [Veto3]:406.449 [Veto4]:406.449 [SgUp1]:180570 [SgUp2]:174965 [SgUp3]:0 [SgUp4]:0 [SgLow1]:180176 [SgLow2]:174532 [SgLow3]:0 [SgLow4]:0 [NetMuon1]:595753 [NetMuon2]:585670 [NetMuon3]:636998 [NetMuon4]:636998
[Run]:22243 [Site]:1 [Bin]:1176 [FullTime]:3590.18 [SkipTime]:0 [Veto1]:621.767 [Veto2]:627.021 [Veto3]:407.561 [Veto4]:407.561 [SgUp1]:179820 [SgUp2]:176709 [SgUp3]:0 [SgUp4]:0 [SgLow1]:179431 [SgLow2]:176315 [SgLow3]:0 [SgLow4]:0 [NetMuon1]:595304 [NetMuon2]:594216 [NetMuon3]:638454 [NetMuon4]:638454
[Run]:22243 [Site]:1 [Bin]:1177 [FullTime]:3590.16 [SkipTime]:0 [Veto1]:606.756 [Veto2]:610.647 [Veto3]:406.12 [Veto4]:406.12 [SgUp1]:180244 [SgUp2]:177723 [SgUp3]:0 [SgUp4]:0 [SgLow1]:179832 [SgLow2]:177366 [SgLow3]:0 [SgLow4]:0 [NetMuon1]:596509 [NetMuon2]:595700 [NetMuon3]:636661 [NetMuon4]:636661
[Run]:22243 [Site]:1 [Bin]:1178 [FullTime]:3590.17 [SkipTime]:0 [Veto1]:640.922 [Veto2]:645.537 [Veto3]:406.015 [Veto4]:406.015 [SgUp1]:178453 [SgUp2]:175705 [SgUp3]:0 [SgUp4]:0 [SgLow1]:178106 [SgLow2]:175367 [SgLow3]:0 [SgLow4]:0 [NetMuon1]:589529 [NetMuon2]:588305 [NetMuon3]:636580 [NetMuon4]:636580
[Run]:22243 [Site]:1 [Bin]:1179 [FullTime]:3590.17 [SkipTime]:0 [Veto1]:598.841 [Veto2]:635.866 [Veto3]:407.027 [Veto4]:407.027 [SgUp1]:181398 [SgUp2]:175623 [SgUp3]:0 [SgUp4]:0 [SgLow1]:180967 [SgLow2]:175239 [SgLow3]:0 [SgLow4]:0 [NetMuon1]:599541 [NetMuon2]:592331 [NetMuon3]:637996 [NetMuon4]:637996
[Run]:22243 [Site]:1 [Bin]:1180 [FullTime]:3590.17 [SkipTime]:0 [Veto1]:617.52 [Veto2]:631.708 [Veto3]:406.594 [Veto4]:406.594 [SgUp1]:180134 [SgUp2]:176962 [SgUp3]:0 [SgUp4]:0 [SgLow1]:179706 [SgLow2]:176571 [SgLow3]:0 [SgLow4]:0 [NetMuon1]:595691 [NetMuon2]:592860 [NetMuon3]:637612 [NetMuon4]:637612
[Run]:22243 [Site]:1 [Bin]:1181 [FullTime]:3590.17 [SkipTime]:0 [Veto1]:626.178 [Veto2]:641.241 [Veto3]:406.191 [Veto4]:406.191 [SgUp1]:179076 [SgUp2]:176137 [SgUp3]:0 [SgUp4]:0 [SgLow1]:178683 [SgLow2]:175742 [SgLow3]:0 [SgLow4]:0 [NetMuon1]:592852 [NetMuon2]:590454 [NetMuon3]:636937 [NetMuon4]:636937
End process Run: 22243 ... 
[Run]:22243 [Site]:1 [Bin]:1182 [FullTime]:84.8763 [SkipTime]:0 [Veto1]:13.705 [Veto2]:14.5738 [Veto3]:9.56093 [Veto4]:9.56093
