StreamChain add 0x105ab7e0
Start to process run: 22516 ... 
[Run]:22516 [Site]:1 [Bin]:1518 [FullTime]:1204.93 [SkipTime]:0 [Veto1]:205.832 [Veto2]:209.585 [Veto3]:136.723 [Veto4]:136.723 [SgUp1]:60376 [SgUp2]:59203 [SgUp3]:0 [SgUp4]:0 [SgLow1]:60214 [SgLow2]:59071 [SgLow3]:0 [SgLow4]:0 [NetMuon1]:200750 [NetMuon2]:199836 [NetMuon3]:214546 [NetMuon4]:214546
[Run]:22516 [Site]:1 [Bin]:1519 [FullTime]:3590.17 [SkipTime]:0 [Veto1]:638.367 [Veto2]:651.814 [Veto3]:406.946 [Veto4]:406.946 [SgUp1]:180324 [SgUp2]:175261 [SgUp3]:0 [SgUp4]:0 [SgLow1]:179928 [SgLow2]:174877 [SgLow3]:0 [SgLow4]:0 [NetMuon1]:591291 [NetMuon2]:589251 [NetMuon3]:638006 [NetMuon4]:638006
[Run]:22516 [Site]:1 [Bin]:1520 [FullTime]:3590.17 [SkipTime]:0 [Veto1]:616.721 [Veto2]:642.162 [Veto3]:407.057 [Veto4]:407.057 [SgUp1]:181246 [SgUp2]:175623 [SgUp3]:0 [SgUp4]:0 [SgLow1]:180809 [SgLow2]:175218 [SgLow3]:0 [SgLow4]:0 [NetMuon1]:596392 [NetMuon2]:591529 [NetMuon3]:638205 [NetMuon4]:638205
[Run]:22516 [Site]:1 [Bin]:1521 [FullTime]:3590.17 [SkipTime]:0 [Veto1]:631.639 [Veto2]:662.968 [Veto3]:408.678 [Veto4]:408.678 [SgUp1]:180137 [SgUp2]:174006 [SgUp3]:0 [SgUp4]:0 [SgLow1]:179746 [SgLow2]:173615 [SgLow3]:0 [SgLow4]:0 [NetMuon1]:595904 [NetMuon2]:589579 [NetMuon3]:640639 [NetMuon4]:640639
[Run]:22516 [Site]:1 [Bin]:1522 [FullTime]:3590.17 [SkipTime]:0 [Veto1]:628.972 [Veto2]:615.708 [Veto3]:407.798 [Veto4]:407.798 [SgUp1]:179682 [SgUp2]:177889 [SgUp3]:0 [SgUp4]:0 [SgLow1]:179261 [SgLow2]:177456 [SgLow3]:0 [SgLow4]:0 [NetMuon1]:594585 [NetMuon2]:597635 [NetMuon3]:639178 [NetMuon4]:639178
[Run]:22516 [Site]:1 [Bin]:1523 [FullTime]:3590.17 [SkipTime]:0 [Veto1]:587.45 [Veto2]:631.403 [Veto3]:407.373 [Veto4]:407.373 [SgUp1]:183525 [SgUp2]:175673 [SgUp3]:0 [SgUp4]:0 [SgLow1]:183122 [SgLow2]:175277 [SgLow3]:0 [SgLow4]:0 [NetMuon1]:602195 [NetMuon2]:593464 [NetMuon3]:638322 [NetMuon4]:638322
[Run]:22516 [Site]:1 [Bin]:1524 [FullTime]:3590.17 [SkipTime]:0 [Veto1]:602.319 [Veto2]:639.368 [Veto3]:406.984 [Veto4]:406.984 [SgUp1]:182072 [SgUp2]:175375 [SgUp3]:0 [SgUp4]:0 [SgLow1]:181631 [SgLow2]:175001 [SgLow3]:0 [SgLow4]:0 [NetMuon1]:598765 [NetMuon2]:591415 [NetMuon3]:637858 [NetMuon4]:637858
[Run]:22516 [Site]:1 [Bin]:1525 [FullTime]:3590.17 [SkipTime]:0 [Veto1]:598.311 [Veto2]:612.525 [Veto3]:407.996 [Veto4]:407.996 [SgUp1]:182627 [SgUp2]:176808 [SgUp3]:0 [SgUp4]:0 [SgLow1]:182216 [SgLow2]:176353 [SgLow3]:0 [SgLow4]:0 [NetMuon1]:601494 [NetMuon2]:598606 [NetMuon3]:639798 [NetMuon4]:639798
[Run]:22516 [Site]:1 [Bin]:1526 [FullTime]:3590.17 [SkipTime]:0 [Veto1]:602.768 [Veto2]:662.871 [Veto3]:408.367 [Veto4]:408.367 [SgUp1]:181645 [SgUp2]:174217 [SgUp3]:0 [SgUp4]:0 [SgLow1]:181230 [SgLow2]:173807 [SgLow3]:0 [SgLow4]:0 [NetMuon1]:601404 [NetMuon2]:589006 [NetMuon3]:640210 [NetMuon4]:640210
[Run]:22516 [Site]:1 [Bin]:1527 [FullTime]:3590.17 [SkipTime]:0 [Veto1]:611.746 [Veto2]:617.533 [Veto3]:407.819 [Veto4]:407.819 [SgUp1]:180779 [SgUp2]:176381 [SgUp3]:0 [SgUp4]:0 [SgLow1]:180376 [SgLow2]:175965 [SgLow3]:0 [SgLow4]:0 [NetMuon1]:598478 [NetMuon2]:597105 [NetMuon3]:639393 [NetMuon4]:639393
[Run]:22516 [Site]:1 [Bin]:1528 [FullTime]:3590.17 [SkipTime]:0 [Veto1]:613.172 [Veto2]:630.416 [Veto3]:407.788 [Veto4]:407.788 [SgUp1]:181528 [SgUp2]:176591 [SgUp3]:0 [SgUp4]:0 [SgLow1]:181112 [SgLow2]:176191 [SgLow3]:0 [SgLow4]:0 [NetMuon1]:597908 [NetMuon2]:594470 [NetMuon3]:639078 [NetMuon4]:639078
[Run]:22516 [Site]:1 [Bin]:1529 [FullTime]:3590.17 [SkipTime]:0 [Veto1]:612.01 [Veto2]:647.14 [Veto3]:408.053 [Veto4]:408.053 [SgUp1]:180342 [SgUp2]:175307 [SgUp3]:0 [SgUp4]:0 [SgLow1]:179912 [SgLow2]:174940 [SgLow3]:0 [SgLow4]:0 [NetMuon1]:598483 [NetMuon2]:591350 [NetMuon3]:639459 [NetMuon4]:639459
[Run]:22516 [Site]:1 [Bin]:1530 [FullTime]:3590.17 [SkipTime]:0 [Veto1]:634.562 [Veto2]:641.516 [Veto3]:406.772 [Veto4]:406.772 [SgUp1]:180025 [SgUp2]:174733 [SgUp3]:0 [SgUp4]:0 [SgLow1]:179602 [SgLow2]:174334 [SgLow3]:0 [SgLow4]:0 [NetMuon1]:592357 [NetMuon2]:590673 [NetMuon3]:637559 [NetMuon4]:637559
[Run]:22516 [Site]:1 [Bin]:1531 [FullTime]:3590.17 [SkipTime]:0 [Veto1]:618.261 [Veto2]:609.293 [Veto3]:407.848 [Veto4]:407.848 [SgUp1]:181279 [SgUp2]:176934 [SgUp3]:0 [SgUp4]:0 [SgLow1]:180855 [SgLow2]:176549 [SgLow3]:0 [SgLow4]:0 [NetMuon1]:597061 [NetMuon2]:598577 [NetMuon3]:639378 [NetMuon4]:639378
[Run]:22516 [Site]:1 [Bin]:1532 [FullTime]:3590.17 [SkipTime]:0 [Veto1]:618.279 [Veto2]:632.645 [Veto3]:407.779 [Veto4]:407.779 [SgUp1]:180982 [SgUp2]:176562 [SgUp3]:0 [SgUp4]:0 [SgLow1]:180576 [SgLow2]:176152 [SgLow3]:0 [SgLow4]:0 [NetMuon1]:597094 [NetMuon2]:594037 [NetMuon3]:638978 [NetMuon4]:638978
[Run]:22516 [Site]:1 [Bin]:1533 [FullTime]:3590.17 [SkipTime]:0 [Veto1]:607.681 [Veto2]:648.448 [Veto3]:407.503 [Veto4]:407.503 [SgUp1]:182100 [SgUp2]:175254 [SgUp3]:0 [SgUp4]:0 [SgLow1]:181664 [SgLow2]:174869 [SgLow3]:0 [SgLow4]:0 [NetMuon1]:598436 [NetMuon2]:590588 [NetMuon3]:639003 [NetMuon4]:639003
[Run]:22516 [Site]:1 [Bin]:1534 [FullTime]:3590.17 [SkipTime]:0 [Veto1]:619.351 [Veto2]:620.764 [Veto3]:407.09 [Veto4]:407.09 [SgUp1]:181385 [SgUp2]:177022 [SgUp3]:0 [SgUp4]:0 [SgLow1]:181004 [SgLow2]:176618 [SgLow3]:0 [SgLow4]:0 [NetMuon1]:595313 [NetMuon2]:595480 [NetMuon3]:638272 [NetMuon4]:638272
[Run]:22516 [Site]:1 [Bin]:1535 [FullTime]:3590.17 [SkipTime]:0 [Veto1]:626.413 [Veto2]:636.643 [Veto3]:408.017 [Veto4]:408.017 [SgUp1]:179983 [SgUp2]:176865 [SgUp3]:0 [SgUp4]:0 [SgLow1]:179621 [SgLow2]:176502 [SgLow3]:0 [SgLow4]:0 [NetMuon1]:595965 [NetMuon2]:594651 [NetMuon3]:639945 [NetMuon4]:639945
[Run]:22516 [Site]:1 [Bin]:1536 [FullTime]:3590.17 [SkipTime]:0 [Veto1]:626.663 [Veto2]:629.745 [Veto3]:407.68 [Veto4]:407.68 [SgUp1]:180193 [SgUp2]:176349 [SgUp3]:0 [SgUp4]:0 [SgLow1]:179804 [SgLow2]:175986 [SgLow3]:0 [SgLow4]:0 [NetMuon1]:595126 [NetMuon2]:594360 [NetMuon3]:639165 [NetMuon4]:639165
[Run]:22516 [Site]:1 [Bin]:1537 [FullTime]:3590.17 [SkipTime]:0 [Veto1]:625.849 [Veto2]:628.164 [Veto3]:408.048 [Veto4]:408.048 [SgUp1]:180665 [SgUp2]:176006 [SgUp3]:0 [SgUp4]:0 [SgLow1]:180273 [SgLow2]:175604 [SgLow3]:0 [SgLow4]:0 [NetMuon1]:595561 [NetMuon2]:595031 [NetMuon3]:639441 [NetMuon4]:639441
[Run]:22516 [Site]:1 [Bin]:1538 [FullTime]:3590.17 [SkipTime]:0 [Veto1]:628.525 [Veto2]:630.582 [Veto3]:407.867 [Veto4]:407.867 [SgUp1]:179993 [SgUp2]:176175 [SgUp3]:0 [SgUp4]:0 [SgLow1]:179627 [SgLow2]:175790 [SgLow3]:0 [SgLow4]:0 [NetMuon1]:595608 [NetMuon2]:594770 [NetMuon3]:639656 [NetMuon4]:639656
[Run]:22516 [Site]:1 [Bin]:1539 [FullTime]:3590.17 [SkipTime]:0 [Veto1]:639.765 [Veto2]:623.942 [Veto3]:406.41 [Veto4]:406.41 [SgUp1]:179910 [SgUp2]:176933 [SgUp3]:0 [SgUp4]:0 [SgLow1]:179520 [SgLow2]:176588 [SgLow3]:0 [SgLow4]:0 [NetMuon1]:590266 [NetMuon2]:593461 [NetMuon3]:637170 [NetMuon4]:637170
[Run]:22516 [Site]:1 [Bin]:1540 [FullTime]:3590.17 [SkipTime]:0 [Veto1]:624.309 [Veto2]:639.798 [Veto3]:408.449 [Veto4]:408.449 [SgUp1]:179592 [SgUp2]:175375 [SgUp3]:0 [SgUp4]:0 [SgLow1]:179205 [SgLow2]:174964 [SgLow3]:0 [SgLow4]:0 [NetMuon1]:596746 [NetMuon2]:593922 [NetMuon3]:640198 [NetMuon4]:640198
[Run]:22516 [Site]:1 [Bin]:1541 [FullTime]:3590.17 [SkipTime]:0 [Veto1]:624.346 [Veto2]:655.951 [Veto3]:408.125 [Veto4]:408.125 [SgUp1]:180870 [SgUp2]:174631 [SgUp3]:0 [SgUp4]:0 [SgLow1]:180459 [SgLow2]:174254 [SgLow3]:0 [SgLow4]:0 [NetMuon1]:596070 [NetMuon2]:589746 [NetMuon3]:639601 [NetMuon4]:639601
[Run]:22516 [Site]:1 [Bin]:1542 [FullTime]:3590.17 [SkipTime]:0 [Veto1]:626.756 [Veto2]:621.748 [Veto3]:408.207 [Veto4]:408.207 [SgUp1]:180447 [SgUp2]:176527 [SgUp3]:0 [SgUp4]:0 [SgLow1]:179998 [SgLow2]:176149 [SgLow3]:0 [SgLow4]:0 [NetMuon1]:595819 [NetMuon2]:597149 [NetMuon3]:639895 [NetMuon4]:639895
[Run]:22516 [Site]:1 [Bin]:1543 [FullTime]:3590.17 [SkipTime]:0 [Veto1]:646.187 [Veto2]:634.946 [Veto3]:407.835 [Veto4]:407.835 [SgUp1]:179420 [SgUp2]:175840 [SgUp3]:0 [SgUp4]:0 [SgLow1]:178986 [SgLow2]:175465 [SgLow3]:0 [SgLow4]:0 [NetMuon1]:591633 [NetMuon2]:594138 [NetMuon3]:639501 [NetMuon4]:639501
[Run]:22516 [Site]:1 [Bin]:1544 [FullTime]:3590.17 [SkipTime]:0 [Veto1]:621.017 [Veto2]:637.34 [Veto3]:407.702 [Veto4]:407.702 [SgUp1]:181487 [SgUp2]:175671 [SgUp3]:0 [SgUp4]:0 [SgLow1]:181098 [SgLow2]:175269 [SgLow3]:0 [SgLow4]:0 [NetMuon1]:596086 [NetMuon2]:592639 [NetMuon3]:638935 [NetMuon4]:638935
[Run]:22516 [Site]:1 [Bin]:1545 [FullTime]:3590.17 [SkipTime]:0 [Veto1]:617.327 [Veto2]:628.832 [Veto3]:408.006 [Veto4]:408.006 [SgUp1]:180892 [SgUp2]:176735 [SgUp3]:0 [SgUp4]:0 [SgLow1]:180526 [SgLow2]:176320 [SgLow3]:0 [SgLow4]:0 [NetMuon1]:597457 [NetMuon2]:595236 [NetMuon3]:639594 [NetMuon4]:639594
[Run]:22516 [Site]:1 [Bin]:1546 [FullTime]:3590.17 [SkipTime]:0 [Veto1]:630.359 [Veto2]:654.104 [Veto3]:407.315 [Veto4]:407.315 [SgUp1]:180267 [SgUp2]:174678 [SgUp3]:0 [SgUp4]:0 [SgLow1]:179877 [SgLow2]:174346 [SgLow3]:0 [SgLow4]:0 [NetMuon1]:593307 [NetMuon2]:588641 [NetMuon3]:638277 [NetMuon4]:638277
[Run]:22516 [Site]:1 [Bin]:1547 [FullTime]:3590.17 [SkipTime]:0 [Veto1]:615.013 [Veto2]:638.774 [Veto3]:407.582 [Veto4]:407.582 [SgUp1]:180506 [SgUp2]:176099 [SgUp3]:0 [SgUp4]:0 [SgLow1]:180105 [SgLow2]:175695 [SgLow3]:0 [SgLow4]:0 [NetMuon1]:597227 [NetMuon2]:592730 [NetMuon3]:638720 [NetMuon4]:638720
[Run]:22516 [Site]:1 [Bin]:1548 [FullTime]:3590.17 [SkipTime]:0 [Veto1]:599.338 [Veto2]:623.083 [Veto3]:408.269 [Veto4]:408.269 [SgUp1]:182024 [SgUp2]:176739 [SgUp3]:0 [SgUp4]:0 [SgLow1]:181592 [SgLow2]:176358 [SgLow3]:0 [SgLow4]:0 [NetMuon1]:601335 [NetMuon2]:596579 [NetMuon3]:639812 [NetMuon4]:639812
[Run]:22516 [Site]:1 [Bin]:1549 [FullTime]:3590.17 [SkipTime]:0 [Veto1]:606.591 [Veto2]:654.886 [Veto3]:408.177 [Veto4]:408.177 [SgUp1]:181857 [SgUp2]:174745 [SgUp3]:0 [SgUp4]:0 [SgLow1]:181420 [SgLow2]:174324 [SgLow3]:0 [SgLow4]:0 [NetMuon1]:599464 [NetMuon2]:589795 [NetMuon3]:639471 [NetMuon4]:639471
[Run]:22516 [Site]:1 [Bin]:1550 [FullTime]:3590.17 [SkipTime]:0 [Veto1]:605.912 [Veto2]:626.453 [Veto3]:408.049 [Veto4]:408.049 [SgUp1]:181271 [SgUp2]:175945 [SgUp3]:0 [SgUp4]:0 [SgLow1]:180860 [SgLow2]:175559 [SgLow3]:0 [SgLow4]:0 [NetMuon1]:600057 [NetMuon2]:595739 [NetMuon3]:639768 [NetMuon4]:639768
[Run]:22516 [Site]:1 [Bin]:1551 [FullTime]:3590.17 [SkipTime]:0 [Veto1]:632.179 [Veto2]:627.689 [Veto3]:408.177 [Veto4]:408.177 [SgUp1]:179281 [SgUp2]:176266 [SgUp3]:0 [SgUp4]:0 [SgLow1]:178809 [SgLow2]:175891 [SgLow3]:0 [SgLow4]:0 [NetMuon1]:595069 [NetMuon2]:595377 [NetMuon3]:639688 [NetMuon4]:639688
[Run]:22516 [Site]:1 [Bin]:1552 [FullTime]:3590.17 [SkipTime]:0 [Veto1]:626.449 [Veto2]:618.378 [Veto3]:408.287 [Veto4]:408.287 [SgUp1]:179743 [SgUp2]:176331 [SgUp3]:0 [SgUp4]:0 [SgLow1]:179374 [SgLow2]:175990 [SgLow3]:0 [SgLow4]:0 [NetMuon1]:596175 [NetMuon2]:598012 [NetMuon3]:640119 [NetMuon4]:640119
[Run]:22516 [Site]:1 [Bin]:1553 [FullTime]:3590.17 [SkipTime]:0 [Veto1]:623.537 [Veto2]:625.22 [Veto3]:407.91 [Veto4]:407.91 [SgUp1]:180094 [SgUp2]:176121 [SgUp3]:0 [SgUp4]:0 [SgLow1]:179691 [SgLow2]:175724 [SgLow3]:0 [SgLow4]:0 [NetMuon1]:596094 [NetMuon2]:595730 [NetMuon3]:639419 [NetMuon4]:639419
[Run]:22516 [Site]:1 [Bin]:1554 [FullTime]:3590.17 [SkipTime]:0 [Veto1]:598.499 [Veto2]:636.869 [Veto3]:407.112 [Veto4]:407.112 [SgUp1]:181652 [SgUp2]:175603 [SgUp3]:0 [SgUp4]:0 [SgLow1]:181230 [SgLow2]:175213 [SgLow3]:0 [SgLow4]:0 [NetMuon1]:600037 [NetMuon2]:592103 [NetMuon3]:638426 [NetMuon4]:638426
[Run]:22516 [Site]:1 [Bin]:1555 [FullTime]:3590.17 [SkipTime]:0 [Veto1]:626.302 [Veto2]:633.309 [Veto3]:408.037 [Veto4]:408.037 [SgUp1]:181371 [SgUp2]:175160 [SgUp3]:0 [SgUp4]:0 [SgLow1]:180965 [SgLow2]:174814 [SgLow3]:0 [SgLow4]:0 [NetMuon1]:595271 [NetMuon2]:594450 [NetMuon3]:639469 [NetMuon4]:639469
[Run]:22516 [Site]:1 [Bin]:1556 [FullTime]:3590.17 [SkipTime]:0 [Veto1]:639.964 [Veto2]:660.869 [Veto3]:408.225 [Veto4]:408.225 [SgUp1]:179731 [SgUp2]:173727 [SgUp3]:0 [SgUp4]:0 [SgLow1]:179336 [SgLow2]:173299 [SgLow3]:0 [SgLow4]:0 [NetMuon1]:593098 [NetMuon2]:588720 [NetMuon3]:639736 [NetMuon4]:639736
[Run]:22516 [Site]:1 [Bin]:1557 [FullTime]:3590.17 [SkipTime]:0 [Veto1]:626.124 [Veto2]:635.25 [Veto3]:407.702 [Veto4]:407.702 [SgUp1]:180284 [SgUp2]:175227 [SgUp3]:0 [SgUp4]:0 [SgLow1]:179883 [SgLow2]:174799 [SgLow3]:0 [SgLow4]:0 [NetMuon1]:595025 [NetMuon2]:593595 [NetMuon3]:638993 [NetMuon4]:638993
[Run]:22516 [Site]:1 [Bin]:1558 [FullTime]:3590.17 [SkipTime]:0 [Veto1]:634.175 [Veto2]:639.014 [Veto3]:407.795 [Veto4]:407.795 [SgUp1]:180264 [SgUp2]:174262 [SgUp3]:0 [SgUp4]:0 [SgLow1]:179835 [SgLow2]:173860 [SgLow3]:0 [SgLow4]:0 [NetMuon1]:593509 [NetMuon2]:592545 [NetMuon3]:639290 [NetMuon4]:639290
[Run]:22516 [Site]:1 [Bin]:1559 [FullTime]:3590.17 [SkipTime]:0 [Veto1]:636.065 [Veto2]:624.663 [Veto3]:407.334 [Veto4]:407.334 [SgUp1]:179199 [SgUp2]:176757 [SgUp3]:0 [SgUp4]:0 [SgLow1]:178775 [SgLow2]:176405 [SgLow3]:0 [SgLow4]:0 [NetMuon1]:592811 [NetMuon2]:594937 [NetMuon3]:638715 [NetMuon4]:638715
[Run]:22516 [Site]:1 [Bin]:1560 [FullTime]:3590.17 [SkipTime]:0 [Veto1]:604.077 [Veto2]:635.197 [Veto3]:407.445 [Veto4]:407.445 [SgUp1]:180831 [SgUp2]:175277 [SgUp3]:0 [SgUp4]:0 [SgLow1]:180422 [SgLow2]:174907 [SgLow3]:0 [SgLow4]:0 [NetMuon1]:599629 [NetMuon2]:593253 [NetMuon3]:638889 [NetMuon4]:638889
[Run]:22516 [Site]:1 [Bin]:1561 [FullTime]:3590.17 [SkipTime]:0 [Veto1]:596.914 [Veto2]:640.328 [Veto3]:407.762 [Veto4]:407.762 [SgUp1]:182200 [SgUp2]:174518 [SgUp3]:0 [SgUp4]:0 [SgLow1]:181800 [SgLow2]:174151 [SgLow3]:0 [SgLow4]:0 [NetMuon1]:600959 [NetMuon2]:592389 [NetMuon3]:639204 [NetMuon4]:639204
[Run]:22516 [Site]:1 [Bin]:1562 [FullTime]:3590.17 [SkipTime]:0 [Veto1]:616.649 [Veto2]:626.806 [Veto3]:407.775 [Veto4]:407.775 [SgUp1]:180806 [SgUp2]:174995 [SgUp3]:0 [SgUp4]:0 [SgLow1]:180399 [SgLow2]:174630 [SgLow3]:0 [SgLow4]:0 [NetMuon1]:597325 [NetMuon2]:594732 [NetMuon3]:638975 [NetMuon4]:638975
[Run]:22516 [Site]:1 [Bin]:1563 [FullTime]:3590.16 [SkipTime]:0 [Veto1]:635.425 [Veto2]:614.799 [Veto3]:407.181 [Veto4]:407.181 [SgUp1]:180287 [SgUp2]:176192 [SgUp3]:0 [SgUp4]:0 [SgLow1]:179889 [SgLow2]:175782 [SgLow3]:0 [SgLow4]:0 [NetMuon1]:592660 [NetMuon2]:596474 [NetMuon3]:638164 [NetMuon4]:638164
[Run]:22516 [Site]:1 [Bin]:1564 [FullTime]:3590.17 [SkipTime]:0 [Veto1]:644.223 [Veto2]:638.55 [Veto3]:407.775 [Veto4]:407.775 [SgUp1]:178907 [SgUp2]:175504 [SgUp3]:0 [SgUp4]:0 [SgLow1]:178536 [SgLow2]:175154 [SgLow3]:0 [SgLow4]:0 [NetMuon1]:591558 [NetMuon2]:593250 [NetMuon3]:639354 [NetMuon4]:639354
[Run]:22516 [Site]:1 [Bin]:1565 [FullTime]:3590.17 [SkipTime]:0 [Veto1]:633.688 [Veto2]:621.198 [Veto3]:407.938 [Veto4]:407.938 [SgUp1]:179898 [SgUp2]:175889 [SgUp3]:0 [SgUp4]:0 [SgLow1]:179471 [SgLow2]:175475 [SgLow3]:0 [SgLow4]:0 [NetMuon1]:594075 [NetMuon2]:596381 [NetMuon3]:639286 [NetMuon4]:639286
[Run]:22516 [Site]:1 [Bin]:1566 [FullTime]:3590.17 [SkipTime]:0 [Veto1]:624.591 [Veto2]:632.383 [Veto3]:407.891 [Veto4]:407.891 [SgUp1]:180743 [SgUp2]:175420 [SgUp3]:0 [SgUp4]:0 [SgLow1]:180323 [SgLow2]:174987 [SgLow3]:0 [SgLow4]:0 [NetMuon1]:595840 [NetMuon2]:594230 [NetMuon3]:639445 [NetMuon4]:639445
[Run]:22516 [Site]:1 [Bin]:1567 [FullTime]:3590.17 [SkipTime]:0 [Veto1]:630.229 [Veto2]:662.445 [Veto3]:408.014 [Veto4]:408.014 [SgUp1]:180283 [SgUp2]:174236 [SgUp3]:0 [SgUp4]:0 [SgLow1]:179882 [SgLow2]:173867 [SgLow3]:0 [SgLow4]:0 [NetMuon1]:594705 [NetMuon2]:588237 [NetMuon3]:639350 [NetMuon4]:639350
End process Run: 22516 ... 
[Run]:22516 [Site]:1 [Bin]:1568 [FullTime]:271.106 [SkipTime]:0 [Veto1]:47.1952 [Veto2]:44.1229 [Veto3]:30.7287 [Veto4]:30.7287
