StreamChain add 0x13a0a7e0
Start to process run: 23651 ... 
[Run]:23651 [Site]:1 [Bin]:2818 [FullTime]:1679.12 [SkipTime]:0 [Veto1]:290.178 [Veto2]:305.64 [Veto3]:191.453 [Veto4]:191.453 [SgUp1]:82896 [SgUp2]:81586 [SgUp3]:0 [SgUp4]:0 [SgLow1]:82724 [SgLow2]:81408 [SgLow3]:0 [SgLow4]:0 [NetMuon1]:279911 [NetMuon2]:276737 [NetMuon3]:299932 [NetMuon4]:299932
[Run]:23651 [Site]:1 [Bin]:2819 [FullTime]:3590.17 [SkipTime]:0 [Veto1]:634.078 [Veto2]:659.149 [Veto3]:409.056 [Veto4]:409.056 [SgUp1]:178669 [SgUp2]:173152 [SgUp3]:0 [SgUp4]:0 [SgLow1]:178362 [SgLow2]:172805 [SgLow3]:0 [SgLow4]:0 [NetMuon1]:595624 [NetMuon2]:590903 [NetMuon3]:640956 [NetMuon4]:640956
[Run]:23651 [Site]:1 [Bin]:2820 [FullTime]:3590.17 [SkipTime]:0 [Veto1]:636.939 [Veto2]:630.356 [Veto3]:409.381 [Veto4]:409.381 [SgUp1]:179239 [SgUp2]:175337 [SgUp3]:0 [SgUp4]:0 [SgLow1]:178887 [SgLow2]:175008 [SgLow3]:0 [SgLow4]:0 [NetMuon1]:595726 [NetMuon2]:596914 [NetMuon3]:641575 [NetMuon4]:641575
[Run]:23651 [Site]:1 [Bin]:2821 [FullTime]:3590.17 [SkipTime]:0 [Veto1]:628.634 [Veto2]:619.023 [Veto3]:409.575 [Veto4]:409.575 [SgUp1]:178276 [SgUp2]:176330 [SgUp3]:0 [SgUp4]:0 [SgLow1]:177918 [SgLow2]:175949 [SgLow3]:0 [SgLow4]:0 [NetMuon1]:597824 [NetMuon2]:599807 [NetMuon3]:641894 [NetMuon4]:641894
[Run]:23651 [Site]:1 [Bin]:2822 [FullTime]:3590.17 [SkipTime]:0 [Veto1]:636.538 [Veto2]:652.155 [Veto3]:408.773 [Veto4]:408.773 [SgUp1]:178494 [SgUp2]:175545 [SgUp3]:0 [SgUp4]:0 [SgLow1]:178102 [SgLow2]:175181 [SgLow3]:0 [SgLow4]:0 [NetMuon1]:594668 [NetMuon2]:592074 [NetMuon3]:640536 [NetMuon4]:640536
[Run]:23651 [Site]:1 [Bin]:2823 [FullTime]:3590.17 [SkipTime]:0 [Veto1]:638.136 [Veto2]:641.275 [Veto3]:409.034 [Veto4]:409.034 [SgUp1]:178290 [SgUp2]:174706 [SgUp3]:0 [SgUp4]:0 [SgLow1]:177948 [SgLow2]:174324 [SgLow3]:0 [SgLow4]:0 [NetMuon1]:594882 [NetMuon2]:594316 [NetMuon3]:641077 [NetMuon4]:641077
[Run]:23651 [Site]:1 [Bin]:2824 [FullTime]:3590.17 [SkipTime]:0 [Veto1]:623.117 [Veto2]:616.992 [Veto3]:409.205 [Veto4]:409.205 [SgUp1]:178890 [SgUp2]:177085 [SgUp3]:0 [SgUp4]:0 [SgLow1]:178526 [SgLow2]:176751 [SgLow3]:0 [SgLow4]:0 [NetMuon1]:597928 [NetMuon2]:599850 [NetMuon3]:641342 [NetMuon4]:641342
[Run]:23651 [Site]:1 [Bin]:2825 [FullTime]:3590.17 [SkipTime]:0 [Veto1]:625.644 [Veto2]:653.776 [Veto3]:409.535 [Veto4]:409.535 [SgUp1]:178430 [SgUp2]:173785 [SgUp3]:0 [SgUp4]:0 [SgLow1]:178078 [SgLow2]:173431 [SgLow3]:0 [SgLow4]:0 [NetMuon1]:598224 [NetMuon2]:592479 [NetMuon3]:641731 [NetMuon4]:641731
[Run]:23651 [Site]:1 [Bin]:2826 [FullTime]:3590.17 [SkipTime]:0 [Veto1]:631.039 [Veto2]:632.197 [Veto3]:409.23 [Veto4]:409.23 [SgUp1]:178228 [SgUp2]:176393 [SgUp3]:0 [SgUp4]:0 [SgLow1]:177865 [SgLow2]:176008 [SgLow3]:0 [SgLow4]:0 [NetMuon1]:596235 [NetMuon2]:596552 [NetMuon3]:641378 [NetMuon4]:641378
[Run]:23651 [Site]:1 [Bin]:2827 [FullTime]:3590.17 [SkipTime]:0 [Veto1]:616.534 [Veto2]:642.244 [Veto3]:409.362 [Veto4]:409.362 [SgUp1]:179908 [SgUp2]:175444 [SgUp3]:0 [SgUp4]:0 [SgLow1]:179511 [SgLow2]:175082 [SgLow3]:0 [SgLow4]:0 [NetMuon1]:599989 [NetMuon2]:594707 [NetMuon3]:641584 [NetMuon4]:641584
[Run]:23651 [Site]:1 [Bin]:2828 [FullTime]:3590.17 [SkipTime]:0 [Veto1]:604.385 [Veto2]:622.909 [Veto3]:409.189 [Veto4]:409.189 [SgUp1]:179165 [SgUp2]:175962 [SgUp3]:0 [SgUp4]:0 [SgLow1]:178865 [SgLow2]:175565 [SgLow3]:0 [SgLow4]:0 [NetMuon1]:601946 [NetMuon2]:598064 [NetMuon3]:641352 [NetMuon4]:641352
[Run]:23651 [Site]:1 [Bin]:2829 [FullTime]:3590.17 [SkipTime]:0 [Veto1]:638.61 [Veto2]:630.8 [Veto3]:408.383 [Veto4]:408.383 [SgUp1]:177122 [SgUp2]:176022 [SgUp3]:0 [SgUp4]:0 [SgLow1]:176719 [SgLow2]:175668 [SgLow3]:0 [SgLow4]:0 [NetMuon1]:594036 [NetMuon2]:595693 [NetMuon3]:640219 [NetMuon4]:640219
[Run]:23651 [Site]:1 [Bin]:2830 [FullTime]:3590.17 [SkipTime]:0 [Veto1]:616.817 [Veto2]:636.442 [Veto3]:409.672 [Veto4]:409.672 [SgUp1]:178929 [SgUp2]:175166 [SgUp3]:0 [SgUp4]:0 [SgLow1]:178531 [SgLow2]:174808 [SgLow3]:0 [SgLow4]:0 [NetMuon1]:600026 [NetMuon2]:596082 [NetMuon3]:641966 [NetMuon4]:641966
[Run]:23651 [Site]:1 [Bin]:2831 [FullTime]:3590.17 [SkipTime]:0 [Veto1]:615.031 [Veto2]:643.092 [Veto3]:408.37 [Veto4]:408.37 [SgUp1]:178780 [SgUp2]:174697 [SgUp3]:0 [SgUp4]:0 [SgLow1]:178441 [SgLow2]:174339 [SgLow3]:0 [SgLow4]:0 [NetMuon1]:598691 [NetMuon2]:593220 [NetMuon3]:640186 [NetMuon4]:640186
[Run]:23651 [Site]:1 [Bin]:2832 [FullTime]:3590.17 [SkipTime]:0 [Veto1]:608.285 [Veto2]:638.217 [Veto3]:409.532 [Veto4]:409.532 [SgUp1]:180027 [SgUp2]:174997 [SgUp3]:0 [SgUp4]:0 [SgLow1]:179643 [SgLow2]:174600 [SgLow3]:0 [SgLow4]:0 [NetMuon1]:601640 [NetMuon2]:595602 [NetMuon3]:641788 [NetMuon4]:641788
[Run]:23651 [Site]:1 [Bin]:2833 [FullTime]:3590.17 [SkipTime]:0 [Veto1]:640.703 [Veto2]:642.014 [Veto3]:410.372 [Veto4]:410.372 [SgUp1]:178668 [SgUp2]:173956 [SgUp3]:0 [SgUp4]:0 [SgLow1]:178330 [SgLow2]:173600 [SgLow3]:0 [SgLow4]:0 [NetMuon1]:597121 [NetMuon2]:596096 [NetMuon3]:643127 [NetMuon4]:643127
[Run]:23651 [Site]:1 [Bin]:2834 [FullTime]:3590.17 [SkipTime]:0 [Veto1]:617.503 [Veto2]:630.849 [Veto3]:408.884 [Veto4]:408.884 [SgUp1]:178911 [SgUp2]:175750 [SgUp3]:0 [SgUp4]:0 [SgLow1]:178574 [SgLow2]:175361 [SgLow3]:0 [SgLow4]:0 [NetMuon1]:598744 [NetMuon2]:596123 [NetMuon3]:640797 [NetMuon4]:640797
[Run]:23651 [Site]:1 [Bin]:2835 [FullTime]:3590.17 [SkipTime]:0 [Veto1]:635.083 [Veto2]:631.924 [Veto3]:409.532 [Veto4]:409.532 [SgUp1]:177556 [SgUp2]:176073 [SgUp3]:0 [SgUp4]:0 [SgLow1]:177181 [SgLow2]:175728 [SgLow3]:0 [SgLow4]:0 [NetMuon1]:596586 [NetMuon2]:596914 [NetMuon3]:641937 [NetMuon4]:641937
[Run]:23651 [Site]:1 [Bin]:2836 [FullTime]:3590.17 [SkipTime]:0 [Veto1]:619.873 [Veto2]:653.993 [Veto3]:409.651 [Veto4]:409.651 [SgUp1]:179294 [SgUp2]:173813 [SgUp3]:0 [SgUp4]:0 [SgLow1]:178897 [SgLow2]:173384 [SgLow3]:0 [SgLow4]:0 [NetMuon1]:599779 [NetMuon2]:592946 [NetMuon3]:642024 [NetMuon4]:642024
[Run]:23651 [Site]:1 [Bin]:2837 [FullTime]:3590.17 [SkipTime]:0 [Veto1]:621.558 [Veto2]:658.787 [Veto3]:408.971 [Veto4]:408.971 [SgUp1]:178475 [SgUp2]:173546 [SgUp3]:0 [SgUp4]:0 [SgLow1]:178089 [SgLow2]:173166 [SgLow3]:0 [SgLow4]:0 [NetMuon1]:598443 [NetMuon2]:590595 [NetMuon3]:640917 [NetMuon4]:640917
[Run]:23651 [Site]:1 [Bin]:2838 [FullTime]:3590.17 [SkipTime]:0 [Veto1]:625.822 [Veto2]:633.214 [Veto3]:409.823 [Veto4]:409.823 [SgUp1]:179054 [SgUp2]:174459 [SgUp3]:0 [SgUp4]:0 [SgLow1]:178776 [SgLow2]:174095 [SgLow3]:0 [SgLow4]:0 [NetMuon1]:598699 [NetMuon2]:597088 [NetMuon3]:642351 [NetMuon4]:642351
[Run]:23651 [Site]:1 [Bin]:2839 [FullTime]:3590.17 [SkipTime]:0 [Veto1]:622.091 [Veto2]:635.351 [Veto3]:409.541 [Veto4]:409.541 [SgUp1]:179118 [SgUp2]:175451 [SgUp3]:0 [SgUp4]:0 [SgLow1]:178722 [SgLow2]:175056 [SgLow3]:0 [SgLow4]:0 [NetMuon1]:599087 [NetMuon2]:596442 [NetMuon3]:641814 [NetMuon4]:641814
[Run]:23651 [Site]:1 [Bin]:2840 [FullTime]:3590.17 [SkipTime]:0 [Veto1]:633.03 [Veto2]:654.637 [Veto3]:409.379 [Veto4]:409.379 [SgUp1]:177688 [SgUp2]:173742 [SgUp3]:0 [SgUp4]:0 [SgLow1]:177391 [SgLow2]:173383 [SgLow3]:0 [SgLow4]:0 [NetMuon1]:596678 [NetMuon2]:592238 [NetMuon3]:641705 [NetMuon4]:641705
[Run]:23651 [Site]:1 [Bin]:2841 [FullTime]:3590.17 [SkipTime]:0 [Veto1]:645.205 [Veto2]:647.132 [Veto3]:409.496 [Veto4]:409.496 [SgUp1]:177181 [SgUp2]:174871 [SgUp3]:0 [SgUp4]:0 [SgLow1]:176861 [SgLow2]:174473 [SgLow3]:0 [SgLow4]:0 [NetMuon1]:594673 [NetMuon2]:594159 [NetMuon3]:642146 [NetMuon4]:642146
End process Run: 23651 ... 
[Run]:23651 [Site]:1 [Bin]:2842 [FullTime]:1958.51 [SkipTime]:0 [Veto1]:334.963 [Veto2]:353.387 [Veto3]:223.314 [Veto4]:223.314
