StreamChain add 0x163387e0
Start to process run: 24726 ... 
[Run]:24726 [Site]:1 [Bin]:3395 [FullTime]:2231.18 [SkipTime]:0 [Veto1]:382.252 [Veto2]:390.256 [Veto3]:253.466 [Veto4]:253.466 [SgUp1]:111150 [SgUp2]:108417 [SgUp3]:0 [SgUp4]:0 [SgLow1]:110905 [SgLow2]:108196 [SgLow3]:0 [SgLow4]:0 [NetMuon1]:371508 [NetMuon2]:369994 [NetMuon3]:397335 [NetMuon4]:397335
[Run]:24726 [Site]:1 [Bin]:3396 [FullTime]:3590.17 [SkipTime]:0 [Veto1]:613.249 [Veto2]:622.479 [Veto3]:408.442 [Veto4]:408.442 [SgUp1]:178829 [SgUp2]:175133 [SgUp3]:0 [SgUp4]:0 [SgLow1]:178424 [SgLow2]:174784 [SgLow3]:0 [SgLow4]:0 [NetMuon1]:599144 [NetMuon2]:597380 [NetMuon3]:640443 [NetMuon4]:640443
[Run]:24726 [Site]:1 [Bin]:3397 [FullTime]:3590.17 [SkipTime]:0 [Veto1]:626.459 [Veto2]:602.198 [Veto3]:408.312 [Veto4]:408.312 [SgUp1]:177614 [SgUp2]:177075 [SgUp3]:0 [SgUp4]:0 [SgLow1]:177232 [SgLow2]:176700 [SgLow3]:0 [SgLow4]:0 [NetMuon1]:596525 [NetMuon2]:600817 [NetMuon3]:640127 [NetMuon4]:640127
[Run]:24726 [Site]:1 [Bin]:3398 [FullTime]:3590.17 [SkipTime]:0 [Veto1]:630.267 [Veto2]:635.202 [Veto3]:408.953 [Veto4]:408.953 [SgUp1]:177603 [SgUp2]:174897 [SgUp3]:0 [SgUp4]:0 [SgLow1]:177254 [SgLow2]:174532 [SgLow3]:0 [SgLow4]:0 [NetMuon1]:596826 [NetMuon2]:595323 [NetMuon3]:641168 [NetMuon4]:641168
[Run]:24726 [Site]:1 [Bin]:3399 [FullTime]:3590.17 [SkipTime]:0 [Veto1]:625.194 [Veto2]:632.799 [Veto3]:408.632 [Veto4]:408.632 [SgUp1]:178193 [SgUp2]:174285 [SgUp3]:0 [SgUp4]:0 [SgLow1]:177895 [SgLow2]:173966 [SgLow3]:0 [SgLow4]:0 [NetMuon1]:597117 [NetMuon2]:594958 [NetMuon3]:640625 [NetMuon4]:640625
[Run]:24726 [Site]:1 [Bin]:3400 [FullTime]:3590.17 [SkipTime]:0 [Veto1]:612.905 [Veto2]:637.871 [Veto3]:409.253 [Veto4]:409.253 [SgUp1]:178639 [SgUp2]:174360 [SgUp3]:0 [SgUp4]:0 [SgLow1]:178264 [SgLow2]:173982 [SgLow3]:0 [SgLow4]:0 [NetMuon1]:600252 [NetMuon2]:595519 [NetMuon3]:641643 [NetMuon4]:641643
[Run]:24726 [Site]:1 [Bin]:3401 [FullTime]:3590.17 [SkipTime]:0 [Veto1]:632.731 [Veto2]:623.745 [Veto3]:409.209 [Veto4]:409.209 [SgUp1]:177352 [SgUp2]:174399 [SgUp3]:0 [SgUp4]:0 [SgLow1]:177000 [SgLow2]:173993 [SgLow3]:0 [SgLow4]:0 [NetMuon1]:596153 [NetMuon2]:597710 [NetMuon3]:641326 [NetMuon4]:641326
[Run]:24726 [Site]:1 [Bin]:3402 [FullTime]:3590.17 [SkipTime]:0 [Veto1]:613.735 [Veto2]:627.589 [Veto3]:408.59 [Veto4]:408.59 [SgUp1]:179105 [SgUp2]:175403 [SgUp3]:0 [SgUp4]:0 [SgLow1]:178777 [SgLow2]:175038 [SgLow3]:0 [SgLow4]:0 [NetMuon1]:599223 [NetMuon2]:596579 [NetMuon3]:640679 [NetMuon4]:640679
[Run]:24726 [Site]:1 [Bin]:3403 [FullTime]:3590.17 [SkipTime]:0 [Veto1]:626.492 [Veto2]:621.591 [Veto3]:408.536 [Veto4]:408.536 [SgUp1]:178527 [SgUp2]:175441 [SgUp3]:0 [SgUp4]:0 [SgLow1]:178201 [SgLow2]:175111 [SgLow3]:0 [SgLow4]:0 [NetMuon1]:596326 [NetMuon2]:597584 [NetMuon3]:640489 [NetMuon4]:640489
[Run]:24726 [Site]:1 [Bin]:3404 [FullTime]:3590.17 [SkipTime]:0 [Veto1]:629.745 [Veto2]:628.128 [Veto3]:408.685 [Veto4]:408.685 [SgUp1]:177672 [SgUp2]:175464 [SgUp3]:0 [SgUp4]:0 [SgLow1]:177333 [SgLow2]:175088 [SgLow3]:0 [SgLow4]:0 [NetMuon1]:596461 [NetMuon2]:596777 [NetMuon3]:640840 [NetMuon4]:640840
[Run]:24726 [Site]:1 [Bin]:3405 [FullTime]:3590.17 [SkipTime]:0 [Veto1]:645.01 [Veto2]:622.185 [Veto3]:408.455 [Veto4]:408.455 [SgUp1]:177170 [SgUp2]:174330 [SgUp3]:0 [SgUp4]:0 [SgLow1]:176794 [SgLow2]:173970 [SgLow3]:0 [SgLow4]:0 [NetMuon1]:592785 [NetMuon2]:597373 [NetMuon3]:640367 [NetMuon4]:640367
[Run]:24726 [Site]:1 [Bin]:3406 [FullTime]:3590.17 [SkipTime]:0 [Veto1]:619.682 [Veto2]:643.233 [Veto3]:408.733 [Veto4]:408.733 [SgUp1]:178280 [SgUp2]:174372 [SgUp3]:0 [SgUp4]:0 [SgLow1]:177853 [SgLow2]:174010 [SgLow3]:0 [SgLow4]:0 [NetMuon1]:598014 [NetMuon2]:593501 [NetMuon3]:640771 [NetMuon4]:640771
[Run]:24726 [Site]:1 [Bin]:3407 [FullTime]:3590.17 [SkipTime]:0 [Veto1]:624.624 [Veto2]:633.994 [Veto3]:408.42 [Veto4]:408.42 [SgUp1]:177848 [SgUp2]:174911 [SgUp3]:0 [SgUp4]:0 [SgLow1]:177516 [SgLow2]:174581 [SgLow3]:0 [SgLow4]:0 [NetMuon1]:597078 [NetMuon2]:595302 [NetMuon3]:640539 [NetMuon4]:640539
[Run]:24726 [Site]:1 [Bin]:3408 [FullTime]:3590.17 [SkipTime]:0 [Veto1]:630.597 [Veto2]:607.833 [Veto3]:408.016 [Veto4]:408.016 [SgUp1]:178320 [SgUp2]:177144 [SgUp3]:0 [SgUp4]:0 [SgLow1]:177965 [SgLow2]:176766 [SgLow3]:0 [SgLow4]:0 [NetMuon1]:595227 [NetMuon2]:599739 [NetMuon3]:639956 [NetMuon4]:639956
[Run]:24726 [Site]:1 [Bin]:3409 [FullTime]:3590.17 [SkipTime]:0 [Veto1]:604.466 [Veto2]:637.342 [Veto3]:408.114 [Veto4]:408.114 [SgUp1]:178877 [SgUp2]:175288 [SgUp3]:0 [SgUp4]:0 [SgLow1]:178512 [SgLow2]:174949 [SgLow3]:0 [SgLow4]:0 [NetMuon1]:600298 [NetMuon2]:593632 [NetMuon3]:639670 [NetMuon4]:639670
[Run]:24726 [Site]:1 [Bin]:3410 [FullTime]:3590.17 [SkipTime]:0 [Veto1]:610.998 [Veto2]:634.528 [Veto3]:407.736 [Veto4]:407.736 [SgUp1]:179422 [SgUp2]:174694 [SgUp3]:0 [SgUp4]:0 [SgLow1]:179121 [SgLow2]:174366 [SgLow3]:0 [SgLow4]:0 [NetMuon1]:598595 [NetMuon2]:593751 [NetMuon3]:639435 [NetMuon4]:639435
[Run]:24726 [Site]:1 [Bin]:3411 [FullTime]:3590.17 [SkipTime]:0 [Veto1]:613.294 [Veto2]:626.256 [Veto3]:407.732 [Veto4]:407.732 [SgUp1]:179054 [SgUp2]:175351 [SgUp3]:0 [SgUp4]:0 [SgLow1]:178727 [SgLow2]:174982 [SgLow3]:0 [SgLow4]:0 [NetMuon1]:597751 [NetMuon2]:595129 [NetMuon3]:639175 [NetMuon4]:639175
[Run]:24726 [Site]:1 [Bin]:3412 [FullTime]:3590.17 [SkipTime]:0 [Veto1]:623.278 [Veto2]:637.047 [Veto3]:407.889 [Veto4]:407.889 [SgUp1]:178439 [SgUp2]:174572 [SgUp3]:0 [SgUp4]:0 [SgLow1]:178111 [SgLow2]:174249 [SgLow3]:0 [SgLow4]:0 [NetMuon1]:596188 [NetMuon2]:593546 [NetMuon3]:639571 [NetMuon4]:639571
[Run]:24726 [Site]:1 [Bin]:3413 [FullTime]:3590.17 [SkipTime]:0 [Veto1]:609.306 [Veto2]:617.039 [Veto3]:408.082 [Veto4]:408.082 [SgUp1]:178994 [SgUp2]:177176 [SgUp3]:0 [SgUp4]:0 [SgLow1]:178636 [SgLow2]:176814 [SgLow3]:0 [SgLow4]:0 [NetMuon1]:599201 [NetMuon2]:598030 [NetMuon3]:639818 [NetMuon4]:639818
[Run]:24726 [Site]:1 [Bin]:3414 [FullTime]:3590.17 [SkipTime]:0 [Veto1]:610.829 [Veto2]:624.05 [Veto3]:407.584 [Veto4]:407.584 [SgUp1]:179716 [SgUp2]:175967 [SgUp3]:0 [SgUp4]:0 [SgLow1]:179333 [SgLow2]:175621 [SgLow3]:0 [SgLow4]:0 [NetMuon1]:598391 [NetMuon2]:595376 [NetMuon3]:638935 [NetMuon4]:638935
[Run]:24726 [Site]:1 [Bin]:3415 [FullTime]:3590.17 [SkipTime]:0 [Veto1]:626.844 [Veto2]:626.033 [Veto3]:408.633 [Veto4]:408.633 [SgUp1]:178101 [SgUp2]:175736 [SgUp3]:0 [SgUp4]:0 [SgLow1]:177723 [SgLow2]:175331 [SgLow3]:0 [SgLow4]:0 [NetMuon1]:596726 [NetMuon2]:597295 [NetMuon3]:640797 [NetMuon4]:640797
[Run]:24726 [Site]:1 [Bin]:3416 [FullTime]:3590.17 [SkipTime]:0 [Veto1]:618.384 [Veto2]:640.261 [Veto3]:408.314 [Veto4]:408.314 [SgUp1]:178962 [SgUp2]:174114 [SgUp3]:0 [SgUp4]:0 [SgLow1]:178608 [SgLow2]:173746 [SgLow3]:0 [SgLow4]:0 [NetMuon1]:597575 [NetMuon2]:593000 [NetMuon3]:640069 [NetMuon4]:640069
[Run]:24726 [Site]:1 [Bin]:3417 [FullTime]:3590.17 [SkipTime]:0 [Veto1]:624.688 [Veto2]:606.545 [Veto3]:407.121 [Veto4]:407.121 [SgUp1]:179024 [SgUp2]:176933 [SgUp3]:0 [SgUp4]:0 [SgLow1]:178630 [SgLow2]:176566 [SgLow3]:0 [SgLow4]:0 [NetMuon1]:594949 [NetMuon2]:598438 [NetMuon3]:638444 [NetMuon4]:638444
[Run]:24726 [Site]:1 [Bin]:3418 [FullTime]:3590.17 [SkipTime]:0 [Veto1]:631.291 [Veto2]:641.572 [Veto3]:408.75 [Veto4]:408.75 [SgUp1]:177987 [SgUp2]:174752 [SgUp3]:0 [SgUp4]:0 [SgLow1]:177629 [SgLow2]:174447 [SgLow3]:0 [SgLow4]:0 [NetMuon1]:596502 [NetMuon2]:593740 [NetMuon3]:640791 [NetMuon4]:640791
[Run]:24726 [Site]:1 [Bin]:3419 [FullTime]:3590.17 [SkipTime]:0 [Veto1]:618.611 [Veto2]:630.903 [Veto3]:409.186 [Veto4]:409.186 [SgUp1]:178275 [SgUp2]:175103 [SgUp3]:0 [SgUp4]:0 [SgLow1]:177892 [SgLow2]:174756 [SgLow3]:0 [SgLow4]:0 [NetMuon1]:599031 [NetMuon2]:596567 [NetMuon3]:641349 [NetMuon4]:641349
[Run]:24726 [Site]:1 [Bin]:3420 [FullTime]:3590.17 [SkipTime]:0 [Veto1]:619.387 [Veto2]:625.531 [Veto3]:409.411 [Veto4]:409.411 [SgUp1]:178215 [SgUp2]:176157 [SgUp3]:0 [SgUp4]:0 [SgLow1]:177839 [SgLow2]:175781 [SgLow3]:0 [SgLow4]:0 [NetMuon1]:599311 [NetMuon2]:598361 [NetMuon3]:641892 [NetMuon4]:641892
[Run]:24726 [Site]:1 [Bin]:3421 [FullTime]:3590.17 [SkipTime]:0 [Veto1]:621.424 [Veto2]:647.32 [Veto3]:409.106 [Veto4]:409.106 [SgUp1]:178272 [SgUp2]:174170 [SgUp3]:0 [SgUp4]:0 [SgLow1]:177915 [SgLow2]:173823 [SgLow3]:0 [SgLow4]:0 [NetMuon1]:598608 [NetMuon2]:592899 [NetMuon3]:641173 [NetMuon4]:641173
[Run]:24726 [Site]:1 [Bin]:3422 [FullTime]:3590.17 [SkipTime]:0 [Veto1]:622.564 [Veto2]:620.864 [Veto3]:409.583 [Veto4]:409.583 [SgUp1]:177284 [SgUp2]:175052 [SgUp3]:0 [SgUp4]:0 [SgLow1]:176908 [SgLow2]:174700 [SgLow3]:0 [SgLow4]:0 [NetMuon1]:599066 [NetMuon2]:599470 [NetMuon3]:642188 [NetMuon4]:642188
[Run]:24726 [Site]:1 [Bin]:3423 [FullTime]:3590.17 [SkipTime]:0 [Veto1]:623.293 [Veto2]:652.711 [Veto3]:409.627 [Veto4]:409.627 [SgUp1]:178566 [SgUp2]:173444 [SgUp3]:0 [SgUp4]:0 [SgLow1]:178213 [SgLow2]:173069 [SgLow3]:0 [SgLow4]:0 [NetMuon1]:598622 [NetMuon2]:592911 [NetMuon3]:641705 [NetMuon4]:641705
[Run]:24726 [Site]:1 [Bin]:3424 [FullTime]:3590.17 [SkipTime]:0 [Veto1]:616.553 [Veto2]:640.995 [Veto3]:408.951 [Veto4]:408.951 [SgUp1]:179281 [SgUp2]:173305 [SgUp3]:0 [SgUp4]:0 [SgLow1]:178884 [SgLow2]:172937 [SgLow3]:0 [SgLow4]:0 [NetMuon1]:599022 [NetMuon2]:594355 [NetMuon3]:640856 [NetMuon4]:640856
[Run]:24726 [Site]:1 [Bin]:3425 [FullTime]:3590.17 [SkipTime]:0 [Veto1]:626.806 [Veto2]:627.924 [Veto3]:408.574 [Veto4]:408.574 [SgUp1]:177809 [SgUp2]:175093 [SgUp3]:0 [SgUp4]:0 [SgLow1]:177452 [SgLow2]:174765 [SgLow3]:0 [SgLow4]:0 [NetMuon1]:596961 [NetMuon2]:596613 [NetMuon3]:640630 [NetMuon4]:640630
[Run]:24726 [Site]:1 [Bin]:3426 [FullTime]:3590.17 [SkipTime]:0 [Veto1]:624.922 [Veto2]:634.67 [Veto3]:408.42 [Veto4]:408.42 [SgUp1]:177720 [SgUp2]:174900 [SgUp3]:0 [SgUp4]:0 [SgLow1]:177343 [SgLow2]:174537 [SgLow3]:0 [SgLow4]:0 [NetMuon1]:596665 [NetMuon2]:594551 [NetMuon3]:640221 [NetMuon4]:640221
[Run]:24726 [Site]:1 [Bin]:3427 [FullTime]:3590.17 [SkipTime]:0 [Veto1]:608.931 [Veto2]:637.8 [Veto3]:408.202 [Veto4]:408.202 [SgUp1]:178998 [SgUp2]:174090 [SgUp3]:0 [SgUp4]:0 [SgLow1]:178649 [SgLow2]:173711 [SgLow3]:0 [SgLow4]:0 [NetMuon1]:599690 [NetMuon2]:594018 [NetMuon3]:640112 [NetMuon4]:640112
[Run]:24726 [Site]:1 [Bin]:3428 [FullTime]:3590.17 [SkipTime]:0 [Veto1]:608.942 [Veto2]:613.77 [Veto3]:408.227 [Veto4]:408.227 [SgUp1]:179281 [SgUp2]:175984 [SgUp3]:0 [SgUp4]:0 [SgLow1]:178921 [SgLow2]:175573 [SgLow3]:0 [SgLow4]:0 [NetMuon1]:599698 [NetMuon2]:598734 [NetMuon3]:640057 [NetMuon4]:640057
[Run]:24726 [Site]:1 [Bin]:3429 [FullTime]:3590.17 [SkipTime]:0 [Veto1]:625.524 [Veto2]:639.551 [Veto3]:407.967 [Veto4]:407.967 [SgUp1]:179096 [SgUp2]:173828 [SgUp3]:0 [SgUp4]:0 [SgLow1]:178714 [SgLow2]:173479 [SgLow3]:0 [SgLow4]:0 [NetMuon1]:596471 [NetMuon2]:593322 [NetMuon3]:639565 [NetMuon4]:639565
[Run]:24726 [Site]:1 [Bin]:3430 [FullTime]:3590.17 [SkipTime]:0 [Veto1]:641.024 [Veto2]:634.541 [Veto3]:407.633 [Veto4]:407.633 [SgUp1]:177767 [SgUp2]:174044 [SgUp3]:0 [SgUp4]:0 [SgLow1]:177376 [SgLow2]:173711 [SgLow3]:0 [SgLow4]:0 [NetMuon1]:592179 [NetMuon2]:593286 [NetMuon3]:639095 [NetMuon4]:639095
[Run]:24726 [Site]:1 [Bin]:3431 [FullTime]:3590.17 [SkipTime]:0 [Veto1]:620.253 [Veto2]:629.899 [Veto3]:408.265 [Veto4]:408.265 [SgUp1]:178402 [SgUp2]:174630 [SgUp3]:0 [SgUp4]:0 [SgLow1]:178017 [SgLow2]:174290 [SgLow3]:0 [SgLow4]:0 [NetMuon1]:597104 [NetMuon2]:595787 [NetMuon3]:639883 [NetMuon4]:639883
[Run]:24726 [Site]:1 [Bin]:3432 [FullTime]:3590.17 [SkipTime]:0 [Veto1]:600.749 [Veto2]:611.558 [Veto3]:407.817 [Veto4]:407.817 [SgUp1]:179816 [SgUp2]:175798 [SgUp3]:0 [SgUp4]:0 [SgLow1]:179466 [SgLow2]:175436 [SgLow3]:0 [SgLow4]:0 [NetMuon1]:600862 [NetMuon2]:598838 [NetMuon3]:639465 [NetMuon4]:639465
[Run]:24726 [Site]:1 [Bin]:3433 [FullTime]:3590.17 [SkipTime]:0 [Veto1]:630.148 [Veto2]:636.101 [Veto3]:407.909 [Veto4]:407.909 [SgUp1]:177424 [SgUp2]:174307 [SgUp3]:0 [SgUp4]:0 [SgLow1]:177074 [SgLow2]:173977 [SgLow3]:0 [SgLow4]:0 [NetMuon1]:594604 [NetMuon2]:593034 [NetMuon3]:639414 [NetMuon4]:639414
[Run]:24726 [Site]:1 [Bin]:3434 [FullTime]:3590.17 [SkipTime]:0 [Veto1]:607.98 [Veto2]:628.617 [Veto3]:408.512 [Veto4]:408.512 [SgUp1]:179867 [SgUp2]:174990 [SgUp3]:0 [SgUp4]:0 [SgLow1]:179487 [SgLow2]:174618 [SgLow3]:0 [SgLow4]:0 [NetMuon1]:599937 [NetMuon2]:595858 [NetMuon3]:640201 [NetMuon4]:640201
[Run]:24726 [Site]:1 [Bin]:3435 [FullTime]:3590.17 [SkipTime]:0 [Veto1]:621.04 [Veto2]:629.797 [Veto3]:408.409 [Veto4]:408.409 [SgUp1]:178747 [SgUp2]:174741 [SgUp3]:0 [SgUp4]:0 [SgLow1]:178383 [SgLow2]:174384 [SgLow3]:0 [SgLow4]:0 [NetMuon1]:597451 [NetMuon2]:595593 [NetMuon3]:640187 [NetMuon4]:640187
[Run]:24726 [Site]:1 [Bin]:3436 [FullTime]:3590.17 [SkipTime]:0 [Veto1]:614.859 [Veto2]:613.996 [Veto3]:408.79 [Veto4]:408.79 [SgUp1]:178241 [SgUp2]:176508 [SgUp3]:0 [SgUp4]:0 [SgLow1]:177842 [SgLow2]:176141 [SgLow3]:0 [SgLow4]:0 [NetMuon1]:599751 [NetMuon2]:599940 [NetMuon3]:641070 [NetMuon4]:641070
[Run]:24726 [Site]:1 [Bin]:3437 [FullTime]:3590.17 [SkipTime]:0 [Veto1]:609.148 [Veto2]:623.995 [Veto3]:409.047 [Veto4]:409.047 [SgUp1]:178849 [SgUp2]:175402 [SgUp3]:0 [SgUp4]:0 [SgLow1]:178476 [SgLow2]:175089 [SgLow3]:0 [SgLow4]:0 [NetMuon1]:600804 [NetMuon2]:598218 [NetMuon3]:641192 [NetMuon4]:641192
[Run]:24726 [Site]:1 [Bin]:3438 [FullTime]:3590.17 [SkipTime]:0 [Veto1]:625.878 [Veto2]:636.488 [Veto3]:408.004 [Veto4]:408.004 [SgUp1]:178898 [SgUp2]:174818 [SgUp3]:0 [SgUp4]:0 [SgLow1]:178499 [SgLow2]:174463 [SgLow3]:0 [SgLow4]:0 [NetMuon1]:596163 [NetMuon2]:593424 [NetMuon3]:639915 [NetMuon4]:639915
[Run]:24726 [Site]:1 [Bin]:3439 [FullTime]:3590.17 [SkipTime]:0 [Veto1]:616.038 [Veto2]:624.55 [Veto3]:408.268 [Veto4]:408.268 [SgUp1]:178513 [SgUp2]:175603 [SgUp3]:0 [SgUp4]:0 [SgLow1]:178149 [SgLow2]:175239 [SgLow3]:0 [SgLow4]:0 [NetMuon1]:598321 [NetMuon2]:596714 [NetMuon3]:640187 [NetMuon4]:640187
[Run]:24726 [Site]:1 [Bin]:3440 [FullTime]:3590.17 [SkipTime]:0 [Veto1]:660.184 [Veto2]:662.614 [Veto3]:408.594 [Veto4]:408.594 [SgUp1]:176583 [SgUp2]:172974 [SgUp3]:0 [SgUp4]:0 [SgLow1]:176217 [SgLow2]:172584 [SgLow3]:0 [SgLow4]:0 [NetMuon1]:589649 [NetMuon2]:589341 [NetMuon3]:640455 [NetMuon4]:640455
[Run]:24726 [Site]:1 [Bin]:3441 [FullTime]:3590.17 [SkipTime]:0 [Veto1]:621.869 [Veto2]:637.449 [Veto3]:407.652 [Veto4]:407.652 [SgUp1]:179725 [SgUp2]:174800 [SgUp3]:0 [SgUp4]:0 [SgLow1]:179396 [SgLow2]:174421 [SgLow3]:0 [SgLow4]:0 [NetMuon1]:596093 [NetMuon2]:592958 [NetMuon3]:639191 [NetMuon4]:639191
[Run]:24726 [Site]:1 [Bin]:3442 [FullTime]:3590.17 [SkipTime]:0 [Veto1]:620.11 [Veto2]:652.105 [Veto3]:408.45 [Veto4]:408.45 [SgUp1]:178030 [SgUp2]:173590 [SgUp3]:0 [SgUp4]:0 [SgLow1]:177674 [SgLow2]:173230 [SgLow3]:0 [SgLow4]:0 [NetMuon1]:597512 [NetMuon2]:591304 [NetMuon3]:640277 [NetMuon4]:640277
End process Run: 24726 ... 
[Run]:24726 [Site]:1 [Bin]:3443 [FullTime]:1406.98 [SkipTime]:0 [Veto1]:227.76 [Veto2]:250.085 [Veto3]:159.998 [Veto4]:159.998
