StreamChain add 0x128b47e0
Start to process run: 24603 ... 
[Run]:24603 [Site]:1 [Bin]:3230 [FullTime]:3.63152 [SkipTime]:0 [Veto1]:0.436492 [Veto2]:0.439651 [Veto3]:0.410586 [Veto4]:0.410586 [SgUp1]:179 [SgUp2]:178 [SgUp3]:0 [SgUp4]:0 [SgLow1]:179 [SgLow2]:178 [SgLow3]:0 [SgLow4]:0 [NetMuon1]:644 [NetMuon2]:642 [NetMuon3]:647 [NetMuon4]:647
[Run]:24603 [Site]:1 [Bin]:3231 [FullTime]:3590.17 [SkipTime]:0 [Veto1]:631.763 [Veto2]:635.706 [Veto3]:409.152 [Veto4]:409.152 [SgUp1]:178522 [SgUp2]:174803 [SgUp3]:0 [SgUp4]:0 [SgLow1]:178223 [SgLow2]:174440 [SgLow3]:0 [SgLow4]:0 [NetMuon1]:597095 [NetMuon2]:595807 [NetMuon3]:641402 [NetMuon4]:641402
[Run]:24603 [Site]:1 [Bin]:3232 [FullTime]:3590.17 [SkipTime]:0 [Veto1]:617.469 [Veto2]:616.206 [Veto3]:409.854 [Veto4]:409.854 [SgUp1]:179242 [SgUp2]:175868 [SgUp3]:0 [SgUp4]:0 [SgLow1]:178892 [SgLow2]:175521 [SgLow3]:0 [SgLow4]:0 [NetMuon1]:600276 [NetMuon2]:600645 [NetMuon3]:642289 [NetMuon4]:642289
[Run]:24603 [Site]:1 [Bin]:3233 [FullTime]:3590.17 [SkipTime]:0 [Veto1]:639.835 [Veto2]:644.719 [Veto3]:408.401 [Veto4]:408.401 [SgUp1]:177323 [SgUp2]:174373 [SgUp3]:0 [SgUp4]:0 [SgLow1]:176972 [SgLow2]:173989 [SgLow3]:0 [SgLow4]:0 [NetMuon1]:593774 [NetMuon2]:592470 [NetMuon3]:640174 [NetMuon4]:640174
[Run]:24603 [Site]:1 [Bin]:3234 [FullTime]:3590.17 [SkipTime]:0 [Veto1]:618.806 [Veto2]:640.93 [Veto3]:408.16 [Veto4]:408.16 [SgUp1]:179130 [SgUp2]:174798 [SgUp3]:0 [SgUp4]:0 [SgLow1]:178773 [SgLow2]:174456 [SgLow3]:0 [SgLow4]:0 [NetMuon1]:597598 [NetMuon2]:592735 [NetMuon3]:639584 [NetMuon4]:639584
[Run]:24603 [Site]:1 [Bin]:3235 [FullTime]:3590.17 [SkipTime]:0 [Veto1]:621.355 [Veto2]:630.771 [Veto3]:408.924 [Veto4]:408.924 [SgUp1]:179369 [SgUp2]:175279 [SgUp3]:0 [SgUp4]:0 [SgLow1]:179004 [SgLow2]:174921 [SgLow3]:0 [SgLow4]:0 [NetMuon1]:598257 [NetMuon2]:596713 [NetMuon3]:641021 [NetMuon4]:641021
[Run]:24603 [Site]:1 [Bin]:3236 [FullTime]:3590.17 [SkipTime]:0 [Veto1]:620.405 [Veto2]:636.631 [Veto3]:409.078 [Veto4]:409.078 [SgUp1]:178780 [SgUp2]:174873 [SgUp3]:0 [SgUp4]:0 [SgLow1]:178437 [SgLow2]:174517 [SgLow3]:0 [SgLow4]:0 [NetMuon1]:598416 [NetMuon2]:594905 [NetMuon3]:641140 [NetMuon4]:641140
[Run]:24603 [Site]:1 [Bin]:3237 [FullTime]:3590.17 [SkipTime]:0 [Veto1]:620.158 [Veto2]:642.938 [Veto3]:408.486 [Veto4]:408.486 [SgUp1]:178955 [SgUp2]:174907 [SgUp3]:0 [SgUp4]:0 [SgLow1]:178626 [SgLow2]:174542 [SgLow3]:0 [SgLow4]:0 [NetMuon1]:597426 [NetMuon2]:593086 [NetMuon3]:640263 [NetMuon4]:640263
[Run]:24603 [Site]:1 [Bin]:3238 [FullTime]:3590.17 [SkipTime]:0 [Veto1]:627.318 [Veto2]:638.235 [Veto3]:408.529 [Veto4]:408.529 [SgUp1]:177954 [SgUp2]:175227 [SgUp3]:0 [SgUp4]:0 [SgLow1]:177536 [SgLow2]:174837 [SgLow3]:0 [SgLow4]:0 [NetMuon1]:596575 [NetMuon2]:594154 [NetMuon3]:640358 [NetMuon4]:640358
[Run]:24603 [Site]:1 [Bin]:3239 [FullTime]:3590.17 [SkipTime]:0 [Veto1]:612.966 [Veto2]:627.144 [Veto3]:409.412 [Veto4]:409.412 [SgUp1]:179596 [SgUp2]:175929 [SgUp3]:0 [SgUp4]:0 [SgLow1]:179256 [SgLow2]:175598 [SgLow3]:0 [SgLow4]:0 [NetMuon1]:600661 [NetMuon2]:597524 [NetMuon3]:641510 [NetMuon4]:641510
[Run]:24603 [Site]:1 [Bin]:3240 [FullTime]:3590.17 [SkipTime]:0 [Veto1]:625.344 [Veto2]:603.579 [Veto3]:408.621 [Veto4]:408.621 [SgUp1]:178696 [SgUp2]:177496 [SgUp3]:0 [SgUp4]:0 [SgLow1]:178348 [SgLow2]:177161 [SgLow3]:0 [SgLow4]:0 [NetMuon1]:597038 [NetMuon2]:601175 [NetMuon3]:640375 [NetMuon4]:640375
[Run]:24603 [Site]:1 [Bin]:3241 [FullTime]:3590.17 [SkipTime]:0 [Veto1]:611.759 [Veto2]:640.19 [Veto3]:409.476 [Veto4]:409.476 [SgUp1]:178947 [SgUp2]:175451 [SgUp3]:0 [SgUp4]:0 [SgLow1]:178534 [SgLow2]:175048 [SgLow3]:0 [SgLow4]:0 [NetMuon1]:600740 [NetMuon2]:595158 [NetMuon3]:641513 [NetMuon4]:641513
[Run]:24603 [Site]:1 [Bin]:3242 [FullTime]:3590.17 [SkipTime]:0 [Veto1]:620.37 [Veto2]:620.797 [Veto3]:409.311 [Veto4]:409.311 [SgUp1]:179088 [SgUp2]:176791 [SgUp3]:0 [SgUp4]:0 [SgLow1]:178727 [SgLow2]:176426 [SgLow3]:0 [SgLow4]:0 [NetMuon1]:598701 [NetMuon2]:598861 [NetMuon3]:641386 [NetMuon4]:641386
[Run]:24603 [Site]:1 [Bin]:3243 [FullTime]:3590.17 [SkipTime]:0 [Veto1]:624.967 [Veto2]:640.858 [Veto3]:408.542 [Veto4]:408.542 [SgUp1]:179492 [SgUp2]:174995 [SgUp3]:0 [SgUp4]:0 [SgLow1]:179151 [SgLow2]:174634 [SgLow3]:0 [SgLow4]:0 [NetMuon1]:596840 [NetMuon2]:593360 [NetMuon3]:640309 [NetMuon4]:640309
[Run]:24603 [Site]:1 [Bin]:3244 [FullTime]:3590.17 [SkipTime]:0 [Veto1]:615.753 [Veto2]:632.528 [Veto3]:407.532 [Veto4]:407.532 [SgUp1]:179409 [SgUp2]:175170 [SgUp3]:0 [SgUp4]:0 [SgLow1]:179012 [SgLow2]:174799 [SgLow3]:0 [SgLow4]:0 [NetMuon1]:597135 [NetMuon2]:594259 [NetMuon3]:639133 [NetMuon4]:639133
[Run]:24603 [Site]:1 [Bin]:3245 [FullTime]:3590.17 [SkipTime]:0 [Veto1]:609.207 [Veto2]:637.348 [Veto3]:408.069 [Veto4]:408.069 [SgUp1]:180478 [SgUp2]:174520 [SgUp3]:0 [SgUp4]:0 [SgLow1]:180090 [SgLow2]:174183 [SgLow3]:0 [SgLow4]:0 [NetMuon1]:599544 [NetMuon2]:593303 [NetMuon3]:639716 [NetMuon4]:639716
End process Run: 24603 ... 
[Run]:24603 [Site]:1 [Bin]:3246 [FullTime]:3280.16 [SkipTime]:0 [Veto1]:546.116 [Veto2]:571.7 [Veto3]:373.679 [Veto4]:373.679
