StreamChain add 0x143807e0
Start to process run: 24983 ... 
[Run]:24983 [Site]:1 [Bin]:3694 [FullTime]:2287.7 [SkipTime]:0 [Veto1]:400.81 [Veto2]:405.152 [Veto3]:260.276 [Veto4]:260.276 [SgUp1]:113325 [SgUp2]:111523 [SgUp3]:0 [SgUp4]:0 [SgLow1]:113081 [SgLow2]:111333 [SgLow3]:0 [SgLow4]:0 [NetMuon1]:379435 [NetMuon2]:379150 [NetMuon3]:408108 [NetMuon4]:408108
[Run]:24983 [Site]:1 [Bin]:3695 [FullTime]:3590.18 [SkipTime]:0 [Veto1]:624.815 [Veto2]:595.795 [Veto3]:408.42 [Veto4]:408.42 [SgUp1]:178732 [SgUp2]:176970 [SgUp3]:0 [SgUp4]:0 [SgLow1]:178394 [SgLow2]:176594 [SgLow3]:0 [SgLow4]:0 [NetMuon1]:596830 [NetMuon2]:602490 [NetMuon3]:640265 [NetMuon4]:640265
[Run]:24983 [Site]:1 [Bin]:3696 [FullTime]:3590.16 [SkipTime]:0 [Veto1]:631.039 [Veto2]:624.646 [Veto3]:408.609 [Veto4]:408.609 [SgUp1]:178994 [SgUp2]:175516 [SgUp3]:0 [SgUp4]:0 [SgLow1]:178630 [SgLow2]:175133 [SgLow3]:0 [SgLow4]:0 [NetMuon1]:595948 [NetMuon2]:596841 [NetMuon3]:640536 [NetMuon4]:640536
[Run]:24983 [Site]:1 [Bin]:3697 [FullTime]:3590.17 [SkipTime]:0 [Veto1]:618.238 [Veto2]:637.676 [Veto3]:408.671 [Veto4]:408.671 [SgUp1]:178565 [SgUp2]:173497 [SgUp3]:0 [SgUp4]:0 [SgLow1]:178228 [SgLow2]:173172 [SgLow3]:0 [SgLow4]:0 [NetMuon1]:598285 [NetMuon2]:594389 [NetMuon3]:640514 [NetMuon4]:640514
[Run]:24983 [Site]:1 [Bin]:3698 [FullTime]:3590.17 [SkipTime]:0 [Veto1]:619.197 [Veto2]:623.654 [Veto3]:408.61 [Veto4]:408.61 [SgUp1]:178629 [SgUp2]:175031 [SgUp3]:0 [SgUp4]:0 [SgLow1]:178282 [SgLow2]:174646 [SgLow3]:0 [SgLow4]:0 [NetMuon1]:597952 [NetMuon2]:597219 [NetMuon3]:640517 [NetMuon4]:640517
[Run]:24983 [Site]:1 [Bin]:3699 [FullTime]:3590.17 [SkipTime]:0 [Veto1]:608.933 [Veto2]:620.248 [Veto3]:407.874 [Veto4]:407.874 [SgUp1]:180350 [SgUp2]:175368 [SgUp3]:0 [SgUp4]:0 [SgLow1]:179977 [SgLow2]:174996 [SgLow3]:0 [SgLow4]:0 [NetMuon1]:599361 [NetMuon2]:596640 [NetMuon3]:639448 [NetMuon4]:639448
[Run]:24983 [Site]:1 [Bin]:3700 [FullTime]:3590.17 [SkipTime]:0 [Veto1]:612.752 [Veto2]:629.362 [Veto3]:409.088 [Veto4]:409.088 [SgUp1]:180142 [SgUp2]:174852 [SgUp3]:0 [SgUp4]:0 [SgLow1]:179737 [SgLow2]:174517 [SgLow3]:0 [SgLow4]:0 [NetMuon1]:599830 [NetMuon2]:596769 [NetMuon3]:641212 [NetMuon4]:641212
[Run]:24983 [Site]:1 [Bin]:3701 [FullTime]:3590.17 [SkipTime]:0 [Veto1]:629.234 [Veto2]:617.562 [Veto3]:408.685 [Veto4]:408.685 [SgUp1]:178138 [SgUp2]:175520 [SgUp3]:0 [SgUp4]:0 [SgLow1]:177786 [SgLow2]:175201 [SgLow3]:0 [SgLow4]:0 [NetMuon1]:596229 [NetMuon2]:598674 [NetMuon3]:640577 [NetMuon4]:640577
[Run]:24983 [Site]:1 [Bin]:3702 [FullTime]:3590.17 [SkipTime]:0 [Veto1]:611.285 [Veto2]:634 [Veto3]:408.364 [Veto4]:408.364 [SgUp1]:179278 [SgUp2]:174854 [SgUp3]:0 [SgUp4]:0 [SgLow1]:178909 [SgLow2]:174478 [SgLow3]:0 [SgLow4]:0 [NetMuon1]:598714 [NetMuon2]:594439 [NetMuon3]:639891 [NetMuon4]:639891
[Run]:24983 [Site]:1 [Bin]:3703 [FullTime]:3590.17 [SkipTime]:0 [Veto1]:641.303 [Veto2]:646.257 [Veto3]:408.702 [Veto4]:408.702 [SgUp1]:177283 [SgUp2]:173365 [SgUp3]:0 [SgUp4]:0 [SgLow1]:176932 [SgLow2]:172971 [SgLow3]:0 [SgLow4]:0 [NetMuon1]:593799 [NetMuon2]:593380 [NetMuon3]:640787 [NetMuon4]:640787
[Run]:24983 [Site]:1 [Bin]:3704 [FullTime]:3590.17 [SkipTime]:0 [Veto1]:613.899 [Veto2]:627.633 [Veto3]:410.237 [Veto4]:410.237 [SgUp1]:178816 [SgUp2]:174954 [SgUp3]:0 [SgUp4]:0 [SgLow1]:178449 [SgLow2]:174628 [SgLow3]:0 [SgLow4]:0 [NetMuon1]:601725 [NetMuon2]:598783 [NetMuon3]:642814 [NetMuon4]:642814
[Run]:24983 [Site]:1 [Bin]:3705 [FullTime]:3590.17 [SkipTime]:0 [Veto1]:634.803 [Veto2]:598.268 [Veto3]:408.272 [Veto4]:408.272 [SgUp1]:177256 [SgUp2]:176708 [SgUp3]:0 [SgUp4]:0 [SgLow1]:176919 [SgLow2]:176370 [SgLow3]:0 [SgLow4]:0 [NetMuon1]:594171 [NetMuon2]:601803 [NetMuon3]:639947 [NetMuon4]:639947
[Run]:24983 [Site]:1 [Bin]:3706 [FullTime]:3590.17 [SkipTime]:0 [Veto1]:635.886 [Veto2]:632.654 [Veto3]:409.408 [Veto4]:409.408 [SgUp1]:176909 [SgUp2]:174894 [SgUp3]:0 [SgUp4]:0 [SgLow1]:176533 [SgLow2]:174507 [SgLow3]:0 [SgLow4]:0 [NetMuon1]:595989 [NetMuon2]:596947 [NetMuon3]:641861 [NetMuon4]:641861
[Run]:24983 [Site]:1 [Bin]:3707 [FullTime]:3590.17 [SkipTime]:0 [Veto1]:629.884 [Veto2]:647.393 [Veto3]:408.66 [Veto4]:408.66 [SgUp1]:178513 [SgUp2]:173603 [SgUp3]:0 [SgUp4]:0 [SgLow1]:178187 [SgLow2]:173277 [SgLow3]:0 [SgLow4]:0 [NetMuon1]:595749 [NetMuon2]:592394 [NetMuon3]:640554 [NetMuon4]:640554
[Run]:24983 [Site]:1 [Bin]:3708 [FullTime]:3590.17 [SkipTime]:0 [Veto1]:602.195 [Veto2]:621.869 [Veto3]:408.773 [Veto4]:408.773 [SgUp1]:180252 [SgUp2]:174441 [SgUp3]:0 [SgUp4]:0 [SgLow1]:179894 [SgLow2]:174117 [SgLow3]:0 [SgLow4]:0 [NetMuon1]:601933 [NetMuon2]:597758 [NetMuon3]:640814 [NetMuon4]:640814
[Run]:24983 [Site]:1 [Bin]:3709 [FullTime]:3590.17 [SkipTime]:0 [Veto1]:623.031 [Veto2]:639.281 [Veto3]:409.257 [Veto4]:409.257 [SgUp1]:177479 [SgUp2]:173724 [SgUp3]:0 [SgUp4]:0 [SgLow1]:177091 [SgLow2]:173383 [SgLow3]:0 [SgLow4]:0 [NetMuon1]:598788 [NetMuon2]:595032 [NetMuon3]:641517 [NetMuon4]:641517
[Run]:24983 [Site]:1 [Bin]:3710 [FullTime]:3590.17 [SkipTime]:0 [Veto1]:617.314 [Veto2]:629.401 [Veto3]:408.951 [Veto4]:408.951 [SgUp1]:178310 [SgUp2]:174663 [SgUp3]:0 [SgUp4]:0 [SgLow1]:177920 [SgLow2]:174317 [SgLow3]:0 [SgLow4]:0 [NetMuon1]:598898 [NetMuon2]:596870 [NetMuon3]:641152 [NetMuon4]:641152
[Run]:24983 [Site]:1 [Bin]:3711 [FullTime]:3590.17 [SkipTime]:0 [Veto1]:630.515 [Veto2]:622.573 [Veto3]:409.49 [Veto4]:409.49 [SgUp1]:177585 [SgUp2]:174953 [SgUp3]:0 [SgUp4]:0 [SgLow1]:177244 [SgLow2]:174589 [SgLow3]:0 [SgLow4]:0 [NetMuon1]:596934 [NetMuon2]:598519 [NetMuon3]:641744 [NetMuon4]:641744
[Run]:24983 [Site]:1 [Bin]:3712 [FullTime]:3590.17 [SkipTime]:0 [Veto1]:613.593 [Veto2]:627.326 [Veto3]:409.618 [Veto4]:409.618 [SgUp1]:178807 [SgUp2]:175497 [SgUp3]:0 [SgUp4]:0 [SgLow1]:178415 [SgLow2]:175153 [SgLow3]:0 [SgLow4]:0 [NetMuon1]:600434 [NetMuon2]:598257 [NetMuon3]:641896 [NetMuon4]:641896
[Run]:24983 [Site]:1 [Bin]:3713 [FullTime]:3590.17 [SkipTime]:0 [Veto1]:615.852 [Veto2]:625.835 [Veto3]:409.087 [Veto4]:409.087 [SgUp1]:178103 [SgUp2]:175260 [SgUp3]:0 [SgUp4]:0 [SgLow1]:177751 [SgLow2]:174916 [SgLow3]:0 [SgLow4]:0 [NetMuon1]:599774 [NetMuon2]:597269 [NetMuon3]:641277 [NetMuon4]:641277
[Run]:24983 [Site]:1 [Bin]:3714 [FullTime]:3590.17 [SkipTime]:0 [Veto1]:629.919 [Veto2]:624.022 [Veto3]:408.711 [Veto4]:408.711 [SgUp1]:177937 [SgUp2]:174729 [SgUp3]:0 [SgUp4]:0 [SgLow1]:177584 [SgLow2]:174396 [SgLow3]:0 [SgLow4]:0 [NetMuon1]:596002 [NetMuon2]:597077 [NetMuon3]:640437 [NetMuon4]:640437
[Run]:24983 [Site]:1 [Bin]:3715 [FullTime]:3590.17 [SkipTime]:0 [Veto1]:601.468 [Veto2]:628.205 [Veto3]:408.563 [Veto4]:408.563 [SgUp1]:180156 [SgUp2]:173579 [SgUp3]:0 [SgUp4]:0 [SgLow1]:179766 [SgLow2]:173210 [SgLow3]:0 [SgLow4]:0 [NetMuon1]:602107 [NetMuon2]:596726 [NetMuon3]:640608 [NetMuon4]:640608
[Run]:24983 [Site]:1 [Bin]:3716 [FullTime]:3590.17 [SkipTime]:0 [Veto1]:623.932 [Veto2]:627.421 [Veto3]:408.859 [Veto4]:408.859 [SgUp1]:178064 [SgUp2]:174341 [SgUp3]:0 [SgUp4]:0 [SgLow1]:177656 [SgLow2]:174000 [SgLow3]:0 [SgLow4]:0 [NetMuon1]:597721 [NetMuon2]:596879 [NetMuon3]:641005 [NetMuon4]:641005
[Run]:24983 [Site]:1 [Bin]:3717 [FullTime]:3590.17 [SkipTime]:0 [Veto1]:610.502 [Veto2]:634.781 [Veto3]:409.109 [Veto4]:409.109 [SgUp1]:178158 [SgUp2]:174638 [SgUp3]:0 [SgUp4]:0 [SgLow1]:177784 [SgLow2]:174263 [SgLow3]:0 [SgLow4]:0 [NetMuon1]:601138 [NetMuon2]:596020 [NetMuon3]:641304 [NetMuon4]:641304
[Run]:24983 [Site]:1 [Bin]:3718 [FullTime]:3590.17 [SkipTime]:0 [Veto1]:620.744 [Veto2]:657.676 [Veto3]:408.718 [Veto4]:408.718 [SgUp1]:178828 [SgUp2]:173452 [SgUp3]:0 [SgUp4]:0 [SgLow1]:178495 [SgLow2]:173168 [SgLow3]:0 [SgLow4]:0 [NetMuon1]:597999 [NetMuon2]:590747 [NetMuon3]:640704 [NetMuon4]:640704
[Run]:24983 [Site]:1 [Bin]:3719 [FullTime]:3590.17 [SkipTime]:0 [Veto1]:623.07 [Veto2]:634.886 [Veto3]:408.081 [Veto4]:408.081 [SgUp1]:178119 [SgUp2]:174949 [SgUp3]:0 [SgUp4]:0 [SgLow1]:177759 [SgLow2]:174608 [SgLow3]:0 [SgLow4]:0 [NetMuon1]:596720 [NetMuon2]:594232 [NetMuon3]:639727 [NetMuon4]:639727
[Run]:24983 [Site]:1 [Bin]:3720 [FullTime]:3590.17 [SkipTime]:0 [Veto1]:632.266 [Veto2]:643.482 [Veto3]:408.147 [Veto4]:408.147 [SgUp1]:177455 [SgUp2]:173697 [SgUp3]:0 [SgUp4]:0 [SgLow1]:177141 [SgLow2]:173375 [SgLow3]:0 [SgLow4]:0 [NetMuon1]:595005 [NetMuon2]:592914 [NetMuon3]:639834 [NetMuon4]:639834
[Run]:24983 [Site]:1 [Bin]:3721 [FullTime]:3590.17 [SkipTime]:0 [Veto1]:639.179 [Veto2]:632.914 [Veto3]:408.98 [Veto4]:408.98 [SgUp1]:177146 [SgUp2]:174530 [SgUp3]:0 [SgUp4]:0 [SgLow1]:176820 [SgLow2]:174195 [SgLow3]:0 [SgLow4]:0 [NetMuon1]:594660 [NetMuon2]:595875 [NetMuon3]:641301 [NetMuon4]:641301
[Run]:24983 [Site]:1 [Bin]:3723 [FullTime]:306.409 [SkipTime]:0 [Veto1]:52.8118 [Veto2]:57.518 [Veto3]:34.8459 [Veto4]:34.8459 [SgUp1]:15053 [SgUp2]:14700 [SgUp3]:0 [SgUp4]:0 [SgLow1]:15034 [SgLow2]:14670 [SgLow3]:0 [SgLow4]:0 [NetMuon1]:51047 [NetMuon2]:49984 [NetMuon3]:54617 [NetMuon4]:54617
[Run]:24983 [Site]:1 [Bin]:3724 [FullTime]:3590.17 [SkipTime]:0 [Veto1]:604.45 [Veto2]:622.992 [Veto3]:408.331 [Veto4]:408.331 [SgUp1]:179535 [SgUp2]:175283 [SgUp3]:0 [SgUp4]:0 [SgLow1]:179186 [SgLow2]:174936 [SgLow3]:0 [SgLow4]:0 [NetMuon1]:600779 [NetMuon2]:597073 [NetMuon3]:640126 [NetMuon4]:640126
[Run]:24983 [Site]:1 [Bin]:3725 [FullTime]:3590.17 [SkipTime]:0 [Veto1]:619.44 [Veto2]:670.066 [Veto3]:408.352 [Veto4]:408.352 [SgUp1]:177888 [SgUp2]:172177 [SgUp3]:0 [SgUp4]:0 [SgLow1]:177581 [SgLow2]:171813 [SgLow3]:0 [SgLow4]:0 [NetMuon1]:597882 [NetMuon2]:587509 [NetMuon3]:640382 [NetMuon4]:640382
[Run]:24983 [Site]:1 [Bin]:3727 [FullTime]:156.449 [SkipTime]:0 [Veto1]:26.804 [Veto2]:28.5478 [Veto3]:17.7531 [Veto4]:17.7531 [SgUp1]:7740 [SgUp2]:7532 [SgUp3]:0 [SgUp4]:0 [SgLow1]:7717 [SgLow2]:7516 [SgLow3]:0 [SgLow4]:0 [NetMuon1]:25902 [NetMuon2]:25613 [NetMuon3]:27784 [NetMuon4]:27784
[Run]:24983 [Site]:1 [Bin]:3728 [FullTime]:3590.17 [SkipTime]:0 [Veto1]:651.329 [Veto2]:633.362 [Veto3]:408.448 [Veto4]:408.448 [SgUp1]:176948 [SgUp2]:174332 [SgUp3]:0 [SgUp4]:0 [SgLow1]:176626 [SgLow2]:173994 [SgLow3]:0 [SgLow4]:0 [NetMuon1]:591431 [NetMuon2]:595652 [NetMuon3]:640635 [NetMuon4]:640635
[Run]:24983 [Site]:1 [Bin]:3729 [FullTime]:3590.17 [SkipTime]:0 [Veto1]:605.056 [Veto2]:621.7 [Veto3]:409.413 [Veto4]:409.413 [SgUp1]:178909 [SgUp2]:175558 [SgUp3]:0 [SgUp4]:0 [SgLow1]:178518 [SgLow2]:175190 [SgLow3]:0 [SgLow4]:0 [NetMuon1]:602015 [NetMuon2]:598890 [NetMuon3]:641620 [NetMuon4]:641620
[Run]:24983 [Site]:1 [Bin]:3730 [FullTime]:3590.17 [SkipTime]:0 [Veto1]:625.805 [Veto2]:632.284 [Veto3]:407.756 [Veto4]:407.756 [SgUp1]:178160 [SgUp2]:173748 [SgUp3]:0 [SgUp4]:0 [SgLow1]:177817 [SgLow2]:173366 [SgLow3]:0 [SgLow4]:0 [NetMuon1]:596014 [NetMuon2]:594630 [NetMuon3]:639561 [NetMuon4]:639561
[Run]:24983 [Site]:1 [Bin]:3731 [FullTime]:3590.17 [SkipTime]:0 [Veto1]:621.821 [Veto2]:619.126 [Veto3]:408.124 [Veto4]:408.124 [SgUp1]:178183 [SgUp2]:175220 [SgUp3]:0 [SgUp4]:0 [SgLow1]:177824 [SgLow2]:174883 [SgLow3]:0 [SgLow4]:0 [NetMuon1]:596572 [NetMuon2]:597290 [NetMuon3]:639673 [NetMuon4]:639673
[Run]:24983 [Site]:1 [Bin]:3732 [FullTime]:3590.17 [SkipTime]:0 [Veto1]:631.942 [Veto2]:634.273 [Veto3]:407.826 [Veto4]:407.826 [SgUp1]:178036 [SgUp2]:174147 [SgUp3]:0 [SgUp4]:0 [SgLow1]:177630 [SgLow2]:173809 [SgLow3]:0 [SgLow4]:0 [NetMuon1]:594323 [NetMuon2]:594064 [NetMuon3]:639432 [NetMuon4]:639432
[Run]:24983 [Site]:1 [Bin]:3733 [FullTime]:3590.17 [SkipTime]:0 [Veto1]:595.155 [Veto2]:617.108 [Veto3]:407.701 [Veto4]:407.701 [SgUp1]:179624 [SgUp2]:175748 [SgUp3]:0 [SgUp4]:0 [SgLow1]:179251 [SgLow2]:175378 [SgLow3]:0 [SgLow4]:0 [NetMuon1]:601672 [NetMuon2]:596815 [NetMuon3]:639237 [NetMuon4]:639237
[Run]:24983 [Site]:1 [Bin]:3734 [FullTime]:3590.17 [SkipTime]:0 [Veto1]:617.806 [Veto2]:619.427 [Veto3]:408.312 [Veto4]:408.312 [SgUp1]:178081 [SgUp2]:175061 [SgUp3]:0 [SgUp4]:0 [SgLow1]:177727 [SgLow2]:174717 [SgLow3]:0 [SgLow4]:0 [NetMuon1]:597797 [NetMuon2]:597986 [NetMuon3]:640136 [NetMuon4]:640136
[Run]:24983 [Site]:1 [Bin]:3735 [FullTime]:3590.17 [SkipTime]:0 [Veto1]:599.285 [Veto2]:622.296 [Veto3]:408.085 [Veto4]:408.085 [SgUp1]:179405 [SgUp2]:175362 [SgUp3]:0 [SgUp4]:0 [SgLow1]:179001 [SgLow2]:175039 [SgLow3]:0 [SgLow4]:0 [NetMuon1]:601594 [NetMuon2]:596691 [NetMuon3]:639785 [NetMuon4]:639785
[Run]:24983 [Site]:1 [Bin]:3736 [FullTime]:3590.17 [SkipTime]:0 [Veto1]:614.086 [Veto2]:633.505 [Veto3]:408.556 [Veto4]:408.556 [SgUp1]:178448 [SgUp2]:174584 [SgUp3]:0 [SgUp4]:0 [SgLow1]:178037 [SgLow2]:174247 [SgLow3]:0 [SgLow4]:0 [NetMuon1]:599478 [NetMuon2]:595128 [NetMuon3]:640585 [NetMuon4]:640585
[Run]:24983 [Site]:1 [Bin]:3737 [FullTime]:3590.17 [SkipTime]:0 [Veto1]:658.216 [Veto2]:623.763 [Veto3]:407.711 [Veto4]:407.711 [SgUp1]:176100 [SgUp2]:175382 [SgUp3]:0 [SgUp4]:0 [SgLow1]:175778 [SgLow2]:175057 [SgLow3]:0 [SgLow4]:0 [NetMuon1]:588041 [NetMuon2]:595051 [NetMuon3]:638824 [NetMuon4]:638824
[Run]:24983 [Site]:1 [Bin]:3738 [FullTime]:3590.17 [SkipTime]:0 [Veto1]:622.304 [Veto2]:638.546 [Veto3]:408.131 [Veto4]:408.131 [SgUp1]:177898 [SgUp2]:174666 [SgUp3]:0 [SgUp4]:0 [SgLow1]:177544 [SgLow2]:174289 [SgLow3]:0 [SgLow4]:0 [NetMuon1]:597162 [NetMuon2]:593654 [NetMuon3]:640051 [NetMuon4]:640051
[Run]:24983 [Site]:1 [Bin]:3739 [FullTime]:3590.17 [SkipTime]:0 [Veto1]:616.99 [Veto2]:628.244 [Veto3]:409.083 [Veto4]:409.083 [SgUp1]:178657 [SgUp2]:175390 [SgUp3]:0 [SgUp4]:0 [SgLow1]:178302 [SgLow2]:175047 [SgLow3]:0 [SgLow4]:0 [NetMuon1]:598900 [NetMuon2]:596887 [NetMuon3]:640916 [NetMuon4]:640916
[Run]:24983 [Site]:1 [Bin]:3740 [FullTime]:3590.17 [SkipTime]:0 [Veto1]:616.054 [Veto2]:639.823 [Veto3]:408.579 [Veto4]:408.579 [SgUp1]:178060 [SgUp2]:174733 [SgUp3]:0 [SgUp4]:0 [SgLow1]:177696 [SgLow2]:174392 [SgLow3]:0 [SgLow4]:0 [NetMuon1]:599157 [NetMuon2]:594277 [NetMuon3]:640947 [NetMuon4]:640947
[Run]:24983 [Site]:1 [Bin]:3741 [FullTime]:3590.17 [SkipTime]:0 [Veto1]:634.173 [Veto2]:624.673 [Veto3]:409.005 [Veto4]:409.005 [SgUp1]:176821 [SgUp2]:175829 [SgUp3]:0 [SgUp4]:0 [SgLow1]:176462 [SgLow2]:175477 [SgLow3]:0 [SgLow4]:0 [NetMuon1]:596154 [NetMuon2]:597595 [NetMuon3]:641294 [NetMuon4]:641294
[Run]:24983 [Site]:1 [Bin]:3742 [FullTime]:3590.17 [SkipTime]:0 [Veto1]:629.924 [Veto2]:641.188 [Veto3]:408.714 [Veto4]:408.714 [SgUp1]:177709 [SgUp2]:174904 [SgUp3]:0 [SgUp4]:0 [SgLow1]:177407 [SgLow2]:174544 [SgLow3]:0 [SgLow4]:0 [NetMuon1]:596334 [NetMuon2]:594554 [NetMuon3]:641060 [NetMuon4]:641060
[Run]:24983 [Site]:1 [Bin]:3743 [FullTime]:3590.17 [SkipTime]:0 [Veto1]:614.681 [Veto2]:616.553 [Veto3]:408.886 [Veto4]:408.886 [SgUp1]:178514 [SgUp2]:176256 [SgUp3]:0 [SgUp4]:0 [SgLow1]:178124 [SgLow2]:175908 [SgLow3]:0 [SgLow4]:0 [NetMuon1]:599235 [NetMuon2]:598831 [NetMuon3]:640746 [NetMuon4]:640746
[Run]:24983 [Site]:1 [Bin]:3744 [FullTime]:3590.17 [SkipTime]:0 [Veto1]:611.764 [Veto2]:645.756 [Veto3]:408.454 [Veto4]:408.454 [SgUp1]:178803 [SgUp2]:175171 [SgUp3]:0 [SgUp4]:0 [SgLow1]:178451 [SgLow2]:174812 [SgLow3]:0 [SgLow4]:0 [NetMuon1]:599675 [NetMuon2]:592217 [NetMuon3]:640242 [NetMuon4]:640242
[Run]:24983 [Site]:1 [Bin]:3745 [FullTime]:3590.17 [SkipTime]:0 [Veto1]:627.624 [Veto2]:619.666 [Veto3]:409.269 [Veto4]:409.269 [SgUp1]:177665 [SgUp2]:176149 [SgUp3]:0 [SgUp4]:0 [SgLow1]:177310 [SgLow2]:175764 [SgLow3]:0 [SgLow4]:0 [NetMuon1]:597604 [NetMuon2]:599269 [NetMuon3]:641716 [NetMuon4]:641716
[Run]:24983 [Site]:1 [Bin]:3746 [FullTime]:3590.17 [SkipTime]:0 [Veto1]:625.979 [Veto2]:634.185 [Veto3]:408.273 [Veto4]:408.273 [SgUp1]:178508 [SgUp2]:174557 [SgUp3]:0 [SgUp4]:0 [SgLow1]:178174 [SgLow2]:174194 [SgLow3]:0 [SgLow4]:0 [NetMuon1]:596604 [NetMuon2]:594454 [NetMuon3]:640050 [NetMuon4]:640050
[Run]:24983 [Site]:1 [Bin]:3747 [FullTime]:3590.17 [SkipTime]:0 [Veto1]:623.472 [Veto2]:614.53 [Veto3]:408.246 [Veto4]:408.246 [SgUp1]:178010 [SgUp2]:176899 [SgUp3]:0 [SgUp4]:0 [SgLow1]:177645 [SgLow2]:176536 [SgLow3]:0 [SgLow4]:0 [NetMuon1]:596517 [NetMuon2]:598840 [NetMuon3]:639962 [NetMuon4]:639962
[Run]:24983 [Site]:1 [Bin]:3748 [FullTime]:690.466 [SkipTime]:2899.7 [Veto1]:130.205 [Veto2]:118.645 [Veto3]:78.5929 [Veto4]:78.5929 [SgUp1]:33870 [SgUp2]:33845 [SgUp3]:0 [SgUp4]:0 [SgLow1]:33797 [SgLow2]:33791 [SgLow3]:0 [SgLow4]:0 [NetMuon1]:112881 [NetMuon2]:115165 [NetMuon3]:123234 [NetMuon4]:123234
[Run]:24983 [Site]:1 [Bin]:3749 [FullTime]:3590.17 [SkipTime]:0 [Veto1]:624.172 [Veto2]:630.105 [Veto3]:408.477 [Veto4]:408.477 [SgUp1]:178093 [SgUp2]:174858 [SgUp3]:0 [SgUp4]:0 [SgLow1]:177711 [SgLow2]:174484 [SgLow3]:0 [SgLow4]:0 [NetMuon1]:596925 [NetMuon2]:595723 [NetMuon3]:640238 [NetMuon4]:640238
[Run]:24983 [Site]:1 [Bin]:3750 [FullTime]:3590.17 [SkipTime]:0 [Veto1]:646.23 [Veto2]:617.208 [Veto3]:408.399 [Veto4]:408.399 [SgUp1]:176922 [SgUp2]:175094 [SgUp3]:0 [SgUp4]:0 [SgLow1]:176620 [SgLow2]:174687 [SgLow3]:0 [SgLow4]:0 [NetMuon1]:592290 [NetMuon2]:597865 [NetMuon3]:640016 [NetMuon4]:640016
[Run]:24983 [Site]:1 [Bin]:3751 [FullTime]:118.018 [SkipTime]:3472.15 [Veto1]:22.3643 [Veto2]:22.4555 [Veto3]:13.595 [Veto4]:13.595 [SgUp1]:5692 [SgUp2]:5669 [SgUp3]:0 [SgUp4]:0 [SgLow1]:5675 [SgLow2]:5653 [SgLow3]:0 [SgLow4]:0 [NetMuon1]:19435 [NetMuon2]:19602 [NetMuon3]:21248 [NetMuon4]:21248
[Run]:24983 [Site]:1 [Bin]:3752 [FullTime]:3590.17 [SkipTime]:0 [Veto1]:627.576 [Veto2]:627.446 [Veto3]:407.972 [Veto4]:407.972 [SgUp1]:178965 [SgUp2]:175322 [SgUp3]:0 [SgUp4]:0 [SgLow1]:178626 [SgLow2]:174965 [SgLow3]:0 [SgLow4]:0 [NetMuon1]:595273 [NetMuon2]:595440 [NetMuon3]:639452 [NetMuon4]:639452
[Run]:24983 [Site]:1 [Bin]:3753 [FullTime]:3590.17 [SkipTime]:0 [Veto1]:607.105 [Veto2]:634.18 [Veto3]:408.187 [Veto4]:408.187 [SgUp1]:179419 [SgUp2]:174323 [SgUp3]:0 [SgUp4]:0 [SgLow1]:179073 [SgLow2]:173971 [SgLow3]:0 [SgLow4]:0 [NetMuon1]:600066 [NetMuon2]:594622 [NetMuon3]:640040 [NetMuon4]:640040
[Run]:24983 [Site]:1 [Bin]:3754 [FullTime]:3590.17 [SkipTime]:0 [Veto1]:635.549 [Veto2]:650.288 [Veto3]:408.542 [Veto4]:408.542 [SgUp1]:176723 [SgUp2]:173532 [SgUp3]:0 [SgUp4]:0 [SgLow1]:176361 [SgLow2]:173169 [SgLow3]:0 [SgLow4]:0 [NetMuon1]:594907 [NetMuon2]:591768 [NetMuon3]:640549 [NetMuon4]:640549
[Run]:24983 [Site]:1 [Bin]:3755 [FullTime]:3590.17 [SkipTime]:0 [Veto1]:621.164 [Veto2]:622.547 [Veto3]:407.826 [Veto4]:407.826 [SgUp1]:178468 [SgUp2]:175662 [SgUp3]:0 [SgUp4]:0 [SgLow1]:178062 [SgLow2]:175326 [SgLow3]:0 [SgLow4]:0 [NetMuon1]:596423 [NetMuon2]:596088 [NetMuon3]:639463 [NetMuon4]:639463
[Run]:24983 [Site]:1 [Bin]:3756 [FullTime]:3590.17 [SkipTime]:0 [Veto1]:620.149 [Veto2]:609.635 [Veto3]:408.449 [Veto4]:408.449 [SgUp1]:178849 [SgUp2]:176012 [SgUp3]:0 [SgUp4]:0 [SgLow1]:178447 [SgLow2]:175674 [SgLow3]:0 [SgLow4]:0 [NetMuon1]:597427 [NetMuon2]:599976 [NetMuon3]:640409 [NetMuon4]:640409
End process Run: 24983 ... 
[Run]:24983 [Site]:1 [Bin]:3757 [FullTime]:3415.29 [SkipTime]:0 [Veto1]:584.119 [Veto2]:595.031 [Veto3]:387.819 [Veto4]:387.819
