StreamChain add 0x134347e0
Start to process run: 24463 ... 
[Run]:24463 [Site]:1 [Bin]:3084 [FullTime]:2493.98 [SkipTime]:0 [Veto1]:435.031 [Veto2]:445.203 [Veto3]:284.057 [Veto4]:284.057 [SgUp1]:123875 [SgUp2]:122355 [SgUp3]:0 [SgUp4]:0 [SgLow1]:123582 [SgLow2]:122125 [SgLow3]:0 [SgLow4]:0 [NetMuon1]:414924 [NetMuon2]:413120 [NetMuon3]:445500 [NetMuon4]:445500
[Run]:24463 [Site]:1 [Bin]:3085 [FullTime]:3590.17 [SkipTime]:0 [Veto1]:607.019 [Veto2]:613.291 [Veto3]:407.956 [Veto4]:407.956 [SgUp1]:179415 [SgUp2]:176615 [SgUp3]:0 [SgUp4]:0 [SgLow1]:179088 [SgLow2]:176245 [SgLow3]:0 [SgLow4]:0 [NetMuon1]:599784 [NetMuon2]:598408 [NetMuon3]:639475 [NetMuon4]:639475
[Run]:24463 [Site]:1 [Bin]:3086 [FullTime]:3590.17 [SkipTime]:0 [Veto1]:650.898 [Veto2]:634.784 [Veto3]:408.262 [Veto4]:408.262 [SgUp1]:175996 [SgUp2]:175105 [SgUp3]:0 [SgUp4]:0 [SgLow1]:175632 [SgLow2]:174738 [SgLow3]:0 [SgLow4]:0 [NetMuon1]:591562 [NetMuon2]:593973 [NetMuon3]:640020 [NetMuon4]:640020
[Run]:24463 [Site]:1 [Bin]:3087 [FullTime]:3590.17 [SkipTime]:0 [Veto1]:619.528 [Veto2]:648.603 [Veto3]:407.577 [Veto4]:407.577 [SgUp1]:179109 [SgUp2]:174593 [SgUp3]:0 [SgUp4]:0 [SgLow1]:178725 [SgLow2]:174227 [SgLow3]:0 [SgLow4]:0 [NetMuon1]:596672 [NetMuon2]:590853 [NetMuon3]:639061 [NetMuon4]:639061
[Run]:24463 [Site]:1 [Bin]:3088 [FullTime]:3590.17 [SkipTime]:0 [Veto1]:604.835 [Veto2]:625.096 [Veto3]:407.758 [Veto4]:407.758 [SgUp1]:179157 [SgUp2]:174802 [SgUp3]:0 [SgUp4]:0 [SgLow1]:178846 [SgLow2]:174443 [SgLow3]:0 [SgLow4]:0 [NetMuon1]:599647 [NetMuon2]:596327 [NetMuon3]:639519 [NetMuon4]:639519
[Run]:24463 [Site]:1 [Bin]:3089 [FullTime]:3590.17 [SkipTime]:0 [Veto1]:620.777 [Veto2]:632.725 [Veto3]:407.217 [Veto4]:407.217 [SgUp1]:178131 [SgUp2]:174530 [SgUp3]:0 [SgUp4]:0 [SgLow1]:177802 [SgLow2]:174185 [SgLow3]:0 [SgLow4]:0 [NetMuon1]:595921 [NetMuon2]:593361 [NetMuon3]:638595 [NetMuon4]:638595
[Run]:24463 [Site]:1 [Bin]:3090 [FullTime]:3590.17 [SkipTime]:0 [Veto1]:620.12 [Veto2]:633.072 [Veto3]:407.807 [Veto4]:407.807 [SgUp1]:178309 [SgUp2]:174133 [SgUp3]:0 [SgUp4]:0 [SgLow1]:177924 [SgLow2]:173750 [SgLow3]:0 [SgLow4]:0 [NetMuon1]:596811 [NetMuon2]:594216 [NetMuon3]:639414 [NetMuon4]:639414
[Run]:24463 [Site]:1 [Bin]:3091 [FullTime]:3590.17 [SkipTime]:0 [Veto1]:623.839 [Veto2]:616.665 [Veto3]:407.735 [Veto4]:407.735 [SgUp1]:178949 [SgUp2]:176619 [SgUp3]:0 [SgUp4]:0 [SgLow1]:178565 [SgLow2]:176285 [SgLow3]:0 [SgLow4]:0 [NetMuon1]:596497 [NetMuon2]:597655 [NetMuon3]:639706 [NetMuon4]:639706
[Run]:24463 [Site]:1 [Bin]:3092 [FullTime]:3590.17 [SkipTime]:0 [Veto1]:624.077 [Veto2]:643.465 [Veto3]:407.668 [Veto4]:407.668 [SgUp1]:179152 [SgUp2]:174584 [SgUp3]:0 [SgUp4]:0 [SgLow1]:178791 [SgLow2]:174213 [SgLow3]:0 [SgLow4]:0 [NetMuon1]:595751 [NetMuon2]:591556 [NetMuon3]:639049 [NetMuon4]:639049
[Run]:24463 [Site]:1 [Bin]:3093 [FullTime]:3590.17 [SkipTime]:0 [Veto1]:638.637 [Veto2]:636.782 [Veto3]:408.658 [Veto4]:408.658 [SgUp1]:177572 [SgUp2]:174455 [SgUp3]:0 [SgUp4]:0 [SgLow1]:177239 [SgLow2]:174093 [SgLow3]:0 [SgLow4]:0 [NetMuon1]:594567 [NetMuon2]:594418 [NetMuon3]:640907 [NetMuon4]:640907
[Run]:24463 [Site]:1 [Bin]:3094 [FullTime]:3590.17 [SkipTime]:0 [Veto1]:608.168 [Veto2]:644.162 [Veto3]:408.28 [Veto4]:408.28 [SgUp1]:179398 [SgUp2]:174568 [SgUp3]:0 [SgUp4]:0 [SgLow1]:179008 [SgLow2]:174197 [SgLow3]:0 [SgLow4]:0 [NetMuon1]:600112 [NetMuon2]:592756 [NetMuon3]:640177 [NetMuon4]:640177
[Run]:24463 [Site]:1 [Bin]:3095 [FullTime]:3590.17 [SkipTime]:0 [Veto1]:623.869 [Veto2]:636.133 [Veto3]:407.808 [Veto4]:407.808 [SgUp1]:178495 [SgUp2]:175093 [SgUp3]:0 [SgUp4]:0 [SgLow1]:178116 [SgLow2]:174707 [SgLow3]:0 [SgLow4]:0 [NetMuon1]:596177 [NetMuon2]:592984 [NetMuon3]:639518 [NetMuon4]:639518
[Run]:24463 [Site]:1 [Bin]:3096 [FullTime]:3590.17 [SkipTime]:0 [Veto1]:596.4 [Veto2]:650.513 [Veto3]:406.583 [Veto4]:406.583 [SgUp1]:180365 [SgUp2]:174402 [SgUp3]:0 [SgUp4]:0 [SgLow1]:180055 [SgLow2]:174031 [SgLow3]:0 [SgLow4]:0 [NetMuon1]:599011 [NetMuon2]:588692 [NetMuon3]:637294 [NetMuon4]:637294
[Run]:24463 [Site]:1 [Bin]:3097 [FullTime]:3590.17 [SkipTime]:0 [Veto1]:610.542 [Veto2]:650.089 [Veto3]:408.824 [Veto4]:408.824 [SgUp1]:179778 [SgUp2]:173386 [SgUp3]:0 [SgUp4]:0 [SgLow1]:179412 [SgLow2]:173031 [SgLow3]:0 [SgLow4]:0 [NetMuon1]:600288 [NetMuon2]:592528 [NetMuon3]:641253 [NetMuon4]:641253
[Run]:24463 [Site]:1 [Bin]:3098 [FullTime]:3590.17 [SkipTime]:0 [Veto1]:607.6 [Veto2]:638.99 [Veto3]:408.067 [Veto4]:408.067 [SgUp1]:178975 [SgUp2]:174237 [SgUp3]:0 [SgUp4]:0 [SgLow1]:178647 [SgLow2]:173919 [SgLow3]:0 [SgLow4]:0 [NetMuon1]:599718 [NetMuon2]:593295 [NetMuon3]:639575 [NetMuon4]:639575
[Run]:24463 [Site]:1 [Bin]:3099 [FullTime]:3590.17 [SkipTime]:0 [Veto1]:626.396 [Veto2]:638.026 [Veto3]:408.748 [Veto4]:408.748 [SgUp1]:178556 [SgUp2]:174711 [SgUp3]:0 [SgUp4]:0 [SgLow1]:178232 [SgLow2]:174338 [SgLow3]:0 [SgLow4]:0 [NetMuon1]:597061 [NetMuon2]:594838 [NetMuon3]:640911 [NetMuon4]:640911
[Run]:24463 [Site]:1 [Bin]:3100 [FullTime]:3590.17 [SkipTime]:0 [Veto1]:635.766 [Veto2]:639.185 [Veto3]:408.487 [Veto4]:408.487 [SgUp1]:178287 [SgUp2]:174558 [SgUp3]:0 [SgUp4]:0 [SgLow1]:177947 [SgLow2]:174217 [SgLow3]:0 [SgLow4]:0 [NetMuon1]:594827 [NetMuon2]:594151 [NetMuon3]:640472 [NetMuon4]:640472
[Run]:24463 [Site]:1 [Bin]:3101 [FullTime]:3590.17 [SkipTime]:0 [Veto1]:631.087 [Veto2]:625.897 [Veto3]:408.46 [Veto4]:408.46 [SgUp1]:178907 [SgUp2]:175781 [SgUp3]:0 [SgUp4]:0 [SgLow1]:178489 [SgLow2]:175435 [SgLow3]:0 [SgLow4]:0 [NetMuon1]:595507 [NetMuon2]:596370 [NetMuon3]:640313 [NetMuon4]:640313
[Run]:24463 [Site]:1 [Bin]:3102 [FullTime]:3590.17 [SkipTime]:0 [Veto1]:623.378 [Veto2]:642.948 [Veto3]:407.961 [Veto4]:407.961 [SgUp1]:178840 [SgUp2]:173736 [SgUp3]:0 [SgUp4]:0 [SgLow1]:178459 [SgLow2]:173424 [SgLow3]:0 [SgLow4]:0 [NetMuon1]:596653 [NetMuon2]:592857 [NetMuon3]:639644 [NetMuon4]:639644
[Run]:24463 [Site]:1 [Bin]:3103 [FullTime]:3590.17 [SkipTime]:0 [Veto1]:643.329 [Veto2]:658.004 [Veto3]:408.089 [Veto4]:408.089 [SgUp1]:177920 [SgUp2]:172751 [SgUp3]:0 [SgUp4]:0 [SgLow1]:177520 [SgLow2]:172369 [SgLow3]:0 [SgLow4]:0 [NetMuon1]:592604 [NetMuon2]:589355 [NetMuon3]:639774 [NetMuon4]:639774
[Run]:24463 [Site]:1 [Bin]:3104 [FullTime]:3590.17 [SkipTime]:0 [Veto1]:591.356 [Veto2]:649.566 [Veto3]:407.657 [Veto4]:407.657 [SgUp1]:180738 [SgUp2]:174596 [SgUp3]:0 [SgUp4]:0 [SgLow1]:180377 [SgLow2]:174296 [SgLow3]:0 [SgLow4]:0 [NetMuon1]:602638 [NetMuon2]:590513 [NetMuon3]:639306 [NetMuon4]:639306
[Run]:24463 [Site]:1 [Bin]:3105 [FullTime]:3590.17 [SkipTime]:0 [Veto1]:623.075 [Veto2]:644.444 [Veto3]:408.721 [Veto4]:408.721 [SgUp1]:178742 [SgUp2]:174711 [SgUp3]:0 [SgUp4]:0 [SgLow1]:178392 [SgLow2]:174365 [SgLow3]:0 [SgLow4]:0 [NetMuon1]:597428 [NetMuon2]:593284 [NetMuon3]:640862 [NetMuon4]:640862
[Run]:24463 [Site]:1 [Bin]:3106 [FullTime]:3590.17 [SkipTime]:0 [Veto1]:636.39 [Veto2]:628.664 [Veto3]:408.735 [Veto4]:408.735 [SgUp1]:177967 [SgUp2]:175901 [SgUp3]:0 [SgUp4]:0 [SgLow1]:177609 [SgLow2]:175519 [SgLow3]:0 [SgLow4]:0 [NetMuon1]:594985 [NetMuon2]:596380 [NetMuon3]:640765 [NetMuon4]:640765
End process Run: 24463 ... 
[Run]:24463 [Site]:1 [Bin]:3107 [FullTime]:2817.54 [SkipTime]:0 [Veto1]:466.827 [Veto2]:501.564 [Veto3]:319.962 [Veto4]:319.962
