StreamChain add 0x4eaf7e0
Start to process run: 24460 ... 
[Run]:24460 [Site]:1 [Bin]:3062 [FullTime]:2676.62 [SkipTime]:0 [Veto1]:449.924 [Veto2]:471.56 [Veto3]:304.026 [Veto4]:304.026 [SgUp1]:133430 [SgUp2]:129837 [SgUp3]:0 [SgUp4]:0 [SgLow1]:133156 [SgLow2]:129597 [SgLow3]:0 [SgLow4]:0 [NetMuon1]:447383 [NetMuon2]:442809 [NetMuon3]:476697 [NetMuon4]:476697
[Run]:24460 [Site]:1 [Bin]:3063 [FullTime]:3590.17 [SkipTime]:0 [Veto1]:614.246 [Veto2]:631.257 [Veto3]:408.3 [Veto4]:408.3 [SgUp1]:179454 [SgUp2]:174715 [SgUp3]:0 [SgUp4]:0 [SgLow1]:179100 [SgLow2]:174383 [SgLow3]:0 [SgLow4]:0 [NetMuon1]:598551 [NetMuon2]:594866 [NetMuon3]:639936 [NetMuon4]:639936
[Run]:24460 [Site]:1 [Bin]:3064 [FullTime]:3590.17 [SkipTime]:0 [Veto1]:629.33 [Veto2]:647.948 [Veto3]:407.778 [Veto4]:407.778 [SgUp1]:178128 [SgUp2]:174406 [SgUp3]:0 [SgUp4]:0 [SgLow1]:177761 [SgLow2]:174052 [SgLow3]:0 [SgLow4]:0 [NetMuon1]:594835 [NetMuon2]:591424 [NetMuon3]:639446 [NetMuon4]:639446
[Run]:24460 [Site]:1 [Bin]:3065 [FullTime]:3590.17 [SkipTime]:0 [Veto1]:619.926 [Veto2]:624.45 [Veto3]:408.167 [Veto4]:408.167 [SgUp1]:179411 [SgUp2]:176170 [SgUp3]:0 [SgUp4]:0 [SgLow1]:179059 [SgLow2]:175837 [SgLow3]:0 [SgLow4]:0 [NetMuon1]:597621 [NetMuon2]:596322 [NetMuon3]:639858 [NetMuon4]:639858
[Run]:24460 [Site]:1 [Bin]:3066 [FullTime]:3590.17 [SkipTime]:0 [Veto1]:614.313 [Veto2]:637.087 [Veto3]:407.661 [Veto4]:407.661 [SgUp1]:178908 [SgUp2]:174836 [SgUp3]:0 [SgUp4]:0 [SgLow1]:178507 [SgLow2]:174480 [SgLow3]:0 [SgLow4]:0 [NetMuon1]:597294 [NetMuon2]:593234 [NetMuon3]:639136 [NetMuon4]:639136
[Run]:24460 [Site]:1 [Bin]:3067 [FullTime]:3590.17 [SkipTime]:0 [Veto1]:610.33 [Veto2]:649.865 [Veto3]:408.701 [Veto4]:408.701 [SgUp1]:180235 [SgUp2]:174388 [SgUp3]:0 [SgUp4]:0 [SgLow1]:179851 [SgLow2]:173998 [SgLow3]:0 [SgLow4]:0 [NetMuon1]:599829 [NetMuon2]:591609 [NetMuon3]:640350 [NetMuon4]:640350
[Run]:24460 [Site]:1 [Bin]:3068 [FullTime]:3590.17 [SkipTime]:0 [Veto1]:622.354 [Veto2]:649.482 [Veto3]:407.425 [Veto4]:407.425 [SgUp1]:178412 [SgUp2]:174768 [SgUp3]:0 [SgUp4]:0 [SgLow1]:178064 [SgLow2]:174431 [SgLow3]:0 [SgLow4]:0 [NetMuon1]:595798 [NetMuon2]:590023 [NetMuon3]:638844 [NetMuon4]:638844
[Run]:24460 [Site]:1 [Bin]:3069 [FullTime]:3590.17 [SkipTime]:0 [Veto1]:637.515 [Veto2]:633.379 [Veto3]:407.796 [Veto4]:407.796 [SgUp1]:177389 [SgUp2]:174882 [SgUp3]:0 [SgUp4]:0 [SgLow1]:176994 [SgLow2]:174516 [SgLow3]:0 [SgLow4]:0 [NetMuon1]:593414 [NetMuon2]:593886 [NetMuon3]:639358 [NetMuon4]:639358
[Run]:24460 [Site]:1 [Bin]:3070 [FullTime]:3590.17 [SkipTime]:0 [Veto1]:612.597 [Veto2]:632.66 [Veto3]:407.128 [Veto4]:407.128 [SgUp1]:179722 [SgUp2]:175327 [SgUp3]:0 [SgUp4]:0 [SgLow1]:179365 [SgLow2]:174992 [SgLow3]:0 [SgLow4]:0 [NetMuon1]:597229 [NetMuon2]:592715 [NetMuon3]:638452 [NetMuon4]:638452
[Run]:24460 [Site]:1 [Bin]:3071 [FullTime]:3590.17 [SkipTime]:0 [Veto1]:651.182 [Veto2]:614.861 [Veto3]:407.118 [Veto4]:407.118 [SgUp1]:177289 [SgUp2]:176229 [SgUp3]:0 [SgUp4]:0 [SgLow1]:176910 [SgLow2]:175859 [SgLow3]:0 [SgLow4]:0 [NetMuon1]:589211 [NetMuon2]:596616 [NetMuon3]:638298 [NetMuon4]:638298
[Run]:24460 [Site]:1 [Bin]:3072 [FullTime]:3590.17 [SkipTime]:0 [Veto1]:617.92 [Veto2]:633.187 [Veto3]:407.398 [Veto4]:407.398 [SgUp1]:179140 [SgUp2]:175228 [SgUp3]:0 [SgUp4]:0 [SgLow1]:178778 [SgLow2]:174831 [SgLow3]:0 [SgLow4]:0 [NetMuon1]:596756 [NetMuon2]:593528 [NetMuon3]:638893 [NetMuon4]:638893
[Run]:24460 [Site]:1 [Bin]:3073 [FullTime]:3590.17 [SkipTime]:0 [Veto1]:629.431 [Veto2]:652.702 [Veto3]:406.655 [Veto4]:406.655 [SgUp1]:178643 [SgUp2]:174600 [SgUp3]:0 [SgUp4]:0 [SgLow1]:178257 [SgLow2]:174212 [SgLow3]:0 [SgLow4]:0 [NetMuon1]:593225 [NetMuon2]:588338 [NetMuon3]:637658 [NetMuon4]:637658
[Run]:24460 [Site]:1 [Bin]:3074 [FullTime]:3590.17 [SkipTime]:0 [Veto1]:626.976 [Veto2]:628.218 [Veto3]:407.4 [Veto4]:407.4 [SgUp1]:179173 [SgUp2]:175519 [SgUp3]:0 [SgUp4]:0 [SgLow1]:178862 [SgLow2]:175120 [SgLow3]:0 [SgLow4]:0 [NetMuon1]:595042 [NetMuon2]:594323 [NetMuon3]:638832 [NetMuon4]:638832
[Run]:24460 [Site]:1 [Bin]:3075 [FullTime]:3590.17 [SkipTime]:0 [Veto1]:629.678 [Veto2]:635.61 [Veto3]:409.153 [Veto4]:409.153 [SgUp1]:178816 [SgUp2]:174515 [SgUp3]:0 [SgUp4]:0 [SgLow1]:178468 [SgLow2]:174169 [SgLow3]:0 [SgLow4]:0 [NetMuon1]:597109 [NetMuon2]:595755 [NetMuon3]:641638 [NetMuon4]:641638
[Run]:24460 [Site]:1 [Bin]:3076 [FullTime]:3590.17 [SkipTime]:0 [Veto1]:603.968 [Veto2]:641.479 [Veto3]:407.928 [Veto4]:407.928 [SgUp1]:180458 [SgUp2]:174625 [SgUp3]:0 [SgUp4]:0 [SgLow1]:180085 [SgLow2]:174249 [SgLow3]:0 [SgLow4]:0 [NetMuon1]:599694 [NetMuon2]:592238 [NetMuon3]:639399 [NetMuon4]:639399
[Run]:24460 [Site]:1 [Bin]:3077 [FullTime]:3590.17 [SkipTime]:0 [Veto1]:601.481 [Veto2]:631.819 [Veto3]:407.909 [Veto4]:407.909 [SgUp1]:180132 [SgUp2]:175251 [SgUp3]:0 [SgUp4]:0 [SgLow1]:179747 [SgLow2]:174878 [SgLow3]:0 [SgLow4]:0 [NetMuon1]:600627 [NetMuon2]:594867 [NetMuon3]:639556 [NetMuon4]:639556
[Run]:24460 [Site]:1 [Bin]:3078 [FullTime]:3590.17 [SkipTime]:0 [Veto1]:621.7 [Veto2]:628.459 [Veto3]:408.131 [Veto4]:408.131 [SgUp1]:179076 [SgUp2]:175707 [SgUp3]:0 [SgUp4]:0 [SgLow1]:178711 [SgLow2]:175388 [SgLow3]:0 [SgLow4]:0 [NetMuon1]:596679 [NetMuon2]:594812 [NetMuon3]:639771 [NetMuon4]:639771
[Run]:24460 [Site]:1 [Bin]:3079 [FullTime]:3590.17 [SkipTime]:0 [Veto1]:631.689 [Veto2]:628.59 [Veto3]:408.536 [Veto4]:408.536 [SgUp1]:178526 [SgUp2]:175314 [SgUp3]:0 [SgUp4]:0 [SgLow1]:178170 [SgLow2]:174949 [SgLow3]:0 [SgLow4]:0 [NetMuon1]:595227 [NetMuon2]:596461 [NetMuon3]:640642 [NetMuon4]:640642
[Run]:24460 [Site]:1 [Bin]:3080 [FullTime]:3590.17 [SkipTime]:0 [Veto1]:622.076 [Veto2]:619.164 [Veto3]:407.776 [Veto4]:407.776 [SgUp1]:178971 [SgUp2]:176317 [SgUp3]:0 [SgUp4]:0 [SgLow1]:178638 [SgLow2]:175911 [SgLow3]:0 [SgLow4]:0 [NetMuon1]:596392 [NetMuon2]:597102 [NetMuon3]:639517 [NetMuon4]:639517
[Run]:24460 [Site]:1 [Bin]:3081 [FullTime]:3590.17 [SkipTime]:0 [Veto1]:618.892 [Veto2]:623.063 [Veto3]:408.069 [Veto4]:408.069 [SgUp1]:178815 [SgUp2]:176041 [SgUp3]:0 [SgUp4]:0 [SgLow1]:178490 [SgLow2]:175684 [SgLow3]:0 [SgLow4]:0 [NetMuon1]:597108 [NetMuon2]:596674 [NetMuon3]:639713 [NetMuon4]:639713
[Run]:24460 [Site]:1 [Bin]:3082 [FullTime]:3590.17 [SkipTime]:0 [Veto1]:618.672 [Veto2]:633.799 [Veto3]:407.397 [Veto4]:407.397 [SgUp1]:179267 [SgUp2]:175084 [SgUp3]:0 [SgUp4]:0 [SgLow1]:178895 [SgLow2]:174730 [SgLow3]:0 [SgLow4]:0 [NetMuon1]:596403 [NetMuon2]:592973 [NetMuon3]:638541 [NetMuon4]:638541
End process Run: 24460 ... 
[Run]:24460 [Site]:1 [Bin]:3083 [FullTime]:3580.38 [SkipTime]:0 [Veto1]:628.569 [Veto2]:630.998 [Veto3]:406.615 [Veto4]:406.615
