StreamChain add 0xaca37e0
Start to process run: 25833 ... 
[Run]:25833 [Site]:1 [Bin]:4310 [FullTime]:3118.44 [SkipTime]:0 [Veto1]:539.112 [Veto2]:530.072 [Veto3]:356.356 [Veto4]:356.356 [SgUp1]:154677 [SgUp2]:152373 [SgUp3]:0 [SgUp4]:0 [SgLow1]:154316 [SgLow2]:152057 [SgLow3]:0 [SgLow4]:0 [NetMuon1]:521224 [NetMuon2]:523288 [NetMuon3]:558296 [NetMuon4]:558296
[Run]:25833 [Site]:1 [Bin]:4311 [FullTime]:3590.17 [SkipTime]:0 [Veto1]:608.186 [Veto2]:643.479 [Veto3]:409.319 [Veto4]:409.319 [SgUp1]:178506 [SgUp2]:174249 [SgUp3]:0 [SgUp4]:0 [SgLow1]:178135 [SgLow2]:173902 [SgLow3]:0 [SgLow4]:0 [NetMuon1]:601726 [NetMuon2]:594231 [NetMuon3]:641612 [NetMuon4]:641612
[Run]:25833 [Site]:1 [Bin]:4312 [FullTime]:3590.17 [SkipTime]:0 [Veto1]:627.447 [Veto2]:645.639 [Veto3]:409.909 [Veto4]:409.909 [SgUp1]:177266 [SgUp2]:173573 [SgUp3]:0 [SgUp4]:0 [SgLow1]:176839 [SgLow2]:173175 [SgLow3]:0 [SgLow4]:0 [NetMuon1]:598595 [NetMuon2]:595129 [NetMuon3]:642613 [NetMuon4]:642613
[Run]:25833 [Site]:1 [Bin]:4313 [FullTime]:3590.17 [SkipTime]:0 [Veto1]:631.681 [Veto2]:641.293 [Veto3]:410.242 [Veto4]:410.242 [SgUp1]:176731 [SgUp2]:173769 [SgUp3]:0 [SgUp4]:0 [SgLow1]:176329 [SgLow2]:173401 [SgLow3]:0 [SgLow4]:0 [NetMuon1]:598238 [NetMuon2]:596484 [NetMuon3]:643097 [NetMuon4]:643097
[Run]:25833 [Site]:1 [Bin]:4314 [FullTime]:3590.17 [SkipTime]:0 [Veto1]:635.502 [Veto2]:628.405 [Veto3]:409.657 [Veto4]:409.657 [SgUp1]:177292 [SgUp2]:174334 [SgUp3]:0 [SgUp4]:0 [SgLow1]:176853 [SgLow2]:174009 [SgLow3]:0 [SgLow4]:0 [NetMuon1]:596611 [NetMuon2]:598091 [NetMuon3]:642283 [NetMuon4]:642283
[Run]:25833 [Site]:1 [Bin]:4315 [FullTime]:3590.17 [SkipTime]:0 [Veto1]:623.217 [Veto2]:625.946 [Veto3]:410.193 [Veto4]:410.193 [SgUp1]:176840 [SgUp2]:174675 [SgUp3]:0 [SgUp4]:0 [SgLow1]:176495 [SgLow2]:174296 [SgLow3]:0 [SgLow4]:0 [NetMuon1]:599964 [NetMuon2]:599220 [NetMuon3]:642986 [NetMuon4]:642986
[Run]:25833 [Site]:1 [Bin]:4316 [FullTime]:3590.17 [SkipTime]:0 [Veto1]:622.397 [Veto2]:634.272 [Veto3]:409.54 [Veto4]:409.54 [SgUp1]:177704 [SgUp2]:175088 [SgUp3]:0 [SgUp4]:0 [SgLow1]:177311 [SgLow2]:174723 [SgLow3]:0 [SgLow4]:0 [NetMuon1]:598503 [NetMuon2]:596085 [NetMuon3]:641546 [NetMuon4]:641546
[Run]:25833 [Site]:1 [Bin]:4317 [FullTime]:3590.17 [SkipTime]:0 [Veto1]:639.593 [Veto2]:626.101 [Veto3]:408.861 [Veto4]:408.861 [SgUp1]:177096 [SgUp2]:175088 [SgUp3]:0 [SgUp4]:0 [SgLow1]:176708 [SgLow2]:174658 [SgLow3]:0 [SgLow4]:0 [NetMuon1]:594495 [NetMuon2]:597760 [NetMuon3]:641211 [NetMuon4]:641211
[Run]:25833 [Site]:1 [Bin]:4318 [FullTime]:3590.17 [SkipTime]:0 [Veto1]:616.166 [Veto2]:602.098 [Veto3]:408.46 [Veto4]:408.46 [SgUp1]:177647 [SgUp2]:176953 [SgUp3]:0 [SgUp4]:0 [SgLow1]:177271 [SgLow2]:176596 [SgLow3]:0 [SgLow4]:0 [NetMuon1]:598398 [NetMuon2]:600932 [NetMuon3]:640155 [NetMuon4]:640155
[Run]:25833 [Site]:1 [Bin]:4319 [FullTime]:3590.17 [SkipTime]:0 [Veto1]:619.263 [Veto2]:637.924 [Veto3]:409.238 [Veto4]:409.238 [SgUp1]:177857 [SgUp2]:174647 [SgUp3]:0 [SgUp4]:0 [SgLow1]:177473 [SgLow2]:174235 [SgLow3]:0 [SgLow4]:0 [NetMuon1]:599358 [NetMuon2]:595202 [NetMuon3]:641664 [NetMuon4]:641664
[Run]:25833 [Site]:1 [Bin]:4320 [FullTime]:3590.17 [SkipTime]:0 [Veto1]:624.673 [Veto2]:648.048 [Veto3]:408.117 [Veto4]:408.117 [SgUp1]:177013 [SgUp2]:173866 [SgUp3]:0 [SgUp4]:0 [SgLow1]:176609 [SgLow2]:173472 [SgLow3]:0 [SgLow4]:0 [NetMuon1]:596548 [NetMuon2]:591768 [NetMuon3]:639905 [NetMuon4]:639905
[Run]:25833 [Site]:1 [Bin]:4321 [FullTime]:3590.17 [SkipTime]:0 [Veto1]:630.946 [Veto2]:625.772 [Veto3]:409.034 [Veto4]:409.034 [SgUp1]:177128 [SgUp2]:174728 [SgUp3]:0 [SgUp4]:0 [SgLow1]:176750 [SgLow2]:174343 [SgLow3]:0 [SgLow4]:0 [NetMuon1]:596684 [NetMuon2]:597519 [NetMuon3]:641375 [NetMuon4]:641375
[Run]:25833 [Site]:1 [Bin]:4322 [FullTime]:3590.17 [SkipTime]:0 [Veto1]:637.508 [Veto2]:650.613 [Veto3]:408.41 [Veto4]:408.41 [SgUp1]:176513 [SgUp2]:174006 [SgUp3]:0 [SgUp4]:0 [SgLow1]:176097 [SgLow2]:173615 [SgLow3]:0 [SgLow4]:0 [NetMuon1]:593791 [NetMuon2]:591856 [NetMuon3]:640429 [NetMuon4]:640429
[Run]:25833 [Site]:1 [Bin]:4323 [FullTime]:3590.17 [SkipTime]:0 [Veto1]:625.074 [Veto2]:615.492 [Veto3]:408.378 [Veto4]:408.378 [SgUp1]:177196 [SgUp2]:175836 [SgUp3]:0 [SgUp4]:0 [SgLow1]:176796 [SgLow2]:175447 [SgLow3]:0 [SgLow4]:0 [NetMuon1]:596839 [NetMuon2]:598650 [NetMuon3]:640232 [NetMuon4]:640232
[Run]:25833 [Site]:1 [Bin]:4324 [FullTime]:3590.17 [SkipTime]:0 [Veto1]:601.48 [Veto2]:627.264 [Veto3]:408.841 [Veto4]:408.841 [SgUp1]:178495 [SgUp2]:173904 [SgUp3]:0 [SgUp4]:0 [SgLow1]:178079 [SgLow2]:173550 [SgLow3]:0 [SgLow4]:0 [NetMuon1]:602235 [NetMuon2]:596554 [NetMuon3]:640891 [NetMuon4]:640891
[Run]:25833 [Site]:1 [Bin]:4325 [FullTime]:3590.17 [SkipTime]:0 [Veto1]:638.851 [Veto2]:645.79 [Veto3]:408.337 [Veto4]:408.337 [SgUp1]:176477 [SgUp2]:172866 [SgUp3]:0 [SgUp4]:0 [SgLow1]:176123 [SgLow2]:172444 [SgLow3]:0 [SgLow4]:0 [NetMuon1]:593939 [NetMuon2]:592019 [NetMuon3]:640176 [NetMuon4]:640176
[Run]:25833 [Site]:1 [Bin]:4326 [FullTime]:3590.17 [SkipTime]:0 [Veto1]:637.053 [Veto2]:628.87 [Veto3]:408.422 [Veto4]:408.422 [SgUp1]:176308 [SgUp2]:174313 [SgUp3]:0 [SgUp4]:0 [SgLow1]:175936 [SgLow2]:173920 [SgLow3]:0 [SgLow4]:0 [NetMuon1]:594141 [NetMuon2]:595611 [NetMuon3]:640142 [NetMuon4]:640142
[Run]:25833 [Site]:1 [Bin]:4327 [FullTime]:3590.17 [SkipTime]:0 [Veto1]:637.951 [Veto2]:644.59 [Veto3]:409.854 [Veto4]:409.854 [SgUp1]:177294 [SgUp2]:173505 [SgUp3]:0 [SgUp4]:0 [SgLow1]:176908 [SgLow2]:173146 [SgLow3]:0 [SgLow4]:0 [NetMuon1]:596549 [NetMuon2]:594999 [NetMuon3]:642363 [NetMuon4]:642363
[Run]:25833 [Site]:1 [Bin]:4328 [FullTime]:3590.17 [SkipTime]:0 [Veto1]:621.562 [Veto2]:615.999 [Veto3]:409.684 [Veto4]:409.684 [SgUp1]:177526 [SgUp2]:175296 [SgUp3]:0 [SgUp4]:0 [SgLow1]:177143 [SgLow2]:174876 [SgLow3]:0 [SgLow4]:0 [NetMuon1]:599513 [NetMuon2]:600589 [NetMuon3]:642207 [NetMuon4]:642207
[Run]:25833 [Site]:1 [Bin]:4329 [FullTime]:3590.17 [SkipTime]:0 [Veto1]:645.334 [Veto2]:616.651 [Veto3]:408.749 [Veto4]:408.749 [SgUp1]:176233 [SgUp2]:175318 [SgUp3]:0 [SgUp4]:0 [SgLow1]:175823 [SgLow2]:174934 [SgLow3]:0 [SgLow4]:0 [NetMuon1]:593267 [NetMuon2]:598922 [NetMuon3]:640727 [NetMuon4]:640727
[Run]:25833 [Site]:1 [Bin]:4330 [FullTime]:3590.17 [SkipTime]:0 [Veto1]:595.218 [Veto2]:607.628 [Veto3]:409.064 [Veto4]:409.064 [SgUp1]:179859 [SgUp2]:174970 [SgUp3]:0 [SgUp4]:0 [SgLow1]:179426 [SgLow2]:174549 [SgLow3]:0 [SgLow4]:0 [NetMuon1]:603737 [NetMuon2]:600858 [NetMuon3]:641189 [NetMuon4]:641189
[Run]:25833 [Site]:1 [Bin]:4331 [FullTime]:3590.17 [SkipTime]:0 [Veto1]:628.074 [Veto2]:616.715 [Veto3]:408.033 [Veto4]:408.033 [SgUp1]:176918 [SgUp2]:174723 [SgUp3]:0 [SgUp4]:0 [SgLow1]:176510 [SgLow2]:174376 [SgLow3]:0 [SgLow4]:0 [NetMuon1]:595804 [NetMuon2]:598107 [NetMuon3]:639866 [NetMuon4]:639866
[Run]:25833 [Site]:1 [Bin]:4332 [FullTime]:3590.17 [SkipTime]:0 [Veto1]:628.827 [Veto2]:638.899 [Veto3]:408.778 [Veto4]:408.778 [SgUp1]:177451 [SgUp2]:173945 [SgUp3]:0 [SgUp4]:0 [SgLow1]:177059 [SgLow2]:173591 [SgLow3]:0 [SgLow4]:0 [NetMuon1]:596438 [NetMuon2]:594470 [NetMuon3]:640737 [NetMuon4]:640737
[Run]:25833 [Site]:1 [Bin]:4333 [FullTime]:3590.17 [SkipTime]:0 [Veto1]:613.179 [Veto2]:643.53 [Veto3]:409.675 [Veto4]:409.675 [SgUp1]:178195 [SgUp2]:173785 [SgUp3]:0 [SgUp4]:0 [SgLow1]:177786 [SgLow2]:173397 [SgLow3]:0 [SgLow4]:0 [NetMuon1]:601072 [NetMuon2]:595006 [NetMuon3]:642237 [NetMuon4]:642237
[Run]:25833 [Site]:1 [Bin]:4334 [FullTime]:3590.17 [SkipTime]:0 [Veto1]:628.04 [Veto2]:645.71 [Veto3]:408.845 [Veto4]:408.845 [SgUp1]:177166 [SgUp2]:173467 [SgUp3]:0 [SgUp4]:0 [SgLow1]:176737 [SgLow2]:173078 [SgLow3]:0 [SgLow4]:0 [NetMuon1]:596891 [NetMuon2]:593144 [NetMuon3]:640875 [NetMuon4]:640875
[Run]:25833 [Site]:1 [Bin]:4335 [FullTime]:3590.17 [SkipTime]:0 [Veto1]:629.492 [Veto2]:636.133 [Veto3]:409.304 [Veto4]:409.304 [SgUp1]:175906 [SgUp2]:174669 [SgUp3]:0 [SgUp4]:0 [SgLow1]:175532 [SgLow2]:174274 [SgLow3]:0 [SgLow4]:0 [NetMuon1]:597508 [NetMuon2]:595848 [NetMuon3]:641634 [NetMuon4]:641634
[Run]:25833 [Site]:1 [Bin]:4336 [FullTime]:3590.17 [SkipTime]:0 [Veto1]:636.907 [Veto2]:624.525 [Veto3]:408.488 [Veto4]:408.488 [SgUp1]:176689 [SgUp2]:174615 [SgUp3]:0 [SgUp4]:0 [SgLow1]:176251 [SgLow2]:174242 [SgLow3]:0 [SgLow4]:0 [NetMuon1]:594538 [NetMuon2]:596989 [NetMuon3]:640162 [NetMuon4]:640162
[Run]:25833 [Site]:1 [Bin]:4337 [FullTime]:3590.17 [SkipTime]:0 [Veto1]:604.03 [Veto2]:636.393 [Veto3]:408.996 [Veto4]:408.996 [SgUp1]:178950 [SgUp2]:173754 [SgUp3]:0 [SgUp4]:0 [SgLow1]:178510 [SgLow2]:173367 [SgLow3]:0 [SgLow4]:0 [NetMuon1]:602131 [NetMuon2]:595723 [NetMuon3]:641255 [NetMuon4]:641255
[Run]:25833 [Site]:1 [Bin]:4338 [FullTime]:3590.17 [SkipTime]:0 [Veto1]:609.02 [Veto2]:642.324 [Veto3]:408.439 [Veto4]:408.439 [SgUp1]:177885 [SgUp2]:173559 [SgUp3]:0 [SgUp4]:0 [SgLow1]:177497 [SgLow2]:173199 [SgLow3]:0 [SgLow4]:0 [NetMuon1]:599653 [NetMuon2]:593221 [NetMuon3]:640199 [NetMuon4]:640199
[Run]:25833 [Site]:1 [Bin]:4339 [FullTime]:3590.17 [SkipTime]:0 [Veto1]:621.256 [Veto2]:629.826 [Veto3]:408.666 [Veto4]:408.666 [SgUp1]:177952 [SgUp2]:174301 [SgUp3]:0 [SgUp4]:0 [SgLow1]:177603 [SgLow2]:173920 [SgLow3]:0 [SgLow4]:0 [NetMuon1]:598106 [NetMuon2]:596413 [NetMuon3]:640768 [NetMuon4]:640768
[Run]:25833 [Site]:1 [Bin]:4340 [FullTime]:3590.17 [SkipTime]:0 [Veto1]:636.093 [Veto2]:625.066 [Veto3]:409.278 [Veto4]:409.278 [SgUp1]:176556 [SgUp2]:175360 [SgUp3]:0 [SgUp4]:0 [SgLow1]:176127 [SgLow2]:175024 [SgLow3]:0 [SgLow4]:0 [NetMuon1]:595997 [NetMuon2]:598115 [NetMuon3]:641389 [NetMuon4]:641389
[Run]:25833 [Site]:1 [Bin]:4341 [FullTime]:3590.17 [SkipTime]:0 [Veto1]:622.187 [Veto2]:606.948 [Veto3]:409.102 [Veto4]:409.102 [SgUp1]:177773 [SgUp2]:175128 [SgUp3]:0 [SgUp4]:0 [SgLow1]:177412 [SgLow2]:174716 [SgLow3]:0 [SgLow4]:0 [NetMuon1]:598156 [NetMuon2]:601279 [NetMuon3]:641097 [NetMuon4]:641097
[Run]:25833 [Site]:1 [Bin]:4342 [FullTime]:3590.17 [SkipTime]:0 [Veto1]:646.731 [Veto2]:653.172 [Veto3]:409.083 [Veto4]:409.083 [SgUp1]:176831 [SgUp2]:173108 [SgUp3]:0 [SgUp4]:0 [SgLow1]:176402 [SgLow2]:172763 [SgLow3]:0 [SgLow4]:0 [NetMuon1]:593300 [NetMuon2]:591991 [NetMuon3]:641411 [NetMuon4]:641411
[Run]:25833 [Site]:1 [Bin]:4343 [FullTime]:3590.17 [SkipTime]:0 [Veto1]:618.848 [Veto2]:626.774 [Veto3]:407.518 [Veto4]:407.518 [SgUp1]:177728 [SgUp2]:174786 [SgUp3]:0 [SgUp4]:0 [SgLow1]:177348 [SgLow2]:174383 [SgLow3]:0 [SgLow4]:0 [NetMuon1]:596248 [NetMuon2]:594809 [NetMuon3]:638644 [NetMuon4]:638644
[Run]:25833 [Site]:1 [Bin]:4344 [FullTime]:3590.17 [SkipTime]:0 [Veto1]:638.16 [Veto2]:624.218 [Veto3]:408.424 [Veto4]:408.424 [SgUp1]:176578 [SgUp2]:175274 [SgUp3]:0 [SgUp4]:0 [SgLow1]:176199 [SgLow2]:174927 [SgLow3]:0 [SgLow4]:0 [NetMuon1]:593627 [NetMuon2]:596785 [NetMuon3]:640203 [NetMuon4]:640203
[Run]:25833 [Site]:1 [Bin]:4345 [FullTime]:3590.17 [SkipTime]:0 [Veto1]:632.974 [Veto2]:625.783 [Veto3]:408.378 [Veto4]:408.378 [SgUp1]:177086 [SgUp2]:173804 [SgUp3]:0 [SgUp4]:0 [SgLow1]:176673 [SgLow2]:173382 [SgLow3]:0 [SgLow4]:0 [NetMuon1]:594939 [NetMuon2]:596647 [NetMuon3]:640150 [NetMuon4]:640150
[Run]:25833 [Site]:1 [Bin]:4346 [FullTime]:3590.17 [SkipTime]:0 [Veto1]:619.271 [Veto2]:623.313 [Veto3]:408.562 [Veto4]:408.562 [SgUp1]:178669 [SgUp2]:175144 [SgUp3]:0 [SgUp4]:0 [SgLow1]:178219 [SgLow2]:174729 [SgLow3]:0 [SgLow4]:0 [NetMuon1]:598336 [NetMuon2]:597050 [NetMuon3]:640499 [NetMuon4]:640499
[Run]:25833 [Site]:1 [Bin]:4347 [FullTime]:3590.17 [SkipTime]:0 [Veto1]:597.972 [Veto2]:632.467 [Veto3]:408.11 [Veto4]:408.11 [SgUp1]:177817 [SgUp2]:174058 [SgUp3]:0 [SgUp4]:0 [SgLow1]:177424 [SgLow2]:173649 [SgLow3]:0 [SgLow4]:0 [NetMuon1]:601686 [NetMuon2]:594724 [NetMuon3]:639708 [NetMuon4]:639708
[Run]:25833 [Site]:1 [Bin]:4348 [FullTime]:3590.17 [SkipTime]:0 [Veto1]:620.379 [Veto2]:636.347 [Veto3]:409.476 [Veto4]:409.476 [SgUp1]:178088 [SgUp2]:173045 [SgUp3]:0 [SgUp4]:0 [SgLow1]:177680 [SgLow2]:172675 [SgLow3]:0 [SgLow4]:0 [NetMuon1]:599146 [NetMuon2]:596515 [NetMuon3]:642072 [NetMuon4]:642072
[Run]:25833 [Site]:1 [Bin]:4349 [FullTime]:3590.17 [SkipTime]:0 [Veto1]:626.534 [Veto2]:644.277 [Veto3]:408.919 [Veto4]:408.919 [SgUp1]:177271 [SgUp2]:173297 [SgUp3]:0 [SgUp4]:0 [SgLow1]:176890 [SgLow2]:172927 [SgLow3]:0 [SgLow4]:0 [NetMuon1]:597000 [NetMuon2]:594103 [NetMuon3]:641096 [NetMuon4]:641096
[Run]:25833 [Site]:1 [Bin]:4350 [FullTime]:3590.17 [SkipTime]:0 [Veto1]:617.654 [Veto2]:661.834 [Veto3]:408.808 [Veto4]:408.808 [SgUp1]:177796 [SgUp2]:173025 [SgUp3]:0 [SgUp4]:0 [SgLow1]:177423 [SgLow2]:172590 [SgLow3]:0 [SgLow4]:0 [NetMuon1]:598915 [NetMuon2]:589978 [NetMuon3]:640930 [NetMuon4]:640930
[Run]:25833 [Site]:1 [Bin]:4351 [FullTime]:3590.17 [SkipTime]:0 [Veto1]:618.466 [Veto2]:630.87 [Veto3]:408.309 [Veto4]:408.309 [SgUp1]:178485 [SgUp2]:174613 [SgUp3]:0 [SgUp4]:0 [SgLow1]:178085 [SgLow2]:174236 [SgLow3]:0 [SgLow4]:0 [NetMuon1]:598377 [NetMuon2]:595928 [NetMuon3]:640343 [NetMuon4]:640343
[Run]:25833 [Site]:1 [Bin]:4352 [FullTime]:3590.17 [SkipTime]:0 [Veto1]:618.553 [Veto2]:639.755 [Veto3]:408.366 [Veto4]:408.366 [SgUp1]:177682 [SgUp2]:174180 [SgUp3]:0 [SgUp4]:0 [SgLow1]:177280 [SgLow2]:173780 [SgLow3]:0 [SgLow4]:0 [NetMuon1]:597530 [NetMuon2]:593483 [NetMuon3]:640280 [NetMuon4]:640280
[Run]:25833 [Site]:1 [Bin]:4353 [FullTime]:3590.17 [SkipTime]:0 [Veto1]:617.517 [Veto2]:616.079 [Veto3]:409.208 [Veto4]:409.208 [SgUp1]:177809 [SgUp2]:174979 [SgUp3]:0 [SgUp4]:0 [SgLow1]:177422 [SgLow2]:174569 [SgLow3]:0 [SgLow4]:0 [NetMuon1]:599095 [NetMuon2]:599881 [NetMuon3]:641478 [NetMuon4]:641478
[Run]:25833 [Site]:1 [Bin]:4354 [FullTime]:3590.17 [SkipTime]:0 [Veto1]:614.386 [Veto2]:632.583 [Veto3]:408.301 [Veto4]:408.301 [SgUp1]:178638 [SgUp2]:174704 [SgUp3]:0 [SgUp4]:0 [SgLow1]:178299 [SgLow2]:174313 [SgLow3]:0 [SgLow4]:0 [NetMuon1]:598566 [NetMuon2]:595304 [NetMuon3]:640217 [NetMuon4]:640217
[Run]:25833 [Site]:1 [Bin]:4355 [FullTime]:3590.17 [SkipTime]:0 [Veto1]:620.421 [Veto2]:625.829 [Veto3]:408.037 [Veto4]:408.037 [SgUp1]:177613 [SgUp2]:174861 [SgUp3]:0 [SgUp4]:0 [SgLow1]:177206 [SgLow2]:174491 [SgLow3]:0 [SgLow4]:0 [NetMuon1]:596782 [NetMuon2]:596191 [NetMuon3]:639693 [NetMuon4]:639693
[Run]:25833 [Site]:1 [Bin]:4356 [FullTime]:3590.17 [SkipTime]:0 [Veto1]:615.415 [Veto2]:627.258 [Veto3]:407.886 [Veto4]:407.886 [SgUp1]:177529 [SgUp2]:174817 [SgUp3]:0 [SgUp4]:0 [SgLow1]:177174 [SgLow2]:174440 [SgLow3]:0 [SgLow4]:0 [NetMuon1]:598052 [NetMuon2]:595239 [NetMuon3]:639472 [NetMuon4]:639472
[Run]:25833 [Site]:1 [Bin]:4357 [FullTime]:3590.17 [SkipTime]:0 [Veto1]:611.824 [Veto2]:624.581 [Veto3]:409.472 [Veto4]:409.472 [SgUp1]:178952 [SgUp2]:174800 [SgUp3]:0 [SgUp4]:0 [SgLow1]:178516 [SgLow2]:174408 [SgLow3]:0 [SgLow4]:0 [NetMuon1]:601026 [NetMuon2]:598161 [NetMuon3]:641641 [NetMuon4]:641641
End process Run: 25833 ... 
[Run]:25833 [Site]:1 [Bin]:4358 [FullTime]:2031.29 [SkipTime]:0 [Veto1]:342.826 [Veto2]:338.751 [Veto3]:230.873 [Veto4]:230.873
