StreamChain add 0x18df7e0
Start to process run: 25963 ... 
[Run]:25963 [Site]:1 [Bin]:4462 [FullTime]:3147.18 [SkipTime]:0 [Veto1]:564.358 [Veto2]:539.908 [Veto3]:357.199 [Veto4]:357.199 [SgUp1]:154760 [SgUp2]:154646 [SgUp3]:0 [SgUp4]:0 [SgLow1]:154400 [SgLow2]:154332 [SgLow3]:0 [SgLow4]:0 [NetMuon1]:518526 [NetMuon2]:523337 [NetMuon3]:560149 [NetMuon4]:560149
[Run]:25963 [Site]:1 [Bin]:4463 [FullTime]:3590.17 [SkipTime]:0 [Veto1]:640.805 [Veto2]:629.042 [Veto3]:408.826 [Veto4]:408.826 [SgUp1]:176680 [SgUp2]:175117 [SgUp3]:0 [SgUp4]:0 [SgLow1]:176329 [SgLow2]:174728 [SgLow3]:0 [SgLow4]:0 [NetMuon1]:594136 [NetMuon2]:596798 [NetMuon3]:640996 [NetMuon4]:640996
[Run]:25963 [Site]:1 [Bin]:4464 [FullTime]:3590.18 [SkipTime]:0 [Veto1]:609.439 [Veto2]:629.901 [Veto3]:408.321 [Veto4]:408.321 [SgUp1]:179147 [SgUp2]:174280 [SgUp3]:0 [SgUp4]:0 [SgLow1]:178753 [SgLow2]:173895 [SgLow3]:0 [SgLow4]:0 [NetMuon1]:600176 [NetMuon2]:595592 [NetMuon3]:640529 [NetMuon4]:640529
[Run]:25963 [Site]:1 [Bin]:4465 [FullTime]:3590.16 [SkipTime]:0 [Veto1]:602.921 [Veto2]:619.936 [Veto3]:407.54 [Veto4]:407.54 [SgUp1]:179065 [SgUp2]:174617 [SgUp3]:0 [SgUp4]:0 [SgLow1]:178686 [SgLow2]:174190 [SgLow3]:0 [SgLow4]:0 [NetMuon1]:600016 [NetMuon2]:596392 [NetMuon3]:639088 [NetMuon4]:639088
[Run]:25963 [Site]:1 [Bin]:4466 [FullTime]:3590.17 [SkipTime]:0 [Veto1]:621.272 [Veto2]:645.124 [Veto3]:408.425 [Veto4]:408.425 [SgUp1]:177551 [SgUp2]:173236 [SgUp3]:0 [SgUp4]:0 [SgLow1]:177121 [SgLow2]:172851 [SgLow3]:0 [SgLow4]:0 [NetMuon1]:597662 [NetMuon2]:592648 [NetMuon3]:640371 [NetMuon4]:640371
[Run]:25963 [Site]:1 [Bin]:4467 [FullTime]:3590.17 [SkipTime]:0 [Veto1]:623.778 [Veto2]:636.694 [Veto3]:408.562 [Veto4]:408.562 [SgUp1]:177182 [SgUp2]:174368 [SgUp3]:0 [SgUp4]:0 [SgLow1]:176797 [SgLow2]:173940 [SgLow3]:0 [SgLow4]:0 [NetMuon1]:597284 [NetMuon2]:594667 [NetMuon3]:640653 [NetMuon4]:640653
[Run]:25963 [Site]:1 [Bin]:4468 [FullTime]:3590.17 [SkipTime]:0 [Veto1]:613.03 [Veto2]:630.947 [Veto3]:407.466 [Veto4]:407.466 [SgUp1]:178246 [SgUp2]:174262 [SgUp3]:0 [SgUp4]:0 [SgLow1]:177875 [SgLow2]:173858 [SgLow3]:0 [SgLow4]:0 [NetMuon1]:597802 [NetMuon2]:594215 [NetMuon3]:638978 [NetMuon4]:638978
[Run]:25963 [Site]:1 [Bin]:4469 [FullTime]:3590.17 [SkipTime]:0 [Veto1]:623.515 [Veto2]:669.971 [Veto3]:408.465 [Veto4]:408.465 [SgUp1]:177859 [SgUp2]:171959 [SgUp3]:0 [SgUp4]:0 [SgLow1]:177470 [SgLow2]:171570 [SgLow3]:0 [SgLow4]:0 [NetMuon1]:596963 [NetMuon2]:587941 [NetMuon3]:640488 [NetMuon4]:640488
[Run]:25963 [Site]:1 [Bin]:4470 [FullTime]:3590.17 [SkipTime]:0 [Veto1]:635.062 [Veto2]:641.916 [Veto3]:407.928 [Veto4]:407.928 [SgUp1]:176764 [SgUp2]:173784 [SgUp3]:0 [SgUp4]:0 [SgLow1]:176358 [SgLow2]:173377 [SgLow3]:0 [SgLow4]:0 [NetMuon1]:594264 [NetMuon2]:592339 [NetMuon3]:639583 [NetMuon4]:639583
[Run]:25963 [Site]:1 [Bin]:4471 [FullTime]:3590.17 [SkipTime]:0 [Veto1]:608.141 [Veto2]:626.092 [Veto3]:408.544 [Veto4]:408.544 [SgUp1]:178999 [SgUp2]:174714 [SgUp3]:0 [SgUp4]:0 [SgLow1]:178660 [SgLow2]:174288 [SgLow3]:0 [SgLow4]:0 [NetMuon1]:600208 [NetMuon2]:596284 [NetMuon3]:640418 [NetMuon4]:640418
[Run]:25963 [Site]:1 [Bin]:4472 [FullTime]:3590.17 [SkipTime]:0 [Veto1]:605.695 [Veto2]:643.537 [Veto3]:409.589 [Veto4]:409.589 [SgUp1]:178752 [SgUp2]:173374 [SgUp3]:0 [SgUp4]:0 [SgLow1]:178349 [SgLow2]:172998 [SgLow3]:0 [SgLow4]:0 [NetMuon1]:602119 [NetMuon2]:594746 [NetMuon3]:642205 [NetMuon4]:642205
[Run]:25963 [Site]:1 [Bin]:4473 [FullTime]:3590.17 [SkipTime]:0 [Veto1]:612.593 [Veto2]:642.747 [Veto3]:409.337 [Veto4]:409.337 [SgUp1]:178375 [SgUp2]:173771 [SgUp3]:0 [SgUp4]:0 [SgLow1]:177962 [SgLow2]:173378 [SgLow3]:0 [SgLow4]:0 [NetMuon1]:600707 [NetMuon2]:594583 [NetMuon3]:641903 [NetMuon4]:641903
[Run]:25963 [Site]:1 [Bin]:4474 [FullTime]:3590.17 [SkipTime]:0 [Veto1]:625.292 [Veto2]:620.986 [Veto3]:409.8 [Veto4]:409.8 [SgUp1]:177297 [SgUp2]:174579 [SgUp3]:0 [SgUp4]:0 [SgLow1]:176874 [SgLow2]:174204 [SgLow3]:0 [SgLow4]:0 [NetMuon1]:599027 [NetMuon2]:599467 [NetMuon3]:642357 [NetMuon4]:642357
[Run]:25963 [Site]:1 [Bin]:4475 [FullTime]:3590.17 [SkipTime]:0 [Veto1]:630.334 [Veto2]:624.942 [Veto3]:408.963 [Veto4]:408.963 [SgUp1]:177143 [SgUp2]:174484 [SgUp3]:0 [SgUp4]:0 [SgLow1]:176785 [SgLow2]:174091 [SgLow3]:0 [SgLow4]:0 [NetMuon1]:596337 [NetMuon2]:597204 [NetMuon3]:640819 [NetMuon4]:640819
[Run]:25963 [Site]:1 [Bin]:4476 [FullTime]:3590.17 [SkipTime]:0 [Veto1]:629.063 [Veto2]:621.546 [Veto3]:409.209 [Veto4]:409.209 [SgUp1]:177470 [SgUp2]:174761 [SgUp3]:0 [SgUp4]:0 [SgLow1]:177088 [SgLow2]:174383 [SgLow3]:0 [SgLow4]:0 [NetMuon1]:597182 [NetMuon2]:598504 [NetMuon3]:641541 [NetMuon4]:641541
[Run]:25963 [Site]:1 [Bin]:4477 [FullTime]:3590.17 [SkipTime]:0 [Veto1]:616.638 [Veto2]:631.204 [Veto3]:408.526 [Veto4]:408.526 [SgUp1]:177967 [SgUp2]:175019 [SgUp3]:0 [SgUp4]:0 [SgLow1]:177630 [SgLow2]:174618 [SgLow3]:0 [SgLow4]:0 [NetMuon1]:598647 [NetMuon2]:595513 [NetMuon3]:640455 [NetMuon4]:640455
[Run]:25963 [Site]:1 [Bin]:4479 [FullTime]:3365.99 [SkipTime]:0 [Veto1]:584.919 [Veto2]:591.533 [Veto3]:383.932 [Veto4]:383.932 [SgUp1]:167142 [SgUp2]:163563 [SgUp3]:0 [SgUp4]:0 [SgLow1]:166768 [SgLow2]:163195 [SgLow3]:0 [SgLow4]:0 [NetMuon1]:560963 [NetMuon2]:560078 [NetMuon3]:601614 [NetMuon4]:601614
[Run]:25963 [Site]:1 [Bin]:4480 [FullTime]:3590.17 [SkipTime]:0 [Veto1]:625.717 [Veto2]:613.157 [Veto3]:409.721 [Veto4]:409.721 [SgUp1]:177740 [SgUp2]:175351 [SgUp3]:0 [SgUp4]:0 [SgLow1]:177351 [SgLow2]:174951 [SgLow3]:0 [SgLow4]:0 [NetMuon1]:598643 [NetMuon2]:600729 [NetMuon3]:642114 [NetMuon4]:642114
[Run]:25963 [Site]:1 [Bin]:4481 [FullTime]:3590.17 [SkipTime]:0 [Veto1]:630.33 [Veto2]:623.382 [Veto3]:410.104 [Veto4]:410.104 [SgUp1]:177535 [SgUp2]:174231 [SgUp3]:0 [SgUp4]:0 [SgLow1]:177086 [SgLow2]:173813 [SgLow3]:0 [SgLow4]:0 [NetMuon1]:598142 [NetMuon2]:599907 [NetMuon3]:642855 [NetMuon4]:642855
[Run]:25963 [Site]:1 [Bin]:4482 [FullTime]:3590.17 [SkipTime]:0 [Veto1]:605.548 [Veto2]:631.94 [Veto3]:408.692 [Veto4]:408.692 [SgUp1]:179276 [SgUp2]:173887 [SgUp3]:0 [SgUp4]:0 [SgLow1]:178880 [SgLow2]:173473 [SgLow3]:0 [SgLow4]:0 [NetMuon1]:600592 [NetMuon2]:595704 [NetMuon3]:640524 [NetMuon4]:640524
[Run]:25963 [Site]:1 [Bin]:4483 [FullTime]:3590.17 [SkipTime]:0 [Veto1]:619.628 [Veto2]:636.986 [Veto3]:408.126 [Veto4]:408.126 [SgUp1]:177902 [SgUp2]:173435 [SgUp3]:0 [SgUp4]:0 [SgLow1]:177485 [SgLow2]:173096 [SgLow3]:0 [SgLow4]:0 [NetMuon1]:597338 [NetMuon2]:593885 [NetMuon3]:639809 [NetMuon4]:639809
[Run]:25963 [Site]:1 [Bin]:4484 [FullTime]:3590.17 [SkipTime]:0 [Veto1]:623.003 [Veto2]:617.26 [Veto3]:408.737 [Veto4]:408.737 [SgUp1]:176970 [SgUp2]:174134 [SgUp3]:0 [SgUp4]:0 [SgLow1]:176610 [SgLow2]:173748 [SgLow3]:0 [SgLow4]:0 [NetMuon1]:597619 [NetMuon2]:598678 [NetMuon3]:640498 [NetMuon4]:640498
[Run]:25963 [Site]:1 [Bin]:4485 [FullTime]:3590.17 [SkipTime]:0 [Veto1]:618.986 [Veto2]:637.971 [Veto3]:409.16 [Veto4]:409.16 [SgUp1]:177870 [SgUp2]:172987 [SgUp3]:0 [SgUp4]:0 [SgLow1]:177483 [SgLow2]:172604 [SgLow3]:0 [SgLow4]:0 [NetMuon1]:599104 [NetMuon2]:595340 [NetMuon3]:641235 [NetMuon4]:641235
[Run]:25963 [Site]:1 [Bin]:4486 [FullTime]:3590.17 [SkipTime]:0 [Veto1]:640.087 [Veto2]:638.314 [Veto3]:409.526 [Veto4]:409.526 [SgUp1]:176716 [SgUp2]:173991 [SgUp3]:0 [SgUp4]:0 [SgLow1]:176346 [SgLow2]:173630 [SgLow3]:0 [SgLow4]:0 [NetMuon1]:595252 [NetMuon2]:595622 [NetMuon3]:641898 [NetMuon4]:641898
[Run]:25963 [Site]:1 [Bin]:4487 [FullTime]:3590.17 [SkipTime]:0 [Veto1]:618.981 [Veto2]:624.252 [Veto3]:409.124 [Veto4]:409.124 [SgUp1]:178768 [SgUp2]:174430 [SgUp3]:0 [SgUp4]:0 [SgLow1]:178327 [SgLow2]:174019 [SgLow3]:0 [SgLow4]:0 [NetMuon1]:599721 [NetMuon2]:598264 [NetMuon3]:641536 [NetMuon4]:641536
[Run]:25963 [Site]:1 [Bin]:4488 [FullTime]:3590.17 [SkipTime]:0 [Veto1]:647.603 [Veto2]:618.507 [Veto3]:409.379 [Veto4]:409.379 [SgUp1]:176731 [SgUp2]:174980 [SgUp3]:0 [SgUp4]:0 [SgLow1]:176362 [SgLow2]:174618 [SgLow3]:0 [SgLow4]:0 [NetMuon1]:593388 [NetMuon2]:599419 [NetMuon3]:641628 [NetMuon4]:641628
[Run]:25963 [Site]:1 [Bin]:4489 [FullTime]:3590.17 [SkipTime]:0 [Veto1]:627.475 [Veto2]:628.492 [Veto3]:408.217 [Veto4]:408.217 [SgUp1]:177800 [SgUp2]:174419 [SgUp3]:0 [SgUp4]:0 [SgLow1]:177477 [SgLow2]:174046 [SgLow3]:0 [SgLow4]:0 [NetMuon1]:595493 [NetMuon2]:595712 [NetMuon3]:639552 [NetMuon4]:639552
[Run]:25963 [Site]:1 [Bin]:4490 [FullTime]:3590.17 [SkipTime]:0 [Veto1]:635.391 [Veto2]:641.445 [Veto3]:408.583 [Veto4]:408.583 [SgUp1]:177374 [SgUp2]:173181 [SgUp3]:0 [SgUp4]:0 [SgLow1]:176984 [SgLow2]:172788 [SgLow3]:0 [SgLow4]:0 [NetMuon1]:595273 [NetMuon2]:594146 [NetMuon3]:640759 [NetMuon4]:640759
[Run]:25963 [Site]:1 [Bin]:4491 [FullTime]:3590.17 [SkipTime]:0 [Veto1]:629.233 [Veto2]:649.376 [Veto3]:409.111 [Veto4]:409.111 [SgUp1]:177859 [SgUp2]:173476 [SgUp3]:0 [SgUp4]:0 [SgLow1]:177488 [SgLow2]:173112 [SgLow3]:0 [SgLow4]:0 [NetMuon1]:596972 [NetMuon2]:592812 [NetMuon3]:641221 [NetMuon4]:641221
[Run]:25963 [Site]:1 [Bin]:4492 [FullTime]:3590.17 [SkipTime]:0 [Veto1]:616.52 [Veto2]:633.502 [Veto3]:408.784 [Veto4]:408.784 [SgUp1]:179073 [SgUp2]:174742 [SgUp3]:0 [SgUp4]:0 [SgLow1]:178624 [SgLow2]:174418 [SgLow3]:0 [SgLow4]:0 [NetMuon1]:598595 [NetMuon2]:595516 [NetMuon3]:640658 [NetMuon4]:640658
[Run]:25963 [Site]:1 [Bin]:4493 [FullTime]:3590.17 [SkipTime]:0 [Veto1]:626.925 [Veto2]:657.516 [Veto3]:407.842 [Veto4]:407.842 [SgUp1]:178879 [SgUp2]:172762 [SgUp3]:0 [SgUp4]:0 [SgLow1]:178483 [SgLow2]:172368 [SgLow3]:0 [SgLow4]:0 [NetMuon1]:595484 [NetMuon2]:589357 [NetMuon3]:639567 [NetMuon4]:639567
[Run]:25963 [Site]:1 [Bin]:4494 [FullTime]:3590.17 [SkipTime]:0 [Veto1]:639.868 [Veto2]:631.43 [Veto3]:408.981 [Veto4]:408.981 [SgUp1]:177864 [SgUp2]:175432 [SgUp3]:0 [SgUp4]:0 [SgLow1]:177464 [SgLow2]:175042 [SgLow3]:0 [SgLow4]:0 [NetMuon1]:594912 [NetMuon2]:596685 [NetMuon3]:641294 [NetMuon4]:641294
[Run]:25963 [Site]:1 [Bin]:4495 [FullTime]:3590.17 [SkipTime]:0 [Veto1]:613.733 [Veto2]:623.717 [Veto3]:408.692 [Veto4]:408.692 [SgUp1]:178970 [SgUp2]:175290 [SgUp3]:0 [SgUp4]:0 [SgLow1]:178590 [SgLow2]:174897 [SgLow3]:0 [SgLow4]:0 [NetMuon1]:599185 [NetMuon2]:597186 [NetMuon3]:640745 [NetMuon4]:640745
[Run]:25963 [Site]:1 [Bin]:4496 [FullTime]:3590.17 [SkipTime]:0 [Veto1]:631.043 [Veto2]:621.905 [Veto3]:408.514 [Veto4]:408.514 [SgUp1]:178088 [SgUp2]:175326 [SgUp3]:0 [SgUp4]:0 [SgLow1]:177729 [SgLow2]:174928 [SgLow3]:0 [SgLow4]:0 [NetMuon1]:595591 [NetMuon2]:597617 [NetMuon3]:640334 [NetMuon4]:640334
[Run]:25963 [Site]:1 [Bin]:4497 [FullTime]:3590.17 [SkipTime]:0 [Veto1]:623.533 [Veto2]:628.382 [Veto3]:408.671 [Veto4]:408.671 [SgUp1]:177934 [SgUp2]:174471 [SgUp3]:0 [SgUp4]:0 [SgLow1]:177563 [SgLow2]:174076 [SgLow3]:0 [SgLow4]:0 [NetMuon1]:597206 [NetMuon2]:596924 [NetMuon3]:640716 [NetMuon4]:640716
[Run]:25963 [Site]:1 [Bin]:4498 [FullTime]:3590.17 [SkipTime]:0 [Veto1]:642.289 [Veto2]:633.301 [Veto3]:409.119 [Veto4]:409.119 [SgUp1]:176522 [SgUp2]:174538 [SgUp3]:0 [SgUp4]:0 [SgLow1]:176090 [SgLow2]:174143 [SgLow3]:0 [SgLow4]:0 [NetMuon1]:594134 [NetMuon2]:596010 [NetMuon3]:641239 [NetMuon4]:641239
[Run]:25963 [Site]:1 [Bin]:4499 [FullTime]:3590.17 [SkipTime]:0 [Veto1]:630.863 [Veto2]:641.505 [Veto3]:408.29 [Veto4]:408.29 [SgUp1]:177395 [SgUp2]:173890 [SgUp3]:0 [SgUp4]:0 [SgLow1]:176974 [SgLow2]:173477 [SgLow3]:0 [SgLow4]:0 [NetMuon1]:595158 [NetMuon2]:593265 [NetMuon3]:640023 [NetMuon4]:640023
[Run]:25963 [Site]:1 [Bin]:4500 [FullTime]:3590.17 [SkipTime]:0 [Veto1]:631.937 [Veto2]:627.794 [Veto3]:408.21 [Veto4]:408.21 [SgUp1]:177734 [SgUp2]:174646 [SgUp3]:0 [SgUp4]:0 [SgLow1]:177390 [SgLow2]:174266 [SgLow3]:0 [SgLow4]:0 [NetMuon1]:594911 [NetMuon2]:595622 [NetMuon3]:639906 [NetMuon4]:639906
[Run]:25963 [Site]:1 [Bin]:4501 [FullTime]:3590.17 [SkipTime]:0 [Veto1]:611.859 [Veto2]:650.267 [Veto3]:409.513 [Veto4]:409.513 [SgUp1]:179254 [SgUp2]:173441 [SgUp3]:0 [SgUp4]:0 [SgLow1]:178864 [SgLow2]:173031 [SgLow3]:0 [SgLow4]:0 [NetMuon1]:601002 [NetMuon2]:593289 [NetMuon3]:641785 [NetMuon4]:641785
[Run]:25963 [Site]:1 [Bin]:4502 [FullTime]:3590.17 [SkipTime]:0 [Veto1]:627.894 [Veto2]:632.567 [Veto3]:408.814 [Veto4]:408.814 [SgUp1]:177795 [SgUp2]:173748 [SgUp3]:0 [SgUp4]:0 [SgLow1]:177377 [SgLow2]:173373 [SgLow3]:0 [SgLow4]:0 [NetMuon1]:596440 [NetMuon2]:595654 [NetMuon3]:640603 [NetMuon4]:640603
[Run]:25963 [Site]:1 [Bin]:4503 [FullTime]:3590.17 [SkipTime]:0 [Veto1]:612.52 [Veto2]:648.346 [Veto3]:408.665 [Veto4]:408.665 [SgUp1]:178832 [SgUp2]:173725 [SgUp3]:0 [SgUp4]:0 [SgLow1]:178494 [SgLow2]:173364 [SgLow3]:0 [SgLow4]:0 [NetMuon1]:599710 [NetMuon2]:591909 [NetMuon3]:640459 [NetMuon4]:640459
[Run]:25963 [Site]:1 [Bin]:4504 [FullTime]:3590.17 [SkipTime]:0 [Veto1]:632.576 [Veto2]:634.011 [Veto3]:408.791 [Veto4]:408.791 [SgUp1]:177486 [SgUp2]:174060 [SgUp3]:0 [SgUp4]:0 [SgLow1]:177075 [SgLow2]:173669 [SgLow3]:0 [SgLow4]:0 [NetMuon1]:596010 [NetMuon2]:595813 [NetMuon3]:640932 [NetMuon4]:640932
[Run]:25963 [Site]:1 [Bin]:4505 [FullTime]:3590.17 [SkipTime]:0 [Veto1]:618.198 [Veto2]:625.825 [Veto3]:408.404 [Veto4]:408.404 [SgUp1]:178132 [SgUp2]:174083 [SgUp3]:0 [SgUp4]:0 [SgLow1]:177712 [SgLow2]:173722 [SgLow3]:0 [SgLow4]:0 [NetMuon1]:597887 [NetMuon2]:597010 [NetMuon3]:640236 [NetMuon4]:640236
[Run]:25963 [Site]:1 [Bin]:4506 [FullTime]:3590.17 [SkipTime]:0 [Veto1]:615.582 [Veto2]:641.551 [Veto3]:409.215 [Veto4]:409.215 [SgUp1]:178405 [SgUp2]:173391 [SgUp3]:0 [SgUp4]:0 [SgLow1]:177984 [SgLow2]:172975 [SgLow3]:0 [SgLow4]:0 [NetMuon1]:599042 [NetMuon2]:594695 [NetMuon3]:641119 [NetMuon4]:641119
[Run]:25963 [Site]:1 [Bin]:4507 [FullTime]:3590.17 [SkipTime]:0 [Veto1]:631.884 [Veto2]:653.568 [Veto3]:408.72 [Veto4]:408.72 [SgUp1]:177068 [SgUp2]:173189 [SgUp3]:0 [SgUp4]:0 [SgLow1]:176692 [SgLow2]:172834 [SgLow3]:0 [SgLow4]:0 [NetMuon1]:595370 [NetMuon2]:590976 [NetMuon3]:640360 [NetMuon4]:640360
[Run]:25963 [Site]:1 [Bin]:4508 [FullTime]:3590.17 [SkipTime]:0 [Veto1]:632.038 [Veto2]:627.54 [Veto3]:408.574 [Veto4]:408.574 [SgUp1]:177233 [SgUp2]:174632 [SgUp3]:0 [SgUp4]:0 [SgLow1]:176825 [SgLow2]:174201 [SgLow3]:0 [SgLow4]:0 [NetMuon1]:595733 [NetMuon2]:596148 [NetMuon3]:640532 [NetMuon4]:640532
[Run]:25963 [Site]:1 [Bin]:4509 [FullTime]:3590.17 [SkipTime]:0 [Veto1]:599.786 [Veto2]:636.253 [Veto3]:408.099 [Veto4]:408.099 [SgUp1]:179081 [SgUp2]:173677 [SgUp3]:0 [SgUp4]:0 [SgLow1]:178675 [SgLow2]:173311 [SgLow3]:0 [SgLow4]:0 [NetMuon1]:600814 [NetMuon2]:593894 [NetMuon3]:639678 [NetMuon4]:639678
[Run]:25963 [Site]:1 [Bin]:4510 [FullTime]:3590.17 [SkipTime]:0 [Veto1]:600.756 [Veto2]:635.39 [Veto3]:409.166 [Veto4]:409.166 [SgUp1]:179030 [SgUp2]:174394 [SgUp3]:0 [SgUp4]:0 [SgLow1]:178666 [SgLow2]:174007 [SgLow3]:0 [SgLow4]:0 [NetMuon1]:602652 [NetMuon2]:595365 [NetMuon3]:641305 [NetMuon4]:641305
[Run]:25963 [Site]:1 [Bin]:4511 [FullTime]:3590.17 [SkipTime]:0 [Veto1]:625.794 [Veto2]:639.068 [Veto3]:409.254 [Veto4]:409.254 [SgUp1]:178860 [SgUp2]:174057 [SgUp3]:0 [SgUp4]:0 [SgLow1]:178461 [SgLow2]:173713 [SgLow3]:0 [SgLow4]:0 [NetMuon1]:598163 [NetMuon2]:595302 [NetMuon3]:641629 [NetMuon4]:641629
[Run]:25963 [Site]:1 [Bin]:4512 [FullTime]:3590.17 [SkipTime]:0 [Veto1]:626.76 [Veto2]:629.709 [Veto3]:408.703 [Veto4]:408.703 [SgUp1]:177644 [SgUp2]:174506 [SgUp3]:0 [SgUp4]:0 [SgLow1]:177267 [SgLow2]:174134 [SgLow3]:0 [SgLow4]:0 [NetMuon1]:596758 [NetMuon2]:596162 [NetMuon3]:640747 [NetMuon4]:640747
[Run]:25963 [Site]:1 [Bin]:4513 [FullTime]:3590.17 [SkipTime]:0 [Veto1]:627.824 [Veto2]:645.147 [Veto3]:408.824 [Veto4]:408.824 [SgUp1]:178142 [SgUp2]:173559 [SgUp3]:0 [SgUp4]:0 [SgLow1]:177755 [SgLow2]:173169 [SgLow3]:0 [SgLow4]:0 [NetMuon1]:596861 [NetMuon2]:593555 [NetMuon3]:640824 [NetMuon4]:640824
[Run]:25963 [Site]:1 [Bin]:4514 [FullTime]:3590.17 [SkipTime]:0 [Veto1]:629.523 [Veto2]:630.848 [Veto3]:409.115 [Veto4]:409.115 [SgUp1]:177826 [SgUp2]:174701 [SgUp3]:0 [SgUp4]:0 [SgLow1]:177479 [SgLow2]:174280 [SgLow3]:0 [SgLow4]:0 [NetMuon1]:596971 [NetMuon2]:596806 [NetMuon3]:641395 [NetMuon4]:641395
[Run]:25963 [Site]:1 [Bin]:4515 [FullTime]:3590.17 [SkipTime]:0 [Veto1]:660.018 [Veto2]:621.563 [Veto3]:408.911 [Veto4]:408.911 [SgUp1]:175165 [SgUp2]:175168 [SgUp3]:0 [SgUp4]:0 [SgLow1]:174815 [SgLow2]:174765 [SgLow3]:0 [SgLow4]:0 [NetMuon1]:590290 [NetMuon2]:597920 [NetMuon3]:641044 [NetMuon4]:641044
[Run]:25963 [Site]:1 [Bin]:4516 [FullTime]:3590.17 [SkipTime]:0 [Veto1]:609.068 [Veto2]:647.087 [Veto3]:408.317 [Veto4]:408.317 [SgUp1]:178141 [SgUp2]:173765 [SgUp3]:0 [SgUp4]:0 [SgLow1]:177718 [SgLow2]:173364 [SgLow3]:0 [SgLow4]:0 [NetMuon1]:599473 [NetMuon2]:592005 [NetMuon3]:640059 [NetMuon4]:640059
[Run]:25963 [Site]:1 [Bin]:4517 [FullTime]:3590.17 [SkipTime]:0 [Veto1]:616.789 [Veto2]:615.314 [Veto3]:408.236 [Veto4]:408.236 [SgUp1]:177997 [SgUp2]:176019 [SgUp3]:0 [SgUp4]:0 [SgLow1]:177554 [SgLow2]:175648 [SgLow3]:0 [SgLow4]:0 [NetMuon1]:598661 [NetMuon2]:598889 [NetMuon3]:640061 [NetMuon4]:640061
End process Run: 25963 ... 
[Run]:25963 [Site]:1 [Bin]:4518 [FullTime]:174.391 [SkipTime]:0 [Veto1]:31.7747 [Veto2]:27.3946 [Veto3]:19.9329 [Veto4]:19.9329
