StreamChain add 0x5fc97e0
Start to process run: 25000 ... 
[Run]:25000 [Site]:1 [Bin]:3758 [FullTime]:2666.69 [SkipTime]:0 [Veto1]:451.543 [Veto2]:456.679 [Veto3]:303.338 [Veto4]:303.338 [SgUp1]:133720 [SgUp2]:130688 [SgUp3]:0 [SgUp4]:0 [SgLow1]:133465 [SgLow2]:130415 [SgLow3]:0 [SgLow4]:0 [NetMuon1]:445380 [NetMuon2]:444635 [NetMuon3]:475496 [NetMuon4]:475496
[Run]:25000 [Site]:1 [Bin]:3759 [FullTime]:3590.17 [SkipTime]:0 [Veto1]:640.793 [Veto2]:642.308 [Veto3]:408.284 [Veto4]:408.284 [SgUp1]:177481 [SgUp2]:173681 [SgUp3]:0 [SgUp4]:0 [SgLow1]:177157 [SgLow2]:173342 [SgLow3]:0 [SgLow4]:0 [NetMuon1]:593530 [NetMuon2]:593097 [NetMuon3]:640092 [NetMuon4]:640092
[Run]:25000 [Site]:1 [Bin]:3760 [FullTime]:3590.17 [SkipTime]:0 [Veto1]:624.487 [Veto2]:642.208 [Veto3]:409.477 [Veto4]:409.477 [SgUp1]:178371 [SgUp2]:173425 [SgUp3]:0 [SgUp4]:0 [SgLow1]:178048 [SgLow2]:173073 [SgLow3]:0 [SgLow4]:0 [NetMuon1]:598766 [NetMuon2]:594605 [NetMuon3]:641952 [NetMuon4]:641952
[Run]:25000 [Site]:1 [Bin]:3761 [FullTime]:3590.17 [SkipTime]:0 [Veto1]:637.62 [Veto2]:632.139 [Veto3]:409.007 [Veto4]:409.007 [SgUp1]:177117 [SgUp2]:174500 [SgUp3]:0 [SgUp4]:0 [SgLow1]:176750 [SgLow2]:174146 [SgLow3]:0 [SgLow4]:0 [NetMuon1]:594999 [NetMuon2]:596454 [NetMuon3]:641123 [NetMuon4]:641123
[Run]:25000 [Site]:1 [Bin]:3765 [FullTime]:3439.69 [SkipTime]:0 [Veto1]:616.18 [Veto2]:618.81 [Veto3]:390.689 [Veto4]:390.689 [SgUp1]:169916 [SgUp2]:166255 [SgUp3]:0 [SgUp4]:0 [SgLow1]:169558 [SgLow2]:165892 [SgLow3]:0 [SgLow4]:0 [NetMuon1]:567012 [NetMuon2]:566873 [NetMuon3]:612644 [NetMuon4]:612644
[Run]:25000 [Site]:1 [Bin]:3766 [FullTime]:3590.17 [SkipTime]:0 [Veto1]:619.682 [Veto2]:644.077 [Veto3]:407.775 [Veto4]:407.775 [SgUp1]:178882 [SgUp2]:173341 [SgUp3]:0 [SgUp4]:0 [SgLow1]:178534 [SgLow2]:172984 [SgLow3]:0 [SgLow4]:0 [NetMuon1]:596932 [NetMuon2]:592069 [NetMuon3]:639331 [NetMuon4]:639331
[Run]:25000 [Site]:1 [Bin]:3767 [FullTime]:3590.17 [SkipTime]:0 [Veto1]:616.782 [Veto2]:626.918 [Veto3]:407.792 [Veto4]:407.792 [SgUp1]:178455 [SgUp2]:175076 [SgUp3]:0 [SgUp4]:0 [SgLow1]:178100 [SgLow2]:174737 [SgLow3]:0 [SgLow4]:0 [NetMuon1]:597441 [NetMuon2]:595376 [NetMuon3]:639502 [NetMuon4]:639502
[Run]:25000 [Site]:1 [Bin]:3768 [FullTime]:3590.17 [SkipTime]:0 [Veto1]:610.278 [Veto2]:603.427 [Veto3]:408.117 [Veto4]:408.117 [SgUp1]:178821 [SgUp2]:176378 [SgUp3]:0 [SgUp4]:0 [SgLow1]:178507 [SgLow2]:175988 [SgLow3]:0 [SgLow4]:0 [NetMuon1]:599322 [NetMuon2]:600511 [NetMuon3]:639885 [NetMuon4]:639885
[Run]:25000 [Site]:1 [Bin]:3769 [FullTime]:3590.18 [SkipTime]:0 [Veto1]:633.326 [Veto2]:616.142 [Veto3]:408.495 [Veto4]:408.495 [SgUp1]:177519 [SgUp2]:175006 [SgUp3]:0 [SgUp4]:0 [SgLow1]:177152 [SgLow2]:174637 [SgLow3]:0 [SgLow4]:0 [NetMuon1]:595364 [NetMuon2]:598560 [NetMuon3]:640316 [NetMuon4]:640316
[Run]:25000 [Site]:1 [Bin]:3770 [FullTime]:3590.17 [SkipTime]:0 [Veto1]:621.09 [Veto2]:638.644 [Veto3]:408.471 [Veto4]:408.471 [SgUp1]:178634 [SgUp2]:173907 [SgUp3]:0 [SgUp4]:0 [SgLow1]:178300 [SgLow2]:173555 [SgLow3]:0 [SgLow4]:0 [NetMuon1]:597156 [NetMuon2]:594113 [NetMuon3]:640241 [NetMuon4]:640241
[Run]:25000 [Site]:1 [Bin]:3771 [FullTime]:3590.17 [SkipTime]:0 [Veto1]:606.696 [Veto2]:624.462 [Veto3]:407.717 [Veto4]:407.717 [SgUp1]:179522 [SgUp2]:173716 [SgUp3]:0 [SgUp4]:0 [SgLow1]:179141 [SgLow2]:173351 [SgLow3]:0 [SgLow4]:0 [NetMuon1]:599152 [NetMuon2]:595761 [NetMuon3]:639132 [NetMuon4]:639132
[Run]:25000 [Site]:1 [Bin]:3772 [FullTime]:3590.17 [SkipTime]:0 [Veto1]:641.675 [Veto2]:642.302 [Veto3]:407.58 [Veto4]:407.58 [SgUp1]:176813 [SgUp2]:173898 [SgUp3]:0 [SgUp4]:0 [SgLow1]:176483 [SgLow2]:173522 [SgLow3]:0 [SgLow4]:0 [NetMuon1]:591889 [NetMuon2]:591701 [NetMuon3]:639149 [NetMuon4]:639149
[Run]:25000 [Site]:1 [Bin]:3773 [FullTime]:3590.17 [SkipTime]:0 [Veto1]:627.558 [Veto2]:615.295 [Veto3]:407.051 [Veto4]:407.051 [SgUp1]:178153 [SgUp2]:175262 [SgUp3]:0 [SgUp4]:0 [SgLow1]:177793 [SgLow2]:174883 [SgLow3]:0 [SgLow4]:0 [NetMuon1]:594069 [NetMuon2]:596336 [NetMuon3]:638259 [NetMuon4]:638259
[Run]:25000 [Site]:1 [Bin]:3774 [FullTime]:3590.17 [SkipTime]:0 [Veto1]:609.684 [Veto2]:637.013 [Veto3]:408.566 [Veto4]:408.566 [SgUp1]:179326 [SgUp2]:174402 [SgUp3]:0 [SgUp4]:0 [SgLow1]:178931 [SgLow2]:174052 [SgLow3]:0 [SgLow4]:0 [NetMuon1]:599563 [NetMuon2]:594364 [NetMuon3]:640470 [NetMuon4]:640470
[Run]:25000 [Site]:1 [Bin]:3775 [FullTime]:3590.17 [SkipTime]:0 [Veto1]:645.177 [Veto2]:636.495 [Veto3]:408.623 [Veto4]:408.623 [SgUp1]:176625 [SgUp2]:173674 [SgUp3]:0 [SgUp4]:0 [SgLow1]:176288 [SgLow2]:173312 [SgLow3]:0 [SgLow4]:0 [NetMuon1]:592805 [NetMuon2]:594949 [NetMuon3]:640604 [NetMuon4]:640604
[Run]:25000 [Site]:1 [Bin]:3776 [FullTime]:3590.17 [SkipTime]:0 [Veto1]:663.409 [Veto2]:635.072 [Veto3]:408.738 [Veto4]:408.738 [SgUp1]:175859 [SgUp2]:174652 [SgUp3]:0 [SgUp4]:0 [SgLow1]:175484 [SgLow2]:174268 [SgLow3]:0 [SgLow4]:0 [NetMuon1]:589263 [NetMuon2]:595156 [NetMuon3]:641007 [NetMuon4]:641007
[Run]:25000 [Site]:1 [Bin]:3777 [FullTime]:3590.17 [SkipTime]:0 [Veto1]:632.067 [Veto2]:634.389 [Veto3]:408.072 [Veto4]:408.072 [SgUp1]:177996 [SgUp2]:174328 [SgUp3]:0 [SgUp4]:0 [SgLow1]:177602 [SgLow2]:173923 [SgLow3]:0 [SgLow4]:0 [NetMuon1]:594708 [NetMuon2]:594365 [NetMuon3]:639626 [NetMuon4]:639626
[Run]:25000 [Site]:1 [Bin]:3778 [FullTime]:3590.17 [SkipTime]:0 [Veto1]:621.619 [Veto2]:611.135 [Veto3]:408.855 [Veto4]:408.855 [SgUp1]:177834 [SgUp2]:175193 [SgUp3]:0 [SgUp4]:0 [SgLow1]:177439 [SgLow2]:174841 [SgLow3]:0 [SgLow4]:0 [NetMuon1]:597891 [NetMuon2]:599608 [NetMuon3]:640740 [NetMuon4]:640740
[Run]:25000 [Site]:1 [Bin]:3779 [FullTime]:3590.17 [SkipTime]:0 [Veto1]:617.365 [Veto2]:621.982 [Veto3]:408.046 [Veto4]:408.046 [SgUp1]:178683 [SgUp2]:174436 [SgUp3]:0 [SgUp4]:0 [SgLow1]:178323 [SgLow2]:174081 [SgLow3]:0 [SgLow4]:0 [NetMuon1]:597907 [NetMuon2]:596675 [NetMuon3]:639737 [NetMuon4]:639737
[Run]:25000 [Site]:1 [Bin]:3780 [FullTime]:3590.17 [SkipTime]:0 [Veto1]:615.822 [Veto2]:611.372 [Veto3]:408.257 [Veto4]:408.257 [SgUp1]:178428 [SgUp2]:175055 [SgUp3]:0 [SgUp4]:0 [SgLow1]:178088 [SgLow2]:174739 [SgLow3]:0 [SgLow4]:0 [NetMuon1]:598484 [NetMuon2]:599328 [NetMuon3]:640123 [NetMuon4]:640123
End process Run: 25000 ... 
[Run]:25000 [Site]:1 [Bin]:3781 [FullTime]:277.643 [SkipTime]:0 [Veto1]:52.1752 [Veto2]:44.4736 [Veto3]:31.641 [Veto4]:31.641
