StreamChain add 0x1ba2e7e0
Start to process run: 26094 ... 
[Run]:26094 [Site]:1 [Bin]:4646 [FullTime]:1071.88 [SkipTime]:0 [Veto1]:183.739 [Veto2]:185.288 [Veto3]:122.118 [Veto4]:122.118 [SgUp1]:53568 [SgUp2]:52535 [SgUp3]:0 [SgUp4]:0 [SgLow1]:53446 [SgLow2]:52407 [SgLow3]:0 [SgLow4]:0 [NetMuon1]:178834 [NetMuon2]:178723 [NetMuon3]:191351 [NetMuon4]:191351
[Run]:26094 [Site]:1 [Bin]:4647 [FullTime]:3590.17 [SkipTime]:0 [Veto1]:640.802 [Veto2]:629.788 [Veto3]:408.927 [Veto4]:408.927 [SgUp1]:176759 [SgUp2]:174379 [SgUp3]:0 [SgUp4]:0 [SgLow1]:176361 [SgLow2]:174015 [SgLow3]:0 [SgLow4]:0 [NetMuon1]:593810 [NetMuon2]:596411 [NetMuon3]:640672 [NetMuon4]:640672
[Run]:26094 [Site]:1 [Bin]:4648 [FullTime]:3590.17 [SkipTime]:0 [Veto1]:631.908 [Veto2]:651.879 [Veto3]:409.137 [Veto4]:409.137 [SgUp1]:177048 [SgUp2]:172741 [SgUp3]:0 [SgUp4]:0 [SgLow1]:176668 [SgLow2]:172386 [SgLow3]:0 [SgLow4]:0 [NetMuon1]:596092 [NetMuon2]:591998 [NetMuon3]:640965 [NetMuon4]:640965
[Run]:26094 [Site]:1 [Bin]:4649 [FullTime]:3590.17 [SkipTime]:0 [Veto1]:623.755 [Veto2]:636.732 [Veto3]:409.001 [Veto4]:409.001 [SgUp1]:177687 [SgUp2]:174180 [SgUp3]:0 [SgUp4]:0 [SgLow1]:177294 [SgLow2]:173798 [SgLow3]:0 [SgLow4]:0 [NetMuon1]:598122 [NetMuon2]:594685 [NetMuon3]:641232 [NetMuon4]:641232
[Run]:26094 [Site]:1 [Bin]:4650 [FullTime]:3590.17 [SkipTime]:0 [Veto1]:631.887 [Veto2]:638.366 [Veto3]:409.357 [Veto4]:409.357 [SgUp1]:176529 [SgUp2]:174030 [SgUp3]:0 [SgUp4]:0 [SgLow1]:176140 [SgLow2]:173623 [SgLow3]:0 [SgLow4]:0 [NetMuon1]:596095 [NetMuon2]:595639 [NetMuon3]:641648 [NetMuon4]:641648
[Run]:26094 [Site]:1 [Bin]:4651 [FullTime]:3590.17 [SkipTime]:0 [Veto1]:636.436 [Veto2]:643.769 [Veto3]:409.788 [Veto4]:409.788 [SgUp1]:176715 [SgUp2]:173072 [SgUp3]:0 [SgUp4]:0 [SgLow1]:176314 [SgLow2]:172694 [SgLow3]:0 [SgLow4]:0 [NetMuon1]:596431 [NetMuon2]:595038 [NetMuon3]:642355 [NetMuon4]:642355
[Run]:26094 [Site]:1 [Bin]:4652 [FullTime]:3590.17 [SkipTime]:0 [Veto1]:624.482 [Veto2]:625.476 [Veto3]:410.427 [Veto4]:410.427 [SgUp1]:178138 [SgUp2]:173927 [SgUp3]:0 [SgUp4]:0 [SgLow1]:177721 [SgLow2]:173529 [SgLow3]:0 [SgLow4]:0 [NetMuon1]:600243 [NetMuon2]:600016 [NetMuon3]:643430 [NetMuon4]:643430
[Run]:26094 [Site]:1 [Bin]:4653 [FullTime]:3590.17 [SkipTime]:0 [Veto1]:639.364 [Veto2]:635.392 [Veto3]:409.508 [Veto4]:409.508 [SgUp1]:176687 [SgUp2]:174060 [SgUp3]:0 [SgUp4]:0 [SgLow1]:176281 [SgLow2]:173707 [SgLow3]:0 [SgLow4]:0 [NetMuon1]:595180 [NetMuon2]:596728 [NetMuon3]:641903 [NetMuon4]:641903
[Run]:26094 [Site]:1 [Bin]:4654 [FullTime]:3590.17 [SkipTime]:0 [Veto1]:666.736 [Veto2]:622.066 [Veto3]:409.143 [Veto4]:409.143 [SgUp1]:175220 [SgUp2]:175188 [SgUp3]:0 [SgUp4]:0 [SgLow1]:174848 [SgLow2]:174792 [SgLow3]:0 [SgLow4]:0 [NetMuon1]:589793 [NetMuon2]:598394 [NetMuon3]:641344 [NetMuon4]:641344
[Run]:26094 [Site]:1 [Bin]:4655 [FullTime]:3590.17 [SkipTime]:0 [Veto1]:605.193 [Veto2]:649.569 [Veto3]:409.746 [Veto4]:409.746 [SgUp1]:178676 [SgUp2]:173027 [SgUp3]:0 [SgUp4]:0 [SgLow1]:178252 [SgLow2]:172692 [SgLow3]:0 [SgLow4]:0 [NetMuon1]:602578 [NetMuon2]:593521 [NetMuon3]:642025 [NetMuon4]:642025
[Run]:26094 [Site]:1 [Bin]:4656 [FullTime]:3590.17 [SkipTime]:0 [Veto1]:625.966 [Veto2]:630.658 [Veto3]:408.993 [Veto4]:408.993 [SgUp1]:178338 [SgUp2]:174019 [SgUp3]:0 [SgUp4]:0 [SgLow1]:177917 [SgLow2]:173652 [SgLow3]:0 [SgLow4]:0 [NetMuon1]:597700 [NetMuon2]:596370 [NetMuon3]:641187 [NetMuon4]:641187
[Run]:26094 [Site]:1 [Bin]:4657 [FullTime]:3590.17 [SkipTime]:0 [Veto1]:668.252 [Veto2]:619.705 [Veto3]:409.347 [Veto4]:409.347 [SgUp1]:175378 [SgUp2]:175452 [SgUp3]:0 [SgUp4]:0 [SgLow1]:174990 [SgLow2]:175113 [SgLow3]:0 [SgLow4]:0 [NetMuon1]:588988 [NetMuon2]:598687 [NetMuon3]:641476 [NetMuon4]:641476
[Run]:26094 [Site]:1 [Bin]:4658 [FullTime]:3590.17 [SkipTime]:0 [Veto1]:632.64 [Veto2]:630.961 [Veto3]:410.183 [Veto4]:410.183 [SgUp1]:177619 [SgUp2]:174080 [SgUp3]:0 [SgUp4]:0 [SgLow1]:177213 [SgLow2]:173699 [SgLow3]:0 [SgLow4]:0 [NetMuon1]:597859 [NetMuon2]:598127 [NetMuon3]:642912 [NetMuon4]:642912
[Run]:26094 [Site]:1 [Bin]:4659 [FullTime]:3590.17 [SkipTime]:0 [Veto1]:615.034 [Veto2]:632.125 [Veto3]:409.337 [Veto4]:409.337 [SgUp1]:178238 [SgUp2]:174777 [SgUp3]:0 [SgUp4]:0 [SgLow1]:177822 [SgLow2]:174407 [SgLow3]:0 [SgLow4]:0 [NetMuon1]:600352 [NetMuon2]:597049 [NetMuon3]:641627 [NetMuon4]:641627
[Run]:26094 [Site]:1 [Bin]:4660 [FullTime]:3590.17 [SkipTime]:0 [Veto1]:633.975 [Veto2]:616.275 [Veto3]:408.611 [Veto4]:408.611 [SgUp1]:178202 [SgUp2]:175797 [SgUp3]:0 [SgUp4]:0 [SgLow1]:177811 [SgLow2]:175433 [SgLow3]:0 [SgLow4]:0 [NetMuon1]:594973 [NetMuon2]:598652 [NetMuon3]:640693 [NetMuon4]:640693
[Run]:26094 [Site]:1 [Bin]:4661 [FullTime]:3590.17 [SkipTime]:0 [Veto1]:648.997 [Veto2]:648.614 [Veto3]:409.243 [Veto4]:409.243 [SgUp1]:176627 [SgUp2]:173654 [SgUp3]:0 [SgUp4]:0 [SgLow1]:176201 [SgLow2]:173260 [SgLow3]:0 [SgLow4]:0 [NetMuon1]:593454 [NetMuon2]:593330 [NetMuon3]:641610 [NetMuon4]:641610
[Run]:26094 [Site]:1 [Bin]:4662 [FullTime]:3590.17 [SkipTime]:0 [Veto1]:640.659 [Veto2]:638.808 [Veto3]:408.617 [Veto4]:408.617 [SgUp1]:176516 [SgUp2]:174107 [SgUp3]:0 [SgUp4]:0 [SgLow1]:176081 [SgLow2]:173700 [SgLow3]:0 [SgLow4]:0 [NetMuon1]:593773 [NetMuon2]:594017 [NetMuon3]:640538 [NetMuon4]:640538
[Run]:26094 [Site]:1 [Bin]:4663 [FullTime]:3590.17 [SkipTime]:0 [Veto1]:648.005 [Veto2]:614.866 [Veto3]:409.157 [Veto4]:409.157 [SgUp1]:176576 [SgUp2]:175042 [SgUp3]:0 [SgUp4]:0 [SgLow1]:176187 [SgLow2]:174656 [SgLow3]:0 [SgLow4]:0 [NetMuon1]:592748 [NetMuon2]:599661 [NetMuon3]:641222 [NetMuon4]:641222
[Run]:26094 [Site]:1 [Bin]:4664 [FullTime]:3590.17 [SkipTime]:0 [Veto1]:625.392 [Veto2]:629.117 [Veto3]:408.639 [Veto4]:408.639 [SgUp1]:177882 [SgUp2]:174737 [SgUp3]:0 [SgUp4]:0 [SgLow1]:177537 [SgLow2]:174317 [SgLow3]:0 [SgLow4]:0 [NetMuon1]:596580 [NetMuon2]:596144 [NetMuon3]:640535 [NetMuon4]:640535
[Run]:26094 [Site]:1 [Bin]:4665 [FullTime]:3590.17 [SkipTime]:0 [Veto1]:614.3 [Veto2]:614.063 [Veto3]:408.956 [Veto4]:408.956 [SgUp1]:178004 [SgUp2]:175719 [SgUp3]:0 [SgUp4]:0 [SgLow1]:177627 [SgLow2]:175342 [SgLow3]:0 [SgLow4]:0 [NetMuon1]:599695 [NetMuon2]:599755 [NetMuon3]:641087 [NetMuon4]:641087
[Run]:26094 [Site]:1 [Bin]:4666 [FullTime]:3590.18 [SkipTime]:0 [Veto1]:644.189 [Veto2]:631.16 [Veto3]:409.715 [Veto4]:409.715 [SgUp1]:177086 [SgUp2]:173925 [SgUp3]:0 [SgUp4]:0 [SgLow1]:176716 [SgLow2]:173543 [SgLow3]:0 [SgLow4]:0 [NetMuon1]:594762 [NetMuon2]:597467 [NetMuon3]:642061 [NetMuon4]:642061
[Run]:26094 [Site]:1 [Bin]:4667 [FullTime]:3590.16 [SkipTime]:0 [Veto1]:617.047 [Veto2]:649.925 [Veto3]:409.764 [Veto4]:409.764 [SgUp1]:178180 [SgUp2]:172717 [SgUp3]:0 [SgUp4]:0 [SgLow1]:177770 [SgLow2]:172356 [SgLow3]:0 [SgLow4]:0 [NetMuon1]:600484 [NetMuon2]:593500 [NetMuon3]:641993 [NetMuon4]:641993
[Run]:26094 [Site]:1 [Bin]:4668 [FullTime]:3590.17 [SkipTime]:0 [Veto1]:606.122 [Veto2]:639.108 [Veto3]:409.145 [Veto4]:409.145 [SgUp1]:178149 [SgUp2]:174697 [SgUp3]:0 [SgUp4]:0 [SgLow1]:177714 [SgLow2]:174269 [SgLow3]:0 [SgLow4]:0 [NetMuon1]:601494 [NetMuon2]:594864 [NetMuon3]:641281 [NetMuon4]:641281
[Run]:26094 [Site]:1 [Bin]:4669 [FullTime]:3590.17 [SkipTime]:0 [Veto1]:617.235 [Veto2]:635.235 [Veto3]:408.998 [Veto4]:408.998 [SgUp1]:177354 [SgUp2]:173613 [SgUp3]:0 [SgUp4]:0 [SgLow1]:176976 [SgLow2]:173243 [SgLow3]:0 [SgLow4]:0 [NetMuon1]:598532 [NetMuon2]:595321 [NetMuon3]:640966 [NetMuon4]:640966
[Run]:26094 [Site]:1 [Bin]:4670 [FullTime]:3590.17 [SkipTime]:0 [Veto1]:627.181 [Veto2]:628.386 [Veto3]:408.812 [Veto4]:408.812 [SgUp1]:178229 [SgUp2]:174630 [SgUp3]:0 [SgUp4]:0 [SgLow1]:177849 [SgLow2]:174299 [SgLow3]:0 [SgLow4]:0 [NetMuon1]:596844 [NetMuon2]:596989 [NetMuon3]:640789 [NetMuon4]:640789
[Run]:26094 [Site]:1 [Bin]:4671 [FullTime]:3590.17 [SkipTime]:0 [Veto1]:623.644 [Veto2]:640.09 [Veto3]:409.104 [Veto4]:409.104 [SgUp1]:177445 [SgUp2]:174773 [SgUp3]:0 [SgUp4]:0 [SgLow1]:177103 [SgLow2]:174374 [SgLow3]:0 [SgLow4]:0 [NetMuon1]:598320 [NetMuon2]:594565 [NetMuon3]:641227 [NetMuon4]:641227
[Run]:26094 [Site]:1 [Bin]:4672 [FullTime]:3590.17 [SkipTime]:0 [Veto1]:632.788 [Veto2]:632.886 [Veto3]:409.976 [Veto4]:409.976 [SgUp1]:176978 [SgUp2]:173923 [SgUp3]:0 [SgUp4]:0 [SgLow1]:176592 [SgLow2]:173580 [SgLow3]:0 [SgLow4]:0 [NetMuon1]:597095 [NetMuon2]:597232 [NetMuon3]:642247 [NetMuon4]:642247
[Run]:26094 [Site]:1 [Bin]:4673 [FullTime]:3590.17 [SkipTime]:0 [Veto1]:624.922 [Veto2]:628.305 [Veto3]:409.988 [Veto4]:409.988 [SgUp1]:177327 [SgUp2]:174246 [SgUp3]:0 [SgUp4]:0 [SgLow1]:176937 [SgLow2]:173837 [SgLow3]:0 [SgLow4]:0 [NetMuon1]:599434 [NetMuon2]:598525 [NetMuon3]:642547 [NetMuon4]:642547
[Run]:26094 [Site]:1 [Bin]:4674 [FullTime]:3590.17 [SkipTime]:0 [Veto1]:630.602 [Veto2]:633.151 [Veto3]:409.613 [Veto4]:409.613 [SgUp1]:177400 [SgUp2]:173571 [SgUp3]:0 [SgUp4]:0 [SgLow1]:176975 [SgLow2]:173212 [SgLow3]:0 [SgLow4]:0 [NetMuon1]:597590 [NetMuon2]:597093 [NetMuon3]:642011 [NetMuon4]:642011
[Run]:26094 [Site]:1 [Bin]:4675 [FullTime]:3590.17 [SkipTime]:0 [Veto1]:640.843 [Veto2]:627.117 [Veto3]:408.908 [Veto4]:408.908 [SgUp1]:177371 [SgUp2]:174156 [SgUp3]:0 [SgUp4]:0 [SgLow1]:176945 [SgLow2]:173772 [SgLow3]:0 [SgLow4]:0 [NetMuon1]:593979 [NetMuon2]:597334 [NetMuon3]:641017 [NetMuon4]:641017
[Run]:26094 [Site]:1 [Bin]:4676 [FullTime]:3590.17 [SkipTime]:0 [Veto1]:614.52 [Veto2]:651.45 [Veto3]:409.334 [Veto4]:409.334 [SgUp1]:178236 [SgUp2]:173950 [SgUp3]:0 [SgUp4]:0 [SgLow1]:177844 [SgLow2]:173593 [SgLow3]:0 [SgLow4]:0 [NetMuon1]:600289 [NetMuon2]:593184 [NetMuon3]:641653 [NetMuon4]:641653
[Run]:26094 [Site]:1 [Bin]:4677 [FullTime]:3590.17 [SkipTime]:0 [Veto1]:598.204 [Veto2]:627.746 [Veto3]:408.436 [Veto4]:408.436 [SgUp1]:179120 [SgUp2]:174283 [SgUp3]:0 [SgUp4]:0 [SgLow1]:178750 [SgLow2]:173902 [SgLow3]:0 [SgLow4]:0 [NetMuon1]:602112 [NetMuon2]:595551 [NetMuon3]:640206 [NetMuon4]:640206
[Run]:26094 [Site]:1 [Bin]:4678 [FullTime]:3590.17 [SkipTime]:0 [Veto1]:617.921 [Veto2]:618.631 [Veto3]:408.312 [Veto4]:408.312 [SgUp1]:178576 [SgUp2]:174945 [SgUp3]:0 [SgUp4]:0 [SgLow1]:178174 [SgLow2]:174567 [SgLow3]:0 [SgLow4]:0 [NetMuon1]:597762 [NetMuon2]:597690 [NetMuon3]:639901 [NetMuon4]:639901
[Run]:26094 [Site]:1 [Bin]:4679 [FullTime]:3590.17 [SkipTime]:0 [Veto1]:638.222 [Veto2]:637.466 [Veto3]:409.66 [Veto4]:409.66 [SgUp1]:176234 [SgUp2]:173467 [SgUp3]:0 [SgUp4]:0 [SgLow1]:175837 [SgLow2]:173078 [SgLow3]:0 [SgLow4]:0 [NetMuon1]:595780 [NetMuon2]:596362 [NetMuon3]:642082 [NetMuon4]:642082
[Run]:26094 [Site]:1 [Bin]:4680 [FullTime]:3590.18 [SkipTime]:0 [Veto1]:601.344 [Veto2]:651.519 [Veto3]:408.173 [Veto4]:408.173 [SgUp1]:178248 [SgUp2]:173348 [SgUp3]:0 [SgUp4]:0 [SgLow1]:177829 [SgLow2]:172933 [SgLow3]:0 [SgLow4]:0 [NetMuon1]:600890 [NetMuon2]:591415 [NetMuon3]:640044 [NetMuon4]:640044
[Run]:26094 [Site]:1 [Bin]:4681 [FullTime]:3590.17 [SkipTime]:0 [Veto1]:608.116 [Veto2]:620.507 [Veto3]:408.469 [Veto4]:408.469 [SgUp1]:178847 [SgUp2]:175447 [SgUp3]:0 [SgUp4]:0 [SgLow1]:178481 [SgLow2]:175061 [SgLow3]:0 [SgLow4]:0 [NetMuon1]:599794 [NetMuon2]:597332 [NetMuon3]:639900 [NetMuon4]:639900
[Run]:26094 [Site]:1 [Bin]:4682 [FullTime]:3590.17 [SkipTime]:0 [Veto1]:614.516 [Veto2]:619.143 [Veto3]:409.411 [Veto4]:409.411 [SgUp1]:177665 [SgUp2]:175583 [SgUp3]:0 [SgUp4]:0 [SgLow1]:177341 [SgLow2]:175168 [SgLow3]:0 [SgLow4]:0 [NetMuon1]:600441 [NetMuon2]:599363 [NetMuon3]:641612 [NetMuon4]:641612
[Run]:26094 [Site]:1 [Bin]:4683 [FullTime]:3590.17 [SkipTime]:0 [Veto1]:632.344 [Veto2]:631.332 [Veto3]:409.169 [Veto4]:409.169 [SgUp1]:177141 [SgUp2]:175678 [SgUp3]:0 [SgUp4]:0 [SgLow1]:176741 [SgLow2]:175267 [SgLow3]:0 [SgLow4]:0 [NetMuon1]:596573 [NetMuon2]:597213 [NetMuon3]:641613 [NetMuon4]:641613
[Run]:26094 [Site]:1 [Bin]:4684 [FullTime]:3590.17 [SkipTime]:0 [Veto1]:644.919 [Veto2]:651.31 [Veto3]:408.87 [Veto4]:408.87 [SgUp1]:176181 [SgUp2]:173082 [SgUp3]:0 [SgUp4]:0 [SgLow1]:175807 [SgLow2]:172701 [SgLow3]:0 [SgLow4]:0 [NetMuon1]:593474 [NetMuon2]:591880 [NetMuon3]:640987 [NetMuon4]:640987
[Run]:26094 [Site]:1 [Bin]:4685 [FullTime]:3590.17 [SkipTime]:0 [Veto1]:630.346 [Veto2]:628.901 [Veto3]:408.935 [Veto4]:408.935 [SgUp1]:177530 [SgUp2]:175001 [SgUp3]:0 [SgUp4]:0 [SgLow1]:177125 [SgLow2]:174660 [SgLow3]:0 [SgLow4]:0 [NetMuon1]:596231 [NetMuon2]:596659 [NetMuon3]:641028 [NetMuon4]:641028
[Run]:26094 [Site]:1 [Bin]:4686 [FullTime]:3590.17 [SkipTime]:0 [Veto1]:631.929 [Veto2]:644.29 [Veto3]:408.131 [Veto4]:408.131 [SgUp1]:176507 [SgUp2]:173885 [SgUp3]:0 [SgUp4]:0 [SgLow1]:176106 [SgLow2]:173442 [SgLow3]:0 [SgLow4]:0 [NetMuon1]:594492 [NetMuon2]:592638 [NetMuon3]:639873 [NetMuon4]:639873
[Run]:26094 [Site]:1 [Bin]:4687 [FullTime]:3590.17 [SkipTime]:0 [Veto1]:620.656 [Veto2]:632.954 [Veto3]:408.758 [Veto4]:408.758 [SgUp1]:177737 [SgUp2]:174774 [SgUp3]:0 [SgUp4]:0 [SgLow1]:177372 [SgLow2]:174386 [SgLow3]:0 [SgLow4]:0 [NetMuon1]:598306 [NetMuon2]:595775 [NetMuon3]:640925 [NetMuon4]:640925
[Run]:26094 [Site]:1 [Bin]:4688 [FullTime]:3590.17 [SkipTime]:0 [Veto1]:643.999 [Veto2]:631.593 [Veto3]:409.512 [Veto4]:409.512 [SgUp1]:176274 [SgUp2]:175081 [SgUp3]:0 [SgUp4]:0 [SgLow1]:175919 [SgLow2]:174696 [SgLow3]:0 [SgLow4]:0 [NetMuon1]:594410 [NetMuon2]:597021 [NetMuon3]:641955 [NetMuon4]:641955
[Run]:26094 [Site]:1 [Bin]:4689 [FullTime]:3590.17 [SkipTime]:0 [Veto1]:604.318 [Veto2]:633.235 [Veto3]:409.599 [Veto4]:409.599 [SgUp1]:178866 [SgUp2]:174484 [SgUp3]:0 [SgUp4]:0 [SgLow1]:178437 [SgLow2]:174119 [SgLow3]:0 [SgLow4]:0 [NetMuon1]:602636 [NetMuon2]:596837 [NetMuon3]:642118 [NetMuon4]:642118
[Run]:26094 [Site]:1 [Bin]:4690 [FullTime]:3590.17 [SkipTime]:0 [Veto1]:631.709 [Veto2]:636.682 [Veto3]:408.765 [Veto4]:408.765 [SgUp1]:178036 [SgUp2]:174847 [SgUp3]:0 [SgUp4]:0 [SgLow1]:177633 [SgLow2]:174440 [SgLow3]:0 [SgLow4]:0 [NetMuon1]:595927 [NetMuon2]:595070 [NetMuon3]:640859 [NetMuon4]:640859
[Run]:26094 [Site]:1 [Bin]:4691 [FullTime]:3590.17 [SkipTime]:0 [Veto1]:622.688 [Veto2]:623.672 [Veto3]:407.806 [Veto4]:407.806 [SgUp1]:177720 [SgUp2]:175359 [SgUp3]:0 [SgUp4]:0 [SgLow1]:177315 [SgLow2]:174947 [SgLow3]:0 [SgLow4]:0 [NetMuon1]:596180 [NetMuon2]:596200 [NetMuon3]:639596 [NetMuon4]:639596
[Run]:26094 [Site]:1 [Bin]:4692 [FullTime]:3590.17 [SkipTime]:0 [Veto1]:622.059 [Veto2]:638.265 [Veto3]:409.176 [Veto4]:409.176 [SgUp1]:178124 [SgUp2]:174569 [SgUp3]:0 [SgUp4]:0 [SgLow1]:177742 [SgLow2]:174168 [SgLow3]:0 [SgLow4]:0 [NetMuon1]:599290 [NetMuon2]:595325 [NetMuon3]:641480 [NetMuon4]:641480
[Run]:26094 [Site]:1 [Bin]:4693 [FullTime]:3590.17 [SkipTime]:0 [Veto1]:611.278 [Veto2]:630.131 [Veto3]:408.711 [Veto4]:408.711 [SgUp1]:178343 [SgUp2]:174179 [SgUp3]:0 [SgUp4]:0 [SgLow1]:178009 [SgLow2]:173801 [SgLow3]:0 [SgLow4]:0 [NetMuon1]:599959 [NetMuon2]:596407 [NetMuon3]:640651 [NetMuon4]:640651
[Run]:26094 [Site]:1 [Bin]:4694 [FullTime]:3590.17 [SkipTime]:0 [Veto1]:630.885 [Veto2]:651.119 [Veto3]:407.701 [Veto4]:407.701 [SgUp1]:176941 [SgUp2]:173758 [SgUp3]:0 [SgUp4]:0 [SgLow1]:176538 [SgLow2]:173411 [SgLow3]:0 [SgLow4]:0 [NetMuon1]:594788 [NetMuon2]:590351 [NetMuon3]:639360 [NetMuon4]:639360
End process Run: 26094 ... 
[Run]:26094 [Site]:1 [Bin]:4695 [FullTime]:1880.04 [SkipTime]:0 [Veto1]:332.518 [Veto2]:330.279 [Veto3]:214.341 [Veto4]:214.341
