StreamChain add 0x168517e0
Start to process run: 26527 ... 
[Run]:26527 [Site]:1 [Bin]:5151 [FullTime]:135.269 [SkipTime]:0 [Veto1]:19.6208 [Veto2]:23.1567 [Veto3]:15.0953 [Veto4]:15.0953 [SgUp1]:6696 [SgUp2]:6514 [SgUp3]:0 [SgUp4]:0 [SgLow1]:6682 [SgLow2]:6494 [SgLow3]:0 [SgLow4]:0 [NetMuon1]:22811 [NetMuon2]:22206 [NetMuon3]:23720 [NetMuon4]:23720
[Run]:26527 [Site]:1 [Bin]:5152 [FullTime]:3590.17 [SkipTime]:0 [Veto1]:626.027 [Veto2]:636.834 [Veto3]:408.414 [Veto4]:408.414 [SgUp1]:175041 [SgUp2]:172369 [SgUp3]:0 [SgUp4]:0 [SgLow1]:174640 [SgLow2]:172029 [SgLow3]:0 [SgLow4]:0 [NetMuon1]:596489 [NetMuon2]:593886 [NetMuon3]:640213 [NetMuon4]:640213
[Run]:26527 [Site]:1 [Bin]:5153 [FullTime]:3590.17 [SkipTime]:0 [Veto1]:612.424 [Veto2]:613.079 [Veto3]:407.652 [Veto4]:407.652 [SgUp1]:176259 [SgUp2]:173767 [SgUp3]:0 [SgUp4]:0 [SgLow1]:175881 [SgLow2]:173404 [SgLow3]:0 [SgLow4]:0 [NetMuon1]:598086 [NetMuon2]:597820 [NetMuon3]:639191 [NetMuon4]:639191
[Run]:26527 [Site]:1 [Bin]:5154 [FullTime]:3590.17 [SkipTime]:0 [Veto1]:614.145 [Veto2]:622.093 [Veto3]:408.171 [Veto4]:408.171 [SgUp1]:175897 [SgUp2]:172865 [SgUp3]:0 [SgUp4]:0 [SgLow1]:175564 [SgLow2]:172487 [SgLow3]:0 [SgLow4]:0 [NetMuon1]:598174 [NetMuon2]:596482 [NetMuon3]:639799 [NetMuon4]:639799
[Run]:26527 [Site]:1 [Bin]:5155 [FullTime]:3590.17 [SkipTime]:0 [Veto1]:616.756 [Veto2]:632.324 [Veto3]:408.281 [Veto4]:408.281 [SgUp1]:175988 [SgUp2]:172306 [SgUp3]:0 [SgUp4]:0 [SgLow1]:175596 [SgLow2]:171953 [SgLow3]:0 [SgLow4]:0 [NetMuon1]:597600 [NetMuon2]:594605 [NetMuon3]:639701 [NetMuon4]:639701
[Run]:26527 [Site]:1 [Bin]:5156 [FullTime]:3590.17 [SkipTime]:0 [Veto1]:626.956 [Veto2]:610.933 [Veto3]:408.477 [Veto4]:408.477 [SgUp1]:174580 [SgUp2]:173646 [SgUp3]:0 [SgUp4]:0 [SgLow1]:174175 [SgLow2]:173249 [SgLow3]:0 [SgLow4]:0 [NetMuon1]:596305 [NetMuon2]:599545 [NetMuon3]:640343 [NetMuon4]:640343
[Run]:26527 [Site]:1 [Bin]:5157 [FullTime]:3590.17 [SkipTime]:0 [Veto1]:632.984 [Veto2]:641.153 [Veto3]:407.739 [Veto4]:407.739 [SgUp1]:174226 [SgUp2]:171522 [SgUp3]:0 [SgUp4]:0 [SgLow1]:173858 [SgLow2]:171172 [SgLow3]:0 [SgLow4]:0 [NetMuon1]:593774 [NetMuon2]:591754 [NetMuon3]:638933 [NetMuon4]:638933
[Run]:26527 [Site]:1 [Bin]:5158 [FullTime]:3590.17 [SkipTime]:0 [Veto1]:622.123 [Veto2]:606.557 [Veto3]:409.044 [Veto4]:409.044 [SgUp1]:174967 [SgUp2]:173142 [SgUp3]:0 [SgUp4]:0 [SgLow1]:174596 [SgLow2]:172702 [SgLow3]:0 [SgLow4]:0 [NetMuon1]:598376 [NetMuon2]:601697 [NetMuon3]:641375 [NetMuon4]:641375
[Run]:26527 [Site]:1 [Bin]:5159 [FullTime]:3590.17 [SkipTime]:0 [Veto1]:627.576 [Veto2]:627.322 [Veto3]:409.232 [Veto4]:409.232 [SgUp1]:174662 [SgUp2]:171606 [SgUp3]:0 [SgUp4]:0 [SgLow1]:174263 [SgLow2]:171253 [SgLow3]:0 [SgLow4]:0 [NetMuon1]:597229 [NetMuon2]:597386 [NetMuon3]:641655 [NetMuon4]:641655
[Run]:26527 [Site]:1 [Bin]:5160 [FullTime]:3590.17 [SkipTime]:0 [Veto1]:640.4 [Veto2]:633.064 [Veto3]:407.775 [Veto4]:407.775 [SgUp1]:173782 [SgUp2]:172053 [SgUp3]:0 [SgUp4]:0 [SgLow1]:173414 [SgLow2]:171699 [SgLow3]:0 [SgLow4]:0 [NetMuon1]:592293 [NetMuon2]:594031 [NetMuon3]:639095 [NetMuon4]:639095
[Run]:26527 [Site]:1 [Bin]:5161 [FullTime]:3590.17 [SkipTime]:0 [Veto1]:635.859 [Veto2]:638.781 [Veto3]:407.581 [Veto4]:407.581 [SgUp1]:174999 [SgUp2]:172035 [SgUp3]:0 [SgUp4]:0 [SgLow1]:174590 [SgLow2]:171648 [SgLow3]:0 [SgLow4]:0 [NetMuon1]:593071 [NetMuon2]:592319 [NetMuon3]:639027 [NetMuon4]:639027
[Run]:26527 [Site]:1 [Bin]:5162 [FullTime]:3590.17 [SkipTime]:0 [Veto1]:610.748 [Veto2]:618.67 [Veto3]:408.345 [Veto4]:408.345 [SgUp1]:175224 [SgUp2]:172810 [SgUp3]:0 [SgUp4]:0 [SgLow1]:174870 [SgLow2]:172419 [SgLow3]:0 [SgLow4]:0 [NetMuon1]:599675 [NetMuon2]:598217 [NetMuon3]:640258 [NetMuon4]:640258
[Run]:26527 [Site]:1 [Bin]:5163 [FullTime]:3590.17 [SkipTime]:0 [Veto1]:612.089 [Veto2]:609.449 [Veto3]:407.006 [Veto4]:407.006 [SgUp1]:176103 [SgUp2]:172867 [SgUp3]:0 [SgUp4]:0 [SgLow1]:175694 [SgLow2]:172465 [SgLow3]:0 [SgLow4]:0 [NetMuon1]:596917 [NetMuon2]:597711 [NetMuon3]:638229 [NetMuon4]:638229
[Run]:26527 [Site]:1 [Bin]:5164 [FullTime]:3590.17 [SkipTime]:0 [Veto1]:620.439 [Veto2]:634.749 [Veto3]:408.5 [Veto4]:408.5 [SgUp1]:175562 [SgUp2]:170770 [SgUp3]:0 [SgUp4]:0 [SgLow1]:175184 [SgLow2]:170429 [SgLow3]:0 [SgLow4]:0 [NetMuon1]:597545 [NetMuon2]:594701 [NetMuon3]:640220 [NetMuon4]:640220
[Run]:26527 [Site]:1 [Bin]:5165 [FullTime]:3590.17 [SkipTime]:0 [Veto1]:613.955 [Veto2]:643.923 [Veto3]:407.566 [Veto4]:407.566 [SgUp1]:175231 [SgUp2]:171569 [SgUp3]:0 [SgUp4]:0 [SgLow1]:174861 [SgLow2]:171146 [SgLow3]:0 [SgLow4]:0 [NetMuon1]:597356 [NetMuon2]:591519 [NetMuon3]:638901 [NetMuon4]:638901
[Run]:26527 [Site]:1 [Bin]:5166 [FullTime]:3590.17 [SkipTime]:0 [Veto1]:639.089 [Veto2]:621.176 [Veto3]:408.178 [Veto4]:408.178 [SgUp1]:174663 [SgUp2]:172439 [SgUp3]:0 [SgUp4]:0 [SgLow1]:174268 [SgLow2]:172085 [SgLow3]:0 [SgLow4]:0 [NetMuon1]:593796 [NetMuon2]:597166 [NetMuon3]:640028 [NetMuon4]:640028
[Run]:26527 [Site]:1 [Bin]:5167 [FullTime]:3590.17 [SkipTime]:0 [Veto1]:634.976 [Veto2]:651.683 [Veto3]:408.389 [Veto4]:408.389 [SgUp1]:174692 [SgUp2]:171121 [SgUp3]:0 [SgUp4]:0 [SgLow1]:174314 [SgLow2]:170767 [SgLow3]:0 [SgLow4]:0 [NetMuon1]:594866 [NetMuon2]:591453 [NetMuon3]:640520 [NetMuon4]:640520
[Run]:26527 [Site]:1 [Bin]:5168 [FullTime]:3590.17 [SkipTime]:0 [Veto1]:633.304 [Veto2]:607.795 [Veto3]:408.282 [Veto4]:408.282 [SgUp1]:173628 [SgUp2]:172720 [SgUp3]:0 [SgUp4]:0 [SgLow1]:173241 [SgLow2]:172344 [SgLow3]:0 [SgLow4]:0 [NetMuon1]:594177 [NetMuon2]:599645 [NetMuon3]:639901 [NetMuon4]:639901
[Run]:26527 [Site]:1 [Bin]:5169 [FullTime]:3590.17 [SkipTime]:0 [Veto1]:615.441 [Veto2]:621.169 [Veto3]:408.759 [Veto4]:408.759 [SgUp1]:175064 [SgUp2]:173023 [SgUp3]:0 [SgUp4]:0 [SgLow1]:174699 [SgLow2]:172605 [SgLow3]:0 [SgLow4]:0 [NetMuon1]:599151 [NetMuon2]:598268 [NetMuon3]:640867 [NetMuon4]:640867
[Run]:26527 [Site]:1 [Bin]:5170 [FullTime]:3590.17 [SkipTime]:0 [Veto1]:618.409 [Veto2]:638.923 [Veto3]:407.671 [Veto4]:407.671 [SgUp1]:175104 [SgUp2]:171689 [SgUp3]:0 [SgUp4]:0 [SgLow1]:174759 [SgLow2]:171336 [SgLow3]:0 [SgLow4]:0 [NetMuon1]:596664 [NetMuon2]:592438 [NetMuon3]:639123 [NetMuon4]:639123
[Run]:26527 [Site]:1 [Bin]:5171 [FullTime]:3590.17 [SkipTime]:0 [Veto1]:610.386 [Veto2]:606.709 [Veto3]:408.807 [Veto4]:408.807 [SgUp1]:175337 [SgUp2]:172805 [SgUp3]:0 [SgUp4]:0 [SgLow1]:174967 [SgLow2]:172431 [SgLow3]:0 [SgLow4]:0 [NetMuon1]:600188 [NetMuon2]:600975 [NetMuon3]:640689 [NetMuon4]:640689
[Run]:26527 [Site]:1 [Bin]:5172 [FullTime]:3590.17 [SkipTime]:0 [Veto1]:601.363 [Veto2]:632.539 [Veto3]:408.37 [Veto4]:408.37 [SgUp1]:176649 [SgUp2]:171897 [SgUp3]:0 [SgUp4]:0 [SgLow1]:176252 [SgLow2]:171546 [SgLow3]:0 [SgLow4]:0 [NetMuon1]:601472 [NetMuon2]:595536 [NetMuon3]:640191 [NetMuon4]:640191
[Run]:26527 [Site]:1 [Bin]:5173 [FullTime]:3590.17 [SkipTime]:0 [Veto1]:617.315 [Veto2]:634.506 [Veto3]:408.743 [Veto4]:408.743 [SgUp1]:175296 [SgUp2]:171117 [SgUp3]:0 [SgUp4]:0 [SgLow1]:174883 [SgLow2]:170685 [SgLow3]:0 [SgLow4]:0 [NetMuon1]:598956 [NetMuon2]:595480 [NetMuon3]:640784 [NetMuon4]:640784
[Run]:26527 [Site]:1 [Bin]:5174 [FullTime]:3590.17 [SkipTime]:0 [Veto1]:619.95 [Veto2]:634.461 [Veto3]:409.079 [Veto4]:409.079 [SgUp1]:175729 [SgUp2]:171248 [SgUp3]:0 [SgUp4]:0 [SgLow1]:175323 [SgLow2]:170880 [SgLow3]:0 [SgLow4]:0 [NetMuon1]:598927 [NetMuon2]:596156 [NetMuon3]:641224 [NetMuon4]:641224
[Run]:26527 [Site]:1 [Bin]:5175 [FullTime]:3590.17 [SkipTime]:0 [Veto1]:609.762 [Veto2]:639.389 [Veto3]:408.992 [Veto4]:408.992 [SgUp1]:175497 [SgUp2]:171632 [SgUp3]:0 [SgUp4]:0 [SgLow1]:175148 [SgLow2]:171283 [SgLow3]:0 [SgLow4]:0 [NetMuon1]:600906 [NetMuon2]:594378 [NetMuon3]:641294 [NetMuon4]:641294
[Run]:26527 [Site]:1 [Bin]:5176 [FullTime]:3590.17 [SkipTime]:0 [Veto1]:625.202 [Veto2]:643.871 [Veto3]:408.223 [Veto4]:408.223 [SgUp1]:174128 [SgUp2]:170596 [SgUp3]:0 [SgUp4]:0 [SgLow1]:173743 [SgLow2]:170216 [SgLow3]:0 [SgLow4]:0 [NetMuon1]:596094 [NetMuon2]:592813 [NetMuon3]:640123 [NetMuon4]:640123
[Run]:26527 [Site]:1 [Bin]:5177 [FullTime]:3590.17 [SkipTime]:0 [Veto1]:610.546 [Veto2]:617.286 [Veto3]:408.662 [Veto4]:408.662 [SgUp1]:175711 [SgUp2]:172275 [SgUp3]:0 [SgUp4]:0 [SgLow1]:175322 [SgLow2]:171906 [SgLow3]:0 [SgLow4]:0 [NetMuon1]:600188 [NetMuon2]:598843 [NetMuon3]:640800 [NetMuon4]:640800
[Run]:26527 [Site]:1 [Bin]:5178 [FullTime]:3590.17 [SkipTime]:0 [Veto1]:620.061 [Veto2]:628.349 [Veto3]:408.347 [Veto4]:408.347 [SgUp1]:175623 [SgUp2]:171687 [SgUp3]:0 [SgUp4]:0 [SgLow1]:175201 [SgLow2]:171331 [SgLow3]:0 [SgLow4]:0 [NetMuon1]:597482 [NetMuon2]:596084 [NetMuon3]:640218 [NetMuon4]:640218
[Run]:26527 [Site]:1 [Bin]:5179 [FullTime]:3590.17 [SkipTime]:0 [Veto1]:636.051 [Veto2]:637.917 [Veto3]:407.735 [Veto4]:407.735 [SgUp1]:173952 [SgUp2]:171471 [SgUp3]:0 [SgUp4]:0 [SgLow1]:173505 [SgLow2]:171087 [SgLow3]:0 [SgLow4]:0 [NetMuon1]:593475 [NetMuon2]:592924 [NetMuon3]:639197 [NetMuon4]:639197
[Run]:26527 [Site]:1 [Bin]:5180 [FullTime]:3590.17 [SkipTime]:0 [Veto1]:608.461 [Veto2]:622.508 [Veto3]:409.415 [Veto4]:409.415 [SgUp1]:175441 [SgUp2]:172176 [SgUp3]:0 [SgUp4]:0 [SgLow1]:175105 [SgLow2]:171804 [SgLow3]:0 [SgLow4]:0 [NetMuon1]:601419 [NetMuon2]:598902 [NetMuon3]:641569 [NetMuon4]:641569
[Run]:26527 [Site]:1 [Bin]:5181 [FullTime]:3590.18 [SkipTime]:0 [Veto1]:631.34 [Veto2]:620.657 [Veto3]:408.012 [Veto4]:408.012 [SgUp1]:174482 [SgUp2]:172877 [SgUp3]:0 [SgUp4]:0 [SgLow1]:174028 [SgLow2]:172480 [SgLow3]:0 [SgLow4]:0 [NetMuon1]:594675 [NetMuon2]:597049 [NetMuon3]:639501 [NetMuon4]:639501
[Run]:26527 [Site]:1 [Bin]:5182 [FullTime]:3590.16 [SkipTime]:0 [Veto1]:633.281 [Veto2]:642.809 [Veto3]:407.548 [Veto4]:407.548 [SgUp1]:173607 [SgUp2]:171307 [SgUp3]:0 [SgUp4]:0 [SgLow1]:173241 [SgLow2]:170948 [SgLow3]:0 [SgLow4]:0 [NetMuon1]:593680 [NetMuon2]:591855 [NetMuon3]:638952 [NetMuon4]:638952
[Run]:26527 [Site]:1 [Bin]:5183 [FullTime]:3590.17 [SkipTime]:0 [Veto1]:629.772 [Veto2]:650.262 [Veto3]:408.36 [Veto4]:408.36 [SgUp1]:175534 [SgUp2]:171015 [SgUp3]:0 [SgUp4]:0 [SgLow1]:175148 [SgLow2]:170652 [SgLow3]:0 [SgLow4]:0 [NetMuon1]:595526 [NetMuon2]:591896 [NetMuon3]:640043 [NetMuon4]:640043
[Run]:26527 [Site]:1 [Bin]:5184 [FullTime]:3590.17 [SkipTime]:0 [Veto1]:603.72 [Veto2]:657.372 [Veto3]:407.661 [Veto4]:407.661 [SgUp1]:176512 [SgUp2]:171135 [SgUp3]:0 [SgUp4]:0 [SgLow1]:176128 [SgLow2]:170725 [SgLow3]:0 [SgLow4]:0 [NetMuon1]:599805 [NetMuon2]:588760 [NetMuon3]:639062 [NetMuon4]:639062
[Run]:26527 [Site]:1 [Bin]:5185 [FullTime]:3590.17 [SkipTime]:0 [Veto1]:642.836 [Veto2]:612.167 [Veto3]:407.591 [Veto4]:407.591 [SgUp1]:174623 [SgUp2]:173248 [SgUp3]:0 [SgUp4]:0 [SgLow1]:174222 [SgLow2]:172822 [SgLow3]:0 [SgLow4]:0 [NetMuon1]:592095 [NetMuon2]:597744 [NetMuon3]:639018 [NetMuon4]:639018
[Run]:26527 [Site]:1 [Bin]:5186 [FullTime]:3590.17 [SkipTime]:0 [Veto1]:609.951 [Veto2]:634.307 [Veto3]:407.495 [Veto4]:407.495 [SgUp1]:175579 [SgUp2]:172344 [SgUp3]:0 [SgUp4]:0 [SgLow1]:175192 [SgLow2]:171972 [SgLow3]:0 [SgLow4]:0 [NetMuon1]:597850 [NetMuon2]:593017 [NetMuon3]:638582 [NetMuon4]:638582
[Run]:26527 [Site]:1 [Bin]:5187 [FullTime]:3590.17 [SkipTime]:0 [Veto1]:629.284 [Veto2]:620.301 [Veto3]:408.116 [Veto4]:408.116 [SgUp1]:174516 [SgUp2]:172549 [SgUp3]:0 [SgUp4]:0 [SgLow1]:174121 [SgLow2]:172178 [SgLow3]:0 [SgLow4]:0 [NetMuon1]:594835 [NetMuon2]:597382 [NetMuon3]:639710 [NetMuon4]:639710
[Run]:26527 [Site]:1 [Bin]:5188 [FullTime]:3590.17 [SkipTime]:0 [Veto1]:613.894 [Veto2]:639.831 [Veto3]:408.3 [Veto4]:408.3 [SgUp1]:174965 [SgUp2]:171610 [SgUp3]:0 [SgUp4]:0 [SgLow1]:174631 [SgLow2]:171184 [SgLow3]:0 [SgLow4]:0 [NetMuon1]:598761 [NetMuon2]:593067 [NetMuon3]:639990 [NetMuon4]:639990
[Run]:26527 [Site]:1 [Bin]:5189 [FullTime]:3590.17 [SkipTime]:0 [Veto1]:630.794 [Veto2]:618.555 [Veto3]:408.126 [Veto4]:408.126 [SgUp1]:174867 [SgUp2]:173383 [SgUp3]:0 [SgUp4]:0 [SgLow1]:174497 [SgLow2]:172944 [SgLow3]:0 [SgLow4]:0 [NetMuon1]:594757 [NetMuon2]:597148 [NetMuon3]:639373 [NetMuon4]:639373
[Run]:26527 [Site]:1 [Bin]:5190 [FullTime]:3590.17 [SkipTime]:0 [Veto1]:631.021 [Veto2]:631.109 [Veto3]:407.817 [Veto4]:407.817 [SgUp1]:174705 [SgUp2]:172047 [SgUp3]:0 [SgUp4]:0 [SgLow1]:174314 [SgLow2]:171659 [SgLow3]:0 [SgLow4]:0 [NetMuon1]:594514 [NetMuon2]:594441 [NetMuon3]:639496 [NetMuon4]:639496
[Run]:26527 [Site]:1 [Bin]:5191 [FullTime]:3590.16 [SkipTime]:0 [Veto1]:620.464 [Veto2]:617.153 [Veto3]:408.23 [Veto4]:408.23 [SgUp1]:174552 [SgUp2]:173389 [SgUp3]:0 [SgUp4]:0 [SgLow1]:174144 [SgLow2]:173026 [SgLow3]:0 [SgLow4]:0 [NetMuon1]:597703 [NetMuon2]:598417 [NetMuon3]:640181 [NetMuon4]:640181
[Run]:26527 [Site]:1 [Bin]:5192 [FullTime]:3003.64 [SkipTime]:586.527 [Veto1]:533.738 [Veto2]:541.786 [Veto3]:341.963 [Veto4]:341.963 [SgUp1]:145431 [SgUp2]:143830 [SgUp3]:0 [SgUp4]:0 [SgLow1]:145090 [SgLow2]:143510 [SgLow3]:0 [SgLow4]:0 [NetMuon1]:497432 [NetMuon2]:496143 [NetMuon3]:536227 [NetMuon4]:536227
[Run]:26527 [Site]:1 [Bin]:5193 [FullTime]:3590.17 [SkipTime]:0 [Veto1]:606.38 [Veto2]:639.066 [Veto3]:408.024 [Veto4]:408.024 [SgUp1]:176150 [SgUp2]:172664 [SgUp3]:0 [SgUp4]:0 [SgLow1]:175745 [SgLow2]:172310 [SgLow3]:0 [SgLow4]:0 [NetMuon1]:599790 [NetMuon2]:593637 [NetMuon3]:639842 [NetMuon4]:639842
[Run]:26527 [Site]:1 [Bin]:5194 [FullTime]:3590.17 [SkipTime]:0 [Veto1]:639.388 [Veto2]:657.255 [Veto3]:407.482 [Veto4]:407.482 [SgUp1]:173866 [SgUp2]:171081 [SgUp3]:0 [SgUp4]:0 [SgLow1]:173477 [SgLow2]:170756 [SgLow3]:0 [SgLow4]:0 [NetMuon1]:592534 [NetMuon2]:588729 [NetMuon3]:638764 [NetMuon4]:638764
[Run]:26527 [Site]:1 [Bin]:5195 [FullTime]:3590.17 [SkipTime]:0 [Veto1]:625.639 [Veto2]:652.882 [Veto3]:408.669 [Veto4]:408.669 [SgUp1]:175345 [SgUp2]:171384 [SgUp3]:0 [SgUp4]:0 [SgLow1]:174899 [SgLow2]:170998 [SgLow3]:0 [SgLow4]:0 [NetMuon1]:596878 [NetMuon2]:591295 [NetMuon3]:640725 [NetMuon4]:640725
[Run]:26527 [Site]:1 [Bin]:5196 [FullTime]:3590.17 [SkipTime]:0 [Veto1]:610.202 [Veto2]:628.562 [Veto3]:408.322 [Veto4]:408.322 [SgUp1]:175499 [SgUp2]:172665 [SgUp3]:0 [SgUp4]:0 [SgLow1]:175151 [SgLow2]:172339 [SgLow3]:0 [SgLow4]:0 [NetMuon1]:599261 [NetMuon2]:595979 [NetMuon3]:640199 [NetMuon4]:640199
[Run]:26527 [Site]:1 [Bin]:5197 [FullTime]:3590.17 [SkipTime]:0 [Veto1]:627.946 [Veto2]:621.491 [Veto3]:406.857 [Veto4]:406.857 [SgUp1]:174879 [SgUp2]:173049 [SgUp3]:0 [SgUp4]:0 [SgLow1]:174466 [SgLow2]:172666 [SgLow3]:0 [SgLow4]:0 [NetMuon1]:593575 [NetMuon2]:594724 [NetMuon3]:637889 [NetMuon4]:637889
[Run]:26527 [Site]:1 [Bin]:5198 [FullTime]:3590.17 [SkipTime]:0 [Veto1]:632.545 [Veto2]:635.044 [Veto3]:408.391 [Veto4]:408.391 [SgUp1]:174286 [SgUp2]:172403 [SgUp3]:0 [SgUp4]:0 [SgLow1]:173922 [SgLow2]:172032 [SgLow3]:0 [SgLow4]:0 [NetMuon1]:594760 [NetMuon2]:594374 [NetMuon3]:639976 [NetMuon4]:639976
[Run]:26527 [Site]:1 [Bin]:5199 [FullTime]:3590.17 [SkipTime]:0 [Veto1]:604.625 [Veto2]:623.054 [Veto3]:408.741 [Veto4]:408.741 [SgUp1]:175357 [SgUp2]:172689 [SgUp3]:0 [SgUp4]:0 [SgLow1]:174941 [SgLow2]:172327 [SgLow3]:0 [SgLow4]:0 [NetMuon1]:601220 [NetMuon2]:597765 [NetMuon3]:640679 [NetMuon4]:640679
End process Run: 26527 ... 
[Run]:26527 [Site]:1 [Bin]:5200 [FullTime]:3230.37 [SkipTime]:0 [Veto1]:559.428 [Veto2]:584.704 [Veto3]:367.238 [Veto4]:367.238
