StreamChain add 0x6a377e0
Start to process run: 34756 ... 
[Run]:34756 [Site]:1 [Bin]:7461 [FullTime]:3270.25 [SkipTime]:0 [Veto1]:567.275 [Veto2]:583.301 [Veto3]:370.377 [Veto4]:370.377 [SgUp1]:163324 [SgUp2]:159482 [SgUp3]:0 [SgUp4]:0 [SgLow1]:162907 [SgLow2]:159107 [SgLow3]:0 [SgLow4]:0 [NetMuon1]:540987 [NetMuon2]:537877 [NetMuon3]:580569 [NetMuon4]:580569
[Run]:34756 [Site]:1 [Bin]:7462 [FullTime]:3590.17 [SkipTime]:0 [Veto1]:617.051 [Veto2]:632.874 [Veto3]:406.465 [Veto4]:406.465 [SgUp1]:179334 [SgUp2]:175571 [SgUp3]:0 [SgUp4]:0 [SgLow1]:178917 [SgLow2]:175126 [SgLow3]:0 [SgLow4]:0 [NetMuon1]:595250 [NetMuon2]:592205 [NetMuon3]:637564 [NetMuon4]:637564
[Run]:34756 [Site]:1 [Bin]:7463 [FullTime]:3590.17 [SkipTime]:0 [Veto1]:625.069 [Veto2]:624.501 [Veto3]:406.927 [Veto4]:406.927 [SgUp1]:178723 [SgUp2]:175825 [SgUp3]:0 [SgUp4]:0 [SgLow1]:178295 [SgLow2]:175493 [SgLow3]:0 [SgLow4]:0 [NetMuon1]:594564 [NetMuon2]:594407 [NetMuon3]:638138 [NetMuon4]:638138
[Run]:34756 [Site]:1 [Bin]:7464 [FullTime]:3590.17 [SkipTime]:0 [Veto1]:607.635 [Veto2]:613.99 [Veto3]:406.5 [Veto4]:406.5 [SgUp1]:179545 [SgUp2]:177252 [SgUp3]:0 [SgUp4]:0 [SgLow1]:179078 [SgLow2]:176848 [SgLow3]:0 [SgLow4]:0 [NetMuon1]:597252 [NetMuon2]:596071 [NetMuon3]:637464 [NetMuon4]:637464
[Run]:34756 [Site]:1 [Bin]:7465 [FullTime]:3590.17 [SkipTime]:0 [Veto1]:602.142 [Veto2]:634.32 [Veto3]:406.594 [Veto4]:406.594 [SgUp1]:180226 [SgUp2]:175631 [SgUp3]:0 [SgUp4]:0 [SgLow1]:179815 [SgLow2]:175237 [SgLow3]:0 [SgLow4]:0 [NetMuon1]:598269 [NetMuon2]:591687 [NetMuon3]:637431 [NetMuon4]:637431
[Run]:34756 [Site]:1 [Bin]:7466 [FullTime]:3590.17 [SkipTime]:0 [Veto1]:614.09 [Veto2]:635.384 [Veto3]:406.993 [Veto4]:406.993 [SgUp1]:179515 [SgUp2]:175373 [SgUp3]:0 [SgUp4]:0 [SgLow1]:179029 [SgLow2]:174998 [SgLow3]:0 [SgLow4]:0 [NetMuon1]:596997 [NetMuon2]:592281 [NetMuon3]:638361 [NetMuon4]:638361
[Run]:34756 [Site]:1 [Bin]:7467 [FullTime]:3590.17 [SkipTime]:0 [Veto1]:635.863 [Veto2]:628.107 [Veto3]:406.444 [Veto4]:406.444 [SgUp1]:178364 [SgUp2]:175432 [SgUp3]:0 [SgUp4]:0 [SgLow1]:177962 [SgLow2]:175030 [SgLow3]:0 [SgLow4]:0 [NetMuon1]:591287 [NetMuon2]:592860 [NetMuon3]:637255 [NetMuon4]:637255
[Run]:34756 [Site]:1 [Bin]:7468 [FullTime]:3590.17 [SkipTime]:0 [Veto1]:643.602 [Veto2]:619.855 [Veto3]:407.009 [Veto4]:407.009 [SgUp1]:178420 [SgUp2]:175681 [SgUp3]:0 [SgUp4]:0 [SgLow1]:178006 [SgLow2]:175269 [SgLow3]:0 [SgLow4]:0 [NetMuon1]:590821 [NetMuon2]:595323 [NetMuon3]:638083 [NetMuon4]:638083
[Run]:34756 [Site]:1 [Bin]:7469 [FullTime]:3590.17 [SkipTime]:0 [Veto1]:591.446 [Veto2]:650.485 [Veto3]:406.058 [Veto4]:406.058 [SgUp1]:181137 [SgUp2]:173800 [SgUp3]:0 [SgUp4]:0 [SgLow1]:180709 [SgLow2]:173396 [SgLow3]:0 [SgLow4]:0 [NetMuon1]:599800 [NetMuon2]:588175 [NetMuon3]:636882 [NetMuon4]:636882
[Run]:34756 [Site]:1 [Bin]:7470 [FullTime]:3590.17 [SkipTime]:0 [Veto1]:625.848 [Veto2]:628.246 [Veto3]:406.529 [Veto4]:406.529 [SgUp1]:178288 [SgUp2]:176083 [SgUp3]:0 [SgUp4]:0 [SgLow1]:177862 [SgLow2]:175654 [SgLow3]:0 [SgLow4]:0 [NetMuon1]:594057 [NetMuon2]:592911 [NetMuon3]:637626 [NetMuon4]:637626
[Run]:34756 [Site]:1 [Bin]:7471 [FullTime]:3590.17 [SkipTime]:0 [Veto1]:627.525 [Veto2]:619.569 [Veto3]:407.797 [Veto4]:407.797 [SgUp1]:178705 [SgUp2]:176056 [SgUp3]:0 [SgUp4]:0 [SgLow1]:178224 [SgLow2]:175592 [SgLow3]:0 [SgLow4]:0 [NetMuon1]:595360 [NetMuon2]:596769 [NetMuon3]:639412 [NetMuon4]:639412
[Run]:34756 [Site]:1 [Bin]:7472 [FullTime]:3590.17 [SkipTime]:0 [Veto1]:616.31 [Veto2]:617.526 [Veto3]:406.836 [Veto4]:406.836 [SgUp1]:178972 [SgUp2]:176217 [SgUp3]:0 [SgUp4]:0 [SgLow1]:178509 [SgLow2]:175804 [SgLow3]:0 [SgLow4]:0 [NetMuon1]:595327 [NetMuon2]:595783 [NetMuon3]:637736 [NetMuon4]:637736
[Run]:34756 [Site]:1 [Bin]:7473 [FullTime]:3590.17 [SkipTime]:0 [Veto1]:614.128 [Veto2]:608.873 [Veto3]:407.189 [Veto4]:407.189 [SgUp1]:178697 [SgUp2]:176654 [SgUp3]:0 [SgUp4]:0 [SgLow1]:178223 [SgLow2]:176233 [SgLow3]:0 [SgLow4]:0 [NetMuon1]:597153 [NetMuon2]:598328 [NetMuon3]:638649 [NetMuon4]:638649
[Run]:34756 [Site]:1 [Bin]:7474 [FullTime]:3590.17 [SkipTime]:0 [Veto1]:607.778 [Veto2]:641.795 [Veto3]:407.263 [Veto4]:407.263 [SgUp1]:180260 [SgUp2]:174166 [SgUp3]:0 [SgUp4]:0 [SgLow1]:179824 [SgLow2]:173814 [SgLow3]:0 [SgLow4]:0 [NetMuon1]:598399 [NetMuon2]:591489 [NetMuon3]:638638 [NetMuon4]:638638
[Run]:34756 [Site]:1 [Bin]:7475 [FullTime]:3590.17 [SkipTime]:0 [Veto1]:627.428 [Veto2]:664.213 [Veto3]:407.349 [Veto4]:407.349 [SgUp1]:178405 [SgUp2]:173935 [SgUp3]:0 [SgUp4]:0 [SgLow1]:178005 [SgLow2]:173554 [SgLow3]:0 [SgLow4]:0 [NetMuon1]:594358 [NetMuon2]:587110 [NetMuon3]:638652 [NetMuon4]:638652
[Run]:34756 [Site]:1 [Bin]:7476 [FullTime]:3590.17 [SkipTime]:0 [Veto1]:628.053 [Veto2]:643.185 [Veto3]:406.406 [Veto4]:406.406 [SgUp1]:178431 [SgUp2]:174074 [SgUp3]:0 [SgUp4]:0 [SgLow1]:178036 [SgLow2]:173684 [SgLow3]:0 [SgLow4]:0 [NetMuon1]:592612 [NetMuon2]:589574 [NetMuon3]:637039 [NetMuon4]:637039
[Run]:34756 [Site]:1 [Bin]:7477 [FullTime]:3590.17 [SkipTime]:0 [Veto1]:611.582 [Veto2]:653.641 [Veto3]:406.425 [Veto4]:406.425 [SgUp1]:180362 [SgUp2]:174093 [SgUp3]:0 [SgUp4]:0 [SgLow1]:179913 [SgLow2]:173613 [SgLow3]:0 [SgLow4]:0 [NetMuon1]:596039 [NetMuon2]:588133 [NetMuon3]:637420 [NetMuon4]:637420
[Run]:34756 [Site]:1 [Bin]:7478 [FullTime]:3590.17 [SkipTime]:0 [Veto1]:626.121 [Veto2]:637.207 [Veto3]:406.7 [Veto4]:406.7 [SgUp1]:179133 [SgUp2]:174936 [SgUp3]:0 [SgUp4]:0 [SgLow1]:178712 [SgLow2]:174499 [SgLow3]:0 [SgLow4]:0 [NetMuon1]:593457 [NetMuon2]:591415 [NetMuon3]:637577 [NetMuon4]:637577
[Run]:34756 [Site]:1 [Bin]:7479 [FullTime]:3590.17 [SkipTime]:0 [Veto1]:602.15 [Veto2]:636.592 [Veto3]:407.624 [Veto4]:407.624 [SgUp1]:179655 [SgUp2]:175246 [SgUp3]:0 [SgUp4]:0 [SgLow1]:179243 [SgLow2]:174852 [SgLow3]:0 [SgLow4]:0 [NetMuon1]:600084 [NetMuon2]:592748 [NetMuon3]:638829 [NetMuon4]:638829
[Run]:34756 [Site]:1 [Bin]:7480 [FullTime]:3590.17 [SkipTime]:0 [Veto1]:617.179 [Veto2]:630.561 [Veto3]:407.438 [Veto4]:407.438 [SgUp1]:179525 [SgUp2]:174401 [SgUp3]:0 [SgUp4]:0 [SgLow1]:179106 [SgLow2]:174053 [SgLow3]:0 [SgLow4]:0 [NetMuon1]:596819 [NetMuon2]:594159 [NetMuon3]:638923 [NetMuon4]:638923
[Run]:34756 [Site]:1 [Bin]:7481 [FullTime]:3590.17 [SkipTime]:0 [Veto1]:615.539 [Veto2]:620.047 [Veto3]:407.001 [Veto4]:407.001 [SgUp1]:179667 [SgUp2]:176394 [SgUp3]:0 [SgUp4]:0 [SgLow1]:179275 [SgLow2]:175945 [SgLow3]:0 [SgLow4]:0 [NetMuon1]:596467 [NetMuon2]:595528 [NetMuon3]:638159 [NetMuon4]:638159
[Run]:34756 [Site]:1 [Bin]:7482 [FullTime]:3590.17 [SkipTime]:0 [Veto1]:622.094 [Veto2]:629.489 [Veto3]:406.82 [Veto4]:406.82 [SgUp1]:178825 [SgUp2]:175280 [SgUp3]:0 [SgUp4]:0 [SgLow1]:178392 [SgLow2]:174834 [SgLow3]:0 [SgLow4]:0 [NetMuon1]:594602 [NetMuon2]:593026 [NetMuon3]:637678 [NetMuon4]:637678
[Run]:34756 [Site]:1 [Bin]:7483 [FullTime]:3590.17 [SkipTime]:0 [Veto1]:592.695 [Veto2]:644.164 [Veto3]:407.025 [Veto4]:407.025 [SgUp1]:181540 [SgUp2]:174158 [SgUp3]:0 [SgUp4]:0 [SgLow1]:181137 [SgLow2]:173772 [SgLow3]:0 [SgLow4]:0 [NetMuon1]:600608 [NetMuon2]:590332 [NetMuon3]:637994 [NetMuon4]:637994
[Run]:34756 [Site]:1 [Bin]:7484 [FullTime]:3590.17 [SkipTime]:0 [Veto1]:610.026 [Veto2]:639.342 [Veto3]:407.252 [Veto4]:407.252 [SgUp1]:179278 [SgUp2]:174291 [SgUp3]:0 [SgUp4]:0 [SgLow1]:178845 [SgLow2]:173925 [SgLow3]:0 [SgLow4]:0 [NetMuon1]:597928 [NetMuon2]:591805 [NetMuon3]:638628 [NetMuon4]:638628
[Run]:34756 [Site]:1 [Bin]:7485 [FullTime]:3590.17 [SkipTime]:0 [Veto1]:615.809 [Veto2]:629.754 [Veto3]:406.31 [Veto4]:406.31 [SgUp1]:179462 [SgUp2]:175234 [SgUp3]:0 [SgUp4]:0 [SgLow1]:178981 [SgLow2]:174830 [SgLow3]:0 [SgLow4]:0 [NetMuon1]:595135 [NetMuon2]:592750 [NetMuon3]:637274 [NetMuon4]:637274
[Run]:34756 [Site]:1 [Bin]:7486 [FullTime]:3590.17 [SkipTime]:0 [Veto1]:642.202 [Veto2]:653.526 [Veto3]:407.02 [Veto4]:407.02 [SgUp1]:177848 [SgUp2]:174140 [SgUp3]:0 [SgUp4]:0 [SgLow1]:177406 [SgLow2]:173755 [SgLow3]:0 [SgLow4]:0 [NetMuon1]:591377 [NetMuon2]:589187 [NetMuon3]:638339 [NetMuon4]:638339
[Run]:34756 [Site]:1 [Bin]:7487 [FullTime]:3590.17 [SkipTime]:0 [Veto1]:622.114 [Veto2]:627.061 [Veto3]:406.503 [Veto4]:406.503 [SgUp1]:178831 [SgUp2]:175592 [SgUp3]:0 [SgUp4]:0 [SgLow1]:178413 [SgLow2]:175190 [SgLow3]:0 [SgLow4]:0 [NetMuon1]:593917 [NetMuon2]:592787 [NetMuon3]:637101 [NetMuon4]:637101
[Run]:34756 [Site]:1 [Bin]:7488 [FullTime]:3590.17 [SkipTime]:0 [Veto1]:617.287 [Veto2]:622.646 [Veto3]:406.513 [Veto4]:406.513 [SgUp1]:178938 [SgUp2]:176522 [SgUp3]:0 [SgUp4]:0 [SgLow1]:178493 [SgLow2]:176118 [SgLow3]:0 [SgLow4]:0 [NetMuon1]:595279 [NetMuon2]:593988 [NetMuon3]:637500 [NetMuon4]:637500
[Run]:34756 [Site]:1 [Bin]:7489 [FullTime]:3590.17 [SkipTime]:0 [Veto1]:605.402 [Veto2]:626.613 [Veto3]:406.368 [Veto4]:406.368 [SgUp1]:180019 [SgUp2]:175976 [SgUp3]:0 [SgUp4]:0 [SgLow1]:179596 [SgLow2]:175591 [SgLow3]:0 [SgLow4]:0 [NetMuon1]:597390 [NetMuon2]:592915 [NetMuon3]:637171 [NetMuon4]:637171
[Run]:34756 [Site]:1 [Bin]:7490 [FullTime]:3590.17 [SkipTime]:0 [Veto1]:625.675 [Veto2]:626.054 [Veto3]:406.829 [Veto4]:406.829 [SgUp1]:178822 [SgUp2]:175193 [SgUp3]:0 [SgUp4]:0 [SgLow1]:178338 [SgLow2]:174773 [SgLow3]:0 [SgLow4]:0 [NetMuon1]:594090 [NetMuon2]:593972 [NetMuon3]:637894 [NetMuon4]:637894
[Run]:34756 [Site]:1 [Bin]:7491 [FullTime]:3590.17 [SkipTime]:0 [Veto1]:614.557 [Veto2]:614.446 [Veto3]:406.54 [Veto4]:406.54 [SgUp1]:178934 [SgUp2]:176260 [SgUp3]:0 [SgUp4]:0 [SgLow1]:178513 [SgLow2]:175828 [SgLow3]:0 [SgLow4]:0 [NetMuon1]:595745 [NetMuon2]:595746 [NetMuon3]:637460 [NetMuon4]:637460
[Run]:34756 [Site]:1 [Bin]:7492 [FullTime]:3590.17 [SkipTime]:0 [Veto1]:619.705 [Veto2]:634.596 [Veto3]:406.691 [Veto4]:406.691 [SgUp1]:179525 [SgUp2]:175172 [SgUp3]:0 [SgUp4]:0 [SgLow1]:179114 [SgLow2]:174800 [SgLow3]:0 [SgLow4]:0 [NetMuon1]:594997 [NetMuon2]:591903 [NetMuon3]:637520 [NetMuon4]:637520
[Run]:34756 [Site]:1 [Bin]:7493 [FullTime]:3590.17 [SkipTime]:0 [Veto1]:633.585 [Veto2]:610.808 [Veto3]:407.374 [Veto4]:407.374 [SgUp1]:178724 [SgUp2]:176703 [SgUp3]:0 [SgUp4]:0 [SgLow1]:178330 [SgLow2]:176279 [SgLow3]:0 [SgLow4]:0 [NetMuon1]:593525 [NetMuon2]:598188 [NetMuon3]:638812 [NetMuon4]:638812
[Run]:34756 [Site]:1 [Bin]:7494 [FullTime]:3590.17 [SkipTime]:0 [Veto1]:633.453 [Veto2]:642.108 [Veto3]:406.206 [Veto4]:406.206 [SgUp1]:177782 [SgUp2]:173963 [SgUp3]:0 [SgUp4]:0 [SgLow1]:177348 [SgLow2]:173590 [SgLow3]:0 [SgLow4]:0 [NetMuon1]:590964 [NetMuon2]:589766 [NetMuon3]:636793 [NetMuon4]:636793
[Run]:34756 [Site]:1 [Bin]:7495 [FullTime]:3590.17 [SkipTime]:0 [Veto1]:630.238 [Veto2]:632.633 [Veto3]:406.999 [Veto4]:406.999 [SgUp1]:177959 [SgUp2]:175902 [SgUp3]:0 [SgUp4]:0 [SgLow1]:177531 [SgLow2]:175499 [SgLow3]:0 [SgLow4]:0 [NetMuon1]:593899 [NetMuon2]:593198 [NetMuon3]:638179 [NetMuon4]:638179
[Run]:34756 [Site]:1 [Bin]:7496 [FullTime]:3590.17 [SkipTime]:0 [Veto1]:615.399 [Veto2]:647.134 [Veto3]:406.841 [Veto4]:406.841 [SgUp1]:180175 [SgUp2]:175023 [SgUp3]:0 [SgUp4]:0 [SgLow1]:179711 [SgLow2]:174636 [SgLow3]:0 [SgLow4]:0 [NetMuon1]:596115 [NetMuon2]:589667 [NetMuon3]:637874 [NetMuon4]:637874
[Run]:34756 [Site]:1 [Bin]:7497 [FullTime]:3590.17 [SkipTime]:0 [Veto1]:608.676 [Veto2]:636.478 [Veto3]:406.533 [Veto4]:406.533 [SgUp1]:179182 [SgUp2]:175244 [SgUp3]:0 [SgUp4]:0 [SgLow1]:178754 [SgLow2]:174787 [SgLow3]:0 [SgLow4]:0 [NetMuon1]:597112 [NetMuon2]:591539 [NetMuon3]:637369 [NetMuon4]:637369
[Run]:34756 [Site]:1 [Bin]:7498 [FullTime]:3590.17 [SkipTime]:0 [Veto1]:648.165 [Veto2]:609.119 [Veto3]:406.337 [Veto4]:406.337 [SgUp1]:177938 [SgUp2]:176087 [SgUp3]:0 [SgUp4]:0 [SgLow1]:177467 [SgLow2]:175657 [SgLow3]:0 [SgLow4]:0 [NetMuon1]:588518 [NetMuon2]:596475 [NetMuon3]:636879 [NetMuon4]:636879
[Run]:34756 [Site]:1 [Bin]:7499 [FullTime]:3590.17 [SkipTime]:0 [Veto1]:605.049 [Veto2]:614.698 [Veto3]:406.625 [Veto4]:406.625 [SgUp1]:179678 [SgUp2]:177168 [SgUp3]:0 [SgUp4]:0 [SgLow1]:179220 [SgLow2]:176777 [SgLow3]:0 [SgLow4]:0 [NetMuon1]:598196 [NetMuon2]:595752 [NetMuon3]:637560 [NetMuon4]:637560
[Run]:34756 [Site]:1 [Bin]:7500 [FullTime]:3590.17 [SkipTime]:0 [Veto1]:608.65 [Veto2]:607.557 [Veto3]:406.875 [Veto4]:406.875 [SgUp1]:179873 [SgUp2]:176813 [SgUp3]:0 [SgUp4]:0 [SgLow1]:179500 [SgLow2]:176403 [SgLow3]:0 [SgLow4]:0 [NetMuon1]:597534 [NetMuon2]:597625 [NetMuon3]:637926 [NetMuon4]:637926
[Run]:34756 [Site]:1 [Bin]:7501 [FullTime]:3590.17 [SkipTime]:0 [Veto1]:607.744 [Veto2]:611.489 [Veto3]:406.415 [Veto4]:406.415 [SgUp1]:179977 [SgUp2]:176837 [SgUp3]:0 [SgUp4]:0 [SgLow1]:179578 [SgLow2]:176444 [SgLow3]:0 [SgLow4]:0 [NetMuon1]:597006 [NetMuon2]:596358 [NetMuon3]:637484 [NetMuon4]:637484
[Run]:34756 [Site]:1 [Bin]:7502 [FullTime]:3590.17 [SkipTime]:0 [Veto1]:636.764 [Veto2]:641.42 [Veto3]:407.307 [Veto4]:407.307 [SgUp1]:178274 [SgUp2]:174799 [SgUp3]:0 [SgUp4]:0 [SgLow1]:177906 [SgLow2]:174398 [SgLow3]:0 [SgLow4]:0 [NetMuon1]:592918 [NetMuon2]:591486 [NetMuon3]:638817 [NetMuon4]:638817
[Run]:34756 [Site]:1 [Bin]:7503 [FullTime]:3590.17 [SkipTime]:0 [Veto1]:630.352 [Veto2]:630.235 [Veto3]:407.516 [Veto4]:407.516 [SgUp1]:177623 [SgUp2]:176173 [SgUp3]:0 [SgUp4]:0 [SgLow1]:177208 [SgLow2]:175714 [SgLow3]:0 [SgLow4]:0 [NetMuon1]:593788 [NetMuon2]:594094 [NetMuon3]:638768 [NetMuon4]:638768
[Run]:34756 [Site]:1 [Bin]:7504 [FullTime]:3590.17 [SkipTime]:0 [Veto1]:613.41 [Veto2]:641.227 [Veto3]:407.898 [Veto4]:407.898 [SgUp1]:179839 [SgUp2]:174513 [SgUp3]:0 [SgUp4]:0 [SgLow1]:179424 [SgLow2]:174067 [SgLow3]:0 [SgLow4]:0 [NetMuon1]:598241 [NetMuon2]:592662 [NetMuon3]:639652 [NetMuon4]:639652
[Run]:34756 [Site]:1 [Bin]:7505 [FullTime]:3590.17 [SkipTime]:0 [Veto1]:625.567 [Veto2]:620.592 [Veto3]:407.744 [Veto4]:407.744 [SgUp1]:178104 [SgUp2]:175982 [SgUp3]:0 [SgUp4]:0 [SgLow1]:177645 [SgLow2]:175581 [SgLow3]:0 [SgLow4]:0 [NetMuon1]:595470 [NetMuon2]:596421 [NetMuon3]:639119 [NetMuon4]:639119
[Run]:34756 [Site]:1 [Bin]:7506 [FullTime]:3590.17 [SkipTime]:0 [Veto1]:625.332 [Veto2]:630.95 [Veto3]:407.572 [Veto4]:407.572 [SgUp1]:179065 [SgUp2]:176040 [SgUp3]:0 [SgUp4]:0 [SgLow1]:178685 [SgLow2]:175655 [SgLow3]:0 [SgLow4]:0 [NetMuon1]:595162 [NetMuon2]:594084 [NetMuon3]:638825 [NetMuon4]:638825
[Run]:34756 [Site]:1 [Bin]:7507 [FullTime]:3590.17 [SkipTime]:0 [Veto1]:630.425 [Veto2]:634.04 [Veto3]:407.333 [Veto4]:407.333 [SgUp1]:177133 [SgUp2]:174758 [SgUp3]:0 [SgUp4]:0 [SgLow1]:176660 [SgLow2]:174391 [SgLow3]:0 [SgLow4]:0 [NetMuon1]:593601 [NetMuon2]:592662 [NetMuon3]:638468 [NetMuon4]:638468
[Run]:34756 [Site]:1 [Bin]:7508 [FullTime]:3590.17 [SkipTime]:0 [Veto1]:631.677 [Veto2]:616.013 [Veto3]:407.393 [Veto4]:407.393 [SgUp1]:178350 [SgUp2]:176912 [SgUp3]:0 [SgUp4]:0 [SgLow1]:177795 [SgLow2]:176542 [SgLow3]:0 [SgLow4]:0 [NetMuon1]:593822 [NetMuon2]:596925 [NetMuon3]:638776 [NetMuon4]:638776
[Run]:34756 [Site]:1 [Bin]:7509 [FullTime]:3590.17 [SkipTime]:0 [Veto1]:623.699 [Veto2]:629.334 [Veto3]:406.932 [Veto4]:406.932 [SgUp1]:178912 [SgUp2]:175402 [SgUp3]:0 [SgUp4]:0 [SgLow1]:178506 [SgLow2]:174986 [SgLow3]:0 [SgLow4]:0 [NetMuon1]:594219 [NetMuon2]:593519 [NetMuon3]:638001 [NetMuon4]:638001
[Run]:34756 [Site]:1 [Bin]:7510 [FullTime]:3590.17 [SkipTime]:0 [Veto1]:624.196 [Veto2]:618.05 [Veto3]:406.694 [Veto4]:406.694 [SgUp1]:178612 [SgUp2]:175636 [SgUp3]:0 [SgUp4]:0 [SgLow1]:178154 [SgLow2]:175212 [SgLow3]:0 [SgLow4]:0 [NetMuon1]:593848 [NetMuon2]:594769 [NetMuon3]:637553 [NetMuon4]:637553
End process Run: 34756 ... 
[Run]:34756 [Site]:1 [Bin]:7511 [FullTime]:340.561 [SkipTime]:0 [Veto1]:56.5701 [Veto2]:64.4093 [Veto3]:38.2622 [Veto4]:38.2622
