StreamChain add 0x1a6967e0
Start to process run: 34938 ... 
[Run]:34938 [Site]:1 [Bin]:7603 [FullTime]:320.72 [SkipTime]:0 [Veto1]:320.064 [Veto2]:320.061 [Veto3]:320.023 [Veto4]:320.023 [SgUp1]:38 [SgUp2]:32 [SgUp3]:0 [SgUp4]:0 [SgLow1]:38 [SgLow2]:31 [SgLow3]:0 [SgLow4]:0 [NetMuon1]:3678 [NetMuon2]:3661 [NetMuon3]:3879 [NetMuon4]:3879
[Run]:34938 [Site]:1 [Bin]:7604 [FullTime]:3250.82 [SkipTime]:339.354 [Veto1]:703.022 [Veto2]:673.899 [Veto3]:498.438 [Veto4]:498.438 [SgUp1]:152116 [SgUp2]:151338 [SgUp3]:0 [SgUp4]:0 [SgLow1]:151762 [SgLow2]:151015 [SgLow3]:0 [SgLow4]:0 [NetMuon1]:514206 [NetMuon2]:520187 [NetMuon3]:555519 [NetMuon4]:555519
[Run]:34938 [Site]:1 [Bin]:7605 [FullTime]:3590.17 [SkipTime]:0 [Veto1]:620.027 [Veto2]:625.668 [Veto3]:407.733 [Veto4]:407.733 [SgUp1]:177371 [SgUp2]:173369 [SgUp3]:0 [SgUp4]:0 [SgLow1]:176920 [SgLow2]:173001 [SgLow3]:0 [SgLow4]:0 [NetMuon1]:596521 [NetMuon2]:595484 [NetMuon3]:639494 [NetMuon4]:639494
[Run]:34938 [Site]:1 [Bin]:7606 [FullTime]:3590.17 [SkipTime]:0 [Veto1]:631.605 [Veto2]:635.511 [Veto3]:406.723 [Veto4]:406.723 [SgUp1]:176334 [SgUp2]:173499 [SgUp3]:0 [SgUp4]:0 [SgLow1]:175949 [SgLow2]:173089 [SgLow3]:0 [SgLow4]:0 [NetMuon1]:592979 [NetMuon2]:592363 [NetMuon3]:637943 [NetMuon4]:637943
[Run]:34938 [Site]:1 [Bin]:7607 [FullTime]:3590.17 [SkipTime]:0 [Veto1]:627.97 [Veto2]:640.056 [Veto3]:407.111 [Veto4]:407.111 [SgUp1]:176194 [SgUp2]:172667 [SgUp3]:0 [SgUp4]:0 [SgLow1]:175830 [SgLow2]:172288 [SgLow3]:0 [SgLow4]:0 [NetMuon1]:593788 [NetMuon2]:591188 [NetMuon3]:638133 [NetMuon4]:638133
[Run]:34938 [Site]:1 [Bin]:7608 [FullTime]:3590.17 [SkipTime]:0 [Veto1]:638.895 [Veto2]:642.255 [Veto3]:406.974 [Veto4]:406.974 [SgUp1]:175425 [SgUp2]:172609 [SgUp3]:0 [SgUp4]:0 [SgLow1]:175045 [SgLow2]:172241 [SgLow3]:0 [SgLow4]:0 [NetMuon1]:591496 [NetMuon2]:591026 [NetMuon3]:638128 [NetMuon4]:638128
[Run]:34938 [Site]:1 [Bin]:7609 [FullTime]:3590.17 [SkipTime]:0 [Veto1]:599.508 [Veto2]:652.826 [Veto3]:407.101 [Veto4]:407.101 [SgUp1]:177503 [SgUp2]:172305 [SgUp3]:0 [SgUp4]:0 [SgLow1]:177088 [SgLow2]:171869 [SgLow3]:0 [SgLow4]:0 [NetMuon1]:599397 [NetMuon2]:589192 [NetMuon3]:638132 [NetMuon4]:638132
[Run]:34938 [Site]:1 [Bin]:7610 [FullTime]:3590.17 [SkipTime]:0 [Veto1]:597.195 [Veto2]:600.633 [Veto3]:407.561 [Veto4]:407.561 [SgUp1]:178398 [SgUp2]:175851 [SgUp3]:0 [SgUp4]:0 [SgLow1]:178019 [SgLow2]:175462 [SgLow3]:0 [SgLow4]:0 [NetMuon1]:600696 [NetMuon2]:600058 [NetMuon3]:638990 [NetMuon4]:638990
[Run]:34938 [Site]:1 [Bin]:7611 [FullTime]:3590.17 [SkipTime]:0 [Veto1]:635.809 [Veto2]:634.46 [Veto3]:407.715 [Veto4]:407.715 [SgUp1]:176824 [SgUp2]:173834 [SgUp3]:0 [SgUp4]:0 [SgLow1]:176403 [SgLow2]:173445 [SgLow3]:0 [SgLow4]:0 [NetMuon1]:593700 [NetMuon2]:593549 [NetMuon3]:639103 [NetMuon4]:639103
[Run]:34938 [Site]:1 [Bin]:7612 [FullTime]:3590.17 [SkipTime]:0 [Veto1]:629.55 [Veto2]:615.128 [Veto3]:407.048 [Veto4]:407.048 [SgUp1]:176637 [SgUp2]:173904 [SgUp3]:0 [SgUp4]:0 [SgLow1]:176214 [SgLow2]:173567 [SgLow3]:0 [SgLow4]:0 [NetMuon1]:593307 [NetMuon2]:596739 [NetMuon3]:638270 [NetMuon4]:638270
[Run]:34938 [Site]:1 [Bin]:7613 [FullTime]:3590.17 [SkipTime]:0 [Veto1]:652.094 [Veto2]:635.86 [Veto3]:407.649 [Veto4]:407.649 [SgUp1]:174865 [SgUp2]:173271 [SgUp3]:0 [SgUp4]:0 [SgLow1]:174471 [SgLow2]:172909 [SgLow3]:0 [SgLow4]:0 [NetMuon1]:589752 [NetMuon2]:593217 [NetMuon3]:638836 [NetMuon4]:638836
[Run]:34938 [Site]:1 [Bin]:7614 [FullTime]:3590.17 [SkipTime]:0 [Veto1]:621.546 [Veto2]:632.479 [Veto3]:407.552 [Veto4]:407.552 [SgUp1]:176442 [SgUp2]:173770 [SgUp3]:0 [SgUp4]:0 [SgLow1]:176025 [SgLow2]:173345 [SgLow3]:0 [SgLow4]:0 [NetMuon1]:596157 [NetMuon2]:593905 [NetMuon3]:638863 [NetMuon4]:638863
[Run]:34938 [Site]:1 [Bin]:7615 [FullTime]:3590.17 [SkipTime]:0 [Veto1]:644.322 [Veto2]:616.326 [Veto3]:407.645 [Veto4]:407.645 [SgUp1]:175482 [SgUp2]:174534 [SgUp3]:0 [SgUp4]:0 [SgLow1]:175043 [SgLow2]:174155 [SgLow3]:0 [SgLow4]:0 [NetMuon1]:591476 [NetMuon2]:597070 [NetMuon3]:639283 [NetMuon4]:639283
[Run]:34938 [Site]:1 [Bin]:7616 [FullTime]:3590.17 [SkipTime]:0 [Veto1]:621.607 [Veto2]:619.538 [Veto3]:407.097 [Veto4]:407.097 [SgUp1]:176062 [SgUp2]:174180 [SgUp3]:0 [SgUp4]:0 [SgLow1]:175679 [SgLow2]:173793 [SgLow3]:0 [SgLow4]:0 [NetMuon1]:595299 [NetMuon2]:595511 [NetMuon3]:638068 [NetMuon4]:638068
[Run]:34938 [Site]:1 [Bin]:7617 [FullTime]:3590.17 [SkipTime]:0 [Veto1]:627.396 [Veto2]:650.627 [Veto3]:408.226 [Veto4]:408.226 [SgUp1]:177105 [SgUp2]:172480 [SgUp3]:0 [SgUp4]:0 [SgLow1]:176725 [SgLow2]:172098 [SgLow3]:0 [SgLow4]:0 [NetMuon1]:595535 [NetMuon2]:590908 [NetMuon3]:639947 [NetMuon4]:639947
[Run]:34938 [Site]:1 [Bin]:7618 [FullTime]:3590.17 [SkipTime]:0 [Veto1]:622.193 [Veto2]:610.031 [Veto3]:408.11 [Veto4]:408.11 [SgUp1]:176766 [SgUp2]:175309 [SgUp3]:0 [SgUp4]:0 [SgLow1]:176350 [SgLow2]:174938 [SgLow3]:0 [SgLow4]:0 [NetMuon1]:596394 [NetMuon2]:598741 [NetMuon3]:639544 [NetMuon4]:639544
[Run]:34938 [Site]:1 [Bin]:7619 [FullTime]:3590.17 [SkipTime]:0 [Veto1]:617.982 [Veto2]:640.581 [Veto3]:406.86 [Veto4]:406.86 [SgUp1]:176904 [SgUp2]:172344 [SgUp3]:0 [SgUp4]:0 [SgLow1]:176480 [SgLow2]:171996 [SgLow3]:0 [SgLow4]:0 [NetMuon1]:595895 [NetMuon2]:591073 [NetMuon3]:637928 [NetMuon4]:637928
[Run]:34938 [Site]:1 [Bin]:7620 [FullTime]:3590.17 [SkipTime]:0 [Veto1]:611.45 [Veto2]:626.588 [Veto3]:407.203 [Veto4]:407.203 [SgUp1]:177752 [SgUp2]:173739 [SgUp3]:0 [SgUp4]:0 [SgLow1]:177327 [SgLow2]:173332 [SgLow3]:0 [SgLow4]:0 [NetMuon1]:597507 [NetMuon2]:594289 [NetMuon3]:638508 [NetMuon4]:638508
[Run]:34938 [Site]:1 [Bin]:7621 [FullTime]:3590.17 [SkipTime]:0 [Veto1]:630.136 [Veto2]:613.072 [Veto3]:406.668 [Veto4]:406.668 [SgUp1]:176007 [SgUp2]:174123 [SgUp3]:0 [SgUp4]:0 [SgLow1]:175617 [SgLow2]:173733 [SgLow3]:0 [SgLow4]:0 [NetMuon1]:592994 [NetMuon2]:596310 [NetMuon3]:637683 [NetMuon4]:637683
[Run]:34938 [Site]:1 [Bin]:7622 [FullTime]:3590.17 [SkipTime]:0 [Veto1]:619.746 [Veto2]:630.679 [Veto3]:407.641 [Veto4]:407.641 [SgUp1]:178052 [SgUp2]:172463 [SgUp3]:0 [SgUp4]:0 [SgLow1]:177660 [SgLow2]:172092 [SgLow3]:0 [SgLow4]:0 [NetMuon1]:596443 [NetMuon2]:594371 [NetMuon3]:639314 [NetMuon4]:639314
[Run]:34938 [Site]:1 [Bin]:7623 [FullTime]:3590.17 [SkipTime]:0 [Veto1]:604.725 [Veto2]:624.268 [Veto3]:408.323 [Veto4]:408.323 [SgUp1]:178094 [SgUp2]:174000 [SgUp3]:0 [SgUp4]:0 [SgLow1]:177702 [SgLow2]:173590 [SgLow3]:0 [SgLow4]:0 [NetMuon1]:600553 [NetMuon2]:596588 [NetMuon3]:640196 [NetMuon4]:640196
[Run]:34938 [Site]:1 [Bin]:7624 [FullTime]:3590.17 [SkipTime]:0 [Veto1]:622.987 [Veto2]:597.675 [Veto3]:407.966 [Veto4]:407.966 [SgUp1]:177049 [SgUp2]:174442 [SgUp3]:0 [SgUp4]:0 [SgLow1]:176636 [SgLow2]:174052 [SgLow3]:0 [SgLow4]:0 [NetMuon1]:595861 [NetMuon2]:600773 [NetMuon3]:639130 [NetMuon4]:639130
[Run]:34938 [Site]:1 [Bin]:7625 [FullTime]:3590.17 [SkipTime]:0 [Veto1]:615.055 [Veto2]:646.782 [Veto3]:408.163 [Veto4]:408.163 [SgUp1]:177126 [SgUp2]:172269 [SgUp3]:0 [SgUp4]:0 [SgLow1]:176724 [SgLow2]:171856 [SgLow3]:0 [SgLow4]:0 [NetMuon1]:598204 [NetMuon2]:592078 [NetMuon3]:639855 [NetMuon4]:639855
[Run]:34938 [Site]:1 [Bin]:7626 [FullTime]:3590.17 [SkipTime]:0 [Veto1]:629.838 [Veto2]:631.627 [Veto3]:408.707 [Veto4]:408.707 [SgUp1]:176350 [SgUp2]:173183 [SgUp3]:0 [SgUp4]:0 [SgLow1]:175946 [SgLow2]:172775 [SgLow3]:0 [SgLow4]:0 [NetMuon1]:595875 [NetMuon2]:595703 [NetMuon3]:640508 [NetMuon4]:640508
[Run]:34938 [Site]:1 [Bin]:7627 [FullTime]:3590.17 [SkipTime]:0 [Veto1]:628.801 [Veto2]:637.164 [Veto3]:408.009 [Veto4]:408.009 [SgUp1]:176541 [SgUp2]:172959 [SgUp3]:0 [SgUp4]:0 [SgLow1]:176102 [SgLow2]:172552 [SgLow3]:0 [SgLow4]:0 [NetMuon1]:595298 [NetMuon2]:593574 [NetMuon3]:639608 [NetMuon4]:639608
[Run]:34938 [Site]:1 [Bin]:7628 [FullTime]:3590.17 [SkipTime]:0 [Veto1]:630.86 [Veto2]:646.478 [Veto3]:408.122 [Veto4]:408.122 [SgUp1]:176293 [SgUp2]:171414 [SgUp3]:0 [SgUp4]:0 [SgLow1]:175870 [SgLow2]:171016 [SgLow3]:0 [SgLow4]:0 [NetMuon1]:595262 [NetMuon2]:591968 [NetMuon3]:640063 [NetMuon4]:640063
[Run]:34938 [Site]:1 [Bin]:7629 [FullTime]:3590.17 [SkipTime]:0 [Veto1]:598.767 [Veto2]:624.634 [Veto3]:408.019 [Veto4]:408.019 [SgUp1]:178088 [SgUp2]:173254 [SgUp3]:0 [SgUp4]:0 [SgLow1]:177670 [SgLow2]:172812 [SgLow3]:0 [SgLow4]:0 [NetMuon1]:601196 [NetMuon2]:596327 [NetMuon3]:639682 [NetMuon4]:639682
[Run]:34938 [Site]:1 [Bin]:7630 [FullTime]:3590.17 [SkipTime]:0 [Veto1]:622.981 [Veto2]:633.741 [Veto3]:407.691 [Veto4]:407.691 [SgUp1]:176909 [SgUp2]:173105 [SgUp3]:0 [SgUp4]:0 [SgLow1]:176465 [SgLow2]:172676 [SgLow3]:0 [SgLow4]:0 [NetMuon1]:596407 [NetMuon2]:593761 [NetMuon3]:639259 [NetMuon4]:639259
End process Run: 34938 ... 
[Run]:34938 [Site]:1 [Bin]:7631 [FullTime]:1982.09 [SkipTime]:0 [Veto1]:338.432 [Veto2]:345.408 [Veto3]:224.668 [Veto4]:224.668
