StreamChain add 0x483e7e0
Start to process run: 34741 ... 
[Run]:34741 [Site]:1 [Bin]:7400 [FullTime]:2705.46 [SkipTime]:0 [Veto1]:475.503 [Veto2]:507.1 [Veto3]:307.321 [Veto4]:307.321 [SgUp1]:134360 [SgUp2]:129605 [SgUp3]:0 [SgUp4]:0 [SgLow1]:134053 [SgLow2]:129284 [SgLow3]:0 [SgLow4]:0 [NetMuon1]:448275 [NetMuon2]:441802 [NetMuon3]:481811 [NetMuon4]:481811
[Run]:34741 [Site]:1 [Bin]:7401 [FullTime]:3590.17 [SkipTime]:0 [Veto1]:610.241 [Veto2]:635.795 [Veto3]:407.11 [Veto4]:407.11 [SgUp1]:179703 [SgUp2]:175083 [SgUp3]:0 [SgUp4]:0 [SgLow1]:179265 [SgLow2]:174675 [SgLow3]:0 [SgLow4]:0 [NetMuon1]:597704 [NetMuon2]:592218 [NetMuon3]:638231 [NetMuon4]:638231
[Run]:34741 [Site]:1 [Bin]:7402 [FullTime]:3590.17 [SkipTime]:0 [Veto1]:615.33 [Veto2]:620.301 [Veto3]:407.298 [Veto4]:407.298 [SgUp1]:179035 [SgUp2]:176869 [SgUp3]:0 [SgUp4]:0 [SgLow1]:178594 [SgLow2]:176438 [SgLow3]:0 [SgLow4]:0 [NetMuon1]:597076 [NetMuon2]:595898 [NetMuon3]:638667 [NetMuon4]:638667
[Run]:34741 [Site]:1 [Bin]:7403 [FullTime]:3590.17 [SkipTime]:0 [Veto1]:605.391 [Veto2]:615.235 [Veto3]:407.471 [Veto4]:407.471 [SgUp1]:178873 [SgUp2]:175665 [SgUp3]:0 [SgUp4]:0 [SgLow1]:178408 [SgLow2]:175225 [SgLow3]:0 [SgLow4]:0 [NetMuon1]:599422 [NetMuon2]:597366 [NetMuon3]:638777 [NetMuon4]:638777
[Run]:34741 [Site]:1 [Bin]:7404 [FullTime]:3590.17 [SkipTime]:0 [Veto1]:614.231 [Veto2]:622.335 [Veto3]:406.795 [Veto4]:406.795 [SgUp1]:178980 [SgUp2]:175524 [SgUp3]:0 [SgUp4]:0 [SgLow1]:178595 [SgLow2]:175171 [SgLow3]:0 [SgLow4]:0 [NetMuon1]:596419 [NetMuon2]:594650 [NetMuon3]:637814 [NetMuon4]:637814
[Run]:34741 [Site]:1 [Bin]:7405 [FullTime]:3590.17 [SkipTime]:0 [Veto1]:617.278 [Veto2]:633.686 [Veto3]:407.294 [Veto4]:407.294 [SgUp1]:179702 [SgUp2]:175661 [SgUp3]:0 [SgUp4]:0 [SgLow1]:179235 [SgLow2]:175246 [SgLow3]:0 [SgLow4]:0 [NetMuon1]:595874 [NetMuon2]:592765 [NetMuon3]:638248 [NetMuon4]:638248
[Run]:34741 [Site]:1 [Bin]:7406 [FullTime]:3590.17 [SkipTime]:0 [Veto1]:608.588 [Veto2]:621.922 [Veto3]:407.273 [Veto4]:407.273 [SgUp1]:179265 [SgUp2]:176284 [SgUp3]:0 [SgUp4]:0 [SgLow1]:178799 [SgLow2]:175875 [SgLow3]:0 [SgLow4]:0 [NetMuon1]:598175 [NetMuon2]:595495 [NetMuon3]:638720 [NetMuon4]:638720
[Run]:34741 [Site]:1 [Bin]:7407 [FullTime]:3590.17 [SkipTime]:0 [Veto1]:607.466 [Veto2]:612.18 [Veto3]:408.319 [Veto4]:408.319 [SgUp1]:179809 [SgUp2]:176254 [SgUp3]:0 [SgUp4]:0 [SgLow1]:179371 [SgLow2]:175878 [SgLow3]:0 [SgLow4]:0 [NetMuon1]:600329 [NetMuon2]:599253 [NetMuon3]:640227 [NetMuon4]:640227
[Run]:34741 [Site]:1 [Bin]:7408 [FullTime]:3590.17 [SkipTime]:0 [Veto1]:623.596 [Veto2]:632.505 [Veto3]:407.501 [Veto4]:407.501 [SgUp1]:178465 [SgUp2]:174947 [SgUp3]:0 [SgUp4]:0 [SgLow1]:178027 [SgLow2]:174546 [SgLow3]:0 [SgLow4]:0 [NetMuon1]:595551 [NetMuon2]:593931 [NetMuon3]:639038 [NetMuon4]:639038
[Run]:34741 [Site]:1 [Bin]:7409 [FullTime]:3590.17 [SkipTime]:0 [Veto1]:609.094 [Veto2]:616.896 [Veto3]:406.85 [Veto4]:406.85 [SgUp1]:180112 [SgUp2]:176149 [SgUp3]:0 [SgUp4]:0 [SgLow1]:179658 [SgLow2]:175742 [SgLow3]:0 [SgLow4]:0 [NetMuon1]:597435 [NetMuon2]:595997 [NetMuon3]:637953 [NetMuon4]:637953
[Run]:34741 [Site]:1 [Bin]:7410 [FullTime]:3590.17 [SkipTime]:0 [Veto1]:623.431 [Veto2]:641.181 [Veto3]:407.72 [Veto4]:407.72 [SgUp1]:178911 [SgUp2]:175281 [SgUp3]:0 [SgUp4]:0 [SgLow1]:178422 [SgLow2]:174877 [SgLow3]:0 [SgLow4]:0 [NetMuon1]:596005 [NetMuon2]:592393 [NetMuon3]:639237 [NetMuon4]:639237
[Run]:34741 [Site]:1 [Bin]:7411 [FullTime]:3590.17 [SkipTime]:0 [Veto1]:612.41 [Veto2]:610.154 [Veto3]:406.896 [Veto4]:406.896 [SgUp1]:179225 [SgUp2]:176892 [SgUp3]:0 [SgUp4]:0 [SgLow1]:178796 [SgLow2]:176468 [SgLow3]:0 [SgLow4]:0 [NetMuon1]:596557 [NetMuon2]:597163 [NetMuon3]:637868 [NetMuon4]:637868
[Run]:34741 [Site]:1 [Bin]:7412 [FullTime]:3590.17 [SkipTime]:0 [Veto1]:631.777 [Veto2]:628.249 [Veto3]:406.629 [Veto4]:406.629 [SgUp1]:178705 [SgUp2]:175731 [SgUp3]:0 [SgUp4]:0 [SgLow1]:178278 [SgLow2]:175337 [SgLow3]:0 [SgLow4]:0 [NetMuon1]:592543 [NetMuon2]:593320 [NetMuon3]:637784 [NetMuon4]:637784
[Run]:34741 [Site]:1 [Bin]:7413 [FullTime]:3590.17 [SkipTime]:0 [Veto1]:628.532 [Veto2]:608.629 [Veto3]:407.311 [Veto4]:407.311 [SgUp1]:177634 [SgUp2]:177233 [SgUp3]:0 [SgUp4]:0 [SgLow1]:177214 [SgLow2]:176853 [SgLow3]:0 [SgLow4]:0 [NetMuon1]:594185 [NetMuon2]:598494 [NetMuon3]:638657 [NetMuon4]:638657
[Run]:34741 [Site]:1 [Bin]:7414 [FullTime]:3590.17 [SkipTime]:0 [Veto1]:614.292 [Veto2]:640.542 [Veto3]:407.621 [Veto4]:407.621 [SgUp1]:179061 [SgUp2]:175399 [SgUp3]:0 [SgUp4]:0 [SgLow1]:178609 [SgLow2]:175006 [SgLow3]:0 [SgLow4]:0 [NetMuon1]:597572 [NetMuon2]:592841 [NetMuon3]:639287 [NetMuon4]:639287
[Run]:34741 [Site]:1 [Bin]:7415 [FullTime]:3590.17 [SkipTime]:0 [Veto1]:608.051 [Veto2]:628.632 [Veto3]:406.898 [Veto4]:406.898 [SgUp1]:179948 [SgUp2]:175769 [SgUp3]:0 [SgUp4]:0 [SgLow1]:179498 [SgLow2]:175382 [SgLow3]:0 [SgLow4]:0 [NetMuon1]:597390 [NetMuon2]:593357 [NetMuon3]:638130 [NetMuon4]:638130
[Run]:34741 [Site]:1 [Bin]:7416 [FullTime]:3590.17 [SkipTime]:0 [Veto1]:625.999 [Veto2]:628.569 [Veto3]:406.898 [Veto4]:406.898 [SgUp1]:178936 [SgUp2]:175467 [SgUp3]:0 [SgUp4]:0 [SgLow1]:178472 [SgLow2]:175079 [SgLow3]:0 [SgLow4]:0 [NetMuon1]:594011 [NetMuon2]:593647 [NetMuon3]:637991 [NetMuon4]:637991
[Run]:34741 [Site]:1 [Bin]:7417 [FullTime]:3590.17 [SkipTime]:0 [Veto1]:611.524 [Veto2]:627.651 [Veto3]:408.308 [Veto4]:408.308 [SgUp1]:179602 [SgUp2]:175824 [SgUp3]:0 [SgUp4]:0 [SgLow1]:179132 [SgLow2]:175366 [SgLow3]:0 [SgLow4]:0 [NetMuon1]:599203 [NetMuon2]:596391 [NetMuon3]:640262 [NetMuon4]:640262
[Run]:34741 [Site]:1 [Bin]:7418 [FullTime]:3590.17 [SkipTime]:0 [Veto1]:613.727 [Veto2]:644.255 [Veto3]:407.157 [Veto4]:407.157 [SgUp1]:178413 [SgUp2]:175129 [SgUp3]:0 [SgUp4]:0 [SgLow1]:177962 [SgLow2]:174748 [SgLow3]:0 [SgLow4]:0 [NetMuon1]:596985 [NetMuon2]:591066 [NetMuon3]:638506 [NetMuon4]:638506
[Run]:34741 [Site]:1 [Bin]:7419 [FullTime]:3590.17 [SkipTime]:0 [Veto1]:618.918 [Veto2]:634.6 [Veto3]:407.378 [Veto4]:407.378 [SgUp1]:178806 [SgUp2]:176324 [SgUp3]:0 [SgUp4]:0 [SgLow1]:178366 [SgLow2]:175916 [SgLow3]:0 [SgLow4]:0 [NetMuon1]:596339 [NetMuon2]:593233 [NetMuon3]:638792 [NetMuon4]:638792
[Run]:34741 [Site]:1 [Bin]:7420 [FullTime]:3590.17 [SkipTime]:0 [Veto1]:607.209 [Veto2]:632.76 [Veto3]:406.374 [Veto4]:406.374 [SgUp1]:179572 [SgUp2]:175201 [SgUp3]:0 [SgUp4]:0 [SgLow1]:179208 [SgLow2]:174863 [SgLow3]:0 [SgLow4]:0 [NetMuon1]:596746 [NetMuon2]:591642 [NetMuon3]:637033 [NetMuon4]:637033
[Run]:34741 [Site]:1 [Bin]:7421 [FullTime]:3590.17 [SkipTime]:0 [Veto1]:634.014 [Veto2]:634.334 [Veto3]:406.003 [Veto4]:406.003 [SgUp1]:178647 [SgUp2]:175525 [SgUp3]:0 [SgUp4]:0 [SgLow1]:178170 [SgLow2]:175139 [SgLow3]:0 [SgLow4]:0 [NetMuon1]:590653 [NetMuon2]:590697 [NetMuon3]:636413 [NetMuon4]:636413
[Run]:34741 [Site]:1 [Bin]:7422 [FullTime]:3590.17 [SkipTime]:0 [Veto1]:629.201 [Veto2]:631.236 [Veto3]:405.966 [Veto4]:405.966 [SgUp1]:178747 [SgUp2]:175728 [SgUp3]:0 [SgUp4]:0 [SgLow1]:178269 [SgLow2]:175309 [SgLow3]:0 [SgLow4]:0 [NetMuon1]:591861 [NetMuon2]:591601 [NetMuon3]:636510 [NetMuon4]:636510
[Run]:34741 [Site]:1 [Bin]:7423 [FullTime]:3590.17 [SkipTime]:0 [Veto1]:624.833 [Veto2]:652.513 [Veto3]:406.999 [Veto4]:406.999 [SgUp1]:178452 [SgUp2]:174461 [SgUp3]:0 [SgUp4]:0 [SgLow1]:178012 [SgLow2]:174064 [SgLow3]:0 [SgLow4]:0 [NetMuon1]:594424 [NetMuon2]:588941 [NetMuon3]:638213 [NetMuon4]:638213
[Run]:34741 [Site]:1 [Bin]:7424 [FullTime]:3590.18 [SkipTime]:0 [Veto1]:620.829 [Veto2]:622.102 [Veto3]:407.102 [Veto4]:407.102 [SgUp1]:178722 [SgUp2]:176499 [SgUp3]:0 [SgUp4]:0 [SgLow1]:178257 [SgLow2]:176044 [SgLow3]:0 [SgLow4]:0 [NetMuon1]:595465 [NetMuon2]:595456 [NetMuon3]:638423 [NetMuon4]:638423
[Run]:34741 [Site]:1 [Bin]:7426 [FullTime]:3498.51 [SkipTime]:0 [Veto1]:630.175 [Veto2]:638.711 [Veto3]:396.932 [Veto4]:396.932 [SgUp1]:172993 [SgUp2]:169448 [SgUp3]:0 [SgUp4]:0 [SgLow1]:172590 [SgLow2]:169098 [SgLow3]:0 [SgLow4]:0 [NetMuon1]:575278 [NetMuon2]:573451 [NetMuon3]:622060 [NetMuon4]:622060
[Run]:34741 [Site]:1 [Bin]:7427 [FullTime]:3590.17 [SkipTime]:0 [Veto1]:613.085 [Veto2]:634.623 [Veto3]:406.917 [Veto4]:406.917 [SgUp1]:179844 [SgUp2]:175437 [SgUp3]:0 [SgUp4]:0 [SgLow1]:179432 [SgLow2]:174990 [SgLow3]:0 [SgLow4]:0 [NetMuon1]:596734 [NetMuon2]:592668 [NetMuon3]:637985 [NetMuon4]:637985
[Run]:34741 [Site]:1 [Bin]:7428 [FullTime]:3590.17 [SkipTime]:0 [Veto1]:610.134 [Veto2]:623.175 [Veto3]:407.145 [Veto4]:407.145 [SgUp1]:179510 [SgUp2]:175709 [SgUp3]:0 [SgUp4]:0 [SgLow1]:179101 [SgLow2]:175349 [SgLow3]:0 [SgLow4]:0 [NetMuon1]:597512 [NetMuon2]:595046 [NetMuon3]:638260 [NetMuon4]:638260
[Run]:34741 [Site]:1 [Bin]:7429 [FullTime]:3590.17 [SkipTime]:0 [Veto1]:609.782 [Veto2]:633.817 [Veto3]:407.378 [Veto4]:407.378 [SgUp1]:180198 [SgUp2]:174901 [SgUp3]:0 [SgUp4]:0 [SgLow1]:179766 [SgLow2]:174474 [SgLow3]:0 [SgLow4]:0 [NetMuon1]:598394 [NetMuon2]:593211 [NetMuon3]:639105 [NetMuon4]:639105
[Run]:34741 [Site]:1 [Bin]:7430 [FullTime]:3590.17 [SkipTime]:0 [Veto1]:612.527 [Veto2]:587.676 [Veto3]:406.963 [Veto4]:406.963 [SgUp1]:179916 [SgUp2]:178370 [SgUp3]:0 [SgUp4]:0 [SgLow1]:179472 [SgLow2]:177997 [SgLow3]:0 [SgLow4]:0 [NetMuon1]:596696 [NetMuon2]:602222 [NetMuon3]:638230 [NetMuon4]:638230
[Run]:34741 [Site]:1 [Bin]:7431 [FullTime]:3590.17 [SkipTime]:0 [Veto1]:605.825 [Veto2]:633.535 [Veto3]:407.594 [Veto4]:407.594 [SgUp1]:180712 [SgUp2]:174279 [SgUp3]:0 [SgUp4]:0 [SgLow1]:180286 [SgLow2]:173862 [SgLow3]:0 [SgLow4]:0 [NetMuon1]:599701 [NetMuon2]:594085 [NetMuon3]:639221 [NetMuon4]:639221
[Run]:34741 [Site]:1 [Bin]:7432 [FullTime]:3590.17 [SkipTime]:0 [Veto1]:607.959 [Veto2]:646.043 [Veto3]:406.953 [Veto4]:406.953 [SgUp1]:179557 [SgUp2]:174071 [SgUp3]:0 [SgUp4]:0 [SgLow1]:179110 [SgLow2]:173606 [SgLow3]:0 [SgLow4]:0 [NetMuon1]:597673 [NetMuon2]:589973 [NetMuon3]:638086 [NetMuon4]:638086
[Run]:34741 [Site]:1 [Bin]:7433 [FullTime]:3590.17 [SkipTime]:0 [Veto1]:637.572 [Veto2]:616.832 [Veto3]:407.613 [Veto4]:407.613 [SgUp1]:178572 [SgUp2]:175766 [SgUp3]:0 [SgUp4]:0 [SgLow1]:178147 [SgLow2]:175360 [SgLow3]:0 [SgLow4]:0 [NetMuon1]:592767 [NetMuon2]:597073 [NetMuon3]:639027 [NetMuon4]:639027
[Run]:34741 [Site]:1 [Bin]:7434 [FullTime]:3590.17 [SkipTime]:0 [Veto1]:606.183 [Veto2]:637.632 [Veto3]:406.884 [Veto4]:406.884 [SgUp1]:179178 [SgUp2]:175339 [SgUp3]:0 [SgUp4]:0 [SgLow1]:178748 [SgLow2]:174974 [SgLow3]:0 [SgLow4]:0 [NetMuon1]:597892 [NetMuon2]:592027 [NetMuon3]:637877 [NetMuon4]:637877
[Run]:34741 [Site]:1 [Bin]:7435 [FullTime]:3590.17 [SkipTime]:0 [Veto1]:609.172 [Veto2]:612.393 [Veto3]:406.355 [Veto4]:406.355 [SgUp1]:180299 [SgUp2]:176055 [SgUp3]:0 [SgUp4]:0 [SgLow1]:179918 [SgLow2]:175633 [SgLow3]:0 [SgLow4]:0 [NetMuon1]:596547 [NetMuon2]:596001 [NetMuon3]:637251 [NetMuon4]:637251
[Run]:34741 [Site]:1 [Bin]:7436 [FullTime]:3590.17 [SkipTime]:0 [Veto1]:621.909 [Veto2]:625.674 [Veto3]:407.728 [Veto4]:407.728 [SgUp1]:179000 [SgUp2]:176088 [SgUp3]:0 [SgUp4]:0 [SgLow1]:178479 [SgLow2]:175670 [SgLow3]:0 [SgLow4]:0 [NetMuon1]:596401 [NetMuon2]:595597 [NetMuon3]:639290 [NetMuon4]:639290
[Run]:34741 [Site]:1 [Bin]:7437 [FullTime]:3590.17 [SkipTime]:0 [Veto1]:624.61 [Veto2]:636.623 [Veto3]:407.171 [Veto4]:407.171 [SgUp1]:179012 [SgUp2]:174538 [SgUp3]:0 [SgUp4]:0 [SgLow1]:178645 [SgLow2]:174090 [SgLow3]:0 [SgLow4]:0 [NetMuon1]:594540 [NetMuon2]:592482 [NetMuon3]:638209 [NetMuon4]:638209
[Run]:34741 [Site]:1 [Bin]:7438 [FullTime]:3590.17 [SkipTime]:0 [Veto1]:640.03 [Veto2]:624.4 [Veto3]:406.772 [Veto4]:406.772 [SgUp1]:178138 [SgUp2]:176416 [SgUp3]:0 [SgUp4]:0 [SgLow1]:177690 [SgLow2]:175962 [SgLow3]:0 [SgLow4]:0 [NetMuon1]:591093 [NetMuon2]:594249 [NetMuon3]:638205 [NetMuon4]:638205
[Run]:34741 [Site]:1 [Bin]:7439 [FullTime]:3590.17 [SkipTime]:0 [Veto1]:628.809 [Veto2]:635.494 [Veto3]:406.52 [Veto4]:406.52 [SgUp1]:179178 [SgUp2]:176053 [SgUp3]:0 [SgUp4]:0 [SgLow1]:178798 [SgLow2]:175628 [SgLow3]:0 [SgLow4]:0 [NetMuon1]:592852 [NetMuon2]:591471 [NetMuon3]:637399 [NetMuon4]:637399
[Run]:34741 [Site]:1 [Bin]:7440 [FullTime]:3590.17 [SkipTime]:0 [Veto1]:621.415 [Veto2]:635.566 [Veto3]:406.241 [Veto4]:406.241 [SgUp1]:179193 [SgUp2]:175699 [SgUp3]:0 [SgUp4]:0 [SgLow1]:178706 [SgLow2]:175321 [SgLow3]:0 [SgLow4]:0 [NetMuon1]:593803 [NetMuon2]:591391 [NetMuon3]:636871 [NetMuon4]:636871
[Run]:34741 [Site]:1 [Bin]:7441 [FullTime]:3590.17 [SkipTime]:0 [Veto1]:613.341 [Veto2]:651.033 [Veto3]:406.677 [Veto4]:406.677 [SgUp1]:179688 [SgUp2]:174730 [SgUp3]:0 [SgUp4]:0 [SgLow1]:179315 [SgLow2]:174282 [SgLow3]:0 [SgLow4]:0 [NetMuon1]:596341 [NetMuon2]:588221 [NetMuon3]:637645 [NetMuon4]:637645
[Run]:34741 [Site]:1 [Bin]:7442 [FullTime]:3590.17 [SkipTime]:0 [Veto1]:627.196 [Veto2]:622.648 [Veto3]:406.653 [Veto4]:406.653 [SgUp1]:178589 [SgUp2]:176111 [SgUp3]:0 [SgUp4]:0 [SgLow1]:178177 [SgLow2]:175694 [SgLow3]:0 [SgLow4]:0 [NetMuon1]:593643 [NetMuon2]:594652 [NetMuon3]:637609 [NetMuon4]:637609
[Run]:34741 [Site]:1 [Bin]:7443 [FullTime]:3590.17 [SkipTime]:0 [Veto1]:604.97 [Veto2]:646.502 [Veto3]:406.233 [Veto4]:406.233 [SgUp1]:180188 [SgUp2]:174480 [SgUp3]:0 [SgUp4]:0 [SgLow1]:179746 [SgLow2]:174026 [SgLow3]:0 [SgLow4]:0 [NetMuon1]:596965 [NetMuon2]:589288 [NetMuon3]:637048 [NetMuon4]:637048
[Run]:34741 [Site]:1 [Bin]:7444 [FullTime]:3590.17 [SkipTime]:0 [Veto1]:625.29 [Veto2]:650.959 [Veto3]:406.908 [Veto4]:406.908 [SgUp1]:179061 [SgUp2]:175099 [SgUp3]:0 [SgUp4]:0 [SgLow1]:178666 [SgLow2]:174658 [SgLow3]:0 [SgLow4]:0 [NetMuon1]:594522 [NetMuon2]:589428 [NetMuon3]:638081 [NetMuon4]:638081
[Run]:34741 [Site]:1 [Bin]:7445 [FullTime]:3590.17 [SkipTime]:0 [Veto1]:626.934 [Veto2]:640.409 [Veto3]:406.348 [Veto4]:406.348 [SgUp1]:178023 [SgUp2]:175490 [SgUp3]:0 [SgUp4]:0 [SgLow1]:177578 [SgLow2]:175103 [SgLow3]:0 [SgLow4]:0 [NetMuon1]:592763 [NetMuon2]:590036 [NetMuon3]:636846 [NetMuon4]:636846
[Run]:34741 [Site]:1 [Bin]:7446 [FullTime]:3590.17 [SkipTime]:0 [Veto1]:634.426 [Veto2]:635.101 [Veto3]:407.239 [Veto4]:407.239 [SgUp1]:177775 [SgUp2]:174813 [SgUp3]:0 [SgUp4]:0 [SgLow1]:177347 [SgLow2]:174396 [SgLow3]:0 [SgLow4]:0 [NetMuon1]:593149 [NetMuon2]:593057 [NetMuon3]:638616 [NetMuon4]:638616
[Run]:34741 [Site]:1 [Bin]:7447 [FullTime]:3590.17 [SkipTime]:0 [Veto1]:630.406 [Veto2]:643.121 [Veto3]:407.081 [Veto4]:407.081 [SgUp1]:178660 [SgUp2]:175455 [SgUp3]:0 [SgUp4]:0 [SgLow1]:178218 [SgLow2]:174998 [SgLow3]:0 [SgLow4]:0 [NetMuon1]:593510 [NetMuon2]:590829 [NetMuon3]:638334 [NetMuon4]:638334
[Run]:34741 [Site]:1 [Bin]:7448 [FullTime]:3590.17 [SkipTime]:0 [Veto1]:639.222 [Veto2]:628.482 [Veto3]:407.177 [Veto4]:407.177 [SgUp1]:178001 [SgUp2]:176615 [SgUp3]:0 [SgUp4]:0 [SgLow1]:177552 [SgLow2]:176200 [SgLow3]:0 [SgLow4]:0 [NetMuon1]:591991 [NetMuon2]:594196 [NetMuon3]:638474 [NetMuon4]:638474
[Run]:34741 [Site]:1 [Bin]:7449 [FullTime]:3590.17 [SkipTime]:0 [Veto1]:614.367 [Veto2]:629.871 [Veto3]:407.056 [Veto4]:407.056 [SgUp1]:178935 [SgUp2]:175891 [SgUp3]:0 [SgUp4]:0 [SgLow1]:178510 [SgLow2]:175508 [SgLow3]:0 [SgLow4]:0 [NetMuon1]:597085 [NetMuon2]:593783 [NetMuon3]:638323 [NetMuon4]:638323
[Run]:34741 [Site]:1 [Bin]:7450 [FullTime]:3590.17 [SkipTime]:0 [Veto1]:603.918 [Veto2]:652.332 [Veto3]:406.141 [Veto4]:406.141 [SgUp1]:180243 [SgUp2]:173696 [SgUp3]:0 [SgUp4]:0 [SgLow1]:179819 [SgLow2]:173316 [SgLow3]:0 [SgLow4]:0 [NetMuon1]:597189 [NetMuon2]:587421 [NetMuon3]:636765 [NetMuon4]:636765
[Run]:34741 [Site]:1 [Bin]:7451 [FullTime]:3590.17 [SkipTime]:0 [Veto1]:611.712 [Veto2]:603.12 [Veto3]:406.289 [Veto4]:406.289 [SgUp1]:180626 [SgUp2]:177186 [SgUp3]:0 [SgUp4]:0 [SgLow1]:180151 [SgLow2]:176780 [SgLow3]:0 [SgLow4]:0 [NetMuon1]:595947 [NetMuon2]:597855 [NetMuon3]:637057 [NetMuon4]:637057
[Run]:34741 [Site]:1 [Bin]:7452 [FullTime]:3590.17 [SkipTime]:0 [Veto1]:630.525 [Veto2]:626.077 [Veto3]:406.088 [Veto4]:406.088 [SgUp1]:178778 [SgUp2]:174956 [SgUp3]:0 [SgUp4]:0 [SgLow1]:178332 [SgLow2]:174527 [SgLow3]:0 [SgLow4]:0 [NetMuon1]:592193 [NetMuon2]:593254 [NetMuon3]:636924 [NetMuon4]:636924
[Run]:34741 [Site]:1 [Bin]:7453 [FullTime]:3590.17 [SkipTime]:0 [Veto1]:610.943 [Veto2]:625.103 [Veto3]:406.627 [Veto4]:406.627 [SgUp1]:180098 [SgUp2]:175544 [SgUp3]:0 [SgUp4]:0 [SgLow1]:179732 [SgLow2]:175120 [SgLow3]:0 [SgLow4]:0 [NetMuon1]:597028 [NetMuon2]:594274 [NetMuon3]:637685 [NetMuon4]:637685
End process Run: 34741 ... 
[Run]:34741 [Site]:1 [Bin]:7454 [FullTime]:1911.83 [SkipTime]:0 [Veto1]:324.589 [Veto2]:321.419 [Veto3]:216.937 [Veto4]:216.937
