StreamChain add 0x10170590
Start to process run: 34548 ... 
[Run]:34548 [Site]:1 [Bin]:7346 [FullTime]:1636.29 [SkipTime]:580.321 [Veto1]:284.795 [Veto2]:291.871 [Veto3]:185.259 [Veto4]:185.259 [SgUp1]:81084 [SgUp2]:79760 [SgUp3]:0 [SgUp4]:0 [SgLow1]:80884 [SgLow2]:79569 [SgLow3]:0 [SgLow4]:0 [NetMuon1]:270641 [NetMuon2]:269301 [NetMuon3]:290498 [NetMuon4]:290498
[Run]:34548 [Site]:1 [Bin]:7347 [FullTime]:3590.17 [SkipTime]:0 [Veto1]:611.968 [Veto2]:640.77 [Veto3]:406.488 [Veto4]:406.488 [SgUp1]:179981 [SgUp2]:174654 [SgUp3]:0 [SgUp4]:0 [SgLow1]:179569 [SgLow2]:174253 [SgLow3]:0 [SgLow4]:0 [NetMuon1]:595976 [NetMuon2]:590549 [NetMuon3]:637367 [NetMuon4]:637367
[Run]:34548 [Site]:1 [Bin]:7348 [FullTime]:3005.91 [SkipTime]:584.262 [Veto1]:506.731 [Veto2]:507.676 [Veto3]:340.609 [Veto4]:340.609 [SgUp1]:150549 [SgUp2]:148236 [SgUp3]:0 [SgUp4]:0 [SgLow1]:150198 [SgLow2]:147859 [SgLow3]:0 [SgLow4]:0 [NetMuon1]:500615 [NetMuon2]:500291 [NetMuon3]:533848 [NetMuon4]:533848
[Run]:34548 [Site]:1 [Bin]:7349 [FullTime]:3590.17 [SkipTime]:0 [Veto1]:618.191 [Veto2]:632.146 [Veto3]:406.815 [Veto4]:406.815 [SgUp1]:179803 [SgUp2]:175094 [SgUp3]:0 [SgUp4]:0 [SgLow1]:179358 [SgLow2]:174707 [SgLow3]:0 [SgLow4]:0 [NetMuon1]:595916 [NetMuon2]:593083 [NetMuon3]:638053 [NetMuon4]:638053
[Run]:34548 [Site]:1 [Bin]:7350 [FullTime]:3590.17 [SkipTime]:0 [Veto1]:650.76 [Veto2]:630.318 [Veto3]:406.758 [Veto4]:406.758 [SgUp1]:177053 [SgUp2]:175976 [SgUp3]:0 [SgUp4]:0 [SgLow1]:176604 [SgLow2]:175568 [SgLow3]:0 [SgLow4]:0 [NetMuon1]:588873 [NetMuon2]:593195 [NetMuon3]:637875 [NetMuon4]:637875
[Run]:34548 [Site]:1 [Bin]:7351 [FullTime]:3590.17 [SkipTime]:0 [Veto1]:628.775 [Veto2]:617.323 [Veto3]:407.477 [Veto4]:407.477 [SgUp1]:178066 [SgUp2]:176352 [SgUp3]:0 [SgUp4]:0 [SgLow1]:177598 [SgLow2]:175966 [SgLow3]:0 [SgLow4]:0 [NetMuon1]:594567 [NetMuon2]:597075 [NetMuon3]:639004 [NetMuon4]:639004
[Run]:34548 [Site]:1 [Bin]:7352 [FullTime]:3590.17 [SkipTime]:0 [Veto1]:614.363 [Veto2]:640.476 [Veto3]:407.881 [Veto4]:407.881 [SgUp1]:179020 [SgUp2]:175078 [SgUp3]:0 [SgUp4]:0 [SgLow1]:178617 [SgLow2]:174675 [SgLow3]:0 [SgLow4]:0 [NetMuon1]:598079 [NetMuon2]:592583 [NetMuon3]:639387 [NetMuon4]:639387
[Run]:34548 [Site]:1 [Bin]:7353 [FullTime]:3590.17 [SkipTime]:0 [Veto1]:616.886 [Veto2]:646.033 [Veto3]:406.786 [Veto4]:406.786 [SgUp1]:179260 [SgUp2]:174835 [SgUp3]:0 [SgUp4]:0 [SgLow1]:178858 [SgLow2]:174453 [SgLow3]:0 [SgLow4]:0 [NetMuon1]:595802 [NetMuon2]:589998 [NetMuon3]:637771 [NetMuon4]:637771
[Run]:34548 [Site]:1 [Bin]:7354 [FullTime]:3590.17 [SkipTime]:0 [Veto1]:612.093 [Veto2]:611.405 [Veto3]:407.086 [Veto4]:407.086 [SgUp1]:179251 [SgUp2]:176718 [SgUp3]:0 [SgUp4]:0 [SgLow1]:178757 [SgLow2]:176338 [SgLow3]:0 [SgLow4]:0 [NetMuon1]:596827 [NetMuon2]:596953 [NetMuon3]:638172 [NetMuon4]:638172
[Run]:34548 [Site]:1 [Bin]:7355 [FullTime]:3590.17 [SkipTime]:0 [Veto1]:629.804 [Veto2]:602.096 [Veto3]:406.994 [Veto4]:406.994 [SgUp1]:178103 [SgUp2]:176619 [SgUp3]:0 [SgUp4]:0 [SgLow1]:177664 [SgLow2]:176235 [SgLow3]:0 [SgLow4]:0 [NetMuon1]:593079 [NetMuon2]:598800 [NetMuon3]:637800 [NetMuon4]:637800
[Run]:34548 [Site]:1 [Bin]:7356 [FullTime]:3590.17 [SkipTime]:0 [Veto1]:609.289 [Veto2]:637.596 [Veto3]:407.856 [Veto4]:407.856 [SgUp1]:179288 [SgUp2]:175424 [SgUp3]:0 [SgUp4]:0 [SgLow1]:178868 [SgLow2]:175019 [SgLow3]:0 [SgLow4]:0 [NetMuon1]:598451 [NetMuon2]:593193 [NetMuon3]:639214 [NetMuon4]:639214
[Run]:34548 [Site]:1 [Bin]:7357 [FullTime]:3590.17 [SkipTime]:0 [Veto1]:614.998 [Veto2]:629.25 [Veto3]:407.654 [Veto4]:407.654 [SgUp1]:178927 [SgUp2]:174998 [SgUp3]:0 [SgUp4]:0 [SgLow1]:178506 [SgLow2]:174611 [SgLow3]:0 [SgLow4]:0 [NetMuon1]:597110 [NetMuon2]:594506 [NetMuon3]:638954 [NetMuon4]:638954
[Run]:34548 [Site]:1 [Bin]:7358 [FullTime]:3590.17 [SkipTime]:0 [Veto1]:619.16 [Veto2]:618.151 [Veto3]:407.208 [Veto4]:407.208 [SgUp1]:179108 [SgUp2]:176457 [SgUp3]:0 [SgUp4]:0 [SgLow1]:178692 [SgLow2]:176075 [SgLow3]:0 [SgLow4]:0 [NetMuon1]:595874 [NetMuon2]:596129 [NetMuon3]:638406 [NetMuon4]:638406
[Run]:34548 [Site]:1 [Bin]:7359 [FullTime]:3590.17 [SkipTime]:0 [Veto1]:617.09 [Veto2]:612.129 [Veto3]:407.114 [Veto4]:407.114 [SgUp1]:178568 [SgUp2]:177527 [SgUp3]:0 [SgUp4]:0 [SgLow1]:178094 [SgLow2]:177158 [SgLow3]:0 [SgLow4]:0 [NetMuon1]:595701 [NetMuon2]:596918 [NetMuon3]:638138 [NetMuon4]:638138
[Run]:34548 [Site]:1 [Bin]:7360 [FullTime]:3590.17 [SkipTime]:0 [Veto1]:622.526 [Veto2]:669.304 [Veto3]:407.855 [Veto4]:407.855 [SgUp1]:178790 [SgUp2]:173174 [SgUp3]:0 [SgUp4]:0 [SgLow1]:178352 [SgLow2]:172740 [SgLow3]:0 [SgLow4]:0 [NetMuon1]:596649 [NetMuon2]:586720 [NetMuon3]:639432 [NetMuon4]:639432
[Run]:34548 [Site]:1 [Bin]:7361 [FullTime]:3590.17 [SkipTime]:0 [Veto1]:600.988 [Veto2]:630.027 [Veto3]:405.828 [Veto4]:405.828 [SgUp1]:180629 [SgUp2]:176246 [SgUp3]:0 [SgUp4]:0 [SgLow1]:180243 [SgLow2]:175861 [SgLow3]:0 [SgLow4]:0 [NetMuon1]:597477 [NetMuon2]:591515 [NetMuon3]:636505 [NetMuon4]:636505
[Run]:34548 [Site]:1 [Bin]:7362 [FullTime]:3590.17 [SkipTime]:0 [Veto1]:615.6 [Veto2]:622.854 [Veto3]:407.876 [Veto4]:407.876 [SgUp1]:179768 [SgUp2]:176361 [SgUp3]:0 [SgUp4]:0 [SgLow1]:179338 [SgLow2]:175989 [SgLow3]:0 [SgLow4]:0 [NetMuon1]:597971 [NetMuon2]:596640 [NetMuon3]:639528 [NetMuon4]:639528
[Run]:34548 [Site]:1 [Bin]:7363 [FullTime]:3590.17 [SkipTime]:0 [Veto1]:641.193 [Veto2]:637.127 [Veto3]:406.663 [Veto4]:406.663 [SgUp1]:177120 [SgUp2]:175738 [SgUp3]:0 [SgUp4]:0 [SgLow1]:176709 [SgLow2]:175373 [SgLow3]:0 [SgLow4]:0 [NetMuon1]:590523 [NetMuon2]:591338 [NetMuon3]:637401 [NetMuon4]:637401
[Run]:34548 [Site]:1 [Bin]:7364 [FullTime]:3590.17 [SkipTime]:0 [Veto1]:605.991 [Veto2]:627.569 [Veto3]:407.062 [Veto4]:407.062 [SgUp1]:180076 [SgUp2]:176303 [SgUp3]:0 [SgUp4]:0 [SgLow1]:179595 [SgLow2]:175886 [SgLow3]:0 [SgLow4]:0 [NetMuon1]:598086 [NetMuon2]:594125 [NetMuon3]:638238 [NetMuon4]:638238
[Run]:34548 [Site]:1 [Bin]:7365 [FullTime]:3590.17 [SkipTime]:0 [Veto1]:632.393 [Veto2]:647.646 [Veto3]:406.103 [Veto4]:406.103 [SgUp1]:178221 [SgUp2]:174547 [SgUp3]:0 [SgUp4]:0 [SgLow1]:177817 [SgLow2]:174129 [SgLow3]:0 [SgLow4]:0 [NetMuon1]:591763 [NetMuon2]:588561 [NetMuon3]:636752 [NetMuon4]:636752
[Run]:34548 [Site]:1 [Bin]:7366 [FullTime]:3590.17 [SkipTime]:0 [Veto1]:612.801 [Veto2]:622.419 [Veto3]:407.523 [Veto4]:407.523 [SgUp1]:179270 [SgUp2]:176076 [SgUp3]:0 [SgUp4]:0 [SgLow1]:178832 [SgLow2]:175657 [SgLow3]:0 [SgLow4]:0 [NetMuon1]:597706 [NetMuon2]:596193 [NetMuon3]:638992 [NetMuon4]:638992
[Run]:34548 [Site]:1 [Bin]:7367 [FullTime]:3590.17 [SkipTime]:0 [Veto1]:623.544 [Veto2]:625.293 [Veto3]:406.989 [Veto4]:406.989 [SgUp1]:178567 [SgUp2]:175282 [SgUp3]:0 [SgUp4]:0 [SgLow1]:178138 [SgLow2]:174886 [SgLow3]:0 [SgLow4]:0 [NetMuon1]:594463 [NetMuon2]:594693 [NetMuon3]:638185 [NetMuon4]:638185
[Run]:34548 [Site]:1 [Bin]:7368 [FullTime]:3590.17 [SkipTime]:0 [Veto1]:600.799 [Veto2]:643.894 [Veto3]:407.731 [Veto4]:407.731 [SgUp1]:180047 [SgUp2]:174632 [SgUp3]:0 [SgUp4]:0 [SgLow1]:179595 [SgLow2]:174243 [SgLow3]:0 [SgLow4]:0 [NetMuon1]:600242 [NetMuon2]:592044 [NetMuon3]:639433 [NetMuon4]:639433
[Run]:34548 [Site]:1 [Bin]:7369 [FullTime]:3590.17 [SkipTime]:0 [Veto1]:617.605 [Veto2]:638.309 [Veto3]:407.369 [Veto4]:407.369 [SgUp1]:179415 [SgUp2]:174973 [SgUp3]:0 [SgUp4]:0 [SgLow1]:179000 [SgLow2]:174550 [SgLow3]:0 [SgLow4]:0 [NetMuon1]:596377 [NetMuon2]:592098 [NetMuon3]:638692 [NetMuon4]:638692
[Run]:34548 [Site]:1 [Bin]:7370 [FullTime]:3590.17 [SkipTime]:0 [Veto1]:629.019 [Veto2]:616.923 [Veto3]:407.241 [Veto4]:407.241 [SgUp1]:177693 [SgUp2]:176285 [SgUp3]:0 [SgUp4]:0 [SgLow1]:177322 [SgLow2]:175856 [SgLow3]:0 [SgLow4]:0 [NetMuon1]:594077 [NetMuon2]:596915 [NetMuon3]:638695 [NetMuon4]:638695
[Run]:34548 [Site]:1 [Bin]:7371 [FullTime]:3590.17 [SkipTime]:0 [Veto1]:597.566 [Veto2]:625.569 [Veto3]:406.566 [Veto4]:406.566 [SgUp1]:180647 [SgUp2]:175815 [SgUp3]:0 [SgUp4]:0 [SgLow1]:180178 [SgLow2]:175403 [SgLow3]:0 [SgLow4]:0 [NetMuon1]:599962 [NetMuon2]:593931 [NetMuon3]:637901 [NetMuon4]:637901
[Run]:34548 [Site]:1 [Bin]:7372 [FullTime]:2999.41 [SkipTime]:590.755 [Veto1]:501.787 [Veto2]:527.03 [Veto3]:340.347 [Veto4]:340.347 [SgUp1]:150519 [SgUp2]:147001 [SgUp3]:0 [SgUp4]:0 [SgLow1]:150154 [SgLow2]:146692 [SgLow3]:0 [SgLow4]:0 [NetMuon1]:500883 [NetMuon2]:496439 [NetMuon3]:533657 [NetMuon4]:533657
[Run]:34548 [Site]:1 [Bin]:7373 [FullTime]:3590.17 [SkipTime]:0 [Veto1]:608.704 [Veto2]:649.607 [Veto3]:407.214 [Veto4]:407.214 [SgUp1]:179145 [SgUp2]:174384 [SgUp3]:0 [SgUp4]:0 [SgLow1]:178717 [SgLow2]:174004 [SgLow3]:0 [SgLow4]:0 [NetMuon1]:598392 [NetMuon2]:589996 [NetMuon3]:638519 [NetMuon4]:638519
[Run]:34548 [Site]:1 [Bin]:7374 [FullTime]:3590.17 [SkipTime]:0 [Veto1]:617.557 [Veto2]:632.648 [Veto3]:406.564 [Veto4]:406.564 [SgUp1]:179256 [SgUp2]:175541 [SgUp3]:0 [SgUp4]:0 [SgLow1]:178841 [SgLow2]:175174 [SgLow3]:0 [SgLow4]:0 [NetMuon1]:595365 [NetMuon2]:592395 [NetMuon3]:637796 [NetMuon4]:637796
[Run]:34548 [Site]:1 [Bin]:7375 [FullTime]:3590.17 [SkipTime]:0 [Veto1]:630.942 [Veto2]:629.863 [Veto3]:406.697 [Veto4]:406.697 [SgUp1]:179090 [SgUp2]:175598 [SgUp3]:0 [SgUp4]:0 [SgLow1]:178649 [SgLow2]:175182 [SgLow3]:0 [SgLow4]:0 [NetMuon1]:592623 [NetMuon2]:592841 [NetMuon3]:637749 [NetMuon4]:637749
[Run]:34548 [Site]:1 [Bin]:7376 [FullTime]:3590.17 [SkipTime]:0 [Veto1]:597.502 [Veto2]:616.484 [Veto3]:407.56 [Veto4]:407.56 [SgUp1]:180273 [SgUp2]:176427 [SgUp3]:0 [SgUp4]:0 [SgLow1]:179872 [SgLow2]:176011 [SgLow3]:0 [SgLow4]:0 [NetMuon1]:601068 [NetMuon2]:597095 [NetMuon3]:639005 [NetMuon4]:639005
[Run]:34548 [Site]:1 [Bin]:7377 [FullTime]:3590.17 [SkipTime]:0 [Veto1]:631.911 [Veto2]:624.602 [Veto3]:407.124 [Veto4]:407.124 [SgUp1]:178636 [SgUp2]:176321 [SgUp3]:0 [SgUp4]:0 [SgLow1]:178207 [SgLow2]:175902 [SgLow3]:0 [SgLow4]:0 [NetMuon1]:592972 [NetMuon2]:594514 [NetMuon3]:638142 [NetMuon4]:638142
[Run]:34548 [Site]:1 [Bin]:7378 [FullTime]:3590.17 [SkipTime]:0 [Veto1]:596.98 [Veto2]:631.591 [Veto3]:407.014 [Veto4]:407.014 [SgUp1]:179768 [SgUp2]:175367 [SgUp3]:0 [SgUp4]:0 [SgLow1]:179345 [SgLow2]:174951 [SgLow3]:0 [SgLow4]:0 [NetMuon1]:600513 [NetMuon2]:593790 [NetMuon3]:638446 [NetMuon4]:638446
[Run]:34548 [Site]:1 [Bin]:7379 [FullTime]:3590.17 [SkipTime]:0 [Veto1]:616.346 [Veto2]:637.926 [Veto3]:406.814 [Veto4]:406.814 [SgUp1]:179286 [SgUp2]:175504 [SgUp3]:0 [SgUp4]:0 [SgLow1]:178831 [SgLow2]:175110 [SgLow3]:0 [SgLow4]:0 [NetMuon1]:595808 [NetMuon2]:591433 [NetMuon3]:637923 [NetMuon4]:637923
[Run]:34548 [Site]:1 [Bin]:7380 [FullTime]:3590.17 [SkipTime]:0 [Veto1]:606.283 [Veto2]:632.975 [Veto3]:406.696 [Veto4]:406.696 [SgUp1]:179773 [SgUp2]:174824 [SgUp3]:0 [SgUp4]:0 [SgLow1]:179314 [SgLow2]:174369 [SgLow3]:0 [SgLow4]:0 [NetMuon1]:597674 [NetMuon2]:592235 [NetMuon3]:637662 [NetMuon4]:637662
[Run]:34548 [Site]:1 [Bin]:7381 [FullTime]:3590.17 [SkipTime]:0 [Veto1]:610.593 [Veto2]:632.659 [Veto3]:407.313 [Veto4]:407.313 [SgUp1]:179750 [SgUp2]:175342 [SgUp3]:0 [SgUp4]:0 [SgLow1]:179325 [SgLow2]:174922 [SgLow3]:0 [SgLow4]:0 [NetMuon1]:597590 [NetMuon2]:593267 [NetMuon3]:638608 [NetMuon4]:638608
[Run]:34548 [Site]:1 [Bin]:7382 [FullTime]:3590.17 [SkipTime]:0 [Veto1]:627.465 [Veto2]:638.751 [Veto3]:407.217 [Veto4]:407.217 [SgUp1]:178383 [SgUp2]:175249 [SgUp3]:0 [SgUp4]:0 [SgLow1]:177980 [SgLow2]:174803 [SgLow3]:0 [SgLow4]:0 [NetMuon1]:594734 [NetMuon2]:592226 [NetMuon3]:638623 [NetMuon4]:638623
[Run]:34548 [Site]:1 [Bin]:7383 [FullTime]:3590.17 [SkipTime]:0 [Veto1]:619.817 [Veto2]:635.229 [Veto3]:407.492 [Veto4]:407.492 [SgUp1]:179839 [SgUp2]:175325 [SgUp3]:0 [SgUp4]:0 [SgLow1]:179388 [SgLow2]:174953 [SgLow3]:0 [SgLow4]:0 [NetMuon1]:596273 [NetMuon2]:593425 [NetMuon3]:638982 [NetMuon4]:638982
[Run]:34548 [Site]:1 [Bin]:7384 [FullTime]:3590.17 [SkipTime]:0 [Veto1]:611.185 [Veto2]:632.042 [Veto3]:407.104 [Veto4]:407.104 [SgUp1]:179920 [SgUp2]:175420 [SgUp3]:0 [SgUp4]:0 [SgLow1]:179448 [SgLow2]:174988 [SgLow3]:0 [SgLow4]:0 [NetMuon1]:597682 [NetMuon2]:593061 [NetMuon3]:638344 [NetMuon4]:638344
[Run]:34548 [Site]:1 [Bin]:7385 [FullTime]:3590.17 [SkipTime]:0 [Veto1]:608.277 [Veto2]:651.249 [Veto3]:407.124 [Veto4]:407.124 [SgUp1]:178955 [SgUp2]:174341 [SgUp3]:0 [SgUp4]:0 [SgLow1]:178527 [SgLow2]:173913 [SgLow3]:0 [SgLow4]:0 [NetMuon1]:598051 [NetMuon2]:589875 [NetMuon3]:638295 [NetMuon4]:638295
[Run]:34548 [Site]:1 [Bin]:7386 [FullTime]:3590.17 [SkipTime]:0 [Veto1]:618.111 [Veto2]:627.21 [Veto3]:406.874 [Veto4]:406.874 [SgUp1]:178575 [SgUp2]:176482 [SgUp3]:0 [SgUp4]:0 [SgLow1]:178121 [SgLow2]:176112 [SgLow3]:0 [SgLow4]:0 [NetMuon1]:595918 [NetMuon2]:593923 [NetMuon3]:638159 [NetMuon4]:638159
[Run]:34548 [Site]:1 [Bin]:7387 [FullTime]:3590.17 [SkipTime]:0 [Veto1]:643.774 [Veto2]:643.569 [Veto3]:407.07 [Veto4]:407.07 [SgUp1]:178124 [SgUp2]:174177 [SgUp3]:0 [SgUp4]:0 [SgLow1]:177695 [SgLow2]:173754 [SgLow3]:0 [SgLow4]:0 [NetMuon1]:590735 [NetMuon2]:590714 [NetMuon3]:638169 [NetMuon4]:638169
[Run]:34548 [Site]:1 [Bin]:7388 [FullTime]:3590.17 [SkipTime]:0 [Veto1]:616.129 [Veto2]:620.479 [Veto3]:407.565 [Veto4]:407.565 [SgUp1]:179318 [SgUp2]:176800 [SgUp3]:0 [SgUp4]:0 [SgLow1]:178868 [SgLow2]:176382 [SgLow3]:0 [SgLow4]:0 [NetMuon1]:597053 [NetMuon2]:596628 [NetMuon3]:639067 [NetMuon4]:639067
[Run]:34548 [Site]:1 [Bin]:7389 [FullTime]:3590.17 [SkipTime]:0 [Veto1]:631.537 [Veto2]:628.813 [Veto3]:406.382 [Veto4]:406.382 [SgUp1]:178902 [SgUp2]:175613 [SgUp3]:0 [SgUp4]:0 [SgLow1]:178471 [SgLow2]:175252 [SgLow3]:0 [SgLow4]:0 [NetMuon1]:592433 [NetMuon2]:592391 [NetMuon3]:637133 [NetMuon4]:637133
End process Run: 34548 ... 
[Run]:34548 [Site]:1 [Bin]:7390 [FullTime]:2135.06 [SkipTime]:0 [Veto1]:381.593 [Veto2]:381.622 [Veto3]:242.139 [Veto4]:242.139
