StreamChain add 0x1f6257e0
Start to process run: 35803 ... 
[Run]:35803 [Site]:1 [Bin]:8305 [FullTime]:1407.13 [SkipTime]:0 [Veto1]:239.589 [Veto2]:255.257 [Veto3]:158.685 [Veto4]:158.685 [SgUp1]:69262 [SgUp2]:66967 [SgUp3]:0 [SgUp4]:0 [SgLow1]:69113 [SgLow2]:66812 [SgLow3]:0 [SgLow4]:0 [NetMuon1]:232691 [NetMuon2]:229639 [NetMuon3]:248830 [NetMuon4]:248830
[Run]:35803 [Site]:1 [Bin]:8306 [FullTime]:3590.17 [SkipTime]:0 [Veto1]:622.788 [Veto2]:601.216 [Veto3]:404.484 [Veto4]:404.484 [SgUp1]:175747 [SgUp2]:173893 [SgUp3]:0 [SgUp4]:0 [SgLow1]:175359 [SgLow2]:173483 [SgLow3]:0 [SgLow4]:0 [NetMuon1]:591280 [NetMuon2]:595154 [NetMuon3]:634502 [NetMuon4]:634502
[Run]:35803 [Site]:1 [Bin]:8307 [FullTime]:3590.17 [SkipTime]:0 [Veto1]:627.007 [Veto2]:616.381 [Veto3]:404.687 [Veto4]:404.687 [SgUp1]:176184 [SgUp2]:173593 [SgUp3]:0 [SgUp4]:0 [SgLow1]:175843 [SgLow2]:173196 [SgLow3]:0 [SgLow4]:0 [NetMuon1]:590462 [NetMuon2]:592512 [NetMuon3]:634973 [NetMuon4]:634973
[Run]:35803 [Site]:1 [Bin]:8308 [FullTime]:3590.17 [SkipTime]:0 [Veto1]:625.141 [Veto2]:605.384 [Veto3]:405.047 [Veto4]:405.047 [SgUp1]:175948 [SgUp2]:174168 [SgUp3]:0 [SgUp4]:0 [SgLow1]:175526 [SgLow2]:173832 [SgLow3]:0 [SgLow4]:0 [NetMuon1]:591747 [NetMuon2]:595658 [NetMuon3]:635569 [NetMuon4]:635569
[Run]:35803 [Site]:1 [Bin]:8309 [FullTime]:3590.17 [SkipTime]:0 [Veto1]:631.977 [Veto2]:625.269 [Veto3]:405.299 [Veto4]:405.299 [SgUp1]:174525 [SgUp2]:172493 [SgUp3]:0 [SgUp4]:0 [SgLow1]:174191 [SgLow2]:172093 [SgLow3]:0 [SgLow4]:0 [NetMuon1]:590359 [NetMuon2]:591820 [NetMuon3]:635423 [NetMuon4]:635423
[Run]:35803 [Site]:1 [Bin]:8310 [FullTime]:3590.17 [SkipTime]:0 [Veto1]:603.998 [Veto2]:618.567 [Veto3]:404.28 [Veto4]:404.28 [SgUp1]:176681 [SgUp2]:173466 [SgUp3]:0 [SgUp4]:0 [SgLow1]:176268 [SgLow2]:173046 [SgLow3]:0 [SgLow4]:0 [NetMuon1]:594453 [NetMuon2]:591409 [NetMuon3]:634017 [NetMuon4]:634017
[Run]:35803 [Site]:1 [Bin]:8311 [FullTime]:3590.17 [SkipTime]:0 [Veto1]:614.208 [Veto2]:633.744 [Veto3]:404.305 [Veto4]:404.305 [SgUp1]:176279 [SgUp2]:172439 [SgUp3]:0 [SgUp4]:0 [SgLow1]:175862 [SgLow2]:172046 [SgLow3]:0 [SgLow4]:0 [NetMuon1]:592261 [NetMuon2]:588384 [NetMuon3]:634100 [NetMuon4]:634100
[Run]:35803 [Site]:1 [Bin]:8312 [FullTime]:3590.17 [SkipTime]:0 [Veto1]:618.982 [Veto2]:632.782 [Veto3]:405.129 [Veto4]:405.129 [SgUp1]:175930 [SgUp2]:172231 [SgUp3]:0 [SgUp4]:0 [SgLow1]:175572 [SgLow2]:171831 [SgLow3]:0 [SgLow4]:0 [NetMuon1]:592779 [NetMuon2]:589950 [NetMuon3]:635475 [NetMuon4]:635475
[Run]:35803 [Site]:1 [Bin]:8313 [FullTime]:3590.17 [SkipTime]:0 [Veto1]:621.758 [Veto2]:625.116 [Veto3]:404.302 [Veto4]:404.302 [SgUp1]:176038 [SgUp2]:172854 [SgUp3]:0 [SgUp4]:0 [SgLow1]:175670 [SgLow2]:172498 [SgLow3]:0 [SgLow4]:0 [NetMuon1]:590993 [NetMuon2]:589953 [NetMuon3]:634266 [NetMuon4]:634266
[Run]:35803 [Site]:1 [Bin]:8314 [FullTime]:3590.17 [SkipTime]:0 [Veto1]:624.471 [Veto2]:612.616 [Veto3]:404.985 [Veto4]:404.985 [SgUp1]:176061 [SgUp2]:174155 [SgUp3]:0 [SgUp4]:0 [SgLow1]:175642 [SgLow2]:173737 [SgLow3]:0 [SgLow4]:0 [NetMuon1]:591596 [NetMuon2]:594350 [NetMuon3]:635406 [NetMuon4]:635406
[Run]:35803 [Site]:1 [Bin]:8315 [FullTime]:3590.17 [SkipTime]:0 [Veto1]:630.63 [Veto2]:604.795 [Veto3]:405.027 [Veto4]:405.027 [SgUp1]:175972 [SgUp2]:174253 [SgUp3]:0 [SgUp4]:0 [SgLow1]:175567 [SgLow2]:173861 [SgLow3]:0 [SgLow4]:0 [NetMuon1]:590291 [NetMuon2]:595075 [NetMuon3]:635122 [NetMuon4]:635122
[Run]:35803 [Site]:1 [Bin]:8316 [FullTime]:3590.17 [SkipTime]:0 [Veto1]:609.388 [Veto2]:626.661 [Veto3]:404.659 [Veto4]:404.659 [SgUp1]:176410 [SgUp2]:173335 [SgUp3]:0 [SgUp4]:0 [SgLow1]:176027 [SgLow2]:172926 [SgLow3]:0 [SgLow4]:0 [NetMuon1]:593594 [NetMuon2]:590725 [NetMuon3]:634776 [NetMuon4]:634776
[Run]:35803 [Site]:1 [Bin]:8317 [FullTime]:3590.17 [SkipTime]:0 [Veto1]:635.663 [Veto2]:635.124 [Veto3]:404.426 [Veto4]:404.426 [SgUp1]:174733 [SgUp2]:173073 [SgUp3]:0 [SgUp4]:0 [SgLow1]:174367 [SgLow2]:172676 [SgLow3]:0 [SgLow4]:0 [NetMuon1]:588372 [NetMuon2]:588519 [NetMuon3]:634498 [NetMuon4]:634498
[Run]:35803 [Site]:1 [Bin]:8318 [FullTime]:3590.17 [SkipTime]:0 [Veto1]:630.152 [Veto2]:628.604 [Veto3]:405.273 [Veto4]:405.273 [SgUp1]:175262 [SgUp2]:173180 [SgUp3]:0 [SgUp4]:0 [SgLow1]:174914 [SgLow2]:172812 [SgLow3]:0 [SgLow4]:0 [NetMuon1]:591129 [NetMuon2]:591109 [NetMuon3]:635928 [NetMuon4]:635928
[Run]:35803 [Site]:1 [Bin]:8319 [FullTime]:3590.17 [SkipTime]:0 [Veto1]:601.237 [Veto2]:627.188 [Veto3]:405.247 [Veto4]:405.247 [SgUp1]:177473 [SgUp2]:173659 [SgUp3]:0 [SgUp4]:0 [SgLow1]:177056 [SgLow2]:173291 [SgLow3]:0 [SgLow4]:0 [NetMuon1]:596743 [NetMuon2]:591434 [NetMuon3]:635911 [NetMuon4]:635911
[Run]:35803 [Site]:1 [Bin]:8320 [FullTime]:3590.17 [SkipTime]:0 [Veto1]:628.713 [Veto2]:625.387 [Veto3]:404.694 [Veto4]:404.694 [SgUp1]:175812 [SgUp2]:173168 [SgUp3]:0 [SgUp4]:0 [SgLow1]:175429 [SgLow2]:172788 [SgLow3]:0 [SgLow4]:0 [NetMuon1]:590549 [NetMuon2]:590884 [NetMuon3]:635010 [NetMuon4]:635010
[Run]:35803 [Site]:1 [Bin]:8321 [FullTime]:3590.17 [SkipTime]:0 [Veto1]:651.933 [Veto2]:634.801 [Veto3]:404.626 [Veto4]:404.626 [SgUp1]:174552 [SgUp2]:172594 [SgUp3]:0 [SgUp4]:0 [SgLow1]:174173 [SgLow2]:172209 [SgLow3]:0 [SgLow4]:0 [NetMuon1]:585146 [NetMuon2]:588624 [NetMuon3]:634601 [NetMuon4]:634601
[Run]:35803 [Site]:1 [Bin]:8322 [FullTime]:3590.17 [SkipTime]:0 [Veto1]:600.778 [Veto2]:629.778 [Veto3]:403.959 [Veto4]:403.959 [SgUp1]:178278 [SgUp2]:173100 [SgUp3]:0 [SgUp4]:0 [SgLow1]:177877 [SgLow2]:172695 [SgLow3]:0 [SgLow4]:0 [NetMuon1]:594753 [NetMuon2]:588784 [NetMuon3]:633750 [NetMuon4]:633750
[Run]:35803 [Site]:1 [Bin]:8323 [FullTime]:3590.17 [SkipTime]:0 [Veto1]:611.074 [Veto2]:614.234 [Veto3]:405.317 [Veto4]:405.317 [SgUp1]:176623 [SgUp2]:173901 [SgUp3]:0 [SgUp4]:0 [SgLow1]:176191 [SgLow2]:173511 [SgLow3]:0 [SgLow4]:0 [NetMuon1]:594719 [NetMuon2]:594184 [NetMuon3]:635729 [NetMuon4]:635729
[Run]:35803 [Site]:1 [Bin]:8324 [FullTime]:3590.17 [SkipTime]:0 [Veto1]:609.104 [Veto2]:633.411 [Veto3]:404.742 [Veto4]:404.742 [SgUp1]:176261 [SgUp2]:172900 [SgUp3]:0 [SgUp4]:0 [SgLow1]:175926 [SgLow2]:172537 [SgLow3]:0 [SgLow4]:0 [NetMuon1]:594353 [NetMuon2]:588894 [NetMuon3]:634630 [NetMuon4]:634630
[Run]:35803 [Site]:1 [Bin]:8325 [FullTime]:3590.17 [SkipTime]:0 [Veto1]:628.408 [Veto2]:642.585 [Veto3]:404.844 [Veto4]:404.844 [SgUp1]:175307 [SgUp2]:172671 [SgUp3]:0 [SgUp4]:0 [SgLow1]:174896 [SgLow2]:172315 [SgLow3]:0 [SgLow4]:0 [NetMuon1]:590331 [NetMuon2]:587745 [NetMuon3]:635077 [NetMuon4]:635077
[Run]:35803 [Site]:1 [Bin]:8326 [FullTime]:3590.17 [SkipTime]:0 [Veto1]:596.347 [Veto2]:624.308 [Veto3]:404.579 [Veto4]:404.579 [SgUp1]:177218 [SgUp2]:173014 [SgUp3]:0 [SgUp4]:0 [SgLow1]:176882 [SgLow2]:172635 [SgLow3]:0 [SgLow4]:0 [NetMuon1]:596809 [NetMuon2]:590927 [NetMuon3]:634689 [NetMuon4]:634689
[Run]:35803 [Site]:1 [Bin]:8327 [FullTime]:3590.17 [SkipTime]:0 [Veto1]:619.454 [Veto2]:605.883 [Veto3]:404.742 [Veto4]:404.742 [SgUp1]:175891 [SgUp2]:173765 [SgUp3]:0 [SgUp4]:0 [SgLow1]:175539 [SgLow2]:173340 [SgLow3]:0 [SgLow4]:0 [NetMuon1]:592022 [NetMuon2]:595008 [NetMuon3]:635022 [NetMuon4]:635022
[Run]:35803 [Site]:1 [Bin]:8328 [FullTime]:3590.17 [SkipTime]:0 [Veto1]:631.41 [Veto2]:618.805 [Veto3]:404.631 [Veto4]:404.631 [SgUp1]:175798 [SgUp2]:173569 [SgUp3]:0 [SgUp4]:0 [SgLow1]:175408 [SgLow2]:173208 [SgLow3]:0 [SgLow4]:0 [NetMuon1]:589529 [NetMuon2]:591948 [NetMuon3]:634787 [NetMuon4]:634787
[Run]:35803 [Site]:1 [Bin]:8329 [FullTime]:3590.17 [SkipTime]:0 [Veto1]:605.031 [Veto2]:612.177 [Veto3]:403.829 [Veto4]:403.829 [SgUp1]:176400 [SgUp2]:173145 [SgUp3]:0 [SgUp4]:0 [SgLow1]:176040 [SgLow2]:172814 [SgLow3]:0 [SgLow4]:0 [NetMuon1]:593567 [NetMuon2]:592358 [NetMuon3]:633716 [NetMuon4]:633716
[Run]:35803 [Site]:1 [Bin]:8330 [FullTime]:3590.17 [SkipTime]:0 [Veto1]:612.946 [Veto2]:623.242 [Veto3]:404.953 [Veto4]:404.953 [SgUp1]:176441 [SgUp2]:173362 [SgUp3]:0 [SgUp4]:0 [SgLow1]:176091 [SgLow2]:172964 [SgLow3]:0 [SgLow4]:0 [NetMuon1]:594102 [NetMuon2]:591582 [NetMuon3]:635191 [NetMuon4]:635191
[Run]:35803 [Site]:1 [Bin]:8331 [FullTime]:3590.17 [SkipTime]:0 [Veto1]:604.626 [Veto2]:625.19 [Veto3]:404.373 [Veto4]:404.373 [SgUp1]:176974 [SgUp2]:172635 [SgUp3]:0 [SgUp4]:0 [SgLow1]:176567 [SgLow2]:172244 [SgLow3]:0 [SgLow4]:0 [NetMuon1]:594290 [NetMuon2]:590579 [NetMuon3]:634521 [NetMuon4]:634521
[Run]:35803 [Site]:1 [Bin]:8332 [FullTime]:3590.17 [SkipTime]:0 [Veto1]:622.896 [Veto2]:631.119 [Veto3]:404.817 [Veto4]:404.817 [SgUp1]:176311 [SgUp2]:172294 [SgUp3]:0 [SgUp4]:0 [SgLow1]:175912 [SgLow2]:171914 [SgLow3]:0 [SgLow4]:0 [NetMuon1]:591557 [NetMuon2]:590173 [NetMuon3]:635152 [NetMuon4]:635152
[Run]:35803 [Site]:1 [Bin]:8333 [FullTime]:3590.17 [SkipTime]:0 [Veto1]:620.273 [Veto2]:642.99 [Veto3]:404.202 [Veto4]:404.202 [SgUp1]:176065 [SgUp2]:172002 [SgUp3]:0 [SgUp4]:0 [SgLow1]:175704 [SgLow2]:171632 [SgLow3]:0 [SgLow4]:0 [NetMuon1]:591113 [NetMuon2]:586275 [NetMuon3]:634017 [NetMuon4]:634017
[Run]:35803 [Site]:1 [Bin]:8334 [FullTime]:3590.17 [SkipTime]:0 [Veto1]:624.914 [Veto2]:616.988 [Veto3]:404.87 [Veto4]:404.87 [SgUp1]:176300 [SgUp2]:172849 [SgUp3]:0 [SgUp4]:0 [SgLow1]:175903 [SgLow2]:172477 [SgLow3]:0 [SgLow4]:0 [NetMuon1]:591240 [NetMuon2]:592529 [NetMuon3]:634946 [NetMuon4]:634946
[Run]:35803 [Site]:1 [Bin]:8335 [FullTime]:3590.17 [SkipTime]:0 [Veto1]:602.263 [Veto2]:617.529 [Veto3]:404.635 [Veto4]:404.635 [SgUp1]:176610 [SgUp2]:173869 [SgUp3]:0 [SgUp4]:0 [SgLow1]:176230 [SgLow2]:173452 [SgLow3]:0 [SgLow4]:0 [NetMuon1]:594835 [NetMuon2]:592574 [NetMuon3]:634738 [NetMuon4]:634738
[Run]:35803 [Site]:1 [Bin]:8336 [FullTime]:3590.17 [SkipTime]:0 [Veto1]:632.092 [Veto2]:624.208 [Veto3]:405.491 [Veto4]:405.491 [SgUp1]:175948 [SgUp2]:173167 [SgUp3]:0 [SgUp4]:0 [SgLow1]:175527 [SgLow2]:172746 [SgLow3]:0 [SgLow4]:0 [NetMuon1]:590494 [NetMuon2]:592236 [NetMuon3]:635943 [NetMuon4]:635943
[Run]:35803 [Site]:1 [Bin]:8337 [FullTime]:3590.17 [SkipTime]:0 [Veto1]:631.787 [Veto2]:606.012 [Veto3]:404.481 [Veto4]:404.481 [SgUp1]:175424 [SgUp2]:172950 [SgUp3]:0 [SgUp4]:0 [SgLow1]:175034 [SgLow2]:172579 [SgLow3]:0 [SgLow4]:0 [NetMuon1]:589577 [NetMuon2]:594827 [NetMuon3]:634598 [NetMuon4]:634598
[Run]:35803 [Site]:1 [Bin]:8338 [FullTime]:3590.17 [SkipTime]:0 [Veto1]:626.934 [Veto2]:613.61 [Veto3]:405.222 [Veto4]:405.222 [SgUp1]:176155 [SgUp2]:173019 [SgUp3]:0 [SgUp4]:0 [SgLow1]:175796 [SgLow2]:172647 [SgLow3]:0 [SgLow4]:0 [NetMuon1]:591178 [NetMuon2]:594079 [NetMuon3]:635452 [NetMuon4]:635452
[Run]:35803 [Site]:1 [Bin]:8339 [FullTime]:3590.17 [SkipTime]:0 [Veto1]:608.787 [Veto2]:642.746 [Veto3]:405.146 [Veto4]:405.146 [SgUp1]:178371 [SgUp2]:171458 [SgUp3]:0 [SgUp4]:0 [SgLow1]:177957 [SgLow2]:171073 [SgLow3]:0 [SgLow4]:0 [NetMuon1]:595257 [NetMuon2]:587887 [NetMuon3]:635583 [NetMuon4]:635583
[Run]:35803 [Site]:1 [Bin]:8340 [FullTime]:3590.17 [SkipTime]:0 [Veto1]:632.055 [Veto2]:628.36 [Veto3]:405.419 [Veto4]:405.419 [SgUp1]:176169 [SgUp2]:172221 [SgUp3]:0 [SgUp4]:0 [SgLow1]:175808 [SgLow2]:171873 [SgLow3]:0 [SgLow4]:0 [NetMuon1]:590829 [NetMuon2]:591504 [NetMuon3]:635911 [NetMuon4]:635911
[Run]:35803 [Site]:1 [Bin]:8341 [FullTime]:3590.17 [SkipTime]:0 [Veto1]:622.233 [Veto2]:634.292 [Veto3]:404.66 [Veto4]:404.66 [SgUp1]:175782 [SgUp2]:172414 [SgUp3]:0 [SgUp4]:0 [SgLow1]:175444 [SgLow2]:172013 [SgLow3]:0 [SgLow4]:0 [NetMuon1]:591214 [NetMuon2]:588907 [NetMuon3]:634722 [NetMuon4]:634722
[Run]:35803 [Site]:1 [Bin]:8342 [FullTime]:3590.17 [SkipTime]:0 [Veto1]:621.052 [Veto2]:637.996 [Veto3]:405.875 [Veto4]:405.875 [SgUp1]:175331 [SgUp2]:171682 [SgUp3]:0 [SgUp4]:0 [SgLow1]:174978 [SgLow2]:171306 [SgLow3]:0 [SgLow4]:0 [NetMuon1]:593629 [NetMuon2]:590171 [NetMuon3]:636334 [NetMuon4]:636334
[Run]:35803 [Site]:1 [Bin]:8343 [FullTime]:3590.17 [SkipTime]:0 [Veto1]:617.567 [Veto2]:645.371 [Veto3]:405.248 [Veto4]:405.248 [SgUp1]:175918 [SgUp2]:171442 [SgUp3]:0 [SgUp4]:0 [SgLow1]:175555 [SgLow2]:171071 [SgLow3]:0 [SgLow4]:0 [NetMuon1]:593327 [NetMuon2]:587859 [NetMuon3]:635603 [NetMuon4]:635603
[Run]:35803 [Site]:1 [Bin]:8344 [FullTime]:3590.17 [SkipTime]:0 [Veto1]:603.906 [Veto2]:651.551 [Veto3]:405.208 [Veto4]:405.208 [SgUp1]:175789 [SgUp2]:171410 [SgUp3]:0 [SgUp4]:0 [SgLow1]:175419 [SgLow2]:171044 [SgLow3]:0 [SgLow4]:0 [NetMuon1]:596632 [NetMuon2]:586318 [NetMuon3]:635875 [NetMuon4]:635875
[Run]:35803 [Site]:1 [Bin]:8345 [FullTime]:3590.17 [SkipTime]:0 [Veto1]:646.449 [Veto2]:629.542 [Veto3]:404.767 [Veto4]:404.767 [SgUp1]:174853 [SgUp2]:172543 [SgUp3]:0 [SgUp4]:0 [SgLow1]:174426 [SgLow2]:172159 [SgLow3]:0 [SgLow4]:0 [NetMuon1]:586629 [NetMuon2]:589975 [NetMuon3]:634900 [NetMuon4]:634900
[Run]:35803 [Site]:1 [Bin]:8346 [FullTime]:3590.17 [SkipTime]:0 [Veto1]:605.998 [Veto2]:622.493 [Veto3]:405.051 [Veto4]:405.051 [SgUp1]:175804 [SgUp2]:173164 [SgUp3]:0 [SgUp4]:0 [SgLow1]:175419 [SgLow2]:172711 [SgLow3]:0 [SgLow4]:0 [NetMuon1]:595332 [NetMuon2]:591873 [NetMuon3]:635303 [NetMuon4]:635303
[Run]:35803 [Site]:1 [Bin]:8347 [FullTime]:3590.17 [SkipTime]:0 [Veto1]:618.935 [Veto2]:626.398 [Veto3]:404.56 [Veto4]:404.56 [SgUp1]:174550 [SgUp2]:172772 [SgUp3]:0 [SgUp4]:0 [SgLow1]:174147 [SgLow2]:172372 [SgLow3]:0 [SgLow4]:0 [NetMuon1]:591855 [NetMuon2]:590313 [NetMuon3]:634568 [NetMuon4]:634568
[Run]:35803 [Site]:1 [Bin]:8348 [FullTime]:3590.17 [SkipTime]:0 [Veto1]:623.574 [Veto2]:629.499 [Veto3]:404.754 [Veto4]:404.754 [SgUp1]:175379 [SgUp2]:172867 [SgUp3]:0 [SgUp4]:0 [SgLow1]:175031 [SgLow2]:172526 [SgLow3]:0 [SgLow4]:0 [NetMuon1]:591253 [NetMuon2]:590282 [NetMuon3]:634898 [NetMuon4]:634898
[Run]:35803 [Site]:1 [Bin]:8349 [FullTime]:3590.17 [SkipTime]:0 [Veto1]:635.819 [Veto2]:622.537 [Veto3]:405.813 [Veto4]:405.813 [SgUp1]:174598 [SgUp2]:173981 [SgUp3]:0 [SgUp4]:0 [SgLow1]:174186 [SgLow2]:173626 [SgLow3]:0 [SgLow4]:0 [NetMuon1]:590197 [NetMuon2]:593271 [NetMuon3]:636474 [NetMuon4]:636474
[Run]:35803 [Site]:1 [Bin]:8350 [FullTime]:3590.17 [SkipTime]:0 [Veto1]:619.37 [Veto2]:627.192 [Veto3]:404.621 [Veto4]:404.621 [SgUp1]:176449 [SgUp2]:172740 [SgUp3]:0 [SgUp4]:0 [SgLow1]:176044 [SgLow2]:172329 [SgLow3]:0 [SgLow4]:0 [NetMuon1]:591888 [NetMuon2]:590167 [NetMuon3]:634618 [NetMuon4]:634618
[Run]:35803 [Site]:1 [Bin]:8351 [FullTime]:3590.17 [SkipTime]:0 [Veto1]:626.489 [Veto2]:641.212 [Veto3]:404.897 [Veto4]:404.897 [SgUp1]:175051 [SgUp2]:171476 [SgUp3]:0 [SgUp4]:0 [SgLow1]:174716 [SgLow2]:171083 [SgLow3]:0 [SgLow4]:0 [NetMuon1]:591059 [NetMuon2]:588506 [NetMuon3]:635209 [NetMuon4]:635209
[Run]:35803 [Site]:1 [Bin]:8352 [FullTime]:3590.17 [SkipTime]:0 [Veto1]:603.188 [Veto2]:633.912 [Veto3]:405.028 [Veto4]:405.028 [SgUp1]:176808 [SgUp2]:171591 [SgUp3]:0 [SgUp4]:0 [SgLow1]:176395 [SgLow2]:171156 [SgLow3]:0 [SgLow4]:0 [NetMuon1]:595867 [NetMuon2]:589433 [NetMuon3]:635179 [NetMuon4]:635179
[Run]:35803 [Site]:1 [Bin]:8353 [FullTime]:3590.17 [SkipTime]:0 [Veto1]:617.325 [Veto2]:631.296 [Veto3]:404.358 [Veto4]:404.358 [SgUp1]:176117 [SgUp2]:172250 [SgUp3]:0 [SgUp4]:0 [SgLow1]:175728 [SgLow2]:171872 [SgLow3]:0 [SgLow4]:0 [NetMuon1]:591805 [NetMuon2]:588731 [NetMuon3]:634029 [NetMuon4]:634029
End process Run: 35803 ... 
[Run]:35803 [Site]:1 [Bin]:8354 [FullTime]:2383.73 [SkipTime]:0 [Veto1]:393.855 [Veto2]:413.626 [Veto3]:269.315 [Veto4]:269.315
