StreamChain add 0xf6297e0
Start to process run: 36941 ... 
[Run]:36941 [Site]:1 [Bin]:9436 [FullTime]:896.745 [SkipTime]:0 [Veto1]:152.162 [Veto2]:160.534 [Veto3]:100.566 [Veto4]:100.566 [SgUp1]:44475 [SgUp2]:42925 [SgUp3]:0 [SgUp4]:0 [SgLow1]:44381 [SgLow2]:42824 [SgLow3]:0 [SgLow4]:0 [NetMuon1]:147500 [NetMuon2]:145746 [NetMuon3]:157633 [NetMuon4]:157633
[Run]:36941 [Site]:1 [Bin]:9437 [FullTime]:3590.17 [SkipTime]:0 [Veto1]:608.041 [Veto2]:626.207 [Veto3]:403.963 [Veto4]:403.963 [SgUp1]:176407 [SgUp2]:172623 [SgUp3]:0 [SgUp4]:0 [SgLow1]:176024 [SgLow2]:172311 [SgLow3]:0 [SgLow4]:0 [NetMuon1]:593925 [NetMuon2]:589880 [NetMuon3]:634332 [NetMuon4]:634332
[Run]:36941 [Site]:1 [Bin]:9438 [FullTime]:3590.17 [SkipTime]:0 [Veto1]:621.699 [Veto2]:618.625 [Veto3]:403.496 [Veto4]:403.496 [SgUp1]:175563 [SgUp2]:172618 [SgUp3]:0 [SgUp4]:0 [SgLow1]:175169 [SgLow2]:172234 [SgLow3]:0 [SgLow4]:0 [NetMuon1]:589731 [NetMuon2]:590770 [NetMuon3]:633056 [NetMuon4]:633056
[Run]:36941 [Site]:1 [Bin]:9439 [FullTime]:3590.17 [SkipTime]:0 [Veto1]:616.018 [Veto2]:651.404 [Veto3]:404.287 [Veto4]:404.287 [SgUp1]:175939 [SgUp2]:171035 [SgUp3]:0 [SgUp4]:0 [SgLow1]:175606 [SgLow2]:170665 [SgLow3]:0 [SgLow4]:0 [NetMuon1]:592411 [NetMuon2]:585071 [NetMuon3]:634501 [NetMuon4]:634501
[Run]:36941 [Site]:1 [Bin]:9440 [FullTime]:3590.17 [SkipTime]:0 [Veto1]:621.143 [Veto2]:621.208 [Veto3]:402.892 [Veto4]:402.892 [SgUp1]:176085 [SgUp2]:173010 [SgUp3]:0 [SgUp4]:0 [SgLow1]:175699 [SgLow2]:172635 [SgLow3]:0 [SgLow4]:0 [NetMuon1]:589131 [NetMuon2]:588861 [NetMuon3]:632265 [NetMuon4]:632265
[Run]:36941 [Site]:1 [Bin]:9441 [FullTime]:3590.17 [SkipTime]:0 [Veto1]:632.707 [Veto2]:650.566 [Veto3]:404.378 [Veto4]:404.378 [SgUp1]:174881 [SgUp2]:171532 [SgUp3]:0 [SgUp4]:0 [SgLow1]:174505 [SgLow2]:171167 [SgLow3]:0 [SgLow4]:0 [NetMuon1]:589043 [NetMuon2]:585560 [NetMuon3]:634466 [NetMuon4]:634466
[Run]:36941 [Site]:1 [Bin]:9442 [FullTime]:3590.17 [SkipTime]:0 [Veto1]:643.93 [Veto2]:633.406 [Veto3]:404.532 [Veto4]:404.532 [SgUp1]:174263 [SgUp2]:171805 [SgUp3]:0 [SgUp4]:0 [SgLow1]:173873 [SgLow2]:171453 [SgLow3]:0 [SgLow4]:0 [NetMuon1]:586352 [NetMuon2]:588690 [NetMuon3]:634189 [NetMuon4]:634189
[Run]:36941 [Site]:1 [Bin]:9443 [FullTime]:3590.17 [SkipTime]:0 [Veto1]:616.436 [Veto2]:626.251 [Veto3]:403.871 [Veto4]:403.871 [SgUp1]:175733 [SgUp2]:171899 [SgUp3]:0 [SgUp4]:0 [SgLow1]:175367 [SgLow2]:171503 [SgLow3]:0 [SgLow4]:0 [NetMuon1]:591533 [NetMuon2]:589583 [NetMuon3]:633627 [NetMuon4]:633627
[Run]:36941 [Site]:1 [Bin]:9444 [FullTime]:3590.17 [SkipTime]:0 [Veto1]:625.952 [Veto2]:632.784 [Veto3]:404.475 [Veto4]:404.475 [SgUp1]:174866 [SgUp2]:171546 [SgUp3]:0 [SgUp4]:0 [SgLow1]:174453 [SgLow2]:171172 [SgLow3]:0 [SgLow4]:0 [NetMuon1]:590598 [NetMuon2]:589265 [NetMuon3]:634418 [NetMuon4]:634418
[Run]:36941 [Site]:1 [Bin]:9445 [FullTime]:3590.17 [SkipTime]:0 [Veto1]:629.625 [Veto2]:601.064 [Veto3]:404.037 [Veto4]:404.037 [SgUp1]:175307 [SgUp2]:173824 [SgUp3]:0 [SgUp4]:0 [SgLow1]:174929 [SgLow2]:173468 [SgLow3]:0 [SgLow4]:0 [NetMuon1]:588918 [NetMuon2]:594562 [NetMuon3]:633934 [NetMuon4]:633934
[Run]:36941 [Site]:1 [Bin]:9446 [FullTime]:3590.17 [SkipTime]:0 [Veto1]:632.573 [Veto2]:607.87 [Veto3]:403.833 [Veto4]:403.833 [SgUp1]:174741 [SgUp2]:173487 [SgUp3]:0 [SgUp4]:0 [SgLow1]:174363 [SgLow2]:173148 [SgLow3]:0 [SgLow4]:0 [NetMuon1]:588289 [NetMuon2]:593188 [NetMuon3]:633664 [NetMuon4]:633664
[Run]:36941 [Site]:1 [Bin]:9447 [FullTime]:3590.17 [SkipTime]:0 [Veto1]:608.774 [Veto2]:599.243 [Veto3]:404.563 [Veto4]:404.563 [SgUp1]:175558 [SgUp2]:173334 [SgUp3]:0 [SgUp4]:0 [SgLow1]:175222 [SgLow2]:172920 [SgLow3]:0 [SgLow4]:0 [NetMuon1]:594418 [NetMuon2]:596106 [NetMuon3]:634899 [NetMuon4]:634899
[Run]:36941 [Site]:1 [Bin]:9448 [FullTime]:3590.17 [SkipTime]:0 [Veto1]:629.512 [Veto2]:629.718 [Veto3]:403.281 [Veto4]:403.281 [SgUp1]:175448 [SgUp2]:171809 [SgUp3]:0 [SgUp4]:0 [SgLow1]:175089 [SgLow2]:171419 [SgLow3]:0 [SgLow4]:0 [NetMuon1]:587901 [NetMuon2]:587935 [NetMuon3]:632779 [NetMuon4]:632779
[Run]:36941 [Site]:1 [Bin]:9449 [FullTime]:3590.17 [SkipTime]:0 [Veto1]:622.478 [Veto2]:610.815 [Veto3]:404.054 [Veto4]:404.054 [SgUp1]:175293 [SgUp2]:173143 [SgUp3]:0 [SgUp4]:0 [SgLow1]:174849 [SgLow2]:172702 [SgLow3]:0 [SgLow4]:0 [NetMuon1]:590085 [NetMuon2]:592298 [NetMuon3]:633818 [NetMuon4]:633818
[Run]:36941 [Site]:1 [Bin]:9450 [FullTime]:3590.17 [SkipTime]:0 [Veto1]:621.485 [Veto2]:629.558 [Veto3]:404.804 [Veto4]:404.804 [SgUp1]:175491 [SgUp2]:171939 [SgUp3]:0 [SgUp4]:0 [SgLow1]:175103 [SgLow2]:171577 [SgLow3]:0 [SgLow4]:0 [NetMuon1]:591825 [NetMuon2]:590468 [NetMuon3]:634929 [NetMuon4]:634929
[Run]:36941 [Site]:1 [Bin]:9451 [FullTime]:3590.17 [SkipTime]:0 [Veto1]:606.404 [Veto2]:651.651 [Veto3]:404.016 [Veto4]:404.016 [SgUp1]:176721 [SgUp2]:170678 [SgUp3]:0 [SgUp4]:0 [SgLow1]:176336 [SgLow2]:170332 [SgLow3]:0 [SgLow4]:0 [NetMuon1]:593532 [NetMuon2]:584634 [NetMuon3]:633803 [NetMuon4]:633803
[Run]:36941 [Site]:1 [Bin]:9452 [FullTime]:3590.17 [SkipTime]:0 [Veto1]:596.294 [Veto2]:607.921 [Veto3]:404.374 [Veto4]:404.374 [SgUp1]:177507 [SgUp2]:172605 [SgUp3]:0 [SgUp4]:0 [SgLow1]:177087 [SgLow2]:172235 [SgLow3]:0 [SgLow4]:0 [NetMuon1]:596527 [NetMuon2]:594166 [NetMuon3]:634674 [NetMuon4]:634674
[Run]:36941 [Site]:1 [Bin]:9453 [FullTime]:3590.17 [SkipTime]:0 [Veto1]:611.89 [Veto2]:607.936 [Veto3]:404.834 [Veto4]:404.834 [SgUp1]:176760 [SgUp2]:174043 [SgUp3]:0 [SgUp4]:0 [SgLow1]:176328 [SgLow2]:173604 [SgLow3]:0 [SgLow4]:0 [NetMuon1]:593750 [NetMuon2]:594480 [NetMuon3]:635229 [NetMuon4]:635229
[Run]:36941 [Site]:1 [Bin]:9454 [FullTime]:3590.17 [SkipTime]:0 [Veto1]:609.637 [Veto2]:610.51 [Veto3]:404.429 [Veto4]:404.429 [SgUp1]:176293 [SgUp2]:174010 [SgUp3]:0 [SgUp4]:0 [SgLow1]:175946 [SgLow2]:173644 [SgLow3]:0 [SgLow4]:0 [NetMuon1]:593912 [NetMuon2]:593278 [NetMuon3]:634646 [NetMuon4]:634646
[Run]:36941 [Site]:1 [Bin]:9455 [FullTime]:3590.17 [SkipTime]:0 [Veto1]:620.487 [Veto2]:642.485 [Veto3]:403.813 [Veto4]:403.813 [SgUp1]:175806 [SgUp2]:172011 [SgUp3]:0 [SgUp4]:0 [SgLow1]:175410 [SgLow2]:171659 [SgLow3]:0 [SgLow4]:0 [NetMuon1]:590543 [NetMuon2]:586146 [NetMuon3]:633624 [NetMuon4]:633624
[Run]:36941 [Site]:1 [Bin]:9456 [FullTime]:3590.17 [SkipTime]:0 [Veto1]:608.922 [Veto2]:626.537 [Veto3]:404.841 [Veto4]:404.841 [SgUp1]:176128 [SgUp2]:172530 [SgUp3]:0 [SgUp4]:0 [SgLow1]:175718 [SgLow2]:172124 [SgLow3]:0 [SgLow4]:0 [NetMuon1]:594751 [NetMuon2]:591035 [NetMuon3]:635195 [NetMuon4]:635195
[Run]:36941 [Site]:1 [Bin]:9457 [FullTime]:3590.17 [SkipTime]:0 [Veto1]:620.007 [Veto2]:612.489 [Veto3]:404.162 [Veto4]:404.162 [SgUp1]:175833 [SgUp2]:172507 [SgUp3]:0 [SgUp4]:0 [SgLow1]:175457 [SgLow2]:172082 [SgLow3]:0 [SgLow4]:0 [NetMuon1]:591610 [NetMuon2]:592727 [NetMuon3]:634052 [NetMuon4]:634052
End process Run: 36941 ... 
[Run]:36941 [Site]:1 [Bin]:9458 [FullTime]:3410.42 [SkipTime]:0 [Veto1]:612.51 [Veto2]:615.896 [Veto3]:383.417 [Veto4]:383.417
