StreamChain add 0x41b27e0
Start to process run: 36394 ... 
[Run]:36394 [Site]:1 [Bin]:8762 [FullTime]:2368.85 [SkipTime]:0 [Veto1]:402.195 [Veto2]:413.432 [Veto3]:266.947 [Veto4]:266.947 [SgUp1]:116246 [SgUp2]:113262 [SgUp3]:0 [SgUp4]:0 [SgLow1]:115982 [SgLow2]:113017 [SgLow3]:0 [SgLow4]:0 [NetMuon1]:391838 [NetMuon2]:389424 [NetMuon3]:418735 [NetMuon4]:418735
[Run]:36394 [Site]:1 [Bin]:8763 [FullTime]:3590.17 [SkipTime]:0 [Veto1]:594.58 [Veto2]:624.813 [Veto3]:404.276 [Veto4]:404.276 [SgUp1]:176882 [SgUp2]:172801 [SgUp3]:0 [SgUp4]:0 [SgLow1]:176507 [SgLow2]:172398 [SgLow3]:0 [SgLow4]:0 [NetMuon1]:596633 [NetMuon2]:590392 [NetMuon3]:634411 [NetMuon4]:634411
[Run]:36394 [Site]:1 [Bin]:8764 [FullTime]:3590.17 [SkipTime]:0 [Veto1]:622.826 [Veto2]:607.641 [Veto3]:405.524 [Veto4]:405.524 [SgUp1]:175616 [SgUp2]:172971 [SgUp3]:0 [SgUp4]:0 [SgLow1]:175210 [SgLow2]:172596 [SgLow3]:0 [SgLow4]:0 [NetMuon1]:592553 [NetMuon2]:595320 [NetMuon3]:636084 [NetMuon4]:636084
[Run]:36394 [Site]:1 [Bin]:8765 [FullTime]:3590.17 [SkipTime]:0 [Veto1]:623.455 [Veto2]:642.368 [Veto3]:405.337 [Veto4]:405.337 [SgUp1]:175218 [SgUp2]:172491 [SgUp3]:0 [SgUp4]:0 [SgLow1]:174792 [SgLow2]:172086 [SgLow3]:0 [SgLow4]:0 [NetMuon1]:592296 [NetMuon2]:588543 [NetMuon3]:635770 [NetMuon4]:635770
[Run]:36394 [Site]:1 [Bin]:8766 [FullTime]:3590.17 [SkipTime]:0 [Veto1]:643.911 [Veto2]:618.869 [Veto3]:405.068 [Veto4]:405.068 [SgUp1]:174237 [SgUp2]:172622 [SgUp3]:0 [SgUp4]:0 [SgLow1]:173866 [SgLow2]:172242 [SgLow3]:0 [SgLow4]:0 [NetMuon1]:587498 [NetMuon2]:592606 [NetMuon3]:635313 [NetMuon4]:635313
[Run]:36394 [Site]:1 [Bin]:8767 [FullTime]:3590.17 [SkipTime]:0 [Veto1]:646.485 [Veto2]:633.461 [Veto3]:405.144 [Veto4]:405.144 [SgUp1]:174103 [SgUp2]:172335 [SgUp3]:0 [SgUp4]:0 [SgLow1]:173694 [SgLow2]:171954 [SgLow3]:0 [SgLow4]:0 [NetMuon1]:586901 [NetMuon2]:590128 [NetMuon3]:635617 [NetMuon4]:635617
[Run]:36394 [Site]:1 [Bin]:8768 [FullTime]:3590.17 [SkipTime]:0 [Veto1]:628.532 [Veto2]:628.961 [Veto3]:404.97 [Veto4]:404.97 [SgUp1]:175506 [SgUp2]:172272 [SgUp3]:0 [SgUp4]:0 [SgLow1]:175135 [SgLow2]:171932 [SgLow3]:0 [SgLow4]:0 [NetMuon1]:590307 [NetMuon2]:590489 [NetMuon3]:635146 [NetMuon4]:635146
[Run]:36394 [Site]:1 [Bin]:8769 [FullTime]:3590.17 [SkipTime]:0 [Veto1]:616.402 [Veto2]:620.45 [Veto3]:405.108 [Veto4]:405.108 [SgUp1]:176004 [SgUp2]:173223 [SgUp3]:0 [SgUp4]:0 [SgLow1]:175602 [SgLow2]:172823 [SgLow3]:0 [SgLow4]:0 [NetMuon1]:593060 [NetMuon2]:592261 [NetMuon3]:635362 [NetMuon4]:635362
[Run]:36394 [Site]:1 [Bin]:8770 [FullTime]:3590.17 [SkipTime]:0 [Veto1]:616.35 [Veto2]:616.624 [Veto3]:405.353 [Veto4]:405.353 [SgUp1]:176170 [SgUp2]:173419 [SgUp3]:0 [SgUp4]:0 [SgLow1]:175830 [SgLow2]:173041 [SgLow3]:0 [SgLow4]:0 [NetMuon1]:593413 [NetMuon2]:593428 [NetMuon3]:635731 [NetMuon4]:635731
[Run]:36394 [Site]:1 [Bin]:8771 [FullTime]:3590.17 [SkipTime]:0 [Veto1]:614.375 [Veto2]:609.797 [Veto3]:405.289 [Veto4]:405.289 [SgUp1]:175896 [SgUp2]:173648 [SgUp3]:0 [SgUp4]:0 [SgLow1]:175470 [SgLow2]:173315 [SgLow3]:0 [SgLow4]:0 [NetMuon1]:593973 [NetMuon2]:594784 [NetMuon3]:635471 [NetMuon4]:635471
[Run]:36394 [Site]:1 [Bin]:8772 [FullTime]:3590.17 [SkipTime]:0 [Veto1]:635.767 [Veto2]:618.705 [Veto3]:405.13 [Veto4]:405.13 [SgUp1]:174389 [SgUp2]:173813 [SgUp3]:0 [SgUp4]:0 [SgLow1]:174034 [SgLow2]:173414 [SgLow3]:0 [SgLow4]:0 [NetMuon1]:589286 [NetMuon2]:593167 [NetMuon3]:635694 [NetMuon4]:635694
[Run]:36394 [Site]:1 [Bin]:8773 [FullTime]:3590.17 [SkipTime]:0 [Veto1]:623.335 [Veto2]:641.46 [Veto3]:404.774 [Veto4]:404.774 [SgUp1]:176014 [SgUp2]:171755 [SgUp3]:0 [SgUp4]:0 [SgLow1]:175638 [SgLow2]:171338 [SgLow3]:0 [SgLow4]:0 [NetMuon1]:591228 [NetMuon2]:587449 [NetMuon3]:634774 [NetMuon4]:634774
[Run]:36394 [Site]:1 [Bin]:8774 [FullTime]:3590.17 [SkipTime]:0 [Veto1]:602.938 [Veto2]:618.358 [Veto3]:405.205 [Veto4]:405.205 [SgUp1]:177553 [SgUp2]:173313 [SgUp3]:0 [SgUp4]:0 [SgLow1]:177204 [SgLow2]:172957 [SgLow3]:0 [SgLow4]:0 [NetMuon1]:596035 [NetMuon2]:593000 [NetMuon3]:635589 [NetMuon4]:635589
[Run]:36394 [Site]:1 [Bin]:8775 [FullTime]:3590.17 [SkipTime]:0 [Veto1]:621.478 [Veto2]:615.852 [Veto3]:405.522 [Veto4]:405.522 [SgUp1]:175333 [SgUp2]:173323 [SgUp3]:0 [SgUp4]:0 [SgLow1]:174965 [SgLow2]:172953 [SgLow3]:0 [SgLow4]:0 [NetMuon1]:592880 [NetMuon2]:594015 [NetMuon3]:635970 [NetMuon4]:635970
[Run]:36394 [Site]:1 [Bin]:8776 [FullTime]:3590.17 [SkipTime]:0 [Veto1]:610.585 [Veto2]:642.14 [Veto3]:405.28 [Veto4]:405.28 [SgUp1]:176293 [SgUp2]:171727 [SgUp3]:0 [SgUp4]:0 [SgLow1]:175937 [SgLow2]:171356 [SgLow3]:0 [SgLow4]:0 [NetMuon1]:594614 [NetMuon2]:588467 [NetMuon3]:635825 [NetMuon4]:635825
[Run]:36394 [Site]:1 [Bin]:8777 [FullTime]:3590.17 [SkipTime]:0 [Veto1]:650.486 [Veto2]:626.094 [Veto3]:404.639 [Veto4]:404.639 [SgUp1]:174304 [SgUp2]:173515 [SgUp3]:0 [SgUp4]:0 [SgLow1]:173893 [SgLow2]:173149 [SgLow3]:0 [SgLow4]:0 [NetMuon1]:585930 [NetMuon2]:590898 [NetMuon3]:634906 [NetMuon4]:634906
[Run]:36394 [Site]:1 [Bin]:8778 [FullTime]:3590.17 [SkipTime]:0 [Veto1]:603.004 [Veto2]:624.314 [Veto3]:405.372 [Veto4]:405.372 [SgUp1]:176883 [SgUp2]:172789 [SgUp3]:0 [SgUp4]:0 [SgLow1]:176562 [SgLow2]:172429 [SgLow3]:0 [SgLow4]:0 [NetMuon1]:596423 [NetMuon2]:592111 [NetMuon3]:635892 [NetMuon4]:635892
[Run]:36394 [Site]:1 [Bin]:8779 [FullTime]:3590.17 [SkipTime]:0 [Veto1]:620.22 [Veto2]:629.45 [Veto3]:405.781 [Veto4]:405.781 [SgUp1]:176009 [SgUp2]:172181 [SgUp3]:0 [SgUp4]:0 [SgLow1]:175609 [SgLow2]:171834 [SgLow3]:0 [SgLow4]:0 [NetMuon1]:593599 [NetMuon2]:591999 [NetMuon3]:636507 [NetMuon4]:636507
[Run]:36394 [Site]:1 [Bin]:8780 [FullTime]:3590.17 [SkipTime]:0 [Veto1]:630.419 [Veto2]:641.088 [Veto3]:405.223 [Veto4]:405.223 [SgUp1]:175035 [SgUp2]:172174 [SgUp3]:0 [SgUp4]:0 [SgLow1]:174667 [SgLow2]:171785 [SgLow3]:0 [SgLow4]:0 [NetMuon1]:590457 [NetMuon2]:588887 [NetMuon3]:635613 [NetMuon4]:635613
[Run]:36394 [Site]:1 [Bin]:8781 [FullTime]:3590.17 [SkipTime]:0 [Veto1]:622.532 [Veto2]:633.163 [Veto3]:405.086 [Veto4]:405.086 [SgUp1]:175385 [SgUp2]:172773 [SgUp3]:0 [SgUp4]:0 [SgLow1]:175030 [SgLow2]:172381 [SgLow3]:0 [SgLow4]:0 [NetMuon1]:591870 [NetMuon2]:589770 [NetMuon3]:635453 [NetMuon4]:635453
[Run]:36394 [Site]:1 [Bin]:8782 [FullTime]:3590.17 [SkipTime]:0 [Veto1]:625.267 [Veto2]:623.633 [Veto3]:405.894 [Veto4]:405.894 [SgUp1]:175266 [SgUp2]:172265 [SgUp3]:0 [SgUp4]:0 [SgLow1]:174878 [SgLow2]:171845 [SgLow3]:0 [SgLow4]:0 [NetMuon1]:592475 [NetMuon2]:593238 [NetMuon3]:636718 [NetMuon4]:636718
[Run]:36394 [Site]:1 [Bin]:8783 [FullTime]:3590.17 [SkipTime]:0 [Veto1]:607.2 [Veto2]:635.896 [Veto3]:404.872 [Veto4]:404.872 [SgUp1]:176198 [SgUp2]:171488 [SgUp3]:0 [SgUp4]:0 [SgLow1]:175800 [SgLow2]:171152 [SgLow3]:0 [SgLow4]:0 [NetMuon1]:594434 [NetMuon2]:588975 [NetMuon3]:635004 [NetMuon4]:635004
[Run]:36394 [Site]:1 [Bin]:8784 [FullTime]:3590.17 [SkipTime]:0 [Veto1]:623.108 [Veto2]:623.077 [Veto3]:404.902 [Veto4]:404.902 [SgUp1]:176102 [SgUp2]:173254 [SgUp3]:0 [SgUp4]:0 [SgLow1]:175697 [SgLow2]:172891 [SgLow3]:0 [SgLow4]:0 [NetMuon1]:591463 [NetMuon2]:591193 [NetMuon3]:635060 [NetMuon4]:635060
[Run]:36394 [Site]:1 [Bin]:8785 [FullTime]:3590.17 [SkipTime]:0 [Veto1]:609.028 [Veto2]:620.489 [Veto3]:404.12 [Veto4]:404.12 [SgUp1]:176915 [SgUp2]:172754 [SgUp3]:0 [SgUp4]:0 [SgLow1]:176501 [SgLow2]:172368 [SgLow3]:0 [SgLow4]:0 [NetMuon1]:593317 [NetMuon2]:590912 [NetMuon3]:633871 [NetMuon4]:633871
[Run]:36394 [Site]:1 [Bin]:8786 [FullTime]:3590.17 [SkipTime]:0 [Veto1]:628.983 [Veto2]:617.868 [Veto3]:405.115 [Veto4]:405.115 [SgUp1]:175325 [SgUp2]:171928 [SgUp3]:0 [SgUp4]:0 [SgLow1]:174934 [SgLow2]:171547 [SgLow3]:0 [SgLow4]:0 [NetMuon1]:591011 [NetMuon2]:592934 [NetMuon3]:635482 [NetMuon4]:635482
[Run]:36394 [Site]:1 [Bin]:8787 [FullTime]:3590.17 [SkipTime]:0 [Veto1]:609.624 [Veto2]:633.136 [Veto3]:404.449 [Veto4]:404.449 [SgUp1]:176100 [SgUp2]:172475 [SgUp3]:0 [SgUp4]:0 [SgLow1]:175728 [SgLow2]:172127 [SgLow3]:0 [SgLow4]:0 [NetMuon1]:593927 [NetMuon2]:589014 [NetMuon3]:634653 [NetMuon4]:634653
[Run]:36394 [Site]:1 [Bin]:8788 [FullTime]:3590.17 [SkipTime]:0 [Veto1]:598.991 [Veto2]:607.609 [Veto3]:404.304 [Veto4]:404.304 [SgUp1]:176765 [SgUp2]:173299 [SgUp3]:0 [SgUp4]:0 [SgLow1]:176386 [SgLow2]:172946 [SgLow3]:0 [SgLow4]:0 [NetMuon1]:595433 [NetMuon2]:593930 [NetMuon3]:634183 [NetMuon4]:634183
[Run]:36394 [Site]:1 [Bin]:8789 [FullTime]:3590.17 [SkipTime]:0 [Veto1]:633.97 [Veto2]:645.47 [Veto3]:405.92 [Veto4]:405.92 [SgUp1]:174046 [SgUp2]:170888 [SgUp3]:0 [SgUp4]:0 [SgLow1]:173666 [SgLow2]:170482 [SgLow3]:0 [SgLow4]:0 [NetMuon1]:591068 [NetMuon2]:588724 [NetMuon3]:636531 [NetMuon4]:636531
[Run]:36394 [Site]:1 [Bin]:8790 [FullTime]:3590.17 [SkipTime]:0 [Veto1]:637.055 [Veto2]:618.987 [Veto3]:405.472 [Veto4]:405.472 [SgUp1]:173980 [SgUp2]:172256 [SgUp3]:0 [SgUp4]:0 [SgLow1]:173592 [SgLow2]:171883 [SgLow3]:0 [SgLow4]:0 [NetMuon1]:589688 [NetMuon2]:593193 [NetMuon3]:635899 [NetMuon4]:635899
[Run]:36394 [Site]:1 [Bin]:8791 [FullTime]:3590.17 [SkipTime]:0 [Veto1]:612.615 [Veto2]:619.054 [Veto3]:404.886 [Veto4]:404.886 [SgUp1]:176467 [SgUp2]:172723 [SgUp3]:0 [SgUp4]:0 [SgLow1]:176060 [SgLow2]:172419 [SgLow3]:0 [SgLow4]:0 [NetMuon1]:593971 [NetMuon2]:592687 [NetMuon3]:635379 [NetMuon4]:635379
[Run]:36394 [Site]:1 [Bin]:8792 [FullTime]:3590.17 [SkipTime]:0 [Veto1]:620.603 [Veto2]:633.196 [Veto3]:404.767 [Veto4]:404.767 [SgUp1]:175977 [SgUp2]:171671 [SgUp3]:0 [SgUp4]:0 [SgLow1]:175606 [SgLow2]:171270 [SgLow3]:0 [SgLow4]:0 [NetMuon1]:592175 [NetMuon2]:589395 [NetMuon3]:634952 [NetMuon4]:634952
[Run]:36394 [Site]:1 [Bin]:8793 [FullTime]:3590.17 [SkipTime]:0 [Veto1]:611.812 [Veto2]:620.03 [Veto3]:405.935 [Veto4]:405.935 [SgUp1]:176726 [SgUp2]:172747 [SgUp3]:0 [SgUp4]:0 [SgLow1]:176312 [SgLow2]:172418 [SgLow3]:0 [SgLow4]:0 [NetMuon1]:595234 [NetMuon2]:593710 [NetMuon3]:636462 [NetMuon4]:636462
[Run]:36394 [Site]:1 [Bin]:8794 [FullTime]:3590.17 [SkipTime]:0 [Veto1]:615.165 [Veto2]:625.139 [Veto3]:405.045 [Veto4]:405.045 [SgUp1]:175658 [SgUp2]:171432 [SgUp3]:0 [SgUp4]:0 [SgLow1]:175272 [SgLow2]:171077 [SgLow3]:0 [SgLow4]:0 [NetMuon1]:593040 [NetMuon2]:591738 [NetMuon3]:635214 [NetMuon4]:635214
[Run]:36394 [Site]:1 [Bin]:8795 [FullTime]:3590.17 [SkipTime]:0 [Veto1]:597.922 [Veto2]:625.121 [Veto3]:405.033 [Veto4]:405.033 [SgUp1]:176713 [SgUp2]:171470 [SgUp3]:0 [SgUp4]:0 [SgLow1]:176325 [SgLow2]:171034 [SgLow3]:0 [SgLow4]:0 [NetMuon1]:596889 [NetMuon2]:591162 [NetMuon3]:635212 [NetMuon4]:635212
[Run]:36394 [Site]:1 [Bin]:8796 [FullTime]:3590.17 [SkipTime]:0 [Veto1]:608.703 [Veto2]:642.722 [Veto3]:405.766 [Veto4]:405.766 [SgUp1]:176340 [SgUp2]:171024 [SgUp3]:0 [SgUp4]:0 [SgLow1]:175986 [SgLow2]:170647 [SgLow3]:0 [SgLow4]:0 [NetMuon1]:595761 [NetMuon2]:589066 [NetMuon3]:636545 [NetMuon4]:636545
[Run]:36394 [Site]:1 [Bin]:8797 [FullTime]:3590.17 [SkipTime]:0 [Veto1]:613.286 [Veto2]:629.318 [Veto3]:404.775 [Veto4]:404.775 [SgUp1]:175441 [SgUp2]:172535 [SgUp3]:0 [SgUp4]:0 [SgLow1]:175036 [SgLow2]:172218 [SgLow3]:0 [SgLow4]:0 [NetMuon1]:593549 [NetMuon2]:590149 [NetMuon3]:635039 [NetMuon4]:635039
[Run]:36394 [Site]:1 [Bin]:8798 [FullTime]:3590.17 [SkipTime]:0 [Veto1]:613.38 [Veto2]:606.857 [Veto3]:405.148 [Veto4]:405.148 [SgUp1]:176254 [SgUp2]:173048 [SgUp3]:0 [SgUp4]:0 [SgLow1]:175884 [SgLow2]:172660 [SgLow3]:0 [SgLow4]:0 [NetMuon1]:594152 [NetMuon2]:595532 [NetMuon3]:635495 [NetMuon4]:635495
[Run]:36394 [Site]:1 [Bin]:8799 [FullTime]:3590.17 [SkipTime]:0 [Veto1]:626.234 [Veto2]:625.234 [Veto3]:405.602 [Veto4]:405.602 [SgUp1]:175631 [SgUp2]:171759 [SgUp3]:0 [SgUp4]:0 [SgLow1]:175296 [SgLow2]:171391 [SgLow3]:0 [SgLow4]:0 [NetMuon1]:592412 [NetMuon2]:592046 [NetMuon3]:636111 [NetMuon4]:636111
[Run]:36394 [Site]:1 [Bin]:8800 [FullTime]:3590.17 [SkipTime]:0 [Veto1]:649.374 [Veto2]:625.237 [Veto3]:405.648 [Veto4]:405.648 [SgUp1]:173920 [SgUp2]:171788 [SgUp3]:0 [SgUp4]:0 [SgLow1]:173547 [SgLow2]:171433 [SgLow3]:0 [SgLow4]:0 [NetMuon1]:587785 [NetMuon2]:592233 [NetMuon3]:636281 [NetMuon4]:636281
[Run]:36394 [Site]:1 [Bin]:8801 [FullTime]:3590.17 [SkipTime]:0 [Veto1]:621.77 [Veto2]:651.726 [Veto3]:406.346 [Veto4]:406.346 [SgUp1]:175363 [SgUp2]:170936 [SgUp3]:0 [SgUp4]:0 [SgLow1]:175016 [SgLow2]:170580 [SgLow3]:0 [SgLow4]:0 [NetMuon1]:594062 [NetMuon2]:588181 [NetMuon3]:637120 [NetMuon4]:637120
[Run]:36394 [Site]:1 [Bin]:8802 [FullTime]:3590.17 [SkipTime]:0 [Veto1]:615.638 [Veto2]:626.12 [Veto3]:405.792 [Veto4]:405.792 [SgUp1]:176316 [SgUp2]:172304 [SgUp3]:0 [SgUp4]:0 [SgLow1]:175938 [SgLow2]:171929 [SgLow3]:0 [SgLow4]:0 [NetMuon1]:594849 [NetMuon2]:592632 [NetMuon3]:636582 [NetMuon4]:636582
[Run]:36394 [Site]:1 [Bin]:8803 [FullTime]:3590.17 [SkipTime]:0 [Veto1]:614.941 [Veto2]:634.601 [Veto3]:406.844 [Veto4]:406.844 [SgUp1]:176102 [SgUp2]:171055 [SgUp3]:0 [SgUp4]:0 [SgLow1]:175760 [SgLow2]:170676 [SgLow3]:0 [SgLow4]:0 [NetMuon1]:596302 [NetMuon2]:592148 [NetMuon3]:637997 [NetMuon4]:637997
[Run]:36394 [Site]:1 [Bin]:8804 [FullTime]:3590.17 [SkipTime]:0 [Veto1]:606.897 [Veto2]:628.559 [Veto3]:405.628 [Veto4]:405.628 [SgUp1]:176011 [SgUp2]:172002 [SgUp3]:0 [SgUp4]:0 [SgLow1]:175522 [SgLow2]:171643 [SgLow3]:0 [SgLow4]:0 [NetMuon1]:595962 [NetMuon2]:591515 [NetMuon3]:636035 [NetMuon4]:636035
[Run]:36394 [Site]:1 [Bin]:8805 [FullTime]:3590.17 [SkipTime]:0 [Veto1]:629.7 [Veto2]:645.204 [Veto3]:406.316 [Veto4]:406.316 [SgUp1]:174504 [SgUp2]:171069 [SgUp3]:0 [SgUp4]:0 [SgLow1]:174117 [SgLow2]:170666 [SgLow3]:0 [SgLow4]:0 [NetMuon1]:592281 [NetMuon2]:588870 [NetMuon3]:637054 [NetMuon4]:637054
[Run]:36394 [Site]:1 [Bin]:8806 [FullTime]:3590.17 [SkipTime]:0 [Veto1]:616.871 [Veto2]:625.396 [Veto3]:405.212 [Veto4]:405.212 [SgUp1]:175169 [SgUp2]:171612 [SgUp3]:0 [SgUp4]:0 [SgLow1]:174766 [SgLow2]:171208 [SgLow3]:0 [SgLow4]:0 [NetMuon1]:593379 [NetMuon2]:591549 [NetMuon3]:635450 [NetMuon4]:635450
[Run]:36394 [Site]:1 [Bin]:8807 [FullTime]:3590.17 [SkipTime]:0 [Veto1]:611.215 [Veto2]:637.385 [Veto3]:406.029 [Veto4]:406.029 [SgUp1]:175857 [SgUp2]:171475 [SgUp3]:0 [SgUp4]:0 [SgLow1]:175512 [SgLow2]:171154 [SgLow3]:0 [SgLow4]:0 [NetMuon1]:596052 [NetMuon2]:590356 [NetMuon3]:636961 [NetMuon4]:636961
[Run]:36394 [Site]:1 [Bin]:8808 [FullTime]:3590.17 [SkipTime]:0 [Veto1]:610.96 [Veto2]:622.817 [Veto3]:405.407 [Veto4]:405.407 [SgUp1]:175717 [SgUp2]:172641 [SgUp3]:0 [SgUp4]:0 [SgLow1]:175359 [SgLow2]:172246 [SgLow3]:0 [SgLow4]:0 [NetMuon1]:594862 [NetMuon2]:592262 [NetMuon3]:636048 [NetMuon4]:636048
[Run]:36394 [Site]:1 [Bin]:8809 [FullTime]:3590.17 [SkipTime]:0 [Veto1]:627.581 [Veto2]:631.757 [Veto3]:405.917 [Veto4]:405.917 [SgUp1]:174842 [SgUp2]:172600 [SgUp3]:0 [SgUp4]:0 [SgLow1]:174442 [SgLow2]:172238 [SgLow3]:0 [SgLow4]:0 [NetMuon1]:592130 [NetMuon2]:591140 [NetMuon3]:636469 [NetMuon4]:636469
End process Run: 36394 ... 
[Run]:36394 [Site]:1 [Bin]:8810 [FullTime]:2875.73 [SkipTime]:0 [Veto1]:492.374 [Veto2]:505.165 [Veto3]:324.292 [Veto4]:324.292
