StreamChain add 0x17fb07e0
Start to process run: 37322 ... 
[Run]:37322 [Site]:1 [Bin]:9756 [FullTime]:2181.25 [SkipTime]:0 [Veto1]:379.266 [Veto2]:380.958 [Veto3]:246.348 [Veto4]:246.348 [SgUp1]:106735 [SgUp2]:105213 [SgUp3]:0 [SgUp4]:0 [SgLow1]:106505 [SgLow2]:104966 [SgLow3]:0 [SgLow4]:0 [NetMuon1]:360035 [NetMuon2]:359528 [NetMuon3]:386658 [NetMuon4]:386658
[Run]:37322 [Site]:1 [Bin]:9757 [FullTime]:3590.17 [SkipTime]:0 [Veto1]:614.481 [Veto2]:627.669 [Veto3]:404.774 [Veto4]:404.774 [SgUp1]:176833 [SgUp2]:173061 [SgUp3]:0 [SgUp4]:0 [SgLow1]:176470 [SgLow2]:172704 [SgLow3]:0 [SgLow4]:0 [NetMuon1]:593450 [NetMuon2]:590691 [NetMuon3]:635115 [NetMuon4]:635115
[Run]:37322 [Site]:1 [Bin]:9758 [FullTime]:3590.17 [SkipTime]:0 [Veto1]:616.619 [Veto2]:623.033 [Veto3]:404.394 [Veto4]:404.394 [SgUp1]:176716 [SgUp2]:173867 [SgUp3]:0 [SgUp4]:0 [SgLow1]:176360 [SgLow2]:173508 [SgLow3]:0 [SgLow4]:0 [NetMuon1]:592127 [NetMuon2]:591259 [NetMuon3]:634522 [NetMuon4]:634522
[Run]:37322 [Site]:1 [Bin]:9759 [FullTime]:3590.17 [SkipTime]:0 [Veto1]:634.564 [Veto2]:619.422 [Veto3]:404.922 [Veto4]:404.922 [SgUp1]:175279 [SgUp2]:172846 [SgUp3]:0 [SgUp4]:0 [SgLow1]:174891 [SgLow2]:172488 [SgLow3]:0 [SgLow4]:0 [NetMuon1]:589500 [NetMuon2]:592764 [NetMuon3]:635383 [NetMuon4]:635383
[Run]:37322 [Site]:1 [Bin]:9760 [FullTime]:3590.17 [SkipTime]:0 [Veto1]:596.058 [Veto2]:615.568 [Veto3]:404.147 [Veto4]:404.147 [SgUp1]:177809 [SgUp2]:173655 [SgUp3]:0 [SgUp4]:0 [SgLow1]:177414 [SgLow2]:173255 [SgLow3]:0 [SgLow4]:0 [NetMuon1]:596257 [NetMuon2]:592123 [NetMuon3]:634222 [NetMuon4]:634222
[Run]:37322 [Site]:1 [Bin]:9761 [FullTime]:3590.17 [SkipTime]:0 [Veto1]:626.744 [Veto2]:609.213 [Veto3]:404.829 [Veto4]:404.829 [SgUp1]:175535 [SgUp2]:174558 [SgUp3]:0 [SgUp4]:0 [SgLow1]:175154 [SgLow2]:174191 [SgLow3]:0 [SgLow4]:0 [NetMuon1]:590920 [NetMuon2]:594395 [NetMuon3]:635005 [NetMuon4]:635005
[Run]:37322 [Site]:1 [Bin]:9762 [FullTime]:3590.17 [SkipTime]:0 [Veto1]:639.906 [Veto2]:621.127 [Veto3]:404.462 [Veto4]:404.462 [SgUp1]:174799 [SgUp2]:172711 [SgUp3]:0 [SgUp4]:0 [SgLow1]:174393 [SgLow2]:172337 [SgLow3]:0 [SgLow4]:0 [NetMuon1]:587364 [NetMuon2]:591429 [NetMuon3]:634427 [NetMuon4]:634427
[Run]:37322 [Site]:1 [Bin]:9763 [FullTime]:3590.17 [SkipTime]:0 [Veto1]:637.936 [Veto2]:619.211 [Veto3]:404.337 [Veto4]:404.337 [SgUp1]:174696 [SgUp2]:173468 [SgUp3]:0 [SgUp4]:0 [SgLow1]:174339 [SgLow2]:173093 [SgLow3]:0 [SgLow4]:0 [NetMuon1]:587901 [NetMuon2]:591945 [NetMuon3]:634616 [NetMuon4]:634616
[Run]:37322 [Site]:1 [Bin]:9764 [FullTime]:3590.17 [SkipTime]:0 [Veto1]:625.863 [Veto2]:622.767 [Veto3]:403.995 [Veto4]:403.995 [SgUp1]:175463 [SgUp2]:173128 [SgUp3]:0 [SgUp4]:0 [SgLow1]:175114 [SgLow2]:172764 [SgLow3]:0 [SgLow4]:0 [NetMuon1]:589506 [NetMuon2]:590129 [NetMuon3]:633671 [NetMuon4]:633671
[Run]:37322 [Site]:1 [Bin]:9765 [FullTime]:3590.17 [SkipTime]:0 [Veto1]:620.11 [Veto2]:630.426 [Veto3]:404.595 [Veto4]:404.595 [SgUp1]:176144 [SgUp2]:171433 [SgUp3]:0 [SgUp4]:0 [SgLow1]:175725 [SgLow2]:171075 [SgLow3]:0 [SgLow4]:0 [NetMuon1]:591824 [NetMuon2]:589722 [NetMuon3]:634703 [NetMuon4]:634703
[Run]:37322 [Site]:1 [Bin]:9766 [FullTime]:3590.17 [SkipTime]:0 [Veto1]:607.087 [Veto2]:626.354 [Veto3]:404.804 [Veto4]:404.804 [SgUp1]:177193 [SgUp2]:171918 [SgUp3]:0 [SgUp4]:0 [SgLow1]:176805 [SgLow2]:171560 [SgLow3]:0 [SgLow4]:0 [NetMuon1]:594642 [NetMuon2]:590781 [NetMuon3]:634967 [NetMuon4]:634967
[Run]:37322 [Site]:1 [Bin]:9767 [FullTime]:3590.17 [SkipTime]:0 [Veto1]:610.8 [Veto2]:626.429 [Veto3]:404.653 [Veto4]:404.653 [SgUp1]:176878 [SgUp2]:172087 [SgUp3]:0 [SgUp4]:0 [SgLow1]:176454 [SgLow2]:171702 [SgLow3]:0 [SgLow4]:0 [NetMuon1]:594182 [NetMuon2]:590529 [NetMuon3]:634885 [NetMuon4]:634885
[Run]:37322 [Site]:1 [Bin]:9768 [FullTime]:3590.17 [SkipTime]:0 [Veto1]:603.604 [Veto2]:622.771 [Veto3]:404.497 [Veto4]:404.497 [SgUp1]:176422 [SgUp2]:172425 [SgUp3]:0 [SgUp4]:0 [SgLow1]:176025 [SgLow2]:172028 [SgLow3]:0 [SgLow4]:0 [NetMuon1]:594897 [NetMuon2]:591198 [NetMuon3]:634680 [NetMuon4]:634680
[Run]:37322 [Site]:1 [Bin]:9769 [FullTime]:3590.17 [SkipTime]:0 [Veto1]:594.83 [Veto2]:614.909 [Veto3]:403.97 [Veto4]:403.97 [SgUp1]:177065 [SgUp2]:172896 [SgUp3]:0 [SgUp4]:0 [SgLow1]:176656 [SgLow2]:172527 [SgLow3]:0 [SgLow4]:0 [NetMuon1]:595694 [NetMuon2]:591856 [NetMuon3]:633641 [NetMuon4]:633641
[Run]:37322 [Site]:1 [Bin]:9770 [FullTime]:3590.17 [SkipTime]:0 [Veto1]:638.666 [Veto2]:658.439 [Veto3]:403.987 [Veto4]:403.987 [SgUp1]:174612 [SgUp2]:170097 [SgUp3]:0 [SgUp4]:0 [SgLow1]:174267 [SgLow2]:169748 [SgLow3]:0 [SgLow4]:0 [NetMuon1]:586887 [NetMuon2]:582859 [NetMuon3]:633719 [NetMuon4]:633719
[Run]:37322 [Site]:1 [Bin]:9771 [FullTime]:3590.17 [SkipTime]:0 [Veto1]:612.748 [Veto2]:645.437 [Veto3]:403.809 [Veto4]:403.809 [SgUp1]:176686 [SgUp2]:171368 [SgUp3]:0 [SgUp4]:0 [SgLow1]:176327 [SgLow2]:171009 [SgLow3]:0 [SgLow4]:0 [NetMuon1]:592193 [NetMuon2]:585958 [NetMuon3]:633659 [NetMuon4]:633659
[Run]:37322 [Site]:1 [Bin]:9772 [FullTime]:3590.17 [SkipTime]:0 [Veto1]:624.951 [Veto2]:658.37 [Veto3]:404.543 [Veto4]:404.543 [SgUp1]:176598 [SgUp2]:170920 [SgUp3]:0 [SgUp4]:0 [SgLow1]:176170 [SgLow2]:170538 [SgLow3]:0 [SgLow4]:0 [NetMuon1]:591063 [NetMuon2]:584431 [NetMuon3]:634922 [NetMuon4]:634922
[Run]:37322 [Site]:1 [Bin]:9773 [FullTime]:3590.17 [SkipTime]:0 [Veto1]:606.281 [Veto2]:633.173 [Veto3]:404.591 [Veto4]:404.591 [SgUp1]:177067 [SgUp2]:172608 [SgUp3]:0 [SgUp4]:0 [SgLow1]:176697 [SgLow2]:172212 [SgLow3]:0 [SgLow4]:0 [NetMuon1]:594846 [NetMuon2]:589440 [NetMuon3]:635019 [NetMuon4]:635019
[Run]:37322 [Site]:1 [Bin]:9774 [FullTime]:3590.17 [SkipTime]:0 [Veto1]:627.796 [Veto2]:631.497 [Veto3]:404.623 [Veto4]:404.623 [SgUp1]:175343 [SgUp2]:172983 [SgUp3]:0 [SgUp4]:0 [SgLow1]:174997 [SgLow2]:172629 [SgLow3]:0 [SgLow4]:0 [NetMuon1]:590440 [NetMuon2]:590061 [NetMuon3]:634978 [NetMuon4]:634978
[Run]:37322 [Site]:1 [Bin]:9775 [FullTime]:3590.17 [SkipTime]:0 [Veto1]:603.238 [Veto2]:642.798 [Veto3]:404.634 [Veto4]:404.634 [SgUp1]:177071 [SgUp2]:171911 [SgUp3]:0 [SgUp4]:0 [SgLow1]:176684 [SgLow2]:171571 [SgLow3]:0 [SgLow4]:0 [NetMuon1]:595404 [NetMuon2]:587428 [NetMuon3]:634909 [NetMuon4]:634909
[Run]:37322 [Site]:1 [Bin]:9776 [FullTime]:3590.17 [SkipTime]:0 [Veto1]:608.384 [Veto2]:633.233 [Veto3]:404.403 [Veto4]:404.403 [SgUp1]:176704 [SgUp2]:172621 [SgUp3]:0 [SgUp4]:0 [SgLow1]:176330 [SgLow2]:172229 [SgLow3]:0 [SgLow4]:0 [NetMuon1]:593820 [NetMuon2]:588749 [NetMuon3]:634291 [NetMuon4]:634291
[Run]:37322 [Site]:1 [Bin]:9777 [FullTime]:3590.17 [SkipTime]:0 [Veto1]:628.161 [Veto2]:638.294 [Veto3]:404.814 [Veto4]:404.814 [SgUp1]:175540 [SgUp2]:172610 [SgUp3]:0 [SgUp4]:0 [SgLow1]:175140 [SgLow2]:172239 [SgLow3]:0 [SgLow4]:0 [NetMuon1]:590416 [NetMuon2]:588714 [NetMuon3]:635072 [NetMuon4]:635072
[Run]:37322 [Site]:1 [Bin]:9778 [FullTime]:3590.17 [SkipTime]:0 [Veto1]:621.511 [Veto2]:628.871 [Veto3]:404.603 [Veto4]:404.603 [SgUp1]:175497 [SgUp2]:173127 [SgUp3]:0 [SgUp4]:0 [SgLow1]:175145 [SgLow2]:172778 [SgLow3]:0 [SgLow4]:0 [NetMuon1]:591074 [NetMuon2]:589938 [NetMuon3]:634579 [NetMuon4]:634579
[Run]:37322 [Site]:1 [Bin]:9779 [FullTime]:3590.17 [SkipTime]:0 [Veto1]:630.532 [Veto2]:633.173 [Veto3]:405.154 [Veto4]:405.154 [SgUp1]:175297 [SgUp2]:172103 [SgUp3]:0 [SgUp4]:0 [SgLow1]:174887 [SgLow2]:171722 [SgLow3]:0 [SgLow4]:0 [NetMuon1]:590633 [NetMuon2]:590161 [NetMuon3]:635803 [NetMuon4]:635803
[Run]:37322 [Site]:1 [Bin]:9780 [FullTime]:3590.17 [SkipTime]:0 [Veto1]:609.089 [Veto2]:628.719 [Veto3]:404.97 [Veto4]:404.97 [SgUp1]:176803 [SgUp2]:172926 [SgUp3]:0 [SgUp4]:0 [SgLow1]:176421 [SgLow2]:172553 [SgLow3]:0 [SgLow4]:0 [NetMuon1]:594620 [NetMuon2]:590792 [NetMuon3]:635327 [NetMuon4]:635327
[Run]:37322 [Site]:1 [Bin]:9781 [FullTime]:3590.17 [SkipTime]:0 [Veto1]:620.223 [Veto2]:632.151 [Veto3]:405.124 [Veto4]:405.124 [SgUp1]:175756 [SgUp2]:172991 [SgUp3]:0 [SgUp4]:0 [SgLow1]:175393 [SgLow2]:172631 [SgLow3]:0 [SgLow4]:0 [NetMuon1]:592265 [NetMuon2]:590085 [NetMuon3]:635287 [NetMuon4]:635287
[Run]:37322 [Site]:1 [Bin]:9782 [FullTime]:3590.17 [SkipTime]:0 [Veto1]:629.287 [Veto2]:654.305 [Veto3]:404.728 [Veto4]:404.728 [SgUp1]:175186 [SgUp2]:171354 [SgUp3]:0 [SgUp4]:0 [SgLow1]:174805 [SgLow2]:170992 [SgLow3]:0 [SgLow4]:0 [NetMuon1]:590156 [NetMuon2]:585251 [NetMuon3]:634936 [NetMuon4]:634936
[Run]:37322 [Site]:1 [Bin]:9783 [FullTime]:3590.17 [SkipTime]:0 [Veto1]:623.238 [Veto2]:626.93 [Veto3]:404.427 [Veto4]:404.427 [SgUp1]:175525 [SgUp2]:172412 [SgUp3]:0 [SgUp4]:0 [SgLow1]:175117 [SgLow2]:172055 [SgLow3]:0 [SgLow4]:0 [NetMuon1]:591126 [NetMuon2]:590356 [NetMuon3]:634659 [NetMuon4]:634659
[Run]:37322 [Site]:1 [Bin]:9784 [FullTime]:3590.17 [SkipTime]:0 [Veto1]:611.869 [Veto2]:632.175 [Veto3]:405.272 [Veto4]:405.272 [SgUp1]:175596 [SgUp2]:172351 [SgUp3]:0 [SgUp4]:0 [SgLow1]:175211 [SgLow2]:171919 [SgLow3]:0 [SgLow4]:0 [NetMuon1]:594727 [NetMuon2]:590547 [NetMuon3]:635781 [NetMuon4]:635781
[Run]:37322 [Site]:1 [Bin]:9785 [FullTime]:3590.17 [SkipTime]:0 [Veto1]:625.027 [Veto2]:656.626 [Veto3]:404.588 [Veto4]:404.588 [SgUp1]:175152 [SgUp2]:171302 [SgUp3]:0 [SgUp4]:0 [SgLow1]:174765 [SgLow2]:170931 [SgLow3]:0 [SgLow4]:0 [NetMuon1]:590961 [NetMuon2]:584816 [NetMuon3]:634899 [NetMuon4]:634899
[Run]:37322 [Site]:1 [Bin]:9786 [FullTime]:3590.17 [SkipTime]:0 [Veto1]:621.663 [Veto2]:627.483 [Veto3]:404.266 [Veto4]:404.266 [SgUp1]:175295 [SgUp2]:172444 [SgUp3]:0 [SgUp4]:0 [SgLow1]:174930 [SgLow2]:172115 [SgLow3]:0 [SgLow4]:0 [NetMuon1]:591510 [NetMuon2]:589647 [NetMuon3]:634408 [NetMuon4]:634408
[Run]:37322 [Site]:1 [Bin]:9787 [FullTime]:3590.17 [SkipTime]:0 [Veto1]:611.607 [Veto2]:640.344 [Veto3]:404.417 [Veto4]:404.417 [SgUp1]:175813 [SgUp2]:171598 [SgUp3]:0 [SgUp4]:0 [SgLow1]:175453 [SgLow2]:171248 [SgLow3]:0 [SgLow4]:0 [NetMuon1]:593752 [NetMuon2]:587960 [NetMuon3]:634733 [NetMuon4]:634733
[Run]:37322 [Site]:1 [Bin]:9788 [FullTime]:3590.17 [SkipTime]:0 [Veto1]:631.272 [Veto2]:646.478 [Veto3]:404.738 [Veto4]:404.738 [SgUp1]:174435 [SgUp2]:171761 [SgUp3]:0 [SgUp4]:0 [SgLow1]:174043 [SgLow2]:171373 [SgLow3]:0 [SgLow4]:0 [NetMuon1]:589606 [NetMuon2]:586751 [NetMuon3]:635048 [NetMuon4]:635048
[Run]:37322 [Site]:1 [Bin]:9789 [FullTime]:3590.17 [SkipTime]:0 [Veto1]:630.09 [Veto2]:633.467 [Veto3]:405.224 [Veto4]:405.224 [SgUp1]:175541 [SgUp2]:172092 [SgUp3]:0 [SgUp4]:0 [SgLow1]:175151 [SgLow2]:171757 [SgLow3]:0 [SgLow4]:0 [NetMuon1]:590360 [NetMuon2]:589469 [NetMuon3]:635238 [NetMuon4]:635238
[Run]:37322 [Site]:1 [Bin]:9790 [FullTime]:3590.17 [SkipTime]:0 [Veto1]:623.546 [Veto2]:613.22 [Veto3]:404.663 [Veto4]:404.663 [SgUp1]:174806 [SgUp2]:173528 [SgUp3]:0 [SgUp4]:0 [SgLow1]:174468 [SgLow2]:173182 [SgLow3]:0 [SgLow4]:0 [NetMuon1]:591373 [NetMuon2]:593684 [NetMuon3]:635012 [NetMuon4]:635012
[Run]:37322 [Site]:1 [Bin]:9791 [FullTime]:3590.17 [SkipTime]:0 [Veto1]:599.588 [Veto2]:619.98 [Veto3]:404.481 [Veto4]:404.481 [SgUp1]:177095 [SgUp2]:172630 [SgUp3]:0 [SgUp4]:0 [SgLow1]:176699 [SgLow2]:172209 [SgLow3]:0 [SgLow4]:0 [NetMuon1]:595681 [NetMuon2]:591555 [NetMuon3]:634451 [NetMuon4]:634451
[Run]:37322 [Site]:1 [Bin]:9792 [FullTime]:3590.17 [SkipTime]:0 [Veto1]:622.84 [Veto2]:639.058 [Veto3]:403.663 [Veto4]:403.663 [SgUp1]:174885 [SgUp2]:171644 [SgUp3]:0 [SgUp4]:0 [SgLow1]:174530 [SgLow2]:171310 [SgLow3]:0 [SgLow4]:0 [NetMuon1]:589884 [NetMuon2]:586424 [NetMuon3]:633404 [NetMuon4]:633404
[Run]:37322 [Site]:1 [Bin]:9793 [FullTime]:3590.17 [SkipTime]:0 [Veto1]:617.754 [Veto2]:614.446 [Veto3]:404.046 [Veto4]:404.046 [SgUp1]:176388 [SgUp2]:173076 [SgUp3]:0 [SgUp4]:0 [SgLow1]:175992 [SgLow2]:172698 [SgLow3]:0 [SgLow4]:0 [NetMuon1]:591457 [NetMuon2]:592256 [NetMuon3]:634042 [NetMuon4]:634042
[Run]:37322 [Site]:1 [Bin]:9794 [FullTime]:3590.17 [SkipTime]:0 [Veto1]:614.816 [Veto2]:624.008 [Veto3]:404.373 [Veto4]:404.373 [SgUp1]:176367 [SgUp2]:172071 [SgUp3]:0 [SgUp4]:0 [SgLow1]:175981 [SgLow2]:171676 [SgLow3]:0 [SgLow4]:0 [NetMuon1]:592307 [NetMuon2]:590903 [NetMuon3]:634393 [NetMuon4]:634393
[Run]:37322 [Site]:1 [Bin]:9795 [FullTime]:3590.17 [SkipTime]:0 [Veto1]:618.007 [Veto2]:628.712 [Veto3]:404.514 [Veto4]:404.514 [SgUp1]:175839 [SgUp2]:172207 [SgUp3]:0 [SgUp4]:0 [SgLow1]:175442 [SgLow2]:171805 [SgLow3]:0 [SgLow4]:0 [NetMuon1]:592076 [NetMuon2]:590270 [NetMuon3]:634800 [NetMuon4]:634800
[Run]:37322 [Site]:1 [Bin]:9796 [FullTime]:3590.17 [SkipTime]:0 [Veto1]:597.565 [Veto2]:617.486 [Veto3]:404.14 [Veto4]:404.14 [SgUp1]:176780 [SgUp2]:172671 [SgUp3]:0 [SgUp4]:0 [SgLow1]:176386 [SgLow2]:172276 [SgLow3]:0 [SgLow4]:0 [NetMuon1]:595755 [NetMuon2]:591606 [NetMuon3]:634118 [NetMuon4]:634118
[Run]:37322 [Site]:1 [Bin]:9797 [FullTime]:3590.17 [SkipTime]:0 [Veto1]:625.864 [Veto2]:631.729 [Veto3]:405.422 [Veto4]:405.422 [SgUp1]:175535 [SgUp2]:171940 [SgUp3]:0 [SgUp4]:0 [SgLow1]:175133 [SgLow2]:171586 [SgLow3]:0 [SgLow4]:0 [NetMuon1]:592473 [NetMuon2]:590767 [NetMuon3]:636063 [NetMuon4]:636063
[Run]:37322 [Site]:1 [Bin]:9798 [FullTime]:3590.17 [SkipTime]:0 [Veto1]:622.439 [Veto2]:623.335 [Veto3]:405.107 [Veto4]:405.107 [SgUp1]:175442 [SgUp2]:172083 [SgUp3]:0 [SgUp4]:0 [SgLow1]:175078 [SgLow2]:171704 [SgLow3]:0 [SgLow4]:0 [NetMuon1]:592071 [NetMuon2]:592460 [NetMuon3]:635746 [NetMuon4]:635746
[Run]:37322 [Site]:1 [Bin]:9799 [FullTime]:3590.17 [SkipTime]:0 [Veto1]:601.442 [Veto2]:599.988 [Veto3]:404.737 [Veto4]:404.737 [SgUp1]:175801 [SgUp2]:173591 [SgUp3]:0 [SgUp4]:0 [SgLow1]:175424 [SgLow2]:173228 [SgLow3]:0 [SgLow4]:0 [NetMuon1]:595510 [NetMuon2]:595816 [NetMuon3]:634816 [NetMuon4]:634816
[Run]:37322 [Site]:1 [Bin]:9800 [FullTime]:3590.17 [SkipTime]:0 [Veto1]:622.665 [Veto2]:643.13 [Veto3]:405.159 [Veto4]:405.159 [SgUp1]:175633 [SgUp2]:170849 [SgUp3]:0 [SgUp4]:0 [SgLow1]:175292 [SgLow2]:170452 [SgLow3]:0 [SgLow4]:0 [NetMuon1]:592045 [NetMuon2]:588481 [NetMuon3]:635639 [NetMuon4]:635639
[Run]:37322 [Site]:1 [Bin]:9801 [FullTime]:3590.17 [SkipTime]:0 [Veto1]:629.48 [Veto2]:637.052 [Veto3]:405.058 [Veto4]:405.058 [SgUp1]:175901 [SgUp2]:172089 [SgUp3]:0 [SgUp4]:0 [SgLow1]:175504 [SgLow2]:171731 [SgLow3]:0 [SgLow4]:0 [NetMuon1]:590817 [NetMuon2]:588914 [NetMuon3]:635577 [NetMuon4]:635577
[Run]:37322 [Site]:1 [Bin]:9802 [FullTime]:3590.17 [SkipTime]:0 [Veto1]:617.722 [Veto2]:628.688 [Veto3]:404.485 [Veto4]:404.485 [SgUp1]:176561 [SgUp2]:172356 [SgUp3]:0 [SgUp4]:0 [SgLow1]:176154 [SgLow2]:171984 [SgLow3]:0 [SgLow4]:0 [NetMuon1]:591764 [NetMuon2]:589526 [NetMuon3]:634511 [NetMuon4]:634511
[Run]:37322 [Site]:1 [Bin]:9803 [FullTime]:3590.17 [SkipTime]:0 [Veto1]:623.756 [Veto2]:621.422 [Veto3]:405.272 [Veto4]:405.272 [SgUp1]:175503 [SgUp2]:172669 [SgUp3]:0 [SgUp4]:0 [SgLow1]:175117 [SgLow2]:172260 [SgLow3]:0 [SgLow4]:0 [NetMuon1]:592413 [NetMuon2]:592951 [NetMuon3]:635964 [NetMuon4]:635964
[Run]:37322 [Site]:1 [Bin]:9804 [FullTime]:3590.17 [SkipTime]:0 [Veto1]:605.633 [Veto2]:625.397 [Veto3]:405.613 [Veto4]:405.613 [SgUp1]:177189 [SgUp2]:173034 [SgUp3]:0 [SgUp4]:0 [SgLow1]:176804 [SgLow2]:172648 [SgLow3]:0 [SgLow4]:0 [NetMuon1]:596031 [NetMuon2]:592466 [NetMuon3]:636203 [NetMuon4]:636203
[Run]:37322 [Site]:1 [Bin]:9805 [FullTime]:3590.17 [SkipTime]:0 [Veto1]:628.765 [Veto2]:615.227 [Veto3]:404.466 [Veto4]:404.466 [SgUp1]:176291 [SgUp2]:173269 [SgUp3]:0 [SgUp4]:0 [SgLow1]:175935 [SgLow2]:172909 [SgLow3]:0 [SgLow4]:0 [NetMuon1]:589605 [NetMuon2]:592645 [NetMuon3]:634529 [NetMuon4]:634529
[Run]:37322 [Site]:1 [Bin]:9806 [FullTime]:3590.17 [SkipTime]:0 [Veto1]:636.625 [Veto2]:657.656 [Veto3]:405.551 [Veto4]:405.551 [SgUp1]:174857 [SgUp2]:170725 [SgUp3]:0 [SgUp4]:0 [SgLow1]:174443 [SgLow2]:170402 [SgLow3]:0 [SgLow4]:0 [NetMuon1]:590391 [NetMuon2]:585768 [NetMuon3]:636490 [NetMuon4]:636490
[Run]:37322 [Site]:1 [Bin]:9807 [FullTime]:3590.17 [SkipTime]:0 [Veto1]:608.376 [Veto2]:625.746 [Veto3]:404.456 [Veto4]:404.456 [SgUp1]:176589 [SgUp2]:172819 [SgUp3]:0 [SgUp4]:0 [SgLow1]:176192 [SgLow2]:172467 [SgLow3]:0 [SgLow4]:0 [NetMuon1]:594123 [NetMuon2]:590573 [NetMuon3]:634778 [NetMuon4]:634778
[Run]:37322 [Site]:1 [Bin]:9808 [FullTime]:3590.17 [SkipTime]:0 [Veto1]:626.647 [Veto2]:624.426 [Veto3]:404.888 [Veto4]:404.888 [SgUp1]:175902 [SgUp2]:172758 [SgUp3]:0 [SgUp4]:0 [SgLow1]:175504 [SgLow2]:172417 [SgLow3]:0 [SgLow4]:0 [NetMuon1]:590703 [NetMuon2]:591027 [NetMuon3]:635080 [NetMuon4]:635080
[Run]:37322 [Site]:1 [Bin]:9809 [FullTime]:3590.17 [SkipTime]:0 [Veto1]:618.541 [Veto2]:626.801 [Veto3]:405.793 [Veto4]:405.793 [SgUp1]:175685 [SgUp2]:173223 [SgUp3]:0 [SgUp4]:0 [SgLow1]:175297 [SgLow2]:172801 [SgLow3]:0 [SgLow4]:0 [NetMuon1]:593786 [NetMuon2]:592156 [NetMuon3]:636803 [NetMuon4]:636803
[Run]:37322 [Site]:1 [Bin]:9810 [FullTime]:3590.17 [SkipTime]:0 [Veto1]:615.842 [Veto2]:650.135 [Veto3]:404.799 [Veto4]:404.799 [SgUp1]:176332 [SgUp2]:171868 [SgUp3]:0 [SgUp4]:0 [SgLow1]:175988 [SgLow2]:171486 [SgLow3]:0 [SgLow4]:0 [NetMuon1]:593409 [NetMuon2]:586298 [NetMuon3]:635265 [NetMuon4]:635265
[Run]:37322 [Site]:1 [Bin]:9811 [FullTime]:3590.17 [SkipTime]:0 [Veto1]:625.128 [Veto2]:626.996 [Veto3]:404.291 [Veto4]:404.291 [SgUp1]:176143 [SgUp2]:172371 [SgUp3]:0 [SgUp4]:0 [SgLow1]:175761 [SgLow2]:172002 [SgLow3]:0 [SgLow4]:0 [NetMuon1]:590140 [NetMuon2]:589722 [NetMuon3]:634364 [NetMuon4]:634364
[Run]:37322 [Site]:1 [Bin]:9812 [FullTime]:3590.17 [SkipTime]:0 [Veto1]:597.668 [Veto2]:623.832 [Veto3]:404.234 [Veto4]:404.234 [SgUp1]:177428 [SgUp2]:173203 [SgUp3]:0 [SgUp4]:0 [SgLow1]:177043 [SgLow2]:172835 [SgLow3]:0 [SgLow4]:0 [NetMuon1]:595224 [NetMuon2]:590490 [NetMuon3]:634080 [NetMuon4]:634080
[Run]:37322 [Site]:1 [Bin]:9813 [FullTime]:3590.17 [SkipTime]:0 [Veto1]:626.628 [Veto2]:647 [Veto3]:405.151 [Veto4]:405.151 [SgUp1]:175640 [SgUp2]:172038 [SgUp3]:0 [SgUp4]:0 [SgLow1]:175297 [SgLow2]:171642 [SgLow3]:0 [SgLow4]:0 [NetMuon1]:591345 [NetMuon2]:587414 [NetMuon3]:635568 [NetMuon4]:635568
[Run]:37322 [Site]:1 [Bin]:9814 [FullTime]:3590.17 [SkipTime]:0 [Veto1]:610.563 [Veto2]:618.593 [Veto3]:404.689 [Veto4]:404.689 [SgUp1]:177012 [SgUp2]:173403 [SgUp3]:0 [SgUp4]:0 [SgLow1]:176579 [SgLow2]:173072 [SgLow3]:0 [SgLow4]:0 [NetMuon1]:593702 [NetMuon2]:592365 [NetMuon3]:634853 [NetMuon4]:634853
[Run]:37322 [Site]:1 [Bin]:9815 [FullTime]:3590.17 [SkipTime]:0 [Veto1]:606.822 [Veto2]:635.609 [Veto3]:404.983 [Veto4]:404.983 [SgUp1]:177503 [SgUp2]:171400 [SgUp3]:0 [SgUp4]:0 [SgLow1]:177120 [SgLow2]:171019 [SgLow3]:0 [SgLow4]:0 [NetMuon1]:594698 [NetMuon2]:589225 [NetMuon3]:635051 [NetMuon4]:635051
[Run]:37322 [Site]:1 [Bin]:9816 [FullTime]:3590.17 [SkipTime]:0 [Veto1]:603.771 [Veto2]:631.543 [Veto3]:404.839 [Veto4]:404.839 [SgUp1]:176982 [SgUp2]:171711 [SgUp3]:0 [SgUp4]:0 [SgLow1]:176544 [SgLow2]:171373 [SgLow3]:0 [SgLow4]:0 [NetMuon1]:595840 [NetMuon2]:590164 [NetMuon3]:635289 [NetMuon4]:635289
[Run]:37322 [Site]:1 [Bin]:9817 [FullTime]:3590.17 [SkipTime]:0 [Veto1]:614.539 [Veto2]:609.787 [Veto3]:404.245 [Veto4]:404.245 [SgUp1]:176114 [SgUp2]:173321 [SgUp3]:0 [SgUp4]:0 [SgLow1]:175726 [SgLow2]:172981 [SgLow3]:0 [SgLow4]:0 [NetMuon1]:592442 [NetMuon2]:593085 [NetMuon3]:634167 [NetMuon4]:634167
[Run]:37322 [Site]:1 [Bin]:9818 [FullTime]:3590.17 [SkipTime]:0 [Veto1]:637.835 [Veto2]:646.477 [Veto3]:403.527 [Veto4]:403.527 [SgUp1]:174802 [SgUp2]:171743 [SgUp3]:0 [SgUp4]:0 [SgLow1]:174436 [SgLow2]:171361 [SgLow3]:0 [SgLow4]:0 [NetMuon1]:586885 [NetMuon2]:585390 [NetMuon3]:633391 [NetMuon4]:633391
[Run]:37322 [Site]:1 [Bin]:9819 [FullTime]:3590.17 [SkipTime]:0 [Veto1]:606.487 [Veto2]:620.732 [Veto3]:404.901 [Veto4]:404.901 [SgUp1]:176566 [SgUp2]:173753 [SgUp3]:0 [SgUp4]:0 [SgLow1]:176198 [SgLow2]:173360 [SgLow3]:0 [SgLow4]:0 [NetMuon1]:595124 [NetMuon2]:592023 [NetMuon3]:635051 [NetMuon4]:635051
[Run]:37322 [Site]:1 [Bin]:9820 [FullTime]:3590.17 [SkipTime]:0 [Veto1]:622.639 [Veto2]:624.1 [Veto3]:404.323 [Veto4]:404.323 [SgUp1]:175229 [SgUp2]:173099 [SgUp3]:0 [SgUp4]:0 [SgLow1]:174870 [SgLow2]:172758 [SgLow3]:0 [SgLow4]:0 [NetMuon1]:591056 [NetMuon2]:590462 [NetMuon3]:634401 [NetMuon4]:634401
[Run]:37322 [Site]:1 [Bin]:9821 [FullTime]:3590.17 [SkipTime]:0 [Veto1]:644.224 [Veto2]:633.701 [Veto3]:404.085 [Veto4]:404.085 [SgUp1]:174172 [SgUp2]:172983 [SgUp3]:0 [SgUp4]:0 [SgLow1]:173838 [SgLow2]:172642 [SgLow3]:0 [SgLow4]:0 [NetMuon1]:586116 [NetMuon2]:588466 [NetMuon3]:633931 [NetMuon4]:633931
[Run]:37322 [Site]:1 [Bin]:9822 [FullTime]:3590.17 [SkipTime]:0 [Veto1]:610.139 [Veto2]:634.882 [Veto3]:404.145 [Veto4]:404.145 [SgUp1]:176824 [SgUp2]:171790 [SgUp3]:0 [SgUp4]:0 [SgLow1]:176491 [SgLow2]:171377 [SgLow3]:0 [SgLow4]:0 [NetMuon1]:592723 [NetMuon2]:587911 [NetMuon3]:633865 [NetMuon4]:633865
[Run]:37322 [Site]:1 [Bin]:9823 [FullTime]:3590.17 [SkipTime]:0 [Veto1]:609.985 [Veto2]:649.631 [Veto3]:405.267 [Veto4]:405.267 [SgUp1]:176921 [SgUp2]:171226 [SgUp3]:0 [SgUp4]:0 [SgLow1]:176570 [SgLow2]:170818 [SgLow3]:0 [SgLow4]:0 [NetMuon1]:595186 [NetMuon2]:586664 [NetMuon3]:635716 [NetMuon4]:635716
[Run]:37322 [Site]:1 [Bin]:9824 [FullTime]:3590.17 [SkipTime]:0 [Veto1]:616.41 [Veto2]:615.816 [Veto3]:404.576 [Veto4]:404.576 [SgUp1]:176604 [SgUp2]:174388 [SgUp3]:0 [SgUp4]:0 [SgLow1]:176240 [SgLow2]:173963 [SgLow3]:0 [SgLow4]:0 [NetMuon1]:592830 [NetMuon2]:592930 [NetMuon3]:634887 [NetMuon4]:634887
[Run]:37322 [Site]:1 [Bin]:9825 [FullTime]:3590.17 [SkipTime]:0 [Veto1]:595.138 [Veto2]:606.938 [Veto3]:404.93 [Veto4]:404.93 [SgUp1]:177653 [SgUp2]:174336 [SgUp3]:0 [SgUp4]:0 [SgLow1]:177304 [SgLow2]:173948 [SgLow3]:0 [SgLow4]:0 [NetMuon1]:597306 [NetMuon2]:594950 [NetMuon3]:635355 [NetMuon4]:635355
[Run]:37322 [Site]:1 [Bin]:9826 [FullTime]:3590.17 [SkipTime]:0 [Veto1]:627.391 [Veto2]:611.919 [Veto3]:405.158 [Veto4]:405.158 [SgUp1]:175371 [SgUp2]:173388 [SgUp3]:0 [SgUp4]:0 [SgLow1]:174966 [SgLow2]:173033 [SgLow3]:0 [SgLow4]:0 [NetMuon1]:591172 [NetMuon2]:594611 [NetMuon3]:635646 [NetMuon4]:635646
[Run]:37322 [Site]:1 [Bin]:9827 [FullTime]:3590.17 [SkipTime]:0 [Veto1]:620.042 [Veto2]:636.847 [Veto3]:405.453 [Veto4]:405.453 [SgUp1]:175611 [SgUp2]:172042 [SgUp3]:0 [SgUp4]:0 [SgLow1]:175175 [SgLow2]:171652 [SgLow3]:0 [SgLow4]:0 [NetMuon1]:593156 [NetMuon2]:589331 [NetMuon3]:635929 [NetMuon4]:635929
[Run]:37322 [Site]:1 [Bin]:9828 [FullTime]:3590.17 [SkipTime]:0 [Veto1]:597.681 [Veto2]:631.901 [Veto3]:405.046 [Veto4]:405.046 [SgUp1]:177074 [SgUp2]:172499 [SgUp3]:0 [SgUp4]:0 [SgLow1]:176725 [SgLow2]:172103 [SgLow3]:0 [SgLow4]:0 [NetMuon1]:597052 [NetMuon2]:590184 [NetMuon3]:635367 [NetMuon4]:635367
[Run]:37322 [Site]:1 [Bin]:9829 [FullTime]:3590.17 [SkipTime]:0 [Veto1]:627.508 [Veto2]:631.04 [Veto3]:404.144 [Veto4]:404.144 [SgUp1]:175546 [SgUp2]:172848 [SgUp3]:0 [SgUp4]:0 [SgLow1]:175224 [SgLow2]:172529 [SgLow3]:0 [SgLow4]:0 [NetMuon1]:589616 [NetMuon2]:589061 [NetMuon3]:634193 [NetMuon4]:634193
[Run]:37322 [Site]:1 [Bin]:9830 [FullTime]:3590.17 [SkipTime]:0 [Veto1]:621.138 [Veto2]:625.222 [Veto3]:404.373 [Veto4]:404.373 [SgUp1]:175594 [SgUp2]:172721 [SgUp3]:0 [SgUp4]:0 [SgLow1]:175235 [SgLow2]:172314 [SgLow3]:0 [SgLow4]:0 [NetMuon1]:591099 [NetMuon2]:590221 [NetMuon3]:634411 [NetMuon4]:634411
[Run]:37322 [Site]:1 [Bin]:9831 [FullTime]:3590.17 [SkipTime]:0 [Veto1]:613.567 [Veto2]:630.077 [Veto3]:404.796 [Veto4]:404.796 [SgUp1]:176580 [SgUp2]:172335 [SgUp3]:0 [SgUp4]:0 [SgLow1]:176228 [SgLow2]:172004 [SgLow3]:0 [SgLow4]:0 [NetMuon1]:593609 [NetMuon2]:590642 [NetMuon3]:635080 [NetMuon4]:635080
[Run]:37322 [Site]:1 [Bin]:9832 [FullTime]:3590.17 [SkipTime]:0 [Veto1]:592.687 [Veto2]:636.598 [Veto3]:405.557 [Veto4]:405.557 [SgUp1]:176848 [SgUp2]:172079 [SgUp3]:0 [SgUp4]:0 [SgLow1]:176481 [SgLow2]:171684 [SgLow3]:0 [SgLow4]:0 [NetMuon1]:599037 [NetMuon2]:590786 [NetMuon3]:636428 [NetMuon4]:636428
[Run]:37322 [Site]:1 [Bin]:9833 [FullTime]:3590.17 [SkipTime]:0 [Veto1]:615.824 [Veto2]:617.187 [Veto3]:405.238 [Veto4]:405.238 [SgUp1]:176590 [SgUp2]:173359 [SgUp3]:0 [SgUp4]:0 [SgLow1]:176195 [SgLow2]:172991 [SgLow3]:0 [SgLow4]:0 [NetMuon1]:593427 [NetMuon2]:593392 [NetMuon3]:635569 [NetMuon4]:635569
[Run]:37322 [Site]:1 [Bin]:9834 [FullTime]:3590.17 [SkipTime]:0 [Veto1]:600.961 [Veto2]:611.321 [Veto3]:405.288 [Veto4]:405.288 [SgUp1]:176983 [SgUp2]:173605 [SgUp3]:0 [SgUp4]:0 [SgLow1]:176615 [SgLow2]:173315 [SgLow3]:0 [SgLow4]:0 [NetMuon1]:597057 [NetMuon2]:594736 [NetMuon3]:635924 [NetMuon4]:635924
[Run]:37322 [Site]:1 [Bin]:9835 [FullTime]:3590.17 [SkipTime]:0 [Veto1]:613.171 [Veto2]:633.05 [Veto3]:405.336 [Veto4]:405.336 [SgUp1]:175965 [SgUp2]:171815 [SgUp3]:0 [SgUp4]:0 [SgLow1]:175567 [SgLow2]:171472 [SgLow3]:0 [SgLow4]:0 [NetMuon1]:594363 [NetMuon2]:590417 [NetMuon3]:635741 [NetMuon4]:635741
[Run]:37322 [Site]:1 [Bin]:9836 [FullTime]:3590.17 [SkipTime]:0 [Veto1]:616.445 [Veto2]:618.08 [Veto3]:405.901 [Veto4]:405.901 [SgUp1]:176595 [SgUp2]:173400 [SgUp3]:0 [SgUp4]:0 [SgLow1]:176216 [SgLow2]:173038 [SgLow3]:0 [SgLow4]:0 [NetMuon1]:594581 [NetMuon2]:594287 [NetMuon3]:636513 [NetMuon4]:636513
[Run]:37322 [Site]:1 [Bin]:9837 [FullTime]:3590.17 [SkipTime]:0 [Veto1]:630.706 [Veto2]:627.812 [Veto3]:405.211 [Veto4]:405.211 [SgUp1]:175262 [SgUp2]:172646 [SgUp3]:0 [SgUp4]:0 [SgLow1]:174896 [SgLow2]:172272 [SgLow3]:0 [SgLow4]:0 [NetMuon1]:590525 [NetMuon2]:591250 [NetMuon3]:635555 [NetMuon4]:635555
[Run]:37322 [Site]:1 [Bin]:9838 [FullTime]:3590.17 [SkipTime]:0 [Veto1]:612.871 [Veto2]:617.187 [Veto3]:405.413 [Veto4]:405.413 [SgUp1]:176704 [SgUp2]:173618 [SgUp3]:0 [SgUp4]:0 [SgLow1]:176362 [SgLow2]:173285 [SgLow3]:0 [SgLow4]:0 [NetMuon1]:594549 [NetMuon2]:593987 [NetMuon3]:635997 [NetMuon4]:635997
[Run]:37322 [Site]:1 [Bin]:9839 [FullTime]:3590.17 [SkipTime]:0 [Veto1]:649.053 [Veto2]:638.565 [Veto3]:405.208 [Veto4]:405.208 [SgUp1]:173333 [SgUp2]:172040 [SgUp3]:0 [SgUp4]:0 [SgLow1]:172931 [SgLow2]:171639 [SgLow3]:0 [SgLow4]:0 [NetMuon1]:587067 [NetMuon2]:588935 [NetMuon3]:635748 [NetMuon4]:635748
[Run]:37322 [Site]:1 [Bin]:9840 [FullTime]:3590.17 [SkipTime]:0 [Veto1]:597.252 [Veto2]:608.259 [Veto3]:405.079 [Veto4]:405.079 [SgUp1]:177001 [SgUp2]:174409 [SgUp3]:0 [SgUp4]:0 [SgLow1]:176618 [SgLow2]:174044 [SgLow3]:0 [SgLow4]:0 [NetMuon1]:597039 [NetMuon2]:594728 [NetMuon3]:635204 [NetMuon4]:635204
[Run]:37322 [Site]:1 [Bin]:9841 [FullTime]:3590.17 [SkipTime]:0 [Veto1]:623.607 [Veto2]:638.275 [Veto3]:406.286 [Veto4]:406.286 [SgUp1]:174979 [SgUp2]:172725 [SgUp3]:0 [SgUp4]:0 [SgLow1]:174557 [SgLow2]:172394 [SgLow3]:0 [SgLow4]:0 [NetMuon1]:593799 [NetMuon2]:591042 [NetMuon3]:637440 [NetMuon4]:637440
[Run]:37322 [Site]:1 [Bin]:9842 [FullTime]:3590.17 [SkipTime]:0 [Veto1]:634.39 [Veto2]:642.862 [Veto3]:405.039 [Veto4]:405.039 [SgUp1]:175025 [SgUp2]:171501 [SgUp3]:0 [SgUp4]:0 [SgLow1]:174676 [SgLow2]:171147 [SgLow3]:0 [SgLow4]:0 [NetMuon1]:589558 [NetMuon2]:587840 [NetMuon3]:635569 [NetMuon4]:635569
[Run]:37322 [Site]:1 [Bin]:9843 [FullTime]:3590.17 [SkipTime]:0 [Veto1]:604.677 [Veto2]:626.084 [Veto3]:404.744 [Veto4]:404.744 [SgUp1]:177072 [SgUp2]:172426 [SgUp3]:0 [SgUp4]:0 [SgLow1]:176644 [SgLow2]:172069 [SgLow3]:0 [SgLow4]:0 [NetMuon1]:594933 [NetMuon2]:590816 [NetMuon3]:634816 [NetMuon4]:634816
[Run]:37322 [Site]:1 [Bin]:9844 [FullTime]:3590.17 [SkipTime]:0 [Veto1]:627.754 [Veto2]:639.471 [Veto3]:405.382 [Veto4]:405.382 [SgUp1]:175019 [SgUp2]:171132 [SgUp3]:0 [SgUp4]:0 [SgLow1]:174585 [SgLow2]:170786 [SgLow3]:0 [SgLow4]:0 [NetMuon1]:590979 [NetMuon2]:588575 [NetMuon3]:635559 [NetMuon4]:635559
[Run]:37322 [Site]:1 [Bin]:9845 [FullTime]:3590.17 [SkipTime]:0 [Veto1]:625.265 [Veto2]:644.802 [Veto3]:406.408 [Veto4]:406.408 [SgUp1]:174940 [SgUp2]:172536 [SgUp3]:0 [SgUp4]:0 [SgLow1]:174561 [SgLow2]:172130 [SgLow3]:0 [SgLow4]:0 [NetMuon1]:593913 [NetMuon2]:589925 [NetMuon3]:637648 [NetMuon4]:637648
[Run]:37322 [Site]:1 [Bin]:9846 [FullTime]:3590.17 [SkipTime]:0 [Veto1]:621.544 [Veto2]:640.261 [Veto3]:405.579 [Veto4]:405.579 [SgUp1]:175470 [SgUp2]:171101 [SgUp3]:0 [SgUp4]:0 [SgLow1]:175113 [SgLow2]:170759 [SgLow3]:0 [SgLow4]:0 [NetMuon1]:592695 [NetMuon2]:589626 [NetMuon3]:636101 [NetMuon4]:636101
[Run]:37322 [Site]:1 [Bin]:9847 [FullTime]:3590.17 [SkipTime]:0 [Veto1]:602.062 [Veto2]:611.017 [Veto3]:405.246 [Veto4]:405.246 [SgUp1]:176341 [SgUp2]:173504 [SgUp3]:0 [SgUp4]:0 [SgLow1]:175970 [SgLow2]:173129 [SgLow3]:0 [SgLow4]:0 [NetMuon1]:596561 [NetMuon2]:594743 [NetMuon3]:635805 [NetMuon4]:635805
[Run]:37322 [Site]:1 [Bin]:9848 [FullTime]:3590.17 [SkipTime]:0 [Veto1]:629.087 [Veto2]:623.774 [Veto3]:405.971 [Veto4]:405.971 [SgUp1]:174907 [SgUp2]:173257 [SgUp3]:0 [SgUp4]:0 [SgLow1]:174511 [SgLow2]:172824 [SgLow3]:0 [SgLow4]:0 [NetMuon1]:592361 [NetMuon2]:593230 [NetMuon3]:636828 [NetMuon4]:636828
[Run]:37322 [Site]:1 [Bin]:9849 [FullTime]:3590.17 [SkipTime]:0 [Veto1]:616.255 [Veto2]:595.841 [Veto3]:405.085 [Veto4]:405.085 [SgUp1]:175552 [SgUp2]:174880 [SgUp3]:0 [SgUp4]:0 [SgLow1]:175173 [SgLow2]:174520 [SgLow3]:0 [SgLow4]:0 [NetMuon1]:593747 [NetMuon2]:597545 [NetMuon3]:635841 [NetMuon4]:635841
[Run]:37322 [Site]:1 [Bin]:9850 [FullTime]:3590.17 [SkipTime]:0 [Veto1]:643.599 [Veto2]:625.697 [Veto3]:404.869 [Veto4]:404.869 [SgUp1]:174223 [SgUp2]:171413 [SgUp3]:0 [SgUp4]:0 [SgLow1]:173850 [SgLow2]:171041 [SgLow3]:0 [SgLow4]:0 [NetMuon1]:587505 [NetMuon2]:590995 [NetMuon3]:635153 [NetMuon4]:635153
[Run]:37322 [Site]:1 [Bin]:9851 [FullTime]:3590.17 [SkipTime]:0 [Veto1]:620.942 [Veto2]:644.46 [Veto3]:405.268 [Veto4]:405.268 [SgUp1]:175482 [SgUp2]:172054 [SgUp3]:0 [SgUp4]:0 [SgLow1]:175133 [SgLow2]:171677 [SgLow3]:0 [SgLow4]:0 [NetMuon1]:593139 [NetMuon2]:588200 [NetMuon3]:635857 [NetMuon4]:635857
[Run]:37322 [Site]:1 [Bin]:9852 [FullTime]:3590.17 [SkipTime]:0 [Veto1]:631.489 [Veto2]:629.527 [Veto3]:405.757 [Veto4]:405.757 [SgUp1]:174989 [SgUp2]:172564 [SgUp3]:0 [SgUp4]:0 [SgLow1]:174578 [SgLow2]:172166 [SgLow3]:0 [SgLow4]:0 [NetMuon1]:591128 [NetMuon2]:591248 [NetMuon3]:636227 [NetMuon4]:636227
[Run]:37322 [Site]:1 [Bin]:9853 [FullTime]:3590.17 [SkipTime]:0 [Veto1]:604.797 [Veto2]:649.167 [Veto3]:405.55 [Veto4]:405.55 [SgUp1]:176769 [SgUp2]:171725 [SgUp3]:0 [SgUp4]:0 [SgLow1]:176393 [SgLow2]:171350 [SgLow3]:0 [SgLow4]:0 [NetMuon1]:596111 [NetMuon2]:587679 [NetMuon3]:636218 [NetMuon4]:636218
[Run]:37322 [Site]:1 [Bin]:9854 [FullTime]:3590.17 [SkipTime]:0 [Veto1]:639.125 [Veto2]:622.112 [Veto3]:405.681 [Veto4]:405.681 [SgUp1]:175093 [SgUp2]:173313 [SgUp3]:0 [SgUp4]:0 [SgLow1]:174745 [SgLow2]:172922 [SgLow3]:0 [SgLow4]:0 [NetMuon1]:589807 [NetMuon2]:592833 [NetMuon3]:636099 [NetMuon4]:636099
[Run]:37322 [Site]:1 [Bin]:9855 [FullTime]:3590.17 [SkipTime]:0 [Veto1]:585.057 [Veto2]:611.699 [Veto3]:405.168 [Veto4]:405.168 [SgUp1]:176970 [SgUp2]:173600 [SgUp3]:0 [SgUp4]:0 [SgLow1]:176560 [SgLow2]:173240 [SgLow3]:0 [SgLow4]:0 [NetMuon1]:599842 [NetMuon2]:594241 [NetMuon3]:635654 [NetMuon4]:635654
[Run]:37322 [Site]:1 [Bin]:9856 [FullTime]:3590.17 [SkipTime]:0 [Veto1]:629.046 [Veto2]:638.289 [Veto3]:405.292 [Veto4]:405.292 [SgUp1]:175782 [SgUp2]:171210 [SgUp3]:0 [SgUp4]:0 [SgLow1]:175425 [SgLow2]:170863 [SgLow3]:0 [SgLow4]:0 [NetMuon1]:591516 [NetMuon2]:589196 [NetMuon3]:635788 [NetMuon4]:635788
[Run]:37322 [Site]:1 [Bin]:9857 [FullTime]:3590.17 [SkipTime]:0 [Veto1]:605.126 [Veto2]:606.667 [Veto3]:404.49 [Veto4]:404.49 [SgUp1]:176026 [SgUp2]:173418 [SgUp3]:0 [SgUp4]:0 [SgLow1]:175658 [SgLow2]:173057 [SgLow3]:0 [SgLow4]:0 [NetMuon1]:594713 [NetMuon2]:593946 [NetMuon3]:634519 [NetMuon4]:634519
[Run]:37322 [Site]:1 [Bin]:9858 [FullTime]:3590.17 [SkipTime]:0 [Veto1]:626.363 [Veto2]:637.478 [Veto3]:405.868 [Veto4]:405.868 [SgUp1]:175084 [SgUp2]:172307 [SgUp3]:0 [SgUp4]:0 [SgLow1]:174731 [SgLow2]:171941 [SgLow3]:0 [SgLow4]:0 [NetMuon1]:593040 [NetMuon2]:590798 [NetMuon3]:636909 [NetMuon4]:636909
[Run]:37322 [Site]:1 [Bin]:9859 [FullTime]:3590.17 [SkipTime]:0 [Veto1]:620.286 [Veto2]:629.199 [Veto3]:405.41 [Veto4]:405.41 [SgUp1]:175135 [SgUp2]:172959 [SgUp3]:0 [SgUp4]:0 [SgLow1]:174749 [SgLow2]:172568 [SgLow3]:0 [SgLow4]:0 [NetMuon1]:593450 [NetMuon2]:591632 [NetMuon3]:636116 [NetMuon4]:636116
[Run]:37322 [Site]:1 [Bin]:9860 [FullTime]:3590.17 [SkipTime]:0 [Veto1]:601.953 [Veto2]:644.18 [Veto3]:404.668 [Veto4]:404.668 [SgUp1]:176836 [SgUp2]:171548 [SgUp3]:0 [SgUp4]:0 [SgLow1]:176448 [SgLow2]:171196 [SgLow3]:0 [SgLow4]:0 [NetMuon1]:595503 [NetMuon2]:587188 [NetMuon3]:634914 [NetMuon4]:634914
[Run]:37322 [Site]:1 [Bin]:9861 [FullTime]:3590.17 [SkipTime]:0 [Veto1]:602.344 [Veto2]:623.116 [Veto3]:405.746 [Veto4]:405.746 [SgUp1]:177523 [SgUp2]:173380 [SgUp3]:0 [SgUp4]:0 [SgLow1]:177139 [SgLow2]:173011 [SgLow3]:0 [SgLow4]:0 [NetMuon1]:597222 [NetMuon2]:593247 [NetMuon3]:636641 [NetMuon4]:636641
[Run]:37322 [Site]:1 [Bin]:9862 [FullTime]:3590.17 [SkipTime]:0 [Veto1]:626.694 [Veto2]:618.819 [Veto3]:405.378 [Veto4]:405.378 [SgUp1]:175566 [SgUp2]:173225 [SgUp3]:0 [SgUp4]:0 [SgLow1]:175178 [SgLow2]:172864 [SgLow3]:0 [SgLow4]:0 [NetMuon1]:592082 [NetMuon2]:593705 [NetMuon3]:635980 [NetMuon4]:635980
[Run]:37322 [Site]:1 [Bin]:9863 [FullTime]:3590.17 [SkipTime]:0 [Veto1]:621.538 [Veto2]:642.756 [Veto3]:404.663 [Veto4]:404.663 [SgUp1]:175963 [SgUp2]:171899 [SgUp3]:0 [SgUp4]:0 [SgLow1]:175577 [SgLow2]:171596 [SgLow3]:0 [SgLow4]:0 [NetMuon1]:591765 [NetMuon2]:587121 [NetMuon3]:634905 [NetMuon4]:634905
[Run]:37322 [Site]:1 [Bin]:9864 [FullTime]:3590.17 [SkipTime]:0 [Veto1]:621.656 [Veto2]:637.614 [Veto3]:404.941 [Veto4]:404.941 [SgUp1]:175108 [SgUp2]:172335 [SgUp3]:0 [SgUp4]:0 [SgLow1]:174731 [SgLow2]:171957 [SgLow3]:0 [SgLow4]:0 [NetMuon1]:592053 [NetMuon2]:588544 [NetMuon3]:635175 [NetMuon4]:635175
[Run]:37322 [Site]:1 [Bin]:9865 [FullTime]:3590.17 [SkipTime]:0 [Veto1]:624.26 [Veto2]:621.92 [Veto3]:404.015 [Veto4]:404.015 [SgUp1]:175622 [SgUp2]:172496 [SgUp3]:0 [SgUp4]:0 [SgLow1]:175227 [SgLow2]:172122 [SgLow3]:0 [SgLow4]:0 [NetMuon1]:590215 [NetMuon2]:590791 [NetMuon3]:634003 [NetMuon4]:634003
[Run]:37322 [Site]:1 [Bin]:9866 [FullTime]:3590.17 [SkipTime]:0 [Veto1]:611.771 [Veto2]:638.525 [Veto3]:404.381 [Veto4]:404.381 [SgUp1]:176452 [SgUp2]:171463 [SgUp3]:0 [SgUp4]:0 [SgLow1]:176096 [SgLow2]:171085 [SgLow3]:0 [SgLow4]:0 [NetMuon1]:592949 [NetMuon2]:588063 [NetMuon3]:634484 [NetMuon4]:634484
[Run]:37322 [Site]:1 [Bin]:9867 [FullTime]:3590.17 [SkipTime]:0 [Veto1]:624.6 [Veto2]:655.574 [Veto3]:405.158 [Veto4]:405.158 [SgUp1]:175607 [SgUp2]:171053 [SgUp3]:0 [SgUp4]:0 [SgLow1]:175221 [SgLow2]:170694 [SgLow3]:0 [SgLow4]:0 [NetMuon1]:591929 [NetMuon2]:586007 [NetMuon3]:636006 [NetMuon4]:636006
[Run]:37322 [Site]:1 [Bin]:9868 [FullTime]:3590.17 [SkipTime]:0 [Veto1]:634.566 [Veto2]:635.3 [Veto3]:404.643 [Veto4]:404.643 [SgUp1]:174633 [SgUp2]:172644 [SgUp3]:0 [SgUp4]:0 [SgLow1]:174223 [SgLow2]:172280 [SgLow3]:0 [SgLow4]:0 [NetMuon1]:588445 [NetMuon2]:588778 [NetMuon3]:634818 [NetMuon4]:634818
End process Run: 37322 ... 
[Run]:37322 [Site]:1 [Bin]:9869 [FullTime]:2781.99 [SkipTime]:0 [Veto1]:464.676 [Veto2]:500.412 [Veto3]:314.349 [Veto4]:314.349
