StreamChain add 0x101dd7e0
Start to process run: 37119 ... 
[Run]:37119 [Site]:1 [Bin]:9583 [FullTime]:1622.05 [SkipTime]:0 [Veto1]:283.595 [Veto2]:269.46 [Veto3]:182.399 [Veto4]:182.399 [SgUp1]:79190 [SgUp2]:78327 [SgUp3]:0 [SgUp4]:0 [SgLow1]:79022 [SgLow2]:78160 [SgLow3]:0 [SgLow4]:0 [NetMuon1]:266233 [NetMuon2]:268940 [NetMuon3]:286226 [NetMuon4]:286226
[Run]:37119 [Site]:1 [Bin]:9584 [FullTime]:3590.17 [SkipTime]:0 [Veto1]:624.324 [Veto2]:643.164 [Veto3]:403.7 [Veto4]:403.7 [SgUp1]:175737 [SgUp2]:171281 [SgUp3]:0 [SgUp4]:0 [SgLow1]:175379 [SgLow2]:170916 [SgLow3]:0 [SgLow4]:0 [NetMuon1]:589548 [NetMuon2]:585849 [NetMuon3]:633339 [NetMuon4]:633339
[Run]:37119 [Site]:1 [Bin]:9585 [FullTime]:3590.17 [SkipTime]:0 [Veto1]:604.3 [Veto2]:644.254 [Veto3]:403.246 [Veto4]:403.246 [SgUp1]:176500 [SgUp2]:172334 [SgUp3]:0 [SgUp4]:0 [SgLow1]:176146 [SgLow2]:171970 [SgLow3]:0 [SgLow4]:0 [NetMuon1]:592920 [NetMuon2]:584912 [NetMuon3]:632814 [NetMuon4]:632814
[Run]:37119 [Site]:1 [Bin]:9586 [FullTime]:3590.17 [SkipTime]:0 [Veto1]:598.376 [Veto2]:601.672 [Veto3]:403.358 [Veto4]:403.358 [SgUp1]:177395 [SgUp2]:173714 [SgUp3]:0 [SgUp4]:0 [SgLow1]:177003 [SgLow2]:173348 [SgLow3]:0 [SgLow4]:0 [NetMuon1]:594064 [NetMuon2]:593372 [NetMuon3]:632955 [NetMuon4]:632955
[Run]:37119 [Site]:1 [Bin]:9587 [FullTime]:3590.17 [SkipTime]:0 [Veto1]:619.105 [Veto2]:625.667 [Veto3]:403.796 [Veto4]:403.796 [SgUp1]:175042 [SgUp2]:173146 [SgUp3]:0 [SgUp4]:0 [SgLow1]:174743 [SgLow2]:172759 [SgLow3]:0 [SgLow4]:0 [NetMuon1]:591001 [NetMuon2]:589931 [NetMuon3]:633812 [NetMuon4]:633812
[Run]:37119 [Site]:1 [Bin]:9588 [FullTime]:3590.17 [SkipTime]:0 [Veto1]:637.837 [Veto2]:615.418 [Veto3]:403.31 [Veto4]:403.31 [SgUp1]:174861 [SgUp2]:173190 [SgUp3]:0 [SgUp4]:0 [SgLow1]:174474 [SgLow2]:172865 [SgLow3]:0 [SgLow4]:0 [NetMuon1]:586366 [NetMuon2]:591024 [NetMuon3]:632927 [NetMuon4]:632927
[Run]:37119 [Site]:1 [Bin]:9589 [FullTime]:3590.17 [SkipTime]:0 [Veto1]:607.023 [Veto2]:618.628 [Veto3]:403.106 [Veto4]:403.106 [SgUp1]:176727 [SgUp2]:171846 [SgUp3]:0 [SgUp4]:0 [SgLow1]:176374 [SgLow2]:171482 [SgLow3]:0 [SgLow4]:0 [NetMuon1]:592034 [NetMuon2]:590159 [NetMuon3]:632656 [NetMuon4]:632656
[Run]:37119 [Site]:1 [Bin]:9590 [FullTime]:3590.17 [SkipTime]:0 [Veto1]:618.562 [Veto2]:596.109 [Veto3]:403.884 [Veto4]:403.884 [SgUp1]:175619 [SgUp2]:174347 [SgUp3]:0 [SgUp4]:0 [SgLow1]:175287 [SgLow2]:173959 [SgLow3]:0 [SgLow4]:0 [NetMuon1]:590926 [NetMuon2]:595830 [NetMuon3]:633605 [NetMuon4]:633605
[Run]:37119 [Site]:1 [Bin]:9591 [FullTime]:3590.17 [SkipTime]:0 [Veto1]:615.213 [Veto2]:631.208 [Veto3]:404.311 [Veto4]:404.311 [SgUp1]:175670 [SgUp2]:172634 [SgUp3]:0 [SgUp4]:0 [SgLow1]:175314 [SgLow2]:172261 [SgLow3]:0 [SgLow4]:0 [NetMuon1]:592327 [NetMuon2]:589293 [NetMuon3]:634327 [NetMuon4]:634327
[Run]:37119 [Site]:1 [Bin]:9592 [FullTime]:3590.17 [SkipTime]:0 [Veto1]:606.88 [Veto2]:614.045 [Veto3]:404.138 [Veto4]:404.138 [SgUp1]:176505 [SgUp2]:173460 [SgUp3]:0 [SgUp4]:0 [SgLow1]:176149 [SgLow2]:173112 [SgLow3]:0 [SgLow4]:0 [NetMuon1]:593383 [NetMuon2]:592556 [NetMuon3]:634041 [NetMuon4]:634041
[Run]:37119 [Site]:1 [Bin]:9593 [FullTime]:3590.17 [SkipTime]:0 [Veto1]:608.688 [Veto2]:620.58 [Veto3]:403.608 [Veto4]:403.608 [SgUp1]:176474 [SgUp2]:172950 [SgUp3]:0 [SgUp4]:0 [SgLow1]:176113 [SgLow2]:172622 [SgLow3]:0 [SgLow4]:0 [NetMuon1]:592749 [NetMuon2]:590145 [NetMuon3]:633245 [NetMuon4]:633245
[Run]:37119 [Site]:1 [Bin]:9594 [FullTime]:3590.17 [SkipTime]:0 [Veto1]:598.794 [Veto2]:612.681 [Veto3]:404.052 [Veto4]:404.052 [SgUp1]:176895 [SgUp2]:173960 [SgUp3]:0 [SgUp4]:0 [SgLow1]:176546 [SgLow2]:173569 [SgLow3]:0 [SgLow4]:0 [NetMuon1]:595498 [NetMuon2]:592740 [NetMuon3]:634109 [NetMuon4]:634109
[Run]:37119 [Site]:1 [Bin]:9595 [FullTime]:3590.17 [SkipTime]:0 [Veto1]:618.046 [Veto2]:614.008 [Veto3]:403.501 [Veto4]:403.501 [SgUp1]:175611 [SgUp2]:174206 [SgUp3]:0 [SgUp4]:0 [SgLow1]:175197 [SgLow2]:173805 [SgLow3]:0 [SgLow4]:0 [NetMuon1]:590882 [NetMuon2]:591155 [NetMuon3]:633157 [NetMuon4]:633157
[Run]:37119 [Site]:1 [Bin]:9596 [FullTime]:3590.18 [SkipTime]:0 [Veto1]:635.082 [Veto2]:616.651 [Veto3]:403.635 [Veto4]:403.635 [SgUp1]:175085 [SgUp2]:173032 [SgUp3]:0 [SgUp4]:0 [SgLow1]:174680 [SgLow2]:172675 [SgLow3]:0 [SgLow4]:0 [NetMuon1]:587665 [NetMuon2]:591035 [NetMuon3]:633415 [NetMuon4]:633415
[Run]:37119 [Site]:1 [Bin]:9597 [FullTime]:3590.17 [SkipTime]:0 [Veto1]:597.601 [Veto2]:633.911 [Veto3]:403.696 [Veto4]:403.696 [SgUp1]:176616 [SgUp2]:172168 [SgUp3]:0 [SgUp4]:0 [SgLow1]:176211 [SgLow2]:171785 [SgLow3]:0 [SgLow4]:0 [NetMuon1]:594802 [NetMuon2]:587352 [NetMuon3]:633485 [NetMuon4]:633485
[Run]:37119 [Site]:1 [Bin]:9598 [FullTime]:3590.17 [SkipTime]:0 [Veto1]:624.85 [Veto2]:633.631 [Veto3]:404.385 [Veto4]:404.385 [SgUp1]:175086 [SgUp2]:172391 [SgUp3]:0 [SgUp4]:0 [SgLow1]:174745 [SgLow2]:172065 [SgLow3]:0 [SgLow4]:0 [NetMuon1]:590336 [NetMuon2]:588974 [NetMuon3]:634582 [NetMuon4]:634582
[Run]:37119 [Site]:1 [Bin]:9599 [FullTime]:3590.17 [SkipTime]:0 [Veto1]:607.322 [Veto2]:656.485 [Veto3]:404.279 [Veto4]:404.279 [SgUp1]:176880 [SgUp2]:170626 [SgUp3]:0 [SgUp4]:0 [SgLow1]:176479 [SgLow2]:170272 [SgLow3]:0 [SgLow4]:0 [NetMuon1]:594132 [NetMuon2]:584253 [NetMuon3]:634586 [NetMuon4]:634586
[Run]:37119 [Site]:1 [Bin]:9600 [FullTime]:3590.17 [SkipTime]:0 [Veto1]:598.438 [Veto2]:637.808 [Veto3]:404.146 [Veto4]:404.146 [SgUp1]:176574 [SgUp2]:171416 [SgUp3]:0 [SgUp4]:0 [SgLow1]:176169 [SgLow2]:171017 [SgLow3]:0 [SgLow4]:0 [NetMuon1]:595422 [NetMuon2]:587457 [NetMuon3]:634026 [NetMuon4]:634026
[Run]:37119 [Site]:1 [Bin]:9601 [FullTime]:3590.17 [SkipTime]:0 [Veto1]:627.24 [Veto2]:629.74 [Veto3]:404.754 [Veto4]:404.754 [SgUp1]:174939 [SgUp2]:172954 [SgUp3]:0 [SgUp4]:0 [SgLow1]:174561 [SgLow2]:172615 [SgLow3]:0 [SgLow4]:0 [NetMuon1]:590455 [NetMuon2]:589816 [NetMuon3]:634830 [NetMuon4]:634830
[Run]:37119 [Site]:1 [Bin]:9602 [FullTime]:3590.17 [SkipTime]:0 [Veto1]:613.715 [Veto2]:631.311 [Veto3]:404.325 [Veto4]:404.325 [SgUp1]:176505 [SgUp2]:171733 [SgUp3]:0 [SgUp4]:0 [SgLow1]:176112 [SgLow2]:171384 [SgLow3]:0 [SgLow4]:0 [NetMuon1]:592742 [NetMuon2]:589265 [NetMuon3]:634466 [NetMuon4]:634466
[Run]:37119 [Site]:1 [Bin]:9603 [FullTime]:3590.17 [SkipTime]:0 [Veto1]:604.962 [Veto2]:627.898 [Veto3]:404.068 [Veto4]:404.068 [SgUp1]:177205 [SgUp2]:172357 [SgUp3]:0 [SgUp4]:0 [SgLow1]:176807 [SgLow2]:172004 [SgLow3]:0 [SgLow4]:0 [NetMuon1]:594261 [NetMuon2]:589112 [NetMuon3]:634093 [NetMuon4]:634093
[Run]:37119 [Site]:1 [Bin]:9604 [FullTime]:3590.17 [SkipTime]:0 [Veto1]:605.722 [Veto2]:620.846 [Veto3]:405.039 [Veto4]:405.039 [SgUp1]:176645 [SgUp2]:173783 [SgUp3]:0 [SgUp4]:0 [SgLow1]:176274 [SgLow2]:173382 [SgLow3]:0 [SgLow4]:0 [NetMuon1]:595529 [NetMuon2]:592644 [NetMuon3]:635432 [NetMuon4]:635432
[Run]:37119 [Site]:1 [Bin]:9605 [FullTime]:3590.17 [SkipTime]:0 [Veto1]:637.036 [Veto2]:612.238 [Veto3]:404.285 [Veto4]:404.285 [SgUp1]:174724 [SgUp2]:173566 [SgUp3]:0 [SgUp4]:0 [SgLow1]:174354 [SgLow2]:173229 [SgLow3]:0 [SgLow4]:0 [NetMuon1]:587985 [NetMuon2]:593049 [NetMuon3]:634204 [NetMuon4]:634204
[Run]:37119 [Site]:1 [Bin]:9606 [FullTime]:3590.18 [SkipTime]:0 [Veto1]:637.943 [Veto2]:630.69 [Veto3]:404.319 [Veto4]:404.319 [SgUp1]:175552 [SgUp2]:171898 [SgUp3]:0 [SgUp4]:0 [SgLow1]:175153 [SgLow2]:171556 [SgLow3]:0 [SgLow4]:0 [NetMuon1]:587887 [NetMuon2]:588717 [NetMuon3]:634214 [NetMuon4]:634214
[Run]:37119 [Site]:1 [Bin]:9607 [FullTime]:3590.17 [SkipTime]:0 [Veto1]:617.45 [Veto2]:608.089 [Veto3]:404.029 [Veto4]:404.029 [SgUp1]:176723 [SgUp2]:174058 [SgUp3]:0 [SgUp4]:0 [SgLow1]:176359 [SgLow2]:173661 [SgLow3]:0 [SgLow4]:0 [NetMuon1]:591114 [NetMuon2]:592970 [NetMuon3]:633670 [NetMuon4]:633670
[Run]:37119 [Site]:1 [Bin]:9608 [FullTime]:3590.17 [SkipTime]:0 [Veto1]:596.022 [Veto2]:635.821 [Veto3]:403.649 [Veto4]:403.649 [SgUp1]:177924 [SgUp2]:172462 [SgUp3]:0 [SgUp4]:0 [SgLow1]:177548 [SgLow2]:172085 [SgLow3]:0 [SgLow4]:0 [NetMuon1]:595099 [NetMuon2]:587286 [NetMuon3]:633202 [NetMuon4]:633202
[Run]:37119 [Site]:1 [Bin]:9609 [FullTime]:3590.17 [SkipTime]:0 [Veto1]:612.696 [Veto2]:624.298 [Veto3]:404.867 [Veto4]:404.867 [SgUp1]:176169 [SgUp2]:172550 [SgUp3]:0 [SgUp4]:0 [SgLow1]:175773 [SgLow2]:172201 [SgLow3]:0 [SgLow4]:0 [NetMuon1]:593296 [NetMuon2]:591251 [NetMuon3]:635360 [NetMuon4]:635360
[Run]:37119 [Site]:1 [Bin]:9610 [FullTime]:3590.17 [SkipTime]:0 [Veto1]:606.237 [Veto2]:623.273 [Veto3]:404.342 [Veto4]:404.342 [SgUp1]:176546 [SgUp2]:173230 [SgUp3]:0 [SgUp4]:0 [SgLow1]:176167 [SgLow2]:172815 [SgLow3]:0 [SgLow4]:0 [NetMuon1]:594371 [NetMuon2]:590763 [NetMuon3]:634443 [NetMuon4]:634443
[Run]:37119 [Site]:1 [Bin]:9611 [FullTime]:3590.17 [SkipTime]:0 [Veto1]:618.19 [Veto2]:611.68 [Veto3]:405.034 [Veto4]:405.034 [SgUp1]:175595 [SgUp2]:173596 [SgUp3]:0 [SgUp4]:0 [SgLow1]:175231 [SgLow2]:173270 [SgLow3]:0 [SgLow4]:0 [NetMuon1]:592849 [NetMuon2]:594634 [NetMuon3]:635532 [NetMuon4]:635532
[Run]:37119 [Site]:1 [Bin]:9612 [FullTime]:3590.17 [SkipTime]:0 [Veto1]:627.36 [Veto2]:628.679 [Veto3]:404.376 [Veto4]:404.376 [SgUp1]:175761 [SgUp2]:172643 [SgUp3]:0 [SgUp4]:0 [SgLow1]:175345 [SgLow2]:172234 [SgLow3]:0 [SgLow4]:0 [NetMuon1]:590057 [NetMuon2]:589441 [NetMuon3]:634373 [NetMuon4]:634373
[Run]:37119 [Site]:1 [Bin]:9613 [FullTime]:3590.17 [SkipTime]:0 [Veto1]:610.671 [Veto2]:626.507 [Veto3]:404.941 [Veto4]:404.941 [SgUp1]:176345 [SgUp2]:173327 [SgUp3]:0 [SgUp4]:0 [SgLow1]:175946 [SgLow2]:172962 [SgLow3]:0 [SgLow4]:0 [NetMuon1]:594683 [NetMuon2]:591381 [NetMuon3]:635527 [NetMuon4]:635527
[Run]:37119 [Site]:1 [Bin]:9614 [FullTime]:3590.17 [SkipTime]:0 [Veto1]:600.635 [Veto2]:631.473 [Veto3]:404.452 [Veto4]:404.452 [SgUp1]:177237 [SgUp2]:172946 [SgUp3]:0 [SgUp4]:0 [SgLow1]:176869 [SgLow2]:172522 [SgLow3]:0 [SgLow4]:0 [NetMuon1]:595384 [NetMuon2]:589558 [NetMuon3]:634575 [NetMuon4]:634575
[Run]:37119 [Site]:1 [Bin]:9615 [FullTime]:3590.17 [SkipTime]:0 [Veto1]:629.841 [Veto2]:633.976 [Veto3]:404.266 [Veto4]:404.266 [SgUp1]:175249 [SgUp2]:172339 [SgUp3]:0 [SgUp4]:0 [SgLow1]:174887 [SgLow2]:172022 [SgLow3]:0 [SgLow4]:0 [NetMuon1]:589396 [NetMuon2]:588353 [NetMuon3]:634097 [NetMuon4]:634097
[Run]:37119 [Site]:1 [Bin]:9616 [FullTime]:3590.17 [SkipTime]:0 [Veto1]:616.817 [Veto2]:639.685 [Veto3]:404.296 [Veto4]:404.296 [SgUp1]:175347 [SgUp2]:171764 [SgUp3]:0 [SgUp4]:0 [SgLow1]:174943 [SgLow2]:171409 [SgLow3]:0 [SgLow4]:0 [NetMuon1]:592098 [NetMuon2]:587341 [NetMuon3]:634329 [NetMuon4]:634329
[Run]:37119 [Site]:1 [Bin]:9617 [FullTime]:3590.17 [SkipTime]:0 [Veto1]:604.463 [Veto2]:631.379 [Veto3]:403.957 [Veto4]:403.957 [SgUp1]:177062 [SgUp2]:173245 [SgUp3]:0 [SgUp4]:0 [SgLow1]:176703 [SgLow2]:172860 [SgLow3]:0 [SgLow4]:0 [NetMuon1]:593990 [NetMuon2]:588014 [NetMuon3]:633829 [NetMuon4]:633829
[Run]:37119 [Site]:1 [Bin]:9618 [FullTime]:3590.17 [SkipTime]:0 [Veto1]:596.71 [Veto2]:616.796 [Veto3]:403.498 [Veto4]:403.498 [SgUp1]:176884 [SgUp2]:174091 [SgUp3]:0 [SgUp4]:0 [SgLow1]:176504 [SgLow2]:173737 [SgLow3]:0 [SgLow4]:0 [NetMuon1]:594908 [NetMuon2]:590444 [NetMuon3]:633203 [NetMuon4]:633203
[Run]:37119 [Site]:1 [Bin]:9619 [FullTime]:3590.17 [SkipTime]:0 [Veto1]:612.92 [Veto2]:622.736 [Veto3]:404.014 [Veto4]:404.014 [SgUp1]:175811 [SgUp2]:172941 [SgUp3]:0 [SgUp4]:0 [SgLow1]:175423 [SgLow2]:172557 [SgLow3]:0 [SgLow4]:0 [NetMuon1]:592541 [NetMuon2]:590305 [NetMuon3]:634011 [NetMuon4]:634011
[Run]:37119 [Site]:1 [Bin]:9620 [FullTime]:3590.17 [SkipTime]:0 [Veto1]:629.383 [Veto2]:628.874 [Veto3]:404.299 [Veto4]:404.299 [SgUp1]:175316 [SgUp2]:172928 [SgUp3]:0 [SgUp4]:0 [SgLow1]:175007 [SgLow2]:172554 [SgLow3]:0 [SgLow4]:0 [NetMuon1]:589704 [NetMuon2]:589449 [NetMuon3]:634538 [NetMuon4]:634538
[Run]:37119 [Site]:1 [Bin]:9621 [FullTime]:3590.17 [SkipTime]:0 [Veto1]:613.513 [Veto2]:634.634 [Veto3]:404.214 [Veto4]:404.214 [SgUp1]:176267 [SgUp2]:172611 [SgUp3]:0 [SgUp4]:0 [SgLow1]:175903 [SgLow2]:172279 [SgLow3]:0 [SgLow4]:0 [NetMuon1]:592630 [NetMuon2]:588295 [NetMuon3]:634178 [NetMuon4]:634178
[Run]:37119 [Site]:1 [Bin]:9622 [FullTime]:3590.17 [SkipTime]:0 [Veto1]:584.8 [Veto2]:611.645 [Veto3]:403.052 [Veto4]:403.052 [SgUp1]:176809 [SgUp2]:173381 [SgUp3]:0 [SgUp4]:0 [SgLow1]:176456 [SgLow2]:173022 [SgLow3]:0 [SgLow4]:0 [NetMuon1]:596386 [NetMuon2]:590910 [NetMuon3]:632421 [NetMuon4]:632421
[Run]:37119 [Site]:1 [Bin]:9623 [FullTime]:3590.17 [SkipTime]:0 [Veto1]:613.397 [Veto2]:621.356 [Veto3]:404.587 [Veto4]:404.587 [SgUp1]:175616 [SgUp2]:173271 [SgUp3]:0 [SgUp4]:0 [SgLow1]:175186 [SgLow2]:172857 [SgLow3]:0 [SgLow4]:0 [NetMuon1]:593552 [NetMuon2]:591853 [NetMuon3]:635006 [NetMuon4]:635006
[Run]:37119 [Site]:1 [Bin]:9624 [FullTime]:3590.17 [SkipTime]:0 [Veto1]:609.89 [Veto2]:626.543 [Veto3]:404.42 [Veto4]:404.42 [SgUp1]:176128 [SgUp2]:173330 [SgUp3]:0 [SgUp4]:0 [SgLow1]:175746 [SgLow2]:172962 [SgLow3]:0 [SgLow4]:0 [NetMuon1]:593392 [NetMuon2]:589772 [NetMuon3]:634446 [NetMuon4]:634446
[Run]:37119 [Site]:1 [Bin]:9625 [FullTime]:3590.17 [SkipTime]:0 [Veto1]:622.868 [Veto2]:615.261 [Veto3]:403.713 [Veto4]:403.713 [SgUp1]:175342 [SgUp2]:173640 [SgUp3]:0 [SgUp4]:0 [SgLow1]:174962 [SgLow2]:173269 [SgLow3]:0 [SgLow4]:0 [NetMuon1]:589661 [NetMuon2]:591427 [NetMuon3]:633415 [NetMuon4]:633415
[Run]:37119 [Site]:1 [Bin]:9626 [FullTime]:3590.17 [SkipTime]:0 [Veto1]:600.18 [Veto2]:631.796 [Veto3]:403.804 [Veto4]:403.804 [SgUp1]:176298 [SgUp2]:173525 [SgUp3]:0 [SgUp4]:0 [SgLow1]:175937 [SgLow2]:173194 [SgLow3]:0 [SgLow4]:0 [NetMuon1]:594777 [NetMuon2]:588311 [NetMuon3]:633859 [NetMuon4]:633859
[Run]:37119 [Site]:1 [Bin]:9627 [FullTime]:3590.17 [SkipTime]:0 [Veto1]:614.613 [Veto2]:618.766 [Veto3]:404.429 [Veto4]:404.429 [SgUp1]:175959 [SgUp2]:172939 [SgUp3]:0 [SgUp4]:0 [SgLow1]:175564 [SgLow2]:172550 [SgLow3]:0 [SgLow4]:0 [NetMuon1]:592950 [NetMuon2]:592312 [NetMuon3]:634748 [NetMuon4]:634748
[Run]:37119 [Site]:1 [Bin]:9628 [FullTime]:3590.17 [SkipTime]:0 [Veto1]:616.151 [Veto2]:622.476 [Veto3]:405.23 [Veto4]:405.23 [SgUp1]:176242 [SgUp2]:173911 [SgUp3]:0 [SgUp4]:0 [SgLow1]:175882 [SgLow2]:173551 [SgLow3]:0 [SgLow4]:0 [NetMuon1]:593575 [NetMuon2]:592358 [NetMuon3]:635683 [NetMuon4]:635683
[Run]:37119 [Site]:1 [Bin]:9629 [FullTime]:3590.17 [SkipTime]:0 [Veto1]:605.603 [Veto2]:620.097 [Veto3]:404.288 [Veto4]:404.288 [SgUp1]:176740 [SgUp2]:173686 [SgUp3]:0 [SgUp4]:0 [SgLow1]:176344 [SgLow2]:173328 [SgLow3]:0 [SgLow4]:0 [NetMuon1]:594339 [NetMuon2]:591468 [NetMuon3]:634216 [NetMuon4]:634216
[Run]:37119 [Site]:1 [Bin]:9630 [FullTime]:3590.17 [SkipTime]:0 [Veto1]:614.626 [Veto2]:625.556 [Veto3]:403.765 [Veto4]:403.765 [SgUp1]:175411 [SgUp2]:173207 [SgUp3]:0 [SgUp4]:0 [SgLow1]:175056 [SgLow2]:172826 [SgLow3]:0 [SgLow4]:0 [NetMuon1]:591323 [NetMuon2]:589435 [NetMuon3]:633615 [NetMuon4]:633615
[Run]:37119 [Site]:1 [Bin]:9631 [FullTime]:3590.17 [SkipTime]:0 [Veto1]:630.579 [Veto2]:638.36 [Veto3]:404.612 [Veto4]:404.612 [SgUp1]:175045 [SgUp2]:172669 [SgUp3]:0 [SgUp4]:0 [SgLow1]:174633 [SgLow2]:172276 [SgLow3]:0 [SgLow4]:0 [NetMuon1]:590176 [NetMuon2]:588053 [NetMuon3]:634901 [NetMuon4]:634901
[Run]:37119 [Site]:1 [Bin]:9632 [FullTime]:3590.17 [SkipTime]:0 [Veto1]:615.349 [Veto2]:638.981 [Veto3]:404.777 [Veto4]:404.777 [SgUp1]:176405 [SgUp2]:172186 [SgUp3]:0 [SgUp4]:0 [SgLow1]:176026 [SgLow2]:171817 [SgLow3]:0 [SgLow4]:0 [NetMuon1]:593015 [NetMuon2]:588205 [NetMuon3]:635030 [NetMuon4]:635030
[Run]:37119 [Site]:1 [Bin]:9633 [FullTime]:3590.17 [SkipTime]:0 [Veto1]:620.948 [Veto2]:630.577 [Veto3]:404.522 [Veto4]:404.522 [SgUp1]:175489 [SgUp2]:172632 [SgUp3]:0 [SgUp4]:0 [SgLow1]:175098 [SgLow2]:172268 [SgLow3]:0 [SgLow4]:0 [NetMuon1]:591254 [NetMuon2]:589516 [NetMuon3]:634662 [NetMuon4]:634662
[Run]:37119 [Site]:1 [Bin]:9634 [FullTime]:3590.17 [SkipTime]:0 [Veto1]:614.12 [Veto2]:641.181 [Veto3]:404.198 [Veto4]:404.198 [SgUp1]:175419 [SgUp2]:172619 [SgUp3]:0 [SgUp4]:0 [SgLow1]:175056 [SgLow2]:172242 [SgLow3]:0 [SgLow4]:0 [NetMuon1]:592317 [NetMuon2]:586970 [NetMuon3]:634055 [NetMuon4]:634055
[Run]:37119 [Site]:1 [Bin]:9635 [FullTime]:3590.17 [SkipTime]:0 [Veto1]:619.445 [Veto2]:625.49 [Veto3]:404.816 [Veto4]:404.816 [SgUp1]:175483 [SgUp2]:172761 [SgUp3]:0 [SgUp4]:0 [SgLow1]:175085 [SgLow2]:172375 [SgLow3]:0 [SgLow4]:0 [NetMuon1]:592377 [NetMuon2]:591271 [NetMuon3]:635034 [NetMuon4]:635034
[Run]:37119 [Site]:1 [Bin]:9636 [FullTime]:3590.17 [SkipTime]:0 [Veto1]:628.085 [Veto2]:636.785 [Veto3]:403.83 [Veto4]:403.83 [SgUp1]:174911 [SgUp2]:172415 [SgUp3]:0 [SgUp4]:0 [SgLow1]:174525 [SgLow2]:172129 [SgLow3]:0 [SgLow4]:0 [NetMuon1]:588968 [NetMuon2]:587507 [NetMuon3]:633678 [NetMuon4]:633678
[Run]:37119 [Site]:1 [Bin]:9637 [FullTime]:3590.17 [SkipTime]:0 [Veto1]:580.162 [Veto2]:629.106 [Veto3]:404.86 [Veto4]:404.86 [SgUp1]:178040 [SgUp2]:172967 [SgUp3]:0 [SgUp4]:0 [SgLow1]:177647 [SgLow2]:172604 [SgLow3]:0 [SgLow4]:0 [NetMuon1]:600147 [NetMuon2]:590184 [NetMuon3]:635238 [NetMuon4]:635238
[Run]:37119 [Site]:1 [Bin]:9638 [FullTime]:3590.17 [SkipTime]:0 [Veto1]:618.125 [Veto2]:631.612 [Veto3]:404.862 [Veto4]:404.862 [SgUp1]:175189 [SgUp2]:172330 [SgUp3]:0 [SgUp4]:0 [SgLow1]:174852 [SgLow2]:171983 [SgLow3]:0 [SgLow4]:0 [NetMuon1]:592935 [NetMuon2]:590158 [NetMuon3]:635374 [NetMuon4]:635374
[Run]:37119 [Site]:1 [Bin]:9639 [FullTime]:3590.17 [SkipTime]:0 [Veto1]:593.326 [Veto2]:641.344 [Veto3]:405.405 [Veto4]:405.405 [SgUp1]:177559 [SgUp2]:171941 [SgUp3]:0 [SgUp4]:0 [SgLow1]:177185 [SgLow2]:171565 [SgLow3]:0 [SgLow4]:0 [NetMuon1]:598616 [NetMuon2]:588929 [NetMuon3]:636019 [NetMuon4]:636019
[Run]:37119 [Site]:1 [Bin]:9640 [FullTime]:3590.17 [SkipTime]:0 [Veto1]:620.675 [Veto2]:636.996 [Veto3]:404.585 [Veto4]:404.585 [SgUp1]:176209 [SgUp2]:172121 [SgUp3]:0 [SgUp4]:0 [SgLow1]:175837 [SgLow2]:171777 [SgLow3]:0 [SgLow4]:0 [NetMuon1]:591515 [NetMuon2]:587895 [NetMuon3]:634616 [NetMuon4]:634616
[Run]:37119 [Site]:1 [Bin]:9641 [FullTime]:3590.17 [SkipTime]:0 [Veto1]:642.302 [Veto2]:620.095 [Veto3]:404.279 [Veto4]:404.279 [SgUp1]:173690 [SgUp2]:173682 [SgUp3]:0 [SgUp4]:0 [SgLow1]:173329 [SgLow2]:173271 [SgLow3]:0 [SgLow4]:0 [NetMuon1]:587078 [NetMuon2]:591448 [NetMuon3]:634222 [NetMuon4]:634222
[Run]:37119 [Site]:1 [Bin]:9642 [FullTime]:3590.17 [SkipTime]:0 [Veto1]:613.362 [Veto2]:627.069 [Veto3]:403.974 [Veto4]:403.974 [SgUp1]:176372 [SgUp2]:173751 [SgUp3]:0 [SgUp4]:0 [SgLow1]:175975 [SgLow2]:173402 [SgLow3]:0 [SgLow4]:0 [NetMuon1]:591805 [NetMuon2]:589366 [NetMuon3]:633904 [NetMuon4]:633904
[Run]:37119 [Site]:1 [Bin]:9643 [FullTime]:3590.17 [SkipTime]:0 [Veto1]:617.478 [Veto2]:632.622 [Veto3]:405.489 [Veto4]:405.489 [SgUp1]:175920 [SgUp2]:173138 [SgUp3]:0 [SgUp4]:0 [SgLow1]:175535 [SgLow2]:172748 [SgLow3]:0 [SgLow4]:0 [NetMuon1]:594160 [NetMuon2]:590903 [NetMuon3]:636397 [NetMuon4]:636397
[Run]:37119 [Site]:1 [Bin]:9644 [FullTime]:3590.17 [SkipTime]:0 [Veto1]:620.486 [Veto2]:623.095 [Veto3]:404.608 [Veto4]:404.608 [SgUp1]:175464 [SgUp2]:173752 [SgUp3]:0 [SgUp4]:0 [SgLow1]:175086 [SgLow2]:173387 [SgLow3]:0 [SgLow4]:0 [NetMuon1]:592333 [NetMuon2]:591384 [NetMuon3]:634791 [NetMuon4]:634791
[Run]:37119 [Site]:1 [Bin]:9645 [FullTime]:3590.17 [SkipTime]:0 [Veto1]:626.146 [Veto2]:642.036 [Veto3]:403.481 [Veto4]:403.481 [SgUp1]:175337 [SgUp2]:172332 [SgUp3]:0 [SgUp4]:0 [SgLow1]:174980 [SgLow2]:171972 [SgLow3]:0 [SgLow4]:0 [NetMuon1]:588794 [NetMuon2]:585655 [NetMuon3]:633044 [NetMuon4]:633044
[Run]:37119 [Site]:1 [Bin]:9646 [FullTime]:3590.17 [SkipTime]:0 [Veto1]:612.104 [Veto2]:636.056 [Veto3]:403.963 [Veto4]:403.963 [SgUp1]:176111 [SgUp2]:172944 [SgUp3]:0 [SgUp4]:0 [SgLow1]:175753 [SgLow2]:172564 [SgLow3]:0 [SgLow4]:0 [NetMuon1]:592036 [NetMuon2]:587529 [NetMuon3]:633719 [NetMuon4]:633719
[Run]:37119 [Site]:1 [Bin]:9647 [FullTime]:3590.17 [SkipTime]:0 [Veto1]:605.323 [Veto2]:623.757 [Veto3]:404.151 [Veto4]:404.151 [SgUp1]:176355 [SgUp2]:172744 [SgUp3]:0 [SgUp4]:0 [SgLow1]:176000 [SgLow2]:172350 [SgLow3]:0 [SgLow4]:0 [NetMuon1]:594207 [NetMuon2]:590150 [NetMuon3]:634192 [NetMuon4]:634192
[Run]:37119 [Site]:1 [Bin]:9648 [FullTime]:3590.17 [SkipTime]:0 [Veto1]:621.824 [Veto2]:614.405 [Veto3]:404.028 [Veto4]:404.028 [SgUp1]:176407 [SgUp2]:173640 [SgUp3]:0 [SgUp4]:0 [SgLow1]:176046 [SgLow2]:173289 [SgLow3]:0 [SgLow4]:0 [NetMuon1]:590499 [NetMuon2]:591786 [NetMuon3]:633854 [NetMuon4]:633854
[Run]:37119 [Site]:1 [Bin]:9649 [FullTime]:3590.17 [SkipTime]:0 [Veto1]:616.369 [Veto2]:638.495 [Veto3]:403.9 [Veto4]:403.9 [SgUp1]:175967 [SgUp2]:172482 [SgUp3]:0 [SgUp4]:0 [SgLow1]:175542 [SgLow2]:172103 [SgLow3]:0 [SgLow4]:0 [NetMuon1]:590992 [NetMuon2]:586803 [NetMuon3]:633493 [NetMuon4]:633493
[Run]:37119 [Site]:1 [Bin]:9650 [FullTime]:3590.17 [SkipTime]:0 [Veto1]:622.763 [Veto2]:613.219 [Veto3]:404.451 [Veto4]:404.451 [SgUp1]:176191 [SgUp2]:174134 [SgUp3]:0 [SgUp4]:0 [SgLow1]:175771 [SgLow2]:173763 [SgLow3]:0 [SgLow4]:0 [NetMuon1]:591049 [NetMuon2]:593023 [NetMuon3]:634558 [NetMuon4]:634558
[Run]:37119 [Site]:1 [Bin]:9651 [FullTime]:3590.17 [SkipTime]:0 [Veto1]:612.234 [Veto2]:615.489 [Veto3]:402.964 [Veto4]:402.964 [SgUp1]:176408 [SgUp2]:173447 [SgUp3]:0 [SgUp4]:0 [SgLow1]:175963 [SgLow2]:173062 [SgLow3]:0 [SgLow4]:0 [NetMuon1]:590641 [NetMuon2]:590595 [NetMuon3]:632364 [NetMuon4]:632364
End process Run: 37119 ... 
[Run]:37119 [Site]:1 [Bin]:9652 [FullTime]:1598.07 [SkipTime]:0 [Veto1]:274.246 [Veto2]:298.571 [Veto3]:179.914 [Veto4]:179.914
