StreamChain add 0x1083e590
Start to process run: 38058 ... 
[Run]:38058 [Site]:1 [Bin]:10884 [FullTime]:1731.15 [SkipTime]:0 [Veto1]:288.61 [Veto2]:317.977 [Veto3]:195.493 [Veto4]:195.493 [SgUp1]:85006 [SgUp2]:82260 [SgUp3]:0 [SgUp4]:0 [SgLow1]:84842 [SgLow2]:82094 [SgLow3]:0 [SgLow4]:0 [NetMuon1]:288102 [NetMuon2]:282617 [NetMuon3]:306701 [NetMuon4]:306701
[Run]:38058 [Site]:1 [Bin]:10885 [FullTime]:3590.17 [SkipTime]:0 [Veto1]:630.235 [Veto2]:591.707 [Veto3]:406.52 [Veto4]:406.52 [SgUp1]:174901 [SgUp2]:174527 [SgUp3]:0 [SgUp4]:0 [SgLow1]:174541 [SgLow2]:174129 [SgLow3]:0 [SgLow4]:0 [NetMuon1]:592650 [NetMuon2]:600003 [NetMuon3]:637304 [NetMuon4]:637304
[Run]:38058 [Site]:1 [Bin]:10886 [FullTime]:3590.17 [SkipTime]:0 [Veto1]:622.084 [Veto2]:631.118 [Veto3]:406.045 [Veto4]:406.045 [SgUp1]:175110 [SgUp2]:171750 [SgUp3]:0 [SgUp4]:0 [SgLow1]:174698 [SgLow2]:171399 [SgLow3]:0 [SgLow4]:0 [NetMuon1]:593543 [NetMuon2]:591910 [NetMuon3]:636758 [NetMuon4]:636758
[Run]:38058 [Site]:1 [Bin]:10887 [FullTime]:3590.17 [SkipTime]:0 [Veto1]:607.448 [Veto2]:622.28 [Veto3]:407.396 [Veto4]:407.396 [SgUp1]:175926 [SgUp2]:171563 [SgUp3]:0 [SgUp4]:0 [SgLow1]:175472 [SgLow2]:171228 [SgLow3]:0 [SgLow4]:0 [NetMuon1]:598864 [NetMuon2]:595600 [NetMuon3]:638833 [NetMuon4]:638833
[Run]:38058 [Site]:1 [Bin]:10888 [FullTime]:3590.17 [SkipTime]:0 [Veto1]:612.078 [Veto2]:636.926 [Veto3]:407.255 [Veto4]:407.255 [SgUp1]:175246 [SgUp2]:171655 [SgUp3]:0 [SgUp4]:0 [SgLow1]:174878 [SgLow2]:171331 [SgLow3]:0 [SgLow4]:0 [NetMuon1]:597619 [NetMuon2]:592420 [NetMuon3]:638666 [NetMuon4]:638666
[Run]:38058 [Site]:1 [Bin]:10889 [FullTime]:3590.17 [SkipTime]:0 [Veto1]:612.164 [Veto2]:630.441 [Veto3]:406.814 [Veto4]:406.814 [SgUp1]:175971 [SgUp2]:172694 [SgUp3]:0 [SgUp4]:0 [SgLow1]:175631 [SgLow2]:172287 [SgLow3]:0 [SgLow4]:0 [NetMuon1]:597271 [NetMuon2]:593488 [NetMuon3]:638086 [NetMuon4]:638086
[Run]:38058 [Site]:1 [Bin]:10890 [FullTime]:3590.17 [SkipTime]:0 [Veto1]:638.083 [Veto2]:636.35 [Veto3]:406.623 [Veto4]:406.623 [SgUp1]:174074 [SgUp2]:171993 [SgUp3]:0 [SgUp4]:0 [SgLow1]:173738 [SgLow2]:171596 [SgLow3]:0 [SgLow4]:0 [NetMuon1]:591628 [NetMuon2]:591935 [NetMuon3]:637978 [NetMuon4]:637978
[Run]:38058 [Site]:1 [Bin]:10891 [FullTime]:3590.18 [SkipTime]:0 [Veto1]:629.869 [Veto2]:652.843 [Veto3]:406.921 [Veto4]:406.921 [SgUp1]:174099 [SgUp2]:170000 [SgUp3]:0 [SgUp4]:0 [SgLow1]:173704 [SgLow2]:169676 [SgLow3]:0 [SgLow4]:0 [NetMuon1]:593554 [NetMuon2]:589120 [NetMuon3]:638373 [NetMuon4]:638373
[Run]:38058 [Site]:1 [Bin]:10892 [FullTime]:3590.16 [SkipTime]:0 [Veto1]:635.378 [Veto2]:619.287 [Veto3]:406.068 [Veto4]:406.068 [SgUp1]:174059 [SgUp2]:172892 [SgUp3]:0 [SgUp4]:0 [SgLow1]:173677 [SgLow2]:172534 [SgLow3]:0 [SgLow4]:0 [NetMuon1]:590914 [NetMuon2]:594267 [NetMuon3]:637040 [NetMuon4]:637040
[Run]:38058 [Site]:1 [Bin]:10893 [FullTime]:3590.17 [SkipTime]:0 [Veto1]:612.586 [Veto2]:626.908 [Veto3]:406.173 [Veto4]:406.173 [SgUp1]:175869 [SgUp2]:172162 [SgUp3]:0 [SgUp4]:0 [SgLow1]:175461 [SgLow2]:171822 [SgLow3]:0 [SgLow4]:0 [NetMuon1]:595736 [NetMuon2]:592911 [NetMuon3]:636927 [NetMuon4]:636927
[Run]:38058 [Site]:1 [Bin]:10894 [FullTime]:3590.17 [SkipTime]:0 [Veto1]:638.21 [Veto2]:644.324 [Veto3]:405.872 [Veto4]:405.872 [SgUp1]:173904 [SgUp2]:170658 [SgUp3]:0 [SgUp4]:0 [SgLow1]:173574 [SgLow2]:170334 [SgLow3]:0 [SgLow4]:0 [NetMuon1]:589937 [NetMuon2]:588486 [NetMuon3]:636466 [NetMuon4]:636466
[Run]:38058 [Site]:1 [Bin]:10895 [FullTime]:3590.17 [SkipTime]:0 [Veto1]:627.133 [Veto2]:636.645 [Veto3]:406.202 [Veto4]:406.202 [SgUp1]:174383 [SgUp2]:171710 [SgUp3]:0 [SgUp4]:0 [SgLow1]:174041 [SgLow2]:171394 [SgLow3]:0 [SgLow4]:0 [NetMuon1]:592350 [NetMuon2]:590858 [NetMuon3]:636989 [NetMuon4]:636989
[Run]:38058 [Site]:1 [Bin]:10896 [FullTime]:3590.17 [SkipTime]:0 [Veto1]:598.906 [Veto2]:638.404 [Veto3]:406.128 [Veto4]:406.128 [SgUp1]:176169 [SgUp2]:171017 [SgUp3]:0 [SgUp4]:0 [SgLow1]:175800 [SgLow2]:170681 [SgLow3]:0 [SgLow4]:0 [NetMuon1]:598222 [NetMuon2]:590148 [NetMuon3]:636847 [NetMuon4]:636847
[Run]:38058 [Site]:1 [Bin]:10897 [FullTime]:3590.17 [SkipTime]:0 [Veto1]:597.336 [Veto2]:644.688 [Veto3]:406.547 [Veto4]:406.547 [SgUp1]:176496 [SgUp2]:170619 [SgUp3]:0 [SgUp4]:0 [SgLow1]:176112 [SgLow2]:170248 [SgLow3]:0 [SgLow4]:0 [NetMuon1]:599250 [NetMuon2]:590053 [NetMuon3]:637726 [NetMuon4]:637726
[Run]:38058 [Site]:1 [Bin]:10898 [FullTime]:3590.17 [SkipTime]:0 [Veto1]:620.353 [Veto2]:631.415 [Veto3]:406.418 [Veto4]:406.418 [SgUp1]:175502 [SgUp2]:171771 [SgUp3]:0 [SgUp4]:0 [SgLow1]:175095 [SgLow2]:171375 [SgLow3]:0 [SgLow4]:0 [NetMuon1]:594712 [NetMuon2]:592485 [NetMuon3]:637417 [NetMuon4]:637417
[Run]:38058 [Site]:1 [Bin]:10899 [FullTime]:3590.17 [SkipTime]:0 [Veto1]:606.164 [Veto2]:621.09 [Veto3]:406.122 [Veto4]:406.122 [SgUp1]:176163 [SgUp2]:172702 [SgUp3]:0 [SgUp4]:0 [SgLow1]:175765 [SgLow2]:172335 [SgLow3]:0 [SgLow4]:0 [NetMuon1]:596978 [NetMuon2]:593938 [NetMuon3]:636807 [NetMuon4]:636807
[Run]:38058 [Site]:1 [Bin]:10900 [FullTime]:3590.17 [SkipTime]:0 [Veto1]:626.607 [Veto2]:607.19 [Veto3]:405.758 [Veto4]:405.758 [SgUp1]:174646 [SgUp2]:173337 [SgUp3]:0 [SgUp4]:0 [SgLow1]:174272 [SgLow2]:172958 [SgLow3]:0 [SgLow4]:0 [NetMuon1]:592659 [NetMuon2]:596057 [NetMuon3]:636486 [NetMuon4]:636486
[Run]:38058 [Site]:1 [Bin]:10901 [FullTime]:3590.17 [SkipTime]:0 [Veto1]:603.481 [Veto2]:626.115 [Veto3]:407.198 [Veto4]:407.198 [SgUp1]:175974 [SgUp2]:171552 [SgUp3]:0 [SgUp4]:0 [SgLow1]:175634 [SgLow2]:171193 [SgLow3]:0 [SgLow4]:0 [NetMuon1]:599496 [NetMuon2]:594536 [NetMuon3]:638748 [NetMuon4]:638748
[Run]:38058 [Site]:1 [Bin]:10902 [FullTime]:3590.17 [SkipTime]:0 [Veto1]:613.201 [Veto2]:646.648 [Veto3]:407.212 [Veto4]:407.212 [SgUp1]:175652 [SgUp2]:170329 [SgUp3]:0 [SgUp4]:0 [SgLow1]:175288 [SgLow2]:169991 [SgLow3]:0 [SgLow4]:0 [NetMuon1]:597595 [NetMuon2]:590502 [NetMuon3]:638705 [NetMuon4]:638705
[Run]:38058 [Site]:1 [Bin]:10903 [FullTime]:3590.17 [SkipTime]:0 [Veto1]:636.269 [Veto2]:619.834 [Veto3]:406.664 [Veto4]:406.664 [SgUp1]:174805 [SgUp2]:173093 [SgUp3]:0 [SgUp4]:0 [SgLow1]:174407 [SgLow2]:172721 [SgLow3]:0 [SgLow4]:0 [NetMuon1]:592219 [NetMuon2]:595206 [NetMuon3]:637881 [NetMuon4]:637881
[Run]:38058 [Site]:1 [Bin]:10904 [FullTime]:3590.17 [SkipTime]:0 [Veto1]:627.69 [Veto2]:616.889 [Veto3]:406.728 [Veto4]:406.728 [SgUp1]:174815 [SgUp2]:172230 [SgUp3]:0 [SgUp4]:0 [SgLow1]:174390 [SgLow2]:171885 [SgLow3]:0 [SgLow4]:0 [NetMuon1]:593395 [NetMuon2]:595524 [NetMuon3]:637888 [NetMuon4]:637888
[Run]:38058 [Site]:1 [Bin]:10905 [FullTime]:3590.17 [SkipTime]:0 [Veto1]:611.267 [Veto2]:604.245 [Veto3]:407.321 [Veto4]:407.321 [SgUp1]:176469 [SgUp2]:173083 [SgUp3]:0 [SgUp4]:0 [SgLow1]:176074 [SgLow2]:172714 [SgLow3]:0 [SgLow4]:0 [NetMuon1]:598481 [NetMuon2]:599440 [NetMuon3]:639066 [NetMuon4]:639066
[Run]:38058 [Site]:1 [Bin]:10906 [FullTime]:3590.18 [SkipTime]:0 [Veto1]:656.887 [Veto2]:644.209 [Veto3]:407.044 [Veto4]:407.044 [SgUp1]:172857 [SgUp2]:170699 [SgUp3]:0 [SgUp4]:0 [SgLow1]:172473 [SgLow2]:170333 [SgLow3]:0 [SgLow4]:0 [NetMuon1]:588349 [NetMuon2]:590679 [NetMuon3]:638413 [NetMuon4]:638413
[Run]:38058 [Site]:1 [Bin]:10907 [FullTime]:3590.16 [SkipTime]:0 [Veto1]:625.74 [Veto2]:638.454 [Veto3]:407.334 [Veto4]:407.334 [SgUp1]:175680 [SgUp2]:171992 [SgUp3]:0 [SgUp4]:0 [SgLow1]:175348 [SgLow2]:171635 [SgLow3]:0 [SgLow4]:0 [NetMuon1]:595231 [NetMuon2]:592550 [NetMuon3]:638833 [NetMuon4]:638833
[Run]:38058 [Site]:1 [Bin]:10908 [FullTime]:3590.17 [SkipTime]:0 [Veto1]:603.602 [Veto2]:632.465 [Veto3]:406.271 [Veto4]:406.271 [SgUp1]:175873 [SgUp2]:172014 [SgUp3]:0 [SgUp4]:0 [SgLow1]:175520 [SgLow2]:171668 [SgLow3]:0 [SgLow4]:0 [NetMuon1]:597714 [NetMuon2]:592037 [NetMuon3]:637281 [NetMuon4]:637281
[Run]:38058 [Site]:1 [Bin]:10909 [FullTime]:3590.17 [SkipTime]:0 [Veto1]:607.669 [Veto2]:641.652 [Veto3]:407.282 [Veto4]:407.282 [SgUp1]:176546 [SgUp2]:171772 [SgUp3]:0 [SgUp4]:0 [SgLow1]:176107 [SgLow2]:171436 [SgLow3]:0 [SgLow4]:0 [NetMuon1]:598606 [NetMuon2]:592100 [NetMuon3]:638838 [NetMuon4]:638838
[Run]:38058 [Site]:1 [Bin]:10910 [FullTime]:3590.17 [SkipTime]:0 [Veto1]:615.646 [Veto2]:656.552 [Veto3]:407.688 [Veto4]:407.688 [SgUp1]:175415 [SgUp2]:170636 [SgUp3]:0 [SgUp4]:0 [SgLow1]:175054 [SgLow2]:170214 [SgLow3]:0 [SgLow4]:0 [NetMuon1]:597634 [NetMuon2]:589457 [NetMuon3]:639428 [NetMuon4]:639428
[Run]:38058 [Site]:1 [Bin]:10911 [FullTime]:3590.17 [SkipTime]:0 [Veto1]:622.985 [Veto2]:652.574 [Veto3]:406.696 [Veto4]:406.696 [SgUp1]:175601 [SgUp2]:170567 [SgUp3]:0 [SgUp4]:0 [SgLow1]:175182 [SgLow2]:170182 [SgLow3]:0 [SgLow4]:0 [NetMuon1]:594976 [NetMuon2]:589230 [NetMuon3]:638005 [NetMuon4]:638005
[Run]:38058 [Site]:1 [Bin]:10912 [FullTime]:3590.18 [SkipTime]:0 [Veto1]:633.604 [Veto2]:648.109 [Veto3]:407.262 [Veto4]:407.262 [SgUp1]:175023 [SgUp2]:170831 [SgUp3]:0 [SgUp4]:0 [SgLow1]:174636 [SgLow2]:170468 [SgLow3]:0 [SgLow4]:0 [NetMuon1]:593055 [NetMuon2]:590174 [NetMuon3]:638482 [NetMuon4]:638482
[Run]:38058 [Site]:1 [Bin]:10913 [FullTime]:3590.17 [SkipTime]:0 [Veto1]:604.62 [Veto2]:639.955 [Veto3]:405.946 [Veto4]:405.946 [SgUp1]:176569 [SgUp2]:170985 [SgUp3]:0 [SgUp4]:0 [SgLow1]:176184 [SgLow2]:170656 [SgLow3]:0 [SgLow4]:0 [NetMuon1]:597360 [NetMuon2]:590214 [NetMuon3]:636874 [NetMuon4]:636874
[Run]:38058 [Site]:1 [Bin]:10914 [FullTime]:3590.18 [SkipTime]:0 [Veto1]:630.623 [Veto2]:646.067 [Veto3]:407.036 [Veto4]:407.036 [SgUp1]:175096 [SgUp2]:171484 [SgUp3]:0 [SgUp4]:0 [SgLow1]:174732 [SgLow2]:171130 [SgLow3]:0 [SgLow4]:0 [NetMuon1]:593838 [NetMuon2]:590632 [NetMuon3]:638532 [NetMuon4]:638532
[Run]:38058 [Site]:1 [Bin]:10915 [FullTime]:3590.17 [SkipTime]:0 [Veto1]:616.006 [Veto2]:635.741 [Veto3]:407.1 [Veto4]:407.1 [SgUp1]:176357 [SgUp2]:171802 [SgUp3]:0 [SgUp4]:0 [SgLow1]:175982 [SgLow2]:171420 [SgLow3]:0 [SgLow4]:0 [NetMuon1]:596917 [NetMuon2]:592766 [NetMuon3]:638652 [NetMuon4]:638652
[Run]:38058 [Site]:1 [Bin]:10916 [FullTime]:3590.17 [SkipTime]:0 [Veto1]:624.601 [Veto2]:608.196 [Veto3]:406.404 [Veto4]:406.404 [SgUp1]:175297 [SgUp2]:174079 [SgUp3]:0 [SgUp4]:0 [SgLow1]:174934 [SgLow2]:173670 [SgLow3]:0 [SgLow4]:0 [NetMuon1]:593825 [NetMuon2]:597081 [NetMuon3]:637622 [NetMuon4]:637622
[Run]:38058 [Site]:1 [Bin]:10917 [FullTime]:3590.17 [SkipTime]:0 [Veto1]:621.899 [Veto2]:632.328 [Veto3]:406.552 [Veto4]:406.552 [SgUp1]:174916 [SgUp2]:171692 [SgUp3]:0 [SgUp4]:0 [SgLow1]:174470 [SgLow2]:171300 [SgLow3]:0 [SgLow4]:0 [NetMuon1]:594769 [NetMuon2]:592374 [NetMuon3]:637733 [NetMuon4]:637733
[Run]:38058 [Site]:1 [Bin]:10918 [FullTime]:3590.17 [SkipTime]:0 [Veto1]:618.302 [Veto2]:640.651 [Veto3]:406.857 [Veto4]:406.857 [SgUp1]:176172 [SgUp2]:171635 [SgUp3]:0 [SgUp4]:0 [SgLow1]:175785 [SgLow2]:171266 [SgLow3]:0 [SgLow4]:0 [NetMuon1]:595414 [NetMuon2]:591279 [NetMuon3]:637939 [NetMuon4]:637939
[Run]:38058 [Site]:1 [Bin]:10919 [FullTime]:3590.17 [SkipTime]:0 [Veto1]:611.012 [Veto2]:634.455 [Veto3]:406.114 [Veto4]:406.114 [SgUp1]:175882 [SgUp2]:171426 [SgUp3]:0 [SgUp4]:0 [SgLow1]:175496 [SgLow2]:171067 [SgLow3]:0 [SgLow4]:0 [NetMuon1]:596510 [NetMuon2]:591291 [NetMuon3]:637163 [NetMuon4]:637163
[Run]:38058 [Site]:1 [Bin]:10920 [FullTime]:3590.17 [SkipTime]:0 [Veto1]:629.11 [Veto2]:629.581 [Veto3]:405.911 [Veto4]:405.911 [SgUp1]:174678 [SgUp2]:172349 [SgUp3]:0 [SgUp4]:0 [SgLow1]:174289 [SgLow2]:171976 [SgLow3]:0 [SgLow4]:0 [NetMuon1]:591944 [NetMuon2]:592188 [NetMuon3]:636714 [NetMuon4]:636714
[Run]:38058 [Site]:1 [Bin]:10921 [FullTime]:3590.17 [SkipTime]:0 [Veto1]:603.561 [Veto2]:628.86 [Veto3]:406.944 [Veto4]:406.944 [SgUp1]:176256 [SgUp2]:173364 [SgUp3]:0 [SgUp4]:0 [SgLow1]:175893 [SgLow2]:172952 [SgLow3]:0 [SgLow4]:0 [NetMuon1]:598963 [NetMuon2]:593576 [NetMuon3]:638125 [NetMuon4]:638125
[Run]:38058 [Site]:1 [Bin]:10922 [FullTime]:3590.17 [SkipTime]:0 [Veto1]:612.959 [Veto2]:628.922 [Veto3]:405.598 [Veto4]:405.598 [SgUp1]:176069 [SgUp2]:172002 [SgUp3]:0 [SgUp4]:0 [SgLow1]:175671 [SgLow2]:171631 [SgLow3]:0 [SgLow4]:0 [NetMuon1]:594339 [NetMuon2]:591191 [NetMuon3]:636210 [NetMuon4]:636210
[Run]:38058 [Site]:1 [Bin]:10923 [FullTime]:3590.17 [SkipTime]:0 [Veto1]:635.442 [Veto2]:618.458 [Veto3]:406.298 [Veto4]:406.298 [SgUp1]:174304 [SgUp2]:172255 [SgUp3]:0 [SgUp4]:0 [SgLow1]:173962 [SgLow2]:171908 [SgLow3]:0 [SgLow4]:0 [NetMuon1]:591400 [NetMuon2]:594815 [NetMuon3]:637218 [NetMuon4]:637218
[Run]:38058 [Site]:1 [Bin]:10924 [FullTime]:3590.17 [SkipTime]:0 [Veto1]:619.463 [Veto2]:613.724 [Veto3]:405.728 [Veto4]:405.728 [SgUp1]:175769 [SgUp2]:173348 [SgUp3]:0 [SgUp4]:0 [SgLow1]:175366 [SgLow2]:172991 [SgLow3]:0 [SgLow4]:0 [NetMuon1]:593474 [NetMuon2]:594897 [NetMuon3]:636271 [NetMuon4]:636271
[Run]:38058 [Site]:1 [Bin]:10925 [FullTime]:3590.17 [SkipTime]:0 [Veto1]:623.337 [Veto2]:640.609 [Veto3]:406.387 [Veto4]:406.387 [SgUp1]:175012 [SgUp2]:171128 [SgUp3]:0 [SgUp4]:0 [SgLow1]:174650 [SgLow2]:170795 [SgLow3]:0 [SgLow4]:0 [NetMuon1]:594234 [NetMuon2]:590405 [NetMuon3]:637512 [NetMuon4]:637512
[Run]:38058 [Site]:1 [Bin]:10926 [FullTime]:3590.17 [SkipTime]:0 [Veto1]:609.488 [Veto2]:631.679 [Veto3]:406.41 [Veto4]:406.41 [SgUp1]:176801 [SgUp2]:172636 [SgUp3]:0 [SgUp4]:0 [SgLow1]:176447 [SgLow2]:172218 [SgLow3]:0 [SgLow4]:0 [NetMuon1]:596857 [NetMuon2]:592192 [NetMuon3]:637398 [NetMuon4]:637398
[Run]:38058 [Site]:1 [Bin]:10927 [FullTime]:3590.17 [SkipTime]:0 [Veto1]:605.099 [Veto2]:649.878 [Veto3]:406.604 [Veto4]:406.604 [SgUp1]:176021 [SgUp2]:170801 [SgUp3]:0 [SgUp4]:0 [SgLow1]:175643 [SgLow2]:170419 [SgLow3]:0 [SgLow4]:0 [NetMuon1]:597798 [NetMuon2]:588425 [NetMuon3]:637565 [NetMuon4]:637565
End process Run: 38058 ... 
[Run]:38058 [Site]:1 [Bin]:10928 [FullTime]:1793.39 [SkipTime]:0 [Veto1]:299.565 [Veto2]:311.298 [Veto3]:202.315 [Veto4]:202.315
