StreamChain add 0xd2087e0
Start to process run: 38561 ... 
[Run]:38561 [Site]:1 [Bin]:11554 [FullTime]:2832.79 [SkipTime]:0 [Veto1]:490.842 [Veto2]:492.884 [Veto3]:320.282 [Veto4]:320.282 [SgUp1]:139325 [SgUp2]:135960 [SgUp3]:0 [SgUp4]:0 [SgLow1]:139041 [SgLow2]:135714 [SgLow3]:0 [SgLow4]:0 [NetMuon1]:468197 [NetMuon2]:467896 [NetMuon3]:502316 [NetMuon4]:502316
[Run]:38561 [Site]:1 [Bin]:11555 [FullTime]:3590.17 [SkipTime]:0 [Veto1]:609.497 [Veto2]:627.394 [Veto3]:406.05 [Veto4]:406.05 [SgUp1]:175292 [SgUp2]:171540 [SgUp3]:0 [SgUp4]:0 [SgLow1]:174947 [SgLow2]:171186 [SgLow3]:0 [SgLow4]:0 [NetMuon1]:596294 [NetMuon2]:592515 [NetMuon3]:636859 [NetMuon4]:636859
[Run]:38561 [Site]:1 [Bin]:11556 [FullTime]:3590.17 [SkipTime]:0 [Veto1]:623.496 [Veto2]:625.347 [Veto3]:406.092 [Veto4]:406.092 [SgUp1]:175266 [SgUp2]:172042 [SgUp3]:0 [SgUp4]:0 [SgLow1]:174915 [SgLow2]:171666 [SgLow3]:0 [SgLow4]:0 [NetMuon1]:593554 [NetMuon2]:593453 [NetMuon3]:637043 [NetMuon4]:637043
[Run]:38561 [Site]:1 [Bin]:11557 [FullTime]:3590.17 [SkipTime]:0 [Veto1]:624.807 [Veto2]:639.309 [Veto3]:405.936 [Veto4]:405.936 [SgUp1]:175457 [SgUp2]:171004 [SgUp3]:0 [SgUp4]:0 [SgLow1]:175129 [SgLow2]:170679 [SgLow3]:0 [SgLow4]:0 [NetMuon1]:593295 [NetMuon2]:589915 [NetMuon3]:636709 [NetMuon4]:636709
[Run]:38561 [Site]:1 [Bin]:11558 [FullTime]:3590.17 [SkipTime]:0 [Veto1]:601.389 [Veto2]:632.838 [Veto3]:406.661 [Veto4]:406.661 [SgUp1]:176202 [SgUp2]:171849 [SgUp3]:0 [SgUp4]:0 [SgLow1]:175862 [SgLow2]:171474 [SgLow3]:0 [SgLow4]:0 [NetMuon1]:598640 [NetMuon2]:592386 [NetMuon3]:637484 [NetMuon4]:637484
[Run]:38561 [Site]:1 [Bin]:11559 [FullTime]:3590.17 [SkipTime]:0 [Veto1]:615.622 [Veto2]:615.22 [Veto3]:406 [Veto4]:406 [SgUp1]:174871 [SgUp2]:172551 [SgUp3]:0 [SgUp4]:0 [SgLow1]:174511 [SgLow2]:172182 [SgLow3]:0 [SgLow4]:0 [NetMuon1]:595410 [NetMuon2]:594808 [NetMuon3]:636968 [NetMuon4]:636968
[Run]:38561 [Site]:1 [Bin]:11560 [FullTime]:3590.17 [SkipTime]:0 [Veto1]:598.508 [Veto2]:630.576 [Veto3]:405.773 [Veto4]:405.773 [SgUp1]:176902 [SgUp2]:171594 [SgUp3]:0 [SgUp4]:0 [SgLow1]:176551 [SgLow2]:171214 [SgLow3]:0 [SgLow4]:0 [NetMuon1]:597996 [NetMuon2]:591721 [NetMuon3]:636585 [NetMuon4]:636585
[Run]:38561 [Site]:1 [Bin]:11561 [FullTime]:3590.17 [SkipTime]:0 [Veto1]:612.811 [Veto2]:627.829 [Veto3]:406.051 [Veto4]:406.051 [SgUp1]:175778 [SgUp2]:171920 [SgUp3]:0 [SgUp4]:0 [SgLow1]:175442 [SgLow2]:171565 [SgLow3]:0 [SgLow4]:0 [NetMuon1]:595501 [NetMuon2]:592692 [NetMuon3]:636785 [NetMuon4]:636785
[Run]:38561 [Site]:1 [Bin]:11562 [FullTime]:3590.17 [SkipTime]:0 [Veto1]:609.513 [Veto2]:633.141 [Veto3]:405.363 [Veto4]:405.363 [SgUp1]:175163 [SgUp2]:171363 [SgUp3]:0 [SgUp4]:0 [SgLow1]:174797 [SgLow2]:171007 [SgLow3]:0 [SgLow4]:0 [NetMuon1]:595058 [NetMuon2]:590525 [NetMuon3]:635901 [NetMuon4]:635901
[Run]:38561 [Site]:1 [Bin]:11563 [FullTime]:3590.17 [SkipTime]:0 [Veto1]:627.838 [Veto2]:623.517 [Veto3]:406.481 [Veto4]:406.481 [SgUp1]:175047 [SgUp2]:173351 [SgUp3]:0 [SgUp4]:0 [SgLow1]:174654 [SgLow2]:173004 [SgLow3]:0 [SgLow4]:0 [NetMuon1]:593469 [NetMuon2]:593719 [NetMuon3]:637565 [NetMuon4]:637565
[Run]:38561 [Site]:1 [Bin]:11564 [FullTime]:3590.17 [SkipTime]:0 [Veto1]:620.395 [Veto2]:609.205 [Veto3]:405.49 [Veto4]:405.49 [SgUp1]:175838 [SgUp2]:173183 [SgUp3]:0 [SgUp4]:0 [SgLow1]:175457 [SgLow2]:172876 [SgLow3]:0 [SgLow4]:0 [NetMuon1]:593377 [NetMuon2]:595740 [NetMuon3]:636483 [NetMuon4]:636483
[Run]:38561 [Site]:1 [Bin]:11565 [FullTime]:3590.17 [SkipTime]:0 [Veto1]:612.137 [Veto2]:649.743 [Veto3]:406.077 [Veto4]:406.077 [SgUp1]:175529 [SgUp2]:169870 [SgUp3]:0 [SgUp4]:0 [SgLow1]:175135 [SgLow2]:169497 [SgLow3]:0 [SgLow4]:0 [NetMuon1]:595894 [NetMuon2]:588110 [NetMuon3]:636998 [NetMuon4]:636998
[Run]:38561 [Site]:1 [Bin]:11566 [FullTime]:3590.17 [SkipTime]:0 [Veto1]:606.89 [Veto2]:640.149 [Veto3]:405.464 [Veto4]:405.464 [SgUp1]:175301 [SgUp2]:171324 [SgUp3]:0 [SgUp4]:0 [SgLow1]:174996 [SgLow2]:170974 [SgLow3]:0 [SgLow4]:0 [NetMuon1]:596047 [NetMuon2]:588955 [NetMuon3]:635903 [NetMuon4]:635903
[Run]:38561 [Site]:1 [Bin]:11567 [FullTime]:3590.17 [SkipTime]:0 [Veto1]:613.852 [Veto2]:619.829 [Veto3]:405.021 [Veto4]:405.021 [SgUp1]:175558 [SgUp2]:173030 [SgUp3]:0 [SgUp4]:0 [SgLow1]:175205 [SgLow2]:172697 [SgLow3]:0 [SgLow4]:0 [NetMuon1]:593874 [NetMuon2]:592811 [NetMuon3]:635466 [NetMuon4]:635466
[Run]:38561 [Site]:1 [Bin]:11568 [FullTime]:3590.17 [SkipTime]:0 [Veto1]:614.612 [Veto2]:637.977 [Veto3]:404.688 [Veto4]:404.688 [SgUp1]:175583 [SgUp2]:171431 [SgUp3]:0 [SgUp4]:0 [SgLow1]:175228 [SgLow2]:171051 [SgLow3]:0 [SgLow4]:0 [NetMuon1]:592769 [NetMuon2]:588348 [NetMuon3]:634625 [NetMuon4]:634625
[Run]:38561 [Site]:1 [Bin]:11569 [FullTime]:3590.17 [SkipTime]:0 [Veto1]:609.724 [Veto2]:605.153 [Veto3]:404.836 [Veto4]:404.836 [SgUp1]:175021 [SgUp2]:172438 [SgUp3]:0 [SgUp4]:0 [SgLow1]:174700 [SgLow2]:172120 [SgLow3]:0 [SgLow4]:0 [NetMuon1]:594290 [NetMuon2]:595103 [NetMuon3]:634938 [NetMuon4]:634938
[Run]:38561 [Site]:1 [Bin]:11570 [FullTime]:3590.17 [SkipTime]:0 [Veto1]:609.561 [Veto2]:612.239 [Veto3]:405.624 [Veto4]:405.624 [SgUp1]:175735 [SgUp2]:172949 [SgUp3]:0 [SgUp4]:0 [SgLow1]:175372 [SgLow2]:172650 [SgLow3]:0 [SgLow4]:0 [NetMuon1]:595439 [NetMuon2]:594471 [NetMuon3]:636125 [NetMuon4]:636125
[Run]:38561 [Site]:1 [Bin]:11571 [FullTime]:3590.17 [SkipTime]:0 [Veto1]:628.67 [Veto2]:606.77 [Veto3]:405.783 [Veto4]:405.783 [SgUp1]:174942 [SgUp2]:173347 [SgUp3]:0 [SgUp4]:0 [SgLow1]:174601 [SgLow2]:173039 [SgLow3]:0 [SgLow4]:0 [NetMuon1]:591927 [NetMuon2]:596146 [NetMuon3]:636437 [NetMuon4]:636437
[Run]:38561 [Site]:1 [Bin]:11572 [FullTime]:3590.17 [SkipTime]:0 [Veto1]:614.677 [Veto2]:615.727 [Veto3]:405.513 [Veto4]:405.513 [SgUp1]:175196 [SgUp2]:173767 [SgUp3]:0 [SgUp4]:0 [SgLow1]:174883 [SgLow2]:173441 [SgLow3]:0 [SgLow4]:0 [NetMuon1]:594082 [NetMuon2]:593946 [NetMuon3]:635919 [NetMuon4]:635919
[Run]:38561 [Site]:1 [Bin]:11573 [FullTime]:3590.17 [SkipTime]:0 [Veto1]:617.736 [Veto2]:637.713 [Veto3]:405.347 [Veto4]:405.347 [SgUp1]:175005 [SgUp2]:171805 [SgUp3]:0 [SgUp4]:0 [SgLow1]:174651 [SgLow2]:171450 [SgLow3]:0 [SgLow4]:0 [NetMuon1]:593204 [NetMuon2]:589626 [NetMuon3]:635833 [NetMuon4]:635833
[Run]:38561 [Site]:1 [Bin]:11574 [FullTime]:3590.17 [SkipTime]:0 [Veto1]:632.554 [Veto2]:616.872 [Veto3]:406.017 [Veto4]:406.017 [SgUp1]:175009 [SgUp2]:172656 [SgUp3]:0 [SgUp4]:0 [SgLow1]:174682 [SgLow2]:172346 [SgLow3]:0 [SgLow4]:0 [NetMuon1]:591580 [NetMuon2]:594349 [NetMuon3]:636821 [NetMuon4]:636821
[Run]:38561 [Site]:1 [Bin]:11575 [FullTime]:3590.17 [SkipTime]:0 [Veto1]:596.122 [Veto2]:634.339 [Veto3]:405.246 [Veto4]:405.246 [SgUp1]:177096 [SgUp2]:171274 [SgUp3]:0 [SgUp4]:0 [SgLow1]:176681 [SgLow2]:170947 [SgLow3]:0 [SgLow4]:0 [NetMuon1]:597662 [NetMuon2]:590063 [NetMuon3]:635747 [NetMuon4]:635747
[Run]:38561 [Site]:1 [Bin]:11576 [FullTime]:3590.17 [SkipTime]:0 [Veto1]:617.374 [Veto2]:632.248 [Veto3]:404.636 [Veto4]:404.636 [SgUp1]:175703 [SgUp2]:172825 [SgUp3]:0 [SgUp4]:0 [SgLow1]:175374 [SgLow2]:172466 [SgLow3]:0 [SgLow4]:0 [NetMuon1]:592118 [NetMuon2]:589382 [NetMuon3]:634773 [NetMuon4]:634773
[Run]:38561 [Site]:1 [Bin]:11577 [FullTime]:3590.17 [SkipTime]:0 [Veto1]:608.521 [Veto2]:624.273 [Veto3]:404.508 [Veto4]:404.508 [SgUp1]:176347 [SgUp2]:172670 [SgUp3]:0 [SgUp4]:0 [SgLow1]:175977 [SgLow2]:172347 [SgLow3]:0 [SgLow4]:0 [NetMuon1]:593834 [NetMuon2]:590984 [NetMuon3]:634754 [NetMuon4]:634754
[Run]:38561 [Site]:1 [Bin]:11578 [FullTime]:3590.17 [SkipTime]:0 [Veto1]:633.416 [Veto2]:638.323 [Veto3]:405.463 [Veto4]:405.463 [SgUp1]:174971 [SgUp2]:170930 [SgUp3]:0 [SgUp4]:0 [SgLow1]:174589 [SgLow2]:170582 [SgLow3]:0 [SgLow4]:0 [NetMuon1]:590608 [NetMuon2]:589284 [NetMuon3]:635782 [NetMuon4]:635782
[Run]:38561 [Site]:1 [Bin]:11579 [FullTime]:3590.17 [SkipTime]:0 [Veto1]:620.701 [Veto2]:623.117 [Veto3]:406.004 [Veto4]:406.004 [SgUp1]:175560 [SgUp2]:172330 [SgUp3]:0 [SgUp4]:0 [SgLow1]:175225 [SgLow2]:172002 [SgLow3]:0 [SgLow4]:0 [NetMuon1]:593765 [NetMuon2]:593471 [NetMuon3]:636948 [NetMuon4]:636948
[Run]:38561 [Site]:1 [Bin]:11580 [FullTime]:3590.17 [SkipTime]:0 [Veto1]:625.819 [Veto2]:634.628 [Veto3]:405.662 [Veto4]:405.662 [SgUp1]:174856 [SgUp2]:171393 [SgUp3]:0 [SgUp4]:0 [SgLow1]:174505 [SgLow2]:171066 [SgLow3]:0 [SgLow4]:0 [NetMuon1]:592749 [NetMuon2]:590721 [NetMuon3]:636504 [NetMuon4]:636504
[Run]:38561 [Site]:1 [Bin]:11581 [FullTime]:3590.17 [SkipTime]:0 [Veto1]:620.776 [Veto2]:600.679 [Veto3]:405.98 [Veto4]:405.98 [SgUp1]:175539 [SgUp2]:174274 [SgUp3]:0 [SgUp4]:0 [SgLow1]:175199 [SgLow2]:173942 [SgLow3]:0 [SgLow4]:0 [NetMuon1]:593846 [NetMuon2]:597664 [NetMuon3]:636629 [NetMuon4]:636629
[Run]:38561 [Site]:1 [Bin]:11582 [FullTime]:3590.17 [SkipTime]:0 [Veto1]:608.272 [Veto2]:641.503 [Veto3]:405.559 [Veto4]:405.559 [SgUp1]:176102 [SgUp2]:171885 [SgUp3]:0 [SgUp4]:0 [SgLow1]:175773 [SgLow2]:171580 [SgLow3]:0 [SgLow4]:0 [NetMuon1]:595621 [NetMuon2]:589388 [NetMuon3]:636247 [NetMuon4]:636247
[Run]:38561 [Site]:1 [Bin]:11583 [FullTime]:3590.17 [SkipTime]:0 [Veto1]:628.005 [Veto2]:649.274 [Veto3]:405.59 [Veto4]:405.59 [SgUp1]:174613 [SgUp2]:171052 [SgUp3]:0 [SgUp4]:0 [SgLow1]:174256 [SgLow2]:170680 [SgLow3]:0 [SgLow4]:0 [NetMuon1]:591864 [NetMuon2]:587714 [NetMuon3]:636370 [NetMuon4]:636370
[Run]:38561 [Site]:1 [Bin]:11584 [FullTime]:3590.17 [SkipTime]:0 [Veto1]:615.252 [Veto2]:644.046 [Veto3]:405.72 [Veto4]:405.72 [SgUp1]:175221 [SgUp2]:171794 [SgUp3]:0 [SgUp4]:0 [SgLow1]:174881 [SgLow2]:171451 [SgLow3]:0 [SgLow4]:0 [NetMuon1]:594686 [NetMuon2]:589096 [NetMuon3]:636433 [NetMuon4]:636433
[Run]:38561 [Site]:1 [Bin]:11585 [FullTime]:3590.17 [SkipTime]:0 [Veto1]:622.045 [Veto2]:637.069 [Veto3]:406.356 [Veto4]:406.356 [SgUp1]:174616 [SgUp2]:171551 [SgUp3]:0 [SgUp4]:0 [SgLow1]:174269 [SgLow2]:171191 [SgLow3]:0 [SgLow4]:0 [NetMuon1]:593845 [NetMuon2]:591028 [NetMuon3]:637155 [NetMuon4]:637155
[Run]:38561 [Site]:1 [Bin]:11586 [FullTime]:3590.17 [SkipTime]:0 [Veto1]:633.58 [Veto2]:638.22 [Veto3]:406.245 [Veto4]:406.245 [SgUp1]:173485 [SgUp2]:172050 [SgUp3]:0 [SgUp4]:0 [SgLow1]:173152 [SgLow2]:171707 [SgLow3]:0 [SgLow4]:0 [NetMuon1]:591421 [NetMuon2]:590696 [NetMuon3]:637166 [NetMuon4]:637166
[Run]:38561 [Site]:1 [Bin]:11587 [FullTime]:3590.17 [SkipTime]:0 [Veto1]:596.091 [Veto2]:639.583 [Veto3]:405.056 [Veto4]:405.056 [SgUp1]:176369 [SgUp2]:171471 [SgUp3]:0 [SgUp4]:0 [SgLow1]:176027 [SgLow2]:171125 [SgLow3]:0 [SgLow4]:0 [NetMuon1]:597377 [NetMuon2]:588500 [NetMuon3]:635330 [NetMuon4]:635330
[Run]:38561 [Site]:1 [Bin]:11588 [FullTime]:3590.17 [SkipTime]:0 [Veto1]:613.865 [Veto2]:613.042 [Veto3]:404.673 [Veto4]:404.673 [SgUp1]:175491 [SgUp2]:174001 [SgUp3]:0 [SgUp4]:0 [SgLow1]:175161 [SgLow2]:173609 [SgLow3]:0 [SgLow4]:0 [NetMuon1]:593049 [NetMuon2]:593347 [NetMuon3]:634865 [NetMuon4]:634865
[Run]:38561 [Site]:1 [Bin]:11589 [FullTime]:3590.17 [SkipTime]:0 [Veto1]:607.135 [Veto2]:627.314 [Veto3]:405.659 [Veto4]:405.659 [SgUp1]:175344 [SgUp2]:172950 [SgUp3]:0 [SgUp4]:0 [SgLow1]:175010 [SgLow2]:172583 [SgLow3]:0 [SgLow4]:0 [NetMuon1]:596242 [NetMuon2]:592198 [NetMuon3]:636457 [NetMuon4]:636457
[Run]:38561 [Site]:1 [Bin]:11590 [FullTime]:3590.17 [SkipTime]:0 [Veto1]:633.3 [Veto2]:608.549 [Veto3]:405.785 [Veto4]:405.785 [SgUp1]:174225 [SgUp2]:173688 [SgUp3]:0 [SgUp4]:0 [SgLow1]:173904 [SgLow2]:173327 [SgLow3]:0 [SgLow4]:0 [NetMuon1]:590715 [NetMuon2]:595754 [NetMuon3]:636359 [NetMuon4]:636359
[Run]:38561 [Site]:1 [Bin]:11591 [FullTime]:3590.17 [SkipTime]:0 [Veto1]:620.292 [Veto2]:602.728 [Veto3]:404.507 [Veto4]:404.507 [SgUp1]:175169 [SgUp2]:173311 [SgUp3]:0 [SgUp4]:0 [SgLow1]:174836 [SgLow2]:172905 [SgLow3]:0 [SgLow4]:0 [NetMuon1]:591502 [NetMuon2]:594797 [NetMuon3]:634349 [NetMuon4]:634349
[Run]:38561 [Site]:1 [Bin]:11592 [FullTime]:3590.17 [SkipTime]:0 [Veto1]:613.764 [Veto2]:616.307 [Veto3]:405.249 [Veto4]:405.249 [SgUp1]:175447 [SgUp2]:172833 [SgUp3]:0 [SgUp4]:0 [SgLow1]:175126 [SgLow2]:172513 [SgLow3]:0 [SgLow4]:0 [NetMuon1]:594266 [NetMuon2]:593649 [NetMuon3]:635816 [NetMuon4]:635816
[Run]:38561 [Site]:1 [Bin]:11593 [FullTime]:3590.17 [SkipTime]:0 [Veto1]:624.958 [Veto2]:631.838 [Veto3]:405.52 [Veto4]:405.52 [SgUp1]:174860 [SgUp2]:171899 [SgUp3]:0 [SgUp4]:0 [SgLow1]:174500 [SgLow2]:171594 [SgLow3]:0 [SgLow4]:0 [NetMuon1]:592100 [NetMuon2]:590608 [NetMuon3]:636059 [NetMuon4]:636059
[Run]:38561 [Site]:1 [Bin]:11594 [FullTime]:3590.18 [SkipTime]:0 [Veto1]:619.777 [Veto2]:629.262 [Veto3]:405.159 [Veto4]:405.159 [SgUp1]:174556 [SgUp2]:171943 [SgUp3]:0 [SgUp4]:0 [SgLow1]:174234 [SgLow2]:171590 [SgLow3]:0 [SgLow4]:0 [NetMuon1]:592791 [NetMuon2]:590427 [NetMuon3]:635544 [NetMuon4]:635544
[Run]:38561 [Site]:1 [Bin]:11595 [FullTime]:3590.16 [SkipTime]:0 [Veto1]:621.32 [Veto2]:632.035 [Veto3]:405.699 [Veto4]:405.699 [SgUp1]:175159 [SgUp2]:172904 [SgUp3]:0 [SgUp4]:0 [SgLow1]:174813 [SgLow2]:172572 [SgLow3]:0 [SgLow4]:0 [NetMuon1]:593364 [NetMuon2]:591127 [NetMuon3]:636470 [NetMuon4]:636470
[Run]:38561 [Site]:1 [Bin]:11596 [FullTime]:3590.17 [SkipTime]:0 [Veto1]:618.059 [Veto2]:629.041 [Veto3]:405.048 [Veto4]:405.048 [SgUp1]:174018 [SgUp2]:173017 [SgUp3]:0 [SgUp4]:0 [SgLow1]:173630 [SgLow2]:172641 [SgLow3]:0 [SgLow4]:0 [NetMuon1]:592961 [NetMuon2]:590688 [NetMuon3]:635355 [NetMuon4]:635355
[Run]:38561 [Site]:1 [Bin]:11597 [FullTime]:3590.17 [SkipTime]:0 [Veto1]:629.79 [Veto2]:644.695 [Veto3]:405.843 [Veto4]:405.843 [SgUp1]:174077 [SgUp2]:171692 [SgUp3]:0 [SgUp4]:0 [SgLow1]:173713 [SgLow2]:171355 [SgLow3]:0 [SgLow4]:0 [NetMuon1]:591888 [NetMuon2]:588972 [NetMuon3]:636745 [NetMuon4]:636745
[Run]:38561 [Site]:1 [Bin]:11598 [FullTime]:3590.17 [SkipTime]:0 [Veto1]:602.534 [Veto2]:617.717 [Veto3]:405.211 [Veto4]:405.211 [SgUp1]:175874 [SgUp2]:173226 [SgUp3]:0 [SgUp4]:0 [SgLow1]:175554 [SgLow2]:172896 [SgLow3]:0 [SgLow4]:0 [NetMuon1]:595877 [NetMuon2]:593063 [NetMuon3]:635572 [NetMuon4]:635572
[Run]:38561 [Site]:1 [Bin]:11599 [FullTime]:3590.17 [SkipTime]:0 [Veto1]:624.563 [Veto2]:622.366 [Veto3]:406.64 [Veto4]:406.64 [SgUp1]:174783 [SgUp2]:173345 [SgUp3]:0 [SgUp4]:0 [SgLow1]:174464 [SgLow2]:173008 [SgLow3]:0 [SgLow4]:0 [NetMuon1]:593919 [NetMuon2]:594744 [NetMuon3]:637816 [NetMuon4]:637816
[Run]:38561 [Site]:1 [Bin]:11600 [FullTime]:3590.17 [SkipTime]:0 [Veto1]:599.878 [Veto2]:642.733 [Veto3]:406.015 [Veto4]:406.015 [SgUp1]:176562 [SgUp2]:171024 [SgUp3]:0 [SgUp4]:0 [SgLow1]:176170 [SgLow2]:170645 [SgLow3]:0 [SgLow4]:0 [NetMuon1]:598272 [NetMuon2]:589457 [NetMuon3]:636798 [NetMuon4]:636798
End process Run: 38561 ... 
[Run]:38561 [Site]:1 [Bin]:11601 [FullTime]:3549.31 [SkipTime]:0 [Veto1]:603.328 [Veto2]:609.536 [Veto3]:400.653 [Veto4]:400.653
