StreamChain add 0x183157e0
Start to process run: 38053 ... 
[Run]:38053 [Site]:1 [Bin]:10832 [FullTime]:1198.64 [SkipTime]:0 [Veto1]:200.894 [Veto2]:220.87 [Veto3]:135.912 [Veto4]:135.912 [SgUp1]:59057 [SgUp2]:56987 [SgUp3]:0 [SgUp4]:0 [SgLow1]:58928 [SgLow2]:56884 [SgLow3]:0 [SgLow4]:0 [NetMuon1]:200077 [NetMuon2]:196171 [NetMuon3]:213116 [NetMuon4]:213116
[Run]:38053 [Site]:1 [Bin]:10833 [FullTime]:3590.17 [SkipTime]:0 [Veto1]:622.916 [Veto2]:624.153 [Veto3]:405.39 [Veto4]:405.39 [SgUp1]:175442 [SgUp2]:173087 [SgUp3]:0 [SgUp4]:0 [SgLow1]:175043 [SgLow2]:172711 [SgLow3]:0 [SgLow4]:0 [NetMuon1]:592616 [NetMuon2]:592153 [NetMuon3]:635849 [NetMuon4]:635849
[Run]:38053 [Site]:1 [Bin]:10834 [FullTime]:3590.17 [SkipTime]:0 [Veto1]:621.225 [Veto2]:639.143 [Veto3]:406.448 [Veto4]:406.448 [SgUp1]:175593 [SgUp2]:170977 [SgUp3]:0 [SgUp4]:0 [SgLow1]:175144 [SgLow2]:170650 [SgLow3]:0 [SgLow4]:0 [NetMuon1]:594060 [NetMuon2]:591022 [NetMuon3]:637547 [NetMuon4]:637547
[Run]:38053 [Site]:1 [Bin]:10835 [FullTime]:3590.17 [SkipTime]:0 [Veto1]:625.459 [Veto2]:595.409 [Veto3]:406.111 [Veto4]:406.111 [SgUp1]:175328 [SgUp2]:173417 [SgUp3]:0 [SgUp4]:0 [SgLow1]:174992 [SgLow2]:173046 [SgLow3]:0 [SgLow4]:0 [NetMuon1]:592908 [NetMuon2]:598775 [NetMuon3]:636915 [NetMuon4]:636915
[Run]:38053 [Site]:1 [Bin]:10836 [FullTime]:3590.17 [SkipTime]:0 [Veto1]:615.168 [Veto2]:626.504 [Veto3]:406.393 [Veto4]:406.393 [SgUp1]:176282 [SgUp2]:172457 [SgUp3]:0 [SgUp4]:0 [SgLow1]:175888 [SgLow2]:172096 [SgLow3]:0 [SgLow4]:0 [NetMuon1]:595455 [NetMuon2]:592941 [NetMuon3]:637329 [NetMuon4]:637329
[Run]:38053 [Site]:1 [Bin]:10837 [FullTime]:3590.17 [SkipTime]:0 [Veto1]:619.031 [Veto2]:615.818 [Veto3]:405.311 [Veto4]:405.311 [SgUp1]:174872 [SgUp2]:173351 [SgUp3]:0 [SgUp4]:0 [SgLow1]:174469 [SgLow2]:172976 [SgLow3]:0 [SgLow4]:0 [NetMuon1]:593211 [NetMuon2]:593479 [NetMuon3]:635759 [NetMuon4]:635759
[Run]:38053 [Site]:1 [Bin]:10838 [FullTime]:3590.17 [SkipTime]:0 [Veto1]:614.579 [Veto2]:647.504 [Veto3]:405.704 [Veto4]:405.704 [SgUp1]:175809 [SgUp2]:170902 [SgUp3]:0 [SgUp4]:0 [SgLow1]:175492 [SgLow2]:170531 [SgLow3]:0 [SgLow4]:0 [NetMuon1]:594332 [NetMuon2]:588302 [NetMuon3]:636563 [NetMuon4]:636563
[Run]:38053 [Site]:1 [Bin]:10839 [FullTime]:3590.17 [SkipTime]:0 [Veto1]:628.023 [Veto2]:627.265 [Veto3]:406.382 [Veto4]:406.382 [SgUp1]:174191 [SgUp2]:172136 [SgUp3]:0 [SgUp4]:0 [SgLow1]:173813 [SgLow2]:171810 [SgLow3]:0 [SgLow4]:0 [NetMuon1]:593025 [NetMuon2]:592914 [NetMuon3]:637359 [NetMuon4]:637359
[Run]:38053 [Site]:1 [Bin]:10840 [FullTime]:3590.17 [SkipTime]:0 [Veto1]:625.336 [Veto2]:604.559 [Veto3]:406.745 [Veto4]:406.745 [SgUp1]:175088 [SgUp2]:173892 [SgUp3]:0 [SgUp4]:0 [SgLow1]:174664 [SgLow2]:173561 [SgLow3]:0 [SgLow4]:0 [NetMuon1]:594597 [NetMuon2]:598420 [NetMuon3]:637987 [NetMuon4]:637987
[Run]:38053 [Site]:1 [Bin]:10841 [FullTime]:3590.17 [SkipTime]:0 [Veto1]:612.188 [Veto2]:626.253 [Veto3]:405.872 [Veto4]:405.872 [SgUp1]:175211 [SgUp2]:172621 [SgUp3]:0 [SgUp4]:0 [SgLow1]:174885 [SgLow2]:172263 [SgLow3]:0 [SgLow4]:0 [NetMuon1]:595570 [NetMuon2]:592999 [NetMuon3]:636858 [NetMuon4]:636858
[Run]:38053 [Site]:1 [Bin]:10842 [FullTime]:3590.17 [SkipTime]:0 [Veto1]:613.062 [Veto2]:623.999 [Veto3]:406.507 [Veto4]:406.507 [SgUp1]:175437 [SgUp2]:172019 [SgUp3]:0 [SgUp4]:0 [SgLow1]:175021 [SgLow2]:171625 [SgLow3]:0 [SgLow4]:0 [NetMuon1]:596438 [NetMuon2]:594179 [NetMuon3]:637694 [NetMuon4]:637694
[Run]:38053 [Site]:1 [Bin]:10843 [FullTime]:3590.17 [SkipTime]:0 [Veto1]:613.39 [Veto2]:636.49 [Veto3]:406.524 [Veto4]:406.524 [SgUp1]:175201 [SgUp2]:172311 [SgUp3]:0 [SgUp4]:0 [SgLow1]:174820 [SgLow2]:171948 [SgLow3]:0 [SgLow4]:0 [NetMuon1]:596638 [NetMuon2]:591262 [NetMuon3]:637729 [NetMuon4]:637729
[Run]:38053 [Site]:1 [Bin]:10844 [FullTime]:3590.17 [SkipTime]:0 [Veto1]:622.61 [Veto2]:625.369 [Veto3]:405.448 [Veto4]:405.448 [SgUp1]:175126 [SgUp2]:172993 [SgUp3]:0 [SgUp4]:0 [SgLow1]:174713 [SgLow2]:172606 [SgLow3]:0 [SgLow4]:0 [NetMuon1]:592390 [NetMuon2]:591990 [NetMuon3]:635887 [NetMuon4]:635887
[Run]:38053 [Site]:1 [Bin]:10845 [FullTime]:3590.17 [SkipTime]:0 [Veto1]:630.74 [Veto2]:609.229 [Veto3]:405.905 [Veto4]:405.905 [SgUp1]:174500 [SgUp2]:173970 [SgUp3]:0 [SgUp4]:0 [SgLow1]:174121 [SgLow2]:173610 [SgLow3]:0 [SgLow4]:0 [NetMuon1]:591760 [NetMuon2]:595846 [NetMuon3]:636565 [NetMuon4]:636565
[Run]:38053 [Site]:1 [Bin]:10846 [FullTime]:3590.17 [SkipTime]:0 [Veto1]:615.994 [Veto2]:660.245 [Veto3]:406.267 [Veto4]:406.267 [SgUp1]:176170 [SgUp2]:170276 [SgUp3]:0 [SgUp4]:0 [SgLow1]:175831 [SgLow2]:169934 [SgLow3]:0 [SgLow4]:0 [NetMuon1]:595413 [NetMuon2]:586725 [NetMuon3]:637602 [NetMuon4]:637602
[Run]:38053 [Site]:1 [Bin]:10847 [FullTime]:3590.17 [SkipTime]:0 [Veto1]:619.743 [Veto2]:622.318 [Veto3]:405.404 [Veto4]:405.404 [SgUp1]:174803 [SgUp2]:172389 [SgUp3]:0 [SgUp4]:0 [SgLow1]:174451 [SgLow2]:172036 [SgLow3]:0 [SgLow4]:0 [NetMuon1]:592620 [NetMuon2]:592434 [NetMuon3]:635819 [NetMuon4]:635819
[Run]:38053 [Site]:1 [Bin]:10848 [FullTime]:3590.17 [SkipTime]:0 [Veto1]:611.093 [Veto2]:631.891 [Veto3]:405.556 [Veto4]:405.556 [SgUp1]:175218 [SgUp2]:172714 [SgUp3]:0 [SgUp4]:0 [SgLow1]:174819 [SgLow2]:172359 [SgLow3]:0 [SgLow4]:0 [NetMuon1]:594991 [NetMuon2]:591181 [NetMuon3]:636198 [NetMuon4]:636198
[Run]:38053 [Site]:1 [Bin]:10849 [FullTime]:3590.17 [SkipTime]:0 [Veto1]:634.762 [Veto2]:634.492 [Veto3]:405.684 [Veto4]:405.684 [SgUp1]:174098 [SgUp2]:172515 [SgUp3]:0 [SgUp4]:0 [SgLow1]:173740 [SgLow2]:172142 [SgLow3]:0 [SgLow4]:0 [NetMuon1]:591002 [NetMuon2]:590874 [NetMuon3]:636605 [NetMuon4]:636605
[Run]:38053 [Site]:1 [Bin]:10850 [FullTime]:3590.17 [SkipTime]:0 [Veto1]:603.526 [Veto2]:622.584 [Veto3]:406.1 [Veto4]:406.1 [SgUp1]:176478 [SgUp2]:173053 [SgUp3]:0 [SgUp4]:0 [SgLow1]:176070 [SgLow2]:172676 [SgLow3]:0 [SgLow4]:0 [NetMuon1]:597577 [NetMuon2]:593657 [NetMuon3]:636932 [NetMuon4]:636932
[Run]:38053 [Site]:1 [Bin]:10851 [FullTime]:3590.17 [SkipTime]:0 [Veto1]:608.209 [Veto2]:628.388 [Veto3]:405.223 [Veto4]:405.223 [SgUp1]:175501 [SgUp2]:172632 [SgUp3]:0 [SgUp4]:0 [SgLow1]:175107 [SgLow2]:172238 [SgLow3]:0 [SgLow4]:0 [NetMuon1]:595498 [NetMuon2]:590801 [NetMuon3]:635718 [NetMuon4]:635718
[Run]:38053 [Site]:1 [Bin]:10852 [FullTime]:3590.17 [SkipTime]:0 [Veto1]:613.747 [Veto2]:617.872 [Veto3]:406.735 [Veto4]:406.735 [SgUp1]:175575 [SgUp2]:173675 [SgUp3]:0 [SgUp4]:0 [SgLow1]:175194 [SgLow2]:173293 [SgLow3]:0 [SgLow4]:0 [NetMuon1]:596542 [NetMuon2]:595739 [NetMuon3]:638150 [NetMuon4]:638150
[Run]:38053 [Site]:1 [Bin]:10853 [FullTime]:3590.17 [SkipTime]:0 [Veto1]:631.189 [Veto2]:617.819 [Veto3]:405.815 [Veto4]:405.815 [SgUp1]:174124 [SgUp2]:172708 [SgUp3]:0 [SgUp4]:0 [SgLow1]:173755 [SgLow2]:172325 [SgLow3]:0 [SgLow4]:0 [NetMuon1]:591424 [NetMuon2]:594017 [NetMuon3]:636660 [NetMuon4]:636660
[Run]:38053 [Site]:1 [Bin]:10854 [FullTime]:3590.17 [SkipTime]:0 [Veto1]:601.807 [Veto2]:636.499 [Veto3]:406.41 [Veto4]:406.41 [SgUp1]:176128 [SgUp2]:171813 [SgUp3]:0 [SgUp4]:0 [SgLow1]:175755 [SgLow2]:171447 [SgLow3]:0 [SgLow4]:0 [NetMuon1]:598259 [NetMuon2]:591262 [NetMuon3]:637459 [NetMuon4]:637459
[Run]:38053 [Site]:1 [Bin]:10855 [FullTime]:3590.17 [SkipTime]:0 [Veto1]:626.155 [Veto2]:635.06 [Veto3]:405.717 [Veto4]:405.717 [SgUp1]:175308 [SgUp2]:172065 [SgUp3]:0 [SgUp4]:0 [SgLow1]:174955 [SgLow2]:171650 [SgLow3]:0 [SgLow4]:0 [NetMuon1]:592247 [NetMuon2]:590655 [NetMuon3]:636578 [NetMuon4]:636578
[Run]:38053 [Site]:1 [Bin]:10856 [FullTime]:3590.17 [SkipTime]:0 [Veto1]:618.099 [Veto2]:640.284 [Veto3]:405.591 [Veto4]:405.591 [SgUp1]:175499 [SgUp2]:171629 [SgUp3]:0 [SgUp4]:0 [SgLow1]:175097 [SgLow2]:171250 [SgLow3]:0 [SgLow4]:0 [NetMuon1]:593331 [NetMuon2]:589564 [NetMuon3]:636151 [NetMuon4]:636151
[Run]:38053 [Site]:1 [Bin]:10857 [FullTime]:3590.17 [SkipTime]:0 [Veto1]:617.299 [Veto2]:630.409 [Veto3]:405.411 [Veto4]:405.411 [SgUp1]:175878 [SgUp2]:171829 [SgUp3]:0 [SgUp4]:0 [SgLow1]:175536 [SgLow2]:171441 [SgLow3]:0 [SgLow4]:0 [NetMuon1]:594030 [NetMuon2]:591404 [NetMuon3]:636133 [NetMuon4]:636133
[Run]:38053 [Site]:1 [Bin]:10858 [FullTime]:3590.17 [SkipTime]:0 [Veto1]:614.934 [Veto2]:625.316 [Veto3]:405.988 [Veto4]:405.988 [SgUp1]:175221 [SgUp2]:173012 [SgUp3]:0 [SgUp4]:0 [SgLow1]:174829 [SgLow2]:172648 [SgLow3]:0 [SgLow4]:0 [NetMuon1]:595123 [NetMuon2]:593053 [NetMuon3]:637051 [NetMuon4]:637051
[Run]:38053 [Site]:1 [Bin]:10859 [FullTime]:3590.17 [SkipTime]:0 [Veto1]:598.082 [Veto2]:622.703 [Veto3]:405.832 [Veto4]:405.832 [SgUp1]:176541 [SgUp2]:172640 [SgUp3]:0 [SgUp4]:0 [SgLow1]:176151 [SgLow2]:172306 [SgLow3]:0 [SgLow4]:0 [NetMuon1]:598060 [NetMuon2]:593741 [NetMuon3]:636504 [NetMuon4]:636504
[Run]:38053 [Site]:1 [Bin]:10860 [FullTime]:3590.17 [SkipTime]:0 [Veto1]:623.249 [Veto2]:635.152 [Veto3]:406.781 [Veto4]:406.781 [SgUp1]:175149 [SgUp2]:172582 [SgUp3]:0 [SgUp4]:0 [SgLow1]:174795 [SgLow2]:172209 [SgLow3]:0 [SgLow4]:0 [NetMuon1]:594634 [NetMuon2]:592499 [NetMuon3]:638198 [NetMuon4]:638198
[Run]:38053 [Site]:1 [Bin]:10861 [FullTime]:3590.17 [SkipTime]:0 [Veto1]:616.414 [Veto2]:645.435 [Veto3]:407.107 [Veto4]:407.107 [SgUp1]:175386 [SgUp2]:171404 [SgUp3]:0 [SgUp4]:0 [SgLow1]:175015 [SgLow2]:170999 [SgLow3]:0 [SgLow4]:0 [NetMuon1]:596956 [NetMuon2]:590700 [NetMuon3]:638545 [NetMuon4]:638545
[Run]:38053 [Site]:1 [Bin]:10862 [FullTime]:3590.17 [SkipTime]:0 [Veto1]:638.778 [Veto2]:623.43 [Veto3]:406.709 [Veto4]:406.709 [SgUp1]:173462 [SgUp2]:172036 [SgUp3]:0 [SgUp4]:0 [SgLow1]:173136 [SgLow2]:171688 [SgLow3]:0 [SgLow4]:0 [NetMuon1]:591780 [NetMuon2]:594039 [NetMuon3]:637795 [NetMuon4]:637795
[Run]:38053 [Site]:1 [Bin]:10863 [FullTime]:3590.17 [SkipTime]:0 [Veto1]:613.992 [Veto2]:641.968 [Veto3]:406.788 [Veto4]:406.788 [SgUp1]:176129 [SgUp2]:170481 [SgUp3]:0 [SgUp4]:0 [SgLow1]:175783 [SgLow2]:170126 [SgLow3]:0 [SgLow4]:0 [NetMuon1]:596800 [NetMuon2]:590922 [NetMuon3]:638068 [NetMuon4]:638068
[Run]:38053 [Site]:1 [Bin]:10864 [FullTime]:3590.18 [SkipTime]:0 [Veto1]:608.943 [Veto2]:639.426 [Veto3]:407.244 [Veto4]:407.244 [SgUp1]:175774 [SgUp2]:170818 [SgUp3]:0 [SgUp4]:0 [SgLow1]:175459 [SgLow2]:170454 [SgLow3]:0 [SgLow4]:0 [NetMuon1]:597957 [NetMuon2]:591527 [NetMuon3]:638535 [NetMuon4]:638535
[Run]:38053 [Site]:1 [Bin]:10865 [FullTime]:3590.16 [SkipTime]:0 [Veto1]:629.026 [Veto2]:615.294 [Veto3]:406.907 [Veto4]:406.907 [SgUp1]:175650 [SgUp2]:172014 [SgUp3]:0 [SgUp4]:0 [SgLow1]:175246 [SgLow2]:171664 [SgLow3]:0 [SgLow4]:0 [NetMuon1]:594036 [NetMuon2]:596307 [NetMuon3]:638462 [NetMuon4]:638462
[Run]:38053 [Site]:1 [Bin]:10866 [FullTime]:3590.17 [SkipTime]:0 [Veto1]:609.423 [Veto2]:613.831 [Veto3]:406.663 [Veto4]:406.663 [SgUp1]:175578 [SgUp2]:172468 [SgUp3]:0 [SgUp4]:0 [SgLow1]:175190 [SgLow2]:172126 [SgLow3]:0 [SgLow4]:0 [NetMuon1]:597501 [NetMuon2]:596176 [NetMuon3]:637976 [NetMuon4]:637976
[Run]:38053 [Site]:1 [Bin]:10867 [FullTime]:3590.17 [SkipTime]:0 [Veto1]:606.899 [Veto2]:620.653 [Veto3]:407.337 [Veto4]:407.337 [SgUp1]:175719 [SgUp2]:172089 [SgUp3]:0 [SgUp4]:0 [SgLow1]:175342 [SgLow2]:171639 [SgLow3]:0 [SgLow4]:0 [NetMuon1]:598463 [NetMuon2]:595520 [NetMuon3]:638523 [NetMuon4]:638523
[Run]:38053 [Site]:1 [Bin]:10868 [FullTime]:3590.17 [SkipTime]:0 [Veto1]:617.755 [Veto2]:617.932 [Veto3]:406.576 [Veto4]:406.576 [SgUp1]:175368 [SgUp2]:172486 [SgUp3]:0 [SgUp4]:0 [SgLow1]:174995 [SgLow2]:172119 [SgLow3]:0 [SgLow4]:0 [NetMuon1]:595377 [NetMuon2]:595094 [NetMuon3]:637491 [NetMuon4]:637491
[Run]:38053 [Site]:1 [Bin]:10869 [FullTime]:3590.17 [SkipTime]:0 [Veto1]:605.451 [Veto2]:633.564 [Veto3]:406.521 [Veto4]:406.521 [SgUp1]:175295 [SgUp2]:171477 [SgUp3]:0 [SgUp4]:0 [SgLow1]:174841 [SgLow2]:171121 [SgLow3]:0 [SgLow4]:0 [NetMuon1]:597378 [NetMuon2]:591808 [NetMuon3]:637430 [NetMuon4]:637430
[Run]:38053 [Site]:1 [Bin]:10870 [FullTime]:3590.17 [SkipTime]:0 [Veto1]:603.765 [Veto2]:640.269 [Veto3]:406.308 [Veto4]:406.308 [SgUp1]:175919 [SgUp2]:171079 [SgUp3]:0 [SgUp4]:0 [SgLow1]:175573 [SgLow2]:170756 [SgLow3]:0 [SgLow4]:0 [NetMuon1]:597923 [NetMuon2]:590511 [NetMuon3]:637290 [NetMuon4]:637290
[Run]:38053 [Site]:1 [Bin]:10871 [FullTime]:3590.17 [SkipTime]:0 [Veto1]:621.59 [Veto2]:616.523 [Veto3]:405.988 [Veto4]:405.988 [SgUp1]:175827 [SgUp2]:172882 [SgUp3]:0 [SgUp4]:0 [SgLow1]:175453 [SgLow2]:172477 [SgLow3]:0 [SgLow4]:0 [NetMuon1]:593580 [NetMuon2]:594291 [NetMuon3]:636593 [NetMuon4]:636593
[Run]:38053 [Site]:1 [Bin]:10872 [FullTime]:3590.17 [SkipTime]:0 [Veto1]:620.955 [Veto2]:633.28 [Veto3]:405.548 [Veto4]:405.548 [SgUp1]:174829 [SgUp2]:171118 [SgUp3]:0 [SgUp4]:0 [SgLow1]:174482 [SgLow2]:170779 [SgLow3]:0 [SgLow4]:0 [NetMuon1]:592783 [NetMuon2]:590317 [NetMuon3]:636116 [NetMuon4]:636116
[Run]:38053 [Site]:1 [Bin]:10873 [FullTime]:3590.17 [SkipTime]:0 [Veto1]:600.51 [Veto2]:623.877 [Veto3]:406.151 [Veto4]:406.151 [SgUp1]:176429 [SgUp2]:172031 [SgUp3]:0 [SgUp4]:0 [SgLow1]:176038 [SgLow2]:171702 [SgLow3]:0 [SgLow4]:0 [NetMuon1]:598274 [NetMuon2]:593535 [NetMuon3]:637104 [NetMuon4]:637104
[Run]:38053 [Site]:1 [Bin]:10874 [FullTime]:3590.17 [SkipTime]:0 [Veto1]:608.705 [Veto2]:623.573 [Veto3]:406.285 [Veto4]:406.285 [SgUp1]:176907 [SgUp2]:172157 [SgUp3]:0 [SgUp4]:0 [SgLow1]:176485 [SgLow2]:171791 [SgLow3]:0 [SgLow4]:0 [NetMuon1]:596791 [NetMuon2]:593658 [NetMuon3]:637292 [NetMuon4]:637292
[Run]:38053 [Site]:1 [Bin]:10875 [FullTime]:3590.17 [SkipTime]:0 [Veto1]:610.258 [Veto2]:630.872 [Veto3]:405.65 [Veto4]:405.65 [SgUp1]:175648 [SgUp2]:171570 [SgUp3]:0 [SgUp4]:0 [SgLow1]:175263 [SgLow2]:171207 [SgLow3]:0 [SgLow4]:0 [NetMuon1]:595389 [NetMuon2]:591217 [NetMuon3]:636213 [NetMuon4]:636213
[Run]:38053 [Site]:1 [Bin]:10876 [FullTime]:3590.17 [SkipTime]:0 [Veto1]:617.41 [Veto2]:632.07 [Veto3]:406.374 [Veto4]:406.374 [SgUp1]:175659 [SgUp2]:171883 [SgUp3]:0 [SgUp4]:0 [SgLow1]:175285 [SgLow2]:171531 [SgLow3]:0 [SgLow4]:0 [NetMuon1]:594757 [NetMuon2]:591760 [NetMuon3]:637342 [NetMuon4]:637342
[Run]:38053 [Site]:1 [Bin]:10877 [FullTime]:3590.17 [SkipTime]:0 [Veto1]:628.833 [Veto2]:613.033 [Veto3]:406.012 [Veto4]:406.012 [SgUp1]:175499 [SgUp2]:173088 [SgUp3]:0 [SgUp4]:0 [SgLow1]:175136 [SgLow2]:172753 [SgLow3]:0 [SgLow4]:0 [NetMuon1]:592497 [NetMuon2]:595819 [NetMuon3]:636984 [NetMuon4]:636984
[Run]:38053 [Site]:1 [Bin]:10878 [FullTime]:3590.17 [SkipTime]:0 [Veto1]:592.609 [Veto2]:629.94 [Veto3]:406.674 [Veto4]:406.674 [SgUp1]:176640 [SgUp2]:172347 [SgUp3]:0 [SgUp4]:0 [SgLow1]:176244 [SgLow2]:172000 [SgLow3]:0 [SgLow4]:0 [NetMuon1]:600437 [NetMuon2]:593183 [NetMuon3]:637910 [NetMuon4]:637910
[Run]:38053 [Site]:1 [Bin]:10879 [FullTime]:3590.17 [SkipTime]:0 [Veto1]:629.036 [Veto2]:614.162 [Veto3]:406.491 [Veto4]:406.491 [SgUp1]:173943 [SgUp2]:172891 [SgUp3]:0 [SgUp4]:0 [SgLow1]:173588 [SgLow2]:172482 [SgLow3]:0 [SgLow4]:0 [NetMuon1]:593042 [NetMuon2]:596114 [NetMuon3]:637639 [NetMuon4]:637639
[Run]:38053 [Site]:1 [Bin]:10880 [FullTime]:3590.17 [SkipTime]:0 [Veto1]:616.339 [Veto2]:621.273 [Veto3]:406.255 [Veto4]:406.255 [SgUp1]:176442 [SgUp2]:172090 [SgUp3]:0 [SgUp4]:0 [SgLow1]:176073 [SgLow2]:171729 [SgLow3]:0 [SgLow4]:0 [NetMuon1]:595188 [NetMuon2]:593953 [NetMuon3]:637070 [NetMuon4]:637070
[Run]:38053 [Site]:1 [Bin]:10881 [FullTime]:3590.17 [SkipTime]:0 [Veto1]:606.5 [Veto2]:637.705 [Veto3]:406.375 [Veto4]:406.375 [SgUp1]:176215 [SgUp2]:171686 [SgUp3]:0 [SgUp4]:0 [SgLow1]:175840 [SgLow2]:171357 [SgLow3]:0 [SgLow4]:0 [NetMuon1]:597061 [NetMuon2]:591414 [NetMuon3]:637342 [NetMuon4]:637342
[Run]:38053 [Site]:1 [Bin]:10882 [FullTime]:3590.17 [SkipTime]:0 [Veto1]:590.336 [Veto2]:614.351 [Veto3]:406.137 [Veto4]:406.137 [SgUp1]:177218 [SgUp2]:172577 [SgUp3]:0 [SgUp4]:0 [SgLow1]:176837 [SgLow2]:172211 [SgLow3]:0 [SgLow4]:0 [NetMuon1]:599681 [NetMuon2]:595404 [NetMuon3]:637010 [NetMuon4]:637010
[Run]:38053 [Site]:1 [Bin]:10883 [FullTime]:3590.17 [SkipTime]:0 [Veto1]:622.12 [Veto2]:651.753 [Veto3]:406.852 [Veto4]:406.852 [SgUp1]:175432 [SgUp2]:170554 [SgUp3]:0 [SgUp4]:0 [SgLow1]:175078 [SgLow2]:170172 [SgLow3]:0 [SgLow4]:0 [NetMuon1]:594578 [NetMuon2]:588778 [NetMuon3]:637702 [NetMuon4]:637702
End process Run: 38053 ... 
[Run]:38053 [Site]:1 [Bin]:10884 [FullTime]:1677.55 [SkipTime]:0 [Veto1]:288.609 [Veto2]:295.594 [Veto3]:189.854 [Veto4]:189.854
