StreamChain add 0x1fabf7e0
Start to process run: 38458 ... 
[Run]:38458 [Site]:1 [Bin]:11386 [FullTime]:917.316 [SkipTime]:0 [Veto1]:150.728 [Veto2]:164.9 [Veto3]:103.836 [Veto4]:103.836 [SgUp1]:45380 [SgUp2]:43570 [SgUp3]:0 [SgUp4]:0 [SgLow1]:45285 [SgLow2]:43489 [SgLow3]:0 [SgLow4]:0 [NetMuon1]:153307 [NetMuon2]:150601 [NetMuon3]:162830 [NetMuon4]:162830
[Run]:38458 [Site]:1 [Bin]:11387 [FullTime]:3590.17 [SkipTime]:0 [Veto1]:611.891 [Veto2]:644.207 [Veto3]:405.674 [Veto4]:405.674 [SgUp1]:175371 [SgUp2]:170771 [SgUp3]:0 [SgUp4]:0 [SgLow1]:174998 [SgLow2]:170389 [SgLow3]:0 [SgLow4]:0 [NetMuon1]:594851 [NetMuon2]:588422 [NetMuon3]:636075 [NetMuon4]:636075
[Run]:38458 [Site]:1 [Bin]:11388 [FullTime]:3590.17 [SkipTime]:0 [Veto1]:633.076 [Veto2]:659.828 [Veto3]:405.907 [Veto4]:405.907 [SgUp1]:174783 [SgUp2]:170333 [SgUp3]:0 [SgUp4]:0 [SgLow1]:174404 [SgLow2]:169915 [SgLow3]:0 [SgLow4]:0 [NetMuon1]:591160 [NetMuon2]:585799 [NetMuon3]:636663 [NetMuon4]:636663
[Run]:38458 [Site]:1 [Bin]:11389 [FullTime]:3590.17 [SkipTime]:0 [Veto1]:599.965 [Veto2]:621.865 [Veto3]:406.272 [Veto4]:406.272 [SgUp1]:176099 [SgUp2]:172158 [SgUp3]:0 [SgUp4]:0 [SgLow1]:175683 [SgLow2]:171804 [SgLow3]:0 [SgLow4]:0 [NetMuon1]:598242 [NetMuon2]:594220 [NetMuon3]:637189 [NetMuon4]:637189
[Run]:38458 [Site]:1 [Bin]:11390 [FullTime]:3590.17 [SkipTime]:0 [Veto1]:618.97 [Veto2]:612.225 [Veto3]:406.247 [Veto4]:406.247 [SgUp1]:174716 [SgUp2]:172471 [SgUp3]:0 [SgUp4]:0 [SgLow1]:174318 [SgLow2]:172067 [SgLow3]:0 [SgLow4]:0 [NetMuon1]:594949 [NetMuon2]:596414 [NetMuon3]:637341 [NetMuon4]:637341
[Run]:38458 [Site]:1 [Bin]:11391 [FullTime]:3590.17 [SkipTime]:0 [Veto1]:606.283 [Veto2]:614.957 [Veto3]:406.029 [Veto4]:406.029 [SgUp1]:175663 [SgUp2]:172274 [SgUp3]:0 [SgUp4]:0 [SgLow1]:175276 [SgLow2]:171938 [SgLow3]:0 [SgLow4]:0 [NetMuon1]:597062 [NetMuon2]:595059 [NetMuon3]:637031 [NetMuon4]:637031
[Run]:38458 [Site]:1 [Bin]:11392 [FullTime]:3590.17 [SkipTime]:0 [Veto1]:603.911 [Veto2]:650.043 [Veto3]:405.611 [Veto4]:405.611 [SgUp1]:175680 [SgUp2]:170897 [SgUp3]:0 [SgUp4]:0 [SgLow1]:175295 [SgLow2]:170555 [SgLow3]:0 [SgLow4]:0 [NetMuon1]:596867 [NetMuon2]:587769 [NetMuon3]:636335 [NetMuon4]:636335
[Run]:38458 [Site]:1 [Bin]:11393 [FullTime]:3590.17 [SkipTime]:0 [Veto1]:612.288 [Veto2]:637.857 [Veto3]:406.011 [Veto4]:406.011 [SgUp1]:175092 [SgUp2]:171071 [SgUp3]:0 [SgUp4]:0 [SgLow1]:174718 [SgLow2]:170683 [SgLow3]:0 [SgLow4]:0 [NetMuon1]:595833 [NetMuon2]:590719 [NetMuon3]:637194 [NetMuon4]:637194
[Run]:38458 [Site]:1 [Bin]:11394 [FullTime]:3590.17 [SkipTime]:0 [Veto1]:631.105 [Veto2]:625.721 [Veto3]:406.858 [Veto4]:406.858 [SgUp1]:174887 [SgUp2]:171915 [SgUp3]:0 [SgUp4]:0 [SgLow1]:174510 [SgLow2]:171515 [SgLow3]:0 [SgLow4]:0 [NetMuon1]:593315 [NetMuon2]:594220 [NetMuon3]:638243 [NetMuon4]:638243
[Run]:38458 [Site]:1 [Bin]:11395 [FullTime]:3590.17 [SkipTime]:0 [Veto1]:629.945 [Veto2]:614.477 [Veto3]:406.001 [Veto4]:406.001 [SgUp1]:173920 [SgUp2]:172804 [SgUp3]:0 [SgUp4]:0 [SgLow1]:173570 [SgLow2]:172389 [SgLow3]:0 [SgLow4]:0 [NetMuon1]:592151 [NetMuon2]:594708 [NetMuon3]:636780 [NetMuon4]:636780
[Run]:38458 [Site]:1 [Bin]:11396 [FullTime]:3590.17 [SkipTime]:0 [Veto1]:624.471 [Veto2]:629.227 [Veto3]:406.246 [Veto4]:406.246 [SgUp1]:174077 [SgUp2]:171762 [SgUp3]:0 [SgUp4]:0 [SgLow1]:173680 [SgLow2]:171360 [SgLow3]:0 [SgLow4]:0 [NetMuon1]:593370 [NetMuon2]:592410 [NetMuon3]:637000 [NetMuon4]:637000
[Run]:38458 [Site]:1 [Bin]:11397 [FullTime]:3590.17 [SkipTime]:0 [Veto1]:616.498 [Veto2]:621.536 [Veto3]:406.601 [Veto4]:406.601 [SgUp1]:175224 [SgUp2]:170877 [SgUp3]:0 [SgUp4]:0 [SgLow1]:174837 [SgLow2]:170514 [SgLow3]:0 [SgLow4]:0 [NetMuon1]:596061 [NetMuon2]:594790 [NetMuon3]:637743 [NetMuon4]:637743
[Run]:38458 [Site]:1 [Bin]:11398 [FullTime]:3590.17 [SkipTime]:0 [Veto1]:622.008 [Veto2]:614.721 [Veto3]:404.923 [Veto4]:404.923 [SgUp1]:175068 [SgUp2]:172376 [SgUp3]:0 [SgUp4]:0 [SgLow1]:174707 [SgLow2]:171981 [SgLow3]:0 [SgLow4]:0 [NetMuon1]:591494 [NetMuon2]:593955 [NetMuon3]:635146 [NetMuon4]:635146
[Run]:38458 [Site]:1 [Bin]:11399 [FullTime]:3590.17 [SkipTime]:0 [Veto1]:631.281 [Veto2]:600.516 [Veto3]:405.69 [Veto4]:405.69 [SgUp1]:174335 [SgUp2]:173417 [SgUp3]:0 [SgUp4]:0 [SgLow1]:173989 [SgLow2]:173044 [SgLow3]:0 [SgLow4]:0 [NetMuon1]:591041 [NetMuon2]:597562 [NetMuon3]:636243 [NetMuon4]:636243
[Run]:38458 [Site]:1 [Bin]:11400 [FullTime]:3590.17 [SkipTime]:0 [Veto1]:597.675 [Veto2]:629.931 [Veto3]:406.048 [Veto4]:406.048 [SgUp1]:176526 [SgUp2]:171517 [SgUp3]:0 [SgUp4]:0 [SgLow1]:176149 [SgLow2]:171173 [SgLow3]:0 [SgLow4]:0 [NetMuon1]:598967 [NetMuon2]:592589 [NetMuon3]:637261 [NetMuon4]:637261
[Run]:38458 [Site]:1 [Bin]:11401 [FullTime]:3590.18 [SkipTime]:0 [Veto1]:630.643 [Veto2]:636.987 [Veto3]:405.377 [Veto4]:405.377 [SgUp1]:173651 [SgUp2]:171082 [SgUp3]:0 [SgUp4]:0 [SgLow1]:173267 [SgLow2]:170687 [SgLow3]:0 [SgLow4]:0 [NetMuon1]:591135 [NetMuon2]:589479 [NetMuon3]:635935 [NetMuon4]:635935
[Run]:38458 [Site]:1 [Bin]:11402 [FullTime]:3590.16 [SkipTime]:0 [Veto1]:622.261 [Veto2]:635.146 [Veto3]:406.01 [Veto4]:406.01 [SgUp1]:174983 [SgUp2]:171535 [SgUp3]:0 [SgUp4]:0 [SgLow1]:174604 [SgLow2]:171225 [SgLow3]:0 [SgLow4]:0 [NetMuon1]:593651 [NetMuon2]:590818 [NetMuon3]:636613 [NetMuon4]:636613
[Run]:38458 [Site]:1 [Bin]:11403 [FullTime]:3590.17 [SkipTime]:0 [Veto1]:612.56 [Veto2]:632.798 [Veto3]:406.876 [Veto4]:406.876 [SgUp1]:175344 [SgUp2]:171796 [SgUp3]:0 [SgUp4]:0 [SgLow1]:174967 [SgLow2]:171415 [SgLow3]:0 [SgLow4]:0 [NetMuon1]:596998 [NetMuon2]:593060 [NetMuon3]:638310 [NetMuon4]:638310
[Run]:38458 [Site]:1 [Bin]:11404 [FullTime]:3590.17 [SkipTime]:0 [Veto1]:634.579 [Veto2]:634.209 [Veto3]:406.074 [Veto4]:406.074 [SgUp1]:173499 [SgUp2]:170896 [SgUp3]:0 [SgUp4]:0 [SgLow1]:173170 [SgLow2]:170475 [SgLow3]:0 [SgLow4]:0 [NetMuon1]:590811 [NetMuon2]:591252 [NetMuon3]:636755 [NetMuon4]:636755
[Run]:38458 [Site]:1 [Bin]:11405 [FullTime]:3590.17 [SkipTime]:0 [Veto1]:597.473 [Veto2]:632.56 [Veto3]:405.972 [Veto4]:405.972 [SgUp1]:175630 [SgUp2]:170880 [SgUp3]:0 [SgUp4]:0 [SgLow1]:175221 [SgLow2]:170467 [SgLow3]:0 [SgLow4]:0 [NetMuon1]:598668 [NetMuon2]:591242 [NetMuon3]:636676 [NetMuon4]:636676
[Run]:38458 [Site]:1 [Bin]:11406 [FullTime]:3590.17 [SkipTime]:0 [Veto1]:604.139 [Veto2]:628.02 [Veto3]:406.08 [Veto4]:406.08 [SgUp1]:175281 [SgUp2]:171790 [SgUp3]:0 [SgUp4]:0 [SgLow1]:174917 [SgLow2]:171452 [SgLow3]:0 [SgLow4]:0 [NetMuon1]:597284 [NetMuon2]:592228 [NetMuon3]:636949 [NetMuon4]:636949
[Run]:38458 [Site]:1 [Bin]:11407 [FullTime]:3590.17 [SkipTime]:0 [Veto1]:622.601 [Veto2]:626.86 [Veto3]:405.468 [Veto4]:405.468 [SgUp1]:175055 [SgUp2]:171813 [SgUp3]:0 [SgUp4]:0 [SgLow1]:174644 [SgLow2]:171398 [SgLow3]:0 [SgLow4]:0 [NetMuon1]:592284 [NetMuon2]:592333 [NetMuon3]:636039 [NetMuon4]:636039
[Run]:38458 [Site]:1 [Bin]:11408 [FullTime]:3590.17 [SkipTime]:0 [Veto1]:623.409 [Veto2]:644.443 [Veto3]:405.801 [Veto4]:405.801 [SgUp1]:174418 [SgUp2]:171011 [SgUp3]:0 [SgUp4]:0 [SgLow1]:174044 [SgLow2]:170651 [SgLow3]:0 [SgLow4]:0 [NetMuon1]:592966 [NetMuon2]:588803 [NetMuon3]:636404 [NetMuon4]:636404
[Run]:38458 [Site]:1 [Bin]:11409 [FullTime]:3590.17 [SkipTime]:0 [Veto1]:611.273 [Veto2]:635.924 [Veto3]:406.026 [Veto4]:406.026 [SgUp1]:175092 [SgUp2]:171330 [SgUp3]:0 [SgUp4]:0 [SgLow1]:174717 [SgLow2]:170976 [SgLow3]:0 [SgLow4]:0 [NetMuon1]:595826 [NetMuon2]:590839 [NetMuon3]:636902 [NetMuon4]:636902
[Run]:38458 [Site]:1 [Bin]:11410 [FullTime]:3590.17 [SkipTime]:0 [Veto1]:619.843 [Veto2]:616.607 [Veto3]:406.186 [Veto4]:406.186 [SgUp1]:175087 [SgUp2]:171693 [SgUp3]:0 [SgUp4]:0 [SgLow1]:174715 [SgLow2]:171333 [SgLow3]:0 [SgLow4]:0 [NetMuon1]:594103 [NetMuon2]:594648 [NetMuon3]:636886 [NetMuon4]:636886
[Run]:38458 [Site]:1 [Bin]:11411 [FullTime]:3590.17 [SkipTime]:0 [Veto1]:607.298 [Veto2]:641.263 [Veto3]:406.005 [Veto4]:406.005 [SgUp1]:174932 [SgUp2]:170533 [SgUp3]:0 [SgUp4]:0 [SgLow1]:174490 [SgLow2]:170121 [SgLow3]:0 [SgLow4]:0 [NetMuon1]:596571 [NetMuon2]:589965 [NetMuon3]:636934 [NetMuon4]:636934
[Run]:38458 [Site]:1 [Bin]:11412 [FullTime]:3590.17 [SkipTime]:0 [Veto1]:608.011 [Veto2]:635.853 [Veto3]:405.547 [Veto4]:405.547 [SgUp1]:175400 [SgUp2]:171243 [SgUp3]:0 [SgUp4]:0 [SgLow1]:174979 [SgLow2]:170888 [SgLow3]:0 [SgLow4]:0 [NetMuon1]:595749 [NetMuon2]:590067 [NetMuon3]:636191 [NetMuon4]:636191
[Run]:38458 [Site]:1 [Bin]:11413 [FullTime]:3590.17 [SkipTime]:0 [Veto1]:599.668 [Veto2]:630.604 [Veto3]:406.313 [Veto4]:406.313 [SgUp1]:175856 [SgUp2]:171437 [SgUp3]:0 [SgUp4]:0 [SgLow1]:175439 [SgLow2]:171060 [SgLow3]:0 [SgLow4]:0 [NetMuon1]:598487 [NetMuon2]:592390 [NetMuon3]:637227 [NetMuon4]:637227
[Run]:38458 [Site]:1 [Bin]:11414 [FullTime]:3590.17 [SkipTime]:0 [Veto1]:624.276 [Veto2]:636.141 [Veto3]:405.934 [Veto4]:405.934 [SgUp1]:173860 [SgUp2]:171430 [SgUp3]:0 [SgUp4]:0 [SgLow1]:173504 [SgLow2]:171075 [SgLow3]:0 [SgLow4]:0 [NetMuon1]:593007 [NetMuon2]:590692 [NetMuon3]:636766 [NetMuon4]:636766
[Run]:38458 [Site]:1 [Bin]:11415 [FullTime]:3590.17 [SkipTime]:0 [Veto1]:611.882 [Veto2]:588.046 [Veto3]:405.54 [Veto4]:405.54 [SgUp1]:175741 [SgUp2]:174177 [SgUp3]:0 [SgUp4]:0 [SgLow1]:175346 [SgLow2]:173844 [SgLow3]:0 [SgLow4]:0 [NetMuon1]:595039 [NetMuon2]:599726 [NetMuon3]:636073 [NetMuon4]:636073
[Run]:38458 [Site]:1 [Bin]:11416 [FullTime]:3590.17 [SkipTime]:0 [Veto1]:623.926 [Veto2]:634.55 [Veto3]:406.315 [Veto4]:406.315 [SgUp1]:175363 [SgUp2]:170917 [SgUp3]:0 [SgUp4]:0 [SgLow1]:175015 [SgLow2]:170537 [SgLow3]:0 [SgLow4]:0 [NetMuon1]:594172 [NetMuon2]:592077 [NetMuon3]:637536 [NetMuon4]:637536
[Run]:38458 [Site]:1 [Bin]:11417 [FullTime]:3590.17 [SkipTime]:0 [Veto1]:627.949 [Veto2]:621.173 [Veto3]:406.259 [Veto4]:406.259 [SgUp1]:175223 [SgUp2]:171765 [SgUp3]:0 [SgUp4]:0 [SgLow1]:174851 [SgLow2]:171458 [SgLow3]:0 [SgLow4]:0 [NetMuon1]:593149 [NetMuon2]:594691 [NetMuon3]:637487 [NetMuon4]:637487
[Run]:38458 [Site]:1 [Bin]:11418 [FullTime]:3590.17 [SkipTime]:0 [Veto1]:629.014 [Veto2]:641.673 [Veto3]:406.389 [Veto4]:406.389 [SgUp1]:174708 [SgUp2]:171676 [SgUp3]:0 [SgUp4]:0 [SgLow1]:174305 [SgLow2]:171323 [SgLow3]:0 [SgLow4]:0 [NetMuon1]:592535 [NetMuon2]:589752 [NetMuon3]:637215 [NetMuon4]:637215
[Run]:38458 [Site]:1 [Bin]:11419 [FullTime]:3590.17 [SkipTime]:0 [Veto1]:604.737 [Veto2]:621.452 [Veto3]:406.518 [Veto4]:406.518 [SgUp1]:176289 [SgUp2]:172781 [SgUp3]:0 [SgUp4]:0 [SgLow1]:175859 [SgLow2]:172388 [SgLow3]:0 [SgLow4]:0 [NetMuon1]:597985 [NetMuon2]:594694 [NetMuon3]:637815 [NetMuon4]:637815
[Run]:38458 [Site]:1 [Bin]:11420 [FullTime]:3590.17 [SkipTime]:0 [Veto1]:627.161 [Veto2]:633.778 [Veto3]:405.75 [Veto4]:405.75 [SgUp1]:175322 [SgUp2]:171248 [SgUp3]:0 [SgUp4]:0 [SgLow1]:174943 [SgLow2]:170913 [SgLow3]:0 [SgLow4]:0 [NetMuon1]:592180 [NetMuon2]:590776 [NetMuon3]:636569 [NetMuon4]:636569
[Run]:38458 [Site]:1 [Bin]:11421 [FullTime]:3590.17 [SkipTime]:0 [Veto1]:637.889 [Veto2]:645.692 [Veto3]:405.457 [Veto4]:405.457 [SgUp1]:174898 [SgUp2]:170201 [SgUp3]:0 [SgUp4]:0 [SgLow1]:174469 [SgLow2]:169832 [SgLow3]:0 [SgLow4]:0 [NetMuon1]:589596 [NetMuon2]:587883 [NetMuon3]:635955 [NetMuon4]:635955
[Run]:38458 [Site]:1 [Bin]:11422 [FullTime]:3590.17 [SkipTime]:0 [Veto1]:615.776 [Veto2]:632.22 [Veto3]:405.733 [Veto4]:405.733 [SgUp1]:176267 [SgUp2]:171410 [SgUp3]:0 [SgUp4]:0 [SgLow1]:175894 [SgLow2]:171022 [SgLow3]:0 [SgLow4]:0 [NetMuon1]:594467 [NetMuon2]:591420 [NetMuon3]:636414 [NetMuon4]:636414
[Run]:38458 [Site]:1 [Bin]:11423 [FullTime]:3590.17 [SkipTime]:0 [Veto1]:618.279 [Veto2]:634.488 [Veto3]:405.437 [Veto4]:405.437 [SgUp1]:175621 [SgUp2]:171750 [SgUp3]:0 [SgUp4]:0 [SgLow1]:175283 [SgLow2]:171412 [SgLow3]:0 [SgLow4]:0 [NetMuon1]:593645 [NetMuon2]:590265 [NetMuon3]:636164 [NetMuon4]:636164
[Run]:38458 [Site]:1 [Bin]:11424 [FullTime]:3590.17 [SkipTime]:0 [Veto1]:611.692 [Veto2]:629.021 [Veto3]:405.649 [Veto4]:405.649 [SgUp1]:175728 [SgUp2]:171715 [SgUp3]:0 [SgUp4]:0 [SgLow1]:175366 [SgLow2]:171335 [SgLow3]:0 [SgLow4]:0 [NetMuon1]:595089 [NetMuon2]:591430 [NetMuon3]:636255 [NetMuon4]:636255
[Run]:38458 [Site]:1 [Bin]:11425 [FullTime]:3590.17 [SkipTime]:0 [Veto1]:620.178 [Veto2]:625.101 [Veto3]:404.999 [Veto4]:404.999 [SgUp1]:175497 [SgUp2]:172066 [SgUp3]:0 [SgUp4]:0 [SgLow1]:175169 [SgLow2]:171689 [SgLow3]:0 [SgLow4]:0 [NetMuon1]:592468 [NetMuon2]:591422 [NetMuon3]:635291 [NetMuon4]:635291
[Run]:38458 [Site]:1 [Bin]:11426 [FullTime]:3590.17 [SkipTime]:0 [Veto1]:624.252 [Veto2]:630.575 [Veto3]:404.864 [Veto4]:404.864 [SgUp1]:175078 [SgUp2]:171619 [SgUp3]:0 [SgUp4]:0 [SgLow1]:174687 [SgLow2]:171249 [SgLow3]:0 [SgLow4]:0 [NetMuon1]:591629 [NetMuon2]:590245 [NetMuon3]:635432 [NetMuon4]:635432
[Run]:38458 [Site]:1 [Bin]:11427 [FullTime]:3590.17 [SkipTime]:0 [Veto1]:604.295 [Veto2]:622.555 [Veto3]:405.121 [Veto4]:405.121 [SgUp1]:175532 [SgUp2]:171224 [SgUp3]:0 [SgUp4]:0 [SgLow1]:175133 [SgLow2]:170831 [SgLow3]:0 [SgLow4]:0 [NetMuon1]:595355 [NetMuon2]:591973 [NetMuon3]:635313 [NetMuon4]:635313
[Run]:38458 [Site]:1 [Bin]:11428 [FullTime]:3590.17 [SkipTime]:0 [Veto1]:618.84 [Veto2]:620.716 [Veto3]:405.447 [Veto4]:405.447 [SgUp1]:174849 [SgUp2]:171361 [SgUp3]:0 [SgUp4]:0 [SgLow1]:174506 [SgLow2]:170998 [SgLow3]:0 [SgLow4]:0 [NetMuon1]:593379 [NetMuon2]:593088 [NetMuon3]:636031 [NetMuon4]:636031
[Run]:38458 [Site]:1 [Bin]:11429 [FullTime]:3590.17 [SkipTime]:0 [Veto1]:609.159 [Veto2]:631.039 [Veto3]:404.864 [Veto4]:404.864 [SgUp1]:175159 [SgUp2]:171207 [SgUp3]:0 [SgUp4]:0 [SgLow1]:174807 [SgLow2]:170891 [SgLow3]:0 [SgLow4]:0 [NetMuon1]:594348 [NetMuon2]:590180 [NetMuon3]:635123 [NetMuon4]:635123
[Run]:38458 [Site]:1 [Bin]:11430 [FullTime]:3590.17 [SkipTime]:0 [Veto1]:611.623 [Veto2]:633.881 [Veto3]:405.127 [Veto4]:405.127 [SgUp1]:175729 [SgUp2]:170829 [SgUp3]:0 [SgUp4]:0 [SgLow1]:175376 [SgLow2]:170509 [SgLow3]:0 [SgLow4]:0 [NetMuon1]:594660 [NetMuon2]:589941 [NetMuon3]:635670 [NetMuon4]:635670
[Run]:38458 [Site]:1 [Bin]:11431 [FullTime]:3590.17 [SkipTime]:0 [Veto1]:621.654 [Veto2]:631.646 [Veto3]:405.802 [Veto4]:405.802 [SgUp1]:173850 [SgUp2]:172196 [SgUp3]:0 [SgUp4]:0 [SgLow1]:173520 [SgLow2]:171898 [SgLow3]:0 [SgLow4]:0 [NetMuon1]:593400 [NetMuon2]:590997 [NetMuon3]:636352 [NetMuon4]:636352
[Run]:38458 [Site]:1 [Bin]:11432 [FullTime]:3590.17 [SkipTime]:0 [Veto1]:629.751 [Veto2]:629.276 [Veto3]:405.448 [Veto4]:405.448 [SgUp1]:174174 [SgUp2]:172663 [SgUp3]:0 [SgUp4]:0 [SgLow1]:173852 [SgLow2]:172343 [SgLow3]:0 [SgLow4]:0 [NetMuon1]:591443 [NetMuon2]:591169 [NetMuon3]:636221 [NetMuon4]:636221
End process Run: 38458 ... 
[Run]:38458 [Site]:1 [Bin]:11433 [FullTime]:2429.53 [SkipTime]:0 [Veto1]:397.867 [Veto2]:419.041 [Veto3]:274.074 [Veto4]:274.074
