StreamChain add 0x1b9fb7e0
Start to process run: 39578 ... 
[Run]:39578 [Site]:1 [Bin]:12616 [FullTime]:43.1275 [SkipTime]:0 [Veto1]:9.55611 [Veto2]:5.18324 [Veto3]:4.86221 [Veto4]:4.86221 [SgUp1]:1967 [SgUp2]:2193 [SgUp3]:0 [SgUp4]:0 [SgLow1]:1967 [SgLow2]:2190 [SgLow3]:0 [SgLow4]:0 [NetMuon1]:6677 [NetMuon2]:7580 [NetMuon3]:7652 [NetMuon4]:7652
[Run]:39578 [Site]:1 [Bin]:12617 [FullTime]:3590.17 [SkipTime]:0 [Veto1]:633.239 [Veto2]:649.756 [Veto3]:406.884 [Veto4]:406.884 [SgUp1]:175660 [SgUp2]:171377 [SgUp3]:0 [SgUp4]:0 [SgLow1]:175288 [SgLow2]:171046 [SgLow3]:0 [SgLow4]:0 [NetMuon1]:592756 [NetMuon2]:589573 [NetMuon3]:638290 [NetMuon4]:638290
[Run]:39578 [Site]:1 [Bin]:12618 [FullTime]:3590.17 [SkipTime]:0 [Veto1]:610.004 [Veto2]:603.869 [Veto3]:406.641 [Veto4]:406.641 [SgUp1]:175316 [SgUp2]:173967 [SgUp3]:0 [SgUp4]:0 [SgLow1]:174952 [SgLow2]:173632 [SgLow3]:0 [SgLow4]:0 [NetMuon1]:597184 [NetMuon2]:598205 [NetMuon3]:637815 [NetMuon4]:637815
[Run]:39578 [Site]:1 [Bin]:12619 [FullTime]:3590.17 [SkipTime]:0 [Veto1]:642.937 [Veto2]:592.899 [Veto3]:406.185 [Veto4]:406.185 [SgUp1]:174219 [SgUp2]:173909 [SgUp3]:0 [SgUp4]:0 [SgLow1]:173865 [SgLow2]:173585 [SgLow3]:0 [SgLow4]:0 [NetMuon1]:589891 [NetMuon2]:599609 [NetMuon3]:637166 [NetMuon4]:637166
[Run]:39578 [Site]:1 [Bin]:12620 [FullTime]:3590.17 [SkipTime]:0 [Veto1]:607.878 [Veto2]:638.917 [Veto3]:404.888 [Veto4]:404.888 [SgUp1]:175775 [SgUp2]:171463 [SgUp3]:0 [SgUp4]:0 [SgLow1]:175452 [SgLow2]:171139 [SgLow3]:0 [SgLow4]:0 [NetMuon1]:594896 [NetMuon2]:588523 [NetMuon3]:634991 [NetMuon4]:634991
[Run]:39578 [Site]:1 [Bin]:12621 [FullTime]:3590.17 [SkipTime]:0 [Veto1]:624.011 [Veto2]:608.371 [Veto3]:405.671 [Veto4]:405.671 [SgUp1]:175296 [SgUp2]:172534 [SgUp3]:0 [SgUp4]:0 [SgLow1]:174943 [SgLow2]:172195 [SgLow3]:0 [SgLow4]:0 [NetMuon1]:592678 [NetMuon2]:595919 [NetMuon3]:636385 [NetMuon4]:636385
[Run]:39578 [Site]:1 [Bin]:12622 [FullTime]:3590.17 [SkipTime]:0 [Veto1]:599.361 [Veto2]:645.747 [Veto3]:406.293 [Veto4]:406.293 [SgUp1]:176656 [SgUp2]:170202 [SgUp3]:0 [SgUp4]:0 [SgLow1]:176275 [SgLow2]:169842 [SgLow3]:0 [SgLow4]:0 [NetMuon1]:598516 [NetMuon2]:588982 [NetMuon3]:637046 [NetMuon4]:637046
[Run]:39578 [Site]:1 [Bin]:12623 [FullTime]:3590.17 [SkipTime]:0 [Veto1]:614.146 [Veto2]:614.208 [Veto3]:405.101 [Veto4]:405.101 [SgUp1]:176039 [SgUp2]:173308 [SgUp3]:0 [SgUp4]:0 [SgLow1]:175662 [SgLow2]:172963 [SgLow3]:0 [SgLow4]:0 [NetMuon1]:593886 [NetMuon2]:594083 [NetMuon3]:635672 [NetMuon4]:635672
[Run]:39578 [Site]:1 [Bin]:12624 [FullTime]:3590.17 [SkipTime]:0 [Veto1]:620.154 [Veto2]:630.269 [Veto3]:405.594 [Veto4]:405.594 [SgUp1]:175637 [SgUp2]:171651 [SgUp3]:0 [SgUp4]:0 [SgLow1]:175283 [SgLow2]:171305 [SgLow3]:0 [SgLow4]:0 [NetMuon1]:593206 [NetMuon2]:591266 [NetMuon3]:636138 [NetMuon4]:636138
[Run]:39578 [Site]:1 [Bin]:12625 [FullTime]:3590.17 [SkipTime]:0 [Veto1]:610.03 [Veto2]:615.246 [Veto3]:405.032 [Veto4]:405.032 [SgUp1]:175900 [SgUp2]:173295 [SgUp3]:0 [SgUp4]:0 [SgLow1]:175551 [SgLow2]:172942 [SgLow3]:0 [SgLow4]:0 [NetMuon1]:594373 [NetMuon2]:593538 [NetMuon3]:635204 [NetMuon4]:635204
[Run]:39578 [Site]:1 [Bin]:12626 [FullTime]:3590.17 [SkipTime]:0 [Veto1]:611.515 [Veto2]:635.573 [Veto3]:405.549 [Veto4]:405.549 [SgUp1]:176169 [SgUp2]:170887 [SgUp3]:0 [SgUp4]:0 [SgLow1]:175857 [SgLow2]:170541 [SgLow3]:0 [SgLow4]:0 [NetMuon1]:595225 [NetMuon2]:590474 [NetMuon3]:636252 [NetMuon4]:636252
[Run]:39578 [Site]:1 [Bin]:12627 [FullTime]:3590.17 [SkipTime]:0 [Veto1]:586.47 [Veto2]:620.578 [Veto3]:404.721 [Veto4]:404.721 [SgUp1]:176804 [SgUp2]:172959 [SgUp3]:0 [SgUp4]:0 [SgLow1]:176475 [SgLow2]:172605 [SgLow3]:0 [SgLow4]:0 [NetMuon1]:598665 [NetMuon2]:591969 [NetMuon3]:634995 [NetMuon4]:634995
[Run]:39578 [Site]:1 [Bin]:12628 [FullTime]:3590.17 [SkipTime]:0 [Veto1]:609.272 [Veto2]:642.679 [Veto3]:405.75 [Veto4]:405.75 [SgUp1]:176281 [SgUp2]:171076 [SgUp3]:0 [SgUp4]:0 [SgLow1]:175927 [SgLow2]:170783 [SgLow3]:0 [SgLow4]:0 [NetMuon1]:595757 [NetMuon2]:588653 [NetMuon3]:636526 [NetMuon4]:636526
[Run]:39578 [Site]:1 [Bin]:12629 [FullTime]:3590.17 [SkipTime]:0 [Veto1]:641.005 [Veto2]:642.469 [Veto3]:405.995 [Veto4]:405.995 [SgUp1]:173508 [SgUp2]:171770 [SgUp3]:0 [SgUp4]:0 [SgLow1]:173123 [SgLow2]:171452 [SgLow3]:0 [SgLow4]:0 [NetMuon1]:589998 [NetMuon2]:589403 [NetMuon3]:636962 [NetMuon4]:636962
[Run]:39578 [Site]:1 [Bin]:12630 [FullTime]:3590.17 [SkipTime]:0 [Veto1]:597.77 [Veto2]:640.308 [Veto3]:406.678 [Veto4]:406.678 [SgUp1]:175885 [SgUp2]:171082 [SgUp3]:0 [SgUp4]:0 [SgLow1]:175489 [SgLow2]:170738 [SgLow3]:0 [SgLow4]:0 [NetMuon1]:599293 [NetMuon2]:590410 [NetMuon3]:637524 [NetMuon4]:637524
[Run]:39578 [Site]:1 [Bin]:12631 [FullTime]:3590.17 [SkipTime]:0 [Veto1]:606.528 [Veto2]:619.684 [Veto3]:406.435 [Veto4]:406.435 [SgUp1]:174949 [SgUp2]:172609 [SgUp3]:0 [SgUp4]:0 [SgLow1]:174624 [SgLow2]:172222 [SgLow3]:0 [SgLow4]:0 [NetMuon1]:597429 [NetMuon2]:595172 [NetMuon3]:637511 [NetMuon4]:637511
[Run]:39578 [Site]:1 [Bin]:12632 [FullTime]:3590.17 [SkipTime]:0 [Veto1]:629.099 [Veto2]:640.75 [Veto3]:404.751 [Veto4]:404.751 [SgUp1]:174279 [SgUp2]:171913 [SgUp3]:0 [SgUp4]:0 [SgLow1]:173903 [SgLow2]:171540 [SgLow3]:0 [SgLow4]:0 [NetMuon1]:590767 [NetMuon2]:588326 [NetMuon3]:635294 [NetMuon4]:635294
[Run]:39578 [Site]:1 [Bin]:12633 [FullTime]:3590.17 [SkipTime]:0 [Veto1]:606.609 [Veto2]:634.281 [Veto3]:406.374 [Veto4]:406.374 [SgUp1]:176192 [SgUp2]:172543 [SgUp3]:0 [SgUp4]:0 [SgLow1]:175843 [SgLow2]:172213 [SgLow3]:0 [SgLow4]:0 [NetMuon1]:597237 [NetMuon2]:592027 [NetMuon3]:637336 [NetMuon4]:637336
[Run]:39578 [Site]:1 [Bin]:12634 [FullTime]:3590.17 [SkipTime]:0 [Veto1]:615.142 [Veto2]:622.645 [Veto3]:406.12 [Veto4]:406.12 [SgUp1]:175905 [SgUp2]:172468 [SgUp3]:0 [SgUp4]:0 [SgLow1]:175526 [SgLow2]:172109 [SgLow3]:0 [SgLow4]:0 [NetMuon1]:595373 [NetMuon2]:593305 [NetMuon3]:636971 [NetMuon4]:636971
[Run]:39578 [Site]:1 [Bin]:12635 [FullTime]:3590.17 [SkipTime]:0 [Veto1]:628.532 [Veto2]:630.84 [Veto3]:407.07 [Veto4]:407.07 [SgUp1]:174523 [SgUp2]:172000 [SgUp3]:0 [SgUp4]:0 [SgLow1]:174169 [SgLow2]:171676 [SgLow3]:0 [SgLow4]:0 [NetMuon1]:593544 [NetMuon2]:593429 [NetMuon3]:638363 [NetMuon4]:638363
[Run]:39578 [Site]:1 [Bin]:12636 [FullTime]:3590.17 [SkipTime]:0 [Veto1]:634.06 [Veto2]:622.179 [Veto3]:406.092 [Veto4]:406.092 [SgUp1]:174160 [SgUp2]:172525 [SgUp3]:0 [SgUp4]:0 [SgLow1]:173798 [SgLow2]:172153 [SgLow3]:0 [SgLow4]:0 [NetMuon1]:591792 [NetMuon2]:593709 [NetMuon3]:637291 [NetMuon4]:637291
[Run]:39578 [Site]:1 [Bin]:12637 [FullTime]:3590.17 [SkipTime]:0 [Veto1]:609.11 [Veto2]:615.634 [Veto3]:405.816 [Veto4]:405.816 [SgUp1]:175999 [SgUp2]:172916 [SgUp3]:0 [SgUp4]:0 [SgLow1]:175647 [SgLow2]:172569 [SgLow3]:0 [SgLow4]:0 [NetMuon1]:595691 [NetMuon2]:594560 [NetMuon3]:636404 [NetMuon4]:636404
[Run]:39578 [Site]:1 [Bin]:12638 [FullTime]:3590.17 [SkipTime]:0 [Veto1]:588.979 [Veto2]:635.019 [Veto3]:405.571 [Veto4]:405.571 [SgUp1]:177367 [SgUp2]:171911 [SgUp3]:0 [SgUp4]:0 [SgLow1]:177030 [SgLow2]:171533 [SgLow3]:0 [SgLow4]:0 [NetMuon1]:599686 [NetMuon2]:590446 [NetMuon3]:636137 [NetMuon4]:636137
[Run]:39578 [Site]:1 [Bin]:12639 [FullTime]:3590.17 [SkipTime]:0 [Veto1]:618.525 [Veto2]:652.427 [Veto3]:406.688 [Veto4]:406.688 [SgUp1]:175579 [SgUp2]:170519 [SgUp3]:0 [SgUp4]:0 [SgLow1]:175175 [SgLow2]:170175 [SgLow3]:0 [SgLow4]:0 [NetMuon1]:595486 [NetMuon2]:588479 [NetMuon3]:637916 [NetMuon4]:637916
[Run]:39578 [Site]:1 [Bin]:12640 [FullTime]:3590.17 [SkipTime]:0 [Veto1]:637.313 [Veto2]:617.702 [Veto3]:405.646 [Veto4]:405.646 [SgUp1]:173550 [SgUp2]:172541 [SgUp3]:0 [SgUp4]:0 [SgLow1]:173190 [SgLow2]:172195 [SgLow3]:0 [SgLow4]:0 [NetMuon1]:590061 [NetMuon2]:593869 [NetMuon3]:636628 [NetMuon4]:636628
[Run]:39578 [Site]:1 [Bin]:12641 [FullTime]:3590.17 [SkipTime]:0 [Veto1]:606.617 [Veto2]:646.696 [Veto3]:406.059 [Veto4]:406.059 [SgUp1]:175855 [SgUp2]:170962 [SgUp3]:0 [SgUp4]:0 [SgLow1]:175496 [SgLow2]:170605 [SgLow3]:0 [SgLow4]:0 [NetMuon1]:597104 [NetMuon2]:588979 [NetMuon3]:636902 [NetMuon4]:636902
[Run]:39578 [Site]:1 [Bin]:12642 [FullTime]:3590.18 [SkipTime]:0 [Veto1]:621.925 [Veto2]:650.048 [Veto3]:407.376 [Veto4]:407.376 [SgUp1]:174907 [SgUp2]:170747 [SgUp3]:0 [SgUp4]:0 [SgLow1]:174574 [SgLow2]:170413 [SgLow3]:0 [SgLow4]:0 [NetMuon1]:595888 [NetMuon2]:590243 [NetMuon3]:638971 [NetMuon4]:638971
[Run]:39578 [Site]:1 [Bin]:12643 [FullTime]:3590.16 [SkipTime]:0 [Veto1]:629.528 [Veto2]:647.412 [Veto3]:406.187 [Veto4]:406.187 [SgUp1]:174245 [SgUp2]:170708 [SgUp3]:0 [SgUp4]:0 [SgLow1]:173874 [SgLow2]:170324 [SgLow3]:0 [SgLow4]:0 [NetMuon1]:591975 [NetMuon2]:588601 [NetMuon3]:636852 [NetMuon4]:636852
[Run]:39578 [Site]:1 [Bin]:12644 [FullTime]:3590.17 [SkipTime]:0 [Veto1]:632.6 [Veto2]:638.688 [Veto3]:406.758 [Veto4]:406.758 [SgUp1]:174831 [SgUp2]:171525 [SgUp3]:0 [SgUp4]:0 [SgLow1]:174432 [SgLow2]:171189 [SgLow3]:0 [SgLow4]:0 [NetMuon1]:592903 [NetMuon2]:591665 [NetMuon3]:638102 [NetMuon4]:638102
[Run]:39578 [Site]:1 [Bin]:12645 [FullTime]:3590.17 [SkipTime]:0 [Veto1]:637.104 [Veto2]:623.002 [Veto3]:406.387 [Veto4]:406.387 [SgUp1]:175087 [SgUp2]:173225 [SgUp3]:0 [SgUp4]:0 [SgLow1]:174726 [SgLow2]:172864 [SgLow3]:0 [SgLow4]:0 [NetMuon1]:591061 [NetMuon2]:594449 [NetMuon3]:637330 [NetMuon4]:637330
[Run]:39578 [Site]:1 [Bin]:12646 [FullTime]:3590.17 [SkipTime]:0 [Veto1]:607.212 [Veto2]:634.356 [Veto3]:407.119 [Veto4]:407.119 [SgUp1]:176293 [SgUp2]:171661 [SgUp3]:0 [SgUp4]:0 [SgLow1]:175963 [SgLow2]:171345 [SgLow3]:0 [SgLow4]:0 [NetMuon1]:598200 [NetMuon2]:592811 [NetMuon3]:638243 [NetMuon4]:638243
[Run]:39578 [Site]:1 [Bin]:12647 [FullTime]:3590.17 [SkipTime]:0 [Veto1]:606.389 [Veto2]:607.626 [Veto3]:405.57 [Veto4]:405.57 [SgUp1]:176546 [SgUp2]:172518 [SgUp3]:0 [SgUp4]:0 [SgLow1]:176160 [SgLow2]:172139 [SgLow3]:0 [SgLow4]:0 [NetMuon1]:596059 [NetMuon2]:595863 [NetMuon3]:636078 [NetMuon4]:636078
[Run]:39578 [Site]:1 [Bin]:12648 [FullTime]:3590.17 [SkipTime]:0 [Veto1]:576.513 [Veto2]:615.835 [Veto3]:405.409 [Veto4]:405.409 [SgUp1]:177764 [SgUp2]:173352 [SgUp3]:0 [SgUp4]:0 [SgLow1]:177429 [SgLow2]:173017 [SgLow3]:0 [SgLow4]:0 [NetMuon1]:601724 [NetMuon2]:594060 [NetMuon3]:635964 [NetMuon4]:635964
[Run]:39578 [Site]:1 [Bin]:12649 [FullTime]:3590.17 [SkipTime]:0 [Veto1]:626.605 [Veto2]:609.483 [Veto3]:406.528 [Veto4]:406.528 [SgUp1]:174619 [SgUp2]:172470 [SgUp3]:0 [SgUp4]:0 [SgLow1]:174270 [SgLow2]:172146 [SgLow3]:0 [SgLow4]:0 [NetMuon1]:593374 [NetMuon2]:596816 [NetMuon3]:637743 [NetMuon4]:637743
[Run]:39578 [Site]:1 [Bin]:12650 [FullTime]:3590.17 [SkipTime]:0 [Veto1]:602.829 [Veto2]:630.662 [Veto3]:405.317 [Veto4]:405.317 [SgUp1]:176624 [SgUp2]:170725 [SgUp3]:0 [SgUp4]:0 [SgLow1]:176275 [SgLow2]:170391 [SgLow3]:0 [SgLow4]:0 [NetMuon1]:596605 [NetMuon2]:591342 [NetMuon3]:635828 [NetMuon4]:635828
[Run]:39578 [Site]:1 [Bin]:12651 [FullTime]:3590.17 [SkipTime]:0 [Veto1]:617.374 [Veto2]:646.663 [Veto3]:406.2 [Veto4]:406.2 [SgUp1]:174754 [SgUp2]:171333 [SgUp3]:0 [SgUp4]:0 [SgLow1]:174395 [SgLow2]:170961 [SgLow3]:0 [SgLow4]:0 [NetMuon1]:594994 [NetMuon2]:588974 [NetMuon3]:637268 [NetMuon4]:637268
[Run]:39578 [Site]:1 [Bin]:12652 [FullTime]:3590.17 [SkipTime]:0 [Veto1]:608.88 [Veto2]:627.038 [Veto3]:406.072 [Veto4]:406.072 [SgUp1]:176417 [SgUp2]:172379 [SgUp3]:0 [SgUp4]:0 [SgLow1]:176089 [SgLow2]:171998 [SgLow3]:0 [SgLow4]:0 [NetMuon1]:596594 [NetMuon2]:592680 [NetMuon3]:636938 [NetMuon4]:636938
[Run]:39578 [Site]:1 [Bin]:12653 [FullTime]:3590.17 [SkipTime]:0 [Veto1]:601.052 [Veto2]:642.989 [Veto3]:406.471 [Veto4]:406.471 [SgUp1]:176865 [SgUp2]:170912 [SgUp3]:0 [SgUp4]:0 [SgLow1]:176503 [SgLow2]:170538 [SgLow3]:0 [SgLow4]:0 [NetMuon1]:598259 [NetMuon2]:589905 [NetMuon3]:637403 [NetMuon4]:637403
[Run]:39578 [Site]:1 [Bin]:12654 [FullTime]:3590.17 [SkipTime]:0 [Veto1]:608.262 [Veto2]:625.41 [Veto3]:406.783 [Veto4]:406.783 [SgUp1]:176244 [SgUp2]:172435 [SgUp3]:0 [SgUp4]:0 [SgLow1]:175875 [SgLow2]:172061 [SgLow3]:0 [SgLow4]:0 [NetMuon1]:598092 [NetMuon2]:594506 [NetMuon3]:638234 [NetMuon4]:638234
[Run]:39578 [Site]:1 [Bin]:12655 [FullTime]:3590.17 [SkipTime]:0 [Veto1]:597.901 [Veto2]:619.066 [Veto3]:405.955 [Veto4]:405.955 [SgUp1]:177210 [SgUp2]:172331 [SgUp3]:0 [SgUp4]:0 [SgLow1]:176814 [SgLow2]:171951 [SgLow3]:0 [SgLow4]:0 [NetMuon1]:598216 [NetMuon2]:594041 [NetMuon3]:636719 [NetMuon4]:636719
[Run]:39578 [Site]:1 [Bin]:12656 [FullTime]:3590.17 [SkipTime]:0 [Veto1]:635.094 [Veto2]:623.621 [Veto3]:406.283 [Veto4]:406.283 [SgUp1]:174440 [SgUp2]:172315 [SgUp3]:0 [SgUp4]:0 [SgLow1]:174113 [SgLow2]:171980 [SgLow3]:0 [SgLow4]:0 [NetMuon1]:591297 [NetMuon2]:593417 [NetMuon3]:636941 [NetMuon4]:636941
[Run]:39578 [Site]:1 [Bin]:12657 [FullTime]:3590.17 [SkipTime]:0 [Veto1]:618.015 [Veto2]:641.162 [Veto3]:406.402 [Veto4]:406.402 [SgUp1]:175052 [SgUp2]:171577 [SgUp3]:0 [SgUp4]:0 [SgLow1]:174718 [SgLow2]:171185 [SgLow3]:0 [SgLow4]:0 [NetMuon1]:595070 [NetMuon2]:590240 [NetMuon3]:637464 [NetMuon4]:637464
[Run]:39578 [Site]:1 [Bin]:12658 [FullTime]:3590.17 [SkipTime]:0 [Veto1]:639.506 [Veto2]:631.346 [Veto3]:406.674 [Veto4]:406.674 [SgUp1]:173979 [SgUp2]:172138 [SgUp3]:0 [SgUp4]:0 [SgLow1]:173653 [SgLow2]:171747 [SgLow3]:0 [SgLow4]:0 [NetMuon1]:591001 [NetMuon2]:592543 [NetMuon3]:637569 [NetMuon4]:637569
[Run]:39578 [Site]:1 [Bin]:12659 [FullTime]:3590.17 [SkipTime]:0 [Veto1]:618.658 [Veto2]:631.373 [Veto3]:406.235 [Veto4]:406.235 [SgUp1]:175149 [SgUp2]:172050 [SgUp3]:0 [SgUp4]:0 [SgLow1]:174809 [SgLow2]:171708 [SgLow3]:0 [SgLow4]:0 [NetMuon1]:594647 [NetMuon2]:592009 [NetMuon3]:637021 [NetMuon4]:637021
[Run]:39578 [Site]:1 [Bin]:12660 [FullTime]:3590.17 [SkipTime]:0 [Veto1]:634.964 [Veto2]:629.481 [Veto3]:405.987 [Veto4]:405.987 [SgUp1]:174150 [SgUp2]:172351 [SgUp3]:0 [SgUp4]:0 [SgLow1]:173787 [SgLow2]:171982 [SgLow3]:0 [SgLow4]:0 [NetMuon1]:591002 [NetMuon2]:591990 [NetMuon3]:636559 [NetMuon4]:636559
[Run]:39578 [Site]:1 [Bin]:12661 [FullTime]:3590.17 [SkipTime]:0 [Veto1]:624.733 [Veto2]:631.004 [Veto3]:406.254 [Veto4]:406.254 [SgUp1]:175091 [SgUp2]:171728 [SgUp3]:0 [SgUp4]:0 [SgLow1]:174726 [SgLow2]:171387 [SgLow3]:0 [SgLow4]:0 [NetMuon1]:593563 [NetMuon2]:591924 [NetMuon3]:637014 [NetMuon4]:637014
[Run]:39578 [Site]:1 [Bin]:12662 [FullTime]:3590.17 [SkipTime]:0 [Veto1]:630.657 [Veto2]:635.969 [Veto3]:406.383 [Veto4]:406.383 [SgUp1]:175637 [SgUp2]:170763 [SgUp3]:0 [SgUp4]:0 [SgLow1]:175290 [SgLow2]:170428 [SgLow3]:0 [SgLow4]:0 [NetMuon1]:592477 [NetMuon2]:591508 [NetMuon3]:637433 [NetMuon4]:637433
[Run]:39578 [Site]:1 [Bin]:12663 [FullTime]:3590.17 [SkipTime]:0 [Veto1]:619.885 [Veto2]:621.7 [Veto3]:406.074 [Veto4]:406.074 [SgUp1]:175407 [SgUp2]:172858 [SgUp3]:0 [SgUp4]:0 [SgLow1]:175037 [SgLow2]:172450 [SgLow3]:0 [SgLow4]:0 [NetMuon1]:594146 [NetMuon2]:593580 [NetMuon3]:636898 [NetMuon4]:636898
[Run]:39578 [Site]:1 [Bin]:12664 [FullTime]:3590.17 [SkipTime]:0 [Veto1]:633.03 [Veto2]:648.814 [Veto3]:406.487 [Veto4]:406.487 [SgUp1]:173810 [SgUp2]:170097 [SgUp3]:0 [SgUp4]:0 [SgLow1]:173363 [SgLow2]:169737 [SgLow3]:0 [SgLow4]:0 [NetMuon1]:592144 [NetMuon2]:589157 [NetMuon3]:637584 [NetMuon4]:637584
[Run]:39578 [Site]:1 [Bin]:12665 [FullTime]:3590.17 [SkipTime]:0 [Veto1]:612.871 [Veto2]:621.203 [Veto3]:406.502 [Veto4]:406.502 [SgUp1]:175144 [SgUp2]:172248 [SgUp3]:0 [SgUp4]:0 [SgLow1]:174794 [SgLow2]:171874 [SgLow3]:0 [SgLow4]:0 [NetMuon1]:596176 [NetMuon2]:594545 [NetMuon3]:637525 [NetMuon4]:637525
[Run]:39578 [Site]:1 [Bin]:12666 [FullTime]:3590.17 [SkipTime]:0 [Veto1]:632.841 [Veto2]:638.828 [Veto3]:406.176 [Veto4]:406.176 [SgUp1]:174224 [SgUp2]:171192 [SgUp3]:0 [SgUp4]:0 [SgLow1]:173861 [SgLow2]:170873 [SgLow3]:0 [SgLow4]:0 [NetMuon1]:591748 [NetMuon2]:590211 [NetMuon3]:636820 [NetMuon4]:636820
[Run]:39578 [Site]:1 [Bin]:12667 [FullTime]:3590.17 [SkipTime]:0 [Veto1]:622.532 [Veto2]:610.746 [Veto3]:406.963 [Veto4]:406.963 [SgUp1]:174705 [SgUp2]:173382 [SgUp3]:0 [SgUp4]:0 [SgLow1]:174279 [SgLow2]:173026 [SgLow3]:0 [SgLow4]:0 [NetMuon1]:594987 [NetMuon2]:597120 [NetMuon3]:638080 [NetMuon4]:638080
[Run]:39578 [Site]:1 [Bin]:12668 [FullTime]:3590.17 [SkipTime]:0 [Veto1]:628.954 [Veto2]:627.484 [Veto3]:406.776 [Veto4]:406.776 [SgUp1]:174823 [SgUp2]:172738 [SgUp3]:0 [SgUp4]:0 [SgLow1]:174407 [SgLow2]:172429 [SgLow3]:0 [SgLow4]:0 [NetMuon1]:593425 [NetMuon2]:593649 [NetMuon3]:637962 [NetMuon4]:637962
[Run]:39578 [Site]:1 [Bin]:12669 [FullTime]:3590.17 [SkipTime]:0 [Veto1]:608.678 [Veto2]:632.644 [Veto3]:406.256 [Veto4]:406.256 [SgUp1]:175806 [SgUp2]:172343 [SgUp3]:0 [SgUp4]:0 [SgLow1]:175485 [SgLow2]:172012 [SgLow3]:0 [SgLow4]:0 [NetMuon1]:596736 [NetMuon2]:592089 [NetMuon3]:637196 [NetMuon4]:637196
[Run]:39578 [Site]:1 [Bin]:12670 [FullTime]:3590.17 [SkipTime]:0 [Veto1]:629.927 [Veto2]:621.374 [Veto3]:406.08 [Veto4]:406.08 [SgUp1]:175584 [SgUp2]:172859 [SgUp3]:0 [SgUp4]:0 [SgLow1]:175173 [SgLow2]:172508 [SgLow3]:0 [SgLow4]:0 [NetMuon1]:592144 [NetMuon2]:593747 [NetMuon3]:636751 [NetMuon4]:636751
[Run]:39578 [Site]:1 [Bin]:12671 [FullTime]:3590.17 [SkipTime]:0 [Veto1]:622.917 [Veto2]:642.454 [Veto3]:406.185 [Veto4]:406.185 [SgUp1]:175940 [SgUp2]:171562 [SgUp3]:0 [SgUp4]:0 [SgLow1]:175559 [SgLow2]:171205 [SgLow3]:0 [SgLow4]:0 [NetMuon1]:594299 [NetMuon2]:589975 [NetMuon3]:637423 [NetMuon4]:637423
[Run]:39578 [Site]:1 [Bin]:12672 [FullTime]:3590.17 [SkipTime]:0 [Veto1]:614.767 [Veto2]:648.918 [Veto3]:405.832 [Veto4]:405.832 [SgUp1]:175984 [SgUp2]:171309 [SgUp3]:0 [SgUp4]:0 [SgLow1]:175637 [SgLow2]:170941 [SgLow3]:0 [SgLow4]:0 [NetMuon1]:594993 [NetMuon2]:588158 [NetMuon3]:636670 [NetMuon4]:636670
[Run]:39578 [Site]:1 [Bin]:12673 [FullTime]:3590.17 [SkipTime]:0 [Veto1]:618.88 [Veto2]:635.363 [Veto3]:407.198 [Veto4]:407.198 [SgUp1]:174838 [SgUp2]:172305 [SgUp3]:0 [SgUp4]:0 [SgLow1]:174504 [SgLow2]:171978 [SgLow3]:0 [SgLow4]:0 [NetMuon1]:595989 [NetMuon2]:592608 [NetMuon3]:638392 [NetMuon4]:638392
[Run]:39578 [Site]:1 [Bin]:12674 [FullTime]:3590.17 [SkipTime]:0 [Veto1]:625.794 [Veto2]:620.77 [Veto3]:406.577 [Veto4]:406.577 [SgUp1]:175133 [SgUp2]:171743 [SgUp3]:0 [SgUp4]:0 [SgLow1]:174747 [SgLow2]:171371 [SgLow3]:0 [SgLow4]:0 [NetMuon1]:593667 [NetMuon2]:594504 [NetMuon3]:637634 [NetMuon4]:637634
[Run]:39578 [Site]:1 [Bin]:12675 [FullTime]:3590.17 [SkipTime]:0 [Veto1]:634.946 [Veto2]:640.104 [Veto3]:405.898 [Veto4]:405.898 [SgUp1]:174555 [SgUp2]:172950 [SgUp3]:0 [SgUp4]:0 [SgLow1]:174191 [SgLow2]:172598 [SgLow3]:0 [SgLow4]:0 [NetMuon1]:590932 [NetMuon2]:590233 [NetMuon3]:636615 [NetMuon4]:636615
[Run]:39578 [Site]:1 [Bin]:12676 [FullTime]:3590.17 [SkipTime]:0 [Veto1]:625.514 [Veto2]:638.948 [Veto3]:407.333 [Veto4]:407.333 [SgUp1]:175212 [SgUp2]:172022 [SgUp3]:0 [SgUp4]:0 [SgLow1]:174872 [SgLow2]:171704 [SgLow3]:0 [SgLow4]:0 [NetMuon1]:594587 [NetMuon2]:592223 [NetMuon3]:638698 [NetMuon4]:638698
[Run]:39578 [Site]:1 [Bin]:12677 [FullTime]:3590.17 [SkipTime]:0 [Veto1]:614.341 [Veto2]:639.91 [Veto3]:407.086 [Veto4]:407.086 [SgUp1]:176240 [SgUp2]:171563 [SgUp3]:0 [SgUp4]:0 [SgLow1]:175826 [SgLow2]:171232 [SgLow3]:0 [SgLow4]:0 [NetMuon1]:596820 [NetMuon2]:591846 [NetMuon3]:638559 [NetMuon4]:638559
[Run]:39578 [Site]:1 [Bin]:12678 [FullTime]:3590.17 [SkipTime]:0 [Veto1]:609.878 [Veto2]:648.686 [Veto3]:406.389 [Veto4]:406.389 [SgUp1]:175845 [SgUp2]:171350 [SgUp3]:0 [SgUp4]:0 [SgLow1]:175529 [SgLow2]:170958 [SgLow3]:0 [SgLow4]:0 [NetMuon1]:596401 [NetMuon2]:588872 [NetMuon3]:637067 [NetMuon4]:637067
[Run]:39578 [Site]:1 [Bin]:12679 [FullTime]:3590.17 [SkipTime]:0 [Veto1]:611.348 [Veto2]:613.754 [Veto3]:406.695 [Veto4]:406.695 [SgUp1]:176477 [SgUp2]:172614 [SgUp3]:0 [SgUp4]:0 [SgLow1]:176039 [SgLow2]:172255 [SgLow3]:0 [SgLow4]:0 [NetMuon1]:596617 [NetMuon2]:596336 [NetMuon3]:637917 [NetMuon4]:637917
[Run]:39578 [Site]:1 [Bin]:12680 [FullTime]:3590.17 [SkipTime]:0 [Veto1]:631.221 [Veto2]:638.987 [Veto3]:406.958 [Veto4]:406.958 [SgUp1]:174933 [SgUp2]:170683 [SgUp3]:0 [SgUp4]:0 [SgLow1]:174507 [SgLow2]:170327 [SgLow3]:0 [SgLow4]:0 [NetMuon1]:592945 [NetMuon2]:592027 [NetMuon3]:638112 [NetMuon4]:638112
[Run]:39578 [Site]:1 [Bin]:12681 [FullTime]:3590.17 [SkipTime]:0 [Veto1]:624.247 [Veto2]:637.697 [Veto3]:406.231 [Veto4]:406.231 [SgUp1]:175413 [SgUp2]:170824 [SgUp3]:0 [SgUp4]:0 [SgLow1]:175043 [SgLow2]:170445 [SgLow3]:0 [SgLow4]:0 [NetMuon1]:593442 [NetMuon2]:590362 [NetMuon3]:637005 [NetMuon4]:637005
[Run]:39578 [Site]:1 [Bin]:12682 [FullTime]:3590.17 [SkipTime]:0 [Veto1]:619.352 [Veto2]:612.401 [Veto3]:405.613 [Veto4]:405.613 [SgUp1]:175997 [SgUp2]:173320 [SgUp3]:0 [SgUp4]:0 [SgLow1]:175587 [SgLow2]:172979 [SgLow3]:0 [SgLow4]:0 [NetMuon1]:593690 [NetMuon2]:594946 [NetMuon3]:636172 [NetMuon4]:636172
[Run]:39578 [Site]:1 [Bin]:12683 [FullTime]:3590.17 [SkipTime]:0 [Veto1]:628.139 [Veto2]:638.255 [Veto3]:406.384 [Veto4]:406.384 [SgUp1]:174553 [SgUp2]:171390 [SgUp3]:0 [SgUp4]:0 [SgLow1]:174185 [SgLow2]:171036 [SgLow3]:0 [SgLow4]:0 [NetMuon1]:592763 [NetMuon2]:591423 [NetMuon3]:637290 [NetMuon4]:637290
[Run]:39578 [Site]:1 [Bin]:12684 [FullTime]:3590.17 [SkipTime]:0 [Veto1]:597.468 [Veto2]:610.986 [Veto3]:406.167 [Veto4]:406.167 [SgUp1]:177074 [SgUp2]:172429 [SgUp3]:0 [SgUp4]:0 [SgLow1]:176727 [SgLow2]:172057 [SgLow3]:0 [SgLow4]:0 [NetMuon1]:598632 [NetMuon2]:595713 [NetMuon3]:636862 [NetMuon4]:636862
End process Run: 39578 ... 
[Run]:39578 [Site]:1 [Bin]:12685 [FullTime]:343.678 [SkipTime]:0 [Veto1]:53.6001 [Veto2]:58.876 [Veto3]:38.8049 [Veto4]:38.8049
