StreamChain add 0x1e8ca7e0
Start to process run: 39183 ... 
[Run]:39183 [Site]:1 [Bin]:12181 [FullTime]:1900.89 [SkipTime]:0 [Veto1]:310.203 [Veto2]:323.796 [Veto3]:215.681 [Veto4]:215.681 [SgUp1]:93904 [SgUp2]:91023 [SgUp3]:0 [SgUp4]:0 [SgLow1]:93724 [SgLow2]:90838 [SgLow3]:0 [SgLow4]:0 [NetMuon1]:319122 [NetMuon2]:316750 [NetMuon3]:338286 [NetMuon4]:338286
[Run]:39183 [Site]:1 [Bin]:12182 [FullTime]:3590.17 [SkipTime]:0 [Veto1]:636.759 [Veto2]:644.179 [Veto3]:406.197 [Veto4]:406.197 [SgUp1]:173783 [SgUp2]:170612 [SgUp3]:0 [SgUp4]:0 [SgLow1]:173436 [SgLow2]:170245 [SgLow3]:0 [SgLow4]:0 [NetMuon1]:591087 [NetMuon2]:589559 [NetMuon3]:637115 [NetMuon4]:637115
[Run]:39183 [Site]:1 [Bin]:12183 [FullTime]:3590.17 [SkipTime]:0 [Veto1]:616.284 [Veto2]:629.241 [Veto3]:407.025 [Veto4]:407.025 [SgUp1]:174137 [SgUp2]:171794 [SgUp3]:0 [SgUp4]:0 [SgLow1]:173750 [SgLow2]:171471 [SgLow3]:0 [SgLow4]:0 [NetMuon1]:596802 [NetMuon2]:593842 [NetMuon3]:638662 [NetMuon4]:638662
[Run]:39183 [Site]:1 [Bin]:12184 [FullTime]:3590.17 [SkipTime]:0 [Veto1]:633.774 [Veto2]:639.763 [Veto3]:406.601 [Veto4]:406.601 [SgUp1]:173655 [SgUp2]:170644 [SgUp3]:0 [SgUp4]:0 [SgLow1]:173313 [SgLow2]:170311 [SgLow3]:0 [SgLow4]:0 [NetMuon1]:592711 [NetMuon2]:591296 [NetMuon3]:637808 [NetMuon4]:637808
[Run]:39183 [Site]:1 [Bin]:12185 [FullTime]:3590.17 [SkipTime]:0 [Veto1]:608.173 [Veto2]:616.601 [Veto3]:406.921 [Veto4]:406.921 [SgUp1]:175458 [SgUp2]:171922 [SgUp3]:0 [SgUp4]:0 [SgLow1]:175104 [SgLow2]:171592 [SgLow3]:0 [SgLow4]:0 [NetMuon1]:597889 [NetMuon2]:596391 [NetMuon3]:638236 [NetMuon4]:638236
[Run]:39183 [Site]:1 [Bin]:12186 [FullTime]:3590.17 [SkipTime]:0 [Veto1]:611.917 [Veto2]:640.537 [Veto3]:407.155 [Veto4]:407.155 [SgUp1]:174872 [SgUp2]:171064 [SgUp3]:0 [SgUp4]:0 [SgLow1]:174549 [SgLow2]:170746 [SgLow3]:0 [SgLow4]:0 [NetMuon1]:597582 [NetMuon2]:592164 [NetMuon3]:638788 [NetMuon4]:638788
[Run]:39183 [Site]:1 [Bin]:12187 [FullTime]:3590.17 [SkipTime]:0 [Veto1]:636.396 [Veto2]:634.546 [Veto3]:406.743 [Veto4]:406.743 [SgUp1]:173808 [SgUp2]:171650 [SgUp3]:0 [SgUp4]:0 [SgLow1]:173449 [SgLow2]:171328 [SgLow3]:0 [SgLow4]:0 [NetMuon1]:592040 [NetMuon2]:592460 [NetMuon3]:637940 [NetMuon4]:637940
[Run]:39183 [Site]:1 [Bin]:12188 [FullTime]:3590.17 [SkipTime]:0 [Veto1]:645.043 [Veto2]:647.671 [Veto3]:407.36 [Veto4]:407.36 [SgUp1]:173101 [SgUp2]:169967 [SgUp3]:0 [SgUp4]:0 [SgLow1]:172793 [SgLow2]:169631 [SgLow3]:0 [SgLow4]:0 [NetMuon1]:591558 [NetMuon2]:590987 [NetMuon3]:639060 [NetMuon4]:639060
[Run]:39183 [Site]:1 [Bin]:12189 [FullTime]:3590.17 [SkipTime]:0 [Veto1]:635.041 [Veto2]:630.706 [Veto3]:407.338 [Veto4]:407.338 [SgUp1]:174205 [SgUp2]:171586 [SgUp3]:0 [SgUp4]:0 [SgLow1]:173835 [SgLow2]:171275 [SgLow3]:0 [SgLow4]:0 [NetMuon1]:593438 [NetMuon2]:593856 [NetMuon3]:638878 [NetMuon4]:638878
[Run]:39183 [Site]:1 [Bin]:12190 [FullTime]:3590.17 [SkipTime]:0 [Veto1]:622.885 [Veto2]:629.078 [Veto3]:406.751 [Veto4]:406.751 [SgUp1]:174506 [SgUp2]:171613 [SgUp3]:0 [SgUp4]:0 [SgLow1]:174157 [SgLow2]:171243 [SgLow3]:0 [SgLow4]:0 [NetMuon1]:594641 [NetMuon2]:592966 [NetMuon3]:637924 [NetMuon4]:637924
[Run]:39183 [Site]:1 [Bin]:12191 [FullTime]:3590.17 [SkipTime]:0 [Veto1]:617.37 [Veto2]:631.447 [Veto3]:406.485 [Veto4]:406.485 [SgUp1]:174389 [SgUp2]:172052 [SgUp3]:0 [SgUp4]:0 [SgLow1]:174044 [SgLow2]:171711 [SgLow3]:0 [SgLow4]:0 [NetMuon1]:594876 [NetMuon2]:592369 [NetMuon3]:637438 [NetMuon4]:637438
[Run]:39183 [Site]:1 [Bin]:12192 [FullTime]:3590.17 [SkipTime]:0 [Veto1]:611.775 [Veto2]:610.389 [Veto3]:406.113 [Veto4]:406.113 [SgUp1]:175023 [SgUp2]:172688 [SgUp3]:0 [SgUp4]:0 [SgLow1]:174702 [SgLow2]:172371 [SgLow3]:0 [SgLow4]:0 [NetMuon1]:595864 [NetMuon2]:596040 [NetMuon3]:636797 [NetMuon4]:636797
[Run]:39183 [Site]:1 [Bin]:12193 [FullTime]:3590.17 [SkipTime]:0 [Veto1]:624.781 [Veto2]:615.321 [Veto3]:406.365 [Veto4]:406.365 [SgUp1]:174489 [SgUp2]:172209 [SgUp3]:0 [SgUp4]:0 [SgLow1]:174160 [SgLow2]:171819 [SgLow3]:0 [SgLow4]:0 [NetMuon1]:593471 [NetMuon2]:595585 [NetMuon3]:637182 [NetMuon4]:637182
[Run]:39183 [Site]:1 [Bin]:12194 [FullTime]:3590.17 [SkipTime]:0 [Veto1]:630.616 [Veto2]:641.77 [Veto3]:406.365 [Veto4]:406.365 [SgUp1]:173967 [SgUp2]:170842 [SgUp3]:0 [SgUp4]:0 [SgLow1]:173574 [SgLow2]:170530 [SgLow3]:0 [SgLow4]:0 [NetMuon1]:592582 [NetMuon2]:590148 [NetMuon3]:637359 [NetMuon4]:637359
[Run]:39183 [Site]:1 [Bin]:12195 [FullTime]:3590.17 [SkipTime]:0 [Veto1]:626.301 [Veto2]:623.363 [Veto3]:405.956 [Veto4]:405.956 [SgUp1]:173926 [SgUp2]:172248 [SgUp3]:0 [SgUp4]:0 [SgLow1]:173631 [SgLow2]:171944 [SgLow3]:0 [SgLow4]:0 [NetMuon1]:592966 [NetMuon2]:593477 [NetMuon3]:636858 [NetMuon4]:636858
[Run]:39183 [Site]:1 [Bin]:12196 [FullTime]:3590.17 [SkipTime]:0 [Veto1]:614.705 [Veto2]:635.146 [Veto3]:406.39 [Veto4]:406.39 [SgUp1]:174591 [SgUp2]:170903 [SgUp3]:0 [SgUp4]:0 [SgLow1]:174272 [SgLow2]:170606 [SgLow3]:0 [SgLow4]:0 [NetMuon1]:595827 [NetMuon2]:591839 [NetMuon3]:637507 [NetMuon4]:637507
[Run]:39183 [Site]:1 [Bin]:12197 [FullTime]:3590.17 [SkipTime]:0 [Veto1]:611.221 [Veto2]:620.025 [Veto3]:406.495 [Veto4]:406.495 [SgUp1]:175389 [SgUp2]:171306 [SgUp3]:0 [SgUp4]:0 [SgLow1]:175040 [SgLow2]:170992 [SgLow3]:0 [SgLow4]:0 [NetMuon1]:596616 [NetMuon2]:594917 [NetMuon3]:637639 [NetMuon4]:637639
[Run]:39183 [Site]:1 [Bin]:12198 [FullTime]:3590.17 [SkipTime]:0 [Veto1]:610.431 [Veto2]:621.235 [Veto3]:406.222 [Veto4]:406.222 [SgUp1]:175730 [SgUp2]:172580 [SgUp3]:0 [SgUp4]:0 [SgLow1]:175408 [SgLow2]:172191 [SgLow3]:0 [SgLow4]:0 [NetMuon1]:596166 [NetMuon2]:594110 [NetMuon3]:637255 [NetMuon4]:637255
[Run]:39183 [Site]:1 [Bin]:12199 [FullTime]:3590.17 [SkipTime]:0 [Veto1]:627.22 [Veto2]:619.223 [Veto3]:406.543 [Veto4]:406.543 [SgUp1]:174621 [SgUp2]:171979 [SgUp3]:0 [SgUp4]:0 [SgLow1]:174313 [SgLow2]:171637 [SgLow3]:0 [SgLow4]:0 [NetMuon1]:593408 [NetMuon2]:594617 [NetMuon3]:637489 [NetMuon4]:637489
[Run]:39183 [Site]:1 [Bin]:12200 [FullTime]:3590.17 [SkipTime]:0 [Veto1]:633.099 [Veto2]:645.531 [Veto3]:406.237 [Veto4]:406.237 [SgUp1]:174682 [SgUp2]:170510 [SgUp3]:0 [SgUp4]:0 [SgLow1]:174358 [SgLow2]:170188 [SgLow3]:0 [SgLow4]:0 [NetMuon1]:591648 [NetMuon2]:589183 [NetMuon3]:636908 [NetMuon4]:636908
[Run]:39183 [Site]:1 [Bin]:12201 [FullTime]:3590.17 [SkipTime]:0 [Veto1]:624.327 [Veto2]:644.934 [Veto3]:405.917 [Veto4]:405.917 [SgUp1]:174708 [SgUp2]:170906 [SgUp3]:0 [SgUp4]:0 [SgLow1]:174325 [SgLow2]:170605 [SgLow3]:0 [SgLow4]:0 [NetMuon1]:593006 [NetMuon2]:588993 [NetMuon3]:636888 [NetMuon4]:636888
[Run]:39183 [Site]:1 [Bin]:12202 [FullTime]:3590.17 [SkipTime]:0 [Veto1]:618.01 [Veto2]:631.148 [Veto3]:406.398 [Veto4]:406.398 [SgUp1]:175440 [SgUp2]:171939 [SgUp3]:0 [SgUp4]:0 [SgLow1]:175078 [SgLow2]:171604 [SgLow3]:0 [SgLow4]:0 [NetMuon1]:595343 [NetMuon2]:592608 [NetMuon3]:637523 [NetMuon4]:637523
[Run]:39183 [Site]:1 [Bin]:12203 [FullTime]:3590.17 [SkipTime]:0 [Veto1]:623.803 [Veto2]:646.861 [Veto3]:405.625 [Veto4]:405.625 [SgUp1]:175294 [SgUp2]:170656 [SgUp3]:0 [SgUp4]:0 [SgLow1]:174937 [SgLow2]:170315 [SgLow3]:0 [SgLow4]:0 [NetMuon1]:592901 [NetMuon2]:587788 [NetMuon3]:636335 [NetMuon4]:636335
[Run]:39183 [Site]:1 [Bin]:12204 [FullTime]:3590.17 [SkipTime]:0 [Veto1]:610.753 [Veto2]:636.431 [Veto3]:405.933 [Veto4]:405.933 [SgUp1]:174973 [SgUp2]:170183 [SgUp3]:0 [SgUp4]:0 [SgLow1]:174608 [SgLow2]:169844 [SgLow3]:0 [SgLow4]:0 [NetMuon1]:595653 [NetMuon2]:590781 [NetMuon3]:636745 [NetMuon4]:636745
[Run]:39183 [Site]:1 [Bin]:12205 [FullTime]:3590.17 [SkipTime]:0 [Veto1]:613.216 [Veto2]:619.517 [Veto3]:406.261 [Veto4]:406.261 [SgUp1]:174759 [SgUp2]:171907 [SgUp3]:0 [SgUp4]:0 [SgLow1]:174413 [SgLow2]:171613 [SgLow3]:0 [SgLow4]:0 [NetMuon1]:596118 [NetMuon2]:594621 [NetMuon3]:637345 [NetMuon4]:637345
[Run]:39183 [Site]:1 [Bin]:12206 [FullTime]:3590.17 [SkipTime]:0 [Veto1]:611.467 [Veto2]:621.794 [Veto3]:406.371 [Veto4]:406.371 [SgUp1]:176046 [SgUp2]:171507 [SgUp3]:0 [SgUp4]:0 [SgLow1]:175665 [SgLow2]:171226 [SgLow3]:0 [SgLow4]:0 [NetMuon1]:596350 [NetMuon2]:594403 [NetMuon3]:637507 [NetMuon4]:637507
[Run]:39183 [Site]:1 [Bin]:12207 [FullTime]:3590.17 [SkipTime]:0 [Veto1]:619.189 [Veto2]:636.62 [Veto3]:406.441 [Veto4]:406.441 [SgUp1]:175660 [SgUp2]:170975 [SgUp3]:0 [SgUp4]:0 [SgLow1]:175372 [SgLow2]:170591 [SgLow3]:0 [SgLow4]:0 [NetMuon1]:594760 [NetMuon2]:591211 [NetMuon3]:637241 [NetMuon4]:637241
[Run]:39183 [Site]:1 [Bin]:12208 [FullTime]:3590.17 [SkipTime]:0 [Veto1]:624.581 [Veto2]:637.547 [Veto3]:406.804 [Veto4]:406.804 [SgUp1]:175309 [SgUp2]:171077 [SgUp3]:0 [SgUp4]:0 [SgLow1]:174977 [SgLow2]:170755 [SgLow3]:0 [SgLow4]:0 [NetMuon1]:594860 [NetMuon2]:591898 [NetMuon3]:638285 [NetMuon4]:638285
[Run]:39183 [Site]:1 [Bin]:12209 [FullTime]:3590.17 [SkipTime]:0 [Veto1]:619.167 [Veto2]:622.377 [Veto3]:406.822 [Veto4]:406.822 [SgUp1]:175671 [SgUp2]:172588 [SgUp3]:0 [SgUp4]:0 [SgLow1]:175326 [SgLow2]:172232 [SgLow3]:0 [SgLow4]:0 [NetMuon1]:595407 [NetMuon2]:594439 [NetMuon3]:637971 [NetMuon4]:637971
[Run]:39183 [Site]:1 [Bin]:12210 [FullTime]:3590.17 [SkipTime]:0 [Veto1]:630.8 [Veto2]:635.228 [Veto3]:407.648 [Veto4]:407.648 [SgUp1]:173906 [SgUp2]:171967 [SgUp3]:0 [SgUp4]:0 [SgLow1]:173578 [SgLow2]:171649 [SgLow3]:0 [SgLow4]:0 [NetMuon1]:595056 [NetMuon2]:593681 [NetMuon3]:639504 [NetMuon4]:639504
[Run]:39183 [Site]:1 [Bin]:12211 [FullTime]:3590.17 [SkipTime]:0 [Veto1]:620.287 [Veto2]:630.673 [Veto3]:405.692 [Veto4]:405.692 [SgUp1]:174869 [SgUp2]:171646 [SgUp3]:0 [SgUp4]:0 [SgLow1]:174480 [SgLow2]:171282 [SgLow3]:0 [SgLow4]:0 [NetMuon1]:593517 [NetMuon2]:591668 [NetMuon3]:636544 [NetMuon4]:636544
[Run]:39183 [Site]:1 [Bin]:12212 [FullTime]:3590.17 [SkipTime]:0 [Veto1]:616.159 [Veto2]:613.04 [Veto3]:406.005 [Veto4]:406.005 [SgUp1]:175625 [SgUp2]:171995 [SgUp3]:0 [SgUp4]:0 [SgLow1]:175279 [SgLow2]:171653 [SgLow3]:0 [SgLow4]:0 [NetMuon1]:594900 [NetMuon2]:595393 [NetMuon3]:636859 [NetMuon4]:636859
[Run]:39183 [Site]:1 [Bin]:12213 [FullTime]:3590.17 [SkipTime]:0 [Veto1]:606.531 [Veto2]:637.958 [Veto3]:407.146 [Veto4]:407.146 [SgUp1]:176137 [SgUp2]:170789 [SgUp3]:0 [SgUp4]:0 [SgLow1]:175801 [SgLow2]:170469 [SgLow3]:0 [SgLow4]:0 [NetMuon1]:598606 [NetMuon2]:592019 [NetMuon3]:638633 [NetMuon4]:638633
[Run]:39183 [Site]:1 [Bin]:12214 [FullTime]:3590.17 [SkipTime]:0 [Veto1]:624.499 [Veto2]:639.158 [Veto3]:405.565 [Veto4]:405.565 [SgUp1]:175287 [SgUp2]:170423 [SgUp3]:0 [SgUp4]:0 [SgLow1]:174950 [SgLow2]:170096 [SgLow3]:0 [SgLow4]:0 [NetMuon1]:592492 [NetMuon2]:589892 [NetMuon3]:636191 [NetMuon4]:636191
[Run]:39183 [Site]:1 [Bin]:12215 [FullTime]:3590.17 [SkipTime]:0 [Veto1]:614.715 [Veto2]:634.128 [Veto3]:406.096 [Veto4]:406.096 [SgUp1]:175615 [SgUp2]:171042 [SgUp3]:0 [SgUp4]:0 [SgLow1]:175239 [SgLow2]:170713 [SgLow3]:0 [SgLow4]:0 [NetMuon1]:595306 [NetMuon2]:591352 [NetMuon3]:636872 [NetMuon4]:636872
[Run]:39183 [Site]:1 [Bin]:12216 [FullTime]:3590.17 [SkipTime]:0 [Veto1]:618.143 [Veto2]:616.988 [Veto3]:405.482 [Veto4]:405.482 [SgUp1]:174318 [SgUp2]:171854 [SgUp3]:0 [SgUp4]:0 [SgLow1]:173958 [SgLow2]:171480 [SgLow3]:0 [SgLow4]:0 [NetMuon1]:593619 [NetMuon2]:593637 [NetMuon3]:636196 [NetMuon4]:636196
[Run]:39183 [Site]:1 [Bin]:12217 [FullTime]:3590.17 [SkipTime]:0 [Veto1]:635.075 [Veto2]:623.343 [Veto3]:405.951 [Veto4]:405.951 [SgUp1]:174127 [SgUp2]:171839 [SgUp3]:0 [SgUp4]:0 [SgLow1]:173813 [SgLow2]:171526 [SgLow3]:0 [SgLow4]:0 [NetMuon1]:590601 [NetMuon2]:593408 [NetMuon3]:636601 [NetMuon4]:636601
[Run]:39183 [Site]:1 [Bin]:12218 [FullTime]:3590.17 [SkipTime]:0 [Veto1]:624.169 [Veto2]:598.704 [Veto3]:406.359 [Veto4]:406.359 [SgUp1]:175613 [SgUp2]:173074 [SgUp3]:0 [SgUp4]:0 [SgLow1]:175260 [SgLow2]:172670 [SgLow3]:0 [SgLow4]:0 [NetMuon1]:593570 [NetMuon2]:598734 [NetMuon3]:637315 [NetMuon4]:637315
[Run]:39183 [Site]:1 [Bin]:12219 [FullTime]:3590.17 [SkipTime]:0 [Veto1]:610.611 [Veto2]:631.839 [Veto3]:405.827 [Veto4]:405.827 [SgUp1]:176316 [SgUp2]:170467 [SgUp3]:0 [SgUp4]:0 [SgLow1]:175961 [SgLow2]:170144 [SgLow3]:0 [SgLow4]:0 [NetMuon1]:595588 [NetMuon2]:591334 [NetMuon3]:636495 [NetMuon4]:636495
[Run]:39183 [Site]:1 [Bin]:12220 [FullTime]:3590.17 [SkipTime]:0 [Veto1]:618.778 [Veto2]:629.913 [Veto3]:405.935 [Veto4]:405.935 [SgUp1]:175025 [SgUp2]:171544 [SgUp3]:0 [SgUp4]:0 [SgLow1]:174666 [SgLow2]:171186 [SgLow3]:0 [SgLow4]:0 [NetMuon1]:594350 [NetMuon2]:592097 [NetMuon3]:636904 [NetMuon4]:636904
[Run]:39183 [Site]:1 [Bin]:12221 [FullTime]:3590.17 [SkipTime]:0 [Veto1]:622.174 [Veto2]:615.03 [Veto3]:405.995 [Veto4]:405.995 [SgUp1]:175437 [SgUp2]:172374 [SgUp3]:0 [SgUp4]:0 [SgLow1]:175088 [SgLow2]:172057 [SgLow3]:0 [SgLow4]:0 [NetMuon1]:594105 [NetMuon2]:594979 [NetMuon3]:636969 [NetMuon4]:636969
[Run]:39183 [Site]:1 [Bin]:12222 [FullTime]:3590.17 [SkipTime]:0 [Veto1]:629.128 [Veto2]:637.933 [Veto3]:406.919 [Veto4]:406.919 [SgUp1]:173758 [SgUp2]:171231 [SgUp3]:0 [SgUp4]:0 [SgLow1]:173383 [SgLow2]:170892 [SgLow3]:0 [SgLow4]:0 [NetMuon1]:593416 [NetMuon2]:591497 [NetMuon3]:638009 [NetMuon4]:638009
[Run]:39183 [Site]:1 [Bin]:12223 [FullTime]:3590.17 [SkipTime]:0 [Veto1]:614.673 [Veto2]:623.546 [Veto3]:405.943 [Veto4]:405.943 [SgUp1]:175770 [SgUp2]:171768 [SgUp3]:0 [SgUp4]:0 [SgLow1]:175423 [SgLow2]:171386 [SgLow3]:0 [SgLow4]:0 [NetMuon1]:595076 [NetMuon2]:593342 [NetMuon3]:636871 [NetMuon4]:636871
[Run]:39183 [Site]:1 [Bin]:12224 [FullTime]:3590.17 [SkipTime]:0 [Veto1]:618.284 [Veto2]:651.73 [Veto3]:406.732 [Veto4]:406.732 [SgUp1]:175378 [SgUp2]:169824 [SgUp3]:0 [SgUp4]:0 [SgLow1]:175034 [SgLow2]:169465 [SgLow3]:0 [SgLow4]:0 [NetMuon1]:595427 [NetMuon2]:588960 [NetMuon3]:637923 [NetMuon4]:637923
[Run]:39183 [Site]:1 [Bin]:12225 [FullTime]:3590.17 [SkipTime]:0 [Veto1]:624.223 [Veto2]:628.753 [Veto3]:405.754 [Veto4]:405.754 [SgUp1]:174934 [SgUp2]:172028 [SgUp3]:0 [SgUp4]:0 [SgLow1]:174551 [SgLow2]:171685 [SgLow3]:0 [SgLow4]:0 [NetMuon1]:593024 [NetMuon2]:591678 [NetMuon3]:636421 [NetMuon4]:636421
[Run]:39183 [Site]:1 [Bin]:12226 [FullTime]:3590.17 [SkipTime]:0 [Veto1]:596.776 [Veto2]:629.104 [Veto3]:407.542 [Veto4]:407.542 [SgUp1]:176812 [SgUp2]:171666 [SgUp3]:0 [SgUp4]:0 [SgLow1]:176460 [SgLow2]:171351 [SgLow3]:0 [SgLow4]:0 [NetMuon1]:600895 [NetMuon2]:594557 [NetMuon3]:639226 [NetMuon4]:639226
End process Run: 39183 ... 
[Run]:39183 [Site]:1 [Bin]:12227 [FullTime]:2556.57 [SkipTime]:0 [Veto1]:464.828 [Veto2]:437.518 [Veto3]:289.583 [Veto4]:289.583
