StreamChain add 0x484e7e0
Start to process run: 39164 ... 
[Run]:39164 [Site]:1 [Bin]:12083 [FullTime]:2121.34 [SkipTime]:0 [Veto1]:368.036 [Veto2]:369.644 [Veto3]:239.555 [Veto4]:239.555 [SgUp1]:103387 [SgUp2]:101443 [SgUp3]:0 [SgUp4]:0 [SgLow1]:103180 [SgLow2]:101241 [SgLow3]:0 [SgLow4]:0 [NetMuon1]:350160 [NetMuon2]:349758 [NetMuon3]:375901 [NetMuon4]:375901
[Run]:39164 [Site]:1 [Bin]:12084 [FullTime]:3590.17 [SkipTime]:0 [Veto1]:588.192 [Veto2]:644.658 [Veto3]:405.346 [Veto4]:405.346 [SgUp1]:176762 [SgUp2]:171431 [SgUp3]:0 [SgUp4]:0 [SgLow1]:176409 [SgLow2]:171141 [SgLow3]:0 [SgLow4]:0 [NetMuon1]:599493 [NetMuon2]:587875 [NetMuon3]:635760 [NetMuon4]:635760
[Run]:39164 [Site]:1 [Bin]:12085 [FullTime]:3590.17 [SkipTime]:0 [Veto1]:629.47 [Veto2]:611.76 [Veto3]:406.929 [Veto4]:406.929 [SgUp1]:173539 [SgUp2]:172647 [SgUp3]:0 [SgUp4]:0 [SgLow1]:173182 [SgLow2]:172349 [SgLow3]:0 [SgLow4]:0 [NetMuon1]:593209 [NetMuon2]:597437 [NetMuon3]:638176 [NetMuon4]:638176
[Run]:39164 [Site]:1 [Bin]:12086 [FullTime]:3590.17 [SkipTime]:0 [Veto1]:617.074 [Veto2]:607.795 [Veto3]:406.081 [Veto4]:406.081 [SgUp1]:175132 [SgUp2]:172688 [SgUp3]:0 [SgUp4]:0 [SgLow1]:174829 [SgLow2]:172375 [SgLow3]:0 [SgLow4]:0 [NetMuon1]:594261 [NetMuon2]:596486 [NetMuon3]:636835 [NetMuon4]:636835
[Run]:39164 [Site]:1 [Bin]:12087 [FullTime]:3590.17 [SkipTime]:0 [Veto1]:627.277 [Veto2]:631.96 [Veto3]:406.015 [Veto4]:406.015 [SgUp1]:174281 [SgUp2]:170784 [SgUp3]:0 [SgUp4]:0 [SgLow1]:173950 [SgLow2]:170468 [SgLow3]:0 [SgLow4]:0 [NetMuon1]:592088 [NetMuon2]:591453 [NetMuon3]:636623 [NetMuon4]:636623
[Run]:39164 [Site]:1 [Bin]:12088 [FullTime]:3590.17 [SkipTime]:0 [Veto1]:642.725 [Veto2]:635.588 [Veto3]:407.057 [Veto4]:407.057 [SgUp1]:173241 [SgUp2]:172016 [SgUp3]:0 [SgUp4]:0 [SgLow1]:172897 [SgLow2]:171688 [SgLow3]:0 [SgLow4]:0 [NetMuon1]:591055 [NetMuon2]:592763 [NetMuon3]:638370 [NetMuon4]:638370
[Run]:39164 [Site]:1 [Bin]:12089 [FullTime]:3590.17 [SkipTime]:0 [Veto1]:614.802 [Veto2]:636.905 [Veto3]:406.538 [Veto4]:406.538 [SgUp1]:174699 [SgUp2]:171475 [SgUp3]:0 [SgUp4]:0 [SgLow1]:174329 [SgLow2]:171124 [SgLow3]:0 [SgLow4]:0 [NetMuon1]:596362 [NetMuon2]:591572 [NetMuon3]:637824 [NetMuon4]:637824
[Run]:39164 [Site]:1 [Bin]:12090 [FullTime]:3590.17 [SkipTime]:0 [Veto1]:623.761 [Veto2]:615.712 [Veto3]:406.29 [Veto4]:406.29 [SgUp1]:174420 [SgUp2]:172574 [SgUp3]:0 [SgUp4]:0 [SgLow1]:174101 [SgLow2]:172230 [SgLow3]:0 [SgLow4]:0 [NetMuon1]:593504 [NetMuon2]:595374 [NetMuon3]:637000 [NetMuon4]:637000
[Run]:39164 [Site]:1 [Bin]:12091 [FullTime]:3590.17 [SkipTime]:0 [Veto1]:619.182 [Veto2]:616.733 [Veto3]:405.943 [Veto4]:405.943 [SgUp1]:174385 [SgUp2]:172237 [SgUp3]:0 [SgUp4]:0 [SgLow1]:174094 [SgLow2]:171854 [SgLow3]:0 [SgLow4]:0 [NetMuon1]:593833 [NetMuon2]:594192 [NetMuon3]:636306 [NetMuon4]:636306
[Run]:39164 [Site]:1 [Bin]:12092 [FullTime]:3590.17 [SkipTime]:0 [Veto1]:628.121 [Veto2]:658.899 [Veto3]:405.983 [Veto4]:405.983 [SgUp1]:174847 [SgUp2]:170044 [SgUp3]:0 [SgUp4]:0 [SgLow1]:174484 [SgLow2]:169729 [SgLow3]:0 [SgLow4]:0 [NetMuon1]:592106 [NetMuon2]:586305 [NetMuon3]:636583 [NetMuon4]:636583
[Run]:39164 [Site]:1 [Bin]:12093 [FullTime]:3590.17 [SkipTime]:0 [Veto1]:620.635 [Veto2]:606.215 [Veto3]:406.76 [Veto4]:406.76 [SgUp1]:174937 [SgUp2]:172857 [SgUp3]:0 [SgUp4]:0 [SgLow1]:174553 [SgLow2]:172466 [SgLow3]:0 [SgLow4]:0 [NetMuon1]:594917 [NetMuon2]:597670 [NetMuon3]:637791 [NetMuon4]:637791
[Run]:39164 [Site]:1 [Bin]:12094 [FullTime]:3590.17 [SkipTime]:0 [Veto1]:617.359 [Veto2]:634.956 [Veto3]:406.428 [Veto4]:406.428 [SgUp1]:174385 [SgUp2]:171272 [SgUp3]:0 [SgUp4]:0 [SgLow1]:174066 [SgLow2]:170941 [SgLow3]:0 [SgLow4]:0 [NetMuon1]:595235 [NetMuon2]:591821 [NetMuon3]:637408 [NetMuon4]:637408
[Run]:39164 [Site]:1 [Bin]:12095 [FullTime]:3590.17 [SkipTime]:0 [Veto1]:607.044 [Veto2]:633.895 [Veto3]:405.472 [Veto4]:405.472 [SgUp1]:175451 [SgUp2]:171729 [SgUp3]:0 [SgUp4]:0 [SgLow1]:175106 [SgLow2]:171369 [SgLow3]:0 [SgLow4]:0 [NetMuon1]:596079 [NetMuon2]:590946 [NetMuon3]:636167 [NetMuon4]:636167
[Run]:39164 [Site]:1 [Bin]:12096 [FullTime]:3590.17 [SkipTime]:0 [Veto1]:632.861 [Veto2]:636.809 [Veto3]:405.229 [Veto4]:405.229 [SgUp1]:174560 [SgUp2]:170989 [SgUp3]:0 [SgUp4]:0 [SgLow1]:174193 [SgLow2]:170595 [SgLow3]:0 [SgLow4]:0 [NetMuon1]:590789 [NetMuon2]:589661 [NetMuon3]:635797 [NetMuon4]:635797
[Run]:39164 [Site]:1 [Bin]:12097 [FullTime]:3590.17 [SkipTime]:0 [Veto1]:593.537 [Veto2]:628.719 [Veto3]:405.411 [Veto4]:405.411 [SgUp1]:176159 [SgUp2]:171335 [SgUp3]:0 [SgUp4]:0 [SgLow1]:175845 [SgLow2]:171009 [SgLow3]:0 [SgLow4]:0 [NetMuon1]:598221 [NetMuon2]:591483 [NetMuon3]:635926 [NetMuon4]:635926
[Run]:39164 [Site]:1 [Bin]:12098 [FullTime]:3590.17 [SkipTime]:0 [Veto1]:626.222 [Veto2]:632.409 [Veto3]:405.773 [Veto4]:405.773 [SgUp1]:174849 [SgUp2]:171531 [SgUp3]:0 [SgUp4]:0 [SgLow1]:174537 [SgLow2]:171241 [SgLow3]:0 [SgLow4]:0 [NetMuon1]:592506 [NetMuon2]:591415 [NetMuon3]:636494 [NetMuon4]:636494
[Run]:39164 [Site]:1 [Bin]:12099 [FullTime]:3590.17 [SkipTime]:0 [Veto1]:604.559 [Veto2]:632.916 [Veto3]:406.005 [Veto4]:406.005 [SgUp1]:175330 [SgUp2]:171590 [SgUp3]:0 [SgUp4]:0 [SgLow1]:174980 [SgLow2]:171271 [SgLow3]:0 [SgLow4]:0 [NetMuon1]:597251 [NetMuon2]:591732 [NetMuon3]:636981 [NetMuon4]:636981
[Run]:39164 [Site]:1 [Bin]:12100 [FullTime]:3590.17 [SkipTime]:0 [Veto1]:660.649 [Veto2]:653.501 [Veto3]:406.031 [Veto4]:406.031 [SgUp1]:172277 [SgUp2]:169489 [SgUp3]:0 [SgUp4]:0 [SgLow1]:171996 [SgLow2]:169173 [SgLow3]:0 [SgLow4]:0 [NetMuon1]:585628 [NetMuon2]:587535 [NetMuon3]:636959 [NetMuon4]:636959
[Run]:39164 [Site]:1 [Bin]:12101 [FullTime]:3590.17 [SkipTime]:0 [Veto1]:636.97 [Veto2]:628.968 [Veto3]:405.075 [Veto4]:405.075 [SgUp1]:174339 [SgUp2]:172162 [SgUp3]:0 [SgUp4]:0 [SgLow1]:174015 [SgLow2]:171788 [SgLow3]:0 [SgLow4]:0 [NetMuon1]:589374 [NetMuon2]:590867 [NetMuon3]:635358 [NetMuon4]:635358
[Run]:39164 [Site]:1 [Bin]:12102 [FullTime]:3590.17 [SkipTime]:0 [Veto1]:624.327 [Veto2]:608.196 [Veto3]:406.662 [Veto4]:406.662 [SgUp1]:174186 [SgUp2]:173126 [SgUp3]:0 [SgUp4]:0 [SgLow1]:173859 [SgLow2]:172789 [SgLow3]:0 [SgLow4]:0 [NetMuon1]:594124 [NetMuon2]:597391 [NetMuon3]:637800 [NetMuon4]:637800
[Run]:39164 [Site]:1 [Bin]:12103 [FullTime]:3590.17 [SkipTime]:0 [Veto1]:626.544 [Veto2]:637.722 [Veto3]:405.05 [Veto4]:405.05 [SgUp1]:174324 [SgUp2]:170592 [SgUp3]:0 [SgUp4]:0 [SgLow1]:173986 [SgLow2]:170302 [SgLow3]:0 [SgLow4]:0 [NetMuon1]:591440 [NetMuon2]:588808 [NetMuon3]:635608 [NetMuon4]:635608
[Run]:39164 [Site]:1 [Bin]:12104 [FullTime]:3590.17 [SkipTime]:0 [Veto1]:614.398 [Veto2]:664.313 [Veto3]:405.871 [Veto4]:405.871 [SgUp1]:174925 [SgUp2]:169700 [SgUp3]:0 [SgUp4]:0 [SgLow1]:174595 [SgLow2]:169400 [SgLow3]:0 [SgLow4]:0 [NetMuon1]:594748 [NetMuon2]:585065 [NetMuon3]:636601 [NetMuon4]:636601
[Run]:39164 [Site]:1 [Bin]:12105 [FullTime]:3590.17 [SkipTime]:0 [Veto1]:616.277 [Veto2]:617.581 [Veto3]:405.734 [Veto4]:405.734 [SgUp1]:175742 [SgUp2]:172567 [SgUp3]:0 [SgUp4]:0 [SgLow1]:175370 [SgLow2]:172233 [SgLow3]:0 [SgLow4]:0 [NetMuon1]:594284 [NetMuon2]:594317 [NetMuon3]:636422 [NetMuon4]:636422
[Run]:39164 [Site]:1 [Bin]:12106 [FullTime]:3590.17 [SkipTime]:0 [Veto1]:613.198 [Veto2]:623.082 [Veto3]:406.441 [Veto4]:406.441 [SgUp1]:175187 [SgUp2]:171858 [SgUp3]:0 [SgUp4]:0 [SgLow1]:174799 [SgLow2]:171514 [SgLow3]:0 [SgLow4]:0 [NetMuon1]:596150 [NetMuon2]:594187 [NetMuon3]:637436 [NetMuon4]:637436
End process Run: 39164 ... 
[Run]:39164 [Site]:1 [Bin]:12107 [FullTime]:3032.72 [SkipTime]:0 [Veto1]:539.487 [Veto2]:545.775 [Veto3]:342.709 [Veto4]:342.709
