StreamChain add 0x1b8af7e0
Start to process run: 40529 ... 
[Run]:40529 [Site]:1 [Bin]:13798 [FullTime]:152.773 [SkipTime]:0 [Veto1]:23.8594 [Veto2]:22.1601 [Veto3]:17.4942 [Veto4]:17.4942 [SgUp1]:7750 [SgUp2]:7415 [SgUp3]:0 [SgUp4]:0 [SgLow1]:7737 [SgLow2]:7405 [SgLow3]:0 [SgLow4]:0 [NetMuon1]:26042 [NetMuon2]:26439 [NetMuon3]:27408 [NetMuon4]:27408
[Run]:40529 [Site]:1 [Bin]:13799 [FullTime]:3590.17 [SkipTime]:0 [Veto1]:618.291 [Veto2]:631.854 [Veto3]:407.962 [Veto4]:407.962 [SgUp1]:175064 [SgUp2]:171851 [SgUp3]:0 [SgUp4]:0 [SgLow1]:174698 [SgLow2]:171401 [SgLow3]:0 [SgLow4]:0 [NetMuon1]:597278 [NetMuon2]:594493 [NetMuon3]:639705 [NetMuon4]:639705
[Run]:40529 [Site]:1 [Bin]:13800 [FullTime]:3590.17 [SkipTime]:0 [Veto1]:615.479 [Veto2]:645.369 [Veto3]:407.395 [Veto4]:407.395 [SgUp1]:175175 [SgUp2]:171616 [SgUp3]:0 [SgUp4]:0 [SgLow1]:174781 [SgLow2]:171298 [SgLow3]:0 [SgLow4]:0 [NetMuon1]:597404 [NetMuon2]:591712 [NetMuon3]:639106 [NetMuon4]:639106
[Run]:40529 [Site]:1 [Bin]:13801 [FullTime]:3590.17 [SkipTime]:0 [Veto1]:618.645 [Veto2]:637.548 [Veto3]:407.07 [Veto4]:407.07 [SgUp1]:174462 [SgUp2]:171366 [SgUp3]:0 [SgUp4]:0 [SgLow1]:174088 [SgLow2]:171001 [SgLow3]:0 [SgLow4]:0 [NetMuon1]:596514 [NetMuon2]:592368 [NetMuon3]:638581 [NetMuon4]:638581
[Run]:40529 [Site]:1 [Bin]:13802 [FullTime]:3590.17 [SkipTime]:0 [Veto1]:639.356 [Veto2]:631.677 [Veto3]:407.152 [Veto4]:407.152 [SgUp1]:173632 [SgUp2]:171326 [SgUp3]:0 [SgUp4]:0 [SgLow1]:173232 [SgLow2]:170943 [SgLow3]:0 [SgLow4]:0 [NetMuon1]:592266 [NetMuon2]:593570 [NetMuon3]:638596 [NetMuon4]:638596
[Run]:40529 [Site]:1 [Bin]:13803 [FullTime]:3590.17 [SkipTime]:0 [Veto1]:629.317 [Veto2]:650.383 [Veto3]:406.96 [Veto4]:406.96 [SgUp1]:174125 [SgUp2]:170814 [SgUp3]:0 [SgUp4]:0 [SgLow1]:173765 [SgLow2]:170459 [SgLow3]:0 [SgLow4]:0 [NetMuon1]:593302 [NetMuon2]:589244 [NetMuon3]:638087 [NetMuon4]:638087
[Run]:40529 [Site]:1 [Bin]:13804 [FullTime]:3590.17 [SkipTime]:0 [Veto1]:615.178 [Veto2]:627.659 [Veto3]:407.845 [Veto4]:407.845 [SgUp1]:175006 [SgUp2]:171254 [SgUp3]:0 [SgUp4]:0 [SgLow1]:174573 [SgLow2]:170910 [SgLow3]:0 [SgLow4]:0 [NetMuon1]:598015 [NetMuon2]:595471 [NetMuon3]:639647 [NetMuon4]:639647
[Run]:40529 [Site]:1 [Bin]:13805 [FullTime]:3590.17 [SkipTime]:0 [Veto1]:628.049 [Veto2]:642.74 [Veto3]:407.615 [Veto4]:407.615 [SgUp1]:174357 [SgUp2]:171096 [SgUp3]:0 [SgUp4]:0 [SgLow1]:173993 [SgLow2]:170721 [SgLow3]:0 [SgLow4]:0 [NetMuon1]:595046 [NetMuon2]:592299 [NetMuon3]:639283 [NetMuon4]:639283
[Run]:40529 [Site]:1 [Bin]:13806 [FullTime]:3590.17 [SkipTime]:0 [Veto1]:631.421 [Veto2]:640.924 [Veto3]:407.699 [Veto4]:407.699 [SgUp1]:174420 [SgUp2]:171248 [SgUp3]:0 [SgUp4]:0 [SgLow1]:174030 [SgLow2]:170844 [SgLow3]:0 [SgLow4]:0 [NetMuon1]:594428 [NetMuon2]:592704 [NetMuon3]:639606 [NetMuon4]:639606
[Run]:40529 [Site]:1 [Bin]:13807 [FullTime]:3590.17 [SkipTime]:0 [Veto1]:617.981 [Veto2]:626.651 [Veto3]:407.194 [Veto4]:407.194 [SgUp1]:174477 [SgUp2]:171069 [SgUp3]:0 [SgUp4]:0 [SgLow1]:174032 [SgLow2]:170662 [SgLow3]:0 [SgLow4]:0 [NetMuon1]:595637 [NetMuon2]:594311 [NetMuon3]:638331 [NetMuon4]:638331
[Run]:40529 [Site]:1 [Bin]:13808 [FullTime]:3590.17 [SkipTime]:0 [Veto1]:623.455 [Veto2]:647.653 [Veto3]:408.305 [Veto4]:408.305 [SgUp1]:174413 [SgUp2]:170740 [SgUp3]:0 [SgUp4]:0 [SgLow1]:174003 [SgLow2]:170387 [SgLow3]:0 [SgLow4]:0 [NetMuon1]:596892 [NetMuon2]:591781 [NetMuon3]:640247 [NetMuon4]:640247
[Run]:40529 [Site]:1 [Bin]:13809 [FullTime]:3590.17 [SkipTime]:0 [Veto1]:611.212 [Veto2]:608.137 [Veto3]:408.018 [Veto4]:408.018 [SgUp1]:174846 [SgUp2]:172546 [SgUp3]:0 [SgUp4]:0 [SgLow1]:174473 [SgLow2]:172219 [SgLow3]:0 [SgLow4]:0 [NetMuon1]:599226 [NetMuon2]:599620 [NetMuon3]:639849 [NetMuon4]:639849
[Run]:40529 [Site]:1 [Bin]:13810 [FullTime]:3590.17 [SkipTime]:0 [Veto1]:607.396 [Veto2]:637.617 [Veto3]:407.933 [Veto4]:407.933 [SgUp1]:174923 [SgUp2]:171686 [SgUp3]:0 [SgUp4]:0 [SgLow1]:174548 [SgLow2]:171315 [SgLow3]:0 [SgLow4]:0 [NetMuon1]:599613 [NetMuon2]:593147 [NetMuon3]:639726 [NetMuon4]:639726
[Run]:40529 [Site]:1 [Bin]:13811 [FullTime]:3590.17 [SkipTime]:0 [Veto1]:620.286 [Veto2]:624.778 [Veto3]:408.352 [Veto4]:408.352 [SgUp1]:174272 [SgUp2]:172314 [SgUp3]:0 [SgUp4]:0 [SgLow1]:173892 [SgLow2]:171945 [SgLow3]:0 [SgLow4]:0 [NetMuon1]:597781 [NetMuon2]:596689 [NetMuon3]:640295 [NetMuon4]:640295
[Run]:40529 [Site]:1 [Bin]:13812 [FullTime]:3590.17 [SkipTime]:0 [Veto1]:616.392 [Veto2]:619.46 [Veto3]:407.602 [Veto4]:407.602 [SgUp1]:174739 [SgUp2]:172503 [SgUp3]:0 [SgUp4]:0 [SgLow1]:174367 [SgLow2]:172090 [SgLow3]:0 [SgLow4]:0 [NetMuon1]:597335 [NetMuon2]:596289 [NetMuon3]:639110 [NetMuon4]:639110
[Run]:40529 [Site]:1 [Bin]:13813 [FullTime]:3590.17 [SkipTime]:0 [Veto1]:628.993 [Veto2]:621.54 [Veto3]:407.219 [Veto4]:407.219 [SgUp1]:173996 [SgUp2]:172444 [SgUp3]:0 [SgUp4]:0 [SgLow1]:173653 [SgLow2]:172059 [SgLow3]:0 [SgLow4]:0 [NetMuon1]:593919 [NetMuon2]:595421 [NetMuon3]:638641 [NetMuon4]:638641
[Run]:40529 [Site]:1 [Bin]:13814 [FullTime]:3590.17 [SkipTime]:0 [Veto1]:616.284 [Veto2]:639.184 [Veto3]:408.097 [Veto4]:408.097 [SgUp1]:175126 [SgUp2]:170604 [SgUp3]:0 [SgUp4]:0 [SgLow1]:174750 [SgLow2]:170232 [SgLow3]:0 [SgLow4]:0 [NetMuon1]:598171 [NetMuon2]:593240 [NetMuon3]:639791 [NetMuon4]:639791
[Run]:40529 [Site]:1 [Bin]:13815 [FullTime]:3590.17 [SkipTime]:0 [Veto1]:621.491 [Veto2]:630.426 [Veto3]:408.105 [Veto4]:408.105 [SgUp1]:175687 [SgUp2]:172425 [SgUp3]:0 [SgUp4]:0 [SgLow1]:175289 [SgLow2]:172062 [SgLow3]:0 [SgLow4]:0 [NetMuon1]:596632 [NetMuon2]:594822 [NetMuon3]:639651 [NetMuon4]:639651
[Run]:40529 [Site]:1 [Bin]:13816 [FullTime]:3590.17 [SkipTime]:0 [Veto1]:614.899 [Veto2]:623.631 [Veto3]:407.659 [Veto4]:407.659 [SgUp1]:175037 [SgUp2]:171840 [SgUp3]:0 [SgUp4]:0 [SgLow1]:174628 [SgLow2]:171485 [SgLow3]:0 [SgLow4]:0 [NetMuon1]:597665 [NetMuon2]:595682 [NetMuon3]:639020 [NetMuon4]:639020
[Run]:40529 [Site]:1 [Bin]:13817 [FullTime]:3590.17 [SkipTime]:0 [Veto1]:603.246 [Veto2]:621.85 [Veto3]:407.498 [Veto4]:407.498 [SgUp1]:175780 [SgUp2]:172381 [SgUp3]:0 [SgUp4]:0 [SgLow1]:175405 [SgLow2]:172033 [SgLow3]:0 [SgLow4]:0 [NetMuon1]:599430 [NetMuon2]:596208 [NetMuon3]:638940 [NetMuon4]:638940
[Run]:40529 [Site]:1 [Bin]:13818 [FullTime]:2996.6 [SkipTime]:593.573 [Veto1]:517.664 [Veto2]:547.578 [Veto3]:340.137 [Veto4]:340.137 [SgUp1]:145792 [SgUp2]:141788 [SgUp3]:0 [SgUp4]:0 [SgLow1]:145475 [SgLow2]:141487 [SgLow3]:0 [SgLow4]:0 [NetMuon1]:497613 [NetMuon2]:491350 [NetMuon3]:533186 [NetMuon4]:533186
[Run]:40529 [Site]:1 [Bin]:13819 [FullTime]:3590.17 [SkipTime]:0 [Veto1]:602.249 [Veto2]:628.305 [Veto3]:407.63 [Veto4]:407.63 [SgUp1]:175536 [SgUp2]:172246 [SgUp3]:0 [SgUp4]:0 [SgLow1]:175169 [SgLow2]:171918 [SgLow3]:0 [SgLow4]:0 [NetMuon1]:599958 [NetMuon2]:595041 [NetMuon3]:638943 [NetMuon4]:638943
[Run]:40529 [Site]:1 [Bin]:13820 [FullTime]:3590.17 [SkipTime]:0 [Veto1]:625.88 [Veto2]:638.332 [Veto3]:406.734 [Veto4]:406.734 [SgUp1]:174883 [SgUp2]:170506 [SgUp3]:0 [SgUp4]:0 [SgLow1]:174528 [SgLow2]:170107 [SgLow3]:0 [SgLow4]:0 [NetMuon1]:593761 [NetMuon2]:591172 [NetMuon3]:637751 [NetMuon4]:637751
[Run]:40529 [Site]:1 [Bin]:13821 [FullTime]:3590.17 [SkipTime]:0 [Veto1]:595.462 [Veto2]:628.199 [Veto3]:406.676 [Veto4]:406.676 [SgUp1]:176089 [SgUp2]:172142 [SgUp3]:0 [SgUp4]:0 [SgLow1]:175743 [SgLow2]:171724 [SgLow3]:0 [SgLow4]:0 [NetMuon1]:600000 [NetMuon2]:593104 [NetMuon3]:637471 [NetMuon4]:637471
[Run]:40529 [Site]:1 [Bin]:13822 [FullTime]:3590.17 [SkipTime]:0 [Veto1]:629.833 [Veto2]:649.035 [Veto3]:406.89 [Veto4]:406.89 [SgUp1]:173888 [SgUp2]:171086 [SgUp3]:0 [SgUp4]:0 [SgLow1]:173490 [SgLow2]:170665 [SgLow3]:0 [SgLow4]:0 [NetMuon1]:593629 [NetMuon2]:589747 [NetMuon3]:638192 [NetMuon4]:638192
[Run]:40529 [Site]:1 [Bin]:13823 [FullTime]:3590.17 [SkipTime]:0 [Veto1]:592.673 [Veto2]:611.958 [Veto3]:407.535 [Veto4]:407.535 [SgUp1]:176928 [SgUp2]:172707 [SgUp3]:0 [SgUp4]:0 [SgLow1]:176582 [SgLow2]:172288 [SgLow3]:0 [SgLow4]:0 [NetMuon1]:601962 [NetMuon2]:598240 [NetMuon3]:639161 [NetMuon4]:639161
[Run]:40529 [Site]:1 [Bin]:13824 [FullTime]:3590.17 [SkipTime]:0 [Veto1]:638.476 [Veto2]:629.277 [Veto3]:408.118 [Veto4]:408.118 [SgUp1]:173428 [SgUp2]:171388 [SgUp3]:0 [SgUp4]:0 [SgLow1]:173077 [SgLow2]:171012 [SgLow3]:0 [SgLow4]:0 [NetMuon1]:593383 [NetMuon2]:594975 [NetMuon3]:639764 [NetMuon4]:639764
[Run]:40529 [Site]:1 [Bin]:13825 [FullTime]:3590.17 [SkipTime]:0 [Veto1]:615.531 [Veto2]:617.076 [Veto3]:407.088 [Veto4]:407.088 [SgUp1]:175466 [SgUp2]:173107 [SgUp3]:0 [SgUp4]:0 [SgLow1]:175111 [SgLow2]:172715 [SgLow3]:0 [SgLow4]:0 [NetMuon1]:596500 [NetMuon2]:596150 [NetMuon3]:638307 [NetMuon4]:638307
[Run]:40529 [Site]:1 [Bin]:13826 [FullTime]:3590.17 [SkipTime]:0 [Veto1]:628.789 [Veto2]:621.272 [Veto3]:407.25 [Veto4]:407.25 [SgUp1]:174388 [SgUp2]:172377 [SgUp3]:0 [SgUp4]:0 [SgLow1]:174017 [SgLow2]:171976 [SgLow3]:0 [SgLow4]:0 [NetMuon1]:594508 [NetMuon2]:595769 [NetMuon3]:638788 [NetMuon4]:638788
[Run]:40529 [Site]:1 [Bin]:13827 [FullTime]:3590.17 [SkipTime]:0 [Veto1]:601.936 [Veto2]:633.141 [Veto3]:407.391 [Veto4]:407.391 [SgUp1]:175347 [SgUp2]:171037 [SgUp3]:0 [SgUp4]:0 [SgLow1]:174978 [SgLow2]:170714 [SgLow3]:0 [SgLow4]:0 [NetMuon1]:599467 [NetMuon2]:593314 [NetMuon3]:638779 [NetMuon4]:638779
[Run]:40529 [Site]:1 [Bin]:13828 [FullTime]:3590.17 [SkipTime]:0 [Veto1]:620.815 [Veto2]:618.654 [Veto3]:407.724 [Veto4]:407.724 [SgUp1]:174973 [SgUp2]:172501 [SgUp3]:0 [SgUp4]:0 [SgLow1]:174641 [SgLow2]:172086 [SgLow3]:0 [SgLow4]:0 [NetMuon1]:596431 [NetMuon2]:597133 [NetMuon3]:639490 [NetMuon4]:639490
[Run]:40529 [Site]:1 [Bin]:13829 [FullTime]:3590.17 [SkipTime]:0 [Veto1]:613.826 [Veto2]:621.607 [Veto3]:406.414 [Veto4]:406.414 [SgUp1]:175216 [SgUp2]:172590 [SgUp3]:0 [SgUp4]:0 [SgLow1]:174810 [SgLow2]:172178 [SgLow3]:0 [SgLow4]:0 [NetMuon1]:596204 [NetMuon2]:594898 [NetMuon3]:637600 [NetMuon4]:637600
[Run]:40529 [Site]:1 [Bin]:13830 [FullTime]:3590.17 [SkipTime]:0 [Veto1]:611.63 [Veto2]:628.68 [Veto3]:406.702 [Veto4]:406.702 [SgUp1]:175276 [SgUp2]:171522 [SgUp3]:0 [SgUp4]:0 [SgLow1]:174868 [SgLow2]:171119 [SgLow3]:0 [SgLow4]:0 [NetMuon1]:597088 [NetMuon2]:593716 [NetMuon3]:638045 [NetMuon4]:638045
[Run]:40529 [Site]:1 [Bin]:13831 [FullTime]:3590.17 [SkipTime]:0 [Veto1]:609.156 [Veto2]:656.249 [Veto3]:406.444 [Veto4]:406.444 [SgUp1]:175596 [SgUp2]:170530 [SgUp3]:0 [SgUp4]:0 [SgLow1]:175167 [SgLow2]:170203 [SgLow3]:0 [SgLow4]:0 [NetMuon1]:597274 [NetMuon2]:587599 [NetMuon3]:637498 [NetMuon4]:637498
[Run]:40529 [Site]:1 [Bin]:13832 [FullTime]:3590.17 [SkipTime]:0 [Veto1]:615.101 [Veto2]:628.67 [Veto3]:407.028 [Veto4]:407.028 [SgUp1]:175301 [SgUp2]:172298 [SgUp3]:0 [SgUp4]:0 [SgLow1]:174876 [SgLow2]:171937 [SgLow3]:0 [SgLow4]:0 [NetMuon1]:596899 [NetMuon2]:593765 [NetMuon3]:638384 [NetMuon4]:638384
[Run]:40529 [Site]:1 [Bin]:13833 [FullTime]:3590.17 [SkipTime]:0 [Veto1]:620.112 [Veto2]:614.826 [Veto3]:407.672 [Veto4]:407.672 [SgUp1]:174964 [SgUp2]:172506 [SgUp3]:0 [SgUp4]:0 [SgLow1]:174558 [SgLow2]:172135 [SgLow3]:0 [SgLow4]:0 [NetMuon1]:596658 [NetMuon2]:597550 [NetMuon3]:638983 [NetMuon4]:638983
[Run]:40529 [Site]:1 [Bin]:13834 [FullTime]:3590.17 [SkipTime]:0 [Veto1]:616.734 [Veto2]:635.766 [Veto3]:407.593 [Veto4]:407.593 [SgUp1]:175213 [SgUp2]:171816 [SgUp3]:0 [SgUp4]:0 [SgLow1]:174806 [SgLow2]:171456 [SgLow3]:0 [SgLow4]:0 [NetMuon1]:597520 [NetMuon2]:593781 [NetMuon3]:639398 [NetMuon4]:639398
[Run]:40529 [Site]:1 [Bin]:13835 [FullTime]:3590.17 [SkipTime]:0 [Veto1]:627.964 [Veto2]:626.027 [Veto3]:409.273 [Veto4]:409.273 [SgUp1]:174447 [SgUp2]:171846 [SgUp3]:0 [SgUp4]:0 [SgLow1]:174048 [SgLow2]:171449 [SgLow3]:0 [SgLow4]:0 [NetMuon1]:597647 [NetMuon2]:598122 [NetMuon3]:641762 [NetMuon4]:641762
End process Run: 40529 ... 
[Run]:40529 [Site]:1 [Bin]:13836 [FullTime]:184.18 [SkipTime]:0 [Veto1]:32.0497 [Veto2]:30.2709 [Veto3]:20.9793 [Veto4]:20.9793
