StreamChain add 0x1e13c7e0
Start to process run: 40355 ... 
[Run]:40355 [Site]:1 [Bin]:13696 [FullTime]:2451.5 [SkipTime]:0 [Veto1]:400.199 [Veto2]:421.09 [Veto3]:278.195 [Veto4]:278.195 [SgUp1]:121034 [SgUp2]:117491 [SgUp3]:0 [SgUp4]:0 [SgLow1]:120802 [SgLow2]:117237 [SgLow3]:0 [SgLow4]:0 [NetMuon1]:412026 [NetMuon2]:407490 [NetMuon3]:436310 [NetMuon4]:436310
[Run]:40355 [Site]:1 [Bin]:13697 [FullTime]:3590.17 [SkipTime]:0 [Veto1]:636.021 [Veto2]:618.714 [Veto3]:407.717 [Veto4]:407.717 [SgUp1]:173802 [SgUp2]:171254 [SgUp3]:0 [SgUp4]:0 [SgLow1]:173366 [SgLow2]:170857 [SgLow3]:0 [SgLow4]:0 [NetMuon1]:593554 [NetMuon2]:596981 [NetMuon3]:639215 [NetMuon4]:639215
[Run]:40355 [Site]:1 [Bin]:13698 [FullTime]:3590.17 [SkipTime]:0 [Veto1]:625.4 [Veto2]:634.868 [Veto3]:407.69 [Veto4]:407.69 [SgUp1]:174774 [SgUp2]:171343 [SgUp3]:0 [SgUp4]:0 [SgLow1]:174455 [SgLow2]:170968 [SgLow3]:0 [SgLow4]:0 [NetMuon1]:595749 [NetMuon2]:593953 [NetMuon3]:639631 [NetMuon4]:639631
[Run]:40355 [Site]:1 [Bin]:13699 [FullTime]:3590.17 [SkipTime]:0 [Veto1]:626.289 [Veto2]:623.744 [Veto3]:407.75 [Veto4]:407.75 [SgUp1]:174547 [SgUp2]:171534 [SgUp3]:0 [SgUp4]:0 [SgLow1]:174157 [SgLow2]:171176 [SgLow3]:0 [SgLow4]:0 [NetMuon1]:595357 [NetMuon2]:595995 [NetMuon3]:639528 [NetMuon4]:639528
[Run]:40355 [Site]:1 [Bin]:13700 [FullTime]:3590.17 [SkipTime]:0 [Veto1]:598.183 [Veto2]:633.661 [Veto3]:407.107 [Veto4]:407.107 [SgUp1]:176095 [SgUp2]:171124 [SgUp3]:0 [SgUp4]:0 [SgLow1]:175737 [SgLow2]:170703 [SgLow3]:0 [SgLow4]:0 [NetMuon1]:600115 [NetMuon2]:592856 [NetMuon3]:638524 [NetMuon4]:638524
[Run]:40355 [Site]:1 [Bin]:13701 [FullTime]:3590.17 [SkipTime]:0 [Veto1]:610.468 [Veto2]:619.558 [Veto3]:406.921 [Veto4]:406.921 [SgUp1]:174793 [SgUp2]:171690 [SgUp3]:0 [SgUp4]:0 [SgLow1]:174432 [SgLow2]:171302 [SgLow3]:0 [SgLow4]:0 [NetMuon1]:597432 [NetMuon2]:595014 [NetMuon3]:638044 [NetMuon4]:638044
[Run]:40355 [Site]:1 [Bin]:13702 [FullTime]:3590.17 [SkipTime]:0 [Veto1]:620.552 [Veto2]:631.462 [Veto3]:407.688 [Veto4]:407.688 [SgUp1]:174669 [SgUp2]:171473 [SgUp3]:0 [SgUp4]:0 [SgLow1]:174276 [SgLow2]:171104 [SgLow3]:0 [SgLow4]:0 [NetMuon1]:596484 [NetMuon2]:594118 [NetMuon3]:639224 [NetMuon4]:639224
[Run]:40355 [Site]:1 [Bin]:13703 [FullTime]:3590.17 [SkipTime]:0 [Veto1]:608.902 [Veto2]:624.557 [Veto3]:407.36 [Veto4]:407.36 [SgUp1]:174567 [SgUp2]:171620 [SgUp3]:0 [SgUp4]:0 [SgLow1]:174216 [SgLow2]:171262 [SgLow3]:0 [SgLow4]:0 [NetMuon1]:598213 [NetMuon2]:595321 [NetMuon3]:638838 [NetMuon4]:638838
[Run]:40355 [Site]:1 [Bin]:13704 [FullTime]:3590.17 [SkipTime]:0 [Veto1]:622.199 [Veto2]:618.412 [Veto3]:407.011 [Veto4]:407.011 [SgUp1]:174095 [SgUp2]:172758 [SgUp3]:0 [SgUp4]:0 [SgLow1]:173703 [SgLow2]:172353 [SgLow3]:0 [SgLow4]:0 [NetMuon1]:594588 [NetMuon2]:595898 [NetMuon3]:638129 [NetMuon4]:638129
[Run]:40355 [Site]:1 [Bin]:13705 [FullTime]:3590.17 [SkipTime]:0 [Veto1]:609.637 [Veto2]:656.818 [Veto3]:406.363 [Veto4]:406.363 [SgUp1]:174334 [SgUp2]:170565 [SgUp3]:0 [SgUp4]:0 [SgLow1]:173952 [SgLow2]:170221 [SgLow3]:0 [SgLow4]:0 [NetMuon1]:596663 [NetMuon2]:587084 [NetMuon3]:637240 [NetMuon4]:637240
[Run]:40355 [Site]:1 [Bin]:13706 [FullTime]:3590.17 [SkipTime]:0 [Veto1]:619.174 [Veto2]:642.924 [Veto3]:407.198 [Veto4]:407.198 [SgUp1]:174682 [SgUp2]:170747 [SgUp3]:0 [SgUp4]:0 [SgLow1]:174280 [SgLow2]:170394 [SgLow3]:0 [SgLow4]:0 [NetMuon1]:595835 [NetMuon2]:591123 [NetMuon3]:638485 [NetMuon4]:638485
[Run]:40355 [Site]:1 [Bin]:13707 [FullTime]:3590.17 [SkipTime]:0 [Veto1]:609.242 [Veto2]:639.565 [Veto3]:406.705 [Veto4]:406.705 [SgUp1]:174946 [SgUp2]:170087 [SgUp3]:0 [SgUp4]:0 [SgLow1]:174554 [SgLow2]:169750 [SgLow3]:0 [SgLow4]:0 [NetMuon1]:597059 [NetMuon2]:591142 [NetMuon3]:637975 [NetMuon4]:637975
[Run]:40355 [Site]:1 [Bin]:13708 [FullTime]:3590.17 [SkipTime]:0 [Veto1]:611.194 [Veto2]:630.153 [Veto3]:407.095 [Veto4]:407.095 [SgUp1]:174861 [SgUp2]:171969 [SgUp3]:0 [SgUp4]:0 [SgLow1]:174464 [SgLow2]:171557 [SgLow3]:0 [SgLow4]:0 [NetMuon1]:597022 [NetMuon2]:593255 [NetMuon3]:638164 [NetMuon4]:638164
[Run]:40355 [Site]:1 [Bin]:13709 [FullTime]:3590.17 [SkipTime]:0 [Veto1]:611.68 [Veto2]:624.485 [Veto3]:407.333 [Veto4]:407.333 [SgUp1]:175023 [SgUp2]:172074 [SgUp3]:0 [SgUp4]:0 [SgLow1]:174630 [SgLow2]:171698 [SgLow3]:0 [SgLow4]:0 [NetMuon1]:597773 [NetMuon2]:594910 [NetMuon3]:638620 [NetMuon4]:638620
[Run]:40355 [Site]:1 [Bin]:13710 [FullTime]:3590.17 [SkipTime]:0 [Veto1]:614.083 [Veto2]:619.83 [Veto3]:407.068 [Veto4]:407.068 [SgUp1]:174405 [SgUp2]:171763 [SgUp3]:0 [SgUp4]:0 [SgLow1]:173989 [SgLow2]:171377 [SgLow3]:0 [SgLow4]:0 [NetMuon1]:596529 [NetMuon2]:595615 [NetMuon3]:638110 [NetMuon4]:638110
[Run]:40355 [Site]:1 [Bin]:13711 [FullTime]:3590.17 [SkipTime]:0 [Veto1]:601.425 [Veto2]:625.856 [Veto3]:407.134 [Veto4]:407.134 [SgUp1]:175280 [SgUp2]:172045 [SgUp3]:0 [SgUp4]:0 [SgLow1]:174923 [SgLow2]:171700 [SgLow3]:0 [SgLow4]:0 [NetMuon1]:599397 [NetMuon2]:594670 [NetMuon3]:638352 [NetMuon4]:638352
[Run]:40355 [Site]:1 [Bin]:13712 [FullTime]:3590.17 [SkipTime]:0 [Veto1]:600.832 [Veto2]:624.788 [Veto3]:406.443 [Veto4]:406.443 [SgUp1]:175462 [SgUp2]:171421 [SgUp3]:0 [SgUp4]:0 [SgLow1]:174977 [SgLow2]:171081 [SgLow3]:0 [SgLow4]:0 [NetMuon1]:598814 [NetMuon2]:593830 [NetMuon3]:637484 [NetMuon4]:637484
[Run]:40355 [Site]:1 [Bin]:13713 [FullTime]:3590.17 [SkipTime]:0 [Veto1]:630.565 [Veto2]:629.08 [Veto3]:406.921 [Veto4]:406.921 [SgUp1]:174819 [SgUp2]:170886 [SgUp3]:0 [SgUp4]:0 [SgLow1]:174448 [SgLow2]:170494 [SgLow3]:0 [SgLow4]:0 [NetMuon1]:593454 [NetMuon2]:593609 [NetMuon3]:638300 [NetMuon4]:638300
[Run]:40355 [Site]:1 [Bin]:13714 [FullTime]:3590.17 [SkipTime]:0 [Veto1]:607.524 [Veto2]:623.516 [Veto3]:408.383 [Veto4]:408.383 [SgUp1]:174759 [SgUp2]:171448 [SgUp3]:0 [SgUp4]:0 [SgLow1]:174365 [SgLow2]:171129 [SgLow3]:0 [SgLow4]:0 [NetMuon1]:600218 [NetMuon2]:596943 [NetMuon3]:640407 [NetMuon4]:640407
[Run]:40355 [Site]:1 [Bin]:13715 [FullTime]:3590.17 [SkipTime]:0 [Veto1]:638.249 [Veto2]:639.503 [Veto3]:408.683 [Veto4]:408.683 [SgUp1]:174080 [SgUp2]:171468 [SgUp3]:0 [SgUp4]:0 [SgLow1]:173722 [SgLow2]:171094 [SgLow3]:0 [SgLow4]:0 [NetMuon1]:594470 [NetMuon2]:594577 [NetMuon3]:640833 [NetMuon4]:640833
[Run]:40355 [Site]:1 [Bin]:13716 [FullTime]:3590.17 [SkipTime]:0 [Veto1]:622.243 [Veto2]:626.875 [Veto3]:406.876 [Veto4]:406.876 [SgUp1]:174214 [SgUp2]:171445 [SgUp3]:0 [SgUp4]:0 [SgLow1]:173861 [SgLow2]:171027 [SgLow3]:0 [SgLow4]:0 [NetMuon1]:594945 [NetMuon2]:594079 [NetMuon3]:638272 [NetMuon4]:638272
[Run]:40355 [Site]:1 [Bin]:13717 [FullTime]:3590.17 [SkipTime]:0 [Veto1]:631.745 [Veto2]:641.33 [Veto3]:407.75 [Veto4]:407.75 [SgUp1]:174173 [SgUp2]:170380 [SgUp3]:0 [SgUp4]:0 [SgLow1]:173793 [SgLow2]:170006 [SgLow3]:0 [SgLow4]:0 [NetMuon1]:594522 [NetMuon2]:592507 [NetMuon3]:639536 [NetMuon4]:639536
[Run]:40355 [Site]:1 [Bin]:13718 [FullTime]:3590.17 [SkipTime]:0 [Veto1]:619.128 [Veto2]:635.452 [Veto3]:407.533 [Veto4]:407.533 [SgUp1]:175337 [SgUp2]:171586 [SgUp3]:0 [SgUp4]:0 [SgLow1]:174988 [SgLow2]:171235 [SgLow3]:0 [SgLow4]:0 [NetMuon1]:596466 [NetMuon2]:593788 [NetMuon3]:639245 [NetMuon4]:639245
[Run]:40355 [Site]:1 [Bin]:13719 [FullTime]:3590.17 [SkipTime]:0 [Veto1]:638.466 [Veto2]:614.61 [Veto3]:408.332 [Veto4]:408.332 [SgUp1]:173730 [SgUp2]:172460 [SgUp3]:0 [SgUp4]:0 [SgLow1]:173331 [SgLow2]:172125 [SgLow3]:0 [SgLow4]:0 [NetMuon1]:593829 [NetMuon2]:599125 [NetMuon3]:640481 [NetMuon4]:640481
[Run]:40355 [Site]:1 [Bin]:13720 [FullTime]:3590.17 [SkipTime]:0 [Veto1]:615.484 [Veto2]:632.27 [Veto3]:407.022 [Veto4]:407.022 [SgUp1]:175041 [SgUp2]:171336 [SgUp3]:0 [SgUp4]:0 [SgLow1]:174666 [SgLow2]:170943 [SgLow3]:0 [SgLow4]:0 [NetMuon1]:596063 [NetMuon2]:592690 [NetMuon3]:638078 [NetMuon4]:638078
[Run]:40355 [Site]:1 [Bin]:13721 [FullTime]:3590.17 [SkipTime]:0 [Veto1]:610.692 [Veto2]:625.25 [Veto3]:407.346 [Veto4]:407.346 [SgUp1]:174345 [SgUp2]:172504 [SgUp3]:0 [SgUp4]:0 [SgLow1]:173979 [SgLow2]:172175 [SgLow3]:0 [SgLow4]:0 [NetMuon1]:597781 [NetMuon2]:594748 [NetMuon3]:638626 [NetMuon4]:638626
[Run]:40355 [Site]:1 [Bin]:13722 [FullTime]:3590.18 [SkipTime]:0 [Veto1]:619.562 [Veto2]:633.654 [Veto3]:407.174 [Veto4]:407.174 [SgUp1]:174297 [SgUp2]:171743 [SgUp3]:0 [SgUp4]:0 [SgLow1]:173888 [SgLow2]:171395 [SgLow3]:0 [SgLow4]:0 [NetMuon1]:595963 [NetMuon2]:593067 [NetMuon3]:638486 [NetMuon4]:638486
[Run]:40355 [Site]:1 [Bin]:13723 [FullTime]:3590.17 [SkipTime]:0 [Veto1]:605.568 [Veto2]:624.347 [Veto3]:407.515 [Veto4]:407.515 [SgUp1]:175029 [SgUp2]:172159 [SgUp3]:0 [SgUp4]:0 [SgLow1]:174686 [SgLow2]:171776 [SgLow3]:0 [SgLow4]:0 [NetMuon1]:599295 [NetMuon2]:595335 [NetMuon3]:639272 [NetMuon4]:639272
[Run]:40355 [Site]:1 [Bin]:13724 [FullTime]:3590.17 [SkipTime]:0 [Veto1]:614.705 [Veto2]:635.714 [Veto3]:407.54 [Veto4]:407.54 [SgUp1]:175085 [SgUp2]:170891 [SgUp3]:0 [SgUp4]:0 [SgLow1]:174711 [SgLow2]:170519 [SgLow3]:0 [SgLow4]:0 [NetMuon1]:597631 [NetMuon2]:593211 [NetMuon3]:639117 [NetMuon4]:639117
[Run]:40355 [Site]:1 [Bin]:13725 [FullTime]:3590.17 [SkipTime]:0 [Veto1]:599.494 [Veto2]:633.347 [Veto3]:406.735 [Veto4]:406.735 [SgUp1]:175602 [SgUp2]:171992 [SgUp3]:0 [SgUp4]:0 [SgLow1]:175174 [SgLow2]:171636 [SgLow3]:0 [SgLow4]:0 [NetMuon1]:599708 [NetMuon2]:592388 [NetMuon3]:638071 [NetMuon4]:638071
[Run]:40355 [Site]:1 [Bin]:13726 [FullTime]:3590.18 [SkipTime]:0 [Veto1]:614.94 [Veto2]:612.979 [Veto3]:407.564 [Veto4]:407.564 [SgUp1]:174063 [SgUp2]:172833 [SgUp3]:0 [SgUp4]:0 [SgLow1]:173710 [SgLow2]:172504 [SgLow3]:0 [SgLow4]:0 [NetMuon1]:597989 [NetMuon2]:598387 [NetMuon3]:639454 [NetMuon4]:639454
[Run]:40355 [Site]:1 [Bin]:13727 [FullTime]:3590.17 [SkipTime]:0 [Veto1]:624.342 [Veto2]:623.487 [Veto3]:407.204 [Veto4]:407.204 [SgUp1]:174715 [SgUp2]:171196 [SgUp3]:0 [SgUp4]:0 [SgLow1]:174285 [SgLow2]:170862 [SgLow3]:0 [SgLow4]:0 [NetMuon1]:594902 [NetMuon2]:595040 [NetMuon3]:638364 [NetMuon4]:638364
[Run]:40355 [Site]:1 [Bin]:13728 [FullTime]:3590.17 [SkipTime]:0 [Veto1]:594.241 [Veto2]:635.082 [Veto3]:406.417 [Veto4]:406.417 [SgUp1]:177058 [SgUp2]:171480 [SgUp3]:0 [SgUp4]:0 [SgLow1]:176670 [SgLow2]:171098 [SgLow3]:0 [SgLow4]:0 [NetMuon1]:599720 [NetMuon2]:591541 [NetMuon3]:637429 [NetMuon4]:637429
[Run]:40355 [Site]:1 [Bin]:13729 [FullTime]:3590.17 [SkipTime]:0 [Veto1]:625.989 [Veto2]:633.666 [Veto3]:407.276 [Veto4]:407.276 [SgUp1]:175133 [SgUp2]:171111 [SgUp3]:0 [SgUp4]:0 [SgLow1]:174740 [SgLow2]:170761 [SgLow3]:0 [SgLow4]:0 [NetMuon1]:594513 [NetMuon2]:593352 [NetMuon3]:638879 [NetMuon4]:638879
[Run]:40355 [Site]:1 [Bin]:13730 [FullTime]:3590.17 [SkipTime]:0 [Veto1]:637.666 [Veto2]:630.729 [Veto3]:407.005 [Veto4]:407.005 [SgUp1]:174438 [SgUp2]:170746 [SgUp3]:0 [SgUp4]:0 [SgLow1]:174101 [SgLow2]:170417 [SgLow3]:0 [SgLow4]:0 [NetMuon1]:591983 [NetMuon2]:593153 [NetMuon3]:638481 [NetMuon4]:638481
[Run]:40355 [Site]:1 [Bin]:13731 [FullTime]:3590.17 [SkipTime]:0 [Veto1]:622.36 [Veto2]:624.697 [Veto3]:406.323 [Veto4]:406.323 [SgUp1]:174772 [SgUp2]:171465 [SgUp3]:0 [SgUp4]:0 [SgLow1]:174379 [SgLow2]:171087 [SgLow3]:0 [SgLow4]:0 [NetMuon1]:594155 [NetMuon2]:593495 [NetMuon3]:637329 [NetMuon4]:637329
[Run]:40355 [Site]:1 [Bin]:13732 [FullTime]:3590.17 [SkipTime]:0 [Veto1]:633.683 [Veto2]:623.559 [Veto3]:406.898 [Veto4]:406.898 [SgUp1]:174409 [SgUp2]:171828 [SgUp3]:0 [SgUp4]:0 [SgLow1]:174059 [SgLow2]:171476 [SgLow3]:0 [SgLow4]:0 [NetMuon1]:592244 [NetMuon2]:594325 [NetMuon3]:637987 [NetMuon4]:637987
[Run]:40355 [Site]:1 [Bin]:13733 [FullTime]:3590.17 [SkipTime]:0 [Veto1]:614.528 [Veto2]:621.165 [Veto3]:406.683 [Veto4]:406.683 [SgUp1]:176153 [SgUp2]:172393 [SgUp3]:0 [SgUp4]:0 [SgLow1]:175785 [SgLow2]:172035 [SgLow3]:0 [SgLow4]:0 [NetMuon1]:596368 [NetMuon2]:594549 [NetMuon3]:637737 [NetMuon4]:637737
[Run]:40355 [Site]:1 [Bin]:13734 [FullTime]:3590.17 [SkipTime]:0 [Veto1]:640.173 [Veto2]:633.173 [Veto3]:407.721 [Veto4]:407.721 [SgUp1]:173767 [SgUp2]:171213 [SgUp3]:0 [SgUp4]:0 [SgLow1]:173373 [SgLow2]:170850 [SgLow3]:0 [SgLow4]:0 [NetMuon1]:592856 [NetMuon2]:594385 [NetMuon3]:639528 [NetMuon4]:639528
[Run]:40355 [Site]:1 [Bin]:13735 [FullTime]:3590.17 [SkipTime]:0 [Veto1]:611.855 [Veto2]:622.069 [Veto3]:407.539 [Veto4]:407.539 [SgUp1]:175758 [SgUp2]:172038 [SgUp3]:0 [SgUp4]:0 [SgLow1]:175409 [SgLow2]:171649 [SgLow3]:0 [SgLow4]:0 [NetMuon1]:598322 [NetMuon2]:595919 [NetMuon3]:639073 [NetMuon4]:639073
[Run]:40355 [Site]:1 [Bin]:13736 [FullTime]:3590.17 [SkipTime]:0 [Veto1]:603.342 [Veto2]:623.548 [Veto3]:407.481 [Veto4]:407.481 [SgUp1]:175553 [SgUp2]:171657 [SgUp3]:0 [SgUp4]:0 [SgLow1]:175221 [SgLow2]:171268 [SgLow3]:0 [SgLow4]:0 [NetMuon1]:599839 [NetMuon2]:595877 [NetMuon3]:639134 [NetMuon4]:639134
[Run]:40355 [Site]:1 [Bin]:13737 [FullTime]:3590.17 [SkipTime]:0 [Veto1]:631.916 [Veto2]:632.108 [Veto3]:409.038 [Veto4]:409.038 [SgUp1]:174236 [SgUp2]:171958 [SgUp3]:0 [SgUp4]:0 [SgLow1]:173830 [SgLow2]:171599 [SgLow3]:0 [SgLow4]:0 [NetMuon1]:596562 [NetMuon2]:596307 [NetMuon3]:641412 [NetMuon4]:641412
[Run]:40355 [Site]:1 [Bin]:13738 [FullTime]:3590.17 [SkipTime]:0 [Veto1]:634.022 [Veto2]:617.781 [Veto3]:407.704 [Veto4]:407.704 [SgUp1]:173751 [SgUp2]:172453 [SgUp3]:0 [SgUp4]:0 [SgLow1]:173369 [SgLow2]:172072 [SgLow3]:0 [SgLow4]:0 [NetMuon1]:594090 [NetMuon2]:597476 [NetMuon3]:639324 [NetMuon4]:639324
[Run]:40355 [Site]:1 [Bin]:13739 [FullTime]:3590.17 [SkipTime]:0 [Veto1]:630.803 [Veto2]:660.656 [Veto3]:408.466 [Veto4]:408.466 [SgUp1]:174156 [SgUp2]:170106 [SgUp3]:0 [SgUp4]:0 [SgLow1]:173752 [SgLow2]:169740 [SgLow3]:0 [SgLow4]:0 [NetMuon1]:595324 [NetMuon2]:589820 [NetMuon3]:640371 [NetMuon4]:640371
[Run]:40355 [Site]:1 [Bin]:13740 [FullTime]:3590.17 [SkipTime]:0 [Veto1]:611.773 [Veto2]:631.783 [Veto3]:408.209 [Veto4]:408.209 [SgUp1]:175669 [SgUp2]:171638 [SgUp3]:0 [SgUp4]:0 [SgLow1]:175271 [SgLow2]:171226 [SgLow3]:0 [SgLow4]:0 [NetMuon1]:599573 [NetMuon2]:595280 [NetMuon3]:640133 [NetMuon4]:640133
[Run]:40355 [Site]:1 [Bin]:13741 [FullTime]:3590.17 [SkipTime]:0 [Veto1]:625.662 [Veto2]:611.723 [Veto3]:407.804 [Veto4]:407.804 [SgUp1]:174359 [SgUp2]:172855 [SgUp3]:0 [SgUp4]:0 [SgLow1]:173979 [SgLow2]:172456 [SgLow3]:0 [SgLow4]:0 [NetMuon1]:595468 [NetMuon2]:598182 [NetMuon3]:639255 [NetMuon4]:639255
[Run]:40355 [Site]:1 [Bin]:13742 [FullTime]:3590.17 [SkipTime]:0 [Veto1]:607.646 [Veto2]:635.252 [Veto3]:407.693 [Veto4]:407.693 [SgUp1]:175672 [SgUp2]:171172 [SgUp3]:0 [SgUp4]:0 [SgLow1]:175241 [SgLow2]:170783 [SgLow3]:0 [SgLow4]:0 [NetMuon1]:599737 [NetMuon2]:593565 [NetMuon3]:639446 [NetMuon4]:639446
[Run]:40355 [Site]:1 [Bin]:13743 [FullTime]:3590.17 [SkipTime]:0 [Veto1]:617.931 [Veto2]:646.907 [Veto3]:408.005 [Veto4]:408.005 [SgUp1]:175887 [SgUp2]:170186 [SgUp3]:0 [SgUp4]:0 [SgLow1]:175501 [SgLow2]:169802 [SgLow3]:0 [SgLow4]:0 [NetMuon1]:597770 [NetMuon2]:592083 [NetMuon3]:640009 [NetMuon4]:640009
End process Run: 40355 ... 
[Run]:40355 [Site]:1 [Bin]:13744 [FullTime]:1168.5 [SkipTime]:0 [Veto1]:206.859 [Veto2]:206.996 [Veto3]:132.949 [Veto4]:132.949
