StreamChain add 0xb9177e0
Start to process run: 40364 ... 
[Run]:40364 [Site]:1 [Bin]:13744 [FullTime]:2005.63 [SkipTime]:0 [Veto1]:334.465 [Veto2]:359.807 [Veto3]:228.01 [Veto4]:228.01 [SgUp1]:98558 [SgUp2]:95816 [SgUp3]:0 [SgUp4]:0 [SgLow1]:98305 [SgLow2]:95612 [SgLow3]:0 [SgLow4]:0 [NetMuon1]:335877 [NetMuon2]:330969 [NetMuon3]:357472 [NetMuon4]:357472
[Run]:40364 [Site]:1 [Bin]:13745 [FullTime]:3590.17 [SkipTime]:0 [Veto1]:609.39 [Veto2]:617.518 [Veto3]:407.587 [Veto4]:407.587 [SgUp1]:175445 [SgUp2]:171780 [SgUp3]:0 [SgUp4]:0 [SgLow1]:175019 [SgLow2]:171378 [SgLow3]:0 [SgLow4]:0 [NetMuon1]:598596 [NetMuon2]:597301 [NetMuon3]:639342 [NetMuon4]:639342
[Run]:40364 [Site]:1 [Bin]:13746 [FullTime]:3590.17 [SkipTime]:0 [Veto1]:628.574 [Veto2]:622.472 [Veto3]:407.771 [Veto4]:407.771 [SgUp1]:174583 [SgUp2]:171905 [SgUp3]:0 [SgUp4]:0 [SgLow1]:174273 [SgLow2]:171538 [SgLow3]:0 [SgLow4]:0 [NetMuon1]:594786 [NetMuon2]:596679 [NetMuon3]:639458 [NetMuon4]:639458
[Run]:40364 [Site]:1 [Bin]:13747 [FullTime]:3590.17 [SkipTime]:0 [Veto1]:599.145 [Veto2]:641.162 [Veto3]:407.968 [Veto4]:407.968 [SgUp1]:176905 [SgUp2]:170821 [SgUp3]:0 [SgUp4]:0 [SgLow1]:176487 [SgLow2]:170452 [SgLow3]:0 [SgLow4]:0 [NetMuon1]:601349 [NetMuon2]:593161 [NetMuon3]:639870 [NetMuon4]:639870
[Run]:40364 [Site]:1 [Bin]:13748 [FullTime]:3590.17 [SkipTime]:0 [Veto1]:616.515 [Veto2]:637.066 [Veto3]:408.458 [Veto4]:408.458 [SgUp1]:175940 [SgUp2]:170767 [SgUp3]:0 [SgUp4]:0 [SgLow1]:175532 [SgLow2]:170408 [SgLow3]:0 [SgLow4]:0 [NetMuon1]:598737 [NetMuon2]:594611 [NetMuon3]:640757 [NetMuon4]:640757
[Run]:40364 [Site]:1 [Bin]:13749 [FullTime]:3590.17 [SkipTime]:0 [Veto1]:629.993 [Veto2]:626.695 [Veto3]:407.41 [Veto4]:407.41 [SgUp1]:174315 [SgUp2]:171347 [SgUp3]:0 [SgUp4]:0 [SgLow1]:173921 [SgLow2]:170960 [SgLow3]:0 [SgLow4]:0 [NetMuon1]:594327 [NetMuon2]:594970 [NetMuon3]:638970 [NetMuon4]:638970
[Run]:40364 [Site]:1 [Bin]:13750 [FullTime]:3590.17 [SkipTime]:0 [Veto1]:620.635 [Veto2]:634.995 [Veto3]:407.682 [Veto4]:407.682 [SgUp1]:175862 [SgUp2]:170658 [SgUp3]:0 [SgUp4]:0 [SgLow1]:175508 [SgLow2]:170269 [SgLow3]:0 [SgLow4]:0 [NetMuon1]:596511 [NetMuon2]:593617 [NetMuon3]:639449 [NetMuon4]:639449
[Run]:40364 [Site]:1 [Bin]:13751 [FullTime]:3590.17 [SkipTime]:0 [Veto1]:638.388 [Veto2]:621.177 [Veto3]:407.158 [Veto4]:407.158 [SgUp1]:173734 [SgUp2]:172769 [SgUp3]:0 [SgUp4]:0 [SgLow1]:173360 [SgLow2]:172372 [SgLow3]:0 [SgLow4]:0 [NetMuon1]:591789 [NetMuon2]:595412 [NetMuon3]:638406 [NetMuon4]:638406
[Run]:40364 [Site]:1 [Bin]:13752 [FullTime]:3590.17 [SkipTime]:0 [Veto1]:630.424 [Veto2]:623.777 [Veto3]:407.163 [Veto4]:407.163 [SgUp1]:174974 [SgUp2]:172759 [SgUp3]:0 [SgUp4]:0 [SgLow1]:174577 [SgLow2]:172380 [SgLow3]:0 [SgLow4]:0 [NetMuon1]:594089 [NetMuon2]:595277 [NetMuon3]:638809 [NetMuon4]:638809
[Run]:40364 [Site]:1 [Bin]:13753 [FullTime]:3590.17 [SkipTime]:0 [Veto1]:624.276 [Veto2]:602.788 [Veto3]:406.988 [Veto4]:406.988 [SgUp1]:175861 [SgUp2]:173514 [SgUp3]:0 [SgUp4]:0 [SgLow1]:175382 [SgLow2]:173093 [SgLow3]:0 [SgLow4]:0 [NetMuon1]:594813 [NetMuon2]:599386 [NetMuon3]:638605 [NetMuon4]:638605
[Run]:40364 [Site]:1 [Bin]:13754 [FullTime]:3590.17 [SkipTime]:0 [Veto1]:620.178 [Veto2]:640.65 [Veto3]:406.973 [Veto4]:406.973 [SgUp1]:175567 [SgUp2]:171616 [SgUp3]:0 [SgUp4]:0 [SgLow1]:175187 [SgLow2]:171249 [SgLow3]:0 [SgLow4]:0 [NetMuon1]:595667 [NetMuon2]:591048 [NetMuon3]:638107 [NetMuon4]:638107
[Run]:40364 [Site]:1 [Bin]:13755 [FullTime]:3590.17 [SkipTime]:0 [Veto1]:630.664 [Veto2]:630.889 [Veto3]:407.225 [Veto4]:407.225 [SgUp1]:174689 [SgUp2]:171548 [SgUp3]:0 [SgUp4]:0 [SgLow1]:174311 [SgLow2]:171145 [SgLow3]:0 [SgLow4]:0 [NetMuon1]:593780 [NetMuon2]:593745 [NetMuon3]:638582 [NetMuon4]:638582
[Run]:40364 [Site]:1 [Bin]:13756 [FullTime]:3590.17 [SkipTime]:0 [Veto1]:606.453 [Veto2]:636.766 [Veto3]:407.717 [Veto4]:407.717 [SgUp1]:176074 [SgUp2]:171308 [SgUp3]:0 [SgUp4]:0 [SgLow1]:175706 [SgLow2]:170923 [SgLow3]:0 [SgLow4]:0 [NetMuon1]:599413 [NetMuon2]:593259 [NetMuon3]:639343 [NetMuon4]:639343
[Run]:40364 [Site]:1 [Bin]:13757 [FullTime]:3590.17 [SkipTime]:0 [Veto1]:616.565 [Veto2]:631.593 [Veto3]:406.958 [Veto4]:406.958 [SgUp1]:176028 [SgUp2]:171556 [SgUp3]:0 [SgUp4]:0 [SgLow1]:175665 [SgLow2]:171172 [SgLow3]:0 [SgLow4]:0 [NetMuon1]:596429 [NetMuon2]:593163 [NetMuon3]:638216 [NetMuon4]:638216
[Run]:40364 [Site]:1 [Bin]:13758 [FullTime]:3590.17 [SkipTime]:0 [Veto1]:612.443 [Veto2]:653.035 [Veto3]:408.995 [Veto4]:408.995 [SgUp1]:175500 [SgUp2]:170334 [SgUp3]:0 [SgUp4]:0 [SgLow1]:175142 [SgLow2]:169945 [SgLow3]:0 [SgLow4]:0 [NetMuon1]:600321 [NetMuon2]:592114 [NetMuon3]:641470 [NetMuon4]:641470
[Run]:40364 [Site]:1 [Bin]:13759 [FullTime]:3590.17 [SkipTime]:0 [Veto1]:605.559 [Veto2]:631.204 [Veto3]:407.642 [Veto4]:407.642 [SgUp1]:175708 [SgUp2]:171665 [SgUp3]:0 [SgUp4]:0 [SgLow1]:175321 [SgLow2]:171306 [SgLow3]:0 [SgLow4]:0 [NetMuon1]:599648 [NetMuon2]:594384 [NetMuon3]:639248 [NetMuon4]:639248
[Run]:40364 [Site]:1 [Bin]:13760 [FullTime]:3590.17 [SkipTime]:0 [Veto1]:621.338 [Veto2]:638.351 [Veto3]:408.207 [Veto4]:408.207 [SgUp1]:175395 [SgUp2]:170875 [SgUp3]:0 [SgUp4]:0 [SgLow1]:174972 [SgLow2]:170510 [SgLow3]:0 [SgLow4]:0 [NetMuon1]:597185 [NetMuon2]:594057 [NetMuon3]:640174 [NetMuon4]:640174
[Run]:40364 [Site]:1 [Bin]:13761 [FullTime]:3590.17 [SkipTime]:0 [Veto1]:590.61 [Veto2]:655.465 [Veto3]:407.243 [Veto4]:407.243 [SgUp1]:176750 [SgUp2]:170427 [SgUp3]:0 [SgUp4]:0 [SgLow1]:176354 [SgLow2]:170027 [SgLow3]:0 [SgLow4]:0 [NetMuon1]:601585 [NetMuon2]:589358 [NetMuon3]:638698 [NetMuon4]:638698
[Run]:40364 [Site]:1 [Bin]:13762 [FullTime]:3590.17 [SkipTime]:0 [Veto1]:635.963 [Veto2]:632.734 [Veto3]:407.182 [Veto4]:407.182 [SgUp1]:173972 [SgUp2]:171912 [SgUp3]:0 [SgUp4]:0 [SgLow1]:173595 [SgLow2]:171564 [SgLow3]:0 [SgLow4]:0 [NetMuon1]:593240 [NetMuon2]:593587 [NetMuon3]:638751 [NetMuon4]:638751
[Run]:40364 [Site]:1 [Bin]:13763 [FullTime]:3590.17 [SkipTime]:0 [Veto1]:617.745 [Veto2]:617.525 [Veto3]:408.106 [Veto4]:408.106 [SgUp1]:174989 [SgUp2]:172173 [SgUp3]:0 [SgUp4]:0 [SgLow1]:174640 [SgLow2]:171770 [SgLow3]:0 [SgLow4]:0 [NetMuon1]:597261 [NetMuon2]:597652 [NetMuon3]:639911 [NetMuon4]:639911
[Run]:40364 [Site]:1 [Bin]:13764 [FullTime]:3590.17 [SkipTime]:0 [Veto1]:629.523 [Veto2]:643.484 [Veto3]:408.222 [Veto4]:408.222 [SgUp1]:174301 [SgUp2]:171617 [SgUp3]:0 [SgUp4]:0 [SgLow1]:173954 [SgLow2]:171238 [SgLow3]:0 [SgLow4]:0 [NetMuon1]:595624 [NetMuon2]:593029 [NetMuon3]:640324 [NetMuon4]:640324
[Run]:40364 [Site]:1 [Bin]:13765 [FullTime]:3590.17 [SkipTime]:0 [Veto1]:633.309 [Veto2]:625.328 [Veto3]:407.257 [Veto4]:407.257 [SgUp1]:173667 [SgUp2]:172805 [SgUp3]:0 [SgUp4]:0 [SgLow1]:173316 [SgLow2]:172438 [SgLow3]:0 [SgLow4]:0 [NetMuon1]:593527 [NetMuon2]:594724 [NetMuon3]:638491 [NetMuon4]:638491
[Run]:40364 [Site]:1 [Bin]:13766 [FullTime]:3590.17 [SkipTime]:0 [Veto1]:609.965 [Veto2]:639.568 [Veto3]:408.08 [Veto4]:408.08 [SgUp1]:175234 [SgUp2]:171171 [SgUp3]:0 [SgUp4]:0 [SgLow1]:174894 [SgLow2]:170784 [SgLow3]:0 [SgLow4]:0 [NetMuon1]:599610 [NetMuon2]:593511 [NetMuon3]:639896 [NetMuon4]:639896
[Run]:40364 [Site]:1 [Bin]:13767 [FullTime]:3590.17 [SkipTime]:0 [Veto1]:625.513 [Veto2]:656.913 [Veto3]:407.348 [Veto4]:407.348 [SgUp1]:174295 [SgUp2]:169361 [SgUp3]:0 [SgUp4]:0 [SgLow1]:173923 [SgLow2]:169005 [SgLow3]:0 [SgLow4]:0 [NetMuon1]:595069 [NetMuon2]:589265 [NetMuon3]:639025 [NetMuon4]:639025
[Run]:40364 [Site]:1 [Bin]:13768 [FullTime]:3590.17 [SkipTime]:0 [Veto1]:623.394 [Veto2]:626.559 [Veto3]:407.755 [Veto4]:407.755 [SgUp1]:174692 [SgUp2]:171738 [SgUp3]:0 [SgUp4]:0 [SgLow1]:174331 [SgLow2]:171379 [SgLow3]:0 [SgLow4]:0 [NetMuon1]:596056 [NetMuon2]:595372 [NetMuon3]:639346 [NetMuon4]:639346
[Run]:40364 [Site]:1 [Bin]:13769 [FullTime]:3590.17 [SkipTime]:0 [Veto1]:605.499 [Veto2]:635.075 [Veto3]:407.591 [Veto4]:407.591 [SgUp1]:175901 [SgUp2]:170741 [SgUp3]:0 [SgUp4]:0 [SgLow1]:175517 [SgLow2]:170361 [SgLow3]:0 [SgLow4]:0 [NetMuon1]:599134 [NetMuon2]:593514 [NetMuon3]:639113 [NetMuon4]:639113
[Run]:40364 [Site]:1 [Bin]:13770 [FullTime]:3590.17 [SkipTime]:0 [Veto1]:636.18 [Veto2]:638.399 [Veto3]:408.69 [Veto4]:408.69 [SgUp1]:174015 [SgUp2]:169946 [SgUp3]:0 [SgUp4]:0 [SgLow1]:173671 [SgLow2]:169567 [SgLow3]:0 [SgLow4]:0 [NetMuon1]:594658 [NetMuon2]:594578 [NetMuon3]:640594 [NetMuon4]:640594
[Run]:40364 [Site]:1 [Bin]:13771 [FullTime]:3590.17 [SkipTime]:0 [Veto1]:620.045 [Veto2]:636.439 [Veto3]:407.74 [Veto4]:407.74 [SgUp1]:174458 [SgUp2]:170751 [SgUp3]:0 [SgUp4]:0 [SgLow1]:174062 [SgLow2]:170363 [SgLow3]:0 [SgLow4]:0 [NetMuon1]:596860 [NetMuon2]:593925 [NetMuon3]:639585 [NetMuon4]:639585
[Run]:40364 [Site]:1 [Bin]:13772 [FullTime]:3590.17 [SkipTime]:0 [Veto1]:605.184 [Veto2]:623.546 [Veto3]:407.137 [Veto4]:407.137 [SgUp1]:175709 [SgUp2]:171093 [SgUp3]:0 [SgUp4]:0 [SgLow1]:175316 [SgLow2]:170744 [SgLow3]:0 [SgLow4]:0 [NetMuon1]:598447 [NetMuon2]:595230 [NetMuon3]:638364 [NetMuon4]:638364
[Run]:40364 [Site]:1 [Bin]:13773 [FullTime]:3590.17 [SkipTime]:0 [Veto1]:604.616 [Veto2]:661.624 [Veto3]:407.871 [Veto4]:407.871 [SgUp1]:175846 [SgUp2]:169049 [SgUp3]:0 [SgUp4]:0 [SgLow1]:175403 [SgLow2]:168707 [SgLow3]:0 [SgLow4]:0 [NetMuon1]:599962 [NetMuon2]:588361 [NetMuon3]:639579 [NetMuon4]:639579
[Run]:40364 [Site]:1 [Bin]:13774 [FullTime]:3590.17 [SkipTime]:0 [Veto1]:634.89 [Veto2]:641.993 [Veto3]:407.688 [Veto4]:407.688 [SgUp1]:174332 [SgUp2]:170328 [SgUp3]:0 [SgUp4]:0 [SgLow1]:173877 [SgLow2]:169957 [SgLow3]:0 [SgLow4]:0 [NetMuon1]:594045 [NetMuon2]:592150 [NetMuon3]:639388 [NetMuon4]:639388
[Run]:40364 [Site]:1 [Bin]:13775 [FullTime]:3590.17 [SkipTime]:0 [Veto1]:588.513 [Veto2]:648.565 [Veto3]:407.272 [Veto4]:407.272 [SgUp1]:176463 [SgUp2]:170775 [SgUp3]:0 [SgUp4]:0 [SgLow1]:176075 [SgLow2]:170373 [SgLow3]:0 [SgLow4]:0 [NetMuon1]:602522 [NetMuon2]:590567 [NetMuon3]:638883 [NetMuon4]:638883
[Run]:40364 [Site]:1 [Bin]:13776 [FullTime]:3590.17 [SkipTime]:0 [Veto1]:603.893 [Veto2]:632.038 [Veto3]:407.685 [Veto4]:407.685 [SgUp1]:175807 [SgUp2]:171582 [SgUp3]:0 [SgUp4]:0 [SgLow1]:175412 [SgLow2]:171243 [SgLow3]:0 [SgLow4]:0 [NetMuon1]:600114 [NetMuon2]:594298 [NetMuon3]:639366 [NetMuon4]:639366
[Run]:40364 [Site]:1 [Bin]:13777 [FullTime]:3590.17 [SkipTime]:0 [Veto1]:616.917 [Veto2]:654.954 [Veto3]:406.602 [Veto4]:406.602 [SgUp1]:175215 [SgUp2]:170326 [SgUp3]:0 [SgUp4]:0 [SgLow1]:174861 [SgLow2]:169976 [SgLow3]:0 [SgLow4]:0 [NetMuon1]:595524 [NetMuon2]:588090 [NetMuon3]:637681 [NetMuon4]:637681
[Run]:40364 [Site]:1 [Bin]:13778 [FullTime]:3590.17 [SkipTime]:0 [Veto1]:627.769 [Veto2]:637.55 [Veto3]:408.371 [Veto4]:408.371 [SgUp1]:174245 [SgUp2]:171223 [SgUp3]:0 [SgUp4]:0 [SgLow1]:173862 [SgLow2]:170927 [SgLow3]:0 [SgLow4]:0 [NetMuon1]:596460 [NetMuon2]:594327 [NetMuon3]:640447 [NetMuon4]:640447
[Run]:40364 [Site]:1 [Bin]:13779 [FullTime]:3590.17 [SkipTime]:0 [Veto1]:622.904 [Veto2]:636.083 [Veto3]:407.118 [Veto4]:407.118 [SgUp1]:174656 [SgUp2]:171710 [SgUp3]:0 [SgUp4]:0 [SgLow1]:174245 [SgLow2]:171335 [SgLow3]:0 [SgLow4]:0 [NetMuon1]:595078 [NetMuon2]:592262 [NetMuon3]:638331 [NetMuon4]:638331
[Run]:40364 [Site]:1 [Bin]:13780 [FullTime]:3590.17 [SkipTime]:0 [Veto1]:634.117 [Veto2]:619.791 [Veto3]:407.034 [Veto4]:407.034 [SgUp1]:173782 [SgUp2]:172061 [SgUp3]:0 [SgUp4]:0 [SgLow1]:173396 [SgLow2]:171685 [SgLow3]:0 [SgLow4]:0 [NetMuon1]:592596 [NetMuon2]:595786 [NetMuon3]:638230 [NetMuon4]:638230
[Run]:40364 [Site]:1 [Bin]:13781 [FullTime]:3590.17 [SkipTime]:0 [Veto1]:622.876 [Veto2]:649.486 [Veto3]:407.624 [Veto4]:407.624 [SgUp1]:173914 [SgUp2]:171055 [SgUp3]:0 [SgUp4]:0 [SgLow1]:173483 [SgLow2]:170645 [SgLow3]:0 [SgLow4]:0 [NetMuon1]:595752 [NetMuon2]:590210 [NetMuon3]:638976 [NetMuon4]:638976
[Run]:40364 [Site]:1 [Bin]:13782 [FullTime]:3590.17 [SkipTime]:0 [Veto1]:608.959 [Veto2]:616.806 [Veto3]:408.242 [Veto4]:408.242 [SgUp1]:175156 [SgUp2]:172402 [SgUp3]:0 [SgUp4]:0 [SgLow1]:174785 [SgLow2]:172038 [SgLow3]:0 [SgLow4]:0 [NetMuon1]:599818 [NetMuon2]:598008 [NetMuon3]:640006 [NetMuon4]:640006
[Run]:40364 [Site]:1 [Bin]:13783 [FullTime]:3590.17 [SkipTime]:0 [Veto1]:620.89 [Veto2]:639.581 [Veto3]:408.727 [Veto4]:408.727 [SgUp1]:174093 [SgUp2]:171490 [SgUp3]:0 [SgUp4]:0 [SgLow1]:173760 [SgLow2]:171115 [SgLow3]:0 [SgLow4]:0 [NetMuon1]:598054 [NetMuon2]:594407 [NetMuon3]:640773 [NetMuon4]:640773
[Run]:40364 [Site]:1 [Bin]:13784 [FullTime]:3590.17 [SkipTime]:0 [Veto1]:617.453 [Veto2]:659.467 [Veto3]:407.468 [Veto4]:407.468 [SgUp1]:174468 [SgUp2]:169818 [SgUp3]:0 [SgUp4]:0 [SgLow1]:174063 [SgLow2]:169497 [SgLow3]:0 [SgLow4]:0 [NetMuon1]:596791 [NetMuon2]:588169 [NetMuon3]:638911 [NetMuon4]:638911
[Run]:40364 [Site]:1 [Bin]:13785 [FullTime]:3590.17 [SkipTime]:0 [Veto1]:636.22 [Veto2]:625.655 [Veto3]:408.308 [Veto4]:408.308 [SgUp1]:173501 [SgUp2]:172558 [SgUp3]:0 [SgUp4]:0 [SgLow1]:173170 [SgLow2]:172178 [SgLow3]:0 [SgLow4]:0 [NetMuon1]:594523 [NetMuon2]:596135 [NetMuon3]:640059 [NetMuon4]:640059
[Run]:40364 [Site]:1 [Bin]:13786 [FullTime]:3590.17 [SkipTime]:0 [Veto1]:631.435 [Veto2]:648.175 [Veto3]:407.64 [Veto4]:407.64 [SgUp1]:173886 [SgUp2]:170897 [SgUp3]:0 [SgUp4]:0 [SgLow1]:173474 [SgLow2]:170542 [SgLow3]:0 [SgLow4]:0 [NetMuon1]:593804 [NetMuon2]:591143 [NetMuon3]:639210 [NetMuon4]:639210
[Run]:40364 [Site]:1 [Bin]:13788 [FullTime]:3022.19 [SkipTime]:0 [Veto1]:516.026 [Veto2]:521.638 [Veto3]:343.118 [Veto4]:343.118 [SgUp1]:147519 [SgUp2]:144992 [SgUp3]:0 [SgUp4]:0 [SgLow1]:147214 [SgLow2]:144668 [SgLow3]:0 [SgLow4]:0 [NetMuon1]:503262 [NetMuon2]:502093 [NetMuon3]:537864 [NetMuon4]:537864
[Run]:40364 [Site]:1 [Bin]:13789 [FullTime]:3590.17 [SkipTime]:0 [Veto1]:612.452 [Veto2]:632.332 [Veto3]:407.959 [Veto4]:407.959 [SgUp1]:175051 [SgUp2]:171993 [SgUp3]:0 [SgUp4]:0 [SgLow1]:174673 [SgLow2]:171628 [SgLow3]:0 [SgLow4]:0 [NetMuon1]:598876 [NetMuon2]:594540 [NetMuon3]:639939 [NetMuon4]:639939
[Run]:40364 [Site]:1 [Bin]:13790 [FullTime]:3590.17 [SkipTime]:0 [Veto1]:618.593 [Veto2]:622.022 [Veto3]:408.428 [Veto4]:408.428 [SgUp1]:175203 [SgUp2]:171601 [SgUp3]:0 [SgUp4]:0 [SgLow1]:174825 [SgLow2]:171165 [SgLow3]:0 [SgLow4]:0 [NetMuon1]:598100 [NetMuon2]:597531 [NetMuon3]:640471 [NetMuon4]:640471
[Run]:40364 [Site]:1 [Bin]:13791 [FullTime]:3590.17 [SkipTime]:0 [Veto1]:639.145 [Veto2]:623.647 [Veto3]:407.065 [Veto4]:407.065 [SgUp1]:173933 [SgUp2]:171988 [SgUp3]:0 [SgUp4]:0 [SgLow1]:173584 [SgLow2]:171598 [SgLow3]:0 [SgLow4]:0 [NetMuon1]:592372 [NetMuon2]:595215 [NetMuon3]:638398 [NetMuon4]:638398
End process Run: 40364 ... 
[Run]:40364 [Site]:1 [Bin]:13792 [FullTime]:1368.82 [SkipTime]:0 [Veto1]:237.463 [Veto2]:244.942 [Veto3]:155.555 [Veto4]:155.555
