StreamChain add 0x5a217e0
Start to process run: 40044 ... 
[Run]:40044 [Site]:1 [Bin]:13239 [FullTime]:2746.36 [SkipTime]:0 [Veto1]:470.82 [Veto2]:481.049 [Veto3]:310.709 [Veto4]:310.709 [SgUp1]:134071 [SgUp2]:130957 [SgUp3]:0 [SgUp4]:0 [SgLow1]:133812 [SgLow2]:130700 [SgLow3]:0 [SgLow4]:0 [NetMuon1]:454982 [NetMuon2]:453516 [NetMuon3]:487211 [NetMuon4]:487211
[Run]:40044 [Site]:1 [Bin]:13240 [FullTime]:3590.17 [SkipTime]:0 [Veto1]:591.217 [Veto2]:628.051 [Veto3]:406.045 [Veto4]:406.045 [SgUp1]:175502 [SgUp2]:171331 [SgUp3]:0 [SgUp4]:0 [SgLow1]:175087 [SgLow2]:170925 [SgLow3]:0 [SgLow4]:0 [NetMuon1]:599948 [NetMuon2]:592411 [NetMuon3]:637018 [NetMuon4]:637018
[Run]:40044 [Site]:1 [Bin]:13241 [FullTime]:3590.17 [SkipTime]:0 [Veto1]:633.807 [Veto2]:627.365 [Veto3]:405.839 [Veto4]:405.839 [SgUp1]:173604 [SgUp2]:172200 [SgUp3]:0 [SgUp4]:0 [SgLow1]:173223 [SgLow2]:171828 [SgLow3]:0 [SgLow4]:0 [NetMuon1]:591349 [NetMuon2]:592279 [NetMuon3]:636532 [NetMuon4]:636532
[Run]:40044 [Site]:1 [Bin]:13242 [FullTime]:3590.17 [SkipTime]:0 [Veto1]:628.912 [Veto2]:652.582 [Veto3]:407.038 [Veto4]:407.038 [SgUp1]:174091 [SgUp2]:170304 [SgUp3]:0 [SgUp4]:0 [SgLow1]:173651 [SgLow2]:169942 [SgLow3]:0 [SgLow4]:0 [NetMuon1]:593928 [NetMuon2]:588934 [NetMuon3]:638307 [NetMuon4]:638307
[Run]:40044 [Site]:1 [Bin]:13243 [FullTime]:3590.17 [SkipTime]:0 [Veto1]:650.123 [Veto2]:624.952 [Veto3]:407.114 [Veto4]:407.114 [SgUp1]:172755 [SgUp2]:171956 [SgUp3]:0 [SgUp4]:0 [SgLow1]:172378 [SgLow2]:171540 [SgLow3]:0 [SgLow4]:0 [NetMuon1]:590028 [NetMuon2]:595054 [NetMuon3]:638650 [NetMuon4]:638650
[Run]:40044 [Site]:1 [Bin]:13244 [FullTime]:3590.17 [SkipTime]:0 [Veto1]:604.46 [Veto2]:627.782 [Veto3]:405.816 [Veto4]:405.816 [SgUp1]:176126 [SgUp2]:171658 [SgUp3]:0 [SgUp4]:0 [SgLow1]:175763 [SgLow2]:171291 [SgLow3]:0 [SgLow4]:0 [NetMuon1]:596562 [NetMuon2]:592493 [NetMuon3]:636480 [NetMuon4]:636480
[Run]:40044 [Site]:1 [Bin]:13245 [FullTime]:3590.17 [SkipTime]:0 [Veto1]:611.045 [Veto2]:626.57 [Veto3]:406.793 [Veto4]:406.793 [SgUp1]:174458 [SgUp2]:171398 [SgUp3]:0 [SgUp4]:0 [SgLow1]:174079 [SgLow2]:170996 [SgLow3]:0 [SgLow4]:0 [NetMuon1]:596637 [NetMuon2]:593542 [NetMuon3]:637811 [NetMuon4]:637811
[Run]:40044 [Site]:1 [Bin]:13246 [FullTime]:3590.17 [SkipTime]:0 [Veto1]:625.702 [Veto2]:653.288 [Veto3]:406.63 [Veto4]:406.63 [SgUp1]:174263 [SgUp2]:169631 [SgUp3]:0 [SgUp4]:0 [SgLow1]:173930 [SgLow2]:169291 [SgLow3]:0 [SgLow4]:0 [NetMuon1]:594151 [NetMuon2]:588423 [NetMuon3]:638047 [NetMuon4]:638047
[Run]:40044 [Site]:1 [Bin]:13247 [FullTime]:3590.17 [SkipTime]:0 [Veto1]:619.454 [Veto2]:633.533 [Veto3]:406.703 [Veto4]:406.703 [SgUp1]:175089 [SgUp2]:170896 [SgUp3]:0 [SgUp4]:0 [SgLow1]:174709 [SgLow2]:170533 [SgLow3]:0 [SgLow4]:0 [NetMuon1]:594875 [NetMuon2]:592222 [NetMuon3]:637680 [NetMuon4]:637680
[Run]:40044 [Site]:1 [Bin]:13248 [FullTime]:3590.17 [SkipTime]:0 [Veto1]:605.966 [Veto2]:636.397 [Veto3]:407.49 [Veto4]:407.49 [SgUp1]:174957 [SgUp2]:171843 [SgUp3]:0 [SgUp4]:0 [SgLow1]:174598 [SgLow2]:171393 [SgLow3]:0 [SgLow4]:0 [NetMuon1]:599553 [NetMuon2]:593308 [NetMuon3]:639318 [NetMuon4]:639318
[Run]:40044 [Site]:1 [Bin]:13249 [FullTime]:3590.17 [SkipTime]:0 [Veto1]:620.446 [Veto2]:629.353 [Veto3]:407.157 [Veto4]:407.157 [SgUp1]:174517 [SgUp2]:170663 [SgUp3]:0 [SgUp4]:0 [SgLow1]:174200 [SgLow2]:170270 [SgLow3]:0 [SgLow4]:0 [NetMuon1]:595709 [NetMuon2]:593742 [NetMuon3]:638573 [NetMuon4]:638573
[Run]:40044 [Site]:1 [Bin]:13250 [FullTime]:3590.17 [SkipTime]:0 [Veto1]:626.238 [Veto2]:650.066 [Veto3]:408.085 [Veto4]:408.085 [SgUp1]:173605 [SgUp2]:171341 [SgUp3]:0 [SgUp4]:0 [SgLow1]:173263 [SgLow2]:170986 [SgLow3]:0 [SgLow4]:0 [NetMuon1]:595908 [NetMuon2]:591408 [NetMuon3]:639860 [NetMuon4]:639860
[Run]:40044 [Site]:1 [Bin]:13251 [FullTime]:3590.17 [SkipTime]:0 [Veto1]:610.364 [Veto2]:615.44 [Veto3]:406.491 [Veto4]:406.491 [SgUp1]:175027 [SgUp2]:173158 [SgUp3]:0 [SgUp4]:0 [SgLow1]:174639 [SgLow2]:172753 [SgLow3]:0 [SgLow4]:0 [NetMuon1]:596807 [NetMuon2]:595649 [NetMuon3]:637565 [NetMuon4]:637565
[Run]:40044 [Site]:1 [Bin]:13252 [FullTime]:3590.17 [SkipTime]:0 [Veto1]:616.491 [Veto2]:639.412 [Veto3]:407.488 [Veto4]:407.488 [SgUp1]:174569 [SgUp2]:170319 [SgUp3]:0 [SgUp4]:0 [SgLow1]:174169 [SgLow2]:169944 [SgLow3]:0 [SgLow4]:0 [NetMuon1]:597148 [NetMuon2]:593002 [NetMuon3]:639253 [NetMuon4]:639253
[Run]:40044 [Site]:1 [Bin]:13253 [FullTime]:3590.17 [SkipTime]:0 [Veto1]:626.949 [Veto2]:632.629 [Veto3]:407.365 [Veto4]:407.365 [SgUp1]:174129 [SgUp2]:171588 [SgUp3]:0 [SgUp4]:0 [SgLow1]:173748 [SgLow2]:171219 [SgLow3]:0 [SgLow4]:0 [NetMuon1]:594831 [NetMuon2]:594031 [NetMuon3]:638996 [NetMuon4]:638996
[Run]:40044 [Site]:1 [Bin]:13254 [FullTime]:3590.17 [SkipTime]:0 [Veto1]:629.686 [Veto2]:625.93 [Veto3]:407.667 [Veto4]:407.667 [SgUp1]:173797 [SgUp2]:171623 [SgUp3]:0 [SgUp4]:0 [SgLow1]:173456 [SgLow2]:171249 [SgLow3]:0 [SgLow4]:0 [NetMuon1]:594769 [NetMuon2]:595623 [NetMuon3]:639238 [NetMuon4]:639238
[Run]:40044 [Site]:1 [Bin]:13255 [FullTime]:3590.17 [SkipTime]:0 [Veto1]:624.391 [Veto2]:652.305 [Veto3]:406.985 [Veto4]:406.985 [SgUp1]:174296 [SgUp2]:169548 [SgUp3]:0 [SgUp4]:0 [SgLow1]:173952 [SgLow2]:169215 [SgLow3]:0 [SgLow4]:0 [NetMuon1]:594742 [NetMuon2]:589317 [NetMuon3]:638582 [NetMuon4]:638582
[Run]:40044 [Site]:1 [Bin]:13256 [FullTime]:3590.17 [SkipTime]:0 [Veto1]:633.852 [Veto2]:633.895 [Veto3]:406.837 [Veto4]:406.837 [SgUp1]:174286 [SgUp2]:171061 [SgUp3]:0 [SgUp4]:0 [SgLow1]:173925 [SgLow2]:170748 [SgLow3]:0 [SgLow4]:0 [NetMuon1]:592844 [NetMuon2]:592902 [NetMuon3]:638319 [NetMuon4]:638319
[Run]:40044 [Site]:1 [Bin]:13257 [FullTime]:3590.17 [SkipTime]:0 [Veto1]:651.275 [Veto2]:637.524 [Veto3]:407.21 [Veto4]:407.21 [SgUp1]:172881 [SgUp2]:172040 [SgUp3]:0 [SgUp4]:0 [SgLow1]:172534 [SgLow2]:171661 [SgLow3]:0 [SgLow4]:0 [NetMuon1]:589643 [NetMuon2]:592275 [NetMuon3]:638476 [NetMuon4]:638476
[Run]:40044 [Site]:1 [Bin]:13258 [FullTime]:3590.17 [SkipTime]:0 [Veto1]:611.875 [Veto2]:631.094 [Veto3]:406.949 [Veto4]:406.949 [SgUp1]:174250 [SgUp2]:171218 [SgUp3]:0 [SgUp4]:0 [SgLow1]:173868 [SgLow2]:170881 [SgLow3]:0 [SgLow4]:0 [NetMuon1]:597058 [NetMuon2]:592926 [NetMuon3]:637987 [NetMuon4]:637987
[Run]:40044 [Site]:1 [Bin]:13259 [FullTime]:3590.17 [SkipTime]:0 [Veto1]:616.993 [Veto2]:601.561 [Veto3]:407.287 [Veto4]:407.287 [SgUp1]:175000 [SgUp2]:173045 [SgUp3]:0 [SgUp4]:0 [SgLow1]:174596 [SgLow2]:172679 [SgLow3]:0 [SgLow4]:0 [NetMuon1]:596593 [NetMuon2]:599668 [NetMuon3]:638611 [NetMuon4]:638611
[Run]:40044 [Site]:1 [Bin]:13260 [FullTime]:3590.17 [SkipTime]:0 [Veto1]:629.865 [Veto2]:609.551 [Veto3]:406.589 [Veto4]:406.589 [SgUp1]:174077 [SgUp2]:171714 [SgUp3]:0 [SgUp4]:0 [SgLow1]:173665 [SgLow2]:171330 [SgLow3]:0 [SgLow4]:0 [NetMuon1]:593307 [NetMuon2]:597116 [NetMuon3]:637816 [NetMuon4]:637816
[Run]:40044 [Site]:1 [Bin]:13261 [FullTime]:3590.17 [SkipTime]:0 [Veto1]:608.367 [Veto2]:648.64 [Veto3]:406.924 [Veto4]:406.924 [SgUp1]:175926 [SgUp2]:170680 [SgUp3]:0 [SgUp4]:0 [SgLow1]:175556 [SgLow2]:170341 [SgLow3]:0 [SgLow4]:0 [NetMuon1]:597460 [NetMuon2]:590242 [NetMuon3]:638348 [NetMuon4]:638348
[Run]:40044 [Site]:1 [Bin]:13262 [FullTime]:3590.17 [SkipTime]:0 [Veto1]:630.017 [Veto2]:632.257 [Veto3]:406.769 [Veto4]:406.769 [SgUp1]:174293 [SgUp2]:171863 [SgUp3]:0 [SgUp4]:0 [SgLow1]:173957 [SgLow2]:171456 [SgLow3]:0 [SgLow4]:0 [NetMuon1]:593734 [NetMuon2]:592599 [NetMuon3]:638014 [NetMuon4]:638014
[Run]:40044 [Site]:1 [Bin]:13263 [FullTime]:3590.17 [SkipTime]:0 [Veto1]:613.879 [Veto2]:633.263 [Veto3]:406.355 [Veto4]:406.355 [SgUp1]:175178 [SgUp2]:171413 [SgUp3]:0 [SgUp4]:0 [SgLow1]:174778 [SgLow2]:171032 [SgLow3]:0 [SgLow4]:0 [NetMuon1]:595956 [NetMuon2]:592085 [NetMuon3]:637522 [NetMuon4]:637522
[Run]:40044 [Site]:1 [Bin]:13264 [FullTime]:3590.17 [SkipTime]:0 [Veto1]:627.983 [Veto2]:640.469 [Veto3]:407.191 [Veto4]:407.191 [SgUp1]:174288 [SgUp2]:171152 [SgUp3]:0 [SgUp4]:0 [SgLow1]:173909 [SgLow2]:170762 [SgLow3]:0 [SgLow4]:0 [NetMuon1]:594302 [NetMuon2]:592082 [NetMuon3]:638636 [NetMuon4]:638636
[Run]:40044 [Site]:1 [Bin]:13265 [FullTime]:3590.17 [SkipTime]:0 [Veto1]:635.732 [Veto2]:621.212 [Veto3]:407.537 [Veto4]:407.537 [SgUp1]:173295 [SgUp2]:171499 [SgUp3]:0 [SgUp4]:0 [SgLow1]:172920 [SgLow2]:171107 [SgLow3]:0 [SgLow4]:0 [NetMuon1]:593581 [NetMuon2]:595825 [NetMuon3]:639134 [NetMuon4]:639134
[Run]:40044 [Site]:1 [Bin]:13266 [FullTime]:3590.17 [SkipTime]:0 [Veto1]:620.354 [Veto2]:616.519 [Veto3]:405.918 [Veto4]:405.918 [SgUp1]:175157 [SgUp2]:172875 [SgUp3]:0 [SgUp4]:0 [SgLow1]:174761 [SgLow2]:172473 [SgLow3]:0 [SgLow4]:0 [NetMuon1]:594091 [NetMuon2]:594902 [NetMuon3]:636948 [NetMuon4]:636948
[Run]:40044 [Site]:1 [Bin]:13267 [FullTime]:3590.17 [SkipTime]:0 [Veto1]:614.289 [Veto2]:636.359 [Veto3]:407.547 [Veto4]:407.547 [SgUp1]:175232 [SgUp2]:171246 [SgUp3]:0 [SgUp4]:0 [SgLow1]:174892 [SgLow2]:170850 [SgLow3]:0 [SgLow4]:0 [NetMuon1]:597576 [NetMuon2]:592986 [NetMuon3]:639104 [NetMuon4]:639104
[Run]:40044 [Site]:1 [Bin]:13268 [FullTime]:3590.17 [SkipTime]:0 [Veto1]:625.249 [Veto2]:608.171 [Veto3]:407.084 [Veto4]:407.084 [SgUp1]:175265 [SgUp2]:172660 [SgUp3]:0 [SgUp4]:0 [SgLow1]:174863 [SgLow2]:172287 [SgLow3]:0 [SgLow4]:0 [NetMuon1]:594357 [NetMuon2]:598281 [NetMuon3]:638391 [NetMuon4]:638391
[Run]:40044 [Site]:1 [Bin]:13269 [FullTime]:3590.18 [SkipTime]:0 [Veto1]:623.436 [Veto2]:641.729 [Veto3]:406.934 [Veto4]:406.934 [SgUp1]:174774 [SgUp2]:170716 [SgUp3]:0 [SgUp4]:0 [SgLow1]:174348 [SgLow2]:170341 [SgLow3]:0 [SgLow4]:0 [NetMuon1]:594607 [NetMuon2]:591179 [NetMuon3]:638099 [NetMuon4]:638099
[Run]:40044 [Site]:1 [Bin]:13270 [FullTime]:3590.17 [SkipTime]:0 [Veto1]:640.961 [Veto2]:622.504 [Veto3]:406.799 [Veto4]:406.799 [SgUp1]:174778 [SgUp2]:172022 [SgUp3]:0 [SgUp4]:0 [SgLow1]:174411 [SgLow2]:171658 [SgLow3]:0 [SgLow4]:0 [NetMuon1]:591496 [NetMuon2]:595204 [NetMuon3]:638489 [NetMuon4]:638489
[Run]:40044 [Site]:1 [Bin]:13271 [FullTime]:3590.17 [SkipTime]:0 [Veto1]:619.453 [Veto2]:613.673 [Veto3]:406.841 [Veto4]:406.841 [SgUp1]:175647 [SgUp2]:172823 [SgUp3]:0 [SgUp4]:0 [SgLow1]:175250 [SgLow2]:172461 [SgLow3]:0 [SgLow4]:0 [NetMuon1]:594834 [NetMuon2]:596758 [NetMuon3]:638096 [NetMuon4]:638096
[Run]:40044 [Site]:1 [Bin]:13272 [FullTime]:3590.17 [SkipTime]:0 [Veto1]:622.605 [Veto2]:635.566 [Veto3]:406.517 [Veto4]:406.517 [SgUp1]:174482 [SgUp2]:171020 [SgUp3]:0 [SgUp4]:0 [SgLow1]:174128 [SgLow2]:170640 [SgLow3]:0 [SgLow4]:0 [NetMuon1]:594642 [NetMuon2]:591844 [NetMuon3]:637667 [NetMuon4]:637667
[Run]:40044 [Site]:1 [Bin]:13273 [FullTime]:3590.17 [SkipTime]:0 [Veto1]:613.933 [Veto2]:634.557 [Veto3]:406.981 [Veto4]:406.981 [SgUp1]:175620 [SgUp2]:171245 [SgUp3]:0 [SgUp4]:0 [SgLow1]:175198 [SgLow2]:170871 [SgLow3]:0 [SgLow4]:0 [NetMuon1]:596531 [NetMuon2]:591973 [NetMuon3]:638076 [NetMuon4]:638076
[Run]:40044 [Site]:1 [Bin]:13274 [FullTime]:3590.17 [SkipTime]:0 [Veto1]:622.577 [Veto2]:648.869 [Veto3]:408.167 [Veto4]:408.167 [SgUp1]:174531 [SgUp2]:170951 [SgUp3]:0 [SgUp4]:0 [SgLow1]:174126 [SgLow2]:170583 [SgLow3]:0 [SgLow4]:0 [NetMuon1]:596589 [NetMuon2]:592270 [NetMuon3]:640103 [NetMuon4]:640103
[Run]:40044 [Site]:1 [Bin]:13275 [FullTime]:3590.17 [SkipTime]:0 [Veto1]:618.607 [Veto2]:625.453 [Veto3]:407.858 [Veto4]:407.858 [SgUp1]:175109 [SgUp2]:171553 [SgUp3]:0 [SgUp4]:0 [SgLow1]:174748 [SgLow2]:171170 [SgLow3]:0 [SgLow4]:0 [NetMuon1]:596621 [NetMuon2]:595627 [NetMuon3]:639508 [NetMuon4]:639508
[Run]:40044 [Site]:1 [Bin]:13276 [FullTime]:3590.17 [SkipTime]:0 [Veto1]:626.49 [Veto2]:640.483 [Veto3]:407.486 [Veto4]:407.486 [SgUp1]:174505 [SgUp2]:170539 [SgUp3]:0 [SgUp4]:0 [SgLow1]:174120 [SgLow2]:170185 [SgLow3]:0 [SgLow4]:0 [NetMuon1]:594974 [NetMuon2]:591988 [NetMuon3]:639012 [NetMuon4]:639012
[Run]:40044 [Site]:1 [Bin]:13277 [FullTime]:3590.17 [SkipTime]:0 [Veto1]:607.126 [Veto2]:620.638 [Veto3]:406.503 [Veto4]:406.503 [SgUp1]:176095 [SgUp2]:171843 [SgUp3]:0 [SgUp4]:0 [SgLow1]:175729 [SgLow2]:171480 [SgLow3]:0 [SgLow4]:0 [NetMuon1]:597723 [NetMuon2]:594866 [NetMuon3]:637698 [NetMuon4]:637698
[Run]:40044 [Site]:1 [Bin]:13278 [FullTime]:3590.17 [SkipTime]:0 [Veto1]:616.178 [Veto2]:681.203 [Veto3]:407.699 [Veto4]:407.699 [SgUp1]:174962 [SgUp2]:168727 [SgUp3]:0 [SgUp4]:0 [SgLow1]:174627 [SgLow2]:168359 [SgLow3]:0 [SgLow4]:0 [NetMuon1]:597382 [NetMuon2]:584353 [NetMuon3]:639354 [NetMuon4]:639354
[Run]:40044 [Site]:1 [Bin]:13279 [FullTime]:3590.17 [SkipTime]:0 [Veto1]:611.864 [Veto2]:640.925 [Veto3]:407.755 [Veto4]:407.755 [SgUp1]:175264 [SgUp2]:171332 [SgUp3]:0 [SgUp4]:0 [SgLow1]:174924 [SgLow2]:170961 [SgLow3]:0 [SgLow4]:0 [NetMuon1]:598567 [NetMuon2]:592686 [NetMuon3]:639478 [NetMuon4]:639478
[Run]:40044 [Site]:1 [Bin]:13280 [FullTime]:3590.17 [SkipTime]:0 [Veto1]:618.931 [Veto2]:631.912 [Veto3]:406.542 [Veto4]:406.542 [SgUp1]:174200 [SgUp2]:171218 [SgUp3]:0 [SgUp4]:0 [SgLow1]:173776 [SgLow2]:170792 [SgLow3]:0 [SgLow4]:0 [NetMuon1]:594648 [NetMuon2]:592316 [NetMuon3]:637396 [NetMuon4]:637396
[Run]:40044 [Site]:1 [Bin]:13281 [FullTime]:3590.17 [SkipTime]:0 [Veto1]:602.661 [Veto2]:644.244 [Veto3]:408.186 [Veto4]:408.186 [SgUp1]:175196 [SgUp2]:171046 [SgUp3]:0 [SgUp4]:0 [SgLow1]:174826 [SgLow2]:170698 [SgLow3]:0 [SgLow4]:0 [NetMuon1]:600834 [NetMuon2]:592751 [NetMuon3]:640069 [NetMuon4]:640069
[Run]:40044 [Site]:1 [Bin]:13282 [FullTime]:3590.17 [SkipTime]:0 [Veto1]:618.103 [Veto2]:622.236 [Veto3]:407.246 [Veto4]:407.246 [SgUp1]:174106 [SgUp2]:171516 [SgUp3]:0 [SgUp4]:0 [SgLow1]:173710 [SgLow2]:171179 [SgLow3]:0 [SgLow4]:0 [NetMuon1]:596931 [NetMuon2]:595831 [NetMuon3]:639020 [NetMuon4]:639020
[Run]:40044 [Site]:1 [Bin]:13283 [FullTime]:3590.17 [SkipTime]:0 [Veto1]:609.151 [Veto2]:618.439 [Veto3]:407.597 [Veto4]:407.597 [SgUp1]:175249 [SgUp2]:172074 [SgUp3]:0 [SgUp4]:0 [SgLow1]:174812 [SgLow2]:171698 [SgLow3]:0 [SgLow4]:0 [NetMuon1]:598634 [NetMuon2]:596691 [NetMuon3]:639101 [NetMuon4]:639101
[Run]:40044 [Site]:1 [Bin]:13284 [FullTime]:3590.17 [SkipTime]:0 [Veto1]:591.414 [Veto2]:628.227 [Veto3]:406.483 [Veto4]:406.483 [SgUp1]:176033 [SgUp2]:170391 [SgUp3]:0 [SgUp4]:0 [SgLow1]:175654 [SgLow2]:170040 [SgLow3]:0 [SgLow4]:0 [NetMuon1]:600202 [NetMuon2]:592970 [NetMuon3]:637420 [NetMuon4]:637420
[Run]:40044 [Site]:1 [Bin]:13285 [FullTime]:3590.17 [SkipTime]:0 [Veto1]:598.521 [Veto2]:641.139 [Veto3]:407.317 [Veto4]:407.317 [SgUp1]:175620 [SgUp2]:171309 [SgUp3]:0 [SgUp4]:0 [SgLow1]:175257 [SgLow2]:170983 [SgLow3]:0 [SgLow4]:0 [NetMuon1]:600255 [NetMuon2]:591451 [NetMuon3]:638661 [NetMuon4]:638661
[Run]:40044 [Site]:1 [Bin]:13286 [FullTime]:3590.17 [SkipTime]:0 [Veto1]:627.605 [Veto2]:645.597 [Veto3]:407.551 [Veto4]:407.551 [SgUp1]:173634 [SgUp2]:170508 [SgUp3]:0 [SgUp4]:0 [SgLow1]:173259 [SgLow2]:170122 [SgLow3]:0 [SgLow4]:0 [NetMuon1]:595149 [NetMuon2]:591594 [NetMuon3]:639294 [NetMuon4]:639294
End process Run: 40044 ... 
[Run]:40044 [Site]:1 [Bin]:13287 [FullTime]:1103.74 [SkipTime]:0 [Veto1]:194.091 [Veto2]:196.811 [Veto3]:125.372 [Veto4]:125.372
