StreamChain add 0x155747e0
Start to process run: 40246 ... 
[Run]:40246 [Site]:1 [Bin]:13459 [FullTime]:2174.37 [SkipTime]:0 [Veto1]:376.683 [Veto2]:379.924 [Veto3]:245.898 [Veto4]:245.898 [SgUp1]:105684 [SgUp2]:103595 [SgUp3]:0 [SgUp4]:0 [SgLow1]:105432 [SgLow2]:103362 [SgLow3]:0 [SgLow4]:0 [NetMuon1]:359462 [NetMuon2]:358674 [NetMuon3]:385702 [NetMuon4]:385702
[Run]:40246 [Site]:1 [Bin]:13460 [FullTime]:3590.17 [SkipTime]:0 [Veto1]:615.476 [Veto2]:614.467 [Veto3]:405.899 [Veto4]:405.899 [SgUp1]:174281 [SgUp2]:172088 [SgUp3]:0 [SgUp4]:0 [SgLow1]:173851 [SgLow2]:171741 [SgLow3]:0 [SgLow4]:0 [NetMuon1]:594514 [NetMuon2]:594715 [NetMuon3]:636429 [NetMuon4]:636429
[Run]:40246 [Site]:1 [Bin]:13461 [FullTime]:3590.17 [SkipTime]:0 [Veto1]:634.484 [Veto2]:632.789 [Veto3]:406.634 [Veto4]:406.634 [SgUp1]:173909 [SgUp2]:171515 [SgUp3]:0 [SgUp4]:0 [SgLow1]:173588 [SgLow2]:171151 [SgLow3]:0 [SgLow4]:0 [NetMuon1]:592398 [NetMuon2]:592679 [NetMuon3]:637904 [NetMuon4]:637904
[Run]:40246 [Site]:1 [Bin]:13462 [FullTime]:3590.17 [SkipTime]:0 [Veto1]:633.523 [Veto2]:637.447 [Veto3]:406.691 [Veto4]:406.691 [SgUp1]:173659 [SgUp2]:170522 [SgUp3]:0 [SgUp4]:0 [SgLow1]:173284 [SgLow2]:170109 [SgLow3]:0 [SgLow4]:0 [NetMuon1]:592178 [NetMuon2]:591221 [NetMuon3]:637700 [NetMuon4]:637700
[Run]:40246 [Site]:1 [Bin]:13463 [FullTime]:3590.17 [SkipTime]:0 [Veto1]:614.152 [Veto2]:651.849 [Veto3]:407.027 [Veto4]:407.027 [SgUp1]:174994 [SgUp2]:169966 [SgUp3]:0 [SgUp4]:0 [SgLow1]:174599 [SgLow2]:169559 [SgLow3]:0 [SgLow4]:0 [NetMuon1]:596818 [NetMuon2]:589428 [NetMuon3]:638476 [NetMuon4]:638476
[Run]:40246 [Site]:1 [Bin]:13464 [FullTime]:3590.17 [SkipTime]:0 [Veto1]:633.203 [Veto2]:631.437 [Veto3]:406.859 [Veto4]:406.859 [SgUp1]:173963 [SgUp2]:171571 [SgUp3]:0 [SgUp4]:0 [SgLow1]:173525 [SgLow2]:171224 [SgLow3]:0 [SgLow4]:0 [NetMuon1]:592816 [NetMuon2]:593295 [NetMuon3]:638299 [NetMuon4]:638299
[Run]:40246 [Site]:1 [Bin]:13465 [FullTime]:3590.17 [SkipTime]:0 [Veto1]:631.865 [Veto2]:650.496 [Veto3]:406.211 [Veto4]:406.211 [SgUp1]:173976 [SgUp2]:169983 [SgUp3]:0 [SgUp4]:0 [SgLow1]:173595 [SgLow2]:169621 [SgLow3]:0 [SgLow4]:0 [NetMuon1]:591737 [NetMuon2]:588050 [NetMuon3]:637042 [NetMuon4]:637042
[Run]:40246 [Site]:1 [Bin]:13466 [FullTime]:3590.17 [SkipTime]:0 [Veto1]:610.284 [Veto2]:634.41 [Veto3]:406.606 [Veto4]:406.606 [SgUp1]:175500 [SgUp2]:171803 [SgUp3]:0 [SgUp4]:0 [SgLow1]:175148 [SgLow2]:171433 [SgLow3]:0 [SgLow4]:0 [NetMuon1]:596637 [NetMuon2]:592032 [NetMuon3]:637626 [NetMuon4]:637626
[Run]:40246 [Site]:1 [Bin]:13467 [FullTime]:3590.17 [SkipTime]:0 [Veto1]:639.642 [Veto2]:630.773 [Veto3]:407.419 [Veto4]:407.419 [SgUp1]:173009 [SgUp2]:171525 [SgUp3]:0 [SgUp4]:0 [SgLow1]:172610 [SgLow2]:171157 [SgLow3]:0 [SgLow4]:0 [NetMuon1]:591890 [NetMuon2]:594040 [NetMuon3]:638887 [NetMuon4]:638887
[Run]:40246 [Site]:1 [Bin]:13468 [FullTime]:3590.17 [SkipTime]:0 [Veto1]:604.024 [Veto2]:611.101 [Veto3]:407.384 [Veto4]:407.384 [SgUp1]:174928 [SgUp2]:171724 [SgUp3]:0 [SgUp4]:0 [SgLow1]:174557 [SgLow2]:171333 [SgLow3]:0 [SgLow4]:0 [NetMuon1]:599791 [NetMuon2]:598085 [NetMuon3]:638891 [NetMuon4]:638891
[Run]:40246 [Site]:1 [Bin]:13469 [FullTime]:3590.17 [SkipTime]:0 [Veto1]:609.815 [Veto2]:651.336 [Veto3]:406.293 [Veto4]:406.293 [SgUp1]:175472 [SgUp2]:170518 [SgUp3]:0 [SgUp4]:0 [SgLow1]:175056 [SgLow2]:170096 [SgLow3]:0 [SgLow4]:0 [NetMuon1]:596245 [NetMuon2]:587729 [NetMuon3]:637204 [NetMuon4]:637204
[Run]:40246 [Site]:1 [Bin]:13470 [FullTime]:3590.17 [SkipTime]:0 [Veto1]:613.587 [Veto2]:606.228 [Veto3]:406.895 [Veto4]:406.895 [SgUp1]:174340 [SgUp2]:172535 [SgUp3]:0 [SgUp4]:0 [SgLow1]:174017 [SgLow2]:172075 [SgLow3]:0 [SgLow4]:0 [NetMuon1]:596419 [NetMuon2]:597811 [NetMuon3]:637954 [NetMuon4]:637954
[Run]:40246 [Site]:1 [Bin]:13471 [FullTime]:3590.17 [SkipTime]:0 [Veto1]:641.931 [Veto2]:638.778 [Veto3]:407.826 [Veto4]:407.826 [SgUp1]:173017 [SgUp2]:170272 [SgUp3]:0 [SgUp4]:0 [SgLow1]:172635 [SgLow2]:169923 [SgLow3]:0 [SgLow4]:0 [NetMuon1]:592497 [NetMuon2]:593178 [NetMuon3]:639673 [NetMuon4]:639673
[Run]:40246 [Site]:1 [Bin]:13472 [FullTime]:3590.17 [SkipTime]:0 [Veto1]:630.45 [Veto2]:642.614 [Veto3]:406.851 [Veto4]:406.851 [SgUp1]:173758 [SgUp2]:169546 [SgUp3]:0 [SgUp4]:0 [SgLow1]:173349 [SgLow2]:169153 [SgLow3]:0 [SgLow4]:0 [NetMuon1]:593202 [NetMuon2]:590515 [NetMuon3]:638084 [NetMuon4]:638084
[Run]:40246 [Site]:1 [Bin]:13473 [FullTime]:3590.17 [SkipTime]:0 [Veto1]:619.525 [Veto2]:641.225 [Veto3]:406.966 [Veto4]:406.966 [SgUp1]:174640 [SgUp2]:171220 [SgUp3]:0 [SgUp4]:0 [SgLow1]:174241 [SgLow2]:170854 [SgLow3]:0 [SgLow4]:0 [NetMuon1]:595482 [NetMuon2]:591732 [NetMuon3]:638409 [NetMuon4]:638409
[Run]:40246 [Site]:1 [Bin]:13474 [FullTime]:3590.17 [SkipTime]:0 [Veto1]:595.421 [Veto2]:627.999 [Veto3]:406.199 [Veto4]:406.199 [SgUp1]:175873 [SgUp2]:171759 [SgUp3]:0 [SgUp4]:0 [SgLow1]:175466 [SgLow2]:171420 [SgLow3]:0 [SgLow4]:0 [NetMuon1]:598903 [NetMuon2]:592392 [NetMuon3]:637028 [NetMuon4]:637028
[Run]:40246 [Site]:1 [Bin]:13475 [FullTime]:3590.17 [SkipTime]:0 [Veto1]:615.224 [Veto2]:639.964 [Veto3]:406.953 [Veto4]:406.953 [SgUp1]:174574 [SgUp2]:169905 [SgUp3]:0 [SgUp4]:0 [SgLow1]:174163 [SgLow2]:169502 [SgLow3]:0 [SgLow4]:0 [NetMuon1]:596364 [NetMuon2]:591646 [NetMuon3]:638293 [NetMuon4]:638293
[Run]:40246 [Site]:1 [Bin]:13476 [FullTime]:3590.17 [SkipTime]:0 [Veto1]:606.117 [Veto2]:616.037 [Veto3]:407.703 [Veto4]:407.703 [SgUp1]:175499 [SgUp2]:172181 [SgUp3]:0 [SgUp4]:0 [SgLow1]:175127 [SgLow2]:171827 [SgLow3]:0 [SgLow4]:0 [NetMuon1]:599706 [NetMuon2]:597780 [NetMuon3]:639515 [NetMuon4]:639515
[Run]:40246 [Site]:1 [Bin]:13477 [FullTime]:3590.17 [SkipTime]:0 [Veto1]:614.504 [Veto2]:656.663 [Veto3]:407.727 [Veto4]:407.727 [SgUp1]:174876 [SgUp2]:169218 [SgUp3]:0 [SgUp4]:0 [SgLow1]:174504 [SgLow2]:168875 [SgLow3]:0 [SgLow4]:0 [NetMuon1]:597740 [NetMuon2]:589521 [NetMuon3]:639473 [NetMuon4]:639473
[Run]:40246 [Site]:1 [Bin]:13478 [FullTime]:3590.17 [SkipTime]:0 [Veto1]:628.446 [Veto2]:630.691 [Veto3]:407.586 [Veto4]:407.586 [SgUp1]:174333 [SgUp2]:170323 [SgUp3]:0 [SgUp4]:0 [SgLow1]:173936 [SgLow2]:169978 [SgLow3]:0 [SgLow4]:0 [NetMuon1]:594909 [NetMuon2]:594597 [NetMuon3]:639175 [NetMuon4]:639175
[Run]:40246 [Site]:1 [Bin]:13479 [FullTime]:3590.17 [SkipTime]:0 [Veto1]:627.075 [Veto2]:613.491 [Veto3]:407.165 [Veto4]:407.165 [SgUp1]:173811 [SgUp2]:171869 [SgUp3]:0 [SgUp4]:0 [SgLow1]:173429 [SgLow2]:171511 [SgLow3]:0 [SgLow4]:0 [NetMuon1]:593957 [NetMuon2]:596652 [NetMuon3]:638311 [NetMuon4]:638311
[Run]:40246 [Site]:1 [Bin]:13480 [FullTime]:3590.17 [SkipTime]:0 [Veto1]:611.67 [Veto2]:641.963 [Veto3]:407.528 [Veto4]:407.528 [SgUp1]:175077 [SgUp2]:170491 [SgUp3]:0 [SgUp4]:0 [SgLow1]:174668 [SgLow2]:170091 [SgLow3]:0 [SgLow4]:0 [NetMuon1]:598453 [NetMuon2]:592111 [NetMuon3]:639356 [NetMuon4]:639356
[Run]:40246 [Site]:1 [Bin]:13481 [FullTime]:3590.17 [SkipTime]:0 [Veto1]:620.227 [Veto2]:657.937 [Veto3]:407.516 [Veto4]:407.516 [SgUp1]:174893 [SgUp2]:168987 [SgUp3]:0 [SgUp4]:0 [SgLow1]:174530 [SgLow2]:168619 [SgLow3]:0 [SgLow4]:0 [NetMuon1]:595789 [NetMuon2]:588285 [NetMuon3]:638665 [NetMuon4]:638665
[Run]:40246 [Site]:1 [Bin]:13482 [FullTime]:3590.17 [SkipTime]:0 [Veto1]:617.928 [Veto2]:632.657 [Veto3]:407.506 [Veto4]:407.506 [SgUp1]:174469 [SgUp2]:171893 [SgUp3]:0 [SgUp4]:0 [SgLow1]:174101 [SgLow2]:171502 [SgLow3]:0 [SgLow4]:0 [NetMuon1]:596672 [NetMuon2]:593836 [NetMuon3]:639028 [NetMuon4]:639028
[Run]:40246 [Site]:1 [Bin]:13483 [FullTime]:3590.17 [SkipTime]:0 [Veto1]:629.253 [Veto2]:617.185 [Veto3]:406.777 [Veto4]:406.777 [SgUp1]:174693 [SgUp2]:172270 [SgUp3]:0 [SgUp4]:0 [SgLow1]:174311 [SgLow2]:171856 [SgLow3]:0 [SgLow4]:0 [NetMuon1]:593281 [NetMuon2]:596089 [NetMuon3]:637995 [NetMuon4]:637995
[Run]:40246 [Site]:1 [Bin]:13484 [FullTime]:3590.17 [SkipTime]:0 [Veto1]:634.51 [Veto2]:648.809 [Veto3]:406.792 [Veto4]:406.792 [SgUp1]:173373 [SgUp2]:169549 [SgUp3]:0 [SgUp4]:0 [SgLow1]:172988 [SgLow2]:169193 [SgLow3]:0 [SgLow4]:0 [NetMuon1]:592208 [NetMuon2]:589043 [NetMuon3]:637830 [NetMuon4]:637830
[Run]:40246 [Site]:1 [Bin]:13485 [FullTime]:3590.17 [SkipTime]:0 [Veto1]:632.359 [Veto2]:625.705 [Veto3]:406.646 [Veto4]:406.646 [SgUp1]:173959 [SgUp2]:171414 [SgUp3]:0 [SgUp4]:0 [SgLow1]:173515 [SgLow2]:171045 [SgLow3]:0 [SgLow4]:0 [NetMuon1]:592524 [NetMuon2]:593844 [NetMuon3]:637887 [NetMuon4]:637887
[Run]:40246 [Site]:1 [Bin]:13486 [FullTime]:3590.17 [SkipTime]:0 [Veto1]:609.752 [Veto2]:623.071 [Veto3]:406.769 [Veto4]:406.769 [SgUp1]:175817 [SgUp2]:171728 [SgUp3]:0 [SgUp4]:0 [SgLow1]:175408 [SgLow2]:171321 [SgLow3]:0 [SgLow4]:0 [NetMuon1]:597500 [NetMuon2]:594877 [NetMuon3]:638145 [NetMuon4]:638145
[Run]:40246 [Site]:1 [Bin]:13487 [FullTime]:3590.17 [SkipTime]:0 [Veto1]:626.265 [Veto2]:611.431 [Veto3]:407.304 [Veto4]:407.304 [SgUp1]:174685 [SgUp2]:172711 [SgUp3]:0 [SgUp4]:0 [SgLow1]:174332 [SgLow2]:172293 [SgLow3]:0 [SgLow4]:0 [NetMuon1]:594977 [NetMuon2]:597945 [NetMuon3]:638944 [NetMuon4]:638944
[Run]:40246 [Site]:1 [Bin]:13488 [FullTime]:3590.17 [SkipTime]:0 [Veto1]:627.383 [Veto2]:645.654 [Veto3]:406.552 [Veto4]:406.552 [SgUp1]:173405 [SgUp2]:170278 [SgUp3]:0 [SgUp4]:0 [SgLow1]:173009 [SgLow2]:169902 [SgLow3]:0 [SgLow4]:0 [NetMuon1]:593281 [NetMuon2]:589876 [NetMuon3]:637655 [NetMuon4]:637655
[Run]:40246 [Site]:1 [Bin]:13489 [FullTime]:3590.17 [SkipTime]:0 [Veto1]:623.762 [Veto2]:630.566 [Veto3]:406.917 [Veto4]:406.917 [SgUp1]:174285 [SgUp2]:170755 [SgUp3]:0 [SgUp4]:0 [SgLow1]:173916 [SgLow2]:170412 [SgLow3]:0 [SgLow4]:0 [NetMuon1]:594552 [NetMuon2]:593591 [NetMuon3]:638048 [NetMuon4]:638048
[Run]:40246 [Site]:1 [Bin]:13490 [FullTime]:3590.17 [SkipTime]:0 [Veto1]:627.193 [Veto2]:625.914 [Veto3]:406.451 [Veto4]:406.451 [SgUp1]:173707 [SgUp2]:171513 [SgUp3]:0 [SgUp4]:0 [SgLow1]:173346 [SgLow2]:171142 [SgLow3]:0 [SgLow4]:0 [NetMuon1]:593429 [NetMuon2]:593527 [NetMuon3]:637604 [NetMuon4]:637604
[Run]:40246 [Site]:1 [Bin]:13491 [FullTime]:3590.17 [SkipTime]:0 [Veto1]:625.736 [Veto2]:644.964 [Veto3]:406.28 [Veto4]:406.28 [SgUp1]:175002 [SgUp2]:170357 [SgUp3]:0 [SgUp4]:0 [SgLow1]:174616 [SgLow2]:169960 [SgLow3]:0 [SgLow4]:0 [NetMuon1]:592844 [NetMuon2]:589327 [NetMuon3]:636962 [NetMuon4]:636962
[Run]:40246 [Site]:1 [Bin]:13492 [FullTime]:3590.17 [SkipTime]:0 [Veto1]:615.598 [Veto2]:634.831 [Veto3]:407.275 [Veto4]:407.275 [SgUp1]:174788 [SgUp2]:170839 [SgUp3]:0 [SgUp4]:0 [SgLow1]:174434 [SgLow2]:170437 [SgLow3]:0 [SgLow4]:0 [NetMuon1]:597448 [NetMuon2]:593233 [NetMuon3]:638919 [NetMuon4]:638919
[Run]:40246 [Site]:1 [Bin]:13493 [FullTime]:3590.17 [SkipTime]:0 [Veto1]:601.615 [Veto2]:620.254 [Veto3]:405.81 [Veto4]:405.81 [SgUp1]:175938 [SgUp2]:171908 [SgUp3]:0 [SgUp4]:0 [SgLow1]:175560 [SgLow2]:171561 [SgLow3]:0 [SgLow4]:0 [NetMuon1]:597189 [NetMuon2]:593680 [NetMuon3]:636748 [NetMuon4]:636748
[Run]:40246 [Site]:1 [Bin]:13494 [FullTime]:3590.17 [SkipTime]:0 [Veto1]:609.102 [Veto2]:645.708 [Veto3]:406.558 [Veto4]:406.558 [SgUp1]:174711 [SgUp2]:170101 [SgUp3]:0 [SgUp4]:0 [SgLow1]:174327 [SgLow2]:169675 [SgLow3]:0 [SgLow4]:0 [NetMuon1]:597254 [NetMuon2]:589803 [NetMuon3]:637634 [NetMuon4]:637634
[Run]:40246 [Site]:1 [Bin]:13495 [FullTime]:3590.17 [SkipTime]:0 [Veto1]:611.272 [Veto2]:656.13 [Veto3]:406.183 [Veto4]:406.183 [SgUp1]:175408 [SgUp2]:169392 [SgUp3]:0 [SgUp4]:0 [SgLow1]:175056 [SgLow2]:169045 [SgLow3]:0 [SgLow4]:0 [NetMuon1]:595756 [NetMuon2]:587354 [NetMuon3]:637086 [NetMuon4]:637086
[Run]:40246 [Site]:1 [Bin]:13496 [FullTime]:3590.17 [SkipTime]:0 [Veto1]:650.281 [Veto2]:628.654 [Veto3]:407.165 [Veto4]:407.165 [SgUp1]:173117 [SgUp2]:171057 [SgUp3]:0 [SgUp4]:0 [SgLow1]:172730 [SgLow2]:170679 [SgLow3]:0 [SgLow4]:0 [NetMuon1]:590443 [NetMuon2]:593901 [NetMuon3]:638681 [NetMuon4]:638681
[Run]:40246 [Site]:1 [Bin]:13497 [FullTime]:3590.17 [SkipTime]:0 [Veto1]:603.808 [Veto2]:629.879 [Veto3]:407.473 [Veto4]:407.473 [SgUp1]:174536 [SgUp2]:171002 [SgUp3]:0 [SgUp4]:0 [SgLow1]:174103 [SgLow2]:170617 [SgLow3]:0 [SgLow4]:0 [NetMuon1]:598698 [NetMuon2]:593847 [NetMuon3]:638622 [NetMuon4]:638622
[Run]:40246 [Site]:1 [Bin]:13498 [FullTime]:3590.17 [SkipTime]:0 [Veto1]:626.32 [Veto2]:623.087 [Veto3]:406.491 [Veto4]:406.491 [SgUp1]:174227 [SgUp2]:170880 [SgUp3]:0 [SgUp4]:0 [SgLow1]:173849 [SgLow2]:170513 [SgLow3]:0 [SgLow4]:0 [NetMuon1]:593292 [NetMuon2]:593800 [NetMuon3]:637363 [NetMuon4]:637363
[Run]:40246 [Site]:1 [Bin]:13499 [FullTime]:3590.17 [SkipTime]:0 [Veto1]:622.407 [Veto2]:645.935 [Veto3]:408.256 [Veto4]:408.256 [SgUp1]:174317 [SgUp2]:169756 [SgUp3]:0 [SgUp4]:0 [SgLow1]:173956 [SgLow2]:169402 [SgLow3]:0 [SgLow4]:0 [NetMuon1]:596800 [NetMuon2]:592104 [NetMuon3]:639920 [NetMuon4]:639920
[Run]:40246 [Site]:1 [Bin]:13500 [FullTime]:3590.17 [SkipTime]:0 [Veto1]:620.832 [Veto2]:628.13 [Veto3]:408.112 [Veto4]:408.112 [SgUp1]:174175 [SgUp2]:170904 [SgUp3]:0 [SgUp4]:0 [SgLow1]:173827 [SgLow2]:170534 [SgLow3]:0 [SgLow4]:0 [NetMuon1]:597356 [NetMuon2]:595633 [NetMuon3]:639864 [NetMuon4]:639864
[Run]:40246 [Site]:1 [Bin]:13501 [FullTime]:3590.17 [SkipTime]:0 [Veto1]:631.254 [Veto2]:655.438 [Veto3]:407.513 [Veto4]:407.513 [SgUp1]:173156 [SgUp2]:169189 [SgUp3]:0 [SgUp4]:0 [SgLow1]:172759 [SgLow2]:168827 [SgLow3]:0 [SgLow4]:0 [NetMuon1]:594079 [NetMuon2]:588996 [NetMuon3]:639094 [NetMuon4]:639094
[Run]:40246 [Site]:1 [Bin]:13502 [FullTime]:3590.17 [SkipTime]:0 [Veto1]:637.676 [Veto2]:623.161 [Veto3]:408.101 [Veto4]:408.101 [SgUp1]:173728 [SgUp2]:170811 [SgUp3]:0 [SgUp4]:0 [SgLow1]:173342 [SgLow2]:170464 [SgLow3]:0 [SgLow4]:0 [NetMuon1]:593602 [NetMuon2]:596602 [NetMuon3]:639854 [NetMuon4]:639854
[Run]:40246 [Site]:1 [Bin]:13503 [FullTime]:3590.17 [SkipTime]:0 [Veto1]:619.378 [Veto2]:606.149 [Veto3]:407.329 [Veto4]:407.329 [SgUp1]:174100 [SgUp2]:172270 [SgUp3]:0 [SgUp4]:0 [SgLow1]:173704 [SgLow2]:171927 [SgLow3]:0 [SgLow4]:0 [NetMuon1]:596282 [NetMuon2]:598746 [NetMuon3]:638806 [NetMuon4]:638806
[Run]:40246 [Site]:1 [Bin]:13504 [FullTime]:3590.17 [SkipTime]:0 [Veto1]:618.614 [Veto2]:618.944 [Veto3]:406.934 [Veto4]:406.934 [SgUp1]:174340 [SgUp2]:171756 [SgUp3]:0 [SgUp4]:0 [SgLow1]:173973 [SgLow2]:171336 [SgLow3]:0 [SgLow4]:0 [NetMuon1]:595706 [NetMuon2]:596017 [NetMuon3]:638102 [NetMuon4]:638102
[Run]:40246 [Site]:1 [Bin]:13505 [FullTime]:3590.17 [SkipTime]:0 [Veto1]:608.667 [Veto2]:629.578 [Veto3]:407.877 [Veto4]:407.877 [SgUp1]:175362 [SgUp2]:170785 [SgUp3]:0 [SgUp4]:0 [SgLow1]:174959 [SgLow2]:170388 [SgLow3]:0 [SgLow4]:0 [NetMuon1]:599156 [NetMuon2]:594576 [NetMuon3]:639497 [NetMuon4]:639497
[Run]:40246 [Site]:1 [Bin]:13506 [FullTime]:3590.17 [SkipTime]:0 [Veto1]:620.308 [Veto2]:632.869 [Veto3]:407.554 [Veto4]:407.554 [SgUp1]:174113 [SgUp2]:170626 [SgUp3]:0 [SgUp4]:0 [SgLow1]:173722 [SgLow2]:170277 [SgLow3]:0 [SgLow4]:0 [NetMuon1]:596489 [NetMuon2]:594209 [NetMuon3]:639191 [NetMuon4]:639191
[Run]:40246 [Site]:1 [Bin]:13507 [FullTime]:3590.17 [SkipTime]:0 [Veto1]:619.274 [Veto2]:639.592 [Veto3]:406.987 [Veto4]:406.987 [SgUp1]:174041 [SgUp2]:169784 [SgUp3]:0 [SgUp4]:0 [SgLow1]:173679 [SgLow2]:169450 [SgLow3]:0 [SgLow4]:0 [NetMuon1]:595668 [NetMuon2]:591757 [NetMuon3]:638113 [NetMuon4]:638113
[Run]:40246 [Site]:1 [Bin]:13508 [FullTime]:3590.17 [SkipTime]:0 [Veto1]:622.48 [Veto2]:626.974 [Veto3]:407.388 [Veto4]:407.388 [SgUp1]:174067 [SgUp2]:172065 [SgUp3]:0 [SgUp4]:0 [SgLow1]:173693 [SgLow2]:171676 [SgLow3]:0 [SgLow4]:0 [NetMuon1]:595844 [NetMuon2]:595024 [NetMuon3]:638932 [NetMuon4]:638932
[Run]:40246 [Site]:1 [Bin]:13509 [FullTime]:3590.17 [SkipTime]:0 [Veto1]:619.93 [Veto2]:629.587 [Veto3]:406.983 [Veto4]:406.983 [SgUp1]:173901 [SgUp2]:170601 [SgUp3]:0 [SgUp4]:0 [SgLow1]:173497 [SgLow2]:170243 [SgLow3]:0 [SgLow4]:0 [NetMuon1]:595522 [NetMuon2]:593741 [NetMuon3]:638300 [NetMuon4]:638300
[Run]:40246 [Site]:1 [Bin]:13510 [FullTime]:3590.17 [SkipTime]:0 [Veto1]:622.431 [Veto2]:650.857 [Veto3]:406.88 [Veto4]:406.88 [SgUp1]:173263 [SgUp2]:170643 [SgUp3]:0 [SgUp4]:0 [SgLow1]:172891 [SgLow2]:170262 [SgLow3]:0 [SgLow4]:0 [NetMuon1]:595104 [NetMuon2]:588797 [NetMuon3]:638046 [NetMuon4]:638046
[Run]:40246 [Site]:1 [Bin]:13511 [FullTime]:3590.17 [SkipTime]:0 [Veto1]:621.794 [Veto2]:633.651 [Veto3]:406.619 [Veto4]:406.619 [SgUp1]:173696 [SgUp2]:170871 [SgUp3]:0 [SgUp4]:0 [SgLow1]:173322 [SgLow2]:170498 [SgLow3]:0 [SgLow4]:0 [NetMuon1]:595198 [NetMuon2]:591908 [NetMuon3]:637782 [NetMuon4]:637782
[Run]:40246 [Site]:1 [Bin]:13512 [FullTime]:3590.17 [SkipTime]:0 [Veto1]:616.632 [Veto2]:593.435 [Veto3]:406.565 [Veto4]:406.565 [SgUp1]:174313 [SgUp2]:173261 [SgUp3]:0 [SgUp4]:0 [SgLow1]:173967 [SgLow2]:172902 [SgLow3]:0 [SgLow4]:0 [NetMuon1]:595458 [NetMuon2]:600076 [NetMuon3]:637714 [NetMuon4]:637714
[Run]:40246 [Site]:1 [Bin]:13513 [FullTime]:3590.17 [SkipTime]:0 [Veto1]:628.878 [Veto2]:627.915 [Veto3]:407.313 [Veto4]:407.313 [SgUp1]:174044 [SgUp2]:171210 [SgUp3]:0 [SgUp4]:0 [SgLow1]:173630 [SgLow2]:170895 [SgLow3]:0 [SgLow4]:0 [NetMuon1]:593964 [NetMuon2]:594613 [NetMuon3]:639001 [NetMuon4]:639001
[Run]:40246 [Site]:1 [Bin]:13514 [FullTime]:3590.17 [SkipTime]:0 [Veto1]:613.101 [Veto2]:626.795 [Veto3]:406.829 [Veto4]:406.829 [SgUp1]:174605 [SgUp2]:170960 [SgUp3]:0 [SgUp4]:0 [SgLow1]:174174 [SgLow2]:170587 [SgLow3]:0 [SgLow4]:0 [NetMuon1]:596573 [NetMuon2]:594166 [NetMuon3]:637931 [NetMuon4]:637931
[Run]:40246 [Site]:1 [Bin]:13515 [FullTime]:3590.17 [SkipTime]:0 [Veto1]:615.542 [Veto2]:644.944 [Veto3]:406.565 [Veto4]:406.565 [SgUp1]:174298 [SgUp2]:170061 [SgUp3]:0 [SgUp4]:0 [SgLow1]:173926 [SgLow2]:169742 [SgLow3]:0 [SgLow4]:0 [NetMuon1]:596121 [NetMuon2]:589557 [NetMuon3]:637809 [NetMuon4]:637809
[Run]:40246 [Site]:1 [Bin]:13516 [FullTime]:3590.17 [SkipTime]:0 [Veto1]:609.429 [Veto2]:633.577 [Veto3]:407.754 [Veto4]:407.754 [SgUp1]:175345 [SgUp2]:170479 [SgUp3]:0 [SgUp4]:0 [SgLow1]:175004 [SgLow2]:170121 [SgLow3]:0 [SgLow4]:0 [NetMuon1]:599370 [NetMuon2]:593779 [NetMuon3]:639543 [NetMuon4]:639543
[Run]:40246 [Site]:1 [Bin]:13517 [FullTime]:3590.17 [SkipTime]:0 [Veto1]:615.431 [Veto2]:633.429 [Veto3]:407.481 [Veto4]:407.481 [SgUp1]:173767 [SgUp2]:170682 [SgUp3]:0 [SgUp4]:0 [SgLow1]:173394 [SgLow2]:170365 [SgLow3]:0 [SgLow4]:0 [NetMuon1]:597476 [NetMuon2]:593743 [NetMuon3]:639129 [NetMuon4]:639129
[Run]:40246 [Site]:1 [Bin]:13518 [FullTime]:3590.17 [SkipTime]:0 [Veto1]:610.847 [Veto2]:615.868 [Veto3]:406.808 [Veto4]:406.808 [SgUp1]:174670 [SgUp2]:171982 [SgUp3]:0 [SgUp4]:0 [SgLow1]:174265 [SgLow2]:171670 [SgLow3]:0 [SgLow4]:0 [NetMuon1]:596755 [NetMuon2]:596123 [NetMuon3]:637817 [NetMuon4]:637817
[Run]:40246 [Site]:1 [Bin]:13519 [FullTime]:3590.17 [SkipTime]:0 [Veto1]:616.15 [Veto2]:635.622 [Veto3]:407.638 [Veto4]:407.638 [SgUp1]:174567 [SgUp2]:170444 [SgUp3]:0 [SgUp4]:0 [SgLow1]:174155 [SgLow2]:170088 [SgLow3]:0 [SgLow4]:0 [NetMuon1]:597560 [NetMuon2]:593325 [NetMuon3]:639148 [NetMuon4]:639148
[Run]:40246 [Site]:1 [Bin]:13520 [FullTime]:3590.17 [SkipTime]:0 [Veto1]:632.356 [Veto2]:624.48 [Veto3]:407.499 [Veto4]:407.499 [SgUp1]:173690 [SgUp2]:172005 [SgUp3]:0 [SgUp4]:0 [SgLow1]:173276 [SgLow2]:171625 [SgLow3]:0 [SgLow4]:0 [NetMuon1]:593838 [NetMuon2]:595118 [NetMuon3]:638881 [NetMuon4]:638881
[Run]:40246 [Site]:1 [Bin]:13521 [FullTime]:3590.17 [SkipTime]:0 [Veto1]:624.553 [Veto2]:642.671 [Veto3]:406.079 [Veto4]:406.079 [SgUp1]:173486 [SgUp2]:170500 [SgUp3]:0 [SgUp4]:0 [SgLow1]:173087 [SgLow2]:170093 [SgLow3]:0 [SgLow4]:0 [NetMuon1]:593022 [NetMuon2]:589555 [NetMuon3]:636817 [NetMuon4]:636817
[Run]:40246 [Site]:1 [Bin]:13522 [FullTime]:3590.17 [SkipTime]:0 [Veto1]:605.084 [Veto2]:648.543 [Veto3]:407.147 [Veto4]:407.147 [SgUp1]:174821 [SgUp2]:169786 [SgUp3]:0 [SgUp4]:0 [SgLow1]:174473 [SgLow2]:169430 [SgLow3]:0 [SgLow4]:0 [NetMuon1]:598832 [NetMuon2]:590222 [NetMuon3]:638531 [NetMuon4]:638531
[Run]:40246 [Site]:1 [Bin]:13523 [FullTime]:3590.17 [SkipTime]:0 [Veto1]:611.826 [Veto2]:638.808 [Veto3]:406.281 [Veto4]:406.281 [SgUp1]:174227 [SgUp2]:170905 [SgUp3]:0 [SgUp4]:0 [SgLow1]:173884 [SgLow2]:170573 [SgLow3]:0 [SgLow4]:0 [NetMuon1]:596280 [NetMuon2]:590702 [NetMuon3]:637203 [NetMuon4]:637203
[Run]:40246 [Site]:1 [Bin]:13524 [FullTime]:3590.17 [SkipTime]:0 [Veto1]:603.141 [Veto2]:615.93 [Veto3]:407.04 [Veto4]:407.04 [SgUp1]:175368 [SgUp2]:172315 [SgUp3]:0 [SgUp4]:0 [SgLow1]:174990 [SgLow2]:171905 [SgLow3]:0 [SgLow4]:0 [NetMuon1]:598930 [NetMuon2]:595942 [NetMuon3]:638137 [NetMuon4]:638137
[Run]:40246 [Site]:1 [Bin]:13525 [FullTime]:3590.17 [SkipTime]:0 [Veto1]:617.203 [Veto2]:605.313 [Veto3]:407.101 [Veto4]:407.101 [SgUp1]:173848 [SgUp2]:172536 [SgUp3]:0 [SgUp4]:0 [SgLow1]:173510 [SgLow2]:172163 [SgLow3]:0 [SgLow4]:0 [NetMuon1]:596306 [NetMuon2]:598687 [NetMuon3]:638458 [NetMuon4]:638458
[Run]:40246 [Site]:1 [Bin]:13526 [FullTime]:3590.17 [SkipTime]:0 [Veto1]:620.706 [Veto2]:628.33 [Veto3]:407.224 [Veto4]:407.224 [SgUp1]:174277 [SgUp2]:171446 [SgUp3]:0 [SgUp4]:0 [SgLow1]:173905 [SgLow2]:171019 [SgLow3]:0 [SgLow4]:0 [NetMuon1]:596073 [NetMuon2]:594376 [NetMuon3]:638720 [NetMuon4]:638720
End process Run: 40246 ... 
[Run]:40246 [Site]:1 [Bin]:13527 [FullTime]:2529.22 [SkipTime]:0 [Veto1]:436.616 [Veto2]:435.907 [Veto3]:287.08 [Veto4]:287.08
