StreamChain add 0x23d07e0
Start to process run: 41687 ... 
[Run]:41687 [Site]:1 [Bin]:15437 [FullTime]:1410.85 [SkipTime]:0 [Veto1]:258.201 [Veto2]:240.114 [Veto3]:159.412 [Veto4]:159.412 [SgUp1]:67642 [SgUp2]:67898 [SgUp3]:0 [SgUp4]:0 [SgLow1]:67543 [SgLow2]:67741 [SgLow3]:0 [SgLow4]:0 [NetMuon1]:230191 [NetMuon2]:234019 [NetMuon3]:250152 [NetMuon4]:250152
[Run]:41687 [Site]:1 [Bin]:15438 [FullTime]:3590.17 [SkipTime]:0 [Veto1]:641.102 [Veto2]:617.354 [Veto3]:406.145 [Veto4]:406.145 [SgUp1]:172874 [SgUp2]:171524 [SgUp3]:0 [SgUp4]:0 [SgLow1]:172505 [SgLow2]:171166 [SgLow3]:0 [SgLow4]:0 [NetMuon1]:590068 [NetMuon2]:594853 [NetMuon3]:637193 [NetMuon4]:637193
[Run]:41687 [Site]:1 [Bin]:15439 [FullTime]:3590.17 [SkipTime]:0 [Veto1]:601.296 [Veto2]:623.585 [Veto3]:405.861 [Veto4]:405.861 [SgUp1]:175764 [SgUp2]:171864 [SgUp3]:0 [SgUp4]:0 [SgLow1]:175417 [SgLow2]:171504 [SgLow3]:0 [SgLow4]:0 [NetMuon1]:597644 [NetMuon2]:593563 [NetMuon3]:636889 [NetMuon4]:636889
[Run]:41687 [Site]:1 [Bin]:15440 [FullTime]:3590.17 [SkipTime]:0 [Veto1]:618.048 [Veto2]:623.81 [Veto3]:405.823 [Veto4]:405.823 [SgUp1]:174740 [SgUp2]:171528 [SgUp3]:0 [SgUp4]:0 [SgLow1]:174393 [SgLow2]:171127 [SgLow3]:0 [SgLow4]:0 [NetMuon1]:594298 [NetMuon2]:592963 [NetMuon3]:636586 [NetMuon4]:636586
[Run]:41687 [Site]:1 [Bin]:15441 [FullTime]:3590.17 [SkipTime]:0 [Veto1]:608.78 [Veto2]:631.05 [Veto3]:405.454 [Veto4]:405.454 [SgUp1]:175496 [SgUp2]:171257 [SgUp3]:0 [SgUp4]:0 [SgLow1]:175080 [SgLow2]:170920 [SgLow3]:0 [SgLow4]:0 [NetMuon1]:595087 [NetMuon2]:590823 [NetMuon3]:635937 [NetMuon4]:635937
[Run]:41687 [Site]:1 [Bin]:15442 [FullTime]:3590.17 [SkipTime]:0 [Veto1]:616.763 [Veto2]:628.106 [Veto3]:405.674 [Veto4]:405.674 [SgUp1]:174584 [SgUp2]:171527 [SgUp3]:0 [SgUp4]:0 [SgLow1]:174313 [SgLow2]:171144 [SgLow3]:0 [SgLow4]:0 [NetMuon1]:594080 [NetMuon2]:591942 [NetMuon3]:636457 [NetMuon4]:636457
[Run]:41687 [Site]:1 [Bin]:15443 [FullTime]:3590.17 [SkipTime]:0 [Veto1]:615.084 [Veto2]:639.417 [Veto3]:405.612 [Veto4]:405.612 [SgUp1]:175093 [SgUp2]:170822 [SgUp3]:0 [SgUp4]:0 [SgLow1]:174714 [SgLow2]:170420 [SgLow3]:0 [SgLow4]:0 [NetMuon1]:594268 [NetMuon2]:589419 [NetMuon3]:636104 [NetMuon4]:636104
[Run]:41687 [Site]:1 [Bin]:15444 [FullTime]:3590.17 [SkipTime]:0 [Veto1]:633.04 [Veto2]:622.865 [Veto3]:405.968 [Veto4]:405.968 [SgUp1]:173940 [SgUp2]:171363 [SgUp3]:0 [SgUp4]:0 [SgLow1]:173551 [SgLow2]:170994 [SgLow3]:0 [SgLow4]:0 [NetMuon1]:591280 [NetMuon2]:593566 [NetMuon3]:636902 [NetMuon4]:636902
[Run]:41687 [Site]:1 [Bin]:15445 [FullTime]:3590.17 [SkipTime]:0 [Veto1]:611.914 [Veto2]:644.011 [Veto3]:405.438 [Veto4]:405.438 [SgUp1]:175105 [SgUp2]:170514 [SgUp3]:0 [SgUp4]:0 [SgLow1]:174715 [SgLow2]:170174 [SgLow3]:0 [SgLow4]:0 [NetMuon1]:594861 [NetMuon2]:588277 [NetMuon3]:636028 [NetMuon4]:636028
[Run]:41687 [Site]:1 [Bin]:15446 [FullTime]:3590.17 [SkipTime]:0 [Veto1]:610.786 [Veto2]:638.298 [Veto3]:404.872 [Veto4]:404.872 [SgUp1]:175075 [SgUp2]:171233 [SgUp3]:0 [SgUp4]:0 [SgLow1]:174665 [SgLow2]:170837 [SgLow3]:0 [SgLow4]:0 [NetMuon1]:594187 [NetMuon2]:588521 [NetMuon3]:635100 [NetMuon4]:635100
[Run]:41687 [Site]:1 [Bin]:15447 [FullTime]:3590.17 [SkipTime]:0 [Veto1]:609.281 [Veto2]:625.177 [Veto3]:405.616 [Veto4]:405.616 [SgUp1]:174786 [SgUp2]:171161 [SgUp3]:0 [SgUp4]:0 [SgLow1]:174381 [SgLow2]:170766 [SgLow3]:0 [SgLow4]:0 [NetMuon1]:595992 [NetMuon2]:592708 [NetMuon3]:636400 [NetMuon4]:636400
[Run]:41687 [Site]:1 [Bin]:15448 [FullTime]:3590.17 [SkipTime]:0 [Veto1]:629.66 [Veto2]:632.917 [Veto3]:406.374 [Veto4]:406.374 [SgUp1]:174247 [SgUp2]:171506 [SgUp3]:0 [SgUp4]:0 [SgLow1]:173858 [SgLow2]:171159 [SgLow3]:0 [SgLow4]:0 [NetMuon1]:592738 [NetMuon2]:591943 [NetMuon3]:637319 [NetMuon4]:637319
[Run]:41687 [Site]:1 [Bin]:15449 [FullTime]:3590.17 [SkipTime]:0 [Veto1]:618.855 [Veto2]:617.64 [Veto3]:405.573 [Veto4]:405.573 [SgUp1]:175139 [SgUp2]:171808 [SgUp3]:0 [SgUp4]:0 [SgLow1]:174745 [SgLow2]:171427 [SgLow3]:0 [SgLow4]:0 [NetMuon1]:593913 [NetMuon2]:593767 [NetMuon3]:636209 [NetMuon4]:636209
[Run]:41687 [Site]:1 [Bin]:15450 [FullTime]:3590.17 [SkipTime]:0 [Veto1]:620.041 [Veto2]:627.961 [Veto3]:405.355 [Veto4]:405.355 [SgUp1]:174688 [SgUp2]:171872 [SgUp3]:0 [SgUp4]:0 [SgLow1]:174355 [SgLow2]:171516 [SgLow3]:0 [SgLow4]:0 [NetMuon1]:593267 [NetMuon2]:591357 [NetMuon3]:635768 [NetMuon4]:635768
[Run]:41687 [Site]:1 [Bin]:15451 [FullTime]:3590.17 [SkipTime]:0 [Veto1]:629.471 [Veto2]:619.166 [Veto3]:405.351 [Veto4]:405.351 [SgUp1]:174960 [SgUp2]:171958 [SgUp3]:0 [SgUp4]:0 [SgLow1]:174523 [SgLow2]:171551 [SgLow3]:0 [SgLow4]:0 [NetMuon1]:591141 [NetMuon2]:592977 [NetMuon3]:635906 [NetMuon4]:635906
[Run]:41687 [Site]:1 [Bin]:15452 [FullTime]:3590.17 [SkipTime]:0 [Veto1]:626.403 [Veto2]:648.553 [Veto3]:405.827 [Veto4]:405.827 [SgUp1]:174550 [SgUp2]:169985 [SgUp3]:0 [SgUp4]:0 [SgLow1]:174187 [SgLow2]:169656 [SgLow3]:0 [SgLow4]:0 [NetMuon1]:593067 [NetMuon2]:587655 [NetMuon3]:636617 [NetMuon4]:636617
[Run]:41687 [Site]:1 [Bin]:15453 [FullTime]:3590.17 [SkipTime]:0 [Veto1]:621.384 [Veto2]:632.358 [Veto3]:405.305 [Veto4]:405.305 [SgUp1]:175272 [SgUp2]:171349 [SgUp3]:0 [SgUp4]:0 [SgLow1]:174884 [SgLow2]:170988 [SgLow3]:0 [SgLow4]:0 [NetMuon1]:593058 [NetMuon2]:590868 [NetMuon3]:635986 [NetMuon4]:635986
[Run]:41687 [Site]:1 [Bin]:15454 [FullTime]:3590.17 [SkipTime]:0 [Veto1]:609.117 [Veto2]:623.461 [Veto3]:405 [Veto4]:405 [SgUp1]:175333 [SgUp2]:172716 [SgUp3]:0 [SgUp4]:0 [SgLow1]:174995 [SgLow2]:172344 [SgLow3]:0 [SgLow4]:0 [NetMuon1]:594338 [NetMuon2]:591687 [NetMuon3]:635111 [NetMuon4]:635111
[Run]:41687 [Site]:1 [Bin]:15455 [FullTime]:3590.17 [SkipTime]:0 [Veto1]:610.631 [Veto2]:615.725 [Veto3]:405.168 [Veto4]:405.168 [SgUp1]:175405 [SgUp2]:172061 [SgUp3]:0 [SgUp4]:0 [SgLow1]:175018 [SgLow2]:171687 [SgLow3]:0 [SgLow4]:0 [NetMuon1]:594306 [NetMuon2]:593858 [NetMuon3]:635610 [NetMuon4]:635610
[Run]:41687 [Site]:1 [Bin]:15456 [FullTime]:3590.17 [SkipTime]:0 [Veto1]:638.549 [Veto2]:635.532 [Veto3]:404.446 [Veto4]:404.446 [SgUp1]:173881 [SgUp2]:170600 [SgUp3]:0 [SgUp4]:0 [SgLow1]:173489 [SgLow2]:170241 [SgLow3]:0 [SgLow4]:0 [NetMuon1]:588101 [NetMuon2]:588292 [NetMuon3]:634434 [NetMuon4]:634434
[Run]:41687 [Site]:1 [Bin]:15457 [FullTime]:3590.17 [SkipTime]:0 [Veto1]:602.123 [Veto2]:604.58 [Veto3]:404.219 [Veto4]:404.219 [SgUp1]:175332 [SgUp2]:173531 [SgUp3]:0 [SgUp4]:0 [SgLow1]:174954 [SgLow2]:173173 [SgLow3]:0 [SgLow4]:0 [NetMuon1]:594564 [NetMuon2]:594287 [NetMuon3]:634055 [NetMuon4]:634055
[Run]:41687 [Site]:1 [Bin]:15458 [FullTime]:3590.17 [SkipTime]:0 [Veto1]:613.906 [Veto2]:643.324 [Veto3]:404.862 [Veto4]:404.862 [SgUp1]:175070 [SgUp2]:170157 [SgUp3]:0 [SgUp4]:0 [SgLow1]:174709 [SgLow2]:169777 [SgLow3]:0 [SgLow4]:0 [NetMuon1]:593715 [NetMuon2]:587448 [NetMuon3]:635321 [NetMuon4]:635321
[Run]:41687 [Site]:1 [Bin]:15459 [FullTime]:3590.17 [SkipTime]:0 [Veto1]:624.975 [Veto2]:623.947 [Veto3]:405.52 [Veto4]:405.52 [SgUp1]:174042 [SgUp2]:172124 [SgUp3]:0 [SgUp4]:0 [SgLow1]:173637 [SgLow2]:171789 [SgLow3]:0 [SgLow4]:0 [NetMuon1]:592705 [NetMuon2]:592438 [NetMuon3]:636128 [NetMuon4]:636128
[Run]:41687 [Site]:1 [Bin]:15460 [FullTime]:3590.17 [SkipTime]:0 [Veto1]:632.239 [Veto2]:622.771 [Veto3]:404.783 [Veto4]:404.783 [SgUp1]:173974 [SgUp2]:171756 [SgUp3]:0 [SgUp4]:0 [SgLow1]:173582 [SgLow2]:171420 [SgLow3]:0 [SgLow4]:0 [NetMuon1]:589742 [NetMuon2]:591443 [NetMuon3]:634917 [NetMuon4]:634917
[Run]:41687 [Site]:1 [Bin]:15461 [FullTime]:3590.17 [SkipTime]:0 [Veto1]:622.486 [Veto2]:647.638 [Veto3]:405.73 [Veto4]:405.73 [SgUp1]:173839 [SgUp2]:170548 [SgUp3]:0 [SgUp4]:0 [SgLow1]:173473 [SgLow2]:170187 [SgLow3]:0 [SgLow4]:0 [NetMuon1]:593201 [NetMuon2]:588069 [NetMuon3]:636348 [NetMuon4]:636348
[Run]:41687 [Site]:1 [Bin]:15462 [FullTime]:3590.17 [SkipTime]:0 [Veto1]:607.048 [Veto2]:621.005 [Veto3]:404.573 [Veto4]:404.573 [SgUp1]:175894 [SgUp2]:171774 [SgUp3]:0 [SgUp4]:0 [SgLow1]:175518 [SgLow2]:171403 [SgLow3]:0 [SgLow4]:0 [NetMuon1]:594322 [NetMuon2]:591482 [NetMuon3]:634799 [NetMuon4]:634799
[Run]:41687 [Site]:1 [Bin]:15463 [FullTime]:3590.17 [SkipTime]:0 [Veto1]:625.096 [Veto2]:623.729 [Veto3]:405.347 [Veto4]:405.347 [SgUp1]:174925 [SgUp2]:171732 [SgUp3]:0 [SgUp4]:0 [SgLow1]:174569 [SgLow2]:171382 [SgLow3]:0 [SgLow4]:0 [NetMuon1]:592472 [NetMuon2]:592904 [NetMuon3]:636081 [NetMuon4]:636081
[Run]:41687 [Site]:1 [Bin]:15464 [FullTime]:3590.17 [SkipTime]:0 [Veto1]:617.031 [Veto2]:646.47 [Veto3]:405.105 [Veto4]:405.105 [SgUp1]:174821 [SgUp2]:170452 [SgUp3]:0 [SgUp4]:0 [SgLow1]:174432 [SgLow2]:170073 [SgLow3]:0 [SgLow4]:0 [NetMuon1]:593003 [NetMuon2]:587044 [NetMuon3]:635584 [NetMuon4]:635584
[Run]:41687 [Site]:1 [Bin]:15465 [FullTime]:3590.17 [SkipTime]:0 [Veto1]:611.194 [Veto2]:627.544 [Veto3]:405.321 [Veto4]:405.321 [SgUp1]:175804 [SgUp2]:171204 [SgUp3]:0 [SgUp4]:0 [SgLow1]:175432 [SgLow2]:170799 [SgLow3]:0 [SgLow4]:0 [NetMuon1]:594453 [NetMuon2]:591417 [NetMuon3]:635737 [NetMuon4]:635737
[Run]:41687 [Site]:1 [Bin]:15466 [FullTime]:3590.17 [SkipTime]:0 [Veto1]:619.259 [Veto2]:641.08 [Veto3]:404.936 [Veto4]:404.936 [SgUp1]:175149 [SgUp2]:170730 [SgUp3]:0 [SgUp4]:0 [SgLow1]:174823 [SgLow2]:170362 [SgLow3]:0 [SgLow4]:0 [NetMuon1]:591957 [NetMuon2]:588101 [NetMuon3]:635121 [NetMuon4]:635121
[Run]:41687 [Site]:1 [Bin]:15467 [FullTime]:3590.17 [SkipTime]:0 [Veto1]:643.05 [Veto2]:637.686 [Veto3]:405.73 [Veto4]:405.73 [SgUp1]:173260 [SgUp2]:171882 [SgUp3]:0 [SgUp4]:0 [SgLow1]:172901 [SgLow2]:171491 [SgLow3]:0 [SgLow4]:0 [NetMuon1]:588983 [NetMuon2]:590345 [NetMuon3]:636731 [NetMuon4]:636731
[Run]:41687 [Site]:1 [Bin]:15468 [FullTime]:3590.17 [SkipTime]:0 [Veto1]:620.9 [Veto2]:623.197 [Veto3]:405.885 [Veto4]:405.885 [SgUp1]:173958 [SgUp2]:170990 [SgUp3]:0 [SgUp4]:0 [SgLow1]:173582 [SgLow2]:170584 [SgLow3]:0 [SgLow4]:0 [NetMuon1]:593558 [NetMuon2]:593112 [NetMuon3]:636678 [NetMuon4]:636678
[Run]:41687 [Site]:1 [Bin]:15469 [FullTime]:3590.17 [SkipTime]:0 [Veto1]:624.503 [Veto2]:644.403 [Veto3]:405.861 [Veto4]:405.861 [SgUp1]:174361 [SgUp2]:170507 [SgUp3]:0 [SgUp4]:0 [SgLow1]:174009 [SgLow2]:170107 [SgLow3]:0 [SgLow4]:0 [NetMuon1]:592620 [NetMuon2]:588937 [NetMuon3]:636567 [NetMuon4]:636567
[Run]:41687 [Site]:1 [Bin]:15470 [FullTime]:3590.17 [SkipTime]:0 [Veto1]:628.989 [Veto2]:639.291 [Veto3]:405.965 [Veto4]:405.965 [SgUp1]:173739 [SgUp2]:170445 [SgUp3]:0 [SgUp4]:0 [SgLow1]:173343 [SgLow2]:170067 [SgLow3]:0 [SgLow4]:0 [NetMuon1]:592114 [NetMuon2]:590259 [NetMuon3]:636616 [NetMuon4]:636616
[Run]:41687 [Site]:1 [Bin]:15471 [FullTime]:3590.17 [SkipTime]:0 [Veto1]:624.359 [Veto2]:636.924 [Veto3]:405.682 [Veto4]:405.682 [SgUp1]:173969 [SgUp2]:170637 [SgUp3]:0 [SgUp4]:0 [SgLow1]:173617 [SgLow2]:170230 [SgLow3]:0 [SgLow4]:0 [NetMuon1]:592903 [NetMuon2]:590349 [NetMuon3]:636408 [NetMuon4]:636408
[Run]:41687 [Site]:1 [Bin]:15472 [FullTime]:3590.17 [SkipTime]:0 [Veto1]:613.945 [Veto2]:618.565 [Veto3]:405.727 [Veto4]:405.727 [SgUp1]:173942 [SgUp2]:171426 [SgUp3]:0 [SgUp4]:0 [SgLow1]:173572 [SgLow2]:171063 [SgLow3]:0 [SgLow4]:0 [NetMuon1]:594618 [NetMuon2]:593915 [NetMuon3]:636420 [NetMuon4]:636420
[Run]:41687 [Site]:1 [Bin]:15473 [FullTime]:3590.18 [SkipTime]:0 [Veto1]:628.795 [Veto2]:624.148 [Veto3]:405.487 [Veto4]:405.487 [SgUp1]:173404 [SgUp2]:171961 [SgUp3]:0 [SgUp4]:0 [SgLow1]:173003 [SgLow2]:171621 [SgLow3]:0 [SgLow4]:0 [NetMuon1]:591877 [NetMuon2]:592457 [NetMuon3]:636165 [NetMuon4]:636165
[Run]:41687 [Site]:1 [Bin]:15474 [FullTime]:3590.16 [SkipTime]:0 [Veto1]:620.55 [Veto2]:616.862 [Veto3]:406.574 [Veto4]:406.574 [SgUp1]:173983 [SgUp2]:172314 [SgUp3]:0 [SgUp4]:0 [SgLow1]:173565 [SgLow2]:171938 [SgLow3]:0 [SgLow4]:0 [NetMuon1]:594760 [NetMuon2]:595488 [NetMuon3]:637642 [NetMuon4]:637642
[Run]:41687 [Site]:1 [Bin]:15475 [FullTime]:3590.17 [SkipTime]:0 [Veto1]:613.741 [Veto2]:624.219 [Veto3]:405.868 [Veto4]:405.868 [SgUp1]:174750 [SgUp2]:171120 [SgUp3]:0 [SgUp4]:0 [SgLow1]:174399 [SgLow2]:170781 [SgLow3]:0 [SgLow4]:0 [NetMuon1]:594806 [NetMuon2]:593070 [NetMuon3]:636515 [NetMuon4]:636515
End process Run: 41687 ... 
[Run]:41687 [Site]:1 [Bin]:15476 [FullTime]:3392.54 [SkipTime]:0 [Veto1]:584.756 [Veto2]:623.035 [Veto3]:382.916 [Veto4]:382.916
