StreamChain add 0x65d77e0
Start to process run: 41381 ... 
[Run]:41381 [Site]:1 [Bin]:14974 [FullTime]:1467.55 [SkipTime]:0 [Veto1]:252.307 [Veto2]:243.393 [Veto3]:165.512 [Veto4]:165.512 [SgUp1]:71296 [SgUp2]:70646 [SgUp3]:0 [SgUp4]:0 [SgLow1]:71155 [SgLow2]:70511 [SgLow3]:0 [SgLow4]:0 [NetMuon1]:242263 [NetMuon2]:244243 [NetMuon3]:259663 [NetMuon4]:259663
[Run]:41381 [Site]:1 [Bin]:14975 [FullTime]:3590.17 [SkipTime]:0 [Veto1]:607.538 [Veto2]:631.692 [Veto3]:405.397 [Veto4]:405.397 [SgUp1]:175028 [SgUp2]:169836 [SgUp3]:0 [SgUp4]:0 [SgLow1]:174644 [SgLow2]:169441 [SgLow3]:0 [SgLow4]:0 [NetMuon1]:595685 [NetMuon2]:590722 [NetMuon3]:635902 [NetMuon4]:635902
[Run]:41381 [Site]:1 [Bin]:14976 [FullTime]:3590.17 [SkipTime]:0 [Veto1]:617.868 [Veto2]:632.096 [Veto3]:404.249 [Veto4]:404.249 [SgUp1]:174844 [SgUp2]:171370 [SgUp3]:0 [SgUp4]:0 [SgLow1]:174413 [SgLow2]:170969 [SgLow3]:0 [SgLow4]:0 [NetMuon1]:591829 [NetMuon2]:588600 [NetMuon3]:634266 [NetMuon4]:634266
[Run]:41381 [Site]:1 [Bin]:14977 [FullTime]:3590.17 [SkipTime]:0 [Veto1]:614.044 [Veto2]:624.796 [Veto3]:404.878 [Veto4]:404.878 [SgUp1]:174021 [SgUp2]:171428 [SgUp3]:0 [SgUp4]:0 [SgLow1]:173652 [SgLow2]:171079 [SgLow3]:0 [SgLow4]:0 [NetMuon1]:593832 [NetMuon2]:591337 [NetMuon3]:635197 [NetMuon4]:635197
[Run]:41381 [Site]:1 [Bin]:14978 [FullTime]:3590.17 [SkipTime]:0 [Veto1]:622.328 [Veto2]:637.781 [Veto3]:405.234 [Veto4]:405.234 [SgUp1]:173714 [SgUp2]:170695 [SgUp3]:0 [SgUp4]:0 [SgLow1]:173293 [SgLow2]:170339 [SgLow3]:0 [SgLow4]:0 [NetMuon1]:592509 [NetMuon2]:589038 [NetMuon3]:635776 [NetMuon4]:635776
[Run]:41381 [Site]:1 [Bin]:14979 [FullTime]:3590.17 [SkipTime]:0 [Veto1]:594.789 [Veto2]:620.958 [Veto3]:404.949 [Veto4]:404.949 [SgUp1]:175746 [SgUp2]:171041 [SgUp3]:0 [SgUp4]:0 [SgLow1]:175333 [SgLow2]:170680 [SgLow3]:0 [SgLow4]:0 [NetMuon1]:597281 [NetMuon2]:592245 [NetMuon3]:635386 [NetMuon4]:635386
[Run]:41381 [Site]:1 [Bin]:14980 [FullTime]:3590.17 [SkipTime]:0 [Veto1]:630.038 [Veto2]:612.397 [Veto3]:405.108 [Veto4]:405.108 [SgUp1]:173142 [SgUp2]:172475 [SgUp3]:0 [SgUp4]:0 [SgLow1]:172797 [SgLow2]:172095 [SgLow3]:0 [SgLow4]:0 [NetMuon1]:590540 [NetMuon2]:593724 [NetMuon3]:635508 [NetMuon4]:635508
[Run]:41381 [Site]:1 [Bin]:14981 [FullTime]:3590.18 [SkipTime]:0 [Veto1]:596.172 [Veto2]:659.153 [Veto3]:404.907 [Veto4]:404.907 [SgUp1]:175978 [SgUp2]:169639 [SgUp3]:0 [SgUp4]:0 [SgLow1]:175592 [SgLow2]:169265 [SgLow3]:0 [SgLow4]:0 [NetMuon1]:596791 [NetMuon2]:584102 [NetMuon3]:634929 [NetMuon4]:634929
[Run]:41381 [Site]:1 [Bin]:14982 [FullTime]:3590.17 [SkipTime]:0 [Veto1]:627.402 [Veto2]:654.598 [Veto3]:405.618 [Veto4]:405.618 [SgUp1]:174284 [SgUp2]:170081 [SgUp3]:0 [SgUp4]:0 [SgLow1]:173868 [SgLow2]:169687 [SgLow3]:0 [SgLow4]:0 [NetMuon1]:592036 [NetMuon2]:586482 [NetMuon3]:636308 [NetMuon4]:636308
[Run]:41381 [Site]:1 [Bin]:14983 [FullTime]:3590.17 [SkipTime]:0 [Veto1]:610.62 [Veto2]:638.753 [Veto3]:404.924 [Veto4]:404.924 [SgUp1]:174829 [SgUp2]:170850 [SgUp3]:0 [SgUp4]:0 [SgLow1]:174446 [SgLow2]:170542 [SgLow3]:0 [SgLow4]:0 [NetMuon1]:594191 [NetMuon2]:588745 [NetMuon3]:635299 [NetMuon4]:635299
[Run]:41381 [Site]:1 [Bin]:14984 [FullTime]:3590.17 [SkipTime]:0 [Veto1]:604.891 [Veto2]:637.985 [Veto3]:406.322 [Veto4]:406.322 [SgUp1]:174736 [SgUp2]:171718 [SgUp3]:0 [SgUp4]:0 [SgLow1]:174342 [SgLow2]:171324 [SgLow3]:0 [SgLow4]:0 [NetMuon1]:597736 [NetMuon2]:590825 [NetMuon3]:637271 [NetMuon4]:637271
[Run]:41381 [Site]:1 [Bin]:14985 [FullTime]:3590.17 [SkipTime]:0 [Veto1]:620.625 [Veto2]:631.691 [Veto3]:405.214 [Veto4]:405.214 [SgUp1]:174377 [SgUp2]:170461 [SgUp3]:0 [SgUp4]:0 [SgLow1]:173933 [SgLow2]:170112 [SgLow3]:0 [SgLow4]:0 [NetMuon1]:592414 [NetMuon2]:589884 [NetMuon3]:635470 [NetMuon4]:635470
[Run]:41381 [Site]:1 [Bin]:14986 [FullTime]:3590.17 [SkipTime]:0 [Veto1]:635.948 [Veto2]:609.781 [Veto3]:404.808 [Veto4]:404.808 [SgUp1]:173593 [SgUp2]:172616 [SgUp3]:0 [SgUp4]:0 [SgLow1]:173212 [SgLow2]:172211 [SgLow3]:0 [SgLow4]:0 [NetMuon1]:589120 [NetMuon2]:594179 [NetMuon3]:635197 [NetMuon4]:635197
[Run]:41381 [Site]:1 [Bin]:14987 [FullTime]:3590.17 [SkipTime]:0 [Veto1]:606.86 [Veto2]:643.044 [Veto3]:405.885 [Veto4]:405.885 [SgUp1]:175081 [SgUp2]:170772 [SgUp3]:0 [SgUp4]:0 [SgLow1]:174740 [SgLow2]:170382 [SgLow3]:0 [SgLow4]:0 [NetMuon1]:596814 [NetMuon2]:589632 [NetMuon3]:636858 [NetMuon4]:636858
[Run]:41381 [Site]:1 [Bin]:14988 [FullTime]:3590.17 [SkipTime]:0 [Veto1]:644.526 [Veto2]:614.208 [Veto3]:404.838 [Veto4]:404.838 [SgUp1]:172529 [SgUp2]:172512 [SgUp3]:0 [SgUp4]:0 [SgLow1]:172133 [SgLow2]:172161 [SgLow3]:0 [SgLow4]:0 [NetMuon1]:587285 [NetMuon2]:593372 [NetMuon3]:634886 [NetMuon4]:634886
[Run]:41381 [Site]:1 [Bin]:14989 [FullTime]:3590.17 [SkipTime]:0 [Veto1]:620.517 [Veto2]:638.931 [Veto3]:404.242 [Veto4]:404.242 [SgUp1]:173821 [SgUp2]:171286 [SgUp3]:0 [SgUp4]:0 [SgLow1]:173455 [SgLow2]:170943 [SgLow3]:0 [SgLow4]:0 [NetMuon1]:591260 [NetMuon2]:587758 [NetMuon3]:634291 [NetMuon4]:634291
[Run]:41381 [Site]:1 [Bin]:14990 [FullTime]:3590.17 [SkipTime]:0 [Veto1]:622.807 [Veto2]:623.186 [Veto3]:405.845 [Veto4]:405.845 [SgUp1]:174551 [SgUp2]:171724 [SgUp3]:0 [SgUp4]:0 [SgLow1]:174153 [SgLow2]:171368 [SgLow3]:0 [SgLow4]:0 [NetMuon1]:593299 [NetMuon2]:593110 [NetMuon3]:636794 [NetMuon4]:636794
[Run]:41381 [Site]:1 [Bin]:14991 [FullTime]:3590.17 [SkipTime]:0 [Veto1]:624.81 [Veto2]:633.799 [Veto3]:405.142 [Veto4]:405.142 [SgUp1]:173359 [SgUp2]:170972 [SgUp3]:0 [SgUp4]:0 [SgLow1]:173003 [SgLow2]:170568 [SgLow3]:0 [SgLow4]:0 [NetMuon1]:591650 [NetMuon2]:589993 [NetMuon3]:635563 [NetMuon4]:635563
[Run]:41381 [Site]:1 [Bin]:14992 [FullTime]:3590.17 [SkipTime]:0 [Veto1]:600.984 [Veto2]:612.876 [Veto3]:404.619 [Veto4]:404.619 [SgUp1]:176103 [SgUp2]:172580 [SgUp3]:0 [SgUp4]:0 [SgLow1]:175729 [SgLow2]:172171 [SgLow3]:0 [SgLow4]:0 [NetMuon1]:595372 [NetMuon2]:592996 [NetMuon3]:634563 [NetMuon4]:634563
[Run]:41381 [Site]:1 [Bin]:14993 [FullTime]:3590.17 [SkipTime]:0 [Veto1]:621.814 [Veto2]:632.426 [Veto3]:405.356 [Veto4]:405.356 [SgUp1]:174596 [SgUp2]:171081 [SgUp3]:0 [SgUp4]:0 [SgLow1]:174199 [SgLow2]:170712 [SgLow3]:0 [SgLow4]:0 [NetMuon1]:592929 [NetMuon2]:590566 [NetMuon3]:635871 [NetMuon4]:635871
[Run]:41381 [Site]:1 [Bin]:14994 [FullTime]:3590.17 [SkipTime]:0 [Veto1]:609.644 [Veto2]:618.751 [Veto3]:405.396 [Veto4]:405.396 [SgUp1]:175537 [SgUp2]:172189 [SgUp3]:0 [SgUp4]:0 [SgLow1]:175167 [SgLow2]:171817 [SgLow3]:0 [SgLow4]:0 [NetMuon1]:595288 [NetMuon2]:593686 [NetMuon3]:636162 [NetMuon4]:636162
[Run]:41381 [Site]:1 [Bin]:14995 [FullTime]:3590.17 [SkipTime]:0 [Veto1]:611.977 [Veto2]:629.741 [Veto3]:405.193 [Veto4]:405.193 [SgUp1]:174298 [SgUp2]:170922 [SgUp3]:0 [SgUp4]:0 [SgLow1]:173916 [SgLow2]:170548 [SgLow3]:0 [SgLow4]:0 [NetMuon1]:594478 [NetMuon2]:591026 [NetMuon3]:635694 [NetMuon4]:635694
[Run]:41381 [Site]:1 [Bin]:14996 [FullTime]:3590.17 [SkipTime]:0 [Veto1]:616.845 [Veto2]:616.955 [Veto3]:404.775 [Veto4]:404.775 [SgUp1]:175303 [SgUp2]:171239 [SgUp3]:0 [SgUp4]:0 [SgLow1]:174902 [SgLow2]:170830 [SgLow3]:0 [SgLow4]:0 [NetMuon1]:592539 [NetMuon2]:592717 [NetMuon3]:634976 [NetMuon4]:634976
[Run]:41381 [Site]:1 [Bin]:14997 [FullTime]:3590.17 [SkipTime]:0 [Veto1]:644.118 [Veto2]:645.213 [Veto3]:405.108 [Veto4]:405.108 [SgUp1]:172930 [SgUp2]:169530 [SgUp3]:0 [SgUp4]:0 [SgLow1]:172500 [SgLow2]:169170 [SgLow3]:0 [SgLow4]:0 [NetMuon1]:587915 [NetMuon2]:587108 [NetMuon3]:635358 [NetMuon4]:635358
[Run]:41381 [Site]:1 [Bin]:14998 [FullTime]:3590.17 [SkipTime]:0 [Veto1]:624.466 [Veto2]:649.17 [Veto3]:404.243 [Veto4]:404.243 [SgUp1]:175326 [SgUp2]:170934 [SgUp3]:0 [SgUp4]:0 [SgLow1]:174932 [SgLow2]:170578 [SgLow3]:0 [SgLow4]:0 [NetMuon1]:590280 [NetMuon2]:585423 [NetMuon3]:634297 [NetMuon4]:634297
[Run]:41381 [Site]:1 [Bin]:14999 [FullTime]:3590.17 [SkipTime]:0 [Veto1]:628.195 [Veto2]:628.378 [Veto3]:405.477 [Veto4]:405.477 [SgUp1]:174057 [SgUp2]:171774 [SgUp3]:0 [SgUp4]:0 [SgLow1]:173663 [SgLow2]:171436 [SgLow3]:0 [SgLow4]:0 [NetMuon1]:591736 [NetMuon2]:591656 [NetMuon3]:636301 [NetMuon4]:636301
[Run]:41381 [Site]:1 [Bin]:15000 [FullTime]:3590.18 [SkipTime]:0 [Veto1]:628.367 [Veto2]:637.03 [Veto3]:404.83 [Veto4]:404.83 [SgUp1]:173433 [SgUp2]:171449 [SgUp3]:0 [SgUp4]:0 [SgLow1]:173049 [SgLow2]:171011 [SgLow3]:0 [SgLow4]:0 [NetMuon1]:590449 [NetMuon2]:588713 [NetMuon3]:635135 [NetMuon4]:635135
[Run]:41381 [Site]:1 [Bin]:15001 [FullTime]:3590.17 [SkipTime]:0 [Veto1]:625.736 [Veto2]:640.415 [Veto3]:405.519 [Veto4]:405.519 [SgUp1]:173994 [SgUp2]:170948 [SgUp3]:0 [SgUp4]:0 [SgLow1]:173608 [SgLow2]:170598 [SgLow3]:0 [SgLow4]:0 [NetMuon1]:591998 [NetMuon2]:589437 [NetMuon3]:636250 [NetMuon4]:636250
[Run]:41381 [Site]:1 [Bin]:15002 [FullTime]:3590.17 [SkipTime]:0 [Veto1]:639.041 [Veto2]:615.888 [Veto3]:405.45 [Veto4]:405.45 [SgUp1]:173268 [SgUp2]:171557 [SgUp3]:0 [SgUp4]:0 [SgLow1]:172928 [SgLow2]:171213 [SgLow3]:0 [SgLow4]:0 [NetMuon1]:589099 [NetMuon2]:593935 [NetMuon3]:635922 [NetMuon4]:635922
[Run]:41381 [Site]:1 [Bin]:15003 [FullTime]:3590.17 [SkipTime]:0 [Veto1]:619.456 [Veto2]:631.669 [Veto3]:404.988 [Veto4]:404.988 [SgUp1]:173554 [SgUp2]:170628 [SgUp3]:0 [SgUp4]:0 [SgLow1]:173199 [SgLow2]:170231 [SgLow3]:0 [SgLow4]:0 [NetMuon1]:592288 [NetMuon2]:589615 [NetMuon3]:635206 [NetMuon4]:635206
[Run]:41381 [Site]:1 [Bin]:15004 [FullTime]:3590.17 [SkipTime]:0 [Veto1]:595.449 [Veto2]:638.079 [Veto3]:405.691 [Veto4]:405.691 [SgUp1]:175849 [SgUp2]:170492 [SgUp3]:0 [SgUp4]:0 [SgLow1]:175479 [SgLow2]:170155 [SgLow3]:0 [SgLow4]:0 [NetMuon1]:598377 [NetMuon2]:589638 [NetMuon3]:636431 [NetMuon4]:636431
[Run]:41381 [Site]:1 [Bin]:15005 [FullTime]:3590.17 [SkipTime]:0 [Veto1]:618.513 [Veto2]:631.946 [Veto3]:405.091 [Veto4]:405.091 [SgUp1]:174521 [SgUp2]:170951 [SgUp3]:0 [SgUp4]:0 [SgLow1]:174115 [SgLow2]:170573 [SgLow3]:0 [SgLow4]:0 [NetMuon1]:593296 [NetMuon2]:590340 [NetMuon3]:635620 [NetMuon4]:635620
[Run]:41381 [Site]:1 [Bin]:15006 [FullTime]:3590.17 [SkipTime]:0 [Veto1]:630.847 [Veto2]:628.319 [Veto3]:404.686 [Veto4]:404.686 [SgUp1]:173430 [SgUp2]:171473 [SgUp3]:0 [SgUp4]:0 [SgLow1]:173061 [SgLow2]:171109 [SgLow3]:0 [SgLow4]:0 [NetMuon1]:590132 [NetMuon2]:590268 [NetMuon3]:634868 [NetMuon4]:634868
[Run]:41381 [Site]:1 [Bin]:15007 [FullTime]:3590.17 [SkipTime]:0 [Veto1]:610.299 [Veto2]:640.468 [Veto3]:404.857 [Veto4]:404.857 [SgUp1]:175117 [SgUp2]:170184 [SgUp3]:0 [SgUp4]:0 [SgLow1]:174764 [SgLow2]:169801 [SgLow3]:0 [SgLow4]:0 [NetMuon1]:594204 [NetMuon2]:588433 [NetMuon3]:635021 [NetMuon4]:635021
[Run]:41381 [Site]:1 [Bin]:15008 [FullTime]:3590.17 [SkipTime]:0 [Veto1]:609.837 [Veto2]:620.546 [Veto3]:404.86 [Veto4]:404.86 [SgUp1]:175159 [SgUp2]:172183 [SgUp3]:0 [SgUp4]:0 [SgLow1]:174753 [SgLow2]:171753 [SgLow3]:0 [SgLow4]:0 [NetMuon1]:594082 [NetMuon2]:591852 [NetMuon3]:634949 [NetMuon4]:634949
[Run]:41381 [Site]:1 [Bin]:15009 [FullTime]:3590.17 [SkipTime]:0 [Veto1]:614.026 [Veto2]:655.485 [Veto3]:405.363 [Veto4]:405.363 [SgUp1]:174591 [SgUp2]:170014 [SgUp3]:0 [SgUp4]:0 [SgLow1]:174271 [SgLow2]:169676 [SgLow3]:0 [SgLow4]:0 [NetMuon1]:593923 [NetMuon2]:585986 [NetMuon3]:635610 [NetMuon4]:635610
[Run]:41381 [Site]:1 [Bin]:15010 [FullTime]:3590.17 [SkipTime]:0 [Veto1]:608.926 [Veto2]:625.143 [Veto3]:405.93 [Veto4]:405.93 [SgUp1]:175247 [SgUp2]:172175 [SgUp3]:0 [SgUp4]:0 [SgLow1]:174891 [SgLow2]:171822 [SgLow3]:0 [SgLow4]:0 [NetMuon1]:595976 [NetMuon2]:592525 [NetMuon3]:636428 [NetMuon4]:636428
[Run]:41381 [Site]:1 [Bin]:15011 [FullTime]:3590.17 [SkipTime]:0 [Veto1]:614.434 [Veto2]:638.295 [Veto3]:405.04 [Veto4]:405.04 [SgUp1]:174553 [SgUp2]:170436 [SgUp3]:0 [SgUp4]:0 [SgLow1]:174167 [SgLow2]:170061 [SgLow3]:0 [SgLow4]:0 [NetMuon1]:593677 [NetMuon2]:588896 [NetMuon3]:635367 [NetMuon4]:635367
[Run]:41381 [Site]:1 [Bin]:15012 [FullTime]:3590.17 [SkipTime]:0 [Veto1]:618.266 [Veto2]:635.504 [Veto3]:405.111 [Veto4]:405.111 [SgUp1]:174760 [SgUp2]:171167 [SgUp3]:0 [SgUp4]:0 [SgLow1]:174396 [SgLow2]:170770 [SgLow3]:0 [SgLow4]:0 [NetMuon1]:592860 [NetMuon2]:589729 [NetMuon3]:635312 [NetMuon4]:635312
[Run]:41381 [Site]:1 [Bin]:15013 [FullTime]:3590.17 [SkipTime]:0 [Veto1]:598.93 [Veto2]:633.979 [Veto3]:405.333 [Veto4]:405.333 [SgUp1]:175166 [SgUp2]:170011 [SgUp3]:0 [SgUp4]:0 [SgLow1]:174828 [SgLow2]:169654 [SgLow3]:0 [SgLow4]:0 [NetMuon1]:597118 [NetMuon2]:590390 [NetMuon3]:635710 [NetMuon4]:635710
[Run]:41381 [Site]:1 [Bin]:15014 [FullTime]:3590.17 [SkipTime]:0 [Veto1]:604.152 [Veto2]:620.036 [Veto3]:405.219 [Veto4]:405.219 [SgUp1]:174683 [SgUp2]:171456 [SgUp3]:0 [SgUp4]:0 [SgLow1]:174317 [SgLow2]:171090 [SgLow3]:0 [SgLow4]:0 [NetMuon1]:596428 [NetMuon2]:593004 [NetMuon3]:635793 [NetMuon4]:635793
[Run]:41381 [Site]:1 [Bin]:15015 [FullTime]:3590.17 [SkipTime]:0 [Veto1]:627.864 [Veto2]:622.638 [Veto3]:404.882 [Veto4]:404.882 [SgUp1]:173692 [SgUp2]:171286 [SgUp3]:0 [SgUp4]:0 [SgLow1]:173311 [SgLow2]:170948 [SgLow3]:0 [SgLow4]:0 [NetMuon1]:590741 [NetMuon2]:591996 [NetMuon3]:635136 [NetMuon4]:635136
[Run]:41381 [Site]:1 [Bin]:15016 [FullTime]:3590.17 [SkipTime]:0 [Veto1]:602.892 [Veto2]:610.465 [Veto3]:405.333 [Veto4]:405.333 [SgUp1]:175501 [SgUp2]:172582 [SgUp3]:0 [SgUp4]:0 [SgLow1]:175114 [SgLow2]:172237 [SgLow3]:0 [SgLow4]:0 [NetMuon1]:596401 [NetMuon2]:594649 [NetMuon3]:635811 [NetMuon4]:635811
[Run]:41381 [Site]:1 [Bin]:15017 [FullTime]:3590.17 [SkipTime]:0 [Veto1]:612.616 [Veto2]:617.125 [Veto3]:404.92 [Veto4]:404.92 [SgUp1]:174791 [SgUp2]:172428 [SgUp3]:0 [SgUp4]:0 [SgLow1]:174425 [SgLow2]:172040 [SgLow3]:0 [SgLow4]:0 [NetMuon1]:593473 [NetMuon2]:592472 [NetMuon3]:634896 [NetMuon4]:634896
[Run]:41381 [Site]:1 [Bin]:15018 [FullTime]:3590.17 [SkipTime]:0 [Veto1]:622.436 [Veto2]:625.539 [Veto3]:404.795 [Veto4]:404.795 [SgUp1]:174095 [SgUp2]:171442 [SgUp3]:0 [SgUp4]:0 [SgLow1]:173721 [SgLow2]:171070 [SgLow3]:0 [SgLow4]:0 [NetMuon1]:591606 [NetMuon2]:590811 [NetMuon3]:635036 [NetMuon4]:635036
[Run]:41381 [Site]:1 [Bin]:15019 [FullTime]:3590.17 [SkipTime]:0 [Veto1]:604.787 [Veto2]:643.852 [Veto3]:405.172 [Veto4]:405.172 [SgUp1]:175120 [SgUp2]:170697 [SgUp3]:0 [SgUp4]:0 [SgLow1]:174727 [SgLow2]:170326 [SgLow3]:0 [SgLow4]:0 [NetMuon1]:595781 [NetMuon2]:588279 [NetMuon3]:635659 [NetMuon4]:635659
[Run]:41381 [Site]:1 [Bin]:15020 [FullTime]:3590.17 [SkipTime]:0 [Veto1]:613.615 [Veto2]:637.758 [Veto3]:404.88 [Veto4]:404.88 [SgUp1]:174790 [SgUp2]:170882 [SgUp3]:0 [SgUp4]:0 [SgLow1]:174396 [SgLow2]:170531 [SgLow3]:0 [SgLow4]:0 [NetMuon1]:593755 [NetMuon2]:588894 [NetMuon3]:635270 [NetMuon4]:635270
[Run]:41381 [Site]:1 [Bin]:15021 [FullTime]:3590.17 [SkipTime]:0 [Veto1]:624.068 [Veto2]:623.974 [Veto3]:404.444 [Veto4]:404.444 [SgUp1]:173362 [SgUp2]:171480 [SgUp3]:0 [SgUp4]:0 [SgLow1]:172984 [SgLow2]:171141 [SgLow3]:0 [SgLow4]:0 [NetMuon1]:590765 [NetMuon2]:591068 [NetMuon3]:634555 [NetMuon4]:634555
[Run]:41381 [Site]:1 [Bin]:15022 [FullTime]:3590.17 [SkipTime]:0 [Veto1]:618.193 [Veto2]:631.448 [Veto3]:405.056 [Veto4]:405.056 [SgUp1]:173758 [SgUp2]:171410 [SgUp3]:0 [SgUp4]:0 [SgLow1]:173419 [SgLow2]:171048 [SgLow3]:0 [SgLow4]:0 [NetMuon1]:592646 [NetMuon2]:589913 [NetMuon3]:635296 [NetMuon4]:635296
[Run]:41381 [Site]:1 [Bin]:15023 [FullTime]:3590.17 [SkipTime]:0 [Veto1]:608.538 [Veto2]:612.314 [Veto3]:404.825 [Veto4]:404.825 [SgUp1]:174169 [SgUp2]:172485 [SgUp3]:0 [SgUp4]:0 [SgLow1]:173793 [SgLow2]:172119 [SgLow3]:0 [SgLow4]:0 [NetMuon1]:594069 [NetMuon2]:593633 [NetMuon3]:634932 [NetMuon4]:634932
[Run]:41381 [Site]:1 [Bin]:15024 [FullTime]:3590.17 [SkipTime]:0 [Veto1]:624.718 [Veto2]:630.379 [Veto3]:405.117 [Veto4]:405.117 [SgUp1]:173009 [SgUp2]:170477 [SgUp3]:0 [SgUp4]:0 [SgLow1]:172624 [SgLow2]:170122 [SgLow3]:0 [SgLow4]:0 [NetMuon1]:591954 [NetMuon2]:590447 [NetMuon3]:635574 [NetMuon4]:635574
[Run]:41381 [Site]:1 [Bin]:15025 [FullTime]:3590.17 [SkipTime]:0 [Veto1]:617.549 [Veto2]:654.862 [Veto3]:404.441 [Veto4]:404.441 [SgUp1]:174129 [SgUp2]:169394 [SgUp3]:0 [SgUp4]:0 [SgLow1]:173748 [SgLow2]:169070 [SgLow3]:0 [SgLow4]:0 [NetMuon1]:591941 [NetMuon2]:584633 [NetMuon3]:634518 [NetMuon4]:634518
[Run]:41381 [Site]:1 [Bin]:15026 [FullTime]:3590.17 [SkipTime]:0 [Veto1]:610.008 [Veto2]:630.875 [Veto3]:404.319 [Veto4]:404.319 [SgUp1]:174345 [SgUp2]:172009 [SgUp3]:0 [SgUp4]:0 [SgLow1]:173978 [SgLow2]:171643 [SgLow3]:0 [SgLow4]:0 [NetMuon1]:593954 [NetMuon2]:589723 [NetMuon3]:634564 [NetMuon4]:634564
[Run]:41381 [Site]:1 [Bin]:15027 [FullTime]:3590.17 [SkipTime]:0 [Veto1]:609.303 [Veto2]:623.995 [Veto3]:404.467 [Veto4]:404.467 [SgUp1]:175182 [SgUp2]:171279 [SgUp3]:0 [SgUp4]:0 [SgLow1]:174758 [SgLow2]:170918 [SgLow3]:0 [SgLow4]:0 [NetMuon1]:593741 [NetMuon2]:590662 [NetMuon3]:634586 [NetMuon4]:634586
[Run]:41381 [Site]:1 [Bin]:15028 [FullTime]:3590.18 [SkipTime]:0 [Veto1]:613.029 [Veto2]:625.347 [Veto3]:404.407 [Veto4]:404.407 [SgUp1]:174117 [SgUp2]:171595 [SgUp3]:0 [SgUp4]:0 [SgLow1]:173734 [SgLow2]:171247 [SgLow3]:0 [SgLow4]:0 [NetMuon1]:593097 [NetMuon2]:590295 [NetMuon3]:634530 [NetMuon4]:634530
[Run]:41381 [Site]:1 [Bin]:15029 [FullTime]:3590.17 [SkipTime]:0 [Veto1]:618.318 [Veto2]:634.927 [Veto3]:405.304 [Veto4]:405.304 [SgUp1]:174611 [SgUp2]:170841 [SgUp3]:0 [SgUp4]:0 [SgLow1]:174207 [SgLow2]:170486 [SgLow3]:0 [SgLow4]:0 [NetMuon1]:593404 [NetMuon2]:589668 [NetMuon3]:635742 [NetMuon4]:635742
[Run]:41381 [Site]:1 [Bin]:15030 [FullTime]:3590.17 [SkipTime]:0 [Veto1]:633.772 [Veto2]:636.622 [Veto3]:405.028 [Veto4]:405.028 [SgUp1]:172747 [SgUp2]:170513 [SgUp3]:0 [SgUp4]:0 [SgLow1]:172324 [SgLow2]:170148 [SgLow3]:0 [SgLow4]:0 [NetMuon1]:589543 [NetMuon2]:589120 [NetMuon3]:635256 [NetMuon4]:635256
[Run]:41381 [Site]:1 [Bin]:15031 [FullTime]:3590.17 [SkipTime]:0 [Veto1]:608.174 [Veto2]:646.926 [Veto3]:404.838 [Veto4]:404.838 [SgUp1]:174115 [SgUp2]:169629 [SgUp3]:0 [SgUp4]:0 [SgLow1]:173723 [SgLow2]:169228 [SgLow3]:0 [SgLow4]:0 [NetMuon1]:594496 [NetMuon2]:586816 [NetMuon3]:635329 [NetMuon4]:635329
[Run]:41381 [Site]:1 [Bin]:15032 [FullTime]:3590.17 [SkipTime]:0 [Veto1]:629.675 [Veto2]:625.206 [Veto3]:405.68 [Veto4]:405.68 [SgUp1]:173818 [SgUp2]:171452 [SgUp3]:0 [SgUp4]:0 [SgLow1]:173425 [SgLow2]:171079 [SgLow3]:0 [SgLow4]:0 [NetMuon1]:591581 [NetMuon2]:592481 [NetMuon3]:636335 [NetMuon4]:636335
[Run]:41381 [Site]:1 [Bin]:15033 [FullTime]:3590.17 [SkipTime]:0 [Veto1]:613.103 [Veto2]:632.965 [Veto3]:404.826 [Veto4]:404.826 [SgUp1]:174788 [SgUp2]:170419 [SgUp3]:0 [SgUp4]:0 [SgLow1]:174380 [SgLow2]:170058 [SgLow3]:0 [SgLow4]:0 [NetMuon1]:593731 [NetMuon2]:589991 [NetMuon3]:635228 [NetMuon4]:635228
[Run]:41381 [Site]:1 [Bin]:15034 [FullTime]:3590.17 [SkipTime]:0 [Veto1]:619.883 [Veto2]:629.804 [Veto3]:405.005 [Veto4]:405.005 [SgUp1]:174309 [SgUp2]:171720 [SgUp3]:0 [SgUp4]:0 [SgLow1]:173936 [SgLow2]:171383 [SgLow3]:0 [SgLow4]:0 [NetMuon1]:592385 [NetMuon2]:590474 [NetMuon3]:635207 [NetMuon4]:635207
[Run]:41381 [Site]:1 [Bin]:15035 [FullTime]:3590.17 [SkipTime]:0 [Veto1]:613.896 [Veto2]:614.943 [Veto3]:404.693 [Veto4]:404.693 [SgUp1]:174405 [SgUp2]:172719 [SgUp3]:0 [SgUp4]:0 [SgLow1]:174053 [SgLow2]:172314 [SgLow3]:0 [SgLow4]:0 [NetMuon1]:593070 [NetMuon2]:593240 [NetMuon3]:634840 [NetMuon4]:634840
[Run]:41381 [Site]:1 [Bin]:15036 [FullTime]:3590.17 [SkipTime]:0 [Veto1]:617.003 [Veto2]:639.114 [Veto3]:405.239 [Veto4]:405.239 [SgUp1]:175017 [SgUp2]:171058 [SgUp3]:0 [SgUp4]:0 [SgLow1]:174665 [SgLow2]:170674 [SgLow3]:0 [SgLow4]:0 [NetMuon1]:593199 [NetMuon2]:588956 [NetMuon3]:635743 [NetMuon4]:635743
[Run]:41381 [Site]:1 [Bin]:15037 [FullTime]:3590.17 [SkipTime]:0 [Veto1]:631.693 [Veto2]:621.688 [Veto3]:405.39 [Veto4]:405.39 [SgUp1]:172813 [SgUp2]:171152 [SgUp3]:0 [SgUp4]:0 [SgLow1]:172492 [SgLow2]:170812 [SgLow3]:0 [SgLow4]:0 [NetMuon1]:590890 [NetMuon2]:593170 [NetMuon3]:635991 [NetMuon4]:635991
[Run]:41381 [Site]:1 [Bin]:15038 [FullTime]:3590.17 [SkipTime]:0 [Veto1]:623.612 [Veto2]:639.493 [Veto3]:405.429 [Veto4]:405.429 [SgUp1]:174549 [SgUp2]:171077 [SgUp3]:0 [SgUp4]:0 [SgLow1]:174211 [SgLow2]:170759 [SgLow3]:0 [SgLow4]:0 [NetMuon1]:592962 [NetMuon2]:589434 [NetMuon3]:636348 [NetMuon4]:636348
[Run]:41381 [Site]:1 [Bin]:15039 [FullTime]:3590.17 [SkipTime]:0 [Veto1]:637.471 [Veto2]:629.447 [Veto3]:405.188 [Veto4]:405.188 [SgUp1]:173250 [SgUp2]:171048 [SgUp3]:0 [SgUp4]:0 [SgLow1]:172932 [SgLow2]:170665 [SgLow3]:0 [SgLow4]:0 [NetMuon1]:589350 [NetMuon2]:591129 [NetMuon3]:635774 [NetMuon4]:635774
[Run]:41381 [Site]:1 [Bin]:15040 [FullTime]:3590.17 [SkipTime]:0 [Veto1]:624.607 [Veto2]:624.678 [Veto3]:405.255 [Veto4]:405.255 [SgUp1]:173806 [SgUp2]:171450 [SgUp3]:0 [SgUp4]:0 [SgLow1]:173450 [SgLow2]:171077 [SgLow3]:0 [SgLow4]:0 [NetMuon1]:592446 [NetMuon2]:592086 [NetMuon3]:635830 [NetMuon4]:635830
[Run]:41381 [Site]:1 [Bin]:15041 [FullTime]:3590.17 [SkipTime]:0 [Veto1]:629.692 [Veto2]:630.811 [Veto3]:404.63 [Veto4]:404.63 [SgUp1]:174994 [SgUp2]:171102 [SgUp3]:0 [SgUp4]:0 [SgLow1]:174561 [SgLow2]:170683 [SgLow3]:0 [SgLow4]:0 [NetMuon1]:589894 [NetMuon2]:589673 [NetMuon3]:634849 [NetMuon4]:634849
End process Run: 41381 ... 
[Run]:41381 [Site]:1 [Bin]:15042 [FullTime]:2305.14 [SkipTime]:0 [Veto1]:382.824 [Veto2]:406.141 [Veto3]:259.457 [Veto4]:259.457
