StreamChain add 0x1baed7e0
Start to process run: 41578 ... 
[Run]:41578 [Site]:1 [Bin]:15260 [FullTime]:2014.92 [SkipTime]:0 [Veto1]:343.955 [Veto2]:378.709 [Veto3]:227.552 [Veto4]:227.552 [SgUp1]:98626 [SgUp2]:94957 [SgUp3]:0 [SgUp4]:0 [SgLow1]:98402 [SgLow2]:94785 [SgLow3]:0 [SgLow4]:0 [NetMuon1]:333981 [NetMuon2]:327166 [NetMuon3]:357214 [NetMuon4]:357214
[Run]:41578 [Site]:1 [Bin]:15261 [FullTime]:3590.17 [SkipTime]:0 [Veto1]:624.398 [Veto2]:635.265 [Veto3]:406.74 [Veto4]:406.74 [SgUp1]:175834 [SgUp2]:171436 [SgUp3]:0 [SgUp4]:0 [SgLow1]:175444 [SgLow2]:171045 [SgLow3]:0 [SgLow4]:0 [NetMuon1]:594785 [NetMuon2]:592559 [NetMuon3]:638234 [NetMuon4]:638234
[Run]:41578 [Site]:1 [Bin]:15262 [FullTime]:3590.17 [SkipTime]:0 [Veto1]:611.948 [Veto2]:621.17 [Veto3]:406.93 [Veto4]:406.93 [SgUp1]:175734 [SgUp2]:172372 [SgUp3]:0 [SgUp4]:0 [SgLow1]:175385 [SgLow2]:171953 [SgLow3]:0 [SgLow4]:0 [NetMuon1]:596826 [NetMuon2]:595617 [NetMuon3]:638454 [NetMuon4]:638454
[Run]:41578 [Site]:1 [Bin]:15263 [FullTime]:3590.17 [SkipTime]:0 [Veto1]:634.856 [Veto2]:620.627 [Veto3]:406.482 [Veto4]:406.482 [SgUp1]:175035 [SgUp2]:172148 [SgUp3]:0 [SgUp4]:0 [SgLow1]:174587 [SgLow2]:171745 [SgLow3]:0 [SgLow4]:0 [NetMuon1]:591726 [NetMuon2]:594373 [NetMuon3]:637366 [NetMuon4]:637366
[Run]:41578 [Site]:1 [Bin]:15264 [FullTime]:3590.17 [SkipTime]:0 [Veto1]:614.373 [Veto2]:637.905 [Veto3]:406.254 [Veto4]:406.254 [SgUp1]:175461 [SgUp2]:171638 [SgUp3]:0 [SgUp4]:0 [SgLow1]:175083 [SgLow2]:171254 [SgLow3]:0 [SgLow4]:0 [NetMuon1]:595690 [NetMuon2]:590738 [NetMuon3]:637146 [NetMuon4]:637146
[Run]:41578 [Site]:1 [Bin]:15265 [FullTime]:3590.17 [SkipTime]:0 [Veto1]:617.812 [Veto2]:629.364 [Veto3]:405.959 [Veto4]:405.959 [SgUp1]:175114 [SgUp2]:171700 [SgUp3]:0 [SgUp4]:0 [SgLow1]:174743 [SgLow2]:171315 [SgLow3]:0 [SgLow4]:0 [NetMuon1]:594541 [NetMuon2]:591808 [NetMuon3]:636709 [NetMuon4]:636709
[Run]:41578 [Site]:1 [Bin]:15266 [FullTime]:3590.17 [SkipTime]:0 [Veto1]:613.213 [Veto2]:609.753 [Veto3]:405.508 [Veto4]:405.508 [SgUp1]:175790 [SgUp2]:172405 [SgUp3]:0 [SgUp4]:0 [SgLow1]:175360 [SgLow2]:172021 [SgLow3]:0 [SgLow4]:0 [NetMuon1]:594623 [NetMuon2]:595061 [NetMuon3]:636056 [NetMuon4]:636056
[Run]:41578 [Site]:1 [Bin]:15267 [FullTime]:3590.17 [SkipTime]:0 [Veto1]:602.766 [Veto2]:631.301 [Veto3]:405.892 [Veto4]:405.892 [SgUp1]:175462 [SgUp2]:170818 [SgUp3]:0 [SgUp4]:0 [SgLow1]:175054 [SgLow2]:170467 [SgLow3]:0 [SgLow4]:0 [NetMuon1]:596996 [NetMuon2]:591769 [NetMuon3]:636615 [NetMuon4]:636615
[Run]:41578 [Site]:1 [Bin]:15268 [FullTime]:3590.17 [SkipTime]:0 [Veto1]:603.476 [Veto2]:607.415 [Veto3]:405.752 [Veto4]:405.752 [SgUp1]:175808 [SgUp2]:172512 [SgUp3]:0 [SgUp4]:0 [SgLow1]:175426 [SgLow2]:172144 [SgLow3]:0 [SgLow4]:0 [NetMuon1]:597110 [NetMuon2]:596355 [NetMuon3]:636779 [NetMuon4]:636779
[Run]:41578 [Site]:1 [Bin]:15269 [FullTime]:3590.17 [SkipTime]:0 [Veto1]:630.321 [Veto2]:626.862 [Veto3]:405.644 [Veto4]:405.644 [SgUp1]:174437 [SgUp2]:172086 [SgUp3]:0 [SgUp4]:0 [SgLow1]:174074 [SgLow2]:171744 [SgLow3]:0 [SgLow4]:0 [NetMuon1]:591143 [NetMuon2]:591937 [NetMuon3]:636209 [NetMuon4]:636209
[Run]:41578 [Site]:1 [Bin]:15270 [FullTime]:3590.17 [SkipTime]:0 [Veto1]:643.746 [Veto2]:638.134 [Veto3]:406.139 [Veto4]:406.139 [SgUp1]:173657 [SgUp2]:171098 [SgUp3]:0 [SgUp4]:0 [SgLow1]:173260 [SgLow2]:170749 [SgLow3]:0 [SgLow4]:0 [NetMuon1]:589404 [NetMuon2]:590702 [NetMuon3]:637140 [NetMuon4]:637140
[Run]:41578 [Site]:1 [Bin]:15271 [FullTime]:3590.17 [SkipTime]:0 [Veto1]:623.148 [Veto2]:643.045 [Veto3]:406.335 [Veto4]:406.335 [SgUp1]:175365 [SgUp2]:171270 [SgUp3]:0 [SgUp4]:0 [SgLow1]:174975 [SgLow2]:170876 [SgLow3]:0 [SgLow4]:0 [NetMuon1]:594108 [NetMuon2]:590165 [NetMuon3]:637384 [NetMuon4]:637384
[Run]:41578 [Site]:1 [Bin]:15272 [FullTime]:3590.17 [SkipTime]:0 [Veto1]:596.964 [Veto2]:619.944 [Veto3]:405.978 [Veto4]:405.978 [SgUp1]:176350 [SgUp2]:172722 [SgUp3]:0 [SgUp4]:0 [SgLow1]:175993 [SgLow2]:172354 [SgLow3]:0 [SgLow4]:0 [NetMuon1]:598477 [NetMuon2]:594171 [NetMuon3]:636765 [NetMuon4]:636765
[Run]:41578 [Site]:1 [Bin]:15273 [FullTime]:3590.17 [SkipTime]:0 [Veto1]:598.764 [Veto2]:624.874 [Veto3]:405.944 [Veto4]:405.944 [SgUp1]:176531 [SgUp2]:171229 [SgUp3]:0 [SgUp4]:0 [SgLow1]:176163 [SgLow2]:170832 [SgLow3]:0 [SgLow4]:0 [NetMuon1]:598157 [NetMuon2]:593198 [NetMuon3]:636713 [NetMuon4]:636713
[Run]:41578 [Site]:1 [Bin]:15274 [FullTime]:3590.17 [SkipTime]:0 [Veto1]:620.331 [Veto2]:629.557 [Veto3]:405.553 [Veto4]:405.553 [SgUp1]:175514 [SgUp2]:171999 [SgUp3]:0 [SgUp4]:0 [SgLow1]:175125 [SgLow2]:171610 [SgLow3]:0 [SgLow4]:0 [NetMuon1]:593501 [NetMuon2]:591438 [NetMuon3]:636148 [NetMuon4]:636148
[Run]:41578 [Site]:1 [Bin]:15275 [FullTime]:3590.17 [SkipTime]:0 [Veto1]:605.75 [Veto2]:612.738 [Veto3]:405.746 [Veto4]:405.746 [SgUp1]:176195 [SgUp2]:172572 [SgUp3]:0 [SgUp4]:0 [SgLow1]:175813 [SgLow2]:172194 [SgLow3]:0 [SgLow4]:0 [NetMuon1]:596414 [NetMuon2]:595058 [NetMuon3]:636465 [NetMuon4]:636465
[Run]:41578 [Site]:1 [Bin]:15276 [FullTime]:3590.17 [SkipTime]:0 [Veto1]:606.64 [Veto2]:640.27 [Veto3]:406.874 [Veto4]:406.874 [SgUp1]:175789 [SgUp2]:170436 [SgUp3]:0 [SgUp4]:0 [SgLow1]:175462 [SgLow2]:170070 [SgLow3]:0 [SgLow4]:0 [NetMuon1]:598101 [NetMuon2]:591226 [NetMuon3]:638167 [NetMuon4]:638167
[Run]:41578 [Site]:1 [Bin]:15277 [FullTime]:3590.17 [SkipTime]:0 [Veto1]:639.698 [Veto2]:623.569 [Veto3]:406.066 [Veto4]:406.066 [SgUp1]:173697 [SgUp2]:171483 [SgUp3]:0 [SgUp4]:0 [SgLow1]:173317 [SgLow2]:171106 [SgLow3]:0 [SgLow4]:0 [NetMuon1]:590184 [NetMuon2]:593439 [NetMuon3]:637114 [NetMuon4]:637114
[Run]:41578 [Site]:1 [Bin]:15278 [FullTime]:3590.17 [SkipTime]:0 [Veto1]:625.202 [Veto2]:630.596 [Veto3]:406.817 [Veto4]:406.817 [SgUp1]:175198 [SgUp2]:171530 [SgUp3]:0 [SgUp4]:0 [SgLow1]:174811 [SgLow2]:171176 [SgLow3]:0 [SgLow4]:0 [NetMuon1]:594392 [NetMuon2]:592943 [NetMuon3]:638046 [NetMuon4]:638046
[Run]:41578 [Site]:1 [Bin]:15279 [FullTime]:3590.17 [SkipTime]:0 [Veto1]:606.418 [Veto2]:621.865 [Veto3]:405.965 [Veto4]:405.965 [SgUp1]:176083 [SgUp2]:171808 [SgUp3]:0 [SgUp4]:0 [SgLow1]:175748 [SgLow2]:171469 [SgLow3]:0 [SgLow4]:0 [NetMuon1]:596674 [NetMuon2]:593757 [NetMuon3]:636754 [NetMuon4]:636754
[Run]:41578 [Site]:1 [Bin]:15280 [FullTime]:3590.17 [SkipTime]:0 [Veto1]:599.514 [Veto2]:639.408 [Veto3]:405.788 [Veto4]:405.788 [SgUp1]:176439 [SgUp2]:171691 [SgUp3]:0 [SgUp4]:0 [SgLow1]:176092 [SgLow2]:171300 [SgLow3]:0 [SgLow4]:0 [NetMuon1]:598139 [NetMuon2]:590175 [NetMuon3]:636650 [NetMuon4]:636650
[Run]:41578 [Site]:1 [Bin]:15281 [FullTime]:3590.17 [SkipTime]:0 [Veto1]:596.195 [Veto2]:623.708 [Veto3]:406.991 [Veto4]:406.991 [SgUp1]:177123 [SgUp2]:172199 [SgUp3]:0 [SgUp4]:0 [SgLow1]:176792 [SgLow2]:171795 [SgLow3]:0 [SgLow4]:0 [NetMuon1]:600644 [NetMuon2]:594687 [NetMuon3]:638169 [NetMuon4]:638169
[Run]:41578 [Site]:1 [Bin]:15282 [FullTime]:3590.17 [SkipTime]:0 [Veto1]:610.662 [Veto2]:604.162 [Veto3]:405.822 [Veto4]:405.822 [SgUp1]:175682 [SgUp2]:173695 [SgUp3]:0 [SgUp4]:0 [SgLow1]:175352 [SgLow2]:173340 [SgLow3]:0 [SgLow4]:0 [NetMuon1]:595652 [NetMuon2]:597148 [NetMuon3]:636693 [NetMuon4]:636693
[Run]:41578 [Site]:1 [Bin]:15283 [FullTime]:3590.17 [SkipTime]:0 [Veto1]:631.035 [Veto2]:620.301 [Veto3]:405.469 [Veto4]:405.469 [SgUp1]:174899 [SgUp2]:171600 [SgUp3]:0 [SgUp4]:0 [SgLow1]:174548 [SgLow2]:171241 [SgLow3]:0 [SgLow4]:0 [NetMuon1]:591077 [NetMuon2]:593244 [NetMuon3]:635972 [NetMuon4]:635972
[Run]:41578 [Site]:1 [Bin]:15284 [FullTime]:3590.17 [SkipTime]:0 [Veto1]:612.188 [Veto2]:621.587 [Veto3]:406.736 [Veto4]:406.736 [SgUp1]:175779 [SgUp2]:171692 [SgUp3]:0 [SgUp4]:0 [SgLow1]:175411 [SgLow2]:171326 [SgLow3]:0 [SgLow4]:0 [NetMuon1]:596701 [NetMuon2]:594810 [NetMuon3]:638029 [NetMuon4]:638029
[Run]:41578 [Site]:1 [Bin]:15285 [FullTime]:3590.17 [SkipTime]:0 [Veto1]:632.177 [Veto2]:646.352 [Veto3]:406.919 [Veto4]:406.919 [SgUp1]:173922 [SgUp2]:170276 [SgUp3]:0 [SgUp4]:0 [SgLow1]:173571 [SgLow2]:169956 [SgLow3]:0 [SgLow4]:0 [NetMuon1]:592863 [NetMuon2]:590206 [NetMuon3]:638203 [NetMuon4]:638203
[Run]:41578 [Site]:1 [Bin]:15286 [FullTime]:3590.17 [SkipTime]:0 [Veto1]:619.328 [Veto2]:654.444 [Veto3]:407.178 [Veto4]:407.178 [SgUp1]:175881 [SgUp2]:170342 [SgUp3]:0 [SgUp4]:0 [SgLow1]:175522 [SgLow2]:169987 [SgLow3]:0 [SgLow4]:0 [NetMuon1]:596347 [NetMuon2]:588935 [NetMuon3]:638792 [NetMuon4]:638792
[Run]:41578 [Site]:1 [Bin]:15287 [FullTime]:3590.17 [SkipTime]:0 [Veto1]:608.213 [Veto2]:638.289 [Veto3]:406.424 [Veto4]:406.424 [SgUp1]:176582 [SgUp2]:170531 [SgUp3]:0 [SgUp4]:0 [SgLow1]:176178 [SgLow2]:170166 [SgLow3]:0 [SgLow4]:0 [NetMuon1]:597068 [NetMuon2]:590715 [NetMuon3]:637374 [NetMuon4]:637374
[Run]:41578 [Site]:1 [Bin]:15288 [FullTime]:3590.17 [SkipTime]:0 [Veto1]:636.238 [Veto2]:613.719 [Veto3]:407.022 [Veto4]:407.022 [SgUp1]:173465 [SgUp2]:173008 [SgUp3]:0 [SgUp4]:0 [SgLow1]:173082 [SgLow2]:172583 [SgLow3]:0 [SgLow4]:0 [NetMuon1]:592618 [NetMuon2]:597328 [NetMuon3]:638437 [NetMuon4]:638437
[Run]:41578 [Site]:1 [Bin]:15289 [FullTime]:3590.17 [SkipTime]:0 [Veto1]:613.358 [Veto2]:628.764 [Veto3]:406.33 [Veto4]:406.33 [SgUp1]:175227 [SgUp2]:172508 [SgUp3]:0 [SgUp4]:0 [SgLow1]:174864 [SgLow2]:172152 [SgLow3]:0 [SgLow4]:0 [NetMuon1]:595507 [NetMuon2]:592856 [NetMuon3]:637299 [NetMuon4]:637299
[Run]:41578 [Site]:1 [Bin]:15290 [FullTime]:3590.17 [SkipTime]:0 [Veto1]:628.564 [Veto2]:632.988 [Veto3]:406.409 [Veto4]:406.409 [SgUp1]:174006 [SgUp2]:171247 [SgUp3]:0 [SgUp4]:0 [SgLow1]:173661 [SgLow2]:170883 [SgLow3]:0 [SgLow4]:0 [NetMuon1]:593289 [NetMuon2]:592516 [NetMuon3]:637604 [NetMuon4]:637604
[Run]:41578 [Site]:1 [Bin]:15291 [FullTime]:3590.17 [SkipTime]:0 [Veto1]:614.538 [Veto2]:642.078 [Veto3]:406.833 [Veto4]:406.833 [SgUp1]:175154 [SgUp2]:170799 [SgUp3]:0 [SgUp4]:0 [SgLow1]:174820 [SgLow2]:170461 [SgLow3]:0 [SgLow4]:0 [NetMuon1]:596827 [NetMuon2]:590785 [NetMuon3]:638221 [NetMuon4]:638221
[Run]:41578 [Site]:1 [Bin]:15292 [FullTime]:3590.17 [SkipTime]:0 [Veto1]:639.668 [Veto2]:641.085 [Veto3]:405.791 [Veto4]:405.791 [SgUp1]:174488 [SgUp2]:170282 [SgUp3]:0 [SgUp4]:0 [SgLow1]:174091 [SgLow2]:169894 [SgLow3]:0 [SgLow4]:0 [NetMuon1]:590016 [NetMuon2]:589569 [NetMuon3]:636732 [NetMuon4]:636732
[Run]:41578 [Site]:1 [Bin]:15293 [FullTime]:3590.17 [SkipTime]:0 [Veto1]:599.751 [Veto2]:647.584 [Veto3]:405.951 [Veto4]:405.951 [SgUp1]:175676 [SgUp2]:170785 [SgUp3]:0 [SgUp4]:0 [SgLow1]:175288 [SgLow2]:170397 [SgLow3]:0 [SgLow4]:0 [NetMuon1]:598485 [NetMuon2]:588552 [NetMuon3]:636894 [NetMuon4]:636894
[Run]:41578 [Site]:1 [Bin]:15294 [FullTime]:3590.17 [SkipTime]:0 [Veto1]:625.4 [Veto2]:654.099 [Veto3]:405.962 [Veto4]:405.962 [SgUp1]:174840 [SgUp2]:170884 [SgUp3]:0 [SgUp4]:0 [SgLow1]:174455 [SgLow2]:170540 [SgLow3]:0 [SgLow4]:0 [NetMuon1]:592856 [NetMuon2]:587535 [NetMuon3]:636934 [NetMuon4]:636934
[Run]:41578 [Site]:1 [Bin]:15295 [FullTime]:3590.17 [SkipTime]:0 [Veto1]:608.116 [Veto2]:639.18 [Veto3]:405.553 [Veto4]:405.553 [SgUp1]:176012 [SgUp2]:171631 [SgUp3]:0 [SgUp4]:0 [SgLow1]:175626 [SgLow2]:171235 [SgLow3]:0 [SgLow4]:0 [NetMuon1]:595675 [NetMuon2]:590282 [NetMuon3]:636432 [NetMuon4]:636432
[Run]:41578 [Site]:1 [Bin]:15296 [FullTime]:3590.17 [SkipTime]:0 [Veto1]:625.505 [Veto2]:635.562 [Veto3]:406.567 [Veto4]:406.567 [SgUp1]:175038 [SgUp2]:172074 [SgUp3]:0 [SgUp4]:0 [SgLow1]:174675 [SgLow2]:171706 [SgLow3]:0 [SgLow4]:0 [NetMuon1]:594431 [NetMuon2]:591882 [NetMuon3]:637955 [NetMuon4]:637955
[Run]:41578 [Site]:1 [Bin]:15297 [FullTime]:3590.17 [SkipTime]:0 [Veto1]:616.546 [Veto2]:632.772 [Veto3]:406.284 [Veto4]:406.284 [SgUp1]:174331 [SgUp2]:171834 [SgUp3]:0 [SgUp4]:0 [SgLow1]:173904 [SgLow2]:171480 [SgLow3]:0 [SgLow4]:0 [NetMuon1]:595739 [NetMuon2]:592097 [NetMuon3]:637545 [NetMuon4]:637545
[Run]:41578 [Site]:1 [Bin]:15298 [FullTime]:3590.17 [SkipTime]:0 [Veto1]:625.268 [Veto2]:645.788 [Veto3]:406.884 [Veto4]:406.884 [SgUp1]:173851 [SgUp2]:171254 [SgUp3]:0 [SgUp4]:0 [SgLow1]:173480 [SgLow2]:170902 [SgLow3]:0 [SgLow4]:0 [NetMuon1]:594382 [NetMuon2]:590497 [NetMuon3]:638226 [NetMuon4]:638226
[Run]:41578 [Site]:1 [Bin]:15299 [FullTime]:3590.17 [SkipTime]:0 [Veto1]:620.78 [Veto2]:617.408 [Veto3]:406.69 [Veto4]:406.69 [SgUp1]:175478 [SgUp2]:171516 [SgUp3]:0 [SgUp4]:0 [SgLow1]:175162 [SgLow2]:171146 [SgLow3]:0 [SgLow4]:0 [NetMuon1]:594779 [NetMuon2]:595576 [NetMuon3]:637775 [NetMuon4]:637775
[Run]:41578 [Site]:1 [Bin]:15300 [FullTime]:3590.17 [SkipTime]:0 [Veto1]:610.289 [Veto2]:635.398 [Veto3]:406.836 [Veto4]:406.836 [SgUp1]:176067 [SgUp2]:171405 [SgUp3]:0 [SgUp4]:0 [SgLow1]:175724 [SgLow2]:171047 [SgLow3]:0 [SgLow4]:0 [NetMuon1]:597495 [NetMuon2]:592179 [NetMuon3]:638076 [NetMuon4]:638076
[Run]:41578 [Site]:1 [Bin]:15301 [FullTime]:3590.17 [SkipTime]:0 [Veto1]:610.492 [Veto2]:625.769 [Veto3]:406.943 [Veto4]:406.943 [SgUp1]:175616 [SgUp2]:172507 [SgUp3]:0 [SgUp4]:0 [SgLow1]:175270 [SgLow2]:172130 [SgLow3]:0 [SgLow4]:0 [NetMuon1]:597277 [NetMuon2]:594253 [NetMuon3]:638246 [NetMuon4]:638246
[Run]:41578 [Site]:1 [Bin]:15302 [FullTime]:3590.17 [SkipTime]:0 [Veto1]:638.8 [Veto2]:638.281 [Veto3]:406.399 [Veto4]:406.399 [SgUp1]:174192 [SgUp2]:171553 [SgUp3]:0 [SgUp4]:0 [SgLow1]:173858 [SgLow2]:171174 [SgLow3]:0 [SgLow4]:0 [NetMuon1]:590712 [NetMuon2]:590478 [NetMuon3]:637378 [NetMuon4]:637378
[Run]:41578 [Site]:1 [Bin]:15303 [FullTime]:3590.17 [SkipTime]:0 [Veto1]:625.433 [Veto2]:654.133 [Veto3]:406.578 [Veto4]:406.578 [SgUp1]:173789 [SgUp2]:170704 [SgUp3]:0 [SgUp4]:0 [SgLow1]:173400 [SgLow2]:170355 [SgLow3]:0 [SgLow4]:0 [NetMuon1]:593761 [NetMuon2]:587670 [NetMuon3]:637342 [NetMuon4]:637342
[Run]:41578 [Site]:1 [Bin]:15304 [FullTime]:3590.17 [SkipTime]:0 [Veto1]:645.249 [Veto2]:633.497 [Veto3]:406.793 [Veto4]:406.793 [SgUp1]:173041 [SgUp2]:172070 [SgUp3]:0 [SgUp4]:0 [SgLow1]:172683 [SgLow2]:171663 [SgLow3]:0 [SgLow4]:0 [NetMuon1]:590383 [NetMuon2]:592571 [NetMuon3]:637945 [NetMuon4]:637945
[Run]:41578 [Site]:1 [Bin]:15305 [FullTime]:3590.17 [SkipTime]:0 [Veto1]:629.072 [Veto2]:629.347 [Veto3]:407.046 [Veto4]:407.046 [SgUp1]:175040 [SgUp2]:172118 [SgUp3]:0 [SgUp4]:0 [SgLow1]:174665 [SgLow2]:171718 [SgLow3]:0 [SgLow4]:0 [NetMuon1]:593582 [NetMuon2]:593872 [NetMuon3]:638269 [NetMuon4]:638269
[Run]:41578 [Site]:1 [Bin]:15306 [FullTime]:3590.17 [SkipTime]:0 [Veto1]:615.65 [Veto2]:633.466 [Veto3]:406.37 [Veto4]:406.37 [SgUp1]:175460 [SgUp2]:172215 [SgUp3]:0 [SgUp4]:0 [SgLow1]:175054 [SgLow2]:171874 [SgLow3]:0 [SgLow4]:0 [NetMuon1]:595452 [NetMuon2]:591950 [NetMuon3]:637633 [NetMuon4]:637633
[Run]:41578 [Site]:1 [Bin]:15307 [FullTime]:3590.17 [SkipTime]:0 [Veto1]:652.652 [Veto2]:642.769 [Veto3]:405.453 [Veto4]:405.453 [SgUp1]:173613 [SgUp2]:171184 [SgUp3]:0 [SgUp4]:0 [SgLow1]:173256 [SgLow2]:170816 [SgLow3]:0 [SgLow4]:0 [NetMuon1]:586355 [NetMuon2]:588767 [NetMuon3]:636268 [NetMuon4]:636268
End process Run: 41578 ... 
[Run]:41578 [Site]:1 [Bin]:15308 [FullTime]:1920.62 [SkipTime]:0 [Veto1]:334.644 [Veto2]:356.946 [Veto3]:216.712 [Veto4]:216.712
