StreamChain add 0xbb477e0
Start to process run: 42840 ... 
[Run]:42840 [Site]:1 [Bin]:16705 [FullTime]:101.384 [SkipTime]:0 [Veto1]:15.7417 [Veto2]:16.6193 [Veto3]:11.4681 [Veto4]:11.4681 [SgUp1]:5028 [SgUp2]:4793 [SgUp3]:0 [SgUp4]:0 [SgLow1]:5022 [SgLow2]:4782 [SgLow3]:0 [SgLow4]:0 [NetMuon1]:17123 [NetMuon2]:16949 [NetMuon3]:17983 [NetMuon4]:17983
[Run]:42840 [Site]:1 [Bin]:16706 [FullTime]:3590.17 [SkipTime]:0 [Veto1]:617.461 [Veto2]:624.681 [Veto3]:404.493 [Veto4]:404.493 [SgUp1]:174410 [SgUp2]:171573 [SgUp3]:0 [SgUp4]:0 [SgLow1]:174057 [SgLow2]:171257 [SgLow3]:0 [SgLow4]:0 [NetMuon1]:592362 [NetMuon2]:591419 [NetMuon3]:634650 [NetMuon4]:634650
[Run]:42840 [Site]:1 [Bin]:16707 [FullTime]:3590.17 [SkipTime]:0 [Veto1]:627.228 [Veto2]:646.184 [Veto3]:404.434 [Veto4]:404.434 [SgUp1]:173246 [SgUp2]:169694 [SgUp3]:0 [SgUp4]:0 [SgLow1]:172906 [SgLow2]:169327 [SgLow3]:0 [SgLow4]:0 [NetMuon1]:590287 [NetMuon2]:586894 [NetMuon3]:634647 [NetMuon4]:634647
[Run]:42840 [Site]:1 [Bin]:16708 [FullTime]:3590.17 [SkipTime]:0 [Veto1]:613.587 [Veto2]:634.753 [Veto3]:404.677 [Veto4]:404.677 [SgUp1]:174481 [SgUp2]:170798 [SgUp3]:0 [SgUp4]:0 [SgLow1]:174132 [SgLow2]:170489 [SgLow3]:0 [SgLow4]:0 [NetMuon1]:593725 [NetMuon2]:589008 [NetMuon3]:635040 [NetMuon4]:635040
[Run]:42840 [Site]:1 [Bin]:16709 [FullTime]:3590.17 [SkipTime]:0 [Veto1]:614.852 [Veto2]:636.504 [Veto3]:404.645 [Veto4]:404.645 [SgUp1]:174233 [SgUp2]:170497 [SgUp3]:0 [SgUp4]:0 [SgLow1]:173896 [SgLow2]:170123 [SgLow3]:0 [SgLow4]:0 [NetMuon1]:593150 [NetMuon2]:589196 [NetMuon3]:635048 [NetMuon4]:635048
[Run]:42840 [Site]:1 [Bin]:16710 [FullTime]:3590.17 [SkipTime]:0 [Veto1]:617.212 [Veto2]:621.768 [Veto3]:404.995 [Veto4]:404.995 [SgUp1]:174696 [SgUp2]:171771 [SgUp3]:0 [SgUp4]:0 [SgLow1]:174399 [SgLow2]:171426 [SgLow3]:0 [SgLow4]:0 [NetMuon1]:592765 [NetMuon2]:592367 [NetMuon3]:635350 [NetMuon4]:635350
[Run]:42840 [Site]:1 [Bin]:16711 [FullTime]:3590.17 [SkipTime]:0 [Veto1]:596.731 [Veto2]:624.128 [Veto3]:405.257 [Veto4]:405.257 [SgUp1]:175609 [SgUp2]:170669 [SgUp3]:0 [SgUp4]:0 [SgLow1]:175297 [SgLow2]:170370 [SgLow3]:0 [SgLow4]:0 [NetMuon1]:597216 [NetMuon2]:592052 [NetMuon3]:635581 [NetMuon4]:635581
[Run]:42840 [Site]:1 [Bin]:16712 [FullTime]:3590.17 [SkipTime]:0 [Veto1]:627.451 [Veto2]:641.077 [Veto3]:405.023 [Veto4]:405.023 [SgUp1]:174567 [SgUp2]:169934 [SgUp3]:0 [SgUp4]:0 [SgLow1]:174230 [SgLow2]:169632 [SgLow3]:0 [SgLow4]:0 [NetMuon1]:591175 [NetMuon2]:588404 [NetMuon3]:635402 [NetMuon4]:635402
[Run]:42840 [Site]:1 [Bin]:16713 [FullTime]:3590.17 [SkipTime]:0 [Veto1]:621.713 [Veto2]:640.592 [Veto3]:404.679 [Veto4]:404.679 [SgUp1]:174623 [SgUp2]:170001 [SgUp3]:0 [SgUp4]:0 [SgLow1]:174330 [SgLow2]:169684 [SgLow3]:0 [SgLow4]:0 [NetMuon1]:592033 [NetMuon2]:587945 [NetMuon3]:635017 [NetMuon4]:635017
[Run]:42840 [Site]:1 [Bin]:16714 [FullTime]:3590.17 [SkipTime]:0 [Veto1]:641.493 [Veto2]:648.46 [Veto3]:405.025 [Veto4]:405.025 [SgUp1]:173454 [SgUp2]:170190 [SgUp3]:0 [SgUp4]:0 [SgLow1]:173111 [SgLow2]:169855 [SgLow3]:0 [SgLow4]:0 [NetMuon1]:588128 [NetMuon2]:586743 [NetMuon3]:635543 [NetMuon4]:635543
[Run]:42840 [Site]:1 [Bin]:16715 [FullTime]:3590.17 [SkipTime]:0 [Veto1]:619.147 [Veto2]:646.332 [Veto3]:405.182 [Veto4]:405.182 [SgUp1]:174449 [SgUp2]:169177 [SgUp3]:0 [SgUp4]:0 [SgLow1]:174077 [SgLow2]:168854 [SgLow3]:0 [SgLow4]:0 [NetMuon1]:593116 [NetMuon2]:587975 [NetMuon3]:635806 [NetMuon4]:635806
[Run]:42840 [Site]:1 [Bin]:16716 [FullTime]:3590.17 [SkipTime]:0 [Veto1]:622.787 [Veto2]:624.737 [Veto3]:404.133 [Veto4]:404.133 [SgUp1]:174991 [SgUp2]:171191 [SgUp3]:0 [SgUp4]:0 [SgLow1]:174590 [SgLow2]:170875 [SgLow3]:0 [SgLow4]:0 [NetMuon1]:590256 [NetMuon2]:589852 [NetMuon3]:634082 [NetMuon4]:634082
[Run]:42840 [Site]:1 [Bin]:16717 [FullTime]:3590.17 [SkipTime]:0 [Veto1]:612.174 [Veto2]:615.208 [Veto3]:404.371 [Veto4]:404.371 [SgUp1]:174435 [SgUp2]:171733 [SgUp3]:0 [SgUp4]:0 [SgLow1]:174102 [SgLow2]:171378 [SgLow3]:0 [SgLow4]:0 [NetMuon1]:593057 [NetMuon2]:592156 [NetMuon3]:634379 [NetMuon4]:634379
[Run]:42840 [Site]:1 [Bin]:16718 [FullTime]:3590.17 [SkipTime]:0 [Veto1]:624.604 [Veto2]:642.85 [Veto3]:405.164 [Veto4]:405.164 [SgUp1]:173702 [SgUp2]:170436 [SgUp3]:0 [SgUp4]:0 [SgLow1]:173370 [SgLow2]:170093 [SgLow3]:0 [SgLow4]:0 [NetMuon1]:591726 [NetMuon2]:588502 [NetMuon3]:635688 [NetMuon4]:635688
[Run]:42840 [Site]:1 [Bin]:16719 [FullTime]:3590.17 [SkipTime]:0 [Veto1]:626.157 [Veto2]:639.335 [Veto3]:404.719 [Veto4]:404.719 [SgUp1]:173796 [SgUp2]:170274 [SgUp3]:0 [SgUp4]:0 [SgLow1]:173489 [SgLow2]:169953 [SgLow3]:0 [SgLow4]:0 [NetMuon1]:590809 [NetMuon2]:588011 [NetMuon3]:635196 [NetMuon4]:635196
[Run]:42840 [Site]:1 [Bin]:16720 [FullTime]:3590.17 [SkipTime]:0 [Veto1]:617.305 [Veto2]:636.445 [Veto3]:406.262 [Veto4]:406.262 [SgUp1]:174889 [SgUp2]:169435 [SgUp3]:0 [SgUp4]:0 [SgLow1]:174528 [SgLow2]:169125 [SgLow3]:0 [SgLow4]:0 [NetMuon1]:594902 [NetMuon2]:590976 [NetMuon3]:637252 [NetMuon4]:637252
[Run]:42840 [Site]:1 [Bin]:16721 [FullTime]:3590.17 [SkipTime]:0 [Veto1]:599.439 [Veto2]:613.838 [Veto3]:404.413 [Veto4]:404.413 [SgUp1]:176104 [SgUp2]:171243 [SgUp3]:0 [SgUp4]:0 [SgLow1]:175749 [SgLow2]:170970 [SgLow3]:0 [SgLow4]:0 [NetMuon1]:595294 [NetMuon2]:592649 [NetMuon3]:634460 [NetMuon4]:634460
[Run]:42840 [Site]:1 [Bin]:16722 [FullTime]:3590.17 [SkipTime]:0 [Veto1]:608.676 [Veto2]:626.309 [Veto3]:405.134 [Veto4]:405.134 [SgUp1]:175367 [SgUp2]:170624 [SgUp3]:0 [SgUp4]:0 [SgLow1]:175075 [SgLow2]:170304 [SgLow3]:0 [SgLow4]:0 [NetMuon1]:594932 [NetMuon2]:591304 [NetMuon3]:635803 [NetMuon4]:635803
[Run]:42840 [Site]:1 [Bin]:16723 [FullTime]:3590.17 [SkipTime]:0 [Veto1]:594.417 [Veto2]:610.658 [Veto3]:404.077 [Veto4]:404.077 [SgUp1]:176668 [SgUp2]:171656 [SgUp3]:0 [SgUp4]:0 [SgLow1]:176353 [SgLow2]:171312 [SgLow3]:0 [SgLow4]:0 [NetMuon1]:595885 [NetMuon2]:592926 [NetMuon3]:633943 [NetMuon4]:633943
[Run]:42840 [Site]:1 [Bin]:16724 [FullTime]:3590.17 [SkipTime]:0 [Veto1]:634.85 [Veto2]:619.672 [Veto3]:404.493 [Veto4]:404.493 [SgUp1]:173209 [SgUp2]:171508 [SgUp3]:0 [SgUp4]:0 [SgLow1]:172889 [SgLow2]:171128 [SgLow3]:0 [SgLow4]:0 [NetMuon1]:589059 [NetMuon2]:591542 [NetMuon3]:634601 [NetMuon4]:634601
[Run]:42840 [Site]:1 [Bin]:16725 [FullTime]:3590.17 [SkipTime]:0 [Veto1]:610.13 [Veto2]:649.694 [Veto3]:404.062 [Veto4]:404.062 [SgUp1]:174285 [SgUp2]:170234 [SgUp3]:0 [SgUp4]:0 [SgLow1]:173950 [SgLow2]:169917 [SgLow3]:0 [SgLow4]:0 [NetMuon1]:593093 [NetMuon2]:585464 [NetMuon3]:634074 [NetMuon4]:634074
[Run]:42840 [Site]:1 [Bin]:16726 [FullTime]:3590.17 [SkipTime]:0 [Veto1]:613.681 [Veto2]:641.148 [Veto3]:403.778 [Veto4]:403.778 [SgUp1]:174103 [SgUp2]:170209 [SgUp3]:0 [SgUp4]:0 [SgLow1]:173797 [SgLow2]:169873 [SgLow3]:0 [SgLow4]:0 [NetMuon1]:591803 [NetMuon2]:586514 [NetMuon3]:633782 [NetMuon4]:633782
[Run]:42840 [Site]:1 [Bin]:16727 [FullTime]:3590.17 [SkipTime]:0 [Veto1]:607.667 [Veto2]:627.122 [Veto3]:404.357 [Veto4]:404.357 [SgUp1]:175090 [SgUp2]:171326 [SgUp3]:0 [SgUp4]:0 [SgLow1]:174733 [SgLow2]:171010 [SgLow3]:0 [SgLow4]:0 [NetMuon1]:594265 [NetMuon2]:590094 [NetMuon3]:634636 [NetMuon4]:634636
End process Run: 42840 ... 
[Run]:42840 [Site]:1 [Bin]:16728 [FullTime]:1551.21 [SkipTime]:0 [Veto1]:256.41 [Veto2]:267.503 [Veto3]:174.582 [Veto4]:174.582
