StreamChain add 0xe99c7e0
Start to process run: 42765 ... 
[Run]:42765 [Site]:1 [Bin]:16683 [FullTime]:1580.94 [SkipTime]:0 [Veto1]:263.243 [Veto2]:283.327 [Veto3]:177.61 [Veto4]:177.61 [SgUp1]:77882 [SgUp2]:75255 [SgUp3]:0 [SgUp4]:0 [SgLow1]:77759 [SgLow2]:75087 [SgLow3]:0 [SgLow4]:0 [NetMuon1]:261620 [NetMuon2]:257767 [NetMuon3]:278676 [NetMuon4]:278676
[Run]:42765 [Site]:1 [Bin]:16684 [FullTime]:3590.17 [SkipTime]:0 [Veto1]:628.729 [Veto2]:617.809 [Veto3]:404.676 [Veto4]:404.676 [SgUp1]:175544 [SgUp2]:172299 [SgUp3]:0 [SgUp4]:0 [SgLow1]:175230 [SgLow2]:171982 [SgLow3]:0 [SgLow4]:0 [NetMuon1]:590133 [NetMuon2]:592481 [NetMuon3]:634987 [NetMuon4]:634987
[Run]:42765 [Site]:1 [Bin]:16685 [FullTime]:3590.17 [SkipTime]:0 [Veto1]:625.631 [Veto2]:620.726 [Veto3]:403.738 [Veto4]:403.738 [SgUp1]:174498 [SgUp2]:171281 [SgUp3]:0 [SgUp4]:0 [SgLow1]:174165 [SgLow2]:170986 [SgLow3]:0 [SgLow4]:0 [NetMuon1]:589339 [NetMuon2]:590340 [NetMuon3]:633539 [NetMuon4]:633539
[Run]:42765 [Site]:1 [Bin]:16686 [FullTime]:3590.17 [SkipTime]:0 [Veto1]:638.839 [Veto2]:614.862 [Veto3]:404.097 [Veto4]:404.097 [SgUp1]:174189 [SgUp2]:172836 [SgUp3]:0 [SgUp4]:0 [SgLow1]:173845 [SgLow2]:172527 [SgLow3]:0 [SgLow4]:0 [NetMuon1]:587262 [NetMuon2]:592077 [NetMuon3]:633914 [NetMuon4]:633914
[Run]:42765 [Site]:1 [Bin]:16687 [FullTime]:3590.17 [SkipTime]:0 [Veto1]:616.66 [Veto2]:625.259 [Veto3]:404.146 [Veto4]:404.146 [SgUp1]:174720 [SgUp2]:171563 [SgUp3]:0 [SgUp4]:0 [SgLow1]:174392 [SgLow2]:171210 [SgLow3]:0 [SgLow4]:0 [NetMuon1]:592112 [NetMuon2]:590163 [NetMuon3]:634195 [NetMuon4]:634195
[Run]:42765 [Site]:1 [Bin]:16688 [FullTime]:3590.17 [SkipTime]:0 [Veto1]:641.108 [Veto2]:604.97 [Veto3]:404.548 [Veto4]:404.548 [SgUp1]:173284 [SgUp2]:172984 [SgUp3]:0 [SgUp4]:0 [SgLow1]:172910 [SgLow2]:172661 [SgLow3]:0 [SgLow4]:0 [NetMuon1]:587810 [NetMuon2]:595027 [NetMuon3]:634922 [NetMuon4]:634922
[Run]:42765 [Site]:1 [Bin]:16689 [FullTime]:3590.17 [SkipTime]:0 [Veto1]:625.696 [Veto2]:633.063 [Veto3]:404.889 [Veto4]:404.889 [SgUp1]:173930 [SgUp2]:171065 [SgUp3]:0 [SgUp4]:0 [SgLow1]:173619 [SgLow2]:170669 [SgLow3]:0 [SgLow4]:0 [NetMuon1]:591202 [NetMuon2]:589889 [NetMuon3]:635240 [NetMuon4]:635240
[Run]:42765 [Site]:1 [Bin]:16690 [FullTime]:3590.17 [SkipTime]:0 [Veto1]:625.408 [Veto2]:614.114 [Veto3]:404.182 [Veto4]:404.182 [SgUp1]:173576 [SgUp2]:172112 [SgUp3]:0 [SgUp4]:0 [SgLow1]:173236 [SgLow2]:171787 [SgLow3]:0 [SgLow4]:0 [NetMuon1]:589987 [NetMuon2]:592041 [NetMuon3]:633993 [NetMuon4]:633993
[Run]:42765 [Site]:1 [Bin]:16691 [FullTime]:3590.17 [SkipTime]:0 [Veto1]:621.513 [Veto2]:635.666 [Veto3]:404.745 [Veto4]:404.745 [SgUp1]:174313 [SgUp2]:170432 [SgUp3]:0 [SgUp4]:0 [SgLow1]:174014 [SgLow2]:170111 [SgLow3]:0 [SgLow4]:0 [NetMuon1]:591786 [NetMuon2]:588784 [NetMuon3]:634928 [NetMuon4]:634928
[Run]:42765 [Site]:1 [Bin]:16692 [FullTime]:3590.17 [SkipTime]:0 [Veto1]:604.963 [Veto2]:635.119 [Veto3]:404.635 [Veto4]:404.635 [SgUp1]:174630 [SgUp2]:171074 [SgUp3]:0 [SgUp4]:0 [SgLow1]:174329 [SgLow2]:170722 [SgLow3]:0 [SgLow4]:0 [NetMuon1]:594736 [NetMuon2]:588379 [NetMuon3]:634618 [NetMuon4]:634618
[Run]:42765 [Site]:1 [Bin]:16693 [FullTime]:3590.17 [SkipTime]:0 [Veto1]:616.9 [Veto2]:621.26 [Veto3]:404.199 [Veto4]:404.199 [SgUp1]:173981 [SgUp2]:170497 [SgUp3]:0 [SgUp4]:0 [SgLow1]:173664 [SgLow2]:170107 [SgLow3]:0 [SgLow4]:0 [NetMuon1]:591686 [NetMuon2]:590638 [NetMuon3]:633846 [NetMuon4]:633846
[Run]:42765 [Site]:1 [Bin]:16694 [FullTime]:3590.17 [SkipTime]:0 [Veto1]:611.559 [Veto2]:600.455 [Veto3]:403.735 [Veto4]:403.735 [SgUp1]:174183 [SgUp2]:172918 [SgUp3]:0 [SgUp4]:0 [SgLow1]:173885 [SgLow2]:172574 [SgLow3]:0 [SgLow4]:0 [NetMuon1]:591831 [NetMuon2]:594155 [NetMuon3]:633194 [NetMuon4]:633194
[Run]:42765 [Site]:1 [Bin]:16695 [FullTime]:3590.17 [SkipTime]:0 [Veto1]:653.815 [Veto2]:647.137 [Veto3]:405.165 [Veto4]:405.165 [SgUp1]:172284 [SgUp2]:170446 [SgUp3]:0 [SgUp4]:0 [SgLow1]:171935 [SgLow2]:170147 [SgLow3]:0 [SgLow4]:0 [NetMuon1]:585925 [NetMuon2]:587049 [NetMuon3]:635457 [NetMuon4]:635457
[Run]:42765 [Site]:1 [Bin]:16696 [FullTime]:3590.17 [SkipTime]:0 [Veto1]:625.815 [Veto2]:612.069 [Veto3]:404.015 [Veto4]:404.015 [SgUp1]:173452 [SgUp2]:172615 [SgUp3]:0 [SgUp4]:0 [SgLow1]:173159 [SgLow2]:172288 [SgLow3]:0 [SgLow4]:0 [NetMuon1]:589705 [NetMuon2]:592578 [NetMuon3]:634088 [NetMuon4]:634088
[Run]:42765 [Site]:1 [Bin]:16697 [FullTime]:3590.17 [SkipTime]:0 [Veto1]:617.822 [Veto2]:592.849 [Veto3]:404.409 [Veto4]:404.409 [SgUp1]:174633 [SgUp2]:173745 [SgUp3]:0 [SgUp4]:0 [SgLow1]:174269 [SgLow2]:173387 [SgLow3]:0 [SgLow4]:0 [NetMuon1]:591970 [NetMuon2]:596871 [NetMuon3]:634653 [NetMuon4]:634653
[Run]:42765 [Site]:1 [Bin]:16698 [FullTime]:3590.17 [SkipTime]:0 [Veto1]:604.193 [Veto2]:630.183 [Veto3]:404.442 [Veto4]:404.442 [SgUp1]:175579 [SgUp2]:170629 [SgUp3]:0 [SgUp4]:0 [SgLow1]:175279 [SgLow2]:170278 [SgLow3]:0 [SgLow4]:0 [NetMuon1]:594728 [NetMuon2]:589810 [NetMuon3]:634842 [NetMuon4]:634842
[Run]:42765 [Site]:1 [Bin]:16699 [FullTime]:3590.17 [SkipTime]:0 [Veto1]:614.486 [Veto2]:618.952 [Veto3]:403.817 [Veto4]:403.817 [SgUp1]:174453 [SgUp2]:172245 [SgUp3]:0 [SgUp4]:0 [SgLow1]:174073 [SgLow2]:171891 [SgLow3]:0 [SgLow4]:0 [NetMuon1]:591793 [NetMuon2]:590837 [NetMuon3]:633383 [NetMuon4]:633383
[Run]:42765 [Site]:1 [Bin]:16700 [FullTime]:3590.17 [SkipTime]:0 [Veto1]:605.049 [Veto2]:629.151 [Veto3]:403.749 [Veto4]:403.749 [SgUp1]:174517 [SgUp2]:171178 [SgUp3]:0 [SgUp4]:0 [SgLow1]:174193 [SgLow2]:170833 [SgLow3]:0 [SgLow4]:0 [NetMuon1]:593242 [NetMuon2]:588196 [NetMuon3]:633251 [NetMuon4]:633251
[Run]:42765 [Site]:1 [Bin]:16701 [FullTime]:3590.17 [SkipTime]:0 [Veto1]:609.854 [Veto2]:642.968 [Veto3]:404.338 [Veto4]:404.338 [SgUp1]:175494 [SgUp2]:170501 [SgUp3]:0 [SgUp4]:0 [SgLow1]:175147 [SgLow2]:170165 [SgLow3]:0 [SgLow4]:0 [NetMuon1]:593109 [NetMuon2]:586596 [NetMuon3]:634245 [NetMuon4]:634245
[Run]:42765 [Site]:1 [Bin]:16702 [FullTime]:3590.17 [SkipTime]:0 [Veto1]:616.977 [Veto2]:666.453 [Veto3]:404.404 [Veto4]:404.404 [SgUp1]:174252 [SgUp2]:168529 [SgUp3]:0 [SgUp4]:0 [SgLow1]:173944 [SgLow2]:168146 [SgLow3]:0 [SgLow4]:0 [NetMuon1]:592275 [NetMuon2]:582776 [NetMuon3]:634715 [NetMuon4]:634715
[Run]:42765 [Site]:1 [Bin]:16703 [FullTime]:3590.17 [SkipTime]:0 [Veto1]:617.087 [Veto2]:628.57 [Veto3]:404.06 [Veto4]:404.06 [SgUp1]:174708 [SgUp2]:170617 [SgUp3]:0 [SgUp4]:0 [SgLow1]:174349 [SgLow2]:170283 [SgLow3]:0 [SgLow4]:0 [NetMuon1]:591802 [NetMuon2]:588772 [NetMuon3]:633978 [NetMuon4]:633978
End process Run: 42765 ... 
[Run]:42765 [Site]:1 [Bin]:16704 [FullTime]:1950.06 [SkipTime]:0 [Veto1]:339.681 [Veto2]:342.277 [Veto3]:219.516 [Veto4]:219.516
