StreamChain add 0x99607e0
Start to process run: 42466 ... 
[Run]:42466 [Site]:1 [Bin]:16439 [FullTime]:1057.26 [SkipTime]:0 [Veto1]:180.199 [Veto2]:185.855 [Veto3]:119.021 [Veto4]:119.021 [SgUp1]:51431 [SgUp2]:50323 [SgUp3]:0 [SgUp4]:0 [SgLow1]:51329 [SgLow2]:50225 [SgLow3]:0 [SgLow4]:0 [NetMuon1]:174403 [NetMuon2]:173106 [NetMuon3]:186513 [NetMuon4]:186513
[Run]:42466 [Site]:1 [Bin]:16440 [FullTime]:3590.17 [SkipTime]:0 [Veto1]:615.888 [Veto2]:630.517 [Veto3]:404.221 [Veto4]:404.221 [SgUp1]:174314 [SgUp2]:172355 [SgUp3]:0 [SgUp4]:0 [SgLow1]:173969 [SgLow2]:171943 [SgLow3]:0 [SgLow4]:0 [NetMuon1]:592265 [NetMuon2]:589301 [NetMuon3]:634196 [NetMuon4]:634196
[Run]:42466 [Site]:1 [Bin]:16441 [FullTime]:3590.17 [SkipTime]:0 [Veto1]:619.628 [Veto2]:624.918 [Veto3]:403.471 [Veto4]:403.471 [SgUp1]:174923 [SgUp2]:171224 [SgUp3]:0 [SgUp4]:0 [SgLow1]:174606 [SgLow2]:170875 [SgLow3]:0 [SgLow4]:0 [NetMuon1]:590040 [NetMuon2]:589166 [NetMuon3]:633082 [NetMuon4]:633082
[Run]:42466 [Site]:1 [Bin]:16442 [FullTime]:3590.17 [SkipTime]:0 [Veto1]:620.561 [Veto2]:642.001 [Veto3]:403.385 [Veto4]:403.385 [SgUp1]:174574 [SgUp2]:170619 [SgUp3]:0 [SgUp4]:0 [SgLow1]:174261 [SgLow2]:170308 [SgLow3]:0 [SgLow4]:0 [NetMuon1]:590031 [NetMuon2]:585536 [NetMuon3]:632926 [NetMuon4]:632926
[Run]:42466 [Site]:1 [Bin]:16443 [FullTime]:3590.17 [SkipTime]:0 [Veto1]:625.135 [Veto2]:637.721 [Veto3]:405.29 [Veto4]:405.29 [SgUp1]:174223 [SgUp2]:169991 [SgUp3]:0 [SgUp4]:0 [SgLow1]:173848 [SgLow2]:169685 [SgLow3]:0 [SgLow4]:0 [NetMuon1]:592406 [NetMuon2]:589700 [NetMuon3]:635961 [NetMuon4]:635961
[Run]:42466 [Site]:1 [Bin]:16444 [FullTime]:3590.17 [SkipTime]:0 [Veto1]:609.147 [Veto2]:620.226 [Veto3]:403.571 [Veto4]:403.571 [SgUp1]:175217 [SgUp2]:171711 [SgUp3]:0 [SgUp4]:0 [SgLow1]:174863 [SgLow2]:171386 [SgLow3]:0 [SgLow4]:0 [NetMuon1]:592612 [NetMuon2]:590525 [NetMuon3]:633397 [NetMuon4]:633397
[Run]:42466 [Site]:1 [Bin]:16445 [FullTime]:3590.17 [SkipTime]:0 [Veto1]:629.498 [Veto2]:633.266 [Veto3]:404.253 [Veto4]:404.253 [SgUp1]:173720 [SgUp2]:171493 [SgUp3]:0 [SgUp4]:0 [SgLow1]:173405 [SgLow2]:171163 [SgLow3]:0 [SgLow4]:0 [NetMuon1]:589841 [NetMuon2]:589240 [NetMuon3]:634474 [NetMuon4]:634474
[Run]:42466 [Site]:1 [Bin]:16446 [FullTime]:3590.17 [SkipTime]:0 [Veto1]:634.457 [Veto2]:638.757 [Veto3]:405.314 [Veto4]:405.314 [SgUp1]:172857 [SgUp2]:170259 [SgUp3]:0 [SgUp4]:0 [SgLow1]:172518 [SgLow2]:169908 [SgLow3]:0 [SgLow4]:0 [NetMuon1]:590362 [NetMuon2]:589260 [NetMuon3]:636025 [NetMuon4]:636025
[Run]:42466 [Site]:1 [Bin]:16447 [FullTime]:3590.17 [SkipTime]:0 [Veto1]:630.466 [Veto2]:644.488 [Veto3]:405.511 [Veto4]:405.511 [SgUp1]:173527 [SgUp2]:170192 [SgUp3]:0 [SgUp4]:0 [SgLow1]:173166 [SgLow2]:169816 [SgLow3]:0 [SgLow4]:0 [NetMuon1]:591247 [NetMuon2]:588534 [NetMuon3]:636190 [NetMuon4]:636190
[Run]:42466 [Site]:1 [Bin]:16448 [FullTime]:3590.17 [SkipTime]:0 [Veto1]:598.321 [Veto2]:641.505 [Veto3]:405.179 [Veto4]:405.179 [SgUp1]:174396 [SgUp2]:170026 [SgUp3]:0 [SgUp4]:0 [SgLow1]:174058 [SgLow2]:169704 [SgLow3]:0 [SgLow4]:0 [NetMuon1]:596547 [NetMuon2]:588521 [NetMuon3]:635311 [NetMuon4]:635311
[Run]:42466 [Site]:1 [Bin]:16449 [FullTime]:3590.17 [SkipTime]:0 [Veto1]:616.333 [Veto2]:619.007 [Veto3]:405.445 [Veto4]:405.445 [SgUp1]:175083 [SgUp2]:172079 [SgUp3]:0 [SgUp4]:0 [SgLow1]:174733 [SgLow2]:171711 [SgLow3]:0 [SgLow4]:0 [NetMuon1]:593734 [NetMuon2]:593171 [NetMuon3]:635997 [NetMuon4]:635997
[Run]:42466 [Site]:1 [Bin]:16450 [FullTime]:3590.17 [SkipTime]:0 [Veto1]:620.88 [Veto2]:610.528 [Veto3]:404.995 [Veto4]:404.995 [SgUp1]:174900 [SgUp2]:171611 [SgUp3]:0 [SgUp4]:0 [SgLow1]:174505 [SgLow2]:171245 [SgLow3]:0 [SgLow4]:0 [NetMuon1]:592384 [NetMuon2]:594342 [NetMuon3]:635334 [NetMuon4]:635334
[Run]:42466 [Site]:1 [Bin]:16451 [FullTime]:3590.17 [SkipTime]:0 [Veto1]:619.457 [Veto2]:627.011 [Veto3]:405.048 [Veto4]:405.048 [SgUp1]:174497 [SgUp2]:171464 [SgUp3]:0 [SgUp4]:0 [SgLow1]:174148 [SgLow2]:171136 [SgLow3]:0 [SgLow4]:0 [NetMuon1]:592625 [NetMuon2]:591334 [NetMuon3]:635348 [NetMuon4]:635348
[Run]:42466 [Site]:1 [Bin]:16452 [FullTime]:3590.17 [SkipTime]:0 [Veto1]:604.051 [Veto2]:609.703 [Veto3]:405.229 [Veto4]:405.229 [SgUp1]:174902 [SgUp2]:173029 [SgUp3]:0 [SgUp4]:0 [SgLow1]:174536 [SgLow2]:172673 [SgLow3]:0 [SgLow4]:0 [NetMuon1]:596363 [NetMuon2]:595222 [NetMuon3]:635976 [NetMuon4]:635976
[Run]:42466 [Site]:1 [Bin]:16453 [FullTime]:3590.17 [SkipTime]:0 [Veto1]:605.635 [Veto2]:644.684 [Veto3]:405.077 [Veto4]:405.077 [SgUp1]:174912 [SgUp2]:170520 [SgUp3]:0 [SgUp4]:0 [SgLow1]:174557 [SgLow2]:170170 [SgLow3]:0 [SgLow4]:0 [NetMuon1]:595989 [NetMuon2]:587961 [NetMuon3]:635607 [NetMuon4]:635607
[Run]:42466 [Site]:1 [Bin]:16454 [FullTime]:3590.17 [SkipTime]:0 [Veto1]:617.414 [Veto2]:636.484 [Veto3]:405.819 [Veto4]:405.819 [SgUp1]:174318 [SgUp2]:171303 [SgUp3]:0 [SgUp4]:0 [SgLow1]:173984 [SgLow2]:170958 [SgLow3]:0 [SgLow4]:0 [NetMuon1]:594343 [NetMuon2]:590566 [NetMuon3]:636664 [NetMuon4]:636664
End process Run: 42466 ... 
[Run]:42466 [Site]:1 [Bin]:16455 [FullTime]:2294.93 [SkipTime]:0 [Veto1]:393.67 [Veto2]:391.324 [Veto3]:259.015 [Veto4]:259.015
