StreamChain add 0x4af97e0
Start to process run: 42182 ... 
[Run]:42182 [Site]:1 [Bin]:16055 [FullTime]:217.861 [SkipTime]:0 [Veto1]:37.7416 [Veto2]:40.1979 [Veto3]:24.4999 [Veto4]:24.4999 [SgUp1]:10804 [SgUp2]:10196 [SgUp3]:0 [SgUp4]:0 [SgLow1]:10773 [SgLow2]:10163 [SgLow3]:0 [SgLow4]:0 [NetMuon1]:35900 [NetMuon2]:35394 [NetMuon3]:38479 [NetMuon4]:38479
[Run]:42182 [Site]:1 [Bin]:16056 [FullTime]:3590.17 [SkipTime]:0 [Veto1]:610.796 [Veto2]:629.97 [Veto3]:405.194 [Veto4]:405.194 [SgUp1]:174046 [SgUp2]:171608 [SgUp3]:0 [SgUp4]:0 [SgLow1]:173704 [SgLow2]:171273 [SgLow3]:0 [SgLow4]:0 [NetMuon1]:594741 [NetMuon2]:591020 [NetMuon3]:635670 [NetMuon4]:635670
[Run]:42182 [Site]:1 [Bin]:16057 [FullTime]:3590.17 [SkipTime]:0 [Veto1]:605.62 [Veto2]:634.671 [Veto3]:404.202 [Veto4]:404.202 [SgUp1]:174996 [SgUp2]:171536 [SgUp3]:0 [SgUp4]:0 [SgLow1]:174642 [SgLow2]:171190 [SgLow3]:0 [SgLow4]:0 [NetMuon1]:594093 [NetMuon2]:588474 [NetMuon3]:634335 [NetMuon4]:634335
[Run]:42182 [Site]:1 [Bin]:16058 [FullTime]:3590.17 [SkipTime]:0 [Veto1]:632.627 [Veto2]:635.827 [Veto3]:403.349 [Veto4]:403.349 [SgUp1]:172985 [SgUp2]:171494 [SgUp3]:0 [SgUp4]:0 [SgLow1]:172674 [SgLow2]:171181 [SgLow3]:0 [SgLow4]:0 [NetMuon1]:587561 [NetMuon2]:587193 [NetMuon3]:633028 [NetMuon4]:633028
[Run]:42182 [Site]:1 [Bin]:16059 [FullTime]:3590.18 [SkipTime]:0 [Veto1]:610.742 [Veto2]:605.685 [Veto3]:403.881 [Veto4]:403.881 [SgUp1]:174398 [SgUp2]:172933 [SgUp3]:0 [SgUp4]:0 [SgLow1]:174052 [SgLow2]:172606 [SgLow3]:0 [SgLow4]:0 [NetMuon1]:592863 [NetMuon2]:593639 [NetMuon3]:633793 [NetMuon4]:633793
[Run]:42182 [Site]:1 [Bin]:16060 [FullTime]:3590.16 [SkipTime]:0 [Veto1]:644.068 [Veto2]:635.044 [Veto3]:404.956 [Veto4]:404.956 [SgUp1]:173119 [SgUp2]:170933 [SgUp3]:0 [SgUp4]:0 [SgLow1]:172772 [SgLow2]:170617 [SgLow3]:0 [SgLow4]:0 [NetMuon1]:586997 [NetMuon2]:589098 [NetMuon3]:635068 [NetMuon4]:635068
[Run]:42182 [Site]:1 [Bin]:16061 [FullTime]:3590.17 [SkipTime]:0 [Veto1]:624.432 [Veto2]:606.922 [Veto3]:404.156 [Veto4]:404.156 [SgUp1]:174933 [SgUp2]:173243 [SgUp3]:0 [SgUp4]:0 [SgLow1]:174629 [SgLow2]:172863 [SgLow3]:0 [SgLow4]:0 [NetMuon1]:590230 [NetMuon2]:593664 [NetMuon3]:634305 [NetMuon4]:634305
[Run]:42182 [Site]:1 [Bin]:16062 [FullTime]:3590.17 [SkipTime]:0 [Veto1]:631.847 [Veto2]:624.408 [Veto3]:404.556 [Veto4]:404.556 [SgUp1]:173529 [SgUp2]:171694 [SgUp3]:0 [SgUp4]:0 [SgLow1]:173176 [SgLow2]:171387 [SgLow3]:0 [SgLow4]:0 [NetMuon1]:589378 [NetMuon2]:590744 [NetMuon3]:634648 [NetMuon4]:634648
[Run]:42182 [Site]:1 [Bin]:16063 [FullTime]:3590.17 [SkipTime]:0 [Veto1]:603.77 [Veto2]:643.647 [Veto3]:405.134 [Veto4]:405.134 [SgUp1]:175250 [SgUp2]:171305 [SgUp3]:0 [SgUp4]:0 [SgLow1]:174909 [SgLow2]:170999 [SgLow3]:0 [SgLow4]:0 [NetMuon1]:596679 [NetMuon2]:588062 [NetMuon3]:635629 [NetMuon4]:635629
[Run]:42182 [Site]:1 [Bin]:16064 [FullTime]:3590.17 [SkipTime]:0 [Veto1]:611.773 [Veto2]:632.922 [Veto3]:405.201 [Veto4]:405.201 [SgUp1]:175234 [SgUp2]:170808 [SgUp3]:0 [SgUp4]:0 [SgLow1]:174904 [SgLow2]:170478 [SgLow3]:0 [SgLow4]:0 [NetMuon1]:594494 [NetMuon2]:590391 [NetMuon3]:635982 [NetMuon4]:635982
[Run]:42182 [Site]:1 [Bin]:16065 [FullTime]:3590.17 [SkipTime]:0 [Veto1]:653.346 [Veto2]:595.255 [Veto3]:404.843 [Veto4]:404.843 [SgUp1]:172446 [SgUp2]:173675 [SgUp3]:0 [SgUp4]:0 [SgLow1]:172116 [SgLow2]:173308 [SgLow3]:0 [SgLow4]:0 [NetMuon1]:585664 [NetMuon2]:597177 [NetMuon3]:635016 [NetMuon4]:635016
[Run]:42182 [Site]:1 [Bin]:16066 [FullTime]:3590.17 [SkipTime]:0 [Veto1]:624.23 [Veto2]:649.856 [Veto3]:404.188 [Veto4]:404.188 [SgUp1]:174613 [SgUp2]:170003 [SgUp3]:0 [SgUp4]:0 [SgLow1]:174310 [SgLow2]:169649 [SgLow3]:0 [SgLow4]:0 [NetMuon1]:590101 [NetMuon2]:585382 [NetMuon3]:634052 [NetMuon4]:634052
[Run]:42182 [Site]:1 [Bin]:16067 [FullTime]:3590.17 [SkipTime]:0 [Veto1]:622.958 [Veto2]:629.243 [Veto3]:404.784 [Veto4]:404.784 [SgUp1]:173783 [SgUp2]:171679 [SgUp3]:0 [SgUp4]:0 [SgLow1]:173457 [SgLow2]:171339 [SgLow3]:0 [SgLow4]:0 [NetMuon1]:591449 [NetMuon2]:590229 [NetMuon3]:634803 [NetMuon4]:634803
[Run]:42182 [Site]:1 [Bin]:16068 [FullTime]:3590.17 [SkipTime]:0 [Veto1]:620.407 [Veto2]:652.576 [Veto3]:405.168 [Veto4]:405.168 [SgUp1]:175308 [SgUp2]:169165 [SgUp3]:0 [SgUp4]:0 [SgLow1]:174968 [SgLow2]:168828 [SgLow3]:0 [SgLow4]:0 [NetMuon1]:592054 [NetMuon2]:585887 [NetMuon3]:635429 [NetMuon4]:635429
[Run]:42182 [Site]:1 [Bin]:16069 [FullTime]:3590.17 [SkipTime]:0 [Veto1]:598.382 [Veto2]:627.108 [Veto3]:405.051 [Veto4]:405.051 [SgUp1]:175985 [SgUp2]:172595 [SgUp3]:0 [SgUp4]:0 [SgLow1]:175666 [SgLow2]:172262 [SgLow3]:0 [SgLow4]:0 [NetMuon1]:597035 [NetMuon2]:591041 [NetMuon3]:635669 [NetMuon4]:635669
[Run]:42182 [Site]:1 [Bin]:16070 [FullTime]:3590.17 [SkipTime]:0 [Veto1]:619.02 [Veto2]:633.361 [Veto3]:404.825 [Veto4]:404.825 [SgUp1]:174320 [SgUp2]:171814 [SgUp3]:0 [SgUp4]:0 [SgLow1]:174016 [SgLow2]:171473 [SgLow3]:0 [SgLow4]:0 [NetMuon1]:592677 [NetMuon2]:589730 [NetMuon3]:635234 [NetMuon4]:635234
[Run]:42182 [Site]:1 [Bin]:16071 [FullTime]:3590.17 [SkipTime]:0 [Veto1]:624.223 [Veto2]:611.606 [Veto3]:403.662 [Veto4]:403.662 [SgUp1]:174601 [SgUp2]:172354 [SgUp3]:0 [SgUp4]:0 [SgLow1]:174255 [SgLow2]:171990 [SgLow3]:0 [SgLow4]:0 [NetMuon1]:589773 [NetMuon2]:592280 [NetMuon3]:633461 [NetMuon4]:633461
[Run]:42182 [Site]:1 [Bin]:16072 [FullTime]:3590.17 [SkipTime]:0 [Veto1]:630.142 [Veto2]:630.46 [Veto3]:405.478 [Veto4]:405.478 [SgUp1]:174552 [SgUp2]:171758 [SgUp3]:0 [SgUp4]:0 [SgLow1]:174237 [SgLow2]:171435 [SgLow3]:0 [SgLow4]:0 [NetMuon1]:591548 [NetMuon2]:591000 [NetMuon3]:636077 [NetMuon4]:636077
[Run]:42182 [Site]:1 [Bin]:16073 [FullTime]:3590.17 [SkipTime]:0 [Veto1]:614.97 [Veto2]:595.822 [Veto3]:405.218 [Veto4]:405.218 [SgUp1]:174457 [SgUp2]:173653 [SgUp3]:0 [SgUp4]:0 [SgLow1]:174095 [SgLow2]:173295 [SgLow3]:0 [SgLow4]:0 [NetMuon1]:594193 [NetMuon2]:598143 [NetMuon3]:635880 [NetMuon4]:635880
[Run]:42182 [Site]:1 [Bin]:16074 [FullTime]:3590.17 [SkipTime]:0 [Veto1]:610.402 [Veto2]:613.352 [Veto3]:403.705 [Veto4]:403.705 [SgUp1]:175242 [SgUp2]:172556 [SgUp3]:0 [SgUp4]:0 [SgLow1]:174908 [SgLow2]:172219 [SgLow3]:0 [SgLow4]:0 [NetMuon1]:592362 [NetMuon2]:591764 [NetMuon3]:633266 [NetMuon4]:633266
[Run]:42182 [Site]:1 [Bin]:16075 [FullTime]:3590.17 [SkipTime]:0 [Veto1]:629.077 [Veto2]:643.399 [Veto3]:403.995 [Veto4]:403.995 [SgUp1]:174376 [SgUp2]:170755 [SgUp3]:0 [SgUp4]:0 [SgLow1]:174051 [SgLow2]:170401 [SgLow3]:0 [SgLow4]:0 [NetMuon1]:588920 [NetMuon2]:586242 [NetMuon3]:633825 [NetMuon4]:633825
[Run]:42182 [Site]:1 [Bin]:16076 [FullTime]:3590.17 [SkipTime]:0 [Veto1]:623.445 [Veto2]:629.274 [Veto3]:404.481 [Veto4]:404.481 [SgUp1]:173990 [SgUp2]:171482 [SgUp3]:0 [SgUp4]:0 [SgLow1]:173618 [SgLow2]:171116 [SgLow3]:0 [SgLow4]:0 [NetMuon1]:591052 [NetMuon2]:589695 [NetMuon3]:634392 [NetMuon4]:634392
[Run]:42182 [Site]:1 [Bin]:16077 [FullTime]:3590.17 [SkipTime]:0 [Veto1]:627.958 [Veto2]:610.222 [Veto3]:403.461 [Veto4]:403.461 [SgUp1]:173693 [SgUp2]:172797 [SgUp3]:0 [SgUp4]:0 [SgLow1]:173312 [SgLow2]:172454 [SgLow3]:0 [SgLow4]:0 [NetMuon1]:588618 [NetMuon2]:592063 [NetMuon3]:632994 [NetMuon4]:632994
End process Run: 42182 ... 
[Run]:42182 [Site]:1 [Bin]:16078 [FullTime]:1954.15 [SkipTime]:0 [Veto1]:340.101 [Veto2]:341.336 [Veto3]:220.186 [Veto4]:220.186
