StreamChain add 0x161bb7f0
Start to process run: 21367 ... 
[Run]:21367 [Site]:1 [Bin]:239 [FullTime]:283.827 [SkipTime]:0 [Veto1]:61.5842 [Veto2]:56.5276 [Veto3]:41.8379 [Veto4]:41.8379 [SgUp1]:4479 [SgUp2]:4445 [SgUp3]:0 [SgUp4]:0 [SgLow1]:4465 [SgLow2]:4440 [SgLow3]:0 [SgLow4]:0 [NetMuon1]:44195 [NetMuon2]:45305 [NetMuon3]:48206 [NetMuon4]:48206
[Run]:21367 [Site]:1 [Bin]:240 [FullTime]:3600 [SkipTime]:0 [Veto1]:741.865 [Veto2]:752.438 [Veto3]:534.18 [Veto4]:534.18 [SgUp1]:58129 [SgUp2]:56980 [SgUp3]:0 [SgUp4]:0 [SgLow1]:58012 [SgLow2]:56874 [SgLow3]:0 [SgLow4]:0 [NetMuon1]:573796 [NetMuon2]:571942 [NetMuon3]:615337 [NetMuon4]:615337
[Run]:21367 [Site]:1 [Bin]:241 [FullTime]:3600 [SkipTime]:0 [Veto1]:750.632 [Veto2]:753.851 [Veto3]:533.908 [Veto4]:533.908 [SgUp1]:58512 [SgUp2]:57348 [SgUp3]:0 [SgUp4]:0 [SgLow1]:58372 [SgLow2]:57223 [SgLow3]:0 [SgLow4]:0 [NetMuon1]:571866 [NetMuon2]:571359 [NetMuon3]:615225 [NetMuon4]:615225
[Run]:21367 [Site]:1 [Bin]:242 [FullTime]:3600 [SkipTime]:0 [Veto1]:741.093 [Veto2]:741.852 [Veto3]:533.185 [Veto4]:533.185 [SgUp1]:58681 [SgUp2]:57720 [SgUp3]:0 [SgUp4]:0 [SgLow1]:58557 [SgLow2]:57580 [SgLow3]:0 [SgLow4]:0 [NetMuon1]:572816 [NetMuon2]:572300 [NetMuon3]:614232 [NetMuon4]:614232
[Run]:21367 [Site]:1 [Bin]:243 [FullTime]:3600 [SkipTime]:0 [Veto1]:749.675 [Veto2]:763.578 [Veto3]:534.907 [Veto4]:534.907 [SgUp1]:58464 [SgUp2]:57090 [SgUp3]:0 [SgUp4]:0 [SgLow1]:58336 [SgLow2]:56981 [SgLow3]:0 [SgLow4]:0 [NetMuon1]:572723 [NetMuon2]:570010 [NetMuon3]:616094 [NetMuon4]:616094
[Run]:21367 [Site]:1 [Bin]:244 [FullTime]:3600 [SkipTime]:0 [Veto1]:731.311 [Veto2]:765.161 [Veto3]:533.359 [Veto4]:533.359 [SgUp1]:58416 [SgUp2]:57023 [SgUp3]:0 [SgUp4]:0 [SgLow1]:58280 [SgLow2]:56906 [SgLow3]:0 [SgLow4]:0 [NetMuon1]:575077 [NetMuon2]:568060 [NetMuon3]:614667 [NetMuon4]:614667
[Run]:21367 [Site]:1 [Bin]:245 [FullTime]:3600 [SkipTime]:0 [Veto1]:747.372 [Veto2]:749.375 [Veto3]:533.824 [Veto4]:533.824 [SgUp1]:58196 [SgUp2]:56978 [SgUp3]:0 [SgUp4]:0 [SgLow1]:58081 [SgLow2]:56874 [SgLow3]:0 [SgLow4]:0 [NetMuon1]:572021 [NetMuon2]:572255 [NetMuon3]:615068 [NetMuon4]:615068
[Run]:21367 [Site]:1 [Bin]:246 [FullTime]:3600 [SkipTime]:0 [Veto1]:758.719 [Veto2]:759.285 [Veto3]:534.168 [Veto4]:534.168 [SgUp1]:58660 [SgUp2]:57166 [SgUp3]:0 [SgUp4]:0 [SgLow1]:58559 [SgLow2]:57054 [SgLow3]:0 [SgLow4]:0 [NetMuon1]:570622 [NetMuon2]:570417 [NetMuon3]:615587 [NetMuon4]:615587
[Run]:21367 [Site]:1 [Bin]:247 [FullTime]:3600 [SkipTime]:0 [Veto1]:736.658 [Veto2]:759.676 [Veto3]:534.223 [Veto4]:534.223 [SgUp1]:59070 [SgUp2]:57325 [SgUp3]:0 [SgUp4]:0 [SgLow1]:58949 [SgLow2]:57235 [SgLow3]:0 [SgLow4]:0 [NetMuon1]:574563 [NetMuon2]:570058 [NetMuon3]:615322 [NetMuon4]:615322
[Run]:21367 [Site]:1 [Bin]:248 [FullTime]:3600 [SkipTime]:0 [Veto1]:734.041 [Veto2]:750.255 [Veto3]:534.272 [Veto4]:534.272 [SgUp1]:58663 [SgUp2]:57135 [SgUp3]:0 [SgUp4]:0 [SgLow1]:58556 [SgLow2]:57039 [SgLow3]:0 [SgLow4]:0 [NetMuon1]:575371 [NetMuon2]:572027 [NetMuon3]:615365 [NetMuon4]:615365
[Run]:21367 [Site]:1 [Bin]:249 [FullTime]:3600 [SkipTime]:0 [Veto1]:745.234 [Veto2]:760.089 [Veto3]:534.397 [Veto4]:534.397 [SgUp1]:58879 [SgUp2]:57360 [SgUp3]:0 [SgUp4]:0 [SgLow1]:58781 [SgLow2]:57223 [SgLow3]:0 [SgLow4]:0 [NetMuon1]:573074 [NetMuon2]:569797 [NetMuon3]:615384 [NetMuon4]:615384
[Run]:21367 [Site]:1 [Bin]:250 [FullTime]:3600 [SkipTime]:0 [Veto1]:756.361 [Veto2]:740.324 [Veto3]:533.859 [Veto4]:533.859 [SgUp1]:57653 [SgUp2]:58320 [SgUp3]:0 [SgUp4]:0 [SgLow1]:57539 [SgLow2]:58199 [SgLow3]:0 [SgLow4]:0 [NetMuon1]:569988 [NetMuon2]:573848 [NetMuon3]:615047 [NetMuon4]:615047
[Run]:21367 [Site]:1 [Bin]:251 [FullTime]:3600 [SkipTime]:0 [Veto1]:744.457 [Veto2]:761.087 [Veto3]:533.991 [Veto4]:533.991 [SgUp1]:58200 [SgUp2]:57289 [SgUp3]:0 [SgUp4]:0 [SgLow1]:58086 [SgLow2]:57193 [SgLow3]:0 [SgLow4]:0 [NetMuon1]:573214 [NetMuon2]:569582 [NetMuon3]:615251 [NetMuon4]:615251
[Run]:21367 [Site]:1 [Bin]:252 [FullTime]:3600 [SkipTime]:0 [Veto1]:734.593 [Veto2]:772.64 [Veto3]:533.916 [Veto4]:533.916 [SgUp1]:58994 [SgUp2]:56830 [SgUp3]:0 [SgUp4]:0 [SgLow1]:58874 [SgLow2]:56742 [SgLow3]:0 [SgLow4]:0 [NetMuon1]:574845 [NetMuon2]:566998 [NetMuon3]:615170 [NetMuon4]:615170
[Run]:21367 [Site]:1 [Bin]:253 [FullTime]:3600 [SkipTime]:0 [Veto1]:741.689 [Veto2]:755.74 [Veto3]:532.753 [Veto4]:532.753 [SgUp1]:58752 [SgUp2]:57710 [SgUp3]:0 [SgUp4]:0 [SgLow1]:58621 [SgLow2]:57610 [SgLow3]:0 [SgLow4]:0 [NetMuon1]:571891 [NetMuon2]:568968 [NetMuon3]:613672 [NetMuon4]:613672
[Run]:21367 [Site]:1 [Bin]:254 [FullTime]:3600 [SkipTime]:0 [Veto1]:773.467 [Veto2]:753.653 [Veto3]:534.098 [Veto4]:534.098 [SgUp1]:57943 [SgUp2]:57978 [SgUp3]:0 [SgUp4]:0 [SgLow1]:57832 [SgLow2]:57873 [SgLow3]:0 [SgLow4]:0 [NetMuon1]:567828 [NetMuon2]:571459 [NetMuon3]:615415 [NetMuon4]:615415
[Run]:21367 [Site]:1 [Bin]:255 [FullTime]:3600 [SkipTime]:0 [Veto1]:714.582 [Veto2]:771.204 [Veto3]:533.897 [Veto4]:533.897 [SgUp1]:59225 [SgUp2]:57113 [SgUp3]:0 [SgUp4]:0 [SgLow1]:59122 [SgLow2]:56989 [SgLow3]:0 [SgLow4]:0 [NetMuon1]:578424 [NetMuon2]:567667 [NetMuon3]:614994 [NetMuon4]:614994
[Run]:21367 [Site]:1 [Bin]:256 [FullTime]:3600 [SkipTime]:0 [Veto1]:764.858 [Veto2]:723.009 [Veto3]:534.445 [Veto4]:534.445 [SgUp1]:58229 [SgUp2]:57970 [SgUp3]:0 [SgUp4]:0 [SgLow1]:58128 [SgLow2]:57866 [SgLow3]:0 [SgLow4]:0 [NetMuon1]:568935 [NetMuon2]:577736 [NetMuon3]:615474 [NetMuon4]:615474
[Run]:21367 [Site]:1 [Bin]:257 [FullTime]:3600 [SkipTime]:0 [Veto1]:745.928 [Veto2]:734.669 [Veto3]:534.477 [Veto4]:534.477 [SgUp1]:58511 [SgUp2]:58428 [SgUp3]:0 [SgUp4]:0 [SgLow1]:58387 [SgLow2]:58326 [SgLow3]:0 [SgLow4]:0 [NetMuon1]:572727 [NetMuon2]:575118 [NetMuon3]:615471 [NetMuon4]:615471
[Run]:21367 [Site]:1 [Bin]:258 [FullTime]:3600 [SkipTime]:0 [Veto1]:768.857 [Veto2]:744.653 [Veto3]:534.437 [Veto4]:534.437 [SgUp1]:58249 [SgUp2]:57951 [SgUp3]:0 [SgUp4]:0 [SgLow1]:58117 [SgLow2]:57839 [SgLow3]:0 [SgLow4]:0 [NetMuon1]:569113 [NetMuon2]:573548 [NetMuon3]:615789 [NetMuon4]:615789
[Run]:21367 [Site]:1 [Bin]:259 [FullTime]:3600 [SkipTime]:0 [Veto1]:720.11 [Veto2]:751.719 [Veto3]:534.076 [Veto4]:534.076 [SgUp1]:59003 [SgUp2]:57666 [SgUp3]:0 [SgUp4]:0 [SgLow1]:58898 [SgLow2]:57566 [SgLow3]:0 [SgLow4]:0 [NetMuon1]:578018 [NetMuon2]:571835 [NetMuon3]:615346 [NetMuon4]:615346
[Run]:21367 [Site]:1 [Bin]:260 [FullTime]:3600 [SkipTime]:0 [Veto1]:727.801 [Veto2]:748.402 [Veto3]:533.841 [Veto4]:533.841 [SgUp1]:58876 [SgUp2]:57851 [SgUp3]:0 [SgUp4]:0 [SgLow1]:58775 [SgLow2]:57746 [SgLow3]:0 [SgLow4]:0 [NetMuon1]:576474 [NetMuon2]:571931 [NetMuon3]:615078 [NetMuon4]:615078
[Run]:21367 [Site]:1 [Bin]:261 [FullTime]:3600 [SkipTime]:0 [Veto1]:754.284 [Veto2]:751.943 [Veto3]:533.569 [Veto4]:533.569 [SgUp1]:58458 [SgUp2]:57781 [SgUp3]:0 [SgUp4]:0 [SgLow1]:58338 [SgLow2]:57683 [SgLow3]:0 [SgLow4]:0 [NetMuon1]:570405 [NetMuon2]:571029 [NetMuon3]:614775 [NetMuon4]:614775
[Run]:21367 [Site]:1 [Bin]:262 [FullTime]:3600 [SkipTime]:0 [Veto1]:739.032 [Veto2]:754.46 [Veto3]:534.498 [Veto4]:534.498 [SgUp1]:58334 [SgUp2]:57517 [SgUp3]:0 [SgUp4]:0 [SgLow1]:58216 [SgLow2]:57410 [SgLow3]:0 [SgLow4]:0 [NetMuon1]:574669 [NetMuon2]:571472 [NetMuon3]:615825 [NetMuon4]:615825
[Run]:21367 [Site]:1 [Bin]:263 [FullTime]:3600 [SkipTime]:0 [Veto1]:749.365 [Veto2]:750.285 [Veto3]:533.082 [Veto4]:533.082 [SgUp1]:57564 [SgUp2]:57556 [SgUp3]:0 [SgUp4]:0 [SgLow1]:57438 [SgLow2]:57450 [SgLow3]:0 [SgLow4]:0 [NetMuon1]:570484 [NetMuon2]:570511 [NetMuon3]:613961 [NetMuon4]:613961
[Run]:21367 [Site]:1 [Bin]:264 [FullTime]:3600 [SkipTime]:0 [Veto1]:752.341 [Veto2]:773.255 [Veto3]:533.628 [Veto4]:533.628 [SgUp1]:58146 [SgUp2]:57127 [SgUp3]:0 [SgUp4]:0 [SgLow1]:58033 [SgLow2]:57018 [SgLow3]:0 [SgLow4]:0 [NetMuon1]:571058 [NetMuon2]:566921 [NetMuon3]:614827 [NetMuon4]:614827
[Run]:21367 [Site]:1 [Bin]:265 [FullTime]:3600 [SkipTime]:0 [Veto1]:735.012 [Veto2]:750.325 [Veto3]:533.645 [Veto4]:533.645 [SgUp1]:58248 [SgUp2]:57733 [SgUp3]:0 [SgUp4]:0 [SgLow1]:58139 [SgLow2]:57647 [SgLow3]:0 [SgLow4]:0 [NetMuon1]:574286 [NetMuon2]:571559 [NetMuon3]:614825 [NetMuon4]:614825
[Run]:21367 [Site]:1 [Bin]:266 [FullTime]:3600 [SkipTime]:0 [Veto1]:749.057 [Veto2]:748.705 [Veto3]:532.923 [Veto4]:532.923 [SgUp1]:58222 [SgUp2]:57732 [SgUp3]:0 [SgUp4]:0 [SgLow1]:58149 [SgLow2]:57624 [SgLow3]:0 [SgLow4]:0 [NetMuon1]:570908 [NetMuon2]:570939 [NetMuon3]:614045 [NetMuon4]:614045
[Run]:21367 [Site]:1 [Bin]:267 [FullTime]:3600 [SkipTime]:0 [Veto1]:741.476 [Veto2]:764.482 [Veto3]:534.862 [Veto4]:534.862 [SgUp1]:58279 [SgUp2]:57237 [SgUp3]:0 [SgUp4]:0 [SgLow1]:58151 [SgLow2]:57151 [SgLow3]:0 [SgLow4]:0 [NetMuon1]:574173 [NetMuon2]:569759 [NetMuon3]:615891 [NetMuon4]:615891
[Run]:21367 [Site]:1 [Bin]:268 [FullTime]:3600 [SkipTime]:0 [Veto1]:741.749 [Veto2]:746.476 [Veto3]:533.336 [Veto4]:533.336 [SgUp1]:58114 [SgUp2]:57542 [SgUp3]:0 [SgUp4]:0 [SgLow1]:58010 [SgLow2]:57428 [SgLow3]:0 [SgLow4]:0 [NetMuon1]:572652 [NetMuon2]:571825 [NetMuon3]:614080 [NetMuon4]:614080
[Run]:21367 [Site]:1 [Bin]:269 [FullTime]:3600 [SkipTime]:0 [Veto1]:736.416 [Veto2]:747.98 [Veto3]:534.297 [Veto4]:534.297 [SgUp1]:58609 [SgUp2]:58182 [SgUp3]:0 [SgUp4]:0 [SgLow1]:58516 [SgLow2]:58103 [SgLow3]:0 [SgLow4]:0 [NetMuon1]:575264 [NetMuon2]:572556 [NetMuon3]:615738 [NetMuon4]:615738
[Run]:21367 [Site]:1 [Bin]:270 [FullTime]:3600 [SkipTime]:0 [Veto1]:747.269 [Veto2]:754.309 [Veto3]:535.197 [Veto4]:535.197 [SgUp1]:57799 [SgUp2]:57110 [SgUp3]:0 [SgUp4]:0 [SgLow1]:57692 [SgLow2]:56988 [SgLow3]:0 [SgLow4]:0 [NetMuon1]:573288 [NetMuon2]:572072 [NetMuon3]:616186 [NetMuon4]:616186
[Run]:21367 [Site]:1 [Bin]:271 [FullTime]:3600 [SkipTime]:0 [Veto1]:738.8 [Veto2]:766.746 [Veto3]:534.942 [Veto4]:534.942 [SgUp1]:58562 [SgUp2]:56757 [SgUp3]:0 [SgUp4]:0 [SgLow1]:58465 [SgLow2]:56634 [SgLow3]:0 [SgLow4]:0 [NetMuon1]:575274 [NetMuon2]:569556 [NetMuon3]:616151 [NetMuon4]:616151
[Run]:21367 [Site]:1 [Bin]:272 [FullTime]:3600 [SkipTime]:0 [Veto1]:729.727 [Veto2]:753.78 [Veto3]:533.369 [Veto4]:533.369 [SgUp1]:58752 [SgUp2]:57156 [SgUp3]:0 [SgUp4]:0 [SgLow1]:58638 [SgLow2]:57072 [SgLow3]:0 [SgLow4]:0 [NetMuon1]:575144 [NetMuon2]:570623 [NetMuon3]:614450 [NetMuon4]:614450
[Run]:21367 [Site]:1 [Bin]:273 [FullTime]:3600 [SkipTime]:0 [Veto1]:761.255 [Veto2]:772.015 [Veto3]:535.169 [Veto4]:535.169 [SgUp1]:57976 [SgUp2]:57361 [SgUp3]:0 [SgUp4]:0 [SgLow1]:57855 [SgLow2]:57256 [SgLow3]:0 [SgLow4]:0 [NetMuon1]:570915 [NetMuon2]:568831 [NetMuon3]:616245 [NetMuon4]:616245
[Run]:21367 [Site]:1 [Bin]:274 [FullTime]:3600 [SkipTime]:0 [Veto1]:751.402 [Veto2]:744.39 [Veto3]:534.093 [Veto4]:534.093 [SgUp1]:58030 [SgUp2]:57832 [SgUp3]:0 [SgUp4]:0 [SgLow1]:57917 [SgLow2]:57730 [SgLow3]:0 [SgLow4]:0 [NetMuon1]:571732 [NetMuon2]:573103 [NetMuon3]:615383 [NetMuon4]:615383
[Run]:21367 [Site]:1 [Bin]:275 [FullTime]:3600 [SkipTime]:0 [Veto1]:728.791 [Veto2]:749.942 [Veto3]:535.037 [Veto4]:535.037 [SgUp1]:58666 [SgUp2]:57238 [SgUp3]:0 [SgUp4]:0 [SgLow1]:58573 [SgLow2]:57157 [SgLow3]:0 [SgLow4]:0 [NetMuon1]:577783 [NetMuon2]:573202 [NetMuon3]:616449 [NetMuon4]:616449
[Run]:21367 [Site]:1 [Bin]:276 [FullTime]:3600 [SkipTime]:0 [Veto1]:740.631 [Veto2]:739.423 [Veto3]:534.185 [Veto4]:534.185 [SgUp1]:58547 [SgUp2]:57642 [SgUp3]:0 [SgUp4]:0 [SgLow1]:58435 [SgLow2]:57541 [SgLow3]:0 [SgLow4]:0 [NetMuon1]:574182 [NetMuon2]:574422 [NetMuon3]:615547 [NetMuon4]:615547
[Run]:21367 [Site]:1 [Bin]:277 [FullTime]:3600 [SkipTime]:0 [Veto1]:708.747 [Veto2]:761.838 [Veto3]:534.314 [Veto4]:534.314 [SgUp1]:58836 [SgUp2]:57104 [SgUp3]:0 [SgUp4]:0 [SgLow1]:58724 [SgLow2]:57003 [SgLow3]:0 [SgLow4]:0 [NetMuon1]:580372 [NetMuon2]:569763 [NetMuon3]:615381 [NetMuon4]:615381
[Run]:21367 [Site]:1 [Bin]:278 [FullTime]:3600 [SkipTime]:0 [Veto1]:721.321 [Veto2]:732.255 [Veto3]:534.679 [Veto4]:534.679 [SgUp1]:59025 [SgUp2]:57932 [SgUp3]:0 [SgUp4]:0 [SgLow1]:58913 [SgLow2]:57841 [SgLow3]:0 [SgLow4]:0 [NetMuon1]:578232 [NetMuon2]:576276 [NetMuon3]:615656 [NetMuon4]:615656
[Run]:21367 [Site]:1 [Bin]:279 [FullTime]:3600 [SkipTime]:0 [Veto1]:740.095 [Veto2]:735.385 [Veto3]:534.597 [Veto4]:534.597 [SgUp1]:58429 [SgUp2]:57547 [SgUp3]:0 [SgUp4]:0 [SgLow1]:58332 [SgLow2]:57446 [SgLow3]:0 [SgLow4]:0 [NetMuon1]:574779 [NetMuon2]:575562 [NetMuon3]:615988 [NetMuon4]:615988
[Run]:21367 [Site]:1 [Bin]:280 [FullTime]:3600 [SkipTime]:0 [Veto1]:736.897 [Veto2]:737.894 [Veto3]:534.546 [Veto4]:534.546 [SgUp1]:58685 [SgUp2]:57386 [SgUp3]:0 [SgUp4]:0 [SgLow1]:58570 [SgLow2]:57250 [SgLow3]:0 [SgLow4]:0 [NetMuon1]:575625 [NetMuon2]:575517 [NetMuon3]:616056 [NetMuon4]:616056
[Run]:21367 [Site]:1 [Bin]:281 [FullTime]:3600 [SkipTime]:0 [Veto1]:731.657 [Veto2]:739.453 [Veto3]:533.65 [Veto4]:533.65 [SgUp1]:58716 [SgUp2]:57826 [SgUp3]:0 [SgUp4]:0 [SgLow1]:58623 [SgLow2]:57726 [SgLow3]:0 [SgLow4]:0 [NetMuon1]:574923 [NetMuon2]:573406 [NetMuon3]:614509 [NetMuon4]:614509
[Run]:21367 [Site]:1 [Bin]:282 [FullTime]:3600 [SkipTime]:0 [Veto1]:733.553 [Veto2]:769.401 [Veto3]:534.729 [Veto4]:534.729 [SgUp1]:58425 [SgUp2]:56219 [SgUp3]:0 [SgUp4]:0 [SgLow1]:58328 [SgLow2]:56120 [SgLow3]:0 [SgLow4]:0 [NetMuon1]:575795 [NetMuon2]:569267 [NetMuon3]:615859 [NetMuon4]:615859
[Run]:21367 [Site]:1 [Bin]:283 [FullTime]:3600 [SkipTime]:0 [Veto1]:740.198 [Veto2]:738.972 [Veto3]:534.676 [Veto4]:534.676 [SgUp1]:57422 [SgUp2]:57789 [SgUp3]:0 [SgUp4]:0 [SgLow1]:57313 [SgLow2]:57679 [SgLow3]:0 [SgLow4]:0 [NetMuon1]:574505 [NetMuon2]:575142 [NetMuon3]:615830 [NetMuon4]:615830
[Run]:21367 [Site]:1 [Bin]:284 [FullTime]:3600 [SkipTime]:0 [Veto1]:753.973 [Veto2]:745.766 [Veto3]:535.492 [Veto4]:535.492 [SgUp1]:57708 [SgUp2]:56752 [SgUp3]:0 [SgUp4]:0 [SgLow1]:57600 [SgLow2]:56642 [SgLow3]:0 [SgLow4]:0 [NetMuon1]:572451 [NetMuon2]:574143 [NetMuon3]:616593 [NetMuon4]:616593
[Run]:21367 [Site]:1 [Bin]:285 [FullTime]:3600 [SkipTime]:0 [Veto1]:747.096 [Veto2]:764.823 [Veto3]:533.853 [Veto4]:533.853 [SgUp1]:58462 [SgUp2]:56623 [SgUp3]:0 [SgUp4]:0 [SgLow1]:58354 [SgLow2]:56523 [SgLow3]:0 [SgLow4]:0 [NetMuon1]:572127 [NetMuon2]:568680 [NetMuon3]:614851 [NetMuon4]:614851
[Run]:21367 [Site]:1 [Bin]:286 [FullTime]:3600 [SkipTime]:0 [Veto1]:725.714 [Veto2]:748.359 [Veto3]:534.069 [Veto4]:534.069 [SgUp1]:58205 [SgUp2]:57636 [SgUp3]:0 [SgUp4]:0 [SgLow1]:58077 [SgLow2]:57520 [SgLow3]:0 [SgLow4]:0 [NetMuon1]:576890 [NetMuon2]:572133 [NetMuon3]:615372 [NetMuon4]:615372
End process Run: 21367 ... 
[Run]:21367 [Site]:1 [Bin]:287 [FullTime]:3181.4 [SkipTime]:0 [Veto1]:639.615 [Veto2]:658.594 [Veto3]:471.602 [Veto4]:471.602
