StreamChain add 0x186ea7f0
Start to process run: 21690 ... 
[Run]:21690 [Site]:1 [Bin]:631 [FullTime]:1369.87 [SkipTime]:0 [Veto1]:273.611 [Veto2]:290.543 [Veto3]:203.112 [Veto4]:203.112 [SgUp1]:22517 [SgUp2]:21721 [SgUp3]:0 [SgUp4]:0 [SgLow1]:22472 [SgLow2]:21681 [SgLow3]:0 [SgLow4]:0 [NetMuon1]:219828 [NetMuon2]:216360 [NetMuon3]:233975 [NetMuon4]:233975
[Run]:21690 [Site]:1 [Bin]:632 [FullTime]:3600 [SkipTime]:0 [Veto1]:734.46 [Veto2]:761.755 [Veto3]:533.785 [Veto4]:533.785 [SgUp1]:58182 [SgUp2]:57187 [SgUp3]:0 [SgUp4]:0 [SgLow1]:58078 [SgLow2]:57073 [SgLow3]:0 [SgLow4]:0 [NetMuon1]:574585 [NetMuon2]:568836 [NetMuon3]:614776 [NetMuon4]:614776
[Run]:21690 [Site]:1 [Bin]:633 [FullTime]:3600 [SkipTime]:0 [Veto1]:745.902 [Veto2]:734.152 [Veto3]:533.053 [Veto4]:533.053 [SgUp1]:58467 [SgUp2]:58263 [SgUp3]:0 [SgUp4]:0 [SgLow1]:58384 [SgLow2]:58184 [SgLow3]:0 [SgLow4]:0 [NetMuon1]:571748 [NetMuon2]:573762 [NetMuon3]:614434 [NetMuon4]:614434
[Run]:21690 [Site]:1 [Bin]:634 [FullTime]:3600 [SkipTime]:0 [Veto1]:745.85 [Veto2]:773.122 [Veto3]:533.457 [Veto4]:533.457 [SgUp1]:57868 [SgUp2]:57210 [SgUp3]:0 [SgUp4]:0 [SgLow1]:57778 [SgLow2]:57091 [SgLow3]:0 [SgLow4]:0 [NetMuon1]:571982 [NetMuon2]:566925 [NetMuon3]:614865 [NetMuon4]:614865
[Run]:21690 [Site]:1 [Bin]:635 [FullTime]:3600 [SkipTime]:0 [Veto1]:731.768 [Veto2]:779.921 [Veto3]:533.605 [Veto4]:533.605 [SgUp1]:58290 [SgUp2]:57244 [SgUp3]:0 [SgUp4]:0 [SgLow1]:58185 [SgLow2]:57121 [SgLow3]:0 [SgLow4]:0 [NetMuon1]:574952 [NetMuon2]:565258 [NetMuon3]:614707 [NetMuon4]:614707
[Run]:21690 [Site]:1 [Bin]:636 [FullTime]:3600 [SkipTime]:0 [Veto1]:733.278 [Veto2]:762.21 [Veto3]:532.998 [Veto4]:532.998 [SgUp1]:58598 [SgUp2]:57380 [SgUp3]:0 [SgUp4]:0 [SgLow1]:58486 [SgLow2]:57255 [SgLow3]:0 [SgLow4]:0 [NetMuon1]:573944 [NetMuon2]:568565 [NetMuon3]:614051 [NetMuon4]:614051
[Run]:21690 [Site]:1 [Bin]:637 [FullTime]:3600 [SkipTime]:0 [Veto1]:732.15 [Veto2]:761.542 [Veto3]:532.362 [Veto4]:532.362 [SgUp1]:57929 [SgUp2]:58123 [SgUp3]:0 [SgUp4]:0 [SgLow1]:57773 [SgLow2]:58007 [SgLow3]:0 [SgLow4]:0 [NetMuon1]:573717 [NetMuon2]:567828 [NetMuon3]:613638 [NetMuon4]:613638
[Run]:21690 [Site]:1 [Bin]:638 [FullTime]:3600 [SkipTime]:0 [Veto1]:738.106 [Veto2]:766.275 [Veto3]:534.053 [Veto4]:534.053 [SgUp1]:57884 [SgUp2]:57572 [SgUp3]:0 [SgUp4]:0 [SgLow1]:57776 [SgLow2]:57460 [SgLow3]:0 [SgLow4]:0 [NetMuon1]:574153 [NetMuon2]:568303 [NetMuon3]:615176 [NetMuon4]:615176
[Run]:21690 [Site]:1 [Bin]:639 [FullTime]:3600 [SkipTime]:0 [Veto1]:739.184 [Veto2]:737.964 [Veto3]:533.24 [Veto4]:533.24 [SgUp1]:58451 [SgUp2]:57859 [SgUp3]:0 [SgUp4]:0 [SgLow1]:58343 [SgLow2]:57741 [SgLow3]:0 [SgLow4]:0 [NetMuon1]:573308 [NetMuon2]:573268 [NetMuon3]:614293 [NetMuon4]:614293
[Run]:21690 [Site]:1 [Bin]:640 [FullTime]:3600 [SkipTime]:0 [Veto1]:741.621 [Veto2]:752.488 [Veto3]:534.114 [Veto4]:534.114 [SgUp1]:58563 [SgUp2]:57530 [SgUp3]:0 [SgUp4]:0 [SgLow1]:58455 [SgLow2]:57401 [SgLow3]:0 [SgLow4]:0 [NetMuon1]:573520 [NetMuon2]:571226 [NetMuon3]:615304 [NetMuon4]:615304
[Run]:21690 [Site]:1 [Bin]:641 [FullTime]:3600 [SkipTime]:0 [Veto1]:717.347 [Veto2]:755.714 [Veto3]:532.148 [Veto4]:532.148 [SgUp1]:58416 [SgUp2]:57661 [SgUp3]:0 [SgUp4]:0 [SgLow1]:58308 [SgLow2]:57549 [SgLow3]:0 [SgLow4]:0 [NetMuon1]:576507 [NetMuon2]:569014 [NetMuon3]:613683 [NetMuon4]:613683
[Run]:21690 [Site]:1 [Bin]:642 [FullTime]:3600 [SkipTime]:0 [Veto1]:741.399 [Veto2]:733.69 [Veto3]:532.968 [Veto4]:532.968 [SgUp1]:58083 [SgUp2]:58390 [SgUp3]:0 [SgUp4]:0 [SgLow1]:57960 [SgLow2]:58276 [SgLow3]:0 [SgLow4]:0 [NetMuon1]:572844 [NetMuon2]:574165 [NetMuon3]:614367 [NetMuon4]:614367
[Run]:21690 [Site]:1 [Bin]:643 [FullTime]:3600 [SkipTime]:0 [Veto1]:753.189 [Veto2]:752.414 [Veto3]:533.354 [Veto4]:533.354 [SgUp1]:58219 [SgUp2]:57967 [SgUp3]:0 [SgUp4]:0 [SgLow1]:58081 [SgLow2]:57861 [SgLow3]:0 [SgLow4]:0 [NetMuon1]:570280 [NetMuon2]:570278 [NetMuon3]:614236 [NetMuon4]:614236
[Run]:21690 [Site]:1 [Bin]:644 [FullTime]:3600 [SkipTime]:0 [Veto1]:716.142 [Veto2]:757.033 [Veto3]:532.068 [Veto4]:532.068 [SgUp1]:58697 [SgUp2]:57916 [SgUp3]:0 [SgUp4]:0 [SgLow1]:58590 [SgLow2]:57811 [SgLow3]:0 [SgLow4]:0 [NetMuon1]:576347 [NetMuon2]:567898 [NetMuon3]:612910 [NetMuon4]:612910
[Run]:21690 [Site]:1 [Bin]:645 [FullTime]:3600 [SkipTime]:0 [Veto1]:766.641 [Veto2]:756.03 [Veto3]:531.862 [Veto4]:531.862 [SgUp1]:57738 [SgUp2]:57927 [SgUp3]:0 [SgUp4]:0 [SgLow1]:57655 [SgLow2]:57828 [SgLow3]:0 [SgLow4]:0 [NetMuon1]:566034 [NetMuon2]:567709 [NetMuon3]:612623 [NetMuon4]:612623
[Run]:21690 [Site]:1 [Bin]:646 [FullTime]:3600 [SkipTime]:0 [Veto1]:748.651 [Veto2]:729.949 [Veto3]:532.862 [Veto4]:532.862 [SgUp1]:58207 [SgUp2]:58002 [SgUp3]:0 [SgUp4]:0 [SgLow1]:58094 [SgLow2]:57891 [SgLow3]:0 [SgLow4]:0 [NetMuon1]:570665 [NetMuon2]:574155 [NetMuon3]:613818 [NetMuon4]:613818
[Run]:21690 [Site]:1 [Bin]:647 [FullTime]:3600 [SkipTime]:0 [Veto1]:757.734 [Veto2]:741.33 [Veto3]:533.147 [Veto4]:533.147 [SgUp1]:58040 [SgUp2]:58083 [SgUp3]:0 [SgUp4]:0 [SgLow1]:57940 [SgLow2]:57978 [SgLow3]:0 [SgLow4]:0 [NetMuon1]:569054 [NetMuon2]:572575 [NetMuon3]:614273 [NetMuon4]:614273
[Run]:21690 [Site]:1 [Bin]:648 [FullTime]:3600 [SkipTime]:0 [Veto1]:737.117 [Veto2]:761.28 [Veto3]:532.88 [Veto4]:532.88 [SgUp1]:59044 [SgUp2]:57810 [SgUp3]:0 [SgUp4]:0 [SgLow1]:58933 [SgLow2]:57704 [SgLow3]:0 [SgLow4]:0 [NetMuon1]:573373 [NetMuon2]:568071 [NetMuon3]:614083 [NetMuon4]:614083
End process Run: 21690 ... 
[Run]:21690 [Site]:1 [Bin]:649 [FullTime]:843.598 [SkipTime]:0 [Veto1]:184.155 [Veto2]:171.558 [Veto3]:124.958 [Veto4]:124.958
