StreamChain add 0x123937f0
Start to process run: 21974 ... 
[Run]:21974 [Site]:1 [Bin]:867 [FullTime]:2553.29 [SkipTime]:0 [Veto1]:520.051 [Veto2]:530.32 [Veto3]:377.646 [Veto4]:377.646 [SgUp1]:41087 [SgUp2]:40678 [SgUp3]:0 [SgUp4]:0 [SgLow1]:41021 [SgLow2]:40602 [SgLow3]:0 [SgLow4]:0 [NetMuon1]:406919 [NetMuon2]:404449 [NetMuon3]:435125 [NetMuon4]:435125
[Run]:21974 [Site]:1 [Bin]:868 [FullTime]:3600 [SkipTime]:0 [Veto1]:727.598 [Veto2]:740.033 [Veto3]:533.573 [Veto4]:533.573 [SgUp1]:58418 [SgUp2]:57643 [SgUp3]:0 [SgUp4]:0 [SgLow1]:58337 [SgLow2]:57538 [SgLow3]:0 [SgLow4]:0 [NetMuon1]:576042 [NetMuon2]:573453 [NetMuon3]:615078 [NetMuon4]:615078
[Run]:21974 [Site]:1 [Bin]:869 [FullTime]:3600 [SkipTime]:0 [Veto1]:742.521 [Veto2]:738.861 [Veto3]:532.341 [Veto4]:532.341 [SgUp1]:57844 [SgUp2]:57635 [SgUp3]:0 [SgUp4]:0 [SgLow1]:57732 [SgLow2]:57516 [SgLow3]:0 [SgLow4]:0 [NetMuon1]:571263 [NetMuon2]:572169 [NetMuon3]:613570 [NetMuon4]:613570
[Run]:21974 [Site]:1 [Bin]:870 [FullTime]:3600 [SkipTime]:0 [Veto1]:745.177 [Veto2]:757.196 [Veto3]:533.25 [Veto4]:533.25 [SgUp1]:57722 [SgUp2]:57542 [SgUp3]:0 [SgUp4]:0 [SgLow1]:57606 [SgLow2]:57447 [SgLow3]:0 [SgLow4]:0 [NetMuon1]:572461 [NetMuon2]:569840 [NetMuon3]:614834 [NetMuon4]:614834
[Run]:21974 [Site]:1 [Bin]:871 [FullTime]:3600 [SkipTime]:0 [Veto1]:736.202 [Veto2]:743.226 [Veto3]:532.414 [Veto4]:532.414 [SgUp1]:58084 [SgUp2]:57995 [SgUp3]:0 [SgUp4]:0 [SgLow1]:58008 [SgLow2]:57874 [SgLow3]:0 [SgLow4]:0 [NetMuon1]:572637 [NetMuon2]:571317 [NetMuon3]:613455 [NetMuon4]:613455
[Run]:21974 [Site]:1 [Bin]:872 [FullTime]:3600.01 [SkipTime]:0 [Veto1]:756.332 [Veto2]:768.865 [Veto3]:532.305 [Veto4]:532.305 [SgUp1]:57795 [SgUp2]:57659 [SgUp3]:0 [SgUp4]:0 [SgLow1]:57670 [SgLow2]:57565 [SgLow3]:0 [SgLow4]:0 [NetMuon1]:568736 [NetMuon2]:566219 [NetMuon3]:613708 [NetMuon4]:613708
[Run]:21974 [Site]:1 [Bin]:873 [FullTime]:3600 [SkipTime]:0 [Veto1]:745.405 [Veto2]:744.543 [Veto3]:532.947 [Veto4]:532.947 [SgUp1]:58105 [SgUp2]:57628 [SgUp3]:0 [SgUp4]:0 [SgLow1]:57973 [SgLow2]:57500 [SgLow3]:0 [SgLow4]:0 [NetMuon1]:572006 [NetMuon2]:571936 [NetMuon3]:614295 [NetMuon4]:614295
[Run]:21974 [Site]:1 [Bin]:874 [FullTime]:3600 [SkipTime]:0 [Veto1]:742.133 [Veto2]:723.441 [Veto3]:531.426 [Veto4]:531.426 [SgUp1]:58494 [SgUp2]:58464 [SgUp3]:0 [SgUp4]:0 [SgLow1]:58401 [SgLow2]:58383 [SgLow3]:0 [SgLow4]:0 [NetMuon1]:570741 [NetMuon2]:574543 [NetMuon3]:612575 [NetMuon4]:612575
[Run]:21974 [Site]:1 [Bin]:875 [FullTime]:3600 [SkipTime]:0 [Veto1]:745.766 [Veto2]:745.33 [Veto3]:531.65 [Veto4]:531.65 [SgUp1]:58825 [SgUp2]:58166 [SgUp3]:0 [SgUp4]:0 [SgLow1]:58714 [SgLow2]:58044 [SgLow3]:0 [SgLow4]:0 [NetMuon1]:570563 [NetMuon2]:570026 [NetMuon3]:612865 [NetMuon4]:612865
[Run]:21974 [Site]:1 [Bin]:876 [FullTime]:3600 [SkipTime]:0 [Veto1]:728.723 [Veto2]:745.668 [Veto3]:532.16 [Veto4]:532.16 [SgUp1]:58771 [SgUp2]:57496 [SgUp3]:0 [SgUp4]:0 [SgLow1]:58654 [SgLow2]:57403 [SgLow3]:0 [SgLow4]:0 [NetMuon1]:573863 [NetMuon2]:570734 [NetMuon3]:613220 [NetMuon4]:613220
[Run]:21974 [Site]:1 [Bin]:877 [FullTime]:3600 [SkipTime]:0 [Veto1]:764.828 [Veto2]:757.837 [Veto3]:532.308 [Veto4]:532.308 [SgUp1]:58169 [SgUp2]:57304 [SgUp3]:0 [SgUp4]:0 [SgLow1]:58031 [SgLow2]:57179 [SgLow3]:0 [SgLow4]:0 [NetMuon1]:567379 [NetMuon2]:568572 [NetMuon3]:613525 [NetMuon4]:613525
[Run]:21974 [Site]:1 [Bin]:878 [FullTime]:3600 [SkipTime]:0 [Veto1]:731.159 [Veto2]:768.862 [Veto3]:532.703 [Veto4]:532.703 [SgUp1]:58372 [SgUp2]:56827 [SgUp3]:0 [SgUp4]:0 [SgLow1]:58250 [SgLow2]:56722 [SgLow3]:0 [SgLow4]:0 [NetMuon1]:574471 [NetMuon2]:566618 [NetMuon3]:614226 [NetMuon4]:614226
[Run]:21974 [Site]:1 [Bin]:879 [FullTime]:3600 [SkipTime]:0 [Veto1]:738.146 [Veto2]:757.174 [Veto3]:532.751 [Veto4]:532.751 [SgUp1]:58557 [SgUp2]:57532 [SgUp3]:0 [SgUp4]:0 [SgLow1]:58414 [SgLow2]:57443 [SgLow3]:0 [SgLow4]:0 [NetMuon1]:572939 [NetMuon2]:568721 [NetMuon3]:613683 [NetMuon4]:613683
[Run]:21974 [Site]:1 [Bin]:880 [FullTime]:3600 [SkipTime]:0 [Veto1]:728.904 [Veto2]:743.689 [Veto3]:532.803 [Veto4]:532.803 [SgUp1]:58607 [SgUp2]:57755 [SgUp3]:0 [SgUp4]:0 [SgLow1]:58505 [SgLow2]:57653 [SgLow3]:0 [SgLow4]:0 [NetMuon1]:575100 [NetMuon2]:571422 [NetMuon3]:614004 [NetMuon4]:614004
[Run]:21974 [Site]:1 [Bin]:881 [FullTime]:3600 [SkipTime]:0 [Veto1]:736.363 [Veto2]:753.558 [Veto3]:532.503 [Veto4]:532.503 [SgUp1]:58453 [SgUp2]:57212 [SgUp3]:0 [SgUp4]:0 [SgLow1]:58327 [SgLow2]:57121 [SgLow3]:0 [SgLow4]:0 [NetMuon1]:572949 [NetMuon2]:569586 [NetMuon3]:613876 [NetMuon4]:613876
[Run]:21974 [Site]:1 [Bin]:882 [FullTime]:3600 [SkipTime]:0 [Veto1]:761.863 [Veto2]:748.176 [Veto3]:532.156 [Veto4]:532.156 [SgUp1]:57883 [SgUp2]:57151 [SgUp3]:0 [SgUp4]:0 [SgLow1]:57783 [SgLow2]:57040 [SgLow3]:0 [SgLow4]:0 [NetMuon1]:568067 [NetMuon2]:570171 [NetMuon3]:613253 [NetMuon4]:613253
[Run]:21974 [Site]:1 [Bin]:883 [FullTime]:3600 [SkipTime]:0 [Veto1]:743.228 [Veto2]:759.717 [Veto3]:532.413 [Veto4]:532.413 [SgUp1]:58216 [SgUp2]:57228 [SgUp3]:0 [SgUp4]:0 [SgLow1]:58122 [SgLow2]:57124 [SgLow3]:0 [SgLow4]:0 [NetMuon1]:571287 [NetMuon2]:567812 [NetMuon3]:613676 [NetMuon4]:613676
[Run]:21974 [Site]:1 [Bin]:884 [FullTime]:3600 [SkipTime]:0 [Veto1]:733.414 [Veto2]:761.762 [Veto3]:531.441 [Veto4]:531.441 [SgUp1]:58577 [SgUp2]:57623 [SgUp3]:0 [SgUp4]:0 [SgLow1]:58477 [SgLow2]:57497 [SgLow3]:0 [SgLow4]:0 [NetMuon1]:572240 [NetMuon2]:566243 [NetMuon3]:612583 [NetMuon4]:612583
[Run]:21974 [Site]:1 [Bin]:885 [FullTime]:3600 [SkipTime]:0 [Veto1]:717.094 [Veto2]:760.306 [Veto3]:531.344 [Veto4]:531.344 [SgUp1]:58581 [SgUp2]:57200 [SgUp3]:0 [SgUp4]:0 [SgLow1]:58481 [SgLow2]:57107 [SgLow3]:0 [SgLow4]:0 [NetMuon1]:575346 [NetMuon2]:566453 [NetMuon3]:612141 [NetMuon4]:612141
[Run]:21974 [Site]:1 [Bin]:886 [FullTime]:3600 [SkipTime]:0 [Veto1]:737.432 [Veto2]:777.354 [Veto3]:531.916 [Veto4]:531.916 [SgUp1]:58536 [SgUp2]:56788 [SgUp3]:0 [SgUp4]:0 [SgLow1]:58439 [SgLow2]:56699 [SgLow3]:0 [SgLow4]:0 [NetMuon1]:571727 [NetMuon2]:563750 [NetMuon3]:613019 [NetMuon4]:613019
[Run]:21974 [Site]:1 [Bin]:887 [FullTime]:3600 [SkipTime]:0 [Veto1]:730.291 [Veto2]:754.181 [Veto3]:531.972 [Veto4]:531.972 [SgUp1]:58636 [SgUp2]:57586 [SgUp3]:0 [SgUp4]:0 [SgLow1]:58533 [SgLow2]:57479 [SgLow3]:0 [SgLow4]:0 [NetMuon1]:573559 [NetMuon2]:569050 [NetMuon3]:613404 [NetMuon4]:613404
End process Run: 21974 ... 
[Run]:21974 [Site]:1 [Bin]:888 [FullTime]:3286.26 [SkipTime]:0 [Veto1]:680.193 [Veto2]:703.25 [Veto3]:485.685 [Veto4]:485.685
