StreamChain add 0xa38a7f0
Start to process run: 21228 ... 
[Run]:21228 [Site]:1 [Bin]:50 [FullTime]:2141.42 [SkipTime]:0 [Veto1]:416.604 [Veto2]:449.191 [Veto3]:317.182 [Veto4]:317.182 [SgUp1]:35066 [SgUp2]:33929 [SgUp3]:0 [SgUp4]:0 [SgLow1]:35025 [SgLow2]:33868 [SgLow3]:0 [SgLow4]:0 [NetMuon1]:345720 [NetMuon2]:339116 [NetMuon3]:365690 [NetMuon4]:365690
[Run]:21228 [Site]:1 [Bin]:51 [FullTime]:3600 [SkipTime]:0 [Veto1]:750.024 [Veto2]:744.084 [Veto3]:533.53 [Veto4]:533.53 [SgUp1]:57942 [SgUp2]:57610 [SgUp3]:0 [SgUp4]:0 [SgLow1]:57837 [SgLow2]:57507 [SgLow3]:0 [SgLow4]:0 [NetMuon1]:571294 [NetMuon2]:572491 [NetMuon3]:614601 [NetMuon4]:614601
[Run]:21228 [Site]:1 [Bin]:52 [FullTime]:3600 [SkipTime]:0 [Veto1]:739.035 [Veto2]:743.846 [Veto3]:531.657 [Veto4]:531.657 [SgUp1]:58791 [SgUp2]:57818 [SgUp3]:0 [SgUp4]:0 [SgLow1]:58700 [SgLow2]:57709 [SgLow3]:0 [SgLow4]:0 [NetMuon1]:571240 [NetMuon2]:569809 [NetMuon3]:612609 [NetMuon4]:612609
[Run]:21228 [Site]:1 [Bin]:53 [FullTime]:3600 [SkipTime]:0 [Veto1]:725.203 [Veto2]:751.834 [Veto3]:532.811 [Veto4]:532.811 [SgUp1]:59077 [SgUp2]:57572 [SgUp3]:0 [SgUp4]:0 [SgLow1]:58966 [SgLow2]:57460 [SgLow3]:0 [SgLow4]:0 [NetMuon1]:575359 [NetMuon2]:569934 [NetMuon3]:613608 [NetMuon4]:613608
[Run]:21228 [Site]:1 [Bin]:54 [FullTime]:3600 [SkipTime]:0 [Veto1]:740.843 [Veto2]:741.247 [Veto3]:532.969 [Veto4]:532.969 [SgUp1]:58494 [SgUp2]:57584 [SgUp3]:0 [SgUp4]:0 [SgLow1]:58343 [SgLow2]:57462 [SgLow3]:0 [SgLow4]:0 [NetMuon1]:572876 [NetMuon2]:572588 [NetMuon3]:614419 [NetMuon4]:614419
[Run]:21228 [Site]:1 [Bin]:55 [FullTime]:3600 [SkipTime]:0 [Veto1]:730.979 [Veto2]:762.461 [Veto3]:531.671 [Veto4]:531.671 [SgUp1]:58750 [SgUp2]:57122 [SgUp3]:0 [SgUp4]:0 [SgLow1]:58617 [SgLow2]:57032 [SgLow3]:0 [SgLow4]:0 [NetMuon1]:573198 [NetMuon2]:566959 [NetMuon3]:612806 [NetMuon4]:612806
[Run]:21228 [Site]:1 [Bin]:56 [FullTime]:3600 [SkipTime]:0 [Veto1]:752.616 [Veto2]:749.689 [Veto3]:533.319 [Veto4]:533.319 [SgUp1]:58278 [SgUp2]:57617 [SgUp3]:0 [SgUp4]:0 [SgLow1]:58191 [SgLow2]:57510 [SgLow3]:0 [SgLow4]:0 [NetMuon1]:570544 [NetMuon2]:571820 [NetMuon3]:614702 [NetMuon4]:614702
[Run]:21228 [Site]:1 [Bin]:57 [FullTime]:3600 [SkipTime]:0 [Veto1]:746.822 [Veto2]:748.21 [Veto3]:532.675 [Veto4]:532.675 [SgUp1]:58509 [SgUp2]:57639 [SgUp3]:0 [SgUp4]:0 [SgLow1]:58390 [SgLow2]:57522 [SgLow3]:0 [SgLow4]:0 [NetMuon1]:571125 [NetMuon2]:570597 [NetMuon3]:613836 [NetMuon4]:613836
[Run]:21228 [Site]:1 [Bin]:58 [FullTime]:3600 [SkipTime]:0 [Veto1]:727.933 [Veto2]:740.004 [Veto3]:532.278 [Veto4]:532.278 [SgUp1]:58535 [SgUp2]:57683 [SgUp3]:0 [SgUp4]:0 [SgLow1]:58377 [SgLow2]:57582 [SgLow3]:0 [SgLow4]:0 [NetMuon1]:574221 [NetMuon2]:571725 [NetMuon3]:612999 [NetMuon4]:612999
[Run]:21228 [Site]:1 [Bin]:59 [FullTime]:3600 [SkipTime]:0 [Veto1]:724.861 [Veto2]:736.483 [Veto3]:531.909 [Veto4]:531.909 [SgUp1]:58777 [SgUp2]:57673 [SgUp3]:0 [SgUp4]:0 [SgLow1]:58676 [SgLow2]:57580 [SgLow3]:0 [SgLow4]:0 [NetMuon1]:574615 [NetMuon2]:572099 [NetMuon3]:613040 [NetMuon4]:613040
[Run]:21228 [Site]:1 [Bin]:60 [FullTime]:3600 [SkipTime]:0 [Veto1]:710.707 [Veto2]:750.459 [Veto3]:533.105 [Veto4]:533.105 [SgUp1]:59181 [SgUp2]:58332 [SgUp3]:0 [SgUp4]:0 [SgLow1]:59068 [SgLow2]:58231 [SgLow3]:0 [SgLow4]:0 [NetMuon1]:579039 [NetMuon2]:570777 [NetMuon3]:614446 [NetMuon4]:614446
[Run]:21228 [Site]:1 [Bin]:61 [FullTime]:3600 [SkipTime]:0 [Veto1]:754.065 [Veto2]:751.338 [Veto3]:533.652 [Veto4]:533.652 [SgUp1]:58227 [SgUp2]:57667 [SgUp3]:0 [SgUp4]:0 [SgLow1]:58093 [SgLow2]:57564 [SgLow3]:0 [SgLow4]:0 [NetMuon1]:570563 [NetMuon2]:570955 [NetMuon3]:614697 [NetMuon4]:614697
[Run]:21228 [Site]:1 [Bin]:62 [FullTime]:3600 [SkipTime]:0 [Veto1]:743.992 [Veto2]:763.86 [Veto3]:532.841 [Veto4]:532.841 [SgUp1]:57946 [SgUp2]:57842 [SgUp3]:0 [SgUp4]:0 [SgLow1]:57819 [SgLow2]:57708 [SgLow3]:0 [SgLow4]:0 [NetMuon1]:572029 [NetMuon2]:567991 [NetMuon3]:614066 [NetMuon4]:614066
[Run]:21228 [Site]:1 [Bin]:63 [FullTime]:3600 [SkipTime]:0 [Veto1]:752.938 [Veto2]:738.121 [Veto3]:532.744 [Veto4]:532.744 [SgUp1]:58332 [SgUp2]:58439 [SgUp3]:0 [SgUp4]:0 [SgLow1]:58240 [SgLow2]:58338 [SgLow3]:0 [SgLow4]:0 [NetMuon1]:569881 [NetMuon2]:572700 [NetMuon3]:613807 [NetMuon4]:613807
[Run]:21228 [Site]:1 [Bin]:64 [FullTime]:3600.01 [SkipTime]:0 [Veto1]:722.251 [Veto2]:765.096 [Veto3]:533.685 [Veto4]:533.685 [SgUp1]:58910 [SgUp2]:58261 [SgUp3]:0 [SgUp4]:0 [SgLow1]:58792 [SgLow2]:58153 [SgLow3]:0 [SgLow4]:0 [NetMuon1]:577088 [NetMuon2]:568648 [NetMuon3]:615172 [NetMuon4]:615172
[Run]:21228 [Site]:1 [Bin]:65 [FullTime]:3599.99 [SkipTime]:0 [Veto1]:748.855 [Veto2]:725.764 [Veto3]:534.767 [Veto4]:534.767 [SgUp1]:58413 [SgUp2]:58481 [SgUp3]:0 [SgUp4]:0 [SgLow1]:58297 [SgLow2]:58368 [SgLow3]:0 [SgLow4]:0 [NetMuon1]:572786 [NetMuon2]:577973 [NetMuon3]:616011 [NetMuon4]:616011
[Run]:21228 [Site]:1 [Bin]:66 [FullTime]:3600 [SkipTime]:0 [Veto1]:755.928 [Veto2]:765.648 [Veto3]:533.04 [Veto4]:533.04 [SgUp1]:57961 [SgUp2]:57749 [SgUp3]:0 [SgUp4]:0 [SgLow1]:57848 [SgLow2]:57638 [SgLow3]:0 [SgLow4]:0 [NetMuon1]:569192 [NetMuon2]:567511 [NetMuon3]:614009 [NetMuon4]:614009
[Run]:21228 [Site]:1 [Bin]:67 [FullTime]:3600 [SkipTime]:0 [Veto1]:736.605 [Veto2]:722.658 [Veto3]:533.017 [Veto4]:533.017 [SgUp1]:58339 [SgUp2]:59038 [SgUp3]:0 [SgUp4]:0 [SgLow1]:58214 [SgLow2]:58909 [SgLow3]:0 [SgLow4]:0 [NetMuon1]:573408 [NetMuon2]:576593 [NetMuon3]:614328 [NetMuon4]:614328
[Run]:21228 [Site]:1 [Bin]:68 [FullTime]:3600 [SkipTime]:0 [Veto1]:755.846 [Veto2]:763.18 [Veto3]:534.674 [Veto4]:534.674 [SgUp1]:58046 [SgUp2]:58178 [SgUp3]:0 [SgUp4]:0 [SgLow1]:57948 [SgLow2]:58055 [SgLow3]:0 [SgLow4]:0 [NetMuon1]:571619 [NetMuon2]:569981 [NetMuon3]:616200 [NetMuon4]:616200
[Run]:21228 [Site]:1 [Bin]:69 [FullTime]:3600 [SkipTime]:0 [Veto1]:747.619 [Veto2]:735.065 [Veto3]:532.968 [Veto4]:532.968 [SgUp1]:57601 [SgUp2]:58633 [SgUp3]:0 [SgUp4]:0 [SgLow1]:57481 [SgLow2]:58526 [SgLow3]:0 [SgLow4]:0 [NetMuon1]:570819 [NetMuon2]:573702 [NetMuon3]:613942 [NetMuon4]:613942
[Run]:21228 [Site]:1 [Bin]:70 [FullTime]:3600 [SkipTime]:0 [Veto1]:730.604 [Veto2]:736.656 [Veto3]:533.02 [Veto4]:533.02 [SgUp1]:58218 [SgUp2]:57984 [SgUp3]:0 [SgUp4]:0 [SgLow1]:58116 [SgLow2]:57869 [SgLow3]:0 [SgLow4]:0 [NetMuon1]:574086 [NetMuon2]:573197 [NetMuon3]:614085 [NetMuon4]:614085
[Run]:21228 [Site]:1 [Bin]:71 [FullTime]:3600 [SkipTime]:0 [Veto1]:762.524 [Veto2]:743.918 [Veto3]:532.88 [Veto4]:532.88 [SgUp1]:57601 [SgUp2]:58190 [SgUp3]:0 [SgUp4]:0 [SgLow1]:57503 [SgLow2]:58083 [SgLow3]:0 [SgLow4]:0 [NetMuon1]:568444 [NetMuon2]:571952 [NetMuon3]:614045 [NetMuon4]:614045
[Run]:21228 [Site]:1 [Bin]:72 [FullTime]:3600 [SkipTime]:0 [Veto1]:740.622 [Veto2]:757.79 [Veto3]:532.29 [Veto4]:532.29 [SgUp1]:57984 [SgUp2]:57760 [SgUp3]:0 [SgUp4]:0 [SgLow1]:57901 [SgLow2]:57639 [SgLow3]:0 [SgLow4]:0 [NetMuon1]:571599 [NetMuon2]:568199 [NetMuon3]:613286 [NetMuon4]:613286
[Run]:21228 [Site]:1 [Bin]:73 [FullTime]:3600 [SkipTime]:0 [Veto1]:733.799 [Veto2]:775.054 [Veto3]:531.629 [Veto4]:531.629 [SgUp1]:58603 [SgUp2]:57449 [SgUp3]:0 [SgUp4]:0 [SgLow1]:58497 [SgLow2]:57357 [SgLow3]:0 [SgLow4]:0 [NetMuon1]:572796 [NetMuon2]:563828 [NetMuon3]:612922 [NetMuon4]:612922
[Run]:21228 [Site]:1 [Bin]:74 [FullTime]:3600 [SkipTime]:0 [Veto1]:743.939 [Veto2]:750.018 [Veto3]:533.424 [Veto4]:533.424 [SgUp1]:58168 [SgUp2]:57873 [SgUp3]:0 [SgUp4]:0 [SgLow1]:58076 [SgLow2]:57758 [SgLow3]:0 [SgLow4]:0 [NetMuon1]:572464 [NetMuon2]:571327 [NetMuon3]:614623 [NetMuon4]:614623
[Run]:21228 [Site]:1 [Bin]:75 [FullTime]:3600 [SkipTime]:0 [Veto1]:739.106 [Veto2]:738.836 [Veto3]:533.726 [Veto4]:533.726 [SgUp1]:58486 [SgUp2]:58203 [SgUp3]:0 [SgUp4]:0 [SgLow1]:58369 [SgLow2]:58086 [SgLow3]:0 [SgLow4]:0 [NetMuon1]:573747 [NetMuon2]:574093 [NetMuon3]:615082 [NetMuon4]:615082
[Run]:21228 [Site]:1 [Bin]:76 [FullTime]:3600 [SkipTime]:0 [Veto1]:741.821 [Veto2]:725.019 [Veto3]:531.948 [Veto4]:531.948 [SgUp1]:58172 [SgUp2]:58435 [SgUp3]:0 [SgUp4]:0 [SgLow1]:58065 [SgLow2]:58303 [SgLow3]:0 [SgLow4]:0 [NetMuon1]:570891 [NetMuon2]:574208 [NetMuon3]:612905 [NetMuon4]:612905
[Run]:21228 [Site]:1 [Bin]:77 [FullTime]:3600 [SkipTime]:0 [Veto1]:747.409 [Veto2]:752.334 [Veto3]:533.168 [Veto4]:533.168 [SgUp1]:57714 [SgUp2]:57786 [SgUp3]:0 [SgUp4]:0 [SgLow1]:57588 [SgLow2]:57696 [SgLow3]:0 [SgLow4]:0 [NetMuon1]:571352 [NetMuon2]:570616 [NetMuon3]:614516 [NetMuon4]:614516
[Run]:21228 [Site]:1 [Bin]:78 [FullTime]:3600 [SkipTime]:0 [Veto1]:712.898 [Veto2]:753.85 [Veto3]:532.865 [Veto4]:532.865 [SgUp1]:58720 [SgUp2]:57767 [SgUp3]:0 [SgUp4]:0 [SgLow1]:58595 [SgLow2]:57647 [SgLow3]:0 [SgLow4]:0 [NetMuon1]:577934 [NetMuon2]:569689 [NetMuon3]:613936 [NetMuon4]:613936
[Run]:21228 [Site]:1 [Bin]:79 [FullTime]:3600 [SkipTime]:0 [Veto1]:758.939 [Veto2]:761.674 [Veto3]:533.738 [Veto4]:533.738 [SgUp1]:58248 [SgUp2]:57440 [SgUp3]:0 [SgUp4]:0 [SgLow1]:58144 [SgLow2]:57359 [SgLow3]:0 [SgLow4]:0 [NetMuon1]:569791 [NetMuon2]:570061 [NetMuon3]:615245 [NetMuon4]:615245
[Run]:21228 [Site]:1 [Bin]:80 [FullTime]:3600 [SkipTime]:0 [Veto1]:748.386 [Veto2]:738.812 [Veto3]:532.884 [Veto4]:532.884 [SgUp1]:58423 [SgUp2]:58270 [SgUp3]:0 [SgUp4]:0 [SgLow1]:58297 [SgLow2]:58192 [SgLow3]:0 [SgLow4]:0 [NetMuon1]:570774 [NetMuon2]:572404 [NetMuon3]:613950 [NetMuon4]:613950
[Run]:21228 [Site]:1 [Bin]:81 [FullTime]:3600 [SkipTime]:0 [Veto1]:749.402 [Veto2]:751.234 [Veto3]:533.328 [Veto4]:533.328 [SgUp1]:58032 [SgUp2]:57679 [SgUp3]:0 [SgUp4]:0 [SgLow1]:57923 [SgLow2]:57572 [SgLow3]:0 [SgLow4]:0 [NetMuon1]:570899 [NetMuon2]:570876 [NetMuon3]:614453 [NetMuon4]:614453
[Run]:21228 [Site]:1 [Bin]:82 [FullTime]:3600 [SkipTime]:0 [Veto1]:737.304 [Veto2]:742.043 [Veto3]:532.453 [Veto4]:532.453 [SgUp1]:58103 [SgUp2]:57865 [SgUp3]:0 [SgUp4]:0 [SgLow1]:57997 [SgLow2]:57759 [SgLow3]:0 [SgLow4]:0 [NetMuon1]:572614 [NetMuon2]:571883 [NetMuon3]:613599 [NetMuon4]:613599
[Run]:21228 [Site]:1 [Bin]:83 [FullTime]:3600 [SkipTime]:0 [Veto1]:732.751 [Veto2]:739.768 [Veto3]:531.977 [Veto4]:531.977 [SgUp1]:58700 [SgUp2]:58058 [SgUp3]:0 [SgUp4]:0 [SgLow1]:58597 [SgLow2]:57947 [SgLow3]:0 [SgLow4]:0 [NetMuon1]:572911 [NetMuon2]:571826 [NetMuon3]:613050 [NetMuon4]:613050
[Run]:21228 [Site]:1 [Bin]:84 [FullTime]:3600 [SkipTime]:0 [Veto1]:731.53 [Veto2]:737.66 [Veto3]:532.558 [Veto4]:532.558 [SgUp1]:58193 [SgUp2]:57744 [SgUp3]:0 [SgUp4]:0 [SgLow1]:58070 [SgLow2]:57652 [SgLow3]:0 [SgLow4]:0 [NetMuon1]:574498 [NetMuon2]:572702 [NetMuon3]:613963 [NetMuon4]:613963
[Run]:21228 [Site]:1 [Bin]:85 [FullTime]:3600 [SkipTime]:0 [Veto1]:741.241 [Veto2]:745.555 [Veto3]:532.499 [Veto4]:532.499 [SgUp1]:58413 [SgUp2]:58074 [SgUp3]:0 [SgUp4]:0 [SgLow1]:58293 [SgLow2]:57967 [SgLow3]:0 [SgLow4]:0 [NetMuon1]:571757 [NetMuon2]:570874 [NetMuon3]:613503 [NetMuon4]:613503
[Run]:21228 [Site]:1 [Bin]:86 [FullTime]:3600 [SkipTime]:0 [Veto1]:730.908 [Veto2]:746.584 [Veto3]:533.636 [Veto4]:533.636 [SgUp1]:58476 [SgUp2]:58237 [SgUp3]:0 [SgUp4]:0 [SgLow1]:58358 [SgLow2]:58143 [SgLow3]:0 [SgLow4]:0 [NetMuon1]:575314 [NetMuon2]:572201 [NetMuon3]:614730 [NetMuon4]:614730
[Run]:21228 [Site]:1 [Bin]:87 [FullTime]:3065.45 [SkipTime]:534.553 [Veto1]:626.358 [Veto2]:633.96 [Veto3]:453.593 [Veto4]:453.593 [SgUp1]:49800 [SgUp2]:49647 [SgUp3]:0 [SgUp4]:0 [SgLow1]:49702 [SgLow2]:49553 [SgLow3]:0 [SgLow4]:0 [NetMuon1]:487842 [NetMuon2]:486233 [NetMuon3]:522715 [NetMuon4]:522715
[Run]:21228 [Site]:1 [Bin]:88 [FullTime]:3600 [SkipTime]:0 [Veto1]:757.638 [Veto2]:756.283 [Veto3]:532.669 [Veto4]:532.669 [SgUp1]:58311 [SgUp2]:58086 [SgUp3]:0 [SgUp4]:0 [SgLow1]:58211 [SgLow2]:57973 [SgLow3]:0 [SgLow4]:0 [NetMuon1]:568904 [NetMuon2]:569504 [NetMuon3]:613965 [NetMuon4]:613965
[Run]:21228 [Site]:1 [Bin]:89 [FullTime]:3600 [SkipTime]:0 [Veto1]:736.847 [Veto2]:738.123 [Veto3]:531.818 [Veto4]:531.818 [SgUp1]:58223 [SgUp2]:58260 [SgUp3]:0 [SgUp4]:0 [SgLow1]:58127 [SgLow2]:58173 [SgLow3]:0 [SgLow4]:0 [NetMuon1]:572202 [NetMuon2]:571908 [NetMuon3]:612994 [NetMuon4]:612994
[Run]:21228 [Site]:1 [Bin]:90 [FullTime]:3600 [SkipTime]:0 [Veto1]:728.639 [Veto2]:771.247 [Veto3]:532.607 [Veto4]:532.607 [SgUp1]:58315 [SgUp2]:57325 [SgUp3]:0 [SgUp4]:0 [SgLow1]:58222 [SgLow2]:57217 [SgLow3]:0 [SgLow4]:0 [NetMuon1]:574426 [NetMuon2]:565839 [NetMuon3]:613880 [NetMuon4]:613880
[Run]:21228 [Site]:1 [Bin]:91 [FullTime]:3600 [SkipTime]:0 [Veto1]:752.047 [Veto2]:731.053 [Veto3]:532.854 [Veto4]:532.854 [SgUp1]:58323 [SgUp2]:58299 [SgUp3]:0 [SgUp4]:0 [SgLow1]:58176 [SgLow2]:58192 [SgLow3]:0 [SgLow4]:0 [NetMuon1]:570286 [NetMuon2]:574191 [NetMuon3]:613880 [NetMuon4]:613880
[Run]:21228 [Site]:1 [Bin]:92 [FullTime]:3600 [SkipTime]:0 [Veto1]:731.957 [Veto2]:725.794 [Veto3]:532.317 [Veto4]:532.317 [SgUp1]:59004 [SgUp2]:58071 [SgUp3]:0 [SgUp4]:0 [SgLow1]:58906 [SgLow2]:57968 [SgLow3]:0 [SgLow4]:0 [NetMuon1]:573350 [NetMuon2]:574637 [NetMuon3]:613420 [NetMuon4]:613420
[Run]:21228 [Site]:1 [Bin]:93 [FullTime]:3600 [SkipTime]:0 [Veto1]:739.725 [Veto2]:761.52 [Veto3]:532.946 [Veto4]:532.946 [SgUp1]:58360 [SgUp2]:56794 [SgUp3]:0 [SgUp4]:0 [SgLow1]:58265 [SgLow2]:56668 [SgLow3]:0 [SgLow4]:0 [NetMuon1]:572383 [NetMuon2]:568518 [NetMuon3]:614048 [NetMuon4]:614048
[Run]:21228 [Site]:1 [Bin]:94 [FullTime]:3600 [SkipTime]:0 [Veto1]:738.482 [Veto2]:755.038 [Veto3]:533.248 [Veto4]:533.248 [SgUp1]:58115 [SgUp2]:57626 [SgUp3]:0 [SgUp4]:0 [SgLow1]:58000 [SgLow2]:57498 [SgLow3]:0 [SgLow4]:0 [NetMuon1]:573054 [NetMuon2]:569760 [NetMuon3]:614383 [NetMuon4]:614383
[Run]:21228 [Site]:1 [Bin]:95 [FullTime]:3600 [SkipTime]:0 [Veto1]:739.697 [Veto2]:760.252 [Veto3]:532.495 [Veto4]:532.495 [SgUp1]:58228 [SgUp2]:57426 [SgUp3]:0 [SgUp4]:0 [SgLow1]:58117 [SgLow2]:57316 [SgLow3]:0 [SgLow4]:0 [NetMuon1]:572237 [NetMuon2]:567843 [NetMuon3]:613646 [NetMuon4]:613646
End process Run: 21228 ... 
[Run]:21228 [Site]:1 [Bin]:96 [FullTime]:2887.22 [SkipTime]:0 [Veto1]:588.781 [Veto2]:596.018 [Veto3]:426.813 [Veto4]:426.813
