StreamChain add 0x110277f0
Start to process run: 21358 ... 
[Run]:21358 [Site]:1 [Bin]:191 [FullTime]:786.737 [SkipTime]:0 [Veto1]:153.573 [Veto2]:160.247 [Veto3]:116.79 [Veto4]:116.79 [SgUp1]:12814 [SgUp2]:12715 [SgUp3]:0 [SgUp4]:0 [SgLow1]:12784 [SgLow2]:12680 [SgLow3]:0 [SgLow4]:0 [NetMuon1]:127060 [NetMuon2]:125815 [NetMuon3]:134487 [NetMuon4]:134487
[Run]:21358 [Site]:1 [Bin]:192 [FullTime]:3600.01 [SkipTime]:0 [Veto1]:724.729 [Veto2]:740.299 [Veto3]:532.02 [Veto4]:532.02 [SgUp1]:58248 [SgUp2]:57942 [SgUp3]:0 [SgUp4]:0 [SgLow1]:58115 [SgLow2]:57845 [SgLow3]:0 [SgLow4]:0 [NetMuon1]:574330 [NetMuon2]:571231 [NetMuon3]:612846 [NetMuon4]:612846
[Run]:21358 [Site]:1 [Bin]:193 [FullTime]:3600 [SkipTime]:0 [Veto1]:753.46 [Veto2]:741.387 [Veto3]:533.698 [Veto4]:533.698 [SgUp1]:58396 [SgUp2]:58419 [SgUp3]:0 [SgUp4]:0 [SgLow1]:58291 [SgLow2]:58323 [SgLow3]:0 [SgLow4]:0 [NetMuon1]:570879 [NetMuon2]:573148 [NetMuon3]:614735 [NetMuon4]:614735
[Run]:21358 [Site]:1 [Bin]:194 [FullTime]:3600 [SkipTime]:0 [Veto1]:741.978 [Veto2]:734.967 [Veto3]:533.235 [Veto4]:533.235 [SgUp1]:58145 [SgUp2]:57958 [SgUp3]:0 [SgUp4]:0 [SgLow1]:58037 [SgLow2]:57840 [SgLow3]:0 [SgLow4]:0 [NetMuon1]:573041 [NetMuon2]:574345 [NetMuon3]:614437 [NetMuon4]:614437
[Run]:21358 [Site]:1 [Bin]:195 [FullTime]:3600 [SkipTime]:0 [Veto1]:754.312 [Veto2]:740.107 [Veto3]:534.227 [Veto4]:534.227 [SgUp1]:57812 [SgUp2]:58141 [SgUp3]:0 [SgUp4]:0 [SgLow1]:57708 [SgLow2]:58037 [SgLow3]:0 [SgLow4]:0 [NetMuon1]:570906 [NetMuon2]:574105 [NetMuon3]:615397 [NetMuon4]:615397
[Run]:21358 [Site]:1 [Bin]:196 [FullTime]:3600 [SkipTime]:0 [Veto1]:757.767 [Veto2]:735.416 [Veto3]:533.134 [Veto4]:533.134 [SgUp1]:57784 [SgUp2]:58293 [SgUp3]:0 [SgUp4]:0 [SgLow1]:57677 [SgLow2]:58179 [SgLow3]:0 [SgLow4]:0 [NetMuon1]:569450 [NetMuon2]:574232 [NetMuon3]:614509 [NetMuon4]:614509
[Run]:21358 [Site]:1 [Bin]:197 [FullTime]:3600 [SkipTime]:0 [Veto1]:734.361 [Veto2]:750.588 [Veto3]:532.743 [Veto4]:532.743 [SgUp1]:58133 [SgUp2]:57941 [SgUp3]:0 [SgUp4]:0 [SgLow1]:58010 [SgLow2]:57845 [SgLow3]:0 [SgLow4]:0 [NetMuon1]:573499 [NetMuon2]:570103 [NetMuon3]:613881 [NetMuon4]:613881
[Run]:21358 [Site]:1 [Bin]:198 [FullTime]:3600 [SkipTime]:0 [Veto1]:749.423 [Veto2]:768.121 [Veto3]:532.36 [Veto4]:532.36 [SgUp1]:57828 [SgUp2]:57614 [SgUp3]:0 [SgUp4]:0 [SgLow1]:57751 [SgLow2]:57502 [SgLow3]:0 [SgLow4]:0 [NetMuon1]:570390 [NetMuon2]:566451 [NetMuon3]:613639 [NetMuon4]:613639
[Run]:21358 [Site]:1 [Bin]:199 [FullTime]:3600 [SkipTime]:0 [Veto1]:747.931 [Veto2]:760.127 [Veto3]:534.184 [Veto4]:534.184 [SgUp1]:58243 [SgUp2]:57208 [SgUp3]:0 [SgUp4]:0 [SgLow1]:58125 [SgLow2]:57109 [SgLow3]:0 [SgLow4]:0 [NetMuon1]:572197 [NetMuon2]:570009 [NetMuon3]:615263 [NetMuon4]:615263
[Run]:21358 [Site]:1 [Bin]:200 [FullTime]:3600 [SkipTime]:0 [Veto1]:731.569 [Veto2]:765.264 [Veto3]:533.172 [Veto4]:533.172 [SgUp1]:58306 [SgUp2]:57596 [SgUp3]:0 [SgUp4]:0 [SgLow1]:58199 [SgLow2]:57457 [SgLow3]:0 [SgLow4]:0 [NetMuon1]:574833 [NetMuon2]:568009 [NetMuon3]:614534 [NetMuon4]:614534
[Run]:21358 [Site]:1 [Bin]:201 [FullTime]:3600 [SkipTime]:0 [Veto1]:723.394 [Veto2]:768.79 [Veto3]:533.722 [Veto4]:533.722 [SgUp1]:58670 [SgUp2]:57659 [SgUp3]:0 [SgUp4]:0 [SgLow1]:58524 [SgLow2]:57533 [SgLow3]:0 [SgLow4]:0 [NetMuon1]:576633 [NetMuon2]:567647 [NetMuon3]:614681 [NetMuon4]:614681
[Run]:21358 [Site]:1 [Bin]:202 [FullTime]:3600 [SkipTime]:0 [Veto1]:744.871 [Veto2]:763.476 [Veto3]:533.353 [Veto4]:533.353 [SgUp1]:57859 [SgUp2]:57194 [SgUp3]:0 [SgUp4]:0 [SgLow1]:57769 [SgLow2]:57074 [SgLow3]:0 [SgLow4]:0 [NetMuon1]:571858 [NetMuon2]:568270 [NetMuon3]:614573 [NetMuon4]:614573
[Run]:21358 [Site]:1 [Bin]:203 [FullTime]:3600 [SkipTime]:0 [Veto1]:744.934 [Veto2]:746.905 [Veto3]:532.278 [Veto4]:532.278 [SgUp1]:58372 [SgUp2]:57686 [SgUp3]:0 [SgUp4]:0 [SgLow1]:58270 [SgLow2]:57564 [SgLow3]:0 [SgLow4]:0 [NetMuon1]:570830 [NetMuon2]:570586 [NetMuon3]:613402 [NetMuon4]:613402
[Run]:21358 [Site]:1 [Bin]:204 [FullTime]:3600 [SkipTime]:0 [Veto1]:735.754 [Veto2]:743.697 [Veto3]:533.935 [Veto4]:533.935 [SgUp1]:58492 [SgUp2]:57799 [SgUp3]:0 [SgUp4]:0 [SgLow1]:58382 [SgLow2]:57684 [SgLow3]:0 [SgLow4]:0 [NetMuon1]:574843 [NetMuon2]:572943 [NetMuon3]:615005 [NetMuon4]:615005
[Run]:21358 [Site]:1 [Bin]:205 [FullTime]:3600 [SkipTime]:0 [Veto1]:742.637 [Veto2]:746.164 [Veto3]:532.682 [Veto4]:532.682 [SgUp1]:58479 [SgUp2]:57723 [SgUp3]:0 [SgUp4]:0 [SgLow1]:58365 [SgLow2]:57617 [SgLow3]:0 [SgLow4]:0 [NetMuon1]:571481 [NetMuon2]:570731 [NetMuon3]:613614 [NetMuon4]:613614
[Run]:21358 [Site]:1 [Bin]:206 [FullTime]:3600 [SkipTime]:0 [Veto1]:741.321 [Veto2]:735.12 [Veto3]:533.416 [Veto4]:533.416 [SgUp1]:58011 [SgUp2]:57613 [SgUp3]:0 [SgUp4]:0 [SgLow1]:57869 [SgLow2]:57481 [SgLow3]:0 [SgLow4]:0 [NetMuon1]:572892 [NetMuon2]:574174 [NetMuon3]:614640 [NetMuon4]:614640
[Run]:21358 [Site]:1 [Bin]:207 [FullTime]:3600 [SkipTime]:0 [Veto1]:743.869 [Veto2]:734.932 [Veto3]:534.336 [Veto4]:534.336 [SgUp1]:57569 [SgUp2]:57727 [SgUp3]:0 [SgUp4]:0 [SgLow1]:57437 [SgLow2]:57635 [SgLow3]:0 [SgLow4]:0 [NetMuon1]:573145 [NetMuon2]:575593 [NetMuon3]:615757 [NetMuon4]:615757
[Run]:21358 [Site]:1 [Bin]:208 [FullTime]:3600 [SkipTime]:0 [Veto1]:740.982 [Veto2]:736.594 [Veto3]:535.255 [Veto4]:535.255 [SgUp1]:57909 [SgUp2]:57752 [SgUp3]:0 [SgUp4]:0 [SgLow1]:57819 [SgLow2]:57632 [SgLow3]:0 [SgLow4]:0 [NetMuon1]:574709 [NetMuon2]:575770 [NetMuon3]:616297 [NetMuon4]:616297
[Run]:21358 [Site]:1 [Bin]:209 [FullTime]:3600 [SkipTime]:0 [Veto1]:725.854 [Veto2]:742.187 [Veto3]:533.418 [Veto4]:533.418 [SgUp1]:58221 [SgUp2]:57590 [SgUp3]:0 [SgUp4]:0 [SgLow1]:58109 [SgLow2]:57469 [SgLow3]:0 [SgLow4]:0 [NetMuon1]:576196 [NetMuon2]:573127 [NetMuon3]:614674 [NetMuon4]:614674
[Run]:21358 [Site]:1 [Bin]:210 [FullTime]:3600 [SkipTime]:0 [Veto1]:728.261 [Veto2]:760.444 [Veto3]:534.87 [Veto4]:534.87 [SgUp1]:58367 [SgUp2]:57098 [SgUp3]:0 [SgUp4]:0 [SgLow1]:58257 [SgLow2]:56996 [SgLow3]:0 [SgLow4]:0 [NetMuon1]:577060 [NetMuon2]:570837 [NetMuon3]:616176 [NetMuon4]:616176
[Run]:21358 [Site]:1 [Bin]:211 [FullTime]:3600 [SkipTime]:0 [Veto1]:731.098 [Veto2]:754.475 [Veto3]:533.144 [Veto4]:533.144 [SgUp1]:58609 [SgUp2]:57583 [SgUp3]:0 [SgUp4]:0 [SgLow1]:58497 [SgLow2]:57474 [SgLow3]:0 [SgLow4]:0 [NetMuon1]:574265 [NetMuon2]:569936 [NetMuon3]:614021 [NetMuon4]:614021
[Run]:21358 [Site]:1 [Bin]:212 [FullTime]:3600 [SkipTime]:0 [Veto1]:738.505 [Veto2]:751.252 [Veto3]:534.422 [Veto4]:534.422 [SgUp1]:58597 [SgUp2]:57358 [SgUp3]:0 [SgUp4]:0 [SgLow1]:58482 [SgLow2]:57250 [SgLow3]:0 [SgLow4]:0 [NetMuon1]:574696 [NetMuon2]:572025 [NetMuon3]:615722 [NetMuon4]:615722
[Run]:21358 [Site]:1 [Bin]:213 [FullTime]:3600 [SkipTime]:0 [Veto1]:738.305 [Veto2]:746.793 [Veto3]:534.063 [Veto4]:534.063 [SgUp1]:58542 [SgUp2]:57387 [SgUp3]:0 [SgUp4]:0 [SgLow1]:58443 [SgLow2]:57281 [SgLow3]:0 [SgLow4]:0 [NetMuon1]:573778 [NetMuon2]:572319 [NetMuon3]:615199 [NetMuon4]:615199
[Run]:21358 [Site]:1 [Bin]:214 [FullTime]:3600 [SkipTime]:0 [Veto1]:732.929 [Veto2]:768.434 [Veto3]:533.613 [Veto4]:533.613 [SgUp1]:58752 [SgUp2]:56844 [SgUp3]:0 [SgUp4]:0 [SgLow1]:58617 [SgLow2]:56744 [SgLow3]:0 [SgLow4]:0 [NetMuon1]:574552 [NetMuon2]:567409 [NetMuon3]:614382 [NetMuon4]:614382
[Run]:21358 [Site]:1 [Bin]:215 [FullTime]:3600 [SkipTime]:0 [Veto1]:733.055 [Veto2]:744.219 [Veto3]:534.021 [Veto4]:534.021 [SgUp1]:58948 [SgUp2]:57478 [SgUp3]:0 [SgUp4]:0 [SgLow1]:58850 [SgLow2]:57374 [SgLow3]:0 [SgLow4]:0 [NetMuon1]:575247 [NetMuon2]:572949 [NetMuon3]:614968 [NetMuon4]:614968
[Run]:21358 [Site]:1 [Bin]:216 [FullTime]:3600 [SkipTime]:0 [Veto1]:769.182 [Veto2]:735.446 [Veto3]:532.965 [Veto4]:532.965 [SgUp1]:57653 [SgUp2]:58085 [SgUp3]:0 [SgUp4]:0 [SgLow1]:57554 [SgLow2]:57963 [SgLow3]:0 [SgLow4]:0 [NetMuon1]:566562 [NetMuon2]:573494 [NetMuon3]:614184 [NetMuon4]:614184
[Run]:21358 [Site]:1 [Bin]:217 [FullTime]:3600 [SkipTime]:0 [Veto1]:735.627 [Veto2]:729.833 [Veto3]:532.857 [Veto4]:532.857 [SgUp1]:58604 [SgUp2]:58010 [SgUp3]:0 [SgUp4]:0 [SgLow1]:58521 [SgLow2]:57881 [SgLow3]:0 [SgLow4]:0 [NetMuon1]:572984 [NetMuon2]:574342 [NetMuon3]:613786 [NetMuon4]:613786
[Run]:21358 [Site]:1 [Bin]:218 [FullTime]:3600 [SkipTime]:0 [Veto1]:731.928 [Veto2]:733.316 [Veto3]:533.289 [Veto4]:533.289 [SgUp1]:58418 [SgUp2]:57862 [SgUp3]:0 [SgUp4]:0 [SgLow1]:58322 [SgLow2]:57731 [SgLow3]:0 [SgLow4]:0 [NetMuon1]:575182 [NetMuon2]:574399 [NetMuon3]:614848 [NetMuon4]:614848
[Run]:21358 [Site]:1 [Bin]:219 [FullTime]:3600 [SkipTime]:0 [Veto1]:734.29 [Veto2]:757.452 [Veto3]:534.416 [Veto4]:534.416 [SgUp1]:58379 [SgUp2]:57578 [SgUp3]:0 [SgUp4]:0 [SgLow1]:58273 [SgLow2]:57466 [SgLow3]:0 [SgLow4]:0 [NetMuon1]:575692 [NetMuon2]:570669 [NetMuon3]:615632 [NetMuon4]:615632
[Run]:21358 [Site]:1 [Bin]:220 [FullTime]:3600 [SkipTime]:0 [Veto1]:750.073 [Veto2]:743.057 [Veto3]:533.325 [Veto4]:533.325 [SgUp1]:58816 [SgUp2]:57513 [SgUp3]:0 [SgUp4]:0 [SgLow1]:58695 [SgLow2]:57415 [SgLow3]:0 [SgLow4]:0 [NetMuon1]:570561 [NetMuon2]:571978 [NetMuon3]:614160 [NetMuon4]:614160
[Run]:21358 [Site]:1 [Bin]:221 [FullTime]:3600 [SkipTime]:0 [Veto1]:742.325 [Veto2]:760.349 [Veto3]:533.682 [Veto4]:533.682 [SgUp1]:58795 [SgUp2]:57470 [SgUp3]:0 [SgUp4]:0 [SgLow1]:58669 [SgLow2]:57350 [SgLow3]:0 [SgLow4]:0 [NetMuon1]:572631 [NetMuon2]:569281 [NetMuon3]:614671 [NetMuon4]:614671
[Run]:21358 [Site]:1 [Bin]:222 [FullTime]:3600 [SkipTime]:0 [Veto1]:733.564 [Veto2]:757.579 [Veto3]:534.232 [Veto4]:534.232 [SgUp1]:58851 [SgUp2]:57166 [SgUp3]:0 [SgUp4]:0 [SgLow1]:58752 [SgLow2]:57064 [SgLow3]:0 [SgLow4]:0 [NetMuon1]:575595 [NetMuon2]:570910 [NetMuon3]:615466 [NetMuon4]:615466
[Run]:21358 [Site]:1 [Bin]:223 [FullTime]:3600 [SkipTime]:0 [Veto1]:750.271 [Veto2]:745.444 [Veto3]:533.477 [Veto4]:533.477 [SgUp1]:58117 [SgUp2]:57204 [SgUp3]:0 [SgUp4]:0 [SgLow1]:58020 [SgLow2]:57103 [SgLow3]:0 [SgLow4]:0 [NetMuon1]:570420 [NetMuon2]:571720 [NetMuon3]:614416 [NetMuon4]:614416
[Run]:21358 [Site]:1 [Bin]:224 [FullTime]:3600 [SkipTime]:0 [Veto1]:750.063 [Veto2]:738.099 [Veto3]:533.109 [Veto4]:533.109 [SgUp1]:58489 [SgUp2]:57630 [SgUp3]:0 [SgUp4]:0 [SgLow1]:58347 [SgLow2]:57536 [SgLow3]:0 [SgLow4]:0 [NetMuon1]:570644 [NetMuon2]:573266 [NetMuon3]:614283 [NetMuon4]:614283
[Run]:21358 [Site]:1 [Bin]:225 [FullTime]:3600 [SkipTime]:0 [Veto1]:738.06 [Veto2]:728.235 [Veto3]:534.915 [Veto4]:534.915 [SgUp1]:58418 [SgUp2]:58204 [SgUp3]:0 [SgUp4]:0 [SgLow1]:58296 [SgLow2]:58083 [SgLow3]:0 [SgLow4]:0 [NetMuon1]:575460 [NetMuon2]:577365 [NetMuon3]:616225 [NetMuon4]:616225
[Run]:21358 [Site]:1 [Bin]:226 [FullTime]:3600 [SkipTime]:0 [Veto1]:731.905 [Veto2]:763.855 [Veto3]:533.978 [Veto4]:533.978 [SgUp1]:58578 [SgUp2]:57729 [SgUp3]:0 [SgUp4]:0 [SgLow1]:58460 [SgLow2]:57619 [SgLow3]:0 [SgLow4]:0 [NetMuon1]:575464 [NetMuon2]:568883 [NetMuon3]:615100 [NetMuon4]:615100
[Run]:21358 [Site]:1 [Bin]:227 [FullTime]:3600 [SkipTime]:0 [Veto1]:738.821 [Veto2]:749.233 [Veto3]:533.703 [Veto4]:533.703 [SgUp1]:58378 [SgUp2]:57463 [SgUp3]:0 [SgUp4]:0 [SgLow1]:58274 [SgLow2]:57355 [SgLow3]:0 [SgLow4]:0 [NetMuon1]:573289 [NetMuon2]:571243 [NetMuon3]:614512 [NetMuon4]:614512
[Run]:21358 [Site]:1 [Bin]:228 [FullTime]:3600 [SkipTime]:0 [Veto1]:742.303 [Veto2]:757.049 [Veto3]:534.223 [Veto4]:534.223 [SgUp1]:58477 [SgUp2]:57460 [SgUp3]:0 [SgUp4]:0 [SgLow1]:58392 [SgLow2]:57376 [SgLow3]:0 [SgLow4]:0 [NetMuon1]:573514 [NetMuon2]:570714 [NetMuon3]:615150 [NetMuon4]:615150
[Run]:21358 [Site]:1 [Bin]:229 [FullTime]:3600 [SkipTime]:0 [Veto1]:759.038 [Veto2]:740.459 [Veto3]:533.183 [Veto4]:533.183 [SgUp1]:58444 [SgUp2]:57566 [SgUp3]:0 [SgUp4]:0 [SgLow1]:58356 [SgLow2]:57449 [SgLow3]:0 [SgLow4]:0 [NetMuon1]:569151 [NetMuon2]:572489 [NetMuon3]:614288 [NetMuon4]:614288
[Run]:21358 [Site]:1 [Bin]:230 [FullTime]:3600 [SkipTime]:0 [Veto1]:747.12 [Veto2]:763.447 [Veto3]:534.258 [Veto4]:534.258 [SgUp1]:58394 [SgUp2]:57331 [SgUp3]:0 [SgUp4]:0 [SgLow1]:58284 [SgLow2]:57240 [SgLow3]:0 [SgLow4]:0 [NetMuon1]:572423 [NetMuon2]:569472 [NetMuon3]:615459 [NetMuon4]:615459
[Run]:21358 [Site]:1 [Bin]:231 [FullTime]:3600 [SkipTime]:0 [Veto1]:741.167 [Veto2]:744.761 [Veto3]:535.108 [Veto4]:535.108 [SgUp1]:57854 [SgUp2]:57679 [SgUp3]:0 [SgUp4]:0 [SgLow1]:57752 [SgLow2]:57553 [SgLow3]:0 [SgLow4]:0 [NetMuon1]:575133 [NetMuon2]:574475 [NetMuon3]:616695 [NetMuon4]:616695
[Run]:21358 [Site]:1 [Bin]:232 [FullTime]:3600 [SkipTime]:0 [Veto1]:741.625 [Veto2]:758.79 [Veto3]:533.833 [Veto4]:533.833 [SgUp1]:58400 [SgUp2]:57198 [SgUp3]:0 [SgUp4]:0 [SgLow1]:58288 [SgLow2]:57083 [SgLow3]:0 [SgLow4]:0 [NetMuon1]:573495 [NetMuon2]:569409 [NetMuon3]:614831 [NetMuon4]:614831
[Run]:21358 [Site]:1 [Bin]:233 [FullTime]:3600 [SkipTime]:0 [Veto1]:739.883 [Veto2]:745.352 [Veto3]:534.641 [Veto4]:534.641 [SgUp1]:58411 [SgUp2]:57306 [SgUp3]:0 [SgUp4]:0 [SgLow1]:58330 [SgLow2]:57210 [SgLow3]:0 [SgLow4]:0 [NetMuon1]:574552 [NetMuon2]:573465 [NetMuon3]:615876 [NetMuon4]:615876
[Run]:21358 [Site]:1 [Bin]:234 [FullTime]:3600 [SkipTime]:0 [Veto1]:742.03 [Veto2]:744.543 [Veto3]:534.024 [Veto4]:534.024 [SgUp1]:58141 [SgUp2]:57559 [SgUp3]:0 [SgUp4]:0 [SgLow1]:58012 [SgLow2]:57414 [SgLow3]:0 [SgLow4]:0 [NetMuon1]:572947 [NetMuon2]:572588 [NetMuon3]:614972 [NetMuon4]:614972
[Run]:21358 [Site]:1 [Bin]:235 [FullTime]:3600 [SkipTime]:0 [Veto1]:729.702 [Veto2]:731.062 [Veto3]:533.164 [Veto4]:533.164 [SgUp1]:58626 [SgUp2]:57373 [SgUp3]:0 [SgUp4]:0 [SgLow1]:58512 [SgLow2]:57263 [SgLow3]:0 [SgLow4]:0 [NetMuon1]:574844 [NetMuon2]:574227 [NetMuon3]:614078 [NetMuon4]:614078
[Run]:21358 [Site]:1 [Bin]:236 [FullTime]:3600 [SkipTime]:0 [Veto1]:726.951 [Veto2]:746.092 [Veto3]:532.952 [Veto4]:532.952 [SgUp1]:58527 [SgUp2]:57465 [SgUp3]:0 [SgUp4]:0 [SgLow1]:58392 [SgLow2]:57375 [SgLow3]:0 [SgLow4]:0 [NetMuon1]:574921 [NetMuon2]:571135 [NetMuon3]:613889 [NetMuon4]:613889
[Run]:21358 [Site]:1 [Bin]:237 [FullTime]:3600 [SkipTime]:0 [Veto1]:747.314 [Veto2]:733.567 [Veto3]:533.785 [Veto4]:533.785 [SgUp1]:58420 [SgUp2]:57763 [SgUp3]:0 [SgUp4]:0 [SgLow1]:58327 [SgLow2]:57647 [SgLow3]:0 [SgLow4]:0 [NetMuon1]:572260 [NetMuon2]:574478 [NetMuon3]:614825 [NetMuon4]:614825
[Run]:21358 [Site]:1 [Bin]:238 [FullTime]:3600 [SkipTime]:0 [Veto1]:733.664 [Veto2]:737.95 [Veto3]:533.841 [Veto4]:533.841 [SgUp1]:58607 [SgUp2]:57328 [SgUp3]:0 [SgUp4]:0 [SgLow1]:58514 [SgLow2]:57229 [SgLow3]:0 [SgLow4]:0 [NetMuon1]:574950 [NetMuon2]:574275 [NetMuon3]:615143 [NetMuon4]:615143
End process Run: 21358 ... 
[Run]:21358 [Site]:1 [Bin]:239 [FullTime]:2678.65 [SkipTime]:0 [Veto1]:540.058 [Veto2]:545.487 [Veto3]:396.689 [Veto4]:396.689
