StreamChain add 0x48df7f0
Start to process run: 21960 ... 
[Run]:21960 [Site]:1 [Bin]:848 [FullTime]:305.087 [SkipTime]:0 [Veto1]:63.2853 [Veto2]:62.4948 [Veto3]:45.3229 [Veto4]:45.3229 [SgUp1]:4830 [SgUp2]:4957 [SgUp3]:0 [SgUp4]:0 [SgLow1]:4825 [SgLow2]:4949 [SgLow3]:0 [SgLow4]:0 [NetMuon1]:48624 [NetMuon2]:48850 [NetMuon3]:52215 [NetMuon4]:52215
[Run]:21960 [Site]:1 [Bin]:849 [FullTime]:3028.11 [SkipTime]:571.886 [Veto1]:617.817 [Veto2]:625.925 [Veto3]:448.31 [Veto4]:448.31 [SgUp1]:48623 [SgUp2]:48536 [SgUp3]:0 [SgUp4]:0 [SgLow1]:48496 [SgLow2]:48427 [SgLow3]:0 [SgLow4]:0 [NetMuon1]:482639 [NetMuon2]:481050 [NetMuon3]:516538 [NetMuon4]:516538
[Run]:21960 [Site]:1 [Bin]:850 [FullTime]:3600 [SkipTime]:0 [Veto1]:746.55 [Veto2]:741.766 [Veto3]:533.205 [Veto4]:533.205 [SgUp1]:57493 [SgUp2]:57917 [SgUp3]:0 [SgUp4]:0 [SgLow1]:57383 [SgLow2]:57825 [SgLow3]:0 [SgLow4]:0 [NetMuon1]:572115 [NetMuon2]:573014 [NetMuon3]:614716 [NetMuon4]:614716
[Run]:21960 [Site]:1 [Bin]:851 [FullTime]:3600 [SkipTime]:0 [Veto1]:748.119 [Veto2]:727.75 [Veto3]:533.024 [Veto4]:533.024 [SgUp1]:58132 [SgUp2]:58148 [SgUp3]:0 [SgUp4]:0 [SgLow1]:58009 [SgLow2]:58056 [SgLow3]:0 [SgLow4]:0 [NetMuon1]:571213 [NetMuon2]:574975 [NetMuon3]:614079 [NetMuon4]:614079
[Run]:21960 [Site]:1 [Bin]:852 [FullTime]:3600 [SkipTime]:0 [Veto1]:729.459 [Veto2]:732.065 [Veto3]:533.16 [Veto4]:533.16 [SgUp1]:58061 [SgUp2]:58125 [SgUp3]:0 [SgUp4]:0 [SgLow1]:57930 [SgLow2]:58033 [SgLow3]:0 [SgLow4]:0 [NetMuon1]:575502 [NetMuon2]:575027 [NetMuon3]:614445 [NetMuon4]:614445
[Run]:21960 [Site]:1 [Bin]:853 [FullTime]:3600 [SkipTime]:0 [Veto1]:726.484 [Veto2]:766.686 [Veto3]:533.482 [Veto4]:533.482 [SgUp1]:57734 [SgUp2]:56715 [SgUp3]:0 [SgUp4]:0 [SgLow1]:57642 [SgLow2]:56619 [SgLow3]:0 [SgLow4]:0 [NetMuon1]:576358 [NetMuon2]:568123 [NetMuon3]:614785 [NetMuon4]:614785
[Run]:21960 [Site]:1 [Bin]:854 [FullTime]:3599.99 [SkipTime]:0 [Veto1]:734.755 [Veto2]:745.681 [Veto3]:533.311 [Veto4]:533.311 [SgUp1]:58251 [SgUp2]:57633 [SgUp3]:0 [SgUp4]:0 [SgLow1]:58139 [SgLow2]:57532 [SgLow3]:0 [SgLow4]:0 [NetMuon1]:574410 [NetMuon2]:572191 [NetMuon3]:614595 [NetMuon4]:614595
[Run]:21960 [Site]:1 [Bin]:855 [FullTime]:3600 [SkipTime]:0 [Veto1]:727.444 [Veto2]:751.971 [Veto3]:532.959 [Veto4]:532.959 [SgUp1]:58010 [SgUp2]:57138 [SgUp3]:0 [SgUp4]:0 [SgLow1]:57915 [SgLow2]:57035 [SgLow3]:0 [SgLow4]:0 [NetMuon1]:575325 [NetMuon2]:570456 [NetMuon3]:614236 [NetMuon4]:614236
[Run]:21960 [Site]:1 [Bin]:856 [FullTime]:3600 [SkipTime]:0 [Veto1]:732.396 [Veto2]:747.624 [Veto3]:532.679 [Veto4]:532.679 [SgUp1]:58106 [SgUp2]:57793 [SgUp3]:0 [SgUp4]:0 [SgLow1]:57995 [SgLow2]:57683 [SgLow3]:0 [SgLow4]:0 [NetMuon1]:573958 [NetMuon2]:570655 [NetMuon3]:613794 [NetMuon4]:613794
[Run]:21960 [Site]:1 [Bin]:857 [FullTime]:3600 [SkipTime]:0 [Veto1]:728.76 [Veto2]:758.087 [Veto3]:534.082 [Veto4]:534.082 [SgUp1]:58604 [SgUp2]:57461 [SgUp3]:0 [SgUp4]:0 [SgLow1]:58502 [SgLow2]:57346 [SgLow3]:0 [SgLow4]:0 [NetMuon1]:576175 [NetMuon2]:570737 [NetMuon3]:615388 [NetMuon4]:615388
[Run]:21960 [Site]:1 [Bin]:858 [FullTime]:3600 [SkipTime]:0 [Veto1]:727.665 [Veto2]:750.611 [Veto3]:532.814 [Veto4]:532.814 [SgUp1]:58107 [SgUp2]:56752 [SgUp3]:0 [SgUp4]:0 [SgLow1]:58006 [SgLow2]:56669 [SgLow3]:0 [SgLow4]:0 [NetMuon1]:575556 [NetMuon2]:570571 [NetMuon3]:614250 [NetMuon4]:614250
[Run]:21960 [Site]:1 [Bin]:859 [FullTime]:3600 [SkipTime]:0 [Veto1]:734.911 [Veto2]:749.561 [Veto3]:531.611 [Veto4]:531.611 [SgUp1]:58233 [SgUp2]:57781 [SgUp3]:0 [SgUp4]:0 [SgLow1]:58135 [SgLow2]:57679 [SgLow3]:0 [SgLow4]:0 [NetMuon1]:572156 [NetMuon2]:569192 [NetMuon3]:612963 [NetMuon4]:612963
[Run]:21960 [Site]:1 [Bin]:860 [FullTime]:3600 [SkipTime]:0 [Veto1]:750.303 [Veto2]:746.476 [Veto3]:532.897 [Veto4]:532.897 [SgUp1]:58129 [SgUp2]:57470 [SgUp3]:0 [SgUp4]:0 [SgLow1]:58042 [SgLow2]:57370 [SgLow3]:0 [SgLow4]:0 [NetMuon1]:570572 [NetMuon2]:571099 [NetMuon3]:614152 [NetMuon4]:614152
[Run]:21960 [Site]:1 [Bin]:861 [FullTime]:3600 [SkipTime]:0 [Veto1]:732.9 [Veto2]:755.693 [Veto3]:532.308 [Veto4]:532.308 [SgUp1]:58395 [SgUp2]:57984 [SgUp3]:0 [SgUp4]:0 [SgLow1]:58313 [SgLow2]:57860 [SgLow3]:0 [SgLow4]:0 [NetMuon1]:573237 [NetMuon2]:568402 [NetMuon3]:613223 [NetMuon4]:613223
[Run]:21960 [Site]:1 [Bin]:862 [FullTime]:3600 [SkipTime]:0 [Veto1]:751.657 [Veto2]:735.722 [Veto3]:532.839 [Veto4]:532.839 [SgUp1]:57882 [SgUp2]:58038 [SgUp3]:0 [SgUp4]:0 [SgLow1]:57769 [SgLow2]:57921 [SgLow3]:0 [SgLow4]:0 [NetMuon1]:570674 [NetMuon2]:573754 [NetMuon3]:614316 [NetMuon4]:614316
[Run]:21960 [Site]:1 [Bin]:863 [FullTime]:3600.01 [SkipTime]:0 [Veto1]:737.113 [Veto2]:767.794 [Veto3]:531.798 [Veto4]:531.798 [SgUp1]:58315 [SgUp2]:57120 [SgUp3]:0 [SgUp4]:0 [SgLow1]:58223 [SgLow2]:57028 [SgLow3]:0 [SgLow4]:0 [NetMuon1]:572036 [NetMuon2]:565582 [NetMuon3]:612831 [NetMuon4]:612831
End process Run: 21960 ... 
[Run]:21960 [Site]:1 [Bin]:864 [FullTime]:1906.52 [SkipTime]:0 [Veto1]:385.453 [Veto2]:385.178 [Veto3]:281.722 [Veto4]:281.722
