StreamChain add 0x4ec17f0
Start to process run: 21374 ... 
[Run]:21374 [Site]:1 [Bin]:287 [FullTime]:164.679 [SkipTime]:0 [Veto1]:34.9089 [Veto2]:33.7819 [Veto3]:24.4262 [Veto4]:24.4262 [SgUp1]:2613 [SgUp2]:2649 [SgUp3]:0 [SgUp4]:0 [SgLow1]:2595 [SgLow2]:2648 [SgLow3]:0 [SgLow4]:0 [NetMuon1]:25991 [NetMuon2]:26234 [NetMuon3]:28106 [NetMuon4]:28106
[Run]:21374 [Site]:1 [Bin]:288 [FullTime]:3600 [SkipTime]:0 [Veto1]:738.129 [Veto2]:768.632 [Veto3]:535.029 [Veto4]:535.029 [SgUp1]:57962 [SgUp2]:57525 [SgUp3]:0 [SgUp4]:0 [SgLow1]:57865 [SgLow2]:57420 [SgLow3]:0 [SgLow4]:0 [NetMuon1]:575262 [NetMuon2]:568828 [NetMuon3]:616054 [NetMuon4]:616054
[Run]:21374 [Site]:1 [Bin]:289 [FullTime]:3600 [SkipTime]:0 [Veto1]:726.918 [Veto2]:750.51 [Veto3]:533.883 [Veto4]:533.883 [SgUp1]:58522 [SgUp2]:57470 [SgUp3]:0 [SgUp4]:0 [SgLow1]:58425 [SgLow2]:57368 [SgLow3]:0 [SgLow4]:0 [NetMuon1]:575932 [NetMuon2]:571677 [NetMuon3]:614990 [NetMuon4]:614990
[Run]:21374 [Site]:1 [Bin]:290 [FullTime]:3600 [SkipTime]:0 [Veto1]:719.299 [Veto2]:748.488 [Veto3]:535.651 [Veto4]:535.651 [SgUp1]:58845 [SgUp2]:57678 [SgUp3]:0 [SgUp4]:0 [SgLow1]:58736 [SgLow2]:57581 [SgLow3]:0 [SgLow4]:0 [NetMuon1]:579972 [NetMuon2]:573862 [NetMuon3]:616768 [NetMuon4]:616768
[Run]:21374 [Site]:1 [Bin]:291 [FullTime]:3600 [SkipTime]:0 [Veto1]:735.535 [Veto2]:759.348 [Veto3]:535.201 [Veto4]:535.201 [SgUp1]:58268 [SgUp2]:57703 [SgUp3]:0 [SgUp4]:0 [SgLow1]:58156 [SgLow2]:57593 [SgLow3]:0 [SgLow4]:0 [NetMuon1]:576668 [NetMuon2]:571284 [NetMuon3]:616485 [NetMuon4]:616485
[Run]:21374 [Site]:1 [Bin]:292 [FullTime]:3600 [SkipTime]:0 [Veto1]:747.008 [Veto2]:783.575 [Veto3]:535.732 [Veto4]:535.732 [SgUp1]:57980 [SgUp2]:57675 [SgUp3]:0 [SgUp4]:0 [SgLow1]:57858 [SgLow2]:57564 [SgLow3]:0 [SgLow4]:0 [NetMuon1]:574567 [NetMuon2]:567035 [NetMuon3]:617005 [NetMuon4]:617005
[Run]:21374 [Site]:1 [Bin]:293 [FullTime]:3600 [SkipTime]:0 [Veto1]:738.095 [Veto2]:749.266 [Veto3]:535.045 [Veto4]:535.045 [SgUp1]:57808 [SgUp2]:57929 [SgUp3]:0 [SgUp4]:0 [SgLow1]:57704 [SgLow2]:57831 [SgLow3]:0 [SgLow4]:0 [NetMuon1]:575364 [NetMuon2]:572931 [NetMuon3]:616323 [NetMuon4]:616323
[Run]:21374 [Site]:1 [Bin]:294 [FullTime]:3600 [SkipTime]:0 [Veto1]:741.688 [Veto2]:759.926 [Veto3]:534.731 [Veto4]:534.731 [SgUp1]:57830 [SgUp2]:57849 [SgUp3]:0 [SgUp4]:0 [SgLow1]:57718 [SgLow2]:57736 [SgLow3]:0 [SgLow4]:0 [NetMuon1]:573978 [NetMuon2]:570584 [NetMuon3]:615782 [NetMuon4]:615782
[Run]:21374 [Site]:1 [Bin]:295 [FullTime]:3600 [SkipTime]:0 [Veto1]:746.629 [Veto2]:762.892 [Veto3]:534.605 [Veto4]:534.605 [SgUp1]:58520 [SgUp2]:58101 [SgUp3]:0 [SgUp4]:0 [SgLow1]:58399 [SgLow2]:57985 [SgLow3]:0 [SgLow4]:0 [NetMuon1]:573191 [NetMuon2]:569898 [NetMuon3]:615450 [NetMuon4]:615450
[Run]:21374 [Site]:1 [Bin]:296 [FullTime]:3600 [SkipTime]:0 [Veto1]:750.549 [Veto2]:736.16 [Veto3]:534.237 [Veto4]:534.237 [SgUp1]:58286 [SgUp2]:58348 [SgUp3]:0 [SgUp4]:0 [SgLow1]:58174 [SgLow2]:58245 [SgLow3]:0 [SgLow4]:0 [NetMuon1]:572276 [NetMuon2]:574772 [NetMuon3]:615593 [NetMuon4]:615593
[Run]:21374 [Site]:1 [Bin]:297 [FullTime]:3600.01 [SkipTime]:0 [Veto1]:747.161 [Veto2]:762.029 [Veto3]:534.828 [Veto4]:534.828 [SgUp1]:58673 [SgUp2]:57526 [SgUp3]:0 [SgUp4]:0 [SgLow1]:58569 [SgLow2]:57411 [SgLow3]:0 [SgLow4]:0 [NetMuon1]:572763 [NetMuon2]:570049 [NetMuon3]:615592 [NetMuon4]:615592
[Run]:21374 [Site]:1 [Bin]:298 [FullTime]:3599.99 [SkipTime]:0 [Veto1]:733.866 [Veto2]:762.637 [Veto3]:533.769 [Veto4]:533.769 [SgUp1]:58276 [SgUp2]:57178 [SgUp3]:0 [SgUp4]:0 [SgLow1]:58150 [SgLow2]:57072 [SgLow3]:0 [SgLow4]:0 [NetMuon1]:574581 [NetMuon2]:568533 [NetMuon3]:614809 [NetMuon4]:614809
[Run]:21374 [Site]:1 [Bin]:299 [FullTime]:3600 [SkipTime]:0 [Veto1]:745.419 [Veto2]:762.205 [Veto3]:535.283 [Veto4]:535.283 [SgUp1]:58469 [SgUp2]:57188 [SgUp3]:0 [SgUp4]:0 [SgLow1]:58353 [SgLow2]:57077 [SgLow3]:0 [SgLow4]:0 [NetMuon1]:574449 [NetMuon2]:571080 [NetMuon3]:616829 [NetMuon4]:616829
[Run]:21374 [Site]:1 [Bin]:300 [FullTime]:3600 [SkipTime]:0 [Veto1]:731.236 [Veto2]:754.315 [Veto3]:533.953 [Veto4]:533.953 [SgUp1]:59033 [SgUp2]:58011 [SgUp3]:0 [SgUp4]:0 [SgLow1]:58955 [SgLow2]:57870 [SgLow3]:0 [SgLow4]:0 [NetMuon1]:575794 [NetMuon2]:571005 [NetMuon3]:615195 [NetMuon4]:615195
[Run]:21374 [Site]:1 [Bin]:301 [FullTime]:3600 [SkipTime]:0 [Veto1]:744.197 [Veto2]:736.141 [Veto3]:534.892 [Veto4]:534.892 [SgUp1]:58649 [SgUp2]:57869 [SgUp3]:0 [SgUp4]:0 [SgLow1]:58525 [SgLow2]:57759 [SgLow3]:0 [SgLow4]:0 [NetMuon1]:574380 [NetMuon2]:575937 [NetMuon3]:616423 [NetMuon4]:616423
[Run]:21374 [Site]:1 [Bin]:302 [FullTime]:3600 [SkipTime]:0 [Veto1]:737.979 [Veto2]:760.474 [Veto3]:535.806 [Veto4]:535.806 [SgUp1]:58303 [SgUp2]:57599 [SgUp3]:0 [SgUp4]:0 [SgLow1]:58200 [SgLow2]:57479 [SgLow3]:0 [SgLow4]:0 [NetMuon1]:576575 [NetMuon2]:571930 [NetMuon3]:617056 [NetMuon4]:617056
[Run]:21374 [Site]:1 [Bin]:303 [FullTime]:3600 [SkipTime]:0 [Veto1]:737.029 [Veto2]:760.794 [Veto3]:536.045 [Veto4]:536.045 [SgUp1]:58353 [SgUp2]:57578 [SgUp3]:0 [SgUp4]:0 [SgLow1]:58235 [SgLow2]:57465 [SgLow3]:0 [SgLow4]:0 [NetMuon1]:576984 [NetMuon2]:571818 [NetMuon3]:617092 [NetMuon4]:617092
[Run]:21374 [Site]:1 [Bin]:304 [FullTime]:3600 [SkipTime]:0 [Veto1]:752.289 [Veto2]:777.556 [Veto3]:535.754 [Veto4]:535.754 [SgUp1]:58444 [SgUp2]:56577 [SgUp3]:0 [SgUp4]:0 [SgLow1]:58334 [SgLow2]:56470 [SgLow3]:0 [SgLow4]:0 [NetMuon1]:573117 [NetMuon2]:568068 [NetMuon3]:616913 [NetMuon4]:616913
[Run]:21374 [Site]:1 [Bin]:305 [FullTime]:3600 [SkipTime]:0 [Veto1]:757.558 [Veto2]:755.424 [Veto3]:534.996 [Veto4]:534.996 [SgUp1]:58212 [SgUp2]:57242 [SgUp3]:0 [SgUp4]:0 [SgLow1]:58100 [SgLow2]:57134 [SgLow3]:0 [SgLow4]:0 [NetMuon1]:571776 [NetMuon2]:571929 [NetMuon3]:616291 [NetMuon4]:616291
[Run]:21374 [Site]:1 [Bin]:306 [FullTime]:3600 [SkipTime]:0 [Veto1]:741.896 [Veto2]:760.514 [Veto3]:534.352 [Veto4]:534.352 [SgUp1]:58316 [SgUp2]:57717 [SgUp3]:0 [SgUp4]:0 [SgLow1]:58193 [SgLow2]:57589 [SgLow3]:0 [SgLow4]:0 [NetMuon1]:573713 [NetMuon2]:570586 [NetMuon3]:615446 [NetMuon4]:615446
[Run]:21374 [Site]:1 [Bin]:307 [FullTime]:3600 [SkipTime]:0 [Veto1]:745.212 [Veto2]:771.986 [Veto3]:535.459 [Veto4]:535.459 [SgUp1]:58608 [SgUp2]:57331 [SgUp3]:0 [SgUp4]:0 [SgLow1]:58510 [SgLow2]:57232 [SgLow3]:0 [SgLow4]:0 [NetMuon1]:574572 [NetMuon2]:568873 [NetMuon3]:616801 [NetMuon4]:616801
[Run]:21374 [Site]:1 [Bin]:308 [FullTime]:3600 [SkipTime]:0 [Veto1]:712.77 [Veto2]:731.41 [Veto3]:534.697 [Veto4]:534.697 [SgUp1]:59275 [SgUp2]:57915 [SgUp3]:0 [SgUp4]:0 [SgLow1]:59169 [SgLow2]:57799 [SgLow3]:0 [SgLow4]:0 [NetMuon1]:580206 [NetMuon2]:576195 [NetMuon3]:615785 [NetMuon4]:615785
[Run]:21374 [Site]:1 [Bin]:309 [FullTime]:3600 [SkipTime]:0 [Veto1]:746.928 [Veto2]:732.559 [Veto3]:534.627 [Veto4]:534.627 [SgUp1]:58148 [SgUp2]:58291 [SgUp3]:0 [SgUp4]:0 [SgLow1]:58023 [SgLow2]:58186 [SgLow3]:0 [SgLow4]:0 [NetMuon1]:573530 [NetMuon2]:576183 [NetMuon3]:616189 [NetMuon4]:616189
[Run]:21374 [Site]:1 [Bin]:310 [FullTime]:3600 [SkipTime]:0 [Veto1]:765.144 [Veto2]:735.527 [Veto3]:533.183 [Veto4]:533.183 [SgUp1]:57976 [SgUp2]:57902 [SgUp3]:0 [SgUp4]:0 [SgLow1]:57895 [SgLow2]:57809 [SgLow3]:0 [SgLow4]:0 [NetMuon1]:567745 [NetMuon2]:573385 [NetMuon3]:614169 [NetMuon4]:614169
[Run]:21374 [Site]:1 [Bin]:311 [FullTime]:3600 [SkipTime]:0 [Veto1]:739.596 [Veto2]:737.871 [Veto3]:534.344 [Veto4]:534.344 [SgUp1]:58407 [SgUp2]:57940 [SgUp3]:0 [SgUp4]:0 [SgLow1]:58299 [SgLow2]:57853 [SgLow3]:0 [SgLow4]:0 [NetMuon1]:574116 [NetMuon2]:575093 [NetMuon3]:615513 [NetMuon4]:615513
End process Run: 21374 ... 
[Run]:21374 [Site]:1 [Bin]:312 [FullTime]:1473.46 [SkipTime]:0 [Veto1]:293.151 [Veto2]:312.634 [Veto3]:218.684 [Veto4]:218.684
