StreamChain add 0x19c777f0
Start to process run: 22396 ... 
[Run]:22396 [Site]:1 [Bin]:1392 [FullTime]:1215.87 [SkipTime]:0 [Veto1]:257.371 [Veto2]:257.808 [Veto3]:180.159 [Veto4]:180.159 [SgUp1]:19134 [SgUp2]:19365 [SgUp3]:0 [SgUp4]:0 [SgLow1]:19095 [SgLow2]:19328 [SgLow3]:0 [SgLow4]:0 [NetMuon1]:192113 [NetMuon2]:191942 [NetMuon3]:207573 [NetMuon4]:207573
[Run]:22396 [Site]:1 [Bin]:1393 [FullTime]:3600 [SkipTime]:0 [Veto1]:727.162 [Veto2]:745.903 [Veto3]:534.377 [Veto4]:534.377 [SgUp1]:57829 [SgUp2]:57484 [SgUp3]:0 [SgUp4]:0 [SgLow1]:57732 [SgLow2]:57374 [SgLow3]:0 [SgLow4]:0 [NetMuon1]:576817 [NetMuon2]:572478 [NetMuon3]:615373 [NetMuon4]:615373
[Run]:22396 [Site]:1 [Bin]:1394 [FullTime]:3600 [SkipTime]:0 [Veto1]:744.993 [Veto2]:749.889 [Veto3]:534.042 [Veto4]:534.042 [SgUp1]:57721 [SgUp2]:57427 [SgUp3]:0 [SgUp4]:0 [SgLow1]:57621 [SgLow2]:57332 [SgLow3]:0 [SgLow4]:0 [NetMuon1]:573065 [NetMuon2]:571797 [NetMuon3]:615193 [NetMuon4]:615193
[Run]:22396 [Site]:1 [Bin]:1395 [FullTime]:3600 [SkipTime]:0 [Veto1]:729.054 [Veto2]:757.836 [Veto3]:534.494 [Veto4]:534.494 [SgUp1]:58318 [SgUp2]:57525 [SgUp3]:0 [SgUp4]:0 [SgLow1]:58195 [SgLow2]:57409 [SgLow3]:0 [SgLow4]:0 [NetMuon1]:576433 [NetMuon2]:570785 [NetMuon3]:615542 [NetMuon4]:615542
[Run]:22396 [Site]:1 [Bin]:1396 [FullTime]:3600 [SkipTime]:0 [Veto1]:736.07 [Veto2]:737.319 [Veto3]:534.554 [Veto4]:534.554 [SgUp1]:58021 [SgUp2]:57560 [SgUp3]:0 [SgUp4]:0 [SgLow1]:57893 [SgLow2]:57458 [SgLow3]:0 [SgLow4]:0 [NetMuon1]:575362 [NetMuon2]:575156 [NetMuon3]:615696 [NetMuon4]:615696
[Run]:22396 [Site]:1 [Bin]:1397 [FullTime]:3600 [SkipTime]:0 [Veto1]:755.5 [Veto2]:764.006 [Veto3]:535.604 [Veto4]:535.604 [SgUp1]:57457 [SgUp2]:56922 [SgUp3]:0 [SgUp4]:0 [SgLow1]:57338 [SgLow2]:56811 [SgLow3]:0 [SgLow4]:0 [NetMuon1]:572519 [NetMuon2]:570966 [NetMuon3]:616936 [NetMuon4]:616936
[Run]:22396 [Site]:1 [Bin]:1398 [FullTime]:3030.34 [SkipTime]:569.664 [Veto1]:628.701 [Veto2]:639.634 [Veto3]:450.498 [Veto4]:450.498 [SgUp1]:48320 [SgUp2]:48518 [SgUp3]:0 [SgUp4]:0 [SgLow1]:48251 [SgLow2]:48421 [SgLow3]:0 [SgLow4]:0 [NetMuon1]:482970 [NetMuon2]:481006 [NetMuon3]:518796 [NetMuon4]:518796
[Run]:22396 [Site]:1 [Bin]:1399 [FullTime]:3600 [SkipTime]:0 [Veto1]:752.656 [Veto2]:748.665 [Veto3]:534.247 [Veto4]:534.247 [SgUp1]:57636 [SgUp2]:57230 [SgUp3]:0 [SgUp4]:0 [SgLow1]:57528 [SgLow2]:57092 [SgLow3]:0 [SgLow4]:0 [NetMuon1]:571415 [NetMuon2]:572128 [NetMuon3]:615451 [NetMuon4]:615451
[Run]:22396 [Site]:1 [Bin]:1400 [FullTime]:3600 [SkipTime]:0 [Veto1]:743.428 [Veto2]:752.13 [Veto3]:536.154 [Veto4]:536.154 [SgUp1]:58082 [SgUp2]:57032 [SgUp3]:0 [SgUp4]:0 [SgLow1]:57966 [SgLow2]:56960 [SgLow3]:0 [SgLow4]:0 [NetMuon1]:575179 [NetMuon2]:573603 [NetMuon3]:617128 [NetMuon4]:617128
[Run]:22396 [Site]:1 [Bin]:1401 [FullTime]:3600 [SkipTime]:0 [Veto1]:745.711 [Veto2]:734.188 [Veto3]:534.927 [Veto4]:534.927 [SgUp1]:57621 [SgUp2]:57086 [SgUp3]:0 [SgUp4]:0 [SgLow1]:57515 [SgLow2]:56971 [SgLow3]:0 [SgLow4]:0 [NetMuon1]:573312 [NetMuon2]:575650 [NetMuon3]:615919 [NetMuon4]:615919
[Run]:22396 [Site]:1 [Bin]:1402 [FullTime]:3600 [SkipTime]:0 [Veto1]:743.549 [Veto2]:770.448 [Veto3]:535.928 [Veto4]:535.928 [SgUp1]:58184 [SgUp2]:56655 [SgUp3]:0 [SgUp4]:0 [SgLow1]:58071 [SgLow2]:56527 [SgLow3]:0 [SgLow4]:0 [NetMuon1]:575806 [NetMuon2]:570345 [NetMuon3]:617257 [NetMuon4]:617257
[Run]:22396 [Site]:1 [Bin]:1403 [FullTime]:3600 [SkipTime]:0 [Veto1]:727.555 [Veto2]:757.56 [Veto3]:535.346 [Veto4]:535.346 [SgUp1]:58336 [SgUp2]:57469 [SgUp3]:0 [SgUp4]:0 [SgLow1]:58239 [SgLow2]:57358 [SgLow3]:0 [SgLow4]:0 [NetMuon1]:577767 [NetMuon2]:571644 [NetMuon3]:616384 [NetMuon4]:616384
[Run]:22396 [Site]:1 [Bin]:1404 [FullTime]:3600 [SkipTime]:0 [Veto1]:729.633 [Veto2]:742.661 [Veto3]:535.229 [Veto4]:535.229 [SgUp1]:58209 [SgUp2]:57590 [SgUp3]:0 [SgUp4]:0 [SgLow1]:58124 [SgLow2]:57499 [SgLow3]:0 [SgLow4]:0 [NetMuon1]:577490 [NetMuon2]:574811 [NetMuon3]:616347 [NetMuon4]:616347
[Run]:22396 [Site]:1 [Bin]:1405 [FullTime]:3600 [SkipTime]:0 [Veto1]:741.485 [Veto2]:735.378 [Veto3]:534.6 [Veto4]:534.6 [SgUp1]:57749 [SgUp2]:57850 [SgUp3]:0 [SgUp4]:0 [SgLow1]:57632 [SgLow2]:57740 [SgLow3]:0 [SgLow4]:0 [NetMuon1]:574237 [NetMuon2]:575550 [NetMuon3]:615949 [NetMuon4]:615949
[Run]:22396 [Site]:1 [Bin]:1406 [FullTime]:3600 [SkipTime]:0 [Veto1]:714.995 [Veto2]:759.161 [Veto3]:535.351 [Veto4]:535.351 [SgUp1]:58848 [SgUp2]:57732 [SgUp3]:0 [SgUp4]:0 [SgLow1]:58726 [SgLow2]:57602 [SgLow3]:0 [SgLow4]:0 [NetMuon1]:580366 [NetMuon2]:571322 [NetMuon3]:616665 [NetMuon4]:616665
[Run]:22396 [Site]:1 [Bin]:1407 [FullTime]:3600 [SkipTime]:0 [Veto1]:734.872 [Veto2]:734.967 [Veto3]:534.621 [Veto4]:534.621 [SgUp1]:58198 [SgUp2]:57849 [SgUp3]:0 [SgUp4]:0 [SgLow1]:58057 [SgLow2]:57741 [SgLow3]:0 [SgLow4]:0 [NetMuon1]:576023 [NetMuon2]:575444 [NetMuon3]:615604 [NetMuon4]:615604
[Run]:22396 [Site]:1 [Bin]:1408 [FullTime]:3600 [SkipTime]:0 [Veto1]:731.909 [Veto2]:749.867 [Veto3]:534.859 [Veto4]:534.859 [SgUp1]:58370 [SgUp2]:57998 [SgUp3]:0 [SgUp4]:0 [SgLow1]:58233 [SgLow2]:57904 [SgLow3]:0 [SgLow4]:0 [NetMuon1]:576523 [NetMuon2]:572686 [NetMuon3]:615940 [NetMuon4]:615940
[Run]:22396 [Site]:1 [Bin]:1409 [FullTime]:3600 [SkipTime]:0 [Veto1]:722.122 [Veto2]:734.909 [Veto3]:534.368 [Veto4]:534.368 [SgUp1]:58750 [SgUp2]:57568 [SgUp3]:0 [SgUp4]:0 [SgLow1]:58637 [SgLow2]:57462 [SgLow3]:0 [SgLow4]:0 [NetMuon1]:577381 [NetMuon2]:574782 [NetMuon3]:615250 [NetMuon4]:615250
[Run]:22396 [Site]:1 [Bin]:1410 [FullTime]:3600 [SkipTime]:0 [Veto1]:765.845 [Veto2]:751.993 [Veto3]:534.351 [Veto4]:534.351 [SgUp1]:57597 [SgUp2]:57585 [SgUp3]:0 [SgUp4]:0 [SgLow1]:57476 [SgLow2]:57447 [SgLow3]:0 [SgLow4]:0 [NetMuon1]:568953 [NetMuon2]:572005 [NetMuon3]:615561 [NetMuon4]:615561
[Run]:22396 [Site]:1 [Bin]:1411 [FullTime]:3600 [SkipTime]:0 [Veto1]:744.736 [Veto2]:756.475 [Veto3]:533.383 [Veto4]:533.383 [SgUp1]:58072 [SgUp2]:57038 [SgUp3]:0 [SgUp4]:0 [SgLow1]:57962 [SgLow2]:56930 [SgLow3]:0 [SgLow4]:0 [NetMuon1]:572038 [NetMuon2]:569548 [NetMuon3]:614200 [NetMuon4]:614200
[Run]:22396 [Site]:1 [Bin]:1412 [FullTime]:3600 [SkipTime]:0 [Veto1]:742.777 [Veto2]:749.124 [Veto3]:534.657 [Veto4]:534.657 [SgUp1]:58426 [SgUp2]:56750 [SgUp3]:0 [SgUp4]:0 [SgLow1]:58336 [SgLow2]:56635 [SgLow3]:0 [SgLow4]:0 [NetMuon1]:573707 [NetMuon2]:573035 [NetMuon3]:615953 [NetMuon4]:615953
[Run]:22396 [Site]:1 [Bin]:1413 [FullTime]:3600 [SkipTime]:0 [Veto1]:738.633 [Veto2]:732.45 [Veto3]:534.702 [Veto4]:534.702 [SgUp1]:58100 [SgUp2]:57521 [SgUp3]:0 [SgUp4]:0 [SgLow1]:57981 [SgLow2]:57426 [SgLow3]:0 [SgLow4]:0 [NetMuon1]:574768 [NetMuon2]:576054 [NetMuon3]:615875 [NetMuon4]:615875
[Run]:22396 [Site]:1 [Bin]:1414 [FullTime]:3600 [SkipTime]:0 [Veto1]:756.05 [Veto2]:768.139 [Veto3]:534.858 [Veto4]:534.858 [SgUp1]:58017 [SgUp2]:56972 [SgUp3]:0 [SgUp4]:0 [SgLow1]:57898 [SgLow2]:56883 [SgLow3]:0 [SgLow4]:0 [NetMuon1]:572095 [NetMuon2]:569544 [NetMuon3]:616125 [NetMuon4]:616125
[Run]:22396 [Site]:1 [Bin]:1415 [FullTime]:3600 [SkipTime]:0 [Veto1]:743.469 [Veto2]:744.03 [Veto3]:533.966 [Veto4]:533.966 [SgUp1]:57858 [SgUp2]:57358 [SgUp3]:0 [SgUp4]:0 [SgLow1]:57714 [SgLow2]:57222 [SgLow3]:0 [SgLow4]:0 [NetMuon1]:572702 [NetMuon2]:572423 [NetMuon3]:614716 [NetMuon4]:614716
[Run]:22396 [Site]:1 [Bin]:1416 [FullTime]:3600 [SkipTime]:0 [Veto1]:732.963 [Veto2]:765.517 [Veto3]:533.561 [Veto4]:533.561 [SgUp1]:58118 [SgUp2]:57024 [SgUp3]:0 [SgUp4]:0 [SgLow1]:58003 [SgLow2]:56928 [SgLow3]:0 [SgLow4]:0 [NetMuon1]:574803 [NetMuon2]:568079 [NetMuon3]:614782 [NetMuon4]:614782
[Run]:22396 [Site]:1 [Bin]:1417 [FullTime]:3600.01 [SkipTime]:0 [Veto1]:741.165 [Veto2]:746.234 [Veto3]:534.172 [Veto4]:534.172 [SgUp1]:58003 [SgUp2]:57655 [SgUp3]:0 [SgUp4]:0 [SgLow1]:57887 [SgLow2]:57548 [SgLow3]:0 [SgLow4]:0 [NetMuon1]:573695 [NetMuon2]:572655 [NetMuon3]:615279 [NetMuon4]:615279
[Run]:22396 [Site]:1 [Bin]:1418 [FullTime]:3600 [SkipTime]:0 [Veto1]:739.399 [Veto2]:759.014 [Veto3]:535.501 [Veto4]:535.501 [SgUp1]:57883 [SgUp2]:57398 [SgUp3]:0 [SgUp4]:0 [SgLow1]:57729 [SgLow2]:57274 [SgLow3]:0 [SgLow4]:0 [NetMuon1]:575521 [NetMuon2]:571503 [NetMuon3]:616536 [NetMuon4]:616536
[Run]:22396 [Site]:1 [Bin]:1419 [FullTime]:3600 [SkipTime]:0 [Veto1]:750.719 [Veto2]:753.916 [Veto3]:534.492 [Veto4]:534.492 [SgUp1]:57477 [SgUp2]:57399 [SgUp3]:0 [SgUp4]:0 [SgLow1]:57342 [SgLow2]:57274 [SgLow3]:0 [SgLow4]:0 [NetMuon1]:572355 [NetMuon2]:571724 [NetMuon3]:615545 [NetMuon4]:615545
[Run]:22396 [Site]:1 [Bin]:1420 [FullTime]:3600 [SkipTime]:0 [Veto1]:733.895 [Veto2]:756.692 [Veto3]:535.967 [Veto4]:535.967 [SgUp1]:58108 [SgUp2]:57573 [SgUp3]:0 [SgUp4]:0 [SgLow1]:57999 [SgLow2]:57434 [SgLow3]:0 [SgLow4]:0 [NetMuon1]:577669 [NetMuon2]:572798 [NetMuon3]:617439 [NetMuon4]:617439
[Run]:22396 [Site]:1 [Bin]:1421 [FullTime]:3600 [SkipTime]:0 [Veto1]:757.191 [Veto2]:763.546 [Veto3]:534.065 [Veto4]:534.065 [SgUp1]:57632 [SgUp2]:56832 [SgUp3]:0 [SgUp4]:0 [SgLow1]:57518 [SgLow2]:56716 [SgLow3]:0 [SgLow4]:0 [NetMuon1]:570486 [NetMuon2]:569448 [NetMuon3]:615240 [NetMuon4]:615240
[Run]:22396 [Site]:1 [Bin]:1422 [FullTime]:3600 [SkipTime]:0 [Veto1]:731.265 [Veto2]:750.411 [Veto3]:536.067 [Veto4]:536.067 [SgUp1]:58169 [SgUp2]:57350 [SgUp3]:0 [SgUp4]:0 [SgLow1]:58049 [SgLow2]:57246 [SgLow3]:0 [SgLow4]:0 [NetMuon1]:578118 [NetMuon2]:574094 [NetMuon3]:617423 [NetMuon4]:617423
[Run]:22396 [Site]:1 [Bin]:1423 [FullTime]:3600 [SkipTime]:0 [Veto1]:752.081 [Veto2]:737.519 [Veto3]:535.158 [Veto4]:535.158 [SgUp1]:57321 [SgUp2]:57785 [SgUp3]:0 [SgUp4]:0 [SgLow1]:57179 [SgLow2]:57653 [SgLow3]:0 [SgLow4]:0 [NetMuon1]:572467 [NetMuon2]:575776 [NetMuon3]:616213 [NetMuon4]:616213
[Run]:22396 [Site]:1 [Bin]:1424 [FullTime]:3600 [SkipTime]:0 [Veto1]:723.159 [Veto2]:760.268 [Veto3]:535.795 [Veto4]:535.795 [SgUp1]:57785 [SgUp2]:57565 [SgUp3]:0 [SgUp4]:0 [SgLow1]:57672 [SgLow2]:57460 [SgLow3]:0 [SgLow4]:0 [NetMuon1]:579528 [NetMuon2]:572088 [NetMuon3]:617202 [NetMuon4]:617202
[Run]:22396 [Site]:1 [Bin]:1425 [FullTime]:3600 [SkipTime]:0 [Veto1]:735.347 [Veto2]:735.444 [Veto3]:535.311 [Veto4]:535.311 [SgUp1]:57890 [SgUp2]:57753 [SgUp3]:0 [SgUp4]:0 [SgLow1]:57792 [SgLow2]:57633 [SgLow3]:0 [SgLow4]:0 [NetMuon1]:576039 [NetMuon2]:576048 [NetMuon3]:616372 [NetMuon4]:616372
[Run]:22396 [Site]:1 [Bin]:1426 [FullTime]:3600 [SkipTime]:0 [Veto1]:733.122 [Veto2]:759.235 [Veto3]:534.864 [Veto4]:534.864 [SgUp1]:58055 [SgUp2]:57128 [SgUp3]:0 [SgUp4]:0 [SgLow1]:57933 [SgLow2]:57030 [SgLow3]:0 [SgLow4]:0 [NetMuon1]:575950 [NetMuon2]:571060 [NetMuon3]:616111 [NetMuon4]:616111
[Run]:22396 [Site]:1 [Bin]:1427 [FullTime]:3600 [SkipTime]:0 [Veto1]:753.662 [Veto2]:743.063 [Veto3]:535.124 [Veto4]:535.124 [SgUp1]:57563 [SgUp2]:57113 [SgUp3]:0 [SgUp4]:0 [SgLow1]:57455 [SgLow2]:56998 [SgLow3]:0 [SgLow4]:0 [NetMuon1]:572247 [NetMuon2]:574197 [NetMuon3]:616232 [NetMuon4]:616232
[Run]:22396 [Site]:1 [Bin]:1428 [FullTime]:3600 [SkipTime]:0 [Veto1]:734.344 [Veto2]:777.042 [Veto3]:535.378 [Veto4]:535.378 [SgUp1]:58364 [SgUp2]:56704 [SgUp3]:0 [SgUp4]:0 [SgLow1]:58243 [SgLow2]:56585 [SgLow3]:0 [SgLow4]:0 [NetMuon1]:576748 [NetMuon2]:568116 [NetMuon3]:616891 [NetMuon4]:616891
[Run]:22396 [Site]:1 [Bin]:1429 [FullTime]:3600 [SkipTime]:0 [Veto1]:729.4 [Veto2]:761.939 [Veto3]:534.136 [Veto4]:534.136 [SgUp1]:58109 [SgUp2]:57190 [SgUp3]:0 [SgUp4]:0 [SgLow1]:57980 [SgLow2]:57032 [SgLow3]:0 [SgLow4]:0 [NetMuon1]:575615 [NetMuon2]:569313 [NetMuon3]:615155 [NetMuon4]:615155
[Run]:22396 [Site]:1 [Bin]:1430 [FullTime]:3600 [SkipTime]:0 [Veto1]:720.562 [Veto2]:725.888 [Veto3]:534.173 [Veto4]:534.173 [SgUp1]:58069 [SgUp2]:57904 [SgUp3]:0 [SgUp4]:0 [SgLow1]:57965 [SgLow2]:57778 [SgLow3]:0 [SgLow4]:0 [NetMuon1]:577611 [NetMuon2]:576740 [NetMuon3]:615224 [NetMuon4]:615224
[Run]:22396 [Site]:1 [Bin]:1431 [FullTime]:3600 [SkipTime]:0 [Veto1]:737.954 [Veto2]:757.397 [Veto3]:535.179 [Veto4]:535.179 [SgUp1]:58183 [SgUp2]:57511 [SgUp3]:0 [SgUp4]:0 [SgLow1]:58072 [SgLow2]:57393 [SgLow3]:0 [SgLow4]:0 [NetMuon1]:576041 [NetMuon2]:572221 [NetMuon3]:616890 [NetMuon4]:616890
[Run]:22396 [Site]:1 [Bin]:1432 [FullTime]:3600 [SkipTime]:0 [Veto1]:748.705 [Veto2]:747.894 [Veto3]:535.063 [Veto4]:535.063 [SgUp1]:57264 [SgUp2]:57706 [SgUp3]:0 [SgUp4]:0 [SgLow1]:57154 [SgLow2]:57588 [SgLow3]:0 [SgLow4]:0 [NetMuon1]:573162 [NetMuon2]:573589 [NetMuon3]:616411 [NetMuon4]:616411
[Run]:22396 [Site]:1 [Bin]:1433 [FullTime]:3600 [SkipTime]:0 [Veto1]:757.553 [Veto2]:757.443 [Veto3]:534.66 [Veto4]:534.66 [SgUp1]:57557 [SgUp2]:57375 [SgUp3]:0 [SgUp4]:0 [SgLow1]:57425 [SgLow2]:57258 [SgLow3]:0 [SgLow4]:0 [NetMuon1]:570733 [NetMuon2]:571094 [NetMuon3]:615839 [NetMuon4]:615839
[Run]:22396 [Site]:1 [Bin]:1434 [FullTime]:3600 [SkipTime]:0 [Veto1]:730.948 [Veto2]:756.826 [Veto3]:534.295 [Veto4]:534.295 [SgUp1]:58423 [SgUp2]:57383 [SgUp3]:0 [SgUp4]:0 [SgLow1]:58308 [SgLow2]:57263 [SgLow3]:0 [SgLow4]:0 [NetMuon1]:575972 [NetMuon2]:570822 [NetMuon3]:615303 [NetMuon4]:615303
[Run]:22396 [Site]:1 [Bin]:1435 [FullTime]:3600 [SkipTime]:0 [Veto1]:760.322 [Veto2]:750.771 [Veto3]:535.425 [Veto4]:535.425 [SgUp1]:57709 [SgUp2]:57848 [SgUp3]:0 [SgUp4]:0 [SgLow1]:57577 [SgLow2]:57742 [SgLow3]:0 [SgLow4]:0 [NetMuon1]:571317 [NetMuon2]:573017 [NetMuon3]:616495 [NetMuon4]:616495
[Run]:22396 [Site]:1 [Bin]:1436 [FullTime]:3600 [SkipTime]:0 [Veto1]:757.072 [Veto2]:770.43 [Veto3]:535.115 [Veto4]:535.115 [SgUp1]:57783 [SgUp2]:57520 [SgUp3]:0 [SgUp4]:0 [SgLow1]:57649 [SgLow2]:57392 [SgLow3]:0 [SgLow4]:0 [NetMuon1]:571829 [NetMuon2]:569054 [NetMuon3]:616451 [NetMuon4]:616451
[Run]:22396 [Site]:1 [Bin]:1437 [FullTime]:3600 [SkipTime]:0 [Veto1]:736.121 [Veto2]:734.99 [Veto3]:536.472 [Veto4]:536.472 [SgUp1]:57735 [SgUp2]:57510 [SgUp3]:0 [SgUp4]:0 [SgLow1]:57639 [SgLow2]:57414 [SgLow3]:0 [SgLow4]:0 [NetMuon1]:576926 [NetMuon2]:577260 [NetMuon3]:617353 [NetMuon4]:617353
[Run]:22396 [Site]:1 [Bin]:1438 [FullTime]:3600 [SkipTime]:0 [Veto1]:730.705 [Veto2]:749.074 [Veto3]:535.221 [Veto4]:535.221 [SgUp1]:57913 [SgUp2]:57290 [SgUp3]:0 [SgUp4]:0 [SgLow1]:57793 [SgLow2]:57212 [SgLow3]:0 [SgLow4]:0 [NetMuon1]:577073 [NetMuon2]:573385 [NetMuon3]:616503 [NetMuon4]:616503
[Run]:22396 [Site]:1 [Bin]:1439 [FullTime]:3600 [SkipTime]:0 [Veto1]:745.748 [Veto2]:762.227 [Veto3]:534.742 [Veto4]:534.742 [SgUp1]:57909 [SgUp2]:57415 [SgUp3]:0 [SgUp4]:0 [SgLow1]:57768 [SgLow2]:57277 [SgLow3]:0 [SgLow4]:0 [NetMuon1]:573331 [NetMuon2]:570039 [NetMuon3]:615722 [NetMuon4]:615722
End process Run: 22396 ... 
[Run]:22396 [Site]:1 [Bin]:1440 [FullTime]:1145.52 [SkipTime]:0 [Veto1]:232.845 [Veto2]:238.297 [Veto3]:170.125 [Veto4]:170.125
