StreamChain add 0x4f3e7f0
Start to process run: 22762 ... 
[Run]:22762 [Site]:1 [Bin]:1831 [FullTime]:613.472 [SkipTime]:0 [Veto1]:134.219 [Veto2]:131.423 [Veto3]:91.1053 [Veto4]:91.1053 [SgUp1]:9666 [SgUp2]:9629 [SgUp3]:0 [SgUp4]:0 [SgLow1]:9633 [SgLow2]:9609 [SgLow3]:0 [SgLow4]:0 [NetMuon1]:96262 [NetMuon2]:97067 [NetMuon3]:105039 [NetMuon4]:105039
[Run]:22762 [Site]:1 [Bin]:1832 [FullTime]:3600 [SkipTime]:0 [Veto1]:716.527 [Veto2]:738.269 [Veto3]:534.109 [Veto4]:534.109 [SgUp1]:57763 [SgUp2]:57314 [SgUp3]:0 [SgUp4]:0 [SgLow1]:57661 [SgLow2]:57208 [SgLow3]:0 [SgLow4]:0 [NetMuon1]:578637 [NetMuon2]:574281 [NetMuon3]:615177 [NetMuon4]:615177
[Run]:22762 [Site]:1 [Bin]:1833 [FullTime]:3600 [SkipTime]:0 [Veto1]:731.163 [Veto2]:741.726 [Veto3]:534.648 [Veto4]:534.648 [SgUp1]:57697 [SgUp2]:57442 [SgUp3]:0 [SgUp4]:0 [SgLow1]:57587 [SgLow2]:57343 [SgLow3]:0 [SgLow4]:0 [NetMuon1]:576056 [NetMuon2]:573991 [NetMuon3]:615528 [NetMuon4]:615528
[Run]:22762 [Site]:1 [Bin]:1834 [FullTime]:3600 [SkipTime]:0 [Veto1]:736.156 [Veto2]:743.526 [Veto3]:534.675 [Veto4]:534.675 [SgUp1]:58023 [SgUp2]:57555 [SgUp3]:0 [SgUp4]:0 [SgLow1]:57921 [SgLow2]:57402 [SgLow3]:0 [SgLow4]:0 [NetMuon1]:575575 [NetMuon2]:573850 [NetMuon3]:615681 [NetMuon4]:615681
[Run]:22762 [Site]:1 [Bin]:1835 [FullTime]:3600 [SkipTime]:0 [Veto1]:740.735 [Veto2]:768.117 [Veto3]:534.025 [Veto4]:534.025 [SgUp1]:57743 [SgUp2]:56568 [SgUp3]:0 [SgUp4]:0 [SgLow1]:57628 [SgLow2]:56449 [SgLow3]:0 [SgLow4]:0 [NetMuon1]:573586 [NetMuon2]:567972 [NetMuon3]:615158 [NetMuon4]:615158
[Run]:22762 [Site]:1 [Bin]:1836 [FullTime]:3600 [SkipTime]:0 [Veto1]:731.451 [Veto2]:778.436 [Veto3]:534.116 [Veto4]:534.116 [SgUp1]:57813 [SgUp2]:56819 [SgUp3]:0 [SgUp4]:0 [SgLow1]:57673 [SgLow2]:56679 [SgLow3]:0 [SgLow4]:0 [NetMuon1]:575616 [NetMuon2]:566153 [NetMuon3]:614979 [NetMuon4]:614979
[Run]:22762 [Site]:1 [Bin]:1837 [FullTime]:3600 [SkipTime]:0 [Veto1]:737.124 [Veto2]:767.49 [Veto3]:534.672 [Veto4]:534.672 [SgUp1]:58001 [SgUp2]:56782 [SgUp3]:0 [SgUp4]:0 [SgLow1]:57890 [SgLow2]:56685 [SgLow3]:0 [SgLow4]:0 [NetMuon1]:574897 [NetMuon2]:568727 [NetMuon3]:615700 [NetMuon4]:615700
[Run]:22762 [Site]:1 [Bin]:1838 [FullTime]:3600 [SkipTime]:0 [Veto1]:742.722 [Veto2]:755.363 [Veto3]:535.153 [Veto4]:535.153 [SgUp1]:57943 [SgUp2]:56880 [SgUp3]:0 [SgUp4]:0 [SgLow1]:57849 [SgLow2]:56782 [SgLow3]:0 [SgLow4]:0 [NetMuon1]:574884 [NetMuon2]:571889 [NetMuon3]:616421 [NetMuon4]:616421
[Run]:22762 [Site]:1 [Bin]:1839 [FullTime]:3600 [SkipTime]:0 [Veto1]:747.758 [Veto2]:748.947 [Veto3]:533.58 [Veto4]:533.58 [SgUp1]:57531 [SgUp2]:56988 [SgUp3]:0 [SgUp4]:0 [SgLow1]:57406 [SgLow2]:56876 [SgLow3]:0 [SgLow4]:0 [NetMuon1]:572022 [NetMuon2]:571690 [NetMuon3]:614827 [NetMuon4]:614827
[Run]:22762 [Site]:1 [Bin]:1840 [FullTime]:3600 [SkipTime]:0 [Veto1]:717.974 [Veto2]:745.102 [Veto3]:533.432 [Veto4]:533.432 [SgUp1]:58612 [SgUp2]:57237 [SgUp3]:0 [SgUp4]:0 [SgLow1]:58497 [SgLow2]:57137 [SgLow3]:0 [SgLow4]:0 [NetMuon1]:577789 [NetMuon2]:572519 [NetMuon3]:614709 [NetMuon4]:614709
[Run]:22762 [Site]:1 [Bin]:1841 [FullTime]:3600 [SkipTime]:0 [Veto1]:746.336 [Veto2]:765.406 [Veto3]:533.797 [Veto4]:533.797 [SgUp1]:57547 [SgUp2]:56401 [SgUp3]:0 [SgUp4]:0 [SgLow1]:57436 [SgLow2]:56288 [SgLow3]:0 [SgLow4]:0 [NetMuon1]:572195 [NetMuon2]:568504 [NetMuon3]:615023 [NetMuon4]:615023
[Run]:22762 [Site]:1 [Bin]:1842 [FullTime]:3600 [SkipTime]:0 [Veto1]:732.183 [Veto2]:764.991 [Veto3]:533.299 [Veto4]:533.299 [SgUp1]:57772 [SgUp2]:56878 [SgUp3]:0 [SgUp4]:0 [SgLow1]:57653 [SgLow2]:56758 [SgLow3]:0 [SgLow4]:0 [NetMuon1]:574685 [NetMuon2]:568088 [NetMuon3]:614709 [NetMuon4]:614709
[Run]:22762 [Site]:1 [Bin]:1843 [FullTime]:3600.01 [SkipTime]:0 [Veto1]:736.512 [Veto2]:749.208 [Veto3]:533.97 [Veto4]:533.97 [SgUp1]:57665 [SgUp2]:57570 [SgUp3]:0 [SgUp4]:0 [SgLow1]:57564 [SgLow2]:57443 [SgLow3]:0 [SgLow4]:0 [NetMuon1]:574197 [NetMuon2]:571611 [NetMuon3]:614920 [NetMuon4]:614920
[Run]:22762 [Site]:1 [Bin]:1844 [FullTime]:3599.99 [SkipTime]:0 [Veto1]:728.248 [Veto2]:740.499 [Veto3]:533.439 [Veto4]:533.439 [SgUp1]:58003 [SgUp2]:57406 [SgUp3]:0 [SgUp4]:0 [SgLow1]:57884 [SgLow2]:57302 [SgLow3]:0 [SgLow4]:0 [NetMuon1]:575909 [NetMuon2]:573424 [NetMuon3]:614795 [NetMuon4]:614795
[Run]:22762 [Site]:1 [Bin]:1845 [FullTime]:3600 [SkipTime]:0 [Veto1]:748.65 [Veto2]:736.49 [Veto3]:532.438 [Veto4]:532.438 [SgUp1]:57183 [SgUp2]:56924 [SgUp3]:0 [SgUp4]:0 [SgLow1]:57081 [SgLow2]:56802 [SgLow3]:0 [SgLow4]:0 [NetMuon1]:570218 [NetMuon2]:572924 [NetMuon3]:613408 [NetMuon4]:613408
[Run]:22762 [Site]:1 [Bin]:1846 [FullTime]:3600 [SkipTime]:0 [Veto1]:736.597 [Veto2]:728.591 [Veto3]:533.076 [Veto4]:533.076 [SgUp1]:58092 [SgUp2]:57477 [SgUp3]:0 [SgUp4]:0 [SgLow1]:57971 [SgLow2]:57372 [SgLow3]:0 [SgLow4]:0 [NetMuon1]:573449 [NetMuon2]:574658 [NetMuon3]:613969 [NetMuon4]:613969
[Run]:22762 [Site]:1 [Bin]:1847 [FullTime]:3600 [SkipTime]:0 [Veto1]:741.06 [Veto2]:730.237 [Veto3]:534.127 [Veto4]:534.127 [SgUp1]:57353 [SgUp2]:57312 [SgUp3]:0 [SgUp4]:0 [SgLow1]:57208 [SgLow2]:57189 [SgLow3]:0 [SgLow4]:0 [NetMuon1]:573807 [NetMuon2]:575657 [NetMuon3]:615225 [NetMuon4]:615225
End process Run: 22762 ... 
[Run]:22762 [Site]:1 [Bin]:1848 [FullTime]:3282.12 [SkipTime]:0 [Veto1]:671.267 [Veto2]:672.358 [Veto3]:486.029 [Veto4]:486.029
