StreamChain add 0x6c9f7f0
Start to process run: 22278 ... 
[Run]:22278 [Site]:1 [Bin]:1272 [FullTime]:397.203 [SkipTime]:0 [Veto1]:80.9835 [Veto2]:83.2601 [Veto3]:59.1676 [Veto4]:59.1676 [SgUp1]:6377 [SgUp2]:6226 [SgUp3]:0 [SgUp4]:0 [SgLow1]:6367 [SgLow2]:6219 [SgLow3]:0 [SgLow4]:0 [NetMuon1]:63685 [NetMuon2]:63402 [NetMuon3]:68143 [NetMuon4]:68143
[Run]:22278 [Site]:1 [Bin]:1273 [FullTime]:3600 [SkipTime]:0 [Veto1]:742.023 [Veto2]:746.575 [Veto3]:535.083 [Veto4]:535.083 [SgUp1]:57750 [SgUp2]:57244 [SgUp3]:0 [SgUp4]:0 [SgLow1]:57646 [SgLow2]:57151 [SgLow3]:0 [SgLow4]:0 [NetMuon1]:574511 [NetMuon2]:573726 [NetMuon3]:616237 [NetMuon4]:616237
[Run]:22278 [Site]:1 [Bin]:1274 [FullTime]:3600 [SkipTime]:0 [Veto1]:707.406 [Veto2]:745.43 [Veto3]:533.881 [Veto4]:533.881 [SgUp1]:58292 [SgUp2]:57800 [SgUp3]:0 [SgUp4]:0 [SgLow1]:58192 [SgLow2]:57703 [SgLow3]:0 [SgLow4]:0 [NetMuon1]:580228 [NetMuon2]:572756 [NetMuon3]:614945 [NetMuon4]:614945
[Run]:22278 [Site]:1 [Bin]:1275 [FullTime]:3600 [SkipTime]:0 [Veto1]:752.773 [Veto2]:759.804 [Veto3]:534.79 [Veto4]:534.79 [SgUp1]:57664 [SgUp2]:56969 [SgUp3]:0 [SgUp4]:0 [SgLow1]:57573 [SgLow2]:56862 [SgLow3]:0 [SgLow4]:0 [NetMuon1]:572142 [NetMuon2]:570456 [NetMuon3]:615954 [NetMuon4]:615954
[Run]:22278 [Site]:1 [Bin]:1276 [FullTime]:3600 [SkipTime]:0 [Veto1]:730.6 [Veto2]:743.684 [Veto3]:534.478 [Veto4]:534.478 [SgUp1]:58279 [SgUp2]:57162 [SgUp3]:0 [SgUp4]:0 [SgLow1]:58146 [SgLow2]:57026 [SgLow3]:0 [SgLow4]:0 [NetMuon1]:576440 [NetMuon2]:573624 [NetMuon3]:615509 [NetMuon4]:615509
[Run]:22278 [Site]:1 [Bin]:1277 [FullTime]:3600 [SkipTime]:0 [Veto1]:737.667 [Veto2]:742.18 [Veto3]:534.753 [Veto4]:534.753 [SgUp1]:57433 [SgUp2]:57336 [SgUp3]:0 [SgUp4]:0 [SgLow1]:57310 [SgLow2]:57241 [SgLow3]:0 [SgLow4]:0 [NetMuon1]:575164 [NetMuon2]:574143 [NetMuon3]:615872 [NetMuon4]:615872
[Run]:22278 [Site]:1 [Bin]:1278 [FullTime]:3600 [SkipTime]:0 [Veto1]:749.399 [Veto2]:748.468 [Veto3]:534.713 [Veto4]:534.713 [SgUp1]:57374 [SgUp2]:57509 [SgUp3]:0 [SgUp4]:0 [SgLow1]:57268 [SgLow2]:57395 [SgLow3]:0 [SgLow4]:0 [NetMuon1]:572193 [NetMuon2]:572726 [NetMuon3]:615683 [NetMuon4]:615683
[Run]:22278 [Site]:1 [Bin]:1279 [FullTime]:3600 [SkipTime]:0 [Veto1]:731.943 [Veto2]:750.285 [Veto3]:534.797 [Veto4]:534.797 [SgUp1]:57899 [SgUp2]:57492 [SgUp3]:0 [SgUp4]:0 [SgLow1]:57789 [SgLow2]:57361 [SgLow3]:0 [SgLow4]:0 [NetMuon1]:576296 [NetMuon2]:572548 [NetMuon3]:616063 [NetMuon4]:616063
[Run]:22278 [Site]:1 [Bin]:1280 [FullTime]:3600 [SkipTime]:0 [Veto1]:733.844 [Veto2]:742.431 [Veto3]:534.072 [Veto4]:534.072 [SgUp1]:58146 [SgUp2]:57593 [SgUp3]:0 [SgUp4]:0 [SgLow1]:58026 [SgLow2]:57445 [SgLow3]:0 [SgLow4]:0 [NetMuon1]:575014 [NetMuon2]:573513 [NetMuon3]:615250 [NetMuon4]:615250
[Run]:22278 [Site]:1 [Bin]:1281 [FullTime]:3600 [SkipTime]:0 [Veto1]:761.557 [Veto2]:746.362 [Veto3]:533.968 [Veto4]:533.968 [SgUp1]:57645 [SgUp2]:57463 [SgUp3]:0 [SgUp4]:0 [SgLow1]:57543 [SgLow2]:57372 [SgLow3]:0 [SgLow4]:0 [NetMuon1]:569921 [NetMuon2]:572749 [NetMuon3]:615233 [NetMuon4]:615233
[Run]:22278 [Site]:1 [Bin]:1282 [FullTime]:3600 [SkipTime]:0 [Veto1]:762.844 [Veto2]:762.888 [Veto3]:534.225 [Veto4]:534.225 [SgUp1]:57217 [SgUp2]:57093 [SgUp3]:0 [SgUp4]:0 [SgLow1]:57095 [SgLow2]:56989 [SgLow3]:0 [SgLow4]:0 [NetMuon1]:569903 [NetMuon2]:570051 [NetMuon3]:615836 [NetMuon4]:615836
[Run]:22278 [Site]:1 [Bin]:1283 [FullTime]:3600 [SkipTime]:0 [Veto1]:740.067 [Veto2]:749.572 [Veto3]:532.787 [Veto4]:532.787 [SgUp1]:57884 [SgUp2]:58056 [SgUp3]:0 [SgUp4]:0 [SgLow1]:57777 [SgLow2]:57938 [SgLow3]:0 [SgLow4]:0 [NetMuon1]:571997 [NetMuon2]:570454 [NetMuon3]:613717 [NetMuon4]:613717
[Run]:22278 [Site]:1 [Bin]:1284 [FullTime]:3600 [SkipTime]:0 [Veto1]:743.502 [Veto2]:767.434 [Veto3]:534.364 [Veto4]:534.364 [SgUp1]:57395 [SgUp2]:56565 [SgUp3]:0 [SgUp4]:0 [SgLow1]:57289 [SgLow2]:56433 [SgLow3]:0 [SgLow4]:0 [NetMuon1]:573756 [NetMuon2]:568849 [NetMuon3]:615571 [NetMuon4]:615571
[Run]:22278 [Site]:1 [Bin]:1285 [FullTime]:3600 [SkipTime]:0 [Veto1]:757.44 [Veto2]:742.944 [Veto3]:533.714 [Veto4]:533.714 [SgUp1]:57821 [SgUp2]:57971 [SgUp3]:0 [SgUp4]:0 [SgLow1]:57706 [SgLow2]:57850 [SgLow3]:0 [SgLow4]:0 [NetMuon1]:570072 [NetMuon2]:572792 [NetMuon3]:614920 [NetMuon4]:614920
[Run]:22278 [Site]:1 [Bin]:1286 [FullTime]:3600 [SkipTime]:0 [Veto1]:771.109 [Veto2]:757.391 [Veto3]:534.776 [Veto4]:534.776 [SgUp1]:57231 [SgUp2]:57629 [SgUp3]:0 [SgUp4]:0 [SgLow1]:57111 [SgLow2]:57539 [SgLow3]:0 [SgLow4]:0 [NetMuon1]:568152 [NetMuon2]:571122 [NetMuon3]:615692 [NetMuon4]:615692
[Run]:22278 [Site]:1 [Bin]:1287 [FullTime]:3600 [SkipTime]:0 [Veto1]:732.273 [Veto2]:758.729 [Veto3]:533.954 [Veto4]:533.954 [SgUp1]:57930 [SgUp2]:56792 [SgUp3]:0 [SgUp4]:0 [SgLow1]:57794 [SgLow2]:56684 [SgLow3]:0 [SgLow4]:0 [NetMuon1]:575350 [NetMuon2]:570208 [NetMuon3]:615296 [NetMuon4]:615296
[Run]:22278 [Site]:1 [Bin]:1288 [FullTime]:3600 [SkipTime]:0 [Veto1]:737.209 [Veto2]:741.254 [Veto3]:532.566 [Veto4]:532.566 [SgUp1]:58028 [SgUp2]:57404 [SgUp3]:0 [SgUp4]:0 [SgLow1]:57938 [SgLow2]:57280 [SgLow3]:0 [SgLow4]:0 [NetMuon1]:572699 [NetMuon2]:571969 [NetMuon3]:613729 [NetMuon4]:613729
[Run]:22278 [Site]:1 [Bin]:1289 [FullTime]:3600 [SkipTime]:0 [Veto1]:760.975 [Veto2]:733.573 [Veto3]:534.388 [Veto4]:534.388 [SgUp1]:57499 [SgUp2]:57902 [SgUp3]:0 [SgUp4]:0 [SgLow1]:57389 [SgLow2]:57793 [SgLow3]:0 [SgLow4]:0 [NetMuon1]:570375 [NetMuon2]:575906 [NetMuon3]:615779 [NetMuon4]:615779
[Run]:22278 [Site]:1 [Bin]:1290 [FullTime]:3600 [SkipTime]:0 [Veto1]:740.897 [Veto2]:761.598 [Veto3]:534.115 [Veto4]:534.115 [SgUp1]:57739 [SgUp2]:56952 [SgUp3]:0 [SgUp4]:0 [SgLow1]:57625 [SgLow2]:56851 [SgLow3]:0 [SgLow4]:0 [NetMuon1]:573797 [NetMuon2]:569516 [NetMuon3]:615401 [NetMuon4]:615401
[Run]:22278 [Site]:1 [Bin]:1291 [FullTime]:3600 [SkipTime]:0 [Veto1]:733.189 [Veto2]:747.683 [Veto3]:533.785 [Veto4]:533.785 [SgUp1]:58346 [SgUp2]:57536 [SgUp3]:0 [SgUp4]:0 [SgLow1]:58244 [SgLow2]:57418 [SgLow3]:0 [SgLow4]:0 [NetMuon1]:574839 [NetMuon2]:572427 [NetMuon3]:614949 [NetMuon4]:614949
[Run]:22278 [Site]:1 [Bin]:1292 [FullTime]:3600 [SkipTime]:0 [Veto1]:737.613 [Veto2]:744.24 [Veto3]:533.453 [Veto4]:533.453 [SgUp1]:58183 [SgUp2]:57519 [SgUp3]:0 [SgUp4]:0 [SgLow1]:58092 [SgLow2]:57402 [SgLow3]:0 [SgLow4]:0 [NetMuon1]:573869 [NetMuon2]:572654 [NetMuon3]:614764 [NetMuon4]:614764
[Run]:22278 [Site]:1 [Bin]:1293 [FullTime]:3600 [SkipTime]:0 [Veto1]:723.464 [Veto2]:749.505 [Veto3]:532.34 [Veto4]:532.34 [SgUp1]:58472 [SgUp2]:57600 [SgUp3]:0 [SgUp4]:0 [SgLow1]:58358 [SgLow2]:57484 [SgLow3]:0 [SgLow4]:0 [NetMuon1]:574977 [NetMuon2]:569867 [NetMuon3]:613611 [NetMuon4]:613611
[Run]:22278 [Site]:1 [Bin]:1294 [FullTime]:3600 [SkipTime]:0 [Veto1]:726.665 [Veto2]:735.602 [Veto3]:534.184 [Veto4]:534.184 [SgUp1]:58430 [SgUp2]:58154 [SgUp3]:0 [SgUp4]:0 [SgLow1]:58298 [SgLow2]:58005 [SgLow3]:0 [SgLow4]:0 [NetMuon1]:576431 [NetMuon2]:574609 [NetMuon3]:615246 [NetMuon4]:615246
[Run]:22278 [Site]:1 [Bin]:1295 [FullTime]:3600 [SkipTime]:0 [Veto1]:754.009 [Veto2]:749.403 [Veto3]:535.038 [Veto4]:535.038 [SgUp1]:57584 [SgUp2]:56864 [SgUp3]:0 [SgUp4]:0 [SgLow1]:57460 [SgLow2]:56740 [SgLow3]:0 [SgLow4]:0 [NetMuon1]:571615 [NetMuon2]:572773 [NetMuon3]:615957 [NetMuon4]:615957
[Run]:22278 [Site]:1 [Bin]:1296 [FullTime]:3600 [SkipTime]:0 [Veto1]:762.144 [Veto2]:767.2 [Veto3]:534.57 [Veto4]:534.57 [SgUp1]:57366 [SgUp2]:56997 [SgUp3]:0 [SgUp4]:0 [SgLow1]:57268 [SgLow2]:56881 [SgLow3]:0 [SgLow4]:0 [NetMuon1]:569993 [NetMuon2]:569074 [NetMuon3]:615826 [NetMuon4]:615826
[Run]:22278 [Site]:1 [Bin]:1297 [FullTime]:3600 [SkipTime]:0 [Veto1]:751.381 [Veto2]:749.374 [Veto3]:534.426 [Veto4]:534.426 [SgUp1]:57909 [SgUp2]:57487 [SgUp3]:0 [SgUp4]:0 [SgLow1]:57782 [SgLow2]:57379 [SgLow3]:0 [SgLow4]:0 [NetMuon1]:571691 [NetMuon2]:572416 [NetMuon3]:615444 [NetMuon4]:615444
[Run]:22278 [Site]:1 [Bin]:1298 [FullTime]:3600 [SkipTime]:0 [Veto1]:725.377 [Veto2]:745.608 [Veto3]:534.606 [Veto4]:534.606 [SgUp1]:57856 [SgUp2]:57267 [SgUp3]:0 [SgUp4]:0 [SgLow1]:57756 [SgLow2]:57144 [SgLow3]:0 [SgLow4]:0 [NetMuon1]:577377 [NetMuon2]:573620 [NetMuon3]:615710 [NetMuon4]:615710
[Run]:22278 [Site]:1 [Bin]:1299 [FullTime]:3600 [SkipTime]:0 [Veto1]:730.693 [Veto2]:759.629 [Veto3]:534.648 [Veto4]:534.648 [SgUp1]:58378 [SgUp2]:57051 [SgUp3]:0 [SgUp4]:0 [SgLow1]:58281 [SgLow2]:56901 [SgLow3]:0 [SgLow4]:0 [NetMuon1]:576089 [NetMuon2]:570253 [NetMuon3]:615748 [NetMuon4]:615748
[Run]:22278 [Site]:1 [Bin]:1300 [FullTime]:3600 [SkipTime]:0 [Veto1]:723.093 [Veto2]:749.281 [Veto3]:535.445 [Veto4]:535.445 [SgUp1]:58482 [SgUp2]:57425 [SgUp3]:0 [SgUp4]:0 [SgLow1]:58375 [SgLow2]:57326 [SgLow3]:0 [SgLow4]:0 [NetMuon1]:578840 [NetMuon2]:573566 [NetMuon3]:616546 [NetMuon4]:616546
[Run]:22278 [Site]:1 [Bin]:1301 [FullTime]:3600 [SkipTime]:0 [Veto1]:716.986 [Veto2]:754.916 [Veto3]:535.095 [Veto4]:535.095 [SgUp1]:58100 [SgUp2]:57543 [SgUp3]:0 [SgUp4]:0 [SgLow1]:57990 [SgLow2]:57424 [SgLow3]:0 [SgLow4]:0 [NetMuon1]:579873 [NetMuon2]:572388 [NetMuon3]:616387 [NetMuon4]:616387
[Run]:22278 [Site]:1 [Bin]:1302 [FullTime]:3600 [SkipTime]:0 [Veto1]:758.088 [Veto2]:765.847 [Veto3]:536.478 [Veto4]:536.478 [SgUp1]:57996 [SgUp2]:57739 [SgUp3]:0 [SgUp4]:0 [SgLow1]:57880 [SgLow2]:57631 [SgLow3]:0 [SgLow4]:0 [NetMuon1]:573023 [NetMuon2]:571555 [NetMuon3]:617776 [NetMuon4]:617776
[Run]:22278 [Site]:1 [Bin]:1303 [FullTime]:3600 [SkipTime]:0 [Veto1]:741.881 [Veto2]:785.584 [Veto3]:533.649 [Veto4]:533.649 [SgUp1]:57374 [SgUp2]:56784 [SgUp3]:0 [SgUp4]:0 [SgLow1]:57252 [SgLow2]:56661 [SgLow3]:0 [SgLow4]:0 [NetMuon1]:573139 [NetMuon2]:564222 [NetMuon3]:614741 [NetMuon4]:614741
[Run]:22278 [Site]:1 [Bin]:1304 [FullTime]:3600 [SkipTime]:0 [Veto1]:729.251 [Veto2]:773.812 [Veto3]:534.54 [Veto4]:534.54 [SgUp1]:57555 [SgUp2]:56789 [SgUp3]:0 [SgUp4]:0 [SgLow1]:57400 [SgLow2]:56670 [SgLow3]:0 [SgLow4]:0 [NetMuon1]:576406 [NetMuon2]:567672 [NetMuon3]:615712 [NetMuon4]:615712
[Run]:22278 [Site]:1 [Bin]:1305 [FullTime]:3600 [SkipTime]:0 [Veto1]:716.229 [Veto2]:728.525 [Veto3]:535.021 [Veto4]:535.021 [SgUp1]:58668 [SgUp2]:57749 [SgUp3]:0 [SgUp4]:0 [SgLow1]:58555 [SgLow2]:57648 [SgLow3]:0 [SgLow4]:0 [NetMuon1]:580271 [NetMuon2]:577712 [NetMuon3]:616645 [NetMuon4]:616645
[Run]:22278 [Site]:1 [Bin]:1306 [FullTime]:3600 [SkipTime]:0 [Veto1]:751.253 [Veto2]:758.649 [Veto3]:535.143 [Veto4]:535.143 [SgUp1]:57455 [SgUp2]:57312 [SgUp3]:0 [SgUp4]:0 [SgLow1]:57319 [SgLow2]:57214 [SgLow3]:0 [SgLow4]:0 [NetMuon1]:572979 [NetMuon2]:571366 [NetMuon3]:616441 [NetMuon4]:616441
[Run]:22278 [Site]:1 [Bin]:1307 [FullTime]:3600 [SkipTime]:0 [Veto1]:733.459 [Veto2]:754.65 [Veto3]:534.536 [Veto4]:534.536 [SgUp1]:58324 [SgUp2]:57534 [SgUp3]:0 [SgUp4]:0 [SgLow1]:58200 [SgLow2]:57431 [SgLow3]:0 [SgLow4]:0 [NetMuon1]:576201 [NetMuon2]:572087 [NetMuon3]:615898 [NetMuon4]:615898
[Run]:22278 [Site]:1 [Bin]:1308 [FullTime]:3600 [SkipTime]:0 [Veto1]:753.988 [Veto2]:738.193 [Veto3]:535.788 [Veto4]:535.788 [SgUp1]:57605 [SgUp2]:57605 [SgUp3]:0 [SgUp4]:0 [SgLow1]:57506 [SgLow2]:57509 [SgLow3]:0 [SgLow4]:0 [NetMuon1]:572849 [NetMuon2]:575778 [NetMuon3]:616953 [NetMuon4]:616953
[Run]:22278 [Site]:1 [Bin]:1309 [FullTime]:3600 [SkipTime]:0 [Veto1]:753.543 [Veto2]:749.656 [Veto3]:533.656 [Veto4]:533.656 [SgUp1]:57785 [SgUp2]:56806 [SgUp3]:0 [SgUp4]:0 [SgLow1]:57682 [SgLow2]:56705 [SgLow3]:0 [SgLow4]:0 [NetMuon1]:570406 [NetMuon2]:571424 [NetMuon3]:614465 [NetMuon4]:614465
[Run]:22278 [Site]:1 [Bin]:1310 [FullTime]:3600 [SkipTime]:0 [Veto1]:721.881 [Veto2]:757.272 [Veto3]:534.186 [Veto4]:534.186 [SgUp1]:58115 [SgUp2]:57508 [SgUp3]:0 [SgUp4]:0 [SgLow1]:58009 [SgLow2]:57362 [SgLow3]:0 [SgLow4]:0 [NetMuon1]:577820 [NetMuon2]:571203 [NetMuon3]:615424 [NetMuon4]:615424
[Run]:22278 [Site]:1 [Bin]:1311 [FullTime]:3600 [SkipTime]:0 [Veto1]:752.779 [Veto2]:735.72 [Veto3]:533.286 [Veto4]:533.286 [SgUp1]:58268 [SgUp2]:57888 [SgUp3]:0 [SgUp4]:0 [SgLow1]:58153 [SgLow2]:57754 [SgLow3]:0 [SgLow4]:0 [NetMuon1]:570067 [NetMuon2]:573579 [NetMuon3]:614081 [NetMuon4]:614081
[Run]:22278 [Site]:1 [Bin]:1312 [FullTime]:3600 [SkipTime]:0 [Veto1]:719.436 [Veto2]:759.538 [Veto3]:534.056 [Veto4]:534.056 [SgUp1]:58220 [SgUp2]:57012 [SgUp3]:0 [SgUp4]:0 [SgLow1]:58121 [SgLow2]:56908 [SgLow3]:0 [SgLow4]:0 [NetMuon1]:577804 [NetMuon2]:570266 [NetMuon3]:615266 [NetMuon4]:615266
[Run]:22278 [Site]:1 [Bin]:1313 [FullTime]:3600 [SkipTime]:0 [Veto1]:746.34 [Veto2]:767.519 [Veto3]:534.15 [Veto4]:534.15 [SgUp1]:57667 [SgUp2]:57402 [SgUp3]:0 [SgUp4]:0 [SgLow1]:57560 [SgLow2]:57296 [SgLow3]:0 [SgLow4]:0 [NetMuon1]:572582 [NetMuon2]:568600 [NetMuon3]:615335 [NetMuon4]:615335
[Run]:22278 [Site]:1 [Bin]:1314 [FullTime]:3600 [SkipTime]:0 [Veto1]:739.892 [Veto2]:769.398 [Veto3]:533.635 [Veto4]:533.635 [SgUp1]:58057 [SgUp2]:57103 [SgUp3]:0 [SgUp4]:0 [SgLow1]:57947 [SgLow2]:57010 [SgLow3]:0 [SgLow4]:0 [NetMuon1]:572791 [NetMuon2]:566976 [NetMuon3]:614419 [NetMuon4]:614419
[Run]:22278 [Site]:1 [Bin]:1315 [FullTime]:3600 [SkipTime]:0 [Veto1]:742.977 [Veto2]:761.999 [Veto3]:534.033 [Veto4]:534.033 [SgUp1]:58164 [SgUp2]:57598 [SgUp3]:0 [SgUp4]:0 [SgLow1]:58050 [SgLow2]:57492 [SgLow3]:0 [SgLow4]:0 [NetMuon1]:572855 [NetMuon2]:568942 [NetMuon3]:615002 [NetMuon4]:615002
[Run]:22278 [Site]:1 [Bin]:1316 [FullTime]:3600 [SkipTime]:0 [Veto1]:733.38 [Veto2]:758.229 [Veto3]:533.75 [Veto4]:533.75 [SgUp1]:58019 [SgUp2]:57809 [SgUp3]:0 [SgUp4]:0 [SgLow1]:57939 [SgLow2]:57679 [SgLow3]:0 [SgLow4]:0 [NetMuon1]:574495 [NetMuon2]:569917 [NetMuon3]:614845 [NetMuon4]:614845
[Run]:22278 [Site]:1 [Bin]:1317 [FullTime]:3600 [SkipTime]:0 [Veto1]:740.441 [Veto2]:765.061 [Veto3]:532.705 [Veto4]:532.705 [SgUp1]:57651 [SgUp2]:57319 [SgUp3]:0 [SgUp4]:0 [SgLow1]:57545 [SgLow2]:57210 [SgLow3]:0 [SgLow4]:0 [NetMuon1]:572122 [NetMuon2]:567226 [NetMuon3]:613715 [NetMuon4]:613715
[Run]:22278 [Site]:1 [Bin]:1318 [FullTime]:3600 [SkipTime]:0 [Veto1]:757.564 [Veto2]:755.709 [Veto3]:533.761 [Veto4]:533.761 [SgUp1]:57680 [SgUp2]:57643 [SgUp3]:0 [SgUp4]:0 [SgLow1]:57569 [SgLow2]:57520 [SgLow3]:0 [SgLow4]:0 [NetMuon1]:570346 [NetMuon2]:570172 [NetMuon3]:614979 [NetMuon4]:614979
[Run]:22278 [Site]:1 [Bin]:1319 [FullTime]:3600 [SkipTime]:0 [Veto1]:732.845 [Veto2]:734.122 [Veto3]:533.309 [Veto4]:533.309 [SgUp1]:58686 [SgUp2]:58474 [SgUp3]:0 [SgUp4]:0 [SgLow1]:58579 [SgLow2]:58350 [SgLow3]:0 [SgLow4]:0 [NetMuon1]:574707 [NetMuon2]:574243 [NetMuon3]:614581 [NetMuon4]:614581
End process Run: 22278 ... 
[Run]:22278 [Site]:1 [Bin]:1320 [FullTime]:1487.22 [SkipTime]:0 [Veto1]:304.579 [Veto2]:310.995 [Veto3]:221.087 [Veto4]:221.087
