StreamChain add 0x191037f0
Start to process run: 22953 ... 
[Run]:22953 [Site]:1 [Bin]:2119 [FullTime]:2687.23 [SkipTime]:0 [Veto1]:547.548 [Veto2]:559.165 [Veto3]:400.766 [Veto4]:400.766 [SgUp1]:42971 [SgUp2]:42976 [SgUp3]:0 [SgUp4]:0 [SgLow1]:42892 [SgLow2]:42911 [SgLow3]:0 [SgLow4]:0 [NetMuon1]:431710 [NetMuon2]:429131 [NetMuon3]:461117 [NetMuon4]:461117
[Run]:22953 [Site]:1 [Bin]:2120 [FullTime]:3600 [SkipTime]:0 [Veto1]:743.863 [Veto2]:765.943 [Veto3]:536.41 [Veto4]:536.41 [SgUp1]:57108 [SgUp2]:57153 [SgUp3]:0 [SgUp4]:0 [SgLow1]:57024 [SgLow2]:57034 [SgLow3]:0 [SgLow4]:0 [NetMuon1]:575718 [NetMuon2]:571456 [NetMuon3]:617749 [NetMuon4]:617749
[Run]:22953 [Site]:1 [Bin]:2121 [FullTime]:3600 [SkipTime]:0 [Veto1]:734.81 [Veto2]:760.318 [Veto3]:535.018 [Veto4]:535.018 [SgUp1]:57827 [SgUp2]:57630 [SgUp3]:0 [SgUp4]:0 [SgLow1]:57698 [SgLow2]:57482 [SgLow3]:0 [SgLow4]:0 [NetMuon1]:575923 [NetMuon2]:570924 [NetMuon3]:616358 [NetMuon4]:616358
[Run]:22953 [Site]:1 [Bin]:2122 [FullTime]:3600 [SkipTime]:0 [Veto1]:738.515 [Veto2]:760.605 [Veto3]:535.843 [Veto4]:535.843 [SgUp1]:57693 [SgUp2]:57355 [SgUp3]:0 [SgUp4]:0 [SgLow1]:57569 [SgLow2]:57219 [SgLow3]:0 [SgLow4]:0 [NetMuon1]:576616 [NetMuon2]:572044 [NetMuon3]:617157 [NetMuon4]:617157
[Run]:22953 [Site]:1 [Bin]:2123 [FullTime]:3600 [SkipTime]:0 [Veto1]:745.977 [Veto2]:727.008 [Veto3]:534.38 [Veto4]:534.38 [SgUp1]:57369 [SgUp2]:57825 [SgUp3]:0 [SgUp4]:0 [SgLow1]:57266 [SgLow2]:57711 [SgLow3]:0 [SgLow4]:0 [NetMuon1]:572959 [NetMuon2]:577066 [NetMuon3]:615514 [NetMuon4]:615514
[Run]:22953 [Site]:1 [Bin]:2124 [FullTime]:3600 [SkipTime]:0 [Veto1]:732.791 [Veto2]:765.443 [Veto3]:533.98 [Veto4]:533.98 [SgUp1]:58092 [SgUp2]:57146 [SgUp3]:0 [SgUp4]:0 [SgLow1]:57994 [SgLow2]:57026 [SgLow3]:0 [SgLow4]:0 [NetMuon1]:575205 [NetMuon2]:568524 [NetMuon3]:615182 [NetMuon4]:615182
[Run]:22953 [Site]:1 [Bin]:2125 [FullTime]:3600 [SkipTime]:0 [Veto1]:745.16 [Veto2]:739.223 [Veto3]:534.429 [Veto4]:534.429 [SgUp1]:57795 [SgUp2]:57398 [SgUp3]:0 [SgUp4]:0 [SgLow1]:57648 [SgLow2]:57285 [SgLow3]:0 [SgLow4]:0 [NetMuon1]:573789 [NetMuon2]:574684 [NetMuon3]:615760 [NetMuon4]:615760
[Run]:22953 [Site]:1 [Bin]:2126 [FullTime]:3600 [SkipTime]:0 [Veto1]:729.741 [Veto2]:759.028 [Veto3]:534.605 [Veto4]:534.605 [SgUp1]:57804 [SgUp2]:57151 [SgUp3]:0 [SgUp4]:0 [SgLow1]:57680 [SgLow2]:57022 [SgLow3]:0 [SgLow4]:0 [NetMuon1]:576387 [NetMuon2]:570423 [NetMuon3]:615584 [NetMuon4]:615584
[Run]:22953 [Site]:1 [Bin]:2127 [FullTime]:3600 [SkipTime]:0 [Veto1]:728.921 [Veto2]:768.864 [Veto3]:534.007 [Veto4]:534.007 [SgUp1]:58310 [SgUp2]:57234 [SgUp3]:0 [SgUp4]:0 [SgLow1]:58217 [SgLow2]:57133 [SgLow3]:0 [SgLow4]:0 [NetMuon1]:576168 [NetMuon2]:568291 [NetMuon3]:615198 [NetMuon4]:615198
[Run]:22953 [Site]:1 [Bin]:2128 [FullTime]:3600 [SkipTime]:0 [Veto1]:750.191 [Veto2]:761.626 [Veto3]:535.146 [Veto4]:535.146 [SgUp1]:57596 [SgUp2]:57352 [SgUp3]:0 [SgUp4]:0 [SgLow1]:57507 [SgLow2]:57207 [SgLow3]:0 [SgLow4]:0 [NetMuon1]:573381 [NetMuon2]:571154 [NetMuon3]:616647 [NetMuon4]:616647
[Run]:22953 [Site]:1 [Bin]:2129 [FullTime]:3600 [SkipTime]:0 [Veto1]:745.494 [Veto2]:733.1 [Veto3]:535.045 [Veto4]:535.045 [SgUp1]:57995 [SgUp2]:57679 [SgUp3]:0 [SgUp4]:0 [SgLow1]:57886 [SgLow2]:57560 [SgLow3]:0 [SgLow4]:0 [NetMuon1]:574321 [NetMuon2]:576515 [NetMuon3]:616639 [NetMuon4]:616639
[Run]:22953 [Site]:1 [Bin]:2130 [FullTime]:3600 [SkipTime]:0 [Veto1]:741.233 [Veto2]:739.537 [Veto3]:535.732 [Veto4]:535.732 [SgUp1]:57294 [SgUp2]:57465 [SgUp3]:0 [SgUp4]:0 [SgLow1]:57176 [SgLow2]:57357 [SgLow3]:0 [SgLow4]:0 [NetMuon1]:575642 [NetMuon2]:575929 [NetMuon3]:616852 [NetMuon4]:616852
[Run]:22953 [Site]:1 [Bin]:2131 [FullTime]:3600 [SkipTime]:0 [Veto1]:745.771 [Veto2]:757.466 [Veto3]:534.211 [Veto4]:534.211 [SgUp1]:57686 [SgUp2]:56950 [SgUp3]:0 [SgUp4]:0 [SgLow1]:57555 [SgLow2]:56840 [SgLow3]:0 [SgLow4]:0 [NetMuon1]:572988 [NetMuon2]:570978 [NetMuon3]:615522 [NetMuon4]:615522
[Run]:22953 [Site]:1 [Bin]:2132 [FullTime]:3600 [SkipTime]:0 [Veto1]:738.969 [Veto2]:765.731 [Veto3]:535.406 [Veto4]:535.406 [SgUp1]:58037 [SgUp2]:57469 [SgUp3]:0 [SgUp4]:0 [SgLow1]:57953 [SgLow2]:57344 [SgLow3]:0 [SgLow4]:0 [NetMuon1]:575236 [NetMuon2]:569778 [NetMuon3]:616445 [NetMuon4]:616445
[Run]:22953 [Site]:1 [Bin]:2133 [FullTime]:3600 [SkipTime]:0 [Veto1]:727.64 [Veto2]:757.505 [Veto3]:535.382 [Veto4]:535.382 [SgUp1]:58236 [SgUp2]:56987 [SgUp3]:0 [SgUp4]:0 [SgLow1]:58119 [SgLow2]:56859 [SgLow3]:0 [SgLow4]:0 [NetMuon1]:578314 [NetMuon2]:572360 [NetMuon3]:617082 [NetMuon4]:617082
[Run]:22953 [Site]:1 [Bin]:2134 [FullTime]:3600 [SkipTime]:0 [Veto1]:745.051 [Veto2]:765.474 [Veto3]:535.157 [Veto4]:535.157 [SgUp1]:57342 [SgUp2]:56487 [SgUp3]:0 [SgUp4]:0 [SgLow1]:57228 [SgLow2]:56381 [SgLow3]:0 [SgLow4]:0 [NetMuon1]:574110 [NetMuon2]:569980 [NetMuon3]:616363 [NetMuon4]:616363
[Run]:22953 [Site]:1 [Bin]:2135 [FullTime]:3600 [SkipTime]:0 [Veto1]:764.013 [Veto2]:747.544 [Veto3]:536.075 [Veto4]:536.075 [SgUp1]:57071 [SgUp2]:57008 [SgUp3]:0 [SgUp4]:0 [SgLow1]:56972 [SgLow2]:56896 [SgLow3]:0 [SgLow4]:0 [NetMuon1]:571576 [NetMuon2]:574902 [NetMuon3]:617356 [NetMuon4]:617356
End process Run: 22953 ... 
[Run]:22953 [Site]:1 [Bin]:2136 [FullTime]:1491.76 [SkipTime]:0 [Veto1]:313.44 [Veto2]:305.25 [Veto3]:221.962 [Veto4]:221.962
