StreamChain add 0x46f47f0
Start to process run: 22261 ... 
[Run]:22261 [Site]:1 [Bin]:1177 [FullTime]:3185.12 [SkipTime]:0 [Veto1]:661.424 [Veto2]:689.124 [Veto3]:472.753 [Veto4]:472.753 [SgUp1]:51676 [SgUp2]:50664 [SgUp3]:0 [SgUp4]:0 [SgLow1]:51597 [SgLow2]:50598 [SgLow3]:0 [SgLow4]:0 [NetMuon1]:506921 [NetMuon2]:501478 [NetMuon3]:544871 [NetMuon4]:544871
[Run]:22261 [Site]:1 [Bin]:1178 [FullTime]:3600.01 [SkipTime]:0 [Veto1]:728.573 [Veto2]:766.983 [Veto3]:533.576 [Veto4]:533.576 [SgUp1]:58797 [SgUp2]:57204 [SgUp3]:0 [SgUp4]:0 [SgLow1]:58685 [SgLow2]:57102 [SgLow3]:0 [SgLow4]:0 [NetMuon1]:575307 [NetMuon2]:567803 [NetMuon3]:614564 [NetMuon4]:614564
[Run]:22261 [Site]:1 [Bin]:1179 [FullTime]:3599.99 [SkipTime]:0 [Veto1]:740.417 [Veto2]:741.84 [Veto3]:533.731 [Veto4]:533.731 [SgUp1]:58266 [SgUp2]:57264 [SgUp3]:0 [SgUp4]:0 [SgLow1]:58144 [SgLow2]:57167 [SgLow3]:0 [SgLow4]:0 [NetMuon1]:573605 [NetMuon2]:573505 [NetMuon3]:615050 [NetMuon4]:615050
[Run]:22261 [Site]:1 [Bin]:1180 [FullTime]:3600 [SkipTime]:0 [Veto1]:734.915 [Veto2]:746.278 [Veto3]:534.767 [Veto4]:534.767 [SgUp1]:58679 [SgUp2]:57582 [SgUp3]:0 [SgUp4]:0 [SgLow1]:58573 [SgLow2]:57482 [SgLow3]:0 [SgLow4]:0 [NetMuon1]:575719 [NetMuon2]:573612 [NetMuon3]:615927 [NetMuon4]:615927
[Run]:22261 [Site]:1 [Bin]:1181 [FullTime]:3600 [SkipTime]:0 [Veto1]:745.138 [Veto2]:756.975 [Veto3]:534.95 [Veto4]:534.95 [SgUp1]:58616 [SgUp2]:57327 [SgUp3]:0 [SgUp4]:0 [SgLow1]:58500 [SgLow2]:57258 [SgLow3]:0 [SgLow4]:0 [NetMuon1]:573979 [NetMuon2]:571555 [NetMuon3]:616127 [NetMuon4]:616127
[Run]:22261 [Site]:1 [Bin]:1182 [FullTime]:3600 [SkipTime]:0 [Veto1]:746.455 [Veto2]:754.635 [Veto3]:534.163 [Veto4]:534.163 [SgUp1]:58152 [SgUp2]:57645 [SgUp3]:0 [SgUp4]:0 [SgLow1]:58055 [SgLow2]:57540 [SgLow3]:0 [SgLow4]:0 [NetMuon1]:573098 [NetMuon2]:571597 [NetMuon3]:615504 [NetMuon4]:615504
[Run]:22261 [Site]:1 [Bin]:1183 [FullTime]:3600 [SkipTime]:0 [Veto1]:754.285 [Veto2]:751.646 [Veto3]:535.267 [Veto4]:535.267 [SgUp1]:58314 [SgUp2]:57568 [SgUp3]:0 [SgUp4]:0 [SgLow1]:58197 [SgLow2]:57455 [SgLow3]:0 [SgLow4]:0 [NetMuon1]:572528 [NetMuon2]:572723 [NetMuon3]:616410 [NetMuon4]:616410
[Run]:22261 [Site]:1 [Bin]:1184 [FullTime]:3600 [SkipTime]:0 [Veto1]:767.214 [Veto2]:753.957 [Veto3]:534.938 [Veto4]:534.938 [SgUp1]:57978 [SgUp2]:56785 [SgUp3]:0 [SgUp4]:0 [SgLow1]:57877 [SgLow2]:56649 [SgLow3]:0 [SgLow4]:0 [NetMuon1]:569418 [NetMuon2]:571880 [NetMuon3]:616217 [NetMuon4]:616217
[Run]:22261 [Site]:1 [Bin]:1185 [FullTime]:3600 [SkipTime]:0 [Veto1]:733.456 [Veto2]:742.912 [Veto3]:534.941 [Veto4]:534.941 [SgUp1]:58422 [SgUp2]:57959 [SgUp3]:0 [SgUp4]:0 [SgLow1]:58295 [SgLow2]:57862 [SgLow3]:0 [SgLow4]:0 [NetMuon1]:576476 [NetMuon2]:574266 [NetMuon3]:616263 [NetMuon4]:616263
[Run]:22261 [Site]:1 [Bin]:1186 [FullTime]:3600 [SkipTime]:0 [Veto1]:756.324 [Veto2]:737.719 [Veto3]:534.191 [Veto4]:534.191 [SgUp1]:57299 [SgUp2]:58446 [SgUp3]:0 [SgUp4]:0 [SgLow1]:57178 [SgLow2]:58358 [SgLow3]:0 [SgLow4]:0 [NetMuon1]:570888 [NetMuon2]:574683 [NetMuon3]:615415 [NetMuon4]:615415
[Run]:22261 [Site]:1 [Bin]:1187 [FullTime]:3600 [SkipTime]:0 [Veto1]:748.651 [Veto2]:757.133 [Veto3]:533.903 [Veto4]:533.903 [SgUp1]:57460 [SgUp2]:56846 [SgUp3]:0 [SgUp4]:0 [SgLow1]:57366 [SgLow2]:56736 [SgLow3]:0 [SgLow4]:0 [NetMuon1]:572360 [NetMuon2]:570323 [NetMuon3]:615051 [NetMuon4]:615051
[Run]:22261 [Site]:1 [Bin]:1188 [FullTime]:3600 [SkipTime]:0 [Veto1]:712.922 [Veto2]:749.556 [Veto3]:533.501 [Veto4]:533.501 [SgUp1]:58997 [SgUp2]:56927 [SgUp3]:0 [SgUp4]:0 [SgLow1]:58885 [SgLow2]:56813 [SgLow3]:0 [SgLow4]:0 [NetMuon1]:578534 [NetMuon2]:570975 [NetMuon3]:614484 [NetMuon4]:614484
[Run]:22261 [Site]:1 [Bin]:1189 [FullTime]:3600 [SkipTime]:0 [Veto1]:749.02 [Veto2]:754.69 [Veto3]:534.266 [Veto4]:534.266 [SgUp1]:58100 [SgUp2]:56652 [SgUp3]:0 [SgUp4]:0 [SgLow1]:58003 [SgLow2]:56545 [SgLow3]:0 [SgLow4]:0 [NetMuon1]:572336 [NetMuon2]:571252 [NetMuon3]:615547 [NetMuon4]:615547
[Run]:22261 [Site]:1 [Bin]:1190 [FullTime]:3600 [SkipTime]:0 [Veto1]:743.68 [Veto2]:754.846 [Veto3]:534.416 [Veto4]:534.416 [SgUp1]:58308 [SgUp2]:57034 [SgUp3]:0 [SgUp4]:0 [SgLow1]:58178 [SgLow2]:56922 [SgLow3]:0 [SgLow4]:0 [NetMuon1]:573627 [NetMuon2]:571341 [NetMuon3]:615534 [NetMuon4]:615534
[Run]:22261 [Site]:1 [Bin]:1191 [FullTime]:3600 [SkipTime]:0 [Veto1]:730.439 [Veto2]:751.409 [Veto3]:534.29 [Veto4]:534.29 [SgUp1]:58380 [SgUp2]:56523 [SgUp3]:0 [SgUp4]:0 [SgLow1]:58260 [SgLow2]:56417 [SgLow3]:0 [SgLow4]:0 [NetMuon1]:576035 [NetMuon2]:572005 [NetMuon3]:615353 [NetMuon4]:615353
[Run]:22261 [Site]:1 [Bin]:1192 [FullTime]:3600 [SkipTime]:0 [Veto1]:736.929 [Veto2]:739.397 [Veto3]:533.738 [Veto4]:533.738 [SgUp1]:57932 [SgUp2]:57220 [SgUp3]:0 [SgUp4]:0 [SgLow1]:57819 [SgLow2]:57125 [SgLow3]:0 [SgLow4]:0 [NetMuon1]:574379 [NetMuon2]:574220 [NetMuon3]:615071 [NetMuon4]:615071
[Run]:22261 [Site]:1 [Bin]:1193 [FullTime]:3600 [SkipTime]:0 [Veto1]:746.045 [Veto2]:737.05 [Veto3]:533.772 [Veto4]:533.772 [SgUp1]:57542 [SgUp2]:57195 [SgUp3]:0 [SgUp4]:0 [SgLow1]:57426 [SgLow2]:57069 [SgLow3]:0 [SgLow4]:0 [NetMuon1]:571887 [NetMuon2]:574271 [NetMuon3]:614863 [NetMuon4]:614863
[Run]:22261 [Site]:1 [Bin]:1194 [FullTime]:3600 [SkipTime]:0 [Veto1]:732.26 [Veto2]:741.924 [Veto3]:533.51 [Veto4]:533.51 [SgUp1]:58025 [SgUp2]:57497 [SgUp3]:0 [SgUp4]:0 [SgLow1]:57897 [SgLow2]:57382 [SgLow3]:0 [SgLow4]:0 [NetMuon1]:574826 [NetMuon2]:573153 [NetMuon3]:614520 [NetMuon4]:614520
[Run]:22261 [Site]:1 [Bin]:1195 [FullTime]:3600 [SkipTime]:0 [Veto1]:747.457 [Veto2]:736.544 [Veto3]:534.308 [Veto4]:534.308 [SgUp1]:58018 [SgUp2]:57480 [SgUp3]:0 [SgUp4]:0 [SgLow1]:57889 [SgLow2]:57349 [SgLow3]:0 [SgLow4]:0 [NetMuon1]:572690 [NetMuon2]:574661 [NetMuon3]:615363 [NetMuon4]:615363
[Run]:22261 [Site]:1 [Bin]:1196 [FullTime]:3600 [SkipTime]:0 [Veto1]:727.157 [Veto2]:737.622 [Veto3]:533.713 [Veto4]:533.713 [SgUp1]:58019 [SgUp2]:57369 [SgUp3]:0 [SgUp4]:0 [SgLow1]:57929 [SgLow2]:57267 [SgLow3]:0 [SgLow4]:0 [NetMuon1]:576392 [NetMuon2]:574085 [NetMuon3]:614860 [NetMuon4]:614860
[Run]:22261 [Site]:1 [Bin]:1197 [FullTime]:3600 [SkipTime]:0 [Veto1]:766.137 [Veto2]:775.605 [Veto3]:534.14 [Veto4]:534.14 [SgUp1]:57820 [SgUp2]:56784 [SgUp3]:0 [SgUp4]:0 [SgLow1]:57730 [SgLow2]:56663 [SgLow3]:0 [SgLow4]:0 [NetMuon1]:568467 [NetMuon2]:566649 [NetMuon3]:615181 [NetMuon4]:615181
[Run]:22261 [Site]:1 [Bin]:1198 [FullTime]:3600 [SkipTime]:0 [Veto1]:731.911 [Veto2]:727.519 [Veto3]:534.298 [Veto4]:534.298 [SgUp1]:58268 [SgUp2]:58058 [SgUp3]:0 [SgUp4]:0 [SgLow1]:58147 [SgLow2]:57939 [SgLow3]:0 [SgLow4]:0 [NetMuon1]:575777 [NetMuon2]:576530 [NetMuon3]:615339 [NetMuon4]:615339
[Run]:22261 [Site]:1 [Bin]:1199 [FullTime]:3600 [SkipTime]:0 [Veto1]:740.277 [Veto2]:767.163 [Veto3]:533.247 [Veto4]:533.247 [SgUp1]:58029 [SgUp2]:57219 [SgUp3]:0 [SgUp4]:0 [SgLow1]:57921 [SgLow2]:57095 [SgLow3]:0 [SgLow4]:0 [NetMuon1]:573269 [NetMuon2]:567885 [NetMuon3]:614346 [NetMuon4]:614346
[Run]:22261 [Site]:1 [Bin]:1200 [FullTime]:3600 [SkipTime]:0 [Veto1]:754.625 [Veto2]:745.935 [Veto3]:534.077 [Veto4]:534.077 [SgUp1]:57770 [SgUp2]:57690 [SgUp3]:0 [SgUp4]:0 [SgLow1]:57676 [SgLow2]:57574 [SgLow3]:0 [SgLow4]:0 [NetMuon1]:570685 [NetMuon2]:572559 [NetMuon3]:615200 [NetMuon4]:615200
[Run]:22261 [Site]:1 [Bin]:1201 [FullTime]:3600 [SkipTime]:0 [Veto1]:761.793 [Veto2]:761.708 [Veto3]:532.809 [Veto4]:532.809 [SgUp1]:57962 [SgUp2]:57486 [SgUp3]:0 [SgUp4]:0 [SgLow1]:57870 [SgLow2]:57385 [SgLow3]:0 [SgLow4]:0 [NetMuon1]:567763 [NetMuon2]:568153 [NetMuon3]:613745 [NetMuon4]:613745
[Run]:22261 [Site]:1 [Bin]:1202 [FullTime]:3600 [SkipTime]:0 [Veto1]:733.6 [Veto2]:731.122 [Veto3]:534.923 [Veto4]:534.923 [SgUp1]:58567 [SgUp2]:57747 [SgUp3]:0 [SgUp4]:0 [SgLow1]:58475 [SgLow2]:57627 [SgLow3]:0 [SgLow4]:0 [NetMuon1]:576572 [NetMuon2]:576718 [NetMuon3]:616142 [NetMuon4]:616142
[Run]:22261 [Site]:1 [Bin]:1203 [FullTime]:3600 [SkipTime]:0 [Veto1]:730.83 [Veto2]:739.631 [Veto3]:533.36 [Veto4]:533.36 [SgUp1]:58368 [SgUp2]:57683 [SgUp3]:0 [SgUp4]:0 [SgLow1]:58262 [SgLow2]:57573 [SgLow3]:0 [SgLow4]:0 [NetMuon1]:574850 [NetMuon2]:573164 [NetMuon3]:614477 [NetMuon4]:614477
[Run]:22261 [Site]:1 [Bin]:1204 [FullTime]:3600 [SkipTime]:0 [Veto1]:737.702 [Veto2]:769.349 [Veto3]:534.214 [Veto4]:534.214 [SgUp1]:58142 [SgUp2]:56877 [SgUp3]:0 [SgUp4]:0 [SgLow1]:58019 [SgLow2]:56780 [SgLow3]:0 [SgLow4]:0 [NetMuon1]:574357 [NetMuon2]:567758 [NetMuon3]:615220 [NetMuon4]:615220
[Run]:22261 [Site]:1 [Bin]:1205 [FullTime]:3600 [SkipTime]:0 [Veto1]:735.283 [Veto2]:755.114 [Veto3]:533.979 [Veto4]:533.979 [SgUp1]:58116 [SgUp2]:57561 [SgUp3]:0 [SgUp4]:0 [SgLow1]:58007 [SgLow2]:57458 [SgLow3]:0 [SgLow4]:0 [NetMuon1]:574692 [NetMuon2]:570649 [NetMuon3]:614981 [NetMuon4]:614981
[Run]:22261 [Site]:1 [Bin]:1206 [FullTime]:3600 [SkipTime]:0 [Veto1]:737.953 [Veto2]:758.153 [Veto3]:534.308 [Veto4]:534.308 [SgUp1]:57869 [SgUp2]:57252 [SgUp3]:0 [SgUp4]:0 [SgLow1]:57787 [SgLow2]:57141 [SgLow3]:0 [SgLow4]:0 [NetMuon1]:574866 [NetMuon2]:570528 [NetMuon3]:615513 [NetMuon4]:615513
[Run]:22261 [Site]:1 [Bin]:1207 [FullTime]:3600 [SkipTime]:0 [Veto1]:753.641 [Veto2]:739.787 [Veto3]:534.671 [Veto4]:534.671 [SgUp1]:57849 [SgUp2]:57855 [SgUp3]:0 [SgUp4]:0 [SgLow1]:57730 [SgLow2]:57750 [SgLow3]:0 [SgLow4]:0 [NetMuon1]:571836 [NetMuon2]:574406 [NetMuon3]:615785 [NetMuon4]:615785
[Run]:22261 [Site]:1 [Bin]:1208 [FullTime]:3600 [SkipTime]:0 [Veto1]:737.347 [Veto2]:759.547 [Veto3]:534.847 [Veto4]:534.847 [SgUp1]:57795 [SgUp2]:57697 [SgUp3]:0 [SgUp4]:0 [SgLow1]:57673 [SgLow2]:57603 [SgLow3]:0 [SgLow4]:0 [NetMuon1]:575122 [NetMuon2]:570816 [NetMuon3]:616106 [NetMuon4]:616106
[Run]:22261 [Site]:1 [Bin]:1209 [FullTime]:3600 [SkipTime]:0 [Veto1]:760.094 [Veto2]:721.63 [Veto3]:533.95 [Veto4]:533.95 [SgUp1]:57756 [SgUp2]:58208 [SgUp3]:0 [SgUp4]:0 [SgLow1]:57634 [SgLow2]:58098 [SgLow3]:0 [SgLow4]:0 [NetMuon1]:569869 [NetMuon2]:577561 [NetMuon3]:615026 [NetMuon4]:615026
[Run]:22261 [Site]:1 [Bin]:1210 [FullTime]:3600 [SkipTime]:0 [Veto1]:738.898 [Veto2]:766.84 [Veto3]:534.668 [Veto4]:534.668 [SgUp1]:57607 [SgUp2]:57501 [SgUp3]:0 [SgUp4]:0 [SgLow1]:57477 [SgLow2]:57375 [SgLow3]:0 [SgLow4]:0 [NetMuon1]:575202 [NetMuon2]:569280 [NetMuon3]:615926 [NetMuon4]:615926
[Run]:22261 [Site]:1 [Bin]:1211 [FullTime]:3600 [SkipTime]:0 [Veto1]:732.276 [Veto2]:746.125 [Veto3]:534.108 [Veto4]:534.108 [SgUp1]:58082 [SgUp2]:57900 [SgUp3]:0 [SgUp4]:0 [SgLow1]:57989 [SgLow2]:57781 [SgLow3]:0 [SgLow4]:0 [NetMuon1]:575415 [NetMuon2]:572700 [NetMuon3]:615274 [NetMuon4]:615274
[Run]:22261 [Site]:1 [Bin]:1212 [FullTime]:3600 [SkipTime]:0 [Veto1]:735.401 [Veto2]:746.395 [Veto3]:534.545 [Veto4]:534.545 [SgUp1]:57646 [SgUp2]:57974 [SgUp3]:0 [SgUp4]:0 [SgLow1]:57555 [SgLow2]:57876 [SgLow3]:0 [SgLow4]:0 [NetMuon1]:574983 [NetMuon2]:573365 [NetMuon3]:615712 [NetMuon4]:615712
[Run]:22261 [Site]:1 [Bin]:1213 [FullTime]:3600 [SkipTime]:0 [Veto1]:731.499 [Veto2]:735.03 [Veto3]:533.78 [Veto4]:533.78 [SgUp1]:57904 [SgUp2]:57876 [SgUp3]:0 [SgUp4]:0 [SgLow1]:57790 [SgLow2]:57776 [SgLow3]:0 [SgLow4]:0 [NetMuon1]:575293 [NetMuon2]:574311 [NetMuon3]:614793 [NetMuon4]:614793
[Run]:22261 [Site]:1 [Bin]:1214 [FullTime]:3600 [SkipTime]:0 [Veto1]:731.445 [Veto2]:765.904 [Veto3]:533.346 [Veto4]:533.346 [SgUp1]:58257 [SgUp2]:57145 [SgUp3]:0 [SgUp4]:0 [SgLow1]:58149 [SgLow2]:57027 [SgLow3]:0 [SgLow4]:0 [NetMuon1]:574945 [NetMuon2]:567755 [NetMuon3]:614441 [NetMuon4]:614441
[Run]:22261 [Site]:1 [Bin]:1215 [FullTime]:3600 [SkipTime]:0 [Veto1]:735.874 [Veto2]:755.42 [Veto3]:533.992 [Veto4]:533.992 [SgUp1]:57880 [SgUp2]:57990 [SgUp3]:0 [SgUp4]:0 [SgLow1]:57776 [SgLow2]:57921 [SgLow3]:0 [SgLow4]:0 [NetMuon1]:574650 [NetMuon2]:570534 [NetMuon3]:615058 [NetMuon4]:615058
[Run]:22261 [Site]:1 [Bin]:1216 [FullTime]:3600 [SkipTime]:0 [Veto1]:733.012 [Veto2]:737.814 [Veto3]:533.921 [Veto4]:533.921 [SgUp1]:57931 [SgUp2]:57698 [SgUp3]:0 [SgUp4]:0 [SgLow1]:57824 [SgLow2]:57573 [SgLow3]:0 [SgLow4]:0 [NetMuon1]:574925 [NetMuon2]:574013 [NetMuon3]:614739 [NetMuon4]:614739
[Run]:22261 [Site]:1 [Bin]:1217 [FullTime]:3600 [SkipTime]:0 [Veto1]:732.792 [Veto2]:738.4 [Veto3]:533.802 [Veto4]:533.802 [SgUp1]:58339 [SgUp2]:57408 [SgUp3]:0 [SgUp4]:0 [SgLow1]:58234 [SgLow2]:57309 [SgLow3]:0 [SgLow4]:0 [NetMuon1]:574946 [NetMuon2]:574254 [NetMuon3]:614801 [NetMuon4]:614801
[Run]:22261 [Site]:1 [Bin]:1218 [FullTime]:3600 [SkipTime]:0 [Veto1]:736.039 [Veto2]:768.271 [Veto3]:534.509 [Veto4]:534.509 [SgUp1]:58373 [SgUp2]:56498 [SgUp3]:0 [SgUp4]:0 [SgLow1]:58274 [SgLow2]:56395 [SgLow3]:0 [SgLow4]:0 [NetMuon1]:575261 [NetMuon2]:568641 [NetMuon3]:615934 [NetMuon4]:615934
[Run]:22261 [Site]:1 [Bin]:1219 [FullTime]:3600 [SkipTime]:0 [Veto1]:764.018 [Veto2]:739.872 [Veto3]:533.634 [Veto4]:533.634 [SgUp1]:57905 [SgUp2]:57117 [SgUp3]:0 [SgUp4]:0 [SgLow1]:57800 [SgLow2]:57003 [SgLow3]:0 [SgLow4]:0 [NetMuon1]:568243 [NetMuon2]:573122 [NetMuon3]:614584 [NetMuon4]:614584
[Run]:22261 [Site]:1 [Bin]:1220 [FullTime]:3600 [SkipTime]:0 [Veto1]:741.826 [Veto2]:742.999 [Veto3]:533.304 [Veto4]:533.304 [SgUp1]:58029 [SgUp2]:57286 [SgUp3]:0 [SgUp4]:0 [SgLow1]:57933 [SgLow2]:57196 [SgLow3]:0 [SgLow4]:0 [NetMuon1]:572691 [NetMuon2]:572254 [NetMuon3]:614259 [NetMuon4]:614259
[Run]:22261 [Site]:1 [Bin]:1221 [FullTime]:3600 [SkipTime]:0 [Veto1]:745.493 [Veto2]:738.599 [Veto3]:534.164 [Veto4]:534.164 [SgUp1]:58082 [SgUp2]:57000 [SgUp3]:0 [SgUp4]:0 [SgLow1]:57966 [SgLow2]:56892 [SgLow3]:0 [SgLow4]:0 [NetMuon1]:572544 [NetMuon2]:574152 [NetMuon3]:615280 [NetMuon4]:615280
[Run]:22261 [Site]:1 [Bin]:1222 [FullTime]:3600 [SkipTime]:0 [Veto1]:731.619 [Veto2]:755.369 [Veto3]:533.95 [Veto4]:533.95 [SgUp1]:58294 [SgUp2]:56928 [SgUp3]:0 [SgUp4]:0 [SgLow1]:58191 [SgLow2]:56814 [SgLow3]:0 [SgLow4]:0 [NetMuon1]:575417 [NetMuon2]:570632 [NetMuon3]:615174 [NetMuon4]:615174
[Run]:22261 [Site]:1 [Bin]:1223 [FullTime]:3600 [SkipTime]:0 [Veto1]:736.175 [Veto2]:763.284 [Veto3]:534.35 [Veto4]:534.35 [SgUp1]:58275 [SgUp2]:56611 [SgUp3]:0 [SgUp4]:0 [SgLow1]:58173 [SgLow2]:56512 [SgLow3]:0 [SgLow4]:0 [NetMuon1]:574722 [NetMuon2]:569561 [NetMuon3]:615543 [NetMuon4]:615543
End process Run: 22261 ... 
[Run]:22261 [Site]:1 [Bin]:1224 [FullTime]:2801.77 [SkipTime]:0 [Veto1]:583.859 [Veto2]:570.956 [Veto3]:415.603 [Veto4]:415.603
