StreamChain add 0x1bbe7f0
Start to process run: 23239 ... 
[Run]:23239 [Site]:1 [Bin]:2336 [FullTime]:373.796 [SkipTime]:0 [Veto1]:72.9811 [Veto2]:74.7485 [Veto3]:55.1854 [Veto4]:55.1854 [SgUp1]:6048 [SgUp2]:6010 [SgUp3]:0 [SgUp4]:0 [SgLow1]:6033 [SgLow2]:6002 [SgLow3]:0 [SgLow4]:0 [NetMuon1]:60050 [NetMuon2]:59763 [NetMuon3]:63585 [NetMuon4]:63585
[Run]:23239 [Site]:1 [Bin]:2337 [FullTime]:3600 [SkipTime]:0 [Veto1]:745.24 [Veto2]:763.578 [Veto3]:534.593 [Veto4]:534.593 [SgUp1]:58037 [SgUp2]:56821 [SgUp3]:0 [SgUp4]:0 [SgLow1]:57935 [SgLow2]:56728 [SgLow3]:0 [SgLow4]:0 [NetMuon1]:573412 [NetMuon2]:569790 [NetMuon3]:615841 [NetMuon4]:615841
[Run]:23239 [Site]:1 [Bin]:2338 [FullTime]:3600 [SkipTime]:0 [Veto1]:741.616 [Veto2]:744.245 [Veto3]:534.035 [Veto4]:534.035 [SgUp1]:57718 [SgUp2]:57092 [SgUp3]:0 [SgUp4]:0 [SgLow1]:57601 [SgLow2]:56970 [SgLow3]:0 [SgLow4]:0 [NetMuon1]:573569 [NetMuon2]:572907 [NetMuon3]:615274 [NetMuon4]:615274
[Run]:23239 [Site]:1 [Bin]:2339 [FullTime]:3600 [SkipTime]:0 [Veto1]:753.099 [Veto2]:743.754 [Veto3]:533.802 [Veto4]:533.802 [SgUp1]:58119 [SgUp2]:57238 [SgUp3]:0 [SgUp4]:0 [SgLow1]:57987 [SgLow2]:57109 [SgLow3]:0 [SgLow4]:0 [NetMuon1]:570914 [NetMuon2]:572734 [NetMuon3]:614881 [NetMuon4]:614881
[Run]:23239 [Site]:1 [Bin]:2340 [FullTime]:3600 [SkipTime]:0 [Veto1]:739.002 [Veto2]:732.078 [Veto3]:535.214 [Veto4]:535.214 [SgUp1]:57819 [SgUp2]:58027 [SgUp3]:0 [SgUp4]:0 [SgLow1]:57722 [SgLow2]:57899 [SgLow3]:0 [SgLow4]:0 [NetMuon1]:575949 [NetMuon2]:577097 [NetMuon3]:616716 [NetMuon4]:616716
[Run]:23239 [Site]:1 [Bin]:2341 [FullTime]:3600 [SkipTime]:0 [Veto1]:731.666 [Veto2]:766.6 [Veto3]:534.651 [Veto4]:534.651 [SgUp1]:57924 [SgUp2]:56854 [SgUp3]:0 [SgUp4]:0 [SgLow1]:57823 [SgLow2]:56732 [SgLow3]:0 [SgLow4]:0 [NetMuon1]:576299 [NetMuon2]:569048 [NetMuon3]:616001 [NetMuon4]:616001
[Run]:23239 [Site]:1 [Bin]:2342 [FullTime]:3600 [SkipTime]:0 [Veto1]:741.316 [Veto2]:751.751 [Veto3]:533.998 [Veto4]:533.998 [SgUp1]:57897 [SgUp2]:57062 [SgUp3]:0 [SgUp4]:0 [SgLow1]:57767 [SgLow2]:56946 [SgLow3]:0 [SgLow4]:0 [NetMuon1]:573650 [NetMuon2]:571636 [NetMuon3]:615322 [NetMuon4]:615322
[Run]:23239 [Site]:1 [Bin]:2343 [FullTime]:3600 [SkipTime]:0 [Veto1]:739.446 [Veto2]:778.088 [Veto3]:533.996 [Veto4]:533.996 [SgUp1]:57965 [SgUp2]:56644 [SgUp3]:0 [SgUp4]:0 [SgLow1]:57880 [SgLow2]:56558 [SgLow3]:0 [SgLow4]:0 [NetMuon1]:574180 [NetMuon2]:566017 [NetMuon3]:615181 [NetMuon4]:615181
[Run]:23239 [Site]:1 [Bin]:2344 [FullTime]:3600 [SkipTime]:0 [Veto1]:733.064 [Veto2]:744.401 [Veto3]:534.811 [Veto4]:534.811 [SgUp1]:58240 [SgUp2]:56719 [SgUp3]:0 [SgUp4]:0 [SgLow1]:58117 [SgLow2]:56635 [SgLow3]:0 [SgLow4]:0 [NetMuon1]:576248 [NetMuon2]:574343 [NetMuon3]:616030 [NetMuon4]:616030
[Run]:23239 [Site]:1 [Bin]:2345 [FullTime]:3600 [SkipTime]:0 [Veto1]:717.814 [Veto2]:742.191 [Veto3]:535.062 [Veto4]:535.062 [SgUp1]:58408 [SgUp2]:57248 [SgUp3]:0 [SgUp4]:0 [SgLow1]:58276 [SgLow2]:57160 [SgLow3]:0 [SgLow4]:0 [NetMuon1]:579586 [NetMuon2]:574764 [NetMuon3]:616443 [NetMuon4]:616443
[Run]:23239 [Site]:1 [Bin]:2346 [FullTime]:3600 [SkipTime]:0 [Veto1]:728.007 [Veto2]:741.676 [Veto3]:533.981 [Veto4]:533.981 [SgUp1]:58057 [SgUp2]:57779 [SgUp3]:0 [SgUp4]:0 [SgLow1]:57951 [SgLow2]:57633 [SgLow3]:0 [SgLow4]:0 [NetMuon1]:576106 [NetMuon2]:573331 [NetMuon3]:614997 [NetMuon4]:614997
[Run]:23239 [Site]:1 [Bin]:2347 [FullTime]:3600 [SkipTime]:0 [Veto1]:751.055 [Veto2]:751.611 [Veto3]:535.092 [Veto4]:535.092 [SgUp1]:58121 [SgUp2]:56991 [SgUp3]:0 [SgUp4]:0 [SgLow1]:58033 [SgLow2]:56887 [SgLow3]:0 [SgLow4]:0 [NetMuon1]:572816 [NetMuon2]:573177 [NetMuon3]:616337 [NetMuon4]:616337
[Run]:23239 [Site]:1 [Bin]:2348 [FullTime]:3600 [SkipTime]:0 [Veto1]:751.675 [Veto2]:770.097 [Veto3]:535.719 [Veto4]:535.719 [SgUp1]:57815 [SgUp2]:57064 [SgUp3]:0 [SgUp4]:0 [SgLow1]:57740 [SgLow2]:56983 [SgLow3]:0 [SgLow4]:0 [NetMuon1]:573512 [NetMuon2]:570116 [NetMuon3]:617238 [NetMuon4]:617238
[Run]:23239 [Site]:1 [Bin]:2349 [FullTime]:3600 [SkipTime]:0 [Veto1]:748.841 [Veto2]:750.259 [Veto3]:535.056 [Veto4]:535.056 [SgUp1]:57638 [SgUp2]:56755 [SgUp3]:0 [SgUp4]:0 [SgLow1]:57538 [SgLow2]:56656 [SgLow3]:0 [SgLow4]:0 [NetMuon1]:573280 [NetMuon2]:573408 [NetMuon3]:616244 [NetMuon4]:616244
[Run]:23239 [Site]:1 [Bin]:2350 [FullTime]:3600 [SkipTime]:0 [Veto1]:747.083 [Veto2]:741.417 [Veto3]:535.094 [Veto4]:535.094 [SgUp1]:58036 [SgUp2]:57640 [SgUp3]:0 [SgUp4]:0 [SgLow1]:57917 [SgLow2]:57520 [SgLow3]:0 [SgLow4]:0 [NetMuon1]:573636 [NetMuon2]:574887 [NetMuon3]:616305 [NetMuon4]:616305
[Run]:23239 [Site]:1 [Bin]:2351 [FullTime]:3600 [SkipTime]:0 [Veto1]:718.092 [Veto2]:744.555 [Veto3]:534.48 [Veto4]:534.48 [SgUp1]:59150 [SgUp2]:57374 [SgUp3]:0 [SgUp4]:0 [SgLow1]:59046 [SgLow2]:57266 [SgLow3]:0 [SgLow4]:0 [NetMuon1]:578712 [NetMuon2]:573323 [NetMuon3]:615672 [NetMuon4]:615672
[Run]:23239 [Site]:1 [Bin]:2352 [FullTime]:3600 [SkipTime]:0 [Veto1]:713.078 [Veto2]:756.512 [Veto3]:534.762 [Veto4]:534.762 [SgUp1]:58807 [SgUp2]:57461 [SgUp3]:0 [SgUp4]:0 [SgLow1]:58712 [SgLow2]:57329 [SgLow3]:0 [SgLow4]:0 [NetMuon1]:580289 [NetMuon2]:571458 [NetMuon3]:616073 [NetMuon4]:616073
[Run]:23239 [Site]:1 [Bin]:2353 [FullTime]:3600 [SkipTime]:0 [Veto1]:738.815 [Veto2]:743.668 [Veto3]:534.562 [Veto4]:534.562 [SgUp1]:58231 [SgUp2]:57043 [SgUp3]:0 [SgUp4]:0 [SgLow1]:58121 [SgLow2]:56927 [SgLow3]:0 [SgLow4]:0 [NetMuon1]:574869 [NetMuon2]:573820 [NetMuon3]:615922 [NetMuon4]:615922
[Run]:23239 [Site]:1 [Bin]:2354 [FullTime]:3600 [SkipTime]:0 [Veto1]:762.019 [Veto2]:776.752 [Veto3]:535.321 [Veto4]:535.321 [SgUp1]:57838 [SgUp2]:56591 [SgUp3]:0 [SgUp4]:0 [SgLow1]:57717 [SgLow2]:56459 [SgLow3]:0 [SgLow4]:0 [NetMuon1]:570710 [NetMuon2]:568032 [NetMuon3]:616765 [NetMuon4]:616765
[Run]:23239 [Site]:1 [Bin]:2355 [FullTime]:3600 [SkipTime]:0 [Veto1]:741.608 [Veto2]:761.494 [Veto3]:533.64 [Veto4]:533.64 [SgUp1]:58270 [SgUp2]:56951 [SgUp3]:0 [SgUp4]:0 [SgLow1]:58128 [SgLow2]:56827 [SgLow3]:0 [SgLow4]:0 [NetMuon1]:573312 [NetMuon2]:569295 [NetMuon3]:614968 [NetMuon4]:614968
[Run]:23239 [Site]:1 [Bin]:2356 [FullTime]:3600 [SkipTime]:0 [Veto1]:734.946 [Veto2]:737.79 [Veto3]:534.835 [Veto4]:534.835 [SgUp1]:57797 [SgUp2]:57098 [SgUp3]:0 [SgUp4]:0 [SgLow1]:57685 [SgLow2]:56990 [SgLow3]:0 [SgLow4]:0 [NetMuon1]:575993 [NetMuon2]:575046 [NetMuon3]:616014 [NetMuon4]:616014
[Run]:23239 [Site]:1 [Bin]:2357 [FullTime]:3600 [SkipTime]:0 [Veto1]:733.019 [Veto2]:755.75 [Veto3]:534.011 [Veto4]:534.011 [SgUp1]:57854 [SgUp2]:57112 [SgUp3]:0 [SgUp4]:0 [SgLow1]:57755 [SgLow2]:57009 [SgLow3]:0 [SgLow4]:0 [NetMuon1]:575309 [NetMuon2]:570874 [NetMuon3]:615446 [NetMuon4]:615446
[Run]:23239 [Site]:1 [Bin]:2358 [FullTime]:3600 [SkipTime]:0 [Veto1]:738.833 [Veto2]:781.498 [Veto3]:533.714 [Veto4]:533.714 [SgUp1]:58014 [SgUp2]:56891 [SgUp3]:0 [SgUp4]:0 [SgLow1]:57925 [SgLow2]:56765 [SgLow3]:0 [SgLow4]:0 [NetMuon1]:574101 [NetMuon2]:565182 [NetMuon3]:615011 [NetMuon4]:615011
[Run]:23239 [Site]:1 [Bin]:2359 [FullTime]:3600 [SkipTime]:0 [Veto1]:743.975 [Veto2]:776.896 [Veto3]:535.259 [Veto4]:535.259 [SgUp1]:58005 [SgUp2]:56761 [SgUp3]:0 [SgUp4]:0 [SgLow1]:57875 [SgLow2]:56671 [SgLow3]:0 [SgLow4]:0 [NetMuon1]:574526 [NetMuon2]:567430 [NetMuon3]:616344 [NetMuon4]:616344
[Run]:23239 [Site]:1 [Bin]:2360 [FullTime]:3600 [SkipTime]:0 [Veto1]:730.873 [Veto2]:760.615 [Veto3]:535.236 [Veto4]:535.236 [SgUp1]:58613 [SgUp2]:57520 [SgUp3]:0 [SgUp4]:0 [SgLow1]:58512 [SgLow2]:57419 [SgLow3]:0 [SgLow4]:0 [NetMuon1]:577787 [NetMuon2]:571455 [NetMuon3]:616775 [NetMuon4]:616775
[Run]:23239 [Site]:1 [Bin]:2361 [FullTime]:3600 [SkipTime]:0 [Veto1]:739.437 [Veto2]:750.138 [Veto3]:535.387 [Veto4]:535.387 [SgUp1]:58304 [SgUp2]:57934 [SgUp3]:0 [SgUp4]:0 [SgLow1]:58191 [SgLow2]:57811 [SgLow3]:0 [SgLow4]:0 [NetMuon1]:575861 [NetMuon2]:573489 [NetMuon3]:616916 [NetMuon4]:616916
[Run]:23239 [Site]:1 [Bin]:2362 [FullTime]:3600 [SkipTime]:0 [Veto1]:735.659 [Veto2]:754.801 [Veto3]:535.957 [Veto4]:535.957 [SgUp1]:58153 [SgUp2]:56855 [SgUp3]:0 [SgUp4]:0 [SgLow1]:58051 [SgLow2]:56736 [SgLow3]:0 [SgLow4]:0 [NetMuon1]:576873 [NetMuon2]:573396 [NetMuon3]:617496 [NetMuon4]:617496
[Run]:23239 [Site]:1 [Bin]:2363 [FullTime]:3600 [SkipTime]:0 [Veto1]:762.909 [Veto2]:733.394 [Veto3]:535.096 [Veto4]:535.096 [SgUp1]:57537 [SgUp2]:57913 [SgUp3]:0 [SgUp4]:0 [SgLow1]:57415 [SgLow2]:57787 [SgLow3]:0 [SgLow4]:0 [NetMuon1]:570834 [NetMuon2]:576836 [NetMuon3]:616711 [NetMuon4]:616711
[Run]:23239 [Site]:1 [Bin]:2364 [FullTime]:3600 [SkipTime]:0 [Veto1]:761.686 [Veto2]:769.576 [Veto3]:534.888 [Veto4]:534.888 [SgUp1]:57741 [SgUp2]:56781 [SgUp3]:0 [SgUp4]:0 [SgLow1]:57606 [SgLow2]:56669 [SgLow3]:0 [SgLow4]:0 [NetMuon1]:570671 [NetMuon2]:569341 [NetMuon3]:616287 [NetMuon4]:616287
[Run]:23239 [Site]:1 [Bin]:2365 [FullTime]:3600 [SkipTime]:0 [Veto1]:745.591 [Veto2]:750.468 [Veto3]:532.915 [Veto4]:532.915 [SgUp1]:58084 [SgUp2]:57783 [SgUp3]:0 [SgUp4]:0 [SgLow1]:57988 [SgLow2]:57668 [SgLow3]:0 [SgLow4]:0 [NetMuon1]:571282 [NetMuon2]:570648 [NetMuon3]:614129 [NetMuon4]:614129
[Run]:23239 [Site]:1 [Bin]:2366 [FullTime]:3600 [SkipTime]:0 [Veto1]:736.154 [Veto2]:737.134 [Veto3]:533.439 [Veto4]:533.439 [SgUp1]:58287 [SgUp2]:57461 [SgUp3]:0 [SgUp4]:0 [SgLow1]:58180 [SgLow2]:57339 [SgLow3]:0 [SgLow4]:0 [NetMuon1]:573550 [NetMuon2]:573482 [NetMuon3]:614489 [NetMuon4]:614489
[Run]:23239 [Site]:1 [Bin]:2367 [FullTime]:3600 [SkipTime]:0 [Veto1]:723.936 [Veto2]:746.686 [Veto3]:534.042 [Veto4]:534.042 [SgUp1]:58662 [SgUp2]:57952 [SgUp3]:0 [SgUp4]:0 [SgLow1]:58547 [SgLow2]:57838 [SgLow3]:0 [SgLow4]:0 [NetMuon1]:577120 [NetMuon2]:572549 [NetMuon3]:615367 [NetMuon4]:615367
[Run]:23239 [Site]:1 [Bin]:2368 [FullTime]:3600 [SkipTime]:0 [Veto1]:739.952 [Veto2]:750.634 [Veto3]:534.536 [Veto4]:534.536 [SgUp1]:58290 [SgUp2]:57635 [SgUp3]:0 [SgUp4]:0 [SgLow1]:58169 [SgLow2]:57529 [SgLow3]:0 [SgLow4]:0 [NetMuon1]:574923 [NetMuon2]:572503 [NetMuon3]:615970 [NetMuon4]:615970
[Run]:23239 [Site]:1 [Bin]:2369 [FullTime]:3600 [SkipTime]:0 [Veto1]:734.226 [Veto2]:742.885 [Veto3]:533.774 [Veto4]:533.774 [SgUp1]:58483 [SgUp2]:56946 [SgUp3]:0 [SgUp4]:0 [SgLow1]:58352 [SgLow2]:56831 [SgLow3]:0 [SgLow4]:0 [NetMuon1]:574912 [NetMuon2]:573000 [NetMuon3]:615037 [NetMuon4]:615037
[Run]:23239 [Site]:1 [Bin]:2370 [FullTime]:3600 [SkipTime]:0 [Veto1]:738.873 [Veto2]:751.536 [Veto3]:534.327 [Veto4]:534.327 [SgUp1]:58125 [SgUp2]:57101 [SgUp3]:0 [SgUp4]:0 [SgLow1]:58011 [SgLow2]:56996 [SgLow3]:0 [SgLow4]:0 [NetMuon1]:574135 [NetMuon2]:571980 [NetMuon3]:615486 [NetMuon4]:615486
[Run]:23239 [Site]:1 [Bin]:2371 [FullTime]:3600 [SkipTime]:0 [Veto1]:752.382 [Veto2]:746.682 [Veto3]:535.297 [Veto4]:535.297 [SgUp1]:58090 [SgUp2]:57396 [SgUp3]:0 [SgUp4]:0 [SgLow1]:57979 [SgLow2]:57265 [SgLow3]:0 [SgLow4]:0 [NetMuon1]:572970 [NetMuon2]:573886 [NetMuon3]:616578 [NetMuon4]:616578
[Run]:23239 [Site]:1 [Bin]:2372 [FullTime]:3600 [SkipTime]:0 [Veto1]:726.762 [Veto2]:760.089 [Veto3]:533.661 [Veto4]:533.661 [SgUp1]:58454 [SgUp2]:57117 [SgUp3]:0 [SgUp4]:0 [SgLow1]:58346 [SgLow2]:57011 [SgLow3]:0 [SgLow4]:0 [NetMuon1]:575750 [NetMuon2]:569473 [NetMuon3]:614758 [NetMuon4]:614758
[Run]:23239 [Site]:1 [Bin]:2373 [FullTime]:3600 [SkipTime]:0 [Veto1]:738.136 [Veto2]:750.33 [Veto3]:534.463 [Veto4]:534.463 [SgUp1]:58225 [SgUp2]:56990 [SgUp3]:0 [SgUp4]:0 [SgLow1]:58085 [SgLow2]:56889 [SgLow3]:0 [SgLow4]:0 [NetMuon1]:575019 [NetMuon2]:572489 [NetMuon3]:615658 [NetMuon4]:615658
[Run]:23239 [Site]:1 [Bin]:2374 [FullTime]:3600 [SkipTime]:0 [Veto1]:742.418 [Veto2]:756.574 [Veto3]:534.295 [Veto4]:534.295 [SgUp1]:58254 [SgUp2]:57119 [SgUp3]:0 [SgUp4]:0 [SgLow1]:58138 [SgLow2]:57002 [SgLow3]:0 [SgLow4]:0 [NetMuon1]:573601 [NetMuon2]:570789 [NetMuon3]:615467 [NetMuon4]:615467
[Run]:23239 [Site]:1 [Bin]:2376 [FullTime]:3044.11 [SkipTime]:0 [Veto1]:640.684 [Veto2]:627.058 [Veto3]:452.308 [Veto4]:452.308 [SgUp1]:48924 [SgUp2]:48516 [SgUp3]:0 [SgUp4]:0 [SgLow1]:48855 [SgLow2]:48429 [SgLow3]:0 [SgLow4]:0 [NetMuon1]:483104 [NetMuon2]:485692 [NetMuon3]:520909 [NetMuon4]:520909
End process Run: 23239 ... 
[Run]:23239 [Site]:1 [Bin]:2377 [FullTime]:248.996 [SkipTime]:0 [Veto1]:56.9783 [Veto2]:53.5634 [Veto3]:36.9204 [Veto4]:36.9204
