StreamChain add 0x1bd2b7f0
Start to process run: 23118 ... 
[Run]:23118 [Site]:1 [Bin]:2233 [FullTime]:2453.76 [SkipTime]:0 [Veto1]:511.802 [Veto2]:518.707 [Veto3]:363.966 [Veto4]:363.966 [SgUp1]:39319 [SgUp2]:39051 [SgUp3]:0 [SgUp4]:0 [SgLow1]:39237 [SgLow2]:38977 [SgLow3]:0 [SgLow4]:0 [NetMuon1]:389783 [NetMuon2]:388257 [NetMuon3]:419338 [NetMuon4]:419338
[Run]:23118 [Site]:1 [Bin]:2234 [FullTime]:3600 [SkipTime]:0 [Veto1]:746.966 [Veto2]:732.275 [Veto3]:534.967 [Veto4]:534.967 [SgUp1]:58009 [SgUp2]:57649 [SgUp3]:0 [SgUp4]:0 [SgLow1]:57891 [SgLow2]:57531 [SgLow3]:0 [SgLow4]:0 [NetMuon1]:573343 [NetMuon2]:576660 [NetMuon3]:616124 [NetMuon4]:616124
[Run]:23118 [Site]:1 [Bin]:2235 [FullTime]:3600 [SkipTime]:0 [Veto1]:744.078 [Veto2]:740.032 [Veto3]:534.886 [Veto4]:534.886 [SgUp1]:57823 [SgUp2]:57574 [SgUp3]:0 [SgUp4]:0 [SgLow1]:57729 [SgLow2]:57447 [SgLow3]:0 [SgLow4]:0 [NetMuon1]:574254 [NetMuon2]:575190 [NetMuon3]:616206 [NetMuon4]:616206
[Run]:23118 [Site]:1 [Bin]:2236 [FullTime]:3600 [SkipTime]:0 [Veto1]:741.279 [Veto2]:745.573 [Veto3]:535.418 [Veto4]:535.418 [SgUp1]:57717 [SgUp2]:57443 [SgUp3]:0 [SgUp4]:0 [SgLow1]:57586 [SgLow2]:57337 [SgLow3]:0 [SgLow4]:0 [NetMuon1]:575858 [NetMuon2]:574301 [NetMuon3]:616798 [NetMuon4]:616798
[Run]:23118 [Site]:1 [Bin]:2237 [FullTime]:3600 [SkipTime]:0 [Veto1]:741.321 [Veto2]:746.867 [Veto3]:535.792 [Veto4]:535.792 [SgUp1]:57665 [SgUp2]:57292 [SgUp3]:0 [SgUp4]:0 [SgLow1]:57538 [SgLow2]:57193 [SgLow3]:0 [SgLow4]:0 [NetMuon1]:575086 [NetMuon2]:573964 [NetMuon3]:616683 [NetMuon4]:616683
[Run]:23118 [Site]:1 [Bin]:2238 [FullTime]:3600 [SkipTime]:0 [Veto1]:759.721 [Veto2]:765.713 [Veto3]:535.082 [Veto4]:535.082 [SgUp1]:57556 [SgUp2]:56819 [SgUp3]:0 [SgUp4]:0 [SgLow1]:57458 [SgLow2]:56729 [SgLow3]:0 [SgLow4]:0 [NetMuon1]:570574 [NetMuon2]:569219 [NetMuon3]:615884 [NetMuon4]:615884
[Run]:23118 [Site]:1 [Bin]:2239 [FullTime]:3600 [SkipTime]:0 [Veto1]:741.841 [Veto2]:780.86 [Veto3]:535.653 [Veto4]:535.653 [SgUp1]:57616 [SgUp2]:56910 [SgUp3]:0 [SgUp4]:0 [SgLow1]:57512 [SgLow2]:56810 [SgLow3]:0 [SgLow4]:0 [NetMuon1]:575277 [NetMuon2]:567782 [NetMuon3]:617155 [NetMuon4]:617155
[Run]:23118 [Site]:1 [Bin]:2240 [FullTime]:3600 [SkipTime]:0 [Veto1]:727.932 [Veto2]:730.493 [Veto3]:534.61 [Veto4]:534.61 [SgUp1]:58169 [SgUp2]:58051 [SgUp3]:0 [SgUp4]:0 [SgLow1]:58047 [SgLow2]:57937 [SgLow3]:0 [SgLow4]:0 [NetMuon1]:576959 [NetMuon2]:576357 [NetMuon3]:615748 [NetMuon4]:615748
[Run]:23118 [Site]:1 [Bin]:2241 [FullTime]:3600 [SkipTime]:0 [Veto1]:742.073 [Veto2]:763.849 [Veto3]:535.484 [Veto4]:535.484 [SgUp1]:57478 [SgUp2]:56597 [SgUp3]:0 [SgUp4]:0 [SgLow1]:57373 [SgLow2]:56482 [SgLow3]:0 [SgLow4]:0 [NetMuon1]:574796 [NetMuon2]:570454 [NetMuon3]:616533 [NetMuon4]:616533
[Run]:23118 [Site]:1 [Bin]:2242 [FullTime]:3600 [SkipTime]:0 [Veto1]:722.669 [Veto2]:720.491 [Veto3]:534.189 [Veto4]:534.189 [SgUp1]:58168 [SgUp2]:57936 [SgUp3]:0 [SgUp4]:0 [SgLow1]:58063 [SgLow2]:57814 [SgLow3]:0 [SgLow4]:0 [NetMuon1]:578000 [NetMuon2]:578599 [NetMuon3]:615572 [NetMuon4]:615572
[Run]:23118 [Site]:1 [Bin]:2243 [FullTime]:3600 [SkipTime]:0 [Veto1]:722.467 [Veto2]:757.346 [Veto3]:534.699 [Veto4]:534.699 [SgUp1]:58208 [SgUp2]:57240 [SgUp3]:0 [SgUp4]:0 [SgLow1]:58084 [SgLow2]:57135 [SgLow3]:0 [SgLow4]:0 [NetMuon1]:577600 [NetMuon2]:571075 [NetMuon3]:615700 [NetMuon4]:615700
[Run]:23118 [Site]:1 [Bin]:2244 [FullTime]:3600 [SkipTime]:0 [Veto1]:722.082 [Veto2]:760.711 [Veto3]:534.896 [Veto4]:534.896 [SgUp1]:57885 [SgUp2]:57345 [SgUp3]:0 [SgUp4]:0 [SgLow1]:57786 [SgLow2]:57223 [SgLow3]:0 [SgLow4]:0 [NetMuon1]:578484 [NetMuon2]:571159 [NetMuon3]:616044 [NetMuon4]:616044
[Run]:23118 [Site]:1 [Bin]:2245 [FullTime]:3600 [SkipTime]:0 [Veto1]:738.959 [Veto2]:745.983 [Veto3]:535.099 [Veto4]:535.099 [SgUp1]:57398 [SgUp2]:57315 [SgUp3]:0 [SgUp4]:0 [SgLow1]:57272 [SgLow2]:57202 [SgLow3]:0 [SgLow4]:0 [NetMuon1]:575193 [NetMuon2]:574214 [NetMuon3]:616156 [NetMuon4]:616156
[Run]:23118 [Site]:1 [Bin]:2246 [FullTime]:3600 [SkipTime]:0 [Veto1]:733.731 [Veto2]:752.264 [Veto3]:534.99 [Veto4]:534.99 [SgUp1]:57776 [SgUp2]:57135 [SgUp3]:0 [SgUp4]:0 [SgLow1]:57647 [SgLow2]:57028 [SgLow3]:0 [SgLow4]:0 [NetMuon1]:576337 [NetMuon2]:572302 [NetMuon3]:616295 [NetMuon4]:616295
[Run]:23118 [Site]:1 [Bin]:2247 [FullTime]:3600 [SkipTime]:0 [Veto1]:758.12 [Veto2]:744.384 [Veto3]:535.329 [Veto4]:535.329 [SgUp1]:57311 [SgUp2]:56850 [SgUp3]:0 [SgUp4]:0 [SgLow1]:57198 [SgLow2]:56741 [SgLow3]:0 [SgLow4]:0 [NetMuon1]:571523 [NetMuon2]:574493 [NetMuon3]:616391 [NetMuon4]:616391
[Run]:23118 [Site]:1 [Bin]:2248 [FullTime]:3600 [SkipTime]:0 [Veto1]:736.245 [Veto2]:775.922 [Veto3]:534.174 [Veto4]:534.174 [SgUp1]:57975 [SgUp2]:56661 [SgUp3]:0 [SgUp4]:0 [SgLow1]:57884 [SgLow2]:56548 [SgLow3]:0 [SgLow4]:0 [NetMuon1]:574849 [NetMuon2]:567129 [NetMuon3]:615658 [NetMuon4]:615658
[Run]:23118 [Site]:1 [Bin]:2249 [FullTime]:3600 [SkipTime]:0 [Veto1]:730.827 [Veto2]:740.069 [Veto3]:534.653 [Veto4]:534.653 [SgUp1]:57895 [SgUp2]:57420 [SgUp3]:0 [SgUp4]:0 [SgLow1]:57829 [SgLow2]:57312 [SgLow3]:0 [SgLow4]:0 [NetMuon1]:576166 [NetMuon2]:574773 [NetMuon3]:615833 [NetMuon4]:615833
[Run]:23118 [Site]:1 [Bin]:2250 [FullTime]:3600 [SkipTime]:0 [Veto1]:770.124 [Veto2]:748.158 [Veto3]:533.963 [Veto4]:533.963 [SgUp1]:57074 [SgUp2]:57363 [SgUp3]:0 [SgUp4]:0 [SgLow1]:56958 [SgLow2]:57268 [SgLow3]:0 [SgLow4]:0 [NetMuon1]:567493 [NetMuon2]:571717 [NetMuon3]:614959 [NetMuon4]:614959
[Run]:23118 [Site]:1 [Bin]:2251 [FullTime]:3600 [SkipTime]:0 [Veto1]:754.051 [Veto2]:764.824 [Veto3]:535.131 [Veto4]:535.131 [SgUp1]:57675 [SgUp2]:57106 [SgUp3]:0 [SgUp4]:0 [SgLow1]:57552 [SgLow2]:57006 [SgLow3]:0 [SgLow4]:0 [NetMuon1]:572590 [NetMuon2]:570790 [NetMuon3]:616754 [NetMuon4]:616754
[Run]:23118 [Site]:1 [Bin]:2252 [FullTime]:3600 [SkipTime]:0 [Veto1]:716.858 [Veto2]:739.575 [Veto3]:533.271 [Veto4]:533.271 [SgUp1]:58574 [SgUp2]:57603 [SgUp3]:0 [SgUp4]:0 [SgLow1]:58454 [SgLow2]:57492 [SgLow3]:0 [SgLow4]:0 [NetMuon1]:577904 [NetMuon2]:573487 [NetMuon3]:614304 [NetMuon4]:614304
[Run]:23118 [Site]:1 [Bin]:2253 [FullTime]:3600 [SkipTime]:0 [Veto1]:755.253 [Veto2]:765.46 [Veto3]:535.135 [Veto4]:535.135 [SgUp1]:57782 [SgUp2]:57327 [SgUp3]:0 [SgUp4]:0 [SgLow1]:57646 [SgLow2]:57203 [SgLow3]:0 [SgLow4]:0 [NetMuon1]:572148 [NetMuon2]:570391 [NetMuon3]:616587 [NetMuon4]:616587
[Run]:23118 [Site]:1 [Bin]:2254 [FullTime]:3600 [SkipTime]:0 [Veto1]:740.76 [Veto2]:744.892 [Veto3]:534.04 [Veto4]:534.04 [SgUp1]:57933 [SgUp2]:57808 [SgUp3]:0 [SgUp4]:0 [SgLow1]:57816 [SgLow2]:57698 [SgLow3]:0 [SgLow4]:0 [NetMuon1]:574215 [NetMuon2]:573117 [NetMuon3]:615326 [NetMuon4]:615326
[Run]:23118 [Site]:1 [Bin]:2255 [FullTime]:3600.01 [SkipTime]:0 [Veto1]:755.576 [Veto2]:732.48 [Veto3]:534.804 [Veto4]:534.804 [SgUp1]:57496 [SgUp2]:57705 [SgUp3]:0 [SgUp4]:0 [SgLow1]:57392 [SgLow2]:57596 [SgLow3]:0 [SgLow4]:0 [NetMuon1]:571428 [NetMuon2]:576308 [NetMuon3]:615955 [NetMuon4]:615955
End process Run: 23118 ... 
[Run]:23118 [Site]:1 [Bin]:2256 [FullTime]:3277.42 [SkipTime]:0 [Veto1]:691.014 [Veto2]:674.85 [Veto3]:486.291 [Veto4]:486.291
