StreamChain add 0xe87f7f0
Start to process run: 23503 ... 
[Run]:23503 [Site]:1 [Bin]:2570 [FullTime]:2532.37 [SkipTime]:0 [Veto1]:525.974 [Veto2]:522 [Veto3]:376.947 [Veto4]:376.947 [SgUp1]:40231 [SgUp2]:40361 [SgUp3]:0 [SgUp4]:0 [SgLow1]:40159 [SgLow2]:40299 [SgLow3]:0 [SgLow4]:0 [NetMuon1]:404209 [NetMuon2]:404787 [NetMuon3]:434153 [NetMuon4]:434153
[Run]:23503 [Site]:1 [Bin]:2571 [FullTime]:3600 [SkipTime]:0 [Veto1]:749.097 [Veto2]:758.132 [Veto3]:535.356 [Veto4]:535.356 [SgUp1]:57859 [SgUp2]:57268 [SgUp3]:0 [SgUp4]:0 [SgLow1]:57795 [SgLow2]:57202 [SgLow3]:0 [SgLow4]:0 [NetMuon1]:573461 [NetMuon2]:571703 [NetMuon3]:616244 [NetMuon4]:616244
[Run]:23503 [Site]:1 [Bin]:2572 [FullTime]:3600 [SkipTime]:0 [Veto1]:743.281 [Veto2]:730.729 [Veto3]:535.536 [Veto4]:535.536 [SgUp1]:58299 [SgUp2]:57676 [SgUp3]:0 [SgUp4]:0 [SgLow1]:58196 [SgLow2]:57585 [SgLow3]:0 [SgLow4]:0 [NetMuon1]:575022 [NetMuon2]:577125 [NetMuon3]:616757 [NetMuon4]:616757
[Run]:23503 [Site]:1 [Bin]:2573 [FullTime]:3600 [SkipTime]:0 [Veto1]:745.042 [Veto2]:766.517 [Veto3]:535.522 [Veto4]:535.522 [SgUp1]:58025 [SgUp2]:56055 [SgUp3]:0 [SgUp4]:0 [SgLow1]:57932 [SgLow2]:55980 [SgLow3]:0 [SgLow4]:0 [NetMuon1]:574482 [NetMuon2]:570290 [NetMuon3]:616916 [NetMuon4]:616916
[Run]:23503 [Site]:1 [Bin]:2574 [FullTime]:3600 [SkipTime]:0 [Veto1]:737.713 [Veto2]:757.777 [Veto3]:535.565 [Veto4]:535.565 [SgUp1]:57684 [SgUp2]:56502 [SgUp3]:0 [SgUp4]:0 [SgLow1]:57618 [SgLow2]:56392 [SgLow3]:0 [SgLow4]:0 [NetMuon1]:576504 [NetMuon2]:572316 [NetMuon3]:616898 [NetMuon4]:616898
[Run]:23503 [Site]:1 [Bin]:2575 [FullTime]:3600 [SkipTime]:0 [Veto1]:745.422 [Veto2]:753.563 [Veto3]:535.306 [Veto4]:535.306 [SgUp1]:58041 [SgUp2]:56822 [SgUp3]:0 [SgUp4]:0 [SgLow1]:57955 [SgLow2]:56741 [SgLow3]:0 [SgLow4]:0 [NetMuon1]:574373 [NetMuon2]:572458 [NetMuon3]:616498 [NetMuon4]:616498
[Run]:23503 [Site]:1 [Bin]:2576 [FullTime]:3600 [SkipTime]:0 [Veto1]:746.201 [Veto2]:746.782 [Veto3]:535.958 [Veto4]:535.958 [SgUp1]:57752 [SgUp2]:56682 [SgUp3]:0 [SgUp4]:0 [SgLow1]:57656 [SgLow2]:56607 [SgLow3]:0 [SgLow4]:0 [NetMuon1]:574695 [NetMuon2]:574476 [NetMuon3]:617138 [NetMuon4]:617138
[Run]:23503 [Site]:1 [Bin]:2577 [FullTime]:3600 [SkipTime]:0 [Veto1]:730.288 [Veto2]:741.69 [Veto3]:536.066 [Veto4]:536.066 [SgUp1]:58088 [SgUp2]:56965 [SgUp3]:0 [SgUp4]:0 [SgLow1]:58000 [SgLow2]:56880 [SgLow3]:0 [SgLow4]:0 [NetMuon1]:578125 [NetMuon2]:576041 [NetMuon3]:617361 [NetMuon4]:617361
[Run]:23503 [Site]:1 [Bin]:2578 [FullTime]:3600 [SkipTime]:0 [Veto1]:736.332 [Veto2]:758.428 [Veto3]:534.9 [Veto4]:534.9 [SgUp1]:58466 [SgUp2]:56335 [SgUp3]:0 [SgUp4]:0 [SgLow1]:58381 [SgLow2]:56242 [SgLow3]:0 [SgLow4]:0 [NetMuon1]:575756 [NetMuon2]:571039 [NetMuon3]:616115 [NetMuon4]:616115
[Run]:23503 [Site]:1 [Bin]:2579 [FullTime]:3599.99 [SkipTime]:0 [Veto1]:761.915 [Veto2]:754.598 [Veto3]:534.408 [Veto4]:534.408 [SgUp1]:57702 [SgUp2]:56772 [SgUp3]:0 [SgUp4]:0 [SgLow1]:57625 [SgLow2]:56694 [SgLow3]:0 [SgLow4]:0 [NetMuon1]:570291 [NetMuon2]:571268 [NetMuon3]:615792 [NetMuon4]:615792
[Run]:23503 [Site]:1 [Bin]:2580 [FullTime]:3600 [SkipTime]:0 [Veto1]:739.761 [Veto2]:759.984 [Veto3]:534.8 [Veto4]:534.8 [SgUp1]:58253 [SgUp2]:56651 [SgUp3]:0 [SgUp4]:0 [SgLow1]:58169 [SgLow2]:56568 [SgLow3]:0 [SgLow4]:0 [NetMuon1]:574782 [NetMuon2]:570454 [NetMuon3]:615753 [NetMuon4]:615753
[Run]:23503 [Site]:1 [Bin]:2581 [FullTime]:3600 [SkipTime]:0 [Veto1]:753.844 [Veto2]:770.633 [Veto3]:535.83 [Veto4]:535.83 [SgUp1]:58210 [SgUp2]:57057 [SgUp3]:0 [SgUp4]:0 [SgLow1]:58125 [SgLow2]:56973 [SgLow3]:0 [SgLow4]:0 [NetMuon1]:573313 [NetMuon2]:569935 [NetMuon3]:616980 [NetMuon4]:616980
[Run]:23503 [Site]:1 [Bin]:2582 [FullTime]:3600 [SkipTime]:0 [Veto1]:735.612 [Veto2]:731.975 [Veto3]:534.205 [Veto4]:534.205 [SgUp1]:57960 [SgUp2]:57580 [SgUp3]:0 [SgUp4]:0 [SgLow1]:57856 [SgLow2]:57508 [SgLow3]:0 [SgLow4]:0 [NetMuon1]:575043 [NetMuon2]:575899 [NetMuon3]:615491 [NetMuon4]:615491
[Run]:23503 [Site]:1 [Bin]:2583 [FullTime]:3600 [SkipTime]:0 [Veto1]:721.226 [Veto2]:787.4 [Veto3]:535.552 [Veto4]:535.552 [SgUp1]:58511 [SgUp2]:55848 [SgUp3]:0 [SgUp4]:0 [SgLow1]:58426 [SgLow2]:55780 [SgLow3]:0 [SgLow4]:0 [NetMuon1]:579403 [NetMuon2]:565938 [NetMuon3]:616825 [NetMuon4]:616825
[Run]:23503 [Site]:1 [Bin]:2584 [FullTime]:3600 [SkipTime]:0 [Veto1]:738.222 [Veto2]:742.698 [Veto3]:534.293 [Veto4]:534.293 [SgUp1]:58176 [SgUp2]:57184 [SgUp3]:0 [SgUp4]:0 [SgLow1]:58103 [SgLow2]:57096 [SgLow3]:0 [SgLow4]:0 [NetMuon1]:574444 [NetMuon2]:573609 [NetMuon3]:615355 [NetMuon4]:615355
[Run]:23503 [Site]:1 [Bin]:2585 [FullTime]:3600 [SkipTime]:0 [Veto1]:763.08 [Veto2]:754.716 [Veto3]:534.526 [Veto4]:534.526 [SgUp1]:57805 [SgUp2]:57049 [SgUp3]:0 [SgUp4]:0 [SgLow1]:57726 [SgLow2]:56988 [SgLow3]:0 [SgLow4]:0 [NetMuon1]:570048 [NetMuon2]:571647 [NetMuon3]:615990 [NetMuon4]:615990
[Run]:23503 [Site]:1 [Bin]:2586 [FullTime]:3600 [SkipTime]:0 [Veto1]:769.421 [Veto2]:746.21 [Veto3]:534.595 [Veto4]:534.595 [SgUp1]:57591 [SgUp2]:57159 [SgUp3]:0 [SgUp4]:0 [SgLow1]:57511 [SgLow2]:57086 [SgLow3]:0 [SgLow4]:0 [NetMuon1]:568419 [NetMuon2]:573512 [NetMuon3]:615866 [NetMuon4]:615866
[Run]:23503 [Site]:1 [Bin]:2587 [FullTime]:3600 [SkipTime]:0 [Veto1]:747.446 [Veto2]:734.404 [Veto3]:534.062 [Veto4]:534.062 [SgUp1]:58551 [SgUp2]:57278 [SgUp3]:0 [SgUp4]:0 [SgLow1]:58462 [SgLow2]:57221 [SgLow3]:0 [SgLow4]:0 [NetMuon1]:572118 [NetMuon2]:574998 [NetMuon3]:615257 [NetMuon4]:615257
[Run]:23503 [Site]:1 [Bin]:2588 [FullTime]:3600 [SkipTime]:0 [Veto1]:746.273 [Veto2]:766.365 [Veto3]:534.636 [Veto4]:534.636 [SgUp1]:58596 [SgUp2]:56524 [SgUp3]:0 [SgUp4]:0 [SgLow1]:58508 [SgLow2]:56432 [SgLow3]:0 [SgLow4]:0 [NetMuon1]:573315 [NetMuon2]:569382 [NetMuon3]:615846 [NetMuon4]:615846
[Run]:23503 [Site]:1 [Bin]:2589 [FullTime]:3600 [SkipTime]:0 [Veto1]:740.842 [Veto2]:742.638 [Veto3]:534.707 [Veto4]:534.707 [SgUp1]:58213 [SgUp2]:57895 [SgUp3]:0 [SgUp4]:0 [SgLow1]:58123 [SgLow2]:57803 [SgLow3]:0 [SgLow4]:0 [NetMuon1]:574716 [NetMuon2]:574298 [NetMuon3]:615986 [NetMuon4]:615986
[Run]:23503 [Site]:1 [Bin]:2590 [FullTime]:3600 [SkipTime]:0 [Veto1]:751.491 [Veto2]:778.352 [Veto3]:534.658 [Veto4]:534.658 [SgUp1]:57841 [SgUp2]:56163 [SgUp3]:0 [SgUp4]:0 [SgLow1]:57762 [SgLow2]:56094 [SgLow3]:0 [SgLow4]:0 [NetMuon1]:572415 [NetMuon2]:567321 [NetMuon3]:616173 [NetMuon4]:616173
[Run]:23503 [Site]:1 [Bin]:2591 [FullTime]:3600 [SkipTime]:0 [Veto1]:741.554 [Veto2]:754.528 [Veto3]:535.364 [Veto4]:535.364 [SgUp1]:58376 [SgUp2]:57030 [SgUp3]:0 [SgUp4]:0 [SgLow1]:58316 [SgLow2]:56953 [SgLow3]:0 [SgLow4]:0 [NetMuon1]:575125 [NetMuon2]:572497 [NetMuon3]:616765 [NetMuon4]:616765
[Run]:23503 [Site]:1 [Bin]:2592 [FullTime]:3600 [SkipTime]:0 [Veto1]:756.797 [Veto2]:764.335 [Veto3]:535.388 [Veto4]:535.388 [SgUp1]:58218 [SgUp2]:56897 [SgUp3]:0 [SgUp4]:0 [SgLow1]:58139 [SgLow2]:56826 [SgLow3]:0 [SgLow4]:0 [NetMuon1]:572282 [NetMuon2]:570763 [NetMuon3]:616713 [NetMuon4]:616713
End process Run: 23503 ... 
[Run]:23503 [Site]:1 [Bin]:2593 [FullTime]:282.278 [SkipTime]:0 [Veto1]:57.3522 [Veto2]:56.5365 [Veto3]:41.8884 [Veto4]:41.8884
