StreamChain add 0x12f057f0
Start to process run: 23508 ... 
[Run]:23508 [Site]:1 [Bin]:2593 [FullTime]:2997.48 [SkipTime]:0 [Veto1]:617.013 [Veto2]:639.488 [Veto3]:444.484 [Veto4]:444.484 [SgUp1]:48793 [SgUp2]:48152 [SgUp3]:0 [SgUp4]:0 [SgLow1]:48730 [SgLow2]:48085 [SgLow3]:0 [SgLow4]:0 [NetMuon1]:477442 [NetMuon2]:473131 [NetMuon3]:511919 [NetMuon4]:511919
[Run]:23508 [Site]:1 [Bin]:2594 [FullTime]:3600 [SkipTime]:0 [Veto1]:751.719 [Veto2]:752.129 [Veto3]:535.311 [Veto4]:535.311 [SgUp1]:58136 [SgUp2]:57759 [SgUp3]:0 [SgUp4]:0 [SgLow1]:58025 [SgLow2]:57677 [SgLow3]:0 [SgLow4]:0 [NetMuon1]:573019 [NetMuon2]:572947 [NetMuon3]:616518 [NetMuon4]:616518
[Run]:23508 [Site]:1 [Bin]:2595 [FullTime]:3600 [SkipTime]:0 [Veto1]:744.174 [Veto2]:754.217 [Veto3]:535.401 [Veto4]:535.401 [SgUp1]:57947 [SgUp2]:58340 [SgUp3]:0 [SgUp4]:0 [SgLow1]:57853 [SgLow2]:58261 [SgLow3]:0 [SgLow4]:0 [NetMuon1]:574574 [NetMuon2]:572401 [NetMuon3]:616553 [NetMuon4]:616553
[Run]:23508 [Site]:1 [Bin]:2596 [FullTime]:3600 [SkipTime]:0 [Veto1]:760.058 [Veto2]:761.932 [Veto3]:534.189 [Veto4]:534.189 [SgUp1]:57897 [SgUp2]:57679 [SgUp3]:0 [SgUp4]:0 [SgLow1]:57801 [SgLow2]:57602 [SgLow3]:0 [SgLow4]:0 [NetMuon1]:570126 [NetMuon2]:569819 [NetMuon3]:615418 [NetMuon4]:615418
[Run]:23508 [Site]:1 [Bin]:2597 [FullTime]:3600 [SkipTime]:0 [Veto1]:739.304 [Veto2]:742.439 [Veto3]:535.623 [Veto4]:535.623 [SgUp1]:57888 [SgUp2]:57504 [SgUp3]:0 [SgUp4]:0 [SgLow1]:57797 [SgLow2]:57424 [SgLow3]:0 [SgLow4]:0 [NetMuon1]:575952 [NetMuon2]:575584 [NetMuon3]:617071 [NetMuon4]:617071
[Run]:23508 [Site]:1 [Bin]:2598 [FullTime]:3600 [SkipTime]:0 [Veto1]:760.383 [Veto2]:754.494 [Veto3]:535.318 [Veto4]:535.318 [SgUp1]:57346 [SgUp2]:57463 [SgUp3]:0 [SgUp4]:0 [SgLow1]:57270 [SgLow2]:57376 [SgLow3]:0 [SgLow4]:0 [NetMuon1]:571701 [NetMuon2]:572531 [NetMuon3]:616678 [NetMuon4]:616678
[Run]:23508 [Site]:1 [Bin]:2599 [FullTime]:3600 [SkipTime]:0 [Veto1]:727.738 [Veto2]:753.421 [Veto3]:535.06 [Veto4]:535.06 [SgUp1]:58294 [SgUp2]:57885 [SgUp3]:0 [SgUp4]:0 [SgLow1]:58214 [SgLow2]:57819 [SgLow3]:0 [SgLow4]:0 [NetMuon1]:577440 [NetMuon2]:572185 [NetMuon3]:616207 [NetMuon4]:616207
[Run]:23508 [Site]:1 [Bin]:2600 [FullTime]:3600 [SkipTime]:0 [Veto1]:725.726 [Veto2]:765.966 [Veto3]:535.68 [Veto4]:535.68 [SgUp1]:58476 [SgUp2]:57459 [SgUp3]:0 [SgUp4]:0 [SgLow1]:58414 [SgLow2]:57392 [SgLow3]:0 [SgLow4]:0 [NetMuon1]:578548 [NetMuon2]:570511 [NetMuon3]:617011 [NetMuon4]:617011
[Run]:23508 [Site]:1 [Bin]:2601 [FullTime]:3600 [SkipTime]:0 [Veto1]:747.422 [Veto2]:764.661 [Veto3]:535.589 [Veto4]:535.589 [SgUp1]:58242 [SgUp2]:57339 [SgUp3]:0 [SgUp4]:0 [SgLow1]:58156 [SgLow2]:57247 [SgLow3]:0 [SgLow4]:0 [NetMuon1]:574294 [NetMuon2]:571037 [NetMuon3]:616911 [NetMuon4]:616911
[Run]:23508 [Site]:1 [Bin]:2602 [FullTime]:3600 [SkipTime]:0 [Veto1]:759.218 [Veto2]:764.476 [Veto3]:536.045 [Veto4]:536.045 [SgUp1]:58038 [SgUp2]:57721 [SgUp3]:0 [SgUp4]:0 [SgLow1]:57943 [SgLow2]:57623 [SgLow3]:0 [SgLow4]:0 [NetMuon1]:572313 [NetMuon2]:571197 [NetMuon3]:617246 [NetMuon4]:617246
[Run]:23508 [Site]:1 [Bin]:2603 [FullTime]:3600 [SkipTime]:0 [Veto1]:737.65 [Veto2]:762.68 [Veto3]:536.321 [Veto4]:536.321 [SgUp1]:58223 [SgUp2]:57601 [SgUp3]:0 [SgUp4]:0 [SgLow1]:58138 [SgLow2]:57508 [SgLow3]:0 [SgLow4]:0 [NetMuon1]:577587 [NetMuon2]:572739 [NetMuon3]:617993 [NetMuon4]:617993
[Run]:23508 [Site]:1 [Bin]:2604 [FullTime]:3600 [SkipTime]:0 [Veto1]:748.267 [Veto2]:764.747 [Veto3]:535.968 [Veto4]:535.968 [SgUp1]:58593 [SgUp2]:56999 [SgUp3]:0 [SgUp4]:0 [SgLow1]:58510 [SgLow2]:56901 [SgLow3]:0 [SgLow4]:0 [NetMuon1]:574678 [NetMuon2]:571371 [NetMuon3]:617263 [NetMuon4]:617263
[Run]:23508 [Site]:1 [Bin]:2605 [FullTime]:3600 [SkipTime]:0 [Veto1]:737.819 [Veto2]:774.357 [Veto3]:535.004 [Veto4]:535.004 [SgUp1]:57864 [SgUp2]:56873 [SgUp3]:0 [SgUp4]:0 [SgLow1]:57767 [SgLow2]:56796 [SgLow3]:0 [SgLow4]:0 [NetMuon1]:575496 [NetMuon2]:567852 [NetMuon3]:615918 [NetMuon4]:615918
[Run]:23508 [Site]:1 [Bin]:2606 [FullTime]:3600 [SkipTime]:0 [Veto1]:740.814 [Veto2]:759.235 [Veto3]:534.808 [Veto4]:534.808 [SgUp1]:57835 [SgUp2]:56743 [SgUp3]:0 [SgUp4]:0 [SgLow1]:57766 [SgLow2]:56656 [SgLow3]:0 [SgLow4]:0 [NetMuon1]:575062 [NetMuon2]:571724 [NetMuon3]:616530 [NetMuon4]:616530
[Run]:23508 [Site]:1 [Bin]:2607 [FullTime]:3600 [SkipTime]:0 [Veto1]:745.793 [Veto2]:769.941 [Veto3]:534.943 [Veto4]:534.943 [SgUp1]:57986 [SgUp2]:56520 [SgUp3]:0 [SgUp4]:0 [SgLow1]:57922 [SgLow2]:56452 [SgLow3]:0 [SgLow4]:0 [NetMuon1]:574127 [NetMuon2]:569204 [NetMuon3]:616341 [NetMuon4]:616341
[Run]:23508 [Site]:1 [Bin]:2608 [FullTime]:3600 [SkipTime]:0 [Veto1]:733.957 [Veto2]:741.137 [Veto3]:534.556 [Veto4]:534.556 [SgUp1]:58784 [SgUp2]:56948 [SgUp3]:0 [SgUp4]:0 [SgLow1]:58703 [SgLow2]:56874 [SgLow3]:0 [SgLow4]:0 [NetMuon1]:575576 [NetMuon2]:574040 [NetMuon3]:615692 [NetMuon4]:615692
[Run]:23508 [Site]:1 [Bin]:2609 [FullTime]:3600 [SkipTime]:0 [Veto1]:755.872 [Veto2]:750.508 [Veto3]:534.245 [Veto4]:534.245 [SgUp1]:57519 [SgUp2]:57131 [SgUp3]:0 [SgUp4]:0 [SgLow1]:57442 [SgLow2]:57061 [SgLow3]:0 [SgLow4]:0 [NetMuon1]:571169 [NetMuon2]:572321 [NetMuon3]:615540 [NetMuon4]:615540
[Run]:23508 [Site]:1 [Bin]:2610 [FullTime]:3600 [SkipTime]:0 [Veto1]:733.07 [Veto2]:764.391 [Veto3]:535.382 [Veto4]:535.382 [SgUp1]:58137 [SgUp2]:57092 [SgUp3]:0 [SgUp4]:0 [SgLow1]:58038 [SgLow2]:57000 [SgLow3]:0 [SgLow4]:0 [NetMuon1]:576722 [NetMuon2]:570835 [NetMuon3]:616661 [NetMuon4]:616661
[Run]:23508 [Site]:1 [Bin]:2611 [FullTime]:3600 [SkipTime]:0 [Veto1]:751.048 [Veto2]:769.812 [Veto3]:534.358 [Veto4]:534.358 [SgUp1]:57823 [SgUp2]:56892 [SgUp3]:0 [SgUp4]:0 [SgLow1]:57758 [SgLow2]:56801 [SgLow3]:0 [SgLow4]:0 [NetMuon1]:572046 [NetMuon2]:568110 [NetMuon3]:615490 [NetMuon4]:615490
[Run]:23508 [Site]:1 [Bin]:2612 [FullTime]:3600 [SkipTime]:0 [Veto1]:728.262 [Veto2]:749.952 [Veto3]:534.644 [Veto4]:534.644 [SgUp1]:57785 [SgUp2]:57044 [SgUp3]:0 [SgUp4]:0 [SgLow1]:57680 [SgLow2]:56971 [SgLow3]:0 [SgLow4]:0 [NetMuon1]:576770 [NetMuon2]:572606 [NetMuon3]:615749 [NetMuon4]:615749
[Run]:23508 [Site]:1 [Bin]:2613 [FullTime]:3600 [SkipTime]:0 [Veto1]:728.624 [Veto2]:758.105 [Veto3]:535.436 [Veto4]:535.436 [SgUp1]:58132 [SgUp2]:57419 [SgUp3]:0 [SgUp4]:0 [SgLow1]:58053 [SgLow2]:57340 [SgLow3]:0 [SgLow4]:0 [NetMuon1]:577553 [NetMuon2]:571954 [NetMuon3]:616723 [NetMuon4]:616723
[Run]:23508 [Site]:1 [Bin]:2614 [FullTime]:3600 [SkipTime]:0 [Veto1]:740.873 [Veto2]:745.543 [Veto3]:533.566 [Veto4]:533.566 [SgUp1]:58321 [SgUp2]:57741 [SgUp3]:0 [SgUp4]:0 [SgLow1]:58230 [SgLow2]:57671 [SgLow3]:0 [SgLow4]:0 [NetMuon1]:573028 [NetMuon2]:572201 [NetMuon3]:614755 [NetMuon4]:614755
[Run]:23508 [Site]:1 [Bin]:2615 [FullTime]:3600 [SkipTime]:0 [Veto1]:763.725 [Veto2]:749.525 [Veto3]:534.996 [Veto4]:534.996 [SgUp1]:57775 [SgUp2]:57497 [SgUp3]:0 [SgUp4]:0 [SgLow1]:57660 [SgLow2]:57421 [SgLow3]:0 [SgLow4]:0 [NetMuon1]:569959 [NetMuon2]:572737 [NetMuon3]:616176 [NetMuon4]:616176
[Run]:23508 [Site]:1 [Bin]:2616 [FullTime]:3600 [SkipTime]:0 [Veto1]:740.403 [Veto2]:742.62 [Veto3]:534.826 [Veto4]:534.826 [SgUp1]:58304 [SgUp2]:57558 [SgUp3]:0 [SgUp4]:0 [SgLow1]:58234 [SgLow2]:57501 [SgLow3]:0 [SgLow4]:0 [NetMuon1]:574874 [NetMuon2]:574375 [NetMuon3]:616108 [NetMuon4]:616108
[Run]:23508 [Site]:1 [Bin]:2617 [FullTime]:3600 [SkipTime]:0 [Veto1]:728.573 [Veto2]:744.096 [Veto3]:534.386 [Veto4]:534.386 [SgUp1]:58512 [SgUp2]:57707 [SgUp3]:0 [SgUp4]:0 [SgLow1]:58428 [SgLow2]:57635 [SgLow3]:0 [SgLow4]:0 [NetMuon1]:576550 [NetMuon2]:573273 [NetMuon3]:615253 [NetMuon4]:615253
[Run]:23508 [Site]:1 [Bin]:2618 [FullTime]:3600 [SkipTime]:0 [Veto1]:747.392 [Veto2]:747.905 [Veto3]:535.314 [Veto4]:535.314 [SgUp1]:58402 [SgUp2]:57242 [SgUp3]:0 [SgUp4]:0 [SgLow1]:58335 [SgLow2]:57169 [SgLow3]:0 [SgLow4]:0 [NetMuon1]:573628 [NetMuon2]:573673 [NetMuon3]:616458 [NetMuon4]:616458
[Run]:23508 [Site]:1 [Bin]:2619 [FullTime]:3600 [SkipTime]:0 [Veto1]:736.152 [Veto2]:758.281 [Veto3]:535.366 [Veto4]:535.366 [SgUp1]:57916 [SgUp2]:56936 [SgUp3]:0 [SgUp4]:0 [SgLow1]:57828 [SgLow2]:56849 [SgLow3]:0 [SgLow4]:0 [NetMuon1]:576754 [NetMuon2]:571965 [NetMuon3]:616970 [NetMuon4]:616970
[Run]:23508 [Site]:1 [Bin]:2620 [FullTime]:3600 [SkipTime]:0 [Veto1]:753.235 [Veto2]:741.67 [Veto3]:535.824 [Veto4]:535.824 [SgUp1]:57434 [SgUp2]:57203 [SgUp3]:0 [SgUp4]:0 [SgLow1]:57354 [SgLow2]:57125 [SgLow3]:0 [SgLow4]:0 [NetMuon1]:573068 [NetMuon2]:575300 [NetMuon3]:617094 [NetMuon4]:617094
[Run]:23508 [Site]:1 [Bin]:2621 [FullTime]:3600 [SkipTime]:0 [Veto1]:753.563 [Veto2]:761.812 [Veto3]:534.864 [Veto4]:534.864 [SgUp1]:57568 [SgUp2]:56461 [SgUp3]:0 [SgUp4]:0 [SgLow1]:57469 [SgLow2]:56399 [SgLow3]:0 [SgLow4]:0 [NetMuon1]:571926 [NetMuon2]:570364 [NetMuon3]:615789 [NetMuon4]:615789
[Run]:23508 [Site]:1 [Bin]:2622 [FullTime]:3600 [SkipTime]:0 [Veto1]:738.731 [Veto2]:743.061 [Veto3]:535.495 [Veto4]:535.495 [SgUp1]:58113 [SgUp2]:57444 [SgUp3]:0 [SgUp4]:0 [SgLow1]:58034 [SgLow2]:57355 [SgLow3]:0 [SgLow4]:0 [NetMuon1]:575869 [NetMuon2]:575201 [NetMuon3]:616714 [NetMuon4]:616714
[Run]:23508 [Site]:1 [Bin]:2623 [FullTime]:3600 [SkipTime]:0 [Veto1]:742.977 [Veto2]:774.339 [Veto3]:535.917 [Veto4]:535.917 [SgUp1]:57716 [SgUp2]:56493 [SgUp3]:0 [SgUp4]:0 [SgLow1]:57621 [SgLow2]:56411 [SgLow3]:0 [SgLow4]:0 [NetMuon1]:575715 [NetMuon2]:569218 [NetMuon3]:617196 [NetMuon4]:617196
[Run]:23508 [Site]:1 [Bin]:2624 [FullTime]:3600 [SkipTime]:0 [Veto1]:755.53 [Veto2]:751.947 [Veto3]:535.489 [Veto4]:535.489 [SgUp1]:57676 [SgUp2]:57690 [SgUp3]:0 [SgUp4]:0 [SgLow1]:57613 [SgLow2]:57621 [SgLow3]:0 [SgLow4]:0 [NetMuon1]:572094 [NetMuon2]:573217 [NetMuon3]:616682 [NetMuon4]:616682
[Run]:23508 [Site]:1 [Bin]:2625 [FullTime]:3600 [SkipTime]:0 [Veto1]:741.22 [Veto2]:746.564 [Veto3]:535.332 [Veto4]:535.332 [SgUp1]:57185 [SgUp2]:57507 [SgUp3]:0 [SgUp4]:0 [SgLow1]:57106 [SgLow2]:57430 [SgLow3]:0 [SgLow4]:0 [NetMuon1]:574990 [NetMuon2]:574493 [NetMuon3]:616826 [NetMuon4]:616826
[Run]:23508 [Site]:1 [Bin]:2626 [FullTime]:3600 [SkipTime]:0 [Veto1]:730.624 [Veto2]:764.143 [Veto3]:535.796 [Veto4]:535.796 [SgUp1]:57373 [SgUp2]:57409 [SgUp3]:0 [SgUp4]:0 [SgLow1]:57297 [SgLow2]:57342 [SgLow3]:0 [SgLow4]:0 [NetMuon1]:577465 [NetMuon2]:570724 [NetMuon3]:616699 [NetMuon4]:616699
[Run]:23508 [Site]:1 [Bin]:2627 [FullTime]:3600 [SkipTime]:0 [Veto1]:759.67 [Veto2]:765.069 [Veto3]:536.682 [Veto4]:536.682 [SgUp1]:57436 [SgUp2]:57008 [SgUp3]:0 [SgUp4]:0 [SgLow1]:57347 [SgLow2]:56934 [SgLow3]:0 [SgLow4]:0 [NetMuon1]:572584 [NetMuon2]:571787 [NetMuon3]:617990 [NetMuon4]:617990
[Run]:23508 [Site]:1 [Bin]:2628 [FullTime]:3600 [SkipTime]:0 [Veto1]:759.651 [Veto2]:751.794 [Veto3]:535.194 [Veto4]:535.194 [SgUp1]:57003 [SgUp2]:57391 [SgUp3]:0 [SgUp4]:0 [SgLow1]:56919 [SgLow2]:57324 [SgLow3]:0 [SgLow4]:0 [NetMuon1]:571259 [NetMuon2]:573014 [NetMuon3]:616262 [NetMuon4]:616262
[Run]:23508 [Site]:1 [Bin]:2629 [FullTime]:3600 [SkipTime]:0 [Veto1]:776.119 [Veto2]:758.32 [Veto3]:535.117 [Veto4]:535.117 [SgUp1]:56470 [SgUp2]:57382 [SgUp3]:0 [SgUp4]:0 [SgLow1]:56402 [SgLow2]:57311 [SgLow3]:0 [SgLow4]:0 [NetMuon1]:568035 [NetMuon2]:571506 [NetMuon3]:616500 [NetMuon4]:616500
[Run]:23508 [Site]:1 [Bin]:2630 [FullTime]:3600 [SkipTime]:0 [Veto1]:752.404 [Veto2]:751.722 [Veto3]:535.18 [Veto4]:535.18 [SgUp1]:56930 [SgUp2]:57447 [SgUp3]:0 [SgUp4]:0 [SgLow1]:56838 [SgLow2]:57353 [SgLow3]:0 [SgLow4]:0 [NetMuon1]:573026 [NetMuon2]:572775 [NetMuon3]:616713 [NetMuon4]:616713
[Run]:23508 [Site]:1 [Bin]:2631 [FullTime]:3600 [SkipTime]:0 [Veto1]:764.169 [Veto2]:749.986 [Veto3]:535.692 [Veto4]:535.692 [SgUp1]:56885 [SgUp2]:57753 [SgUp3]:0 [SgUp4]:0 [SgLow1]:56806 [SgLow2]:57673 [SgLow3]:0 [SgLow4]:0 [NetMuon1]:571026 [NetMuon2]:573868 [NetMuon3]:616975 [NetMuon4]:616975
[Run]:23508 [Site]:1 [Bin]:2632 [FullTime]:3600 [SkipTime]:0 [Veto1]:737.206 [Veto2]:761.485 [Veto3]:534.378 [Veto4]:534.378 [SgUp1]:57796 [SgUp2]:57249 [SgUp3]:0 [SgUp4]:0 [SgLow1]:57731 [SgLow2]:57153 [SgLow3]:0 [SgLow4]:0 [NetMuon1]:574873 [NetMuon2]:569750 [NetMuon3]:615608 [NetMuon4]:615608
[Run]:23508 [Site]:1 [Bin]:2633 [FullTime]:3600 [SkipTime]:0 [Veto1]:736.77 [Veto2]:758.877 [Veto3]:534.789 [Veto4]:534.789 [SgUp1]:57627 [SgUp2]:57390 [SgUp3]:0 [SgUp4]:0 [SgLow1]:57557 [SgLow2]:57309 [SgLow3]:0 [SgLow4]:0 [NetMuon1]:575681 [NetMuon2]:571173 [NetMuon3]:616335 [NetMuon4]:616335
[Run]:23508 [Site]:1 [Bin]:2634 [FullTime]:3600 [SkipTime]:0 [Veto1]:734.217 [Veto2]:772.686 [Veto3]:533.848 [Veto4]:533.848 [SgUp1]:57553 [SgUp2]:56942 [SgUp3]:0 [SgUp4]:0 [SgLow1]:57489 [SgLow2]:56864 [SgLow3]:0 [SgLow4]:0 [NetMuon1]:574677 [NetMuon2]:566839 [NetMuon3]:614802 [NetMuon4]:614802
[Run]:23508 [Site]:1 [Bin]:2635 [FullTime]:3600 [SkipTime]:0 [Veto1]:755.09 [Veto2]:743.313 [Veto3]:535.254 [Veto4]:535.254 [SgUp1]:57216 [SgUp2]:57559 [SgUp3]:0 [SgUp4]:0 [SgLow1]:57140 [SgLow2]:57481 [SgLow3]:0 [SgLow4]:0 [NetMuon1]:572337 [NetMuon2]:575029 [NetMuon3]:616774 [NetMuon4]:616774
[Run]:23508 [Site]:1 [Bin]:2636 [FullTime]:3600 [SkipTime]:0 [Veto1]:729.511 [Veto2]:748.739 [Veto3]:534.742 [Veto4]:534.742 [SgUp1]:57885 [SgUp2]:56614 [SgUp3]:0 [SgUp4]:0 [SgLow1]:57799 [SgLow2]:56512 [SgLow3]:0 [SgLow4]:0 [NetMuon1]:576767 [NetMuon2]:572868 [NetMuon3]:615826 [NetMuon4]:615826
[Run]:23508 [Site]:1 [Bin]:2637 [FullTime]:3600 [SkipTime]:0 [Veto1]:737.793 [Veto2]:747.017 [Veto3]:534.797 [Veto4]:534.797 [SgUp1]:57560 [SgUp2]:56990 [SgUp3]:0 [SgUp4]:0 [SgLow1]:57461 [SgLow2]:56919 [SgLow3]:0 [SgLow4]:0 [NetMuon1]:575082 [NetMuon2]:573464 [NetMuon3]:616025 [NetMuon4]:616025
[Run]:23508 [Site]:1 [Bin]:2638 [FullTime]:3600 [SkipTime]:0 [Veto1]:725.171 [Veto2]:752.961 [Veto3]:535.706 [Veto4]:535.706 [SgUp1]:57973 [SgUp2]:56928 [SgUp3]:0 [SgUp4]:0 [SgLow1]:57883 [SgLow2]:56844 [SgLow3]:0 [SgLow4]:0 [NetMuon1]:578870 [NetMuon2]:573069 [NetMuon3]:617147 [NetMuon4]:617147
[Run]:23508 [Site]:1 [Bin]:2639 [FullTime]:3600 [SkipTime]:0 [Veto1]:709.413 [Veto2]:755.551 [Veto3]:534.743 [Veto4]:534.743 [SgUp1]:58171 [SgUp2]:56976 [SgUp3]:0 [SgUp4]:0 [SgLow1]:58093 [SgLow2]:56873 [SgLow3]:0 [SgLow4]:0 [NetMuon1]:580694 [NetMuon2]:571226 [NetMuon3]:615967 [NetMuon4]:615967
End process Run: 23508 ... 
[Run]:23508 [Site]:1 [Bin]:2640 [FullTime]:3463.2 [SkipTime]:0 [Veto1]:726.601 [Veto2]:707.104 [Veto3]:516.245 [Veto4]:516.245
