StreamChain add 0x58287f0
Start to process run: 23632 ... 
[Run]:23632 [Site]:1 [Bin]:2713 [FullTime]:3318.28 [SkipTime]:0 [Veto1]:693.275 [Veto2]:708.236 [Veto3]:492.695 [Veto4]:492.695 [SgUp1]:53260 [SgUp2]:52129 [SgUp3]:0 [SgUp4]:0 [SgLow1]:53182 [SgLow2]:52066 [SgLow3]:0 [SgLow4]:0 [NetMuon1]:526945 [NetMuon2]:523994 [NetMuon3]:567283 [NetMuon4]:567283
[Run]:23632 [Site]:1 [Bin]:2714 [FullTime]:3600 [SkipTime]:0 [Veto1]:748.893 [Veto2]:747.472 [Veto3]:536.441 [Veto4]:536.441 [SgUp1]:57841 [SgUp2]:56765 [SgUp3]:0 [SgUp4]:0 [SgLow1]:57764 [SgLow2]:56699 [SgLow3]:0 [SgLow4]:0 [NetMuon1]:574809 [NetMuon2]:574973 [NetMuon3]:617854 [NetMuon4]:617854
[Run]:23632 [Site]:1 [Bin]:2715 [FullTime]:3600 [SkipTime]:0 [Veto1]:737.305 [Veto2]:755.263 [Veto3]:536.005 [Veto4]:536.005 [SgUp1]:57857 [SgUp2]:56804 [SgUp3]:0 [SgUp4]:0 [SgLow1]:57789 [SgLow2]:56718 [SgLow3]:0 [SgLow4]:0 [NetMuon1]:576929 [NetMuon2]:573306 [NetMuon3]:617216 [NetMuon4]:617216
[Run]:23632 [Site]:1 [Bin]:2716 [FullTime]:3600 [SkipTime]:0 [Veto1]:750.471 [Veto2]:772.102 [Veto3]:535.121 [Veto4]:535.121 [SgUp1]:57582 [SgUp2]:56542 [SgUp3]:0 [SgUp4]:0 [SgLow1]:57507 [SgLow2]:56459 [SgLow3]:0 [SgLow4]:0 [NetMuon1]:572560 [NetMuon2]:568507 [NetMuon3]:616199 [NetMuon4]:616199
[Run]:23632 [Site]:1 [Bin]:2717 [FullTime]:3600 [SkipTime]:0 [Veto1]:756.751 [Veto2]:747.408 [Veto3]:536.276 [Veto4]:536.276 [SgUp1]:57811 [SgUp2]:57004 [SgUp3]:0 [SgUp4]:0 [SgLow1]:57710 [SgLow2]:56937 [SgLow3]:0 [SgLow4]:0 [NetMuon1]:573470 [NetMuon2]:575056 [NetMuon3]:617631 [NetMuon4]:617631
[Run]:23632 [Site]:1 [Bin]:2718 [FullTime]:3600 [SkipTime]:0 [Veto1]:736.102 [Veto2]:766.288 [Veto3]:535.893 [Veto4]:535.893 [SgUp1]:57824 [SgUp2]:56822 [SgUp3]:0 [SgUp4]:0 [SgLow1]:57731 [SgLow2]:56736 [SgLow3]:0 [SgLow4]:0 [NetMuon1]:577054 [NetMuon2]:570932 [NetMuon3]:617325 [NetMuon4]:617325
[Run]:23632 [Site]:1 [Bin]:2719 [FullTime]:3600 [SkipTime]:0 [Veto1]:750.926 [Veto2]:757.58 [Veto3]:537.272 [Veto4]:537.272 [SgUp1]:57437 [SgUp2]:56729 [SgUp3]:0 [SgUp4]:0 [SgLow1]:57362 [SgLow2]:56648 [SgLow3]:0 [SgLow4]:0 [NetMuon1]:575441 [NetMuon2]:574083 [NetMuon3]:618488 [NetMuon4]:618488
[Run]:23632 [Site]:1 [Bin]:2720 [FullTime]:3600 [SkipTime]:0 [Veto1]:732.853 [Veto2]:743.685 [Veto3]:535.888 [Veto4]:535.888 [SgUp1]:57865 [SgUp2]:57114 [SgUp3]:0 [SgUp4]:0 [SgLow1]:57793 [SgLow2]:57057 [SgLow3]:0 [SgLow4]:0 [NetMuon1]:577764 [NetMuon2]:575350 [NetMuon3]:617463 [NetMuon4]:617463
[Run]:23632 [Site]:1 [Bin]:2721 [FullTime]:3600 [SkipTime]:0 [Veto1]:754.44 [Veto2]:758.006 [Veto3]:537.185 [Veto4]:537.185 [SgUp1]:57486 [SgUp2]:56540 [SgUp3]:0 [SgUp4]:0 [SgLow1]:57392 [SgLow2]:56462 [SgLow3]:0 [SgLow4]:0 [NetMuon1]:574767 [NetMuon2]:573812 [NetMuon3]:618353 [NetMuon4]:618353
[Run]:23632 [Site]:1 [Bin]:2722 [FullTime]:3600 [SkipTime]:0 [Veto1]:753.977 [Veto2]:743.388 [Veto3]:536.097 [Veto4]:536.097 [SgUp1]:57581 [SgUp2]:56926 [SgUp3]:0 [SgUp4]:0 [SgLow1]:57509 [SgLow2]:56839 [SgLow3]:0 [SgLow4]:0 [NetMuon1]:573368 [NetMuon2]:575616 [NetMuon3]:617577 [NetMuon4]:617577
[Run]:23632 [Site]:1 [Bin]:2723 [FullTime]:3600 [SkipTime]:0 [Veto1]:752.279 [Veto2]:741.746 [Veto3]:535.886 [Veto4]:535.886 [SgUp1]:57472 [SgUp2]:57142 [SgUp3]:0 [SgUp4]:0 [SgLow1]:57380 [SgLow2]:57065 [SgLow3]:0 [SgLow4]:0 [NetMuon1]:573856 [NetMuon2]:575796 [NetMuon3]:617151 [NetMuon4]:617151
[Run]:23632 [Site]:1 [Bin]:2724 [FullTime]:3600 [SkipTime]:0 [Veto1]:737.342 [Veto2]:758.695 [Veto3]:537.121 [Veto4]:537.121 [SgUp1]:57941 [SgUp2]:57180 [SgUp3]:0 [SgUp4]:0 [SgLow1]:57859 [SgLow2]:57090 [SgLow3]:0 [SgLow4]:0 [NetMuon1]:577960 [NetMuon2]:573620 [NetMuon3]:618430 [NetMuon4]:618430
[Run]:23632 [Site]:1 [Bin]:2725 [FullTime]:3600 [SkipTime]:0 [Veto1]:742.269 [Veto2]:731.094 [Veto3]:535.747 [Veto4]:535.747 [SgUp1]:57987 [SgUp2]:57794 [SgUp3]:0 [SgUp4]:0 [SgLow1]:57899 [SgLow2]:57714 [SgLow3]:0 [SgLow4]:0 [NetMuon1]:575646 [NetMuon2]:577868 [NetMuon3]:617166 [NetMuon4]:617166
[Run]:23632 [Site]:1 [Bin]:2726 [FullTime]:3600 [SkipTime]:0 [Veto1]:765.289 [Veto2]:747.703 [Veto3]:534.928 [Veto4]:534.928 [SgUp1]:57376 [SgUp2]:57242 [SgUp3]:0 [SgUp4]:0 [SgLow1]:57297 [SgLow2]:57179 [SgLow3]:0 [SgLow4]:0 [NetMuon1]:570474 [NetMuon2]:573475 [NetMuon3]:616324 [NetMuon4]:616324
[Run]:23632 [Site]:1 [Bin]:2727 [FullTime]:3600 [SkipTime]:0 [Veto1]:753.302 [Veto2]:738.074 [Veto3]:534.797 [Veto4]:534.797 [SgUp1]:57311 [SgUp2]:57900 [SgUp3]:0 [SgUp4]:0 [SgLow1]:57233 [SgLow2]:57822 [SgLow3]:0 [SgLow4]:0 [NetMuon1]:571706 [NetMuon2]:574759 [NetMuon3]:615675 [NetMuon4]:615675
[Run]:23632 [Site]:1 [Bin]:2728 [FullTime]:3600 [SkipTime]:0 [Veto1]:737.463 [Veto2]:750.744 [Veto3]:535.186 [Veto4]:535.186 [SgUp1]:57804 [SgUp2]:57330 [SgUp3]:0 [SgUp4]:0 [SgLow1]:57709 [SgLow2]:57245 [SgLow3]:0 [SgLow4]:0 [NetMuon1]:575406 [NetMuon2]:572984 [NetMuon3]:616344 [NetMuon4]:616344
[Run]:23632 [Site]:1 [Bin]:2729 [FullTime]:3600 [SkipTime]:0 [Veto1]:741.21 [Veto2]:762.254 [Veto3]:535.287 [Veto4]:535.287 [SgUp1]:58114 [SgUp2]:57414 [SgUp3]:0 [SgUp4]:0 [SgLow1]:58023 [SgLow2]:57340 [SgLow3]:0 [SgLow4]:0 [NetMuon1]:575212 [NetMuon2]:570836 [NetMuon3]:616602 [NetMuon4]:616602
[Run]:23632 [Site]:1 [Bin]:2730 [FullTime]:3600 [SkipTime]:0 [Veto1]:751.722 [Veto2]:745.659 [Veto3]:536.293 [Veto4]:536.293 [SgUp1]:57394 [SgUp2]:57663 [SgUp3]:0 [SgUp4]:0 [SgLow1]:57324 [SgLow2]:57579 [SgLow3]:0 [SgLow4]:0 [NetMuon1]:573957 [NetMuon2]:575343 [NetMuon3]:617690 [NetMuon4]:617690
[Run]:23632 [Site]:1 [Bin]:2731 [FullTime]:3600 [SkipTime]:0 [Veto1]:748.906 [Veto2]:763.978 [Veto3]:536.62 [Veto4]:536.62 [SgUp1]:57398 [SgUp2]:57571 [SgUp3]:0 [SgUp4]:0 [SgLow1]:57307 [SgLow2]:57462 [SgLow3]:0 [SgLow4]:0 [NetMuon1]:575518 [NetMuon2]:572145 [NetMuon3]:617879 [NetMuon4]:617879
[Run]:23632 [Site]:1 [Bin]:2732 [FullTime]:3600 [SkipTime]:0 [Veto1]:747.411 [Veto2]:752.148 [Veto3]:534.933 [Veto4]:534.933 [SgUp1]:57194 [SgUp2]:57035 [SgUp3]:0 [SgUp4]:0 [SgLow1]:57094 [SgLow2]:56943 [SgLow3]:0 [SgLow4]:0 [NetMuon1]:573087 [NetMuon2]:571928 [NetMuon3]:615678 [NetMuon4]:615678
[Run]:23632 [Site]:1 [Bin]:2733 [FullTime]:3600 [SkipTime]:0 [Veto1]:742.28 [Veto2]:735.928 [Veto3]:535.067 [Veto4]:535.067 [SgUp1]:57496 [SgUp2]:57572 [SgUp3]:0 [SgUp4]:0 [SgLow1]:57438 [SgLow2]:57487 [SgLow3]:0 [SgLow4]:0 [NetMuon1]:574230 [NetMuon2]:575794 [NetMuon3]:616133 [NetMuon4]:616133
[Run]:23632 [Site]:1 [Bin]:2734 [FullTime]:3600 [SkipTime]:0 [Veto1]:731.897 [Veto2]:754.246 [Veto3]:535.916 [Veto4]:535.916 [SgUp1]:57613 [SgUp2]:57073 [SgUp3]:0 [SgUp4]:0 [SgLow1]:57516 [SgLow2]:56985 [SgLow3]:0 [SgLow4]:0 [NetMuon1]:577914 [NetMuon2]:573198 [NetMuon3]:617295 [NetMuon4]:617295
[Run]:23632 [Site]:1 [Bin]:2735 [FullTime]:3600 [SkipTime]:0 [Veto1]:749.049 [Veto2]:766.033 [Veto3]:536.123 [Veto4]:536.123 [SgUp1]:57543 [SgUp2]:56735 [SgUp3]:0 [SgUp4]:0 [SgLow1]:57458 [SgLow2]:56643 [SgLow3]:0 [SgLow4]:0 [NetMuon1]:574291 [NetMuon2]:571112 [NetMuon3]:617176 [NetMuon4]:617176
[Run]:23632 [Site]:1 [Bin]:2736 [FullTime]:3600 [SkipTime]:0 [Veto1]:735.494 [Veto2]:773.221 [Veto3]:536.43 [Veto4]:536.43 [SgUp1]:57617 [SgUp2]:56407 [SgUp3]:0 [SgUp4]:0 [SgLow1]:57533 [SgLow2]:56311 [SgLow3]:0 [SgLow4]:0 [NetMuon1]:577894 [NetMuon2]:569803 [NetMuon3]:617717 [NetMuon4]:617717
[Run]:23632 [Site]:1 [Bin]:2737 [FullTime]:3600 [SkipTime]:0 [Veto1]:770.731 [Veto2]:739.073 [Veto3]:536.503 [Veto4]:536.503 [SgUp1]:56404 [SgUp2]:57235 [SgUp3]:0 [SgUp4]:0 [SgLow1]:56335 [SgLow2]:57159 [SgLow3]:0 [SgLow4]:0 [NetMuon1]:570576 [NetMuon2]:577325 [NetMuon3]:617880 [NetMuon4]:617880
[Run]:23632 [Site]:1 [Bin]:2738 [FullTime]:3600 [SkipTime]:0 [Veto1]:735.701 [Veto2]:757.725 [Veto3]:535.347 [Veto4]:535.347 [SgUp1]:57509 [SgUp2]:56443 [SgUp3]:0 [SgUp4]:0 [SgLow1]:57435 [SgLow2]:56362 [SgLow3]:0 [SgLow4]:0 [NetMuon1]:576023 [NetMuon2]:571716 [NetMuon3]:616389 [NetMuon4]:616389
[Run]:23632 [Site]:1 [Bin]:2739 [FullTime]:3600 [SkipTime]:0 [Veto1]:722.301 [Veto2]:772.77 [Veto3]:535.554 [Veto4]:535.554 [SgUp1]:58232 [SgUp2]:56557 [SgUp3]:0 [SgUp4]:0 [SgLow1]:58139 [SgLow2]:56470 [SgLow3]:0 [SgLow4]:0 [NetMuon1]:579720 [NetMuon2]:569238 [NetMuon3]:616970 [NetMuon4]:616970
[Run]:23632 [Site]:1 [Bin]:2740 [FullTime]:3600 [SkipTime]:0 [Veto1]:758.297 [Veto2]:757.509 [Veto3]:535.572 [Veto4]:535.572 [SgUp1]:56978 [SgUp2]:56925 [SgUp3]:0 [SgUp4]:0 [SgLow1]:56912 [SgLow2]:56849 [SgLow3]:0 [SgLow4]:0 [NetMuon1]:571970 [NetMuon2]:572173 [NetMuon3]:616841 [NetMuon4]:616841
[Run]:23632 [Site]:1 [Bin]:2741 [FullTime]:3600 [SkipTime]:0 [Veto1]:754.766 [Veto2]:737.336 [Veto3]:535.911 [Veto4]:535.911 [SgUp1]:57045 [SgUp2]:56886 [SgUp3]:0 [SgUp4]:0 [SgLow1]:56938 [SgLow2]:56808 [SgLow3]:0 [SgLow4]:0 [NetMuon1]:573021 [NetMuon2]:576897 [NetMuon3]:617122 [NetMuon4]:617122
[Run]:23632 [Site]:1 [Bin]:2742 [FullTime]:3600 [SkipTime]:0 [Veto1]:741.524 [Veto2]:742.237 [Veto3]:535.924 [Veto4]:535.924 [SgUp1]:57254 [SgUp2]:56941 [SgUp3]:0 [SgUp4]:0 [SgLow1]:57185 [SgLow2]:56867 [SgLow3]:0 [SgLow4]:0 [NetMuon1]:576162 [NetMuon2]:575954 [NetMuon3]:617444 [NetMuon4]:617444
[Run]:23632 [Site]:1 [Bin]:2743 [FullTime]:3600 [SkipTime]:0 [Veto1]:727.239 [Veto2]:740.445 [Veto3]:536.486 [Veto4]:536.486 [SgUp1]:57434 [SgUp2]:56965 [SgUp3]:0 [SgUp4]:0 [SgLow1]:57358 [SgLow2]:56870 [SgLow3]:0 [SgLow4]:0 [NetMuon1]:579684 [NetMuon2]:577220 [NetMuon3]:617900 [NetMuon4]:617900
[Run]:23632 [Site]:1 [Bin]:2744 [FullTime]:3600 [SkipTime]:0 [Veto1]:739.15 [Veto2]:754.355 [Veto3]:536.594 [Veto4]:536.594 [SgUp1]:57614 [SgUp2]:56886 [SgUp3]:0 [SgUp4]:0 [SgLow1]:57538 [SgLow2]:56822 [SgLow3]:0 [SgLow4]:0 [NetMuon1]:577234 [NetMuon2]:574204 [NetMuon3]:618012 [NetMuon4]:618012
[Run]:23632 [Site]:1 [Bin]:2745 [FullTime]:3600 [SkipTime]:0 [Veto1]:727.956 [Veto2]:747.922 [Veto3]:536.018 [Veto4]:536.018 [SgUp1]:58007 [SgUp2]:56914 [SgUp3]:0 [SgUp4]:0 [SgLow1]:57921 [SgLow2]:56848 [SgLow3]:0 [SgLow4]:0 [NetMuon1]:578725 [NetMuon2]:574630 [NetMuon3]:617318 [NetMuon4]:617318
[Run]:23632 [Site]:1 [Bin]:2746 [FullTime]:3600 [SkipTime]:0 [Veto1]:738.01 [Veto2]:762.677 [Veto3]:536.207 [Veto4]:536.207 [SgUp1]:57652 [SgUp2]:56953 [SgUp3]:0 [SgUp4]:0 [SgLow1]:57576 [SgLow2]:56877 [SgLow3]:0 [SgLow4]:0 [NetMuon1]:576379 [NetMuon2]:571470 [NetMuon3]:617319 [NetMuon4]:617319
[Run]:23632 [Site]:1 [Bin]:2747 [FullTime]:3600 [SkipTime]:0 [Veto1]:755.22 [Veto2]:761.314 [Veto3]:535.692 [Veto4]:535.692 [SgUp1]:57748 [SgUp2]:57109 [SgUp3]:0 [SgUp4]:0 [SgLow1]:57675 [SgLow2]:57016 [SgLow3]:0 [SgLow4]:0 [NetMuon1]:572658 [NetMuon2]:572021 [NetMuon3]:617064 [NetMuon4]:617064
[Run]:23632 [Site]:1 [Bin]:2748 [FullTime]:3600 [SkipTime]:0 [Veto1]:750.428 [Veto2]:756.872 [Veto3]:535.575 [Veto4]:535.575 [SgUp1]:57431 [SgUp2]:56682 [SgUp3]:0 [SgUp4]:0 [SgLow1]:57351 [SgLow2]:56600 [SgLow3]:0 [SgLow4]:0 [NetMuon1]:573793 [NetMuon2]:572658 [NetMuon3]:617037 [NetMuon4]:617037
[Run]:23632 [Site]:1 [Bin]:2749 [FullTime]:3600 [SkipTime]:0 [Veto1]:732.191 [Veto2]:753.38 [Veto3]:535.26 [Veto4]:535.26 [SgUp1]:58185 [SgUp2]:57586 [SgUp3]:0 [SgUp4]:0 [SgLow1]:58094 [SgLow2]:57499 [SgLow3]:0 [SgLow4]:0 [NetMuon1]:576826 [NetMuon2]:572615 [NetMuon3]:616459 [NetMuon4]:616459
[Run]:23632 [Site]:1 [Bin]:2750 [FullTime]:3600 [SkipTime]:0 [Veto1]:733.048 [Veto2]:783.898 [Veto3]:536.512 [Veto4]:536.512 [SgUp1]:58063 [SgUp2]:56362 [SgUp3]:0 [SgUp4]:0 [SgLow1]:57954 [SgLow2]:56284 [SgLow3]:0 [SgLow4]:0 [NetMuon1]:577841 [NetMuon2]:567500 [NetMuon3]:617757 [NetMuon4]:617757
[Run]:23632 [Site]:1 [Bin]:2751 [FullTime]:3600 [SkipTime]:0 [Veto1]:738.021 [Veto2]:743.849 [Veto3]:535.44 [Veto4]:535.44 [SgUp1]:57921 [SgUp2]:57430 [SgUp3]:0 [SgUp4]:0 [SgLow1]:57838 [SgLow2]:57342 [SgLow3]:0 [SgLow4]:0 [NetMuon1]:575887 [NetMuon2]:575086 [NetMuon3]:616833 [NetMuon4]:616833
[Run]:23632 [Site]:1 [Bin]:2752 [FullTime]:3600 [SkipTime]:0 [Veto1]:735.769 [Veto2]:767.198 [Veto3]:534.819 [Veto4]:534.819 [SgUp1]:57834 [SgUp2]:57133 [SgUp3]:0 [SgUp4]:0 [SgLow1]:57772 [SgLow2]:57049 [SgLow3]:0 [SgLow4]:0 [NetMuon1]:575774 [NetMuon2]:569557 [NetMuon3]:615927 [NetMuon4]:615927
[Run]:23632 [Site]:1 [Bin]:2753 [FullTime]:3600 [SkipTime]:0 [Veto1]:735.314 [Veto2]:751.742 [Veto3]:535.484 [Veto4]:535.484 [SgUp1]:58137 [SgUp2]:57191 [SgUp3]:0 [SgUp4]:0 [SgLow1]:58066 [SgLow2]:57099 [SgLow3]:0 [SgLow4]:0 [NetMuon1]:576664 [NetMuon2]:573312 [NetMuon3]:617005 [NetMuon4]:617005
[Run]:23632 [Site]:1 [Bin]:2754 [FullTime]:3599.99 [SkipTime]:0 [Veto1]:756.108 [Veto2]:735.45 [Veto3]:534.621 [Veto4]:534.621 [SgUp1]:57601 [SgUp2]:57847 [SgUp3]:0 [SgUp4]:0 [SgLow1]:57518 [SgLow2]:57789 [SgLow3]:0 [SgLow4]:0 [NetMuon1]:571301 [NetMuon2]:575417 [NetMuon3]:615801 [NetMuon4]:615801
[Run]:23632 [Site]:1 [Bin]:2755 [FullTime]:3600 [SkipTime]:0 [Veto1]:756.377 [Veto2]:754.766 [Veto3]:534.916 [Veto4]:534.916 [SgUp1]:56872 [SgUp2]:57253 [SgUp3]:0 [SgUp4]:0 [SgLow1]:56789 [SgLow2]:57166 [SgLow3]:0 [SgLow4]:0 [NetMuon1]:572104 [NetMuon2]:572233 [NetMuon3]:616426 [NetMuon4]:616426
[Run]:23632 [Site]:1 [Bin]:2756 [FullTime]:3600 [SkipTime]:0 [Veto1]:735.698 [Veto2]:765.081 [Veto3]:534.742 [Veto4]:534.742 [SgUp1]:57642 [SgUp2]:57562 [SgUp3]:0 [SgUp4]:0 [SgLow1]:57566 [SgLow2]:57483 [SgLow3]:0 [SgLow4]:0 [NetMuon1]:576175 [NetMuon2]:569512 [NetMuon3]:616208 [NetMuon4]:616208
[Run]:23632 [Site]:1 [Bin]:2757 [FullTime]:3600 [SkipTime]:0 [Veto1]:735.215 [Veto2]:754.919 [Veto3]:535.827 [Veto4]:535.827 [SgUp1]:57649 [SgUp2]:56726 [SgUp3]:0 [SgUp4]:0 [SgLow1]:57556 [SgLow2]:56631 [SgLow3]:0 [SgLow4]:0 [NetMuon1]:577155 [NetMuon2]:572833 [NetMuon3]:617239 [NetMuon4]:617239
[Run]:23632 [Site]:1 [Bin]:2758 [FullTime]:3600 [SkipTime]:0 [Veto1]:753.625 [Veto2]:775.817 [Veto3]:535.069 [Veto4]:535.069 [SgUp1]:57574 [SgUp2]:56429 [SgUp3]:0 [SgUp4]:0 [SgLow1]:57508 [SgLow2]:56346 [SgLow3]:0 [SgLow4]:0 [NetMuon1]:572499 [NetMuon2]:567500 [NetMuon3]:616439 [NetMuon4]:616439
[Run]:23632 [Site]:1 [Bin]:2759 [FullTime]:3600 [SkipTime]:0 [Veto1]:734.263 [Veto2]:761.016 [Veto3]:535.327 [Veto4]:535.327 [SgUp1]:57830 [SgUp2]:57208 [SgUp3]:0 [SgUp4]:0 [SgLow1]:57760 [SgLow2]:57113 [SgLow3]:0 [SgLow4]:0 [NetMuon1]:576570 [NetMuon2]:570778 [NetMuon3]:616342 [NetMuon4]:616342
End process Run: 23632 ... 
[Run]:23632 [Site]:1 [Bin]:2760 [FullTime]:3403.47 [SkipTime]:0 [Veto1]:693.613 [Veto2]:721.758 [Veto3]:507.183 [Veto4]:507.183
