StreamChain add 0x16d7b7f0
Start to process run: 24735 ... 
[Run]:24735 [Site]:1 [Bin]:3432 [FullTime]:2120.88 [SkipTime]:0 [Veto1]:433.276 [Veto2]:440.05 [Veto3]:315.949 [Veto4]:315.949 [SgUp1]:34072 [SgUp2]:33744 [SgUp3]:0 [SgUp4]:0 [SgLow1]:34026 [SgLow2]:33684 [SgLow3]:0 [SgLow4]:0 [NetMuon1]:340090 [NetMuon2]:338764 [NetMuon3]:363918 [NetMuon4]:363918
[Run]:24735 [Site]:1 [Bin]:3433 [FullTime]:3600 [SkipTime]:0 [Veto1]:732.339 [Veto2]:740.752 [Veto3]:535.275 [Veto4]:535.275 [SgUp1]:58106 [SgUp2]:56993 [SgUp3]:0 [SgUp4]:0 [SgLow1]:58017 [SgLow2]:56917 [SgLow3]:0 [SgLow4]:0 [NetMuon1]:576933 [NetMuon2]:575319 [NetMuon3]:616524 [NetMuon4]:616524
[Run]:24735 [Site]:1 [Bin]:3434 [FullTime]:3600 [SkipTime]:0 [Veto1]:768.348 [Veto2]:761.774 [Veto3]:533.913 [Veto4]:533.913 [SgUp1]:56841 [SgUp2]:56576 [SgUp3]:0 [SgUp4]:0 [SgLow1]:56764 [SgLow2]:56487 [SgLow3]:0 [SgLow4]:0 [NetMuon1]:567975 [NetMuon2]:569864 [NetMuon3]:614966 [NetMuon4]:614966
[Run]:24735 [Site]:1 [Bin]:3435 [FullTime]:3600 [SkipTime]:0 [Veto1]:772.762 [Veto2]:745.607 [Veto3]:535.52 [Veto4]:535.52 [SgUp1]:56772 [SgUp2]:57345 [SgUp3]:0 [SgUp4]:0 [SgLow1]:56693 [SgLow2]:57256 [SgLow3]:0 [SgLow4]:0 [NetMuon1]:568960 [NetMuon2]:574271 [NetMuon3]:616809 [NetMuon4]:616809
[Run]:24735 [Site]:1 [Bin]:3436 [FullTime]:3600 [SkipTime]:0 [Veto1]:737.918 [Veto2]:741.041 [Veto3]:535.294 [Veto4]:535.294 [SgUp1]:57611 [SgUp2]:57407 [SgUp3]:0 [SgUp4]:0 [SgLow1]:57532 [SgLow2]:57330 [SgLow3]:0 [SgLow4]:0 [NetMuon1]:575865 [NetMuon2]:575110 [NetMuon3]:616611 [NetMuon4]:616611
[Run]:24735 [Site]:1 [Bin]:3437 [FullTime]:3600 [SkipTime]:0 [Veto1]:760.487 [Veto2]:734.205 [Veto3]:536.024 [Veto4]:536.024 [SgUp1]:57059 [SgUp2]:57198 [SgUp3]:0 [SgUp4]:0 [SgLow1]:56978 [SgLow2]:57095 [SgLow3]:0 [SgLow4]:0 [NetMuon1]:572338 [NetMuon2]:577073 [NetMuon3]:617319 [NetMuon4]:617319
[Run]:24735 [Site]:1 [Bin]:3438 [FullTime]:3600 [SkipTime]:0 [Veto1]:758.429 [Veto2]:735.303 [Veto3]:534.87 [Veto4]:534.87 [SgUp1]:57219 [SgUp2]:57693 [SgUp3]:0 [SgUp4]:0 [SgLow1]:57132 [SgLow2]:57599 [SgLow3]:0 [SgLow4]:0 [NetMuon1]:571426 [NetMuon2]:576325 [NetMuon3]:616434 [NetMuon4]:616434
[Run]:24735 [Site]:1 [Bin]:3439 [FullTime]:3600 [SkipTime]:0 [Veto1]:734.37 [Veto2]:766.386 [Veto3]:535.028 [Veto4]:535.028 [SgUp1]:57788 [SgUp2]:56610 [SgUp3]:0 [SgUp4]:0 [SgLow1]:57689 [SgLow2]:56533 [SgLow3]:0 [SgLow4]:0 [NetMuon1]:576072 [NetMuon2]:569784 [NetMuon3]:616190 [NetMuon4]:616190
[Run]:24735 [Site]:1 [Bin]:3440 [FullTime]:3600 [SkipTime]:0 [Veto1]:744.933 [Veto2]:744.152 [Veto3]:535.827 [Veto4]:535.827 [SgUp1]:57185 [SgUp2]:57434 [SgUp3]:0 [SgUp4]:0 [SgLow1]:57092 [SgLow2]:57351 [SgLow3]:0 [SgLow4]:0 [NetMuon1]:575086 [NetMuon2]:575295 [NetMuon3]:617216 [NetMuon4]:617216
[Run]:24735 [Site]:1 [Bin]:3441 [FullTime]:3600 [SkipTime]:0 [Veto1]:731.109 [Veto2]:751.302 [Veto3]:535.979 [Veto4]:535.979 [SgUp1]:58225 [SgUp2]:56952 [SgUp3]:0 [SgUp4]:0 [SgLow1]:58137 [SgLow2]:56889 [SgLow3]:0 [SgLow4]:0 [NetMuon1]:578259 [NetMuon2]:574056 [NetMuon3]:617640 [NetMuon4]:617640
[Run]:24735 [Site]:1 [Bin]:3442 [FullTime]:3600 [SkipTime]:0 [Veto1]:743.051 [Veto2]:740.451 [Veto3]:535.279 [Veto4]:535.279 [SgUp1]:57868 [SgUp2]:57199 [SgUp3]:0 [SgUp4]:0 [SgLow1]:57784 [SgLow2]:57113 [SgLow3]:0 [SgLow4]:0 [NetMuon1]:574991 [NetMuon2]:575071 [NetMuon3]:616458 [NetMuon4]:616458
[Run]:24735 [Site]:1 [Bin]:3443 [FullTime]:3600 [SkipTime]:0 [Veto1]:743.694 [Veto2]:743.262 [Veto3]:535.413 [Veto4]:535.413 [SgUp1]:57713 [SgUp2]:57329 [SgUp3]:0 [SgUp4]:0 [SgLow1]:57616 [SgLow2]:57245 [SgLow3]:0 [SgLow4]:0 [NetMuon1]:574911 [NetMuon2]:574512 [NetMuon3]:616358 [NetMuon4]:616358
[Run]:24735 [Site]:1 [Bin]:3444 [FullTime]:3600 [SkipTime]:0 [Veto1]:740.055 [Veto2]:740.214 [Veto3]:535.389 [Veto4]:535.389 [SgUp1]:57589 [SgUp2]:56815 [SgUp3]:0 [SgUp4]:0 [SgLow1]:57499 [SgLow2]:56710 [SgLow3]:0 [SgLow4]:0 [NetMuon1]:575954 [NetMuon2]:575742 [NetMuon3]:617018 [NetMuon4]:617018
[Run]:24735 [Site]:1 [Bin]:3445 [FullTime]:3600 [SkipTime]:0 [Veto1]:762.271 [Veto2]:730.131 [Veto3]:534.303 [Veto4]:534.303 [SgUp1]:57520 [SgUp2]:57256 [SgUp3]:0 [SgUp4]:0 [SgLow1]:57441 [SgLow2]:57176 [SgLow3]:0 [SgLow4]:0 [NetMuon1]:569743 [NetMuon2]:576439 [NetMuon3]:615756 [NetMuon4]:615756
[Run]:24735 [Site]:1 [Bin]:3446 [FullTime]:3600 [SkipTime]:0 [Veto1]:738.69 [Veto2]:725.108 [Veto3]:535.693 [Veto4]:535.693 [SgUp1]:57441 [SgUp2]:57797 [SgUp3]:0 [SgUp4]:0 [SgLow1]:57373 [SgLow2]:57697 [SgLow3]:0 [SgLow4]:0 [NetMuon1]:576061 [NetMuon2]:579303 [NetMuon3]:617311 [NetMuon4]:617311
[Run]:24735 [Site]:1 [Bin]:3447 [FullTime]:3600 [SkipTime]:0 [Veto1]:738.396 [Veto2]:762.014 [Veto3]:534.72 [Veto4]:534.72 [SgUp1]:57548 [SgUp2]:56330 [SgUp3]:0 [SgUp4]:0 [SgLow1]:57493 [SgLow2]:56234 [SgLow3]:0 [SgLow4]:0 [NetMuon1]:574885 [NetMuon2]:570168 [NetMuon3]:615549 [NetMuon4]:615549
[Run]:24735 [Site]:1 [Bin]:3448 [FullTime]:3600 [SkipTime]:0 [Veto1]:744.522 [Veto2]:768.938 [Veto3]:535.375 [Veto4]:535.375 [SgUp1]:57480 [SgUp2]:56566 [SgUp3]:0 [SgUp4]:0 [SgLow1]:57413 [SgLow2]:56475 [SgLow3]:0 [SgLow4]:0 [NetMuon1]:574457 [NetMuon2]:569143 [NetMuon3]:616393 [NetMuon4]:616393
[Run]:24735 [Site]:1 [Bin]:3449 [FullTime]:3600 [SkipTime]:0 [Veto1]:740.809 [Veto2]:742.165 [Veto3]:534.804 [Veto4]:534.804 [SgUp1]:57403 [SgUp2]:57462 [SgUp3]:0 [SgUp4]:0 [SgLow1]:57338 [SgLow2]:57389 [SgLow3]:0 [SgLow4]:0 [NetMuon1]:574166 [NetMuon2]:574195 [NetMuon3]:615996 [NetMuon4]:615996
[Run]:24735 [Site]:1 [Bin]:3450 [FullTime]:3600 [SkipTime]:0 [Veto1]:745.22 [Veto2]:743.307 [Veto3]:535.437 [Veto4]:535.437 [SgUp1]:57358 [SgUp2]:57215 [SgUp3]:0 [SgUp4]:0 [SgLow1]:57280 [SgLow2]:57147 [SgLow3]:0 [SgLow4]:0 [NetMuon1]:574271 [NetMuon2]:574984 [NetMuon3]:616763 [NetMuon4]:616763
[Run]:24735 [Site]:1 [Bin]:3451 [FullTime]:3599.99 [SkipTime]:0 [Veto1]:739.358 [Veto2]:754.05 [Veto3]:536.013 [Veto4]:536.013 [SgUp1]:57763 [SgUp2]:56552 [SgUp3]:0 [SgUp4]:0 [SgLow1]:57688 [SgLow2]:56481 [SgLow3]:0 [SgLow4]:0 [NetMuon1]:576434 [NetMuon2]:573312 [NetMuon3]:617248 [NetMuon4]:617248
[Run]:24735 [Site]:1 [Bin]:3452 [FullTime]:3600 [SkipTime]:0 [Veto1]:726.194 [Veto2]:729.351 [Veto3]:534.701 [Veto4]:534.701 [SgUp1]:57692 [SgUp2]:57368 [SgUp3]:0 [SgUp4]:0 [SgLow1]:57626 [SgLow2]:57281 [SgLow3]:0 [SgLow4]:0 [NetMuon1]:577452 [NetMuon2]:577336 [NetMuon3]:616124 [NetMuon4]:616124
[Run]:24735 [Site]:1 [Bin]:3453 [FullTime]:3600 [SkipTime]:0 [Veto1]:738.526 [Veto2]:744.241 [Veto3]:535.502 [Veto4]:535.502 [SgUp1]:57645 [SgUp2]:56989 [SgUp3]:0 [SgUp4]:0 [SgLow1]:57572 [SgLow2]:56903 [SgLow3]:0 [SgLow4]:0 [NetMuon1]:575905 [NetMuon2]:574978 [NetMuon3]:616943 [NetMuon4]:616943
[Run]:24735 [Site]:1 [Bin]:3454 [FullTime]:3600 [SkipTime]:0 [Veto1]:740.383 [Veto2]:737.4 [Veto3]:535.249 [Veto4]:535.249 [SgUp1]:57972 [SgUp2]:56857 [SgUp3]:0 [SgUp4]:0 [SgLow1]:57893 [SgLow2]:56783 [SgLow3]:0 [SgLow4]:0 [NetMuon1]:575317 [NetMuon2]:576408 [NetMuon3]:616867 [NetMuon4]:616867
[Run]:24735 [Site]:1 [Bin]:3455 [FullTime]:3600 [SkipTime]:0 [Veto1]:734.897 [Veto2]:736.256 [Veto3]:534.711 [Veto4]:534.711 [SgUp1]:58131 [SgUp2]:57485 [SgUp3]:0 [SgUp4]:0 [SgLow1]:58070 [SgLow2]:57402 [SgLow3]:0 [SgLow4]:0 [NetMuon1]:575643 [NetMuon2]:575398 [NetMuon3]:615776 [NetMuon4]:615776
[Run]:24735 [Site]:1 [Bin]:3456 [FullTime]:3600 [SkipTime]:0 [Veto1]:752.257 [Veto2]:735.977 [Veto3]:535.2 [Veto4]:535.2 [SgUp1]:57504 [SgUp2]:57664 [SgUp3]:0 [SgUp4]:0 [SgLow1]:57430 [SgLow2]:57581 [SgLow3]:0 [SgLow4]:0 [NetMuon1]:572815 [NetMuon2]:576112 [NetMuon3]:616268 [NetMuon4]:616268
[Run]:24735 [Site]:1 [Bin]:3457 [FullTime]:3600 [SkipTime]:0 [Veto1]:742.58 [Veto2]:756.847 [Veto3]:534.226 [Veto4]:534.226 [SgUp1]:57922 [SgUp2]:57395 [SgUp3]:0 [SgUp4]:0 [SgLow1]:57843 [SgLow2]:57317 [SgLow3]:0 [SgLow4]:0 [NetMuon1]:573142 [NetMuon2]:570813 [NetMuon3]:615421 [NetMuon4]:615421
[Run]:24735 [Site]:1 [Bin]:3458 [FullTime]:3600 [SkipTime]:0 [Veto1]:754.347 [Veto2]:753.42 [Veto3]:535.781 [Veto4]:535.781 [SgUp1]:57567 [SgUp2]:57228 [SgUp3]:0 [SgUp4]:0 [SgLow1]:57474 [SgLow2]:57142 [SgLow3]:0 [SgLow4]:0 [NetMuon1]:573284 [NetMuon2]:573551 [NetMuon3]:617237 [NetMuon4]:617237
[Run]:24735 [Site]:1 [Bin]:3459 [FullTime]:3600 [SkipTime]:0 [Veto1]:745.283 [Veto2]:726.313 [Veto3]:536.457 [Veto4]:536.457 [SgUp1]:57282 [SgUp2]:57512 [SgUp3]:0 [SgUp4]:0 [SgLow1]:57214 [SgLow2]:57433 [SgLow3]:0 [SgLow4]:0 [NetMuon1]:575703 [NetMuon2]:579311 [NetMuon3]:617763 [NetMuon4]:617763
[Run]:24735 [Site]:1 [Bin]:3460 [FullTime]:3600 [SkipTime]:0 [Veto1]:746.303 [Veto2]:766.845 [Veto3]:536.127 [Veto4]:536.127 [SgUp1]:57524 [SgUp2]:56804 [SgUp3]:0 [SgUp4]:0 [SgLow1]:57450 [SgLow2]:56714 [SgLow3]:0 [SgLow4]:0 [NetMuon1]:575029 [NetMuon2]:571149 [NetMuon3]:617501 [NetMuon4]:617501
[Run]:24735 [Site]:1 [Bin]:3461 [FullTime]:3600 [SkipTime]:0 [Veto1]:770.854 [Veto2]:742.539 [Veto3]:534.41 [Veto4]:534.41 [SgUp1]:56988 [SgUp2]:57560 [SgUp3]:0 [SgUp4]:0 [SgLow1]:56901 [SgLow2]:57484 [SgLow3]:0 [SgLow4]:0 [NetMuon1]:568332 [NetMuon2]:574136 [NetMuon3]:615839 [NetMuon4]:615839
[Run]:24735 [Site]:1 [Bin]:3462 [FullTime]:3600 [SkipTime]:0 [Veto1]:740.033 [Veto2]:763.963 [Veto3]:536.28 [Veto4]:536.28 [SgUp1]:58006 [SgUp2]:56562 [SgUp3]:0 [SgUp4]:0 [SgLow1]:57939 [SgLow2]:56473 [SgLow3]:0 [SgLow4]:0 [NetMuon1]:576333 [NetMuon2]:571304 [NetMuon3]:617374 [NetMuon4]:617374
[Run]:24735 [Site]:1 [Bin]:3463 [FullTime]:3600 [SkipTime]:0 [Veto1]:751.412 [Veto2]:740.871 [Veto3]:536.239 [Veto4]:536.239 [SgUp1]:57594 [SgUp2]:57840 [SgUp3]:0 [SgUp4]:0 [SgLow1]:57502 [SgLow2]:57764 [SgLow3]:0 [SgLow4]:0 [NetMuon1]:573919 [NetMuon2]:576277 [NetMuon3]:617577 [NetMuon4]:617577
[Run]:24735 [Site]:1 [Bin]:3464 [FullTime]:3600 [SkipTime]:0 [Veto1]:749.166 [Veto2]:725.67 [Veto3]:534.696 [Veto4]:534.696 [SgUp1]:57269 [SgUp2]:57596 [SgUp3]:0 [SgUp4]:0 [SgLow1]:57172 [SgLow2]:57527 [SgLow3]:0 [SgLow4]:0 [NetMuon1]:572307 [NetMuon2]:576912 [NetMuon3]:615472 [NetMuon4]:615472
[Run]:24735 [Site]:1 [Bin]:3465 [FullTime]:3600 [SkipTime]:0 [Veto1]:719.624 [Veto2]:734.181 [Veto3]:534.739 [Veto4]:534.739 [SgUp1]:58216 [SgUp2]:57480 [SgUp3]:0 [SgUp4]:0 [SgLow1]:58133 [SgLow2]:57411 [SgLow3]:0 [SgLow4]:0 [NetMuon1]:578228 [NetMuon2]:575326 [NetMuon3]:615605 [NetMuon4]:615605
[Run]:24735 [Site]:1 [Bin]:3466 [FullTime]:3600 [SkipTime]:0 [Veto1]:730.89 [Veto2]:733.395 [Veto3]:535.037 [Veto4]:535.037 [SgUp1]:57583 [SgUp2]:57861 [SgUp3]:0 [SgUp4]:0 [SgLow1]:57486 [SgLow2]:57781 [SgLow3]:0 [SgLow4]:0 [NetMuon1]:577019 [NetMuon2]:576315 [NetMuon3]:616233 [NetMuon4]:616233
[Run]:24735 [Site]:1 [Bin]:3467 [FullTime]:3600 [SkipTime]:0 [Veto1]:741.162 [Veto2]:735.872 [Veto3]:536.104 [Veto4]:536.104 [SgUp1]:57873 [SgUp2]:57732 [SgUp3]:0 [SgUp4]:0 [SgLow1]:57791 [SgLow2]:57654 [SgLow3]:0 [SgLow4]:0 [NetMuon1]:576303 [NetMuon2]:577405 [NetMuon3]:617532 [NetMuon4]:617532
[Run]:24735 [Site]:1 [Bin]:3468 [FullTime]:3600 [SkipTime]:0 [Veto1]:757.998 [Veto2]:731.475 [Veto3]:535.577 [Veto4]:535.577 [SgUp1]:57563 [SgUp2]:57792 [SgUp3]:0 [SgUp4]:0 [SgLow1]:57486 [SgLow2]:57714 [SgLow3]:0 [SgLow4]:0 [NetMuon1]:572291 [NetMuon2]:577789 [NetMuon3]:616791 [NetMuon4]:616791
[Run]:24735 [Site]:1 [Bin]:3469 [FullTime]:3600 [SkipTime]:0 [Veto1]:752.847 [Veto2]:762.524 [Veto3]:536.007 [Veto4]:536.007 [SgUp1]:57559 [SgUp2]:56798 [SgUp3]:0 [SgUp4]:0 [SgLow1]:57487 [SgLow2]:56739 [SgLow3]:0 [SgLow4]:0 [NetMuon1]:573808 [NetMuon2]:571937 [NetMuon3]:617497 [NetMuon4]:617497
[Run]:24735 [Site]:1 [Bin]:3470 [FullTime]:3600 [SkipTime]:0 [Veto1]:725.946 [Veto2]:755.668 [Veto3]:535.853 [Veto4]:535.853 [SgUp1]:57655 [SgUp2]:57125 [SgUp3]:0 [SgUp4]:0 [SgLow1]:57570 [SgLow2]:57029 [SgLow3]:0 [SgLow4]:0 [NetMuon1]:579002 [NetMuon2]:573061 [NetMuon3]:617454 [NetMuon4]:617454
[Run]:24735 [Site]:1 [Bin]:3471 [FullTime]:3600 [SkipTime]:0 [Veto1]:731.834 [Veto2]:751.388 [Veto3]:535.893 [Veto4]:535.893 [SgUp1]:57866 [SgUp2]:57327 [SgUp3]:0 [SgUp4]:0 [SgLow1]:57793 [SgLow2]:57240 [SgLow3]:0 [SgLow4]:0 [NetMuon1]:578151 [NetMuon2]:573359 [NetMuon3]:617232 [NetMuon4]:617232
[Run]:24735 [Site]:1 [Bin]:3472 [FullTime]:3600 [SkipTime]:0 [Veto1]:743.73 [Veto2]:746.473 [Veto3]:534.063 [Veto4]:534.063 [SgUp1]:57460 [SgUp2]:57491 [SgUp3]:0 [SgUp4]:0 [SgLow1]:57371 [SgLow2]:57412 [SgLow3]:0 [SgLow4]:0 [NetMuon1]:573060 [NetMuon2]:572322 [NetMuon3]:615190 [NetMuon4]:615190
[Run]:24735 [Site]:1 [Bin]:3473 [FullTime]:3600 [SkipTime]:0 [Veto1]:731.365 [Veto2]:766.07 [Veto3]:535.141 [Veto4]:535.141 [SgUp1]:57650 [SgUp2]:57506 [SgUp3]:0 [SgUp4]:0 [SgLow1]:57577 [SgLow2]:57444 [SgLow3]:0 [SgLow4]:0 [NetMuon1]:576602 [NetMuon2]:570186 [NetMuon3]:616278 [NetMuon4]:616278
[Run]:24735 [Site]:1 [Bin]:3474 [FullTime]:3600 [SkipTime]:0 [Veto1]:738.257 [Veto2]:740.723 [Veto3]:534.867 [Veto4]:534.867 [SgUp1]:58046 [SgUp2]:57964 [SgUp3]:0 [SgUp4]:0 [SgLow1]:57942 [SgLow2]:57864 [SgLow3]:0 [SgLow4]:0 [NetMuon1]:575223 [NetMuon2]:574955 [NetMuon3]:616298 [NetMuon4]:616298
[Run]:24735 [Site]:1 [Bin]:3475 [FullTime]:3600 [SkipTime]:0 [Veto1]:733.712 [Veto2]:765.524 [Veto3]:536.354 [Veto4]:536.354 [SgUp1]:57643 [SgUp2]:56936 [SgUp3]:0 [SgUp4]:0 [SgLow1]:57546 [SgLow2]:56861 [SgLow3]:0 [SgLow4]:0 [NetMuon1]:578364 [NetMuon2]:571160 [NetMuon3]:617920 [NetMuon4]:617920
[Run]:24735 [Site]:1 [Bin]:3476 [FullTime]:3600 [SkipTime]:0 [Veto1]:736.418 [Veto2]:751.664 [Veto3]:536.609 [Veto4]:536.609 [SgUp1]:58119 [SgUp2]:57222 [SgUp3]:0 [SgUp4]:0 [SgLow1]:58049 [SgLow2]:57132 [SgLow3]:0 [SgLow4]:0 [NetMuon1]:577568 [NetMuon2]:574715 [NetMuon3]:618010 [NetMuon4]:618010
[Run]:24735 [Site]:1 [Bin]:3477 [FullTime]:3600 [SkipTime]:0 [Veto1]:739.652 [Veto2]:742.127 [Veto3]:535.744 [Veto4]:535.744 [SgUp1]:58147 [SgUp2]:57564 [SgUp3]:0 [SgUp4]:0 [SgLow1]:58086 [SgLow2]:57484 [SgLow3]:0 [SgLow4]:0 [NetMuon1]:576216 [NetMuon2]:575572 [NetMuon3]:617044 [NetMuon4]:617044
[Run]:24735 [Site]:1 [Bin]:3478 [FullTime]:3600 [SkipTime]:0 [Veto1]:745.858 [Veto2]:747.799 [Veto3]:536.583 [Veto4]:536.583 [SgUp1]:57521 [SgUp2]:57423 [SgUp3]:0 [SgUp4]:0 [SgLow1]:57448 [SgLow2]:57343 [SgLow3]:0 [SgLow4]:0 [NetMuon1]:576321 [NetMuon2]:575713 [NetMuon3]:618242 [NetMuon4]:618242
[Run]:24735 [Site]:1 [Bin]:3479 [FullTime]:3600 [SkipTime]:0 [Veto1]:739.952 [Veto2]:731.472 [Veto3]:537.054 [Veto4]:537.054 [SgUp1]:57661 [SgUp2]:57635 [SgUp3]:0 [SgUp4]:0 [SgLow1]:57584 [SgLow2]:57567 [SgLow3]:0 [SgLow4]:0 [NetMuon1]:577397 [NetMuon2]:579365 [NetMuon3]:618587 [NetMuon4]:618587
End process Run: 24735 ... 
[Run]:24735 [Site]:1 [Bin]:3480 [FullTime]:57.1842 [SkipTime]:0 [Veto1]:10.8307 [Veto2]:11.6697 [Veto3]:8.71174 [Veto4]:8.71174
