StreamChain add 0x1affd7f0
Start to process run: 24983 ... 
[Run]:24983 [Site]:1 [Bin]:3682 [FullTime]:1814.2 [SkipTime]:0 [Veto1]:364.666 [Veto2]:385.037 [Veto3]:269.91 [Veto4]:269.91 [SgUp1]:29163 [SgUp2]:28853 [SgUp3]:0 [SgUp4]:0 [SgLow1]:29129 [SgLow2]:28808 [SgLow3]:0 [SgLow4]:0 [NetMuon1]:291431 [NetMuon2]:287813 [NetMuon3]:310855 [NetMuon4]:310855
[Run]:24983 [Site]:1 [Bin]:3683 [FullTime]:3600 [SkipTime]:0 [Veto1]:759.179 [Veto2]:718.103 [Veto3]:535.604 [Veto4]:535.604 [SgUp1]:57616 [SgUp2]:57722 [SgUp3]:0 [SgUp4]:0 [SgLow1]:57544 [SgLow2]:57644 [SgLow3]:0 [SgLow4]:0 [NetMuon1]:572029 [NetMuon2]:580345 [NetMuon3]:617026 [NetMuon4]:617026
[Run]:24983 [Site]:1 [Bin]:3684 [FullTime]:3600 [SkipTime]:0 [Veto1]:742.835 [Veto2]:738.566 [Veto3]:535.112 [Veto4]:535.112 [SgUp1]:58195 [SgUp2]:57248 [SgUp3]:0 [SgUp4]:0 [SgLow1]:58125 [SgLow2]:57163 [SgLow3]:0 [SgLow4]:0 [NetMuon1]:574882 [NetMuon2]:575391 [NetMuon3]:616368 [NetMuon4]:616368
[Run]:24983 [Site]:1 [Bin]:3685 [FullTime]:3600 [SkipTime]:0 [Veto1]:744.249 [Veto2]:755.114 [Veto3]:536.063 [Veto4]:536.063 [SgUp1]:57697 [SgUp2]:56883 [SgUp3]:0 [SgUp4]:0 [SgLow1]:57614 [SgLow2]:56812 [SgLow3]:0 [SgLow4]:0 [NetMuon1]:575292 [NetMuon2]:573300 [NetMuon3]:617386 [NetMuon4]:617386
[Run]:24983 [Site]:1 [Bin]:3686 [FullTime]:3600 [SkipTime]:0 [Veto1]:740.056 [Veto2]:738.744 [Veto3]:535.71 [Veto4]:535.71 [SgUp1]:58207 [SgUp2]:56937 [SgUp3]:0 [SgUp4]:0 [SgLow1]:58124 [SgLow2]:56851 [SgLow3]:0 [SgLow4]:0 [NetMuon1]:575761 [NetMuon2]:576139 [NetMuon3]:616935 [NetMuon4]:616935
[Run]:24983 [Site]:1 [Bin]:3687 [FullTime]:3600 [SkipTime]:0 [Veto1]:727.825 [Veto2]:746.959 [Veto3]:534.586 [Veto4]:534.586 [SgUp1]:58831 [SgUp2]:57088 [SgUp3]:0 [SgUp4]:0 [SgLow1]:58730 [SgLow2]:57001 [SgLow3]:0 [SgLow4]:0 [NetMuon1]:576874 [NetMuon2]:572923 [NetMuon3]:615605 [NetMuon4]:615605
[Run]:24983 [Site]:1 [Bin]:3688 [FullTime]:3600 [SkipTime]:0 [Veto1]:726.533 [Veto2]:738.005 [Veto3]:536.251 [Veto4]:536.251 [SgUp1]:58788 [SgUp2]:56979 [SgUp3]:0 [SgUp4]:0 [SgLow1]:58703 [SgLow2]:56912 [SgLow3]:0 [SgLow4]:0 [NetMuon1]:579204 [NetMuon2]:576865 [NetMuon3]:617647 [NetMuon4]:617647
[Run]:24983 [Site]:1 [Bin]:3689 [FullTime]:3600 [SkipTime]:0 [Veto1]:746.981 [Veto2]:748.395 [Veto3]:535.723 [Veto4]:535.723 [SgUp1]:57772 [SgUp2]:57759 [SgUp3]:0 [SgUp4]:0 [SgLow1]:57695 [SgLow2]:57704 [SgLow3]:0 [SgLow4]:0 [NetMuon1]:574387 [NetMuon2]:574000 [NetMuon3]:616796 [NetMuon4]:616796
[Run]:24983 [Site]:1 [Bin]:3690 [FullTime]:3600 [SkipTime]:0 [Veto1]:736.005 [Veto2]:744.12 [Veto3]:535.212 [Veto4]:535.212 [SgUp1]:57970 [SgUp2]:57589 [SgUp3]:0 [SgUp4]:0 [SgLow1]:57886 [SgLow2]:57525 [SgLow3]:0 [SgLow4]:0 [NetMuon1]:575328 [NetMuon2]:574126 [NetMuon3]:616199 [NetMuon4]:616199
[Run]:24983 [Site]:1 [Bin]:3691 [FullTime]:3600 [SkipTime]:0 [Veto1]:756.193 [Veto2]:767.453 [Veto3]:536.116 [Veto4]:536.116 [SgUp1]:57505 [SgUp2]:56494 [SgUp3]:0 [SgUp4]:0 [SgLow1]:57434 [SgLow2]:56403 [SgLow3]:0 [SgLow4]:0 [NetMuon1]:573241 [NetMuon2]:571403 [NetMuon3]:617707 [NetMuon4]:617707
[Run]:24983 [Site]:1 [Bin]:3692 [FullTime]:3600 [SkipTime]:0 [Veto1]:737.946 [Veto2]:746.67 [Veto3]:537.365 [Veto4]:537.365 [SgUp1]:58023 [SgUp2]:56725 [SgUp3]:0 [SgUp4]:0 [SgLow1]:57940 [SgLow2]:56652 [SgLow3]:0 [SgLow4]:0 [NetMuon1]:577913 [NetMuon2]:576108 [NetMuon3]:618476 [NetMuon4]:618476
[Run]:24983 [Site]:1 [Bin]:3693 [FullTime]:3600 [SkipTime]:0 [Veto1]:755.504 [Veto2]:716.886 [Veto3]:535.411 [Veto4]:535.411 [SgUp1]:57427 [SgUp2]:57448 [SgUp3]:0 [SgUp4]:0 [SgLow1]:57332 [SgLow2]:57355 [SgLow3]:0 [SgLow4]:0 [NetMuon1]:572389 [NetMuon2]:580010 [NetMuon3]:616541 [NetMuon4]:616541
[Run]:24983 [Site]:1 [Bin]:3694 [FullTime]:3600 [SkipTime]:0 [Veto1]:748.561 [Veto2]:750.368 [Veto3]:536.499 [Veto4]:536.499 [SgUp1]:57452 [SgUp2]:57029 [SgUp3]:0 [SgUp4]:0 [SgLow1]:57357 [SgLow2]:56962 [SgLow3]:0 [SgLow4]:0 [NetMuon1]:575047 [NetMuon2]:575152 [NetMuon3]:618152 [NetMuon4]:618152
[Run]:24983 [Site]:1 [Bin]:3695 [FullTime]:3600 [SkipTime]:0 [Veto1]:743.227 [Veto2]:769.535 [Veto3]:535.597 [Veto4]:535.597 [SgUp1]:57932 [SgUp2]:56559 [SgUp3]:0 [SgUp4]:0 [SgLow1]:57876 [SgLow2]:56476 [SgLow3]:0 [SgLow4]:0 [NetMuon1]:575038 [NetMuon2]:569725 [NetMuon3]:616978 [NetMuon4]:616978
[Run]:24983 [Site]:1 [Bin]:3696 [FullTime]:3600 [SkipTime]:0 [Veto1]:727.757 [Veto2]:735.933 [Veto3]:535.934 [Veto4]:535.934 [SgUp1]:58371 [SgUp2]:56656 [SgUp3]:0 [SgUp4]:0 [SgLow1]:58282 [SgLow2]:56588 [SgLow3]:0 [SgLow4]:0 [NetMuon1]:578723 [NetMuon2]:577066 [NetMuon3]:617496 [NetMuon4]:617496
[Run]:24983 [Site]:1 [Bin]:3697 [FullTime]:3600 [SkipTime]:0 [Veto1]:741.186 [Veto2]:754.128 [Veto3]:536.401 [Veto4]:536.401 [SgUp1]:57754 [SgUp2]:56635 [SgUp3]:0 [SgUp4]:0 [SgLow1]:57681 [SgLow2]:56556 [SgLow3]:0 [SgLow4]:0 [NetMuon1]:576378 [NetMuon2]:573738 [NetMuon3]:617657 [NetMuon4]:617657
[Run]:24983 [Site]:1 [Bin]:3698 [FullTime]:3600 [SkipTime]:0 [Veto1]:741.178 [Veto2]:763.051 [Veto3]:536.123 [Veto4]:536.123 [SgUp1]:57559 [SgUp2]:56541 [SgUp3]:0 [SgUp4]:0 [SgLow1]:57470 [SgLow2]:56461 [SgLow3]:0 [SgLow4]:0 [NetMuon1]:576462 [NetMuon2]:572244 [NetMuon3]:617829 [NetMuon4]:617829
[Run]:24983 [Site]:1 [Bin]:3699 [FullTime]:3600 [SkipTime]:0 [Veto1]:750.09 [Veto2]:738.107 [Veto3]:536.635 [Veto4]:536.635 [SgUp1]:57434 [SgUp2]:57222 [SgUp3]:0 [SgUp4]:0 [SgLow1]:57348 [SgLow2]:57130 [SgLow3]:0 [SgLow4]:0 [NetMuon1]:574505 [NetMuon2]:577064 [NetMuon3]:617901 [NetMuon4]:617901
[Run]:24983 [Site]:1 [Bin]:3700 [FullTime]:3600 [SkipTime]:0 [Veto1]:734.992 [Veto2]:747.248 [Veto3]:536.524 [Veto4]:536.524 [SgUp1]:57634 [SgUp2]:56936 [SgUp3]:0 [SgUp4]:0 [SgLow1]:57551 [SgLow2]:56869 [SgLow3]:0 [SgLow4]:0 [NetMuon1]:577555 [NetMuon2]:575273 [NetMuon3]:617801 [NetMuon4]:617801
[Run]:24983 [Site]:1 [Bin]:3701 [FullTime]:3600 [SkipTime]:0 [Veto1]:735.174 [Veto2]:741.128 [Veto3]:536.708 [Veto4]:536.708 [SgUp1]:57668 [SgUp2]:57261 [SgUp3]:0 [SgUp4]:0 [SgLow1]:57593 [SgLow2]:57191 [SgLow3]:0 [SgLow4]:0 [NetMuon1]:578271 [NetMuon2]:576636 [NetMuon3]:618086 [NetMuon4]:618086
[Run]:24983 [Site]:1 [Bin]:3702 [FullTime]:3600 [SkipTime]:0 [Veto1]:749.638 [Veto2]:743.249 [Veto3]:535.934 [Veto4]:535.934 [SgUp1]:57292 [SgUp2]:56701 [SgUp3]:0 [SgUp4]:0 [SgLow1]:57201 [SgLow2]:56605 [SgLow3]:0 [SgLow4]:0 [NetMuon1]:574513 [NetMuon2]:575453 [NetMuon3]:617314 [NetMuon4]:617314
[Run]:24983 [Site]:1 [Bin]:3703 [FullTime]:3600 [SkipTime]:0 [Veto1]:719.273 [Veto2]:747.906 [Veto3]:535.648 [Veto4]:535.648 [SgUp1]:58317 [SgUp2]:56411 [SgUp3]:0 [SgUp4]:0 [SgLow1]:58230 [SgLow2]:56348 [SgLow3]:0 [SgLow4]:0 [NetMuon1]:580435 [NetMuon2]:574708 [NetMuon3]:617087 [NetMuon4]:617087
[Run]:24983 [Site]:1 [Bin]:3704 [FullTime]:3600 [SkipTime]:0 [Veto1]:736.623 [Veto2]:742.21 [Veto3]:535.76 [Veto4]:535.76 [SgUp1]:57868 [SgUp2]:56741 [SgUp3]:0 [SgUp4]:0 [SgLow1]:57790 [SgLow2]:56653 [SgLow3]:0 [SgLow4]:0 [NetMuon1]:576548 [NetMuon2]:575378 [NetMuon3]:617071 [NetMuon4]:617071
[Run]:24983 [Site]:1 [Bin]:3705 [FullTime]:3600 [SkipTime]:0 [Veto1]:736.281 [Veto2]:763.051 [Veto3]:536.024 [Veto4]:536.024 [SgUp1]:57664 [SgUp2]:56685 [SgUp3]:0 [SgUp4]:0 [SgLow1]:57578 [SgLow2]:56615 [SgLow3]:0 [SgLow4]:0 [NetMuon1]:577340 [NetMuon2]:572082 [NetMuon3]:617319 [NetMuon4]:617319
[Run]:24983 [Site]:1 [Bin]:3706 [FullTime]:3600 [SkipTime]:0 [Veto1]:741.689 [Veto2]:772.786 [Veto3]:536.214 [Veto4]:536.214 [SgUp1]:57728 [SgUp2]:57181 [SgUp3]:0 [SgUp4]:0 [SgLow1]:57659 [SgLow2]:57117 [SgLow3]:0 [SgLow4]:0 [NetMuon1]:576179 [NetMuon2]:570055 [NetMuon3]:617602 [NetMuon4]:617602
[Run]:24983 [Site]:1 [Bin]:3707 [FullTime]:3600 [SkipTime]:0 [Veto1]:737.545 [Veto2]:753.815 [Veto3]:534.888 [Veto4]:534.888 [SgUp1]:57915 [SgUp2]:57188 [SgUp3]:0 [SgUp4]:0 [SgLow1]:57850 [SgLow2]:57122 [SgLow3]:0 [SgLow4]:0 [NetMuon1]:575725 [NetMuon2]:572316 [NetMuon3]:616255 [NetMuon4]:616255
[Run]:24983 [Site]:1 [Bin]:3708 [FullTime]:3600 [SkipTime]:0 [Veto1]:753.168 [Veto2]:762.108 [Veto3]:535.122 [Veto4]:535.122 [SgUp1]:57358 [SgUp2]:56890 [SgUp3]:0 [SgUp4]:0 [SgLow1]:57295 [SgLow2]:56810 [SgLow3]:0 [SgLow4]:0 [NetMuon1]:572618 [NetMuon2]:571419 [NetMuon3]:616448 [NetMuon4]:616448
[Run]:24983 [Site]:1 [Bin]:3709 [FullTime]:3600 [SkipTime]:0 [Veto1]:752.36 [Veto2]:753.785 [Veto3]:536.099 [Veto4]:536.099 [SgUp1]:57916 [SgUp2]:57471 [SgUp3]:0 [SgUp4]:0 [SgLow1]:57850 [SgLow2]:57402 [SgLow3]:0 [SgLow4]:0 [NetMuon1]:573900 [NetMuon2]:573281 [NetMuon3]:617466 [NetMuon4]:617466
[Run]:24983 [Site]:1 [Bin]:3711 [FullTime]:117.971 [SkipTime]:0 [Veto1]:26.7771 [Veto2]:25.1295 [Veto3]:17.5439 [Veto4]:17.5439 [SgUp1]:1821 [SgUp2]:1880 [SgUp3]:0 [SgUp4]:0 [SgLow1]:1821 [SgLow2]:1877 [SgLow3]:0 [SgLow4]:0 [NetMuon1]:18383 [NetMuon2]:18698 [NetMuon3]:20227 [NetMuon4]:20227
[Run]:24983 [Site]:1 [Bin]:3712 [FullTime]:3600 [SkipTime]:0 [Veto1]:723.626 [Veto2]:741.668 [Veto3]:535.228 [Veto4]:535.228 [SgUp1]:58423 [SgUp2]:57166 [SgUp3]:0 [SgUp4]:0 [SgLow1]:58357 [SgLow2]:57094 [SgLow3]:0 [SgLow4]:0 [NetMuon1]:578725 [NetMuon2]:574953 [NetMuon3]:616532 [NetMuon4]:616532
[Run]:24983 [Site]:1 [Bin]:3713 [FullTime]:3600 [SkipTime]:0 [Veto1]:737.621 [Veto2]:791.063 [Veto3]:535.445 [Veto4]:535.445 [SgUp1]:57419 [SgUp2]:56247 [SgUp3]:0 [SgUp4]:0 [SgLow1]:57347 [SgLow2]:56175 [SgLow3]:0 [SgLow4]:0 [NetMuon1]:576087 [NetMuon2]:565012 [NetMuon3]:616709 [NetMuon4]:616709
[Run]:24983 [Site]:1 [Bin]:3714 [FullTime]:3600 [SkipTime]:0 [Veto1]:740.609 [Veto2]:737.462 [Veto3]:534.3 [Veto4]:534.3 [SgUp1]:57761 [SgUp2]:57523 [SgUp3]:0 [SgUp4]:0 [SgLow1]:57674 [SgLow2]:57430 [SgLow3]:0 [SgLow4]:0 [NetMuon1]:573973 [NetMuon2]:574547 [NetMuon3]:615668 [NetMuon4]:615668
[Run]:24983 [Site]:1 [Bin]:3715 [FullTime]:120.035 [SkipTime]:3479.97 [Veto1]:24.7098 [Veto2]:24.5948 [Veto3]:17.8413 [Veto4]:17.8413 [SgUp1]:1923 [SgUp2]:1880 [SgUp3]:0 [SgUp4]:0 [SgLow1]:1923 [SgLow2]:1878 [SgLow3]:0 [SgLow4]:0 [NetMuon1]:19148 [NetMuon2]:19170 [NetMuon3]:20568 [NetMuon4]:20568
[Run]:24983 [Site]:1 [Bin]:3716 [FullTime]:3600 [SkipTime]:0 [Veto1]:769.637 [Veto2]:749.893 [Veto3]:535.49 [Veto4]:535.49 [SgUp1]:57098 [SgUp2]:56490 [SgUp3]:0 [SgUp4]:0 [SgLow1]:57013 [SgLow2]:56408 [SgLow3]:0 [SgLow4]:0 [NetMuon1]:569335 [NetMuon2]:573868 [NetMuon3]:616825 [NetMuon4]:616825
[Run]:24983 [Site]:1 [Bin]:3717 [FullTime]:3600 [SkipTime]:0 [Veto1]:728.076 [Veto2]:748.357 [Veto3]:536.757 [Veto4]:536.757 [SgUp1]:58006 [SgUp2]:56718 [SgUp3]:0 [SgUp4]:0 [SgLow1]:57916 [SgLow2]:56648 [SgLow3]:0 [SgLow4]:0 [NetMuon1]:579263 [NetMuon2]:575423 [NetMuon3]:618064 [NetMuon4]:618064
[Run]:24983 [Site]:1 [Bin]:3718 [FullTime]:3600 [SkipTime]:0 [Veto1]:745.166 [Veto2]:746.957 [Veto3]:534.556 [Veto4]:534.556 [SgUp1]:57737 [SgUp2]:56798 [SgUp3]:0 [SgUp4]:0 [SgLow1]:57645 [SgLow2]:56709 [SgLow3]:0 [SgLow4]:0 [NetMuon1]:574158 [NetMuon2]:573367 [NetMuon3]:615988 [NetMuon4]:615988
[Run]:24983 [Site]:1 [Bin]:3719 [FullTime]:3600 [SkipTime]:0 [Veto1]:734.875 [Veto2]:737.541 [Veto3]:534.752 [Veto4]:534.752 [SgUp1]:57665 [SgUp2]:57528 [SgUp3]:0 [SgUp4]:0 [SgLow1]:57573 [SgLow2]:57449 [SgLow3]:0 [SgLow4]:0 [NetMuon1]:575478 [NetMuon2]:575411 [NetMuon3]:616115 [NetMuon4]:616115
[Run]:24983 [Site]:1 [Bin]:3720 [FullTime]:3600 [SkipTime]:0 [Veto1]:750.949 [Veto2]:757.466 [Veto3]:534.804 [Veto4]:534.804 [SgUp1]:57685 [SgUp2]:56712 [SgUp3]:0 [SgUp4]:0 [SgLow1]:57605 [SgLow2]:56621 [SgLow3]:0 [SgLow4]:0 [NetMuon1]:572854 [NetMuon2]:571614 [NetMuon3]:616146 [NetMuon4]:616146
[Run]:24983 [Site]:1 [Bin]:3721 [FullTime]:3600 [SkipTime]:0 [Veto1]:715.418 [Veto2]:734.751 [Veto3]:534.418 [Veto4]:534.418 [SgUp1]:58284 [SgUp2]:57556 [SgUp3]:0 [SgUp4]:0 [SgLow1]:58195 [SgLow2]:57471 [SgLow3]:0 [SgLow4]:0 [NetMuon1]:579239 [NetMuon2]:574903 [NetMuon3]:615501 [NetMuon4]:615501
[Run]:24983 [Site]:1 [Bin]:3722 [FullTime]:3600 [SkipTime]:0 [Veto1]:740.901 [Veto2]:734.876 [Veto3]:535.378 [Veto4]:535.378 [SgUp1]:57696 [SgUp2]:57330 [SgUp3]:0 [SgUp4]:0 [SgLow1]:57625 [SgLow2]:57269 [SgLow3]:0 [SgLow4]:0 [NetMuon1]:575286 [NetMuon2]:576760 [NetMuon3]:616689 [NetMuon4]:616689
[Run]:24983 [Site]:1 [Bin]:3723 [FullTime]:3600 [SkipTime]:0 [Veto1]:717.699 [Veto2]:742.077 [Veto3]:534.761 [Veto4]:534.761 [SgUp1]:57879 [SgUp2]:57164 [SgUp3]:0 [SgUp4]:0 [SgLow1]:57798 [SgLow2]:57096 [SgLow3]:0 [SgLow4]:0 [NetMuon1]:579544 [NetMuon2]:574386 [NetMuon3]:616062 [NetMuon4]:616062
[Run]:24983 [Site]:1 [Bin]:3724 [FullTime]:3600 [SkipTime]:0 [Veto1]:730.671 [Veto2]:752.274 [Veto3]:535.819 [Veto4]:535.819 [SgUp1]:58270 [SgUp2]:57066 [SgUp3]:0 [SgUp4]:0 [SgLow1]:58193 [SgLow2]:56979 [SgLow3]:0 [SgLow4]:0 [NetMuon1]:578352 [NetMuon2]:573843 [NetMuon3]:617535 [NetMuon4]:617535
[Run]:24983 [Site]:1 [Bin]:3725 [FullTime]:3600 [SkipTime]:0 [Veto1]:776.802 [Veto2]:740.908 [Veto3]:534.375 [Veto4]:534.375 [SgUp1]:57085 [SgUp2]:57341 [SgUp3]:0 [SgUp4]:0 [SgLow1]:57020 [SgLow2]:57269 [SgLow3]:0 [SgLow4]:0 [NetMuon1]:566352 [NetMuon2]:573382 [NetMuon3]:615431 [NetMuon4]:615431
[Run]:24983 [Site]:1 [Bin]:3726 [FullTime]:3600 [SkipTime]:0 [Veto1]:743.418 [Veto2]:758.161 [Veto3]:535.035 [Veto4]:535.035 [SgUp1]:57392 [SgUp2]:57303 [SgUp3]:0 [SgUp4]:0 [SgLow1]:57310 [SgLow2]:57211 [SgLow3]:0 [SgLow4]:0 [NetMuon1]:574750 [NetMuon2]:571631 [NetMuon3]:616536 [NetMuon4]:616536
[Run]:24983 [Site]:1 [Bin]:3727 [FullTime]:3600 [SkipTime]:0 [Veto1]:732.591 [Veto2]:748.538 [Veto3]:536.269 [Veto4]:536.269 [SgUp1]:58115 [SgUp2]:57755 [SgUp3]:0 [SgUp4]:0 [SgLow1]:58033 [SgLow2]:57682 [SgLow3]:0 [SgLow4]:0 [NetMuon1]:577791 [NetMuon2]:574914 [NetMuon3]:617531 [NetMuon4]:617531
[Run]:24983 [Site]:1 [Bin]:3728 [FullTime]:3600 [SkipTime]:0 [Veto1]:739.158 [Veto2]:756.934 [Veto3]:535.586 [Veto4]:535.586 [SgUp1]:57401 [SgUp2]:57211 [SgUp3]:0 [SgUp4]:0 [SgLow1]:57319 [SgLow2]:57129 [SgLow3]:0 [SgLow4]:0 [NetMuon1]:576188 [NetMuon2]:572385 [NetMuon3]:617171 [NetMuon4]:617171
[Run]:24983 [Site]:1 [Bin]:3729 [FullTime]:3600 [SkipTime]:0 [Veto1]:751.821 [Veto2]:745.137 [Veto3]:536.303 [Veto4]:536.303 [SgUp1]:57158 [SgUp2]:57735 [SgUp3]:0 [SgUp4]:0 [SgLow1]:57083 [SgLow2]:57649 [SgLow3]:0 [SgLow4]:0 [NetMuon1]:574565 [NetMuon2]:575471 [NetMuon3]:617872 [NetMuon4]:617872
[Run]:24983 [Site]:1 [Bin]:3730 [FullTime]:3600 [SkipTime]:0 [Veto1]:749.198 [Veto2]:759.23 [Veto3]:535.821 [Veto4]:535.821 [SgUp1]:57262 [SgUp2]:57429 [SgUp3]:0 [SgUp4]:0 [SgLow1]:57193 [SgLow2]:57354 [SgLow3]:0 [SgLow4]:0 [NetMuon1]:574283 [NetMuon2]:572604 [NetMuon3]:617411 [NetMuon4]:617411
[Run]:24983 [Site]:1 [Bin]:3731 [FullTime]:3600 [SkipTime]:0 [Veto1]:734.525 [Veto2]:735.481 [Veto3]:535.96 [Veto4]:535.96 [SgUp1]:57886 [SgUp2]:57664 [SgUp3]:0 [SgUp4]:0 [SgLow1]:57808 [SgLow2]:57566 [SgLow3]:0 [SgLow4]:0 [NetMuon1]:577219 [NetMuon2]:577091 [NetMuon3]:617330 [NetMuon4]:617330
[Run]:24983 [Site]:1 [Bin]:3732 [FullTime]:3600 [SkipTime]:0 [Veto1]:730.968 [Veto2]:764.366 [Veto3]:535.531 [Veto4]:535.531 [SgUp1]:57908 [SgUp2]:57690 [SgUp3]:0 [SgUp4]:0 [SgLow1]:57812 [SgLow2]:57612 [SgLow3]:0 [SgLow4]:0 [NetMuon1]:577897 [NetMuon2]:570690 [NetMuon3]:616941 [NetMuon4]:616941
[Run]:24983 [Site]:1 [Bin]:3733 [FullTime]:3600 [SkipTime]:0 [Veto1]:746.216 [Veto2]:737.744 [Veto3]:536.472 [Veto4]:536.472 [SgUp1]:57499 [SgUp2]:57971 [SgUp3]:0 [SgUp4]:0 [SgLow1]:57406 [SgLow2]:57896 [SgLow3]:0 [SgLow4]:0 [NetMuon1]:575464 [NetMuon2]:577437 [NetMuon3]:618002 [NetMuon4]:618002
[Run]:24983 [Site]:1 [Bin]:3734 [FullTime]:3600 [SkipTime]:0 [Veto1]:745.285 [Veto2]:753.101 [Veto3]:535.186 [Veto4]:535.186 [SgUp1]:57916 [SgUp2]:57272 [SgUp3]:0 [SgUp4]:0 [SgLow1]:57842 [SgLow2]:57202 [SgLow3]:0 [SgLow4]:0 [NetMuon1]:574355 [NetMuon2]:572509 [NetMuon3]:616425 [NetMuon4]:616425
[Run]:24983 [Site]:1 [Bin]:3735 [FullTime]:3600 [SkipTime]:0 [Veto1]:742.847 [Veto2]:735.995 [Veto3]:535.182 [Veto4]:535.182 [SgUp1]:58011 [SgUp2]:58033 [SgUp3]:0 [SgUp4]:0 [SgLow1]:57955 [SgLow2]:57961 [SgLow3]:0 [SgLow4]:0 [NetMuon1]:574653 [NetMuon2]:576407 [NetMuon3]:616473 [NetMuon4]:616473
[Run]:24983 [Site]:1 [Bin]:3736 [FullTime]:700.294 [SkipTime]:2899.7 [Veto1]:155.812 [Veto2]:139.365 [Veto3]:104.197 [Veto4]:104.197 [SgUp1]:11012 [SgUp2]:11167 [SgUp3]:0 [SgUp4]:0 [SgLow1]:10996 [SgLow2]:11148 [SgLow3]:0 [SgLow4]:0 [NetMuon1]:109668 [NetMuon2]:112926 [NetMuon3]:120041 [NetMuon4]:120041
[Run]:24983 [Site]:1 [Bin]:3737 [FullTime]:3600 [SkipTime]:0 [Veto1]:743.272 [Veto2]:751.792 [Veto3]:535.453 [Veto4]:535.453 [SgUp1]:57812 [SgUp2]:57074 [SgUp3]:0 [SgUp4]:0 [SgLow1]:57738 [SgLow2]:57003 [SgLow3]:0 [SgLow4]:0 [NetMuon1]:574869 [NetMuon2]:573166 [NetMuon3]:616588 [NetMuon4]:616588
[Run]:24983 [Site]:1 [Bin]:3738 [FullTime]:3600 [SkipTime]:0 [Veto1]:763.918 [Veto2]:737.658 [Veto3]:535.411 [Veto4]:535.411 [SgUp1]:57335 [SgUp2]:57105 [SgUp3]:0 [SgUp4]:0 [SgLow1]:57272 [SgLow2]:57016 [SgLow3]:0 [SgLow4]:0 [NetMuon1]:570754 [NetMuon2]:575649 [NetMuon3]:616715 [NetMuon4]:616715
[Run]:24983 [Site]:1 [Bin]:3739 [FullTime]:127.849 [SkipTime]:3472.15 [Veto1]:25.1674 [Veto2]:24.4915 [Veto3]:19.1659 [Veto4]:19.1659 [SgUp1]:2074 [SgUp2]:2124 [SgUp3]:0 [SgUp4]:0 [SgLow1]:2073 [SgLow2]:2121 [SgLow3]:0 [SgLow4]:0 [NetMuon1]:20909 [NetMuon2]:21242 [NetMuon3]:22080 [NetMuon4]:22080
[Run]:24983 [Site]:1 [Bin]:3740 [FullTime]:3600 [SkipTime]:0 [Veto1]:748.249 [Veto2]:750.66 [Veto3]:534.723 [Veto4]:534.723 [SgUp1]:57710 [SgUp2]:57009 [SgUp3]:0 [SgUp4]:0 [SgLow1]:57639 [SgLow2]:56935 [SgLow3]:0 [SgLow4]:0 [NetMuon1]:573037 [NetMuon2]:572765 [NetMuon3]:616090 [NetMuon4]:616090
[Run]:24983 [Site]:1 [Bin]:3741 [FullTime]:3600 [SkipTime]:0 [Veto1]:728.844 [Veto2]:753.984 [Veto3]:535.195 [Veto4]:535.195 [SgUp1]:58030 [SgUp2]:56717 [SgUp3]:0 [SgUp4]:0 [SgLow1]:57955 [SgLow2]:56644 [SgLow3]:0 [SgLow4]:0 [NetMuon1]:577731 [NetMuon2]:572693 [NetMuon3]:616711 [NetMuon4]:616711
[Run]:24983 [Site]:1 [Bin]:3742 [FullTime]:3600 [SkipTime]:0 [Veto1]:755.938 [Veto2]:768.474 [Veto3]:535.36 [Veto4]:535.36 [SgUp1]:57687 [SgUp2]:56952 [SgUp3]:0 [SgUp4]:0 [SgLow1]:57606 [SgLow2]:56881 [SgLow3]:0 [SgLow4]:0 [NetMuon1]:572227 [NetMuon2]:569636 [NetMuon3]:616597 [NetMuon4]:616597
[Run]:24983 [Site]:1 [Bin]:3743 [FullTime]:3600 [SkipTime]:0 [Veto1]:736.476 [Veto2]:731.735 [Veto3]:534.739 [Veto4]:534.739 [SgUp1]:57711 [SgUp2]:57695 [SgUp3]:0 [SgUp4]:0 [SgLow1]:57621 [SgLow2]:57621 [SgLow3]:0 [SgLow4]:0 [NetMuon1]:575538 [NetMuon2]:576230 [NetMuon3]:616182 [NetMuon4]:616182
[Run]:24983 [Site]:1 [Bin]:3744 [FullTime]:3600 [SkipTime]:0 [Veto1]:741.135 [Veto2]:732.924 [Veto3]:535.279 [Veto4]:535.279 [SgUp1]:57786 [SgUp2]:57617 [SgUp3]:0 [SgUp4]:0 [SgLow1]:57685 [SgLow2]:57546 [SgLow3]:0 [SgLow4]:0 [NetMuon1]:574759 [NetMuon2]:576811 [NetMuon3]:616349 [NetMuon4]:616349
End process Run: 24983 ... 
[Run]:24983 [Site]:1 [Bin]:3745 [FullTime]:3279.35 [SkipTime]:0 [Veto1]:665.254 [Veto2]:680.705 [Veto3]:486.909 [Veto4]:486.909
