StreamChain add 0x1d1a07f0
Start to process run: 24580 ... 
[Run]:24580 [Site]:1 [Bin]:3176 [FullTime]:97.1157 [SkipTime]:0 [Veto1]:17.9289 [Veto2]:19.5007 [Veto3]:14.5846 [Veto4]:14.5846 [SgUp1]:1514 [SgUp2]:1563 [SgUp3]:0 [SgUp4]:0 [SgLow1]:1509 [SgLow2]:1560 [SgLow3]:0 [SgLow4]:0 [NetMuon1]:16089 [NetMuon2]:15785 [NetMuon3]:16765 [NetMuon4]:16765
[Run]:24580 [Site]:1 [Bin]:3177 [FullTime]:3600 [SkipTime]:0 [Veto1]:740.939 [Veto2]:740.007 [Veto3]:535.394 [Veto4]:535.394 [SgUp1]:57455 [SgUp2]:57251 [SgUp3]:0 [SgUp4]:0 [SgLow1]:57381 [SgLow2]:57158 [SgLow3]:0 [SgLow4]:0 [NetMuon1]:575259 [NetMuon2]:575651 [NetMuon3]:616678 [NetMuon4]:616678
[Run]:24580 [Site]:1 [Bin]:3178 [FullTime]:3600 [SkipTime]:0 [Veto1]:737.183 [Veto2]:726.359 [Veto3]:535.961 [Veto4]:535.961 [SgUp1]:57952 [SgUp2]:58192 [SgUp3]:0 [SgUp4]:0 [SgLow1]:57883 [SgLow2]:58121 [SgLow3]:0 [SgLow4]:0 [NetMuon1]:576767 [NetMuon2]:578751 [NetMuon3]:617199 [NetMuon4]:617199
[Run]:24580 [Site]:1 [Bin]:3179 [FullTime]:3600 [SkipTime]:0 [Veto1]:721.224 [Veto2]:767.817 [Veto3]:535.198 [Veto4]:535.198 [SgUp1]:58070 [SgUp2]:56954 [SgUp3]:0 [SgUp4]:0 [SgLow1]:57993 [SgLow2]:56830 [SgLow3]:0 [SgLow4]:0 [NetMuon1]:578556 [NetMuon2]:569572 [NetMuon3]:616332 [NetMuon4]:616332
[Run]:24580 [Site]:1 [Bin]:3180 [FullTime]:3600 [SkipTime]:0 [Veto1]:754.225 [Veto2]:744.875 [Veto3]:535.552 [Veto4]:535.552 [SgUp1]:57624 [SgUp2]:57428 [SgUp3]:0 [SgUp4]:0 [SgLow1]:57530 [SgLow2]:57353 [SgLow3]:0 [SgLow4]:0 [NetMuon1]:572757 [NetMuon2]:574722 [NetMuon3]:616730 [NetMuon4]:616730
[Run]:24580 [Site]:1 [Bin]:3181 [FullTime]:3600 [SkipTime]:0 [Veto1]:728.845 [Veto2]:722.093 [Veto3]:535.039 [Veto4]:535.039 [SgUp1]:58278 [SgUp2]:58361 [SgUp3]:0 [SgUp4]:0 [SgLow1]:58200 [SgLow2]:58275 [SgLow3]:0 [SgLow4]:0 [NetMuon1]:576994 [NetMuon2]:578493 [NetMuon3]:616182 [NetMuon4]:616182
[Run]:24580 [Site]:1 [Bin]:3182 [FullTime]:3600 [SkipTime]:0 [Veto1]:736.444 [Veto2]:767.99 [Veto3]:535.35 [Veto4]:535.35 [SgUp1]:58145 [SgUp2]:57099 [SgUp3]:0 [SgUp4]:0 [SgLow1]:58043 [SgLow2]:57020 [SgLow3]:0 [SgLow4]:0 [NetMuon1]:576361 [NetMuon2]:569693 [NetMuon3]:616456 [NetMuon4]:616456
[Run]:24580 [Site]:1 [Bin]:3183 [FullTime]:3600 [SkipTime]:0 [Veto1]:753.774 [Veto2]:743.076 [Veto3]:535.569 [Veto4]:535.569 [SgUp1]:57564 [SgUp2]:57782 [SgUp3]:0 [SgUp4]:0 [SgLow1]:57496 [SgLow2]:57720 [SgLow3]:0 [SgLow4]:0 [NetMuon1]:572738 [NetMuon2]:575161 [NetMuon3]:616781 [NetMuon4]:616781
[Run]:24580 [Site]:1 [Bin]:3184 [FullTime]:3600 [SkipTime]:0 [Veto1]:752.818 [Veto2]:760.952 [Veto3]:535.211 [Veto4]:535.211 [SgUp1]:57835 [SgUp2]:57333 [SgUp3]:0 [SgUp4]:0 [SgLow1]:57770 [SgLow2]:57254 [SgLow3]:0 [SgLow4]:0 [NetMuon1]:572882 [NetMuon2]:571395 [NetMuon3]:616464 [NetMuon4]:616464
[Run]:24580 [Site]:1 [Bin]:3185 [FullTime]:3600 [SkipTime]:0 [Veto1]:744.553 [Veto2]:723.138 [Veto3]:535.353 [Veto4]:535.353 [SgUp1]:57686 [SgUp2]:57424 [SgUp3]:0 [SgUp4]:0 [SgLow1]:57596 [SgLow2]:57346 [SgLow3]:0 [SgLow4]:0 [NetMuon1]:574571 [NetMuon2]:578893 [NetMuon3]:616645 [NetMuon4]:616645
[Run]:24580 [Site]:1 [Bin]:3186 [FullTime]:3600 [SkipTime]:0 [Veto1]:737.359 [Veto2]:732.637 [Veto3]:534.416 [Veto4]:534.416 [SgUp1]:58311 [SgUp2]:57336 [SgUp3]:0 [SgUp4]:0 [SgLow1]:58236 [SgLow2]:57253 [SgLow3]:0 [SgLow4]:0 [NetMuon1]:574969 [NetMuon2]:575772 [NetMuon3]:615683 [NetMuon4]:615683
[Run]:24580 [Site]:1 [Bin]:3187 [FullTime]:3600 [SkipTime]:0 [Veto1]:728.165 [Veto2]:756.663 [Veto3]:535.61 [Veto4]:535.61 [SgUp1]:58083 [SgUp2]:57426 [SgUp3]:0 [SgUp4]:0 [SgLow1]:58005 [SgLow2]:57337 [SgLow3]:0 [SgLow4]:0 [NetMuon1]:578577 [NetMuon2]:571976 [NetMuon3]:616828 [NetMuon4]:616828
[Run]:24580 [Site]:1 [Bin]:3188 [FullTime]:3600 [SkipTime]:0 [Veto1]:725.102 [Veto2]:753.005 [Veto3]:536.242 [Veto4]:536.242 [SgUp1]:58288 [SgUp2]:57667 [SgUp3]:0 [SgUp4]:0 [SgLow1]:58211 [SgLow2]:57574 [SgLow3]:0 [SgLow4]:0 [NetMuon1]:579297 [NetMuon2]:573472 [NetMuon3]:617284 [NetMuon4]:617284
[Run]:24580 [Site]:1 [Bin]:3189 [FullTime]:3600 [SkipTime]:0 [Veto1]:755.941 [Veto2]:769.689 [Veto3]:535.97 [Veto4]:535.97 [SgUp1]:57166 [SgUp2]:57184 [SgUp3]:0 [SgUp4]:0 [SgLow1]:57079 [SgLow2]:57108 [SgLow3]:0 [SgLow4]:0 [NetMuon1]:572820 [NetMuon2]:569922 [NetMuon3]:617395 [NetMuon4]:617395
[Run]:24580 [Site]:1 [Bin]:3190 [FullTime]:3600 [SkipTime]:0 [Veto1]:744.633 [Veto2]:733.052 [Veto3]:537.03 [Veto4]:537.03 [SgUp1]:57703 [SgUp2]:57452 [SgUp3]:0 [SgUp4]:0 [SgLow1]:57616 [SgLow2]:57380 [SgLow3]:0 [SgLow4]:0 [NetMuon1]:575983 [NetMuon2]:578432 [NetMuon3]:617931 [NetMuon4]:617931
[Run]:24580 [Site]:1 [Bin]:3191 [FullTime]:3600 [SkipTime]:0 [Veto1]:745.978 [Veto2]:744.61 [Veto3]:537.784 [Veto4]:537.784 [SgUp1]:57513 [SgUp2]:57328 [SgUp3]:0 [SgUp4]:0 [SgLow1]:57418 [SgLow2]:57245 [SgLow3]:0 [SgLow4]:0 [NetMuon1]:577240 [NetMuon2]:577653 [NetMuon3]:619370 [NetMuon4]:619370
[Run]:24580 [Site]:1 [Bin]:3192 [FullTime]:3600 [SkipTime]:0 [Veto1]:763.826 [Veto2]:750.655 [Veto3]:536.397 [Veto4]:536.397 [SgUp1]:57111 [SgUp2]:56853 [SgUp3]:0 [SgUp4]:0 [SgLow1]:57032 [SgLow2]:56739 [SgLow3]:0 [SgLow4]:0 [NetMuon1]:571893 [NetMuon2]:574409 [NetMuon3]:617566 [NetMuon4]:617566
[Run]:24580 [Site]:1 [Bin]:3193 [FullTime]:3600 [SkipTime]:0 [Veto1]:721.972 [Veto2]:753.359 [Veto3]:536.855 [Veto4]:536.855 [SgUp1]:57676 [SgUp2]:56716 [SgUp3]:0 [SgUp4]:0 [SgLow1]:57612 [SgLow2]:56609 [SgLow3]:0 [SgLow4]:0 [NetMuon1]:580357 [NetMuon2]:574276 [NetMuon3]:618008 [NetMuon4]:618008
[Run]:24580 [Site]:1 [Bin]:3194 [FullTime]:3600 [SkipTime]:0 [Veto1]:755.166 [Veto2]:721.821 [Veto3]:536.364 [Veto4]:536.364 [SgUp1]:57417 [SgUp2]:57909 [SgUp3]:0 [SgUp4]:0 [SgLow1]:57367 [SgLow2]:57798 [SgLow3]:0 [SgLow4]:0 [NetMuon1]:573596 [NetMuon2]:580177 [NetMuon3]:617740 [NetMuon4]:617740
[Run]:24580 [Site]:1 [Bin]:3195 [FullTime]:3600 [SkipTime]:0 [Veto1]:731.761 [Veto2]:750.806 [Veto3]:536.077 [Veto4]:536.077 [SgUp1]:58048 [SgUp2]:57197 [SgUp3]:0 [SgUp4]:0 [SgLow1]:57978 [SgLow2]:57093 [SgLow3]:0 [SgLow4]:0 [NetMuon1]:577659 [NetMuon2]:573946 [NetMuon3]:617251 [NetMuon4]:617251
[Run]:24580 [Site]:1 [Bin]:3196 [FullTime]:3600 [SkipTime]:0 [Veto1]:728.875 [Veto2]:746.502 [Veto3]:536.113 [Veto4]:536.113 [SgUp1]:57843 [SgUp2]:56863 [SgUp3]:0 [SgUp4]:0 [SgLow1]:57773 [SgLow2]:56781 [SgLow3]:0 [SgLow4]:0 [NetMuon1]:578588 [NetMuon2]:575040 [NetMuon3]:617453 [NetMuon4]:617453
[Run]:24580 [Site]:1 [Bin]:3197 [FullTime]:3600 [SkipTime]:0 [Veto1]:729.837 [Veto2]:759.486 [Veto3]:536.212 [Veto4]:536.212 [SgUp1]:58217 [SgUp2]:57577 [SgUp3]:0 [SgUp4]:0 [SgLow1]:58133 [SgLow2]:57512 [SgLow3]:0 [SgLow4]:0 [NetMuon1]:578508 [NetMuon2]:572474 [NetMuon3]:617429 [NetMuon4]:617429
[Run]:24580 [Site]:1 [Bin]:3198 [FullTime]:3600 [SkipTime]:0 [Veto1]:726.737 [Veto2]:729.55 [Veto3]:536.942 [Veto4]:536.942 [SgUp1]:58038 [SgUp2]:57430 [SgUp3]:0 [SgUp4]:0 [SgLow1]:57953 [SgLow2]:57352 [SgLow3]:0 [SgLow4]:0 [NetMuon1]:579908 [NetMuon2]:579262 [NetMuon3]:618215 [NetMuon4]:618215
[Run]:24580 [Site]:1 [Bin]:3199 [FullTime]:3600 [SkipTime]:0 [Veto1]:751.155 [Veto2]:744.97 [Veto3]:535.308 [Veto4]:535.308 [SgUp1]:57907 [SgUp2]:57549 [SgUp3]:0 [SgUp4]:0 [SgLow1]:57807 [SgLow2]:57464 [SgLow3]:0 [SgLow4]:0 [NetMuon1]:572758 [NetMuon2]:574077 [NetMuon3]:616363 [NetMuon4]:616363
[Run]:24580 [Site]:1 [Bin]:3200 [FullTime]:3600 [SkipTime]:0 [Veto1]:733.312 [Veto2]:766.156 [Veto3]:536.323 [Veto4]:536.323 [SgUp1]:58341 [SgUp2]:57036 [SgUp3]:0 [SgUp4]:0 [SgLow1]:58253 [SgLow2]:56954 [SgLow3]:0 [SgLow4]:0 [NetMuon1]:577927 [NetMuon2]:571515 [NetMuon3]:617793 [NetMuon4]:617793
[Run]:24580 [Site]:1 [Bin]:3201 [FullTime]:3600 [SkipTime]:0 [Veto1]:751.058 [Veto2]:750.102 [Veto3]:535.195 [Veto4]:535.195 [SgUp1]:57666 [SgUp2]:57286 [SgUp3]:0 [SgUp4]:0 [SgLow1]:57591 [SgLow2]:57204 [SgLow3]:0 [SgLow4]:0 [NetMuon1]:572651 [NetMuon2]:573410 [NetMuon3]:616457 [NetMuon4]:616457
[Run]:24580 [Site]:1 [Bin]:3202 [FullTime]:3600 [SkipTime]:0 [Veto1]:727.605 [Veto2]:751.913 [Veto3]:536.195 [Veto4]:536.195 [SgUp1]:58277 [SgUp2]:57166 [SgUp3]:0 [SgUp4]:0 [SgLow1]:58201 [SgLow2]:57072 [SgLow3]:0 [SgLow4]:0 [NetMuon1]:579161 [NetMuon2]:573834 [NetMuon3]:617624 [NetMuon4]:617624
[Run]:24580 [Site]:1 [Bin]:3203 [FullTime]:3600 [SkipTime]:0 [Veto1]:787.686 [Veto2]:767.291 [Veto3]:535.659 [Veto4]:535.659 [SgUp1]:56891 [SgUp2]:56982 [SgUp3]:0 [SgUp4]:0 [SgLow1]:56814 [SgLow2]:56897 [SgLow3]:0 [SgLow4]:0 [NetMuon1]:565952 [NetMuon2]:570220 [NetMuon3]:616634 [NetMuon4]:616634
[Run]:24580 [Site]:1 [Bin]:3204 [FullTime]:3600 [SkipTime]:0 [Veto1]:733.684 [Veto2]:743.579 [Veto3]:536.423 [Veto4]:536.423 [SgUp1]:58334 [SgUp2]:57547 [SgUp3]:0 [SgUp4]:0 [SgLow1]:58238 [SgLow2]:57476 [SgLow3]:0 [SgLow4]:0 [NetMuon1]:577552 [NetMuon2]:575605 [NetMuon3]:617540 [NetMuon4]:617540
[Run]:24580 [Site]:1 [Bin]:3205 [FullTime]:3600 [SkipTime]:0 [Veto1]:749.528 [Veto2]:753.569 [Veto3]:535.744 [Veto4]:535.744 [SgUp1]:57920 [SgUp2]:57727 [SgUp3]:0 [SgUp4]:0 [SgLow1]:57850 [SgLow2]:57656 [SgLow3]:0 [SgLow4]:0 [NetMuon1]:573448 [NetMuon2]:573248 [NetMuon3]:616717 [NetMuon4]:616717
[Run]:24580 [Site]:1 [Bin]:3206 [FullTime]:3600 [SkipTime]:0 [Veto1]:724.943 [Veto2]:756.417 [Veto3]:535.321 [Veto4]:535.321 [SgUp1]:58522 [SgUp2]:57827 [SgUp3]:0 [SgUp4]:0 [SgLow1]:58441 [SgLow2]:57760 [SgLow3]:0 [SgLow4]:0 [NetMuon1]:578245 [NetMuon2]:572256 [NetMuon3]:616539 [NetMuon4]:616539
[Run]:24580 [Site]:1 [Bin]:3207 [FullTime]:3600 [SkipTime]:0 [Veto1]:724.133 [Veto2]:772.481 [Veto3]:534.952 [Veto4]:534.952 [SgUp1]:58144 [SgUp2]:56976 [SgUp3]:0 [SgUp4]:0 [SgLow1]:58059 [SgLow2]:56910 [SgLow3]:0 [SgLow4]:0 [NetMuon1]:577996 [NetMuon2]:568514 [NetMuon3]:616255 [NetMuon4]:616255
[Run]:24580 [Site]:1 [Bin]:3208 [FullTime]:3600 [SkipTime]:0 [Veto1]:725.756 [Veto2]:753.349 [Veto3]:534.57 [Veto4]:534.57 [SgUp1]:58636 [SgUp2]:57198 [SgUp3]:0 [SgUp4]:0 [SgLow1]:58557 [SgLow2]:57115 [SgLow3]:0 [SgLow4]:0 [NetMuon1]:576960 [NetMuon2]:571576 [NetMuon3]:615414 [NetMuon4]:615414
[Run]:24580 [Site]:1 [Bin]:3209 [FullTime]:3600 [SkipTime]:0 [Veto1]:749.803 [Veto2]:752.266 [Veto3]:535.807 [Veto4]:535.807 [SgUp1]:57765 [SgUp2]:57580 [SgUp3]:0 [SgUp4]:0 [SgLow1]:57678 [SgLow2]:57506 [SgLow3]:0 [SgLow4]:0 [NetMuon1]:574141 [NetMuon2]:573722 [NetMuon3]:617088 [NetMuon4]:617088
[Run]:24580 [Site]:1 [Bin]:3210 [FullTime]:3600 [SkipTime]:0 [Veto1]:738.111 [Veto2]:756.08 [Veto3]:535.13 [Veto4]:535.13 [SgUp1]:58108 [SgUp2]:56662 [SgUp3]:0 [SgUp4]:0 [SgLow1]:58032 [SgLow2]:56595 [SgLow3]:0 [SgLow4]:0 [NetMuon1]:575800 [NetMuon2]:572112 [NetMuon3]:616607 [NetMuon4]:616607
[Run]:24580 [Site]:1 [Bin]:3211 [FullTime]:3600 [SkipTime]:0 [Veto1]:746.831 [Veto2]:736.268 [Veto3]:535.464 [Veto4]:535.464 [SgUp1]:58131 [SgUp2]:58024 [SgUp3]:0 [SgUp4]:0 [SgLow1]:58046 [SgLow2]:57937 [SgLow3]:0 [SgLow4]:0 [NetMuon1]:573843 [NetMuon2]:576322 [NetMuon3]:616514 [NetMuon4]:616514
[Run]:24580 [Site]:1 [Bin]:3212 [FullTime]:3600 [SkipTime]:0 [Veto1]:756.661 [Veto2]:745.275 [Veto3]:535.826 [Veto4]:535.826 [SgUp1]:57524 [SgUp2]:57703 [SgUp3]:0 [SgUp4]:0 [SgLow1]:57449 [SgLow2]:57605 [SgLow3]:0 [SgLow4]:0 [NetMuon1]:573066 [NetMuon2]:574993 [NetMuon3]:617209 [NetMuon4]:617209
[Run]:24580 [Site]:1 [Bin]:3213 [FullTime]:3600 [SkipTime]:0 [Veto1]:751.948 [Veto2]:744.544 [Veto3]:536.868 [Veto4]:536.868 [SgUp1]:57939 [SgUp2]:57821 [SgUp3]:0 [SgUp4]:0 [SgLow1]:57860 [SgLow2]:57749 [SgLow3]:0 [SgLow4]:0 [NetMuon1]:574493 [NetMuon2]:576543 [NetMuon3]:617992 [NetMuon4]:617992
[Run]:24580 [Site]:1 [Bin]:3214 [FullTime]:3600 [SkipTime]:0 [Veto1]:753.091 [Veto2]:744.992 [Veto3]:535.959 [Veto4]:535.959 [SgUp1]:57973 [SgUp2]:57784 [SgUp3]:0 [SgUp4]:0 [SgLow1]:57894 [SgLow2]:57722 [SgLow3]:0 [SgLow4]:0 [NetMuon1]:573448 [NetMuon2]:574848 [NetMuon3]:617035 [NetMuon4]:617035
[Run]:24580 [Site]:1 [Bin]:3215 [FullTime]:3600 [SkipTime]:0 [Veto1]:754.069 [Veto2]:746.83 [Veto3]:535.747 [Veto4]:535.747 [SgUp1]:57497 [SgUp2]:57408 [SgUp3]:0 [SgUp4]:0 [SgLow1]:57425 [SgLow2]:57315 [SgLow3]:0 [SgLow4]:0 [NetMuon1]:572967 [NetMuon2]:574123 [NetMuon3]:616995 [NetMuon4]:616995
[Run]:24580 [Site]:1 [Bin]:3216 [FullTime]:3600 [SkipTime]:0 [Veto1]:735.423 [Veto2]:759.227 [Veto3]:535.896 [Veto4]:535.896 [SgUp1]:58724 [SgUp2]:57084 [SgUp3]:0 [SgUp4]:0 [SgLow1]:58666 [SgLow2]:57007 [SgLow3]:0 [SgLow4]:0 [NetMuon1]:577717 [NetMuon2]:572487 [NetMuon3]:617221 [NetMuon4]:617221
[Run]:24580 [Site]:1 [Bin]:3217 [FullTime]:3600 [SkipTime]:0 [Veto1]:740.798 [Veto2]:756.887 [Veto3]:536.398 [Veto4]:536.398 [SgUp1]:57972 [SgUp2]:57483 [SgUp3]:0 [SgUp4]:0 [SgLow1]:57882 [SgLow2]:57396 [SgLow3]:0 [SgLow4]:0 [NetMuon1]:576221 [NetMuon2]:572965 [NetMuon3]:617766 [NetMuon4]:617766
[Run]:24580 [Site]:1 [Bin]:3218 [FullTime]:3600 [SkipTime]:0 [Veto1]:737.858 [Veto2]:748.268 [Veto3]:535.24 [Veto4]:535.24 [SgUp1]:58242 [SgUp2]:57732 [SgUp3]:0 [SgUp4]:0 [SgLow1]:58155 [SgLow2]:57656 [SgLow3]:0 [SgLow4]:0 [NetMuon1]:575942 [NetMuon2]:573714 [NetMuon3]:616378 [NetMuon4]:616378
End process Run: 24580 ... 
[Run]:24580 [Site]:1 [Bin]:3219 [FullTime]:3443.65 [SkipTime]:0 [Veto1]:716.2 [Veto2]:716.404 [Veto3]:513.471 [Veto4]:513.471
