StreamChain add 0x842e7f0
Start to process run: 25104 ... 
[Run]:25104 [Site]:1 [Bin]:3796 [FullTime]:187.835 [SkipTime]:0 [Veto1]:41.8233 [Veto2]:37.9485 [Veto3]:28.2387 [Veto4]:28.2387 [SgUp1]:2980 [SgUp2]:2998 [SgUp3]:0 [SgUp4]:0 [SgLow1]:2975 [SgLow2]:2990 [SgLow3]:0 [SgLow4]:0 [NetMuon1]:29893 [NetMuon2]:30456 [NetMuon3]:32491 [NetMuon4]:32491
[Run]:25104 [Site]:1 [Bin]:3797 [FullTime]:3600 [SkipTime]:0 [Veto1]:741.081 [Veto2]:753.095 [Veto3]:535.75 [Veto4]:535.75 [SgUp1]:57651 [SgUp2]:57072 [SgUp3]:0 [SgUp4]:0 [SgLow1]:57578 [SgLow2]:56988 [SgLow3]:0 [SgLow4]:0 [NetMuon1]:575952 [NetMuon2]:573423 [NetMuon3]:617153 [NetMuon4]:617153
[Run]:25104 [Site]:1 [Bin]:3798 [FullTime]:3600 [SkipTime]:0 [Veto1]:747.695 [Veto2]:748.707 [Veto3]:535.995 [Veto4]:535.995 [SgUp1]:57705 [SgUp2]:57433 [SgUp3]:0 [SgUp4]:0 [SgLow1]:57629 [SgLow2]:57350 [SgLow3]:0 [SgLow4]:0 [NetMuon1]:574692 [NetMuon2]:574251 [NetMuon3]:617326 [NetMuon4]:617326
[Run]:25104 [Site]:1 [Bin]:3799 [FullTime]:3600 [SkipTime]:0 [Veto1]:743.796 [Veto2]:736.179 [Veto3]:536.557 [Veto4]:536.557 [SgUp1]:57222 [SgUp2]:57533 [SgUp3]:0 [SgUp4]:0 [SgLow1]:57156 [SgLow2]:57449 [SgLow3]:0 [SgLow4]:0 [NetMuon1]:576018 [NetMuon2]:577492 [NetMuon3]:617935 [NetMuon4]:617935
[Run]:25104 [Site]:1 [Bin]:3800 [FullTime]:3600 [SkipTime]:0 [Veto1]:764.409 [Veto2]:741.991 [Veto3]:536.365 [Veto4]:536.365 [SgUp1]:57142 [SgUp2]:57508 [SgUp3]:0 [SgUp4]:0 [SgLow1]:57040 [SgLow2]:57427 [SgLow3]:0 [SgLow4]:0 [NetMuon1]:571416 [NetMuon2]:576218 [NetMuon3]:617605 [NetMuon4]:617605
[Run]:25104 [Site]:1 [Bin]:3801 [FullTime]:3600 [SkipTime]:0 [Veto1]:758.36 [Veto2]:758.558 [Veto3]:536.24 [Veto4]:536.24 [SgUp1]:57105 [SgUp2]:57338 [SgUp3]:0 [SgUp4]:0 [SgLow1]:57030 [SgLow2]:57248 [SgLow3]:0 [SgLow4]:0 [NetMuon1]:572976 [NetMuon2]:572993 [NetMuon3]:617716 [NetMuon4]:617716
[Run]:25104 [Site]:1 [Bin]:3802 [FullTime]:3600 [SkipTime]:0 [Veto1]:744.562 [Veto2]:780.067 [Veto3]:535.19 [Veto4]:535.19 [SgUp1]:57262 [SgUp2]:56412 [SgUp3]:0 [SgUp4]:0 [SgLow1]:57184 [SgLow2]:56311 [SgLow3]:0 [SgLow4]:0 [NetMuon1]:574352 [NetMuon2]:567350 [NetMuon3]:616435 [NetMuon4]:616435
[Run]:25104 [Site]:1 [Bin]:3803 [FullTime]:3600 [SkipTime]:0 [Veto1]:744.864 [Veto2]:741.828 [Veto3]:536.674 [Veto4]:536.674 [SgUp1]:57679 [SgUp2]:56831 [SgUp3]:0 [SgUp4]:0 [SgLow1]:57579 [SgLow2]:56769 [SgLow3]:0 [SgLow4]:0 [NetMuon1]:576138 [NetMuon2]:576927 [NetMuon3]:618147 [NetMuon4]:618147
[Run]:25104 [Site]:1 [Bin]:3804 [FullTime]:3600 [SkipTime]:0 [Veto1]:756.107 [Veto2]:720.426 [Veto3]:535.798 [Veto4]:535.798 [SgUp1]:56888 [SgUp2]:57850 [SgUp3]:0 [SgUp4]:0 [SgLow1]:56818 [SgLow2]:57777 [SgLow3]:0 [SgLow4]:0 [NetMuon1]:572830 [NetMuon2]:580181 [NetMuon3]:617169 [NetMuon4]:617169
[Run]:25104 [Site]:1 [Bin]:3805 [FullTime]:3600 [SkipTime]:0 [Veto1]:741.577 [Veto2]:734.024 [Veto3]:536.064 [Veto4]:536.064 [SgUp1]:57182 [SgUp2]:57394 [SgUp3]:0 [SgUp4]:0 [SgLow1]:57115 [SgLow2]:57308 [SgLow3]:0 [SgLow4]:0 [NetMuon1]:575565 [NetMuon2]:576968 [NetMuon3]:617127 [NetMuon4]:617127
[Run]:25104 [Site]:1 [Bin]:3806 [FullTime]:3600 [SkipTime]:0 [Veto1]:741.667 [Veto2]:734.448 [Veto3]:534.397 [Veto4]:534.397 [SgUp1]:57498 [SgUp2]:57870 [SgUp3]:0 [SgUp4]:0 [SgLow1]:57415 [SgLow2]:57797 [SgLow3]:0 [SgLow4]:0 [NetMuon1]:573793 [NetMuon2]:575414 [NetMuon3]:615376 [NetMuon4]:615376
[Run]:25104 [Site]:1 [Bin]:3807 [FullTime]:3600 [SkipTime]:0 [Veto1]:760.302 [Veto2]:748.092 [Veto3]:535.468 [Veto4]:535.468 [SgUp1]:57725 [SgUp2]:57604 [SgUp3]:0 [SgUp4]:0 [SgLow1]:57642 [SgLow2]:57523 [SgLow3]:0 [SgLow4]:0 [NetMuon1]:571507 [NetMuon2]:574096 [NetMuon3]:616853 [NetMuon4]:616853
[Run]:25104 [Site]:1 [Bin]:3808 [FullTime]:3600 [SkipTime]:0 [Veto1]:743.011 [Veto2]:761.964 [Veto3]:535.785 [Veto4]:535.785 [SgUp1]:57914 [SgUp2]:57133 [SgUp3]:0 [SgUp4]:0 [SgLow1]:57828 [SgLow2]:57047 [SgLow3]:0 [SgLow4]:0 [NetMuon1]:575327 [NetMuon2]:571243 [NetMuon3]:617018 [NetMuon4]:617018
[Run]:25104 [Site]:1 [Bin]:3809 [FullTime]:3600 [SkipTime]:0 [Veto1]:725.175 [Veto2]:754.076 [Veto3]:535.342 [Veto4]:535.342 [SgUp1]:57698 [SgUp2]:57360 [SgUp3]:0 [SgUp4]:0 [SgLow1]:57599 [SgLow2]:57272 [SgLow3]:0 [SgLow4]:0 [NetMuon1]:578385 [NetMuon2]:572719 [NetMuon3]:616573 [NetMuon4]:616573
[Run]:25104 [Site]:1 [Bin]:3810 [FullTime]:3600 [SkipTime]:0 [Veto1]:770.048 [Veto2]:750.764 [Veto3]:534.881 [Veto4]:534.881 [SgUp1]:57271 [SgUp2]:57100 [SgUp3]:0 [SgUp4]:0 [SgLow1]:57208 [SgLow2]:57040 [SgLow3]:0 [SgLow4]:0 [NetMuon1]:569137 [NetMuon2]:572703 [NetMuon3]:616186 [NetMuon4]:616186
[Run]:25104 [Site]:1 [Bin]:3811 [FullTime]:3600 [SkipTime]:0 [Veto1]:716.913 [Veto2]:748.573 [Veto3]:534.867 [Veto4]:534.867 [SgUp1]:58259 [SgUp2]:57385 [SgUp3]:0 [SgUp4]:0 [SgLow1]:58159 [SgLow2]:57308 [SgLow3]:0 [SgLow4]:0 [NetMuon1]:579431 [NetMuon2]:573166 [NetMuon3]:616201 [NetMuon4]:616201
[Run]:25104 [Site]:1 [Bin]:3812 [FullTime]:3600 [SkipTime]:0 [Veto1]:736.906 [Veto2]:762.509 [Veto3]:535.018 [Veto4]:535.018 [SgUp1]:58054 [SgUp2]:56832 [SgUp3]:0 [SgUp4]:0 [SgLow1]:57980 [SgLow2]:56765 [SgLow3]:0 [SgLow4]:0 [NetMuon1]:575948 [NetMuon2]:570293 [NetMuon3]:616289 [NetMuon4]:616289
[Run]:25104 [Site]:1 [Bin]:3813 [FullTime]:3600 [SkipTime]:0 [Veto1]:745.919 [Veto2]:757.523 [Veto3]:535.519 [Veto4]:535.519 [SgUp1]:57624 [SgUp2]:57052 [SgUp3]:0 [SgUp4]:0 [SgLow1]:57552 [SgLow2]:56995 [SgLow3]:0 [SgLow4]:0 [NetMuon1]:574619 [NetMuon2]:572113 [NetMuon3]:616945 [NetMuon4]:616945
[Run]:25104 [Site]:1 [Bin]:3814 [FullTime]:3600 [SkipTime]:0 [Veto1]:757.265 [Veto2]:760.266 [Veto3]:534.911 [Veto4]:534.911 [SgUp1]:57756 [SgUp2]:56928 [SgUp3]:0 [SgUp4]:0 [SgLow1]:57690 [SgLow2]:56830 [SgLow3]:0 [SgLow4]:0 [NetMuon1]:571975 [NetMuon2]:571027 [NetMuon3]:616463 [NetMuon4]:616463
[Run]:25104 [Site]:1 [Bin]:3815 [FullTime]:3600 [SkipTime]:0 [Veto1]:743.342 [Veto2]:740.997 [Veto3]:534.727 [Veto4]:534.727 [SgUp1]:57584 [SgUp2]:57387 [SgUp3]:0 [SgUp4]:0 [SgLow1]:57521 [SgLow2]:57312 [SgLow3]:0 [SgLow4]:0 [NetMuon1]:574122 [NetMuon2]:574397 [NetMuon3]:615940 [NetMuon4]:615940
[Run]:25104 [Site]:1 [Bin]:3816 [FullTime]:3600 [SkipTime]:0 [Veto1]:760.734 [Veto2]:767.722 [Veto3]:536.121 [Veto4]:536.121 [SgUp1]:57424 [SgUp2]:56745 [SgUp3]:0 [SgUp4]:0 [SgLow1]:57346 [SgLow2]:56667 [SgLow3]:0 [SgLow4]:0 [NetMuon1]:572041 [NetMuon2]:570867 [NetMuon3]:617424 [NetMuon4]:617424
[Run]:25104 [Site]:1 [Bin]:3817 [FullTime]:3600 [SkipTime]:0 [Veto1]:748.187 [Veto2]:771.194 [Veto3]:536.417 [Veto4]:536.417 [SgUp1]:57420 [SgUp2]:56533 [SgUp3]:0 [SgUp4]:0 [SgLow1]:57337 [SgLow2]:56453 [SgLow3]:0 [SgLow4]:0 [NetMuon1]:575069 [NetMuon2]:570189 [NetMuon3]:617519 [NetMuon4]:617519
[Run]:25104 [Site]:1 [Bin]:3818 [FullTime]:3600 [SkipTime]:0 [Veto1]:731.447 [Veto2]:761.482 [Veto3]:535.616 [Veto4]:535.616 [SgUp1]:58023 [SgUp2]:56536 [SgUp3]:0 [SgUp4]:0 [SgLow1]:57934 [SgLow2]:56449 [SgLow3]:0 [SgLow4]:0 [NetMuon1]:577247 [NetMuon2]:571012 [NetMuon3]:616815 [NetMuon4]:616815
[Run]:25104 [Site]:1 [Bin]:3819 [FullTime]:3600 [SkipTime]:0 [Veto1]:756.502 [Veto2]:748.226 [Veto3]:535.867 [Veto4]:535.867 [SgUp1]:57577 [SgUp2]:56967 [SgUp3]:0 [SgUp4]:0 [SgLow1]:57501 [SgLow2]:56878 [SgLow3]:0 [SgLow4]:0 [NetMuon1]:572420 [NetMuon2]:574420 [NetMuon3]:617014 [NetMuon4]:617014
[Run]:25104 [Site]:1 [Bin]:3820 [FullTime]:3600 [SkipTime]:0 [Veto1]:744.187 [Veto2]:741.422 [Veto3]:536.475 [Veto4]:536.475 [SgUp1]:57254 [SgUp2]:56980 [SgUp3]:0 [SgUp4]:0 [SgLow1]:57174 [SgLow2]:56905 [SgLow3]:0 [SgLow4]:0 [NetMuon1]:576177 [NetMuon2]:576309 [NetMuon3]:617921 [NetMuon4]:617921
[Run]:25104 [Site]:1 [Bin]:3821 [FullTime]:3600 [SkipTime]:0 [Veto1]:726.069 [Veto2]:750.376 [Veto3]:536.219 [Veto4]:536.219 [SgUp1]:58497 [SgUp2]:56947 [SgUp3]:0 [SgUp4]:0 [SgLow1]:58421 [SgLow2]:56848 [SgLow3]:0 [SgLow4]:0 [NetMuon1]:579297 [NetMuon2]:574408 [NetMuon3]:617473 [NetMuon4]:617473
[Run]:25104 [Site]:1 [Bin]:3822 [FullTime]:3600 [SkipTime]:0 [Veto1]:751.089 [Veto2]:769.535 [Veto3]:535.733 [Veto4]:535.733 [SgUp1]:56911 [SgUp2]:56425 [SgUp3]:0 [SgUp4]:0 [SgLow1]:56820 [SgLow2]:56361 [SgLow3]:0 [SgLow4]:0 [NetMuon1]:573736 [NetMuon2]:569992 [NetMuon3]:617182 [NetMuon4]:617182
[Run]:25104 [Site]:1 [Bin]:3823 [FullTime]:3600 [SkipTime]:0 [Veto1]:730.567 [Veto2]:743.311 [Veto3]:535.832 [Veto4]:535.832 [SgUp1]:57797 [SgUp2]:57123 [SgUp3]:0 [SgUp4]:0 [SgLow1]:57719 [SgLow2]:57032 [SgLow3]:0 [SgLow4]:0 [NetMuon1]:578048 [NetMuon2]:575366 [NetMuon3]:617215 [NetMuon4]:617215
[Run]:25104 [Site]:1 [Bin]:3824 [FullTime]:3600 [SkipTime]:0 [Veto1]:755.046 [Veto2]:746.136 [Veto3]:536.443 [Veto4]:536.443 [SgUp1]:57677 [SgUp2]:57081 [SgUp3]:0 [SgUp4]:0 [SgLow1]:57606 [SgLow2]:57016 [SgLow3]:0 [SgLow4]:0 [NetMuon1]:573776 [NetMuon2]:575610 [NetMuon3]:617696 [NetMuon4]:617696
[Run]:25104 [Site]:1 [Bin]:3825 [FullTime]:3600 [SkipTime]:0 [Veto1]:722.157 [Veto2]:733.943 [Veto3]:536.279 [Veto4]:536.279 [SgUp1]:58216 [SgUp2]:57114 [SgUp3]:0 [SgUp4]:0 [SgLow1]:58144 [SgLow2]:57033 [SgLow3]:0 [SgLow4]:0 [NetMuon1]:579952 [NetMuon2]:577703 [NetMuon3]:617448 [NetMuon4]:617448
[Run]:25104 [Site]:1 [Bin]:3826 [FullTime]:3600 [SkipTime]:0 [Veto1]:741.094 [Veto2]:749.324 [Veto3]:535.473 [Veto4]:535.473 [SgUp1]:57869 [SgUp2]:57153 [SgUp3]:0 [SgUp4]:0 [SgLow1]:57788 [SgLow2]:57070 [SgLow3]:0 [SgLow4]:0 [NetMuon1]:575364 [NetMuon2]:573391 [NetMuon3]:616531 [NetMuon4]:616531
[Run]:25104 [Site]:1 [Bin]:3827 [FullTime]:3600 [SkipTime]:0 [Veto1]:741.431 [Veto2]:763.031 [Veto3]:534.885 [Veto4]:534.885 [SgUp1]:57826 [SgUp2]:56699 [SgUp3]:0 [SgUp4]:0 [SgLow1]:57748 [SgLow2]:56629 [SgLow3]:0 [SgLow4]:0 [NetMuon1]:574617 [NetMuon2]:570185 [NetMuon3]:615996 [NetMuon4]:615996
[Run]:25104 [Site]:1 [Bin]:3828 [FullTime]:3600 [SkipTime]:0 [Veto1]:741.802 [Veto2]:765.939 [Veto3]:535.544 [Veto4]:535.544 [SgUp1]:57680 [SgUp2]:56783 [SgUp3]:0 [SgUp4]:0 [SgLow1]:57599 [SgLow2]:56710 [SgLow3]:0 [SgLow4]:0 [NetMuon1]:575269 [NetMuon2]:570334 [NetMuon3]:616880 [NetMuon4]:616880
[Run]:25104 [Site]:1 [Bin]:3829 [FullTime]:3600 [SkipTime]:0 [Veto1]:747.029 [Veto2]:759.301 [Veto3]:535.244 [Veto4]:535.244 [SgUp1]:57367 [SgUp2]:56975 [SgUp3]:0 [SgUp4]:0 [SgLow1]:57302 [SgLow2]:56886 [SgLow3]:0 [SgLow4]:0 [NetMuon1]:573444 [NetMuon2]:570926 [NetMuon3]:616303 [NetMuon4]:616303
[Run]:25104 [Site]:1 [Bin]:3830 [FullTime]:3600 [SkipTime]:0 [Veto1]:744.211 [Veto2]:731.227 [Veto3]:534.875 [Veto4]:534.875 [SgUp1]:58209 [SgUp2]:57549 [SgUp3]:0 [SgUp4]:0 [SgLow1]:58122 [SgLow2]:57467 [SgLow3]:0 [SgLow4]:0 [NetMuon1]:574134 [NetMuon2]:576670 [NetMuon3]:616226 [NetMuon4]:616226
[Run]:25104 [Site]:1 [Bin]:3831 [FullTime]:3600 [SkipTime]:0 [Veto1]:734.645 [Veto2]:753.159 [Veto3]:535.272 [Veto4]:535.272 [SgUp1]:57598 [SgUp2]:56745 [SgUp3]:0 [SgUp4]:0 [SgLow1]:57512 [SgLow2]:56666 [SgLow3]:0 [SgLow4]:0 [NetMuon1]:576436 [NetMuon2]:572793 [NetMuon3]:616640 [NetMuon4]:616640
[Run]:25104 [Site]:1 [Bin]:3832 [FullTime]:3600 [SkipTime]:0 [Veto1]:758.849 [Veto2]:732.775 [Veto3]:535.884 [Veto4]:535.884 [SgUp1]:56931 [SgUp2]:57685 [SgUp3]:0 [SgUp4]:0 [SgLow1]:56843 [SgLow2]:57622 [SgLow3]:0 [SgLow4]:0 [NetMuon1]:571918 [NetMuon2]:577526 [NetMuon3]:617192 [NetMuon4]:617192
[Run]:25104 [Site]:1 [Bin]:3833 [FullTime]:3600 [SkipTime]:0 [Veto1]:757.999 [Veto2]:759.644 [Veto3]:535.297 [Veto4]:535.297 [SgUp1]:57025 [SgUp2]:57003 [SgUp3]:0 [SgUp4]:0 [SgLow1]:56951 [SgLow2]:56926 [SgLow3]:0 [SgLow4]:0 [NetMuon1]:571986 [NetMuon2]:571177 [NetMuon3]:616571 [NetMuon4]:616571
[Run]:25104 [Site]:1 [Bin]:3834 [FullTime]:3600 [SkipTime]:0 [Veto1]:759.646 [Veto2]:740.039 [Veto3]:534.792 [Veto4]:534.792 [SgUp1]:57217 [SgUp2]:57692 [SgUp3]:0 [SgUp4]:0 [SgLow1]:57143 [SgLow2]:57609 [SgLow3]:0 [SgLow4]:0 [NetMuon1]:571008 [NetMuon2]:574658 [NetMuon3]:615974 [NetMuon4]:615974
[Run]:25104 [Site]:1 [Bin]:3835 [FullTime]:3600 [SkipTime]:0 [Veto1]:754.022 [Veto2]:729.908 [Veto3]:535.025 [Veto4]:535.025 [SgUp1]:57492 [SgUp2]:57697 [SgUp3]:0 [SgUp4]:0 [SgLow1]:57393 [SgLow2]:57618 [SgLow3]:0 [SgLow4]:0 [NetMuon1]:572026 [NetMuon2]:576958 [NetMuon3]:616241 [NetMuon4]:616241
[Run]:25104 [Site]:1 [Bin]:3836 [FullTime]:3600 [SkipTime]:0 [Veto1]:743.496 [Veto2]:754.044 [Veto3]:534.006 [Veto4]:534.006 [SgUp1]:57638 [SgUp2]:56969 [SgUp3]:0 [SgUp4]:0 [SgLow1]:57573 [SgLow2]:56907 [SgLow3]:0 [SgLow4]:0 [NetMuon1]:573445 [NetMuon2]:571223 [NetMuon3]:615329 [NetMuon4]:615329
[Run]:25104 [Site]:1 [Bin]:3837 [FullTime]:3600 [SkipTime]:0 [Veto1]:749.14 [Veto2]:748.209 [Veto3]:534.82 [Veto4]:534.82 [SgUp1]:57565 [SgUp2]:57639 [SgUp3]:0 [SgUp4]:0 [SgLow1]:57489 [SgLow2]:57560 [SgLow3]:0 [SgLow4]:0 [NetMuon1]:573246 [NetMuon2]:573064 [NetMuon3]:616269 [NetMuon4]:616269
[Run]:25104 [Site]:1 [Bin]:3838 [FullTime]:3600 [SkipTime]:0 [Veto1]:747.276 [Veto2]:744.572 [Veto3]:535.898 [Veto4]:535.898 [SgUp1]:57412 [SgUp2]:57070 [SgUp3]:0 [SgUp4]:0 [SgLow1]:57330 [SgLow2]:56997 [SgLow3]:0 [SgLow4]:0 [NetMuon1]:574540 [NetMuon2]:575347 [NetMuon3]:616964 [NetMuon4]:616964
[Run]:25104 [Site]:1 [Bin]:3839 [FullTime]:3600 [SkipTime]:0 [Veto1]:735.992 [Veto2]:735.333 [Veto3]:536.408 [Veto4]:536.408 [SgUp1]:58118 [SgUp2]:57422 [SgUp3]:0 [SgUp4]:0 [SgLow1]:58042 [SgLow2]:57346 [SgLow3]:0 [SgLow4]:0 [NetMuon1]:577551 [NetMuon2]:577776 [NetMuon3]:617841 [NetMuon4]:617841
End process Run: 25104 ... 
[Run]:25104 [Site]:1 [Bin]:3840 [FullTime]:3400.73 [SkipTime]:0 [Veto1]:726.091 [Veto2]:683.023 [Veto3]:505.565 [Veto4]:505.565
