StreamChain add 0x1bf6d7f0
Start to process run: 25136 ... 
[Run]:25136 [Site]:1 [Bin]:3914 [FullTime]:3053.42 [SkipTime]:0 [Veto1]:643.579 [Veto2]:631.011 [Veto3]:453.482 [Veto4]:453.482 [SgUp1]:48753 [SgUp2]:48560 [SgUp3]:0 [SgUp4]:0 [SgLow1]:48673 [SgLow2]:48481 [SgLow3]:0 [SgLow4]:0 [NetMuon1]:484161 [NetMuon2]:486776 [NetMuon3]:522398 [NetMuon4]:522398
[Run]:25136 [Site]:1 [Bin]:3915 [FullTime]:3600 [SkipTime]:0 [Veto1]:743.32 [Veto2]:731.255 [Veto3]:535.929 [Veto4]:535.929 [SgUp1]:57560 [SgUp2]:57647 [SgUp3]:0 [SgUp4]:0 [SgLow1]:57464 [SgLow2]:57575 [SgLow3]:0 [SgLow4]:0 [NetMuon1]:575293 [NetMuon2]:577906 [NetMuon3]:617101 [NetMuon4]:617101
[Run]:25136 [Site]:1 [Bin]:3916 [FullTime]:3600 [SkipTime]:0 [Veto1]:731.645 [Veto2]:748.663 [Veto3]:536.545 [Veto4]:536.545 [SgUp1]:57651 [SgUp2]:56896 [SgUp3]:0 [SgUp4]:0 [SgLow1]:57529 [SgLow2]:56789 [SgLow3]:0 [SgLow4]:0 [NetMuon1]:578336 [NetMuon2]:575383 [NetMuon3]:617758 [NetMuon4]:617758
[Run]:25136 [Site]:1 [Bin]:3917 [FullTime]:3600 [SkipTime]:0 [Veto1]:723.833 [Veto2]:758.283 [Veto3]:536.358 [Veto4]:536.358 [SgUp1]:57607 [SgUp2]:57691 [SgUp3]:0 [SgUp4]:0 [SgLow1]:57513 [SgLow2]:57585 [SgLow3]:0 [SgLow4]:0 [NetMuon1]:579964 [NetMuon2]:573083 [NetMuon3]:617619 [NetMuon4]:617619
[Run]:25136 [Site]:1 [Bin]:3918 [FullTime]:3600 [SkipTime]:0 [Veto1]:737.698 [Veto2]:758.786 [Veto3]:536.855 [Veto4]:536.855 [SgUp1]:58025 [SgUp2]:56748 [SgUp3]:0 [SgUp4]:0 [SgLow1]:57927 [SgLow2]:56642 [SgLow3]:0 [SgLow4]:0 [NetMuon1]:577544 [NetMuon2]:573429 [NetMuon3]:618092 [NetMuon4]:618092
[Run]:25136 [Site]:1 [Bin]:3919 [FullTime]:3600 [SkipTime]:0 [Veto1]:735.908 [Veto2]:762.66 [Veto3]:537.029 [Veto4]:537.029 [SgUp1]:57451 [SgUp2]:56837 [SgUp3]:0 [SgUp4]:0 [SgLow1]:57366 [SgLow2]:56739 [SgLow3]:0 [SgLow4]:0 [NetMuon1]:577838 [NetMuon2]:572752 [NetMuon3]:618326 [NetMuon4]:618326
[Run]:25136 [Site]:1 [Bin]:3920 [FullTime]:3600 [SkipTime]:0 [Veto1]:736.376 [Veto2]:749.038 [Veto3]:536.76 [Veto4]:536.76 [SgUp1]:57353 [SgUp2]:57096 [SgUp3]:0 [SgUp4]:0 [SgLow1]:57250 [SgLow2]:57007 [SgLow3]:0 [SgLow4]:0 [NetMuon1]:578049 [NetMuon2]:575807 [NetMuon3]:618448 [NetMuon4]:618448
[Run]:25136 [Site]:1 [Bin]:3921 [FullTime]:3600 [SkipTime]:0 [Veto1]:716.171 [Veto2]:756.417 [Veto3]:535.339 [Veto4]:535.339 [SgUp1]:58358 [SgUp2]:57035 [SgUp3]:0 [SgUp4]:0 [SgLow1]:58266 [SgLow2]:56921 [SgLow3]:0 [SgLow4]:0 [NetMuon1]:580031 [NetMuon2]:572241 [NetMuon3]:616482 [NetMuon4]:616482
[Run]:25136 [Site]:1 [Bin]:3922 [FullTime]:3600 [SkipTime]:0 [Veto1]:729.704 [Veto2]:745.946 [Veto3]:535.667 [Veto4]:535.667 [SgUp1]:57943 [SgUp2]:57177 [SgUp3]:0 [SgUp4]:0 [SgLow1]:57853 [SgLow2]:57092 [SgLow3]:0 [SgLow4]:0 [NetMuon1]:577771 [NetMuon2]:574483 [NetMuon3]:616814 [NetMuon4]:616814
[Run]:25136 [Site]:1 [Bin]:3923 [FullTime]:3600 [SkipTime]:0 [Veto1]:745.784 [Veto2]:740.928 [Veto3]:535.557 [Veto4]:535.557 [SgUp1]:57809 [SgUp2]:57526 [SgUp3]:0 [SgUp4]:0 [SgLow1]:57694 [SgLow2]:57449 [SgLow3]:0 [SgLow4]:0 [NetMuon1]:574547 [NetMuon2]:575337 [NetMuon3]:616677 [NetMuon4]:616677
[Run]:25136 [Site]:1 [Bin]:3924 [FullTime]:3600 [SkipTime]:0 [Veto1]:729.868 [Veto2]:755.325 [Veto3]:535.928 [Veto4]:535.928 [SgUp1]:58429 [SgUp2]:56824 [SgUp3]:0 [SgUp4]:0 [SgLow1]:58346 [SgLow2]:56722 [SgLow3]:0 [SgLow4]:0 [NetMuon1]:578119 [NetMuon2]:572574 [NetMuon3]:616914 [NetMuon4]:616914
[Run]:25136 [Site]:1 [Bin]:3925 [FullTime]:3600 [SkipTime]:0 [Veto1]:759.291 [Veto2]:747.324 [Veto3]:535.805 [Veto4]:535.805 [SgUp1]:57799 [SgUp2]:57011 [SgUp3]:0 [SgUp4]:0 [SgLow1]:57681 [SgLow2]:56913 [SgLow3]:0 [SgLow4]:0 [NetMuon1]:572151 [NetMuon2]:574435 [NetMuon3]:617022 [NetMuon4]:617022
[Run]:25136 [Site]:1 [Bin]:3926 [FullTime]:3600 [SkipTime]:0 [Veto1]:755.99 [Veto2]:731.331 [Veto3]:535.716 [Veto4]:535.716 [SgUp1]:57430 [SgUp2]:57957 [SgUp3]:0 [SgUp4]:0 [SgLow1]:57342 [SgLow2]:57859 [SgLow3]:0 [SgLow4]:0 [NetMuon1]:572508 [NetMuon2]:577733 [NetMuon3]:617059 [NetMuon4]:617059
[Run]:25136 [Site]:1 [Bin]:3927 [FullTime]:3600 [SkipTime]:0 [Veto1]:757.849 [Veto2]:730.763 [Veto3]:536.726 [Veto4]:536.726 [SgUp1]:57064 [SgUp2]:57466 [SgUp3]:0 [SgUp4]:0 [SgLow1]:56952 [SgLow2]:57367 [SgLow3]:0 [SgLow4]:0 [NetMuon1]:573424 [NetMuon2]:579181 [NetMuon3]:618197 [NetMuon4]:618197
[Run]:25136 [Site]:1 [Bin]:3928 [FullTime]:3600 [SkipTime]:0 [Veto1]:720.699 [Veto2]:742.851 [Veto3]:535.257 [Veto4]:535.257 [SgUp1]:57678 [SgUp2]:57348 [SgUp3]:0 [SgUp4]:0 [SgLow1]:57588 [SgLow2]:57258 [SgLow3]:0 [SgLow4]:0 [NetMuon1]:579446 [NetMuon2]:574649 [NetMuon3]:616628 [NetMuon4]:616628
[Run]:25136 [Site]:1 [Bin]:3929 [FullTime]:3600 [SkipTime]:0 [Veto1]:748.002 [Veto2]:738.72 [Veto3]:535.61 [Veto4]:535.61 [SgUp1]:57459 [SgUp2]:57215 [SgUp3]:0 [SgUp4]:0 [SgLow1]:57369 [SgLow2]:57126 [SgLow3]:0 [SgLow4]:0 [NetMuon1]:574055 [NetMuon2]:576098 [NetMuon3]:616767 [NetMuon4]:616767
[Run]:25136 [Site]:1 [Bin]:3930 [FullTime]:3600 [SkipTime]:0 [Veto1]:742.674 [Veto2]:768.991 [Veto3]:536.806 [Veto4]:536.806 [SgUp1]:57495 [SgUp2]:56788 [SgUp3]:0 [SgUp4]:0 [SgLow1]:57393 [SgLow2]:56712 [SgLow3]:0 [SgLow4]:0 [NetMuon1]:576487 [NetMuon2]:571117 [NetMuon3]:618120 [NetMuon4]:618120
[Run]:25136 [Site]:1 [Bin]:3931 [FullTime]:3600 [SkipTime]:0 [Veto1]:735.055 [Veto2]:755.116 [Veto3]:536.207 [Veto4]:536.207 [SgUp1]:57669 [SgUp2]:56752 [SgUp3]:0 [SgUp4]:0 [SgLow1]:57573 [SgLow2]:56654 [SgLow3]:0 [SgLow4]:0 [NetMuon1]:577260 [NetMuon2]:573228 [NetMuon3]:617525 [NetMuon4]:617525
[Run]:25136 [Site]:1 [Bin]:3932 [FullTime]:3600 [SkipTime]:0 [Veto1]:726.954 [Veto2]:734.769 [Veto3]:535.682 [Veto4]:535.682 [SgUp1]:57842 [SgUp2]:57571 [SgUp3]:0 [SgUp4]:0 [SgLow1]:57751 [SgLow2]:57489 [SgLow3]:0 [SgLow4]:0 [NetMuon1]:578436 [NetMuon2]:576862 [NetMuon3]:616916 [NetMuon4]:616916
[Run]:25136 [Site]:1 [Bin]:3933 [FullTime]:3600 [SkipTime]:0 [Veto1]:756.111 [Veto2]:750.88 [Veto3]:536.076 [Veto4]:536.076 [SgUp1]:57666 [SgUp2]:57128 [SgUp3]:0 [SgUp4]:0 [SgLow1]:57554 [SgLow2]:56999 [SgLow3]:0 [SgLow4]:0 [NetMuon1]:573352 [NetMuon2]:574397 [NetMuon3]:617593 [NetMuon4]:617593
[Run]:25136 [Site]:1 [Bin]:3934 [FullTime]:3600 [SkipTime]:0 [Veto1]:714.35 [Veto2]:733.534 [Veto3]:535.328 [Veto4]:535.328 [SgUp1]:58129 [SgUp2]:57535 [SgUp3]:0 [SgUp4]:0 [SgLow1]:58020 [SgLow2]:57439 [SgLow3]:0 [SgLow4]:0 [NetMuon1]:580970 [NetMuon2]:576510 [NetMuon3]:616891 [NetMuon4]:616891
[Run]:25136 [Site]:1 [Bin]:3935 [FullTime]:3600 [SkipTime]:0 [Veto1]:717.024 [Veto2]:759.481 [Veto3]:537.03 [Veto4]:537.03 [SgUp1]:57980 [SgUp2]:57047 [SgUp3]:0 [SgUp4]:0 [SgLow1]:57881 [SgLow2]:56949 [SgLow3]:0 [SgLow4]:0 [NetMuon1]:582482 [NetMuon2]:573716 [NetMuon3]:618609 [NetMuon4]:618609
[Run]:25136 [Site]:1 [Bin]:3936 [FullTime]:3600 [SkipTime]:0 [Veto1]:740.566 [Veto2]:773.097 [Veto3]:534.812 [Veto4]:534.812 [SgUp1]:57613 [SgUp2]:57020 [SgUp3]:0 [SgUp4]:0 [SgLow1]:57510 [SgLow2]:56933 [SgLow3]:0 [SgLow4]:0 [NetMuon1]:574524 [NetMuon2]:567768 [NetMuon3]:615815 [NetMuon4]:615815
[Run]:25136 [Site]:1 [Bin]:3937 [FullTime]:3600 [SkipTime]:0 [Veto1]:748.958 [Veto2]:753.7 [Veto3]:536.968 [Veto4]:536.968 [SgUp1]:57490 [SgUp2]:57055 [SgUp3]:0 [SgUp4]:0 [SgLow1]:57378 [SgLow2]:56977 [SgLow3]:0 [SgLow4]:0 [NetMuon1]:575200 [NetMuon2]:574124 [NetMuon3]:618046 [NetMuon4]:618046
[Run]:25136 [Site]:1 [Bin]:3938 [FullTime]:3600 [SkipTime]:0 [Veto1]:734.757 [Veto2]:746.401 [Veto3]:536.052 [Veto4]:536.052 [SgUp1]:57874 [SgUp2]:57454 [SgUp3]:0 [SgUp4]:0 [SgLow1]:57750 [SgLow2]:57325 [SgLow3]:0 [SgLow4]:0 [NetMuon1]:576967 [NetMuon2]:574670 [NetMuon3]:617159 [NetMuon4]:617159
[Run]:25136 [Site]:1 [Bin]:3939 [FullTime]:3600 [SkipTime]:0 [Veto1]:743.119 [Veto2]:745.33 [Veto3]:536.311 [Veto4]:536.311 [SgUp1]:57834 [SgUp2]:57568 [SgUp3]:0 [SgUp4]:0 [SgLow1]:57725 [SgLow2]:57477 [SgLow3]:0 [SgLow4]:0 [NetMuon1]:576403 [NetMuon2]:575698 [NetMuon3]:617955 [NetMuon4]:617955
[Run]:25136 [Site]:1 [Bin]:3940 [FullTime]:3600 [SkipTime]:0 [Veto1]:732.01 [Veto2]:734.924 [Veto3]:537.838 [Veto4]:537.838 [SgUp1]:58161 [SgUp2]:57290 [SgUp3]:0 [SgUp4]:0 [SgLow1]:58046 [SgLow2]:57198 [SgLow3]:0 [SgLow4]:0 [NetMuon1]:580125 [NetMuon2]:579150 [NetMuon3]:619435 [NetMuon4]:619435
[Run]:25136 [Site]:1 [Bin]:3941 [FullTime]:3600 [SkipTime]:0 [Veto1]:721.718 [Veto2]:764.955 [Veto3]:537.323 [Veto4]:537.323 [SgUp1]:58330 [SgUp2]:56311 [SgUp3]:0 [SgUp4]:0 [SgLow1]:58221 [SgLow2]:56191 [SgLow3]:0 [SgLow4]:0 [NetMuon1]:581438 [NetMuon2]:573154 [NetMuon3]:618781 [NetMuon4]:618781
[Run]:25136 [Site]:1 [Bin]:3942 [FullTime]:3600 [SkipTime]:0 [Veto1]:753.625 [Veto2]:753.289 [Veto3]:536.156 [Veto4]:536.156 [SgUp1]:57490 [SgUp2]:57075 [SgUp3]:0 [SgUp4]:0 [SgLow1]:57402 [SgLow2]:56963 [SgLow3]:0 [SgLow4]:0 [NetMuon1]:573844 [NetMuon2]:574072 [NetMuon3]:617611 [NetMuon4]:617611
[Run]:25136 [Site]:1 [Bin]:3943 [FullTime]:3600 [SkipTime]:0 [Veto1]:739.332 [Veto2]:743.297 [Veto3]:535.448 [Veto4]:535.448 [SgUp1]:58135 [SgUp2]:57446 [SgUp3]:0 [SgUp4]:0 [SgLow1]:58048 [SgLow2]:57329 [SgLow3]:0 [SgLow4]:0 [NetMuon1]:576022 [NetMuon2]:574897 [NetMuon3]:616886 [NetMuon4]:616886
[Run]:25136 [Site]:1 [Bin]:3944 [FullTime]:3600 [SkipTime]:0 [Veto1]:756.232 [Veto2]:762.307 [Veto3]:535.769 [Veto4]:535.769 [SgUp1]:57530 [SgUp2]:56633 [SgUp3]:0 [SgUp4]:0 [SgLow1]:57435 [SgLow2]:56497 [SgLow3]:0 [SgLow4]:0 [NetMuon1]:573049 [NetMuon2]:571435 [NetMuon3]:617288 [NetMuon4]:617288
[Run]:25136 [Site]:1 [Bin]:3945 [FullTime]:3600 [SkipTime]:0 [Veto1]:727.227 [Veto2]:737.901 [Veto3]:536.376 [Veto4]:536.376 [SgUp1]:58140 [SgUp2]:57364 [SgUp3]:0 [SgUp4]:0 [SgLow1]:58048 [SgLow2]:57254 [SgLow3]:0 [SgLow4]:0 [NetMuon1]:578798 [NetMuon2]:576967 [NetMuon3]:617379 [NetMuon4]:617379
[Run]:25136 [Site]:1 [Bin]:3946 [FullTime]:3600 [SkipTime]:0 [Veto1]:722.704 [Veto2]:753.896 [Veto3]:536.288 [Veto4]:536.288 [SgUp1]:58050 [SgUp2]:57110 [SgUp3]:0 [SgUp4]:0 [SgLow1]:57959 [SgLow2]:56974 [SgLow3]:0 [SgLow4]:0 [NetMuon1]:580113 [NetMuon2]:573838 [NetMuon3]:617717 [NetMuon4]:617717
[Run]:25136 [Site]:1 [Bin]:3947 [FullTime]:3600 [SkipTime]:0 [Veto1]:724.342 [Veto2]:738.76 [Veto3]:535.668 [Veto4]:535.668 [SgUp1]:58315 [SgUp2]:57660 [SgUp3]:0 [SgUp4]:0 [SgLow1]:58228 [SgLow2]:57521 [SgLow3]:0 [SgLow4]:0 [NetMuon1]:578852 [NetMuon2]:576242 [NetMuon3]:617057 [NetMuon4]:617057
[Run]:25136 [Site]:1 [Bin]:3948 [FullTime]:3600 [SkipTime]:0 [Veto1]:758.34 [Veto2]:767.99 [Veto3]:536.53 [Veto4]:536.53 [SgUp1]:57163 [SgUp2]:57199 [SgUp3]:0 [SgUp4]:0 [SgLow1]:57061 [SgLow2]:57103 [SgLow3]:0 [SgLow4]:0 [NetMuon1]:573388 [NetMuon2]:571203 [NetMuon3]:618207 [NetMuon4]:618207
[Run]:25136 [Site]:1 [Bin]:3949 [FullTime]:3600 [SkipTime]:0 [Veto1]:746.933 [Veto2]:734.722 [Veto3]:536.194 [Veto4]:536.194 [SgUp1]:57595 [SgUp2]:57251 [SgUp3]:0 [SgUp4]:0 [SgLow1]:57491 [SgLow2]:57154 [SgLow3]:0 [SgLow4]:0 [NetMuon1]:575198 [NetMuon2]:577829 [NetMuon3]:617552 [NetMuon4]:617552
[Run]:25136 [Site]:1 [Bin]:3950 [FullTime]:3600 [SkipTime]:0 [Veto1]:737.225 [Veto2]:757.929 [Veto3]:536.285 [Veto4]:536.285 [SgUp1]:57519 [SgUp2]:56924 [SgUp3]:0 [SgUp4]:0 [SgLow1]:57414 [SgLow2]:56809 [SgLow3]:0 [SgLow4]:0 [NetMuon1]:577440 [NetMuon2]:573232 [NetMuon3]:617794 [NetMuon4]:617794
[Run]:25136 [Site]:1 [Bin]:3951 [FullTime]:3600 [SkipTime]:0 [Veto1]:761.238 [Veto2]:741.727 [Veto3]:535.241 [Veto4]:535.241 [SgUp1]:57945 [SgUp2]:57878 [SgUp3]:0 [SgUp4]:0 [SgLow1]:57846 [SgLow2]:57765 [SgLow3]:0 [SgLow4]:0 [NetMuon1]:571144 [NetMuon2]:574773 [NetMuon3]:616365 [NetMuon4]:616365
[Run]:25136 [Site]:1 [Bin]:3952 [FullTime]:3600 [SkipTime]:0 [Veto1]:712.988 [Veto2]:752.264 [Veto3]:535.999 [Veto4]:535.999 [SgUp1]:58224 [SgUp2]:57323 [SgUp3]:0 [SgUp4]:0 [SgLow1]:58107 [SgLow2]:57212 [SgLow3]:0 [SgLow4]:0 [NetMuon1]:581530 [NetMuon2]:574380 [NetMuon3]:617418 [NetMuon4]:617418
[Run]:25136 [Site]:1 [Bin]:3953 [FullTime]:3600 [SkipTime]:0 [Veto1]:741.315 [Veto2]:756.834 [Veto3]:535.248 [Veto4]:535.248 [SgUp1]:57696 [SgUp2]:57152 [SgUp3]:0 [SgUp4]:0 [SgLow1]:57591 [SgLow2]:57026 [SgLow3]:0 [SgLow4]:0 [NetMuon1]:574995 [NetMuon2]:572062 [NetMuon3]:616598 [NetMuon4]:616598
[Run]:25136 [Site]:1 [Bin]:3954 [FullTime]:3600 [SkipTime]:0 [Veto1]:728.23 [Veto2]:754.648 [Veto3]:536.345 [Veto4]:536.345 [SgUp1]:58069 [SgUp2]:57243 [SgUp3]:0 [SgUp4]:0 [SgLow1]:57968 [SgLow2]:57148 [SgLow3]:0 [SgLow4]:0 [NetMuon1]:579217 [NetMuon2]:573850 [NetMuon3]:617957 [NetMuon4]:617957
[Run]:25136 [Site]:1 [Bin]:3955 [FullTime]:3600 [SkipTime]:0 [Veto1]:739.001 [Veto2]:767.263 [Veto3]:536.013 [Veto4]:536.013 [SgUp1]:57777 [SgUp2]:57005 [SgUp3]:0 [SgUp4]:0 [SgLow1]:57676 [SgLow2]:56904 [SgLow3]:0 [SgLow4]:0 [NetMuon1]:576337 [NetMuon2]:571018 [NetMuon3]:617463 [NetMuon4]:617463
[Run]:25136 [Site]:1 [Bin]:3956 [FullTime]:3600 [SkipTime]:0 [Veto1]:734.227 [Veto2]:756.336 [Veto3]:536.761 [Veto4]:536.761 [SgUp1]:57859 [SgUp2]:57398 [SgUp3]:0 [SgUp4]:0 [SgLow1]:57783 [SgLow2]:57321 [SgLow3]:0 [SgLow4]:0 [NetMuon1]:578641 [NetMuon2]:574259 [NetMuon3]:618464 [NetMuon4]:618464
[Run]:25136 [Site]:1 [Bin]:3957 [FullTime]:3600 [SkipTime]:0 [Veto1]:754.379 [Veto2]:754.368 [Veto3]:536.494 [Veto4]:536.494 [SgUp1]:57493 [SgUp2]:57077 [SgUp3]:0 [SgUp4]:0 [SgLow1]:57391 [SgLow2]:56973 [SgLow3]:0 [SgLow4]:0 [NetMuon1]:573797 [NetMuon2]:574084 [NetMuon3]:617873 [NetMuon4]:617873
[Run]:25136 [Site]:1 [Bin]:3958 [FullTime]:3600 [SkipTime]:0 [Veto1]:739.481 [Veto2]:742.127 [Veto3]:536.49 [Veto4]:536.49 [SgUp1]:57734 [SgUp2]:57462 [SgUp3]:0 [SgUp4]:0 [SgLow1]:57621 [SgLow2]:57385 [SgLow3]:0 [SgLow4]:0 [NetMuon1]:576686 [NetMuon2]:576033 [NetMuon3]:617452 [NetMuon4]:617452
[Run]:25136 [Site]:1 [Bin]:3959 [FullTime]:3600 [SkipTime]:0 [Veto1]:734.371 [Veto2]:750.736 [Veto3]:536.349 [Veto4]:536.349 [SgUp1]:57695 [SgUp2]:56936 [SgUp3]:0 [SgUp4]:0 [SgLow1]:57581 [SgLow2]:56841 [SgLow3]:0 [SgLow4]:0 [NetMuon1]:578148 [NetMuon2]:574372 [NetMuon3]:617826 [NetMuon4]:617826
[Run]:25136 [Site]:1 [Bin]:3960 [FullTime]:3600 [SkipTime]:0 [Veto1]:728.15 [Veto2]:727.24 [Veto3]:537.527 [Veto4]:537.527 [SgUp1]:58306 [SgUp2]:57527 [SgUp3]:0 [SgUp4]:0 [SgLow1]:58203 [SgLow2]:57429 [SgLow3]:0 [SgLow4]:0 [NetMuon1]:580087 [NetMuon2]:580712 [NetMuon3]:618778 [NetMuon4]:618778
End process Run: 25136 ... 
[Run]:25136 [Site]:1 [Bin]:3961 [FullTime]:46.912 [SkipTime]:0 [Veto1]:9.0425 [Veto2]:10.3719 [Veto3]:7.02186 [Veto4]:7.02186
