StreamChain add 0x1f1b07f0
Start to process run: 25211 ... 
[Run]:25211 [Site]:1 [Bin]:3961 [FullTime]:3135.5 [SkipTime]:0 [Veto1]:638.027 [Veto2]:658.501 [Veto3]:467.398 [Veto4]:467.398 [SgUp1]:50460 [SgUp2]:49965 [SgUp3]:0 [SgUp4]:0 [SgLow1]:50350 [SgLow2]:49899 [SgLow3]:0 [SgLow4]:0 [NetMuon1]:503333 [NetMuon2]:499423 [NetMuon3]:537981 [NetMuon4]:537981
[Run]:25211 [Site]:1 [Bin]:3962 [FullTime]:3600 [SkipTime]:0 [Veto1]:752.167 [Veto2]:749.453 [Veto3]:536.258 [Veto4]:536.258 [SgUp1]:57808 [SgUp2]:57198 [SgUp3]:0 [SgUp4]:0 [SgLow1]:57711 [SgLow2]:57105 [SgLow3]:0 [SgLow4]:0 [NetMuon1]:574415 [NetMuon2]:575119 [NetMuon3]:617849 [NetMuon4]:617849
[Run]:25211 [Site]:1 [Bin]:3963 [FullTime]:3600 [SkipTime]:0 [Veto1]:756.302 [Veto2]:774.609 [Veto3]:537.194 [Veto4]:537.194 [SgUp1]:57357 [SgUp2]:56589 [SgUp3]:0 [SgUp4]:0 [SgLow1]:57255 [SgLow2]:56467 [SgLow3]:0 [SgLow4]:0 [NetMuon1]:574552 [NetMuon2]:570982 [NetMuon3]:618856 [NetMuon4]:618856
[Run]:25211 [Site]:1 [Bin]:3964 [FullTime]:3600 [SkipTime]:0 [Veto1]:737.558 [Veto2]:747.76 [Veto3]:537.052 [Veto4]:537.052 [SgUp1]:57736 [SgUp2]:57148 [SgUp3]:0 [SgUp4]:0 [SgLow1]:57616 [SgLow2]:57036 [SgLow3]:0 [SgLow4]:0 [NetMuon1]:577716 [NetMuon2]:575909 [NetMuon3]:618499 [NetMuon4]:618499
[Run]:25211 [Site]:1 [Bin]:3965 [FullTime]:3600 [SkipTime]:0 [Veto1]:729.404 [Veto2]:762.496 [Veto3]:536.021 [Veto4]:536.021 [SgUp1]:58156 [SgUp2]:56477 [SgUp3]:0 [SgUp4]:0 [SgLow1]:58066 [SgLow2]:56370 [SgLow3]:0 [SgLow4]:0 [NetMuon1]:578683 [NetMuon2]:571966 [NetMuon3]:617650 [NetMuon4]:617650
[Run]:25211 [Site]:1 [Bin]:3966 [FullTime]:3600 [SkipTime]:0 [Veto1]:738.804 [Veto2]:735.461 [Veto3]:536.738 [Veto4]:536.738 [SgUp1]:57698 [SgUp2]:57274 [SgUp3]:0 [SgUp4]:0 [SgLow1]:57598 [SgLow2]:57145 [SgLow3]:0 [SgLow4]:0 [NetMuon1]:577421 [NetMuon2]:578096 [NetMuon3]:617954 [NetMuon4]:617954
[Run]:25211 [Site]:1 [Bin]:3967 [FullTime]:3600 [SkipTime]:0 [Veto1]:745.894 [Veto2]:771.609 [Veto3]:536.251 [Veto4]:536.251 [SgUp1]:57574 [SgUp2]:56749 [SgUp3]:0 [SgUp4]:0 [SgLow1]:57451 [SgLow2]:56633 [SgLow3]:0 [SgLow4]:0 [NetMuon1]:575780 [NetMuon2]:570161 [NetMuon3]:617796 [NetMuon4]:617796
[Run]:25211 [Site]:1 [Bin]:3968 [FullTime]:3600 [SkipTime]:0 [Veto1]:746.426 [Veto2]:772.364 [Veto3]:535.801 [Veto4]:535.801 [SgUp1]:57667 [SgUp2]:56330 [SgUp3]:0 [SgUp4]:0 [SgLow1]:57553 [SgLow2]:56231 [SgLow3]:0 [SgLow4]:0 [NetMuon1]:574812 [NetMuon2]:569576 [NetMuon3]:617295 [NetMuon4]:617295
[Run]:25211 [Site]:1 [Bin]:3969 [FullTime]:3600 [SkipTime]:0 [Veto1]:728.033 [Veto2]:725.454 [Veto3]:536.17 [Veto4]:536.17 [SgUp1]:57758 [SgUp2]:57745 [SgUp3]:0 [SgUp4]:0 [SgLow1]:57630 [SgLow2]:57633 [SgLow3]:0 [SgLow4]:0 [NetMuon1]:578826 [NetMuon2]:579466 [NetMuon3]:617618 [NetMuon4]:617618
[Run]:25211 [Site]:1 [Bin]:3970 [FullTime]:3600 [SkipTime]:0 [Veto1]:746.961 [Veto2]:744.221 [Veto3]:536.324 [Veto4]:536.324 [SgUp1]:57669 [SgUp2]:57025 [SgUp3]:0 [SgUp4]:0 [SgLow1]:57568 [SgLow2]:56944 [SgLow3]:0 [SgLow4]:0 [NetMuon1]:575498 [NetMuon2]:575641 [NetMuon3]:617606 [NetMuon4]:617606
[Run]:25211 [Site]:1 [Bin]:3971 [FullTime]:3600 [SkipTime]:0 [Veto1]:752.185 [Veto2]:725.4 [Veto3]:535.662 [Veto4]:535.662 [SgUp1]:57444 [SgUp2]:57491 [SgUp3]:0 [SgUp4]:0 [SgLow1]:57349 [SgLow2]:57392 [SgLow3]:0 [SgLow4]:0 [NetMuon1]:573649 [NetMuon2]:578845 [NetMuon3]:617301 [NetMuon4]:617301
[Run]:25211 [Site]:1 [Bin]:3972 [FullTime]:3600 [SkipTime]:0 [Veto1]:760.642 [Veto2]:761.242 [Veto3]:536.638 [Veto4]:536.638 [SgUp1]:57012 [SgUp2]:56725 [SgUp3]:0 [SgUp4]:0 [SgLow1]:56907 [SgLow2]:56619 [SgLow3]:0 [SgLow4]:0 [NetMuon1]:572746 [NetMuon2]:572517 [NetMuon3]:617906 [NetMuon4]:617906
[Run]:25211 [Site]:1 [Bin]:3973 [FullTime]:3600 [SkipTime]:0 [Veto1]:724.728 [Veto2]:735.599 [Veto3]:536.115 [Veto4]:536.115 [SgUp1]:57917 [SgUp2]:57332 [SgUp3]:0 [SgUp4]:0 [SgLow1]:57834 [SgLow2]:57227 [SgLow3]:0 [SgLow4]:0 [NetMuon1]:579666 [NetMuon2]:577131 [NetMuon3]:617499 [NetMuon4]:617499
[Run]:25211 [Site]:1 [Bin]:3974 [FullTime]:3600 [SkipTime]:0 [Veto1]:745.739 [Veto2]:760.958 [Veto3]:536.737 [Veto4]:536.737 [SgUp1]:57298 [SgUp2]:56868 [SgUp3]:0 [SgUp4]:0 [SgLow1]:57210 [SgLow2]:56749 [SgLow3]:0 [SgLow4]:0 [NetMuon1]:575848 [NetMuon2]:572674 [NetMuon3]:617967 [NetMuon4]:617967
[Run]:25211 [Site]:1 [Bin]:3975 [FullTime]:3600 [SkipTime]:0 [Veto1]:729.548 [Veto2]:739.761 [Veto3]:535.212 [Veto4]:535.212 [SgUp1]:58116 [SgUp2]:57087 [SgUp3]:0 [SgUp4]:0 [SgLow1]:57995 [SgLow2]:56948 [SgLow3]:0 [SgLow4]:0 [NetMuon1]:577311 [NetMuon2]:575403 [NetMuon3]:616343 [NetMuon4]:616343
[Run]:25211 [Site]:1 [Bin]:3976 [FullTime]:3600 [SkipTime]:0 [Veto1]:763.041 [Veto2]:744.317 [Veto3]:535.94 [Veto4]:535.94 [SgUp1]:58062 [SgUp2]:57293 [SgUp3]:0 [SgUp4]:0 [SgLow1]:57945 [SgLow2]:57195 [SgLow3]:0 [SgLow4]:0 [NetMuon1]:571904 [NetMuon2]:575560 [NetMuon3]:617439 [NetMuon4]:617439
[Run]:25211 [Site]:1 [Bin]:3977 [FullTime]:3600 [SkipTime]:0 [Veto1]:720.495 [Veto2]:751.306 [Veto3]:536.404 [Veto4]:536.404 [SgUp1]:57952 [SgUp2]:57337 [SgUp3]:0 [SgUp4]:0 [SgLow1]:57840 [SgLow2]:57240 [SgLow3]:0 [SgLow4]:0 [NetMuon1]:580424 [NetMuon2]:573949 [NetMuon3]:617547 [NetMuon4]:617547
[Run]:25211 [Site]:1 [Bin]:3978 [FullTime]:3600 [SkipTime]:0 [Veto1]:748.746 [Veto2]:729.264 [Veto3]:535.827 [Veto4]:535.827 [SgUp1]:57934 [SgUp2]:57440 [SgUp3]:0 [SgUp4]:0 [SgLow1]:57817 [SgLow2]:57345 [SgLow3]:0 [SgLow4]:0 [NetMuon1]:573989 [NetMuon2]:577913 [NetMuon3]:617052 [NetMuon4]:617052
[Run]:25211 [Site]:1 [Bin]:3979 [FullTime]:3600 [SkipTime]:0 [Veto1]:732.732 [Veto2]:742.901 [Veto3]:536.249 [Veto4]:536.249 [SgUp1]:58126 [SgUp2]:57525 [SgUp3]:0 [SgUp4]:0 [SgLow1]:58041 [SgLow2]:57409 [SgLow3]:0 [SgLow4]:0 [NetMuon1]:577842 [NetMuon2]:575825 [NetMuon3]:617316 [NetMuon4]:617316
[Run]:25211 [Site]:1 [Bin]:3980 [FullTime]:3600 [SkipTime]:0 [Veto1]:735.754 [Veto2]:742.768 [Veto3]:536.662 [Veto4]:536.662 [SgUp1]:58335 [SgUp2]:56962 [SgUp3]:0 [SgUp4]:0 [SgLow1]:58214 [SgLow2]:56839 [SgLow3]:0 [SgLow4]:0 [NetMuon1]:578093 [NetMuon2]:576661 [NetMuon3]:618146 [NetMuon4]:618146
[Run]:25211 [Site]:1 [Bin]:3981 [FullTime]:3600 [SkipTime]:0 [Veto1]:729.869 [Veto2]:727.854 [Veto3]:536.313 [Veto4]:536.313 [SgUp1]:58023 [SgUp2]:57454 [SgUp3]:0 [SgUp4]:0 [SgLow1]:57902 [SgLow2]:57367 [SgLow3]:0 [SgLow4]:0 [NetMuon1]:578218 [NetMuon2]:578506 [NetMuon3]:617418 [NetMuon4]:617418
[Run]:25211 [Site]:1 [Bin]:3982 [FullTime]:3600 [SkipTime]:0 [Veto1]:745.305 [Veto2]:763.5 [Veto3]:537.95 [Veto4]:537.95 [SgUp1]:57938 [SgUp2]:56715 [SgUp3]:0 [SgUp4]:0 [SgLow1]:57860 [SgLow2]:56597 [SgLow3]:0 [SgLow4]:0 [NetMuon1]:577648 [NetMuon2]:573998 [NetMuon3]:619542 [NetMuon4]:619542
[Run]:25211 [Site]:1 [Bin]:3983 [FullTime]:3600 [SkipTime]:0 [Veto1]:758.337 [Veto2]:735.364 [Veto3]:536.129 [Veto4]:536.129 [SgUp1]:57788 [SgUp2]:57386 [SgUp3]:0 [SgUp4]:0 [SgLow1]:57707 [SgLow2]:57261 [SgLow3]:0 [SgLow4]:0 [NetMuon1]:572706 [NetMuon2]:577596 [NetMuon3]:617590 [NetMuon4]:617590
[Run]:25211 [Site]:1 [Bin]:3984 [FullTime]:3600 [SkipTime]:0 [Veto1]:749.544 [Veto2]:768.806 [Veto3]:535.631 [Veto4]:535.631 [SgUp1]:58184 [SgUp2]:56388 [SgUp3]:0 [SgUp4]:0 [SgLow1]:58064 [SgLow2]:56308 [SgLow3]:0 [SgLow4]:0 [NetMuon1]:574186 [NetMuon2]:570376 [NetMuon3]:617213 [NetMuon4]:617213
[Run]:25211 [Site]:1 [Bin]:3985 [FullTime]:3600 [SkipTime]:0 [Veto1]:705.213 [Veto2]:728.049 [Veto3]:536.73 [Veto4]:536.73 [SgUp1]:58536 [SgUp2]:57568 [SgUp3]:0 [SgUp4]:0 [SgLow1]:58436 [SgLow2]:57467 [SgLow3]:0 [SgLow4]:0 [NetMuon1]:583835 [NetMuon2]:579457 [NetMuon3]:618093 [NetMuon4]:618093
[Run]:25211 [Site]:1 [Bin]:3986 [FullTime]:3600 [SkipTime]:0 [Veto1]:741.911 [Veto2]:750.064 [Veto3]:535.673 [Veto4]:535.673 [SgUp1]:57917 [SgUp2]:57681 [SgUp3]:0 [SgUp4]:0 [SgLow1]:57784 [SgLow2]:57576 [SgLow3]:0 [SgLow4]:0 [NetMuon1]:575624 [NetMuon2]:573837 [NetMuon3]:617072 [NetMuon4]:617072
[Run]:25211 [Site]:1 [Bin]:3987 [FullTime]:3600 [SkipTime]:0 [Veto1]:732.117 [Veto2]:773.281 [Veto3]:536.869 [Veto4]:536.869 [SgUp1]:58178 [SgUp2]:56920 [SgUp3]:0 [SgUp4]:0 [SgLow1]:58073 [SgLow2]:56834 [SgLow3]:0 [SgLow4]:0 [NetMuon1]:578803 [NetMuon2]:570260 [NetMuon3]:618119 [NetMuon4]:618119
[Run]:25211 [Site]:1 [Bin]:3988 [FullTime]:3600 [SkipTime]:0 [Veto1]:724.477 [Veto2]:762.081 [Veto3]:535.795 [Veto4]:535.795 [SgUp1]:58260 [SgUp2]:57110 [SgUp3]:0 [SgUp4]:0 [SgLow1]:58146 [SgLow2]:57008 [SgLow3]:0 [SgLow4]:0 [NetMuon1]:579086 [NetMuon2]:571328 [NetMuon3]:617146 [NetMuon4]:617146
[Run]:25211 [Site]:1 [Bin]:3989 [FullTime]:3600 [SkipTime]:0 [Veto1]:726.155 [Veto2]:758.7 [Veto3]:536.487 [Veto4]:536.487 [SgUp1]:58219 [SgUp2]:57132 [SgUp3]:0 [SgUp4]:0 [SgLow1]:58101 [SgLow2]:57001 [SgLow3]:0 [SgLow4]:0 [NetMuon1]:579857 [NetMuon2]:572974 [NetMuon3]:617829 [NetMuon4]:617829
[Run]:25211 [Site]:1 [Bin]:3990 [FullTime]:3600 [SkipTime]:0 [Veto1]:742.686 [Veto2]:725.675 [Veto3]:535.201 [Veto4]:535.201 [SgUp1]:57719 [SgUp2]:58038 [SgUp3]:0 [SgUp4]:0 [SgLow1]:57604 [SgLow2]:57950 [SgLow3]:0 [SgLow4]:0 [NetMuon1]:574763 [NetMuon2]:578304 [NetMuon3]:616752 [NetMuon4]:616752
[Run]:25211 [Site]:1 [Bin]:3991 [FullTime]:3600 [SkipTime]:0 [Veto1]:723.276 [Veto2]:753.714 [Veto3]:534.605 [Veto4]:534.605 [SgUp1]:58416 [SgUp2]:56927 [SgUp3]:0 [SgUp4]:0 [SgLow1]:58302 [SgLow2]:56806 [SgLow3]:0 [SgLow4]:0 [NetMuon1]:577801 [NetMuon2]:572124 [NetMuon3]:615924 [NetMuon4]:615924
[Run]:25211 [Site]:1 [Bin]:3992 [FullTime]:3600 [SkipTime]:0 [Veto1]:732.341 [Veto2]:741.928 [Veto3]:535.882 [Veto4]:535.882 [SgUp1]:58310 [SgUp2]:57174 [SgUp3]:0 [SgUp4]:0 [SgLow1]:58189 [SgLow2]:57065 [SgLow3]:0 [SgLow4]:0 [NetMuon1]:577748 [NetMuon2]:575895 [NetMuon3]:617299 [NetMuon4]:617299
[Run]:25211 [Site]:1 [Bin]:3993 [FullTime]:3600 [SkipTime]:0 [Veto1]:731.827 [Veto2]:755.287 [Veto3]:535.87 [Veto4]:535.87 [SgUp1]:58493 [SgUp2]:57509 [SgUp3]:0 [SgUp4]:0 [SgLow1]:58364 [SgLow2]:57394 [SgLow3]:0 [SgLow4]:0 [NetMuon1]:577396 [NetMuon2]:572956 [NetMuon3]:617037 [NetMuon4]:617037
[Run]:25211 [Site]:1 [Bin]:3994 [FullTime]:3600 [SkipTime]:0 [Veto1]:736.944 [Veto2]:750.375 [Veto3]:536.363 [Veto4]:536.363 [SgUp1]:58218 [SgUp2]:57125 [SgUp3]:0 [SgUp4]:0 [SgLow1]:58103 [SgLow2]:57016 [SgLow3]:0 [SgLow4]:0 [NetMuon1]:577290 [NetMuon2]:574616 [NetMuon3]:617857 [NetMuon4]:617857
[Run]:25211 [Site]:1 [Bin]:3995 [FullTime]:3600 [SkipTime]:0 [Veto1]:737.431 [Veto2]:739.283 [Veto3]:535.772 [Veto4]:535.772 [SgUp1]:58139 [SgUp2]:57785 [SgUp3]:0 [SgUp4]:0 [SgLow1]:58024 [SgLow2]:57685 [SgLow3]:0 [SgLow4]:0 [NetMuon1]:576367 [NetMuon2]:576235 [NetMuon3]:617013 [NetMuon4]:617013
[Run]:25211 [Site]:1 [Bin]:3996 [FullTime]:3600 [SkipTime]:0 [Veto1]:726.489 [Veto2]:735.402 [Veto3]:535.651 [Veto4]:535.651 [SgUp1]:57897 [SgUp2]:57646 [SgUp3]:0 [SgUp4]:0 [SgLow1]:57777 [SgLow2]:57546 [SgLow3]:0 [SgLow4]:0 [NetMuon1]:578541 [NetMuon2]:576760 [NetMuon3]:617041 [NetMuon4]:617041
[Run]:25211 [Site]:1 [Bin]:3997 [FullTime]:3600 [SkipTime]:0 [Veto1]:752.381 [Veto2]:753.62 [Veto3]:535.43 [Veto4]:535.43 [SgUp1]:58060 [SgUp2]:57275 [SgUp3]:0 [SgUp4]:0 [SgLow1]:57940 [SgLow2]:57159 [SgLow3]:0 [SgLow4]:0 [NetMuon1]:573100 [NetMuon2]:573148 [NetMuon3]:616730 [NetMuon4]:616730
[Run]:25211 [Site]:1 [Bin]:3998 [FullTime]:3600 [SkipTime]:0 [Veto1]:752.628 [Veto2]:738.75 [Veto3]:535.312 [Veto4]:535.312 [SgUp1]:57821 [SgUp2]:57346 [SgUp3]:0 [SgUp4]:0 [SgLow1]:57724 [SgLow2]:57217 [SgLow3]:0 [SgLow4]:0 [NetMuon1]:572958 [NetMuon2]:575590 [NetMuon3]:616602 [NetMuon4]:616602
[Run]:25211 [Site]:1 [Bin]:3999 [FullTime]:3600 [SkipTime]:0 [Veto1]:737.896 [Veto2]:758.424 [Veto3]:536.238 [Veto4]:536.238 [SgUp1]:58257 [SgUp2]:56970 [SgUp3]:0 [SgUp4]:0 [SgLow1]:58163 [SgLow2]:56842 [SgLow3]:0 [SgLow4]:0 [NetMuon1]:577018 [NetMuon2]:572757 [NetMuon3]:617765 [NetMuon4]:617765
[Run]:25211 [Site]:1 [Bin]:4000 [FullTime]:3600 [SkipTime]:0 [Veto1]:721.515 [Veto2]:748.576 [Veto3]:535.586 [Veto4]:535.586 [SgUp1]:58086 [SgUp2]:57374 [SgUp3]:0 [SgUp4]:0 [SgLow1]:57968 [SgLow2]:57259 [SgLow3]:0 [SgLow4]:0 [NetMuon1]:579214 [NetMuon2]:573465 [NetMuon3]:616495 [NetMuon4]:616495
[Run]:25211 [Site]:1 [Bin]:4001 [FullTime]:3600 [SkipTime]:0 [Veto1]:760.289 [Veto2]:730.594 [Veto3]:536.994 [Veto4]:536.994 [SgUp1]:57460 [SgUp2]:57512 [SgUp3]:0 [SgUp4]:0 [SgLow1]:57329 [SgLow2]:57400 [SgLow3]:0 [SgLow4]:0 [NetMuon1]:573355 [NetMuon2]:579023 [NetMuon3]:618257 [NetMuon4]:618257
[Run]:25211 [Site]:1 [Bin]:4002 [FullTime]:3600 [SkipTime]:0 [Veto1]:731.109 [Veto2]:747.419 [Veto3]:536.546 [Veto4]:536.546 [SgUp1]:58085 [SgUp2]:57055 [SgUp3]:0 [SgUp4]:0 [SgLow1]:57975 [SgLow2]:56964 [SgLow3]:0 [SgLow4]:0 [NetMuon1]:578682 [NetMuon2]:575356 [NetMuon3]:617872 [NetMuon4]:617872
[Run]:25211 [Site]:1 [Bin]:4003 [FullTime]:3600 [SkipTime]:0 [Veto1]:744.071 [Veto2]:751.063 [Veto3]:536.608 [Veto4]:536.608 [SgUp1]:58090 [SgUp2]:56909 [SgUp3]:0 [SgUp4]:0 [SgLow1]:57952 [SgLow2]:56787 [SgLow3]:0 [SgLow4]:0 [NetMuon1]:576032 [NetMuon2]:575034 [NetMuon3]:617948 [NetMuon4]:617948
[Run]:25211 [Site]:1 [Bin]:4004 [FullTime]:3600 [SkipTime]:0 [Veto1]:754.677 [Veto2]:743.496 [Veto3]:536.128 [Veto4]:536.128 [SgUp1]:57669 [SgUp2]:57373 [SgUp3]:0 [SgUp4]:0 [SgLow1]:57567 [SgLow2]:57261 [SgLow3]:0 [SgLow4]:0 [NetMuon1]:573511 [NetMuon2]:575531 [NetMuon3]:617344 [NetMuon4]:617344
[Run]:25211 [Site]:1 [Bin]:4005 [FullTime]:3600 [SkipTime]:0 [Veto1]:752.844 [Veto2]:730.338 [Veto3]:535.628 [Veto4]:535.628 [SgUp1]:57468 [SgUp2]:57576 [SgUp3]:0 [SgUp4]:0 [SgLow1]:57356 [SgLow2]:57452 [SgLow3]:0 [SgLow4]:0 [NetMuon1]:573035 [NetMuon2]:577322 [NetMuon3]:616623 [NetMuon4]:616623
[Run]:25211 [Site]:1 [Bin]:4006 [FullTime]:3600 [SkipTime]:0 [Veto1]:726.989 [Veto2]:767.498 [Veto3]:536.839 [Veto4]:536.839 [SgUp1]:58252 [SgUp2]:57044 [SgUp3]:0 [SgUp4]:0 [SgLow1]:58140 [SgLow2]:56935 [SgLow3]:0 [SgLow4]:0 [NetMuon1]:580052 [NetMuon2]:571751 [NetMuon3]:618475 [NetMuon4]:618475
[Run]:25211 [Site]:1 [Bin]:4007 [FullTime]:3600 [SkipTime]:0 [Veto1]:736.695 [Veto2]:756.956 [Veto3]:536.998 [Veto4]:536.998 [SgUp1]:58080 [SgUp2]:56746 [SgUp3]:0 [SgUp4]:0 [SgLow1]:57981 [SgLow2]:56644 [SgLow3]:0 [SgLow4]:0 [NetMuon1]:578173 [NetMuon2]:573816 [NetMuon3]:618480 [NetMuon4]:618480
End process Run: 25211 ... 
[Run]:25211 [Site]:1 [Bin]:4008 [FullTime]:3154.4 [SkipTime]:0 [Veto1]:650.76 [Veto2]:651.315 [Veto3]:470.731 [Veto4]:470.731
