StreamChain add 0x3e2a7f0
Start to process run: 26500 ... 
[Run]:26500 [Site]:1 [Bin]:5089 [FullTime]:939.705 [SkipTime]:579.739 [Veto1]:190.705 [Veto2]:183.304 [Veto3]:140.032 [Veto4]:140.032 [SgUp1]:14899 [SgUp2]:14919 [SgUp3]:0 [SgUp4]:0 [SgLow1]:14879 [SgLow2]:14899 [SgLow3]:0 [SgLow4]:0 [NetMuon1]:150932 [NetMuon2]:152423 [NetMuon3]:161120 [NetMuon4]:161120
[Run]:26500 [Site]:1 [Bin]:5090 [FullTime]:3600 [SkipTime]:0 [Veto1]:732.348 [Veto2]:730.594 [Veto3]:537.998 [Veto4]:537.998 [SgUp1]:57346 [SgUp2]:56644 [SgUp3]:0 [SgUp4]:0 [SgLow1]:57200 [SgLow2]:56504 [SgLow3]:0 [SgLow4]:0 [NetMuon1]:579878 [NetMuon2]:580310 [NetMuon3]:619199 [NetMuon4]:619199
[Run]:26500 [Site]:1 [Bin]:5091 [FullTime]:3600 [SkipTime]:0 [Veto1]:732.773 [Veto2]:785.724 [Veto3]:537.327 [Veto4]:537.327 [SgUp1]:57221 [SgUp2]:55415 [SgUp3]:0 [SgUp4]:0 [SgLow1]:57136 [SgLow2]:55327 [SgLow3]:0 [SgLow4]:0 [NetMuon1]:578856 [NetMuon2]:568500 [NetMuon3]:618514 [NetMuon4]:618514
[Run]:26500 [Site]:1 [Bin]:5092 [FullTime]:3600 [SkipTime]:0 [Veto1]:734.973 [Veto2]:756.559 [Veto3]:535.801 [Veto4]:535.801 [SgUp1]:56931 [SgUp2]:56365 [SgUp3]:0 [SgUp4]:0 [SgLow1]:56838 [SgLow2]:56267 [SgLow3]:0 [SgLow4]:0 [NetMuon1]:576897 [NetMuon2]:572892 [NetMuon3]:617171 [NetMuon4]:617171
[Run]:26500 [Site]:1 [Bin]:5093 [FullTime]:3600 [SkipTime]:0 [Veto1]:735.398 [Veto2]:768.329 [Veto3]:537.314 [Veto4]:537.314 [SgUp1]:56992 [SgUp2]:56027 [SgUp3]:0 [SgUp4]:0 [SgLow1]:56892 [SgLow2]:55938 [SgLow3]:0 [SgLow4]:0 [NetMuon1]:579478 [NetMuon2]:572697 [NetMuon3]:618835 [NetMuon4]:618835
[Run]:26500 [Site]:1 [Bin]:5094 [FullTime]:3600 [SkipTime]:0 [Veto1]:746.432 [Veto2]:753.899 [Veto3]:538.187 [Veto4]:538.187 [SgUp1]:56898 [SgUp2]:56591 [SgUp3]:0 [SgUp4]:0 [SgLow1]:56776 [SgLow2]:56473 [SgLow3]:0 [SgLow4]:0 [NetMuon1]:577625 [NetMuon2]:575785 [NetMuon3]:619513 [NetMuon4]:619513
[Run]:26500 [Site]:1 [Bin]:5095 [FullTime]:3600 [SkipTime]:0 [Veto1]:736.611 [Veto2]:750.698 [Veto3]:536.838 [Veto4]:536.838 [SgUp1]:56866 [SgUp2]:56664 [SgUp3]:0 [SgUp4]:0 [SgLow1]:56773 [SgLow2]:56564 [SgLow3]:0 [SgLow4]:0 [NetMuon1]:577544 [NetMuon2]:574724 [NetMuon3]:617865 [NetMuon4]:617865
[Run]:26500 [Site]:1 [Bin]:5096 [FullTime]:3600.01 [SkipTime]:0 [Veto1]:748.78 [Veto2]:765.476 [Veto3]:535.931 [Veto4]:535.931 [SgUp1]:56683 [SgUp2]:56070 [SgUp3]:0 [SgUp4]:0 [SgLow1]:56567 [SgLow2]:55973 [SgLow3]:0 [SgLow4]:0 [NetMuon1]:574430 [NetMuon2]:570890 [NetMuon3]:617078 [NetMuon4]:617078
[Run]:26500 [Site]:1 [Bin]:5097 [FullTime]:3600 [SkipTime]:0 [Veto1]:746.574 [Veto2]:754.381 [Veto3]:536.539 [Veto4]:536.539 [SgUp1]:57074 [SgUp2]:56351 [SgUp3]:0 [SgUp4]:0 [SgLow1]:56963 [SgLow2]:56256 [SgLow3]:0 [SgLow4]:0 [NetMuon1]:575612 [NetMuon2]:574254 [NetMuon3]:618074 [NetMuon4]:618074
[Run]:26500 [Site]:1 [Bin]:5098 [FullTime]:3600 [SkipTime]:0 [Veto1]:757.454 [Veto2]:759.311 [Veto3]:538.244 [Veto4]:538.244 [SgUp1]:56175 [SgUp2]:56447 [SgUp3]:0 [SgUp4]:0 [SgLow1]:56055 [SgLow2]:56317 [SgLow3]:0 [SgLow4]:0 [NetMuon1]:575220 [NetMuon2]:574423 [NetMuon3]:619482 [NetMuon4]:619482
[Run]:26500 [Site]:1 [Bin]:5099 [FullTime]:3600 [SkipTime]:0 [Veto1]:724.568 [Veto2]:756.5 [Veto3]:536.571 [Veto4]:536.571 [SgUp1]:56607 [SgUp2]:56066 [SgUp3]:0 [SgUp4]:0 [SgLow1]:56506 [SgLow2]:55966 [SgLow3]:0 [SgLow4]:0 [NetMuon1]:579821 [NetMuon2]:573489 [NetMuon3]:617613 [NetMuon4]:617613
[Run]:26500 [Site]:1 [Bin]:5100 [FullTime]:3600 [SkipTime]:0 [Veto1]:739.699 [Veto2]:771.565 [Veto3]:537.263 [Veto4]:537.263 [SgUp1]:56461 [SgUp2]:56446 [SgUp3]:0 [SgUp4]:0 [SgLow1]:56330 [SgLow2]:56340 [SgLow3]:0 [SgLow4]:0 [NetMuon1]:577446 [NetMuon2]:570850 [NetMuon3]:618187 [NetMuon4]:618187
[Run]:26500 [Site]:1 [Bin]:5101 [FullTime]:3600.01 [SkipTime]:0 [Veto1]:743.254 [Veto2]:750.137 [Veto3]:536.988 [Veto4]:536.988 [SgUp1]:56541 [SgUp2]:56603 [SgUp3]:0 [SgUp4]:0 [SgLow1]:56420 [SgLow2]:56474 [SgLow3]:0 [SgLow4]:0 [NetMuon1]:577068 [NetMuon2]:575471 [NetMuon3]:618483 [NetMuon4]:618483
[Run]:26500 [Site]:1 [Bin]:5102 [FullTime]:3600 [SkipTime]:0 [Veto1]:733.498 [Veto2]:759.928 [Veto3]:536.811 [Veto4]:536.811 [SgUp1]:56390 [SgUp2]:56360 [SgUp3]:0 [SgUp4]:0 [SgLow1]:56295 [SgLow2]:56237 [SgLow3]:0 [SgLow4]:0 [NetMuon1]:578469 [NetMuon2]:572793 [NetMuon3]:618174 [NetMuon4]:618174
[Run]:26500 [Site]:1 [Bin]:5103 [FullTime]:3600 [SkipTime]:0 [Veto1]:742.509 [Veto2]:762.023 [Veto3]:536.263 [Veto4]:536.263 [SgUp1]:56255 [SgUp2]:55914 [SgUp3]:0 [SgUp4]:0 [SgLow1]:56141 [SgLow2]:55784 [SgLow3]:0 [SgLow4]:0 [NetMuon1]:576140 [NetMuon2]:571898 [NetMuon3]:617476 [NetMuon4]:617476
[Run]:26500 [Site]:1 [Bin]:5104 [FullTime]:3600 [SkipTime]:0 [Veto1]:736.226 [Veto2]:758.774 [Veto3]:536.893 [Veto4]:536.893 [SgUp1]:56476 [SgUp2]:56709 [SgUp3]:0 [SgUp4]:0 [SgLow1]:56373 [SgLow2]:56577 [SgLow3]:0 [SgLow4]:0 [NetMuon1]:578407 [NetMuon2]:573709 [NetMuon3]:618466 [NetMuon4]:618466
[Run]:26500 [Site]:1 [Bin]:5105 [FullTime]:3600 [SkipTime]:0 [Veto1]:717.313 [Veto2]:754.339 [Veto3]:536.519 [Veto4]:536.519 [SgUp1]:56908 [SgUp2]:56199 [SgUp3]:0 [SgUp4]:0 [SgLow1]:56781 [SgLow2]:56099 [SgLow3]:0 [SgLow4]:0 [NetMuon1]:581694 [NetMuon2]:574052 [NetMuon3]:618151 [NetMuon4]:618151
[Run]:26500 [Site]:1 [Bin]:5106 [FullTime]:3600 [SkipTime]:0 [Veto1]:744.494 [Veto2]:746.445 [Veto3]:536.919 [Veto4]:536.919 [SgUp1]:56087 [SgUp2]:56462 [SgUp3]:0 [SgUp4]:0 [SgLow1]:55986 [SgLow2]:56361 [SgLow3]:0 [SgLow4]:0 [NetMuon1]:576255 [NetMuon2]:576131 [NetMuon3]:618211 [NetMuon4]:618211
[Run]:26500 [Site]:1 [Bin]:5107 [FullTime]:3600 [SkipTime]:0 [Veto1]:741.139 [Veto2]:762.024 [Veto3]:536.862 [Veto4]:536.862 [SgUp1]:56105 [SgUp2]:56470 [SgUp3]:0 [SgUp4]:0 [SgLow1]:55984 [SgLow2]:56350 [SgLow3]:0 [SgLow4]:0 [NetMuon1]:576840 [NetMuon2]:572759 [NetMuon3]:617871 [NetMuon4]:617871
[Run]:26500 [Site]:1 [Bin]:5108 [FullTime]:3017.18 [SkipTime]:582.821 [Veto1]:605.07 [Veto2]:615.065 [Veto3]:450.354 [Veto4]:450.354 [SgUp1]:47563 [SgUp2]:47362 [SgUp3]:0 [SgUp4]:0 [SgLow1]:47490 [SgLow2]:47268 [SgLow3]:0 [SgLow4]:0 [NetMuon1]:487285 [NetMuon2]:485742 [NetMuon3]:518693 [NetMuon4]:518693
[Run]:26500 [Site]:1 [Bin]:5109 [FullTime]:3600 [SkipTime]:0 [Veto1]:730.951 [Veto2]:765.897 [Veto3]:536.238 [Veto4]:536.238 [SgUp1]:56464 [SgUp2]:56400 [SgUp3]:0 [SgUp4]:0 [SgLow1]:56332 [SgLow2]:56303 [SgLow3]:0 [SgLow4]:0 [NetMuon1]:578836 [NetMuon2]:571361 [NetMuon3]:617706 [NetMuon4]:617706
[Run]:26500 [Site]:1 [Bin]:5110 [FullTime]:3600 [SkipTime]:0 [Veto1]:754.453 [Veto2]:756.397 [Veto3]:536.57 [Veto4]:536.57 [SgUp1]:56271 [SgUp2]:56705 [SgUp3]:0 [SgUp4]:0 [SgLow1]:56170 [SgLow2]:56566 [SgLow3]:0 [SgLow4]:0 [NetMuon1]:573945 [NetMuon2]:574117 [NetMuon3]:618199 [NetMuon4]:618199
[Run]:26500 [Site]:1 [Bin]:5111 [FullTime]:3600 [SkipTime]:0 [Veto1]:752.874 [Veto2]:749.071 [Veto3]:535.78 [Veto4]:535.78 [SgUp1]:56136 [SgUp2]:56484 [SgUp3]:0 [SgUp4]:0 [SgLow1]:56008 [SgLow2]:56395 [SgLow3]:0 [SgLow4]:0 [NetMuon1]:573253 [NetMuon2]:574450 [NetMuon3]:617222 [NetMuon4]:617222
[Run]:26500 [Site]:1 [Bin]:5112 [FullTime]:3600 [SkipTime]:0 [Veto1]:724.948 [Veto2]:746.641 [Veto3]:535.8 [Veto4]:535.8 [SgUp1]:56680 [SgUp2]:56858 [SgUp3]:0 [SgUp4]:0 [SgLow1]:56585 [SgLow2]:56759 [SgLow3]:0 [SgLow4]:0 [NetMuon1]:579014 [NetMuon2]:575265 [NetMuon3]:617423 [NetMuon4]:617423
[Run]:26500 [Site]:1 [Bin]:5113 [FullTime]:3600 [SkipTime]:0 [Veto1]:739.429 [Veto2]:741.385 [Veto3]:535.988 [Veto4]:535.988 [SgUp1]:56383 [SgUp2]:57077 [SgUp3]:0 [SgUp4]:0 [SgLow1]:56278 [SgLow2]:56975 [SgLow3]:0 [SgLow4]:0 [NetMuon1]:576650 [NetMuon2]:575804 [NetMuon3]:617336 [NetMuon4]:617336
[Run]:26500 [Site]:1 [Bin]:5114 [FullTime]:3600 [SkipTime]:0 [Veto1]:748.895 [Veto2]:745.46 [Veto3]:535.877 [Veto4]:535.877 [SgUp1]:56344 [SgUp2]:56785 [SgUp3]:0 [SgUp4]:0 [SgLow1]:56230 [SgLow2]:56686 [SgLow3]:0 [SgLow4]:0 [NetMuon1]:574545 [NetMuon2]:575222 [NetMuon3]:617274 [NetMuon4]:617274
[Run]:26500 [Site]:1 [Bin]:5115 [FullTime]:3600 [SkipTime]:0 [Veto1]:731.257 [Veto2]:774.641 [Veto3]:534.992 [Veto4]:534.992 [SgUp1]:56969 [SgUp2]:56152 [SgUp3]:0 [SgUp4]:0 [SgLow1]:56861 [SgLow2]:56073 [SgLow3]:0 [SgLow4]:0 [NetMuon1]:576917 [NetMuon2]:568029 [NetMuon3]:616299 [NetMuon4]:616299
[Run]:26500 [Site]:1 [Bin]:5116 [FullTime]:3600 [SkipTime]:0 [Veto1]:738.087 [Veto2]:742.082 [Veto3]:535.758 [Veto4]:535.758 [SgUp1]:56225 [SgUp2]:57088 [SgUp3]:0 [SgUp4]:0 [SgLow1]:56114 [SgLow2]:56965 [SgLow3]:0 [SgLow4]:0 [NetMuon1]:575887 [NetMuon2]:575136 [NetMuon3]:616964 [NetMuon4]:616964
[Run]:26500 [Site]:1 [Bin]:5117 [FullTime]:3600 [SkipTime]:0 [Veto1]:729.497 [Veto2]:753.267 [Veto3]:536.04 [Veto4]:536.04 [SgUp1]:57133 [SgUp2]:56373 [SgUp3]:0 [SgUp4]:0 [SgLow1]:57039 [SgLow2]:56276 [SgLow3]:0 [SgLow4]:0 [NetMuon1]:577831 [NetMuon2]:573033 [NetMuon3]:616881 [NetMuon4]:616881
[Run]:26500 [Site]:1 [Bin]:5118 [FullTime]:3600 [SkipTime]:0 [Veto1]:737.536 [Veto2]:751.054 [Veto3]:535.533 [Veto4]:535.533 [SgUp1]:56641 [SgUp2]:56613 [SgUp3]:0 [SgUp4]:0 [SgLow1]:56524 [SgLow2]:56519 [SgLow3]:0 [SgLow4]:0 [NetMuon1]:576315 [NetMuon2]:573846 [NetMuon3]:617077 [NetMuon4]:617077
[Run]:26500 [Site]:1 [Bin]:5119 [FullTime]:3600 [SkipTime]:0 [Veto1]:742.863 [Veto2]:755.272 [Veto3]:535.701 [Veto4]:535.701 [SgUp1]:56563 [SgUp2]:56403 [SgUp3]:0 [SgUp4]:0 [SgLow1]:56443 [SgLow2]:56295 [SgLow3]:0 [SgLow4]:0 [NetMuon1]:575265 [NetMuon2]:572699 [NetMuon3]:617090 [NetMuon4]:617090
[Run]:26500 [Site]:1 [Bin]:5120 [FullTime]:3600 [SkipTime]:0 [Veto1]:743.521 [Veto2]:758.041 [Veto3]:534.246 [Veto4]:534.246 [SgUp1]:56819 [SgUp2]:57289 [SgUp3]:0 [SgUp4]:0 [SgLow1]:56740 [SgLow2]:57175 [SgLow3]:0 [SgLow4]:0 [NetMuon1]:573705 [NetMuon2]:570545 [NetMuon3]:615483 [NetMuon4]:615483
[Run]:26500 [Site]:1 [Bin]:5121 [FullTime]:3600 [SkipTime]:0 [Veto1]:741.076 [Veto2]:762.695 [Veto3]:535.166 [Veto4]:535.166 [SgUp1]:56532 [SgUp2]:56043 [SgUp3]:0 [SgUp4]:0 [SgLow1]:56453 [SgLow2]:55915 [SgLow3]:0 [SgLow4]:0 [NetMuon1]:574938 [NetMuon2]:570827 [NetMuon3]:616214 [NetMuon4]:616214
[Run]:26500 [Site]:1 [Bin]:5122 [FullTime]:3600 [SkipTime]:0 [Veto1]:740.136 [Veto2]:746.831 [Veto3]:536.016 [Veto4]:536.016 [SgUp1]:56226 [SgUp2]:56917 [SgUp3]:0 [SgUp4]:0 [SgLow1]:56122 [SgLow2]:56811 [SgLow3]:0 [SgLow4]:0 [NetMuon1]:576061 [NetMuon2]:574670 [NetMuon3]:617385 [NetMuon4]:617385
[Run]:26500 [Site]:1 [Bin]:5123 [FullTime]:3600 [SkipTime]:0 [Veto1]:747.231 [Veto2]:741.914 [Veto3]:535.985 [Veto4]:535.985 [SgUp1]:56801 [SgUp2]:56964 [SgUp3]:0 [SgUp4]:0 [SgLow1]:56705 [SgLow2]:56855 [SgLow3]:0 [SgLow4]:0 [NetMuon1]:574441 [NetMuon2]:575726 [NetMuon3]:617078 [NetMuon4]:617078
[Run]:26500 [Site]:1 [Bin]:5124 [FullTime]:3600 [SkipTime]:0 [Veto1]:757.803 [Veto2]:742.838 [Veto3]:534.048 [Veto4]:534.048 [SgUp1]:56019 [SgUp2]:55924 [SgUp3]:0 [SgUp4]:0 [SgLow1]:55910 [SgLow2]:55833 [SgLow3]:0 [SgLow4]:0 [NetMuon1]:570477 [NetMuon2]:573329 [NetMuon3]:615190 [NetMuon4]:615190
[Run]:26500 [Site]:1 [Bin]:5125 [FullTime]:3600 [SkipTime]:0 [Veto1]:755.654 [Veto2]:739.414 [Veto3]:535.058 [Veto4]:535.058 [SgUp1]:56518 [SgUp2]:56849 [SgUp3]:0 [SgUp4]:0 [SgLow1]:56419 [SgLow2]:56758 [SgLow3]:0 [SgLow4]:0 [NetMuon1]:572153 [NetMuon2]:575235 [NetMuon3]:616511 [NetMuon4]:616511
[Run]:26500 [Site]:1 [Bin]:5126 [FullTime]:3600.01 [SkipTime]:0 [Veto1]:748.665 [Veto2]:753.668 [Veto3]:535.077 [Veto4]:535.077 [SgUp1]:56752 [SgUp2]:56107 [SgUp3]:0 [SgUp4]:0 [SgLow1]:56646 [SgLow2]:55974 [SgLow3]:0 [SgLow4]:0 [NetMuon1]:573351 [NetMuon2]:572771 [NetMuon3]:616481 [NetMuon4]:616481
[Run]:26500 [Site]:1 [Bin]:5127 [FullTime]:3600 [SkipTime]:0 [Veto1]:744.352 [Veto2]:766.778 [Veto3]:535.12 [Veto4]:535.12 [SgUp1]:57077 [SgUp2]:55991 [SgUp3]:0 [SgUp4]:0 [SgLow1]:56966 [SgLow2]:55881 [SgLow3]:0 [SgLow4]:0 [NetMuon1]:574685 [NetMuon2]:569674 [NetMuon3]:616632 [NetMuon4]:616632
[Run]:26500 [Site]:1 [Bin]:5128 [FullTime]:3600 [SkipTime]:0 [Veto1]:767.309 [Veto2]:740.986 [Veto3]:535.159 [Veto4]:535.159 [SgUp1]:56378 [SgUp2]:56527 [SgUp3]:0 [SgUp4]:0 [SgLow1]:56268 [SgLow2]:56422 [SgLow3]:0 [SgLow4]:0 [NetMuon1]:569686 [NetMuon2]:575053 [NetMuon3]:616181 [NetMuon4]:616181
[Run]:26500 [Site]:1 [Bin]:5129 [FullTime]:3600 [SkipTime]:0 [Veto1]:751.579 [Veto2]:752.021 [Veto3]:534.639 [Veto4]:534.639 [SgUp1]:57063 [SgUp2]:56529 [SgUp3]:0 [SgUp4]:0 [SgLow1]:56945 [SgLow2]:56419 [SgLow3]:0 [SgLow4]:0 [NetMuon1]:572258 [NetMuon2]:572299 [NetMuon3]:615952 [NetMuon4]:615952
[Run]:26500 [Site]:1 [Bin]:5130 [FullTime]:3600 [SkipTime]:0 [Veto1]:759.951 [Veto2]:769.328 [Veto3]:535.199 [Veto4]:535.199 [SgUp1]:56586 [SgUp2]:55927 [SgUp3]:0 [SgUp4]:0 [SgLow1]:56492 [SgLow2]:55818 [SgLow3]:0 [SgLow4]:0 [NetMuon1]:571826 [NetMuon2]:569366 [NetMuon3]:616595 [NetMuon4]:616595
[Run]:26500 [Site]:1 [Bin]:5131 [FullTime]:3600 [SkipTime]:0 [Veto1]:764.068 [Veto2]:750.236 [Veto3]:535.237 [Veto4]:535.237 [SgUp1]:56230 [SgUp2]:56696 [SgUp3]:0 [SgUp4]:0 [SgLow1]:56116 [SgLow2]:56581 [SgLow3]:0 [SgLow4]:0 [NetMuon1]:570170 [NetMuon2]:573120 [NetMuon3]:616360 [NetMuon4]:616360
[Run]:26500 [Site]:1 [Bin]:5132 [FullTime]:3600 [SkipTime]:0 [Veto1]:754.816 [Veto2]:742.323 [Veto3]:535.816 [Veto4]:535.816 [SgUp1]:56294 [SgUp2]:57010 [SgUp3]:0 [SgUp4]:0 [SgLow1]:56186 [SgLow2]:56896 [SgLow3]:0 [SgLow4]:0 [NetMuon1]:573459 [NetMuon2]:576020 [NetMuon3]:617446 [NetMuon4]:617446
[Run]:26500 [Site]:1 [Bin]:5133 [FullTime]:3600 [SkipTime]:0 [Veto1]:724.356 [Veto2]:752.303 [Veto3]:534.41 [Veto4]:534.41 [SgUp1]:56954 [SgUp2]:56151 [SgUp3]:0 [SgUp4]:0 [SgLow1]:56837 [SgLow2]:56035 [SgLow3]:0 [SgLow4]:0 [NetMuon1]:577451 [NetMuon2]:571775 [NetMuon3]:615653 [NetMuon4]:615653
[Run]:26500 [Site]:1 [Bin]:5134 [FullTime]:3600 [SkipTime]:0 [Veto1]:710.422 [Veto2]:740.719 [Veto3]:534.988 [Veto4]:534.988 [SgUp1]:57520 [SgUp2]:56679 [SgUp3]:0 [SgUp4]:0 [SgLow1]:57421 [SgLow2]:56569 [SgLow3]:0 [SgLow4]:0 [NetMuon1]:581223 [NetMuon2]:575152 [NetMuon3]:616350 [NetMuon4]:616350
[Run]:26500 [Site]:1 [Bin]:5135 [FullTime]:3600 [SkipTime]:0 [Veto1]:751.856 [Veto2]:731.352 [Veto3]:535.723 [Veto4]:535.723 [SgUp1]:56927 [SgUp2]:56725 [SgUp3]:0 [SgUp4]:0 [SgLow1]:56807 [SgLow2]:56611 [SgLow3]:0 [SgLow4]:0 [NetMuon1]:573357 [NetMuon2]:577560 [NetMuon3]:616984 [NetMuon4]:616984
End process Run: 26500 ... 
[Run]:26500 [Site]:1 [Bin]:5136 [FullTime]:137.214 [SkipTime]:0 [Veto1]:26.3327 [Veto2]:32.0254 [Veto3]:20.3025 [Veto4]:20.3025
