StreamChain add 0x1072b7f0
Start to process run: 26374 ... 
[Run]:26374 [Site]:1 [Bin]:4921 [FullTime]:3592.11 [SkipTime]:0 [Veto1]:747.104 [Veto2]:740.576 [Veto3]:536.217 [Veto4]:536.217 [SgUp1]:57275 [SgUp2]:56675 [SgUp3]:0 [SgUp4]:0 [SgLow1]:57145 [SgLow2]:56574 [SgLow3]:0 [SgLow4]:0 [NetMuon1]:574447 [NetMuon2]:575946 [NetMuon3]:617094 [NetMuon4]:617094
[Run]:26374 [Site]:1 [Bin]:4922 [FullTime]:3600 [SkipTime]:0 [Veto1]:744.566 [Veto2]:760.161 [Veto3]:537.327 [Veto4]:537.327 [SgUp1]:57622 [SgUp2]:56598 [SgUp3]:0 [SgUp4]:0 [SgLow1]:57502 [SgLow2]:56482 [SgLow3]:0 [SgLow4]:0 [NetMuon1]:576523 [NetMuon2]:574024 [NetMuon3]:618706 [NetMuon4]:618706
[Run]:26374 [Site]:1 [Bin]:4923 [FullTime]:3600 [SkipTime]:0 [Veto1]:726.248 [Veto2]:758.916 [Veto3]:536.611 [Veto4]:536.611 [SgUp1]:57840 [SgUp2]:56372 [SgUp3]:0 [SgUp4]:0 [SgLow1]:57702 [SgLow2]:56248 [SgLow3]:0 [SgLow4]:0 [NetMuon1]:579385 [NetMuon2]:572982 [NetMuon3]:617949 [NetMuon4]:617949
[Run]:26374 [Site]:1 [Bin]:4924 [FullTime]:3600 [SkipTime]:0 [Veto1]:748.467 [Veto2]:729.256 [Veto3]:536.206 [Veto4]:536.206 [SgUp1]:56790 [SgUp2]:57560 [SgUp3]:0 [SgUp4]:0 [SgLow1]:56671 [SgLow2]:57476 [SgLow3]:0 [SgLow4]:0 [NetMuon1]:575207 [NetMuon2]:578518 [NetMuon3]:617408 [NetMuon4]:617408
[Run]:26374 [Site]:1 [Bin]:4925 [FullTime]:3600 [SkipTime]:0 [Veto1]:741.468 [Veto2]:752.128 [Veto3]:536.598 [Veto4]:536.598 [SgUp1]:57674 [SgUp2]:56843 [SgUp3]:0 [SgUp4]:0 [SgLow1]:57554 [SgLow2]:56713 [SgLow3]:0 [SgLow4]:0 [NetMuon1]:576284 [NetMuon2]:574824 [NetMuon3]:618128 [NetMuon4]:618128
[Run]:26374 [Site]:1 [Bin]:4926 [FullTime]:3600 [SkipTime]:0 [Veto1]:740.582 [Veto2]:733.359 [Veto3]:536.386 [Veto4]:536.386 [SgUp1]:57700 [SgUp2]:57006 [SgUp3]:0 [SgUp4]:0 [SgLow1]:57584 [SgLow2]:56902 [SgLow3]:0 [SgLow4]:0 [NetMuon1]:577156 [NetMuon2]:578527 [NetMuon3]:618195 [NetMuon4]:618195
[Run]:26374 [Site]:1 [Bin]:4927 [FullTime]:3600 [SkipTime]:0 [Veto1]:726.042 [Veto2]:744.069 [Veto3]:534.441 [Veto4]:534.441 [SgUp1]:57939 [SgUp2]:56324 [SgUp3]:0 [SgUp4]:0 [SgLow1]:57823 [SgLow2]:56228 [SgLow3]:0 [SgLow4]:0 [NetMuon1]:577030 [NetMuon2]:573515 [NetMuon3]:615661 [NetMuon4]:615661
[Run]:26374 [Site]:1 [Bin]:4928 [FullTime]:3600 [SkipTime]:0 [Veto1]:724.97 [Veto2]:760.473 [Veto3]:535.175 [Veto4]:535.175 [SgUp1]:58249 [SgUp2]:56708 [SgUp3]:0 [SgUp4]:0 [SgLow1]:58117 [SgLow2]:56580 [SgLow3]:0 [SgLow4]:0 [NetMuon1]:578126 [NetMuon2]:571120 [NetMuon3]:616432 [NetMuon4]:616432
[Run]:26374 [Site]:1 [Bin]:4929 [FullTime]:3600 [SkipTime]:0 [Veto1]:746.29 [Veto2]:733.449 [Veto3]:536.115 [Veto4]:536.115 [SgUp1]:57431 [SgUp2]:57099 [SgUp3]:0 [SgUp4]:0 [SgLow1]:57323 [SgLow2]:57013 [SgLow3]:0 [SgLow4]:0 [NetMuon1]:575390 [NetMuon2]:577871 [NetMuon3]:617483 [NetMuon4]:617483
[Run]:26374 [Site]:1 [Bin]:4930 [FullTime]:3600 [SkipTime]:0 [Veto1]:737.862 [Veto2]:736.177 [Veto3]:536.095 [Veto4]:536.095 [SgUp1]:57465 [SgUp2]:57104 [SgUp3]:0 [SgUp4]:0 [SgLow1]:57353 [SgLow2]:56981 [SgLow3]:0 [SgLow4]:0 [NetMuon1]:576849 [NetMuon2]:576719 [NetMuon3]:617369 [NetMuon4]:617369
[Run]:26374 [Site]:1 [Bin]:4931 [FullTime]:3600 [SkipTime]:0 [Veto1]:751.578 [Veto2]:759.013 [Veto3]:536.752 [Veto4]:536.752 [SgUp1]:57559 [SgUp2]:56705 [SgUp3]:0 [SgUp4]:0 [SgLow1]:57459 [SgLow2]:56613 [SgLow3]:0 [SgLow4]:0 [NetMuon1]:574656 [NetMuon2]:573607 [NetMuon3]:618308 [NetMuon4]:618308
[Run]:26374 [Site]:1 [Bin]:4932 [FullTime]:3600 [SkipTime]:0 [Veto1]:753.667 [Veto2]:748.921 [Veto3]:536.138 [Veto4]:536.138 [SgUp1]:57350 [SgUp2]:56595 [SgUp3]:0 [SgUp4]:0 [SgLow1]:57243 [SgLow2]:56499 [SgLow3]:0 [SgLow4]:0 [NetMuon1]:573904 [NetMuon2]:574797 [NetMuon3]:617476 [NetMuon4]:617476
[Run]:26374 [Site]:1 [Bin]:4933 [FullTime]:3600 [SkipTime]:0 [Veto1]:722.576 [Veto2]:754.244 [Veto3]:536.346 [Veto4]:536.346 [SgUp1]:57653 [SgUp2]:56706 [SgUp3]:0 [SgUp4]:0 [SgLow1]:57516 [SgLow2]:56584 [SgLow3]:0 [SgLow4]:0 [NetMuon1]:580062 [NetMuon2]:574196 [NetMuon3]:617724 [NetMuon4]:617724
[Run]:26374 [Site]:1 [Bin]:4934 [FullTime]:3600 [SkipTime]:0 [Veto1]:762.914 [Veto2]:755.828 [Veto3]:535.801 [Veto4]:535.801 [SgUp1]:57223 [SgUp2]:56857 [SgUp3]:0 [SgUp4]:0 [SgLow1]:57134 [SgLow2]:56760 [SgLow3]:0 [SgLow4]:0 [NetMuon1]:571252 [NetMuon2]:572668 [NetMuon3]:617086 [NetMuon4]:617086
[Run]:26374 [Site]:1 [Bin]:4935 [FullTime]:3600 [SkipTime]:0 [Veto1]:764.86 [Veto2]:745.534 [Veto3]:537.036 [Veto4]:537.036 [SgUp1]:56827 [SgUp2]:56959 [SgUp3]:0 [SgUp4]:0 [SgLow1]:56718 [SgLow2]:56832 [SgLow3]:0 [SgLow4]:0 [NetMuon1]:572602 [NetMuon2]:575958 [NetMuon3]:618522 [NetMuon4]:618522
[Run]:26374 [Site]:1 [Bin]:4936 [FullTime]:3600 [SkipTime]:0 [Veto1]:718.367 [Veto2]:757.815 [Veto3]:536.17 [Veto4]:536.17 [SgUp1]:58230 [SgUp2]:56759 [SgUp3]:0 [SgUp4]:0 [SgLow1]:58108 [SgLow2]:56652 [SgLow3]:0 [SgLow4]:0 [NetMuon1]:580924 [NetMuon2]:573044 [NetMuon3]:617731 [NetMuon4]:617731
[Run]:26374 [Site]:1 [Bin]:4937 [FullTime]:3600 [SkipTime]:0 [Veto1]:771.758 [Veto2]:753.28 [Veto3]:536.464 [Veto4]:536.464 [SgUp1]:57291 [SgUp2]:57283 [SgUp3]:0 [SgUp4]:0 [SgLow1]:57167 [SgLow2]:57160 [SgLow3]:0 [SgLow4]:0 [NetMuon1]:570570 [NetMuon2]:573738 [NetMuon3]:617754 [NetMuon4]:617754
[Run]:26374 [Site]:1 [Bin]:4938 [FullTime]:3600 [SkipTime]:0 [Veto1]:747.756 [Veto2]:746.497 [Veto3]:535.953 [Veto4]:535.953 [SgUp1]:58000 [SgUp2]:56981 [SgUp3]:0 [SgUp4]:0 [SgLow1]:57890 [SgLow2]:56885 [SgLow3]:0 [SgLow4]:0 [NetMuon1]:574222 [NetMuon2]:574669 [NetMuon3]:617111 [NetMuon4]:617111
[Run]:26374 [Site]:1 [Bin]:4939 [FullTime]:3600 [SkipTime]:0 [Veto1]:736.913 [Veto2]:753.735 [Veto3]:536.951 [Veto4]:536.951 [SgUp1]:57795 [SgUp2]:56610 [SgUp3]:0 [SgUp4]:0 [SgLow1]:57675 [SgLow2]:56519 [SgLow3]:0 [SgLow4]:0 [NetMuon1]:577952 [NetMuon2]:574757 [NetMuon3]:618539 [NetMuon4]:618539
[Run]:26374 [Site]:1 [Bin]:4940 [FullTime]:3600 [SkipTime]:0 [Veto1]:749.841 [Veto2]:745.06 [Veto3]:536.847 [Veto4]:536.847 [SgUp1]:57455 [SgUp2]:57114 [SgUp3]:0 [SgUp4]:0 [SgLow1]:57338 [SgLow2]:56977 [SgLow3]:0 [SgLow4]:0 [NetMuon1]:575412 [NetMuon2]:576402 [NetMuon3]:618473 [NetMuon4]:618473
[Run]:26374 [Site]:1 [Bin]:4941 [FullTime]:3600 [SkipTime]:0 [Veto1]:755.816 [Veto2]:742.525 [Veto3]:536.859 [Veto4]:536.859 [SgUp1]:57116 [SgUp2]:57266 [SgUp3]:0 [SgUp4]:0 [SgLow1]:56989 [SgLow2]:57161 [SgLow3]:0 [SgLow4]:0 [NetMuon1]:574051 [NetMuon2]:576383 [NetMuon3]:618019 [NetMuon4]:618019
[Run]:26374 [Site]:1 [Bin]:4942 [FullTime]:3600 [SkipTime]:0 [Veto1]:740.997 [Veto2]:740.308 [Veto3]:536.382 [Veto4]:536.382 [SgUp1]:57633 [SgUp2]:57064 [SgUp3]:0 [SgUp4]:0 [SgLow1]:57517 [SgLow2]:56951 [SgLow3]:0 [SgLow4]:0 [NetMuon1]:576187 [NetMuon2]:576532 [NetMuon3]:617582 [NetMuon4]:617582
[Run]:26374 [Site]:1 [Bin]:4943 [FullTime]:3600 [SkipTime]:0 [Veto1]:731.478 [Veto2]:748.341 [Veto3]:537.318 [Veto4]:537.318 [SgUp1]:58207 [SgUp2]:57267 [SgUp3]:0 [SgUp4]:0 [SgLow1]:58094 [SgLow2]:57151 [SgLow3]:0 [SgLow4]:0 [NetMuon1]:579229 [NetMuon2]:576009 [NetMuon3]:618548 [NetMuon4]:618548
[Run]:26374 [Site]:1 [Bin]:4944 [FullTime]:3600 [SkipTime]:0 [Veto1]:744.101 [Veto2]:731.698 [Veto3]:536.409 [Veto4]:536.409 [SgUp1]:57511 [SgUp2]:57202 [SgUp3]:0 [SgUp4]:0 [SgLow1]:57393 [SgLow2]:57068 [SgLow3]:0 [SgLow4]:0 [NetMuon1]:575766 [NetMuon2]:578336 [NetMuon3]:617788 [NetMuon4]:617788
[Run]:26374 [Site]:1 [Bin]:4945 [FullTime]:3600 [SkipTime]:0 [Veto1]:745.262 [Veto2]:763.475 [Veto3]:536.159 [Veto4]:536.159 [SgUp1]:57465 [SgUp2]:56191 [SgUp3]:0 [SgUp4]:0 [SgLow1]:57338 [SgLow2]:56091 [SgLow3]:0 [SgLow4]:0 [NetMuon1]:575158 [NetMuon2]:571235 [NetMuon3]:617356 [NetMuon4]:617356
[Run]:26374 [Site]:1 [Bin]:4946 [FullTime]:3600 [SkipTime]:0 [Veto1]:753.518 [Veto2]:744.983 [Veto3]:536.536 [Veto4]:536.536 [SgUp1]:57204 [SgUp2]:56760 [SgUp3]:0 [SgUp4]:0 [SgLow1]:57092 [SgLow2]:56636 [SgLow3]:0 [SgLow4]:0 [NetMuon1]:574257 [NetMuon2]:575800 [NetMuon3]:617791 [NetMuon4]:617791
[Run]:26374 [Site]:1 [Bin]:4947 [FullTime]:3600 [SkipTime]:0 [Veto1]:739.317 [Veto2]:770.848 [Veto3]:537.489 [Veto4]:537.489 [SgUp1]:57412 [SgUp2]:56577 [SgUp3]:0 [SgUp4]:0 [SgLow1]:57294 [SgLow2]:56426 [SgLow3]:0 [SgLow4]:0 [NetMuon1]:577978 [NetMuon2]:571611 [NetMuon3]:618956 [NetMuon4]:618956
[Run]:26374 [Site]:1 [Bin]:4948 [FullTime]:3600 [SkipTime]:0 [Veto1]:754.824 [Veto2]:731.32 [Veto3]:536.248 [Veto4]:536.248 [SgUp1]:57154 [SgUp2]:57303 [SgUp3]:0 [SgUp4]:0 [SgLow1]:57011 [SgLow2]:57206 [SgLow3]:0 [SgLow4]:0 [NetMuon1]:573440 [NetMuon2]:578081 [NetMuon3]:617441 [NetMuon4]:617441
[Run]:26374 [Site]:1 [Bin]:4949 [FullTime]:3600 [SkipTime]:0 [Veto1]:744.494 [Veto2]:749.69 [Veto3]:536.369 [Veto4]:536.369 [SgUp1]:57597 [SgUp2]:56891 [SgUp3]:0 [SgUp4]:0 [SgLow1]:57466 [SgLow2]:56731 [SgLow3]:0 [SgLow4]:0 [NetMuon1]:575927 [NetMuon2]:574678 [NetMuon3]:617646 [NetMuon4]:617646
[Run]:26374 [Site]:1 [Bin]:4950 [FullTime]:3600 [SkipTime]:0 [Veto1]:752.734 [Veto2]:747.779 [Veto3]:536.56 [Veto4]:536.56 [SgUp1]:57534 [SgUp2]:57199 [SgUp3]:0 [SgUp4]:0 [SgLow1]:57422 [SgLow2]:57074 [SgLow3]:0 [SgLow4]:0 [NetMuon1]:574068 [NetMuon2]:575052 [NetMuon3]:617580 [NetMuon4]:617580
[Run]:26374 [Site]:1 [Bin]:4951 [FullTime]:3600 [SkipTime]:0 [Veto1]:745.185 [Veto2]:739.65 [Veto3]:536.267 [Veto4]:536.267 [SgUp1]:57882 [SgUp2]:57055 [SgUp3]:0 [SgUp4]:0 [SgLow1]:57732 [SgLow2]:56932 [SgLow3]:0 [SgLow4]:0 [NetMuon1]:575039 [NetMuon2]:576025 [NetMuon3]:617433 [NetMuon4]:617433
[Run]:26374 [Site]:1 [Bin]:4952 [FullTime]:3600 [SkipTime]:0 [Veto1]:765.226 [Veto2]:753.688 [Veto3]:536.862 [Veto4]:536.862 [SgUp1]:57105 [SgUp2]:56500 [SgUp3]:0 [SgUp4]:0 [SgLow1]:56990 [SgLow2]:56368 [SgLow3]:0 [SgLow4]:0 [NetMuon1]:572267 [NetMuon2]:574375 [NetMuon3]:618359 [NetMuon4]:618359
[Run]:26374 [Site]:1 [Bin]:4953 [FullTime]:3600 [SkipTime]:0 [Veto1]:747.312 [Veto2]:761.933 [Veto3]:535.929 [Veto4]:535.929 [SgUp1]:57661 [SgUp2]:56904 [SgUp3]:0 [SgUp4]:0 [SgLow1]:57549 [SgLow2]:56808 [SgLow3]:0 [SgLow4]:0 [NetMuon1]:574569 [NetMuon2]:571874 [NetMuon3]:617279 [NetMuon4]:617279
[Run]:26374 [Site]:1 [Bin]:4954 [FullTime]:3600 [SkipTime]:0 [Veto1]:730.775 [Veto2]:739.472 [Veto3]:535.812 [Veto4]:535.812 [SgUp1]:58415 [SgUp2]:57265 [SgUp3]:0 [SgUp4]:0 [SgLow1]:58319 [SgLow2]:57157 [SgLow3]:0 [SgLow4]:0 [NetMuon1]:577805 [NetMuon2]:575938 [NetMuon3]:617224 [NetMuon4]:617224
[Run]:26374 [Site]:1 [Bin]:4955 [FullTime]:3600 [SkipTime]:0 [Veto1]:739.1 [Veto2]:754.991 [Veto3]:535.001 [Veto4]:535.001 [SgUp1]:57399 [SgUp2]:57334 [SgUp3]:0 [SgUp4]:0 [SgLow1]:57290 [SgLow2]:57240 [SgLow3]:0 [SgLow4]:0 [NetMuon1]:575133 [NetMuon2]:572101 [NetMuon3]:616222 [NetMuon4]:616222
[Run]:26374 [Site]:1 [Bin]:4956 [FullTime]:3600 [SkipTime]:0 [Veto1]:741.913 [Veto2]:736.185 [Veto3]:535.78 [Veto4]:535.78 [SgUp1]:57848 [SgUp2]:57138 [SgUp3]:0 [SgUp4]:0 [SgLow1]:57728 [SgLow2]:57033 [SgLow3]:0 [SgLow4]:0 [NetMuon1]:575611 [NetMuon2]:576581 [NetMuon3]:616987 [NetMuon4]:616987
[Run]:26374 [Site]:1 [Bin]:4957 [FullTime]:3600 [SkipTime]:0 [Veto1]:752.405 [Veto2]:742.58 [Veto3]:535.586 [Veto4]:535.586 [SgUp1]:57925 [SgUp2]:56880 [SgUp3]:0 [SgUp4]:0 [SgLow1]:57817 [SgLow2]:56783 [SgLow3]:0 [SgLow4]:0 [NetMuon1]:573494 [NetMuon2]:575108 [NetMuon3]:616909 [NetMuon4]:616909
[Run]:26374 [Site]:1 [Bin]:4958 [FullTime]:3600 [SkipTime]:0 [Veto1]:748.896 [Veto2]:746.086 [Veto3]:536.29 [Veto4]:536.29 [SgUp1]:56913 [SgUp2]:56965 [SgUp3]:0 [SgUp4]:0 [SgLow1]:56794 [SgLow2]:56831 [SgLow3]:0 [SgLow4]:0 [NetMuon1]:575004 [NetMuon2]:575407 [NetMuon3]:617693 [NetMuon4]:617693
[Run]:26374 [Site]:1 [Bin]:4959 [FullTime]:3600 [SkipTime]:0 [Veto1]:761.621 [Veto2]:737.796 [Veto3]:536.3 [Veto4]:536.3 [SgUp1]:57850 [SgUp2]:57827 [SgUp3]:0 [SgUp4]:0 [SgLow1]:57740 [SgLow2]:57717 [SgLow3]:0 [SgLow4]:0 [NetMuon1]:572318 [NetMuon2]:576892 [NetMuon3]:617432 [NetMuon4]:617432
[Run]:26374 [Site]:1 [Bin]:4960 [FullTime]:3600 [SkipTime]:0 [Veto1]:716.976 [Veto2]:743.063 [Veto3]:535.916 [Veto4]:535.916 [SgUp1]:58161 [SgUp2]:57640 [SgUp3]:0 [SgUp4]:0 [SgLow1]:58064 [SgLow2]:57516 [SgLow3]:0 [SgLow4]:0 [NetMuon1]:580796 [NetMuon2]:575820 [NetMuon3]:617400 [NetMuon4]:617400
[Run]:26374 [Site]:1 [Bin]:4961 [FullTime]:3600 [SkipTime]:0 [Veto1]:752.849 [Veto2]:766.402 [Veto3]:537.049 [Veto4]:537.049 [SgUp1]:56997 [SgUp2]:56654 [SgUp3]:0 [SgUp4]:0 [SgLow1]:56906 [SgLow2]:56557 [SgLow3]:0 [SgLow4]:0 [NetMuon1]:575294 [NetMuon2]:572373 [NetMuon3]:618742 [NetMuon4]:618742
[Run]:26374 [Site]:1 [Bin]:4962 [FullTime]:3600 [SkipTime]:0 [Veto1]:745.346 [Veto2]:757.02 [Veto3]:534.837 [Veto4]:534.837 [SgUp1]:57216 [SgUp2]:57415 [SgUp3]:0 [SgUp4]:0 [SgLow1]:57089 [SgLow2]:57313 [SgLow3]:0 [SgLow4]:0 [NetMuon1]:573633 [NetMuon2]:571454 [NetMuon3]:615848 [NetMuon4]:615848
[Run]:26374 [Site]:1 [Bin]:4963 [FullTime]:3600 [SkipTime]:0 [Veto1]:729.727 [Veto2]:759.087 [Veto3]:536.003 [Veto4]:536.003 [SgUp1]:58182 [SgUp2]:57466 [SgUp3]:0 [SgUp4]:0 [SgLow1]:58074 [SgLow2]:57362 [SgLow3]:0 [SgLow4]:0 [NetMuon1]:578056 [NetMuon2]:572005 [NetMuon3]:617089 [NetMuon4]:617089
[Run]:26374 [Site]:1 [Bin]:4964 [FullTime]:3600 [SkipTime]:0 [Veto1]:730.707 [Veto2]:748.359 [Veto3]:536.244 [Veto4]:536.244 [SgUp1]:57835 [SgUp2]:57399 [SgUp3]:0 [SgUp4]:0 [SgLow1]:57729 [SgLow2]:57285 [SgLow3]:0 [SgLow4]:0 [NetMuon1]:578502 [NetMuon2]:574741 [NetMuon3]:617686 [NetMuon4]:617686
[Run]:26374 [Site]:1 [Bin]:4965 [FullTime]:3600 [SkipTime]:0 [Veto1]:750.299 [Veto2]:750.546 [Veto3]:535.613 [Veto4]:535.613 [SgUp1]:57752 [SgUp2]:56783 [SgUp3]:0 [SgUp4]:0 [SgLow1]:57661 [SgLow2]:56665 [SgLow3]:0 [SgLow4]:0 [NetMuon1]:573682 [NetMuon2]:573571 [NetMuon3]:616934 [NetMuon4]:616934
[Run]:26374 [Site]:1 [Bin]:4966 [FullTime]:3600 [SkipTime]:0 [Veto1]:744.592 [Veto2]:785.1 [Veto3]:536.401 [Veto4]:536.401 [SgUp1]:57735 [SgUp2]:56258 [SgUp3]:0 [SgUp4]:0 [SgLow1]:57637 [SgLow2]:56141 [SgLow3]:0 [SgLow4]:0 [NetMuon1]:575661 [NetMuon2]:567966 [NetMuon3]:617890 [NetMuon4]:617890
[Run]:26374 [Site]:1 [Bin]:4967 [FullTime]:3600 [SkipTime]:0 [Veto1]:744.987 [Veto2]:741.717 [Veto3]:536.373 [Veto4]:536.373 [SgUp1]:57828 [SgUp2]:57443 [SgUp3]:0 [SgUp4]:0 [SgLow1]:57704 [SgLow2]:57342 [SgLow3]:0 [SgLow4]:0 [NetMuon1]:576195 [NetMuon2]:576185 [NetMuon3]:617826 [NetMuon4]:617826
End process Run: 26374 ... 
[Run]:26374 [Site]:1 [Bin]:4968 [FullTime]:3036.96 [SkipTime]:0 [Veto1]:629.189 [Veto2]:632.169 [Veto3]:452.086 [Veto4]:452.086
