StreamChain add 0x93057f0
Start to process run: 35989 ... 
[Run]:35989 [Site]:1 [Bin]:8449 [FullTime]:1977.99 [SkipTime]:0 [Veto1]:425.437 [Veto2]:416.865 [Veto3]:292.369 [Veto4]:292.369 [SgUp1]:31267 [SgUp2]:31109 [SgUp3]:0 [SgUp4]:0 [SgLow1]:31212 [SgLow2]:31056 [SgLow3]:0 [SgLow4]:0 [NetMuon1]:310327 [NetMuon2]:312223 [NetMuon3]:336800 [NetMuon4]:336800
[Run]:35989 [Site]:1 [Bin]:8450 [FullTime]:3600 [SkipTime]:0 [Veto1]:706.834 [Veto2]:762.652 [Veto3]:532.026 [Veto4]:532.026 [SgUp1]:58814 [SgUp2]:56235 [SgUp3]:0 [SgUp4]:0 [SgLow1]:58692 [SgLow2]:56123 [SgLow3]:0 [SgLow4]:0 [NetMuon1]:578093 [NetMuon2]:566973 [NetMuon3]:613087 [NetMuon4]:613087
[Run]:35989 [Site]:1 [Bin]:8451 [FullTime]:3600 [SkipTime]:0 [Veto1]:741.429 [Veto2]:733.079 [Veto3]:530.141 [Veto4]:530.141 [SgUp1]:58098 [SgUp2]:57132 [SgUp3]:0 [SgUp4]:0 [SgLow1]:57978 [SgLow2]:57019 [SgLow3]:0 [SgLow4]:0 [NetMuon1]:569720 [NetMuon2]:570892 [NetMuon3]:611484 [NetMuon4]:611484
[Run]:35989 [Site]:1 [Bin]:8452 [FullTime]:3600 [SkipTime]:0 [Veto1]:731.254 [Veto2]:745.267 [Veto3]:531.021 [Veto4]:531.021 [SgUp1]:58054 [SgUp2]:57206 [SgUp3]:0 [SgUp4]:0 [SgLow1]:57932 [SgLow2]:57091 [SgLow3]:0 [SgLow4]:0 [NetMuon1]:572449 [NetMuon2]:569426 [NetMuon3]:612153 [NetMuon4]:612153
[Run]:35989 [Site]:1 [Bin]:8456 [FullTime]:1104.47 [SkipTime]:0 [Veto1]:226.087 [Veto2]:232.244 [Veto3]:163.709 [Veto4]:163.709 [SgUp1]:17444 [SgUp2]:17760 [SgUp3]:0 [SgUp4]:0 [SgLow1]:17412 [SgLow2]:17720 [SgLow3]:0 [SgLow4]:0 [NetMuon1]:176078 [NetMuon2]:175179 [NetMuon3]:188767 [NetMuon4]:188767
[Run]:35989 [Site]:1 [Bin]:8457 [FullTime]:3600 [SkipTime]:0 [Veto1]:731.367 [Veto2]:754.745 [Veto3]:531.516 [Veto4]:531.516 [SgUp1]:57681 [SgUp2]:56746 [SgUp3]:0 [SgUp4]:0 [SgLow1]:57553 [SgLow2]:56629 [SgLow3]:0 [SgLow4]:0 [NetMuon1]:572593 [NetMuon2]:567706 [NetMuon3]:612398 [NetMuon4]:612398
[Run]:35989 [Site]:1 [Bin]:8458 [FullTime]:3600 [SkipTime]:0 [Veto1]:725.978 [Veto2]:754.276 [Veto3]:532.023 [Veto4]:532.023 [SgUp1]:57236 [SgUp2]:56755 [SgUp3]:0 [SgUp4]:0 [SgLow1]:57146 [SgLow2]:56664 [SgLow3]:0 [SgLow4]:0 [NetMuon1]:574217 [NetMuon2]:569017 [NetMuon3]:613330 [NetMuon4]:613330
[Run]:35989 [Site]:1 [Bin]:8459 [FullTime]:3600 [SkipTime]:0 [Veto1]:727.314 [Veto2]:721.608 [Veto3]:531.408 [Veto4]:531.408 [SgUp1]:57522 [SgUp2]:57590 [SgUp3]:0 [SgUp4]:0 [SgLow1]:57417 [SgLow2]:57447 [SgLow3]:0 [SgLow4]:0 [NetMuon1]:573347 [NetMuon2]:574212 [NetMuon3]:612364 [NetMuon4]:612364
[Run]:35989 [Site]:1 [Bin]:8460 [FullTime]:3600 [SkipTime]:0 [Veto1]:743.905 [Veto2]:742.133 [Veto3]:532.252 [Veto4]:532.252 [SgUp1]:57310 [SgUp2]:57065 [SgUp3]:0 [SgUp4]:0 [SgLow1]:57164 [SgLow2]:56960 [SgLow3]:0 [SgLow4]:0 [NetMuon1]:571097 [NetMuon2]:571323 [NetMuon3]:613527 [NetMuon4]:613527
[Run]:35989 [Site]:1 [Bin]:8461 [FullTime]:3600 [SkipTime]:0 [Veto1]:751.25 [Veto2]:731.391 [Veto3]:531.872 [Veto4]:531.872 [SgUp1]:57318 [SgUp2]:57315 [SgUp3]:0 [SgUp4]:0 [SgLow1]:57196 [SgLow2]:57197 [SgLow3]:0 [SgLow4]:0 [NetMuon1]:569495 [NetMuon2]:573316 [NetMuon3]:613040 [NetMuon4]:613040
[Run]:35989 [Site]:1 [Bin]:8462 [FullTime]:3600 [SkipTime]:0 [Veto1]:718.551 [Veto2]:735.946 [Veto3]:531.173 [Veto4]:531.173 [SgUp1]:57860 [SgUp2]:57201 [SgUp3]:0 [SgUp4]:0 [SgLow1]:57734 [SgLow2]:57086 [SgLow3]:0 [SgLow4]:0 [NetMuon1]:575532 [NetMuon2]:571405 [NetMuon3]:612326 [NetMuon4]:612326
[Run]:35989 [Site]:1 [Bin]:8463 [FullTime]:3600 [SkipTime]:0 [Veto1]:732.251 [Veto2]:755.818 [Veto3]:532.046 [Veto4]:532.046 [SgUp1]:57281 [SgUp2]:56818 [SgUp3]:0 [SgUp4]:0 [SgLow1]:57178 [SgLow2]:56706 [SgLow3]:0 [SgLow4]:0 [NetMuon1]:573290 [NetMuon2]:568827 [NetMuon3]:613274 [NetMuon4]:613274
[Run]:35989 [Site]:1 [Bin]:8464 [FullTime]:3600 [SkipTime]:0 [Veto1]:736.686 [Veto2]:735.349 [Veto3]:532.775 [Veto4]:532.775 [SgUp1]:57216 [SgUp2]:57484 [SgUp3]:0 [SgUp4]:0 [SgLow1]:57113 [SgLow2]:57386 [SgLow3]:0 [SgLow4]:0 [NetMuon1]:573309 [NetMuon2]:573339 [NetMuon3]:613995 [NetMuon4]:613995
[Run]:35989 [Site]:1 [Bin]:8465 [FullTime]:3600 [SkipTime]:0 [Veto1]:731.456 [Veto2]:733.667 [Veto3]:532.399 [Veto4]:532.399 [SgUp1]:57697 [SgUp2]:56667 [SgUp3]:0 [SgUp4]:0 [SgLow1]:57562 [SgLow2]:56530 [SgLow3]:0 [SgLow4]:0 [NetMuon1]:573732 [NetMuon2]:573508 [NetMuon3]:613495 [NetMuon4]:613495
[Run]:35989 [Site]:1 [Bin]:8466 [FullTime]:3600 [SkipTime]:0 [Veto1]:734.389 [Veto2]:737.317 [Veto3]:530.993 [Veto4]:530.993 [SgUp1]:57386 [SgUp2]:56530 [SgUp3]:0 [SgUp4]:0 [SgLow1]:57284 [SgLow2]:56433 [SgLow3]:0 [SgLow4]:0 [NetMuon1]:571947 [NetMuon2]:571191 [NetMuon3]:612302 [NetMuon4]:612302
[Run]:35989 [Site]:1 [Bin]:8467 [FullTime]:3600 [SkipTime]:0 [Veto1]:711.269 [Veto2]:744.744 [Veto3]:530.556 [Veto4]:530.556 [SgUp1]:57903 [SgUp2]:56733 [SgUp3]:0 [SgUp4]:0 [SgLow1]:57779 [SgLow2]:56635 [SgLow3]:0 [SgLow4]:0 [NetMuon1]:576126 [NetMuon2]:569083 [NetMuon3]:611819 [NetMuon4]:611819
[Run]:35989 [Site]:1 [Bin]:8468 [FullTime]:3600 [SkipTime]:0 [Veto1]:742.718 [Veto2]:740.859 [Veto3]:531.373 [Veto4]:531.373 [SgUp1]:57259 [SgUp2]:56983 [SgUp3]:0 [SgUp4]:0 [SgLow1]:57157 [SgLow2]:56885 [SgLow3]:0 [SgLow4]:0 [NetMuon1]:570136 [NetMuon2]:570614 [NetMuon3]:612379 [NetMuon4]:612379
[Run]:35989 [Site]:1 [Bin]:8469 [FullTime]:3600 [SkipTime]:0 [Veto1]:740.002 [Veto2]:728.76 [Veto3]:531.693 [Veto4]:531.693 [SgUp1]:57438 [SgUp2]:57376 [SgUp3]:0 [SgUp4]:0 [SgLow1]:57347 [SgLow2]:57285 [SgLow3]:0 [SgLow4]:0 [NetMuon1]:571541 [NetMuon2]:573825 [NetMuon3]:612917 [NetMuon4]:612917
[Run]:35989 [Site]:1 [Bin]:8470 [FullTime]:3600 [SkipTime]:0 [Veto1]:743.68 [Veto2]:750.564 [Veto3]:531.215 [Veto4]:531.215 [SgUp1]:57011 [SgUp2]:56805 [SgUp3]:0 [SgUp4]:0 [SgLow1]:56899 [SgLow2]:56674 [SgLow3]:0 [SgLow4]:0 [NetMuon1]:569937 [NetMuon2]:568396 [NetMuon3]:612238 [NetMuon4]:612238
[Run]:35989 [Site]:1 [Bin]:8471 [FullTime]:3600 [SkipTime]:0 [Veto1]:741.033 [Veto2]:741.108 [Veto3]:530.822 [Veto4]:530.822 [SgUp1]:57372 [SgUp2]:56848 [SgUp3]:0 [SgUp4]:0 [SgLow1]:57238 [SgLow2]:56748 [SgLow3]:0 [SgLow4]:0 [NetMuon1]:569853 [NetMuon2]:569669 [NetMuon3]:611752 [NetMuon4]:611752
[Run]:35989 [Site]:1 [Bin]:8472 [FullTime]:3600 [SkipTime]:0 [Veto1]:740.091 [Veto2]:755.758 [Veto3]:531.468 [Veto4]:531.468 [SgUp1]:57403 [SgUp2]:56519 [SgUp3]:0 [SgUp4]:0 [SgLow1]:57280 [SgLow2]:56412 [SgLow3]:0 [SgLow4]:0 [NetMuon1]:571202 [NetMuon2]:567907 [NetMuon3]:612718 [NetMuon4]:612718
[Run]:35989 [Site]:1 [Bin]:8473 [FullTime]:3600 [SkipTime]:0 [Veto1]:760.462 [Veto2]:750.027 [Veto3]:529.827 [Veto4]:529.827 [SgUp1]:57135 [SgUp2]:57155 [SgUp3]:0 [SgUp4]:0 [SgLow1]:56992 [SgLow2]:57030 [SgLow3]:0 [SgLow4]:0 [NetMuon1]:565179 [NetMuon2]:567272 [NetMuon3]:610846 [NetMuon4]:610846
[Run]:35989 [Site]:1 [Bin]:8474 [FullTime]:3600 [SkipTime]:0 [Veto1]:722.385 [Veto2]:736.138 [Veto3]:530.436 [Veto4]:530.436 [SgUp1]:57790 [SgUp2]:57202 [SgUp3]:0 [SgUp4]:0 [SgLow1]:57674 [SgLow2]:57071 [SgLow3]:0 [SgLow4]:0 [NetMuon1]:573187 [NetMuon2]:570491 [NetMuon3]:611402 [NetMuon4]:611402
[Run]:35989 [Site]:1 [Bin]:8475 [FullTime]:3600 [SkipTime]:0 [Veto1]:741.111 [Veto2]:732.95 [Veto3]:530.962 [Veto4]:530.962 [SgUp1]:57326 [SgUp2]:57729 [SgUp3]:0 [SgUp4]:0 [SgLow1]:57231 [SgLow2]:57628 [SgLow3]:0 [SgLow4]:0 [NetMuon1]:570471 [NetMuon2]:572473 [NetMuon3]:612466 [NetMuon4]:612466
[Run]:35989 [Site]:1 [Bin]:8476 [FullTime]:3600 [SkipTime]:0 [Veto1]:748.441 [Veto2]:767.491 [Veto3]:531.049 [Veto4]:531.049 [SgUp1]:56923 [SgUp2]:56446 [SgUp3]:0 [SgUp4]:0 [SgLow1]:56838 [SgLow2]:56328 [SgLow3]:0 [SgLow4]:0 [NetMuon1]:568363 [NetMuon2]:565078 [NetMuon3]:612138 [NetMuon4]:612138
[Run]:35989 [Site]:1 [Bin]:8477 [FullTime]:3600 [SkipTime]:0 [Veto1]:735.624 [Veto2]:731.481 [Veto3]:530.312 [Veto4]:530.312 [SgUp1]:57569 [SgUp2]:56836 [SgUp3]:0 [SgUp4]:0 [SgLow1]:57458 [SgLow2]:56734 [SgLow3]:0 [SgLow4]:0 [NetMuon1]:570368 [NetMuon2]:571264 [NetMuon3]:611362 [NetMuon4]:611362
[Run]:35989 [Site]:1 [Bin]:8478 [FullTime]:3600 [SkipTime]:0 [Veto1]:725.715 [Veto2]:759.691 [Veto3]:531.322 [Veto4]:531.322 [SgUp1]:57546 [SgUp2]:56967 [SgUp3]:0 [SgUp4]:0 [SgLow1]:57441 [SgLow2]:56838 [SgLow3]:0 [SgLow4]:0 [NetMuon1]:573794 [NetMuon2]:567157 [NetMuon3]:612351 [NetMuon4]:612351
[Run]:35989 [Site]:1 [Bin]:8479 [FullTime]:3600 [SkipTime]:0 [Veto1]:744.354 [Veto2]:746.151 [Veto3]:530.557 [Veto4]:530.557 [SgUp1]:57490 [SgUp2]:56971 [SgUp3]:0 [SgUp4]:0 [SgLow1]:57398 [SgLow2]:56854 [SgLow3]:0 [SgLow4]:0 [NetMuon1]:568967 [NetMuon2]:568748 [NetMuon3]:611699 [NetMuon4]:611699
[Run]:35989 [Site]:1 [Bin]:8480 [FullTime]:3600 [SkipTime]:0 [Veto1]:741.795 [Veto2]:739.991 [Veto3]:531.043 [Veto4]:531.043 [SgUp1]:57093 [SgUp2]:57181 [SgUp3]:0 [SgUp4]:0 [SgLow1]:56986 [SgLow2]:57072 [SgLow3]:0 [SgLow4]:0 [NetMuon1]:569935 [NetMuon2]:570595 [NetMuon3]:612050 [NetMuon4]:612050
[Run]:35989 [Site]:1 [Bin]:8481 [FullTime]:3600 [SkipTime]:0 [Veto1]:742.132 [Veto2]:722.551 [Veto3]:530.964 [Veto4]:530.964 [SgUp1]:57025 [SgUp2]:57623 [SgUp3]:0 [SgUp4]:0 [SgLow1]:56899 [SgLow2]:57510 [SgLow3]:0 [SgLow4]:0 [NetMuon1]:570168 [NetMuon2]:573707 [NetMuon3]:611899 [NetMuon4]:611899
[Run]:35989 [Site]:1 [Bin]:8482 [FullTime]:3600 [SkipTime]:0 [Veto1]:739.452 [Veto2]:743.435 [Veto3]:531.794 [Veto4]:531.794 [SgUp1]:57428 [SgUp2]:57166 [SgUp3]:0 [SgUp4]:0 [SgLow1]:57302 [SgLow2]:57044 [SgLow3]:0 [SgLow4]:0 [NetMuon1]:571317 [NetMuon2]:570777 [NetMuon3]:612962 [NetMuon4]:612962
[Run]:35989 [Site]:1 [Bin]:8483 [FullTime]:3600 [SkipTime]:0 [Veto1]:734.298 [Veto2]:745.453 [Veto3]:530.213 [Veto4]:530.213 [SgUp1]:57600 [SgUp2]:57008 [SgUp3]:0 [SgUp4]:0 [SgLow1]:57501 [SgLow2]:56894 [SgLow3]:0 [SgLow4]:0 [NetMuon1]:570406 [NetMuon2]:568320 [NetMuon3]:611051 [NetMuon4]:611051
[Run]:35989 [Site]:1 [Bin]:8484 [FullTime]:3600 [SkipTime]:0 [Veto1]:727.415 [Veto2]:754.452 [Veto3]:530.573 [Veto4]:530.573 [SgUp1]:57064 [SgUp2]:56599 [SgUp3]:0 [SgUp4]:0 [SgLow1]:56969 [SgLow2]:56510 [SgLow3]:0 [SgLow4]:0 [NetMuon1]:571741 [NetMuon2]:566673 [NetMuon3]:611283 [NetMuon4]:611283
[Run]:35989 [Site]:1 [Bin]:8485 [FullTime]:3600 [SkipTime]:0 [Veto1]:766.922 [Veto2]:749.298 [Veto3]:531.835 [Veto4]:531.835 [SgUp1]:56842 [SgUp2]:56941 [SgUp3]:0 [SgUp4]:0 [SgLow1]:56733 [SgLow2]:56829 [SgLow3]:0 [SgLow4]:0 [NetMuon1]:566349 [NetMuon2]:569750 [NetMuon3]:613173 [NetMuon4]:613173
[Run]:35989 [Site]:1 [Bin]:8486 [FullTime]:3600 [SkipTime]:0 [Veto1]:735.458 [Veto2]:734.944 [Veto3]:530.178 [Veto4]:530.178 [SgUp1]:56918 [SgUp2]:57145 [SgUp3]:0 [SgUp4]:0 [SgLow1]:56800 [SgLow2]:57051 [SgLow3]:0 [SgLow4]:0 [NetMuon1]:570396 [NetMuon2]:570559 [NetMuon3]:611346 [NetMuon4]:611346
[Run]:35989 [Site]:1 [Bin]:8487 [FullTime]:3600 [SkipTime]:0 [Veto1]:725.198 [Veto2]:743.16 [Veto3]:531.181 [Veto4]:531.181 [SgUp1]:57400 [SgUp2]:56850 [SgUp3]:0 [SgUp4]:0 [SgLow1]:57279 [SgLow2]:56721 [SgLow3]:0 [SgLow4]:0 [NetMuon1]:573494 [NetMuon2]:569852 [NetMuon3]:612148 [NetMuon4]:612148
[Run]:35989 [Site]:1 [Bin]:8488 [FullTime]:3600 [SkipTime]:0 [Veto1]:730.028 [Veto2]:738.545 [Veto3]:530.186 [Veto4]:530.186 [SgUp1]:57247 [SgUp2]:57210 [SgUp3]:0 [SgUp4]:0 [SgLow1]:57114 [SgLow2]:57099 [SgLow3]:0 [SgLow4]:0 [NetMuon1]:571276 [NetMuon2]:569668 [NetMuon3]:611024 [NetMuon4]:611024
[Run]:35989 [Site]:1 [Bin]:8489 [FullTime]:3600 [SkipTime]:0 [Veto1]:741.56 [Veto2]:743.768 [Veto3]:531.993 [Veto4]:531.993 [SgUp1]:57227 [SgUp2]:56994 [SgUp3]:0 [SgUp4]:0 [SgLow1]:57117 [SgLow2]:56905 [SgLow3]:0 [SgLow4]:0 [NetMuon1]:571278 [NetMuon2]:570452 [NetMuon3]:613178 [NetMuon4]:613178
[Run]:35989 [Site]:1 [Bin]:8490 [FullTime]:3600 [SkipTime]:0 [Veto1]:726.657 [Veto2]:747.387 [Veto3]:529.942 [Veto4]:529.942 [SgUp1]:57153 [SgUp2]:56621 [SgUp3]:0 [SgUp4]:0 [SgLow1]:57055 [SgLow2]:56505 [SgLow3]:0 [SgLow4]:0 [NetMuon1]:571925 [NetMuon2]:567950 [NetMuon3]:611019 [NetMuon4]:611019
[Run]:35989 [Site]:1 [Bin]:8491 [FullTime]:3600 [SkipTime]:0 [Veto1]:738.447 [Veto2]:734.863 [Veto3]:530.151 [Veto4]:530.151 [SgUp1]:57167 [SgUp2]:56728 [SgUp3]:0 [SgUp4]:0 [SgLow1]:57076 [SgLow2]:56619 [SgLow3]:0 [SgLow4]:0 [NetMuon1]:570038 [NetMuon2]:571117 [NetMuon3]:611575 [NetMuon4]:611575
[Run]:35989 [Site]:1 [Bin]:8492 [FullTime]:3600 [SkipTime]:0 [Veto1]:724.637 [Veto2]:714.332 [Veto3]:530.902 [Veto4]:530.902 [SgUp1]:57428 [SgUp2]:57072 [SgUp3]:0 [SgUp4]:0 [SgLow1]:57304 [SgLow2]:56961 [SgLow3]:0 [SgLow4]:0 [NetMuon1]:573210 [NetMuon2]:575308 [NetMuon3]:611794 [NetMuon4]:611794
[Run]:35989 [Site]:1 [Bin]:8493 [FullTime]:3600 [SkipTime]:0 [Veto1]:722.666 [Veto2]:741.23 [Veto3]:530.267 [Veto4]:530.267 [SgUp1]:58045 [SgUp2]:56824 [SgUp3]:0 [SgUp4]:0 [SgLow1]:57946 [SgLow2]:56705 [SgLow3]:0 [SgLow4]:0 [NetMuon1]:573147 [NetMuon2]:569362 [NetMuon3]:611311 [NetMuon4]:611311
[Run]:35989 [Site]:1 [Bin]:8494 [FullTime]:3600 [SkipTime]:0 [Veto1]:750.577 [Veto2]:737.536 [Veto3]:532.269 [Veto4]:532.269 [SgUp1]:57006 [SgUp2]:56926 [SgUp3]:0 [SgUp4]:0 [SgLow1]:56902 [SgLow2]:56831 [SgLow3]:0 [SgLow4]:0 [NetMuon1]:570065 [NetMuon2]:572778 [NetMuon3]:613660 [NetMuon4]:613660
[Run]:35989 [Site]:1 [Bin]:8495 [FullTime]:3600 [SkipTime]:0 [Veto1]:746.082 [Veto2]:749.345 [Veto3]:530.363 [Veto4]:530.363 [SgUp1]:57283 [SgUp2]:56585 [SgUp3]:0 [SgUp4]:0 [SgLow1]:57181 [SgLow2]:56475 [SgLow3]:0 [SgLow4]:0 [NetMuon1]:568666 [NetMuon2]:567692 [NetMuon3]:611407 [NetMuon4]:611407
[Run]:35989 [Site]:1 [Bin]:8496 [FullTime]:3600 [SkipTime]:0 [Veto1]:710.491 [Veto2]:750.402 [Veto3]:530.858 [Veto4]:530.858 [SgUp1]:58378 [SgUp2]:56442 [SgUp3]:0 [SgUp4]:0 [SgLow1]:58282 [SgLow2]:56314 [SgLow3]:0 [SgLow4]:0 [NetMuon1]:576422 [NetMuon2]:568293 [NetMuon3]:612363 [NetMuon4]:612363
End process Run: 35989 ... 
[Run]:35989 [Site]:1 [Bin]:8497 [FullTime]:605.498 [SkipTime]:0 [Veto1]:131.908 [Veto2]:127.689 [Veto3]:89.5223 [Veto4]:89.5223
