StreamChain add 0x10ca57f0
Start to process run: 35612 ... 
[Run]:35612 [Site]:1 [Bin]:8112 [FullTime]:2749.45 [SkipTime]:0 [Veto1]:555.325 [Veto2]:591.407 [Veto3]:407.249 [Veto4]:407.249 [SgUp1]:44180 [SgUp2]:42624 [SgUp3]:0 [SgUp4]:0 [SgLow1]:44070 [SgLow2]:42547 [SgLow3]:0 [SgLow4]:0 [NetMuon1]:439771 [NetMuon2]:432399 [NetMuon3]:469170 [NetMuon4]:469170
[Run]:35612 [Site]:1 [Bin]:8113 [FullTime]:3600 [SkipTime]:0 [Veto1]:735.052 [Veto2]:755.608 [Veto3]:532.437 [Veto4]:532.437 [SgUp1]:57490 [SgUp2]:57225 [SgUp3]:0 [SgUp4]:0 [SgLow1]:57391 [SgLow2]:57113 [SgLow3]:0 [SgLow4]:0 [NetMuon1]:573080 [NetMuon2]:568932 [NetMuon3]:613595 [NetMuon4]:613595
[Run]:35612 [Site]:1 [Bin]:8114 [FullTime]:3600 [SkipTime]:0 [Veto1]:741.409 [Veto2]:732.82 [Veto3]:530.992 [Veto4]:530.992 [SgUp1]:57890 [SgUp2]:57135 [SgUp3]:0 [SgUp4]:0 [SgLow1]:57781 [SgLow2]:56995 [SgLow3]:0 [SgLow4]:0 [NetMuon1]:570014 [NetMuon2]:572008 [NetMuon3]:612128 [NetMuon4]:612128
[Run]:35612 [Site]:1 [Bin]:8115 [FullTime]:3600 [SkipTime]:0 [Veto1]:749.723 [Veto2]:744.698 [Veto3]:533.392 [Veto4]:533.392 [SgUp1]:57623 [SgUp2]:56949 [SgUp3]:0 [SgUp4]:0 [SgLow1]:57531 [SgLow2]:56829 [SgLow3]:0 [SgLow4]:0 [NetMuon1]:571236 [NetMuon2]:572187 [NetMuon3]:614763 [NetMuon4]:614763
[Run]:35612 [Site]:1 [Bin]:8116 [FullTime]:3600 [SkipTime]:0 [Veto1]:752.857 [Veto2]:759.465 [Veto3]:532.164 [Veto4]:532.164 [SgUp1]:56995 [SgUp2]:56799 [SgUp3]:0 [SgUp4]:0 [SgLow1]:56892 [SgLow2]:56647 [SgLow3]:0 [SgLow4]:0 [NetMuon1]:569204 [NetMuon2]:568261 [NetMuon3]:613251 [NetMuon4]:613251
[Run]:35612 [Site]:1 [Bin]:8117 [FullTime]:3600 [SkipTime]:0 [Veto1]:719.125 [Veto2]:756.214 [Veto3]:532.76 [Veto4]:532.76 [SgUp1]:58105 [SgUp2]:56574 [SgUp3]:0 [SgUp4]:0 [SgLow1]:58003 [SgLow2]:56466 [SgLow3]:0 [SgLow4]:0 [NetMuon1]:576937 [NetMuon2]:569644 [NetMuon3]:614086 [NetMuon4]:614086
[Run]:35612 [Site]:1 [Bin]:8118 [FullTime]:3600 [SkipTime]:0 [Veto1]:738.963 [Veto2]:758.224 [Veto3]:531.881 [Veto4]:531.881 [SgUp1]:57464 [SgUp2]:56817 [SgUp3]:0 [SgUp4]:0 [SgLow1]:57362 [SgLow2]:56724 [SgLow3]:0 [SgLow4]:0 [NetMuon1]:571563 [NetMuon2]:567961 [NetMuon3]:612809 [NetMuon4]:612809
[Run]:35612 [Site]:1 [Bin]:8119 [FullTime]:3600 [SkipTime]:0 [Veto1]:714.777 [Veto2]:755.747 [Veto3]:532.795 [Veto4]:532.795 [SgUp1]:58177 [SgUp2]:56549 [SgUp3]:0 [SgUp4]:0 [SgLow1]:58087 [SgLow2]:56420 [SgLow3]:0 [SgLow4]:0 [NetMuon1]:577239 [NetMuon2]:569446 [NetMuon3]:613975 [NetMuon4]:613975
[Run]:35612 [Site]:1 [Bin]:8120 [FullTime]:3600 [SkipTime]:0 [Veto1]:731.058 [Veto2]:723.316 [Veto3]:531.767 [Veto4]:531.767 [SgUp1]:58548 [SgUp2]:57698 [SgUp3]:0 [SgUp4]:0 [SgLow1]:58430 [SgLow2]:57595 [SgLow3]:0 [SgLow4]:0 [NetMuon1]:573441 [NetMuon2]:574429 [NetMuon3]:612779 [NetMuon4]:612779
[Run]:35612 [Site]:1 [Bin]:8121 [FullTime]:3600 [SkipTime]:0 [Veto1]:736.623 [Veto2]:738.079 [Veto3]:532.881 [Veto4]:532.881 [SgUp1]:57590 [SgUp2]:57162 [SgUp3]:0 [SgUp4]:0 [SgLow1]:57482 [SgLow2]:57020 [SgLow3]:0 [SgLow4]:0 [NetMuon1]:572744 [NetMuon2]:572700 [NetMuon3]:613816 [NetMuon4]:613816
[Run]:35612 [Site]:1 [Bin]:8122 [FullTime]:3600 [SkipTime]:0 [Veto1]:720.966 [Veto2]:746.403 [Veto3]:532.602 [Veto4]:532.602 [SgUp1]:58148 [SgUp2]:56917 [SgUp3]:0 [SgUp4]:0 [SgLow1]:58049 [SgLow2]:56820 [SgLow3]:0 [SgLow4]:0 [NetMuon1]:575927 [NetMuon2]:570967 [NetMuon3]:613783 [NetMuon4]:613783
[Run]:35612 [Site]:1 [Bin]:8123 [FullTime]:3600 [SkipTime]:0 [Veto1]:731.583 [Veto2]:754.01 [Veto3]:531.375 [Veto4]:531.375 [SgUp1]:57030 [SgUp2]:56301 [SgUp3]:0 [SgUp4]:0 [SgLow1]:56940 [SgLow2]:56203 [SgLow3]:0 [SgLow4]:0 [NetMuon1]:572242 [NetMuon2]:567907 [NetMuon3]:612294 [NetMuon4]:612294
[Run]:35612 [Site]:1 [Bin]:8124 [FullTime]:3600 [SkipTime]:0 [Veto1]:730.28 [Veto2]:754.745 [Veto3]:531.739 [Veto4]:531.739 [SgUp1]:57602 [SgUp2]:56741 [SgUp3]:0 [SgUp4]:0 [SgLow1]:57504 [SgLow2]:56625 [SgLow3]:0 [SgLow4]:0 [NetMuon1]:573618 [NetMuon2]:568627 [NetMuon3]:612889 [NetMuon4]:612889
[Run]:35612 [Site]:1 [Bin]:8125 [FullTime]:3600 [SkipTime]:0 [Veto1]:746.578 [Veto2]:748.762 [Veto3]:532.596 [Veto4]:532.596 [SgUp1]:57538 [SgUp2]:56897 [SgUp3]:0 [SgUp4]:0 [SgLow1]:57436 [SgLow2]:56815 [SgLow3]:0 [SgLow4]:0 [NetMuon1]:571149 [NetMuon2]:570190 [NetMuon3]:613552 [NetMuon4]:613552
[Run]:35612 [Site]:1 [Bin]:8126 [FullTime]:3600 [SkipTime]:0 [Veto1]:741.878 [Veto2]:739.696 [Veto3]:532.24 [Veto4]:532.24 [SgUp1]:56815 [SgUp2]:57512 [SgUp3]:0 [SgUp4]:0 [SgLow1]:56678 [SgLow2]:57405 [SgLow3]:0 [SgLow4]:0 [NetMuon1]:571371 [NetMuon2]:572006 [NetMuon3]:613505 [NetMuon4]:613505
[Run]:35612 [Site]:1 [Bin]:8127 [FullTime]:3600 [SkipTime]:0 [Veto1]:738.113 [Veto2]:741.521 [Veto3]:532.826 [Veto4]:532.826 [SgUp1]:56974 [SgUp2]:57135 [SgUp3]:0 [SgUp4]:0 [SgLow1]:56841 [SgLow2]:57021 [SgLow3]:0 [SgLow4]:0 [NetMuon1]:572715 [NetMuon2]:572131 [NetMuon3]:613964 [NetMuon4]:613964
[Run]:35612 [Site]:1 [Bin]:8128 [FullTime]:3600 [SkipTime]:0 [Veto1]:710.876 [Veto2]:750.675 [Veto3]:531.876 [Veto4]:531.876 [SgUp1]:57808 [SgUp2]:57142 [SgUp3]:0 [SgUp4]:0 [SgLow1]:57712 [SgLow2]:57044 [SgLow3]:0 [SgLow4]:0 [NetMuon1]:577011 [NetMuon2]:569276 [NetMuon3]:613134 [NetMuon4]:613134
[Run]:35612 [Site]:1 [Bin]:8129 [FullTime]:3600 [SkipTime]:0 [Veto1]:741.375 [Veto2]:749.688 [Veto3]:532.919 [Veto4]:532.919 [SgUp1]:57547 [SgUp2]:56936 [SgUp3]:0 [SgUp4]:0 [SgLow1]:57446 [SgLow2]:56854 [SgLow3]:0 [SgLow4]:0 [NetMuon1]:572208 [NetMuon2]:570532 [NetMuon3]:613932 [NetMuon4]:613932
[Run]:35612 [Site]:1 [Bin]:8130 [FullTime]:3600 [SkipTime]:0 [Veto1]:749.495 [Veto2]:749.001 [Veto3]:532.648 [Veto4]:532.648 [SgUp1]:56744 [SgUp2]:57334 [SgUp3]:0 [SgUp4]:0 [SgLow1]:56600 [SgLow2]:57242 [SgLow3]:0 [SgLow4]:0 [NetMuon1]:570853 [NetMuon2]:570920 [NetMuon3]:614302 [NetMuon4]:614302
[Run]:35612 [Site]:1 [Bin]:8131 [FullTime]:3600 [SkipTime]:0 [Veto1]:728.644 [Veto2]:744.411 [Veto3]:533.007 [Veto4]:533.007 [SgUp1]:57745 [SgUp2]:56933 [SgUp3]:0 [SgUp4]:0 [SgLow1]:57617 [SgLow2]:56812 [SgLow3]:0 [SgLow4]:0 [NetMuon1]:574964 [NetMuon2]:571606 [NetMuon3]:614116 [NetMuon4]:614116
[Run]:35612 [Site]:1 [Bin]:8132 [FullTime]:3600 [SkipTime]:0 [Veto1]:731.066 [Veto2]:763.126 [Veto3]:532.735 [Veto4]:532.735 [SgUp1]:57430 [SgUp2]:56296 [SgUp3]:0 [SgUp4]:0 [SgLow1]:57301 [SgLow2]:56175 [SgLow3]:0 [SgLow4]:0 [NetMuon1]:574001 [NetMuon2]:567585 [NetMuon3]:613598 [NetMuon4]:613598
[Run]:35612 [Site]:1 [Bin]:8133 [FullTime]:3600 [SkipTime]:0 [Veto1]:733.104 [Veto2]:746.333 [Veto3]:534.297 [Veto4]:534.297 [SgUp1]:57434 [SgUp2]:57927 [SgUp3]:0 [SgUp4]:0 [SgLow1]:57321 [SgLow2]:57824 [SgLow3]:0 [SgLow4]:0 [NetMuon1]:575527 [NetMuon2]:573134 [NetMuon3]:615387 [NetMuon4]:615387
[Run]:35612 [Site]:1 [Bin]:8134 [FullTime]:3600 [SkipTime]:0 [Veto1]:718.021 [Veto2]:745.961 [Veto3]:532.099 [Veto4]:532.099 [SgUp1]:57473 [SgUp2]:56586 [SgUp3]:0 [SgUp4]:0 [SgLow1]:57370 [SgLow2]:56461 [SgLow3]:0 [SgLow4]:0 [NetMuon1]:576474 [NetMuon2]:570610 [NetMuon3]:613430 [NetMuon4]:613430
[Run]:35612 [Site]:1 [Bin]:8135 [FullTime]:3600 [SkipTime]:0 [Veto1]:729.765 [Veto2]:733.793 [Veto3]:532.686 [Veto4]:532.686 [SgUp1]:57484 [SgUp2]:57277 [SgUp3]:0 [SgUp4]:0 [SgLow1]:57406 [SgLow2]:57139 [SgLow3]:0 [SgLow4]:0 [NetMuon1]:574929 [NetMuon2]:573789 [NetMuon3]:614173 [NetMuon4]:614173
[Run]:35612 [Site]:1 [Bin]:8136 [FullTime]:3600 [SkipTime]:0 [Veto1]:743.942 [Veto2]:742.797 [Veto3]:531.996 [Veto4]:531.996 [SgUp1]:57411 [SgUp2]:57094 [SgUp3]:0 [SgUp4]:0 [SgLow1]:57277 [SgLow2]:56975 [SgLow3]:0 [SgLow4]:0 [NetMuon1]:571071 [NetMuon2]:570969 [NetMuon3]:613342 [NetMuon4]:613342
[Run]:35612 [Site]:1 [Bin]:8137 [FullTime]:3600 [SkipTime]:0 [Veto1]:748.421 [Veto2]:734.755 [Veto3]:532.281 [Veto4]:532.281 [SgUp1]:57467 [SgUp2]:57406 [SgUp3]:0 [SgUp4]:0 [SgLow1]:57344 [SgLow2]:57299 [SgLow3]:0 [SgLow4]:0 [NetMuon1]:570548 [NetMuon2]:573043 [NetMuon3]:613377 [NetMuon4]:613377
[Run]:35612 [Site]:1 [Bin]:8138 [FullTime]:3600 [SkipTime]:0 [Veto1]:736.521 [Veto2]:761.53 [Veto3]:532.123 [Veto4]:532.123 [SgUp1]:57726 [SgUp2]:56237 [SgUp3]:0 [SgUp4]:0 [SgLow1]:57611 [SgLow2]:56128 [SgLow3]:0 [SgLow4]:0 [NetMuon1]:572284 [NetMuon2]:567255 [NetMuon3]:613150 [NetMuon4]:613150
[Run]:35612 [Site]:1 [Bin]:8139 [FullTime]:3600 [SkipTime]:0 [Veto1]:724.76 [Veto2]:747.138 [Veto3]:532.436 [Veto4]:532.436 [SgUp1]:57749 [SgUp2]:56945 [SgUp3]:0 [SgUp4]:0 [SgLow1]:57643 [SgLow2]:56841 [SgLow3]:0 [SgLow4]:0 [NetMuon1]:574817 [NetMuon2]:570589 [NetMuon3]:613528 [NetMuon4]:613528
[Run]:35612 [Site]:1 [Bin]:8140 [FullTime]:3600 [SkipTime]:0 [Veto1]:720.669 [Veto2]:753.699 [Veto3]:532.074 [Veto4]:532.074 [SgUp1]:57563 [SgUp2]:56755 [SgUp3]:0 [SgUp4]:0 [SgLow1]:57469 [SgLow2]:56613 [SgLow3]:0 [SgLow4]:0 [NetMuon1]:575287 [NetMuon2]:568757 [NetMuon3]:613149 [NetMuon4]:613149
[Run]:35612 [Site]:1 [Bin]:8141 [FullTime]:3600 [SkipTime]:0 [Veto1]:743.716 [Veto2]:743.353 [Veto3]:533.664 [Veto4]:533.664 [SgUp1]:57454 [SgUp2]:57007 [SgUp3]:0 [SgUp4]:0 [SgLow1]:57313 [SgLow2]:56894 [SgLow3]:0 [SgLow4]:0 [NetMuon1]:572979 [NetMuon2]:572755 [NetMuon3]:614956 [NetMuon4]:614956
[Run]:35612 [Site]:1 [Bin]:8142 [FullTime]:3600 [SkipTime]:0 [Veto1]:751.208 [Veto2]:750.473 [Veto3]:531.804 [Veto4]:531.804 [SgUp1]:57209 [SgUp2]:56818 [SgUp3]:0 [SgUp4]:0 [SgLow1]:57074 [SgLow2]:56705 [SgLow3]:0 [SgLow4]:0 [NetMuon1]:568833 [NetMuon2]:569126 [NetMuon3]:612693 [NetMuon4]:612693
[Run]:35612 [Site]:1 [Bin]:8143 [FullTime]:3600 [SkipTime]:0 [Veto1]:726.015 [Veto2]:738.102 [Veto3]:532.45 [Veto4]:532.45 [SgUp1]:57883 [SgUp2]:56747 [SgUp3]:0 [SgUp4]:0 [SgLow1]:57751 [SgLow2]:56611 [SgLow3]:0 [SgLow4]:0 [NetMuon1]:574888 [NetMuon2]:572337 [NetMuon3]:613498 [NetMuon4]:613498
[Run]:35612 [Site]:1 [Bin]:8144 [FullTime]:3600 [SkipTime]:0 [Veto1]:738.308 [Veto2]:747.897 [Veto3]:531.662 [Veto4]:531.662 [SgUp1]:57536 [SgUp2]:56875 [SgUp3]:0 [SgUp4]:0 [SgLow1]:57412 [SgLow2]:56768 [SgLow3]:0 [SgLow4]:0 [NetMuon1]:571456 [NetMuon2]:569438 [NetMuon3]:612608 [NetMuon4]:612608
[Run]:35612 [Site]:1 [Bin]:8145 [FullTime]:3600 [SkipTime]:0 [Veto1]:744.654 [Veto2]:723.347 [Veto3]:531.619 [Veto4]:531.619 [SgUp1]:57133 [SgUp2]:57480 [SgUp3]:0 [SgUp4]:0 [SgLow1]:57047 [SgLow2]:57366 [SgLow3]:0 [SgLow4]:0 [NetMuon1]:570255 [NetMuon2]:574689 [NetMuon3]:612669 [NetMuon4]:612669
[Run]:35612 [Site]:1 [Bin]:8146 [FullTime]:3600 [SkipTime]:0 [Veto1]:727.856 [Veto2]:735.623 [Veto3]:531.497 [Veto4]:531.497 [SgUp1]:58135 [SgUp2]:57133 [SgUp3]:0 [SgUp4]:0 [SgLow1]:58005 [SgLow2]:57018 [SgLow3]:0 [SgLow4]:0 [NetMuon1]:573266 [NetMuon2]:571661 [NetMuon3]:612424 [NetMuon4]:612424
[Run]:35612 [Site]:1 [Bin]:8147 [FullTime]:3600 [SkipTime]:0 [Veto1]:745.576 [Veto2]:741.155 [Veto3]:532.37 [Veto4]:532.37 [SgUp1]:56879 [SgUp2]:56938 [SgUp3]:0 [SgUp4]:0 [SgLow1]:56781 [SgLow2]:56829 [SgLow3]:0 [SgLow4]:0 [NetMuon1]:570615 [NetMuon2]:571497 [NetMuon3]:613384 [NetMuon4]:613384
[Run]:35612 [Site]:1 [Bin]:8148 [FullTime]:3600 [SkipTime]:0 [Veto1]:754.727 [Veto2]:739.141 [Veto3]:531.875 [Veto4]:531.875 [SgUp1]:57375 [SgUp2]:57072 [SgUp3]:0 [SgUp4]:0 [SgLow1]:57243 [SgLow2]:56966 [SgLow3]:0 [SgLow4]:0 [NetMuon1]:568430 [NetMuon2]:571480 [NetMuon3]:612860 [NetMuon4]:612860
[Run]:35612 [Site]:1 [Bin]:8149 [FullTime]:3600 [SkipTime]:0 [Veto1]:749.78 [Veto2]:762.669 [Veto3]:531.782 [Veto4]:531.782 [SgUp1]:57323 [SgUp2]:56615 [SgUp3]:0 [SgUp4]:0 [SgLow1]:57217 [SgLow2]:56492 [SgLow3]:0 [SgLow4]:0 [NetMuon1]:569256 [NetMuon2]:567069 [NetMuon3]:612948 [NetMuon4]:612948
[Run]:35612 [Site]:1 [Bin]:8150 [FullTime]:3600 [SkipTime]:0 [Veto1]:745.739 [Veto2]:748.82 [Veto3]:532.804 [Veto4]:532.804 [SgUp1]:57125 [SgUp2]:56668 [SgUp3]:0 [SgUp4]:0 [SgLow1]:57000 [SgLow2]:56563 [SgLow3]:0 [SgLow4]:0 [NetMuon1]:571253 [NetMuon2]:570834 [NetMuon3]:613999 [NetMuon4]:613999
[Run]:35612 [Site]:1 [Bin]:8151 [FullTime]:3600 [SkipTime]:0 [Veto1]:730.182 [Veto2]:754.557 [Veto3]:532.4 [Veto4]:532.4 [SgUp1]:58131 [SgUp2]:56988 [SgUp3]:0 [SgUp4]:0 [SgLow1]:58020 [SgLow2]:56872 [SgLow3]:0 [SgLow4]:0 [NetMuon1]:573713 [NetMuon2]:568899 [NetMuon3]:613382 [NetMuon4]:613382
[Run]:35612 [Site]:1 [Bin]:8152 [FullTime]:3600 [SkipTime]:0 [Veto1]:735.522 [Veto2]:725.243 [Veto3]:532.191 [Veto4]:532.191 [SgUp1]:58024 [SgUp2]:57507 [SgUp3]:0 [SgUp4]:0 [SgLow1]:57919 [SgLow2]:57399 [SgLow3]:0 [SgLow4]:0 [NetMuon1]:572656 [NetMuon2]:574690 [NetMuon3]:613257 [NetMuon4]:613257
[Run]:35612 [Site]:1 [Bin]:8153 [FullTime]:3600 [SkipTime]:0 [Veto1]:732.931 [Veto2]:749.103 [Veto3]:532.642 [Veto4]:532.642 [SgUp1]:57425 [SgUp2]:56956 [SgUp3]:0 [SgUp4]:0 [SgLow1]:57318 [SgLow2]:56829 [SgLow3]:0 [SgLow4]:0 [NetMuon1]:573509 [NetMuon2]:570455 [NetMuon3]:613579 [NetMuon4]:613579
[Run]:35612 [Site]:1 [Bin]:8154 [FullTime]:3600 [SkipTime]:0 [Veto1]:767.511 [Veto2]:738.755 [Veto3]:533.464 [Veto4]:533.464 [SgUp1]:56911 [SgUp2]:57377 [SgUp3]:0 [SgUp4]:0 [SgLow1]:56802 [SgLow2]:57247 [SgLow3]:0 [SgLow4]:0 [NetMuon1]:568323 [NetMuon2]:573640 [NetMuon3]:615006 [NetMuon4]:615006
[Run]:35612 [Site]:1 [Bin]:8155 [FullTime]:3600 [SkipTime]:0 [Veto1]:749.465 [Veto2]:737.397 [Veto3]:533.421 [Veto4]:533.421 [SgUp1]:56891 [SgUp2]:57171 [SgUp3]:0 [SgUp4]:0 [SgLow1]:56761 [SgLow2]:57069 [SgLow3]:0 [SgLow4]:0 [NetMuon1]:571343 [NetMuon2]:573736 [NetMuon3]:614391 [NetMuon4]:614391
[Run]:35612 [Site]:1 [Bin]:8156 [FullTime]:3600 [SkipTime]:0 [Veto1]:716.263 [Veto2]:734.516 [Veto3]:533.063 [Veto4]:533.063 [SgUp1]:57224 [SgUp2]:57160 [SgUp3]:0 [SgUp4]:0 [SgLow1]:57078 [SgLow2]:57048 [SgLow3]:0 [SgLow4]:0 [NetMuon1]:577514 [NetMuon2]:574036 [NetMuon3]:614260 [NetMuon4]:614260
[Run]:35612 [Site]:1 [Bin]:8157 [FullTime]:3600 [SkipTime]:0 [Veto1]:727.531 [Veto2]:777.944 [Veto3]:531.225 [Veto4]:531.225 [SgUp1]:57027 [SgUp2]:56024 [SgUp3]:0 [SgUp4]:0 [SgLow1]:56929 [SgLow2]:55923 [SgLow3]:0 [SgLow4]:0 [NetMuon1]:572960 [NetMuon2]:562853 [NetMuon3]:611982 [NetMuon4]:611982
[Run]:35612 [Site]:1 [Bin]:8158 [FullTime]:3600 [SkipTime]:0 [Veto1]:742.585 [Veto2]:759.537 [Veto3]:532.263 [Veto4]:532.263 [SgUp1]:57135 [SgUp2]:56669 [SgUp3]:0 [SgUp4]:0 [SgLow1]:57050 [SgLow2]:56521 [SgLow3]:0 [SgLow4]:0 [NetMuon1]:571334 [NetMuon2]:568441 [NetMuon3]:613497 [NetMuon4]:613497
End process Run: 35612 ... 
[Run]:35612 [Site]:1 [Bin]:8159 [FullTime]:3399.11 [SkipTime]:0 [Veto1]:703.593 [Veto2]:717.764 [Veto3]:503.197 [Veto4]:503.197
