StreamChain add 0x1fd847f0
Start to process run: 35621 ... 
[Run]:35621 [Site]:1 [Bin]:8160 [FullTime]:3215.98 [SkipTime]:0 [Veto1]:656.607 [Veto2]:643.792 [Veto3]:476.005 [Veto4]:476.005 [SgUp1]:51162 [SgUp2]:51104 [SgUp3]:0 [SgUp4]:0 [SgLow1]:51073 [SgLow2]:50982 [SgLow3]:0 [SgLow4]:0 [NetMuon1]:511657 [NetMuon2]:514726 [NetMuon3]:548136 [NetMuon4]:548136
[Run]:35621 [Site]:1 [Bin]:8161 [FullTime]:3600 [SkipTime]:0 [Veto1]:742.047 [Veto2]:757.562 [Veto3]:532.609 [Veto4]:532.609 [SgUp1]:57567 [SgUp2]:56681 [SgUp3]:0 [SgUp4]:0 [SgLow1]:57418 [SgLow2]:56558 [SgLow3]:0 [SgLow4]:0 [NetMuon1]:571838 [NetMuon2]:568549 [NetMuon3]:613779 [NetMuon4]:613779
[Run]:35621 [Site]:1 [Bin]:8162 [FullTime]:3600 [SkipTime]:0 [Veto1]:738.312 [Veto2]:729.193 [Veto3]:531.9 [Veto4]:531.9 [SgUp1]:57490 [SgUp2]:57542 [SgUp3]:0 [SgUp4]:0 [SgLow1]:57402 [SgLow2]:57407 [SgLow3]:0 [SgLow4]:0 [NetMuon1]:571527 [NetMuon2]:573752 [NetMuon3]:612952 [NetMuon4]:612952
[Run]:35621 [Site]:1 [Bin]:8163 [FullTime]:3600 [SkipTime]:0 [Veto1]:723.957 [Veto2]:748.911 [Veto3]:533.03 [Veto4]:533.03 [SgUp1]:57754 [SgUp2]:57459 [SgUp3]:0 [SgUp4]:0 [SgLow1]:57652 [SgLow2]:57343 [SgLow3]:0 [SgLow4]:0 [NetMuon1]:576050 [NetMuon2]:571173 [NetMuon3]:614277 [NetMuon4]:614277
[Run]:35621 [Site]:1 [Bin]:8164 [FullTime]:3600 [SkipTime]:0 [Veto1]:736.682 [Veto2]:755.139 [Veto3]:532.389 [Veto4]:532.389 [SgUp1]:57840 [SgUp2]:57521 [SgUp3]:0 [SgUp4]:0 [SgLow1]:57730 [SgLow2]:57390 [SgLow3]:0 [SgLow4]:0 [NetMuon1]:572364 [NetMuon2]:568945 [NetMuon3]:613447 [NetMuon4]:613447
[Run]:35621 [Site]:1 [Bin]:8165 [FullTime]:3600 [SkipTime]:0 [Veto1]:738.659 [Veto2]:765.874 [Veto3]:532.936 [Veto4]:532.936 [SgUp1]:57269 [SgUp2]:56392 [SgUp3]:0 [SgUp4]:0 [SgLow1]:57156 [SgLow2]:56295 [SgLow3]:0 [SgLow4]:0 [NetMuon1]:573526 [NetMuon2]:567668 [NetMuon3]:614428 [NetMuon4]:614428
[Run]:35621 [Site]:1 [Bin]:8166 [FullTime]:3600 [SkipTime]:0 [Veto1]:743.362 [Veto2]:757.333 [Veto3]:531.958 [Veto4]:531.958 [SgUp1]:56817 [SgUp2]:57082 [SgUp3]:0 [SgUp4]:0 [SgLow1]:56717 [SgLow2]:56959 [SgLow3]:0 [SgLow4]:0 [NetMuon1]:570624 [NetMuon2]:567662 [NetMuon3]:612917 [NetMuon4]:612917
[Run]:35621 [Site]:1 [Bin]:8167 [FullTime]:3600 [SkipTime]:0 [Veto1]:749.101 [Veto2]:736.887 [Veto3]:533.113 [Veto4]:533.113 [SgUp1]:57405 [SgUp2]:57652 [SgUp3]:0 [SgUp4]:0 [SgLow1]:57302 [SgLow2]:57557 [SgLow3]:0 [SgLow4]:0 [NetMuon1]:571019 [NetMuon2]:573675 [NetMuon3]:614293 [NetMuon4]:614293
[Run]:35621 [Site]:1 [Bin]:8168 [FullTime]:3600 [SkipTime]:0 [Veto1]:727.78 [Veto2]:742.154 [Veto3]:533.131 [Veto4]:533.131 [SgUp1]:57440 [SgUp2]:57267 [SgUp3]:0 [SgUp4]:0 [SgLow1]:57328 [SgLow2]:57158 [SgLow3]:0 [SgLow4]:0 [NetMuon1]:575522 [NetMuon2]:572533 [NetMuon3]:614399 [NetMuon4]:614399
[Run]:35621 [Site]:1 [Bin]:8169 [FullTime]:3600 [SkipTime]:0 [Veto1]:714.174 [Veto2]:731.525 [Veto3]:531.763 [Veto4]:531.763 [SgUp1]:57960 [SgUp2]:57305 [SgUp3]:0 [SgUp4]:0 [SgLow1]:57855 [SgLow2]:57185 [SgLow3]:0 [SgLow4]:0 [NetMuon1]:576696 [NetMuon2]:572696 [NetMuon3]:613033 [NetMuon4]:613033
[Run]:35621 [Site]:1 [Bin]:8170 [FullTime]:3600 [SkipTime]:0 [Veto1]:728.028 [Veto2]:733.596 [Veto3]:533.221 [Veto4]:533.221 [SgUp1]:57025 [SgUp2]:57594 [SgUp3]:0 [SgUp4]:0 [SgLow1]:56894 [SgLow2]:57480 [SgLow3]:0 [SgLow4]:0 [NetMuon1]:575595 [NetMuon2]:574529 [NetMuon3]:614609 [NetMuon4]:614609
[Run]:35621 [Site]:1 [Bin]:8171 [FullTime]:3600 [SkipTime]:0 [Veto1]:718.866 [Veto2]:756.705 [Veto3]:532.587 [Veto4]:532.587 [SgUp1]:57544 [SgUp2]:57038 [SgUp3]:0 [SgUp4]:0 [SgLow1]:57426 [SgLow2]:56925 [SgLow3]:0 [SgLow4]:0 [NetMuon1]:576584 [NetMuon2]:568817 [NetMuon3]:613962 [NetMuon4]:613962
[Run]:35621 [Site]:1 [Bin]:8172 [FullTime]:3600 [SkipTime]:0 [Veto1]:738.277 [Veto2]:745.739 [Veto3]:532.896 [Veto4]:532.896 [SgUp1]:57389 [SgUp2]:57031 [SgUp3]:0 [SgUp4]:0 [SgLow1]:57282 [SgLow2]:56915 [SgLow3]:0 [SgLow4]:0 [NetMuon1]:573299 [NetMuon2]:571378 [NetMuon3]:614219 [NetMuon4]:614219
[Run]:35621 [Site]:1 [Bin]:8173 [FullTime]:3600 [SkipTime]:0 [Veto1]:736.176 [Veto2]:730.163 [Veto3]:532.374 [Veto4]:532.374 [SgUp1]:57419 [SgUp2]:57657 [SgUp3]:0 [SgUp4]:0 [SgLow1]:57298 [SgLow2]:57546 [SgLow3]:0 [SgLow4]:0 [NetMuon1]:572957 [NetMuon2]:574162 [NetMuon3]:613800 [NetMuon4]:613800
[Run]:35621 [Site]:1 [Bin]:8174 [FullTime]:3600 [SkipTime]:0 [Veto1]:755.369 [Veto2]:754.554 [Veto3]:534.235 [Veto4]:534.235 [SgUp1]:57007 [SgUp2]:56133 [SgUp3]:0 [SgUp4]:0 [SgLow1]:56899 [SgLow2]:56047 [SgLow3]:0 [SgLow4]:0 [NetMuon1]:571101 [NetMuon2]:571514 [NetMuon3]:615749 [NetMuon4]:615749
[Run]:35621 [Site]:1 [Bin]:8175 [FullTime]:3600 [SkipTime]:0 [Veto1]:753.011 [Veto2]:775.639 [Veto3]:531.993 [Veto4]:531.993 [SgUp1]:56878 [SgUp2]:56583 [SgUp3]:0 [SgUp4]:0 [SgLow1]:56774 [SgLow2]:56484 [SgLow3]:0 [SgLow4]:0 [NetMuon1]:569286 [NetMuon2]:564735 [NetMuon3]:613217 [NetMuon4]:613217
[Run]:35621 [Site]:1 [Bin]:8176 [FullTime]:3600 [SkipTime]:0 [Veto1]:735.026 [Veto2]:773.493 [Veto3]:533.206 [Veto4]:533.206 [SgUp1]:56999 [SgUp2]:56667 [SgUp3]:0 [SgUp4]:0 [SgLow1]:56877 [SgLow2]:56536 [SgLow3]:0 [SgLow4]:0 [NetMuon1]:574166 [NetMuon2]:566638 [NetMuon3]:614667 [NetMuon4]:614667
[Run]:35621 [Site]:1 [Bin]:8177 [FullTime]:3600 [SkipTime]:0 [Veto1]:748.897 [Veto2]:753.666 [Veto3]:532.931 [Veto4]:532.931 [SgUp1]:57261 [SgUp2]:57130 [SgUp3]:0 [SgUp4]:0 [SgLow1]:57133 [SgLow2]:57007 [SgLow3]:0 [SgLow4]:0 [NetMuon1]:571007 [NetMuon2]:570207 [NetMuon3]:614219 [NetMuon4]:614219
[Run]:35621 [Site]:1 [Bin]:8178 [FullTime]:3600 [SkipTime]:0 [Veto1]:744.95 [Veto2]:746.214 [Veto3]:533.13 [Veto4]:533.13 [SgUp1]:56970 [SgUp2]:57519 [SgUp3]:0 [SgUp4]:0 [SgLow1]:56872 [SgLow2]:57405 [SgLow3]:0 [SgLow4]:0 [NetMuon1]:571698 [NetMuon2]:571367 [NetMuon3]:614267 [NetMuon4]:614267
[Run]:35621 [Site]:1 [Bin]:8179 [FullTime]:3600 [SkipTime]:0 [Veto1]:741.19 [Veto2]:766.97 [Veto3]:533.342 [Veto4]:533.342 [SgUp1]:56455 [SgUp2]:56851 [SgUp3]:0 [SgUp4]:0 [SgLow1]:56324 [SgLow2]:56755 [SgLow3]:0 [SgLow4]:0 [NetMuon1]:572406 [NetMuon2]:567831 [NetMuon3]:614359 [NetMuon4]:614359
[Run]:35621 [Site]:1 [Bin]:8180 [FullTime]:3600 [SkipTime]:0 [Veto1]:739.877 [Veto2]:739.826 [Veto3]:533.781 [Veto4]:533.781 [SgUp1]:57332 [SgUp2]:57164 [SgUp3]:0 [SgUp4]:0 [SgLow1]:57205 [SgLow2]:57073 [SgLow3]:0 [SgLow4]:0 [NetMuon1]:573181 [NetMuon2]:573384 [NetMuon3]:614776 [NetMuon4]:614776
[Run]:35621 [Site]:1 [Bin]:8181 [FullTime]:3600 [SkipTime]:0 [Veto1]:729.808 [Veto2]:750.35 [Veto3]:533.711 [Veto4]:533.711 [SgUp1]:57091 [SgUp2]:57134 [SgUp3]:0 [SgUp4]:0 [SgLow1]:56986 [SgLow2]:56989 [SgLow3]:0 [SgLow4]:0 [NetMuon1]:575555 [NetMuon2]:571309 [NetMuon3]:614850 [NetMuon4]:614850
[Run]:35621 [Site]:1 [Bin]:8182 [FullTime]:3600 [SkipTime]:0 [Veto1]:734.678 [Veto2]:743.161 [Veto3]:532.496 [Veto4]:532.496 [SgUp1]:57313 [SgUp2]:57431 [SgUp3]:0 [SgUp4]:0 [SgLow1]:57183 [SgLow2]:57343 [SgLow3]:0 [SgLow4]:0 [NetMuon1]:573102 [NetMuon2]:571781 [NetMuon3]:613591 [NetMuon4]:613591
[Run]:35621 [Site]:1 [Bin]:8183 [FullTime]:3600 [SkipTime]:0 [Veto1]:738.813 [Veto2]:781.829 [Veto3]:532.64 [Veto4]:532.64 [SgUp1]:57190 [SgUp2]:56610 [SgUp3]:0 [SgUp4]:0 [SgLow1]:57057 [SgLow2]:56493 [SgLow3]:0 [SgLow4]:0 [NetMuon1]:572946 [NetMuon2]:563985 [NetMuon3]:613873 [NetMuon4]:613873
[Run]:35621 [Site]:1 [Bin]:8184 [FullTime]:3600 [SkipTime]:0 [Veto1]:732.242 [Veto2]:752.96 [Veto3]:531.916 [Veto4]:531.916 [SgUp1]:57448 [SgUp2]:56582 [SgUp3]:0 [SgUp4]:0 [SgLow1]:57307 [SgLow2]:56471 [SgLow3]:0 [SgLow4]:0 [NetMuon1]:573377 [NetMuon2]:568837 [NetMuon3]:613267 [NetMuon4]:613267
[Run]:35621 [Site]:1 [Bin]:8185 [FullTime]:3600 [SkipTime]:0 [Veto1]:737.253 [Veto2]:752.613 [Veto3]:531.412 [Veto4]:531.412 [SgUp1]:56963 [SgUp2]:56751 [SgUp3]:0 [SgUp4]:0 [SgLow1]:56841 [SgLow2]:56618 [SgLow3]:0 [SgLow4]:0 [NetMuon1]:571700 [NetMuon2]:568252 [NetMuon3]:612675 [NetMuon4]:612675
[Run]:35621 [Site]:1 [Bin]:8186 [FullTime]:3600 [SkipTime]:0 [Veto1]:733.247 [Veto2]:753.471 [Veto3]:530.995 [Veto4]:530.995 [SgUp1]:57137 [SgUp2]:56742 [SgUp3]:0 [SgUp4]:0 [SgLow1]:57001 [SgLow2]:56638 [SgLow3]:0 [SgLow4]:0 [NetMuon1]:571434 [NetMuon2]:567510 [NetMuon3]:611735 [NetMuon4]:611735
[Run]:35621 [Site]:1 [Bin]:8187 [FullTime]:3600 [SkipTime]:0 [Veto1]:736.424 [Veto2]:745.723 [Veto3]:533.168 [Veto4]:533.168 [SgUp1]:57458 [SgUp2]:57159 [SgUp3]:0 [SgUp4]:0 [SgLow1]:57340 [SgLow2]:57050 [SgLow3]:0 [SgLow4]:0 [NetMuon1]:573834 [NetMuon2]:571633 [NetMuon3]:614516 [NetMuon4]:614516
[Run]:35621 [Site]:1 [Bin]:8188 [FullTime]:3600 [SkipTime]:0 [Veto1]:737.85 [Veto2]:754.66 [Veto3]:532.7 [Veto4]:532.7 [SgUp1]:57313 [SgUp2]:56345 [SgUp3]:0 [SgUp4]:0 [SgLow1]:57200 [SgLow2]:56223 [SgLow3]:0 [SgLow4]:0 [NetMuon1]:572948 [NetMuon2]:569153 [NetMuon3]:613838 [NetMuon4]:613838
[Run]:35621 [Site]:1 [Bin]:8189 [FullTime]:3600 [SkipTime]:0 [Veto1]:737.476 [Veto2]:743.391 [Veto3]:532.487 [Veto4]:532.487 [SgUp1]:57585 [SgUp2]:56637 [SgUp3]:0 [SgUp4]:0 [SgLow1]:57424 [SgLow2]:56541 [SgLow3]:0 [SgLow4]:0 [NetMuon1]:572278 [NetMuon2]:571061 [NetMuon3]:613311 [NetMuon4]:613311
[Run]:35621 [Site]:1 [Bin]:8190 [FullTime]:3600 [SkipTime]:0 [Veto1]:722.089 [Veto2]:750.121 [Veto3]:532.593 [Veto4]:532.593 [SgUp1]:57689 [SgUp2]:56636 [SgUp3]:0 [SgUp4]:0 [SgLow1]:57572 [SgLow2]:56512 [SgLow3]:0 [SgLow4]:0 [NetMuon1]:575725 [NetMuon2]:570296 [NetMuon3]:613790 [NetMuon4]:613790
[Run]:35621 [Site]:1 [Bin]:8191 [FullTime]:3600 [SkipTime]:0 [Veto1]:732.844 [Veto2]:747.642 [Veto3]:533.225 [Veto4]:533.225 [SgUp1]:57482 [SgUp2]:56886 [SgUp3]:0 [SgUp4]:0 [SgLow1]:57350 [SgLow2]:56797 [SgLow3]:0 [SgLow4]:0 [NetMuon1]:574258 [NetMuon2]:571706 [NetMuon3]:614662 [NetMuon4]:614662
[Run]:35621 [Site]:1 [Bin]:8192 [FullTime]:3600 [SkipTime]:0 [Veto1]:746.631 [Veto2]:743.676 [Veto3]:532.419 [Veto4]:532.419 [SgUp1]:57396 [SgUp2]:56929 [SgUp3]:0 [SgUp4]:0 [SgLow1]:57273 [SgLow2]:56807 [SgLow3]:0 [SgLow4]:0 [NetMuon1]:570789 [NetMuon2]:571236 [NetMuon3]:613583 [NetMuon4]:613583
[Run]:35621 [Site]:1 [Bin]:8193 [FullTime]:3600 [SkipTime]:0 [Veto1]:729.804 [Veto2]:766.03 [Veto3]:532.952 [Veto4]:532.952 [SgUp1]:57717 [SgUp2]:56581 [SgUp3]:0 [SgUp4]:0 [SgLow1]:57594 [SgLow2]:56457 [SgLow3]:0 [SgLow4]:0 [NetMuon1]:575020 [NetMuon2]:567559 [NetMuon3]:614129 [NetMuon4]:614129
[Run]:35621 [Site]:1 [Bin]:8194 [FullTime]:3600 [SkipTime]:0 [Veto1]:721.066 [Veto2]:752.387 [Veto3]:532.146 [Veto4]:532.146 [SgUp1]:57719 [SgUp2]:57096 [SgUp3]:0 [SgUp4]:0 [SgLow1]:57627 [SgLow2]:57008 [SgLow3]:0 [SgLow4]:0 [NetMuon1]:575497 [NetMuon2]:569406 [NetMuon3]:613263 [NetMuon4]:613263
[Run]:35621 [Site]:1 [Bin]:8195 [FullTime]:3600 [SkipTime]:0 [Veto1]:765.271 [Veto2]:745.89 [Veto3]:533.153 [Veto4]:533.153 [SgUp1]:56937 [SgUp2]:56847 [SgUp3]:0 [SgUp4]:0 [SgLow1]:56819 [SgLow2]:56737 [SgLow3]:0 [SgLow4]:0 [NetMuon1]:567775 [NetMuon2]:571932 [NetMuon3]:614305 [NetMuon4]:614305
[Run]:35621 [Site]:1 [Bin]:8196 [FullTime]:3600 [SkipTime]:0 [Veto1]:728.663 [Veto2]:738.979 [Veto3]:532.793 [Veto4]:532.793 [SgUp1]:57205 [SgUp2]:56780 [SgUp3]:0 [SgUp4]:0 [SgLow1]:57088 [SgLow2]:56661 [SgLow3]:0 [SgLow4]:0 [NetMuon1]:574969 [NetMuon2]:572500 [NetMuon3]:614093 [NetMuon4]:614093
[Run]:35621 [Site]:1 [Bin]:8197 [FullTime]:3600 [SkipTime]:0 [Veto1]:729.596 [Veto2]:736.701 [Veto3]:532.591 [Veto4]:532.591 [SgUp1]:57887 [SgUp2]:56972 [SgUp3]:0 [SgUp4]:0 [SgLow1]:57776 [SgLow2]:56869 [SgLow3]:0 [SgLow4]:0 [NetMuon1]:573625 [NetMuon2]:572593 [NetMuon3]:613605 [NetMuon4]:613605
[Run]:35621 [Site]:1 [Bin]:8198 [FullTime]:3600 [SkipTime]:0 [Veto1]:728.953 [Veto2]:739.656 [Veto3]:531.752 [Veto4]:531.752 [SgUp1]:57598 [SgUp2]:57430 [SgUp3]:0 [SgUp4]:0 [SgLow1]:57476 [SgLow2]:57320 [SgLow3]:0 [SgLow4]:0 [NetMuon1]:573509 [NetMuon2]:571670 [NetMuon3]:613042 [NetMuon4]:613042
[Run]:35621 [Site]:1 [Bin]:8199 [FullTime]:3600 [SkipTime]:0 [Veto1]:739.76 [Veto2]:745.785 [Veto3]:532.323 [Veto4]:532.323 [SgUp1]:57232 [SgUp2]:56855 [SgUp3]:0 [SgUp4]:0 [SgLow1]:57131 [SgLow2]:56733 [SgLow3]:0 [SgLow4]:0 [NetMuon1]:572025 [NetMuon2]:570658 [NetMuon3]:613439 [NetMuon4]:613439
[Run]:35621 [Site]:1 [Bin]:8200 [FullTime]:3600 [SkipTime]:0 [Veto1]:736.518 [Veto2]:762.49 [Veto3]:531.84 [Veto4]:531.84 [SgUp1]:57308 [SgUp2]:57009 [SgUp3]:0 [SgUp4]:0 [SgLow1]:57194 [SgLow2]:56904 [SgLow3]:0 [SgLow4]:0 [NetMuon1]:572324 [NetMuon2]:567344 [NetMuon3]:612964 [NetMuon4]:612964
[Run]:35621 [Site]:1 [Bin]:8201 [FullTime]:3600 [SkipTime]:0 [Veto1]:727.675 [Veto2]:741.78 [Veto3]:533.424 [Veto4]:533.424 [SgUp1]:57505 [SgUp2]:57282 [SgUp3]:0 [SgUp4]:0 [SgLow1]:57379 [SgLow2]:57161 [SgLow3]:0 [SgLow4]:0 [NetMuon1]:575676 [NetMuon2]:573044 [NetMuon3]:614501 [NetMuon4]:614501
[Run]:35621 [Site]:1 [Bin]:8202 [FullTime]:3600 [SkipTime]:0 [Veto1]:739.741 [Veto2]:762.193 [Veto3]:532.549 [Veto4]:532.549 [SgUp1]:57271 [SgUp2]:56861 [SgUp3]:0 [SgUp4]:0 [SgLow1]:57142 [SgLow2]:56711 [SgLow3]:0 [SgLow4]:0 [NetMuon1]:572450 [NetMuon2]:567673 [NetMuon3]:613797 [NetMuon4]:613797
[Run]:35621 [Site]:1 [Bin]:8203 [FullTime]:3600 [SkipTime]:0 [Veto1]:718.963 [Veto2]:737.938 [Veto3]:533.044 [Veto4]:533.044 [SgUp1]:57354 [SgUp2]:57518 [SgUp3]:0 [SgUp4]:0 [SgLow1]:57253 [SgLow2]:57386 [SgLow3]:0 [SgLow4]:0 [NetMuon1]:577466 [NetMuon2]:573465 [NetMuon3]:614238 [NetMuon4]:614238
[Run]:35621 [Site]:1 [Bin]:8204 [FullTime]:3600 [SkipTime]:0 [Veto1]:725.491 [Veto2]:745.007 [Veto3]:532.34 [Veto4]:532.34 [SgUp1]:57562 [SgUp2]:57130 [SgUp3]:0 [SgUp4]:0 [SgLow1]:57469 [SgLow2]:56998 [SgLow3]:0 [SgLow4]:0 [NetMuon1]:575041 [NetMuon2]:570875 [NetMuon3]:613475 [NetMuon4]:613475
[Run]:35621 [Site]:1 [Bin]:8205 [FullTime]:3600 [SkipTime]:0 [Veto1]:749.039 [Veto2]:749.86 [Veto3]:532.876 [Veto4]:532.876 [SgUp1]:57289 [SgUp2]:56967 [SgUp3]:0 [SgUp4]:0 [SgLow1]:57176 [SgLow2]:56857 [SgLow3]:0 [SgLow4]:0 [NetMuon1]:570796 [NetMuon2]:570600 [NetMuon3]:614258 [NetMuon4]:614258
[Run]:35621 [Site]:1 [Bin]:8206 [FullTime]:3600 [SkipTime]:0 [Veto1]:724.419 [Veto2]:753.617 [Veto3]:533.574 [Veto4]:533.574 [SgUp1]:57431 [SgUp2]:56904 [SgUp3]:0 [SgUp4]:0 [SgLow1]:57308 [SgLow2]:56798 [SgLow3]:0 [SgLow4]:0 [NetMuon1]:576530 [NetMuon2]:570703 [NetMuon3]:614726 [NetMuon4]:614726
[Run]:35621 [Site]:1 [Bin]:8207 [FullTime]:3600 [SkipTime]:0 [Veto1]:733.511 [Veto2]:759.712 [Veto3]:532.431 [Veto4]:532.431 [SgUp1]:57610 [SgUp2]:56814 [SgUp3]:0 [SgUp4]:0 [SgLow1]:57523 [SgLow2]:56684 [SgLow3]:0 [SgLow4]:0 [NetMuon1]:573833 [NetMuon2]:568620 [NetMuon3]:613893 [NetMuon4]:613893
End process Run: 35621 ... 
[Run]:35621 [Site]:1 [Bin]:8208 [FullTime]:3337.43 [SkipTime]:0 [Veto1]:691.168 [Veto2]:689.883 [Veto3]:493.324 [Veto4]:493.324
