StreamChain add 0x154287f0
Start to process run: 36586 ... 
[Run]:36586 [Site]:1 [Bin]:8953 [FullTime]:3107.36 [SkipTime]:0 [Veto1]:646.594 [Veto2]:623.263 [Veto3]:458.191 [Veto4]:458.191 [SgUp1]:49613 [SgUp2]:49830 [SgUp3]:0 [SgUp4]:0 [SgLow1]:49534 [SgLow2]:49726 [SgLow3]:0 [SgLow4]:0 [NetMuon1]:490536 [NetMuon2]:495369 [NetMuon3]:528094 [NetMuon4]:528094
[Run]:36586 [Site]:1 [Bin]:8954 [FullTime]:3600 [SkipTime]:0 [Veto1]:703.334 [Veto2]:721.508 [Veto3]:530.242 [Veto4]:530.242 [SgUp1]:57915 [SgUp2]:57859 [SgUp3]:0 [SgUp4]:0 [SgLow1]:57790 [SgLow2]:57726 [SgLow3]:0 [SgLow4]:0 [NetMuon1]:577140 [NetMuon2]:573620 [NetMuon3]:611484 [NetMuon4]:611484
[Run]:36586 [Site]:1 [Bin]:8955 [FullTime]:3600 [SkipTime]:0 [Veto1]:742.104 [Veto2]:751.705 [Veto3]:530.258 [Veto4]:530.258 [SgUp1]:57460 [SgUp2]:57368 [SgUp3]:0 [SgUp4]:0 [SgLow1]:57333 [SgLow2]:57255 [SgLow3]:0 [SgLow4]:0 [NetMuon1]:569709 [NetMuon2]:567584 [NetMuon3]:611847 [NetMuon4]:611847
[Run]:36586 [Site]:1 [Bin]:8956 [FullTime]:3600 [SkipTime]:0 [Veto1]:733.62 [Veto2]:751.868 [Veto3]:531.331 [Veto4]:531.331 [SgUp1]:58090 [SgUp2]:57158 [SgUp3]:0 [SgUp4]:0 [SgLow1]:57985 [SgLow2]:57065 [SgLow3]:0 [SgLow4]:0 [NetMuon1]:571921 [NetMuon2]:568121 [NetMuon3]:612214 [NetMuon4]:612214
[Run]:36586 [Site]:1 [Bin]:8957 [FullTime]:3600 [SkipTime]:0 [Veto1]:743.17 [Veto2]:729.65 [Veto3]:530.681 [Veto4]:530.681 [SgUp1]:57447 [SgUp2]:57554 [SgUp3]:0 [SgUp4]:0 [SgLow1]:57324 [SgLow2]:57448 [SgLow3]:0 [SgLow4]:0 [NetMuon1]:569211 [NetMuon2]:571846 [NetMuon3]:611696 [NetMuon4]:611696
[Run]:36586 [Site]:1 [Bin]:8959 [FullTime]:3293.22 [SkipTime]:0 [Veto1]:660.596 [Veto2]:680.977 [Veto3]:485.96 [Veto4]:485.96 [SgUp1]:52917 [SgUp2]:52261 [SgUp3]:0 [SgUp4]:0 [SgLow1]:52820 [SgLow2]:52135 [SgLow3]:0 [SgLow4]:0 [NetMuon1]:525531 [NetMuon2]:521401 [NetMuon3]:560142 [NetMuon4]:560142
[Run]:36586 [Site]:1 [Bin]:8960 [FullTime]:3600 [SkipTime]:0 [Veto1]:746.02 [Veto2]:744.435 [Veto3]:531.284 [Veto4]:531.284 [SgUp1]:57598 [SgUp2]:56849 [SgUp3]:0 [SgUp4]:0 [SgLow1]:57488 [SgLow2]:56737 [SgLow3]:0 [SgLow4]:0 [NetMuon1]:569559 [NetMuon2]:570065 [NetMuon3]:612702 [NetMuon4]:612702
[Run]:36586 [Site]:1 [Bin]:8961 [FullTime]:3600 [SkipTime]:0 [Veto1]:721.565 [Veto2]:748.872 [Veto3]:530.88 [Veto4]:530.88 [SgUp1]:57722 [SgUp2]:57354 [SgUp3]:0 [SgUp4]:0 [SgLow1]:57620 [SgLow2]:57231 [SgLow3]:0 [SgLow4]:0 [NetMuon1]:573997 [NetMuon2]:568538 [NetMuon3]:612214 [NetMuon4]:612214
[Run]:36586 [Site]:1 [Bin]:8962 [FullTime]:3600 [SkipTime]:0 [Veto1]:728.725 [Veto2]:733.186 [Veto3]:530.881 [Veto4]:530.881 [SgUp1]:57543 [SgUp2]:57237 [SgUp3]:0 [SgUp4]:0 [SgLow1]:57417 [SgLow2]:57124 [SgLow3]:0 [SgLow4]:0 [NetMuon1]:572751 [NetMuon2]:571877 [NetMuon3]:612065 [NetMuon4]:612065
[Run]:36586 [Site]:1 [Bin]:8963 [FullTime]:3600 [SkipTime]:0 [Veto1]:726.178 [Veto2]:728.752 [Veto3]:530.994 [Veto4]:530.994 [SgUp1]:57783 [SgUp2]:57528 [SgUp3]:0 [SgUp4]:0 [SgLow1]:57676 [SgLow2]:57423 [SgLow3]:0 [SgLow4]:0 [NetMuon1]:572720 [NetMuon2]:572977 [NetMuon3]:612055 [NetMuon4]:612055
[Run]:36586 [Site]:1 [Bin]:8964 [FullTime]:3600 [SkipTime]:0 [Veto1]:742.998 [Veto2]:759.398 [Veto3]:531.478 [Veto4]:531.478 [SgUp1]:57421 [SgUp2]:56916 [SgUp3]:0 [SgUp4]:0 [SgLow1]:57329 [SgLow2]:56799 [SgLow3]:0 [SgLow4]:0 [NetMuon1]:570080 [NetMuon2]:566926 [NetMuon3]:612376 [NetMuon4]:612376
[Run]:36586 [Site]:1 [Bin]:8965 [FullTime]:3600 [SkipTime]:0 [Veto1]:734.558 [Veto2]:758.07 [Veto3]:530.416 [Veto4]:530.416 [SgUp1]:57510 [SgUp2]:56759 [SgUp3]:0 [SgUp4]:0 [SgLow1]:57410 [SgLow2]:56681 [SgLow3]:0 [SgLow4]:0 [NetMuon1]:570739 [NetMuon2]:566302 [NetMuon3]:611386 [NetMuon4]:611386
[Run]:36586 [Site]:1 [Bin]:8966 [FullTime]:3600 [SkipTime]:0 [Veto1]:733.617 [Veto2]:746.701 [Veto3]:531.797 [Veto4]:531.797 [SgUp1]:57464 [SgUp2]:56687 [SgUp3]:0 [SgUp4]:0 [SgLow1]:57364 [SgLow2]:56593 [SgLow3]:0 [SgLow4]:0 [NetMuon1]:572608 [NetMuon2]:569612 [NetMuon3]:613005 [NetMuon4]:613005
[Run]:36586 [Site]:1 [Bin]:8967 [FullTime]:3600 [SkipTime]:0 [Veto1]:725.36 [Veto2]:718.4 [Veto3]:530.156 [Veto4]:530.156 [SgUp1]:57265 [SgUp2]:57335 [SgUp3]:0 [SgUp4]:0 [SgLow1]:57153 [SgLow2]:57223 [SgLow3]:0 [SgLow4]:0 [NetMuon1]:571855 [NetMuon2]:573508 [NetMuon3]:611045 [NetMuon4]:611045
[Run]:36586 [Site]:1 [Bin]:8968 [FullTime]:3600 [SkipTime]:0 [Veto1]:747.624 [Veto2]:751.682 [Veto3]:531.238 [Veto4]:531.238 [SgUp1]:56873 [SgUp2]:56528 [SgUp3]:0 [SgUp4]:0 [SgLow1]:56788 [SgLow2]:56428 [SgLow3]:0 [SgLow4]:0 [NetMuon1]:569147 [NetMuon2]:568504 [NetMuon3]:612173 [NetMuon4]:612173
[Run]:36586 [Site]:1 [Bin]:8969 [FullTime]:3600 [SkipTime]:0 [Veto1]:734.873 [Veto2]:748.974 [Veto3]:530.923 [Veto4]:530.923 [SgUp1]:57262 [SgUp2]:56986 [SgUp3]:0 [SgUp4]:0 [SgLow1]:57164 [SgLow2]:56882 [SgLow3]:0 [SgLow4]:0 [NetMuon1]:571442 [NetMuon2]:568595 [NetMuon3]:611828 [NetMuon4]:611828
[Run]:36586 [Site]:1 [Bin]:8970 [FullTime]:3600 [SkipTime]:0 [Veto1]:732.226 [Veto2]:747.466 [Veto3]:530.674 [Veto4]:530.674 [SgUp1]:57464 [SgUp2]:57125 [SgUp3]:0 [SgUp4]:0 [SgLow1]:57341 [SgLow2]:57016 [SgLow3]:0 [SgLow4]:0 [NetMuon1]:571308 [NetMuon2]:568211 [NetMuon3]:611598 [NetMuon4]:611598
[Run]:36586 [Site]:1 [Bin]:8971 [FullTime]:3600 [SkipTime]:0 [Veto1]:735.998 [Veto2]:723.457 [Veto3]:530.026 [Veto4]:530.026 [SgUp1]:57346 [SgUp2]:57460 [SgUp3]:0 [SgUp4]:0 [SgLow1]:57233 [SgLow2]:57342 [SgLow3]:0 [SgLow4]:0 [NetMuon1]:570538 [NetMuon2]:572727 [NetMuon3]:611264 [NetMuon4]:611264
[Run]:36586 [Site]:1 [Bin]:8972 [FullTime]:3600 [SkipTime]:0 [Veto1]:741.144 [Veto2]:743.685 [Veto3]:529.911 [Veto4]:529.911 [SgUp1]:57254 [SgUp2]:56658 [SgUp3]:0 [SgUp4]:0 [SgLow1]:57149 [SgLow2]:56541 [SgLow3]:0 [SgLow4]:0 [NetMuon1]:568919 [NetMuon2]:568543 [NetMuon3]:611087 [NetMuon4]:611087
[Run]:36586 [Site]:1 [Bin]:8973 [FullTime]:3600 [SkipTime]:0 [Veto1]:734.452 [Veto2]:761.613 [Veto3]:530.265 [Veto4]:530.265 [SgUp1]:57220 [SgUp2]:56596 [SgUp3]:0 [SgUp4]:0 [SgLow1]:57107 [SgLow2]:56486 [SgLow3]:0 [SgLow4]:0 [NetMuon1]:571003 [NetMuon2]:565428 [NetMuon3]:611657 [NetMuon4]:611657
[Run]:36586 [Site]:1 [Bin]:8974 [FullTime]:3600 [SkipTime]:0 [Veto1]:736.796 [Veto2]:753.457 [Veto3]:529.968 [Veto4]:529.968 [SgUp1]:57519 [SgUp2]:56251 [SgUp3]:0 [SgUp4]:0 [SgLow1]:57403 [SgLow2]:56152 [SgLow3]:0 [SgLow4]:0 [NetMuon1]:570157 [NetMuon2]:566517 [NetMuon3]:611197 [NetMuon4]:611197
End process Run: 36586 ... 
[Run]:36586 [Site]:1 [Bin]:8975 [FullTime]:3461.75 [SkipTime]:0 [Veto1]:700.247 [Veto2]:722.82 [Veto3]:508.917 [Veto4]:508.917
