StreamChain add 0xc2667f0
Start to process run: 37550 ... 
[Run]:37550 [Site]:1 [Bin]:10128 [FullTime]:3025.9 [SkipTime]:0 [Veto1]:616.255 [Veto2]:633.202 [Veto3]:446.367 [Veto4]:446.367 [SgUp1]:48583 [SgUp2]:48054 [SgUp3]:0 [SgUp4]:0 [SgLow1]:48497 [SgLow2]:47976 [SgLow3]:0 [SgLow4]:0 [NetMuon1]:480489 [NetMuon2]:476953 [NetMuon3]:514401 [NetMuon4]:514401
[Run]:37550 [Site]:1 [Bin]:10129 [FullTime]:3600 [SkipTime]:0 [Veto1]:717.874 [Veto2]:722.791 [Veto3]:532.044 [Veto4]:532.044 [SgUp1]:58849 [SgUp2]:57644 [SgUp3]:0 [SgUp4]:0 [SgLow1]:58738 [SgLow2]:57523 [SgLow3]:0 [SgLow4]:0 [NetMuon1]:576311 [NetMuon2]:575283 [NetMuon3]:613176 [NetMuon4]:613176
[Run]:37550 [Site]:1 [Bin]:10130 [FullTime]:3600 [SkipTime]:0 [Veto1]:728.151 [Veto2]:749.685 [Veto3]:530.411 [Veto4]:530.411 [SgUp1]:58133 [SgUp2]:57221 [SgUp3]:0 [SgUp4]:0 [SgLow1]:58023 [SgLow2]:57108 [SgLow3]:0 [SgLow4]:0 [NetMuon1]:572149 [NetMuon2]:567680 [NetMuon3]:611294 [NetMuon4]:611294
[Run]:37550 [Site]:1 [Bin]:10131 [FullTime]:3600 [SkipTime]:0 [Veto1]:732.773 [Veto2]:773.158 [Veto3]:531.431 [Veto4]:531.431 [SgUp1]:57616 [SgUp2]:56100 [SgUp3]:0 [SgUp4]:0 [SgLow1]:57518 [SgLow2]:56012 [SgLow3]:0 [SgLow4]:0 [NetMuon1]:572209 [NetMuon2]:563991 [NetMuon3]:612204 [NetMuon4]:612204
[Run]:37550 [Site]:1 [Bin]:10132 [FullTime]:3600 [SkipTime]:0 [Veto1]:753.557 [Veto2]:744.435 [Veto3]:531.506 [Veto4]:531.506 [SgUp1]:57158 [SgUp2]:57111 [SgUp3]:0 [SgUp4]:0 [SgLow1]:57043 [SgLow2]:57007 [SgLow3]:0 [SgLow4]:0 [NetMuon1]:568534 [NetMuon2]:570395 [NetMuon3]:612698 [NetMuon4]:612698
[Run]:37550 [Site]:1 [Bin]:10133 [FullTime]:3600 [SkipTime]:0 [Veto1]:724.99 [Veto2]:764.534 [Veto3]:530.753 [Veto4]:530.753 [SgUp1]:58300 [SgUp2]:56597 [SgUp3]:0 [SgUp4]:0 [SgLow1]:58194 [SgLow2]:56481 [SgLow3]:0 [SgLow4]:0 [NetMuon1]:573240 [NetMuon2]:565275 [NetMuon3]:612026 [NetMuon4]:612026
[Run]:37550 [Site]:1 [Bin]:10134 [FullTime]:3600 [SkipTime]:0 [Veto1]:723.683 [Veto2]:749.289 [Veto3]:531.601 [Veto4]:531.601 [SgUp1]:58061 [SgUp2]:57170 [SgUp3]:0 [SgUp4]:0 [SgLow1]:57954 [SgLow2]:57049 [SgLow3]:0 [SgLow4]:0 [NetMuon1]:574700 [NetMuon2]:569590 [NetMuon3]:612909 [NetMuon4]:612909
[Run]:37550 [Site]:1 [Bin]:10135 [FullTime]:3600 [SkipTime]:0 [Veto1]:729.212 [Veto2]:747.49 [Veto3]:531.115 [Veto4]:531.115 [SgUp1]:57932 [SgUp2]:56793 [SgUp3]:0 [SgUp4]:0 [SgLow1]:57823 [SgLow2]:56680 [SgLow3]:0 [SgLow4]:0 [NetMuon1]:572509 [NetMuon2]:568868 [NetMuon3]:612157 [NetMuon4]:612157
[Run]:37550 [Site]:1 [Bin]:10136 [FullTime]:3600 [SkipTime]:0 [Veto1]:739.426 [Veto2]:732.785 [Veto3]:531.99 [Veto4]:531.99 [SgUp1]:57860 [SgUp2]:57149 [SgUp3]:0 [SgUp4]:0 [SgLow1]:57743 [SgLow2]:57039 [SgLow3]:0 [SgLow4]:0 [NetMuon1]:571882 [NetMuon2]:572995 [NetMuon3]:613166 [NetMuon4]:613166
[Run]:37550 [Site]:1 [Bin]:10137 [FullTime]:3600 [SkipTime]:0 [Veto1]:737.119 [Veto2]:728.857 [Veto3]:530.633 [Veto4]:530.633 [SgUp1]:57685 [SgUp2]:57705 [SgUp3]:0 [SgUp4]:0 [SgLow1]:57568 [SgLow2]:57598 [SgLow3]:0 [SgLow4]:0 [NetMuon1]:570280 [NetMuon2]:572129 [NetMuon3]:611714 [NetMuon4]:611714
[Run]:37550 [Site]:1 [Bin]:10138 [FullTime]:3600 [SkipTime]:0 [Veto1]:718.938 [Veto2]:747.578 [Veto3]:530.797 [Veto4]:530.797 [SgUp1]:58530 [SgUp2]:57001 [SgUp3]:0 [SgUp4]:0 [SgLow1]:58430 [SgLow2]:56888 [SgLow3]:0 [SgLow4]:0 [NetMuon1]:574082 [NetMuon2]:568687 [NetMuon3]:611818 [NetMuon4]:611818
[Run]:37550 [Site]:1 [Bin]:10139 [FullTime]:3600 [SkipTime]:0 [Veto1]:737.484 [Veto2]:718.022 [Veto3]:531.69 [Veto4]:531.69 [SgUp1]:57847 [SgUp2]:57968 [SgUp3]:0 [SgUp4]:0 [SgLow1]:57729 [SgLow2]:57887 [SgLow3]:0 [SgLow4]:0 [NetMuon1]:571762 [NetMuon2]:575770 [NetMuon3]:612832 [NetMuon4]:612832
[Run]:37550 [Site]:1 [Bin]:10140 [FullTime]:3600 [SkipTime]:0 [Veto1]:736.687 [Veto2]:747.861 [Veto3]:530.576 [Veto4]:530.576 [SgUp1]:57968 [SgUp2]:57266 [SgUp3]:0 [SgUp4]:0 [SgLow1]:57848 [SgLow2]:57170 [SgLow3]:0 [SgLow4]:0 [NetMuon1]:570745 [NetMuon2]:568544 [NetMuon3]:611872 [NetMuon4]:611872
[Run]:37550 [Site]:1 [Bin]:10141 [FullTime]:3600 [SkipTime]:0 [Veto1]:733.454 [Veto2]:759.544 [Veto3]:531.024 [Veto4]:531.024 [SgUp1]:57708 [SgUp2]:57133 [SgUp3]:0 [SgUp4]:0 [SgLow1]:57614 [SgLow2]:57035 [SgLow3]:0 [SgLow4]:0 [NetMuon1]:571926 [NetMuon2]:566644 [NetMuon3]:612085 [NetMuon4]:612085
[Run]:37550 [Site]:1 [Bin]:10142 [FullTime]:3600 [SkipTime]:0 [Veto1]:726.546 [Veto2]:747.107 [Veto3]:531.624 [Veto4]:531.624 [SgUp1]:58042 [SgUp2]:57531 [SgUp3]:0 [SgUp4]:0 [SgLow1]:57942 [SgLow2]:57420 [SgLow3]:0 [SgLow4]:0 [NetMuon1]:573664 [NetMuon2]:569803 [NetMuon3]:612794 [NetMuon4]:612794
[Run]:37550 [Site]:1 [Bin]:10143 [FullTime]:3600 [SkipTime]:0 [Veto1]:720.659 [Veto2]:774.196 [Veto3]:530.601 [Veto4]:530.601 [SgUp1]:58662 [SgUp2]:56631 [SgUp3]:0 [SgUp4]:0 [SgLow1]:58582 [SgLow2]:56516 [SgLow3]:0 [SgLow4]:0 [NetMuon1]:573647 [NetMuon2]:563181 [NetMuon3]:611721 [NetMuon4]:611721
[Run]:37550 [Site]:1 [Bin]:10144 [FullTime]:3600 [SkipTime]:0 [Veto1]:725.048 [Veto2]:738.946 [Veto3]:530.204 [Veto4]:530.204 [SgUp1]:57551 [SgUp2]:57670 [SgUp3]:0 [SgUp4]:0 [SgLow1]:57435 [SgLow2]:57554 [SgLow3]:0 [SgLow4]:0 [NetMuon1]:572373 [NetMuon2]:569702 [NetMuon3]:611481 [NetMuon4]:611481
[Run]:37550 [Site]:1 [Bin]:10145 [FullTime]:3600 [SkipTime]:0 [Veto1]:731.477 [Veto2]:724.161 [Veto3]:530.268 [Veto4]:530.268 [SgUp1]:58307 [SgUp2]:57763 [SgUp3]:0 [SgUp4]:0 [SgLow1]:58171 [SgLow2]:57657 [SgLow3]:0 [SgLow4]:0 [NetMuon1]:571651 [NetMuon2]:572815 [NetMuon3]:611437 [NetMuon4]:611437
[Run]:37550 [Site]:1 [Bin]:10146 [FullTime]:3600 [SkipTime]:0 [Veto1]:746.469 [Veto2]:765.538 [Veto3]:531.323 [Veto4]:531.323 [SgUp1]:57593 [SgUp2]:56670 [SgUp3]:0 [SgUp4]:0 [SgLow1]:57471 [SgLow2]:56526 [SgLow3]:0 [SgLow4]:0 [NetMuon1]:569176 [NetMuon2]:565850 [NetMuon3]:612198 [NetMuon4]:612198
[Run]:37550 [Site]:1 [Bin]:10147 [FullTime]:3600 [SkipTime]:0 [Veto1]:720.265 [Veto2]:732.903 [Veto3]:531.201 [Veto4]:531.201 [SgUp1]:57827 [SgUp2]:57266 [SgUp3]:0 [SgUp4]:0 [SgLow1]:57697 [SgLow2]:57162 [SgLow3]:0 [SgLow4]:0 [NetMuon1]:574644 [NetMuon2]:572130 [NetMuon3]:612446 [NetMuon4]:612446
[Run]:37550 [Site]:1 [Bin]:10148 [FullTime]:3600 [SkipTime]:0 [Veto1]:744.95 [Veto2]:742.076 [Veto3]:530.923 [Veto4]:530.923 [SgUp1]:57616 [SgUp2]:57016 [SgUp3]:0 [SgUp4]:0 [SgLow1]:57503 [SgLow2]:56902 [SgLow3]:0 [SgLow4]:0 [NetMuon1]:568912 [NetMuon2]:569854 [NetMuon3]:611811 [NetMuon4]:611811
[Run]:37550 [Site]:1 [Bin]:10149 [FullTime]:3600 [SkipTime]:0 [Veto1]:722.9 [Veto2]:737.299 [Veto3]:531.574 [Veto4]:531.574 [SgUp1]:58249 [SgUp2]:57205 [SgUp3]:0 [SgUp4]:0 [SgLow1]:58127 [SgLow2]:57088 [SgLow3]:0 [SgLow4]:0 [NetMuon1]:575027 [NetMuon2]:571922 [NetMuon3]:613073 [NetMuon4]:613073
[Run]:37550 [Site]:1 [Bin]:10150 [FullTime]:3600 [SkipTime]:0 [Veto1]:726.637 [Veto2]:748.428 [Veto3]:531.919 [Veto4]:531.919 [SgUp1]:58132 [SgUp2]:57170 [SgUp3]:0 [SgUp4]:0 [SgLow1]:57996 [SgLow2]:57029 [SgLow3]:0 [SgLow4]:0 [NetMuon1]:574302 [NetMuon2]:569861 [NetMuon3]:613259 [NetMuon4]:613259
[Run]:37550 [Site]:1 [Bin]:10151 [FullTime]:3600 [SkipTime]:0 [Veto1]:730.598 [Veto2]:731.892 [Veto3]:531.747 [Veto4]:531.747 [SgUp1]:57603 [SgUp2]:57430 [SgUp3]:0 [SgUp4]:0 [SgLow1]:57505 [SgLow2]:57326 [SgLow3]:0 [SgLow4]:0 [NetMuon1]:573147 [NetMuon2]:572837 [NetMuon3]:612833 [NetMuon4]:612833
[Run]:37550 [Site]:1 [Bin]:10152 [FullTime]:3600 [SkipTime]:0 [Veto1]:728.544 [Veto2]:764.466 [Veto3]:531.926 [Veto4]:531.926 [SgUp1]:57631 [SgUp2]:56554 [SgUp3]:0 [SgUp4]:0 [SgLow1]:57513 [SgLow2]:56447 [SgLow3]:0 [SgLow4]:0 [NetMuon1]:573685 [NetMuon2]:566402 [NetMuon3]:613131 [NetMuon4]:613131
[Run]:37550 [Site]:1 [Bin]:10153 [FullTime]:3600 [SkipTime]:0 [Veto1]:736.695 [Veto2]:733.538 [Veto3]:531.232 [Veto4]:531.232 [SgUp1]:57867 [SgUp2]:57374 [SgUp3]:0 [SgUp4]:0 [SgLow1]:57750 [SgLow2]:57294 [SgLow3]:0 [SgLow4]:0 [NetMuon1]:571665 [NetMuon2]:572170 [NetMuon3]:612747 [NetMuon4]:612747
[Run]:37550 [Site]:1 [Bin]:10154 [FullTime]:3600 [SkipTime]:0 [Veto1]:754.719 [Veto2]:736.612 [Veto3]:530.761 [Veto4]:530.761 [SgUp1]:57484 [SgUp2]:57188 [SgUp3]:0 [SgUp4]:0 [SgLow1]:57375 [SgLow2]:57068 [SgLow3]:0 [SgLow4]:0 [NetMuon1]:567064 [NetMuon2]:571302 [NetMuon3]:612084 [NetMuon4]:612084
[Run]:37550 [Site]:1 [Bin]:10155 [FullTime]:3600 [SkipTime]:0 [Veto1]:757.546 [Veto2]:749.975 [Veto3]:531.401 [Veto4]:531.401 [SgUp1]:57360 [SgUp2]:56984 [SgUp3]:0 [SgUp4]:0 [SgLow1]:57243 [SgLow2]:56856 [SgLow3]:0 [SgLow4]:0 [NetMuon1]:566995 [NetMuon2]:568616 [NetMuon3]:612214 [NetMuon4]:612214
[Run]:37550 [Site]:1 [Bin]:10156 [FullTime]:3600 [SkipTime]:0 [Veto1]:751.443 [Veto2]:749.824 [Veto3]:532.529 [Veto4]:532.529 [SgUp1]:57138 [SgUp2]:57537 [SgUp3]:0 [SgUp4]:0 [SgLow1]:57032 [SgLow2]:57450 [SgLow3]:0 [SgLow4]:0 [NetMuon1]:569963 [NetMuon2]:570217 [NetMuon3]:613914 [NetMuon4]:613914
[Run]:37550 [Site]:1 [Bin]:10157 [FullTime]:3600 [SkipTime]:0 [Veto1]:742.748 [Veto2]:749.047 [Veto3]:531.212 [Veto4]:531.212 [SgUp1]:57150 [SgUp2]:56654 [SgUp3]:0 [SgUp4]:0 [SgLow1]:57013 [SgLow2]:56550 [SgLow3]:0 [SgLow4]:0 [NetMuon1]:569994 [NetMuon2]:569302 [NetMuon3]:612473 [NetMuon4]:612473
[Run]:37550 [Site]:1 [Bin]:10158 [FullTime]:3600 [SkipTime]:0 [Veto1]:752.27 [Veto2]:739.379 [Veto3]:532.143 [Veto4]:532.143 [SgUp1]:56902 [SgUp2]:56726 [SgUp3]:0 [SgUp4]:0 [SgLow1]:56783 [SgLow2]:56615 [SgLow3]:0 [SgLow4]:0 [NetMuon1]:569619 [NetMuon2]:571875 [NetMuon3]:613413 [NetMuon4]:613413
[Run]:37550 [Site]:1 [Bin]:10159 [FullTime]:3600 [SkipTime]:0 [Veto1]:725.856 [Veto2]:756.706 [Veto3]:532.019 [Veto4]:532.019 [SgUp1]:57481 [SgUp2]:57042 [SgUp3]:0 [SgUp4]:0 [SgLow1]:57372 [SgLow2]:56949 [SgLow3]:0 [SgLow4]:0 [NetMuon1]:574280 [NetMuon2]:568177 [NetMuon3]:613039 [NetMuon4]:613039
[Run]:37550 [Site]:1 [Bin]:10160 [FullTime]:3600 [SkipTime]:0 [Veto1]:726.861 [Veto2]:709.337 [Veto3]:531.921 [Veto4]:531.921 [SgUp1]:57806 [SgUp2]:57605 [SgUp3]:0 [SgUp4]:0 [SgLow1]:57709 [SgLow2]:57480 [SgLow3]:0 [SgLow4]:0 [NetMuon1]:574377 [NetMuon2]:578230 [NetMuon3]:613143 [NetMuon4]:613143
[Run]:37550 [Site]:1 [Bin]:10161 [FullTime]:3600 [SkipTime]:0 [Veto1]:736.625 [Veto2]:761.755 [Veto3]:531.277 [Veto4]:531.277 [SgUp1]:57463 [SgUp2]:56630 [SgUp3]:0 [SgUp4]:0 [SgLow1]:57361 [SgLow2]:56514 [SgLow3]:0 [SgLow4]:0 [NetMuon1]:571673 [NetMuon2]:565979 [NetMuon3]:612368 [NetMuon4]:612368
[Run]:37550 [Site]:1 [Bin]:10162 [FullTime]:3600 [SkipTime]:0 [Veto1]:723.677 [Veto2]:766.806 [Veto3]:530.362 [Veto4]:530.362 [SgUp1]:57850 [SgUp2]:56557 [SgUp3]:0 [SgUp4]:0 [SgLow1]:57747 [SgLow2]:56461 [SgLow3]:0 [SgLow4]:0 [NetMuon1]:572929 [NetMuon2]:564652 [NetMuon3]:611561 [NetMuon4]:611561
[Run]:37550 [Site]:1 [Bin]:10163 [FullTime]:3600 [SkipTime]:0 [Veto1]:733.129 [Veto2]:745.262 [Veto3]:531.3 [Veto4]:531.3 [SgUp1]:57529 [SgUp2]:57271 [SgUp3]:0 [SgUp4]:0 [SgLow1]:57417 [SgLow2]:57184 [SgLow3]:0 [SgLow4]:0 [NetMuon1]:572324 [NetMuon2]:570006 [NetMuon3]:612507 [NetMuon4]:612507
[Run]:37550 [Site]:1 [Bin]:10164 [FullTime]:3600 [SkipTime]:0 [Veto1]:725.051 [Veto2]:740.829 [Veto3]:530.594 [Veto4]:530.594 [SgUp1]:57707 [SgUp2]:57241 [SgUp3]:0 [SgUp4]:0 [SgLow1]:57600 [SgLow2]:57135 [SgLow3]:0 [SgLow4]:0 [NetMuon1]:572927 [NetMuon2]:569834 [NetMuon3]:611722 [NetMuon4]:611722
[Run]:37550 [Site]:1 [Bin]:10165 [FullTime]:3600 [SkipTime]:0 [Veto1]:706.102 [Veto2]:763.656 [Veto3]:531.516 [Veto4]:531.516 [SgUp1]:58316 [SgUp2]:56929 [SgUp3]:0 [SgUp4]:0 [SgLow1]:58184 [SgLow2]:56823 [SgLow3]:0 [SgLow4]:0 [NetMuon1]:577849 [NetMuon2]:566784 [NetMuon3]:612774 [NetMuon4]:612774
[Run]:37550 [Site]:1 [Bin]:10166 [FullTime]:3600 [SkipTime]:0 [Veto1]:738.131 [Veto2]:751.344 [Veto3]:530.995 [Veto4]:530.995 [SgUp1]:57596 [SgUp2]:56961 [SgUp3]:0 [SgUp4]:0 [SgLow1]:57482 [SgLow2]:56865 [SgLow3]:0 [SgLow4]:0 [NetMuon1]:570639 [NetMuon2]:568156 [NetMuon3]:611935 [NetMuon4]:611935
[Run]:37550 [Site]:1 [Bin]:10167 [FullTime]:3600 [SkipTime]:0 [Veto1]:725.413 [Veto2]:743.22 [Veto3]:531.169 [Veto4]:531.169 [SgUp1]:57509 [SgUp2]:57169 [SgUp3]:0 [SgUp4]:0 [SgLow1]:57386 [SgLow2]:57045 [SgLow3]:0 [SgLow4]:0 [NetMuon1]:573758 [NetMuon2]:570390 [NetMuon3]:612519 [NetMuon4]:612519
[Run]:37550 [Site]:1 [Bin]:10168 [FullTime]:3600 [SkipTime]:0 [Veto1]:727.275 [Veto2]:744.396 [Veto3]:530.465 [Veto4]:530.465 [SgUp1]:57582 [SgUp2]:57325 [SgUp3]:0 [SgUp4]:0 [SgLow1]:57484 [SgLow2]:57203 [SgLow3]:0 [SgLow4]:0 [NetMuon1]:572414 [NetMuon2]:568999 [NetMuon3]:611621 [NetMuon4]:611621
[Run]:37550 [Site]:1 [Bin]:10169 [FullTime]:3600 [SkipTime]:0 [Veto1]:742.993 [Veto2]:726.344 [Veto3]:531.105 [Veto4]:531.105 [SgUp1]:57163 [SgUp2]:57425 [SgUp3]:0 [SgUp4]:0 [SgLow1]:57078 [SgLow2]:57322 [SgLow3]:0 [SgLow4]:0 [NetMuon1]:570294 [NetMuon2]:573744 [NetMuon3]:612530 [NetMuon4]:612530
[Run]:37550 [Site]:1 [Bin]:10170 [FullTime]:3600 [SkipTime]:0 [Veto1]:754.381 [Veto2]:756.836 [Veto3]:531.15 [Veto4]:531.15 [SgUp1]:57354 [SgUp2]:56880 [SgUp3]:0 [SgUp4]:0 [SgLow1]:57228 [SgLow2]:56788 [SgLow3]:0 [SgLow4]:0 [NetMuon1]:568055 [NetMuon2]:567553 [NetMuon3]:612606 [NetMuon4]:612606
[Run]:37550 [Site]:1 [Bin]:10171 [FullTime]:3600 [SkipTime]:0 [Veto1]:745.557 [Veto2]:761.422 [Veto3]:530.881 [Veto4]:530.881 [SgUp1]:57162 [SgUp2]:56954 [SgUp3]:0 [SgUp4]:0 [SgLow1]:57065 [SgLow2]:56854 [SgLow3]:0 [SgLow4]:0 [NetMuon1]:569451 [NetMuon2]:566219 [NetMuon3]:611920 [NetMuon4]:611920
[Run]:37550 [Site]:1 [Bin]:10172 [FullTime]:3600 [SkipTime]:0 [Veto1]:762.384 [Veto2]:731.581 [Veto3]:530.905 [Veto4]:530.905 [SgUp1]:56971 [SgUp2]:57537 [SgUp3]:0 [SgUp4]:0 [SgLow1]:56865 [SgLow2]:57424 [SgLow3]:0 [SgLow4]:0 [NetMuon1]:566112 [NetMuon2]:572375 [NetMuon3]:612145 [NetMuon4]:612145
[Run]:37550 [Site]:1 [Bin]:10173 [FullTime]:3600 [SkipTime]:0 [Veto1]:711.647 [Veto2]:745.776 [Veto3]:530.509 [Veto4]:530.509 [SgUp1]:57803 [SgUp2]:57354 [SgUp3]:0 [SgUp4]:0 [SgLow1]:57694 [SgLow2]:57270 [SgLow3]:0 [SgLow4]:0 [NetMuon1]:575399 [NetMuon2]:569028 [NetMuon3]:611811 [NetMuon4]:611811
[Run]:37550 [Site]:1 [Bin]:10174 [FullTime]:3600 [SkipTime]:0 [Veto1]:758.6 [Veto2]:736.116 [Veto3]:530.999 [Veto4]:530.999 [SgUp1]:56958 [SgUp2]:57585 [SgUp3]:0 [SgUp4]:0 [SgLow1]:56855 [SgLow2]:57466 [SgLow3]:0 [SgLow4]:0 [NetMuon1]:566562 [NetMuon2]:571295 [NetMuon3]:612052 [NetMuon4]:612052
[Run]:37550 [Site]:1 [Bin]:10175 [FullTime]:3600 [SkipTime]:0 [Veto1]:728.429 [Veto2]:732.28 [Veto3]:530.398 [Veto4]:530.398 [SgUp1]:57781 [SgUp2]:57953 [SgUp3]:0 [SgUp4]:0 [SgLow1]:57672 [SgLow2]:57828 [SgLow3]:0 [SgLow4]:0 [NetMuon1]:571819 [NetMuon2]:571560 [NetMuon3]:611342 [NetMuon4]:611342
End process Run: 37550 ... 
[Run]:37550 [Site]:1 [Bin]:10176 [FullTime]:131.602 [SkipTime]:0 [Veto1]:25.5564 [Veto2]:32.1474 [Veto3]:19.5259 [Veto4]:19.5259
