StreamChain add 0xcda07f0
Start to process run: 37058 ... 
[Run]:37058 [Site]:1 [Bin]:9505 [FullTime]:2281.33 [SkipTime]:600.381 [Veto1]:449.228 [Veto2]:475.464 [Veto3]:335.571 [Veto4]:335.571 [SgUp1]:36932 [SgUp2]:36225 [SgUp3]:0 [SgUp4]:0 [SgLow1]:36858 [SgLow2]:36166 [SgLow3]:0 [SgLow4]:0 [NetMuon1]:364350 [NetMuon2]:359141 [NetMuon3]:386890 [NetMuon4]:386890
[Run]:37058 [Site]:1 [Bin]:9506 [FullTime]:3600 [SkipTime]:0 [Veto1]:716.05 [Veto2]:728.875 [Veto3]:530.323 [Veto4]:530.323 [SgUp1]:57776 [SgUp2]:56944 [SgUp3]:0 [SgUp4]:0 [SgLow1]:57652 [SgLow2]:56839 [SgLow3]:0 [SgLow4]:0 [NetMuon1]:574020 [NetMuon2]:571545 [NetMuon3]:611154 [NetMuon4]:611154
[Run]:37058 [Site]:1 [Bin]:9507 [FullTime]:3600 [SkipTime]:0 [Veto1]:737.307 [Veto2]:715.981 [Veto3]:529.159 [Veto4]:529.159 [SgUp1]:57360 [SgUp2]:57490 [SgUp3]:0 [SgUp4]:0 [SgLow1]:57234 [SgLow2]:57385 [SgLow3]:0 [SgLow4]:0 [NetMuon1]:568652 [NetMuon2]:573447 [NetMuon3]:610198 [NetMuon4]:610198
[Run]:37058 [Site]:1 [Bin]:9508 [FullTime]:3600 [SkipTime]:0 [Veto1]:723.075 [Veto2]:755.945 [Veto3]:530.265 [Veto4]:530.265 [SgUp1]:57640 [SgUp2]:56974 [SgUp3]:0 [SgUp4]:0 [SgLow1]:57541 [SgLow2]:56883 [SgLow3]:0 [SgLow4]:0 [NetMuon1]:573008 [NetMuon2]:566776 [NetMuon3]:611550 [NetMuon4]:611550
[Run]:37058 [Site]:1 [Bin]:9509 [FullTime]:3600 [SkipTime]:0 [Veto1]:726.96 [Veto2]:749.776 [Veto3]:530.043 [Veto4]:530.043 [SgUp1]:57674 [SgUp2]:57128 [SgUp3]:0 [SgUp4]:0 [SgLow1]:57556 [SgLow2]:57022 [SgLow3]:0 [SgLow4]:0 [NetMuon1]:571815 [NetMuon2]:567682 [NetMuon3]:611322 [NetMuon4]:611322
[Run]:37058 [Site]:1 [Bin]:9510 [FullTime]:3600 [SkipTime]:0 [Veto1]:739.279 [Veto2]:737.125 [Veto3]:529.86 [Veto4]:529.86 [SgUp1]:57317 [SgUp2]:56937 [SgUp3]:0 [SgUp4]:0 [SgLow1]:57200 [SgLow2]:56844 [SgLow3]:0 [SgLow4]:0 [NetMuon1]:569312 [NetMuon2]:569475 [NetMuon3]:610852 [NetMuon4]:610852
[Run]:37058 [Site]:1 [Bin]:9511 [FullTime]:3600 [SkipTime]:0 [Veto1]:741.827 [Veto2]:755.76 [Veto3]:529.329 [Veto4]:529.329 [SgUp1]:57629 [SgUp2]:56958 [SgUp3]:0 [SgUp4]:0 [SgLow1]:57511 [SgLow2]:56828 [SgLow3]:0 [SgLow4]:0 [NetMuon1]:568388 [NetMuon2]:565320 [NetMuon3]:610468 [NetMuon4]:610468
[Run]:37058 [Site]:1 [Bin]:9512 [FullTime]:3600 [SkipTime]:0 [Veto1]:716.394 [Veto2]:736.279 [Veto3]:530.091 [Veto4]:530.091 [SgUp1]:57791 [SgUp2]:57516 [SgUp3]:0 [SgUp4]:0 [SgLow1]:57654 [SgLow2]:57408 [SgLow3]:0 [SgLow4]:0 [NetMuon1]:574014 [NetMuon2]:570357 [NetMuon3]:611256 [NetMuon4]:611256
[Run]:37058 [Site]:1 [Bin]:9513 [FullTime]:3600 [SkipTime]:0 [Veto1]:749.486 [Veto2]:730.695 [Veto3]:529.203 [Veto4]:529.203 [SgUp1]:57057 [SgUp2]:57573 [SgUp3]:0 [SgUp4]:0 [SgLow1]:56966 [SgLow2]:57471 [SgLow3]:0 [SgLow4]:0 [NetMuon1]:566740 [NetMuon2]:570400 [NetMuon3]:610429 [NetMuon4]:610429
[Run]:37058 [Site]:1 [Bin]:9514 [FullTime]:3600 [SkipTime]:0 [Veto1]:766.445 [Veto2]:757.118 [Veto3]:530.819 [Veto4]:530.819 [SgUp1]:57152 [SgUp2]:56674 [SgUp3]:0 [SgUp4]:0 [SgLow1]:57054 [SgLow2]:56584 [SgLow3]:0 [SgLow4]:0 [NetMuon1]:564934 [NetMuon2]:566983 [NetMuon3]:611804 [NetMuon4]:611804
[Run]:37058 [Site]:1 [Bin]:9515 [FullTime]:3600 [SkipTime]:0 [Veto1]:728.149 [Veto2]:745.747 [Veto3]:528.09 [Veto4]:528.09 [SgUp1]:57993 [SgUp2]:57166 [SgUp3]:0 [SgUp4]:0 [SgLow1]:57882 [SgLow2]:57069 [SgLow3]:0 [SgLow4]:0 [NetMuon1]:569290 [NetMuon2]:565961 [NetMuon3]:609125 [NetMuon4]:609125
[Run]:37058 [Site]:1 [Bin]:9516 [FullTime]:3600 [SkipTime]:0 [Veto1]:739.865 [Veto2]:758.473 [Veto3]:530.375 [Veto4]:530.375 [SgUp1]:57155 [SgUp2]:56940 [SgUp3]:0 [SgUp4]:0 [SgLow1]:57039 [SgLow2]:56849 [SgLow3]:0 [SgLow4]:0 [NetMuon1]:570116 [NetMuon2]:565746 [NetMuon3]:611767 [NetMuon4]:611767
[Run]:37058 [Site]:1 [Bin]:9517 [FullTime]:3600 [SkipTime]:0 [Veto1]:751.804 [Veto2]:736.986 [Veto3]:530.011 [Veto4]:530.011 [SgUp1]:57477 [SgUp2]:57522 [SgUp3]:0 [SgUp4]:0 [SgLow1]:57344 [SgLow2]:57418 [SgLow3]:0 [SgLow4]:0 [NetMuon1]:567095 [NetMuon2]:570230 [NetMuon3]:611221 [NetMuon4]:611221
[Run]:37058 [Site]:1 [Bin]:9518 [FullTime]:3600 [SkipTime]:0 [Veto1]:742.31 [Veto2]:752.623 [Veto3]:529.662 [Veto4]:529.662 [SgUp1]:57759 [SgUp2]:56913 [SgUp3]:0 [SgUp4]:0 [SgLow1]:57657 [SgLow2]:56797 [SgLow3]:0 [SgLow4]:0 [NetMuon1]:568800 [NetMuon2]:566225 [NetMuon3]:610837 [NetMuon4]:610837
[Run]:37058 [Site]:1 [Bin]:9519 [FullTime]:3600 [SkipTime]:0 [Veto1]:725.401 [Veto2]:736.574 [Veto3]:529.491 [Veto4]:529.491 [SgUp1]:57679 [SgUp2]:57547 [SgUp3]:0 [SgUp4]:0 [SgLow1]:57585 [SgLow2]:57424 [SgLow3]:0 [SgLow4]:0 [NetMuon1]:571058 [NetMuon2]:569153 [NetMuon3]:610275 [NetMuon4]:610275
[Run]:37058 [Site]:1 [Bin]:9520 [FullTime]:3600 [SkipTime]:0 [Veto1]:741.769 [Veto2]:743.54 [Veto3]:530.02 [Veto4]:530.02 [SgUp1]:57372 [SgUp2]:56428 [SgUp3]:0 [SgUp4]:0 [SgLow1]:57294 [SgLow2]:56311 [SgLow3]:0 [SgLow4]:0 [NetMuon1]:569069 [NetMuon2]:568968 [NetMuon3]:611376 [NetMuon4]:611376
[Run]:37058 [Site]:1 [Bin]:9521 [FullTime]:3600 [SkipTime]:0 [Veto1]:732.639 [Veto2]:744.426 [Veto3]:530.022 [Veto4]:530.022 [SgUp1]:57562 [SgUp2]:56595 [SgUp3]:0 [SgUp4]:0 [SgLow1]:57444 [SgLow2]:56462 [SgLow3]:0 [SgLow4]:0 [NetMuon1]:570783 [NetMuon2]:568489 [NetMuon3]:611221 [NetMuon4]:611221
[Run]:37058 [Site]:1 [Bin]:9522 [FullTime]:3600 [SkipTime]:0 [Veto1]:764.8 [Veto2]:731.435 [Veto3]:529.29 [Veto4]:529.29 [SgUp1]:57312 [SgUp2]:56856 [SgUp3]:0 [SgUp4]:0 [SgLow1]:57184 [SgLow2]:56764 [SgLow3]:0 [SgLow4]:0 [NetMuon1]:563616 [NetMuon2]:570203 [NetMuon3]:610273 [NetMuon4]:610273
[Run]:37058 [Site]:1 [Bin]:9523 [FullTime]:3600 [SkipTime]:0 [Veto1]:722.199 [Veto2]:746.811 [Veto3]:530.301 [Veto4]:530.301 [SgUp1]:58210 [SgUp2]:56892 [SgUp3]:0 [SgUp4]:0 [SgLow1]:58112 [SgLow2]:56807 [SgLow3]:0 [SgLow4]:0 [NetMuon1]:573617 [NetMuon2]:568940 [NetMuon3]:611837 [NetMuon4]:611837
[Run]:37058 [Site]:1 [Bin]:9524 [FullTime]:3600 [SkipTime]:0 [Veto1]:726.325 [Veto2]:736.491 [Veto3]:529.792 [Veto4]:529.792 [SgUp1]:57614 [SgUp2]:56816 [SgUp3]:0 [SgUp4]:0 [SgLow1]:57514 [SgLow2]:56726 [SgLow3]:0 [SgLow4]:0 [NetMuon1]:571306 [NetMuon2]:569519 [NetMuon3]:610914 [NetMuon4]:610914
[Run]:37058 [Site]:1 [Bin]:9525 [FullTime]:3600 [SkipTime]:0 [Veto1]:738.976 [Veto2]:735.988 [Veto3]:530.56 [Veto4]:530.56 [SgUp1]:57641 [SgUp2]:56703 [SgUp3]:0 [SgUp4]:0 [SgLow1]:57551 [SgLow2]:56609 [SgLow3]:0 [SgLow4]:0 [NetMuon1]:569879 [NetMuon2]:570847 [NetMuon3]:611631 [NetMuon4]:611631
[Run]:37058 [Site]:1 [Bin]:9526 [FullTime]:3600 [SkipTime]:0 [Veto1]:717.053 [Veto2]:742.338 [Veto3]:529.352 [Veto4]:529.352 [SgUp1]:58011 [SgUp2]:56718 [SgUp3]:0 [SgUp4]:0 [SgLow1]:57913 [SgLow2]:56617 [SgLow3]:0 [SgLow4]:0 [NetMuon1]:573297 [NetMuon2]:568102 [NetMuon3]:610558 [NetMuon4]:610558
[Run]:37058 [Site]:1 [Bin]:9527 [FullTime]:3600 [SkipTime]:0 [Veto1]:720.459 [Veto2]:722.094 [Veto3]:528.728 [Veto4]:528.728 [SgUp1]:57960 [SgUp2]:57473 [SgUp3]:0 [SgUp4]:0 [SgLow1]:57867 [SgLow2]:57372 [SgLow3]:0 [SgLow4]:0 [NetMuon1]:571992 [NetMuon2]:571477 [NetMuon3]:609859 [NetMuon4]:609859
[Run]:37058 [Site]:1 [Bin]:9528 [FullTime]:3600 [SkipTime]:0 [Veto1]:720.342 [Veto2]:729.268 [Veto3]:529.522 [Veto4]:529.522 [SgUp1]:57169 [SgUp2]:56886 [SgUp3]:0 [SgUp4]:0 [SgLow1]:57064 [SgLow2]:56765 [SgLow3]:0 [SgLow4]:0 [NetMuon1]:572825 [NetMuon2]:570642 [NetMuon3]:610599 [NetMuon4]:610599
[Run]:37058 [Site]:1 [Bin]:9529 [FullTime]:3600 [SkipTime]:0 [Veto1]:719.522 [Veto2]:719.115 [Veto3]:529.574 [Veto4]:529.574 [SgUp1]:57785 [SgUp2]:57200 [SgUp3]:0 [SgUp4]:0 [SgLow1]:57681 [SgLow2]:57118 [SgLow3]:0 [SgLow4]:0 [NetMuon1]:572967 [NetMuon2]:573204 [NetMuon3]:610899 [NetMuon4]:610899
[Run]:37058 [Site]:1 [Bin]:9530 [FullTime]:3600 [SkipTime]:0 [Veto1]:754.204 [Veto2]:735.29 [Veto3]:528.762 [Veto4]:528.762 [SgUp1]:56798 [SgUp2]:56656 [SgUp3]:0 [SgUp4]:0 [SgLow1]:56693 [SgLow2]:56539 [SgLow3]:0 [SgLow4]:0 [NetMuon1]:564961 [NetMuon2]:569041 [NetMuon3]:609912 [NetMuon4]:609912
[Run]:37058 [Site]:1 [Bin]:9531 [FullTime]:3600 [SkipTime]:0 [Veto1]:723.869 [Veto2]:736.817 [Veto3]:529.413 [Veto4]:529.413 [SgUp1]:57643 [SgUp2]:56910 [SgUp3]:0 [SgUp4]:0 [SgLow1]:57539 [SgLow2]:56830 [SgLow3]:0 [SgLow4]:0 [NetMuon1]:572287 [NetMuon2]:569200 [NetMuon3]:610609 [NetMuon4]:610609
[Run]:37058 [Site]:1 [Bin]:9532 [FullTime]:3600 [SkipTime]:0 [Veto1]:735.916 [Veto2]:720.508 [Veto3]:529.745 [Veto4]:529.745 [SgUp1]:57195 [SgUp2]:57324 [SgUp3]:0 [SgUp4]:0 [SgLow1]:57067 [SgLow2]:57235 [SgLow3]:0 [SgLow4]:0 [NetMuon1]:569487 [NetMuon2]:572547 [NetMuon3]:610820 [NetMuon4]:610820
[Run]:37058 [Site]:1 [Bin]:9533 [FullTime]:3600 [SkipTime]:0 [Veto1]:749.146 [Veto2]:756.093 [Veto3]:530.969 [Veto4]:530.969 [SgUp1]:57278 [SgUp2]:56694 [SgUp3]:0 [SgUp4]:0 [SgLow1]:57163 [SgLow2]:56591 [SgLow3]:0 [SgLow4]:0 [NetMuon1]:568992 [NetMuon2]:566841 [NetMuon3]:612104 [NetMuon4]:612104
[Run]:37058 [Site]:1 [Bin]:9534 [FullTime]:3600 [SkipTime]:0 [Veto1]:738.787 [Veto2]:748.942 [Veto3]:529.969 [Veto4]:529.969 [SgUp1]:56946 [SgUp2]:56538 [SgUp3]:0 [SgUp4]:0 [SgLow1]:56858 [SgLow2]:56435 [SgLow3]:0 [SgLow4]:0 [NetMuon1]:569974 [NetMuon2]:567796 [NetMuon3]:611355 [NetMuon4]:611355
[Run]:37058 [Site]:1 [Bin]:9535 [FullTime]:3600 [SkipTime]:0 [Veto1]:735.729 [Veto2]:744.048 [Veto3]:529.385 [Veto4]:529.385 [SgUp1]:56888 [SgUp2]:56589 [SgUp3]:0 [SgUp4]:0 [SgLow1]:56764 [SgLow2]:56486 [SgLow3]:0 [SgLow4]:0 [NetMuon1]:569573 [NetMuon2]:568181 [NetMuon3]:610527 [NetMuon4]:610527
[Run]:37058 [Site]:1 [Bin]:9536 [FullTime]:3600 [SkipTime]:0 [Veto1]:742.659 [Veto2]:765.263 [Veto3]:529.657 [Veto4]:529.657 [SgUp1]:57437 [SgUp2]:56110 [SgUp3]:0 [SgUp4]:0 [SgLow1]:57335 [SgLow2]:55999 [SgLow3]:0 [SgLow4]:0 [NetMuon1]:568596 [NetMuon2]:563744 [NetMuon3]:610802 [NetMuon4]:610802
[Run]:37058 [Site]:1 [Bin]:9537 [FullTime]:3600 [SkipTime]:0 [Veto1]:739.167 [Veto2]:759.06 [Veto3]:530.479 [Veto4]:530.479 [SgUp1]:57139 [SgUp2]:56445 [SgUp3]:0 [SgUp4]:0 [SgLow1]:57035 [SgLow2]:56328 [SgLow3]:0 [SgLow4]:0 [NetMuon1]:569844 [NetMuon2]:565965 [NetMuon3]:611522 [NetMuon4]:611522
[Run]:37058 [Site]:1 [Bin]:9538 [FullTime]:3600 [SkipTime]:0 [Veto1]:728.649 [Veto2]:772.027 [Veto3]:529.631 [Veto4]:529.631 [SgUp1]:57459 [SgUp2]:55846 [SgUp3]:0 [SgUp4]:0 [SgLow1]:57352 [SgLow2]:55734 [SgLow3]:0 [SgLow4]:0 [NetMuon1]:571325 [NetMuon2]:562411 [NetMuon3]:610763 [NetMuon4]:610763
[Run]:37058 [Site]:1 [Bin]:9539 [FullTime]:3600 [SkipTime]:0 [Veto1]:720.322 [Veto2]:718.378 [Veto3]:530.486 [Veto4]:530.486 [SgUp1]:57855 [SgUp2]:57826 [SgUp3]:0 [SgUp4]:0 [SgLow1]:57752 [SgLow2]:57699 [SgLow3]:0 [SgLow4]:0 [NetMuon1]:573855 [NetMuon2]:574380 [NetMuon3]:611803 [NetMuon4]:611803
[Run]:37058 [Site]:1 [Bin]:9540 [FullTime]:3600 [SkipTime]:0 [Veto1]:722.364 [Veto2]:741.025 [Veto3]:529.338 [Veto4]:529.338 [SgUp1]:57975 [SgUp2]:56928 [SgUp3]:0 [SgUp4]:0 [SgLow1]:57868 [SgLow2]:56818 [SgLow3]:0 [SgLow4]:0 [NetMuon1]:571795 [NetMuon2]:568325 [NetMuon3]:610260 [NetMuon4]:610260
[Run]:37058 [Site]:1 [Bin]:9541 [FullTime]:3600 [SkipTime]:0 [Veto1]:743.138 [Veto2]:750.92 [Veto3]:529.474 [Veto4]:529.474 [SgUp1]:57659 [SgUp2]:56452 [SgUp3]:0 [SgUp4]:0 [SgLow1]:57541 [SgLow2]:56349 [SgLow3]:0 [SgLow4]:0 [NetMuon1]:568244 [NetMuon2]:566975 [NetMuon3]:610699 [NetMuon4]:610699
[Run]:37058 [Site]:1 [Bin]:9542 [FullTime]:3600 [SkipTime]:0 [Veto1]:750.256 [Veto2]:730.147 [Veto3]:530.572 [Veto4]:530.572 [SgUp1]:56630 [SgUp2]:57451 [SgUp3]:0 [SgUp4]:0 [SgLow1]:56524 [SgLow2]:57356 [SgLow3]:0 [SgLow4]:0 [NetMuon1]:567854 [NetMuon2]:571304 [NetMuon3]:611590 [NetMuon4]:611590
[Run]:37058 [Site]:1 [Bin]:9543 [FullTime]:3600 [SkipTime]:0 [Veto1]:746.697 [Veto2]:743.843 [Veto3]:529.087 [Veto4]:529.087 [SgUp1]:57270 [SgUp2]:56613 [SgUp3]:0 [SgUp4]:0 [SgLow1]:57158 [SgLow2]:56522 [SgLow3]:0 [SgLow4]:0 [NetMuon1]:566919 [NetMuon2]:567480 [NetMuon3]:610194 [NetMuon4]:610194
[Run]:37058 [Site]:1 [Bin]:9544 [FullTime]:3600 [SkipTime]:0 [Veto1]:743.114 [Veto2]:757.034 [Veto3]:530.719 [Veto4]:530.719 [SgUp1]:57455 [SgUp2]:57069 [SgUp3]:0 [SgUp4]:0 [SgLow1]:57344 [SgLow2]:56949 [SgLow3]:0 [SgLow4]:0 [NetMuon1]:569558 [NetMuon2]:566513 [NetMuon3]:611604 [NetMuon4]:611604
[Run]:37058 [Site]:1 [Bin]:9545 [FullTime]:3600 [SkipTime]:0 [Veto1]:723.437 [Veto2]:728.788 [Veto3]:530.001 [Veto4]:530.001 [SgUp1]:57725 [SgUp2]:56906 [SgUp3]:0 [SgUp4]:0 [SgLow1]:57625 [SgLow2]:56782 [SgLow3]:0 [SgLow4]:0 [NetMuon1]:572796 [NetMuon2]:571502 [NetMuon3]:611195 [NetMuon4]:611195
[Run]:37058 [Site]:1 [Bin]:9546 [FullTime]:3600 [SkipTime]:0 [Veto1]:731.651 [Veto2]:735.698 [Veto3]:528.021 [Veto4]:528.021 [SgUp1]:57324 [SgUp2]:57503 [SgUp3]:0 [SgUp4]:0 [SgLow1]:57212 [SgLow2]:57374 [SgLow3]:0 [SgLow4]:0 [NetMuon1]:568754 [NetMuon2]:568340 [NetMuon3]:609285 [NetMuon4]:609285
[Run]:37058 [Site]:1 [Bin]:9547 [FullTime]:3600 [SkipTime]:0 [Veto1]:726.393 [Veto2]:735.97 [Veto3]:529.908 [Veto4]:529.908 [SgUp1]:57348 [SgUp2]:57670 [SgUp3]:0 [SgUp4]:0 [SgLow1]:57217 [SgLow2]:57579 [SgLow3]:0 [SgLow4]:0 [NetMuon1]:571780 [NetMuon2]:569720 [NetMuon3]:610899 [NetMuon4]:610899
[Run]:37058 [Site]:1 [Bin]:9548 [FullTime]:3600 [SkipTime]:0 [Veto1]:719.6 [Veto2]:756.31 [Veto3]:528.59 [Veto4]:528.59 [SgUp1]:57584 [SgUp2]:56986 [SgUp3]:0 [SgUp4]:0 [SgLow1]:57482 [SgLow2]:56881 [SgLow3]:0 [SgLow4]:0 [NetMuon1]:571595 [NetMuon2]:564602 [NetMuon3]:609770 [NetMuon4]:609770
[Run]:37058 [Site]:1 [Bin]:9549 [FullTime]:3600 [SkipTime]:0 [Veto1]:750.615 [Veto2]:753.153 [Veto3]:529.86 [Veto4]:529.86 [SgUp1]:57316 [SgUp2]:57230 [SgUp3]:0 [SgUp4]:0 [SgLow1]:57210 [SgLow2]:57132 [SgLow3]:0 [SgLow4]:0 [NetMuon1]:567521 [NetMuon2]:566713 [NetMuon3]:610986 [NetMuon4]:610986
[Run]:37058 [Site]:1 [Bin]:9550 [FullTime]:3600 [SkipTime]:0 [Veto1]:750.75 [Veto2]:753.187 [Veto3]:529.009 [Veto4]:529.009 [SgUp1]:56575 [SgUp2]:56744 [SgUp3]:0 [SgUp4]:0 [SgLow1]:56463 [SgLow2]:56645 [SgLow3]:0 [SgLow4]:0 [NetMuon1]:566194 [NetMuon2]:566031 [NetMuon3]:610120 [NetMuon4]:610120
[Run]:37058 [Site]:1 [Bin]:9551 [FullTime]:3600 [SkipTime]:0 [Veto1]:749.746 [Veto2]:738.321 [Veto3]:529.381 [Veto4]:529.381 [SgUp1]:57300 [SgUp2]:57348 [SgUp3]:0 [SgUp4]:0 [SgLow1]:57142 [SgLow2]:57230 [SgLow3]:0 [SgLow4]:0 [NetMuon1]:566402 [NetMuon2]:568750 [NetMuon3]:610374 [NetMuon4]:610374
[Run]:37058 [Site]:1 [Bin]:9552 [FullTime]:3600 [SkipTime]:0 [Veto1]:708.15 [Veto2]:749.249 [Veto3]:529.355 [Veto4]:529.355 [SgUp1]:58195 [SgUp2]:56545 [SgUp3]:0 [SgUp4]:0 [SgLow1]:58082 [SgLow2]:56429 [SgLow3]:0 [SgLow4]:0 [NetMuon1]:574412 [NetMuon2]:566531 [NetMuon3]:610366 [NetMuon4]:610366
End process Run: 37058 ... 
[Run]:37058 [Site]:1 [Bin]:9553 [FullTime]:167.121 [SkipTime]:0 [Veto1]:34.1955 [Veto2]:36.2981 [Veto3]:24.549 [Veto4]:24.549
