StreamChain add 0x1bd4d7f0
Start to process run: 37645 ... 
[Run]:37645 [Site]:1 [Bin]:10228 [FullTime]:3173.15 [SkipTime]:0 [Veto1]:660.597 [Veto2]:656.375 [Veto3]:468.024 [Veto4]:468.024 [SgUp1]:50489 [SgUp2]:49868 [SgUp3]:0 [SgUp4]:0 [SgLow1]:50359 [SgLow2]:49785 [SgLow3]:0 [SgLow4]:0 [NetMuon1]:501200 [NetMuon2]:502022 [NetMuon3]:539585 [NetMuon4]:539585
[Run]:37645 [Site]:1 [Bin]:10229 [FullTime]:3600 [SkipTime]:0 [Veto1]:747.257 [Veto2]:770.6 [Veto3]:530.99 [Veto4]:530.99 [SgUp1]:57529 [SgUp2]:56754 [SgUp3]:0 [SgUp4]:0 [SgLow1]:57409 [SgLow2]:56633 [SgLow3]:0 [SgLow4]:0 [NetMuon1]:568827 [NetMuon2]:564088 [NetMuon3]:612030 [NetMuon4]:612030
[Run]:37645 [Site]:1 [Bin]:10230 [FullTime]:3600 [SkipTime]:0 [Veto1]:721.685 [Veto2]:738.127 [Veto3]:529.516 [Veto4]:529.516 [SgUp1]:57723 [SgUp2]:57219 [SgUp3]:0 [SgUp4]:0 [SgLow1]:57609 [SgLow2]:57097 [SgLow3]:0 [SgLow4]:0 [NetMuon1]:572022 [NetMuon2]:568832 [NetMuon3]:610345 [NetMuon4]:610345
[Run]:37645 [Site]:1 [Bin]:10231 [FullTime]:3600 [SkipTime]:0 [Veto1]:740.64 [Veto2]:756.673 [Veto3]:530.289 [Veto4]:530.289 [SgUp1]:57594 [SgUp2]:56632 [SgUp3]:0 [SgUp4]:0 [SgLow1]:57479 [SgLow2]:56527 [SgLow3]:0 [SgLow4]:0 [NetMuon1]:569498 [NetMuon2]:566381 [NetMuon3]:611358 [NetMuon4]:611358
[Run]:37645 [Site]:1 [Bin]:10232 [FullTime]:3600.01 [SkipTime]:0 [Veto1]:759.456 [Veto2]:755.833 [Veto3]:531.363 [Veto4]:531.363 [SgUp1]:57035 [SgUp2]:56602 [SgUp3]:0 [SgUp4]:0 [SgLow1]:56934 [SgLow2]:56527 [SgLow3]:0 [SgLow4]:0 [NetMuon1]:566496 [NetMuon2]:567325 [NetMuon3]:612279 [NetMuon4]:612279
[Run]:37645 [Site]:1 [Bin]:10233 [FullTime]:3600 [SkipTime]:0 [Veto1]:727.098 [Veto2]:748.977 [Veto3]:531.091 [Veto4]:531.091 [SgUp1]:57416 [SgUp2]:56771 [SgUp3]:0 [SgUp4]:0 [SgLow1]:57328 [SgLow2]:56669 [SgLow3]:0 [SgLow4]:0 [NetMuon1]:573177 [NetMuon2]:569158 [NetMuon3]:612519 [NetMuon4]:612519
[Run]:37645 [Site]:1 [Bin]:10234 [FullTime]:3599.99 [SkipTime]:0 [Veto1]:744.024 [Veto2]:754.57 [Veto3]:530.661 [Veto4]:530.661 [SgUp1]:56806 [SgUp2]:56479 [SgUp3]:0 [SgUp4]:0 [SgLow1]:56725 [SgLow2]:56368 [SgLow3]:0 [SgLow4]:0 [NetMuon1]:569477 [NetMuon2]:567432 [NetMuon3]:611993 [NetMuon4]:611993
[Run]:37645 [Site]:1 [Bin]:10235 [FullTime]:3600 [SkipTime]:0 [Veto1]:715.971 [Veto2]:748.869 [Veto3]:530.37 [Veto4]:530.37 [SgUp1]:58177 [SgUp2]:56822 [SgUp3]:0 [SgUp4]:0 [SgLow1]:58045 [SgLow2]:56722 [SgLow3]:0 [SgLow4]:0 [NetMuon1]:574433 [NetMuon2]:567996 [NetMuon3]:611655 [NetMuon4]:611655
[Run]:37645 [Site]:1 [Bin]:10236 [FullTime]:3600 [SkipTime]:0 [Veto1]:757.513 [Veto2]:744.575 [Veto3]:530.071 [Veto4]:530.071 [SgUp1]:57195 [SgUp2]:57067 [SgUp3]:0 [SgUp4]:0 [SgLow1]:57102 [SgLow2]:56959 [SgLow3]:0 [SgLow4]:0 [NetMuon1]:566433 [NetMuon2]:568744 [NetMuon3]:611404 [NetMuon4]:611404
[Run]:37645 [Site]:1 [Bin]:10237 [FullTime]:3600 [SkipTime]:0 [Veto1]:722.119 [Veto2]:745.382 [Veto3]:530.934 [Veto4]:530.934 [SgUp1]:58108 [SgUp2]:56590 [SgUp3]:0 [SgUp4]:0 [SgLow1]:57983 [SgLow2]:56492 [SgLow3]:0 [SgLow4]:0 [NetMuon1]:574226 [NetMuon2]:569516 [NetMuon3]:612184 [NetMuon4]:612184
[Run]:37645 [Site]:1 [Bin]:10238 [FullTime]:3600 [SkipTime]:0 [Veto1]:727.766 [Veto2]:757.079 [Veto3]:529.983 [Veto4]:529.983 [SgUp1]:57556 [SgUp2]:56560 [SgUp3]:0 [SgUp4]:0 [SgLow1]:57431 [SgLow2]:56447 [SgLow3]:0 [SgLow4]:0 [NetMuon1]:572052 [NetMuon2]:565955 [NetMuon3]:611297 [NetMuon4]:611297
[Run]:37645 [Site]:1 [Bin]:10239 [FullTime]:3600 [SkipTime]:0 [Veto1]:717.673 [Veto2]:758.35 [Veto3]:529.536 [Veto4]:529.536 [SgUp1]:57902 [SgUp2]:56671 [SgUp3]:0 [SgUp4]:0 [SgLow1]:57804 [SgLow2]:56578 [SgLow3]:0 [SgLow4]:0 [NetMuon1]:572809 [NetMuon2]:565018 [NetMuon3]:610657 [NetMuon4]:610657
[Run]:37645 [Site]:1 [Bin]:10240 [FullTime]:3600 [SkipTime]:0 [Veto1]:767.945 [Veto2]:751.978 [Veto3]:530.992 [Veto4]:530.992 [SgUp1]:56843 [SgUp2]:56962 [SgUp3]:0 [SgUp4]:0 [SgLow1]:56741 [SgLow2]:56823 [SgLow3]:0 [SgLow4]:0 [NetMuon1]:565084 [NetMuon2]:568187 [NetMuon3]:612432 [NetMuon4]:612432
[Run]:37645 [Site]:1 [Bin]:10241 [FullTime]:3600 [SkipTime]:0 [Veto1]:743.85 [Veto2]:723.756 [Veto3]:530.707 [Veto4]:530.707 [SgUp1]:57358 [SgUp2]:57242 [SgUp3]:0 [SgUp4]:0 [SgLow1]:57254 [SgLow2]:57148 [SgLow3]:0 [SgLow4]:0 [NetMuon1]:569816 [NetMuon2]:573298 [NetMuon3]:611938 [NetMuon4]:611938
[Run]:37645 [Site]:1 [Bin]:10242 [FullTime]:3600 [SkipTime]:0 [Veto1]:746.896 [Veto2]:724.197 [Veto3]:530.455 [Veto4]:530.455 [SgUp1]:57678 [SgUp2]:57046 [SgUp3]:0 [SgUp4]:0 [SgLow1]:57586 [SgLow2]:56916 [SgLow3]:0 [SgLow4]:0 [NetMuon1]:568398 [NetMuon2]:572691 [NetMuon3]:611475 [NetMuon4]:611475
[Run]:37645 [Site]:1 [Bin]:10243 [FullTime]:3600.01 [SkipTime]:0 [Veto1]:752.736 [Veto2]:742.26 [Veto3]:531.261 [Veto4]:531.261 [SgUp1]:57507 [SgUp2]:56771 [SgUp3]:0 [SgUp4]:0 [SgLow1]:57408 [SgLow2]:56677 [SgLow3]:0 [SgLow4]:0 [NetMuon1]:568169 [NetMuon2]:570098 [NetMuon3]:612349 [NetMuon4]:612349
[Run]:37645 [Site]:1 [Bin]:10244 [FullTime]:3599.99 [SkipTime]:0 [Veto1]:749.123 [Veto2]:739.938 [Veto3]:529.964 [Veto4]:529.964 [SgUp1]:57504 [SgUp2]:57408 [SgUp3]:0 [SgUp4]:0 [SgLow1]:57383 [SgLow2]:57325 [SgLow3]:0 [SgLow4]:0 [NetMuon1]:567899 [NetMuon2]:569922 [NetMuon3]:611259 [NetMuon4]:611259
[Run]:37645 [Site]:1 [Bin]:10245 [FullTime]:3600 [SkipTime]:0 [Veto1]:745.271 [Veto2]:750.328 [Veto3]:530.768 [Veto4]:530.768 [SgUp1]:56798 [SgUp2]:56840 [SgUp3]:0 [SgUp4]:0 [SgLow1]:56688 [SgLow2]:56725 [SgLow3]:0 [SgLow4]:0 [NetMuon1]:569062 [NetMuon2]:568201 [NetMuon3]:612009 [NetMuon4]:612009
[Run]:37645 [Site]:1 [Bin]:10246 [FullTime]:3600 [SkipTime]:0 [Veto1]:738.919 [Veto2]:756.34 [Veto3]:529.497 [Veto4]:529.497 [SgUp1]:57504 [SgUp2]:56481 [SgUp3]:0 [SgUp4]:0 [SgLow1]:57370 [SgLow2]:56391 [SgLow3]:0 [SgLow4]:0 [NetMuon1]:568697 [NetMuon2]:565289 [NetMuon3]:610481 [NetMuon4]:610481
[Run]:37645 [Site]:1 [Bin]:10247 [FullTime]:3600 [SkipTime]:0 [Veto1]:724.728 [Veto2]:736.535 [Veto3]:531.147 [Veto4]:531.147 [SgUp1]:57691 [SgUp2]:57246 [SgUp3]:0 [SgUp4]:0 [SgLow1]:57579 [SgLow2]:57138 [SgLow3]:0 [SgLow4]:0 [NetMuon1]:574065 [NetMuon2]:571561 [NetMuon3]:612498 [NetMuon4]:612498
[Run]:37645 [Site]:1 [Bin]:10248 [FullTime]:3600 [SkipTime]:0 [Veto1]:741.439 [Veto2]:755.656 [Veto3]:530.244 [Veto4]:530.244 [SgUp1]:57403 [SgUp2]:56803 [SgUp3]:0 [SgUp4]:0 [SgLow1]:57308 [SgLow2]:56698 [SgLow3]:0 [SgLow4]:0 [NetMuon1]:569041 [NetMuon2]:566176 [NetMuon3]:611052 [NetMuon4]:611052
[Run]:37645 [Site]:1 [Bin]:10249 [FullTime]:3600 [SkipTime]:0 [Veto1]:745.043 [Veto2]:734.555 [Veto3]:530.767 [Veto4]:530.767 [SgUp1]:57510 [SgUp2]:56667 [SgUp3]:0 [SgUp4]:0 [SgLow1]:57406 [SgLow2]:56537 [SgLow3]:0 [SgLow4]:0 [NetMuon1]:569682 [NetMuon2]:571392 [NetMuon3]:612169 [NetMuon4]:612169
[Run]:37645 [Site]:1 [Bin]:10250 [FullTime]:3600 [SkipTime]:0 [Veto1]:733.433 [Veto2]:745.316 [Veto3]:531.658 [Veto4]:531.658 [SgUp1]:57746 [SgUp2]:56555 [SgUp3]:0 [SgUp4]:0 [SgLow1]:57631 [SgLow2]:56466 [SgLow3]:0 [SgLow4]:0 [NetMuon1]:572527 [NetMuon2]:570206 [NetMuon3]:612631 [NetMuon4]:612631
[Run]:37645 [Site]:1 [Bin]:10251 [FullTime]:3600 [SkipTime]:0 [Veto1]:719.795 [Veto2]:733.132 [Veto3]:529.254 [Veto4]:529.254 [SgUp1]:57601 [SgUp2]:57213 [SgUp3]:0 [SgUp4]:0 [SgLow1]:57476 [SgLow2]:57081 [SgLow3]:0 [SgLow4]:0 [NetMuon1]:572372 [NetMuon2]:570002 [NetMuon3]:610303 [NetMuon4]:610303
[Run]:37645 [Site]:1 [Bin]:10252 [FullTime]:3600 [SkipTime]:0 [Veto1]:728.188 [Veto2]:756.653 [Veto3]:530.429 [Veto4]:530.429 [SgUp1]:58296 [SgUp2]:57161 [SgUp3]:0 [SgUp4]:0 [SgLow1]:58186 [SgLow2]:57056 [SgLow3]:0 [SgLow4]:0 [NetMuon1]:572050 [NetMuon2]:566203 [NetMuon3]:611388 [NetMuon4]:611388
[Run]:37645 [Site]:1 [Bin]:10253 [FullTime]:3600 [SkipTime]:0 [Veto1]:747.279 [Veto2]:732.401 [Veto3]:531.446 [Veto4]:531.446 [SgUp1]:57369 [SgUp2]:57003 [SgUp3]:0 [SgUp4]:0 [SgLow1]:57267 [SgLow2]:56896 [SgLow3]:0 [SgLow4]:0 [NetMuon1]:569268 [NetMuon2]:572462 [NetMuon3]:612484 [NetMuon4]:612484
[Run]:37645 [Site]:1 [Bin]:10254 [FullTime]:3600 [SkipTime]:0 [Veto1]:733.79 [Veto2]:737.022 [Veto3]:530.411 [Veto4]:530.411 [SgUp1]:57654 [SgUp2]:57112 [SgUp3]:0 [SgUp4]:0 [SgLow1]:57518 [SgLow2]:57007 [SgLow3]:0 [SgLow4]:0 [NetMuon1]:571087 [NetMuon2]:570355 [NetMuon3]:611623 [NetMuon4]:611623
[Run]:37645 [Site]:1 [Bin]:10255 [FullTime]:3600 [SkipTime]:0 [Veto1]:739.832 [Veto2]:739.022 [Veto3]:530.462 [Veto4]:530.462 [SgUp1]:56912 [SgUp2]:57121 [SgUp3]:0 [SgUp4]:0 [SgLow1]:56801 [SgLow2]:56994 [SgLow3]:0 [SgLow4]:0 [NetMuon1]:569857 [NetMuon2]:570235 [NetMuon3]:611646 [NetMuon4]:611646
[Run]:37645 [Site]:1 [Bin]:10256 [FullTime]:3600 [SkipTime]:0 [Veto1]:742.852 [Veto2]:747.08 [Veto3]:530.048 [Veto4]:530.048 [SgUp1]:57151 [SgUp2]:56945 [SgUp3]:0 [SgUp4]:0 [SgLow1]:57052 [SgLow2]:56837 [SgLow3]:0 [SgLow4]:0 [NetMuon1]:568688 [NetMuon2]:568284 [NetMuon3]:611087 [NetMuon4]:611087
[Run]:37645 [Site]:1 [Bin]:10257 [FullTime]:3600 [SkipTime]:0 [Veto1]:714.582 [Veto2]:744.269 [Veto3]:530.932 [Veto4]:530.932 [SgUp1]:57396 [SgUp2]:57169 [SgUp3]:0 [SgUp4]:0 [SgLow1]:57279 [SgLow2]:57047 [SgLow3]:0 [SgLow4]:0 [NetMuon1]:575451 [NetMuon2]:569828 [NetMuon3]:612248 [NetMuon4]:612248
[Run]:37645 [Site]:1 [Bin]:10258 [FullTime]:3600 [SkipTime]:0 [Veto1]:747.232 [Veto2]:765.318 [Veto3]:531.081 [Veto4]:531.081 [SgUp1]:57178 [SgUp2]:56321 [SgUp3]:0 [SgUp4]:0 [SgLow1]:57056 [SgLow2]:56205 [SgLow3]:0 [SgLow4]:0 [NetMuon1]:569176 [NetMuon2]:565469 [NetMuon3]:612241 [NetMuon4]:612241
[Run]:37645 [Site]:1 [Bin]:10259 [FullTime]:3600 [SkipTime]:0 [Veto1]:754.34 [Veto2]:745.386 [Veto3]:530.269 [Veto4]:530.269 [SgUp1]:57034 [SgUp2]:56899 [SgUp3]:0 [SgUp4]:0 [SgLow1]:56899 [SgLow2]:56823 [SgLow3]:0 [SgLow4]:0 [NetMuon1]:566527 [NetMuon2]:568627 [NetMuon3]:611470 [NetMuon4]:611470
[Run]:37645 [Site]:1 [Bin]:10260 [FullTime]:3600 [SkipTime]:0 [Veto1]:725.175 [Veto2]:764.574 [Veto3]:530.37 [Veto4]:530.37 [SgUp1]:57405 [SgUp2]:56622 [SgUp3]:0 [SgUp4]:0 [SgLow1]:57297 [SgLow2]:56544 [SgLow3]:0 [SgLow4]:0 [NetMuon1]:572565 [NetMuon2]:564821 [NetMuon3]:611324 [NetMuon4]:611324
[Run]:37645 [Site]:1 [Bin]:10261 [FullTime]:3600.01 [SkipTime]:0 [Veto1]:730.705 [Veto2]:744.836 [Veto3]:529.94 [Veto4]:529.94 [SgUp1]:57461 [SgUp2]:56758 [SgUp3]:0 [SgUp4]:0 [SgLow1]:57346 [SgLow2]:56658 [SgLow3]:0 [SgLow4]:0 [NetMuon1]:571498 [NetMuon2]:568547 [NetMuon3]:611190 [NetMuon4]:611190
[Run]:37645 [Site]:1 [Bin]:10262 [FullTime]:3599.99 [SkipTime]:0 [Veto1]:754.442 [Veto2]:712.777 [Veto3]:531.102 [Veto4]:531.102 [SgUp1]:57289 [SgUp2]:57758 [SgUp3]:0 [SgUp4]:0 [SgLow1]:57172 [SgLow2]:57671 [SgLow3]:0 [SgLow4]:0 [NetMuon1]:567066 [NetMuon2]:576223 [NetMuon3]:612064 [NetMuon4]:612064
[Run]:37645 [Site]:1 [Bin]:10263 [FullTime]:3600 [SkipTime]:0 [Veto1]:734.66 [Veto2]:752.661 [Veto3]:530.146 [Veto4]:530.146 [SgUp1]:57651 [SgUp2]:57066 [SgUp3]:0 [SgUp4]:0 [SgLow1]:57546 [SgLow2]:56961 [SgLow3]:0 [SgLow4]:0 [NetMuon1]:570368 [NetMuon2]:566966 [NetMuon3]:611007 [NetMuon4]:611007
[Run]:37645 [Site]:1 [Bin]:10264 [FullTime]:3600 [SkipTime]:0 [Veto1]:720.197 [Veto2]:741.029 [Veto3]:530.478 [Veto4]:530.478 [SgUp1]:57262 [SgUp2]:57053 [SgUp3]:0 [SgUp4]:0 [SgLow1]:57164 [SgLow2]:56916 [SgLow3]:0 [SgLow4]:0 [NetMuon1]:573604 [NetMuon2]:569707 [NetMuon3]:611766 [NetMuon4]:611766
[Run]:37645 [Site]:1 [Bin]:10265 [FullTime]:3600 [SkipTime]:0 [Veto1]:736.981 [Veto2]:746.593 [Veto3]:529.468 [Veto4]:529.468 [SgUp1]:57247 [SgUp2]:56694 [SgUp3]:0 [SgUp4]:0 [SgLow1]:57147 [SgLow2]:56568 [SgLow3]:0 [SgLow4]:0 [NetMuon1]:568862 [NetMuon2]:567009 [NetMuon3]:610417 [NetMuon4]:610417
[Run]:37645 [Site]:1 [Bin]:10266 [FullTime]:3600 [SkipTime]:0 [Veto1]:723.127 [Veto2]:724.328 [Veto3]:528.655 [Veto4]:528.655 [SgUp1]:57601 [SgUp2]:57698 [SgUp3]:0 [SgUp4]:0 [SgLow1]:57487 [SgLow2]:57590 [SgLow3]:0 [SgLow4]:0 [NetMuon1]:570921 [NetMuon2]:571253 [NetMuon3]:609519 [NetMuon4]:609519
[Run]:37645 [Site]:1 [Bin]:10267 [FullTime]:3600 [SkipTime]:0 [Veto1]:718.517 [Veto2]:742.055 [Veto3]:529.616 [Veto4]:529.616 [SgUp1]:57455 [SgUp2]:57057 [SgUp3]:0 [SgUp4]:0 [SgLow1]:57350 [SgLow2]:56959 [SgLow3]:0 [SgLow4]:0 [NetMuon1]:573215 [NetMuon2]:568514 [NetMuon3]:610607 [NetMuon4]:610607
[Run]:37645 [Site]:1 [Bin]:10268 [FullTime]:3600 [SkipTime]:0 [Veto1]:758.561 [Veto2]:740.563 [Veto3]:530.953 [Veto4]:530.953 [SgUp1]:56955 [SgUp2]:56869 [SgUp3]:0 [SgUp4]:0 [SgLow1]:56839 [SgLow2]:56757 [SgLow3]:0 [SgLow4]:0 [NetMuon1]:566680 [NetMuon2]:570330 [NetMuon3]:612185 [NetMuon4]:612185
[Run]:37645 [Site]:1 [Bin]:10269 [FullTime]:3600 [SkipTime]:0 [Veto1]:730.56 [Veto2]:720.142 [Veto3]:529.868 [Veto4]:529.868 [SgUp1]:56890 [SgUp2]:57054 [SgUp3]:0 [SgUp4]:0 [SgLow1]:56781 [SgLow2]:56937 [SgLow3]:0 [SgLow4]:0 [NetMuon1]:570815 [NetMuon2]:572628 [NetMuon3]:610761 [NetMuon4]:610761
[Run]:37645 [Site]:1 [Bin]:10270 [FullTime]:3600 [SkipTime]:0 [Veto1]:735.981 [Veto2]:739.423 [Veto3]:530.807 [Veto4]:530.807 [SgUp1]:56811 [SgUp2]:57117 [SgUp3]:0 [SgUp4]:0 [SgLow1]:56703 [SgLow2]:57013 [SgLow3]:0 [SgLow4]:0 [NetMuon1]:570503 [NetMuon2]:570053 [NetMuon3]:611609 [NetMuon4]:611609
[Run]:37645 [Site]:1 [Bin]:10271 [FullTime]:3600 [SkipTime]:0 [Veto1]:735.202 [Veto2]:726.036 [Veto3]:530.312 [Veto4]:530.312 [SgUp1]:57143 [SgUp2]:57503 [SgUp3]:0 [SgUp4]:0 [SgLow1]:57053 [SgLow2]:57406 [SgLow3]:0 [SgLow4]:0 [NetMuon1]:570899 [NetMuon2]:572782 [NetMuon3]:611561 [NetMuon4]:611561
[Run]:37645 [Site]:1 [Bin]:10272 [FullTime]:3600 [SkipTime]:0 [Veto1]:725.382 [Veto2]:728.104 [Veto3]:530.332 [Veto4]:530.332 [SgUp1]:56996 [SgUp2]:57552 [SgUp3]:0 [SgUp4]:0 [SgLow1]:56887 [SgLow2]:57474 [SgLow3]:0 [SgLow4]:0 [NetMuon1]:572876 [NetMuon2]:572467 [NetMuon3]:611781 [NetMuon4]:611781
[Run]:37645 [Site]:1 [Bin]:10273 [FullTime]:3600 [SkipTime]:0 [Veto1]:715.976 [Veto2]:747.618 [Veto3]:529.989 [Veto4]:529.989 [SgUp1]:57205 [SgUp2]:56834 [SgUp3]:0 [SgUp4]:0 [SgLow1]:57119 [SgLow2]:56737 [SgLow3]:0 [SgLow4]:0 [NetMuon1]:574486 [NetMuon2]:568115 [NetMuon3]:611351 [NetMuon4]:611351
[Run]:37645 [Site]:1 [Bin]:10274 [FullTime]:3600 [SkipTime]:0 [Veto1]:736.655 [Veto2]:739.449 [Veto3]:530.524 [Veto4]:530.524 [SgUp1]:57692 [SgUp2]:57175 [SgUp3]:0 [SgUp4]:0 [SgLow1]:57579 [SgLow2]:57056 [SgLow3]:0 [SgLow4]:0 [NetMuon1]:570428 [NetMuon2]:570420 [NetMuon3]:611849 [NetMuon4]:611849
[Run]:37645 [Site]:1 [Bin]:10275 [FullTime]:3600 [SkipTime]:0 [Veto1]:729.422 [Veto2]:740.575 [Veto3]:530.119 [Veto4]:530.119 [SgUp1]:56796 [SgUp2]:57062 [SgUp3]:0 [SgUp4]:0 [SgLow1]:56686 [SgLow2]:56955 [SgLow3]:0 [SgLow4]:0 [NetMuon1]:571254 [NetMuon2]:569217 [NetMuon3]:611282 [NetMuon4]:611282
[Run]:37645 [Site]:1 [Bin]:10276 [FullTime]:3600 [SkipTime]:0 [Veto1]:721.811 [Veto2]:749.068 [Veto3]:529.405 [Veto4]:529.405 [SgUp1]:57505 [SgUp2]:56847 [SgUp3]:0 [SgUp4]:0 [SgLow1]:57403 [SgLow2]:56760 [SgLow3]:0 [SgLow4]:0 [NetMuon1]:572221 [NetMuon2]:566600 [NetMuon3]:610274 [NetMuon4]:610274
[Run]:37645 [Site]:1 [Bin]:10277 [FullTime]:3600 [SkipTime]:0 [Veto1]:743.866 [Veto2]:747.211 [Veto3]:530.701 [Veto4]:530.701 [SgUp1]:57064 [SgUp2]:57111 [SgUp3]:0 [SgUp4]:0 [SgLow1]:56950 [SgLow2]:57006 [SgLow3]:0 [SgLow4]:0 [NetMuon1]:569547 [NetMuon2]:568798 [NetMuon3]:612001 [NetMuon4]:612001
[Run]:37645 [Site]:1 [Bin]:10278 [FullTime]:3600 [SkipTime]:0 [Veto1]:742.78 [Veto2]:734.52 [Veto3]:531.167 [Veto4]:531.167 [SgUp1]:57376 [SgUp2]:57356 [SgUp3]:0 [SgUp4]:0 [SgLow1]:57268 [SgLow2]:57233 [SgLow3]:0 [SgLow4]:0 [NetMuon1]:569963 [NetMuon2]:571486 [NetMuon3]:612181 [NetMuon4]:612181
[Run]:37645 [Site]:1 [Bin]:10279 [FullTime]:3600 [SkipTime]:0 [Veto1]:713.966 [Veto2]:748.184 [Veto3]:529.843 [Veto4]:529.843 [SgUp1]:57976 [SgUp2]:57033 [SgUp3]:0 [SgUp4]:0 [SgLow1]:57881 [SgLow2]:56943 [SgLow3]:0 [SgLow4]:0 [NetMuon1]:573765 [NetMuon2]:567204 [NetMuon3]:610612 [NetMuon4]:610612
[Run]:37645 [Site]:1 [Bin]:10280 [FullTime]:3600 [SkipTime]:0 [Veto1]:721.125 [Veto2]:725.752 [Veto3]:530.546 [Veto4]:530.546 [SgUp1]:57449 [SgUp2]:57590 [SgUp3]:0 [SgUp4]:0 [SgLow1]:57349 [SgLow2]:57490 [SgLow3]:0 [SgLow4]:0 [NetMuon1]:574057 [NetMuon2]:573057 [NetMuon3]:611863 [NetMuon4]:611863
[Run]:37645 [Site]:1 [Bin]:10281 [FullTime]:3600 [SkipTime]:0 [Veto1]:743.547 [Veto2]:748.57 [Veto3]:530.96 [Veto4]:530.96 [SgUp1]:57655 [SgUp2]:56903 [SgUp3]:0 [SgUp4]:0 [SgLow1]:57557 [SgLow2]:56800 [SgLow3]:0 [SgLow4]:0 [NetMuon1]:569869 [NetMuon2]:568622 [NetMuon3]:612183 [NetMuon4]:612183
[Run]:37645 [Site]:1 [Bin]:10282 [FullTime]:3600 [SkipTime]:0 [Veto1]:712.444 [Veto2]:747.356 [Veto3]:530.875 [Veto4]:530.875 [SgUp1]:57604 [SgUp2]:56902 [SgUp3]:0 [SgUp4]:0 [SgLow1]:57499 [SgLow2]:56794 [SgLow3]:0 [SgLow4]:0 [NetMuon1]:575912 [NetMuon2]:568872 [NetMuon3]:612207 [NetMuon4]:612207
[Run]:37645 [Site]:1 [Bin]:10283 [FullTime]:3600 [SkipTime]:0 [Veto1]:737.277 [Veto2]:744.047 [Veto3]:530.632 [Veto4]:530.632 [SgUp1]:56771 [SgUp2]:57215 [SgUp3]:0 [SgUp4]:0 [SgLow1]:56651 [SgLow2]:57094 [SgLow3]:0 [SgLow4]:0 [NetMuon1]:571027 [NetMuon2]:569029 [NetMuon3]:611912 [NetMuon4]:611912
[Run]:37645 [Site]:1 [Bin]:10284 [FullTime]:3600 [SkipTime]:0 [Veto1]:736.876 [Veto2]:741.031 [Veto3]:531.044 [Veto4]:531.044 [SgUp1]:57251 [SgUp2]:57087 [SgUp3]:0 [SgUp4]:0 [SgLow1]:57157 [SgLow2]:56945 [SgLow3]:0 [SgLow4]:0 [NetMuon1]:571277 [NetMuon2]:570401 [NetMuon3]:612413 [NetMuon4]:612413
[Run]:37645 [Site]:1 [Bin]:10285 [FullTime]:3600 [SkipTime]:0 [Veto1]:719.35 [Veto2]:745.196 [Veto3]:530.433 [Veto4]:530.433 [SgUp1]:57501 [SgUp2]:56898 [SgUp3]:0 [SgUp4]:0 [SgLow1]:57376 [SgLow2]:56810 [SgLow3]:0 [SgLow4]:0 [NetMuon1]:573678 [NetMuon2]:568528 [NetMuon3]:611407 [NetMuon4]:611407
[Run]:37645 [Site]:1 [Bin]:10286 [FullTime]:3600 [SkipTime]:0 [Veto1]:740.249 [Veto2]:760.438 [Veto3]:530.615 [Veto4]:530.615 [SgUp1]:57019 [SgUp2]:57221 [SgUp3]:0 [SgUp4]:0 [SgLow1]:56896 [SgLow2]:57124 [SgLow3]:0 [SgLow4]:0 [NetMuon1]:570515 [NetMuon2]:566230 [NetMuon3]:611967 [NetMuon4]:611967
[Run]:37645 [Site]:1 [Bin]:10287 [FullTime]:3600 [SkipTime]:0 [Veto1]:723.609 [Veto2]:746.799 [Veto3]:529.677 [Veto4]:529.677 [SgUp1]:57126 [SgUp2]:57106 [SgUp3]:0 [SgUp4]:0 [SgLow1]:57032 [SgLow2]:57014 [SgLow3]:0 [SgLow4]:0 [NetMuon1]:572008 [NetMuon2]:567314 [NetMuon3]:610735 [NetMuon4]:610735
[Run]:37645 [Site]:1 [Bin]:10288 [FullTime]:3600 [SkipTime]:0 [Veto1]:741.438 [Veto2]:746.097 [Veto3]:530.641 [Veto4]:530.641 [SgUp1]:57022 [SgUp2]:57795 [SgUp3]:0 [SgUp4]:0 [SgLow1]:56912 [SgLow2]:57667 [SgLow3]:0 [SgLow4]:0 [NetMuon1]:569826 [NetMuon2]:568509 [NetMuon3]:611792 [NetMuon4]:611792
[Run]:37645 [Site]:1 [Bin]:10289 [FullTime]:3600 [SkipTime]:0 [Veto1]:727.116 [Veto2]:763.029 [Veto3]:530.159 [Veto4]:530.159 [SgUp1]:57585 [SgUp2]:56972 [SgUp3]:0 [SgUp4]:0 [SgLow1]:57462 [SgLow2]:56851 [SgLow3]:0 [SgLow4]:0 [NetMuon1]:572176 [NetMuon2]:564939 [NetMuon3]:611266 [NetMuon4]:611266
[Run]:37645 [Site]:1 [Bin]:10290 [FullTime]:3600 [SkipTime]:0 [Veto1]:729.352 [Veto2]:731.392 [Veto3]:529.488 [Veto4]:529.488 [SgUp1]:58313 [SgUp2]:57421 [SgUp3]:0 [SgUp4]:0 [SgLow1]:58172 [SgLow2]:57281 [SgLow3]:0 [SgLow4]:0 [NetMuon1]:570774 [NetMuon2]:570476 [NetMuon3]:610475 [NetMuon4]:610475
[Run]:37645 [Site]:1 [Bin]:10291 [FullTime]:3600.01 [SkipTime]:0 [Veto1]:716.886 [Veto2]:750.4 [Veto3]:529.209 [Veto4]:529.209 [SgUp1]:57863 [SgUp2]:57328 [SgUp3]:0 [SgUp4]:0 [SgLow1]:57736 [SgLow2]:57204 [SgLow3]:0 [SgLow4]:0 [NetMuon1]:572939 [NetMuon2]:566792 [NetMuon3]:610467 [NetMuon4]:610467
[Run]:37645 [Site]:1 [Bin]:10292 [FullTime]:3600 [SkipTime]:0 [Veto1]:737.75 [Veto2]:754.601 [Veto3]:529.652 [Veto4]:529.652 [SgUp1]:57627 [SgUp2]:56880 [SgUp3]:0 [SgUp4]:0 [SgLow1]:57507 [SgLow2]:56783 [SgLow3]:0 [SgLow4]:0 [NetMuon1]:569719 [NetMuon2]:565636 [NetMuon3]:610723 [NetMuon4]:610723
[Run]:37645 [Site]:1 [Bin]:10293 [FullTime]:3600 [SkipTime]:0 [Veto1]:748.097 [Veto2]:744.99 [Veto3]:530.26 [Veto4]:530.26 [SgUp1]:57260 [SgUp2]:57590 [SgUp3]:0 [SgUp4]:0 [SgLow1]:57148 [SgLow2]:57476 [SgLow3]:0 [SgLow4]:0 [NetMuon1]:567885 [NetMuon2]:568411 [NetMuon3]:611331 [NetMuon4]:611331
[Run]:37645 [Site]:1 [Bin]:10294 [FullTime]:3600 [SkipTime]:0 [Veto1]:698.993 [Veto2]:764.828 [Veto3]:530.418 [Veto4]:530.418 [SgUp1]:58547 [SgUp2]:56880 [SgUp3]:0 [SgUp4]:0 [SgLow1]:58439 [SgLow2]:56772 [SgLow3]:0 [SgLow4]:0 [NetMuon1]:578002 [NetMuon2]:564618 [NetMuon3]:611599 [NetMuon4]:611599
[Run]:37645 [Site]:1 [Bin]:10295 [FullTime]:3600 [SkipTime]:0 [Veto1]:752.355 [Veto2]:723.94 [Veto3]:530.338 [Veto4]:530.338 [SgUp1]:56860 [SgUp2]:57610 [SgUp3]:0 [SgUp4]:0 [SgLow1]:56741 [SgLow2]:57487 [SgLow3]:0 [SgLow4]:0 [NetMuon1]:567372 [NetMuon2]:573284 [NetMuon3]:611575 [NetMuon4]:611575
[Run]:37645 [Site]:1 [Bin]:10296 [FullTime]:3600 [SkipTime]:0 [Veto1]:768.637 [Veto2]:737.711 [Veto3]:530.236 [Veto4]:530.236 [SgUp1]:56706 [SgUp2]:57300 [SgUp3]:0 [SgUp4]:0 [SgLow1]:56607 [SgLow2]:57203 [SgLow3]:0 [SgLow4]:0 [NetMuon1]:564050 [NetMuon2]:570779 [NetMuon3]:611768 [NetMuon4]:611768
[Run]:37645 [Site]:1 [Bin]:10297 [FullTime]:3600 [SkipTime]:0 [Veto1]:732.834 [Veto2]:736.339 [Veto3]:529.783 [Veto4]:529.783 [SgUp1]:57328 [SgUp2]:57218 [SgUp3]:0 [SgUp4]:0 [SgLow1]:57224 [SgLow2]:57125 [SgLow3]:0 [SgLow4]:0 [NetMuon1]:570367 [NetMuon2]:569587 [NetMuon3]:610729 [NetMuon4]:610729
[Run]:37645 [Site]:1 [Bin]:10298 [FullTime]:3600 [SkipTime]:0 [Veto1]:723.631 [Veto2]:749.707 [Veto3]:531.491 [Veto4]:531.491 [SgUp1]:57467 [SgUp2]:56817 [SgUp3]:0 [SgUp4]:0 [SgLow1]:57368 [SgLow2]:56710 [SgLow3]:0 [SgLow4]:0 [NetMuon1]:574465 [NetMuon2]:569154 [NetMuon3]:612698 [NetMuon4]:612698
[Run]:37645 [Site]:1 [Bin]:10299 [FullTime]:3600 [SkipTime]:0 [Veto1]:738.202 [Veto2]:747.48 [Veto3]:530.191 [Veto4]:530.191 [SgUp1]:57115 [SgUp2]:57122 [SgUp3]:0 [SgUp4]:0 [SgLow1]:57006 [SgLow2]:57035 [SgLow3]:0 [SgLow4]:0 [NetMuon1]:570001 [NetMuon2]:567771 [NetMuon3]:611379 [NetMuon4]:611379
[Run]:37645 [Site]:1 [Bin]:10300 [FullTime]:3600 [SkipTime]:0 [Veto1]:724.52 [Veto2]:731.961 [Veto3]:531.226 [Veto4]:531.226 [SgUp1]:57365 [SgUp2]:57014 [SgUp3]:0 [SgUp4]:0 [SgLow1]:57243 [SgLow2]:56899 [SgLow3]:0 [SgLow4]:0 [NetMuon1]:573932 [NetMuon2]:572352 [NetMuon3]:612466 [NetMuon4]:612466
[Run]:37645 [Site]:1 [Bin]:10301 [FullTime]:3600 [SkipTime]:0 [Veto1]:728.701 [Veto2]:746.403 [Veto3]:531.339 [Veto4]:531.339 [SgUp1]:57669 [SgUp2]:57120 [SgUp3]:0 [SgUp4]:0 [SgLow1]:57551 [SgLow2]:56996 [SgLow3]:0 [SgLow4]:0 [NetMuon1]:573042 [NetMuon2]:569210 [NetMuon3]:612400 [NetMuon4]:612400
[Run]:37645 [Site]:1 [Bin]:10302 [FullTime]:3600 [SkipTime]:0 [Veto1]:738.198 [Veto2]:734.973 [Veto3]:530.705 [Veto4]:530.705 [SgUp1]:57408 [SgUp2]:57415 [SgUp3]:0 [SgUp4]:0 [SgLow1]:57317 [SgLow2]:57322 [SgLow3]:0 [SgLow4]:0 [NetMuon1]:570433 [NetMuon2]:571418 [NetMuon3]:611939 [NetMuon4]:611939
[Run]:37645 [Site]:1 [Bin]:10303 [FullTime]:3600 [SkipTime]:0 [Veto1]:729.708 [Veto2]:739.97 [Veto3]:532.5 [Veto4]:532.5 [SgUp1]:57700 [SgUp2]:57117 [SgUp3]:0 [SgUp4]:0 [SgLow1]:57590 [SgLow2]:57013 [SgLow3]:0 [SgLow4]:0 [NetMuon1]:574607 [NetMuon2]:572307 [NetMuon3]:613749 [NetMuon4]:613749
[Run]:37645 [Site]:1 [Bin]:10304 [FullTime]:3600 [SkipTime]:0 [Veto1]:742.486 [Veto2]:751.396 [Veto3]:531.571 [Veto4]:531.571 [SgUp1]:57714 [SgUp2]:57025 [SgUp3]:0 [SgUp4]:0 [SgLow1]:57582 [SgLow2]:56932 [SgLow3]:0 [SgLow4]:0 [NetMuon1]:570650 [NetMuon2]:569266 [NetMuon3]:612819 [NetMuon4]:612819
[Run]:37645 [Site]:1 [Bin]:10305 [FullTime]:3600 [SkipTime]:0 [Veto1]:735.103 [Veto2]:740.013 [Veto3]:530.1 [Veto4]:530.1 [SgUp1]:57321 [SgUp2]:57113 [SgUp3]:0 [SgUp4]:0 [SgLow1]:57223 [SgLow2]:57009 [SgLow3]:0 [SgLow4]:0 [NetMuon1]:570563 [NetMuon2]:569089 [NetMuon3]:611230 [NetMuon4]:611230
[Run]:37645 [Site]:1 [Bin]:10306 [FullTime]:3600 [SkipTime]:0 [Veto1]:740.655 [Veto2]:728.052 [Veto3]:531.805 [Veto4]:531.805 [SgUp1]:57154 [SgUp2]:57837 [SgUp3]:0 [SgUp4]:0 [SgLow1]:57051 [SgLow2]:57734 [SgLow3]:0 [SgLow4]:0 [NetMuon1]:571512 [NetMuon2]:573675 [NetMuon3]:613245 [NetMuon4]:613245
[Run]:37645 [Site]:1 [Bin]:10307 [FullTime]:3600 [SkipTime]:0 [Veto1]:717.551 [Veto2]:738.636 [Veto3]:531.09 [Veto4]:531.09 [SgUp1]:57422 [SgUp2]:57160 [SgUp3]:0 [SgUp4]:0 [SgLow1]:57302 [SgLow2]:57069 [SgLow3]:0 [SgLow4]:0 [NetMuon1]:574800 [NetMuon2]:570448 [NetMuon3]:612066 [NetMuon4]:612066
[Run]:37645 [Site]:1 [Bin]:10308 [FullTime]:3600 [SkipTime]:0 [Veto1]:719.937 [Veto2]:743.491 [Veto3]:531.124 [Veto4]:531.124 [SgUp1]:57638 [SgUp2]:57471 [SgUp3]:0 [SgUp4]:0 [SgLow1]:57525 [SgLow2]:57353 [SgLow3]:0 [SgLow4]:0 [NetMuon1]:574475 [NetMuon2]:569999 [NetMuon3]:612267 [NetMuon4]:612267
[Run]:37645 [Site]:1 [Bin]:10309 [FullTime]:3600 [SkipTime]:0 [Veto1]:757.21 [Veto2]:747.626 [Veto3]:531.735 [Veto4]:531.735 [SgUp1]:57283 [SgUp2]:57023 [SgUp3]:0 [SgUp4]:0 [SgLow1]:57168 [SgLow2]:56923 [SgLow3]:0 [SgLow4]:0 [NetMuon1]:567812 [NetMuon2]:569821 [NetMuon3]:612787 [NetMuon4]:612787
[Run]:37645 [Site]:1 [Bin]:10310 [FullTime]:3599.99 [SkipTime]:0 [Veto1]:731.263 [Veto2]:750.13 [Veto3]:529.883 [Veto4]:529.883 [SgUp1]:57576 [SgUp2]:57133 [SgUp3]:0 [SgUp4]:0 [SgLow1]:57465 [SgLow2]:57013 [SgLow3]:0 [SgLow4]:0 [NetMuon1]:570623 [NetMuon2]:567533 [NetMuon3]:611028 [NetMuon4]:611028
[Run]:37645 [Site]:1 [Bin]:10311 [FullTime]:3600 [SkipTime]:0 [Veto1]:761.467 [Veto2]:753.348 [Veto3]:531.133 [Veto4]:531.133 [SgUp1]:56884 [SgUp2]:56828 [SgUp3]:0 [SgUp4]:0 [SgLow1]:56771 [SgLow2]:56730 [SgLow3]:0 [SgLow4]:0 [NetMuon1]:566449 [NetMuon2]:567884 [NetMuon3]:612408 [NetMuon4]:612408
[Run]:37645 [Site]:1 [Bin]:10312 [FullTime]:3600 [SkipTime]:0 [Veto1]:744.064 [Veto2]:757.391 [Veto3]:531.63 [Veto4]:531.63 [SgUp1]:57102 [SgUp2]:57038 [SgUp3]:0 [SgUp4]:0 [SgLow1]:57014 [SgLow2]:56942 [SgLow3]:0 [SgLow4]:0 [NetMuon1]:570135 [NetMuon2]:567579 [NetMuon3]:612775 [NetMuon4]:612775
[Run]:37645 [Site]:1 [Bin]:10313 [FullTime]:3600 [SkipTime]:0 [Veto1]:744.165 [Veto2]:746.276 [Veto3]:531.138 [Veto4]:531.138 [SgUp1]:56746 [SgUp2]:57279 [SgUp3]:0 [SgUp4]:0 [SgLow1]:56660 [SgLow2]:57158 [SgLow3]:0 [SgLow4]:0 [NetMuon1]:569819 [NetMuon2]:569737 [NetMuon3]:612467 [NetMuon4]:612467
[Run]:37645 [Site]:1 [Bin]:10314 [FullTime]:3600 [SkipTime]:0 [Veto1]:749.461 [Veto2]:745.727 [Veto3]:530.363 [Veto4]:530.363 [SgUp1]:56960 [SgUp2]:57285 [SgUp3]:0 [SgUp4]:0 [SgLow1]:56855 [SgLow2]:57192 [SgLow3]:0 [SgLow4]:0 [NetMuon1]:567411 [NetMuon2]:568568 [NetMuon3]:611437 [NetMuon4]:611437
[Run]:37645 [Site]:1 [Bin]:10315 [FullTime]:3600 [SkipTime]:0 [Veto1]:724.948 [Veto2]:735.705 [Veto3]:531.825 [Veto4]:531.825 [SgUp1]:57556 [SgUp2]:57533 [SgUp3]:0 [SgUp4]:0 [SgLow1]:57412 [SgLow2]:57433 [SgLow3]:0 [SgLow4]:0 [NetMuon1]:574367 [NetMuon2]:572296 [NetMuon3]:612940 [NetMuon4]:612940
[Run]:37645 [Site]:1 [Bin]:10316 [FullTime]:3600 [SkipTime]:0 [Veto1]:728.622 [Veto2]:751.478 [Veto3]:530.582 [Veto4]:530.582 [SgUp1]:57671 [SgUp2]:57136 [SgUp3]:0 [SgUp4]:0 [SgLow1]:57581 [SgLow2]:57018 [SgLow3]:0 [SgLow4]:0 [NetMuon1]:572794 [NetMuon2]:567549 [NetMuon3]:611991 [NetMuon4]:611991
[Run]:37645 [Site]:1 [Bin]:10317 [FullTime]:3600 [SkipTime]:0 [Veto1]:744.362 [Veto2]:735.977 [Veto3]:531.17 [Veto4]:531.17 [SgUp1]:57315 [SgUp2]:57509 [SgUp3]:0 [SgUp4]:0 [SgLow1]:57226 [SgLow2]:57399 [SgLow3]:0 [SgLow4]:0 [NetMuon1]:569932 [NetMuon2]:571437 [NetMuon3]:612464 [NetMuon4]:612464
[Run]:37645 [Site]:1 [Bin]:10318 [FullTime]:3600 [SkipTime]:0 [Veto1]:725.7 [Veto2]:736.265 [Veto3]:531.647 [Veto4]:531.647 [SgUp1]:57561 [SgUp2]:57319 [SgUp3]:0 [SgUp4]:0 [SgLow1]:57465 [SgLow2]:57223 [SgLow3]:0 [SgLow4]:0 [NetMuon1]:574157 [NetMuon2]:572188 [NetMuon3]:612645 [NetMuon4]:612645
[Run]:37645 [Site]:1 [Bin]:10319 [FullTime]:3600 [SkipTime]:0 [Veto1]:746.621 [Veto2]:735.799 [Veto3]:530.645 [Veto4]:530.645 [SgUp1]:57154 [SgUp2]:57680 [SgUp3]:0 [SgUp4]:0 [SgLow1]:57059 [SgLow2]:57570 [SgLow3]:0 [SgLow4]:0 [NetMuon1]:569171 [NetMuon2]:570727 [NetMuon3]:611834 [NetMuon4]:611834
[Run]:37645 [Site]:1 [Bin]:10320 [FullTime]:3600 [SkipTime]:0 [Veto1]:734.177 [Veto2]:766.062 [Veto3]:530.924 [Veto4]:530.924 [SgUp1]:58096 [SgUp2]:56878 [SgUp3]:0 [SgUp4]:0 [SgLow1]:57968 [SgLow2]:56780 [SgLow3]:0 [SgLow4]:0 [NetMuon1]:571732 [NetMuon2]:565323 [NetMuon3]:612232 [NetMuon4]:612232
[Run]:37645 [Site]:1 [Bin]:10321 [FullTime]:3600 [SkipTime]:0 [Veto1]:727.917 [Veto2]:758.612 [Veto3]:531.107 [Veto4]:531.107 [SgUp1]:57734 [SgUp2]:57071 [SgUp3]:0 [SgUp4]:0 [SgLow1]:57634 [SgLow2]:56955 [SgLow3]:0 [SgLow4]:0 [NetMuon1]:573374 [NetMuon2]:566869 [NetMuon3]:612339 [NetMuon4]:612339
[Run]:37645 [Site]:1 [Bin]:10322 [FullTime]:3600 [SkipTime]:0 [Veto1]:716.431 [Veto2]:727.857 [Veto3]:530.427 [Veto4]:530.427 [SgUp1]:58049 [SgUp2]:57735 [SgUp3]:0 [SgUp4]:0 [SgLow1]:57955 [SgLow2]:57651 [SgLow3]:0 [SgLow4]:0 [NetMuon1]:574619 [NetMuon2]:572281 [NetMuon3]:611572 [NetMuon4]:611572
[Run]:37645 [Site]:1 [Bin]:10323 [FullTime]:3600 [SkipTime]:0 [Veto1]:730.83 [Veto2]:748.07 [Veto3]:532.155 [Veto4]:532.155 [SgUp1]:57945 [SgUp2]:57067 [SgUp3]:0 [SgUp4]:0 [SgLow1]:57815 [SgLow2]:56944 [SgLow3]:0 [SgLow4]:0 [NetMuon1]:573873 [NetMuon2]:570699 [NetMuon3]:613800 [NetMuon4]:613800
[Run]:37645 [Site]:1 [Bin]:10324 [FullTime]:3600 [SkipTime]:0 [Veto1]:753.81 [Veto2]:739.876 [Veto3]:531.106 [Veto4]:531.106 [SgUp1]:57367 [SgUp2]:57289 [SgUp3]:0 [SgUp4]:0 [SgLow1]:57250 [SgLow2]:57188 [SgLow3]:0 [SgLow4]:0 [NetMuon1]:567414 [NetMuon2]:570428 [NetMuon3]:612098 [NetMuon4]:612098
[Run]:37645 [Site]:1 [Bin]:10325 [FullTime]:3600 [SkipTime]:0 [Veto1]:732.601 [Veto2]:746.028 [Veto3]:530.919 [Veto4]:530.919 [SgUp1]:57831 [SgUp2]:57083 [SgUp3]:0 [SgUp4]:0 [SgLow1]:57700 [SgLow2]:56987 [SgLow3]:0 [SgLow4]:0 [NetMuon1]:571659 [NetMuon2]:569034 [NetMuon3]:612001 [NetMuon4]:612001
[Run]:37645 [Site]:1 [Bin]:10326 [FullTime]:3600 [SkipTime]:0 [Veto1]:714.431 [Veto2]:717.561 [Veto3]:531.831 [Veto4]:531.831 [SgUp1]:57933 [SgUp2]:57401 [SgUp3]:0 [SgUp4]:0 [SgLow1]:57841 [SgLow2]:57280 [SgLow3]:0 [SgLow4]:0 [NetMuon1]:576320 [NetMuon2]:575737 [NetMuon3]:612784 [NetMuon4]:612784
[Run]:37645 [Site]:1 [Bin]:10327 [FullTime]:3600 [SkipTime]:0 [Veto1]:726.816 [Veto2]:749.458 [Veto3]:530.967 [Veto4]:530.967 [SgUp1]:58011 [SgUp2]:57057 [SgUp3]:0 [SgUp4]:0 [SgLow1]:57915 [SgLow2]:56967 [SgLow3]:0 [SgLow4]:0 [NetMuon1]:573194 [NetMuon2]:568715 [NetMuon3]:612273 [NetMuon4]:612273
[Run]:37645 [Site]:1 [Bin]:10328 [FullTime]:3600 [SkipTime]:0 [Veto1]:730.759 [Veto2]:739.791 [Veto3]:531.658 [Veto4]:531.658 [SgUp1]:57728 [SgUp2]:56781 [SgUp3]:0 [SgUp4]:0 [SgLow1]:57621 [SgLow2]:56668 [SgLow3]:0 [SgLow4]:0 [NetMuon1]:572905 [NetMuon2]:571328 [NetMuon3]:612783 [NetMuon4]:612783
[Run]:37645 [Site]:1 [Bin]:10329 [FullTime]:3600 [SkipTime]:0 [Veto1]:717.795 [Veto2]:737.79 [Veto3]:532.533 [Veto4]:532.533 [SgUp1]:57800 [SgUp2]:57303 [SgUp3]:0 [SgUp4]:0 [SgLow1]:57694 [SgLow2]:57190 [SgLow3]:0 [SgLow4]:0 [NetMuon1]:576642 [NetMuon2]:572867 [NetMuon3]:613603 [NetMuon4]:613603
[Run]:37645 [Site]:1 [Bin]:10330 [FullTime]:3600 [SkipTime]:0 [Veto1]:740.301 [Veto2]:742.007 [Veto3]:531.772 [Veto4]:531.772 [SgUp1]:57361 [SgUp2]:56822 [SgUp3]:0 [SgUp4]:0 [SgLow1]:57272 [SgLow2]:56702 [SgLow3]:0 [SgLow4]:0 [NetMuon1]:571487 [NetMuon2]:571274 [NetMuon3]:613142 [NetMuon4]:613142
[Run]:37645 [Site]:1 [Bin]:10331 [FullTime]:3600 [SkipTime]:0 [Veto1]:746.933 [Veto2]:752.061 [Veto3]:531.396 [Veto4]:531.396 [SgUp1]:57706 [SgUp2]:56594 [SgUp3]:0 [SgUp4]:0 [SgLow1]:57588 [SgLow2]:56503 [SgLow3]:0 [SgLow4]:0 [NetMuon1]:569791 [NetMuon2]:568569 [NetMuon3]:612540 [NetMuon4]:612540
[Run]:37645 [Site]:1 [Bin]:10332 [FullTime]:3600 [SkipTime]:0 [Veto1]:737.641 [Veto2]:735.826 [Veto3]:531.662 [Veto4]:531.662 [SgUp1]:57274 [SgUp2]:56657 [SgUp3]:0 [SgUp4]:0 [SgLow1]:57168 [SgLow2]:56563 [SgLow3]:0 [SgLow4]:0 [NetMuon1]:571922 [NetMuon2]:572235 [NetMuon3]:612957 [NetMuon4]:612957
[Run]:37645 [Site]:1 [Bin]:10333 [FullTime]:3600 [SkipTime]:0 [Veto1]:732.51 [Veto2]:718.876 [Veto3]:529.511 [Veto4]:529.511 [SgUp1]:57514 [SgUp2]:57371 [SgUp3]:0 [SgUp4]:0 [SgLow1]:57366 [SgLow2]:57258 [SgLow3]:0 [SgLow4]:0 [NetMuon1]:570009 [NetMuon2]:572770 [NetMuon3]:610455 [NetMuon4]:610455
[Run]:37645 [Site]:1 [Bin]:10334 [FullTime]:3600 [SkipTime]:0 [Veto1]:738.867 [Veto2]:729.75 [Veto3]:530.916 [Veto4]:530.916 [SgUp1]:57660 [SgUp2]:57264 [SgUp3]:0 [SgUp4]:0 [SgLow1]:57554 [SgLow2]:57161 [SgLow3]:0 [SgLow4]:0 [NetMuon1]:570477 [NetMuon2]:572410 [NetMuon3]:612066 [NetMuon4]:612066
[Run]:37645 [Site]:1 [Bin]:10335 [FullTime]:3600 [SkipTime]:0 [Veto1]:749.547 [Veto2]:744.106 [Veto3]:531.214 [Veto4]:531.214 [SgUp1]:57178 [SgUp2]:57028 [SgUp3]:0 [SgUp4]:0 [SgLow1]:57061 [SgLow2]:56930 [SgLow3]:0 [SgLow4]:0 [NetMuon1]:569359 [NetMuon2]:569856 [NetMuon3]:612553 [NetMuon4]:612553
[Run]:37645 [Site]:1 [Bin]:10336 [FullTime]:3600 [SkipTime]:0 [Veto1]:733.319 [Veto2]:734.398 [Veto3]:531.358 [Veto4]:531.358 [SgUp1]:57863 [SgUp2]:57260 [SgUp3]:0 [SgUp4]:0 [SgLow1]:57744 [SgLow2]:57161 [SgLow3]:0 [SgLow4]:0 [NetMuon1]:572485 [NetMuon2]:572205 [NetMuon3]:612797 [NetMuon4]:612797
[Run]:37645 [Site]:1 [Bin]:10337 [FullTime]:3600 [SkipTime]:0 [Veto1]:732.738 [Veto2]:778.485 [Veto3]:531.917 [Veto4]:531.917 [SgUp1]:57771 [SgUp2]:56160 [SgUp3]:0 [SgUp4]:0 [SgLow1]:57649 [SgLow2]:56038 [SgLow3]:0 [SgLow4]:0 [NetMuon1]:573286 [NetMuon2]:563947 [NetMuon3]:613335 [NetMuon4]:613335
[Run]:37645 [Site]:1 [Bin]:10338 [FullTime]:3600 [SkipTime]:0 [Veto1]:721.412 [Veto2]:748.578 [Veto3]:529.808 [Veto4]:529.808 [SgUp1]:57602 [SgUp2]:56702 [SgUp3]:0 [SgUp4]:0 [SgLow1]:57495 [SgLow2]:56594 [SgLow3]:0 [SgLow4]:0 [NetMuon1]:572995 [NetMuon2]:567527 [NetMuon3]:611176 [NetMuon4]:611176
[Run]:37645 [Site]:1 [Bin]:10339 [FullTime]:3600 [SkipTime]:0 [Veto1]:725.7 [Veto2]:739.134 [Veto3]:530.159 [Veto4]:530.159 [SgUp1]:57989 [SgUp2]:56803 [SgUp3]:0 [SgUp4]:0 [SgLow1]:57883 [SgLow2]:56695 [SgLow3]:0 [SgLow4]:0 [NetMuon1]:572013 [NetMuon2]:569846 [NetMuon3]:611362 [NetMuon4]:611362
[Run]:37645 [Site]:1 [Bin]:10340 [FullTime]:3600 [SkipTime]:0 [Veto1]:736.425 [Veto2]:733.215 [Veto3]:531.841 [Veto4]:531.841 [SgUp1]:57627 [SgUp2]:57346 [SgUp3]:0 [SgUp4]:0 [SgLow1]:57514 [SgLow2]:57263 [SgLow3]:0 [SgLow4]:0 [NetMuon1]:572204 [NetMuon2]:572734 [NetMuon3]:613137 [NetMuon4]:613137
[Run]:37645 [Site]:1 [Bin]:10341 [FullTime]:3600 [SkipTime]:0 [Veto1]:741.949 [Veto2]:765.854 [Veto3]:531.568 [Veto4]:531.568 [SgUp1]:57844 [SgUp2]:56695 [SgUp3]:0 [SgUp4]:0 [SgLow1]:57708 [SgLow2]:56577 [SgLow3]:0 [SgLow4]:0 [NetMuon1]:570387 [NetMuon2]:566047 [NetMuon3]:612439 [NetMuon4]:612439
[Run]:37645 [Site]:1 [Bin]:10342 [FullTime]:3600 [SkipTime]:0 [Veto1]:740.506 [Veto2]:754.328 [Veto3]:531.086 [Veto4]:531.086 [SgUp1]:57577 [SgUp2]:56537 [SgUp3]:0 [SgUp4]:0 [SgLow1]:57459 [SgLow2]:56437 [SgLow3]:0 [SgLow4]:0 [NetMuon1]:570859 [NetMuon2]:568010 [NetMuon3]:612355 [NetMuon4]:612355
[Run]:37645 [Site]:1 [Bin]:10343 [FullTime]:3600 [SkipTime]:0 [Veto1]:730.931 [Veto2]:732.217 [Veto3]:531.095 [Veto4]:531.095 [SgUp1]:58038 [SgUp2]:57486 [SgUp3]:0 [SgUp4]:0 [SgLow1]:57934 [SgLow2]:57370 [SgLow3]:0 [SgLow4]:0 [NetMuon1]:572495 [NetMuon2]:572189 [NetMuon3]:612358 [NetMuon4]:612358
[Run]:37645 [Site]:1 [Bin]:10344 [FullTime]:3600 [SkipTime]:0 [Veto1]:743.988 [Veto2]:756.51 [Veto3]:532.413 [Veto4]:532.413 [SgUp1]:57274 [SgUp2]:56768 [SgUp3]:0 [SgUp4]:0 [SgLow1]:57181 [SgLow2]:56645 [SgLow3]:0 [SgLow4]:0 [NetMuon1]:571449 [NetMuon2]:569167 [NetMuon3]:613994 [NetMuon4]:613994
End process Run: 37645 ... 
[Run]:37645 [Site]:1 [Bin]:10345 [FullTime]:926.458 [SkipTime]:0 [Veto1]:191.254 [Veto2]:189.537 [Veto3]:136.977 [Veto4]:136.977
