StreamChain add 0x75427f0
Start to process run: 38561 ... 
[Run]:38561 [Site]:1 [Bin]:11520 [FullTime]:419.819 [SkipTime]:0 [Veto1]:83.5725 [Veto2]:83.4612 [Veto3]:61.9878 [Veto4]:61.9878 [SgUp1]:6893 [SgUp2]:6550 [SgUp3]:0 [SgUp4]:0 [SgLow1]:6879 [SgLow2]:6546 [SgLow3]:0 [SgLow4]:0 [NetMuon1]:67143 [NetMuon2]:67141 [NetMuon3]:71394 [NetMuon4]:71394
[Run]:38561 [Site]:1 [Bin]:11521 [FullTime]:3600 [SkipTime]:0 [Veto1]:742.078 [Veto2]:745.914 [Veto3]:532.293 [Veto4]:532.293 [SgUp1]:57957 [SgUp2]:56683 [SgUp3]:0 [SgUp4]:0 [SgLow1]:57869 [SgLow2]:56617 [SgLow3]:0 [SgLow4]:0 [NetMuon1]:571833 [NetMuon2]:570866 [NetMuon3]:613621 [NetMuon4]:613621
[Run]:38561 [Site]:1 [Bin]:11522 [FullTime]:3600 [SkipTime]:0 [Veto1]:732.511 [Veto2]:740.859 [Veto3]:532.001 [Veto4]:532.001 [SgUp1]:57551 [SgUp2]:56815 [SgUp3]:0 [SgUp4]:0 [SgLow1]:57450 [SgLow2]:56734 [SgLow3]:0 [SgLow4]:0 [NetMuon1]:572953 [NetMuon2]:571373 [NetMuon3]:613090 [NetMuon4]:613090
[Run]:38561 [Site]:1 [Bin]:11523 [FullTime]:3600 [SkipTime]:0 [Veto1]:743.121 [Veto2]:743.611 [Veto3]:532.594 [Veto4]:532.594 [SgUp1]:57496 [SgUp2]:56942 [SgUp3]:0 [SgUp4]:0 [SgLow1]:57412 [SgLow2]:56844 [SgLow3]:0 [SgLow4]:0 [NetMuon1]:571791 [NetMuon2]:572078 [NetMuon3]:613873 [NetMuon4]:613873
[Run]:38561 [Site]:1 [Bin]:11524 [FullTime]:3600 [SkipTime]:0 [Veto1]:730.106 [Veto2]:761.536 [Veto3]:532.935 [Veto4]:532.935 [SgUp1]:57525 [SgUp2]:56872 [SgUp3]:0 [SgUp4]:0 [SgLow1]:57425 [SgLow2]:56783 [SgLow3]:0 [SgLow4]:0 [NetMuon1]:574968 [NetMuon2]:568200 [NetMuon3]:614039 [NetMuon4]:614039
[Run]:38561 [Site]:1 [Bin]:11525 [FullTime]:3600 [SkipTime]:0 [Veto1]:736.331 [Veto2]:750.898 [Veto3]:533.125 [Veto4]:533.125 [SgUp1]:57716 [SgUp2]:56548 [SgUp3]:0 [SgUp4]:0 [SgLow1]:57616 [SgLow2]:56458 [SgLow3]:0 [SgLow4]:0 [NetMuon1]:574105 [NetMuon2]:570534 [NetMuon3]:614337 [NetMuon4]:614337
[Run]:38561 [Site]:1 [Bin]:11526 [FullTime]:3600 [SkipTime]:0 [Veto1]:722.138 [Veto2]:728.851 [Veto3]:531.544 [Veto4]:531.544 [SgUp1]:57357 [SgUp2]:57364 [SgUp3]:0 [SgUp4]:0 [SgLow1]:57288 [SgLow2]:57259 [SgLow3]:0 [SgLow4]:0 [NetMuon1]:574938 [NetMuon2]:573596 [NetMuon3]:613037 [NetMuon4]:613037
[Run]:38561 [Site]:1 [Bin]:11527 [FullTime]:3600 [SkipTime]:0 [Veto1]:719.501 [Veto2]:760.34 [Veto3]:532.299 [Veto4]:532.299 [SgUp1]:57818 [SgUp2]:57153 [SgUp3]:0 [SgUp4]:0 [SgLow1]:57737 [SgLow2]:57060 [SgLow3]:0 [SgLow4]:0 [NetMuon1]:576083 [NetMuon2]:568139 [NetMuon3]:613414 [NetMuon4]:613414
[Run]:38561 [Site]:1 [Bin]:11528 [FullTime]:3600.01 [SkipTime]:0 [Veto1]:731.629 [Veto2]:758.059 [Veto3]:531.751 [Veto4]:531.751 [SgUp1]:56965 [SgUp2]:56795 [SgUp3]:0 [SgUp4]:0 [SgLow1]:56887 [SgLow2]:56702 [SgLow3]:0 [SgLow4]:0 [NetMuon1]:573324 [NetMuon2]:567820 [NetMuon3]:612990 [NetMuon4]:612990
[Run]:38561 [Site]:1 [Bin]:11529 [FullTime]:3600 [SkipTime]:0 [Veto1]:735.423 [Veto2]:734.536 [Veto3]:532.142 [Veto4]:532.142 [SgUp1]:57569 [SgUp2]:57178 [SgUp3]:0 [SgUp4]:0 [SgLow1]:57484 [SgLow2]:57102 [SgLow3]:0 [SgLow4]:0 [NetMuon1]:572419 [NetMuon2]:572240 [NetMuon3]:613102 [NetMuon4]:613102
[Run]:38561 [Site]:1 [Bin]:11530 [FullTime]:3600 [SkipTime]:0 [Veto1]:742.394 [Veto2]:734.77 [Veto3]:532.42 [Veto4]:532.42 [SgUp1]:57593 [SgUp2]:57175 [SgUp3]:0 [SgUp4]:0 [SgLow1]:57521 [SgLow2]:57085 [SgLow3]:0 [SgLow4]:0 [NetMuon1]:571966 [NetMuon2]:573131 [NetMuon3]:613650 [NetMuon4]:613650
[Run]:38561 [Site]:1 [Bin]:11531 [FullTime]:3600 [SkipTime]:0 [Veto1]:721.68 [Veto2]:730.708 [Veto3]:532.278 [Veto4]:532.278 [SgUp1]:57644 [SgUp2]:57251 [SgUp3]:0 [SgUp4]:0 [SgLow1]:57534 [SgLow2]:57161 [SgLow3]:0 [SgLow4]:0 [NetMuon1]:575558 [NetMuon2]:573973 [NetMuon3]:613778 [NetMuon4]:613778
[Run]:38561 [Site]:1 [Bin]:11532 [FullTime]:3600 [SkipTime]:0 [Veto1]:742.832 [Veto2]:783.215 [Veto3]:532.384 [Veto4]:532.384 [SgUp1]:56621 [SgUp2]:55913 [SgUp3]:0 [SgUp4]:0 [SgLow1]:56543 [SgLow2]:55829 [SgLow3]:0 [SgLow4]:0 [NetMuon1]:571434 [NetMuon2]:563272 [NetMuon3]:613481 [NetMuon4]:613481
[Run]:38561 [Site]:1 [Bin]:11533 [FullTime]:3600 [SkipTime]:0 [Veto1]:725.595 [Veto2]:745.331 [Veto3]:530.869 [Veto4]:530.869 [SgUp1]:57830 [SgUp2]:57139 [SgUp3]:0 [SgUp4]:0 [SgLow1]:57733 [SgLow2]:57066 [SgLow3]:0 [SgLow4]:0 [NetMuon1]:573366 [NetMuon2]:569188 [NetMuon3]:612038 [NetMuon4]:612038
[Run]:38561 [Site]:1 [Bin]:11534 [FullTime]:3600 [SkipTime]:0 [Veto1]:741.424 [Veto2]:732.38 [Veto3]:531.085 [Veto4]:531.085 [SgUp1]:57691 [SgUp2]:57031 [SgUp3]:0 [SgUp4]:0 [SgLow1]:57609 [SgLow2]:56951 [SgLow3]:0 [SgLow4]:0 [NetMuon1]:570509 [NetMuon2]:572022 [NetMuon3]:612331 [NetMuon4]:612331
[Run]:38561 [Site]:1 [Bin]:11535 [FullTime]:3600 [SkipTime]:0 [Veto1]:726.933 [Veto2]:747.967 [Veto3]:530.73 [Veto4]:530.73 [SgUp1]:57926 [SgUp2]:57256 [SgUp3]:0 [SgUp4]:0 [SgLow1]:57846 [SgLow2]:57159 [SgLow3]:0 [SgLow4]:0 [NetMuon1]:572370 [NetMuon2]:568337 [NetMuon3]:611407 [NetMuon4]:611407
[Run]:38561 [Site]:1 [Bin]:11536 [FullTime]:3600 [SkipTime]:0 [Veto1]:727.661 [Veto2]:725.169 [Veto3]:531.212 [Veto4]:531.212 [SgUp1]:57570 [SgUp2]:56943 [SgUp3]:0 [SgUp4]:0 [SgLow1]:57497 [SgLow2]:56843 [SgLow3]:0 [SgLow4]:0 [NetMuon1]:573034 [NetMuon2]:573553 [NetMuon3]:612285 [NetMuon4]:612285
[Run]:38561 [Site]:1 [Bin]:11537 [FullTime]:3600 [SkipTime]:0 [Veto1]:737.833 [Veto2]:731.82 [Veto3]:531.775 [Veto4]:531.775 [SgUp1]:57424 [SgUp2]:57277 [SgUp3]:0 [SgUp4]:0 [SgLow1]:57345 [SgLow2]:57204 [SgLow3]:0 [SgLow4]:0 [NetMuon1]:571830 [NetMuon2]:572546 [NetMuon3]:612750 [NetMuon4]:612750
[Run]:38561 [Site]:1 [Bin]:11538 [FullTime]:3600 [SkipTime]:0 [Veto1]:743.896 [Veto2]:734.868 [Veto3]:532.106 [Veto4]:532.106 [SgUp1]:57213 [SgUp2]:57194 [SgUp3]:0 [SgUp4]:0 [SgLow1]:57131 [SgLow2]:57132 [SgLow3]:0 [SgLow4]:0 [NetMuon1]:570788 [NetMuon2]:572738 [NetMuon3]:613246 [NetMuon4]:613246
[Run]:38561 [Site]:1 [Bin]:11539 [FullTime]:3600 [SkipTime]:0 [Veto1]:730.074 [Veto2]:742.328 [Veto3]:531.473 [Veto4]:531.473 [SgUp1]:57641 [SgUp2]:57156 [SgUp3]:0 [SgUp4]:0 [SgLow1]:57535 [SgLow2]:57083 [SgLow3]:0 [SgLow4]:0 [NetMuon1]:572918 [NetMuon2]:570571 [NetMuon3]:612504 [NetMuon4]:612504
[Run]:38561 [Site]:1 [Bin]:11540 [FullTime]:3600 [SkipTime]:0 [Veto1]:738.205 [Veto2]:746.544 [Veto3]:531.317 [Veto4]:531.317 [SgUp1]:57693 [SgUp2]:57136 [SgUp3]:0 [SgUp4]:0 [SgLow1]:57618 [SgLow2]:57072 [SgLow3]:0 [SgLow4]:0 [NetMuon1]:571044 [NetMuon2]:569672 [NetMuon3]:612606 [NetMuon4]:612606
[Run]:38561 [Site]:1 [Bin]:11541 [FullTime]:3600 [SkipTime]:0 [Veto1]:737.366 [Veto2]:747.135 [Veto3]:532.329 [Veto4]:532.329 [SgUp1]:57425 [SgUp2]:56631 [SgUp3]:0 [SgUp4]:0 [SgLow1]:57321 [SgLow2]:56546 [SgLow3]:0 [SgLow4]:0 [NetMuon1]:572835 [NetMuon2]:570766 [NetMuon3]:613761 [NetMuon4]:613761
[Run]:38561 [Site]:1 [Bin]:11542 [FullTime]:3600 [SkipTime]:0 [Veto1]:721.06 [Veto2]:745.912 [Veto3]:530.901 [Veto4]:530.901 [SgUp1]:58069 [SgUp2]:57161 [SgUp3]:0 [SgUp4]:0 [SgLow1]:57970 [SgLow2]:57086 [SgLow3]:0 [SgLow4]:0 [NetMuon1]:573823 [NetMuon2]:569165 [NetMuon3]:612064 [NetMuon4]:612064
[Run]:38561 [Site]:1 [Bin]:11543 [FullTime]:3600 [SkipTime]:0 [Veto1]:730.607 [Veto2]:753.527 [Veto3]:530.597 [Veto4]:530.597 [SgUp1]:57646 [SgUp2]:57151 [SgUp3]:0 [SgUp4]:0 [SgLow1]:57566 [SgLow2]:57069 [SgLow3]:0 [SgLow4]:0 [NetMuon1]:571977 [NetMuon2]:567630 [NetMuon3]:612010 [NetMuon4]:612010
[Run]:38561 [Site]:1 [Bin]:11544 [FullTime]:3600 [SkipTime]:0 [Veto1]:742.868 [Veto2]:741.886 [Veto3]:530.531 [Veto4]:530.531 [SgUp1]:57495 [SgUp2]:56796 [SgUp3]:0 [SgUp4]:0 [SgLow1]:57395 [SgLow2]:56703 [SgLow3]:0 [SgLow4]:0 [NetMuon1]:569094 [NetMuon2]:569313 [NetMuon3]:611502 [NetMuon4]:611502
[Run]:38561 [Site]:1 [Bin]:11545 [FullTime]:3600 [SkipTime]:0 [Veto1]:744.572 [Veto2]:751.244 [Veto3]:531.797 [Veto4]:531.797 [SgUp1]:57515 [SgUp2]:56745 [SgUp3]:0 [SgUp4]:0 [SgLow1]:57442 [SgLow2]:56661 [SgLow3]:0 [SgLow4]:0 [NetMuon1]:570755 [NetMuon2]:569085 [NetMuon3]:613083 [NetMuon4]:613083
[Run]:38561 [Site]:1 [Bin]:11546 [FullTime]:3600 [SkipTime]:0 [Veto1]:737.348 [Veto2]:738.619 [Veto3]:532.07 [Veto4]:532.07 [SgUp1]:57185 [SgUp2]:57261 [SgUp3]:0 [SgUp4]:0 [SgLow1]:57107 [SgLow2]:57170 [SgLow3]:0 [SgLow4]:0 [NetMuon1]:571928 [NetMuon2]:571933 [NetMuon3]:613365 [NetMuon4]:613365
[Run]:38561 [Site]:1 [Bin]:11547 [FullTime]:3600 [SkipTime]:0 [Veto1]:740.633 [Veto2]:746.5 [Veto3]:532.66 [Veto4]:532.66 [SgUp1]:57857 [SgUp2]:57042 [SgUp3]:0 [SgUp4]:0 [SgLow1]:57787 [SgLow2]:56964 [SgLow3]:0 [SgLow4]:0 [NetMuon1]:572637 [NetMuon2]:571252 [NetMuon3]:613981 [NetMuon4]:613981
[Run]:38561 [Site]:1 [Bin]:11548 [FullTime]:3600 [SkipTime]:0 [Veto1]:731.256 [Veto2]:736.979 [Veto3]:531.413 [Veto4]:531.413 [SgUp1]:57907 [SgUp2]:57702 [SgUp3]:0 [SgUp4]:0 [SgLow1]:57845 [SgLow2]:57613 [SgLow3]:0 [SgLow4]:0 [NetMuon1]:572275 [NetMuon2]:571389 [NetMuon3]:612357 [NetMuon4]:612357
[Run]:38561 [Site]:1 [Bin]:11549 [FullTime]:3600 [SkipTime]:0 [Veto1]:749.981 [Veto2]:761.173 [Veto3]:531.864 [Veto4]:531.864 [SgUp1]:57276 [SgUp2]:56801 [SgUp3]:0 [SgUp4]:0 [SgLow1]:57191 [SgLow2]:56717 [SgLow3]:0 [SgLow4]:0 [NetMuon1]:569653 [NetMuon2]:567607 [NetMuon3]:613072 [NetMuon4]:613072
[Run]:38561 [Site]:1 [Bin]:11550 [FullTime]:3600 [SkipTime]:0 [Veto1]:745.752 [Veto2]:764.85 [Veto3]:532.157 [Veto4]:532.157 [SgUp1]:57394 [SgUp2]:56857 [SgUp3]:0 [SgUp4]:0 [SgLow1]:57304 [SgLow2]:56779 [SgLow3]:0 [SgLow4]:0 [NetMuon1]:570812 [NetMuon2]:566727 [NetMuon3]:613521 [NetMuon4]:613521
[Run]:38561 [Site]:1 [Bin]:11551 [FullTime]:3600 [SkipTime]:0 [Veto1]:730.841 [Veto2]:753.807 [Veto3]:532.481 [Veto4]:532.481 [SgUp1]:57385 [SgUp2]:57175 [SgUp3]:0 [SgUp4]:0 [SgLow1]:57314 [SgLow2]:57081 [SgLow3]:0 [SgLow4]:0 [NetMuon1]:574067 [NetMuon2]:569763 [NetMuon3]:613727 [NetMuon4]:613727
[Run]:38561 [Site]:1 [Bin]:11552 [FullTime]:3600 [SkipTime]:0 [Veto1]:741.684 [Veto2]:764.849 [Veto3]:532.684 [Veto4]:532.684 [SgUp1]:57210 [SgUp2]:56627 [SgUp3]:0 [SgUp4]:0 [SgLow1]:57124 [SgLow2]:56537 [SgLow3]:0 [SgLow4]:0 [NetMuon1]:571703 [NetMuon2]:567060 [NetMuon3]:613466 [NetMuon4]:613466
[Run]:38561 [Site]:1 [Bin]:11553 [FullTime]:3600 [SkipTime]:0 [Veto1]:730.096 [Veto2]:754.111 [Veto3]:531.565 [Veto4]:531.565 [SgUp1]:57399 [SgUp2]:56978 [SgUp3]:0 [SgUp4]:0 [SgLow1]:57320 [SgLow2]:56898 [SgLow3]:0 [SgLow4]:0 [NetMuon1]:572889 [NetMuon2]:568050 [NetMuon3]:612810 [NetMuon4]:612810
[Run]:38561 [Site]:1 [Bin]:11554 [FullTime]:3600 [SkipTime]:0 [Veto1]:730.335 [Veto2]:739.583 [Veto3]:531.369 [Veto4]:531.369 [SgUp1]:57227 [SgUp2]:57083 [SgUp3]:0 [SgUp4]:0 [SgLow1]:57137 [SgLow2]:56978 [SgLow3]:0 [SgLow4]:0 [NetMuon1]:573105 [NetMuon2]:571293 [NetMuon3]:612723 [NetMuon4]:612723
[Run]:38561 [Site]:1 [Bin]:11555 [FullTime]:3600 [SkipTime]:0 [Veto1]:733.212 [Veto2]:741.771 [Veto3]:531.057 [Veto4]:531.057 [SgUp1]:57860 [SgUp2]:57936 [SgUp3]:0 [SgUp4]:0 [SgLow1]:57795 [SgLow2]:57829 [SgLow3]:0 [SgLow4]:0 [NetMuon1]:571687 [NetMuon2]:570195 [NetMuon3]:612011 [NetMuon4]:612011
[Run]:38561 [Site]:1 [Bin]:11556 [FullTime]:3600 [SkipTime]:0 [Veto1]:727.026 [Veto2]:727.702 [Veto3]:531.499 [Veto4]:531.499 [SgUp1]:57070 [SgUp2]:57590 [SgUp3]:0 [SgUp4]:0 [SgLow1]:57006 [SgLow2]:57508 [SgLow3]:0 [SgLow4]:0 [NetMuon1]:573486 [NetMuon2]:573260 [NetMuon3]:612561 [NetMuon4]:612561
[Run]:38561 [Site]:1 [Bin]:11557 [FullTime]:3600 [SkipTime]:0 [Veto1]:755.785 [Veto2]:723.574 [Veto3]:530.734 [Veto4]:530.734 [SgUp1]:56744 [SgUp2]:57823 [SgUp3]:0 [SgUp4]:0 [SgLow1]:56673 [SgLow2]:57719 [SgLow3]:0 [SgLow4]:0 [NetMuon1]:567108 [NetMuon2]:573693 [NetMuon3]:612046 [NetMuon4]:612046
[Run]:38561 [Site]:1 [Bin]:11558 [FullTime]:3600 [SkipTime]:0 [Veto1]:734.754 [Veto2]:733.981 [Veto3]:531.562 [Veto4]:531.562 [SgUp1]:57209 [SgUp2]:57551 [SgUp3]:0 [SgUp4]:0 [SgLow1]:57149 [SgLow2]:57480 [SgLow3]:0 [SgLow4]:0 [NetMuon1]:572278 [NetMuon2]:572038 [NetMuon3]:612604 [NetMuon4]:612604
[Run]:38561 [Site]:1 [Bin]:11559 [FullTime]:3600 [SkipTime]:0 [Veto1]:739.199 [Veto2]:741.482 [Veto3]:531.352 [Veto4]:531.352 [SgUp1]:57213 [SgUp2]:57114 [SgUp3]:0 [SgUp4]:0 [SgLow1]:57135 [SgLow2]:57043 [SgLow3]:0 [SgLow4]:0 [NetMuon1]:570950 [NetMuon2]:570468 [NetMuon3]:612573 [NetMuon4]:612573
[Run]:38561 [Site]:1 [Bin]:11560 [FullTime]:3600 [SkipTime]:0 [Veto1]:732.96 [Veto2]:744.601 [Veto3]:531.833 [Veto4]:531.833 [SgUp1]:57445 [SgUp2]:56809 [SgUp3]:0 [SgUp4]:0 [SgLow1]:57350 [SgLow2]:56730 [SgLow3]:0 [SgLow4]:0 [NetMuon1]:572858 [NetMuon2]:570401 [NetMuon3]:612981 [NetMuon4]:612981
[Run]:38561 [Site]:1 [Bin]:11561 [FullTime]:3600 [SkipTime]:0 [Veto1]:738.095 [Veto2]:751.844 [Veto3]:531.717 [Veto4]:531.717 [SgUp1]:57362 [SgUp2]:56917 [SgUp3]:0 [SgUp4]:0 [SgLow1]:57287 [SgLow2]:56820 [SgLow3]:0 [SgLow4]:0 [NetMuon1]:571630 [NetMuon2]:568618 [NetMuon3]:612816 [NetMuon4]:612816
[Run]:38561 [Site]:1 [Bin]:11562 [FullTime]:3600 [SkipTime]:0 [Veto1]:734.645 [Veto2]:750.071 [Veto3]:531.051 [Veto4]:531.051 [SgUp1]:57306 [SgUp2]:57732 [SgUp3]:0 [SgUp4]:0 [SgLow1]:57217 [SgLow2]:57637 [SgLow3]:0 [SgLow4]:0 [NetMuon1]:571350 [NetMuon2]:568330 [NetMuon3]:611955 [NetMuon4]:611955
[Run]:38561 [Site]:1 [Bin]:11563 [FullTime]:3600 [SkipTime]:0 [Veto1]:740.361 [Veto2]:753.915 [Veto3]:531.602 [Veto4]:531.602 [SgUp1]:56994 [SgUp2]:57119 [SgUp3]:0 [SgUp4]:0 [SgLow1]:56915 [SgLow2]:57047 [SgLow3]:0 [SgLow4]:0 [NetMuon1]:571108 [NetMuon2]:568262 [NetMuon3]:612885 [NetMuon4]:612885
[Run]:38561 [Site]:1 [Bin]:11564 [FullTime]:3600 [SkipTime]:0 [Veto1]:745.729 [Veto2]:752.971 [Veto3]:531.827 [Veto4]:531.827 [SgUp1]:56990 [SgUp2]:57293 [SgUp3]:0 [SgUp4]:0 [SgLow1]:56909 [SgLow2]:57215 [SgLow3]:0 [SgLow4]:0 [NetMuon1]:570149 [NetMuon2]:569005 [NetMuon3]:612965 [NetMuon4]:612965
[Run]:38561 [Site]:1 [Bin]:11565 [FullTime]:3600 [SkipTime]:0 [Veto1]:734.254 [Veto2]:731.142 [Veto3]:532.057 [Veto4]:532.057 [SgUp1]:57468 [SgUp2]:57451 [SgUp3]:0 [SgUp4]:0 [SgLow1]:57376 [SgLow2]:57353 [SgLow3]:0 [SgLow4]:0 [NetMuon1]:572689 [NetMuon2]:573317 [NetMuon3]:613212 [NetMuon4]:613212
[Run]:38561 [Site]:1 [Bin]:11566 [FullTime]:3600 [SkipTime]:0 [Veto1]:726.63 [Veto2]:759.466 [Veto3]:532.658 [Veto4]:532.658 [SgUp1]:57447 [SgUp2]:56605 [SgUp3]:0 [SgUp4]:0 [SgLow1]:57381 [SgLow2]:56516 [SgLow3]:0 [SgLow4]:0 [NetMuon1]:574790 [NetMuon2]:568283 [NetMuon3]:613690 [NetMuon4]:613690
[Run]:38561 [Site]:1 [Bin]:11567 [FullTime]:3600 [SkipTime]:0 [Veto1]:720.241 [Veto2]:744.201 [Veto3]:531.855 [Veto4]:531.855 [SgUp1]:57023 [SgUp2]:56738 [SgUp3]:0 [SgUp4]:0 [SgLow1]:56931 [SgLow2]:56661 [SgLow3]:0 [SgLow4]:0 [NetMuon1]:575663 [NetMuon2]:570579 [NetMuon3]:613055 [NetMuon4]:613055
End process Run: 38561 ... 
[Run]:38561 [Site]:1 [Bin]:11568 [FullTime]:1910.12 [SkipTime]:0 [Veto1]:386.233 [Veto2]:388.328 [Veto3]:281.963 [Veto4]:281.963
