StreamChain add 0x19f367f0
Start to process run: 38169 ... 
[Run]:38169 [Site]:1 [Bin]:11023 [FullTime]:1133.39 [SkipTime]:0 [Veto1]:223.874 [Veto2]:242.751 [Veto3]:168.156 [Veto4]:168.156 [SgUp1]:18247 [SgUp2]:17819 [SgUp3]:0 [SgUp4]:0 [SgLow1]:18214 [SgLow2]:17772 [SgLow3]:0 [SgLow4]:0 [NetMuon1]:182394 [NetMuon2]:178923 [NetMuon3]:193752 [NetMuon4]:193752
[Run]:38169 [Site]:1 [Bin]:11024 [FullTime]:3600 [SkipTime]:0 [Veto1]:741.002 [Veto2]:747.31 [Veto3]:533.902 [Veto4]:533.902 [SgUp1]:57121 [SgUp2]:56843 [SgUp3]:0 [SgUp4]:0 [SgLow1]:57007 [SgLow2]:56719 [SgLow3]:0 [SgLow4]:0 [NetMuon1]:573776 [NetMuon2]:572372 [NetMuon3]:615400 [NetMuon4]:615400
[Run]:38169 [Site]:1 [Bin]:11025 [FullTime]:3600 [SkipTime]:0 [Veto1]:717.594 [Veto2]:744.215 [Veto3]:533.625 [Veto4]:533.625 [SgUp1]:57782 [SgUp2]:56775 [SgUp3]:0 [SgUp4]:0 [SgLow1]:57662 [SgLow2]:56681 [SgLow3]:0 [SgLow4]:0 [NetMuon1]:578208 [NetMuon2]:573023 [NetMuon3]:614986 [NetMuon4]:614986
[Run]:38169 [Site]:1 [Bin]:11026 [FullTime]:3600 [SkipTime]:0 [Veto1]:722.199 [Veto2]:750.909 [Veto3]:533.618 [Veto4]:533.618 [SgUp1]:57984 [SgUp2]:56436 [SgUp3]:0 [SgUp4]:0 [SgLow1]:57877 [SgLow2]:56324 [SgLow3]:0 [SgLow4]:0 [NetMuon1]:576903 [NetMuon2]:571461 [NetMuon3]:615137 [NetMuon4]:615137
[Run]:38169 [Site]:1 [Bin]:11027 [FullTime]:3600 [SkipTime]:0 [Veto1]:742.289 [Veto2]:754.186 [Veto3]:533.296 [Veto4]:533.296 [SgUp1]:57137 [SgUp2]:56446 [SgUp3]:0 [SgUp4]:0 [SgLow1]:57023 [SgLow2]:56355 [SgLow3]:0 [SgLow4]:0 [NetMuon1]:572286 [NetMuon2]:570111 [NetMuon3]:614110 [NetMuon4]:614110
[Run]:38169 [Site]:1 [Bin]:11028 [FullTime]:3600 [SkipTime]:0 [Veto1]:711.515 [Veto2]:751.07 [Veto3]:533.438 [Veto4]:533.438 [SgUp1]:57623 [SgUp2]:56899 [SgUp3]:0 [SgUp4]:0 [SgLow1]:57521 [SgLow2]:56787 [SgLow3]:0 [SgLow4]:0 [NetMuon1]:578862 [NetMuon2]:571149 [NetMuon3]:614688 [NetMuon4]:614688
[Run]:38169 [Site]:1 [Bin]:11029 [FullTime]:3600 [SkipTime]:0 [Veto1]:747.356 [Veto2]:745.303 [Veto3]:534.579 [Veto4]:534.579 [SgUp1]:56920 [SgUp2]:56686 [SgUp3]:0 [SgUp4]:0 [SgLow1]:56816 [SgLow2]:56582 [SgLow3]:0 [SgLow4]:0 [NetMuon1]:572841 [NetMuon2]:573773 [NetMuon3]:615783 [NetMuon4]:615783
[Run]:38169 [Site]:1 [Bin]:11030 [FullTime]:3600 [SkipTime]:0 [Veto1]:727.952 [Veto2]:750.03 [Veto3]:533.981 [Veto4]:533.981 [SgUp1]:57458 [SgUp2]:56270 [SgUp3]:0 [SgUp4]:0 [SgLow1]:57352 [SgLow2]:56175 [SgLow3]:0 [SgLow4]:0 [NetMuon1]:576329 [NetMuon2]:571935 [NetMuon3]:615200 [NetMuon4]:615200
[Run]:38169 [Site]:1 [Bin]:11031 [FullTime]:3600 [SkipTime]:0 [Veto1]:725.971 [Veto2]:746.361 [Veto3]:533.793 [Veto4]:533.793 [SgUp1]:57314 [SgUp2]:56673 [SgUp3]:0 [SgUp4]:0 [SgLow1]:57182 [SgLow2]:56541 [SgLow3]:0 [SgLow4]:0 [NetMuon1]:576522 [NetMuon2]:572355 [NetMuon3]:614983 [NetMuon4]:614983
[Run]:38169 [Site]:1 [Bin]:11032 [FullTime]:3600.01 [SkipTime]:0 [Veto1]:737.064 [Veto2]:758.337 [Veto3]:533.463 [Veto4]:533.463 [SgUp1]:57516 [SgUp2]:56523 [SgUp3]:0 [SgUp4]:0 [SgLow1]:57411 [SgLow2]:56442 [SgLow3]:0 [SgLow4]:0 [NetMuon1]:573636 [NetMuon2]:569728 [NetMuon3]:614377 [NetMuon4]:614377
[Run]:38169 [Site]:1 [Bin]:11033 [FullTime]:3599.99 [SkipTime]:0 [Veto1]:738.191 [Veto2]:744.288 [Veto3]:532.315 [Veto4]:532.315 [SgUp1]:57380 [SgUp2]:57094 [SgUp3]:0 [SgUp4]:0 [SgLow1]:57264 [SgLow2]:56993 [SgLow3]:0 [SgLow4]:0 [NetMuon1]:572110 [NetMuon2]:570962 [NetMuon3]:613538 [NetMuon4]:613538
[Run]:38169 [Site]:1 [Bin]:11034 [FullTime]:3600 [SkipTime]:0 [Veto1]:731.014 [Veto2]:754.765 [Veto3]:534.07 [Veto4]:534.07 [SgUp1]:58049 [SgUp2]:56569 [SgUp3]:0 [SgUp4]:0 [SgLow1]:57945 [SgLow2]:56463 [SgLow3]:0 [SgLow4]:0 [NetMuon1]:575551 [NetMuon2]:570822 [NetMuon3]:615102 [NetMuon4]:615102
[Run]:38169 [Site]:1 [Bin]:11035 [FullTime]:3600 [SkipTime]:0 [Veto1]:735.988 [Veto2]:739.522 [Veto3]:533.449 [Veto4]:533.449 [SgUp1]:57804 [SgUp2]:56744 [SgUp3]:0 [SgUp4]:0 [SgLow1]:57664 [SgLow2]:56600 [SgLow3]:0 [SgLow4]:0 [NetMuon1]:573857 [NetMuon2]:573631 [NetMuon3]:614667 [NetMuon4]:614667
[Run]:38169 [Site]:1 [Bin]:11036 [FullTime]:3600 [SkipTime]:0 [Veto1]:727.959 [Veto2]:751.175 [Veto3]:533.2 [Veto4]:533.2 [SgUp1]:58177 [SgUp2]:56695 [SgUp3]:0 [SgUp4]:0 [SgLow1]:58067 [SgLow2]:56582 [SgLow3]:0 [SgLow4]:0 [NetMuon1]:575293 [NetMuon2]:570543 [NetMuon3]:614410 [NetMuon4]:614410
[Run]:38169 [Site]:1 [Bin]:11037 [FullTime]:3600 [SkipTime]:0 [Veto1]:751.466 [Veto2]:749.887 [Veto3]:533.669 [Veto4]:533.669 [SgUp1]:57158 [SgUp2]:56313 [SgUp3]:0 [SgUp4]:0 [SgLow1]:57030 [SgLow2]:56194 [SgLow3]:0 [SgLow4]:0 [NetMuon1]:571834 [NetMuon2]:571636 [NetMuon3]:615188 [NetMuon4]:615188
[Run]:38169 [Site]:1 [Bin]:11038 [FullTime]:3600 [SkipTime]:0 [Veto1]:754.163 [Veto2]:739.065 [Veto3]:534.035 [Veto4]:534.035 [SgUp1]:57362 [SgUp2]:57016 [SgUp3]:0 [SgUp4]:0 [SgLow1]:57247 [SgLow2]:56906 [SgLow3]:0 [SgLow4]:0 [NetMuon1]:571169 [NetMuon2]:573901 [NetMuon3]:615234 [NetMuon4]:615234
[Run]:38169 [Site]:1 [Bin]:11039 [FullTime]:3600 [SkipTime]:0 [Veto1]:741.649 [Veto2]:738.823 [Veto3]:535.04 [Veto4]:535.04 [SgUp1]:57275 [SgUp2]:57127 [SgUp3]:0 [SgUp4]:0 [SgLow1]:57169 [SgLow2]:56992 [SgLow3]:0 [SgLow4]:0 [NetMuon1]:574835 [NetMuon2]:575209 [NetMuon3]:616377 [NetMuon4]:616377
[Run]:38169 [Site]:1 [Bin]:11040 [FullTime]:3600 [SkipTime]:0 [Veto1]:750.132 [Veto2]:768.155 [Veto3]:534.463 [Veto4]:534.463 [SgUp1]:57636 [SgUp2]:56382 [SgUp3]:0 [SgUp4]:0 [SgLow1]:57516 [SgLow2]:56263 [SgLow3]:0 [SgLow4]:0 [NetMuon1]:572179 [NetMuon2]:568960 [NetMuon3]:615821 [NetMuon4]:615821
[Run]:38169 [Site]:1 [Bin]:11041 [FullTime]:3600 [SkipTime]:0 [Veto1]:741.989 [Veto2]:727.146 [Veto3]:534.579 [Veto4]:534.579 [SgUp1]:57498 [SgUp2]:57411 [SgUp3]:0 [SgUp4]:0 [SgLow1]:57385 [SgLow2]:57295 [SgLow3]:0 [SgLow4]:0 [NetMuon1]:574357 [NetMuon2]:577641 [NetMuon3]:616144 [NetMuon4]:616144
[Run]:38169 [Site]:1 [Bin]:11042 [FullTime]:3600 [SkipTime]:0 [Veto1]:741.932 [Veto2]:761.83 [Veto3]:533.522 [Veto4]:533.522 [SgUp1]:57955 [SgUp2]:56205 [SgUp3]:0 [SgUp4]:0 [SgLow1]:57872 [SgLow2]:56094 [SgLow3]:0 [SgLow4]:0 [NetMuon1]:572930 [NetMuon2]:568912 [NetMuon3]:614792 [NetMuon4]:614792
[Run]:38169 [Site]:1 [Bin]:11043 [FullTime]:3600 [SkipTime]:0 [Veto1]:760.285 [Veto2]:741.586 [Veto3]:534.369 [Veto4]:534.369 [SgUp1]:57105 [SgUp2]:57187 [SgUp3]:0 [SgUp4]:0 [SgLow1]:56998 [SgLow2]:57063 [SgLow3]:0 [SgLow4]:0 [NetMuon1]:570493 [NetMuon2]:573970 [NetMuon3]:615673 [NetMuon4]:615673
[Run]:38169 [Site]:1 [Bin]:11044 [FullTime]:3600 [SkipTime]:0 [Veto1]:741.848 [Veto2]:752.087 [Veto3]:531.87 [Veto4]:531.87 [SgUp1]:57866 [SgUp2]:56060 [SgUp3]:0 [SgUp4]:0 [SgLow1]:57733 [SgLow2]:55961 [SgLow3]:0 [SgLow4]:0 [NetMuon1]:571055 [NetMuon2]:568646 [NetMuon3]:613069 [NetMuon4]:613069
[Run]:38169 [Site]:1 [Bin]:11045 [FullTime]:3600 [SkipTime]:0 [Veto1]:742.373 [Veto2]:736.192 [Veto3]:534.332 [Veto4]:534.332 [SgUp1]:57491 [SgUp2]:56953 [SgUp3]:0 [SgUp4]:0 [SgLow1]:57381 [SgLow2]:56854 [SgLow3]:0 [SgLow4]:0 [NetMuon1]:573860 [NetMuon2]:575489 [NetMuon3]:615755 [NetMuon4]:615755
[Run]:38169 [Site]:1 [Bin]:11046 [FullTime]:3600 [SkipTime]:0 [Veto1]:738.695 [Veto2]:755.638 [Veto3]:534.28 [Veto4]:534.28 [SgUp1]:57521 [SgUp2]:56355 [SgUp3]:0 [SgUp4]:0 [SgLow1]:57395 [SgLow2]:56266 [SgLow3]:0 [SgLow4]:0 [NetMuon1]:574456 [NetMuon2]:571355 [NetMuon3]:615552 [NetMuon4]:615552
[Run]:38169 [Site]:1 [Bin]:11047 [FullTime]:3600 [SkipTime]:0 [Veto1]:753.322 [Veto2]:737.219 [Veto3]:533.767 [Veto4]:533.767 [SgUp1]:56779 [SgUp2]:57066 [SgUp3]:0 [SgUp4]:0 [SgLow1]:56675 [SgLow2]:56920 [SgLow3]:0 [SgLow4]:0 [NetMuon1]:570902 [NetMuon2]:574027 [NetMuon3]:615044 [NetMuon4]:615044
[Run]:38169 [Site]:1 [Bin]:11048 [FullTime]:3600 [SkipTime]:0 [Veto1]:739.088 [Veto2]:742.819 [Veto3]:533.681 [Veto4]:533.681 [SgUp1]:57883 [SgUp2]:56830 [SgUp3]:0 [SgUp4]:0 [SgLow1]:57756 [SgLow2]:56723 [SgLow3]:0 [SgLow4]:0 [NetMuon1]:573702 [NetMuon2]:572677 [NetMuon3]:615041 [NetMuon4]:615041
[Run]:38169 [Site]:1 [Bin]:11049 [FullTime]:3600 [SkipTime]:0 [Veto1]:748.436 [Veto2]:735.366 [Veto3]:533.781 [Veto4]:533.781 [SgUp1]:57316 [SgUp2]:57409 [SgUp3]:0 [SgUp4]:0 [SgLow1]:57197 [SgLow2]:57313 [SgLow3]:0 [SgLow4]:0 [NetMuon1]:572089 [NetMuon2]:574503 [NetMuon3]:615003 [NetMuon4]:615003
[Run]:38169 [Site]:1 [Bin]:11050 [FullTime]:3600 [SkipTime]:0 [Veto1]:748.959 [Veto2]:744.922 [Veto3]:533.425 [Veto4]:533.425 [SgUp1]:57492 [SgUp2]:57247 [SgUp3]:0 [SgUp4]:0 [SgLow1]:57399 [SgLow2]:57129 [SgLow3]:0 [SgLow4]:0 [NetMuon1]:571525 [NetMuon2]:572460 [NetMuon3]:614608 [NetMuon4]:614608
[Run]:38169 [Site]:1 [Bin]:11051 [FullTime]:3600 [SkipTime]:0 [Veto1]:759.662 [Veto2]:748.584 [Veto3]:532.38 [Veto4]:532.38 [SgUp1]:57428 [SgUp2]:57243 [SgUp3]:0 [SgUp4]:0 [SgLow1]:57318 [SgLow2]:57134 [SgLow3]:0 [SgLow4]:0 [NetMuon1]:567660 [NetMuon2]:570127 [NetMuon3]:613271 [NetMuon4]:613271
[Run]:38169 [Site]:1 [Bin]:11052 [FullTime]:3600 [SkipTime]:0 [Veto1]:746.049 [Veto2]:744.439 [Veto3]:533.475 [Veto4]:533.475 [SgUp1]:57922 [SgUp2]:57656 [SgUp3]:0 [SgUp4]:0 [SgLow1]:57819 [SgLow2]:57553 [SgLow3]:0 [SgLow4]:0 [NetMuon1]:572041 [NetMuon2]:572333 [NetMuon3]:614502 [NetMuon4]:614502
[Run]:38169 [Site]:1 [Bin]:11053 [FullTime]:3600 [SkipTime]:0 [Veto1]:733.637 [Veto2]:724.543 [Veto3]:533.653 [Veto4]:533.653 [SgUp1]:57376 [SgUp2]:57459 [SgUp3]:0 [SgUp4]:0 [SgLow1]:57276 [SgLow2]:57360 [SgLow3]:0 [SgLow4]:0 [NetMuon1]:574661 [NetMuon2]:577010 [NetMuon3]:615250 [NetMuon4]:615250
[Run]:38169 [Site]:1 [Bin]:11054 [FullTime]:3600 [SkipTime]:0 [Veto1]:736.916 [Veto2]:761.573 [Veto3]:533.037 [Veto4]:533.037 [SgUp1]:57841 [SgUp2]:56684 [SgUp3]:0 [SgUp4]:0 [SgLow1]:57727 [SgLow2]:56580 [SgLow3]:0 [SgLow4]:0 [NetMuon1]:573168 [NetMuon2]:568453 [NetMuon3]:614135 [NetMuon4]:614135
[Run]:38169 [Site]:1 [Bin]:11055 [FullTime]:3600 [SkipTime]:0 [Veto1]:748.604 [Veto2]:727.742 [Veto3]:534.029 [Veto4]:534.029 [SgUp1]:57260 [SgUp2]:57599 [SgUp3]:0 [SgUp4]:0 [SgLow1]:57151 [SgLow2]:57474 [SgLow3]:0 [SgLow4]:0 [NetMuon1]:572052 [NetMuon2]:575851 [NetMuon3]:615020 [NetMuon4]:615020
[Run]:38169 [Site]:1 [Bin]:11056 [FullTime]:3600 [SkipTime]:0 [Veto1]:724.258 [Veto2]:750.945 [Veto3]:533.206 [Veto4]:533.206 [SgUp1]:57905 [SgUp2]:57052 [SgUp3]:0 [SgUp4]:0 [SgLow1]:57797 [SgLow2]:56942 [SgLow3]:0 [SgLow4]:0 [NetMuon1]:576299 [NetMuon2]:570501 [NetMuon3]:614494 [NetMuon4]:614494
[Run]:38169 [Site]:1 [Bin]:11057 [FullTime]:3600 [SkipTime]:0 [Veto1]:718.256 [Veto2]:745.707 [Veto3]:532.705 [Veto4]:532.705 [SgUp1]:58295 [SgUp2]:57161 [SgUp3]:0 [SgUp4]:0 [SgLow1]:58188 [SgLow2]:57044 [SgLow3]:0 [SgLow4]:0 [NetMuon1]:577305 [NetMuon2]:571724 [NetMuon3]:614266 [NetMuon4]:614266
[Run]:38169 [Site]:1 [Bin]:11058 [FullTime]:3600 [SkipTime]:0 [Veto1]:750.538 [Veto2]:737.348 [Veto3]:533.071 [Veto4]:533.071 [SgUp1]:57404 [SgUp2]:57447 [SgUp3]:0 [SgUp4]:0 [SgLow1]:57297 [SgLow2]:57318 [SgLow3]:0 [SgLow4]:0 [NetMuon1]:570300 [NetMuon2]:572874 [NetMuon3]:614238 [NetMuon4]:614238
[Run]:38169 [Site]:1 [Bin]:11059 [FullTime]:3600 [SkipTime]:0 [Veto1]:726.336 [Veto2]:729.147 [Veto3]:532.898 [Veto4]:532.898 [SgUp1]:57703 [SgUp2]:57276 [SgUp3]:0 [SgUp4]:0 [SgLow1]:57587 [SgLow2]:57169 [SgLow3]:0 [SgLow4]:0 [NetMuon1]:574701 [NetMuon2]:574627 [NetMuon3]:613850 [NetMuon4]:613850
[Run]:38169 [Site]:1 [Bin]:11060 [FullTime]:3600 [SkipTime]:0 [Veto1]:726.422 [Veto2]:731.675 [Veto3]:533.768 [Veto4]:533.768 [SgUp1]:57274 [SgUp2]:56960 [SgUp3]:0 [SgUp4]:0 [SgLow1]:57153 [SgLow2]:56849 [SgLow3]:0 [SgLow4]:0 [NetMuon1]:576318 [NetMuon2]:575069 [NetMuon3]:614827 [NetMuon4]:614827
[Run]:38169 [Site]:1 [Bin]:11061 [FullTime]:3600 [SkipTime]:0 [Veto1]:727.677 [Veto2]:754.582 [Veto3]:533.548 [Veto4]:533.548 [SgUp1]:57793 [SgUp2]:56762 [SgUp3]:0 [SgUp4]:0 [SgLow1]:57686 [SgLow2]:56652 [SgLow3]:0 [SgLow4]:0 [NetMuon1]:576745 [NetMuon2]:570479 [NetMuon3]:615050 [NetMuon4]:615050
[Run]:38169 [Site]:1 [Bin]:11062 [FullTime]:3600 [SkipTime]:0 [Veto1]:731.797 [Veto2]:746.733 [Veto3]:534.613 [Veto4]:534.613 [SgUp1]:57638 [SgUp2]:56836 [SgUp3]:0 [SgUp4]:0 [SgLow1]:57507 [SgLow2]:56722 [SgLow3]:0 [SgLow4]:0 [NetMuon1]:576615 [NetMuon2]:573543 [NetMuon3]:616000 [NetMuon4]:616000
[Run]:38169 [Site]:1 [Bin]:11063 [FullTime]:3600 [SkipTime]:0 [Veto1]:725.338 [Veto2]:777.874 [Veto3]:533.526 [Veto4]:533.526 [SgUp1]:57416 [SgUp2]:56190 [SgUp3]:0 [SgUp4]:0 [SgLow1]:57301 [SgLow2]:56078 [SgLow3]:0 [SgLow4]:0 [NetMuon1]:576391 [NetMuon2]:565984 [NetMuon3]:614880 [NetMuon4]:614880
End process Run: 38169 ... 
[Run]:38169 [Site]:1 [Bin]:11064 [FullTime]:2900.11 [SkipTime]:0 [Veto1]:586.31 [Veto2]:598.148 [Veto3]:430.678 [Veto4]:430.678
