StreamChain add 0xc22f7f0
Start to process run: 38898 ... 
[Run]:38898 [Site]:1 [Bin]:11856 [FullTime]:1422.42 [SkipTime]:0 [Veto1]:289.76 [Veto2]:294.324 [Veto3]:210.13 [Veto4]:210.13 [SgUp1]:22640 [SgUp2]:22455 [SgUp3]:0 [SgUp4]:0 [SgLow1]:22605 [SgLow2]:22424 [SgLow3]:0 [SgLow4]:0 [NetMuon1]:226273 [NetMuon2]:225449 [NetMuon3]:242299 [NetMuon4]:242299
[Run]:38898 [Site]:1 [Bin]:11857 [FullTime]:3600 [SkipTime]:0 [Veto1]:747.822 [Veto2]:753.98 [Veto3]:533.687 [Veto4]:533.687 [SgUp1]:57022 [SgUp2]:56636 [SgUp3]:0 [SgUp4]:0 [SgLow1]:56933 [SgLow2]:56576 [SgLow3]:0 [SgLow4]:0 [NetMuon1]:571939 [NetMuon2]:570692 [NetMuon3]:615047 [NetMuon4]:615047
[Run]:38898 [Site]:1 [Bin]:11858 [FullTime]:3600 [SkipTime]:0 [Veto1]:737.213 [Veto2]:733.925 [Veto3]:532.801 [Veto4]:532.801 [SgUp1]:57446 [SgUp2]:57106 [SgUp3]:0 [SgUp4]:0 [SgLow1]:57368 [SgLow2]:57021 [SgLow3]:0 [SgLow4]:0 [NetMuon1]:573326 [NetMuon2]:574280 [NetMuon3]:614481 [NetMuon4]:614481
[Run]:38898 [Site]:1 [Bin]:11859 [FullTime]:3600 [SkipTime]:0 [Veto1]:737.515 [Veto2]:770.066 [Veto3]:532.429 [Veto4]:532.429 [SgUp1]:57469 [SgUp2]:56439 [SgUp3]:0 [SgUp4]:0 [SgLow1]:57387 [SgLow2]:56376 [SgLow3]:0 [SgLow4]:0 [NetMuon1]:572433 [NetMuon2]:565875 [NetMuon3]:613505 [NetMuon4]:613505
[Run]:38898 [Site]:1 [Bin]:11860 [FullTime]:3600 [SkipTime]:0 [Veto1]:737.037 [Veto2]:744.05 [Veto3]:534.115 [Veto4]:534.115 [SgUp1]:56880 [SgUp2]:57379 [SgUp3]:0 [SgUp4]:0 [SgLow1]:56794 [SgLow2]:57275 [SgLow3]:0 [SgLow4]:0 [NetMuon1]:574623 [NetMuon2]:573246 [NetMuon3]:615547 [NetMuon4]:615547
[Run]:38898 [Site]:1 [Bin]:11861 [FullTime]:3600 [SkipTime]:0 [Veto1]:743.326 [Veto2]:767.246 [Veto3]:533.709 [Veto4]:533.709 [SgUp1]:56942 [SgUp2]:56641 [SgUp3]:0 [SgUp4]:0 [SgLow1]:56863 [SgLow2]:56555 [SgLow3]:0 [SgLow4]:0 [NetMuon1]:573216 [NetMuon2]:568553 [NetMuon3]:615159 [NetMuon4]:615159
[Run]:38898 [Site]:1 [Bin]:11862 [FullTime]:3600 [SkipTime]:0 [Veto1]:742.734 [Veto2]:732.629 [Veto3]:533.385 [Veto4]:533.385 [SgUp1]:56899 [SgUp2]:57179 [SgUp3]:0 [SgUp4]:0 [SgLow1]:56822 [SgLow2]:57093 [SgLow3]:0 [SgLow4]:0 [NetMuon1]:572805 [NetMuon2]:575003 [NetMuon3]:614730 [NetMuon4]:614730
[Run]:38898 [Site]:1 [Bin]:11863 [FullTime]:3600 [SkipTime]:0 [Veto1]:728.911 [Veto2]:745.383 [Veto3]:531.512 [Veto4]:531.512 [SgUp1]:57290 [SgUp2]:56888 [SgUp3]:0 [SgUp4]:0 [SgLow1]:57218 [SgLow2]:56823 [SgLow3]:0 [SgLow4]:0 [NetMuon1]:573489 [NetMuon2]:569923 [NetMuon3]:612654 [NetMuon4]:612654
[Run]:38898 [Site]:1 [Bin]:11864 [FullTime]:3600 [SkipTime]:0 [Veto1]:739.914 [Veto2]:748.909 [Veto3]:532.372 [Veto4]:532.372 [SgUp1]:56933 [SgUp2]:57235 [SgUp3]:0 [SgUp4]:0 [SgLow1]:56860 [SgLow2]:57168 [SgLow3]:0 [SgLow4]:0 [NetMuon1]:571776 [NetMuon2]:570304 [NetMuon3]:613582 [NetMuon4]:613582
[Run]:38898 [Site]:1 [Bin]:11865 [FullTime]:3600 [SkipTime]:0 [Veto1]:739.44 [Veto2]:728.775 [Veto3]:532.513 [Veto4]:532.513 [SgUp1]:57334 [SgUp2]:57357 [SgUp3]:0 [SgUp4]:0 [SgLow1]:57249 [SgLow2]:57263 [SgLow3]:0 [SgLow4]:0 [NetMuon1]:572650 [NetMuon2]:574488 [NetMuon3]:613742 [NetMuon4]:613742
[Run]:38898 [Site]:1 [Bin]:11866 [FullTime]:3600 [SkipTime]:0 [Veto1]:735.74 [Veto2]:745.766 [Veto3]:532.826 [Veto4]:532.826 [SgUp1]:57073 [SgUp2]:57154 [SgUp3]:0 [SgUp4]:0 [SgLow1]:56981 [SgLow2]:57076 [SgLow3]:0 [SgLow4]:0 [NetMuon1]:573487 [NetMuon2]:571110 [NetMuon3]:614022 [NetMuon4]:614022
[Run]:38898 [Site]:1 [Bin]:11867 [FullTime]:3600 [SkipTime]:0 [Veto1]:704.589 [Veto2]:734.007 [Veto3]:532.229 [Veto4]:532.229 [SgUp1]:57406 [SgUp2]:57594 [SgUp3]:0 [SgUp4]:0 [SgLow1]:57328 [SgLow2]:57489 [SgLow3]:0 [SgLow4]:0 [NetMuon1]:579374 [NetMuon2]:573336 [NetMuon3]:613604 [NetMuon4]:613604
[Run]:38898 [Site]:1 [Bin]:11868 [FullTime]:3600 [SkipTime]:0 [Veto1]:735.111 [Veto2]:731.801 [Veto3]:532.764 [Veto4]:532.764 [SgUp1]:57542 [SgUp2]:57500 [SgUp3]:0 [SgUp4]:0 [SgLow1]:57452 [SgLow2]:57406 [SgLow3]:0 [SgLow4]:0 [NetMuon1]:573356 [NetMuon2]:574436 [NetMuon3]:614183 [NetMuon4]:614183
[Run]:38898 [Site]:1 [Bin]:11869 [FullTime]:3600 [SkipTime]:0 [Veto1]:733.515 [Veto2]:730.722 [Veto3]:531.977 [Veto4]:531.977 [SgUp1]:57029 [SgUp2]:57492 [SgUp3]:0 [SgUp4]:0 [SgLow1]:56937 [SgLow2]:57407 [SgLow3]:0 [SgLow4]:0 [NetMuon1]:572824 [NetMuon2]:573494 [NetMuon3]:613149 [NetMuon4]:613149
[Run]:38898 [Site]:1 [Bin]:11870 [FullTime]:3600 [SkipTime]:0 [Veto1]:727.837 [Veto2]:727.278 [Veto3]:531.569 [Veto4]:531.569 [SgUp1]:57689 [SgUp2]:57758 [SgUp3]:0 [SgUp4]:0 [SgLow1]:57604 [SgLow2]:57663 [SgLow3]:0 [SgLow4]:0 [NetMuon1]:573667 [NetMuon2]:573643 [NetMuon3]:612877 [NetMuon4]:612877
[Run]:38898 [Site]:1 [Bin]:11871 [FullTime]:3600 [SkipTime]:0 [Veto1]:724.705 [Veto2]:753.458 [Veto3]:531.55 [Veto4]:531.55 [SgUp1]:57753 [SgUp2]:57043 [SgUp3]:0 [SgUp4]:0 [SgLow1]:57685 [SgLow2]:56968 [SgLow3]:0 [SgLow4]:0 [NetMuon1]:574057 [NetMuon2]:568604 [NetMuon3]:612775 [NetMuon4]:612775
[Run]:38898 [Site]:1 [Bin]:11872 [FullTime]:3600 [SkipTime]:0 [Veto1]:740.96 [Veto2]:748.613 [Veto3]:531.893 [Veto4]:531.893 [SgUp1]:57051 [SgUp2]:57223 [SgUp3]:0 [SgUp4]:0 [SgLow1]:56971 [SgLow2]:57163 [SgLow3]:0 [SgLow4]:0 [NetMuon1]:570846 [NetMuon2]:569274 [NetMuon3]:612823 [NetMuon4]:612823
[Run]:38898 [Site]:1 [Bin]:11873 [FullTime]:3600 [SkipTime]:0 [Veto1]:747.051 [Veto2]:724.341 [Veto3]:532.212 [Veto4]:532.212 [SgUp1]:57181 [SgUp2]:57438 [SgUp3]:0 [SgUp4]:0 [SgLow1]:57097 [SgLow2]:57382 [SgLow3]:0 [SgLow4]:0 [NetMuon1]:570963 [NetMuon2]:575271 [NetMuon3]:613551 [NetMuon4]:613551
[Run]:38898 [Site]:1 [Bin]:11874 [FullTime]:3600 [SkipTime]:0 [Veto1]:724.404 [Veto2]:745.253 [Veto3]:531.754 [Veto4]:531.754 [SgUp1]:57623 [SgUp2]:57059 [SgUp3]:0 [SgUp4]:0 [SgLow1]:57534 [SgLow2]:56994 [SgLow3]:0 [SgLow4]:0 [NetMuon1]:574888 [NetMuon2]:570792 [NetMuon3]:613150 [NetMuon4]:613150
[Run]:38898 [Site]:1 [Bin]:11875 [FullTime]:3600 [SkipTime]:0 [Veto1]:731.39 [Veto2]:756.979 [Veto3]:532.475 [Veto4]:532.475 [SgUp1]:57337 [SgUp2]:56729 [SgUp3]:0 [SgUp4]:0 [SgLow1]:57275 [SgLow2]:56634 [SgLow3]:0 [SgLow4]:0 [NetMuon1]:574018 [NetMuon2]:568936 [NetMuon3]:614029 [NetMuon4]:614029
[Run]:38898 [Site]:1 [Bin]:11876 [FullTime]:3600 [SkipTime]:0 [Veto1]:753.18 [Veto2]:748.119 [Veto3]:532.943 [Veto4]:532.943 [SgUp1]:56828 [SgUp2]:56844 [SgUp3]:0 [SgUp4]:0 [SgLow1]:56753 [SgLow2]:56753 [SgLow3]:0 [SgLow4]:0 [NetMuon1]:570120 [NetMuon2]:570887 [NetMuon3]:614021 [NetMuon4]:614021
[Run]:38898 [Site]:1 [Bin]:11877 [FullTime]:3600 [SkipTime]:0 [Veto1]:710.918 [Veto2]:741.96 [Veto3]:532.966 [Veto4]:532.966 [SgUp1]:57381 [SgUp2]:57735 [SgUp3]:0 [SgUp4]:0 [SgLow1]:57296 [SgLow2]:57625 [SgLow3]:0 [SgLow4]:0 [NetMuon1]:578286 [NetMuon2]:572506 [NetMuon3]:614026 [NetMuon4]:614026
[Run]:38898 [Site]:1 [Bin]:11878 [FullTime]:3600 [SkipTime]:0 [Veto1]:730.66 [Veto2]:714.04 [Veto3]:532.62 [Veto4]:532.62 [SgUp1]:57783 [SgUp2]:57366 [SgUp3]:0 [SgUp4]:0 [SgLow1]:57703 [SgLow2]:57286 [SgLow3]:0 [SgLow4]:0 [NetMuon1]:573878 [NetMuon2]:576786 [NetMuon3]:613636 [NetMuon4]:613636
[Run]:38898 [Site]:1 [Bin]:11879 [FullTime]:3600 [SkipTime]:0 [Veto1]:731.185 [Veto2]:751.379 [Veto3]:532.376 [Veto4]:532.376 [SgUp1]:57356 [SgUp2]:56569 [SgUp3]:0 [SgUp4]:0 [SgLow1]:57294 [SgLow2]:56503 [SgLow3]:0 [SgLow4]:0 [NetMuon1]:573878 [NetMuon2]:570130 [NetMuon3]:613832 [NetMuon4]:613832
[Run]:38898 [Site]:1 [Bin]:11880 [FullTime]:3600 [SkipTime]:0 [Veto1]:741.053 [Veto2]:751.478 [Veto3]:530.904 [Veto4]:530.904 [SgUp1]:56986 [SgUp2]:56765 [SgUp3]:0 [SgUp4]:0 [SgLow1]:56918 [SgLow2]:56681 [SgLow3]:0 [SgLow4]:0 [NetMuon1]:570106 [NetMuon2]:568133 [NetMuon3]:611943 [NetMuon4]:611943
[Run]:38898 [Site]:1 [Bin]:11881 [FullTime]:3600 [SkipTime]:0 [Veto1]:730.061 [Veto2]:762.683 [Veto3]:533.289 [Veto4]:533.289 [SgUp1]:56969 [SgUp2]:56428 [SgUp3]:0 [SgUp4]:0 [SgLow1]:56895 [SgLow2]:56340 [SgLow3]:0 [SgLow4]:0 [NetMuon1]:575465 [NetMuon2]:568524 [NetMuon3]:614668 [NetMuon4]:614668
[Run]:38898 [Site]:1 [Bin]:11882 [FullTime]:3600 [SkipTime]:0 [Veto1]:727.276 [Veto2]:731.019 [Veto3]:533.412 [Veto4]:533.412 [SgUp1]:57436 [SgUp2]:56931 [SgUp3]:0 [SgUp4]:0 [SgLow1]:57376 [SgLow2]:56851 [SgLow3]:0 [SgLow4]:0 [NetMuon1]:576129 [NetMuon2]:575342 [NetMuon3]:614878 [NetMuon4]:614878
[Run]:38898 [Site]:1 [Bin]:11883 [FullTime]:3600 [SkipTime]:0 [Veto1]:753.208 [Veto2]:753.892 [Veto3]:532.843 [Veto4]:532.843 [SgUp1]:57318 [SgUp2]:56698 [SgUp3]:0 [SgUp4]:0 [SgLow1]:57234 [SgLow2]:56630 [SgLow3]:0 [SgLow4]:0 [NetMuon1]:570036 [NetMuon2]:569989 [NetMuon3]:614120 [NetMuon4]:614120
[Run]:38898 [Site]:1 [Bin]:11884 [FullTime]:3600 [SkipTime]:0 [Veto1]:754.548 [Veto2]:760.438 [Veto3]:532.55 [Veto4]:532.55 [SgUp1]:57066 [SgUp2]:56600 [SgUp3]:0 [SgUp4]:0 [SgLow1]:56987 [SgLow2]:56514 [SgLow3]:0 [SgLow4]:0 [NetMuon1]:569111 [NetMuon2]:568152 [NetMuon3]:613680 [NetMuon4]:613680
[Run]:38898 [Site]:1 [Bin]:11885 [FullTime]:3600 [SkipTime]:0 [Veto1]:742.936 [Veto2]:755.533 [Veto3]:530.955 [Veto4]:530.955 [SgUp1]:57244 [SgUp2]:56537 [SgUp3]:0 [SgUp4]:0 [SgLow1]:57154 [SgLow2]:56455 [SgLow3]:0 [SgLow4]:0 [NetMuon1]:569864 [NetMuon2]:567165 [NetMuon3]:612094 [NetMuon4]:612094
[Run]:38898 [Site]:1 [Bin]:11886 [FullTime]:3600 [SkipTime]:0 [Veto1]:762.886 [Veto2]:750.6 [Veto3]:531.377 [Veto4]:531.377 [SgUp1]:56620 [SgUp2]:56708 [SgUp3]:0 [SgUp4]:0 [SgLow1]:56559 [SgLow2]:56629 [SgLow3]:0 [SgLow4]:0 [NetMuon1]:565917 [NetMuon2]:568531 [NetMuon3]:612194 [NetMuon4]:612194
[Run]:38898 [Site]:1 [Bin]:11887 [FullTime]:3600 [SkipTime]:0 [Veto1]:765.416 [Veto2]:754.137 [Veto3]:532.804 [Veto4]:532.804 [SgUp1]:57001 [SgUp2]:56576 [SgUp3]:0 [SgUp4]:0 [SgLow1]:56899 [SgLow2]:56473 [SgLow3]:0 [SgLow4]:0 [NetMuon1]:567485 [NetMuon2]:569693 [NetMuon3]:614192 [NetMuon4]:614192
[Run]:38898 [Site]:1 [Bin]:11888 [FullTime]:3600.01 [SkipTime]:0 [Veto1]:723.479 [Veto2]:762.507 [Veto3]:533.818 [Veto4]:533.818 [SgUp1]:57752 [SgUp2]:56799 [SgUp3]:0 [SgUp4]:0 [SgLow1]:57652 [SgLow2]:56723 [SgLow3]:0 [SgLow4]:0 [NetMuon1]:577142 [NetMuon2]:569521 [NetMuon3]:615222 [NetMuon4]:615222
[Run]:38898 [Site]:1 [Bin]:11889 [FullTime]:3600 [SkipTime]:0 [Veto1]:727.041 [Veto2]:758.278 [Veto3]:532.482 [Veto4]:532.482 [SgUp1]:57536 [SgUp2]:56935 [SgUp3]:0 [SgUp4]:0 [SgLow1]:57440 [SgLow2]:56843 [SgLow3]:0 [SgLow4]:0 [NetMuon1]:574351 [NetMuon2]:568676 [NetMuon3]:613709 [NetMuon4]:613709
[Run]:38898 [Site]:1 [Bin]:11890 [FullTime]:3599.99 [SkipTime]:0 [Veto1]:753.266 [Veto2]:744.269 [Veto3]:532.183 [Veto4]:532.183 [SgUp1]:57131 [SgUp2]:56978 [SgUp3]:0 [SgUp4]:0 [SgLow1]:57047 [SgLow2]:56921 [SgLow3]:0 [SgLow4]:0 [NetMuon1]:568881 [NetMuon2]:570594 [NetMuon3]:613265 [NetMuon4]:613265
[Run]:38898 [Site]:1 [Bin]:11891 [FullTime]:3600 [SkipTime]:0 [Veto1]:743.473 [Veto2]:750.088 [Veto3]:531.679 [Veto4]:531.679 [SgUp1]:57191 [SgUp2]:56877 [SgUp3]:0 [SgUp4]:0 [SgLow1]:57114 [SgLow2]:56768 [SgLow3]:0 [SgLow4]:0 [NetMuon1]:570201 [NetMuon2]:569149 [NetMuon3]:612636 [NetMuon4]:612636
[Run]:38898 [Site]:1 [Bin]:11892 [FullTime]:3600 [SkipTime]:0 [Veto1]:729.962 [Veto2]:740.636 [Veto3]:531.596 [Veto4]:531.596 [SgUp1]:57688 [SgUp2]:57136 [SgUp3]:0 [SgUp4]:0 [SgLow1]:57610 [SgLow2]:57073 [SgLow3]:0 [SgLow4]:0 [NetMuon1]:573027 [NetMuon2]:570612 [NetMuon3]:612654 [NetMuon4]:612654
[Run]:38898 [Site]:1 [Bin]:11893 [FullTime]:3600 [SkipTime]:0 [Veto1]:727.147 [Veto2]:748.137 [Veto3]:531.227 [Veto4]:531.227 [SgUp1]:57339 [SgUp2]:57342 [SgUp3]:0 [SgUp4]:0 [SgLow1]:57240 [SgLow2]:57258 [SgLow3]:0 [SgLow4]:0 [NetMuon1]:573508 [NetMuon2]:569091 [NetMuon3]:612580 [NetMuon4]:612580
[Run]:38898 [Site]:1 [Bin]:11894 [FullTime]:3600 [SkipTime]:0 [Veto1]:735.312 [Veto2]:740.363 [Veto3]:533.282 [Veto4]:533.282 [SgUp1]:57619 [SgUp2]:57044 [SgUp3]:0 [SgUp4]:0 [SgLow1]:57537 [SgLow2]:56955 [SgLow3]:0 [SgLow4]:0 [NetMuon1]:573999 [NetMuon2]:573196 [NetMuon3]:614834 [NetMuon4]:614834
[Run]:38898 [Site]:1 [Bin]:11895 [FullTime]:3600 [SkipTime]:0 [Veto1]:760.52 [Veto2]:761.19 [Veto3]:532.524 [Veto4]:532.524 [SgUp1]:57079 [SgUp2]:56471 [SgUp3]:0 [SgUp4]:0 [SgLow1]:56988 [SgLow2]:56376 [SgLow3]:0 [SgLow4]:0 [NetMuon1]:567689 [NetMuon2]:567969 [NetMuon3]:613493 [NetMuon4]:613493
[Run]:38898 [Site]:1 [Bin]:11896 [FullTime]:3600 [SkipTime]:0 [Veto1]:752.546 [Veto2]:760.674 [Veto3]:532.789 [Veto4]:532.789 [SgUp1]:57033 [SgUp2]:56902 [SgUp3]:0 [SgUp4]:0 [SgLow1]:56930 [SgLow2]:56795 [SgLow3]:0 [SgLow4]:0 [NetMuon1]:570201 [NetMuon2]:568410 [NetMuon3]:613898 [NetMuon4]:613898
[Run]:38898 [Site]:1 [Bin]:11897 [FullTime]:3600 [SkipTime]:0 [Veto1]:735.221 [Veto2]:736.333 [Veto3]:532.798 [Veto4]:532.798 [SgUp1]:57184 [SgUp2]:57217 [SgUp3]:0 [SgUp4]:0 [SgLow1]:57104 [SgLow2]:57146 [SgLow3]:0 [SgLow4]:0 [NetMuon1]:573568 [NetMuon2]:572924 [NetMuon3]:614065 [NetMuon4]:614065
[Run]:38898 [Site]:1 [Bin]:11898 [FullTime]:3600 [SkipTime]:0 [Veto1]:748.208 [Veto2]:723.787 [Veto3]:531.761 [Veto4]:531.761 [SgUp1]:57234 [SgUp2]:57735 [SgUp3]:0 [SgUp4]:0 [SgLow1]:57148 [SgLow2]:57649 [SgLow3]:0 [SgLow4]:0 [NetMuon1]:569588 [NetMuon2]:574256 [NetMuon3]:612932 [NetMuon4]:612932
[Run]:38898 [Site]:1 [Bin]:11899 [FullTime]:3600 [SkipTime]:0 [Veto1]:753.738 [Veto2]:752.599 [Veto3]:532.197 [Veto4]:532.197 [SgUp1]:57072 [SgUp2]:56622 [SgUp3]:0 [SgUp4]:0 [SgLow1]:56984 [SgLow2]:56556 [SgLow3]:0 [SgLow4]:0 [NetMuon1]:569276 [NetMuon2]:569367 [NetMuon3]:613392 [NetMuon4]:613392
[Run]:38898 [Site]:1 [Bin]:11900 [FullTime]:3600 [SkipTime]:0 [Veto1]:718.346 [Veto2]:760.023 [Veto3]:532.37 [Veto4]:532.37 [SgUp1]:57599 [SgUp2]:56701 [SgUp3]:0 [SgUp4]:0 [SgLow1]:57506 [SgLow2]:56612 [SgLow3]:0 [SgLow4]:0 [NetMuon1]:576374 [NetMuon2]:568206 [NetMuon3]:613699 [NetMuon4]:613699
[Run]:38898 [Site]:1 [Bin]:11901 [FullTime]:3600 [SkipTime]:0 [Veto1]:733.847 [Veto2]:772.708 [Veto3]:533.109 [Veto4]:533.109 [SgUp1]:57517 [SgUp2]:56641 [SgUp3]:0 [SgUp4]:0 [SgLow1]:57451 [SgLow2]:56528 [SgLow3]:0 [SgLow4]:0 [NetMuon1]:574628 [NetMuon2]:566691 [NetMuon3]:614495 [NetMuon4]:614495
[Run]:38898 [Site]:1 [Bin]:11902 [FullTime]:3600 [SkipTime]:0 [Veto1]:739.414 [Veto2]:744.098 [Veto3]:532.893 [Veto4]:532.893 [SgUp1]:57098 [SgUp2]:56866 [SgUp3]:0 [SgUp4]:0 [SgLow1]:57021 [SgLow2]:56781 [SgLow3]:0 [SgLow4]:0 [NetMuon1]:573275 [NetMuon2]:572213 [NetMuon3]:614489 [NetMuon4]:614489
[Run]:38898 [Site]:1 [Bin]:11903 [FullTime]:3600 [SkipTime]:0 [Veto1]:720.696 [Veto2]:719.119 [Veto3]:533.592 [Veto4]:533.592 [SgUp1]:57833 [SgUp2]:57359 [SgUp3]:0 [SgUp4]:0 [SgLow1]:57758 [SgLow2]:57265 [SgLow3]:0 [SgLow4]:0 [NetMuon1]:577390 [NetMuon2]:577443 [NetMuon3]:614687 [NetMuon4]:614687
[Run]:38898 [Site]:1 [Bin]:11904 [FullTime]:3600 [SkipTime]:0 [Veto1]:731.838 [Veto2]:764.44 [Veto3]:532.84 [Veto4]:532.84 [SgUp1]:57595 [SgUp2]:56639 [SgUp3]:0 [SgUp4]:0 [SgLow1]:57502 [SgLow2]:56569 [SgLow3]:0 [SgLow4]:0 [NetMuon1]:573821 [NetMuon2]:567441 [NetMuon3]:613817 [NetMuon4]:613817
End process Run: 38898 ... 
[Run]:38898 [Site]:1 [Bin]:11905 [FullTime]:722.198 [SkipTime]:0 [Veto1]:152.451 [Veto2]:144.136 [Veto3]:107.358 [Veto4]:107.358
