StreamChain add 0x93bd7f0
Start to process run: 39082 ... 
[Run]:39082 [Site]:1 [Bin]:12025 [FullTime]:3419.88 [SkipTime]:0 [Veto1]:688.534 [Veto2]:712.57 [Veto3]:506.414 [Veto4]:506.414 [SgUp1]:55058 [SgUp2]:53782 [SgUp3]:0 [SgUp4]:0 [SgLow1]:54979 [SgLow2]:53720 [SgLow3]:0 [SgLow4]:0 [NetMuon1]:547018 [NetMuon2]:542480 [NetMuon3]:583506 [NetMuon4]:583506
[Run]:39082 [Site]:1 [Bin]:12026 [FullTime]:3600 [SkipTime]:0 [Veto1]:730.732 [Veto2]:735.804 [Veto3]:533.225 [Veto4]:533.225 [SgUp1]:58023 [SgUp2]:57107 [SgUp3]:0 [SgUp4]:0 [SgLow1]:57942 [SgLow2]:57013 [SgLow3]:0 [SgLow4]:0 [NetMuon1]:574890 [NetMuon2]:573876 [NetMuon3]:614397 [NetMuon4]:614397
[Run]:39082 [Site]:1 [Bin]:12027 [FullTime]:3600 [SkipTime]:0 [Veto1]:752.577 [Veto2]:749.714 [Veto3]:531.959 [Veto4]:531.959 [SgUp1]:58069 [SgUp2]:56921 [SgUp3]:0 [SgUp4]:0 [SgLow1]:57973 [SgLow2]:56824 [SgLow3]:0 [SgLow4]:0 [NetMuon1]:569207 [NetMuon2]:569571 [NetMuon3]:613278 [NetMuon4]:613278
[Run]:39082 [Site]:1 [Bin]:12028 [FullTime]:3600 [SkipTime]:0 [Veto1]:729.56 [Veto2]:760.158 [Veto3]:532.809 [Veto4]:532.809 [SgUp1]:58530 [SgUp2]:56390 [SgUp3]:0 [SgUp4]:0 [SgLow1]:58441 [SgLow2]:56288 [SgLow3]:0 [SgLow4]:0 [NetMuon1]:574789 [NetMuon2]:568451 [NetMuon3]:613818 [NetMuon4]:613818
[Run]:39082 [Site]:1 [Bin]:12029 [FullTime]:3600 [SkipTime]:0 [Veto1]:737.732 [Veto2]:743.427 [Veto3]:532.902 [Veto4]:532.902 [SgUp1]:57512 [SgUp2]:56571 [SgUp3]:0 [SgUp4]:0 [SgLow1]:57434 [SgLow2]:56491 [SgLow3]:0 [SgLow4]:0 [NetMuon1]:573248 [NetMuon2]:571870 [NetMuon3]:614324 [NetMuon4]:614324
[Run]:39082 [Site]:1 [Bin]:12030 [FullTime]:3600 [SkipTime]:0 [Veto1]:731.073 [Veto2]:741.331 [Veto3]:533.999 [Veto4]:533.999 [SgUp1]:57724 [SgUp2]:57279 [SgUp3]:0 [SgUp4]:0 [SgLow1]:57649 [SgLow2]:57180 [SgLow3]:0 [SgLow4]:0 [NetMuon1]:575873 [NetMuon2]:573620 [NetMuon3]:615268 [NetMuon4]:615268
[Run]:39082 [Site]:1 [Bin]:12031 [FullTime]:3600 [SkipTime]:0 [Veto1]:726.181 [Veto2]:735.619 [Veto3]:533.113 [Veto4]:533.113 [SgUp1]:57734 [SgUp2]:57134 [SgUp3]:0 [SgUp4]:0 [SgLow1]:57655 [SgLow2]:57078 [SgLow3]:0 [SgLow4]:0 [NetMuon1]:575517 [NetMuon2]:573679 [NetMuon3]:614378 [NetMuon4]:614378
[Run]:39082 [Site]:1 [Bin]:12032 [FullTime]:3600 [SkipTime]:0 [Veto1]:743.972 [Veto2]:750.286 [Veto3]:533.898 [Veto4]:533.898 [SgUp1]:57431 [SgUp2]:56615 [SgUp3]:0 [SgUp4]:0 [SgLow1]:57346 [SgLow2]:56520 [SgLow3]:0 [SgLow4]:0 [NetMuon1]:573447 [NetMuon2]:571454 [NetMuon3]:615276 [NetMuon4]:615276
[Run]:39082 [Site]:1 [Bin]:12033 [FullTime]:3600 [SkipTime]:0 [Veto1]:730.496 [Veto2]:761.298 [Veto3]:533.067 [Veto4]:533.067 [SgUp1]:57749 [SgUp2]:56743 [SgUp3]:0 [SgUp4]:0 [SgLow1]:57671 [SgLow2]:56648 [SgLow3]:0 [SgLow4]:0 [NetMuon1]:574551 [NetMuon2]:568162 [NetMuon3]:614011 [NetMuon4]:614011
[Run]:39082 [Site]:1 [Bin]:12034 [FullTime]:3600 [SkipTime]:0 [Veto1]:718.979 [Veto2]:768.031 [Veto3]:532.084 [Veto4]:532.084 [SgUp1]:57534 [SgUp2]:56409 [SgUp3]:0 [SgUp4]:0 [SgLow1]:57464 [SgLow2]:56331 [SgLow3]:0 [SgLow4]:0 [NetMuon1]:575893 [NetMuon2]:566082 [NetMuon3]:613548 [NetMuon4]:613548
[Run]:39082 [Site]:1 [Bin]:12035 [FullTime]:3600 [SkipTime]:0 [Veto1]:709.875 [Veto2]:746.996 [Veto3]:531.972 [Veto4]:531.972 [SgUp1]:58084 [SgUp2]:56699 [SgUp3]:0 [SgUp4]:0 [SgLow1]:57983 [SgLow2]:56619 [SgLow3]:0 [SgLow4]:0 [NetMuon1]:577764 [NetMuon2]:570156 [NetMuon3]:613030 [NetMuon4]:613030
[Run]:39082 [Site]:1 [Bin]:12036 [FullTime]:3600 [SkipTime]:0 [Veto1]:751.878 [Veto2]:771.363 [Veto3]:532.937 [Veto4]:532.937 [SgUp1]:57226 [SgUp2]:55933 [SgUp3]:0 [SgUp4]:0 [SgLow1]:57144 [SgLow2]:55863 [SgLow3]:0 [SgLow4]:0 [NetMuon1]:570200 [NetMuon2]:566522 [NetMuon3]:614240 [NetMuon4]:614240
[Run]:39082 [Site]:1 [Bin]:12037 [FullTime]:3600 [SkipTime]:0 [Veto1]:737.648 [Veto2]:754.99 [Veto3]:532.851 [Veto4]:532.851 [SgUp1]:57155 [SgUp2]:56294 [SgUp3]:0 [SgUp4]:0 [SgLow1]:57077 [SgLow2]:56214 [SgLow3]:0 [SgLow4]:0 [NetMuon1]:572735 [NetMuon2]:569258 [NetMuon3]:613979 [NetMuon4]:613979
[Run]:39082 [Site]:1 [Bin]:12038 [FullTime]:3600 [SkipTime]:0 [Veto1]:728.216 [Veto2]:746.481 [Veto3]:532.164 [Veto4]:532.164 [SgUp1]:57103 [SgUp2]:56646 [SgUp3]:0 [SgUp4]:0 [SgLow1]:57016 [SgLow2]:56567 [SgLow3]:0 [SgLow4]:0 [NetMuon1]:574309 [NetMuon2]:570930 [NetMuon3]:613709 [NetMuon4]:613709
[Run]:39082 [Site]:1 [Bin]:12039 [FullTime]:3600 [SkipTime]:0 [Veto1]:729.284 [Veto2]:738.442 [Veto3]:533.495 [Veto4]:533.495 [SgUp1]:57304 [SgUp2]:56867 [SgUp3]:0 [SgUp4]:0 [SgLow1]:57211 [SgLow2]:56777 [SgLow3]:0 [SgLow4]:0 [NetMuon1]:575146 [NetMuon2]:573524 [NetMuon3]:614634 [NetMuon4]:614634
[Run]:39082 [Site]:1 [Bin]:12040 [FullTime]:3600 [SkipTime]:0 [Veto1]:720.756 [Veto2]:750.671 [Veto3]:532.042 [Veto4]:532.042 [SgUp1]:56627 [SgUp2]:56543 [SgUp3]:0 [SgUp4]:0 [SgLow1]:56546 [SgLow2]:56467 [SgLow3]:0 [SgLow4]:0 [NetMuon1]:575800 [NetMuon2]:570010 [NetMuon3]:613380 [NetMuon4]:613380
[Run]:39082 [Site]:1 [Bin]:12041 [FullTime]:3600 [SkipTime]:0 [Veto1]:733.392 [Veto2]:753.803 [Veto3]:531.028 [Veto4]:531.028 [SgUp1]:56926 [SgUp2]:56443 [SgUp3]:0 [SgUp4]:0 [SgLow1]:56852 [SgLow2]:56351 [SgLow3]:0 [SgLow4]:0 [NetMuon1]:571124 [NetMuon2]:567179 [NetMuon3]:611706 [NetMuon4]:611706
[Run]:39082 [Site]:1 [Bin]:12042 [FullTime]:3600 [SkipTime]:0 [Veto1]:730.464 [Veto2]:760.582 [Veto3]:533.007 [Veto4]:533.007 [SgUp1]:56899 [SgUp2]:56284 [SgUp3]:0 [SgUp4]:0 [SgLow1]:56801 [SgLow2]:56211 [SgLow3]:0 [SgLow4]:0 [NetMuon1]:575028 [NetMuon2]:568681 [NetMuon3]:614555 [NetMuon4]:614555
[Run]:39082 [Site]:1 [Bin]:12043 [FullTime]:3600 [SkipTime]:0 [Veto1]:737.423 [Veto2]:745.07 [Veto3]:532.594 [Veto4]:532.594 [SgUp1]:57206 [SgUp2]:56766 [SgUp3]:0 [SgUp4]:0 [SgLow1]:57131 [SgLow2]:56674 [SgLow3]:0 [SgLow4]:0 [NetMuon1]:572954 [NetMuon2]:571447 [NetMuon3]:613794 [NetMuon4]:613794
End process Run: 39082 ... 
[Run]:39082 [Site]:1 [Bin]:12044 [FullTime]:1724.27 [SkipTime]:0 [Veto1]:354.462 [Veto2]:361.416 [Veto3]:255.528 [Veto4]:255.528
