StreamChain add 0xce677f0
Start to process run: 39762 ... 
[Run]:39762 [Site]:1 [Bin]:12915 [FullTime]:2084.01 [SkipTime]:0 [Veto1]:431.577 [Veto2]:441.428 [Veto3]:309.028 [Veto4]:309.028 [SgUp1]:33107 [SgUp2]:32454 [SgUp3]:0 [SgUp4]:0 [SgLow1]:33027 [SgLow2]:32400 [SgLow3]:0 [SgLow4]:0 [NetMuon1]:331277 [NetMuon2]:329030 [NetMuon3]:355777 [NetMuon4]:355777
[Run]:39762 [Site]:1 [Bin]:12916 [FullTime]:3600 [SkipTime]:0 [Veto1]:739.16 [Veto2]:745.284 [Veto3]:534.09 [Veto4]:534.09 [SgUp1]:57180 [SgUp2]:56063 [SgUp3]:0 [SgUp4]:0 [SgLow1]:57031 [SgLow2]:55923 [SgLow3]:0 [SgLow4]:0 [NetMuon1]:574676 [NetMuon2]:573112 [NetMuon3]:615605 [NetMuon4]:615605
[Run]:39762 [Site]:1 [Bin]:12917 [FullTime]:3600 [SkipTime]:0 [Veto1]:720.689 [Veto2]:744.341 [Veto3]:533.088 [Veto4]:533.088 [SgUp1]:57848 [SgUp2]:56495 [SgUp3]:0 [SgUp4]:0 [SgLow1]:57738 [SgLow2]:56368 [SgLow3]:0 [SgLow4]:0 [NetMuon1]:577095 [NetMuon2]:572300 [NetMuon3]:614571 [NetMuon4]:614571
[Run]:39762 [Site]:1 [Bin]:12918 [FullTime]:3600 [SkipTime]:0 [Veto1]:743.561 [Veto2]:752.81 [Veto3]:532.555 [Veto4]:532.555 [SgUp1]:57273 [SgUp2]:55839 [SgUp3]:0 [SgUp4]:0 [SgLow1]:57134 [SgLow2]:55723 [SgLow3]:0 [SgLow4]:0 [NetMuon1]:571814 [NetMuon2]:569870 [NetMuon3]:613904 [NetMuon4]:613904
[Run]:39762 [Site]:1 [Bin]:12919 [FullTime]:3600 [SkipTime]:0 [Veto1]:738.981 [Veto2]:734.553 [Veto3]:532.92 [Veto4]:532.92 [SgUp1]:57224 [SgUp2]:57068 [SgUp3]:0 [SgUp4]:0 [SgLow1]:57107 [SgLow2]:56965 [SgLow3]:0 [SgLow4]:0 [NetMuon1]:572654 [NetMuon2]:573735 [NetMuon3]:614172 [NetMuon4]:614172
[Run]:39762 [Site]:1 [Bin]:12920 [FullTime]:3600 [SkipTime]:0 [Veto1]:737.365 [Veto2]:752.642 [Veto3]:534.684 [Veto4]:534.684 [SgUp1]:57523 [SgUp2]:56329 [SgUp3]:0 [SgUp4]:0 [SgLow1]:57396 [SgLow2]:56211 [SgLow3]:0 [SgLow4]:0 [NetMuon1]:575238 [NetMuon2]:572576 [NetMuon3]:616136 [NetMuon4]:616136
[Run]:39762 [Site]:1 [Bin]:12921 [FullTime]:3600 [SkipTime]:0 [Veto1]:751.438 [Veto2]:747.984 [Veto3]:533.066 [Veto4]:533.066 [SgUp1]:57343 [SgUp2]:56828 [SgUp3]:0 [SgUp4]:0 [SgLow1]:57240 [SgLow2]:56723 [SgLow3]:0 [SgLow4]:0 [NetMuon1]:570541 [NetMuon2]:571655 [NetMuon3]:614417 [NetMuon4]:614417
[Run]:39762 [Site]:1 [Bin]:12922 [FullTime]:3600 [SkipTime]:0 [Veto1]:745.416 [Veto2]:752.503 [Veto3]:533.638 [Veto4]:533.638 [SgUp1]:56950 [SgUp2]:56571 [SgUp3]:0 [SgUp4]:0 [SgLow1]:56845 [SgLow2]:56445 [SgLow3]:0 [SgLow4]:0 [NetMuon1]:572592 [NetMuon2]:571181 [NetMuon3]:615056 [NetMuon4]:615056
[Run]:39762 [Site]:1 [Bin]:12923 [FullTime]:3600 [SkipTime]:0 [Veto1]:741.728 [Veto2]:755.748 [Veto3]:534.455 [Veto4]:534.455 [SgUp1]:57136 [SgUp2]:56514 [SgUp3]:0 [SgUp4]:0 [SgLow1]:57048 [SgLow2]:56399 [SgLow3]:0 [SgLow4]:0 [NetMuon1]:574164 [NetMuon2]:571315 [NetMuon3]:615586 [NetMuon4]:615586
[Run]:39762 [Site]:1 [Bin]:12924 [FullTime]:3600 [SkipTime]:0 [Veto1]:744.72 [Veto2]:763.2 [Veto3]:533.361 [Veto4]:533.361 [SgUp1]:57062 [SgUp2]:56125 [SgUp3]:0 [SgUp4]:0 [SgLow1]:56944 [SgLow2]:56016 [SgLow3]:0 [SgLow4]:0 [NetMuon1]:572623 [NetMuon2]:568384 [NetMuon3]:614540 [NetMuon4]:614540
[Run]:39762 [Site]:1 [Bin]:12925 [FullTime]:3600 [SkipTime]:0 [Veto1]:756.902 [Veto2]:740.501 [Veto3]:532.73 [Veto4]:532.73 [SgUp1]:56765 [SgUp2]:56941 [SgUp3]:0 [SgUp4]:0 [SgLow1]:56654 [SgLow2]:56821 [SgLow3]:0 [SgLow4]:0 [NetMuon1]:568544 [NetMuon2]:572468 [NetMuon3]:613933 [NetMuon4]:613933
[Run]:39762 [Site]:1 [Bin]:12926 [FullTime]:3600 [SkipTime]:0 [Veto1]:742.111 [Veto2]:754.522 [Veto3]:533.327 [Veto4]:533.327 [SgUp1]:57117 [SgUp2]:56422 [SgUp3]:0 [SgUp4]:0 [SgLow1]:57004 [SgLow2]:56330 [SgLow3]:0 [SgLow4]:0 [NetMuon1]:572632 [NetMuon2]:570272 [NetMuon3]:614499 [NetMuon4]:614499
[Run]:39762 [Site]:1 [Bin]:12927 [FullTime]:3600 [SkipTime]:0 [Veto1]:747.957 [Veto2]:763.348 [Veto3]:534.367 [Veto4]:534.367 [SgUp1]:57385 [SgUp2]:55782 [SgUp3]:0 [SgUp4]:0 [SgLow1]:57247 [SgLow2]:55671 [SgLow3]:0 [SgLow4]:0 [NetMuon1]:572466 [NetMuon2]:569589 [NetMuon3]:615517 [NetMuon4]:615517
[Run]:39762 [Site]:1 [Bin]:12928 [FullTime]:3600 [SkipTime]:0 [Veto1]:718.004 [Veto2]:752.61 [Veto3]:533.336 [Veto4]:533.336 [SgUp1]:57570 [SgUp2]:56636 [SgUp3]:0 [SgUp4]:0 [SgLow1]:57450 [SgLow2]:56503 [SgLow3]:0 [SgLow4]:0 [NetMuon1]:577769 [NetMuon2]:570550 [NetMuon3]:614654 [NetMuon4]:614654
[Run]:39762 [Site]:1 [Bin]:12929 [FullTime]:3600 [SkipTime]:0 [Veto1]:753.399 [Veto2]:739.991 [Veto3]:532.837 [Veto4]:532.837 [SgUp1]:57186 [SgUp2]:56815 [SgUp3]:0 [SgUp4]:0 [SgLow1]:57073 [SgLow2]:56706 [SgLow3]:0 [SgLow4]:0 [NetMuon1]:570098 [NetMuon2]:572131 [NetMuon3]:613989 [NetMuon4]:613989
[Run]:39762 [Site]:1 [Bin]:12930 [FullTime]:3600 [SkipTime]:0 [Veto1]:752.304 [Veto2]:746.394 [Veto3]:532.564 [Veto4]:532.564 [SgUp1]:56588 [SgUp2]:56711 [SgUp3]:0 [SgUp4]:0 [SgLow1]:56491 [SgLow2]:56572 [SgLow3]:0 [SgLow4]:0 [NetMuon1]:569532 [NetMuon2]:570982 [NetMuon3]:613691 [NetMuon4]:613691
[Run]:39762 [Site]:1 [Bin]:12931 [FullTime]:3600 [SkipTime]:0 [Veto1]:756.674 [Veto2]:738.22 [Veto3]:534.011 [Veto4]:534.011 [SgUp1]:56631 [SgUp2]:56950 [SgUp3]:0 [SgUp4]:0 [SgLow1]:56510 [SgLow2]:56852 [SgLow3]:0 [SgLow4]:0 [NetMuon1]:570728 [NetMuon2]:574316 [NetMuon3]:615214 [NetMuon4]:615214
[Run]:39762 [Site]:1 [Bin]:12932 [FullTime]:3600 [SkipTime]:0 [Veto1]:742.125 [Veto2]:759.157 [Veto3]:533.535 [Veto4]:533.535 [SgUp1]:57061 [SgUp2]:56564 [SgUp3]:0 [SgUp4]:0 [SgLow1]:56952 [SgLow2]:56457 [SgLow3]:0 [SgLow4]:0 [NetMuon1]:572991 [NetMuon2]:569666 [NetMuon3]:615157 [NetMuon4]:615157
[Run]:39762 [Site]:1 [Bin]:12933 [FullTime]:3600 [SkipTime]:0 [Veto1]:735.065 [Veto2]:739.898 [Veto3]:532.89 [Veto4]:532.89 [SgUp1]:57130 [SgUp2]:56588 [SgUp3]:0 [SgUp4]:0 [SgLow1]:57012 [SgLow2]:56470 [SgLow3]:0 [SgLow4]:0 [NetMuon1]:573908 [NetMuon2]:572775 [NetMuon3]:614012 [NetMuon4]:614012
[Run]:39762 [Site]:1 [Bin]:12934 [FullTime]:3600 [SkipTime]:0 [Veto1]:751.529 [Veto2]:751.077 [Veto3]:533.742 [Veto4]:533.742 [SgUp1]:56768 [SgUp2]:56298 [SgUp3]:0 [SgUp4]:0 [SgLow1]:56641 [SgLow2]:56174 [SgLow3]:0 [SgLow4]:0 [NetMuon1]:571581 [NetMuon2]:571500 [NetMuon3]:615228 [NetMuon4]:615228
[Run]:39762 [Site]:1 [Bin]:12935 [FullTime]:3600.01 [SkipTime]:0 [Veto1]:736.949 [Veto2]:764.891 [Veto3]:533.159 [Veto4]:533.159 [SgUp1]:57039 [SgUp2]:56141 [SgUp3]:0 [SgUp4]:0 [SgLow1]:56914 [SgLow2]:56037 [SgLow3]:0 [SgLow4]:0 [NetMuon1]:573470 [NetMuon2]:568193 [NetMuon3]:614268 [NetMuon4]:614268
[Run]:39762 [Site]:1 [Bin]:12936 [FullTime]:3600 [SkipTime]:0 [Veto1]:747.138 [Veto2]:725.79 [Veto3]:532.854 [Veto4]:532.854 [SgUp1]:56552 [SgUp2]:57405 [SgUp3]:0 [SgUp4]:0 [SgLow1]:56456 [SgLow2]:57309 [SgLow3]:0 [SgLow4]:0 [NetMuon1]:571408 [NetMuon2]:575658 [NetMuon3]:613978 [NetMuon4]:613978
[Run]:39762 [Site]:1 [Bin]:12937 [FullTime]:3600 [SkipTime]:0 [Veto1]:748.606 [Veto2]:741.544 [Veto3]:532.896 [Veto4]:532.896 [SgUp1]:57017 [SgUp2]:56869 [SgUp3]:0 [SgUp4]:0 [SgLow1]:56901 [SgLow2]:56753 [SgLow3]:0 [SgLow4]:0 [NetMuon1]:571249 [NetMuon2]:572087 [NetMuon3]:613926 [NetMuon4]:613926
[Run]:39762 [Site]:1 [Bin]:12938 [FullTime]:3600 [SkipTime]:0 [Veto1]:718.609 [Veto2]:732.489 [Veto3]:534.001 [Veto4]:534.001 [SgUp1]:57338 [SgUp2]:56212 [SgUp3]:0 [SgUp4]:0 [SgLow1]:57192 [SgLow2]:56110 [SgLow3]:0 [SgLow4]:0 [NetMuon1]:578408 [NetMuon2]:575157 [NetMuon3]:615375 [NetMuon4]:615375
[Run]:39762 [Site]:1 [Bin]:12939 [FullTime]:3600 [SkipTime]:0 [Veto1]:740.471 [Veto2]:730.868 [Veto3]:534.033 [Veto4]:534.033 [SgUp1]:57052 [SgUp2]:56663 [SgUp3]:0 [SgUp4]:0 [SgLow1]:56931 [SgLow2]:56549 [SgLow3]:0 [SgLow4]:0 [NetMuon1]:574048 [NetMuon2]:576152 [NetMuon3]:615442 [NetMuon4]:615442
[Run]:39762 [Site]:1 [Bin]:12940 [FullTime]:3600 [SkipTime]:0 [Veto1]:731.41 [Veto2]:747.486 [Veto3]:532.968 [Veto4]:532.968 [SgUp1]:57257 [SgUp2]:56576 [SgUp3]:0 [SgUp4]:0 [SgLow1]:57135 [SgLow2]:56476 [SgLow3]:0 [SgLow4]:0 [NetMuon1]:574599 [NetMuon2]:571405 [NetMuon3]:614350 [NetMuon4]:614350
[Run]:39762 [Site]:1 [Bin]:12941 [FullTime]:3600 [SkipTime]:0 [Veto1]:732.3 [Veto2]:748.429 [Veto3]:533.494 [Veto4]:533.494 [SgUp1]:57320 [SgUp2]:56883 [SgUp3]:0 [SgUp4]:0 [SgLow1]:57176 [SgLow2]:56783 [SgLow3]:0 [SgLow4]:0 [NetMuon1]:574377 [NetMuon2]:571201 [NetMuon3]:614457 [NetMuon4]:614457
[Run]:39762 [Site]:1 [Bin]:12942 [FullTime]:3600 [SkipTime]:0 [Veto1]:717.311 [Veto2]:741.614 [Veto3]:533.287 [Veto4]:533.287 [SgUp1]:57501 [SgUp2]:56215 [SgUp3]:0 [SgUp4]:0 [SgLow1]:57370 [SgLow2]:56097 [SgLow3]:0 [SgLow4]:0 [NetMuon1]:577528 [NetMuon2]:572941 [NetMuon3]:614401 [NetMuon4]:614401
[Run]:39762 [Site]:1 [Bin]:12943 [FullTime]:3600 [SkipTime]:0 [Veto1]:721.359 [Veto2]:740.975 [Veto3]:533.309 [Veto4]:533.309 [SgUp1]:57514 [SgUp2]:56316 [SgUp3]:0 [SgUp4]:0 [SgLow1]:57399 [SgLow2]:56201 [SgLow3]:0 [SgLow4]:0 [NetMuon1]:576798 [NetMuon2]:573320 [NetMuon3]:614839 [NetMuon4]:614839
[Run]:39762 [Site]:1 [Bin]:12944 [FullTime]:3600 [SkipTime]:0 [Veto1]:736.993 [Veto2]:763.006 [Veto3]:531.748 [Veto4]:531.748 [SgUp1]:56845 [SgUp2]:56308 [SgUp3]:0 [SgUp4]:0 [SgLow1]:56739 [SgLow2]:56197 [SgLow3]:0 [SgLow4]:0 [NetMuon1]:572170 [NetMuon2]:566617 [NetMuon3]:612893 [NetMuon4]:612893
[Run]:39762 [Site]:1 [Bin]:12945 [FullTime]:3600 [SkipTime]:0 [Veto1]:732.872 [Veto2]:750.446 [Veto3]:532.943 [Veto4]:532.943 [SgUp1]:57288 [SgUp2]:56390 [SgUp3]:0 [SgUp4]:0 [SgLow1]:57180 [SgLow2]:56296 [SgLow3]:0 [SgLow4]:0 [NetMuon1]:574042 [NetMuon2]:570756 [NetMuon3]:614018 [NetMuon4]:614018
[Run]:39762 [Site]:1 [Bin]:12946 [FullTime]:3600 [SkipTime]:0 [Veto1]:735.524 [Veto2]:748.236 [Veto3]:534.176 [Veto4]:534.176 [SgUp1]:57039 [SgUp2]:56589 [SgUp3]:0 [SgUp4]:0 [SgLow1]:56947 [SgLow2]:56498 [SgLow3]:0 [SgLow4]:0 [NetMuon1]:575013 [NetMuon2]:572554 [NetMuon3]:615678 [NetMuon4]:615678
[Run]:39762 [Site]:1 [Bin]:12947 [FullTime]:3600 [SkipTime]:0 [Veto1]:742.184 [Veto2]:746.279 [Veto3]:533.04 [Veto4]:533.04 [SgUp1]:57078 [SgUp2]:56811 [SgUp3]:0 [SgUp4]:0 [SgLow1]:56954 [SgLow2]:56700 [SgLow3]:0 [SgLow4]:0 [NetMuon1]:572688 [NetMuon2]:571732 [NetMuon3]:614513 [NetMuon4]:614513
[Run]:39762 [Site]:1 [Bin]:12948 [FullTime]:3600 [SkipTime]:0 [Veto1]:734.26 [Veto2]:756.751 [Veto3]:532.429 [Veto4]:532.429 [SgUp1]:57182 [SgUp2]:56790 [SgUp3]:0 [SgUp4]:0 [SgLow1]:57041 [SgLow2]:56681 [SgLow3]:0 [SgLow4]:0 [NetMuon1]:573470 [NetMuon2]:569074 [NetMuon3]:613841 [NetMuon4]:613841
[Run]:39762 [Site]:1 [Bin]:12949 [FullTime]:3600 [SkipTime]:0 [Veto1]:745.72 [Veto2]:781.318 [Veto3]:532.867 [Veto4]:532.867 [SgUp1]:56602 [SgUp2]:56233 [SgUp3]:0 [SgUp4]:0 [SgLow1]:56488 [SgLow2]:56142 [SgLow3]:0 [SgLow4]:0 [NetMuon1]:571297 [NetMuon2]:564212 [NetMuon3]:613970 [NetMuon4]:613970
[Run]:39762 [Site]:1 [Bin]:12950 [FullTime]:3600 [SkipTime]:0 [Veto1]:729.068 [Veto2]:765.073 [Veto3]:531.45 [Veto4]:531.45 [SgUp1]:57559 [SgUp2]:56629 [SgUp3]:0 [SgUp4]:0 [SgLow1]:57448 [SgLow2]:56529 [SgLow3]:0 [SgLow4]:0 [NetMuon1]:573186 [NetMuon2]:565915 [NetMuon3]:612600 [NetMuon4]:612600
[Run]:39762 [Site]:1 [Bin]:12951 [FullTime]:3600 [SkipTime]:0 [Veto1]:739.195 [Veto2]:735.878 [Veto3]:532.624 [Veto4]:532.624 [SgUp1]:57166 [SgUp2]:56587 [SgUp3]:0 [SgUp4]:0 [SgLow1]:57081 [SgLow2]:56468 [SgLow3]:0 [SgLow4]:0 [NetMuon1]:572872 [NetMuon2]:573370 [NetMuon3]:613901 [NetMuon4]:613901
[Run]:39762 [Site]:1 [Bin]:12952 [FullTime]:3600 [SkipTime]:0 [Veto1]:730.231 [Veto2]:750.298 [Veto3]:533.861 [Veto4]:533.861 [SgUp1]:57295 [SgUp2]:56904 [SgUp3]:0 [SgUp4]:0 [SgLow1]:57192 [SgLow2]:56769 [SgLow3]:0 [SgLow4]:0 [NetMuon1]:576347 [NetMuon2]:571547 [NetMuon3]:615313 [NetMuon4]:615313
[Run]:39762 [Site]:1 [Bin]:12953 [FullTime]:3600 [SkipTime]:0 [Veto1]:739.785 [Veto2]:757.766 [Veto3]:534.177 [Veto4]:534.177 [SgUp1]:57424 [SgUp2]:56996 [SgUp3]:0 [SgUp4]:0 [SgLow1]:57329 [SgLow2]:56894 [SgLow3]:0 [SgLow4]:0 [NetMuon1]:573960 [NetMuon2]:570196 [NetMuon3]:615137 [NetMuon4]:615137
[Run]:39762 [Site]:1 [Bin]:12954 [FullTime]:3600 [SkipTime]:0 [Veto1]:749.892 [Veto2]:748.115 [Veto3]:533.442 [Veto4]:533.442 [SgUp1]:56973 [SgUp2]:56700 [SgUp3]:0 [SgUp4]:0 [SgLow1]:56854 [SgLow2]:56580 [SgLow3]:0 [SgLow4]:0 [NetMuon1]:571464 [NetMuon2]:571524 [NetMuon3]:614687 [NetMuon4]:614687
[Run]:39762 [Site]:1 [Bin]:12955 [FullTime]:3600 [SkipTime]:0 [Veto1]:751.927 [Veto2]:760.538 [Veto3]:533.307 [Veto4]:533.307 [SgUp1]:56790 [SgUp2]:56524 [SgUp3]:0 [SgUp4]:0 [SgLow1]:56684 [SgLow2]:56411 [SgLow3]:0 [SgLow4]:0 [NetMuon1]:570725 [NetMuon2]:569061 [NetMuon3]:614616 [NetMuon4]:614616
[Run]:39762 [Site]:1 [Bin]:12956 [FullTime]:3600 [SkipTime]:0 [Veto1]:735.753 [Veto2]:736.077 [Veto3]:533.653 [Veto4]:533.653 [SgUp1]:57373 [SgUp2]:57312 [SgUp3]:0 [SgUp4]:0 [SgLow1]:57267 [SgLow2]:57205 [SgLow3]:0 [SgLow4]:0 [NetMuon1]:574498 [NetMuon2]:574401 [NetMuon3]:614985 [NetMuon4]:614985
[Run]:39762 [Site]:1 [Bin]:12957 [FullTime]:3600 [SkipTime]:0 [Veto1]:752.665 [Veto2]:745.469 [Veto3]:534.012 [Veto4]:534.012 [SgUp1]:57102 [SgUp2]:56733 [SgUp3]:0 [SgUp4]:0 [SgLow1]:56980 [SgLow2]:56647 [SgLow3]:0 [SgLow4]:0 [NetMuon1]:571516 [NetMuon2]:572972 [NetMuon3]:615544 [NetMuon4]:615544
[Run]:39762 [Site]:1 [Bin]:12958 [FullTime]:3600 [SkipTime]:0 [Veto1]:722.15 [Veto2]:759.191 [Veto3]:533.845 [Veto4]:533.845 [SgUp1]:57488 [SgUp2]:56823 [SgUp3]:0 [SgUp4]:0 [SgLow1]:57369 [SgLow2]:56694 [SgLow3]:0 [SgLow4]:0 [NetMuon1]:577831 [NetMuon2]:570263 [NetMuon3]:615471 [NetMuon4]:615471
[Run]:39762 [Site]:1 [Bin]:12959 [FullTime]:3600 [SkipTime]:0 [Veto1]:745.179 [Veto2]:738.061 [Veto3]:533.165 [Veto4]:533.165 [SgUp1]:57038 [SgUp2]:56995 [SgUp3]:0 [SgUp4]:0 [SgLow1]:56928 [SgLow2]:56913 [SgLow3]:0 [SgLow4]:0 [NetMuon1]:572101 [NetMuon2]:573429 [NetMuon3]:614368 [NetMuon4]:614368
[Run]:39762 [Site]:1 [Bin]:12960 [FullTime]:3600 [SkipTime]:0 [Veto1]:722.838 [Veto2]:770.561 [Veto3]:534 [Veto4]:534 [SgUp1]:57528 [SgUp2]:56368 [SgUp3]:0 [SgUp4]:0 [SgLow1]:57409 [SgLow2]:56262 [SgLow3]:0 [SgLow4]:0 [NetMuon1]:577484 [NetMuon2]:567862 [NetMuon3]:615473 [NetMuon4]:615473
[Run]:39762 [Site]:1 [Bin]:12961 [FullTime]:3600 [SkipTime]:0 [Veto1]:711.797 [Veto2]:750.243 [Veto3]:533.579 [Veto4]:533.579 [SgUp1]:58142 [SgUp2]:56777 [SgUp3]:0 [SgUp4]:0 [SgLow1]:58034 [SgLow2]:56655 [SgLow3]:0 [SgLow4]:0 [NetMuon1]:579060 [NetMuon2]:570897 [NetMuon3]:614761 [NetMuon4]:614761
[Run]:39762 [Site]:1 [Bin]:12962 [FullTime]:3600 [SkipTime]:0 [Veto1]:731.577 [Veto2]:736.26 [Veto3]:533.525 [Veto4]:533.525 [SgUp1]:57877 [SgUp2]:57125 [SgUp3]:0 [SgUp4]:0 [SgLow1]:57733 [SgLow2]:57009 [SgLow3]:0 [SgLow4]:0 [NetMuon1]:574996 [NetMuon2]:574405 [NetMuon3]:614797 [NetMuon4]:614797
[Run]:39762 [Site]:1 [Bin]:12963 [FullTime]:3600 [SkipTime]:0 [Veto1]:737.109 [Veto2]:774.252 [Veto3]:533.694 [Veto4]:533.694 [SgUp1]:56930 [SgUp2]:56425 [SgUp3]:0 [SgUp4]:0 [SgLow1]:56834 [SgLow2]:56328 [SgLow3]:0 [SgLow4]:0 [NetMuon1]:574326 [NetMuon2]:566711 [NetMuon3]:615038 [NetMuon4]:615038
[Run]:39762 [Site]:1 [Bin]:12964 [FullTime]:3600 [SkipTime]:0 [Veto1]:732.594 [Veto2]:746.91 [Veto3]:533.02 [Veto4]:533.02 [SgUp1]:57224 [SgUp2]:57027 [SgUp3]:0 [SgUp4]:0 [SgLow1]:57099 [SgLow2]:56897 [SgLow3]:0 [SgLow4]:0 [NetMuon1]:574199 [NetMuon2]:571836 [NetMuon3]:614257 [NetMuon4]:614257
[Run]:39762 [Site]:1 [Bin]:12965 [FullTime]:3600 [SkipTime]:0 [Veto1]:744.205 [Veto2]:752.403 [Veto3]:533.838 [Veto4]:533.838 [SgUp1]:57070 [SgUp2]:56911 [SgUp3]:0 [SgUp4]:0 [SgLow1]:56956 [SgLow2]:56789 [SgLow3]:0 [SgLow4]:0 [NetMuon1]:572727 [NetMuon2]:570895 [NetMuon3]:614948 [NetMuon4]:614948
[Run]:39762 [Site]:1 [Bin]:12966 [FullTime]:3600 [SkipTime]:0 [Veto1]:727.467 [Veto2]:767.613 [Veto3]:533.963 [Veto4]:533.963 [SgUp1]:57842 [SgUp2]:56786 [SgUp3]:0 [SgUp4]:0 [SgLow1]:57728 [SgLow2]:56642 [SgLow3]:0 [SgLow4]:0 [NetMuon1]:576725 [NetMuon2]:568229 [NetMuon3]:615230 [NetMuon4]:615230
[Run]:39762 [Site]:1 [Bin]:12967 [FullTime]:3600 [SkipTime]:0 [Veto1]:731.082 [Veto2]:758.222 [Veto3]:532.627 [Veto4]:532.627 [SgUp1]:57851 [SgUp2]:56848 [SgUp3]:0 [SgUp4]:0 [SgLow1]:57752 [SgLow2]:56750 [SgLow3]:0 [SgLow4]:0 [NetMuon1]:574073 [NetMuon2]:568912 [NetMuon3]:613775 [NetMuon4]:613775
[Run]:39762 [Site]:1 [Bin]:12968 [FullTime]:3600 [SkipTime]:0 [Veto1]:736.04 [Veto2]:747.301 [Veto3]:533.16 [Veto4]:533.16 [SgUp1]:57926 [SgUp2]:57345 [SgUp3]:0 [SgUp4]:0 [SgLow1]:57805 [SgLow2]:57223 [SgLow3]:0 [SgLow4]:0 [NetMuon1]:573655 [NetMuon2]:571327 [NetMuon3]:614387 [NetMuon4]:614387
[Run]:39762 [Site]:1 [Bin]:12969 [FullTime]:3600 [SkipTime]:0 [Veto1]:753.467 [Veto2]:721.839 [Veto3]:532.732 [Veto4]:532.732 [SgUp1]:56771 [SgUp2]:57408 [SgUp3]:0 [SgUp4]:0 [SgLow1]:56671 [SgLow2]:57268 [SgLow3]:0 [SgLow4]:0 [NetMuon1]:569650 [NetMuon2]:576159 [NetMuon3]:613628 [NetMuon4]:613628
[Run]:39762 [Site]:1 [Bin]:12970 [FullTime]:3600 [SkipTime]:0 [Veto1]:739.482 [Veto2]:752.188 [Veto3]:533.036 [Veto4]:533.036 [SgUp1]:57551 [SgUp2]:56627 [SgUp3]:0 [SgUp4]:0 [SgLow1]:57463 [SgLow2]:56509 [SgLow3]:0 [SgLow4]:0 [NetMuon1]:572723 [NetMuon2]:570073 [NetMuon3]:614094 [NetMuon4]:614094
[Run]:39762 [Site]:1 [Bin]:12971 [FullTime]:3600 [SkipTime]:0 [Veto1]:744.788 [Veto2]:747.107 [Veto3]:533.245 [Veto4]:533.245 [SgUp1]:57166 [SgUp2]:57345 [SgUp3]:0 [SgUp4]:0 [SgLow1]:57054 [SgLow2]:57218 [SgLow3]:0 [SgLow4]:0 [NetMuon1]:572150 [NetMuon2]:571698 [NetMuon3]:614536 [NetMuon4]:614536
[Run]:39762 [Site]:1 [Bin]:12972 [FullTime]:3600 [SkipTime]:0 [Veto1]:731.592 [Veto2]:746.268 [Veto3]:533.197 [Veto4]:533.197 [SgUp1]:58103 [SgUp2]:56954 [SgUp3]:0 [SgUp4]:0 [SgLow1]:57967 [SgLow2]:56862 [SgLow3]:0 [SgLow4]:0 [NetMuon1]:574540 [NetMuon2]:571956 [NetMuon3]:614434 [NetMuon4]:614434
[Run]:39762 [Site]:1 [Bin]:12973 [FullTime]:3600 [SkipTime]:0 [Veto1]:731.1 [Veto2]:724.153 [Veto3]:532.829 [Veto4]:532.829 [SgUp1]:57739 [SgUp2]:58009 [SgUp3]:0 [SgUp4]:0 [SgLow1]:57629 [SgLow2]:57882 [SgLow3]:0 [SgLow4]:0 [NetMuon1]:574409 [NetMuon2]:576043 [NetMuon3]:614173 [NetMuon4]:614173
[Run]:39762 [Site]:1 [Bin]:12974 [FullTime]:3600 [SkipTime]:0 [Veto1]:730.294 [Veto2]:753.139 [Veto3]:533.145 [Veto4]:533.145 [SgUp1]:57895 [SgUp2]:57004 [SgUp3]:0 [SgUp4]:0 [SgLow1]:57768 [SgLow2]:56876 [SgLow3]:0 [SgLow4]:0 [NetMuon1]:574981 [NetMuon2]:570422 [NetMuon3]:614537 [NetMuon4]:614537
[Run]:39762 [Site]:1 [Bin]:12975 [FullTime]:3600 [SkipTime]:0 [Veto1]:753.88 [Veto2]:757.723 [Veto3]:534.108 [Veto4]:534.108 [SgUp1]:57142 [SgUp2]:57215 [SgUp3]:0 [SgUp4]:0 [SgLow1]:57037 [SgLow2]:57100 [SgLow3]:0 [SgLow4]:0 [NetMuon1]:571284 [NetMuon2]:570801 [NetMuon3]:615470 [NetMuon4]:615470
[Run]:39762 [Site]:1 [Bin]:12976 [FullTime]:3600 [SkipTime]:0 [Veto1]:733.484 [Veto2]:747.298 [Veto3]:533.708 [Veto4]:533.708 [SgUp1]:57721 [SgUp2]:57400 [SgUp3]:0 [SgUp4]:0 [SgLow1]:57612 [SgLow2]:57282 [SgLow3]:0 [SgLow4]:0 [NetMuon1]:574861 [NetMuon2]:571945 [NetMuon3]:614973 [NetMuon4]:614973
[Run]:39762 [Site]:1 [Bin]:12977 [FullTime]:3600 [SkipTime]:0 [Veto1]:720.35 [Veto2]:740.626 [Veto3]:533.514 [Veto4]:533.514 [SgUp1]:57574 [SgUp2]:57318 [SgUp3]:0 [SgUp4]:0 [SgLow1]:57467 [SgLow2]:57209 [SgLow3]:0 [SgLow4]:0 [NetMuon1]:577386 [NetMuon2]:573087 [NetMuon3]:614560 [NetMuon4]:614560
[Run]:39762 [Site]:1 [Bin]:12978 [FullTime]:3600 [SkipTime]:0 [Veto1]:743.95 [Veto2]:778.45 [Veto3]:533.29 [Veto4]:533.29 [SgUp1]:56994 [SgUp2]:56424 [SgUp3]:0 [SgUp4]:0 [SgLow1]:56863 [SgLow2]:56306 [SgLow3]:0 [SgLow4]:0 [NetMuon1]:572024 [NetMuon2]:565698 [NetMuon3]:614333 [NetMuon4]:614333
[Run]:39762 [Site]:1 [Bin]:12979 [FullTime]:3600 [SkipTime]:0 [Veto1]:731.113 [Veto2]:746.738 [Veto3]:533.721 [Veto4]:533.721 [SgUp1]:57791 [SgUp2]:57033 [SgUp3]:0 [SgUp4]:0 [SgLow1]:57678 [SgLow2]:56922 [SgLow3]:0 [SgLow4]:0 [NetMuon1]:575291 [NetMuon2]:572722 [NetMuon3]:615099 [NetMuon4]:615099
[Run]:39762 [Site]:1 [Bin]:12980 [FullTime]:3600 [SkipTime]:0 [Veto1]:746.229 [Veto2]:753.528 [Veto3]:534.112 [Veto4]:534.112 [SgUp1]:57403 [SgUp2]:56842 [SgUp3]:0 [SgUp4]:0 [SgLow1]:57272 [SgLow2]:56771 [SgLow3]:0 [SgLow4]:0 [NetMuon1]:572710 [NetMuon2]:571510 [NetMuon3]:615356 [NetMuon4]:615356
[Run]:39762 [Site]:1 [Bin]:12981 [FullTime]:3600 [SkipTime]:0 [Veto1]:733.079 [Veto2]:721.81 [Veto3]:534.595 [Veto4]:534.595 [SgUp1]:57566 [SgUp2]:57176 [SgUp3]:0 [SgUp4]:0 [SgLow1]:57452 [SgLow2]:57065 [SgLow3]:0 [SgLow4]:0 [NetMuon1]:576087 [NetMuon2]:578531 [NetMuon3]:615880 [NetMuon4]:615880
[Run]:39762 [Site]:1 [Bin]:12982 [FullTime]:3600 [SkipTime]:0 [Veto1]:721.238 [Veto2]:746.968 [Veto3]:533.839 [Veto4]:533.839 [SgUp1]:58336 [SgUp2]:57042 [SgUp3]:0 [SgUp4]:0 [SgLow1]:58195 [SgLow2]:56923 [SgLow3]:0 [SgLow4]:0 [NetMuon1]:577198 [NetMuon2]:572387 [NetMuon3]:615040 [NetMuon4]:615040
[Run]:39762 [Site]:1 [Bin]:12983 [FullTime]:3600 [SkipTime]:0 [Veto1]:765.753 [Veto2]:753.279 [Veto3]:534.272 [Veto4]:534.272 [SgUp1]:57224 [SgUp2]:56933 [SgUp3]:0 [SgUp4]:0 [SgLow1]:57090 [SgLow2]:56797 [SgLow3]:0 [SgLow4]:0 [NetMuon1]:569075 [NetMuon2]:571547 [NetMuon3]:615642 [NetMuon4]:615642
[Run]:39762 [Site]:1 [Bin]:12984 [FullTime]:3600 [SkipTime]:0 [Veto1]:744.793 [Veto2]:739.173 [Veto3]:533.456 [Veto4]:533.456 [SgUp1]:57903 [SgUp2]:56743 [SgUp3]:0 [SgUp4]:0 [SgLow1]:57772 [SgLow2]:56622 [SgLow3]:0 [SgLow4]:0 [NetMuon1]:572345 [NetMuon2]:573129 [NetMuon3]:614546 [NetMuon4]:614546
[Run]:39762 [Site]:1 [Bin]:12985 [FullTime]:3600 [SkipTime]:0 [Veto1]:739.286 [Veto2]:757.131 [Veto3]:534.111 [Veto4]:534.111 [SgUp1]:57731 [SgUp2]:57265 [SgUp3]:0 [SgUp4]:0 [SgLow1]:57621 [SgLow2]:57123 [SgLow3]:0 [SgLow4]:0 [NetMuon1]:573964 [NetMuon2]:570651 [NetMuon3]:615380 [NetMuon4]:615380
[Run]:39762 [Site]:1 [Bin]:12986 [FullTime]:3600 [SkipTime]:0 [Veto1]:726.94 [Veto2]:745.912 [Veto3]:533.731 [Veto4]:533.731 [SgUp1]:57658 [SgUp2]:56837 [SgUp3]:0 [SgUp4]:0 [SgLow1]:57546 [SgLow2]:56728 [SgLow3]:0 [SgLow4]:0 [NetMuon1]:576318 [NetMuon2]:572806 [NetMuon3]:615072 [NetMuon4]:615072
[Run]:39762 [Site]:1 [Bin]:12987 [FullTime]:3600 [SkipTime]:0 [Veto1]:744.521 [Veto2]:739.089 [Veto3]:534.217 [Veto4]:534.217 [SgUp1]:57658 [SgUp2]:57367 [SgUp3]:0 [SgUp4]:0 [SgLow1]:57535 [SgLow2]:57253 [SgLow3]:0 [SgLow4]:0 [NetMuon1]:573554 [NetMuon2]:574381 [NetMuon3]:615711 [NetMuon4]:615711
[Run]:39762 [Site]:1 [Bin]:12988 [FullTime]:3600 [SkipTime]:0 [Veto1]:755.207 [Veto2]:753.616 [Veto3]:534.43 [Veto4]:534.43 [SgUp1]:56985 [SgUp2]:56838 [SgUp3]:0 [SgUp4]:0 [SgLow1]:56864 [SgLow2]:56726 [SgLow3]:0 [SgLow4]:0 [NetMuon1]:571602 [NetMuon2]:572057 [NetMuon3]:615866 [NetMuon4]:615866
[Run]:39762 [Site]:1 [Bin]:12989 [FullTime]:3600 [SkipTime]:0 [Veto1]:735.048 [Veto2]:772.891 [Veto3]:533.204 [Veto4]:533.204 [SgUp1]:57212 [SgUp2]:56734 [SgUp3]:0 [SgUp4]:0 [SgLow1]:57087 [SgLow2]:56626 [SgLow3]:0 [SgLow4]:0 [NetMuon1]:573878 [NetMuon2]:566042 [NetMuon3]:614294 [NetMuon4]:614294
[Run]:39762 [Site]:1 [Bin]:12990 [FullTime]:3600 [SkipTime]:0 [Veto1]:723.457 [Veto2]:738.69 [Veto3]:535.834 [Veto4]:535.834 [SgUp1]:57451 [SgUp2]:57119 [SgUp3]:0 [SgUp4]:0 [SgLow1]:57312 [SgLow2]:56981 [SgLow3]:0 [SgLow4]:0 [NetMuon1]:579930 [NetMuon2]:576754 [NetMuon3]:617471 [NetMuon4]:617471
[Run]:39762 [Site]:1 [Bin]:12991 [FullTime]:3600 [SkipTime]:0 [Veto1]:753.339 [Veto2]:725.474 [Veto3]:534.223 [Veto4]:534.223 [SgUp1]:57233 [SgUp2]:57116 [SgUp3]:0 [SgUp4]:0 [SgLow1]:57127 [SgLow2]:57007 [SgLow3]:0 [SgLow4]:0 [NetMuon1]:571387 [NetMuon2]:577315 [NetMuon3]:615373 [NetMuon4]:615373
[Run]:39762 [Site]:1 [Bin]:12992 [FullTime]:3600 [SkipTime]:0 [Veto1]:749.767 [Veto2]:748.795 [Veto3]:535.535 [Veto4]:535.535 [SgUp1]:57735 [SgUp2]:56378 [SgUp3]:0 [SgUp4]:0 [SgLow1]:57625 [SgLow2]:56265 [SgLow3]:0 [SgLow4]:0 [NetMuon1]:573809 [NetMuon2]:573939 [NetMuon3]:616971 [NetMuon4]:616971
[Run]:39762 [Site]:1 [Bin]:12993 [FullTime]:3600 [SkipTime]:0 [Veto1]:741.536 [Veto2]:765.591 [Veto3]:535.002 [Veto4]:535.002 [SgUp1]:58004 [SgUp2]:56192 [SgUp3]:0 [SgUp4]:0 [SgLow1]:57891 [SgLow2]:56092 [SgLow3]:0 [SgLow4]:0 [NetMuon1]:574970 [NetMuon2]:570648 [NetMuon3]:616680 [NetMuon4]:616680
[Run]:39762 [Site]:1 [Bin]:12994 [FullTime]:3600 [SkipTime]:0 [Veto1]:736.158 [Veto2]:762.813 [Veto3]:533.963 [Veto4]:533.963 [SgUp1]:57839 [SgUp2]:56548 [SgUp3]:0 [SgUp4]:0 [SgLow1]:57702 [SgLow2]:56422 [SgLow3]:0 [SgLow4]:0 [NetMuon1]:574705 [NetMuon2]:569528 [NetMuon3]:615475 [NetMuon4]:615475
[Run]:39762 [Site]:1 [Bin]:12995 [FullTime]:3600 [SkipTime]:0 [Veto1]:727.968 [Veto2]:750.185 [Veto3]:534.638 [Veto4]:534.638 [SgUp1]:58019 [SgUp2]:57244 [SgUp3]:0 [SgUp4]:0 [SgLow1]:57918 [SgLow2]:57132 [SgLow3]:0 [SgLow4]:0 [NetMuon1]:576854 [NetMuon2]:572820 [NetMuon3]:615963 [NetMuon4]:615963
[Run]:39762 [Site]:1 [Bin]:12996 [FullTime]:3600 [SkipTime]:0 [Veto1]:742.559 [Veto2]:763.69 [Veto3]:535.025 [Veto4]:535.025 [SgUp1]:57380 [SgUp2]:56278 [SgUp3]:0 [SgUp4]:0 [SgLow1]:57247 [SgLow2]:56174 [SgLow3]:0 [SgLow4]:0 [NetMuon1]:574387 [NetMuon2]:570516 [NetMuon3]:616394 [NetMuon4]:616394
[Run]:39762 [Site]:1 [Bin]:12997 [FullTime]:3600 [SkipTime]:0 [Veto1]:737.807 [Veto2]:750.37 [Veto3]:533.788 [Veto4]:533.788 [SgUp1]:57554 [SgUp2]:57158 [SgUp3]:0 [SgUp4]:0 [SgLow1]:57439 [SgLow2]:57055 [SgLow3]:0 [SgLow4]:0 [NetMuon1]:574090 [NetMuon2]:571705 [NetMuon3]:615069 [NetMuon4]:615069
[Run]:39762 [Site]:1 [Bin]:12998 [FullTime]:3600 [SkipTime]:0 [Veto1]:746.647 [Veto2]:744.335 [Veto3]:532.999 [Veto4]:532.999 [SgUp1]:57420 [SgUp2]:56900 [SgUp3]:0 [SgUp4]:0 [SgLow1]:57308 [SgLow2]:56779 [SgLow3]:0 [SgLow4]:0 [NetMuon1]:571396 [NetMuon2]:571525 [NetMuon3]:613797 [NetMuon4]:613797
[Run]:39762 [Site]:1 [Bin]:12999 [FullTime]:3600 [SkipTime]:0 [Veto1]:730.684 [Veto2]:749.326 [Veto3]:533.787 [Veto4]:533.787 [SgUp1]:58076 [SgUp2]:57044 [SgUp3]:0 [SgUp4]:0 [SgLow1]:57964 [SgLow2]:56957 [SgLow3]:0 [SgLow4]:0 [NetMuon1]:575737 [NetMuon2]:571855 [NetMuon3]:615116 [NetMuon4]:615116
[Run]:39762 [Site]:1 [Bin]:13000 [FullTime]:3600 [SkipTime]:0 [Veto1]:743.658 [Veto2]:762.286 [Veto3]:533.439 [Veto4]:533.439 [SgUp1]:57750 [SgUp2]:56614 [SgUp3]:0 [SgUp4]:0 [SgLow1]:57632 [SgLow2]:56498 [SgLow3]:0 [SgLow4]:0 [NetMuon1]:572567 [NetMuon2]:568776 [NetMuon3]:614830 [NetMuon4]:614830
[Run]:39762 [Site]:1 [Bin]:13001 [FullTime]:3600 [SkipTime]:0 [Veto1]:732.179 [Veto2]:753.553 [Veto3]:534.148 [Veto4]:534.148 [SgUp1]:57969 [SgUp2]:56687 [SgUp3]:0 [SgUp4]:0 [SgLow1]:57834 [SgLow2]:56573 [SgLow3]:0 [SgLow4]:0 [NetMuon1]:575629 [NetMuon2]:571347 [NetMuon3]:615644 [NetMuon4]:615644
[Run]:39762 [Site]:1 [Bin]:13002 [FullTime]:3600 [SkipTime]:0 [Veto1]:746.476 [Veto2]:765.624 [Veto3]:533.917 [Veto4]:533.917 [SgUp1]:57588 [SgUp2]:56207 [SgUp3]:0 [SgUp4]:0 [SgLow1]:57475 [SgLow2]:56107 [SgLow3]:0 [SgLow4]:0 [NetMuon1]:572952 [NetMuon2]:569296 [NetMuon3]:615238 [NetMuon4]:615238
[Run]:39762 [Site]:1 [Bin]:13003 [FullTime]:3600 [SkipTime]:0 [Veto1]:728.944 [Veto2]:760.207 [Veto3]:534.95 [Veto4]:534.95 [SgUp1]:58289 [SgUp2]:56403 [SgUp3]:0 [SgUp4]:0 [SgLow1]:58174 [SgLow2]:56317 [SgLow3]:0 [SgLow4]:0 [NetMuon1]:577754 [NetMuon2]:571168 [NetMuon3]:616670 [NetMuon4]:616670
[Run]:39762 [Site]:1 [Bin]:13004 [FullTime]:3600 [SkipTime]:0 [Veto1]:757.235 [Veto2]:762.403 [Veto3]:534.856 [Veto4]:534.856 [SgUp1]:57333 [SgUp2]:56355 [SgUp3]:0 [SgUp4]:0 [SgLow1]:57207 [SgLow2]:56258 [SgLow3]:0 [SgLow4]:0 [NetMuon1]:572123 [NetMuon2]:571003 [NetMuon3]:616457 [NetMuon4]:616457
[Run]:39762 [Site]:1 [Bin]:13005 [FullTime]:3600 [SkipTime]:0 [Veto1]:739.647 [Veto2]:741.317 [Veto3]:534.424 [Veto4]:534.424 [SgUp1]:57591 [SgUp2]:57316 [SgUp3]:0 [SgUp4]:0 [SgLow1]:57509 [SgLow2]:57200 [SgLow3]:0 [SgLow4]:0 [NetMuon1]:574388 [NetMuon2]:574116 [NetMuon3]:615593 [NetMuon4]:615593
[Run]:39762 [Site]:1 [Bin]:13006 [FullTime]:3600 [SkipTime]:0 [Veto1]:726.49 [Veto2]:761.418 [Veto3]:533.759 [Veto4]:533.759 [SgUp1]:57877 [SgUp2]:56559 [SgUp3]:0 [SgUp4]:0 [SgLow1]:57754 [SgLow2]:56433 [SgLow3]:0 [SgLow4]:0 [NetMuon1]:576375 [NetMuon2]:569550 [NetMuon3]:615066 [NetMuon4]:615066
[Run]:39762 [Site]:1 [Bin]:13007 [FullTime]:3600 [SkipTime]:0 [Veto1]:758.967 [Veto2]:743.9 [Veto3]:535.829 [Veto4]:535.829 [SgUp1]:57529 [SgUp2]:57098 [SgUp3]:0 [SgUp4]:0 [SgLow1]:57418 [SgLow2]:56977 [SgLow3]:0 [SgLow4]:0 [NetMuon1]:572417 [NetMuon2]:575750 [NetMuon3]:617278 [NetMuon4]:617278
End process Run: 39762 ... 
[Run]:39762 [Site]:1 [Bin]:13008 [FullTime]:1664.29 [SkipTime]:0 [Veto1]:342.528 [Veto2]:359.847 [Veto3]:247.167 [Veto4]:247.167
