StreamChain add 0x56bd7f0
Start to process run: 40542 ... 
[Run]:40542 [Site]:1 [Bin]:13799 [FullTime]:1781.35 [SkipTime]:0 [Veto1]:365.161 [Veto2]:372.573 [Veto3]:264.557 [Veto4]:264.557 [SgUp1]:28545 [SgUp2]:28138 [SgUp3]:0 [SgUp4]:0 [SgLow1]:28466 [SgLow2]:28086 [SgLow3]:0 [SgLow4]:0 [NetMuon1]:284733 [NetMuon2]:283311 [NetMuon3]:304945 [NetMuon4]:304945
[Run]:40542 [Site]:1 [Bin]:13800 [FullTime]:3600 [SkipTime]:0 [Veto1]:743.249 [Veto2]:736.661 [Veto3]:535.056 [Veto4]:535.056 [SgUp1]:57115 [SgUp2]:57113 [SgUp3]:0 [SgUp4]:0 [SgLow1]:56989 [SgLow2]:56993 [SgLow3]:0 [SgLow4]:0 [NetMuon1]:574357 [NetMuon2]:576227 [NetMuon3]:616550 [NetMuon4]:616550
[Run]:40542 [Site]:1 [Bin]:13801 [FullTime]:3600 [SkipTime]:0 [Veto1]:754.494 [Veto2]:748.637 [Veto3]:534.748 [Veto4]:534.748 [SgUp1]:57173 [SgUp2]:56938 [SgUp3]:0 [SgUp4]:0 [SgLow1]:57065 [SgLow2]:56794 [SgLow3]:0 [SgLow4]:0 [NetMuon1]:572366 [NetMuon2]:573767 [NetMuon3]:616424 [NetMuon4]:616424
[Run]:40542 [Site]:1 [Bin]:13802 [FullTime]:3600 [SkipTime]:0 [Veto1]:754.594 [Veto2]:752.647 [Veto3]:534.94 [Veto4]:534.94 [SgUp1]:57050 [SgUp2]:56898 [SgUp3]:0 [SgUp4]:0 [SgLow1]:56915 [SgLow2]:56776 [SgLow3]:0 [SgLow4]:0 [NetMuon1]:572364 [NetMuon2]:572713 [NetMuon3]:616421 [NetMuon4]:616421
[Run]:40542 [Site]:1 [Bin]:13804 [FullTime]:3082.12 [SkipTime]:0 [Veto1]:615.19 [Veto2]:651.693 [Veto3]:457.128 [Veto4]:457.128 [SgUp1]:49046 [SgUp2]:48315 [SgUp3]:0 [SgUp4]:0 [SgLow1]:48930 [SgLow2]:48207 [SgLow3]:0 [SgLow4]:0 [NetMuon1]:494982 [NetMuon2]:487306 [NetMuon3]:526412 [NetMuon4]:526412
[Run]:40542 [Site]:1 [Bin]:13805 [FullTime]:3600 [SkipTime]:0 [Veto1]:738.162 [Veto2]:754.844 [Veto3]:533.473 [Veto4]:533.473 [SgUp1]:57284 [SgUp2]:56923 [SgUp3]:0 [SgUp4]:0 [SgLow1]:57176 [SgLow2]:56810 [SgLow3]:0 [SgLow4]:0 [NetMuon1]:573863 [NetMuon2]:570150 [NetMuon3]:614617 [NetMuon4]:614617
[Run]:40542 [Site]:1 [Bin]:13806 [FullTime]:3600 [SkipTime]:0 [Veto1]:725.186 [Veto2]:762.636 [Veto3]:533.114 [Veto4]:533.114 [SgUp1]:57551 [SgUp2]:57002 [SgUp3]:0 [SgUp4]:0 [SgLow1]:57436 [SgLow2]:56888 [SgLow3]:0 [SgLow4]:0 [NetMuon1]:575717 [NetMuon2]:568411 [NetMuon3]:614387 [NetMuon4]:614387
[Run]:40542 [Site]:1 [Bin]:13807 [FullTime]:3600 [SkipTime]:0 [Veto1]:729.841 [Veto2]:744.777 [Veto3]:535.092 [Veto4]:535.092 [SgUp1]:57218 [SgUp2]:56597 [SgUp3]:0 [SgUp4]:0 [SgLow1]:57097 [SgLow2]:56471 [SgLow3]:0 [SgLow4]:0 [NetMuon1]:577252 [NetMuon2]:574003 [NetMuon3]:616323 [NetMuon4]:616323
[Run]:40542 [Site]:1 [Bin]:13808 [FullTime]:3600 [SkipTime]:0 [Veto1]:731.554 [Veto2]:738.102 [Veto3]:533.489 [Veto4]:533.489 [SgUp1]:57081 [SgUp2]:56678 [SgUp3]:0 [SgUp4]:0 [SgLow1]:56940 [SgLow2]:56556 [SgLow3]:0 [SgLow4]:0 [NetMuon1]:575000 [NetMuon2]:573730 [NetMuon3]:614815 [NetMuon4]:614815
[Run]:40542 [Site]:1 [Bin]:13809 [FullTime]:3600 [SkipTime]:0 [Veto1]:747.277 [Veto2]:756 [Veto3]:533.612 [Veto4]:533.612 [SgUp1]:56777 [SgUp2]:57159 [SgUp3]:0 [SgUp4]:0 [SgLow1]:56697 [SgLow2]:57026 [SgLow3]:0 [SgLow4]:0 [NetMuon1]:571710 [NetMuon2]:570356 [NetMuon3]:614906 [NetMuon4]:614906
[Run]:40542 [Site]:1 [Bin]:13810 [FullTime]:3600 [SkipTime]:0 [Veto1]:736.949 [Veto2]:741.269 [Veto3]:533.245 [Veto4]:533.245 [SgUp1]:57039 [SgUp2]:57124 [SgUp3]:0 [SgUp4]:0 [SgLow1]:56944 [SgLow2]:57011 [SgLow3]:0 [SgLow4]:0 [NetMuon1]:573408 [NetMuon2]:572353 [NetMuon3]:614176 [NetMuon4]:614176
[Run]:40542 [Site]:1 [Bin]:13811 [FullTime]:3600 [SkipTime]:0 [Veto1]:756.032 [Veto2]:744.004 [Veto3]:534.227 [Veto4]:534.227 [SgUp1]:56828 [SgUp2]:57356 [SgUp3]:0 [SgUp4]:0 [SgLow1]:56741 [SgLow2]:57227 [SgLow3]:0 [SgLow4]:0 [NetMuon1]:570577 [NetMuon2]:573094 [NetMuon3]:615444 [NetMuon4]:615444
[Run]:40542 [Site]:1 [Bin]:13812 [FullTime]:3600 [SkipTime]:0 [Veto1]:736.482 [Veto2]:751.29 [Veto3]:534.223 [Veto4]:534.223 [SgUp1]:57157 [SgUp2]:56949 [SgUp3]:0 [SgUp4]:0 [SgLow1]:57036 [SgLow2]:56823 [SgLow3]:0 [SgLow4]:0 [NetMuon1]:574459 [NetMuon2]:571496 [NetMuon3]:615115 [NetMuon4]:615115
[Run]:40542 [Site]:1 [Bin]:13813 [FullTime]:3600 [SkipTime]:0 [Veto1]:735.39 [Veto2]:772.018 [Veto3]:534.135 [Veto4]:534.135 [SgUp1]:57255 [SgUp2]:56373 [SgUp3]:0 [SgUp4]:0 [SgLow1]:57144 [SgLow2]:56258 [SgLow3]:0 [SgLow4]:0 [NetMuon1]:575117 [NetMuon2]:568025 [NetMuon3]:615656 [NetMuon4]:615656
[Run]:40542 [Site]:1 [Bin]:13814 [FullTime]:3600 [SkipTime]:0 [Veto1]:724.866 [Veto2]:742.505 [Veto3]:533.535 [Veto4]:533.535 [SgUp1]:57323 [SgUp2]:56364 [SgUp3]:0 [SgUp4]:0 [SgLow1]:57206 [SgLow2]:56250 [SgLow3]:0 [SgLow4]:0 [NetMuon1]:576088 [NetMuon2]:572651 [NetMuon3]:614687 [NetMuon4]:614687
[Run]:40542 [Site]:1 [Bin]:13815 [FullTime]:3600 [SkipTime]:0 [Veto1]:729.261 [Veto2]:745.226 [Veto3]:533.736 [Veto4]:533.736 [SgUp1]:57041 [SgUp2]:56682 [SgUp3]:0 [SgUp4]:0 [SgLow1]:56924 [SgLow2]:56590 [SgLow3]:0 [SgLow4]:0 [NetMuon1]:575989 [NetMuon2]:572667 [NetMuon3]:615115 [NetMuon4]:615115
[Run]:40542 [Site]:1 [Bin]:13816 [FullTime]:3600 [SkipTime]:0 [Veto1]:724.569 [Veto2]:757.2 [Veto3]:533.656 [Veto4]:533.656 [SgUp1]:57577 [SgUp2]:56739 [SgUp3]:0 [SgUp4]:0 [SgLow1]:57481 [SgLow2]:56620 [SgLow3]:0 [SgLow4]:0 [NetMuon1]:576611 [NetMuon2]:570333 [NetMuon3]:614907 [NetMuon4]:614907
[Run]:40542 [Site]:1 [Bin]:13817 [FullTime]:3600 [SkipTime]:0 [Veto1]:730.117 [Veto2]:756.093 [Veto3]:534.267 [Veto4]:534.267 [SgUp1]:56979 [SgUp2]:56505 [SgUp3]:0 [SgUp4]:0 [SgLow1]:56873 [SgLow2]:56380 [SgLow3]:0 [SgLow4]:0 [NetMuon1]:576285 [NetMuon2]:570943 [NetMuon3]:615665 [NetMuon4]:615665
[Run]:40542 [Site]:1 [Bin]:13818 [FullTime]:3600 [SkipTime]:0 [Veto1]:742.65 [Veto2]:743.951 [Veto3]:534.522 [Veto4]:534.522 [SgUp1]:56849 [SgUp2]:57419 [SgUp3]:0 [SgUp4]:0 [SgLow1]:56716 [SgLow2]:57288 [SgLow3]:0 [SgLow4]:0 [NetMuon1]:573759 [NetMuon2]:573757 [NetMuon3]:615742 [NetMuon4]:615742
[Run]:40542 [Site]:1 [Bin]:13819 [FullTime]:3600 [SkipTime]:0 [Veto1]:721.756 [Veto2]:748.21 [Veto3]:534.222 [Veto4]:534.222 [SgUp1]:57102 [SgUp2]:56552 [SgUp3]:0 [SgUp4]:0 [SgLow1]:57002 [SgLow2]:56414 [SgLow3]:0 [SgLow4]:0 [NetMuon1]:578256 [NetMuon2]:572475 [NetMuon3]:615549 [NetMuon4]:615549
[Run]:40542 [Site]:1 [Bin]:13820 [FullTime]:3600 [SkipTime]:0 [Veto1]:741.109 [Veto2]:750.041 [Veto3]:534.658 [Veto4]:534.658 [SgUp1]:56995 [SgUp2]:56576 [SgUp3]:0 [SgUp4]:0 [SgLow1]:56862 [SgLow2]:56466 [SgLow3]:0 [SgLow4]:0 [NetMuon1]:574995 [NetMuon2]:572656 [NetMuon3]:616133 [NetMuon4]:616133
[Run]:40542 [Site]:1 [Bin]:13821 [FullTime]:3600 [SkipTime]:0 [Veto1]:743.704 [Veto2]:764.12 [Veto3]:533.952 [Veto4]:533.952 [SgUp1]:56641 [SgUp2]:56006 [SgUp3]:0 [SgUp4]:0 [SgLow1]:56528 [SgLow2]:55898 [SgLow3]:0 [SgLow4]:0 [NetMuon1]:573479 [NetMuon2]:568795 [NetMuon3]:615144 [NetMuon4]:615144
[Run]:40542 [Site]:1 [Bin]:13822 [FullTime]:3600 [SkipTime]:0 [Veto1]:744.522 [Veto2]:756.486 [Veto3]:535.297 [Veto4]:535.297 [SgUp1]:56696 [SgUp2]:56463 [SgUp3]:0 [SgUp4]:0 [SgLow1]:56606 [SgLow2]:56347 [SgLow3]:0 [SgLow4]:0 [NetMuon1]:574771 [NetMuon2]:572340 [NetMuon3]:616633 [NetMuon4]:616633
[Run]:40542 [Site]:1 [Bin]:13823 [FullTime]:3600 [SkipTime]:0 [Veto1]:761.954 [Veto2]:752.602 [Veto3]:535.098 [Veto4]:535.098 [SgUp1]:56136 [SgUp2]:56597 [SgUp3]:0 [SgUp4]:0 [SgLow1]:55997 [SgLow2]:56460 [SgLow3]:0 [SgLow4]:0 [NetMuon1]:571104 [NetMuon2]:572534 [NetMuon3]:616451 [NetMuon4]:616451
[Run]:40542 [Site]:1 [Bin]:13824 [FullTime]:3600 [SkipTime]:0 [Veto1]:738.417 [Veto2]:760.001 [Veto3]:534.845 [Veto4]:534.845 [SgUp1]:56992 [SgUp2]:56675 [SgUp3]:0 [SgUp4]:0 [SgLow1]:56882 [SgLow2]:56551 [SgLow3]:0 [SgLow4]:0 [NetMuon1]:575596 [NetMuon2]:571302 [NetMuon3]:616465 [NetMuon4]:616465
End process Run: 40542 ... 
[Run]:40542 [Site]:1 [Bin]:13825 [FullTime]:1320.77 [SkipTime]:0 [Veto1]:276.654 [Veto2]:251.114 [Veto3]:196.879 [Veto4]:196.879
