StreamChain add 0xb1137f0
Start to process run: 40144 ... 
[Run]:40144 [Site]:1 [Bin]:13369 [FullTime]:1658.91 [SkipTime]:0 [Veto1]:339.611 [Veto2]:338.029 [Veto3]:245.673 [Veto4]:245.673 [SgUp1]:26581 [SgUp2]:26250 [SgUp3]:0 [SgUp4]:0 [SgLow1]:26531 [SgLow2]:26196 [SgLow3]:0 [SgLow4]:0 [NetMuon1]:264327 [NetMuon2]:264590 [NetMuon3]:283322 [NetMuon4]:283322
[Run]:40144 [Site]:1 [Bin]:13370 [FullTime]:3600 [SkipTime]:0 [Veto1]:729.277 [Veto2]:754.885 [Veto3]:534.371 [Veto4]:534.371 [SgUp1]:57023 [SgUp2]:56441 [SgUp3]:0 [SgUp4]:0 [SgLow1]:56874 [SgLow2]:56353 [SgLow3]:0 [SgLow4]:0 [NetMuon1]:576521 [NetMuon2]:571303 [NetMuon3]:615653 [NetMuon4]:615653
[Run]:40144 [Site]:1 [Bin]:13371 [FullTime]:3600 [SkipTime]:0 [Veto1]:746.502 [Veto2]:747.633 [Veto3]:534.527 [Veto4]:534.527 [SgUp1]:56967 [SgUp2]:56545 [SgUp3]:0 [SgUp4]:0 [SgLow1]:56869 [SgLow2]:56444 [SgLow3]:0 [SgLow4]:0 [NetMuon1]:573402 [NetMuon2]:573024 [NetMuon3]:615774 [NetMuon4]:615774
[Run]:40144 [Site]:1 [Bin]:13372 [FullTime]:3600 [SkipTime]:0 [Veto1]:745.401 [Veto2]:736.131 [Veto3]:535.262 [Veto4]:535.262 [SgUp1]:56539 [SgUp2]:56315 [SgUp3]:0 [SgUp4]:0 [SgLow1]:56392 [SgLow2]:56197 [SgLow3]:0 [SgLow4]:0 [NetMuon1]:574072 [NetMuon2]:576178 [NetMuon3]:616552 [NetMuon4]:616552
[Run]:40144 [Site]:1 [Bin]:13373 [FullTime]:3600 [SkipTime]:0 [Veto1]:717.822 [Veto2]:768.983 [Veto3]:533.957 [Veto4]:533.957 [SgUp1]:57385 [SgUp2]:56008 [SgUp3]:0 [SgUp4]:0 [SgLow1]:57269 [SgLow2]:55913 [SgLow3]:0 [SgLow4]:0 [NetMuon1]:577867 [NetMuon2]:567903 [NetMuon3]:614919 [NetMuon4]:614919
[Run]:40144 [Site]:1 [Bin]:13374 [FullTime]:3600 [SkipTime]:0 [Veto1]:722.092 [Veto2]:746.294 [Veto3]:533.821 [Veto4]:533.821 [SgUp1]:57337 [SgUp2]:57321 [SgUp3]:0 [SgUp4]:0 [SgLow1]:57226 [SgLow2]:57190 [SgLow3]:0 [SgLow4]:0 [NetMuon1]:577277 [NetMuon2]:572317 [NetMuon3]:614920 [NetMuon4]:614920
[Run]:40144 [Site]:1 [Bin]:13375 [FullTime]:3600 [SkipTime]:0 [Veto1]:720.03 [Veto2]:755.369 [Veto3]:534.956 [Veto4]:534.956 [SgUp1]:57688 [SgUp2]:56556 [SgUp3]:0 [SgUp4]:0 [SgLow1]:57548 [SgLow2]:56457 [SgLow3]:0 [SgLow4]:0 [NetMuon1]:579049 [NetMuon2]:572358 [NetMuon3]:616436 [NetMuon4]:616436
[Run]:40144 [Site]:1 [Bin]:13376 [FullTime]:3600 [SkipTime]:0 [Veto1]:742.513 [Veto2]:763.769 [Veto3]:533.471 [Veto4]:533.471 [SgUp1]:56732 [SgUp2]:56677 [SgUp3]:0 [SgUp4]:0 [SgLow1]:56621 [SgLow2]:56553 [SgLow3]:0 [SgLow4]:0 [NetMuon1]:572985 [NetMuon2]:568454 [NetMuon3]:614963 [NetMuon4]:614963
[Run]:40144 [Site]:1 [Bin]:13377 [FullTime]:3600 [SkipTime]:0 [Veto1]:738.289 [Veto2]:747.384 [Veto3]:534.789 [Veto4]:534.789 [SgUp1]:56959 [SgUp2]:56585 [SgUp3]:0 [SgUp4]:0 [SgLow1]:56835 [SgLow2]:56463 [SgLow3]:0 [SgLow4]:0 [NetMuon1]:575590 [NetMuon2]:573424 [NetMuon3]:616216 [NetMuon4]:616216
[Run]:40144 [Site]:1 [Bin]:13378 [FullTime]:3600 [SkipTime]:0 [Veto1]:758.762 [Veto2]:740.859 [Veto3]:533.888 [Veto4]:533.888 [SgUp1]:56519 [SgUp2]:56920 [SgUp3]:0 [SgUp4]:0 [SgLow1]:56392 [SgLow2]:56810 [SgLow3]:0 [SgLow4]:0 [NetMuon1]:569559 [NetMuon2]:573502 [NetMuon3]:615045 [NetMuon4]:615045
[Run]:40144 [Site]:1 [Bin]:13379 [FullTime]:3600 [SkipTime]:0 [Veto1]:741.416 [Veto2]:749.528 [Veto3]:533.247 [Veto4]:533.247 [SgUp1]:56972 [SgUp2]:56865 [SgUp3]:0 [SgUp4]:0 [SgLow1]:56878 [SgLow2]:56717 [SgLow3]:0 [SgLow4]:0 [NetMuon1]:573203 [NetMuon2]:571430 [NetMuon3]:614510 [NetMuon4]:614510
[Run]:40144 [Site]:1 [Bin]:13380 [FullTime]:3600 [SkipTime]:0 [Veto1]:746.113 [Veto2]:750.946 [Veto3]:533.024 [Veto4]:533.024 [SgUp1]:56741 [SgUp2]:56712 [SgUp3]:0 [SgUp4]:0 [SgLow1]:56615 [SgLow2]:56608 [SgLow3]:0 [SgLow4]:0 [NetMuon1]:571401 [NetMuon2]:570612 [NetMuon3]:614010 [NetMuon4]:614010
[Run]:40144 [Site]:1 [Bin]:13381 [FullTime]:3600 [SkipTime]:0 [Veto1]:738.703 [Veto2]:747.234 [Veto3]:533.646 [Veto4]:533.646 [SgUp1]:56896 [SgUp2]:56542 [SgUp3]:0 [SgUp4]:0 [SgLow1]:56779 [SgLow2]:56432 [SgLow3]:0 [SgLow4]:0 [NetMuon1]:573699 [NetMuon2]:571941 [NetMuon3]:614982 [NetMuon4]:614982
[Run]:40144 [Site]:1 [Bin]:13382 [FullTime]:3600 [SkipTime]:0 [Veto1]:721.33 [Veto2]:768.625 [Veto3]:533.699 [Veto4]:533.699 [SgUp1]:57422 [SgUp2]:56206 [SgUp3]:0 [SgUp4]:0 [SgLow1]:57279 [SgLow2]:56086 [SgLow3]:0 [SgLow4]:0 [NetMuon1]:577146 [NetMuon2]:567827 [NetMuon3]:614725 [NetMuon4]:614725
[Run]:40144 [Site]:1 [Bin]:13383 [FullTime]:704.386 [SkipTime]:2895.61 [Veto1]:145.763 [Veto2]:156.022 [Veto3]:104.857 [Veto4]:104.857 [SgUp1]:10966 [SgUp2]:10905 [SgUp3]:0 [SgUp4]:0 [SgLow1]:10941 [SgLow2]:10883 [SgLow3]:0 [SgLow4]:0 [NetMuon1]:112455 [NetMuon2]:110405 [NetMuon3]:120830 [NetMuon4]:120830
[Run]:40144 [Site]:1 [Bin]:13384 [FullTime]:3600 [SkipTime]:0 [Veto1]:746.224 [Veto2]:728.253 [Veto3]:533.357 [Veto4]:533.357 [SgUp1]:56724 [SgUp2]:57744 [SgUp3]:0 [SgUp4]:0 [SgLow1]:56633 [SgLow2]:57627 [SgLow3]:0 [SgLow4]:0 [NetMuon1]:572505 [NetMuon2]:576128 [NetMuon3]:614855 [NetMuon4]:614855
[Run]:40144 [Site]:1 [Bin]:13385 [FullTime]:3600 [SkipTime]:0 [Veto1]:757.016 [Veto2]:743.451 [Veto3]:532.226 [Veto4]:532.226 [SgUp1]:56502 [SgUp2]:56699 [SgUp3]:0 [SgUp4]:0 [SgLow1]:56385 [SgLow2]:56580 [SgLow3]:0 [SgLow4]:0 [NetMuon1]:568483 [NetMuon2]:571287 [NetMuon3]:613568 [NetMuon4]:613568
[Run]:40144 [Site]:1 [Bin]:13386 [FullTime]:3600 [SkipTime]:0 [Veto1]:754.32 [Veto2]:731.372 [Veto3]:535.036 [Veto4]:535.036 [SgUp1]:56732 [SgUp2]:57304 [SgUp3]:0 [SgUp4]:0 [SgLow1]:56608 [SgLow2]:57165 [SgLow3]:0 [SgLow4]:0 [NetMuon1]:572540 [NetMuon2]:577115 [NetMuon3]:616576 [NetMuon4]:616576
[Run]:40144 [Site]:1 [Bin]:13387 [FullTime]:3600 [SkipTime]:0 [Veto1]:725.346 [Veto2]:758.875 [Veto3]:533.473 [Veto4]:533.473 [SgUp1]:57625 [SgUp2]:56649 [SgUp3]:0 [SgUp4]:0 [SgLow1]:57507 [SgLow2]:56525 [SgLow3]:0 [SgLow4]:0 [NetMuon1]:576231 [NetMuon2]:569791 [NetMuon3]:614574 [NetMuon4]:614574
[Run]:40144 [Site]:1 [Bin]:13388 [FullTime]:3600 [SkipTime]:0 [Veto1]:772.092 [Veto2]:737.663 [Veto3]:533.447 [Veto4]:533.447 [SgUp1]:56507 [SgUp2]:56746 [SgUp3]:0 [SgUp4]:0 [SgLow1]:56393 [SgLow2]:56645 [SgLow3]:0 [SgLow4]:0 [NetMuon1]:566950 [NetMuon2]:573939 [NetMuon3]:614770 [NetMuon4]:614770
[Run]:40144 [Site]:1 [Bin]:13389 [FullTime]:3600 [SkipTime]:0 [Veto1]:724.588 [Veto2]:746.812 [Veto3]:534.195 [Veto4]:534.195 [SgUp1]:56752 [SgUp2]:56711 [SgUp3]:0 [SgUp4]:0 [SgLow1]:56650 [SgLow2]:56590 [SgLow3]:0 [SgLow4]:0 [NetMuon1]:577391 [NetMuon2]:572668 [NetMuon3]:615600 [NetMuon4]:615600
[Run]:40144 [Site]:1 [Bin]:13390 [FullTime]:3600 [SkipTime]:0 [Veto1]:727.139 [Veto2]:745.519 [Veto3]:534.573 [Veto4]:534.573 [SgUp1]:57114 [SgUp2]:56691 [SgUp3]:0 [SgUp4]:0 [SgLow1]:57007 [SgLow2]:56573 [SgLow3]:0 [SgLow4]:0 [NetMuon1]:576990 [NetMuon2]:573804 [NetMuon3]:616064 [NetMuon4]:616064
[Run]:40144 [Site]:1 [Bin]:13391 [FullTime]:3600 [SkipTime]:0 [Veto1]:734.108 [Veto2]:736.111 [Veto3]:533.834 [Veto4]:533.834 [SgUp1]:57417 [SgUp2]:56877 [SgUp3]:0 [SgUp4]:0 [SgLow1]:57319 [SgLow2]:56781 [SgLow3]:0 [SgLow4]:0 [NetMuon1]:575108 [NetMuon2]:574275 [NetMuon3]:615131 [NetMuon4]:615131
[Run]:40144 [Site]:1 [Bin]:13392 [FullTime]:3600 [SkipTime]:0 [Veto1]:739.703 [Veto2]:746.114 [Veto3]:534.18 [Veto4]:534.18 [SgUp1]:57477 [SgUp2]:56791 [SgUp3]:0 [SgUp4]:0 [SgLow1]:57347 [SgLow2]:56687 [SgLow3]:0 [SgLow4]:0 [NetMuon1]:574208 [NetMuon2]:572916 [NetMuon3]:615425 [NetMuon4]:615425
[Run]:40144 [Site]:1 [Bin]:13393 [FullTime]:3600 [SkipTime]:0 [Veto1]:725.217 [Veto2]:742.481 [Veto3]:533.369 [Veto4]:533.369 [SgUp1]:57786 [SgUp2]:56935 [SgUp3]:0 [SgUp4]:0 [SgLow1]:57655 [SgLow2]:56809 [SgLow3]:0 [SgLow4]:0 [NetMuon1]:576210 [NetMuon2]:573374 [NetMuon3]:614697 [NetMuon4]:614697
[Run]:40144 [Site]:1 [Bin]:13394 [FullTime]:3600 [SkipTime]:0 [Veto1]:749.22 [Veto2]:738.772 [Veto3]:533.509 [Veto4]:533.509 [SgUp1]:57095 [SgUp2]:56676 [SgUp3]:0 [SgUp4]:0 [SgLow1]:56993 [SgLow2]:56537 [SgLow3]:0 [SgLow4]:0 [NetMuon1]:571165 [NetMuon2]:573417 [NetMuon3]:614495 [NetMuon4]:614495
[Run]:40144 [Site]:1 [Bin]:13395 [FullTime]:3600 [SkipTime]:0 [Veto1]:733.835 [Veto2]:736.54 [Veto3]:534.821 [Veto4]:534.821 [SgUp1]:56923 [SgUp2]:56999 [SgUp3]:0 [SgUp4]:0 [SgLow1]:56798 [SgLow2]:56883 [SgLow3]:0 [SgLow4]:0 [NetMuon1]:575607 [NetMuon2]:575370 [NetMuon3]:615921 [NetMuon4]:615921
[Run]:40144 [Site]:1 [Bin]:13396 [FullTime]:3600 [SkipTime]:0 [Veto1]:745.344 [Veto2]:745.276 [Veto3]:533.632 [Veto4]:533.632 [SgUp1]:56681 [SgUp2]:57184 [SgUp3]:0 [SgUp4]:0 [SgLow1]:56565 [SgLow2]:57082 [SgLow3]:0 [SgLow4]:0 [NetMuon1]:572588 [NetMuon2]:572421 [NetMuon3]:614893 [NetMuon4]:614893
[Run]:40144 [Site]:1 [Bin]:13397 [FullTime]:3600 [SkipTime]:0 [Veto1]:749.893 [Veto2]:736.661 [Veto3]:534.729 [Veto4]:534.729 [SgUp1]:57084 [SgUp2]:56466 [SgUp3]:0 [SgUp4]:0 [SgLow1]:57003 [SgLow2]:56359 [SgLow3]:0 [SgLow4]:0 [NetMuon1]:572919 [NetMuon2]:575605 [NetMuon3]:616224 [NetMuon4]:616224
[Run]:40144 [Site]:1 [Bin]:13398 [FullTime]:3600 [SkipTime]:0 [Veto1]:741.29 [Veto2]:750.184 [Veto3]:534.689 [Veto4]:534.689 [SgUp1]:57340 [SgUp2]:56594 [SgUp3]:0 [SgUp4]:0 [SgLow1]:57247 [SgLow2]:56475 [SgLow3]:0 [SgLow4]:0 [NetMuon1]:574277 [NetMuon2]:572740 [NetMuon3]:616229 [NetMuon4]:616229
[Run]:40144 [Site]:1 [Bin]:13399 [FullTime]:3600 [SkipTime]:0 [Veto1]:736.599 [Veto2]:744.138 [Veto3]:534.12 [Veto4]:534.12 [SgUp1]:56932 [SgUp2]:56577 [SgUp3]:0 [SgUp4]:0 [SgLow1]:56798 [SgLow2]:56449 [SgLow3]:0 [SgLow4]:0 [NetMuon1]:574826 [NetMuon2]:573283 [NetMuon3]:615498 [NetMuon4]:615498
[Run]:40144 [Site]:1 [Bin]:13400 [FullTime]:3600 [SkipTime]:0 [Veto1]:747.716 [Veto2]:749.429 [Veto3]:534.7 [Veto4]:534.7 [SgUp1]:56822 [SgUp2]:56442 [SgUp3]:0 [SgUp4]:0 [SgLow1]:56687 [SgLow2]:56334 [SgLow3]:0 [SgLow4]:0 [NetMuon1]:573431 [NetMuon2]:573005 [NetMuon3]:616172 [NetMuon4]:616172
[Run]:40144 [Site]:1 [Bin]:13401 [FullTime]:3600 [SkipTime]:0 [Veto1]:748.867 [Veto2]:749.973 [Veto3]:534.426 [Veto4]:534.426 [SgUp1]:56973 [SgUp2]:56692 [SgUp3]:0 [SgUp4]:0 [SgLow1]:56879 [SgLow2]:56602 [SgLow3]:0 [SgLow4]:0 [NetMuon1]:572734 [NetMuon2]:572697 [NetMuon3]:615730 [NetMuon4]:615730
[Run]:40144 [Site]:1 [Bin]:13402 [FullTime]:3600 [SkipTime]:0 [Veto1]:729.572 [Veto2]:734.348 [Veto3]:533.252 [Veto4]:533.252 [SgUp1]:57360 [SgUp2]:56801 [SgUp3]:0 [SgUp4]:0 [SgLow1]:57241 [SgLow2]:56657 [SgLow3]:0 [SgLow4]:0 [NetMuon1]:575382 [NetMuon2]:574239 [NetMuon3]:614593 [NetMuon4]:614593
[Run]:40144 [Site]:1 [Bin]:13403 [FullTime]:3600 [SkipTime]:0 [Veto1]:731.084 [Veto2]:749.633 [Veto3]:532.951 [Veto4]:532.951 [SgUp1]:57294 [SgUp2]:56131 [SgUp3]:0 [SgUp4]:0 [SgLow1]:57190 [SgLow2]:56034 [SgLow3]:0 [SgLow4]:0 [NetMuon1]:574767 [NetMuon2]:570806 [NetMuon3]:614322 [NetMuon4]:614322
[Run]:40144 [Site]:1 [Bin]:13404 [FullTime]:3600 [SkipTime]:0 [Veto1]:732.569 [Veto2]:761.899 [Veto3]:533.989 [Veto4]:533.989 [SgUp1]:57344 [SgUp2]:56381 [SgUp3]:0 [SgUp4]:0 [SgLow1]:57234 [SgLow2]:56264 [SgLow3]:0 [SgLow4]:0 [NetMuon1]:575581 [NetMuon2]:569978 [NetMuon3]:615602 [NetMuon4]:615602
[Run]:40144 [Site]:1 [Bin]:13405 [FullTime]:3600 [SkipTime]:0 [Veto1]:744.061 [Veto2]:739.24 [Veto3]:533.128 [Veto4]:533.128 [SgUp1]:57284 [SgUp2]:56588 [SgUp3]:0 [SgUp4]:0 [SgLow1]:57177 [SgLow2]:56458 [SgLow3]:0 [SgLow4]:0 [NetMuon1]:572116 [NetMuon2]:573264 [NetMuon3]:614528 [NetMuon4]:614528
[Run]:40144 [Site]:1 [Bin]:13406 [FullTime]:3600 [SkipTime]:0 [Veto1]:737.543 [Veto2]:741.803 [Veto3]:534.908 [Veto4]:534.908 [SgUp1]:57226 [SgUp2]:56567 [SgUp3]:0 [SgUp4]:0 [SgLow1]:57120 [SgLow2]:56464 [SgLow3]:0 [SgLow4]:0 [NetMuon1]:575736 [NetMuon2]:574575 [NetMuon3]:616338 [NetMuon4]:616338
[Run]:40144 [Site]:1 [Bin]:13407 [FullTime]:3600 [SkipTime]:0 [Veto1]:721.865 [Veto2]:737.099 [Veto3]:533.523 [Veto4]:533.523 [SgUp1]:57380 [SgUp2]:56803 [SgUp3]:0 [SgUp4]:0 [SgLow1]:57292 [SgLow2]:56691 [SgLow3]:0 [SgLow4]:0 [NetMuon1]:576932 [NetMuon2]:573994 [NetMuon3]:614744 [NetMuon4]:614744
[Run]:40144 [Site]:1 [Bin]:13408 [FullTime]:3600 [SkipTime]:0 [Veto1]:734.348 [Veto2]:744.727 [Veto3]:532.705 [Veto4]:532.705 [SgUp1]:57591 [SgUp2]:56862 [SgUp3]:0 [SgUp4]:0 [SgLow1]:57486 [SgLow2]:56734 [SgLow3]:0 [SgLow4]:0 [NetMuon1]:573132 [NetMuon2]:571362 [NetMuon3]:613791 [NetMuon4]:613791
[Run]:40144 [Site]:1 [Bin]:13409 [FullTime]:3600 [SkipTime]:0 [Veto1]:739.605 [Veto2]:742.249 [Veto3]:534.07 [Veto4]:534.07 [SgUp1]:57094 [SgUp2]:56801 [SgUp3]:0 [SgUp4]:0 [SgLow1]:56986 [SgLow2]:56689 [SgLow3]:0 [SgLow4]:0 [NetMuon1]:574645 [NetMuon2]:573493 [NetMuon3]:615608 [NetMuon4]:615608
[Run]:40144 [Site]:1 [Bin]:13410 [FullTime]:3600 [SkipTime]:0 [Veto1]:743.114 [Veto2]:760.366 [Veto3]:534.747 [Veto4]:534.747 [SgUp1]:56842 [SgUp2]:56102 [SgUp3]:0 [SgUp4]:0 [SgLow1]:56727 [SgLow2]:55988 [SgLow3]:0 [SgLow4]:0 [NetMuon1]:574497 [NetMuon2]:570593 [NetMuon3]:616193 [NetMuon4]:616193
[Run]:40144 [Site]:1 [Bin]:13411 [FullTime]:3600 [SkipTime]:0 [Veto1]:742.661 [Veto2]:759.825 [Veto3]:533.454 [Veto4]:533.454 [SgUp1]:57209 [SgUp2]:56473 [SgUp3]:0 [SgUp4]:0 [SgLow1]:57114 [SgLow2]:56348 [SgLow3]:0 [SgLow4]:0 [NetMuon1]:572600 [NetMuon2]:569534 [NetMuon3]:614586 [NetMuon4]:614586
[Run]:40144 [Site]:1 [Bin]:13412 [FullTime]:3600 [SkipTime]:0 [Veto1]:732.446 [Veto2]:756.894 [Veto3]:534.458 [Veto4]:534.458 [SgUp1]:57454 [SgUp2]:56164 [SgUp3]:0 [SgUp4]:0 [SgLow1]:57327 [SgLow2]:56027 [SgLow3]:0 [SgLow4]:0 [NetMuon1]:575972 [NetMuon2]:570943 [NetMuon3]:615757 [NetMuon4]:615757
[Run]:40144 [Site]:1 [Bin]:13413 [FullTime]:3600 [SkipTime]:0 [Veto1]:759.425 [Veto2]:759.848 [Veto3]:534.313 [Veto4]:534.313 [SgUp1]:57057 [SgUp2]:56322 [SgUp3]:0 [SgUp4]:0 [SgLow1]:56964 [SgLow2]:56221 [SgLow3]:0 [SgLow4]:0 [NetMuon1]:570050 [NetMuon2]:570057 [NetMuon3]:615246 [NetMuon4]:615246
[Run]:40144 [Site]:1 [Bin]:13414 [FullTime]:3600 [SkipTime]:0 [Veto1]:739.221 [Veto2]:768.926 [Veto3]:532.987 [Veto4]:532.987 [SgUp1]:57108 [SgUp2]:56097 [SgUp3]:0 [SgUp4]:0 [SgLow1]:57010 [SgLow2]:55994 [SgLow3]:0 [SgLow4]:0 [NetMuon1]:572857 [NetMuon2]:567229 [NetMuon3]:614198 [NetMuon4]:614198
[Run]:40144 [Site]:1 [Bin]:13415 [FullTime]:3600 [SkipTime]:0 [Veto1]:761.243 [Veto2]:749.112 [Veto3]:533.42 [Veto4]:533.42 [SgUp1]:56700 [SgUp2]:56692 [SgUp3]:0 [SgUp4]:0 [SgLow1]:56600 [SgLow2]:56581 [SgLow3]:0 [SgLow4]:0 [NetMuon1]:569381 [NetMuon2]:571464 [NetMuon3]:614633 [NetMuon4]:614633
End process Run: 40144 ... 
[Run]:40144 [Site]:1 [Bin]:13416 [FullTime]:2989.73 [SkipTime]:0 [Veto1]:597.532 [Veto2]:619.084 [Veto3]:443.399 [Veto4]:443.399
