StreamChain add 0x51227f0
Start to process run: 40044 ... 
[Run]:40044 [Site]:1 [Bin]:13201 [FullTime]:2496.24 [SkipTime]:0 [Veto1]:512.692 [Veto2]:517.469 [Veto3]:369.122 [Veto4]:369.122 [SgUp1]:39625 [SgUp2]:39261 [SgUp3]:0 [SgUp4]:0 [SgLow1]:39545 [SgLow2]:39194 [SgLow3]:0 [SgLow4]:0 [NetMuon1]:396435 [NetMuon2]:396094 [NetMuon3]:425486 [NetMuon4]:425486
[Run]:40044 [Site]:1 [Bin]:13202 [FullTime]:3600 [SkipTime]:0 [Veto1]:711.326 [Veto2]:748.51 [Veto3]:532.474 [Veto4]:532.474 [SgUp1]:57351 [SgUp2]:56613 [SgUp3]:0 [SgUp4]:0 [SgLow1]:57237 [SgLow2]:56475 [SgLow3]:0 [SgLow4]:0 [NetMuon1]:578038 [NetMuon2]:570452 [NetMuon3]:613797 [NetMuon4]:613797
[Run]:40044 [Site]:1 [Bin]:13203 [FullTime]:3600 [SkipTime]:0 [Veto1]:746.242 [Veto2]:738.004 [Veto3]:532.21 [Veto4]:532.21 [SgUp1]:57089 [SgUp2]:57322 [SgUp3]:0 [SgUp4]:0 [SgLow1]:56982 [SgLow2]:57202 [SgLow3]:0 [SgLow4]:0 [NetMuon1]:570779 [NetMuon2]:571823 [NetMuon3]:613175 [NetMuon4]:613175
[Run]:40044 [Site]:1 [Bin]:13204 [FullTime]:3600 [SkipTime]:0 [Veto1]:743.577 [Veto2]:772.57 [Veto3]:533.42 [Veto4]:533.42 [SgUp1]:57154 [SgUp2]:56373 [SgUp3]:0 [SgUp4]:0 [SgLow1]:57029 [SgLow2]:56262 [SgLow3]:0 [SgLow4]:0 [NetMuon1]:572484 [NetMuon2]:566486 [NetMuon3]:614480 [NetMuon4]:614480
[Run]:40044 [Site]:1 [Bin]:13205 [FullTime]:3600 [SkipTime]:0 [Veto1]:771.059 [Veto2]:747.901 [Veto3]:533.686 [Veto4]:533.686 [SgUp1]:56697 [SgUp2]:56762 [SgUp3]:0 [SgUp4]:0 [SgLow1]:56592 [SgLow2]:56647 [SgLow3]:0 [SgLow4]:0 [NetMuon1]:567609 [NetMuon2]:572391 [NetMuon3]:615199 [NetMuon4]:615199
[Run]:40044 [Site]:1 [Bin]:13206 [FullTime]:3600 [SkipTime]:0 [Veto1]:731.732 [Veto2]:742.33 [Veto3]:532.227 [Veto4]:532.227 [SgUp1]:57392 [SgUp2]:57305 [SgUp3]:0 [SgUp4]:0 [SgLow1]:57277 [SgLow2]:57199 [SgLow3]:0 [SgLow4]:0 [NetMuon1]:573145 [NetMuon2]:571601 [NetMuon3]:613181 [NetMuon4]:613181
[Run]:40044 [Site]:1 [Bin]:13207 [FullTime]:3600 [SkipTime]:0 [Veto1]:718.387 [Veto2]:748.141 [Veto3]:533.38 [Veto4]:533.38 [SgUp1]:57513 [SgUp2]:56550 [SgUp3]:0 [SgUp4]:0 [SgLow1]:57396 [SgLow2]:56443 [SgLow3]:0 [SgLow4]:0 [NetMuon1]:577441 [NetMuon2]:571430 [NetMuon3]:614711 [NetMuon4]:614711
[Run]:40044 [Site]:1 [Bin]:13208 [FullTime]:3600 [SkipTime]:0 [Veto1]:752.084 [Veto2]:771.853 [Veto3]:532.821 [Veto4]:532.821 [SgUp1]:57050 [SgUp2]:56243 [SgUp3]:0 [SgUp4]:0 [SgLow1]:56931 [SgLow2]:56137 [SgLow3]:0 [SgLow4]:0 [NetMuon1]:570484 [NetMuon2]:566155 [NetMuon3]:614373 [NetMuon4]:614373
[Run]:40044 [Site]:1 [Bin]:13209 [FullTime]:3600 [SkipTime]:0 [Veto1]:733.679 [Veto2]:753.538 [Veto3]:533.323 [Veto4]:533.323 [SgUp1]:57314 [SgUp2]:56612 [SgUp3]:0 [SgUp4]:0 [SgLow1]:57185 [SgLow2]:56506 [SgLow3]:0 [SgLow4]:0 [NetMuon1]:574307 [NetMuon2]:570392 [NetMuon3]:614638 [NetMuon4]:614638
[Run]:40044 [Site]:1 [Bin]:13210 [FullTime]:3600 [SkipTime]:0 [Veto1]:728.561 [Veto2]:748.758 [Veto3]:534.365 [Veto4]:534.365 [SgUp1]:57327 [SgUp2]:57041 [SgUp3]:0 [SgUp4]:0 [SgLow1]:57186 [SgLow2]:56911 [SgLow3]:0 [SgLow4]:0 [NetMuon1]:577006 [NetMuon2]:572951 [NetMuon3]:615931 [NetMuon4]:615931
[Run]:40044 [Site]:1 [Bin]:13211 [FullTime]:3600 [SkipTime]:0 [Veto1]:736.088 [Veto2]:752.427 [Veto3]:533.878 [Veto4]:533.878 [SgUp1]:57336 [SgUp2]:56474 [SgUp3]:0 [SgUp4]:0 [SgLow1]:57246 [SgLow2]:56353 [SgLow3]:0 [SgLow4]:0 [NetMuon1]:574536 [NetMuon2]:571060 [NetMuon3]:615093 [NetMuon4]:615093
[Run]:40044 [Site]:1 [Bin]:13212 [FullTime]:3600 [SkipTime]:0 [Veto1]:747.7 [Veto2]:764.666 [Veto3]:534.76 [Veto4]:534.76 [SgUp1]:56991 [SgUp2]:56974 [SgUp3]:0 [SgUp4]:0 [SgLow1]:56893 [SgLow2]:56834 [SgLow3]:0 [SgLow4]:0 [NetMuon1]:573320 [NetMuon2]:570240 [NetMuon3]:616239 [NetMuon4]:616239
[Run]:40044 [Site]:1 [Bin]:13213 [FullTime]:3600 [SkipTime]:0 [Veto1]:728.145 [Veto2]:734.912 [Veto3]:533.135 [Veto4]:533.135 [SgUp1]:57252 [SgUp2]:57262 [SgUp3]:0 [SgUp4]:0 [SgLow1]:57122 [SgLow2]:57140 [SgLow3]:0 [SgLow4]:0 [NetMuon1]:575331 [NetMuon2]:574035 [NetMuon3]:614457 [NetMuon4]:614457
[Run]:40044 [Site]:1 [Bin]:13214 [FullTime]:3599.99 [SkipTime]:0 [Veto1]:735.539 [Veto2]:753.282 [Veto3]:534.003 [Veto4]:534.003 [SgUp1]:57314 [SgUp2]:56498 [SgUp3]:0 [SgUp4]:0 [SgLow1]:57190 [SgLow2]:56361 [SgLow3]:0 [SgLow4]:0 [NetMuon1]:574655 [NetMuon2]:571427 [NetMuon3]:615184 [NetMuon4]:615184
[Run]:40044 [Site]:1 [Bin]:13215 [FullTime]:3600 [SkipTime]:0 [Veto1]:748.969 [Veto2]:753.828 [Veto3]:534.336 [Veto4]:534.336 [SgUp1]:57116 [SgUp2]:56930 [SgUp3]:0 [SgUp4]:0 [SgLow1]:57007 [SgLow2]:56801 [SgLow3]:0 [SgLow4]:0 [NetMuon1]:572507 [NetMuon2]:571814 [NetMuon3]:615737 [NetMuon4]:615737
[Run]:40044 [Site]:1 [Bin]:13216 [FullTime]:3600 [SkipTime]:0 [Veto1]:745.194 [Veto2]:748.848 [Veto3]:534.365 [Veto4]:534.365 [SgUp1]:57219 [SgUp2]:56775 [SgUp3]:0 [SgUp4]:0 [SgLow1]:57109 [SgLow2]:56655 [SgLow3]:0 [SgLow4]:0 [NetMuon1]:573548 [NetMuon2]:572719 [NetMuon3]:615761 [NetMuon4]:615761
[Run]:40044 [Site]:1 [Bin]:13217 [FullTime]:3600 [SkipTime]:0 [Veto1]:740.797 [Veto2]:767.806 [Veto3]:533.613 [Veto4]:533.613 [SgUp1]:57254 [SgUp2]:56520 [SgUp3]:0 [SgUp4]:0 [SgLow1]:57141 [SgLow2]:56421 [SgLow3]:0 [SgLow4]:0 [NetMuon1]:573521 [NetMuon2]:568414 [NetMuon3]:615221 [NetMuon4]:615221
[Run]:40044 [Site]:1 [Bin]:13218 [FullTime]:3600 [SkipTime]:0 [Veto1]:755.706 [Veto2]:753.265 [Veto3]:533.315 [Veto4]:533.315 [SgUp1]:56942 [SgUp2]:56104 [SgUp3]:0 [SgUp4]:0 [SgLow1]:56825 [SgLow2]:56007 [SgLow3]:0 [SgLow4]:0 [NetMuon1]:570321 [NetMuon2]:570898 [NetMuon3]:614897 [NetMuon4]:614897
[Run]:40044 [Site]:1 [Bin]:13219 [FullTime]:3600 [SkipTime]:0 [Veto1]:764.217 [Veto2]:756.878 [Veto3]:533.863 [Veto4]:533.863 [SgUp1]:56790 [SgUp2]:56857 [SgUp3]:0 [SgUp4]:0 [SgLow1]:56702 [SgLow2]:56728 [SgLow3]:0 [SgLow4]:0 [NetMuon1]:568892 [NetMuon2]:570249 [NetMuon3]:614947 [NetMuon4]:614947
[Run]:40044 [Site]:1 [Bin]:13220 [FullTime]:3600 [SkipTime]:0 [Veto1]:734.15 [Veto2]:750.67 [Veto3]:533.599 [Veto4]:533.599 [SgUp1]:56853 [SgUp2]:56727 [SgUp3]:0 [SgUp4]:0 [SgLow1]:56745 [SgLow2]:56644 [SgLow3]:0 [SgLow4]:0 [NetMuon1]:574767 [NetMuon2]:571310 [NetMuon3]:614803 [NetMuon4]:614803
[Run]:40044 [Site]:1 [Bin]:13221 [FullTime]:3600 [SkipTime]:0 [Veto1]:736.199 [Veto2]:717.723 [Veto3]:533.875 [Veto4]:533.875 [SgUp1]:57569 [SgUp2]:57399 [SgUp3]:0 [SgUp4]:0 [SgLow1]:57452 [SgLow2]:57280 [SgLow3]:0 [SgLow4]:0 [NetMuon1]:574772 [NetMuon2]:578429 [NetMuon3]:615238 [NetMuon4]:615238
[Run]:40044 [Site]:1 [Bin]:13222 [FullTime]:3600 [SkipTime]:0 [Veto1]:746.596 [Veto2]:728.49 [Veto3]:533.078 [Veto4]:533.078 [SgUp1]:57341 [SgUp2]:57206 [SgUp3]:0 [SgUp4]:0 [SgLow1]:57186 [SgLow2]:57100 [SgLow3]:0 [SgLow4]:0 [NetMuon1]:571623 [NetMuon2]:575087 [NetMuon3]:614253 [NetMuon4]:614253
[Run]:40044 [Site]:1 [Bin]:13223 [FullTime]:3600 [SkipTime]:0 [Veto1]:729.695 [Veto2]:768.444 [Veto3]:533.564 [Veto4]:533.564 [SgUp1]:57637 [SgUp2]:56748 [SgUp3]:0 [SgUp4]:0 [SgLow1]:57519 [SgLow2]:56648 [SgLow3]:0 [SgLow4]:0 [NetMuon1]:575305 [NetMuon2]:568290 [NetMuon3]:614964 [NetMuon4]:614964
[Run]:40044 [Site]:1 [Bin]:13224 [FullTime]:3600.01 [SkipTime]:0 [Veto1]:748.963 [Veto2]:750.077 [Veto3]:533.432 [Veto4]:533.432 [SgUp1]:57233 [SgUp2]:57409 [SgUp3]:0 [SgUp4]:0 [SgLow1]:57125 [SgLow2]:57283 [SgLow3]:0 [SgLow4]:0 [NetMuon1]:571958 [NetMuon2]:571011 [NetMuon3]:614681 [NetMuon4]:614681
[Run]:40044 [Site]:1 [Bin]:13225 [FullTime]:3599.99 [SkipTime]:0 [Veto1]:732.039 [Veto2]:750.722 [Veto3]:532.66 [Veto4]:532.66 [SgUp1]:57432 [SgUp2]:56811 [SgUp3]:0 [SgUp4]:0 [SgLow1]:57338 [SgLow2]:56686 [SgLow3]:0 [SgLow4]:0 [NetMuon1]:573893 [NetMuon2]:570245 [NetMuon3]:613956 [NetMuon4]:613956
[Run]:40044 [Site]:1 [Bin]:13226 [FullTime]:3600 [SkipTime]:0 [Veto1]:745.186 [Veto2]:758.069 [Veto3]:533.859 [Veto4]:533.859 [SgUp1]:57247 [SgUp2]:56731 [SgUp3]:0 [SgUp4]:0 [SgLow1]:57127 [SgLow2]:56612 [SgLow3]:0 [SgLow4]:0 [NetMuon1]:572671 [NetMuon2]:570383 [NetMuon3]:615169 [NetMuon4]:615169
[Run]:40044 [Site]:1 [Bin]:13227 [FullTime]:3600 [SkipTime]:0 [Veto1]:754.431 [Veto2]:739.498 [Veto3]:534.249 [Veto4]:534.249 [SgUp1]:56992 [SgUp2]:56959 [SgUp3]:0 [SgUp4]:0 [SgLow1]:56877 [SgLow2]:56809 [SgLow3]:0 [SgLow4]:0 [NetMuon1]:571606 [NetMuon2]:573827 [NetMuon3]:615479 [NetMuon4]:615479
[Run]:40044 [Site]:1 [Bin]:13228 [FullTime]:3600 [SkipTime]:0 [Veto1]:739.175 [Veto2]:736.331 [Veto3]:532.219 [Veto4]:532.219 [SgUp1]:57274 [SgUp2]:57317 [SgUp3]:0 [SgUp4]:0 [SgLow1]:57164 [SgLow2]:57198 [SgLow3]:0 [SgLow4]:0 [NetMuon1]:572120 [NetMuon2]:572713 [NetMuon3]:613457 [NetMuon4]:613457
[Run]:40044 [Site]:1 [Bin]:13229 [FullTime]:3600 [SkipTime]:0 [Veto1]:732.953 [Veto2]:753.324 [Veto3]:534.297 [Veto4]:534.297 [SgUp1]:57321 [SgUp2]:56573 [SgUp3]:0 [SgUp4]:0 [SgLow1]:57203 [SgLow2]:56458 [SgLow3]:0 [SgLow4]:0 [NetMuon1]:575803 [NetMuon2]:571678 [NetMuon3]:615749 [NetMuon4]:615749
[Run]:40044 [Site]:1 [Bin]:13230 [FullTime]:3600 [SkipTime]:0 [Veto1]:745.196 [Veto2]:728.715 [Veto3]:533.743 [Veto4]:533.743 [SgUp1]:57399 [SgUp2]:56910 [SgUp3]:0 [SgUp4]:0 [SgLow1]:57284 [SgLow2]:56807 [SgLow3]:0 [SgLow4]:0 [NetMuon1]:572531 [NetMuon2]:576128 [NetMuon3]:614949 [NetMuon4]:614949
[Run]:40044 [Site]:1 [Bin]:13231 [FullTime]:3600 [SkipTime]:0 [Veto1]:740.97 [Veto2]:758.231 [Veto3]:533.394 [Veto4]:533.394 [SgUp1]:57242 [SgUp2]:56429 [SgUp3]:0 [SgUp4]:0 [SgLow1]:57146 [SgLow2]:56323 [SgLow3]:0 [SgLow4]:0 [NetMuon1]:572512 [NetMuon2]:569602 [NetMuon3]:614455 [NetMuon4]:614455
[Run]:40044 [Site]:1 [Bin]:13232 [FullTime]:3599.99 [SkipTime]:0 [Veto1]:758.051 [Veto2]:742.5 [Veto3]:533.563 [Veto4]:533.563 [SgUp1]:57522 [SgUp2]:56839 [SgUp3]:0 [SgUp4]:0 [SgLow1]:57407 [SgLow2]:56733 [SgLow3]:0 [SgLow4]:0 [NetMuon1]:570238 [NetMuon2]:573250 [NetMuon3]:615259 [NetMuon4]:615259
[Run]:40044 [Site]:1 [Bin]:13233 [FullTime]:3600 [SkipTime]:0 [Veto1]:739.884 [Veto2]:731.936 [Veto3]:533.1 [Veto4]:533.1 [SgUp1]:57406 [SgUp2]:57301 [SgUp3]:0 [SgUp4]:0 [SgLow1]:57276 [SgLow2]:57195 [SgLow3]:0 [SgLow4]:0 [NetMuon1]:572211 [NetMuon2]:574575 [NetMuon3]:614212 [NetMuon4]:614212
[Run]:40044 [Site]:1 [Bin]:13234 [FullTime]:3600 [SkipTime]:0 [Veto1]:739.153 [Veto2]:754.297 [Veto3]:533.34 [Veto4]:533.34 [SgUp1]:57281 [SgUp2]:56626 [SgUp3]:0 [SgUp4]:0 [SgLow1]:57183 [SgLow2]:56487 [SgLow3]:0 [SgLow4]:0 [NetMuon1]:573487 [NetMuon2]:570569 [NetMuon3]:614781 [NetMuon4]:614781
[Run]:40044 [Site]:1 [Bin]:13235 [FullTime]:3600 [SkipTime]:0 [Veto1]:732.49 [Veto2]:751.783 [Veto3]:533.393 [Veto4]:533.393 [SgUp1]:57269 [SgUp2]:56924 [SgUp3]:0 [SgUp4]:0 [SgLow1]:57162 [SgLow2]:56803 [SgLow3]:0 [SgLow4]:0 [NetMuon1]:574721 [NetMuon2]:570170 [NetMuon3]:614457 [NetMuon4]:614457
[Run]:40044 [Site]:1 [Bin]:13236 [FullTime]:3600 [SkipTime]:0 [Veto1]:744.732 [Veto2]:769.08 [Veto3]:535.065 [Veto4]:535.065 [SgUp1]:57073 [SgUp2]:56678 [SgUp3]:0 [SgUp4]:0 [SgLow1]:56963 [SgLow2]:56576 [SgLow3]:0 [SgLow4]:0 [NetMuon1]:574159 [NetMuon2]:569864 [NetMuon3]:616683 [NetMuon4]:616683
[Run]:40044 [Site]:1 [Bin]:13237 [FullTime]:3600 [SkipTime]:0 [Veto1]:735.97 [Veto2]:745.076 [Veto3]:534.694 [Veto4]:534.694 [SgUp1]:57750 [SgUp2]:56778 [SgUp3]:0 [SgUp4]:0 [SgLow1]:57661 [SgLow2]:56643 [SgLow3]:0 [SgLow4]:0 [NetMuon1]:574984 [NetMuon2]:573543 [NetMuon3]:615987 [NetMuon4]:615987
[Run]:40044 [Site]:1 [Bin]:13238 [FullTime]:3600 [SkipTime]:0 [Veto1]:747.253 [Veto2]:753.549 [Veto3]:534.322 [Veto4]:534.322 [SgUp1]:56902 [SgUp2]:56723 [SgUp3]:0 [SgUp4]:0 [SgLow1]:56781 [SgLow2]:56624 [SgLow3]:0 [SgLow4]:0 [NetMuon1]:572915 [NetMuon2]:571535 [NetMuon3]:615699 [NetMuon4]:615699
[Run]:40044 [Site]:1 [Bin]:13239 [FullTime]:3600 [SkipTime]:0 [Veto1]:728.619 [Veto2]:743.793 [Veto3]:532.88 [Veto4]:532.88 [SgUp1]:57568 [SgUp2]:56625 [SgUp3]:0 [SgUp4]:0 [SgLow1]:57457 [SgLow2]:56514 [SgLow3]:0 [SgLow4]:0 [NetMuon1]:575188 [NetMuon2]:572097 [NetMuon3]:614253 [NetMuon4]:614253
[Run]:40044 [Site]:1 [Bin]:13240 [FullTime]:3600 [SkipTime]:0 [Veto1]:731.773 [Veto2]:799.897 [Veto3]:534.396 [Veto4]:534.396 [SgUp1]:57430 [SgUp2]:55689 [SgUp3]:0 [SgUp4]:0 [SgLow1]:57315 [SgLow2]:55569 [SgLow3]:0 [SgLow4]:0 [NetMuon1]:575897 [NetMuon2]:562186 [NetMuon3]:615508 [NetMuon4]:615508
[Run]:40044 [Site]:1 [Bin]:13241 [FullTime]:3600 [SkipTime]:0 [Veto1]:730.65 [Veto2]:756.558 [Veto3]:534.69 [Veto4]:534.69 [SgUp1]:58019 [SgUp2]:56411 [SgUp3]:0 [SgUp4]:0 [SgLow1]:57902 [SgLow2]:56306 [SgLow3]:0 [SgLow4]:0 [NetMuon1]:576665 [NetMuon2]:571433 [NetMuon3]:615935 [NetMuon4]:615935
[Run]:40044 [Site]:1 [Bin]:13242 [FullTime]:3600 [SkipTime]:0 [Veto1]:737 [Veto2]:744.231 [Veto3]:533.177 [Veto4]:533.177 [SgUp1]:56836 [SgUp2]:56768 [SgUp3]:0 [SgUp4]:0 [SgLow1]:56692 [SgLow2]:56655 [SgLow3]:0 [SgLow4]:0 [NetMuon1]:573198 [NetMuon2]:572220 [NetMuon3]:614275 [NetMuon4]:614275
[Run]:40044 [Site]:1 [Bin]:13243 [FullTime]:3600 [SkipTime]:0 [Veto1]:720.779 [Veto2]:766.075 [Veto3]:535.071 [Veto4]:535.071 [SgUp1]:57203 [SgUp2]:56318 [SgUp3]:0 [SgUp4]:0 [SgLow1]:57082 [SgLow2]:56216 [SgLow3]:0 [SgLow4]:0 [NetMuon1]:578880 [NetMuon2]:569835 [NetMuon3]:616229 [NetMuon4]:616229
[Run]:40044 [Site]:1 [Bin]:13244 [FullTime]:3600 [SkipTime]:0 [Veto1]:734.947 [Veto2]:742.819 [Veto3]:534.006 [Veto4]:534.006 [SgUp1]:56867 [SgUp2]:56722 [SgUp3]:0 [SgUp4]:0 [SgLow1]:56756 [SgLow2]:56616 [SgLow3]:0 [SgLow4]:0 [NetMuon1]:575501 [NetMuon2]:573886 [NetMuon3]:615682 [NetMuon4]:615682
[Run]:40044 [Site]:1 [Bin]:13245 [FullTime]:3600 [SkipTime]:0 [Veto1]:729.623 [Veto2]:739.425 [Veto3]:533.958 [Veto4]:533.958 [SgUp1]:57118 [SgUp2]:56748 [SgUp3]:0 [SgUp4]:0 [SgLow1]:57010 [SgLow2]:56659 [SgLow3]:0 [SgLow4]:0 [NetMuon1]:575846 [NetMuon2]:573730 [NetMuon3]:615142 [NetMuon4]:615142
[Run]:40044 [Site]:1 [Bin]:13246 [FullTime]:3600 [SkipTime]:0 [Veto1]:713.956 [Veto2]:739.627 [Veto3]:533.225 [Veto4]:533.225 [SgUp1]:57275 [SgUp2]:56464 [SgUp3]:0 [SgUp4]:0 [SgLow1]:57187 [SgLow2]:56369 [SgLow3]:0 [SgLow4]:0 [NetMuon1]:577899 [NetMuon2]:572969 [NetMuon3]:614364 [NetMuon4]:614364
[Run]:40044 [Site]:1 [Bin]:13247 [FullTime]:3600 [SkipTime]:0 [Veto1]:721.086 [Veto2]:765.238 [Veto3]:533.852 [Veto4]:533.852 [SgUp1]:57208 [SgUp2]:56507 [SgUp3]:0 [SgUp4]:0 [SgLow1]:57113 [SgLow2]:56397 [SgLow3]:0 [SgLow4]:0 [NetMuon1]:577238 [NetMuon2]:568055 [NetMuon3]:614813 [NetMuon4]:614813
[Run]:40044 [Site]:1 [Bin]:13248 [FullTime]:3600 [SkipTime]:0 [Veto1]:745.615 [Veto2]:761.215 [Veto3]:534.253 [Veto4]:534.253 [SgUp1]:56963 [SgUp2]:56449 [SgUp3]:0 [SgUp4]:0 [SgLow1]:56849 [SgLow2]:56305 [SgLow3]:0 [SgLow4]:0 [NetMuon1]:573207 [NetMuon2]:570099 [NetMuon3]:615653 [NetMuon4]:615653
End process Run: 40044 ... 
[Run]:40044 [Site]:1 [Bin]:13249 [FullTime]:891.875 [SkipTime]:0 [Veto1]:184.245 [Veto2]:188.658 [Veto3]:132.413 [Veto4]:132.413
