StreamChain add 0x8e767f0
Start to process run: 41099 ... 
[Run]:41099 [Site]:1 [Bin]:14544 [FullTime]:2979.55 [SkipTime]:0 [Veto1]:626.501 [Veto2]:618.611 [Veto3]:441.551 [Veto4]:441.551 [SgUp1]:46983 [SgUp2]:47242 [SgUp3]:0 [SgUp4]:0 [SgLow1]:46909 [SgLow2]:47130 [SgLow3]:0 [SgLow4]:0 [NetMuon1]:471931 [NetMuon2]:473719 [NetMuon3]:509058 [NetMuon4]:509058
[Run]:41099 [Site]:1 [Bin]:14545 [FullTime]:3600 [SkipTime]:0 [Veto1]:730.044 [Veto2]:730.649 [Veto3]:532.611 [Veto4]:532.611 [SgUp1]:56902 [SgUp2]:56877 [SgUp3]:0 [SgUp4]:0 [SgLow1]:56815 [SgLow2]:56750 [SgLow3]:0 [SgLow4]:0 [NetMuon1]:574243 [NetMuon2]:574370 [NetMuon3]:613663 [NetMuon4]:613663
[Run]:41099 [Site]:1 [Bin]:14546 [FullTime]:3600 [SkipTime]:0 [Veto1]:743.183 [Veto2]:766.999 [Veto3]:534.277 [Veto4]:534.277 [SgUp1]:56913 [SgUp2]:56256 [SgUp3]:0 [SgUp4]:0 [SgLow1]:56818 [SgLow2]:56164 [SgLow3]:0 [SgLow4]:0 [NetMuon1]:573555 [NetMuon2]:568608 [NetMuon3]:615641 [NetMuon4]:615641
[Run]:41099 [Site]:1 [Bin]:14547 [FullTime]:3600 [SkipTime]:0 [Veto1]:764.583 [Veto2]:753.519 [Veto3]:534.268 [Veto4]:534.268 [SgUp1]:57047 [SgUp2]:56498 [SgUp3]:0 [SgUp4]:0 [SgLow1]:56923 [SgLow2]:56399 [SgLow3]:0 [SgLow4]:0 [NetMuon1]:569823 [NetMuon2]:571709 [NetMuon3]:615772 [NetMuon4]:615772
[Run]:41099 [Site]:1 [Bin]:14548 [FullTime]:3600 [SkipTime]:0 [Veto1]:726.646 [Veto2]:756.842 [Veto3]:532.609 [Veto4]:532.609 [SgUp1]:57886 [SgUp2]:56736 [SgUp3]:0 [SgUp4]:0 [SgLow1]:57774 [SgLow2]:56608 [SgLow3]:0 [SgLow4]:0 [NetMuon1]:575255 [NetMuon2]:568941 [NetMuon3]:613910 [NetMuon4]:613910
[Run]:41099 [Site]:1 [Bin]:14549 [FullTime]:3600 [SkipTime]:0 [Veto1]:747.602 [Veto2]:734.649 [Veto3]:532.951 [Veto4]:532.951 [SgUp1]:57018 [SgUp2]:56747 [SgUp3]:0 [SgUp4]:0 [SgLow1]:56920 [SgLow2]:56628 [SgLow3]:0 [SgLow4]:0 [NetMuon1]:571430 [NetMuon2]:573892 [NetMuon3]:614258 [NetMuon4]:614258
[Run]:41099 [Site]:1 [Bin]:14550 [FullTime]:3600 [SkipTime]:0 [Veto1]:750.229 [Veto2]:749.753 [Veto3]:532.933 [Veto4]:532.933 [SgUp1]:56992 [SgUp2]:56584 [SgUp3]:0 [SgUp4]:0 [SgLow1]:56908 [SgLow2]:56461 [SgLow3]:0 [SgLow4]:0 [NetMuon1]:570883 [NetMuon2]:570819 [NetMuon3]:614389 [NetMuon4]:614389
[Run]:41099 [Site]:1 [Bin]:14551 [FullTime]:3600 [SkipTime]:0 [Veto1]:730.573 [Veto2]:741.656 [Veto3]:533.649 [Veto4]:533.649 [SgUp1]:57236 [SgUp2]:56059 [SgUp3]:0 [SgUp4]:0 [SgLow1]:57131 [SgLow2]:55939 [SgLow3]:0 [SgLow4]:0 [NetMuon1]:575599 [NetMuon2]:573175 [NetMuon3]:615041 [NetMuon4]:615041
[Run]:41099 [Site]:1 [Bin]:14552 [FullTime]:3600 [SkipTime]:0 [Veto1]:738.986 [Veto2]:762.297 [Veto3]:532.931 [Veto4]:532.931 [SgUp1]:57569 [SgUp2]:56160 [SgUp3]:0 [SgUp4]:0 [SgLow1]:57447 [SgLow2]:56040 [SgLow3]:0 [SgLow4]:0 [NetMuon1]:572875 [NetMuon2]:568148 [NetMuon3]:614010 [NetMuon4]:614010
[Run]:41099 [Site]:1 [Bin]:14553 [FullTime]:3600 [SkipTime]:0 [Veto1]:733.537 [Veto2]:729.926 [Veto3]:533.406 [Veto4]:533.406 [SgUp1]:57028 [SgUp2]:57134 [SgUp3]:0 [SgUp4]:0 [SgLow1]:56897 [SgLow2]:57039 [SgLow3]:0 [SgLow4]:0 [NetMuon1]:574433 [NetMuon2]:575124 [NetMuon3]:614758 [NetMuon4]:614758
[Run]:41099 [Site]:1 [Bin]:14554 [FullTime]:3600 [SkipTime]:0 [Veto1]:753.015 [Veto2]:745.302 [Veto3]:532.889 [Veto4]:532.889 [SgUp1]:57041 [SgUp2]:56931 [SgUp3]:0 [SgUp4]:0 [SgLow1]:56948 [SgLow2]:56821 [SgLow3]:0 [SgLow4]:0 [NetMuon1]:569977 [NetMuon2]:571839 [NetMuon3]:614233 [NetMuon4]:614233
[Run]:41099 [Site]:1 [Bin]:14555 [FullTime]:3600 [SkipTime]:0 [Veto1]:747.618 [Veto2]:755.798 [Veto3]:533.287 [Veto4]:533.287 [SgUp1]:56737 [SgUp2]:56957 [SgUp3]:0 [SgUp4]:0 [SgLow1]:56644 [SgLow2]:56835 [SgLow3]:0 [SgLow4]:0 [NetMuon1]:571247 [NetMuon2]:570015 [NetMuon3]:614514 [NetMuon4]:614514
[Run]:41099 [Site]:1 [Bin]:14556 [FullTime]:3600 [SkipTime]:0 [Veto1]:739.092 [Veto2]:754.082 [Veto3]:532.803 [Veto4]:532.803 [SgUp1]:56985 [SgUp2]:56561 [SgUp3]:0 [SgUp4]:0 [SgLow1]:56877 [SgLow2]:56454 [SgLow3]:0 [SgLow4]:0 [NetMuon1]:572909 [NetMuon2]:570052 [NetMuon3]:614139 [NetMuon4]:614139
[Run]:41099 [Site]:1 [Bin]:14557 [FullTime]:3600 [SkipTime]:0 [Veto1]:752.02 [Veto2]:746.64 [Veto3]:534.213 [Veto4]:534.213 [SgUp1]:57005 [SgUp2]:56937 [SgUp3]:0 [SgUp4]:0 [SgLow1]:56905 [SgLow2]:56820 [SgLow3]:0 [SgLow4]:0 [NetMuon1]:572119 [NetMuon2]:572619 [NetMuon3]:615558 [NetMuon4]:615558
[Run]:41099 [Site]:1 [Bin]:14558 [FullTime]:3600 [SkipTime]:0 [Veto1]:717.299 [Veto2]:741.983 [Veto3]:533.179 [Veto4]:533.179 [SgUp1]:57288 [SgUp2]:57264 [SgUp3]:0 [SgUp4]:0 [SgLow1]:57187 [SgLow2]:57149 [SgLow3]:0 [SgLow4]:0 [NetMuon1]:577411 [NetMuon2]:572564 [NetMuon3]:614310 [NetMuon4]:614310
[Run]:41099 [Site]:1 [Bin]:14559 [FullTime]:3600 [SkipTime]:0 [Veto1]:709.17 [Veto2]:753.017 [Veto3]:533.075 [Veto4]:533.075 [SgUp1]:57596 [SgUp2]:56669 [SgUp3]:0 [SgUp4]:0 [SgLow1]:57478 [SgLow2]:56549 [SgLow3]:0 [SgLow4]:0 [NetMuon1]:578967 [NetMuon2]:570348 [NetMuon3]:614520 [NetMuon4]:614520
[Run]:41099 [Site]:1 [Bin]:14560 [FullTime]:3600 [SkipTime]:0 [Veto1]:756.864 [Veto2]:732.083 [Veto3]:533.183 [Veto4]:533.183 [SgUp1]:56538 [SgUp2]:57341 [SgUp3]:0 [SgUp4]:0 [SgLow1]:56446 [SgLow2]:57211 [SgLow3]:0 [SgLow4]:0 [NetMuon1]:569598 [NetMuon2]:574464 [NetMuon3]:614342 [NetMuon4]:614342
[Run]:41099 [Site]:1 [Bin]:14561 [FullTime]:3600 [SkipTime]:0 [Veto1]:729.155 [Veto2]:753.739 [Veto3]:534.287 [Veto4]:534.287 [SgUp1]:57302 [SgUp2]:56765 [SgUp3]:0 [SgUp4]:0 [SgLow1]:57211 [SgLow2]:56631 [SgLow3]:0 [SgLow4]:0 [NetMuon1]:576458 [NetMuon2]:571274 [NetMuon3]:615298 [NetMuon4]:615298
[Run]:41099 [Site]:1 [Bin]:14562 [FullTime]:3600 [SkipTime]:0 [Veto1]:731.89 [Veto2]:761.642 [Veto3]:533.75 [Veto4]:533.75 [SgUp1]:57289 [SgUp2]:56443 [SgUp3]:0 [SgUp4]:0 [SgLow1]:57172 [SgLow2]:56332 [SgLow3]:0 [SgLow4]:0 [NetMuon1]:575282 [NetMuon2]:569153 [NetMuon3]:615038 [NetMuon4]:615038
[Run]:41099 [Site]:1 [Bin]:14563 [FullTime]:3600 [SkipTime]:0 [Veto1]:749.866 [Veto2]:761.925 [Veto3]:533.838 [Veto4]:533.838 [SgUp1]:56813 [SgUp2]:56533 [SgUp3]:0 [SgUp4]:0 [SgLow1]:56705 [SgLow2]:56428 [SgLow3]:0 [SgLow4]:0 [NetMuon1]:572081 [NetMuon2]:569842 [NetMuon3]:615256 [NetMuon4]:615256
[Run]:41099 [Site]:1 [Bin]:14564 [FullTime]:3600 [SkipTime]:0 [Veto1]:725.915 [Veto2]:760.746 [Veto3]:533.324 [Veto4]:533.324 [SgUp1]:57354 [SgUp2]:56365 [SgUp3]:0 [SgUp4]:0 [SgLow1]:57244 [SgLow2]:56248 [SgLow3]:0 [SgLow4]:0 [NetMuon1]:575632 [NetMuon2]:569160 [NetMuon3]:614561 [NetMuon4]:614561
[Run]:41099 [Site]:1 [Bin]:14565 [FullTime]:3600 [SkipTime]:0 [Veto1]:740.209 [Veto2]:740.754 [Veto3]:533.395 [Veto4]:533.395 [SgUp1]:57375 [SgUp2]:57234 [SgUp3]:0 [SgUp4]:0 [SgLow1]:57241 [SgLow2]:57132 [SgLow3]:0 [SgLow4]:0 [NetMuon1]:573396 [NetMuon2]:573019 [NetMuon3]:614758 [NetMuon4]:614758
[Run]:41099 [Site]:1 [Bin]:14566 [FullTime]:3600 [SkipTime]:0 [Veto1]:755.243 [Veto2]:745.275 [Veto3]:534.284 [Veto4]:534.284 [SgUp1]:56844 [SgUp2]:56774 [SgUp3]:0 [SgUp4]:0 [SgLow1]:56768 [SgLow2]:56656 [SgLow3]:0 [SgLow4]:0 [NetMuon1]:570962 [NetMuon2]:573054 [NetMuon3]:615585 [NetMuon4]:615585
[Run]:41099 [Site]:1 [Bin]:14567 [FullTime]:3600 [SkipTime]:0 [Veto1]:753.329 [Veto2]:742.153 [Veto3]:534.529 [Veto4]:534.529 [SgUp1]:56637 [SgUp2]:57356 [SgUp3]:0 [SgUp4]:0 [SgLow1]:56527 [SgLow2]:57229 [SgLow3]:0 [SgLow4]:0 [NetMuon1]:572448 [NetMuon2]:574135 [NetMuon3]:616160 [NetMuon4]:616160
[Run]:41099 [Site]:1 [Bin]:14568 [FullTime]:3600 [SkipTime]:0 [Veto1]:727.518 [Veto2]:756.644 [Veto3]:532.977 [Veto4]:532.977 [SgUp1]:57041 [SgUp2]:56175 [SgUp3]:0 [SgUp4]:0 [SgLow1]:56912 [SgLow2]:56061 [SgLow3]:0 [SgLow4]:0 [NetMuon1]:575310 [NetMuon2]:569637 [NetMuon3]:614370 [NetMuon4]:614370
[Run]:41099 [Site]:1 [Bin]:14569 [FullTime]:3600 [SkipTime]:0 [Veto1]:729.072 [Veto2]:731.934 [Veto3]:533.753 [Veto4]:533.753 [SgUp1]:57390 [SgUp2]:57071 [SgUp3]:0 [SgUp4]:0 [SgLow1]:57279 [SgLow2]:56936 [SgLow3]:0 [SgLow4]:0 [NetMuon1]:576209 [NetMuon2]:575192 [NetMuon3]:614852 [NetMuon4]:614852
[Run]:41099 [Site]:1 [Bin]:14570 [FullTime]:3600 [SkipTime]:0 [Veto1]:744.851 [Veto2]:756.986 [Veto3]:533.731 [Veto4]:533.731 [SgUp1]:57177 [SgUp2]:56307 [SgUp3]:0 [SgUp4]:0 [SgLow1]:57045 [SgLow2]:56192 [SgLow3]:0 [SgLow4]:0 [NetMuon1]:572859 [NetMuon2]:570063 [NetMuon3]:614770 [NetMuon4]:614770
[Run]:41099 [Site]:1 [Bin]:14571 [FullTime]:3600 [SkipTime]:0 [Veto1]:730.566 [Veto2]:744.854 [Veto3]:533.669 [Veto4]:533.669 [SgUp1]:56758 [SgUp2]:56804 [SgUp3]:0 [SgUp4]:0 [SgLow1]:56632 [SgLow2]:56695 [SgLow3]:0 [SgLow4]:0 [NetMuon1]:575234 [NetMuon2]:572678 [NetMuon3]:615028 [NetMuon4]:615028
[Run]:41099 [Site]:1 [Bin]:14572 [FullTime]:3600 [SkipTime]:0 [Veto1]:728.577 [Veto2]:742.631 [Veto3]:532.686 [Veto4]:532.686 [SgUp1]:57152 [SgUp2]:56642 [SgUp3]:0 [SgUp4]:0 [SgLow1]:57043 [SgLow2]:56537 [SgLow3]:0 [SgLow4]:0 [NetMuon1]:574992 [NetMuon2]:571678 [NetMuon3]:613979 [NetMuon4]:613979
[Run]:41099 [Site]:1 [Bin]:14573 [FullTime]:3600 [SkipTime]:0 [Veto1]:764.448 [Veto2]:755.126 [Veto3]:532.778 [Veto4]:532.778 [SgUp1]:56799 [SgUp2]:56877 [SgUp3]:0 [SgUp4]:0 [SgLow1]:56682 [SgLow2]:56760 [SgLow3]:0 [SgLow4]:0 [NetMuon1]:567254 [NetMuon2]:568754 [NetMuon3]:613818 [NetMuon4]:613818
[Run]:41099 [Site]:1 [Bin]:14574 [FullTime]:3600 [SkipTime]:0 [Veto1]:741.908 [Veto2]:764.898 [Veto3]:533.006 [Veto4]:533.006 [SgUp1]:57611 [SgUp2]:56283 [SgUp3]:0 [SgUp4]:0 [SgLow1]:57506 [SgLow2]:56165 [SgLow3]:0 [SgLow4]:0 [NetMuon1]:572857 [NetMuon2]:567930 [NetMuon3]:614322 [NetMuon4]:614322
[Run]:41099 [Site]:1 [Bin]:14575 [FullTime]:3600 [SkipTime]:0 [Veto1]:730.24 [Veto2]:770.214 [Veto3]:533.799 [Veto4]:533.799 [SgUp1]:57831 [SgUp2]:56546 [SgUp3]:0 [SgUp4]:0 [SgLow1]:57701 [SgLow2]:56461 [SgLow3]:0 [SgLow4]:0 [NetMuon1]:575491 [NetMuon2]:567733 [NetMuon3]:615181 [NetMuon4]:615181
[Run]:41099 [Site]:1 [Bin]:14576 [FullTime]:3600 [SkipTime]:0 [Veto1]:740.425 [Veto2]:751.509 [Veto3]:533.488 [Veto4]:533.488 [SgUp1]:57109 [SgUp2]:56602 [SgUp3]:0 [SgUp4]:0 [SgLow1]:56998 [SgLow2]:56499 [SgLow3]:0 [SgLow4]:0 [NetMuon1]:573213 [NetMuon2]:570873 [NetMuon3]:614621 [NetMuon4]:614621
[Run]:41099 [Site]:1 [Bin]:14577 [FullTime]:3600 [SkipTime]:0 [Veto1]:735.058 [Veto2]:748.07 [Veto3]:533.192 [Veto4]:533.192 [SgUp1]:57273 [SgUp2]:56889 [SgUp3]:0 [SgUp4]:0 [SgLow1]:57162 [SgLow2]:56769 [SgLow3]:0 [SgLow4]:0 [NetMuon1]:573568 [NetMuon2]:571188 [NetMuon3]:614274 [NetMuon4]:614274
[Run]:41099 [Site]:1 [Bin]:14578 [FullTime]:3600 [SkipTime]:0 [Veto1]:722.198 [Veto2]:756.177 [Veto3]:532.707 [Veto4]:532.707 [SgUp1]:57659 [SgUp2]:56838 [SgUp3]:0 [SgUp4]:0 [SgLow1]:57534 [SgLow2]:56723 [SgLow3]:0 [SgLow4]:0 [NetMuon1]:576241 [NetMuon2]:569447 [NetMuon3]:614038 [NetMuon4]:614038
[Run]:41099 [Site]:1 [Bin]:14579 [FullTime]:3600 [SkipTime]:0 [Veto1]:723.892 [Veto2]:765.444 [Veto3]:533.072 [Veto4]:533.072 [SgUp1]:57575 [SgUp2]:56990 [SgUp3]:0 [SgUp4]:0 [SgLow1]:57454 [SgLow2]:56854 [SgLow3]:0 [SgLow4]:0 [NetMuon1]:575842 [NetMuon2]:567416 [NetMuon3]:614053 [NetMuon4]:614053
[Run]:41099 [Site]:1 [Bin]:14580 [FullTime]:3600 [SkipTime]:0 [Veto1]:751.618 [Veto2]:767.199 [Veto3]:533.112 [Veto4]:533.112 [SgUp1]:57182 [SgUp2]:56298 [SgUp3]:0 [SgUp4]:0 [SgLow1]:57085 [SgLow2]:56183 [SgLow3]:0 [SgLow4]:0 [NetMuon1]:570668 [NetMuon2]:567452 [NetMuon3]:614423 [NetMuon4]:614423
[Run]:41099 [Site]:1 [Bin]:14581 [FullTime]:3600 [SkipTime]:0 [Veto1]:740.672 [Veto2]:758.006 [Veto3]:531.448 [Veto4]:531.448 [SgUp1]:57341 [SgUp2]:56780 [SgUp3]:0 [SgUp4]:0 [SgLow1]:57222 [SgLow2]:56653 [SgLow3]:0 [SgLow4]:0 [NetMuon1]:570541 [NetMuon2]:567752 [NetMuon3]:612511 [NetMuon4]:612511
[Run]:41099 [Site]:1 [Bin]:14582 [FullTime]:3600 [SkipTime]:0 [Veto1]:749.014 [Veto2]:745.839 [Veto3]:533.419 [Veto4]:533.419 [SgUp1]:56609 [SgUp2]:56935 [SgUp3]:0 [SgUp4]:0 [SgLow1]:56487 [SgLow2]:56811 [SgLow3]:0 [SgLow4]:0 [NetMuon1]:571396 [NetMuon2]:572398 [NetMuon3]:614869 [NetMuon4]:614869
[Run]:41099 [Site]:1 [Bin]:14583 [FullTime]:3600 [SkipTime]:0 [Veto1]:732.542 [Veto2]:742.725 [Veto3]:532.972 [Veto4]:532.972 [SgUp1]:57274 [SgUp2]:57064 [SgUp3]:0 [SgUp4]:0 [SgLow1]:57159 [SgLow2]:56944 [SgLow3]:0 [SgLow4]:0 [NetMuon1]:574185 [NetMuon2]:572121 [NetMuon3]:614144 [NetMuon4]:614144
[Run]:41099 [Site]:1 [Bin]:14584 [FullTime]:3600 [SkipTime]:0 [Veto1]:724.009 [Veto2]:759.072 [Veto3]:532.232 [Veto4]:532.232 [SgUp1]:57498 [SgUp2]:56576 [SgUp3]:0 [SgUp4]:0 [SgLow1]:57376 [SgLow2]:56462 [SgLow3]:0 [SgLow4]:0 [NetMuon1]:575393 [NetMuon2]:568312 [NetMuon3]:613668 [NetMuon4]:613668
[Run]:41099 [Site]:1 [Bin]:14585 [FullTime]:3600 [SkipTime]:0 [Veto1]:710.726 [Veto2]:751.63 [Veto3]:532.881 [Veto4]:532.881 [SgUp1]:57773 [SgUp2]:56849 [SgUp3]:0 [SgUp4]:0 [SgLow1]:57655 [SgLow2]:56734 [SgLow3]:0 [SgLow4]:0 [NetMuon1]:578309 [NetMuon2]:569846 [NetMuon3]:613849 [NetMuon4]:613849
[Run]:41099 [Site]:1 [Bin]:14586 [FullTime]:3600 [SkipTime]:0 [Veto1]:731.93 [Veto2]:756.396 [Veto3]:535.298 [Veto4]:535.298 [SgUp1]:57656 [SgUp2]:56431 [SgUp3]:0 [SgUp4]:0 [SgLow1]:57574 [SgLow2]:56304 [SgLow3]:0 [SgLow4]:0 [NetMuon1]:576891 [NetMuon2]:572172 [NetMuon3]:616785 [NetMuon4]:616785
[Run]:41099 [Site]:1 [Bin]:14587 [FullTime]:3600 [SkipTime]:0 [Veto1]:758.077 [Veto2]:749.911 [Veto3]:533.938 [Veto4]:533.938 [SgUp1]:56503 [SgUp2]:56728 [SgUp3]:0 [SgUp4]:0 [SgLow1]:56388 [SgLow2]:56602 [SgLow3]:0 [SgLow4]:0 [NetMuon1]:570390 [NetMuon2]:572094 [NetMuon3]:615530 [NetMuon4]:615530
[Run]:41099 [Site]:1 [Bin]:14588 [FullTime]:3600 [SkipTime]:0 [Veto1]:737.805 [Veto2]:738.119 [Veto3]:533.473 [Veto4]:533.473 [SgUp1]:57306 [SgUp2]:56656 [SgUp3]:0 [SgUp4]:0 [SgLow1]:57202 [SgLow2]:56537 [SgLow3]:0 [SgLow4]:0 [NetMuon1]:573904 [NetMuon2]:573815 [NetMuon3]:614730 [NetMuon4]:614730
[Run]:41099 [Site]:1 [Bin]:14589 [FullTime]:3600 [SkipTime]:0 [Veto1]:736.247 [Veto2]:741.563 [Veto3]:533.945 [Veto4]:533.945 [SgUp1]:57873 [SgUp2]:56982 [SgUp3]:0 [SgUp4]:0 [SgLow1]:57762 [SgLow2]:56888 [SgLow3]:0 [SgLow4]:0 [NetMuon1]:575296 [NetMuon2]:573856 [NetMuon3]:615666 [NetMuon4]:615666
[Run]:41099 [Site]:1 [Bin]:14590 [FullTime]:3600 [SkipTime]:0 [Veto1]:728.841 [Veto2]:749.494 [Veto3]:533.596 [Veto4]:533.596 [SgUp1]:57047 [SgUp2]:56742 [SgUp3]:0 [SgUp4]:0 [SgLow1]:56950 [SgLow2]:56636 [SgLow3]:0 [SgLow4]:0 [NetMuon1]:575554 [NetMuon2]:571634 [NetMuon3]:614860 [NetMuon4]:614860
[Run]:41099 [Site]:1 [Bin]:14591 [FullTime]:3600 [SkipTime]:0 [Veto1]:749.746 [Veto2]:746.23 [Veto3]:533.485 [Veto4]:533.485 [SgUp1]:57068 [SgUp2]:57284 [SgUp3]:0 [SgUp4]:0 [SgLow1]:56940 [SgLow2]:57168 [SgLow3]:0 [SgLow4]:0 [NetMuon1]:571797 [NetMuon2]:572629 [NetMuon3]:615034 [NetMuon4]:615034
End process Run: 41099 ... 
[Run]:41099 [Site]:1 [Bin]:14592 [FullTime]:3408.31 [SkipTime]:0 [Veto1]:711.799 [Veto2]:711.501 [Veto3]:504.849 [Veto4]:504.849
