StreamChain add 0x15a6f7f0
Start to process run: 41677 ... 
[Run]:41677 [Site]:1 [Bin]:15337 [FullTime]:3386.38 [SkipTime]:0 [Veto1]:689.553 [Veto2]:707.683 [Veto3]:501.948 [Veto4]:501.948 [SgUp1]:54192 [SgUp2]:53012 [SgUp3]:0 [SgUp4]:0 [SgLow1]:54101 [SgLow2]:52926 [SgLow3]:0 [SgLow4]:0 [NetMuon1]:540807 [NetMuon2]:537087 [NetMuon3]:578364 [NetMuon4]:578364
[Run]:41677 [Site]:1 [Bin]:15338 [FullTime]:3600 [SkipTime]:0 [Veto1]:749.054 [Veto2]:764.31 [Veto3]:532.856 [Veto4]:532.856 [SgUp1]:57027 [SgUp2]:56725 [SgUp3]:0 [SgUp4]:0 [SgLow1]:56934 [SgLow2]:56625 [SgLow3]:0 [SgLow4]:0 [NetMuon1]:571066 [NetMuon2]:567605 [NetMuon3]:614123 [NetMuon4]:614123
[Run]:41677 [Site]:1 [Bin]:15339 [FullTime]:3600 [SkipTime]:0 [Veto1]:734.009 [Veto2]:735.013 [Veto3]:533.568 [Veto4]:533.568 [SgUp1]:57674 [SgUp2]:57633 [SgUp3]:0 [SgUp4]:0 [SgLow1]:57547 [SgLow2]:57550 [SgLow3]:0 [SgLow4]:0 [NetMuon1]:574616 [NetMuon2]:574570 [NetMuon3]:614990 [NetMuon4]:614990
[Run]:41677 [Site]:1 [Bin]:15340 [FullTime]:3600 [SkipTime]:0 [Veto1]:726.44 [Veto2]:754.857 [Veto3]:532.108 [Veto4]:532.108 [SgUp1]:57622 [SgUp2]:56060 [SgUp3]:0 [SgUp4]:0 [SgLow1]:57501 [SgLow2]:55967 [SgLow3]:0 [SgLow4]:0 [NetMuon1]:574242 [NetMuon2]:568624 [NetMuon3]:613213 [NetMuon4]:613213
[Run]:41677 [Site]:1 [Bin]:15341 [FullTime]:3600 [SkipTime]:0 [Veto1]:738.623 [Veto2]:742.782 [Veto3]:533.936 [Veto4]:533.936 [SgUp1]:57382 [SgUp2]:56986 [SgUp3]:0 [SgUp4]:0 [SgLow1]:57264 [SgLow2]:56894 [SgLow3]:0 [SgLow4]:0 [NetMuon1]:574251 [NetMuon2]:573342 [NetMuon3]:615145 [NetMuon4]:615145
[Run]:41677 [Site]:1 [Bin]:15342 [FullTime]:3600 [SkipTime]:0 [Veto1]:732.616 [Veto2]:715.706 [Veto3]:531.894 [Veto4]:531.894 [SgUp1]:57769 [SgUp2]:57575 [SgUp3]:0 [SgUp4]:0 [SgLow1]:57671 [SgLow2]:57477 [SgLow3]:0 [SgLow4]:0 [NetMuon1]:572898 [NetMuon2]:576284 [NetMuon3]:612927 [NetMuon4]:612927
[Run]:41677 [Site]:1 [Bin]:15343 [FullTime]:3600 [SkipTime]:0 [Veto1]:734.497 [Veto2]:756.785 [Veto3]:532.424 [Veto4]:532.424 [SgUp1]:57063 [SgUp2]:57655 [SgUp3]:0 [SgUp4]:0 [SgLow1]:56956 [SgLow2]:57522 [SgLow3]:0 [SgLow4]:0 [NetMuon1]:572647 [NetMuon2]:568487 [NetMuon3]:613219 [NetMuon4]:613219
[Run]:41677 [Site]:1 [Bin]:15344 [FullTime]:3600 [SkipTime]:0 [Veto1]:716.222 [Veto2]:741.755 [Veto3]:531.987 [Veto4]:531.987 [SgUp1]:57920 [SgUp2]:56789 [SgUp3]:0 [SgUp4]:0 [SgLow1]:57829 [SgLow2]:56682 [SgLow3]:0 [SgLow4]:0 [NetMuon1]:576522 [NetMuon2]:570710 [NetMuon3]:612937 [NetMuon4]:612937
[Run]:41677 [Site]:1 [Bin]:15345 [FullTime]:3600 [SkipTime]:0 [Veto1]:734.353 [Veto2]:735.27 [Veto3]:532.903 [Veto4]:532.903 [SgUp1]:57318 [SgUp2]:58024 [SgUp3]:0 [SgUp4]:0 [SgLow1]:57193 [SgLow2]:57914 [SgLow3]:0 [SgLow4]:0 [NetMuon1]:574028 [NetMuon2]:573886 [NetMuon3]:614287 [NetMuon4]:614287
[Run]:41677 [Site]:1 [Bin]:15346 [FullTime]:3600 [SkipTime]:0 [Veto1]:741.777 [Veto2]:749.952 [Veto3]:532.391 [Veto4]:532.391 [SgUp1]:56899 [SgUp2]:56636 [SgUp3]:0 [SgUp4]:0 [SgLow1]:56762 [SgLow2]:56514 [SgLow3]:0 [SgLow4]:0 [NetMuon1]:572044 [NetMuon2]:570349 [NetMuon3]:613752 [NetMuon4]:613752
[Run]:41677 [Site]:1 [Bin]:15347 [FullTime]:3600 [SkipTime]:0 [Veto1]:739.41 [Veto2]:739.354 [Veto3]:532.575 [Veto4]:532.575 [SgUp1]:57245 [SgUp2]:56983 [SgUp3]:0 [SgUp4]:0 [SgLow1]:57118 [SgLow2]:56884 [SgLow3]:0 [SgLow4]:0 [NetMuon1]:572334 [NetMuon2]:572454 [NetMuon3]:613847 [NetMuon4]:613847
[Run]:41677 [Site]:1 [Bin]:15348 [FullTime]:3600 [SkipTime]:0 [Veto1]:750.166 [Veto2]:755.766 [Veto3]:531.782 [Veto4]:531.782 [SgUp1]:56746 [SgUp2]:56859 [SgUp3]:0 [SgUp4]:0 [SgLow1]:56637 [SgLow2]:56744 [SgLow3]:0 [SgLow4]:0 [NetMuon1]:569492 [NetMuon2]:568243 [NetMuon3]:613052 [NetMuon4]:613052
[Run]:41677 [Site]:1 [Bin]:15349 [FullTime]:3600 [SkipTime]:0 [Veto1]:751.04 [Veto2]:777.838 [Veto3]:531.644 [Veto4]:531.644 [SgUp1]:57091 [SgUp2]:56644 [SgUp3]:0 [SgUp4]:0 [SgLow1]:56981 [SgLow2]:56525 [SgLow3]:0 [SgLow4]:0 [NetMuon1]:569071 [NetMuon2]:563674 [NetMuon3]:612797 [NetMuon4]:612797
[Run]:41677 [Site]:1 [Bin]:15350 [FullTime]:3600 [SkipTime]:0 [Veto1]:728.531 [Veto2]:748.054 [Veto3]:532.213 [Veto4]:532.213 [SgUp1]:57441 [SgUp2]:57190 [SgUp3]:0 [SgUp4]:0 [SgLow1]:57345 [SgLow2]:57079 [SgLow3]:0 [SgLow4]:0 [NetMuon1]:573806 [NetMuon2]:570498 [NetMuon3]:613255 [NetMuon4]:613255
[Run]:41677 [Site]:1 [Bin]:15351 [FullTime]:3600 [SkipTime]:0 [Veto1]:743.065 [Veto2]:763.265 [Veto3]:532.068 [Veto4]:532.068 [SgUp1]:56961 [SgUp2]:56729 [SgUp3]:0 [SgUp4]:0 [SgLow1]:56841 [SgLow2]:56644 [SgLow3]:0 [SgLow4]:0 [NetMuon1]:570584 [NetMuon2]:566733 [NetMuon3]:613190 [NetMuon4]:613190
[Run]:41677 [Site]:1 [Bin]:15352 [FullTime]:3600 [SkipTime]:0 [Veto1]:725.898 [Veto2]:754.389 [Veto3]:531.761 [Veto4]:531.761 [SgUp1]:57663 [SgUp2]:57374 [SgUp3]:0 [SgUp4]:0 [SgLow1]:57532 [SgLow2]:57251 [SgLow3]:0 [SgLow4]:0 [NetMuon1]:574297 [NetMuon2]:568459 [NetMuon3]:613127 [NetMuon4]:613127
[Run]:41677 [Site]:1 [Bin]:15353 [FullTime]:3600 [SkipTime]:0 [Veto1]:724.654 [Veto2]:757.323 [Veto3]:531.53 [Veto4]:531.53 [SgUp1]:57829 [SgUp2]:56824 [SgUp3]:0 [SgUp4]:0 [SgLow1]:57745 [SgLow2]:56717 [SgLow3]:0 [SgLow4]:0 [NetMuon1]:574294 [NetMuon2]:567669 [NetMuon3]:612716 [NetMuon4]:612716
[Run]:41677 [Site]:1 [Bin]:15354 [FullTime]:3600 [SkipTime]:0 [Veto1]:725.683 [Veto2]:750.003 [Veto3]:533.345 [Veto4]:533.345 [SgUp1]:57494 [SgUp2]:56894 [SgUp3]:0 [SgUp4]:0 [SgLow1]:57389 [SgLow2]:56768 [SgLow3]:0 [SgLow4]:0 [NetMuon1]:575965 [NetMuon2]:571405 [NetMuon3]:614703 [NetMuon4]:614703
[Run]:41677 [Site]:1 [Bin]:15355 [FullTime]:3600 [SkipTime]:0 [Veto1]:742.575 [Veto2]:760.633 [Veto3]:532.143 [Veto4]:532.143 [SgUp1]:57356 [SgUp2]:56958 [SgUp3]:0 [SgUp4]:0 [SgLow1]:57226 [SgLow2]:56865 [SgLow3]:0 [SgLow4]:0 [NetMuon1]:571871 [NetMuon2]:567996 [NetMuon3]:613615 [NetMuon4]:613615
[Run]:41677 [Site]:1 [Bin]:15356 [FullTime]:3600 [SkipTime]:0 [Veto1]:745.708 [Veto2]:752.527 [Veto3]:532.275 [Veto4]:532.275 [SgUp1]:57082 [SgUp2]:56486 [SgUp3]:0 [SgUp4]:0 [SgLow1]:56978 [SgLow2]:56392 [SgLow3]:0 [SgLow4]:0 [NetMuon1]:570652 [NetMuon2]:569175 [NetMuon3]:613615 [NetMuon4]:613615
[Run]:41677 [Site]:1 [Bin]:15357 [FullTime]:3600 [SkipTime]:0 [Veto1]:737.498 [Veto2]:742.11 [Veto3]:532.153 [Veto4]:532.153 [SgUp1]:57383 [SgUp2]:57122 [SgUp3]:0 [SgUp4]:0 [SgLow1]:57300 [SgLow2]:57003 [SgLow3]:0 [SgLow4]:0 [NetMuon1]:572501 [NetMuon2]:571260 [NetMuon3]:613407 [NetMuon4]:613407
[Run]:41677 [Site]:1 [Bin]:15358 [FullTime]:3600 [SkipTime]:0 [Veto1]:732.404 [Veto2]:769.602 [Veto3]:532.336 [Veto4]:532.336 [SgUp1]:57472 [SgUp2]:56607 [SgUp3]:0 [SgUp4]:0 [SgLow1]:57385 [SgLow2]:56501 [SgLow3]:0 [SgLow4]:0 [NetMuon1]:573259 [NetMuon2]:565756 [NetMuon3]:613480 [NetMuon4]:613480
[Run]:41677 [Site]:1 [Bin]:15359 [FullTime]:3600 [SkipTime]:0 [Veto1]:727.464 [Veto2]:744.826 [Veto3]:531.458 [Veto4]:531.458 [SgUp1]:57373 [SgUp2]:57546 [SgUp3]:0 [SgUp4]:0 [SgLow1]:57246 [SgLow2]:57445 [SgLow3]:0 [SgLow4]:0 [NetMuon1]:573742 [NetMuon2]:569936 [NetMuon3]:612583 [NetMuon4]:612583
[Run]:41677 [Site]:1 [Bin]:15360 [FullTime]:3600 [SkipTime]:0 [Veto1]:751.669 [Veto2]:753.454 [Veto3]:531.692 [Veto4]:531.692 [SgUp1]:57567 [SgUp2]:57208 [SgUp3]:0 [SgUp4]:0 [SgLow1]:57448 [SgLow2]:57083 [SgLow3]:0 [SgLow4]:0 [NetMuon1]:568996 [NetMuon2]:568700 [NetMuon3]:613017 [NetMuon4]:613017
[Run]:41677 [Site]:1 [Bin]:15361 [FullTime]:3600 [SkipTime]:0 [Veto1]:728.334 [Veto2]:759.447 [Veto3]:531.367 [Veto4]:531.367 [SgUp1]:57585 [SgUp2]:57194 [SgUp3]:0 [SgUp4]:0 [SgLow1]:57466 [SgLow2]:57083 [SgLow3]:0 [SgLow4]:0 [NetMuon1]:573567 [NetMuon2]:567239 [NetMuon3]:612750 [NetMuon4]:612750
[Run]:41677 [Site]:1 [Bin]:15362 [FullTime]:3600 [SkipTime]:0 [Veto1]:741.813 [Veto2]:747.42 [Veto3]:531.518 [Veto4]:531.518 [SgUp1]:57403 [SgUp2]:57621 [SgUp3]:0 [SgUp4]:0 [SgLow1]:57288 [SgLow2]:57509 [SgLow3]:0 [SgLow4]:0 [NetMuon1]:570800 [NetMuon2]:569733 [NetMuon3]:612644 [NetMuon4]:612644
[Run]:41677 [Site]:1 [Bin]:15363 [FullTime]:3600 [SkipTime]:0 [Veto1]:731.96 [Veto2]:761.87 [Veto3]:530.968 [Veto4]:530.968 [SgUp1]:57546 [SgUp2]:57333 [SgUp3]:0 [SgUp4]:0 [SgLow1]:57447 [SgLow2]:57212 [SgLow3]:0 [SgLow4]:0 [NetMuon1]:572026 [NetMuon2]:566079 [NetMuon3]:612377 [NetMuon4]:612377
[Run]:41677 [Site]:1 [Bin]:15364 [FullTime]:3600.01 [SkipTime]:0 [Veto1]:742.393 [Veto2]:735.216 [Veto3]:531.561 [Veto4]:531.561 [SgUp1]:56844 [SgUp2]:57440 [SgUp3]:0 [SgUp4]:0 [SgLow1]:56729 [SgLow2]:57320 [SgLow3]:0 [SgLow4]:0 [NetMuon1]:571006 [NetMuon2]:572459 [NetMuon3]:613037 [NetMuon4]:613037
[Run]:41677 [Site]:1 [Bin]:15365 [FullTime]:3599.99 [SkipTime]:0 [Veto1]:750.095 [Veto2]:750.326 [Veto3]:530.87 [Veto4]:530.87 [SgUp1]:56944 [SgUp2]:57025 [SgUp3]:0 [SgUp4]:0 [SgLow1]:56839 [SgLow2]:56923 [SgLow3]:0 [SgLow4]:0 [NetMuon1]:568259 [NetMuon2]:568482 [NetMuon3]:612299 [NetMuon4]:612299
[Run]:41677 [Site]:1 [Bin]:15366 [FullTime]:3600 [SkipTime]:0 [Veto1]:752.537 [Veto2]:712.671 [Veto3]:531.642 [Veto4]:531.642 [SgUp1]:56793 [SgUp2]:58357 [SgUp3]:0 [SgUp4]:0 [SgLow1]:56706 [SgLow2]:58230 [SgLow3]:0 [SgLow4]:0 [NetMuon1]:569058 [NetMuon2]:576875 [NetMuon3]:613101 [NetMuon4]:613101
[Run]:41677 [Site]:1 [Bin]:15367 [FullTime]:3600 [SkipTime]:0 [Veto1]:737.757 [Veto2]:739.964 [Veto3]:531.797 [Veto4]:531.797 [SgUp1]:57604 [SgUp2]:57407 [SgUp3]:0 [SgUp4]:0 [SgLow1]:57482 [SgLow2]:57319 [SgLow3]:0 [SgLow4]:0 [NetMuon1]:572521 [NetMuon2]:571910 [NetMuon3]:613492 [NetMuon4]:613492
[Run]:41677 [Site]:1 [Bin]:15368 [FullTime]:3600 [SkipTime]:0 [Veto1]:726.299 [Veto2]:744.26 [Veto3]:532.171 [Veto4]:532.171 [SgUp1]:57233 [SgUp2]:56860 [SgUp3]:0 [SgUp4]:0 [SgLow1]:57106 [SgLow2]:56742 [SgLow3]:0 [SgLow4]:0 [NetMuon1]:574869 [NetMuon2]:571751 [NetMuon3]:613735 [NetMuon4]:613735
[Run]:41677 [Site]:1 [Bin]:15369 [FullTime]:3600 [SkipTime]:0 [Veto1]:741.323 [Veto2]:753.05 [Veto3]:531.864 [Veto4]:531.864 [SgUp1]:57042 [SgUp2]:56562 [SgUp3]:0 [SgUp4]:0 [SgLow1]:56915 [SgLow2]:56443 [SgLow3]:0 [SgLow4]:0 [NetMuon1]:571085 [NetMuon2]:568212 [NetMuon3]:612977 [NetMuon4]:612977
[Run]:41677 [Site]:1 [Bin]:15370 [FullTime]:3600 [SkipTime]:0 [Veto1]:738.981 [Veto2]:745.476 [Veto3]:530.664 [Veto4]:530.664 [SgUp1]:57495 [SgUp2]:56909 [SgUp3]:0 [SgUp4]:0 [SgLow1]:57388 [SgLow2]:56786 [SgLow3]:0 [SgLow4]:0 [NetMuon1]:570462 [NetMuon2]:569211 [NetMuon3]:612062 [NetMuon4]:612062
[Run]:41677 [Site]:1 [Bin]:15371 [FullTime]:3600 [SkipTime]:0 [Veto1]:734.254 [Veto2]:766.376 [Veto3]:532.199 [Veto4]:532.199 [SgUp1]:57181 [SgUp2]:56526 [SgUp3]:0 [SgUp4]:0 [SgLow1]:57042 [SgLow2]:56403 [SgLow3]:0 [SgLow4]:0 [NetMuon1]:572719 [NetMuon2]:566693 [NetMuon3]:613337 [NetMuon4]:613337
[Run]:41677 [Site]:1 [Bin]:15372 [FullTime]:3600 [SkipTime]:0 [Veto1]:737.278 [Veto2]:745.282 [Veto3]:531.341 [Veto4]:531.341 [SgUp1]:57322 [SgUp2]:57107 [SgUp3]:0 [SgUp4]:0 [SgLow1]:57205 [SgLow2]:56971 [SgLow3]:0 [SgLow4]:0 [NetMuon1]:571594 [NetMuon2]:569837 [NetMuon3]:612695 [NetMuon4]:612695
[Run]:41677 [Site]:1 [Bin]:15373 [FullTime]:3600 [SkipTime]:0 [Veto1]:737.158 [Veto2]:742.862 [Veto3]:531.125 [Veto4]:531.125 [SgUp1]:57015 [SgUp2]:56797 [SgUp3]:0 [SgUp4]:0 [SgLow1]:56916 [SgLow2]:56686 [SgLow3]:0 [SgLow4]:0 [NetMuon1]:571505 [NetMuon2]:570689 [NetMuon3]:612616 [NetMuon4]:612616
[Run]:41677 [Site]:1 [Bin]:15374 [FullTime]:3600 [SkipTime]:0 [Veto1]:735.936 [Veto2]:751.233 [Veto3]:531.681 [Veto4]:531.681 [SgUp1]:57630 [SgUp2]:56731 [SgUp3]:0 [SgUp4]:0 [SgLow1]:57527 [SgLow2]:56636 [SgLow3]:0 [SgLow4]:0 [NetMuon1]:572245 [NetMuon2]:569207 [NetMuon3]:613134 [NetMuon4]:613134
[Run]:41677 [Site]:1 [Bin]:15375 [FullTime]:3600 [SkipTime]:0 [Veto1]:737.405 [Veto2]:750.391 [Veto3]:532.021 [Veto4]:532.021 [SgUp1]:56909 [SgUp2]:57082 [SgUp3]:0 [SgUp4]:0 [SgLow1]:56804 [SgLow2]:56952 [SgLow3]:0 [SgLow4]:0 [NetMuon1]:572311 [NetMuon2]:569645 [NetMuon3]:613240 [NetMuon4]:613240
[Run]:41677 [Site]:1 [Bin]:15376 [FullTime]:3600 [SkipTime]:0 [Veto1]:703.025 [Veto2]:754.737 [Veto3]:532.153 [Veto4]:532.153 [SgUp1]:58136 [SgUp2]:56956 [SgUp3]:0 [SgUp4]:0 [SgLow1]:58015 [SgLow2]:56848 [SgLow3]:0 [SgLow4]:0 [NetMuon1]:579159 [NetMuon2]:568843 [NetMuon3]:613369 [NetMuon4]:613369
[Run]:41677 [Site]:1 [Bin]:15377 [FullTime]:3600 [SkipTime]:0 [Veto1]:763.54 [Veto2]:761.887 [Veto3]:532.084 [Veto4]:532.084 [SgUp1]:57057 [SgUp2]:56780 [SgUp3]:0 [SgUp4]:0 [SgLow1]:56942 [SgLow2]:56680 [SgLow3]:0 [SgLow4]:0 [NetMuon1]:566655 [NetMuon2]:567164 [NetMuon3]:613353 [NetMuon4]:613353
[Run]:41677 [Site]:1 [Bin]:15378 [FullTime]:3600 [SkipTime]:0 [Veto1]:751.266 [Veto2]:730.044 [Veto3]:531.793 [Veto4]:531.793 [SgUp1]:57231 [SgUp2]:57628 [SgUp3]:0 [SgUp4]:0 [SgLow1]:57132 [SgLow2]:57495 [SgLow3]:0 [SgLow4]:0 [NetMuon1]:568595 [NetMuon2]:572919 [NetMuon3]:612707 [NetMuon4]:612707
[Run]:41677 [Site]:1 [Bin]:15379 [FullTime]:3600 [SkipTime]:0 [Veto1]:734.637 [Veto2]:746.468 [Veto3]:530.826 [Veto4]:530.826 [SgUp1]:57624 [SgUp2]:56714 [SgUp3]:0 [SgUp4]:0 [SgLow1]:57536 [SgLow2]:56602 [SgLow3]:0 [SgLow4]:0 [NetMuon1]:570970 [NetMuon2]:569324 [NetMuon3]:611906 [NetMuon4]:611906
[Run]:41677 [Site]:1 [Bin]:15380 [FullTime]:3600 [SkipTime]:0 [Veto1]:744.086 [Veto2]:753.589 [Veto3]:531.802 [Veto4]:531.802 [SgUp1]:57726 [SgUp2]:56528 [SgUp3]:0 [SgUp4]:0 [SgLow1]:57625 [SgLow2]:56401 [SgLow3]:0 [SgLow4]:0 [NetMuon1]:570378 [NetMuon2]:568753 [NetMuon3]:612983 [NetMuon4]:612983
[Run]:41677 [Site]:1 [Bin]:15381 [FullTime]:3600 [SkipTime]:0 [Veto1]:741.519 [Veto2]:743.818 [Veto3]:530.999 [Veto4]:530.999 [SgUp1]:57432 [SgUp2]:56932 [SgUp3]:0 [SgUp4]:0 [SgLow1]:57308 [SgLow2]:56822 [SgLow3]:0 [SgLow4]:0 [NetMuon1]:570357 [NetMuon2]:570050 [NetMuon3]:612483 [NetMuon4]:612483
[Run]:41677 [Site]:1 [Bin]:15382 [FullTime]:3600 [SkipTime]:0 [Veto1]:726.391 [Veto2]:724.442 [Veto3]:531.915 [Veto4]:531.915 [SgUp1]:57083 [SgUp2]:57495 [SgUp3]:0 [SgUp4]:0 [SgLow1]:56981 [SgLow2]:57365 [SgLow3]:0 [SgLow4]:0 [NetMuon1]:573721 [NetMuon2]:574577 [NetMuon3]:613042 [NetMuon4]:613042
[Run]:41677 [Site]:1 [Bin]:15383 [FullTime]:3600 [SkipTime]:0 [Veto1]:716.351 [Veto2]:757.177 [Veto3]:531.983 [Veto4]:531.983 [SgUp1]:57747 [SgUp2]:56687 [SgUp3]:0 [SgUp4]:0 [SgLow1]:57620 [SgLow2]:56586 [SgLow3]:0 [SgLow4]:0 [NetMuon1]:576763 [NetMuon2]:568221 [NetMuon3]:613283 [NetMuon4]:613283
[Run]:41677 [Site]:1 [Bin]:15384 [FullTime]:3600 [SkipTime]:0 [Veto1]:736.808 [Veto2]:746.691 [Veto3]:532.197 [Veto4]:532.197 [SgUp1]:57431 [SgUp2]:57618 [SgUp3]:0 [SgUp4]:0 [SgLow1]:57326 [SgLow2]:57498 [SgLow3]:0 [SgLow4]:0 [NetMuon1]:572851 [NetMuon2]:571049 [NetMuon3]:613917 [NetMuon4]:613917
[Run]:41677 [Site]:1 [Bin]:15385 [FullTime]:3600 [SkipTime]:0 [Veto1]:740.243 [Veto2]:730.35 [Veto3]:531.964 [Veto4]:531.964 [SgUp1]:56842 [SgUp2]:57406 [SgUp3]:0 [SgUp4]:0 [SgLow1]:56734 [SgLow2]:57284 [SgLow3]:0 [SgLow4]:0 [NetMuon1]:571535 [NetMuon2]:573500 [NetMuon3]:613011 [NetMuon4]:613011
[Run]:41677 [Site]:1 [Bin]:15386 [FullTime]:3600 [SkipTime]:0 [Veto1]:724.309 [Veto2]:755.76 [Veto3]:530.321 [Veto4]:530.321 [SgUp1]:57799 [SgUp2]:56742 [SgUp3]:0 [SgUp4]:0 [SgLow1]:57665 [SgLow2]:56641 [SgLow3]:0 [SgLow4]:0 [NetMuon1]:572301 [NetMuon2]:566421 [NetMuon3]:611333 [NetMuon4]:611333
[Run]:41677 [Site]:1 [Bin]:15387 [FullTime]:3600.01 [SkipTime]:0 [Veto1]:744.134 [Veto2]:735.781 [Veto3]:530.775 [Veto4]:530.775 [SgUp1]:57023 [SgUp2]:57036 [SgUp3]:0 [SgUp4]:0 [SgLow1]:56923 [SgLow2]:56920 [SgLow3]:0 [SgLow4]:0 [NetMuon1]:569552 [NetMuon2]:571354 [NetMuon3]:612145 [NetMuon4]:612145
[Run]:41677 [Site]:1 [Bin]:15388 [FullTime]:3599.99 [SkipTime]:0 [Veto1]:719.81 [Veto2]:739.605 [Veto3]:530.802 [Veto4]:530.802 [SgUp1]:57439 [SgUp2]:57265 [SgUp3]:0 [SgUp4]:0 [SgLow1]:57342 [SgLow2]:57130 [SgLow3]:0 [SgLow4]:0 [NetMuon1]:574514 [NetMuon2]:570329 [NetMuon3]:611817 [NetMuon4]:611817
[Run]:41677 [Site]:1 [Bin]:15389 [FullTime]:3600 [SkipTime]:0 [Veto1]:731.333 [Veto2]:740.113 [Veto3]:530.752 [Veto4]:530.752 [SgUp1]:57520 [SgUp2]:57030 [SgUp3]:0 [SgUp4]:0 [SgLow1]:57405 [SgLow2]:56921 [SgLow3]:0 [SgLow4]:0 [NetMuon1]:572296 [NetMuon2]:570281 [NetMuon3]:612042 [NetMuon4]:612042
[Run]:41677 [Site]:1 [Bin]:15390 [FullTime]:3600 [SkipTime]:0 [Veto1]:744.132 [Veto2]:740.902 [Veto3]:531.712 [Veto4]:531.712 [SgUp1]:57055 [SgUp2]:57637 [SgUp3]:0 [SgUp4]:0 [SgLow1]:56952 [SgLow2]:57502 [SgLow3]:0 [SgLow4]:0 [NetMuon1]:570407 [NetMuon2]:571182 [NetMuon3]:612882 [NetMuon4]:612882
[Run]:41677 [Site]:1 [Bin]:15391 [FullTime]:3599.99 [SkipTime]:0 [Veto1]:747.777 [Veto2]:764.609 [Veto3]:531.326 [Veto4]:531.326 [SgUp1]:57033 [SgUp2]:56611 [SgUp3]:0 [SgUp4]:0 [SgLow1]:56919 [SgLow2]:56493 [SgLow3]:0 [SgLow4]:0 [NetMuon1]:569385 [NetMuon2]:566171 [NetMuon3]:612609 [NetMuon4]:612609
[Run]:41677 [Site]:1 [Bin]:15392 [FullTime]:3600 [SkipTime]:0 [Veto1]:728.224 [Veto2]:760.175 [Veto3]:531.639 [Veto4]:531.639 [SgUp1]:57393 [SgUp2]:56560 [SgUp3]:0 [SgUp4]:0 [SgLow1]:57280 [SgLow2]:56466 [SgLow3]:0 [SgLow4]:0 [NetMuon1]:573581 [NetMuon2]:566950 [NetMuon3]:612798 [NetMuon4]:612798
End process Run: 41677 ... 
[Run]:41677 [Site]:1 [Bin]:15393 [FullTime]:2121.28 [SkipTime]:0 [Veto1]:418.904 [Veto2]:462.012 [Veto3]:312.977 [Veto4]:312.977
