StreamChain add 0x125a77f0
Start to process run: 41891 ... 
[Run]:41891 [Site]:1 [Bin]:15726 [FullTime]:280.062 [SkipTime]:0 [Veto1]:57.5646 [Veto2]:54.1852 [Veto3]:41.1585 [Veto4]:41.1585 [SgUp1]:4420 [SgUp2]:4457 [SgUp3]:0 [SgUp4]:0 [SgLow1]:4416 [SgLow2]:4446 [SgLow3]:0 [SgLow4]:0 [NetMuon1]:44208 [NetMuon2]:44870 [NetMuon3]:47402 [NetMuon4]:47402
[Run]:41891 [Site]:1 [Bin]:15727 [FullTime]:3600 [SkipTime]:0 [Veto1]:728.182 [Veto2]:760.505 [Veto3]:530.327 [Veto4]:530.327 [SgUp1]:57750 [SgUp2]:56713 [SgUp3]:0 [SgUp4]:0 [SgLow1]:57645 [SgLow2]:56605 [SgLow3]:0 [SgLow4]:0 [NetMuon1]:572187 [NetMuon2]:565595 [NetMuon3]:611473 [NetMuon4]:611473
[Run]:41891 [Site]:1 [Bin]:15728 [FullTime]:3600 [SkipTime]:0 [Veto1]:729.859 [Veto2]:745.424 [Veto3]:530.756 [Veto4]:530.756 [SgUp1]:57569 [SgUp2]:56717 [SgUp3]:0 [SgUp4]:0 [SgLow1]:57440 [SgLow2]:56609 [SgLow3]:0 [SgLow4]:0 [NetMuon1]:572272 [NetMuon2]:568709 [NetMuon3]:611772 [NetMuon4]:611772
[Run]:41891 [Site]:1 [Bin]:15729 [FullTime]:3600 [SkipTime]:0 [Veto1]:720.322 [Veto2]:721.761 [Veto3]:530.859 [Veto4]:530.859 [SgUp1]:58019 [SgUp2]:57643 [SgUp3]:0 [SgUp4]:0 [SgLow1]:57868 [SgLow2]:57544 [SgLow3]:0 [SgLow4]:0 [NetMuon1]:574759 [NetMuon2]:574524 [NetMuon3]:612213 [NetMuon4]:612213
[Run]:41891 [Site]:1 [Bin]:15730 [FullTime]:3600 [SkipTime]:0 [Veto1]:728.866 [Veto2]:755.241 [Veto3]:530.693 [Veto4]:530.693 [SgUp1]:57544 [SgUp2]:56701 [SgUp3]:0 [SgUp4]:0 [SgLow1]:57437 [SgLow2]:56609 [SgLow3]:0 [SgLow4]:0 [NetMuon1]:572480 [NetMuon2]:566728 [NetMuon3]:611800 [NetMuon4]:611800
[Run]:41891 [Site]:1 [Bin]:15731 [FullTime]:3600 [SkipTime]:0 [Veto1]:718.271 [Veto2]:744.969 [Veto3]:532.14 [Veto4]:532.14 [SgUp1]:57941 [SgUp2]:56907 [SgUp3]:0 [SgUp4]:0 [SgLow1]:57836 [SgLow2]:56812 [SgLow3]:0 [SgLow4]:0 [NetMuon1]:575831 [NetMuon2]:570708 [NetMuon3]:613383 [NetMuon4]:613383
[Run]:41891 [Site]:1 [Bin]:15732 [FullTime]:3600 [SkipTime]:0 [Veto1]:739.535 [Veto2]:712.927 [Veto3]:530.37 [Veto4]:530.37 [SgUp1]:57883 [SgUp2]:57069 [SgUp3]:0 [SgUp4]:0 [SgLow1]:57762 [SgLow2]:56956 [SgLow3]:0 [SgLow4]:0 [NetMuon1]:569658 [NetMuon2]:574764 [NetMuon3]:611421 [NetMuon4]:611421
[Run]:41891 [Site]:1 [Bin]:15733 [FullTime]:3600 [SkipTime]:0 [Veto1]:736.249 [Veto2]:741.416 [Veto3]:530.882 [Veto4]:530.882 [SgUp1]:57012 [SgUp2]:57200 [SgUp3]:0 [SgUp4]:0 [SgLow1]:56914 [SgLow2]:57133 [SgLow3]:0 [SgLow4]:0 [NetMuon1]:571406 [NetMuon2]:570439 [NetMuon3]:612188 [NetMuon4]:612188
[Run]:41891 [Site]:1 [Bin]:15734 [FullTime]:3600 [SkipTime]:0 [Veto1]:745.357 [Veto2]:758.82 [Veto3]:531.387 [Veto4]:531.387 [SgUp1]:57415 [SgUp2]:56881 [SgUp3]:0 [SgUp4]:0 [SgLow1]:57304 [SgLow2]:56751 [SgLow3]:0 [SgLow4]:0 [NetMuon1]:569868 [NetMuon2]:566987 [NetMuon3]:612529 [NetMuon4]:612529
[Run]:41891 [Site]:1 [Bin]:15735 [FullTime]:3600 [SkipTime]:0 [Veto1]:744.289 [Veto2]:753.839 [Veto3]:531.166 [Veto4]:531.166 [SgUp1]:57280 [SgUp2]:56614 [SgUp3]:0 [SgUp4]:0 [SgLow1]:57133 [SgLow2]:56506 [SgLow3]:0 [SgLow4]:0 [NetMuon1]:570004 [NetMuon2]:567312 [NetMuon3]:612239 [NetMuon4]:612239
[Run]:41891 [Site]:1 [Bin]:15736 [FullTime]:3600 [SkipTime]:0 [Veto1]:736.689 [Veto2]:748.798 [Veto3]:531.749 [Veto4]:531.749 [SgUp1]:57471 [SgUp2]:56512 [SgUp3]:0 [SgUp4]:0 [SgLow1]:57377 [SgLow2]:56388 [SgLow3]:0 [SgLow4]:0 [NetMuon1]:572075 [NetMuon2]:569583 [NetMuon3]:612991 [NetMuon4]:612991
[Run]:41891 [Site]:1 [Bin]:15737 [FullTime]:3600 [SkipTime]:0 [Veto1]:733.645 [Veto2]:772.001 [Veto3]:532.112 [Veto4]:532.112 [SgUp1]:57747 [SgUp2]:56140 [SgUp3]:0 [SgUp4]:0 [SgLow1]:57647 [SgLow2]:56029 [SgLow3]:0 [SgLow4]:0 [NetMuon1]:573121 [NetMuon2]:565388 [NetMuon3]:613273 [NetMuon4]:613273
[Run]:41891 [Site]:1 [Bin]:15738 [FullTime]:3600 [SkipTime]:0 [Veto1]:755.192 [Veto2]:733.098 [Veto3]:532.276 [Veto4]:532.276 [SgUp1]:57010 [SgUp2]:56629 [SgUp3]:0 [SgUp4]:0 [SgLow1]:56881 [SgLow2]:56505 [SgLow3]:0 [SgLow4]:0 [NetMuon1]:569158 [NetMuon2]:573441 [NetMuon3]:613921 [NetMuon4]:613921
[Run]:41891 [Site]:1 [Bin]:15739 [FullTime]:3600 [SkipTime]:0 [Veto1]:749.628 [Veto2]:742.041 [Veto3]:529.911 [Veto4]:529.911 [SgUp1]:57065 [SgUp2]:56951 [SgUp3]:0 [SgUp4]:0 [SgLow1]:56969 [SgLow2]:56838 [SgLow3]:0 [SgLow4]:0 [NetMuon1]:567249 [NetMuon2]:569183 [NetMuon3]:610977 [NetMuon4]:610977
[Run]:41891 [Site]:1 [Bin]:15740 [FullTime]:3600 [SkipTime]:0 [Veto1]:737.715 [Veto2]:735.364 [Veto3]:530.195 [Veto4]:530.195 [SgUp1]:57343 [SgUp2]:56781 [SgUp3]:0 [SgUp4]:0 [SgLow1]:57214 [SgLow2]:56675 [SgLow3]:0 [SgLow4]:0 [NetMuon1]:570361 [NetMuon2]:570544 [NetMuon3]:611492 [NetMuon4]:611492
[Run]:41891 [Site]:1 [Bin]:15741 [FullTime]:3600 [SkipTime]:0 [Veto1]:739.194 [Veto2]:753.241 [Veto3]:531.628 [Veto4]:531.628 [SgUp1]:56968 [SgUp2]:56532 [SgUp3]:0 [SgUp4]:0 [SgLow1]:56863 [SgLow2]:56423 [SgLow3]:0 [SgLow4]:0 [NetMuon1]:570907 [NetMuon2]:568121 [NetMuon3]:612467 [NetMuon4]:612467
[Run]:41891 [Site]:1 [Bin]:15742 [FullTime]:3600 [SkipTime]:0 [Veto1]:767.312 [Veto2]:735.787 [Veto3]:532.326 [Veto4]:532.326 [SgUp1]:56411 [SgUp2]:57127 [SgUp3]:0 [SgUp4]:0 [SgLow1]:56292 [SgLow2]:56954 [SgLow3]:0 [SgLow4]:0 [NetMuon1]:567068 [NetMuon2]:572953 [NetMuon3]:613740 [NetMuon4]:613740
[Run]:41891 [Site]:1 [Bin]:15743 [FullTime]:3600 [SkipTime]:0 [Veto1]:744.775 [Veto2]:746.534 [Veto3]:532.65 [Veto4]:532.65 [SgUp1]:57085 [SgUp2]:56620 [SgUp3]:0 [SgUp4]:0 [SgLow1]:57001 [SgLow2]:56467 [SgLow3]:0 [SgLow4]:0 [NetMuon1]:571663 [NetMuon2]:570985 [NetMuon3]:614178 [NetMuon4]:614178
[Run]:41891 [Site]:1 [Bin]:15744 [FullTime]:3600 [SkipTime]:0 [Veto1]:729.094 [Veto2]:737.443 [Veto3]:531.443 [Veto4]:531.443 [SgUp1]:57161 [SgUp2]:56794 [SgUp3]:0 [SgUp4]:0 [SgLow1]:57062 [SgLow2]:56679 [SgLow3]:0 [SgLow4]:0 [NetMuon1]:573392 [NetMuon2]:571265 [NetMuon3]:612634 [NetMuon4]:612634
[Run]:41891 [Site]:1 [Bin]:15745 [FullTime]:3600 [SkipTime]:0 [Veto1]:744.856 [Veto2]:754.03 [Veto3]:531.556 [Veto4]:531.556 [SgUp1]:56666 [SgUp2]:56755 [SgUp3]:0 [SgUp4]:0 [SgLow1]:56572 [SgLow2]:56663 [SgLow3]:0 [SgLow4]:0 [NetMuon1]:570335 [NetMuon2]:568586 [NetMuon3]:612769 [NetMuon4]:612769
[Run]:41891 [Site]:1 [Bin]:15746 [FullTime]:3600 [SkipTime]:0 [Veto1]:735.888 [Veto2]:727.261 [Veto3]:531.401 [Veto4]:531.401 [SgUp1]:57230 [SgUp2]:57406 [SgUp3]:0 [SgUp4]:0 [SgLow1]:57134 [SgLow2]:57288 [SgLow3]:0 [SgLow4]:0 [NetMuon1]:571349 [NetMuon2]:573340 [NetMuon3]:612543 [NetMuon4]:612543
[Run]:41891 [Site]:1 [Bin]:15747 [FullTime]:3600 [SkipTime]:0 [Veto1]:733.228 [Veto2]:750.785 [Veto3]:531.388 [Veto4]:531.388 [SgUp1]:57925 [SgUp2]:57070 [SgUp3]:0 [SgUp4]:0 [SgLow1]:57793 [SgLow2]:56974 [SgLow3]:0 [SgLow4]:0 [NetMuon1]:572097 [NetMuon2]:568705 [NetMuon3]:612281 [NetMuon4]:612281
[Run]:41891 [Site]:1 [Bin]:15748 [FullTime]:3600 [SkipTime]:0 [Veto1]:753.063 [Veto2]:747.127 [Veto3]:531.396 [Veto4]:531.396 [SgUp1]:56742 [SgUp2]:56788 [SgUp3]:0 [SgUp4]:0 [SgLow1]:56620 [SgLow2]:56691 [SgLow3]:0 [SgLow4]:0 [NetMuon1]:568411 [NetMuon2]:569761 [NetMuon3]:612647 [NetMuon4]:612647
[Run]:41891 [Site]:1 [Bin]:15749 [FullTime]:3600.01 [SkipTime]:0 [Veto1]:717.677 [Veto2]:753.85 [Veto3]:530.764 [Veto4]:530.764 [SgUp1]:57953 [SgUp2]:56982 [SgUp3]:0 [SgUp4]:0 [SgLow1]:57825 [SgLow2]:56861 [SgLow3]:0 [SgLow4]:0 [NetMuon1]:574511 [NetMuon2]:567619 [NetMuon3]:611762 [NetMuon4]:611762
[Run]:41891 [Site]:1 [Bin]:15750 [FullTime]:3599.99 [SkipTime]:0 [Veto1]:728.39 [Veto2]:759.656 [Veto3]:530.47 [Veto4]:530.47 [SgUp1]:56898 [SgUp2]:56538 [SgUp3]:0 [SgUp4]:0 [SgLow1]:56772 [SgLow2]:56429 [SgLow3]:0 [SgLow4]:0 [NetMuon1]:571667 [NetMuon2]:565614 [NetMuon3]:611517 [NetMuon4]:611517
[Run]:41891 [Site]:1 [Bin]:15751 [FullTime]:3600 [SkipTime]:0 [Veto1]:721.908 [Veto2]:741.135 [Veto3]:531.207 [Veto4]:531.207 [SgUp1]:57429 [SgUp2]:56502 [SgUp3]:0 [SgUp4]:0 [SgLow1]:57326 [SgLow2]:56381 [SgLow3]:0 [SgLow4]:0 [NetMuon1]:573790 [NetMuon2]:570267 [NetMuon3]:612174 [NetMuon4]:612174
[Run]:41891 [Site]:1 [Bin]:15752 [FullTime]:3600 [SkipTime]:0 [Veto1]:731.546 [Veto2]:742.674 [Veto3]:531.819 [Veto4]:531.819 [SgUp1]:57267 [SgUp2]:57205 [SgUp3]:0 [SgUp4]:0 [SgLow1]:57149 [SgLow2]:57083 [SgLow3]:0 [SgLow4]:0 [NetMuon1]:572985 [NetMuon2]:571340 [NetMuon3]:613260 [NetMuon4]:613260
[Run]:41891 [Site]:1 [Bin]:15753 [FullTime]:3600 [SkipTime]:0 [Veto1]:764.022 [Veto2]:730.203 [Veto3]:531.627 [Veto4]:531.627 [SgUp1]:56518 [SgUp2]:56784 [SgUp3]:0 [SgUp4]:0 [SgLow1]:56414 [SgLow2]:56689 [SgLow3]:0 [SgLow4]:0 [NetMuon1]:566317 [NetMuon2]:573052 [NetMuon3]:612567 [NetMuon4]:612567
[Run]:41891 [Site]:1 [Bin]:15754 [FullTime]:3600 [SkipTime]:0 [Veto1]:740.144 [Veto2]:749.81 [Veto3]:531.265 [Veto4]:531.265 [SgUp1]:57311 [SgUp2]:56592 [SgUp3]:0 [SgUp4]:0 [SgLow1]:57193 [SgLow2]:56473 [SgLow3]:0 [SgLow4]:0 [NetMuon1]:570433 [NetMuon2]:568342 [NetMuon3]:612189 [NetMuon4]:612189
[Run]:41891 [Site]:1 [Bin]:15755 [FullTime]:3600.01 [SkipTime]:0 [Veto1]:713.641 [Veto2]:744.589 [Veto3]:530.188 [Veto4]:530.188 [SgUp1]:57998 [SgUp2]:56657 [SgUp3]:0 [SgUp4]:0 [SgLow1]:57878 [SgLow2]:56519 [SgLow3]:0 [SgLow4]:0 [NetMuon1]:574800 [NetMuon2]:568406 [NetMuon3]:611122 [NetMuon4]:611122
[Run]:41891 [Site]:1 [Bin]:15756 [FullTime]:3599.99 [SkipTime]:0 [Veto1]:748.838 [Veto2]:743.209 [Veto3]:531.526 [Veto4]:531.526 [SgUp1]:57513 [SgUp2]:56178 [SgUp3]:0 [SgUp4]:0 [SgLow1]:57418 [SgLow2]:56055 [SgLow3]:0 [SgLow4]:0 [NetMuon1]:569023 [NetMuon2]:569819 [NetMuon3]:612352 [NetMuon4]:612352
[Run]:41891 [Site]:1 [Bin]:15757 [FullTime]:3600 [SkipTime]:0 [Veto1]:728.353 [Veto2]:736.697 [Veto3]:530.638 [Veto4]:530.638 [SgUp1]:58057 [SgUp2]:57012 [SgUp3]:0 [SgUp4]:0 [SgLow1]:57942 [SgLow2]:56895 [SgLow3]:0 [SgLow4]:0 [NetMuon1]:572143 [NetMuon2]:570645 [NetMuon3]:611536 [NetMuon4]:611536
[Run]:41891 [Site]:1 [Bin]:15758 [FullTime]:3600 [SkipTime]:0 [Veto1]:734.028 [Veto2]:747.187 [Veto3]:530.782 [Veto4]:530.782 [SgUp1]:57146 [SgUp2]:56617 [SgUp3]:0 [SgUp4]:0 [SgLow1]:57038 [SgLow2]:56506 [SgLow3]:0 [SgLow4]:0 [NetMuon1]:571371 [NetMuon2]:568354 [NetMuon3]:611939 [NetMuon4]:611939
[Run]:41891 [Site]:1 [Bin]:15759 [FullTime]:3600 [SkipTime]:0 [Veto1]:724.949 [Veto2]:753.197 [Veto3]:531.083 [Veto4]:531.083 [SgUp1]:57593 [SgUp2]:56754 [SgUp3]:0 [SgUp4]:0 [SgLow1]:57480 [SgLow2]:56644 [SgLow3]:0 [SgLow4]:0 [NetMuon1]:573320 [NetMuon2]:567683 [NetMuon3]:612016 [NetMuon4]:612016
[Run]:41891 [Site]:1 [Bin]:15760 [FullTime]:3600 [SkipTime]:0 [Veto1]:750.743 [Veto2]:760.077 [Veto3]:532.61 [Veto4]:532.61 [SgUp1]:57210 [SgUp2]:56572 [SgUp3]:0 [SgUp4]:0 [SgLow1]:57101 [SgLow2]:56449 [SgLow3]:0 [SgLow4]:0 [NetMuon1]:570404 [NetMuon2]:568506 [NetMuon3]:613946 [NetMuon4]:613946
[Run]:41891 [Site]:1 [Bin]:15761 [FullTime]:3600 [SkipTime]:0 [Veto1]:713.867 [Veto2]:750.699 [Veto3]:531.182 [Veto4]:531.182 [SgUp1]:57723 [SgUp2]:56847 [SgUp3]:0 [SgUp4]:0 [SgLow1]:57615 [SgLow2]:56711 [SgLow3]:0 [SgLow4]:0 [NetMuon1]:576020 [NetMuon2]:568835 [NetMuon3]:612427 [NetMuon4]:612427
[Run]:41891 [Site]:1 [Bin]:15762 [FullTime]:3600 [SkipTime]:0 [Veto1]:744.036 [Veto2]:738.765 [Veto3]:531.517 [Veto4]:531.517 [SgUp1]:57155 [SgUp2]:57403 [SgUp3]:0 [SgUp4]:0 [SgLow1]:57047 [SgLow2]:57300 [SgLow3]:0 [SgLow4]:0 [NetMuon1]:570282 [NetMuon2]:571520 [NetMuon3]:612988 [NetMuon4]:612988
[Run]:41891 [Site]:1 [Bin]:15763 [FullTime]:3600 [SkipTime]:0 [Veto1]:727.914 [Veto2]:741.04 [Veto3]:531.776 [Veto4]:531.776 [SgUp1]:57420 [SgUp2]:57396 [SgUp3]:0 [SgUp4]:0 [SgLow1]:57291 [SgLow2]:57284 [SgLow3]:0 [SgLow4]:0 [NetMuon1]:573670 [NetMuon2]:570906 [NetMuon3]:613006 [NetMuon4]:613006
[Run]:41891 [Site]:1 [Bin]:15764 [FullTime]:3600 [SkipTime]:0 [Veto1]:727.456 [Veto2]:729.113 [Veto3]:532.83 [Veto4]:532.83 [SgUp1]:57412 [SgUp2]:57357 [SgUp3]:0 [SgUp4]:0 [SgLow1]:57310 [SgLow2]:57206 [SgLow3]:0 [SgLow4]:0 [NetMuon1]:574444 [NetMuon2]:574621 [NetMuon3]:614014 [NetMuon4]:614014
[Run]:41891 [Site]:1 [Bin]:15765 [FullTime]:3600 [SkipTime]:0 [Veto1]:742.883 [Veto2]:762.678 [Veto3]:530.731 [Veto4]:530.731 [SgUp1]:57068 [SgUp2]:56277 [SgUp3]:0 [SgUp4]:0 [SgLow1]:56942 [SgLow2]:56163 [SgLow3]:0 [SgLow4]:0 [NetMuon1]:569705 [NetMuon2]:565398 [NetMuon3]:611791 [NetMuon4]:611791
[Run]:41891 [Site]:1 [Bin]:15766 [FullTime]:3600 [SkipTime]:0 [Veto1]:724.789 [Veto2]:731.756 [Veto3]:529.842 [Veto4]:529.842 [SgUp1]:57522 [SgUp2]:56990 [SgUp3]:0 [SgUp4]:0 [SgLow1]:57397 [SgLow2]:56866 [SgLow3]:0 [SgLow4]:0 [NetMuon1]:571923 [NetMuon2]:570767 [NetMuon3]:610785 [NetMuon4]:610785
[Run]:41891 [Site]:1 [Bin]:15767 [FullTime]:3600 [SkipTime]:0 [Veto1]:736.266 [Veto2]:750.67 [Veto3]:531.306 [Veto4]:531.306 [SgUp1]:57306 [SgUp2]:57081 [SgUp3]:0 [SgUp4]:0 [SgLow1]:57180 [SgLow2]:56973 [SgLow3]:0 [SgLow4]:0 [NetMuon1]:571702 [NetMuon2]:568386 [NetMuon3]:612462 [NetMuon4]:612462
End process Run: 41891 ... 
[Run]:41891 [Site]:1 [Bin]:15768 [FullTime]:3478.77 [SkipTime]:0 [Veto1]:699.673 [Veto2]:729.003 [Veto3]:513.019 [Veto4]:513.019
