StreamChain add 0x1c8fb7f0
Start to process run: 41283 ... 
[Run]:41283 [Site]:1 [Bin]:14764 [FullTime]:3384.14 [SkipTime]:0 [Veto1]:679.86 [Veto2]:707.291 [Veto3]:500.002 [Veto4]:500.002 [SgUp1]:54319 [SgUp2]:53001 [SgUp3]:0 [SgUp4]:0 [SgLow1]:54220 [SgLow2]:52910 [SgLow3]:0 [SgLow4]:0 [NetMuon1]:540520 [NetMuon2]:535048 [NetMuon3]:576376 [NetMuon4]:576376
[Run]:41283 [Site]:1 [Bin]:14765 [FullTime]:3600 [SkipTime]:0 [Veto1]:718.523 [Veto2]:748.307 [Veto3]:530.456 [Veto4]:530.456 [SgUp1]:57916 [SgUp2]:56252 [SgUp3]:0 [SgUp4]:0 [SgLow1]:57785 [SgLow2]:56134 [SgLow3]:0 [SgLow4]:0 [NetMuon1]:574025 [NetMuon2]:567885 [NetMuon3]:611569 [NetMuon4]:611569
[Run]:41283 [Site]:1 [Bin]:14766 [FullTime]:3600 [SkipTime]:0 [Veto1]:732.008 [Veto2]:714.541 [Veto3]:531.415 [Veto4]:531.415 [SgUp1]:57729 [SgUp2]:57319 [SgUp3]:0 [SgUp4]:0 [SgLow1]:57598 [SgLow2]:57210 [SgLow3]:0 [SgLow4]:0 [NetMuon1]:572759 [NetMuon2]:576180 [NetMuon3]:612637 [NetMuon4]:612637
[Run]:41283 [Site]:1 [Bin]:14767 [FullTime]:3600 [SkipTime]:0 [Veto1]:737.509 [Veto2]:759.29 [Veto3]:531.045 [Veto4]:531.045 [SgUp1]:57737 [SgUp2]:56190 [SgUp3]:0 [SgUp4]:0 [SgLow1]:57639 [SgLow2]:56064 [SgLow3]:0 [SgLow4]:0 [NetMuon1]:571394 [NetMuon2]:566765 [NetMuon3]:612033 [NetMuon4]:612033
[Run]:41283 [Site]:1 [Bin]:14768 [FullTime]:3600 [SkipTime]:0 [Veto1]:749.415 [Veto2]:725.452 [Veto3]:531.439 [Veto4]:531.439 [SgUp1]:57368 [SgUp2]:57405 [SgUp3]:0 [SgUp4]:0 [SgLow1]:57241 [SgLow2]:57287 [SgLow3]:0 [SgLow4]:0 [NetMuon1]:568858 [NetMuon2]:573695 [NetMuon3]:612471 [NetMuon4]:612471
[Run]:41283 [Site]:1 [Bin]:14769 [FullTime]:3600 [SkipTime]:0 [Veto1]:727.996 [Veto2]:741.342 [Veto3]:530.514 [Veto4]:530.514 [SgUp1]:57567 [SgUp2]:57068 [SgUp3]:0 [SgUp4]:0 [SgLow1]:57463 [SgLow2]:56968 [SgLow3]:0 [SgLow4]:0 [NetMuon1]:572444 [NetMuon2]:569578 [NetMuon3]:611598 [NetMuon4]:611598
[Run]:41283 [Site]:1 [Bin]:14770 [FullTime]:3600 [SkipTime]:0 [Veto1]:735.822 [Veto2]:763.952 [Veto3]:531.778 [Veto4]:531.778 [SgUp1]:57666 [SgUp2]:56496 [SgUp3]:0 [SgUp4]:0 [SgLow1]:57519 [SgLow2]:56397 [SgLow3]:0 [SgLow4]:0 [NetMuon1]:572445 [NetMuon2]:566677 [NetMuon3]:612973 [NetMuon4]:612973
[Run]:41283 [Site]:1 [Bin]:14771 [FullTime]:3600 [SkipTime]:0 [Veto1]:725.347 [Veto2]:738.328 [Veto3]:530.587 [Veto4]:530.587 [SgUp1]:58237 [SgUp2]:56530 [SgUp3]:0 [SgUp4]:0 [SgLow1]:58135 [SgLow2]:56413 [SgLow3]:0 [SgLow4]:0 [NetMuon1]:573007 [NetMuon2]:570079 [NetMuon3]:611471 [NetMuon4]:611471
[Run]:41283 [Site]:1 [Bin]:14772 [FullTime]:3600 [SkipTime]:0 [Veto1]:731.76 [Veto2]:748.325 [Veto3]:531.23 [Veto4]:531.23 [SgUp1]:57942 [SgUp2]:56613 [SgUp3]:0 [SgUp4]:0 [SgLow1]:57800 [SgLow2]:56512 [SgLow3]:0 [SgLow4]:0 [NetMuon1]:572347 [NetMuon2]:569129 [NetMuon3]:612451 [NetMuon4]:612451
[Run]:41283 [Site]:1 [Bin]:14773 [FullTime]:3600 [SkipTime]:0 [Veto1]:736.289 [Veto2]:742.227 [Veto3]:532.388 [Veto4]:532.388 [SgUp1]:57311 [SgUp2]:57283 [SgUp3]:0 [SgUp4]:0 [SgLow1]:57197 [SgLow2]:57177 [SgLow3]:0 [SgLow4]:0 [NetMuon1]:573049 [NetMuon2]:571856 [NetMuon3]:614007 [NetMuon4]:614007
[Run]:41283 [Site]:1 [Bin]:14774 [FullTime]:3600 [SkipTime]:0 [Veto1]:727.825 [Veto2]:764.284 [Veto3]:531.718 [Veto4]:531.718 [SgUp1]:57562 [SgUp2]:56893 [SgUp3]:0 [SgUp4]:0 [SgLow1]:57451 [SgLow2]:56779 [SgLow3]:0 [SgLow4]:0 [NetMuon1]:574212 [NetMuon2]:566325 [NetMuon3]:613062 [NetMuon4]:613062
[Run]:41283 [Site]:1 [Bin]:14775 [FullTime]:3600 [SkipTime]:0 [Veto1]:739.845 [Veto2]:754.31 [Veto3]:531.08 [Veto4]:531.08 [SgUp1]:57774 [SgUp2]:56868 [SgUp3]:0 [SgUp4]:0 [SgLow1]:57650 [SgLow2]:56758 [SgLow3]:0 [SgLow4]:0 [NetMuon1]:570587 [NetMuon2]:567860 [NetMuon3]:612472 [NetMuon4]:612472
[Run]:41283 [Site]:1 [Bin]:14776 [FullTime]:3600 [SkipTime]:0 [Veto1]:719.002 [Veto2]:772.07 [Veto3]:531.386 [Veto4]:531.386 [SgUp1]:57873 [SgUp2]:56353 [SgUp3]:0 [SgUp4]:0 [SgLow1]:57776 [SgLow2]:56219 [SgLow3]:0 [SgLow4]:0 [NetMuon1]:575123 [NetMuon2]:564829 [NetMuon3]:612521 [NetMuon4]:612521
[Run]:41283 [Site]:1 [Bin]:14777 [FullTime]:3600 [SkipTime]:0 [Veto1]:748.842 [Veto2]:778.756 [Veto3]:531.664 [Veto4]:531.664 [SgUp1]:57382 [SgUp2]:55942 [SgUp3]:0 [SgUp4]:0 [SgLow1]:57292 [SgLow2]:55837 [SgLow3]:0 [SgLow4]:0 [NetMuon1]:569482 [NetMuon2]:563573 [NetMuon3]:612886 [NetMuon4]:612886
[Run]:41283 [Site]:1 [Bin]:14778 [FullTime]:3600 [SkipTime]:0 [Veto1]:732.529 [Veto2]:732.01 [Veto3]:533.123 [Veto4]:533.123 [SgUp1]:57632 [SgUp2]:57353 [SgUp3]:0 [SgUp4]:0 [SgLow1]:57551 [SgLow2]:57242 [SgLow3]:0 [SgLow4]:0 [NetMuon1]:574611 [NetMuon2]:574618 [NetMuon3]:614497 [NetMuon4]:614497
[Run]:41283 [Site]:1 [Bin]:14779 [FullTime]:3600 [SkipTime]:0 [Veto1]:732.109 [Veto2]:787.284 [Veto3]:531.938 [Veto4]:531.938 [SgUp1]:57672 [SgUp2]:56470 [SgUp3]:0 [SgUp4]:0 [SgLow1]:57543 [SgLow2]:56355 [SgLow3]:0 [SgLow4]:0 [NetMuon1]:573060 [NetMuon2]:562003 [NetMuon3]:613069 [NetMuon4]:613069
[Run]:41283 [Site]:1 [Bin]:14780 [FullTime]:3600 [SkipTime]:0 [Veto1]:734.574 [Veto2]:776.026 [Veto3]:532.552 [Veto4]:532.552 [SgUp1]:57389 [SgUp2]:56119 [SgUp3]:0 [SgUp4]:0 [SgLow1]:57272 [SgLow2]:56010 [SgLow3]:0 [SgLow4]:0 [NetMuon1]:573219 [NetMuon2]:564989 [NetMuon3]:613723 [NetMuon4]:613723
[Run]:41283 [Site]:1 [Bin]:14781 [FullTime]:3600 [SkipTime]:0 [Veto1]:728.672 [Veto2]:746.087 [Veto3]:531.9 [Veto4]:531.9 [SgUp1]:57644 [SgUp2]:57200 [SgUp3]:0 [SgUp4]:0 [SgLow1]:57539 [SgLow2]:57090 [SgLow3]:0 [SgLow4]:0 [NetMuon1]:573996 [NetMuon2]:570212 [NetMuon3]:613240 [NetMuon4]:613240
[Run]:41283 [Site]:1 [Bin]:14782 [FullTime]:3600 [SkipTime]:0 [Veto1]:724.79 [Veto2]:762.464 [Veto3]:533.104 [Veto4]:533.104 [SgUp1]:57592 [SgUp2]:56609 [SgUp3]:0 [SgUp4]:0 [SgLow1]:57452 [SgLow2]:56504 [SgLow3]:0 [SgLow4]:0 [NetMuon1]:575830 [NetMuon2]:568654 [NetMuon3]:614571 [NetMuon4]:614571
[Run]:41283 [Site]:1 [Bin]:14783 [FullTime]:3600 [SkipTime]:0 [Veto1]:753.636 [Veto2]:756.45 [Veto3]:531.465 [Veto4]:531.465 [SgUp1]:57103 [SgUp2]:57118 [SgUp3]:0 [SgUp4]:0 [SgLow1]:57006 [SgLow2]:57008 [SgLow3]:0 [SgLow4]:0 [NetMuon1]:567908 [NetMuon2]:567661 [NetMuon3]:612497 [NetMuon4]:612497
[Run]:41283 [Site]:1 [Bin]:14784 [FullTime]:3600 [SkipTime]:0 [Veto1]:757.591 [Veto2]:754.862 [Veto3]:531.451 [Veto4]:531.451 [SgUp1]:57166 [SgUp2]:56580 [SgUp3]:0 [SgUp4]:0 [SgLow1]:57048 [SgLow2]:56466 [SgLow3]:0 [SgLow4]:0 [NetMuon1]:567239 [NetMuon2]:567437 [NetMuon3]:612400 [NetMuon4]:612400
[Run]:41283 [Site]:1 [Bin]:14785 [FullTime]:3600 [SkipTime]:0 [Veto1]:731.747 [Veto2]:753.411 [Veto3]:531.207 [Veto4]:531.207 [SgUp1]:57525 [SgUp2]:57079 [SgUp3]:0 [SgUp4]:0 [SgLow1]:57407 [SgLow2]:56942 [SgLow3]:0 [SgLow4]:0 [NetMuon1]:572259 [NetMuon2]:567872 [NetMuon3]:612184 [NetMuon4]:612184
[Run]:41283 [Site]:1 [Bin]:14786 [FullTime]:3600 [SkipTime]:0 [Veto1]:743.149 [Veto2]:745.845 [Veto3]:532.193 [Veto4]:532.193 [SgUp1]:57404 [SgUp2]:56596 [SgUp3]:0 [SgUp4]:0 [SgLow1]:57266 [SgLow2]:56484 [SgLow3]:0 [SgLow4]:0 [NetMuon1]:571529 [NetMuon2]:570610 [NetMuon3]:613567 [NetMuon4]:613567
[Run]:41283 [Site]:1 [Bin]:14787 [FullTime]:3600 [SkipTime]:0 [Veto1]:728.721 [Veto2]:739.459 [Veto3]:530.633 [Veto4]:530.633 [SgUp1]:57339 [SgUp2]:57143 [SgUp3]:0 [SgUp4]:0 [SgLow1]:57234 [SgLow2]:57029 [SgLow3]:0 [SgLow4]:0 [NetMuon1]:572141 [NetMuon2]:570037 [NetMuon3]:611881 [NetMuon4]:611881
[Run]:41283 [Site]:1 [Bin]:14788 [FullTime]:3600 [SkipTime]:0 [Veto1]:729.425 [Veto2]:751.237 [Veto3]:532.23 [Veto4]:532.23 [SgUp1]:57094 [SgUp2]:56985 [SgUp3]:0 [SgUp4]:0 [SgLow1]:56973 [SgLow2]:56849 [SgLow3]:0 [SgLow4]:0 [NetMuon1]:574046 [NetMuon2]:569578 [NetMuon3]:613340 [NetMuon4]:613340
[Run]:41283 [Site]:1 [Bin]:14789 [FullTime]:3600 [SkipTime]:0 [Veto1]:706.615 [Veto2]:745.306 [Veto3]:531.156 [Veto4]:531.156 [SgUp1]:57780 [SgUp2]:57379 [SgUp3]:0 [SgUp4]:0 [SgLow1]:57669 [SgLow2]:57268 [SgLow3]:0 [SgLow4]:0 [NetMuon1]:577510 [NetMuon2]:569619 [NetMuon3]:612455 [NetMuon4]:612455
[Run]:41283 [Site]:1 [Bin]:14790 [FullTime]:3600 [SkipTime]:0 [Veto1]:710.123 [Veto2]:703.848 [Veto3]:530.36 [Veto4]:530.36 [SgUp1]:57383 [SgUp2]:57501 [SgUp3]:0 [SgUp4]:0 [SgLow1]:57245 [SgLow2]:57391 [SgLow3]:0 [SgLow4]:0 [NetMuon1]:575507 [NetMuon2]:576640 [NetMuon3]:611316 [NetMuon4]:611316
[Run]:41283 [Site]:1 [Bin]:14791 [FullTime]:3600 [SkipTime]:0 [Veto1]:732.811 [Veto2]:743.896 [Veto3]:530.342 [Veto4]:530.342 [SgUp1]:57096 [SgUp2]:56980 [SgUp3]:0 [SgUp4]:0 [SgLow1]:56981 [SgLow2]:56861 [SgLow3]:0 [SgLow4]:0 [NetMuon1]:571083 [NetMuon2]:568831 [NetMuon3]:611321 [NetMuon4]:611321
[Run]:41283 [Site]:1 [Bin]:14792 [FullTime]:3600 [SkipTime]:0 [Veto1]:752.791 [Veto2]:753.494 [Veto3]:532.054 [Veto4]:532.054 [SgUp1]:57178 [SgUp2]:56217 [SgUp3]:0 [SgUp4]:0 [SgLow1]:57075 [SgLow2]:56092 [SgLow3]:0 [SgLow4]:0 [NetMuon1]:569331 [NetMuon2]:568807 [NetMuon3]:613494 [NetMuon4]:613494
[Run]:41283 [Site]:1 [Bin]:14793 [FullTime]:3600 [SkipTime]:0 [Veto1]:732.446 [Veto2]:722.383 [Veto3]:531.552 [Veto4]:531.552 [SgUp1]:57274 [SgUp2]:56991 [SgUp3]:0 [SgUp4]:0 [SgLow1]:57158 [SgLow2]:56887 [SgLow3]:0 [SgLow4]:0 [NetMuon1]:572724 [NetMuon2]:574297 [NetMuon3]:612686 [NetMuon4]:612686
[Run]:41283 [Site]:1 [Bin]:14794 [FullTime]:3600 [SkipTime]:0 [Veto1]:729.436 [Veto2]:727.844 [Veto3]:531.027 [Veto4]:531.027 [SgUp1]:57553 [SgUp2]:57250 [SgUp3]:0 [SgUp4]:0 [SgLow1]:57446 [SgLow2]:57132 [SgLow3]:0 [SgLow4]:0 [NetMuon1]:572585 [NetMuon2]:573451 [NetMuon3]:612213 [NetMuon4]:612213
[Run]:41283 [Site]:1 [Bin]:14795 [FullTime]:3600 [SkipTime]:0 [Veto1]:727.557 [Veto2]:750.323 [Veto3]:531.508 [Veto4]:531.508 [SgUp1]:57369 [SgUp2]:56578 [SgUp3]:0 [SgUp4]:0 [SgLow1]:57261 [SgLow2]:56471 [SgLow3]:0 [SgLow4]:0 [NetMuon1]:573392 [NetMuon2]:569166 [NetMuon3]:612528 [NetMuon4]:612528
[Run]:41283 [Site]:1 [Bin]:14796 [FullTime]:3600 [SkipTime]:0 [Veto1]:721.176 [Veto2]:777.576 [Veto3]:530.703 [Veto4]:530.703 [SgUp1]:57335 [SgUp2]:55988 [SgUp3]:0 [SgUp4]:0 [SgLow1]:57232 [SgLow2]:55873 [SgLow3]:0 [SgLow4]:0 [NetMuon1]:574156 [NetMuon2]:562911 [NetMuon3]:612025 [NetMuon4]:612025
[Run]:41283 [Site]:1 [Bin]:14797 [FullTime]:3600 [SkipTime]:0 [Veto1]:721.299 [Veto2]:741.313 [Veto3]:530.759 [Veto4]:530.759 [SgUp1]:57277 [SgUp2]:56458 [SgUp3]:0 [SgUp4]:0 [SgLow1]:57165 [SgLow2]:56341 [SgLow3]:0 [SgLow4]:0 [NetMuon1]:574066 [NetMuon2]:569878 [NetMuon3]:611715 [NetMuon4]:611715
[Run]:41283 [Site]:1 [Bin]:14798 [FullTime]:3600 [SkipTime]:0 [Veto1]:756.497 [Veto2]:748.352 [Veto3]:530.62 [Veto4]:530.62 [SgUp1]:56715 [SgUp2]:56303 [SgUp3]:0 [SgUp4]:0 [SgLow1]:56568 [SgLow2]:56213 [SgLow3]:0 [SgLow4]:0 [NetMuon1]:566466 [NetMuon2]:568114 [NetMuon3]:611612 [NetMuon4]:611612
[Run]:41283 [Site]:1 [Bin]:14799 [FullTime]:3600 [SkipTime]:0 [Veto1]:731.663 [Veto2]:743.407 [Veto3]:531.167 [Veto4]:531.167 [SgUp1]:56803 [SgUp2]:56698 [SgUp3]:0 [SgUp4]:0 [SgLow1]:56696 [SgLow2]:56556 [SgLow3]:0 [SgLow4]:0 [NetMuon1]:572453 [NetMuon2]:569876 [NetMuon3]:612325 [NetMuon4]:612325
[Run]:41283 [Site]:1 [Bin]:14800 [FullTime]:3600 [SkipTime]:0 [Veto1]:763.937 [Veto2]:740.334 [Veto3]:531.862 [Veto4]:531.862 [SgUp1]:56577 [SgUp2]:56732 [SgUp3]:0 [SgUp4]:0 [SgLow1]:56473 [SgLow2]:56644 [SgLow3]:0 [SgLow4]:0 [NetMuon1]:566949 [NetMuon2]:571709 [NetMuon3]:613243 [NetMuon4]:613243
[Run]:41283 [Site]:1 [Bin]:14801 [FullTime]:3600 [SkipTime]:0 [Veto1]:734.996 [Veto2]:728.751 [Veto3]:531.099 [Veto4]:531.099 [SgUp1]:57542 [SgUp2]:57526 [SgUp3]:0 [SgUp4]:0 [SgLow1]:57422 [SgLow2]:57419 [SgLow3]:0 [SgLow4]:0 [NetMuon1]:571880 [NetMuon2]:573137 [NetMuon3]:612383 [NetMuon4]:612383
[Run]:41283 [Site]:1 [Bin]:14802 [FullTime]:3600 [SkipTime]:0 [Veto1]:731.422 [Veto2]:753.286 [Veto3]:532.058 [Veto4]:532.058 [SgUp1]:57248 [SgUp2]:56340 [SgUp3]:0 [SgUp4]:0 [SgLow1]:57165 [SgLow2]:56234 [SgLow3]:0 [SgLow4]:0 [NetMuon1]:573490 [NetMuon2]:569294 [NetMuon3]:613352 [NetMuon4]:613352
[Run]:41283 [Site]:1 [Bin]:14803 [FullTime]:3600 [SkipTime]:0 [Veto1]:742.698 [Veto2]:763.422 [Veto3]:533.056 [Veto4]:533.056 [SgUp1]:57254 [SgUp2]:56208 [SgUp3]:0 [SgUp4]:0 [SgLow1]:57161 [SgLow2]:56082 [SgLow3]:0 [SgLow4]:0 [NetMuon1]:572148 [NetMuon2]:567864 [NetMuon3]:614267 [NetMuon4]:614267
[Run]:41283 [Site]:1 [Bin]:14804 [FullTime]:3600 [SkipTime]:0 [Veto1]:739.307 [Veto2]:771.928 [Veto3]:532 [Veto4]:532 [SgUp1]:56784 [SgUp2]:56243 [SgUp3]:0 [SgUp4]:0 [SgLow1]:56669 [SgLow2]:56117 [SgLow3]:0 [SgLow4]:0 [NetMuon1]:571921 [NetMuon2]:565142 [NetMuon3]:613296 [NetMuon4]:613296
[Run]:41283 [Site]:1 [Bin]:14805 [FullTime]:3600 [SkipTime]:0 [Veto1]:731.439 [Veto2]:764.527 [Veto3]:532.236 [Veto4]:532.236 [SgUp1]:57163 [SgUp2]:56161 [SgUp3]:0 [SgUp4]:0 [SgLow1]:57039 [SgLow2]:56031 [SgLow3]:0 [SgLow4]:0 [NetMuon1]:574450 [NetMuon2]:567077 [NetMuon3]:613758 [NetMuon4]:613758
[Run]:41283 [Site]:1 [Bin]:14806 [FullTime]:3600 [SkipTime]:0 [Veto1]:745.725 [Veto2]:746.753 [Veto3]:532.281 [Veto4]:532.281 [SgUp1]:56891 [SgUp2]:56852 [SgUp3]:0 [SgUp4]:0 [SgLow1]:56795 [SgLow2]:56712 [SgLow3]:0 [SgLow4]:0 [NetMuon1]:570428 [NetMuon2]:570648 [NetMuon3]:613224 [NetMuon4]:613224
[Run]:41283 [Site]:1 [Bin]:14807 [FullTime]:3600 [SkipTime]:0 [Veto1]:734.447 [Veto2]:737.566 [Veto3]:532.392 [Veto4]:532.392 [SgUp1]:56880 [SgUp2]:56530 [SgUp3]:0 [SgUp4]:0 [SgLow1]:56771 [SgLow2]:56396 [SgLow3]:0 [SgLow4]:0 [NetMuon1]:573577 [NetMuon2]:572701 [NetMuon3]:613823 [NetMuon4]:613823
[Run]:41283 [Site]:1 [Bin]:14808 [FullTime]:3600 [SkipTime]:0 [Veto1]:731.866 [Veto2]:753.174 [Veto3]:532.04 [Veto4]:532.04 [SgUp1]:57673 [SgUp2]:56885 [SgUp3]:0 [SgUp4]:0 [SgLow1]:57538 [SgLow2]:56752 [SgLow3]:0 [SgLow4]:0 [NetMuon1]:573390 [NetMuon2]:569471 [NetMuon3]:613354 [NetMuon4]:613354
[Run]:41283 [Site]:1 [Bin]:14809 [FullTime]:3600 [SkipTime]:0 [Veto1]:758.178 [Veto2]:746.674 [Veto3]:531.634 [Veto4]:531.634 [SgUp1]:56692 [SgUp2]:56911 [SgUp3]:0 [SgUp4]:0 [SgLow1]:56589 [SgLow2]:56836 [SgLow3]:0 [SgLow4]:0 [NetMuon1]:568187 [NetMuon2]:570200 [NetMuon3]:612812 [NetMuon4]:612812
[Run]:41283 [Site]:1 [Bin]:14810 [FullTime]:3600 [SkipTime]:0 [Veto1]:740.85 [Veto2]:756.459 [Veto3]:531.716 [Veto4]:531.716 [SgUp1]:56473 [SgUp2]:56602 [SgUp3]:0 [SgUp4]:0 [SgLow1]:56379 [SgLow2]:56508 [SgLow3]:0 [SgLow4]:0 [NetMuon1]:570912 [NetMuon2]:567837 [NetMuon3]:612814 [NetMuon4]:612814
[Run]:41283 [Site]:1 [Bin]:14811 [FullTime]:3600 [SkipTime]:0 [Veto1]:757.962 [Veto2]:740.358 [Veto3]:532.174 [Veto4]:532.174 [SgUp1]:56708 [SgUp2]:56749 [SgUp3]:0 [SgUp4]:0 [SgLow1]:56579 [SgLow2]:56672 [SgLow3]:0 [SgLow4]:0 [NetMuon1]:567863 [NetMuon2]:571583 [NetMuon3]:613327 [NetMuon4]:613327
[Run]:41283 [Site]:1 [Bin]:14812 [FullTime]:3600 [SkipTime]:0 [Veto1]:723.327 [Veto2]:766.546 [Veto3]:530.852 [Veto4]:530.852 [SgUp1]:57223 [SgUp2]:56451 [SgUp3]:0 [SgUp4]:0 [SgLow1]:57106 [SgLow2]:56330 [SgLow3]:0 [SgLow4]:0 [NetMuon1]:573049 [NetMuon2]:564864 [NetMuon3]:611789 [NetMuon4]:611789
[Run]:41283 [Site]:1 [Bin]:14813 [FullTime]:3600 [SkipTime]:0 [Veto1]:734.21 [Veto2]:744.311 [Veto3]:531.372 [Veto4]:531.372 [SgUp1]:57355 [SgUp2]:56823 [SgUp3]:0 [SgUp4]:0 [SgLow1]:57231 [SgLow2]:56686 [SgLow3]:0 [SgLow4]:0 [NetMuon1]:572238 [NetMuon2]:569968 [NetMuon3]:612832 [NetMuon4]:612832
[Run]:41283 [Site]:1 [Bin]:14814 [FullTime]:3600 [SkipTime]:0 [Veto1]:743.965 [Veto2]:749.678 [Veto3]:531.288 [Veto4]:531.288 [SgUp1]:56956 [SgUp2]:56867 [SgUp3]:0 [SgUp4]:0 [SgLow1]:56841 [SgLow2]:56750 [SgLow3]:0 [SgLow4]:0 [NetMuon1]:569362 [NetMuon2]:568735 [NetMuon3]:612229 [NetMuon4]:612229
[Run]:41283 [Site]:1 [Bin]:14815 [FullTime]:3600 [SkipTime]:0 [Veto1]:736.345 [Veto2]:731.173 [Veto3]:531.402 [Veto4]:531.402 [SgUp1]:57440 [SgUp2]:57337 [SgUp3]:0 [SgUp4]:0 [SgLow1]:57290 [SgLow2]:57225 [SgLow3]:0 [SgLow4]:0 [NetMuon1]:571581 [NetMuon2]:572596 [NetMuon3]:612392 [NetMuon4]:612392
[Run]:41283 [Site]:1 [Bin]:14816 [FullTime]:3600 [SkipTime]:0 [Veto1]:738.87 [Veto2]:755.423 [Veto3]:530.815 [Veto4]:530.815 [SgUp1]:57832 [SgUp2]:56967 [SgUp3]:0 [SgUp4]:0 [SgLow1]:57720 [SgLow2]:56860 [SgLow3]:0 [SgLow4]:0 [NetMuon1]:570045 [NetMuon2]:566672 [NetMuon3]:611762 [NetMuon4]:611762
[Run]:41283 [Site]:1 [Bin]:14817 [FullTime]:3600 [SkipTime]:0 [Veto1]:710.911 [Veto2]:745.208 [Veto3]:531.215 [Veto4]:531.215 [SgUp1]:57931 [SgUp2]:57175 [SgUp3]:0 [SgUp4]:0 [SgLow1]:57818 [SgLow2]:57055 [SgLow3]:0 [SgLow4]:0 [NetMuon1]:576848 [NetMuon2]:569720 [NetMuon3]:612478 [NetMuon4]:612478
[Run]:41283 [Site]:1 [Bin]:14818 [FullTime]:3600 [SkipTime]:0 [Veto1]:735.837 [Veto2]:760.754 [Veto3]:531.525 [Veto4]:531.525 [SgUp1]:57218 [SgUp2]:56844 [SgUp3]:0 [SgUp4]:0 [SgLow1]:57120 [SgLow2]:56755 [SgLow3]:0 [SgLow4]:0 [NetMuon1]:571987 [NetMuon2]:567286 [NetMuon3]:612839 [NetMuon4]:612839
[Run]:41283 [Site]:1 [Bin]:14819 [FullTime]:3600 [SkipTime]:0 [Veto1]:752.62 [Veto2]:723.438 [Veto3]:530.459 [Veto4]:530.459 [SgUp1]:57115 [SgUp2]:57363 [SgUp3]:0 [SgUp4]:0 [SgLow1]:56993 [SgLow2]:57272 [SgLow3]:0 [SgLow4]:0 [NetMuon1]:566922 [NetMuon2]:573035 [NetMuon3]:611434 [NetMuon4]:611434
[Run]:41283 [Site]:1 [Bin]:14820 [FullTime]:3600 [SkipTime]:0 [Veto1]:730.674 [Veto2]:753.405 [Veto3]:530.345 [Veto4]:530.345 [SgUp1]:57524 [SgUp2]:56442 [SgUp3]:0 [SgUp4]:0 [SgLow1]:57371 [SgLow2]:56323 [SgLow3]:0 [SgLow4]:0 [NetMuon1]:571517 [NetMuon2]:566857 [NetMuon3]:611498 [NetMuon4]:611498
[Run]:41283 [Site]:1 [Bin]:14821 [FullTime]:3600 [SkipTime]:0 [Veto1]:724.865 [Veto2]:733.78 [Veto3]:530.712 [Veto4]:530.712 [SgUp1]:57751 [SgUp2]:57300 [SgUp3]:0 [SgUp4]:0 [SgLow1]:57638 [SgLow2]:57231 [SgLow3]:0 [SgLow4]:0 [NetMuon1]:572978 [NetMuon2]:571053 [NetMuon3]:611719 [NetMuon4]:611719
[Run]:41283 [Site]:1 [Bin]:14822 [FullTime]:3600 [SkipTime]:0 [Veto1]:742.888 [Veto2]:746.542 [Veto3]:532.118 [Veto4]:532.118 [SgUp1]:57089 [SgUp2]:56458 [SgUp3]:0 [SgUp4]:0 [SgLow1]:56961 [SgLow2]:56308 [SgLow3]:0 [SgLow4]:0 [NetMuon1]:571366 [NetMuon2]:570957 [NetMuon3]:613533 [NetMuon4]:613533
[Run]:41283 [Site]:1 [Bin]:14823 [FullTime]:3600 [SkipTime]:0 [Veto1]:737.92 [Veto2]:727.218 [Veto3]:531.127 [Veto4]:531.127 [SgUp1]:57173 [SgUp2]:57493 [SgUp3]:0 [SgUp4]:0 [SgLow1]:57065 [SgLow2]:57379 [SgLow3]:0 [SgLow4]:0 [NetMuon1]:570716 [NetMuon2]:572666 [NetMuon3]:611776 [NetMuon4]:611776
[Run]:41283 [Site]:1 [Bin]:14824 [FullTime]:3600 [SkipTime]:0 [Veto1]:736.87 [Veto2]:766.818 [Veto3]:530.414 [Veto4]:530.414 [SgUp1]:57325 [SgUp2]:55925 [SgUp3]:0 [SgUp4]:0 [SgLow1]:57197 [SgLow2]:55831 [SgLow3]:0 [SgLow4]:0 [NetMuon1]:570105 [NetMuon2]:564152 [NetMuon3]:611538 [NetMuon4]:611538
[Run]:41283 [Site]:1 [Bin]:14825 [FullTime]:3600 [SkipTime]:0 [Veto1]:726.582 [Veto2]:740.78 [Veto3]:531.877 [Veto4]:531.877 [SgUp1]:57599 [SgUp2]:57068 [SgUp3]:0 [SgUp4]:0 [SgLow1]:57488 [SgLow2]:56939 [SgLow3]:0 [SgLow4]:0 [NetMuon1]:574058 [NetMuon2]:571665 [NetMuon3]:613198 [NetMuon4]:613198
[Run]:41283 [Site]:1 [Bin]:14826 [FullTime]:3600 [SkipTime]:0 [Veto1]:764.416 [Veto2]:731.597 [Veto3]:531.799 [Veto4]:531.799 [SgUp1]:57064 [SgUp2]:56798 [SgUp3]:0 [SgUp4]:0 [SgLow1]:56951 [SgLow2]:56673 [SgLow3]:0 [SgLow4]:0 [NetMuon1]:566250 [NetMuon2]:572849 [NetMuon3]:612973 [NetMuon4]:612973
[Run]:41283 [Site]:1 [Bin]:14827 [FullTime]:3600 [SkipTime]:0 [Veto1]:735.977 [Veto2]:758.737 [Veto3]:531.689 [Veto4]:531.689 [SgUp1]:57057 [SgUp2]:56443 [SgUp3]:0 [SgUp4]:0 [SgLow1]:56936 [SgLow2]:56362 [SgLow3]:0 [SgLow4]:0 [NetMuon1]:572387 [NetMuon2]:567781 [NetMuon3]:613044 [NetMuon4]:613044
[Run]:41283 [Site]:1 [Bin]:14828 [FullTime]:3600 [SkipTime]:0 [Veto1]:743.311 [Veto2]:733.142 [Veto3]:531.821 [Veto4]:531.821 [SgUp1]:57177 [SgUp2]:56904 [SgUp3]:0 [SgUp4]:0 [SgLow1]:57058 [SgLow2]:56784 [SgLow3]:0 [SgLow4]:0 [NetMuon1]:571262 [NetMuon2]:572718 [NetMuon3]:613205 [NetMuon4]:613205
[Run]:41283 [Site]:1 [Bin]:14829 [FullTime]:3600 [SkipTime]:0 [Veto1]:722.163 [Veto2]:743.727 [Veto3]:531.737 [Veto4]:531.737 [SgUp1]:57104 [SgUp2]:56844 [SgUp3]:0 [SgUp4]:0 [SgLow1]:56974 [SgLow2]:56748 [SgLow3]:0 [SgLow4]:0 [NetMuon1]:575213 [NetMuon2]:570872 [NetMuon3]:613059 [NetMuon4]:613059
[Run]:41283 [Site]:1 [Bin]:14830 [FullTime]:3600 [SkipTime]:0 [Veto1]:746.918 [Veto2]:746.318 [Veto3]:531.442 [Veto4]:531.442 [SgUp1]:57267 [SgUp2]:56414 [SgUp3]:0 [SgUp4]:0 [SgLow1]:57132 [SgLow2]:56272 [SgLow3]:0 [SgLow4]:0 [NetMuon1]:569454 [NetMuon2]:569807 [NetMuon3]:612529 [NetMuon4]:612529
[Run]:41283 [Site]:1 [Bin]:14831 [FullTime]:3600 [SkipTime]:0 [Veto1]:709.604 [Veto2]:748.605 [Veto3]:531.355 [Veto4]:531.355 [SgUp1]:57728 [SgUp2]:56417 [SgUp3]:0 [SgUp4]:0 [SgLow1]:57638 [SgLow2]:56286 [SgLow3]:0 [SgLow4]:0 [NetMuon1]:576835 [NetMuon2]:568766 [NetMuon3]:612387 [NetMuon4]:612387
End process Run: 41283 ... 
[Run]:41283 [Site]:1 [Bin]:14832 [FullTime]:895.935 [SkipTime]:0 [Veto1]:181.004 [Veto2]:193.506 [Veto3]:132.064 [Veto4]:132.064
