StreamChain add 0xb3db7f0
Start to process run: 41397 ... 
[Run]:41397 [Site]:1 [Bin]:15071 [FullTime]:297.902 [SkipTime]:0 [Veto1]:62.0561 [Veto2]:61.2649 [Veto3]:43.9546 [Veto4]:43.9546 [SgUp1]:4641 [SgUp2]:4739 [SgUp3]:0 [SgUp4]:0 [SgLow1]:4637 [SgLow2]:4733 [SgLow3]:0 [SgLow4]:0 [NetMuon1]:46986 [NetMuon2]:47213 [NetMuon3]:50676 [NetMuon4]:50676
[Run]:41397 [Site]:1 [Bin]:15072 [FullTime]:3600 [SkipTime]:0 [Veto1]:732.828 [Veto2]:759.156 [Veto3]:532.618 [Veto4]:532.618 [SgUp1]:56331 [SgUp2]:57273 [SgUp3]:0 [SgUp4]:0 [SgLow1]:56206 [SgLow2]:57187 [SgLow3]:0 [SgLow4]:0 [NetMuon1]:573812 [NetMuon2]:568716 [NetMuon3]:614008 [NetMuon4]:614008
[Run]:41397 [Site]:1 [Bin]:15073 [FullTime]:3600 [SkipTime]:0 [Veto1]:742.475 [Veto2]:749.921 [Veto3]:531.449 [Veto4]:531.449 [SgUp1]:57169 [SgUp2]:57356 [SgUp3]:0 [SgUp4]:0 [SgLow1]:57041 [SgLow2]:57220 [SgLow3]:0 [SgLow4]:0 [NetMuon1]:570383 [NetMuon2]:568544 [NetMuon3]:612424 [NetMuon4]:612424
[Run]:41397 [Site]:1 [Bin]:15074 [FullTime]:3600 [SkipTime]:0 [Veto1]:737.99 [Veto2]:775.284 [Veto3]:531.162 [Veto4]:531.162 [SgUp1]:57217 [SgUp2]:56751 [SgUp3]:0 [SgUp4]:0 [SgLow1]:57076 [SgLow2]:56626 [SgLow3]:0 [SgLow4]:0 [NetMuon1]:571512 [NetMuon2]:563681 [NetMuon3]:612422 [NetMuon4]:612422
[Run]:41397 [Site]:1 [Bin]:15075 [FullTime]:3600 [SkipTime]:0 [Veto1]:753.951 [Veto2]:768.09 [Veto3]:531.403 [Veto4]:531.403 [SgUp1]:56755 [SgUp2]:56970 [SgUp3]:0 [SgUp4]:0 [SgLow1]:56612 [SgLow2]:56851 [SgLow3]:0 [SgLow4]:0 [NetMuon1]:568362 [NetMuon2]:565547 [NetMuon3]:612656 [NetMuon4]:612656
[Run]:41397 [Site]:1 [Bin]:15076 [FullTime]:3600 [SkipTime]:0 [Veto1]:729.612 [Veto2]:740.923 [Veto3]:531.508 [Veto4]:531.508 [SgUp1]:56929 [SgUp2]:57654 [SgUp3]:0 [SgUp4]:0 [SgLow1]:56820 [SgLow2]:57513 [SgLow3]:0 [SgLow4]:0 [NetMuon1]:573288 [NetMuon2]:570788 [NetMuon3]:612661 [NetMuon4]:612661
[Run]:41397 [Site]:1 [Bin]:15077 [FullTime]:3600 [SkipTime]:0 [Veto1]:731.271 [Veto2]:729.955 [Veto3]:530.124 [Veto4]:530.124 [SgUp1]:57307 [SgUp2]:57563 [SgUp3]:0 [SgUp4]:0 [SgLow1]:57191 [SgLow2]:57448 [SgLow3]:0 [SgLow4]:0 [NetMuon1]:570754 [NetMuon2]:570934 [NetMuon3]:610969 [NetMuon4]:610969
[Run]:41397 [Site]:1 [Bin]:15078 [FullTime]:3600 [SkipTime]:0 [Veto1]:727.339 [Veto2]:751.752 [Veto3]:532.187 [Veto4]:532.187 [SgUp1]:57525 [SgUp2]:57135 [SgUp3]:0 [SgUp4]:0 [SgLow1]:57397 [SgLow2]:57023 [SgLow3]:0 [SgLow4]:0 [NetMuon1]:574777 [NetMuon2]:569752 [NetMuon3]:613857 [NetMuon4]:613857
[Run]:41397 [Site]:1 [Bin]:15079 [FullTime]:3600 [SkipTime]:0 [Veto1]:728.66 [Veto2]:762.34 [Veto3]:532.786 [Veto4]:532.786 [SgUp1]:57691 [SgUp2]:55884 [SgUp3]:0 [SgUp4]:0 [SgLow1]:57538 [SgLow2]:55764 [SgLow3]:0 [SgLow4]:0 [NetMuon1]:575076 [NetMuon2]:568450 [NetMuon3]:614081 [NetMuon4]:614081
[Run]:41397 [Site]:1 [Bin]:15080 [FullTime]:3600 [SkipTime]:0 [Veto1]:738.118 [Veto2]:733.628 [Veto3]:532.628 [Veto4]:532.628 [SgUp1]:57178 [SgUp2]:56775 [SgUp3]:0 [SgUp4]:0 [SgLow1]:57070 [SgLow2]:56640 [SgLow3]:0 [SgLow4]:0 [NetMuon1]:572535 [NetMuon2]:573904 [NetMuon3]:613931 [NetMuon4]:613931
[Run]:41397 [Site]:1 [Bin]:15081 [FullTime]:3600 [SkipTime]:0 [Veto1]:734.063 [Veto2]:750.108 [Veto3]:532.225 [Veto4]:532.225 [SgUp1]:57639 [SgUp2]:56545 [SgUp3]:0 [SgUp4]:0 [SgLow1]:57508 [SgLow2]:56454 [SgLow3]:0 [SgLow4]:0 [NetMuon1]:573353 [NetMuon2]:569839 [NetMuon3]:613451 [NetMuon4]:613451
[Run]:41397 [Site]:1 [Bin]:15082 [FullTime]:3600 [SkipTime]:0 [Veto1]:736.348 [Veto2]:758.139 [Veto3]:532.824 [Veto4]:532.824 [SgUp1]:57540 [SgUp2]:56539 [SgUp3]:0 [SgUp4]:0 [SgLow1]:57414 [SgLow2]:56435 [SgLow3]:0 [SgLow4]:0 [NetMuon1]:573463 [NetMuon2]:568720 [NetMuon3]:614115 [NetMuon4]:614115
[Run]:41397 [Site]:1 [Bin]:15083 [FullTime]:3600 [SkipTime]:0 [Veto1]:742.291 [Veto2]:737.972 [Veto3]:532.299 [Veto4]:532.299 [SgUp1]:56965 [SgUp2]:56825 [SgUp3]:0 [SgUp4]:0 [SgLow1]:56856 [SgLow2]:56712 [SgLow3]:0 [SgLow4]:0 [NetMuon1]:571820 [NetMuon2]:572391 [NetMuon3]:613717 [NetMuon4]:613717
[Run]:41397 [Site]:1 [Bin]:15084 [FullTime]:3600 [SkipTime]:0 [Veto1]:739.105 [Veto2]:751.686 [Veto3]:531.742 [Veto4]:531.742 [SgUp1]:57132 [SgUp2]:56884 [SgUp3]:0 [SgUp4]:0 [SgLow1]:57050 [SgLow2]:56789 [SgLow3]:0 [SgLow4]:0 [NetMuon1]:571381 [NetMuon2]:568544 [NetMuon3]:612769 [NetMuon4]:612769
[Run]:41397 [Site]:1 [Bin]:15085 [FullTime]:3600 [SkipTime]:0 [Veto1]:746.214 [Veto2]:755.254 [Veto3]:531.367 [Veto4]:531.367 [SgUp1]:57173 [SgUp2]:56861 [SgUp3]:0 [SgUp4]:0 [SgLow1]:57084 [SgLow2]:56769 [SgLow3]:0 [SgLow4]:0 [NetMuon1]:569663 [NetMuon2]:567639 [NetMuon3]:612426 [NetMuon4]:612426
[Run]:41397 [Site]:1 [Bin]:15086 [FullTime]:3600 [SkipTime]:0 [Veto1]:751.562 [Veto2]:747.257 [Veto3]:532.801 [Veto4]:532.801 [SgUp1]:56832 [SgUp2]:57059 [SgUp3]:0 [SgUp4]:0 [SgLow1]:56737 [SgLow2]:56931 [SgLow3]:0 [SgLow4]:0 [NetMuon1]:570160 [NetMuon2]:571052 [NetMuon3]:613972 [NetMuon4]:613972
[Run]:41397 [Site]:1 [Bin]:15087 [FullTime]:3600 [SkipTime]:0 [Veto1]:742.258 [Veto2]:752.47 [Veto3]:532.392 [Veto4]:532.392 [SgUp1]:57295 [SgUp2]:56568 [SgUp3]:0 [SgUp4]:0 [SgLow1]:57177 [SgLow2]:56449 [SgLow3]:0 [SgLow4]:0 [NetMuon1]:571248 [NetMuon2]:569351 [NetMuon3]:613461 [NetMuon4]:613461
[Run]:41397 [Site]:1 [Bin]:15088 [FullTime]:3600 [SkipTime]:0 [Veto1]:745.193 [Veto2]:750.32 [Veto3]:532.795 [Veto4]:532.795 [SgUp1]:57434 [SgUp2]:56902 [SgUp3]:0 [SgUp4]:0 [SgLow1]:57315 [SgLow2]:56768 [SgLow3]:0 [SgLow4]:0 [NetMuon1]:571507 [NetMuon2]:570632 [NetMuon3]:614079 [NetMuon4]:614079
[Run]:41397 [Site]:1 [Bin]:15089 [FullTime]:3600 [SkipTime]:0 [Veto1]:739.339 [Veto2]:748.35 [Veto3]:531.284 [Veto4]:531.284 [SgUp1]:57715 [SgUp2]:56912 [SgUp3]:0 [SgUp4]:0 [SgLow1]:57600 [SgLow2]:56806 [SgLow3]:0 [SgLow4]:0 [NetMuon1]:571130 [NetMuon2]:569412 [NetMuon3]:612556 [NetMuon4]:612556
[Run]:41397 [Site]:1 [Bin]:15090 [FullTime]:3600 [SkipTime]:0 [Veto1]:762.144 [Veto2]:747.991 [Veto3]:531.354 [Veto4]:531.354 [SgUp1]:56916 [SgUp2]:57112 [SgUp3]:0 [SgUp4]:0 [SgLow1]:56786 [SgLow2]:57011 [SgLow3]:0 [SgLow4]:0 [NetMuon1]:566644 [NetMuon2]:569347 [NetMuon3]:612809 [NetMuon4]:612809
[Run]:41397 [Site]:1 [Bin]:15091 [FullTime]:3600 [SkipTime]:0 [Veto1]:752.112 [Veto2]:761.583 [Veto3]:532.624 [Veto4]:532.624 [SgUp1]:57566 [SgUp2]:56760 [SgUp3]:0 [SgUp4]:0 [SgLow1]:57456 [SgLow2]:56635 [SgLow3]:0 [SgLow4]:0 [NetMuon1]:570221 [NetMuon2]:568486 [NetMuon3]:614361 [NetMuon4]:614361
[Run]:41397 [Site]:1 [Bin]:15092 [FullTime]:3600 [SkipTime]:0 [Veto1]:742.464 [Veto2]:732.209 [Veto3]:532.424 [Veto4]:532.424 [SgUp1]:57727 [SgUp2]:57498 [SgUp3]:0 [SgUp4]:0 [SgLow1]:57585 [SgLow2]:57371 [SgLow3]:0 [SgLow4]:0 [NetMuon1]:571731 [NetMuon2]:573618 [NetMuon3]:613621 [NetMuon4]:613621
[Run]:41397 [Site]:1 [Bin]:15093 [FullTime]:3600 [SkipTime]:0 [Veto1]:733.812 [Veto2]:772.939 [Veto3]:532.149 [Veto4]:532.149 [SgUp1]:57975 [SgUp2]:56145 [SgUp3]:0 [SgUp4]:0 [SgLow1]:57864 [SgLow2]:56030 [SgLow3]:0 [SgLow4]:0 [NetMuon1]:573295 [NetMuon2]:565164 [NetMuon3]:613315 [NetMuon4]:613315
[Run]:41397 [Site]:1 [Bin]:15094 [FullTime]:3600 [SkipTime]:0 [Veto1]:735.525 [Veto2]:742.11 [Veto3]:532.673 [Veto4]:532.673 [SgUp1]:57901 [SgUp2]:56710 [SgUp3]:0 [SgUp4]:0 [SgLow1]:57764 [SgLow2]:56609 [SgLow3]:0 [SgLow4]:0 [NetMuon1]:573239 [NetMuon2]:571957 [NetMuon3]:613839 [NetMuon4]:613839
[Run]:41397 [Site]:1 [Bin]:15095 [FullTime]:3600 [SkipTime]:0 [Veto1]:768.948 [Veto2]:737.643 [Veto3]:532.485 [Veto4]:532.485 [SgUp1]:57007 [SgUp2]:57336 [SgUp3]:0 [SgUp4]:0 [SgLow1]:56867 [SgLow2]:57221 [SgLow3]:0 [SgLow4]:0 [NetMuon1]:565917 [NetMuon2]:572931 [NetMuon3]:613736 [NetMuon4]:613736
End process Run: 41397 ... 
[Run]:41397 [Site]:1 [Bin]:15096 [FullTime]:3033.3 [SkipTime]:0 [Veto1]:624.415 [Veto2]:619.836 [Veto3]:448.691 [Veto4]:448.691
