StreamChain add 0x1e87b7f0
Start to process run: 41197 ... 
[Run]:41197 [Site]:1 [Bin]:14712 [FullTime]:2737.29 [SkipTime]:0 [Veto1]:548.672 [Veto2]:583.113 [Veto3]:404.765 [Veto4]:404.765 [SgUp1]:43815 [SgUp2]:43167 [SgUp3]:0 [SgUp4]:0 [SgLow1]:43739 [SgLow2]:43073 [SgLow3]:0 [SgLow4]:0 [NetMuon1]:437678 [NetMuon2]:430500 [NetMuon3]:466559 [NetMuon4]:466559
[Run]:41197 [Site]:1 [Bin]:14713 [FullTime]:3600 [SkipTime]:0 [Veto1]:756.337 [Veto2]:738.538 [Veto3]:532.084 [Veto4]:532.084 [SgUp1]:57545 [SgUp2]:57300 [SgUp3]:0 [SgUp4]:0 [SgLow1]:57426 [SgLow2]:57179 [SgLow3]:0 [SgLow4]:0 [NetMuon1]:568452 [NetMuon2]:572261 [NetMuon3]:613313 [NetMuon4]:613313
[Run]:41197 [Site]:1 [Bin]:14714 [FullTime]:3600 [SkipTime]:0 [Veto1]:760.032 [Veto2]:752.424 [Veto3]:532.282 [Veto4]:532.282 [SgUp1]:57571 [SgUp2]:57250 [SgUp3]:0 [SgUp4]:0 [SgLow1]:57478 [SgLow2]:57137 [SgLow3]:0 [SgLow4]:0 [NetMuon1]:568428 [NetMuon2]:569536 [NetMuon3]:613711 [NetMuon4]:613711
[Run]:41197 [Site]:1 [Bin]:14715 [FullTime]:3600 [SkipTime]:0 [Veto1]:752.94 [Veto2]:747.03 [Veto3]:532.013 [Veto4]:532.013 [SgUp1]:57686 [SgUp2]:57082 [SgUp3]:0 [SgUp4]:0 [SgLow1]:57568 [SgLow2]:56976 [SgLow3]:0 [SgLow4]:0 [NetMuon1]:569154 [NetMuon2]:570416 [NetMuon3]:613287 [NetMuon4]:613287
[Run]:41197 [Site]:1 [Bin]:14716 [FullTime]:3600 [SkipTime]:0 [Veto1]:750.37 [Veto2]:768.176 [Veto3]:532.281 [Veto4]:532.281 [SgUp1]:57599 [SgUp2]:56635 [SgUp3]:0 [SgUp4]:0 [SgLow1]:57481 [SgLow2]:56501 [SgLow3]:0 [SgLow4]:0 [NetMuon1]:570167 [NetMuon2]:566596 [NetMuon3]:613772 [NetMuon4]:613772
[Run]:41197 [Site]:1 [Bin]:14717 [FullTime]:3600 [SkipTime]:0 [Veto1]:747.51 [Veto2]:740.726 [Veto3]:531.974 [Veto4]:531.974 [SgUp1]:57614 [SgUp2]:57519 [SgUp3]:0 [SgUp4]:0 [SgLow1]:57489 [SgLow2]:57406 [SgLow3]:0 [SgLow4]:0 [NetMuon1]:569650 [NetMuon2]:571094 [NetMuon3]:613021 [NetMuon4]:613021
[Run]:41197 [Site]:1 [Bin]:14718 [FullTime]:3600 [SkipTime]:0 [Veto1]:731.198 [Veto2]:728.831 [Veto3]:531.82 [Veto4]:531.82 [SgUp1]:57782 [SgUp2]:57494 [SgUp3]:0 [SgUp4]:0 [SgLow1]:57647 [SgLow2]:57377 [SgLow3]:0 [SgLow4]:0 [NetMuon1]:573063 [NetMuon2]:573983 [NetMuon3]:613086 [NetMuon4]:613086
[Run]:41197 [Site]:1 [Bin]:14719 [FullTime]:3600 [SkipTime]:0 [Veto1]:741.989 [Veto2]:754.233 [Veto3]:532.669 [Veto4]:532.669 [SgUp1]:57647 [SgUp2]:56530 [SgUp3]:0 [SgUp4]:0 [SgLow1]:57547 [SgLow2]:56415 [SgLow3]:0 [SgLow4]:0 [NetMuon1]:572059 [NetMuon2]:569571 [NetMuon3]:614160 [NetMuon4]:614160
[Run]:41197 [Site]:1 [Bin]:14720 [FullTime]:3600 [SkipTime]:0 [Veto1]:743.678 [Veto2]:777.745 [Veto3]:532.875 [Veto4]:532.875 [SgUp1]:57826 [SgUp2]:56560 [SgUp3]:0 [SgUp4]:0 [SgLow1]:57711 [SgLow2]:56439 [SgLow3]:0 [SgLow4]:0 [NetMuon1]:571734 [NetMuon2]:565487 [NetMuon3]:614122 [NetMuon4]:614122
[Run]:41197 [Site]:1 [Bin]:14721 [FullTime]:3600 [SkipTime]:0 [Veto1]:726.394 [Veto2]:736.65 [Veto3]:532.236 [Veto4]:532.236 [SgUp1]:57994 [SgUp2]:57075 [SgUp3]:0 [SgUp4]:0 [SgLow1]:57869 [SgLow2]:56945 [SgLow3]:0 [SgLow4]:0 [NetMuon1]:574748 [NetMuon2]:572839 [NetMuon3]:613684 [NetMuon4]:613684
[Run]:41197 [Site]:1 [Bin]:14722 [FullTime]:3600 [SkipTime]:0 [Veto1]:733.656 [Veto2]:738.552 [Veto3]:532.058 [Veto4]:532.058 [SgUp1]:57820 [SgUp2]:56905 [SgUp3]:0 [SgUp4]:0 [SgLow1]:57709 [SgLow2]:56799 [SgLow3]:0 [SgLow4]:0 [NetMuon1]:572977 [NetMuon2]:572114 [NetMuon3]:613391 [NetMuon4]:613391
[Run]:41197 [Site]:1 [Bin]:14723 [FullTime]:3600 [SkipTime]:0 [Veto1]:747.843 [Veto2]:758.391 [Veto3]:533.119 [Veto4]:533.119 [SgUp1]:57422 [SgUp2]:56344 [SgUp3]:0 [SgUp4]:0 [SgLow1]:57317 [SgLow2]:56229 [SgLow3]:0 [SgLow4]:0 [NetMuon1]:571272 [NetMuon2]:568787 [NetMuon3]:613934 [NetMuon4]:613934
[Run]:41197 [Site]:1 [Bin]:14724 [FullTime]:3600 [SkipTime]:0 [Veto1]:736.625 [Veto2]:753.128 [Veto3]:531.983 [Veto4]:531.983 [SgUp1]:57679 [SgUp2]:56577 [SgUp3]:0 [SgUp4]:0 [SgLow1]:57551 [SgLow2]:56480 [SgLow3]:0 [SgLow4]:0 [NetMuon1]:572726 [NetMuon2]:568860 [NetMuon3]:612976 [NetMuon4]:612976
[Run]:41197 [Site]:1 [Bin]:14725 [FullTime]:3600 [SkipTime]:0 [Veto1]:734.56 [Veto2]:748.625 [Veto3]:531.854 [Veto4]:531.854 [SgUp1]:57528 [SgUp2]:56377 [SgUp3]:0 [SgUp4]:0 [SgLow1]:57416 [SgLow2]:56262 [SgLow3]:0 [SgLow4]:0 [NetMuon1]:572603 [NetMuon2]:569434 [NetMuon3]:612946 [NetMuon4]:612946
[Run]:41197 [Site]:1 [Bin]:14726 [FullTime]:3600 [SkipTime]:0 [Veto1]:746.803 [Veto2]:763.043 [Veto3]:532.568 [Veto4]:532.568 [SgUp1]:57574 [SgUp2]:56422 [SgUp3]:0 [SgUp4]:0 [SgLow1]:57473 [SgLow2]:56306 [SgLow3]:0 [SgLow4]:0 [NetMuon1]:571013 [NetMuon2]:567182 [NetMuon3]:613778 [NetMuon4]:613778
[Run]:41197 [Site]:1 [Bin]:14727 [FullTime]:3600 [SkipTime]:0 [Veto1]:718.537 [Veto2]:750.468 [Veto3]:532.469 [Veto4]:532.469 [SgUp1]:57998 [SgUp2]:56815 [SgUp3]:0 [SgUp4]:0 [SgLow1]:57901 [SgLow2]:56691 [SgLow3]:0 [SgLow4]:0 [NetMuon1]:576597 [NetMuon2]:570289 [NetMuon3]:613678 [NetMuon4]:613678
[Run]:41197 [Site]:1 [Bin]:14728 [FullTime]:3600 [SkipTime]:0 [Veto1]:731.379 [Veto2]:763.157 [Veto3]:532.224 [Veto4]:532.224 [SgUp1]:57408 [SgUp2]:56848 [SgUp3]:0 [SgUp4]:0 [SgLow1]:57273 [SgLow2]:56765 [SgLow3]:0 [SgLow4]:0 [NetMuon1]:573018 [NetMuon2]:566977 [NetMuon3]:613091 [NetMuon4]:613091
[Run]:41197 [Site]:1 [Bin]:14729 [FullTime]:3600 [SkipTime]:0 [Veto1]:753.139 [Veto2]:724.592 [Veto3]:532.749 [Veto4]:532.749 [SgUp1]:57284 [SgUp2]:57453 [SgUp3]:0 [SgUp4]:0 [SgLow1]:57169 [SgLow2]:57326 [SgLow3]:0 [SgLow4]:0 [NetMuon1]:570194 [NetMuon2]:575750 [NetMuon3]:614032 [NetMuon4]:614032
[Run]:41197 [Site]:1 [Bin]:14730 [FullTime]:3600 [SkipTime]:0 [Veto1]:731.888 [Veto2]:750.454 [Veto3]:533.248 [Veto4]:533.248 [SgUp1]:57663 [SgUp2]:56856 [SgUp3]:0 [SgUp4]:0 [SgLow1]:57533 [SgLow2]:56717 [SgLow3]:0 [SgLow4]:0 [NetMuon1]:574317 [NetMuon2]:571199 [NetMuon3]:614535 [NetMuon4]:614535
[Run]:41197 [Site]:1 [Bin]:14731 [FullTime]:3600 [SkipTime]:0 [Veto1]:719.228 [Veto2]:750.556 [Veto3]:532.588 [Veto4]:532.588 [SgUp1]:57709 [SgUp2]:57108 [SgUp3]:0 [SgUp4]:0 [SgLow1]:57609 [SgLow2]:57002 [SgLow3]:0 [SgLow4]:0 [NetMuon1]:576555 [NetMuon2]:570233 [NetMuon3]:614081 [NetMuon4]:614081
[Run]:41197 [Site]:1 [Bin]:14732 [FullTime]:3600 [SkipTime]:0 [Veto1]:734.546 [Veto2]:751.297 [Veto3]:532.006 [Veto4]:532.006 [SgUp1]:57381 [SgUp2]:56460 [SgUp3]:0 [SgUp4]:0 [SgLow1]:57264 [SgLow2]:56350 [SgLow3]:0 [SgLow4]:0 [NetMuon1]:573003 [NetMuon2]:569450 [NetMuon3]:613170 [NetMuon4]:613170
[Run]:41197 [Site]:1 [Bin]:14733 [FullTime]:3600 [SkipTime]:0 [Veto1]:706.394 [Veto2]:765.114 [Veto3]:531.843 [Veto4]:531.843 [SgUp1]:58515 [SgUp2]:56532 [SgUp3]:0 [SgUp4]:0 [SgLow1]:58415 [SgLow2]:56436 [SgLow3]:0 [SgLow4]:0 [NetMuon1]:578150 [NetMuon2]:566425 [NetMuon3]:612898 [NetMuon4]:612898
[Run]:41197 [Site]:1 [Bin]:14734 [FullTime]:3600 [SkipTime]:0 [Veto1]:733.857 [Veto2]:769.541 [Veto3]:532.056 [Veto4]:532.056 [SgUp1]:57242 [SgUp2]:56237 [SgUp3]:0 [SgUp4]:0 [SgLow1]:57102 [SgLow2]:56141 [SgLow3]:0 [SgLow4]:0 [NetMuon1]:572897 [NetMuon2]:565723 [NetMuon3]:613399 [NetMuon4]:613399
[Run]:41197 [Site]:1 [Bin]:14735 [FullTime]:3600 [SkipTime]:0 [Veto1]:751.752 [Veto2]:738.149 [Veto3]:533.182 [Veto4]:533.182 [SgUp1]:57317 [SgUp2]:57139 [SgUp3]:0 [SgUp4]:0 [SgLow1]:57210 [SgLow2]:57028 [SgLow3]:0 [SgLow4]:0 [NetMuon1]:571064 [NetMuon2]:573503 [NetMuon3]:614694 [NetMuon4]:614694
[Run]:41197 [Site]:1 [Bin]:14736 [FullTime]:3600 [SkipTime]:0 [Veto1]:729.005 [Veto2]:749.952 [Veto3]:532.879 [Veto4]:532.879 [SgUp1]:57622 [SgUp2]:56644 [SgUp3]:0 [SgUp4]:0 [SgLow1]:57491 [SgLow2]:56528 [SgLow3]:0 [SgLow4]:0 [NetMuon1]:574828 [NetMuon2]:570413 [NetMuon3]:613998 [NetMuon4]:613998
[Run]:41197 [Site]:1 [Bin]:14737 [FullTime]:3600 [SkipTime]:0 [Veto1]:742.44 [Veto2]:768.65 [Veto3]:532.866 [Veto4]:532.866 [SgUp1]:57809 [SgUp2]:56295 [SgUp3]:0 [SgUp4]:0 [SgLow1]:57717 [SgLow2]:56198 [SgLow3]:0 [SgLow4]:0 [NetMuon1]:572570 [NetMuon2]:567119 [NetMuon3]:614270 [NetMuon4]:614270
[Run]:41197 [Site]:1 [Bin]:14738 [FullTime]:3600 [SkipTime]:0 [Veto1]:743.196 [Veto2]:765.096 [Veto3]:532.273 [Veto4]:532.273 [SgUp1]:57346 [SgUp2]:56789 [SgUp3]:0 [SgUp4]:0 [SgLow1]:57223 [SgLow2]:56685 [SgLow3]:0 [SgLow4]:0 [NetMuon1]:571194 [NetMuon2]:566919 [NetMuon3]:613440 [NetMuon4]:613440
[Run]:41197 [Site]:1 [Bin]:14739 [FullTime]:3600 [SkipTime]:0 [Veto1]:743.892 [Veto2]:750.978 [Veto3]:533.064 [Veto4]:533.064 [SgUp1]:57334 [SgUp2]:56564 [SgUp3]:0 [SgUp4]:0 [SgLow1]:57225 [SgLow2]:56464 [SgLow3]:0 [SgLow4]:0 [NetMuon1]:572603 [NetMuon2]:571031 [NetMuon3]:614791 [NetMuon4]:614791
[Run]:41197 [Site]:1 [Bin]:14740 [FullTime]:3600 [SkipTime]:0 [Veto1]:733.615 [Veto2]:764.01 [Veto3]:531.203 [Veto4]:531.203 [SgUp1]:57674 [SgUp2]:56503 [SgUp3]:0 [SgUp4]:0 [SgLow1]:57581 [SgLow2]:56409 [SgLow3]:0 [SgLow4]:0 [NetMuon1]:572184 [NetMuon2]:565803 [NetMuon3]:612376 [NetMuon4]:612376
[Run]:41197 [Site]:1 [Bin]:14741 [FullTime]:3600 [SkipTime]:0 [Veto1]:739.711 [Veto2]:755.065 [Veto3]:531.24 [Veto4]:531.24 [SgUp1]:57491 [SgUp2]:56455 [SgUp3]:0 [SgUp4]:0 [SgLow1]:57379 [SgLow2]:56325 [SgLow3]:0 [SgLow4]:0 [NetMuon1]:570883 [NetMuon2]:567662 [NetMuon3]:612407 [NetMuon4]:612407
[Run]:41197 [Site]:1 [Bin]:14742 [FullTime]:3600 [SkipTime]:0 [Veto1]:726.379 [Veto2]:752.209 [Veto3]:531.312 [Veto4]:531.312 [SgUp1]:57958 [SgUp2]:57054 [SgUp3]:0 [SgUp4]:0 [SgLow1]:57832 [SgLow2]:56926 [SgLow3]:0 [SgLow4]:0 [NetMuon1]:573391 [NetMuon2]:568151 [NetMuon3]:612569 [NetMuon4]:612569
[Run]:41197 [Site]:1 [Bin]:14743 [FullTime]:3600 [SkipTime]:0 [Veto1]:753.962 [Veto2]:741.653 [Veto3]:531.642 [Veto4]:531.642 [SgUp1]:57370 [SgUp2]:56328 [SgUp3]:0 [SgUp4]:0 [SgLow1]:57271 [SgLow2]:56216 [SgLow3]:0 [SgLow4]:0 [NetMuon1]:568570 [NetMuon2]:570724 [NetMuon3]:612949 [NetMuon4]:612949
[Run]:41197 [Site]:1 [Bin]:14744 [FullTime]:2999.36 [SkipTime]:600.642 [Veto1]:624.513 [Veto2]:620.387 [Veto3]:442.565 [Veto4]:442.565 [SgUp1]:47888 [SgUp2]:47055 [SgUp3]:0 [SgUp4]:0 [SgLow1]:47767 [SgLow2]:46965 [SgLow3]:0 [SgLow4]:0 [NetMuon1]:473650 [NetMuon2]:474281 [NetMuon3]:509960 [NetMuon4]:509960
[Run]:41197 [Site]:1 [Bin]:14745 [FullTime]:3600 [SkipTime]:0 [Veto1]:717.639 [Veto2]:749.416 [Veto3]:532.36 [Veto4]:532.36 [SgUp1]:57833 [SgUp2]:56098 [SgUp3]:0 [SgUp4]:0 [SgLow1]:57681 [SgLow2]:55996 [SgLow3]:0 [SgLow4]:0 [NetMuon1]:576528 [NetMuon2]:570442 [NetMuon3]:613698 [NetMuon4]:613698
[Run]:41197 [Site]:1 [Bin]:14746 [FullTime]:3600 [SkipTime]:0 [Veto1]:754.605 [Veto2]:719.246 [Veto3]:531.451 [Veto4]:531.451 [SgUp1]:57130 [SgUp2]:56535 [SgUp3]:0 [SgUp4]:0 [SgLow1]:57027 [SgLow2]:56401 [SgLow3]:0 [SgLow4]:0 [NetMuon1]:567981 [NetMuon2]:575028 [NetMuon3]:612560 [NetMuon4]:612560
[Run]:41197 [Site]:1 [Bin]:14747 [FullTime]:3600 [SkipTime]:0 [Veto1]:751.133 [Veto2]:737.181 [Veto3]:531.61 [Veto4]:531.61 [SgUp1]:57084 [SgUp2]:56655 [SgUp3]:0 [SgUp4]:0 [SgLow1]:56951 [SgLow2]:56546 [SgLow3]:0 [SgLow4]:0 [NetMuon1]:569209 [NetMuon2]:571791 [NetMuon3]:612779 [NetMuon4]:612779
[Run]:41197 [Site]:1 [Bin]:14748 [FullTime]:3600 [SkipTime]:0 [Veto1]:749.636 [Veto2]:763.436 [Veto3]:531.799 [Veto4]:531.799 [SgUp1]:57258 [SgUp2]:55911 [SgUp3]:0 [SgUp4]:0 [SgLow1]:57112 [SgLow2]:55766 [SgLow3]:0 [SgLow4]:0 [NetMuon1]:569445 [NetMuon2]:566802 [NetMuon3]:613185 [NetMuon4]:613185
[Run]:41197 [Site]:1 [Bin]:14749 [FullTime]:3600 [SkipTime]:0 [Veto1]:749.91 [Veto2]:742.37 [Veto3]:531.835 [Veto4]:531.835 [SgUp1]:56456 [SgUp2]:56467 [SgUp3]:0 [SgUp4]:0 [SgLow1]:56354 [SgLow2]:56327 [SgLow3]:0 [SgLow4]:0 [NetMuon1]:569109 [NetMuon2]:571154 [NetMuon3]:612984 [NetMuon4]:612984
[Run]:41197 [Site]:1 [Bin]:14750 [FullTime]:3600 [SkipTime]:0 [Veto1]:736.989 [Veto2]:740.386 [Veto3]:532.469 [Veto4]:532.469 [SgUp1]:57905 [SgUp2]:56470 [SgUp3]:0 [SgUp4]:0 [SgLow1]:57799 [SgLow2]:56343 [SgLow3]:0 [SgLow4]:0 [NetMuon1]:572513 [NetMuon2]:571734 [NetMuon3]:613555 [NetMuon4]:613555
[Run]:41197 [Site]:1 [Bin]:14751 [FullTime]:3600 [SkipTime]:0 [Veto1]:736.803 [Veto2]:749.803 [Veto3]:531.916 [Veto4]:531.916 [SgUp1]:57822 [SgUp2]:56373 [SgUp3]:0 [SgUp4]:0 [SgLow1]:57713 [SgLow2]:56248 [SgLow3]:0 [SgLow4]:0 [NetMuon1]:572585 [NetMuon2]:569982 [NetMuon3]:613383 [NetMuon4]:613383
[Run]:41197 [Site]:1 [Bin]:14752 [FullTime]:3600 [SkipTime]:0 [Veto1]:725.867 [Veto2]:739.572 [Veto3]:531.616 [Veto4]:531.616 [SgUp1]:57593 [SgUp2]:56485 [SgUp3]:0 [SgUp4]:0 [SgLow1]:57467 [SgLow2]:56374 [SgLow3]:0 [SgLow4]:0 [NetMuon1]:574127 [NetMuon2]:571194 [NetMuon3]:612877 [NetMuon4]:612877
[Run]:41197 [Site]:1 [Bin]:14753 [FullTime]:3600 [SkipTime]:0 [Veto1]:729.42 [Veto2]:757.07 [Veto3]:532.857 [Veto4]:532.857 [SgUp1]:57683 [SgUp2]:56369 [SgUp3]:0 [SgUp4]:0 [SgLow1]:57590 [SgLow2]:56248 [SgLow3]:0 [SgLow4]:0 [NetMuon1]:574447 [NetMuon2]:569321 [NetMuon3]:613979 [NetMuon4]:613979
[Run]:41197 [Site]:1 [Bin]:14754 [FullTime]:3600 [SkipTime]:0 [Veto1]:736.809 [Veto2]:750.088 [Veto3]:532.274 [Veto4]:532.274 [SgUp1]:57172 [SgUp2]:56200 [SgUp3]:0 [SgUp4]:0 [SgLow1]:57041 [SgLow2]:56085 [SgLow3]:0 [SgLow4]:0 [NetMuon1]:572716 [NetMuon2]:569747 [NetMuon3]:613536 [NetMuon4]:613536
[Run]:41197 [Site]:1 [Bin]:14755 [FullTime]:3600 [SkipTime]:0 [Veto1]:748.112 [Veto2]:749.319 [Veto3]:532.96 [Veto4]:532.96 [SgUp1]:56757 [SgUp2]:56311 [SgUp3]:0 [SgUp4]:0 [SgLow1]:56647 [SgLow2]:56178 [SgLow3]:0 [SgLow4]:0 [NetMuon1]:570993 [NetMuon2]:570774 [NetMuon3]:614275 [NetMuon4]:614275
[Run]:41197 [Site]:1 [Bin]:14756 [FullTime]:3600 [SkipTime]:0 [Veto1]:728.693 [Veto2]:743.356 [Veto3]:533.866 [Veto4]:533.866 [SgUp1]:56968 [SgUp2]:56445 [SgUp3]:0 [SgUp4]:0 [SgLow1]:56840 [SgLow2]:56340 [SgLow3]:0 [SgLow4]:0 [NetMuon1]:575853 [NetMuon2]:573014 [NetMuon3]:615105 [NetMuon4]:615105
[Run]:41197 [Site]:1 [Bin]:14757 [FullTime]:3600 [SkipTime]:0 [Veto1]:757.782 [Veto2]:767.067 [Veto3]:532.238 [Veto4]:532.238 [SgUp1]:56950 [SgUp2]:55934 [SgUp3]:0 [SgUp4]:0 [SgLow1]:56853 [SgLow2]:55820 [SgLow3]:0 [SgLow4]:0 [NetMuon1]:568511 [NetMuon2]:566622 [NetMuon3]:613623 [NetMuon4]:613623
[Run]:41197 [Site]:1 [Bin]:14758 [FullTime]:3600 [SkipTime]:0 [Veto1]:740.171 [Veto2]:750.923 [Veto3]:531.503 [Veto4]:531.503 [SgUp1]:57393 [SgUp2]:56277 [SgUp3]:0 [SgUp4]:0 [SgLow1]:57268 [SgLow2]:56193 [SgLow3]:0 [SgLow4]:0 [NetMuon1]:571411 [NetMuon2]:569361 [NetMuon3]:612978 [NetMuon4]:612978
[Run]:41197 [Site]:1 [Bin]:14759 [FullTime]:3600 [SkipTime]:0 [Veto1]:726.117 [Veto2]:749.269 [Veto3]:531.841 [Veto4]:531.841 [SgUp1]:57543 [SgUp2]:56252 [SgUp3]:0 [SgUp4]:0 [SgLow1]:57436 [SgLow2]:56153 [SgLow3]:0 [SgLow4]:0 [NetMuon1]:574178 [NetMuon2]:569525 [NetMuon3]:612979 [NetMuon4]:612979
End process Run: 41197 ... 
[Run]:41197 [Site]:1 [Bin]:14760 [FullTime]:3299.2 [SkipTime]:0 [Veto1]:656.751 [Veto2]:677.063 [Veto3]:487.081 [Veto4]:487.081
