StreamChain add 0x1fe247f0
Start to process run: 42927 ... 
[Run]:42927 [Site]:1 [Bin]:16706 [FullTime]:3468.75 [SkipTime]:0 [Veto1]:700.893 [Veto2]:725.509 [Veto3]:511.764 [Veto4]:511.764 [SgUp1]:55586 [SgUp2]:54953 [SgUp3]:0 [SgUp4]:0 [SgLow1]:55512 [SgLow2]:54870 [SgLow3]:0 [SgLow4]:0 [NetMuon1]:552112 [NetMuon2]:547141 [NetMuon3]:589887 [NetMuon4]:589887
[Run]:42927 [Site]:1 [Bin]:16707 [FullTime]:3600 [SkipTime]:0 [Veto1]:731.183 [Veto2]:724.937 [Veto3]:531.727 [Veto4]:531.727 [SgUp1]:57298 [SgUp2]:57130 [SgUp3]:0 [SgUp4]:0 [SgLow1]:57199 [SgLow2]:57038 [SgLow3]:0 [SgLow4]:0 [NetMuon1]:573396 [NetMuon2]:574135 [NetMuon3]:613038 [NetMuon4]:613038
[Run]:42927 [Site]:1 [Bin]:16708 [FullTime]:3600 [SkipTime]:0 [Veto1]:758.024 [Veto2]:743.646 [Veto3]:531.585 [Veto4]:531.585 [SgUp1]:56688 [SgUp2]:56954 [SgUp3]:0 [SgUp4]:0 [SgLow1]:56611 [SgLow2]:56866 [SgLow3]:0 [SgLow4]:0 [NetMuon1]:567838 [NetMuon2]:570358 [NetMuon3]:612846 [NetMuon4]:612846
[Run]:42927 [Site]:1 [Bin]:16709 [FullTime]:3600 [SkipTime]:0 [Veto1]:740.091 [Veto2]:749.709 [Veto3]:530.665 [Veto4]:530.665 [SgUp1]:57417 [SgUp2]:56738 [SgUp3]:0 [SgUp4]:0 [SgLow1]:57344 [SgLow2]:56636 [SgLow3]:0 [SgLow4]:0 [NetMuon1]:570395 [NetMuon2]:567961 [NetMuon3]:611753 [NetMuon4]:611753
[Run]:42927 [Site]:1 [Bin]:16710 [FullTime]:3600 [SkipTime]:0 [Veto1]:748.631 [Veto2]:750.061 [Veto3]:531.302 [Veto4]:531.302 [SgUp1]:56963 [SgUp2]:56981 [SgUp3]:0 [SgUp4]:0 [SgLow1]:56860 [SgLow2]:56893 [SgLow3]:0 [SgLow4]:0 [NetMuon1]:569411 [NetMuon2]:568655 [NetMuon3]:612436 [NetMuon4]:612436
[Run]:42927 [Site]:1 [Bin]:16711 [FullTime]:3600 [SkipTime]:0 [Veto1]:750.596 [Veto2]:757.684 [Veto3]:531.149 [Veto4]:531.149 [SgUp1]:56900 [SgUp2]:56699 [SgUp3]:0 [SgUp4]:0 [SgLow1]:56802 [SgLow2]:56617 [SgLow3]:0 [SgLow4]:0 [NetMuon1]:568689 [NetMuon2]:567218 [NetMuon3]:612454 [NetMuon4]:612454
[Run]:42927 [Site]:1 [Bin]:16712 [FullTime]:3600 [SkipTime]:0 [Veto1]:746.621 [Veto2]:746.753 [Veto3]:531.778 [Veto4]:531.778 [SgUp1]:57254 [SgUp2]:57122 [SgUp3]:0 [SgUp4]:0 [SgLow1]:57171 [SgLow2]:57016 [SgLow3]:0 [SgLow4]:0 [NetMuon1]:570229 [NetMuon2]:569834 [NetMuon3]:612851 [NetMuon4]:612851
[Run]:42927 [Site]:1 [Bin]:16713 [FullTime]:3600 [SkipTime]:0 [Veto1]:725.703 [Veto2]:769.597 [Veto3]:531.04 [Veto4]:531.04 [SgUp1]:57736 [SgUp2]:56967 [SgUp3]:0 [SgUp4]:0 [SgLow1]:57664 [SgLow2]:56870 [SgLow3]:0 [SgLow4]:0 [NetMuon1]:573371 [NetMuon2]:564309 [NetMuon3]:612367 [NetMuon4]:612367
[Run]:42927 [Site]:1 [Bin]:16714 [FullTime]:3600 [SkipTime]:0 [Veto1]:743.165 [Veto2]:742.786 [Veto3]:531.523 [Veto4]:531.523 [SgUp1]:57608 [SgUp2]:57255 [SgUp3]:0 [SgUp4]:0 [SgLow1]:57509 [SgLow2]:57174 [SgLow3]:0 [SgLow4]:0 [NetMuon1]:570268 [NetMuon2]:570389 [NetMuon3]:612497 [NetMuon4]:612497
[Run]:42927 [Site]:1 [Bin]:16715 [FullTime]:3600 [SkipTime]:0 [Veto1]:741.031 [Veto2]:779.842 [Veto3]:530.682 [Veto4]:530.682 [SgUp1]:57692 [SgUp2]:55988 [SgUp3]:0 [SgUp4]:0 [SgLow1]:57605 [SgLow2]:55914 [SgLow3]:0 [SgLow4]:0 [NetMuon1]:570239 [NetMuon2]:562410 [NetMuon3]:612192 [NetMuon4]:612192
[Run]:42927 [Site]:1 [Bin]:16716 [FullTime]:3600 [SkipTime]:0 [Veto1]:730.718 [Veto2]:770.32 [Veto3]:531.136 [Veto4]:531.136 [SgUp1]:57605 [SgUp2]:56734 [SgUp3]:0 [SgUp4]:0 [SgLow1]:57500 [SgLow2]:56659 [SgLow3]:0 [SgLow4]:0 [NetMuon1]:572792 [NetMuon2]:564455 [NetMuon3]:612401 [NetMuon4]:612401
[Run]:42927 [Site]:1 [Bin]:16717 [FullTime]:3600 [SkipTime]:0 [Veto1]:719.79 [Veto2]:724.817 [Veto3]:531.059 [Veto4]:531.059 [SgUp1]:57980 [SgUp2]:57276 [SgUp3]:0 [SgUp4]:0 [SgLow1]:57910 [SgLow2]:57205 [SgLow3]:0 [SgLow4]:0 [NetMuon1]:574066 [NetMuon2]:573370 [NetMuon3]:611887 [NetMuon4]:611887
[Run]:42927 [Site]:1 [Bin]:16718 [FullTime]:3600 [SkipTime]:0 [Veto1]:727.168 [Veto2]:766.803 [Veto3]:529.944 [Veto4]:529.944 [SgUp1]:57449 [SgUp2]:56711 [SgUp3]:0 [SgUp4]:0 [SgLow1]:57368 [SgLow2]:56628 [SgLow3]:0 [SgLow4]:0 [NetMuon1]:571664 [NetMuon2]:564060 [NetMuon3]:611117 [NetMuon4]:611117
[Run]:42927 [Site]:1 [Bin]:16719 [FullTime]:3600 [SkipTime]:0 [Veto1]:731.078 [Veto2]:736.774 [Veto3]:531.703 [Veto4]:531.703 [SgUp1]:57833 [SgUp2]:57505 [SgUp3]:0 [SgUp4]:0 [SgLow1]:57739 [SgLow2]:57417 [SgLow3]:0 [SgLow4]:0 [NetMuon1]:573624 [NetMuon2]:571861 [NetMuon3]:612965 [NetMuon4]:612965
[Run]:42927 [Site]:1 [Bin]:16720 [FullTime]:3600 [SkipTime]:0 [Veto1]:726.974 [Veto2]:756.345 [Veto3]:531.286 [Veto4]:531.286 [SgUp1]:57651 [SgUp2]:57211 [SgUp3]:0 [SgUp4]:0 [SgLow1]:57554 [SgLow2]:57144 [SgLow3]:0 [SgLow4]:0 [NetMuon1]:573856 [NetMuon2]:567737 [NetMuon3]:612627 [NetMuon4]:612627
[Run]:42927 [Site]:1 [Bin]:16721 [FullTime]:3600 [SkipTime]:0 [Veto1]:739.224 [Veto2]:763.307 [Veto3]:531.415 [Veto4]:531.415 [SgUp1]:57483 [SgUp2]:57037 [SgUp3]:0 [SgUp4]:0 [SgLow1]:57401 [SgLow2]:56952 [SgLow3]:0 [SgLow4]:0 [NetMuon1]:571175 [NetMuon2]:566603 [NetMuon3]:612826 [NetMuon4]:612826
[Run]:42927 [Site]:1 [Bin]:16722 [FullTime]:3600 [SkipTime]:0 [Veto1]:754.922 [Veto2]:761.809 [Veto3]:530.741 [Veto4]:530.741 [SgUp1]:57381 [SgUp2]:56803 [SgUp3]:0 [SgUp4]:0 [SgLow1]:57329 [SgLow2]:56688 [SgLow3]:0 [SgLow4]:0 [NetMuon1]:567520 [NetMuon2]:565695 [NetMuon3]:611862 [NetMuon4]:611862
[Run]:42927 [Site]:1 [Bin]:16723 [FullTime]:3600 [SkipTime]:0 [Veto1]:729.524 [Veto2]:731.366 [Veto3]:530.882 [Veto4]:530.882 [SgUp1]:57439 [SgUp2]:57505 [SgUp3]:0 [SgUp4]:0 [SgLow1]:57348 [SgLow2]:57424 [SgLow3]:0 [SgLow4]:0 [NetMuon1]:572014 [NetMuon2]:571453 [NetMuon3]:611704 [NetMuon4]:611704
[Run]:42927 [Site]:1 [Bin]:16724 [FullTime]:3600 [SkipTime]:0 [Veto1]:719.182 [Veto2]:747.469 [Veto3]:531.314 [Veto4]:531.314 [SgUp1]:57738 [SgUp2]:57287 [SgUp3]:0 [SgUp4]:0 [SgLow1]:57624 [SgLow2]:57210 [SgLow3]:0 [SgLow4]:0 [NetMuon1]:575093 [NetMuon2]:569597 [NetMuon3]:612470 [NetMuon4]:612470
[Run]:42927 [Site]:1 [Bin]:16725 [FullTime]:3600 [SkipTime]:0 [Veto1]:726.125 [Veto2]:740.792 [Veto3]:530.508 [Veto4]:530.508 [SgUp1]:57979 [SgUp2]:57162 [SgUp3]:0 [SgUp4]:0 [SgLow1]:57909 [SgLow2]:57108 [SgLow3]:0 [SgLow4]:0 [NetMuon1]:572953 [NetMuon2]:569494 [NetMuon3]:611630 [NetMuon4]:611630
[Run]:42927 [Site]:1 [Bin]:16726 [FullTime]:3600 [SkipTime]:0 [Veto1]:720.73 [Veto2]:747.477 [Veto3]:531.313 [Veto4]:531.313 [SgUp1]:57636 [SgUp2]:56872 [SgUp3]:0 [SgUp4]:0 [SgLow1]:57542 [SgLow2]:56807 [SgLow3]:0 [SgLow4]:0 [NetMuon1]:574848 [NetMuon2]:569466 [NetMuon3]:612648 [NetMuon4]:612648
[Run]:42927 [Site]:1 [Bin]:16727 [FullTime]:3600 [SkipTime]:0 [Veto1]:750.953 [Veto2]:745.562 [Veto3]:529.5 [Veto4]:529.5 [SgUp1]:56929 [SgUp2]:57240 [SgUp3]:0 [SgUp4]:0 [SgLow1]:56844 [SgLow2]:57152 [SgLow3]:0 [SgLow4]:0 [NetMuon1]:565991 [NetMuon2]:567135 [NetMuon3]:610010 [NetMuon4]:610010
End process Run: 42927 ... 
[Run]:42927 [Site]:1 [Bin]:16728 [FullTime]:3584.38 [SkipTime]:0 [Veto1]:732.309 [Veto2]:735.997 [Veto3]:528.097 [Veto4]:528.097
