StreamChain add 0x1e3397f0
Start to process run: 42433 ... 
[Run]:42433 [Site]:1 [Bin]:16275 [FullTime]:683.67 [SkipTime]:0 [Veto1]:138.939 [Veto2]:138.804 [Veto3]:100.441 [Veto4]:100.441 [SgUp1]:11037 [SgUp2]:10926 [SgUp3]:0 [SgUp4]:0 [SgLow1]:11021 [SgLow2]:10899 [SgLow3]:0 [SgLow4]:0 [NetMuon1]:108154 [NetMuon2]:108400 [NetMuon3]:115884 [NetMuon4]:115884
[Run]:42433 [Site]:1 [Bin]:16276 [FullTime]:3600 [SkipTime]:0 [Veto1]:734.808 [Veto2]:720.499 [Veto3]:530.844 [Veto4]:530.844 [SgUp1]:57687 [SgUp2]:57884 [SgUp3]:0 [SgUp4]:0 [SgLow1]:57601 [SgLow2]:57799 [SgLow3]:0 [SgLow4]:0 [NetMuon1]:571508 [NetMuon2]:574108 [NetMuon3]:612071 [NetMuon4]:612071
[Run]:42433 [Site]:1 [Bin]:16277 [FullTime]:3600 [SkipTime]:0 [Veto1]:729.002 [Veto2]:748.61 [Veto3]:530.145 [Veto4]:530.145 [SgUp1]:57571 [SgUp2]:57131 [SgUp3]:0 [SgUp4]:0 [SgLow1]:57485 [SgLow2]:57062 [SgLow3]:0 [SgLow4]:0 [NetMuon1]:571757 [NetMuon2]:567794 [NetMuon3]:611275 [NetMuon4]:611275
[Run]:42433 [Site]:1 [Bin]:16278 [FullTime]:3600 [SkipTime]:0 [Veto1]:719.486 [Veto2]:744.211 [Veto3]:529.385 [Veto4]:529.385 [SgUp1]:57854 [SgUp2]:56498 [SgUp3]:0 [SgUp4]:0 [SgLow1]:57764 [SgLow2]:56421 [SgLow3]:0 [SgLow4]:0 [NetMuon1]:572927 [NetMuon2]:567891 [NetMuon3]:610665 [NetMuon4]:610665
[Run]:42433 [Site]:1 [Bin]:16279 [FullTime]:3600 [SkipTime]:0 [Veto1]:735.071 [Veto2]:753.06 [Veto3]:530.473 [Veto4]:530.473 [SgUp1]:57639 [SgUp2]:57013 [SgUp3]:0 [SgUp4]:0 [SgLow1]:57560 [SgLow2]:56933 [SgLow3]:0 [SgLow4]:0 [NetMuon1]:571244 [NetMuon2]:567408 [NetMuon3]:611645 [NetMuon4]:611645
[Run]:42433 [Site]:1 [Bin]:16280 [FullTime]:3600 [SkipTime]:0 [Veto1]:729.176 [Veto2]:737.422 [Veto3]:529.904 [Veto4]:529.904 [SgUp1]:57479 [SgUp2]:56794 [SgUp3]:0 [SgUp4]:0 [SgLow1]:57408 [SgLow2]:56724 [SgLow3]:0 [SgLow4]:0 [NetMuon1]:571163 [NetMuon2]:569879 [NetMuon3]:610891 [NetMuon4]:610891
[Run]:42433 [Site]:1 [Bin]:16281 [FullTime]:3600 [SkipTime]:0 [Veto1]:760.372 [Veto2]:723.846 [Veto3]:531.754 [Veto4]:531.754 [SgUp1]:57138 [SgUp2]:56995 [SgUp3]:0 [SgUp4]:0 [SgLow1]:57075 [SgLow2]:56940 [SgLow3]:0 [SgLow4]:0 [NetMuon1]:567368 [NetMuon2]:574586 [NetMuon3]:613208 [NetMuon4]:613208
[Run]:42433 [Site]:1 [Bin]:16282 [FullTime]:3600 [SkipTime]:0 [Veto1]:748.638 [Veto2]:751.446 [Veto3]:530.023 [Veto4]:530.023 [SgUp1]:57543 [SgUp2]:56787 [SgUp3]:0 [SgUp4]:0 [SgLow1]:57450 [SgLow2]:56712 [SgLow3]:0 [SgLow4]:0 [NetMuon1]:568023 [NetMuon2]:567006 [NetMuon3]:611425 [NetMuon4]:611425
[Run]:42433 [Site]:1 [Bin]:16283 [FullTime]:3600 [SkipTime]:0 [Veto1]:721.287 [Veto2]:758.835 [Veto3]:530.696 [Veto4]:530.696 [SgUp1]:57596 [SgUp2]:56269 [SgUp3]:0 [SgUp4]:0 [SgLow1]:57531 [SgLow2]:56202 [SgLow3]:0 [SgLow4]:0 [NetMuon1]:573954 [NetMuon2]:566349 [NetMuon3]:611861 [NetMuon4]:611861
[Run]:42433 [Site]:1 [Bin]:16284 [FullTime]:3600 [SkipTime]:0 [Veto1]:754.126 [Veto2]:724.44 [Veto3]:531.231 [Veto4]:531.231 [SgUp1]:56921 [SgUp2]:57193 [SgUp3]:0 [SgUp4]:0 [SgLow1]:56839 [SgLow2]:57111 [SgLow3]:0 [SgLow4]:0 [NetMuon1]:568531 [NetMuon2]:574358 [NetMuon3]:612677 [NetMuon4]:612677
[Run]:42433 [Site]:1 [Bin]:16285 [FullTime]:3600 [SkipTime]:0 [Veto1]:736.236 [Veto2]:743.722 [Veto3]:530.578 [Veto4]:530.578 [SgUp1]:57501 [SgUp2]:56763 [SgUp3]:0 [SgUp4]:0 [SgLow1]:57414 [SgLow2]:56652 [SgLow3]:0 [SgLow4]:0 [NetMuon1]:570855 [NetMuon2]:569258 [NetMuon3]:611773 [NetMuon4]:611773
[Run]:42433 [Site]:1 [Bin]:16286 [FullTime]:3600 [SkipTime]:0 [Veto1]:743.007 [Veto2]:772.289 [Veto3]:530.913 [Veto4]:530.913 [SgUp1]:57459 [SgUp2]:56078 [SgUp3]:0 [SgUp4]:0 [SgLow1]:57380 [SgLow2]:55995 [SgLow3]:0 [SgLow4]:0 [NetMuon1]:569454 [NetMuon2]:564206 [NetMuon3]:612236 [NetMuon4]:612236
[Run]:42433 [Site]:1 [Bin]:16287 [FullTime]:3600 [SkipTime]:0 [Veto1]:734.343 [Veto2]:742.897 [Veto3]:531.324 [Veto4]:531.324 [SgUp1]:57753 [SgUp2]:56867 [SgUp3]:0 [SgUp4]:0 [SgLow1]:57684 [SgLow2]:56759 [SgLow3]:0 [SgLow4]:0 [NetMuon1]:571688 [NetMuon2]:570173 [NetMuon3]:612435 [NetMuon4]:612435
[Run]:42433 [Site]:1 [Bin]:16288 [FullTime]:3600 [SkipTime]:0 [Veto1]:735.891 [Veto2]:757.26 [Veto3]:531.137 [Veto4]:531.137 [SgUp1]:57393 [SgUp2]:56506 [SgUp3]:0 [SgUp4]:0 [SgLow1]:57324 [SgLow2]:56438 [SgLow3]:0 [SgLow4]:0 [NetMuon1]:571608 [NetMuon2]:567285 [NetMuon3]:612552 [NetMuon4]:612552
[Run]:42433 [Site]:1 [Bin]:16289 [FullTime]:3600 [SkipTime]:0 [Veto1]:745.602 [Veto2]:728.007 [Veto3]:531.004 [Veto4]:531.004 [SgUp1]:57195 [SgUp2]:57361 [SgUp3]:0 [SgUp4]:0 [SgLow1]:57110 [SgLow2]:57274 [SgLow3]:0 [SgLow4]:0 [NetMuon1]:569387 [NetMuon2]:573001 [NetMuon3]:612112 [NetMuon4]:612112
[Run]:42433 [Site]:1 [Bin]:16290 [FullTime]:3600 [SkipTime]:0 [Veto1]:737.249 [Veto2]:748.342 [Veto3]:531.286 [Veto4]:531.286 [SgUp1]:57369 [SgUp2]:56877 [SgUp3]:0 [SgUp4]:0 [SgLow1]:57288 [SgLow2]:56813 [SgLow3]:0 [SgLow4]:0 [NetMuon1]:570934 [NetMuon2]:568750 [NetMuon3]:612342 [NetMuon4]:612342
[Run]:42433 [Site]:1 [Bin]:16291 [FullTime]:3600 [SkipTime]:0 [Veto1]:730.641 [Veto2]:744.277 [Veto3]:530.692 [Veto4]:530.692 [SgUp1]:57694 [SgUp2]:56569 [SgUp3]:0 [SgUp4]:0 [SgLow1]:57594 [SgLow2]:56493 [SgLow3]:0 [SgLow4]:0 [NetMuon1]:572038 [NetMuon2]:569376 [NetMuon3]:611831 [NetMuon4]:611831
[Run]:42433 [Site]:1 [Bin]:16292 [FullTime]:3600 [SkipTime]:0 [Veto1]:733.199 [Veto2]:742.295 [Veto3]:530.632 [Veto4]:530.632 [SgUp1]:56947 [SgUp2]:56878 [SgUp3]:0 [SgUp4]:0 [SgLow1]:56862 [SgLow2]:56779 [SgLow3]:0 [SgLow4]:0 [NetMuon1]:571593 [NetMuon2]:569645 [NetMuon3]:612029 [NetMuon4]:612029
[Run]:42433 [Site]:1 [Bin]:16293 [FullTime]:3600 [SkipTime]:0 [Veto1]:728.965 [Veto2]:742.147 [Veto3]:530.832 [Veto4]:530.832 [SgUp1]:57005 [SgUp2]:56744 [SgUp3]:0 [SgUp4]:0 [SgLow1]:56920 [SgLow2]:56637 [SgLow3]:0 [SgLow4]:0 [NetMuon1]:572802 [NetMuon2]:569846 [NetMuon3]:612104 [NetMuon4]:612104
[Run]:42433 [Site]:1 [Bin]:16294 [FullTime]:3600 [SkipTime]:0 [Veto1]:740.485 [Veto2]:744.137 [Veto3]:531.572 [Veto4]:531.572 [SgUp1]:57382 [SgUp2]:56772 [SgUp3]:0 [SgUp4]:0 [SgLow1]:57287 [SgLow2]:56705 [SgLow3]:0 [SgLow4]:0 [NetMuon1]:571269 [NetMuon2]:570394 [NetMuon3]:613016 [NetMuon4]:613016
[Run]:42433 [Site]:1 [Bin]:16295 [FullTime]:3600 [SkipTime]:0 [Veto1]:749.111 [Veto2]:725.808 [Veto3]:531.545 [Veto4]:531.545 [SgUp1]:57134 [SgUp2]:57502 [SgUp3]:0 [SgUp4]:0 [SgLow1]:57055 [SgLow2]:57438 [SgLow3]:0 [SgLow4]:0 [NetMuon1]:569467 [NetMuon2]:574044 [NetMuon3]:612684 [NetMuon4]:612684
[Run]:42433 [Site]:1 [Bin]:16296 [FullTime]:3600 [SkipTime]:0 [Veto1]:744.357 [Veto2]:748.429 [Veto3]:530.53 [Veto4]:530.53 [SgUp1]:57013 [SgUp2]:56657 [SgUp3]:0 [SgUp4]:0 [SgLow1]:56930 [SgLow2]:56583 [SgLow3]:0 [SgLow4]:0 [NetMuon1]:568808 [NetMuon2]:568404 [NetMuon3]:611678 [NetMuon4]:611678
[Run]:42433 [Site]:1 [Bin]:16297 [FullTime]:3600 [SkipTime]:0 [Veto1]:721.425 [Veto2]:746.136 [Veto3]:530.247 [Veto4]:530.247 [SgUp1]:57452 [SgUp2]:57073 [SgUp3]:0 [SgUp4]:0 [SgLow1]:57364 [SgLow2]:56983 [SgLow3]:0 [SgLow4]:0 [NetMuon1]:572844 [NetMuon2]:568188 [NetMuon3]:611197 [NetMuon4]:611197
[Run]:42433 [Site]:1 [Bin]:16298 [FullTime]:3600 [SkipTime]:0 [Veto1]:758.286 [Veto2]:751.384 [Veto3]:531.435 [Veto4]:531.435 [SgUp1]:56560 [SgUp2]:56252 [SgUp3]:0 [SgUp4]:0 [SgLow1]:56473 [SgLow2]:56168 [SgLow3]:0 [SgLow4]:0 [NetMuon1]:567766 [NetMuon2]:568452 [NetMuon3]:612740 [NetMuon4]:612740
[Run]:42433 [Site]:1 [Bin]:16299 [FullTime]:3600 [SkipTime]:0 [Veto1]:730.173 [Veto2]:742.341 [Veto3]:530.264 [Veto4]:530.264 [SgUp1]:57434 [SgUp2]:56222 [SgUp3]:0 [SgUp4]:0 [SgLow1]:57336 [SgLow2]:56148 [SgLow3]:0 [SgLow4]:0 [NetMuon1]:571731 [NetMuon2]:569318 [NetMuon3]:611529 [NetMuon4]:611529
[Run]:42433 [Site]:1 [Bin]:16300 [FullTime]:3600 [SkipTime]:0 [Veto1]:739.418 [Veto2]:760.819 [Veto3]:530.918 [Veto4]:530.918 [SgUp1]:57250 [SgUp2]:56496 [SgUp3]:0 [SgUp4]:0 [SgLow1]:57159 [SgLow2]:56409 [SgLow3]:0 [SgLow4]:0 [NetMuon1]:570218 [NetMuon2]:566270 [NetMuon3]:611839 [NetMuon4]:611839
[Run]:42433 [Site]:1 [Bin]:16301 [FullTime]:3600 [SkipTime]:0 [Veto1]:738.151 [Veto2]:745.51 [Veto3]:531.113 [Veto4]:531.113 [SgUp1]:56844 [SgUp2]:56663 [SgUp3]:0 [SgUp4]:0 [SgLow1]:56754 [SgLow2]:56591 [SgLow3]:0 [SgLow4]:0 [NetMuon1]:571407 [NetMuon2]:569367 [NetMuon3]:612326 [NetMuon4]:612326
[Run]:42433 [Site]:1 [Bin]:16302 [FullTime]:3600 [SkipTime]:0 [Veto1]:743.005 [Veto2]:749.366 [Veto3]:531.187 [Veto4]:531.187 [SgUp1]:56906 [SgUp2]:56648 [SgUp3]:0 [SgUp4]:0 [SgLow1]:56835 [SgLow2]:56558 [SgLow3]:0 [SgLow4]:0 [NetMuon1]:569920 [NetMuon2]:568561 [NetMuon3]:612424 [NetMuon4]:612424
[Run]:42433 [Site]:1 [Bin]:16303 [FullTime]:3600 [SkipTime]:0 [Veto1]:745.418 [Veto2]:746.094 [Veto3]:530.559 [Veto4]:530.559 [SgUp1]:58064 [SgUp2]:56908 [SgUp3]:0 [SgUp4]:0 [SgLow1]:57989 [SgLow2]:56825 [SgLow3]:0 [SgLow4]:0 [NetMuon1]:569412 [NetMuon2]:568900 [NetMuon3]:611823 [NetMuon4]:611823
[Run]:42433 [Site]:1 [Bin]:16304 [FullTime]:3600 [SkipTime]:0 [Veto1]:739.484 [Veto2]:738.683 [Veto3]:530.746 [Veto4]:530.746 [SgUp1]:57571 [SgUp2]:56711 [SgUp3]:0 [SgUp4]:0 [SgLow1]:57498 [SgLow2]:56632 [SgLow3]:0 [SgLow4]:0 [NetMuon1]:570755 [NetMuon2]:570835 [NetMuon3]:612350 [NetMuon4]:612350
[Run]:42433 [Site]:1 [Bin]:16305 [FullTime]:3600 [SkipTime]:0 [Veto1]:733.058 [Veto2]:746.479 [Veto3]:530.969 [Veto4]:530.969 [SgUp1]:57814 [SgUp2]:56554 [SgUp3]:0 [SgUp4]:0 [SgLow1]:57711 [SgLow2]:56457 [SgLow3]:0 [SgLow4]:0 [NetMuon1]:571695 [NetMuon2]:569606 [NetMuon3]:612300 [NetMuon4]:612300
[Run]:42433 [Site]:1 [Bin]:16306 [FullTime]:3600 [SkipTime]:0 [Veto1]:732.157 [Veto2]:730.572 [Veto3]:531.289 [Veto4]:531.289 [SgUp1]:58082 [SgUp2]:57718 [SgUp3]:0 [SgUp4]:0 [SgLow1]:57998 [SgLow2]:57642 [SgLow3]:0 [SgLow4]:0 [NetMuon1]:572173 [NetMuon2]:572848 [NetMuon3]:612586 [NetMuon4]:612586
[Run]:42433 [Site]:1 [Bin]:16307 [FullTime]:3600 [SkipTime]:0 [Veto1]:730.94 [Veto2]:760.194 [Veto3]:530.916 [Veto4]:530.916 [SgUp1]:57648 [SgUp2]:56548 [SgUp3]:0 [SgUp4]:0 [SgLow1]:57561 [SgLow2]:56458 [SgLow3]:0 [SgLow4]:0 [NetMuon1]:572306 [NetMuon2]:566335 [NetMuon3]:612280 [NetMuon4]:612280
[Run]:42433 [Site]:1 [Bin]:16308 [FullTime]:3600 [SkipTime]:0 [Veto1]:721.944 [Veto2]:746.851 [Veto3]:531.008 [Veto4]:531.008 [SgUp1]:57859 [SgUp2]:56685 [SgUp3]:0 [SgUp4]:0 [SgLow1]:57772 [SgLow2]:56615 [SgLow3]:0 [SgLow4]:0 [NetMuon1]:573857 [NetMuon2]:569416 [NetMuon3]:612164 [NetMuon4]:612164
[Run]:42433 [Site]:1 [Bin]:16309 [FullTime]:3600 [SkipTime]:0 [Veto1]:738.326 [Veto2]:749.051 [Veto3]:530.965 [Veto4]:530.965 [SgUp1]:57762 [SgUp2]:56811 [SgUp3]:0 [SgUp4]:0 [SgLow1]:57654 [SgLow2]:56700 [SgLow3]:0 [SgLow4]:0 [NetMuon1]:571009 [NetMuon2]:568763 [NetMuon3]:612203 [NetMuon4]:612203
[Run]:42433 [Site]:1 [Bin]:16310 [FullTime]:3600 [SkipTime]:0 [Veto1]:747.921 [Veto2]:721.523 [Veto3]:531.51 [Veto4]:531.51 [SgUp1]:57491 [SgUp2]:57197 [SgUp3]:0 [SgUp4]:0 [SgLow1]:57424 [SgLow2]:57119 [SgLow3]:0 [SgLow4]:0 [NetMuon1]:569310 [NetMuon2]:574475 [NetMuon3]:612704 [NetMuon4]:612704
[Run]:42433 [Site]:1 [Bin]:16311 [FullTime]:3600 [SkipTime]:0 [Veto1]:742.283 [Veto2]:734.556 [Veto3]:531.171 [Veto4]:531.171 [SgUp1]:57525 [SgUp2]:57410 [SgUp3]:0 [SgUp4]:0 [SgLow1]:57449 [SgLow2]:57332 [SgLow3]:0 [SgLow4]:0 [NetMuon1]:569954 [NetMuon2]:571585 [NetMuon3]:612263 [NetMuon4]:612263
[Run]:42433 [Site]:1 [Bin]:16312 [FullTime]:3600 [SkipTime]:0 [Veto1]:751.603 [Veto2]:728.58 [Veto3]:531.786 [Veto4]:531.786 [SgUp1]:57208 [SgUp2]:56597 [SgUp3]:0 [SgUp4]:0 [SgLow1]:57140 [SgLow2]:56502 [SgLow3]:0 [SgLow4]:0 [NetMuon1]:569131 [NetMuon2]:573828 [NetMuon3]:613037 [NetMuon4]:613037
[Run]:42433 [Site]:1 [Bin]:16313 [FullTime]:3600 [SkipTime]:0 [Veto1]:730.904 [Veto2]:745.074 [Veto3]:531.186 [Veto4]:531.186 [SgUp1]:57597 [SgUp2]:56586 [SgUp3]:0 [SgUp4]:0 [SgLow1]:57522 [SgLow2]:56481 [SgLow3]:0 [SgLow4]:0 [NetMuon1]:572664 [NetMuon2]:570111 [NetMuon3]:612591 [NetMuon4]:612591
[Run]:42433 [Site]:1 [Bin]:16314 [FullTime]:3600 [SkipTime]:0 [Veto1]:741.941 [Veto2]:741.064 [Veto3]:531.494 [Veto4]:531.494 [SgUp1]:57172 [SgUp2]:57120 [SgUp3]:0 [SgUp4]:0 [SgLow1]:57088 [SgLow2]:57069 [SgLow3]:0 [SgLow4]:0 [NetMuon1]:571060 [NetMuon2]:570780 [NetMuon3]:612803 [NetMuon4]:612803
[Run]:42433 [Site]:1 [Bin]:16315 [FullTime]:3600 [SkipTime]:0 [Veto1]:731.15 [Veto2]:745.218 [Veto3]:530.266 [Veto4]:530.266 [SgUp1]:57556 [SgUp2]:56152 [SgUp3]:0 [SgUp4]:0 [SgLow1]:57447 [SgLow2]:56084 [SgLow3]:0 [SgLow4]:0 [NetMuon1]:571455 [NetMuon2]:568696 [NetMuon3]:611255 [NetMuon4]:611255
[Run]:42433 [Site]:1 [Bin]:16316 [FullTime]:3600 [SkipTime]:0 [Veto1]:749.528 [Veto2]:758.872 [Veto3]:531.042 [Veto4]:531.042 [SgUp1]:56780 [SgUp2]:57157 [SgUp3]:0 [SgUp4]:0 [SgLow1]:56706 [SgLow2]:57085 [SgLow3]:0 [SgLow4]:0 [NetMuon1]:568321 [NetMuon2]:566579 [NetMuon3]:612004 [NetMuon4]:612004
[Run]:42433 [Site]:1 [Bin]:16317 [FullTime]:3600 [SkipTime]:0 [Veto1]:744.301 [Veto2]:739.898 [Veto3]:532.432 [Veto4]:532.432 [SgUp1]:57460 [SgUp2]:57069 [SgUp3]:0 [SgUp4]:0 [SgLow1]:57380 [SgLow2]:56998 [SgLow3]:0 [SgLow4]:0 [NetMuon1]:571436 [NetMuon2]:572527 [NetMuon3]:613727 [NetMuon4]:613727
[Run]:42433 [Site]:1 [Bin]:16318 [FullTime]:3600.01 [SkipTime]:0 [Veto1]:740.379 [Veto2]:766.05 [Veto3]:530.834 [Veto4]:530.834 [SgUp1]:57275 [SgUp2]:56563 [SgUp3]:0 [SgUp4]:0 [SgLow1]:57195 [SgLow2]:56509 [SgLow3]:0 [SgLow4]:0 [NetMuon1]:570494 [NetMuon2]:565403 [NetMuon3]:612151 [NetMuon4]:612151
[Run]:42433 [Site]:1 [Bin]:16319 [FullTime]:3600 [SkipTime]:0 [Veto1]:734.677 [Veto2]:720.245 [Veto3]:531.242 [Veto4]:531.242 [SgUp1]:57371 [SgUp2]:57252 [SgUp3]:0 [SgUp4]:0 [SgLow1]:57279 [SgLow2]:57162 [SgLow3]:0 [SgLow4]:0 [NetMuon1]:571505 [NetMuon2]:574430 [NetMuon3]:612267 [NetMuon4]:612267
[Run]:42433 [Site]:1 [Bin]:16321 [FullTime]:3081.15 [SkipTime]:0 [Veto1]:636.17 [Veto2]:630.121 [Veto3]:453.896 [Veto4]:453.896 [SgUp1]:49100 [SgUp2]:48662 [SgUp3]:0 [SgUp4]:0 [SgLow1]:49006 [SgLow2]:48574 [SgLow3]:0 [SgLow4]:0 [NetMuon1]:487041 [NetMuon2]:487912 [NetMuon3]:523280 [NetMuon4]:523280
[Run]:42433 [Site]:1 [Bin]:16322 [FullTime]:3600 [SkipTime]:0 [Veto1]:751.156 [Veto2]:746.131 [Veto3]:530.559 [Veto4]:530.559 [SgUp1]:57055 [SgUp2]:56726 [SgUp3]:0 [SgUp4]:0 [SgLow1]:56968 [SgLow2]:56647 [SgLow3]:0 [SgLow4]:0 [NetMuon1]:567677 [NetMuon2]:568441 [NetMuon3]:611490 [NetMuon4]:611490
[Run]:42433 [Site]:1 [Bin]:16323 [FullTime]:3600 [SkipTime]:0 [Veto1]:737.963 [Veto2]:750.642 [Veto3]:531.21 [Veto4]:531.21 [SgUp1]:57054 [SgUp2]:57025 [SgUp3]:0 [SgUp4]:0 [SgLow1]:56986 [SgLow2]:56956 [SgLow3]:0 [SgLow4]:0 [NetMuon1]:571694 [NetMuon2]:568894 [NetMuon3]:612684 [NetMuon4]:612684
[Run]:42433 [Site]:1 [Bin]:16324 [FullTime]:3600 [SkipTime]:0 [Veto1]:736.723 [Veto2]:745.665 [Veto3]:530.664 [Veto4]:530.664 [SgUp1]:57069 [SgUp2]:56870 [SgUp3]:0 [SgUp4]:0 [SgLow1]:56976 [SgLow2]:56795 [SgLow3]:0 [SgLow4]:0 [NetMuon1]:570613 [NetMuon2]:568480 [NetMuon3]:611926 [NetMuon4]:611926
[Run]:42433 [Site]:1 [Bin]:16325 [FullTime]:3600 [SkipTime]:0 [Veto1]:735.214 [Veto2]:719.969 [Veto3]:531.434 [Veto4]:531.434 [SgUp1]:57439 [SgUp2]:57441 [SgUp3]:0 [SgUp4]:0 [SgLow1]:57350 [SgLow2]:57387 [SgLow3]:0 [SgLow4]:0 [NetMuon1]:571742 [NetMuon2]:575065 [NetMuon3]:612598 [NetMuon4]:612598
[Run]:42433 [Site]:1 [Bin]:16326 [FullTime]:3600 [SkipTime]:0 [Veto1]:750.597 [Veto2]:740.048 [Veto3]:530.829 [Veto4]:530.829 [SgUp1]:57088 [SgUp2]:57208 [SgUp3]:0 [SgUp4]:0 [SgLow1]:57004 [SgLow2]:57119 [SgLow3]:0 [SgLow4]:0 [NetMuon1]:568105 [NetMuon2]:569929 [NetMuon3]:611922 [NetMuon4]:611922
[Run]:42433 [Site]:1 [Bin]:16327 [FullTime]:3600 [SkipTime]:0 [Veto1]:729.885 [Veto2]:776.483 [Veto3]:530.568 [Veto4]:530.568 [SgUp1]:56932 [SgUp2]:56118 [SgUp3]:0 [SgUp4]:0 [SgLow1]:56829 [SgLow2]:56047 [SgLow3]:0 [SgLow4]:0 [NetMuon1]:571779 [NetMuon2]:562570 [NetMuon3]:611548 [NetMuon4]:611548
[Run]:42433 [Site]:1 [Bin]:16328 [FullTime]:3600 [SkipTime]:0 [Veto1]:748.538 [Veto2]:748.639 [Veto3]:530.922 [Veto4]:530.922 [SgUp1]:57126 [SgUp2]:56343 [SgUp3]:0 [SgUp4]:0 [SgLow1]:57036 [SgLow2]:56262 [SgLow3]:0 [SgLow4]:0 [NetMuon1]:568681 [NetMuon2]:568417 [NetMuon3]:611987 [NetMuon4]:611987
[Run]:42433 [Site]:1 [Bin]:16329 [FullTime]:3600 [SkipTime]:0 [Veto1]:747.733 [Veto2]:732.102 [Veto3]:530.631 [Veto4]:530.631 [SgUp1]:57381 [SgUp2]:57161 [SgUp3]:0 [SgUp4]:0 [SgLow1]:57296 [SgLow2]:57076 [SgLow3]:0 [SgLow4]:0 [NetMuon1]:568235 [NetMuon2]:571408 [NetMuon3]:611694 [NetMuon4]:611694
[Run]:42433 [Site]:1 [Bin]:16330 [FullTime]:3600 [SkipTime]:0 [Veto1]:744.046 [Veto2]:752.663 [Veto3]:531.412 [Veto4]:531.412 [SgUp1]:57596 [SgUp2]:56816 [SgUp3]:0 [SgUp4]:0 [SgLow1]:57527 [SgLow2]:56741 [SgLow3]:0 [SgLow4]:0 [NetMuon1]:570112 [NetMuon2]:568311 [NetMuon3]:612733 [NetMuon4]:612733
[Run]:42433 [Site]:1 [Bin]:16331 [FullTime]:3600 [SkipTime]:0 [Veto1]:731.458 [Veto2]:747.491 [Veto3]:530.558 [Veto4]:530.558 [SgUp1]:57233 [SgUp2]:56898 [SgUp3]:0 [SgUp4]:0 [SgLow1]:57165 [SgLow2]:56835 [SgLow3]:0 [SgLow4]:0 [NetMuon1]:571593 [NetMuon2]:568650 [NetMuon3]:611757 [NetMuon4]:611757
[Run]:42433 [Site]:1 [Bin]:16332 [FullTime]:3600 [SkipTime]:0 [Veto1]:733.847 [Veto2]:731.708 [Veto3]:531.392 [Veto4]:531.392 [SgUp1]:57032 [SgUp2]:57198 [SgUp3]:0 [SgUp4]:0 [SgLow1]:56918 [SgLow2]:57108 [SgLow3]:0 [SgLow4]:0 [NetMuon1]:572272 [NetMuon2]:572493 [NetMuon3]:612595 [NetMuon4]:612595
[Run]:42433 [Site]:1 [Bin]:16333 [FullTime]:3600 [SkipTime]:0 [Veto1]:735.849 [Veto2]:753.796 [Veto3]:530.237 [Veto4]:530.237 [SgUp1]:56867 [SgUp2]:57090 [SgUp3]:0 [SgUp4]:0 [SgLow1]:56793 [SgLow2]:57001 [SgLow3]:0 [SgLow4]:0 [NetMuon1]:569813 [NetMuon2]:566595 [NetMuon3]:611082 [NetMuon4]:611082
[Run]:42433 [Site]:1 [Bin]:16334 [FullTime]:3600 [SkipTime]:0 [Veto1]:726.923 [Veto2]:759.301 [Veto3]:531.28 [Veto4]:531.28 [SgUp1]:57208 [SgUp2]:57145 [SgUp3]:0 [SgUp4]:0 [SgLow1]:57111 [SgLow2]:57052 [SgLow3]:0 [SgLow4]:0 [NetMuon1]:573338 [NetMuon2]:567281 [NetMuon3]:612405 [NetMuon4]:612405
[Run]:42433 [Site]:1 [Bin]:16335 [FullTime]:3600 [SkipTime]:0 [Veto1]:750.11 [Veto2]:758.151 [Veto3]:530.559 [Veto4]:530.559 [SgUp1]:56827 [SgUp2]:56945 [SgUp3]:0 [SgUp4]:0 [SgLow1]:56745 [SgLow2]:56861 [SgLow3]:0 [SgLow4]:0 [NetMuon1]:568491 [NetMuon2]:566910 [NetMuon3]:611906 [NetMuon4]:611906
[Run]:42433 [Site]:1 [Bin]:16336 [FullTime]:3600 [SkipTime]:0 [Veto1]:733.686 [Veto2]:728.996 [Veto3]:530.241 [Veto4]:530.241 [SgUp1]:57282 [SgUp2]:57493 [SgUp3]:0 [SgUp4]:0 [SgLow1]:57190 [SgLow2]:57413 [SgLow3]:0 [SgLow4]:0 [NetMuon1]:571148 [NetMuon2]:571883 [NetMuon3]:611388 [NetMuon4]:611388
[Run]:42433 [Site]:1 [Bin]:16337 [FullTime]:3600 [SkipTime]:0 [Veto1]:745.598 [Veto2]:775.952 [Veto3]:531.038 [Veto4]:531.038 [SgUp1]:56781 [SgUp2]:56416 [SgUp3]:0 [SgUp4]:0 [SgLow1]:56681 [SgLow2]:56333 [SgLow3]:0 [SgLow4]:0 [NetMuon1]:569649 [NetMuon2]:563274 [NetMuon3]:612217 [NetMuon4]:612217
[Run]:42433 [Site]:1 [Bin]:16338 [FullTime]:3600 [SkipTime]:0 [Veto1]:724.708 [Veto2]:769.828 [Veto3]:530.004 [Veto4]:530.004 [SgUp1]:57430 [SgUp2]:56944 [SgUp3]:0 [SgUp4]:0 [SgLow1]:57347 [SgLow2]:56869 [SgLow3]:0 [SgLow4]:0 [NetMuon1]:572060 [NetMuon2]:563099 [NetMuon3]:610958 [NetMuon4]:610958
[Run]:42433 [Site]:1 [Bin]:16339 [FullTime]:3600 [SkipTime]:0 [Veto1]:736.432 [Veto2]:750.456 [Veto3]:529.995 [Veto4]:529.995 [SgUp1]:56919 [SgUp2]:56848 [SgUp3]:0 [SgUp4]:0 [SgLow1]:56835 [SgLow2]:56773 [SgLow3]:0 [SgLow4]:0 [NetMuon1]:569963 [NetMuon2]:567138 [NetMuon3]:610956 [NetMuon4]:610956
[Run]:42433 [Site]:1 [Bin]:16340 [FullTime]:3600 [SkipTime]:0 [Veto1]:743.476 [Veto2]:761.397 [Veto3]:530.681 [Veto4]:530.681 [SgUp1]:56979 [SgUp2]:56474 [SgUp3]:0 [SgUp4]:0 [SgLow1]:56912 [SgLow2]:56365 [SgLow3]:0 [SgLow4]:0 [NetMuon1]:569469 [NetMuon2]:565707 [NetMuon3]:611791 [NetMuon4]:611791
[Run]:42433 [Site]:1 [Bin]:16341 [FullTime]:3600 [SkipTime]:0 [Veto1]:728.677 [Veto2]:741.911 [Veto3]:531.223 [Veto4]:531.223 [SgUp1]:57348 [SgUp2]:57240 [SgUp3]:0 [SgUp4]:0 [SgLow1]:57271 [SgLow2]:57171 [SgLow3]:0 [SgLow4]:0 [NetMuon1]:572946 [NetMuon2]:570020 [NetMuon3]:612165 [NetMuon4]:612165
[Run]:42433 [Site]:1 [Bin]:16342 [FullTime]:3600 [SkipTime]:0 [Veto1]:729.109 [Veto2]:773.278 [Veto3]:531.572 [Veto4]:531.572 [SgUp1]:57512 [SgUp2]:56396 [SgUp3]:0 [SgUp4]:0 [SgLow1]:57434 [SgLow2]:56296 [SgLow3]:0 [SgLow4]:0 [NetMuon1]:573628 [NetMuon2]:564116 [NetMuon3]:612749 [NetMuon4]:612749
[Run]:42433 [Site]:1 [Bin]:16343 [FullTime]:3600 [SkipTime]:0 [Veto1]:736.84 [Veto2]:739.773 [Veto3]:531.827 [Veto4]:531.827 [SgUp1]:57101 [SgUp2]:57097 [SgUp3]:0 [SgUp4]:0 [SgLow1]:57007 [SgLow2]:57008 [SgLow3]:0 [SgLow4]:0 [NetMuon1]:572291 [NetMuon2]:571973 [NetMuon3]:613451 [NetMuon4]:613451
End process Run: 42433 ... 
[Run]:42433 [Site]:1 [Bin]:16344 [FullTime]:3083.9 [SkipTime]:0 [Veto1]:629.879 [Veto2]:625.494 [Veto3]:454.045 [Veto4]:454.045
