StreamChain add 0x86ce7f0
Start to process run: 42765 ... 
[Run]:42765 [Site]:1 [Bin]:16636 [FullTime]:2783.9 [SkipTime]:0 [Veto1]:561.551 [Veto2]:583.169 [Veto3]:409.975 [Veto4]:409.975 [SgUp1]:45563 [SgUp2]:44578 [SgUp3]:0 [SgUp4]:0 [SgLow1]:45497 [SgLow2]:44525 [SgLow3]:0 [SgLow4]:0 [NetMuon1]:442576 [NetMuon2]:438267 [NetMuon3]:472811 [NetMuon4]:472811
[Run]:42765 [Site]:1 [Bin]:16637 [FullTime]:3600 [SkipTime]:0 [Veto1]:750.83 [Veto2]:719.954 [Veto3]:529.598 [Veto4]:529.598 [SgUp1]:58341 [SgUp2]:57961 [SgUp3]:0 [SgUp4]:0 [SgLow1]:58280 [SgLow2]:57893 [SgLow3]:0 [SgLow4]:0 [NetMuon1]:566618 [NetMuon2]:572888 [NetMuon3]:610622 [NetMuon4]:610622
[Run]:42765 [Site]:1 [Bin]:16638 [FullTime]:3600 [SkipTime]:0 [Veto1]:742.026 [Veto2]:739.896 [Veto3]:530.05 [Veto4]:530.05 [SgUp1]:58276 [SgUp2]:57252 [SgUp3]:0 [SgUp4]:0 [SgLow1]:58208 [SgLow2]:57170 [SgLow3]:0 [SgLow4]:0 [NetMuon1]:568599 [NetMuon2]:569270 [NetMuon3]:610876 [NetMuon4]:610876
[Run]:42765 [Site]:1 [Bin]:16639 [FullTime]:3600 [SkipTime]:0 [Veto1]:755.032 [Veto2]:756.486 [Veto3]:529.531 [Veto4]:529.531 [SgUp1]:57883 [SgUp2]:57510 [SgUp3]:0 [SgUp4]:0 [SgLow1]:57792 [SgLow2]:57424 [SgLow3]:0 [SgLow4]:0 [NetMuon1]:565892 [NetMuon2]:565259 [NetMuon3]:610516 [NetMuon4]:610516
[Run]:42765 [Site]:1 [Bin]:16640 [FullTime]:3600 [SkipTime]:0 [Veto1]:744.043 [Veto2]:720.979 [Veto3]:530.346 [Veto4]:530.346 [SgUp1]:57202 [SgUp2]:57382 [SgUp3]:0 [SgUp4]:0 [SgLow1]:57111 [SgLow2]:57287 [SgLow3]:0 [SgLow4]:0 [NetMuon1]:569215 [NetMuon2]:573862 [NetMuon3]:611765 [NetMuon4]:611765
[Run]:42765 [Site]:1 [Bin]:16641 [FullTime]:3600 [SkipTime]:0 [Veto1]:747.294 [Veto2]:736.182 [Veto3]:530.61 [Veto4]:530.61 [SgUp1]:57234 [SgUp2]:56986 [SgUp3]:0 [SgUp4]:0 [SgLow1]:57180 [SgLow2]:56898 [SgLow3]:0 [SgLow4]:0 [NetMuon1]:568733 [NetMuon2]:570995 [NetMuon3]:611845 [NetMuon4]:611845
[Run]:42765 [Site]:1 [Bin]:16642 [FullTime]:3600 [SkipTime]:0 [Veto1]:745.453 [Veto2]:749.201 [Veto3]:530.068 [Veto4]:530.068 [SgUp1]:56951 [SgUp2]:57311 [SgUp3]:0 [SgUp4]:0 [SgLow1]:56866 [SgLow2]:57226 [SgLow3]:0 [SgLow4]:0 [NetMuon1]:568519 [NetMuon2]:568025 [NetMuon3]:611409 [NetMuon4]:611409
[Run]:42765 [Site]:1 [Bin]:16643 [FullTime]:3600 [SkipTime]:0 [Veto1]:751.658 [Veto2]:729.996 [Veto3]:530.997 [Veto4]:530.997 [SgUp1]:57234 [SgUp2]:57013 [SgUp3]:0 [SgUp4]:0 [SgLow1]:57142 [SgLow2]:56946 [SgLow3]:0 [SgLow4]:0 [NetMuon1]:568393 [NetMuon2]:572202 [NetMuon3]:612279 [NetMuon4]:612279
[Run]:42765 [Site]:1 [Bin]:16644 [FullTime]:3600 [SkipTime]:0 [Veto1]:724.851 [Veto2]:758.916 [Veto3]:530.136 [Veto4]:530.136 [SgUp1]:57618 [SgUp2]:56622 [SgUp3]:0 [SgUp4]:0 [SgLow1]:57559 [SgLow2]:56555 [SgLow3]:0 [SgLow4]:0 [NetMuon1]:572377 [NetMuon2]:565544 [NetMuon3]:611308 [NetMuon4]:611308
[Run]:42765 [Site]:1 [Bin]:16645 [FullTime]:3600 [SkipTime]:0 [Veto1]:717.846 [Veto2]:755.364 [Veto3]:530.327 [Veto4]:530.327 [SgUp1]:57348 [SgUp2]:56910 [SgUp3]:0 [SgUp4]:0 [SgLow1]:57287 [SgLow2]:56818 [SgLow3]:0 [SgLow4]:0 [NetMuon1]:573918 [NetMuon2]:566345 [NetMuon3]:611155 [NetMuon4]:611155
[Run]:42765 [Site]:1 [Bin]:16646 [FullTime]:3600 [SkipTime]:0 [Veto1]:737.792 [Veto2]:719.171 [Veto3]:529.434 [Veto4]:529.434 [SgUp1]:57176 [SgUp2]:57331 [SgUp3]:0 [SgUp4]:0 [SgLow1]:57076 [SgLow2]:57240 [SgLow3]:0 [SgLow4]:0 [NetMuon1]:568871 [NetMuon2]:572371 [NetMuon3]:610297 [NetMuon4]:610297
[Run]:42765 [Site]:1 [Bin]:16647 [FullTime]:3600 [SkipTime]:0 [Veto1]:752.758 [Veto2]:745.749 [Veto3]:530.504 [Veto4]:530.504 [SgUp1]:56894 [SgUp2]:56823 [SgUp3]:0 [SgUp4]:0 [SgLow1]:56806 [SgLow2]:56753 [SgLow3]:0 [SgLow4]:0 [NetMuon1]:567435 [NetMuon2]:568591 [NetMuon3]:611420 [NetMuon4]:611420
[Run]:42765 [Site]:1 [Bin]:16648 [FullTime]:3600 [SkipTime]:0 [Veto1]:746.375 [Veto2]:750.204 [Veto3]:530.456 [Veto4]:530.456 [SgUp1]:57056 [SgUp2]:57015 [SgUp3]:0 [SgUp4]:0 [SgLow1]:56969 [SgLow2]:56963 [SgLow3]:0 [SgLow4]:0 [NetMuon1]:568505 [NetMuon2]:567341 [NetMuon3]:611305 [NetMuon4]:611305
[Run]:42765 [Site]:1 [Bin]:16649 [FullTime]:3600 [SkipTime]:0 [Veto1]:754.354 [Veto2]:723.325 [Veto3]:530.036 [Veto4]:530.036 [SgUp1]:57035 [SgUp2]:57551 [SgUp3]:0 [SgUp4]:0 [SgLow1]:56962 [SgLow2]:57495 [SgLow3]:0 [SgLow4]:0 [NetMuon1]:566463 [NetMuon2]:572908 [NetMuon3]:611340 [NetMuon4]:611340
[Run]:42765 [Site]:1 [Bin]:16650 [FullTime]:3600 [SkipTime]:0 [Veto1]:724.719 [Veto2]:719.802 [Veto3]:530.314 [Veto4]:530.314 [SgUp1]:57639 [SgUp2]:57515 [SgUp3]:0 [SgUp4]:0 [SgLow1]:57568 [SgLow2]:57444 [SgLow3]:0 [SgLow4]:0 [NetMuon1]:572603 [NetMuon2]:573530 [NetMuon3]:611528 [NetMuon4]:611528
[Run]:42765 [Site]:1 [Bin]:16651 [FullTime]:3600 [SkipTime]:0 [Veto1]:733.974 [Veto2]:750.935 [Veto3]:529.867 [Veto4]:529.867 [SgUp1]:57818 [SgUp2]:56706 [SgUp3]:0 [SgUp4]:0 [SgLow1]:57742 [SgLow2]:56606 [SgLow3]:0 [SgLow4]:0 [NetMuon1]:569946 [NetMuon2]:566848 [NetMuon3]:610728 [NetMuon4]:610728
[Run]:42765 [Site]:1 [Bin]:16652 [FullTime]:3600 [SkipTime]:0 [Veto1]:718.647 [Veto2]:733.712 [Veto3]:529.483 [Veto4]:529.483 [SgUp1]:57347 [SgUp2]:57159 [SgUp3]:0 [SgUp4]:0 [SgLow1]:57238 [SgLow2]:57076 [SgLow3]:0 [SgLow4]:0 [NetMuon1]:572789 [NetMuon2]:569473 [NetMuon3]:610226 [NetMuon4]:610226
[Run]:42765 [Site]:1 [Bin]:16653 [FullTime]:3600 [SkipTime]:0 [Veto1]:730.965 [Veto2]:751.65 [Veto3]:529.517 [Veto4]:529.517 [SgUp1]:57291 [SgUp2]:56892 [SgUp3]:0 [SgUp4]:0 [SgLow1]:57210 [SgLow2]:56804 [SgLow3]:0 [SgLow4]:0 [NetMuon1]:570367 [NetMuon2]:566241 [NetMuon3]:610283 [NetMuon4]:610283
[Run]:42765 [Site]:1 [Bin]:16654 [FullTime]:3600 [SkipTime]:0 [Veto1]:725.993 [Veto2]:769.11 [Veto3]:529.905 [Veto4]:529.905 [SgUp1]:58035 [SgUp2]:56208 [SgUp3]:0 [SgUp4]:0 [SgLow1]:57945 [SgLow2]:56121 [SgLow3]:0 [SgLow4]:0 [NetMuon1]:571920 [NetMuon2]:563411 [NetMuon3]:611144 [NetMuon4]:611144
[Run]:42765 [Site]:1 [Bin]:16655 [FullTime]:3600 [SkipTime]:0 [Veto1]:737.369 [Veto2]:763.148 [Veto3]:530.873 [Veto4]:530.873 [SgUp1]:57330 [SgUp2]:56426 [SgUp3]:0 [SgUp4]:0 [SgLow1]:57245 [SgLow2]:56324 [SgLow3]:0 [SgLow4]:0 [NetMuon1]:570921 [NetMuon2]:565618 [NetMuon3]:611996 [NetMuon4]:611996
[Run]:42765 [Site]:1 [Bin]:16656 [FullTime]:3600 [SkipTime]:0 [Veto1]:742.092 [Veto2]:756.346 [Veto3]:529.397 [Veto4]:529.397 [SgUp1]:57210 [SgUp2]:56549 [SgUp3]:0 [SgUp4]:0 [SgLow1]:57124 [SgLow2]:56439 [SgLow3]:0 [SgLow4]:0 [NetMuon1]:568252 [NetMuon2]:565245 [NetMuon3]:610569 [NetMuon4]:610569
End process Run: 42765 ... 
[Run]:42765 [Site]:1 [Bin]:16657 [FullTime]:550.505 [SkipTime]:0 [Veto1]:111.559 [Veto2]:112.344 [Veto3]:81.1728 [Veto4]:81.1728
