StreamChain add 0x1968e7f0
Start to process run: 42456 ... 
[Run]:42456 [Site]:1 [Bin]:16344 [FullTime]:244.277 [SkipTime]:0 [Veto1]:47.8457 [Veto2]:49.47 [Veto3]:35.9062 [Veto4]:35.9062 [SgUp1]:3890 [SgUp2]:3750 [SgUp3]:0 [SgUp4]:0 [SgLow1]:3881 [SgLow2]:3745 [SgLow3]:0 [SgLow4]:0 [NetMuon1]:39021 [NetMuon2]:38690 [NetMuon3]:41338 [NetMuon4]:41338
[Run]:42456 [Site]:1 [Bin]:16345 [FullTime]:3600 [SkipTime]:0 [Veto1]:729.797 [Veto2]:740.303 [Veto3]:530.185 [Veto4]:530.185 [SgUp1]:57147 [SgUp2]:57002 [SgUp3]:0 [SgUp4]:0 [SgLow1]:57058 [SgLow2]:56931 [SgLow3]:0 [SgLow4]:0 [NetMuon1]:572211 [NetMuon2]:569856 [NetMuon3]:611793 [NetMuon4]:611793
[Run]:42456 [Site]:1 [Bin]:16346 [FullTime]:3600 [SkipTime]:0 [Veto1]:746.88 [Veto2]:764.293 [Veto3]:529.684 [Veto4]:529.684 [SgUp1]:56574 [SgUp2]:56600 [SgUp3]:0 [SgUp4]:0 [SgLow1]:56477 [SgLow2]:56499 [SgLow3]:0 [SgLow4]:0 [NetMuon1]:568058 [NetMuon2]:564464 [NetMuon3]:611047 [NetMuon4]:611047
[Run]:42456 [Site]:1 [Bin]:16347 [FullTime]:3600 [SkipTime]:0 [Veto1]:728.479 [Veto2]:721.466 [Veto3]:530.108 [Veto4]:530.108 [SgUp1]:56946 [SgUp2]:57884 [SgUp3]:0 [SgUp4]:0 [SgLow1]:56871 [SgLow2]:57793 [SgLow3]:0 [SgLow4]:0 [NetMuon1]:571978 [NetMuon2]:573273 [NetMuon3]:611570 [NetMuon4]:611570
[Run]:42456 [Site]:1 [Bin]:16348 [FullTime]:3600 [SkipTime]:0 [Veto1]:737.443 [Veto2]:737.743 [Veto3]:529.648 [Veto4]:529.648 [SgUp1]:57121 [SgUp2]:57223 [SgUp3]:0 [SgUp4]:0 [SgLow1]:57036 [SgLow2]:57142 [SgLow3]:0 [SgLow4]:0 [NetMuon1]:569310 [NetMuon2]:569075 [NetMuon3]:610657 [NetMuon4]:610657
[Run]:42456 [Site]:1 [Bin]:16349 [FullTime]:3600 [SkipTime]:0 [Veto1]:717.962 [Veto2]:754.484 [Veto3]:529.547 [Veto4]:529.547 [SgUp1]:57300 [SgUp2]:57282 [SgUp3]:0 [SgUp4]:0 [SgLow1]:57200 [SgLow2]:57213 [SgLow3]:0 [SgLow4]:0 [NetMuon1]:573184 [NetMuon2]:565929 [NetMuon3]:610810 [NetMuon4]:610810
[Run]:42456 [Site]:1 [Bin]:16350 [FullTime]:3600 [SkipTime]:0 [Veto1]:726.237 [Veto2]:741.445 [Veto3]:530.763 [Veto4]:530.763 [SgUp1]:56872 [SgUp2]:57517 [SgUp3]:0 [SgUp4]:0 [SgLow1]:56789 [SgLow2]:57431 [SgLow3]:0 [SgLow4]:0 [NetMuon1]:573059 [NetMuon2]:570131 [NetMuon3]:612142 [NetMuon4]:612142
[Run]:42456 [Site]:1 [Bin]:16351 [FullTime]:3600 [SkipTime]:0 [Veto1]:722.56 [Veto2]:721.303 [Veto3]:531.246 [Veto4]:531.246 [SgUp1]:58087 [SgUp2]:57573 [SgUp3]:0 [SgUp4]:0 [SgLow1]:57984 [SgLow2]:57474 [SgLow3]:0 [SgLow4]:0 [NetMuon1]:574553 [NetMuon2]:574589 [NetMuon3]:612561 [NetMuon4]:612561
[Run]:42456 [Site]:1 [Bin]:16352 [FullTime]:3600 [SkipTime]:0 [Veto1]:723.723 [Veto2]:729.16 [Veto3]:529.33 [Veto4]:529.33 [SgUp1]:57140 [SgUp2]:57001 [SgUp3]:0 [SgUp4]:0 [SgLow1]:57038 [SgLow2]:56898 [SgLow3]:0 [SgLow4]:0 [NetMuon1]:571507 [NetMuon2]:570382 [NetMuon3]:610154 [NetMuon4]:610154
[Run]:42456 [Site]:1 [Bin]:16353 [FullTime]:3600 [SkipTime]:0 [Veto1]:735.029 [Veto2]:758.588 [Veto3]:530.229 [Veto4]:530.229 [SgUp1]:56611 [SgUp2]:56523 [SgUp3]:0 [SgUp4]:0 [SgLow1]:56516 [SgLow2]:56445 [SgLow3]:0 [SgLow4]:0 [NetMuon1]:570511 [NetMuon2]:565775 [NetMuon3]:611280 [NetMuon4]:611280
[Run]:42456 [Site]:1 [Bin]:16354 [FullTime]:3600.01 [SkipTime]:0 [Veto1]:742.024 [Veto2]:749.719 [Veto3]:529.541 [Veto4]:529.541 [SgUp1]:57108 [SgUp2]:56575 [SgUp3]:0 [SgUp4]:0 [SgLow1]:57027 [SgLow2]:56508 [SgLow3]:0 [SgLow4]:0 [NetMuon1]:568346 [NetMuon2]:566702 [NetMuon3]:610467 [NetMuon4]:610467
[Run]:42456 [Site]:1 [Bin]:16355 [FullTime]:3600 [SkipTime]:0 [Veto1]:755.978 [Veto2]:712.077 [Veto3]:530.507 [Veto4]:530.507 [SgUp1]:56721 [SgUp2]:57396 [SgUp3]:0 [SgUp4]:0 [SgLow1]:56624 [SgLow2]:57345 [SgLow3]:0 [SgLow4]:0 [NetMuon1]:566540 [NetMuon2]:575449 [NetMuon3]:611600 [NetMuon4]:611600
[Run]:42456 [Site]:1 [Bin]:16356 [FullTime]:3600 [SkipTime]:0 [Veto1]:747.621 [Veto2]:750.306 [Veto3]:530.361 [Veto4]:530.361 [SgUp1]:56986 [SgUp2]:56524 [SgUp3]:0 [SgUp4]:0 [SgLow1]:56908 [SgLow2]:56461 [SgLow3]:0 [SgLow4]:0 [NetMuon1]:568229 [NetMuon2]:567394 [NetMuon3]:611488 [NetMuon4]:611488
[Run]:42456 [Site]:1 [Bin]:16357 [FullTime]:3600 [SkipTime]:0 [Veto1]:746.359 [Veto2]:730.359 [Veto3]:530.128 [Veto4]:530.128 [SgUp1]:56682 [SgUp2]:57263 [SgUp3]:0 [SgUp4]:0 [SgLow1]:56599 [SgLow2]:57186 [SgLow3]:0 [SgLow4]:0 [NetMuon1]:568035 [NetMuon2]:571195 [NetMuon3]:611127 [NetMuon4]:611127
[Run]:42456 [Site]:1 [Bin]:16358 [FullTime]:3600 [SkipTime]:0 [Veto1]:723.59 [Veto2]:729.94 [Veto3]:529.494 [Veto4]:529.494 [SgUp1]:57762 [SgUp2]:57024 [SgUp3]:0 [SgUp4]:0 [SgLow1]:57669 [SgLow2]:56946 [SgLow3]:0 [SgLow4]:0 [NetMuon1]:571934 [NetMuon2]:570794 [NetMuon3]:610626 [NetMuon4]:610626
[Run]:42456 [Site]:1 [Bin]:16359 [FullTime]:3600 [SkipTime]:0 [Veto1]:739.349 [Veto2]:742.472 [Veto3]:529.41 [Veto4]:529.41 [SgUp1]:57786 [SgUp2]:56720 [SgUp3]:0 [SgUp4]:0 [SgLow1]:57707 [SgLow2]:56664 [SgLow3]:0 [SgLow4]:0 [NetMuon1]:568763 [NetMuon2]:567792 [NetMuon3]:610463 [NetMuon4]:610463
[Run]:42456 [Site]:1 [Bin]:16360 [FullTime]:3600 [SkipTime]:0 [Veto1]:721.931 [Veto2]:758.169 [Veto3]:531.136 [Veto4]:531.136 [SgUp1]:58238 [SgUp2]:56594 [SgUp3]:0 [SgUp4]:0 [SgLow1]:58150 [SgLow2]:56532 [SgLow3]:0 [SgLow4]:0 [NetMuon1]:574121 [NetMuon2]:567153 [NetMuon3]:612212 [NetMuon4]:612212
[Run]:42456 [Site]:1 [Bin]:16361 [FullTime]:3600 [SkipTime]:0 [Veto1]:718.978 [Veto2]:744.181 [Veto3]:529.971 [Veto4]:529.971 [SgUp1]:57610 [SgUp2]:56544 [SgUp3]:0 [SgUp4]:0 [SgLow1]:57521 [SgLow2]:56466 [SgLow3]:0 [SgLow4]:0 [NetMuon1]:573207 [NetMuon2]:568563 [NetMuon3]:610980 [NetMuon4]:610980
[Run]:42456 [Site]:1 [Bin]:16362 [FullTime]:3600 [SkipTime]:0 [Veto1]:738.1 [Veto2]:747.118 [Veto3]:529.525 [Veto4]:529.525 [SgUp1]:57224 [SgUp2]:56993 [SgUp3]:0 [SgUp4]:0 [SgLow1]:57133 [SgLow2]:56896 [SgLow3]:0 [SgLow4]:0 [NetMuon1]:569288 [NetMuon2]:567474 [NetMuon3]:610613 [NetMuon4]:610613
[Run]:42456 [Site]:1 [Bin]:16363 [FullTime]:3600 [SkipTime]:0 [Veto1]:724.195 [Veto2]:742.77 [Veto3]:530.482 [Veto4]:530.482 [SgUp1]:57950 [SgUp2]:56487 [SgUp3]:0 [SgUp4]:0 [SgLow1]:57874 [SgLow2]:56386 [SgLow3]:0 [SgLow4]:0 [NetMuon1]:573285 [NetMuon2]:569387 [NetMuon3]:611872 [NetMuon4]:611872
[Run]:42456 [Site]:1 [Bin]:16364 [FullTime]:3600 [SkipTime]:0 [Veto1]:715.984 [Veto2]:747.793 [Veto3]:529.376 [Veto4]:529.376 [SgUp1]:58128 [SgUp2]:57009 [SgUp3]:0 [SgUp4]:0 [SgLow1]:58042 [SgLow2]:56939 [SgLow3]:0 [SgLow4]:0 [NetMuon1]:573327 [NetMuon2]:567112 [NetMuon3]:610357 [NetMuon4]:610357
[Run]:42456 [Site]:1 [Bin]:16365 [FullTime]:3600 [SkipTime]:0 [Veto1]:736.51 [Veto2]:740.057 [Veto3]:530.196 [Veto4]:530.196 [SgUp1]:57066 [SgUp2]:56748 [SgUp3]:0 [SgUp4]:0 [SgLow1]:56955 [SgLow2]:56659 [SgLow3]:0 [SgLow4]:0 [NetMuon1]:570346 [NetMuon2]:569353 [NetMuon3]:611357 [NetMuon4]:611357
[Run]:42456 [Site]:1 [Bin]:16366 [FullTime]:3600 [SkipTime]:0 [Veto1]:724.989 [Veto2]:753.798 [Veto3]:530.267 [Veto4]:530.267 [SgUp1]:57679 [SgUp2]:56841 [SgUp3]:0 [SgUp4]:0 [SgLow1]:57600 [SgLow2]:56732 [SgLow3]:0 [SgLow4]:0 [NetMuon1]:572330 [NetMuon2]:566421 [NetMuon3]:611279 [NetMuon4]:611279
[Run]:42456 [Site]:1 [Bin]:16367 [FullTime]:3600 [SkipTime]:0 [Veto1]:735.809 [Veto2]:739.401 [Veto3]:529.833 [Veto4]:529.833 [SgUp1]:57568 [SgUp2]:56771 [SgUp3]:0 [SgUp4]:0 [SgLow1]:57498 [SgLow2]:56700 [SgLow3]:0 [SgLow4]:0 [NetMuon1]:570009 [NetMuon2]:568966 [NetMuon3]:610949 [NetMuon4]:610949
[Run]:42456 [Site]:1 [Bin]:16368 [FullTime]:3600 [SkipTime]:0 [Veto1]:732.824 [Veto2]:741.896 [Veto3]:529.713 [Veto4]:529.713 [SgUp1]:57447 [SgUp2]:57075 [SgUp3]:0 [SgUp4]:0 [SgLow1]:57362 [SgLow2]:56997 [SgLow3]:0 [SgLow4]:0 [NetMuon1]:570390 [NetMuon2]:568282 [NetMuon3]:610556 [NetMuon4]:610556
[Run]:42456 [Site]:1 [Bin]:16369 [FullTime]:3600 [SkipTime]:0 [Veto1]:722.576 [Veto2]:723.922 [Veto3]:528.409 [Veto4]:528.409 [SgUp1]:57723 [SgUp2]:57290 [SgUp3]:0 [SgUp4]:0 [SgLow1]:57669 [SgLow2]:57199 [SgLow3]:0 [SgLow4]:0 [NetMuon1]:570568 [NetMuon2]:570575 [NetMuon3]:609234 [NetMuon4]:609234
[Run]:42456 [Site]:1 [Bin]:16370 [FullTime]:3600 [SkipTime]:0 [Veto1]:752.58 [Veto2]:744.773 [Veto3]:530.308 [Veto4]:530.308 [SgUp1]:56749 [SgUp2]:56707 [SgUp3]:0 [SgUp4]:0 [SgLow1]:56660 [SgLow2]:56629 [SgLow3]:0 [SgLow4]:0 [NetMuon1]:566575 [NetMuon2]:568435 [NetMuon3]:611123 [NetMuon4]:611123
[Run]:42456 [Site]:1 [Bin]:16371 [FullTime]:3600 [SkipTime]:0 [Veto1]:747.055 [Veto2]:722.199 [Veto3]:530.07 [Veto4]:530.07 [SgUp1]:57138 [SgUp2]:57574 [SgUp3]:0 [SgUp4]:0 [SgLow1]:57042 [SgLow2]:57472 [SgLow3]:0 [SgLow4]:0 [NetMuon1]:567784 [NetMuon2]:572904 [NetMuon3]:611213 [NetMuon4]:611213
[Run]:42456 [Site]:1 [Bin]:16372 [FullTime]:3600 [SkipTime]:0 [Veto1]:731.839 [Veto2]:745.153 [Veto3]:530.297 [Veto4]:530.297 [SgUp1]:57898 [SgUp2]:56514 [SgUp3]:0 [SgUp4]:0 [SgLow1]:57804 [SgLow2]:56445 [SgLow3]:0 [SgLow4]:0 [NetMuon1]:571207 [NetMuon2]:568890 [NetMuon3]:611670 [NetMuon4]:611670
[Run]:42456 [Site]:1 [Bin]:16373 [FullTime]:3599.99 [SkipTime]:0 [Veto1]:740.416 [Veto2]:719.346 [Veto3]:530.995 [Veto4]:530.995 [SgUp1]:57166 [SgUp2]:57745 [SgUp3]:0 [SgUp4]:0 [SgLow1]:57099 [SgLow2]:57663 [SgLow3]:0 [SgLow4]:0 [NetMuon1]:570279 [NetMuon2]:574509 [NetMuon3]:612133 [NetMuon4]:612133
[Run]:42456 [Site]:1 [Bin]:16374 [FullTime]:3600 [SkipTime]:0 [Veto1]:748.805 [Veto2]:731.732 [Veto3]:529.646 [Veto4]:529.646 [SgUp1]:57279 [SgUp2]:57091 [SgUp3]:0 [SgUp4]:0 [SgLow1]:57191 [SgLow2]:57008 [SgLow3]:0 [SgLow4]:0 [NetMuon1]:567396 [NetMuon2]:570503 [NetMuon3]:610751 [NetMuon4]:610751
[Run]:42456 [Site]:1 [Bin]:16375 [FullTime]:3600 [SkipTime]:0 [Veto1]:744.574 [Veto2]:724.861 [Veto3]:530.09 [Veto4]:530.09 [SgUp1]:57497 [SgUp2]:57124 [SgUp3]:0 [SgUp4]:0 [SgLow1]:57421 [SgLow2]:57035 [SgLow3]:0 [SgLow4]:0 [NetMuon1]:568494 [NetMuon2]:572507 [NetMuon3]:611363 [NetMuon4]:611363
[Run]:42456 [Site]:1 [Bin]:16376 [FullTime]:3600 [SkipTime]:0 [Veto1]:717.963 [Veto2]:747.404 [Veto3]:530.723 [Veto4]:530.723 [SgUp1]:58058 [SgUp2]:56558 [SgUp3]:0 [SgUp4]:0 [SgLow1]:57970 [SgLow2]:56470 [SgLow3]:0 [SgLow4]:0 [NetMuon1]:574729 [NetMuon2]:568618 [NetMuon3]:611881 [NetMuon4]:611881
[Run]:42456 [Site]:1 [Bin]:16377 [FullTime]:3600 [SkipTime]:0 [Veto1]:745.333 [Veto2]:764.351 [Veto3]:529.992 [Veto4]:529.992 [SgUp1]:57058 [SgUp2]:55995 [SgUp3]:0 [SgUp4]:0 [SgLow1]:56978 [SgLow2]:55930 [SgLow3]:0 [SgLow4]:0 [NetMuon1]:568128 [NetMuon2]:564318 [NetMuon3]:611243 [NetMuon4]:611243
[Run]:42456 [Site]:1 [Bin]:16378 [FullTime]:3600 [SkipTime]:0 [Veto1]:727.006 [Veto2]:743.318 [Veto3]:531.212 [Veto4]:531.212 [SgUp1]:57525 [SgUp2]:56779 [SgUp3]:0 [SgUp4]:0 [SgLow1]:57429 [SgLow2]:56713 [SgLow3]:0 [SgLow4]:0 [NetMuon1]:573490 [NetMuon2]:570617 [NetMuon3]:612582 [NetMuon4]:612582
[Run]:42456 [Site]:1 [Bin]:16379 [FullTime]:3600 [SkipTime]:0 [Veto1]:713.944 [Veto2]:737.093 [Veto3]:530.044 [Veto4]:530.044 [SgUp1]:57924 [SgUp2]:57276 [SgUp3]:0 [SgUp4]:0 [SgLow1]:57850 [SgLow2]:57200 [SgLow3]:0 [SgLow4]:0 [NetMuon1]:574670 [NetMuon2]:570112 [NetMuon3]:611442 [NetMuon4]:611442
[Run]:42456 [Site]:1 [Bin]:16380 [FullTime]:3600 [SkipTime]:0 [Veto1]:718.884 [Veto2]:757.868 [Veto3]:529.673 [Veto4]:529.673 [SgUp1]:57946 [SgUp2]:55966 [SgUp3]:0 [SgUp4]:0 [SgLow1]:57871 [SgLow2]:55893 [SgLow3]:0 [SgLow4]:0 [NetMuon1]:572892 [NetMuon2]:565396 [NetMuon3]:610761 [NetMuon4]:610761
[Run]:42456 [Site]:1 [Bin]:16381 [FullTime]:3600 [SkipTime]:0 [Veto1]:732.149 [Veto2]:733.948 [Veto3]:531.504 [Veto4]:531.504 [SgUp1]:57535 [SgUp2]:56976 [SgUp3]:0 [SgUp4]:0 [SgLow1]:57452 [SgLow2]:56896 [SgLow3]:0 [SgLow4]:0 [NetMuon1]:572569 [NetMuon2]:572582 [NetMuon3]:612796 [NetMuon4]:612796
[Run]:42456 [Site]:1 [Bin]:16382 [FullTime]:3600 [SkipTime]:0 [Veto1]:738.088 [Veto2]:737.526 [Veto3]:529.972 [Veto4]:529.972 [SgUp1]:57743 [SgUp2]:56183 [SgUp3]:0 [SgUp4]:0 [SgLow1]:57653 [SgLow2]:56100 [SgLow3]:0 [SgLow4]:0 [NetMuon1]:569940 [NetMuon2]:569510 [NetMuon3]:611006 [NetMuon4]:611006
[Run]:42456 [Site]:1 [Bin]:16383 [FullTime]:3600 [SkipTime]:0 [Veto1]:732.977 [Veto2]:755.043 [Veto3]:529.734 [Veto4]:529.734 [SgUp1]:57054 [SgUp2]:56308 [SgUp3]:0 [SgUp4]:0 [SgLow1]:56985 [SgLow2]:56200 [SgLow3]:0 [SgLow4]:0 [NetMuon1]:570060 [NetMuon2]:566149 [NetMuon3]:610912 [NetMuon4]:610912
[Run]:42456 [Site]:1 [Bin]:16384 [FullTime]:3600 [SkipTime]:0 [Veto1]:736.154 [Veto2]:746.393 [Veto3]:531.185 [Veto4]:531.185 [SgUp1]:57588 [SgUp2]:56572 [SgUp3]:0 [SgUp4]:0 [SgLow1]:57477 [SgLow2]:56477 [SgLow3]:0 [SgLow4]:0 [NetMuon1]:571413 [NetMuon2]:569274 [NetMuon3]:612280 [NetMuon4]:612280
[Run]:42456 [Site]:1 [Bin]:16385 [FullTime]:3600 [SkipTime]:0 [Veto1]:728.711 [Veto2]:739.947 [Veto3]:529.817 [Veto4]:529.817 [SgUp1]:57364 [SgUp2]:56957 [SgUp3]:0 [SgUp4]:0 [SgLow1]:57280 [SgLow2]:56858 [SgLow3]:0 [SgLow4]:0 [NetMuon1]:571139 [NetMuon2]:569179 [NetMuon3]:611025 [NetMuon4]:611025
[Run]:42456 [Site]:1 [Bin]:16386 [FullTime]:3600 [SkipTime]:0 [Veto1]:752.615 [Veto2]:757.623 [Veto3]:529.917 [Veto4]:529.917 [SgUp1]:57076 [SgUp2]:55738 [SgUp3]:0 [SgUp4]:0 [SgLow1]:56985 [SgLow2]:55650 [SgLow3]:0 [SgLow4]:0 [NetMuon1]:566735 [NetMuon2]:565708 [NetMuon3]:610949 [NetMuon4]:610949
[Run]:42456 [Site]:1 [Bin]:16387 [FullTime]:3600 [SkipTime]:0 [Veto1]:723.56 [Veto2]:754.801 [Veto3]:530.748 [Veto4]:530.748 [SgUp1]:58004 [SgUp2]:56889 [SgUp3]:0 [SgUp4]:0 [SgLow1]:57927 [SgLow2]:56816 [SgLow3]:0 [SgLow4]:0 [NetMuon1]:573699 [NetMuon2]:567588 [NetMuon3]:612075 [NetMuon4]:612075
[Run]:42456 [Site]:1 [Bin]:16388 [FullTime]:3600 [SkipTime]:0 [Veto1]:742.192 [Veto2]:731.083 [Veto3]:529.892 [Veto4]:529.892 [SgUp1]:57236 [SgUp2]:56965 [SgUp3]:0 [SgUp4]:0 [SgLow1]:57165 [SgLow2]:56895 [SgLow3]:0 [SgLow4]:0 [NetMuon1]:568668 [NetMuon2]:571036 [NetMuon3]:611131 [NetMuon4]:611131
[Run]:42456 [Site]:1 [Bin]:16389 [FullTime]:3600 [SkipTime]:0 [Veto1]:747.972 [Veto2]:748.638 [Veto3]:530.824 [Veto4]:530.824 [SgUp1]:56921 [SgUp2]:56567 [SgUp3]:0 [SgUp4]:0 [SgLow1]:56829 [SgLow2]:56476 [SgLow3]:0 [SgLow4]:0 [NetMuon1]:568961 [NetMuon2]:568637 [NetMuon3]:612106 [NetMuon4]:612106
[Run]:42456 [Site]:1 [Bin]:16390 [FullTime]:3600 [SkipTime]:0 [Veto1]:728.429 [Veto2]:759.145 [Veto3]:529.869 [Veto4]:529.869 [SgUp1]:57292 [SgUp2]:56910 [SgUp3]:0 [SgUp4]:0 [SgLow1]:57232 [SgLow2]:56840 [SgLow3]:0 [SgLow4]:0 [NetMuon1]:571056 [NetMuon2]:565339 [NetMuon3]:610734 [NetMuon4]:610734
[Run]:42456 [Site]:1 [Bin]:16391 [FullTime]:3600 [SkipTime]:0 [Veto1]:731.285 [Veto2]:743.964 [Veto3]:529.695 [Veto4]:529.695 [SgUp1]:57909 [SgUp2]:57097 [SgUp3]:0 [SgUp4]:0 [SgLow1]:57816 [SgLow2]:57035 [SgLow3]:0 [SgLow4]:0 [NetMuon1]:570739 [NetMuon2]:568061 [NetMuon3]:610570 [NetMuon4]:610570
End process Run: 42456 ... 
[Run]:42456 [Site]:1 [Bin]:16392 [FullTime]:3515.5 [SkipTime]:0 [Veto1]:712.368 [Veto2]:721.099 [Veto3]:517.284 [Veto4]:517.284
