StreamChain add 0x1d4f87f0
Start to process run: 42475 ... 
[Run]:42475 [Site]:1 [Bin]:16413 [FullTime]:3096.2 [SkipTime]:0 [Veto1]:650.746 [Veto2]:640.693 [Veto3]:456.931 [Veto4]:456.931 [SgUp1]:50033 [SgUp2]:49334 [SgUp3]:0 [SgUp4]:0 [SgLow1]:49959 [SgLow2]:49270 [SgLow3]:0 [SgLow4]:0 [NetMuon1]:488385 [NetMuon2]:490348 [NetMuon3]:526909 [NetMuon4]:526909
[Run]:42475 [Site]:1 [Bin]:16414 [FullTime]:3600 [SkipTime]:0 [Veto1]:744.975 [Veto2]:740.688 [Veto3]:530.592 [Veto4]:530.592 [SgUp1]:57929 [SgUp2]:57401 [SgUp3]:0 [SgUp4]:0 [SgLow1]:57849 [SgLow2]:57301 [SgLow3]:0 [SgLow4]:0 [NetMuon1]:568899 [NetMuon2]:570128 [NetMuon3]:611741 [NetMuon4]:611741
[Run]:42475 [Site]:1 [Bin]:16415 [FullTime]:3600 [SkipTime]:0 [Veto1]:741.243 [Veto2]:739.269 [Veto3]:531.017 [Veto4]:531.017 [SgUp1]:57813 [SgUp2]:56791 [SgUp3]:0 [SgUp4]:0 [SgLow1]:57727 [SgLow2]:56700 [SgLow3]:0 [SgLow4]:0 [NetMuon1]:570293 [NetMuon2]:570723 [NetMuon3]:612171 [NetMuon4]:612171
[Run]:42475 [Site]:1 [Bin]:16416 [FullTime]:3600 [SkipTime]:0 [Veto1]:736.537 [Veto2]:757.553 [Veto3]:530.315 [Veto4]:530.315 [SgUp1]:58190 [SgUp2]:57122 [SgUp3]:0 [SgUp4]:0 [SgLow1]:58104 [SgLow2]:57038 [SgLow3]:0 [SgLow4]:0 [NetMuon1]:570151 [NetMuon2]:566179 [NetMuon3]:611216 [NetMuon4]:611216
[Run]:42475 [Site]:1 [Bin]:16417 [FullTime]:3600 [SkipTime]:0 [Veto1]:728.509 [Veto2]:742.501 [Veto3]:529.764 [Veto4]:529.764 [SgUp1]:58141 [SgUp2]:57116 [SgUp3]:0 [SgUp4]:0 [SgLow1]:58063 [SgLow2]:57042 [SgLow3]:0 [SgLow4]:0 [NetMuon1]:571524 [NetMuon2]:568348 [NetMuon3]:610899 [NetMuon4]:610899
[Run]:42475 [Site]:1 [Bin]:16418 [FullTime]:3600 [SkipTime]:0 [Veto1]:719.596 [Veto2]:740.757 [Veto3]:530.568 [Veto4]:530.568 [SgUp1]:58464 [SgUp2]:57111 [SgUp3]:0 [SgUp4]:0 [SgLow1]:58380 [SgLow2]:57036 [SgLow3]:0 [SgLow4]:0 [NetMuon1]:573917 [NetMuon2]:570006 [NetMuon3]:611659 [NetMuon4]:611659
[Run]:42475 [Site]:1 [Bin]:16419 [FullTime]:3600 [SkipTime]:0 [Veto1]:738.261 [Veto2]:726.176 [Veto3]:529.333 [Veto4]:529.333 [SgUp1]:57654 [SgUp2]:57219 [SgUp3]:0 [SgUp4]:0 [SgLow1]:57568 [SgLow2]:57141 [SgLow3]:0 [SgLow4]:0 [NetMuon1]:568625 [NetMuon2]:570902 [NetMuon3]:610231 [NetMuon4]:610231
[Run]:42475 [Site]:1 [Bin]:16420 [FullTime]:3600 [SkipTime]:0 [Veto1]:738.832 [Veto2]:772.605 [Veto3]:530.102 [Veto4]:530.102 [SgUp1]:57453 [SgUp2]:56359 [SgUp3]:0 [SgUp4]:0 [SgLow1]:57382 [SgLow2]:56267 [SgLow3]:0 [SgLow4]:0 [NetMuon1]:569431 [NetMuon2]:562336 [NetMuon3]:611035 [NetMuon4]:611035
[Run]:42475 [Site]:1 [Bin]:16421 [FullTime]:3600 [SkipTime]:0 [Veto1]:728.745 [Veto2]:744.078 [Veto3]:530.467 [Veto4]:530.467 [SgUp1]:57608 [SgUp2]:56948 [SgUp3]:0 [SgUp4]:0 [SgLow1]:57517 [SgLow2]:56851 [SgLow3]:0 [SgLow4]:0 [NetMuon1]:572243 [NetMuon2]:569107 [NetMuon3]:611684 [NetMuon4]:611684
[Run]:42475 [Site]:1 [Bin]:16422 [FullTime]:3600 [SkipTime]:0 [Veto1]:745.013 [Veto2]:744.541 [Veto3]:530.756 [Veto4]:530.756 [SgUp1]:57287 [SgUp2]:56969 [SgUp3]:0 [SgUp4]:0 [SgLow1]:57209 [SgLow2]:56890 [SgLow3]:0 [SgLow4]:0 [NetMuon1]:569132 [NetMuon2]:569423 [NetMuon3]:611789 [NetMuon4]:611789
[Run]:42475 [Site]:1 [Bin]:16423 [FullTime]:3600 [SkipTime]:0 [Veto1]:724.1 [Veto2]:744.318 [Veto3]:530.502 [Veto4]:530.502 [SgUp1]:57496 [SgUp2]:56811 [SgUp3]:0 [SgUp4]:0 [SgLow1]:57401 [SgLow2]:56736 [SgLow3]:0 [SgLow4]:0 [NetMuon1]:573206 [NetMuon2]:568885 [NetMuon3]:611498 [NetMuon4]:611498
[Run]:42475 [Site]:1 [Bin]:16424 [FullTime]:3600 [SkipTime]:0 [Veto1]:736.681 [Veto2]:751.651 [Veto3]:529.747 [Veto4]:529.747 [SgUp1]:57250 [SgUp2]:56609 [SgUp3]:0 [SgUp4]:0 [SgLow1]:57162 [SgLow2]:56520 [SgLow3]:0 [SgLow4]:0 [NetMuon1]:569243 [NetMuon2]:566724 [NetMuon3]:610629 [NetMuon4]:610629
[Run]:42475 [Site]:1 [Bin]:16425 [FullTime]:3600 [SkipTime]:0 [Veto1]:744.613 [Veto2]:727.734 [Veto3]:530.397 [Veto4]:530.397 [SgUp1]:57092 [SgUp2]:56968 [SgUp3]:0 [SgUp4]:0 [SgLow1]:57019 [SgLow2]:56898 [SgLow3]:0 [SgLow4]:0 [NetMuon1]:568190 [NetMuon2]:571639 [NetMuon3]:611151 [NetMuon4]:611151
[Run]:42475 [Site]:1 [Bin]:16426 [FullTime]:3600 [SkipTime]:0 [Veto1]:726.198 [Veto2]:742.86 [Veto3]:530.593 [Veto4]:530.593 [SgUp1]:57778 [SgUp2]:56528 [SgUp3]:0 [SgUp4]:0 [SgLow1]:57698 [SgLow2]:56440 [SgLow3]:0 [SgLow4]:0 [NetMuon1]:572790 [NetMuon2]:569274 [NetMuon3]:611691 [NetMuon4]:611691
[Run]:42475 [Site]:1 [Bin]:16427 [FullTime]:3600 [SkipTime]:0 [Veto1]:729.041 [Veto2]:722.373 [Veto3]:529.435 [Veto4]:529.435 [SgUp1]:57887 [SgUp2]:57403 [SgUp3]:0 [SgUp4]:0 [SgLow1]:57789 [SgLow2]:57337 [SgLow3]:0 [SgLow4]:0 [NetMuon1]:570890 [NetMuon2]:572419 [NetMuon3]:610771 [NetMuon4]:610771
[Run]:42475 [Site]:1 [Bin]:16428 [FullTime]:3600 [SkipTime]:0 [Veto1]:709.24 [Veto2]:746.122 [Veto3]:531.108 [Veto4]:531.108 [SgUp1]:57971 [SgUp2]:56598 [SgUp3]:0 [SgUp4]:0 [SgLow1]:57870 [SgLow2]:56504 [SgLow3]:0 [SgLow4]:0 [NetMuon1]:576945 [NetMuon2]:569506 [NetMuon3]:612453 [NetMuon4]:612453
[Run]:42475 [Site]:1 [Bin]:16429 [FullTime]:3600 [SkipTime]:0 [Veto1]:714.285 [Veto2]:767.278 [Veto3]:530.299 [Veto4]:530.299 [SgUp1]:58242 [SgUp2]:56379 [SgUp3]:0 [SgUp4]:0 [SgLow1]:58159 [SgLow2]:56273 [SgLow3]:0 [SgLow4]:0 [NetMuon1]:575010 [NetMuon2]:564801 [NetMuon3]:611582 [NetMuon4]:611582
[Run]:42475 [Site]:1 [Bin]:16430 [FullTime]:3600 [SkipTime]:0 [Veto1]:727.221 [Veto2]:744.985 [Veto3]:531.398 [Veto4]:531.398 [SgUp1]:57540 [SgUp2]:57191 [SgUp3]:0 [SgUp4]:0 [SgLow1]:57446 [SgLow2]:57082 [SgLow3]:0 [SgLow4]:0 [NetMuon1]:573427 [NetMuon2]:569744 [NetMuon3]:612465 [NetMuon4]:612465
[Run]:42475 [Site]:1 [Bin]:16431 [FullTime]:3600 [SkipTime]:0 [Veto1]:740.792 [Veto2]:740.121 [Veto3]:530.443 [Veto4]:530.443 [SgUp1]:57540 [SgUp2]:56962 [SgUp3]:0 [SgUp4]:0 [SgLow1]:57460 [SgLow2]:56886 [SgLow3]:0 [SgLow4]:0 [NetMuon1]:569648 [NetMuon2]:569962 [NetMuon3]:611664 [NetMuon4]:611664
[Run]:42475 [Site]:1 [Bin]:16432 [FullTime]:3600 [SkipTime]:0 [Veto1]:727.477 [Veto2]:757.293 [Veto3]:530.33 [Veto4]:530.33 [SgUp1]:57295 [SgUp2]:56529 [SgUp3]:0 [SgUp4]:0 [SgLow1]:57224 [SgLow2]:56444 [SgLow3]:0 [SgLow4]:0 [NetMuon1]:572372 [NetMuon2]:566519 [NetMuon3]:611529 [NetMuon4]:611529
[Run]:42475 [Site]:1 [Bin]:16433 [FullTime]:3600 [SkipTime]:0 [Veto1]:748.691 [Veto2]:742.793 [Veto3]:529.767 [Veto4]:529.767 [SgUp1]:57297 [SgUp2]:57073 [SgUp3]:0 [SgUp4]:0 [SgLow1]:57190 [SgLow2]:56981 [SgLow3]:0 [SgLow4]:0 [NetMuon1]:567530 [NetMuon2]:568625 [NetMuon3]:610853 [NetMuon4]:610853
[Run]:42475 [Site]:1 [Bin]:16434 [FullTime]:3600 [SkipTime]:0 [Veto1]:739.925 [Veto2]:737.879 [Veto3]:531.639 [Veto4]:531.639 [SgUp1]:57129 [SgUp2]:56735 [SgUp3]:0 [SgUp4]:0 [SgLow1]:57041 [SgLow2]:56659 [SgLow3]:0 [SgLow4]:0 [NetMuon1]:571081 [NetMuon2]:571631 [NetMuon3]:612937 [NetMuon4]:612937
[Run]:42475 [Site]:1 [Bin]:16435 [FullTime]:3600 [SkipTime]:0 [Veto1]:738.09 [Veto2]:748.346 [Veto3]:531.374 [Veto4]:531.374 [SgUp1]:57386 [SgUp2]:56931 [SgUp3]:0 [SgUp4]:0 [SgLow1]:57299 [SgLow2]:56851 [SgLow3]:0 [SgLow4]:0 [NetMuon1]:571250 [NetMuon2]:569603 [NetMuon3]:612834 [NetMuon4]:612834
[Run]:42475 [Site]:1 [Bin]:16436 [FullTime]:3600 [SkipTime]:0 [Veto1]:728.045 [Veto2]:752.876 [Veto3]:529.775 [Veto4]:529.775 [SgUp1]:57344 [SgUp2]:56895 [SgUp3]:0 [SgUp4]:0 [SgLow1]:57268 [SgLow2]:56811 [SgLow3]:0 [SgLow4]:0 [NetMuon1]:571014 [NetMuon2]:566419 [NetMuon3]:610787 [NetMuon4]:610787
[Run]:42475 [Site]:1 [Bin]:16437 [FullTime]:3600 [SkipTime]:0 [Veto1]:718.794 [Veto2]:726.812 [Veto3]:530.976 [Veto4]:530.976 [SgUp1]:57758 [SgUp2]:57492 [SgUp3]:0 [SgUp4]:0 [SgLow1]:57680 [SgLow2]:57415 [SgLow3]:0 [SgLow4]:0 [NetMuon1]:574698 [NetMuon2]:573278 [NetMuon3]:612221 [NetMuon4]:612221
[Run]:42475 [Site]:1 [Bin]:16438 [FullTime]:3600 [SkipTime]:0 [Veto1]:741.059 [Veto2]:770.485 [Veto3]:531.456 [Veto4]:531.456 [SgUp1]:56740 [SgUp2]:56599 [SgUp3]:0 [SgUp4]:0 [SgLow1]:56658 [SgLow2]:56528 [SgLow3]:0 [SgLow4]:0 [NetMuon1]:570748 [NetMuon2]:564576 [NetMuon3]:612565 [NetMuon4]:612565
[Run]:42475 [Site]:1 [Bin]:16439 [FullTime]:3600 [SkipTime]:0 [Veto1]:729.923 [Veto2]:723.449 [Veto3]:529.394 [Veto4]:529.394 [SgUp1]:57083 [SgUp2]:57115 [SgUp3]:0 [SgUp4]:0 [SgLow1]:57003 [SgLow2]:57016 [SgLow3]:0 [SgLow4]:0 [NetMuon1]:570450 [NetMuon2]:572082 [NetMuon3]:610458 [NetMuon4]:610458
End process Run: 42475 ... 
[Run]:42475 [Site]:1 [Bin]:16440 [FullTime]:3225.98 [SkipTime]:0 [Veto1]:648.252 [Veto2]:671.535 [Veto3]:474.269 [Veto4]:474.269
