StreamChain add 0x95e77f0
Start to process run: 43017 ... 
[Run]:43017 [Site]:1 [Bin]:16780 [FullTime]:1889.27 [SkipTime]:0 [Veto1]:392.477 [Veto2]:394.215 [Veto3]:278.534 [Veto4]:278.534 [SgUp1]:29740 [SgUp2]:29700 [SgUp3]:0 [SgUp4]:0 [SgLow1]:29692 [SgLow2]:29661 [SgLow3]:0 [SgLow4]:0 [NetMuon1]:298083 [NetMuon2]:297961 [NetMuon3]:320844 [NetMuon4]:320844
[Run]:43017 [Site]:1 [Bin]:16781 [FullTime]:3600 [SkipTime]:0 [Veto1]:740.284 [Veto2]:742.84 [Veto3]:531.575 [Veto4]:531.575 [SgUp1]:57445 [SgUp2]:56486 [SgUp3]:0 [SgUp4]:0 [SgLow1]:57389 [SgLow2]:56409 [SgLow3]:0 [SgLow4]:0 [NetMuon1]:571363 [NetMuon2]:570867 [NetMuon3]:612948 [NetMuon4]:612948
[Run]:43017 [Site]:1 [Bin]:16782 [FullTime]:3600 [SkipTime]:0 [Veto1]:722.522 [Veto2]:741.644 [Veto3]:529.825 [Veto4]:529.825 [SgUp1]:57643 [SgUp2]:56824 [SgUp3]:0 [SgUp4]:0 [SgLow1]:57581 [SgLow2]:56758 [SgLow3]:0 [SgLow4]:0 [NetMuon1]:572773 [NetMuon2]:569225 [NetMuon3]:611102 [NetMuon4]:611102
[Run]:43017 [Site]:1 [Bin]:16783 [FullTime]:3600 [SkipTime]:0 [Veto1]:736.071 [Veto2]:743.96 [Veto3]:531.272 [Veto4]:531.272 [SgUp1]:57181 [SgUp2]:56427 [SgUp3]:0 [SgUp4]:0 [SgLow1]:57090 [SgLow2]:56367 [SgLow3]:0 [SgLow4]:0 [NetMuon1]:571777 [NetMuon2]:570321 [NetMuon3]:612708 [NetMuon4]:612708
[Run]:43017 [Site]:1 [Bin]:16784 [FullTime]:3600 [SkipTime]:0 [Veto1]:720.355 [Veto2]:739.008 [Veto3]:531.588 [Veto4]:531.588 [SgUp1]:57729 [SgUp2]:56816 [SgUp3]:0 [SgUp4]:0 [SgLow1]:57633 [SgLow2]:56726 [SgLow3]:0 [SgLow4]:0 [NetMuon1]:574985 [NetMuon2]:571434 [NetMuon3]:612718 [NetMuon4]:612718
[Run]:43017 [Site]:1 [Bin]:16785 [FullTime]:3600 [SkipTime]:0 [Veto1]:722.982 [Veto2]:759.62 [Veto3]:530.833 [Veto4]:530.833 [SgUp1]:57516 [SgUp2]:56629 [SgUp3]:0 [SgUp4]:0 [SgLow1]:57452 [SgLow2]:56548 [SgLow3]:0 [SgLow4]:0 [NetMuon1]:573798 [NetMuon2]:566576 [NetMuon3]:612071 [NetMuon4]:612071
[Run]:43017 [Site]:1 [Bin]:16786 [FullTime]:3600 [SkipTime]:0 [Veto1]:747.603 [Veto2]:738.598 [Veto3]:530.854 [Veto4]:530.854 [SgUp1]:57515 [SgUp2]:57169 [SgUp3]:0 [SgUp4]:0 [SgLow1]:57456 [SgLow2]:57088 [SgLow3]:0 [SgLow4]:0 [NetMuon1]:569225 [NetMuon2]:570631 [NetMuon3]:612130 [NetMuon4]:612130
[Run]:43017 [Site]:1 [Bin]:16787 [FullTime]:3600 [SkipTime]:0 [Veto1]:721.749 [Veto2]:747.68 [Veto3]:530.361 [Veto4]:530.361 [SgUp1]:57577 [SgUp2]:56944 [SgUp3]:0 [SgUp4]:0 [SgLow1]:57503 [SgLow2]:56863 [SgLow3]:0 [SgLow4]:0 [NetMuon1]:573194 [NetMuon2]:568158 [NetMuon3]:611395 [NetMuon4]:611395
[Run]:43017 [Site]:1 [Bin]:16788 [FullTime]:3600 [SkipTime]:0 [Veto1]:737.715 [Veto2]:731.124 [Veto3]:529.503 [Veto4]:529.503 [SgUp1]:57419 [SgUp2]:57044 [SgUp3]:0 [SgUp4]:0 [SgLow1]:57348 [SgLow2]:56979 [SgLow3]:0 [SgLow4]:0 [NetMuon1]:569206 [NetMuon2]:570395 [NetMuon3]:610449 [NetMuon4]:610449
[Run]:43017 [Site]:1 [Bin]:16789 [FullTime]:3600 [SkipTime]:0 [Veto1]:733.681 [Veto2]:725.899 [Veto3]:530.191 [Veto4]:530.191 [SgUp1]:57498 [SgUp2]:57190 [SgUp3]:0 [SgUp4]:0 [SgLow1]:57425 [SgLow2]:57130 [SgLow3]:0 [SgLow4]:0 [NetMuon1]:570430 [NetMuon2]:572394 [NetMuon3]:611226 [NetMuon4]:611226
[Run]:43017 [Site]:1 [Bin]:16790 [FullTime]:3600 [SkipTime]:0 [Veto1]:726.087 [Veto2]:737.122 [Veto3]:529.892 [Veto4]:529.892 [SgUp1]:57197 [SgUp2]:56721 [SgUp3]:0 [SgUp4]:0 [SgLow1]:57110 [SgLow2]:56646 [SgLow3]:0 [SgLow4]:0 [NetMuon1]:572331 [NetMuon2]:570001 [NetMuon3]:611123 [NetMuon4]:611123
[Run]:43017 [Site]:1 [Bin]:16791 [FullTime]:3600 [SkipTime]:0 [Veto1]:738.206 [Veto2]:745.038 [Veto3]:530.275 [Veto4]:530.275 [SgUp1]:57174 [SgUp2]:56973 [SgUp3]:0 [SgUp4]:0 [SgLow1]:57105 [SgLow2]:56874 [SgLow3]:0 [SgLow4]:0 [NetMuon1]:569921 [NetMuon2]:568707 [NetMuon3]:611264 [NetMuon4]:611264
[Run]:43017 [Site]:1 [Bin]:16792 [FullTime]:3600 [SkipTime]:0 [Veto1]:724.096 [Veto2]:739.843 [Veto3]:529.07 [Veto4]:529.07 [SgUp1]:57479 [SgUp2]:57140 [SgUp3]:0 [SgUp4]:0 [SgLow1]:57396 [SgLow2]:57072 [SgLow3]:0 [SgLow4]:0 [NetMuon1]:571202 [NetMuon2]:567927 [NetMuon3]:610053 [NetMuon4]:610053
[Run]:43017 [Site]:1 [Bin]:16793 [FullTime]:3600 [SkipTime]:0 [Veto1]:721.533 [Veto2]:733.05 [Veto3]:531.357 [Veto4]:531.357 [SgUp1]:57903 [SgUp2]:57288 [SgUp3]:0 [SgUp4]:0 [SgLow1]:57824 [SgLow2]:57214 [SgLow3]:0 [SgLow4]:0 [NetMuon1]:574981 [NetMuon2]:572488 [NetMuon3]:612756 [NetMuon4]:612756
[Run]:43017 [Site]:1 [Bin]:16794 [FullTime]:3600 [SkipTime]:0 [Veto1]:733.562 [Veto2]:760.008 [Veto3]:531.579 [Veto4]:531.579 [SgUp1]:57452 [SgUp2]:56894 [SgUp3]:0 [SgUp4]:0 [SgLow1]:57379 [SgLow2]:56820 [SgLow3]:0 [SgLow4]:0 [NetMuon1]:572136 [NetMuon2]:567259 [NetMuon3]:612788 [NetMuon4]:612788
[Run]:43017 [Site]:1 [Bin]:16795 [FullTime]:3600 [SkipTime]:0 [Veto1]:721.77 [Veto2]:724.422 [Veto3]:531.403 [Veto4]:531.403 [SgUp1]:57447 [SgUp2]:57539 [SgUp3]:0 [SgUp4]:0 [SgLow1]:57380 [SgLow2]:57455 [SgLow3]:0 [SgLow4]:0 [NetMuon1]:575046 [NetMuon2]:573827 [NetMuon3]:612584 [NetMuon4]:612584
[Run]:43017 [Site]:1 [Bin]:16796 [FullTime]:3600 [SkipTime]:0 [Veto1]:739.295 [Veto2]:751.886 [Veto3]:533.115 [Veto4]:533.115 [SgUp1]:57426 [SgUp2]:57000 [SgUp3]:0 [SgUp4]:0 [SgLow1]:57345 [SgLow2]:56918 [SgLow3]:0 [SgLow4]:0 [NetMuon1]:573031 [NetMuon2]:570557 [NetMuon3]:614318 [NetMuon4]:614318
[Run]:43017 [Site]:1 [Bin]:16797 [FullTime]:3600 [SkipTime]:0 [Veto1]:735.62 [Veto2]:741.404 [Veto3]:530.668 [Veto4]:530.668 [SgUp1]:57642 [SgUp2]:57282 [SgUp3]:0 [SgUp4]:0 [SgLow1]:57572 [SgLow2]:57192 [SgLow3]:0 [SgLow4]:0 [NetMuon1]:570824 [NetMuon2]:569836 [NetMuon3]:611705 [NetMuon4]:611705
[Run]:43017 [Site]:1 [Bin]:16798 [FullTime]:3600 [SkipTime]:0 [Veto1]:727.704 [Veto2]:732.802 [Veto3]:530.622 [Veto4]:530.622 [SgUp1]:57704 [SgUp2]:57478 [SgUp3]:0 [SgUp4]:0 [SgLow1]:57623 [SgLow2]:57405 [SgLow3]:0 [SgLow4]:0 [NetMuon1]:571781 [NetMuon2]:571364 [NetMuon3]:611561 [NetMuon4]:611561
[Run]:43017 [Site]:1 [Bin]:16799 [FullTime]:3600 [SkipTime]:0 [Veto1]:732.796 [Veto2]:751.278 [Veto3]:531.248 [Veto4]:531.248 [SgUp1]:57089 [SgUp2]:57057 [SgUp3]:0 [SgUp4]:0 [SgLow1]:57009 [SgLow2]:56972 [SgLow3]:0 [SgLow4]:0 [NetMuon1]:572363 [NetMuon2]:568784 [NetMuon3]:612538 [NetMuon4]:612538
[Run]:43017 [Site]:1 [Bin]:16800 [FullTime]:3600 [SkipTime]:0 [Veto1]:738.404 [Veto2]:738.411 [Veto3]:530.309 [Veto4]:530.309 [SgUp1]:56947 [SgUp2]:57394 [SgUp3]:0 [SgUp4]:0 [SgLow1]:56878 [SgLow2]:57327 [SgLow3]:0 [SgLow4]:0 [NetMuon1]:569936 [NetMuon2]:569938 [NetMuon3]:611402 [NetMuon4]:611402
[Run]:43017 [Site]:1 [Bin]:16801 [FullTime]:3600 [SkipTime]:0 [Veto1]:727.566 [Veto2]:735.011 [Veto3]:530.458 [Veto4]:530.458 [SgUp1]:57459 [SgUp2]:57379 [SgUp3]:0 [SgUp4]:0 [SgLow1]:57358 [SgLow2]:57281 [SgLow3]:0 [SgLow4]:0 [NetMuon1]:572003 [NetMuon2]:570945 [NetMuon3]:611349 [NetMuon4]:611349
[Run]:43017 [Site]:1 [Bin]:16802 [FullTime]:3600 [SkipTime]:0 [Veto1]:741.078 [Veto2]:742.896 [Veto3]:531.055 [Veto4]:531.055 [SgUp1]:57558 [SgUp2]:57145 [SgUp3]:0 [SgUp4]:0 [SgLow1]:57492 [SgLow2]:57077 [SgLow3]:0 [SgLow4]:0 [NetMuon1]:570501 [NetMuon2]:569982 [NetMuon3]:612253 [NetMuon4]:612253
[Run]:43017 [Site]:1 [Bin]:16803 [FullTime]:3600 [SkipTime]:0 [Veto1]:720.444 [Veto2]:732.68 [Veto3]:531.648 [Veto4]:531.648 [SgUp1]:57803 [SgUp2]:57302 [SgUp3]:0 [SgUp4]:0 [SgLow1]:57702 [SgLow2]:57228 [SgLow3]:0 [SgLow4]:0 [NetMuon1]:575108 [NetMuon2]:573135 [NetMuon3]:613242 [NetMuon4]:613242
[Run]:43017 [Site]:1 [Bin]:16804 [FullTime]:3600 [SkipTime]:0 [Veto1]:745.12 [Veto2]:732.971 [Veto3]:531.476 [Veto4]:531.476 [SgUp1]:57017 [SgUp2]:57605 [SgUp3]:0 [SgUp4]:0 [SgLow1]:56939 [SgLow2]:57544 [SgLow3]:0 [SgLow4]:0 [NetMuon1]:569728 [NetMuon2]:572746 [NetMuon3]:612702 [NetMuon4]:612702
[Run]:43017 [Site]:1 [Bin]:16805 [FullTime]:3600 [SkipTime]:0 [Veto1]:713.964 [Veto2]:744.615 [Veto3]:530.555 [Veto4]:530.555 [SgUp1]:58155 [SgUp2]:57172 [SgUp3]:0 [SgUp4]:0 [SgLow1]:58077 [SgLow2]:57101 [SgLow3]:0 [SgLow4]:0 [NetMuon1]:575016 [NetMuon2]:568928 [NetMuon3]:611617 [NetMuon4]:611617
[Run]:43017 [Site]:1 [Bin]:16806 [FullTime]:3600 [SkipTime]:0 [Veto1]:745.22 [Veto2]:746.885 [Veto3]:531.906 [Veto4]:531.906 [SgUp1]:57277 [SgUp2]:57379 [SgUp3]:0 [SgUp4]:0 [SgLow1]:57205 [SgLow2]:57299 [SgLow3]:0 [SgLow4]:0 [NetMuon1]:570628 [NetMuon2]:569690 [NetMuon3]:613097 [NetMuon4]:613097
[Run]:43017 [Site]:1 [Bin]:16807 [FullTime]:3600 [SkipTime]:0 [Veto1]:745.243 [Veto2]:745.152 [Veto3]:531.363 [Veto4]:531.363 [SgUp1]:57378 [SgUp2]:57582 [SgUp3]:0 [SgUp4]:0 [SgLow1]:57296 [SgLow2]:57495 [SgLow3]:0 [SgLow4]:0 [NetMuon1]:569830 [NetMuon2]:569963 [NetMuon3]:612409 [NetMuon4]:612409
[Run]:43017 [Site]:1 [Bin]:16808 [FullTime]:3600 [SkipTime]:0 [Veto1]:750.106 [Veto2]:762.764 [Veto3]:531.942 [Veto4]:531.942 [SgUp1]:57426 [SgUp2]:56871 [SgUp3]:0 [SgUp4]:0 [SgLow1]:57367 [SgLow2]:56810 [SgLow3]:0 [SgLow4]:0 [NetMuon1]:569203 [NetMuon2]:566937 [NetMuon3]:613055 [NetMuon4]:613055
[Run]:43017 [Site]:1 [Bin]:16809 [FullTime]:3600 [SkipTime]:0 [Veto1]:714.965 [Veto2]:755.396 [Veto3]:530.656 [Veto4]:530.656 [SgUp1]:57740 [SgUp2]:57193 [SgUp3]:0 [SgUp4]:0 [SgLow1]:57663 [SgLow2]:57114 [SgLow3]:0 [SgLow4]:0 [NetMuon1]:574953 [NetMuon2]:566993 [NetMuon3]:612077 [NetMuon4]:612077
[Run]:43017 [Site]:1 [Bin]:16810 [FullTime]:3600 [SkipTime]:0 [Veto1]:725.097 [Veto2]:771.654 [Veto3]:530.132 [Veto4]:530.132 [SgUp1]:57381 [SgUp2]:56461 [SgUp3]:0 [SgUp4]:0 [SgLow1]:57305 [SgLow2]:56405 [SgLow3]:0 [SgLow4]:0 [NetMuon1]:572725 [NetMuon2]:563495 [NetMuon3]:611509 [NetMuon4]:611509
[Run]:43017 [Site]:1 [Bin]:16811 [FullTime]:3600 [SkipTime]:0 [Veto1]:724.633 [Veto2]:738.95 [Veto3]:531.016 [Veto4]:531.016 [SgUp1]:57539 [SgUp2]:57381 [SgUp3]:0 [SgUp4]:0 [SgLow1]:57450 [SgLow2]:57279 [SgLow3]:0 [SgLow4]:0 [NetMuon1]:574101 [NetMuon2]:570770 [NetMuon3]:612280 [NetMuon4]:612280
[Run]:43017 [Site]:1 [Bin]:16812 [FullTime]:3600 [SkipTime]:0 [Veto1]:738.476 [Veto2]:751.739 [Veto3]:530.785 [Veto4]:530.785 [SgUp1]:57576 [SgUp2]:57686 [SgUp3]:0 [SgUp4]:0 [SgLow1]:57478 [SgLow2]:57612 [SgLow3]:0 [SgLow4]:0 [NetMuon1]:570357 [NetMuon2]:567562 [NetMuon3]:611787 [NetMuon4]:611787
[Run]:43017 [Site]:1 [Bin]:16813 [FullTime]:3600 [SkipTime]:0 [Veto1]:739.439 [Veto2]:746.61 [Veto3]:531.942 [Veto4]:531.942 [SgUp1]:56924 [SgUp2]:56555 [SgUp3]:0 [SgUp4]:0 [SgLow1]:56848 [SgLow2]:56481 [SgLow3]:0 [SgLow4]:0 [NetMuon1]:571600 [NetMuon2]:570376 [NetMuon3]:613200 [NetMuon4]:613200
[Run]:43017 [Site]:1 [Bin]:16814 [FullTime]:3600 [SkipTime]:0 [Veto1]:742.527 [Veto2]:746.523 [Veto3]:531.615 [Veto4]:531.615 [SgUp1]:57183 [SgUp2]:56966 [SgUp3]:0 [SgUp4]:0 [SgLow1]:57094 [SgLow2]:56881 [SgLow3]:0 [SgLow4]:0 [NetMuon1]:570883 [NetMuon2]:570071 [NetMuon3]:613058 [NetMuon4]:613058
[Run]:43017 [Site]:1 [Bin]:16815 [FullTime]:3600 [SkipTime]:0 [Veto1]:731.595 [Veto2]:748.548 [Veto3]:530.838 [Veto4]:530.838 [SgUp1]:57664 [SgUp2]:57012 [SgUp3]:0 [SgUp4]:0 [SgLow1]:57575 [SgLow2]:56939 [SgLow3]:0 [SgLow4]:0 [NetMuon1]:571524 [NetMuon2]:568498 [NetMuon3]:611724 [NetMuon4]:611724
[Run]:43017 [Site]:1 [Bin]:16816 [FullTime]:3600 [SkipTime]:0 [Veto1]:736.845 [Veto2]:742.049 [Veto3]:530.929 [Veto4]:530.929 [SgUp1]:57449 [SgUp2]:56782 [SgUp3]:0 [SgUp4]:0 [SgLow1]:57374 [SgLow2]:56719 [SgLow3]:0 [SgLow4]:0 [NetMuon1]:571282 [NetMuon2]:569790 [NetMuon3]:612238 [NetMuon4]:612238
[Run]:43017 [Site]:1 [Bin]:16817 [FullTime]:3600 [SkipTime]:0 [Veto1]:745.257 [Veto2]:761.431 [Veto3]:529.941 [Veto4]:529.941 [SgUp1]:57044 [SgUp2]:56885 [SgUp3]:0 [SgUp4]:0 [SgLow1]:56977 [SgLow2]:56821 [SgLow3]:0 [SgLow4]:0 [NetMuon1]:568577 [NetMuon2]:564965 [NetMuon3]:611151 [NetMuon4]:611151
[Run]:43017 [Site]:1 [Bin]:16818 [FullTime]:3600 [SkipTime]:0 [Veto1]:744.627 [Veto2]:761.398 [Veto3]:531.864 [Veto4]:531.864 [SgUp1]:57477 [SgUp2]:56566 [SgUp3]:0 [SgUp4]:0 [SgLow1]:57411 [SgLow2]:56483 [SgLow3]:0 [SgLow4]:0 [NetMuon1]:570742 [NetMuon2]:567363 [NetMuon3]:613068 [NetMuon4]:613068
[Run]:43017 [Site]:1 [Bin]:16819 [FullTime]:3600 [SkipTime]:0 [Veto1]:746.981 [Veto2]:728.212 [Veto3]:530.768 [Veto4]:530.768 [SgUp1]:57126 [SgUp2]:57865 [SgUp3]:0 [SgUp4]:0 [SgLow1]:57056 [SgLow2]:57778 [SgLow3]:0 [SgLow4]:0 [NetMuon1]:568853 [NetMuon2]:572408 [NetMuon3]:611566 [NetMuon4]:611566
[Run]:43017 [Site]:1 [Bin]:16820 [FullTime]:3600 [SkipTime]:0 [Veto1]:736.262 [Veto2]:746.677 [Veto3]:531.307 [Veto4]:531.307 [SgUp1]:57761 [SgUp2]:56995 [SgUp3]:0 [SgUp4]:0 [SgLow1]:57700 [SgLow2]:56904 [SgLow3]:0 [SgLow4]:0 [NetMuon1]:571224 [NetMuon2]:569173 [NetMuon3]:612227 [NetMuon4]:612227
[Run]:43017 [Site]:1 [Bin]:16821 [FullTime]:3600 [SkipTime]:0 [Veto1]:748.077 [Veto2]:723.746 [Veto3]:530.826 [Veto4]:530.826 [SgUp1]:57275 [SgUp2]:57396 [SgUp3]:0 [SgUp4]:0 [SgLow1]:57208 [SgLow2]:57332 [SgLow3]:0 [SgLow4]:0 [NetMuon1]:568403 [NetMuon2]:573220 [NetMuon3]:611735 [NetMuon4]:611735
[Run]:43017 [Site]:1 [Bin]:16822 [FullTime]:3600 [SkipTime]:0 [Veto1]:737.669 [Veto2]:758.791 [Veto3]:531.572 [Veto4]:531.572 [SgUp1]:57463 [SgUp2]:57238 [SgUp3]:0 [SgUp4]:0 [SgLow1]:57364 [SgLow2]:57141 [SgLow3]:0 [SgLow4]:0 [NetMuon1]:571795 [NetMuon2]:567885 [NetMuon3]:613097 [NetMuon4]:613097
[Run]:43017 [Site]:1 [Bin]:16823 [FullTime]:3600 [SkipTime]:0 [Veto1]:731.304 [Veto2]:742.09 [Veto3]:530.984 [Veto4]:530.984 [SgUp1]:57657 [SgUp2]:57146 [SgUp3]:0 [SgUp4]:0 [SgLow1]:57576 [SgLow2]:57087 [SgLow3]:0 [SgLow4]:0 [NetMuon1]:571929 [NetMuon2]:569904 [NetMuon3]:612002 [NetMuon4]:612002
[Run]:43017 [Site]:1 [Bin]:16824 [FullTime]:3600 [SkipTime]:0 [Veto1]:740.583 [Veto2]:747.872 [Veto3]:530.137 [Veto4]:530.137 [SgUp1]:57761 [SgUp2]:57168 [SgUp3]:0 [SgUp4]:0 [SgLow1]:57687 [SgLow2]:57104 [SgLow3]:0 [SgLow4]:0 [NetMuon1]:569075 [NetMuon2]:568201 [NetMuon3]:611333 [NetMuon4]:611333
[Run]:43017 [Site]:1 [Bin]:16825 [FullTime]:3600 [SkipTime]:0 [Veto1]:716.597 [Veto2]:748.547 [Veto3]:530.48 [Veto4]:530.48 [SgUp1]:57805 [SgUp2]:57344 [SgUp3]:0 [SgUp4]:0 [SgLow1]:57737 [SgLow2]:57256 [SgLow3]:0 [SgLow4]:0 [NetMuon1]:574823 [NetMuon2]:568066 [NetMuon3]:611712 [NetMuon4]:611712
[Run]:43017 [Site]:1 [Bin]:16826 [FullTime]:3600 [SkipTime]:0 [Veto1]:737.691 [Veto2]:746.41 [Veto3]:529.827 [Veto4]:529.827 [SgUp1]:57562 [SgUp2]:57328 [SgUp3]:0 [SgUp4]:0 [SgLow1]:57498 [SgLow2]:57246 [SgLow3]:0 [SgLow4]:0 [NetMuon1]:569232 [NetMuon2]:567708 [NetMuon3]:610761 [NetMuon4]:610761
[Run]:43017 [Site]:1 [Bin]:16827 [FullTime]:3600 [SkipTime]:0 [Veto1]:754.088 [Veto2]:736.348 [Veto3]:530.583 [Veto4]:530.583 [SgUp1]:57168 [SgUp2]:57315 [SgUp3]:0 [SgUp4]:0 [SgLow1]:57108 [SgLow2]:57245 [SgLow3]:0 [SgLow4]:0 [NetMuon1]:567092 [NetMuon2]:571045 [NetMuon3]:611882 [NetMuon4]:611882
[Run]:43017 [Site]:1 [Bin]:16828 [FullTime]:3600 [SkipTime]:0 [Veto1]:740.117 [Veto2]:751.496 [Veto3]:530.685 [Veto4]:530.685 [SgUp1]:57787 [SgUp2]:57150 [SgUp3]:0 [SgUp4]:0 [SgLow1]:57709 [SgLow2]:57076 [SgLow3]:0 [SgLow4]:0 [NetMuon1]:570033 [NetMuon2]:568260 [NetMuon3]:611813 [NetMuon4]:611813
[Run]:43017 [Site]:1 [Bin]:16829 [FullTime]:3600 [SkipTime]:0 [Veto1]:728.375 [Veto2]:743.9 [Veto3]:530.93 [Veto4]:530.93 [SgUp1]:58054 [SgUp2]:57432 [SgUp3]:0 [SgUp4]:0 [SgLow1]:57966 [SgLow2]:57361 [SgLow3]:0 [SgLow4]:0 [NetMuon1]:572666 [NetMuon2]:569577 [NetMuon3]:612085 [NetMuon4]:612085
[Run]:43017 [Site]:1 [Bin]:16830 [FullTime]:3600 [SkipTime]:0 [Veto1]:746.445 [Veto2]:750.373 [Veto3]:530.871 [Veto4]:530.871 [SgUp1]:57473 [SgUp2]:56785 [SgUp3]:0 [SgUp4]:0 [SgLow1]:57398 [SgLow2]:56708 [SgLow3]:0 [SgLow4]:0 [NetMuon1]:569651 [NetMuon2]:568410 [NetMuon3]:612028 [NetMuon4]:612028
[Run]:43017 [Site]:1 [Bin]:16831 [FullTime]:3600 [SkipTime]:0 [Veto1]:731.67 [Veto2]:732.711 [Veto3]:531.024 [Veto4]:531.024 [SgUp1]:57857 [SgUp2]:57721 [SgUp3]:0 [SgUp4]:0 [SgLow1]:57766 [SgLow2]:57638 [SgLow3]:0 [SgLow4]:0 [NetMuon1]:572227 [NetMuon2]:571954 [NetMuon3]:612180 [NetMuon4]:612180
[Run]:43017 [Site]:1 [Bin]:16832 [FullTime]:3600 [SkipTime]:0 [Veto1]:733.628 [Veto2]:751.482 [Veto3]:529.472 [Veto4]:529.472 [SgUp1]:57213 [SgUp2]:57049 [SgUp3]:0 [SgUp4]:0 [SgLow1]:57129 [SgLow2]:56956 [SgLow3]:0 [SgLow4]:0 [NetMuon1]:569800 [NetMuon2]:566103 [NetMuon3]:610283 [NetMuon4]:610283
[Run]:43017 [Site]:1 [Bin]:16833 [FullTime]:3600 [SkipTime]:0 [Veto1]:740.756 [Veto2]:745.79 [Veto3]:530.872 [Veto4]:530.872 [SgUp1]:57124 [SgUp2]:57013 [SgUp3]:0 [SgUp4]:0 [SgLow1]:57052 [SgLow2]:56931 [SgLow3]:0 [SgLow4]:0 [NetMuon1]:570129 [NetMuon2]:569285 [NetMuon3]:612166 [NetMuon4]:612166
[Run]:43017 [Site]:1 [Bin]:16834 [FullTime]:3600 [SkipTime]:0 [Veto1]:745.689 [Veto2]:750.814 [Veto3]:530.857 [Veto4]:530.857 [SgUp1]:57257 [SgUp2]:57136 [SgUp3]:0 [SgUp4]:0 [SgLow1]:57199 [SgLow2]:57057 [SgLow3]:0 [SgLow4]:0 [NetMuon1]:569312 [NetMuon2]:568212 [NetMuon3]:612087 [NetMuon4]:612087
[Run]:43017 [Site]:1 [Bin]:16835 [FullTime]:3600 [SkipTime]:0 [Veto1]:739.233 [Veto2]:739.578 [Veto3]:531.221 [Veto4]:531.221 [SgUp1]:57194 [SgUp2]:56787 [SgUp3]:0 [SgUp4]:0 [SgLow1]:57089 [SgLow2]:56711 [SgLow3]:0 [SgLow4]:0 [NetMuon1]:570911 [NetMuon2]:570707 [NetMuon3]:612407 [NetMuon4]:612407
[Run]:43017 [Site]:1 [Bin]:16836 [FullTime]:3600 [SkipTime]:0 [Veto1]:728.812 [Veto2]:741.465 [Veto3]:531.71 [Veto4]:531.71 [SgUp1]:57246 [SgUp2]:57613 [SgUp3]:0 [SgUp4]:0 [SgLow1]:57164 [SgLow2]:57526 [SgLow3]:0 [SgLow4]:0 [NetMuon1]:573993 [NetMuon2]:571235 [NetMuon3]:613034 [NetMuon4]:613034
[Run]:43017 [Site]:1 [Bin]:16837 [FullTime]:3600 [SkipTime]:0 [Veto1]:715.667 [Veto2]:738.002 [Veto3]:532.156 [Veto4]:532.156 [SgUp1]:57764 [SgUp2]:57617 [SgUp3]:0 [SgUp4]:0 [SgLow1]:57688 [SgLow2]:57535 [SgLow3]:0 [SgLow4]:0 [NetMuon1]:576337 [NetMuon2]:572231 [NetMuon3]:613251 [NetMuon4]:613251
[Run]:43017 [Site]:1 [Bin]:16838 [FullTime]:3600 [SkipTime]:0 [Veto1]:725.537 [Veto2]:727.111 [Veto3]:532.247 [Veto4]:532.247 [SgUp1]:57903 [SgUp2]:57452 [SgUp3]:0 [SgUp4]:0 [SgLow1]:57849 [SgLow2]:57373 [SgLow3]:0 [SgLow4]:0 [NetMuon1]:575499 [NetMuon2]:574799 [NetMuon3]:613805 [NetMuon4]:613805
[Run]:43017 [Site]:1 [Bin]:16839 [FullTime]:3600 [SkipTime]:0 [Veto1]:747.278 [Veto2]:758.349 [Veto3]:531.841 [Veto4]:531.841 [SgUp1]:57309 [SgUp2]:56929 [SgUp3]:0 [SgUp4]:0 [SgLow1]:57242 [SgLow2]:56847 [SgLow3]:0 [SgLow4]:0 [NetMuon1]:570375 [NetMuon2]:567971 [NetMuon3]:613116 [NetMuon4]:613116
[Run]:43017 [Site]:1 [Bin]:16840 [FullTime]:3600 [SkipTime]:0 [Veto1]:728.758 [Veto2]:751.516 [Veto3]:530.529 [Veto4]:530.529 [SgUp1]:57457 [SgUp2]:57075 [SgUp3]:0 [SgUp4]:0 [SgLow1]:57372 [SgLow2]:57028 [SgLow3]:0 [SgLow4]:0 [NetMuon1]:572076 [NetMuon2]:567514 [NetMuon3]:611600 [NetMuon4]:611600
[Run]:43017 [Site]:1 [Bin]:16841 [FullTime]:3600 [SkipTime]:0 [Veto1]:749.305 [Veto2]:730.597 [Veto3]:531.771 [Veto4]:531.771 [SgUp1]:57022 [SgUp2]:57190 [SgUp3]:0 [SgUp4]:0 [SgLow1]:56952 [SgLow2]:57112 [SgLow3]:0 [SgLow4]:0 [NetMuon1]:569481 [NetMuon2]:573415 [NetMuon3]:613133 [NetMuon4]:613133
[Run]:43017 [Site]:1 [Bin]:16842 [FullTime]:3600 [SkipTime]:0 [Veto1]:730.579 [Veto2]:757.297 [Veto3]:531.763 [Veto4]:531.763 [SgUp1]:57884 [SgUp2]:56695 [SgUp3]:0 [SgUp4]:0 [SgLow1]:57803 [SgLow2]:56607 [SgLow3]:0 [SgLow4]:0 [NetMuon1]:573029 [NetMuon2]:567656 [NetMuon3]:612820 [NetMuon4]:612820
[Run]:43017 [Site]:1 [Bin]:16843 [FullTime]:3600 [SkipTime]:0 [Veto1]:740.051 [Veto2]:740.709 [Veto3]:531.388 [Veto4]:531.388 [SgUp1]:57662 [SgUp2]:57023 [SgUp3]:0 [SgUp4]:0 [SgLow1]:57590 [SgLow2]:56946 [SgLow3]:0 [SgLow4]:0 [NetMuon1]:570941 [NetMuon2]:570282 [NetMuon3]:612412 [NetMuon4]:612412
[Run]:43017 [Site]:1 [Bin]:16844 [FullTime]:3600 [SkipTime]:0 [Veto1]:732.431 [Veto2]:733.813 [Veto3]:531.144 [Veto4]:531.144 [SgUp1]:57740 [SgUp2]:57107 [SgUp3]:0 [SgUp4]:0 [SgLow1]:57673 [SgLow2]:57016 [SgLow3]:0 [SgLow4]:0 [NetMuon1]:572529 [NetMuon2]:572393 [NetMuon3]:612487 [NetMuon4]:612487
[Run]:43017 [Site]:1 [Bin]:16845 [FullTime]:3600 [SkipTime]:0 [Veto1]:753.707 [Veto2]:751.513 [Veto3]:531.088 [Veto4]:531.088 [SgUp1]:57078 [SgUp2]:56739 [SgUp3]:0 [SgUp4]:0 [SgLow1]:56977 [SgLow2]:56647 [SgLow3]:0 [SgLow4]:0 [NetMuon1]:568148 [NetMuon2]:568110 [NetMuon3]:612332 [NetMuon4]:612332
[Run]:43017 [Site]:1 [Bin]:16846 [FullTime]:3600 [SkipTime]:0 [Veto1]:730.061 [Veto2]:753.64 [Veto3]:530.063 [Veto4]:530.063 [SgUp1]:57978 [SgUp2]:56729 [SgUp3]:0 [SgUp4]:0 [SgLow1]:57886 [SgLow2]:56644 [SgLow3]:0 [SgLow4]:0 [NetMuon1]:571024 [NetMuon2]:566578 [NetMuon3]:611044 [NetMuon4]:611044
[Run]:43017 [Site]:1 [Bin]:16847 [FullTime]:3600 [SkipTime]:0 [Veto1]:740.868 [Veto2]:740.904 [Veto3]:531.128 [Veto4]:531.128 [SgUp1]:57441 [SgUp2]:57515 [SgUp3]:0 [SgUp4]:0 [SgLow1]:57354 [SgLow2]:57438 [SgLow3]:0 [SgLow4]:0 [NetMuon1]:570545 [NetMuon2]:570195 [NetMuon3]:612137 [NetMuon4]:612137
[Run]:43017 [Site]:1 [Bin]:16848 [FullTime]:3600 [SkipTime]:0 [Veto1]:742.619 [Veto2]:734.885 [Veto3]:531.155 [Veto4]:531.155 [SgUp1]:57660 [SgUp2]:57116 [SgUp3]:0 [SgUp4]:0 [SgLow1]:57585 [SgLow2]:57060 [SgLow3]:0 [SgLow4]:0 [NetMuon1]:570030 [NetMuon2]:571576 [NetMuon3]:612280 [NetMuon4]:612280
[Run]:43017 [Site]:1 [Bin]:16849 [FullTime]:3600 [SkipTime]:0 [Veto1]:724.494 [Veto2]:747.187 [Veto3]:531.423 [Veto4]:531.423 [SgUp1]:57756 [SgUp2]:56457 [SgUp3]:0 [SgUp4]:0 [SgLow1]:57663 [SgLow2]:56372 [SgLow3]:0 [SgLow4]:0 [NetMuon1]:574012 [NetMuon2]:569729 [NetMuon3]:612674 [NetMuon4]:612674
End process Run: 43017 ... 
[Run]:43017 [Site]:1 [Bin]:16850 [FullTime]:664.411 [SkipTime]:0 [Veto1]:133.132 [Veto2]:133.933 [Veto3]:97.9918 [Veto4]:97.9918
