StreamChain add 0x50487e0
Start to process run: 21370 ... 
[Run]:21370 [Site]:2 [Bin]:242 [FullTime]:1903.46 [SkipTime]:0 [Veto1]:267.878 [Veto2]:163.783 [Veto3]:163.783 [Veto4]:163.783 [SgUp1]:97091 [SgUp2]:0 [SgUp3]:0 [SgUp4]:0 [SgLow1]:96874 [SgLow2]:0 [SgLow3]:0 [SgLow4]:0 [NetMuon1]:245104 [NetMuon2]:260566 [NetMuon3]:260566 [NetMuon4]:260566
[Run]:21370 [Site]:2 [Bin]:243 [FullTime]:3590.17 [SkipTime]:0 [Veto1]:485.933 [Veto2]:308.49 [Veto3]:308.49 [Veto4]:308.49 [SgUp1]:184796 [SgUp2]:0 [SgUp3]:0 [SgUp4]:0 [SgLow1]:184421 [SgLow2]:0 [SgLow3]:0 [SgLow4]:0 [NetMuon1]:464578 [NetMuon2]:491115 [NetMuon3]:491115 [NetMuon4]:491115
[Run]:21370 [Site]:2 [Bin]:244 [FullTime]:3590.17 [SkipTime]:0 [Veto1]:480.68 [Veto2]:308.11 [Veto3]:308.11 [Veto4]:308.11 [SgUp1]:183890 [SgUp2]:0 [SgUp3]:0 [SgUp4]:0 [SgLow1]:183427 [SgLow2]:0 [SgLow3]:0 [SgLow4]:0 [NetMuon1]:464284 [NetMuon2]:490301 [NetMuon3]:490301 [NetMuon4]:490301
[Run]:21370 [Site]:2 [Bin]:245 [FullTime]:3590.17 [SkipTime]:0 [Veto1]:501.253 [Veto2]:309.522 [Veto3]:309.522 [Veto4]:309.522 [SgUp1]:184139 [SgUp2]:0 [SgUp3]:0 [SgUp4]:0 [SgLow1]:183781 [SgLow2]:0 [SgLow3]:0 [SgLow4]:0 [NetMuon1]:463642 [NetMuon2]:492472 [NetMuon3]:492472 [NetMuon4]:492472
[Run]:21370 [Site]:2 [Bin]:246 [FullTime]:3590.17 [SkipTime]:0 [Veto1]:507.159 [Veto2]:308.888 [Veto3]:308.888 [Veto4]:308.888 [SgUp1]:183917 [SgUp2]:0 [SgUp3]:0 [SgUp4]:0 [SgLow1]:183478 [SgLow2]:0 [SgLow3]:0 [SgLow4]:0 [NetMuon1]:461830 [NetMuon2]:491692 [NetMuon3]:491692 [NetMuon4]:491692
[Run]:21370 [Site]:2 [Bin]:247 [FullTime]:3590.17 [SkipTime]:0 [Veto1]:513.307 [Veto2]:309.507 [Veto3]:309.507 [Veto4]:309.507 [SgUp1]:182756 [SgUp2]:0 [SgUp3]:0 [SgUp4]:0 [SgLow1]:182377 [SgLow2]:0 [SgLow3]:0 [SgLow4]:0 [NetMuon1]:461656 [NetMuon2]:492781 [NetMuon3]:492781 [NetMuon4]:492781
[Run]:21370 [Site]:2 [Bin]:248 [FullTime]:3590.17 [SkipTime]:0 [Veto1]:519.678 [Veto2]:309.204 [Veto3]:309.204 [Veto4]:309.204 [SgUp1]:182752 [SgUp2]:0 [SgUp3]:0 [SgUp4]:0 [SgLow1]:182380 [SgLow2]:0 [SgLow3]:0 [SgLow4]:0 [NetMuon1]:460941 [NetMuon2]:492258 [NetMuon3]:492258 [NetMuon4]:492258
[Run]:21370 [Site]:2 [Bin]:249 [FullTime]:3590.17 [SkipTime]:0 [Veto1]:506.496 [Veto2]:308.471 [Veto3]:308.471 [Veto4]:308.471 [SgUp1]:183996 [SgUp2]:0 [SgUp3]:0 [SgUp4]:0 [SgLow1]:183563 [SgLow2]:0 [SgLow3]:0 [SgLow4]:0 [NetMuon1]:461563 [NetMuon2]:491139 [NetMuon3]:491139 [NetMuon4]:491139
[Run]:21370 [Site]:2 [Bin]:250 [FullTime]:3590.17 [SkipTime]:0 [Veto1]:510.185 [Veto2]:308.755 [Veto3]:308.755 [Veto4]:308.755 [SgUp1]:182932 [SgUp2]:0 [SgUp3]:0 [SgUp4]:0 [SgLow1]:182539 [SgLow2]:0 [SgLow3]:0 [SgLow4]:0 [NetMuon1]:461409 [NetMuon2]:491639 [NetMuon3]:491639 [NetMuon4]:491639
[Run]:21370 [Site]:2 [Bin]:251 [FullTime]:3590.17 [SkipTime]:0 [Veto1]:533.476 [Veto2]:308.358 [Veto3]:308.358 [Veto4]:308.358 [SgUp1]:181340 [SgUp2]:0 [SgUp3]:0 [SgUp4]:0 [SgLow1]:180930 [SgLow2]:0 [SgLow3]:0 [SgLow4]:0 [NetMuon1]:457066 [NetMuon2]:490690 [NetMuon3]:490690 [NetMuon4]:490690
[Run]:21370 [Site]:2 [Bin]:252 [FullTime]:3590.17 [SkipTime]:0 [Veto1]:500.885 [Veto2]:309.797 [Veto3]:309.797 [Veto4]:309.797 [SgUp1]:183895 [SgUp2]:0 [SgUp3]:0 [SgUp4]:0 [SgLow1]:183452 [SgLow2]:0 [SgLow3]:0 [SgLow4]:0 [NetMuon1]:464658 [NetMuon2]:492939 [NetMuon3]:492939 [NetMuon4]:492939
[Run]:21370 [Site]:2 [Bin]:253 [FullTime]:3590.17 [SkipTime]:0 [Veto1]:504.613 [Veto2]:309.257 [Veto3]:309.257 [Veto4]:309.257 [SgUp1]:181831 [SgUp2]:0 [SgUp3]:0 [SgUp4]:0 [SgLow1]:181477 [SgLow2]:0 [SgLow3]:0 [SgLow4]:0 [NetMuon1]:463029 [NetMuon2]:492323 [NetMuon3]:492323 [NetMuon4]:492323
[Run]:21370 [Site]:2 [Bin]:254 [FullTime]:3590.17 [SkipTime]:0 [Veto1]:514.032 [Veto2]:309.658 [Veto3]:309.658 [Veto4]:309.658 [SgUp1]:182410 [SgUp2]:0 [SgUp3]:0 [SgUp4]:0 [SgLow1]:182023 [SgLow2]:0 [SgLow3]:0 [SgLow4]:0 [NetMuon1]:461868 [NetMuon2]:492814 [NetMuon3]:492814 [NetMuon4]:492814
[Run]:21370 [Site]:2 [Bin]:255 [FullTime]:3590.17 [SkipTime]:0 [Veto1]:518.28 [Veto2]:309.468 [Veto3]:309.468 [Veto4]:309.468 [SgUp1]:182411 [SgUp2]:0 [SgUp3]:0 [SgUp4]:0 [SgLow1]:182043 [SgLow2]:0 [SgLow3]:0 [SgLow4]:0 [NetMuon1]:461058 [NetMuon2]:492605 [NetMuon3]:492605 [NetMuon4]:492605
[Run]:21370 [Site]:2 [Bin]:256 [FullTime]:3590.17 [SkipTime]:0 [Veto1]:512.214 [Veto2]:309.051 [Veto3]:309.051 [Veto4]:309.051 [SgUp1]:182805 [SgUp2]:0 [SgUp3]:0 [SgUp4]:0 [SgLow1]:182383 [SgLow2]:0 [SgLow3]:0 [SgLow4]:0 [NetMuon1]:461372 [NetMuon2]:491893 [NetMuon3]:491893 [NetMuon4]:491893
[Run]:21370 [Site]:2 [Bin]:257 [FullTime]:3590.17 [SkipTime]:0 [Veto1]:511.328 [Veto2]:309.053 [Veto3]:309.053 [Veto4]:309.053 [SgUp1]:183559 [SgUp2]:0 [SgUp3]:0 [SgUp4]:0 [SgLow1]:183164 [SgLow2]:0 [SgLow3]:0 [SgLow4]:0 [NetMuon1]:461538 [NetMuon2]:491975 [NetMuon3]:491975 [NetMuon4]:491975
[Run]:21370 [Site]:2 [Bin]:258 [FullTime]:3590.17 [SkipTime]:0 [Veto1]:494.506 [Veto2]:309.959 [Veto3]:309.959 [Veto4]:309.959 [SgUp1]:183271 [SgUp2]:0 [SgUp3]:0 [SgUp4]:0 [SgLow1]:182909 [SgLow2]:0 [SgLow3]:0 [SgLow4]:0 [NetMuon1]:465505 [NetMuon2]:493392 [NetMuon3]:493392 [NetMuon4]:493392
[Run]:21370 [Site]:2 [Bin]:259 [FullTime]:3590.17 [SkipTime]:0 [Veto1]:525.434 [Veto2]:310.022 [Veto3]:310.022 [Veto4]:310.022 [SgUp1]:181748 [SgUp2]:0 [SgUp3]:0 [SgUp4]:0 [SgLow1]:181344 [SgLow2]:0 [SgLow3]:0 [SgLow4]:0 [NetMuon1]:461049 [NetMuon2]:493577 [NetMuon3]:493577 [NetMuon4]:493577
[Run]:21370 [Site]:2 [Bin]:260 [FullTime]:3590.17 [SkipTime]:0 [Veto1]:504.2 [Veto2]:309.114 [Veto3]:309.114 [Veto4]:309.114 [SgUp1]:182781 [SgUp2]:0 [SgUp3]:0 [SgUp4]:0 [SgLow1]:182413 [SgLow2]:0 [SgLow3]:0 [SgLow4]:0 [NetMuon1]:462726 [NetMuon2]:492036 [NetMuon3]:492036 [NetMuon4]:492036
[Run]:21370 [Site]:2 [Bin]:261 [FullTime]:3590.17 [SkipTime]:0 [Veto1]:516.396 [Veto2]:309.004 [Veto3]:309.004 [Veto4]:309.004 [SgUp1]:182499 [SgUp2]:0 [SgUp3]:0 [SgUp4]:0 [SgLow1]:182103 [SgLow2]:0 [SgLow3]:0 [SgLow4]:0 [NetMuon1]:460315 [NetMuon2]:491719 [NetMuon3]:491719 [NetMuon4]:491719
[Run]:21370 [Site]:2 [Bin]:262 [FullTime]:3590.17 [SkipTime]:0 [Veto1]:509.817 [Veto2]:309.224 [Veto3]:309.224 [Veto4]:309.224 [SgUp1]:183815 [SgUp2]:0 [SgUp3]:0 [SgUp4]:0 [SgLow1]:183463 [SgLow2]:0 [SgLow3]:0 [SgLow4]:0 [NetMuon1]:462346 [NetMuon2]:492281 [NetMuon3]:492281 [NetMuon4]:492281
[Run]:21370 [Site]:2 [Bin]:263 [FullTime]:3590.17 [SkipTime]:0 [Veto1]:488.266 [Veto2]:308.969 [Veto3]:308.969 [Veto4]:308.969 [SgUp1]:184123 [SgUp2]:0 [SgUp3]:0 [SgUp4]:0 [SgLow1]:183742 [SgLow2]:0 [SgLow3]:0 [SgLow4]:0 [NetMuon1]:465624 [NetMuon2]:492183 [NetMuon3]:492183 [NetMuon4]:492183
[Run]:21370 [Site]:2 [Bin]:264 [FullTime]:3590.17 [SkipTime]:0 [Veto1]:500.606 [Veto2]:308.683 [Veto3]:308.683 [Veto4]:308.683 [SgUp1]:184165 [SgUp2]:0 [SgUp3]:0 [SgUp4]:0 [SgLow1]:183757 [SgLow2]:0 [SgLow3]:0 [SgLow4]:0 [NetMuon1]:463128 [NetMuon2]:491765 [NetMuon3]:491765 [NetMuon4]:491765
[Run]:21370 [Site]:2 [Bin]:265 [FullTime]:3590.17 [SkipTime]:0 [Veto1]:520.898 [Veto2]:309.124 [Veto3]:309.124 [Veto4]:309.124 [SgUp1]:182562 [SgUp2]:0 [SgUp3]:0 [SgUp4]:0 [SgLow1]:182116 [SgLow2]:0 [SgLow3]:0 [SgLow4]:0 [NetMuon1]:460206 [NetMuon2]:492045 [NetMuon3]:492045 [NetMuon4]:492045
[Run]:21370 [Site]:2 [Bin]:266 [FullTime]:3590.17 [SkipTime]:0 [Veto1]:512.929 [Veto2]:309.045 [Veto3]:309.045 [Veto4]:309.045 [SgUp1]:182436 [SgUp2]:0 [SgUp3]:0 [SgUp4]:0 [SgLow1]:182050 [SgLow2]:0 [SgLow3]:0 [SgLow4]:0 [NetMuon1]:460944 [NetMuon2]:491856 [NetMuon3]:491856 [NetMuon4]:491856
[Run]:21370 [Site]:2 [Bin]:267 [FullTime]:3590.17 [SkipTime]:0 [Veto1]:503.581 [Veto2]:309.112 [Veto3]:309.112 [Veto4]:309.112 [SgUp1]:183424 [SgUp2]:0 [SgUp3]:0 [SgUp4]:0 [SgLow1]:183000 [SgLow2]:0 [SgLow3]:0 [SgLow4]:0 [NetMuon1]:462887 [NetMuon2]:492217 [NetMuon3]:492217 [NetMuon4]:492217
[Run]:21370 [Site]:2 [Bin]:268 [FullTime]:3590.17 [SkipTime]:0 [Veto1]:504.488 [Veto2]:308.991 [Veto3]:308.991 [Veto4]:308.991 [SgUp1]:183143 [SgUp2]:0 [SgUp3]:0 [SgUp4]:0 [SgLow1]:182712 [SgLow2]:0 [SgLow3]:0 [SgLow4]:0 [NetMuon1]:462593 [NetMuon2]:491967 [NetMuon3]:491967 [NetMuon4]:491967
[Run]:21370 [Site]:2 [Bin]:269 [FullTime]:3590.17 [SkipTime]:0 [Veto1]:506.142 [Veto2]:308.75 [Veto3]:308.75 [Veto4]:308.75 [SgUp1]:183443 [SgUp2]:0 [SgUp3]:0 [SgUp4]:0 [SgLow1]:183038 [SgLow2]:0 [SgLow3]:0 [SgLow4]:0 [NetMuon1]:461918 [NetMuon2]:491573 [NetMuon3]:491573 [NetMuon4]:491573
[Run]:21370 [Site]:2 [Bin]:270 [FullTime]:3590.17 [SkipTime]:0 [Veto1]:515.497 [Veto2]:308.971 [Veto3]:308.971 [Veto4]:308.971 [SgUp1]:182148 [SgUp2]:0 [SgUp3]:0 [SgUp4]:0 [SgLow1]:181730 [SgLow2]:0 [SgLow3]:0 [SgLow4]:0 [NetMuon1]:460831 [NetMuon2]:491809 [NetMuon3]:491809 [NetMuon4]:491809
[Run]:21370 [Site]:2 [Bin]:271 [FullTime]:3590.17 [SkipTime]:0 [Veto1]:502.123 [Veto2]:309.134 [Veto3]:309.134 [Veto4]:309.134 [SgUp1]:182882 [SgUp2]:0 [SgUp3]:0 [SgUp4]:0 [SgLow1]:182501 [SgLow2]:0 [SgLow3]:0 [SgLow4]:0 [NetMuon1]:463329 [NetMuon2]:492071 [NetMuon3]:492071 [NetMuon4]:492071
[Run]:21370 [Site]:2 [Bin]:272 [FullTime]:3590.17 [SkipTime]:0 [Veto1]:497.409 [Veto2]:309.497 [Veto3]:309.497 [Veto4]:309.497 [SgUp1]:183716 [SgUp2]:0 [SgUp3]:0 [SgUp4]:0 [SgLow1]:183336 [SgLow2]:0 [SgLow3]:0 [SgLow4]:0 [NetMuon1]:464666 [NetMuon2]:492761 [NetMuon3]:492761 [NetMuon4]:492761
[Run]:21370 [Site]:2 [Bin]:273 [FullTime]:3590.17 [SkipTime]:0 [Veto1]:495.506 [Veto2]:309.237 [Veto3]:309.237 [Veto4]:309.237 [SgUp1]:184354 [SgUp2]:0 [SgUp3]:0 [SgUp4]:0 [SgLow1]:183959 [SgLow2]:0 [SgLow3]:0 [SgLow4]:0 [NetMuon1]:464635 [NetMuon2]:492593 [NetMuon3]:492593 [NetMuon4]:492593
[Run]:21370 [Site]:2 [Bin]:274 [FullTime]:3590.17 [SkipTime]:0 [Veto1]:500.534 [Veto2]:309.683 [Veto3]:309.683 [Veto4]:309.683 [SgUp1]:183060 [SgUp2]:0 [SgUp3]:0 [SgUp4]:0 [SgLow1]:182628 [SgLow2]:0 [SgLow3]:0 [SgLow4]:0 [NetMuon1]:464866 [NetMuon2]:493215 [NetMuon3]:493215 [NetMuon4]:493215
[Run]:21370 [Site]:2 [Bin]:275 [FullTime]:3590.17 [SkipTime]:0 [Veto1]:497.526 [Veto2]:309.217 [Veto3]:309.217 [Veto4]:309.217 [SgUp1]:183049 [SgUp2]:0 [SgUp3]:0 [SgUp4]:0 [SgLow1]:182672 [SgLow2]:0 [SgLow3]:0 [SgLow4]:0 [NetMuon1]:463840 [NetMuon2]:492306 [NetMuon3]:492306 [NetMuon4]:492306
[Run]:21370 [Site]:2 [Bin]:276 [FullTime]:3590.17 [SkipTime]:0 [Veto1]:489.996 [Veto2]:309.201 [Veto3]:309.201 [Veto4]:309.201 [SgUp1]:184266 [SgUp2]:0 [SgUp3]:0 [SgUp4]:0 [SgLow1]:183898 [SgLow2]:0 [SgLow3]:0 [SgLow4]:0 [NetMuon1]:465269 [NetMuon2]:492483 [NetMuon3]:492483 [NetMuon4]:492483
[Run]:21370 [Site]:2 [Bin]:277 [FullTime]:3590.17 [SkipTime]:0 [Veto1]:517.699 [Veto2]:308.921 [Veto3]:308.921 [Veto4]:308.921 [SgUp1]:182971 [SgUp2]:0 [SgUp3]:0 [SgUp4]:0 [SgLow1]:182637 [SgLow2]:0 [SgLow3]:0 [SgLow4]:0 [NetMuon1]:460276 [NetMuon2]:491749 [NetMuon3]:491749 [NetMuon4]:491749
[Run]:21370 [Site]:2 [Bin]:278 [FullTime]:3590.17 [SkipTime]:0 [Veto1]:500.565 [Veto2]:309.097 [Veto3]:309.097 [Veto4]:309.097 [SgUp1]:183128 [SgUp2]:0 [SgUp3]:0 [SgUp4]:0 [SgLow1]:182736 [SgLow2]:0 [SgLow3]:0 [SgLow4]:0 [NetMuon1]:463592 [NetMuon2]:492422 [NetMuon3]:492422 [NetMuon4]:492422
[Run]:21370 [Site]:2 [Bin]:279 [FullTime]:3590.17 [SkipTime]:0 [Veto1]:502.179 [Veto2]:308.846 [Veto3]:308.846 [Veto4]:308.846 [SgUp1]:183892 [SgUp2]:0 [SgUp3]:0 [SgUp4]:0 [SgLow1]:183495 [SgLow2]:0 [SgLow3]:0 [SgLow4]:0 [NetMuon1]:462773 [NetMuon2]:491828 [NetMuon3]:491828 [NetMuon4]:491828
[Run]:21370 [Site]:2 [Bin]:280 [FullTime]:3590.17 [SkipTime]:0 [Veto1]:506.002 [Veto2]:308.714 [Veto3]:308.714 [Veto4]:308.714 [SgUp1]:182160 [SgUp2]:0 [SgUp3]:0 [SgUp4]:0 [SgLow1]:181712 [SgLow2]:0 [SgLow3]:0 [SgLow4]:0 [NetMuon1]:461941 [NetMuon2]:491423 [NetMuon3]:491423 [NetMuon4]:491423
[Run]:21370 [Site]:2 [Bin]:281 [FullTime]:3590.17 [SkipTime]:0 [Veto1]:505.991 [Veto2]:310.205 [Veto3]:310.205 [Veto4]:310.205 [SgUp1]:183074 [SgUp2]:0 [SgUp3]:0 [SgUp4]:0 [SgLow1]:182733 [SgLow2]:0 [SgLow3]:0 [SgLow4]:0 [NetMuon1]:463623 [NetMuon2]:493026 [NetMuon3]:493026 [NetMuon4]:493026
[Run]:21370 [Site]:2 [Bin]:282 [FullTime]:3590.17 [SkipTime]:0 [Veto1]:485.502 [Veto2]:309.415 [Veto3]:309.415 [Veto4]:309.415 [SgUp1]:184313 [SgUp2]:0 [SgUp3]:0 [SgUp4]:0 [SgLow1]:183891 [SgLow2]:0 [SgLow3]:0 [SgLow4]:0 [NetMuon1]:466009 [NetMuon2]:492337 [NetMuon3]:492337 [NetMuon4]:492337
[Run]:21370 [Site]:2 [Bin]:283 [FullTime]:3590.17 [SkipTime]:0 [Veto1]:510.183 [Veto2]:309.487 [Veto3]:309.487 [Veto4]:309.487 [SgUp1]:182350 [SgUp2]:0 [SgUp3]:0 [SgUp4]:0 [SgLow1]:182009 [SgLow2]:0 [SgLow3]:0 [SgLow4]:0 [NetMuon1]:462791 [NetMuon2]:492643 [NetMuon3]:492643 [NetMuon4]:492643
[Run]:21370 [Site]:2 [Bin]:284 [FullTime]:3590.17 [SkipTime]:0 [Veto1]:496.193 [Veto2]:309.767 [Veto3]:309.767 [Veto4]:309.767 [SgUp1]:183523 [SgUp2]:0 [SgUp3]:0 [SgUp4]:0 [SgLow1]:183153 [SgLow2]:0 [SgLow3]:0 [SgLow4]:0 [NetMuon1]:464599 [NetMuon2]:492680 [NetMuon3]:492680 [NetMuon4]:492680
[Run]:21370 [Site]:2 [Bin]:285 [FullTime]:3590.17 [SkipTime]:0 [Veto1]:490.662 [Veto2]:308.928 [Veto3]:308.928 [Veto4]:308.928 [SgUp1]:184031 [SgUp2]:0 [SgUp3]:0 [SgUp4]:0 [SgLow1]:183614 [SgLow2]:0 [SgLow3]:0 [SgLow4]:0 [NetMuon1]:464665 [NetMuon2]:491859 [NetMuon3]:491859 [NetMuon4]:491859
[Run]:21370 [Site]:2 [Bin]:286 [FullTime]:3590.17 [SkipTime]:0 [Veto1]:505.018 [Veto2]:309.604 [Veto3]:309.604 [Veto4]:309.604 [SgUp1]:183933 [SgUp2]:0 [SgUp3]:0 [SgUp4]:0 [SgLow1]:183568 [SgLow2]:0 [SgLow3]:0 [SgLow4]:0 [NetMuon1]:463369 [NetMuon2]:492578 [NetMuon3]:492578 [NetMuon4]:492578
[Run]:21370 [Site]:2 [Bin]:287 [FullTime]:3590.17 [SkipTime]:0 [Veto1]:527.912 [Veto2]:309.144 [Veto3]:309.144 [Veto4]:309.144 [SgUp1]:181889 [SgUp2]:0 [SgUp3]:0 [SgUp4]:0 [SgLow1]:181502 [SgLow2]:0 [SgLow3]:0 [SgLow4]:0 [NetMuon1]:459072 [NetMuon2]:492081 [NetMuon3]:492081 [NetMuon4]:492081
[Run]:21370 [Site]:2 [Bin]:288 [FullTime]:3590.17 [SkipTime]:0 [Veto1]:487.978 [Veto2]:308.141 [Veto3]:308.141 [Veto4]:308.141 [SgUp1]:184170 [SgUp2]:0 [SgUp3]:0 [SgUp4]:0 [SgLow1]:183782 [SgLow2]:0 [SgLow3]:0 [SgLow4]:0 [NetMuon1]:463508 [NetMuon2]:490250 [NetMuon3]:490250 [NetMuon4]:490250
[Run]:21370 [Site]:2 [Bin]:289 [FullTime]:3590.17 [SkipTime]:0 [Veto1]:512.616 [Veto2]:309.041 [Veto3]:309.041 [Veto4]:309.041 [SgUp1]:182728 [SgUp2]:0 [SgUp3]:0 [SgUp4]:0 [SgLow1]:182308 [SgLow2]:0 [SgLow3]:0 [SgLow4]:0 [NetMuon1]:461366 [NetMuon2]:491842 [NetMuon3]:491842 [NetMuon4]:491842
[Run]:21370 [Site]:2 [Bin]:290 [FullTime]:3590.17 [SkipTime]:0 [Veto1]:508.947 [Veto2]:309.916 [Veto3]:309.916 [Veto4]:309.916 [SgUp1]:182508 [SgUp2]:0 [SgUp3]:0 [SgUp4]:0 [SgLow1]:182161 [SgLow2]:0 [SgLow3]:0 [SgLow4]:0 [NetMuon1]:463575 [NetMuon2]:493220 [NetMuon3]:493220 [NetMuon4]:493220
[Run]:21370 [Site]:2 [Bin]:291 [FullTime]:3590.17 [SkipTime]:0 [Veto1]:506.91 [Veto2]:308.926 [Veto3]:308.926 [Veto4]:308.926 [SgUp1]:183700 [SgUp2]:0 [SgUp3]:0 [SgUp4]:0 [SgLow1]:183326 [SgLow2]:0 [SgLow3]:0 [SgLow4]:0 [NetMuon1]:461832 [NetMuon2]:491519 [NetMuon3]:491519 [NetMuon4]:491519
[Run]:21370 [Site]:2 [Bin]:292 [FullTime]:3590.17 [SkipTime]:0 [Veto1]:511.107 [Veto2]:309.201 [Veto3]:309.201 [Veto4]:309.201 [SgUp1]:182905 [SgUp2]:0 [SgUp3]:0 [SgUp4]:0 [SgLow1]:182497 [SgLow2]:0 [SgLow3]:0 [SgLow4]:0 [NetMuon1]:462056 [NetMuon2]:492149 [NetMuon3]:492149 [NetMuon4]:492149
[Run]:21370 [Site]:2 [Bin]:293 [FullTime]:3590.17 [SkipTime]:0 [Veto1]:499.791 [Veto2]:309.439 [Veto3]:309.439 [Veto4]:309.439 [SgUp1]:184312 [SgUp2]:0 [SgUp3]:0 [SgUp4]:0 [SgLow1]:183934 [SgLow2]:0 [SgLow3]:0 [SgLow4]:0 [NetMuon1]:463937 [NetMuon2]:492449 [NetMuon3]:492449 [NetMuon4]:492449
[Run]:21370 [Site]:2 [Bin]:294 [FullTime]:3590.17 [SkipTime]:0 [Veto1]:506.023 [Veto2]:310.06 [Veto3]:310.06 [Veto4]:310.06 [SgUp1]:182595 [SgUp2]:0 [SgUp3]:0 [SgUp4]:0 [SgLow1]:182224 [SgLow2]:0 [SgLow3]:0 [SgLow4]:0 [NetMuon1]:463986 [NetMuon2]:493514 [NetMuon3]:493514 [NetMuon4]:493514
[Run]:21370 [Site]:2 [Bin]:295 [FullTime]:3590.17 [SkipTime]:0 [Veto1]:512.946 [Veto2]:308.832 [Veto3]:308.832 [Veto4]:308.832 [SgUp1]:182002 [SgUp2]:0 [SgUp3]:0 [SgUp4]:0 [SgLow1]:181632 [SgLow2]:0 [SgLow3]:0 [SgLow4]:0 [NetMuon1]:461124 [NetMuon2]:491535 [NetMuon3]:491535 [NetMuon4]:491535
[Run]:21370 [Site]:2 [Bin]:296 [FullTime]:3590.17 [SkipTime]:0 [Veto1]:499.987 [Veto2]:308.91 [Veto3]:308.91 [Veto4]:308.91 [SgUp1]:183709 [SgUp2]:0 [SgUp3]:0 [SgUp4]:0 [SgLow1]:183341 [SgLow2]:0 [SgLow3]:0 [SgLow4]:0 [NetMuon1]:463094 [NetMuon2]:491410 [NetMuon3]:491410 [NetMuon4]:491410
End process Run: 21370 ... 
[Run]:21370 [Site]:2 [Bin]:297 [FullTime]:977.306 [SkipTime]:0 [Veto1]:139.694 [Veto2]:84.4493 [Veto3]:84.4493 [Veto4]:84.4493
