StreamChain add 0x10c377e0
Start to process run: 21229 ... 
[Run]:21229 [Site]:2 [Bin]:52 [FullTime]:2280.92 [SkipTime]:0 [Veto1]:314.911 [Veto2]:195.522 [Veto3]:195.522 [Veto4]:195.522 [SgUp1]:116178 [SgUp2]:0 [SgUp3]:0 [SgUp4]:0 [SgLow1]:115908 [SgLow2]:0 [SgLow3]:0 [SgLow4]:0 [NetMuon1]:293336 [NetMuon2]:311292 [NetMuon3]:311292 [NetMuon4]:311292
[Run]:21229 [Site]:2 [Bin]:53 [FullTime]:3590.17 [SkipTime]:0 [Veto1]:507.316 [Veto2]:308.347 [Veto3]:308.347 [Veto4]:308.347 [SgUp1]:183969 [SgUp2]:0 [SgUp3]:0 [SgUp4]:0 [SgLow1]:183580 [SgLow2]:0 [SgLow3]:0 [SgLow4]:0 [NetMuon1]:461034 [NetMuon2]:490900 [NetMuon3]:490900 [NetMuon4]:490900
[Run]:21229 [Site]:2 [Bin]:54 [FullTime]:3590.17 [SkipTime]:0 [Veto1]:503.472 [Veto2]:307.401 [Veto3]:307.401 [Veto4]:307.401 [SgUp1]:183556 [SgUp2]:0 [SgUp3]:0 [SgUp4]:0 [SgLow1]:183142 [SgLow2]:0 [SgLow3]:0 [SgLow4]:0 [NetMuon1]:460263 [NetMuon2]:489555 [NetMuon3]:489555 [NetMuon4]:489555
[Run]:21229 [Site]:2 [Bin]:55 [FullTime]:3590.17 [SkipTime]:0 [Veto1]:513.939 [Veto2]:308.018 [Veto3]:308.018 [Veto4]:308.018 [SgUp1]:183372 [SgUp2]:0 [SgUp3]:0 [SgUp4]:0 [SgLow1]:182999 [SgLow2]:0 [SgLow3]:0 [SgLow4]:0 [NetMuon1]:459916 [NetMuon2]:490486 [NetMuon3]:490486 [NetMuon4]:490486
[Run]:21229 [Site]:2 [Bin]:56 [FullTime]:3590.17 [SkipTime]:0 [Veto1]:520.307 [Veto2]:308.402 [Veto3]:308.402 [Veto4]:308.402 [SgUp1]:182748 [SgUp2]:0 [SgUp3]:0 [SgUp4]:0 [SgLow1]:182363 [SgLow2]:0 [SgLow3]:0 [SgLow4]:0 [NetMuon1]:459442 [NetMuon2]:490991 [NetMuon3]:490991 [NetMuon4]:490991
[Run]:21229 [Site]:2 [Bin]:57 [FullTime]:3590.17 [SkipTime]:0 [Veto1]:516.977 [Veto2]:309.023 [Veto3]:309.023 [Veto4]:309.023 [SgUp1]:181993 [SgUp2]:0 [SgUp3]:0 [SgUp4]:0 [SgLow1]:181598 [SgLow2]:0 [SgLow3]:0 [SgLow4]:0 [NetMuon1]:460897 [NetMuon2]:492156 [NetMuon3]:492156 [NetMuon4]:492156
[Run]:21229 [Site]:2 [Bin]:58 [FullTime]:3590.17 [SkipTime]:0 [Veto1]:504.633 [Veto2]:308.006 [Veto3]:308.006 [Veto4]:308.006 [SgUp1]:184047 [SgUp2]:0 [SgUp3]:0 [SgUp4]:0 [SgLow1]:183656 [SgLow2]:0 [SgLow3]:0 [SgLow4]:0 [NetMuon1]:461009 [NetMuon2]:490484 [NetMuon3]:490484 [NetMuon4]:490484
[Run]:21229 [Site]:2 [Bin]:59 [FullTime]:3590.17 [SkipTime]:0 [Veto1]:513.912 [Veto2]:308.052 [Veto3]:308.052 [Veto4]:308.052 [SgUp1]:183166 [SgUp2]:0 [SgUp3]:0 [SgUp4]:0 [SgLow1]:182754 [SgLow2]:0 [SgLow3]:0 [SgLow4]:0 [NetMuon1]:459792 [NetMuon2]:490833 [NetMuon3]:490833 [NetMuon4]:490833
[Run]:21229 [Site]:2 [Bin]:60 [FullTime]:3590.17 [SkipTime]:0 [Veto1]:504.702 [Veto2]:307.695 [Veto3]:307.695 [Veto4]:307.695 [SgUp1]:183450 [SgUp2]:0 [SgUp3]:0 [SgUp4]:0 [SgLow1]:183025 [SgLow2]:0 [SgLow3]:0 [SgLow4]:0 [NetMuon1]:460416 [NetMuon2]:490077 [NetMuon3]:490077 [NetMuon4]:490077
[Run]:21229 [Site]:2 [Bin]:61 [FullTime]:3590.17 [SkipTime]:0 [Veto1]:502.556 [Veto2]:307.908 [Veto3]:307.908 [Veto4]:307.908 [SgUp1]:183595 [SgUp2]:0 [SgUp3]:0 [SgUp4]:0 [SgLow1]:183259 [SgLow2]:0 [SgLow3]:0 [SgLow4]:0 [NetMuon1]:461714 [NetMuon2]:490498 [NetMuon3]:490498 [NetMuon4]:490498
[Run]:21229 [Site]:2 [Bin]:62 [FullTime]:3590.17 [SkipTime]:0 [Veto1]:498.297 [Veto2]:308.58 [Veto3]:308.58 [Veto4]:308.58 [SgUp1]:183237 [SgUp2]:0 [SgUp3]:0 [SgUp4]:0 [SgLow1]:182847 [SgLow2]:0 [SgLow3]:0 [SgLow4]:0 [NetMuon1]:463160 [NetMuon2]:491366 [NetMuon3]:491366 [NetMuon4]:491366
[Run]:21229 [Site]:2 [Bin]:63 [FullTime]:3590.17 [SkipTime]:0 [Veto1]:509.911 [Veto2]:308.522 [Veto3]:308.522 [Veto4]:308.522 [SgUp1]:183035 [SgUp2]:0 [SgUp3]:0 [SgUp4]:0 [SgLow1]:182632 [SgLow2]:0 [SgLow3]:0 [SgLow4]:0 [NetMuon1]:461045 [NetMuon2]:491340 [NetMuon3]:491340 [NetMuon4]:491340
[Run]:21229 [Site]:2 [Bin]:64 [FullTime]:3590.17 [SkipTime]:0 [Veto1]:518.674 [Veto2]:306.7 [Veto3]:306.7 [Veto4]:306.7 [SgUp1]:182636 [SgUp2]:0 [SgUp3]:0 [SgUp4]:0 [SgLow1]:182173 [SgLow2]:0 [SgLow3]:0 [SgLow4]:0 [NetMuon1]:457112 [NetMuon2]:488623 [NetMuon3]:488623 [NetMuon4]:488623
[Run]:21229 [Site]:2 [Bin]:65 [FullTime]:3590.17 [SkipTime]:0 [Veto1]:489.914 [Veto2]:308.419 [Veto3]:308.419 [Veto4]:308.419 [SgUp1]:184120 [SgUp2]:0 [SgUp3]:0 [SgUp4]:0 [SgLow1]:183732 [SgLow2]:0 [SgLow3]:0 [SgLow4]:0 [NetMuon1]:463883 [NetMuon2]:491154 [NetMuon3]:491154 [NetMuon4]:491154
[Run]:21229 [Site]:2 [Bin]:66 [FullTime]:3590.17 [SkipTime]:0 [Veto1]:503.368 [Veto2]:308.302 [Veto3]:308.302 [Veto4]:308.302 [SgUp1]:183492 [SgUp2]:0 [SgUp3]:0 [SgUp4]:0 [SgLow1]:183080 [SgLow2]:0 [SgLow3]:0 [SgLow4]:0 [NetMuon1]:461956 [NetMuon2]:491014 [NetMuon3]:491014 [NetMuon4]:491014
[Run]:21229 [Site]:2 [Bin]:67 [FullTime]:3590.17 [SkipTime]:0 [Veto1]:507.467 [Veto2]:307.42 [Veto3]:307.42 [Veto4]:307.42 [SgUp1]:183942 [SgUp2]:0 [SgUp3]:0 [SgUp4]:0 [SgLow1]:183545 [SgLow2]:0 [SgLow3]:0 [SgLow4]:0 [NetMuon1]:459411 [NetMuon2]:489456 [NetMuon3]:489456 [NetMuon4]:489456
[Run]:21229 [Site]:2 [Bin]:68 [FullTime]:3590.17 [SkipTime]:0 [Veto1]:520.612 [Veto2]:306.76 [Veto3]:306.76 [Veto4]:306.76 [SgUp1]:183029 [SgUp2]:0 [SgUp3]:0 [SgUp4]:0 [SgLow1]:182675 [SgLow2]:0 [SgLow3]:0 [SgLow4]:0 [NetMuon1]:456876 [NetMuon2]:488673 [NetMuon3]:488673 [NetMuon4]:488673
[Run]:21229 [Site]:2 [Bin]:69 [FullTime]:3590.17 [SkipTime]:0 [Veto1]:508.259 [Veto2]:307.422 [Veto3]:307.422 [Veto4]:307.422 [SgUp1]:182311 [SgUp2]:0 [SgUp3]:0 [SgUp4]:0 [SgLow1]:181926 [SgLow2]:0 [SgLow3]:0 [SgLow4]:0 [NetMuon1]:459448 [NetMuon2]:489562 [NetMuon3]:489562 [NetMuon4]:489562
[Run]:21229 [Site]:2 [Bin]:70 [FullTime]:3590.17 [SkipTime]:0 [Veto1]:497.301 [Veto2]:307.711 [Veto3]:307.711 [Veto4]:307.711 [SgUp1]:183865 [SgUp2]:0 [SgUp3]:0 [SgUp4]:0 [SgLow1]:183477 [SgLow2]:0 [SgLow3]:0 [SgLow4]:0 [NetMuon1]:462183 [NetMuon2]:490208 [NetMuon3]:490208 [NetMuon4]:490208
[Run]:21229 [Site]:2 [Bin]:71 [FullTime]:3590.17 [SkipTime]:0 [Veto1]:496.208 [Veto2]:308.146 [Veto3]:308.146 [Veto4]:308.146 [SgUp1]:184162 [SgUp2]:0 [SgUp3]:0 [SgUp4]:0 [SgLow1]:183853 [SgLow2]:0 [SgLow3]:0 [SgLow4]:0 [NetMuon1]:462791 [NetMuon2]:490692 [NetMuon3]:490692 [NetMuon4]:490692
[Run]:21229 [Site]:2 [Bin]:72 [FullTime]:3590.17 [SkipTime]:0 [Veto1]:477.787 [Veto2]:307.507 [Veto3]:307.507 [Veto4]:307.507 [SgUp1]:185843 [SgUp2]:0 [SgUp3]:0 [SgUp4]:0 [SgLow1]:185450 [SgLow2]:0 [SgLow3]:0 [SgLow4]:0 [NetMuon1]:464380 [NetMuon2]:489683 [NetMuon3]:489683 [NetMuon4]:489683
[Run]:21229 [Site]:2 [Bin]:73 [FullTime]:3590.17 [SkipTime]:0 [Veto1]:497.337 [Veto2]:308.666 [Veto3]:308.666 [Veto4]:308.666 [SgUp1]:184163 [SgUp2]:0 [SgUp3]:0 [SgUp4]:0 [SgLow1]:183803 [SgLow2]:0 [SgLow3]:0 [SgLow4]:0 [NetMuon1]:463303 [NetMuon2]:491629 [NetMuon3]:491629 [NetMuon4]:491629
[Run]:21229 [Site]:2 [Bin]:74 [FullTime]:3590.17 [SkipTime]:0 [Veto1]:500.349 [Veto2]:308.357 [Veto3]:308.357 [Veto4]:308.357 [SgUp1]:183347 [SgUp2]:0 [SgUp3]:0 [SgUp4]:0 [SgLow1]:182972 [SgLow2]:0 [SgLow3]:0 [SgLow4]:0 [NetMuon1]:462382 [NetMuon2]:491069 [NetMuon3]:491069 [NetMuon4]:491069
[Run]:21229 [Site]:2 [Bin]:75 [FullTime]:3590.18 [SkipTime]:0 [Veto1]:489.889 [Veto2]:308.67 [Veto3]:308.67 [Veto4]:308.67 [SgUp1]:184366 [SgUp2]:0 [SgUp3]:0 [SgUp4]:0 [SgLow1]:184031 [SgLow2]:0 [SgLow3]:0 [SgLow4]:0 [NetMuon1]:464455 [NetMuon2]:491488 [NetMuon3]:491488 [NetMuon4]:491488
[Run]:21229 [Site]:2 [Bin]:76 [FullTime]:3590.16 [SkipTime]:0 [Veto1]:490.675 [Veto2]:308.365 [Veto3]:308.365 [Veto4]:308.365 [SgUp1]:183776 [SgUp2]:0 [SgUp3]:0 [SgUp4]:0 [SgLow1]:183372 [SgLow2]:0 [SgLow3]:0 [SgLow4]:0 [NetMuon1]:463995 [NetMuon2]:491281 [NetMuon3]:491281 [NetMuon4]:491281
[Run]:21229 [Site]:2 [Bin]:77 [FullTime]:3590.17 [SkipTime]:0 [Veto1]:515.211 [Veto2]:309.13 [Veto3]:309.13 [Veto4]:309.13 [SgUp1]:183080 [SgUp2]:0 [SgUp3]:0 [SgUp4]:0 [SgLow1]:182671 [SgLow2]:0 [SgLow3]:0 [SgLow4]:0 [NetMuon1]:461256 [NetMuon2]:492286 [NetMuon3]:492286 [NetMuon4]:492286
[Run]:21229 [Site]:2 [Bin]:78 [FullTime]:3590.17 [SkipTime]:0 [Veto1]:501.104 [Veto2]:308.439 [Veto3]:308.439 [Veto4]:308.439 [SgUp1]:184168 [SgUp2]:0 [SgUp3]:0 [SgUp4]:0 [SgLow1]:183770 [SgLow2]:0 [SgLow3]:0 [SgLow4]:0 [NetMuon1]:462302 [NetMuon2]:491199 [NetMuon3]:491199 [NetMuon4]:491199
[Run]:21229 [Site]:2 [Bin]:79 [FullTime]:3590.17 [SkipTime]:0 [Veto1]:501.865 [Veto2]:307.832 [Veto3]:307.832 [Veto4]:307.832 [SgUp1]:183661 [SgUp2]:0 [SgUp3]:0 [SgUp4]:0 [SgLow1]:183258 [SgLow2]:0 [SgLow3]:0 [SgLow4]:0 [NetMuon1]:461464 [NetMuon2]:490369 [NetMuon3]:490369 [NetMuon4]:490369
[Run]:21229 [Site]:2 [Bin]:80 [FullTime]:3590.17 [SkipTime]:0 [Veto1]:517.088 [Veto2]:308.625 [Veto3]:308.625 [Veto4]:308.625 [SgUp1]:183700 [SgUp2]:0 [SgUp3]:0 [SgUp4]:0 [SgLow1]:183284 [SgLow2]:0 [SgLow3]:0 [SgLow4]:0 [NetMuon1]:460595 [NetMuon2]:491546 [NetMuon3]:491546 [NetMuon4]:491546
[Run]:21229 [Site]:2 [Bin]:81 [FullTime]:3590.17 [SkipTime]:0 [Veto1]:520.222 [Veto2]:308.632 [Veto3]:308.632 [Veto4]:308.632 [SgUp1]:182822 [SgUp2]:0 [SgUp3]:0 [SgUp4]:0 [SgLow1]:182449 [SgLow2]:0 [SgLow3]:0 [SgLow4]:0 [NetMuon1]:459499 [NetMuon2]:491557 [NetMuon3]:491557 [NetMuon4]:491557
[Run]:21229 [Site]:2 [Bin]:82 [FullTime]:3590.18 [SkipTime]:0 [Veto1]:518.48 [Veto2]:308.316 [Veto3]:308.316 [Veto4]:308.316 [SgUp1]:182895 [SgUp2]:0 [SgUp3]:0 [SgUp4]:0 [SgLow1]:182538 [SgLow2]:0 [SgLow3]:0 [SgLow4]:0 [NetMuon1]:459824 [NetMuon2]:491134 [NetMuon3]:491134 [NetMuon4]:491134
[Run]:21229 [Site]:2 [Bin]:83 [FullTime]:3590.16 [SkipTime]:0 [Veto1]:521.31 [Veto2]:308.614 [Veto3]:308.614 [Veto4]:308.614 [SgUp1]:182721 [SgUp2]:0 [SgUp3]:0 [SgUp4]:0 [SgLow1]:182397 [SgLow2]:0 [SgLow3]:0 [SgLow4]:0 [NetMuon1]:459707 [NetMuon2]:491474 [NetMuon3]:491474 [NetMuon4]:491474
[Run]:21229 [Site]:2 [Bin]:84 [FullTime]:3590.17 [SkipTime]:0 [Veto1]:504.243 [Veto2]:308.819 [Veto3]:308.819 [Veto4]:308.819 [SgUp1]:184221 [SgUp2]:0 [SgUp3]:0 [SgUp4]:0 [SgLow1]:183862 [SgLow2]:0 [SgLow3]:0 [SgLow4]:0 [NetMuon1]:462795 [NetMuon2]:492002 [NetMuon3]:492002 [NetMuon4]:492002
[Run]:21229 [Site]:2 [Bin]:85 [FullTime]:3590.17 [SkipTime]:0 [Veto1]:499.502 [Veto2]:308.792 [Veto3]:308.792 [Veto4]:308.792 [SgUp1]:184357 [SgUp2]:0 [SgUp3]:0 [SgUp4]:0 [SgLow1]:183934 [SgLow2]:0 [SgLow3]:0 [SgLow4]:0 [NetMuon1]:463164 [NetMuon2]:491572 [NetMuon3]:491572 [NetMuon4]:491572
[Run]:21229 [Site]:2 [Bin]:86 [FullTime]:3590.17 [SkipTime]:0 [Veto1]:505.927 [Veto2]:308.128 [Veto3]:308.128 [Veto4]:308.128 [SgUp1]:184270 [SgUp2]:0 [SgUp3]:0 [SgUp4]:0 [SgLow1]:183872 [SgLow2]:0 [SgLow3]:0 [SgLow4]:0 [NetMuon1]:461155 [NetMuon2]:490803 [NetMuon3]:490803 [NetMuon4]:490803
[Run]:21229 [Site]:2 [Bin]:87 [FullTime]:3590.17 [SkipTime]:0 [Veto1]:501.31 [Veto2]:308.084 [Veto3]:308.084 [Veto4]:308.084 [SgUp1]:183987 [SgUp2]:0 [SgUp3]:0 [SgUp4]:0 [SgLow1]:183610 [SgLow2]:0 [SgLow3]:0 [SgLow4]:0 [NetMuon1]:461741 [NetMuon2]:490464 [NetMuon3]:490464 [NetMuon4]:490464
[Run]:21229 [Site]:2 [Bin]:88 [FullTime]:3590.17 [SkipTime]:0 [Veto1]:510.043 [Veto2]:308.849 [Veto3]:308.849 [Veto4]:308.849 [SgUp1]:184845 [SgUp2]:0 [SgUp3]:0 [SgUp4]:0 [SgLow1]:184484 [SgLow2]:0 [SgLow3]:0 [SgLow4]:0 [NetMuon1]:461731 [NetMuon2]:491727 [NetMuon3]:491727 [NetMuon4]:491727
[Run]:21229 [Site]:2 [Bin]:89 [FullTime]:3590.17 [SkipTime]:0 [Veto1]:502.576 [Veto2]:308.732 [Veto3]:308.732 [Veto4]:308.732 [SgUp1]:184493 [SgUp2]:0 [SgUp3]:0 [SgUp4]:0 [SgLow1]:184103 [SgLow2]:0 [SgLow3]:0 [SgLow4]:0 [NetMuon1]:462518 [NetMuon2]:491584 [NetMuon3]:491584 [NetMuon4]:491584
[Run]:21229 [Site]:2 [Bin]:90 [FullTime]:3590.17 [SkipTime]:0 [Veto1]:486.948 [Veto2]:308.385 [Veto3]:308.385 [Veto4]:308.385 [SgUp1]:186079 [SgUp2]:0 [SgUp3]:0 [SgUp4]:0 [SgLow1]:185678 [SgLow2]:0 [SgLow3]:0 [SgLow4]:0 [NetMuon1]:464146 [NetMuon2]:490890 [NetMuon3]:490890 [NetMuon4]:490890
[Run]:21229 [Site]:2 [Bin]:91 [FullTime]:3590.17 [SkipTime]:0 [Veto1]:499.82 [Veto2]:308.628 [Veto3]:308.628 [Veto4]:308.628 [SgUp1]:185739 [SgUp2]:0 [SgUp3]:0 [SgUp4]:0 [SgLow1]:185346 [SgLow2]:0 [SgLow3]:0 [SgLow4]:0 [NetMuon1]:462964 [NetMuon2]:491685 [NetMuon3]:491685 [NetMuon4]:491685
[Run]:21229 [Site]:2 [Bin]:92 [FullTime]:3590.17 [SkipTime]:0 [Veto1]:511.835 [Veto2]:308.217 [Veto3]:308.217 [Veto4]:308.217 [SgUp1]:183391 [SgUp2]:0 [SgUp3]:0 [SgUp4]:0 [SgLow1]:182979 [SgLow2]:0 [SgLow3]:0 [SgLow4]:0 [NetMuon1]:460132 [NetMuon2]:490578 [NetMuon3]:490578 [NetMuon4]:490578
[Run]:21229 [Site]:2 [Bin]:93 [FullTime]:3590.17 [SkipTime]:0 [Veto1]:497.484 [Veto2]:308.202 [Veto3]:308.202 [Veto4]:308.202 [SgUp1]:185628 [SgUp2]:0 [SgUp3]:0 [SgUp4]:0 [SgLow1]:185275 [SgLow2]:0 [SgLow3]:0 [SgLow4]:0 [NetMuon1]:462604 [NetMuon2]:490734 [NetMuon3]:490734 [NetMuon4]:490734
[Run]:21229 [Site]:2 [Bin]:94 [FullTime]:3590.17 [SkipTime]:0 [Veto1]:515.594 [Veto2]:308.788 [Veto3]:308.788 [Veto4]:308.788 [SgUp1]:184025 [SgUp2]:0 [SgUp3]:0 [SgUp4]:0 [SgLow1]:183618 [SgLow2]:0 [SgLow3]:0 [SgLow4]:0 [NetMuon1]:460470 [NetMuon2]:491615 [NetMuon3]:491615 [NetMuon4]:491615
[Run]:21229 [Site]:2 [Bin]:95 [FullTime]:3590.17 [SkipTime]:0 [Veto1]:502.634 [Veto2]:308.511 [Veto3]:308.511 [Veto4]:308.511 [SgUp1]:184731 [SgUp2]:0 [SgUp3]:0 [SgUp4]:0 [SgLow1]:184328 [SgLow2]:0 [SgLow3]:0 [SgLow4]:0 [NetMuon1]:462103 [NetMuon2]:491331 [NetMuon3]:491331 [NetMuon4]:491331
[Run]:21229 [Site]:2 [Bin]:96 [FullTime]:3590.17 [SkipTime]:0 [Veto1]:497.247 [Veto2]:308.055 [Veto3]:308.055 [Veto4]:308.055 [SgUp1]:184848 [SgUp2]:0 [SgUp3]:0 [SgUp4]:0 [SgLow1]:184438 [SgLow2]:0 [SgLow3]:0 [SgLow4]:0 [NetMuon1]:462597 [NetMuon2]:490741 [NetMuon3]:490741 [NetMuon4]:490741
[Run]:21229 [Site]:2 [Bin]:97 [FullTime]:3590.17 [SkipTime]:0 [Veto1]:509.973 [Veto2]:308.615 [Veto3]:308.615 [Veto4]:308.615 [SgUp1]:184142 [SgUp2]:0 [SgUp3]:0 [SgUp4]:0 [SgLow1]:183702 [SgLow2]:0 [SgLow3]:0 [SgLow4]:0 [NetMuon1]:461100 [NetMuon2]:491528 [NetMuon3]:491528 [NetMuon4]:491528
End process Run: 21229 ... 
[Run]:21229 [Site]:2 [Bin]:98 [FullTime]:3342.68 [SkipTime]:0 [Veto1]:479.347 [Veto2]:286.66 [Veto3]:286.66 [Veto4]:286.66
