StreamChain add 0x79ff7e0
Start to process run: 21238 ... 
[Run]:21238 [Site]:2 [Bin]:98 [FullTime]:33.9383 [SkipTime]:0 [Veto1]:3.95892 [Veto2]:2.85439 [Veto3]:2.85439 [Veto4]:2.85439 [SgUp1]:1755 [SgUp2]:0 [SgUp3]:0 [SgUp4]:0 [SgLow1]:1755 [SgLow2]:0 [SgLow3]:0 [SgLow4]:0 [NetMuon1]:4400 [NetMuon2]:4543 [NetMuon3]:4543 [NetMuon4]:4543
[Run]:21238 [Site]:2 [Bin]:99 [FullTime]:3590.17 [SkipTime]:0 [Veto1]:514.008 [Veto2]:308.182 [Veto3]:308.182 [Veto4]:308.182 [SgUp1]:183792 [SgUp2]:0 [SgUp3]:0 [SgUp4]:0 [SgLow1]:183368 [SgLow2]:0 [SgLow3]:0 [SgLow4]:0 [NetMuon1]:459904 [NetMuon2]:490680 [NetMuon3]:490680 [NetMuon4]:490680
[Run]:21238 [Site]:2 [Bin]:100 [FullTime]:2603.49 [SkipTime]:986.677 [Veto1]:361.006 [Veto2]:223.625 [Veto3]:223.625 [Veto4]:223.625 [SgUp1]:134238 [SgUp2]:0 [SgUp3]:0 [SgUp4]:0 [SgLow1]:133950 [SgLow2]:0 [SgLow3]:0 [SgLow4]:0 [NetMuon1]:335361 [NetMuon2]:356043 [NetMuon3]:356043 [NetMuon4]:356043
[Run]:21238 [Site]:2 [Bin]:101 [FullTime]:3590.17 [SkipTime]:0 [Veto1]:494.542 [Veto2]:308.774 [Veto3]:308.774 [Veto4]:308.774 [SgUp1]:185253 [SgUp2]:0 [SgUp3]:0 [SgUp4]:0 [SgLow1]:184900 [SgLow2]:0 [SgLow3]:0 [SgLow4]:0 [NetMuon1]:463769 [NetMuon2]:491383 [NetMuon3]:491383 [NetMuon4]:491383
[Run]:21238 [Site]:2 [Bin]:102 [FullTime]:3590.17 [SkipTime]:0 [Veto1]:496.568 [Veto2]:308.78 [Veto3]:308.78 [Veto4]:308.78 [SgUp1]:185068 [SgUp2]:0 [SgUp3]:0 [SgUp4]:0 [SgLow1]:184690 [SgLow2]:0 [SgLow3]:0 [SgLow4]:0 [NetMuon1]:463321 [NetMuon2]:491525 [NetMuon3]:491525 [NetMuon4]:491525
[Run]:21238 [Site]:2 [Bin]:103 [FullTime]:3590.17 [SkipTime]:0 [Veto1]:515.168 [Veto2]:308.756 [Veto3]:308.756 [Veto4]:308.756 [SgUp1]:183475 [SgUp2]:0 [SgUp3]:0 [SgUp4]:0 [SgLow1]:183041 [SgLow2]:0 [SgLow3]:0 [SgLow4]:0 [NetMuon1]:460362 [NetMuon2]:491375 [NetMuon3]:491375 [NetMuon4]:491375
[Run]:21238 [Site]:2 [Bin]:104 [FullTime]:3590.17 [SkipTime]:0 [Veto1]:525.939 [Veto2]:308.819 [Veto3]:308.819 [Veto4]:308.819 [SgUp1]:183932 [SgUp2]:0 [SgUp3]:0 [SgUp4]:0 [SgLow1]:183491 [SgLow2]:0 [SgLow3]:0 [SgLow4]:0 [NetMuon1]:459026 [NetMuon2]:491627 [NetMuon3]:491627 [NetMuon4]:491627
[Run]:21238 [Site]:2 [Bin]:105 [FullTime]:3590.17 [SkipTime]:0 [Veto1]:527.454 [Veto2]:308.784 [Veto3]:308.784 [Veto4]:308.784 [SgUp1]:182241 [SgUp2]:0 [SgUp3]:0 [SgUp4]:0 [SgLow1]:181896 [SgLow2]:0 [SgLow3]:0 [SgLow4]:0 [NetMuon1]:459043 [NetMuon2]:491551 [NetMuon3]:491551 [NetMuon4]:491551
[Run]:21238 [Site]:2 [Bin]:106 [FullTime]:3590.17 [SkipTime]:0 [Veto1]:518.095 [Veto2]:308.217 [Veto3]:308.217 [Veto4]:308.217 [SgUp1]:184061 [SgUp2]:0 [SgUp3]:0 [SgUp4]:0 [SgLow1]:183649 [SgLow2]:0 [SgLow3]:0 [SgLow4]:0 [NetMuon1]:459348 [NetMuon2]:490599 [NetMuon3]:490599 [NetMuon4]:490599
[Run]:21238 [Site]:2 [Bin]:107 [FullTime]:3590.17 [SkipTime]:0 [Veto1]:494.72 [Veto2]:308.087 [Veto3]:308.087 [Veto4]:308.087 [SgUp1]:185273 [SgUp2]:0 [SgUp3]:0 [SgUp4]:0 [SgLow1]:184847 [SgLow2]:0 [SgLow3]:0 [SgLow4]:0 [NetMuon1]:462916 [NetMuon2]:490650 [NetMuon3]:490650 [NetMuon4]:490650
[Run]:21238 [Site]:2 [Bin]:108 [FullTime]:3590.17 [SkipTime]:0 [Veto1]:491.677 [Veto2]:308.998 [Veto3]:308.998 [Veto4]:308.998 [SgUp1]:185276 [SgUp2]:0 [SgUp3]:0 [SgUp4]:0 [SgLow1]:184868 [SgLow2]:0 [SgLow3]:0 [SgLow4]:0 [NetMuon1]:464755 [NetMuon2]:491978 [NetMuon3]:491978 [NetMuon4]:491978
[Run]:21238 [Site]:2 [Bin]:109 [FullTime]:3590.17 [SkipTime]:0 [Veto1]:486.99 [Veto2]:308.023 [Veto3]:308.023 [Veto4]:308.023 [SgUp1]:186048 [SgUp2]:0 [SgUp3]:0 [SgUp4]:0 [SgLow1]:185657 [SgLow2]:0 [SgLow3]:0 [SgLow4]:0 [NetMuon1]:463757 [NetMuon2]:490380 [NetMuon3]:490380 [NetMuon4]:490380
[Run]:21238 [Site]:2 [Bin]:110 [FullTime]:3590.17 [SkipTime]:0 [Veto1]:490.746 [Veto2]:308.948 [Veto3]:308.948 [Veto4]:308.948 [SgUp1]:185180 [SgUp2]:0 [SgUp3]:0 [SgUp4]:0 [SgLow1]:184807 [SgLow2]:0 [SgLow3]:0 [SgLow4]:0 [NetMuon1]:464745 [NetMuon2]:491833 [NetMuon3]:491833 [NetMuon4]:491833
[Run]:21238 [Site]:2 [Bin]:111 [FullTime]:3590.17 [SkipTime]:0 [Veto1]:479.544 [Veto2]:308.111 [Veto3]:308.111 [Veto4]:308.111 [SgUp1]:186538 [SgUp2]:0 [SgUp3]:0 [SgUp4]:0 [SgLow1]:186102 [SgLow2]:0 [SgLow3]:0 [SgLow4]:0 [NetMuon1]:464891 [NetMuon2]:490393 [NetMuon3]:490393 [NetMuon4]:490393
[Run]:21238 [Site]:2 [Bin]:112 [FullTime]:3590.17 [SkipTime]:0 [Veto1]:524.53 [Veto2]:308.097 [Veto3]:308.097 [Veto4]:308.097 [SgUp1]:184357 [SgUp2]:0 [SgUp3]:0 [SgUp4]:0 [SgLow1]:183910 [SgLow2]:0 [SgLow3]:0 [SgLow4]:0 [NetMuon1]:458223 [NetMuon2]:490567 [NetMuon3]:490567 [NetMuon4]:490567
[Run]:21238 [Site]:2 [Bin]:113 [FullTime]:3590.17 [SkipTime]:0 [Veto1]:494.825 [Veto2]:308.071 [Veto3]:308.071 [Veto4]:308.071 [SgUp1]:184943 [SgUp2]:0 [SgUp3]:0 [SgUp4]:0 [SgLow1]:184577 [SgLow2]:0 [SgLow3]:0 [SgLow4]:0 [NetMuon1]:462354 [NetMuon2]:490350 [NetMuon3]:490350 [NetMuon4]:490350
[Run]:21238 [Site]:2 [Bin]:114 [FullTime]:3590.17 [SkipTime]:0 [Veto1]:499.773 [Veto2]:308.357 [Veto3]:308.357 [Veto4]:308.357 [SgUp1]:185703 [SgUp2]:0 [SgUp3]:0 [SgUp4]:0 [SgLow1]:185304 [SgLow2]:0 [SgLow3]:0 [SgLow4]:0 [NetMuon1]:462161 [NetMuon2]:490981 [NetMuon3]:490981 [NetMuon4]:490981
[Run]:21238 [Site]:2 [Bin]:115 [FullTime]:3590.17 [SkipTime]:0 [Veto1]:488.526 [Veto2]:309.235 [Veto3]:309.235 [Veto4]:309.235 [SgUp1]:185233 [SgUp2]:0 [SgUp3]:0 [SgUp4]:0 [SgLow1]:184844 [SgLow2]:0 [SgLow3]:0 [SgLow4]:0 [NetMuon1]:465436 [NetMuon2]:492368 [NetMuon3]:492368 [NetMuon4]:492368
[Run]:21238 [Site]:2 [Bin]:116 [FullTime]:3590.17 [SkipTime]:0 [Veto1]:508.76 [Veto2]:308.481 [Veto3]:308.481 [Veto4]:308.481 [SgUp1]:184265 [SgUp2]:0 [SgUp3]:0 [SgUp4]:0 [SgLow1]:183853 [SgLow2]:0 [SgLow3]:0 [SgLow4]:0 [NetMuon1]:460717 [NetMuon2]:490772 [NetMuon3]:490772 [NetMuon4]:490772
[Run]:21238 [Site]:2 [Bin]:117 [FullTime]:3590.18 [SkipTime]:0 [Veto1]:521.763 [Veto2]:308.08 [Veto3]:308.08 [Veto4]:308.08 [SgUp1]:184279 [SgUp2]:0 [SgUp3]:0 [SgUp4]:0 [SgLow1]:183930 [SgLow2]:0 [SgLow3]:0 [SgLow4]:0 [NetMuon1]:458489 [NetMuon2]:490538 [NetMuon3]:490538 [NetMuon4]:490538
[Run]:21238 [Site]:2 [Bin]:118 [FullTime]:3590.17 [SkipTime]:0 [Veto1]:497.213 [Veto2]:308.055 [Veto3]:308.055 [Veto4]:308.055 [SgUp1]:185324 [SgUp2]:0 [SgUp3]:0 [SgUp4]:0 [SgLow1]:184970 [SgLow2]:0 [SgLow3]:0 [SgLow4]:0 [NetMuon1]:461654 [NetMuon2]:490360 [NetMuon3]:490360 [NetMuon4]:490360
[Run]:21238 [Site]:2 [Bin]:119 [FullTime]:3590.17 [SkipTime]:0 [Veto1]:485.862 [Veto2]:308.672 [Veto3]:308.672 [Veto4]:308.672 [SgUp1]:185859 [SgUp2]:0 [SgUp3]:0 [SgUp4]:0 [SgLow1]:185512 [SgLow2]:0 [SgLow3]:0 [SgLow4]:0 [NetMuon1]:464831 [NetMuon2]:491431 [NetMuon3]:491431 [NetMuon4]:491431
[Run]:21238 [Site]:2 [Bin]:120 [FullTime]:3590.17 [SkipTime]:0 [Veto1]:520.568 [Veto2]:308.56 [Veto3]:308.56 [Veto4]:308.56 [SgUp1]:184552 [SgUp2]:0 [SgUp3]:0 [SgUp4]:0 [SgLow1]:184140 [SgLow2]:0 [SgLow3]:0 [SgLow4]:0 [NetMuon1]:459399 [NetMuon2]:491051 [NetMuon3]:491051 [NetMuon4]:491051
[Run]:21238 [Site]:2 [Bin]:121 [FullTime]:3590.17 [SkipTime]:0 [Veto1]:500.431 [Veto2]:308.665 [Veto3]:308.665 [Veto4]:308.665 [SgUp1]:185461 [SgUp2]:0 [SgUp3]:0 [SgUp4]:0 [SgLow1]:185046 [SgLow2]:0 [SgLow3]:0 [SgLow4]:0 [NetMuon1]:462710 [NetMuon2]:491229 [NetMuon3]:491229 [NetMuon4]:491229
[Run]:21238 [Site]:2 [Bin]:122 [FullTime]:3590.17 [SkipTime]:0 [Veto1]:520.828 [Veto2]:308.143 [Veto3]:308.143 [Veto4]:308.143 [SgUp1]:185195 [SgUp2]:0 [SgUp3]:0 [SgUp4]:0 [SgLow1]:184780 [SgLow2]:0 [SgLow3]:0 [SgLow4]:0 [NetMuon1]:458437 [NetMuon2]:490551 [NetMuon3]:490551 [NetMuon4]:490551
[Run]:21238 [Site]:2 [Bin]:123 [FullTime]:3590.17 [SkipTime]:0 [Veto1]:529.484 [Veto2]:309.018 [Veto3]:309.018 [Veto4]:309.018 [SgUp1]:184341 [SgUp2]:0 [SgUp3]:0 [SgUp4]:0 [SgLow1]:183955 [SgLow2]:0 [SgLow3]:0 [SgLow4]:0 [NetMuon1]:459007 [NetMuon2]:491920 [NetMuon3]:491920 [NetMuon4]:491920
[Run]:21238 [Site]:2 [Bin]:124 [FullTime]:3590.17 [SkipTime]:0 [Veto1]:525.073 [Veto2]:308.748 [Veto3]:308.748 [Veto4]:308.748 [SgUp1]:182449 [SgUp2]:0 [SgUp3]:0 [SgUp4]:0 [SgLow1]:182084 [SgLow2]:0 [SgLow3]:0 [SgLow4]:0 [NetMuon1]:459174 [NetMuon2]:491689 [NetMuon3]:491689 [NetMuon4]:491689
[Run]:21238 [Site]:2 [Bin]:125 [FullTime]:3590.17 [SkipTime]:0 [Veto1]:526.026 [Veto2]:308.204 [Veto3]:308.204 [Veto4]:308.204 [SgUp1]:183915 [SgUp2]:0 [SgUp3]:0 [SgUp4]:0 [SgLow1]:183485 [SgLow2]:0 [SgLow3]:0 [SgLow4]:0 [NetMuon1]:458047 [NetMuon2]:490580 [NetMuon3]:490580 [NetMuon4]:490580
[Run]:21238 [Site]:2 [Bin]:126 [FullTime]:3590.17 [SkipTime]:0 [Veto1]:514.438 [Veto2]:308.274 [Veto3]:308.274 [Veto4]:308.274 [SgUp1]:184307 [SgUp2]:0 [SgUp3]:0 [SgUp4]:0 [SgLow1]:183862 [SgLow2]:0 [SgLow3]:0 [SgLow4]:0 [NetMuon1]:460025 [NetMuon2]:490892 [NetMuon3]:490892 [NetMuon4]:490892
[Run]:21238 [Site]:2 [Bin]:127 [FullTime]:3590.17 [SkipTime]:0 [Veto1]:517.31 [Veto2]:308.323 [Veto3]:308.323 [Veto4]:308.323 [SgUp1]:184277 [SgUp2]:0 [SgUp3]:0 [SgUp4]:0 [SgLow1]:183923 [SgLow2]:0 [SgLow3]:0 [SgLow4]:0 [NetMuon1]:459148 [NetMuon2]:490698 [NetMuon3]:490698 [NetMuon4]:490698
[Run]:21238 [Site]:2 [Bin]:128 [FullTime]:3590.17 [SkipTime]:0 [Veto1]:515.989 [Veto2]:308.295 [Veto3]:308.295 [Veto4]:308.295 [SgUp1]:184735 [SgUp2]:0 [SgUp3]:0 [SgUp4]:0 [SgLow1]:184372 [SgLow2]:0 [SgLow3]:0 [SgLow4]:0 [NetMuon1]:459735 [NetMuon2]:490820 [NetMuon3]:490820 [NetMuon4]:490820
[Run]:21238 [Site]:2 [Bin]:129 [FullTime]:3590.17 [SkipTime]:0 [Veto1]:532.828 [Veto2]:307.619 [Veto3]:307.619 [Veto4]:307.619 [SgUp1]:183150 [SgUp2]:0 [SgUp3]:0 [SgUp4]:0 [SgLow1]:182775 [SgLow2]:0 [SgLow3]:0 [SgLow4]:0 [NetMuon1]:456348 [NetMuon2]:489812 [NetMuon3]:489812 [NetMuon4]:489812
[Run]:21238 [Site]:2 [Bin]:130 [FullTime]:3590.17 [SkipTime]:0 [Veto1]:499.677 [Veto2]:308.382 [Veto3]:308.382 [Veto4]:308.382 [SgUp1]:184896 [SgUp2]:0 [SgUp3]:0 [SgUp4]:0 [SgLow1]:184447 [SgLow2]:0 [SgLow3]:0 [SgLow4]:0 [NetMuon1]:462453 [NetMuon2]:490929 [NetMuon3]:490929 [NetMuon4]:490929
[Run]:21238 [Site]:2 [Bin]:131 [FullTime]:3590.17 [SkipTime]:0 [Veto1]:501.035 [Veto2]:309.205 [Veto3]:309.205 [Veto4]:309.205 [SgUp1]:185752 [SgUp2]:0 [SgUp3]:0 [SgUp4]:0 [SgLow1]:185286 [SgLow2]:0 [SgLow3]:0 [SgLow4]:0 [NetMuon1]:463451 [NetMuon2]:492239 [NetMuon3]:492239 [NetMuon4]:492239
[Run]:21238 [Site]:2 [Bin]:132 [FullTime]:3590.17 [SkipTime]:0 [Veto1]:489.685 [Veto2]:308.129 [Veto3]:308.129 [Veto4]:308.129 [SgUp1]:185165 [SgUp2]:0 [SgUp3]:0 [SgUp4]:0 [SgLow1]:184764 [SgLow2]:0 [SgLow3]:0 [SgLow4]:0 [NetMuon1]:463646 [NetMuon2]:490606 [NetMuon3]:490606 [NetMuon4]:490606
[Run]:21238 [Site]:2 [Bin]:133 [FullTime]:3590.17 [SkipTime]:0 [Veto1]:501.129 [Veto2]:308.456 [Veto3]:308.456 [Veto4]:308.456 [SgUp1]:185253 [SgUp2]:0 [SgUp3]:0 [SgUp4]:0 [SgLow1]:184862 [SgLow2]:0 [SgLow3]:0 [SgLow4]:0 [NetMuon1]:462274 [NetMuon2]:490991 [NetMuon3]:490991 [NetMuon4]:490991
[Run]:21238 [Site]:2 [Bin]:134 [FullTime]:3590.17 [SkipTime]:0 [Veto1]:522.863 [Veto2]:308.046 [Veto3]:308.046 [Veto4]:308.046 [SgUp1]:183647 [SgUp2]:0 [SgUp3]:0 [SgUp4]:0 [SgLow1]:183301 [SgLow2]:0 [SgLow3]:0 [SgLow4]:0 [NetMuon1]:458504 [NetMuon2]:490489 [NetMuon3]:490489 [NetMuon4]:490489
[Run]:21238 [Site]:2 [Bin]:135 [FullTime]:3590.17 [SkipTime]:0 [Veto1]:500.104 [Veto2]:309.252 [Veto3]:309.252 [Veto4]:309.252 [SgUp1]:185286 [SgUp2]:0 [SgUp3]:0 [SgUp4]:0 [SgLow1]:184902 [SgLow2]:0 [SgLow3]:0 [SgLow4]:0 [NetMuon1]:464002 [NetMuon2]:492329 [NetMuon3]:492329 [NetMuon4]:492329
[Run]:21238 [Site]:2 [Bin]:136 [FullTime]:3590.17 [SkipTime]:0 [Veto1]:487.773 [Veto2]:308.783 [Veto3]:308.783 [Veto4]:308.783 [SgUp1]:185671 [SgUp2]:0 [SgUp3]:0 [SgUp4]:0 [SgLow1]:185302 [SgLow2]:0 [SgLow3]:0 [SgLow4]:0 [NetMuon1]:464822 [NetMuon2]:491437 [NetMuon3]:491437 [NetMuon4]:491437
[Run]:21238 [Site]:2 [Bin]:137 [FullTime]:3590.17 [SkipTime]:0 [Veto1]:491.69 [Veto2]:308.634 [Veto3]:308.634 [Veto4]:308.634 [SgUp1]:186003 [SgUp2]:0 [SgUp3]:0 [SgUp4]:0 [SgLow1]:185603 [SgLow2]:0 [SgLow3]:0 [SgLow4]:0 [NetMuon1]:463742 [NetMuon2]:491196 [NetMuon3]:491196 [NetMuon4]:491196
[Run]:21238 [Site]:2 [Bin]:138 [FullTime]:3590.17 [SkipTime]:0 [Veto1]:508.41 [Veto2]:308.888 [Veto3]:308.888 [Veto4]:308.888 [SgUp1]:184778 [SgUp2]:0 [SgUp3]:0 [SgUp4]:0 [SgLow1]:184444 [SgLow2]:0 [SgLow3]:0 [SgLow4]:0 [NetMuon1]:461698 [NetMuon2]:491902 [NetMuon3]:491902 [NetMuon4]:491902
[Run]:21238 [Site]:2 [Bin]:139 [FullTime]:3590.17 [SkipTime]:0 [Veto1]:505.147 [Veto2]:308.22 [Veto3]:308.22 [Veto4]:308.22 [SgUp1]:185348 [SgUp2]:0 [SgUp3]:0 [SgUp4]:0 [SgLow1]:184900 [SgLow2]:0 [SgLow3]:0 [SgLow4]:0 [NetMuon1]:461253 [NetMuon2]:490768 [NetMuon3]:490768 [NetMuon4]:490768
[Run]:21238 [Site]:2 [Bin]:140 [FullTime]:3590.17 [SkipTime]:0 [Veto1]:491.7 [Veto2]:309.425 [Veto3]:309.425 [Veto4]:309.425 [SgUp1]:185537 [SgUp2]:0 [SgUp3]:0 [SgUp4]:0 [SgLow1]:185169 [SgLow2]:0 [SgLow3]:0 [SgLow4]:0 [NetMuon1]:465434 [NetMuon2]:492439 [NetMuon3]:492439 [NetMuon4]:492439
[Run]:21238 [Site]:2 [Bin]:141 [FullTime]:3590.17 [SkipTime]:0 [Veto1]:521.162 [Veto2]:308.072 [Veto3]:308.072 [Veto4]:308.072 [SgUp1]:184535 [SgUp2]:0 [SgUp3]:0 [SgUp4]:0 [SgLow1]:184182 [SgLow2]:0 [SgLow3]:0 [SgLow4]:0 [NetMuon1]:458655 [NetMuon2]:490292 [NetMuon3]:490292 [NetMuon4]:490292
[Run]:21238 [Site]:2 [Bin]:142 [FullTime]:3590.17 [SkipTime]:0 [Veto1]:501.034 [Veto2]:308.644 [Veto3]:308.644 [Veto4]:308.644 [SgUp1]:185051 [SgUp2]:0 [SgUp3]:0 [SgUp4]:0 [SgLow1]:184648 [SgLow2]:0 [SgLow3]:0 [SgLow4]:0 [NetMuon1]:462581 [NetMuon2]:491320 [NetMuon3]:491320 [NetMuon4]:491320
[Run]:21238 [Site]:2 [Bin]:143 [FullTime]:3590.17 [SkipTime]:0 [Veto1]:505.661 [Veto2]:308.411 [Veto3]:308.411 [Veto4]:308.411 [SgUp1]:185997 [SgUp2]:0 [SgUp3]:0 [SgUp4]:0 [SgLow1]:185630 [SgLow2]:0 [SgLow3]:0 [SgLow4]:0 [NetMuon1]:461265 [NetMuon2]:491159 [NetMuon3]:491159 [NetMuon4]:491159
[Run]:21238 [Site]:2 [Bin]:144 [FullTime]:3590.17 [SkipTime]:0 [Veto1]:512.398 [Veto2]:308.601 [Veto3]:308.601 [Veto4]:308.601 [SgUp1]:185071 [SgUp2]:0 [SgUp3]:0 [SgUp4]:0 [SgLow1]:184662 [SgLow2]:0 [SgLow3]:0 [SgLow4]:0 [NetMuon1]:460510 [NetMuon2]:491357 [NetMuon3]:491357 [NetMuon4]:491357
[Run]:21238 [Site]:2 [Bin]:145 [FullTime]:3590.17 [SkipTime]:0 [Veto1]:508.597 [Veto2]:308.758 [Veto3]:308.758 [Veto4]:308.758 [SgUp1]:185004 [SgUp2]:0 [SgUp3]:0 [SgUp4]:0 [SgLow1]:184589 [SgLow2]:0 [SgLow3]:0 [SgLow4]:0 [NetMuon1]:461763 [NetMuon2]:491501 [NetMuon3]:491501 [NetMuon4]:491501
End process Run: 21238 ... 
[Run]:21238 [Site]:2 [Bin]:146 [FullTime]:3094.15 [SkipTime]:0 [Veto1]:452.612 [Veto2]:265.746 [Veto3]:265.746 [Veto4]:265.746
