StreamChain add 0xb8437e0
Start to process run: 21856 ... 
[Run]:21856 [Site]:2 [Bin]:796 [FullTime]:3554.92 [SkipTime]:0 [Veto1]:514.586 [Veto2]:304.794 [Veto3]:304.794 [Veto4]:304.794 [SgUp1]:173921 [SgUp2]:0 [SgUp3]:0 [SgUp4]:0 [SgLow1]:173553 [SgLow2]:0 [SgLow3]:0 [SgLow4]:0 [NetMuon1]:454141 [NetMuon2]:485340 [NetMuon3]:485340 [NetMuon4]:485340
[Run]:21856 [Site]:2 [Bin]:797 [FullTime]:3590.18 [SkipTime]:0 [Veto1]:509.53 [Veto2]:308.726 [Veto3]:308.726 [Veto4]:308.726 [SgUp1]:175452 [SgUp2]:0 [SgUp3]:0 [SgUp4]:0 [SgLow1]:175127 [SgLow2]:0 [SgLow3]:0 [SgLow4]:0 [NetMuon1]:461411 [NetMuon2]:491546 [NetMuon3]:491546 [NetMuon4]:491546
[Run]:21856 [Site]:2 [Bin]:798 [FullTime]:3590.17 [SkipTime]:0 [Veto1]:512.285 [Veto2]:308.41 [Veto3]:308.41 [Veto4]:308.41 [SgUp1]:175718 [SgUp2]:0 [SgUp3]:0 [SgUp4]:0 [SgLow1]:175398 [SgLow2]:0 [SgLow3]:0 [SgLow4]:0 [NetMuon1]:460865 [NetMuon2]:491295 [NetMuon3]:491295 [NetMuon4]:491295
[Run]:21856 [Site]:2 [Bin]:799 [FullTime]:3590.17 [SkipTime]:0 [Veto1]:506.401 [Veto2]:308.979 [Veto3]:308.979 [Veto4]:308.979 [SgUp1]:175983 [SgUp2]:0 [SgUp3]:0 [SgUp4]:0 [SgLow1]:175641 [SgLow2]:0 [SgLow3]:0 [SgLow4]:0 [NetMuon1]:462489 [NetMuon2]:492115 [NetMuon3]:492115 [NetMuon4]:492115
[Run]:21856 [Site]:2 [Bin]:800 [FullTime]:3590.17 [SkipTime]:0 [Veto1]:496.644 [Veto2]:309.092 [Veto3]:309.092 [Veto4]:309.092 [SgUp1]:177310 [SgUp2]:0 [SgUp3]:0 [SgUp4]:0 [SgLow1]:176957 [SgLow2]:0 [SgLow3]:0 [SgLow4]:0 [NetMuon1]:464120 [NetMuon2]:492226 [NetMuon3]:492226 [NetMuon4]:492226
[Run]:21856 [Site]:2 [Bin]:801 [FullTime]:3590.17 [SkipTime]:0 [Veto1]:488.615 [Veto2]:308.442 [Veto3]:308.442 [Veto4]:308.442 [SgUp1]:177064 [SgUp2]:0 [SgUp3]:0 [SgUp4]:0 [SgLow1]:176677 [SgLow2]:0 [SgLow3]:0 [SgLow4]:0 [NetMuon1]:464300 [NetMuon2]:491297 [NetMuon3]:491297 [NetMuon4]:491297
[Run]:21856 [Site]:2 [Bin]:802 [FullTime]:3590.17 [SkipTime]:0 [Veto1]:497.399 [Veto2]:307.822 [Veto3]:307.822 [Veto4]:307.822 [SgUp1]:176923 [SgUp2]:0 [SgUp3]:0 [SgUp4]:0 [SgLow1]:176564 [SgLow2]:0 [SgLow3]:0 [SgLow4]:0 [NetMuon1]:461894 [NetMuon2]:490275 [NetMuon3]:490275 [NetMuon4]:490275
[Run]:21856 [Site]:2 [Bin]:803 [FullTime]:3590.17 [SkipTime]:0 [Veto1]:517.104 [Veto2]:309.444 [Veto3]:309.444 [Veto4]:309.444 [SgUp1]:176284 [SgUp2]:0 [SgUp3]:0 [SgUp4]:0 [SgLow1]:175898 [SgLow2]:0 [SgLow3]:0 [SgLow4]:0 [NetMuon1]:461804 [NetMuon2]:492851 [NetMuon3]:492851 [NetMuon4]:492851
[Run]:21856 [Site]:2 [Bin]:804 [FullTime]:3590.17 [SkipTime]:0 [Veto1]:537.655 [Veto2]:308.253 [Veto3]:308.253 [Veto4]:308.253 [SgUp1]:174370 [SgUp2]:0 [SgUp3]:0 [SgUp4]:0 [SgLow1]:174033 [SgLow2]:0 [SgLow3]:0 [SgLow4]:0 [NetMuon1]:456595 [NetMuon2]:490899 [NetMuon3]:490899 [NetMuon4]:490899
[Run]:21856 [Site]:2 [Bin]:805 [FullTime]:3590.17 [SkipTime]:0 [Veto1]:536.965 [Veto2]:308.38 [Veto3]:308.38 [Veto4]:308.38 [SgUp1]:174815 [SgUp2]:0 [SgUp3]:0 [SgUp4]:0 [SgLow1]:174462 [SgLow2]:0 [SgLow3]:0 [SgLow4]:0 [NetMuon1]:456778 [NetMuon2]:491036 [NetMuon3]:491036 [NetMuon4]:491036
[Run]:21856 [Site]:2 [Bin]:806 [FullTime]:3590.17 [SkipTime]:0 [Veto1]:489.168 [Veto2]:308.986 [Veto3]:308.986 [Veto4]:308.986 [SgUp1]:178114 [SgUp2]:0 [SgUp3]:0 [SgUp4]:0 [SgLow1]:177761 [SgLow2]:0 [SgLow3]:0 [SgLow4]:0 [NetMuon1]:465173 [NetMuon2]:492298 [NetMuon3]:492298 [NetMuon4]:492298
[Run]:21856 [Site]:2 [Bin]:807 [FullTime]:3590.17 [SkipTime]:0 [Veto1]:504.324 [Veto2]:307.947 [Veto3]:307.947 [Veto4]:307.947 [SgUp1]:176575 [SgUp2]:0 [SgUp3]:0 [SgUp4]:0 [SgLow1]:176274 [SgLow2]:0 [SgLow3]:0 [SgLow4]:0 [NetMuon1]:461333 [NetMuon2]:490616 [NetMuon3]:490616 [NetMuon4]:490616
[Run]:21856 [Site]:2 [Bin]:808 [FullTime]:3590.17 [SkipTime]:0 [Veto1]:498.131 [Veto2]:308.64 [Veto3]:308.64 [Veto4]:308.64 [SgUp1]:177007 [SgUp2]:0 [SgUp3]:0 [SgUp4]:0 [SgLow1]:176599 [SgLow2]:0 [SgLow3]:0 [SgLow4]:0 [NetMuon1]:462979 [NetMuon2]:491483 [NetMuon3]:491483 [NetMuon4]:491483
[Run]:21856 [Site]:2 [Bin]:809 [FullTime]:3590.17 [SkipTime]:0 [Veto1]:484.523 [Veto2]:308.774 [Veto3]:308.774 [Veto4]:308.774 [SgUp1]:177912 [SgUp2]:0 [SgUp3]:0 [SgUp4]:0 [SgLow1]:177508 [SgLow2]:0 [SgLow3]:0 [SgLow4]:0 [NetMuon1]:465270 [NetMuon2]:491732 [NetMuon3]:491732 [NetMuon4]:491732
[Run]:21856 [Site]:2 [Bin]:810 [FullTime]:3590.17 [SkipTime]:0 [Veto1]:495.086 [Veto2]:308.388 [Veto3]:308.388 [Veto4]:308.388 [SgUp1]:177271 [SgUp2]:0 [SgUp3]:0 [SgUp4]:0 [SgLow1]:176899 [SgLow2]:0 [SgLow3]:0 [SgLow4]:0 [NetMuon1]:463296 [NetMuon2]:491117 [NetMuon3]:491117 [NetMuon4]:491117
[Run]:21856 [Site]:2 [Bin]:811 [FullTime]:3590.17 [SkipTime]:0 [Veto1]:535.605 [Veto2]:307.668 [Veto3]:307.668 [Veto4]:307.668 [SgUp1]:174903 [SgUp2]:0 [SgUp3]:0 [SgUp4]:0 [SgLow1]:174544 [SgLow2]:0 [SgLow3]:0 [SgLow4]:0 [NetMuon1]:456392 [NetMuon2]:490205 [NetMuon3]:490205 [NetMuon4]:490205
[Run]:21856 [Site]:2 [Bin]:812 [FullTime]:3590.17 [SkipTime]:0 [Veto1]:489.602 [Veto2]:307.884 [Veto3]:307.884 [Veto4]:307.884 [SgUp1]:177488 [SgUp2]:0 [SgUp3]:0 [SgUp4]:0 [SgLow1]:177115 [SgLow2]:0 [SgLow3]:0 [SgLow4]:0 [NetMuon1]:463049 [NetMuon2]:490324 [NetMuon3]:490324 [NetMuon4]:490324
[Run]:21856 [Site]:2 [Bin]:813 [FullTime]:3590.17 [SkipTime]:0 [Veto1]:518.667 [Veto2]:308.089 [Veto3]:308.089 [Veto4]:308.089 [SgUp1]:175551 [SgUp2]:0 [SgUp3]:0 [SgUp4]:0 [SgLow1]:175168 [SgLow2]:0 [SgLow3]:0 [SgLow4]:0 [NetMuon1]:459456 [NetMuon2]:490701 [NetMuon3]:490701 [NetMuon4]:490701
[Run]:21856 [Site]:2 [Bin]:814 [FullTime]:3590.17 [SkipTime]:0 [Veto1]:490.232 [Veto2]:308.322 [Veto3]:308.322 [Veto4]:308.322 [SgUp1]:177184 [SgUp2]:0 [SgUp3]:0 [SgUp4]:0 [SgLow1]:176827 [SgLow2]:0 [SgLow3]:0 [SgLow4]:0 [NetMuon1]:464128 [NetMuon2]:491065 [NetMuon3]:491065 [NetMuon4]:491065
[Run]:21856 [Site]:2 [Bin]:815 [FullTime]:3590.17 [SkipTime]:0 [Veto1]:505.095 [Veto2]:308.043 [Veto3]:308.043 [Veto4]:308.043 [SgUp1]:175601 [SgUp2]:0 [SgUp3]:0 [SgUp4]:0 [SgLow1]:175275 [SgLow2]:0 [SgLow3]:0 [SgLow4]:0 [NetMuon1]:461237 [NetMuon2]:490787 [NetMuon3]:490787 [NetMuon4]:490787
[Run]:21856 [Site]:2 [Bin]:816 [FullTime]:3590.17 [SkipTime]:0 [Veto1]:506.453 [Veto2]:309.215 [Veto3]:309.215 [Veto4]:309.215 [SgUp1]:176347 [SgUp2]:0 [SgUp3]:0 [SgUp4]:0 [SgLow1]:175986 [SgLow2]:0 [SgLow3]:0 [SgLow4]:0 [NetMuon1]:462899 [NetMuon2]:492331 [NetMuon3]:492331 [NetMuon4]:492331
[Run]:21856 [Site]:2 [Bin]:817 [FullTime]:3590.17 [SkipTime]:0 [Veto1]:500.208 [Veto2]:308.606 [Veto3]:308.606 [Veto4]:308.606 [SgUp1]:176409 [SgUp2]:0 [SgUp3]:0 [SgUp4]:0 [SgLow1]:176066 [SgLow2]:0 [SgLow3]:0 [SgLow4]:0 [NetMuon1]:462431 [NetMuon2]:491159 [NetMuon3]:491159 [NetMuon4]:491159
[Run]:21856 [Site]:2 [Bin]:818 [FullTime]:3590.17 [SkipTime]:0 [Veto1]:506.84 [Veto2]:308.9 [Veto3]:308.9 [Veto4]:308.9 [SgUp1]:176809 [SgUp2]:0 [SgUp3]:0 [SgUp4]:0 [SgLow1]:176466 [SgLow2]:0 [SgLow3]:0 [SgLow4]:0 [NetMuon1]:462802 [NetMuon2]:492097 [NetMuon3]:492097 [NetMuon4]:492097
[Run]:21856 [Site]:2 [Bin]:819 [FullTime]:3590.17 [SkipTime]:0 [Veto1]:507.46 [Veto2]:308.671 [Veto3]:308.671 [Veto4]:308.671 [SgUp1]:175915 [SgUp2]:0 [SgUp3]:0 [SgUp4]:0 [SgLow1]:175604 [SgLow2]:0 [SgLow3]:0 [SgLow4]:0 [NetMuon1]:461849 [NetMuon2]:491688 [NetMuon3]:491688 [NetMuon4]:491688
[Run]:21856 [Site]:2 [Bin]:820 [FullTime]:3590.17 [SkipTime]:0 [Veto1]:487.362 [Veto2]:309.075 [Veto3]:309.075 [Veto4]:309.075 [SgUp1]:178173 [SgUp2]:0 [SgUp3]:0 [SgUp4]:0 [SgLow1]:177737 [SgLow2]:0 [SgLow3]:0 [SgLow4]:0 [NetMuon1]:465779 [NetMuon2]:492322 [NetMuon3]:492322 [NetMuon4]:492322
End process Run: 21856 ... 
[Run]:21856 [Site]:2 [Bin]:821 [FullTime]:654.643 [SkipTime]:0 [Veto1]:82.5296 [Veto2]:56.2353 [Veto3]:56.2353 [Veto4]:56.2353
