StreamChain add 0x107657e0
Start to process run: 22914 ... 
[Run]:22914 [Site]:2 [Bin]:2006 [FullTime]:2303.06 [SkipTime]:0 [Veto1]:336.792 [Veto2]:199.352 [Veto3]:199.352 [Veto4]:199.352 [SgUp1]:111781 [SgUp2]:0 [SgUp3]:0 [SgUp4]:0 [SgLow1]:111532 [SgLow2]:0 [SgLow3]:0 [SgLow4]:0 [NetMuon1]:296560 [NetMuon2]:317314 [NetMuon3]:317314 [NetMuon4]:317314
[Run]:22914 [Site]:2 [Bin]:2007 [FullTime]:3590.17 [SkipTime]:0 [Veto1]:508.864 [Veto2]:310.005 [Veto3]:310.005 [Veto4]:310.005 [SgUp1]:174019 [SgUp2]:0 [SgUp3]:0 [SgUp4]:0 [SgLow1]:173620 [SgLow2]:0 [SgLow3]:0 [SgLow4]:0 [NetMuon1]:463654 [NetMuon2]:493546 [NetMuon3]:493546 [NetMuon4]:493546
[Run]:22914 [Site]:2 [Bin]:2008 [FullTime]:3590.17 [SkipTime]:0 [Veto1]:508.76 [Veto2]:310.114 [Veto3]:310.114 [Veto4]:310.114 [SgUp1]:174396 [SgUp2]:0 [SgUp3]:0 [SgUp4]:0 [SgLow1]:173948 [SgLow2]:0 [SgLow3]:0 [SgLow4]:0 [NetMuon1]:464065 [NetMuon2]:493711 [NetMuon3]:493711 [NetMuon4]:493711
[Run]:22914 [Site]:2 [Bin]:2009 [FullTime]:3590.17 [SkipTime]:0 [Veto1]:514.213 [Veto2]:310.08 [Veto3]:310.08 [Veto4]:310.08 [SgUp1]:174091 [SgUp2]:0 [SgUp3]:0 [SgUp4]:0 [SgLow1]:173648 [SgLow2]:0 [SgLow3]:0 [SgLow4]:0 [NetMuon1]:462975 [NetMuon2]:493680 [NetMuon3]:493680 [NetMuon4]:493680
[Run]:22914 [Site]:2 [Bin]:2010 [FullTime]:3590.17 [SkipTime]:0 [Veto1]:510.931 [Veto2]:309.866 [Veto3]:309.866 [Veto4]:309.866 [SgUp1]:173689 [SgUp2]:0 [SgUp3]:0 [SgUp4]:0 [SgLow1]:173350 [SgLow2]:0 [SgLow3]:0 [SgLow4]:0 [NetMuon1]:463032 [NetMuon2]:493327 [NetMuon3]:493327 [NetMuon4]:493327
[Run]:22914 [Site]:2 [Bin]:2011 [FullTime]:3590.17 [SkipTime]:0 [Veto1]:493.739 [Veto2]:310.026 [Veto3]:310.026 [Veto4]:310.026 [SgUp1]:175687 [SgUp2]:0 [SgUp3]:0 [SgUp4]:0 [SgLow1]:175354 [SgLow2]:0 [SgLow3]:0 [SgLow4]:0 [NetMuon1]:465919 [NetMuon2]:493566 [NetMuon3]:493566 [NetMuon4]:493566
[Run]:22914 [Site]:2 [Bin]:2012 [FullTime]:3590.17 [SkipTime]:0 [Veto1]:503.304 [Veto2]:309.638 [Veto3]:309.638 [Veto4]:309.638 [SgUp1]:175410 [SgUp2]:0 [SgUp3]:0 [SgUp4]:0 [SgLow1]:175036 [SgLow2]:0 [SgLow3]:0 [SgLow4]:0 [NetMuon1]:463878 [NetMuon2]:493043 [NetMuon3]:493043 [NetMuon4]:493043
[Run]:22914 [Site]:2 [Bin]:2013 [FullTime]:3590.17 [SkipTime]:0 [Veto1]:484.834 [Veto2]:309.947 [Veto3]:309.947 [Veto4]:309.947 [SgUp1]:175898 [SgUp2]:0 [SgUp3]:0 [SgUp4]:0 [SgLow1]:175519 [SgLow2]:0 [SgLow3]:0 [SgLow4]:0 [NetMuon1]:467084 [NetMuon2]:493390 [NetMuon3]:493390 [NetMuon4]:493390
[Run]:22914 [Site]:2 [Bin]:2014 [FullTime]:3590.17 [SkipTime]:0 [Veto1]:502.129 [Veto2]:310.035 [Veto3]:310.035 [Veto4]:310.035 [SgUp1]:174563 [SgUp2]:0 [SgUp3]:0 [SgUp4]:0 [SgLow1]:174185 [SgLow2]:0 [SgLow3]:0 [SgLow4]:0 [NetMuon1]:464656 [NetMuon2]:493489 [NetMuon3]:493489 [NetMuon4]:493489
[Run]:22914 [Site]:2 [Bin]:2015 [FullTime]:3590.17 [SkipTime]:0 [Veto1]:496.363 [Veto2]:309.711 [Veto3]:309.711 [Veto4]:309.711 [SgUp1]:176008 [SgUp2]:0 [SgUp3]:0 [SgUp4]:0 [SgLow1]:175599 [SgLow2]:0 [SgLow3]:0 [SgLow4]:0 [NetMuon1]:464997 [NetMuon2]:493154 [NetMuon3]:493154 [NetMuon4]:493154
[Run]:22914 [Site]:2 [Bin]:2016 [FullTime]:3590.17 [SkipTime]:0 [Veto1]:494.928 [Veto2]:310.86 [Veto3]:310.86 [Veto4]:310.86 [SgUp1]:174707 [SgUp2]:0 [SgUp3]:0 [SgUp4]:0 [SgLow1]:174355 [SgLow2]:0 [SgLow3]:0 [SgLow4]:0 [NetMuon1]:467213 [NetMuon2]:494774 [NetMuon3]:494774 [NetMuon4]:494774
[Run]:22914 [Site]:2 [Bin]:2017 [FullTime]:3590.17 [SkipTime]:0 [Veto1]:494.457 [Veto2]:309.767 [Veto3]:309.767 [Veto4]:309.767 [SgUp1]:176100 [SgUp2]:0 [SgUp3]:0 [SgUp4]:0 [SgLow1]:175709 [SgLow2]:0 [SgLow3]:0 [SgLow4]:0 [NetMuon1]:465516 [NetMuon2]:493264 [NetMuon3]:493264 [NetMuon4]:493264
[Run]:22914 [Site]:2 [Bin]:2018 [FullTime]:3590.17 [SkipTime]:0 [Veto1]:518.141 [Veto2]:310.645 [Veto3]:310.645 [Veto4]:310.645 [SgUp1]:173780 [SgUp2]:0 [SgUp3]:0 [SgUp4]:0 [SgLow1]:173397 [SgLow2]:0 [SgLow3]:0 [SgLow4]:0 [NetMuon1]:463648 [NetMuon2]:494641 [NetMuon3]:494641 [NetMuon4]:494641
[Run]:22914 [Site]:2 [Bin]:2019 [FullTime]:3590.17 [SkipTime]:0 [Veto1]:482.546 [Veto2]:310.95 [Veto3]:310.95 [Veto4]:310.95 [SgUp1]:175373 [SgUp2]:0 [SgUp3]:0 [SgUp4]:0 [SgLow1]:174993 [SgLow2]:0 [SgLow3]:0 [SgLow4]:0 [NetMuon1]:469240 [NetMuon2]:494999 [NetMuon3]:494999 [NetMuon4]:494999
[Run]:22914 [Site]:2 [Bin]:2020 [FullTime]:3590.17 [SkipTime]:0 [Veto1]:538.305 [Veto2]:310.774 [Veto3]:310.774 [Veto4]:310.774 [SgUp1]:172713 [SgUp2]:0 [SgUp3]:0 [SgUp4]:0 [SgLow1]:172333 [SgLow2]:0 [SgLow3]:0 [SgLow4]:0 [NetMuon1]:460426 [NetMuon2]:494778 [NetMuon3]:494778 [NetMuon4]:494778
[Run]:22914 [Site]:2 [Bin]:2021 [FullTime]:3590.17 [SkipTime]:0 [Veto1]:490.032 [Veto2]:310.379 [Veto3]:310.379 [Veto4]:310.379 [SgUp1]:175520 [SgUp2]:0 [SgUp3]:0 [SgUp4]:0 [SgLow1]:175152 [SgLow2]:0 [SgLow3]:0 [SgLow4]:0 [NetMuon1]:466855 [NetMuon2]:493852 [NetMuon3]:493852 [NetMuon4]:493852
[Run]:22914 [Site]:2 [Bin]:2022 [FullTime]:3590.17 [SkipTime]:0 [Veto1]:513.724 [Veto2]:310.461 [Veto3]:310.461 [Veto4]:310.461 [SgUp1]:173999 [SgUp2]:0 [SgUp3]:0 [SgUp4]:0 [SgLow1]:173639 [SgLow2]:0 [SgLow3]:0 [SgLow4]:0 [NetMuon1]:463693 [NetMuon2]:494378 [NetMuon3]:494378 [NetMuon4]:494378
[Run]:22914 [Site]:2 [Bin]:2023 [FullTime]:3590.17 [SkipTime]:0 [Veto1]:510.233 [Veto2]:310.05 [Veto3]:310.05 [Veto4]:310.05 [SgUp1]:174374 [SgUp2]:0 [SgUp3]:0 [SgUp4]:0 [SgLow1]:174049 [SgLow2]:0 [SgLow3]:0 [SgLow4]:0 [NetMuon1]:463212 [NetMuon2]:493494 [NetMuon3]:493494 [NetMuon4]:493494
[Run]:22914 [Site]:2 [Bin]:2024 [FullTime]:3590.17 [SkipTime]:0 [Veto1]:507.661 [Veto2]:309.856 [Veto3]:309.856 [Veto4]:309.856 [SgUp1]:174133 [SgUp2]:0 [SgUp3]:0 [SgUp4]:0 [SgLow1]:173754 [SgLow2]:0 [SgLow3]:0 [SgLow4]:0 [NetMuon1]:463413 [NetMuon2]:493361 [NetMuon3]:493361 [NetMuon4]:493361
[Run]:22914 [Site]:2 [Bin]:2025 [FullTime]:3590.17 [SkipTime]:0 [Veto1]:486.389 [Veto2]:310.275 [Veto3]:310.275 [Veto4]:310.275 [SgUp1]:175295 [SgUp2]:0 [SgUp3]:0 [SgUp4]:0 [SgLow1]:174892 [SgLow2]:0 [SgLow3]:0 [SgLow4]:0 [NetMuon1]:467316 [NetMuon2]:494080 [NetMuon3]:494080 [NetMuon4]:494080
[Run]:22914 [Site]:2 [Bin]:2026 [FullTime]:3590.17 [SkipTime]:0 [Veto1]:502.08 [Veto2]:310.465 [Veto3]:310.465 [Veto4]:310.465 [SgUp1]:175430 [SgUp2]:0 [SgUp3]:0 [SgUp4]:0 [SgLow1]:175054 [SgLow2]:0 [SgLow3]:0 [SgLow4]:0 [NetMuon1]:465104 [NetMuon2]:494145 [NetMuon3]:494145 [NetMuon4]:494145
[Run]:22914 [Site]:2 [Bin]:2027 [FullTime]:3590.17 [SkipTime]:0 [Veto1]:488.822 [Veto2]:309.779 [Veto3]:309.779 [Veto4]:309.779 [SgUp1]:174963 [SgUp2]:0 [SgUp3]:0 [SgUp4]:0 [SgLow1]:174607 [SgLow2]:0 [SgLow3]:0 [SgLow4]:0 [NetMuon1]:466476 [NetMuon2]:493214 [NetMuon3]:493214 [NetMuon4]:493214
[Run]:22914 [Site]:2 [Bin]:2028 [FullTime]:3590.17 [SkipTime]:0 [Veto1]:502.643 [Veto2]:310.486 [Veto3]:310.486 [Veto4]:310.486 [SgUp1]:173791 [SgUp2]:0 [SgUp3]:0 [SgUp4]:0 [SgLow1]:173412 [SgLow2]:0 [SgLow3]:0 [SgLow4]:0 [NetMuon1]:465511 [NetMuon2]:494364 [NetMuon3]:494364 [NetMuon4]:494364
[Run]:22914 [Site]:2 [Bin]:2029 [FullTime]:3590.17 [SkipTime]:0 [Veto1]:485.838 [Veto2]:310.814 [Veto3]:310.814 [Veto4]:310.814 [SgUp1]:175524 [SgUp2]:0 [SgUp3]:0 [SgUp4]:0 [SgLow1]:175125 [SgLow2]:0 [SgLow3]:0 [SgLow4]:0 [NetMuon1]:468578 [NetMuon2]:494780 [NetMuon3]:494780 [NetMuon4]:494780
[Run]:22914 [Site]:2 [Bin]:2030 [FullTime]:3590.17 [SkipTime]:0 [Veto1]:510.959 [Veto2]:310.453 [Veto3]:310.453 [Veto4]:310.453 [SgUp1]:173243 [SgUp2]:0 [SgUp3]:0 [SgUp4]:0 [SgLow1]:172835 [SgLow2]:0 [SgLow3]:0 [SgLow4]:0 [NetMuon1]:463985 [NetMuon2]:494310 [NetMuon3]:494310 [NetMuon4]:494310
[Run]:22914 [Site]:2 [Bin]:2031 [FullTime]:3590.17 [SkipTime]:0 [Veto1]:515.818 [Veto2]:309.858 [Veto3]:309.858 [Veto4]:309.858 [SgUp1]:174001 [SgUp2]:0 [SgUp3]:0 [SgUp4]:0 [SgLow1]:173610 [SgLow2]:0 [SgLow3]:0 [SgLow4]:0 [NetMuon1]:462450 [NetMuon2]:493422 [NetMuon3]:493422 [NetMuon4]:493422
[Run]:22914 [Site]:2 [Bin]:2032 [FullTime]:3590.17 [SkipTime]:0 [Veto1]:490.61 [Veto2]:310.705 [Veto3]:310.705 [Veto4]:310.705 [SgUp1]:175086 [SgUp2]:0 [SgUp3]:0 [SgUp4]:0 [SgLow1]:174724 [SgLow2]:0 [SgLow3]:0 [SgLow4]:0 [NetMuon1]:467257 [NetMuon2]:494496 [NetMuon3]:494496 [NetMuon4]:494496
[Run]:22914 [Site]:2 [Bin]:2033 [FullTime]:3590.17 [SkipTime]:0 [Veto1]:501.992 [Veto2]:310.476 [Veto3]:310.476 [Veto4]:310.476 [SgUp1]:174303 [SgUp2]:0 [SgUp3]:0 [SgUp4]:0 [SgLow1]:173881 [SgLow2]:0 [SgLow3]:0 [SgLow4]:0 [NetMuon1]:465231 [NetMuon2]:494145 [NetMuon3]:494145 [NetMuon4]:494145
[Run]:22914 [Site]:2 [Bin]:2034 [FullTime]:3590.17 [SkipTime]:0 [Veto1]:508.702 [Veto2]:310.205 [Veto3]:310.205 [Veto4]:310.205 [SgUp1]:175225 [SgUp2]:0 [SgUp3]:0 [SgUp4]:0 [SgLow1]:174840 [SgLow2]:0 [SgLow3]:0 [SgLow4]:0 [NetMuon1]:463542 [NetMuon2]:493727 [NetMuon3]:493727 [NetMuon4]:493727
[Run]:22914 [Site]:2 [Bin]:2035 [FullTime]:3590.17 [SkipTime]:0 [Veto1]:508.451 [Veto2]:310.204 [Veto3]:310.204 [Veto4]:310.204 [SgUp1]:174702 [SgUp2]:0 [SgUp3]:0 [SgUp4]:0 [SgLow1]:174322 [SgLow2]:0 [SgLow3]:0 [SgLow4]:0 [NetMuon1]:464274 [NetMuon2]:493900 [NetMuon3]:493900 [NetMuon4]:493900
[Run]:22914 [Site]:2 [Bin]:2036 [FullTime]:3590.17 [SkipTime]:0 [Veto1]:504.142 [Veto2]:310.71 [Veto3]:310.71 [Veto4]:310.71 [SgUp1]:175027 [SgUp2]:0 [SgUp3]:0 [SgUp4]:0 [SgLow1]:174658 [SgLow2]:0 [SgLow3]:0 [SgLow4]:0 [NetMuon1]:465919 [NetMuon2]:494745 [NetMuon3]:494745 [NetMuon4]:494745
[Run]:22914 [Site]:2 [Bin]:2037 [FullTime]:3590.17 [SkipTime]:0 [Veto1]:492.329 [Veto2]:309.896 [Veto3]:309.896 [Veto4]:309.896 [SgUp1]:175614 [SgUp2]:0 [SgUp3]:0 [SgUp4]:0 [SgLow1]:175232 [SgLow2]:0 [SgLow3]:0 [SgLow4]:0 [NetMuon1]:466193 [NetMuon2]:493374 [NetMuon3]:493374 [NetMuon4]:493374
[Run]:22914 [Site]:2 [Bin]:2038 [FullTime]:3590.17 [SkipTime]:0 [Veto1]:522.285 [Veto2]:310.601 [Veto3]:310.601 [Veto4]:310.601 [SgUp1]:173929 [SgUp2]:0 [SgUp3]:0 [SgUp4]:0 [SgLow1]:173576 [SgLow2]:0 [SgLow3]:0 [SgLow4]:0 [NetMuon1]:462701 [NetMuon2]:494437 [NetMuon3]:494437 [NetMuon4]:494437
[Run]:22914 [Site]:2 [Bin]:2039 [FullTime]:3590.17 [SkipTime]:0 [Veto1]:512.47 [Veto2]:310.639 [Veto3]:310.639 [Veto4]:310.639 [SgUp1]:174574 [SgUp2]:0 [SgUp3]:0 [SgUp4]:0 [SgLow1]:174189 [SgLow2]:0 [SgLow3]:0 [SgLow4]:0 [NetMuon1]:463946 [NetMuon2]:494296 [NetMuon3]:494296 [NetMuon4]:494296
[Run]:22914 [Site]:2 [Bin]:2040 [FullTime]:3590.17 [SkipTime]:0 [Veto1]:516.245 [Veto2]:310.759 [Veto3]:310.759 [Veto4]:310.759 [SgUp1]:174193 [SgUp2]:0 [SgUp3]:0 [SgUp4]:0 [SgLow1]:173793 [SgLow2]:0 [SgLow3]:0 [SgLow4]:0 [NetMuon1]:464004 [NetMuon2]:494896 [NetMuon3]:494896 [NetMuon4]:494896
[Run]:22914 [Site]:2 [Bin]:2041 [FullTime]:3590.17 [SkipTime]:0 [Veto1]:514.319 [Veto2]:309.863 [Veto3]:309.863 [Veto4]:309.863 [SgUp1]:173305 [SgUp2]:0 [SgUp3]:0 [SgUp4]:0 [SgLow1]:172914 [SgLow2]:0 [SgLow3]:0 [SgLow4]:0 [NetMuon1]:462619 [NetMuon2]:493358 [NetMuon3]:493358 [NetMuon4]:493358
[Run]:22914 [Site]:2 [Bin]:2042 [FullTime]:3590.17 [SkipTime]:0 [Veto1]:490.678 [Veto2]:310.187 [Veto3]:310.187 [Veto4]:310.187 [SgUp1]:174840 [SgUp2]:0 [SgUp3]:0 [SgUp4]:0 [SgLow1]:174425 [SgLow2]:0 [SgLow3]:0 [SgLow4]:0 [NetMuon1]:466852 [NetMuon2]:493812 [NetMuon3]:493812 [NetMuon4]:493812
[Run]:22914 [Site]:2 [Bin]:2043 [FullTime]:3590.17 [SkipTime]:0 [Veto1]:503.183 [Veto2]:310.561 [Veto3]:310.561 [Veto4]:310.561 [SgUp1]:174512 [SgUp2]:0 [SgUp3]:0 [SgUp4]:0 [SgLow1]:174122 [SgLow2]:0 [SgLow3]:0 [SgLow4]:0 [NetMuon1]:465595 [NetMuon2]:494431 [NetMuon3]:494431 [NetMuon4]:494431
[Run]:22914 [Site]:2 [Bin]:2044 [FullTime]:3590.18 [SkipTime]:0 [Veto1]:484.25 [Veto2]:309.686 [Veto3]:309.686 [Veto4]:309.686 [SgUp1]:175750 [SgUp2]:0 [SgUp3]:0 [SgUp4]:0 [SgLow1]:175356 [SgLow2]:0 [SgLow3]:0 [SgLow4]:0 [NetMuon1]:466711 [NetMuon2]:492920 [NetMuon3]:492920 [NetMuon4]:492920
[Run]:22914 [Site]:2 [Bin]:2045 [FullTime]:3590.16 [SkipTime]:0 [Veto1]:498.835 [Veto2]:310.701 [Veto3]:310.701 [Veto4]:310.701 [SgUp1]:175018 [SgUp2]:0 [SgUp3]:0 [SgUp4]:0 [SgLow1]:174622 [SgLow2]:0 [SgLow3]:0 [SgLow4]:0 [NetMuon1]:466144 [NetMuon2]:494527 [NetMuon3]:494527 [NetMuon4]:494527
[Run]:22914 [Site]:2 [Bin]:2046 [FullTime]:3590.17 [SkipTime]:0 [Veto1]:510.092 [Veto2]:309.927 [Veto3]:309.927 [Veto4]:309.927 [SgUp1]:175190 [SgUp2]:0 [SgUp3]:0 [SgUp4]:0 [SgLow1]:174802 [SgLow2]:0 [SgLow3]:0 [SgLow4]:0 [NetMuon1]:463426 [NetMuon2]:493531 [NetMuon3]:493531 [NetMuon4]:493531
[Run]:22914 [Site]:2 [Bin]:2047 [FullTime]:3590.17 [SkipTime]:0 [Veto1]:511.652 [Veto2]:310.436 [Veto3]:310.436 [Veto4]:310.436 [SgUp1]:174978 [SgUp2]:0 [SgUp3]:0 [SgUp4]:0 [SgLow1]:174578 [SgLow2]:0 [SgLow3]:0 [SgLow4]:0 [NetMuon1]:463535 [NetMuon2]:494067 [NetMuon3]:494067 [NetMuon4]:494067
[Run]:22914 [Site]:2 [Bin]:2048 [FullTime]:3590.17 [SkipTime]:0 [Veto1]:528.073 [Veto2]:310.415 [Veto3]:310.415 [Veto4]:310.415 [SgUp1]:172776 [SgUp2]:0 [SgUp3]:0 [SgUp4]:0 [SgLow1]:172380 [SgLow2]:0 [SgLow3]:0 [SgLow4]:0 [NetMuon1]:461431 [NetMuon2]:494133 [NetMuon3]:494133 [NetMuon4]:494133
[Run]:22914 [Site]:2 [Bin]:2049 [FullTime]:3590.17 [SkipTime]:0 [Veto1]:533.574 [Veto2]:311.942 [Veto3]:311.942 [Veto4]:311.942 [SgUp1]:172588 [SgUp2]:0 [SgUp3]:0 [SgUp4]:0 [SgLow1]:172189 [SgLow2]:0 [SgLow3]:0 [SgLow4]:0 [NetMuon1]:463153 [NetMuon2]:496688 [NetMuon3]:496688 [NetMuon4]:496688
[Run]:22914 [Site]:2 [Bin]:2050 [FullTime]:3590.17 [SkipTime]:0 [Veto1]:502.636 [Veto2]:310.175 [Veto3]:310.175 [Veto4]:310.175 [SgUp1]:174403 [SgUp2]:0 [SgUp3]:0 [SgUp4]:0 [SgLow1]:174002 [SgLow2]:0 [SgLow3]:0 [SgLow4]:0 [NetMuon1]:464752 [NetMuon2]:493865 [NetMuon3]:493865 [NetMuon4]:493865
[Run]:22914 [Site]:2 [Bin]:2051 [FullTime]:3590.17 [SkipTime]:0 [Veto1]:520.918 [Veto2]:311.553 [Veto3]:311.553 [Veto4]:311.553 [SgUp1]:173887 [SgUp2]:0 [SgUp3]:0 [SgUp4]:0 [SgLow1]:173457 [SgLow2]:0 [SgLow3]:0 [SgLow4]:0 [NetMuon1]:464212 [NetMuon2]:495911 [NetMuon3]:495911 [NetMuon4]:495911
[Run]:22914 [Site]:2 [Bin]:2052 [FullTime]:3590.17 [SkipTime]:0 [Veto1]:503.469 [Veto2]:311.166 [Veto3]:311.166 [Veto4]:311.166 [SgUp1]:174961 [SgUp2]:0 [SgUp3]:0 [SgUp4]:0 [SgLow1]:174597 [SgLow2]:0 [SgLow3]:0 [SgLow4]:0 [NetMuon1]:465927 [NetMuon2]:495220 [NetMuon3]:495220 [NetMuon4]:495220
[Run]:22914 [Site]:2 [Bin]:2053 [FullTime]:3590.18 [SkipTime]:0 [Veto1]:513.271 [Veto2]:310.957 [Veto3]:310.957 [Veto4]:310.957 [SgUp1]:174645 [SgUp2]:0 [SgUp3]:0 [SgUp4]:0 [SgLow1]:174204 [SgLow2]:0 [SgLow3]:0 [SgLow4]:0 [NetMuon1]:464468 [NetMuon2]:494882 [NetMuon3]:494882 [NetMuon4]:494882
[Run]:22914 [Site]:2 [Bin]:2054 [FullTime]:3590.16 [SkipTime]:0 [Veto1]:532.149 [Veto2]:310.631 [Veto3]:310.631 [Veto4]:310.631 [SgUp1]:173596 [SgUp2]:0 [SgUp3]:0 [SgUp4]:0 [SgLow1]:173208 [SgLow2]:0 [SgLow3]:0 [SgLow4]:0 [NetMuon1]:461248 [NetMuon2]:494406 [NetMuon3]:494406 [NetMuon4]:494406
[Run]:22914 [Site]:2 [Bin]:2055 [FullTime]:3590.17 [SkipTime]:0 [Veto1]:510.097 [Veto2]:311.238 [Veto3]:311.238 [Veto4]:311.238 [SgUp1]:174183 [SgUp2]:0 [SgUp3]:0 [SgUp4]:0 [SgLow1]:173844 [SgLow2]:0 [SgLow3]:0 [SgLow4]:0 [NetMuon1]:465223 [NetMuon2]:495261 [NetMuon3]:495261 [NetMuon4]:495261
[Run]:22914 [Site]:2 [Bin]:2056 [FullTime]:3590.17 [SkipTime]:0 [Veto1]:510.025 [Veto2]:311.131 [Veto3]:311.131 [Veto4]:311.131 [SgUp1]:175182 [SgUp2]:0 [SgUp3]:0 [SgUp4]:0 [SgLow1]:174771 [SgLow2]:0 [SgLow3]:0 [SgLow4]:0 [NetMuon1]:464766 [NetMuon2]:495082 [NetMuon3]:495082 [NetMuon4]:495082
[Run]:22914 [Site]:2 [Bin]:2057 [FullTime]:3590.17 [SkipTime]:0 [Veto1]:525.33 [Veto2]:311.086 [Veto3]:311.086 [Veto4]:311.086 [SgUp1]:172973 [SgUp2]:0 [SgUp3]:0 [SgUp4]:0 [SgLow1]:172596 [SgLow2]:0 [SgLow3]:0 [SgLow4]:0 [NetMuon1]:462934 [NetMuon2]:495183 [NetMuon3]:495183 [NetMuon4]:495183
[Run]:22914 [Site]:2 [Bin]:2058 [FullTime]:3590.17 [SkipTime]:0 [Veto1]:510.203 [Veto2]:310.797 [Veto3]:310.797 [Veto4]:310.797 [SgUp1]:174212 [SgUp2]:0 [SgUp3]:0 [SgUp4]:0 [SgLow1]:173822 [SgLow2]:0 [SgLow3]:0 [SgLow4]:0 [NetMuon1]:464453 [NetMuon2]:494496 [NetMuon3]:494496 [NetMuon4]:494496
[Run]:22914 [Site]:2 [Bin]:2059 [FullTime]:3590.17 [SkipTime]:0 [Veto1]:511.634 [Veto2]:310.688 [Veto3]:310.688 [Veto4]:310.688 [SgUp1]:174371 [SgUp2]:0 [SgUp3]:0 [SgUp4]:0 [SgLow1]:173967 [SgLow2]:0 [SgLow3]:0 [SgLow4]:0 [NetMuon1]:464120 [NetMuon2]:494589 [NetMuon3]:494589 [NetMuon4]:494589
[Run]:22914 [Site]:2 [Bin]:2060 [FullTime]:3590.17 [SkipTime]:0 [Veto1]:513.994 [Veto2]:310.064 [Veto3]:310.064 [Veto4]:310.064 [SgUp1]:174400 [SgUp2]:0 [SgUp3]:0 [SgUp4]:0 [SgLow1]:174035 [SgLow2]:0 [SgLow3]:0 [SgLow4]:0 [NetMuon1]:462375 [NetMuon2]:493210 [NetMuon3]:493210 [NetMuon4]:493210
[Run]:22914 [Site]:2 [Bin]:2061 [FullTime]:3590.17 [SkipTime]:0 [Veto1]:503.105 [Veto2]:311.168 [Veto3]:311.168 [Veto4]:311.168 [SgUp1]:174615 [SgUp2]:0 [SgUp3]:0 [SgUp4]:0 [SgLow1]:174221 [SgLow2]:0 [SgLow3]:0 [SgLow4]:0 [NetMuon1]:466168 [NetMuon2]:495187 [NetMuon3]:495187 [NetMuon4]:495187
[Run]:22914 [Site]:2 [Bin]:2062 [FullTime]:3590.17 [SkipTime]:0 [Veto1]:495.549 [Veto2]:310.279 [Veto3]:310.279 [Veto4]:310.279 [SgUp1]:176106 [SgUp2]:0 [SgUp3]:0 [SgUp4]:0 [SgLow1]:175735 [SgLow2]:0 [SgLow3]:0 [SgLow4]:0 [NetMuon1]:466163 [NetMuon2]:494119 [NetMuon3]:494119 [NetMuon4]:494119
[Run]:22914 [Site]:2 [Bin]:2063 [FullTime]:3590.17 [SkipTime]:0 [Veto1]:517.849 [Veto2]:310.229 [Veto3]:310.229 [Veto4]:310.229 [SgUp1]:174406 [SgUp2]:0 [SgUp3]:0 [SgUp4]:0 [SgLow1]:173996 [SgLow2]:0 [SgLow3]:0 [SgLow4]:0 [NetMuon1]:462614 [NetMuon2]:493841 [NetMuon3]:493841 [NetMuon4]:493841
[Run]:22914 [Site]:2 [Bin]:2064 [FullTime]:3590.18 [SkipTime]:0 [Veto1]:511.584 [Veto2]:310.416 [Veto3]:310.416 [Veto4]:310.416 [SgUp1]:173752 [SgUp2]:0 [SgUp3]:0 [SgUp4]:0 [SgLow1]:173350 [SgLow2]:0 [SgLow3]:0 [SgLow4]:0 [NetMuon1]:464169 [NetMuon2]:494316 [NetMuon3]:494316 [NetMuon4]:494316
[Run]:22914 [Site]:2 [Bin]:2065 [FullTime]:3590.16 [SkipTime]:0 [Veto1]:523.429 [Veto2]:310.205 [Veto3]:310.205 [Veto4]:310.205 [SgUp1]:173657 [SgUp2]:0 [SgUp3]:0 [SgUp4]:0 [SgLow1]:173239 [SgLow2]:0 [SgLow3]:0 [SgLow4]:0 [NetMuon1]:462092 [NetMuon2]:493961 [NetMuon3]:493961 [NetMuon4]:493961
[Run]:22914 [Site]:2 [Bin]:2066 [FullTime]:3590.17 [SkipTime]:0 [Veto1]:491.238 [Veto2]:309.839 [Veto3]:309.839 [Veto4]:309.839 [SgUp1]:176195 [SgUp2]:0 [SgUp3]:0 [SgUp4]:0 [SgLow1]:175811 [SgLow2]:0 [SgLow3]:0 [SgLow4]:0 [NetMuon1]:465780 [NetMuon2]:493224 [NetMuon3]:493224 [NetMuon4]:493224
[Run]:22914 [Site]:2 [Bin]:2067 [FullTime]:3590.17 [SkipTime]:0 [Veto1]:513.212 [Veto2]:311.164 [Veto3]:311.164 [Veto4]:311.164 [SgUp1]:174808 [SgUp2]:0 [SgUp3]:0 [SgUp4]:0 [SgLow1]:174414 [SgLow2]:0 [SgLow3]:0 [SgLow4]:0 [NetMuon1]:464336 [NetMuon2]:495244 [NetMuon3]:495244 [NetMuon4]:495244
[Run]:22914 [Site]:2 [Bin]:2068 [FullTime]:3590.17 [SkipTime]:0 [Veto1]:481.909 [Veto2]:310.585 [Veto3]:310.585 [Veto4]:310.585 [SgUp1]:176113 [SgUp2]:0 [SgUp3]:0 [SgUp4]:0 [SgLow1]:175702 [SgLow2]:0 [SgLow3]:0 [SgLow4]:0 [NetMuon1]:468855 [NetMuon2]:494493 [NetMuon3]:494493 [NetMuon4]:494493
[Run]:22914 [Site]:2 [Bin]:2069 [FullTime]:3590.17 [SkipTime]:0 [Veto1]:511.193 [Veto2]:310.558 [Veto3]:310.558 [Veto4]:310.558 [SgUp1]:174874 [SgUp2]:0 [SgUp3]:0 [SgUp4]:0 [SgLow1]:174529 [SgLow2]:0 [SgLow3]:0 [SgLow4]:0 [NetMuon1]:464279 [NetMuon2]:494583 [NetMuon3]:494583 [NetMuon4]:494583
[Run]:22914 [Site]:2 [Bin]:2070 [FullTime]:3590.17 [SkipTime]:0 [Veto1]:514.886 [Veto2]:311.248 [Veto3]:311.248 [Veto4]:311.248 [SgUp1]:174372 [SgUp2]:0 [SgUp3]:0 [SgUp4]:0 [SgLow1]:173983 [SgLow2]:0 [SgLow3]:0 [SgLow4]:0 [NetMuon1]:464803 [NetMuon2]:495564 [NetMuon3]:495564 [NetMuon4]:495564
[Run]:22914 [Site]:2 [Bin]:2071 [FullTime]:3590.17 [SkipTime]:0 [Veto1]:509.483 [Veto2]:310.576 [Veto3]:310.576 [Veto4]:310.576 [SgUp1]:174485 [SgUp2]:0 [SgUp3]:0 [SgUp4]:0 [SgLow1]:174078 [SgLow2]:0 [SgLow3]:0 [SgLow4]:0 [NetMuon1]:464411 [NetMuon2]:494348 [NetMuon3]:494348 [NetMuon4]:494348
End process Run: 22914 ... 
[Run]:22914 [Site]:2 [Bin]:2072 [FullTime]:1428.16 [SkipTime]:0 [Veto1]:207.315 [Veto2]:123.594 [Veto3]:123.594 [Veto4]:123.594
