StreamChain add 0x1ec847e0
Start to process run: 22648 ... 
[Run]:22648 [Site]:2 [Bin]:1687 [FullTime]:1407.32 [SkipTime]:0 [Veto1]:210.72 [Veto2]:121.681 [Veto3]:121.681 [Veto4]:121.681 [SgUp1]:67671 [SgUp2]:0 [SgUp3]:0 [SgUp4]:0 [SgLow1]:67483 [SgLow2]:0 [SgLow3]:0 [SgLow4]:0 [NetMuon1]:180241 [NetMuon2]:193703 [NetMuon3]:193703 [NetMuon4]:193703
[Run]:22648 [Site]:2 [Bin]:1688 [FullTime]:3590.17 [SkipTime]:0 [Veto1]:507.436 [Veto2]:310.446 [Veto3]:310.446 [Veto4]:310.446 [SgUp1]:174695 [SgUp2]:0 [SgUp3]:0 [SgUp4]:0 [SgLow1]:174289 [SgLow2]:0 [SgLow3]:0 [SgLow4]:0 [NetMuon1]:464638 [NetMuon2]:494267 [NetMuon3]:494267 [NetMuon4]:494267
[Run]:22648 [Site]:2 [Bin]:1689 [FullTime]:3590.17 [SkipTime]:0 [Veto1]:500.292 [Veto2]:310.658 [Veto3]:310.658 [Veto4]:310.658 [SgUp1]:175297 [SgUp2]:0 [SgUp3]:0 [SgUp4]:0 [SgLow1]:174872 [SgLow2]:0 [SgLow3]:0 [SgLow4]:0 [NetMuon1]:466137 [NetMuon2]:494635 [NetMuon3]:494635 [NetMuon4]:494635
[Run]:22648 [Site]:2 [Bin]:1690 [FullTime]:3590.17 [SkipTime]:0 [Veto1]:502.823 [Veto2]:310.426 [Veto3]:310.426 [Veto4]:310.426 [SgUp1]:175312 [SgUp2]:0 [SgUp3]:0 [SgUp4]:0 [SgLow1]:174915 [SgLow2]:0 [SgLow3]:0 [SgLow4]:0 [NetMuon1]:465542 [NetMuon2]:494312 [NetMuon3]:494312 [NetMuon4]:494312
[Run]:22648 [Site]:2 [Bin]:1691 [FullTime]:3590.17 [SkipTime]:0 [Veto1]:503.928 [Veto2]:311.605 [Veto3]:311.605 [Veto4]:311.605 [SgUp1]:175817 [SgUp2]:0 [SgUp3]:0 [SgUp4]:0 [SgLow1]:175465 [SgLow2]:0 [SgLow3]:0 [SgLow4]:0 [NetMuon1]:466864 [NetMuon2]:496047 [NetMuon3]:496047 [NetMuon4]:496047
[Run]:22648 [Site]:2 [Bin]:1692 [FullTime]:3590.17 [SkipTime]:0 [Veto1]:496.504 [Veto2]:309.86 [Veto3]:309.86 [Veto4]:309.86 [SgUp1]:175777 [SgUp2]:0 [SgUp3]:0 [SgUp4]:0 [SgLow1]:175372 [SgLow2]:0 [SgLow3]:0 [SgLow4]:0 [NetMuon1]:465288 [NetMuon2]:493309 [NetMuon3]:493309 [NetMuon4]:493309
[Run]:22648 [Site]:2 [Bin]:1693 [FullTime]:3590.17 [SkipTime]:0 [Veto1]:538.059 [Veto2]:310.942 [Veto3]:310.942 [Veto4]:310.942 [SgUp1]:173580 [SgUp2]:0 [SgUp3]:0 [SgUp4]:0 [SgLow1]:173198 [SgLow2]:0 [SgLow3]:0 [SgLow4]:0 [NetMuon1]:460683 [NetMuon2]:495086 [NetMuon3]:495086 [NetMuon4]:495086
[Run]:22648 [Site]:2 [Bin]:1694 [FullTime]:3590.17 [SkipTime]:0 [Veto1]:491.926 [Veto2]:310.235 [Veto3]:310.235 [Veto4]:310.235 [SgUp1]:176914 [SgUp2]:0 [SgUp3]:0 [SgUp4]:0 [SgLow1]:176510 [SgLow2]:0 [SgLow3]:0 [SgLow4]:0 [NetMuon1]:466504 [NetMuon2]:493794 [NetMuon3]:493794 [NetMuon4]:493794
[Run]:22648 [Site]:2 [Bin]:1695 [FullTime]:3590.17 [SkipTime]:0 [Veto1]:497.532 [Veto2]:310.471 [Veto3]:310.471 [Veto4]:310.471 [SgUp1]:176374 [SgUp2]:0 [SgUp3]:0 [SgUp4]:0 [SgLow1]:175964 [SgLow2]:0 [SgLow3]:0 [SgLow4]:0 [NetMuon1]:465615 [NetMuon2]:494168 [NetMuon3]:494168 [NetMuon4]:494168
[Run]:22648 [Site]:2 [Bin]:1696 [FullTime]:3590.17 [SkipTime]:0 [Veto1]:531.238 [Veto2]:311.642 [Veto3]:311.642 [Veto4]:311.642 [SgUp1]:174169 [SgUp2]:0 [SgUp3]:0 [SgUp4]:0 [SgLow1]:173788 [SgLow2]:0 [SgLow3]:0 [SgLow4]:0 [NetMuon1]:462636 [NetMuon2]:496131 [NetMuon3]:496131 [NetMuon4]:496131
[Run]:22648 [Site]:2 [Bin]:1697 [FullTime]:3590.17 [SkipTime]:0 [Veto1]:506.476 [Veto2]:310.024 [Veto3]:310.024 [Veto4]:310.024 [SgUp1]:175693 [SgUp2]:0 [SgUp3]:0 [SgUp4]:0 [SgLow1]:175272 [SgLow2]:0 [SgLow3]:0 [SgLow4]:0 [NetMuon1]:464074 [NetMuon2]:493557 [NetMuon3]:493557 [NetMuon4]:493557
[Run]:22648 [Site]:2 [Bin]:1698 [FullTime]:3590.17 [SkipTime]:0 [Veto1]:490.436 [Veto2]:310.554 [Veto3]:310.554 [Veto4]:310.554 [SgUp1]:176897 [SgUp2]:0 [SgUp3]:0 [SgUp4]:0 [SgLow1]:176492 [SgLow2]:0 [SgLow3]:0 [SgLow4]:0 [NetMuon1]:467325 [NetMuon2]:494261 [NetMuon3]:494261 [NetMuon4]:494261
[Run]:22648 [Site]:2 [Bin]:1699 [FullTime]:3590.17 [SkipTime]:0 [Veto1]:508.855 [Veto2]:310.203 [Veto3]:310.203 [Veto4]:310.203 [SgUp1]:175597 [SgUp2]:0 [SgUp3]:0 [SgUp4]:0 [SgLow1]:175221 [SgLow2]:0 [SgLow3]:0 [SgLow4]:0 [NetMuon1]:463990 [NetMuon2]:494041 [NetMuon3]:494041 [NetMuon4]:494041
[Run]:22648 [Site]:2 [Bin]:1700 [FullTime]:3590.17 [SkipTime]:0 [Veto1]:508.724 [Veto2]:310.591 [Veto3]:310.591 [Veto4]:310.591 [SgUp1]:174906 [SgUp2]:0 [SgUp3]:0 [SgUp4]:0 [SgLow1]:174520 [SgLow2]:0 [SgLow3]:0 [SgLow4]:0 [NetMuon1]:464690 [NetMuon2]:494485 [NetMuon3]:494485 [NetMuon4]:494485
[Run]:22648 [Site]:2 [Bin]:1701 [FullTime]:3590.17 [SkipTime]:0 [Veto1]:513.349 [Veto2]:310.83 [Veto3]:310.83 [Veto4]:310.83 [SgUp1]:175050 [SgUp2]:0 [SgUp3]:0 [SgUp4]:0 [SgLow1]:174659 [SgLow2]:0 [SgLow3]:0 [SgLow4]:0 [NetMuon1]:464387 [NetMuon2]:494731 [NetMuon3]:494731 [NetMuon4]:494731
[Run]:22648 [Site]:2 [Bin]:1702 [FullTime]:3590.17 [SkipTime]:0 [Veto1]:506.852 [Veto2]:310.663 [Veto3]:310.663 [Veto4]:310.663 [SgUp1]:175798 [SgUp2]:0 [SgUp3]:0 [SgUp4]:0 [SgLow1]:175442 [SgLow2]:0 [SgLow3]:0 [SgLow4]:0 [NetMuon1]:465044 [NetMuon2]:494597 [NetMuon3]:494597 [NetMuon4]:494597
[Run]:22648 [Site]:2 [Bin]:1703 [FullTime]:3590.17 [SkipTime]:0 [Veto1]:510.461 [Veto2]:310.391 [Veto3]:310.391 [Veto4]:310.391 [SgUp1]:175877 [SgUp2]:0 [SgUp3]:0 [SgUp4]:0 [SgLow1]:175510 [SgLow2]:0 [SgLow3]:0 [SgLow4]:0 [NetMuon1]:464148 [NetMuon2]:493978 [NetMuon3]:493978 [NetMuon4]:493978
[Run]:22648 [Site]:2 [Bin]:1704 [FullTime]:3590.17 [SkipTime]:0 [Veto1]:497.315 [Veto2]:310.058 [Veto3]:310.058 [Veto4]:310.058 [SgUp1]:176560 [SgUp2]:0 [SgUp3]:0 [SgUp4]:0 [SgLow1]:176108 [SgLow2]:0 [SgLow3]:0 [SgLow4]:0 [NetMuon1]:465433 [NetMuon2]:493639 [NetMuon3]:493639 [NetMuon4]:493639
[Run]:22648 [Site]:2 [Bin]:1705 [FullTime]:3590.17 [SkipTime]:0 [Veto1]:490.514 [Veto2]:309.641 [Veto3]:309.641 [Veto4]:309.641 [SgUp1]:176254 [SgUp2]:0 [SgUp3]:0 [SgUp4]:0 [SgLow1]:175838 [SgLow2]:0 [SgLow3]:0 [SgLow4]:0 [NetMuon1]:465998 [NetMuon2]:493037 [NetMuon3]:493037 [NetMuon4]:493037
[Run]:22648 [Site]:2 [Bin]:1706 [FullTime]:3590.17 [SkipTime]:0 [Veto1]:493.324 [Veto2]:309.537 [Veto3]:309.537 [Veto4]:309.537 [SgUp1]:176532 [SgUp2]:0 [SgUp3]:0 [SgUp4]:0 [SgLow1]:176074 [SgLow2]:0 [SgLow3]:0 [SgLow4]:0 [NetMuon1]:465508 [NetMuon2]:492847 [NetMuon3]:492847 [NetMuon4]:492847
[Run]:22648 [Site]:2 [Bin]:1707 [FullTime]:3590.17 [SkipTime]:0 [Veto1]:500.089 [Veto2]:309.709 [Veto3]:309.709 [Veto4]:309.709 [SgUp1]:175397 [SgUp2]:0 [SgUp3]:0 [SgUp4]:0 [SgLow1]:174993 [SgLow2]:0 [SgLow3]:0 [SgLow4]:0 [NetMuon1]:464643 [NetMuon2]:493351 [NetMuon3]:493351 [NetMuon4]:493351
[Run]:22648 [Site]:2 [Bin]:1708 [FullTime]:3590.17 [SkipTime]:0 [Veto1]:502.049 [Veto2]:309.666 [Veto3]:309.666 [Veto4]:309.666 [SgUp1]:175266 [SgUp2]:0 [SgUp3]:0 [SgUp4]:0 [SgLow1]:174854 [SgLow2]:0 [SgLow3]:0 [SgLow4]:0 [NetMuon1]:464501 [NetMuon2]:493101 [NetMuon3]:493101 [NetMuon4]:493101
[Run]:22648 [Site]:2 [Bin]:1709 [FullTime]:3590.17 [SkipTime]:0 [Veto1]:507.577 [Veto2]:310.612 [Veto3]:310.612 [Veto4]:310.612 [SgUp1]:175472 [SgUp2]:0 [SgUp3]:0 [SgUp4]:0 [SgLow1]:175074 [SgLow2]:0 [SgLow3]:0 [SgLow4]:0 [NetMuon1]:464602 [NetMuon2]:494330 [NetMuon3]:494330 [NetMuon4]:494330
[Run]:22648 [Site]:2 [Bin]:1710 [FullTime]:3590.17 [SkipTime]:0 [Veto1]:515.825 [Veto2]:309.479 [Veto3]:309.479 [Veto4]:309.479 [SgUp1]:174564 [SgUp2]:0 [SgUp3]:0 [SgUp4]:0 [SgLow1]:174201 [SgLow2]:0 [SgLow3]:0 [SgLow4]:0 [NetMuon1]:461549 [NetMuon2]:492834 [NetMuon3]:492834 [NetMuon4]:492834
[Run]:22648 [Site]:2 [Bin]:1711 [FullTime]:3590.17 [SkipTime]:0 [Veto1]:511.128 [Veto2]:310.412 [Veto3]:310.412 [Veto4]:310.412 [SgUp1]:174940 [SgUp2]:0 [SgUp3]:0 [SgUp4]:0 [SgLow1]:174524 [SgLow2]:0 [SgLow3]:0 [SgLow4]:0 [NetMuon1]:463879 [NetMuon2]:494194 [NetMuon3]:494194 [NetMuon4]:494194
[Run]:22648 [Site]:2 [Bin]:1712 [FullTime]:3590.17 [SkipTime]:0 [Veto1]:502.365 [Veto2]:310.23 [Veto3]:310.23 [Veto4]:310.23 [SgUp1]:176178 [SgUp2]:0 [SgUp3]:0 [SgUp4]:0 [SgLow1]:175773 [SgLow2]:0 [SgLow3]:0 [SgLow4]:0 [NetMuon1]:464849 [NetMuon2]:493794 [NetMuon3]:493794 [NetMuon4]:493794
[Run]:22648 [Site]:2 [Bin]:1713 [FullTime]:3590.18 [SkipTime]:0 [Veto1]:524.268 [Veto2]:310.265 [Veto3]:310.265 [Veto4]:310.265 [SgUp1]:173598 [SgUp2]:0 [SgUp3]:0 [SgUp4]:0 [SgLow1]:173203 [SgLow2]:0 [SgLow3]:0 [SgLow4]:0 [NetMuon1]:461849 [NetMuon2]:493855 [NetMuon3]:493855 [NetMuon4]:493855
[Run]:22648 [Site]:2 [Bin]:1714 [FullTime]:3590.17 [SkipTime]:0 [Veto1]:516.363 [Veto2]:309.631 [Veto3]:309.631 [Veto4]:309.631 [SgUp1]:175419 [SgUp2]:0 [SgUp3]:0 [SgUp4]:0 [SgLow1]:175054 [SgLow2]:0 [SgLow3]:0 [SgLow4]:0 [NetMuon1]:461868 [NetMuon2]:492938 [NetMuon3]:492938 [NetMuon4]:492938
[Run]:22648 [Site]:2 [Bin]:1715 [FullTime]:3590.17 [SkipTime]:0 [Veto1]:506.813 [Veto2]:310.041 [Veto3]:310.041 [Veto4]:310.041 [SgUp1]:175212 [SgUp2]:0 [SgUp3]:0 [SgUp4]:0 [SgLow1]:174807 [SgLow2]:0 [SgLow3]:0 [SgLow4]:0 [NetMuon1]:463935 [NetMuon2]:493520 [NetMuon3]:493520 [NetMuon4]:493520
[Run]:22648 [Site]:2 [Bin]:1716 [FullTime]:3590.17 [SkipTime]:0 [Veto1]:524.021 [Veto2]:309.645 [Veto3]:309.645 [Veto4]:309.645 [SgUp1]:174568 [SgUp2]:0 [SgUp3]:0 [SgUp4]:0 [SgLow1]:174214 [SgLow2]:0 [SgLow3]:0 [SgLow4]:0 [NetMuon1]:460489 [NetMuon2]:492830 [NetMuon3]:492830 [NetMuon4]:492830
[Run]:22648 [Site]:2 [Bin]:1717 [FullTime]:3590.17 [SkipTime]:0 [Veto1]:500.417 [Veto2]:310.182 [Veto3]:310.182 [Veto4]:310.182 [SgUp1]:175885 [SgUp2]:0 [SgUp3]:0 [SgUp4]:0 [SgLow1]:175450 [SgLow2]:0 [SgLow3]:0 [SgLow4]:0 [NetMuon1]:465239 [NetMuon2]:493828 [NetMuon3]:493828 [NetMuon4]:493828
[Run]:22648 [Site]:2 [Bin]:1718 [FullTime]:3590.17 [SkipTime]:0 [Veto1]:493.287 [Veto2]:310.951 [Veto3]:310.951 [Veto4]:310.951 [SgUp1]:176203 [SgUp2]:0 [SgUp3]:0 [SgUp4]:0 [SgLow1]:175862 [SgLow2]:0 [SgLow3]:0 [SgLow4]:0 [NetMuon1]:467719 [NetMuon2]:495122 [NetMuon3]:495122 [NetMuon4]:495122
[Run]:22648 [Site]:2 [Bin]:1719 [FullTime]:3590.17 [SkipTime]:0 [Veto1]:506.419 [Veto2]:309.855 [Veto3]:309.855 [Veto4]:309.855 [SgUp1]:175986 [SgUp2]:0 [SgUp3]:0 [SgUp4]:0 [SgLow1]:175623 [SgLow2]:0 [SgLow3]:0 [SgLow4]:0 [NetMuon1]:463993 [NetMuon2]:493509 [NetMuon3]:493509 [NetMuon4]:493509
[Run]:22648 [Site]:2 [Bin]:1720 [FullTime]:3590.17 [SkipTime]:0 [Veto1]:499.652 [Veto2]:310.424 [Veto3]:310.424 [Veto4]:310.424 [SgUp1]:176345 [SgUp2]:0 [SgUp3]:0 [SgUp4]:0 [SgLow1]:175973 [SgLow2]:0 [SgLow3]:0 [SgLow4]:0 [NetMuon1]:465903 [NetMuon2]:494239 [NetMuon3]:494239 [NetMuon4]:494239
[Run]:22648 [Site]:2 [Bin]:1721 [FullTime]:3590.17 [SkipTime]:0 [Veto1]:502.799 [Veto2]:311.464 [Veto3]:311.464 [Veto4]:311.464 [SgUp1]:176464 [SgUp2]:0 [SgUp3]:0 [SgUp4]:0 [SgLow1]:176091 [SgLow2]:0 [SgLow3]:0 [SgLow4]:0 [NetMuon1]:466800 [NetMuon2]:495783 [NetMuon3]:495783 [NetMuon4]:495783
[Run]:22648 [Site]:2 [Bin]:1722 [FullTime]:3590.17 [SkipTime]:0 [Veto1]:536.237 [Veto2]:311.484 [Veto3]:311.484 [Veto4]:311.484 [SgUp1]:173639 [SgUp2]:0 [SgUp3]:0 [SgUp4]:0 [SgLow1]:173270 [SgLow2]:0 [SgLow3]:0 [SgLow4]:0 [NetMuon1]:461310 [NetMuon2]:495702 [NetMuon3]:495702 [NetMuon4]:495702
[Run]:22648 [Site]:2 [Bin]:1723 [FullTime]:3590.17 [SkipTime]:0 [Veto1]:517.815 [Veto2]:310.829 [Veto3]:310.829 [Veto4]:310.829 [SgUp1]:174861 [SgUp2]:0 [SgUp3]:0 [SgUp4]:0 [SgLow1]:174414 [SgLow2]:0 [SgLow3]:0 [SgLow4]:0 [NetMuon1]:463848 [NetMuon2]:494831 [NetMuon3]:494831 [NetMuon4]:494831
[Run]:22648 [Site]:2 [Bin]:1724 [FullTime]:3590.17 [SkipTime]:0 [Veto1]:494.615 [Veto2]:311.702 [Veto3]:311.702 [Veto4]:311.702 [SgUp1]:176630 [SgUp2]:0 [SgUp3]:0 [SgUp4]:0 [SgLow1]:176203 [SgLow2]:0 [SgLow3]:0 [SgLow4]:0 [NetMuon1]:468584 [NetMuon2]:496149 [NetMuon3]:496149 [NetMuon4]:496149
[Run]:22648 [Site]:2 [Bin]:1725 [FullTime]:3590.17 [SkipTime]:0 [Veto1]:511.165 [Veto2]:310.504 [Veto3]:310.504 [Veto4]:310.504 [SgUp1]:176005 [SgUp2]:0 [SgUp3]:0 [SgUp4]:0 [SgLow1]:175613 [SgLow2]:0 [SgLow3]:0 [SgLow4]:0 [NetMuon1]:464159 [NetMuon2]:494315 [NetMuon3]:494315 [NetMuon4]:494315
[Run]:22648 [Site]:2 [Bin]:1726 [FullTime]:3590.17 [SkipTime]:0 [Veto1]:526.765 [Veto2]:310.389 [Veto3]:310.389 [Veto4]:310.389 [SgUp1]:174933 [SgUp2]:0 [SgUp3]:0 [SgUp4]:0 [SgLow1]:174574 [SgLow2]:0 [SgLow3]:0 [SgLow4]:0 [NetMuon1]:461638 [NetMuon2]:494249 [NetMuon3]:494249 [NetMuon4]:494249
[Run]:22648 [Site]:2 [Bin]:1727 [FullTime]:2576.88 [SkipTime]:1013.29 [Veto1]:363.975 [Veto2]:223.01 [Veto3]:223.01 [Veto4]:223.01 [SgUp1]:125959 [SgUp2]:0 [SgUp3]:0 [SgUp4]:0 [SgLow1]:125666 [SgLow2]:0 [SgLow3]:0 [SgLow4]:0 [NetMuon1]:333643 [NetMuon2]:354831 [NetMuon3]:354831 [NetMuon4]:354831
[Run]:22648 [Site]:2 [Bin]:1728 [FullTime]:3590.17 [SkipTime]:0 [Veto1]:482.755 [Veto2]:309.847 [Veto3]:309.847 [Veto4]:309.847 [SgUp1]:177170 [SgUp2]:0 [SgUp3]:0 [SgUp4]:0 [SgLow1]:176768 [SgLow2]:0 [SgLow3]:0 [SgLow4]:0 [NetMuon1]:467354 [NetMuon2]:493305 [NetMuon3]:493305 [NetMuon4]:493305
[Run]:22648 [Site]:2 [Bin]:1729 [FullTime]:3590.18 [SkipTime]:0 [Veto1]:481.065 [Veto2]:310.149 [Veto3]:310.149 [Veto4]:310.149 [SgUp1]:176505 [SgUp2]:0 [SgUp3]:0 [SgUp4]:0 [SgLow1]:176164 [SgLow2]:0 [SgLow3]:0 [SgLow4]:0 [NetMuon1]:468111 [NetMuon2]:493868 [NetMuon3]:493868 [NetMuon4]:493868
[Run]:22648 [Site]:2 [Bin]:1730 [FullTime]:3590.16 [SkipTime]:0 [Veto1]:524.61 [Veto2]:310.952 [Veto3]:310.952 [Veto4]:310.952 [SgUp1]:174155 [SgUp2]:0 [SgUp3]:0 [SgUp4]:0 [SgLow1]:173702 [SgLow2]:0 [SgLow3]:0 [SgLow4]:0 [NetMuon1]:462764 [NetMuon2]:494972 [NetMuon3]:494972 [NetMuon4]:494972
[Run]:22648 [Site]:2 [Bin]:1731 [FullTime]:3590.17 [SkipTime]:0 [Veto1]:491.97 [Veto2]:310.764 [Veto3]:310.764 [Veto4]:310.764 [SgUp1]:176232 [SgUp2]:0 [SgUp3]:0 [SgUp4]:0 [SgLow1]:175818 [SgLow2]:0 [SgLow3]:0 [SgLow4]:0 [NetMuon1]:467596 [NetMuon2]:494517 [NetMuon3]:494517 [NetMuon4]:494517
[Run]:22648 [Site]:2 [Bin]:1732 [FullTime]:3590.17 [SkipTime]:0 [Veto1]:507.134 [Veto2]:310.972 [Veto3]:310.972 [Veto4]:310.972 [SgUp1]:174887 [SgUp2]:0 [SgUp3]:0 [SgUp4]:0 [SgLow1]:174527 [SgLow2]:0 [SgLow3]:0 [SgLow4]:0 [NetMuon1]:465366 [NetMuon2]:494886 [NetMuon3]:494886 [NetMuon4]:494886
[Run]:22648 [Site]:2 [Bin]:1733 [FullTime]:3590.17 [SkipTime]:0 [Veto1]:515.055 [Veto2]:310.933 [Veto3]:310.933 [Veto4]:310.933 [SgUp1]:174462 [SgUp2]:0 [SgUp3]:0 [SgUp4]:0 [SgLow1]:174031 [SgLow2]:0 [SgLow3]:0 [SgLow4]:0 [NetMuon1]:463806 [NetMuon2]:494893 [NetMuon3]:494893 [NetMuon4]:494893
[Run]:22648 [Site]:2 [Bin]:1734 [FullTime]:3590.17 [SkipTime]:0 [Veto1]:503.997 [Veto2]:311.629 [Veto3]:311.629 [Veto4]:311.629 [SgUp1]:175741 [SgUp2]:0 [SgUp3]:0 [SgUp4]:0 [SgLow1]:175298 [SgLow2]:0 [SgLow3]:0 [SgLow4]:0 [NetMuon1]:466785 [NetMuon2]:495933 [NetMuon3]:495933 [NetMuon4]:495933
End process Run: 22648 ... 
[Run]:22648 [Site]:2 [Bin]:1735 [FullTime]:3179.02 [SkipTime]:0 [Veto1]:464.871 [Veto2]:276.12 [Veto3]:276.12 [Veto4]:276.12
