StreamChain add 0x154537e0
Start to process run: 22121 ... 
[Run]:22121 [Site]:2 [Bin]:1013 [FullTime]:842.182 [SkipTime]:0 [Veto1]:123.776 [Veto2]:72.7605 [Veto3]:72.7605 [Veto4]:72.7605 [SgUp1]:40595 [SgUp2]:0 [SgUp3]:0 [SgUp4]:0 [SgLow1]:40515 [SgLow2]:0 [SgLow3]:0 [SgLow4]:0 [NetMuon1]:108215 [NetMuon2]:115843 [NetMuon3]:115843 [NetMuon4]:115843
[Run]:22121 [Site]:2 [Bin]:1014 [FullTime]:3590.17 [SkipTime]:0 [Veto1]:498.71 [Veto2]:307.989 [Veto3]:307.989 [Veto4]:307.989 [SgUp1]:176194 [SgUp2]:0 [SgUp3]:0 [SgUp4]:0 [SgLow1]:175813 [SgLow2]:0 [SgLow3]:0 [SgLow4]:0 [NetMuon1]:461584 [NetMuon2]:490248 [NetMuon3]:490248 [NetMuon4]:490248
[Run]:22121 [Site]:2 [Bin]:1015 [FullTime]:3590.17 [SkipTime]:0 [Veto1]:518.24 [Veto2]:309.537 [Veto3]:309.537 [Veto4]:309.537 [SgUp1]:175844 [SgUp2]:0 [SgUp3]:0 [SgUp4]:0 [SgLow1]:175466 [SgLow2]:0 [SgLow3]:0 [SgLow4]:0 [NetMuon1]:461364 [NetMuon2]:492875 [NetMuon3]:492875 [NetMuon4]:492875
[Run]:22121 [Site]:2 [Bin]:1016 [FullTime]:3590.17 [SkipTime]:0 [Veto1]:515.271 [Veto2]:309.003 [Veto3]:309.003 [Veto4]:309.003 [SgUp1]:175177 [SgUp2]:0 [SgUp3]:0 [SgUp4]:0 [SgLow1]:174817 [SgLow2]:0 [SgLow3]:0 [SgLow4]:0 [NetMuon1]:461566 [NetMuon2]:492285 [NetMuon3]:492285 [NetMuon4]:492285
[Run]:22121 [Site]:2 [Bin]:1017 [FullTime]:3590.17 [SkipTime]:0 [Veto1]:490.783 [Veto2]:309.11 [Veto3]:309.11 [Veto4]:309.11 [SgUp1]:176809 [SgUp2]:0 [SgUp3]:0 [SgUp4]:0 [SgLow1]:176470 [SgLow2]:0 [SgLow3]:0 [SgLow4]:0 [NetMuon1]:464918 [NetMuon2]:492411 [NetMuon3]:492411 [NetMuon4]:492411
[Run]:22121 [Site]:2 [Bin]:1018 [FullTime]:3590.17 [SkipTime]:0 [Veto1]:502.533 [Veto2]:308.964 [Veto3]:308.964 [Veto4]:308.964 [SgUp1]:176024 [SgUp2]:0 [SgUp3]:0 [SgUp4]:0 [SgLow1]:175646 [SgLow2]:0 [SgLow3]:0 [SgLow4]:0 [NetMuon1]:462773 [NetMuon2]:491785 [NetMuon3]:491785 [NetMuon4]:491785
[Run]:22121 [Site]:2 [Bin]:1019 [FullTime]:3590.17 [SkipTime]:0 [Veto1]:515.085 [Veto2]:309.412 [Veto3]:309.412 [Veto4]:309.412 [SgUp1]:174862 [SgUp2]:0 [SgUp3]:0 [SgUp4]:0 [SgLow1]:174496 [SgLow2]:0 [SgLow3]:0 [SgLow4]:0 [NetMuon1]:461936 [NetMuon2]:493115 [NetMuon3]:493115 [NetMuon4]:493115
[Run]:22121 [Site]:2 [Bin]:1020 [FullTime]:3590.17 [SkipTime]:0 [Veto1]:522.918 [Veto2]:309.131 [Veto3]:309.131 [Veto4]:309.131 [SgUp1]:175107 [SgUp2]:0 [SgUp3]:0 [SgUp4]:0 [SgLow1]:174753 [SgLow2]:0 [SgLow3]:0 [SgLow4]:0 [NetMuon1]:460359 [NetMuon2]:492410 [NetMuon3]:492410 [NetMuon4]:492410
[Run]:22121 [Site]:2 [Bin]:1021 [FullTime]:3590.17 [SkipTime]:0 [Veto1]:499.77 [Veto2]:309.392 [Veto3]:309.392 [Veto4]:309.392 [SgUp1]:175890 [SgUp2]:0 [SgUp3]:0 [SgUp4]:0 [SgLow1]:175471 [SgLow2]:0 [SgLow3]:0 [SgLow4]:0 [NetMuon1]:463972 [NetMuon2]:492528 [NetMuon3]:492528 [NetMuon4]:492528
[Run]:22121 [Site]:2 [Bin]:1022 [FullTime]:3590.17 [SkipTime]:0 [Veto1]:508.424 [Veto2]:309.753 [Veto3]:309.753 [Veto4]:309.753 [SgUp1]:176288 [SgUp2]:0 [SgUp3]:0 [SgUp4]:0 [SgLow1]:175901 [SgLow2]:0 [SgLow3]:0 [SgLow4]:0 [NetMuon1]:463407 [NetMuon2]:493279 [NetMuon3]:493279 [NetMuon4]:493279
[Run]:22121 [Site]:2 [Bin]:1023 [FullTime]:3590.17 [SkipTime]:0 [Veto1]:490.419 [Veto2]:308.866 [Veto3]:308.866 [Veto4]:308.866 [SgUp1]:177024 [SgUp2]:0 [SgUp3]:0 [SgUp4]:0 [SgLow1]:176647 [SgLow2]:0 [SgLow3]:0 [SgLow4]:0 [NetMuon1]:464581 [NetMuon2]:491663 [NetMuon3]:491663 [NetMuon4]:491663
[Run]:22121 [Site]:2 [Bin]:1024 [FullTime]:3590.17 [SkipTime]:0 [Veto1]:506.76 [Veto2]:309.328 [Veto3]:309.328 [Veto4]:309.328 [SgUp1]:175631 [SgUp2]:0 [SgUp3]:0 [SgUp4]:0 [SgLow1]:175212 [SgLow2]:0 [SgLow3]:0 [SgLow4]:0 [NetMuon1]:462770 [NetMuon2]:492494 [NetMuon3]:492494 [NetMuon4]:492494
[Run]:22121 [Site]:2 [Bin]:1025 [FullTime]:3590.17 [SkipTime]:0 [Veto1]:497.078 [Veto2]:309.462 [Veto3]:309.462 [Veto4]:309.462 [SgUp1]:177303 [SgUp2]:0 [SgUp3]:0 [SgUp4]:0 [SgLow1]:176898 [SgLow2]:0 [SgLow3]:0 [SgLow4]:0 [NetMuon1]:464972 [NetMuon2]:492835 [NetMuon3]:492835 [NetMuon4]:492835
[Run]:22121 [Site]:2 [Bin]:1026 [FullTime]:3590.17 [SkipTime]:0 [Veto1]:498.141 [Veto2]:309.329 [Veto3]:309.329 [Veto4]:309.329 [SgUp1]:176075 [SgUp2]:0 [SgUp3]:0 [SgUp4]:0 [SgLow1]:175696 [SgLow2]:0 [SgLow3]:0 [SgLow4]:0 [NetMuon1]:464256 [NetMuon2]:492640 [NetMuon3]:492640 [NetMuon4]:492640
[Run]:22121 [Site]:2 [Bin]:1027 [FullTime]:3590.17 [SkipTime]:0 [Veto1]:497.093 [Veto2]:309.917 [Veto3]:309.917 [Veto4]:309.917 [SgUp1]:176442 [SgUp2]:0 [SgUp3]:0 [SgUp4]:0 [SgLow1]:176069 [SgLow2]:0 [SgLow3]:0 [SgLow4]:0 [NetMuon1]:465483 [NetMuon2]:493432 [NetMuon3]:493432 [NetMuon4]:493432
[Run]:22121 [Site]:2 [Bin]:1028 [FullTime]:3590.17 [SkipTime]:0 [Veto1]:525.129 [Veto2]:310.005 [Veto3]:310.005 [Veto4]:310.005 [SgUp1]:175222 [SgUp2]:0 [SgUp3]:0 [SgUp4]:0 [SgLow1]:174848 [SgLow2]:0 [SgLow3]:0 [SgLow4]:0 [NetMuon1]:460832 [NetMuon2]:493423 [NetMuon3]:493423 [NetMuon4]:493423
[Run]:22121 [Site]:2 [Bin]:1029 [FullTime]:3590.17 [SkipTime]:0 [Veto1]:517.394 [Veto2]:309.818 [Veto3]:309.818 [Veto4]:309.818 [SgUp1]:175124 [SgUp2]:0 [SgUp3]:0 [SgUp4]:0 [SgLow1]:174793 [SgLow2]:0 [SgLow3]:0 [SgLow4]:0 [NetMuon1]:462250 [NetMuon2]:493304 [NetMuon3]:493304 [NetMuon4]:493304
[Run]:22121 [Site]:2 [Bin]:1030 [FullTime]:3590.17 [SkipTime]:0 [Veto1]:482.024 [Veto2]:310.297 [Veto3]:310.297 [Veto4]:310.297 [SgUp1]:176852 [SgUp2]:0 [SgUp3]:0 [SgUp4]:0 [SgLow1]:176462 [SgLow2]:0 [SgLow3]:0 [SgLow4]:0 [NetMuon1]:468089 [NetMuon2]:493882 [NetMuon3]:493882 [NetMuon4]:493882
[Run]:22121 [Site]:2 [Bin]:1031 [FullTime]:3590.17 [SkipTime]:0 [Veto1]:520.137 [Veto2]:309.592 [Veto3]:309.592 [Veto4]:309.592 [SgUp1]:174896 [SgUp2]:0 [SgUp3]:0 [SgUp4]:0 [SgLow1]:174559 [SgLow2]:0 [SgLow3]:0 [SgLow4]:0 [NetMuon1]:461124 [NetMuon2]:492776 [NetMuon3]:492776 [NetMuon4]:492776
[Run]:22121 [Site]:2 [Bin]:1032 [FullTime]:3590.17 [SkipTime]:0 [Veto1]:505.757 [Veto2]:309.559 [Veto3]:309.559 [Veto4]:309.559 [SgUp1]:175990 [SgUp2]:0 [SgUp3]:0 [SgUp4]:0 [SgLow1]:175672 [SgLow2]:0 [SgLow3]:0 [SgLow4]:0 [NetMuon1]:463505 [NetMuon2]:493003 [NetMuon3]:493003 [NetMuon4]:493003
[Run]:22121 [Site]:2 [Bin]:1033 [FullTime]:3590.17 [SkipTime]:0 [Veto1]:493.579 [Veto2]:309.843 [Veto3]:309.843 [Veto4]:309.843 [SgUp1]:176648 [SgUp2]:0 [SgUp3]:0 [SgUp4]:0 [SgLow1]:176240 [SgLow2]:0 [SgLow3]:0 [SgLow4]:0 [NetMuon1]:465450 [NetMuon2]:493299 [NetMuon3]:493299 [NetMuon4]:493299
[Run]:22121 [Site]:2 [Bin]:1034 [FullTime]:3590.17 [SkipTime]:0 [Veto1]:503.409 [Veto2]:309.364 [Veto3]:309.364 [Veto4]:309.364 [SgUp1]:175972 [SgUp2]:0 [SgUp3]:0 [SgUp4]:0 [SgLow1]:175632 [SgLow2]:0 [SgLow3]:0 [SgLow4]:0 [NetMuon1]:463580 [NetMuon2]:492659 [NetMuon3]:492659 [NetMuon4]:492659
[Run]:22121 [Site]:2 [Bin]:1035 [FullTime]:3590.17 [SkipTime]:0 [Veto1]:513.987 [Veto2]:309.19 [Veto3]:309.19 [Veto4]:309.19 [SgUp1]:175483 [SgUp2]:0 [SgUp3]:0 [SgUp4]:0 [SgLow1]:175135 [SgLow2]:0 [SgLow3]:0 [SgLow4]:0 [NetMuon1]:461911 [NetMuon2]:492313 [NetMuon3]:492313 [NetMuon4]:492313
[Run]:22121 [Site]:2 [Bin]:1036 [FullTime]:3590.17 [SkipTime]:0 [Veto1]:501.856 [Veto2]:310.159 [Veto3]:310.159 [Veto4]:310.159 [SgUp1]:175851 [SgUp2]:0 [SgUp3]:0 [SgUp4]:0 [SgLow1]:175490 [SgLow2]:0 [SgLow3]:0 [SgLow4]:0 [NetMuon1]:464680 [NetMuon2]:493692 [NetMuon3]:493692 [NetMuon4]:493692
[Run]:22121 [Site]:2 [Bin]:1037 [FullTime]:3590.17 [SkipTime]:0 [Veto1]:498.489 [Veto2]:310.073 [Veto3]:310.073 [Veto4]:310.073 [SgUp1]:176224 [SgUp2]:0 [SgUp3]:0 [SgUp4]:0 [SgLow1]:175868 [SgLow2]:0 [SgLow3]:0 [SgLow4]:0 [NetMuon1]:465284 [NetMuon2]:493791 [NetMuon3]:493791 [NetMuon4]:493791
[Run]:22121 [Site]:2 [Bin]:1038 [FullTime]:3590.17 [SkipTime]:0 [Veto1]:489.282 [Veto2]:309.731 [Veto3]:309.731 [Veto4]:309.731 [SgUp1]:176803 [SgUp2]:0 [SgUp3]:0 [SgUp4]:0 [SgLow1]:176463 [SgLow2]:0 [SgLow3]:0 [SgLow4]:0 [NetMuon1]:466087 [NetMuon2]:493165 [NetMuon3]:493165 [NetMuon4]:493165
[Run]:22121 [Site]:2 [Bin]:1039 [FullTime]:3590.17 [SkipTime]:0 [Veto1]:533.741 [Veto2]:309.589 [Veto3]:309.589 [Veto4]:309.589 [SgUp1]:175173 [SgUp2]:0 [SgUp3]:0 [SgUp4]:0 [SgLow1]:174753 [SgLow2]:0 [SgLow3]:0 [SgLow4]:0 [NetMuon1]:459463 [NetMuon2]:493036 [NetMuon3]:493036 [NetMuon4]:493036
[Run]:22121 [Site]:2 [Bin]:1040 [FullTime]:3590.17 [SkipTime]:0 [Veto1]:504.445 [Veto2]:309.918 [Veto3]:309.918 [Veto4]:309.918 [SgUp1]:176433 [SgUp2]:0 [SgUp3]:0 [SgUp4]:0 [SgLow1]:176063 [SgLow2]:0 [SgLow3]:0 [SgLow4]:0 [NetMuon1]:463958 [NetMuon2]:493291 [NetMuon3]:493291 [NetMuon4]:493291
[Run]:22121 [Site]:2 [Bin]:1041 [FullTime]:3590.17 [SkipTime]:0 [Veto1]:511.379 [Veto2]:310.171 [Veto3]:310.171 [Veto4]:310.171 [SgUp1]:176016 [SgUp2]:0 [SgUp3]:0 [SgUp4]:0 [SgLow1]:175611 [SgLow2]:0 [SgLow3]:0 [SgLow4]:0 [NetMuon1]:463286 [NetMuon2]:493906 [NetMuon3]:493906 [NetMuon4]:493906
[Run]:22121 [Site]:2 [Bin]:1042 [FullTime]:3590.17 [SkipTime]:0 [Veto1]:512.491 [Veto2]:309.539 [Veto3]:309.539 [Veto4]:309.539 [SgUp1]:175646 [SgUp2]:0 [SgUp3]:0 [SgUp4]:0 [SgLow1]:175271 [SgLow2]:0 [SgLow3]:0 [SgLow4]:0 [NetMuon1]:462329 [NetMuon2]:492945 [NetMuon3]:492945 [NetMuon4]:492945
[Run]:22121 [Site]:2 [Bin]:1043 [FullTime]:3590.17 [SkipTime]:0 [Veto1]:489.323 [Veto2]:310.054 [Veto3]:310.054 [Veto4]:310.054 [SgUp1]:177436 [SgUp2]:0 [SgUp3]:0 [SgUp4]:0 [SgLow1]:177074 [SgLow2]:0 [SgLow3]:0 [SgLow4]:0 [NetMuon1]:466809 [NetMuon2]:493699 [NetMuon3]:493699 [NetMuon4]:493699
[Run]:22121 [Site]:2 [Bin]:1044 [FullTime]:3590.17 [SkipTime]:0 [Veto1]:511.445 [Veto2]:309.579 [Veto3]:309.579 [Veto4]:309.579 [SgUp1]:175734 [SgUp2]:0 [SgUp3]:0 [SgUp4]:0 [SgLow1]:175337 [SgLow2]:0 [SgLow3]:0 [SgLow4]:0 [NetMuon1]:462909 [NetMuon2]:492880 [NetMuon3]:492880 [NetMuon4]:492880
[Run]:22121 [Site]:2 [Bin]:1045 [FullTime]:3590.17 [SkipTime]:0 [Veto1]:508.799 [Veto2]:309.677 [Veto3]:309.677 [Veto4]:309.677 [SgUp1]:176118 [SgUp2]:0 [SgUp3]:0 [SgUp4]:0 [SgLow1]:175790 [SgLow2]:0 [SgLow3]:0 [SgLow4]:0 [NetMuon1]:462881 [NetMuon2]:493088 [NetMuon3]:493088 [NetMuon4]:493088
[Run]:22121 [Site]:2 [Bin]:1046 [FullTime]:3590.17 [SkipTime]:0 [Veto1]:501.951 [Veto2]:309.781 [Veto3]:309.781 [Veto4]:309.781 [SgUp1]:176472 [SgUp2]:0 [SgUp3]:0 [SgUp4]:0 [SgLow1]:176132 [SgLow2]:0 [SgLow3]:0 [SgLow4]:0 [NetMuon1]:464509 [NetMuon2]:493149 [NetMuon3]:493149 [NetMuon4]:493149
[Run]:22121 [Site]:2 [Bin]:1047 [FullTime]:3590.17 [SkipTime]:0 [Veto1]:497.133 [Veto2]:309.524 [Veto3]:309.524 [Veto4]:309.524 [SgUp1]:176851 [SgUp2]:0 [SgUp3]:0 [SgUp4]:0 [SgLow1]:176475 [SgLow2]:0 [SgLow3]:0 [SgLow4]:0 [NetMuon1]:465000 [NetMuon2]:492892 [NetMuon3]:492892 [NetMuon4]:492892
[Run]:22121 [Site]:2 [Bin]:1048 [FullTime]:3590.17 [SkipTime]:0 [Veto1]:537.251 [Veto2]:310.185 [Veto3]:310.185 [Veto4]:310.185 [SgUp1]:174788 [SgUp2]:0 [SgUp3]:0 [SgUp4]:0 [SgLow1]:174448 [SgLow2]:0 [SgLow3]:0 [SgLow4]:0 [NetMuon1]:459729 [NetMuon2]:494052 [NetMuon3]:494052 [NetMuon4]:494052
[Run]:22121 [Site]:2 [Bin]:1049 [FullTime]:3590.17 [SkipTime]:0 [Veto1]:505.479 [Veto2]:309.563 [Veto3]:309.563 [Veto4]:309.563 [SgUp1]:176188 [SgUp2]:0 [SgUp3]:0 [SgUp4]:0 [SgLow1]:175829 [SgLow2]:0 [SgLow3]:0 [SgLow4]:0 [NetMuon1]:463202 [NetMuon2]:492706 [NetMuon3]:492706 [NetMuon4]:492706
[Run]:22121 [Site]:2 [Bin]:1050 [FullTime]:3590.17 [SkipTime]:0 [Veto1]:518.354 [Veto2]:309.806 [Veto3]:309.806 [Veto4]:309.806 [SgUp1]:175297 [SgUp2]:0 [SgUp3]:0 [SgUp4]:0 [SgLow1]:174902 [SgLow2]:0 [SgLow3]:0 [SgLow4]:0 [NetMuon1]:461862 [NetMuon2]:493354 [NetMuon3]:493354 [NetMuon4]:493354
[Run]:22121 [Site]:2 [Bin]:1051 [FullTime]:3590.17 [SkipTime]:0 [Veto1]:498.568 [Veto2]:309.81 [Veto3]:309.81 [Veto4]:309.81 [SgUp1]:176461 [SgUp2]:0 [SgUp3]:0 [SgUp4]:0 [SgLow1]:176113 [SgLow2]:0 [SgLow3]:0 [SgLow4]:0 [NetMuon1]:464927 [NetMuon2]:493312 [NetMuon3]:493312 [NetMuon4]:493312
[Run]:22121 [Site]:2 [Bin]:1052 [FullTime]:3590.17 [SkipTime]:0 [Veto1]:496.199 [Veto2]:309.34 [Veto3]:309.34 [Veto4]:309.34 [SgUp1]:177140 [SgUp2]:0 [SgUp3]:0 [SgUp4]:0 [SgLow1]:176733 [SgLow2]:0 [SgLow3]:0 [SgLow4]:0 [NetMuon1]:464586 [NetMuon2]:492766 [NetMuon3]:492766 [NetMuon4]:492766
[Run]:22121 [Site]:2 [Bin]:1053 [FullTime]:3590.17 [SkipTime]:0 [Veto1]:479.388 [Veto2]:309.297 [Veto3]:309.297 [Veto4]:309.297 [SgUp1]:178162 [SgUp2]:0 [SgUp3]:0 [SgUp4]:0 [SgLow1]:177788 [SgLow2]:0 [SgLow3]:0 [SgLow4]:0 [NetMuon1]:467112 [NetMuon2]:492548 [NetMuon3]:492548 [NetMuon4]:492548
[Run]:22121 [Site]:2 [Bin]:1054 [FullTime]:3590.17 [SkipTime]:0 [Veto1]:524.914 [Veto2]:309.048 [Veto3]:309.048 [Veto4]:309.048 [SgUp1]:174538 [SgUp2]:0 [SgUp3]:0 [SgUp4]:0 [SgLow1]:174131 [SgLow2]:0 [SgLow3]:0 [SgLow4]:0 [NetMuon1]:459646 [NetMuon2]:492131 [NetMuon3]:492131 [NetMuon4]:492131
[Run]:22121 [Site]:2 [Bin]:1055 [FullTime]:3590.17 [SkipTime]:0 [Veto1]:496.125 [Veto2]:309.168 [Veto3]:309.168 [Veto4]:309.168 [SgUp1]:175911 [SgUp2]:0 [SgUp3]:0 [SgUp4]:0 [SgLow1]:175538 [SgLow2]:0 [SgLow3]:0 [SgLow4]:0 [NetMuon1]:464362 [NetMuon2]:492382 [NetMuon3]:492382 [NetMuon4]:492382
[Run]:22121 [Site]:2 [Bin]:1056 [FullTime]:3590.17 [SkipTime]:0 [Veto1]:519.482 [Veto2]:308.302 [Veto3]:308.302 [Veto4]:308.302 [SgUp1]:175358 [SgUp2]:0 [SgUp3]:0 [SgUp4]:0 [SgLow1]:174995 [SgLow2]:0 [SgLow3]:0 [SgLow4]:0 [NetMuon1]:459590 [NetMuon2]:491080 [NetMuon3]:491080 [NetMuon4]:491080
[Run]:22121 [Site]:2 [Bin]:1057 [FullTime]:3590.17 [SkipTime]:0 [Veto1]:497.039 [Veto2]:308.922 [Veto3]:308.922 [Veto4]:308.922 [SgUp1]:176323 [SgUp2]:0 [SgUp3]:0 [SgUp4]:0 [SgLow1]:175983 [SgLow2]:0 [SgLow3]:0 [SgLow4]:0 [NetMuon1]:463732 [NetMuon2]:491712 [NetMuon3]:491712 [NetMuon4]:491712
[Run]:22121 [Site]:2 [Bin]:1058 [FullTime]:3590.17 [SkipTime]:0 [Veto1]:524.914 [Veto2]:308.533 [Veto3]:308.533 [Veto4]:308.533 [SgUp1]:175037 [SgUp2]:0 [SgUp3]:0 [SgUp4]:0 [SgLow1]:174638 [SgLow2]:0 [SgLow3]:0 [SgLow4]:0 [NetMuon1]:459024 [NetMuon2]:491260 [NetMuon3]:491260 [NetMuon4]:491260
[Run]:22121 [Site]:2 [Bin]:1059 [FullTime]:3590.17 [SkipTime]:0 [Veto1]:487.697 [Veto2]:308.684 [Veto3]:308.684 [Veto4]:308.684 [SgUp1]:176915 [SgUp2]:0 [SgUp3]:0 [SgUp4]:0 [SgLow1]:176524 [SgLow2]:0 [SgLow3]:0 [SgLow4]:0 [NetMuon1]:465076 [NetMuon2]:491734 [NetMuon3]:491734 [NetMuon4]:491734
[Run]:22121 [Site]:2 [Bin]:1060 [FullTime]:3590.18 [SkipTime]:0 [Veto1]:528.023 [Veto2]:309.538 [Veto3]:309.538 [Veto4]:309.538 [SgUp1]:174156 [SgUp2]:0 [SgUp3]:0 [SgUp4]:0 [SgLow1]:173802 [SgLow2]:0 [SgLow3]:0 [SgLow4]:0 [NetMuon1]:460287 [NetMuon2]:493047 [NetMuon3]:493047 [NetMuon4]:493047
End process Run: 22121 ... 
[Run]:22121 [Site]:2 [Bin]:1061 [FullTime]:1175.15 [SkipTime]:0 [Veto1]:147.598 [Veto2]:101.534 [Veto3]:101.534 [Veto4]:101.534
