StreamChain add 0x1dbee7e0
Start to process run: 22262 ... 
[Run]:22262 [Site]:2 [Bin]:1182 [FullTime]:3136.58 [SkipTime]:0 [Veto1]:425.333 [Veto2]:270.748 [Veto3]:270.748 [Veto4]:270.748 [SgUp1]:154558 [SgUp2]:0 [SgUp3]:0 [SgUp4]:0 [SgLow1]:154242 [SgLow2]:0 [SgLow3]:0 [SgLow4]:0 [NetMuon1]:407869 [NetMuon2]:431117 [NetMuon3]:431117 [NetMuon4]:431117
[Run]:22262 [Site]:2 [Bin]:1183 [FullTime]:3590.17 [SkipTime]:0 [Veto1]:498.242 [Veto2]:309.112 [Veto3]:309.112 [Veto4]:309.112 [SgUp1]:176363 [SgUp2]:0 [SgUp3]:0 [SgUp4]:0 [SgLow1]:175991 [SgLow2]:0 [SgLow3]:0 [SgLow4]:0 [NetMuon1]:464059 [NetMuon2]:492227 [NetMuon3]:492227 [NetMuon4]:492227
[Run]:22262 [Site]:2 [Bin]:1184 [FullTime]:3590.17 [SkipTime]:0 [Veto1]:523.827 [Veto2]:308.721 [Veto3]:308.721 [Veto4]:308.721 [SgUp1]:175521 [SgUp2]:0 [SgUp3]:0 [SgUp4]:0 [SgLow1]:175132 [SgLow2]:0 [SgLow3]:0 [SgLow4]:0 [NetMuon1]:459261 [NetMuon2]:491381 [NetMuon3]:491381 [NetMuon4]:491381
[Run]:22262 [Site]:2 [Bin]:1185 [FullTime]:3590.17 [SkipTime]:0 [Veto1]:511.749 [Veto2]:309.635 [Veto3]:309.635 [Veto4]:309.635 [SgUp1]:175554 [SgUp2]:0 [SgUp3]:0 [SgUp4]:0 [SgLow1]:175159 [SgLow2]:0 [SgLow3]:0 [SgLow4]:0 [NetMuon1]:462417 [NetMuon2]:492931 [NetMuon3]:492931 [NetMuon4]:492931
[Run]:22262 [Site]:2 [Bin]:1186 [FullTime]:3590.17 [SkipTime]:0 [Veto1]:505.766 [Veto2]:309.427 [Veto3]:309.427 [Veto4]:309.427 [SgUp1]:176411 [SgUp2]:0 [SgUp3]:0 [SgUp4]:0 [SgLow1]:176065 [SgLow2]:0 [SgLow3]:0 [SgLow4]:0 [NetMuon1]:463194 [NetMuon2]:492546 [NetMuon3]:492546 [NetMuon4]:492546
[Run]:22262 [Site]:2 [Bin]:1187 [FullTime]:3590.17 [SkipTime]:0 [Veto1]:511.11 [Veto2]:309.131 [Veto3]:309.131 [Veto4]:309.131 [SgUp1]:175407 [SgUp2]:0 [SgUp3]:0 [SgUp4]:0 [SgLow1]:175037 [SgLow2]:0 [SgLow3]:0 [SgLow4]:0 [NetMuon1]:461877 [NetMuon2]:492138 [NetMuon3]:492138 [NetMuon4]:492138
[Run]:22262 [Site]:2 [Bin]:1188 [FullTime]:3590.17 [SkipTime]:0 [Veto1]:501.043 [Veto2]:308.856 [Veto3]:308.856 [Veto4]:308.856 [SgUp1]:175763 [SgUp2]:0 [SgUp3]:0 [SgUp4]:0 [SgLow1]:175440 [SgLow2]:0 [SgLow3]:0 [SgLow4]:0 [NetMuon1]:463470 [NetMuon2]:491905 [NetMuon3]:491905 [NetMuon4]:491905
[Run]:22262 [Site]:2 [Bin]:1189 [FullTime]:3590.17 [SkipTime]:0 [Veto1]:514.507 [Veto2]:309.525 [Veto3]:309.525 [Veto4]:309.525 [SgUp1]:174257 [SgUp2]:0 [SgUp3]:0 [SgUp4]:0 [SgLow1]:173946 [SgLow2]:0 [SgLow3]:0 [SgLow4]:0 [NetMuon1]:462086 [NetMuon2]:492757 [NetMuon3]:492757 [NetMuon4]:492757
[Run]:22262 [Site]:2 [Bin]:1190 [FullTime]:3590.17 [SkipTime]:0 [Veto1]:505.409 [Veto2]:308.971 [Veto3]:308.971 [Veto4]:308.971 [SgUp1]:174565 [SgUp2]:0 [SgUp3]:0 [SgUp4]:0 [SgLow1]:174218 [SgLow2]:0 [SgLow3]:0 [SgLow4]:0 [NetMuon1]:462682 [NetMuon2]:491995 [NetMuon3]:491995 [NetMuon4]:491995
[Run]:22262 [Site]:2 [Bin]:1191 [FullTime]:3590.17 [SkipTime]:0 [Veto1]:504.981 [Veto2]:308.915 [Veto3]:308.915 [Veto4]:308.915 [SgUp1]:175087 [SgUp2]:0 [SgUp3]:0 [SgUp4]:0 [SgLow1]:174716 [SgLow2]:0 [SgLow3]:0 [SgLow4]:0 [NetMuon1]:462418 [NetMuon2]:491859 [NetMuon3]:491859 [NetMuon4]:491859
[Run]:22262 [Site]:2 [Bin]:1192 [FullTime]:3590.17 [SkipTime]:0 [Veto1]:506.106 [Veto2]:308.89 [Veto3]:308.89 [Veto4]:308.89 [SgUp1]:175314 [SgUp2]:0 [SgUp3]:0 [SgUp4]:0 [SgLow1]:174889 [SgLow2]:0 [SgLow3]:0 [SgLow4]:0 [NetMuon1]:462293 [NetMuon2]:491800 [NetMuon3]:491800 [NetMuon4]:491800
[Run]:22262 [Site]:2 [Bin]:1193 [FullTime]:3590.17 [SkipTime]:0 [Veto1]:499.342 [Veto2]:309.892 [Veto3]:309.892 [Veto4]:309.892 [SgUp1]:175899 [SgUp2]:0 [SgUp3]:0 [SgUp4]:0 [SgLow1]:175510 [SgLow2]:0 [SgLow3]:0 [SgLow4]:0 [NetMuon1]:464989 [NetMuon2]:493595 [NetMuon3]:493595 [NetMuon4]:493595
[Run]:22262 [Site]:2 [Bin]:1194 [FullTime]:3590.17 [SkipTime]:0 [Veto1]:513.407 [Veto2]:309.036 [Veto3]:309.036 [Veto4]:309.036 [SgUp1]:175656 [SgUp2]:0 [SgUp3]:0 [SgUp4]:0 [SgLow1]:175275 [SgLow2]:0 [SgLow3]:0 [SgLow4]:0 [NetMuon1]:461412 [NetMuon2]:492109 [NetMuon3]:492109 [NetMuon4]:492109
[Run]:22262 [Site]:2 [Bin]:1195 [FullTime]:3590.17 [SkipTime]:0 [Veto1]:496.357 [Veto2]:309.65 [Veto3]:309.65 [Veto4]:309.65 [SgUp1]:176037 [SgUp2]:0 [SgUp3]:0 [SgUp4]:0 [SgLow1]:175705 [SgLow2]:0 [SgLow3]:0 [SgLow4]:0 [NetMuon1]:464896 [NetMuon2]:493005 [NetMuon3]:493005 [NetMuon4]:493005
[Run]:22262 [Site]:2 [Bin]:1196 [FullTime]:3590.17 [SkipTime]:0 [Veto1]:506.64 [Veto2]:309.992 [Veto3]:309.992 [Veto4]:309.992 [SgUp1]:175275 [SgUp2]:0 [SgUp3]:0 [SgUp4]:0 [SgLow1]:174872 [SgLow2]:0 [SgLow3]:0 [SgLow4]:0 [NetMuon1]:464018 [NetMuon2]:493462 [NetMuon3]:493462 [NetMuon4]:493462
[Run]:22262 [Site]:2 [Bin]:1197 [FullTime]:3590.17 [SkipTime]:0 [Veto1]:503.041 [Veto2]:310.052 [Veto3]:310.052 [Veto4]:310.052 [SgUp1]:175485 [SgUp2]:0 [SgUp3]:0 [SgUp4]:0 [SgLow1]:175114 [SgLow2]:0 [SgLow3]:0 [SgLow4]:0 [NetMuon1]:464533 [NetMuon2]:493710 [NetMuon3]:493710 [NetMuon4]:493710
[Run]:22262 [Site]:2 [Bin]:1198 [FullTime]:3590.17 [SkipTime]:0 [Veto1]:503.196 [Veto2]:310.372 [Veto3]:310.372 [Veto4]:310.372 [SgUp1]:175249 [SgUp2]:0 [SgUp3]:0 [SgUp4]:0 [SgLow1]:174825 [SgLow2]:0 [SgLow3]:0 [SgLow4]:0 [NetMuon1]:464997 [NetMuon2]:494188 [NetMuon3]:494188 [NetMuon4]:494188
[Run]:22262 [Site]:2 [Bin]:1199 [FullTime]:3590.17 [SkipTime]:0 [Veto1]:517.344 [Veto2]:309.877 [Veto3]:309.877 [Veto4]:309.877 [SgUp1]:175251 [SgUp2]:0 [SgUp3]:0 [SgUp4]:0 [SgLow1]:174883 [SgLow2]:0 [SgLow3]:0 [SgLow4]:0 [NetMuon1]:462079 [NetMuon2]:493542 [NetMuon3]:493542 [NetMuon4]:493542
[Run]:22262 [Site]:2 [Bin]:1200 [FullTime]:3590.17 [SkipTime]:0 [Veto1]:496.522 [Veto2]:310.255 [Veto3]:310.255 [Veto4]:310.255 [SgUp1]:175973 [SgUp2]:0 [SgUp3]:0 [SgUp4]:0 [SgLow1]:175603 [SgLow2]:0 [SgLow3]:0 [SgLow4]:0 [NetMuon1]:465611 [NetMuon2]:493872 [NetMuon3]:493872 [NetMuon4]:493872
[Run]:22262 [Site]:2 [Bin]:1201 [FullTime]:3590.17 [SkipTime]:0 [Veto1]:486.129 [Veto2]:309.39 [Veto3]:309.39 [Veto4]:309.39 [SgUp1]:177009 [SgUp2]:0 [SgUp3]:0 [SgUp4]:0 [SgLow1]:176639 [SgLow2]:0 [SgLow3]:0 [SgLow4]:0 [NetMuon1]:466461 [NetMuon2]:492721 [NetMuon3]:492721 [NetMuon4]:492721
[Run]:22262 [Site]:2 [Bin]:1202 [FullTime]:3590.17 [SkipTime]:0 [Veto1]:496.903 [Veto2]:309.697 [Veto3]:309.697 [Veto4]:309.697 [SgUp1]:175944 [SgUp2]:0 [SgUp3]:0 [SgUp4]:0 [SgLow1]:175571 [SgLow2]:0 [SgLow3]:0 [SgLow4]:0 [NetMuon1]:464706 [NetMuon2]:492924 [NetMuon3]:492924 [NetMuon4]:492924
[Run]:22262 [Site]:2 [Bin]:1203 [FullTime]:3590.17 [SkipTime]:0 [Veto1]:507.307 [Veto2]:309.37 [Veto3]:309.37 [Veto4]:309.37 [SgUp1]:174813 [SgUp2]:0 [SgUp3]:0 [SgUp4]:0 [SgLow1]:174427 [SgLow2]:0 [SgLow3]:0 [SgLow4]:0 [NetMuon1]:462755 [NetMuon2]:492528 [NetMuon3]:492528 [NetMuon4]:492528
[Run]:22262 [Site]:2 [Bin]:1204 [FullTime]:3590.18 [SkipTime]:0 [Veto1]:534.788 [Veto2]:309.13 [Veto3]:309.13 [Veto4]:309.13 [SgUp1]:174189 [SgUp2]:0 [SgUp3]:0 [SgUp4]:0 [SgLow1]:173828 [SgLow2]:0 [SgLow3]:0 [SgLow4]:0 [NetMuon1]:458730 [NetMuon2]:492357 [NetMuon3]:492357 [NetMuon4]:492357
[Run]:22262 [Site]:2 [Bin]:1205 [FullTime]:3590.17 [SkipTime]:0 [Veto1]:489.658 [Veto2]:309.288 [Veto3]:309.288 [Veto4]:309.288 [SgUp1]:176834 [SgUp2]:0 [SgUp3]:0 [SgUp4]:0 [SgLow1]:176449 [SgLow2]:0 [SgLow3]:0 [SgLow4]:0 [NetMuon1]:465760 [NetMuon2]:492722 [NetMuon3]:492722 [NetMuon4]:492722
[Run]:22262 [Site]:2 [Bin]:1206 [FullTime]:3590.17 [SkipTime]:0 [Veto1]:495.189 [Veto2]:309.445 [Veto3]:309.445 [Veto4]:309.445 [SgUp1]:176506 [SgUp2]:0 [SgUp3]:0 [SgUp4]:0 [SgLow1]:176081 [SgLow2]:0 [SgLow3]:0 [SgLow4]:0 [NetMuon1]:464811 [NetMuon2]:492575 [NetMuon3]:492575 [NetMuon4]:492575
[Run]:22262 [Site]:2 [Bin]:1207 [FullTime]:3590.17 [SkipTime]:0 [Veto1]:499.716 [Veto2]:310.043 [Veto3]:310.043 [Veto4]:310.043 [SgUp1]:176115 [SgUp2]:0 [SgUp3]:0 [SgUp4]:0 [SgLow1]:175708 [SgLow2]:0 [SgLow3]:0 [SgLow4]:0 [NetMuon1]:465108 [NetMuon2]:493569 [NetMuon3]:493569 [NetMuon4]:493569
[Run]:22262 [Site]:2 [Bin]:1208 [FullTime]:3590.17 [SkipTime]:0 [Veto1]:501.682 [Veto2]:309.195 [Veto3]:309.195 [Veto4]:309.195 [SgUp1]:176233 [SgUp2]:0 [SgUp3]:0 [SgUp4]:0 [SgLow1]:175870 [SgLow2]:0 [SgLow3]:0 [SgLow4]:0 [NetMuon1]:463521 [NetMuon2]:492377 [NetMuon3]:492377 [NetMuon4]:492377
[Run]:22262 [Site]:2 [Bin]:1209 [FullTime]:3590.17 [SkipTime]:0 [Veto1]:506.281 [Veto2]:309.161 [Veto3]:309.161 [Veto4]:309.161 [SgUp1]:175462 [SgUp2]:0 [SgUp3]:0 [SgUp4]:0 [SgLow1]:175123 [SgLow2]:0 [SgLow3]:0 [SgLow4]:0 [NetMuon1]:462781 [NetMuon2]:492217 [NetMuon3]:492217 [NetMuon4]:492217
[Run]:22262 [Site]:2 [Bin]:1210 [FullTime]:3590.17 [SkipTime]:0 [Veto1]:498.547 [Veto2]:309.372 [Veto3]:309.372 [Veto4]:309.372 [SgUp1]:176031 [SgUp2]:0 [SgUp3]:0 [SgUp4]:0 [SgLow1]:175656 [SgLow2]:0 [SgLow3]:0 [SgLow4]:0 [NetMuon1]:464146 [NetMuon2]:492669 [NetMuon3]:492669 [NetMuon4]:492669
[Run]:22262 [Site]:2 [Bin]:1211 [FullTime]:3590.17 [SkipTime]:0 [Veto1]:513.339 [Veto2]:309.921 [Veto3]:309.921 [Veto4]:309.921 [SgUp1]:175326 [SgUp2]:0 [SgUp3]:0 [SgUp4]:0 [SgLow1]:174923 [SgLow2]:0 [SgLow3]:0 [SgLow4]:0 [NetMuon1]:463010 [NetMuon2]:493468 [NetMuon3]:493468 [NetMuon4]:493468
[Run]:22262 [Site]:2 [Bin]:1212 [FullTime]:3590.17 [SkipTime]:0 [Veto1]:495.483 [Veto2]:309.61 [Veto3]:309.61 [Veto4]:309.61 [SgUp1]:175851 [SgUp2]:0 [SgUp3]:0 [SgUp4]:0 [SgLow1]:175511 [SgLow2]:0 [SgLow3]:0 [SgLow4]:0 [NetMuon1]:465150 [NetMuon2]:493085 [NetMuon3]:493085 [NetMuon4]:493085
[Run]:22262 [Site]:2 [Bin]:1213 [FullTime]:3590.17 [SkipTime]:0 [Veto1]:496.881 [Veto2]:310.136 [Veto3]:310.136 [Veto4]:310.136 [SgUp1]:176155 [SgUp2]:0 [SgUp3]:0 [SgUp4]:0 [SgLow1]:175765 [SgLow2]:0 [SgLow3]:0 [SgLow4]:0 [NetMuon1]:465731 [NetMuon2]:493646 [NetMuon3]:493646 [NetMuon4]:493646
[Run]:22262 [Site]:2 [Bin]:1214 [FullTime]:3590.17 [SkipTime]:0 [Veto1]:488.736 [Veto2]:311.024 [Veto3]:311.024 [Veto4]:311.024 [SgUp1]:175810 [SgUp2]:0 [SgUp3]:0 [SgUp4]:0 [SgLow1]:175426 [SgLow2]:0 [SgLow3]:0 [SgLow4]:0 [NetMuon1]:468246 [NetMuon2]:495143 [NetMuon3]:495143 [NetMuon4]:495143
[Run]:22262 [Site]:2 [Bin]:1215 [FullTime]:3590.17 [SkipTime]:0 [Veto1]:514.824 [Veto2]:309.841 [Veto3]:309.841 [Veto4]:309.841 [SgUp1]:175343 [SgUp2]:0 [SgUp3]:0 [SgUp4]:0 [SgLow1]:175003 [SgLow2]:0 [SgLow3]:0 [SgLow4]:0 [NetMuon1]:462480 [NetMuon2]:493272 [NetMuon3]:493272 [NetMuon4]:493272
[Run]:22262 [Site]:2 [Bin]:1216 [FullTime]:3590.17 [SkipTime]:0 [Veto1]:525.866 [Veto2]:310.094 [Veto3]:310.094 [Veto4]:310.094 [SgUp1]:173960 [SgUp2]:0 [SgUp3]:0 [SgUp4]:0 [SgLow1]:173608 [SgLow2]:0 [SgLow3]:0 [SgLow4]:0 [NetMuon1]:461507 [NetMuon2]:493830 [NetMuon3]:493830 [NetMuon4]:493830
[Run]:22262 [Site]:2 [Bin]:1217 [FullTime]:3590.17 [SkipTime]:0 [Veto1]:501.844 [Veto2]:308.825 [Veto3]:308.825 [Veto4]:308.825 [SgUp1]:175674 [SgUp2]:0 [SgUp3]:0 [SgUp4]:0 [SgLow1]:175290 [SgLow2]:0 [SgLow3]:0 [SgLow4]:0 [NetMuon1]:462620 [NetMuon2]:491827 [NetMuon3]:491827 [NetMuon4]:491827
[Run]:22262 [Site]:2 [Bin]:1218 [FullTime]:3590.17 [SkipTime]:0 [Veto1]:509.028 [Veto2]:309.67 [Veto3]:309.67 [Veto4]:309.67 [SgUp1]:176037 [SgUp2]:0 [SgUp3]:0 [SgUp4]:0 [SgLow1]:175705 [SgLow2]:0 [SgLow3]:0 [SgLow4]:0 [NetMuon1]:463142 [NetMuon2]:492948 [NetMuon3]:492948 [NetMuon4]:492948
[Run]:22262 [Site]:2 [Bin]:1219 [FullTime]:3590.18 [SkipTime]:0 [Veto1]:503.933 [Veto2]:309.3 [Veto3]:309.3 [Veto4]:309.3 [SgUp1]:174877 [SgUp2]:0 [SgUp3]:0 [SgUp4]:0 [SgLow1]:174513 [SgLow2]:0 [SgLow3]:0 [SgLow4]:0 [NetMuon1]:463054 [NetMuon2]:492397 [NetMuon3]:492397 [NetMuon4]:492397
[Run]:22262 [Site]:2 [Bin]:1220 [FullTime]:3590.17 [SkipTime]:0 [Veto1]:507.672 [Veto2]:308.936 [Veto3]:308.936 [Veto4]:308.936 [SgUp1]:176309 [SgUp2]:0 [SgUp3]:0 [SgUp4]:0 [SgLow1]:175939 [SgLow2]:0 [SgLow3]:0 [SgLow4]:0 [NetMuon1]:462220 [NetMuon2]:492018 [NetMuon3]:492018 [NetMuon4]:492018
[Run]:22262 [Site]:2 [Bin]:1221 [FullTime]:3590.17 [SkipTime]:0 [Veto1]:502.948 [Veto2]:309.571 [Veto3]:309.571 [Veto4]:309.571 [SgUp1]:175749 [SgUp2]:0 [SgUp3]:0 [SgUp4]:0 [SgLow1]:175350 [SgLow2]:0 [SgLow3]:0 [SgLow4]:0 [NetMuon1]:463934 [NetMuon2]:492905 [NetMuon3]:492905 [NetMuon4]:492905
[Run]:22262 [Site]:2 [Bin]:1222 [FullTime]:3590.17 [SkipTime]:0 [Veto1]:508.694 [Veto2]:309.172 [Veto3]:309.172 [Veto4]:309.172 [SgUp1]:175435 [SgUp2]:0 [SgUp3]:0 [SgUp4]:0 [SgLow1]:175094 [SgLow2]:0 [SgLow3]:0 [SgLow4]:0 [NetMuon1]:462467 [NetMuon2]:492217 [NetMuon3]:492217 [NetMuon4]:492217
[Run]:22262 [Site]:2 [Bin]:1223 [FullTime]:3590.17 [SkipTime]:0 [Veto1]:494.618 [Veto2]:308.051 [Veto3]:308.051 [Veto4]:308.051 [SgUp1]:176481 [SgUp2]:0 [SgUp3]:0 [SgUp4]:0 [SgLow1]:176107 [SgLow2]:0 [SgLow3]:0 [SgLow4]:0 [NetMuon1]:462679 [NetMuon2]:490604 [NetMuon3]:490604 [NetMuon4]:490604
[Run]:22262 [Site]:2 [Bin]:1224 [FullTime]:3590.17 [SkipTime]:0 [Veto1]:496.645 [Veto2]:309.249 [Veto3]:309.249 [Veto4]:309.249 [SgUp1]:175954 [SgUp2]:0 [SgUp3]:0 [SgUp4]:0 [SgLow1]:175539 [SgLow2]:0 [SgLow3]:0 [SgLow4]:0 [NetMuon1]:464253 [NetMuon2]:492382 [NetMuon3]:492382 [NetMuon4]:492382
[Run]:22262 [Site]:2 [Bin]:1225 [FullTime]:3590.17 [SkipTime]:0 [Veto1]:504.292 [Veto2]:309.405 [Veto3]:309.405 [Veto4]:309.405 [SgUp1]:176303 [SgUp2]:0 [SgUp3]:0 [SgUp4]:0 [SgLow1]:175995 [SgLow2]:0 [SgLow3]:0 [SgLow4]:0 [NetMuon1]:463702 [NetMuon2]:492875 [NetMuon3]:492875 [NetMuon4]:492875
[Run]:22262 [Site]:2 [Bin]:1226 [FullTime]:3590.17 [SkipTime]:0 [Veto1]:509.37 [Veto2]:308.92 [Veto3]:308.92 [Veto4]:308.92 [SgUp1]:175329 [SgUp2]:0 [SgUp3]:0 [SgUp4]:0 [SgLow1]:174969 [SgLow2]:0 [SgLow3]:0 [SgLow4]:0 [NetMuon1]:461544 [NetMuon2]:491769 [NetMuon3]:491769 [NetMuon4]:491769
[Run]:22262 [Site]:2 [Bin]:1227 [FullTime]:3590.18 [SkipTime]:0 [Veto1]:490.396 [Veto2]:309.067 [Veto3]:309.067 [Veto4]:309.067 [SgUp1]:176548 [SgUp2]:0 [SgUp3]:0 [SgUp4]:0 [SgLow1]:176189 [SgLow2]:0 [SgLow3]:0 [SgLow4]:0 [NetMuon1]:464792 [NetMuon2]:492128 [NetMuon3]:492128 [NetMuon4]:492128
[Run]:22262 [Site]:2 [Bin]:1228 [FullTime]:3590.16 [SkipTime]:0 [Veto1]:534.845 [Veto2]:309.502 [Veto3]:309.502 [Veto4]:309.502 [SgUp1]:173765 [SgUp2]:0 [SgUp3]:0 [SgUp4]:0 [SgLow1]:173375 [SgLow2]:0 [SgLow3]:0 [SgLow4]:0 [NetMuon1]:458930 [NetMuon2]:492758 [NetMuon3]:492758 [NetMuon4]:492758
[Run]:22262 [Site]:2 [Bin]:1229 [FullTime]:3590.17 [SkipTime]:0 [Veto1]:502.843 [Veto2]:309.361 [Veto3]:309.361 [Veto4]:309.361 [SgUp1]:176014 [SgUp2]:0 [SgUp3]:0 [SgUp4]:0 [SgLow1]:175664 [SgLow2]:0 [SgLow3]:0 [SgLow4]:0 [NetMuon1]:463488 [NetMuon2]:492625 [NetMuon3]:492625 [NetMuon4]:492625
End process Run: 22262 ... 
[Run]:22262 [Site]:2 [Bin]:1230 [FullTime]:90.0257 [SkipTime]:0 [Veto1]:13.6999 [Veto2]:7.76905 [Veto3]:7.76905 [Veto4]:7.76905
