StreamChain add 0x188d97e0
Start to process run: 23902 ... 
[Run]:23902 [Site]:2 [Bin]:2848 [FullTime]:873.539 [SkipTime]:0 [Veto1]:117.458 [Veto2]:75.1697 [Veto3]:75.1697 [Veto4]:75.1697 [SgUp1]:42724 [SgUp2]:0 [SgUp3]:0 [SgUp4]:0 [SgLow1]:42627 [SgLow2]:0 [SgLow3]:0 [SgLow4]:0 [NetMuon1]:113370 [NetMuon2]:119701 [NetMuon3]:119701 [NetMuon4]:119701
[Run]:23902 [Site]:2 [Bin]:2849 [FullTime]:3590.17 [SkipTime]:0 [Veto1]:506.364 [Veto2]:310.926 [Veto3]:310.926 [Veto4]:310.926 [SgUp1]:173646 [SgUp2]:0 [SgUp3]:0 [SgUp4]:0 [SgLow1]:173254 [SgLow2]:0 [SgLow3]:0 [SgLow4]:0 [NetMuon1]:465291 [NetMuon2]:495010 [NetMuon3]:495010 [NetMuon4]:495010
[Run]:23902 [Site]:2 [Bin]:2850 [FullTime]:3590.17 [SkipTime]:0 [Veto1]:514.665 [Veto2]:310.42 [Veto3]:310.42 [Veto4]:310.42 [SgUp1]:173173 [SgUp2]:0 [SgUp3]:0 [SgUp4]:0 [SgLow1]:172830 [SgLow2]:0 [SgLow3]:0 [SgLow4]:0 [NetMuon1]:463577 [NetMuon2]:494176 [NetMuon3]:494176 [NetMuon4]:494176
[Run]:23902 [Site]:2 [Bin]:2851 [FullTime]:3590.17 [SkipTime]:0 [Veto1]:508.022 [Veto2]:311.114 [Veto3]:311.114 [Veto4]:311.114 [SgUp1]:174139 [SgUp2]:0 [SgUp3]:0 [SgUp4]:0 [SgLow1]:173774 [SgLow2]:0 [SgLow3]:0 [SgLow4]:0 [NetMuon1]:465653 [NetMuon2]:495393 [NetMuon3]:495393 [NetMuon4]:495393
[Run]:23902 [Site]:2 [Bin]:2852 [FullTime]:3590.17 [SkipTime]:0 [Veto1]:494.884 [Veto2]:310.506 [Veto3]:310.506 [Veto4]:310.506 [SgUp1]:175059 [SgUp2]:0 [SgUp3]:0 [SgUp4]:0 [SgLow1]:174644 [SgLow2]:0 [SgLow3]:0 [SgLow4]:0 [NetMuon1]:466828 [NetMuon2]:494290 [NetMuon3]:494290 [NetMuon4]:494290
[Run]:23902 [Site]:2 [Bin]:2853 [FullTime]:3590.17 [SkipTime]:0 [Veto1]:502.756 [Veto2]:310.424 [Veto3]:310.424 [Veto4]:310.424 [SgUp1]:175394 [SgUp2]:0 [SgUp3]:0 [SgUp4]:0 [SgLow1]:174986 [SgLow2]:0 [SgLow3]:0 [SgLow4]:0 [NetMuon1]:465037 [NetMuon2]:494071 [NetMuon3]:494071 [NetMuon4]:494071
[Run]:23902 [Site]:2 [Bin]:2854 [FullTime]:3590.17 [SkipTime]:0 [Veto1]:507.575 [Veto2]:310.371 [Veto3]:310.371 [Veto4]:310.371 [SgUp1]:174092 [SgUp2]:0 [SgUp3]:0 [SgUp4]:0 [SgLow1]:173702 [SgLow2]:0 [SgLow3]:0 [SgLow4]:0 [NetMuon1]:464731 [NetMuon2]:494263 [NetMuon3]:494263 [NetMuon4]:494263
[Run]:23902 [Site]:2 [Bin]:2855 [FullTime]:3590.17 [SkipTime]:0 [Veto1]:511.859 [Veto2]:309.897 [Veto3]:309.897 [Veto4]:309.897 [SgUp1]:174269 [SgUp2]:0 [SgUp3]:0 [SgUp4]:0 [SgLow1]:173901 [SgLow2]:0 [SgLow3]:0 [SgLow4]:0 [NetMuon1]:463121 [NetMuon2]:493339 [NetMuon3]:493339 [NetMuon4]:493339
[Run]:23902 [Site]:2 [Bin]:2856 [FullTime]:3590.17 [SkipTime]:0 [Veto1]:500.448 [Veto2]:310.961 [Veto3]:310.961 [Veto4]:310.961 [SgUp1]:175076 [SgUp2]:0 [SgUp3]:0 [SgUp4]:0 [SgLow1]:174677 [SgLow2]:0 [SgLow3]:0 [SgLow4]:0 [NetMuon1]:466388 [NetMuon2]:495148 [NetMuon3]:495148 [NetMuon4]:495148
[Run]:23902 [Site]:2 [Bin]:2857 [FullTime]:3590.17 [SkipTime]:0 [Veto1]:488.83 [Veto2]:310.443 [Veto3]:310.443 [Veto4]:310.443 [SgUp1]:174952 [SgUp2]:0 [SgUp3]:0 [SgUp4]:0 [SgLow1]:174578 [SgLow2]:0 [SgLow3]:0 [SgLow4]:0 [NetMuon1]:467408 [NetMuon2]:494203 [NetMuon3]:494203 [NetMuon4]:494203
[Run]:23902 [Site]:2 [Bin]:2858 [FullTime]:3590.17 [SkipTime]:0 [Veto1]:507.939 [Veto2]:311.449 [Veto3]:311.449 [Veto4]:311.449 [SgUp1]:173719 [SgUp2]:0 [SgUp3]:0 [SgUp4]:0 [SgLow1]:173346 [SgLow2]:0 [SgLow3]:0 [SgLow4]:0 [NetMuon1]:465730 [NetMuon2]:495481 [NetMuon3]:495481 [NetMuon4]:495481
[Run]:23902 [Site]:2 [Bin]:2859 [FullTime]:3590.17 [SkipTime]:0 [Veto1]:488.228 [Veto2]:311.263 [Veto3]:311.263 [Veto4]:311.263 [SgUp1]:174742 [SgUp2]:0 [SgUp3]:0 [SgUp4]:0 [SgLow1]:174330 [SgLow2]:0 [SgLow3]:0 [SgLow4]:0 [NetMuon1]:468806 [NetMuon2]:495491 [NetMuon3]:495491 [NetMuon4]:495491
[Run]:23902 [Site]:2 [Bin]:2860 [FullTime]:3590.17 [SkipTime]:0 [Veto1]:512.468 [Veto2]:311.43 [Veto3]:311.43 [Veto4]:311.43 [SgUp1]:174159 [SgUp2]:0 [SgUp3]:0 [SgUp4]:0 [SgLow1]:173756 [SgLow2]:0 [SgLow3]:0 [SgLow4]:0 [NetMuon1]:465537 [NetMuon2]:495646 [NetMuon3]:495646 [NetMuon4]:495646
[Run]:23902 [Site]:2 [Bin]:2861 [FullTime]:3590.17 [SkipTime]:0 [Veto1]:516.124 [Veto2]:311.732 [Veto3]:311.732 [Veto4]:311.732 [SgUp1]:173712 [SgUp2]:0 [SgUp3]:0 [SgUp4]:0 [SgLow1]:173312 [SgLow2]:0 [SgLow3]:0 [SgLow4]:0 [NetMuon1]:465409 [NetMuon2]:496194 [NetMuon3]:496194 [NetMuon4]:496194
[Run]:23902 [Site]:2 [Bin]:2862 [FullTime]:3590.17 [SkipTime]:0 [Veto1]:519.552 [Veto2]:311.693 [Veto3]:311.693 [Veto4]:311.693 [SgUp1]:173117 [SgUp2]:0 [SgUp3]:0 [SgUp4]:0 [SgLow1]:172711 [SgLow2]:0 [SgLow3]:0 [SgLow4]:0 [NetMuon1]:464416 [NetMuon2]:496075 [NetMuon3]:496075 [NetMuon4]:496075
[Run]:23902 [Site]:2 [Bin]:2863 [FullTime]:3590.17 [SkipTime]:0 [Veto1]:512.174 [Veto2]:310.977 [Veto3]:310.977 [Veto4]:310.977 [SgUp1]:173703 [SgUp2]:0 [SgUp3]:0 [SgUp4]:0 [SgLow1]:173308 [SgLow2]:0 [SgLow3]:0 [SgLow4]:0 [NetMuon1]:465040 [NetMuon2]:495102 [NetMuon3]:495102 [NetMuon4]:495102
[Run]:23902 [Site]:2 [Bin]:2864 [FullTime]:3590.17 [SkipTime]:0 [Veto1]:485.597 [Veto2]:311.041 [Veto3]:311.041 [Veto4]:311.041 [SgUp1]:174571 [SgUp2]:0 [SgUp3]:0 [SgUp4]:0 [SgLow1]:174188 [SgLow2]:0 [SgLow3]:0 [SgLow4]:0 [NetMuon1]:468807 [NetMuon2]:494981 [NetMuon3]:494981 [NetMuon4]:494981
[Run]:23902 [Site]:2 [Bin]:2865 [FullTime]:3590.17 [SkipTime]:0 [Veto1]:517.525 [Veto2]:310.78 [Veto3]:310.78 [Veto4]:310.78 [SgUp1]:173136 [SgUp2]:0 [SgUp3]:0 [SgUp4]:0 [SgLow1]:172739 [SgLow2]:0 [SgLow3]:0 [SgLow4]:0 [NetMuon1]:463438 [NetMuon2]:494841 [NetMuon3]:494841 [NetMuon4]:494841
[Run]:23902 [Site]:2 [Bin]:2866 [FullTime]:3590.17 [SkipTime]:0 [Veto1]:489.969 [Veto2]:311.818 [Veto3]:311.818 [Veto4]:311.818 [SgUp1]:175162 [SgUp2]:0 [SgUp3]:0 [SgUp4]:0 [SgLow1]:174830 [SgLow2]:0 [SgLow3]:0 [SgLow4]:0 [NetMuon1]:469435 [NetMuon2]:496280 [NetMuon3]:496280 [NetMuon4]:496280
[Run]:23902 [Site]:2 [Bin]:2867 [FullTime]:3590.17 [SkipTime]:0 [Veto1]:515.423 [Veto2]:311.315 [Veto3]:311.315 [Veto4]:311.315 [SgUp1]:173451 [SgUp2]:0 [SgUp3]:0 [SgUp4]:0 [SgLow1]:173112 [SgLow2]:0 [SgLow3]:0 [SgLow4]:0 [NetMuon1]:465084 [NetMuon2]:495579 [NetMuon3]:495579 [NetMuon4]:495579
[Run]:23902 [Site]:2 [Bin]:2868 [FullTime]:3590.17 [SkipTime]:0 [Veto1]:508.16 [Veto2]:311.732 [Veto3]:311.732 [Veto4]:311.732 [SgUp1]:173655 [SgUp2]:0 [SgUp3]:0 [SgUp4]:0 [SgLow1]:173336 [SgLow2]:0 [SgLow3]:0 [SgLow4]:0 [NetMuon1]:466423 [NetMuon2]:496119 [NetMuon3]:496119 [NetMuon4]:496119
[Run]:23902 [Site]:2 [Bin]:2869 [FullTime]:3590.17 [SkipTime]:0 [Veto1]:518.02 [Veto2]:311.013 [Veto3]:311.013 [Veto4]:311.013 [SgUp1]:173110 [SgUp2]:0 [SgUp3]:0 [SgUp4]:0 [SgLow1]:172781 [SgLow2]:0 [SgLow3]:0 [SgLow4]:0 [NetMuon1]:463525 [NetMuon2]:494969 [NetMuon3]:494969 [NetMuon4]:494969
[Run]:23902 [Site]:2 [Bin]:2870 [FullTime]:3590.17 [SkipTime]:0 [Veto1]:529.65 [Veto2]:310.683 [Veto3]:310.683 [Veto4]:310.683 [SgUp1]:172920 [SgUp2]:0 [SgUp3]:0 [SgUp4]:0 [SgLow1]:172563 [SgLow2]:0 [SgLow3]:0 [SgLow4]:0 [NetMuon1]:461350 [NetMuon2]:494399 [NetMuon3]:494399 [NetMuon4]:494399
[Run]:23902 [Site]:2 [Bin]:2871 [FullTime]:3590.17 [SkipTime]:0 [Veto1]:523.173 [Veto2]:311.575 [Veto3]:311.575 [Veto4]:311.575 [SgUp1]:173187 [SgUp2]:0 [SgUp3]:0 [SgUp4]:0 [SgLow1]:172780 [SgLow2]:0 [SgLow3]:0 [SgLow4]:0 [NetMuon1]:463964 [NetMuon2]:495800 [NetMuon3]:495800 [NetMuon4]:495800
[Run]:23902 [Site]:2 [Bin]:2872 [FullTime]:3590.17 [SkipTime]:0 [Veto1]:512.753 [Veto2]:310.577 [Veto3]:310.577 [Veto4]:310.577 [SgUp1]:173517 [SgUp2]:0 [SgUp3]:0 [SgUp4]:0 [SgLow1]:173153 [SgLow2]:0 [SgLow3]:0 [SgLow4]:0 [NetMuon1]:463664 [NetMuon2]:494223 [NetMuon3]:494223 [NetMuon4]:494223
[Run]:23902 [Site]:2 [Bin]:2873 [FullTime]:3590.17 [SkipTime]:0 [Veto1]:496.432 [Veto2]:311.529 [Veto3]:311.529 [Veto4]:311.529 [SgUp1]:174533 [SgUp2]:0 [SgUp3]:0 [SgUp4]:0 [SgLow1]:174180 [SgLow2]:0 [SgLow3]:0 [SgLow4]:0 [NetMuon1]:468009 [NetMuon2]:495808 [NetMuon3]:495808 [NetMuon4]:495808
[Run]:23902 [Site]:2 [Bin]:2874 [FullTime]:3590.17 [SkipTime]:0 [Veto1]:514.473 [Veto2]:311.122 [Veto3]:311.122 [Veto4]:311.122 [SgUp1]:172945 [SgUp2]:0 [SgUp3]:0 [SgUp4]:0 [SgLow1]:172529 [SgLow2]:0 [SgLow3]:0 [SgLow4]:0 [NetMuon1]:464789 [NetMuon2]:495340 [NetMuon3]:495340 [NetMuon4]:495340
[Run]:23902 [Site]:2 [Bin]:2875 [FullTime]:3590.17 [SkipTime]:0 [Veto1]:513.613 [Veto2]:311.082 [Veto3]:311.082 [Veto4]:311.082 [SgUp1]:173461 [SgUp2]:0 [SgUp3]:0 [SgUp4]:0 [SgLow1]:173065 [SgLow2]:0 [SgLow3]:0 [SgLow4]:0 [NetMuon1]:464200 [NetMuon2]:495126 [NetMuon3]:495126 [NetMuon4]:495126
[Run]:23902 [Site]:2 [Bin]:2876 [FullTime]:3590.17 [SkipTime]:0 [Veto1]:523.084 [Veto2]:310.832 [Veto3]:310.832 [Veto4]:310.832 [SgUp1]:172463 [SgUp2]:0 [SgUp3]:0 [SgUp4]:0 [SgLow1]:172109 [SgLow2]:0 [SgLow3]:0 [SgLow4]:0 [NetMuon1]:462429 [NetMuon2]:494749 [NetMuon3]:494749 [NetMuon4]:494749
[Run]:23902 [Site]:2 [Bin]:2877 [FullTime]:3590.17 [SkipTime]:0 [Veto1]:520.353 [Veto2]:310.729 [Veto3]:310.729 [Veto4]:310.729 [SgUp1]:172473 [SgUp2]:0 [SgUp3]:0 [SgUp4]:0 [SgLow1]:172092 [SgLow2]:0 [SgLow3]:0 [SgLow4]:0 [NetMuon1]:463531 [NetMuon2]:494744 [NetMuon3]:494744 [NetMuon4]:494744
[Run]:23902 [Site]:2 [Bin]:2878 [FullTime]:3590.17 [SkipTime]:0 [Veto1]:517.18 [Veto2]:311.192 [Veto3]:311.192 [Veto4]:311.192 [SgUp1]:173362 [SgUp2]:0 [SgUp3]:0 [SgUp4]:0 [SgLow1]:172963 [SgLow2]:0 [SgLow3]:0 [SgLow4]:0 [NetMuon1]:464251 [NetMuon2]:495326 [NetMuon3]:495326 [NetMuon4]:495326
[Run]:23902 [Site]:2 [Bin]:2879 [FullTime]:3590.17 [SkipTime]:0 [Veto1]:513.004 [Veto2]:310.727 [Veto3]:310.727 [Veto4]:310.727 [SgUp1]:173693 [SgUp2]:0 [SgUp3]:0 [SgUp4]:0 [SgLow1]:173302 [SgLow2]:0 [SgLow3]:0 [SgLow4]:0 [NetMuon1]:464460 [NetMuon2]:494842 [NetMuon3]:494842 [NetMuon4]:494842
[Run]:23902 [Site]:2 [Bin]:2880 [FullTime]:3590.17 [SkipTime]:0 [Veto1]:502.47 [Veto2]:310.686 [Veto3]:310.686 [Veto4]:310.686 [SgUp1]:174932 [SgUp2]:0 [SgUp3]:0 [SgUp4]:0 [SgLow1]:174581 [SgLow2]:0 [SgLow3]:0 [SgLow4]:0 [NetMuon1]:465626 [NetMuon2]:494525 [NetMuon3]:494525 [NetMuon4]:494525
[Run]:23902 [Site]:2 [Bin]:2881 [FullTime]:3590.17 [SkipTime]:0 [Veto1]:504.986 [Veto2]:310.922 [Veto3]:310.922 [Veto4]:310.922 [SgUp1]:174244 [SgUp2]:0 [SgUp3]:0 [SgUp4]:0 [SgLow1]:173857 [SgLow2]:0 [SgLow3]:0 [SgLow4]:0 [NetMuon1]:465586 [NetMuon2]:494913 [NetMuon3]:494913 [NetMuon4]:494913
[Run]:23902 [Site]:2 [Bin]:2882 [FullTime]:3590.17 [SkipTime]:0 [Veto1]:510.577 [Veto2]:310.532 [Veto3]:310.532 [Veto4]:310.532 [SgUp1]:174043 [SgUp2]:0 [SgUp3]:0 [SgUp4]:0 [SgLow1]:173658 [SgLow2]:0 [SgLow3]:0 [SgLow4]:0 [NetMuon1]:464506 [NetMuon2]:494522 [NetMuon3]:494522 [NetMuon4]:494522
[Run]:23902 [Site]:2 [Bin]:2883 [FullTime]:3590.17 [SkipTime]:0 [Veto1]:512.224 [Veto2]:310.919 [Veto3]:310.919 [Veto4]:310.919 [SgUp1]:174177 [SgUp2]:0 [SgUp3]:0 [SgUp4]:0 [SgLow1]:173781 [SgLow2]:0 [SgLow3]:0 [SgLow4]:0 [NetMuon1]:464601 [NetMuon2]:494888 [NetMuon3]:494888 [NetMuon4]:494888
[Run]:23902 [Site]:2 [Bin]:2884 [FullTime]:3590.17 [SkipTime]:0 [Veto1]:508.473 [Veto2]:310.849 [Veto3]:310.849 [Veto4]:310.849 [SgUp1]:173833 [SgUp2]:0 [SgUp3]:0 [SgUp4]:0 [SgLow1]:173450 [SgLow2]:0 [SgLow3]:0 [SgLow4]:0 [NetMuon1]:464798 [NetMuon2]:494772 [NetMuon3]:494772 [NetMuon4]:494772
[Run]:23902 [Site]:2 [Bin]:2885 [FullTime]:3590.17 [SkipTime]:0 [Veto1]:506.633 [Veto2]:310.116 [Veto3]:310.116 [Veto4]:310.116 [SgUp1]:173351 [SgUp2]:0 [SgUp3]:0 [SgUp4]:0 [SgLow1]:172981 [SgLow2]:0 [SgLow3]:0 [SgLow4]:0 [NetMuon1]:464622 [NetMuon2]:493926 [NetMuon3]:493926 [NetMuon4]:493926
[Run]:23902 [Site]:2 [Bin]:2886 [FullTime]:3590.17 [SkipTime]:0 [Veto1]:520.553 [Veto2]:310.7 [Veto3]:310.7 [Veto4]:310.7 [SgUp1]:172155 [SgUp2]:0 [SgUp3]:0 [SgUp4]:0 [SgLow1]:171799 [SgLow2]:0 [SgLow3]:0 [SgLow4]:0 [NetMuon1]:463014 [NetMuon2]:494636 [NetMuon3]:494636 [NetMuon4]:494636
[Run]:23902 [Site]:2 [Bin]:2887 [FullTime]:3590.17 [SkipTime]:0 [Veto1]:516.69 [Veto2]:310.418 [Veto3]:310.418 [Veto4]:310.418 [SgUp1]:172928 [SgUp2]:0 [SgUp3]:0 [SgUp4]:0 [SgLow1]:172581 [SgLow2]:0 [SgLow3]:0 [SgLow4]:0 [NetMuon1]:462978 [NetMuon2]:494261 [NetMuon3]:494261 [NetMuon4]:494261
[Run]:23902 [Site]:2 [Bin]:2888 [FullTime]:3590.17 [SkipTime]:0 [Veto1]:496.87 [Veto2]:310.777 [Veto3]:310.777 [Veto4]:310.777 [SgUp1]:174139 [SgUp2]:0 [SgUp3]:0 [SgUp4]:0 [SgLow1]:173767 [SgLow2]:0 [SgLow3]:0 [SgLow4]:0 [NetMuon1]:466369 [NetMuon2]:494493 [NetMuon3]:494493 [NetMuon4]:494493
[Run]:23902 [Site]:2 [Bin]:2889 [FullTime]:3590.17 [SkipTime]:0 [Veto1]:507.102 [Veto2]:311.154 [Veto3]:311.154 [Veto4]:311.154 [SgUp1]:173204 [SgUp2]:0 [SgUp3]:0 [SgUp4]:0 [SgLow1]:172808 [SgLow2]:0 [SgLow3]:0 [SgLow4]:0 [NetMuon1]:465819 [NetMuon2]:495313 [NetMuon3]:495313 [NetMuon4]:495313
End process Run: 23902 ... 
[Run]:23902 [Site]:2 [Bin]:2890 [FullTime]:2501.82 [SkipTime]:0 [Veto1]:348.572 [Veto2]:216.81 [Veto3]:216.81 [Veto4]:216.81
