StreamChain add 0x1e667e0
Start to process run: 23124 ... 
[Run]:23124 [Site]:2 [Bin]:2265 [FullTime]:2944.38 [SkipTime]:0 [Veto1]:409.201 [Veto2]:254.79 [Veto3]:254.79 [Veto4]:254.79 [SgUp1]:143755 [SgUp2]:0 [SgUp3]:0 [SgUp4]:0 [SgLow1]:143412 [SgLow2]:0 [SgLow3]:0 [SgLow4]:0 [NetMuon1]:382357 [NetMuon2]:405450 [NetMuon3]:405450 [NetMuon4]:405450
[Run]:23124 [Site]:2 [Bin]:2266 [FullTime]:3590.17 [SkipTime]:0 [Veto1]:503.074 [Veto2]:310.786 [Veto3]:310.786 [Veto4]:310.786 [SgUp1]:174188 [SgUp2]:0 [SgUp3]:0 [SgUp4]:0 [SgLow1]:173818 [SgLow2]:0 [SgLow3]:0 [SgLow4]:0 [NetMuon1]:465723 [NetMuon2]:494692 [NetMuon3]:494692 [NetMuon4]:494692
[Run]:23124 [Site]:2 [Bin]:2267 [FullTime]:3590.17 [SkipTime]:0 [Veto1]:496.961 [Veto2]:310.937 [Veto3]:310.937 [Veto4]:310.937 [SgUp1]:174135 [SgUp2]:0 [SgUp3]:0 [SgUp4]:0 [SgLow1]:173716 [SgLow2]:0 [SgLow3]:0 [SgLow4]:0 [NetMuon1]:466948 [NetMuon2]:494936 [NetMuon3]:494936 [NetMuon4]:494936
[Run]:23124 [Site]:2 [Bin]:2268 [FullTime]:3590.17 [SkipTime]:0 [Veto1]:503.83 [Veto2]:310.17 [Veto3]:310.17 [Veto4]:310.17 [SgUp1]:174970 [SgUp2]:0 [SgUp3]:0 [SgUp4]:0 [SgLow1]:174541 [SgLow2]:0 [SgLow3]:0 [SgLow4]:0 [NetMuon1]:464892 [NetMuon2]:493928 [NetMuon3]:493928 [NetMuon4]:493928
[Run]:23124 [Site]:2 [Bin]:2269 [FullTime]:3590.17 [SkipTime]:0 [Veto1]:510.439 [Veto2]:311.009 [Veto3]:311.009 [Veto4]:311.009 [SgUp1]:173495 [SgUp2]:0 [SgUp3]:0 [SgUp4]:0 [SgLow1]:173100 [SgLow2]:0 [SgLow3]:0 [SgLow4]:0 [NetMuon1]:465288 [NetMuon2]:495047 [NetMuon3]:495047 [NetMuon4]:495047
[Run]:23124 [Site]:2 [Bin]:2270 [FullTime]:3590.17 [SkipTime]:0 [Veto1]:502.839 [Veto2]:310.663 [Veto3]:310.663 [Veto4]:310.663 [SgUp1]:173932 [SgUp2]:0 [SgUp3]:0 [SgUp4]:0 [SgLow1]:173561 [SgLow2]:0 [SgLow3]:0 [SgLow4]:0 [NetMuon1]:465220 [NetMuon2]:494470 [NetMuon3]:494470 [NetMuon4]:494470
[Run]:23124 [Site]:2 [Bin]:2271 [FullTime]:3590.17 [SkipTime]:0 [Veto1]:487.436 [Veto2]:309.88 [Veto3]:309.88 [Veto4]:309.88 [SgUp1]:175353 [SgUp2]:0 [SgUp3]:0 [SgUp4]:0 [SgLow1]:174951 [SgLow2]:0 [SgLow3]:0 [SgLow4]:0 [NetMuon1]:466641 [NetMuon2]:493279 [NetMuon3]:493279 [NetMuon4]:493279
[Run]:23124 [Site]:2 [Bin]:2272 [FullTime]:3590.17 [SkipTime]:0 [Veto1]:497.347 [Veto2]:310.553 [Veto3]:310.553 [Veto4]:310.553 [SgUp1]:174538 [SgUp2]:0 [SgUp3]:0 [SgUp4]:0 [SgLow1]:174171 [SgLow2]:0 [SgLow3]:0 [SgLow4]:0 [NetMuon1]:466083 [NetMuon2]:494284 [NetMuon3]:494284 [NetMuon4]:494284
[Run]:23124 [Site]:2 [Bin]:2273 [FullTime]:3590.18 [SkipTime]:0 [Veto1]:511.768 [Veto2]:310.46 [Veto3]:310.46 [Veto4]:310.46 [SgUp1]:173716 [SgUp2]:0 [SgUp3]:0 [SgUp4]:0 [SgLow1]:173315 [SgLow2]:0 [SgLow3]:0 [SgLow4]:0 [NetMuon1]:463901 [NetMuon2]:494173 [NetMuon3]:494173 [NetMuon4]:494173
[Run]:23124 [Site]:2 [Bin]:2274 [FullTime]:3590.16 [SkipTime]:0 [Veto1]:506.211 [Veto2]:310.031 [Veto3]:310.031 [Veto4]:310.031 [SgUp1]:173985 [SgUp2]:0 [SgUp3]:0 [SgUp4]:0 [SgLow1]:173577 [SgLow2]:0 [SgLow3]:0 [SgLow4]:0 [NetMuon1]:463868 [NetMuon2]:493644 [NetMuon3]:493644 [NetMuon4]:493644
[Run]:23124 [Site]:2 [Bin]:2275 [FullTime]:3590.17 [SkipTime]:0 [Veto1]:503.919 [Veto2]:310.2 [Veto3]:310.2 [Veto4]:310.2 [SgUp1]:173872 [SgUp2]:0 [SgUp3]:0 [SgUp4]:0 [SgLow1]:173559 [SgLow2]:0 [SgLow3]:0 [SgLow4]:0 [NetMuon1]:464440 [NetMuon2]:493679 [NetMuon3]:493679 [NetMuon4]:493679
[Run]:23124 [Site]:2 [Bin]:2276 [FullTime]:3590.17 [SkipTime]:0 [Veto1]:493.424 [Veto2]:310.463 [Veto3]:310.463 [Veto4]:310.463 [SgUp1]:174675 [SgUp2]:0 [SgUp3]:0 [SgUp4]:0 [SgLow1]:174308 [SgLow2]:0 [SgLow3]:0 [SgLow4]:0 [NetMuon1]:466818 [NetMuon2]:494442 [NetMuon3]:494442 [NetMuon4]:494442
[Run]:23124 [Site]:2 [Bin]:2277 [FullTime]:3590.17 [SkipTime]:0 [Veto1]:506.326 [Veto2]:310.152 [Veto3]:310.152 [Veto4]:310.152 [SgUp1]:174517 [SgUp2]:0 [SgUp3]:0 [SgUp4]:0 [SgLow1]:174066 [SgLow2]:0 [SgLow3]:0 [SgLow4]:0 [NetMuon1]:464105 [NetMuon2]:493696 [NetMuon3]:493696 [NetMuon4]:493696
[Run]:23124 [Site]:2 [Bin]:2278 [FullTime]:3590.17 [SkipTime]:0 [Veto1]:509.56 [Veto2]:310.145 [Veto3]:310.145 [Veto4]:310.145 [SgUp1]:173562 [SgUp2]:0 [SgUp3]:0 [SgUp4]:0 [SgLow1]:173172 [SgLow2]:0 [SgLow3]:0 [SgLow4]:0 [NetMuon1]:463431 [NetMuon2]:493793 [NetMuon3]:493793 [NetMuon4]:493793
[Run]:23124 [Site]:2 [Bin]:2279 [FullTime]:3590.17 [SkipTime]:0 [Veto1]:507.656 [Veto2]:310.134 [Veto3]:310.134 [Veto4]:310.134 [SgUp1]:174551 [SgUp2]:0 [SgUp3]:0 [SgUp4]:0 [SgLow1]:174168 [SgLow2]:0 [SgLow3]:0 [SgLow4]:0 [NetMuon1]:464384 [NetMuon2]:493718 [NetMuon3]:493718 [NetMuon4]:493718
[Run]:23124 [Site]:2 [Bin]:2280 [FullTime]:3590.17 [SkipTime]:0 [Veto1]:499.793 [Veto2]:310.133 [Veto3]:310.133 [Veto4]:310.133 [SgUp1]:174826 [SgUp2]:0 [SgUp3]:0 [SgUp4]:0 [SgLow1]:174453 [SgLow2]:0 [SgLow3]:0 [SgLow4]:0 [NetMuon1]:465141 [NetMuon2]:493714 [NetMuon3]:493714 [NetMuon4]:493714
[Run]:23124 [Site]:2 [Bin]:2281 [FullTime]:3590.17 [SkipTime]:0 [Veto1]:499.847 [Veto2]:310.898 [Veto3]:310.898 [Veto4]:310.898 [SgUp1]:174582 [SgUp2]:0 [SgUp3]:0 [SgUp4]:0 [SgLow1]:174172 [SgLow2]:0 [SgLow3]:0 [SgLow4]:0 [NetMuon1]:466099 [NetMuon2]:494715 [NetMuon3]:494715 [NetMuon4]:494715
[Run]:23124 [Site]:2 [Bin]:2282 [FullTime]:3590.17 [SkipTime]:0 [Veto1]:482.945 [Veto2]:311.01 [Veto3]:311.01 [Veto4]:311.01 [SgUp1]:176315 [SgUp2]:0 [SgUp3]:0 [SgUp4]:0 [SgLow1]:175964 [SgLow2]:0 [SgLow3]:0 [SgLow4]:0 [NetMuon1]:469190 [NetMuon2]:495051 [NetMuon3]:495051 [NetMuon4]:495051
[Run]:23124 [Site]:2 [Bin]:2283 [FullTime]:3590.17 [SkipTime]:0 [Veto1]:498.353 [Veto2]:310.862 [Veto3]:310.862 [Veto4]:310.862 [SgUp1]:174276 [SgUp2]:0 [SgUp3]:0 [SgUp4]:0 [SgLow1]:173907 [SgLow2]:0 [SgLow3]:0 [SgLow4]:0 [NetMuon1]:466300 [NetMuon2]:494754 [NetMuon3]:494754 [NetMuon4]:494754
[Run]:23124 [Site]:2 [Bin]:2284 [FullTime]:3590.17 [SkipTime]:0 [Veto1]:496.163 [Veto2]:310.593 [Veto3]:310.593 [Veto4]:310.593 [SgUp1]:174570 [SgUp2]:0 [SgUp3]:0 [SgUp4]:0 [SgLow1]:174214 [SgLow2]:0 [SgLow3]:0 [SgLow4]:0 [NetMuon1]:466680 [NetMuon2]:494637 [NetMuon3]:494637 [NetMuon4]:494637
[Run]:23124 [Site]:2 [Bin]:2285 [FullTime]:3590.17 [SkipTime]:0 [Veto1]:505.297 [Veto2]:311.421 [Veto3]:311.421 [Veto4]:311.421 [SgUp1]:174386 [SgUp2]:0 [SgUp3]:0 [SgUp4]:0 [SgLow1]:174072 [SgLow2]:0 [SgLow3]:0 [SgLow4]:0 [NetMuon1]:466419 [NetMuon2]:495560 [NetMuon3]:495560 [NetMuon4]:495560
[Run]:23124 [Site]:2 [Bin]:2286 [FullTime]:3590.17 [SkipTime]:0 [Veto1]:502.709 [Veto2]:310.546 [Veto3]:310.546 [Veto4]:310.546 [SgUp1]:174526 [SgUp2]:0 [SgUp3]:0 [SgUp4]:0 [SgLow1]:174111 [SgLow2]:0 [SgLow3]:0 [SgLow4]:0 [NetMuon1]:465435 [NetMuon2]:494400 [NetMuon3]:494400 [NetMuon4]:494400
[Run]:23124 [Site]:2 [Bin]:2287 [FullTime]:3590.17 [SkipTime]:0 [Veto1]:500.773 [Veto2]:311.311 [Veto3]:311.311 [Veto4]:311.311 [SgUp1]:173417 [SgUp2]:0 [SgUp3]:0 [SgUp4]:0 [SgLow1]:173023 [SgLow2]:0 [SgLow3]:0 [SgLow4]:0 [NetMuon1]:466700 [NetMuon2]:495295 [NetMuon3]:495295 [NetMuon4]:495295
[Run]:23124 [Site]:2 [Bin]:2288 [FullTime]:3590.17 [SkipTime]:0 [Veto1]:518.704 [Veto2]:311.204 [Veto3]:311.204 [Veto4]:311.204 [SgUp1]:173621 [SgUp2]:0 [SgUp3]:0 [SgUp4]:0 [SgLow1]:173244 [SgLow2]:0 [SgLow3]:0 [SgLow4]:0 [NetMuon1]:464261 [NetMuon2]:495483 [NetMuon3]:495483 [NetMuon4]:495483
[Run]:23124 [Site]:2 [Bin]:2289 [FullTime]:3590.17 [SkipTime]:0 [Veto1]:489.608 [Veto2]:310.907 [Veto3]:310.907 [Veto4]:310.907 [SgUp1]:174984 [SgUp2]:0 [SgUp3]:0 [SgUp4]:0 [SgLow1]:174553 [SgLow2]:0 [SgLow3]:0 [SgLow4]:0 [NetMuon1]:468321 [NetMuon2]:495050 [NetMuon3]:495050 [NetMuon4]:495050
[Run]:23124 [Site]:2 [Bin]:2290 [FullTime]:3590.17 [SkipTime]:0 [Veto1]:491.392 [Veto2]:310.99 [Veto3]:310.99 [Veto4]:310.99 [SgUp1]:174867 [SgUp2]:0 [SgUp3]:0 [SgUp4]:0 [SgLow1]:174491 [SgLow2]:0 [SgLow3]:0 [SgLow4]:0 [NetMuon1]:467908 [NetMuon2]:495136 [NetMuon3]:495136 [NetMuon4]:495136
[Run]:23124 [Site]:2 [Bin]:2291 [FullTime]:3590.17 [SkipTime]:0 [Veto1]:513.212 [Veto2]:310.565 [Veto3]:310.565 [Veto4]:310.565 [SgUp1]:173285 [SgUp2]:0 [SgUp3]:0 [SgUp4]:0 [SgLow1]:172894 [SgLow2]:0 [SgLow3]:0 [SgLow4]:0 [NetMuon1]:463909 [NetMuon2]:494398 [NetMuon3]:494398 [NetMuon4]:494398
[Run]:23124 [Site]:2 [Bin]:2292 [FullTime]:3590.17 [SkipTime]:0 [Veto1]:502.724 [Veto2]:311.162 [Veto3]:311.162 [Veto4]:311.162 [SgUp1]:173620 [SgUp2]:0 [SgUp3]:0 [SgUp4]:0 [SgLow1]:173245 [SgLow2]:0 [SgLow3]:0 [SgLow4]:0 [NetMuon1]:466321 [NetMuon2]:495113 [NetMuon3]:495113 [NetMuon4]:495113
[Run]:23124 [Site]:2 [Bin]:2293 [FullTime]:3590.17 [SkipTime]:0 [Veto1]:516.707 [Veto2]:311.711 [Veto3]:311.711 [Veto4]:311.711 [SgUp1]:172214 [SgUp2]:0 [SgUp3]:0 [SgUp4]:0 [SgLow1]:171826 [SgLow2]:0 [SgLow3]:0 [SgLow4]:0 [NetMuon1]:465190 [NetMuon2]:496189 [NetMuon3]:496189 [NetMuon4]:496189
[Run]:23124 [Site]:2 [Bin]:2294 [FullTime]:3590.17 [SkipTime]:0 [Veto1]:520.194 [Veto2]:310.54 [Veto3]:310.54 [Veto4]:310.54 [SgUp1]:172310 [SgUp2]:0 [SgUp3]:0 [SgUp4]:0 [SgLow1]:171909 [SgLow2]:0 [SgLow3]:0 [SgLow4]:0 [NetMuon1]:462390 [NetMuon2]:494310 [NetMuon3]:494310 [NetMuon4]:494310
[Run]:23124 [Site]:2 [Bin]:2295 [FullTime]:3590.17 [SkipTime]:0 [Veto1]:496.025 [Veto2]:311.296 [Veto3]:311.296 [Veto4]:311.296 [SgUp1]:174313 [SgUp2]:0 [SgUp3]:0 [SgUp4]:0 [SgLow1]:173923 [SgLow2]:0 [SgLow3]:0 [SgLow4]:0 [NetMuon1]:467502 [NetMuon2]:495437 [NetMuon3]:495437 [NetMuon4]:495437
[Run]:23124 [Site]:2 [Bin]:2296 [FullTime]:3590.17 [SkipTime]:0 [Veto1]:501.84 [Veto2]:311.048 [Veto3]:311.048 [Veto4]:311.048 [SgUp1]:174262 [SgUp2]:0 [SgUp3]:0 [SgUp4]:0 [SgLow1]:173898 [SgLow2]:0 [SgLow3]:0 [SgLow4]:0 [NetMuon1]:466078 [NetMuon2]:494873 [NetMuon3]:494873 [NetMuon4]:494873
[Run]:23124 [Site]:2 [Bin]:2297 [FullTime]:3590.17 [SkipTime]:0 [Veto1]:517.262 [Veto2]:310.695 [Veto3]:310.695 [Veto4]:310.695 [SgUp1]:173077 [SgUp2]:0 [SgUp3]:0 [SgUp4]:0 [SgLow1]:172677 [SgLow2]:0 [SgLow3]:0 [SgLow4]:0 [NetMuon1]:463702 [NetMuon2]:494430 [NetMuon3]:494430 [NetMuon4]:494430
[Run]:23124 [Site]:2 [Bin]:2298 [FullTime]:3590.17 [SkipTime]:0 [Veto1]:507.66 [Veto2]:310.159 [Veto3]:310.159 [Veto4]:310.159 [SgUp1]:174906 [SgUp2]:0 [SgUp3]:0 [SgUp4]:0 [SgLow1]:174547 [SgLow2]:0 [SgLow3]:0 [SgLow4]:0 [NetMuon1]:464014 [NetMuon2]:493805 [NetMuon3]:493805 [NetMuon4]:493805
[Run]:23124 [Site]:2 [Bin]:2299 [FullTime]:3590.17 [SkipTime]:0 [Veto1]:506.466 [Veto2]:310.562 [Veto3]:310.562 [Veto4]:310.562 [SgUp1]:175136 [SgUp2]:0 [SgUp3]:0 [SgUp4]:0 [SgLow1]:174710 [SgLow2]:0 [SgLow3]:0 [SgLow4]:0 [NetMuon1]:465143 [NetMuon2]:494524 [NetMuon3]:494524 [NetMuon4]:494524
[Run]:23124 [Site]:2 [Bin]:2300 [FullTime]:3590.17 [SkipTime]:0 [Veto1]:496.933 [Veto2]:310.149 [Veto3]:310.149 [Veto4]:310.149 [SgUp1]:174140 [SgUp2]:0 [SgUp3]:0 [SgUp4]:0 [SgLow1]:173749 [SgLow2]:0 [SgLow3]:0 [SgLow4]:0 [NetMuon1]:465290 [NetMuon2]:493696 [NetMuon3]:493696 [NetMuon4]:493696
[Run]:23124 [Site]:2 [Bin]:2301 [FullTime]:3590.17 [SkipTime]:0 [Veto1]:503.878 [Veto2]:309.658 [Veto3]:309.658 [Veto4]:309.658 [SgUp1]:174652 [SgUp2]:0 [SgUp3]:0 [SgUp4]:0 [SgLow1]:174242 [SgLow2]:0 [SgLow3]:0 [SgLow4]:0 [NetMuon1]:463641 [NetMuon2]:492948 [NetMuon3]:492948 [NetMuon4]:492948
[Run]:23124 [Site]:2 [Bin]:2302 [FullTime]:3590.17 [SkipTime]:0 [Veto1]:515.839 [Veto2]:310.736 [Veto3]:310.736 [Veto4]:310.736 [SgUp1]:173602 [SgUp2]:0 [SgUp3]:0 [SgUp4]:0 [SgLow1]:173252 [SgLow2]:0 [SgLow3]:0 [SgLow4]:0 [NetMuon1]:463573 [NetMuon2]:494571 [NetMuon3]:494571 [NetMuon4]:494571
[Run]:23124 [Site]:2 [Bin]:2303 [FullTime]:3590.17 [SkipTime]:0 [Veto1]:494.567 [Veto2]:309.965 [Veto3]:309.965 [Veto4]:309.965 [SgUp1]:175096 [SgUp2]:0 [SgUp3]:0 [SgUp4]:0 [SgLow1]:174626 [SgLow2]:0 [SgLow3]:0 [SgLow4]:0 [NetMuon1]:465956 [NetMuon2]:493451 [NetMuon3]:493451 [NetMuon4]:493451
[Run]:23124 [Site]:2 [Bin]:2304 [FullTime]:3590.17 [SkipTime]:0 [Veto1]:505.945 [Veto2]:309.989 [Veto3]:309.989 [Veto4]:309.989 [SgUp1]:174331 [SgUp2]:0 [SgUp3]:0 [SgUp4]:0 [SgLow1]:173962 [SgLow2]:0 [SgLow3]:0 [SgLow4]:0 [NetMuon1]:463886 [NetMuon2]:493367 [NetMuon3]:493367 [NetMuon4]:493367
[Run]:23124 [Site]:2 [Bin]:2305 [FullTime]:3590.17 [SkipTime]:0 [Veto1]:492.719 [Veto2]:310.243 [Veto3]:310.243 [Veto4]:310.243 [SgUp1]:175827 [SgUp2]:0 [SgUp3]:0 [SgUp4]:0 [SgLow1]:175439 [SgLow2]:0 [SgLow3]:0 [SgLow4]:0 [NetMuon1]:466333 [NetMuon2]:493933 [NetMuon3]:493933 [NetMuon4]:493933
[Run]:23124 [Site]:2 [Bin]:2306 [FullTime]:3590.17 [SkipTime]:0 [Veto1]:488.684 [Veto2]:311.248 [Veto3]:311.248 [Veto4]:311.248 [SgUp1]:175498 [SgUp2]:0 [SgUp3]:0 [SgUp4]:0 [SgLow1]:175038 [SgLow2]:0 [SgLow3]:0 [SgLow4]:0 [NetMuon1]:468763 [NetMuon2]:495392 [NetMuon3]:495392 [NetMuon4]:495392
[Run]:23124 [Site]:2 [Bin]:2307 [FullTime]:3590.17 [SkipTime]:0 [Veto1]:505.475 [Veto2]:310.757 [Veto3]:310.757 [Veto4]:310.757 [SgUp1]:174126 [SgUp2]:0 [SgUp3]:0 [SgUp4]:0 [SgLow1]:173768 [SgLow2]:0 [SgLow3]:0 [SgLow4]:0 [NetMuon1]:465358 [NetMuon2]:494628 [NetMuon3]:494628 [NetMuon4]:494628
[Run]:23124 [Site]:2 [Bin]:2308 [FullTime]:3590.17 [SkipTime]:0 [Veto1]:510.697 [Veto2]:310.465 [Veto3]:310.465 [Veto4]:310.465 [SgUp1]:173702 [SgUp2]:0 [SgUp3]:0 [SgUp4]:0 [SgLow1]:173334 [SgLow2]:0 [SgLow3]:0 [SgLow4]:0 [NetMuon1]:464260 [NetMuon2]:494278 [NetMuon3]:494278 [NetMuon4]:494278
[Run]:23124 [Site]:2 [Bin]:2309 [FullTime]:3590.17 [SkipTime]:0 [Veto1]:491.065 [Veto2]:310.242 [Veto3]:310.242 [Veto4]:310.242 [SgUp1]:174832 [SgUp2]:0 [SgUp3]:0 [SgUp4]:0 [SgLow1]:174428 [SgLow2]:0 [SgLow3]:0 [SgLow4]:0 [NetMuon1]:466665 [NetMuon2]:493991 [NetMuon3]:493991 [NetMuon4]:493991
[Run]:23124 [Site]:2 [Bin]:2310 [FullTime]:3590.17 [SkipTime]:0 [Veto1]:502.056 [Veto2]:311.013 [Veto3]:311.013 [Veto4]:311.013 [SgUp1]:174075 [SgUp2]:0 [SgUp3]:0 [SgUp4]:0 [SgLow1]:173714 [SgLow2]:0 [SgLow3]:0 [SgLow4]:0 [NetMuon1]:466140 [NetMuon2]:494979 [NetMuon3]:494979 [NetMuon4]:494979
[Run]:23124 [Site]:2 [Bin]:2311 [FullTime]:3590.17 [SkipTime]:0 [Veto1]:517.071 [Veto2]:310.717 [Veto3]:310.717 [Veto4]:310.717 [SgUp1]:173349 [SgUp2]:0 [SgUp3]:0 [SgUp4]:0 [SgLow1]:172968 [SgLow2]:0 [SgLow3]:0 [SgLow4]:0 [NetMuon1]:463535 [NetMuon2]:494580 [NetMuon3]:494580 [NetMuon4]:494580
[Run]:23124 [Site]:2 [Bin]:2312 [FullTime]:3590.17 [SkipTime]:0 [Veto1]:517.988 [Veto2]:311.214 [Veto3]:311.214 [Veto4]:311.214 [SgUp1]:173443 [SgUp2]:0 [SgUp3]:0 [SgUp4]:0 [SgLow1]:173068 [SgLow2]:0 [SgLow3]:0 [SgLow4]:0 [NetMuon1]:464288 [NetMuon2]:495496 [NetMuon3]:495496 [NetMuon4]:495496
End process Run: 23124 ... 
[Run]:23124 [Site]:2 [Bin]:2313 [FullTime]:738.553 [SkipTime]:0 [Veto1]:106.21 [Veto2]:63.5738 [Veto3]:63.5738 [Veto4]:63.5738
