StreamChain add 0x1214e7e0
Start to process run: 24745 ... 
[Run]:24745 [Site]:2 [Bin]:3491 [FullTime]:1834.81 [SkipTime]:0 [Veto1]:247.901 [Veto2]:158.97 [Veto3]:158.97 [Veto4]:158.97 [SgUp1]:89288 [SgUp2]:0 [SgUp3]:0 [SgUp4]:0 [SgLow1]:89093 [SgLow2]:0 [SgLow3]:0 [SgLow4]:0 [NetMuon1]:239574 [NetMuon2]:253122 [NetMuon3]:253122 [NetMuon4]:253122
[Run]:24745 [Site]:2 [Bin]:3492 [FullTime]:3590.17 [SkipTime]:0 [Veto1]:495.547 [Veto2]:311.488 [Veto3]:311.488 [Veto4]:311.488 [SgUp1]:174092 [SgUp2]:0 [SgUp3]:0 [SgUp4]:0 [SgLow1]:173750 [SgLow2]:0 [SgLow3]:0 [SgLow4]:0 [NetMuon1]:468178 [NetMuon2]:495810 [NetMuon3]:495810 [NetMuon4]:495810
[Run]:24745 [Site]:2 [Bin]:3493 [FullTime]:3590.17 [SkipTime]:0 [Veto1]:501.036 [Veto2]:311.979 [Veto3]:311.979 [Veto4]:311.979 [SgUp1]:173150 [SgUp2]:0 [SgUp3]:0 [SgUp4]:0 [SgLow1]:172762 [SgLow2]:0 [SgLow3]:0 [SgLow4]:0 [NetMuon1]:467729 [NetMuon2]:496635 [NetMuon3]:496635 [NetMuon4]:496635
[Run]:24745 [Site]:2 [Bin]:3494 [FullTime]:3590.18 [SkipTime]:0 [Veto1]:507.067 [Veto2]:311.824 [Veto3]:311.824 [Veto4]:311.824 [SgUp1]:173121 [SgUp2]:0 [SgUp3]:0 [SgUp4]:0 [SgLow1]:172755 [SgLow2]:0 [SgLow3]:0 [SgLow4]:0 [NetMuon1]:466867 [NetMuon2]:496370 [NetMuon3]:496370 [NetMuon4]:496370
[Run]:24745 [Site]:2 [Bin]:3495 [FullTime]:3590.17 [SkipTime]:0 [Veto1]:525.82 [Veto2]:310.866 [Veto3]:310.866 [Veto4]:310.866 [SgUp1]:172258 [SgUp2]:0 [SgUp3]:0 [SgUp4]:0 [SgLow1]:171893 [SgLow2]:0 [SgLow3]:0 [SgLow4]:0 [NetMuon1]:462606 [NetMuon2]:494952 [NetMuon3]:494952 [NetMuon4]:494952
[Run]:24745 [Site]:2 [Bin]:3496 [FullTime]:3590.17 [SkipTime]:0 [Veto1]:513.167 [Veto2]:311.855 [Veto3]:311.855 [Veto4]:311.855 [SgUp1]:171969 [SgUp2]:0 [SgUp3]:0 [SgUp4]:0 [SgLow1]:171626 [SgLow2]:0 [SgLow3]:0 [SgLow4]:0 [NetMuon1]:466072 [NetMuon2]:496226 [NetMuon3]:496226 [NetMuon4]:496226
[Run]:24745 [Site]:2 [Bin]:3497 [FullTime]:3590.17 [SkipTime]:0 [Veto1]:503.454 [Veto2]:311.111 [Veto3]:311.111 [Veto4]:311.111 [SgUp1]:173332 [SgUp2]:0 [SgUp3]:0 [SgUp4]:0 [SgLow1]:172955 [SgLow2]:0 [SgLow3]:0 [SgLow4]:0 [NetMuon1]:465543 [NetMuon2]:495064 [NetMuon3]:495064 [NetMuon4]:495064
[Run]:24745 [Site]:2 [Bin]:3498 [FullTime]:3590.17 [SkipTime]:0 [Veto1]:497.481 [Veto2]:311.673 [Veto3]:311.673 [Veto4]:311.673 [SgUp1]:173319 [SgUp2]:0 [SgUp3]:0 [SgUp4]:0 [SgLow1]:172979 [SgLow2]:0 [SgLow3]:0 [SgLow4]:0 [NetMuon1]:468223 [NetMuon2]:496217 [NetMuon3]:496217 [NetMuon4]:496217
[Run]:24745 [Site]:2 [Bin]:3499 [FullTime]:3590.17 [SkipTime]:0 [Veto1]:489.22 [Veto2]:310.71 [Veto3]:310.71 [Veto4]:310.71 [SgUp1]:173413 [SgUp2]:0 [SgUp3]:0 [SgUp4]:0 [SgLow1]:172987 [SgLow2]:0 [SgLow3]:0 [SgLow4]:0 [NetMuon1]:467545 [NetMuon2]:494701 [NetMuon3]:494701 [NetMuon4]:494701
[Run]:24745 [Site]:2 [Bin]:3500 [FullTime]:3590.17 [SkipTime]:0 [Veto1]:516.25 [Veto2]:310.961 [Veto3]:310.961 [Veto4]:310.961 [SgUp1]:173052 [SgUp2]:0 [SgUp3]:0 [SgUp4]:0 [SgLow1]:172670 [SgLow2]:0 [SgLow3]:0 [SgLow4]:0 [NetMuon1]:464363 [NetMuon2]:495315 [NetMuon3]:495315 [NetMuon4]:495315
[Run]:24745 [Site]:2 [Bin]:3501 [FullTime]:3590.17 [SkipTime]:0 [Veto1]:503.435 [Veto2]:310.561 [Veto3]:310.561 [Veto4]:310.561 [SgUp1]:173371 [SgUp2]:0 [SgUp3]:0 [SgUp4]:0 [SgLow1]:173067 [SgLow2]:0 [SgLow3]:0 [SgLow4]:0 [NetMuon1]:465350 [NetMuon2]:494506 [NetMuon3]:494506 [NetMuon4]:494506
[Run]:24745 [Site]:2 [Bin]:3502 [FullTime]:3590.17 [SkipTime]:0 [Veto1]:510.605 [Veto2]:310.964 [Veto3]:310.964 [Veto4]:310.964 [SgUp1]:173740 [SgUp2]:0 [SgUp3]:0 [SgUp4]:0 [SgLow1]:173361 [SgLow2]:0 [SgLow3]:0 [SgLow4]:0 [NetMuon1]:465240 [NetMuon2]:495087 [NetMuon3]:495087 [NetMuon4]:495087
[Run]:24745 [Site]:2 [Bin]:3503 [FullTime]:3590.17 [SkipTime]:0 [Veto1]:507.07 [Veto2]:310.319 [Veto3]:310.319 [Veto4]:310.319 [SgUp1]:173558 [SgUp2]:0 [SgUp3]:0 [SgUp4]:0 [SgLow1]:173202 [SgLow2]:0 [SgLow3]:0 [SgLow4]:0 [NetMuon1]:464507 [NetMuon2]:493995 [NetMuon3]:493995 [NetMuon4]:493995
[Run]:24745 [Site]:2 [Bin]:3504 [FullTime]:3590.17 [SkipTime]:0 [Veto1]:500.788 [Veto2]:310.807 [Veto3]:310.807 [Veto4]:310.807 [SgUp1]:173610 [SgUp2]:0 [SgUp3]:0 [SgUp4]:0 [SgLow1]:173272 [SgLow2]:0 [SgLow3]:0 [SgLow4]:0 [NetMuon1]:466024 [NetMuon2]:494748 [NetMuon3]:494748 [NetMuon4]:494748
[Run]:24745 [Site]:2 [Bin]:3505 [FullTime]:3590.17 [SkipTime]:0 [Veto1]:480.452 [Veto2]:310.867 [Veto3]:310.867 [Veto4]:310.867 [SgUp1]:174601 [SgUp2]:0 [SgUp3]:0 [SgUp4]:0 [SgLow1]:174286 [SgLow2]:0 [SgLow3]:0 [SgLow4]:0 [NetMuon1]:469533 [NetMuon2]:495128 [NetMuon3]:495128 [NetMuon4]:495128
[Run]:24745 [Site]:2 [Bin]:3506 [FullTime]:2560.73 [SkipTime]:1029.44 [Veto1]:349.894 [Veto2]:221.306 [Veto3]:221.306 [Veto4]:221.306 [SgUp1]:124027 [SgUp2]:0 [SgUp3]:0 [SgUp4]:0 [SgLow1]:123783 [SgLow2]:0 [SgLow3]:0 [SgLow4]:0 [NetMuon1]:333070 [NetMuon2]:352358 [NetMuon3]:352358 [NetMuon4]:352358
[Run]:24745 [Site]:2 [Bin]:3507 [FullTime]:3590.17 [SkipTime]:0 [Veto1]:533.004 [Veto2]:310.992 [Veto3]:310.992 [Veto4]:310.992 [SgUp1]:172612 [SgUp2]:0 [SgUp3]:0 [SgUp4]:0 [SgLow1]:172246 [SgLow2]:0 [SgLow3]:0 [SgLow4]:0 [NetMuon1]:461771 [NetMuon2]:495294 [NetMuon3]:495294 [NetMuon4]:495294
[Run]:24745 [Site]:2 [Bin]:3508 [FullTime]:3590.17 [SkipTime]:0 [Veto1]:490.916 [Veto2]:310.614 [Veto3]:310.614 [Veto4]:310.614 [SgUp1]:175367 [SgUp2]:0 [SgUp3]:0 [SgUp4]:0 [SgLow1]:175018 [SgLow2]:0 [SgLow3]:0 [SgLow4]:0 [NetMuon1]:467511 [NetMuon2]:494568 [NetMuon3]:494568 [NetMuon4]:494568
[Run]:24745 [Site]:2 [Bin]:3509 [FullTime]:3590.17 [SkipTime]:0 [Veto1]:501.504 [Veto2]:311.024 [Veto3]:311.024 [Veto4]:311.024 [SgUp1]:174290 [SgUp2]:0 [SgUp3]:0 [SgUp4]:0 [SgLow1]:173955 [SgLow2]:0 [SgLow3]:0 [SgLow4]:0 [NetMuon1]:466438 [NetMuon2]:495152 [NetMuon3]:495152 [NetMuon4]:495152
[Run]:24745 [Site]:2 [Bin]:3510 [FullTime]:3590.18 [SkipTime]:0 [Veto1]:511.102 [Veto2]:310.789 [Veto3]:310.789 [Veto4]:310.789 [SgUp1]:172839 [SgUp2]:0 [SgUp3]:0 [SgUp4]:0 [SgLow1]:172525 [SgLow2]:0 [SgLow3]:0 [SgLow4]:0 [NetMuon1]:464783 [NetMuon2]:494773 [NetMuon3]:494773 [NetMuon4]:494773
[Run]:24745 [Site]:2 [Bin]:3511 [FullTime]:3590.16 [SkipTime]:0 [Veto1]:497.526 [Veto2]:310.789 [Veto3]:310.789 [Veto4]:310.789 [SgUp1]:174156 [SgUp2]:0 [SgUp3]:0 [SgUp4]:0 [SgLow1]:173828 [SgLow2]:0 [SgLow3]:0 [SgLow4]:0 [NetMuon1]:466800 [NetMuon2]:494782 [NetMuon3]:494782 [NetMuon4]:494782
[Run]:24745 [Site]:2 [Bin]:3513 [FullTime]:2834.34 [SkipTime]:0 [Veto1]:386.442 [Veto2]:245.032 [Veto3]:245.032 [Veto4]:245.032 [SgUp1]:137396 [SgUp2]:0 [SgUp3]:0 [SgUp4]:0 [SgLow1]:137129 [SgLow2]:0 [SgLow3]:0 [SgLow4]:0 [NetMuon1]:368843 [NetMuon2]:390115 [NetMuon3]:390115 [NetMuon4]:390115
[Run]:24745 [Site]:2 [Bin]:3514 [FullTime]:2576.44 [SkipTime]:1013.73 [Veto1]:360.337 [Veto2]:223.013 [Veto3]:223.013 [Veto4]:223.013 [SgUp1]:124857 [SgUp2]:0 [SgUp3]:0 [SgUp4]:0 [SgLow1]:124558 [SgLow2]:0 [SgLow3]:0 [SgLow4]:0 [NetMuon1]:334629 [NetMuon2]:355212 [NetMuon3]:355212 [NetMuon4]:355212
End process Run: 24745 ... 
[Run]:24745 [Site]:2 [Bin]:3515 [FullTime]:2652.18 [SkipTime]:0 [Veto1]:364.504 [Veto2]:230.336 [Veto3]:230.336 [Veto4]:230.336
