StreamChain add 0x84e97e0
Start to process run: 24587 ... 
[Run]:24587 [Site]:2 [Bin]:3187 [FullTime]:2018.55 [SkipTime]:0 [Veto1]:281.547 [Veto2]:174.433 [Veto3]:174.433 [Veto4]:174.433 [SgUp1]:98115 [SgUp2]:0 [SgUp3]:0 [SgUp4]:0 [SgLow1]:97897 [SgLow2]:0 [SgLow3]:0 [SgLow4]:0 [NetMuon1]:261477 [NetMuon2]:277647 [NetMuon3]:277647 [NetMuon4]:277647
[Run]:24587 [Site]:2 [Bin]:3188 [FullTime]:3590.17 [SkipTime]:0 [Veto1]:504.39 [Veto2]:310.897 [Veto3]:310.897 [Veto4]:310.897 [SgUp1]:174509 [SgUp2]:0 [SgUp3]:0 [SgUp4]:0 [SgLow1]:174150 [SgLow2]:0 [SgLow3]:0 [SgLow4]:0 [NetMuon1]:465941 [NetMuon2]:494957 [NetMuon3]:494957 [NetMuon4]:494957
[Run]:24587 [Site]:2 [Bin]:3189 [FullTime]:3590.17 [SkipTime]:0 [Veto1]:489.679 [Veto2]:310.841 [Veto3]:310.841 [Veto4]:310.841 [SgUp1]:175688 [SgUp2]:0 [SgUp3]:0 [SgUp4]:0 [SgLow1]:175304 [SgLow2]:0 [SgLow3]:0 [SgLow4]:0 [NetMuon1]:468003 [NetMuon2]:494799 [NetMuon3]:494799 [NetMuon4]:494799
[Run]:24587 [Site]:2 [Bin]:3190 [FullTime]:3590.17 [SkipTime]:0 [Veto1]:526.343 [Veto2]:310.458 [Veto3]:310.458 [Veto4]:310.458 [SgUp1]:173035 [SgUp2]:0 [SgUp3]:0 [SgUp4]:0 [SgLow1]:172644 [SgLow2]:0 [SgLow3]:0 [SgLow4]:0 [NetMuon1]:461580 [NetMuon2]:494099 [NetMuon3]:494099 [NetMuon4]:494099
[Run]:24587 [Site]:2 [Bin]:3191 [FullTime]:3590.17 [SkipTime]:0 [Veto1]:512.202 [Veto2]:311.41 [Veto3]:311.41 [Veto4]:311.41 [SgUp1]:173816 [SgUp2]:0 [SgUp3]:0 [SgUp4]:0 [SgLow1]:173449 [SgLow2]:0 [SgLow3]:0 [SgLow4]:0 [NetMuon1]:465446 [NetMuon2]:495551 [NetMuon3]:495551 [NetMuon4]:495551
[Run]:24587 [Site]:2 [Bin]:3192 [FullTime]:3590.17 [SkipTime]:0 [Veto1]:499.151 [Veto2]:310.471 [Veto3]:310.471 [Veto4]:310.471 [SgUp1]:174661 [SgUp2]:0 [SgUp3]:0 [SgUp4]:0 [SgLow1]:174284 [SgLow2]:0 [SgLow3]:0 [SgLow4]:0 [NetMuon1]:465886 [NetMuon2]:494278 [NetMuon3]:494278 [NetMuon4]:494278
[Run]:24587 [Site]:2 [Bin]:3193 [FullTime]:3590.17 [SkipTime]:0 [Veto1]:499.861 [Veto2]:310.686 [Veto3]:310.686 [Veto4]:310.686 [SgUp1]:174924 [SgUp2]:0 [SgUp3]:0 [SgUp4]:0 [SgLow1]:174575 [SgLow2]:0 [SgLow3]:0 [SgLow4]:0 [NetMuon1]:466080 [NetMuon2]:494609 [NetMuon3]:494609 [NetMuon4]:494609
[Run]:24587 [Site]:2 [Bin]:3194 [FullTime]:3590.18 [SkipTime]:0 [Veto1]:498.687 [Veto2]:310.547 [Veto3]:310.547 [Veto4]:310.547 [SgUp1]:173707 [SgUp2]:0 [SgUp3]:0 [SgUp4]:0 [SgLow1]:173354 [SgLow2]:0 [SgLow3]:0 [SgLow4]:0 [NetMuon1]:466197 [NetMuon2]:494527 [NetMuon3]:494527 [NetMuon4]:494527
[Run]:24587 [Site]:2 [Bin]:3195 [FullTime]:3590.17 [SkipTime]:0 [Veto1]:505.832 [Veto2]:310.524 [Veto3]:310.524 [Veto4]:310.524 [SgUp1]:173174 [SgUp2]:0 [SgUp3]:0 [SgUp4]:0 [SgLow1]:172781 [SgLow2]:0 [SgLow3]:0 [SgLow4]:0 [NetMuon1]:465020 [NetMuon2]:494630 [NetMuon3]:494630 [NetMuon4]:494630
[Run]:24587 [Site]:2 [Bin]:3196 [FullTime]:3590.17 [SkipTime]:0 [Veto1]:505.344 [Veto2]:310.686 [Veto3]:310.686 [Veto4]:310.686 [SgUp1]:174492 [SgUp2]:0 [SgUp3]:0 [SgUp4]:0 [SgLow1]:174123 [SgLow2]:0 [SgLow3]:0 [SgLow4]:0 [NetMuon1]:465406 [NetMuon2]:494722 [NetMuon3]:494722 [NetMuon4]:494722
[Run]:24587 [Site]:2 [Bin]:3197 [FullTime]:3590.17 [SkipTime]:0 [Veto1]:519.451 [Veto2]:311.299 [Veto3]:311.299 [Veto4]:311.299 [SgUp1]:173808 [SgUp2]:0 [SgUp3]:0 [SgUp4]:0 [SgLow1]:173400 [SgLow2]:0 [SgLow3]:0 [SgLow4]:0 [NetMuon1]:463916 [NetMuon2]:495584 [NetMuon3]:495584 [NetMuon4]:495584
[Run]:24587 [Site]:2 [Bin]:3198 [FullTime]:3590.17 [SkipTime]:0 [Veto1]:488.155 [Veto2]:309.384 [Veto3]:309.384 [Veto4]:309.384 [SgUp1]:174758 [SgUp2]:0 [SgUp3]:0 [SgUp4]:0 [SgLow1]:174371 [SgLow2]:0 [SgLow3]:0 [SgLow4]:0 [NetMuon1]:465641 [NetMuon2]:492491 [NetMuon3]:492491 [NetMuon4]:492491
[Run]:24587 [Site]:2 [Bin]:3199 [FullTime]:3590.17 [SkipTime]:0 [Veto1]:511.669 [Veto2]:310.865 [Veto3]:310.865 [Veto4]:310.865 [SgUp1]:173505 [SgUp2]:0 [SgUp3]:0 [SgUp4]:0 [SgLow1]:173132 [SgLow2]:0 [SgLow3]:0 [SgLow4]:0 [NetMuon1]:464939 [NetMuon2]:494961 [NetMuon3]:494961 [NetMuon4]:494961
[Run]:24587 [Site]:2 [Bin]:3200 [FullTime]:3590.17 [SkipTime]:0 [Veto1]:497.878 [Veto2]:310.336 [Veto3]:310.336 [Veto4]:310.336 [SgUp1]:174554 [SgUp2]:0 [SgUp3]:0 [SgUp4]:0 [SgLow1]:174197 [SgLow2]:0 [SgLow3]:0 [SgLow4]:0 [NetMuon1]:465856 [NetMuon2]:493925 [NetMuon3]:493925 [NetMuon4]:493925
[Run]:24587 [Site]:2 [Bin]:3201 [FullTime]:3590.17 [SkipTime]:0 [Veto1]:492.288 [Veto2]:310.365 [Veto3]:310.365 [Veto4]:310.365 [SgUp1]:174157 [SgUp2]:0 [SgUp3]:0 [SgUp4]:0 [SgLow1]:173759 [SgLow2]:0 [SgLow3]:0 [SgLow4]:0 [NetMuon1]:466831 [NetMuon2]:494211 [NetMuon3]:494211 [NetMuon4]:494211
[Run]:24587 [Site]:2 [Bin]:3202 [FullTime]:3590.17 [SkipTime]:0 [Veto1]:486.438 [Veto2]:310.785 [Veto3]:310.785 [Veto4]:310.785 [SgUp1]:174634 [SgUp2]:0 [SgUp3]:0 [SgUp4]:0 [SgLow1]:174252 [SgLow2]:0 [SgLow3]:0 [SgLow4]:0 [NetMuon1]:467887 [NetMuon2]:494683 [NetMuon3]:494683 [NetMuon4]:494683
[Run]:24587 [Site]:2 [Bin]:3203 [FullTime]:3590.17 [SkipTime]:0 [Veto1]:496.861 [Veto2]:310.714 [Veto3]:310.714 [Veto4]:310.714 [SgUp1]:174083 [SgUp2]:0 [SgUp3]:0 [SgUp4]:0 [SgLow1]:173726 [SgLow2]:0 [SgLow3]:0 [SgLow4]:0 [NetMuon1]:466492 [NetMuon2]:494640 [NetMuon3]:494640 [NetMuon4]:494640
[Run]:24587 [Site]:2 [Bin]:3204 [FullTime]:3590.17 [SkipTime]:0 [Veto1]:511.857 [Veto2]:310.78 [Veto3]:310.78 [Veto4]:310.78 [SgUp1]:173393 [SgUp2]:0 [SgUp3]:0 [SgUp4]:0 [SgLow1]:173054 [SgLow2]:0 [SgLow3]:0 [SgLow4]:0 [NetMuon1]:464096 [NetMuon2]:494708 [NetMuon3]:494708 [NetMuon4]:494708
[Run]:24587 [Site]:2 [Bin]:3205 [FullTime]:3590.17 [SkipTime]:0 [Veto1]:510.018 [Veto2]:310.611 [Veto3]:310.611 [Veto4]:310.611 [SgUp1]:172924 [SgUp2]:0 [SgUp3]:0 [SgUp4]:0 [SgLow1]:172588 [SgLow2]:0 [SgLow3]:0 [SgLow4]:0 [NetMuon1]:464463 [NetMuon2]:494430 [NetMuon3]:494430 [NetMuon4]:494430
[Run]:24587 [Site]:2 [Bin]:3206 [FullTime]:3590.17 [SkipTime]:0 [Veto1]:512.922 [Veto2]:310.75 [Veto3]:310.75 [Veto4]:310.75 [SgUp1]:173718 [SgUp2]:0 [SgUp3]:0 [SgUp4]:0 [SgLow1]:173393 [SgLow2]:0 [SgLow3]:0 [SgLow4]:0 [NetMuon1]:464158 [NetMuon2]:494838 [NetMuon3]:494838 [NetMuon4]:494838
[Run]:24587 [Site]:2 [Bin]:3207 [FullTime]:3590.17 [SkipTime]:0 [Veto1]:508.416 [Veto2]:310.789 [Veto3]:310.789 [Veto4]:310.789 [SgUp1]:172763 [SgUp2]:0 [SgUp3]:0 [SgUp4]:0 [SgLow1]:172402 [SgLow2]:0 [SgLow3]:0 [SgLow4]:0 [NetMuon1]:465074 [NetMuon2]:494679 [NetMuon3]:494679 [NetMuon4]:494679
[Run]:24587 [Site]:2 [Bin]:3208 [FullTime]:3590.17 [SkipTime]:0 [Veto1]:517.55 [Veto2]:310.7 [Veto3]:310.7 [Veto4]:310.7 [SgUp1]:172553 [SgUp2]:0 [SgUp3]:0 [SgUp4]:0 [SgLow1]:172185 [SgLow2]:0 [SgLow3]:0 [SgLow4]:0 [NetMuon1]:463422 [NetMuon2]:494765 [NetMuon3]:494765 [NetMuon4]:494765
[Run]:24587 [Site]:2 [Bin]:3209 [FullTime]:3590.17 [SkipTime]:0 [Veto1]:518.83 [Veto2]:311.339 [Veto3]:311.339 [Veto4]:311.339 [SgUp1]:173256 [SgUp2]:0 [SgUp3]:0 [SgUp4]:0 [SgLow1]:172892 [SgLow2]:0 [SgLow3]:0 [SgLow4]:0 [NetMuon1]:464107 [NetMuon2]:495447 [NetMuon3]:495447 [NetMuon4]:495447
[Run]:24587 [Site]:2 [Bin]:3210 [FullTime]:3590.17 [SkipTime]:0 [Veto1]:509.705 [Veto2]:309.491 [Veto3]:309.491 [Veto4]:309.491 [SgUp1]:173701 [SgUp2]:0 [SgUp3]:0 [SgUp4]:0 [SgLow1]:173330 [SgLow2]:0 [SgLow3]:0 [SgLow4]:0 [NetMuon1]:462496 [NetMuon2]:492810 [NetMuon3]:492810 [NetMuon4]:492810
[Run]:24587 [Site]:2 [Bin]:3211 [FullTime]:3590.17 [SkipTime]:0 [Veto1]:503.984 [Veto2]:310.518 [Veto3]:310.518 [Veto4]:310.518 [SgUp1]:173743 [SgUp2]:0 [SgUp3]:0 [SgUp4]:0 [SgLow1]:173345 [SgLow2]:0 [SgLow3]:0 [SgLow4]:0 [NetMuon1]:465053 [NetMuon2]:494438 [NetMuon3]:494438 [NetMuon4]:494438
[Run]:24587 [Site]:2 [Bin]:3212 [FullTime]:3590.17 [SkipTime]:0 [Veto1]:505.343 [Veto2]:310.38 [Veto3]:310.38 [Veto4]:310.38 [SgUp1]:174294 [SgUp2]:0 [SgUp3]:0 [SgUp4]:0 [SgLow1]:173909 [SgLow2]:0 [SgLow3]:0 [SgLow4]:0 [NetMuon1]:464781 [NetMuon2]:494141 [NetMuon3]:494141 [NetMuon4]:494141
[Run]:24587 [Site]:2 [Bin]:3213 [FullTime]:3590.17 [SkipTime]:0 [Veto1]:510.505 [Veto2]:310.1 [Veto3]:310.1 [Veto4]:310.1 [SgUp1]:174347 [SgUp2]:0 [SgUp3]:0 [SgUp4]:0 [SgLow1]:173962 [SgLow2]:0 [SgLow3]:0 [SgLow4]:0 [NetMuon1]:463788 [NetMuon2]:493691 [NetMuon3]:493691 [NetMuon4]:493691
[Run]:24587 [Site]:2 [Bin]:3214 [FullTime]:3590.17 [SkipTime]:0 [Veto1]:498.473 [Veto2]:309.968 [Veto3]:309.968 [Veto4]:309.968 [SgUp1]:173589 [SgUp2]:0 [SgUp3]:0 [SgUp4]:0 [SgLow1]:173202 [SgLow2]:0 [SgLow3]:0 [SgLow4]:0 [NetMuon1]:465185 [NetMuon2]:493534 [NetMuon3]:493534 [NetMuon4]:493534
[Run]:24587 [Site]:2 [Bin]:3215 [FullTime]:3590.17 [SkipTime]:0 [Veto1]:498.243 [Veto2]:310.071 [Veto3]:310.071 [Veto4]:310.071 [SgUp1]:174599 [SgUp2]:0 [SgUp3]:0 [SgUp4]:0 [SgLow1]:174172 [SgLow2]:0 [SgLow3]:0 [SgLow4]:0 [NetMuon1]:465334 [NetMuon2]:493509 [NetMuon3]:493509 [NetMuon4]:493509
[Run]:24587 [Site]:2 [Bin]:3216 [FullTime]:3590.17 [SkipTime]:0 [Veto1]:469.781 [Veto2]:310.639 [Veto3]:310.639 [Veto4]:310.639 [SgUp1]:175811 [SgUp2]:0 [SgUp3]:0 [SgUp4]:0 [SgLow1]:175443 [SgLow2]:0 [SgLow3]:0 [SgLow4]:0 [NetMuon1]:470532 [NetMuon2]:494442 [NetMuon3]:494442 [NetMuon4]:494442
[Run]:24587 [Site]:2 [Bin]:3217 [FullTime]:3590.17 [SkipTime]:0 [Veto1]:520.61 [Veto2]:309.78 [Veto3]:309.78 [Veto4]:309.78 [SgUp1]:172930 [SgUp2]:0 [SgUp3]:0 [SgUp4]:0 [SgLow1]:172571 [SgLow2]:0 [SgLow3]:0 [SgLow4]:0 [NetMuon1]:461299 [NetMuon2]:493063 [NetMuon3]:493063 [NetMuon4]:493063
[Run]:24587 [Site]:2 [Bin]:3218 [FullTime]:3590.17 [SkipTime]:0 [Veto1]:502.502 [Veto2]:310.618 [Veto3]:310.618 [Veto4]:310.618 [SgUp1]:174650 [SgUp2]:0 [SgUp3]:0 [SgUp4]:0 [SgLow1]:174251 [SgLow2]:0 [SgLow3]:0 [SgLow4]:0 [NetMuon1]:465454 [NetMuon2]:494753 [NetMuon3]:494753 [NetMuon4]:494753
[Run]:24587 [Site]:2 [Bin]:3219 [FullTime]:3590.17 [SkipTime]:0 [Veto1]:518.484 [Veto2]:311.22 [Veto3]:311.22 [Veto4]:311.22 [SgUp1]:172538 [SgUp2]:0 [SgUp3]:0 [SgUp4]:0 [SgLow1]:172116 [SgLow2]:0 [SgLow3]:0 [SgLow4]:0 [NetMuon1]:464001 [NetMuon2]:495319 [NetMuon3]:495319 [NetMuon4]:495319
[Run]:24587 [Site]:2 [Bin]:3220 [FullTime]:3590.17 [SkipTime]:0 [Veto1]:506.078 [Veto2]:310.915 [Veto3]:310.915 [Veto4]:310.915 [SgUp1]:173791 [SgUp2]:0 [SgUp3]:0 [SgUp4]:0 [SgLow1]:173394 [SgLow2]:0 [SgLow3]:0 [SgLow4]:0 [NetMuon1]:465486 [NetMuon2]:494932 [NetMuon3]:494932 [NetMuon4]:494932
[Run]:24587 [Site]:2 [Bin]:3221 [FullTime]:3590.17 [SkipTime]:0 [Veto1]:515.082 [Veto2]:310.736 [Veto3]:310.736 [Veto4]:310.736 [SgUp1]:173654 [SgUp2]:0 [SgUp3]:0 [SgUp4]:0 [SgLow1]:173254 [SgLow2]:0 [SgLow3]:0 [SgLow4]:0 [NetMuon1]:463647 [NetMuon2]:494541 [NetMuon3]:494541 [NetMuon4]:494541
[Run]:24587 [Site]:2 [Bin]:3222 [FullTime]:3590.17 [SkipTime]:0 [Veto1]:493.981 [Veto2]:310.629 [Veto3]:310.629 [Veto4]:310.629 [SgUp1]:174502 [SgUp2]:0 [SgUp3]:0 [SgUp4]:0 [SgLow1]:174142 [SgLow2]:0 [SgLow3]:0 [SgLow4]:0 [NetMuon1]:467009 [NetMuon2]:494691 [NetMuon3]:494691 [NetMuon4]:494691
[Run]:24587 [Site]:2 [Bin]:3223 [FullTime]:3590.17 [SkipTime]:0 [Veto1]:486.739 [Veto2]:310.125 [Veto3]:310.125 [Veto4]:310.125 [SgUp1]:174789 [SgUp2]:0 [SgUp3]:0 [SgUp4]:0 [SgLow1]:174420 [SgLow2]:0 [SgLow3]:0 [SgLow4]:0 [NetMuon1]:467657 [NetMuon2]:493857 [NetMuon3]:493857 [NetMuon4]:493857
[Run]:24587 [Site]:2 [Bin]:3224 [FullTime]:3590.17 [SkipTime]:0 [Veto1]:505.257 [Veto2]:310.705 [Veto3]:310.705 [Veto4]:310.705 [SgUp1]:174254 [SgUp2]:0 [SgUp3]:0 [SgUp4]:0 [SgLow1]:173873 [SgLow2]:0 [SgLow3]:0 [SgLow4]:0 [NetMuon1]:465375 [NetMuon2]:494691 [NetMuon3]:494691 [NetMuon4]:494691
[Run]:24587 [Site]:2 [Bin]:3225 [FullTime]:3590.17 [SkipTime]:0 [Veto1]:502.641 [Veto2]:310.503 [Veto3]:310.503 [Veto4]:310.503 [SgUp1]:173951 [SgUp2]:0 [SgUp3]:0 [SgUp4]:0 [SgLow1]:173571 [SgLow2]:0 [SgLow3]:0 [SgLow4]:0 [NetMuon1]:465284 [NetMuon2]:494351 [NetMuon3]:494351 [NetMuon4]:494351
[Run]:24587 [Site]:2 [Bin]:3226 [FullTime]:3590.17 [SkipTime]:0 [Veto1]:527.509 [Veto2]:311.035 [Veto3]:311.035 [Veto4]:311.035 [SgUp1]:173140 [SgUp2]:0 [SgUp3]:0 [SgUp4]:0 [SgLow1]:172782 [SgLow2]:0 [SgLow3]:0 [SgLow4]:0 [NetMuon1]:462436 [NetMuon2]:495017 [NetMuon3]:495017 [NetMuon4]:495017
[Run]:24587 [Site]:2 [Bin]:3227 [FullTime]:3590.17 [SkipTime]:0 [Veto1]:510.43 [Veto2]:310.843 [Veto3]:310.843 [Veto4]:310.843 [SgUp1]:173693 [SgUp2]:0 [SgUp3]:0 [SgUp4]:0 [SgLow1]:173267 [SgLow2]:0 [SgLow3]:0 [SgLow4]:0 [NetMuon1]:464655 [NetMuon2]:494745 [NetMuon3]:494745 [NetMuon4]:494745
[Run]:24587 [Site]:2 [Bin]:3228 [FullTime]:3590.17 [SkipTime]:0 [Veto1]:513.302 [Veto2]:310.058 [Veto3]:310.058 [Veto4]:310.058 [SgUp1]:173499 [SgUp2]:0 [SgUp3]:0 [SgUp4]:0 [SgLow1]:173080 [SgLow2]:0 [SgLow3]:0 [SgLow4]:0 [NetMuon1]:462957 [NetMuon2]:493587 [NetMuon3]:493587 [NetMuon4]:493587
[Run]:24587 [Site]:2 [Bin]:3229 [FullTime]:3590.17 [SkipTime]:0 [Veto1]:487.745 [Veto2]:310.514 [Veto3]:310.514 [Veto4]:310.514 [SgUp1]:175686 [SgUp2]:0 [SgUp3]:0 [SgUp4]:0 [SgLow1]:175315 [SgLow2]:0 [SgLow3]:0 [SgLow4]:0 [NetMuon1]:467296 [NetMuon2]:494400 [NetMuon3]:494400 [NetMuon4]:494400
End process Run: 24587 ... 
[Run]:24587 [Site]:2 [Bin]:3230 [FullTime]:2246.69 [SkipTime]:0 [Veto1]:303.05 [Veto2]:194.861 [Veto3]:194.861 [Veto4]:194.861
