StreamChain add 0x1ec9f7e0
Start to process run: 24459 ... 
[Run]:24459 [Site]:2 [Bin]:3062 [FullTime]:2735.02 [SkipTime]:0 [Veto1]:375.659 [Veto2]:237.302 [Veto3]:237.302 [Veto4]:237.302 [SgUp1]:133384 [SgUp2]:0 [SgUp3]:0 [SgUp4]:0 [SgLow1]:133061 [SgLow2]:0 [SgLow3]:0 [SgLow4]:0 [NetMuon1]:356877 [NetMuon2]:377801 [NetMuon3]:377801 [NetMuon4]:377801
[Run]:24459 [Site]:2 [Bin]:3063 [FullTime]:3590.17 [SkipTime]:0 [Veto1]:533.853 [Veto2]:311.179 [Veto3]:311.179 [Veto4]:311.179 [SgUp1]:172169 [SgUp2]:0 [SgUp3]:0 [SgUp4]:0 [SgLow1]:171772 [SgLow2]:0 [SgLow3]:0 [SgLow4]:0 [NetMuon1]:461721 [NetMuon2]:495445 [NetMuon3]:495445 [NetMuon4]:495445
[Run]:24459 [Site]:2 [Bin]:3064 [FullTime]:3590.17 [SkipTime]:0 [Veto1]:513.414 [Veto2]:310.411 [Veto3]:310.411 [Veto4]:310.411 [SgUp1]:173836 [SgUp2]:0 [SgUp3]:0 [SgUp4]:0 [SgLow1]:173423 [SgLow2]:0 [SgLow3]:0 [SgLow4]:0 [NetMuon1]:463269 [NetMuon2]:493928 [NetMuon3]:493928 [NetMuon4]:493928
[Run]:24459 [Site]:2 [Bin]:3065 [FullTime]:3590.17 [SkipTime]:0 [Veto1]:506.792 [Veto2]:310.913 [Veto3]:310.913 [Veto4]:310.913 [SgUp1]:174264 [SgUp2]:0 [SgUp3]:0 [SgUp4]:0 [SgLow1]:173926 [SgLow2]:0 [SgLow3]:0 [SgLow4]:0 [NetMuon1]:465274 [NetMuon2]:495097 [NetMuon3]:495097 [NetMuon4]:495097
[Run]:24459 [Site]:2 [Bin]:3066 [FullTime]:3590.17 [SkipTime]:0 [Veto1]:487.337 [Veto2]:310.382 [Veto3]:310.382 [Veto4]:310.382 [SgUp1]:174824 [SgUp2]:0 [SgUp3]:0 [SgUp4]:0 [SgLow1]:174423 [SgLow2]:0 [SgLow3]:0 [SgLow4]:0 [NetMuon1]:467672 [NetMuon2]:494352 [NetMuon3]:494352 [NetMuon4]:494352
[Run]:24459 [Site]:2 [Bin]:3067 [FullTime]:3590.17 [SkipTime]:0 [Veto1]:503.336 [Veto2]:311.484 [Veto3]:311.484 [Veto4]:311.484 [SgUp1]:173723 [SgUp2]:0 [SgUp3]:0 [SgUp4]:0 [SgLow1]:173384 [SgLow2]:0 [SgLow3]:0 [SgLow4]:0 [NetMuon1]:467092 [NetMuon2]:495887 [NetMuon3]:495887 [NetMuon4]:495887
[Run]:24459 [Site]:2 [Bin]:3068 [FullTime]:3590.18 [SkipTime]:0 [Veto1]:490.909 [Veto2]:311.003 [Veto3]:311.003 [Veto4]:311.003 [SgUp1]:174155 [SgUp2]:0 [SgUp3]:0 [SgUp4]:0 [SgLow1]:173774 [SgLow2]:0 [SgLow3]:0 [SgLow4]:0 [NetMuon1]:467453 [NetMuon2]:494881 [NetMuon3]:494881 [NetMuon4]:494881
[Run]:24459 [Site]:2 [Bin]:3069 [FullTime]:3590.17 [SkipTime]:0 [Veto1]:491.187 [Veto2]:310.261 [Veto3]:310.261 [Veto4]:310.261 [SgUp1]:175492 [SgUp2]:0 [SgUp3]:0 [SgUp4]:0 [SgLow1]:175122 [SgLow2]:0 [SgLow3]:0 [SgLow4]:0 [NetMuon1]:466815 [NetMuon2]:493975 [NetMuon3]:493975 [NetMuon4]:493975
[Run]:24459 [Site]:2 [Bin]:3070 [FullTime]:3590.18 [SkipTime]:0 [Veto1]:508.476 [Veto2]:311.028 [Veto3]:311.028 [Veto4]:311.028 [SgUp1]:173220 [SgUp2]:0 [SgUp3]:0 [SgUp4]:0 [SgLow1]:172846 [SgLow2]:0 [SgLow3]:0 [SgLow4]:0 [NetMuon1]:465267 [NetMuon2]:495003 [NetMuon3]:495003 [NetMuon4]:495003
[Run]:24459 [Site]:2 [Bin]:3071 [FullTime]:3590.16 [SkipTime]:0 [Veto1]:509.563 [Veto2]:310.204 [Veto3]:310.204 [Veto4]:310.204 [SgUp1]:173695 [SgUp2]:0 [SgUp3]:0 [SgUp4]:0 [SgLow1]:173308 [SgLow2]:0 [SgLow3]:0 [SgLow4]:0 [NetMuon1]:463647 [NetMuon2]:493712 [NetMuon3]:493712 [NetMuon4]:493712
[Run]:24459 [Site]:2 [Bin]:3072 [FullTime]:3590.17 [SkipTime]:0 [Veto1]:507.256 [Veto2]:310.897 [Veto3]:310.897 [Veto4]:310.897 [SgUp1]:173646 [SgUp2]:0 [SgUp3]:0 [SgUp4]:0 [SgLow1]:173296 [SgLow2]:0 [SgLow3]:0 [SgLow4]:0 [NetMuon1]:465171 [NetMuon2]:494654 [NetMuon3]:494654 [NetMuon4]:494654
[Run]:24459 [Site]:2 [Bin]:3073 [FullTime]:3590.17 [SkipTime]:0 [Veto1]:489.434 [Veto2]:309.672 [Veto3]:309.672 [Veto4]:309.672 [SgUp1]:174994 [SgUp2]:0 [SgUp3]:0 [SgUp4]:0 [SgLow1]:174606 [SgLow2]:0 [SgLow3]:0 [SgLow4]:0 [NetMuon1]:465925 [NetMuon2]:492884 [NetMuon3]:492884 [NetMuon4]:492884
[Run]:24459 [Site]:2 [Bin]:3074 [FullTime]:3590.17 [SkipTime]:0 [Veto1]:503.628 [Veto2]:310.479 [Veto3]:310.479 [Veto4]:310.479 [SgUp1]:174518 [SgUp2]:0 [SgUp3]:0 [SgUp4]:0 [SgLow1]:174096 [SgLow2]:0 [SgLow3]:0 [SgLow4]:0 [NetMuon1]:465108 [NetMuon2]:494123 [NetMuon3]:494123 [NetMuon4]:494123
[Run]:24459 [Site]:2 [Bin]:3075 [FullTime]:3590.17 [SkipTime]:0 [Veto1]:512.61 [Veto2]:311.063 [Veto3]:311.063 [Veto4]:311.063 [SgUp1]:173731 [SgUp2]:0 [SgUp3]:0 [SgUp4]:0 [SgLow1]:173351 [SgLow2]:0 [SgLow3]:0 [SgLow4]:0 [NetMuon1]:465119 [NetMuon2]:495400 [NetMuon3]:495400 [NetMuon4]:495400
[Run]:24459 [Site]:2 [Bin]:3076 [FullTime]:3590.17 [SkipTime]:0 [Veto1]:497.308 [Veto2]:310.792 [Veto3]:310.792 [Veto4]:310.792 [SgUp1]:174438 [SgUp2]:0 [SgUp3]:0 [SgUp4]:0 [SgLow1]:174070 [SgLow2]:0 [SgLow3]:0 [SgLow4]:0 [NetMuon1]:466802 [NetMuon2]:494860 [NetMuon3]:494860 [NetMuon4]:494860
[Run]:24459 [Site]:2 [Bin]:3077 [FullTime]:3590.17 [SkipTime]:0 [Veto1]:500.353 [Veto2]:310.474 [Veto3]:310.474 [Veto4]:310.474 [SgUp1]:173935 [SgUp2]:0 [SgUp3]:0 [SgUp4]:0 [SgLow1]:173552 [SgLow2]:0 [SgLow3]:0 [SgLow4]:0 [NetMuon1]:465607 [NetMuon2]:494264 [NetMuon3]:494264 [NetMuon4]:494264
[Run]:24459 [Site]:2 [Bin]:3078 [FullTime]:3590.17 [SkipTime]:0 [Veto1]:518.909 [Veto2]:309.905 [Veto3]:309.905 [Veto4]:309.905 [SgUp1]:173016 [SgUp2]:0 [SgUp3]:0 [SgUp4]:0 [SgLow1]:172644 [SgLow2]:0 [SgLow3]:0 [SgLow4]:0 [NetMuon1]:462089 [NetMuon2]:493355 [NetMuon3]:493355 [NetMuon4]:493355
[Run]:24459 [Site]:2 [Bin]:3079 [FullTime]:3590.17 [SkipTime]:0 [Veto1]:519.352 [Veto2]:310.555 [Veto3]:310.555 [Veto4]:310.555 [SgUp1]:172679 [SgUp2]:0 [SgUp3]:0 [SgUp4]:0 [SgLow1]:172319 [SgLow2]:0 [SgLow3]:0 [SgLow4]:0 [NetMuon1]:463282 [NetMuon2]:494558 [NetMuon3]:494558 [NetMuon4]:494558
[Run]:24459 [Site]:2 [Bin]:3080 [FullTime]:3590.17 [SkipTime]:0 [Veto1]:525.168 [Veto2]:310.11 [Veto3]:310.11 [Veto4]:310.11 [SgUp1]:172345 [SgUp2]:0 [SgUp3]:0 [SgUp4]:0 [SgLow1]:171989 [SgLow2]:0 [SgLow3]:0 [SgLow4]:0 [NetMuon1]:461289 [NetMuon2]:493674 [NetMuon3]:493674 [NetMuon4]:493674
[Run]:24459 [Site]:2 [Bin]:3081 [FullTime]:3590.18 [SkipTime]:0 [Veto1]:516.968 [Veto2]:309.952 [Veto3]:309.952 [Veto4]:309.952 [SgUp1]:173547 [SgUp2]:0 [SgUp3]:0 [SgUp4]:0 [SgLow1]:173146 [SgLow2]:0 [SgLow3]:0 [SgLow4]:0 [NetMuon1]:461912 [NetMuon2]:493213 [NetMuon3]:493213 [NetMuon4]:493213
[Run]:24459 [Site]:2 [Bin]:3082 [FullTime]:3590.16 [SkipTime]:0 [Veto1]:510.358 [Veto2]:310.538 [Veto3]:310.538 [Veto4]:310.538 [SgUp1]:172829 [SgUp2]:0 [SgUp3]:0 [SgUp4]:0 [SgLow1]:172470 [SgLow2]:0 [SgLow3]:0 [SgLow4]:0 [NetMuon1]:464419 [NetMuon2]:494376 [NetMuon3]:494376 [NetMuon4]:494376
[Run]:24459 [Site]:2 [Bin]:3083 [FullTime]:3590.17 [SkipTime]:0 [Veto1]:525.476 [Veto2]:310.23 [Veto3]:310.23 [Veto4]:310.23 [SgUp1]:172576 [SgUp2]:0 [SgUp3]:0 [SgUp4]:0 [SgLow1]:172229 [SgLow2]:0 [SgLow3]:0 [SgLow4]:0 [NetMuon1]:461454 [NetMuon2]:494032 [NetMuon3]:494032 [NetMuon4]:494032
[Run]:24459 [Site]:2 [Bin]:3084 [FullTime]:3590.17 [SkipTime]:0 [Veto1]:514.178 [Veto2]:310.824 [Veto3]:310.824 [Veto4]:310.824 [SgUp1]:173498 [SgUp2]:0 [SgUp3]:0 [SgUp4]:0 [SgLow1]:173141 [SgLow2]:0 [SgLow3]:0 [SgLow4]:0 [NetMuon1]:464188 [NetMuon2]:494720 [NetMuon3]:494720 [NetMuon4]:494720
[Run]:24459 [Site]:2 [Bin]:3085 [FullTime]:3590.17 [SkipTime]:0 [Veto1]:519.381 [Veto2]:311.039 [Veto3]:311.039 [Veto4]:311.039 [SgUp1]:173362 [SgUp2]:0 [SgUp3]:0 [SgUp4]:0 [SgLow1]:172971 [SgLow2]:0 [SgLow3]:0 [SgLow4]:0 [NetMuon1]:463978 [NetMuon2]:495177 [NetMuon3]:495177 [NetMuon4]:495177
[Run]:24459 [Site]:2 [Bin]:3086 [FullTime]:3590.17 [SkipTime]:0 [Veto1]:504.114 [Veto2]:310.474 [Veto3]:310.474 [Veto4]:310.474 [SgUp1]:174784 [SgUp2]:0 [SgUp3]:0 [SgUp4]:0 [SgLow1]:174406 [SgLow2]:0 [SgLow3]:0 [SgLow4]:0 [NetMuon1]:464850 [NetMuon2]:494105 [NetMuon3]:494105 [NetMuon4]:494105
[Run]:24459 [Site]:2 [Bin]:3087 [FullTime]:3590.17 [SkipTime]:0 [Veto1]:493.937 [Veto2]:311.194 [Veto3]:311.194 [Veto4]:311.194 [SgUp1]:175176 [SgUp2]:0 [SgUp3]:0 [SgUp4]:0 [SgLow1]:174793 [SgLow2]:0 [SgLow3]:0 [SgLow4]:0 [NetMuon1]:467834 [NetMuon2]:495427 [NetMuon3]:495427 [NetMuon4]:495427
[Run]:24459 [Site]:2 [Bin]:3088 [FullTime]:3590.17 [SkipTime]:0 [Veto1]:510.306 [Veto2]:311.462 [Veto3]:311.462 [Veto4]:311.462 [SgUp1]:175488 [SgUp2]:0 [SgUp3]:0 [SgUp4]:0 [SgLow1]:175106 [SgLow2]:0 [SgLow3]:0 [SgLow4]:0 [NetMuon1]:465307 [NetMuon2]:495679 [NetMuon3]:495679 [NetMuon4]:495679
[Run]:24459 [Site]:2 [Bin]:3089 [FullTime]:3590.17 [SkipTime]:0 [Veto1]:513.022 [Veto2]:311.185 [Veto3]:311.185 [Veto4]:311.185 [SgUp1]:172876 [SgUp2]:0 [SgUp3]:0 [SgUp4]:0 [SgLow1]:172511 [SgLow2]:0 [SgLow3]:0 [SgLow4]:0 [NetMuon1]:465003 [NetMuon2]:495412 [NetMuon3]:495412 [NetMuon4]:495412
[Run]:24459 [Site]:2 [Bin]:3090 [FullTime]:3590.17 [SkipTime]:0 [Veto1]:514.548 [Veto2]:310.963 [Veto3]:310.963 [Veto4]:310.963 [SgUp1]:173076 [SgUp2]:0 [SgUp3]:0 [SgUp4]:0 [SgLow1]:172715 [SgLow2]:0 [SgLow3]:0 [SgLow4]:0 [NetMuon1]:463968 [NetMuon2]:494797 [NetMuon3]:494797 [NetMuon4]:494797
[Run]:24459 [Site]:2 [Bin]:3091 [FullTime]:3590.17 [SkipTime]:0 [Veto1]:524.825 [Veto2]:311.107 [Veto3]:311.107 [Veto4]:311.107 [SgUp1]:173252 [SgUp2]:0 [SgUp3]:0 [SgUp4]:0 [SgLow1]:172861 [SgLow2]:0 [SgLow3]:0 [SgLow4]:0 [NetMuon1]:462911 [NetMuon2]:495127 [NetMuon3]:495127 [NetMuon4]:495127
[Run]:24459 [Site]:2 [Bin]:3092 [FullTime]:3590.17 [SkipTime]:0 [Veto1]:507.54 [Veto2]:311.398 [Veto3]:311.398 [Veto4]:311.398 [SgUp1]:174318 [SgUp2]:0 [SgUp3]:0 [SgUp4]:0 [SgLow1]:173957 [SgLow2]:0 [SgLow3]:0 [SgLow4]:0 [NetMuon1]:466210 [NetMuon2]:495685 [NetMuon3]:495685 [NetMuon4]:495685
[Run]:24459 [Site]:2 [Bin]:3093 [FullTime]:3590.17 [SkipTime]:0 [Veto1]:502.453 [Veto2]:310.528 [Veto3]:310.528 [Veto4]:310.528 [SgUp1]:174324 [SgUp2]:0 [SgUp3]:0 [SgUp4]:0 [SgLow1]:173920 [SgLow2]:0 [SgLow3]:0 [SgLow4]:0 [NetMuon1]:465133 [NetMuon2]:494261 [NetMuon3]:494261 [NetMuon4]:494261
[Run]:24459 [Site]:2 [Bin]:3094 [FullTime]:3590.17 [SkipTime]:0 [Veto1]:511.543 [Veto2]:310.423 [Veto3]:310.423 [Veto4]:310.423 [SgUp1]:174189 [SgUp2]:0 [SgUp3]:0 [SgUp4]:0 [SgLow1]:173793 [SgLow2]:0 [SgLow3]:0 [SgLow4]:0 [NetMuon1]:463869 [NetMuon2]:494243 [NetMuon3]:494243 [NetMuon4]:494243
[Run]:24459 [Site]:2 [Bin]:3095 [FullTime]:3590.17 [SkipTime]:0 [Veto1]:522.905 [Veto2]:310.691 [Veto3]:310.691 [Veto4]:310.691 [SgUp1]:172828 [SgUp2]:0 [SgUp3]:0 [SgUp4]:0 [SgLow1]:172455 [SgLow2]:0 [SgLow3]:0 [SgLow4]:0 [NetMuon1]:462877 [NetMuon2]:494674 [NetMuon3]:494674 [NetMuon4]:494674
[Run]:24459 [Site]:2 [Bin]:3096 [FullTime]:3590.17 [SkipTime]:0 [Veto1]:497.985 [Veto2]:310.141 [Veto3]:310.141 [Veto4]:310.141 [SgUp1]:174452 [SgUp2]:0 [SgUp3]:0 [SgUp4]:0 [SgLow1]:174051 [SgLow2]:0 [SgLow3]:0 [SgLow4]:0 [NetMuon1]:465602 [NetMuon2]:493701 [NetMuon3]:493701 [NetMuon4]:493701
[Run]:24459 [Site]:2 [Bin]:3097 [FullTime]:3590.17 [SkipTime]:0 [Veto1]:494.701 [Veto2]:309.984 [Veto3]:309.984 [Veto4]:309.984 [SgUp1]:175380 [SgUp2]:0 [SgUp3]:0 [SgUp4]:0 [SgLow1]:175014 [SgLow2]:0 [SgLow3]:0 [SgLow4]:0 [NetMuon1]:465783 [NetMuon2]:493421 [NetMuon3]:493421 [NetMuon4]:493421
[Run]:24459 [Site]:2 [Bin]:3098 [FullTime]:3590.17 [SkipTime]:0 [Veto1]:512.058 [Veto2]:310.951 [Veto3]:310.951 [Veto4]:310.951 [SgUp1]:173230 [SgUp2]:0 [SgUp3]:0 [SgUp4]:0 [SgLow1]:172876 [SgLow2]:0 [SgLow3]:0 [SgLow4]:0 [NetMuon1]:464500 [NetMuon2]:495084 [NetMuon3]:495084 [NetMuon4]:495084
[Run]:24459 [Site]:2 [Bin]:3099 [FullTime]:3590.17 [SkipTime]:0 [Veto1]:510.321 [Veto2]:310.206 [Veto3]:310.206 [Veto4]:310.206 [SgUp1]:173853 [SgUp2]:0 [SgUp3]:0 [SgUp4]:0 [SgLow1]:173442 [SgLow2]:0 [SgLow3]:0 [SgLow4]:0 [NetMuon1]:463725 [NetMuon2]:493867 [NetMuon3]:493867 [NetMuon4]:493867
[Run]:24459 [Site]:2 [Bin]:3100 [FullTime]:3590.17 [SkipTime]:0 [Veto1]:519.243 [Veto2]:310.262 [Veto3]:310.262 [Veto4]:310.262 [SgUp1]:173232 [SgUp2]:0 [SgUp3]:0 [SgUp4]:0 [SgLow1]:172854 [SgLow2]:0 [SgLow3]:0 [SgLow4]:0 [NetMuon1]:462791 [NetMuon2]:494033 [NetMuon3]:494033 [NetMuon4]:494033
[Run]:24459 [Site]:2 [Bin]:3101 [FullTime]:3590.18 [SkipTime]:0 [Veto1]:490.559 [Veto2]:310.41 [Veto3]:310.41 [Veto4]:310.41 [SgUp1]:174660 [SgUp2]:0 [SgUp3]:0 [SgUp4]:0 [SgLow1]:174236 [SgLow2]:0 [SgLow3]:0 [SgLow4]:0 [NetMuon1]:467016 [NetMuon2]:494089 [NetMuon3]:494089 [NetMuon4]:494089
[Run]:24459 [Site]:2 [Bin]:3102 [FullTime]:3590.17 [SkipTime]:0 [Veto1]:515.491 [Veto2]:311.644 [Veto3]:311.644 [Veto4]:311.644 [SgUp1]:173008 [SgUp2]:0 [SgUp3]:0 [SgUp4]:0 [SgLow1]:172621 [SgLow2]:0 [SgLow3]:0 [SgLow4]:0 [NetMuon1]:464991 [NetMuon2]:495852 [NetMuon3]:495852 [NetMuon4]:495852
[Run]:24459 [Site]:2 [Bin]:3103 [FullTime]:3590.17 [SkipTime]:0 [Veto1]:498.109 [Veto2]:311.063 [Veto3]:311.063 [Veto4]:311.063 [SgUp1]:174273 [SgUp2]:0 [SgUp3]:0 [SgUp4]:0 [SgLow1]:173875 [SgLow2]:0 [SgLow3]:0 [SgLow4]:0 [NetMuon1]:466810 [NetMuon2]:495016 [NetMuon3]:495016 [NetMuon4]:495016
[Run]:24459 [Site]:2 [Bin]:3104 [FullTime]:3590.17 [SkipTime]:0 [Veto1]:490.145 [Veto2]:311.183 [Veto3]:311.183 [Veto4]:311.183 [SgUp1]:174641 [SgUp2]:0 [SgUp3]:0 [SgUp4]:0 [SgLow1]:174286 [SgLow2]:0 [SgLow3]:0 [SgLow4]:0 [NetMuon1]:468307 [NetMuon2]:495309 [NetMuon3]:495309 [NetMuon4]:495309
[Run]:24459 [Site]:2 [Bin]:3105 [FullTime]:3590.17 [SkipTime]:0 [Veto1]:493.35 [Veto2]:311.36 [Veto3]:311.36 [Veto4]:311.36 [SgUp1]:174374 [SgUp2]:0 [SgUp3]:0 [SgUp4]:0 [SgLow1]:173959 [SgLow2]:0 [SgLow3]:0 [SgLow4]:0 [NetMuon1]:468412 [NetMuon2]:495642 [NetMuon3]:495642 [NetMuon4]:495642
[Run]:24459 [Site]:2 [Bin]:3106 [FullTime]:3590.17 [SkipTime]:0 [Veto1]:478.234 [Veto2]:310.599 [Veto3]:310.599 [Veto4]:310.599 [SgUp1]:175488 [SgUp2]:0 [SgUp3]:0 [SgUp4]:0 [SgLow1]:175112 [SgLow2]:0 [SgLow3]:0 [SgLow4]:0 [NetMuon1]:469235 [NetMuon2]:494303 [NetMuon3]:494303 [NetMuon4]:494303
[Run]:24459 [Site]:2 [Bin]:3107 [FullTime]:3590.17 [SkipTime]:0 [Veto1]:509.41 [Veto2]:311.549 [Veto3]:311.549 [Veto4]:311.549 [SgUp1]:173617 [SgUp2]:0 [SgUp3]:0 [SgUp4]:0 [SgLow1]:173253 [SgLow2]:0 [SgLow3]:0 [SgLow4]:0 [NetMuon1]:466127 [NetMuon2]:495895 [NetMuon3]:495895 [NetMuon4]:495895
End process Run: 24459 ... 
[Run]:24459 [Site]:2 [Bin]:3108 [FullTime]:121.146 [SkipTime]:0 [Veto1]:18.4442 [Veto2]:10.4862 [Veto3]:10.4862 [Veto4]:10.4862
