StreamChain add 0x94407e0
Start to process run: 25812 ... 
[Run]:25812 [Site]:2 [Bin]:4199 [FullTime]:1422.93 [SkipTime]:0 [Veto1]:196.685 [Veto2]:123.445 [Veto3]:123.445 [Veto4]:123.445 [SgUp1]:69161 [SgUp2]:0 [SgUp3]:0 [SgUp4]:0 [SgLow1]:69012 [SgLow2]:0 [SgLow3]:0 [SgLow4]:0 [NetMuon1]:185372 [NetMuon2]:196541 [NetMuon3]:196541 [NetMuon4]:196541
[Run]:25812 [Site]:2 [Bin]:4200 [FullTime]:3590.18 [SkipTime]:0 [Veto1]:505.095 [Veto2]:311.457 [Veto3]:311.457 [Veto4]:311.457 [SgUp1]:172972 [SgUp2]:0 [SgUp3]:0 [SgUp4]:0 [SgLow1]:172559 [SgLow2]:0 [SgLow3]:0 [SgLow4]:0 [NetMuon1]:466457 [NetMuon2]:495717 [NetMuon3]:495717 [NetMuon4]:495717
[Run]:25812 [Site]:2 [Bin]:4201 [FullTime]:3590.16 [SkipTime]:0 [Veto1]:522.769 [Veto2]:311.393 [Veto3]:311.393 [Veto4]:311.393 [SgUp1]:171886 [SgUp2]:0 [SgUp3]:0 [SgUp4]:0 [SgLow1]:171538 [SgLow2]:0 [SgLow3]:0 [SgLow4]:0 [NetMuon1]:463629 [NetMuon2]:495621 [NetMuon3]:495621 [NetMuon4]:495621
[Run]:25812 [Site]:2 [Bin]:4202 [FullTime]:3590.17 [SkipTime]:0 [Veto1]:533.197 [Veto2]:310.859 [Veto3]:310.859 [Veto4]:310.859 [SgUp1]:171519 [SgUp2]:0 [SgUp3]:0 [SgUp4]:0 [SgLow1]:171145 [SgLow2]:0 [SgLow3]:0 [SgLow4]:0 [NetMuon1]:461516 [NetMuon2]:494932 [NetMuon3]:494932 [NetMuon4]:494932
[Run]:25812 [Site]:2 [Bin]:4203 [FullTime]:3590.17 [SkipTime]:0 [Veto1]:491.584 [Veto2]:311.457 [Veto3]:311.457 [Veto4]:311.457 [SgUp1]:173793 [SgUp2]:0 [SgUp3]:0 [SgUp4]:0 [SgLow1]:173456 [SgLow2]:0 [SgLow3]:0 [SgLow4]:0 [NetMuon1]:468772 [NetMuon2]:495943 [NetMuon3]:495943 [NetMuon4]:495943
[Run]:25812 [Site]:2 [Bin]:4204 [FullTime]:3590.18 [SkipTime]:0 [Veto1]:499.136 [Veto2]:312.01 [Veto3]:312.01 [Veto4]:312.01 [SgUp1]:173778 [SgUp2]:0 [SgUp3]:0 [SgUp4]:0 [SgLow1]:173451 [SgLow2]:0 [SgLow3]:0 [SgLow4]:0 [NetMuon1]:468282 [NetMuon2]:496737 [NetMuon3]:496737 [NetMuon4]:496737
[Run]:25812 [Site]:2 [Bin]:4205 [FullTime]:3590.16 [SkipTime]:0 [Veto1]:515.634 [Veto2]:311.894 [Veto3]:311.894 [Veto4]:311.894 [SgUp1]:172673 [SgUp2]:0 [SgUp3]:0 [SgUp4]:0 [SgLow1]:172286 [SgLow2]:0 [SgLow3]:0 [SgLow4]:0 [NetMuon1]:465691 [NetMuon2]:496524 [NetMuon3]:496524 [NetMuon4]:496524
[Run]:25812 [Site]:2 [Bin]:4206 [FullTime]:3590.17 [SkipTime]:0 [Veto1]:498.275 [Veto2]:311.008 [Veto3]:311.008 [Veto4]:311.008 [SgUp1]:174344 [SgUp2]:0 [SgUp3]:0 [SgUp4]:0 [SgLow1]:173963 [SgLow2]:0 [SgLow3]:0 [SgLow4]:0 [NetMuon1]:467020 [NetMuon2]:495013 [NetMuon3]:495013 [NetMuon4]:495013
[Run]:25812 [Site]:2 [Bin]:4207 [FullTime]:3590.17 [SkipTime]:0 [Veto1]:492.369 [Veto2]:311.449 [Veto3]:311.449 [Veto4]:311.449 [SgUp1]:173470 [SgUp2]:0 [SgUp3]:0 [SgUp4]:0 [SgLow1]:173058 [SgLow2]:0 [SgLow3]:0 [SgLow4]:0 [NetMuon1]:468691 [NetMuon2]:495875 [NetMuon3]:495875 [NetMuon4]:495875
[Run]:25812 [Site]:2 [Bin]:4208 [FullTime]:3590.17 [SkipTime]:0 [Veto1]:518.022 [Veto2]:311.869 [Veto3]:311.869 [Veto4]:311.869 [SgUp1]:172463 [SgUp2]:0 [SgUp3]:0 [SgUp4]:0 [SgLow1]:172049 [SgLow2]:0 [SgLow3]:0 [SgLow4]:0 [NetMuon1]:465188 [NetMuon2]:496371 [NetMuon3]:496371 [NetMuon4]:496371
[Run]:25812 [Site]:2 [Bin]:4209 [FullTime]:3590.17 [SkipTime]:0 [Veto1]:509.012 [Veto2]:311.508 [Veto3]:311.508 [Veto4]:311.508 [SgUp1]:173305 [SgUp2]:0 [SgUp3]:0 [SgUp4]:0 [SgLow1]:172958 [SgLow2]:0 [SgLow3]:0 [SgLow4]:0 [NetMuon1]:465954 [NetMuon2]:495793 [NetMuon3]:495793 [NetMuon4]:495793
[Run]:25812 [Site]:2 [Bin]:4210 [FullTime]:3590.17 [SkipTime]:0 [Veto1]:533.425 [Veto2]:311.268 [Veto3]:311.268 [Veto4]:311.268 [SgUp1]:172390 [SgUp2]:0 [SgUp3]:0 [SgUp4]:0 [SgLow1]:172037 [SgLow2]:0 [SgLow3]:0 [SgLow4]:0 [NetMuon1]:462013 [NetMuon2]:495617 [NetMuon3]:495617 [NetMuon4]:495617
[Run]:25812 [Site]:2 [Bin]:4211 [FullTime]:3590.17 [SkipTime]:0 [Veto1]:522.546 [Veto2]:311.092 [Veto3]:311.092 [Veto4]:311.092 [SgUp1]:172675 [SgUp2]:0 [SgUp3]:0 [SgUp4]:0 [SgLow1]:172319 [SgLow2]:0 [SgLow3]:0 [SgLow4]:0 [NetMuon1]:463191 [NetMuon2]:494956 [NetMuon3]:494956 [NetMuon4]:494956
[Run]:25812 [Site]:2 [Bin]:4212 [FullTime]:3590.17 [SkipTime]:0 [Veto1]:501.526 [Veto2]:311.231 [Veto3]:311.231 [Veto4]:311.231 [SgUp1]:173445 [SgUp2]:0 [SgUp3]:0 [SgUp4]:0 [SgLow1]:173094 [SgLow2]:0 [SgLow3]:0 [SgLow4]:0 [NetMuon1]:466809 [NetMuon2]:495500 [NetMuon3]:495500 [NetMuon4]:495500
[Run]:25812 [Site]:2 [Bin]:4213 [FullTime]:3590.17 [SkipTime]:0 [Veto1]:487.992 [Veto2]:311.869 [Veto3]:311.869 [Veto4]:311.869 [SgUp1]:175507 [SgUp2]:0 [SgUp3]:0 [SgUp4]:0 [SgLow1]:175120 [SgLow2]:0 [SgLow3]:0 [SgLow4]:0 [NetMuon1]:469510 [NetMuon2]:496447 [NetMuon3]:496447 [NetMuon4]:496447
[Run]:25812 [Site]:2 [Bin]:4214 [FullTime]:3590.17 [SkipTime]:0 [Veto1]:511.594 [Veto2]:310.816 [Veto3]:310.816 [Veto4]:310.816 [SgUp1]:173642 [SgUp2]:0 [SgUp3]:0 [SgUp4]:0 [SgLow1]:173267 [SgLow2]:0 [SgLow3]:0 [SgLow4]:0 [NetMuon1]:464154 [NetMuon2]:494887 [NetMuon3]:494887 [NetMuon4]:494887
[Run]:25812 [Site]:2 [Bin]:4215 [FullTime]:3590.17 [SkipTime]:0 [Veto1]:509.442 [Veto2]:311.704 [Veto3]:311.704 [Veto4]:311.704 [SgUp1]:172662 [SgUp2]:0 [SgUp3]:0 [SgUp4]:0 [SgLow1]:172303 [SgLow2]:0 [SgLow3]:0 [SgLow4]:0 [NetMuon1]:466316 [NetMuon2]:496260 [NetMuon3]:496260 [NetMuon4]:496260
[Run]:25812 [Site]:2 [Bin]:4216 [FullTime]:3590.17 [SkipTime]:0 [Veto1]:508.07 [Veto2]:311.143 [Veto3]:311.143 [Veto4]:311.143 [SgUp1]:173255 [SgUp2]:0 [SgUp3]:0 [SgUp4]:0 [SgLow1]:172913 [SgLow2]:0 [SgLow3]:0 [SgLow4]:0 [NetMuon1]:465592 [NetMuon2]:495378 [NetMuon3]:495378 [NetMuon4]:495378
[Run]:25812 [Site]:2 [Bin]:4217 [FullTime]:3590.17 [SkipTime]:0 [Veto1]:519.336 [Veto2]:311.203 [Veto3]:311.203 [Veto4]:311.203 [SgUp1]:172625 [SgUp2]:0 [SgUp3]:0 [SgUp4]:0 [SgLow1]:172253 [SgLow2]:0 [SgLow3]:0 [SgLow4]:0 [NetMuon1]:464082 [NetMuon2]:495329 [NetMuon3]:495329 [NetMuon4]:495329
[Run]:25812 [Site]:2 [Bin]:4218 [FullTime]:3590.17 [SkipTime]:0 [Veto1]:487.61 [Veto2]:311.951 [Veto3]:311.951 [Veto4]:311.951 [SgUp1]:174954 [SgUp2]:0 [SgUp3]:0 [SgUp4]:0 [SgLow1]:174608 [SgLow2]:0 [SgLow3]:0 [SgLow4]:0 [NetMuon1]:469759 [NetMuon2]:496473 [NetMuon3]:496473 [NetMuon4]:496473
[Run]:25812 [Site]:2 [Bin]:4219 [FullTime]:3590.17 [SkipTime]:0 [Veto1]:521.974 [Veto2]:311.836 [Veto3]:311.836 [Veto4]:311.836 [SgUp1]:171322 [SgUp2]:0 [SgUp3]:0 [SgUp4]:0 [SgLow1]:170989 [SgLow2]:0 [SgLow3]:0 [SgLow4]:0 [NetMuon1]:464228 [NetMuon2]:496179 [NetMuon3]:496179 [NetMuon4]:496179
[Run]:25812 [Site]:2 [Bin]:4220 [FullTime]:3590.17 [SkipTime]:0 [Veto1]:496.105 [Veto2]:311.999 [Veto3]:311.999 [Veto4]:311.999 [SgUp1]:173600 [SgUp2]:0 [SgUp3]:0 [SgUp4]:0 [SgLow1]:173198 [SgLow2]:0 [SgLow3]:0 [SgLow4]:0 [NetMuon1]:468577 [NetMuon2]:496643 [NetMuon3]:496643 [NetMuon4]:496643
[Run]:25812 [Site]:2 [Bin]:4221 [FullTime]:3590.18 [SkipTime]:0 [Veto1]:516.848 [Veto2]:310.446 [Veto3]:310.446 [Veto4]:310.446 [SgUp1]:172233 [SgUp2]:0 [SgUp3]:0 [SgUp4]:0 [SgLow1]:171858 [SgLow2]:0 [SgLow3]:0 [SgLow4]:0 [NetMuon1]:463358 [NetMuon2]:494269 [NetMuon3]:494269 [NetMuon4]:494269
[Run]:25812 [Site]:2 [Bin]:4222 [FullTime]:3590.16 [SkipTime]:0 [Veto1]:516.415 [Veto2]:311.551 [Veto3]:311.551 [Veto4]:311.551 [SgUp1]:172621 [SgUp2]:0 [SgUp3]:0 [SgUp4]:0 [SgLow1]:172305 [SgLow2]:0 [SgLow3]:0 [SgLow4]:0 [NetMuon1]:464944 [NetMuon2]:495880 [NetMuon3]:495880 [NetMuon4]:495880
[Run]:25812 [Site]:2 [Bin]:4223 [FullTime]:3590.18 [SkipTime]:0 [Veto1]:481.252 [Veto2]:311.326 [Veto3]:311.326 [Veto4]:311.326 [SgUp1]:174534 [SgUp2]:0 [SgUp3]:0 [SgUp4]:0 [SgLow1]:174137 [SgLow2]:0 [SgLow3]:0 [SgLow4]:0 [NetMuon1]:470119 [NetMuon2]:495721 [NetMuon3]:495721 [NetMuon4]:495721
[Run]:25812 [Site]:2 [Bin]:4224 [FullTime]:3590.16 [SkipTime]:0 [Veto1]:521.47 [Veto2]:311.721 [Veto3]:311.721 [Veto4]:311.721 [SgUp1]:171290 [SgUp2]:0 [SgUp3]:0 [SgUp4]:0 [SgLow1]:170941 [SgLow2]:0 [SgLow3]:0 [SgLow4]:0 [NetMuon1]:464306 [NetMuon2]:496333 [NetMuon3]:496333 [NetMuon4]:496333
[Run]:25812 [Site]:2 [Bin]:4225 [FullTime]:3590.17 [SkipTime]:0 [Veto1]:497.437 [Veto2]:310.869 [Veto3]:310.869 [Veto4]:310.869 [SgUp1]:173239 [SgUp2]:0 [SgUp3]:0 [SgUp4]:0 [SgLow1]:172926 [SgLow2]:0 [SgLow3]:0 [SgLow4]:0 [NetMuon1]:466379 [NetMuon2]:494674 [NetMuon3]:494674 [NetMuon4]:494674
[Run]:25812 [Site]:2 [Bin]:4226 [FullTime]:3590.17 [SkipTime]:0 [Veto1]:500.911 [Veto2]:311.59 [Veto3]:311.59 [Veto4]:311.59 [SgUp1]:173103 [SgUp2]:0 [SgUp3]:0 [SgUp4]:0 [SgLow1]:172704 [SgLow2]:0 [SgLow3]:0 [SgLow4]:0 [NetMuon1]:467291 [NetMuon2]:495897 [NetMuon3]:495897 [NetMuon4]:495897
[Run]:25812 [Site]:2 [Bin]:4227 [FullTime]:3590.17 [SkipTime]:0 [Veto1]:518.498 [Veto2]:311.415 [Veto3]:311.415 [Veto4]:311.415 [SgUp1]:172876 [SgUp2]:0 [SgUp3]:0 [SgUp4]:0 [SgLow1]:172526 [SgLow2]:0 [SgLow3]:0 [SgLow4]:0 [NetMuon1]:464293 [NetMuon2]:495525 [NetMuon3]:495525 [NetMuon4]:495525
[Run]:25812 [Site]:2 [Bin]:4228 [FullTime]:3590.17 [SkipTime]:0 [Veto1]:504.215 [Veto2]:311.508 [Veto3]:311.508 [Veto4]:311.508 [SgUp1]:173125 [SgUp2]:0 [SgUp3]:0 [SgUp4]:0 [SgLow1]:172741 [SgLow2]:0 [SgLow3]:0 [SgLow4]:0 [NetMuon1]:466857 [NetMuon2]:495979 [NetMuon3]:495979 [NetMuon4]:495979
[Run]:25812 [Site]:2 [Bin]:4229 [FullTime]:3590.17 [SkipTime]:0 [Veto1]:516.211 [Veto2]:311.658 [Veto3]:311.658 [Veto4]:311.658 [SgUp1]:172727 [SgUp2]:0 [SgUp3]:0 [SgUp4]:0 [SgLow1]:172327 [SgLow2]:0 [SgLow3]:0 [SgLow4]:0 [NetMuon1]:465392 [NetMuon2]:496197 [NetMuon3]:496197 [NetMuon4]:496197
[Run]:25812 [Site]:2 [Bin]:4230 [FullTime]:3590.17 [SkipTime]:0 [Veto1]:496.754 [Veto2]:311.771 [Veto3]:311.771 [Veto4]:311.771 [SgUp1]:173956 [SgUp2]:0 [SgUp3]:0 [SgUp4]:0 [SgLow1]:173588 [SgLow2]:0 [SgLow3]:0 [SgLow4]:0 [NetMuon1]:468126 [NetMuon2]:496407 [NetMuon3]:496407 [NetMuon4]:496407
[Run]:25812 [Site]:2 [Bin]:4231 [FullTime]:3590.17 [SkipTime]:0 [Veto1]:494.85 [Veto2]:311.411 [Veto3]:311.411 [Veto4]:311.411 [SgUp1]:174011 [SgUp2]:0 [SgUp3]:0 [SgUp4]:0 [SgLow1]:173646 [SgLow2]:0 [SgLow3]:0 [SgLow4]:0 [NetMuon1]:468148 [NetMuon2]:495674 [NetMuon3]:495674 [NetMuon4]:495674
[Run]:25812 [Site]:2 [Bin]:4232 [FullTime]:3590.18 [SkipTime]:0 [Veto1]:498.977 [Veto2]:310.61 [Veto3]:310.61 [Veto4]:310.61 [SgUp1]:173950 [SgUp2]:0 [SgUp3]:0 [SgUp4]:0 [SgLow1]:173565 [SgLow2]:0 [SgLow3]:0 [SgLow4]:0 [NetMuon1]:466182 [NetMuon2]:494576 [NetMuon3]:494576 [NetMuon4]:494576
[Run]:25812 [Site]:2 [Bin]:4233 [FullTime]:3590.17 [SkipTime]:0 [Veto1]:517.022 [Veto2]:311.61 [Veto3]:311.61 [Veto4]:311.61 [SgUp1]:172495 [SgUp2]:0 [SgUp3]:0 [SgUp4]:0 [SgLow1]:172104 [SgLow2]:0 [SgLow3]:0 [SgLow4]:0 [NetMuon1]:465217 [NetMuon2]:496238 [NetMuon3]:496238 [NetMuon4]:496238
[Run]:25812 [Site]:2 [Bin]:4234 [FullTime]:3590.17 [SkipTime]:0 [Veto1]:512.656 [Veto2]:311.332 [Veto3]:311.332 [Veto4]:311.332 [SgUp1]:173428 [SgUp2]:0 [SgUp3]:0 [SgUp4]:0 [SgLow1]:173075 [SgLow2]:0 [SgLow3]:0 [SgLow4]:0 [NetMuon1]:465052 [NetMuon2]:495586 [NetMuon3]:495586 [NetMuon4]:495586
[Run]:25812 [Site]:2 [Bin]:4235 [FullTime]:3590.17 [SkipTime]:0 [Veto1]:529.045 [Veto2]:311.442 [Veto3]:311.442 [Veto4]:311.442 [SgUp1]:171307 [SgUp2]:0 [SgUp3]:0 [SgUp4]:0 [SgLow1]:170939 [SgLow2]:0 [SgLow3]:0 [SgLow4]:0 [NetMuon1]:462693 [NetMuon2]:495550 [NetMuon3]:495550 [NetMuon4]:495550
[Run]:25812 [Site]:2 [Bin]:4236 [FullTime]:3590.17 [SkipTime]:0 [Veto1]:493.831 [Veto2]:312.312 [Veto3]:312.312 [Veto4]:312.312 [SgUp1]:173766 [SgUp2]:0 [SgUp3]:0 [SgUp4]:0 [SgLow1]:173389 [SgLow2]:0 [SgLow3]:0 [SgLow4]:0 [NetMuon1]:469802 [NetMuon2]:497148 [NetMuon3]:497148 [NetMuon4]:497148
[Run]:25812 [Site]:2 [Bin]:4237 [FullTime]:3590.17 [SkipTime]:0 [Veto1]:497.527 [Veto2]:310.85 [Veto3]:310.85 [Veto4]:310.85 [SgUp1]:172838 [SgUp2]:0 [SgUp3]:0 [SgUp4]:0 [SgLow1]:172416 [SgLow2]:0 [SgLow3]:0 [SgLow4]:0 [NetMuon1]:466912 [NetMuon2]:494940 [NetMuon3]:494940 [NetMuon4]:494940
[Run]:25812 [Site]:2 [Bin]:4238 [FullTime]:3590.17 [SkipTime]:0 [Veto1]:530.497 [Veto2]:312.065 [Veto3]:312.065 [Veto4]:312.065 [SgUp1]:171988 [SgUp2]:0 [SgUp3]:0 [SgUp4]:0 [SgLow1]:171617 [SgLow2]:0 [SgLow3]:0 [SgLow4]:0 [NetMuon1]:463528 [NetMuon2]:496517 [NetMuon3]:496517 [NetMuon4]:496517
[Run]:25812 [Site]:2 [Bin]:4239 [FullTime]:3590.17 [SkipTime]:0 [Veto1]:488.313 [Veto2]:311.665 [Veto3]:311.665 [Veto4]:311.665 [SgUp1]:174002 [SgUp2]:0 [SgUp3]:0 [SgUp4]:0 [SgLow1]:173672 [SgLow2]:0 [SgLow3]:0 [SgLow4]:0 [NetMuon1]:469350 [NetMuon2]:495992 [NetMuon3]:495992 [NetMuon4]:495992
[Run]:25812 [Site]:2 [Bin]:4240 [FullTime]:3590.17 [SkipTime]:0 [Veto1]:505.353 [Veto2]:311.011 [Veto3]:311.011 [Veto4]:311.011 [SgUp1]:172741 [SgUp2]:0 [SgUp3]:0 [SgUp4]:0 [SgLow1]:172358 [SgLow2]:0 [SgLow3]:0 [SgLow4]:0 [NetMuon1]:465923 [NetMuon2]:495174 [NetMuon3]:495174 [NetMuon4]:495174
[Run]:25812 [Site]:2 [Bin]:4241 [FullTime]:3590.17 [SkipTime]:0 [Veto1]:513.914 [Veto2]:312.101 [Veto3]:312.101 [Veto4]:312.101 [SgUp1]:172120 [SgUp2]:0 [SgUp3]:0 [SgUp4]:0 [SgLow1]:171755 [SgLow2]:0 [SgLow3]:0 [SgLow4]:0 [NetMuon1]:466191 [NetMuon2]:496846 [NetMuon3]:496846 [NetMuon4]:496846
[Run]:25812 [Site]:2 [Bin]:4242 [FullTime]:3590.17 [SkipTime]:0 [Veto1]:514.687 [Veto2]:311.801 [Veto3]:311.801 [Veto4]:311.801 [SgUp1]:171900 [SgUp2]:0 [SgUp3]:0 [SgUp4]:0 [SgLow1]:171520 [SgLow2]:0 [SgLow3]:0 [SgLow4]:0 [NetMuon1]:465575 [NetMuon2]:496380 [NetMuon3]:496380 [NetMuon4]:496380
[Run]:25812 [Site]:2 [Bin]:4243 [FullTime]:3590.17 [SkipTime]:0 [Veto1]:513.38 [Veto2]:311.369 [Veto3]:311.369 [Veto4]:311.369 [SgUp1]:173419 [SgUp2]:0 [SgUp3]:0 [SgUp4]:0 [SgLow1]:173108 [SgLow2]:0 [SgLow3]:0 [SgLow4]:0 [NetMuon1]:465409 [NetMuon2]:495766 [NetMuon3]:495766 [NetMuon4]:495766
[Run]:25812 [Site]:2 [Bin]:4244 [FullTime]:3590.17 [SkipTime]:0 [Veto1]:514.592 [Veto2]:310.621 [Veto3]:310.621 [Veto4]:310.621 [SgUp1]:172423 [SgUp2]:0 [SgUp3]:0 [SgUp4]:0 [SgLow1]:172081 [SgLow2]:0 [SgLow3]:0 [SgLow4]:0 [NetMuon1]:463954 [NetMuon2]:494622 [NetMuon3]:494622 [NetMuon4]:494622
[Run]:25812 [Site]:2 [Bin]:4245 [FullTime]:3590.17 [SkipTime]:0 [Veto1]:507 [Veto2]:311.458 [Veto3]:311.458 [Veto4]:311.458 [SgUp1]:172517 [SgUp2]:0 [SgUp3]:0 [SgUp4]:0 [SgLow1]:172137 [SgLow2]:0 [SgLow3]:0 [SgLow4]:0 [NetMuon1]:466433 [NetMuon2]:496023 [NetMuon3]:496023 [NetMuon4]:496023
[Run]:25812 [Site]:2 [Bin]:4246 [FullTime]:3590.17 [SkipTime]:0 [Veto1]:505.306 [Veto2]:310.32 [Veto3]:310.32 [Veto4]:310.32 [SgUp1]:173291 [SgUp2]:0 [SgUp3]:0 [SgUp4]:0 [SgLow1]:172965 [SgLow2]:0 [SgLow3]:0 [SgLow4]:0 [NetMuon1]:464664 [NetMuon2]:494172 [NetMuon3]:494172 [NetMuon4]:494172
[Run]:25812 [Site]:2 [Bin]:4247 [FullTime]:3590.17 [SkipTime]:0 [Veto1]:527.491 [Veto2]:311.563 [Veto3]:311.563 [Veto4]:311.563 [SgUp1]:171311 [SgUp2]:0 [SgUp3]:0 [SgUp4]:0 [SgLow1]:170926 [SgLow2]:0 [SgLow3]:0 [SgLow4]:0 [NetMuon1]:463190 [NetMuon2]:495925 [NetMuon3]:495925 [NetMuon4]:495925
[Run]:25812 [Site]:2 [Bin]:4248 [FullTime]:3590.17 [SkipTime]:0 [Veto1]:502.667 [Veto2]:311.132 [Veto3]:311.132 [Veto4]:311.132 [SgUp1]:173416 [SgUp2]:0 [SgUp3]:0 [SgUp4]:0 [SgLow1]:173024 [SgLow2]:0 [SgLow3]:0 [SgLow4]:0 [NetMuon1]:466264 [NetMuon2]:495264 [NetMuon3]:495264 [NetMuon4]:495264
[Run]:25812 [Site]:2 [Bin]:4249 [FullTime]:3590.18 [SkipTime]:0 [Veto1]:501.383 [Veto2]:311.453 [Veto3]:311.453 [Veto4]:311.453 [SgUp1]:173499 [SgUp2]:0 [SgUp3]:0 [SgUp4]:0 [SgLow1]:173107 [SgLow2]:0 [SgLow3]:0 [SgLow4]:0 [NetMuon1]:467228 [NetMuon2]:495723 [NetMuon3]:495723 [NetMuon4]:495723
[Run]:25812 [Site]:2 [Bin]:4250 [FullTime]:3590.16 [SkipTime]:0 [Veto1]:510.184 [Veto2]:311.573 [Veto3]:311.573 [Veto4]:311.573 [SgUp1]:173124 [SgUp2]:0 [SgUp3]:0 [SgUp4]:0 [SgLow1]:172810 [SgLow2]:0 [SgLow3]:0 [SgLow4]:0 [NetMuon1]:466279 [NetMuon2]:496083 [NetMuon3]:496083 [NetMuon4]:496083
[Run]:25812 [Site]:2 [Bin]:4251 [FullTime]:3590.17 [SkipTime]:0 [Veto1]:514.8 [Veto2]:310.975 [Veto3]:310.975 [Veto4]:310.975 [SgUp1]:172573 [SgUp2]:0 [SgUp3]:0 [SgUp4]:0 [SgLow1]:172222 [SgLow2]:0 [SgLow3]:0 [SgLow4]:0 [NetMuon1]:463917 [NetMuon2]:494717 [NetMuon3]:494717 [NetMuon4]:494717
[Run]:25812 [Site]:2 [Bin]:4252 [FullTime]:3590.17 [SkipTime]:0 [Veto1]:511.971 [Veto2]:311.176 [Veto3]:311.176 [Veto4]:311.176 [SgUp1]:172935 [SgUp2]:0 [SgUp3]:0 [SgUp4]:0 [SgLow1]:172597 [SgLow2]:0 [SgLow3]:0 [SgLow4]:0 [NetMuon1]:465228 [NetMuon2]:495350 [NetMuon3]:495350 [NetMuon4]:495350
[Run]:25812 [Site]:2 [Bin]:4253 [FullTime]:3590.17 [SkipTime]:0 [Veto1]:518.641 [Veto2]:311.279 [Veto3]:311.279 [Veto4]:311.279 [SgUp1]:173521 [SgUp2]:0 [SgUp3]:0 [SgUp4]:0 [SgLow1]:173185 [SgLow2]:0 [SgLow3]:0 [SgLow4]:0 [NetMuon1]:464374 [NetMuon2]:495490 [NetMuon3]:495490 [NetMuon4]:495490
[Run]:25812 [Site]:2 [Bin]:4254 [FullTime]:3590.17 [SkipTime]:0 [Veto1]:505.255 [Veto2]:311.152 [Veto3]:311.152 [Veto4]:311.152 [SgUp1]:173134 [SgUp2]:0 [SgUp3]:0 [SgUp4]:0 [SgLow1]:172782 [SgLow2]:0 [SgLow3]:0 [SgLow4]:0 [NetMuon1]:466266 [NetMuon2]:495536 [NetMuon3]:495536 [NetMuon4]:495536
[Run]:25812 [Site]:2 [Bin]:4255 [FullTime]:3590.17 [SkipTime]:0 [Veto1]:513.189 [Veto2]:311.081 [Veto3]:311.081 [Veto4]:311.081 [SgUp1]:173347 [SgUp2]:0 [SgUp3]:0 [SgUp4]:0 [SgLow1]:173002 [SgLow2]:0 [SgLow3]:0 [SgLow4]:0 [NetMuon1]:464551 [NetMuon2]:495164 [NetMuon3]:495164 [NetMuon4]:495164
[Run]:25812 [Site]:2 [Bin]:4256 [FullTime]:3590.17 [SkipTime]:0 [Veto1]:500.376 [Veto2]:311.745 [Veto3]:311.745 [Veto4]:311.745 [SgUp1]:173685 [SgUp2]:0 [SgUp3]:0 [SgUp4]:0 [SgLow1]:173282 [SgLow2]:0 [SgLow3]:0 [SgLow4]:0 [NetMuon1]:467457 [NetMuon2]:496095 [NetMuon3]:496095 [NetMuon4]:496095
[Run]:25812 [Site]:2 [Bin]:4257 [FullTime]:3590.18 [SkipTime]:0 [Veto1]:523.056 [Veto2]:312.055 [Veto3]:312.055 [Veto4]:312.055 [SgUp1]:172778 [SgUp2]:0 [SgUp3]:0 [SgUp4]:0 [SgLow1]:172399 [SgLow2]:0 [SgLow3]:0 [SgLow4]:0 [NetMuon1]:464409 [NetMuon2]:496625 [NetMuon3]:496625 [NetMuon4]:496625
[Run]:25812 [Site]:2 [Bin]:4258 [FullTime]:3590.16 [SkipTime]:0 [Veto1]:512.426 [Veto2]:311.337 [Veto3]:311.337 [Veto4]:311.337 [SgUp1]:173079 [SgUp2]:0 [SgUp3]:0 [SgUp4]:0 [SgLow1]:172743 [SgLow2]:0 [SgLow3]:0 [SgLow4]:0 [NetMuon1]:465640 [NetMuon2]:495789 [NetMuon3]:495789 [NetMuon4]:495789
[Run]:25812 [Site]:2 [Bin]:4259 [FullTime]:3590.17 [SkipTime]:0 [Veto1]:504.758 [Veto2]:311.514 [Veto3]:311.514 [Veto4]:311.514 [SgUp1]:173909 [SgUp2]:0 [SgUp3]:0 [SgUp4]:0 [SgLow1]:173520 [SgLow2]:0 [SgLow3]:0 [SgLow4]:0 [NetMuon1]:466483 [NetMuon2]:495892 [NetMuon3]:495892 [NetMuon4]:495892
[Run]:25812 [Site]:2 [Bin]:4260 [FullTime]:3590.17 [SkipTime]:0 [Veto1]:516.123 [Veto2]:311.762 [Veto3]:311.762 [Veto4]:311.762 [SgUp1]:173312 [SgUp2]:0 [SgUp3]:0 [SgUp4]:0 [SgLow1]:172986 [SgLow2]:0 [SgLow3]:0 [SgLow4]:0 [NetMuon1]:464812 [NetMuon2]:496161 [NetMuon3]:496161 [NetMuon4]:496161
[Run]:25812 [Site]:2 [Bin]:4261 [FullTime]:3590.17 [SkipTime]:0 [Veto1]:512.018 [Veto2]:311.564 [Veto3]:311.564 [Veto4]:311.564 [SgUp1]:173377 [SgUp2]:0 [SgUp3]:0 [SgUp4]:0 [SgLow1]:173016 [SgLow2]:0 [SgLow3]:0 [SgLow4]:0 [NetMuon1]:465672 [NetMuon2]:495921 [NetMuon3]:495921 [NetMuon4]:495921
End process Run: 25812 ... 
[Run]:25812 [Site]:2 [Bin]:4262 [FullTime]:65.0373 [SkipTime]:0 [Veto1]:8.70744 [Veto2]:5.61706 [Veto3]:5.61706 [Veto4]:5.61706
