StreamChain add 0x4fd97e0
Start to process run: 26487 ... 
[Run]:26487 [Site]:2 [Bin]:5038 [FullTime]:1181.56 [SkipTime]:0 [Veto1]:167.666 [Veto2]:102.41 [Veto3]:102.41 [Veto4]:102.41 [SgUp1]:56916 [SgUp2]:0 [SgUp3]:0 [SgUp4]:0 [SgLow1]:56809 [SgLow2]:0 [SgLow3]:0 [SgLow4]:0 [NetMuon1]:153120 [NetMuon2]:163101 [NetMuon3]:163101 [NetMuon4]:163101
[Run]:26487 [Site]:2 [Bin]:5039 [FullTime]:3590.17 [SkipTime]:0 [Veto1]:511.61 [Veto2]:311.223 [Veto3]:311.223 [Veto4]:311.223 [SgUp1]:172575 [SgUp2]:0 [SgUp3]:0 [SgUp4]:0 [SgLow1]:172220 [SgLow2]:0 [SgLow3]:0 [SgLow4]:0 [NetMuon1]:465121 [NetMuon2]:495534 [NetMuon3]:495534 [NetMuon4]:495534
[Run]:26487 [Site]:2 [Bin]:5040 [FullTime]:3590.17 [SkipTime]:0 [Veto1]:522.151 [Veto2]:311.362 [Veto3]:311.362 [Veto4]:311.362 [SgUp1]:171751 [SgUp2]:0 [SgUp3]:0 [SgUp4]:0 [SgLow1]:171419 [SgLow2]:0 [SgLow3]:0 [SgLow4]:0 [NetMuon1]:464333 [NetMuon2]:495820 [NetMuon3]:495820 [NetMuon4]:495820
[Run]:26487 [Site]:2 [Bin]:5041 [FullTime]:3590.17 [SkipTime]:0 [Veto1]:499.349 [Veto2]:311.535 [Veto3]:311.535 [Veto4]:311.535 [SgUp1]:173731 [SgUp2]:0 [SgUp3]:0 [SgUp4]:0 [SgLow1]:173347 [SgLow2]:0 [SgLow3]:0 [SgLow4]:0 [NetMuon1]:467385 [NetMuon2]:495752 [NetMuon3]:495752 [NetMuon4]:495752
[Run]:26487 [Site]:2 [Bin]:5042 [FullTime]:3590.17 [SkipTime]:0 [Veto1]:503.069 [Veto2]:311.712 [Veto3]:311.712 [Veto4]:311.712 [SgUp1]:173583 [SgUp2]:0 [SgUp3]:0 [SgUp4]:0 [SgLow1]:173215 [SgLow2]:0 [SgLow3]:0 [SgLow4]:0 [NetMuon1]:466751 [NetMuon2]:495966 [NetMuon3]:495966 [NetMuon4]:495966
[Run]:26487 [Site]:2 [Bin]:5043 [FullTime]:3590.17 [SkipTime]:0 [Veto1]:525.171 [Veto2]:311.411 [Veto3]:311.411 [Veto4]:311.411 [SgUp1]:171404 [SgUp2]:0 [SgUp3]:0 [SgUp4]:0 [SgLow1]:170997 [SgLow2]:0 [SgLow3]:0 [SgLow4]:0 [NetMuon1]:463311 [NetMuon2]:495449 [NetMuon3]:495449 [NetMuon4]:495449
[Run]:26487 [Site]:2 [Bin]:5044 [FullTime]:3590.17 [SkipTime]:0 [Veto1]:503.88 [Veto2]:311.979 [Veto3]:311.979 [Veto4]:311.979 [SgUp1]:172943 [SgUp2]:0 [SgUp3]:0 [SgUp4]:0 [SgLow1]:172561 [SgLow2]:0 [SgLow3]:0 [SgLow4]:0 [NetMuon1]:467310 [NetMuon2]:496440 [NetMuon3]:496440 [NetMuon4]:496440
[Run]:26487 [Site]:2 [Bin]:5045 [FullTime]:3590.17 [SkipTime]:0 [Veto1]:499.657 [Veto2]:312.393 [Veto3]:312.393 [Veto4]:312.393 [SgUp1]:173626 [SgUp2]:0 [SgUp3]:0 [SgUp4]:0 [SgLow1]:173266 [SgLow2]:0 [SgLow3]:0 [SgLow4]:0 [NetMuon1]:468785 [NetMuon2]:497103 [NetMuon3]:497103 [NetMuon4]:497103
[Run]:26487 [Site]:2 [Bin]:5046 [FullTime]:3590.17 [SkipTime]:0 [Veto1]:498.994 [Veto2]:311.635 [Veto3]:311.635 [Veto4]:311.635 [SgUp1]:173907 [SgUp2]:0 [SgUp3]:0 [SgUp4]:0 [SgLow1]:173486 [SgLow2]:0 [SgLow3]:0 [SgLow4]:0 [NetMuon1]:467853 [NetMuon2]:496043 [NetMuon3]:496043 [NetMuon4]:496043
[Run]:26487 [Site]:2 [Bin]:5047 [FullTime]:3590.18 [SkipTime]:0 [Veto1]:502.564 [Veto2]:311.687 [Veto3]:311.687 [Veto4]:311.687 [SgUp1]:173566 [SgUp2]:0 [SgUp3]:0 [SgUp4]:0 [SgLow1]:173201 [SgLow2]:0 [SgLow3]:0 [SgLow4]:0 [NetMuon1]:467116 [NetMuon2]:496126 [NetMuon3]:496126 [NetMuon4]:496126
[Run]:26487 [Site]:2 [Bin]:5048 [FullTime]:3590.16 [SkipTime]:0 [Veto1]:534.822 [Veto2]:311.363 [Veto3]:311.363 [Veto4]:311.363 [SgUp1]:171088 [SgUp2]:0 [SgUp3]:0 [SgUp4]:0 [SgLow1]:170711 [SgLow2]:0 [SgLow3]:0 [SgLow4]:0 [NetMuon1]:461965 [NetMuon2]:495600 [NetMuon3]:495600 [NetMuon4]:495600
[Run]:26487 [Site]:2 [Bin]:5049 [FullTime]:3590.17 [SkipTime]:0 [Veto1]:503.087 [Veto2]:311.28 [Veto3]:311.28 [Veto4]:311.28 [SgUp1]:173237 [SgUp2]:0 [SgUp3]:0 [SgUp4]:0 [SgLow1]:172822 [SgLow2]:0 [SgLow3]:0 [SgLow4]:0 [NetMuon1]:466737 [NetMuon2]:495626 [NetMuon3]:495626 [NetMuon4]:495626
[Run]:26487 [Site]:2 [Bin]:5050 [FullTime]:3590.17 [SkipTime]:0 [Veto1]:503.601 [Veto2]:311.805 [Veto3]:311.805 [Veto4]:311.805 [SgUp1]:173357 [SgUp2]:0 [SgUp3]:0 [SgUp4]:0 [SgLow1]:173031 [SgLow2]:0 [SgLow3]:0 [SgLow4]:0 [NetMuon1]:466973 [NetMuon2]:496239 [NetMuon3]:496239 [NetMuon4]:496239
[Run]:26487 [Site]:2 [Bin]:5051 [FullTime]:3590.17 [SkipTime]:0 [Veto1]:512.431 [Veto2]:311.801 [Veto3]:311.801 [Veto4]:311.801 [SgUp1]:173017 [SgUp2]:0 [SgUp3]:0 [SgUp4]:0 [SgLow1]:172615 [SgLow2]:0 [SgLow3]:0 [SgLow4]:0 [NetMuon1]:466072 [NetMuon2]:496184 [NetMuon3]:496184 [NetMuon4]:496184
[Run]:26487 [Site]:2 [Bin]:5052 [FullTime]:3590.17 [SkipTime]:0 [Veto1]:509.035 [Veto2]:311.904 [Veto3]:311.904 [Veto4]:311.904 [SgUp1]:172732 [SgUp2]:0 [SgUp3]:0 [SgUp4]:0 [SgLow1]:172319 [SgLow2]:0 [SgLow3]:0 [SgLow4]:0 [NetMuon1]:466713 [NetMuon2]:496450 [NetMuon3]:496450 [NetMuon4]:496450
[Run]:26487 [Site]:2 [Bin]:5053 [FullTime]:3590.17 [SkipTime]:0 [Veto1]:519.351 [Veto2]:311.929 [Veto3]:311.929 [Veto4]:311.929 [SgUp1]:171921 [SgUp2]:0 [SgUp3]:0 [SgUp4]:0 [SgLow1]:171491 [SgLow2]:0 [SgLow3]:0 [SgLow4]:0 [NetMuon1]:464835 [NetMuon2]:496362 [NetMuon3]:496362 [NetMuon4]:496362
[Run]:26487 [Site]:2 [Bin]:5054 [FullTime]:3590.17 [SkipTime]:0 [Veto1]:511.433 [Veto2]:311.191 [Veto3]:311.191 [Veto4]:311.191 [SgUp1]:172733 [SgUp2]:0 [SgUp3]:0 [SgUp4]:0 [SgLow1]:172344 [SgLow2]:0 [SgLow3]:0 [SgLow4]:0 [NetMuon1]:465206 [NetMuon2]:495454 [NetMuon3]:495454 [NetMuon4]:495454
[Run]:26487 [Site]:2 [Bin]:5055 [FullTime]:3590.17 [SkipTime]:0 [Veto1]:521.274 [Veto2]:310.895 [Veto3]:310.895 [Veto4]:310.895 [SgUp1]:171740 [SgUp2]:0 [SgUp3]:0 [SgUp4]:0 [SgLow1]:171370 [SgLow2]:0 [SgLow3]:0 [SgLow4]:0 [NetMuon1]:463310 [NetMuon2]:494929 [NetMuon3]:494929 [NetMuon4]:494929
[Run]:26487 [Site]:2 [Bin]:5056 [FullTime]:3590.18 [SkipTime]:0 [Veto1]:517.984 [Veto2]:311.536 [Veto3]:311.536 [Veto4]:311.536 [SgUp1]:171809 [SgUp2]:0 [SgUp3]:0 [SgUp4]:0 [SgLow1]:171486 [SgLow2]:0 [SgLow3]:0 [SgLow4]:0 [NetMuon1]:464391 [NetMuon2]:495776 [NetMuon3]:495776 [NetMuon4]:495776
[Run]:26487 [Site]:2 [Bin]:5057 [FullTime]:3590.16 [SkipTime]:0 [Veto1]:513.878 [Veto2]:310.696 [Veto3]:310.696 [Veto4]:310.696 [SgUp1]:171811 [SgUp2]:0 [SgUp3]:0 [SgUp4]:0 [SgLow1]:171485 [SgLow2]:0 [SgLow3]:0 [SgLow4]:0 [NetMuon1]:463722 [NetMuon2]:494563 [NetMuon3]:494563 [NetMuon4]:494563
[Run]:26487 [Site]:2 [Bin]:5058 [FullTime]:3590.17 [SkipTime]:0 [Veto1]:516.999 [Veto2]:311.259 [Veto3]:311.259 [Veto4]:311.259 [SgUp1]:172306 [SgUp2]:0 [SgUp3]:0 [SgUp4]:0 [SgLow1]:171914 [SgLow2]:0 [SgLow3]:0 [SgLow4]:0 [NetMuon1]:464392 [NetMuon2]:495394 [NetMuon3]:495394 [NetMuon4]:495394
[Run]:26487 [Site]:2 [Bin]:5059 [FullTime]:3590.18 [SkipTime]:0 [Veto1]:511.171 [Veto2]:312.449 [Veto3]:312.449 [Veto4]:312.449 [SgUp1]:171542 [SgUp2]:0 [SgUp3]:0 [SgUp4]:0 [SgLow1]:171218 [SgLow2]:0 [SgLow3]:0 [SgLow4]:0 [NetMuon1]:466977 [NetMuon2]:497190 [NetMuon3]:497190 [NetMuon4]:497190
[Run]:26487 [Site]:2 [Bin]:5060 [FullTime]:3590.16 [SkipTime]:0 [Veto1]:493.743 [Veto2]:312.072 [Veto3]:312.072 [Veto4]:312.072 [SgUp1]:173777 [SgUp2]:0 [SgUp3]:0 [SgUp4]:0 [SgLow1]:173408 [SgLow2]:0 [SgLow3]:0 [SgLow4]:0 [NetMuon1]:469156 [NetMuon2]:496460 [NetMuon3]:496460 [NetMuon4]:496460
[Run]:26487 [Site]:2 [Bin]:5061 [FullTime]:3590.17 [SkipTime]:0 [Veto1]:512.867 [Veto2]:312.433 [Veto3]:312.433 [Veto4]:312.433 [SgUp1]:172522 [SgUp2]:0 [SgUp3]:0 [SgUp4]:0 [SgLow1]:172189 [SgLow2]:0 [SgLow3]:0 [SgLow4]:0 [NetMuon1]:466580 [NetMuon2]:497112 [NetMuon3]:497112 [NetMuon4]:497112
[Run]:26487 [Site]:2 [Bin]:5062 [FullTime]:3590.17 [SkipTime]:0 [Veto1]:498.895 [Veto2]:311.887 [Veto3]:311.887 [Veto4]:311.887 [SgUp1]:172180 [SgUp2]:0 [SgUp3]:0 [SgUp4]:0 [SgLow1]:171827 [SgLow2]:0 [SgLow3]:0 [SgLow4]:0 [NetMuon1]:468100 [NetMuon2]:496182 [NetMuon3]:496182 [NetMuon4]:496182
[Run]:26487 [Site]:2 [Bin]:5063 [FullTime]:3590.18 [SkipTime]:0 [Veto1]:519.68 [Veto2]:311.265 [Veto3]:311.265 [Veto4]:311.265 [SgUp1]:171713 [SgUp2]:0 [SgUp3]:0 [SgUp4]:0 [SgLow1]:171344 [SgLow2]:0 [SgLow3]:0 [SgLow4]:0 [NetMuon1]:464094 [NetMuon2]:495271 [NetMuon3]:495271 [NetMuon4]:495271
[Run]:26487 [Site]:2 [Bin]:5064 [FullTime]:3590.17 [SkipTime]:0 [Veto1]:520.306 [Veto2]:311.261 [Veto3]:311.261 [Veto4]:311.261 [SgUp1]:171528 [SgUp2]:0 [SgUp3]:0 [SgUp4]:0 [SgLow1]:171170 [SgLow2]:0 [SgLow3]:0 [SgLow4]:0 [NetMuon1]:463565 [NetMuon2]:495440 [NetMuon3]:495440 [NetMuon4]:495440
[Run]:26487 [Site]:2 [Bin]:5065 [FullTime]:3590.17 [SkipTime]:0 [Veto1]:513.626 [Veto2]:311.433 [Veto3]:311.433 [Veto4]:311.433 [SgUp1]:171846 [SgUp2]:0 [SgUp3]:0 [SgUp4]:0 [SgLow1]:171503 [SgLow2]:0 [SgLow3]:0 [SgLow4]:0 [NetMuon1]:464844 [NetMuon2]:495488 [NetMuon3]:495488 [NetMuon4]:495488
[Run]:26487 [Site]:2 [Bin]:5066 [FullTime]:3590.17 [SkipTime]:0 [Veto1]:505.227 [Veto2]:311.637 [Veto3]:311.637 [Veto4]:311.637 [SgUp1]:172416 [SgUp2]:0 [SgUp3]:0 [SgUp4]:0 [SgLow1]:172055 [SgLow2]:0 [SgLow3]:0 [SgLow4]:0 [NetMuon1]:466800 [NetMuon2]:496223 [NetMuon3]:496223 [NetMuon4]:496223
[Run]:26487 [Site]:2 [Bin]:5067 [FullTime]:3590.17 [SkipTime]:0 [Veto1]:516.828 [Veto2]:312.607 [Veto3]:312.607 [Veto4]:312.607 [SgUp1]:172007 [SgUp2]:0 [SgUp3]:0 [SgUp4]:0 [SgLow1]:171621 [SgLow2]:0 [SgLow3]:0 [SgLow4]:0 [NetMuon1]:466646 [NetMuon2]:497602 [NetMuon3]:497602 [NetMuon4]:497602
[Run]:26487 [Site]:2 [Bin]:5068 [FullTime]:3590.17 [SkipTime]:0 [Veto1]:521.629 [Veto2]:311.896 [Veto3]:311.896 [Veto4]:311.896 [SgUp1]:172198 [SgUp2]:0 [SgUp3]:0 [SgUp4]:0 [SgLow1]:171796 [SgLow2]:0 [SgLow3]:0 [SgLow4]:0 [NetMuon1]:464543 [NetMuon2]:496429 [NetMuon3]:496429 [NetMuon4]:496429
[Run]:26487 [Site]:2 [Bin]:5069 [FullTime]:3590.17 [SkipTime]:0 [Veto1]:491.598 [Veto2]:311.439 [Veto3]:311.439 [Veto4]:311.439 [SgUp1]:174134 [SgUp2]:0 [SgUp3]:0 [SgUp4]:0 [SgLow1]:173775 [SgLow2]:0 [SgLow3]:0 [SgLow4]:0 [NetMuon1]:468948 [NetMuon2]:495811 [NetMuon3]:495811 [NetMuon4]:495811
[Run]:26487 [Site]:2 [Bin]:5070 [FullTime]:3590.17 [SkipTime]:0 [Veto1]:496.027 [Veto2]:312.082 [Veto3]:312.082 [Veto4]:312.082 [SgUp1]:173493 [SgUp2]:0 [SgUp3]:0 [SgUp4]:0 [SgLow1]:173151 [SgLow2]:0 [SgLow3]:0 [SgLow4]:0 [NetMuon1]:468759 [NetMuon2]:496880 [NetMuon3]:496880 [NetMuon4]:496880
[Run]:26487 [Site]:2 [Bin]:5071 [FullTime]:3590.17 [SkipTime]:0 [Veto1]:506.632 [Veto2]:312.319 [Veto3]:312.319 [Veto4]:312.319 [SgUp1]:172417 [SgUp2]:0 [SgUp3]:0 [SgUp4]:0 [SgLow1]:171993 [SgLow2]:0 [SgLow3]:0 [SgLow4]:0 [NetMuon1]:467533 [NetMuon2]:497223 [NetMuon3]:497223 [NetMuon4]:497223
[Run]:26487 [Site]:2 [Bin]:5072 [FullTime]:3590.17 [SkipTime]:0 [Veto1]:507.713 [Veto2]:312.16 [Veto3]:312.16 [Veto4]:312.16 [SgUp1]:172221 [SgUp2]:0 [SgUp3]:0 [SgUp4]:0 [SgLow1]:171865 [SgLow2]:0 [SgLow3]:0 [SgLow4]:0 [NetMuon1]:467069 [NetMuon2]:496797 [NetMuon3]:496797 [NetMuon4]:496797
[Run]:26487 [Site]:2 [Bin]:5073 [FullTime]:3590.17 [SkipTime]:0 [Veto1]:498.01 [Veto2]:312.094 [Veto3]:312.094 [Veto4]:312.094 [SgUp1]:173054 [SgUp2]:0 [SgUp3]:0 [SgUp4]:0 [SgLow1]:172678 [SgLow2]:0 [SgLow3]:0 [SgLow4]:0 [NetMuon1]:468583 [NetMuon2]:496724 [NetMuon3]:496724 [NetMuon4]:496724
[Run]:26487 [Site]:2 [Bin]:5074 [FullTime]:3590.17 [SkipTime]:0 [Veto1]:495.309 [Veto2]:311.545 [Veto3]:311.545 [Veto4]:311.545 [SgUp1]:173376 [SgUp2]:0 [SgUp3]:0 [SgUp4]:0 [SgLow1]:172992 [SgLow2]:0 [SgLow3]:0 [SgLow4]:0 [NetMuon1]:467702 [NetMuon2]:495672 [NetMuon3]:495672 [NetMuon4]:495672
[Run]:26487 [Site]:2 [Bin]:5075 [FullTime]:3590.17 [SkipTime]:0 [Veto1]:501.689 [Veto2]:311.785 [Veto3]:311.785 [Veto4]:311.785 [SgUp1]:172656 [SgUp2]:0 [SgUp3]:0 [SgUp4]:0 [SgLow1]:172324 [SgLow2]:0 [SgLow3]:0 [SgLow4]:0 [NetMuon1]:467288 [NetMuon2]:496120 [NetMuon3]:496120 [NetMuon4]:496120
[Run]:26487 [Site]:2 [Bin]:5076 [FullTime]:3590.17 [SkipTime]:0 [Veto1]:501.504 [Veto2]:312.284 [Veto3]:312.284 [Veto4]:312.284 [SgUp1]:173414 [SgUp2]:0 [SgUp3]:0 [SgUp4]:0 [SgLow1]:173054 [SgLow2]:0 [SgLow3]:0 [SgLow4]:0 [NetMuon1]:468180 [NetMuon2]:497072 [NetMuon3]:497072 [NetMuon4]:497072
[Run]:26487 [Site]:2 [Bin]:5077 [FullTime]:3590.17 [SkipTime]:0 [Veto1]:534.243 [Veto2]:311.422 [Veto3]:311.422 [Veto4]:311.422 [SgUp1]:171975 [SgUp2]:0 [SgUp3]:0 [SgUp4]:0 [SgLow1]:171585 [SgLow2]:0 [SgLow3]:0 [SgLow4]:0 [NetMuon1]:462162 [NetMuon2]:495631 [NetMuon3]:495631 [NetMuon4]:495631
[Run]:26487 [Site]:2 [Bin]:5078 [FullTime]:3590.18 [SkipTime]:0 [Veto1]:511.112 [Veto2]:311.593 [Veto3]:311.593 [Veto4]:311.593 [SgUp1]:173615 [SgUp2]:0 [SgUp3]:0 [SgUp4]:0 [SgLow1]:173211 [SgLow2]:0 [SgLow3]:0 [SgLow4]:0 [NetMuon1]:465316 [NetMuon2]:495989 [NetMuon3]:495989 [NetMuon4]:495989
[Run]:26487 [Site]:2 [Bin]:5079 [FullTime]:3590.16 [SkipTime]:0 [Veto1]:501.07 [Veto2]:311.656 [Veto3]:311.656 [Veto4]:311.656 [SgUp1]:173778 [SgUp2]:0 [SgUp3]:0 [SgUp4]:0 [SgLow1]:173384 [SgLow2]:0 [SgLow3]:0 [SgLow4]:0 [NetMuon1]:467542 [NetMuon2]:496041 [NetMuon3]:496041 [NetMuon4]:496041
[Run]:26487 [Site]:2 [Bin]:5080 [FullTime]:3590.17 [SkipTime]:0 [Veto1]:519.156 [Veto2]:312.343 [Veto3]:312.343 [Veto4]:312.343 [SgUp1]:171890 [SgUp2]:0 [SgUp3]:0 [SgUp4]:0 [SgLow1]:171522 [SgLow2]:0 [SgLow3]:0 [SgLow4]:0 [NetMuon1]:465474 [NetMuon2]:497207 [NetMuon3]:497207 [NetMuon4]:497207
[Run]:26487 [Site]:2 [Bin]:5081 [FullTime]:3590.17 [SkipTime]:0 [Veto1]:506.633 [Veto2]:313.167 [Veto3]:313.167 [Veto4]:313.167 [SgUp1]:173134 [SgUp2]:0 [SgUp3]:0 [SgUp4]:0 [SgLow1]:172760 [SgLow2]:0 [SgLow3]:0 [SgLow4]:0 [NetMuon1]:469175 [NetMuon2]:498478 [NetMuon3]:498478 [NetMuon4]:498478
[Run]:26487 [Site]:2 [Bin]:5082 [FullTime]:3590.17 [SkipTime]:0 [Veto1]:533.911 [Veto2]:311.968 [Veto3]:311.968 [Veto4]:311.968 [SgUp1]:172024 [SgUp2]:0 [SgUp3]:0 [SgUp4]:0 [SgLow1]:171666 [SgLow2]:0 [SgLow3]:0 [SgLow4]:0 [NetMuon1]:463153 [NetMuon2]:496617 [NetMuon3]:496617 [NetMuon4]:496617
[Run]:26487 [Site]:2 [Bin]:5083 [FullTime]:3590.17 [SkipTime]:0 [Veto1]:514.092 [Veto2]:311.502 [Veto3]:311.502 [Veto4]:311.502 [SgUp1]:172724 [SgUp2]:0 [SgUp3]:0 [SgUp4]:0 [SgLow1]:172294 [SgLow2]:0 [SgLow3]:0 [SgLow4]:0 [NetMuon1]:465396 [NetMuon2]:495943 [NetMuon3]:495943 [NetMuon4]:495943
[Run]:26487 [Site]:2 [Bin]:5084 [FullTime]:3590.17 [SkipTime]:0 [Veto1]:525.342 [Veto2]:312.976 [Veto3]:312.976 [Veto4]:312.976 [SgUp1]:171707 [SgUp2]:0 [SgUp3]:0 [SgUp4]:0 [SgLow1]:171352 [SgLow2]:0 [SgLow3]:0 [SgLow4]:0 [NetMuon1]:465798 [NetMuon2]:498064 [NetMuon3]:498064 [NetMuon4]:498064
[Run]:26487 [Site]:2 [Bin]:5085 [FullTime]:3590.17 [SkipTime]:0 [Veto1]:504.391 [Veto2]:311.937 [Veto3]:311.937 [Veto4]:311.937 [SgUp1]:173120 [SgUp2]:0 [SgUp3]:0 [SgUp4]:0 [SgLow1]:172749 [SgLow2]:0 [SgLow3]:0 [SgLow4]:0 [NetMuon1]:467355 [NetMuon2]:496550 [NetMuon3]:496550 [NetMuon4]:496550
[Run]:26487 [Site]:2 [Bin]:5086 [FullTime]:3590.17 [SkipTime]:0 [Veto1]:511.141 [Veto2]:312.488 [Veto3]:312.488 [Veto4]:312.488 [SgUp1]:173108 [SgUp2]:0 [SgUp3]:0 [SgUp4]:0 [SgLow1]:172765 [SgLow2]:0 [SgLow3]:0 [SgLow4]:0 [NetMuon1]:466820 [NetMuon2]:497151 [NetMuon3]:497151 [NetMuon4]:497151
[Run]:26487 [Site]:2 [Bin]:5087 [FullTime]:3590.17 [SkipTime]:0 [Veto1]:494.138 [Veto2]:311.475 [Veto3]:311.475 [Veto4]:311.475 [SgUp1]:173077 [SgUp2]:0 [SgUp3]:0 [SgUp4]:0 [SgLow1]:172669 [SgLow2]:0 [SgLow3]:0 [SgLow4]:0 [NetMuon1]:468351 [NetMuon2]:495811 [NetMuon3]:495811 [NetMuon4]:495811
[Run]:26487 [Site]:2 [Bin]:5088 [FullTime]:3590.17 [SkipTime]:0 [Veto1]:502.03 [Veto2]:311.42 [Veto3]:311.42 [Veto4]:311.42 [SgUp1]:173202 [SgUp2]:0 [SgUp3]:0 [SgUp4]:0 [SgLow1]:172814 [SgLow2]:0 [SgLow3]:0 [SgLow4]:0 [NetMuon1]:466506 [NetMuon2]:495686 [NetMuon3]:495686 [NetMuon4]:495686
[Run]:26487 [Site]:2 [Bin]:5089 [FullTime]:3590.17 [SkipTime]:0 [Veto1]:509.047 [Veto2]:311.127 [Veto3]:311.127 [Veto4]:311.127 [SgUp1]:173928 [SgUp2]:0 [SgUp3]:0 [SgUp4]:0 [SgLow1]:173571 [SgLow2]:0 [SgLow3]:0 [SgLow4]:0 [NetMuon1]:465107 [NetMuon2]:495070 [NetMuon3]:495070 [NetMuon4]:495070
[Run]:26487 [Site]:2 [Bin]:5090 [FullTime]:3590.17 [SkipTime]:0 [Veto1]:523.576 [Veto2]:312.312 [Veto3]:312.312 [Veto4]:312.312 [SgUp1]:172003 [SgUp2]:0 [SgUp3]:0 [SgUp4]:0 [SgLow1]:171640 [SgLow2]:0 [SgLow3]:0 [SgLow4]:0 [NetMuon1]:464824 [NetMuon2]:496733 [NetMuon3]:496733 [NetMuon4]:496733
[Run]:26487 [Site]:2 [Bin]:5091 [FullTime]:3590.17 [SkipTime]:0 [Veto1]:497.865 [Veto2]:312.735 [Veto3]:312.735 [Veto4]:312.735 [SgUp1]:173932 [SgUp2]:0 [SgUp3]:0 [SgUp4]:0 [SgLow1]:173566 [SgLow2]:0 [SgLow3]:0 [SgLow4]:0 [NetMuon1]:469815 [NetMuon2]:497680 [NetMuon3]:497680 [NetMuon4]:497680
[Run]:26487 [Site]:2 [Bin]:5092 [FullTime]:3590.18 [SkipTime]:0 [Veto1]:496.181 [Veto2]:311.404 [Veto3]:311.404 [Veto4]:311.404 [SgUp1]:173770 [SgUp2]:0 [SgUp3]:0 [SgUp4]:0 [SgLow1]:173412 [SgLow2]:0 [SgLow3]:0 [SgLow4]:0 [NetMuon1]:467678 [NetMuon2]:495650 [NetMuon3]:495650 [NetMuon4]:495650
[Run]:26487 [Site]:2 [Bin]:5093 [FullTime]:3590.16 [SkipTime]:0 [Veto1]:507.049 [Veto2]:313.046 [Veto3]:313.046 [Veto4]:313.046 [SgUp1]:172836 [SgUp2]:0 [SgUp3]:0 [SgUp4]:0 [SgLow1]:172498 [SgLow2]:0 [SgLow3]:0 [SgLow4]:0 [NetMuon1]:468749 [NetMuon2]:498348 [NetMuon3]:498348 [NetMuon4]:498348
[Run]:26487 [Site]:2 [Bin]:5094 [FullTime]:3590.17 [SkipTime]:0 [Veto1]:494.203 [Veto2]:311.926 [Veto3]:311.926 [Veto4]:311.926 [SgUp1]:173204 [SgUp2]:0 [SgUp3]:0 [SgUp4]:0 [SgLow1]:172815 [SgLow2]:0 [SgLow3]:0 [SgLow4]:0 [NetMuon1]:469063 [NetMuon2]:496520 [NetMuon3]:496520 [NetMuon4]:496520
[Run]:26487 [Site]:2 [Bin]:5095 [FullTime]:3590.17 [SkipTime]:0 [Veto1]:499.868 [Veto2]:312.035 [Veto3]:312.035 [Veto4]:312.035 [SgUp1]:173836 [SgUp2]:0 [SgUp3]:0 [SgUp4]:0 [SgLow1]:173422 [SgLow2]:0 [SgLow3]:0 [SgLow4]:0 [NetMuon1]:468107 [NetMuon2]:496480 [NetMuon3]:496480 [NetMuon4]:496480
[Run]:26487 [Site]:2 [Bin]:5096 [FullTime]:3590.17 [SkipTime]:0 [Veto1]:499.475 [Veto2]:312.35 [Veto3]:312.35 [Veto4]:312.35 [SgUp1]:173061 [SgUp2]:0 [SgUp3]:0 [SgUp4]:0 [SgLow1]:172717 [SgLow2]:0 [SgLow3]:0 [SgLow4]:0 [NetMuon1]:469066 [NetMuon2]:497369 [NetMuon3]:497369 [NetMuon4]:497369
[Run]:26487 [Site]:2 [Bin]:5097 [FullTime]:3590.17 [SkipTime]:0 [Veto1]:517.123 [Veto2]:312.315 [Veto3]:312.315 [Veto4]:312.315 [SgUp1]:171638 [SgUp2]:0 [SgUp3]:0 [SgUp4]:0 [SgLow1]:171280 [SgLow2]:0 [SgLow3]:0 [SgLow4]:0 [NetMuon1]:466168 [NetMuon2]:496892 [NetMuon3]:496892 [NetMuon4]:496892
[Run]:26487 [Site]:2 [Bin]:5098 [FullTime]:3590.16 [SkipTime]:0 [Veto1]:487.593 [Veto2]:313.258 [Veto3]:313.258 [Veto4]:313.258 [SgUp1]:175242 [SgUp2]:0 [SgUp3]:0 [SgUp4]:0 [SgLow1]:174844 [SgLow2]:0 [SgLow3]:0 [SgLow4]:0 [NetMuon1]:472074 [NetMuon2]:498627 [NetMuon3]:498627 [NetMuon4]:498627
[Run]:26487 [Site]:2 [Bin]:5099 [FullTime]:3590.17 [SkipTime]:0 [Veto1]:535.453 [Veto2]:311.772 [Veto3]:311.772 [Veto4]:311.772 [SgUp1]:171427 [SgUp2]:0 [SgUp3]:0 [SgUp4]:0 [SgLow1]:171021 [SgLow2]:0 [SgLow3]:0 [SgLow4]:0 [NetMuon1]:462496 [NetMuon2]:496220 [NetMuon3]:496220 [NetMuon4]:496220
[Run]:26487 [Site]:2 [Bin]:5100 [FullTime]:3590.17 [SkipTime]:0 [Veto1]:490.205 [Veto2]:311.427 [Veto3]:311.427 [Veto4]:311.427 [SgUp1]:173564 [SgUp2]:0 [SgUp3]:0 [SgUp4]:0 [SgLow1]:173160 [SgLow2]:0 [SgLow3]:0 [SgLow4]:0 [NetMuon1]:468349 [NetMuon2]:495561 [NetMuon3]:495561 [NetMuon4]:495561
[Run]:26487 [Site]:2 [Bin]:5101 [FullTime]:3590.17 [SkipTime]:0 [Veto1]:531.31 [Veto2]:312.304 [Veto3]:312.304 [Veto4]:312.304 [SgUp1]:172156 [SgUp2]:0 [SgUp3]:0 [SgUp4]:0 [SgLow1]:171771 [SgLow2]:0 [SgLow3]:0 [SgLow4]:0 [NetMuon1]:463586 [NetMuon2]:496880 [NetMuon3]:496880 [NetMuon4]:496880
[Run]:26487 [Site]:2 [Bin]:5102 [FullTime]:3590.17 [SkipTime]:0 [Veto1]:525.37 [Veto2]:312.28 [Veto3]:312.28 [Veto4]:312.28 [SgUp1]:171491 [SgUp2]:0 [SgUp3]:0 [SgUp4]:0 [SgLow1]:171088 [SgLow2]:0 [SgLow3]:0 [SgLow4]:0 [NetMuon1]:464462 [NetMuon2]:496819 [NetMuon3]:496819 [NetMuon4]:496819
[Run]:26487 [Site]:2 [Bin]:5103 [FullTime]:3590.17 [SkipTime]:0 [Veto1]:534.407 [Veto2]:312.812 [Veto3]:312.812 [Veto4]:312.812 [SgUp1]:171549 [SgUp2]:0 [SgUp3]:0 [SgUp4]:0 [SgLow1]:171181 [SgLow2]:0 [SgLow3]:0 [SgLow4]:0 [NetMuon1]:464165 [NetMuon2]:497648 [NetMuon3]:497648 [NetMuon4]:497648
End process Run: 26487 ... 
[Run]:26487 [Site]:2 [Bin]:5104 [FullTime]:3065.09 [SkipTime]:0 [Veto1]:434.374 [Veto2]:267.443 [Veto3]:267.443 [Veto4]:267.443
