StreamChain add 0xa46e7e0
Start to process run: 26216 ... 
[Run]:26216 [Site]:2 [Bin]:4768 [FullTime]:3571.83 [SkipTime]:0 [Veto1]:495.234 [Veto2]:309.356 [Veto3]:309.356 [Veto4]:309.356 [SgUp1]:172651 [SgUp2]:0 [SgUp3]:0 [SgUp4]:0 [SgLow1]:172295 [SgLow2]:0 [SgLow3]:0 [SgLow4]:0 [NetMuon1]:464521 [NetMuon2]:492567 [NetMuon3]:492567 [NetMuon4]:492567
[Run]:26216 [Site]:2 [Bin]:4769 [FullTime]:3590.17 [SkipTime]:0 [Veto1]:509.331 [Veto2]:312.115 [Veto3]:312.115 [Veto4]:312.115 [SgUp1]:173129 [SgUp2]:0 [SgUp3]:0 [SgUp4]:0 [SgLow1]:172702 [SgLow2]:0 [SgLow3]:0 [SgLow4]:0 [NetMuon1]:467011 [NetMuon2]:496867 [NetMuon3]:496867 [NetMuon4]:496867
[Run]:26216 [Site]:2 [Bin]:4770 [FullTime]:3590.17 [SkipTime]:0 [Veto1]:511.135 [Veto2]:311.665 [Veto3]:311.665 [Veto4]:311.665 [SgUp1]:173669 [SgUp2]:0 [SgUp3]:0 [SgUp4]:0 [SgLow1]:173319 [SgLow2]:0 [SgLow3]:0 [SgLow4]:0 [NetMuon1]:465792 [NetMuon2]:496150 [NetMuon3]:496150 [NetMuon4]:496150
[Run]:26216 [Site]:2 [Bin]:4771 [FullTime]:3590.17 [SkipTime]:0 [Veto1]:518.361 [Veto2]:310.161 [Veto3]:310.161 [Veto4]:310.161 [SgUp1]:172517 [SgUp2]:0 [SgUp3]:0 [SgUp4]:0 [SgLow1]:172136 [SgLow2]:0 [SgLow3]:0 [SgLow4]:0 [NetMuon1]:462227 [NetMuon2]:493714 [NetMuon3]:493714 [NetMuon4]:493714
[Run]:26216 [Site]:2 [Bin]:4772 [FullTime]:3590.17 [SkipTime]:0 [Veto1]:505.039 [Veto2]:311.862 [Veto3]:311.862 [Veto4]:311.862 [SgUp1]:172419 [SgUp2]:0 [SgUp3]:0 [SgUp4]:0 [SgLow1]:172061 [SgLow2]:0 [SgLow3]:0 [SgLow4]:0 [NetMuon1]:467533 [NetMuon2]:496549 [NetMuon3]:496549 [NetMuon4]:496549
[Run]:26216 [Site]:2 [Bin]:4773 [FullTime]:3590.17 [SkipTime]:0 [Veto1]:510.311 [Veto2]:310.874 [Veto3]:310.874 [Veto4]:310.874 [SgUp1]:173126 [SgUp2]:0 [SgUp3]:0 [SgUp4]:0 [SgLow1]:172718 [SgLow2]:0 [SgLow3]:0 [SgLow4]:0 [NetMuon1]:464719 [NetMuon2]:494925 [NetMuon3]:494925 [NetMuon4]:494925
[Run]:26216 [Site]:2 [Bin]:4774 [FullTime]:3590.18 [SkipTime]:0 [Veto1]:501.731 [Veto2]:311.309 [Veto3]:311.309 [Veto4]:311.309 [SgUp1]:173763 [SgUp2]:0 [SgUp3]:0 [SgUp4]:0 [SgLow1]:173399 [SgLow2]:0 [SgLow3]:0 [SgLow4]:0 [NetMuon1]:466974 [NetMuon2]:495705 [NetMuon3]:495705 [NetMuon4]:495705
[Run]:26216 [Site]:2 [Bin]:4775 [FullTime]:3590.16 [SkipTime]:0 [Veto1]:523.178 [Veto2]:310.479 [Veto3]:310.479 [Veto4]:310.479 [SgUp1]:173326 [SgUp2]:0 [SgUp3]:0 [SgUp4]:0 [SgLow1]:172980 [SgLow2]:0 [SgLow3]:0 [SgLow4]:0 [NetMuon1]:462369 [NetMuon2]:494188 [NetMuon3]:494188 [NetMuon4]:494188
[Run]:26216 [Site]:2 [Bin]:4776 [FullTime]:3590.17 [SkipTime]:0 [Veto1]:495.948 [Veto2]:311.096 [Veto3]:311.096 [Veto4]:311.096 [SgUp1]:174129 [SgUp2]:0 [SgUp3]:0 [SgUp4]:0 [SgLow1]:173846 [SgLow2]:0 [SgLow3]:0 [SgLow4]:0 [NetMuon1]:466857 [NetMuon2]:495082 [NetMuon3]:495082 [NetMuon4]:495082
[Run]:26216 [Site]:2 [Bin]:4777 [FullTime]:3590.17 [SkipTime]:0 [Veto1]:514.878 [Veto2]:310.814 [Veto3]:310.814 [Veto4]:310.814 [SgUp1]:171379 [SgUp2]:0 [SgUp3]:0 [SgUp4]:0 [SgLow1]:171022 [SgLow2]:0 [SgLow3]:0 [SgLow4]:0 [NetMuon1]:464097 [NetMuon2]:494731 [NetMuon3]:494731 [NetMuon4]:494731
[Run]:26216 [Site]:2 [Bin]:4778 [FullTime]:3590.17 [SkipTime]:0 [Veto1]:513.273 [Veto2]:310.989 [Veto3]:310.989 [Veto4]:310.989 [SgUp1]:172401 [SgUp2]:0 [SgUp3]:0 [SgUp4]:0 [SgLow1]:171996 [SgLow2]:0 [SgLow3]:0 [SgLow4]:0 [NetMuon1]:464521 [NetMuon2]:495097 [NetMuon3]:495097 [NetMuon4]:495097
[Run]:26216 [Site]:2 [Bin]:4779 [FullTime]:3590.17 [SkipTime]:0 [Veto1]:509.849 [Veto2]:310.43 [Veto3]:310.43 [Veto4]:310.43 [SgUp1]:174183 [SgUp2]:0 [SgUp3]:0 [SgUp4]:0 [SgLow1]:173809 [SgLow2]:0 [SgLow3]:0 [SgLow4]:0 [NetMuon1]:464239 [NetMuon2]:494166 [NetMuon3]:494166 [NetMuon4]:494166
[Run]:26216 [Site]:2 [Bin]:4780 [FullTime]:3590.17 [SkipTime]:0 [Veto1]:520.403 [Veto2]:311.288 [Veto3]:311.288 [Veto4]:311.288 [SgUp1]:172178 [SgUp2]:0 [SgUp3]:0 [SgUp4]:0 [SgLow1]:171811 [SgLow2]:0 [SgLow3]:0 [SgLow4]:0 [NetMuon1]:463951 [NetMuon2]:495752 [NetMuon3]:495752 [NetMuon4]:495752
[Run]:26216 [Site]:2 [Bin]:4781 [FullTime]:3590.17 [SkipTime]:0 [Veto1]:494.73 [Veto2]:310.875 [Veto3]:310.875 [Veto4]:310.875 [SgUp1]:173766 [SgUp2]:0 [SgUp3]:0 [SgUp4]:0 [SgLow1]:173394 [SgLow2]:0 [SgLow3]:0 [SgLow4]:0 [NetMuon1]:467363 [NetMuon2]:495062 [NetMuon3]:495062 [NetMuon4]:495062
[Run]:26216 [Site]:2 [Bin]:4782 [FullTime]:3590.17 [SkipTime]:0 [Veto1]:496.851 [Veto2]:311.316 [Veto3]:311.316 [Veto4]:311.316 [SgUp1]:173247 [SgUp2]:0 [SgUp3]:0 [SgUp4]:0 [SgLow1]:172860 [SgLow2]:0 [SgLow3]:0 [SgLow4]:0 [NetMuon1]:467753 [NetMuon2]:495612 [NetMuon3]:495612 [NetMuon4]:495612
[Run]:26216 [Site]:2 [Bin]:4783 [FullTime]:3590.18 [SkipTime]:0 [Veto1]:500.48 [Veto2]:312.006 [Veto3]:312.006 [Veto4]:312.006 [SgUp1]:173345 [SgUp2]:0 [SgUp3]:0 [SgUp4]:0 [SgLow1]:173032 [SgLow2]:0 [SgLow3]:0 [SgLow4]:0 [NetMuon1]:468227 [NetMuon2]:496761 [NetMuon3]:496761 [NetMuon4]:496761
[Run]:26216 [Site]:2 [Bin]:4784 [FullTime]:3590.16 [SkipTime]:0 [Veto1]:499.891 [Veto2]:311.551 [Veto3]:311.551 [Veto4]:311.551 [SgUp1]:173692 [SgUp2]:0 [SgUp3]:0 [SgUp4]:0 [SgLow1]:173325 [SgLow2]:0 [SgLow3]:0 [SgLow4]:0 [NetMuon1]:467699 [NetMuon2]:496318 [NetMuon3]:496318 [NetMuon4]:496318
[Run]:26216 [Site]:2 [Bin]:4785 [FullTime]:3590.17 [SkipTime]:0 [Veto1]:500.009 [Veto2]:311.704 [Veto3]:311.704 [Veto4]:311.704 [SgUp1]:173682 [SgUp2]:0 [SgUp3]:0 [SgUp4]:0 [SgLow1]:173289 [SgLow2]:0 [SgLow3]:0 [SgLow4]:0 [NetMuon1]:467598 [NetMuon2]:495891 [NetMuon3]:495891 [NetMuon4]:495891
[Run]:26216 [Site]:2 [Bin]:4786 [FullTime]:3590.17 [SkipTime]:0 [Veto1]:528.175 [Veto2]:311.629 [Veto3]:311.629 [Veto4]:311.629 [SgUp1]:172371 [SgUp2]:0 [SgUp3]:0 [SgUp4]:0 [SgLow1]:172026 [SgLow2]:0 [SgLow3]:0 [SgLow4]:0 [NetMuon1]:463305 [NetMuon2]:496138 [NetMuon3]:496138 [NetMuon4]:496138
[Run]:26216 [Site]:2 [Bin]:4787 [FullTime]:3590.17 [SkipTime]:0 [Veto1]:510.918 [Veto2]:311.048 [Veto3]:311.048 [Veto4]:311.048 [SgUp1]:173008 [SgUp2]:0 [SgUp3]:0 [SgUp4]:0 [SgLow1]:172658 [SgLow2]:0 [SgLow3]:0 [SgLow4]:0 [NetMuon1]:465142 [NetMuon2]:495303 [NetMuon3]:495303 [NetMuon4]:495303
[Run]:26216 [Site]:2 [Bin]:4788 [FullTime]:3590.17 [SkipTime]:0 [Veto1]:487.165 [Veto2]:312.178 [Veto3]:312.178 [Veto4]:312.178 [SgUp1]:175035 [SgUp2]:0 [SgUp3]:0 [SgUp4]:0 [SgLow1]:174658 [SgLow2]:0 [SgLow3]:0 [SgLow4]:0 [NetMuon1]:470316 [NetMuon2]:496733 [NetMuon3]:496733 [NetMuon4]:496733
[Run]:26216 [Site]:2 [Bin]:4789 [FullTime]:3590.18 [SkipTime]:0 [Veto1]:503.044 [Veto2]:311.4 [Veto3]:311.4 [Veto4]:311.4 [SgUp1]:173082 [SgUp2]:0 [SgUp3]:0 [SgUp4]:0 [SgLow1]:172727 [SgLow2]:0 [SgLow3]:0 [SgLow4]:0 [NetMuon1]:466660 [NetMuon2]:495590 [NetMuon3]:495590 [NetMuon4]:495590
[Run]:26216 [Site]:2 [Bin]:4790 [FullTime]:3590.16 [SkipTime]:0 [Veto1]:503.274 [Veto2]:311.402 [Veto3]:311.402 [Veto4]:311.402 [SgUp1]:173950 [SgUp2]:0 [SgUp3]:0 [SgUp4]:0 [SgLow1]:173599 [SgLow2]:0 [SgLow3]:0 [SgLow4]:0 [NetMuon1]:466164 [NetMuon2]:495662 [NetMuon3]:495662 [NetMuon4]:495662
[Run]:26216 [Site]:2 [Bin]:4791 [FullTime]:3590.17 [SkipTime]:0 [Veto1]:499.988 [Veto2]:311.37 [Veto3]:311.37 [Veto4]:311.37 [SgUp1]:173801 [SgUp2]:0 [SgUp3]:0 [SgUp4]:0 [SgLow1]:173503 [SgLow2]:0 [SgLow3]:0 [SgLow4]:0 [NetMuon1]:467235 [NetMuon2]:495740 [NetMuon3]:495740 [NetMuon4]:495740
[Run]:26216 [Site]:2 [Bin]:4792 [FullTime]:3590.17 [SkipTime]:0 [Veto1]:512.243 [Veto2]:311.652 [Veto3]:311.652 [Veto4]:311.652 [SgUp1]:173280 [SgUp2]:0 [SgUp3]:0 [SgUp4]:0 [SgLow1]:172893 [SgLow2]:0 [SgLow3]:0 [SgLow4]:0 [NetMuon1]:465513 [NetMuon2]:496017 [NetMuon3]:496017 [NetMuon4]:496017
[Run]:26216 [Site]:2 [Bin]:4793 [FullTime]:3590.17 [SkipTime]:0 [Veto1]:507.803 [Veto2]:311.246 [Veto3]:311.246 [Veto4]:311.246 [SgUp1]:173014 [SgUp2]:0 [SgUp3]:0 [SgUp4]:0 [SgLow1]:172659 [SgLow2]:0 [SgLow3]:0 [SgLow4]:0 [NetMuon1]:466157 [NetMuon2]:495489 [NetMuon3]:495489 [NetMuon4]:495489
[Run]:26216 [Site]:2 [Bin]:4794 [FullTime]:3590.17 [SkipTime]:0 [Veto1]:493.846 [Veto2]:311.895 [Veto3]:311.895 [Veto4]:311.895 [SgUp1]:174019 [SgUp2]:0 [SgUp3]:0 [SgUp4]:0 [SgLow1]:173652 [SgLow2]:0 [SgLow3]:0 [SgLow4]:0 [NetMuon1]:468602 [NetMuon2]:496233 [NetMuon3]:496233 [NetMuon4]:496233
[Run]:26216 [Site]:2 [Bin]:4795 [FullTime]:3590.17 [SkipTime]:0 [Veto1]:502.288 [Veto2]:311.728 [Veto3]:311.728 [Veto4]:311.728 [SgUp1]:172840 [SgUp2]:0 [SgUp3]:0 [SgUp4]:0 [SgLow1]:172471 [SgLow2]:0 [SgLow3]:0 [SgLow4]:0 [NetMuon1]:467111 [NetMuon2]:496165 [NetMuon3]:496165 [NetMuon4]:496165
[Run]:26216 [Site]:2 [Bin]:4796 [FullTime]:3590.17 [SkipTime]:0 [Veto1]:496.515 [Veto2]:311.916 [Veto3]:311.916 [Veto4]:311.916 [SgUp1]:173650 [SgUp2]:0 [SgUp3]:0 [SgUp4]:0 [SgLow1]:173310 [SgLow2]:0 [SgLow3]:0 [SgLow4]:0 [NetMuon1]:468366 [NetMuon2]:496525 [NetMuon3]:496525 [NetMuon4]:496525
[Run]:26216 [Site]:2 [Bin]:4797 [FullTime]:3590.17 [SkipTime]:0 [Veto1]:519.914 [Veto2]:311.268 [Veto3]:311.268 [Veto4]:311.268 [SgUp1]:172155 [SgUp2]:0 [SgUp3]:0 [SgUp4]:0 [SgLow1]:171779 [SgLow2]:0 [SgLow3]:0 [SgLow4]:0 [NetMuon1]:463872 [NetMuon2]:495397 [NetMuon3]:495397 [NetMuon4]:495397
[Run]:26216 [Site]:2 [Bin]:4798 [FullTime]:3590.17 [SkipTime]:0 [Veto1]:518.128 [Veto2]:312.055 [Veto3]:312.055 [Veto4]:312.055 [SgUp1]:172715 [SgUp2]:0 [SgUp3]:0 [SgUp4]:0 [SgLow1]:172296 [SgLow2]:0 [SgLow3]:0 [SgLow4]:0 [NetMuon1]:465742 [NetMuon2]:496914 [NetMuon3]:496914 [NetMuon4]:496914
[Run]:26216 [Site]:2 [Bin]:4799 [FullTime]:3590.17 [SkipTime]:0 [Veto1]:510.764 [Veto2]:311.039 [Veto3]:311.039 [Veto4]:311.039 [SgUp1]:172520 [SgUp2]:0 [SgUp3]:0 [SgUp4]:0 [SgLow1]:172126 [SgLow2]:0 [SgLow3]:0 [SgLow4]:0 [NetMuon1]:464836 [NetMuon2]:495212 [NetMuon3]:495212 [NetMuon4]:495212
[Run]:26216 [Site]:2 [Bin]:4800 [FullTime]:3590.17 [SkipTime]:0 [Veto1]:508.664 [Veto2]:311.499 [Veto3]:311.499 [Veto4]:311.499 [SgUp1]:172537 [SgUp2]:0 [SgUp3]:0 [SgUp4]:0 [SgLow1]:172183 [SgLow2]:0 [SgLow3]:0 [SgLow4]:0 [NetMuon1]:466033 [NetMuon2]:495693 [NetMuon3]:495693 [NetMuon4]:495693
[Run]:26216 [Site]:2 [Bin]:4801 [FullTime]:3590.17 [SkipTime]:0 [Veto1]:510.318 [Veto2]:311.508 [Veto3]:311.508 [Veto4]:311.508 [SgUp1]:172336 [SgUp2]:0 [SgUp3]:0 [SgUp4]:0 [SgLow1]:171967 [SgLow2]:0 [SgLow3]:0 [SgLow4]:0 [NetMuon1]:465749 [NetMuon2]:495836 [NetMuon3]:495836 [NetMuon4]:495836
[Run]:26216 [Site]:2 [Bin]:4802 [FullTime]:3590.17 [SkipTime]:0 [Veto1]:514.876 [Veto2]:311.039 [Veto3]:311.039 [Veto4]:311.039 [SgUp1]:172857 [SgUp2]:0 [SgUp3]:0 [SgUp4]:0 [SgLow1]:172481 [SgLow2]:0 [SgLow3]:0 [SgLow4]:0 [NetMuon1]:464400 [NetMuon2]:495309 [NetMuon3]:495309 [NetMuon4]:495309
[Run]:26216 [Site]:2 [Bin]:4803 [FullTime]:3590.17 [SkipTime]:0 [Veto1]:509.399 [Veto2]:311.111 [Veto3]:311.111 [Veto4]:311.111 [SgUp1]:172837 [SgUp2]:0 [SgUp3]:0 [SgUp4]:0 [SgLow1]:172495 [SgLow2]:0 [SgLow3]:0 [SgLow4]:0 [NetMuon1]:465357 [NetMuon2]:495244 [NetMuon3]:495244 [NetMuon4]:495244
[Run]:26216 [Site]:2 [Bin]:4804 [FullTime]:3590.17 [SkipTime]:0 [Veto1]:518.673 [Veto2]:311.615 [Veto3]:311.615 [Veto4]:311.615 [SgUp1]:171672 [SgUp2]:0 [SgUp3]:0 [SgUp4]:0 [SgLow1]:171341 [SgLow2]:0 [SgLow3]:0 [SgLow4]:0 [NetMuon1]:464565 [NetMuon2]:495948 [NetMuon3]:495948 [NetMuon4]:495948
[Run]:26216 [Site]:2 [Bin]:4805 [FullTime]:3590.17 [SkipTime]:0 [Veto1]:506.425 [Veto2]:310.902 [Veto3]:310.902 [Veto4]:310.902 [SgUp1]:173013 [SgUp2]:0 [SgUp3]:0 [SgUp4]:0 [SgLow1]:172689 [SgLow2]:0 [SgLow3]:0 [SgLow4]:0 [NetMuon1]:465713 [NetMuon2]:494999 [NetMuon3]:494999 [NetMuon4]:494999
[Run]:26216 [Site]:2 [Bin]:4806 [FullTime]:3590.17 [SkipTime]:0 [Veto1]:508.771 [Veto2]:311.129 [Veto3]:311.129 [Veto4]:311.129 [SgUp1]:173455 [SgUp2]:0 [SgUp3]:0 [SgUp4]:0 [SgLow1]:173084 [SgLow2]:0 [SgLow3]:0 [SgLow4]:0 [NetMuon1]:465390 [NetMuon2]:495041 [NetMuon3]:495041 [NetMuon4]:495041
[Run]:26216 [Site]:2 [Bin]:4807 [FullTime]:3590.17 [SkipTime]:0 [Veto1]:518.483 [Veto2]:310.977 [Veto3]:310.977 [Veto4]:310.977 [SgUp1]:172122 [SgUp2]:0 [SgUp3]:0 [SgUp4]:0 [SgLow1]:171708 [SgLow2]:0 [SgLow3]:0 [SgLow4]:0 [NetMuon1]:463823 [NetMuon2]:495029 [NetMuon3]:495029 [NetMuon4]:495029
[Run]:26216 [Site]:2 [Bin]:4808 [FullTime]:3590.17 [SkipTime]:0 [Veto1]:518.937 [Veto2]:310.593 [Veto3]:310.593 [Veto4]:310.593 [SgUp1]:173265 [SgUp2]:0 [SgUp3]:0 [SgUp4]:0 [SgLow1]:172919 [SgLow2]:0 [SgLow3]:0 [SgLow4]:0 [NetMuon1]:462506 [NetMuon2]:494267 [NetMuon3]:494267 [NetMuon4]:494267
[Run]:26216 [Site]:2 [Bin]:4809 [FullTime]:3590.17 [SkipTime]:0 [Veto1]:487.18 [Veto2]:311.563 [Veto3]:311.563 [Veto4]:311.563 [SgUp1]:173829 [SgUp2]:0 [SgUp3]:0 [SgUp4]:0 [SgLow1]:173485 [SgLow2]:0 [SgLow3]:0 [SgLow4]:0 [NetMuon1]:469038 [NetMuon2]:495720 [NetMuon3]:495720 [NetMuon4]:495720
[Run]:26216 [Site]:2 [Bin]:4810 [FullTime]:3590.17 [SkipTime]:0 [Veto1]:502.581 [Veto2]:310.725 [Veto3]:310.725 [Veto4]:310.725 [SgUp1]:173977 [SgUp2]:0 [SgUp3]:0 [SgUp4]:0 [SgLow1]:173592 [SgLow2]:0 [SgLow3]:0 [SgLow4]:0 [NetMuon1]:465537 [NetMuon2]:494549 [NetMuon3]:494549 [NetMuon4]:494549
[Run]:26216 [Site]:2 [Bin]:4811 [FullTime]:3590.17 [SkipTime]:0 [Veto1]:500.003 [Veto2]:311.094 [Veto3]:311.094 [Veto4]:311.094 [SgUp1]:173429 [SgUp2]:0 [SgUp3]:0 [SgUp4]:0 [SgLow1]:173091 [SgLow2]:0 [SgLow3]:0 [SgLow4]:0 [NetMuon1]:466676 [NetMuon2]:495217 [NetMuon3]:495217 [NetMuon4]:495217
[Run]:26216 [Site]:2 [Bin]:4812 [FullTime]:3590.17 [SkipTime]:0 [Veto1]:490.304 [Veto2]:310.703 [Veto3]:310.703 [Veto4]:310.703 [SgUp1]:174547 [SgUp2]:0 [SgUp3]:0 [SgUp4]:0 [SgLow1]:174156 [SgLow2]:0 [SgLow3]:0 [SgLow4]:0 [NetMuon1]:467427 [NetMuon2]:494561 [NetMuon3]:494561 [NetMuon4]:494561
[Run]:26216 [Site]:2 [Bin]:4813 [FullTime]:3590.17 [SkipTime]:0 [Veto1]:503.656 [Veto2]:312.376 [Veto3]:312.376 [Veto4]:312.376 [SgUp1]:173523 [SgUp2]:0 [SgUp3]:0 [SgUp4]:0 [SgLow1]:173159 [SgLow2]:0 [SgLow3]:0 [SgLow4]:0 [NetMuon1]:468160 [NetMuon2]:497275 [NetMuon3]:497275 [NetMuon4]:497275
[Run]:26216 [Site]:2 [Bin]:4814 [FullTime]:3590.18 [SkipTime]:0 [Veto1]:501.181 [Veto2]:311.761 [Veto3]:311.761 [Veto4]:311.761 [SgUp1]:172868 [SgUp2]:0 [SgUp3]:0 [SgUp4]:0 [SgLow1]:172517 [SgLow2]:0 [SgLow3]:0 [SgLow4]:0 [NetMuon1]:467382 [NetMuon2]:496164 [NetMuon3]:496164 [NetMuon4]:496164
End process Run: 26216 ... 
[Run]:26216 [Site]:2 [Bin]:4815 [FullTime]:1919.24 [SkipTime]:0 [Veto1]:274.057 [Veto2]:167.032 [Veto3]:167.032 [Veto4]:167.032
