StreamChain add 0xceb37e0
Start to process run: 26528 ... 
[Run]:26528 [Site]:2 [Bin]:5151 [FullTime]:69.036 [SkipTime]:0 [Veto1]:10.8331 [Veto2]:5.92667 [Veto3]:5.92667 [Veto4]:5.92667 [SgUp1]:3319 [SgUp2]:0 [SgUp3]:0 [SgUp4]:0 [SgLow1]:3315 [SgLow2]:0 [SgLow3]:0 [SgLow4]:0 [NetMuon1]:8669 [NetMuon2]:9432 [NetMuon3]:9432 [NetMuon4]:9432
[Run]:26528 [Site]:2 [Bin]:5152 [FullTime]:3590.17 [SkipTime]:0 [Veto1]:524.581 [Veto2]:312.379 [Veto3]:312.379 [Veto4]:312.379 [SgUp1]:171958 [SgUp2]:0 [SgUp3]:0 [SgUp4]:0 [SgLow1]:171579 [SgLow2]:0 [SgLow3]:0 [SgLow4]:0 [NetMuon1]:464954 [NetMuon2]:497178 [NetMuon3]:497178 [NetMuon4]:497178
[Run]:26528 [Site]:2 [Bin]:5153 [FullTime]:3590.17 [SkipTime]:0 [Veto1]:509.684 [Veto2]:312.569 [Veto3]:312.569 [Veto4]:312.569 [SgUp1]:173315 [SgUp2]:0 [SgUp3]:0 [SgUp4]:0 [SgLow1]:172939 [SgLow2]:0 [SgLow3]:0 [SgLow4]:0 [NetMuon1]:467451 [NetMuon2]:497493 [NetMuon3]:497493 [NetMuon4]:497493
[Run]:26528 [Site]:2 [Bin]:5154 [FullTime]:3590.17 [SkipTime]:0 [Veto1]:501.894 [Veto2]:311.413 [Veto3]:311.413 [Veto4]:311.413 [SgUp1]:173124 [SgUp2]:0 [SgUp3]:0 [SgUp4]:0 [SgLow1]:172738 [SgLow2]:0 [SgLow3]:0 [SgLow4]:0 [NetMuon1]:466968 [NetMuon2]:495595 [NetMuon3]:495595 [NetMuon4]:495595
[Run]:26528 [Site]:2 [Bin]:5155 [FullTime]:3590.17 [SkipTime]:0 [Veto1]:526.225 [Veto2]:311.897 [Veto3]:311.897 [Veto4]:311.897 [SgUp1]:171321 [SgUp2]:0 [SgUp3]:0 [SgUp4]:0 [SgLow1]:170991 [SgLow2]:0 [SgLow3]:0 [SgLow4]:0 [NetMuon1]:463826 [NetMuon2]:496368 [NetMuon3]:496368 [NetMuon4]:496368
[Run]:26528 [Site]:2 [Bin]:5156 [FullTime]:3590.17 [SkipTime]:0 [Veto1]:498.92 [Veto2]:311.68 [Veto3]:311.68 [Veto4]:311.68 [SgUp1]:173704 [SgUp2]:0 [SgUp3]:0 [SgUp4]:0 [SgLow1]:173315 [SgLow2]:0 [SgLow3]:0 [SgLow4]:0 [NetMuon1]:467692 [NetMuon2]:495995 [NetMuon3]:495995 [NetMuon4]:495995
[Run]:26528 [Site]:2 [Bin]:5157 [FullTime]:3590.17 [SkipTime]:0 [Veto1]:514.763 [Veto2]:312.261 [Veto3]:312.261 [Veto4]:312.261 [SgUp1]:171976 [SgUp2]:0 [SgUp3]:0 [SgUp4]:0 [SgLow1]:171590 [SgLow2]:0 [SgLow3]:0 [SgLow4]:0 [NetMuon1]:466316 [NetMuon2]:496814 [NetMuon3]:496814 [NetMuon4]:496814
[Run]:26528 [Site]:2 [Bin]:5158 [FullTime]:3590.17 [SkipTime]:0 [Veto1]:520.635 [Veto2]:310.692 [Veto3]:310.692 [Veto4]:310.692 [SgUp1]:172731 [SgUp2]:0 [SgUp3]:0 [SgUp4]:0 [SgLow1]:172361 [SgLow2]:0 [SgLow3]:0 [SgLow4]:0 [NetMuon1]:463022 [NetMuon2]:494641 [NetMuon3]:494641 [NetMuon4]:494641
[Run]:26528 [Site]:2 [Bin]:5159 [FullTime]:3590.17 [SkipTime]:0 [Veto1]:517.181 [Veto2]:311.433 [Veto3]:311.433 [Veto4]:311.433 [SgUp1]:171954 [SgUp2]:0 [SgUp3]:0 [SgUp4]:0 [SgLow1]:171538 [SgLow2]:0 [SgLow3]:0 [SgLow4]:0 [NetMuon1]:464559 [NetMuon2]:495727 [NetMuon3]:495727 [NetMuon4]:495727
[Run]:26528 [Site]:2 [Bin]:5160 [FullTime]:3590.17 [SkipTime]:0 [Veto1]:520.894 [Veto2]:311.1 [Veto3]:311.1 [Veto4]:311.1 [SgUp1]:172717 [SgUp2]:0 [SgUp3]:0 [SgUp4]:0 [SgLow1]:172346 [SgLow2]:0 [SgLow3]:0 [SgLow4]:0 [NetMuon1]:463172 [NetMuon2]:495102 [NetMuon3]:495102 [NetMuon4]:495102
[Run]:26528 [Site]:2 [Bin]:5161 [FullTime]:3590.17 [SkipTime]:0 [Veto1]:483.082 [Veto2]:310.178 [Veto3]:310.178 [Veto4]:310.178 [SgUp1]:174546 [SgUp2]:0 [SgUp3]:0 [SgUp4]:0 [SgLow1]:174197 [SgLow2]:0 [SgLow3]:0 [SgLow4]:0 [NetMuon1]:467534 [NetMuon2]:493593 [NetMuon3]:493593 [NetMuon4]:493593
[Run]:26528 [Site]:2 [Bin]:5162 [FullTime]:3590.17 [SkipTime]:0 [Veto1]:491.142 [Veto2]:310.974 [Veto3]:310.974 [Veto4]:310.974 [SgUp1]:173719 [SgUp2]:0 [SgUp3]:0 [SgUp4]:0 [SgLow1]:173350 [SgLow2]:0 [SgLow3]:0 [SgLow4]:0 [NetMuon1]:468043 [NetMuon2]:494986 [NetMuon3]:494986 [NetMuon4]:494986
[Run]:26528 [Site]:2 [Bin]:5163 [FullTime]:3590.17 [SkipTime]:0 [Veto1]:526.227 [Veto2]:311.371 [Veto3]:311.371 [Veto4]:311.371 [SgUp1]:172061 [SgUp2]:0 [SgUp3]:0 [SgUp4]:0 [SgLow1]:171669 [SgLow2]:0 [SgLow3]:0 [SgLow4]:0 [NetMuon1]:462952 [NetMuon2]:495607 [NetMuon3]:495607 [NetMuon4]:495607
[Run]:26528 [Site]:2 [Bin]:5164 [FullTime]:3590.17 [SkipTime]:0 [Veto1]:509.945 [Veto2]:311.548 [Veto3]:311.548 [Veto4]:311.548 [SgUp1]:172383 [SgUp2]:0 [SgUp3]:0 [SgUp4]:0 [SgLow1]:172007 [SgLow2]:0 [SgLow3]:0 [SgLow4]:0 [NetMuon1]:465725 [NetMuon2]:495822 [NetMuon3]:495822 [NetMuon4]:495822
[Run]:26528 [Site]:2 [Bin]:5165 [FullTime]:3590.17 [SkipTime]:0 [Veto1]:531.478 [Veto2]:311.132 [Veto3]:311.132 [Veto4]:311.132 [SgUp1]:171492 [SgUp2]:0 [SgUp3]:0 [SgUp4]:0 [SgLow1]:171105 [SgLow2]:0 [SgLow3]:0 [SgLow4]:0 [NetMuon1]:461907 [NetMuon2]:495104 [NetMuon3]:495104 [NetMuon4]:495104
[Run]:26528 [Site]:2 [Bin]:5166 [FullTime]:3590.17 [SkipTime]:0 [Veto1]:523.976 [Veto2]:311.642 [Veto3]:311.642 [Veto4]:311.642 [SgUp1]:171556 [SgUp2]:0 [SgUp3]:0 [SgUp4]:0 [SgLow1]:171192 [SgLow2]:0 [SgLow3]:0 [SgLow4]:0 [NetMuon1]:463825 [NetMuon2]:496073 [NetMuon3]:496073 [NetMuon4]:496073
[Run]:26528 [Site]:2 [Bin]:5167 [FullTime]:3590.17 [SkipTime]:0 [Veto1]:526.935 [Veto2]:311.561 [Veto3]:311.561 [Veto4]:311.561 [SgUp1]:171396 [SgUp2]:0 [SgUp3]:0 [SgUp4]:0 [SgLow1]:171025 [SgLow2]:0 [SgLow3]:0 [SgLow4]:0 [NetMuon1]:463209 [NetMuon2]:495769 [NetMuon3]:495769 [NetMuon4]:495769
[Run]:26528 [Site]:2 [Bin]:5168 [FullTime]:3590.17 [SkipTime]:0 [Veto1]:503.798 [Veto2]:311.026 [Veto3]:311.026 [Veto4]:311.026 [SgUp1]:172321 [SgUp2]:0 [SgUp3]:0 [SgUp4]:0 [SgLow1]:171914 [SgLow2]:0 [SgLow3]:0 [SgLow4]:0 [NetMuon1]:466226 [NetMuon2]:495092 [NetMuon3]:495092 [NetMuon4]:495092
[Run]:26528 [Site]:2 [Bin]:5169 [FullTime]:3590.17 [SkipTime]:0 [Veto1]:489.474 [Veto2]:311.376 [Veto3]:311.376 [Veto4]:311.376 [SgUp1]:173532 [SgUp2]:0 [SgUp3]:0 [SgUp4]:0 [SgLow1]:173145 [SgLow2]:0 [SgLow3]:0 [SgLow4]:0 [NetMuon1]:468693 [NetMuon2]:495676 [NetMuon3]:495676 [NetMuon4]:495676
[Run]:26528 [Site]:2 [Bin]:5170 [FullTime]:3590.17 [SkipTime]:0 [Veto1]:519.269 [Veto2]:311.915 [Veto3]:311.915 [Veto4]:311.915 [SgUp1]:171815 [SgUp2]:0 [SgUp3]:0 [SgUp4]:0 [SgLow1]:171424 [SgLow2]:0 [SgLow3]:0 [SgLow4]:0 [NetMuon1]:465122 [NetMuon2]:496546 [NetMuon3]:496546 [NetMuon4]:496546
[Run]:26528 [Site]:2 [Bin]:5171 [FullTime]:3590.17 [SkipTime]:0 [Veto1]:501.575 [Veto2]:311.246 [Veto3]:311.246 [Veto4]:311.246 [SgUp1]:172990 [SgUp2]:0 [SgUp3]:0 [SgUp4]:0 [SgLow1]:172675 [SgLow2]:0 [SgLow3]:0 [SgLow4]:0 [NetMuon1]:466521 [NetMuon2]:495204 [NetMuon3]:495204 [NetMuon4]:495204
[Run]:26528 [Site]:2 [Bin]:5172 [FullTime]:3590.17 [SkipTime]:0 [Veto1]:494.57 [Veto2]:312.079 [Veto3]:312.079 [Veto4]:312.079 [SgUp1]:173135 [SgUp2]:0 [SgUp3]:0 [SgUp4]:0 [SgLow1]:172809 [SgLow2]:0 [SgLow3]:0 [SgLow4]:0 [NetMuon1]:469440 [NetMuon2]:496818 [NetMuon3]:496818 [NetMuon4]:496818
[Run]:26528 [Site]:2 [Bin]:5173 [FullTime]:3590.18 [SkipTime]:0 [Veto1]:504.502 [Veto2]:310.552 [Veto3]:310.552 [Veto4]:310.552 [SgUp1]:172944 [SgUp2]:0 [SgUp3]:0 [SgUp4]:0 [SgLow1]:172549 [SgLow2]:0 [SgLow3]:0 [SgLow4]:0 [NetMuon1]:464989 [NetMuon2]:494279 [NetMuon3]:494279 [NetMuon4]:494279
[Run]:26528 [Site]:2 [Bin]:5174 [FullTime]:3590.17 [SkipTime]:0 [Veto1]:512.527 [Veto2]:311.203 [Veto3]:311.203 [Veto4]:311.203 [SgUp1]:172748 [SgUp2]:0 [SgUp3]:0 [SgUp4]:0 [SgLow1]:172354 [SgLow2]:0 [SgLow3]:0 [SgLow4]:0 [NetMuon1]:464719 [NetMuon2]:495482 [NetMuon3]:495482 [NetMuon4]:495482
[Run]:26528 [Site]:2 [Bin]:5175 [FullTime]:3590.17 [SkipTime]:0 [Veto1]:517.324 [Veto2]:311.669 [Veto3]:311.669 [Veto4]:311.669 [SgUp1]:172216 [SgUp2]:0 [SgUp3]:0 [SgUp4]:0 [SgLow1]:171845 [SgLow2]:0 [SgLow3]:0 [SgLow4]:0 [NetMuon1]:464671 [NetMuon2]:496040 [NetMuon3]:496040 [NetMuon4]:496040
[Run]:26528 [Site]:2 [Bin]:5176 [FullTime]:3590.16 [SkipTime]:0 [Veto1]:506.08 [Veto2]:312.229 [Veto3]:312.229 [Veto4]:312.229 [SgUp1]:172159 [SgUp2]:0 [SgUp3]:0 [SgUp4]:0 [SgLow1]:171810 [SgLow2]:0 [SgLow3]:0 [SgLow4]:0 [NetMuon1]:467322 [NetMuon2]:496731 [NetMuon3]:496731 [NetMuon4]:496731
[Run]:26528 [Site]:2 [Bin]:5177 [FullTime]:3590.17 [SkipTime]:0 [Veto1]:504.352 [Veto2]:311.722 [Veto3]:311.722 [Veto4]:311.722 [SgUp1]:173205 [SgUp2]:0 [SgUp3]:0 [SgUp4]:0 [SgLow1]:172847 [SgLow2]:0 [SgLow3]:0 [SgLow4]:0 [NetMuon1]:466946 [NetMuon2]:495927 [NetMuon3]:495927 [NetMuon4]:495927
[Run]:26528 [Site]:2 [Bin]:5178 [FullTime]:3590.17 [SkipTime]:0 [Veto1]:484.682 [Veto2]:311.618 [Veto3]:311.618 [Veto4]:311.618 [SgUp1]:173038 [SgUp2]:0 [SgUp3]:0 [SgUp4]:0 [SgLow1]:172688 [SgLow2]:0 [SgLow3]:0 [SgLow4]:0 [NetMuon1]:469889 [NetMuon2]:496040 [NetMuon3]:496040 [NetMuon4]:496040
[Run]:26528 [Site]:2 [Bin]:5179 [FullTime]:3590.17 [SkipTime]:0 [Veto1]:510.894 [Veto2]:311.731 [Veto3]:311.731 [Veto4]:311.731 [SgUp1]:172262 [SgUp2]:0 [SgUp3]:0 [SgUp4]:0 [SgLow1]:171945 [SgLow2]:0 [SgLow3]:0 [SgLow4]:0 [NetMuon1]:465847 [NetMuon2]:496147 [NetMuon3]:496147 [NetMuon4]:496147
[Run]:26528 [Site]:2 [Bin]:5180 [FullTime]:3590.17 [SkipTime]:0 [Veto1]:512.958 [Veto2]:311.647 [Veto3]:311.647 [Veto4]:311.647 [SgUp1]:172006 [SgUp2]:0 [SgUp3]:0 [SgUp4]:0 [SgLow1]:171665 [SgLow2]:0 [SgLow3]:0 [SgLow4]:0 [NetMuon1]:465288 [NetMuon2]:495781 [NetMuon3]:495781 [NetMuon4]:495781
[Run]:26528 [Site]:2 [Bin]:5181 [FullTime]:3590.18 [SkipTime]:0 [Veto1]:505.035 [Veto2]:311.811 [Veto3]:311.811 [Veto4]:311.811 [SgUp1]:172883 [SgUp2]:0 [SgUp3]:0 [SgUp4]:0 [SgLow1]:172463 [SgLow2]:0 [SgLow3]:0 [SgLow4]:0 [NetMuon1]:466584 [NetMuon2]:496039 [NetMuon3]:496039 [NetMuon4]:496039
[Run]:26528 [Site]:2 [Bin]:5182 [FullTime]:3590.16 [SkipTime]:0 [Veto1]:505.045 [Veto2]:311.633 [Veto3]:311.633 [Veto4]:311.633 [SgUp1]:172274 [SgUp2]:0 [SgUp3]:0 [SgUp4]:0 [SgLow1]:171944 [SgLow2]:0 [SgLow3]:0 [SgLow4]:0 [NetMuon1]:466840 [NetMuon2]:496069 [NetMuon3]:496069 [NetMuon4]:496069
[Run]:26528 [Site]:2 [Bin]:5183 [FullTime]:2614.81 [SkipTime]:975.359 [Veto1]:390.225 [Veto2]:226.544 [Veto3]:226.544 [Veto4]:226.544 [SgUp1]:124496 [SgUp2]:0 [SgUp3]:0 [SgUp4]:0 [SgLow1]:124221 [SgLow2]:0 [SgLow3]:0 [SgLow4]:0 [NetMuon1]:335892 [NetMuon2]:360615 [NetMuon3]:360615 [NetMuon4]:360615
[Run]:26528 [Site]:2 [Bin]:5184 [FullTime]:3590.17 [SkipTime]:0 [Veto1]:499.095 [Veto2]:311.425 [Veto3]:311.425 [Veto4]:311.425 [SgUp1]:173520 [SgUp2]:0 [SgUp3]:0 [SgUp4]:0 [SgLow1]:173142 [SgLow2]:0 [SgLow3]:0 [SgLow4]:0 [NetMuon1]:466852 [NetMuon2]:495342 [NetMuon3]:495342 [NetMuon4]:495342
[Run]:26528 [Site]:2 [Bin]:5185 [FullTime]:3590.17 [SkipTime]:0 [Veto1]:513.941 [Veto2]:311.671 [Veto3]:311.671 [Veto4]:311.671 [SgUp1]:171766 [SgUp2]:0 [SgUp3]:0 [SgUp4]:0 [SgLow1]:171397 [SgLow2]:0 [SgLow3]:0 [SgLow4]:0 [NetMuon1]:465291 [NetMuon2]:496082 [NetMuon3]:496082 [NetMuon4]:496082
[Run]:26528 [Site]:2 [Bin]:5186 [FullTime]:3590.17 [SkipTime]:0 [Veto1]:513.129 [Veto2]:311.131 [Veto3]:311.131 [Veto4]:311.131 [SgUp1]:172837 [SgUp2]:0 [SgUp3]:0 [SgUp4]:0 [SgLow1]:172471 [SgLow2]:0 [SgLow3]:0 [SgLow4]:0 [NetMuon1]:464699 [NetMuon2]:495159 [NetMuon3]:495159 [NetMuon4]:495159
[Run]:26528 [Site]:2 [Bin]:5187 [FullTime]:3590.17 [SkipTime]:0 [Veto1]:522.827 [Veto2]:310.803 [Veto3]:310.803 [Veto4]:310.803 [SgUp1]:171437 [SgUp2]:0 [SgUp3]:0 [SgUp4]:0 [SgLow1]:171048 [SgLow2]:0 [SgLow3]:0 [SgLow4]:0 [NetMuon1]:462535 [NetMuon2]:494582 [NetMuon3]:494582 [NetMuon4]:494582
[Run]:26528 [Site]:2 [Bin]:5188 [FullTime]:3590.17 [SkipTime]:0 [Veto1]:511.219 [Veto2]:311.618 [Veto3]:311.618 [Veto4]:311.618 [SgUp1]:172505 [SgUp2]:0 [SgUp3]:0 [SgUp4]:0 [SgLow1]:172132 [SgLow2]:0 [SgLow3]:0 [SgLow4]:0 [NetMuon1]:465921 [NetMuon2]:495870 [NetMuon3]:495870 [NetMuon4]:495870
[Run]:26528 [Site]:2 [Bin]:5189 [FullTime]:3590.17 [SkipTime]:0 [Veto1]:495.958 [Veto2]:311.36 [Veto3]:311.36 [Veto4]:311.36 [SgUp1]:173039 [SgUp2]:0 [SgUp3]:0 [SgUp4]:0 [SgLow1]:172718 [SgLow2]:0 [SgLow3]:0 [SgLow4]:0 [NetMuon1]:467999 [NetMuon2]:495441 [NetMuon3]:495441 [NetMuon4]:495441
[Run]:26528 [Site]:2 [Bin]:5190 [FullTime]:3590.18 [SkipTime]:0 [Veto1]:526.862 [Veto2]:310.982 [Veto3]:310.982 [Veto4]:310.982 [SgUp1]:171233 [SgUp2]:0 [SgUp3]:0 [SgUp4]:0 [SgLow1]:170867 [SgLow2]:0 [SgLow3]:0 [SgLow4]:0 [NetMuon1]:462450 [NetMuon2]:494941 [NetMuon3]:494941 [NetMuon4]:494941
[Run]:26528 [Site]:2 [Bin]:5191 [FullTime]:3590.16 [SkipTime]:0 [Veto1]:520.698 [Veto2]:311.421 [Veto3]:311.421 [Veto4]:311.421 [SgUp1]:171691 [SgUp2]:0 [SgUp3]:0 [SgUp4]:0 [SgLow1]:171317 [SgLow2]:0 [SgLow3]:0 [SgLow4]:0 [NetMuon1]:463954 [NetMuon2]:495669 [NetMuon3]:495669 [NetMuon4]:495669
[Run]:26528 [Site]:2 [Bin]:5192 [FullTime]:3590.17 [SkipTime]:0 [Veto1]:515.514 [Veto2]:311.702 [Veto3]:311.702 [Veto4]:311.702 [SgUp1]:172273 [SgUp2]:0 [SgUp3]:0 [SgUp4]:0 [SgLow1]:171917 [SgLow2]:0 [SgLow3]:0 [SgLow4]:0 [NetMuon1]:465486 [NetMuon2]:496032 [NetMuon3]:496032 [NetMuon4]:496032
[Run]:26528 [Site]:2 [Bin]:5193 [FullTime]:3590.17 [SkipTime]:0 [Veto1]:505.664 [Veto2]:311.046 [Veto3]:311.046 [Veto4]:311.046 [SgUp1]:172213 [SgUp2]:0 [SgUp3]:0 [SgUp4]:0 [SgLow1]:171843 [SgLow2]:0 [SgLow3]:0 [SgLow4]:0 [NetMuon1]:465907 [NetMuon2]:495136 [NetMuon3]:495136 [NetMuon4]:495136
[Run]:26528 [Site]:2 [Bin]:5194 [FullTime]:3590.17 [SkipTime]:0 [Veto1]:482.524 [Veto2]:311.048 [Veto3]:311.048 [Veto4]:311.048 [SgUp1]:173336 [SgUp2]:0 [SgUp3]:0 [SgUp4]:0 [SgLow1]:172945 [SgLow2]:0 [SgLow3]:0 [SgLow4]:0 [NetMuon1]:469436 [NetMuon2]:495068 [NetMuon3]:495068 [NetMuon4]:495068
[Run]:26528 [Site]:2 [Bin]:5195 [FullTime]:3590.17 [SkipTime]:0 [Veto1]:506.997 [Veto2]:311.891 [Veto3]:311.891 [Veto4]:311.891 [SgUp1]:171753 [SgUp2]:0 [SgUp3]:0 [SgUp4]:0 [SgLow1]:171345 [SgLow2]:0 [SgLow3]:0 [SgLow4]:0 [NetMuon1]:466948 [NetMuon2]:496262 [NetMuon3]:496262 [NetMuon4]:496262
[Run]:26528 [Site]:2 [Bin]:5196 [FullTime]:3590.17 [SkipTime]:0 [Veto1]:483.123 [Veto2]:311.723 [Veto3]:311.723 [Veto4]:311.723 [SgUp1]:174119 [SgUp2]:0 [SgUp3]:0 [SgUp4]:0 [SgLow1]:173754 [SgLow2]:0 [SgLow3]:0 [SgLow4]:0 [NetMuon1]:470316 [NetMuon2]:496234 [NetMuon3]:496234 [NetMuon4]:496234
[Run]:26528 [Site]:2 [Bin]:5197 [FullTime]:3590.17 [SkipTime]:0 [Veto1]:511.44 [Veto2]:311.708 [Veto3]:311.708 [Veto4]:311.708 [SgUp1]:172706 [SgUp2]:0 [SgUp3]:0 [SgUp4]:0 [SgLow1]:172284 [SgLow2]:0 [SgLow3]:0 [SgLow4]:0 [NetMuon1]:465537 [NetMuon2]:496071 [NetMuon3]:496071 [NetMuon4]:496071
[Run]:26528 [Site]:2 [Bin]:5198 [FullTime]:3590.17 [SkipTime]:0 [Veto1]:502.909 [Veto2]:311.864 [Veto3]:311.864 [Veto4]:311.864 [SgUp1]:173324 [SgUp2]:0 [SgUp3]:0 [SgUp4]:0 [SgLow1]:172966 [SgLow2]:0 [SgLow3]:0 [SgLow4]:0 [NetMuon1]:467568 [NetMuon2]:496207 [NetMuon3]:496207 [NetMuon4]:496207
[Run]:26528 [Site]:2 [Bin]:5199 [FullTime]:3590.17 [SkipTime]:0 [Veto1]:528.7 [Veto2]:312.195 [Veto3]:312.195 [Veto4]:312.195 [SgUp1]:172273 [SgUp2]:0 [SgUp3]:0 [SgUp4]:0 [SgLow1]:171911 [SgLow2]:0 [SgLow3]:0 [SgLow4]:0 [NetMuon1]:464084 [NetMuon2]:497043 [NetMuon3]:497043 [NetMuon4]:497043
End process Run: 26528 ... 
[Run]:26528 [Site]:2 [Bin]:5200 [FullTime]:3525.16 [SkipTime]:0 [Veto1]:487.606 [Veto2]:305.763 [Veto3]:305.763 [Veto4]:305.763
