StreamChain add 0x1f1937e0
Start to process run: 34947 ... 
[Run]:34947 [Site]:2 [Bin]:7631 [FullTime]:2777.57 [SkipTime]:0 [Veto1]:404.614 [Veto2]:385.869 [Veto3]:238.463 [Veto4]:238.463 [SgUp1]:133030 [SgUp2]:135187 [SgUp3]:0 [SgUp4]:0 [SgLow1]:132770 [SgLow2]:134868 [SgLow3]:0 [SgLow4]:0 [NetMuon1]:354915 [NetMuon2]:357744 [NetMuon3]:379774 [NetMuon4]:379774
[Run]:34947 [Site]:2 [Bin]:7632 [FullTime]:3590.17 [SkipTime]:0 [Veto1]:510.252 [Veto2]:504.537 [Veto3]:308.285 [Veto4]:308.285 [SgUp1]:172181 [SgUp2]:175330 [SgUp3]:0 [SgUp4]:0 [SgLow1]:171818 [SgLow2]:174907 [SgLow3]:0 [SgLow4]:0 [NetMuon1]:460891 [NetMuon2]:461898 [NetMuon3]:491059 [NetMuon4]:491059
[Run]:34947 [Site]:2 [Bin]:7633 [FullTime]:3590.17 [SkipTime]:0 [Veto1]:515.513 [Veto2]:508.403 [Veto3]:308.321 [Veto4]:308.321 [SgUp1]:173034 [SgUp2]:176152 [SgUp3]:0 [SgUp4]:0 [SgLow1]:172630 [SgLow2]:175719 [SgLow3]:0 [SgLow4]:0 [NetMuon1]:460148 [NetMuon2]:461187 [NetMuon3]:491053 [NetMuon4]:491053
[Run]:34947 [Site]:2 [Bin]:7634 [FullTime]:3590.17 [SkipTime]:0 [Veto1]:512.694 [Veto2]:513.523 [Veto3]:308.187 [Veto4]:308.187 [SgUp1]:172504 [SgUp2]:175358 [SgUp3]:0 [SgUp4]:0 [SgLow1]:172141 [SgLow2]:174890 [SgLow3]:0 [SgLow4]:0 [NetMuon1]:460624 [NetMuon2]:459939 [NetMuon3]:490881 [NetMuon4]:490881
[Run]:34947 [Site]:2 [Bin]:7635 [FullTime]:3590.17 [SkipTime]:0 [Veto1]:499.182 [Veto2]:490.834 [Veto3]:308.146 [Veto4]:308.146 [SgUp1]:173270 [SgUp2]:176750 [SgUp3]:0 [SgUp4]:0 [SgLow1]:172888 [SgLow2]:176311 [SgLow3]:0 [SgLow4]:0 [NetMuon1]:462217 [NetMuon2]:463568 [NetMuon3]:490898 [NetMuon4]:490898
[Run]:34947 [Site]:2 [Bin]:7636 [FullTime]:3590.17 [SkipTime]:0 [Veto1]:493.668 [Veto2]:491.904 [Veto3]:308.411 [Veto4]:308.411 [SgUp1]:174014 [SgUp2]:176333 [SgUp3]:0 [SgUp4]:0 [SgLow1]:173628 [SgLow2]:175919 [SgLow3]:0 [SgLow4]:0 [NetMuon1]:463465 [NetMuon2]:463552 [NetMuon3]:491185 [NetMuon4]:491185
[Run]:34947 [Site]:2 [Bin]:7637 [FullTime]:3590.17 [SkipTime]:0 [Veto1]:516.698 [Veto2]:526.313 [Veto3]:308.29 [Veto4]:308.29 [SgUp1]:172396 [SgUp2]:174701 [SgUp3]:0 [SgUp4]:0 [SgLow1]:172030 [SgLow2]:174291 [SgLow3]:0 [SgLow4]:0 [NetMuon1]:459717 [NetMuon2]:458433 [NetMuon3]:491079 [NetMuon4]:491079
[Run]:34947 [Site]:2 [Bin]:7638 [FullTime]:3590.17 [SkipTime]:0 [Veto1]:516.326 [Veto2]:511.644 [Veto3]:309.254 [Veto4]:309.254 [SgUp1]:172360 [SgUp2]:174679 [SgUp3]:0 [SgUp4]:0 [SgLow1]:171986 [SgLow2]:174322 [SgLow3]:0 [SgLow4]:0 [NetMuon1]:461552 [NetMuon2]:462228 [NetMuon3]:492685 [NetMuon4]:492685
[Run]:34947 [Site]:2 [Bin]:7639 [FullTime]:3590.17 [SkipTime]:0 [Veto1]:483.945 [Veto2]:501.901 [Veto3]:308.818 [Veto4]:308.818 [SgUp1]:173930 [SgUp2]:175052 [SgUp3]:0 [SgUp4]:0 [SgLow1]:173618 [SgLow2]:174626 [SgLow3]:0 [SgLow4]:0 [NetMuon1]:465587 [NetMuon2]:462759 [NetMuon3]:491774 [NetMuon4]:491774
[Run]:34947 [Site]:2 [Bin]:7640 [FullTime]:3590.17 [SkipTime]:0 [Veto1]:494.844 [Veto2]:509.527 [Veto3]:308.124 [Veto4]:308.124 [SgUp1]:174034 [SgUp2]:175492 [SgUp3]:0 [SgUp4]:0 [SgLow1]:173642 [SgLow2]:175092 [SgLow3]:0 [SgLow4]:0 [NetMuon1]:463097 [NetMuon2]:461230 [NetMuon3]:491078 [NetMuon4]:491078
[Run]:34947 [Site]:2 [Bin]:7641 [FullTime]:3590.17 [SkipTime]:0 [Veto1]:491.697 [Veto2]:500.775 [Veto3]:309.022 [Veto4]:309.022 [SgUp1]:173092 [SgUp2]:175445 [SgUp3]:0 [SgUp4]:0 [SgLow1]:172706 [SgLow2]:175037 [SgLow3]:0 [SgLow4]:0 [NetMuon1]:464415 [NetMuon2]:463324 [NetMuon3]:492051 [NetMuon4]:492051
[Run]:34947 [Site]:2 [Bin]:7642 [FullTime]:3590.17 [SkipTime]:0 [Veto1]:491.348 [Veto2]:508.401 [Veto3]:308.867 [Veto4]:308.867 [SgUp1]:173722 [SgUp2]:175040 [SgUp3]:0 [SgUp4]:0 [SgLow1]:173323 [SgLow2]:174599 [SgLow3]:0 [SgLow4]:0 [NetMuon1]:464827 [NetMuon2]:462012 [NetMuon3]:491973 [NetMuon4]:491973
[Run]:34947 [Site]:2 [Bin]:7643 [FullTime]:3590.17 [SkipTime]:0 [Veto1]:498.348 [Veto2]:519.667 [Veto3]:308.328 [Veto4]:308.328 [SgUp1]:172961 [SgUp2]:175006 [SgUp3]:0 [SgUp4]:0 [SgLow1]:172578 [SgLow2]:174584 [SgLow3]:0 [SgLow4]:0 [NetMuon1]:462573 [NetMuon2]:459130 [NetMuon3]:490798 [NetMuon4]:490798
[Run]:34947 [Site]:2 [Bin]:7644 [FullTime]:3590.17 [SkipTime]:0 [Veto1]:508.765 [Veto2]:505.954 [Veto3]:308.898 [Veto4]:308.898 [SgUp1]:173160 [SgUp2]:175147 [SgUp3]:0 [SgUp4]:0 [SgLow1]:172765 [SgLow2]:174774 [SgLow3]:0 [SgLow4]:0 [NetMuon1]:461935 [NetMuon2]:462388 [NetMuon3]:491904 [NetMuon4]:491904
[Run]:34947 [Site]:2 [Bin]:7645 [FullTime]:3590.17 [SkipTime]:0 [Veto1]:505.368 [Veto2]:511.853 [Veto3]:308.659 [Veto4]:308.659 [SgUp1]:173716 [SgUp2]:174840 [SgUp3]:0 [SgUp4]:0 [SgLow1]:173340 [SgLow2]:174376 [SgLow3]:0 [SgLow4]:0 [NetMuon1]:462262 [NetMuon2]:461333 [NetMuon3]:491550 [NetMuon4]:491550
[Run]:34947 [Site]:2 [Bin]:7646 [FullTime]:3590.17 [SkipTime]:0 [Veto1]:516.167 [Veto2]:503.986 [Veto3]:308.6 [Veto4]:308.6 [SgUp1]:172395 [SgUp2]:174804 [SgUp3]:0 [SgUp4]:0 [SgLow1]:172024 [SgLow2]:174406 [SgLow3]:0 [SgLow4]:0 [NetMuon1]:460396 [NetMuon2]:461946 [NetMuon3]:491479 [NetMuon4]:491479
[Run]:34947 [Site]:2 [Bin]:7647 [FullTime]:3590.17 [SkipTime]:0 [Veto1]:524.698 [Veto2]:513.476 [Veto3]:309.695 [Veto4]:309.695 [SgUp1]:171397 [SgUp2]:175379 [SgUp3]:0 [SgUp4]:0 [SgLow1]:171027 [SgLow2]:174993 [SgLow3]:0 [SgLow4]:0 [NetMuon1]:460728 [NetMuon2]:462505 [NetMuon3]:493089 [NetMuon4]:493089
[Run]:34947 [Site]:2 [Bin]:7648 [FullTime]:3590.17 [SkipTime]:0 [Veto1]:500.066 [Veto2]:516.715 [Veto3]:308.4 [Veto4]:308.4 [SgUp1]:173062 [SgUp2]:175035 [SgUp3]:0 [SgUp4]:0 [SgLow1]:172664 [SgLow2]:174628 [SgLow3]:0 [SgLow4]:0 [NetMuon1]:462336 [NetMuon2]:459632 [NetMuon3]:491159 [NetMuon4]:491159
[Run]:34947 [Site]:2 [Bin]:7649 [FullTime]:3590.17 [SkipTime]:0 [Veto1]:505.126 [Veto2]:501.711 [Veto3]:309.018 [Veto4]:309.018 [SgUp1]:172814 [SgUp2]:175996 [SgUp3]:0 [SgUp4]:0 [SgLow1]:172427 [SgLow2]:175561 [SgLow3]:0 [SgLow4]:0 [NetMuon1]:462416 [NetMuon2]:463230 [NetMuon3]:492090 [NetMuon4]:492090
[Run]:34947 [Site]:2 [Bin]:7650 [FullTime]:3590.17 [SkipTime]:0 [Veto1]:493.671 [Veto2]:530.76 [Veto3]:309.048 [Veto4]:309.048 [SgUp1]:173680 [SgUp2]:174349 [SgUp3]:0 [SgUp4]:0 [SgLow1]:173264 [SgLow2]:173915 [SgLow3]:0 [SgLow4]:0 [NetMuon1]:464316 [NetMuon2]:458999 [NetMuon3]:492206 [NetMuon4]:492206
[Run]:34947 [Site]:2 [Bin]:7651 [FullTime]:3590.17 [SkipTime]:0 [Veto1]:489.821 [Veto2]:507.964 [Veto3]:308.716 [Veto4]:308.716 [SgUp1]:174286 [SgUp2]:175092 [SgUp3]:0 [SgUp4]:0 [SgLow1]:173905 [SgLow2]:174651 [SgLow3]:0 [SgLow4]:0 [NetMuon1]:464610 [NetMuon2]:461875 [NetMuon3]:491663 [NetMuon4]:491663
[Run]:34947 [Site]:2 [Bin]:7652 [FullTime]:3590.17 [SkipTime]:0 [Veto1]:501.887 [Veto2]:519.469 [Veto3]:307.697 [Veto4]:307.697 [SgUp1]:173485 [SgUp2]:173780 [SgUp3]:0 [SgUp4]:0 [SgLow1]:173058 [SgLow2]:173418 [SgLow3]:0 [SgLow4]:0 [NetMuon1]:460996 [NetMuon2]:458418 [NetMuon3]:490075 [NetMuon4]:490075
[Run]:34947 [Site]:2 [Bin]:7653 [FullTime]:3590.17 [SkipTime]:0 [Veto1]:530.366 [Veto2]:511.026 [Veto3]:307.813 [Veto4]:307.813 [SgUp1]:172101 [SgUp2]:174887 [SgUp3]:0 [SgUp4]:0 [SgLow1]:171711 [SgLow2]:174502 [SgLow3]:0 [SgLow4]:0 [NetMuon1]:457373 [NetMuon2]:459857 [NetMuon3]:490347 [NetMuon4]:490347
End process Run: 34947 ... 
[Run]:34947 [Site]:2 [Bin]:7654 [FullTime]:1836.5 [SkipTime]:0 [Veto1]:242.572 [Veto2]:260.9 [Veto3]:157.766 [Veto4]:157.766
