StreamChain add 0x19f807e0
Start to process run: 34919 ... 
[Run]:34919 [Site]:2 [Bin]:7566 [FullTime]:3100.28 [SkipTime]:0 [Veto1]:440.98 [Veto2]:445.839 [Veto3]:267.255 [Veto4]:267.255 [SgUp1]:148941 [SgUp2]:150534 [SgUp3]:0 [SgUp4]:0 [SgLow1]:148607 [SgLow2]:150150 [SgLow3]:0 [SgLow4]:0 [NetMuon1]:399742 [NetMuon2]:398870 [NetMuon3]:425621 [NetMuon4]:425621
[Run]:34919 [Site]:2 [Bin]:7567 [FullTime]:3590.17 [SkipTime]:0 [Veto1]:482.319 [Veto2]:516.538 [Veto3]:309.887 [Veto4]:309.887 [SgUp1]:173669 [SgUp2]:174669 [SgUp3]:0 [SgUp4]:0 [SgLow1]:173281 [SgLow2]:174241 [SgLow3]:0 [SgLow4]:0 [NetMuon1]:467707 [NetMuon2]:462506 [NetMuon3]:493538 [NetMuon4]:493538
[Run]:34919 [Site]:2 [Bin]:7568 [FullTime]:3590.17 [SkipTime]:0 [Veto1]:506.999 [Veto2]:506.446 [Veto3]:309.252 [Veto4]:309.252 [SgUp1]:173182 [SgUp2]:175060 [SgUp3]:0 [SgUp4]:0 [SgLow1]:172752 [SgLow2]:174649 [SgLow3]:0 [SgLow4]:0 [NetMuon1]:462674 [NetMuon2]:462615 [NetMuon3]:492344 [NetMuon4]:492344
[Run]:34919 [Site]:2 [Bin]:7569 [FullTime]:3590.17 [SkipTime]:0 [Veto1]:485.05 [Veto2]:497.417 [Veto3]:309.105 [Veto4]:309.105 [SgUp1]:174842 [SgUp2]:176191 [SgUp3]:0 [SgUp4]:0 [SgLow1]:174457 [SgLow2]:175750 [SgLow3]:0 [SgLow4]:0 [NetMuon1]:466103 [NetMuon2]:464082 [NetMuon3]:492349 [NetMuon4]:492349
[Run]:34919 [Site]:2 [Bin]:7570 [FullTime]:3590.17 [SkipTime]:0 [Veto1]:518.79 [Veto2]:495.113 [Veto3]:309.355 [Veto4]:309.355 [SgUp1]:172837 [SgUp2]:175885 [SgUp3]:0 [SgUp4]:0 [SgLow1]:172455 [SgLow2]:175433 [SgLow3]:0 [SgLow4]:0 [NetMuon1]:461168 [NetMuon2]:464692 [NetMuon3]:492652 [NetMuon4]:492652
[Run]:34919 [Site]:2 [Bin]:7571 [FullTime]:3590.17 [SkipTime]:0 [Veto1]:516.761 [Veto2]:521.729 [Veto3]:309.374 [Veto4]:309.374 [SgUp1]:173091 [SgUp2]:174593 [SgUp3]:0 [SgUp4]:0 [SgLow1]:172691 [SgLow2]:174137 [SgLow3]:0 [SgLow4]:0 [NetMuon1]:461009 [NetMuon2]:460261 [NetMuon3]:492419 [NetMuon4]:492419
[Run]:34919 [Site]:2 [Bin]:7572 [FullTime]:3590.17 [SkipTime]:0 [Veto1]:501.756 [Veto2]:506.472 [Veto3]:309.389 [Veto4]:309.389 [SgUp1]:173706 [SgUp2]:175880 [SgUp3]:0 [SgUp4]:0 [SgLow1]:173377 [SgLow2]:175487 [SgLow3]:0 [SgLow4]:0 [NetMuon1]:463817 [NetMuon2]:463155 [NetMuon3]:492844 [NetMuon4]:492844
[Run]:34919 [Site]:2 [Bin]:7573 [FullTime]:3590.17 [SkipTime]:0 [Veto1]:505.992 [Veto2]:525.822 [Veto3]:309.469 [Veto4]:309.469 [SgUp1]:173321 [SgUp2]:174046 [SgUp3]:0 [SgUp4]:0 [SgLow1]:172904 [SgLow2]:173593 [SgLow3]:0 [SgLow4]:0 [NetMuon1]:463725 [NetMuon2]:460430 [NetMuon3]:492899 [NetMuon4]:492899
[Run]:34919 [Site]:2 [Bin]:7574 [FullTime]:3590.16 [SkipTime]:0 [Veto1]:521.601 [Veto2]:530.566 [Veto3]:309.748 [Veto4]:309.748 [SgUp1]:172782 [SgUp2]:173518 [SgUp3]:0 [SgUp4]:0 [SgLow1]:172448 [SgLow2]:173071 [SgLow3]:0 [SgLow4]:0 [NetMuon1]:461396 [NetMuon2]:460171 [NetMuon3]:493271 [NetMuon4]:493271
[Run]:34919 [Site]:2 [Bin]:7575 [FullTime]:3590.17 [SkipTime]:0 [Veto1]:508.318 [Veto2]:499.609 [Veto3]:308.935 [Veto4]:308.935 [SgUp1]:173236 [SgUp2]:175285 [SgUp3]:0 [SgUp4]:0 [SgLow1]:172883 [SgLow2]:174878 [SgLow3]:0 [SgLow4]:0 [NetMuon1]:461670 [NetMuon2]:463413 [NetMuon3]:492124 [NetMuon4]:492124
[Run]:34919 [Site]:2 [Bin]:7576 [FullTime]:3590.17 [SkipTime]:0 [Veto1]:504.499 [Veto2]:515.045 [Veto3]:308.308 [Veto4]:308.308 [SgUp1]:173413 [SgUp2]:173435 [SgUp3]:0 [SgUp4]:0 [SgLow1]:173024 [SgLow2]:173024 [SgLow3]:0 [SgLow4]:0 [NetMuon1]:461471 [NetMuon2]:459684 [NetMuon3]:490893 [NetMuon4]:490893
[Run]:34919 [Site]:2 [Bin]:7577 [FullTime]:3590.17 [SkipTime]:0 [Veto1]:516.25 [Veto2]:494.428 [Veto3]:308.817 [Veto4]:308.817 [SgUp1]:173794 [SgUp2]:175788 [SgUp3]:0 [SgUp4]:0 [SgLow1]:173400 [SgLow2]:175378 [SgLow3]:0 [SgLow4]:0 [NetMuon1]:460534 [NetMuon2]:464108 [NetMuon3]:491826 [NetMuon4]:491826
[Run]:34919 [Site]:2 [Bin]:7578 [FullTime]:3590.17 [SkipTime]:0 [Veto1]:522.52 [Veto2]:506.376 [Veto3]:308.518 [Veto4]:308.518 [SgUp1]:172671 [SgUp2]:174886 [SgUp3]:0 [SgUp4]:0 [SgLow1]:172275 [SgLow2]:174477 [SgLow3]:0 [SgLow4]:0 [NetMuon1]:459507 [NetMuon2]:461660 [NetMuon3]:491365 [NetMuon4]:491365
[Run]:34919 [Site]:2 [Bin]:7579 [FullTime]:3590.17 [SkipTime]:0 [Veto1]:505.955 [Veto2]:510.157 [Veto3]:308.494 [Veto4]:308.494 [SgUp1]:172757 [SgUp2]:175118 [SgUp3]:0 [SgUp4]:0 [SgLow1]:172375 [SgLow2]:174705 [SgLow3]:0 [SgLow4]:0 [NetMuon1]:462066 [NetMuon2]:461042 [NetMuon3]:491378 [NetMuon4]:491378
[Run]:34919 [Site]:2 [Bin]:7580 [FullTime]:3590.17 [SkipTime]:0 [Veto1]:517.532 [Veto2]:515.987 [Veto3]:308.716 [Veto4]:308.716 [SgUp1]:172241 [SgUp2]:174162 [SgUp3]:0 [SgUp4]:0 [SgLow1]:171871 [SgLow2]:173734 [SgLow3]:0 [SgLow4]:0 [NetMuon1]:460234 [NetMuon2]:460671 [NetMuon3]:491654 [NetMuon4]:491654
[Run]:34919 [Site]:2 [Bin]:7581 [FullTime]:3590.17 [SkipTime]:0 [Veto1]:493.86 [Veto2]:508.723 [Veto3]:308.528 [Veto4]:308.528 [SgUp1]:173380 [SgUp2]:174646 [SgUp3]:0 [SgUp4]:0 [SgLow1]:173012 [SgLow2]:174208 [SgLow3]:0 [SgLow4]:0 [NetMuon1]:463830 [NetMuon2]:461475 [NetMuon3]:491546 [NetMuon4]:491546
[Run]:34919 [Site]:2 [Bin]:7582 [FullTime]:3590.17 [SkipTime]:0 [Veto1]:510.898 [Veto2]:516.936 [Veto3]:308.374 [Veto4]:308.374 [SgUp1]:172588 [SgUp2]:174346 [SgUp3]:0 [SgUp4]:0 [SgLow1]:172234 [SgLow2]:173908 [SgLow3]:0 [SgLow4]:0 [NetMuon1]:460910 [NetMuon2]:460155 [NetMuon3]:491364 [NetMuon4]:491364
[Run]:34919 [Site]:2 [Bin]:7583 [FullTime]:3590.17 [SkipTime]:0 [Veto1]:517.272 [Veto2]:504.851 [Veto3]:308.48 [Veto4]:308.48 [SgUp1]:173161 [SgUp2]:175559 [SgUp3]:0 [SgUp4]:0 [SgLow1]:172759 [SgLow2]:175152 [SgLow3]:0 [SgLow4]:0 [NetMuon1]:459924 [NetMuon2]:461823 [NetMuon3]:491246 [NetMuon4]:491246
[Run]:34919 [Site]:2 [Bin]:7584 [FullTime]:3590.17 [SkipTime]:0 [Veto1]:496.683 [Veto2]:513.086 [Veto3]:308.654 [Veto4]:308.654 [SgUp1]:174759 [SgUp2]:174606 [SgUp3]:0 [SgUp4]:0 [SgLow1]:174379 [SgLow2]:174207 [SgLow3]:0 [SgLow4]:0 [NetMuon1]:463290 [NetMuon2]:460892 [NetMuon3]:491639 [NetMuon4]:491639
[Run]:34919 [Site]:2 [Bin]:7585 [FullTime]:3590.17 [SkipTime]:0 [Veto1]:504.688 [Veto2]:498.79 [Veto3]:309.194 [Veto4]:309.194 [SgUp1]:173547 [SgUp2]:175289 [SgUp3]:0 [SgUp4]:0 [SgLow1]:173189 [SgLow2]:174834 [SgLow3]:0 [SgLow4]:0 [NetMuon1]:463436 [NetMuon2]:463994 [NetMuon3]:492517 [NetMuon4]:492517
[Run]:34919 [Site]:2 [Bin]:7586 [FullTime]:3590.17 [SkipTime]:0 [Veto1]:495.376 [Veto2]:514.91 [Veto3]:308.561 [Veto4]:308.561 [SgUp1]:173765 [SgUp2]:174130 [SgUp3]:0 [SgUp4]:0 [SgLow1]:173393 [SgLow2]:173706 [SgLow3]:0 [SgLow4]:0 [NetMuon1]:463816 [NetMuon2]:460566 [NetMuon3]:491693 [NetMuon4]:491693
[Run]:34919 [Site]:2 [Bin]:7587 [FullTime]:3590.17 [SkipTime]:0 [Veto1]:504.003 [Veto2]:504.889 [Veto3]:308.073 [Veto4]:308.073 [SgUp1]:174127 [SgUp2]:176050 [SgUp3]:0 [SgUp4]:0 [SgLow1]:173690 [SgLow2]:175661 [SgLow3]:0 [SgLow4]:0 [NetMuon1]:461296 [NetMuon2]:461412 [NetMuon3]:490761 [NetMuon4]:490761
[Run]:34919 [Site]:2 [Bin]:7588 [FullTime]:3590.17 [SkipTime]:0 [Veto1]:491.245 [Veto2]:505.517 [Veto3]:309.291 [Veto4]:309.291 [SgUp1]:174315 [SgUp2]:174928 [SgUp3]:0 [SgUp4]:0 [SgLow1]:173924 [SgLow2]:174497 [SgLow3]:0 [SgLow4]:0 [NetMuon1]:465179 [NetMuon2]:462897 [NetMuon3]:492408 [NetMuon4]:492408
[Run]:34919 [Site]:2 [Bin]:7589 [FullTime]:3590.17 [SkipTime]:0 [Veto1]:523.5 [Veto2]:513.048 [Veto3]:308.881 [Veto4]:308.881 [SgUp1]:172876 [SgUp2]:175754 [SgUp3]:0 [SgUp4]:0 [SgLow1]:172523 [SgLow2]:175346 [SgLow3]:0 [SgLow4]:0 [NetMuon1]:459668 [NetMuon2]:461248 [NetMuon3]:491920 [NetMuon4]:491920
[Run]:34919 [Site]:2 [Bin]:7590 [FullTime]:3590.17 [SkipTime]:0 [Veto1]:515.107 [Veto2]:516.414 [Veto3]:308.848 [Veto4]:308.848 [SgUp1]:172987 [SgUp2]:174498 [SgUp3]:0 [SgUp4]:0 [SgLow1]:172593 [SgLow2]:174101 [SgLow3]:0 [SgLow4]:0 [NetMuon1]:461239 [NetMuon2]:461456 [NetMuon3]:492263 [NetMuon4]:492263
[Run]:34919 [Site]:2 [Bin]:7591 [FullTime]:3590.17 [SkipTime]:0 [Veto1]:527.915 [Veto2]:517.444 [Veto3]:308.494 [Veto4]:308.494 [SgUp1]:172583 [SgUp2]:174247 [SgUp3]:0 [SgUp4]:0 [SgLow1]:172157 [SgLow2]:173828 [SgLow3]:0 [SgLow4]:0 [NetMuon1]:458624 [NetMuon2]:459944 [NetMuon3]:491301 [NetMuon4]:491301
[Run]:34919 [Site]:2 [Bin]:7592 [FullTime]:3590.18 [SkipTime]:0 [Veto1]:489.05 [Veto2]:510.555 [Veto3]:307.988 [Veto4]:307.988 [SgUp1]:174564 [SgUp2]:174339 [SgUp3]:0 [SgUp4]:0 [SgLow1]:174175 [SgLow2]:173921 [SgLow3]:0 [SgLow4]:0 [NetMuon1]:463219 [NetMuon2]:460243 [NetMuon3]:490627 [NetMuon4]:490627
[Run]:34919 [Site]:2 [Bin]:7593 [FullTime]:3590.16 [SkipTime]:0 [Veto1]:501.28 [Veto2]:502.069 [Veto3]:309.324 [Veto4]:309.324 [SgUp1]:173909 [SgUp2]:175885 [SgUp3]:0 [SgUp4]:0 [SgLow1]:173515 [SgLow2]:175466 [SgLow3]:0 [SgLow4]:0 [NetMuon1]:463840 [NetMuon2]:464052 [NetMuon3]:492850 [NetMuon4]:492850
[Run]:34919 [Site]:2 [Bin]:7594 [FullTime]:3590.17 [SkipTime]:0 [Veto1]:497.543 [Veto2]:511.955 [Veto3]:308.829 [Veto4]:308.829 [SgUp1]:174028 [SgUp2]:175206 [SgUp3]:0 [SgUp4]:0 [SgLow1]:173634 [SgLow2]:174788 [SgLow3]:0 [SgLow4]:0 [NetMuon1]:463204 [NetMuon2]:461293 [NetMuon3]:491702 [NetMuon4]:491702
[Run]:34919 [Site]:2 [Bin]:7595 [FullTime]:3590.17 [SkipTime]:0 [Veto1]:504.133 [Veto2]:522.988 [Veto3]:309.207 [Veto4]:309.207 [SgUp1]:172695 [SgUp2]:174121 [SgUp3]:0 [SgUp4]:0 [SgLow1]:172332 [SgLow2]:173737 [SgLow3]:0 [SgLow4]:0 [NetMuon1]:463153 [NetMuon2]:460163 [NetMuon3]:492513 [NetMuon4]:492513
[Run]:34919 [Site]:2 [Bin]:7596 [FullTime]:3590.17 [SkipTime]:0 [Veto1]:518.408 [Veto2]:508.165 [Veto3]:309.053 [Veto4]:309.053 [SgUp1]:172737 [SgUp2]:174650 [SgUp3]:0 [SgUp4]:0 [SgLow1]:172357 [SgLow2]:174282 [SgLow3]:0 [SgLow4]:0 [NetMuon1]:461041 [NetMuon2]:462508 [NetMuon3]:492176 [NetMuon4]:492176
[Run]:34919 [Site]:2 [Bin]:7597 [FullTime]:3590.17 [SkipTime]:0 [Veto1]:495.783 [Veto2]:527.064 [Veto3]:309.795 [Veto4]:309.795 [SgUp1]:174235 [SgUp2]:174297 [SgUp3]:0 [SgUp4]:0 [SgLow1]:173883 [SgLow2]:173906 [SgLow3]:0 [SgLow4]:0 [NetMuon1]:465349 [NetMuon2]:460335 [NetMuon3]:493260 [NetMuon4]:493260
[Run]:34919 [Site]:2 [Bin]:7598 [FullTime]:3590.17 [SkipTime]:0 [Veto1]:509.559 [Veto2]:495.456 [Veto3]:309.721 [Veto4]:309.721 [SgUp1]:173049 [SgUp2]:175786 [SgUp3]:0 [SgUp4]:0 [SgLow1]:172673 [SgLow2]:175357 [SgLow3]:0 [SgLow4]:0 [NetMuon1]:463245 [NetMuon2]:465533 [NetMuon3]:493322 [NetMuon4]:493322
[Run]:34919 [Site]:2 [Bin]:7599 [FullTime]:3590.17 [SkipTime]:0 [Veto1]:509.292 [Veto2]:528.722 [Veto3]:308.995 [Veto4]:308.995 [SgUp1]:173561 [SgUp2]:173205 [SgUp3]:0 [SgUp4]:0 [SgLow1]:173193 [SgLow2]:172797 [SgLow3]:0 [SgLow4]:0 [NetMuon1]:462219 [NetMuon2]:458928 [NetMuon3]:492149 [NetMuon4]:492149
[Run]:34919 [Site]:2 [Bin]:7600 [FullTime]:3590.17 [SkipTime]:0 [Veto1]:511.009 [Veto2]:514.013 [Veto3]:309.421 [Veto4]:309.421 [SgUp1]:173046 [SgUp2]:173855 [SgUp3]:0 [SgUp4]:0 [SgLow1]:172620 [SgLow2]:173441 [SgLow3]:0 [SgLow4]:0 [NetMuon1]:462471 [NetMuon2]:462230 [NetMuon3]:492900 [NetMuon4]:492900
[Run]:34919 [Site]:2 [Bin]:7601 [FullTime]:3590.17 [SkipTime]:0 [Veto1]:497.432 [Veto2]:517.77 [Veto3]:309.944 [Veto4]:309.944 [SgUp1]:173609 [SgUp2]:174123 [SgUp3]:0 [SgUp4]:0 [SgLow1]:173234 [SgLow2]:173703 [SgLow3]:0 [SgLow4]:0 [NetMuon1]:465191 [NetMuon2]:462266 [NetMuon3]:493564 [NetMuon4]:493564
[Run]:34919 [Site]:2 [Bin]:7602 [FullTime]:3590.17 [SkipTime]:0 [Veto1]:530.039 [Veto2]:515.47 [Veto3]:309.72 [Veto4]:309.72 [SgUp1]:172155 [SgUp2]:174094 [SgUp3]:0 [SgUp4]:0 [SgLow1]:171804 [SgLow2]:173693 [SgLow3]:0 [SgLow4]:0 [NetMuon1]:460567 [NetMuon2]:462417 [NetMuon3]:493374 [NetMuon4]:493374
[Run]:34919 [Site]:2 [Bin]:7603 [FullTime]:3590.17 [SkipTime]:0 [Veto1]:488.308 [Veto2]:514.961 [Veto3]:309.338 [Veto4]:309.338 [SgUp1]:172685 [SgUp2]:174523 [SgUp3]:0 [SgUp4]:0 [SgLow1]:172335 [SgLow2]:174129 [SgLow3]:0 [SgLow4]:0 [NetMuon1]:465659 [NetMuon2]:461606 [NetMuon3]:492661 [NetMuon4]:492661
[Run]:34919 [Site]:2 [Bin]:7604 [FullTime]:3590.17 [SkipTime]:0 [Veto1]:525.235 [Veto2]:507.48 [Veto3]:309.587 [Veto4]:309.587 [SgUp1]:170897 [SgUp2]:175274 [SgUp3]:0 [SgUp4]:0 [SgLow1]:170518 [SgLow2]:174842 [SgLow3]:0 [SgLow4]:0 [NetMuon1]:460624 [NetMuon2]:463038 [NetMuon3]:493058 [NetMuon4]:493058
[Run]:34919 [Site]:2 [Bin]:7605 [FullTime]:3590.17 [SkipTime]:0 [Veto1]:518.049 [Veto2]:507.174 [Veto3]:309.107 [Veto4]:309.107 [SgUp1]:172730 [SgUp2]:174444 [SgUp3]:0 [SgUp4]:0 [SgLow1]:172363 [SgLow2]:174048 [SgLow3]:0 [SgLow4]:0 [NetMuon1]:460298 [NetMuon2]:462007 [NetMuon3]:492004 [NetMuon4]:492004
[Run]:34919 [Site]:2 [Bin]:7606 [FullTime]:3590.16 [SkipTime]:0 [Veto1]:506.673 [Veto2]:507.879 [Veto3]:308.987 [Veto4]:308.987 [SgUp1]:172932 [SgUp2]:175336 [SgUp3]:0 [SgUp4]:0 [SgLow1]:172577 [SgLow2]:174938 [SgLow3]:0 [SgLow4]:0 [NetMuon1]:462366 [NetMuon2]:462457 [NetMuon3]:492060 [NetMuon4]:492060
[Run]:34919 [Site]:2 [Bin]:7607 [FullTime]:3590.17 [SkipTime]:0 [Veto1]:503.042 [Veto2]:491.539 [Veto3]:309.145 [Veto4]:309.145 [SgUp1]:173106 [SgUp2]:175640 [SgUp3]:0 [SgUp4]:0 [SgLow1]:172774 [SgLow2]:175239 [SgLow3]:0 [SgLow4]:0 [NetMuon1]:463518 [NetMuon2]:465132 [NetMuon3]:492576 [NetMuon4]:492576
[Run]:34919 [Site]:2 [Bin]:7608 [FullTime]:3590.17 [SkipTime]:0 [Veto1]:500.99 [Veto2]:515.884 [Veto3]:308.438 [Veto4]:308.438 [SgUp1]:173721 [SgUp2]:174425 [SgUp3]:0 [SgUp4]:0 [SgLow1]:173343 [SgLow2]:173999 [SgLow3]:0 [SgLow4]:0 [NetMuon1]:462622 [NetMuon2]:460239 [NetMuon3]:491320 [NetMuon4]:491320
[Run]:34919 [Site]:2 [Bin]:7609 [FullTime]:3590.17 [SkipTime]:0 [Veto1]:506.129 [Veto2]:516.024 [Veto3]:308.338 [Veto4]:308.338 [SgUp1]:173417 [SgUp2]:175016 [SgUp3]:0 [SgUp4]:0 [SgLow1]:173065 [SgLow2]:174599 [SgLow3]:0 [SgLow4]:0 [NetMuon1]:461772 [NetMuon2]:459910 [NetMuon3]:491063 [NetMuon4]:491063
[Run]:34919 [Site]:2 [Bin]:7610 [FullTime]:3590.17 [SkipTime]:0 [Veto1]:503.666 [Veto2]:504.864 [Veto3]:308.606 [Veto4]:308.606 [SgUp1]:173446 [SgUp2]:176165 [SgUp3]:0 [SgUp4]:0 [SgLow1]:173049 [SgLow2]:175757 [SgLow3]:0 [SgLow4]:0 [NetMuon1]:462014 [NetMuon2]:461999 [NetMuon3]:491437 [NetMuon4]:491437
[Run]:34919 [Site]:2 [Bin]:7611 [FullTime]:3590.17 [SkipTime]:0 [Veto1]:523.479 [Veto2]:511.197 [Veto3]:309.713 [Veto4]:309.713 [SgUp1]:172493 [SgUp2]:175565 [SgUp3]:0 [SgUp4]:0 [SgLow1]:172130 [SgLow2]:175168 [SgLow3]:0 [SgLow4]:0 [NetMuon1]:461123 [NetMuon2]:462920 [NetMuon3]:493141 [NetMuon4]:493141
[Run]:34919 [Site]:2 [Bin]:7612 [FullTime]:3590.17 [SkipTime]:0 [Veto1]:511.797 [Veto2]:499.075 [Veto3]:308.651 [Veto4]:308.651 [SgUp1]:174096 [SgUp2]:176114 [SgUp3]:0 [SgUp4]:0 [SgLow1]:173711 [SgLow2]:175744 [SgLow3]:0 [SgLow4]:0 [NetMuon1]:461186 [NetMuon2]:463083 [NetMuon3]:491627 [NetMuon4]:491627
[Run]:34919 [Site]:2 [Bin]:7613 [FullTime]:3590.17 [SkipTime]:0 [Veto1]:505.376 [Veto2]:494.445 [Veto3]:308.539 [Veto4]:308.539 [SgUp1]:173441 [SgUp2]:175930 [SgUp3]:0 [SgUp4]:0 [SgLow1]:173077 [SgLow2]:175540 [SgLow3]:0 [SgLow4]:0 [NetMuon1]:461961 [NetMuon2]:463630 [NetMuon3]:491290 [NetMuon4]:491290
End process Run: 34919 ... 
[Run]:34919 [Site]:2 [Bin]:7614 [FullTime]:1056.37 [SkipTime]:0 [Veto1]:149.61 [Veto2]:148.245 [Veto3]:90.7571 [Veto4]:90.7571
