StreamChain add 0x1440f7e0
Start to process run: 35394 ... 
[Run]:35394 [Site]:2 [Bin]:7984 [FullTime]:1274.7 [SkipTime]:0 [Veto1]:172.729 [Veto2]:169.08 [Veto3]:109.98 [Veto4]:109.98 [SgUp1]:61995 [SgUp2]:62773 [SgUp3]:0 [SgUp4]:0 [SgLow1]:61847 [SgLow2]:62624 [SgLow3]:0 [SgLow4]:0 [NetMuon1]:165772 [NetMuon2]:166234 [NetMuon3]:175068 [NetMuon4]:175068
[Run]:35394 [Site]:2 [Bin]:7985 [FullTime]:3590.17 [SkipTime]:0 [Veto1]:514.107 [Veto2]:509.628 [Veto3]:308.264 [Veto4]:308.264 [SgUp1]:172636 [SgUp2]:175628 [SgUp3]:0 [SgUp4]:0 [SgLow1]:172311 [SgLow2]:175229 [SgLow3]:0 [SgLow4]:0 [NetMuon1]:459841 [NetMuon2]:461007 [NetMuon3]:490918 [NetMuon4]:490918
[Run]:35394 [Site]:2 [Bin]:7986 [FullTime]:3590.17 [SkipTime]:0 [Veto1]:499.924 [Veto2]:500.387 [Veto3]:308.334 [Veto4]:308.334 [SgUp1]:173213 [SgUp2]:175230 [SgUp3]:0 [SgUp4]:0 [SgLow1]:172832 [SgLow2]:174832 [SgLow3]:0 [SgLow4]:0 [NetMuon1]:462482 [NetMuon2]:462475 [NetMuon3]:491078 [NetMuon4]:491078
[Run]:35394 [Site]:2 [Bin]:7987 [FullTime]:3590.17 [SkipTime]:0 [Veto1]:500.759 [Veto2]:503.604 [Veto3]:309.223 [Veto4]:309.223 [SgUp1]:173366 [SgUp2]:175511 [SgUp3]:0 [SgUp4]:0 [SgLow1]:172980 [SgLow2]:175080 [SgLow3]:0 [SgLow4]:0 [NetMuon1]:463850 [NetMuon2]:463459 [NetMuon3]:492483 [NetMuon4]:492483
[Run]:35394 [Site]:2 [Bin]:7988 [FullTime]:3590.17 [SkipTime]:0 [Veto1]:496.899 [Veto2]:513.494 [Veto3]:308.321 [Veto4]:308.321 [SgUp1]:173517 [SgUp2]:174086 [SgUp3]:0 [SgUp4]:0 [SgLow1]:173168 [SgLow2]:173665 [SgLow3]:0 [SgLow4]:0 [NetMuon1]:463121 [NetMuon2]:460322 [NetMuon3]:491129 [NetMuon4]:491129
[Run]:35394 [Site]:2 [Bin]:7989 [FullTime]:3590.17 [SkipTime]:0 [Veto1]:502.691 [Veto2]:514.286 [Veto3]:308.436 [Veto4]:308.436 [SgUp1]:172783 [SgUp2]:174292 [SgUp3]:0 [SgUp4]:0 [SgLow1]:172366 [SgLow2]:173872 [SgLow3]:0 [SgLow4]:0 [NetMuon1]:462160 [NetMuon2]:460456 [NetMuon3]:491187 [NetMuon4]:491187
[Run]:35394 [Site]:2 [Bin]:7990 [FullTime]:3590.17 [SkipTime]:0 [Veto1]:518.365 [Veto2]:517.15 [Veto3]:309.096 [Veto4]:309.096 [SgUp1]:172129 [SgUp2]:174819 [SgUp3]:0 [SgUp4]:0 [SgLow1]:171730 [SgLow2]:174408 [SgLow3]:0 [SgLow4]:0 [NetMuon1]:460846 [NetMuon2]:461240 [NetMuon3]:492353 [NetMuon4]:492353
[Run]:35394 [Site]:2 [Bin]:7991 [FullTime]:3590.17 [SkipTime]:0 [Veto1]:485.182 [Veto2]:502.985 [Veto3]:308.931 [Veto4]:308.931 [SgUp1]:174014 [SgUp2]:175110 [SgUp3]:0 [SgUp4]:0 [SgLow1]:173655 [SgLow2]:174670 [SgLow3]:0 [SgLow4]:0 [NetMuon1]:465411 [NetMuon2]:462597 [NetMuon3]:491935 [NetMuon4]:491935
[Run]:35394 [Site]:2 [Bin]:7992 [FullTime]:3590.17 [SkipTime]:0 [Veto1]:494.469 [Veto2]:510.603 [Veto3]:308.756 [Veto4]:308.756 [SgUp1]:173858 [SgUp2]:174587 [SgUp3]:0 [SgUp4]:0 [SgLow1]:173442 [SgLow2]:174210 [SgLow3]:0 [SgLow4]:0 [NetMuon1]:463755 [NetMuon2]:461385 [NetMuon3]:491721 [NetMuon4]:491721
[Run]:35394 [Site]:2 [Bin]:7993 [FullTime]:3590.17 [SkipTime]:0 [Veto1]:508.101 [Veto2]:491.76 [Veto3]:308.47 [Veto4]:308.47 [SgUp1]:173118 [SgUp2]:175142 [SgUp3]:0 [SgUp4]:0 [SgLow1]:172750 [SgLow2]:174741 [SgLow3]:0 [SgLow4]:0 [NetMuon1]:461236 [NetMuon2]:464003 [NetMuon3]:491395 [NetMuon4]:491395
[Run]:35394 [Site]:2 [Bin]:7994 [FullTime]:3590.17 [SkipTime]:0 [Veto1]:513.924 [Veto2]:503.06 [Veto3]:308.651 [Veto4]:308.651 [SgUp1]:171799 [SgUp2]:175176 [SgUp3]:0 [SgUp4]:0 [SgLow1]:171451 [SgLow2]:174797 [SgLow3]:0 [SgLow4]:0 [NetMuon1]:460649 [NetMuon2]:462061 [NetMuon3]:491406 [NetMuon4]:491406
[Run]:35394 [Site]:2 [Bin]:7995 [FullTime]:3590.17 [SkipTime]:0 [Veto1]:504.272 [Veto2]:513.217 [Veto3]:308.802 [Veto4]:308.802 [SgUp1]:173199 [SgUp2]:174949 [SgUp3]:0 [SgUp4]:0 [SgLow1]:172771 [SgLow2]:174482 [SgLow3]:0 [SgLow4]:0 [NetMuon1]:462397 [NetMuon2]:461564 [NetMuon3]:491814 [NetMuon4]:491814
[Run]:35394 [Site]:2 [Bin]:7996 [FullTime]:3590.17 [SkipTime]:0 [Veto1]:520.307 [Veto2]:524.647 [Veto3]:308.753 [Veto4]:308.753 [SgUp1]:172412 [SgUp2]:173743 [SgUp3]:0 [SgUp4]:0 [SgLow1]:172073 [SgLow2]:173320 [SgLow3]:0 [SgLow4]:0 [NetMuon1]:460010 [NetMuon2]:459593 [NetMuon3]:491752 [NetMuon4]:491752
[Run]:35394 [Site]:2 [Bin]:7997 [FullTime]:3590.17 [SkipTime]:0 [Veto1]:479.956 [Veto2]:501.353 [Veto3]:308.616 [Veto4]:308.616 [SgUp1]:173994 [SgUp2]:175227 [SgUp3]:0 [SgUp4]:0 [SgLow1]:173654 [SgLow2]:174816 [SgLow3]:0 [SgLow4]:0 [NetMuon1]:465493 [NetMuon2]:462680 [NetMuon3]:491435 [NetMuon4]:491435
[Run]:35394 [Site]:2 [Bin]:7998 [FullTime]:3590.17 [SkipTime]:0 [Veto1]:506.656 [Veto2]:515.151 [Veto3]:308.015 [Veto4]:308.015 [SgUp1]:172247 [SgUp2]:173988 [SgUp3]:0 [SgUp4]:0 [SgLow1]:171855 [SgLow2]:173562 [SgLow3]:0 [SgLow4]:0 [NetMuon1]:460842 [NetMuon2]:459615 [NetMuon3]:490759 [NetMuon4]:490759
[Run]:35394 [Site]:2 [Bin]:7999 [FullTime]:3590.17 [SkipTime]:0 [Veto1]:505.865 [Veto2]:505.068 [Veto3]:309.305 [Veto4]:309.305 [SgUp1]:173074 [SgUp2]:175110 [SgUp3]:0 [SgUp4]:0 [SgLow1]:172677 [SgLow2]:174760 [SgLow3]:0 [SgLow4]:0 [NetMuon1]:462992 [NetMuon2]:463226 [NetMuon3]:492563 [NetMuon4]:492563
[Run]:35394 [Site]:2 [Bin]:8000 [FullTime]:3590.17 [SkipTime]:0 [Veto1]:516.255 [Veto2]:503.687 [Veto3]:308.699 [Veto4]:308.699 [SgUp1]:172303 [SgUp2]:175911 [SgUp3]:0 [SgUp4]:0 [SgLow1]:171941 [SgLow2]:175425 [SgLow3]:0 [SgLow4]:0 [NetMuon1]:460733 [NetMuon2]:462251 [NetMuon3]:491659 [NetMuon4]:491659
[Run]:35394 [Site]:2 [Bin]:8001 [FullTime]:3590.17 [SkipTime]:0 [Veto1]:501.56 [Veto2]:520.306 [Veto3]:308.176 [Veto4]:308.176 [SgUp1]:173452 [SgUp2]:174885 [SgUp3]:0 [SgUp4]:0 [SgLow1]:173132 [SgLow2]:174468 [SgLow3]:0 [SgLow4]:0 [NetMuon1]:461777 [NetMuon2]:459390 [NetMuon3]:490776 [NetMuon4]:490776
[Run]:35394 [Site]:2 [Bin]:8002 [FullTime]:3590.17 [SkipTime]:0 [Veto1]:525.314 [Veto2]:512.585 [Veto3]:308.984 [Veto4]:308.984 [SgUp1]:172337 [SgUp2]:174815 [SgUp3]:0 [SgUp4]:0 [SgLow1]:171975 [SgLow2]:174436 [SgLow3]:0 [SgLow4]:0 [NetMuon1]:459443 [NetMuon2]:461654 [NetMuon3]:491985 [NetMuon4]:491985
[Run]:35394 [Site]:2 [Bin]:8003 [FullTime]:3590.17 [SkipTime]:0 [Veto1]:506.288 [Veto2]:517.887 [Veto3]:308.98 [Veto4]:308.98 [SgUp1]:172769 [SgUp2]:174947 [SgUp3]:0 [SgUp4]:0 [SgLow1]:172380 [SgLow2]:174527 [SgLow3]:0 [SgLow4]:0 [NetMuon1]:462330 [NetMuon2]:460711 [NetMuon3]:492167 [NetMuon4]:492167
[Run]:35394 [Site]:2 [Bin]:8004 [FullTime]:3590.17 [SkipTime]:0 [Veto1]:511.601 [Veto2]:529.178 [Veto3]:308.931 [Veto4]:308.931 [SgUp1]:173256 [SgUp2]:174052 [SgUp3]:0 [SgUp4]:0 [SgLow1]:172848 [SgLow2]:173617 [SgLow3]:0 [SgLow4]:0 [NetMuon1]:461269 [NetMuon2]:458684 [NetMuon3]:491872 [NetMuon4]:491872
[Run]:35394 [Site]:2 [Bin]:8005 [FullTime]:3590.17 [SkipTime]:0 [Veto1]:514.556 [Veto2]:491.7 [Veto3]:309.396 [Veto4]:309.396 [SgUp1]:172842 [SgUp2]:176014 [SgUp3]:0 [SgUp4]:0 [SgLow1]:172514 [SgLow2]:175586 [SgLow3]:0 [SgLow4]:0 [NetMuon1]:461914 [NetMuon2]:465168 [NetMuon3]:492766 [NetMuon4]:492766
[Run]:35394 [Site]:2 [Bin]:8006 [FullTime]:3590.17 [SkipTime]:0 [Veto1]:486.665 [Veto2]:512.272 [Veto3]:309.096 [Veto4]:309.096 [SgUp1]:175437 [SgUp2]:174873 [SgUp3]:0 [SgUp4]:0 [SgLow1]:175036 [SgLow2]:174476 [SgLow3]:0 [SgLow4]:0 [NetMuon1]:465797 [NetMuon2]:461780 [NetMuon3]:492235 [NetMuon4]:492235
[Run]:35394 [Site]:2 [Bin]:8007 [FullTime]:3590.17 [SkipTime]:0 [Veto1]:512.548 [Veto2]:530.646 [Veto3]:309.551 [Veto4]:309.551 [SgUp1]:173034 [SgUp2]:173020 [SgUp3]:0 [SgUp4]:0 [SgLow1]:172651 [SgLow2]:172624 [SgLow3]:0 [SgLow4]:0 [NetMuon1]:462519 [NetMuon2]:459581 [NetMuon3]:492944 [NetMuon4]:492944
[Run]:35394 [Site]:2 [Bin]:8008 [FullTime]:3590.17 [SkipTime]:0 [Veto1]:507.094 [Veto2]:516.978 [Veto3]:308.225 [Veto4]:308.225 [SgUp1]:172545 [SgUp2]:174218 [SgUp3]:0 [SgUp4]:0 [SgLow1]:172178 [SgLow2]:173794 [SgLow3]:0 [SgLow4]:0 [NetMuon1]:461269 [NetMuon2]:459640 [NetMuon3]:490851 [NetMuon4]:490851
[Run]:35394 [Site]:2 [Bin]:8009 [FullTime]:3590.17 [SkipTime]:0 [Veto1]:508.983 [Veto2]:508.82 [Veto3]:309.062 [Veto4]:309.062 [SgUp1]:173458 [SgUp2]:174385 [SgUp3]:0 [SgUp4]:0 [SgLow1]:173066 [SgLow2]:173936 [SgLow3]:0 [SgLow4]:0 [NetMuon1]:462355 [NetMuon2]:462297 [NetMuon3]:492207 [NetMuon4]:492207
[Run]:35394 [Site]:2 [Bin]:8010 [FullTime]:3590.17 [SkipTime]:0 [Veto1]:490.498 [Veto2]:484.15 [Veto3]:309.177 [Veto4]:309.177 [SgUp1]:173954 [SgUp2]:175715 [SgUp3]:0 [SgUp4]:0 [SgLow1]:173564 [SgLow2]:175333 [SgLow3]:0 [SgLow4]:0 [NetMuon1]:465393 [NetMuon2]:466529 [NetMuon3]:492505 [NetMuon4]:492505
[Run]:35394 [Site]:2 [Bin]:8011 [FullTime]:3590.17 [SkipTime]:0 [Veto1]:494.333 [Veto2]:508.222 [Veto3]:309.067 [Veto4]:309.067 [SgUp1]:173455 [SgUp2]:175115 [SgUp3]:0 [SgUp4]:0 [SgLow1]:173044 [SgLow2]:174720 [SgLow3]:0 [SgLow4]:0 [NetMuon1]:464465 [NetMuon2]:462237 [NetMuon3]:492180 [NetMuon4]:492180
[Run]:35394 [Site]:2 [Bin]:8012 [FullTime]:3590.17 [SkipTime]:0 [Veto1]:496.681 [Veto2]:494.874 [Veto3]:309.173 [Veto4]:309.173 [SgUp1]:173153 [SgUp2]:175511 [SgUp3]:0 [SgUp4]:0 [SgLow1]:172792 [SgLow2]:175085 [SgLow3]:0 [SgLow4]:0 [NetMuon1]:464271 [NetMuon2]:464658 [NetMuon3]:492463 [NetMuon4]:492463
[Run]:35394 [Site]:2 [Bin]:8013 [FullTime]:3590.17 [SkipTime]:0 [Veto1]:495.573 [Veto2]:521.327 [Veto3]:308.618 [Veto4]:308.618 [SgUp1]:173790 [SgUp2]:173800 [SgUp3]:0 [SgUp4]:0 [SgLow1]:173433 [SgLow2]:173387 [SgLow3]:0 [SgLow4]:0 [NetMuon1]:463414 [NetMuon2]:459554 [NetMuon3]:491533 [NetMuon4]:491533
[Run]:35394 [Site]:2 [Bin]:8014 [FullTime]:3590.17 [SkipTime]:0 [Veto1]:515.051 [Veto2]:505.763 [Veto3]:308.803 [Veto4]:308.803 [SgUp1]:172501 [SgUp2]:174635 [SgUp3]:0 [SgUp4]:0 [SgLow1]:172170 [SgLow2]:174213 [SgLow3]:0 [SgLow4]:0 [NetMuon1]:460741 [NetMuon2]:462182 [NetMuon3]:491746 [NetMuon4]:491746
[Run]:35394 [Site]:2 [Bin]:8015 [FullTime]:3590.17 [SkipTime]:0 [Veto1]:485.772 [Veto2]:502.62 [Veto3]:308.225 [Veto4]:308.225 [SgUp1]:174390 [SgUp2]:175248 [SgUp3]:0 [SgUp4]:0 [SgLow1]:173959 [SgLow2]:174798 [SgLow3]:0 [SgLow4]:0 [NetMuon1]:464519 [NetMuon2]:461748 [NetMuon3]:491025 [NetMuon4]:491025
End process Run: 35394 ... 
[Run]:35394 [Site]:2 [Bin]:8016 [FullTime]:492.728 [SkipTime]:0 [Veto1]:66.5231 [Veto2]:68.4291 [Veto3]:42.1384 [Veto4]:42.1384
