StreamChain add 0x44977e0
Start to process run: 36005 ... 
[Run]:36005 [Site]:2 [Bin]:8522 [FullTime]:2111.14 [SkipTime]:0 [Veto1]:310.408 [Veto2]:297.39 [Veto3]:180.84 [Veto4]:180.84 [SgUp1]:101540 [SgUp2]:102733 [SgUp3]:0 [SgUp4]:0 [SgLow1]:101319 [SgLow2]:102530 [SgLow3]:0 [SgLow4]:0 [NetMuon1]:269003 [NetMuon2]:270757 [NetMuon3]:288190 [NetMuon4]:288190
[Run]:36005 [Site]:2 [Bin]:8523 [FullTime]:3590.17 [SkipTime]:0 [Veto1]:503.555 [Veto2]:517.018 [Veto3]:307.723 [Veto4]:307.723 [SgUp1]:173195 [SgUp2]:173477 [SgUp3]:0 [SgUp4]:0 [SgLow1]:172840 [SgLow2]:173062 [SgLow3]:0 [SgLow4]:0 [NetMuon1]:460942 [NetMuon2]:458736 [NetMuon3]:490182 [NetMuon4]:490182
[Run]:36005 [Site]:2 [Bin]:8524 [FullTime]:3590.17 [SkipTime]:0 [Veto1]:508.809 [Veto2]:513.171 [Veto3]:307.598 [Veto4]:307.598 [SgUp1]:173104 [SgUp2]:174329 [SgUp3]:0 [SgUp4]:0 [SgLow1]:172678 [SgLow2]:173946 [SgLow3]:0 [SgLow4]:0 [NetMuon1]:460357 [NetMuon2]:459462 [NetMuon3]:490207 [NetMuon4]:490207
[Run]:36005 [Site]:2 [Bin]:8525 [FullTime]:3590.17 [SkipTime]:0 [Veto1]:509.368 [Veto2]:506.287 [Veto3]:307.55 [Veto4]:307.55 [SgUp1]:173133 [SgUp2]:173945 [SgUp3]:0 [SgUp4]:0 [SgLow1]:172730 [SgLow2]:173546 [SgLow3]:0 [SgLow4]:0 [NetMuon1]:459662 [NetMuon2]:460169 [NetMuon3]:489920 [NetMuon4]:489920
[Run]:36005 [Site]:2 [Bin]:8526 [FullTime]:3590.17 [SkipTime]:0 [Veto1]:506.914 [Veto2]:515.332 [Veto3]:307.161 [Veto4]:307.161 [SgUp1]:172906 [SgUp2]:173971 [SgUp3]:0 [SgUp4]:0 [SgLow1]:172524 [SgLow2]:173568 [SgLow3]:0 [SgLow4]:0 [NetMuon1]:459275 [NetMuon2]:458076 [NetMuon3]:489152 [NetMuon4]:489152
[Run]:36005 [Site]:2 [Bin]:8527 [FullTime]:3590.17 [SkipTime]:0 [Veto1]:506.418 [Veto2]:522.144 [Veto3]:307.741 [Veto4]:307.741 [SgUp1]:172855 [SgUp2]:173977 [SgUp3]:0 [SgUp4]:0 [SgLow1]:172495 [SgLow2]:173528 [SgLow3]:0 [SgLow4]:0 [NetMuon1]:460513 [NetMuon2]:457843 [NetMuon3]:490113 [NetMuon4]:490113
[Run]:36005 [Site]:2 [Bin]:8528 [FullTime]:3590.17 [SkipTime]:0 [Veto1]:529.438 [Veto2]:512.297 [Veto3]:307.377 [Veto4]:307.377 [SgUp1]:171844 [SgUp2]:174035 [SgUp3]:0 [SgUp4]:0 [SgLow1]:171484 [SgLow2]:173684 [SgLow3]:0 [SgLow4]:0 [NetMuon1]:456140 [NetMuon2]:458763 [NetMuon3]:489507 [NetMuon4]:489507
[Run]:36005 [Site]:2 [Bin]:8529 [FullTime]:3590.17 [SkipTime]:0 [Veto1]:505.924 [Veto2]:507.681 [Veto3]:308.016 [Veto4]:308.016 [SgUp1]:173085 [SgUp2]:174665 [SgUp3]:0 [SgUp4]:0 [SgLow1]:172702 [SgLow2]:174269 [SgLow3]:0 [SgLow4]:0 [NetMuon1]:460944 [NetMuon2]:460779 [NetMuon3]:490665 [NetMuon4]:490665
[Run]:36005 [Site]:2 [Bin]:8530 [FullTime]:3590.17 [SkipTime]:0 [Veto1]:503.509 [Veto2]:512.946 [Veto3]:307.602 [Veto4]:307.602 [SgUp1]:173323 [SgUp2]:174476 [SgUp3]:0 [SgUp4]:0 [SgLow1]:172928 [SgLow2]:174060 [SgLow3]:0 [SgLow4]:0 [NetMuon1]:461114 [NetMuon2]:459573 [NetMuon3]:490281 [NetMuon4]:490281
[Run]:36005 [Site]:2 [Bin]:8531 [FullTime]:3590.17 [SkipTime]:0 [Veto1]:495.663 [Veto2]:517.101 [Veto3]:307.792 [Veto4]:307.792 [SgUp1]:173313 [SgUp2]:173360 [SgUp3]:0 [SgUp4]:0 [SgLow1]:172998 [SgLow2]:173013 [SgLow3]:0 [SgLow4]:0 [NetMuon1]:462066 [NetMuon2]:458736 [NetMuon3]:490214 [NetMuon4]:490214
[Run]:36005 [Site]:2 [Bin]:8532 [FullTime]:3590.17 [SkipTime]:0 [Veto1]:511.129 [Veto2]:506.311 [Veto3]:306.985 [Veto4]:306.985 [SgUp1]:172178 [SgUp2]:173899 [SgUp3]:0 [SgUp4]:0 [SgLow1]:171792 [SgLow2]:173520 [SgLow3]:0 [SgLow4]:0 [NetMuon1]:458982 [NetMuon2]:459461 [NetMuon3]:489285 [NetMuon4]:489285
[Run]:36005 [Site]:2 [Bin]:8533 [FullTime]:3590.17 [SkipTime]:0 [Veto1]:508.802 [Veto2]:507.422 [Veto3]:307.175 [Veto4]:307.175 [SgUp1]:172884 [SgUp2]:174980 [SgUp3]:0 [SgUp4]:0 [SgLow1]:172501 [SgLow2]:174572 [SgLow3]:0 [SgLow4]:0 [NetMuon1]:459310 [NetMuon2]:459660 [NetMuon3]:489376 [NetMuon4]:489376
[Run]:36005 [Site]:2 [Bin]:8534 [FullTime]:3590.17 [SkipTime]:0 [Veto1]:529.649 [Veto2]:510.352 [Veto3]:308.034 [Veto4]:308.034 [SgUp1]:171507 [SgUp2]:174814 [SgUp3]:0 [SgUp4]:0 [SgLow1]:171147 [SgLow2]:174452 [SgLow3]:0 [SgLow4]:0 [NetMuon1]:457581 [NetMuon2]:460441 [NetMuon3]:490656 [NetMuon4]:490656
[Run]:36005 [Site]:2 [Bin]:8535 [FullTime]:3590.17 [SkipTime]:0 [Veto1]:494.653 [Veto2]:493.934 [Veto3]:307.856 [Veto4]:307.856 [SgUp1]:173658 [SgUp2]:175227 [SgUp3]:0 [SgUp4]:0 [SgLow1]:173241 [SgLow2]:174802 [SgLow3]:0 [SgLow4]:0 [NetMuon1]:462528 [NetMuon2]:462821 [NetMuon3]:490392 [NetMuon4]:490392
[Run]:36005 [Site]:2 [Bin]:8536 [FullTime]:3590.17 [SkipTime]:0 [Veto1]:523.719 [Veto2]:504.672 [Veto3]:308.341 [Veto4]:308.341 [SgUp1]:171635 [SgUp2]:175073 [SgUp3]:0 [SgUp4]:0 [SgLow1]:171247 [SgLow2]:174698 [SgLow3]:0 [SgLow4]:0 [NetMuon1]:459123 [NetMuon2]:461944 [NetMuon3]:491243 [NetMuon4]:491243
[Run]:36005 [Site]:2 [Bin]:8537 [FullTime]:3590.17 [SkipTime]:0 [Veto1]:522.395 [Veto2]:510.313 [Veto3]:308.538 [Veto4]:308.538 [SgUp1]:172216 [SgUp2]:173475 [SgUp3]:0 [SgUp4]:0 [SgLow1]:171845 [SgLow2]:173086 [SgLow3]:0 [SgLow4]:0 [NetMuon1]:459208 [NetMuon2]:461056 [NetMuon3]:491332 [NetMuon4]:491332
[Run]:36005 [Site]:2 [Bin]:8538 [FullTime]:3590.17 [SkipTime]:0 [Veto1]:523.874 [Veto2]:499.064 [Veto3]:308.081 [Veto4]:308.081 [SgUp1]:172270 [SgUp2]:174537 [SgUp3]:0 [SgUp4]:0 [SgLow1]:171900 [SgLow2]:174120 [SgLow3]:0 [SgLow4]:0 [NetMuon1]:458200 [NetMuon2]:462371 [NetMuon3]:490754 [NetMuon4]:490754
[Run]:36005 [Site]:2 [Bin]:8539 [FullTime]:3590.17 [SkipTime]:0 [Veto1]:517.882 [Veto2]:517.531 [Veto3]:307.641 [Veto4]:307.641 [SgUp1]:172328 [SgUp2]:174253 [SgUp3]:0 [SgUp4]:0 [SgLow1]:171994 [SgLow2]:173838 [SgLow3]:0 [SgLow4]:0 [NetMuon1]:458685 [NetMuon2]:458720 [NetMuon3]:490173 [NetMuon4]:490173
[Run]:36005 [Site]:2 [Bin]:8540 [FullTime]:3590.17 [SkipTime]:0 [Veto1]:485.834 [Veto2]:484.545 [Veto3]:307.214 [Veto4]:307.214 [SgUp1]:174550 [SgUp2]:175813 [SgUp3]:0 [SgUp4]:0 [SgLow1]:174140 [SgLow2]:175406 [SgLow3]:0 [SgLow4]:0 [NetMuon1]:462958 [NetMuon2]:463207 [NetMuon3]:489456 [NetMuon4]:489456
[Run]:36005 [Site]:2 [Bin]:8541 [FullTime]:3590.17 [SkipTime]:0 [Veto1]:495.415 [Veto2]:505.333 [Veto3]:307.047 [Veto4]:307.047 [SgUp1]:173515 [SgUp2]:174309 [SgUp3]:0 [SgUp4]:0 [SgLow1]:173116 [SgLow2]:173894 [SgLow3]:0 [SgLow4]:0 [NetMuon1]:460929 [NetMuon2]:459453 [NetMuon3]:489013 [NetMuon4]:489013
[Run]:36005 [Site]:2 [Bin]:8542 [FullTime]:3590.17 [SkipTime]:0 [Veto1]:496.851 [Veto2]:512.571 [Veto3]:307.566 [Veto4]:307.566 [SgUp1]:173883 [SgUp2]:175045 [SgUp3]:0 [SgUp4]:0 [SgLow1]:173474 [SgLow2]:174673 [SgLow3]:0 [SgLow4]:0 [NetMuon1]:461688 [NetMuon2]:459312 [NetMuon3]:489956 [NetMuon4]:489956
[Run]:36005 [Site]:2 [Bin]:8543 [FullTime]:3590.17 [SkipTime]:0 [Veto1]:493.528 [Veto2]:506.563 [Veto3]:307.439 [Veto4]:307.439 [SgUp1]:173720 [SgUp2]:175218 [SgUp3]:0 [SgUp4]:0 [SgLow1]:173366 [SgLow2]:174814 [SgLow3]:0 [SgLow4]:0 [NetMuon1]:461752 [NetMuon2]:459820 [NetMuon3]:489676 [NetMuon4]:489676
[Run]:36005 [Site]:2 [Bin]:8544 [FullTime]:3590.17 [SkipTime]:0 [Veto1]:503.204 [Veto2]:506.377 [Veto3]:306.507 [Veto4]:306.507 [SgUp1]:172878 [SgUp2]:174860 [SgUp3]:0 [SgUp4]:0 [SgLow1]:172522 [SgLow2]:174438 [SgLow3]:0 [SgLow4]:0 [NetMuon1]:459293 [NetMuon2]:458785 [NetMuon3]:488378 [NetMuon4]:488378
[Run]:36005 [Site]:2 [Bin]:8545 [FullTime]:3590.17 [SkipTime]:0 [Veto1]:506.274 [Veto2]:495.647 [Veto3]:306.944 [Veto4]:306.944 [SgUp1]:173230 [SgUp2]:175539 [SgUp3]:0 [SgUp4]:0 [SgLow1]:172886 [SgLow2]:175175 [SgLow3]:0 [SgLow4]:0 [NetMuon1]:459627 [NetMuon2]:460972 [NetMuon3]:489054 [NetMuon4]:489054
[Run]:36005 [Site]:2 [Bin]:8546 [FullTime]:3590.17 [SkipTime]:0 [Veto1]:522.435 [Veto2]:516.499 [Veto3]:306.339 [Veto4]:306.339 [SgUp1]:172231 [SgUp2]:173869 [SgUp3]:0 [SgUp4]:0 [SgLow1]:171897 [SgLow2]:173485 [SgLow3]:0 [SgLow4]:0 [NetMuon1]:456283 [NetMuon2]:457115 [NetMuon3]:488132 [NetMuon4]:488132
[Run]:36005 [Site]:2 [Bin]:8547 [FullTime]:3590.17 [SkipTime]:0 [Veto1]:520.599 [Veto2]:521.708 [Veto3]:306.89 [Veto4]:306.89 [SgUp1]:171773 [SgUp2]:173597 [SgUp3]:0 [SgUp4]:0 [SgLow1]:171445 [SgLow2]:173194 [SgLow3]:0 [SgLow4]:0 [NetMuon1]:456780 [NetMuon2]:456949 [NetMuon3]:488849 [NetMuon4]:488849
[Run]:36005 [Site]:2 [Bin]:8548 [FullTime]:3590.17 [SkipTime]:0 [Veto1]:493.834 [Veto2]:504.636 [Veto3]:306.441 [Veto4]:306.441 [SgUp1]:173453 [SgUp2]:175105 [SgUp3]:0 [SgUp4]:0 [SgLow1]:173068 [SgLow2]:174701 [SgLow3]:0 [SgLow4]:0 [NetMuon1]:460345 [NetMuon2]:458763 [NetMuon3]:488300 [NetMuon4]:488300
[Run]:36005 [Site]:2 [Bin]:8549 [FullTime]:3590.17 [SkipTime]:0 [Veto1]:502.911 [Veto2]:484.269 [Veto3]:307.628 [Veto4]:307.628 [SgUp1]:173477 [SgUp2]:176171 [SgUp3]:0 [SgUp4]:0 [SgLow1]:173146 [SgLow2]:175751 [SgLow3]:0 [SgLow4]:0 [NetMuon1]:460958 [NetMuon2]:463212 [NetMuon3]:489987 [NetMuon4]:489987
[Run]:36005 [Site]:2 [Bin]:8550 [FullTime]:3590.17 [SkipTime]:0 [Veto1]:503.686 [Veto2]:503.042 [Veto3]:307.252 [Veto4]:307.252 [SgUp1]:173038 [SgUp2]:174463 [SgUp3]:0 [SgUp4]:0 [SgLow1]:172625 [SgLow2]:174060 [SgLow3]:0 [SgLow4]:0 [NetMuon1]:460140 [NetMuon2]:460454 [NetMuon3]:489411 [NetMuon4]:489411
[Run]:36005 [Site]:2 [Bin]:8551 [FullTime]:3590.17 [SkipTime]:0 [Veto1]:491.53 [Veto2]:499.242 [Veto3]:307.535 [Veto4]:307.535 [SgUp1]:173350 [SgUp2]:174282 [SgUp3]:0 [SgUp4]:0 [SgLow1]:172964 [SgLow2]:173886 [SgLow3]:0 [SgLow4]:0 [NetMuon1]:461994 [NetMuon2]:461231 [NetMuon3]:489836 [NetMuon4]:489836
[Run]:36005 [Site]:2 [Bin]:8552 [FullTime]:3590.17 [SkipTime]:0 [Veto1]:513.155 [Veto2]:519.629 [Veto3]:307.789 [Veto4]:307.789 [SgUp1]:171936 [SgUp2]:174430 [SgUp3]:0 [SgUp4]:0 [SgLow1]:171551 [SgLow2]:174049 [SgLow3]:0 [SgLow4]:0 [NetMuon1]:459503 [NetMuon2]:458706 [NetMuon3]:490113 [NetMuon4]:490113
[Run]:36005 [Site]:2 [Bin]:8553 [FullTime]:3590.17 [SkipTime]:0 [Veto1]:500.502 [Veto2]:497.134 [Veto3]:307.496 [Veto4]:307.496 [SgUp1]:172808 [SgUp2]:175656 [SgUp3]:0 [SgUp4]:0 [SgLow1]:172447 [SgLow2]:175244 [SgLow3]:0 [SgLow4]:0 [NetMuon1]:460808 [NetMuon2]:461527 [NetMuon3]:489746 [NetMuon4]:489746
[Run]:36005 [Site]:2 [Bin]:8554 [FullTime]:3590.17 [SkipTime]:0 [Veto1]:488.386 [Veto2]:485.232 [Veto3]:307.383 [Veto4]:307.383 [SgUp1]:172918 [SgUp2]:175633 [SgUp3]:0 [SgUp4]:0 [SgLow1]:172585 [SgLow2]:175211 [SgLow3]:0 [SgLow4]:0 [NetMuon1]:462491 [NetMuon2]:463123 [NetMuon3]:489632 [NetMuon4]:489632
[Run]:36005 [Site]:2 [Bin]:8555 [FullTime]:3590.17 [SkipTime]:0 [Veto1]:540.439 [Veto2]:510.611 [Veto3]:307.374 [Veto4]:307.374 [SgUp1]:170920 [SgUp2]:174710 [SgUp3]:0 [SgUp4]:0 [SgLow1]:170583 [SgLow2]:174303 [SgLow3]:0 [SgLow4]:0 [NetMuon1]:455097 [NetMuon2]:459156 [NetMuon3]:489752 [NetMuon4]:489752
[Run]:36005 [Site]:2 [Bin]:8556 [FullTime]:3590.17 [SkipTime]:0 [Veto1]:519.265 [Veto2]:525.792 [Veto3]:307.482 [Veto4]:307.482 [SgUp1]:172525 [SgUp2]:173488 [SgUp3]:0 [SgUp4]:0 [SgLow1]:172211 [SgLow2]:173083 [SgLow3]:0 [SgLow4]:0 [NetMuon1]:458408 [NetMuon2]:457420 [NetMuon3]:489882 [NetMuon4]:489882
[Run]:36005 [Site]:2 [Bin]:8557 [FullTime]:3590.17 [SkipTime]:0 [Veto1]:508.238 [Veto2]:512.501 [Veto3]:307.472 [Veto4]:307.472 [SgUp1]:173524 [SgUp2]:174122 [SgUp3]:0 [SgUp4]:0 [SgLow1]:173158 [SgLow2]:173721 [SgLow3]:0 [SgLow4]:0 [NetMuon1]:459680 [NetMuon2]:459069 [NetMuon3]:489616 [NetMuon4]:489616
[Run]:36005 [Site]:2 [Bin]:8558 [FullTime]:3590.17 [SkipTime]:0 [Veto1]:508.585 [Veto2]:506.977 [Veto3]:308.231 [Veto4]:308.231 [SgUp1]:172179 [SgUp2]:175135 [SgUp3]:0 [SgUp4]:0 [SgLow1]:171804 [SgLow2]:174733 [SgLow3]:0 [SgLow4]:0 [NetMuon1]:461290 [NetMuon2]:461385 [NetMuon3]:490894 [NetMuon4]:490894
[Run]:36005 [Site]:2 [Bin]:8559 [FullTime]:3590.17 [SkipTime]:0 [Veto1]:507.282 [Veto2]:516.741 [Veto3]:308.267 [Veto4]:308.267 [SgUp1]:171983 [SgUp2]:174410 [SgUp3]:0 [SgUp4]:0 [SgLow1]:171649 [SgLow2]:174033 [SgLow3]:0 [SgLow4]:0 [NetMuon1]:461218 [NetMuon2]:459604 [NetMuon3]:490926 [NetMuon4]:490926
[Run]:36005 [Site]:2 [Bin]:8560 [FullTime]:3590.17 [SkipTime]:0 [Veto1]:498.336 [Veto2]:501.388 [Veto3]:308.089 [Veto4]:308.089 [SgUp1]:173813 [SgUp2]:175394 [SgUp3]:0 [SgUp4]:0 [SgLow1]:173476 [SgLow2]:174995 [SgLow3]:0 [SgLow4]:0 [NetMuon1]:462053 [NetMuon2]:462020 [NetMuon3]:490647 [NetMuon4]:490647
[Run]:36005 [Site]:2 [Bin]:8561 [FullTime]:3590.17 [SkipTime]:0 [Veto1]:531.033 [Veto2]:496.989 [Veto3]:307.572 [Veto4]:307.572 [SgUp1]:171217 [SgUp2]:175779 [SgUp3]:0 [SgUp4]:0 [SgLow1]:170825 [SgLow2]:175343 [SgLow3]:0 [SgLow4]:0 [NetMuon1]:456225 [NetMuon2]:461682 [NetMuon3]:489926 [NetMuon4]:489926
[Run]:36005 [Site]:2 [Bin]:8562 [FullTime]:3590.17 [SkipTime]:0 [Veto1]:511.455 [Veto2]:494.416 [Veto3]:307.655 [Veto4]:307.655 [SgUp1]:172807 [SgUp2]:176251 [SgUp3]:0 [SgUp4]:0 [SgLow1]:172447 [SgLow2]:175856 [SgLow3]:0 [SgLow4]:0 [NetMuon1]:459694 [NetMuon2]:462120 [NetMuon3]:489957 [NetMuon4]:489957
[Run]:36005 [Site]:2 [Bin]:8563 [FullTime]:3590.17 [SkipTime]:0 [Veto1]:512.512 [Veto2]:503.833 [Veto3]:307.604 [Veto4]:307.604 [SgUp1]:172294 [SgUp2]:175305 [SgUp3]:0 [SgUp4]:0 [SgLow1]:171926 [SgLow2]:174939 [SgLow3]:0 [SgLow4]:0 [NetMuon1]:458986 [NetMuon2]:460779 [NetMuon3]:489887 [NetMuon4]:489887
[Run]:36005 [Site]:2 [Bin]:8564 [FullTime]:3590.17 [SkipTime]:0 [Veto1]:501.368 [Veto2]:520.483 [Veto3]:307.432 [Veto4]:307.432 [SgUp1]:173604 [SgUp2]:174591 [SgUp3]:0 [SgUp4]:0 [SgLow1]:173236 [SgLow2]:174180 [SgLow3]:0 [SgLow4]:0 [NetMuon1]:460923 [NetMuon2]:458004 [NetMuon3]:489753 [NetMuon4]:489753
[Run]:36005 [Site]:2 [Bin]:8565 [FullTime]:3590.17 [SkipTime]:0 [Veto1]:495.156 [Veto2]:526.995 [Veto3]:307.232 [Veto4]:307.232 [SgUp1]:173464 [SgUp2]:174350 [SgUp3]:0 [SgUp4]:0 [SgLow1]:173100 [SgLow2]:173961 [SgLow3]:0 [SgLow4]:0 [NetMuon1]:461421 [NetMuon2]:456563 [NetMuon3]:489506 [NetMuon4]:489506
[Run]:36005 [Site]:2 [Bin]:8566 [FullTime]:3590.17 [SkipTime]:0 [Veto1]:508.277 [Veto2]:501.173 [Veto3]:308.141 [Veto4]:308.141 [SgUp1]:172858 [SgUp2]:175760 [SgUp3]:0 [SgUp4]:0 [SgLow1]:172463 [SgLow2]:175408 [SgLow3]:0 [SgLow4]:0 [NetMuon1]:460934 [NetMuon2]:461903 [NetMuon3]:491062 [NetMuon4]:491062
[Run]:36005 [Site]:2 [Bin]:8567 [FullTime]:3590.18 [SkipTime]:0 [Veto1]:508.584 [Veto2]:495.875 [Veto3]:307.163 [Veto4]:307.163 [SgUp1]:172994 [SgUp2]:175963 [SgUp3]:0 [SgUp4]:0 [SgLow1]:172641 [SgLow2]:175563 [SgLow3]:0 [SgLow4]:0 [NetMuon1]:459290 [NetMuon2]:461072 [NetMuon3]:489203 [NetMuon4]:489203
[Run]:36005 [Site]:2 [Bin]:8568 [FullTime]:3590.17 [SkipTime]:0 [Veto1]:522.276 [Veto2]:487.423 [Veto3]:306.589 [Veto4]:306.589 [SgUp1]:171723 [SgUp2]:176073 [SgUp3]:0 [SgUp4]:0 [SgLow1]:171383 [SgLow2]:175672 [SgLow3]:0 [SgLow4]:0 [NetMuon1]:456533 [NetMuon2]:461639 [NetMuon3]:488538 [NetMuon4]:488538
[Run]:36005 [Site]:2 [Bin]:8569 [FullTime]:3590.17 [SkipTime]:0 [Veto1]:504.76 [Veto2]:537.405 [Veto3]:305.812 [Veto4]:305.812 [SgUp1]:172541 [SgUp2]:173634 [SgUp3]:0 [SgUp4]:0 [SgLow1]:172197 [SgLow2]:173213 [SgLow3]:0 [SgLow4]:0 [NetMuon1]:457589 [NetMuon2]:452777 [NetMuon3]:487041 [NetMuon4]:487041
[Run]:36005 [Site]:2 [Bin]:8570 [FullTime]:3590.18 [SkipTime]:0 [Veto1]:492.75 [Veto2]:535.733 [Veto3]:307.276 [Veto4]:307.276 [SgUp1]:173934 [SgUp2]:173487 [SgUp3]:0 [SgUp4]:0 [SgLow1]:173566 [SgLow2]:173095 [SgLow3]:0 [SgLow4]:0 [NetMuon1]:461788 [NetMuon2]:455285 [NetMuon3]:489483 [NetMuon4]:489483
End process Run: 36005 ... 
[Run]:36005 [Site]:2 [Bin]:8571 [FullTime]:1880.27 [SkipTime]:0 [Veto1]:281.907 [Veto2]:261.294 [Veto3]:161.297 [Veto4]:161.297
