StreamChain add 0xced57e0
Start to process run: 36400 ... 
[Run]:36400 [Site]:2 [Bin]:8811 [FullTime]:2787.43 [SkipTime]:0 [Veto1]:409.059 [Veto2]:400.217 [Veto3]:239.008 [Veto4]:239.008 [SgUp1]:134101 [SgUp2]:135822 [SgUp3]:0 [SgUp4]:0 [SgLow1]:133799 [SgLow2]:135543 [SgLow3]:0 [SgLow4]:0 [NetMuon1]:355474 [NetMuon2]:356557 [NetMuon3]:380728 [NetMuon4]:380728
[Run]:36400 [Site]:2 [Bin]:8812 [FullTime]:3590.18 [SkipTime]:0 [Veto1]:485.966 [Veto2]:503.677 [Veto3]:308.19 [Veto4]:308.19 [SgUp1]:174186 [SgUp2]:175136 [SgUp3]:0 [SgUp4]:0 [SgLow1]:173847 [SgLow2]:174712 [SgLow3]:0 [SgLow4]:0 [NetMuon1]:464054 [NetMuon2]:461416 [NetMuon3]:490794 [NetMuon4]:490794
[Run]:36400 [Site]:2 [Bin]:8813 [FullTime]:3590.17 [SkipTime]:0 [Veto1]:508.485 [Veto2]:498.382 [Veto3]:308.649 [Veto4]:308.649 [SgUp1]:172549 [SgUp2]:174748 [SgUp3]:0 [SgUp4]:0 [SgLow1]:172163 [SgLow2]:174346 [SgLow3]:0 [SgLow4]:0 [NetMuon1]:462083 [NetMuon2]:463275 [NetMuon3]:491839 [NetMuon4]:491839
[Run]:36400 [Site]:2 [Bin]:8814 [FullTime]:3590.17 [SkipTime]:0 [Veto1]:503.758 [Veto2]:487.201 [Veto3]:308.229 [Veto4]:308.229 [SgUp1]:173627 [SgUp2]:176044 [SgUp3]:0 [SgUp4]:0 [SgLow1]:173274 [SgLow2]:175631 [SgLow3]:0 [SgLow4]:0 [NetMuon1]:461934 [NetMuon2]:464338 [NetMuon3]:490980 [NetMuon4]:490980
[Run]:36400 [Site]:2 [Bin]:8815 [FullTime]:3590.17 [SkipTime]:0 [Veto1]:494.627 [Veto2]:484.677 [Veto3]:308.061 [Veto4]:308.061 [SgUp1]:173937 [SgUp2]:175227 [SgUp3]:0 [SgUp4]:0 [SgLow1]:173593 [SgLow2]:174828 [SgLow3]:0 [SgLow4]:0 [NetMuon1]:462692 [NetMuon2]:464202 [NetMuon3]:490560 [NetMuon4]:490560
[Run]:36400 [Site]:2 [Bin]:8816 [FullTime]:3590.17 [SkipTime]:0 [Veto1]:485.476 [Veto2]:515.752 [Veto3]:308.354 [Veto4]:308.354 [SgUp1]:175039 [SgUp2]:174314 [SgUp3]:0 [SgUp4]:0 [SgLow1]:174628 [SgLow2]:173945 [SgLow3]:0 [SgLow4]:0 [NetMuon1]:464756 [NetMuon2]:460163 [NetMuon3]:491177 [NetMuon4]:491177
[Run]:36400 [Site]:2 [Bin]:8817 [FullTime]:3590.17 [SkipTime]:0 [Veto1]:512.38 [Veto2]:506.323 [Veto3]:308.709 [Veto4]:308.709 [SgUp1]:172578 [SgUp2]:175322 [SgUp3]:0 [SgUp4]:0 [SgLow1]:172238 [SgLow2]:174949 [SgLow3]:0 [SgLow4]:0 [NetMuon1]:461248 [NetMuon2]:462171 [NetMuon3]:491706 [NetMuon4]:491706
[Run]:36400 [Site]:2 [Bin]:8818 [FullTime]:3590.17 [SkipTime]:0 [Veto1]:496.619 [Veto2]:517.434 [Veto3]:308.045 [Veto4]:308.045 [SgUp1]:174379 [SgUp2]:174527 [SgUp3]:0 [SgUp4]:0 [SgLow1]:173989 [SgLow2]:174178 [SgLow3]:0 [SgLow4]:0 [NetMuon1]:462553 [NetMuon2]:459043 [NetMuon3]:490617 [NetMuon4]:490617
[Run]:36400 [Site]:2 [Bin]:8819 [FullTime]:3590.17 [SkipTime]:0 [Veto1]:525.994 [Veto2]:514.016 [Veto3]:308.585 [Veto4]:308.585 [SgUp1]:172837 [SgUp2]:174134 [SgUp3]:0 [SgUp4]:0 [SgLow1]:172460 [SgLow2]:173747 [SgLow3]:0 [SgLow4]:0 [NetMuon1]:458698 [NetMuon2]:460619 [NetMuon3]:491366 [NetMuon4]:491366
[Run]:36400 [Site]:2 [Bin]:8820 [FullTime]:3590.17 [SkipTime]:0 [Veto1]:498.658 [Veto2]:503.277 [Veto3]:307.816 [Veto4]:307.816 [SgUp1]:172953 [SgUp2]:175651 [SgUp3]:0 [SgUp4]:0 [SgLow1]:172600 [SgLow2]:175293 [SgLow3]:0 [SgLow4]:0 [NetMuon1]:461854 [NetMuon2]:461212 [NetMuon3]:490528 [NetMuon4]:490528
[Run]:36400 [Site]:2 [Bin]:8821 [FullTime]:3590.17 [SkipTime]:0 [Veto1]:523.614 [Veto2]:508.135 [Veto3]:308.491 [Veto4]:308.491 [SgUp1]:171976 [SgUp2]:175370 [SgUp3]:0 [SgUp4]:0 [SgLow1]:171648 [SgLow2]:174980 [SgLow3]:0 [SgLow4]:0 [NetMuon1]:459219 [NetMuon2]:461676 [NetMuon3]:491276 [NetMuon4]:491276
[Run]:36400 [Site]:2 [Bin]:8827 [FullTime]:257.837 [SkipTime]:0 [Veto1]:38.8515 [Veto2]:37.2826 [Veto3]:22.2178 [Veto4]:22.2178 [SgUp1]:12353 [SgUp2]:12774 [SgUp3]:0 [SgUp4]:0 [SgLow1]:12333 [SgLow2]:12743 [SgLow3]:0 [SgLow4]:0 [NetMuon1]:32873 [NetMuon2]:33117 [NetMuon3]:35410 [NetMuon4]:35410
[Run]:36400 [Site]:2 [Bin]:8828 [FullTime]:3590.17 [SkipTime]:0 [Veto1]:487.186 [Veto2]:533.233 [Veto3]:307.363 [Veto4]:307.363 [SgUp1]:173799 [SgUp2]:173833 [SgUp3]:0 [SgUp4]:0 [SgLow1]:173408 [SgLow2]:173416 [SgLow3]:0 [SgLow4]:0 [NetMuon1]:462624 [NetMuon2]:456161 [NetMuon3]:489646 [NetMuon4]:489646
[Run]:36400 [Site]:2 [Bin]:8829 [FullTime]:3590.17 [SkipTime]:0 [Veto1]:516.846 [Veto2]:513.001 [Veto3]:307.818 [Veto4]:307.818 [SgUp1]:172051 [SgUp2]:174225 [SgUp3]:0 [SgUp4]:0 [SgLow1]:171712 [SgLow2]:173801 [SgLow3]:0 [SgLow4]:0 [NetMuon1]:459109 [NetMuon2]:459679 [NetMuon3]:490279 [NetMuon4]:490279
[Run]:36400 [Site]:2 [Bin]:8830 [FullTime]:3590.17 [SkipTime]:0 [Veto1]:507.318 [Veto2]:505.355 [Veto3]:306.764 [Veto4]:306.764 [SgUp1]:172333 [SgUp2]:175050 [SgUp3]:0 [SgUp4]:0 [SgLow1]:171954 [SgLow2]:174716 [SgLow3]:0 [SgLow4]:0 [NetMuon1]:458787 [NetMuon2]:459371 [NetMuon3]:488865 [NetMuon4]:488865
[Run]:36400 [Site]:2 [Bin]:8831 [FullTime]:3590.17 [SkipTime]:0 [Veto1]:506.539 [Veto2]:527.971 [Veto3]:307.659 [Veto4]:307.659 [SgUp1]:172603 [SgUp2]:174355 [SgUp3]:0 [SgUp4]:0 [SgLow1]:172261 [SgLow2]:173974 [SgLow3]:0 [SgLow4]:0 [NetMuon1]:460530 [NetMuon2]:457026 [NetMuon3]:490124 [NetMuon4]:490124
[Run]:36400 [Site]:2 [Bin]:8832 [FullTime]:3590.17 [SkipTime]:0 [Veto1]:503.374 [Veto2]:502.036 [Veto3]:308.319 [Veto4]:308.319 [SgUp1]:172856 [SgUp2]:175413 [SgUp3]:0 [SgUp4]:0 [SgLow1]:172501 [SgLow2]:175012 [SgLow3]:0 [SgLow4]:0 [NetMuon1]:461999 [NetMuon2]:462173 [NetMuon3]:491125 [NetMuon4]:491125
[Run]:36400 [Site]:2 [Bin]:8833 [FullTime]:3590.17 [SkipTime]:0 [Veto1]:506.655 [Veto2]:511.889 [Veto3]:308.311 [Veto4]:308.311 [SgUp1]:172081 [SgUp2]:175251 [SgUp3]:0 [SgUp4]:0 [SgLow1]:171703 [SgLow2]:174830 [SgLow3]:0 [SgLow4]:0 [NetMuon1]:461266 [NetMuon2]:460722 [NetMuon3]:491091 [NetMuon4]:491091
[Run]:36400 [Site]:2 [Bin]:8834 [FullTime]:3590.17 [SkipTime]:0 [Veto1]:493.482 [Veto2]:511.904 [Veto3]:308.083 [Veto4]:308.083 [SgUp1]:172780 [SgUp2]:174780 [SgUp3]:0 [SgUp4]:0 [SgLow1]:172413 [SgLow2]:174372 [SgLow3]:0 [SgLow4]:0 [NetMuon1]:462911 [NetMuon2]:460336 [NetMuon3]:490788 [NetMuon4]:490788
[Run]:36400 [Site]:2 [Bin]:8835 [FullTime]:3590.17 [SkipTime]:0 [Veto1]:515.158 [Veto2]:515.141 [Veto3]:308.106 [Veto4]:308.106 [SgUp1]:172146 [SgUp2]:174596 [SgUp3]:0 [SgUp4]:0 [SgLow1]:171769 [SgLow2]:174227 [SgLow3]:0 [SgLow4]:0 [NetMuon1]:459772 [NetMuon2]:460150 [NetMuon3]:490842 [NetMuon4]:490842
[Run]:36400 [Site]:2 [Bin]:8836 [FullTime]:3590.17 [SkipTime]:0 [Veto1]:512.706 [Veto2]:514.588 [Veto3]:307.482 [Veto4]:307.482 [SgUp1]:171366 [SgUp2]:174223 [SgUp3]:0 [SgUp4]:0 [SgLow1]:171013 [SgLow2]:173794 [SgLow3]:0 [SgLow4]:0 [NetMuon1]:459208 [NetMuon2]:458857 [NetMuon3]:489706 [NetMuon4]:489706
[Run]:36400 [Site]:2 [Bin]:8837 [FullTime]:3590.17 [SkipTime]:0 [Veto1]:510.168 [Veto2]:498.82 [Veto3]:307.793 [Veto4]:307.793 [SgUp1]:172173 [SgUp2]:175408 [SgUp3]:0 [SgUp4]:0 [SgLow1]:171766 [SgLow2]:175008 [SgLow3]:0 [SgLow4]:0 [NetMuon1]:460386 [NetMuon2]:461783 [NetMuon3]:490426 [NetMuon4]:490426
[Run]:36400 [Site]:2 [Bin]:8838 [FullTime]:3590.17 [SkipTime]:0 [Veto1]:513.069 [Veto2]:502.804 [Veto3]:308.563 [Veto4]:308.563 [SgUp1]:171978 [SgUp2]:175666 [SgUp3]:0 [SgUp4]:0 [SgLow1]:171642 [SgLow2]:175255 [SgLow3]:0 [SgLow4]:0 [NetMuon1]:461255 [NetMuon2]:462605 [NetMuon3]:491550 [NetMuon4]:491550
[Run]:36400 [Site]:2 [Bin]:8839 [FullTime]:3590.17 [SkipTime]:0 [Veto1]:516.734 [Veto2]:503.233 [Veto3]:307.623 [Veto4]:307.623 [SgUp1]:171555 [SgUp2]:175649 [SgUp3]:0 [SgUp4]:0 [SgLow1]:171191 [SgLow2]:175276 [SgLow3]:0 [SgLow4]:0 [NetMuon1]:458781 [NetMuon2]:460945 [NetMuon3]:490200 [NetMuon4]:490200
[Run]:36400 [Site]:2 [Bin]:8840 [FullTime]:3590.17 [SkipTime]:0 [Veto1]:508.13 [Veto2]:514.449 [Veto3]:308.28 [Veto4]:308.28 [SgUp1]:172277 [SgUp2]:173566 [SgUp3]:0 [SgUp4]:0 [SgLow1]:171894 [SgLow2]:173178 [SgLow3]:0 [SgLow4]:0 [NetMuon1]:461019 [NetMuon2]:459968 [NetMuon3]:491070 [NetMuon4]:491070
[Run]:36400 [Site]:2 [Bin]:8841 [FullTime]:3590.17 [SkipTime]:0 [Veto1]:501.744 [Veto2]:515.248 [Veto3]:308.016 [Veto4]:308.016 [SgUp1]:172963 [SgUp2]:174795 [SgUp3]:0 [SgUp4]:0 [SgLow1]:172590 [SgLow2]:174426 [SgLow3]:0 [SgLow4]:0 [NetMuon1]:461557 [NetMuon2]:459564 [NetMuon3]:490520 [NetMuon4]:490520
[Run]:36400 [Site]:2 [Bin]:8842 [FullTime]:3590.17 [SkipTime]:0 [Veto1]:500.38 [Veto2]:507.722 [Veto3]:307.875 [Veto4]:307.875 [SgUp1]:173288 [SgUp2]:175668 [SgUp3]:0 [SgUp4]:0 [SgLow1]:172928 [SgLow2]:175268 [SgLow3]:0 [SgLow4]:0 [NetMuon1]:461246 [NetMuon2]:460358 [NetMuon3]:490283 [NetMuon4]:490283
[Run]:36400 [Site]:2 [Bin]:8843 [FullTime]:3590.17 [SkipTime]:0 [Veto1]:510.338 [Veto2]:513.685 [Veto3]:307.734 [Veto4]:307.734 [SgUp1]:172114 [SgUp2]:174985 [SgUp3]:0 [SgUp4]:0 [SgLow1]:171728 [SgLow2]:174603 [SgLow3]:0 [SgLow4]:0 [NetMuon1]:459649 [NetMuon2]:458996 [NetMuon3]:489985 [NetMuon4]:489985
[Run]:36400 [Site]:2 [Bin]:8844 [FullTime]:3590.17 [SkipTime]:0 [Veto1]:492.668 [Veto2]:510.979 [Veto3]:308.182 [Veto4]:308.182 [SgUp1]:173913 [SgUp2]:175384 [SgUp3]:0 [SgUp4]:0 [SgLow1]:173542 [SgLow2]:174995 [SgLow3]:0 [SgLow4]:0 [NetMuon1]:463297 [NetMuon2]:460484 [NetMuon3]:490918 [NetMuon4]:490918
[Run]:36400 [Site]:2 [Bin]:8845 [FullTime]:3590.17 [SkipTime]:0 [Veto1]:501.931 [Veto2]:523.471 [Veto3]:308.321 [Veto4]:308.321 [SgUp1]:172703 [SgUp2]:173292 [SgUp3]:0 [SgUp4]:0 [SgLow1]:172316 [SgLow2]:172904 [SgLow3]:0 [SgLow4]:0 [NetMuon1]:462174 [NetMuon2]:458830 [NetMuon3]:491139 [NetMuon4]:491139
[Run]:36400 [Site]:2 [Bin]:8846 [FullTime]:3590.18 [SkipTime]:0 [Veto1]:488.11 [Veto2]:515.478 [Veto3]:307.97 [Veto4]:307.97 [SgUp1]:173836 [SgUp2]:174516 [SgUp3]:0 [SgUp4]:0 [SgLow1]:173471 [SgLow2]:174116 [SgLow3]:0 [SgLow4]:0 [NetMuon1]:463623 [NetMuon2]:459465 [NetMuon3]:490408 [NetMuon4]:490408
[Run]:36400 [Site]:2 [Bin]:8847 [FullTime]:3590.16 [SkipTime]:0 [Veto1]:495.813 [Veto2]:502.668 [Veto3]:307.988 [Veto4]:307.988 [SgUp1]:173670 [SgUp2]:174926 [SgUp3]:0 [SgUp4]:0 [SgLow1]:173279 [SgLow2]:174497 [SgLow3]:0 [SgLow4]:0 [NetMuon1]:462729 [NetMuon2]:461256 [NetMuon3]:490583 [NetMuon4]:490583
[Run]:36400 [Site]:2 [Bin]:8848 [FullTime]:3590.17 [SkipTime]:0 [Veto1]:507.367 [Veto2]:478.381 [Veto3]:308.201 [Veto4]:308.201 [SgUp1]:172343 [SgUp2]:176184 [SgUp3]:0 [SgUp4]:0 [SgLow1]:171954 [SgLow2]:175801 [SgLow3]:0 [SgLow4]:0 [NetMuon1]:461184 [NetMuon2]:465201 [NetMuon3]:490865 [NetMuon4]:490865
[Run]:36400 [Site]:2 [Bin]:8849 [FullTime]:3590.17 [SkipTime]:0 [Veto1]:508.045 [Veto2]:508.155 [Veto3]:308.23 [Veto4]:308.23 [SgUp1]:173055 [SgUp2]:174644 [SgUp3]:0 [SgUp4]:0 [SgLow1]:172698 [SgLow2]:174299 [SgLow3]:0 [SgLow4]:0 [NetMuon1]:460816 [NetMuon2]:460558 [NetMuon3]:490768 [NetMuon4]:490768
[Run]:36400 [Site]:2 [Bin]:8850 [FullTime]:3590.17 [SkipTime]:0 [Veto1]:489.542 [Veto2]:512.466 [Veto3]:308.01 [Veto4]:308.01 [SgUp1]:173822 [SgUp2]:174225 [SgUp3]:0 [SgUp4]:0 [SgLow1]:173442 [SgLow2]:173860 [SgLow3]:0 [SgLow4]:0 [NetMuon1]:463304 [NetMuon2]:459653 [NetMuon3]:490553 [NetMuon4]:490553
[Run]:36400 [Site]:2 [Bin]:8851 [FullTime]:3590.17 [SkipTime]:0 [Veto1]:509.166 [Veto2]:495.095 [Veto3]:308.512 [Veto4]:308.512 [SgUp1]:171743 [SgUp2]:175666 [SgUp3]:0 [SgUp4]:0 [SgLow1]:171420 [SgLow2]:175236 [SgLow3]:0 [SgLow4]:0 [NetMuon1]:461187 [NetMuon2]:463460 [NetMuon3]:491323 [NetMuon4]:491323
[Run]:36400 [Site]:2 [Bin]:8852 [FullTime]:3590.17 [SkipTime]:0 [Veto1]:525.954 [Veto2]:505.905 [Veto3]:308.583 [Veto4]:308.583 [SgUp1]:171477 [SgUp2]:175518 [SgUp3]:0 [SgUp4]:0 [SgLow1]:171101 [SgLow2]:175115 [SgLow3]:0 [SgLow4]:0 [NetMuon1]:458975 [NetMuon2]:461773 [NetMuon3]:491327 [NetMuon4]:491327
[Run]:36400 [Site]:2 [Bin]:8853 [FullTime]:3590.17 [SkipTime]:0 [Veto1]:510.327 [Veto2]:506.349 [Veto3]:308.237 [Veto4]:308.237 [SgUp1]:172545 [SgUp2]:174794 [SgUp3]:0 [SgUp4]:0 [SgLow1]:172227 [SgLow2]:174394 [SgLow3]:0 [SgLow4]:0 [NetMuon1]:460876 [NetMuon2]:461357 [NetMuon3]:490915 [NetMuon4]:490915
[Run]:36400 [Site]:2 [Bin]:8854 [FullTime]:3590.17 [SkipTime]:0 [Veto1]:509.145 [Veto2]:525.592 [Veto3]:307.406 [Veto4]:307.406 [SgUp1]:172235 [SgUp2]:173965 [SgUp3]:0 [SgUp4]:0 [SgLow1]:171867 [SgLow2]:173605 [SgLow3]:0 [SgLow4]:0 [NetMuon1]:459796 [NetMuon2]:457204 [NetMuon3]:489844 [NetMuon4]:489844
[Run]:36400 [Site]:2 [Bin]:8855 [FullTime]:3590.17 [SkipTime]:0 [Veto1]:515.322 [Veto2]:499.366 [Veto3]:307.706 [Veto4]:307.706 [SgUp1]:172715 [SgUp2]:175575 [SgUp3]:0 [SgUp4]:0 [SgLow1]:172340 [SgLow2]:175136 [SgLow3]:0 [SgLow4]:0 [NetMuon1]:459278 [NetMuon2]:461695 [NetMuon3]:490249 [NetMuon4]:490249
[Run]:36400 [Site]:2 [Bin]:8856 [FullTime]:3590.17 [SkipTime]:0 [Veto1]:510.465 [Veto2]:505.214 [Veto3]:307.841 [Veto4]:307.841 [SgUp1]:171944 [SgUp2]:175060 [SgUp3]:0 [SgUp4]:0 [SgLow1]:171645 [SgLow2]:174639 [SgLow3]:0 [SgLow4]:0 [NetMuon1]:460090 [NetMuon2]:460906 [NetMuon3]:490500 [NetMuon4]:490500
[Run]:36400 [Site]:2 [Bin]:8857 [FullTime]:3590.17 [SkipTime]:0 [Veto1]:491.193 [Veto2]:512.801 [Veto3]:308.265 [Veto4]:308.265 [SgUp1]:174129 [SgUp2]:174747 [SgUp3]:0 [SgUp4]:0 [SgLow1]:173673 [SgLow2]:174361 [SgLow3]:0 [SgLow4]:0 [NetMuon1]:463823 [NetMuon2]:460612 [NetMuon3]:491119 [NetMuon4]:491119
[Run]:36400 [Site]:2 [Bin]:8858 [FullTime]:3590.17 [SkipTime]:0 [Veto1]:488.651 [Veto2]:502.451 [Veto3]:308.344 [Veto4]:308.344 [SgUp1]:173226 [SgUp2]:175459 [SgUp3]:0 [SgUp4]:0 [SgLow1]:172850 [SgLow2]:175066 [SgLow3]:0 [SgLow4]:0 [NetMuon1]:464307 [NetMuon2]:462014 [NetMuon3]:491112 [NetMuon4]:491112
End process Run: 36400 ... 
[Run]:36400 [Site]:2 [Bin]:8859 [FullTime]:68.2183 [SkipTime]:0 [Veto1]:11.8586 [Veto2]:10.3054 [Veto3]:5.77853 [Veto4]:5.77853
