StreamChain add 0x15d1b7e0
Start to process run: 36579 ... 
[Run]:36579 [Site]:2 [Bin]:8914 [FullTime]:3530.55 [SkipTime]:0 [Veto1]:515.88 [Veto2]:487.015 [Veto3]:303.158 [Veto4]:303.158 [SgUp1]:169213 [SgUp2]:171992 [SgUp3]:0 [SgUp4]:0 [SgLow1]:168852 [SgLow2]:171638 [SgLow3]:0 [SgLow4]:0 [NetMuon1]:451153 [NetMuon2]:455360 [NetMuon3]:482944 [NetMuon4]:482944
[Run]:36579 [Site]:2 [Bin]:8915 [FullTime]:3590.17 [SkipTime]:0 [Veto1]:512.174 [Veto2]:512.667 [Veto3]:308.31 [Veto4]:308.31 [SgUp1]:173006 [SgUp2]:174532 [SgUp3]:0 [SgUp4]:0 [SgLow1]:172609 [SgLow2]:174166 [SgLow3]:0 [SgLow4]:0 [NetMuon1]:460467 [NetMuon2]:460705 [NetMuon3]:491163 [NetMuon4]:491163
[Run]:36579 [Site]:2 [Bin]:8916 [FullTime]:3590.17 [SkipTime]:0 [Veto1]:528.763 [Veto2]:496.601 [Veto3]:308.083 [Veto4]:308.083 [SgUp1]:171911 [SgUp2]:175764 [SgUp3]:0 [SgUp4]:0 [SgLow1]:171597 [SgLow2]:175391 [SgLow3]:0 [SgLow4]:0 [NetMuon1]:457308 [NetMuon2]:462284 [NetMuon3]:490658 [NetMuon4]:490658
[Run]:36579 [Site]:2 [Bin]:8917 [FullTime]:3590.17 [SkipTime]:0 [Veto1]:491.209 [Veto2]:506.385 [Veto3]:307.842 [Veto4]:307.842 [SgUp1]:174031 [SgUp2]:174748 [SgUp3]:0 [SgUp4]:0 [SgLow1]:173679 [SgLow2]:174335 [SgLow3]:0 [SgLow4]:0 [NetMuon1]:463064 [NetMuon2]:460849 [NetMuon3]:490405 [NetMuon4]:490405
[Run]:36579 [Site]:2 [Bin]:8918 [FullTime]:3590.17 [SkipTime]:0 [Veto1]:500.037 [Veto2]:517.121 [Veto3]:308.39 [Veto4]:308.39 [SgUp1]:173327 [SgUp2]:173789 [SgUp3]:0 [SgUp4]:0 [SgLow1]:172970 [SgLow2]:173385 [SgLow3]:0 [SgLow4]:0 [NetMuon1]:462596 [NetMuon2]:459998 [NetMuon3]:491372 [NetMuon4]:491372
[Run]:36579 [Site]:2 [Bin]:8919 [FullTime]:3590.17 [SkipTime]:0 [Veto1]:526.835 [Veto2]:509.776 [Veto3]:308.225 [Veto4]:308.225 [SgUp1]:172042 [SgUp2]:173881 [SgUp3]:0 [SgUp4]:0 [SgLow1]:171695 [SgLow2]:173465 [SgLow3]:0 [SgLow4]:0 [NetMuon1]:458276 [NetMuon2]:460823 [NetMuon3]:490946 [NetMuon4]:490946
[Run]:36579 [Site]:2 [Bin]:8920 [FullTime]:3590.17 [SkipTime]:0 [Veto1]:513.345 [Veto2]:507.484 [Veto3]:308.105 [Veto4]:308.105 [SgUp1]:172671 [SgUp2]:175292 [SgUp3]:0 [SgUp4]:0 [SgLow1]:172302 [SgLow2]:174882 [SgLow3]:0 [SgLow4]:0 [NetMuon1]:460138 [NetMuon2]:460833 [NetMuon3]:490796 [NetMuon4]:490796
[Run]:36579 [Site]:2 [Bin]:8921 [FullTime]:3590.17 [SkipTime]:0 [Veto1]:481.051 [Veto2]:509.356 [Veto3]:307.88 [Veto4]:307.88 [SgUp1]:174339 [SgUp2]:174167 [SgUp3]:0 [SgUp4]:0 [SgLow1]:173974 [SgLow2]:173821 [SgLow3]:0 [SgLow4]:0 [NetMuon1]:464159 [NetMuon2]:460279 [NetMuon3]:490282 [NetMuon4]:490282
[Run]:36579 [Site]:2 [Bin]:8922 [FullTime]:3590.17 [SkipTime]:0 [Veto1]:482.96 [Veto2]:497.802 [Veto3]:308.272 [Veto4]:308.272 [SgUp1]:173472 [SgUp2]:175268 [SgUp3]:0 [SgUp4]:0 [SgLow1]:173108 [SgLow2]:174880 [SgLow3]:0 [SgLow4]:0 [NetMuon1]:465003 [NetMuon2]:462695 [NetMuon3]:491115 [NetMuon4]:491115
[Run]:36579 [Site]:2 [Bin]:8923 [FullTime]:3590.17 [SkipTime]:0 [Veto1]:514.281 [Veto2]:520.152 [Veto3]:308.503 [Veto4]:308.503 [SgUp1]:172336 [SgUp2]:173769 [SgUp3]:0 [SgUp4]:0 [SgLow1]:172007 [SgLow2]:173399 [SgLow3]:0 [SgLow4]:0 [NetMuon1]:460897 [NetMuon2]:459737 [NetMuon3]:491572 [NetMuon4]:491572
[Run]:36579 [Site]:2 [Bin]:8924 [FullTime]:3590.17 [SkipTime]:0 [Veto1]:506.177 [Veto2]:507.96 [Veto3]:307.627 [Veto4]:307.627 [SgUp1]:172369 [SgUp2]:174871 [SgUp3]:0 [SgUp4]:0 [SgLow1]:171987 [SgLow2]:174491 [SgLow3]:0 [SgLow4]:0 [NetMuon1]:460162 [NetMuon2]:460265 [NetMuon3]:489998 [NetMuon4]:489998
[Run]:36579 [Site]:2 [Bin]:8925 [FullTime]:3590.17 [SkipTime]:0 [Veto1]:517.342 [Veto2]:519.898 [Veto3]:307.711 [Veto4]:307.711 [SgUp1]:172158 [SgUp2]:173435 [SgUp3]:0 [SgUp4]:0 [SgLow1]:171826 [SgLow2]:173028 [SgLow3]:0 [SgLow4]:0 [NetMuon1]:458802 [NetMuon2]:458440 [NetMuon3]:489984 [NetMuon4]:489984
[Run]:36579 [Site]:2 [Bin]:8926 [FullTime]:3590.17 [SkipTime]:0 [Veto1]:484.093 [Veto2]:502.585 [Veto3]:308.022 [Veto4]:308.022 [SgUp1]:174168 [SgUp2]:174272 [SgUp3]:0 [SgUp4]:0 [SgLow1]:173854 [SgLow2]:173877 [SgLow3]:0 [SgLow4]:0 [NetMuon1]:464204 [NetMuon2]:461612 [NetMuon3]:490547 [NetMuon4]:490547
[Run]:36579 [Site]:2 [Bin]:8927 [FullTime]:3590.18 [SkipTime]:0 [Veto1]:521.915 [Veto2]:499.694 [Veto3]:307.703 [Veto4]:307.703 [SgUp1]:172316 [SgUp2]:174973 [SgUp3]:0 [SgUp4]:0 [SgLow1]:171975 [SgLow2]:174559 [SgLow3]:0 [SgLow4]:0 [NetMuon1]:457989 [NetMuon2]:461446 [NetMuon3]:490016 [NetMuon4]:490016
[Run]:36579 [Site]:2 [Bin]:8928 [FullTime]:3590.17 [SkipTime]:0 [Veto1]:523.742 [Veto2]:525.897 [Veto3]:307.32 [Veto4]:307.32 [SgUp1]:172118 [SgUp2]:173415 [SgUp3]:0 [SgUp4]:0 [SgLow1]:171691 [SgLow2]:173010 [SgLow3]:0 [SgLow4]:0 [NetMuon1]:457405 [NetMuon2]:456926 [NetMuon3]:489618 [NetMuon4]:489618
[Run]:36579 [Site]:2 [Bin]:8929 [FullTime]:3590.17 [SkipTime]:0 [Veto1]:519.657 [Veto2]:497.035 [Veto3]:307.875 [Veto4]:307.875 [SgUp1]:172065 [SgUp2]:174829 [SgUp3]:0 [SgUp4]:0 [SgLow1]:171674 [SgLow2]:174407 [SgLow3]:0 [SgLow4]:0 [NetMuon1]:459097 [NetMuon2]:462501 [NetMuon3]:490518 [NetMuon4]:490518
[Run]:36579 [Site]:2 [Bin]:8930 [FullTime]:3590.17 [SkipTime]:0 [Veto1]:506.428 [Veto2]:505.345 [Veto3]:308.549 [Veto4]:308.549 [SgUp1]:172075 [SgUp2]:175756 [SgUp3]:0 [SgUp4]:0 [SgLow1]:171734 [SgLow2]:175405 [SgLow3]:0 [SgLow4]:0 [NetMuon1]:461710 [NetMuon2]:461609 [NetMuon3]:491292 [NetMuon4]:491292
[Run]:36579 [Site]:2 [Bin]:8931 [FullTime]:3590.17 [SkipTime]:0 [Veto1]:499.817 [Veto2]:504.339 [Veto3]:308.379 [Veto4]:308.379 [SgUp1]:173274 [SgUp2]:174913 [SgUp3]:0 [SgUp4]:0 [SgLow1]:172915 [SgLow2]:174557 [SgLow3]:0 [SgLow4]:0 [NetMuon1]:462976 [NetMuon2]:462188 [NetMuon3]:491478 [NetMuon4]:491478
[Run]:36579 [Site]:2 [Bin]:8932 [FullTime]:3590.17 [SkipTime]:0 [Veto1]:521.471 [Veto2]:476.089 [Veto3]:308.11 [Veto4]:308.11 [SgUp1]:172524 [SgUp2]:175926 [SgUp3]:0 [SgUp4]:0 [SgLow1]:172179 [SgLow2]:175549 [SgLow3]:0 [SgLow4]:0 [NetMuon1]:458718 [NetMuon2]:465687 [NetMuon3]:490705 [NetMuon4]:490705
[Run]:36579 [Site]:2 [Bin]:8933 [FullTime]:3590.17 [SkipTime]:0 [Veto1]:488.252 [Veto2]:499.608 [Veto3]:306.977 [Veto4]:306.977 [SgUp1]:174063 [SgUp2]:175799 [SgUp3]:0 [SgUp4]:0 [SgLow1]:173687 [SgLow2]:175439 [SgLow3]:0 [SgLow4]:0 [NetMuon1]:462172 [NetMuon2]:460145 [NetMuon3]:488990 [NetMuon4]:488990
[Run]:36579 [Site]:2 [Bin]:8934 [FullTime]:3590.17 [SkipTime]:0 [Veto1]:495.485 [Veto2]:530.457 [Veto3]:308.624 [Veto4]:308.624 [SgUp1]:173194 [SgUp2]:174051 [SgUp3]:0 [SgUp4]:0 [SgLow1]:172820 [SgLow2]:173694 [SgLow3]:0 [SgLow4]:0 [NetMuon1]:463576 [NetMuon2]:458536 [NetMuon3]:491759 [NetMuon4]:491759
[Run]:36579 [Site]:2 [Bin]:8935 [FullTime]:3590.17 [SkipTime]:0 [Veto1]:490.319 [Veto2]:491.636 [Veto3]:308.154 [Veto4]:308.154 [SgUp1]:173781 [SgUp2]:175953 [SgUp3]:0 [SgUp4]:0 [SgLow1]:173389 [SgLow2]:175553 [SgLow3]:0 [SgLow4]:0 [NetMuon1]:463544 [NetMuon2]:463407 [NetMuon3]:490800 [NetMuon4]:490800
[Run]:36579 [Site]:2 [Bin]:8936 [FullTime]:3590.17 [SkipTime]:0 [Veto1]:506.174 [Veto2]:513.415 [Veto3]:307.65 [Veto4]:307.65 [SgUp1]:173537 [SgUp2]:174510 [SgUp3]:0 [SgUp4]:0 [SgLow1]:173181 [SgLow2]:174132 [SgLow3]:0 [SgLow4]:0 [NetMuon1]:460572 [NetMuon2]:459530 [NetMuon3]:490003 [NetMuon4]:490003
[Run]:36579 [Site]:2 [Bin]:8937 [FullTime]:3590.17 [SkipTime]:0 [Veto1]:507.302 [Veto2]:502.788 [Veto3]:308.623 [Veto4]:308.623 [SgUp1]:172640 [SgUp2]:175238 [SgUp3]:0 [SgUp4]:0 [SgLow1]:172275 [SgLow2]:174838 [SgLow3]:0 [SgLow4]:0 [NetMuon1]:461601 [NetMuon2]:462508 [NetMuon3]:491546 [NetMuon4]:491546
[Run]:36579 [Site]:2 [Bin]:8938 [FullTime]:3590.17 [SkipTime]:0 [Veto1]:517.949 [Veto2]:508.597 [Veto3]:308.627 [Veto4]:308.627 [SgUp1]:172218 [SgUp2]:175656 [SgUp3]:0 [SgUp4]:0 [SgLow1]:171851 [SgLow2]:175234 [SgLow3]:0 [SgLow4]:0 [NetMuon1]:460353 [NetMuon2]:461658 [NetMuon3]:491447 [NetMuon4]:491447
[Run]:36579 [Site]:2 [Bin]:8939 [FullTime]:3590.18 [SkipTime]:0 [Veto1]:511.183 [Veto2]:523.713 [Veto3]:307.6 [Veto4]:307.6 [SgUp1]:172669 [SgUp2]:174274 [SgUp3]:0 [SgUp4]:0 [SgLow1]:172286 [SgLow2]:173897 [SgLow3]:0 [SgLow4]:0 [NetMuon1]:459403 [NetMuon2]:457591 [NetMuon3]:489755 [NetMuon4]:489755
[Run]:36579 [Site]:2 [Bin]:8940 [FullTime]:3590.17 [SkipTime]:0 [Veto1]:508.683 [Veto2]:516.849 [Veto3]:307.862 [Veto4]:307.862 [SgUp1]:173356 [SgUp2]:174855 [SgUp3]:0 [SgUp4]:0 [SgLow1]:172991 [SgLow2]:174513 [SgLow3]:0 [SgLow4]:0 [NetMuon1]:460392 [NetMuon2]:459137 [NetMuon3]:490545 [NetMuon4]:490545
[Run]:36579 [Site]:2 [Bin]:8941 [FullTime]:3590.17 [SkipTime]:0 [Veto1]:510.177 [Veto2]:502.825 [Veto3]:308.192 [Veto4]:308.192 [SgUp1]:173334 [SgUp2]:174575 [SgUp3]:0 [SgUp4]:0 [SgLow1]:172945 [SgLow2]:174193 [SgLow3]:0 [SgLow4]:0 [NetMuon1]:460538 [NetMuon2]:461853 [NetMuon3]:490808 [NetMuon4]:490808
[Run]:36579 [Site]:2 [Bin]:8942 [FullTime]:3590.17 [SkipTime]:0 [Veto1]:500.928 [Veto2]:515.456 [Veto3]:308.042 [Veto4]:308.042 [SgUp1]:173981 [SgUp2]:173988 [SgUp3]:0 [SgUp4]:0 [SgLow1]:173628 [SgLow2]:173575 [SgLow3]:0 [SgLow4]:0 [NetMuon1]:461876 [NetMuon2]:459579 [NetMuon3]:490660 [NetMuon4]:490660
[Run]:36579 [Site]:2 [Bin]:8943 [FullTime]:3590.17 [SkipTime]:0 [Veto1]:512.565 [Veto2]:511.841 [Veto3]:308.375 [Veto4]:308.375 [SgUp1]:172908 [SgUp2]:175083 [SgUp3]:0 [SgUp4]:0 [SgLow1]:172530 [SgLow2]:174709 [SgLow3]:0 [SgLow4]:0 [NetMuon1]:460731 [NetMuon2]:460988 [NetMuon3]:491179 [NetMuon4]:491179
[Run]:36579 [Site]:2 [Bin]:8944 [FullTime]:3590.17 [SkipTime]:0 [Veto1]:506.077 [Veto2]:516.37 [Veto3]:308.494 [Veto4]:308.494 [SgUp1]:173033 [SgUp2]:174757 [SgUp3]:0 [SgUp4]:0 [SgLow1]:172636 [SgLow2]:174442 [SgLow3]:0 [SgLow4]:0 [NetMuon1]:461950 [NetMuon2]:460470 [NetMuon3]:491280 [NetMuon4]:491280
[Run]:36579 [Site]:2 [Bin]:8945 [FullTime]:3590.17 [SkipTime]:0 [Veto1]:498.923 [Veto2]:519.421 [Veto3]:307.744 [Veto4]:307.744 [SgUp1]:174136 [SgUp2]:174229 [SgUp3]:0 [SgUp4]:0 [SgLow1]:173756 [SgLow2]:173802 [SgLow3]:0 [SgLow4]:0 [NetMuon1]:461513 [NetMuon2]:458533 [NetMuon3]:490253 [NetMuon4]:490253
[Run]:36579 [Site]:2 [Bin]:8946 [FullTime]:3590.17 [SkipTime]:0 [Veto1]:517.69 [Veto2]:515.31 [Veto3]:307.735 [Veto4]:307.735 [SgUp1]:172828 [SgUp2]:174403 [SgUp3]:0 [SgUp4]:0 [SgLow1]:172507 [SgLow2]:173980 [SgLow3]:0 [SgLow4]:0 [NetMuon1]:458721 [NetMuon2]:459014 [NetMuon3]:490212 [NetMuon4]:490212
[Run]:36579 [Site]:2 [Bin]:8947 [FullTime]:3590.17 [SkipTime]:0 [Veto1]:498.761 [Veto2]:491.66 [Veto3]:308.154 [Veto4]:308.154 [SgUp1]:174477 [SgUp2]:176062 [SgUp3]:0 [SgUp4]:0 [SgLow1]:174109 [SgLow2]:175645 [SgLow3]:0 [SgLow4]:0 [NetMuon1]:462305 [NetMuon2]:463172 [NetMuon3]:490834 [NetMuon4]:490834
[Run]:36579 [Site]:2 [Bin]:8948 [FullTime]:3590.17 [SkipTime]:0 [Veto1]:506.287 [Veto2]:494.957 [Veto3]:308.556 [Veto4]:308.556 [SgUp1]:173362 [SgUp2]:175729 [SgUp3]:0 [SgUp4]:0 [SgLow1]:172983 [SgLow2]:175296 [SgLow3]:0 [SgLow4]:0 [NetMuon1]:461947 [NetMuon2]:463364 [NetMuon3]:491369 [NetMuon4]:491369
[Run]:36579 [Site]:2 [Bin]:8949 [FullTime]:3590.17 [SkipTime]:0 [Veto1]:513.18 [Veto2]:514.077 [Veto3]:308.661 [Veto4]:308.661 [SgUp1]:172887 [SgUp2]:174705 [SgUp3]:0 [SgUp4]:0 [SgLow1]:172547 [SgLow2]:174316 [SgLow3]:0 [SgLow4]:0 [NetMuon1]:460966 [NetMuon2]:460966 [NetMuon3]:491716 [NetMuon4]:491716
[Run]:36579 [Site]:2 [Bin]:8950 [FullTime]:3590.17 [SkipTime]:0 [Veto1]:500.443 [Veto2]:496.325 [Veto3]:307.619 [Veto4]:307.619 [SgUp1]:173443 [SgUp2]:175801 [SgUp3]:0 [SgUp4]:0 [SgLow1]:173055 [SgLow2]:175370 [SgLow3]:0 [SgLow4]:0 [NetMuon1]:461387 [NetMuon2]:461563 [NetMuon3]:489941 [NetMuon4]:489941
[Run]:36579 [Site]:2 [Bin]:8951 [FullTime]:3590.17 [SkipTime]:0 [Veto1]:510.611 [Veto2]:522.433 [Veto3]:307.655 [Veto4]:307.655 [SgUp1]:172742 [SgUp2]:174181 [SgUp3]:0 [SgUp4]:0 [SgLow1]:172404 [SgLow2]:173805 [SgLow3]:0 [SgLow4]:0 [NetMuon1]:460033 [NetMuon2]:457859 [NetMuon3]:490060 [NetMuon4]:490060
[Run]:36579 [Site]:2 [Bin]:8952 [FullTime]:3590.17 [SkipTime]:0 [Veto1]:503.382 [Veto2]:531.779 [Veto3]:309.191 [Veto4]:309.191 [SgUp1]:172374 [SgUp2]:173162 [SgUp3]:0 [SgUp4]:0 [SgLow1]:171995 [SgLow2]:172738 [SgLow3]:0 [SgLow4]:0 [NetMuon1]:463062 [NetMuon2]:459123 [NetMuon3]:492343 [NetMuon4]:492343
[Run]:36579 [Site]:2 [Bin]:8953 [FullTime]:3590.17 [SkipTime]:0 [Veto1]:504.971 [Veto2]:513.193 [Veto3]:308.022 [Veto4]:308.022 [SgUp1]:172781 [SgUp2]:174090 [SgUp3]:0 [SgUp4]:0 [SgLow1]:172402 [SgLow2]:173686 [SgLow3]:0 [SgLow4]:0 [NetMuon1]:461654 [NetMuon2]:459966 [NetMuon3]:490774 [NetMuon4]:490774
[Run]:36579 [Site]:2 [Bin]:8954 [FullTime]:3590.17 [SkipTime]:0 [Veto1]:510.481 [Veto2]:489.467 [Veto3]:307.448 [Veto4]:307.448 [SgUp1]:172718 [SgUp2]:175443 [SgUp3]:0 [SgUp4]:0 [SgLow1]:172354 [SgLow2]:175039 [SgLow3]:0 [SgLow4]:0 [NetMuon1]:459461 [NetMuon2]:462650 [NetMuon3]:489663 [NetMuon4]:489663
[Run]:36579 [Site]:2 [Bin]:8955 [FullTime]:3590.17 [SkipTime]:0 [Veto1]:518.922 [Veto2]:513.004 [Veto3]:307.93 [Veto4]:307.93 [SgUp1]:172243 [SgUp2]:174435 [SgUp3]:0 [SgUp4]:0 [SgLow1]:171897 [SgLow2]:174063 [SgLow3]:0 [SgLow4]:0 [NetMuon1]:458717 [NetMuon2]:459803 [NetMuon3]:490378 [NetMuon4]:490378
[Run]:36579 [Site]:2 [Bin]:8956 [FullTime]:3590.17 [SkipTime]:0 [Veto1]:506.699 [Veto2]:490.221 [Veto3]:307.182 [Veto4]:307.182 [SgUp1]:172344 [SgUp2]:176039 [SgUp3]:0 [SgUp4]:0 [SgLow1]:171990 [SgLow2]:175664 [SgLow3]:0 [SgLow4]:0 [NetMuon1]:459496 [NetMuon2]:461965 [NetMuon3]:489197 [NetMuon4]:489197
[Run]:36579 [Site]:2 [Bin]:8957 [FullTime]:3590.17 [SkipTime]:0 [Veto1]:498.928 [Veto2]:502.542 [Veto3]:307.578 [Veto4]:307.578 [SgUp1]:173079 [SgUp2]:175752 [SgUp3]:0 [SgUp4]:0 [SgLow1]:172692 [SgLow2]:175337 [SgLow3]:0 [SgLow4]:0 [NetMuon1]:461228 [NetMuon2]:461055 [NetMuon3]:489952 [NetMuon4]:489952
[Run]:36579 [Site]:2 [Bin]:8958 [FullTime]:3590.17 [SkipTime]:0 [Veto1]:493.336 [Veto2]:501.373 [Veto3]:307.653 [Veto4]:307.653 [SgUp1]:173741 [SgUp2]:175534 [SgUp3]:0 [SgUp4]:0 [SgLow1]:173368 [SgLow2]:175095 [SgLow3]:0 [SgLow4]:0 [NetMuon1]:462291 [NetMuon2]:460848 [NetMuon3]:489884 [NetMuon4]:489884
[Run]:36579 [Site]:2 [Bin]:8959 [FullTime]:3590.17 [SkipTime]:0 [Veto1]:507.317 [Veto2]:512.872 [Veto3]:307.465 [Veto4]:307.465 [SgUp1]:172847 [SgUp2]:175706 [SgUp3]:0 [SgUp4]:0 [SgLow1]:172463 [SgLow2]:175310 [SgLow3]:0 [SgLow4]:0 [NetMuon1]:460157 [NetMuon2]:459237 [NetMuon3]:489878 [NetMuon4]:489878
[Run]:36579 [Site]:2 [Bin]:8960 [FullTime]:3590.17 [SkipTime]:0 [Veto1]:481.815 [Veto2]:505.689 [Veto3]:307.323 [Veto4]:307.323 [SgUp1]:173793 [SgUp2]:175759 [SgUp3]:0 [SgUp4]:0 [SgLow1]:173416 [SgLow2]:175435 [SgLow3]:0 [SgLow4]:0 [NetMuon1]:463356 [NetMuon2]:459906 [NetMuon3]:489400 [NetMuon4]:489400
[Run]:36579 [Site]:2 [Bin]:8961 [FullTime]:3590.17 [SkipTime]:0 [Veto1]:543.889 [Veto2]:523.439 [Veto3]:307.429 [Veto4]:307.429 [SgUp1]:170837 [SgUp2]:174430 [SgUp3]:0 [SgUp4]:0 [SgLow1]:170533 [SgLow2]:174020 [SgLow3]:0 [SgLow4]:0 [NetMuon1]:454703 [NetMuon2]:457396 [NetMuon3]:489799 [NetMuon4]:489799
[Run]:36579 [Site]:2 [Bin]:8962 [FullTime]:3590.17 [SkipTime]:0 [Veto1]:499.445 [Veto2]:508.561 [Veto3]:307.047 [Veto4]:307.047 [SgUp1]:172862 [SgUp2]:176045 [SgUp3]:0 [SgUp4]:0 [SgLow1]:172477 [SgLow2]:175627 [SgLow3]:0 [SgLow4]:0 [NetMuon1]:460495 [NetMuon2]:459060 [NetMuon3]:489073 [NetMuon4]:489073
[Run]:36579 [Site]:2 [Bin]:8963 [FullTime]:3590.17 [SkipTime]:0 [Veto1]:502.585 [Veto2]:494.919 [Veto3]:306.927 [Veto4]:306.927 [SgUp1]:172464 [SgUp2]:176528 [SgUp3]:0 [SgUp4]:0 [SgLow1]:172103 [SgLow2]:176131 [SgLow3]:0 [SgLow4]:0 [NetMuon1]:459818 [NetMuon2]:461090 [NetMuon3]:489119 [NetMuon4]:489119
[Run]:36579 [Site]:2 [Bin]:8964 [FullTime]:3590.17 [SkipTime]:0 [Veto1]:509.071 [Veto2]:499.28 [Veto3]:308.351 [Veto4]:308.351 [SgUp1]:172250 [SgUp2]:175475 [SgUp3]:0 [SgUp4]:0 [SgLow1]:171889 [SgLow2]:175084 [SgLow3]:0 [SgLow4]:0 [NetMuon1]:460860 [NetMuon2]:462675 [NetMuon3]:491108 [NetMuon4]:491108
[Run]:36579 [Site]:2 [Bin]:8965 [FullTime]:3590.17 [SkipTime]:0 [Veto1]:490.355 [Veto2]:471.814 [Veto3]:307.266 [Veto4]:307.266 [SgUp1]:173511 [SgUp2]:177459 [SgUp3]:0 [SgUp4]:0 [SgLow1]:173113 [SgLow2]:177033 [SgLow3]:0 [SgLow4]:0 [NetMuon1]:462064 [NetMuon2]:464859 [NetMuon3]:489504 [NetMuon4]:489504
[Run]:36579 [Site]:2 [Bin]:8966 [FullTime]:3590.17 [SkipTime]:0 [Veto1]:497.594 [Veto2]:500.931 [Veto3]:307.672 [Veto4]:307.672 [SgUp1]:173152 [SgUp2]:175467 [SgUp3]:0 [SgUp4]:0 [SgLow1]:172754 [SgLow2]:175017 [SgLow3]:0 [SgLow4]:0 [NetMuon1]:461590 [NetMuon2]:461257 [NetMuon3]:489902 [NetMuon4]:489902
[Run]:36579 [Site]:2 [Bin]:8967 [FullTime]:3590.17 [SkipTime]:0 [Veto1]:508.141 [Veto2]:527.006 [Veto3]:307.573 [Veto4]:307.573 [SgUp1]:172320 [SgUp2]:173564 [SgUp3]:0 [SgUp4]:0 [SgLow1]:171959 [SgLow2]:173215 [SgLow3]:0 [SgLow4]:0 [NetMuon1]:460113 [NetMuon2]:457191 [NetMuon3]:490044 [NetMuon4]:490044
[Run]:36579 [Site]:2 [Bin]:8968 [FullTime]:3590.17 [SkipTime]:0 [Veto1]:514.777 [Veto2]:521.442 [Veto3]:307.622 [Veto4]:307.622 [SgUp1]:172516 [SgUp2]:174484 [SgUp3]:0 [SgUp4]:0 [SgLow1]:172161 [SgLow2]:174071 [SgLow3]:0 [SgLow4]:0 [NetMuon1]:459478 [NetMuon2]:458225 [NetMuon3]:490098 [NetMuon4]:490098
[Run]:36579 [Site]:2 [Bin]:8969 [FullTime]:3590.17 [SkipTime]:0 [Veto1]:508.741 [Veto2]:511.157 [Veto3]:308.056 [Veto4]:308.056 [SgUp1]:172348 [SgUp2]:175271 [SgUp3]:0 [SgUp4]:0 [SgLow1]:171975 [SgLow2]:174891 [SgLow3]:0 [SgLow4]:0 [NetMuon1]:461045 [NetMuon2]:460334 [NetMuon3]:490769 [NetMuon4]:490769
[Run]:36579 [Site]:2 [Bin]:8970 [FullTime]:3590.17 [SkipTime]:0 [Veto1]:502.485 [Veto2]:504.002 [Veto3]:307.995 [Veto4]:307.995 [SgUp1]:173030 [SgUp2]:175229 [SgUp3]:0 [SgUp4]:0 [SgLow1]:172641 [SgLow2]:174845 [SgLow3]:0 [SgLow4]:0 [NetMuon1]:461332 [NetMuon2]:461173 [NetMuon3]:490384 [NetMuon4]:490384
[Run]:36579 [Site]:2 [Bin]:8971 [FullTime]:3590.17 [SkipTime]:0 [Veto1]:507.703 [Veto2]:511.312 [Veto3]:308.144 [Veto4]:308.144 [SgUp1]:173243 [SgUp2]:175373 [SgUp3]:0 [SgUp4]:0 [SgLow1]:172880 [SgLow2]:174939 [SgLow3]:0 [SgLow4]:0 [NetMuon1]:461141 [NetMuon2]:460744 [NetMuon3]:490717 [NetMuon4]:490717
[Run]:36579 [Site]:2 [Bin]:8972 [FullTime]:3590.17 [SkipTime]:0 [Veto1]:501.33 [Veto2]:494.031 [Veto3]:307.663 [Veto4]:307.663 [SgUp1]:173298 [SgUp2]:176498 [SgUp3]:0 [SgUp4]:0 [SgLow1]:172963 [SgLow2]:176092 [SgLow3]:0 [SgLow4]:0 [NetMuon1]:461207 [NetMuon2]:462320 [NetMuon3]:490282 [NetMuon4]:490282
[Run]:36579 [Site]:2 [Bin]:8973 [FullTime]:3590.17 [SkipTime]:0 [Veto1]:511.12 [Veto2]:519.604 [Veto3]:308.606 [Veto4]:308.606 [SgUp1]:172793 [SgUp2]:174198 [SgUp3]:0 [SgUp4]:0 [SgLow1]:172419 [SgLow2]:173808 [SgLow3]:0 [SgLow4]:0 [NetMuon1]:460838 [NetMuon2]:460058 [NetMuon3]:491482 [NetMuon4]:491482
[Run]:36579 [Site]:2 [Bin]:8974 [FullTime]:3590.17 [SkipTime]:0 [Veto1]:511.124 [Veto2]:532.38 [Veto3]:307.524 [Veto4]:307.524 [SgUp1]:172018 [SgUp2]:173819 [SgUp3]:0 [SgUp4]:0 [SgLow1]:171637 [SgLow2]:173375 [SgLow3]:0 [SgLow4]:0 [NetMuon1]:459694 [NetMuon2]:456082 [NetMuon3]:489866 [NetMuon4]:489866
[Run]:36579 [Site]:2 [Bin]:8975 [FullTime]:3590.17 [SkipTime]:0 [Veto1]:521.468 [Veto2]:499.169 [Veto3]:307.379 [Veto4]:307.379 [SgUp1]:171550 [SgUp2]:175266 [SgUp3]:0 [SgUp4]:0 [SgLow1]:171168 [SgLow2]:174899 [SgLow3]:0 [SgLow4]:0 [NetMuon1]:457664 [NetMuon2]:460947 [NetMuon3]:489405 [NetMuon4]:489405
[Run]:36579 [Site]:2 [Bin]:8976 [FullTime]:3590.18 [SkipTime]:0 [Veto1]:502.84 [Veto2]:506.076 [Veto3]:307.529 [Veto4]:307.529 [SgUp1]:173527 [SgUp2]:174744 [SgUp3]:0 [SgUp4]:0 [SgLow1]:173158 [SgLow2]:174351 [SgLow3]:0 [SgLow4]:0 [NetMuon1]:460701 [NetMuon2]:460324 [NetMuon3]:489742 [NetMuon4]:489742
[Run]:36579 [Site]:2 [Bin]:8977 [FullTime]:3590.16 [SkipTime]:0 [Veto1]:512.841 [Veto2]:514.138 [Veto3]:307.843 [Veto4]:307.843 [SgUp1]:171928 [SgUp2]:174671 [SgUp3]:0 [SgUp4]:0 [SgLow1]:171586 [SgLow2]:174309 [SgLow3]:0 [SgLow4]:0 [NetMuon1]:460115 [NetMuon2]:459624 [NetMuon3]:490362 [NetMuon4]:490362
[Run]:36579 [Site]:2 [Bin]:8978 [FullTime]:3590.17 [SkipTime]:0 [Veto1]:508.614 [Veto2]:503.29 [Veto3]:307.507 [Veto4]:307.507 [SgUp1]:173164 [SgUp2]:175521 [SgUp3]:0 [SgUp4]:0 [SgLow1]:172777 [SgLow2]:175051 [SgLow3]:0 [SgLow4]:0 [NetMuon1]:459984 [NetMuon2]:460465 [NetMuon3]:489672 [NetMuon4]:489672
End process Run: 36579 ... 
[Run]:36579 [Site]:2 [Bin]:8979 [FullTime]:1614.92 [SkipTime]:0 [Veto1]:226.448 [Veto2]:236.103 [Veto3]:138.281 [Veto4]:138.281
