StreamChain add 0x19fac7e0
Start to process run: 36213 ... 
[Run]:36213 [Site]:2 [Bin]:8642 [FullTime]:1537.23 [SkipTime]:0 [Veto1]:219.472 [Veto2]:232.259 [Veto3]:131.846 [Veto4]:131.846 [SgUp1]:74291 [SgUp2]:73377 [SgUp3]:0 [SgUp4]:0 [SgLow1]:74148 [SgLow2]:73197 [SgLow3]:0 [SgLow4]:0 [NetMuon1]:197112 [NetMuon2]:195141 [NetMuon3]:210070 [NetMuon4]:210070
[Run]:36213 [Site]:2 [Bin]:8643 [FullTime]:3590.17 [SkipTime]:0 [Veto1]:494.944 [Veto2]:511.353 [Veto3]:307.7 [Veto4]:307.7 [SgUp1]:172877 [SgUp2]:174813 [SgUp3]:0 [SgUp4]:0 [SgLow1]:172540 [SgLow2]:174393 [SgLow3]:0 [SgLow4]:0 [NetMuon1]:462269 [NetMuon2]:459608 [NetMuon3]:490240 [NetMuon4]:490240
[Run]:36213 [Site]:2 [Bin]:8644 [FullTime]:3590.17 [SkipTime]:0 [Veto1]:512.044 [Veto2]:510.723 [Veto3]:307.447 [Veto4]:307.447 [SgUp1]:172190 [SgUp2]:174562 [SgUp3]:0 [SgUp4]:0 [SgLow1]:171864 [SgLow2]:174142 [SgLow3]:0 [SgLow4]:0 [NetMuon1]:459125 [NetMuon2]:459438 [NetMuon3]:489741 [NetMuon4]:489741
[Run]:36213 [Site]:2 [Bin]:8645 [FullTime]:3590.17 [SkipTime]:0 [Veto1]:512.374 [Veto2]:509.968 [Veto3]:307.429 [Veto4]:307.429 [SgUp1]:171862 [SgUp2]:174142 [SgUp3]:0 [SgUp4]:0 [SgLow1]:171518 [SgLow2]:173681 [SgLow3]:0 [SgLow4]:0 [NetMuon1]:459335 [NetMuon2]:459955 [NetMuon3]:489799 [NetMuon4]:489799
[Run]:36213 [Site]:2 [Bin]:8646 [FullTime]:3590.17 [SkipTime]:0 [Veto1]:518.639 [Veto2]:489.466 [Veto3]:307.675 [Veto4]:307.675 [SgUp1]:171957 [SgUp2]:176317 [SgUp3]:0 [SgUp4]:0 [SgLow1]:171568 [SgLow2]:175929 [SgLow3]:0 [SgLow4]:0 [NetMuon1]:458396 [NetMuon2]:462965 [NetMuon3]:490107 [NetMuon4]:490107
[Run]:36213 [Site]:2 [Bin]:8647 [FullTime]:3590.17 [SkipTime]:0 [Veto1]:533.609 [Veto2]:524.901 [Veto3]:306.858 [Veto4]:306.858 [SgUp1]:170988 [SgUp2]:174305 [SgUp3]:0 [SgUp4]:0 [SgLow1]:170678 [SgLow2]:173870 [SgLow3]:0 [SgLow4]:0 [NetMuon1]:454856 [NetMuon2]:456259 [NetMuon3]:488658 [NetMuon4]:488658
[Run]:36213 [Site]:2 [Bin]:8648 [FullTime]:3590.17 [SkipTime]:0 [Veto1]:508.538 [Veto2]:515.118 [Veto3]:307.54 [Veto4]:307.54 [SgUp1]:172603 [SgUp2]:173831 [SgUp3]:0 [SgUp4]:0 [SgLow1]:172267 [SgLow2]:173438 [SgLow3]:0 [SgLow4]:0 [NetMuon1]:460061 [NetMuon2]:459239 [NetMuon3]:490061 [NetMuon4]:490061
[Run]:36213 [Site]:2 [Bin]:8649 [FullTime]:3590.17 [SkipTime]:0 [Veto1]:509.296 [Veto2]:491.227 [Veto3]:307.197 [Veto4]:307.197 [SgUp1]:171667 [SgUp2]:175455 [SgUp3]:0 [SgUp4]:0 [SgLow1]:171330 [SgLow2]:175062 [SgLow3]:0 [SgLow4]:0 [NetMuon1]:459403 [NetMuon2]:461729 [NetMuon3]:489325 [NetMuon4]:489325
[Run]:36213 [Site]:2 [Bin]:8650 [FullTime]:3590.17 [SkipTime]:0 [Veto1]:506.117 [Veto2]:508.586 [Veto3]:307.548 [Veto4]:307.548 [SgUp1]:172384 [SgUp2]:175387 [SgUp3]:0 [SgUp4]:0 [SgLow1]:172034 [SgLow2]:175023 [SgLow3]:0 [SgLow4]:0 [NetMuon1]:460584 [NetMuon2]:459890 [NetMuon3]:489891 [NetMuon4]:489891
[Run]:36213 [Site]:2 [Bin]:8651 [FullTime]:3590.17 [SkipTime]:0 [Veto1]:497.728 [Veto2]:499.466 [Veto3]:307.533 [Veto4]:307.533 [SgUp1]:172983 [SgUp2]:175126 [SgUp3]:0 [SgUp4]:0 [SgLow1]:172628 [SgLow2]:174693 [SgLow3]:0 [SgLow4]:0 [NetMuon1]:461445 [NetMuon2]:461242 [NetMuon3]:489752 [NetMuon4]:489752
[Run]:36213 [Site]:2 [Bin]:8652 [FullTime]:3590.17 [SkipTime]:0 [Veto1]:504.109 [Veto2]:512.672 [Veto3]:307.078 [Veto4]:307.078 [SgUp1]:173095 [SgUp2]:174794 [SgUp3]:0 [SgUp4]:0 [SgLow1]:172715 [SgLow2]:174379 [SgLow3]:0 [SgLow4]:0 [NetMuon1]:460044 [NetMuon2]:458676 [NetMuon3]:489380 [NetMuon4]:489380
[Run]:36213 [Site]:2 [Bin]:8653 [FullTime]:3590.17 [SkipTime]:0 [Veto1]:497.033 [Veto2]:516.135 [Veto3]:307.11 [Veto4]:307.11 [SgUp1]:173074 [SgUp2]:173509 [SgUp3]:0 [SgUp4]:0 [SgLow1]:172719 [SgLow2]:173103 [SgLow3]:0 [SgLow4]:0 [NetMuon1]:461137 [NetMuon2]:458105 [NetMuon3]:489173 [NetMuon4]:489173
[Run]:36213 [Site]:2 [Bin]:8654 [FullTime]:3590.17 [SkipTime]:0 [Veto1]:516.515 [Veto2]:494.655 [Veto3]:307.562 [Veto4]:307.562 [SgUp1]:172954 [SgUp2]:175386 [SgUp3]:0 [SgUp4]:0 [SgLow1]:172610 [SgLow2]:174987 [SgLow3]:0 [SgLow4]:0 [NetMuon1]:459044 [NetMuon2]:461958 [NetMuon3]:490016 [NetMuon4]:490016
[Run]:36213 [Site]:2 [Bin]:8655 [FullTime]:3590.17 [SkipTime]:0 [Veto1]:505.069 [Veto2]:502.898 [Veto3]:308.239 [Veto4]:308.239 [SgUp1]:173642 [SgUp2]:175077 [SgUp3]:0 [SgUp4]:0 [SgLow1]:173297 [SgLow2]:174698 [SgLow3]:0 [SgLow4]:0 [NetMuon1]:461660 [NetMuon2]:461870 [NetMuon3]:491021 [NetMuon4]:491021
[Run]:36213 [Site]:2 [Bin]:8656 [FullTime]:3590.17 [SkipTime]:0 [Veto1]:492.697 [Veto2]:498.153 [Veto3]:307.871 [Veto4]:307.871 [SgUp1]:173204 [SgUp2]:176191 [SgUp3]:0 [SgUp4]:0 [SgLow1]:172832 [SgLow2]:175813 [SgLow3]:0 [SgLow4]:0 [NetMuon1]:462661 [NetMuon2]:462025 [NetMuon3]:490278 [NetMuon4]:490278
[Run]:36213 [Site]:2 [Bin]:8657 [FullTime]:3590.17 [SkipTime]:0 [Veto1]:512.681 [Veto2]:497.571 [Veto3]:307.24 [Veto4]:307.24 [SgUp1]:172612 [SgUp2]:175354 [SgUp3]:0 [SgUp4]:0 [SgLow1]:172251 [SgLow2]:174950 [SgLow3]:0 [SgLow4]:0 [NetMuon1]:458771 [NetMuon2]:461040 [NetMuon3]:489357 [NetMuon4]:489357
[Run]:36213 [Site]:2 [Bin]:8658 [FullTime]:3590.17 [SkipTime]:0 [Veto1]:486.841 [Veto2]:510.443 [Veto3]:307.583 [Veto4]:307.583 [SgUp1]:174461 [SgUp2]:174123 [SgUp3]:0 [SgUp4]:0 [SgLow1]:174097 [SgLow2]:173704 [SgLow3]:0 [SgLow4]:0 [NetMuon1]:463194 [NetMuon2]:459607 [NetMuon3]:489969 [NetMuon4]:489969
[Run]:36213 [Site]:2 [Bin]:8659 [FullTime]:3590.17 [SkipTime]:0 [Veto1]:510.912 [Veto2]:488.284 [Veto3]:308.056 [Veto4]:308.056 [SgUp1]:172825 [SgUp2]:176291 [SgUp3]:0 [SgUp4]:0 [SgLow1]:172431 [SgLow2]:175911 [SgLow3]:0 [SgLow4]:0 [NetMuon1]:459893 [NetMuon2]:463730 [NetMuon3]:490680 [NetMuon4]:490680
[Run]:36213 [Site]:2 [Bin]:8660 [FullTime]:3590.17 [SkipTime]:0 [Veto1]:500.724 [Veto2]:505.199 [Veto3]:307.472 [Veto4]:307.472 [SgUp1]:172594 [SgUp2]:174904 [SgUp3]:0 [SgUp4]:0 [SgLow1]:172243 [SgLow2]:174488 [SgLow3]:0 [SgLow4]:0 [NetMuon1]:460899 [NetMuon2]:460145 [NetMuon3]:489721 [NetMuon4]:489721
[Run]:36213 [Site]:2 [Bin]:8661 [FullTime]:3590.17 [SkipTime]:0 [Veto1]:513.528 [Veto2]:509.017 [Veto3]:308.103 [Veto4]:308.103 [SgUp1]:172432 [SgUp2]:174271 [SgUp3]:0 [SgUp4]:0 [SgLow1]:172068 [SgLow2]:173851 [SgLow3]:0 [SgLow4]:0 [NetMuon1]:459773 [NetMuon2]:460930 [NetMuon3]:490794 [NetMuon4]:490794
[Run]:36213 [Site]:2 [Bin]:8662 [FullTime]:3590.17 [SkipTime]:0 [Veto1]:511.764 [Veto2]:506.59 [Veto3]:307.567 [Veto4]:307.567 [SgUp1]:172175 [SgUp2]:175103 [SgUp3]:0 [SgUp4]:0 [SgLow1]:171818 [SgLow2]:174707 [SgLow3]:0 [SgLow4]:0 [NetMuon1]:459314 [NetMuon2]:460116 [NetMuon3]:489780 [NetMuon4]:489780
[Run]:36213 [Site]:2 [Bin]:8663 [FullTime]:3590.17 [SkipTime]:0 [Veto1]:484.353 [Veto2]:490.899 [Veto3]:307.589 [Veto4]:307.589 [SgUp1]:174281 [SgUp2]:175581 [SgUp3]:0 [SgUp4]:0 [SgLow1]:173886 [SgLow2]:175195 [SgLow3]:0 [SgLow4]:0 [NetMuon1]:463380 [NetMuon2]:462495 [NetMuon3]:489874 [NetMuon4]:489874
[Run]:36213 [Site]:2 [Bin]:8664 [FullTime]:3590.17 [SkipTime]:0 [Veto1]:497.446 [Veto2]:497.864 [Veto3]:306.794 [Veto4]:306.794 [SgUp1]:173595 [SgUp2]:175479 [SgUp3]:0 [SgUp4]:0 [SgLow1]:173249 [SgLow2]:175076 [SgLow3]:0 [SgLow4]:0 [NetMuon1]:460701 [NetMuon2]:460548 [NetMuon3]:489032 [NetMuon4]:489032
[Run]:36213 [Site]:2 [Bin]:8665 [FullTime]:3590.17 [SkipTime]:0 [Veto1]:482.988 [Veto2]:503.685 [Veto3]:307.672 [Veto4]:307.672 [SgUp1]:174749 [SgUp2]:175026 [SgUp3]:0 [SgUp4]:0 [SgLow1]:174467 [SgLow2]:174624 [SgLow3]:0 [SgLow4]:0 [NetMuon1]:463562 [NetMuon2]:460718 [NetMuon3]:490032 [NetMuon4]:490032
[Run]:36213 [Site]:2 [Bin]:8666 [FullTime]:3590.17 [SkipTime]:0 [Veto1]:508.2 [Veto2]:493.771 [Veto3]:307.218 [Veto4]:307.218 [SgUp1]:173380 [SgUp2]:175307 [SgUp3]:0 [SgUp4]:0 [SgLow1]:172996 [SgLow2]:174930 [SgLow3]:0 [SgLow4]:0 [NetMuon1]:459335 [NetMuon2]:461235 [NetMuon3]:489244 [NetMuon4]:489244
[Run]:36213 [Site]:2 [Bin]:8667 [FullTime]:3590.17 [SkipTime]:0 [Veto1]:515.816 [Veto2]:518.401 [Veto3]:307.764 [Veto4]:307.764 [SgUp1]:172376 [SgUp2]:173859 [SgUp3]:0 [SgUp4]:0 [SgLow1]:172023 [SgLow2]:173462 [SgLow3]:0 [SgLow4]:0 [NetMuon1]:459272 [NetMuon2]:458811 [NetMuon3]:490235 [NetMuon4]:490235
[Run]:36213 [Site]:2 [Bin]:8668 [FullTime]:3590.17 [SkipTime]:0 [Veto1]:533.442 [Veto2]:513.717 [Veto3]:307.576 [Veto4]:307.576 [SgUp1]:171494 [SgUp2]:174751 [SgUp3]:0 [SgUp4]:0 [SgLow1]:171205 [SgLow2]:174367 [SgLow3]:0 [SgLow4]:0 [NetMuon1]:456139 [NetMuon2]:459553 [NetMuon3]:489874 [NetMuon4]:489874
[Run]:36213 [Site]:2 [Bin]:8669 [FullTime]:3590.17 [SkipTime]:0 [Veto1]:500.933 [Veto2]:521.532 [Veto3]:308.034 [Veto4]:308.034 [SgUp1]:173505 [SgUp2]:173370 [SgUp3]:0 [SgUp4]:0 [SgLow1]:173161 [SgLow2]:172983 [SgLow3]:0 [SgLow4]:0 [NetMuon1]:462048 [NetMuon2]:458819 [NetMuon3]:490598 [NetMuon4]:490598
[Run]:36213 [Site]:2 [Bin]:8670 [FullTime]:3590.17 [SkipTime]:0 [Veto1]:510.826 [Veto2]:491.771 [Veto3]:307.938 [Veto4]:307.938 [SgUp1]:172314 [SgUp2]:175449 [SgUp3]:0 [SgUp4]:0 [SgLow1]:171941 [SgLow2]:175054 [SgLow3]:0 [SgLow4]:0 [NetMuon1]:460441 [NetMuon2]:462991 [NetMuon3]:490513 [NetMuon4]:490513
[Run]:36213 [Site]:2 [Bin]:8671 [FullTime]:3590.17 [SkipTime]:0 [Veto1]:505.42 [Veto2]:514.082 [Veto3]:307.137 [Veto4]:307.137 [SgUp1]:172824 [SgUp2]:173618 [SgUp3]:0 [SgUp4]:0 [SgLow1]:172469 [SgLow2]:173223 [SgLow3]:0 [SgLow4]:0 [NetMuon1]:459771 [NetMuon2]:458651 [NetMuon3]:489320 [NetMuon4]:489320
[Run]:36213 [Site]:2 [Bin]:8672 [FullTime]:3590.17 [SkipTime]:0 [Veto1]:501.838 [Veto2]:511.19 [Veto3]:307.899 [Veto4]:307.899 [SgUp1]:173229 [SgUp2]:174523 [SgUp3]:0 [SgUp4]:0 [SgLow1]:172879 [SgLow2]:174124 [SgLow3]:0 [SgLow4]:0 [NetMuon1]:461177 [NetMuon2]:459633 [NetMuon3]:490121 [NetMuon4]:490121
[Run]:36213 [Site]:2 [Bin]:8673 [FullTime]:3590.17 [SkipTime]:0 [Veto1]:535.188 [Veto2]:502.57 [Veto3]:307.787 [Veto4]:307.787 [SgUp1]:171735 [SgUp2]:175702 [SgUp3]:0 [SgUp4]:0 [SgLow1]:171345 [SgLow2]:175334 [SgLow3]:0 [SgLow4]:0 [NetMuon1]:456235 [NetMuon2]:461252 [NetMuon3]:490304 [NetMuon4]:490304
[Run]:36213 [Site]:2 [Bin]:8674 [FullTime]:3590.17 [SkipTime]:0 [Veto1]:531.194 [Veto2]:504.145 [Veto3]:307.64 [Veto4]:307.64 [SgUp1]:171540 [SgUp2]:175125 [SgUp3]:0 [SgUp4]:0 [SgLow1]:171206 [SgLow2]:174766 [SgLow3]:0 [SgLow4]:0 [NetMuon1]:456602 [NetMuon2]:460841 [NetMuon3]:490121 [NetMuon4]:490121
[Run]:36213 [Site]:2 [Bin]:8675 [FullTime]:3590.17 [SkipTime]:0 [Veto1]:505.407 [Veto2]:503.922 [Veto3]:307.967 [Veto4]:307.967 [SgUp1]:172493 [SgUp2]:174808 [SgUp3]:0 [SgUp4]:0 [SgLow1]:172182 [SgLow2]:174354 [SgLow3]:0 [SgLow4]:0 [NetMuon1]:460761 [NetMuon2]:461580 [NetMuon3]:490577 [NetMuon4]:490577
[Run]:36213 [Site]:2 [Bin]:8676 [FullTime]:3590.17 [SkipTime]:0 [Veto1]:516.324 [Veto2]:518.153 [Veto3]:308.07 [Veto4]:308.07 [SgUp1]:172430 [SgUp2]:174488 [SgUp3]:0 [SgUp4]:0 [SgLow1]:172102 [SgLow2]:174082 [SgLow3]:0 [SgLow4]:0 [NetMuon1]:459681 [NetMuon2]:459325 [NetMuon3]:490763 [NetMuon4]:490763
[Run]:36213 [Site]:2 [Bin]:8677 [FullTime]:3590.17 [SkipTime]:0 [Veto1]:487.414 [Veto2]:489.865 [Veto3]:307.789 [Veto4]:307.789 [SgUp1]:174307 [SgUp2]:176433 [SgUp3]:0 [SgUp4]:0 [SgLow1]:173843 [SgLow2]:176011 [SgLow3]:0 [SgLow4]:0 [NetMuon1]:463331 [NetMuon2]:462673 [NetMuon3]:490123 [NetMuon4]:490123
[Run]:36213 [Site]:2 [Bin]:8678 [FullTime]:3590.17 [SkipTime]:0 [Veto1]:493.959 [Veto2]:513.285 [Veto3]:307.667 [Veto4]:307.667 [SgUp1]:173779 [SgUp2]:174157 [SgUp3]:0 [SgUp4]:0 [SgLow1]:173388 [SgLow2]:173762 [SgLow3]:0 [SgLow4]:0 [NetMuon1]:462331 [NetMuon2]:459334 [NetMuon3]:490028 [NetMuon4]:490028
[Run]:36213 [Site]:2 [Bin]:8679 [FullTime]:3590.17 [SkipTime]:0 [Veto1]:512.102 [Veto2]:510.242 [Veto3]:308.11 [Veto4]:308.11 [SgUp1]:172407 [SgUp2]:174420 [SgUp3]:0 [SgUp4]:0 [SgLow1]:172057 [SgLow2]:174007 [SgLow3]:0 [SgLow4]:0 [NetMuon1]:460582 [NetMuon2]:460788 [NetMuon3]:490915 [NetMuon4]:490915
[Run]:36213 [Site]:2 [Bin]:8680 [FullTime]:3590.17 [SkipTime]:0 [Veto1]:510.376 [Veto2]:504.402 [Veto3]:308.168 [Veto4]:308.168 [SgUp1]:173028 [SgUp2]:174574 [SgUp3]:0 [SgUp4]:0 [SgLow1]:172615 [SgLow2]:174175 [SgLow3]:0 [SgLow4]:0 [NetMuon1]:460617 [NetMuon2]:461125 [NetMuon3]:490922 [NetMuon4]:490922
[Run]:36213 [Site]:2 [Bin]:8681 [FullTime]:3590.17 [SkipTime]:0 [Veto1]:498.828 [Veto2]:502.979 [Veto3]:307.779 [Veto4]:307.779 [SgUp1]:173165 [SgUp2]:174744 [SgUp3]:0 [SgUp4]:0 [SgLow1]:172809 [SgLow2]:174334 [SgLow3]:0 [SgLow4]:0 [NetMuon1]:461627 [NetMuon2]:461475 [NetMuon3]:490151 [NetMuon4]:490151
[Run]:36213 [Site]:2 [Bin]:8682 [FullTime]:3590.17 [SkipTime]:0 [Veto1]:511.029 [Veto2]:512.122 [Veto3]:308.604 [Veto4]:308.604 [SgUp1]:173125 [SgUp2]:174885 [SgUp3]:0 [SgUp4]:0 [SgLow1]:172816 [SgLow2]:174490 [SgLow3]:0 [SgLow4]:0 [NetMuon1]:461500 [NetMuon2]:461238 [NetMuon3]:491546 [NetMuon4]:491546
[Run]:36213 [Site]:2 [Bin]:8683 [FullTime]:3590.17 [SkipTime]:0 [Veto1]:508.003 [Veto2]:527.313 [Veto3]:307.614 [Veto4]:307.614 [SgUp1]:172787 [SgUp2]:174791 [SgUp3]:0 [SgUp4]:0 [SgLow1]:172403 [SgLow2]:174394 [SgLow3]:0 [SgLow4]:0 [NetMuon1]:460179 [NetMuon2]:457466 [NetMuon3]:490044 [NetMuon4]:490044
[Run]:36213 [Site]:2 [Bin]:8684 [FullTime]:3590.17 [SkipTime]:0 [Veto1]:513.165 [Veto2]:519.223 [Veto3]:307.896 [Veto4]:307.896 [SgUp1]:172911 [SgUp2]:174626 [SgUp3]:0 [SgUp4]:0 [SgLow1]:172554 [SgLow2]:174288 [SgLow3]:0 [SgLow4]:0 [NetMuon1]:459803 [NetMuon2]:458481 [NetMuon3]:490252 [NetMuon4]:490252
[Run]:36213 [Site]:2 [Bin]:8685 [FullTime]:3590.17 [SkipTime]:0 [Veto1]:498.364 [Veto2]:503.373 [Veto3]:307.81 [Veto4]:307.81 [SgUp1]:173976 [SgUp2]:174530 [SgUp3]:0 [SgUp4]:0 [SgLow1]:173680 [SgLow2]:174184 [SgLow3]:0 [SgLow4]:0 [NetMuon1]:461890 [NetMuon2]:461060 [NetMuon3]:490181 [NetMuon4]:490181
[Run]:36213 [Site]:2 [Bin]:8686 [FullTime]:3590.17 [SkipTime]:0 [Veto1]:501.48 [Veto2]:499.33 [Veto3]:307.597 [Veto4]:307.597 [SgUp1]:173681 [SgUp2]:175083 [SgUp3]:0 [SgUp4]:0 [SgLow1]:173267 [SgLow2]:174685 [SgLow3]:0 [SgLow4]:0 [NetMuon1]:460712 [NetMuon2]:461228 [NetMuon3]:489890 [NetMuon4]:489890
[Run]:36213 [Site]:2 [Bin]:8687 [FullTime]:3590.17 [SkipTime]:0 [Veto1]:511.525 [Veto2]:517.262 [Veto3]:307.443 [Veto4]:307.443 [SgUp1]:173552 [SgUp2]:174737 [SgUp3]:0 [SgUp4]:0 [SgLow1]:173207 [SgLow2]:174357 [SgLow3]:0 [SgLow4]:0 [NetMuon1]:459097 [NetMuon2]:458538 [NetMuon3]:489896 [NetMuon4]:489896
[Run]:36213 [Site]:2 [Bin]:8688 [FullTime]:3590.17 [SkipTime]:0 [Veto1]:522.701 [Veto2]:507.873 [Veto3]:307.729 [Veto4]:307.729 [SgUp1]:172449 [SgUp2]:174046 [SgUp3]:0 [SgUp4]:0 [SgLow1]:172032 [SgLow2]:173668 [SgLow3]:0 [SgLow4]:0 [NetMuon1]:458187 [NetMuon2]:460369 [NetMuon3]:490136 [NetMuon4]:490136
[Run]:36213 [Site]:2 [Bin]:8689 [FullTime]:3590.17 [SkipTime]:0 [Veto1]:530.033 [Veto2]:495.448 [Veto3]:307.829 [Veto4]:307.829 [SgUp1]:170905 [SgUp2]:175208 [SgUp3]:0 [SgUp4]:0 [SgLow1]:170591 [SgLow2]:174825 [SgLow3]:0 [SgLow4]:0 [NetMuon1]:456906 [NetMuon2]:461971 [NetMuon3]:490199 [NetMuon4]:490199
End process Run: 36213 ... 
[Run]:36213 [Site]:2 [Bin]:8690 [FullTime]:2292.52 [SkipTime]:0 [Veto1]:325.763 [Veto2]:326.315 [Veto3]:195.876 [Veto4]:195.876
