StreamChain add 0x7ac87e0
Start to process run: 36805 ... 
[Run]:36805 [Site]:2 [Bin]:9152 [FullTime]:2793.54 [SkipTime]:0 [Veto1]:403.983 [Veto2]:381.008 [Veto3]:238.841 [Veto4]:238.841 [SgUp1]:134246 [SgUp2]:136660 [SgUp3]:0 [SgUp4]:0 [SgLow1]:133949 [SgLow2]:136359 [SgLow3]:0 [SgLow4]:0 [NetMuon1]:355832 [NetMuon2]:358935 [NetMuon3]:380410 [NetMuon4]:380410
[Run]:36805 [Site]:2 [Bin]:9153 [FullTime]:3590.17 [SkipTime]:0 [Veto1]:502.166 [Veto2]:498.633 [Veto3]:306.843 [Veto4]:306.843 [SgUp1]:172109 [SgUp2]:175092 [SgUp3]:0 [SgUp4]:0 [SgLow1]:171782 [SgLow2]:174685 [SgLow3]:0 [SgLow4]:0 [NetMuon1]:460095 [NetMuon2]:460268 [NetMuon3]:488949 [NetMuon4]:488949
[Run]:36805 [Site]:2 [Bin]:9154 [FullTime]:3590.17 [SkipTime]:0 [Veto1]:486.887 [Veto2]:491.356 [Veto3]:308.113 [Veto4]:308.113 [SgUp1]:174658 [SgUp2]:175507 [SgUp3]:0 [SgUp4]:0 [SgLow1]:174279 [SgLow2]:175133 [SgLow3]:0 [SgLow4]:0 [NetMuon1]:463894 [NetMuon2]:463019 [NetMuon3]:490745 [NetMuon4]:490745
[Run]:36805 [Site]:2 [Bin]:9155 [FullTime]:3590.17 [SkipTime]:0 [Veto1]:518.248 [Veto2]:485.612 [Veto3]:307.225 [Veto4]:307.225 [SgUp1]:171539 [SgUp2]:175693 [SgUp3]:0 [SgUp4]:0 [SgLow1]:171192 [SgLow2]:175263 [SgLow3]:0 [SgLow4]:0 [NetMuon1]:457695 [NetMuon2]:462761 [NetMuon3]:489297 [NetMuon4]:489297
[Run]:36805 [Site]:2 [Bin]:9156 [FullTime]:3590.17 [SkipTime]:0 [Veto1]:501.724 [Veto2]:495.36 [Veto3]:307.296 [Veto4]:307.296 [SgUp1]:172784 [SgUp2]:174700 [SgUp3]:0 [SgUp4]:0 [SgLow1]:172403 [SgLow2]:174317 [SgLow3]:0 [SgLow4]:0 [NetMuon1]:460690 [NetMuon2]:461149 [NetMuon3]:489654 [NetMuon4]:489654
[Run]:36805 [Site]:2 [Bin]:9157 [FullTime]:3590.17 [SkipTime]:0 [Veto1]:507.892 [Veto2]:507.393 [Veto3]:306.675 [Veto4]:306.675 [SgUp1]:172026 [SgUp2]:174360 [SgUp3]:0 [SgUp4]:0 [SgLow1]:171683 [SgLow2]:173979 [SgLow3]:0 [SgLow4]:0 [NetMuon1]:458237 [NetMuon2]:458775 [NetMuon3]:488598 [NetMuon4]:488598
[Run]:36805 [Site]:2 [Bin]:9158 [FullTime]:3590.17 [SkipTime]:0 [Veto1]:498.495 [Veto2]:513.456 [Veto3]:307.275 [Veto4]:307.275 [SgUp1]:173533 [SgUp2]:174489 [SgUp3]:0 [SgUp4]:0 [SgLow1]:173191 [SgLow2]:174081 [SgLow3]:0 [SgLow4]:0 [NetMuon1]:461091 [NetMuon2]:458991 [NetMuon3]:489621 [NetMuon4]:489621
[Run]:36805 [Site]:2 [Bin]:9159 [FullTime]:3590.17 [SkipTime]:0 [Veto1]:505.71 [Veto2]:506.719 [Veto3]:307.876 [Veto4]:307.876 [SgUp1]:172297 [SgUp2]:174687 [SgUp3]:0 [SgUp4]:0 [SgLow1]:171938 [SgLow2]:174255 [SgLow3]:0 [SgLow4]:0 [NetMuon1]:460649 [NetMuon2]:460456 [NetMuon3]:490349 [NetMuon4]:490349
[Run]:36805 [Site]:2 [Bin]:9160 [FullTime]:3590.18 [SkipTime]:0 [Veto1]:529.992 [Veto2]:499.277 [Veto3]:306.702 [Veto4]:306.702 [SgUp1]:171446 [SgUp2]:174459 [SgUp3]:0 [SgUp4]:0 [SgLow1]:171101 [SgLow2]:174050 [SgLow3]:0 [SgLow4]:0 [NetMuon1]:455102 [NetMuon2]:459765 [NetMuon3]:488463 [NetMuon4]:488463
[Run]:36805 [Site]:2 [Bin]:9161 [FullTime]:3590.17 [SkipTime]:0 [Veto1]:511.861 [Veto2]:504.961 [Veto3]:308.474 [Veto4]:308.474 [SgUp1]:172651 [SgUp2]:174698 [SgUp3]:0 [SgUp4]:0 [SgLow1]:172325 [SgLow2]:174297 [SgLow3]:0 [SgLow4]:0 [NetMuon1]:461082 [NetMuon2]:462124 [NetMuon3]:491332 [NetMuon4]:491332
[Run]:36805 [Site]:2 [Bin]:9162 [FullTime]:3590.17 [SkipTime]:0 [Veto1]:503.039 [Veto2]:505.699 [Veto3]:308.033 [Veto4]:308.033 [SgUp1]:172190 [SgUp2]:174473 [SgUp3]:0 [SgUp4]:0 [SgLow1]:171765 [SgLow2]:174036 [SgLow3]:0 [SgLow4]:0 [NetMuon1]:461367 [NetMuon2]:461495 [NetMuon3]:490692 [NetMuon4]:490692
[Run]:36805 [Site]:2 [Bin]:9163 [FullTime]:2105.98 [SkipTime]:1484.19 [Veto1]:309.502 [Veto2]:297.241 [Veto3]:180.036 [Veto4]:180.036 [SgUp1]:101398 [SgUp2]:102514 [SgUp3]:0 [SgUp4]:0 [SgLow1]:101197 [SgLow2]:102277 [SgLow3]:0 [SgLow4]:0 [NetMuon1]:267313 [NetMuon2]:269511 [NetMuon3]:286774 [NetMuon4]:286774
[Run]:36805 [Site]:2 [Bin]:9164 [FullTime]:3590.17 [SkipTime]:0 [Veto1]:498.39 [Veto2]:499.386 [Veto3]:307.558 [Veto4]:307.558 [SgUp1]:172830 [SgUp2]:174669 [SgUp3]:0 [SgUp4]:0 [SgLow1]:172416 [SgLow2]:174252 [SgLow3]:0 [SgLow4]:0 [NetMuon1]:461442 [NetMuon2]:461536 [NetMuon3]:490036 [NetMuon4]:490036
[Run]:36805 [Site]:2 [Bin]:9165 [FullTime]:3590.17 [SkipTime]:0 [Veto1]:498.942 [Veto2]:493.685 [Veto3]:307.463 [Veto4]:307.463 [SgUp1]:173945 [SgUp2]:174870 [SgUp3]:0 [SgUp4]:0 [SgLow1]:173604 [SgLow2]:174485 [SgLow3]:0 [SgLow4]:0 [NetMuon1]:461318 [NetMuon2]:462151 [NetMuon3]:489773 [NetMuon4]:489773
[Run]:36805 [Site]:2 [Bin]:9166 [FullTime]:3590.17 [SkipTime]:0 [Veto1]:502.805 [Veto2]:500.929 [Veto3]:307.147 [Veto4]:307.147 [SgUp1]:172768 [SgUp2]:175295 [SgUp3]:0 [SgUp4]:0 [SgLow1]:172398 [SgLow2]:174885 [SgLow3]:0 [SgLow4]:0 [NetMuon1]:460040 [NetMuon2]:460515 [NetMuon3]:489244 [NetMuon4]:489244
[Run]:36805 [Site]:2 [Bin]:9167 [FullTime]:3590.17 [SkipTime]:0 [Veto1]:500.164 [Veto2]:494.224 [Veto3]:306.38 [Veto4]:306.38 [SgUp1]:173390 [SgUp2]:175127 [SgUp3]:0 [SgUp4]:0 [SgLow1]:173002 [SgLow2]:174718 [SgLow3]:0 [SgLow4]:0 [NetMuon1]:459444 [NetMuon2]:460330 [NetMuon3]:488285 [NetMuon4]:488285
[Run]:36805 [Site]:2 [Bin]:9168 [FullTime]:3590.17 [SkipTime]:0 [Veto1]:507.685 [Veto2]:494.68 [Veto3]:306.97 [Veto4]:306.97 [SgUp1]:172184 [SgUp2]:175470 [SgUp3]:0 [SgUp4]:0 [SgLow1]:171820 [SgLow2]:175055 [SgLow3]:0 [SgLow4]:0 [NetMuon1]:459060 [NetMuon2]:460634 [NetMuon3]:488934 [NetMuon4]:488934
[Run]:36805 [Site]:2 [Bin]:9169 [FullTime]:3590.17 [SkipTime]:0 [Veto1]:488.882 [Veto2]:519.936 [Veto3]:307.583 [Veto4]:307.583 [SgUp1]:173441 [SgUp2]:173705 [SgUp3]:0 [SgUp4]:0 [SgLow1]:173042 [SgLow2]:173276 [SgLow3]:0 [SgLow4]:0 [NetMuon1]:462792 [NetMuon2]:458397 [NetMuon3]:490083 [NetMuon4]:490083
[Run]:36805 [Site]:2 [Bin]:9170 [FullTime]:3590.17 [SkipTime]:0 [Veto1]:488.203 [Veto2]:510.338 [Veto3]:307.46 [Veto4]:307.46 [SgUp1]:173935 [SgUp2]:174329 [SgUp3]:0 [SgUp4]:0 [SgLow1]:173551 [SgLow2]:173885 [SgLow3]:0 [SgLow4]:0 [NetMuon1]:462569 [NetMuon2]:459495 [NetMuon3]:489756 [NetMuon4]:489756
[Run]:36805 [Site]:2 [Bin]:9171 [FullTime]:3590.17 [SkipTime]:0 [Veto1]:541.802 [Veto2]:520.963 [Veto3]:307.143 [Veto4]:307.143 [SgUp1]:171460 [SgUp2]:174094 [SgUp3]:0 [SgUp4]:0 [SgLow1]:171054 [SgLow2]:173667 [SgLow3]:0 [SgLow4]:0 [NetMuon1]:454403 [NetMuon2]:457414 [NetMuon3]:489045 [NetMuon4]:489045
[Run]:36805 [Site]:2 [Bin]:9172 [FullTime]:3590.17 [SkipTime]:0 [Veto1]:503.137 [Veto2]:488.859 [Veto3]:307.388 [Veto4]:307.388 [SgUp1]:172140 [SgUp2]:176020 [SgUp3]:0 [SgUp4]:0 [SgLow1]:171781 [SgLow2]:175608 [SgLow3]:0 [SgLow4]:0 [NetMuon1]:460410 [NetMuon2]:462967 [NetMuon3]:489737 [NetMuon4]:489737
[Run]:36805 [Site]:2 [Bin]:9173 [FullTime]:3590.17 [SkipTime]:0 [Veto1]:499.314 [Veto2]:485.657 [Veto3]:307.524 [Veto4]:307.524 [SgUp1]:173118 [SgUp2]:176042 [SgUp3]:0 [SgUp4]:0 [SgLow1]:172762 [SgLow2]:175596 [SgLow3]:0 [SgLow4]:0 [NetMuon1]:461537 [NetMuon2]:463283 [NetMuon3]:490145 [NetMuon4]:490145
[Run]:36805 [Site]:2 [Bin]:9174 [FullTime]:3590.17 [SkipTime]:0 [Veto1]:506.226 [Veto2]:505.978 [Veto3]:308.086 [Veto4]:308.086 [SgUp1]:173241 [SgUp2]:173767 [SgUp3]:0 [SgUp4]:0 [SgLow1]:172892 [SgLow2]:173324 [SgLow3]:0 [SgLow4]:0 [NetMuon1]:460954 [NetMuon2]:460785 [NetMuon3]:490531 [NetMuon4]:490531
[Run]:36805 [Site]:2 [Bin]:9175 [FullTime]:3590.17 [SkipTime]:0 [Veto1]:512.725 [Veto2]:517.431 [Veto3]:308.344 [Veto4]:308.344 [SgUp1]:172549 [SgUp2]:173557 [SgUp3]:0 [SgUp4]:0 [SgLow1]:172148 [SgLow2]:173168 [SgLow3]:0 [SgLow4]:0 [NetMuon1]:460984 [NetMuon2]:459808 [NetMuon3]:491213 [NetMuon4]:491213
[Run]:36805 [Site]:2 [Bin]:9176 [FullTime]:3590.17 [SkipTime]:0 [Veto1]:515.251 [Veto2]:511.403 [Veto3]:308.059 [Veto4]:308.059 [SgUp1]:171832 [SgUp2]:174105 [SgUp3]:0 [SgUp4]:0 [SgLow1]:171438 [SgLow2]:173683 [SgLow3]:0 [SgLow4]:0 [NetMuon1]:459939 [NetMuon2]:460838 [NetMuon3]:490849 [NetMuon4]:490849
[Run]:36805 [Site]:2 [Bin]:9177 [FullTime]:3590.17 [SkipTime]:0 [Veto1]:513.793 [Veto2]:503.658 [Veto3]:308.159 [Veto4]:308.159 [SgUp1]:172217 [SgUp2]:173901 [SgUp3]:0 [SgUp4]:0 [SgLow1]:171814 [SgLow2]:173505 [SgLow3]:0 [SgLow4]:0 [NetMuon1]:459985 [NetMuon2]:461427 [NetMuon3]:490755 [NetMuon4]:490755
[Run]:36805 [Site]:2 [Bin]:9178 [FullTime]:3590.17 [SkipTime]:0 [Veto1]:507.87 [Veto2]:504.049 [Veto3]:307.619 [Veto4]:307.619 [SgUp1]:172869 [SgUp2]:174150 [SgUp3]:0 [SgUp4]:0 [SgLow1]:172486 [SgLow2]:173727 [SgLow3]:0 [SgLow4]:0 [NetMuon1]:460430 [NetMuon2]:460867 [NetMuon3]:490175 [NetMuon4]:490175
[Run]:36805 [Site]:2 [Bin]:9179 [FullTime]:3590.17 [SkipTime]:0 [Veto1]:514.879 [Veto2]:509.495 [Veto3]:307.889 [Veto4]:307.889 [SgUp1]:171903 [SgUp2]:174556 [SgUp3]:0 [SgUp4]:0 [SgLow1]:171609 [SgLow2]:174144 [SgLow3]:0 [SgLow4]:0 [NetMuon1]:459521 [NetMuon2]:460760 [NetMuon3]:490412 [NetMuon4]:490412
[Run]:36805 [Site]:2 [Bin]:9180 [FullTime]:3590.17 [SkipTime]:0 [Veto1]:512.854 [Veto2]:522.017 [Veto3]:307.89 [Veto4]:307.89 [SgUp1]:172517 [SgUp2]:174193 [SgUp3]:0 [SgUp4]:0 [SgLow1]:172123 [SgLow2]:173803 [SgLow3]:0 [SgLow4]:0 [NetMuon1]:459500 [NetMuon2]:458818 [NetMuon3]:490361 [NetMuon4]:490361
[Run]:36805 [Site]:2 [Bin]:9181 [FullTime]:3590.17 [SkipTime]:0 [Veto1]:513.954 [Veto2]:510.874 [Veto3]:308.203 [Veto4]:308.203 [SgUp1]:171987 [SgUp2]:175047 [SgUp3]:0 [SgUp4]:0 [SgLow1]:171594 [SgLow2]:174592 [SgLow3]:0 [SgLow4]:0 [NetMuon1]:460256 [NetMuon2]:460419 [NetMuon3]:490852 [NetMuon4]:490852
[Run]:36805 [Site]:2 [Bin]:9182 [FullTime]:3590.17 [SkipTime]:0 [Veto1]:505.929 [Veto2]:493.633 [Veto3]:307.852 [Veto4]:307.852 [SgUp1]:172793 [SgUp2]:176559 [SgUp3]:0 [SgUp4]:0 [SgLow1]:172449 [SgLow2]:176168 [SgLow3]:0 [SgLow4]:0 [NetMuon1]:461108 [NetMuon2]:462970 [NetMuon3]:490461 [NetMuon4]:490461
[Run]:36805 [Site]:2 [Bin]:9183 [FullTime]:3590.17 [SkipTime]:0 [Veto1]:494.717 [Veto2]:503.548 [Veto3]:307.807 [Veto4]:307.807 [SgUp1]:173518 [SgUp2]:175381 [SgUp3]:0 [SgUp4]:0 [SgLow1]:173183 [SgLow2]:174948 [SgLow3]:0 [SgLow4]:0 [NetMuon1]:462348 [NetMuon2]:460991 [NetMuon3]:490260 [NetMuon4]:490260
[Run]:36805 [Site]:2 [Bin]:9184 [FullTime]:3590.17 [SkipTime]:0 [Veto1]:504.592 [Veto2]:534.649 [Veto3]:307.332 [Veto4]:307.332 [SgUp1]:172896 [SgUp2]:173612 [SgUp3]:0 [SgUp4]:0 [SgLow1]:172562 [SgLow2]:173199 [SgLow3]:0 [SgLow4]:0 [NetMuon1]:460177 [NetMuon2]:455586 [NetMuon3]:489727 [NetMuon4]:489727
[[Run]:36805 [Site]:2 [Bin]:9185 [FullTime]:3590.17 [SkipTime]:0 [Veto1]:495.57 [Veto2]:504.55 [Veto3]:308.402 [Veto4]:308.402 [SgUp1]:173428 [SgUp2]:175222 [SgUp3]:0 [SgUp4]:0 [SgLow1]:173034 [SgLow2]:174801 [SgLow3]:0 [SgLow4]:0 [NetMuon1]:463153 [NetMuon2]:461679 [NetMuon3]:491152 [NetMuon4]:491152
[Run]:36805 [Site]:2 [Bin]:9186 [FullTime]:3590.17 [SkipTime]:0 [Veto1]:516.592 [Veto2]:507.469 [Veto3]:307.611 [Veto4]:307.611 [SgUp1]:173124 [SgUp2]:174886 [SgUp3]:0 [SgUp4]:0 [SgLow1]:172738 [SgLow2]:174488 [SgLow3]:0 [SgLow4]:0 [NetMuon1]:459072 [NetMuon2]:460197 [NetMuon3]:490035 [NetMuon4]:490035
[Run]:36805 [Site]:2 [Bin]:9187 [FullTime]:3590.17 [SkipTime]:0 [Veto1]:517.464 [Veto2]:516.267 [Veto3]:307.955 [Veto4]:307.955 [SgUp1]:171974 [SgUp2]:174582 [SgUp3]:0 [SgUp4]:0 [SgLow1]:171656 [SgLow2]:174155 [SgLow3]:0 [SgLow4]:0 [NetMuon1]:459386 [NetMuon2]:459359 [NetMuon3]:490716 [NetMuon4]:490716
[Run]:36805 [Site]:2 [Bin]:9188 [FullTime]:3590.17 [SkipTime]:0 [Veto1]:509.464 [Veto2]:513.011 [Veto3]:308.308 [Veto4]:308.308 [SgUp1]:172122 [SgUp2]:174630 [SgUp3]:0 [SgUp4]:0 [SgLow1]:171799 [SgLow2]:174187 [SgLow3]:0 [SgLow4]:0 [NetMuon1]:461252 [NetMuon2]:460403 [NetMuon3]:491088 [NetMuon4]:491088
[Run]:36805 [Site]:2 [Bin]:9189 [FullTime]:3590.17 [SkipTime]:0 [Veto1]:493.535 [Veto2]:489.056 [Veto3]:307.473 [Veto4]:307.473 [SgUp1]:173775 [SgUp2]:176109 [SgUp3]:0 [SgUp4]:0 [SgLow1]:173396 [SgLow2]:175669 [SgLow3]:0 [SgLow4]:0 [NetMuon1]:461925 [NetMuon2]:462751 [NetMuon3]:489786 [NetMuon4]:489786
[Run]:36805 [Site]:2 [Bin]:9190 [FullTime]:3590.17 [SkipTime]:0 [Veto1]:487.909 [Veto2]:515.422 [Veto3]:308.309 [Veto4]:308.309 [SgUp1]:174251 [SgUp2]:174551 [SgUp3]:0 [SgUp4]:0 [SgLow1]:173857 [SgLow2]:174132 [SgLow3]:0 [SgLow4]:0 [NetMuon1]:464430 [NetMuon2]:460275 [NetMuon3]:491101 [NetMuon4]:491101
[Run]:36805 [Site]:2 [Bin]:9191 [FullTime]:3590.17 [SkipTime]:0 [Veto1]:531.207 [Veto2]:510.753 [Veto3]:308.189 [Veto4]:308.189 [SgUp1]:171052 [SgUp2]:174999 [SgUp3]:0 [SgUp4]:0 [SgLow1]:170683 [SgLow2]:174575 [SgLow3]:0 [SgLow4]:0 [NetMuon1]:457881 [NetMuon2]:460263 [NetMuon3]:490886 [NetMuon4]:490886
[Run]:36805 [Site]:2 [Bin]:9192 [FullTime]:3590.17 [SkipTime]:0 [Veto1]:524.261 [Veto2]:490.487 [Veto3]:308.177 [Veto4]:308.177 [SgUp1]:171723 [SgUp2]:176433 [SgUp3]:0 [SgUp4]:0 [SgLow1]:171359 [SgLow2]:176020 [SgLow3]:0 [SgLow4]:0 [NetMuon1]:458889 [NetMuon2]:464085 [NetMuon3]:491045 [NetMuon4]:491045
[Run]:36805 [Site]:2 [Bin]:9193 [FullTime]:3590.17 [SkipTime]:0 [Veto1]:496.764 [Veto2]:520.211 [Veto3]:306.963 [Veto4]:306.963 [SgUp1]:173717 [SgUp2]:173972 [SgUp3]:0 [SgUp4]:0 [SgLow1]:173340 [SgLow2]:173553 [SgLow3]:0 [SgLow4]:0 [NetMuon1]:460996 [NetMuon2]:457266 [NetMuon3]:489053 [NetMuon4]:489053
[Run]:36805 [Site]:2 [Bin]:9194 [FullTime]:3590.17 [SkipTime]:0 [Veto1]:476.12 [Veto2]:504.041 [Veto3]:307.027 [Veto4]:307.027 [SgUp1]:174925 [SgUp2]:176084 [SgUp3]:0 [SgUp4]:0 [SgLow1]:174541 [SgLow2]:175630 [SgLow3]:0 [SgLow4]:0 [NetMuon1]:463890 [NetMuon2]:459774 [NetMuon3]:489116 [NetMuon4]:489116
End process Run: 36805 ... 
[Run]:36805 [Site]:2 [Bin]:9195 [FullTime]:3109.67 [SkipTime]:0 [Veto1]:426.944 [Veto2]:433.46 [Veto3]:266.32 [Veto4]:266.32
