StreamChain add 0x83837e0
Start to process run: 36942 ... 
[Run]:36942 [Site]:2 [Bin]:9436 [FullTime]:894.139 [SkipTime]:0 [Veto1]:121.626 [Veto2]:131.063 [Veto3]:76.4951 [Veto4]:76.4951 [SgUp1]:43122 [SgUp2]:43538 [SgUp3]:0 [SgUp4]:0 [SgLow1]:43008 [SgLow2]:43443 [SgLow3]:0 [SgLow4]:0 [NetMuon1]:115047 [NetMuon2]:114074 [NetMuon3]:121838 [NetMuon4]:121838
[Run]:36942 [Site]:2 [Bin]:9437 [FullTime]:3590.17 [SkipTime]:0 [Veto1]:509.892 [Veto2]:490.108 [Veto3]:307.573 [Veto4]:307.573 [SgUp1]:173112 [SgUp2]:175785 [SgUp3]:0 [SgUp4]:0 [SgLow1]:172722 [SgLow2]:175342 [SgLow3]:0 [SgLow4]:0 [NetMuon1]:459742 [NetMuon2]:462492 [NetMuon3]:489835 [NetMuon4]:489835
[Run]:36942 [Site]:2 [Bin]:9438 [FullTime]:3590.17 [SkipTime]:0 [Veto1]:497.941 [Veto2]:516.033 [Veto3]:307.088 [Veto4]:307.088 [SgUp1]:173201 [SgUp2]:174351 [SgUp3]:0 [SgUp4]:0 [SgLow1]:172832 [SgLow2]:173943 [SgLow3]:0 [SgLow4]:0 [NetMuon1]:460413 [NetMuon2]:457591 [NetMuon3]:488958 [NetMuon4]:488958
[Run]:36942 [Site]:2 [Bin]:9439 [FullTime]:3590.17 [SkipTime]:0 [Veto1]:484.56 [Veto2]:505.087 [Veto3]:307.034 [Veto4]:307.034 [SgUp1]:173910 [SgUp2]:175872 [SgUp3]:0 [SgUp4]:0 [SgLow1]:173546 [SgLow2]:175404 [SgLow3]:0 [SgLow4]:0 [NetMuon1]:462802 [NetMuon2]:460049 [NetMuon3]:489333 [NetMuon4]:489333
[Run]:36942 [Site]:2 [Bin]:9440 [FullTime]:3590.17 [SkipTime]:0 [Veto1]:506.102 [Veto2]:505.104 [Veto3]:306.333 [Veto4]:306.333 [SgUp1]:173064 [SgUp2]:175660 [SgUp3]:0 [SgUp4]:0 [SgLow1]:172649 [SgLow2]:175251 [SgLow3]:0 [SgLow4]:0 [NetMuon1]:458092 [NetMuon2]:458133 [NetMuon3]:487900 [NetMuon4]:487900
[Run]:36942 [Site]:2 [Bin]:9441 [FullTime]:3590.17 [SkipTime]:0 [Veto1]:499.175 [Veto2]:493.371 [Veto3]:307.458 [Veto4]:307.458 [SgUp1]:172844 [SgUp2]:175823 [SgUp3]:0 [SgUp4]:0 [SgLow1]:172522 [SgLow2]:175392 [SgLow3]:0 [SgLow4]:0 [NetMuon1]:461354 [NetMuon2]:462107 [NetMuon3]:489824 [NetMuon4]:489824
[Run]:36942 [Site]:2 [Bin]:9442 [FullTime]:3590.18 [SkipTime]:0 [Veto1]:498.024 [Veto2]:513.341 [Veto3]:306.986 [Veto4]:306.986 [SgUp1]:173220 [SgUp2]:174973 [SgUp3]:0 [SgUp4]:0 [SgLow1]:172840 [SgLow2]:174545 [SgLow3]:0 [SgLow4]:0 [NetMuon1]:460376 [NetMuon2]:458283 [NetMuon3]:488913 [NetMuon4]:488913
[Run]:36942 [Site]:2 [Bin]:9443 [FullTime]:3590.16 [SkipTime]:0 [Veto1]:518.82 [Veto2]:498.656 [Veto3]:307.776 [Veto4]:307.776 [SgUp1]:172102 [SgUp2]:175282 [SgUp3]:0 [SgUp4]:0 [SgLow1]:171758 [SgLow2]:174870 [SgLow3]:0 [SgLow4]:0 [NetMuon1]:459157 [NetMuon2]:461935 [NetMuon3]:490397 [NetMuon4]:490397
[Run]:36942 [Site]:2 [Bin]:9444 [FullTime]:3590.17 [SkipTime]:0 [Veto1]:502.526 [Veto2]:525.309 [Veto3]:307.157 [Veto4]:307.157 [SgUp1]:173180 [SgUp2]:173866 [SgUp3]:0 [SgUp4]:0 [SgLow1]:172755 [SgLow2]:173497 [SgLow3]:0 [SgLow4]:0 [NetMuon1]:460076 [NetMuon2]:456625 [NetMuon3]:489269 [NetMuon4]:489269
[Run]:36942 [Site]:2 [Bin]:9445 [FullTime]:3590.17 [SkipTime]:0 [Veto1]:505.138 [Veto2]:508.18 [Veto3]:306.951 [Veto4]:306.951 [SgUp1]:172807 [SgUp2]:174591 [SgUp3]:0 [SgUp4]:0 [SgLow1]:172417 [SgLow2]:174181 [SgLow3]:0 [SgLow4]:0 [NetMuon1]:459638 [NetMuon2]:458877 [NetMuon3]:488970 [NetMuon4]:488970
[Run]:36942 [Site]:2 [Bin]:9446 [FullTime]:3590.17 [SkipTime]:0 [Veto1]:514.813 [Veto2]:523.907 [Veto3]:307.403 [Veto4]:307.403 [SgUp1]:172218 [SgUp2]:173373 [SgUp3]:0 [SgUp4]:0 [SgLow1]:171866 [SgLow2]:172985 [SgLow3]:0 [SgLow4]:0 [NetMuon1]:458751 [NetMuon2]:457470 [NetMuon3]:489701 [NetMuon4]:489701
[Run]:36942 [Site]:2 [Bin]:9447 [FullTime]:3590.17 [SkipTime]:0 [Veto1]:518.145 [Veto2]:503.872 [Veto3]:307.268 [Veto4]:307.268 [SgUp1]:171805 [SgUp2]:175431 [SgUp3]:0 [SgUp4]:0 [SgLow1]:171418 [SgLow2]:175035 [SgLow3]:0 [SgLow4]:0 [NetMuon1]:458197 [NetMuon2]:460518 [NetMuon3]:489632 [NetMuon4]:489632
[Run]:36942 [Site]:2 [Bin]:9448 [FullTime]:3590.17 [SkipTime]:0 [Veto1]:513.268 [Veto2]:509 [Veto3]:306.686 [Veto4]:306.686 [SgUp1]:172085 [SgUp2]:175060 [SgUp3]:0 [SgUp4]:0 [SgLow1]:171725 [SgLow2]:174625 [SgLow3]:0 [SgLow4]:0 [NetMuon1]:457849 [NetMuon2]:458448 [NetMuon3]:488509 [NetMuon4]:488509
[Run]:36942 [Site]:2 [Bin]:9449 [FullTime]:3590.17 [SkipTime]:0 [Veto1]:494.187 [Veto2]:495.088 [Veto3]:306.537 [Veto4]:306.537 [SgUp1]:173712 [SgUp2]:175937 [SgUp3]:0 [SgUp4]:0 [SgLow1]:173344 [SgLow2]:175554 [SgLow3]:0 [SgLow4]:0 [NetMuon1]:460286 [NetMuon2]:460404 [NetMuon3]:488240 [NetMuon4]:488240
[Run]:36942 [Site]:2 [Bin]:9450 [FullTime]:3590.17 [SkipTime]:0 [Veto1]:493.294 [Veto2]:497.676 [Veto3]:306.956 [Veto4]:306.956 [SgUp1]:173772 [SgUp2]:175557 [SgUp3]:0 [SgUp4]:0 [SgLow1]:173436 [SgLow2]:175154 [SgLow3]:0 [SgLow4]:0 [NetMuon1]:461062 [NetMuon2]:460168 [NetMuon3]:488700 [NetMuon4]:488700
[Run]:36942 [Site]:2 [Bin]:9451 [FullTime]:3590.17 [SkipTime]:0 [Veto1]:516.125 [Veto2]:507.49 [Veto3]:307.194 [Veto4]:307.194 [SgUp1]:172565 [SgUp2]:174387 [SgUp3]:0 [SgUp4]:0 [SgLow1]:172228 [SgLow2]:173962 [SgLow3]:0 [SgLow4]:0 [NetMuon1]:458077 [NetMuon2]:459578 [NetMuon3]:489332 [NetMuon4]:489332
[Run]:36942 [Site]:2 [Bin]:9452 [FullTime]:3590.17 [SkipTime]:0 [Veto1]:496.873 [Veto2]:497.243 [Veto3]:306.683 [Veto4]:306.683 [SgUp1]:172920 [SgUp2]:175616 [SgUp3]:0 [SgUp4]:0 [SgLow1]:172547 [SgLow2]:175220 [SgLow3]:0 [SgLow4]:0 [NetMuon1]:459981 [NetMuon2]:460205 [NetMuon3]:488425 [NetMuon4]:488425
[Run]:36942 [Site]:2 [Bin]:9453 [FullTime]:3590.17 [SkipTime]:0 [Veto1]:521.714 [Veto2]:491.818 [Veto3]:307.286 [Veto4]:307.286 [SgUp1]:171338 [SgUp2]:176361 [SgUp3]:0 [SgUp4]:0 [SgLow1]:170994 [SgLow2]:175946 [SgLow3]:0 [SgLow4]:0 [NetMuon1]:457829 [NetMuon2]:462375 [NetMuon3]:489644 [NetMuon4]:489644
[Run]:36942 [Site]:2 [Bin]:9454 [FullTime]:3590.17 [SkipTime]:0 [Veto1]:476.894 [Veto2]:521.421 [Veto3]:306.782 [Veto4]:306.782 [SgUp1]:173876 [SgUp2]:173847 [SgUp3]:0 [SgUp4]:0 [SgLow1]:173452 [SgLow2]:173419 [SgLow3]:0 [SgLow4]:0 [NetMuon1]:463701 [NetMuon2]:456627 [NetMuon3]:488683 [NetMuon4]:488683
[Run]:36942 [Site]:2 [Bin]:9455 [FullTime]:3590.17 [SkipTime]:0 [Veto1]:498.019 [Veto2]:503.458 [Veto3]:307.161 [Veto4]:307.161 [SgUp1]:172797 [SgUp2]:174812 [SgUp3]:0 [SgUp4]:0 [SgLow1]:172431 [SgLow2]:174367 [SgLow3]:0 [SgLow4]:0 [NetMuon1]:460850 [NetMuon2]:460032 [NetMuon3]:489363 [NetMuon4]:489363
[Run]:36942 [Site]:2 [Bin]:9456 [FullTime]:3590.17 [SkipTime]:0 [Veto1]:489.256 [Veto2]:509.864 [Veto3]:307.088 [Veto4]:307.088 [SgUp1]:174102 [SgUp2]:174454 [SgUp3]:0 [SgUp4]:0 [SgLow1]:173727 [SgLow2]:174047 [SgLow3]:0 [SgLow4]:0 [NetMuon1]:461919 [NetMuon2]:459021 [NetMuon3]:489085 [NetMuon4]:489085
[Run]:36942 [Site]:2 [Bin]:9457 [FullTime]:3590.17 [SkipTime]:0 [Veto1]:530.328 [Veto2]:525.416 [Veto3]:306.967 [Veto4]:306.967 [SgUp1]:171478 [SgUp2]:174026 [SgUp3]:0 [SgUp4]:0 [SgLow1]:171074 [SgLow2]:173635 [SgLow3]:0 [SgLow4]:0 [NetMuon1]:455374 [NetMuon2]:456390 [NetMuon3]:488932 [NetMuon4]:488932
End process Run: 36942 ... 
[Run]:36942 [Site]:2 [Bin]:9458 [FullTime]:3503.42 [SkipTime]:0 [Veto1]:504.602 [Veto2]:491.464 [Veto3]:299.471 [Veto4]:299.471
