StreamChain add 0x624d7e0
Start to process run: 37655 ... 
[Run]:37655 [Site]:2 [Bin]:10376 [FullTime]:1060.36 [SkipTime]:0 [Veto1]:158.66 [Veto2]:153.908 [Veto3]:90.7665 [Veto4]:90.7665 [SgUp1]:51512 [SgUp2]:51370 [SgUp3]:0 [SgUp4]:0 [SgLow1]:51390 [SgLow2]:51271 [SgLow3]:0 [SgLow4]:0 [NetMuon1]:134465 [NetMuon2]:135203 [NetMuon3]:144650 [NetMuon4]:144650
[Run]:37655 [Site]:2 [Bin]:10377 [FullTime]:3590.17 [SkipTime]:0 [Veto1]:499.093 [Veto2]:511.826 [Veto3]:307.597 [Veto4]:307.597 [SgUp1]:173677 [SgUp2]:174168 [SgUp3]:0 [SgUp4]:0 [SgLow1]:173312 [SgLow2]:173834 [SgLow3]:0 [SgLow4]:0 [NetMuon1]:461417 [NetMuon2]:459185 [NetMuon3]:489765 [NetMuon4]:489765
[Run]:37655 [Site]:2 [Bin]:10378 [FullTime]:3590.17 [SkipTime]:0 [Veto1]:492.183 [Veto2]:496.768 [Veto3]:307.875 [Veto4]:307.875 [SgUp1]:173517 [SgUp2]:174973 [SgUp3]:0 [SgUp4]:0 [SgLow1]:173213 [SgLow2]:174577 [SgLow3]:0 [SgLow4]:0 [NetMuon1]:462590 [NetMuon2]:462106 [NetMuon3]:490290 [NetMuon4]:490290
[Run]:37655 [Site]:2 [Bin]:10379 [FullTime]:3590.17 [SkipTime]:0 [Veto1]:522.499 [Veto2]:532.824 [Veto3]:307.247 [Veto4]:307.247 [SgUp1]:172295 [SgUp2]:174026 [SgUp3]:0 [SgUp4]:0 [SgLow1]:171939 [SgLow2]:173617 [SgLow3]:0 [SgLow4]:0 [NetMuon1]:457266 [NetMuon2]:456019 [NetMuon3]:489337 [NetMuon4]:489337
[Run]:37655 [Site]:2 [Bin]:10380 [FullTime]:3590.18 [SkipTime]:0 [Veto1]:506.232 [Veto2]:495.768 [Veto3]:307.307 [Veto4]:307.307 [SgUp1]:173194 [SgUp2]:175578 [SgUp3]:0 [SgUp4]:0 [SgLow1]:172852 [SgLow2]:175141 [SgLow3]:0 [SgLow4]:0 [NetMuon1]:460157 [NetMuon2]:461665 [NetMuon3]:489617 [NetMuon4]:489617
[Run]:37655 [Site]:2 [Bin]:10381 [FullTime]:3590.17 [SkipTime]:0 [Veto1]:488.404 [Veto2]:490.831 [Veto3]:307.44 [Veto4]:307.44 [SgUp1]:174295 [SgUp2]:175428 [SgUp3]:0 [SgUp4]:0 [SgLow1]:173963 [SgLow2]:175049 [SgLow3]:0 [SgLow4]:0 [NetMuon1]:462906 [NetMuon2]:462223 [NetMuon3]:489738 [NetMuon4]:489738
[Run]:37655 [Site]:2 [Bin]:10382 [FullTime]:3590.17 [SkipTime]:0 [Veto1]:484.693 [Veto2]:508.212 [Veto3]:306.964 [Veto4]:306.964 [SgUp1]:174684 [SgUp2]:174129 [SgUp3]:0 [SgUp4]:0 [SgLow1]:174293 [SgLow2]:173704 [SgLow3]:0 [SgLow4]:0 [NetMuon1]:462837 [NetMuon2]:458960 [NetMuon3]:488999 [NetMuon4]:488999
[Run]:37655 [Site]:2 [Bin]:10383 [FullTime]:3590.18 [SkipTime]:0 [Veto1]:506.742 [Veto2]:530.348 [Veto3]:307.424 [Veto4]:307.424 [SgUp1]:173681 [SgUp2]:172541 [SgUp3]:0 [SgUp4]:0 [SgLow1]:173337 [SgLow2]:172185 [SgLow3]:0 [SgLow4]:0 [NetMuon1]:459870 [NetMuon2]:456346 [NetMuon3]:489596 [NetMuon4]:489596
[Run]:37655 [Site]:2 [Bin]:10384 [FullTime]:3590.16 [SkipTime]:0 [Veto1]:524.371 [Veto2]:500.018 [Veto3]:307.764 [Veto4]:307.764 [SgUp1]:171914 [SgUp2]:175095 [SgUp3]:0 [SgUp4]:0 [SgLow1]:171579 [SgLow2]:174726 [SgLow3]:0 [SgLow4]:0 [NetMuon1]:458002 [NetMuon2]:461796 [NetMuon3]:490299 [NetMuon4]:490299
[Run]:37655 [Site]:2 [Bin]:10385 [FullTime]:3590.17 [SkipTime]:0 [Veto1]:491.329 [Veto2]:493.239 [Veto3]:307.58 [Veto4]:307.58 [SgUp1]:174838 [SgUp2]:175470 [SgUp3]:0 [SgUp4]:0 [SgLow1]:174492 [SgLow2]:175105 [SgLow3]:0 [SgLow4]:0 [NetMuon1]:462150 [NetMuon2]:462048 [NetMuon3]:489881 [NetMuon4]:489881
[Run]:37655 [Site]:2 [Bin]:10386 [FullTime]:3590.17 [SkipTime]:0 [Veto1]:500.469 [Veto2]:518.365 [Veto3]:307.709 [Veto4]:307.709 [SgUp1]:172873 [SgUp2]:174387 [SgUp3]:0 [SgUp4]:0 [SgLow1]:172554 [SgLow2]:173963 [SgLow3]:0 [SgLow4]:0 [NetMuon1]:461627 [NetMuon2]:458843 [NetMuon3]:490228 [NetMuon4]:490228
[Run]:37655 [Site]:2 [Bin]:10387 [FullTime]:3590.17 [SkipTime]:0 [Veto1]:504.341 [Veto2]:500.678 [Veto3]:307.457 [Veto4]:307.457 [SgUp1]:172160 [SgUp2]:175744 [SgUp3]:0 [SgUp4]:0 [SgLow1]:171782 [SgLow2]:175347 [SgLow3]:0 [SgLow4]:0 [NetMuon1]:460698 [NetMuon2]:461064 [NetMuon3]:489677 [NetMuon4]:489677
[Run]:37655 [Site]:2 [Bin]:10388 [FullTime]:3590.17 [SkipTime]:0 [Veto1]:494.296 [Veto2]:518.49 [Veto3]:307.267 [Veto4]:307.267 [SgUp1]:174361 [SgUp2]:174475 [SgUp3]:0 [SgUp4]:0 [SgLow1]:174001 [SgLow2]:174110 [SgLow3]:0 [SgLow4]:0 [NetMuon1]:461580 [NetMuon2]:458192 [NetMuon3]:489591 [NetMuon4]:489591
[Run]:37655 [Site]:2 [Bin]:10389 [FullTime]:3590.17 [SkipTime]:0 [Veto1]:500.156 [Veto2]:518.451 [Veto3]:307.764 [Veto4]:307.764 [SgUp1]:173899 [SgUp2]:173832 [SgUp3]:0 [SgUp4]:0 [SgLow1]:173563 [SgLow2]:173411 [SgLow3]:0 [SgLow4]:0 [NetMuon1]:461564 [NetMuon2]:458812 [NetMuon3]:490242 [NetMuon4]:490242
[Run]:37655 [Site]:2 [Bin]:10390 [FullTime]:3590.17 [SkipTime]:0 [Veto1]:515.698 [Veto2]:511.66 [Veto3]:307.617 [Veto4]:307.617 [SgUp1]:172222 [SgUp2]:174528 [SgUp3]:0 [SgUp4]:0 [SgLow1]:171883 [SgLow2]:174140 [SgLow3]:0 [SgLow4]:0 [NetMuon1]:458881 [NetMuon2]:459636 [NetMuon3]:490112 [NetMuon4]:490112
[Run]:37655 [Site]:2 [Bin]:10391 [FullTime]:3590.16 [SkipTime]:0 [Veto1]:502.309 [Veto2]:492.937 [Veto3]:307.821 [Veto4]:307.821 [SgUp1]:173387 [SgUp2]:176135 [SgUp3]:0 [SgUp4]:0 [SgLow1]:173039 [SgLow2]:175764 [SgLow3]:0 [SgLow4]:0 [NetMuon1]:461284 [NetMuon2]:462597 [NetMuon3]:490308 [NetMuon4]:490308
[Run]:37655 [Site]:2 [Bin]:10392 [FullTime]:3590.17 [SkipTime]:0 [Veto1]:504.586 [Veto2]:494.31 [Veto3]:306.75 [Veto4]:306.75 [SgUp1]:172675 [SgUp2]:174979 [SgUp3]:0 [SgUp4]:0 [SgLow1]:172379 [SgLow2]:174590 [SgLow3]:0 [SgLow4]:0 [NetMuon1]:459404 [NetMuon2]:460933 [NetMuon3]:488745 [NetMuon4]:488745
[Run]:37655 [Site]:2 [Bin]:10393 [FullTime]:3590.17 [SkipTime]:0 [Veto1]:518.895 [Veto2]:519.38 [Veto3]:306.532 [Veto4]:306.532 [SgUp1]:172960 [SgUp2]:174519 [SgUp3]:0 [SgUp4]:0 [SgLow1]:172578 [SgLow2]:174148 [SgLow3]:0 [SgLow4]:0 [NetMuon1]:456728 [NetMuon2]:456920 [NetMuon3]:488459 [NetMuon4]:488459
[Run]:37655 [Site]:2 [Bin]:10394 [FullTime]:3590.17 [SkipTime]:0 [Veto1]:514.285 [Veto2]:509.689 [Veto3]:307.117 [Veto4]:307.117 [SgUp1]:172234 [SgUp2]:174631 [SgUp3]:0 [SgUp4]:0 [SgLow1]:171902 [SgLow2]:174253 [SgLow3]:0 [SgLow4]:0 [NetMuon1]:458270 [NetMuon2]:458765 [NetMuon3]:489152 [NetMuon4]:489152
[Run]:37655 [Site]:2 [Bin]:10395 [FullTime]:3590.17 [SkipTime]:0 [Veto1]:515.584 [Veto2]:499.846 [Veto3]:306.978 [Veto4]:306.978 [SgUp1]:173278 [SgUp2]:175647 [SgUp3]:0 [SgUp4]:0 [SgLow1]:172938 [SgLow2]:175200 [SgLow3]:0 [SgLow4]:0 [NetMuon1]:457969 [NetMuon2]:460149 [NetMuon3]:489012 [NetMuon4]:489012
[Run]:37655 [Site]:2 [Bin]:10396 [FullTime]:3590.17 [SkipTime]:0 [Veto1]:505.819 [Veto2]:491.424 [Veto3]:306.753 [Veto4]:306.753 [SgUp1]:173217 [SgUp2]:175887 [SgUp3]:0 [SgUp4]:0 [SgLow1]:172878 [SgLow2]:175470 [SgLow3]:0 [SgLow4]:0 [NetMuon1]:459244 [NetMuon2]:461536 [NetMuon3]:488724 [NetMuon4]:488724
[Run]:37655 [Site]:2 [Bin]:10397 [FullTime]:3590.17 [SkipTime]:0 [Veto1]:514.977 [Veto2]:499.839 [Veto3]:306.91 [Veto4]:306.91 [SgUp1]:172754 [SgUp2]:175463 [SgUp3]:0 [SgUp4]:0 [SgLow1]:172403 [SgLow2]:175065 [SgLow3]:0 [SgLow4]:0 [NetMuon1]:458234 [NetMuon2]:460266 [NetMuon3]:488886 [NetMuon4]:488886
[Run]:37655 [Site]:2 [Bin]:10398 [FullTime]:3590.17 [SkipTime]:0 [Veto1]:511.777 [Veto2]:495.927 [Veto3]:307.705 [Veto4]:307.705 [SgUp1]:172341 [SgUp2]:176581 [SgUp3]:0 [SgUp4]:0 [SgLow1]:171979 [SgLow2]:176140 [SgLow3]:0 [SgLow4]:0 [NetMuon1]:459571 [NetMuon2]:462111 [NetMuon3]:490174 [NetMuon4]:490174
[Run]:37655 [Site]:2 [Bin]:10399 [FullTime]:3590.17 [SkipTime]:0 [Veto1]:513.653 [Veto2]:473.469 [Veto3]:307.294 [Veto4]:307.294 [SgUp1]:172692 [SgUp2]:177205 [SgUp3]:0 [SgUp4]:0 [SgLow1]:172390 [SgLow2]:176827 [SgLow3]:0 [SgLow4]:0 [NetMuon1]:458686 [NetMuon2]:464910 [NetMuon3]:489342 [NetMuon4]:489342
[Run]:37655 [Site]:2 [Bin]:10400 [FullTime]:3590.17 [SkipTime]:0 [Veto1]:517.927 [Veto2]:490.946 [Veto3]:306.978 [Veto4]:306.978 [SgUp1]:172419 [SgUp2]:175601 [SgUp3]:0 [SgUp4]:0 [SgLow1]:172026 [SgLow2]:175206 [SgLow3]:0 [SgLow4]:0 [NetMuon1]:457759 [NetMuon2]:461806 [NetMuon3]:489163 [NetMuon4]:489163
[Run]:37655 [Site]:2 [Bin]:10401 [FullTime]:3590.17 [SkipTime]:0 [Veto1]:491.003 [Veto2]:503.886 [Veto3]:307.132 [Veto4]:307.132 [SgUp1]:174890 [SgUp2]:175170 [SgUp3]:0 [SgUp4]:0 [SgLow1]:174517 [SgLow2]:174795 [SgLow3]:0 [SgLow4]:0 [NetMuon1]:461672 [NetMuon2]:459703 [NetMuon3]:489173 [NetMuon4]:489173
[Run]:37655 [Site]:2 [Bin]:10402 [FullTime]:3590.17 [SkipTime]:0 [Veto1]:532.443 [Veto2]:491.283 [Veto3]:306.66 [Veto4]:306.66 [SgUp1]:171511 [SgUp2]:175479 [SgUp3]:0 [SgUp4]:0 [SgLow1]:171138 [SgLow2]:175053 [SgLow3]:0 [SgLow4]:0 [NetMuon1]:455264 [NetMuon2]:461311 [NetMuon3]:488701 [NetMuon4]:488701
[Run]:37655 [Site]:2 [Bin]:10403 [FullTime]:3590.17 [SkipTime]:0 [Veto1]:523.834 [Veto2]:526.287 [Veto3]:307.044 [Veto4]:307.044 [SgUp1]:172578 [SgUp2]:173801 [SgUp3]:0 [SgUp4]:0 [SgLow1]:172252 [SgLow2]:173419 [SgLow3]:0 [SgLow4]:0 [NetMuon1]:456974 [NetMuon2]:456165 [NetMuon3]:489030 [NetMuon4]:489030
[Run]:37655 [Site]:2 [Bin]:10404 [FullTime]:3590.17 [SkipTime]:0 [Veto1]:520.68 [Veto2]:532.048 [Veto3]:307.544 [Veto4]:307.544 [SgUp1]:171857 [SgUp2]:173444 [SgUp3]:0 [SgUp4]:0 [SgLow1]:171502 [SgLow2]:173071 [SgLow3]:0 [SgLow4]:0 [NetMuon1]:458008 [NetMuon2]:456319 [NetMuon3]:489948 [NetMuon4]:489948
[Run]:37655 [Site]:2 [Bin]:10405 [FullTime]:3590.17 [SkipTime]:0 [Veto1]:522.356 [Veto2]:505.55 [Veto3]:306.961 [Veto4]:306.961 [SgUp1]:172299 [SgUp2]:175059 [SgUp3]:0 [SgUp4]:0 [SgLow1]:171927 [SgLow2]:174676 [SgLow3]:0 [SgLow4]:0 [NetMuon1]:456836 [NetMuon2]:459479 [NetMuon3]:488914 [NetMuon4]:488914
[Run]:37655 [Site]:2 [Bin]:10406 [FullTime]:3590.17 [SkipTime]:0 [Veto1]:514.686 [Veto2]:482.326 [Veto3]:305.968 [Veto4]:305.968 [SgUp1]:173412 [SgUp2]:176144 [SgUp3]:0 [SgUp4]:0 [SgLow1]:173055 [SgLow2]:175774 [SgLow3]:0 [SgLow4]:0 [NetMuon1]:456737 [NetMuon2]:461710 [NetMuon3]:487662 [NetMuon4]:487662
[Run]:37655 [Site]:2 [Bin]:10407 [FullTime]:3590.17 [SkipTime]:0 [Veto1]:499.734 [Veto2]:498.091 [Veto3]:307.538 [Veto4]:307.538 [SgUp1]:173665 [SgUp2]:175330 [SgUp3]:0 [SgUp4]:0 [SgLow1]:173347 [SgLow2]:174968 [SgLow3]:0 [SgLow4]:0 [NetMuon1]:460809 [NetMuon2]:460986 [NetMuon3]:489603 [NetMuon4]:489603
[Run]:37655 [Site]:2 [Bin]:10408 [FullTime]:3590.17 [SkipTime]:0 [Veto1]:498.336 [Veto2]:495.65 [Veto3]:306.876 [Veto4]:306.876 [SgUp1]:174715 [SgUp2]:175457 [SgUp3]:0 [SgUp4]:0 [SgLow1]:174375 [SgLow2]:175038 [SgLow3]:0 [SgLow4]:0 [NetMuon1]:460334 [NetMuon2]:460845 [NetMuon3]:488848 [NetMuon4]:488848
[Run]:37655 [Site]:2 [Bin]:10409 [FullTime]:3590.17 [SkipTime]:0 [Veto1]:497.057 [Veto2]:505.778 [Veto3]:307.458 [Veto4]:307.458 [SgUp1]:173846 [SgUp2]:175105 [SgUp3]:0 [SgUp4]:0 [SgLow1]:173516 [SgLow2]:174703 [SgLow3]:0 [SgLow4]:0 [NetMuon1]:461413 [NetMuon2]:460141 [NetMuon3]:489866 [NetMuon4]:489866
[Run]:37655 [Site]:2 [Bin]:10410 [FullTime]:3590.18 [SkipTime]:0 [Veto1]:491.7 [Veto2]:497.914 [Veto3]:307.111 [Veto4]:307.111 [SgUp1]:173469 [SgUp2]:175653 [SgUp3]:0 [SgUp4]:0 [SgLow1]:173111 [SgLow2]:175232 [SgLow3]:0 [SgLow4]:0 [NetMuon1]:461710 [NetMuon2]:460824 [NetMuon3]:489211 [NetMuon4]:489211
[Run]:37655 [Site]:2 [Bin]:10411 [FullTime]:3590.17 [SkipTime]:0 [Veto1]:504.848 [Veto2]:496.215 [Veto3]:306.783 [Veto4]:306.783 [SgUp1]:173052 [SgUp2]:175141 [SgUp3]:0 [SgUp4]:0 [SgLow1]:172742 [SgLow2]:174777 [SgLow3]:0 [SgLow4]:0 [NetMuon1]:459075 [NetMuon2]:460333 [NetMuon3]:488495 [NetMuon4]:488495
[Run]:37655 [Site]:2 [Bin]:10412 [FullTime]:3590.17 [SkipTime]:0 [Veto1]:516.978 [Veto2]:538.521 [Veto3]:306.9 [Veto4]:306.9 [SgUp1]:172709 [SgUp2]:173048 [SgUp3]:0 [SgUp4]:0 [SgLow1]:172338 [SgLow2]:172660 [SgLow3]:0 [SgLow4]:0 [NetMuon1]:457441 [NetMuon2]:454600 [NetMuon3]:488892 [NetMuon4]:488892
[Run]:37655 [Site]:2 [Bin]:10413 [FullTime]:3590.17 [SkipTime]:0 [Veto1]:504.932 [Veto2]:510.726 [Veto3]:306.933 [Veto4]:306.933 [SgUp1]:173067 [SgUp2]:174311 [SgUp3]:0 [SgUp4]:0 [SgLow1]:172690 [SgLow2]:173921 [SgLow3]:0 [SgLow4]:0 [NetMuon1]:459416 [NetMuon2]:458793 [NetMuon3]:488902 [NetMuon4]:488902
[Run]:37655 [Site]:2 [Bin]:10414 [FullTime]:3590.17 [SkipTime]:0 [Veto1]:514.162 [Veto2]:492.73 [Veto3]:307.488 [Veto4]:307.488 [SgUp1]:173098 [SgUp2]:175618 [SgUp3]:0 [SgUp4]:0 [SgLow1]:172681 [SgLow2]:175222 [SgLow3]:0 [SgLow4]:0 [NetMuon1]:458998 [NetMuon2]:462109 [NetMuon3]:489879 [NetMuon4]:489879
[Run]:37655 [Site]:2 [Bin]:10415 [FullTime]:3590.17 [SkipTime]:0 [Veto1]:513.123 [Veto2]:492.178 [Veto3]:307.49 [Veto4]:307.49 [SgUp1]:172821 [SgUp2]:174991 [SgUp3]:0 [SgUp4]:0 [SgLow1]:172475 [SgLow2]:174596 [SgLow3]:0 [SgLow4]:0 [NetMuon1]:458876 [NetMuon2]:462381 [NetMuon3]:489838 [NetMuon4]:489838
[Run]:37655 [Site]:2 [Bin]:10416 [FullTime]:3590.17 [SkipTime]:0 [Veto1]:510.502 [Veto2]:489.634 [Veto3]:306.656 [Veto4]:306.656 [SgUp1]:172732 [SgUp2]:175799 [SgUp3]:0 [SgUp4]:0 [SgLow1]:172382 [SgLow2]:175380 [SgLow3]:0 [SgLow4]:0 [NetMuon1]:458458 [NetMuon2]:461131 [NetMuon3]:488484 [NetMuon4]:488484
[Run]:37655 [Site]:2 [Bin]:10417 [FullTime]:3590.17 [SkipTime]:0 [Veto1]:506.106 [Veto2]:512.975 [Veto3]:306.391 [Veto4]:306.391 [SgUp1]:173797 [SgUp2]:173682 [SgUp3]:0 [SgUp4]:0 [SgLow1]:173463 [SgLow2]:173257 [SgLow3]:0 [SgLow4]:0 [NetMuon1]:458116 [NetMuon2]:457339 [NetMuon3]:488103 [NetMuon4]:488103
[Run]:37655 [Site]:2 [Bin]:10418 [FullTime]:3590.17 [SkipTime]:0 [Veto1]:501.228 [Veto2]:485.578 [Veto3]:306.528 [Veto4]:306.528 [SgUp1]:174146 [SgUp2]:175931 [SgUp3]:0 [SgUp4]:0 [SgLow1]:173838 [SgLow2]:175523 [SgLow3]:0 [SgLow4]:0 [NetMuon1]:459598 [NetMuon2]:461846 [NetMuon3]:488465 [NetMuon4]:488465
[Run]:37655 [Site]:2 [Bin]:10419 [FullTime]:3590.17 [SkipTime]:0 [Veto1]:520.615 [Veto2]:502.473 [Veto3]:307.177 [Veto4]:307.177 [SgUp1]:172017 [SgUp2]:175502 [SgUp3]:0 [SgUp4]:0 [SgLow1]:171637 [SgLow2]:175106 [SgLow3]:0 [SgLow4]:0 [NetMuon1]:457595 [NetMuon2]:460516 [NetMuon3]:489131 [NetMuon4]:489131
[Run]:37655 [Site]:2 [Bin]:10420 [FullTime]:3590.17 [SkipTime]:0 [Veto1]:516.994 [Veto2]:505.435 [Veto3]:307.678 [Veto4]:307.678 [SgUp1]:171628 [SgUp2]:174346 [SgUp3]:0 [SgUp4]:0 [SgLow1]:171291 [SgLow2]:173956 [SgLow3]:0 [SgLow4]:0 [NetMuon1]:458951 [NetMuon2]:460356 [NetMuon3]:490161 [NetMuon4]:490161
[Run]:37655 [Site]:2 [Bin]:10421 [FullTime]:3590.17 [SkipTime]:0 [Veto1]:497.198 [Veto2]:485.274 [Veto3]:307.823 [Veto4]:307.823 [SgUp1]:172899 [SgUp2]:175458 [SgUp3]:0 [SgUp4]:0 [SgLow1]:172571 [SgLow2]:175065 [SgLow3]:0 [SgLow4]:0 [NetMuon1]:462241 [NetMuon2]:463768 [NetMuon3]:490418 [NetMuon4]:490418
[Run]:37655 [Site]:2 [Bin]:10422 [FullTime]:3590.17 [SkipTime]:0 [Veto1]:502.922 [Veto2]:507.263 [Veto3]:306.934 [Veto4]:306.934 [SgUp1]:173090 [SgUp2]:174711 [SgUp3]:0 [SgUp4]:0 [SgLow1]:172736 [SgLow2]:174300 [SgLow3]:0 [SgLow4]:0 [NetMuon1]:459933 [NetMuon2]:459108 [NetMuon3]:488980 [NetMuon4]:488980
End process Run: 37655 ... 
[Run]:37655 [Site]:2 [Bin]:10423 [FullTime]:866.268 [SkipTime]:0 [Veto1]:128.069 [Veto2]:124.571 [Veto3]:74.3 [Veto4]:74.3
