StreamChain add 0x1883c7e0
Start to process run: 37960 ... 
[Run]:37960 [Site]:2 [Bin]:10711 [FullTime]:1596.66 [SkipTime]:0 [Veto1]:216.603 [Veto2]:234.431 [Veto3]:137.209 [Veto4]:137.209 [SgUp1]:77038 [SgUp2]:77024 [SgUp3]:0 [SgUp4]:0 [SgLow1]:76894 [SgLow2]:76851 [SgLow3]:0 [SgLow4]:0 [NetMuon1]:206687 [NetMuon2]:204065 [NetMuon3]:218514 [NetMuon4]:218514
[Run]:37960 [Site]:2 [Bin]:10712 [FullTime]:3590.17 [SkipTime]:0 [Veto1]:516.74 [Veto2]:507.559 [Veto3]:308.301 [Veto4]:308.301 [SgUp1]:171058 [SgUp2]:174510 [SgUp3]:0 [SgUp4]:0 [SgLow1]:170737 [SgLow2]:174177 [SgLow3]:0 [SgLow4]:0 [NetMuon1]:459952 [NetMuon2]:461344 [NetMuon3]:491271 [NetMuon4]:491271
[Run]:37960 [Site]:2 [Bin]:10713 [FullTime]:3590.17 [SkipTime]:0 [Veto1]:533.468 [Veto2]:515.961 [Veto3]:308.97 [Veto4]:308.97 [SgUp1]:170243 [SgUp2]:173089 [SgUp3]:0 [SgUp4]:0 [SgLow1]:169920 [SgLow2]:172682 [SgLow3]:0 [SgLow4]:0 [NetMuon1]:458465 [NetMuon2]:461262 [NetMuon3]:492123 [NetMuon4]:492123
[Run]:37960 [Site]:2 [Bin]:10714 [FullTime]:3590.17 [SkipTime]:0 [Veto1]:495.91 [Veto2]:517.817 [Veto3]:308.177 [Veto4]:308.177 [SgUp1]:171445 [SgUp2]:172661 [SgUp3]:0 [SgUp4]:0 [SgLow1]:171129 [SgLow2]:172305 [SgLow3]:0 [SgLow4]:0 [NetMuon1]:462667 [NetMuon2]:459558 [NetMuon3]:490733 [NetMuon4]:490733
[Run]:37960 [Site]:2 [Bin]:10715 [FullTime]:3590.17 [SkipTime]:0 [Veto1]:525.959 [Veto2]:484.66 [Veto3]:307.482 [Veto4]:307.482 [SgUp1]:171448 [SgUp2]:174732 [SgUp3]:0 [SgUp4]:0 [SgLow1]:171076 [SgLow2]:174381 [SgLow3]:0 [SgLow4]:0 [NetMuon1]:456756 [NetMuon2]:463497 [NetMuon3]:489928 [NetMuon4]:489928
[Run]:37960 [Site]:2 [Bin]:10716 [FullTime]:3590.17 [SkipTime]:0 [Veto1]:498.003 [Veto2]:501.844 [Veto3]:308.243 [Veto4]:308.243 [SgUp1]:172948 [SgUp2]:173845 [SgUp3]:0 [SgUp4]:0 [SgLow1]:172576 [SgLow2]:173485 [SgLow3]:0 [SgLow4]:0 [NetMuon1]:462086 [NetMuon2]:461845 [NetMuon3]:490840 [NetMuon4]:490840
[Run]:37960 [Site]:2 [Bin]:10717 [FullTime]:3590.17 [SkipTime]:0 [Veto1]:526.341 [Veto2]:498.107 [Veto3]:308.128 [Veto4]:308.128 [SgUp1]:170784 [SgUp2]:173949 [SgUp3]:0 [SgUp4]:0 [SgLow1]:170445 [SgLow2]:173628 [SgLow3]:0 [SgLow4]:0 [NetMuon1]:458353 [NetMuon2]:462306 [NetMuon3]:490844 [NetMuon4]:490844
[Run]:37960 [Site]:2 [Bin]:10718 [FullTime]:3590.17 [SkipTime]:0 [Veto1]:501.816 [Veto2]:496.444 [Veto3]:308.418 [Veto4]:308.418 [SgUp1]:172304 [SgUp2]:174115 [SgUp3]:0 [SgUp4]:0 [SgLow1]:171949 [SgLow2]:173754 [SgLow3]:0 [SgLow4]:0 [NetMuon1]:462331 [NetMuon2]:463427 [NetMuon3]:491308 [NetMuon4]:491308
[Run]:37960 [Site]:2 [Bin]:10719 [FullTime]:3590.17 [SkipTime]:0 [Veto1]:513.315 [Veto2]:513.43 [Veto3]:308.6 [Veto4]:308.6 [SgUp1]:171338 [SgUp2]:173685 [SgUp3]:0 [SgUp4]:0 [SgLow1]:170998 [SgLow2]:173283 [SgLow3]:0 [SgLow4]:0 [NetMuon1]:460835 [NetMuon2]:461005 [NetMuon3]:491466 [NetMuon4]:491466
[Run]:37960 [Site]:2 [Bin]:10720 [FullTime]:3590.17 [SkipTime]:0 [Veto1]:489.165 [Veto2]:531.811 [Veto3]:308.608 [Veto4]:308.608 [SgUp1]:173110 [SgUp2]:172590 [SgUp3]:0 [SgUp4]:0 [SgLow1]:172789 [SgLow2]:172220 [SgLow3]:0 [SgLow4]:0 [NetMuon1]:464119 [NetMuon2]:457946 [NetMuon3]:491537 [NetMuon4]:491537
[Run]:37960 [Site]:2 [Bin]:10721 [FullTime]:3590.17 [SkipTime]:0 [Veto1]:511.575 [Veto2]:500.589 [Veto3]:308.188 [Veto4]:308.188 [SgUp1]:170850 [SgUp2]:174481 [SgUp3]:0 [SgUp4]:0 [SgLow1]:170518 [SgLow2]:174128 [SgLow3]:0 [SgLow4]:0 [NetMuon1]:460673 [NetMuon2]:462453 [NetMuon3]:491024 [NetMuon4]:491024
[Run]:37960 [Site]:2 [Bin]:10722 [FullTime]:3590.17 [SkipTime]:0 [Veto1]:520.796 [Veto2]:493.32 [Veto3]:308.294 [Veto4]:308.294 [SgUp1]:171130 [SgUp2]:173993 [SgUp3]:0 [SgUp4]:0 [SgLow1]:170814 [SgLow2]:173589 [SgLow3]:0 [SgLow4]:0 [NetMuon1]:459489 [NetMuon2]:463468 [NetMuon3]:491277 [NetMuon4]:491277
[Run]:37960 [Site]:2 [Bin]:10723 [FullTime]:3590.17 [SkipTime]:0 [Veto1]:533.826 [Veto2]:507.544 [Veto3]:308.344 [Veto4]:308.344 [SgUp1]:170571 [SgUp2]:173486 [SgUp3]:0 [SgUp4]:0 [SgLow1]:170217 [SgLow2]:173101 [SgLow3]:0 [SgLow4]:0 [NetMuon1]:457538 [NetMuon2]:461278 [NetMuon3]:491159 [NetMuon4]:491159
[Run]:37960 [Site]:2 [Bin]:10724 [FullTime]:3590.17 [SkipTime]:0 [Veto1]:517.948 [Veto2]:507.596 [Veto3]:308.156 [Veto4]:308.156 [SgUp1]:170667 [SgUp2]:173124 [SgUp3]:0 [SgUp4]:0 [SgLow1]:170342 [SgLow2]:172749 [SgLow3]:0 [SgLow4]:0 [NetMuon1]:459196 [NetMuon2]:460627 [NetMuon3]:490714 [NetMuon4]:490714
[Run]:37960 [Site]:2 [Bin]:10725 [FullTime]:3590.17 [SkipTime]:0 [Veto1]:511.699 [Veto2]:514.322 [Veto3]:308.705 [Veto4]:308.705 [SgUp1]:170986 [SgUp2]:173420 [SgUp3]:0 [SgUp4]:0 [SgLow1]:170617 [SgLow2]:173072 [SgLow3]:0 [SgLow4]:0 [NetMuon1]:461215 [NetMuon2]:460869 [NetMuon3]:491749 [NetMuon4]:491749
[Run]:37960 [Site]:2 [Bin]:10726 [FullTime]:3590.17 [SkipTime]:0 [Veto1]:526.581 [Veto2]:511.69 [Veto3]:308.088 [Veto4]:308.088 [SgUp1]:170515 [SgUp2]:173407 [SgUp3]:0 [SgUp4]:0 [SgLow1]:170194 [SgLow2]:173076 [SgLow3]:0 [SgLow4]:0 [NetMuon1]:458092 [NetMuon2]:460464 [NetMuon3]:490863 [NetMuon4]:490863
[Run]:37960 [Site]:2 [Bin]:10727 [FullTime]:3590.17 [SkipTime]:0 [Veto1]:483.697 [Veto2]:501.324 [Veto3]:308.231 [Veto4]:308.231 [SgUp1]:172428 [SgUp2]:174010 [SgUp3]:0 [SgUp4]:0 [SgLow1]:172088 [SgLow2]:173581 [SgLow3]:0 [SgLow4]:0 [NetMuon1]:464658 [NetMuon2]:462475 [NetMuon3]:491037 [NetMuon4]:491037
[Run]:37960 [Site]:2 [Bin]:10728 [FullTime]:3590.17 [SkipTime]:0 [Veto1]:520.243 [Veto2]:521.776 [Veto3]:309.042 [Veto4]:309.042 [SgUp1]:170916 [SgUp2]:173044 [SgUp3]:0 [SgUp4]:0 [SgLow1]:170587 [SgLow2]:172701 [SgLow3]:0 [SgLow4]:0 [NetMuon1]:460913 [NetMuon2]:460508 [NetMuon3]:492313 [NetMuon4]:492313
[Run]:37960 [Site]:2 [Bin]:10729 [FullTime]:3590.17 [SkipTime]:0 [Veto1]:507.373 [Veto2]:483.487 [Veto3]:308.086 [Veto4]:308.086 [SgUp1]:172808 [SgUp2]:174919 [SgUp3]:0 [SgUp4]:0 [SgLow1]:172482 [SgLow2]:174521 [SgLow3]:0 [SgLow4]:0 [NetMuon1]:460842 [NetMuon2]:464805 [NetMuon3]:490840 [NetMuon4]:490840
[Run]:37960 [Site]:2 [Bin]:10730 [FullTime]:3590.17 [SkipTime]:0 [Veto1]:519.046 [Veto2]:511.554 [Veto3]:307.846 [Veto4]:307.846 [SgUp1]:171151 [SgUp2]:172707 [SgUp3]:0 [SgUp4]:0 [SgLow1]:170821 [SgLow2]:172349 [SgLow3]:0 [SgLow4]:0 [NetMuon1]:458783 [NetMuon2]:459826 [NetMuon3]:490298 [NetMuon4]:490298
[Run]:37960 [Site]:2 [Bin]:10731 [FullTime]:3590.17 [SkipTime]:0 [Veto1]:523.141 [Veto2]:520.835 [Veto3]:308.42 [Veto4]:308.42 [SgUp1]:170373 [SgUp2]:173362 [SgUp3]:0 [SgUp4]:0 [SgLow1]:170035 [SgLow2]:172969 [SgLow3]:0 [SgLow4]:0 [NetMuon1]:459519 [NetMuon2]:459416 [NetMuon3]:491510 [NetMuon4]:491510
[Run]:37960 [Site]:2 [Bin]:10732 [FullTime]:3590.17 [SkipTime]:0 [Veto1]:527.536 [Veto2]:501.646 [Veto3]:308.754 [Veto4]:308.754 [SgUp1]:171139 [SgUp2]:173624 [SgUp3]:0 [SgUp4]:0 [SgLow1]:170792 [SgLow2]:173208 [SgLow3]:0 [SgLow4]:0 [NetMuon1]:458935 [NetMuon2]:463169 [NetMuon3]:491938 [NetMuon4]:491938
[Run]:37960 [Site]:2 [Bin]:10733 [FullTime]:3590.17 [SkipTime]:0 [Veto1]:507.392 [Veto2]:525.483 [Veto3]:308.396 [Veto4]:308.396 [SgUp1]:171301 [SgUp2]:172494 [SgUp3]:0 [SgUp4]:0 [SgLow1]:170962 [SgLow2]:172154 [SgLow3]:0 [SgLow4]:0 [NetMuon1]:461081 [NetMuon2]:458775 [NetMuon3]:491105 [NetMuon4]:491105
[Run]:37960 [Site]:2 [Bin]:10734 [FullTime]:3590.18 [SkipTime]:0 [Veto1]:513.268 [Veto2]:521.213 [Veto3]:307.775 [Veto4]:307.775 [SgUp1]:170770 [SgUp2]:173232 [SgUp3]:0 [SgUp4]:0 [SgLow1]:170415 [SgLow2]:172839 [SgLow3]:0 [SgLow4]:0 [NetMuon1]:459970 [NetMuon2]:458232 [NetMuon3]:490332 [NetMuon4]:490332
[Run]:37960 [Site]:2 [Bin]:10735 [FullTime]:3590.16 [SkipTime]:0 [Veto1]:522.502 [Veto2]:506.163 [Veto3]:309.243 [Veto4]:309.243 [SgUp1]:170523 [SgUp2]:173707 [SgUp3]:0 [SgUp4]:0 [SgLow1]:170147 [SgLow2]:173337 [SgLow3]:0 [SgLow4]:0 [NetMuon1]:460538 [NetMuon2]:463376 [NetMuon3]:492526 [NetMuon4]:492526
[Run]:37960 [Site]:2 [Bin]:10736 [FullTime]:3590.17 [SkipTime]:0 [Veto1]:501.251 [Veto2]:506.115 [Veto3]:308.607 [Veto4]:308.607 [SgUp1]:171330 [SgUp2]:173467 [SgUp3]:0 [SgUp4]:0 [SgLow1]:170967 [SgLow2]:173048 [SgLow3]:0 [SgLow4]:0 [NetMuon1]:462611 [NetMuon2]:462170 [NetMuon3]:491557 [NetMuon4]:491557
[Run]:37960 [Site]:2 [Bin]:10737 [FullTime]:3590.17 [SkipTime]:0 [Veto1]:513.204 [Veto2]:525.896 [Veto3]:307.868 [Veto4]:307.868 [SgUp1]:171442 [SgUp2]:172799 [SgUp3]:0 [SgUp4]:0 [SgLow1]:171138 [SgLow2]:172449 [SgLow3]:0 [SgLow4]:0 [NetMuon1]:459830 [NetMuon2]:458113 [NetMuon3]:490317 [NetMuon4]:490317
[Run]:37960 [Site]:2 [Bin]:10738 [FullTime]:3590.17 [SkipTime]:0 [Veto1]:506.545 [Veto2]:526.076 [Veto3]:308.213 [Veto4]:308.213 [SgUp1]:172158 [SgUp2]:172952 [SgUp3]:0 [SgUp4]:0 [SgLow1]:171836 [SgLow2]:172599 [SgLow3]:0 [SgLow4]:0 [NetMuon1]:461201 [NetMuon2]:458489 [NetMuon3]:490965 [NetMuon4]:490965
[Run]:37960 [Site]:2 [Bin]:10739 [FullTime]:3590.17 [SkipTime]:0 [Veto1]:507.435 [Veto2]:502.236 [Veto3]:308.181 [Veto4]:308.181 [SgUp1]:171228 [SgUp2]:174790 [SgUp3]:0 [SgUp4]:0 [SgLow1]:170931 [SgLow2]:174405 [SgLow3]:0 [SgLow4]:0 [NetMuon1]:461430 [NetMuon2]:462022 [NetMuon3]:491035 [NetMuon4]:491035
[Run]:37960 [Site]:2 [Bin]:10740 [FullTime]:3590.17 [SkipTime]:0 [Veto1]:511.336 [Veto2]:508.062 [Veto3]:308.912 [Veto4]:308.912 [SgUp1]:171205 [SgUp2]:174810 [SgUp3]:0 [SgUp4]:0 [SgLow1]:170829 [SgLow2]:174458 [SgLow3]:0 [SgLow4]:0 [NetMuon1]:461599 [NetMuon2]:462268 [NetMuon3]:492020 [NetMuon4]:492020
[Run]:37960 [Site]:2 [Bin]:10741 [FullTime]:3590.17 [SkipTime]:0 [Veto1]:504.972 [Veto2]:542.22 [Veto3]:307.742 [Veto4]:307.742 [SgUp1]:171182 [SgUp2]:171613 [SgUp3]:0 [SgUp4]:0 [SgLow1]:170868 [SgLow2]:171228 [SgLow3]:0 [SgLow4]:0 [NetMuon1]:460590 [NetMuon2]:455165 [NetMuon3]:490149 [NetMuon4]:490149
[Run]:37960 [Site]:2 [Bin]:10742 [FullTime]:3590.17 [SkipTime]:0 [Veto1]:499.899 [Veto2]:499.508 [Veto3]:308.516 [Veto4]:308.516 [SgUp1]:172205 [SgUp2]:173227 [SgUp3]:0 [SgUp4]:0 [SgLow1]:171881 [SgLow2]:172821 [SgLow3]:0 [SgLow4]:0 [NetMuon1]:462522 [NetMuon2]:462569 [NetMuon3]:491263 [NetMuon4]:491263
[Run]:37960 [Site]:2 [Bin]:10743 [FullTime]:3590.17 [SkipTime]:0 [Veto1]:528.263 [Veto2]:508.672 [Veto3]:308.396 [Veto4]:308.396 [SgUp1]:169852 [SgUp2]:173534 [SgUp3]:0 [SgUp4]:0 [SgLow1]:169491 [SgLow2]:173164 [SgLow3]:0 [SgLow4]:0 [NetMuon1]:458441 [NetMuon2]:461477 [NetMuon3]:491398 [NetMuon4]:491398
[Run]:37960 [Site]:2 [Bin]:10744 [FullTime]:3590.17 [SkipTime]:0 [Veto1]:505.621 [Veto2]:519.878 [Veto3]:308.709 [Veto4]:308.709 [SgUp1]:170620 [SgUp2]:172236 [SgUp3]:0 [SgUp4]:0 [SgLow1]:170294 [SgLow2]:171834 [SgLow3]:0 [SgLow4]:0 [NetMuon1]:461984 [NetMuon2]:459642 [NetMuon3]:491451 [NetMuon4]:491451
[Run]:37960 [Site]:2 [Bin]:10745 [FullTime]:3590.17 [SkipTime]:0 [Veto1]:504.884 [Veto2]:507.575 [Veto3]:309.297 [Veto4]:309.297 [SgUp1]:171258 [SgUp2]:173445 [SgUp3]:0 [SgUp4]:0 [SgLow1]:170972 [SgLow2]:173086 [SgLow3]:0 [SgLow4]:0 [NetMuon1]:463005 [NetMuon2]:462691 [NetMuon3]:492645 [NetMuon4]:492645
[Run]:37960 [Site]:2 [Bin]:10746 [FullTime]:3590.17 [SkipTime]:0 [Veto1]:498.728 [Veto2]:515.622 [Veto3]:308.41 [Veto4]:308.41 [SgUp1]:171940 [SgUp2]:172967 [SgUp3]:0 [SgUp4]:0 [SgLow1]:171566 [SgLow2]:172590 [SgLow3]:0 [SgLow4]:0 [NetMuon1]:463077 [NetMuon2]:460432 [NetMuon3]:491381 [NetMuon4]:491381
[Run]:37960 [Site]:2 [Bin]:10747 [FullTime]:3590.17 [SkipTime]:0 [Veto1]:509.678 [Veto2]:506.955 [Veto3]:308.381 [Veto4]:308.381 [SgUp1]:170408 [SgUp2]:173454 [SgUp3]:0 [SgUp4]:0 [SgLow1]:170117 [SgLow2]:173021 [SgLow3]:0 [SgLow4]:0 [NetMuon1]:461029 [NetMuon2]:461393 [NetMuon3]:491234 [NetMuon4]:491234
[Run]:37960 [Site]:2 [Bin]:10748 [FullTime]:3590.17 [SkipTime]:0 [Veto1]:486.941 [Veto2]:505.089 [Veto3]:308.272 [Veto4]:308.272 [SgUp1]:172445 [SgUp2]:174129 [SgUp3]:0 [SgUp4]:0 [SgLow1]:172072 [SgLow2]:173760 [SgLow3]:0 [SgLow4]:0 [NetMuon1]:464233 [NetMuon2]:461070 [NetMuon3]:490954 [NetMuon4]:490954
[Run]:37960 [Site]:2 [Bin]:10749 [FullTime]:3590.17 [SkipTime]:0 [Veto1]:497.52 [Veto2]:495.846 [Veto3]:307.874 [Veto4]:307.874 [SgUp1]:171400 [SgUp2]:173780 [SgUp3]:0 [SgUp4]:0 [SgLow1]:171050 [SgLow2]:173351 [SgLow3]:0 [SgLow4]:0 [NetMuon1]:462368 [NetMuon2]:462123 [NetMuon3]:490409 [NetMuon4]:490409
[Run]:37960 [Site]:2 [Bin]:10750 [FullTime]:3590.17 [SkipTime]:0 [Veto1]:504.014 [Veto2]:500.929 [Veto3]:308.143 [Veto4]:308.143 [SgUp1]:171240 [SgUp2]:173189 [SgUp3]:0 [SgUp4]:0 [SgLow1]:170835 [SgLow2]:172829 [SgLow3]:0 [SgLow4]:0 [NetMuon1]:461571 [NetMuon2]:461881 [NetMuon3]:490758 [NetMuon4]:490758
[Run]:37960 [Site]:2 [Bin]:10751 [FullTime]:3590.17 [SkipTime]:0 [Veto1]:507.931 [Veto2]:516.071 [Veto3]:307.858 [Veto4]:307.858 [SgUp1]:171983 [SgUp2]:173085 [SgUp3]:0 [SgUp4]:0 [SgLow1]:171611 [SgLow2]:172695 [SgLow3]:0 [SgLow4]:0 [NetMuon1]:460743 [NetMuon2]:459566 [NetMuon3]:490638 [NetMuon4]:490638
[Run]:37960 [Site]:2 [Bin]:10752 [FullTime]:3590.17 [SkipTime]:0 [Veto1]:477.147 [Veto2]:520.333 [Veto3]:308.265 [Veto4]:308.265 [SgUp1]:173035 [SgUp2]:172834 [SgUp3]:0 [SgUp4]:0 [SgLow1]:172669 [SgLow2]:172488 [SgLow3]:0 [SgLow4]:0 [NetMuon1]:465868 [NetMuon2]:459601 [NetMuon3]:491187 [NetMuon4]:491187
[Run]:37960 [Site]:2 [Bin]:10753 [FullTime]:3590.17 [SkipTime]:0 [Veto1]:503.79 [Veto2]:527.31 [Veto3]:308.225 [Veto4]:308.225 [SgUp1]:171286 [SgUp2]:172360 [SgUp3]:0 [SgUp4]:0 [SgLow1]:170946 [SgLow2]:172002 [SgLow3]:0 [SgLow4]:0 [NetMuon1]:461561 [NetMuon2]:458518 [NetMuon3]:490918 [NetMuon4]:490918
[Run]:37960 [Site]:2 [Bin]:10754 [FullTime]:3590.17 [SkipTime]:0 [Veto1]:490.437 [Veto2]:526.515 [Veto3]:308.805 [Veto4]:308.805 [SgUp1]:172143 [SgUp2]:172268 [SgUp3]:0 [SgUp4]:0 [SgLow1]:171841 [SgLow2]:171906 [SgLow3]:0 [SgLow4]:0 [NetMuon1]:464723 [NetMuon2]:459392 [NetMuon3]:491859 [NetMuon4]:491859
[Run]:37960 [Site]:2 [Bin]:10755 [FullTime]:3590.17 [SkipTime]:0 [Veto1]:506.082 [Veto2]:499.341 [Veto3]:308.302 [Veto4]:308.302 [SgUp1]:171458 [SgUp2]:174278 [SgUp3]:0 [SgUp4]:0 [SgLow1]:171119 [SgLow2]:173908 [SgLow3]:0 [SgLow4]:0 [NetMuon1]:461451 [NetMuon2]:462423 [NetMuon3]:491008 [NetMuon4]:491008
[Run]:37960 [Site]:2 [Bin]:10756 [FullTime]:3590.17 [SkipTime]:0 [Veto1]:519.036 [Veto2]:496.688 [Veto3]:308.334 [Veto4]:308.334 [SgUp1]:170749 [SgUp2]:174483 [SgUp3]:0 [SgUp4]:0 [SgLow1]:170461 [SgLow2]:174133 [SgLow3]:0 [SgLow4]:0 [NetMuon1]:459554 [NetMuon2]:462770 [NetMuon3]:491140 [NetMuon4]:491140
[Run]:37960 [Site]:2 [Bin]:10757 [FullTime]:3590.17 [SkipTime]:0 [Veto1]:496.343 [Veto2]:502.288 [Veto3]:309.23 [Veto4]:309.23 [SgUp1]:171868 [SgUp2]:173937 [SgUp3]:0 [SgUp4]:0 [SgLow1]:171508 [SgLow2]:173566 [SgLow3]:0 [SgLow4]:0 [NetMuon1]:464624 [NetMuon2]:463731 [NetMuon3]:492723 [NetMuon4]:492723
[Run]:37960 [Site]:2 [Bin]:10758 [FullTime]:3590.17 [SkipTime]:0 [Veto1]:508.981 [Veto2]:505.227 [Veto3]:308.221 [Veto4]:308.221 [SgUp1]:171006 [SgUp2]:173489 [SgUp3]:0 [SgUp4]:0 [SgLow1]:170711 [SgLow2]:173109 [SgLow3]:0 [SgLow4]:0 [NetMuon1]:460928 [NetMuon2]:461341 [NetMuon3]:491050 [NetMuon4]:491050
[Run]:37960 [Site]:2 [Bin]:10759 [FullTime]:3590.17 [SkipTime]:0 [Veto1]:512.575 [Veto2]:496.657 [Veto3]:308.024 [Veto4]:308.024 [SgUp1]:170510 [SgUp2]:173544 [SgUp3]:0 [SgUp4]:0 [SgLow1]:170212 [SgLow2]:173196 [SgLow3]:0 [SgLow4]:0 [NetMuon1]:459386 [NetMuon2]:462228 [NetMuon3]:490479 [NetMuon4]:490479
End process Run: 37960 ... 
[Run]:37960 [Site]:2 [Bin]:10760 [FullTime]:397.707 [SkipTime]:0 [Veto1]:50.9866 [Veto2]:61.9525 [Veto3]:34.1716 [Veto4]:34.1716
