StreamChain add 0x1c99c7e0
Start to process run: 37446 ... 
[Run]:37446 [Site]:2 [Bin]:9921 [FullTime]:2990.44 [SkipTime]:0 [Veto1]:418.728 [Veto2]:432.297 [Veto3]:256.439 [Veto4]:256.439 [SgUp1]:144830 [SgUp2]:144635 [SgUp3]:0 [SgUp4]:0 [SgLow1]:144516 [SgLow2]:144348 [SgLow3]:0 [SgLow4]:0 [NetMuon1]:384107 [NetMuon2]:381547 [NetMuon3]:408334 [NetMuon4]:408334
[Run]:37446 [Site]:2 [Bin]:9922 [FullTime]:3590.17 [SkipTime]:0 [Veto1]:513.81 [Veto2]:519.152 [Veto3]:306.476 [Veto4]:306.476 [SgUp1]:173382 [SgUp2]:173428 [SgUp3]:0 [SgUp4]:0 [SgLow1]:173044 [SgLow2]:173036 [SgLow3]:0 [SgLow4]:0 [NetMuon1]:457386 [NetMuon2]:456625 [NetMuon3]:488319 [NetMuon4]:488319
[Run]:37446 [Site]:2 [Bin]:9923 [FullTime]:3590.17 [SkipTime]:0 [Veto1]:513.959 [Veto2]:517.157 [Veto3]:306.416 [Veto4]:306.416 [SgUp1]:172734 [SgUp2]:174329 [SgUp3]:0 [SgUp4]:0 [SgLow1]:172368 [SgLow2]:173963 [SgLow3]:0 [SgLow4]:0 [NetMuon1]:457229 [NetMuon2]:456774 [NetMuon3]:488090 [NetMuon4]:488090
[Run]:37446 [Site]:2 [Bin]:9924 [FullTime]:3590.17 [SkipTime]:0 [Veto1]:526.376 [Veto2]:479.708 [Veto3]:307.141 [Veto4]:307.141 [SgUp1]:172662 [SgUp2]:177636 [SgUp3]:0 [SgUp4]:0 [SgLow1]:172295 [SgLow2]:177271 [SgLow3]:0 [SgLow4]:0 [NetMuon1]:456647 [NetMuon2]:463719 [NetMuon3]:489335 [NetMuon4]:489335
[Run]:37446 [Site]:2 [Bin]:9925 [FullTime]:3590.17 [SkipTime]:0 [Veto1]:514.387 [Veto2]:496.925 [Veto3]:307.641 [Veto4]:307.641 [SgUp1]:172052 [SgUp2]:175491 [SgUp3]:0 [SgUp4]:0 [SgLow1]:171747 [SgLow2]:175132 [SgLow3]:0 [SgLow4]:0 [NetMuon1]:459330 [NetMuon2]:461813 [NetMuon3]:490138 [NetMuon4]:490138
[Run]:37446 [Site]:2 [Bin]:9926 [FullTime]:3590.17 [SkipTime]:0 [Veto1]:504.789 [Veto2]:524.518 [Veto3]:307.024 [Veto4]:307.024 [SgUp1]:173270 [SgUp2]:173326 [SgUp3]:0 [SgUp4]:0 [SgLow1]:172918 [SgLow2]:172960 [SgLow3]:0 [SgLow4]:0 [NetMuon1]:459829 [NetMuon2]:456600 [NetMuon3]:489195 [NetMuon4]:489195
[Run]:37446 [Site]:2 [Bin]:9927 [FullTime]:3590.17 [SkipTime]:0 [Veto1]:510.441 [Veto2]:499.537 [Veto3]:306.885 [Veto4]:306.885 [SgUp1]:172908 [SgUp2]:174879 [SgUp3]:0 [SgUp4]:0 [SgLow1]:172581 [SgLow2]:174470 [SgLow3]:0 [SgLow4]:0 [NetMuon1]:458232 [NetMuon2]:460196 [NetMuon3]:488955 [NetMuon4]:488955
[Run]:37446 [Site]:2 [Bin]:9928 [FullTime]:3590.17 [SkipTime]:0 [Veto1]:517.983 [Veto2]:487.285 [Veto3]:306.928 [Veto4]:306.928 [SgUp1]:171670 [SgUp2]:175369 [SgUp3]:0 [SgUp4]:0 [SgLow1]:171296 [SgLow2]:174985 [SgLow3]:0 [SgLow4]:0 [NetMuon1]:457551 [NetMuon2]:462073 [NetMuon3]:489010 [NetMuon4]:489010
[Run]:37446 [Site]:2 [Bin]:9929 [FullTime]:3590.17 [SkipTime]:0 [Veto1]:507.999 [Veto2]:489.97 [Veto3]:307.39 [Veto4]:307.39 [SgUp1]:172720 [SgUp2]:176551 [SgUp3]:0 [SgUp4]:0 [SgLow1]:172420 [SgLow2]:176157 [SgLow3]:0 [SgLow4]:0 [NetMuon1]:459726 [NetMuon2]:462419 [NetMuon3]:489646 [NetMuon4]:489646
[Run]:37446 [Site]:2 [Bin]:9930 [FullTime]:3590.17 [SkipTime]:0 [Veto1]:503.25 [Veto2]:527.391 [Veto3]:306.878 [Veto4]:306.878 [SgUp1]:173748 [SgUp2]:173245 [SgUp3]:0 [SgUp4]:0 [SgLow1]:173355 [SgLow2]:172929 [SgLow3]:0 [SgLow4]:0 [NetMuon1]:459403 [NetMuon2]:455903 [NetMuon3]:488738 [NetMuon4]:488738
[Run]:37446 [Site]:2 [Bin]:9931 [FullTime]:3590.17 [SkipTime]:0 [Veto1]:516.86 [Veto2]:521.952 [Veto3]:306.412 [Veto4]:306.412 [SgUp1]:171944 [SgUp2]:173815 [SgUp3]:0 [SgUp4]:0 [SgLow1]:171599 [SgLow2]:173433 [SgLow3]:0 [SgLow4]:0 [NetMuon1]:456883 [NetMuon2]:455846 [NetMuon3]:488145 [NetMuon4]:488145
[Run]:37446 [Site]:2 [Bin]:9932 [FullTime]:3590.17 [SkipTime]:0 [Veto1]:492.477 [Veto2]:514.255 [Veto3]:306.881 [Veto4]:306.881 [SgUp1]:173437 [SgUp2]:174019 [SgUp3]:0 [SgUp4]:0 [SgLow1]:173070 [SgLow2]:173623 [SgLow3]:0 [SgLow4]:0 [NetMuon1]:461476 [NetMuon2]:458113 [NetMuon3]:489042 [NetMuon4]:489042
[Run]:37446 [Site]:2 [Bin]:9933 [FullTime]:3590.17 [SkipTime]:0 [Veto1]:519.275 [Veto2]:507.971 [Veto3]:306.476 [Veto4]:306.476 [SgUp1]:172515 [SgUp2]:174524 [SgUp3]:0 [SgUp4]:0 [SgLow1]:172176 [SgLow2]:174137 [SgLow3]:0 [SgLow4]:0 [NetMuon1]:456485 [NetMuon2]:458264 [NetMuon3]:488197 [NetMuon4]:488197
[Run]:37446 [Site]:2 [Bin]:9934 [FullTime]:3590.17 [SkipTime]:0 [Veto1]:518.55 [Veto2]:502.059 [Veto3]:306.744 [Veto4]:306.744 [SgUp1]:172378 [SgUp2]:175085 [SgUp3]:0 [SgUp4]:0 [SgLow1]:171994 [SgLow2]:174711 [SgLow3]:0 [SgLow4]:0 [NetMuon1]:457232 [NetMuon2]:459418 [NetMuon3]:488662 [NetMuon4]:488662
[Run]:37446 [Site]:2 [Bin]:9935 [FullTime]:3590.17 [SkipTime]:0 [Veto1]:509.741 [Veto2]:498.959 [Veto3]:306.437 [Veto4]:306.437 [SgUp1]:173071 [SgUp2]:175040 [SgUp3]:0 [SgUp4]:0 [SgLow1]:172753 [SgLow2]:174640 [SgLow3]:0 [SgLow4]:0 [NetMuon1]:457942 [NetMuon2]:459465 [NetMuon3]:488281 [NetMuon4]:488281
[Run]:37446 [Site]:2 [Bin]:9936 [FullTime]:3590.17 [SkipTime]:0 [Veto1]:470.636 [Veto2]:503.643 [Veto3]:306.746 [Veto4]:306.746 [SgUp1]:174836 [SgUp2]:175295 [SgUp3]:0 [SgUp4]:0 [SgLow1]:174511 [SgLow2]:174932 [SgLow3]:0 [SgLow4]:0 [NetMuon1]:464410 [NetMuon2]:459499 [NetMuon3]:488613 [NetMuon4]:488613
[Run]:37446 [Site]:2 [Bin]:9937 [FullTime]:3590.17 [SkipTime]:0 [Veto1]:512.322 [Veto2]:488.995 [Veto3]:306.764 [Veto4]:306.764 [SgUp1]:173481 [SgUp2]:176423 [SgUp3]:0 [SgUp4]:0 [SgLow1]:173138 [SgLow2]:176037 [SgLow3]:0 [SgLow4]:0 [NetMuon1]:458298 [NetMuon2]:461452 [NetMuon3]:488742 [NetMuon4]:488742
[Run]:37446 [Site]:2 [Bin]:9938 [FullTime]:3590.17 [SkipTime]:0 [Veto1]:476.984 [Veto2]:493.179 [Veto3]:307.182 [Veto4]:307.182 [SgUp1]:174801 [SgUp2]:175612 [SgUp3]:0 [SgUp4]:0 [SgLow1]:174497 [SgLow2]:175195 [SgLow3]:0 [SgLow4]:0 [NetMuon1]:464157 [NetMuon2]:461777 [NetMuon3]:489344 [NetMuon4]:489344
[Run]:37446 [Site]:2 [Bin]:9939 [FullTime]:3590.17 [SkipTime]:0 [Veto1]:497.484 [Veto2]:502.089 [Veto3]:306.491 [Veto4]:306.491 [SgUp1]:173822 [SgUp2]:175732 [SgUp3]:0 [SgUp4]:0 [SgLow1]:173453 [SgLow2]:175391 [SgLow3]:0 [SgLow4]:0 [NetMuon1]:459886 [NetMuon2]:459114 [NetMuon3]:488122 [NetMuon4]:488122
[Run]:37446 [Site]:2 [Bin]:9940 [FullTime]:3590.18 [SkipTime]:0 [Veto1]:491.379 [Veto2]:514.348 [Veto3]:306.285 [Veto4]:306.285 [SgUp1]:173892 [SgUp2]:175382 [SgUp3]:0 [SgUp4]:0 [SgLow1]:173543 [SgLow2]:175049 [SgLow3]:0 [SgLow4]:0 [NetMuon1]:460531 [NetMuon2]:457036 [NetMuon3]:487942 [NetMuon4]:487942
[Run]:37446 [Site]:2 [Bin]:9941 [FullTime]:3590.16 [SkipTime]:0 [Veto1]:496.482 [Veto2]:490.014 [Veto3]:306.421 [Veto4]:306.421 [SgUp1]:173615 [SgUp2]:176365 [SgUp3]:0 [SgUp4]:0 [SgLow1]:173313 [SgLow2]:175966 [SgLow3]:0 [SgLow4]:0 [NetMuon1]:459891 [NetMuon2]:460894 [NetMuon3]:488303 [NetMuon4]:488303
[Run]:37446 [Site]:2 [Bin]:9942 [FullTime]:3590.17 [SkipTime]:0 [Veto1]:532.169 [Veto2]:538.983 [Veto3]:307.227 [Veto4]:307.227 [SgUp1]:172195 [SgUp2]:172952 [SgUp3]:0 [SgUp4]:0 [SgLow1]:171863 [SgLow2]:172605 [SgLow3]:0 [SgLow4]:0 [NetMuon1]:455739 [NetMuon2]:454952 [NetMuon3]:489304 [NetMuon4]:489304
[Run]:37446 [Site]:2 [Bin]:9943 [FullTime]:3590.17 [SkipTime]:0 [Veto1]:513.315 [Veto2]:522.784 [Veto3]:306.266 [Veto4]:306.266 [SgUp1]:172710 [SgUp2]:173566 [SgUp3]:0 [SgUp4]:0 [SgLow1]:172379 [SgLow2]:173120 [SgLow3]:0 [SgLow4]:0 [NetMuon1]:457259 [NetMuon2]:455675 [NetMuon3]:487820 [NetMuon4]:487820
[Run]:37446 [Site]:2 [Bin]:9944 [FullTime]:3590.17 [SkipTime]:0 [Veto1]:496.93 [Veto2]:494.227 [Veto3]:307.266 [Veto4]:307.266 [SgUp1]:174264 [SgUp2]:175701 [SgUp3]:0 [SgUp4]:0 [SgLow1]:173937 [SgLow2]:175286 [SgLow3]:0 [SgLow4]:0 [NetMuon1]:460859 [NetMuon2]:461817 [NetMuon3]:489465 [NetMuon4]:489465
[Run]:37446 [Site]:2 [Bin]:9945 [FullTime]:3590.17 [SkipTime]:0 [Veto1]:502.047 [Veto2]:487.839 [Veto3]:306.845 [Veto4]:306.845 [SgUp1]:174033 [SgUp2]:175947 [SgUp3]:0 [SgUp4]:0 [SgLow1]:173668 [SgLow2]:175555 [SgLow3]:0 [SgLow4]:0 [NetMuon1]:459684 [NetMuon2]:461864 [NetMuon3]:488704 [NetMuon4]:488704
[Run]:37446 [Site]:2 [Bin]:9946 [FullTime]:3590.17 [SkipTime]:0 [Veto1]:512.05 [Veto2]:497.6 [Veto3]:306.954 [Veto4]:306.954 [SgUp1]:172985 [SgUp2]:175759 [SgUp3]:0 [SgUp4]:0 [SgLow1]:172632 [SgLow2]:175383 [SgLow3]:0 [SgLow4]:0 [NetMuon1]:458452 [NetMuon2]:460564 [NetMuon3]:488940 [NetMuon4]:488940
[Run]:37446 [Site]:2 [Bin]:9947 [FullTime]:3590.17 [SkipTime]:0 [Veto1]:518.006 [Veto2]:502.485 [Veto3]:306.803 [Veto4]:306.803 [SgUp1]:172838 [SgUp2]:174813 [SgUp3]:0 [SgUp4]:0 [SgLow1]:172439 [SgLow2]:174441 [SgLow3]:0 [SgLow4]:0 [NetMuon1]:457218 [NetMuon2]:459650 [NetMuon3]:488647 [NetMuon4]:488647
[Run]:37446 [Site]:2 [Bin]:9948 [FullTime]:3590.17 [SkipTime]:0 [Veto1]:494.252 [Veto2]:504.179 [Veto3]:308.347 [Veto4]:308.347 [SgUp1]:173930 [SgUp2]:175392 [SgUp3]:0 [SgUp4]:0 [SgLow1]:173519 [SgLow2]:175005 [SgLow3]:0 [SgLow4]:0 [NetMuon1]:463152 [NetMuon2]:461972 [NetMuon3]:491044 [NetMuon4]:491044
[Run]:37446 [Site]:2 [Bin]:9949 [FullTime]:3590.17 [SkipTime]:0 [Veto1]:502.383 [Veto2]:501.664 [Veto3]:307.038 [Veto4]:307.038 [SgUp1]:173938 [SgUp2]:175576 [SgUp3]:0 [SgUp4]:0 [SgLow1]:173605 [SgLow2]:175213 [SgLow3]:0 [SgLow4]:0 [NetMuon1]:460399 [NetMuon2]:460293 [NetMuon3]:489212 [NetMuon4]:489212
[Run]:37446 [Site]:2 [Bin]:9950 [FullTime]:3590.17 [SkipTime]:0 [Veto1]:501.861 [Veto2]:501.987 [Veto3]:306.884 [Veto4]:306.884 [SgUp1]:173982 [SgUp2]:175380 [SgUp3]:0 [SgUp4]:0 [SgLow1]:173636 [SgLow2]:174976 [SgLow3]:0 [SgLow4]:0 [NetMuon1]:459736 [NetMuon2]:459826 [NetMuon3]:488859 [NetMuon4]:488859
[Run]:37446 [Site]:2 [Bin]:9951 [FullTime]:3590.17 [SkipTime]:0 [Veto1]:521.442 [Veto2]:491.238 [Veto3]:307.259 [Veto4]:307.259 [SgUp1]:171844 [SgUp2]:175790 [SgUp3]:0 [SgUp4]:0 [SgLow1]:171512 [SgLow2]:175395 [SgLow3]:0 [SgLow4]:0 [NetMuon1]:457923 [NetMuon2]:462078 [NetMuon3]:489645 [NetMuon4]:489645
[Run]:37446 [Site]:2 [Bin]:9952 [FullTime]:3590.17 [SkipTime]:0 [Veto1]:503.5 [Veto2]:515.043 [Veto3]:306.69 [Veto4]:306.69 [SgUp1]:174103 [SgUp2]:173955 [SgUp3]:0 [SgUp4]:0 [SgLow1]:173738 [SgLow2]:173521 [SgLow3]:0 [SgLow4]:0 [NetMuon1]:459413 [NetMuon2]:457710 [NetMuon3]:488481 [NetMuon4]:488481
[Run]:37446 [Site]:2 [Bin]:9953 [FullTime]:3590.17 [SkipTime]:0 [Veto1]:502.522 [Veto2]:488.968 [Veto3]:306.268 [Veto4]:306.268 [SgUp1]:172693 [SgUp2]:176678 [SgUp3]:0 [SgUp4]:0 [SgLow1]:172353 [SgLow2]:176285 [SgLow3]:0 [SgLow4]:0 [NetMuon1]:459086 [NetMuon2]:461085 [NetMuon3]:488089 [NetMuon4]:488089
[Run]:37446 [Site]:2 [Bin]:9954 [FullTime]:3590.17 [SkipTime]:0 [Veto1]:492.164 [Veto2]:496.681 [Veto3]:306.818 [Veto4]:306.818 [SgUp1]:173834 [SgUp2]:175547 [SgUp3]:0 [SgUp4]:0 [SgLow1]:173456 [SgLow2]:175155 [SgLow3]:0 [SgLow4]:0 [NetMuon1]:460903 [NetMuon2]:460646 [NetMuon3]:488770 [NetMuon4]:488770
[Run]:37446 [Site]:2 [Bin]:9955 [FullTime]:3590.17 [SkipTime]:0 [Veto1]:507.97 [Veto2]:508.282 [Veto3]:306.793 [Veto4]:306.793 [SgUp1]:173027 [SgUp2]:175279 [SgUp3]:0 [SgUp4]:0 [SgLow1]:172694 [SgLow2]:174932 [SgLow3]:0 [SgLow4]:0 [NetMuon1]:458725 [NetMuon2]:458636 [NetMuon3]:488635 [NetMuon4]:488635
[Run]:37446 [Site]:2 [Bin]:9956 [FullTime]:3590.17 [SkipTime]:0 [Veto1]:513.233 [Veto2]:503.723 [Veto3]:307 [Veto4]:307 [SgUp1]:172886 [SgUp2]:175165 [SgUp3]:0 [SgUp4]:0 [SgLow1]:172558 [SgLow2]:174804 [SgLow3]:0 [SgLow4]:0 [NetMuon1]:458147 [NetMuon2]:459683 [NetMuon3]:489066 [NetMuon4]:489066
[Run]:37446 [Site]:2 [Bin]:9957 [FullTime]:3590.17 [SkipTime]:0 [Veto1]:481.738 [Veto2]:496.054 [Veto3]:306.831 [Veto4]:306.831 [SgUp1]:174112 [SgUp2]:176042 [SgUp3]:0 [SgUp4]:0 [SgLow1]:173781 [SgLow2]:175624 [SgLow3]:0 [SgLow4]:0 [NetMuon1]:462937 [NetMuon2]:460600 [NetMuon3]:488856 [NetMuon4]:488856
[Run]:37446 [Site]:2 [Bin]:9958 [FullTime]:3590.17 [SkipTime]:0 [Veto1]:501.435 [Veto2]:510.924 [Veto3]:306.943 [Veto4]:306.943 [SgUp1]:173303 [SgUp2]:174773 [SgUp3]:0 [SgUp4]:0 [SgLow1]:172931 [SgLow2]:174343 [SgLow3]:0 [SgLow4]:0 [NetMuon1]:459728 [NetMuon2]:458386 [NetMuon3]:488675 [NetMuon4]:488675
[Run]:37446 [Site]:2 [Bin]:9959 [FullTime]:3590.17 [SkipTime]:0 [Veto1]:504.164 [Veto2]:489.014 [Veto3]:306.404 [Veto4]:306.404 [SgUp1]:174268 [SgUp2]:176483 [SgUp3]:0 [SgUp4]:0 [SgLow1]:173917 [SgLow2]:176057 [SgLow3]:0 [SgLow4]:0 [NetMuon1]:458675 [NetMuon2]:461084 [NetMuon3]:488141 [NetMuon4]:488141
[Run]:37446 [Site]:2 [Bin]:9960 [FullTime]:3590.17 [SkipTime]:0 [Veto1]:500.802 [Veto2]:506.571 [Veto3]:307.378 [Veto4]:307.378 [SgUp1]:173738 [SgUp2]:175366 [SgUp3]:0 [SgUp4]:0 [SgLow1]:173397 [SgLow2]:174997 [SgLow3]:0 [SgLow4]:0 [NetMuon1]:460730 [NetMuon2]:460061 [NetMuon3]:489688 [NetMuon4]:489688
[Run]:37446 [Site]:2 [Bin]:9961 [FullTime]:3590.17 [SkipTime]:0 [Veto1]:515.231 [Veto2]:505.148 [Veto3]:307.095 [Veto4]:307.095 [SgUp1]:173466 [SgUp2]:175331 [SgUp3]:0 [SgUp4]:0 [SgLow1]:173106 [SgLow2]:174957 [SgLow3]:0 [SgLow4]:0 [NetMuon1]:457701 [NetMuon2]:459606 [NetMuon3]:489057 [NetMuon4]:489057
[Run]:37446 [Site]:2 [Bin]:9962 [FullTime]:3590.17 [SkipTime]:0 [Veto1]:509.418 [Veto2]:509.05 [Veto3]:306.77 [Veto4]:306.77 [SgUp1]:173731 [SgUp2]:175807 [SgUp3]:0 [SgUp4]:0 [SgLow1]:173450 [SgLow2]:175446 [SgLow3]:0 [SgLow4]:0 [NetMuon1]:458546 [NetMuon2]:458683 [NetMuon3]:488749 [NetMuon4]:488749
[Run]:37446 [Site]:2 [Bin]:9963 [FullTime]:3590.17 [SkipTime]:0 [Veto1]:507.548 [Veto2]:488.191 [Veto3]:307.671 [Veto4]:307.671 [SgUp1]:173019 [SgUp2]:177001 [SgUp3]:0 [SgUp4]:0 [SgLow1]:172645 [SgLow2]:176661 [SgLow3]:0 [SgLow4]:0 [NetMuon1]:460447 [NetMuon2]:463080 [NetMuon3]:490171 [NetMuon4]:490171
[Run]:37446 [Site]:2 [Bin]:9964 [FullTime]:3590.17 [SkipTime]:0 [Veto1]:523.202 [Veto2]:502.741 [Veto3]:307.102 [Veto4]:307.102 [SgUp1]:172536 [SgUp2]:175357 [SgUp3]:0 [SgUp4]:0 [SgLow1]:172203 [SgLow2]:174966 [SgLow3]:0 [SgLow4]:0 [NetMuon1]:457064 [NetMuon2]:460107 [NetMuon3]:489151 [NetMuon4]:489151
[Run]:37446 [Site]:2 [Bin]:9965 [FullTime]:3590.17 [SkipTime]:0 [Veto1]:510.539 [Veto2]:519.288 [Veto3]:307.907 [Veto4]:307.907 [SgUp1]:172375 [SgUp2]:174015 [SgUp3]:0 [SgUp4]:0 [SgLow1]:172045 [SgLow2]:173636 [SgLow3]:0 [SgLow4]:0 [NetMuon1]:460402 [NetMuon2]:458922 [NetMuon3]:490576 [NetMuon4]:490576
[Run]:37446 [Site]:2 [Bin]:9966 [FullTime]:3590.17 [SkipTime]:0 [Veto1]:504.546 [Veto2]:509.259 [Veto3]:307.154 [Veto4]:307.154 [SgUp1]:172905 [SgUp2]:173991 [SgUp3]:0 [SgUp4]:0 [SgLow1]:172595 [SgLow2]:173583 [SgLow3]:0 [SgLow4]:0 [NetMuon1]:459658 [NetMuon2]:459332 [NetMuon3]:489305 [NetMuon4]:489305
[Run]:37446 [Site]:2 [Bin]:9967 [FullTime]:3590.17 [SkipTime]:0 [Veto1]:488.398 [Veto2]:517.334 [Veto3]:307.036 [Veto4]:307.036 [SgUp1]:174308 [SgUp2]:174715 [SgUp3]:0 [SgUp4]:0 [SgLow1]:173963 [SgLow2]:174362 [SgLow3]:0 [SgLow4]:0 [NetMuon1]:462220 [NetMuon2]:457743 [NetMuon3]:489255 [NetMuon4]:489255
[Run]:37446 [Site]:2 [Bin]:9968 [FullTime]:3590.17 [SkipTime]:0 [Veto1]:502.16 [Veto2]:507.139 [Veto3]:307.784 [Veto4]:307.784 [SgUp1]:173919 [SgUp2]:175119 [SgUp3]:0 [SgUp4]:0 [SgLow1]:173583 [SgLow2]:174735 [SgLow3]:0 [SgLow4]:0 [NetMuon1]:460960 [NetMuon2]:460231 [NetMuon3]:490214 [NetMuon4]:490214
[Run]:37446 [Site]:2 [Bin]:9969 [FullTime]:3590.17 [SkipTime]:0 [Veto1]:508.999 [Veto2]:492.234 [Veto3]:308.252 [Veto4]:308.252 [SgUp1]:173546 [SgUp2]:176167 [SgUp3]:0 [SgUp4]:0 [SgLow1]:173234 [SgLow2]:175772 [SgLow3]:0 [SgLow4]:0 [NetMuon1]:461071 [NetMuon2]:463692 [NetMuon3]:491014 [NetMuon4]:491014
[Run]:37446 [Site]:2 [Bin]:9970 [FullTime]:3590.17 [SkipTime]:0 [Veto1]:513.845 [Veto2]:493.602 [Veto3]:307.29 [Veto4]:307.29 [SgUp1]:172526 [SgUp2]:175997 [SgUp3]:0 [SgUp4]:0 [SgLow1]:172193 [SgLow2]:175592 [SgLow3]:0 [SgLow4]:0 [NetMuon1]:458635 [NetMuon2]:461896 [NetMuon3]:489477 [NetMuon4]:489477
[Run]:37446 [Site]:2 [Bin]:9971 [FullTime]:3590.17 [SkipTime]:0 [Veto1]:502.985 [Veto2]:493.866 [Veto3]:306.852 [Veto4]:306.852 [SgUp1]:173720 [SgUp2]:175826 [SgUp3]:0 [SgUp4]:0 [SgLow1]:173373 [SgLow2]:175454 [SgLow3]:0 [SgLow4]:0 [NetMuon1]:459388 [NetMuon2]:461087 [NetMuon3]:488742 [NetMuon4]:488742
[Run]:37446 [Site]:2 [Bin]:9972 [FullTime]:3590.17 [SkipTime]:0 [Veto1]:512.453 [Veto2]:511.42 [Veto3]:306.895 [Veto4]:306.895 [SgUp1]:172660 [SgUp2]:174560 [SgUp3]:0 [SgUp4]:0 [SgLow1]:172301 [SgLow2]:174189 [SgLow3]:0 [SgLow4]:0 [NetMuon1]:458282 [NetMuon2]:458499 [NetMuon3]:488973 [NetMuon4]:488973
[Run]:37446 [Site]:2 [Bin]:9973 [FullTime]:3590.17 [SkipTime]:0 [Veto1]:519.427 [Veto2]:499.413 [Veto3]:307.198 [Veto4]:307.198 [SgUp1]:171815 [SgUp2]:175655 [SgUp3]:0 [SgUp4]:0 [SgLow1]:171438 [SgLow2]:175237 [SgLow3]:0 [SgLow4]:0 [NetMuon1]:457702 [NetMuon2]:460813 [NetMuon3]:489438 [NetMuon4]:489438
[Run]:37446 [Site]:2 [Bin]:9974 [FullTime]:3590.17 [SkipTime]:0 [Veto1]:510.211 [Veto2]:503.076 [Veto3]:307.483 [Veto4]:307.483 [SgUp1]:172753 [SgUp2]:175308 [SgUp3]:0 [SgUp4]:0 [SgLow1]:172456 [SgLow2]:174885 [SgLow3]:0 [SgLow4]:0 [NetMuon1]:459591 [NetMuon2]:460698 [NetMuon3]:489837 [NetMuon4]:489837
[Run]:37446 [Site]:2 [Bin]:9975 [FullTime]:3590.17 [SkipTime]:0 [Veto1]:494.104 [Veto2]:493.361 [Veto3]:307.304 [Veto4]:307.304 [SgUp1]:173661 [SgUp2]:175245 [SgUp3]:0 [SgUp4]:0 [SgLow1]:173291 [SgLow2]:174890 [SgLow3]:0 [SgLow4]:0 [NetMuon1]:461471 [NetMuon2]:461800 [NetMuon3]:489444 [NetMuon4]:489444
[Run]:37446 [Site]:2 [Bin]:9976 [FullTime]:3590.17 [SkipTime]:0 [Veto1]:503.654 [Veto2]:502.499 [Veto3]:307.887 [Veto4]:307.887 [SgUp1]:173337 [SgUp2]:174568 [SgUp3]:0 [SgUp4]:0 [SgLow1]:173020 [SgLow2]:174168 [SgLow3]:0 [SgLow4]:0 [NetMuon1]:461447 [NetMuon2]:461336 [NetMuon3]:490554 [NetMuon4]:490554
[Run]:37446 [Site]:2 [Bin]:9977 [FullTime]:3590.18 [SkipTime]:0 [Veto1]:520.597 [Veto2]:473.297 [Veto3]:306.897 [Veto4]:306.897 [SgUp1]:171938 [SgUp2]:177340 [SgUp3]:0 [SgUp4]:0 [SgLow1]:171580 [SgLow2]:177022 [SgLow3]:0 [SgLow4]:0 [NetMuon1]:457058 [NetMuon2]:463900 [NetMuon3]:488700 [NetMuon4]:488700
[Run]:37446 [Site]:2 [Bin]:9978 [FullTime]:3590.16 [SkipTime]:0 [Veto1]:507.914 [Veto2]:510.951 [Veto3]:307.363 [Veto4]:307.363 [SgUp1]:172348 [SgUp2]:174927 [SgUp3]:0 [SgUp4]:0 [SgLow1]:172021 [SgLow2]:174560 [SgLow3]:0 [SgLow4]:0 [NetMuon1]:459803 [NetMuon2]:459088 [NetMuon3]:489593 [NetMuon4]:489593
[Run]:37446 [Site]:2 [Bin]:9979 [FullTime]:3590.17 [SkipTime]:0 [Veto1]:492.062 [Veto2]:502.374 [Veto3]:307.802 [Veto4]:307.802 [SgUp1]:173896 [SgUp2]:175488 [SgUp3]:0 [SgUp4]:0 [SgLow1]:173541 [SgLow2]:175015 [SgLow3]:0 [SgLow4]:0 [NetMuon1]:462715 [NetMuon2]:460999 [NetMuon3]:490315 [NetMuon4]:490315
[Run]:37446 [Site]:2 [Bin]:9980 [FullTime]:3590.17 [SkipTime]:0 [Veto1]:504.564 [Veto2]:515.207 [Veto3]:306.737 [Veto4]:306.737 [SgUp1]:174017 [SgUp2]:174679 [SgUp3]:0 [SgUp4]:0 [SgLow1]:173663 [SgLow2]:174268 [SgLow3]:0 [SgLow4]:0 [NetMuon1]:459430 [NetMuon2]:457888 [NetMuon3]:488884 [NetMuon4]:488884
[Run]:37446 [Site]:2 [Bin]:9981 [FullTime]:3590.17 [SkipTime]:0 [Veto1]:493.374 [Veto2]:496.257 [Veto3]:307.445 [Veto4]:307.445 [SgUp1]:173467 [SgUp2]:175434 [SgUp3]:0 [SgUp4]:0 [SgLow1]:173129 [SgLow2]:175100 [SgLow3]:0 [SgLow4]:0 [NetMuon1]:462004 [NetMuon2]:461815 [NetMuon3]:489835 [NetMuon4]:489835
[Run]:37446 [Site]:2 [Bin]:9982 [FullTime]:3590.17 [SkipTime]:0 [Veto1]:500.285 [Veto2]:502.102 [Veto3]:306.791 [Veto4]:306.791 [SgUp1]:173324 [SgUp2]:175705 [SgUp3]:0 [SgUp4]:0 [SgLow1]:172972 [SgLow2]:175296 [SgLow3]:0 [SgLow4]:0 [NetMuon1]:460327 [NetMuon2]:459846 [NetMuon3]:488799 [NetMuon4]:488799
[Run]:37446 [Site]:2 [Bin]:9983 [FullTime]:3590.17 [SkipTime]:0 [Veto1]:505.221 [Veto2]:520.919 [Veto3]:307.011 [Veto4]:307.011 [SgUp1]:173136 [SgUp2]:174759 [SgUp3]:0 [SgUp4]:0 [SgLow1]:172816 [SgLow2]:174373 [SgLow3]:0 [SgLow4]:0 [NetMuon1]:459393 [NetMuon2]:457269 [NetMuon3]:488938 [NetMuon4]:488938
[Run]:37446 [Site]:2 [Bin]:9984 [FullTime]:3590.17 [SkipTime]:0 [Veto1]:494.437 [Veto2]:511.5 [Veto3]:306.07 [Veto4]:306.07 [SgUp1]:173799 [SgUp2]:175504 [SgUp3]:0 [SgUp4]:0 [SgLow1]:173459 [SgLow2]:175099 [SgLow3]:0 [SgLow4]:0 [NetMuon1]:459484 [NetMuon2]:456912 [NetMuon3]:487664 [NetMuon4]:487664
[Run]:37446 [Site]:2 [Bin]:9985 [FullTime]:3590.17 [SkipTime]:0 [Veto1]:514.005 [Veto2]:513.593 [Veto3]:307.527 [Veto4]:307.527 [SgUp1]:171988 [SgUp2]:174051 [SgUp3]:0 [SgUp4]:0 [SgLow1]:171657 [SgLow2]:173682 [SgLow3]:0 [SgLow4]:0 [NetMuon1]:458817 [NetMuon2]:458758 [NetMuon3]:489753 [NetMuon4]:489753
[Run]:37446 [Site]:2 [Bin]:9986 [FullTime]:3590.17 [SkipTime]:0 [Veto1]:480.613 [Veto2]:499.523 [Veto3]:307.401 [Veto4]:307.401 [SgUp1]:174018 [SgUp2]:174951 [SgUp3]:0 [SgUp4]:0 [SgLow1]:173689 [SgLow2]:174534 [SgLow3]:0 [SgLow4]:0 [NetMuon1]:463670 [NetMuon2]:460933 [NetMuon3]:489535 [NetMuon4]:489535
[Run]:37446 [Site]:2 [Bin]:9987 [FullTime]:3590.17 [SkipTime]:0 [Veto1]:496.274 [Veto2]:497.929 [Veto3]:306.812 [Veto4]:306.812 [SgUp1]:173748 [SgUp2]:175041 [SgUp3]:0 [SgUp4]:0 [SgLow1]:173420 [SgLow2]:174650 [SgLow3]:0 [SgLow4]:0 [NetMuon1]:460622 [NetMuon2]:460194 [NetMuon3]:488877 [NetMuon4]:488877
[Run]:37446 [Site]:2 [Bin]:9988 [FullTime]:3590.17 [SkipTime]:0 [Veto1]:502.761 [Veto2]:492.804 [Veto3]:306.868 [Veto4]:306.868 [SgUp1]:173204 [SgUp2]:176002 [SgUp3]:0 [SgUp4]:0 [SgLow1]:172835 [SgLow2]:175605 [SgLow3]:0 [SgLow4]:0 [NetMuon1]:459799 [NetMuon2]:461194 [NetMuon3]:488943 [NetMuon4]:488943
[Run]:37446 [Site]:2 [Bin]:9989 [FullTime]:3590.17 [SkipTime]:0 [Veto1]:494.088 [Veto2]:509.038 [Veto3]:307.275 [Veto4]:307.275 [SgUp1]:173989 [SgUp2]:175671 [SgUp3]:0 [SgUp4]:0 [SgLow1]:173651 [SgLow2]:175250 [SgLow3]:0 [SgLow4]:0 [NetMuon1]:461491 [NetMuon2]:459611 [NetMuon3]:489447 [NetMuon4]:489447
End process Run: 37446 ... 
[Run]:37446 [Site]:2 [Bin]:9990 [FullTime]:3476.24 [SkipTime]:0 [Veto1]:472.727 [Veto2]:468.948 [Veto3]:296.404 [Veto4]:296.404
