StreamChain add 0x14af27e0
Start to process run: 37553 ... 
[Run]:37553 [Site]:2 [Bin]:10157 [FullTime]:900.248 [SkipTime]:0 [Veto1]:135.744 [Veto2]:126.592 [Veto3]:76.8483 [Veto4]:76.8483 [SgUp1]:42741 [SgUp2]:43980 [SgUp3]:0 [SgUp4]:0 [SgLow1]:42666 [SgLow2]:43845 [SgLow3]:0 [SgLow4]:0 [NetMuon1]:113617 [NetMuon2]:114985 [NetMuon3]:122410 [NetMuon4]:122410
[Run]:37553 [Site]:2 [Bin]:10158 [FullTime]:3590.17 [SkipTime]:0 [Veto1]:508.371 [Veto2]:485.177 [Veto3]:307.674 [Veto4]:307.674 [SgUp1]:173039 [SgUp2]:176660 [SgUp3]:0 [SgUp4]:0 [SgLow1]:172706 [SgLow2]:176275 [SgLow3]:0 [SgLow4]:0 [NetMuon1]:460220 [NetMuon2]:463611 [NetMuon3]:490134 [NetMuon4]:490134
[Run]:37553 [Site]:2 [Bin]:10159 [FullTime]:3590.17 [SkipTime]:0 [Veto1]:500.727 [Veto2]:505.473 [Veto3]:307.136 [Veto4]:307.136 [SgUp1]:173687 [SgUp2]:175296 [SgUp3]:0 [SgUp4]:0 [SgLow1]:173322 [SgLow2]:174919 [SgLow3]:0 [SgLow4]:0 [NetMuon1]:460316 [NetMuon2]:460000 [NetMuon3]:489075 [NetMuon4]:489075
[Run]:37553 [Site]:2 [Bin]:10160 [FullTime]:3590.17 [SkipTime]:0 [Veto1]:493.928 [Veto2]:516.222 [Veto3]:308.116 [Veto4]:308.116 [SgUp1]:173453 [SgUp2]:174238 [SgUp3]:0 [SgUp4]:0 [SgLow1]:173136 [SgLow2]:173856 [SgLow3]:0 [SgLow4]:0 [NetMuon1]:463197 [NetMuon2]:460107 [NetMuon3]:491005 [NetMuon4]:491005
[Run]:37553 [Site]:2 [Bin]:10161 [FullTime]:3590.17 [SkipTime]:0 [Veto1]:515.6 [Veto2]:500.549 [Veto3]:307.891 [Veto4]:307.891 [SgUp1]:173117 [SgUp2]:175400 [SgUp3]:0 [SgUp4]:0 [SgLow1]:172788 [SgLow2]:174999 [SgLow3]:0 [SgLow4]:0 [NetMuon1]:459622 [NetMuon2]:461936 [NetMuon3]:490716 [NetMuon4]:490716
[Run]:37553 [Site]:2 [Bin]:10162 [FullTime]:3590.17 [SkipTime]:0 [Veto1]:482.809 [Veto2]:534.303 [Veto3]:307.44 [Veto4]:307.44 [SgUp1]:175471 [SgUp2]:173568 [SgUp3]:0 [SgUp4]:0 [SgLow1]:175090 [SgLow2]:173224 [SgLow3]:0 [SgLow4]:0 [NetMuon1]:463623 [NetMuon2]:455893 [NetMuon3]:489498 [NetMuon4]:489498
[Run]:37553 [Site]:2 [Bin]:10163 [FullTime]:3590.17 [SkipTime]:0 [Veto1]:494.79 [Veto2]:486.284 [Veto3]:307.197 [Veto4]:307.197 [SgUp1]:173695 [SgUp2]:175543 [SgUp3]:0 [SgUp4]:0 [SgLow1]:173315 [SgLow2]:175192 [SgLow3]:0 [SgLow4]:0 [NetMuon1]:461335 [NetMuon2]:462784 [NetMuon3]:489473 [NetMuon4]:489473
[Run]:37553 [Site]:2 [Bin]:10164 [FullTime]:3590.17 [SkipTime]:0 [Veto1]:510.095 [Veto2]:516.778 [Veto3]:307.27 [Veto4]:307.27 [SgUp1]:173641 [SgUp2]:175369 [SgUp3]:0 [SgUp4]:0 [SgLow1]:173286 [SgLow2]:174983 [SgLow3]:0 [SgLow4]:0 [NetMuon1]:459393 [NetMuon2]:458462 [NetMuon3]:489706 [NetMuon4]:489706
[Run]:37553 [Site]:2 [Bin]:10165 [FullTime]:3590.17 [SkipTime]:0 [Veto1]:498.224 [Veto2]:522.898 [Veto3]:307.768 [Veto4]:307.768 [SgUp1]:173796 [SgUp2]:173899 [SgUp3]:0 [SgUp4]:0 [SgLow1]:173463 [SgLow2]:173501 [SgLow3]:0 [SgLow4]:0 [NetMuon1]:462062 [NetMuon2]:458187 [NetMuon3]:490448 [NetMuon4]:490448
[Run]:37553 [Site]:2 [Bin]:10166 [FullTime]:3590.17 [SkipTime]:0 [Veto1]:511.678 [Veto2]:492.408 [Veto3]:307.803 [Veto4]:307.803 [SgUp1]:173431 [SgUp2]:175574 [SgUp3]:0 [SgUp4]:0 [SgLow1]:173097 [SgLow2]:175162 [SgLow3]:0 [SgLow4]:0 [NetMuon1]:460256 [NetMuon2]:462924 [NetMuon3]:490502 [NetMuon4]:490502
[Run]:37553 [Site]:2 [Bin]:10167 [FullTime]:3590.17 [SkipTime]:0 [Veto1]:506.347 [Veto2]:508.522 [Veto3]:307.555 [Veto4]:307.555 [SgUp1]:173628 [SgUp2]:174749 [SgUp3]:0 [SgUp4]:0 [SgLow1]:173253 [SgLow2]:174365 [SgLow3]:0 [SgLow4]:0 [NetMuon1]:460425 [NetMuon2]:459558 [NetMuon3]:489779 [NetMuon4]:489779
[Run]:37553 [Site]:2 [Bin]:10168 [FullTime]:3590.17 [SkipTime]:0 [Veto1]:503.813 [Veto2]:486.783 [Veto3]:307.073 [Veto4]:307.073 [SgUp1]:173792 [SgUp2]:176602 [SgUp3]:0 [SgUp4]:0 [SgLow1]:173432 [SgLow2]:176203 [SgLow3]:0 [SgLow4]:0 [NetMuon1]:459649 [NetMuon2]:462273 [NetMuon3]:489002 [NetMuon4]:489002
[Run]:37553 [Site]:2 [Bin]:10169 [FullTime]:3590.17 [SkipTime]:0 [Veto1]:503.763 [Veto2]:510.097 [Veto3]:306.961 [Veto4]:306.961 [SgUp1]:173987 [SgUp2]:174647 [SgUp3]:0 [SgUp4]:0 [SgLow1]:173608 [SgLow2]:174268 [SgLow3]:0 [SgLow4]:0 [NetMuon1]:459758 [NetMuon2]:458894 [NetMuon3]:489029 [NetMuon4]:489029
[Run]:37553 [Site]:2 [Bin]:10170 [FullTime]:3590.17 [SkipTime]:0 [Veto1]:508.34 [Veto2]:485.644 [Veto3]:307.589 [Veto4]:307.589 [SgUp1]:173324 [SgUp2]:175981 [SgUp3]:0 [SgUp4]:0 [SgLow1]:172980 [SgLow2]:175654 [SgLow3]:0 [SgLow4]:0 [NetMuon1]:459870 [NetMuon2]:463516 [NetMuon3]:490111 [NetMuon4]:490111
[Run]:37553 [Site]:2 [Bin]:10171 [FullTime]:3590.18 [SkipTime]:0 [Veto1]:498.386 [Veto2]:481.279 [Veto3]:307.165 [Veto4]:307.165 [SgUp1]:173778 [SgUp2]:176110 [SgUp3]:0 [SgUp4]:0 [SgLow1]:173473 [SgLow2]:175642 [SgLow3]:0 [SgLow4]:0 [NetMuon1]:460768 [NetMuon2]:463084 [NetMuon3]:489160 [NetMuon4]:489160
[Run]:37553 [Site]:2 [Bin]:10172 [FullTime]:3590.17 [SkipTime]:0 [Veto1]:493.316 [Veto2]:509.536 [Veto3]:307.489 [Veto4]:307.489 [SgUp1]:174710 [SgUp2]:173792 [SgUp3]:0 [SgUp4]:0 [SgLow1]:174326 [SgLow2]:173419 [SgLow3]:0 [SgLow4]:0 [NetMuon1]:462187 [NetMuon2]:459746 [NetMuon3]:489920 [NetMuon4]:489920
[Run]:37553 [Site]:2 [Bin]:10173 [FullTime]:3590.18 [SkipTime]:0 [Veto1]:517.74 [Veto2]:487.543 [Veto3]:308.095 [Veto4]:308.095 [SgUp1]:173085 [SgUp2]:175346 [SgUp3]:0 [SgUp4]:0 [SgLow1]:172719 [SgLow2]:174909 [SgLow3]:0 [SgLow4]:0 [NetMuon1]:459671 [NetMuon2]:463924 [NetMuon3]:490798 [NetMuon4]:490798
[Run]:37553 [Site]:2 [Bin]:10174 [FullTime]:3590.16 [SkipTime]:0 [Veto1]:487.643 [Veto2]:492.444 [Veto3]:308.344 [Veto4]:308.344 [SgUp1]:174896 [SgUp2]:175922 [SgUp3]:0 [SgUp4]:0 [SgLow1]:174556 [SgLow2]:175571 [SgLow3]:0 [SgLow4]:0 [NetMuon1]:464303 [NetMuon2]:463598 [NetMuon3]:491091 [NetMuon4]:491091
[Run]:37553 [Site]:2 [Bin]:10175 [FullTime]:3590.17 [SkipTime]:0 [Veto1]:512.097 [Veto2]:506.537 [Veto3]:307.191 [Veto4]:307.191 [SgUp1]:173243 [SgUp2]:174273 [SgUp3]:0 [SgUp4]:0 [SgLow1]:172874 [SgLow2]:173854 [SgLow3]:0 [SgLow4]:0 [NetMuon1]:458988 [NetMuon2]:459845 [NetMuon3]:489492 [NetMuon4]:489492
[Run]:37553 [Site]:2 [Bin]:10176 [FullTime]:3590.17 [SkipTime]:0 [Veto1]:506.819 [Veto2]:507.716 [Veto3]:307.399 [Veto4]:307.399 [SgUp1]:173281 [SgUp2]:174523 [SgUp3]:0 [SgUp4]:0 [SgLow1]:172944 [SgLow2]:174130 [SgLow3]:0 [SgLow4]:0 [NetMuon1]:460113 [NetMuon2]:459929 [NetMuon3]:489866 [NetMuon4]:489866
[Run]:37553 [Site]:2 [Bin]:10177 [FullTime]:3590.17 [SkipTime]:0 [Veto1]:497.078 [Veto2]:514.791 [Veto3]:307.977 [Veto4]:307.977 [SgUp1]:173667 [SgUp2]:174240 [SgUp3]:0 [SgUp4]:0 [SgLow1]:173313 [SgLow2]:173892 [SgLow3]:0 [SgLow4]:0 [NetMuon1]:462023 [NetMuon2]:459554 [NetMuon3]:490496 [NetMuon4]:490496
[Run]:37553 [Site]:2 [Bin]:10178 [FullTime]:3590.17 [SkipTime]:0 [Veto1]:508.163 [Veto2]:502.927 [Veto3]:307.853 [Veto4]:307.853 [SgUp1]:172412 [SgUp2]:174782 [SgUp3]:0 [SgUp4]:0 [SgLow1]:172088 [SgLow2]:174373 [SgLow3]:0 [SgLow4]:0 [NetMuon1]:460478 [NetMuon2]:461163 [NetMuon3]:490402 [NetMuon4]:490402
[Run]:37553 [Site]:2 [Bin]:10179 [FullTime]:3590.17 [SkipTime]:0 [Veto1]:539.522 [Veto2]:513.51 [Veto3]:307.092 [Veto4]:307.092 [SgUp1]:171012 [SgUp2]:174163 [SgUp3]:0 [SgUp4]:0 [SgLow1]:170658 [SgLow2]:173736 [SgLow3]:0 [SgLow4]:0 [NetMuon1]:454719 [NetMuon2]:458719 [NetMuon3]:489250 [NetMuon4]:489250
[Run]:37553 [Site]:2 [Bin]:10180 [FullTime]:3590.17 [SkipTime]:0 [Veto1]:513.247 [Veto2]:525.131 [Veto3]:308.719 [Veto4]:308.719 [SgUp1]:172135 [SgUp2]:173391 [SgUp3]:0 [SgUp4]:0 [SgLow1]:171776 [SgLow2]:172975 [SgLow3]:0 [SgLow4]:0 [NetMuon1]:460919 [NetMuon2]:459094 [NetMuon3]:491666 [NetMuon4]:491666
[Run]:37553 [Site]:2 [Bin]:10181 [FullTime]:3590.17 [SkipTime]:0 [Veto1]:498.937 [Veto2]:503.975 [Veto3]:307.29 [Veto4]:307.29 [SgUp1]:173529 [SgUp2]:174165 [SgUp3]:0 [SgUp4]:0 [SgLow1]:173088 [SgLow2]:173806 [SgLow3]:0 [SgLow4]:0 [NetMuon1]:460639 [NetMuon2]:460184 [NetMuon3]:489479 [NetMuon4]:489479
[Run]:37553 [Site]:2 [Bin]:10182 [FullTime]:3590.18 [SkipTime]:0 [Veto1]:516.132 [Veto2]:506.756 [Veto3]:307.138 [Veto4]:307.138 [SgUp1]:172653 [SgUp2]:174677 [SgUp3]:0 [SgUp4]:0 [SgLow1]:172312 [SgLow2]:174314 [SgLow3]:0 [SgLow4]:0 [NetMuon1]:458135 [NetMuon2]:459123 [NetMuon3]:489080 [NetMuon4]:489080
[Run]:37553 [Site]:2 [Bin]:10183 [FullTime]:3590.16 [SkipTime]:0 [Veto1]:496.918 [Veto2]:525.473 [Veto3]:307.649 [Veto4]:307.649 [SgUp1]:173005 [SgUp2]:174527 [SgUp3]:0 [SgUp4]:0 [SgLow1]:172673 [SgLow2]:174148 [SgLow3]:0 [SgLow4]:0 [NetMuon1]:461921 [NetMuon2]:457927 [NetMuon3]:490158 [NetMuon4]:490158
[Run]:37553 [Site]:2 [Bin]:10184 [FullTime]:3590.17 [SkipTime]:0 [Veto1]:476.675 [Veto2]:498.892 [Veto3]:307.292 [Veto4]:307.292 [SgUp1]:174603 [SgUp2]:175186 [SgUp3]:0 [SgUp4]:0 [SgLow1]:174250 [SgLow2]:174805 [SgLow3]:0 [SgLow4]:0 [NetMuon1]:464217 [NetMuon2]:460863 [NetMuon3]:489570 [NetMuon4]:489570
[Run]:37553 [Site]:2 [Bin]:10185 [FullTime]:3590.17 [SkipTime]:0 [Veto1]:492.494 [Veto2]:497.509 [Veto3]:308.381 [Veto4]:308.381 [SgUp1]:173957 [SgUp2]:174855 [SgUp3]:0 [SgUp4]:0 [SgLow1]:173575 [SgLow2]:174445 [SgLow3]:0 [SgLow4]:0 [NetMuon1]:463680 [NetMuon2]:463019 [NetMuon3]:491317 [NetMuon4]:491317
[Run]:37553 [Site]:2 [Bin]:10186 [FullTime]:3590.17 [SkipTime]:0 [Veto1]:502.188 [Veto2]:509.507 [Veto3]:307.868 [Veto4]:307.868 [SgUp1]:172924 [SgUp2]:174537 [SgUp3]:0 [SgUp4]:0 [SgLow1]:172555 [SgLow2]:174135 [SgLow3]:0 [SgLow4]:0 [NetMuon1]:461106 [NetMuon2]:460512 [NetMuon3]:490430 [NetMuon4]:490430
[Run]:37553 [Site]:2 [Bin]:10187 [FullTime]:3590.17 [SkipTime]:0 [Veto1]:510.781 [Veto2]:512.27 [Veto3]:307.589 [Veto4]:307.589 [SgUp1]:172718 [SgUp2]:174549 [SgUp3]:0 [SgUp4]:0 [SgLow1]:172375 [SgLow2]:174200 [SgLow3]:0 [SgLow4]:0 [NetMuon1]:459735 [NetMuon2]:459473 [NetMuon3]:490020 [NetMuon4]:490020
[Run]:37553 [Site]:2 [Bin]:10188 [FullTime]:3590.17 [SkipTime]:0 [Veto1]:505.098 [Veto2]:492.248 [Veto3]:307.726 [Veto4]:307.726 [SgUp1]:172796 [SgUp2]:176062 [SgUp3]:0 [SgUp4]:0 [SgLow1]:172474 [SgLow2]:175716 [SgLow3]:0 [SgLow4]:0 [NetMuon1]:460391 [NetMuon2]:462469 [NetMuon3]:490127 [NetMuon4]:490127
[Run]:37553 [Site]:2 [Bin]:10189 [FullTime]:3590.17 [SkipTime]:0 [Veto1]:485.401 [Veto2]:488.282 [Veto3]:307.504 [Veto4]:307.504 [SgUp1]:173934 [SgUp2]:175996 [SgUp3]:0 [SgUp4]:0 [SgLow1]:173567 [SgLow2]:175628 [SgLow3]:0 [SgLow4]:0 [NetMuon1]:463030 [NetMuon2]:462868 [NetMuon3]:489737 [NetMuon4]:489737
[Run]:37553 [Site]:2 [Bin]:10190 [FullTime]:3590.18 [SkipTime]:0 [Veto1]:516.163 [Veto2]:508.02 [Veto3]:308.65 [Veto4]:308.65 [SgUp1]:172376 [SgUp2]:175106 [SgUp3]:0 [SgUp4]:0 [SgLow1]:171993 [SgLow2]:174756 [SgLow3]:0 [SgLow4]:0 [NetMuon1]:460301 [NetMuon2]:461771 [NetMuon3]:491657 [NetMuon4]:491657
[Run]:37553 [Site]:2 [Bin]:10191 [FullTime]:3590.16 [SkipTime]:0 [Veto1]:504.387 [Veto2]:490.529 [Veto3]:308.09 [Veto4]:308.09 [SgUp1]:172939 [SgUp2]:175621 [SgUp3]:0 [SgUp4]:0 [SgLow1]:172589 [SgLow2]:175215 [SgLow3]:0 [SgLow4]:0 [NetMuon1]:461175 [NetMuon2]:463546 [NetMuon3]:490603 [NetMuon4]:490603
[Run]:37553 [Site]:2 [Bin]:10192 [FullTime]:3590.17 [SkipTime]:0 [Veto1]:511.218 [Veto2]:502.231 [Veto3]:307.277 [Veto4]:307.277 [SgUp1]:173660 [SgUp2]:175051 [SgUp3]:0 [SgUp4]:0 [SgLow1]:173284 [SgLow2]:174637 [SgLow3]:0 [SgLow4]:0 [NetMuon1]:459450 [NetMuon2]:460182 [NetMuon3]:489539 [NetMuon4]:489539
[Run]:37553 [Site]:2 [Bin]:10193 [FullTime]:3590.17 [SkipTime]:0 [Veto1]:506.895 [Veto2]:502.995 [Veto3]:307.347 [Veto4]:307.347 [SgUp1]:173272 [SgUp2]:174823 [SgUp3]:0 [SgUp4]:0 [SgLow1]:172884 [SgLow2]:174420 [SgLow3]:0 [SgLow4]:0 [NetMuon1]:460091 [NetMuon2]:460504 [NetMuon3]:489801 [NetMuon4]:489801
[Run]:37553 [Site]:2 [Bin]:10194 [FullTime]:3590.17 [SkipTime]:0 [Veto1]:503.831 [Veto2]:504.305 [Veto3]:307.704 [Veto4]:307.704 [SgUp1]:173034 [SgUp2]:174684 [SgUp3]:0 [SgUp4]:0 [SgLow1]:172630 [SgLow2]:174318 [SgLow3]:0 [SgLow4]:0 [NetMuon1]:460641 [NetMuon2]:460370 [NetMuon3]:490145 [NetMuon4]:490145
[Run]:37553 [Site]:2 [Bin]:10195 [FullTime]:3590.18 [SkipTime]:0 [Veto1]:511.176 [Veto2]:496.543 [Veto3]:307.755 [Veto4]:307.755 [SgUp1]:172641 [SgUp2]:174855 [SgUp3]:0 [SgUp4]:0 [SgLow1]:172285 [SgLow2]:174475 [SgLow3]:0 [SgLow4]:0 [NetMuon1]:459489 [NetMuon2]:462009 [NetMuon3]:490328 [NetMuon4]:490328
[Run]:37553 [Site]:2 [Bin]:10196 [FullTime]:3590.16 [SkipTime]:0 [Veto1]:531.947 [Veto2]:493.556 [Veto3]:307.463 [Veto4]:307.463 [SgUp1]:171864 [SgUp2]:175122 [SgUp3]:0 [SgUp4]:0 [SgLow1]:171505 [SgLow2]:174752 [SgLow3]:0 [SgLow4]:0 [NetMuon1]:456362 [NetMuon2]:462491 [NetMuon3]:489926 [NetMuon4]:489926
[Run]:37553 [Site]:2 [Bin]:10197 [FullTime]:3590.17 [SkipTime]:0 [Veto1]:487.796 [Veto2]:520.136 [Veto3]:306.703 [Veto4]:306.703 [SgUp1]:173739 [SgUp2]:173345 [SgUp3]:0 [SgUp4]:0 [SgLow1]:173342 [SgLow2]:172957 [SgLow3]:0 [SgLow4]:0 [NetMuon1]:461445 [NetMuon2]:456970 [NetMuon3]:488591 [NetMuon4]:488591
[Run]:37553 [Site]:2 [Bin]:10198 [FullTime]:3590.17 [SkipTime]:0 [Veto1]:490.235 [Veto2]:506.996 [Veto3]:306.61 [Veto4]:306.61 [SgUp1]:174095 [SgUp2]:174403 [SgUp3]:0 [SgUp4]:0 [SgLow1]:173728 [SgLow2]:173996 [SgLow3]:0 [SgLow4]:0 [NetMuon1]:461157 [NetMuon2]:458486 [NetMuon3]:488411 [NetMuon4]:488411
[Run]:37553 [Site]:2 [Bin]:10199 [FullTime]:3590.17 [SkipTime]:0 [Veto1]:506.857 [Veto2]:498.571 [Veto3]:307.73 [Veto4]:307.73 [SgUp1]:173504 [SgUp2]:175896 [SgUp3]:0 [SgUp4]:0 [SgLow1]:173121 [SgLow2]:175494 [SgLow3]:0 [SgLow4]:0 [NetMuon1]:460550 [NetMuon2]:461633 [NetMuon3]:490102 [NetMuon4]:490102
[Run]:37553 [Site]:2 [Bin]:10200 [FullTime]:3590.17 [SkipTime]:0 [Veto1]:502.778 [Veto2]:494.278 [Veto3]:307.033 [Veto4]:307.033 [SgUp1]:173585 [SgUp2]:174351 [SgUp3]:0 [SgUp4]:0 [SgLow1]:173230 [SgLow2]:173971 [SgLow3]:0 [SgLow4]:0 [NetMuon1]:460279 [NetMuon2]:461055 [NetMuon3]:489257 [NetMuon4]:489257
[Run]:37553 [Site]:2 [Bin]:10201 [FullTime]:3590.17 [SkipTime]:0 [Veto1]:499.501 [Veto2]:513.16 [Veto3]:307.31 [Veto4]:307.31 [SgUp1]:174013 [SgUp2]:174477 [SgUp3]:0 [SgUp4]:0 [SgLow1]:173684 [SgLow2]:174077 [SgLow3]:0 [SgLow4]:0 [NetMuon1]:461003 [NetMuon2]:458863 [NetMuon3]:489657 [NetMuon4]:489657
[Run]:37553 [Site]:2 [Bin]:10202 [FullTime]:3590.17 [SkipTime]:0 [Veto1]:499.721 [Veto2]:505.659 [Veto3]:306.718 [Veto4]:306.718 [SgUp1]:172872 [SgUp2]:174546 [SgUp3]:0 [SgUp4]:0 [SgLow1]:172548 [SgLow2]:174139 [SgLow3]:0 [SgLow4]:0 [NetMuon1]:459963 [NetMuon2]:459135 [NetMuon3]:488692 [NetMuon4]:488692
[Run]:37553 [Site]:2 [Bin]:10203 [FullTime]:3590.17 [SkipTime]:0 [Veto1]:518.108 [Veto2]:501.015 [Veto3]:307.638 [Veto4]:307.638 [SgUp1]:172504 [SgUp2]:175340 [SgUp3]:0 [SgUp4]:0 [SgLow1]:172121 [SgLow2]:174913 [SgLow3]:0 [SgLow4]:0 [NetMuon1]:458296 [NetMuon2]:461225 [NetMuon3]:490008 [NetMuon4]:490008
[Run]:37553 [Site]:2 [Bin]:10204 [FullTime]:3590.17 [SkipTime]:0 [Veto1]:492.6 [Veto2]:502.578 [Veto3]:307.213 [Veto4]:307.213 [SgUp1]:173868 [SgUp2]:175418 [SgUp3]:0 [SgUp4]:0 [SgLow1]:173495 [SgLow2]:175052 [SgLow3]:0 [SgLow4]:0 [NetMuon1]:461808 [NetMuon2]:460315 [NetMuon3]:489513 [NetMuon4]:489513
End process Run: 37553 ... 
[Run]:37553 [Site]:2 [Bin]:10205 [FullTime]:2697.9 [SkipTime]:0 [Veto1]:388.191 [Veto2]:381.433 [Veto3]:230.527 [Veto4]:230.527
