StreamChain add 0xb1487e0
Start to process run: 37546 ... 
[Run]:37546 [Site]:2 [Bin]:10089 [FullTime]:1950.66 [SkipTime]:0 [Veto1]:291.785 [Veto2]:276.448 [Veto3]:167.008 [Veto4]:167.008 [SgUp1]:92367 [SgUp2]:94664 [SgUp3]:0 [SgUp4]:0 [SgLow1]:92169 [SgLow2]:94440 [SgLow3]:0 [SgLow4]:0 [NetMuon1]:247610 [NetMuon2]:249602 [NetMuon3]:266039 [NetMuon4]:266039
[Run]:37546 [Site]:2 [Bin]:10090 [FullTime]:3590.17 [SkipTime]:0 [Veto1]:496.45 [Veto2]:511.463 [Veto3]:307.092 [Veto4]:307.092 [SgUp1]:172316 [SgUp2]:175374 [SgUp3]:0 [SgUp4]:0 [SgLow1]:171971 [SgLow2]:174971 [SgLow3]:0 [SgLow4]:0 [NetMuon1]:460698 [NetMuon2]:458781 [NetMuon3]:489186 [NetMuon4]:489186
[Run]:37546 [Site]:2 [Bin]:10091 [FullTime]:3590.17 [SkipTime]:0 [Veto1]:495.54 [Veto2]:515.285 [Veto3]:306.847 [Veto4]:306.847 [SgUp1]:172825 [SgUp2]:173984 [SgUp3]:0 [SgUp4]:0 [SgLow1]:172435 [SgLow2]:173637 [SgLow3]:0 [SgLow4]:0 [NetMuon1]:460827 [NetMuon2]:457590 [NetMuon3]:488891 [NetMuon4]:488891
[Run]:37546 [Site]:2 [Bin]:10092 [FullTime]:3590.17 [SkipTime]:0 [Veto1]:485.954 [Veto2]:504.778 [Veto3]:307.778 [Veto4]:307.778 [SgUp1]:173231 [SgUp2]:175821 [SgUp3]:0 [SgUp4]:0 [SgLow1]:172876 [SgLow2]:175356 [SgLow3]:0 [SgLow4]:0 [NetMuon1]:463268 [NetMuon2]:460574 [NetMuon3]:490160 [NetMuon4]:490160
[Run]:37546 [Site]:2 [Bin]:10093 [FullTime]:3590.17 [SkipTime]:0 [Veto1]:519.543 [Veto2]:532.115 [Veto3]:307.844 [Veto4]:307.844 [SgUp1]:171374 [SgUp2]:174140 [SgUp3]:0 [SgUp4]:0 [SgLow1]:171025 [SgLow2]:173789 [SgLow3]:0 [SgLow4]:0 [NetMuon1]:458750 [NetMuon2]:456669 [NetMuon3]:490290 [NetMuon4]:490290
[Run]:37546 [Site]:2 [Bin]:10094 [FullTime]:3590.17 [SkipTime]:0 [Veto1]:511.428 [Veto2]:523.9 [Veto3]:307.154 [Veto4]:307.154 [SgUp1]:172445 [SgUp2]:174135 [SgUp3]:0 [SgUp4]:0 [SgLow1]:172079 [SgLow2]:173697 [SgLow3]:0 [SgLow4]:0 [NetMuon1]:459409 [NetMuon2]:457011 [NetMuon3]:489468 [NetMuon4]:489468
[Run]:37546 [Site]:2 [Bin]:10095 [FullTime]:3590.17 [SkipTime]:0 [Veto1]:490.455 [Veto2]:504.072 [Veto3]:306.533 [Veto4]:306.533 [SgUp1]:173712 [SgUp2]:174611 [SgUp3]:0 [SgUp4]:0 [SgLow1]:173318 [SgLow2]:174246 [SgLow3]:0 [SgLow4]:0 [NetMuon1]:460857 [NetMuon2]:459007 [NetMuon3]:488163 [NetMuon4]:488163
[Run]:37546 [Site]:2 [Bin]:10096 [FullTime]:3590.17 [SkipTime]:0 [Veto1]:506.936 [Veto2]:482.571 [Veto3]:306.949 [Veto4]:306.949 [SgUp1]:172633 [SgUp2]:175474 [SgUp3]:0 [SgUp4]:0 [SgLow1]:172281 [SgLow2]:175075 [SgLow3]:0 [SgLow4]:0 [NetMuon1]:459535 [NetMuon2]:462927 [NetMuon3]:489102 [NetMuon4]:489102
[Run]:37546 [Site]:2 [Bin]:10097 [FullTime]:3590.17 [SkipTime]:0 [Veto1]:521.91 [Veto2]:496.724 [Veto3]:308.03 [Veto4]:308.03 [SgUp1]:171374 [SgUp2]:175947 [SgUp3]:0 [SgUp4]:0 [SgLow1]:171056 [SgLow2]:175531 [SgLow3]:0 [SgLow4]:0 [NetMuon1]:458985 [NetMuon2]:462391 [NetMuon3]:490659 [NetMuon4]:490659
[Run]:37546 [Site]:2 [Bin]:10098 [FullTime]:3590.17 [SkipTime]:0 [Veto1]:490.127 [Veto2]:516.92 [Veto3]:307.296 [Veto4]:307.296 [SgUp1]:174395 [SgUp2]:174802 [SgUp3]:0 [SgUp4]:0 [SgLow1]:174041 [SgLow2]:174461 [SgLow3]:0 [SgLow4]:0 [NetMuon1]:462361 [NetMuon2]:458394 [NetMuon3]:489505 [NetMuon4]:489505
[Run]:37546 [Site]:2 [Bin]:10099 [FullTime]:3590.17 [SkipTime]:0 [Veto1]:501.225 [Veto2]:495.88 [Veto3]:306.972 [Veto4]:306.972 [SgUp1]:173410 [SgUp2]:176142 [SgUp3]:0 [SgUp4]:0 [SgLow1]:173064 [SgLow2]:175757 [SgLow3]:0 [SgLow4]:0 [NetMuon1]:460588 [NetMuon2]:460870 [NetMuon3]:489154 [NetMuon4]:489154
[Run]:37546 [Site]:2 [Bin]:10100 [FullTime]:3590.17 [SkipTime]:0 [Veto1]:490.11 [Veto2]:508.457 [Veto3]:307.446 [Veto4]:307.446 [SgUp1]:173048 [SgUp2]:175203 [SgUp3]:0 [SgUp4]:0 [SgLow1]:172719 [SgLow2]:174774 [SgLow3]:0 [SgLow4]:0 [NetMuon1]:462404 [NetMuon2]:459863 [NetMuon3]:489757 [NetMuon4]:489757
[Run]:37546 [Site]:2 [Bin]:10101 [FullTime]:3590.17 [SkipTime]:0 [Veto1]:510.856 [Veto2]:502.987 [Veto3]:306.794 [Veto4]:306.794 [SgUp1]:171250 [SgUp2]:175719 [SgUp3]:0 [SgUp4]:0 [SgLow1]:170923 [SgLow2]:175396 [SgLow3]:0 [SgLow4]:0 [NetMuon1]:458156 [NetMuon2]:459916 [NetMuon3]:488892 [NetMuon4]:488892
[Run]:37546 [Site]:2 [Bin]:10102 [FullTime]:3590.17 [SkipTime]:0 [Veto1]:506.299 [Veto2]:495.448 [Veto3]:306.906 [Veto4]:306.906 [SgUp1]:172023 [SgUp2]:175544 [SgUp3]:0 [SgUp4]:0 [SgLow1]:171704 [SgLow2]:175136 [SgLow3]:0 [SgLow4]:0 [NetMuon1]:459047 [NetMuon2]:460806 [NetMuon3]:488936 [NetMuon4]:488936
[Run]:37546 [Site]:2 [Bin]:10103 [FullTime]:3590.17 [SkipTime]:0 [Veto1]:506.728 [Veto2]:506.563 [Veto3]:306.792 [Veto4]:306.792 [SgUp1]:172267 [SgUp2]:175524 [SgUp3]:0 [SgUp4]:0 [SgLow1]:171922 [SgLow2]:175154 [SgLow3]:0 [SgLow4]:0 [NetMuon1]:459041 [NetMuon2]:459022 [NetMuon3]:488654 [NetMuon4]:488654
[Run]:37546 [Site]:2 [Bin]:10104 [FullTime]:3590.17 [SkipTime]:0 [Veto1]:511.391 [Veto2]:510.393 [Veto3]:306.533 [Veto4]:306.533 [SgUp1]:173201 [SgUp2]:174671 [SgUp3]:0 [SgUp4]:0 [SgLow1]:172893 [SgLow2]:174281 [SgLow3]:0 [SgLow4]:0 [NetMuon1]:458113 [NetMuon2]:458039 [NetMuon3]:488387 [NetMuon4]:488387
[Run]:37546 [Site]:2 [Bin]:10105 [FullTime]:3590.17 [SkipTime]:0 [Veto1]:491.893 [Veto2]:494.658 [Veto3]:307.077 [Veto4]:307.077 [SgUp1]:173172 [SgUp2]:176378 [SgUp3]:0 [SgUp4]:0 [SgLow1]:172854 [SgLow2]:175958 [SgLow3]:0 [SgLow4]:0 [NetMuon1]:461568 [NetMuon2]:461052 [NetMuon3]:489116 [NetMuon4]:489116
[Run]:37546 [Site]:2 [Bin]:10106 [FullTime]:3590.17 [SkipTime]:0 [Veto1]:484.439 [Veto2]:499.798 [Veto3]:307.283 [Veto4]:307.283 [SgUp1]:173371 [SgUp2]:175707 [SgUp3]:0 [SgUp4]:0 [SgLow1]:173024 [SgLow2]:175305 [SgLow3]:0 [SgLow4]:0 [NetMuon1]:463138 [NetMuon2]:460811 [NetMuon3]:489502 [NetMuon4]:489502
[Run]:37546 [Site]:2 [Bin]:10107 [FullTime]:3590.17 [SkipTime]:0 [Veto1]:495.696 [Veto2]:492.164 [Veto3]:306.501 [Veto4]:306.501 [SgUp1]:173530 [SgUp2]:175964 [SgUp3]:0 [SgUp4]:0 [SgLow1]:173147 [SgLow2]:175564 [SgLow3]:0 [SgLow4]:0 [NetMuon1]:460274 [NetMuon2]:460683 [NetMuon3]:488225 [NetMuon4]:488225
[Run]:37546 [Site]:2 [Bin]:10108 [FullTime]:3590.17 [SkipTime]:0 [Veto1]:513.461 [Veto2]:498.77 [Veto3]:306.445 [Veto4]:306.445 [SgUp1]:172409 [SgUp2]:176538 [SgUp3]:0 [SgUp4]:0 [SgLow1]:172078 [SgLow2]:176157 [SgLow3]:0 [SgLow4]:0 [NetMuon1]:457610 [NetMuon2]:459597 [NetMuon3]:488248 [NetMuon4]:488248
[Run]:37546 [Site]:2 [Bin]:10109 [FullTime]:3590.17 [SkipTime]:0 [Veto1]:501.492 [Veto2]:516.956 [Veto3]:306.419 [Veto4]:306.419 [SgUp1]:173062 [SgUp2]:175232 [SgUp3]:0 [SgUp4]:0 [SgLow1]:172772 [SgLow2]:174854 [SgLow3]:0 [SgLow4]:0 [NetMuon1]:459351 [NetMuon2]:456771 [NetMuon3]:488154 [NetMuon4]:488154
[Run]:37546 [Site]:2 [Bin]:10110 [FullTime]:3590.18 [SkipTime]:0 [Veto1]:512.485 [Veto2]:512.059 [Veto3]:306.547 [Veto4]:306.547 [SgUp1]:172865 [SgUp2]:175712 [SgUp3]:0 [SgUp4]:0 [SgLow1]:172538 [SgLow2]:175309 [SgLow3]:0 [SgLow4]:0 [NetMuon1]:458103 [NetMuon2]:458051 [NetMuon3]:488574 [NetMuon4]:488574
[Run]:37546 [Site]:2 [Bin]:10111 [FullTime]:3590.17 [SkipTime]:0 [Veto1]:516.58 [Veto2]:504.677 [Veto3]:306.503 [Veto4]:306.503 [SgUp1]:173350 [SgUp2]:174974 [SgUp3]:0 [SgUp4]:0 [SgLow1]:172987 [SgLow2]:174569 [SgLow3]:0 [SgLow4]:0 [NetMuon1]:457363 [NetMuon2]:458993 [NetMuon3]:488388 [NetMuon4]:488388
[Run]:37546 [Site]:2 [Bin]:10112 [FullTime]:3590.17 [SkipTime]:0 [Veto1]:511.105 [Veto2]:497.873 [Veto3]:306.511 [Veto4]:306.511 [SgUp1]:172243 [SgUp2]:175337 [SgUp3]:0 [SgUp4]:0 [SgLow1]:171900 [SgLow2]:174923 [SgLow3]:0 [SgLow4]:0 [NetMuon1]:457752 [NetMuon2]:459939 [NetMuon3]:488429 [NetMuon4]:488429
[Run]:37546 [Site]:2 [Bin]:10113 [FullTime]:3590.17 [SkipTime]:0 [Veto1]:488.06 [Veto2]:516.791 [Veto3]:307.442 [Veto4]:307.442 [SgUp1]:173474 [SgUp2]:174090 [SgUp3]:0 [SgUp4]:0 [SgLow1]:173131 [SgLow2]:173694 [SgLow3]:0 [SgLow4]:0 [NetMuon1]:462901 [NetMuon2]:458685 [NetMuon3]:489965 [NetMuon4]:489965
[Run]:37546 [Site]:2 [Bin]:10114 [FullTime]:3590.17 [SkipTime]:0 [Veto1]:491.234 [Veto2]:513.007 [Veto3]:307.255 [Veto4]:307.255 [SgUp1]:173707 [SgUp2]:175551 [SgUp3]:0 [SgUp4]:0 [SgLow1]:173340 [SgLow2]:175147 [SgLow3]:0 [SgLow4]:0 [NetMuon1]:461976 [NetMuon2]:458771 [NetMuon3]:489399 [NetMuon4]:489399
[Run]:37546 [Site]:2 [Bin]:10115 [FullTime]:3590.17 [SkipTime]:0 [Veto1]:509.666 [Veto2]:507.502 [Veto3]:307.903 [Veto4]:307.903 [SgUp1]:172393 [SgUp2]:175785 [SgUp3]:0 [SgUp4]:0 [SgLow1]:172076 [SgLow2]:175404 [SgLow3]:0 [SgLow4]:0 [NetMuon1]:460365 [NetMuon2]:461025 [NetMuon3]:490640 [NetMuon4]:490640
[Run]:37546 [Site]:2 [Bin]:10116 [FullTime]:3590.17 [SkipTime]:0 [Veto1]:506.115 [Veto2]:498.513 [Veto3]:307.608 [Veto4]:307.608 [SgUp1]:173309 [SgUp2]:175700 [SgUp3]:0 [SgUp4]:0 [SgLow1]:172986 [SgLow2]:175331 [SgLow3]:0 [SgLow4]:0 [NetMuon1]:460157 [NetMuon2]:461585 [NetMuon3]:489968 [NetMuon4]:489968
[Run]:37546 [Site]:2 [Bin]:10117 [FullTime]:3590.17 [SkipTime]:0 [Veto1]:502.238 [Veto2]:495.145 [Veto3]:306.723 [Veto4]:306.723 [SgUp1]:172954 [SgUp2]:176164 [SgUp3]:0 [SgUp4]:0 [SgLow1]:172629 [SgLow2]:175770 [SgLow3]:0 [SgLow4]:0 [NetMuon1]:459781 [NetMuon2]:460682 [NetMuon3]:488848 [NetMuon4]:488848
[Run]:37546 [Site]:2 [Bin]:10118 [FullTime]:3590.17 [SkipTime]:0 [Veto1]:489.309 [Veto2]:499.432 [Veto3]:307.289 [Veto4]:307.289 [SgUp1]:174078 [SgUp2]:175089 [SgUp3]:0 [SgUp4]:0 [SgLow1]:173738 [SgLow2]:174733 [SgLow3]:0 [SgLow4]:0 [NetMuon1]:462606 [NetMuon2]:460762 [NetMuon3]:489559 [NetMuon4]:489559
[Run]:37546 [Site]:2 [Bin]:10119 [FullTime]:3590.17 [SkipTime]:0 [Veto1]:504.075 [Veto2]:497.671 [Veto3]:306.686 [Veto4]:306.686 [SgUp1]:173015 [SgUp2]:175438 [SgUp3]:0 [SgUp4]:0 [SgLow1]:172662 [SgLow2]:175026 [SgLow3]:0 [SgLow4]:0 [NetMuon1]:459031 [NetMuon2]:460428 [NetMuon3]:488580 [NetMuon4]:488580
[Run]:37546 [Site]:2 [Bin]:10120 [FullTime]:3590.17 [SkipTime]:0 [Veto1]:515.503 [Veto2]:486.968 [Veto3]:306.769 [Veto4]:306.769 [SgUp1]:172369 [SgUp2]:175471 [SgUp3]:0 [SgUp4]:0 [SgLow1]:172017 [SgLow2]:175106 [SgLow3]:0 [SgLow4]:0 [NetMuon1]:457363 [NetMuon2]:461610 [NetMuon3]:488734 [NetMuon4]:488734
[Run]:37546 [Site]:2 [Bin]:10121 [FullTime]:3590.17 [SkipTime]:0 [Veto1]:516.042 [Veto2]:504.337 [Veto3]:307.776 [Veto4]:307.776 [SgUp1]:171851 [SgUp2]:174994 [SgUp3]:0 [SgUp4]:0 [SgLow1]:171479 [SgLow2]:174568 [SgLow3]:0 [SgLow4]:0 [NetMuon1]:459313 [NetMuon2]:460937 [NetMuon3]:490400 [NetMuon4]:490400
[Run]:37546 [Site]:2 [Bin]:10122 [FullTime]:3590.17 [SkipTime]:0 [Veto1]:511.859 [Veto2]:516.883 [Veto3]:307.536 [Veto4]:307.536 [SgUp1]:172136 [SgUp2]:174231 [SgUp3]:0 [SgUp4]:0 [SgLow1]:171807 [SgLow2]:173863 [SgLow3]:0 [SgLow4]:0 [NetMuon1]:459279 [NetMuon2]:458518 [NetMuon3]:489924 [NetMuon4]:489924
[Run]:37546 [Site]:2 [Bin]:10123 [FullTime]:3590.17 [SkipTime]:0 [Veto1]:522.673 [Veto2]:497.278 [Veto3]:308.192 [Veto4]:308.192 [SgUp1]:172118 [SgUp2]:175091 [SgUp3]:0 [SgUp4]:0 [SgLow1]:171727 [SgLow2]:174718 [SgLow3]:0 [SgLow4]:0 [NetMuon1]:458843 [NetMuon2]:462861 [NetMuon3]:490987 [NetMuon4]:490987
[Run]:37546 [Site]:2 [Bin]:10124 [FullTime]:3590.17 [SkipTime]:0 [Veto1]:534.861 [Veto2]:503.468 [Veto3]:306.906 [Veto4]:306.906 [SgUp1]:171083 [SgUp2]:175449 [SgUp3]:0 [SgUp4]:0 [SgLow1]:170682 [SgLow2]:175072 [SgLow3]:0 [SgLow4]:0 [NetMuon1]:455432 [NetMuon2]:459805 [NetMuon3]:489008 [NetMuon4]:489008
[Run]:37546 [Site]:2 [Bin]:10125 [FullTime]:3590.17 [SkipTime]:0 [Veto1]:496.112 [Veto2]:489.558 [Veto3]:307.602 [Veto4]:307.602 [SgUp1]:174252 [SgUp2]:176420 [SgUp3]:0 [SgUp4]:0 [SgLow1]:173932 [SgLow2]:176047 [SgLow3]:0 [SgLow4]:0 [NetMuon1]:461900 [NetMuon2]:463119 [NetMuon3]:490108 [NetMuon4]:490108
[Run]:37546 [Site]:2 [Bin]:10126 [FullTime]:3590.17 [SkipTime]:0 [Veto1]:497.272 [Veto2]:500.139 [Veto3]:306.814 [Veto4]:306.814 [SgUp1]:173240 [SgUp2]:174390 [SgUp3]:0 [SgUp4]:0 [SgLow1]:172883 [SgLow2]:174042 [SgLow3]:0 [SgLow4]:0 [NetMuon1]:460656 [NetMuon2]:460166 [NetMuon3]:488703 [NetMuon4]:488703
[Run]:37546 [Site]:2 [Bin]:10127 [FullTime]:3590.17 [SkipTime]:0 [Veto1]:502.902 [Veto2]:500.625 [Veto3]:307.672 [Veto4]:307.672 [SgUp1]:173653 [SgUp2]:174360 [SgUp3]:0 [SgUp4]:0 [SgLow1]:173341 [SgLow2]:174004 [SgLow3]:0 [SgLow4]:0 [NetMuon1]:460542 [NetMuon2]:461098 [NetMuon3]:489963 [NetMuon4]:489963
[Run]:37546 [Site]:2 [Bin]:10128 [FullTime]:3590.17 [SkipTime]:0 [Veto1]:514.928 [Veto2]:511.763 [Veto3]:307.43 [Veto4]:307.43 [SgUp1]:172795 [SgUp2]:174479 [SgUp3]:0 [SgUp4]:0 [SgLow1]:172481 [SgLow2]:174114 [SgLow3]:0 [SgLow4]:0 [NetMuon1]:458935 [NetMuon2]:459083 [NetMuon3]:489755 [NetMuon4]:489755
[Run]:37546 [Site]:2 [Bin]:10129 [FullTime]:3590.17 [SkipTime]:0 [Veto1]:516.179 [Veto2]:505.059 [Veto3]:308.055 [Veto4]:308.055 [SgUp1]:173115 [SgUp2]:175892 [SgUp3]:0 [SgUp4]:0 [SgLow1]:172757 [SgLow2]:175509 [SgLow3]:0 [SgLow4]:0 [NetMuon1]:459696 [NetMuon2]:461309 [NetMuon3]:490793 [NetMuon4]:490793
[Run]:37546 [Site]:2 [Bin]:10130 [FullTime]:3590.17 [SkipTime]:0 [Veto1]:513.725 [Veto2]:521.024 [Veto3]:307.461 [Veto4]:307.461 [SgUp1]:171883 [SgUp2]:173930 [SgUp3]:0 [SgUp4]:0 [SgLow1]:171528 [SgLow2]:173513 [SgLow3]:0 [SgLow4]:0 [NetMuon1]:458655 [NetMuon2]:457430 [NetMuon3]:489632 [NetMuon4]:489632
[Run]:37546 [Site]:2 [Bin]:10131 [FullTime]:3590.17 [SkipTime]:0 [Veto1]:517.715 [Veto2]:495.65 [Veto3]:307.057 [Veto4]:307.057 [SgUp1]:172766 [SgUp2]:175465 [SgUp3]:0 [SgUp4]:0 [SgLow1]:172411 [SgLow2]:175082 [SgLow3]:0 [SgLow4]:0 [NetMuon1]:457902 [NetMuon2]:461280 [NetMuon3]:489216 [NetMuon4]:489216
[Run]:37546 [Site]:2 [Bin]:10132 [FullTime]:3590.17 [SkipTime]:0 [Veto1]:491.326 [Veto2]:523.313 [Veto3]:307.505 [Veto4]:307.505 [SgUp1]:172703 [SgUp2]:174374 [SgUp3]:0 [SgUp4]:0 [SgLow1]:172358 [SgLow2]:174037 [SgLow3]:0 [SgLow4]:0 [NetMuon1]:462622 [NetMuon2]:457906 [NetMuon3]:490180 [NetMuon4]:490180
[Run]:37546 [Site]:2 [Bin]:10133 [FullTime]:3590.17 [SkipTime]:0 [Veto1]:500.528 [Veto2]:477.934 [Veto3]:307.591 [Veto4]:307.591 [SgUp1]:172679 [SgUp2]:176026 [SgUp3]:0 [SgUp4]:0 [SgLow1]:172325 [SgLow2]:175686 [SgLow3]:0 [SgLow4]:0 [NetMuon1]:461147 [NetMuon2]:464527 [NetMuon3]:490034 [NetMuon4]:490034
[Run]:37546 [Site]:2 [Bin]:10134 [FullTime]:3590.17 [SkipTime]:0 [Veto1]:511.057 [Veto2]:490.367 [Veto3]:307.623 [Veto4]:307.623 [SgUp1]:172757 [SgUp2]:175828 [SgUp3]:0 [SgUp4]:0 [SgLow1]:172428 [SgLow2]:175436 [SgLow3]:0 [SgLow4]:0 [NetMuon1]:459780 [NetMuon2]:462735 [NetMuon3]:490050 [NetMuon4]:490050
[Run]:37546 [Site]:2 [Bin]:10135 [FullTime]:3590.18 [SkipTime]:0 [Veto1]:509.743 [Veto2]:521.391 [Veto3]:307.488 [Veto4]:307.488 [SgUp1]:172306 [SgUp2]:174092 [SgUp3]:0 [SgUp4]:0 [SgLow1]:171943 [SgLow2]:173681 [SgLow3]:0 [SgLow4]:0 [NetMuon1]:459786 [NetMuon2]:458389 [NetMuon3]:490008 [NetMuon4]:490008
[Run]:37546 [Site]:2 [Bin]:10136 [FullTime]:3590.17 [SkipTime]:0 [Veto1]:487.911 [Veto2]:498.744 [Veto3]:306.822 [Veto4]:306.822 [SgUp1]:173381 [SgUp2]:174444 [SgUp3]:0 [SgUp4]:0 [SgLow1]:173034 [SgLow2]:174104 [SgLow3]:0 [SgLow4]:0 [NetMuon1]:461897 [NetMuon2]:460554 [NetMuon3]:488922 [NetMuon4]:488922
[Run]:37546 [Site]:2 [Bin]:10137 [FullTime]:3590.17 [SkipTime]:0 [Veto1]:513.046 [Veto2]:498.237 [Veto3]:306.839 [Veto4]:306.839 [SgUp1]:172977 [SgUp2]:174807 [SgUp3]:0 [SgUp4]:0 [SgLow1]:172642 [SgLow2]:174445 [SgLow3]:0 [SgLow4]:0 [NetMuon1]:458254 [NetMuon2]:460078 [NetMuon3]:489013 [NetMuon4]:489013
[Run]:37546 [Site]:2 [Bin]:10138 [FullTime]:3590.17 [SkipTime]:0 [Veto1]:498.865 [Veto2]:491.586 [Veto3]:308.164 [Veto4]:308.164 [SgUp1]:173956 [SgUp2]:175309 [SgUp3]:0 [SgUp4]:0 [SgLow1]:173637 [SgLow2]:174988 [SgLow3]:0 [SgLow4]:0 [NetMuon1]:462186 [NetMuon2]:463294 [NetMuon3]:490778 [NetMuon4]:490778
[Run]:37546 [Site]:2 [Bin]:10139 [FullTime]:3590.17 [SkipTime]:0 [Veto1]:507.53 [Veto2]:509.608 [Veto3]:307.365 [Veto4]:307.365 [SgUp1]:172819 [SgUp2]:174466 [SgUp3]:0 [SgUp4]:0 [SgLow1]:172502 [SgLow2]:174091 [SgLow3]:0 [SgLow4]:0 [NetMuon1]:459505 [NetMuon2]:459508 [NetMuon3]:489549 [NetMuon4]:489549
[Run]:37546 [Site]:2 [Bin]:10140 [FullTime]:3590.17 [SkipTime]:0 [Veto1]:509.75 [Veto2]:480.514 [Veto3]:307.304 [Veto4]:307.304 [SgUp1]:172653 [SgUp2]:176318 [SgUp3]:0 [SgUp4]:0 [SgLow1]:172299 [SgLow2]:175974 [SgLow3]:0 [SgLow4]:0 [NetMuon1]:459117 [NetMuon2]:463627 [NetMuon3]:489390 [NetMuon4]:489390
[Run]:37546 [Site]:2 [Bin]:10141 [FullTime]:3590.17 [SkipTime]:0 [Veto1]:497.579 [Veto2]:516.653 [Veto3]:307.116 [Veto4]:307.116 [SgUp1]:173432 [SgUp2]:174465 [SgUp3]:0 [SgUp4]:0 [SgLow1]:173036 [SgLow2]:174076 [SgLow3]:0 [SgLow4]:0 [NetMuon1]:460775 [NetMuon2]:457956 [NetMuon3]:489185 [NetMuon4]:489185
[Run]:37546 [Site]:2 [Bin]:10142 [FullTime]:3590.17 [SkipTime]:0 [Veto1]:524.217 [Veto2]:508.169 [Veto3]:308.064 [Veto4]:308.064 [SgUp1]:171960 [SgUp2]:174864 [SgUp3]:0 [SgUp4]:0 [SgLow1]:171611 [SgLow2]:174500 [SgLow3]:0 [SgLow4]:0 [NetMuon1]:458543 [NetMuon2]:460730 [NetMuon3]:490674 [NetMuon4]:490674
[Run]:37546 [Site]:2 [Bin]:10143 [FullTime]:3590.17 [SkipTime]:0 [Veto1]:506.812 [Veto2]:493.531 [Veto3]:307.302 [Veto4]:307.302 [SgUp1]:173089 [SgUp2]:175892 [SgUp3]:0 [SgUp4]:0 [SgLow1]:172740 [SgLow2]:175520 [SgLow3]:0 [SgLow4]:0 [NetMuon1]:459903 [NetMuon2]:461907 [NetMuon3]:489627 [NetMuon4]:489627
[Run]:37546 [Site]:2 [Bin]:10144 [FullTime]:3590.17 [SkipTime]:0 [Veto1]:505.192 [Veto2]:497.238 [Veto3]:307.41 [Veto4]:307.41 [SgUp1]:173277 [SgUp2]:174937 [SgUp3]:0 [SgUp4]:0 [SgLow1]:172931 [SgLow2]:174560 [SgLow3]:0 [SgLow4]:0 [NetMuon1]:459999 [NetMuon2]:461620 [NetMuon3]:489726 [NetMuon4]:489726
[Run]:37546 [Site]:2 [Bin]:10145 [FullTime]:3590.17 [SkipTime]:0 [Veto1]:511.396 [Veto2]:525.952 [Veto3]:306.942 [Veto4]:306.942 [SgUp1]:172462 [SgUp2]:173610 [SgUp3]:0 [SgUp4]:0 [SgLow1]:172128 [SgLow2]:173224 [SgLow3]:0 [SgLow4]:0 [NetMuon1]:458809 [NetMuon2]:456590 [NetMuon3]:489075 [NetMuon4]:489075
[Run]:37546 [Site]:2 [Bin]:10146 [FullTime]:3590.17 [SkipTime]:0 [Veto1]:509.271 [Veto2]:488.466 [Veto3]:306.824 [Veto4]:306.824 [SgUp1]:172896 [SgUp2]:175342 [SgUp3]:0 [SgUp4]:0 [SgLow1]:172573 [SgLow2]:174986 [SgLow3]:0 [SgLow4]:0 [NetMuon1]:459080 [NetMuon2]:461545 [NetMuon3]:488964 [NetMuon4]:488964
[Run]:37546 [Site]:2 [Bin]:10147 [FullTime]:3590.17 [SkipTime]:0 [Veto1]:497.846 [Veto2]:529.731 [Veto3]:307.962 [Veto4]:307.962 [SgUp1]:172952 [SgUp2]:174380 [SgUp3]:0 [SgUp4]:0 [SgLow1]:172594 [SgLow2]:174035 [SgLow3]:0 [SgLow4]:0 [NetMuon1]:462491 [NetMuon2]:457666 [NetMuon3]:490657 [NetMuon4]:490657
[Run]:37546 [Site]:2 [Bin]:10148 [FullTime]:3590.17 [SkipTime]:0 [Veto1]:522.302 [Veto2]:495.935 [Veto3]:307.143 [Veto4]:307.143 [SgUp1]:172675 [SgUp2]:176329 [SgUp3]:0 [SgUp4]:0 [SgLow1]:172297 [SgLow2]:175960 [SgLow3]:0 [SgLow4]:0 [NetMuon1]:457119 [NetMuon2]:461162 [NetMuon3]:489223 [NetMuon4]:489223
[Run]:37546 [Site]:2 [Bin]:10149 [FullTime]:3590.17 [SkipTime]:0 [Veto1]:510.473 [Veto2]:507.596 [Veto3]:308.188 [Veto4]:308.188 [SgUp1]:172330 [SgUp2]:174887 [SgUp3]:0 [SgUp4]:0 [SgLow1]:171957 [SgLow2]:174569 [SgLow3]:0 [SgLow4]:0 [NetMuon1]:460713 [NetMuon2]:461377 [NetMuon3]:490920 [NetMuon4]:490920
[Run]:37546 [Site]:2 [Bin]:10150 [FullTime]:3590.17 [SkipTime]:0 [Veto1]:502.589 [Veto2]:501.055 [Veto3]:306.928 [Veto4]:306.928 [SgUp1]:172637 [SgUp2]:175119 [SgUp3]:0 [SgUp4]:0 [SgLow1]:172255 [SgLow2]:174738 [SgLow3]:0 [SgLow4]:0 [NetMuon1]:459695 [NetMuon2]:460031 [NetMuon3]:489052 [NetMuon4]:489052
[Run]:37546 [Site]:2 [Bin]:10151 [FullTime]:3590.17 [SkipTime]:0 [Veto1]:488.47 [Veto2]:500.909 [Veto3]:307.704 [Veto4]:307.704 [SgUp1]:174628 [SgUp2]:174887 [SgUp3]:0 [SgUp4]:0 [SgLow1]:174270 [SgLow2]:174472 [SgLow3]:0 [SgLow4]:0 [NetMuon1]:463204 [NetMuon2]:461254 [NetMuon3]:490208 [NetMuon4]:490208
[Run]:37546 [Site]:2 [Bin]:10152 [FullTime]:3590.17 [SkipTime]:0 [Veto1]:508.486 [Veto2]:505.045 [Veto3]:307.528 [Veto4]:307.528 [SgUp1]:172669 [SgUp2]:175299 [SgUp3]:0 [SgUp4]:0 [SgLow1]:172334 [SgLow2]:174865 [SgLow3]:0 [SgLow4]:0 [NetMuon1]:459924 [NetMuon2]:460375 [NetMuon3]:489876 [NetMuon4]:489876
[Run]:37546 [Site]:2 [Bin]:10153 [FullTime]:3590.17 [SkipTime]:0 [Veto1]:512.354 [Veto2]:510.052 [Veto3]:307.382 [Veto4]:307.382 [SgUp1]:172500 [SgUp2]:175021 [SgUp3]:0 [SgUp4]:0 [SgLow1]:172158 [SgLow2]:174629 [SgLow3]:0 [SgLow4]:0 [NetMuon1]:459235 [NetMuon2]:459650 [NetMuon3]:489629 [NetMuon4]:489629
[Run]:37546 [Site]:2 [Bin]:10154 [FullTime]:3590.17 [SkipTime]:0 [Veto1]:519.864 [Veto2]:501.357 [Veto3]:307.252 [Veto4]:307.252 [SgUp1]:172616 [SgUp2]:175454 [SgUp3]:0 [SgUp4]:0 [SgLow1]:172301 [SgLow2]:175075 [SgLow3]:0 [SgLow4]:0 [NetMuon1]:457752 [NetMuon2]:460495 [NetMuon3]:489514 [NetMuon4]:489514
[Run]:37546 [Site]:2 [Bin]:10155 [FullTime]:3590.17 [SkipTime]:0 [Veto1]:517.619 [Veto2]:519.566 [Veto3]:307.594 [Veto4]:307.594 [SgUp1]:172958 [SgUp2]:174280 [SgUp3]:0 [SgUp4]:0 [SgLow1]:172586 [SgLow2]:173890 [SgLow3]:0 [SgLow4]:0 [NetMuon1]:458659 [NetMuon2]:458454 [NetMuon3]:490136 [NetMuon4]:490136
[Run]:37546 [Site]:2 [Bin]:10156 [FullTime]:3590.17 [SkipTime]:0 [Veto1]:474.764 [Veto2]:476.238 [Veto3]:306.715 [Veto4]:306.715 [SgUp1]:175908 [SgUp2]:176964 [SgUp3]:0 [SgUp4]:0 [SgLow1]:175569 [SgLow2]:176574 [SgLow3]:0 [SgLow4]:0 [NetMuon1]:463691 [NetMuon2]:463402 [NetMuon3]:488637 [NetMuon4]:488637
End process Run: 37546 ... 
[Run]:37546 [Site]:2 [Bin]:10157 [FullTime]:2451.83 [SkipTime]:0 [Veto1]:350.347 [Veto2]:341.108 [Veto3]:209.875 [Veto4]:209.875
