StreamChain add 0x18e577e0
Start to process run: 38552 ... 
[Run]:38552 [Site]:2 [Bin]:11505 [FullTime]:2097.23 [SkipTime]:0 [Veto1]:290.239 [Veto2]:306.326 [Veto3]:180.42 [Veto4]:180.42 [SgUp1]:101142 [SgUp2]:101036 [SgUp3]:0 [SgUp4]:0 [SgLow1]:100931 [SgLow2]:100796 [SgLow3]:0 [SgLow4]:0 [NetMuon1]:270565 [NetMuon2]:268466 [NetMuon3]:287269 [NetMuon4]:287269
[Run]:38552 [Site]:2 [Bin]:11506 [FullTime]:3590.17 [SkipTime]:0 [Veto1]:495.939 [Veto2]:509.182 [Veto3]:308.79 [Veto4]:308.79 [SgUp1]:173206 [SgUp2]:173668 [SgUp3]:0 [SgUp4]:0 [SgLow1]:172864 [SgLow2]:173300 [SgLow3]:0 [SgLow4]:0 [NetMuon1]:463527 [NetMuon2]:461814 [NetMuon3]:491714 [NetMuon4]:491714
[Run]:38552 [Site]:2 [Bin]:11507 [FullTime]:3590.17 [SkipTime]:0 [Veto1]:493.165 [Veto2]:513.508 [Veto3]:309.247 [Veto4]:309.247 [SgUp1]:173709 [SgUp2]:173119 [SgUp3]:0 [SgUp4]:0 [SgLow1]:173429 [SgLow2]:172734 [SgLow3]:0 [SgLow4]:0 [NetMuon1]:464951 [NetMuon2]:461502 [NetMuon3]:492403 [NetMuon4]:492403
[Run]:38552 [Site]:2 [Bin]:11508 [FullTime]:3590.17 [SkipTime]:0 [Veto1]:510.351 [Veto2]:514.279 [Veto3]:308.464 [Veto4]:308.464 [SgUp1]:172402 [SgUp2]:173330 [SgUp3]:0 [SgUp4]:0 [SgLow1]:172037 [SgLow2]:172895 [SgLow3]:0 [SgLow4]:0 [NetMuon1]:461127 [NetMuon2]:460448 [NetMuon3]:491335 [NetMuon4]:491335
[Run]:38552 [Site]:2 [Bin]:11509 [FullTime]:3590.18 [SkipTime]:0 [Veto1]:494.748 [Veto2]:515.196 [Veto3]:308.489 [Veto4]:308.489 [SgUp1]:173894 [SgUp2]:173079 [SgUp3]:0 [SgUp4]:0 [SgLow1]:173487 [SgLow2]:172699 [SgLow3]:0 [SgLow4]:0 [NetMuon1]:463873 [NetMuon2]:460347 [NetMuon3]:491533 [NetMuon4]:491533
[Run]:38552 [Site]:2 [Bin]:11510 [FullTime]:3590.16 [SkipTime]:0 [Veto1]:491.879 [Veto2]:508.506 [Veto3]:308.655 [Veto4]:308.655 [SgUp1]:173459 [SgUp2]:173699 [SgUp3]:0 [SgUp4]:0 [SgLow1]:173116 [SgLow2]:173292 [SgLow3]:0 [SgLow4]:0 [NetMuon1]:464469 [NetMuon2]:461924 [NetMuon3]:491769 [NetMuon4]:491769
[Run]:38552 [Site]:2 [Bin]:11511 [FullTime]:3590.17 [SkipTime]:0 [Veto1]:529.429 [Veto2]:494.232 [Veto3]:308.954 [Veto4]:308.954 [SgUp1]:171069 [SgUp2]:174682 [SgUp3]:0 [SgUp4]:0 [SgLow1]:170701 [SgLow2]:174291 [SgLow3]:0 [SgLow4]:0 [NetMuon1]:458775 [NetMuon2]:464283 [NetMuon3]:491875 [NetMuon4]:491875
[Run]:38552 [Site]:2 [Bin]:11512 [FullTime]:3590.17 [SkipTime]:0 [Veto1]:515.781 [Veto2]:510.661 [Veto3]:308.697 [Veto4]:308.697 [SgUp1]:173009 [SgUp2]:173309 [SgUp3]:0 [SgUp4]:0 [SgLow1]:172602 [SgLow2]:172957 [SgLow3]:0 [SgLow4]:0 [NetMuon1]:460795 [NetMuon2]:461537 [NetMuon3]:491786 [NetMuon4]:491786
[Run]:38552 [Site]:2 [Bin]:11513 [FullTime]:3590.17 [SkipTime]:0 [Veto1]:516.971 [Veto2]:514.821 [Veto3]:308.306 [Veto4]:308.306 [SgUp1]:172027 [SgUp2]:174179 [SgUp3]:0 [SgUp4]:0 [SgLow1]:171629 [SgLow2]:173772 [SgLow3]:0 [SgLow4]:0 [NetMuon1]:459900 [NetMuon2]:460417 [NetMuon3]:491239 [NetMuon4]:491239
[Run]:38552 [Site]:2 [Bin]:11514 [FullTime]:3590.17 [SkipTime]:0 [Veto1]:539.029 [Veto2]:514.423 [Veto3]:308.34 [Veto4]:308.34 [SgUp1]:170704 [SgUp2]:173219 [SgUp3]:0 [SgUp4]:0 [SgLow1]:170328 [SgLow2]:172848 [SgLow3]:0 [SgLow4]:0 [NetMuon1]:456762 [NetMuon2]:460053 [NetMuon3]:491034 [NetMuon4]:491034
[Run]:38552 [Site]:2 [Bin]:11515 [FullTime]:3590.17 [SkipTime]:0 [Veto1]:504.903 [Veto2]:515.699 [Veto3]:307.961 [Veto4]:307.961 [SgUp1]:173206 [SgUp2]:174464 [SgUp3]:0 [SgUp4]:0 [SgLow1]:172731 [SgLow2]:174061 [SgLow3]:0 [SgLow4]:0 [NetMuon1]:461323 [NetMuon2]:459342 [NetMuon3]:490469 [NetMuon4]:490469
[Run]:38552 [Site]:2 [Bin]:11516 [FullTime]:3590.17 [SkipTime]:0 [Veto1]:505.701 [Veto2]:514.18 [Veto3]:308.721 [Veto4]:308.721 [SgUp1]:173755 [SgUp2]:173615 [SgUp3]:0 [SgUp4]:0 [SgLow1]:173390 [SgLow2]:173209 [SgLow3]:0 [SgLow4]:0 [NetMuon1]:462349 [NetMuon2]:461007 [NetMuon3]:491839 [NetMuon4]:491839
[Run]:38552 [Site]:2 [Bin]:11517 [FullTime]:3590.17 [SkipTime]:0 [Veto1]:502.016 [Veto2]:502.112 [Veto3]:308.523 [Veto4]:308.523 [SgUp1]:173675 [SgUp2]:173930 [SgUp3]:0 [SgUp4]:0 [SgLow1]:173308 [SgLow2]:173545 [SgLow3]:0 [SgLow4]:0 [NetMuon1]:462563 [NetMuon2]:462068 [NetMuon3]:491294 [NetMuon4]:491294
[Run]:38552 [Site]:2 [Bin]:11518 [FullTime]:3590.17 [SkipTime]:0 [Veto1]:497.032 [Veto2]:511.455 [Veto3]:307.542 [Veto4]:307.542 [SgUp1]:173850 [SgUp2]:173272 [SgUp3]:0 [SgUp4]:0 [SgLow1]:173466 [SgLow2]:172872 [SgLow3]:0 [SgLow4]:0 [NetMuon1]:461407 [NetMuon2]:459521 [NetMuon3]:489867 [NetMuon4]:489867
[Run]:38552 [Site]:2 [Bin]:11519 [FullTime]:3590.17 [SkipTime]:0 [Veto1]:506.576 [Veto2]:525.187 [Veto3]:308.055 [Veto4]:308.055 [SgUp1]:173656 [SgUp2]:173188 [SgUp3]:0 [SgUp4]:0 [SgLow1]:173276 [SgLow2]:172778 [SgLow3]:0 [SgLow4]:0 [NetMuon1]:460851 [NetMuon2]:457664 [NetMuon3]:490699 [NetMuon4]:490699
[Run]:38552 [Site]:2 [Bin]:11520 [FullTime]:3590.17 [SkipTime]:0 [Veto1]:513.924 [Veto2]:517.227 [Veto3]:308.17 [Veto4]:308.17 [SgUp1]:173238 [SgUp2]:173058 [SgUp3]:0 [SgUp4]:0 [SgLow1]:172894 [SgLow2]:172663 [SgLow3]:0 [SgLow4]:0 [NetMuon1]:460075 [NetMuon2]:459637 [NetMuon3]:490852 [NetMuon4]:490852
[Run]:38552 [Site]:2 [Bin]:11521 [FullTime]:3590.17 [SkipTime]:0 [Veto1]:503.139 [Veto2]:508.654 [Veto3]:307.676 [Veto4]:307.676 [SgUp1]:173503 [SgUp2]:174156 [SgUp3]:0 [SgUp4]:0 [SgLow1]:173176 [SgLow2]:173745 [SgLow3]:0 [SgLow4]:0 [NetMuon1]:460845 [NetMuon2]:460053 [NetMuon3]:490157 [NetMuon4]:490157
[Run]:38552 [Site]:2 [Bin]:11522 [FullTime]:3590.17 [SkipTime]:0 [Veto1]:516.684 [Veto2]:504.808 [Veto3]:308.067 [Veto4]:308.067 [SgUp1]:172369 [SgUp2]:174439 [SgUp3]:0 [SgUp4]:0 [SgLow1]:172012 [SgLow2]:174014 [SgLow3]:0 [SgLow4]:0 [NetMuon1]:459373 [NetMuon2]:461193 [NetMuon3]:490644 [NetMuon4]:490644
[Run]:38552 [Site]:2 [Bin]:11523 [FullTime]:3590.17 [SkipTime]:0 [Veto1]:499.32 [Veto2]:495.469 [Veto3]:308.265 [Veto4]:308.265 [SgUp1]:173279 [SgUp2]:174973 [SgUp3]:0 [SgUp4]:0 [SgLow1]:172955 [SgLow2]:174575 [SgLow3]:0 [SgLow4]:0 [NetMuon1]:462355 [NetMuon2]:462831 [NetMuon3]:490982 [NetMuon4]:490982
[Run]:38552 [Site]:2 [Bin]:11524 [FullTime]:3590.17 [SkipTime]:0 [Veto1]:519.067 [Veto2]:504.27 [Veto3]:307.68 [Veto4]:307.68 [SgUp1]:172832 [SgUp2]:173695 [SgUp3]:0 [SgUp4]:0 [SgLow1]:172452 [SgLow2]:173291 [SgLow3]:0 [SgLow4]:0 [NetMuon1]:458565 [NetMuon2]:460839 [NetMuon3]:490090 [NetMuon4]:490090
[Run]:38552 [Site]:2 [Bin]:11525 [FullTime]:3590.17 [SkipTime]:0 [Veto1]:518.807 [Veto2]:483.519 [Veto3]:308.969 [Veto4]:308.969 [SgUp1]:172632 [SgUp2]:175007 [SgUp3]:0 [SgUp4]:0 [SgLow1]:172235 [SgLow2]:174628 [SgLow3]:0 [SgLow4]:0 [NetMuon1]:460223 [NetMuon2]:465578 [NetMuon3]:491763 [NetMuon4]:491763
[Run]:38552 [Site]:2 [Bin]:11526 [FullTime]:3590.17 [SkipTime]:0 [Veto1]:512.837 [Veto2]:525.124 [Veto3]:309.106 [Veto4]:309.106 [SgUp1]:173354 [SgUp2]:173275 [SgUp3]:0 [SgUp4]:0 [SgLow1]:172990 [SgLow2]:172893 [SgLow3]:0 [SgLow4]:0 [NetMuon1]:461632 [NetMuon2]:459959 [NetMuon3]:492242 [NetMuon4]:492242
[Run]:38552 [Site]:2 [Bin]:11527 [FullTime]:3590.17 [SkipTime]:0 [Veto1]:499.618 [Veto2]:499.912 [Veto3]:308.198 [Veto4]:308.198 [SgUp1]:173110 [SgUp2]:173710 [SgUp3]:0 [SgUp4]:0 [SgLow1]:172766 [SgLow2]:173337 [SgLow3]:0 [SgLow4]:0 [NetMuon1]:461885 [NetMuon2]:462023 [NetMuon3]:490670 [NetMuon4]:490670
[Run]:38552 [Site]:2 [Bin]:11528 [FullTime]:3590.17 [SkipTime]:0 [Veto1]:509.311 [Veto2]:485.475 [Veto3]:308.552 [Veto4]:308.552 [SgUp1]:172777 [SgUp2]:176013 [SgUp3]:0 [SgUp4]:0 [SgLow1]:172416 [SgLow2]:175640 [SgLow3]:0 [SgLow4]:0 [NetMuon1]:461342 [NetMuon2]:465219 [NetMuon3]:491388 [NetMuon4]:491388
[Run]:38552 [Site]:2 [Bin]:11529 [FullTime]:3590.17 [SkipTime]:0 [Veto1]:503.815 [Veto2]:515.369 [Veto3]:308.403 [Veto4]:308.403 [SgUp1]:173421 [SgUp2]:172939 [SgUp3]:0 [SgUp4]:0 [SgLow1]:173075 [SgLow2]:172553 [SgLow3]:0 [SgLow4]:0 [NetMuon1]:461596 [NetMuon2]:459994 [NetMuon3]:491155 [NetMuon4]:491155
[Run]:38552 [Site]:2 [Bin]:11530 [FullTime]:3590.17 [SkipTime]:0 [Veto1]:496.947 [Veto2]:506.662 [Veto3]:308.732 [Veto4]:308.732 [SgUp1]:173671 [SgUp2]:174133 [SgUp3]:0 [SgUp4]:0 [SgLow1]:173316 [SgLow2]:173728 [SgLow3]:0 [SgLow4]:0 [NetMuon1]:463570 [NetMuon2]:462046 [NetMuon3]:491609 [NetMuon4]:491609
[Run]:38552 [Site]:2 [Bin]:11531 [FullTime]:3590.17 [SkipTime]:0 [Veto1]:507.081 [Veto2]:505.127 [Veto3]:307.932 [Veto4]:307.932 [SgUp1]:173613 [SgUp2]:174324 [SgUp3]:0 [SgUp4]:0 [SgLow1]:173273 [SgLow2]:173933 [SgLow3]:0 [SgLow4]:0 [NetMuon1]:460922 [NetMuon2]:461062 [NetMuon3]:490597 [NetMuon4]:490597
[Run]:38552 [Site]:2 [Bin]:11532 [FullTime]:3590.17 [SkipTime]:0 [Veto1]:493.366 [Veto2]:515.335 [Veto3]:307.873 [Veto4]:307.873 [SgUp1]:173253 [SgUp2]:174040 [SgUp3]:0 [SgUp4]:0 [SgLow1]:172868 [SgLow2]:173644 [SgLow3]:0 [SgLow4]:0 [NetMuon1]:462718 [NetMuon2]:459393 [NetMuon3]:490407 [NetMuon4]:490407
[Run]:38552 [Site]:2 [Bin]:11533 [FullTime]:3590.17 [SkipTime]:0 [Veto1]:533.22 [Veto2]:521.806 [Veto3]:308.989 [Veto4]:308.989 [SgUp1]:171085 [SgUp2]:174208 [SgUp3]:0 [SgUp4]:0 [SgLow1]:170754 [SgLow2]:173755 [SgLow3]:0 [SgLow4]:0 [NetMuon1]:458519 [NetMuon2]:460313 [NetMuon3]:492220 [NetMuon4]:492220
[Run]:38552 [Site]:2 [Bin]:11534 [FullTime]:3590.18 [SkipTime]:0 [Veto1]:516.36 [Veto2]:505.172 [Veto3]:308.504 [Veto4]:308.504 [SgUp1]:172521 [SgUp2]:173890 [SgUp3]:0 [SgUp4]:0 [SgLow1]:172168 [SgLow2]:173521 [SgLow3]:0 [SgLow4]:0 [NetMuon1]:460584 [NetMuon2]:461894 [NetMuon3]:491441 [NetMuon4]:491441
[Run]:38552 [Site]:2 [Bin]:11535 [FullTime]:3590.17 [SkipTime]:0 [Veto1]:504.516 [Veto2]:505.144 [Veto3]:307.78 [Veto4]:307.78 [SgUp1]:173019 [SgUp2]:173267 [SgUp3]:0 [SgUp4]:0 [SgLow1]:172619 [SgLow2]:172874 [SgLow3]:0 [SgLow4]:0 [NetMuon1]:461018 [NetMuon2]:460527 [NetMuon3]:490304 [NetMuon4]:490304
[Run]:38552 [Site]:2 [Bin]:11536 [FullTime]:3590.17 [SkipTime]:0 [Veto1]:512.427 [Veto2]:484.914 [Veto3]:308.849 [Veto4]:308.849 [SgUp1]:173163 [SgUp2]:175800 [SgUp3]:0 [SgUp4]:0 [SgLow1]:172778 [SgLow2]:175411 [SgLow3]:0 [SgLow4]:0 [NetMuon1]:461653 [NetMuon2]:465383 [NetMuon3]:491998 [NetMuon4]:491998
[Run]:38552 [Site]:2 [Bin]:11537 [FullTime]:3590.17 [SkipTime]:0 [Veto1]:515.042 [Veto2]:515.011 [Veto3]:307.933 [Veto4]:307.933 [SgUp1]:172329 [SgUp2]:174165 [SgUp3]:0 [SgUp4]:0 [SgLow1]:171998 [SgLow2]:173743 [SgLow3]:0 [SgLow4]:0 [NetMuon1]:459823 [NetMuon2]:459570 [NetMuon3]:490626 [NetMuon4]:490626
[Run]:38552 [Site]:2 [Bin]:11538 [FullTime]:3590.18 [SkipTime]:0 [Veto1]:506.572 [Veto2]:507.389 [Veto3]:308.522 [Veto4]:308.522 [SgUp1]:172531 [SgUp2]:173774 [SgUp3]:0 [SgUp4]:0 [SgLow1]:172166 [SgLow2]:173369 [SgLow3]:0 [SgLow4]:0 [NetMuon1]:461873 [NetMuon2]:461666 [NetMuon3]:491496 [NetMuon4]:491496
[Run]:38552 [Site]:2 [Bin]:11539 [FullTime]:3590.17 [SkipTime]:0 [Veto1]:491.216 [Veto2]:477.01 [Veto3]:308.081 [Veto4]:308.081 [SgUp1]:173958 [SgUp2]:175796 [SgUp3]:0 [SgUp4]:0 [SgLow1]:173586 [SgLow2]:175368 [SgLow3]:0 [SgLow4]:0 [NetMuon1]:463513 [NetMuon2]:465469 [NetMuon3]:490782 [NetMuon4]:490782
[Run]:38552 [Site]:2 [Bin]:11540 [FullTime]:3590.17 [SkipTime]:0 [Veto1]:498.294 [Veto2]:504.83 [Veto3]:308.948 [Veto4]:308.948 [SgUp1]:173426 [SgUp2]:173794 [SgUp3]:0 [SgUp4]:0 [SgLow1]:173031 [SgLow2]:173381 [SgLow3]:0 [SgLow4]:0 [NetMuon1]:463621 [NetMuon2]:462380 [NetMuon3]:491980 [NetMuon4]:491980
[Run]:38552 [Site]:2 [Bin]:11541 [FullTime]:3590.17 [SkipTime]:0 [Veto1]:509.344 [Veto2]:510.893 [Veto3]:308.02 [Veto4]:308.02 [SgUp1]:173517 [SgUp2]:173857 [SgUp3]:0 [SgUp4]:0 [SgLow1]:173134 [SgLow2]:173475 [SgLow3]:0 [SgLow4]:0 [NetMuon1]:460330 [NetMuon2]:459885 [NetMuon3]:490533 [NetMuon4]:490533
[Run]:38552 [Site]:2 [Bin]:11542 [FullTime]:3590.17 [SkipTime]:0 [Veto1]:487.858 [Veto2]:518.772 [Veto3]:307.587 [Veto4]:307.587 [SgUp1]:173638 [SgUp2]:173822 [SgUp3]:0 [SgUp4]:0 [SgLow1]:173252 [SgLow2]:173423 [SgLow3]:0 [SgLow4]:0 [NetMuon1]:462818 [NetMuon2]:458651 [NetMuon3]:489881 [NetMuon4]:489881
[Run]:38552 [Site]:2 [Bin]:11543 [FullTime]:3590.17 [SkipTime]:0 [Veto1]:492.383 [Veto2]:511.952 [Veto3]:308.469 [Veto4]:308.469 [SgUp1]:174575 [SgUp2]:172951 [SgUp3]:0 [SgUp4]:0 [SgLow1]:174226 [SgLow2]:172562 [SgLow3]:0 [SgLow4]:0 [NetMuon1]:463707 [NetMuon2]:461395 [NetMuon3]:491301 [NetMuon4]:491301
[Run]:38552 [Site]:2 [Bin]:11544 [FullTime]:3590.17 [SkipTime]:0 [Veto1]:527.49 [Veto2]:522.079 [Veto3]:309.081 [Veto4]:309.081 [SgUp1]:171933 [SgUp2]:172869 [SgUp3]:0 [SgUp4]:0 [SgLow1]:171589 [SgLow2]:172522 [SgLow3]:0 [SgLow4]:0 [NetMuon1]:459346 [NetMuon2]:460214 [NetMuon3]:492212 [NetMuon4]:492212
[Run]:38552 [Site]:2 [Bin]:11545 [FullTime]:3590.17 [SkipTime]:0 [Veto1]:484.543 [Veto2]:531.794 [Veto3]:308.314 [Veto4]:308.314 [SgUp1]:173650 [SgUp2]:172075 [SgUp3]:0 [SgUp4]:0 [SgLow1]:173235 [SgLow2]:171716 [SgLow3]:0 [SgLow4]:0 [NetMuon1]:464707 [NetMuon2]:457657 [NetMuon3]:491061 [NetMuon4]:491061
[Run]:38552 [Site]:2 [Bin]:11546 [FullTime]:3590.17 [SkipTime]:0 [Veto1]:523.871 [Veto2]:493.262 [Veto3]:309.587 [Veto4]:309.587 [SgUp1]:171973 [SgUp2]:175383 [SgUp3]:0 [SgUp4]:0 [SgLow1]:171596 [SgLow2]:174959 [SgLow3]:0 [SgLow4]:0 [NetMuon1]:460703 [NetMuon2]:465229 [NetMuon3]:493183 [NetMuon4]:493183
[Run]:38552 [Site]:2 [Bin]:11547 [FullTime]:3590.17 [SkipTime]:0 [Veto1]:514.228 [Veto2]:519.116 [Veto3]:308.955 [Veto4]:308.955 [SgUp1]:171607 [SgUp2]:172188 [SgUp3]:0 [SgUp4]:0 [SgLow1]:171271 [SgLow2]:171773 [SgLow3]:0 [SgLow4]:0 [NetMuon1]:461121 [NetMuon2]:460494 [NetMuon3]:491912 [NetMuon4]:491912
[Run]:38552 [Site]:2 [Bin]:11548 [FullTime]:3590.18 [SkipTime]:0 [Veto1]:519.778 [Veto2]:512.631 [Veto3]:308.868 [Veto4]:308.868 [SgUp1]:172300 [SgUp2]:173443 [SgUp3]:0 [SgUp4]:0 [SgLow1]:171945 [SgLow2]:173061 [SgLow3]:0 [SgLow4]:0 [NetMuon1]:459832 [NetMuon2]:461194 [NetMuon3]:491843 [NetMuon4]:491843
[Run]:38552 [Site]:2 [Bin]:11549 [FullTime]:3590.16 [SkipTime]:0 [Veto1]:517.919 [Veto2]:514.122 [Veto3]:309.182 [Veto4]:309.182 [SgUp1]:171279 [SgUp2]:173829 [SgUp3]:0 [SgUp4]:0 [SgLow1]:170914 [SgLow2]:173345 [SgLow3]:0 [SgLow4]:0 [NetMuon1]:460841 [NetMuon2]:461582 [NetMuon3]:492520 [NetMuon4]:492520
[Run]:38552 [Site]:2 [Bin]:11550 [FullTime]:3590.17 [SkipTime]:0 [Veto1]:509.464 [Veto2]:489.513 [Veto3]:308.369 [Veto4]:308.369 [SgUp1]:172840 [SgUp2]:174987 [SgUp3]:0 [SgUp4]:0 [SgLow1]:172469 [SgLow2]:174576 [SgLow3]:0 [SgLow4]:0 [NetMuon1]:460684 [NetMuon2]:463848 [NetMuon3]:490977 [NetMuon4]:490977
[Run]:38552 [Site]:2 [Bin]:11551 [FullTime]:3590.17 [SkipTime]:0 [Veto1]:538.862 [Veto2]:492.687 [Veto3]:309.083 [Veto4]:309.083 [SgUp1]:169969 [SgUp2]:175017 [SgUp3]:0 [SgUp4]:0 [SgLow1]:169635 [SgLow2]:174635 [SgLow3]:0 [SgLow4]:0 [NetMuon1]:457414 [NetMuon2]:464963 [NetMuon3]:492142 [NetMuon4]:492142
[Run]:38552 [Site]:2 [Bin]:11552 [FullTime]:3590.17 [SkipTime]:0 [Veto1]:491.624 [Veto2]:510.098 [Veto3]:308.775 [Veto4]:308.775 [SgUp1]:173624 [SgUp2]:173687 [SgUp3]:0 [SgUp4]:0 [SgLow1]:173151 [SgLow2]:173358 [SgLow3]:0 [SgLow4]:0 [NetMuon1]:464220 [NetMuon2]:461711 [NetMuon3]:491836 [NetMuon4]:491836
[Run]:38552 [Site]:2 [Bin]:11553 [FullTime]:3590.17 [SkipTime]:0 [Veto1]:502.712 [Veto2]:520.554 [Veto3]:308.945 [Veto4]:308.945 [SgUp1]:172151 [SgUp2]:173549 [SgUp3]:0 [SgUp4]:0 [SgLow1]:171823 [SgLow2]:173129 [SgLow3]:0 [SgLow4]:0 [NetMuon1]:462878 [NetMuon2]:460126 [NetMuon3]:491913 [NetMuon4]:491913
End process Run: 38552 ... 
[Run]:38552 [Site]:2 [Bin]:11554 [FullTime]:269.594 [SkipTime]:0 [Veto1]:37.9562 [Veto2]:32.8827 [Veto3]:23.1597 [Veto4]:23.1597
