StreamChain add 0x8c997e0
Start to process run: 38894 ... 
[Run]:38894 [Site]:2 [Bin]:11842 [FullTime]:600.724 [SkipTime]:0 [Veto1]:87.3769 [Veto2]:87.7232 [Veto3]:51.7952 [Veto4]:51.7952 [SgUp1]:28571 [SgUp2]:29063 [SgUp3]:0 [SgUp4]:0 [SgLow1]:28509 [SgLow2]:28985 [SgLow3]:0 [SgLow4]:0 [NetMuon1]:77112 [NetMuon2]:77114 [NetMuon3]:82378 [NetMuon4]:82378
[Run]:38894 [Site]:2 [Bin]:11843 [FullTime]:3590.17 [SkipTime]:0 [Veto1]:532.832 [Veto2]:497.359 [Veto3]:309.09 [Veto4]:309.09 [SgUp1]:170645 [SgUp2]:174538 [SgUp3]:0 [SgUp4]:0 [SgLow1]:170299 [SgLow2]:174103 [SgLow3]:0 [SgLow4]:0 [NetMuon1]:459001 [NetMuon2]:464269 [NetMuon3]:492423 [NetMuon4]:492423
[Run]:38894 [Site]:2 [Bin]:11844 [FullTime]:3590.17 [SkipTime]:0 [Veto1]:519.052 [Veto2]:505.303 [Veto3]:308.699 [Veto4]:308.699 [SgUp1]:170641 [SgUp2]:174199 [SgUp3]:0 [SgUp4]:0 [SgLow1]:170258 [SgLow2]:173818 [SgLow3]:0 [SgLow4]:0 [NetMuon1]:460448 [NetMuon2]:462289 [NetMuon3]:491829 [NetMuon4]:491829
[Run]:38894 [Site]:2 [Bin]:11845 [FullTime]:3590.17 [SkipTime]:0 [Veto1]:509.772 [Veto2]:502.439 [Veto3]:308.569 [Veto4]:308.569 [SgUp1]:170904 [SgUp2]:173262 [SgUp3]:0 [SgUp4]:0 [SgLow1]:170560 [SgLow2]:172867 [SgLow3]:0 [SgLow4]:0 [NetMuon1]:461645 [NetMuon2]:462075 [NetMuon3]:491432 [NetMuon4]:491432
[Run]:38894 [Site]:2 [Bin]:11846 [FullTime]:3590.17 [SkipTime]:0 [Veto1]:500.429 [Veto2]:529.564 [Veto3]:307.713 [Veto4]:307.713 [SgUp1]:172701 [SgUp2]:171739 [SgUp3]:0 [SgUp4]:0 [SgLow1]:172378 [SgLow2]:171339 [SgLow3]:0 [SgLow4]:0 [NetMuon1]:461522 [NetMuon2]:457246 [NetMuon3]:490156 [NetMuon4]:490156
[Run]:38894 [Site]:2 [Bin]:11847 [FullTime]:3590.17 [SkipTime]:0 [Veto1]:524.835 [Veto2]:495.146 [Veto3]:308.154 [Veto4]:308.154 [SgUp1]:171160 [SgUp2]:174334 [SgUp3]:0 [SgUp4]:0 [SgLow1]:170812 [SgLow2]:173909 [SgLow3]:0 [SgLow4]:0 [NetMuon1]:458281 [NetMuon2]:462756 [NetMuon3]:490854 [NetMuon4]:490854
[Run]:38894 [Site]:2 [Bin]:11848 [FullTime]:3590.17 [SkipTime]:0 [Veto1]:501.559 [Veto2]:525.214 [Veto3]:309.818 [Veto4]:309.818 [SgUp1]:171730 [SgUp2]:172454 [SgUp3]:0 [SgUp4]:0 [SgLow1]:171341 [SgLow2]:171976 [SgLow3]:0 [SgLow4]:0 [NetMuon1]:464883 [NetMuon2]:461040 [NetMuon3]:493525 [NetMuon4]:493525
[Run]:38894 [Site]:2 [Bin]:11849 [FullTime]:3590.17 [SkipTime]:0 [Veto1]:517.768 [Veto2]:486.213 [Veto3]:308.723 [Veto4]:308.723 [SgUp1]:170850 [SgUp2]:173937 [SgUp3]:0 [SgUp4]:0 [SgLow1]:170491 [SgLow2]:173509 [SgLow3]:0 [SgLow4]:0 [NetMuon1]:460305 [NetMuon2]:464852 [NetMuon3]:491682 [NetMuon4]:491682
[Run]:38894 [Site]:2 [Bin]:11850 [FullTime]:3590.17 [SkipTime]:0 [Veto1]:492.761 [Veto2]:507.718 [Veto3]:308.593 [Veto4]:308.593 [SgUp1]:172451 [SgUp2]:173726 [SgUp3]:0 [SgUp4]:0 [SgLow1]:172074 [SgLow2]:173324 [SgLow3]:0 [SgLow4]:0 [NetMuon1]:464047 [NetMuon2]:462009 [NetMuon3]:491566 [NetMuon4]:491566
[Run]:38894 [Site]:2 [Bin]:11851 [FullTime]:3590.18 [SkipTime]:0 [Veto1]:486.851 [Veto2]:519.163 [Veto3]:308.517 [Veto4]:308.517 [SgUp1]:173059 [SgUp2]:172150 [SgUp3]:0 [SgUp4]:0 [SgLow1]:172635 [SgLow2]:171787 [SgLow3]:0 [SgLow4]:0 [NetMuon1]:464809 [NetMuon2]:459874 [NetMuon3]:491239 [NetMuon4]:491239
[Run]:38894 [Site]:2 [Bin]:11852 [FullTime]:3590.16 [SkipTime]:0 [Veto1]:490.127 [Veto2]:505.173 [Veto3]:308.219 [Veto4]:308.219 [SgUp1]:173095 [SgUp2]:173593 [SgUp3]:0 [SgUp4]:0 [SgLow1]:172751 [SgLow2]:173210 [SgLow3]:0 [SgLow4]:0 [NetMuon1]:463624 [NetMuon2]:461327 [NetMuon3]:490742 [NetMuon4]:490742
[Run]:38894 [Site]:2 [Bin]:11853 [FullTime]:3590.17 [SkipTime]:0 [Veto1]:504.279 [Veto2]:499.941 [Veto3]:309.564 [Veto4]:309.564 [SgUp1]:172027 [SgUp2]:173730 [SgUp3]:0 [SgUp4]:0 [SgLow1]:171681 [SgLow2]:173360 [SgLow3]:0 [SgLow4]:0 [NetMuon1]:463710 [NetMuon2]:464292 [NetMuon3]:492910 [NetMuon4]:492910
[Run]:38894 [Site]:2 [Bin]:11854 [FullTime]:3590.17 [SkipTime]:0 [Veto1]:516.362 [Veto2]:496.051 [Veto3]:307.48 [Veto4]:307.48 [SgUp1]:171430 [SgUp2]:174364 [SgUp3]:0 [SgUp4]:0 [SgLow1]:171082 [SgLow2]:173997 [SgLow3]:0 [SgLow4]:0 [NetMuon1]:458412 [NetMuon2]:461456 [NetMuon3]:489717 [NetMuon4]:489717
[Run]:38894 [Site]:2 [Bin]:11855 [FullTime]:3590.17 [SkipTime]:0 [Veto1]:509.064 [Veto2]:506.962 [Veto3]:309.362 [Veto4]:309.362 [SgUp1]:171923 [SgUp2]:174076 [SgUp3]:0 [SgUp4]:0 [SgLow1]:171596 [SgLow2]:173657 [SgLow3]:0 [SgLow4]:0 [NetMuon1]:462680 [NetMuon2]:463153 [NetMuon3]:492658 [NetMuon4]:492658
[Run]:38894 [Site]:2 [Bin]:11856 [FullTime]:3590.18 [SkipTime]:0 [Veto1]:493.96 [Veto2]:507.816 [Veto3]:307.95 [Veto4]:307.95 [SgUp1]:173130 [SgUp2]:173387 [SgUp3]:0 [SgUp4]:0 [SgLow1]:172758 [SgLow2]:172986 [SgLow3]:0 [SgLow4]:0 [NetMuon1]:462874 [NetMuon2]:460912 [NetMuon3]:490654 [NetMuon4]:490654
[Run]:38894 [Site]:2 [Bin]:11857 [FullTime]:3590.16 [SkipTime]:0 [Veto1]:518.449 [Veto2]:498.593 [Veto3]:308.197 [Veto4]:308.197 [SgUp1]:170986 [SgUp2]:174039 [SgUp3]:0 [SgUp4]:0 [SgLow1]:170606 [SgLow2]:173604 [SgLow3]:0 [SgLow4]:0 [NetMuon1]:459239 [NetMuon2]:462362 [NetMuon3]:490892 [NetMuon4]:490892
[Run]:38894 [Site]:2 [Bin]:11858 [FullTime]:3590.17 [SkipTime]:0 [Veto1]:479.828 [Veto2]:517.96 [Veto3]:307.991 [Veto4]:307.991 [SgUp1]:173259 [SgUp2]:172618 [SgUp3]:0 [SgUp4]:0 [SgLow1]:172941 [SgLow2]:172226 [SgLow3]:0 [SgLow4]:0 [NetMuon1]:464508 [NetMuon2]:458906 [NetMuon3]:490318 [NetMuon4]:490318
[Run]:38894 [Site]:2 [Bin]:11859 [FullTime]:3590.17 [SkipTime]:0 [Veto1]:519.083 [Veto2]:504.079 [Veto3]:309.028 [Veto4]:309.028 [SgUp1]:171320 [SgUp2]:173630 [SgUp3]:0 [SgUp4]:0 [SgLow1]:170961 [SgLow2]:173192 [SgLow3]:0 [SgLow4]:0 [NetMuon1]:460742 [NetMuon2]:462744 [NetMuon3]:492132 [NetMuon4]:492132
[Run]:38894 [Site]:2 [Bin]:11860 [FullTime]:3590.17 [SkipTime]:0 [Veto1]:522.364 [Veto2]:512.871 [Veto3]:309.276 [Veto4]:309.276 [SgUp1]:171075 [SgUp2]:173532 [SgUp3]:0 [SgUp4]:0 [SgLow1]:170691 [SgLow2]:173102 [SgLow3]:0 [SgLow4]:0 [NetMuon1]:460388 [NetMuon2]:461843 [NetMuon3]:492400 [NetMuon4]:492400
[Run]:38894 [Site]:2 [Bin]:11861 [FullTime]:3590.17 [SkipTime]:0 [Veto1]:501.402 [Veto2]:496.94 [Veto3]:308.931 [Veto4]:308.931 [SgUp1]:172419 [SgUp2]:175064 [SgUp3]:0 [SgUp4]:0 [SgLow1]:172042 [SgLow2]:174643 [SgLow3]:0 [SgLow4]:0 [NetMuon1]:463575 [NetMuon2]:464009 [NetMuon3]:492261 [NetMuon4]:492261
[Run]:38894 [Site]:2 [Bin]:11862 [FullTime]:3590.17 [SkipTime]:0 [Veto1]:495.928 [Veto2]:515.122 [Veto3]:308.44 [Veto4]:308.44 [SgUp1]:172550 [SgUp2]:173713 [SgUp3]:0 [SgUp4]:0 [SgLow1]:172194 [SgLow2]:173340 [SgLow3]:0 [SgLow4]:0 [NetMuon1]:462911 [NetMuon2]:460082 [NetMuon3]:491047 [NetMuon4]:491047
[Run]:38894 [Site]:2 [Bin]:11863 [FullTime]:3590.17 [SkipTime]:0 [Veto1]:527.966 [Veto2]:519.366 [Veto3]:308.595 [Veto4]:308.595 [SgUp1]:171090 [SgUp2]:172590 [SgUp3]:0 [SgUp4]:0 [SgLow1]:170754 [SgLow2]:172253 [SgLow3]:0 [SgLow4]:0 [NetMuon1]:458594 [NetMuon2]:460117 [NetMuon3]:491552 [NetMuon4]:491552
[Run]:38894 [Site]:2 [Bin]:11864 [FullTime]:3590.17 [SkipTime]:0 [Veto1]:518.441 [Veto2]:504.979 [Veto3]:309.238 [Veto4]:309.238 [SgUp1]:171354 [SgUp2]:173511 [SgUp3]:0 [SgUp4]:0 [SgLow1]:170955 [SgLow2]:173132 [SgLow3]:0 [SgLow4]:0 [NetMuon1]:461012 [NetMuon2]:463487 [NetMuon3]:492627 [NetMuon4]:492627
[Run]:38894 [Site]:2 [Bin]:11865 [FullTime]:3590.17 [SkipTime]:0 [Veto1]:494.747 [Veto2]:488.463 [Veto3]:308.227 [Veto4]:308.227 [SgUp1]:172378 [SgUp2]:174942 [SgUp3]:0 [SgUp4]:0 [SgLow1]:171985 [SgLow2]:174577 [SgLow3]:0 [SgLow4]:0 [NetMuon1]:462906 [NetMuon2]:463884 [NetMuon3]:490899 [NetMuon4]:490899
[Run]:38894 [Site]:2 [Bin]:11866 [FullTime]:3590.17 [SkipTime]:0 [Veto1]:505.046 [Veto2]:503.006 [Veto3]:308.975 [Veto4]:308.975 [SgUp1]:172203 [SgUp2]:174757 [SgUp3]:0 [SgUp4]:0 [SgLow1]:171793 [SgLow2]:174364 [SgLow3]:0 [SgLow4]:0 [NetMuon1]:462484 [NetMuon2]:462923 [NetMuon3]:492053 [NetMuon4]:492053
[Run]:38894 [Site]:2 [Bin]:11867 [FullTime]:3590.17 [SkipTime]:0 [Veto1]:515.868 [Veto2]:522.55 [Veto3]:308.791 [Veto4]:308.791 [SgUp1]:171779 [SgUp2]:173167 [SgUp3]:0 [SgUp4]:0 [SgLow1]:171461 [SgLow2]:172849 [SgLow3]:0 [SgLow4]:0 [NetMuon1]:460929 [NetMuon2]:459829 [NetMuon3]:491908 [NetMuon4]:491908
[Run]:38894 [Site]:2 [Bin]:11868 [FullTime]:3590.17 [SkipTime]:0 [Veto1]:512.115 [Veto2]:518.475 [Veto3]:309.601 [Veto4]:309.601 [SgUp1]:172229 [SgUp2]:173314 [SgUp3]:0 [SgUp4]:0 [SgLow1]:171864 [SgLow2]:172932 [SgLow3]:0 [SgLow4]:0 [NetMuon1]:462571 [NetMuon2]:461695 [NetMuon3]:492884 [NetMuon4]:492884
[Run]:38894 [Site]:2 [Bin]:11869 [FullTime]:3590.17 [SkipTime]:0 [Veto1]:516.441 [Veto2]:515.759 [Veto3]:308.969 [Veto4]:308.969 [SgUp1]:171405 [SgUp2]:173295 [SgUp3]:0 [SgUp4]:0 [SgLow1]:171032 [SgLow2]:172971 [SgLow3]:0 [SgLow4]:0 [NetMuon1]:461040 [NetMuon2]:461061 [NetMuon3]:491991 [NetMuon4]:491991
[Run]:38894 [Site]:2 [Bin]:11870 [FullTime]:3590.17 [SkipTime]:0 [Veto1]:533.694 [Veto2]:504.253 [Veto3]:309.082 [Veto4]:309.082 [SgUp1]:170873 [SgUp2]:173931 [SgUp3]:0 [SgUp4]:0 [SgLow1]:170563 [SgLow2]:173568 [SgLow3]:0 [SgLow4]:0 [NetMuon1]:458453 [NetMuon2]:463029 [NetMuon3]:492284 [NetMuon4]:492284
[Run]:38894 [Site]:2 [Bin]:11871 [FullTime]:3590.17 [SkipTime]:0 [Veto1]:518.851 [Veto2]:512.597 [Veto3]:308.903 [Veto4]:308.903 [SgUp1]:171484 [SgUp2]:173523 [SgUp3]:0 [SgUp4]:0 [SgLow1]:171137 [SgLow2]:173156 [SgLow3]:0 [SgLow4]:0 [NetMuon1]:460403 [NetMuon2]:461478 [NetMuon3]:491954 [NetMuon4]:491954
[Run]:38894 [Site]:2 [Bin]:11872 [FullTime]:3590.17 [SkipTime]:0 [Veto1]:518.231 [Veto2]:510.301 [Veto3]:309.404 [Veto4]:309.404 [SgUp1]:171130 [SgUp2]:173495 [SgUp3]:0 [SgUp4]:0 [SgLow1]:170801 [SgLow2]:173127 [SgLow3]:0 [SgLow4]:0 [NetMuon1]:461652 [NetMuon2]:462685 [NetMuon3]:492909 [NetMuon4]:492909
[Run]:38894 [Site]:2 [Bin]:11873 [FullTime]:3590.17 [SkipTime]:0 [Veto1]:493.764 [Veto2]:512.663 [Veto3]:309.376 [Veto4]:309.376 [SgUp1]:173412 [SgUp2]:173310 [SgUp3]:0 [SgUp4]:0 [SgLow1]:173064 [SgLow2]:172949 [SgLow3]:0 [SgLow4]:0 [NetMuon1]:465216 [NetMuon2]:462325 [NetMuon3]:492669 [NetMuon4]:492669
[Run]:38894 [Site]:2 [Bin]:11874 [FullTime]:3590.17 [SkipTime]:0 [Veto1]:518.199 [Veto2]:520.792 [Veto3]:309.213 [Veto4]:309.213 [SgUp1]:172036 [SgUp2]:172311 [SgUp3]:0 [SgUp4]:0 [SgLow1]:171745 [SgLow2]:171926 [SgLow3]:0 [SgLow4]:0 [NetMuon1]:461241 [NetMuon2]:460890 [NetMuon3]:492547 [NetMuon4]:492547
[Run]:38894 [Site]:2 [Bin]:11875 [FullTime]:3590.17 [SkipTime]:0 [Veto1]:525.947 [Veto2]:498.695 [Veto3]:309.016 [Veto4]:309.016 [SgUp1]:170602 [SgUp2]:173068 [SgUp3]:0 [SgUp4]:0 [SgLow1]:170239 [SgLow2]:172684 [SgLow3]:0 [SgLow4]:0 [NetMuon1]:459660 [NetMuon2]:463519 [NetMuon3]:492101 [NetMuon4]:492101
[Run]:38894 [Site]:2 [Bin]:11876 [FullTime]:3590.17 [SkipTime]:0 [Veto1]:504.675 [Veto2]:506.73 [Veto3]:308.352 [Veto4]:308.352 [SgUp1]:173116 [SgUp2]:172870 [SgUp3]:0 [SgUp4]:0 [SgLow1]:172756 [SgLow2]:172474 [SgLow3]:0 [SgLow4]:0 [NetMuon1]:461624 [NetMuon2]:461449 [NetMuon3]:491189 [NetMuon4]:491189
[Run]:38894 [Site]:2 [Bin]:11877 [FullTime]:3590.17 [SkipTime]:0 [Veto1]:526.568 [Veto2]:490.845 [Veto3]:308.788 [Veto4]:308.788 [SgUp1]:171426 [SgUp2]:174074 [SgUp3]:0 [SgUp4]:0 [SgLow1]:171045 [SgLow2]:173751 [SgLow3]:0 [SgLow4]:0 [NetMuon1]:459283 [NetMuon2]:464471 [NetMuon3]:492033 [NetMuon4]:492033
[Run]:38894 [Site]:2 [Bin]:11878 [FullTime]:3590.17 [SkipTime]:0 [Veto1]:512.023 [Veto2]:512.121 [Veto3]:308.715 [Veto4]:308.715 [SgUp1]:171937 [SgUp2]:173651 [SgUp3]:0 [SgUp4]:0 [SgLow1]:171590 [SgLow2]:173306 [SgLow3]:0 [SgLow4]:0 [NetMuon1]:461370 [NetMuon2]:461234 [NetMuon3]:491727 [NetMuon4]:491727
[Run]:38894 [Site]:2 [Bin]:11879 [FullTime]:3590.17 [SkipTime]:0 [Veto1]:512.28 [Veto2]:530.754 [Veto3]:309.389 [Veto4]:309.389 [SgUp1]:172050 [SgUp2]:171895 [SgUp3]:0 [SgUp4]:0 [SgLow1]:171746 [SgLow2]:171497 [SgLow3]:0 [SgLow4]:0 [NetMuon1]:462387 [NetMuon2]:459652 [NetMuon3]:492717 [NetMuon4]:492717
[Run]:38894 [Site]:2 [Bin]:11880 [FullTime]:3590.17 [SkipTime]:0 [Veto1]:501.73 [Veto2]:498.929 [Veto3]:308.429 [Veto4]:308.429 [SgUp1]:173415 [SgUp2]:172859 [SgUp3]:0 [SgUp4]:0 [SgLow1]:173087 [SgLow2]:172444 [SgLow3]:0 [SgLow4]:0 [NetMuon1]:462662 [NetMuon2]:462272 [NetMuon3]:491269 [NetMuon4]:491269
[Run]:38894 [Site]:2 [Bin]:11881 [FullTime]:3590.17 [SkipTime]:0 [Veto1]:518.23 [Veto2]:497.779 [Veto3]:308.022 [Veto4]:308.022 [SgUp1]:171668 [SgUp2]:174148 [SgUp3]:0 [SgUp4]:0 [SgLow1]:171331 [SgLow2]:173746 [SgLow3]:0 [SgLow4]:0 [NetMuon1]:459117 [NetMuon2]:462254 [NetMuon3]:490588 [NetMuon4]:490588
[Run]:38894 [Site]:2 [Bin]:11882 [FullTime]:3590.17 [SkipTime]:0 [Veto1]:517.388 [Veto2]:517.413 [Veto3]:308.811 [Veto4]:308.811 [SgUp1]:171823 [SgUp2]:172139 [SgUp3]:0 [SgUp4]:0 [SgLow1]:171482 [SgLow2]:171741 [SgLow3]:0 [SgLow4]:0 [NetMuon1]:460615 [NetMuon2]:460470 [NetMuon3]:491707 [NetMuon4]:491707
[Run]:38894 [Site]:2 [Bin]:11883 [FullTime]:3590.17 [SkipTime]:0 [Veto1]:508.417 [Veto2]:511.026 [Veto3]:308.487 [Veto4]:308.487 [SgUp1]:172758 [SgUp2]:174143 [SgUp3]:0 [SgUp4]:0 [SgLow1]:172362 [SgLow2]:173779 [SgLow3]:0 [SgLow4]:0 [NetMuon1]:461309 [NetMuon2]:461038 [NetMuon3]:491223 [NetMuon4]:491223
[Run]:38894 [Site]:2 [Bin]:11884 [FullTime]:3590.17 [SkipTime]:0 [Veto1]:489.985 [Veto2]:506.762 [Veto3]:308.957 [Veto4]:308.957 [SgUp1]:173305 [SgUp2]:173588 [SgUp3]:0 [SgUp4]:0 [SgLow1]:172979 [SgLow2]:173248 [SgLow3]:0 [SgLow4]:0 [NetMuon1]:464794 [NetMuon2]:462227 [NetMuon3]:491919 [NetMuon4]:491919
[Run]:38894 [Site]:2 [Bin]:11885 [FullTime]:3590.17 [SkipTime]:0 [Veto1]:524.415 [Veto2]:510.389 [Veto3]:308.923 [Veto4]:308.923 [SgUp1]:171520 [SgUp2]:174115 [SgUp3]:0 [SgUp4]:0 [SgLow1]:171150 [SgLow2]:173738 [SgLow3]:0 [SgLow4]:0 [NetMuon1]:459458 [NetMuon2]:461821 [NetMuon3]:491883 [NetMuon4]:491883
[Run]:38894 [Site]:2 [Bin]:11886 [FullTime]:3590.17 [SkipTime]:0 [Veto1]:499.382 [Veto2]:526.562 [Veto3]:309.103 [Veto4]:309.103 [SgUp1]:172259 [SgUp2]:172928 [SgUp3]:0 [SgUp4]:0 [SgLow1]:171956 [SgLow2]:172531 [SgLow3]:0 [SgLow4]:0 [NetMuon1]:463515 [NetMuon2]:459638 [NetMuon3]:492211 [NetMuon4]:492211
[Run]:38894 [Site]:2 [Bin]:11887 [FullTime]:3590.17 [SkipTime]:0 [Veto1]:503.841 [Veto2]:503.128 [Veto3]:310.012 [Veto4]:310.012 [SgUp1]:172373 [SgUp2]:173643 [SgUp3]:0 [SgUp4]:0 [SgLow1]:172027 [SgLow2]:173273 [SgLow3]:0 [SgLow4]:0 [NetMuon1]:464667 [NetMuon2]:464865 [NetMuon3]:493806 [NetMuon4]:493806
[Run]:38894 [Site]:2 [Bin]:11888 [FullTime]:3590.17 [SkipTime]:0 [Veto1]:523.664 [Veto2]:513.687 [Veto3]:309.68 [Veto4]:309.68 [SgUp1]:170506 [SgUp2]:173257 [SgUp3]:0 [SgUp4]:0 [SgLow1]:170119 [SgLow2]:172889 [SgLow3]:0 [SgLow4]:0 [NetMuon1]:461102 [NetMuon2]:462520 [NetMuon3]:493070 [NetMuon4]:493070
[Run]:38894 [Site]:2 [Bin]:11889 [FullTime]:3590.17 [SkipTime]:0 [Veto1]:535.425 [Veto2]:501.031 [Veto3]:309.027 [Veto4]:309.027 [SgUp1]:171025 [SgUp2]:174342 [SgUp3]:0 [SgUp4]:0 [SgLow1]:170709 [SgLow2]:173970 [SgLow3]:0 [SgLow4]:0 [NetMuon1]:458071 [NetMuon2]:463382 [NetMuon3]:492076 [NetMuon4]:492076
End process Run: 38894 ... 
[Run]:38894 [Site]:2 [Bin]:11890 [FullTime]:3131.9 [SkipTime]:0 [Veto1]:441.426 [Veto2]:442.966 [Veto3]:269.605 [Veto4]:269.605
