StreamChain add 0x8bfc7e0
Start to process run: 38170 ... 
[Run]:38170 [Site]:2 [Bin]:11055 [FullTime]:1248.61 [SkipTime]:0 [Veto1]:178.664 [Veto2]:180.958 [Veto3]:107.785 [Veto4]:107.785 [SgUp1]:59832 [SgUp2]:60434 [SgUp3]:0 [SgUp4]:0 [SgLow1]:59741 [SgLow2]:60326 [SgLow3]:0 [SgLow4]:0 [NetMuon1]:161024 [NetMuon2]:160576 [NetMuon3]:171555 [NetMuon4]:171555
[Run]:38170 [Site]:2 [Bin]:11056 [FullTime]:3590.17 [SkipTime]:0 [Veto1]:506.715 [Veto2]:502.473 [Veto3]:309.617 [Veto4]:309.617 [SgUp1]:172770 [SgUp2]:174739 [SgUp3]:0 [SgUp4]:0 [SgLow1]:172436 [SgLow2]:174306 [SgLow3]:0 [SgLow4]:0 [NetMuon1]:463406 [NetMuon2]:463825 [NetMuon3]:492891 [NetMuon4]:492891
[Run]:38170 [Site]:2 [Bin]:11057 [FullTime]:3590.17 [SkipTime]:0 [Veto1]:514.979 [Veto2]:497.377 [Veto3]:309.899 [Veto4]:309.899 [SgUp1]:172557 [SgUp2]:174523 [SgUp3]:0 [SgUp4]:0 [SgLow1]:172212 [SgLow2]:174093 [SgLow3]:0 [SgLow4]:0 [NetMuon1]:462617 [NetMuon2]:465376 [NetMuon3]:493592 [NetMuon4]:493592
[Run]:38170 [Site]:2 [Bin]:11058 [FullTime]:3590.17 [SkipTime]:0 [Veto1]:518.553 [Veto2]:523.084 [Veto3]:308.98 [Veto4]:308.98 [SgUp1]:171894 [SgUp2]:173112 [SgUp3]:0 [SgUp4]:0 [SgLow1]:171530 [SgLow2]:172724 [SgLow3]:0 [SgLow4]:0 [NetMuon1]:460404 [NetMuon2]:460237 [NetMuon3]:492124 [NetMuon4]:492124
[Run]:38170 [Site]:2 [Bin]:11059 [FullTime]:3590.17 [SkipTime]:0 [Veto1]:513.703 [Veto2]:497.51 [Veto3]:309.585 [Veto4]:309.585 [SgUp1]:171711 [SgUp2]:175067 [SgUp3]:0 [SgUp4]:0 [SgLow1]:171372 [SgLow2]:174634 [SgLow3]:0 [SgLow4]:0 [NetMuon1]:462673 [NetMuon2]:465038 [NetMuon3]:493260 [NetMuon4]:493260
[Run]:38170 [Site]:2 [Bin]:11060 [FullTime]:3590.17 [SkipTime]:0 [Veto1]:510.218 [Veto2]:514.198 [Veto3]:309.062 [Veto4]:309.062 [SgUp1]:172779 [SgUp2]:173265 [SgUp3]:0 [SgUp4]:0 [SgLow1]:172384 [SgLow2]:172900 [SgLow3]:0 [SgLow4]:0 [NetMuon1]:462133 [NetMuon2]:461479 [NetMuon3]:492312 [NetMuon4]:492312
[Run]:38170 [Site]:2 [Bin]:11061 [FullTime]:3590.17 [SkipTime]:0 [Veto1]:496.915 [Veto2]:509.431 [Veto3]:308.824 [Veto4]:308.824 [SgUp1]:173251 [SgUp2]:173911 [SgUp3]:0 [SgUp4]:0 [SgLow1]:172906 [SgLow2]:173512 [SgLow3]:0 [SgLow4]:0 [NetMuon1]:463475 [NetMuon2]:461862 [NetMuon3]:491819 [NetMuon4]:491819
[Run]:38170 [Site]:2 [Bin]:11062 [FullTime]:3590.17 [SkipTime]:0 [Veto1]:531.573 [Veto2]:503.575 [Veto3]:309.153 [Veto4]:309.153 [SgUp1]:170903 [SgUp2]:174125 [SgUp3]:0 [SgUp4]:0 [SgLow1]:170537 [SgLow2]:173812 [SgLow3]:0 [SgLow4]:0 [NetMuon1]:459128 [NetMuon2]:463242 [NetMuon3]:492421 [NetMuon4]:492421
[Run]:38170 [Site]:2 [Bin]:11063 [FullTime]:3590.17 [SkipTime]:0 [Veto1]:513.234 [Veto2]:513.277 [Veto3]:309.003 [Veto4]:309.003 [SgUp1]:171854 [SgUp2]:174043 [SgUp3]:0 [SgUp4]:0 [SgLow1]:171510 [SgLow2]:173634 [SgLow3]:0 [SgLow4]:0 [NetMuon1]:461483 [NetMuon2]:461136 [NetMuon3]:492024 [NetMuon4]:492024
[Run]:38170 [Site]:2 [Bin]:11064 [FullTime]:3590.17 [SkipTime]:0 [Veto1]:517.447 [Veto2]:518.518 [Veto3]:308.34 [Veto4]:308.34 [SgUp1]:172927 [SgUp2]:173665 [SgUp3]:0 [SgUp4]:0 [SgLow1]:172493 [SgLow2]:173307 [SgLow3]:0 [SgLow4]:0 [NetMuon1]:459927 [NetMuon2]:459648 [NetMuon3]:491109 [NetMuon4]:491109
[Run]:38170 [Site]:2 [Bin]:11065 [FullTime]:3590.17 [SkipTime]:0 [Veto1]:485.461 [Veto2]:498.666 [Veto3]:308.732 [Veto4]:308.732 [SgUp1]:173441 [SgUp2]:174873 [SgUp3]:0 [SgUp4]:0 [SgLow1]:173101 [SgLow2]:174514 [SgLow3]:0 [SgLow4]:0 [NetMuon1]:465265 [NetMuon2]:463369 [NetMuon3]:491741 [NetMuon4]:491741
[Run]:38170 [Site]:2 [Bin]:11066 [FullTime]:3590.17 [SkipTime]:0 [Veto1]:493.007 [Veto2]:550.405 [Veto3]:309.648 [Veto4]:309.648 [SgUp1]:173114 [SgUp2]:171421 [SgUp3]:0 [SgUp4]:0 [SgLow1]:172824 [SgLow2]:171061 [SgLow3]:0 [SgLow4]:0 [NetMuon1]:465765 [NetMuon2]:456822 [NetMuon3]:493078 [NetMuon4]:493078
[Run]:38170 [Site]:2 [Bin]:11067 [FullTime]:3590.17 [SkipTime]:0 [Veto1]:470.454 [Veto2]:506.984 [Veto3]:309.314 [Veto4]:309.314 [SgUp1]:174088 [SgUp2]:174615 [SgUp3]:0 [SgUp4]:0 [SgLow1]:173755 [SgLow2]:174213 [SgLow3]:0 [SgLow4]:0 [NetMuon1]:468714 [NetMuon2]:463072 [NetMuon3]:492621 [NetMuon4]:492621
[Run]:38170 [Site]:2 [Bin]:11068 [FullTime]:3590.17 [SkipTime]:0 [Veto1]:528.497 [Veto2]:517.639 [Veto3]:308.448 [Veto4]:308.448 [SgUp1]:171405 [SgUp2]:173665 [SgUp3]:0 [SgUp4]:0 [SgLow1]:171048 [SgLow2]:173250 [SgLow3]:0 [SgLow4]:0 [NetMuon1]:458283 [NetMuon2]:460118 [NetMuon3]:491290 [NetMuon4]:491290
[Run]:38170 [Site]:2 [Bin]:11069 [FullTime]:3590.17 [SkipTime]:0 [Veto1]:500.038 [Veto2]:505.775 [Veto3]:309.544 [Veto4]:309.544 [SgUp1]:171914 [SgUp2]:173783 [SgUp3]:0 [SgUp4]:0 [SgLow1]:171549 [SgLow2]:173401 [SgLow3]:0 [SgLow4]:0 [NetMuon1]:464496 [NetMuon2]:463374 [NetMuon3]:493011 [NetMuon4]:493011
[Run]:38170 [Site]:2 [Bin]:11070 [FullTime]:3590.17 [SkipTime]:0 [Veto1]:517.591 [Veto2]:507.648 [Veto3]:309.52 [Veto4]:309.52 [SgUp1]:171531 [SgUp2]:174450 [SgUp3]:0 [SgUp4]:0 [SgLow1]:171195 [SgLow2]:174067 [SgLow3]:0 [SgLow4]:0 [NetMuon1]:461812 [NetMuon2]:463240 [NetMuon3]:492858 [NetMuon4]:492858
[Run]:38170 [Site]:2 [Bin]:11071 [FullTime]:3590.17 [SkipTime]:0 [Veto1]:520.182 [Veto2]:503.496 [Veto3]:310.376 [Veto4]:310.376 [SgUp1]:171981 [SgUp2]:174441 [SgUp3]:0 [SgUp4]:0 [SgLow1]:171570 [SgLow2]:174043 [SgLow3]:0 [SgLow4]:0 [NetMuon1]:462790 [NetMuon2]:465457 [NetMuon3]:494410 [NetMuon4]:494410
[Run]:38170 [Site]:2 [Bin]:11072 [FullTime]:3590.17 [SkipTime]:0 [Veto1]:504.067 [Veto2]:486.139 [Veto3]:309.393 [Veto4]:309.393 [SgUp1]:172152 [SgUp2]:174438 [SgUp3]:0 [SgUp4]:0 [SgLow1]:171743 [SgLow2]:174043 [SgLow3]:0 [SgLow4]:0 [NetMuon1]:463340 [NetMuon2]:466293 [NetMuon3]:492678 [NetMuon4]:492678
[Run]:38170 [Site]:2 [Bin]:11073 [FullTime]:3590.17 [SkipTime]:0 [Veto1]:501.674 [Veto2]:514.873 [Veto3]:310.06 [Veto4]:310.06 [SgUp1]:172747 [SgUp2]:173382 [SgUp3]:0 [SgUp4]:0 [SgLow1]:172391 [SgLow2]:172988 [SgLow3]:0 [SgLow4]:0 [NetMuon1]:465016 [NetMuon2]:462775 [NetMuon3]:493800 [NetMuon4]:493800
[Run]:38170 [Site]:2 [Bin]:11074 [FullTime]:3590.17 [SkipTime]:0 [Veto1]:514.502 [Veto2]:516.47 [Veto3]:309.276 [Veto4]:309.276 [SgUp1]:171936 [SgUp2]:173535 [SgUp3]:0 [SgUp4]:0 [SgLow1]:171566 [SgLow2]:173163 [SgLow3]:0 [SgLow4]:0 [NetMuon1]:461764 [NetMuon2]:461703 [NetMuon3]:492731 [NetMuon4]:492731
[Run]:38170 [Site]:2 [Bin]:11075 [FullTime]:3590.17 [SkipTime]:0 [Veto1]:513.737 [Veto2]:510.673 [Veto3]:309.628 [Veto4]:309.628 [SgUp1]:171977 [SgUp2]:173959 [SgUp3]:0 [SgUp4]:0 [SgLow1]:171621 [SgLow2]:173550 [SgLow3]:0 [SgLow4]:0 [NetMuon1]:462418 [NetMuon2]:462766 [NetMuon3]:492924 [NetMuon4]:492924
[Run]:38170 [Site]:2 [Bin]:11076 [FullTime]:3590.17 [SkipTime]:0 [Veto1]:504.077 [Veto2]:496.986 [Veto3]:309.745 [Veto4]:309.745 [SgUp1]:172273 [SgUp2]:175430 [SgUp3]:0 [SgUp4]:0 [SgLow1]:171927 [SgLow2]:175083 [SgLow3]:0 [SgLow4]:0 [NetMuon1]:464036 [NetMuon2]:464992 [NetMuon3]:493219 [NetMuon4]:493219
[Run]:38170 [Site]:2 [Bin]:11077 [FullTime]:3590.17 [SkipTime]:0 [Veto1]:500.12 [Veto2]:511.943 [Veto3]:309.398 [Veto4]:309.398 [SgUp1]:172867 [SgUp2]:173994 [SgUp3]:0 [SgUp4]:0 [SgLow1]:172511 [SgLow2]:173596 [SgLow3]:0 [SgLow4]:0 [NetMuon1]:464082 [NetMuon2]:462243 [NetMuon3]:492593 [NetMuon4]:492593
[Run]:38170 [Site]:2 [Bin]:11078 [FullTime]:3590.17 [SkipTime]:0 [Veto1]:500.125 [Veto2]:514.531 [Veto3]:308.948 [Veto4]:308.948 [SgUp1]:172913 [SgUp2]:173455 [SgUp3]:0 [SgUp4]:0 [SgLow1]:172562 [SgLow2]:173068 [SgLow3]:0 [SgLow4]:0 [NetMuon1]:463317 [NetMuon2]:461197 [NetMuon3]:492030 [NetMuon4]:492030
[Run]:38170 [Site]:2 [Bin]:11079 [FullTime]:3590.17 [SkipTime]:0 [Veto1]:522.311 [Veto2]:522.884 [Veto3]:309.472 [Veto4]:309.472 [SgUp1]:171096 [SgUp2]:173262 [SgUp3]:0 [SgUp4]:0 [SgLow1]:170794 [SgLow2]:172876 [SgLow3]:0 [SgLow4]:0 [NetMuon1]:460832 [NetMuon2]:460929 [NetMuon3]:492869 [NetMuon4]:492869
[Run]:38170 [Site]:2 [Bin]:11080 [FullTime]:3590.17 [SkipTime]:0 [Veto1]:512.272 [Veto2]:531.957 [Veto3]:309.893 [Veto4]:309.893 [SgUp1]:172214 [SgUp2]:172999 [SgUp3]:0 [SgUp4]:0 [SgLow1]:171863 [SgLow2]:172586 [SgLow3]:0 [SgLow4]:0 [NetMuon1]:463278 [NetMuon2]:460209 [NetMuon3]:493510 [NetMuon4]:493510
[Run]:38170 [Site]:2 [Bin]:11081 [FullTime]:3590.17 [SkipTime]:0 [Veto1]:524.757 [Veto2]:523.891 [Veto3]:309.159 [Veto4]:309.159 [SgUp1]:170514 [SgUp2]:173671 [SgUp3]:0 [SgUp4]:0 [SgLow1]:170208 [SgLow2]:173244 [SgLow3]:0 [SgLow4]:0 [NetMuon1]:459997 [NetMuon2]:460111 [NetMuon3]:492434 [NetMuon4]:492434
[Run]:38170 [Site]:2 [Bin]:11082 [FullTime]:3590.17 [SkipTime]:0 [Veto1]:484.326 [Veto2]:519.826 [Veto3]:310.607 [Veto4]:310.607 [SgUp1]:173592 [SgUp2]:173442 [SgUp3]:0 [SgUp4]:0 [SgLow1]:173196 [SgLow2]:173043 [SgLow3]:0 [SgLow4]:0 [NetMuon1]:468832 [NetMuon2]:462882 [NetMuon3]:494593 [NetMuon4]:494593
[Run]:38170 [Site]:2 [Bin]:11083 [FullTime]:3590.17 [SkipTime]:0 [Veto1]:513.381 [Veto2]:526.194 [Veto3]:309.401 [Veto4]:309.401 [SgUp1]:171738 [SgUp2]:173476 [SgUp3]:0 [SgUp4]:0 [SgLow1]:171391 [SgLow2]:173101 [SgLow3]:0 [SgLow4]:0 [NetMuon1]:462380 [NetMuon2]:459945 [NetMuon3]:492799 [NetMuon4]:492799
[Run]:38170 [Site]:2 [Bin]:11084 [FullTime]:3590.17 [SkipTime]:0 [Veto1]:498.19 [Veto2]:504.387 [Veto3]:309.068 [Veto4]:309.068 [SgUp1]:172563 [SgUp2]:174541 [SgUp3]:0 [SgUp4]:0 [SgLow1]:172181 [SgLow2]:174147 [SgLow3]:0 [SgLow4]:0 [NetMuon1]:463638 [NetMuon2]:462751 [NetMuon3]:491999 [NetMuon4]:491999
[Run]:38170 [Site]:2 [Bin]:11085 [FullTime]:3590.17 [SkipTime]:0 [Veto1]:522.533 [Veto2]:482.042 [Veto3]:309.072 [Veto4]:309.072 [SgUp1]:171110 [SgUp2]:175558 [SgUp3]:0 [SgUp4]:0 [SgLow1]:170787 [SgLow2]:175160 [SgLow3]:0 [SgLow4]:0 [NetMuon1]:460094 [NetMuon2]:466212 [NetMuon3]:492220 [NetMuon4]:492220
[Run]:38170 [Site]:2 [Bin]:11086 [FullTime]:3590.17 [SkipTime]:0 [Veto1]:523.009 [Veto2]:499.921 [Veto3]:309.239 [Veto4]:309.239 [SgUp1]:170913 [SgUp2]:174205 [SgUp3]:0 [SgUp4]:0 [SgLow1]:170555 [SgLow2]:173759 [SgLow3]:0 [SgLow4]:0 [NetMuon1]:460236 [NetMuon2]:463976 [NetMuon3]:492492 [NetMuon4]:492492
[Run]:38170 [Site]:2 [Bin]:11087 [FullTime]:3590.17 [SkipTime]:0 [Veto1]:507.871 [Veto2]:521.018 [Veto3]:308.477 [Veto4]:308.477 [SgUp1]:172509 [SgUp2]:173119 [SgUp3]:0 [SgUp4]:0 [SgLow1]:172142 [SgLow2]:172722 [SgLow3]:0 [SgLow4]:0 [NetMuon1]:461806 [NetMuon2]:459299 [NetMuon3]:491435 [NetMuon4]:491435
[Run]:38170 [Site]:2 [Bin]:11088 [FullTime]:3590.17 [SkipTime]:0 [Veto1]:515.54 [Veto2]:508.11 [Veto3]:308.852 [Veto4]:308.852 [SgUp1]:171854 [SgUp2]:173318 [SgUp3]:0 [SgUp4]:0 [SgLow1]:171519 [SgLow2]:172946 [SgLow3]:0 [SgLow4]:0 [NetMuon1]:460427 [NetMuon2]:462012 [NetMuon3]:491892 [NetMuon4]:491892
[Run]:38170 [Site]:2 [Bin]:11089 [FullTime]:3590.17 [SkipTime]:0 [Veto1]:507.503 [Veto2]:491.634 [Veto3]:309.67 [Veto4]:309.67 [SgUp1]:172225 [SgUp2]:175060 [SgUp3]:0 [SgUp4]:0 [SgLow1]:171855 [SgLow2]:174680 [SgLow3]:0 [SgLow4]:0 [NetMuon1]:463318 [NetMuon2]:465700 [NetMuon3]:493014 [NetMuon4]:493014
[Run]:38170 [Site]:2 [Bin]:11090 [FullTime]:3590.17 [SkipTime]:0 [Veto1]:477.047 [Veto2]:500.021 [Veto3]:309.057 [Veto4]:309.057 [SgUp1]:173205 [SgUp2]:174050 [SgUp3]:0 [SgUp4]:0 [SgLow1]:172866 [SgLow2]:173649 [SgLow3]:0 [SgLow4]:0 [NetMuon1]:466892 [NetMuon2]:463557 [NetMuon3]:492141 [NetMuon4]:492141
[Run]:38170 [Site]:2 [Bin]:11091 [FullTime]:3590.18 [SkipTime]:0 [Veto1]:522.486 [Veto2]:507.58 [Veto3]:309.431 [Veto4]:309.431 [SgUp1]:171865 [SgUp2]:173852 [SgUp3]:0 [SgUp4]:0 [SgLow1]:171556 [SgLow2]:173460 [SgLow3]:0 [SgLow4]:0 [NetMuon1]:460594 [NetMuon2]:462885 [NetMuon3]:492829 [NetMuon4]:492829
[Run]:38170 [Site]:2 [Bin]:11092 [FullTime]:3590.16 [SkipTime]:0 [Veto1]:490.499 [Veto2]:511.882 [Veto3]:310.029 [Veto4]:310.029 [SgUp1]:172272 [SgUp2]:173673 [SgUp3]:0 [SgUp4]:0 [SgLow1]:171925 [SgLow2]:173266 [SgLow3]:0 [SgLow4]:0 [NetMuon1]:466568 [NetMuon2]:463131 [NetMuon3]:493737 [NetMuon4]:493737
[Run]:38170 [Site]:2 [Bin]:11093 [FullTime]:3590.17 [SkipTime]:0 [Veto1]:515.868 [Veto2]:507.575 [Veto3]:308.804 [Veto4]:308.804 [SgUp1]:170835 [SgUp2]:174560 [SgUp3]:0 [SgUp4]:0 [SgLow1]:170496 [SgLow2]:174129 [SgLow3]:0 [SgLow4]:0 [NetMuon1]:460830 [NetMuon2]:461941 [NetMuon3]:491662 [NetMuon4]:491662
[Run]:38170 [Site]:2 [Bin]:11094 [FullTime]:3590.17 [SkipTime]:0 [Veto1]:500.575 [Veto2]:512.84 [Veto3]:308.67 [Veto4]:308.67 [SgUp1]:172336 [SgUp2]:173041 [SgUp3]:0 [SgUp4]:0 [SgLow1]:171992 [SgLow2]:172633 [SgLow3]:0 [SgLow4]:0 [NetMuon1]:462510 [NetMuon2]:460747 [NetMuon3]:491449 [NetMuon4]:491449
[Run]:38170 [Site]:2 [Bin]:11095 [FullTime]:3590.17 [SkipTime]:0 [Veto1]:488.141 [Veto2]:506.684 [Veto3]:309.451 [Veto4]:309.451 [SgUp1]:172965 [SgUp2]:173998 [SgUp3]:0 [SgUp4]:0 [SgLow1]:172627 [SgLow2]:173627 [SgLow3]:0 [SgLow4]:0 [NetMuon1]:465799 [NetMuon2]:463023 [NetMuon3]:492739 [NetMuon4]:492739
End process Run: 38170 ... 
[Run]:38170 [Site]:2 [Bin]:11096 [FullTime]:3321.99 [SkipTime]:0 [Veto1]:457.414 [Veto2]:467.191 [Veto3]:286.56 [Veto4]:286.56
