StreamChain add 0x1d7f67e0
Start to process run: 38540 ... 
[Run]:38540 [Site]:2 [Bin]:11437 [FullTime]:1265.19 [SkipTime]:0 [Veto1]:178.687 [Veto2]:188.225 [Veto3]:108.671 [Veto4]:108.671 [SgUp1]:60583 [SgUp2]:60899 [SgUp3]:0 [SgUp4]:0 [SgLow1]:60463 [SgLow2]:60756 [SgLow3]:0 [SgLow4]:0 [NetMuon1]:162586 [NetMuon2]:161161 [NetMuon3]:173152 [NetMuon4]:173152
[Run]:38540 [Site]:2 [Bin]:11438 [FullTime]:3590.17 [SkipTime]:0 [Veto1]:487.773 [Veto2]:511.847 [Veto3]:308.408 [Veto4]:308.408 [SgUp1]:172894 [SgUp2]:173521 [SgUp3]:0 [SgUp4]:0 [SgLow1]:172526 [SgLow2]:173097 [SgLow3]:0 [SgLow4]:0 [NetMuon1]:464271 [NetMuon2]:460911 [NetMuon3]:491331 [NetMuon4]:491331
[Run]:38540 [Site]:2 [Bin]:11439 [FullTime]:3590.17 [SkipTime]:0 [Veto1]:502.28 [Veto2]:501.634 [Veto3]:307.83 [Veto4]:307.83 [SgUp1]:172560 [SgUp2]:174263 [SgUp3]:0 [SgUp4]:0 [SgLow1]:172177 [SgLow2]:173868 [SgLow3]:0 [SgLow4]:0 [NetMuon1]:460783 [NetMuon2]:461543 [NetMuon3]:490283 [NetMuon4]:490283
[Run]:38540 [Site]:2 [Bin]:11440 [FullTime]:3590.17 [SkipTime]:0 [Veto1]:496.729 [Veto2]:510.515 [Veto3]:308.187 [Veto4]:308.187 [SgUp1]:173594 [SgUp2]:173782 [SgUp3]:0 [SgUp4]:0 [SgLow1]:173240 [SgLow2]:173393 [SgLow3]:0 [SgLow4]:0 [NetMuon1]:462448 [NetMuon2]:460377 [NetMuon3]:490824 [NetMuon4]:490824
[Run]:38540 [Site]:2 [Bin]:11441 [FullTime]:3590.17 [SkipTime]:0 [Veto1]:503.878 [Veto2]:530.262 [Veto3]:308.594 [Veto4]:308.594 [SgUp1]:173175 [SgUp2]:172696 [SgUp3]:0 [SgUp4]:0 [SgLow1]:172882 [SgLow2]:172327 [SgLow3]:0 [SgLow4]:0 [NetMuon1]:462177 [NetMuon2]:458347 [NetMuon3]:491536 [NetMuon4]:491536
[Run]:38540 [Site]:2 [Bin]:11442 [FullTime]:3590.17 [SkipTime]:0 [Veto1]:522.681 [Veto2]:500.085 [Veto3]:307.834 [Veto4]:307.834 [SgUp1]:172175 [SgUp2]:174617 [SgUp3]:0 [SgUp4]:0 [SgLow1]:171801 [SgLow2]:174266 [SgLow3]:0 [SgLow4]:0 [NetMuon1]:457882 [NetMuon2]:461448 [NetMuon3]:490393 [NetMuon4]:490393
[Run]:38540 [Site]:2 [Bin]:11443 [FullTime]:3590.17 [SkipTime]:0 [Veto1]:523.871 [Veto2]:516.738 [Veto3]:308.017 [Veto4]:308.017 [SgUp1]:172206 [SgUp2]:173352 [SgUp3]:0 [SgUp4]:0 [SgLow1]:171833 [SgLow2]:172919 [SgLow3]:0 [SgLow4]:0 [NetMuon1]:458422 [NetMuon2]:459492 [NetMuon3]:490692 [NetMuon4]:490692
[Run]:38540 [Site]:2 [Bin]:11444 [FullTime]:3590.17 [SkipTime]:0 [Veto1]:505.639 [Veto2]:515.429 [Veto3]:308.015 [Veto4]:308.015 [SgUp1]:173122 [SgUp2]:173346 [SgUp3]:0 [SgUp4]:0 [SgLow1]:172783 [SgLow2]:172926 [SgLow3]:0 [SgLow4]:0 [NetMuon1]:461309 [NetMuon2]:459853 [NetMuon3]:490638 [NetMuon4]:490638
[Run]:38540 [Site]:2 [Bin]:11445 [FullTime]:3590.17 [SkipTime]:0 [Veto1]:500.131 [Veto2]:514.586 [Veto3]:308.808 [Veto4]:308.808 [SgUp1]:173519 [SgUp2]:173369 [SgUp3]:0 [SgUp4]:0 [SgLow1]:173195 [SgLow2]:172928 [SgLow3]:0 [SgLow4]:0 [NetMuon1]:463248 [NetMuon2]:460922 [NetMuon3]:491860 [NetMuon4]:491860
[Run]:38540 [Site]:2 [Bin]:11446 [FullTime]:3590.17 [SkipTime]:0 [Veto1]:496.328 [Veto2]:526.49 [Veto3]:307.139 [Veto4]:307.139 [SgUp1]:173835 [SgUp2]:173067 [SgUp3]:0 [SgUp4]:0 [SgLow1]:173508 [SgLow2]:172693 [SgLow3]:0 [SgLow4]:0 [NetMuon1]:461375 [NetMuon2]:456913 [NetMuon3]:489454 [NetMuon4]:489454
[Run]:38540 [Site]:2 [Bin]:11447 [FullTime]:3590.17 [SkipTime]:0 [Veto1]:507.988 [Veto2]:505.805 [Veto3]:308.024 [Veto4]:308.024 [SgUp1]:172900 [SgUp2]:174490 [SgUp3]:0 [SgUp4]:0 [SgLow1]:172543 [SgLow2]:174108 [SgLow3]:0 [SgLow4]:0 [NetMuon1]:460736 [NetMuon2]:461163 [NetMuon3]:490623 [NetMuon4]:490623
[Run]:38540 [Site]:2 [Bin]:11448 [FullTime]:3590.17 [SkipTime]:0 [Veto1]:499.018 [Veto2]:517.26 [Veto3]:307.487 [Veto4]:307.487 [SgUp1]:173193 [SgUp2]:172951 [SgUp3]:0 [SgUp4]:0 [SgLow1]:172851 [SgLow2]:172536 [SgLow3]:0 [SgLow4]:0 [NetMuon1]:461422 [NetMuon2]:458532 [NetMuon3]:489755 [NetMuon4]:489755
[Run]:38540 [Site]:2 [Bin]:11449 [FullTime]:3590.17 [SkipTime]:0 [Veto1]:515.347 [Veto2]:494.354 [Veto3]:307.247 [Veto4]:307.247 [SgUp1]:173338 [SgUp2]:174597 [SgUp3]:0 [SgUp4]:0 [SgLow1]:172965 [SgLow2]:174211 [SgLow3]:0 [SgLow4]:0 [NetMuon1]:458248 [NetMuon2]:461680 [NetMuon3]:489454 [NetMuon4]:489454
[Run]:38540 [Site]:2 [Bin]:11450 [FullTime]:3590.17 [SkipTime]:0 [Veto1]:516.544 [Veto2]:484.207 [Veto3]:307.993 [Veto4]:307.993 [SgUp1]:171371 [SgUp2]:174991 [SgUp3]:0 [SgUp4]:0 [SgLow1]:171048 [SgLow2]:174561 [SgLow3]:0 [SgLow4]:0 [NetMuon1]:458977 [NetMuon2]:464073 [NetMuon3]:490264 [NetMuon4]:490264
[Run]:38540 [Site]:2 [Bin]:11451 [FullTime]:3590.17 [SkipTime]:0 [Veto1]:528.728 [Veto2]:491.65 [Veto3]:308.842 [Veto4]:308.842 [SgUp1]:170698 [SgUp2]:173887 [SgUp3]:0 [SgUp4]:0 [SgLow1]:170334 [SgLow2]:173507 [SgLow3]:0 [SgLow4]:0 [NetMuon1]:458716 [NetMuon2]:464439 [NetMuon3]:491753 [NetMuon4]:491753
[Run]:38540 [Site]:2 [Bin]:11452 [FullTime]:3590.17 [SkipTime]:0 [Veto1]:514.855 [Veto2]:518.537 [Veto3]:308.133 [Veto4]:308.133 [SgUp1]:171841 [SgUp2]:172122 [SgUp3]:0 [SgUp4]:0 [SgLow1]:171448 [SgLow2]:171740 [SgLow3]:0 [SgLow4]:0 [NetMuon1]:460018 [NetMuon2]:459611 [NetMuon3]:491090 [NetMuon4]:491090
[Run]:38540 [Site]:2 [Bin]:11453 [FullTime]:3590.17 [SkipTime]:0 [Veto1]:495.398 [Veto2]:506.975 [Veto3]:308.12 [Veto4]:308.12 [SgUp1]:173816 [SgUp2]:174699 [SgUp3]:0 [SgUp4]:0 [SgLow1]:173386 [SgLow2]:174343 [SgLow3]:0 [SgLow4]:0 [NetMuon1]:463144 [NetMuon2]:461397 [NetMuon3]:490959 [NetMuon4]:490959
[Run]:38540 [Site]:2 [Bin]:11454 [FullTime]:3590.17 [SkipTime]:0 [Veto1]:517.16 [Veto2]:497.857 [Veto3]:306.848 [Veto4]:306.848 [SgUp1]:171957 [SgUp2]:174390 [SgUp3]:0 [SgUp4]:0 [SgLow1]:171576 [SgLow2]:173980 [SgLow3]:0 [SgLow4]:0 [NetMuon1]:457355 [NetMuon2]:460176 [NetMuon3]:488790 [NetMuon4]:488790
[Run]:38540 [Site]:2 [Bin]:11455 [FullTime]:3590.17 [SkipTime]:0 [Veto1]:515.59 [Veto2]:525.91 [Veto3]:309.035 [Veto4]:309.035 [SgUp1]:173339 [SgUp2]:173522 [SgUp3]:0 [SgUp4]:0 [SgLow1]:173012 [SgLow2]:173153 [SgLow3]:0 [SgLow4]:0 [NetMuon1]:461224 [NetMuon2]:459748 [NetMuon3]:492241 [NetMuon4]:492241
[Run]:38540 [Site]:2 [Bin]:11456 [FullTime]:3590.17 [SkipTime]:0 [Veto1]:525.417 [Veto2]:495.441 [Veto3]:308.287 [Veto4]:308.287 [SgUp1]:171429 [SgUp2]:174465 [SgUp3]:0 [SgUp4]:0 [SgLow1]:171049 [SgLow2]:174064 [SgLow3]:0 [SgLow4]:0 [NetMuon1]:458731 [NetMuon2]:462915 [NetMuon3]:491016 [NetMuon4]:491016
[Run]:38540 [Site]:2 [Bin]:11457 [FullTime]:3590.17 [SkipTime]:0 [Veto1]:510.306 [Veto2]:504.975 [Veto3]:308.072 [Veto4]:308.072 [SgUp1]:173835 [SgUp2]:173722 [SgUp3]:0 [SgUp4]:0 [SgLow1]:173470 [SgLow2]:173304 [SgLow3]:0 [SgLow4]:0 [NetMuon1]:460072 [NetMuon2]:461073 [NetMuon3]:490517 [NetMuon4]:490517
[Run]:38540 [Site]:2 [Bin]:11458 [FullTime]:3590.17 [SkipTime]:0 [Veto1]:499.245 [Veto2]:507.014 [Veto3]:308.137 [Veto4]:308.137 [SgUp1]:173227 [SgUp2]:174804 [SgUp3]:0 [SgUp4]:0 [SgLow1]:172847 [SgLow2]:174409 [SgLow3]:0 [SgLow4]:0 [NetMuon1]:462180 [NetMuon2]:461223 [NetMuon3]:490863 [NetMuon4]:490863
[Run]:38540 [Site]:2 [Bin]:11459 [FullTime]:3590.17 [SkipTime]:0 [Veto1]:495.231 [Veto2]:485.112 [Veto3]:307.643 [Veto4]:307.643 [SgUp1]:173128 [SgUp2]:175770 [SgUp3]:0 [SgUp4]:0 [SgLow1]:172737 [SgLow2]:175396 [SgLow3]:0 [SgLow4]:0 [NetMuon1]:462413 [NetMuon2]:463667 [NetMuon3]:490173 [NetMuon4]:490173
[Run]:38540 [Site]:2 [Bin]:11460 [FullTime]:3590.17 [SkipTime]:0 [Veto1]:514.203 [Veto2]:528.642 [Veto3]:307.896 [Veto4]:307.896 [SgUp1]:173106 [SgUp2]:172698 [SgUp3]:0 [SgUp4]:0 [SgLow1]:172745 [SgLow2]:172341 [SgLow3]:0 [SgLow4]:0 [NetMuon1]:459665 [NetMuon2]:457311 [NetMuon3]:490337 [NetMuon4]:490337
[Run]:38540 [Site]:2 [Bin]:11461 [FullTime]:3590.17 [SkipTime]:0 [Veto1]:484.64 [Veto2]:498.212 [Veto3]:307.902 [Veto4]:307.902 [SgUp1]:173692 [SgUp2]:175348 [SgUp3]:0 [SgUp4]:0 [SgLow1]:173343 [SgLow2]:174964 [SgLow3]:0 [SgLow4]:0 [NetMuon1]:463928 [NetMuon2]:461960 [NetMuon3]:490290 [NetMuon4]:490290
[Run]:38540 [Site]:2 [Bin]:11462 [FullTime]:3590.17 [SkipTime]:0 [Veto1]:483.044 [Veto2]:509.112 [Veto3]:308.053 [Veto4]:308.053 [SgUp1]:174371 [SgUp2]:173299 [SgUp3]:0 [SgUp4]:0 [SgLow1]:174000 [SgLow2]:172904 [SgLow3]:0 [SgLow4]:0 [NetMuon1]:464226 [NetMuon2]:460537 [NetMuon3]:490471 [NetMuon4]:490471
[Run]:38540 [Site]:2 [Bin]:11463 [FullTime]:3590.17 [SkipTime]:0 [Veto1]:514.024 [Veto2]:507.289 [Veto3]:308.611 [Veto4]:308.611 [SgUp1]:172291 [SgUp2]:174276 [SgUp3]:0 [SgUp4]:0 [SgLow1]:171973 [SgLow2]:173870 [SgLow3]:0 [SgLow4]:0 [NetMuon1]:460456 [NetMuon2]:461676 [NetMuon3]:491376 [NetMuon4]:491376
[Run]:38540 [Site]:2 [Bin]:11464 [FullTime]:3590.17 [SkipTime]:0 [Veto1]:517.971 [Veto2]:506.801 [Veto3]:308.089 [Veto4]:308.089 [SgUp1]:172420 [SgUp2]:174362 [SgUp3]:0 [SgUp4]:0 [SgLow1]:172017 [SgLow2]:173979 [SgLow3]:0 [SgLow4]:0 [NetMuon1]:459251 [NetMuon2]:461300 [NetMuon3]:490741 [NetMuon4]:490741
[Run]:38540 [Site]:2 [Bin]:11465 [FullTime]:3590.17 [SkipTime]:0 [Veto1]:512.397 [Veto2]:519.405 [Veto3]:308.44 [Veto4]:308.44 [SgUp1]:173604 [SgUp2]:172888 [SgUp3]:0 [SgUp4]:0 [SgLow1]:173263 [SgLow2]:172469 [SgLow3]:0 [SgLow4]:0 [NetMuon1]:460689 [NetMuon2]:459830 [NetMuon3]:491450 [NetMuon4]:491450
[Run]:38540 [Site]:2 [Bin]:11466 [FullTime]:3590.17 [SkipTime]:0 [Veto1]:501.119 [Veto2]:504.898 [Veto3]:308.781 [Veto4]:308.781 [SgUp1]:173370 [SgUp2]:174572 [SgUp3]:0 [SgUp4]:0 [SgLow1]:173066 [SgLow2]:174205 [SgLow3]:0 [SgLow4]:0 [NetMuon1]:463094 [NetMuon2]:462670 [NetMuon3]:491947 [NetMuon4]:491947
[Run]:38540 [Site]:2 [Bin]:11467 [FullTime]:3590.17 [SkipTime]:0 [Veto1]:509.271 [Veto2]:494.558 [Veto3]:309.259 [Veto4]:309.259 [SgUp1]:173385 [SgUp2]:174807 [SgUp3]:0 [SgUp4]:0 [SgLow1]:173037 [SgLow2]:174356 [SgLow3]:0 [SgLow4]:0 [NetMuon1]:462213 [NetMuon2]:464690 [NetMuon3]:492439 [NetMuon4]:492439
[Run]:38540 [Site]:2 [Bin]:11468 [FullTime]:3590.17 [SkipTime]:0 [Veto1]:508.086 [Veto2]:517.873 [Veto3]:307.905 [Veto4]:307.905 [SgUp1]:173110 [SgUp2]:173528 [SgUp3]:0 [SgUp4]:0 [SgLow1]:172746 [SgLow2]:173143 [SgLow3]:0 [SgLow4]:0 [NetMuon1]:460172 [NetMuon2]:458897 [NetMuon3]:490322 [NetMuon4]:490322
[Run]:38540 [Site]:2 [Bin]:11469 [FullTime]:3590.17 [SkipTime]:0 [Veto1]:505.125 [Veto2]:508.998 [Veto3]:308.781 [Veto4]:308.781 [SgUp1]:173252 [SgUp2]:173978 [SgUp3]:0 [SgUp4]:0 [SgLow1]:172866 [SgLow2]:173614 [SgLow3]:0 [SgLow4]:0 [NetMuon1]:462402 [NetMuon2]:461780 [NetMuon3]:491662 [NetMuon4]:491662
[Run]:38540 [Site]:2 [Bin]:11470 [FullTime]:3590.17 [SkipTime]:0 [Veto1]:510.339 [Veto2]:504.026 [Veto3]:308.591 [Veto4]:308.591 [SgUp1]:172358 [SgUp2]:173956 [SgUp3]:0 [SgUp4]:0 [SgLow1]:172040 [SgLow2]:173609 [SgLow3]:0 [SgLow4]:0 [NetMuon1]:460917 [NetMuon2]:462107 [NetMuon3]:491422 [NetMuon4]:491422
[Run]:38540 [Site]:2 [Bin]:11471 [FullTime]:3590.17 [SkipTime]:0 [Veto1]:509.752 [Veto2]:535.884 [Veto3]:309.318 [Veto4]:309.318 [SgUp1]:173027 [SgUp2]:171798 [SgUp3]:0 [SgUp4]:0 [SgLow1]:172702 [SgLow2]:171452 [SgLow3]:0 [SgLow4]:0 [NetMuon1]:462478 [NetMuon2]:458358 [NetMuon3]:492580 [NetMuon4]:492580
[Run]:38540 [Site]:2 [Bin]:11472 [FullTime]:3590.17 [SkipTime]:0 [Veto1]:508.649 [Veto2]:496.715 [Veto3]:308.458 [Veto4]:308.458 [SgUp1]:173405 [SgUp2]:174413 [SgUp3]:0 [SgUp4]:0 [SgLow1]:173006 [SgLow2]:173988 [SgLow3]:0 [SgLow4]:0 [NetMuon1]:461172 [NetMuon2]:463110 [NetMuon3]:491266 [NetMuon4]:491266
[Run]:38540 [Site]:2 [Bin]:11473 [FullTime]:3590.18 [SkipTime]:0 [Veto1]:491.443 [Veto2]:512.079 [Veto3]:307.995 [Veto4]:307.995 [SgUp1]:174850 [SgUp2]:173249 [SgUp3]:0 [SgUp4]:0 [SgLow1]:174474 [SgLow2]:172840 [SgLow3]:0 [SgLow4]:0 [NetMuon1]:462971 [NetMuon2]:459978 [NetMuon3]:490535 [NetMuon4]:490535
[Run]:38540 [Site]:2 [Bin]:11474 [FullTime]:3590.16 [SkipTime]:0 [Veto1]:492.386 [Veto2]:511.841 [Veto3]:308.31 [Veto4]:308.31 [SgUp1]:173494 [SgUp2]:173952 [SgUp3]:0 [SgUp4]:0 [SgLow1]:173138 [SgLow2]:173556 [SgLow3]:0 [SgLow4]:0 [NetMuon1]:463387 [NetMuon2]:460366 [NetMuon3]:491042 [NetMuon4]:491042
[Run]:38540 [Site]:2 [Bin]:11475 [FullTime]:3590.17 [SkipTime]:0 [Veto1]:508.552 [Veto2]:535.158 [Veto3]:309.109 [Veto4]:309.109 [SgUp1]:173268 [SgUp2]:172311 [SgUp3]:0 [SgUp4]:0 [SgLow1]:172906 [SgLow2]:171917 [SgLow3]:0 [SgLow4]:0 [NetMuon1]:462362 [NetMuon2]:458580 [NetMuon3]:492231 [NetMuon4]:492231
[Run]:38540 [Site]:2 [Bin]:11476 [FullTime]:3590.17 [SkipTime]:0 [Veto1]:520.406 [Veto2]:517.752 [Veto3]:308.98 [Veto4]:308.98 [SgUp1]:172775 [SgUp2]:173276 [SgUp3]:0 [SgUp4]:0 [SgLow1]:172414 [SgLow2]:172897 [SgLow3]:0 [SgLow4]:0 [NetMuon1]:461109 [NetMuon2]:461020 [NetMuon3]:492243 [NetMuon4]:492243
[Run]:38540 [Site]:2 [Bin]:11477 [FullTime]:3590.17 [SkipTime]:0 [Veto1]:511.655 [Veto2]:501.165 [Veto3]:308.363 [Veto4]:308.363 [SgUp1]:173156 [SgUp2]:174343 [SgUp3]:0 [SgUp4]:0 [SgLow1]:172828 [SgLow2]:173924 [SgLow3]:0 [SgLow4]:0 [NetMuon1]:461030 [NetMuon2]:462426 [NetMuon3]:491260 [NetMuon4]:491260
[Run]:38540 [Site]:2 [Bin]:11478 [FullTime]:3590.17 [SkipTime]:0 [Veto1]:486.539 [Veto2]:492.627 [Veto3]:308.485 [Veto4]:308.485 [SgUp1]:174146 [SgUp2]:175208 [SgUp3]:0 [SgUp4]:0 [SgLow1]:173735 [SgLow2]:174834 [SgLow3]:0 [SgLow4]:0 [NetMuon1]:464837 [NetMuon2]:463768 [NetMuon3]:491474 [NetMuon4]:491474
[Run]:38540 [Site]:2 [Bin]:11479 [FullTime]:3590.17 [SkipTime]:0 [Veto1]:532.306 [Veto2]:492.33 [Veto3]:308.345 [Veto4]:308.345 [SgUp1]:171281 [SgUp2]:175121 [SgUp3]:0 [SgUp4]:0 [SgLow1]:170950 [SgLow2]:174753 [SgLow3]:0 [SgLow4]:0 [NetMuon1]:457354 [NetMuon2]:463393 [NetMuon3]:491141 [NetMuon4]:491141
[Run]:38540 [Site]:2 [Bin]:11480 [FullTime]:3590.17 [SkipTime]:0 [Veto1]:494.039 [Veto2]:502.458 [Veto3]:308.39 [Veto4]:308.39 [SgUp1]:173412 [SgUp2]:173590 [SgUp3]:0 [SgUp4]:0 [SgLow1]:173099 [SgLow2]:173167 [SgLow3]:0 [SgLow4]:0 [NetMuon1]:463342 [NetMuon2]:462038 [NetMuon3]:491072 [NetMuon4]:491072
[Run]:38540 [Site]:2 [Bin]:11481 [FullTime]:3590.17 [SkipTime]:0 [Veto1]:509.238 [Veto2]:501.448 [Veto3]:309.113 [Veto4]:309.113 [SgUp1]:172460 [SgUp2]:173822 [SgUp3]:0 [SgUp4]:0 [SgLow1]:172093 [SgLow2]:173461 [SgLow3]:0 [SgLow4]:0 [NetMuon1]:462210 [NetMuon2]:463522 [NetMuon3]:492313 [NetMuon4]:492313
[Run]:38540 [Site]:2 [Bin]:11482 [FullTime]:3590.17 [SkipTime]:0 [Veto1]:498.898 [Veto2]:506.184 [Veto3]:308.993 [Veto4]:308.993 [SgUp1]:173838 [SgUp2]:173646 [SgUp3]:0 [SgUp4]:0 [SgLow1]:173469 [SgLow2]:173252 [SgLow3]:0 [SgLow4]:0 [NetMuon1]:463646 [NetMuon2]:462867 [NetMuon3]:492219 [NetMuon4]:492219
[Run]:38540 [Site]:2 [Bin]:11483 [FullTime]:3590.17 [SkipTime]:0 [Veto1]:513.482 [Veto2]:523.779 [Veto3]:308.394 [Veto4]:308.394 [SgUp1]:171931 [SgUp2]:172416 [SgUp3]:0 [SgUp4]:0 [SgLow1]:171579 [SgLow2]:172034 [SgLow3]:0 [SgLow4]:0 [NetMuon1]:460613 [NetMuon2]:459255 [NetMuon3]:491255 [NetMuon4]:491255
[Run]:38540 [Site]:2 [Bin]:11484 [FullTime]:3590.17 [SkipTime]:0 [Veto1]:519.753 [Veto2]:490.205 [Veto3]:309.47 [Veto4]:309.47 [SgUp1]:172285 [SgUp2]:174619 [SgUp3]:0 [SgUp4]:0 [SgLow1]:171900 [SgLow2]:174181 [SgLow3]:0 [SgLow4]:0 [NetMuon1]:461255 [NetMuon2]:465541 [NetMuon3]:492925 [NetMuon4]:492925
[Run]:38540 [Site]:2 [Bin]:11485 [FullTime]:3590.17 [SkipTime]:0 [Veto1]:507.528 [Veto2]:524.015 [Veto3]:308.238 [Veto4]:308.238 [SgUp1]:172652 [SgUp2]:173105 [SgUp3]:0 [SgUp4]:0 [SgLow1]:172239 [SgLow2]:172721 [SgLow3]:0 [SgLow4]:0 [NetMuon1]:461300 [NetMuon2]:458844 [NetMuon3]:490923 [NetMuon4]:490923
[Run]:38540 [Site]:2 [Bin]:11486 [FullTime]:3590.17 [SkipTime]:0 [Veto1]:509.225 [Veto2]:532.501 [Veto3]:310.002 [Veto4]:310.002 [SgUp1]:172503 [SgUp2]:173150 [SgUp3]:0 [SgUp4]:0 [SgLow1]:172151 [SgLow2]:172769 [SgLow3]:0 [SgLow4]:0 [NetMuon1]:463381 [NetMuon2]:460233 [NetMuon3]:493725 [NetMuon4]:493725
[Run]:38540 [Site]:2 [Bin]:11487 [FullTime]:3590.17 [SkipTime]:0 [Veto1]:495.627 [Veto2]:491.398 [Veto3]:308.637 [Veto4]:308.637 [SgUp1]:173402 [SgUp2]:175188 [SgUp3]:0 [SgUp4]:0 [SgLow1]:173086 [SgLow2]:174755 [SgLow3]:0 [SgLow4]:0 [NetMuon1]:463232 [NetMuon2]:463927 [NetMuon3]:491484 [NetMuon4]:491484
[Run]:38540 [Site]:2 [Bin]:11488 [FullTime]:3590.17 [SkipTime]:0 [Veto1]:526.396 [Veto2]:499.134 [Veto3]:308.842 [Veto4]:308.842 [SgUp1]:170764 [SgUp2]:174561 [SgUp3]:0 [SgUp4]:0 [SgLow1]:170377 [SgLow2]:174180 [SgLow3]:0 [SgLow4]:0 [NetMuon1]:459350 [NetMuon2]:463047 [NetMuon3]:491918 [NetMuon4]:491918
End process Run: 38540 ... 
[Run]:38540 [Site]:2 [Bin]:11489 [FullTime]:2728.42 [SkipTime]:0 [Veto1]:394.394 [Veto2]:388.153 [Veto3]:234.197 [Veto4]:234.197
