StreamChain add 0x34837e0
Start to process run: 39587 ... 
[Run]:39587 [Site]:2 [Bin]:12685 [FullTime]:2075.71 [SkipTime]:0 [Veto1]:286.142 [Veto2]:288.89 [Veto3]:178.444 [Veto4]:178.444 [SgUp1]:100119 [SgUp2]:100695 [SgUp3]:0 [SgUp4]:0 [SgLow1]:99899 [SgLow2]:100471 [SgLow3]:0 [SgLow4]:0 [NetMuon1]:268246 [NetMuon2]:267713 [NetMuon3]:284231 [NetMuon4]:284231
[Run]:39587 [Site]:2 [Bin]:12686 [FullTime]:3590.17 [SkipTime]:0 [Veto1]:471.481 [Veto2]:500.17 [Veto3]:309.104 [Veto4]:309.104 [SgUp1]:174518 [SgUp2]:174465 [SgUp3]:0 [SgUp4]:0 [SgLow1]:174122 [SgLow2]:174104 [SgLow3]:0 [SgLow4]:0 [NetMuon1]:467768 [NetMuon2]:463381 [NetMuon3]:492459 [NetMuon4]:492459
[Run]:39587 [Site]:2 [Bin]:12687 [FullTime]:3590.17 [SkipTime]:0 [Veto1]:512.118 [Veto2]:509.835 [Veto3]:309.439 [Veto4]:309.439 [SgUp1]:171939 [SgUp2]:172704 [SgUp3]:0 [SgUp4]:0 [SgLow1]:171607 [SgLow2]:172295 [SgLow3]:0 [SgLow4]:0 [NetMuon1]:462396 [NetMuon2]:462645 [NetMuon3]:492836 [NetMuon4]:492836
[Run]:39587 [Site]:2 [Bin]:12688 [FullTime]:3590.17 [SkipTime]:0 [Veto1]:508.105 [Veto2]:521.431 [Veto3]:309.011 [Veto4]:309.011 [SgUp1]:171874 [SgUp2]:172817 [SgUp3]:0 [SgUp4]:0 [SgLow1]:171528 [SgLow2]:172369 [SgLow3]:0 [SgLow4]:0 [NetMuon1]:462190 [NetMuon2]:460405 [NetMuon3]:492179 [NetMuon4]:492179
[Run]:39587 [Site]:2 [Bin]:12689 [FullTime]:3590.17 [SkipTime]:0 [Veto1]:501.386 [Veto2]:500.58 [Veto3]:310.094 [Veto4]:310.094 [SgUp1]:172353 [SgUp2]:173250 [SgUp3]:0 [SgUp4]:0 [SgLow1]:172007 [SgLow2]:172840 [SgLow3]:0 [SgLow4]:0 [NetMuon1]:465109 [NetMuon2]:465002 [NetMuon3]:493773 [NetMuon4]:493773
[Run]:39587 [Site]:2 [Bin]:12690 [FullTime]:3590.17 [SkipTime]:0 [Veto1]:515.851 [Veto2]:507.585 [Veto3]:309.066 [Veto4]:309.066 [SgUp1]:171530 [SgUp2]:173251 [SgUp3]:0 [SgUp4]:0 [SgLow1]:171170 [SgLow2]:172847 [SgLow3]:0 [SgLow4]:0 [NetMuon1]:461124 [NetMuon2]:462509 [NetMuon3]:492354 [NetMuon4]:492354
[Run]:39587 [Site]:2 [Bin]:12691 [FullTime]:3590.17 [SkipTime]:0 [Veto1]:520.378 [Veto2]:508.936 [Veto3]:309.859 [Veto4]:309.859 [SgUp1]:171362 [SgUp2]:173384 [SgUp3]:0 [SgUp4]:0 [SgLow1]:171024 [SgLow2]:173023 [SgLow3]:0 [SgLow4]:0 [NetMuon1]:461821 [NetMuon2]:463320 [NetMuon3]:493437 [NetMuon4]:493437
[Run]:39587 [Site]:2 [Bin]:12692 [FullTime]:3590.17 [SkipTime]:0 [Veto1]:508.768 [Veto2]:496.388 [Veto3]:309.186 [Veto4]:309.186 [SgUp1]:172695 [SgUp2]:174091 [SgUp3]:0 [SgUp4]:0 [SgLow1]:172395 [SgLow2]:173680 [SgLow3]:0 [SgLow4]:0 [NetMuon1]:462811 [NetMuon2]:464512 [NetMuon3]:492669 [NetMuon4]:492669
[Run]:39587 [Site]:2 [Bin]:12693 [FullTime]:3590.17 [SkipTime]:0 [Veto1]:494.862 [Veto2]:510.909 [Veto3]:309.124 [Veto4]:309.124 [SgUp1]:172815 [SgUp2]:172528 [SgUp3]:0 [SgUp4]:0 [SgLow1]:172465 [SgLow2]:172093 [SgLow3]:0 [SgLow4]:0 [NetMuon1]:463958 [NetMuon2]:462186 [NetMuon3]:492165 [NetMuon4]:492165
[Run]:39587 [Site]:2 [Bin]:12694 [FullTime]:3590.17 [SkipTime]:0 [Veto1]:506.599 [Veto2]:503.734 [Veto3]:309.273 [Veto4]:309.273 [SgUp1]:173098 [SgUp2]:173764 [SgUp3]:0 [SgUp4]:0 [SgLow1]:172772 [SgLow2]:173373 [SgLow3]:0 [SgLow4]:0 [NetMuon1]:463217 [NetMuon2]:463358 [NetMuon3]:492572 [NetMuon4]:492572
[Run]:39587 [Site]:2 [Bin]:12695 [FullTime]:3590.17 [SkipTime]:0 [Veto1]:507.404 [Veto2]:504.225 [Veto3]:309.463 [Veto4]:309.463 [SgUp1]:172072 [SgUp2]:173298 [SgUp3]:0 [SgUp4]:0 [SgLow1]:171703 [SgLow2]:172876 [SgLow3]:0 [SgLow4]:0 [NetMuon1]:463142 [NetMuon2]:463796 [NetMuon3]:492940 [NetMuon4]:492940
[Run]:39587 [Site]:2 [Bin]:12696 [FullTime]:3590.17 [SkipTime]:0 [Veto1]:518.463 [Veto2]:510.922 [Veto3]:308.251 [Veto4]:308.251 [SgUp1]:171806 [SgUp2]:173345 [SgUp3]:0 [SgUp4]:0 [SgLow1]:171456 [SgLow2]:172963 [SgLow3]:0 [SgLow4]:0 [NetMuon1]:459677 [NetMuon2]:460537 [NetMuon3]:490892 [NetMuon4]:490892
[Run]:39587 [Site]:2 [Bin]:12697 [FullTime]:3590.17 [SkipTime]:0 [Veto1]:508.254 [Veto2]:521.512 [Veto3]:308.958 [Veto4]:308.958 [SgUp1]:172193 [SgUp2]:173240 [SgUp3]:0 [SgUp4]:0 [SgLow1]:171848 [SgLow2]:172835 [SgLow3]:0 [SgLow4]:0 [NetMuon1]:462002 [NetMuon2]:460169 [NetMuon3]:492164 [NetMuon4]:492164
[Run]:39587 [Site]:2 [Bin]:12698 [FullTime]:3590.17 [SkipTime]:0 [Veto1]:521.874 [Veto2]:508.249 [Veto3]:308.248 [Veto4]:308.248 [SgUp1]:172042 [SgUp2]:173582 [SgUp3]:0 [SgUp4]:0 [SgLow1]:171704 [SgLow2]:173188 [SgLow3]:0 [SgLow4]:0 [NetMuon1]:458982 [NetMuon2]:460738 [NetMuon3]:490824 [NetMuon4]:490824
[Run]:39587 [Site]:2 [Bin]:12699 [FullTime]:3590.17 [SkipTime]:0 [Veto1]:525.018 [Veto2]:480.44 [Veto3]:308.396 [Veto4]:308.396 [SgUp1]:171320 [SgUp2]:175339 [SgUp3]:0 [SgUp4]:0 [SgLow1]:170893 [SgLow2]:174961 [SgLow3]:0 [SgLow4]:0 [NetMuon1]:458754 [NetMuon2]:465148 [NetMuon3]:490975 [NetMuon4]:490975
[Run]:39587 [Site]:2 [Bin]:12700 [FullTime]:3590.17 [SkipTime]:0 [Veto1]:511.31 [Veto2]:520.893 [Veto3]:309.339 [Veto4]:309.339 [SgUp1]:172843 [SgUp2]:172064 [SgUp3]:0 [SgUp4]:0 [SgLow1]:172438 [SgLow2]:171655 [SgLow3]:0 [SgLow4]:0 [NetMuon1]:462245 [NetMuon2]:460948 [NetMuon3]:492595 [NetMuon4]:492595
[Run]:39587 [Site]:2 [Bin]:12701 [FullTime]:3590.18 [SkipTime]:0 [Veto1]:506.914 [Veto2]:504.229 [Veto3]:309.196 [Veto4]:309.196 [SgUp1]:172140 [SgUp2]:173705 [SgUp3]:0 [SgUp4]:0 [SgLow1]:171812 [SgLow2]:173279 [SgLow3]:0 [SgLow4]:0 [NetMuon1]:462986 [NetMuon2]:463341 [NetMuon3]:492605 [NetMuon4]:492605
[Run]:39587 [Site]:2 [Bin]:12702 [FullTime]:3590.17 [SkipTime]:0 [Veto1]:521.407 [Veto2]:501.69 [Veto3]:309.435 [Veto4]:309.435 [SgUp1]:171740 [SgUp2]:174402 [SgUp3]:0 [SgUp4]:0 [SgLow1]:171409 [SgLow2]:173952 [SgLow3]:0 [SgLow4]:0 [NetMuon1]:461162 [NetMuon2]:463839 [NetMuon3]:493061 [NetMuon4]:493061
[Run]:39587 [Site]:2 [Bin]:12703 [FullTime]:3590.17 [SkipTime]:0 [Veto1]:505.218 [Veto2]:511.194 [Veto3]:309.112 [Veto4]:309.112 [SgUp1]:173535 [SgUp2]:173419 [SgUp3]:0 [SgUp4]:0 [SgLow1]:173148 [SgLow2]:172980 [SgLow3]:0 [SgLow4]:0 [NetMuon1]:462787 [NetMuon2]:461861 [NetMuon3]:492379 [NetMuon4]:492379
[Run]:39587 [Site]:2 [Bin]:12704 [FullTime]:3590.17 [SkipTime]:0 [Veto1]:518.684 [Veto2]:507.632 [Veto3]:308.845 [Veto4]:308.845 [SgUp1]:172753 [SgUp2]:173840 [SgUp3]:0 [SgUp4]:0 [SgLow1]:172363 [SgLow2]:173400 [SgLow3]:0 [SgLow4]:0 [NetMuon1]:460236 [NetMuon2]:462182 [NetMuon3]:491743 [NetMuon4]:491743
[Run]:39587 [Site]:2 [Bin]:12705 [FullTime]:3590.17 [SkipTime]:0 [Veto1]:485.272 [Veto2]:514.448 [Veto3]:309.032 [Veto4]:309.032 [SgUp1]:174467 [SgUp2]:173638 [SgUp3]:0 [SgUp4]:0 [SgLow1]:174069 [SgLow2]:173277 [SgLow3]:0 [SgLow4]:0 [NetMuon1]:465911 [NetMuon2]:461467 [NetMuon3]:492232 [NetMuon4]:492232
[Run]:39587 [Site]:2 [Bin]:12706 [FullTime]:3590.17 [SkipTime]:0 [Veto1]:498.76 [Veto2]:524.986 [Veto3]:309.192 [Veto4]:309.192 [SgUp1]:173141 [SgUp2]:172791 [SgUp3]:0 [SgUp4]:0 [SgLow1]:172816 [SgLow2]:172319 [SgLow3]:0 [SgLow4]:0 [NetMuon1]:463848 [NetMuon2]:459843 [NetMuon3]:492223 [NetMuon4]:492223
[Run]:39587 [Site]:2 [Bin]:12707 [FullTime]:3590.17 [SkipTime]:0 [Veto1]:518.251 [Veto2]:512.931 [Veto3]:308.467 [Veto4]:308.467 [SgUp1]:172315 [SgUp2]:172965 [SgUp3]:0 [SgUp4]:0 [SgLow1]:171899 [SgLow2]:172564 [SgLow3]:0 [SgLow4]:0 [NetMuon1]:459865 [NetMuon2]:460853 [NetMuon3]:491334 [NetMuon4]:491334
[Run]:39587 [Site]:2 [Bin]:12708 [FullTime]:3590.17 [SkipTime]:0 [Veto1]:524.658 [Veto2]:489.607 [Veto3]:308.999 [Veto4]:308.999 [SgUp1]:171774 [SgUp2]:174142 [SgUp3]:0 [SgUp4]:0 [SgLow1]:171347 [SgLow2]:173785 [SgLow3]:0 [SgLow4]:0 [NetMuon1]:459925 [NetMuon2]:465164 [NetMuon3]:492259 [NetMuon4]:492259
[Run]:39587 [Site]:2 [Bin]:12709 [FullTime]:3590.17 [SkipTime]:0 [Veto1]:517.456 [Veto2]:520.536 [Veto3]:309.083 [Veto4]:309.083 [SgUp1]:171863 [SgUp2]:173772 [SgUp3]:0 [SgUp4]:0 [SgLow1]:171489 [SgLow2]:173359 [SgLow3]:0 [SgLow4]:0 [NetMuon1]:460885 [NetMuon2]:460598 [NetMuon3]:492298 [NetMuon4]:492298
[Run]:39587 [Site]:2 [Bin]:12710 [FullTime]:3590.17 [SkipTime]:0 [Veto1]:502.004 [Veto2]:507.019 [Veto3]:308.647 [Veto4]:308.647 [SgUp1]:173016 [SgUp2]:172675 [SgUp3]:0 [SgUp4]:0 [SgLow1]:172654 [SgLow2]:172296 [SgLow3]:0 [SgLow4]:0 [NetMuon1]:462385 [NetMuon2]:461506 [NetMuon3]:491452 [NetMuon4]:491452
[Run]:39587 [Site]:2 [Bin]:12711 [FullTime]:3590.17 [SkipTime]:0 [Veto1]:517.825 [Veto2]:504.096 [Veto3]:309.001 [Veto4]:309.001 [SgUp1]:171479 [SgUp2]:173725 [SgUp3]:0 [SgUp4]:0 [SgLow1]:171129 [SgLow2]:173323 [SgLow3]:0 [SgLow4]:0 [NetMuon1]:461035 [NetMuon2]:462700 [NetMuon3]:492197 [NetMuon4]:492197
[Run]:39587 [Site]:2 [Bin]:12712 [FullTime]:3590.17 [SkipTime]:0 [Veto1]:500.032 [Veto2]:503.53 [Veto3]:309.732 [Veto4]:309.732 [SgUp1]:173750 [SgUp2]:173890 [SgUp3]:0 [SgUp4]:0 [SgLow1]:173350 [SgLow2]:173530 [SgLow3]:0 [SgLow4]:0 [NetMuon1]:464540 [NetMuon2]:464105 [NetMuon3]:493154 [NetMuon4]:493154
[Run]:39587 [Site]:2 [Bin]:12713 [FullTime]:3590.17 [SkipTime]:0 [Veto1]:498.515 [Veto2]:529.834 [Veto3]:309.285 [Veto4]:309.285 [SgUp1]:173456 [SgUp2]:172228 [SgUp3]:0 [SgUp4]:0 [SgLow1]:173108 [SgLow2]:171779 [SgLow3]:0 [SgLow4]:0 [NetMuon1]:464386 [NetMuon2]:459464 [NetMuon3]:492506 [NetMuon4]:492506
[Run]:39587 [Site]:2 [Bin]:12714 [FullTime]:3590.18 [SkipTime]:0 [Veto1]:478.361 [Veto2]:508.73 [Veto3]:308.389 [Veto4]:308.389 [SgUp1]:174925 [SgUp2]:173485 [SgUp3]:0 [SgUp4]:0 [SgLow1]:174497 [SgLow2]:173068 [SgLow3]:0 [SgLow4]:0 [NetMuon1]:465773 [NetMuon2]:461006 [NetMuon3]:491237 [NetMuon4]:491237
[Run]:39587 [Site]:2 [Bin]:12715 [FullTime]:3590.16 [SkipTime]:0 [Veto1]:520.978 [Veto2]:510.464 [Veto3]:308.48 [Veto4]:308.48 [SgUp1]:172274 [SgUp2]:172987 [SgUp3]:0 [SgUp4]:0 [SgLow1]:171889 [SgLow2]:172551 [SgLow3]:0 [SgLow4]:0 [NetMuon1]:459571 [NetMuon2]:461260 [NetMuon3]:491317 [NetMuon4]:491317
[Run]:39587 [Site]:2 [Bin]:12716 [FullTime]:3590.17 [SkipTime]:0 [Veto1]:515.462 [Veto2]:524.013 [Veto3]:308.243 [Veto4]:308.243 [SgUp1]:171600 [SgUp2]:172985 [SgUp3]:0 [SgUp4]:0 [SgLow1]:171251 [SgLow2]:172551 [SgLow3]:0 [SgLow4]:0 [NetMuon1]:459969 [NetMuon2]:458655 [NetMuon3]:490871 [NetMuon4]:490871
[Run]:39587 [Site]:2 [Bin]:12717 [FullTime]:3590.17 [SkipTime]:0 [Veto1]:503.334 [Veto2]:518.807 [Veto3]:308.882 [Veto4]:308.882 [SgUp1]:172751 [SgUp2]:172654 [SgUp3]:0 [SgUp4]:0 [SgLow1]:172398 [SgLow2]:172213 [SgLow3]:0 [SgLow4]:0 [NetMuon1]:462614 [NetMuon2]:460247 [NetMuon3]:491785 [NetMuon4]:491785
[Run]:39587 [Site]:2 [Bin]:12718 [FullTime]:3590.17 [SkipTime]:0 [Veto1]:527.017 [Veto2]:505.212 [Veto3]:308.926 [Veto4]:308.926 [SgUp1]:170977 [SgUp2]:174423 [SgUp3]:0 [SgUp4]:0 [SgLow1]:170626 [SgLow2]:173966 [SgLow3]:0 [SgLow4]:0 [NetMuon1]:459351 [NetMuon2]:462468 [NetMuon3]:492021 [NetMuon4]:492021
[Run]:39587 [Site]:2 [Bin]:12719 [FullTime]:3590.17 [SkipTime]:0 [Veto1]:513.821 [Veto2]:520.345 [Veto3]:308.167 [Veto4]:308.167 [SgUp1]:172242 [SgUp2]:172630 [SgUp3]:0 [SgUp4]:0 [SgLow1]:171915 [SgLow2]:172224 [SgLow3]:0 [SgLow4]:0 [NetMuon1]:460347 [NetMuon2]:459382 [NetMuon3]:491149 [NetMuon4]:491149
[Run]:39587 [Site]:2 [Bin]:12720 [FullTime]:3590.17 [SkipTime]:0 [Veto1]:488.294 [Veto2]:526.868 [Veto3]:308.199 [Veto4]:308.199 [SgUp1]:173421 [SgUp2]:172488 [SgUp3]:0 [SgUp4]:0 [SgLow1]:173036 [SgLow2]:172091 [SgLow3]:0 [SgLow4]:0 [NetMuon1]:464318 [NetMuon2]:458220 [NetMuon3]:490999 [NetMuon4]:490999
[Run]:39587 [Site]:2 [Bin]:12721 [FullTime]:3590.17 [SkipTime]:0 [Veto1]:528.579 [Veto2]:526.126 [Veto3]:308.995 [Veto4]:308.995 [SgUp1]:171392 [SgUp2]:173016 [SgUp3]:0 [SgUp4]:0 [SgLow1]:171014 [SgLow2]:172627 [SgLow3]:0 [SgLow4]:0 [NetMuon1]:459292 [NetMuon2]:459541 [NetMuon3]:492049 [NetMuon4]:492049
[Run]:39587 [Site]:2 [Bin]:12722 [FullTime]:3590.17 [SkipTime]:0 [Veto1]:532.745 [Veto2]:502.304 [Veto3]:309.09 [Veto4]:309.09 [SgUp1]:171166 [SgUp2]:174564 [SgUp3]:0 [SgUp4]:0 [SgLow1]:170784 [SgLow2]:174128 [SgLow3]:0 [SgLow4]:0 [NetMuon1]:458970 [NetMuon2]:463466 [NetMuon3]:492419 [NetMuon4]:492419
[Run]:39587 [Site]:2 [Bin]:12723 [FullTime]:3590.17 [SkipTime]:0 [Veto1]:490.837 [Veto2]:498.975 [Veto3]:308.112 [Veto4]:308.112 [SgUp1]:173934 [SgUp2]:174537 [SgUp3]:0 [SgUp4]:0 [SgLow1]:173552 [SgLow2]:174132 [SgLow3]:0 [SgLow4]:0 [NetMuon1]:463683 [NetMuon2]:462031 [NetMuon3]:490823 [NetMuon4]:490823
[Run]:39587 [Site]:2 [Bin]:12724 [FullTime]:3590.17 [SkipTime]:0 [Veto1]:494.688 [Veto2]:496.683 [Veto3]:308.308 [Veto4]:308.308 [SgUp1]:173211 [SgUp2]:174071 [SgUp3]:0 [SgUp4]:0 [SgLow1]:172860 [SgLow2]:173636 [SgLow3]:0 [SgLow4]:0 [NetMuon1]:463025 [NetMuon2]:462654 [NetMuon3]:490972 [NetMuon4]:490972
[Run]:39587 [Site]:2 [Bin]:12725 [FullTime]:3590.17 [SkipTime]:0 [Veto1]:515.221 [Veto2]:504.96 [Veto3]:308.92 [Veto4]:308.92 [SgUp1]:172267 [SgUp2]:174046 [SgUp3]:0 [SgUp4]:0 [SgLow1]:171901 [SgLow2]:173658 [SgLow3]:0 [SgLow4]:0 [NetMuon1]:461178 [NetMuon2]:462509 [NetMuon3]:492109 [NetMuon4]:492109
[Run]:39587 [Site]:2 [Bin]:12726 [FullTime]:3590.17 [SkipTime]:0 [Veto1]:510.613 [Veto2]:499.561 [Veto3]:308.023 [Veto4]:308.023 [SgUp1]:172748 [SgUp2]:174198 [SgUp3]:0 [SgUp4]:0 [SgLow1]:172373 [SgLow2]:173738 [SgLow3]:0 [SgLow4]:0 [NetMuon1]:460535 [NetMuon2]:461983 [NetMuon3]:490641 [NetMuon4]:490641
[Run]:39587 [Site]:2 [Bin]:12727 [FullTime]:3590.17 [SkipTime]:0 [Veto1]:507.886 [Veto2]:504.787 [Veto3]:308.49 [Veto4]:308.49 [SgUp1]:173267 [SgUp2]:173544 [SgUp3]:0 [SgUp4]:0 [SgLow1]:172892 [SgLow2]:173134 [SgLow3]:0 [SgLow4]:0 [NetMuon1]:461118 [NetMuon2]:461979 [NetMuon3]:491268 [NetMuon4]:491268
[Run]:39587 [Site]:2 [Bin]:12728 [FullTime]:3590.17 [SkipTime]:0 [Veto1]:511.278 [Veto2]:498.053 [Veto3]:307.961 [Veto4]:307.961 [SgUp1]:172906 [SgUp2]:174583 [SgUp3]:0 [SgUp4]:0 [SgLow1]:172528 [SgLow2]:174146 [SgLow3]:0 [SgLow4]:0 [NetMuon1]:460263 [NetMuon2]:461970 [NetMuon3]:490601 [NetMuon4]:490601
[Run]:39587 [Site]:2 [Bin]:12729 [FullTime]:3590.17 [SkipTime]:0 [Veto1]:505.711 [Veto2]:514.924 [Veto3]:308.685 [Veto4]:308.685 [SgUp1]:173197 [SgUp2]:173645 [SgUp3]:0 [SgUp4]:0 [SgLow1]:172827 [SgLow2]:173223 [SgLow3]:0 [SgLow4]:0 [NetMuon1]:461973 [NetMuon2]:460797 [NetMuon3]:491599 [NetMuon4]:491599
[Run]:39587 [Site]:2 [Bin]:12730 [FullTime]:3590.17 [SkipTime]:0 [Veto1]:488.823 [Veto2]:506.332 [Veto3]:308.966 [Veto4]:308.966 [SgUp1]:174485 [SgUp2]:173860 [SgUp3]:0 [SgUp4]:0 [SgLow1]:174082 [SgLow2]:173454 [SgLow3]:0 [SgLow4]:0 [NetMuon1]:465343 [NetMuon2]:462692 [NetMuon3]:492250 [NetMuon4]:492250
[Run]:39587 [Site]:2 [Bin]:12731 [FullTime]:3590.17 [SkipTime]:0 [Veto1]:520.141 [Veto2]:547.172 [Veto3]:308.862 [Veto4]:308.862 [SgUp1]:171959 [SgUp2]:171679 [SgUp3]:0 [SgUp4]:0 [SgLow1]:171611 [SgLow2]:171329 [SgLow3]:0 [SgLow4]:0 [NetMuon1]:459982 [NetMuon2]:455956 [NetMuon3]:491805 [NetMuon4]:491805
[Run]:39587 [Site]:2 [Bin]:12732 [FullTime]:3590.17 [SkipTime]:0 [Veto1]:504.234 [Veto2]:500.159 [Veto3]:308.915 [Veto4]:308.915 [SgUp1]:172945 [SgUp2]:174979 [SgUp3]:0 [SgUp4]:0 [SgLow1]:172588 [SgLow2]:174576 [SgLow3]:0 [SgLow4]:0 [NetMuon1]:462699 [NetMuon2]:463308 [NetMuon3]:492082 [NetMuon4]:492082
End process Run: 39587 ... 
[Run]:39587 [Site]:2 [Bin]:12733 [FullTime]:2710.87 [SkipTime]:0 [Veto1]:396.501 [Veto2]:398.737 [Veto3]:233.707 [Veto4]:233.707
