StreamChain add 0x37337e0
Start to process run: 39177 ... 
[Run]:39177 [Site]:2 [Bin]:12109 [FullTime]:3293.66 [SkipTime]:0 [Veto1]:460.664 [Veto2]:483.455 [Veto3]:283.912 [Veto4]:283.912 [SgUp1]:159008 [SgUp2]:158392 [SgUp3]:0 [SgUp4]:0 [SgLow1]:158750 [SgLow2]:158045 [SgLow3]:0 [SgLow4]:0 [NetMuon1]:425878 [NetMuon2]:422224 [NetMuon3]:452199 [NetMuon4]:452199
[Run]:39177 [Site]:2 [Bin]:12110 [FullTime]:3590.17 [SkipTime]:0 [Veto1]:514.156 [Veto2]:504.27 [Veto3]:308.149 [Veto4]:308.149 [SgUp1]:172504 [SgUp2]:173334 [SgUp3]:0 [SgUp4]:0 [SgLow1]:172134 [SgLow2]:172978 [SgLow3]:0 [SgLow4]:0 [NetMuon1]:460155 [NetMuon2]:461375 [NetMuon3]:490688 [NetMuon4]:490688
[Run]:39177 [Site]:2 [Bin]:12111 [FullTime]:3590.17 [SkipTime]:0 [Veto1]:514.806 [Veto2]:531.161 [Veto3]:309.751 [Veto4]:309.751 [SgUp1]:172843 [SgUp2]:172706 [SgUp3]:0 [SgUp4]:0 [SgLow1]:172529 [SgLow2]:172304 [SgLow3]:0 [SgLow4]:0 [NetMuon1]:462509 [NetMuon2]:460249 [NetMuon3]:493571 [NetMuon4]:493571
[Run]:39177 [Site]:2 [Bin]:12112 [FullTime]:3590.17 [SkipTime]:0 [Veto1]:518.233 [Veto2]:493.17 [Veto3]:308.307 [Veto4]:308.307 [SgUp1]:171712 [SgUp2]:174871 [SgUp3]:0 [SgUp4]:0 [SgLow1]:171387 [SgLow2]:174497 [SgLow3]:0 [SgLow4]:0 [NetMuon1]:459825 [NetMuon2]:463468 [NetMuon3]:491084 [NetMuon4]:491084
[Run]:39177 [Site]:2 [Bin]:12113 [FullTime]:3590.17 [SkipTime]:0 [Veto1]:509.448 [Veto2]:515.454 [Veto3]:309.009 [Veto4]:309.009 [SgUp1]:172749 [SgUp2]:174339 [SgUp3]:0 [SgUp4]:0 [SgLow1]:172422 [SgLow2]:173972 [SgLow3]:0 [SgLow4]:0 [NetMuon1]:462135 [NetMuon2]:461099 [NetMuon3]:492282 [NetMuon4]:492282
[Run]:39177 [Site]:2 [Bin]:12114 [FullTime]:3590.17 [SkipTime]:0 [Veto1]:498.086 [Veto2]:493.29 [Veto3]:309.338 [Veto4]:309.338 [SgUp1]:173367 [SgUp2]:174081 [SgUp3]:0 [SgUp4]:0 [SgLow1]:172993 [SgLow2]:173702 [SgLow3]:0 [SgLow4]:0 [NetMuon1]:464397 [NetMuon2]:464896 [NetMuon3]:492563 [NetMuon4]:492563
[Run]:39177 [Site]:2 [Bin]:12115 [FullTime]:3590.17 [SkipTime]:0 [Veto1]:520.528 [Veto2]:523.819 [Veto3]:308.572 [Veto4]:308.572 [SgUp1]:172394 [SgUp2]:173239 [SgUp3]:0 [SgUp4]:0 [SgLow1]:172072 [SgLow2]:172866 [SgLow3]:0 [SgLow4]:0 [NetMuon1]:460123 [NetMuon2]:459275 [NetMuon3]:491562 [NetMuon4]:491562
[Run]:39177 [Site]:2 [Bin]:12116 [FullTime]:3590.17 [SkipTime]:0 [Veto1]:504.448 [Veto2]:514.792 [Veto3]:309.044 [Veto4]:309.044 [SgUp1]:173358 [SgUp2]:172861 [SgUp3]:0 [SgUp4]:0 [SgLow1]:172980 [SgLow2]:172513 [SgLow3]:0 [SgLow4]:0 [NetMuon1]:463059 [NetMuon2]:461483 [NetMuon3]:492288 [NetMuon4]:492288
[Run]:39177 [Site]:2 [Bin]:12117 [FullTime]:3590.17 [SkipTime]:0 [Veto1]:507.103 [Veto2]:479.307 [Veto3]:308.65 [Veto4]:308.65 [SgUp1]:173162 [SgUp2]:174437 [SgUp3]:0 [SgUp4]:0 [SgLow1]:172835 [SgLow2]:174053 [SgLow3]:0 [SgLow4]:0 [NetMuon1]:461963 [NetMuon2]:465909 [NetMuon3]:491433 [NetMuon4]:491433
[Run]:39177 [Site]:2 [Bin]:12118 [FullTime]:3590.17 [SkipTime]:0 [Veto1]:519.295 [Veto2]:511.609 [Veto3]:309.097 [Veto4]:309.097 [SgUp1]:172878 [SgUp2]:172669 [SgUp3]:0 [SgUp4]:0 [SgLow1]:172539 [SgLow2]:172263 [SgLow3]:0 [SgLow4]:0 [NetMuon1]:460599 [NetMuon2]:461914 [NetMuon3]:492176 [NetMuon4]:492176
[Run]:39177 [Site]:2 [Bin]:12119 [FullTime]:3590.17 [SkipTime]:0 [Veto1]:518.948 [Veto2]:503.421 [Veto3]:308.68 [Veto4]:308.68 [SgUp1]:172484 [SgUp2]:174015 [SgUp3]:0 [SgUp4]:0 [SgLow1]:172151 [SgLow2]:173584 [SgLow3]:0 [SgLow4]:0 [NetMuon1]:460302 [NetMuon2]:462517 [NetMuon3]:491743 [NetMuon4]:491743
[Run]:39177 [Site]:2 [Bin]:12120 [FullTime]:3590.17 [SkipTime]:0 [Veto1]:483.517 [Veto2]:509.374 [Veto3]:309.29 [Veto4]:309.29 [SgUp1]:174441 [SgUp2]:173321 [SgUp3]:0 [SgUp4]:0 [SgLow1]:174110 [SgLow2]:172964 [SgLow3]:0 [SgLow4]:0 [NetMuon1]:466691 [NetMuon2]:462432 [NetMuon3]:492735 [NetMuon4]:492735
[Run]:39177 [Site]:2 [Bin]:12121 [FullTime]:3590.17 [SkipTime]:0 [Veto1]:489.059 [Veto2]:507.268 [Veto3]:309.813 [Veto4]:309.813 [SgUp1]:174281 [SgUp2]:173580 [SgUp3]:0 [SgUp4]:0 [SgLow1]:173872 [SgLow2]:173142 [SgLow3]:0 [SgLow4]:0 [NetMuon1]:466423 [NetMuon2]:463882 [NetMuon3]:493436 [NetMuon4]:493436
[Run]:39177 [Site]:2 [Bin]:12122 [FullTime]:3590.17 [SkipTime]:0 [Veto1]:498.827 [Veto2]:513.663 [Veto3]:309.183 [Veto4]:309.183 [SgUp1]:173190 [SgUp2]:173429 [SgUp3]:0 [SgUp4]:0 [SgLow1]:172811 [SgLow2]:173047 [SgLow3]:0 [SgLow4]:0 [NetMuon1]:463853 [NetMuon2]:462112 [NetMuon3]:492457 [NetMuon4]:492457
[Run]:39177 [Site]:2 [Bin]:12123 [FullTime]:3590.17 [SkipTime]:0 [Veto1]:502.743 [Veto2]:506.921 [Veto3]:308.606 [Veto4]:308.606 [SgUp1]:172565 [SgUp2]:173479 [SgUp3]:0 [SgUp4]:0 [SgLow1]:172222 [SgLow2]:173064 [SgLow3]:0 [SgLow4]:0 [NetMuon1]:462248 [NetMuon2]:461757 [NetMuon3]:491475 [NetMuon4]:491475
[Run]:39177 [Site]:2 [Bin]:12124 [FullTime]:3590.17 [SkipTime]:0 [Veto1]:516.763 [Veto2]:505.205 [Veto3]:308.486 [Veto4]:308.486 [SgUp1]:172156 [SgUp2]:173187 [SgUp3]:0 [SgUp4]:0 [SgLow1]:171810 [SgLow2]:172818 [SgLow3]:0 [SgLow4]:0 [NetMuon1]:459827 [NetMuon2]:461528 [NetMuon3]:491180 [NetMuon4]:491180
[Run]:39177 [Site]:2 [Bin]:12125 [FullTime]:3590.17 [SkipTime]:0 [Veto1]:501.825 [Veto2]:510.141 [Veto3]:308.841 [Veto4]:308.841 [SgUp1]:172692 [SgUp2]:172943 [SgUp3]:0 [SgUp4]:0 [SgLow1]:172287 [SgLow2]:172536 [SgLow3]:0 [SgLow4]:0 [NetMuon1]:462629 [NetMuon2]:461504 [NetMuon3]:491676 [NetMuon4]:491676
[Run]:39177 [Site]:2 [Bin]:12126 [FullTime]:3590.17 [SkipTime]:0 [Veto1]:494.393 [Veto2]:499.711 [Veto3]:308.71 [Veto4]:308.71 [SgUp1]:173410 [SgUp2]:174110 [SgUp3]:0 [SgUp4]:0 [SgLow1]:173080 [SgLow2]:173771 [SgLow3]:0 [SgLow4]:0 [NetMuon1]:463953 [NetMuon2]:463410 [NetMuon3]:491740 [NetMuon4]:491740
[Run]:39177 [Site]:2 [Bin]:12127 [FullTime]:3590.17 [SkipTime]:0 [Veto1]:503.198 [Veto2]:513.516 [Veto3]:309.731 [Veto4]:309.731 [SgUp1]:172009 [SgUp2]:173388 [SgUp3]:0 [SgUp4]:0 [SgLow1]:171659 [SgLow2]:172990 [SgLow3]:0 [SgLow4]:0 [NetMuon1]:464144 [NetMuon2]:462791 [NetMuon3]:493132 [NetMuon4]:493132
[Run]:39177 [Site]:2 [Bin]:12128 [FullTime]:3590.17 [SkipTime]:0 [Veto1]:539.722 [Veto2]:529.865 [Veto3]:308.867 [Veto4]:308.867 [SgUp1]:170072 [SgUp2]:172540 [SgUp3]:0 [SgUp4]:0 [SgLow1]:169739 [SgLow2]:172144 [SgLow3]:0 [SgLow4]:0 [NetMuon1]:457446 [NetMuon2]:459175 [NetMuon3]:492016 [NetMuon4]:492016
[Run]:39177 [Site]:2 [Bin]:12129 [FullTime]:3590.17 [SkipTime]:0 [Veto1]:468.067 [Veto2]:506.181 [Veto3]:309.372 [Veto4]:309.372 [SgUp1]:175414 [SgUp2]:174086 [SgUp3]:0 [SgUp4]:0 [SgLow1]:175062 [SgLow2]:173717 [SgLow3]:0 [SgLow4]:0 [NetMuon1]:469170 [NetMuon2]:463428 [NetMuon3]:492810 [NetMuon4]:492810
[Run]:39177 [Site]:2 [Bin]:12130 [FullTime]:3590.17 [SkipTime]:0 [Veto1]:502.527 [Veto2]:531.891 [Veto3]:309.311 [Veto4]:309.311 [SgUp1]:172350 [SgUp2]:172052 [SgUp3]:0 [SgUp4]:0 [SgLow1]:172023 [SgLow2]:171657 [SgLow3]:0 [SgLow4]:0 [NetMuon1]:463553 [NetMuon2]:459247 [NetMuon3]:492518 [NetMuon4]:492518
[Run]:39177 [Site]:2 [Bin]:12131 [FullTime]:3590.17 [SkipTime]:0 [Veto1]:483.542 [Veto2]:518.746 [Veto3]:309.406 [Veto4]:309.406 [SgUp1]:172980 [SgUp2]:172988 [SgUp3]:0 [SgUp4]:0 [SgLow1]:172619 [SgLow2]:172615 [SgLow3]:0 [SgLow4]:0 [NetMuon1]:466738 [NetMuon2]:461165 [NetMuon3]:492633 [NetMuon4]:492633
[Run]:39177 [Site]:2 [Bin]:12132 [FullTime]:3590.18 [SkipTime]:0 [Veto1]:504.181 [Veto2]:532.668 [Veto3]:308.933 [Veto4]:308.933 [SgUp1]:172804 [SgUp2]:172931 [SgUp3]:0 [SgUp4]:0 [SgLow1]:172437 [SgLow2]:172590 [SgLow3]:0 [SgLow4]:0 [NetMuon1]:463124 [NetMuon2]:458518 [NetMuon3]:492229 [NetMuon4]:492229
[Run]:39177 [Site]:2 [Bin]:12133 [FullTime]:3590.17 [SkipTime]:0 [Veto1]:498.804 [Veto2]:533.255 [Veto3]:309.235 [Veto4]:309.235 [SgUp1]:172856 [SgUp2]:172684 [SgUp3]:0 [SgUp4]:0 [SgLow1]:172496 [SgLow2]:172349 [SgLow3]:0 [SgLow4]:0 [NetMuon1]:464003 [NetMuon2]:458848 [NetMuon3]:492464 [NetMuon4]:492464
[Run]:39177 [Site]:2 [Bin]:12134 [FullTime]:3590.17 [SkipTime]:0 [Veto1]:492.113 [Veto2]:522.658 [Veto3]:309.406 [Veto4]:309.406 [SgUp1]:173516 [SgUp2]:172041 [SgUp3]:0 [SgUp4]:0 [SgLow1]:173153 [SgLow2]:171645 [SgLow3]:0 [SgLow4]:0 [NetMuon1]:465570 [NetMuon2]:460696 [NetMuon3]:492762 [NetMuon4]:492762
[Run]:39177 [Site]:2 [Bin]:12135 [FullTime]:3590.17 [SkipTime]:0 [Veto1]:491.94 [Veto2]:513.3 [Veto3]:309.445 [Veto4]:309.445 [SgUp1]:173645 [SgUp2]:172903 [SgUp3]:0 [SgUp4]:0 [SgLow1]:173305 [SgLow2]:172483 [SgLow3]:0 [SgLow4]:0 [NetMuon1]:465288 [NetMuon2]:462133 [NetMuon3]:492709 [NetMuon4]:492709
[Run]:39177 [Site]:2 [Bin]:12136 [FullTime]:3590.17 [SkipTime]:0 [Veto1]:510.897 [Veto2]:519.169 [Veto3]:309.354 [Veto4]:309.354 [SgUp1]:172423 [SgUp2]:173391 [SgUp3]:0 [SgUp4]:0 [SgLow1]:172076 [SgLow2]:173044 [SgLow3]:0 [SgLow4]:0 [NetMuon1]:462395 [NetMuon2]:460986 [NetMuon3]:492774 [NetMuon4]:492774
[Run]:39177 [Site]:2 [Bin]:12137 [FullTime]:3590.17 [SkipTime]:0 [Veto1]:508.688 [Veto2]:531.535 [Veto3]:309.47 [Veto4]:309.47 [SgUp1]:172394 [SgUp2]:172336 [SgUp3]:0 [SgUp4]:0 [SgLow1]:172042 [SgLow2]:171947 [SgLow3]:0 [SgLow4]:0 [NetMuon1]:463182 [NetMuon2]:459849 [NetMuon3]:493168 [NetMuon4]:493168
[Run]:39177 [Site]:2 [Bin]:12138 [FullTime]:3590.17 [SkipTime]:0 [Veto1]:512.598 [Veto2]:505.424 [Veto3]:309.099 [Veto4]:309.099 [SgUp1]:172533 [SgUp2]:173698 [SgUp3]:0 [SgUp4]:0 [SgLow1]:172161 [SgLow2]:173319 [SgLow3]:0 [SgLow4]:0 [NetMuon1]:461736 [NetMuon2]:462466 [NetMuon3]:492258 [NetMuon4]:492258
[Run]:39177 [Site]:2 [Bin]:12139 [FullTime]:3590.17 [SkipTime]:0 [Veto1]:502.672 [Veto2]:495.912 [Veto3]:308.996 [Veto4]:308.996 [SgUp1]:173069 [SgUp2]:174560 [SgUp3]:0 [SgUp4]:0 [SgLow1]:172701 [SgLow2]:174158 [SgLow3]:0 [SgLow4]:0 [NetMuon1]:463277 [NetMuon2]:464250 [NetMuon3]:492114 [NetMuon4]:492114
[Run]:39177 [Site]:2 [Bin]:12140 [FullTime]:3590.17 [SkipTime]:0 [Veto1]:495.844 [Veto2]:518.959 [Veto3]:308.655 [Veto4]:308.655 [SgUp1]:172643 [SgUp2]:172529 [SgUp3]:0 [SgUp4]:0 [SgLow1]:172262 [SgLow2]:172148 [SgLow3]:0 [SgLow4]:0 [NetMuon1]:463542 [NetMuon2]:460359 [NetMuon3]:491536 [NetMuon4]:491536
[Run]:39177 [Site]:2 [Bin]:12141 [FullTime]:3590.17 [SkipTime]:0 [Veto1]:484.327 [Veto2]:506.053 [Veto3]:308.869 [Veto4]:308.869 [SgUp1]:173660 [SgUp2]:173462 [SgUp3]:0 [SgUp4]:0 [SgLow1]:173307 [SgLow2]:173073 [SgLow3]:0 [SgLow4]:0 [NetMuon1]:465356 [NetMuon2]:462007 [NetMuon3]:491665 [NetMuon4]:491665
[Run]:39177 [Site]:2 [Bin]:12142 [FullTime]:3590.17 [SkipTime]:0 [Veto1]:526.019 [Veto2]:484.636 [Veto3]:310.282 [Veto4]:310.282 [SgUp1]:171842 [SgUp2]:174617 [SgUp3]:0 [SgUp4]:0 [SgLow1]:171484 [SgLow2]:174189 [SgLow3]:0 [SgLow4]:0 [NetMuon1]:461884 [NetMuon2]:467824 [NetMuon3]:494267 [NetMuon4]:494267
[Run]:39177 [Site]:2 [Bin]:12143 [FullTime]:3590.17 [SkipTime]:0 [Veto1]:512.966 [Veto2]:483.356 [Veto3]:309.049 [Veto4]:309.049 [SgUp1]:172386 [SgUp2]:175456 [SgUp3]:0 [SgUp4]:0 [SgLow1]:172009 [SgLow2]:175087 [SgLow3]:0 [SgLow4]:0 [NetMuon1]:461421 [NetMuon2]:466196 [NetMuon3]:492253 [NetMuon4]:492253
[Run]:39177 [Site]:2 [Bin]:12144 [FullTime]:3590.17 [SkipTime]:0 [Veto1]:500.561 [Veto2]:518.077 [Veto3]:308.636 [Veto4]:308.636 [SgUp1]:173125 [SgUp2]:172798 [SgUp3]:0 [SgUp4]:0 [SgLow1]:172763 [SgLow2]:172415 [SgLow3]:0 [SgLow4]:0 [NetMuon1]:462667 [NetMuon2]:460499 [NetMuon3]:491507 [NetMuon4]:491507
[Run]:39177 [Site]:2 [Bin]:12145 [FullTime]:3590.17 [SkipTime]:0 [Veto1]:515.87 [Veto2]:491.998 [Veto3]:308.869 [Veto4]:308.869 [SgUp1]:172113 [SgUp2]:174183 [SgUp3]:0 [SgUp4]:0 [SgLow1]:171783 [SgLow2]:173775 [SgLow3]:0 [SgLow4]:0 [NetMuon1]:460677 [NetMuon2]:464365 [NetMuon3]:491842 [NetMuon4]:491842
[Run]:39177 [Site]:2 [Bin]:12146 [FullTime]:3590.17 [SkipTime]:0 [Veto1]:523.67 [Veto2]:512.152 [Veto3]:308.867 [Veto4]:308.867 [SgUp1]:171944 [SgUp2]:172795 [SgUp3]:0 [SgUp4]:0 [SgLow1]:171627 [SgLow2]:172388 [SgLow3]:0 [SgLow4]:0 [NetMuon1]:459783 [NetMuon2]:461614 [NetMuon3]:492013 [NetMuon4]:492013
[Run]:39177 [Site]:2 [Bin]:12147 [FullTime]:3590.17 [SkipTime]:0 [Veto1]:505.943 [Veto2]:505.956 [Veto3]:308.868 [Veto4]:308.868 [SgUp1]:172683 [SgUp2]:173643 [SgUp3]:0 [SgUp4]:0 [SgLow1]:172294 [SgLow2]:173228 [SgLow3]:0 [SgLow4]:0 [NetMuon1]:462198 [NetMuon2]:462602 [NetMuon3]:491851 [NetMuon4]:491851
[Run]:39177 [Site]:2 [Bin]:12148 [FullTime]:3590.17 [SkipTime]:0 [Veto1]:493.063 [Veto2]:513.131 [Veto3]:309.616 [Veto4]:309.616 [SgUp1]:173265 [SgUp2]:172858 [SgUp3]:0 [SgUp4]:0 [SgLow1]:172892 [SgLow2]:172502 [SgLow3]:0 [SgLow4]:0 [NetMuon1]:465366 [NetMuon2]:462536 [NetMuon3]:493079 [NetMuon4]:493079
[Run]:39177 [Site]:2 [Bin]:12149 [FullTime]:3590.17 [SkipTime]:0 [Veto1]:489.157 [Veto2]:516.295 [Veto3]:309.37 [Veto4]:309.37 [SgUp1]:174071 [SgUp2]:173786 [SgUp3]:0 [SgUp4]:0 [SgLow1]:173702 [SgLow2]:173377 [SgLow3]:0 [SgLow4]:0 [NetMuon1]:465484 [NetMuon2]:461503 [NetMuon3]:492654 [NetMuon4]:492654
[Run]:39177 [Site]:2 [Bin]:12150 [FullTime]:3590.17 [SkipTime]:0 [Veto1]:533.434 [Veto2]:483.139 [Veto3]:308.973 [Veto4]:308.973 [SgUp1]:170833 [SgUp2]:173954 [SgUp3]:0 [SgUp4]:0 [SgLow1]:170536 [SgLow2]:173609 [SgLow3]:0 [SgLow4]:0 [NetMuon1]:458739 [NetMuon2]:465995 [NetMuon3]:491995 [NetMuon4]:491995
[Run]:39177 [Site]:2 [Bin]:12151 [FullTime]:3590.17 [SkipTime]:0 [Veto1]:494.972 [Veto2]:519.376 [Veto3]:308.88 [Veto4]:308.88 [SgUp1]:172936 [SgUp2]:173008 [SgUp3]:0 [SgUp4]:0 [SgLow1]:172575 [SgLow2]:172632 [SgLow3]:0 [SgLow4]:0 [NetMuon1]:464220 [NetMuon2]:460326 [NetMuon3]:491898 [NetMuon4]:491898
[Run]:39177 [Site]:2 [Bin]:12152 [FullTime]:3590.17 [SkipTime]:0 [Veto1]:534.077 [Veto2]:501.944 [Veto3]:308.805 [Veto4]:308.805 [SgUp1]:171034 [SgUp2]:174092 [SgUp3]:0 [SgUp4]:0 [SgLow1]:170633 [SgLow2]:173720 [SgLow3]:0 [SgLow4]:0 [NetMuon1]:458441 [NetMuon2]:462721 [NetMuon3]:491868 [NetMuon4]:491868
[Run]:39177 [Site]:2 [Bin]:12153 [FullTime]:3590.17 [SkipTime]:0 [Veto1]:511.417 [Veto2]:519.897 [Veto3]:308.129 [Veto4]:308.129 [SgUp1]:171815 [SgUp2]:173966 [SgUp3]:0 [SgUp4]:0 [SgLow1]:171471 [SgLow2]:173581 [SgLow3]:0 [SgLow4]:0 [NetMuon1]:460212 [NetMuon2]:459417 [NetMuon3]:490939 [NetMuon4]:490939
[Run]:39177 [Site]:2 [Bin]:12154 [FullTime]:3590.17 [SkipTime]:0 [Veto1]:508.892 [Veto2]:496.206 [Veto3]:309.017 [Veto4]:309.017 [SgUp1]:172755 [SgUp2]:174567 [SgUp3]:0 [SgUp4]:0 [SgLow1]:172434 [SgLow2]:174194 [SgLow3]:0 [SgLow4]:0 [NetMuon1]:462209 [NetMuon2]:464411 [NetMuon3]:492165 [NetMuon4]:492165
[Run]:39177 [Site]:2 [Bin]:12155 [FullTime]:3590.17 [SkipTime]:0 [Veto1]:509.034 [Veto2]:502.349 [Veto3]:307.898 [Veto4]:307.898 [SgUp1]:172373 [SgUp2]:173514 [SgUp3]:0 [SgUp4]:0 [SgLow1]:172046 [SgLow2]:173121 [SgLow3]:0 [SgLow4]:0 [NetMuon1]:460235 [NetMuon2]:461301 [NetMuon3]:490404 [NetMuon4]:490404
[Run]:39177 [Site]:2 [Bin]:12156 [FullTime]:3590.17 [SkipTime]:0 [Veto1]:501.062 [Veto2]:496.365 [Veto3]:309.159 [Veto4]:309.159 [SgUp1]:173166 [SgUp2]:174411 [SgUp3]:0 [SgUp4]:0 [SgLow1]:172727 [SgLow2]:174037 [SgLow3]:0 [SgLow4]:0 [NetMuon1]:463495 [NetMuon2]:464158 [NetMuon3]:492370 [NetMuon4]:492370
[Run]:39177 [Site]:2 [Bin]:12157 [FullTime]:3590.17 [SkipTime]:0 [Veto1]:501.144 [Veto2]:499.5 [Veto3]:308.918 [Veto4]:308.918 [SgUp1]:172924 [SgUp2]:173720 [SgUp3]:0 [SgUp4]:0 [SgLow1]:172566 [SgLow2]:173367 [SgLow3]:0 [SgLow4]:0 [NetMuon1]:463066 [NetMuon2]:463506 [NetMuon3]:492072 [NetMuon4]:492072
[Run]:39177 [Site]:2 [Bin]:12158 [FullTime]:3590.17 [SkipTime]:0 [Veto1]:511.196 [Veto2]:511.794 [Veto3]:309.266 [Veto4]:309.266 [SgUp1]:171944 [SgUp2]:172693 [SgUp3]:0 [SgUp4]:0 [SgLow1]:171600 [SgLow2]:172291 [SgLow3]:0 [SgLow4]:0 [NetMuon1]:462272 [NetMuon2]:462195 [NetMuon3]:492528 [NetMuon4]:492528
[Run]:39177 [Site]:2 [Bin]:12159 [FullTime]:3590.17 [SkipTime]:0 [Veto1]:503.108 [Veto2]:505.824 [Veto3]:308.979 [Veto4]:308.979 [SgUp1]:173039 [SgUp2]:173064 [SgUp3]:0 [SgUp4]:0 [SgLow1]:172690 [SgLow2]:172695 [SgLow3]:0 [SgLow4]:0 [NetMuon1]:463189 [NetMuon2]:462609 [NetMuon3]:492056 [NetMuon4]:492056
[Run]:39177 [Site]:2 [Bin]:12160 [FullTime]:3590.17 [SkipTime]:0 [Veto1]:495.221 [Veto2]:487.375 [Veto3]:310.075 [Veto4]:310.075 [SgUp1]:173118 [SgUp2]:174830 [SgUp3]:0 [SgUp4]:0 [SgLow1]:172774 [SgLow2]:174463 [SgLow3]:0 [SgLow4]:0 [NetMuon1]:465984 [NetMuon2]:467230 [NetMuon3]:494053 [NetMuon4]:494053
[Run]:39177 [Site]:2 [Bin]:12161 [FullTime]:3590.17 [SkipTime]:0 [Veto1]:516.429 [Veto2]:510.478 [Veto3]:309.333 [Veto4]:309.333 [SgUp1]:172182 [SgUp2]:173190 [SgUp3]:0 [SgUp4]:0 [SgLow1]:171820 [SgLow2]:172799 [SgLow3]:0 [SgLow4]:0 [NetMuon1]:461373 [NetMuon2]:462434 [NetMuon3]:492501 [NetMuon4]:492501
[Run]:39177 [Site]:2 [Bin]:12162 [FullTime]:3590.17 [SkipTime]:0 [Veto1]:499.158 [Veto2]:490.672 [Veto3]:309.02 [Veto4]:309.02 [SgUp1]:173944 [SgUp2]:174564 [SgUp3]:0 [SgUp4]:0 [SgLow1]:173545 [SgLow2]:174171 [SgLow3]:0 [SgLow4]:0 [NetMuon1]:463672 [NetMuon2]:465039 [NetMuon3]:492260 [NetMuon4]:492260
[Run]:39177 [Site]:2 [Bin]:12163 [FullTime]:3590.17 [SkipTime]:0 [Veto1]:493.27 [Veto2]:522.254 [Veto3]:308.634 [Veto4]:308.634 [SgUp1]:173137 [SgUp2]:172299 [SgUp3]:0 [SgUp4]:0 [SgLow1]:172789 [SgLow2]:171930 [SgLow3]:0 [SgLow4]:0 [NetMuon1]:464014 [NetMuon2]:459588 [NetMuon3]:491496 [NetMuon4]:491496
[Run]:39177 [Site]:2 [Bin]:12164 [FullTime]:3590.17 [SkipTime]:0 [Veto1]:490.972 [Veto2]:501.305 [Veto3]:308.878 [Veto4]:308.878 [SgUp1]:173842 [SgUp2]:173327 [SgUp3]:0 [SgUp4]:0 [SgLow1]:173483 [SgLow2]:172933 [SgLow3]:0 [SgLow4]:0 [NetMuon1]:464938 [NetMuon2]:462868 [NetMuon3]:491857 [NetMuon4]:491857
[Run]:39177 [Site]:2 [Bin]:12165 [FullTime]:3590.17 [SkipTime]:0 [Veto1]:502.865 [Veto2]:509.03 [Veto3]:308.83 [Veto4]:308.83 [SgUp1]:172575 [SgUp2]:173338 [SgUp3]:0 [SgUp4]:0 [SgLow1]:172193 [SgLow2]:172974 [SgLow3]:0 [SgLow4]:0 [NetMuon1]:462774 [NetMuon2]:462350 [NetMuon3]:492007 [NetMuon4]:492007
[Run]:39177 [Site]:2 [Bin]:12166 [FullTime]:3590.18 [SkipTime]:0 [Veto1]:502.995 [Veto2]:507.272 [Veto3]:308.941 [Veto4]:308.941 [SgUp1]:173090 [SgUp2]:173194 [SgUp3]:0 [SgUp4]:0 [SgLow1]:172695 [SgLow2]:172850 [SgLow3]:0 [SgLow4]:0 [NetMuon1]:462684 [NetMuon2]:461979 [NetMuon3]:491902 [NetMuon4]:491902
[Run]:39177 [Site]:2 [Bin]:12167 [FullTime]:3590.16 [SkipTime]:0 [Veto1]:514.664 [Veto2]:522.13 [Veto3]:308.872 [Veto4]:308.872 [SgUp1]:172555 [SgUp2]:172670 [SgUp3]:0 [SgUp4]:0 [SgLow1]:172187 [SgLow2]:172277 [SgLow3]:0 [SgLow4]:0 [NetMuon1]:460766 [NetMuon2]:459961 [NetMuon3]:491902 [NetMuon4]:491902
[Run]:39177 [Site]:2 [Bin]:12168 [FullTime]:3590.17 [SkipTime]:0 [Veto1]:505.056 [Veto2]:497.999 [Veto3]:308.607 [Veto4]:308.607 [SgUp1]:172631 [SgUp2]:173960 [SgUp3]:0 [SgUp4]:0 [SgLow1]:172286 [SgLow2]:173558 [SgLow3]:0 [SgLow4]:0 [NetMuon1]:461974 [NetMuon2]:462980 [NetMuon3]:491495 [NetMuon4]:491495
[Run]:39177 [Site]:2 [Bin]:12169 [FullTime]:3590.17 [SkipTime]:0 [Veto1]:497.341 [Veto2]:493.059 [Veto3]:308.795 [Veto4]:308.795 [SgUp1]:172779 [SgUp2]:175049 [SgUp3]:0 [SgUp4]:0 [SgLow1]:172426 [SgLow2]:174643 [SgLow3]:0 [SgLow4]:0 [NetMuon1]:463585 [NetMuon2]:464139 [NetMuon3]:491679 [NetMuon4]:491679
[Run]:39177 [Site]:2 [Bin]:12170 [FullTime]:3590.17 [SkipTime]:0 [Veto1]:506.721 [Veto2]:498.414 [Veto3]:309.651 [Veto4]:309.651 [SgUp1]:172922 [SgUp2]:174216 [SgUp3]:0 [SgUp4]:0 [SgLow1]:172577 [SgLow2]:173865 [SgLow3]:0 [SgLow4]:0 [NetMuon1]:463429 [NetMuon2]:464586 [NetMuon3]:492940 [NetMuon4]:492940
[Run]:39177 [Site]:2 [Bin]:12171 [FullTime]:3590.17 [SkipTime]:0 [Veto1]:504.736 [Veto2]:502.329 [Veto3]:308.709 [Veto4]:308.709 [SgUp1]:172216 [SgUp2]:173420 [SgUp3]:0 [SgUp4]:0 [SgLow1]:171872 [SgLow2]:173049 [SgLow3]:0 [SgLow4]:0 [NetMuon1]:462437 [NetMuon2]:462704 [NetMuon3]:491796 [NetMuon4]:491796
[Run]:39177 [Site]:2 [Bin]:12172 [FullTime]:3590.17 [SkipTime]:0 [Veto1]:507.459 [Veto2]:495.484 [Veto3]:309.136 [Veto4]:309.136 [SgUp1]:172209 [SgUp2]:173940 [SgUp3]:0 [SgUp4]:0 [SgLow1]:171887 [SgLow2]:173576 [SgLow3]:0 [SgLow4]:0 [NetMuon1]:462593 [NetMuon2]:464185 [NetMuon3]:492267 [NetMuon4]:492267
[Run]:39177 [Site]:2 [Bin]:12173 [FullTime]:3590.17 [SkipTime]:0 [Veto1]:502.233 [Veto2]:492.126 [Veto3]:308.39 [Veto4]:308.39 [SgUp1]:172213 [SgUp2]:173715 [SgUp3]:0 [SgUp4]:0 [SgLow1]:171850 [SgLow2]:173310 [SgLow3]:0 [SgLow4]:0 [NetMuon1]:462427 [NetMuon2]:463816 [NetMuon3]:491228 [NetMuon4]:491228
[Run]:39177 [Site]:2 [Bin]:12174 [FullTime]:3590.17 [SkipTime]:0 [Veto1]:505.847 [Veto2]:505.609 [Veto3]:309.265 [Veto4]:309.265 [SgUp1]:172234 [SgUp2]:174045 [SgUp3]:0 [SgUp4]:0 [SgLow1]:171870 [SgLow2]:173631 [SgLow3]:0 [SgLow4]:0 [NetMuon1]:463286 [NetMuon2]:463336 [NetMuon3]:492770 [NetMuon4]:492770
[Run]:39177 [Site]:2 [Bin]:12175 [FullTime]:3590.17 [SkipTime]:0 [Veto1]:503.179 [Veto2]:513.562 [Veto3]:309.639 [Veto4]:309.639 [SgUp1]:172965 [SgUp2]:173137 [SgUp3]:0 [SgUp4]:0 [SgLow1]:172584 [SgLow2]:172749 [SgLow3]:0 [SgLow4]:0 [NetMuon1]:464430 [NetMuon2]:462333 [NetMuon3]:493036 [NetMuon4]:493036
[Run]:39177 [Site]:2 [Bin]:12176 [FullTime]:3590.17 [SkipTime]:0 [Veto1]:522.328 [Veto2]:520.023 [Veto3]:309.832 [Veto4]:309.832 [SgUp1]:172353 [SgUp2]:172920 [SgUp3]:0 [SgUp4]:0 [SgLow1]:171985 [SgLow2]:172546 [SgLow3]:0 [SgLow4]:0 [NetMuon1]:461382 [NetMuon2]:461770 [NetMuon3]:493426 [NetMuon4]:493426
[Run]:39177 [Site]:2 [Bin]:12177 [FullTime]:3590.17 [SkipTime]:0 [Veto1]:496.102 [Veto2]:509.794 [Veto3]:308.974 [Veto4]:308.974 [SgUp1]:172837 [SgUp2]:172617 [SgUp3]:0 [SgUp4]:0 [SgLow1]:172473 [SgLow2]:172251 [SgLow3]:0 [SgLow4]:0 [NetMuon1]:463977 [NetMuon2]:462124 [NetMuon3]:492155 [NetMuon4]:492155
[Run]:39177 [Site]:2 [Bin]:12178 [FullTime]:3590.17 [SkipTime]:0 [Veto1]:493.54 [Veto2]:512.522 [Veto3]:309.346 [Veto4]:309.346 [SgUp1]:172898 [SgUp2]:173126 [SgUp3]:0 [SgUp4]:0 [SgLow1]:172549 [SgLow2]:172733 [SgLow3]:0 [SgLow4]:0 [NetMuon1]:465075 [NetMuon2]:462237 [NetMuon3]:492801 [NetMuon4]:492801
[Run]:39177 [Site]:2 [Bin]:12179 [FullTime]:3590.17 [SkipTime]:0 [Veto1]:529.914 [Veto2]:506.402 [Veto3]:308.426 [Veto4]:308.426 [SgUp1]:172072 [SgUp2]:173426 [SgUp3]:0 [SgUp4]:0 [SgLow1]:171692 [SgLow2]:173020 [SgLow3]:0 [SgLow4]:0 [NetMuon1]:458264 [NetMuon2]:461483 [NetMuon3]:491391 [NetMuon4]:491391
[Run]:39177 [Site]:2 [Bin]:12180 [FullTime]:3590.17 [SkipTime]:0 [Veto1]:483.244 [Veto2]:507.236 [Veto3]:309.017 [Veto4]:309.017 [SgUp1]:173157 [SgUp2]:173981 [SgUp3]:0 [SgUp4]:0 [SgLow1]:172793 [SgLow2]:173631 [SgLow3]:0 [SgLow4]:0 [NetMuon1]:465904 [NetMuon2]:462691 [NetMuon3]:492191 [NetMuon4]:492191
End process Run: 39177 ... 
[Run]:39177 [Site]:2 [Bin]:12181 [FullTime]:1715.02 [SkipTime]:0 [Veto1]:239.903 [Veto2]:230.011 [Veto3]:147.576 [Veto4]:147.576
