StreamChain add 0x74a07e0
Start to process run: 39697 ... 
[Run]:39697 [Site]:2 [Bin]:12856 [FullTime]:1019.79 [SkipTime]:0 [Veto1]:130.073 [Veto2]:133.162 [Veto3]:87.9896 [Veto4]:87.9896 [SgUp1]:49100 [SgUp2]:49703 [SgUp3]:0 [SgUp4]:0 [SgLow1]:49011 [SgLow2]:49589 [SgLow3]:0 [SgLow4]:0 [NetMuon1]:133772 [NetMuon2]:133377 [NetMuon3]:140153 [NetMuon4]:140153
[Run]:39697 [Site]:2 [Bin]:12857 [FullTime]:3590.17 [SkipTime]:0 [Veto1]:496.257 [Veto2]:509.74 [Veto3]:309.911 [Veto4]:309.911 [SgUp1]:171420 [SgUp2]:173244 [SgUp3]:0 [SgUp4]:0 [SgLow1]:171059 [SgLow2]:172795 [SgLow3]:0 [SgLow4]:0 [NetMuon1]:465376 [NetMuon2]:463118 [NetMuon3]:493323 [NetMuon4]:493323
[Run]:39697 [Site]:2 [Bin]:12858 [FullTime]:3590.17 [SkipTime]:0 [Veto1]:525.007 [Veto2]:521.066 [Veto3]:309.75 [Veto4]:309.75 [SgUp1]:170634 [SgUp2]:172527 [SgUp3]:0 [SgUp4]:0 [SgLow1]:170314 [SgLow2]:172138 [SgLow3]:0 [SgLow4]:0 [NetMuon1]:461041 [NetMuon2]:461604 [NetMuon3]:493503 [NetMuon4]:493503
[Run]:39697 [Site]:2 [Bin]:12859 [FullTime]:3590.17 [SkipTime]:0 [Veto1]:509.057 [Veto2]:513.834 [Veto3]:310.852 [Veto4]:310.852 [SgUp1]:171059 [SgUp2]:173788 [SgUp3]:0 [SgUp4]:0 [SgLow1]:170684 [SgLow2]:173351 [SgLow3]:0 [SgLow4]:0 [NetMuon1]:465061 [NetMuon2]:464111 [NetMuon3]:494907 [NetMuon4]:494907
[Run]:39697 [Site]:2 [Bin]:12860 [FullTime]:3590.17 [SkipTime]:0 [Veto1]:514.565 [Veto2]:498.688 [Veto3]:309.537 [Veto4]:309.537 [SgUp1]:171353 [SgUp2]:174232 [SgUp3]:0 [SgUp4]:0 [SgLow1]:170936 [SgLow2]:173812 [SgLow3]:0 [SgLow4]:0 [NetMuon1]:462298 [NetMuon2]:464536 [NetMuon3]:492769 [NetMuon4]:492769
[Run]:39697 [Site]:2 [Bin]:12861 [FullTime]:3590.17 [SkipTime]:0 [Veto1]:500.808 [Veto2]:499.234 [Veto3]:309.197 [Veto4]:309.197 [SgUp1]:172504 [SgUp2]:173360 [SgUp3]:0 [SgUp4]:0 [SgLow1]:172116 [SgLow2]:172948 [SgLow3]:0 [SgLow4]:0 [NetMuon1]:463746 [NetMuon2]:463883 [NetMuon3]:492354 [NetMuon4]:492354
[Run]:39697 [Site]:2 [Bin]:12862 [FullTime]:3590.17 [SkipTime]:0 [Veto1]:521.724 [Veto2]:518.473 [Veto3]:309.213 [Veto4]:309.213 [SgUp1]:171454 [SgUp2]:173723 [SgUp3]:0 [SgUp4]:0 [SgLow1]:171115 [SgLow2]:173310 [SgLow3]:0 [SgLow4]:0 [NetMuon1]:460728 [NetMuon2]:460817 [NetMuon3]:492409 [NetMuon4]:492409
[Run]:39697 [Site]:2 [Bin]:12863 [FullTime]:3590.17 [SkipTime]:0 [Veto1]:479.778 [Veto2]:518.284 [Veto3]:310.037 [Veto4]:310.037 [SgUp1]:173200 [SgUp2]:173150 [SgUp3]:0 [SgUp4]:0 [SgLow1]:172835 [SgLow2]:172723 [SgLow3]:0 [SgLow4]:0 [NetMuon1]:468353 [NetMuon2]:462545 [NetMuon3]:493772 [NetMuon4]:493772
[Run]:39697 [Site]:2 [Bin]:12864 [FullTime]:3590.17 [SkipTime]:0 [Veto1]:518.223 [Veto2]:502.495 [Veto3]:308.974 [Veto4]:308.974 [SgUp1]:171133 [SgUp2]:173791 [SgUp3]:0 [SgUp4]:0 [SgLow1]:170719 [SgLow2]:173339 [SgLow3]:0 [SgLow4]:0 [NetMuon1]:460548 [NetMuon2]:462839 [NetMuon3]:491945 [NetMuon4]:491945
[Run]:39697 [Site]:2 [Bin]:12865 [FullTime]:3590.17 [SkipTime]:0 [Veto1]:507.185 [Veto2]:513.911 [Veto3]:309.6 [Veto4]:309.6 [SgUp1]:171734 [SgUp2]:173611 [SgUp3]:0 [SgUp4]:0 [SgLow1]:171358 [SgLow2]:173212 [SgLow3]:0 [SgLow4]:0 [NetMuon1]:463482 [NetMuon2]:462380 [NetMuon3]:493237 [NetMuon4]:493237
[Run]:39697 [Site]:2 [Bin]:12866 [FullTime]:3590.17 [SkipTime]:0 [Veto1]:517.565 [Veto2]:509.555 [Veto3]:309.799 [Veto4]:309.799 [SgUp1]:171278 [SgUp2]:173555 [SgUp3]:0 [SgUp4]:0 [SgLow1]:170907 [SgLow2]:173161 [SgLow3]:0 [SgLow4]:0 [NetMuon1]:462168 [NetMuon2]:463433 [NetMuon3]:493335 [NetMuon4]:493335
[Run]:39697 [Site]:2 [Bin]:12867 [FullTime]:3590.17 [SkipTime]:0 [Veto1]:525.516 [Veto2]:521.485 [Veto3]:309.358 [Veto4]:309.358 [SgUp1]:170788 [SgUp2]:173127 [SgUp3]:0 [SgUp4]:0 [SgLow1]:170457 [SgLow2]:172761 [SgLow3]:0 [SgLow4]:0 [NetMuon1]:460254 [NetMuon2]:460777 [NetMuon3]:492513 [NetMuon4]:492513
[Run]:39697 [Site]:2 [Bin]:12868 [FullTime]:3590.17 [SkipTime]:0 [Veto1]:508.122 [Veto2]:500.142 [Veto3]:309.067 [Veto4]:309.067 [SgUp1]:171966 [SgUp2]:173174 [SgUp3]:0 [SgUp4]:0 [SgLow1]:171648 [SgLow2]:172767 [SgLow3]:0 [SgLow4]:0 [NetMuon1]:462429 [NetMuon2]:463570 [NetMuon3]:492186 [NetMuon4]:492186
[Run]:39697 [Site]:2 [Bin]:12869 [FullTime]:3590.17 [SkipTime]:0 [Veto1]:498.912 [Veto2]:495.828 [Veto3]:309.407 [Veto4]:309.407 [SgUp1]:172158 [SgUp2]:174043 [SgUp3]:0 [SgUp4]:0 [SgLow1]:171807 [SgLow2]:173593 [SgLow3]:0 [SgLow4]:0 [NetMuon1]:464432 [NetMuon2]:464543 [NetMuon3]:492803 [NetMuon4]:492803
[Run]:39697 [Site]:2 [Bin]:12870 [FullTime]:3590.17 [SkipTime]:0 [Veto1]:493.516 [Veto2]:515.549 [Veto3]:309.432 [Veto4]:309.432 [SgUp1]:172353 [SgUp2]:173530 [SgUp3]:0 [SgUp4]:0 [SgLow1]:172028 [SgLow2]:173101 [SgLow3]:0 [SgLow4]:0 [NetMuon1]:464741 [NetMuon2]:461564 [NetMuon3]:492588 [NetMuon4]:492588
[Run]:39697 [Site]:2 [Bin]:12871 [FullTime]:3590.17 [SkipTime]:0 [Veto1]:498.448 [Veto2]:518.062 [Veto3]:309.482 [Veto4]:309.482 [SgUp1]:171901 [SgUp2]:172428 [SgUp3]:0 [SgUp4]:0 [SgLow1]:171522 [SgLow2]:172030 [SgLow3]:0 [SgLow4]:0 [NetMuon1]:463895 [NetMuon2]:461482 [NetMuon3]:492769 [NetMuon4]:492769
[Run]:39697 [Site]:2 [Bin]:12872 [FullTime]:3590.17 [SkipTime]:0 [Veto1]:513.168 [Veto2]:483.497 [Veto3]:309.851 [Veto4]:309.851 [SgUp1]:172036 [SgUp2]:175398 [SgUp3]:0 [SgUp4]:0 [SgLow1]:171672 [SgLow2]:174928 [SgLow3]:0 [SgLow4]:0 [NetMuon1]:463113 [NetMuon2]:467220 [NetMuon3]:493634 [NetMuon4]:493634
[Run]:39697 [Site]:2 [Bin]:12873 [FullTime]:3590.17 [SkipTime]:0 [Veto1]:504.732 [Veto2]:531.276 [Veto3]:309.887 [Veto4]:309.887 [SgUp1]:171761 [SgUp2]:173368 [SgUp3]:0 [SgUp4]:0 [SgLow1]:171339 [SgLow2]:172976 [SgLow3]:0 [SgLow4]:0 [NetMuon1]:464174 [NetMuon2]:460172 [NetMuon3]:493497 [NetMuon4]:493497
[Run]:39697 [Site]:2 [Bin]:12874 [FullTime]:3590.17 [SkipTime]:0 [Veto1]:496.806 [Veto2]:504.555 [Veto3]:309.485 [Veto4]:309.485 [SgUp1]:172367 [SgUp2]:174078 [SgUp3]:0 [SgUp4]:0 [SgLow1]:171989 [SgLow2]:173681 [SgLow3]:0 [SgLow4]:0 [NetMuon1]:464618 [NetMuon2]:463628 [NetMuon3]:492749 [NetMuon4]:492749
[Run]:39697 [Site]:2 [Bin]:12875 [FullTime]:3590.17 [SkipTime]:0 [Veto1]:525.925 [Veto2]:518.143 [Veto3]:310.219 [Veto4]:310.219 [SgUp1]:171011 [SgUp2]:173239 [SgUp3]:0 [SgUp4]:0 [SgLow1]:170587 [SgLow2]:172813 [SgLow3]:0 [SgLow4]:0 [NetMuon1]:461740 [NetMuon2]:462579 [NetMuon3]:493969 [NetMuon4]:493969
[Run]:39697 [Site]:2 [Bin]:12876 [FullTime]:3590.17 [SkipTime]:0 [Veto1]:516.646 [Veto2]:534.113 [Veto3]:309.624 [Veto4]:309.624 [SgUp1]:171813 [SgUp2]:172514 [SgUp3]:0 [SgUp4]:0 [SgLow1]:171426 [SgLow2]:172131 [SgLow3]:0 [SgLow4]:0 [NetMuon1]:461887 [NetMuon2]:459520 [NetMuon3]:493065 [NetMuon4]:493065
[Run]:39697 [Site]:2 [Bin]:12877 [FullTime]:3590.17 [SkipTime]:0 [Veto1]:508.362 [Veto2]:529.179 [Veto3]:310.136 [Veto4]:310.136 [SgUp1]:171978 [SgUp2]:171501 [SgUp3]:0 [SgUp4]:0 [SgLow1]:171621 [SgLow2]:171113 [SgLow3]:0 [SgLow4]:0 [NetMuon1]:463916 [NetMuon2]:461147 [NetMuon3]:493959 [NetMuon4]:493959
[Run]:39697 [Site]:2 [Bin]:12878 [FullTime]:3590.17 [SkipTime]:0 [Veto1]:522.61 [Veto2]:525.837 [Veto3]:309.607 [Veto4]:309.607 [SgUp1]:171479 [SgUp2]:172047 [SgUp3]:0 [SgUp4]:0 [SgLow1]:171095 [SgLow2]:171595 [SgLow3]:0 [SgLow4]:0 [NetMuon1]:461026 [NetMuon2]:460956 [NetMuon3]:493114 [NetMuon4]:493114
[Run]:39697 [Site]:2 [Bin]:12879 [FullTime]:3590.17 [SkipTime]:0 [Veto1]:514.458 [Veto2]:514.711 [Veto3]:309.512 [Veto4]:309.512 [SgUp1]:171562 [SgUp2]:172244 [SgUp3]:0 [SgUp4]:0 [SgLow1]:171221 [SgLow2]:171857 [SgLow3]:0 [SgLow4]:0 [NetMuon1]:461487 [NetMuon2]:461635 [NetMuon3]:492710 [NetMuon4]:492710
[Run]:39697 [Site]:2 [Bin]:12880 [FullTime]:3590.17 [SkipTime]:0 [Veto1]:523.7 [Veto2]:515.379 [Veto3]:310.127 [Veto4]:310.127 [SgUp1]:171128 [SgUp2]:173617 [SgUp3]:0 [SgUp4]:0 [SgLow1]:170755 [SgLow2]:173203 [SgLow3]:0 [SgLow4]:0 [NetMuon1]:461958 [NetMuon2]:462691 [NetMuon3]:493856 [NetMuon4]:493856
[Run]:39697 [Site]:2 [Bin]:12881 [FullTime]:3590.17 [SkipTime]:0 [Veto1]:517.892 [Veto2]:497.075 [Veto3]:310.923 [Veto4]:310.923 [SgUp1]:171982 [SgUp2]:175053 [SgUp3]:0 [SgUp4]:0 [SgLow1]:171604 [SgLow2]:174626 [SgLow3]:0 [SgLow4]:0 [NetMuon1]:464098 [NetMuon2]:467339 [NetMuon3]:495312 [NetMuon4]:495312
[Run]:39697 [Site]:2 [Bin]:12882 [FullTime]:3590.17 [SkipTime]:0 [Veto1]:500.466 [Veto2]:490.788 [Veto3]:309.836 [Veto4]:309.836 [SgUp1]:172374 [SgUp2]:174581 [SgUp3]:0 [SgUp4]:0 [SgLow1]:172022 [SgLow2]:174181 [SgLow3]:0 [SgLow4]:0 [NetMuon1]:464347 [NetMuon2]:466272 [NetMuon3]:493555 [NetMuon4]:493555
[Run]:39697 [Site]:2 [Bin]:12883 [FullTime]:3590.17 [SkipTime]:0 [Veto1]:511.987 [Veto2]:526.968 [Veto3]:310.361 [Veto4]:310.361 [SgUp1]:172272 [SgUp2]:172951 [SgUp3]:0 [SgUp4]:0 [SgLow1]:171912 [SgLow2]:172569 [SgLow3]:0 [SgLow4]:0 [NetMuon1]:464281 [NetMuon2]:461763 [NetMuon3]:494480 [NetMuon4]:494480
[Run]:39697 [Site]:2 [Bin]:12884 [FullTime]:3590.17 [SkipTime]:0 [Veto1]:527.567 [Veto2]:494.715 [Veto3]:309.6 [Veto4]:309.6 [SgUp1]:170605 [SgUp2]:173651 [SgUp3]:0 [SgUp4]:0 [SgLow1]:170290 [SgLow2]:173269 [SgLow3]:0 [SgLow4]:0 [NetMuon1]:460514 [NetMuon2]:465392 [NetMuon3]:493020 [NetMuon4]:493020
[Run]:39697 [Site]:2 [Bin]:12885 [FullTime]:3590.17 [SkipTime]:0 [Veto1]:507.962 [Veto2]:508.24 [Veto3]:309.771 [Veto4]:309.771 [SgUp1]:171645 [SgUp2]:174047 [SgUp3]:0 [SgUp4]:0 [SgLow1]:171272 [SgLow2]:173657 [SgLow3]:0 [SgLow4]:0 [NetMuon1]:463657 [NetMuon2]:463787 [NetMuon3]:493539 [NetMuon4]:493539
[Run]:39697 [Site]:2 [Bin]:12886 [FullTime]:3590.18 [SkipTime]:0 [Veto1]:506.399 [Veto2]:524.524 [Veto3]:309.531 [Veto4]:309.531 [SgUp1]:172373 [SgUp2]:171475 [SgUp3]:0 [SgUp4]:0 [SgLow1]:172016 [SgLow2]:171126 [SgLow3]:0 [SgLow4]:0 [NetMuon1]:463693 [NetMuon2]:460736 [NetMuon3]:492998 [NetMuon4]:492998
[Run]:39697 [Site]:2 [Bin]:12887 [FullTime]:3590.16 [SkipTime]:0 [Veto1]:495.682 [Veto2]:521.81 [Veto3]:309.76 [Veto4]:309.76 [SgUp1]:172683 [SgUp2]:172233 [SgUp3]:0 [SgUp4]:0 [SgLow1]:172287 [SgLow2]:171850 [SgLow3]:0 [SgLow4]:0 [NetMuon1]:465592 [NetMuon2]:461568 [NetMuon3]:493402 [NetMuon4]:493402
[Run]:39697 [Site]:2 [Bin]:12888 [FullTime]:3590.17 [SkipTime]:0 [Veto1]:492.192 [Veto2]:521.278 [Veto3]:309.307 [Veto4]:309.307 [SgUp1]:173116 [SgUp2]:172451 [SgUp3]:0 [SgUp4]:0 [SgLow1]:172729 [SgLow2]:172034 [SgLow3]:0 [SgLow4]:0 [NetMuon1]:465222 [NetMuon2]:460845 [NetMuon3]:492541 [NetMuon4]:492541
[Run]:39697 [Site]:2 [Bin]:12889 [FullTime]:3590.17 [SkipTime]:0 [Veto1]:487.787 [Veto2]:514.687 [Veto3]:309.385 [Veto4]:309.385 [SgUp1]:173414 [SgUp2]:172692 [SgUp3]:0 [SgUp4]:0 [SgLow1]:173053 [SgLow2]:172295 [SgLow3]:0 [SgLow4]:0 [NetMuon1]:465817 [NetMuon2]:461592 [NetMuon3]:492631 [NetMuon4]:492631
[Run]:39697 [Site]:2 [Bin]:12891 [FullTime]:3357.79 [SkipTime]:0 [Veto1]:493.102 [Veto2]:469.665 [Veto3]:289.465 [Veto4]:289.465 [SgUp1]:160240 [SgUp2]:162716 [SgUp3]:0 [SgUp4]:0 [SgLow1]:159873 [SgLow2]:162299 [SgLow3]:0 [SgLow4]:0 [NetMuon1]:430339 [NetMuon2]:434185 [NetMuon3]:461027 [NetMuon4]:461027
[Run]:39697 [Site]:2 [Bin]:12892 [FullTime]:3590.17 [SkipTime]:0 [Veto1]:482.322 [Veto2]:535.824 [Veto3]:310.025 [Veto4]:310.025 [SgUp1]:173498 [SgUp2]:171798 [SgUp3]:0 [SgUp4]:0 [SgLow1]:173095 [SgLow2]:171398 [SgLow3]:0 [SgLow4]:0 [NetMuon1]:467727 [NetMuon2]:459935 [NetMuon3]:493848 [NetMuon4]:493848
[Run]:39697 [Site]:2 [Bin]:12893 [FullTime]:3590.17 [SkipTime]:0 [Veto1]:507.16 [Veto2]:494.276 [Veto3]:309.058 [Veto4]:309.058 [SgUp1]:172391 [SgUp2]:174239 [SgUp3]:0 [SgUp4]:0 [SgLow1]:172060 [SgLow2]:173873 [SgLow3]:0 [SgLow4]:0 [NetMuon1]:462507 [NetMuon2]:464368 [NetMuon3]:492103 [NetMuon4]:492103
[Run]:39697 [Site]:2 [Bin]:12894 [FullTime]:3590.17 [SkipTime]:0 [Veto1]:485.696 [Veto2]:502.224 [Veto3]:309.41 [Veto4]:309.41 [SgUp1]:174013 [SgUp2]:173360 [SgUp3]:0 [SgUp4]:0 [SgLow1]:173657 [SgLow2]:172959 [SgLow3]:0 [SgLow4]:0 [NetMuon1]:466472 [NetMuon2]:464008 [NetMuon3]:493003 [NetMuon4]:493003
[Run]:39697 [Site]:2 [Bin]:12895 [FullTime]:3590.17 [SkipTime]:0 [Veto1]:504.863 [Veto2]:529.043 [Veto3]:309.864 [Veto4]:309.864 [SgUp1]:173122 [SgUp2]:172627 [SgUp3]:0 [SgUp4]:0 [SgLow1]:172761 [SgLow2]:172227 [SgLow3]:0 [SgLow4]:0 [NetMuon1]:464191 [NetMuon2]:460433 [NetMuon3]:493501 [NetMuon4]:493501
[Run]:39697 [Site]:2 [Bin]:12896 [FullTime]:3590.17 [SkipTime]:0 [Veto1]:519.65 [Veto2]:494.633 [Veto3]:310.21 [Veto4]:310.21 [SgUp1]:172012 [SgUp2]:174564 [SgUp3]:0 [SgUp4]:0 [SgLow1]:171642 [SgLow2]:174140 [SgLow3]:0 [SgLow4]:0 [NetMuon1]:462520 [NetMuon2]:466271 [NetMuon3]:493917 [NetMuon4]:493917
[Run]:39697 [Site]:2 [Bin]:12897 [FullTime]:3590.17 [SkipTime]:0 [Veto1]:520.098 [Veto2]:501.711 [Veto3]:310.395 [Veto4]:310.395 [SgUp1]:171157 [SgUp2]:173851 [SgUp3]:0 [SgUp4]:0 [SgLow1]:170807 [SgLow2]:173392 [SgLow3]:0 [SgLow4]:0 [NetMuon1]:462384 [NetMuon2]:465243 [NetMuon3]:494231 [NetMuon4]:494231
[Run]:39697 [Site]:2 [Bin]:12898 [FullTime]:3590.17 [SkipTime]:0 [Veto1]:520.605 [Veto2]:515.246 [Veto3]:309.699 [Veto4]:309.699 [SgUp1]:172960 [SgUp2]:172648 [SgUp3]:0 [SgUp4]:0 [SgLow1]:172609 [SgLow2]:172295 [SgLow3]:0 [SgLow4]:0 [NetMuon1]:461402 [NetMuon2]:461936 [NetMuon3]:493055 [NetMuon4]:493055
[Run]:39697 [Site]:2 [Bin]:12899 [FullTime]:3590.17 [SkipTime]:0 [Veto1]:523.054 [Veto2]:507.152 [Veto3]:309.654 [Veto4]:309.654 [SgUp1]:171901 [SgUp2]:173875 [SgUp3]:0 [SgUp4]:0 [SgLow1]:171498 [SgLow2]:173439 [SgLow3]:0 [SgLow4]:0 [NetMuon1]:460887 [NetMuon2]:463280 [NetMuon3]:493115 [NetMuon4]:493115
[Run]:39697 [Site]:2 [Bin]:12900 [FullTime]:3590.17 [SkipTime]:0 [Veto1]:502.522 [Veto2]:494.776 [Veto3]:308.935 [Veto4]:308.935 [SgUp1]:173239 [SgUp2]:173757 [SgUp3]:0 [SgUp4]:0 [SgLow1]:172845 [SgLow2]:173351 [SgLow3]:0 [SgLow4]:0 [NetMuon1]:463175 [NetMuon2]:463973 [NetMuon3]:492042 [NetMuon4]:492042
[Run]:39697 [Site]:2 [Bin]:12901 [FullTime]:3590.17 [SkipTime]:0 [Veto1]:516.636 [Veto2]:496.113 [Veto3]:309.927 [Veto4]:309.927 [SgUp1]:171960 [SgUp2]:173998 [SgUp3]:0 [SgUp4]:0 [SgLow1]:171609 [SgLow2]:173594 [SgLow3]:0 [SgLow4]:0 [NetMuon1]:462411 [NetMuon2]:465342 [NetMuon3]:493399 [NetMuon4]:493399
[Run]:39697 [Site]:2 [Bin]:12902 [FullTime]:3590.17 [SkipTime]:0 [Veto1]:518.271 [Veto2]:503.34 [Veto3]:309.423 [Veto4]:309.423 [SgUp1]:171860 [SgUp2]:173305 [SgUp3]:0 [SgUp4]:0 [SgLow1]:171499 [SgLow2]:172881 [SgLow3]:0 [SgLow4]:0 [NetMuon1]:461131 [NetMuon2]:463505 [NetMuon3]:492562 [NetMuon4]:492562
End process Run: 39697 ... 
[Run]:39697 [Site]:2 [Bin]:12903 [FullTime]:701.881 [SkipTime]:0 [Veto1]:100.789 [Veto2]:91.5259 [Veto3]:60.3385 [Veto4]:60.3385
