StreamChain add 0xf5ad7e0
Start to process run: 39076 ... 
[Run]:39076 [Site]:2 [Bin]:12011 [FullTime]:783.225 [SkipTime]:0 [Veto1]:115.31 [Veto2]:115.765 [Veto3]:67.487 [Veto4]:67.487 [SgUp1]:37350 [SgUp2]:37820 [SgUp3]:0 [SgUp4]:0 [SgLow1]:37275 [SgLow2]:37719 [SgLow3]:0 [SgLow4]:0 [NetMuon1]:100210 [NetMuon2]:100209 [NetMuon3]:107443 [NetMuon4]:107443
[Run]:39076 [Site]:2 [Bin]:12012 [FullTime]:3590.17 [SkipTime]:0 [Veto1]:496.629 [Veto2]:505.495 [Veto3]:309.201 [Veto4]:309.201 [SgUp1]:173388 [SgUp2]:173646 [SgUp3]:0 [SgUp4]:0 [SgLow1]:173035 [SgLow2]:173309 [SgLow3]:0 [SgLow4]:0 [NetMuon1]:464525 [NetMuon2]:463442 [NetMuon3]:492633 [NetMuon4]:492633
[Run]:39076 [Site]:2 [Bin]:12013 [FullTime]:3590.17 [SkipTime]:0 [Veto1]:518.026 [Veto2]:525.208 [Veto3]:309.59 [Veto4]:309.59 [SgUp1]:171672 [SgUp2]:172756 [SgUp3]:0 [SgUp4]:0 [SgLow1]:171346 [SgLow2]:172321 [SgLow3]:0 [SgLow4]:0 [NetMuon1]:461931 [NetMuon2]:460998 [NetMuon3]:493337 [NetMuon4]:493337
[Run]:39076 [Site]:2 [Bin]:12014 [FullTime]:3590.17 [SkipTime]:0 [Veto1]:501.737 [Veto2]:520.662 [Veto3]:308.887 [Veto4]:308.887 [SgUp1]:172601 [SgUp2]:173563 [SgUp3]:0 [SgUp4]:0 [SgLow1]:172227 [SgLow2]:173191 [SgLow3]:0 [SgLow4]:0 [NetMuon1]:463273 [NetMuon2]:460274 [NetMuon3]:492077 [NetMuon4]:492077
[Run]:39076 [Site]:2 [Bin]:12015 [FullTime]:3590.17 [SkipTime]:0 [Veto1]:480.634 [Veto2]:508.11 [Veto3]:310.159 [Veto4]:310.159 [SgUp1]:173583 [SgUp2]:173249 [SgUp3]:0 [SgUp4]:0 [SgLow1]:173240 [SgLow2]:172873 [SgLow3]:0 [SgLow4]:0 [NetMuon1]:468729 [NetMuon2]:464202 [NetMuon3]:494032 [NetMuon4]:494032
[Run]:39076 [Site]:2 [Bin]:12016 [FullTime]:3590.18 [SkipTime]:0 [Veto1]:503.226 [Veto2]:526.904 [Veto3]:308.562 [Veto4]:308.562 [SgUp1]:173126 [SgUp2]:172278 [SgUp3]:0 [SgUp4]:0 [SgLow1]:172714 [SgLow2]:171881 [SgLow3]:0 [SgLow4]:0 [NetMuon1]:462229 [NetMuon2]:458632 [NetMuon3]:491441 [NetMuon4]:491441
[Run]:39076 [Site]:2 [Bin]:12017 [FullTime]:3590.16 [SkipTime]:0 [Veto1]:523.844 [Veto2]:489.554 [Veto3]:309.037 [Veto4]:309.037 [SgUp1]:171870 [SgUp2]:174525 [SgUp3]:0 [SgUp4]:0 [SgLow1]:171515 [SgLow2]:174141 [SgLow3]:0 [SgLow4]:0 [NetMuon1]:459785 [NetMuon2]:465120 [NetMuon3]:492181 [NetMuon4]:492181
[Run]:39076 [Site]:2 [Bin]:12018 [FullTime]:3590.17 [SkipTime]:0 [Veto1]:504.758 [Veto2]:493.269 [Veto3]:308.745 [Veto4]:308.745 [SgUp1]:172483 [SgUp2]:174682 [SgUp3]:0 [SgUp4]:0 [SgLow1]:172093 [SgLow2]:174305 [SgLow3]:0 [SgLow4]:0 [NetMuon1]:461996 [NetMuon2]:463814 [NetMuon3]:491559 [NetMuon4]:491559
[Run]:39076 [Site]:2 [Bin]:12019 [FullTime]:3590.17 [SkipTime]:0 [Veto1]:498.599 [Veto2]:508.498 [Veto3]:308.807 [Veto4]:308.807 [SgUp1]:174591 [SgUp2]:173577 [SgUp3]:0 [SgUp4]:0 [SgLow1]:174238 [SgLow2]:173181 [SgLow3]:0 [SgLow4]:0 [NetMuon1]:462915 [NetMuon2]:461900 [NetMuon3]:491605 [NetMuon4]:491605
[Run]:39076 [Site]:2 [Bin]:12020 [FullTime]:3590.17 [SkipTime]:0 [Veto1]:509.211 [Veto2]:503.189 [Veto3]:308.662 [Veto4]:308.662 [SgUp1]:172922 [SgUp2]:174192 [SgUp3]:0 [SgUp4]:0 [SgLow1]:172522 [SgLow2]:173826 [SgLow3]:0 [SgLow4]:0 [NetMuon1]:461921 [NetMuon2]:462477 [NetMuon3]:491829 [NetMuon4]:491829
[Run]:39076 [Site]:2 [Bin]:12021 [FullTime]:3590.17 [SkipTime]:0 [Veto1]:504.336 [Veto2]:504.55 [Veto3]:308.734 [Veto4]:308.734 [SgUp1]:173103 [SgUp2]:174615 [SgUp3]:0 [SgUp4]:0 [SgLow1]:172724 [SgLow2]:174195 [SgLow3]:0 [SgLow4]:0 [NetMuon1]:462714 [NetMuon2]:462398 [NetMuon3]:491919 [NetMuon4]:491919
[Run]:39076 [Site]:2 [Bin]:12022 [FullTime]:3590.17 [SkipTime]:0 [Veto1]:511.871 [Veto2]:510.175 [Veto3]:308.883 [Veto4]:308.883 [SgUp1]:172132 [SgUp2]:173187 [SgUp3]:0 [SgUp4]:0 [SgLow1]:171774 [SgLow2]:172824 [SgLow3]:0 [SgLow4]:0 [NetMuon1]:461489 [NetMuon2]:461658 [NetMuon3]:491749 [NetMuon4]:491749
[Run]:39076 [Site]:2 [Bin]:12023 [FullTime]:3590.17 [SkipTime]:0 [Veto1]:524.876 [Veto2]:524.809 [Veto3]:308.967 [Veto4]:308.967 [SgUp1]:171618 [SgUp2]:172743 [SgUp3]:0 [SgUp4]:0 [SgLow1]:171251 [SgLow2]:172384 [SgLow3]:0 [SgLow4]:0 [NetMuon1]:459643 [NetMuon2]:459738 [NetMuon3]:492066 [NetMuon4]:492066
[Run]:39076 [Site]:2 [Bin]:12024 [FullTime]:3590.17 [SkipTime]:0 [Veto1]:512.431 [Veto2]:509.683 [Veto3]:309.011 [Veto4]:309.011 [SgUp1]:172190 [SgUp2]:173593 [SgUp3]:0 [SgUp4]:0 [SgLow1]:171810 [SgLow2]:173189 [SgLow3]:0 [SgLow4]:0 [NetMuon1]:461570 [NetMuon2]:462063 [NetMuon3]:491941 [NetMuon4]:491941
[Run]:39076 [Site]:2 [Bin]:12025 [FullTime]:3590.17 [SkipTime]:0 [Veto1]:503.487 [Veto2]:500.335 [Veto3]:308.556 [Veto4]:308.556 [SgUp1]:172963 [SgUp2]:174332 [SgUp3]:0 [SgUp4]:0 [SgLow1]:172573 [SgLow2]:173901 [SgLow3]:0 [SgLow4]:0 [NetMuon1]:462259 [NetMuon2]:462393 [NetMuon3]:491365 [NetMuon4]:491365
[Run]:39076 [Site]:2 [Bin]:12026 [FullTime]:3590.17 [SkipTime]:0 [Veto1]:483.587 [Veto2]:473.002 [Veto3]:308.956 [Veto4]:308.956 [SgUp1]:173977 [SgUp2]:176242 [SgUp3]:0 [SgUp4]:0 [SgLow1]:173635 [SgLow2]:175873 [SgLow3]:0 [SgLow4]:0 [NetMuon1]:466106 [NetMuon2]:467654 [NetMuon3]:492208 [NetMuon4]:492208
[Run]:39076 [Site]:2 [Bin]:12027 [FullTime]:3590.17 [SkipTime]:0 [Veto1]:517.158 [Veto2]:533.96 [Veto3]:308.774 [Veto4]:308.774 [SgUp1]:172528 [SgUp2]:172465 [SgUp3]:0 [SgUp4]:0 [SgLow1]:172197 [SgLow2]:172091 [SgLow3]:0 [SgLow4]:0 [NetMuon1]:460633 [NetMuon2]:458379 [NetMuon3]:491974 [NetMuon4]:491974
[Run]:39076 [Site]:2 [Bin]:12028 [FullTime]:3590.18 [SkipTime]:0 [Veto1]:522.827 [Veto2]:513.385 [Veto3]:308.985 [Veto4]:308.985 [SgUp1]:171917 [SgUp2]:173677 [SgUp3]:0 [SgUp4]:0 [SgLow1]:171562 [SgLow2]:173376 [SgLow3]:0 [SgLow4]:0 [NetMuon1]:460188 [NetMuon2]:461684 [NetMuon3]:492238 [NetMuon4]:492238
[Run]:39076 [Site]:2 [Bin]:12029 [FullTime]:3590.16 [SkipTime]:0 [Veto1]:502.325 [Veto2]:504.942 [Veto3]:308.736 [Veto4]:308.736 [SgUp1]:173166 [SgUp2]:174151 [SgUp3]:0 [SgUp4]:0 [SgLow1]:172795 [SgLow2]:173791 [SgLow3]:0 [SgLow4]:0 [NetMuon1]:463087 [NetMuon2]:462584 [NetMuon3]:491873 [NetMuon4]:491873
[Run]:39076 [Site]:2 [Bin]:12030 [FullTime]:3590.17 [SkipTime]:0 [Veto1]:545.067 [Veto2]:508.46 [Veto3]:308.942 [Veto4]:308.942 [SgUp1]:170998 [SgUp2]:173866 [SgUp3]:0 [SgUp4]:0 [SgLow1]:170649 [SgLow2]:173440 [SgLow3]:0 [SgLow4]:0 [NetMuon1]:456810 [NetMuon2]:462095 [NetMuon3]:492064 [NetMuon4]:492064
[Run]:39076 [Site]:2 [Bin]:12031 [FullTime]:3590.17 [SkipTime]:0 [Veto1]:523.685 [Veto2]:485.597 [Veto3]:309.221 [Veto4]:309.221 [SgUp1]:172008 [SgUp2]:174959 [SgUp3]:0 [SgUp4]:0 [SgLow1]:171646 [SgLow2]:174561 [SgLow3]:0 [SgLow4]:0 [NetMuon1]:459763 [NetMuon2]:465814 [NetMuon3]:492331 [NetMuon4]:492331
[Run]:39076 [Site]:2 [Bin]:12032 [FullTime]:3590.17 [SkipTime]:0 [Veto1]:514.6 [Veto2]:482.157 [Veto3]:309.026 [Veto4]:309.026 [SgUp1]:172087 [SgUp2]:174571 [SgUp3]:0 [SgUp4]:0 [SgLow1]:171727 [SgLow2]:174161 [SgLow3]:0 [SgLow4]:0 [NetMuon1]:461310 [NetMuon2]:466276 [NetMuon3]:492151 [NetMuon4]:492151
[Run]:39076 [Site]:2 [Bin]:12033 [FullTime]:3590.17 [SkipTime]:0 [Veto1]:505.896 [Veto2]:509.93 [Veto3]:308.468 [Veto4]:308.468 [SgUp1]:173457 [SgUp2]:173300 [SgUp3]:0 [SgUp4]:0 [SgLow1]:173079 [SgLow2]:172915 [SgLow3]:0 [SgLow4]:0 [NetMuon1]:461700 [NetMuon2]:461115 [NetMuon3]:491380 [NetMuon4]:491380
[Run]:39076 [Site]:2 [Bin]:12034 [FullTime]:3590.17 [SkipTime]:0 [Veto1]:498.353 [Veto2]:493.107 [Veto3]:309.545 [Veto4]:309.545 [SgUp1]:173692 [SgUp2]:174612 [SgUp3]:0 [SgUp4]:0 [SgLow1]:173343 [SgLow2]:174187 [SgLow3]:0 [SgLow4]:0 [NetMuon1]:464062 [NetMuon2]:465209 [NetMuon3]:492817 [NetMuon4]:492817
[Run]:39076 [Site]:2 [Bin]:12035 [FullTime]:3590.17 [SkipTime]:0 [Veto1]:498.749 [Veto2]:491.484 [Veto3]:309.755 [Veto4]:309.755 [SgUp1]:173492 [SgUp2]:173873 [SgUp3]:0 [SgUp4]:0 [SgLow1]:173098 [SgLow2]:173489 [SgLow3]:0 [SgLow4]:0 [NetMuon1]:464682 [NetMuon2]:465718 [NetMuon3]:493135 [NetMuon4]:493135
[Run]:39076 [Site]:2 [Bin]:12036 [FullTime]:3590.16 [SkipTime]:0 [Veto1]:516.353 [Veto2]:509.251 [Veto3]:309.499 [Veto4]:309.499 [SgUp1]:172528 [SgUp2]:174133 [SgUp3]:0 [SgUp4]:0 [SgLow1]:172157 [SgLow2]:173720 [SgLow3]:0 [SgLow4]:0 [NetMuon1]:461384 [NetMuon2]:463025 [NetMuon3]:492928 [NetMuon4]:492928
[Run]:39076 [Site]:2 [Bin]:12037 [FullTime]:3590.17 [SkipTime]:0 [Veto1]:517.17 [Veto2]:527.466 [Veto3]:310.083 [Veto4]:310.083 [SgUp1]:172722 [SgUp2]:173200 [SgUp3]:0 [SgUp4]:0 [SgLow1]:172350 [SgLow2]:172825 [SgLow3]:0 [SgLow4]:0 [NetMuon1]:462902 [NetMuon2]:461099 [NetMuon3]:494185 [NetMuon4]:494185
[Run]:39076 [Site]:2 [Bin]:12038 [FullTime]:3590.17 [SkipTime]:0 [Veto1]:512.021 [Veto2]:505.299 [Veto3]:309.599 [Veto4]:309.599 [SgUp1]:173005 [SgUp2]:173840 [SgUp3]:0 [SgUp4]:0 [SgLow1]:172600 [SgLow2]:173456 [SgLow3]:0 [SgLow4]:0 [NetMuon1]:462449 [NetMuon2]:463483 [NetMuon3]:493020 [NetMuon4]:493020
[Run]:39076 [Site]:2 [Bin]:12039 [FullTime]:3590.17 [SkipTime]:0 [Veto1]:540.309 [Veto2]:520.607 [Veto3]:309.592 [Veto4]:309.592 [SgUp1]:171034 [SgUp2]:172236 [SgUp3]:0 [SgUp4]:0 [SgLow1]:170717 [SgLow2]:171864 [SgLow3]:0 [SgLow4]:0 [NetMuon1]:458052 [NetMuon2]:461107 [NetMuon3]:492858 [NetMuon4]:492858
[Run]:39076 [Site]:2 [Bin]:12040 [FullTime]:3590.17 [SkipTime]:0 [Veto1]:508.79 [Veto2]:530.038 [Veto3]:309.325 [Veto4]:309.325 [SgUp1]:173011 [SgUp2]:171920 [SgUp3]:0 [SgUp4]:0 [SgLow1]:172692 [SgLow2]:171577 [SgLow3]:0 [SgLow4]:0 [NetMuon1]:462562 [NetMuon2]:459531 [NetMuon3]:492466 [NetMuon4]:492466
[Run]:39076 [Site]:2 [Bin]:12041 [FullTime]:3590.17 [SkipTime]:0 [Veto1]:479.056 [Veto2]:518.677 [Veto3]:309.114 [Veto4]:309.114 [SgUp1]:174948 [SgUp2]:173084 [SgUp3]:0 [SgUp4]:0 [SgLow1]:174611 [SgLow2]:172711 [SgLow3]:0 [SgLow4]:0 [NetMuon1]:466845 [NetMuon2]:461090 [NetMuon3]:492334 [NetMuon4]:492334
[Run]:39076 [Site]:2 [Bin]:12042 [FullTime]:3590.17 [SkipTime]:0 [Veto1]:517.771 [Veto2]:515.971 [Veto3]:310.082 [Veto4]:310.082 [SgUp1]:173104 [SgUp2]:173337 [SgUp3]:0 [SgUp4]:0 [SgLow1]:172787 [SgLow2]:172961 [SgLow3]:0 [SgLow4]:0 [NetMuon1]:462606 [NetMuon2]:462584 [NetMuon3]:493705 [NetMuon4]:493705
[Run]:39076 [Site]:2 [Bin]:12043 [FullTime]:3590.17 [SkipTime]:0 [Veto1]:516.438 [Veto2]:506.976 [Veto3]:309.833 [Veto4]:309.833 [SgUp1]:173021 [SgUp2]:173228 [SgUp3]:0 [SgUp4]:0 [SgLow1]:172687 [SgLow2]:172820 [SgLow3]:0 [SgLow4]:0 [NetMuon1]:462105 [NetMuon2]:463588 [NetMuon3]:493476 [NetMuon4]:493476
[Run]:39076 [Site]:2 [Bin]:12044 [FullTime]:3590.17 [SkipTime]:0 [Veto1]:513.741 [Veto2]:520.977 [Veto3]:308.167 [Veto4]:308.167 [SgUp1]:172410 [SgUp2]:172785 [SgUp3]:0 [SgUp4]:0 [SgLow1]:172047 [SgLow2]:172402 [SgLow3]:0 [SgLow4]:0 [NetMuon1]:460207 [NetMuon2]:459224 [NetMuon3]:491160 [NetMuon4]:491160
[Run]:39076 [Site]:2 [Bin]:12045 [FullTime]:3590.17 [SkipTime]:0 [Veto1]:506.462 [Veto2]:500.592 [Veto3]:308.948 [Veto4]:308.948 [SgUp1]:172523 [SgUp2]:174212 [SgUp3]:0 [SgUp4]:0 [SgLow1]:172157 [SgLow2]:173844 [SgLow3]:0 [SgLow4]:0 [NetMuon1]:462439 [NetMuon2]:463166 [NetMuon3]:492027 [NetMuon4]:492027
[Run]:39076 [Site]:2 [Bin]:12046 [FullTime]:3590.17 [SkipTime]:0 [Veto1]:510.62 [Veto2]:510.753 [Veto3]:309.32 [Veto4]:309.32 [SgUp1]:172978 [SgUp2]:173518 [SgUp3]:0 [SgUp4]:0 [SgLow1]:172667 [SgLow2]:173107 [SgLow3]:0 [SgLow4]:0 [NetMuon1]:462241 [NetMuon2]:462379 [NetMuon3]:492605 [NetMuon4]:492605
[Run]:39076 [Site]:2 [Bin]:12047 [FullTime]:3590.17 [SkipTime]:0 [Veto1]:502.766 [Veto2]:509.223 [Veto3]:308.301 [Veto4]:308.301 [SgUp1]:172782 [SgUp2]:173164 [SgUp3]:0 [SgUp4]:0 [SgLow1]:172424 [SgLow2]:172812 [SgLow3]:0 [SgLow4]:0 [NetMuon1]:461957 [NetMuon2]:461009 [NetMuon3]:490996 [NetMuon4]:490996
[Run]:39076 [Site]:2 [Bin]:12048 [FullTime]:3590.17 [SkipTime]:0 [Veto1]:501.745 [Veto2]:512.42 [Veto3]:309.166 [Veto4]:309.166 [SgUp1]:173416 [SgUp2]:173520 [SgUp3]:0 [SgUp4]:0 [SgLow1]:173019 [SgLow2]:173127 [SgLow3]:0 [SgLow4]:0 [NetMuon1]:463150 [NetMuon2]:461431 [NetMuon3]:492210 [NetMuon4]:492210
[Run]:39076 [Site]:2 [Bin]:12049 [FullTime]:3590.17 [SkipTime]:0 [Veto1]:512.034 [Veto2]:511.384 [Veto3]:309.6 [Veto4]:309.6 [SgUp1]:172257 [SgUp2]:173628 [SgUp3]:0 [SgUp4]:0 [SgLow1]:171962 [SgLow2]:173256 [SgLow3]:0 [SgLow4]:0 [NetMuon1]:463174 [NetMuon2]:462909 [NetMuon3]:493231 [NetMuon4]:493231
[Run]:39076 [Site]:2 [Bin]:12050 [FullTime]:3590.17 [SkipTime]:0 [Veto1]:495.173 [Veto2]:509.911 [Veto3]:309.125 [Veto4]:309.125 [SgUp1]:173261 [SgUp2]:172396 [SgUp3]:0 [SgUp4]:0 [SgLow1]:172912 [SgLow2]:171995 [SgLow3]:0 [SgLow4]:0 [NetMuon1]:464289 [NetMuon2]:462039 [NetMuon3]:492179 [NetMuon4]:492179
[Run]:39076 [Site]:2 [Bin]:12051 [FullTime]:3590.17 [SkipTime]:0 [Veto1]:512.479 [Veto2]:484.058 [Veto3]:308.887 [Veto4]:308.887 [SgUp1]:172641 [SgUp2]:175755 [SgUp3]:0 [SgUp4]:0 [SgLow1]:172296 [SgLow2]:175375 [SgLow3]:0 [SgLow4]:0 [NetMuon1]:461550 [NetMuon2]:465713 [NetMuon3]:492012 [NetMuon4]:492012
[Run]:39076 [Site]:2 [Bin]:12052 [FullTime]:3590.17 [SkipTime]:0 [Veto1]:501.886 [Veto2]:508.905 [Veto3]:308.798 [Veto4]:308.798 [SgUp1]:174214 [SgUp2]:172458 [SgUp3]:0 [SgUp4]:0 [SgLow1]:173869 [SgLow2]:172084 [SgLow3]:0 [SgLow4]:0 [NetMuon1]:462684 [NetMuon2]:461901 [NetMuon3]:491836 [NetMuon4]:491836
[Run]:39076 [Site]:2 [Bin]:12053 [FullTime]:3590.17 [SkipTime]:0 [Veto1]:518.956 [Veto2]:503.388 [Veto3]:308.863 [Veto4]:308.863 [SgUp1]:172221 [SgUp2]:173766 [SgUp3]:0 [SgUp4]:0 [SgLow1]:171895 [SgLow2]:173429 [SgLow3]:0 [SgLow4]:0 [NetMuon1]:460282 [NetMuon2]:462659 [NetMuon3]:492065 [NetMuon4]:492065
[Run]:39076 [Site]:2 [Bin]:12054 [FullTime]:3590.17 [SkipTime]:0 [Veto1]:512.708 [Veto2]:521.645 [Veto3]:308.737 [Veto4]:308.737 [SgUp1]:172511 [SgUp2]:173127 [SgUp3]:0 [SgUp4]:0 [SgLow1]:172154 [SgLow2]:172721 [SgLow3]:0 [SgLow4]:0 [NetMuon1]:461134 [NetMuon2]:459432 [NetMuon3]:491517 [NetMuon4]:491517
[Run]:39076 [Site]:2 [Bin]:12055 [FullTime]:3590.17 [SkipTime]:0 [Veto1]:523.264 [Veto2]:515.352 [Veto3]:309.301 [Veto4]:309.301 [SgUp1]:172521 [SgUp2]:173398 [SgUp3]:0 [SgUp4]:0 [SgLow1]:172129 [SgLow2]:173024 [SgLow3]:0 [SgLow4]:0 [NetMuon1]:460032 [NetMuon2]:461626 [NetMuon3]:492526 [NetMuon4]:492526
[Run]:39076 [Site]:2 [Bin]:12056 [FullTime]:3590.17 [SkipTime]:0 [Veto1]:487.286 [Veto2]:518.442 [Veto3]:308.93 [Veto4]:308.93 [SgUp1]:174327 [SgUp2]:172913 [SgUp3]:0 [SgUp4]:0 [SgLow1]:173980 [SgLow2]:172517 [SgLow3]:0 [SgLow4]:0 [NetMuon1]:465155 [NetMuon2]:460391 [NetMuon3]:491858 [NetMuon4]:491858
[Run]:39076 [Site]:2 [Bin]:12057 [FullTime]:3590.17 [SkipTime]:0 [Veto1]:520.192 [Veto2]:507.624 [Veto3]:309.339 [Veto4]:309.339 [SgUp1]:172271 [SgUp2]:173839 [SgUp3]:0 [SgUp4]:0 [SgLow1]:171930 [SgLow2]:173350 [SgLow3]:0 [SgLow4]:0 [NetMuon1]:460663 [NetMuon2]:462874 [NetMuon3]:492509 [NetMuon4]:492509
[Run]:39076 [Site]:2 [Bin]:12058 [FullTime]:3590.17 [SkipTime]:0 [Veto1]:497.964 [Veto2]:500.43 [Veto3]:309.208 [Veto4]:309.208 [SgUp1]:173550 [SgUp2]:173665 [SgUp3]:0 [SgUp4]:0 [SgLow1]:173185 [SgLow2]:173256 [SgLow3]:0 [SgLow4]:0 [NetMuon1]:464084 [NetMuon2]:463510 [NetMuon3]:492406 [NetMuon4]:492406
End process Run: 39076 ... 
[Run]:39076 [Site]:2 [Bin]:12059 [FullTime]:2823.92 [SkipTime]:0 [Veto1]:392.709 [Veto2]:408.005 [Veto3]:242.998 [Veto4]:242.998
