StreamChain add 0x174f17e0
Start to process run: 40145 ... 
[Run]:40145 [Site]:2 [Bin]:13407 [FullTime]:243.689 [SkipTime]:0 [Veto1]:35.4333 [Veto2]:33.1182 [Veto3]:20.9453 [Veto4]:20.9453 [SgUp1]:11689 [SgUp2]:12015 [SgUp3]:0 [SgUp4]:0 [SgLow1]:11655 [SgLow2]:11986 [SgLow3]:0 [SgLow4]:0 [NetMuon1]:31214 [NetMuon2]:31525 [NetMuon3]:33343 [NetMuon4]:33343
[Run]:40145 [Site]:2 [Bin]:13408 [FullTime]:3590.17 [SkipTime]:0 [Veto1]:491.343 [Veto2]:510.175 [Veto3]:309.979 [Veto4]:309.979 [SgUp1]:173594 [SgUp2]:173035 [SgUp3]:0 [SgUp4]:0 [SgLow1]:173218 [SgLow2]:172656 [SgLow3]:0 [SgLow4]:0 [NetMuon1]:465788 [NetMuon2]:462993 [NetMuon3]:493400 [NetMuon4]:493400
[Run]:40145 [Site]:2 [Bin]:13409 [FullTime]:3590.17 [SkipTime]:0 [Veto1]:529.235 [Veto2]:525.361 [Veto3]:309.738 [Veto4]:309.738 [SgUp1]:171084 [SgUp2]:173097 [SgUp3]:0 [SgUp4]:0 [SgLow1]:170681 [SgLow2]:172737 [SgLow3]:0 [SgLow4]:0 [NetMuon1]:459924 [NetMuon2]:460667 [NetMuon3]:493302 [NetMuon4]:493302
[Run]:40145 [Site]:2 [Bin]:13410 [FullTime]:3590.17 [SkipTime]:0 [Veto1]:509.205 [Veto2]:503.305 [Veto3]:309.22 [Veto4]:309.22 [SgUp1]:173567 [SgUp2]:175163 [SgUp3]:0 [SgUp4]:0 [SgLow1]:173195 [SgLow2]:174754 [SgLow3]:0 [SgLow4]:0 [NetMuon1]:462050 [NetMuon2]:463267 [NetMuon3]:492312 [NetMuon4]:492312
[Run]:40145 [Site]:2 [Bin]:13411 [FullTime]:3590.17 [SkipTime]:0 [Veto1]:506.559 [Veto2]:508.465 [Veto3]:309.513 [Veto4]:309.513 [SgUp1]:172779 [SgUp2]:173631 [SgUp3]:0 [SgUp4]:0 [SgLow1]:172428 [SgLow2]:173230 [SgLow3]:0 [SgLow4]:0 [NetMuon1]:463321 [NetMuon2]:463012 [NetMuon3]:492964 [NetMuon4]:492964
[Run]:40145 [Site]:2 [Bin]:13412 [FullTime]:3590.17 [SkipTime]:0 [Veto1]:506.606 [Veto2]:505.482 [Veto3]:309.614 [Veto4]:309.614 [SgUp1]:172888 [SgUp2]:174432 [SgUp3]:0 [SgUp4]:0 [SgLow1]:172518 [SgLow2]:173982 [SgLow3]:0 [SgLow4]:0 [NetMuon1]:463578 [NetMuon2]:463794 [NetMuon3]:493062 [NetMuon4]:493062
[Run]:40145 [Site]:2 [Bin]:13413 [FullTime]:3590.17 [SkipTime]:0 [Veto1]:515.801 [Veto2]:533.003 [Veto3]:309.709 [Veto4]:309.709 [SgUp1]:172197 [SgUp2]:172095 [SgUp3]:0 [SgUp4]:0 [SgLow1]:171862 [SgLow2]:171740 [SgLow3]:0 [SgLow4]:0 [NetMuon1]:462470 [NetMuon2]:459650 [NetMuon3]:493241 [NetMuon4]:493241
[Run]:40145 [Site]:2 [Bin]:13414 [FullTime]:3590.17 [SkipTime]:0 [Veto1]:531.586 [Veto2]:524.139 [Veto3]:309.192 [Veto4]:309.192 [SgUp1]:171532 [SgUp2]:172997 [SgUp3]:0 [SgUp4]:0 [SgLow1]:171174 [SgLow2]:172574 [SgLow3]:0 [SgLow4]:0 [NetMuon1]:459386 [NetMuon2]:460690 [NetMuon3]:492686 [NetMuon4]:492686
[Run]:40145 [Site]:2 [Bin]:13415 [FullTime]:3590.17 [SkipTime]:0 [Veto1]:506.816 [Veto2]:524.369 [Veto3]:308.777 [Veto4]:308.777 [SgUp1]:172870 [SgUp2]:172943 [SgUp3]:0 [SgUp4]:0 [SgLow1]:172515 [SgLow2]:172551 [SgLow3]:0 [SgLow4]:0 [NetMuon1]:461921 [NetMuon2]:459471 [NetMuon3]:491654 [NetMuon4]:491654
[Run]:40145 [Site]:2 [Bin]:13416 [FullTime]:3590.17 [SkipTime]:0 [Veto1]:517.653 [Veto2]:508.761 [Veto3]:308.946 [Veto4]:308.946 [SgUp1]:172343 [SgUp2]:173831 [SgUp3]:0 [SgUp4]:0 [SgLow1]:172007 [SgLow2]:173421 [SgLow3]:0 [SgLow4]:0 [NetMuon1]:461168 [NetMuon2]:462029 [NetMuon3]:492028 [NetMuon4]:492028
[Run]:40145 [Site]:2 [Bin]:13417 [FullTime]:3590.17 [SkipTime]:0 [Veto1]:487.203 [Veto2]:499.601 [Veto3]:309.175 [Veto4]:309.175 [SgUp1]:173523 [SgUp2]:173661 [SgUp3]:0 [SgUp4]:0 [SgLow1]:173130 [SgLow2]:173227 [SgLow3]:0 [SgLow4]:0 [NetMuon1]:465969 [NetMuon2]:464100 [NetMuon3]:492580 [NetMuon4]:492580
[Run]:40145 [Site]:2 [Bin]:13418 [FullTime]:3590.17 [SkipTime]:0 [Veto1]:520.435 [Veto2]:497.405 [Veto3]:309.138 [Veto4]:309.138 [SgUp1]:171448 [SgUp2]:175291 [SgUp3]:0 [SgUp4]:0 [SgLow1]:171070 [SgLow2]:174838 [SgLow3]:0 [SgLow4]:0 [NetMuon1]:460341 [NetMuon2]:464040 [NetMuon3]:492317 [NetMuon4]:492317
[Run]:40145 [Site]:2 [Bin]:13419 [FullTime]:3590.18 [SkipTime]:0 [Veto1]:518.06 [Veto2]:508.332 [Veto3]:308.734 [Veto4]:308.734 [SgUp1]:171734 [SgUp2]:173868 [SgUp3]:0 [SgUp4]:0 [SgLow1]:171422 [SgLow2]:173465 [SgLow3]:0 [SgLow4]:0 [NetMuon1]:460556 [NetMuon2]:461938 [NetMuon3]:491683 [NetMuon4]:491683
[Run]:40145 [Site]:2 [Bin]:13420 [FullTime]:3590.16 [SkipTime]:0 [Veto1]:508.759 [Veto2]:522.625 [Veto3]:308.859 [Veto4]:308.859 [SgUp1]:172232 [SgUp2]:173144 [SgUp3]:0 [SgUp4]:0 [SgLow1]:171878 [SgLow2]:172738 [SgLow3]:0 [SgLow4]:0 [NetMuon1]:462218 [NetMuon2]:460151 [NetMuon3]:491999 [NetMuon4]:491999
[Run]:40145 [Site]:2 [Bin]:13421 [FullTime]:3590.17 [SkipTime]:0 [Veto1]:498.416 [Veto2]:493.833 [Veto3]:309.608 [Veto4]:309.608 [SgUp1]:173832 [SgUp2]:174449 [SgUp3]:0 [SgUp4]:0 [SgLow1]:173486 [SgLow2]:174063 [SgLow3]:0 [SgLow4]:0 [NetMuon1]:464738 [NetMuon2]:465585 [NetMuon3]:493035 [NetMuon4]:493035
[Run]:40145 [Site]:2 [Bin]:13422 [FullTime]:3590.17 [SkipTime]:0 [Veto1]:482.225 [Veto2]:499.284 [Veto3]:309.515 [Veto4]:309.515 [SgUp1]:174310 [SgUp2]:174866 [SgUp3]:0 [SgUp4]:0 [SgLow1]:173896 [SgLow2]:174476 [SgLow3]:0 [SgLow4]:0 [NetMuon1]:466963 [NetMuon2]:464804 [NetMuon3]:493063 [NetMuon4]:493063
[Run]:40145 [Site]:2 [Bin]:13423 [FullTime]:3590.17 [SkipTime]:0 [Veto1]:513.911 [Veto2]:507.075 [Veto3]:309.27 [Veto4]:309.27 [SgUp1]:172403 [SgUp2]:173160 [SgUp3]:0 [SgUp4]:0 [SgLow1]:172083 [SgLow2]:172765 [SgLow3]:0 [SgLow4]:0 [NetMuon1]:462013 [NetMuon2]:462962 [NetMuon3]:492520 [NetMuon4]:492520
[Run]:40145 [Site]:2 [Bin]:13424 [FullTime]:3590.17 [SkipTime]:0 [Veto1]:496.913 [Veto2]:495.306 [Veto3]:308.353 [Veto4]:308.353 [SgUp1]:173490 [SgUp2]:174351 [SgUp3]:0 [SgUp4]:0 [SgLow1]:173147 [SgLow2]:173977 [SgLow3]:0 [SgLow4]:0 [NetMuon1]:462920 [NetMuon2]:463316 [NetMuon3]:491176 [NetMuon4]:491176
[Run]:40145 [Site]:2 [Bin]:13425 [FullTime]:3590.17 [SkipTime]:0 [Veto1]:518.911 [Veto2]:503.937 [Veto3]:310.331 [Veto4]:310.331 [SgUp1]:171475 [SgUp2]:173378 [SgUp3]:0 [SgUp4]:0 [SgLow1]:171074 [SgLow2]:172997 [SgLow3]:0 [SgLow4]:0 [NetMuon1]:462757 [NetMuon2]:465108 [NetMuon3]:494323 [NetMuon4]:494323
[Run]:40145 [Site]:2 [Bin]:13426 [FullTime]:3590.17 [SkipTime]:0 [Veto1]:502.527 [Veto2]:485.066 [Veto3]:309.093 [Veto4]:309.093 [SgUp1]:173177 [SgUp2]:175437 [SgUp3]:0 [SgUp4]:0 [SgLow1]:172783 [SgLow2]:174983 [SgLow3]:0 [SgLow4]:0 [NetMuon1]:463414 [NetMuon2]:465730 [NetMuon3]:492301 [NetMuon4]:492301
[Run]:40145 [Site]:2 [Bin]:13427 [FullTime]:3590.17 [SkipTime]:0 [Veto1]:506.781 [Veto2]:512.946 [Veto3]:308.959 [Veto4]:308.959 [SgUp1]:173160 [SgUp2]:173108 [SgUp3]:0 [SgUp4]:0 [SgLow1]:172826 [SgLow2]:172735 [SgLow3]:0 [SgLow4]:0 [NetMuon1]:462379 [NetMuon2]:461676 [NetMuon3]:492151 [NetMuon4]:492151
[Run]:40145 [Site]:2 [Bin]:13428 [FullTime]:3590.18 [SkipTime]:0 [Veto1]:501.597 [Veto2]:517.973 [Veto3]:308.928 [Veto4]:308.928 [SgUp1]:172738 [SgUp2]:173358 [SgUp3]:0 [SgUp4]:0 [SgLow1]:172410 [SgLow2]:172899 [SgLow3]:0 [SgLow4]:0 [NetMuon1]:463190 [NetMuon2]:460399 [NetMuon3]:491873 [NetMuon4]:491873
[Run]:40145 [Site]:2 [Bin]:13429 [FullTime]:3590.16 [SkipTime]:0 [Veto1]:490.57 [Veto2]:510.719 [Veto3]:310.015 [Veto4]:310.015 [SgUp1]:173935 [SgUp2]:173333 [SgUp3]:0 [SgUp4]:0 [SgLow1]:173494 [SgLow2]:172890 [SgLow3]:0 [SgLow4]:0 [NetMuon1]:466770 [NetMuon2]:463820 [NetMuon3]:493909 [NetMuon4]:493909
[Run]:40145 [Site]:2 [Bin]:13430 [FullTime]:3590.17 [SkipTime]:0 [Veto1]:512.934 [Veto2]:501.363 [Veto3]:310.236 [Veto4]:310.236 [SgUp1]:173205 [SgUp2]:174469 [SgUp3]:0 [SgUp4]:0 [SgLow1]:172790 [SgLow2]:174058 [SgLow3]:0 [SgLow4]:0 [NetMuon1]:463164 [NetMuon2]:465441 [NetMuon3]:493736 [NetMuon4]:493736
[Run]:40145 [Site]:2 [Bin]:13431 [FullTime]:3590.17 [SkipTime]:0 [Veto1]:511.438 [Veto2]:500.643 [Veto3]:309.786 [Veto4]:309.786 [SgUp1]:173290 [SgUp2]:174673 [SgUp3]:0 [SgUp4]:0 [SgLow1]:172949 [SgLow2]:174295 [SgLow3]:0 [SgLow4]:0 [NetMuon1]:463217 [NetMuon2]:465014 [NetMuon3]:493492 [NetMuon4]:493492
[Run]:40145 [Site]:2 [Bin]:13432 [FullTime]:3590.17 [SkipTime]:0 [Veto1]:502.527 [Veto2]:529.907 [Veto3]:309.291 [Veto4]:309.291 [SgUp1]:173227 [SgUp2]:172141 [SgUp3]:0 [SgUp4]:0 [SgLow1]:172849 [SgLow2]:171742 [SgLow3]:0 [SgLow4]:0 [NetMuon1]:463536 [NetMuon2]:459580 [NetMuon3]:492598 [NetMuon4]:492598
[Run]:40145 [Site]:2 [Bin]:13433 [FullTime]:3590.17 [SkipTime]:0 [Veto1]:518.452 [Veto2]:495.181 [Veto3]:310.397 [Veto4]:310.397 [SgUp1]:172793 [SgUp2]:174114 [SgUp3]:0 [SgUp4]:0 [SgLow1]:172453 [SgLow2]:173677 [SgLow3]:0 [SgLow4]:0 [NetMuon1]:462925 [NetMuon2]:466298 [NetMuon3]:494217 [NetMuon4]:494217
[Run]:40145 [Site]:2 [Bin]:13434 [FullTime]:3590.17 [SkipTime]:0 [Veto1]:502.536 [Veto2]:498.37 [Veto3]:310.018 [Veto4]:310.018 [SgUp1]:173498 [SgUp2]:173806 [SgUp3]:0 [SgUp4]:0 [SgLow1]:173085 [SgLow2]:173428 [SgLow3]:0 [SgLow4]:0 [NetMuon1]:464627 [NetMuon2]:465426 [NetMuon3]:493656 [NetMuon4]:493656
[Run]:40145 [Site]:2 [Bin]:13435 [FullTime]:3590.17 [SkipTime]:0 [Veto1]:496.958 [Veto2]:506.464 [Veto3]:310.475 [Veto4]:310.475 [SgUp1]:173799 [SgUp2]:173730 [SgUp3]:0 [SgUp4]:0 [SgLow1]:173396 [SgLow2]:173332 [SgLow3]:0 [SgLow4]:0 [NetMuon1]:466308 [NetMuon2]:465028 [NetMuon3]:494323 [NetMuon4]:494323
[Run]:40145 [Site]:2 [Bin]:13436 [FullTime]:3590.17 [SkipTime]:0 [Veto1]:516.132 [Veto2]:531.26 [Veto3]:309.209 [Veto4]:309.209 [SgUp1]:173097 [SgUp2]:171479 [SgUp3]:0 [SgUp4]:0 [SgLow1]:172707 [SgLow2]:171142 [SgLow3]:0 [SgLow4]:0 [NetMuon1]:461002 [NetMuon2]:459098 [NetMuon3]:492407 [NetMuon4]:492407
[Run]:40145 [Site]:2 [Bin]:13437 [FullTime]:3590.17 [SkipTime]:0 [Veto1]:497.476 [Veto2]:500.421 [Veto3]:309.601 [Veto4]:309.601 [SgUp1]:173899 [SgUp2]:174284 [SgUp3]:0 [SgUp4]:0 [SgLow1]:173482 [SgLow2]:173886 [SgLow3]:0 [SgLow4]:0 [NetMuon1]:464782 [NetMuon2]:464318 [NetMuon3]:493062 [NetMuon4]:493062
[Run]:40145 [Site]:2 [Bin]:13438 [FullTime]:3590.17 [SkipTime]:0 [Veto1]:497.793 [Veto2]:515.977 [Veto3]:309.523 [Veto4]:309.523 [SgUp1]:173143 [SgUp2]:172622 [SgUp3]:0 [SgUp4]:0 [SgLow1]:172793 [SgLow2]:172253 [SgLow3]:0 [SgLow4]:0 [NetMuon1]:464505 [NetMuon2]:461846 [NetMuon3]:492824 [NetMuon4]:492824
[Run]:40145 [Site]:2 [Bin]:13439 [FullTime]:3590.18 [SkipTime]:0 [Veto1]:511.884 [Veto2]:521.735 [Veto3]:309.725 [Veto4]:309.725 [SgUp1]:173241 [SgUp2]:173352 [SgUp3]:0 [SgUp4]:0 [SgLow1]:172864 [SgLow2]:172955 [SgLow3]:0 [SgLow4]:0 [NetMuon1]:462786 [NetMuon2]:461307 [NetMuon3]:493222 [NetMuon4]:493222
[Run]:40145 [Site]:2 [Bin]:13440 [FullTime]:3590.16 [SkipTime]:0 [Veto1]:515.327 [Veto2]:499.542 [Veto3]:310.158 [Veto4]:310.158 [SgUp1]:172779 [SgUp2]:173883 [SgUp3]:0 [SgUp4]:0 [SgLow1]:172416 [SgLow2]:173431 [SgLow3]:0 [SgLow4]:0 [NetMuon1]:463017 [NetMuon2]:465609 [NetMuon3]:494149 [NetMuon4]:494149
[Run]:40145 [Site]:2 [Bin]:13441 [FullTime]:3590.17 [SkipTime]:0 [Veto1]:525.266 [Veto2]:491.676 [Veto3]:308.788 [Veto4]:308.788 [SgUp1]:171286 [SgUp2]:174139 [SgUp3]:0 [SgUp4]:0 [SgLow1]:170933 [SgLow2]:173690 [SgLow3]:0 [SgLow4]:0 [NetMuon1]:459382 [NetMuon2]:464141 [NetMuon3]:491780 [NetMuon4]:491780
[Run]:40145 [Site]:2 [Bin]:13442 [FullTime]:3590.17 [SkipTime]:0 [Veto1]:501.736 [Veto2]:482.407 [Veto3]:309.009 [Veto4]:309.009 [SgUp1]:172349 [SgUp2]:174680 [SgUp3]:0 [SgUp4]:0 [SgLow1]:171951 [SgLow2]:174269 [SgLow3]:0 [SgLow4]:0 [NetMuon1]:463253 [NetMuon2]:465910 [NetMuon3]:492141 [NetMuon4]:492141
[Run]:40145 [Site]:2 [Bin]:13443 [FullTime]:3590.17 [SkipTime]:0 [Veto1]:524.739 [Veto2]:520.599 [Veto3]:309.298 [Veto4]:309.298 [SgUp1]:172646 [SgUp2]:172982 [SgUp3]:0 [SgUp4]:0 [SgLow1]:172260 [SgLow2]:172528 [SgLow3]:0 [SgLow4]:0 [NetMuon1]:460189 [NetMuon2]:460951 [NetMuon3]:492516 [NetMuon4]:492516
[Run]:40145 [Site]:2 [Bin]:13444 [FullTime]:3590.17 [SkipTime]:0 [Veto1]:508.031 [Veto2]:506.447 [Veto3]:309.416 [Veto4]:309.416 [SgUp1]:172790 [SgUp2]:173304 [SgUp3]:0 [SgUp4]:0 [SgLow1]:172450 [SgLow2]:172932 [SgLow3]:0 [SgLow4]:0 [NetMuon1]:462753 [NetMuon2]:463088 [NetMuon3]:492767 [NetMuon4]:492767
[Run]:40145 [Site]:2 [Bin]:13445 [FullTime]:3590.17 [SkipTime]:0 [Veto1]:525.879 [Veto2]:519.553 [Veto3]:308.882 [Veto4]:308.882 [SgUp1]:172167 [SgUp2]:172262 [SgUp3]:0 [SgUp4]:0 [SgLow1]:171787 [SgLow2]:171872 [SgLow3]:0 [SgLow4]:0 [NetMuon1]:459230 [NetMuon2]:460522 [NetMuon3]:491783 [NetMuon4]:491783
[Run]:40145 [Site]:2 [Bin]:13446 [FullTime]:3590.17 [SkipTime]:0 [Veto1]:504.105 [Veto2]:508.993 [Veto3]:309.658 [Veto4]:309.658 [SgUp1]:172775 [SgUp2]:173287 [SgUp3]:0 [SgUp4]:0 [SgLow1]:172468 [SgLow2]:172876 [SgLow3]:0 [SgLow4]:0 [NetMuon1]:463845 [NetMuon2]:463391 [NetMuon3]:493207 [NetMuon4]:493207
[Run]:40145 [Site]:2 [Bin]:13447 [FullTime]:3590.18 [SkipTime]:0 [Veto1]:504.363 [Veto2]:524.485 [Veto3]:309.683 [Veto4]:309.683 [SgUp1]:173130 [SgUp2]:172175 [SgUp3]:0 [SgUp4]:0 [SgLow1]:172712 [SgLow2]:171791 [SgLow3]:0 [SgLow4]:0 [NetMuon1]:463923 [NetMuon2]:461027 [NetMuon3]:493121 [NetMuon4]:493121
[Run]:40145 [Site]:2 [Bin]:13448 [FullTime]:3590.17 [SkipTime]:0 [Veto1]:495.547 [Veto2]:501.863 [Veto3]:308.829 [Veto4]:308.829 [SgUp1]:173714 [SgUp2]:173992 [SgUp3]:0 [SgUp4]:0 [SgLow1]:173344 [SgLow2]:173607 [SgLow3]:0 [SgLow4]:0 [NetMuon1]:464003 [NetMuon2]:463001 [NetMuon3]:491948 [NetMuon4]:491948
[Run]:40145 [Site]:2 [Bin]:13449 [FullTime]:3590.17 [SkipTime]:0 [Veto1]:514.888 [Veto2]:515.5 [Veto3]:309.651 [Veto4]:309.651 [SgUp1]:172512 [SgUp2]:172647 [SgUp3]:0 [SgUp4]:0 [SgLow1]:172158 [SgLow2]:172201 [SgLow3]:0 [SgLow4]:0 [NetMuon1]:462117 [NetMuon2]:462295 [NetMuon3]:493051 [NetMuon4]:493051
[Run]:40145 [Site]:2 [Bin]:13450 [FullTime]:3590.17 [SkipTime]:0 [Veto1]:501.73 [Veto2]:518.215 [Veto3]:309.515 [Veto4]:309.515 [SgUp1]:172930 [SgUp2]:172570 [SgUp3]:0 [SgUp4]:0 [SgLow1]:172583 [SgLow2]:172217 [SgLow3]:0 [SgLow4]:0 [NetMuon1]:463694 [NetMuon2]:461517 [NetMuon3]:492949 [NetMuon4]:492949
[Run]:40145 [Site]:2 [Bin]:13451 [FullTime]:3590.18 [SkipTime]:0 [Veto1]:523.02 [Veto2]:515.156 [Veto3]:309.648 [Veto4]:309.648 [SgUp1]:171470 [SgUp2]:172826 [SgUp3]:0 [SgUp4]:0 [SgLow1]:171083 [SgLow2]:172426 [SgLow3]:0 [SgLow4]:0 [NetMuon1]:461016 [NetMuon2]:462330 [NetMuon3]:493167 [NetMuon4]:493167
[Run]:40145 [Site]:2 [Bin]:13452 [FullTime]:3590.16 [SkipTime]:0 [Veto1]:501.442 [Veto2]:521.732 [Veto3]:308.927 [Veto4]:308.927 [SgUp1]:173107 [SgUp2]:172212 [SgUp3]:0 [SgUp4]:0 [SgLow1]:172763 [SgLow2]:171834 [SgLow3]:0 [SgLow4]:0 [NetMuon1]:463242 [NetMuon2]:460003 [NetMuon3]:491965 [NetMuon4]:491965
[Run]:40145 [Site]:2 [Bin]:13453 [FullTime]:3590.17 [SkipTime]:0 [Veto1]:505.479 [Veto2]:500.657 [Veto3]:309.529 [Veto4]:309.529 [SgUp1]:172944 [SgUp2]:173258 [SgUp3]:0 [SgUp4]:0 [SgLow1]:172597 [SgLow2]:172867 [SgLow3]:0 [SgLow4]:0 [NetMuon1]:463835 [NetMuon2]:464714 [NetMuon3]:493275 [NetMuon4]:493275
[Run]:40145 [Site]:2 [Bin]:13454 [FullTime]:3590.17 [SkipTime]:0 [Veto1]:500.913 [Veto2]:516.355 [Veto3]:309.338 [Veto4]:309.338 [SgUp1]:172647 [SgUp2]:173066 [SgUp3]:0 [SgUp4]:0 [SgLow1]:172318 [SgLow2]:172657 [SgLow3]:0 [SgLow4]:0 [NetMuon1]:463789 [NetMuon2]:461809 [NetMuon3]:492826 [NetMuon4]:492826
End process Run: 40145 ... 
[Run]:40145 [Site]:2 [Bin]:13455 [FullTime]:2048.47 [SkipTime]:0 [Veto1]:288.06 [Veto2]:296.868 [Veto3]:176.785 [Veto4]:176.785
