StreamChain add 0xef797e0
Start to process run: 40764 ... 
[Run]:40764 [Site]:2 [Bin]:14249 [FullTime]:3471.47 [SkipTime]:0 [Veto1]:500.067 [Veto2]:487.303 [Veto3]:299.173 [Veto4]:299.173 [SgUp1]:166373 [SgUp2]:167966 [SgUp3]:0 [SgUp4]:0 [SgLow1]:166020 [SgLow2]:167540 [SgLow3]:0 [SgLow4]:0 [NetMuon1]:446342 [NetMuon2]:448119 [NetMuon3]:476465 [NetMuon4]:476465
[Run]:40764 [Site]:2 [Bin]:14250 [FullTime]:3590.17 [SkipTime]:0 [Veto1]:503.89 [Veto2]:532.6 [Veto3]:309.433 [Veto4]:309.433 [SgUp1]:172609 [SgUp2]:171584 [SgUp3]:0 [SgUp4]:0 [SgLow1]:172242 [SgLow2]:171167 [SgLow3]:0 [SgLow4]:0 [NetMuon1]:463781 [NetMuon2]:459334 [NetMuon3]:492704 [NetMuon4]:492704
[Run]:40764 [Site]:2 [Bin]:14251 [FullTime]:3590.17 [SkipTime]:0 [Veto1]:516.035 [Veto2]:502.497 [Veto3]:309.605 [Veto4]:309.605 [SgUp1]:172309 [SgUp2]:174343 [SgUp3]:0 [SgUp4]:0 [SgLow1]:171894 [SgLow2]:173948 [SgLow3]:0 [SgLow4]:0 [NetMuon1]:461832 [NetMuon2]:463824 [NetMuon3]:492868 [NetMuon4]:492868
[Run]:40764 [Site]:2 [Bin]:14252 [FullTime]:3590.17 [SkipTime]:0 [Veto1]:526.848 [Veto2]:515.827 [Veto3]:309.495 [Veto4]:309.495 [SgUp1]:170720 [SgUp2]:173244 [SgUp3]:0 [SgUp4]:0 [SgLow1]:170295 [SgLow2]:172813 [SgLow3]:0 [SgLow4]:0 [NetMuon1]:460373 [NetMuon2]:461895 [NetMuon3]:492936 [NetMuon4]:492936
[Run]:40764 [Site]:2 [Bin]:14253 [FullTime]:3590.18 [SkipTime]:0 [Veto1]:518.567 [Veto2]:509.656 [Veto3]:308.724 [Veto4]:308.724 [SgUp1]:172452 [SgUp2]:173030 [SgUp3]:0 [SgUp4]:0 [SgLow1]:172128 [SgLow2]:172621 [SgLow3]:0 [SgLow4]:0 [NetMuon1]:460105 [NetMuon2]:461751 [NetMuon3]:491715 [NetMuon4]:491715
[Run]:40764 [Site]:2 [Bin]:14254 [FullTime]:3590.16 [SkipTime]:0 [Veto1]:506.839 [Veto2]:487.545 [Veto3]:308.968 [Veto4]:308.968 [SgUp1]:172687 [SgUp2]:174516 [SgUp3]:0 [SgUp4]:0 [SgLow1]:172279 [SgLow2]:174140 [SgLow3]:0 [SgLow4]:0 [NetMuon1]:462472 [NetMuon2]:465225 [NetMuon3]:491988 [NetMuon4]:491988
[Run]:40764 [Site]:2 [Bin]:14255 [FullTime]:3590.17 [SkipTime]:0 [Veto1]:499.739 [Veto2]:516.896 [Veto3]:309.138 [Veto4]:309.138 [SgUp1]:172405 [SgUp2]:173058 [SgUp3]:0 [SgUp4]:0 [SgLow1]:171991 [SgLow2]:172631 [SgLow3]:0 [SgLow4]:0 [NetMuon1]:463778 [NetMuon2]:461263 [NetMuon3]:492452 [NetMuon4]:492452
[Run]:40764 [Site]:2 [Bin]:14256 [FullTime]:3590.17 [SkipTime]:0 [Veto1]:519.499 [Veto2]:493.454 [Veto3]:308.944 [Veto4]:308.944 [SgUp1]:171646 [SgUp2]:174593 [SgUp3]:0 [SgUp4]:0 [SgLow1]:171325 [SgLow2]:174201 [SgLow3]:0 [SgLow4]:0 [NetMuon1]:460408 [NetMuon2]:464159 [NetMuon3]:491960 [NetMuon4]:491960
[Run]:40764 [Site]:2 [Bin]:14257 [FullTime]:3590.17 [SkipTime]:0 [Veto1]:511.622 [Veto2]:526.878 [Veto3]:309.374 [Veto4]:309.374 [SgUp1]:172131 [SgUp2]:171754 [SgUp3]:0 [SgUp4]:0 [SgLow1]:171733 [SgLow2]:171409 [SgLow3]:0 [SgLow4]:0 [NetMuon1]:462362 [NetMuon2]:460373 [NetMuon3]:492841 [NetMuon4]:492841
[Run]:40764 [Site]:2 [Bin]:14258 [FullTime]:3590.17 [SkipTime]:0 [Veto1]:516.425 [Veto2]:518.311 [Veto3]:309.487 [Veto4]:309.487 [SgUp1]:171544 [SgUp2]:174036 [SgUp3]:0 [SgUp4]:0 [SgLow1]:171129 [SgLow2]:173599 [SgLow3]:0 [SgLow4]:0 [NetMuon1]:461789 [NetMuon2]:461434 [NetMuon3]:493019 [NetMuon4]:493019
[Run]:40764 [Site]:2 [Bin]:14259 [FullTime]:3590.17 [SkipTime]:0 [Veto1]:491.654 [Veto2]:520.531 [Veto3]:309.002 [Veto4]:309.002 [SgUp1]:172686 [SgUp2]:172979 [SgUp3]:0 [SgUp4]:0 [SgLow1]:172301 [SgLow2]:172563 [SgLow3]:0 [SgLow4]:0 [NetMuon1]:464917 [NetMuon2]:460571 [NetMuon3]:492169 [NetMuon4]:492169
[Run]:40764 [Site]:2 [Bin]:14260 [FullTime]:3590.17 [SkipTime]:0 [Veto1]:521.978 [Veto2]:498.813 [Veto3]:309.669 [Veto4]:309.669 [SgUp1]:172034 [SgUp2]:174073 [SgUp3]:0 [SgUp4]:0 [SgLow1]:171671 [SgLow2]:173660 [SgLow3]:0 [SgLow4]:0 [NetMuon1]:461229 [NetMuon2]:464542 [NetMuon3]:493119 [NetMuon4]:493119
[Run]:40764 [Site]:2 [Bin]:14261 [FullTime]:3590.17 [SkipTime]:0 [Veto1]:502.757 [Veto2]:496.942 [Veto3]:308.943 [Veto4]:308.943 [SgUp1]:173068 [SgUp2]:173996 [SgUp3]:0 [SgUp4]:0 [SgLow1]:172733 [SgLow2]:173585 [SgLow3]:0 [SgLow4]:0 [NetMuon1]:463184 [NetMuon2]:463853 [NetMuon3]:492079 [NetMuon4]:492079
[Run]:40764 [Site]:2 [Bin]:14262 [FullTime]:3590.17 [SkipTime]:0 [Veto1]:508.388 [Veto2]:492.099 [Veto3]:309.138 [Veto4]:309.138 [SgUp1]:172722 [SgUp2]:173651 [SgUp3]:0 [SgUp4]:0 [SgLow1]:172390 [SgLow2]:173235 [SgLow3]:0 [SgLow4]:0 [NetMuon1]:462686 [NetMuon2]:465290 [NetMuon3]:492475 [NetMuon4]:492475
[Run]:40764 [Site]:2 [Bin]:14263 [FullTime]:3590.17 [SkipTime]:0 [Veto1]:510.32 [Veto2]:506.823 [Veto3]:309.643 [Veto4]:309.643 [SgUp1]:171904 [SgUp2]:173634 [SgUp3]:0 [SgUp4]:0 [SgLow1]:171555 [SgLow2]:173198 [SgLow3]:0 [SgLow4]:0 [NetMuon1]:462926 [NetMuon2]:463354 [NetMuon3]:493144 [NetMuon4]:493144
[Run]:40764 [Site]:2 [Bin]:14264 [FullTime]:3590.17 [SkipTime]:0 [Veto1]:528.354 [Veto2]:516.795 [Veto3]:309.801 [Veto4]:309.801 [SgUp1]:171984 [SgUp2]:173041 [SgUp3]:0 [SgUp4]:0 [SgLow1]:171599 [SgLow2]:172638 [SgLow3]:0 [SgLow4]:0 [NetMuon1]:460511 [NetMuon2]:462331 [NetMuon3]:493438 [NetMuon4]:493438
[Run]:40764 [Site]:2 [Bin]:14265 [FullTime]:3590.17 [SkipTime]:0 [Veto1]:531.202 [Veto2]:508.35 [Veto3]:309.894 [Veto4]:309.894 [SgUp1]:172071 [SgUp2]:172883 [SgUp3]:0 [SgUp4]:0 [SgLow1]:171692 [SgLow2]:172459 [SgLow3]:0 [SgLow4]:0 [NetMuon1]:460272 [NetMuon2]:463897 [NetMuon3]:493597 [NetMuon4]:493597
[Run]:40764 [Site]:2 [Bin]:14266 [FullTime]:3590.17 [SkipTime]:0 [Veto1]:513.834 [Veto2]:501.83 [Veto3]:309.847 [Veto4]:309.847 [SgUp1]:172723 [SgUp2]:173384 [SgUp3]:0 [SgUp4]:0 [SgLow1]:172356 [SgLow2]:173000 [SgLow3]:0 [SgLow4]:0 [NetMuon1]:462837 [NetMuon2]:464351 [NetMuon3]:493451 [NetMuon4]:493451
[Run]:40764 [Site]:2 [Bin]:14267 [FullTime]:3590.17 [SkipTime]:0 [Veto1]:494.858 [Veto2]:485.878 [Veto3]:309.263 [Veto4]:309.263 [SgUp1]:173188 [SgUp2]:175165 [SgUp3]:0 [SgUp4]:0 [SgLow1]:172796 [SgLow2]:174783 [SgLow3]:0 [SgLow4]:0 [NetMuon1]:464664 [NetMuon2]:466018 [NetMuon3]:492418 [NetMuon4]:492418
[Run]:40764 [Site]:2 [Bin]:14268 [FullTime]:3590.16 [SkipTime]:0 [Veto1]:510.085 [Veto2]:508.413 [Veto3]:309.285 [Veto4]:309.285 [SgUp1]:172632 [SgUp2]:172508 [SgUp3]:0 [SgUp4]:0 [SgLow1]:172242 [SgLow2]:172139 [SgLow3]:0 [SgLow4]:0 [NetMuon1]:462175 [NetMuon2]:462402 [NetMuon3]:492388 [NetMuon4]:492388
[Run]:40764 [Site]:2 [Bin]:14269 [FullTime]:3590.17 [SkipTime]:0 [Veto1]:502.936 [Veto2]:495.666 [Veto3]:309.462 [Veto4]:309.462 [SgUp1]:172704 [SgUp2]:174094 [SgUp3]:0 [SgUp4]:0 [SgLow1]:172278 [SgLow2]:173705 [SgLow3]:0 [SgLow4]:0 [NetMuon1]:463458 [NetMuon2]:464699 [NetMuon3]:492595 [NetMuon4]:492595
[Run]:40764 [Site]:2 [Bin]:14270 [FullTime]:3590.17 [SkipTime]:0 [Veto1]:513.259 [Veto2]:479.937 [Veto3]:308.687 [Veto4]:308.687 [SgUp1]:171572 [SgUp2]:174980 [SgUp3]:0 [SgUp4]:0 [SgLow1]:171215 [SgLow2]:174605 [SgLow3]:0 [SgLow4]:0 [NetMuon1]:460725 [NetMuon2]:465836 [NetMuon3]:491578 [NetMuon4]:491578
[Run]:40764 [Site]:2 [Bin]:14271 [FullTime]:3590.17 [SkipTime]:0 [Veto1]:512.549 [Veto2]:521.593 [Veto3]:309.604 [Veto4]:309.604 [SgUp1]:171785 [SgUp2]:172689 [SgUp3]:0 [SgUp4]:0 [SgLow1]:171410 [SgLow2]:172297 [SgLow3]:0 [SgLow4]:0 [NetMuon1]:462861 [NetMuon2]:461232 [NetMuon3]:493174 [NetMuon4]:493174
[Run]:40764 [Site]:2 [Bin]:14272 [FullTime]:3590.17 [SkipTime]:0 [Veto1]:509.666 [Veto2]:516.176 [Veto3]:310.21 [Veto4]:310.21 [SgUp1]:172867 [SgUp2]:173096 [SgUp3]:0 [SgUp4]:0 [SgLow1]:172553 [SgLow2]:172677 [SgLow3]:0 [SgLow4]:0 [NetMuon1]:464195 [NetMuon2]:463233 [NetMuon3]:494243 [NetMuon4]:494243
[Run]:40764 [Site]:2 [Bin]:14273 [FullTime]:3590.17 [SkipTime]:0 [Veto1]:495.909 [Veto2]:523.126 [Veto3]:309.39 [Veto4]:309.39 [SgUp1]:173137 [SgUp2]:172196 [SgUp3]:0 [SgUp4]:0 [SgLow1]:172737 [SgLow2]:171793 [SgLow3]:0 [SgLow4]:0 [NetMuon1]:464621 [NetMuon2]:460860 [NetMuon3]:492746 [NetMuon4]:492746
[Run]:40764 [Site]:2 [Bin]:14274 [FullTime]:3590.17 [SkipTime]:0 [Veto1]:494.293 [Veto2]:532.117 [Veto3]:308.905 [Veto4]:308.905 [SgUp1]:173274 [SgUp2]:171830 [SgUp3]:0 [SgUp4]:0 [SgLow1]:172904 [SgLow2]:171476 [SgLow3]:0 [SgLow4]:0 [NetMuon1]:464072 [NetMuon2]:458274 [NetMuon3]:491882 [NetMuon4]:491882
[Run]:40764 [Site]:2 [Bin]:14275 [FullTime]:3590.17 [SkipTime]:0 [Veto1]:516.181 [Veto2]:519.9 [Veto3]:310.183 [Veto4]:310.183 [SgUp1]:172829 [SgUp2]:172262 [SgUp3]:0 [SgUp4]:0 [SgLow1]:172410 [SgLow2]:171846 [SgLow3]:0 [SgLow4]:0 [NetMuon1]:463221 [NetMuon2]:462674 [NetMuon3]:494185 [NetMuon4]:494185
[Run]:40764 [Site]:2 [Bin]:14276 [FullTime]:3590.17 [SkipTime]:0 [Veto1]:487.253 [Veto2]:510.254 [Veto3]:309.366 [Veto4]:309.366 [SgUp1]:173959 [SgUp2]:173761 [SgUp3]:0 [SgUp4]:0 [SgLow1]:173575 [SgLow2]:173377 [SgLow3]:0 [SgLow4]:0 [NetMuon1]:466165 [NetMuon2]:462930 [NetMuon3]:492866 [NetMuon4]:492866
[Run]:40764 [Site]:2 [Bin]:14277 [FullTime]:3590.17 [SkipTime]:0 [Veto1]:500.612 [Veto2]:510.249 [Veto3]:308.958 [Veto4]:308.958 [SgUp1]:172688 [SgUp2]:173295 [SgUp3]:0 [SgUp4]:0 [SgLow1]:172296 [SgLow2]:172896 [SgLow3]:0 [SgLow4]:0 [NetMuon1]:463676 [NetMuon2]:461735 [NetMuon3]:492219 [NetMuon4]:492219
[Run]:40764 [Site]:2 [Bin]:14278 [FullTime]:3590.17 [SkipTime]:0 [Veto1]:503.113 [Veto2]:493.719 [Veto3]:308.435 [Veto4]:308.435 [SgUp1]:172994 [SgUp2]:174414 [SgUp3]:0 [SgUp4]:0 [SgLow1]:172634 [SgLow2]:174005 [SgLow3]:0 [SgLow4]:0 [NetMuon1]:462182 [NetMuon2]:463770 [NetMuon3]:491258 [NetMuon4]:491258
End process Run: 40764 ... 
[Run]:40764 [Site]:2 [Bin]:14279 [FullTime]:474.853 [SkipTime]:0 [Veto1]:66.6482 [Veto2]:64.2094 [Veto3]:40.6875 [Veto4]:40.6875
