StreamChain add 0xc1be7e0
Start to process run: 40902 ... 
[Run]:40902 [Site]:2 [Bin]:14369 [FullTime]:2857.7 [SkipTime]:0 [Veto1]:401.304 [Veto2]:413.683 [Veto3]:246.007 [Veto4]:246.007 [SgUp1]:138154 [SgUp2]:136964 [SgUp3]:0 [SgUp4]:0 [SgLow1]:137864 [SgLow2]:136689 [SgLow3]:0 [SgLow4]:0 [NetMuon1]:368704 [NetMuon2]:366896 [NetMuon3]:391886 [NetMuon4]:391886
[Run]:40902 [Site]:2 [Bin]:14370 [FullTime]:3590.17 [SkipTime]:0 [Veto1]:530.887 [Veto2]:512.057 [Veto3]:310.192 [Veto4]:310.192 [SgUp1]:171435 [SgUp2]:173385 [SgUp3]:0 [SgUp4]:0 [SgLow1]:171084 [SgLow2]:173012 [SgLow3]:0 [SgLow4]:0 [NetMuon1]:460407 [NetMuon2]:463417 [NetMuon3]:493890 [NetMuon4]:493890
[Run]:40902 [Site]:2 [Bin]:14371 [FullTime]:3590.17 [SkipTime]:0 [Veto1]:502.814 [Veto2]:498.601 [Veto3]:309.526 [Veto4]:309.526 [SgUp1]:172331 [SgUp2]:173572 [SgUp3]:0 [SgUp4]:0 [SgLow1]:171972 [SgLow2]:173171 [SgLow3]:0 [SgLow4]:0 [NetMuon1]:463588 [NetMuon2]:464538 [NetMuon3]:492849 [NetMuon4]:492849
[Run]:40902 [Site]:2 [Bin]:14372 [FullTime]:3590.17 [SkipTime]:0 [Veto1]:529.361 [Veto2]:499.767 [Veto3]:309.833 [Veto4]:309.833 [SgUp1]:171977 [SgUp2]:173866 [SgUp3]:0 [SgUp4]:0 [SgLow1]:171582 [SgLow2]:173493 [SgLow3]:0 [SgLow4]:0 [NetMuon1]:460338 [NetMuon2]:464896 [NetMuon3]:493450 [NetMuon4]:493450
[Run]:40902 [Site]:2 [Bin]:14373 [FullTime]:3590.17 [SkipTime]:0 [Veto1]:508.703 [Veto2]:514.415 [Veto3]:309.752 [Veto4]:309.752 [SgUp1]:173275 [SgUp2]:172304 [SgUp3]:0 [SgUp4]:0 [SgLow1]:172905 [SgLow2]:171940 [SgLow3]:0 [SgLow4]:0 [NetMuon1]:463198 [NetMuon2]:462251 [NetMuon3]:493221 [NetMuon4]:493221
[Run]:40902 [Site]:2 [Bin]:14374 [FullTime]:3590.17 [SkipTime]:0 [Veto1]:508.184 [Veto2]:497.442 [Veto3]:309.639 [Veto4]:309.639 [SgUp1]:172014 [SgUp2]:173822 [SgUp3]:0 [SgUp4]:0 [SgLow1]:171620 [SgLow2]:173401 [SgLow3]:0 [SgLow4]:0 [NetMuon1]:463480 [NetMuon2]:464937 [NetMuon3]:493186 [NetMuon4]:493186
[Run]:40902 [Site]:2 [Bin]:14375 [FullTime]:3590.17 [SkipTime]:0 [Veto1]:518.164 [Veto2]:509.136 [Veto3]:310.346 [Veto4]:310.346 [SgUp1]:172392 [SgUp2]:173856 [SgUp3]:0 [SgUp4]:0 [SgLow1]:172013 [SgLow2]:173455 [SgLow3]:0 [SgLow4]:0 [NetMuon1]:463189 [NetMuon2]:464198 [NetMuon3]:494320 [NetMuon4]:494320
[Run]:40902 [Site]:2 [Bin]:14376 [FullTime]:3590.17 [SkipTime]:0 [Veto1]:516.527 [Veto2]:508.537 [Veto3]:310.143 [Veto4]:310.143 [SgUp1]:172794 [SgUp2]:173229 [SgUp3]:0 [SgUp4]:0 [SgLow1]:172435 [SgLow2]:172804 [SgLow3]:0 [SgLow4]:0 [NetMuon1]:462972 [NetMuon2]:463838 [NetMuon3]:493912 [NetMuon4]:493912
[Run]:40902 [Site]:2 [Bin]:14377 [FullTime]:3590.17 [SkipTime]:0 [Veto1]:508.908 [Veto2]:506.88 [Veto3]:309.495 [Veto4]:309.495 [SgUp1]:172868 [SgUp2]:174066 [SgUp3]:0 [SgUp4]:0 [SgLow1]:172472 [SgLow2]:173664 [SgLow3]:0 [SgLow4]:0 [NetMuon1]:462572 [NetMuon2]:463080 [NetMuon3]:492596 [NetMuon4]:492596
[Run]:40902 [Site]:2 [Bin]:14378 [FullTime]:3590.18 [SkipTime]:0 [Veto1]:508.825 [Veto2]:501.918 [Veto3]:309.195 [Veto4]:309.195 [SgUp1]:172653 [SgUp2]:173645 [SgUp3]:0 [SgUp4]:0 [SgLow1]:172268 [SgLow2]:173300 [SgLow3]:0 [SgLow4]:0 [NetMuon1]:462272 [NetMuon2]:463780 [NetMuon3]:492581 [NetMuon4]:492581
[Run]:40902 [Site]:2 [Bin]:14379 [FullTime]:3590.17 [SkipTime]:0 [Veto1]:495.57 [Veto2]:497.413 [Veto3]:309.871 [Veto4]:309.871 [SgUp1]:172838 [SgUp2]:174441 [SgUp3]:0 [SgUp4]:0 [SgLow1]:172490 [SgLow2]:174040 [SgLow3]:0 [SgLow4]:0 [NetMuon1]:465335 [NetMuon2]:465476 [NetMuon3]:493622 [NetMuon4]:493622
[Run]:40902 [Site]:2 [Bin]:14380 [FullTime]:3590.17 [SkipTime]:0 [Veto1]:508.817 [Veto2]:532.07 [Veto3]:309.795 [Veto4]:309.795 [SgUp1]:173483 [SgUp2]:171717 [SgUp3]:0 [SgUp4]:0 [SgLow1]:173098 [SgLow2]:171345 [SgLow3]:0 [SgLow4]:0 [NetMuon1]:463511 [NetMuon2]:459736 [NetMuon3]:493339 [NetMuon4]:493339
[Run]:40902 [Site]:2 [Bin]:14381 [FullTime]:3590.17 [SkipTime]:0 [Veto1]:482.262 [Veto2]:505.898 [Veto3]:309.103 [Veto4]:309.103 [SgUp1]:174662 [SgUp2]:173892 [SgUp3]:0 [SgUp4]:0 [SgLow1]:174295 [SgLow2]:173466 [SgLow3]:0 [SgLow4]:0 [NetMuon1]:466050 [NetMuon2]:462674 [NetMuon3]:492278 [NetMuon4]:492278
[Run]:40902 [Site]:2 [Bin]:14382 [FullTime]:3590.17 [SkipTime]:0 [Veto1]:510.723 [Veto2]:500.125 [Veto3]:310.215 [Veto4]:310.215 [SgUp1]:172273 [SgUp2]:173477 [SgUp3]:0 [SgUp4]:0 [SgLow1]:171913 [SgLow2]:173036 [SgLow3]:0 [SgLow4]:0 [NetMuon1]:463668 [NetMuon2]:465384 [NetMuon3]:494098 [NetMuon4]:494098
[Run]:40902 [Site]:2 [Bin]:14383 [FullTime]:3590.17 [SkipTime]:0 [Veto1]:523.576 [Veto2]:520.424 [Veto3]:309.835 [Veto4]:309.835 [SgUp1]:171813 [SgUp2]:172786 [SgUp3]:0 [SgUp4]:0 [SgLow1]:171431 [SgLow2]:172382 [SgLow3]:0 [SgLow4]:0 [NetMuon1]:461054 [NetMuon2]:461779 [NetMuon3]:493242 [NetMuon4]:493242
[Run]:40902 [Site]:2 [Bin]:14384 [FullTime]:3590.17 [SkipTime]:0 [Veto1]:500.173 [Veto2]:501.054 [Veto3]:309.706 [Veto4]:309.706 [SgUp1]:173433 [SgUp2]:172805 [SgUp3]:0 [SgUp4]:0 [SgLow1]:173086 [SgLow2]:172456 [SgLow3]:0 [SgLow4]:0 [NetMuon1]:464695 [NetMuon2]:464665 [NetMuon3]:493339 [NetMuon4]:493339
[Run]:40902 [Site]:2 [Bin]:14385 [FullTime]:3590.17 [SkipTime]:0 [Veto1]:541.436 [Veto2]:510.118 [Veto3]:309.637 [Veto4]:309.637 [SgUp1]:171601 [SgUp2]:173173 [SgUp3]:0 [SgUp4]:0 [SgLow1]:171193 [SgLow2]:172772 [SgLow3]:0 [SgLow4]:0 [NetMuon1]:458162 [NetMuon2]:462822 [NetMuon3]:493135 [NetMuon4]:493135
[Run]:40902 [Site]:2 [Bin]:14386 [FullTime]:3590.17 [SkipTime]:0 [Veto1]:500.615 [Veto2]:519.088 [Veto3]:309.908 [Veto4]:309.908 [SgUp1]:173580 [SgUp2]:172956 [SgUp3]:0 [SgUp4]:0 [SgLow1]:173211 [SgLow2]:172567 [SgLow3]:0 [SgLow4]:0 [NetMuon1]:465068 [NetMuon2]:462028 [NetMuon3]:493662 [NetMuon4]:493662
[Run]:40902 [Site]:2 [Bin]:14387 [FullTime]:3590.17 [SkipTime]:0 [Veto1]:511.856 [Veto2]:501.427 [Veto3]:309.363 [Veto4]:309.363 [SgUp1]:173980 [SgUp2]:173873 [SgUp3]:0 [SgUp4]:0 [SgLow1]:173602 [SgLow2]:173473 [SgLow3]:0 [SgLow4]:0 [NetMuon1]:462352 [NetMuon2]:464014 [NetMuon3]:492646 [NetMuon4]:492646
[Run]:40902 [Site]:2 [Bin]:14388 [FullTime]:3590.17 [SkipTime]:0 [Veto1]:518.82 [Veto2]:513.801 [Veto3]:310.037 [Veto4]:310.037 [SgUp1]:172663 [SgUp2]:172969 [SgUp3]:0 [SgUp4]:0 [SgLow1]:172321 [SgLow2]:172590 [SgLow3]:0 [SgLow4]:0 [NetMuon1]:462350 [NetMuon2]:463060 [NetMuon3]:493580 [NetMuon4]:493580
[Run]:40902 [Site]:2 [Bin]:14389 [FullTime]:3590.17 [SkipTime]:0 [Veto1]:509.292 [Veto2]:492.91 [Veto3]:309.383 [Veto4]:309.383 [SgUp1]:172933 [SgUp2]:173183 [SgUp3]:0 [SgUp4]:0 [SgLow1]:172545 [SgLow2]:172763 [SgLow3]:0 [SgLow4]:0 [NetMuon1]:462423 [NetMuon2]:465074 [NetMuon3]:492654 [NetMuon4]:492654
[Run]:40902 [Site]:2 [Bin]:14390 [FullTime]:3590.17 [SkipTime]:0 [Veto1]:506.354 [Veto2]:502.61 [Veto3]:309.527 [Veto4]:309.527 [SgUp1]:173993 [SgUp2]:174134 [SgUp3]:0 [SgUp4]:0 [SgLow1]:173607 [SgLow2]:173730 [SgLow3]:0 [SgLow4]:0 [NetMuon1]:463414 [NetMuon2]:463729 [NetMuon3]:492797 [NetMuon4]:492797
[Run]:40902 [Site]:2 [Bin]:14391 [FullTime]:3590.17 [SkipTime]:0 [Veto1]:497.682 [Veto2]:512.603 [Veto3]:309.388 [Veto4]:309.388 [SgUp1]:172960 [SgUp2]:172725 [SgUp3]:0 [SgUp4]:0 [SgLow1]:172589 [SgLow2]:172311 [SgLow3]:0 [SgLow4]:0 [NetMuon1]:464360 [NetMuon2]:462130 [NetMuon3]:492785 [NetMuon4]:492785
[Run]:40902 [Site]:2 [Bin]:14392 [FullTime]:3590.17 [SkipTime]:0 [Veto1]:521.251 [Veto2]:523.604 [Veto3]:309.667 [Veto4]:309.667 [SgUp1]:171874 [SgUp2]:172516 [SgUp3]:0 [SgUp4]:0 [SgLow1]:171515 [SgLow2]:172150 [SgLow3]:0 [SgLow4]:0 [NetMuon1]:461434 [NetMuon2]:461031 [NetMuon3]:493267 [NetMuon4]:493267
[Run]:40902 [Site]:2 [Bin]:14393 [FullTime]:3590.17 [SkipTime]:0 [Veto1]:508.037 [Veto2]:490.071 [Veto3]:309.751 [Veto4]:309.751 [SgUp1]:171876 [SgUp2]:174816 [SgUp3]:0 [SgUp4]:0 [SgLow1]:171534 [SgLow2]:174409 [SgLow3]:0 [SgLow4]:0 [NetMuon1]:463587 [NetMuon2]:466010 [NetMuon3]:493170 [NetMuon4]:493170
[Run]:40902 [Site]:2 [Bin]:14394 [FullTime]:3590.17 [SkipTime]:0 [Veto1]:496.428 [Veto2]:521.663 [Veto3]:309.037 [Veto4]:309.037 [SgUp1]:172553 [SgUp2]:173570 [SgUp3]:0 [SgUp4]:0 [SgLow1]:172189 [SgLow2]:173189 [SgLow3]:0 [SgLow4]:0 [NetMuon1]:463941 [NetMuon2]:460444 [NetMuon3]:492243 [NetMuon4]:492243
[Run]:40902 [Site]:2 [Bin]:14395 [FullTime]:3590.17 [SkipTime]:0 [Veto1]:496.814 [Veto2]:530.928 [Veto3]:309.629 [Veto4]:309.629 [SgUp1]:173643 [SgUp2]:172110 [SgUp3]:0 [SgUp4]:0 [SgLow1]:173264 [SgLow2]:171680 [SgLow3]:0 [SgLow4]:0 [NetMuon1]:464761 [NetMuon2]:459585 [NetMuon3]:492959 [NetMuon4]:492959
[Run]:40902 [Site]:2 [Bin]:14396 [FullTime]:3590.17 [SkipTime]:0 [Veto1]:497.559 [Veto2]:522.87 [Veto3]:309.293 [Veto4]:309.293 [SgUp1]:174115 [SgUp2]:171918 [SgUp3]:0 [SgUp4]:0 [SgLow1]:173752 [SgLow2]:171554 [SgLow3]:0 [SgLow4]:0 [NetMuon1]:464370 [NetMuon2]:460576 [NetMuon3]:492267 [NetMuon4]:492267
[Run]:40902 [Site]:2 [Bin]:14397 [FullTime]:3590.17 [SkipTime]:0 [Veto1]:497.379 [Veto2]:504.898 [Veto3]:309.052 [Veto4]:309.052 [SgUp1]:173326 [SgUp2]:173493 [SgUp3]:0 [SgUp4]:0 [SgLow1]:172969 [SgLow2]:173130 [SgLow3]:0 [SgLow4]:0 [NetMuon1]:463802 [NetMuon2]:462975 [NetMuon3]:492192 [NetMuon4]:492192
[Run]:40902 [Site]:2 [Bin]:14398 [FullTime]:3590.17 [SkipTime]:0 [Veto1]:509.011 [Veto2]:512.324 [Veto3]:309.362 [Veto4]:309.362 [SgUp1]:173238 [SgUp2]:174504 [SgUp3]:0 [SgUp4]:0 [SgLow1]:172856 [SgLow2]:174113 [SgLow3]:0 [SgLow4]:0 [NetMuon1]:462497 [NetMuon2]:461840 [NetMuon3]:492545 [NetMuon4]:492545
[Run]:40902 [Site]:2 [Bin]:14399 [FullTime]:3590.17 [SkipTime]:0 [Veto1]:526.748 [Veto2]:508.897 [Veto3]:309.77 [Veto4]:309.77 [SgUp1]:171469 [SgUp2]:173697 [SgUp3]:0 [SgUp4]:0 [SgLow1]:171115 [SgLow2]:173295 [SgLow3]:0 [SgLow4]:0 [NetMuon1]:460754 [NetMuon2]:463498 [NetMuon3]:493318 [NetMuon4]:493318
[Run]:40902 [Site]:2 [Bin]:14400 [FullTime]:3590.17 [SkipTime]:0 [Veto1]:516.152 [Veto2]:504.941 [Veto3]:310.868 [Veto4]:310.868 [SgUp1]:173552 [SgUp2]:174056 [SgUp3]:0 [SgUp4]:0 [SgLow1]:173197 [SgLow2]:173639 [SgLow3]:0 [SgLow4]:0 [NetMuon1]:463967 [NetMuon2]:465407 [NetMuon3]:494813 [NetMuon4]:494813
[Run]:40902 [Site]:2 [Bin]:14401 [FullTime]:3590.17 [SkipTime]:0 [Veto1]:505.347 [Veto2]:508.641 [Veto3]:309.324 [Veto4]:309.324 [SgUp1]:173346 [SgUp2]:172993 [SgUp3]:0 [SgUp4]:0 [SgLow1]:172936 [SgLow2]:172572 [SgLow3]:0 [SgLow4]:0 [NetMuon1]:463108 [NetMuon2]:462564 [NetMuon3]:492539 [NetMuon4]:492539
[Run]:40902 [Site]:2 [Bin]:14402 [FullTime]:3590.17 [SkipTime]:0 [Veto1]:511.711 [Veto2]:526.626 [Veto3]:310.85 [Veto4]:310.85 [SgUp1]:173327 [SgUp2]:173041 [SgUp3]:0 [SgUp4]:0 [SgLow1]:172963 [SgLow2]:172621 [SgLow3]:0 [SgLow4]:0 [NetMuon1]:464720 [NetMuon2]:462605 [NetMuon3]:495095 [NetMuon4]:495095
[Run]:40902 [Site]:2 [Bin]:14403 [FullTime]:3590.17 [SkipTime]:0 [Veto1]:486.492 [Veto2]:498.943 [Veto3]:309.97 [Veto4]:309.97 [SgUp1]:174009 [SgUp2]:174171 [SgUp3]:0 [SgUp4]:0 [SgLow1]:173647 [SgLow2]:173800 [SgLow3]:0 [SgLow4]:0 [NetMuon1]:467028 [NetMuon2]:465002 [NetMuon3]:493550 [NetMuon4]:493550
[Run]:40902 [Site]:2 [Bin]:14404 [FullTime]:3590.17 [SkipTime]:0 [Veto1]:511.994 [Veto2]:499.769 [Veto3]:309.629 [Veto4]:309.629 [SgUp1]:173053 [SgUp2]:173428 [SgUp3]:0 [SgUp4]:0 [SgLow1]:172716 [SgLow2]:173070 [SgLow3]:0 [SgLow4]:0 [NetMuon1]:462810 [NetMuon2]:464649 [NetMuon3]:493117 [NetMuon4]:493117
[Run]:40902 [Site]:2 [Bin]:14405 [FullTime]:3590.17 [SkipTime]:0 [Veto1]:511.556 [Veto2]:499.101 [Veto3]:310.381 [Veto4]:310.381 [SgUp1]:173080 [SgUp2]:173536 [SgUp3]:0 [SgUp4]:0 [SgLow1]:172701 [SgLow2]:173143 [SgLow3]:0 [SgLow4]:0 [NetMuon1]:464031 [NetMuon2]:466065 [NetMuon3]:494343 [NetMuon4]:494343
[Run]:40902 [Site]:2 [Bin]:14406 [FullTime]:3590.17 [SkipTime]:0 [Veto1]:503.502 [Veto2]:497.025 [Veto3]:309.962 [Veto4]:309.962 [SgUp1]:173018 [SgUp2]:173547 [SgUp3]:0 [SgUp4]:0 [SgLow1]:172607 [SgLow2]:173163 [SgLow3]:0 [SgLow4]:0 [NetMuon1]:464502 [NetMuon2]:465533 [NetMuon3]:493712 [NetMuon4]:493712
[Run]:40902 [Site]:2 [Bin]:14407 [FullTime]:3590.17 [SkipTime]:0 [Veto1]:514.641 [Veto2]:514.148 [Veto3]:309.942 [Veto4]:309.942 [SgUp1]:172884 [SgUp2]:173746 [SgUp3]:0 [SgUp4]:0 [SgLow1]:172530 [SgLow2]:173364 [SgLow3]:0 [SgLow4]:0 [NetMuon1]:462584 [NetMuon2]:462911 [NetMuon3]:493712 [NetMuon4]:493712
[Run]:40902 [Site]:2 [Bin]:14408 [FullTime]:3590.17 [SkipTime]:0 [Veto1]:506.646 [Veto2]:507.416 [Veto3]:310.105 [Veto4]:310.105 [SgUp1]:172273 [SgUp2]:172840 [SgUp3]:0 [SgUp4]:0 [SgLow1]:171888 [SgLow2]:172480 [SgLow3]:0 [SgLow4]:0 [NetMuon1]:464377 [NetMuon2]:464223 [NetMuon3]:493798 [NetMuon4]:493798
[Run]:40902 [Site]:2 [Bin]:14409 [FullTime]:3590.17 [SkipTime]:0 [Veto1]:511.468 [Veto2]:510.074 [Veto3]:309.752 [Veto4]:309.752 [SgUp1]:172446 [SgUp2]:174270 [SgUp3]:0 [SgUp4]:0 [SgLow1]:172057 [SgLow2]:173904 [SgLow3]:0 [SgLow4]:0 [NetMuon1]:462867 [NetMuon2]:463113 [NetMuon3]:493201 [NetMuon4]:493201
[Run]:40902 [Site]:2 [Bin]:14410 [FullTime]:3590.17 [SkipTime]:0 [Veto1]:514.961 [Veto2]:503.475 [Veto3]:309.754 [Veto4]:309.754 [SgUp1]:172661 [SgUp2]:174030 [SgUp3]:0 [SgUp4]:0 [SgLow1]:172291 [SgLow2]:173622 [SgLow3]:0 [SgLow4]:0 [NetMuon1]:462353 [NetMuon2]:464401 [NetMuon3]:493327 [NetMuon4]:493327
[Run]:40902 [Site]:2 [Bin]:14411 [FullTime]:3590.17 [SkipTime]:0 [Veto1]:501.86 [Veto2]:524.567 [Veto3]:310.685 [Veto4]:310.685 [SgUp1]:173159 [SgUp2]:172149 [SgUp3]:0 [SgUp4]:0 [SgLow1]:172749 [SgLow2]:171790 [SgLow3]:0 [SgLow4]:0 [NetMuon1]:465832 [NetMuon2]:462280 [NetMuon3]:494727 [NetMuon4]:494727
[Run]:40902 [Site]:2 [Bin]:14412 [FullTime]:3590.17 [SkipTime]:0 [Veto1]:491.961 [Veto2]:499.875 [Veto3]:309.667 [Veto4]:309.667 [SgUp1]:174358 [SgUp2]:173814 [SgUp3]:0 [SgUp4]:0 [SgLow1]:173992 [SgLow2]:173446 [SgLow3]:0 [SgLow4]:0 [NetMuon1]:465646 [NetMuon2]:464262 [NetMuon3]:492880 [NetMuon4]:492880
[Run]:40902 [Site]:2 [Bin]:14413 [FullTime]:3590.17 [SkipTime]:0 [Veto1]:503.346 [Veto2]:516.309 [Veto3]:310.123 [Veto4]:310.123 [SgUp1]:173341 [SgUp2]:172794 [SgUp3]:0 [SgUp4]:0 [SgLow1]:172937 [SgLow2]:172384 [SgLow3]:0 [SgLow4]:0 [NetMuon1]:464802 [NetMuon2]:463088 [NetMuon3]:493866 [NetMuon4]:493866
[Run]:40902 [Site]:2 [Bin]:14414 [FullTime]:3590.17 [SkipTime]:0 [Veto1]:496.217 [Veto2]:488.82 [Veto3]:309.948 [Veto4]:309.948 [SgUp1]:174082 [SgUp2]:174399 [SgUp3]:0 [SgUp4]:0 [SgLow1]:173706 [SgLow2]:174027 [SgLow3]:0 [SgLow4]:0 [NetMuon1]:465459 [NetMuon2]:466411 [NetMuon3]:493421 [NetMuon4]:493421
[Run]:40902 [Site]:2 [Bin]:14415 [FullTime]:3590.17 [SkipTime]:0 [Veto1]:506.167 [Veto2]:505.933 [Veto3]:309.813 [Veto4]:309.813 [SgUp1]:172740 [SgUp2]:174616 [SgUp3]:0 [SgUp4]:0 [SgLow1]:172395 [SgLow2]:174196 [SgLow3]:0 [SgLow4]:0 [NetMuon1]:463983 [NetMuon2]:463852 [NetMuon3]:493556 [NetMuon4]:493556
[Run]:40902 [Site]:2 [Bin]:14416 [FullTime]:3590.17 [SkipTime]:0 [Veto1]:532.796 [Veto2]:513.439 [Veto3]:310.179 [Veto4]:310.179 [SgUp1]:171421 [SgUp2]:173570 [SgUp3]:0 [SgUp4]:0 [SgLow1]:171057 [SgLow2]:173147 [SgLow3]:0 [SgLow4]:0 [NetMuon1]:460138 [NetMuon2]:463220 [NetMuon3]:493838 [NetMuon4]:493838
End process Run: 40902 ... 
[Run]:40902 [Site]:2 [Bin]:14417 [FullTime]:375.806 [SkipTime]:0 [Veto1]:58.0714 [Veto2]:61.8517 [Veto3]:32.3059 [Veto4]:32.3059
