StreamChain add 0x125177e0
Start to process run: 40747 ... 
[Run]:40747 [Site]:2 [Bin]:14131 [FullTime]:722.882 [SkipTime]:0 [Veto1]:108.881 [Veto2]:98.1236 [Veto3]:62.2796 [Veto4]:62.2796 [SgUp1]:34483 [SgUp2]:34992 [SgUp3]:0 [SgUp4]:0 [SgLow1]:34398 [SgLow2]:34908 [SgLow3]:0 [SgLow4]:0 [NetMuon1]:92060 [NetMuon2]:93771 [NetMuon3]:99140 [NetMuon4]:99140
[Run]:40747 [Site]:2 [Bin]:14132 [FullTime]:3590.17 [SkipTime]:0 [Veto1]:480.391 [Veto2]:517.016 [Veto3]:309.39 [Veto4]:309.39 [SgUp1]:175033 [SgUp2]:173126 [SgUp3]:0 [SgUp4]:0 [SgLow1]:174668 [SgLow2]:172713 [SgLow3]:0 [SgLow4]:0 [NetMuon1]:467262 [NetMuon2]:461822 [NetMuon3]:492751 [NetMuon4]:492751
[Run]:40747 [Site]:2 [Bin]:14133 [FullTime]:3590.17 [SkipTime]:0 [Veto1]:507.737 [Veto2]:511.941 [Veto3]:309.125 [Veto4]:309.125 [SgUp1]:172692 [SgUp2]:173132 [SgUp3]:0 [SgUp4]:0 [SgLow1]:172297 [SgLow2]:172726 [SgLow3]:0 [SgLow4]:0 [NetMuon1]:462490 [NetMuon2]:462077 [NetMuon3]:492279 [NetMuon4]:492279
[Run]:40747 [Site]:2 [Bin]:14134 [FullTime]:3590.17 [SkipTime]:0 [Veto1]:512.448 [Veto2]:519.096 [Veto3]:309.214 [Veto4]:309.214 [SgUp1]:172745 [SgUp2]:173353 [SgUp3]:0 [SgUp4]:0 [SgLow1]:172393 [SgLow2]:172967 [SgLow3]:0 [SgLow4]:0 [NetMuon1]:461968 [NetMuon2]:460787 [NetMuon3]:492420 [NetMuon4]:492420
[Run]:40747 [Site]:2 [Bin]:14135 [FullTime]:3590.17 [SkipTime]:0 [Veto1]:488.618 [Veto2]:518.646 [Veto3]:309.392 [Veto4]:309.392 [SgUp1]:174183 [SgUp2]:173203 [SgUp3]:0 [SgUp4]:0 [SgLow1]:173805 [SgLow2]:172790 [SgLow3]:0 [SgLow4]:0 [NetMuon1]:465926 [NetMuon2]:461235 [NetMuon3]:492807 [NetMuon4]:492807
[Run]:40747 [Site]:2 [Bin]:14136 [FullTime]:3590.17 [SkipTime]:0 [Veto1]:498.073 [Veto2]:510.223 [Veto3]:308.971 [Veto4]:308.971 [SgUp1]:173506 [SgUp2]:172857 [SgUp3]:0 [SgUp4]:0 [SgLow1]:173152 [SgLow2]:172503 [SgLow3]:0 [SgLow4]:0 [NetMuon1]:463676 [NetMuon2]:461906 [NetMuon3]:492036 [NetMuon4]:492036
[Run]:40747 [Site]:2 [Bin]:14137 [FullTime]:3590.17 [SkipTime]:0 [Veto1]:534.269 [Veto2]:511.469 [Veto3]:309.38 [Veto4]:309.38 [SgUp1]:171791 [SgUp2]:173194 [SgUp3]:0 [SgUp4]:0 [SgLow1]:171410 [SgLow2]:172769 [SgLow3]:0 [SgLow4]:0 [NetMuon1]:458966 [NetMuon2]:462637 [NetMuon3]:492730 [NetMuon4]:492730
[Run]:40747 [Site]:2 [Bin]:14138 [FullTime]:3590.17 [SkipTime]:0 [Veto1]:511.447 [Veto2]:506.139 [Veto3]:308.559 [Veto4]:308.559 [SgUp1]:173105 [SgUp2]:173704 [SgUp3]:0 [SgUp4]:0 [SgLow1]:172702 [SgLow2]:173246 [SgLow3]:0 [SgLow4]:0 [NetMuon1]:461018 [NetMuon2]:461718 [NetMuon3]:491434 [NetMuon4]:491434
[Run]:40747 [Site]:2 [Bin]:14139 [FullTime]:3590.17 [SkipTime]:0 [Veto1]:531.464 [Veto2]:502.818 [Veto3]:308.602 [Veto4]:308.602 [SgUp1]:171629 [SgUp2]:173743 [SgUp3]:0 [SgUp4]:0 [SgLow1]:171233 [SgLow2]:173324 [SgLow3]:0 [SgLow4]:0 [NetMuon1]:458020 [NetMuon2]:462338 [NetMuon3]:491511 [NetMuon4]:491511
[Run]:40747 [Site]:2 [Bin]:14140 [FullTime]:3590.17 [SkipTime]:0 [Veto1]:541.279 [Veto2]:520.307 [Veto3]:309.61 [Veto4]:309.61 [SgUp1]:171341 [SgUp2]:173569 [SgUp3]:0 [SgUp4]:0 [SgLow1]:170960 [SgLow2]:173114 [SgLow3]:0 [SgLow4]:0 [NetMuon1]:458383 [NetMuon2]:461375 [NetMuon3]:492925 [NetMuon4]:492925
[Run]:40747 [Site]:2 [Bin]:14141 [FullTime]:3590.17 [SkipTime]:0 [Veto1]:521.723 [Veto2]:503.297 [Veto3]:309.598 [Veto4]:309.598 [SgUp1]:173024 [SgUp2]:173916 [SgUp3]:0 [SgUp4]:0 [SgLow1]:172664 [SgLow2]:173539 [SgLow3]:0 [SgLow4]:0 [NetMuon1]:461129 [NetMuon2]:463879 [NetMuon3]:493095 [NetMuon4]:493095
[Run]:40747 [Site]:2 [Bin]:14142 [FullTime]:3590.17 [SkipTime]:0 [Veto1]:539.975 [Veto2]:507.053 [Veto3]:308.863 [Veto4]:308.863 [SgUp1]:170925 [SgUp2]:172946 [SgUp3]:0 [SgUp4]:0 [SgLow1]:170580 [SgLow2]:172578 [SgLow3]:0 [SgLow4]:0 [NetMuon1]:457412 [NetMuon2]:462160 [NetMuon3]:491867 [NetMuon4]:491867
[Run]:40747 [Site]:2 [Bin]:14143 [FullTime]:3590.17 [SkipTime]:0 [Veto1]:504.271 [Veto2]:505.619 [Veto3]:309.246 [Veto4]:309.246 [SgUp1]:173424 [SgUp2]:173482 [SgUp3]:0 [SgUp4]:0 [SgLow1]:172968 [SgLow2]:173047 [SgLow3]:0 [SgLow4]:0 [NetMuon1]:463155 [NetMuon2]:463178 [NetMuon3]:492492 [NetMuon4]:492492
[Run]:40747 [Site]:2 [Bin]:14144 [FullTime]:3590.17 [SkipTime]:0 [Veto1]:526.265 [Veto2]:516.129 [Veto3]:308.846 [Veto4]:308.846 [SgUp1]:172962 [SgUp2]:173578 [SgUp3]:0 [SgUp4]:0 [SgLow1]:172593 [SgLow2]:173193 [SgLow3]:0 [SgLow4]:0 [NetMuon1]:459122 [NetMuon2]:460898 [NetMuon3]:491916 [NetMuon4]:491916
[Run]:40747 [Site]:2 [Bin]:14145 [FullTime]:3590.17 [SkipTime]:0 [Veto1]:512.396 [Veto2]:502.328 [Veto3]:308.171 [Veto4]:308.171 [SgUp1]:172892 [SgUp2]:174353 [SgUp3]:0 [SgUp4]:0 [SgLow1]:172527 [SgLow2]:173918 [SgLow3]:0 [SgLow4]:0 [NetMuon1]:460473 [NetMuon2]:462100 [NetMuon3]:490880 [NetMuon4]:490880
[Run]:40747 [Site]:2 [Bin]:14146 [FullTime]:3590.17 [SkipTime]:0 [Veto1]:491.971 [Veto2]:519.709 [Veto3]:309.432 [Veto4]:309.432 [SgUp1]:174072 [SgUp2]:172473 [SgUp3]:0 [SgUp4]:0 [SgLow1]:173767 [SgLow2]:172061 [SgLow3]:0 [SgLow4]:0 [NetMuon1]:465144 [NetMuon2]:461308 [NetMuon3]:492818 [NetMuon4]:492818
[Run]:40747 [Site]:2 [Bin]:14147 [FullTime]:3590.17 [SkipTime]:0 [Veto1]:494.158 [Veto2]:510.935 [Veto3]:309.044 [Veto4]:309.044 [SgUp1]:173527 [SgUp2]:172698 [SgUp3]:0 [SgUp4]:0 [SgLow1]:173124 [SgLow2]:172324 [SgLow3]:0 [SgLow4]:0 [NetMuon1]:464718 [NetMuon2]:461753 [NetMuon3]:492093 [NetMuon4]:492093
[Run]:40747 [Site]:2 [Bin]:14148 [FullTime]:3590.18 [SkipTime]:0 [Veto1]:511.455 [Veto2]:515.106 [Veto3]:308.812 [Veto4]:308.812 [SgUp1]:172736 [SgUp2]:173684 [SgUp3]:0 [SgUp4]:0 [SgLow1]:172337 [SgLow2]:173292 [SgLow3]:0 [SgLow4]:0 [NetMuon1]:461428 [NetMuon2]:461264 [NetMuon3]:491918 [NetMuon4]:491918
[Run]:40747 [Site]:2 [Bin]:14149 [FullTime]:3590.17 [SkipTime]:0 [Veto1]:508.398 [Veto2]:513.52 [Veto3]:309.478 [Veto4]:309.478 [SgUp1]:173027 [SgUp2]:172866 [SgUp3]:0 [SgUp4]:0 [SgLow1]:172679 [SgLow2]:172442 [SgLow3]:0 [SgLow4]:0 [NetMuon1]:462941 [NetMuon2]:462676 [NetMuon3]:493012 [NetMuon4]:493012
[Run]:40747 [Site]:2 [Bin]:14150 [FullTime]:3590.16 [SkipTime]:0 [Veto1]:517.304 [Veto2]:521.412 [Veto3]:308.726 [Veto4]:308.726 [SgUp1]:171132 [SgUp2]:173416 [SgUp3]:0 [SgUp4]:0 [SgLow1]:170789 [SgLow2]:173050 [SgLow3]:0 [SgLow4]:0 [NetMuon1]:460290 [NetMuon2]:459741 [NetMuon3]:491649 [NetMuon4]:491649
[Run]:40747 [Site]:2 [Bin]:14151 [FullTime]:3590.17 [SkipTime]:0 [Veto1]:510.874 [Veto2]:493.405 [Veto3]:308.882 [Veto4]:308.882 [SgUp1]:172707 [SgUp2]:175009 [SgUp3]:0 [SgUp4]:0 [SgLow1]:172297 [SgLow2]:174563 [SgLow3]:0 [SgLow4]:0 [NetMuon1]:461385 [NetMuon2]:464199 [NetMuon3]:491817 [NetMuon4]:491817
[Run]:40747 [Site]:2 [Bin]:14152 [FullTime]:3590.17 [SkipTime]:0 [Veto1]:514.211 [Veto2]:523.919 [Veto3]:309.012 [Veto4]:309.012 [SgUp1]:172384 [SgUp2]:172428 [SgUp3]:0 [SgUp4]:0 [SgLow1]:172017 [SgLow2]:172020 [SgLow3]:0 [SgLow4]:0 [NetMuon1]:461363 [NetMuon2]:459728 [NetMuon3]:492168 [NetMuon4]:492168
[Run]:40747 [Site]:2 [Bin]:14153 [FullTime]:3590.17 [SkipTime]:0 [Veto1]:495.222 [Veto2]:494.316 [Veto3]:308.767 [Veto4]:308.767 [SgUp1]:172918 [SgUp2]:174347 [SgUp3]:0 [SgUp4]:0 [SgLow1]:172569 [SgLow2]:173904 [SgLow3]:0 [SgLow4]:0 [NetMuon1]:463843 [NetMuon2]:464334 [NetMuon3]:491810 [NetMuon4]:491810
[Run]:40747 [Site]:2 [Bin]:14154 [FullTime]:3590.17 [SkipTime]:0 [Veto1]:500.322 [Veto2]:498.217 [Veto3]:308.981 [Veto4]:308.981 [SgUp1]:172816 [SgUp2]:173264 [SgUp3]:0 [SgUp4]:0 [SgLow1]:172447 [SgLow2]:172892 [SgLow3]:0 [SgLow4]:0 [NetMuon1]:463246 [NetMuon2]:463826 [NetMuon3]:492205 [NetMuon4]:492205
[Run]:40747 [Site]:2 [Bin]:14155 [FullTime]:3590.17 [SkipTime]:0 [Veto1]:534.095 [Veto2]:494.542 [Veto3]:308.521 [Veto4]:308.521 [SgUp1]:171164 [SgUp2]:174587 [SgUp3]:0 [SgUp4]:0 [SgLow1]:170804 [SgLow2]:174230 [SgLow3]:0 [SgLow4]:0 [NetMuon1]:457621 [NetMuon2]:463318 [NetMuon3]:491246 [NetMuon4]:491246
[Run]:40747 [Site]:2 [Bin]:14156 [FullTime]:3590.17 [SkipTime]:0 [Veto1]:504.24 [Veto2]:498.273 [Veto3]:308.631 [Veto4]:308.631 [SgUp1]:173289 [SgUp2]:174169 [SgUp3]:0 [SgUp4]:0 [SgLow1]:172896 [SgLow2]:173771 [SgLow3]:0 [SgLow4]:0 [NetMuon1]:462273 [NetMuon2]:463454 [NetMuon3]:491802 [NetMuon4]:491802
[Run]:40747 [Site]:2 [Bin]:14157 [FullTime]:3590.17 [SkipTime]:0 [Veto1]:518.167 [Veto2]:505.014 [Veto3]:308.348 [Veto4]:308.348 [SgUp1]:171474 [SgUp2]:173690 [SgUp3]:0 [SgUp4]:0 [SgLow1]:171131 [SgLow2]:173291 [SgLow3]:0 [SgLow4]:0 [NetMuon1]:459894 [NetMuon2]:462000 [NetMuon3]:491215 [NetMuon4]:491215
[Run]:40747 [Site]:2 [Bin]:14158 [FullTime]:3590.17 [SkipTime]:0 [Veto1]:475.573 [Veto2]:515.559 [Veto3]:308.636 [Veto4]:308.636 [SgUp1]:174042 [SgUp2]:172589 [SgUp3]:0 [SgUp4]:0 [SgLow1]:173709 [SgLow2]:172199 [SgLow3]:0 [SgLow4]:0 [NetMuon1]:466623 [NetMuon2]:460657 [NetMuon3]:491576 [NetMuon4]:491576
End process Run: 40747 ... 
[Run]:40747 [Site]:2 [Bin]:14159 [FullTime]:3153.98 [SkipTime]:0 [Veto1]:459.65 [Veto2]:437.596 [Veto3]:271.746 [Veto4]:271.746
