StreamChain add 0x1f11a7e0
Start to process run: 40642 ... 
[Run]:40642 [Site]:2 [Bin]:13963 [FullTime]:1603.88 [SkipTime]:0 [Veto1]:213.267 [Veto2]:239.577 [Veto3]:138.642 [Veto4]:138.642 [SgUp1]:78221 [SgUp2]:77284 [SgUp3]:0 [SgUp4]:0 [SgLow1]:78037 [SgLow2]:77125 [SgLow3]:0 [SgLow4]:0 [NetMuon1]:209645 [NetMuon2]:205667 [NetMuon3]:220906 [NetMuon4]:220906
[Run]:40642 [Site]:2 [Bin]:13964 [FullTime]:3590.17 [SkipTime]:0 [Veto1]:520.586 [Veto2]:506.737 [Veto3]:309.75 [Veto4]:309.75 [SgUp1]:171845 [SgUp2]:174141 [SgUp3]:0 [SgUp4]:0 [SgLow1]:171443 [SgLow2]:173705 [SgLow3]:0 [SgLow4]:0 [NetMuon1]:461471 [NetMuon2]:463463 [NetMuon3]:493265 [NetMuon4]:493265
[Run]:40642 [Site]:2 [Bin]:13965 [FullTime]:3590.17 [SkipTime]:0 [Veto1]:526.225 [Veto2]:521.285 [Veto3]:309.476 [Veto4]:309.476 [SgUp1]:171996 [SgUp2]:172963 [SgUp3]:0 [SgUp4]:0 [SgLow1]:171662 [SgLow2]:172549 [SgLow3]:0 [SgLow4]:0 [NetMuon1]:460594 [NetMuon2]:460869 [NetMuon3]:492926 [NetMuon4]:492926
[Run]:40642 [Site]:2 [Bin]:13966 [FullTime]:3590.17 [SkipTime]:0 [Veto1]:511.826 [Veto2]:487.472 [Veto3]:309.192 [Veto4]:309.192 [SgUp1]:172133 [SgUp2]:174531 [SgUp3]:0 [SgUp4]:0 [SgLow1]:171776 [SgLow2]:174130 [SgLow3]:0 [SgLow4]:0 [NetMuon1]:461983 [NetMuon2]:465927 [NetMuon3]:492368 [NetMuon4]:492368
[Run]:40642 [Site]:2 [Bin]:13967 [FullTime]:3590.17 [SkipTime]:0 [Veto1]:508.607 [Veto2]:494.677 [Veto3]:309.636 [Veto4]:309.636 [SgUp1]:173363 [SgUp2]:175140 [SgUp3]:0 [SgUp4]:0 [SgLow1]:172975 [SgLow2]:174774 [SgLow3]:0 [SgLow4]:0 [NetMuon1]:462974 [NetMuon2]:465231 [NetMuon3]:493023 [NetMuon4]:493023
[Run]:40642 [Site]:2 [Bin]:13968 [FullTime]:3590.17 [SkipTime]:0 [Veto1]:510.816 [Veto2]:520.077 [Veto3]:309.134 [Veto4]:309.134 [SgUp1]:173607 [SgUp2]:173056 [SgUp3]:0 [SgUp4]:0 [SgLow1]:173259 [SgLow2]:172603 [SgLow3]:0 [SgLow4]:0 [NetMuon1]:462246 [NetMuon2]:460635 [NetMuon3]:492429 [NetMuon4]:492429
[Run]:40642 [Site]:2 [Bin]:13969 [FullTime]:3590.17 [SkipTime]:0 [Veto1]:527.459 [Veto2]:532.908 [Veto3]:309.22 [Veto4]:309.22 [SgUp1]:172251 [SgUp2]:173021 [SgUp3]:0 [SgUp4]:0 [SgLow1]:171925 [SgLow2]:172643 [SgLow3]:0 [SgLow4]:0 [NetMuon1]:459486 [NetMuon2]:459053 [NetMuon3]:492493 [NetMuon4]:492493
[Run]:40642 [Site]:2 [Bin]:13970 [FullTime]:3590.17 [SkipTime]:0 [Veto1]:501.947 [Veto2]:517.541 [Veto3]:308.29 [Veto4]:308.29 [SgUp1]:173787 [SgUp2]:173741 [SgUp3]:0 [SgUp4]:0 [SgLow1]:173389 [SgLow2]:173352 [SgLow3]:0 [SgLow4]:0 [NetMuon1]:461814 [NetMuon2]:459544 [NetMuon3]:490979 [NetMuon4]:490979
[Run]:40642 [Site]:2 [Bin]:13971 [FullTime]:3590.17 [SkipTime]:0 [Veto1]:508.964 [Veto2]:515.838 [Veto3]:308.866 [Veto4]:308.866 [SgUp1]:173555 [SgUp2]:173608 [SgUp3]:0 [SgUp4]:0 [SgLow1]:173191 [SgLow2]:173148 [SgLow3]:0 [SgLow4]:0 [NetMuon1]:461867 [NetMuon2]:461043 [NetMuon3]:491874 [NetMuon4]:491874
[Run]:40642 [Site]:2 [Bin]:13972 [FullTime]:3590.17 [SkipTime]:0 [Veto1]:509.005 [Veto2]:493.859 [Veto3]:309.598 [Veto4]:309.598 [SgUp1]:173544 [SgUp2]:175262 [SgUp3]:0 [SgUp4]:0 [SgLow1]:173176 [SgLow2]:174879 [SgLow3]:0 [SgLow4]:0 [NetMuon1]:462610 [NetMuon2]:465326 [NetMuon3]:492887 [NetMuon4]:492887
[Run]:40642 [Site]:2 [Bin]:13973 [FullTime]:3590.17 [SkipTime]:0 [Veto1]:498.011 [Veto2]:486.428 [Veto3]:309.651 [Veto4]:309.651 [SgUp1]:173472 [SgUp2]:175103 [SgUp3]:0 [SgUp4]:0 [SgLow1]:173098 [SgLow2]:174707 [SgLow3]:0 [SgLow4]:0 [NetMuon1]:464754 [NetMuon2]:466393 [NetMuon3]:493161 [NetMuon4]:493161
[Run]:40642 [Site]:2 [Bin]:13974 [FullTime]:3590.17 [SkipTime]:0 [Veto1]:506.25 [Veto2]:507.427 [Veto3]:309.063 [Veto4]:309.063 [SgUp1]:172856 [SgUp2]:173948 [SgUp3]:0 [SgUp4]:0 [SgLow1]:172477 [SgLow2]:173484 [SgLow3]:0 [SgLow4]:0 [NetMuon1]:462451 [NetMuon2]:462527 [NetMuon3]:492167 [NetMuon4]:492167
[Run]:40642 [Site]:2 [Bin]:13975 [FullTime]:3590.17 [SkipTime]:0 [Veto1]:488.412 [Veto2]:496.222 [Veto3]:309.314 [Veto4]:309.314 [SgUp1]:173966 [SgUp2]:174147 [SgUp3]:0 [SgUp4]:0 [SgLow1]:173560 [SgLow2]:173715 [SgLow3]:0 [SgLow4]:0 [NetMuon1]:465751 [NetMuon2]:464509 [NetMuon3]:492757 [NetMuon4]:492757
[Run]:40642 [Site]:2 [Bin]:13976 [FullTime]:3590.17 [SkipTime]:0 [Veto1]:499.024 [Veto2]:504.31 [Veto3]:309.883 [Veto4]:309.883 [SgUp1]:173551 [SgUp2]:173849 [SgUp3]:0 [SgUp4]:0 [SgLow1]:173188 [SgLow2]:173402 [SgLow3]:0 [SgLow4]:0 [NetMuon1]:465084 [NetMuon2]:463982 [NetMuon3]:493554 [NetMuon4]:493554
[Run]:40642 [Site]:2 [Bin]:13977 [FullTime]:3590.17 [SkipTime]:0 [Veto1]:509.283 [Veto2]:492.448 [Veto3]:310.224 [Veto4]:310.224 [SgUp1]:173614 [SgUp2]:174747 [SgUp3]:0 [SgUp4]:0 [SgLow1]:173255 [SgLow2]:174361 [SgLow3]:0 [SgLow4]:0 [NetMuon1]:464331 [NetMuon2]:466731 [NetMuon3]:494407 [NetMuon4]:494407
[Run]:40642 [Site]:2 [Bin]:13978 [FullTime]:3590.17 [SkipTime]:0 [Veto1]:494.554 [Veto2]:506.115 [Veto3]:310.281 [Veto4]:310.281 [SgUp1]:174915 [SgUp2]:174472 [SgUp3]:0 [SgUp4]:0 [SgLow1]:174551 [SgLow2]:174072 [SgLow3]:0 [SgLow4]:0 [NetMuon1]:466631 [NetMuon2]:464428 [NetMuon3]:494019 [NetMuon4]:494019
[Run]:40642 [Site]:2 [Bin]:13979 [FullTime]:3590.18 [SkipTime]:0 [Veto1]:503.91 [Veto2]:515.779 [Veto3]:310.385 [Veto4]:310.385 [SgUp1]:173559 [SgUp2]:173077 [SgUp3]:0 [SgUp4]:0 [SgLow1]:173170 [SgLow2]:172707 [SgLow3]:0 [SgLow4]:0 [NetMuon1]:464673 [NetMuon2]:463116 [NetMuon3]:494112 [NetMuon4]:494112
[Run]:40642 [Site]:2 [Bin]:13980 [FullTime]:3590.16 [SkipTime]:0 [Veto1]:498.938 [Veto2]:507.43 [Veto3]:310.311 [Veto4]:310.311 [SgUp1]:173884 [SgUp2]:173225 [SgUp3]:0 [SgUp4]:0 [SgLow1]:173533 [SgLow2]:172815 [SgLow3]:0 [SgLow4]:0 [NetMuon1]:465897 [NetMuon2]:464425 [NetMuon3]:494102 [NetMuon4]:494102
[Run]:40642 [Site]:2 [Bin]:13981 [FullTime]:3590.17 [SkipTime]:0 [Veto1]:486.129 [Veto2]:502.276 [Veto3]:309.54 [Veto4]:309.54 [SgUp1]:173359 [SgUp2]:174107 [SgUp3]:0 [SgUp4]:0 [SgLow1]:172920 [SgLow2]:173701 [SgLow3]:0 [SgLow4]:0 [NetMuon1]:466393 [NetMuon2]:464148 [NetMuon3]:493001 [NetMuon4]:493001
[Run]:40642 [Site]:2 [Bin]:13982 [FullTime]:3590.17 [SkipTime]:0 [Veto1]:494.274 [Veto2]:514.895 [Veto3]:310.309 [Veto4]:310.309 [SgUp1]:174411 [SgUp2]:173576 [SgUp3]:0 [SgUp4]:0 [SgLow1]:174051 [SgLow2]:173174 [SgLow3]:0 [SgLow4]:0 [NetMuon1]:466337 [NetMuon2]:463182 [NetMuon3]:494076 [NetMuon4]:494076
[Run]:40642 [Site]:2 [Bin]:13983 [FullTime]:3590.17 [SkipTime]:0 [Veto1]:510.56 [Veto2]:520.539 [Veto3]:309.832 [Veto4]:309.832 [SgUp1]:173388 [SgUp2]:172822 [SgUp3]:0 [SgUp4]:0 [SgLow1]:173006 [SgLow2]:172430 [SgLow3]:0 [SgLow4]:0 [NetMuon1]:462881 [NetMuon2]:461409 [NetMuon3]:493248 [NetMuon4]:493248
[Run]:40642 [Site]:2 [Bin]:13984 [FullTime]:3590.17 [SkipTime]:0 [Veto1]:503.045 [Veto2]:505.691 [Veto3]:309.823 [Veto4]:309.823 [SgUp1]:172905 [SgUp2]:173716 [SgUp3]:0 [SgUp4]:0 [SgLow1]:172560 [SgLow2]:173333 [SgLow3]:0 [SgLow4]:0 [NetMuon1]:464404 [NetMuon2]:463631 [NetMuon3]:493300 [NetMuon4]:493300
[Run]:40642 [Site]:2 [Bin]:13985 [FullTime]:3590.17 [SkipTime]:0 [Veto1]:511.998 [Veto2]:506.405 [Veto3]:309.475 [Veto4]:309.475 [SgUp1]:172761 [SgUp2]:173375 [SgUp3]:0 [SgUp4]:0 [SgLow1]:172426 [SgLow2]:172969 [SgLow3]:0 [SgLow4]:0 [NetMuon1]:462591 [NetMuon2]:463342 [NetMuon3]:492966 [NetMuon4]:492966
[Run]:40642 [Site]:2 [Bin]:13986 [FullTime]:3590.17 [SkipTime]:0 [Veto1]:523.517 [Veto2]:502.55 [Veto3]:309.963 [Veto4]:309.963 [SgUp1]:171951 [SgUp2]:173649 [SgUp3]:0 [SgUp4]:0 [SgLow1]:171539 [SgLow2]:173256 [SgLow3]:0 [SgLow4]:0 [NetMuon1]:461310 [NetMuon2]:464218 [NetMuon3]:493464 [NetMuon4]:493464
[Run]:40642 [Site]:2 [Bin]:13987 [FullTime]:3590.17 [SkipTime]:0 [Veto1]:503.687 [Veto2]:509.605 [Veto3]:309.488 [Veto4]:309.488 [SgUp1]:172843 [SgUp2]:174056 [SgUp3]:0 [SgUp4]:0 [SgLow1]:172459 [SgLow2]:173698 [SgLow3]:0 [SgLow4]:0 [NetMuon1]:463851 [NetMuon2]:462408 [NetMuon3]:492713 [NetMuon4]:492713
[Run]:40642 [Site]:2 [Bin]:13988 [FullTime]:3590.17 [SkipTime]:0 [Veto1]:503.232 [Veto2]:503.996 [Veto3]:309.894 [Veto4]:309.894 [SgUp1]:173846 [SgUp2]:173938 [SgUp3]:0 [SgUp4]:0 [SgLow1]:173469 [SgLow2]:173570 [SgLow3]:0 [SgLow4]:0 [NetMuon1]:464036 [NetMuon2]:464242 [NetMuon3]:493511 [NetMuon4]:493511
[Run]:40642 [Site]:2 [Bin]:13989 [FullTime]:3590.17 [SkipTime]:0 [Veto1]:514.935 [Veto2]:516.071 [Veto3]:309.772 [Veto4]:309.772 [SgUp1]:172247 [SgUp2]:173278 [SgUp3]:0 [SgUp4]:0 [SgLow1]:171859 [SgLow2]:172891 [SgLow3]:0 [SgLow4]:0 [NetMuon1]:462363 [NetMuon2]:462341 [NetMuon3]:493267 [NetMuon4]:493267
[Run]:40642 [Site]:2 [Bin]:13990 [FullTime]:3590.17 [SkipTime]:0 [Veto1]:510.506 [Veto2]:507.451 [Veto3]:309.638 [Veto4]:309.638 [SgUp1]:172466 [SgUp2]:173997 [SgUp3]:0 [SgUp4]:0 [SgLow1]:172133 [SgLow2]:173612 [SgLow3]:0 [SgLow4]:0 [NetMuon1]:462958 [NetMuon2]:463525 [NetMuon3]:493195 [NetMuon4]:493195
[Run]:40642 [Site]:2 [Bin]:13991 [FullTime]:3590.17 [SkipTime]:0 [Veto1]:529.299 [Veto2]:507.135 [Veto3]:309.121 [Veto4]:309.121 [SgUp1]:170579 [SgUp2]:174158 [SgUp3]:0 [SgUp4]:0 [SgLow1]:170248 [SgLow2]:173673 [SgLow3]:0 [SgLow4]:0 [NetMuon1]:459569 [NetMuon2]:462837 [NetMuon3]:492315 [NetMuon4]:492315
[Run]:40642 [Site]:2 [Bin]:13992 [FullTime]:3590.17 [SkipTime]:0 [Veto1]:486.243 [Veto2]:527.137 [Veto3]:310.217 [Veto4]:310.217 [SgUp1]:173506 [SgUp2]:173261 [SgUp3]:0 [SgUp4]:0 [SgLow1]:173168 [SgLow2]:172830 [SgLow3]:0 [SgLow4]:0 [NetMuon1]:467290 [NetMuon2]:461337 [NetMuon3]:493876 [NetMuon4]:493876
[Run]:40642 [Site]:2 [Bin]:13993 [FullTime]:3590.17 [SkipTime]:0 [Veto1]:496.708 [Veto2]:501.91 [Veto3]:309.978 [Veto4]:309.978 [SgUp1]:172874 [SgUp2]:174339 [SgUp3]:0 [SgUp4]:0 [SgLow1]:172529 [SgLow2]:173922 [SgLow3]:0 [SgLow4]:0 [NetMuon1]:465630 [NetMuon2]:464735 [NetMuon3]:493508 [NetMuon4]:493508
[Run]:40642 [Site]:2 [Bin]:13994 [FullTime]:3590.17 [SkipTime]:0 [Veto1]:523.808 [Veto2]:524.162 [Veto3]:309.145 [Veto4]:309.145 [SgUp1]:171450 [SgUp2]:173955 [SgUp3]:0 [SgUp4]:0 [SgLow1]:171057 [SgLow2]:173570 [SgLow3]:0 [SgLow4]:0 [NetMuon1]:460147 [NetMuon2]:460080 [NetMuon3]:492437 [NetMuon4]:492437
[Run]:40642 [Site]:2 [Bin]:13995 [FullTime]:3590.17 [SkipTime]:0 [Veto1]:486.129 [Veto2]:537.893 [Veto3]:308.724 [Veto4]:308.724 [SgUp1]:173726 [SgUp2]:172709 [SgUp3]:0 [SgUp4]:0 [SgLow1]:173326 [SgLow2]:172298 [SgLow3]:0 [SgLow4]:0 [NetMuon1]:465293 [NetMuon2]:457408 [NetMuon3]:491690 [NetMuon4]:491690
[Run]:40642 [Site]:2 [Bin]:13996 [FullTime]:3590.17 [SkipTime]:0 [Veto1]:507.021 [Veto2]:517.586 [Veto3]:309.724 [Veto4]:309.724 [SgUp1]:172446 [SgUp2]:173077 [SgUp3]:0 [SgUp4]:0 [SgLow1]:172119 [SgLow2]:172690 [SgLow3]:0 [SgLow4]:0 [NetMuon1]:463686 [NetMuon2]:461828 [NetMuon3]:493104 [NetMuon4]:493104
[Run]:40642 [Site]:2 [Bin]:13997 [FullTime]:3590.17 [SkipTime]:0 [Veto1]:514.965 [Veto2]:513.251 [Veto3]:309.193 [Veto4]:309.193 [SgUp1]:172700 [SgUp2]:173606 [SgUp3]:0 [SgUp4]:0 [SgLow1]:172346 [SgLow2]:173163 [SgLow3]:0 [SgLow4]:0 [NetMuon1]:461586 [NetMuon2]:461928 [NetMuon3]:492533 [NetMuon4]:492533
[Run]:40642 [Site]:2 [Bin]:13998 [FullTime]:3590.17 [SkipTime]:0 [Veto1]:506.775 [Veto2]:494.372 [Veto3]:309.832 [Veto4]:309.832 [SgUp1]:172437 [SgUp2]:174619 [SgUp3]:0 [SgUp4]:0 [SgLow1]:172053 [SgLow2]:174203 [SgLow3]:0 [SgLow4]:0 [NetMuon1]:464015 [NetMuon2]:465616 [NetMuon3]:493336 [NetMuon4]:493336
[Run]:40642 [Site]:2 [Bin]:13999 [FullTime]:3590.17 [SkipTime]:0 [Veto1]:503.304 [Veto2]:509.856 [Veto3]:309.847 [Veto4]:309.847 [SgUp1]:173193 [SgUp2]:174086 [SgUp3]:0 [SgUp4]:0 [SgLow1]:172850 [SgLow2]:173706 [SgLow3]:0 [SgLow4]:0 [NetMuon1]:464660 [NetMuon2]:463332 [NetMuon3]:493449 [NetMuon4]:493449
[Run]:40642 [Site]:2 [Bin]:14000 [FullTime]:3590.17 [SkipTime]:0 [Veto1]:511.035 [Veto2]:518.316 [Veto3]:309.549 [Veto4]:309.549 [SgUp1]:171885 [SgUp2]:173712 [SgUp3]:0 [SgUp4]:0 [SgLow1]:171509 [SgLow2]:173337 [SgLow3]:0 [SgLow4]:0 [NetMuon1]:462597 [NetMuon2]:461531 [NetMuon3]:492860 [NetMuon4]:492860
[Run]:40642 [Site]:2 [Bin]:14001 [FullTime]:3590.17 [SkipTime]:0 [Veto1]:530.935 [Veto2]:509.214 [Veto3]:309.397 [Veto4]:309.397 [SgUp1]:172180 [SgUp2]:174113 [SgUp3]:0 [SgUp4]:0 [SgLow1]:171791 [SgLow2]:173766 [SgLow3]:0 [SgLow4]:0 [NetMuon1]:459311 [NetMuon2]:462833 [NetMuon3]:492811 [NetMuon4]:492811
[Run]:40642 [Site]:2 [Bin]:14002 [FullTime]:3590.17 [SkipTime]:0 [Veto1]:490.773 [Veto2]:518.353 [Veto3]:309.525 [Veto4]:309.525 [SgUp1]:173908 [SgUp2]:173709 [SgUp3]:0 [SgUp4]:0 [SgLow1]:173538 [SgLow2]:173314 [SgLow3]:0 [SgLow4]:0 [NetMuon1]:465647 [NetMuon2]:461551 [NetMuon3]:492954 [NetMuon4]:492954
[Run]:40642 [Site]:2 [Bin]:14003 [FullTime]:3590.17 [SkipTime]:0 [Veto1]:523.786 [Veto2]:520.588 [Veto3]:309.775 [Veto4]:309.775 [SgUp1]:172338 [SgUp2]:172960 [SgUp3]:0 [SgUp4]:0 [SgLow1]:171984 [SgLow2]:172550 [SgLow3]:0 [SgLow4]:0 [NetMuon1]:461060 [NetMuon2]:461897 [NetMuon3]:493432 [NetMuon4]:493432
[Run]:40642 [Site]:2 [Bin]:14004 [FullTime]:3590.17 [SkipTime]:0 [Veto1]:525.1 [Veto2]:505.999 [Veto3]:310.131 [Veto4]:310.131 [SgUp1]:171157 [SgUp2]:174613 [SgUp3]:0 [SgUp4]:0 [SgLow1]:170798 [SgLow2]:174177 [SgLow3]:0 [SgLow4]:0 [NetMuon1]:461564 [NetMuon2]:464427 [NetMuon3]:493803 [NetMuon4]:493803
[Run]:40642 [Site]:2 [Bin]:14005 [FullTime]:3590.17 [SkipTime]:0 [Veto1]:502.503 [Veto2]:488.752 [Veto3]:309.691 [Veto4]:309.691 [SgUp1]:173403 [SgUp2]:174743 [SgUp3]:0 [SgUp4]:0 [SgLow1]:173024 [SgLow2]:174304 [SgLow3]:0 [SgLow4]:0 [NetMuon1]:464154 [NetMuon2]:466145 [NetMuon3]:493288 [NetMuon4]:493288
[Run]:40642 [Site]:2 [Bin]:14006 [FullTime]:3590.17 [SkipTime]:0 [Veto1]:519.965 [Veto2]:493.144 [Veto3]:309.708 [Veto4]:309.708 [SgUp1]:172377 [SgUp2]:175192 [SgUp3]:0 [SgUp4]:0 [SgLow1]:172006 [SgLow2]:174843 [SgLow3]:0 [SgLow4]:0 [NetMuon1]:461666 [NetMuon2]:465738 [NetMuon3]:493294 [NetMuon4]:493294
[Run]:40642 [Site]:2 [Bin]:14007 [FullTime]:3590.17 [SkipTime]:0 [Veto1]:534.894 [Veto2]:523.323 [Veto3]:309.249 [Veto4]:309.249 [SgUp1]:171528 [SgUp2]:173145 [SgUp3]:0 [SgUp4]:0 [SgLow1]:171155 [SgLow2]:172795 [SgLow3]:0 [SgLow4]:0 [NetMuon1]:458631 [NetMuon2]:460620 [NetMuon3]:492635 [NetMuon4]:492635
[Run]:40642 [Site]:2 [Bin]:14008 [FullTime]:3590.17 [SkipTime]:0 [Veto1]:510.863 [Veto2]:503.636 [Veto3]:309.476 [Veto4]:309.476 [SgUp1]:172425 [SgUp2]:174122 [SgUp3]:0 [SgUp4]:0 [SgLow1]:172099 [SgLow2]:173694 [SgLow3]:0 [SgLow4]:0 [NetMuon1]:462500 [NetMuon2]:463308 [NetMuon3]:492706 [NetMuon4]:492706
[Run]:40642 [Site]:2 [Bin]:14009 [FullTime]:3590.17 [SkipTime]:0 [Veto1]:513.946 [Veto2]:508.487 [Veto3]:308.745 [Veto4]:308.745 [SgUp1]:172365 [SgUp2]:173797 [SgUp3]:0 [SgUp4]:0 [SgLow1]:172045 [SgLow2]:173400 [SgLow3]:0 [SgLow4]:0 [NetMuon1]:460764 [NetMuon2]:461838 [NetMuon3]:491637 [NetMuon4]:491637
[Run]:40642 [Site]:2 [Bin]:14010 [FullTime]:3590.17 [SkipTime]:0 [Veto1]:505.381 [Veto2]:494.418 [Veto3]:309.034 [Veto4]:309.034 [SgUp1]:173104 [SgUp2]:174246 [SgUp3]:0 [SgUp4]:0 [SgLow1]:172754 [SgLow2]:173864 [SgLow3]:0 [SgLow4]:0 [NetMuon1]:462455 [NetMuon2]:464404 [NetMuon3]:492052 [NetMuon4]:492052
[Run]:40642 [Site]:2 [Bin]:14011 [FullTime]:3590.17 [SkipTime]:0 [Veto1]:492.684 [Veto2]:499.785 [Veto3]:309.546 [Veto4]:309.546 [SgUp1]:174961 [SgUp2]:174614 [SgUp3]:0 [SgUp4]:0 [SgLow1]:174589 [SgLow2]:174235 [SgLow3]:0 [SgLow4]:0 [NetMuon1]:465608 [NetMuon2]:464668 [NetMuon3]:493142 [NetMuon4]:493142
[Run]:40642 [Site]:2 [Bin]:14012 [FullTime]:3590.17 [SkipTime]:0 [Veto1]:488.254 [Veto2]:512.694 [Veto3]:309.21 [Veto4]:309.21 [SgUp1]:174086 [SgUp2]:173139 [SgUp3]:0 [SgUp4]:0 [SgLow1]:173668 [SgLow2]:172741 [SgLow3]:0 [SgLow4]:0 [NetMuon1]:465377 [NetMuon2]:461820 [NetMuon3]:492365 [NetMuon4]:492365
[Run]:40642 [Site]:2 [Bin]:14013 [FullTime]:3590.17 [SkipTime]:0 [Veto1]:492.665 [Veto2]:510.925 [Veto3]:308.867 [Veto4]:308.867 [SgUp1]:173519 [SgUp2]:173920 [SgUp3]:0 [SgUp4]:0 [SgLow1]:173090 [SgLow2]:173511 [SgLow3]:0 [SgLow4]:0 [NetMuon1]:464375 [NetMuon2]:461179 [NetMuon3]:491774 [NetMuon4]:491774
[Run]:40642 [Site]:2 [Bin]:14014 [FullTime]:3590.17 [SkipTime]:0 [Veto1]:512.989 [Veto2]:508.713 [Veto3]:309.24 [Veto4]:309.24 [SgUp1]:172624 [SgUp2]:174121 [SgUp3]:0 [SgUp4]:0 [SgLow1]:172293 [SgLow2]:173746 [SgLow3]:0 [SgLow4]:0 [NetMuon1]:462103 [NetMuon2]:462473 [NetMuon3]:492404 [NetMuon4]:492404
[Run]:40642 [Site]:2 [Bin]:14015 [FullTime]:3590.17 [SkipTime]:0 [Veto1]:477.574 [Veto2]:498.868 [Veto3]:309.948 [Veto4]:309.948 [SgUp1]:173865 [SgUp2]:175021 [SgUp3]:0 [SgUp4]:0 [SgLow1]:173460 [SgLow2]:174634 [SgLow3]:0 [SgLow4]:0 [NetMuon1]:468271 [NetMuon2]:465029 [NetMuon3]:493456 [NetMuon4]:493456
[Run]:40642 [Site]:2 [Bin]:14016 [FullTime]:3590.17 [SkipTime]:0 [Veto1]:515.114 [Veto2]:525.006 [Veto3]:310.006 [Veto4]:310.006 [SgUp1]:171428 [SgUp2]:173405 [SgUp3]:0 [SgUp4]:0 [SgLow1]:171062 [SgLow2]:172996 [SgLow3]:0 [SgLow4]:0 [NetMuon1]:462686 [NetMuon2]:461400 [NetMuon3]:493705 [NetMuon4]:493705
[Run]:40642 [Site]:2 [Bin]:14017 [FullTime]:3590.17 [SkipTime]:0 [Veto1]:498.247 [Veto2]:519.928 [Veto3]:309.997 [Veto4]:309.997 [SgUp1]:173420 [SgUp2]:172547 [SgUp3]:0 [SgUp4]:0 [SgLow1]:173018 [SgLow2]:172143 [SgLow3]:0 [SgLow4]:0 [NetMuon1]:465470 [NetMuon2]:462043 [NetMuon3]:493746 [NetMuon4]:493746
[Run]:40642 [Site]:2 [Bin]:14018 [FullTime]:3590.17 [SkipTime]:0 [Veto1]:491.852 [Veto2]:512.983 [Veto3]:310.122 [Veto4]:310.122 [SgUp1]:174045 [SgUp2]:173470 [SgUp3]:0 [SgUp4]:0 [SgLow1]:173690 [SgLow2]:173039 [SgLow3]:0 [SgLow4]:0 [NetMuon1]:466581 [NetMuon2]:463625 [NetMuon3]:494038 [NetMuon4]:494038
[Run]:40642 [Site]:2 [Bin]:14019 [FullTime]:3590.17 [SkipTime]:0 [Veto1]:514.818 [Veto2]:526.75 [Veto3]:309.848 [Veto4]:309.848 [SgUp1]:171963 [SgUp2]:172132 [SgUp3]:0 [SgUp4]:0 [SgLow1]:171577 [SgLow2]:171695 [SgLow3]:0 [SgLow4]:0 [NetMuon1]:462533 [NetMuon2]:460273 [NetMuon3]:493271 [NetMuon4]:493271
[Run]:40642 [Site]:2 [Bin]:14020 [FullTime]:3590.17 [SkipTime]:0 [Veto1]:508.433 [Veto2]:507.562 [Veto3]:310.315 [Veto4]:310.315 [SgUp1]:172812 [SgUp2]:173298 [SgUp3]:0 [SgUp4]:0 [SgLow1]:172420 [SgLow2]:172914 [SgLow3]:0 [SgLow4]:0 [NetMuon1]:464423 [NetMuon2]:464822 [NetMuon3]:494329 [NetMuon4]:494329
[Run]:40642 [Site]:2 [Bin]:14021 [FullTime]:3590.17 [SkipTime]:0 [Veto1]:513.419 [Veto2]:514.986 [Veto3]:309.53 [Veto4]:309.53 [SgUp1]:172857 [SgUp2]:174664 [SgUp3]:0 [SgUp4]:0 [SgLow1]:172526 [SgLow2]:174213 [SgLow3]:0 [SgLow4]:0 [NetMuon1]:462293 [NetMuon2]:462024 [NetMuon3]:492863 [NetMuon4]:492863
[Run]:40642 [Site]:2 [Bin]:14022 [FullTime]:3590.17 [SkipTime]:0 [Veto1]:519.783 [Veto2]:493.234 [Veto3]:309.174 [Veto4]:309.174 [SgUp1]:173278 [SgUp2]:174513 [SgUp3]:0 [SgUp4]:0 [SgLow1]:172937 [SgLow2]:174157 [SgLow3]:0 [SgLow4]:0 [NetMuon1]:460595 [NetMuon2]:464435 [NetMuon3]:492457 [NetMuon4]:492457
[Run]:40642 [Site]:2 [Bin]:14023 [FullTime]:3590.17 [SkipTime]:0 [Veto1]:505.214 [Veto2]:515.116 [Veto3]:310.087 [Veto4]:310.087 [SgUp1]:172436 [SgUp2]:173841 [SgUp3]:0 [SgUp4]:0 [SgLow1]:172060 [SgLow2]:173479 [SgLow3]:0 [SgLow4]:0 [NetMuon1]:464380 [NetMuon2]:462868 [NetMuon3]:493735 [NetMuon4]:493735
[Run]:40642 [Site]:2 [Bin]:14024 [FullTime]:3590.17 [SkipTime]:0 [Veto1]:484.191 [Veto2]:501.085 [Veto3]:310.514 [Veto4]:310.514 [SgUp1]:173803 [SgUp2]:174237 [SgUp3]:0 [SgUp4]:0 [SgLow1]:173404 [SgLow2]:173798 [SgLow3]:0 [SgLow4]:0 [NetMuon1]:468439 [NetMuon2]:465821 [NetMuon3]:494607 [NetMuon4]:494607
[Run]:40642 [Site]:2 [Bin]:14025 [FullTime]:3590.17 [SkipTime]:0 [Veto1]:509.48 [Veto2]:497.027 [Veto3]:310.15 [Veto4]:310.15 [SgUp1]:172880 [SgUp2]:175477 [SgUp3]:0 [SgUp4]:0 [SgLow1]:172473 [SgLow2]:175059 [SgLow3]:0 [SgLow4]:0 [NetMuon1]:464035 [NetMuon2]:466036 [NetMuon3]:494046 [NetMuon4]:494046
[Run]:40642 [Site]:2 [Bin]:14026 [FullTime]:3590.17 [SkipTime]:0 [Veto1]:525.181 [Veto2]:521.809 [Veto3]:310.071 [Veto4]:310.071 [SgUp1]:171462 [SgUp2]:173598 [SgUp3]:0 [SgUp4]:0 [SgLow1]:171100 [SgLow2]:173285 [SgLow3]:0 [SgLow4]:0 [NetMuon1]:461157 [NetMuon2]:462055 [NetMuon3]:493650 [NetMuon4]:493650
[Run]:40642 [Site]:2 [Bin]:14027 [FullTime]:3590.17 [SkipTime]:0 [Veto1]:536.398 [Veto2]:502.95 [Veto3]:310.526 [Veto4]:310.526 [SgUp1]:171030 [SgUp2]:174339 [SgUp3]:0 [SgUp4]:0 [SgLow1]:170673 [SgLow2]:173948 [SgLow3]:0 [SgLow4]:0 [NetMuon1]:460589 [NetMuon2]:465510 [NetMuon3]:494466 [NetMuon4]:494466
[Run]:40642 [Site]:2 [Bin]:14028 [FullTime]:3590.17 [SkipTime]:0 [Veto1]:519.49 [Veto2]:496.428 [Veto3]:309.935 [Veto4]:309.935 [SgUp1]:172263 [SgUp2]:174513 [SgUp3]:0 [SgUp4]:0 [SgLow1]:171905 [SgLow2]:174081 [SgLow3]:0 [SgLow4]:0 [NetMuon1]:462152 [NetMuon2]:465531 [NetMuon3]:493614 [NetMuon4]:493614
[Run]:40642 [Site]:2 [Bin]:14029 [FullTime]:3590.17 [SkipTime]:0 [Veto1]:513.708 [Veto2]:502.918 [Veto3]:310.212 [Veto4]:310.212 [SgUp1]:173000 [SgUp2]:174094 [SgUp3]:0 [SgUp4]:0 [SgLow1]:172621 [SgLow2]:173690 [SgLow3]:0 [SgLow4]:0 [NetMuon1]:463262 [NetMuon2]:465098 [NetMuon3]:493971 [NetMuon4]:493971
[Run]:40642 [Site]:2 [Bin]:14030 [FullTime]:3590.17 [SkipTime]:0 [Veto1]:489.527 [Veto2]:528.568 [Veto3]:309.87 [Veto4]:309.87 [SgUp1]:173673 [SgUp2]:173763 [SgUp3]:0 [SgUp4]:0 [SgLow1]:173337 [SgLow2]:173376 [SgLow3]:0 [SgLow4]:0 [NetMuon1]:466481 [NetMuon2]:460354 [NetMuon3]:493452 [NetMuon4]:493452
[Run]:40642 [Site]:2 [Bin]:14031 [FullTime]:3590.17 [SkipTime]:0 [Veto1]:506.862 [Veto2]:521.609 [Veto3]:309.577 [Veto4]:309.577 [SgUp1]:173115 [SgUp2]:172567 [SgUp3]:0 [SgUp4]:0 [SgLow1]:172751 [SgLow2]:172162 [SgLow3]:0 [SgLow4]:0 [NetMuon1]:463055 [NetMuon2]:461201 [NetMuon3]:492975 [NetMuon4]:492975
[Run]:40642 [Site]:2 [Bin]:14032 [FullTime]:3590.17 [SkipTime]:0 [Veto1]:516.209 [Veto2]:504.277 [Veto3]:310.053 [Veto4]:310.053 [SgUp1]:173115 [SgUp2]:173762 [SgUp3]:0 [SgUp4]:0 [SgLow1]:172738 [SgLow2]:173361 [SgLow3]:0 [SgLow4]:0 [NetMuon1]:462853 [NetMuon2]:464308 [NetMuon3]:493703 [NetMuon4]:493703
End process Run: 40642 ... 
[Run]:40642 [Site]:2 [Bin]:14033 [FullTime]:357.613 [SkipTime]:0 [Veto1]:55.1391 [Veto2]:62.7113 [Veto3]:30.898 [Veto4]:30.898
