StreamChain add 0x1f4fe7e0
Start to process run: 40247 ... 
[Run]:40247 [Site]:2 [Bin]:13459 [FullTime]:2148.45 [SkipTime]:0 [Veto1]:304.041 [Veto2]:306.615 [Veto3]:184.846 [Veto4]:184.846 [SgUp1]:102927 [SgUp2]:103227 [SgUp3]:0 [SgUp4]:0 [SgLow1]:102715 [SgLow2]:102976 [SgLow3]:0 [SgLow4]:0 [NetMuon1]:276427 [NetMuon2]:276167 [NetMuon3]:294280 [NetMuon4]:294280
[Run]:40247 [Site]:2 [Bin]:13460 [FullTime]:3590.18 [SkipTime]:0 [Veto1]:487.706 [Veto2]:507.374 [Veto3]:308.785 [Veto4]:308.785 [SgUp1]:174366 [SgUp2]:173116 [SgUp3]:0 [SgUp4]:0 [SgLow1]:174020 [SgLow2]:172733 [SgLow3]:0 [SgLow4]:0 [NetMuon1]:464957 [NetMuon2]:462202 [NetMuon3]:491853 [NetMuon4]:491853
[Run]:40247 [Site]:2 [Bin]:13461 [FullTime]:3590.17 [SkipTime]:0 [Veto1]:533.698 [Veto2]:501.68 [Veto3]:308.552 [Veto4]:308.552 [SgUp1]:172121 [SgUp2]:173669 [SgUp3]:0 [SgUp4]:0 [SgLow1]:171772 [SgLow2]:173265 [SgLow3]:0 [SgLow4]:0 [NetMuon1]:457687 [NetMuon2]:462371 [NetMuon3]:491453 [NetMuon4]:491453
[Run]:40247 [Site]:2 [Bin]:13462 [FullTime]:3590.17 [SkipTime]:0 [Veto1]:488.536 [Veto2]:500.617 [Veto3]:309.309 [Veto4]:309.309 [SgUp1]:174270 [SgUp2]:173174 [SgUp3]:0 [SgUp4]:0 [SgLow1]:173903 [SgLow2]:172767 [SgLow3]:0 [SgLow4]:0 [NetMuon1]:465846 [NetMuon2]:464152 [NetMuon3]:492688 [NetMuon4]:492688
[Run]:40247 [Site]:2 [Bin]:13463 [FullTime]:3590.17 [SkipTime]:0 [Veto1]:515.206 [Veto2]:482.233 [Veto3]:309.254 [Veto4]:309.254 [SgUp1]:171785 [SgUp2]:175040 [SgUp3]:0 [SgUp4]:0 [SgLow1]:171404 [SgLow2]:174655 [SgLow3]:0 [SgLow4]:0 [NetMuon1]:461552 [NetMuon2]:466324 [NetMuon3]:492540 [NetMuon4]:492540
[Run]:40247 [Site]:2 [Bin]:13464 [FullTime]:3590.17 [SkipTime]:0 [Veto1]:522.523 [Veto2]:517.775 [Veto3]:308.145 [Veto4]:308.145 [SgUp1]:171762 [SgUp2]:172669 [SgUp3]:0 [SgUp4]:0 [SgLow1]:171361 [SgLow2]:172270 [SgLow3]:0 [SgLow4]:0 [NetMuon1]:458557 [NetMuon2]:459516 [NetMuon3]:490823 [NetMuon4]:490823
[Run]:40247 [Site]:2 [Bin]:13465 [FullTime]:3590.17 [SkipTime]:0 [Veto1]:500.104 [Veto2]:512.267 [Veto3]:308.171 [Veto4]:308.171 [SgUp1]:173075 [SgUp2]:172914 [SgUp3]:0 [SgUp4]:0 [SgLow1]:172700 [SgLow2]:172547 [SgLow3]:0 [SgLow4]:0 [NetMuon1]:461906 [NetMuon2]:460047 [NetMuon3]:490644 [NetMuon4]:490644
[Run]:40247 [Site]:2 [Bin]:13466 [FullTime]:3590.17 [SkipTime]:0 [Veto1]:488.723 [Veto2]:478.855 [Veto3]:308.804 [Veto4]:308.804 [SgUp1]:174381 [SgUp2]:174959 [SgUp3]:0 [SgUp4]:0 [SgLow1]:173986 [SgLow2]:174543 [SgLow3]:0 [SgLow4]:0 [NetMuon1]:464966 [NetMuon2]:466457 [NetMuon3]:491965 [NetMuon4]:491965
[Run]:40247 [Site]:2 [Bin]:13467 [FullTime]:3590.17 [SkipTime]:0 [Veto1]:522.425 [Veto2]:512.856 [Veto3]:308.196 [Veto4]:308.196 [SgUp1]:172334 [SgUp2]:173604 [SgUp3]:0 [SgUp4]:0 [SgLow1]:172003 [SgLow2]:173236 [SgLow3]:0 [SgLow4]:0 [NetMuon1]:458878 [NetMuon2]:460472 [NetMuon3]:491064 [NetMuon4]:491064
[Run]:40247 [Site]:2 [Bin]:13468 [FullTime]:3590.17 [SkipTime]:0 [Veto1]:488.853 [Veto2]:509.619 [Veto3]:308.179 [Veto4]:308.179 [SgUp1]:174633 [SgUp2]:173179 [SgUp3]:0 [SgUp4]:0 [SgLow1]:174215 [SgLow2]:172745 [SgLow3]:0 [SgLow4]:0 [NetMuon1]:463734 [NetMuon2]:461047 [NetMuon3]:490950 [NetMuon4]:490950
[Run]:40247 [Site]:2 [Bin]:13469 [FullTime]:3590.17 [SkipTime]:0 [Veto1]:497.079 [Veto2]:498.529 [Veto3]:309.68 [Veto4]:309.68 [SgUp1]:172955 [SgUp2]:174155 [SgUp3]:0 [SgUp4]:0 [SgLow1]:172650 [SgLow2]:173777 [SgLow3]:0 [SgLow4]:0 [NetMuon1]:465186 [NetMuon2]:464853 [NetMuon3]:493144 [NetMuon4]:493144
[Run]:40247 [Site]:2 [Bin]:13470 [FullTime]:3590.17 [SkipTime]:0 [Veto1]:496.973 [Veto2]:504.251 [Veto3]:309.61 [Veto4]:309.61 [SgUp1]:173703 [SgUp2]:173678 [SgUp3]:0 [SgUp4]:0 [SgLow1]:173288 [SgLow2]:173304 [SgLow3]:0 [SgLow4]:0 [NetMuon1]:464874 [NetMuon2]:463796 [NetMuon3]:493140 [NetMuon4]:493140
[Run]:40247 [Site]:2 [Bin]:13471 [FullTime]:3590.17 [SkipTime]:0 [Veto1]:509.304 [Veto2]:506.211 [Veto3]:310.029 [Veto4]:310.029 [SgUp1]:172426 [SgUp2]:173354 [SgUp3]:0 [SgUp4]:0 [SgLow1]:172088 [SgLow2]:172941 [SgLow3]:0 [SgLow4]:0 [NetMuon1]:463273 [NetMuon2]:464176 [NetMuon3]:493601 [NetMuon4]:493601
[Run]:40247 [Site]:2 [Bin]:13472 [FullTime]:3590.17 [SkipTime]:0 [Veto1]:492.599 [Veto2]:505.528 [Veto3]:309.789 [Veto4]:309.789 [SgUp1]:173272 [SgUp2]:174370 [SgUp3]:0 [SgUp4]:0 [SgLow1]:172889 [SgLow2]:173948 [SgLow3]:0 [SgLow4]:0 [NetMuon1]:465830 [NetMuon2]:464294 [NetMuon3]:493591 [NetMuon4]:493591
[Run]:40247 [Site]:2 [Bin]:13473 [FullTime]:3590.17 [SkipTime]:0 [Veto1]:524.782 [Veto2]:507.66 [Veto3]:309.642 [Veto4]:309.642 [SgUp1]:171697 [SgUp2]:172982 [SgUp3]:0 [SgUp4]:0 [SgLow1]:171350 [SgLow2]:172573 [SgLow3]:0 [SgLow4]:0 [NetMuon1]:461010 [NetMuon2]:463775 [NetMuon3]:493229 [NetMuon4]:493229
[Run]:40247 [Site]:2 [Bin]:13474 [FullTime]:3590.17 [SkipTime]:0 [Veto1]:505.265 [Veto2]:513.093 [Veto3]:309.272 [Veto4]:309.272 [SgUp1]:171891 [SgUp2]:172409 [SgUp3]:0 [SgUp4]:0 [SgLow1]:171509 [SgLow2]:171992 [SgLow3]:0 [SgLow4]:0 [NetMuon1]:463284 [NetMuon2]:462090 [NetMuon3]:492669 [NetMuon4]:492669
[Run]:40247 [Site]:2 [Bin]:13475 [FullTime]:3590.17 [SkipTime]:0 [Veto1]:513.863 [Veto2]:514.833 [Veto3]:310.214 [Veto4]:310.214 [SgUp1]:172555 [SgUp2]:173038 [SgUp3]:0 [SgUp4]:0 [SgLow1]:172210 [SgLow2]:172582 [SgLow3]:0 [SgLow4]:0 [NetMuon1]:463584 [NetMuon2]:463201 [NetMuon3]:494125 [NetMuon4]:494125
[Run]:40247 [Site]:2 [Bin]:13476 [FullTime]:3590.17 [SkipTime]:0 [Veto1]:512.568 [Veto2]:503.438 [Veto3]:309.761 [Veto4]:309.761 [SgUp1]:172923 [SgUp2]:173861 [SgUp3]:0 [SgUp4]:0 [SgLow1]:172555 [SgLow2]:173425 [SgLow3]:0 [SgLow4]:0 [NetMuon1]:462579 [NetMuon2]:463990 [NetMuon3]:493104 [NetMuon4]:493104
[Run]:40247 [Site]:2 [Bin]:13477 [FullTime]:3590.17 [SkipTime]:0 [Veto1]:523.651 [Veto2]:503.146 [Veto3]:309.607 [Veto4]:309.607 [SgUp1]:171907 [SgUp2]:173615 [SgUp3]:0 [SgUp4]:0 [SgLow1]:171509 [SgLow2]:173231 [SgLow3]:0 [SgLow4]:0 [NetMuon1]:460698 [NetMuon2]:464031 [NetMuon3]:493175 [NetMuon4]:493175
[Run]:40247 [Site]:2 [Bin]:13478 [FullTime]:3590.17 [SkipTime]:0 [Veto1]:523.611 [Veto2]:508.643 [Veto3]:310.409 [Veto4]:310.409 [SgUp1]:171894 [SgUp2]:173489 [SgUp3]:0 [SgUp4]:0 [SgLow1]:171508 [SgLow2]:173099 [SgLow3]:0 [SgLow4]:0 [NetMuon1]:462150 [NetMuon2]:464420 [NetMuon3]:494385 [NetMuon4]:494385
[Run]:40247 [Site]:2 [Bin]:13479 [FullTime]:3590.17 [SkipTime]:0 [Veto1]:524.589 [Veto2]:514.884 [Veto3]:309.077 [Veto4]:309.077 [SgUp1]:171611 [SgUp2]:173497 [SgUp3]:0 [SgUp4]:0 [SgLow1]:171229 [SgLow2]:173018 [SgLow3]:0 [SgLow4]:0 [NetMuon1]:460182 [NetMuon2]:461403 [NetMuon3]:492328 [NetMuon4]:492328
[Run]:40247 [Site]:2 [Bin]:13480 [FullTime]:3590.17 [SkipTime]:0 [Veto1]:518.198 [Veto2]:519.858 [Veto3]:309.526 [Veto4]:309.526 [SgUp1]:172056 [SgUp2]:172311 [SgUp3]:0 [SgUp4]:0 [SgLow1]:171650 [SgLow2]:171912 [SgLow3]:0 [SgLow4]:0 [NetMuon1]:461834 [NetMuon2]:461126 [NetMuon3]:492971 [NetMuon4]:492971
[Run]:40247 [Site]:2 [Bin]:13481 [FullTime]:3590.17 [SkipTime]:0 [Veto1]:506.084 [Veto2]:532.134 [Veto3]:309.686 [Veto4]:309.686 [SgUp1]:172307 [SgUp2]:172691 [SgUp3]:0 [SgUp4]:0 [SgLow1]:171948 [SgLow2]:172268 [SgLow3]:0 [SgLow4]:0 [NetMuon1]:463436 [NetMuon2]:459794 [NetMuon3]:493268 [NetMuon4]:493268
[Run]:40247 [Site]:2 [Bin]:13482 [FullTime]:3590.17 [SkipTime]:0 [Veto1]:500.575 [Veto2]:523.315 [Veto3]:308.636 [Veto4]:308.636 [SgUp1]:173208 [SgUp2]:173178 [SgUp3]:0 [SgUp4]:0 [SgLow1]:172835 [SgLow2]:172787 [SgLow3]:0 [SgLow4]:0 [NetMuon1]:462952 [NetMuon2]:459012 [NetMuon3]:491347 [NetMuon4]:491347
[Run]:40247 [Site]:2 [Bin]:13483 [FullTime]:3590.17 [SkipTime]:0 [Veto1]:517.581 [Veto2]:517.668 [Veto3]:308.984 [Veto4]:308.984 [SgUp1]:172420 [SgUp2]:173433 [SgUp3]:0 [SgUp4]:0 [SgLow1]:172026 [SgLow2]:173058 [SgLow3]:0 [SgLow4]:0 [NetMuon1]:460533 [NetMuon2]:460906 [NetMuon3]:492123 [NetMuon4]:492123
[Run]:40247 [Site]:2 [Bin]:13484 [FullTime]:3590.17 [SkipTime]:0 [Veto1]:481.828 [Veto2]:515.1 [Veto3]:308.681 [Veto4]:308.681 [SgUp1]:174472 [SgUp2]:172521 [SgUp3]:0 [SgUp4]:0 [SgLow1]:174156 [SgLow2]:172104 [SgLow3]:0 [SgLow4]:0 [NetMuon1]:465677 [NetMuon2]:460697 [NetMuon3]:491709 [NetMuon4]:491709
[Run]:40247 [Site]:2 [Bin]:13485 [FullTime]:3590.17 [SkipTime]:0 [Veto1]:497.888 [Veto2]:516.678 [Veto3]:309.69 [Veto4]:309.69 [SgUp1]:173620 [SgUp2]:172740 [SgUp3]:0 [SgUp4]:0 [SgLow1]:173216 [SgLow2]:172318 [SgLow3]:0 [SgLow4]:0 [NetMuon1]:464790 [NetMuon2]:462145 [NetMuon3]:493170 [NetMuon4]:493170
[Run]:40247 [Site]:2 [Bin]:13486 [FullTime]:3590.17 [SkipTime]:0 [Veto1]:504.515 [Veto2]:519.564 [Veto3]:309.633 [Veto4]:309.633 [SgUp1]:173319 [SgUp2]:172724 [SgUp3]:0 [SgUp4]:0 [SgLow1]:173012 [SgLow2]:172337 [SgLow3]:0 [SgLow4]:0 [NetMuon1]:463915 [NetMuon2]:461727 [NetMuon3]:493105 [NetMuon4]:493105
[Run]:40247 [Site]:2 [Bin]:13487 [FullTime]:3590.17 [SkipTime]:0 [Veto1]:508.951 [Veto2]:524.312 [Veto3]:308.992 [Veto4]:308.992 [SgUp1]:173047 [SgUp2]:172169 [SgUp3]:0 [SgUp4]:0 [SgLow1]:172679 [SgLow2]:171783 [SgLow3]:0 [SgLow4]:0 [NetMuon1]:462146 [NetMuon2]:459573 [NetMuon3]:491983 [NetMuon4]:491983
[Run]:40247 [Site]:2 [Bin]:13488 [FullTime]:3590.17 [SkipTime]:0 [Veto1]:505.328 [Veto2]:493.891 [Veto3]:308.813 [Veto4]:308.813 [SgUp1]:173655 [SgUp2]:174554 [SgUp3]:0 [SgUp4]:0 [SgLow1]:173256 [SgLow2]:174160 [SgLow3]:0 [SgLow4]:0 [NetMuon1]:462150 [NetMuon2]:464122 [NetMuon3]:491719 [NetMuon4]:491719
[Run]:40247 [Site]:2 [Bin]:13489 [FullTime]:3590.18 [SkipTime]:0 [Veto1]:506.034 [Veto2]:521.778 [Veto3]:308.74 [Veto4]:308.74 [SgUp1]:173159 [SgUp2]:172215 [SgUp3]:0 [SgUp4]:0 [SgLow1]:172790 [SgLow2]:171794 [SgLow3]:0 [SgLow4]:0 [NetMuon1]:462566 [NetMuon2]:460078 [NetMuon3]:491833 [NetMuon4]:491833
[Run]:40247 [Site]:2 [Bin]:13490 [FullTime]:3590.17 [SkipTime]:0 [Veto1]:503.737 [Veto2]:483.694 [Veto3]:309.016 [Veto4]:309.016 [SgUp1]:174278 [SgUp2]:174647 [SgUp3]:0 [SgUp4]:0 [SgLow1]:173893 [SgLow2]:174266 [SgLow3]:0 [SgLow4]:0 [NetMuon1]:462913 [NetMuon2]:466019 [NetMuon3]:492317 [NetMuon4]:492317
[Run]:40247 [Site]:2 [Bin]:13491 [FullTime]:3590.17 [SkipTime]:0 [Veto1]:523.115 [Veto2]:515.184 [Veto3]:308.997 [Veto4]:308.997 [SgUp1]:171354 [SgUp2]:173304 [SgUp3]:0 [SgUp4]:0 [SgLow1]:170989 [SgLow2]:172935 [SgLow3]:0 [SgLow4]:0 [NetMuon1]:460079 [NetMuon2]:461377 [NetMuon3]:492244 [NetMuon4]:492244
[Run]:40247 [Site]:2 [Bin]:13492 [FullTime]:3590.17 [SkipTime]:0 [Veto1]:530.753 [Veto2]:510.677 [Veto3]:308.883 [Veto4]:308.883 [SgUp1]:170876 [SgUp2]:173314 [SgUp3]:0 [SgUp4]:0 [SgLow1]:170532 [SgLow2]:172907 [SgLow3]:0 [SgLow4]:0 [NetMuon1]:458707 [NetMuon2]:461853 [NetMuon3]:492002 [NetMuon4]:492002
[Run]:40247 [Site]:2 [Bin]:13493 [FullTime]:3590.17 [SkipTime]:0 [Veto1]:512.83 [Veto2]:503.067 [Veto3]:308.912 [Veto4]:308.912 [SgUp1]:172433 [SgUp2]:174250 [SgUp3]:0 [SgUp4]:0 [SgLow1]:172078 [SgLow2]:173790 [SgLow3]:0 [SgLow4]:0 [NetMuon1]:461626 [NetMuon2]:462975 [NetMuon3]:491946 [NetMuon4]:491946
[Run]:40247 [Site]:2 [Bin]:13494 [FullTime]:3590.17 [SkipTime]:0 [Veto1]:482.149 [Veto2]:487.641 [Veto3]:309.464 [Veto4]:309.464 [SgUp1]:174358 [SgUp2]:174037 [SgUp3]:0 [SgUp4]:0 [SgLow1]:174021 [SgLow2]:173654 [SgLow3]:0 [SgLow4]:0 [NetMuon1]:466802 [NetMuon2]:465975 [NetMuon3]:492631 [NetMuon4]:492631
[Run]:40247 [Site]:2 [Bin]:13495 [FullTime]:3590.18 [SkipTime]:0 [Veto1]:505.489 [Veto2]:523.175 [Veto3]:308.912 [Veto4]:308.912 [SgUp1]:172490 [SgUp2]:173108 [SgUp3]:0 [SgUp4]:0 [SgLow1]:172118 [SgLow2]:172771 [SgLow3]:0 [SgLow4]:0 [NetMuon1]:462664 [NetMuon2]:460251 [NetMuon3]:492077 [NetMuon4]:492077
[Run]:40247 [Site]:2 [Bin]:13496 [FullTime]:3590.16 [SkipTime]:0 [Veto1]:512.494 [Veto2]:487.735 [Veto3]:309.548 [Veto4]:309.548 [SgUp1]:172984 [SgUp2]:174422 [SgUp3]:0 [SgUp4]:0 [SgLow1]:172646 [SgLow2]:174000 [SgLow3]:0 [SgLow4]:0 [NetMuon1]:462189 [NetMuon2]:466500 [NetMuon3]:492978 [NetMuon4]:492978
[Run]:40247 [Site]:2 [Bin]:13497 [FullTime]:3590.17 [SkipTime]:0 [Veto1]:529.693 [Veto2]:512.434 [Veto3]:309.114 [Veto4]:309.114 [SgUp1]:171751 [SgUp2]:172163 [SgUp3]:0 [SgUp4]:0 [SgLow1]:171341 [SgLow2]:171770 [SgLow3]:0 [SgLow4]:0 [NetMuon1]:459079 [NetMuon2]:461687 [NetMuon3]:492137 [NetMuon4]:492137
[Run]:40247 [Site]:2 [Bin]:13498 [FullTime]:3590.17 [SkipTime]:0 [Veto1]:527.266 [Veto2]:490.051 [Veto3]:309.609 [Veto4]:309.609 [SgUp1]:171503 [SgUp2]:175127 [SgUp3]:0 [SgUp4]:0 [SgLow1]:171127 [SgLow2]:174680 [SgLow3]:0 [SgLow4]:0 [NetMuon1]:460499 [NetMuon2]:466123 [NetMuon3]:493057 [NetMuon4]:493057
[Run]:40247 [Site]:2 [Bin]:13499 [FullTime]:3590.17 [SkipTime]:0 [Veto1]:508.383 [Veto2]:510.996 [Veto3]:309.332 [Veto4]:309.332 [SgUp1]:173187 [SgUp2]:173532 [SgUp3]:0 [SgUp4]:0 [SgLow1]:172768 [SgLow2]:173089 [SgLow3]:0 [SgLow4]:0 [NetMuon1]:462699 [NetMuon2]:462178 [NetMuon3]:492582 [NetMuon4]:492582
[Run]:40247 [Site]:2 [Bin]:13500 [FullTime]:3590.17 [SkipTime]:0 [Veto1]:514.259 [Veto2]:507.29 [Veto3]:309.786 [Veto4]:309.786 [SgUp1]:173350 [SgUp2]:174126 [SgUp3]:0 [SgUp4]:0 [SgLow1]:172996 [SgLow2]:173711 [SgLow3]:0 [SgLow4]:0 [NetMuon1]:463058 [NetMuon2]:463712 [NetMuon3]:493473 [NetMuon4]:493473
[Run]:40247 [Site]:2 [Bin]:13501 [FullTime]:3590.17 [SkipTime]:0 [Veto1]:528.118 [Veto2]:483.07 [Veto3]:309.246 [Veto4]:309.246 [SgUp1]:171832 [SgUp2]:175260 [SgUp3]:0 [SgUp4]:0 [SgLow1]:171462 [SgLow2]:174822 [SgLow3]:0 [SgLow4]:0 [NetMuon1]:459811 [NetMuon2]:466658 [NetMuon3]:492601 [NetMuon4]:492601
[Run]:40247 [Site]:2 [Bin]:13502 [FullTime]:3590.17 [SkipTime]:0 [Veto1]:504.316 [Veto2]:494.597 [Veto3]:309.202 [Veto4]:309.202 [SgUp1]:173162 [SgUp2]:173814 [SgUp3]:0 [SgUp4]:0 [SgLow1]:172750 [SgLow2]:173425 [SgLow3]:0 [SgLow4]:0 [NetMuon1]:463241 [NetMuon2]:464645 [NetMuon3]:492533 [NetMuon4]:492533
[Run]:40247 [Site]:2 [Bin]:13503 [FullTime]:3590.17 [SkipTime]:0 [Veto1]:511.66 [Veto2]:499.263 [Veto3]:309.593 [Veto4]:309.593 [SgUp1]:173151 [SgUp2]:174712 [SgUp3]:0 [SgUp4]:0 [SgLow1]:172833 [SgLow2]:174258 [SgLow3]:0 [SgLow4]:0 [NetMuon1]:462578 [NetMuon2]:464250 [NetMuon3]:493048 [NetMuon4]:493048
[Run]:40247 [Site]:2 [Bin]:13504 [FullTime]:3590.17 [SkipTime]:0 [Veto1]:491.2 [Veto2]:529.13 [Veto3]:309.612 [Veto4]:309.612 [SgUp1]:173749 [SgUp2]:171791 [SgUp3]:0 [SgUp4]:0 [SgLow1]:173367 [SgLow2]:171414 [SgLow3]:0 [SgLow4]:0 [NetMuon1]:466005 [NetMuon2]:460181 [NetMuon3]:493123 [NetMuon4]:493123
[Run]:40247 [Site]:2 [Bin]:13505 [FullTime]:3590.17 [SkipTime]:0 [Veto1]:483.975 [Veto2]:505.822 [Veto3]:309.23 [Veto4]:309.23 [SgUp1]:174532 [SgUp2]:173902 [SgUp3]:0 [SgUp4]:0 [SgLow1]:174173 [SgLow2]:173469 [SgLow3]:0 [SgLow4]:0 [NetMuon1]:466589 [NetMuon2]:462825 [NetMuon3]:492460 [NetMuon4]:492460
[Run]:40247 [Site]:2 [Bin]:13506 [FullTime]:3590.17 [SkipTime]:0 [Veto1]:509.997 [Veto2]:516.223 [Veto3]:309.887 [Veto4]:309.887 [SgUp1]:172262 [SgUp2]:172667 [SgUp3]:0 [SgUp4]:0 [SgLow1]:171952 [SgLow2]:172285 [SgLow3]:0 [SgLow4]:0 [NetMuon1]:463375 [NetMuon2]:462234 [NetMuon3]:493523 [NetMuon4]:493523
[Run]:40247 [Site]:2 [Bin]:13507 [FullTime]:3590.17 [SkipTime]:0 [Veto1]:509.05 [Veto2]:493.018 [Veto3]:309.148 [Veto4]:309.148 [SgUp1]:172065 [SgUp2]:173299 [SgUp3]:0 [SgUp4]:0 [SgLow1]:171683 [SgLow2]:172925 [SgLow3]:0 [SgLow4]:0 [NetMuon1]:462304 [NetMuon2]:464479 [NetMuon3]:492282 [NetMuon4]:492282
[Run]:40247 [Site]:2 [Bin]:13508 [FullTime]:3590.17 [SkipTime]:0 [Veto1]:538.088 [Veto2]:485.373 [Veto3]:309.986 [Veto4]:309.986 [SgUp1]:170669 [SgUp2]:173676 [SgUp3]:0 [SgUp4]:0 [SgLow1]:170277 [SgLow2]:173305 [SgLow3]:0 [SgLow4]:0 [NetMuon1]:459019 [NetMuon2]:467340 [NetMuon3]:493684 [NetMuon4]:493684
[Run]:40247 [Site]:2 [Bin]:13509 [FullTime]:3590.17 [SkipTime]:0 [Veto1]:513.234 [Veto2]:518.815 [Veto3]:308.665 [Veto4]:308.665 [SgUp1]:173102 [SgUp2]:172885 [SgUp3]:0 [SgUp4]:0 [SgLow1]:172731 [SgLow2]:172466 [SgLow3]:0 [SgLow4]:0 [NetMuon1]:460990 [NetMuon2]:460301 [NetMuon3]:491725 [NetMuon4]:491725
[Run]:40247 [Site]:2 [Bin]:13510 [FullTime]:3590.17 [SkipTime]:0 [Veto1]:511.212 [Veto2]:513.218 [Veto3]:309.501 [Veto4]:309.501 [SgUp1]:173047 [SgUp2]:173517 [SgUp3]:0 [SgUp4]:0 [SgLow1]:172687 [SgLow2]:173115 [SgLow3]:0 [SgLow4]:0 [NetMuon1]:462677 [NetMuon2]:462386 [NetMuon3]:492973 [NetMuon4]:492973
[Run]:40247 [Site]:2 [Bin]:13511 [FullTime]:3590.17 [SkipTime]:0 [Veto1]:526.413 [Veto2]:498.706 [Veto3]:309.5 [Veto4]:309.5 [SgUp1]:171594 [SgUp2]:174402 [SgUp3]:0 [SgUp4]:0 [SgLow1]:171207 [SgLow2]:173983 [SgLow3]:0 [SgLow4]:0 [NetMuon1]:460245 [NetMuon2]:464394 [NetMuon3]:492924 [NetMuon4]:492924
[Run]:40247 [Site]:2 [Bin]:13512 [FullTime]:3590.17 [SkipTime]:0 [Veto1]:513.677 [Veto2]:508.789 [Veto3]:309.709 [Veto4]:309.709 [SgUp1]:172206 [SgUp2]:173079 [SgUp3]:0 [SgUp4]:0 [SgLow1]:171843 [SgLow2]:172678 [SgLow3]:0 [SgLow4]:0 [NetMuon1]:462476 [NetMuon2]:463282 [NetMuon3]:493063 [NetMuon4]:493063
[Run]:40247 [Site]:2 [Bin]:13513 [FullTime]:3590.17 [SkipTime]:0 [Veto1]:491.624 [Veto2]:496.799 [Veto3]:309.573 [Veto4]:309.573 [SgUp1]:173642 [SgUp2]:173835 [SgUp3]:0 [SgUp4]:0 [SgLow1]:173279 [SgLow2]:173435 [SgLow3]:0 [SgLow4]:0 [NetMuon1]:465785 [NetMuon2]:464974 [NetMuon3]:493116 [NetMuon4]:493116
[Run]:40247 [Site]:2 [Bin]:13514 [FullTime]:3590.17 [SkipTime]:0 [Veto1]:510.945 [Veto2]:502.418 [Veto3]:309.545 [Veto4]:309.545 [SgUp1]:172479 [SgUp2]:173241 [SgUp3]:0 [SgUp4]:0 [SgLow1]:172080 [SgLow2]:172847 [SgLow3]:0 [SgLow4]:0 [NetMuon1]:462892 [NetMuon2]:464057 [NetMuon3]:493199 [NetMuon4]:493199
[Run]:40247 [Site]:2 [Bin]:13515 [FullTime]:3590.17 [SkipTime]:0 [Veto1]:515.051 [Veto2]:496.775 [Veto3]:309.688 [Veto4]:309.688 [SgUp1]:171599 [SgUp2]:173836 [SgUp3]:0 [SgUp4]:0 [SgLow1]:171253 [SgLow2]:173435 [SgLow3]:0 [SgLow4]:0 [NetMuon1]:462410 [NetMuon2]:464861 [NetMuon3]:493198 [NetMuon4]:493198
[Run]:40247 [Site]:2 [Bin]:13516 [FullTime]:3590.17 [SkipTime]:0 [Veto1]:517.679 [Veto2]:501.924 [Veto3]:308.861 [Veto4]:308.861 [SgUp1]:172763 [SgUp2]:173878 [SgUp3]:0 [SgUp4]:0 [SgLow1]:172332 [SgLow2]:173494 [SgLow3]:0 [SgLow4]:0 [NetMuon1]:460461 [NetMuon2]:463002 [NetMuon3]:491816 [NetMuon4]:491816
[Run]:40247 [Site]:2 [Bin]:13517 [FullTime]:3590.17 [SkipTime]:0 [Veto1]:523.917 [Veto2]:487.748 [Veto3]:310.067 [Veto4]:310.067 [SgUp1]:171714 [SgUp2]:174506 [SgUp3]:0 [SgUp4]:0 [SgLow1]:171389 [SgLow2]:174139 [SgLow3]:0 [SgLow4]:0 [NetMuon1]:461675 [NetMuon2]:467330 [NetMuon3]:493842 [NetMuon4]:493842
[Run]:40247 [Site]:2 [Bin]:13518 [FullTime]:3590.17 [SkipTime]:0 [Veto1]:500.003 [Veto2]:512.911 [Veto3]:308.789 [Veto4]:308.789 [SgUp1]:173517 [SgUp2]:173364 [SgUp3]:0 [SgUp4]:0 [SgLow1]:173133 [SgLow2]:173003 [SgLow3]:0 [SgLow4]:0 [NetMuon1]:463110 [NetMuon2]:461609 [NetMuon3]:492040 [NetMuon4]:492040
[Run]:40247 [Site]:2 [Bin]:13519 [FullTime]:3590.17 [SkipTime]:0 [Veto1]:498.326 [Veto2]:508.054 [Veto3]:310.046 [Veto4]:310.046 [SgUp1]:172996 [SgUp2]:173791 [SgUp3]:0 [SgUp4]:0 [SgLow1]:172643 [SgLow2]:173408 [SgLow3]:0 [SgLow4]:0 [NetMuon1]:465086 [NetMuon2]:463916 [NetMuon3]:493832 [NetMuon4]:493832
[Run]:40247 [Site]:2 [Bin]:13520 [FullTime]:3590.17 [SkipTime]:0 [Veto1]:505.755 [Veto2]:508.32 [Veto3]:309.646 [Veto4]:309.646 [SgUp1]:173921 [SgUp2]:173357 [SgUp3]:0 [SgUp4]:0 [SgLow1]:173538 [SgLow2]:172936 [SgLow3]:0 [SgLow4]:0 [NetMuon1]:463585 [NetMuon2]:463253 [NetMuon3]:493053 [NetMuon4]:493053
[Run]:40247 [Site]:2 [Bin]:13521 [FullTime]:3590.18 [SkipTime]:0 [Veto1]:506.941 [Veto2]:493.26 [Veto3]:309.282 [Veto4]:309.282 [SgUp1]:172869 [SgUp2]:175116 [SgUp3]:0 [SgUp4]:0 [SgLow1]:172523 [SgLow2]:174676 [SgLow3]:0 [SgLow4]:0 [NetMuon1]:462630 [NetMuon2]:464899 [NetMuon3]:492527 [NetMuon4]:492527
[Run]:40247 [Site]:2 [Bin]:13522 [FullTime]:3590.17 [SkipTime]:0 [Veto1]:508.494 [Veto2]:489.87 [Veto3]:309.422 [Veto4]:309.422 [SgUp1]:172238 [SgUp2]:174504 [SgUp3]:0 [SgUp4]:0 [SgLow1]:171854 [SgLow2]:174107 [SgLow3]:0 [SgLow4]:0 [NetMuon1]:462600 [NetMuon2]:465494 [NetMuon3]:492627 [NetMuon4]:492627
[Run]:40247 [Site]:2 [Bin]:13523 [FullTime]:3590.17 [SkipTime]:0 [Veto1]:534.537 [Veto2]:513.618 [Veto3]:309.2 [Veto4]:309.2 [SgUp1]:169987 [SgUp2]:173442 [SgUp3]:0 [SgUp4]:0 [SgLow1]:169653 [SgLow2]:173045 [SgLow3]:0 [SgLow4]:0 [NetMuon1]:458660 [NetMuon2]:461784 [NetMuon3]:492347 [NetMuon4]:492347
[Run]:40247 [Site]:2 [Bin]:13524 [FullTime]:3590.17 [SkipTime]:0 [Veto1]:524.977 [Veto2]:492.233 [Veto3]:309.569 [Veto4]:309.569 [SgUp1]:171035 [SgUp2]:174744 [SgUp3]:0 [SgUp4]:0 [SgLow1]:170681 [SgLow2]:174358 [SgLow3]:0 [SgLow4]:0 [NetMuon1]:460824 [NetMuon2]:465642 [NetMuon3]:492974 [NetMuon4]:492974
[Run]:40247 [Site]:2 [Bin]:13525 [FullTime]:3590.17 [SkipTime]:0 [Veto1]:501.052 [Veto2]:518.586 [Veto3]:309.45 [Veto4]:309.45 [SgUp1]:172957 [SgUp2]:172766 [SgUp3]:0 [SgUp4]:0 [SgLow1]:172596 [SgLow2]:172358 [SgLow3]:0 [SgLow4]:0 [NetMuon1]:464396 [NetMuon2]:461522 [NetMuon3]:493068 [NetMuon4]:493068
[Run]:40247 [Site]:2 [Bin]:13526 [FullTime]:3590.17 [SkipTime]:0 [Veto1]:515.951 [Veto2]:495.374 [Veto3]:309.949 [Veto4]:309.949 [SgUp1]:172662 [SgUp2]:174025 [SgUp3]:0 [SgUp4]:0 [SgLow1]:172288 [SgLow2]:173633 [SgLow3]:0 [SgLow4]:0 [NetMuon1]:462786 [NetMuon2]:465482 [NetMuon3]:493536 [NetMuon4]:493536
End process Run: 40247 ... 
[Run]:40247 [Site]:2 [Bin]:13527 [FullTime]:3118.27 [SkipTime]:0 [Veto1]:435.118 [Veto2]:441.457 [Veto3]:268.886 [Veto4]:268.886
