StreamChain add 0x93457e0
Start to process run: 40752 ... 
[Run]:40752 [Site]:2 [Bin]:14160 [FullTime]:2987.12 [SkipTime]:0 [Veto1]:415.071 [Veto2]:442.948 [Veto3]:257.375 [Veto4]:257.375 [SgUp1]:144041 [SgUp2]:142676 [SgUp3]:0 [SgUp4]:0 [SgLow1]:143717 [SgLow2]:142311 [SgLow3]:0 [SgLow4]:0 [NetMuon1]:386035 [NetMuon2]:381995 [NetMuon3]:409823 [NetMuon4]:409823
[Run]:40752 [Site]:2 [Bin]:14161 [FullTime]:3590.17 [SkipTime]:0 [Veto1]:510.764 [Veto2]:507.234 [Veto3]:308.711 [Veto4]:308.711 [SgUp1]:171389 [SgUp2]:172985 [SgUp3]:0 [SgUp4]:0 [SgLow1]:171038 [SgLow2]:172597 [SgLow3]:0 [SgLow4]:0 [NetMuon1]:461399 [NetMuon2]:462022 [NetMuon3]:491758 [NetMuon4]:491758
[Run]:40752 [Site]:2 [Bin]:14162 [FullTime]:3590.17 [SkipTime]:0 [Veto1]:530.565 [Veto2]:499.973 [Veto3]:308.533 [Veto4]:308.533 [SgUp1]:171312 [SgUp2]:173535 [SgUp3]:0 [SgUp4]:0 [SgLow1]:170894 [SgLow2]:173165 [SgLow3]:0 [SgLow4]:0 [NetMuon1]:458090 [NetMuon2]:462593 [NetMuon3]:491518 [NetMuon4]:491518
[Run]:40752 [Site]:2 [Bin]:14163 [FullTime]:3590.17 [SkipTime]:0 [Veto1]:523.645 [Veto2]:497.73 [Veto3]:309.507 [Veto4]:309.507 [SgUp1]:171053 [SgUp2]:173096 [SgUp3]:0 [SgUp4]:0 [SgLow1]:170716 [SgLow2]:172711 [SgLow3]:0 [SgLow4]:0 [NetMuon1]:461239 [NetMuon2]:464900 [NetMuon3]:493157 [NetMuon4]:493157
[Run]:40752 [Site]:2 [Bin]:14164 [FullTime]:3590.17 [SkipTime]:0 [Veto1]:506.972 [Veto2]:531.122 [Veto3]:309.464 [Veto4]:309.464 [SgUp1]:172516 [SgUp2]:172972 [SgUp3]:0 [SgUp4]:0 [SgLow1]:172137 [SgLow2]:172570 [SgLow3]:0 [SgLow4]:0 [NetMuon1]:462854 [NetMuon2]:459270 [NetMuon3]:492707 [NetMuon4]:492707
[Run]:40752 [Site]:2 [Bin]:14165 [FullTime]:3590.17 [SkipTime]:0 [Veto1]:512.38 [Veto2]:493.228 [Veto3]:308.6 [Veto4]:308.6 [SgUp1]:172464 [SgUp2]:173621 [SgUp3]:0 [SgUp4]:0 [SgLow1]:172083 [SgLow2]:173242 [SgLow3]:0 [SgLow4]:0 [NetMuon1]:460973 [NetMuon2]:464029 [NetMuon3]:491465 [NetMuon4]:491465
[Run]:40752 [Site]:2 [Bin]:14166 [FullTime]:3590.17 [SkipTime]:0 [Veto1]:488.751 [Veto2]:481.754 [Veto3]:309.457 [Veto4]:309.457 [SgUp1]:173232 [SgUp2]:175277 [SgUp3]:0 [SgUp4]:0 [SgLow1]:172853 [SgLow2]:174899 [SgLow3]:0 [SgLow4]:0 [NetMuon1]:465783 [NetMuon2]:466795 [NetMuon3]:492807 [NetMuon4]:492807
[Run]:40752 [Site]:2 [Bin]:14167 [FullTime]:3590.17 [SkipTime]:0 [Veto1]:527.47 [Veto2]:490.007 [Veto3]:308.844 [Veto4]:308.844 [SgUp1]:171867 [SgUp2]:173984 [SgUp3]:0 [SgUp4]:0 [SgLow1]:171460 [SgLow2]:173517 [SgLow3]:0 [SgLow4]:0 [NetMuon1]:459417 [NetMuon2]:464693 [NetMuon3]:491864 [NetMuon4]:491864
[Run]:40752 [Site]:2 [Bin]:14168 [FullTime]:3590.17 [SkipTime]:0 [Veto1]:495.179 [Veto2]:504.413 [Veto3]:309.098 [Veto4]:309.098 [SgUp1]:172910 [SgUp2]:173196 [SgUp3]:0 [SgUp4]:0 [SgLow1]:172582 [SgLow2]:172807 [SgLow3]:0 [SgLow4]:0 [NetMuon1]:464670 [NetMuon2]:462892 [NetMuon3]:492427 [NetMuon4]:492427
[Run]:40752 [Site]:2 [Bin]:14169 [FullTime]:3590.18 [SkipTime]:0 [Veto1]:531.859 [Veto2]:499.214 [Veto3]:308.956 [Veto4]:308.956 [SgUp1]:171881 [SgUp2]:172991 [SgUp3]:0 [SgUp4]:0 [SgLow1]:171531 [SgLow2]:172610 [SgLow3]:0 [SgLow4]:0 [NetMuon1]:458757 [NetMuon2]:463484 [NetMuon3]:492017 [NetMuon4]:492017
[Run]:40752 [Site]:2 [Bin]:14170 [FullTime]:3590.17 [SkipTime]:0 [Veto1]:505.751 [Veto2]:512.591 [Veto3]:309.23 [Veto4]:309.23 [SgUp1]:172476 [SgUp2]:173930 [SgUp3]:0 [SgUp4]:0 [SgLow1]:172114 [SgLow2]:173538 [SgLow3]:0 [SgLow4]:0 [NetMuon1]:463133 [NetMuon2]:462211 [NetMuon3]:492567 [NetMuon4]:492567
[Run]:40752 [Site]:2 [Bin]:14171 [FullTime]:3590.17 [SkipTime]:0 [Veto1]:509.84 [Veto2]:499.585 [Veto3]:309.784 [Veto4]:309.784 [SgUp1]:172430 [SgUp2]:173560 [SgUp3]:0 [SgUp4]:0 [SgLow1]:172067 [SgLow2]:173141 [SgLow3]:0 [SgLow4]:0 [NetMuon1]:463125 [NetMuon2]:464823 [NetMuon3]:493278 [NetMuon4]:493278
[Run]:40752 [Site]:2 [Bin]:14172 [FullTime]:3590.17 [SkipTime]:0 [Veto1]:502.284 [Veto2]:504.832 [Veto3]:309.371 [Veto4]:309.371 [SgUp1]:173547 [SgUp2]:173703 [SgUp3]:0 [SgUp4]:0 [SgLow1]:173142 [SgLow2]:173280 [SgLow3]:0 [SgLow4]:0 [NetMuon1]:463695 [NetMuon2]:463216 [NetMuon3]:492798 [NetMuon4]:492798
[Run]:40752 [Site]:2 [Bin]:14173 [FullTime]:3590.17 [SkipTime]:0 [Veto1]:494.705 [Veto2]:487.447 [Veto3]:308.198 [Veto4]:308.198 [SgUp1]:173193 [SgUp2]:174228 [SgUp3]:0 [SgUp4]:0 [SgLow1]:172790 [SgLow2]:173855 [SgLow3]:0 [SgLow4]:0 [NetMuon1]:463178 [NetMuon2]:464219 [NetMuon3]:490910 [NetMuon4]:490910
[Run]:40752 [Site]:2 [Bin]:14174 [FullTime]:3590.17 [SkipTime]:0 [Veto1]:520.798 [Veto2]:510.899 [Veto3]:308.418 [Veto4]:308.418 [SgUp1]:171634 [SgUp2]:173908 [SgUp3]:0 [SgUp4]:0 [SgLow1]:171309 [SgLow2]:173540 [SgLow3]:0 [SgLow4]:0 [NetMuon1]:459390 [NetMuon2]:460830 [NetMuon3]:491430 [NetMuon4]:491430
[Run]:40752 [Site]:2 [Bin]:14175 [FullTime]:3590.17 [SkipTime]:0 [Veto1]:500.775 [Veto2]:496.184 [Veto3]:308.632 [Veto4]:308.632 [SgUp1]:173074 [SgUp2]:174260 [SgUp3]:0 [SgUp4]:0 [SgLow1]:172715 [SgLow2]:173870 [SgLow3]:0 [SgLow4]:0 [NetMuon1]:462636 [NetMuon2]:463381 [NetMuon3]:491698 [NetMuon4]:491698
[Run]:40752 [Site]:2 [Bin]:14176 [FullTime]:3590.17 [SkipTime]:0 [Veto1]:499.59 [Veto2]:495.52 [Veto3]:309.622 [Veto4]:309.622 [SgUp1]:172724 [SgUp2]:174022 [SgUp3]:0 [SgUp4]:0 [SgLow1]:172354 [SgLow2]:173628 [SgLow3]:0 [SgLow4]:0 [NetMuon1]:464861 [NetMuon2]:465386 [NetMuon3]:493170 [NetMuon4]:493170
[Run]:40752 [Site]:2 [Bin]:14177 [FullTime]:3590.17 [SkipTime]:0 [Veto1]:511.297 [Veto2]:489.634 [Veto3]:309.467 [Veto4]:309.467 [SgUp1]:172495 [SgUp2]:174998 [SgUp3]:0 [SgUp4]:0 [SgLow1]:172110 [SgLow2]:174640 [SgLow3]:0 [SgLow4]:0 [NetMuon1]:462812 [NetMuon2]:466073 [NetMuon3]:492943 [NetMuon4]:492943
[Run]:40752 [Site]:2 [Bin]:14178 [FullTime]:3590.17 [SkipTime]:0 [Veto1]:501.033 [Veto2]:535.876 [Veto3]:309.157 [Veto4]:309.157 [SgUp1]:173174 [SgUp2]:172502 [SgUp3]:0 [SgUp4]:0 [SgLow1]:172772 [SgLow2]:172062 [SgLow3]:0 [SgLow4]:0 [NetMuon1]:463615 [NetMuon2]:458142 [NetMuon3]:492466 [NetMuon4]:492466
[Run]:40752 [Site]:2 [Bin]:14179 [FullTime]:3590.17 [SkipTime]:0 [Veto1]:525.152 [Veto2]:531.543 [Veto3]:308.743 [Veto4]:308.743 [SgUp1]:171680 [SgUp2]:172499 [SgUp3]:0 [SgUp4]:0 [SgLow1]:171326 [SgLow2]:172095 [SgLow3]:0 [SgLow4]:0 [NetMuon1]:459103 [NetMuon2]:458509 [NetMuon3]:491803 [NetMuon4]:491803
[Run]:40752 [Site]:2 [Bin]:14180 [FullTime]:3590.17 [SkipTime]:0 [Veto1]:490.087 [Veto2]:493.649 [Veto3]:308.939 [Veto4]:308.939 [SgUp1]:172747 [SgUp2]:174195 [SgUp3]:0 [SgUp4]:0 [SgLow1]:172397 [SgLow2]:173799 [SgLow3]:0 [SgLow4]:0 [NetMuon1]:464764 [NetMuon2]:464111 [NetMuon3]:492091 [NetMuon4]:492091
[Run]:40752 [Site]:2 [Bin]:14181 [FullTime]:3590.17 [SkipTime]:0 [Veto1]:533.105 [Veto2]:512.933 [Veto3]:308.636 [Veto4]:308.636 [SgUp1]:171097 [SgUp2]:173530 [SgUp3]:0 [SgUp4]:0 [SgLow1]:170712 [SgLow2]:173174 [SgLow3]:0 [SgLow4]:0 [NetMuon1]:458008 [NetMuon2]:460597 [NetMuon3]:491656 [NetMuon4]:491656
[Run]:40752 [Site]:2 [Bin]:14182 [FullTime]:3590.17 [SkipTime]:0 [Veto1]:495.647 [Veto2]:506.404 [Veto3]:308.48 [Veto4]:308.48 [SgUp1]:173779 [SgUp2]:172534 [SgUp3]:0 [SgUp4]:0 [SgLow1]:173428 [SgLow2]:172147 [SgLow3]:0 [SgLow4]:0 [NetMuon1]:463234 [NetMuon2]:461506 [NetMuon3]:491208 [NetMuon4]:491208
[Run]:40752 [Site]:2 [Bin]:14183 [FullTime]:3590.17 [SkipTime]:0 [Veto1]:496.591 [Veto2]:519.506 [Veto3]:307.979 [Veto4]:307.979 [SgUp1]:173592 [SgUp2]:172925 [SgUp3]:0 [SgUp4]:0 [SgLow1]:173202 [SgLow2]:172500 [SgLow3]:0 [SgLow4]:0 [NetMuon1]:462514 [NetMuon2]:458883 [NetMuon3]:490686 [NetMuon4]:490686
[Run]:40752 [Site]:2 [Bin]:14184 [FullTime]:3590.17 [SkipTime]:0 [Veto1]:504.427 [Veto2]:491.389 [Veto3]:308.784 [Veto4]:308.784 [SgUp1]:173371 [SgUp2]:174797 [SgUp3]:0 [SgUp4]:0 [SgLow1]:173014 [SgLow2]:174379 [SgLow3]:0 [SgLow4]:0 [NetMuon1]:462768 [NetMuon2]:464444 [NetMuon3]:491887 [NetMuon4]:491887
[Run]:40752 [Site]:2 [Bin]:14185 [FullTime]:3590.17 [SkipTime]:0 [Veto1]:519.07 [Veto2]:491.474 [Veto3]:308.432 [Veto4]:308.432 [SgUp1]:171549 [SgUp2]:174355 [SgUp3]:0 [SgUp4]:0 [SgLow1]:171180 [SgLow2]:173986 [SgLow3]:0 [SgLow4]:0 [NetMuon1]:459593 [NetMuon2]:463821 [NetMuon3]:491087 [NetMuon4]:491087
[Run]:40752 [Site]:2 [Bin]:14186 [FullTime]:3590.17 [SkipTime]:0 [Veto1]:508.879 [Veto2]:517.602 [Veto3]:307.637 [Veto4]:307.637 [SgUp1]:172292 [SgUp2]:172545 [SgUp3]:0 [SgUp4]:0 [SgLow1]:171949 [SgLow2]:172128 [SgLow3]:0 [SgLow4]:0 [NetMuon1]:459863 [NetMuon2]:458710 [NetMuon3]:489958 [NetMuon4]:489958
[Run]:40752 [Site]:2 [Bin]:14187 [FullTime]:3590.17 [SkipTime]:0 [Veto1]:498.787 [Veto2]:516.327 [Veto3]:308.498 [Veto4]:308.498 [SgUp1]:173035 [SgUp2]:172972 [SgUp3]:0 [SgUp4]:0 [SgLow1]:172653 [SgLow2]:172589 [SgLow3]:0 [SgLow4]:0 [NetMuon1]:462480 [NetMuon2]:460336 [NetMuon3]:491276 [NetMuon4]:491276
[Run]:40752 [Site]:2 [Bin]:14188 [FullTime]:3590.17 [SkipTime]:0 [Veto1]:509.696 [Veto2]:502.223 [Veto3]:309.388 [Veto4]:309.388 [SgUp1]:171908 [SgUp2]:172968 [SgUp3]:0 [SgUp4]:0 [SgLow1]:171562 [SgLow2]:172570 [SgLow3]:0 [SgLow4]:0 [NetMuon1]:462765 [NetMuon2]:463992 [NetMuon3]:492817 [NetMuon4]:492817
[Run]:40752 [Site]:2 [Bin]:14189 [FullTime]:3590.17 [SkipTime]:0 [Veto1]:500.892 [Veto2]:497.251 [Veto3]:309.516 [Veto4]:309.516 [SgUp1]:172907 [SgUp2]:173455 [SgUp3]:0 [SgUp4]:0 [SgLow1]:172494 [SgLow2]:173087 [SgLow3]:0 [SgLow4]:0 [NetMuon1]:464444 [NetMuon2]:465121 [NetMuon3]:493003 [NetMuon4]:493003
[Run]:40752 [Site]:2 [Bin]:14190 [FullTime]:3590.17 [SkipTime]:0 [Veto1]:502.742 [Veto2]:499.206 [Veto3]:308.364 [Veto4]:308.364 [SgUp1]:172007 [SgUp2]:173709 [SgUp3]:0 [SgUp4]:0 [SgLow1]:171586 [SgLow2]:173310 [SgLow3]:0 [SgLow4]:0 [NetMuon1]:462381 [NetMuon2]:462745 [NetMuon3]:491294 [NetMuon4]:491294
[Run]:40752 [Site]:2 [Bin]:14191 [FullTime]:3590.17 [SkipTime]:0 [Veto1]:517.293 [Veto2]:513.249 [Veto3]:308.04 [Veto4]:308.04 [SgUp1]:171974 [SgUp2]:172374 [SgUp3]:0 [SgUp4]:0 [SgLow1]:171632 [SgLow2]:171962 [SgLow3]:0 [SgLow4]:0 [NetMuon1]:459330 [NetMuon2]:459799 [NetMuon3]:490464 [NetMuon4]:490464
[Run]:40752 [Site]:2 [Bin]:14192 [FullTime]:3590.17 [SkipTime]:0 [Veto1]:509.358 [Veto2]:505.75 [Veto3]:309.118 [Veto4]:309.118 [SgUp1]:173341 [SgUp2]:173780 [SgUp3]:0 [SgUp4]:0 [SgLow1]:172980 [SgLow2]:173310 [SgLow3]:0 [SgLow4]:0 [NetMuon1]:462477 [NetMuon2]:462907 [NetMuon3]:492510 [NetMuon4]:492510
[Run]:40752 [Site]:2 [Bin]:14193 [FullTime]:3590.17 [SkipTime]:0 [Veto1]:514.887 [Veto2]:496.619 [Veto3]:308.781 [Veto4]:308.781 [SgUp1]:172940 [SgUp2]:175072 [SgUp3]:0 [SgUp4]:0 [SgLow1]:172515 [SgLow2]:174677 [SgLow3]:0 [SgLow4]:0 [NetMuon1]:460658 [NetMuon2]:463691 [NetMuon3]:491780 [NetMuon4]:491780
[Run]:40752 [Site]:2 [Bin]:14194 [FullTime]:3590.17 [SkipTime]:0 [Veto1]:509.644 [Veto2]:510.001 [Veto3]:308.963 [Veto4]:308.963 [SgUp1]:172017 [SgUp2]:173594 [SgUp3]:0 [SgUp4]:0 [SgLow1]:171621 [SgLow2]:173205 [SgLow3]:0 [SgLow4]:0 [NetMuon1]:461802 [NetMuon2]:461485 [NetMuon3]:492009 [NetMuon4]:492009
[Run]:40752 [Site]:2 [Bin]:14195 [FullTime]:3590.17 [SkipTime]:0 [Veto1]:492.787 [Veto2]:500.49 [Veto3]:308.666 [Veto4]:308.666 [SgUp1]:173854 [SgUp2]:174789 [SgUp3]:0 [SgUp4]:0 [SgLow1]:173509 [SgLow2]:174384 [SgLow3]:0 [SgLow4]:0 [NetMuon1]:463896 [NetMuon2]:462758 [NetMuon3]:491590 [NetMuon4]:491590
[Run]:40752 [Site]:2 [Bin]:14196 [FullTime]:3590.17 [SkipTime]:0 [Veto1]:518.901 [Veto2]:487.977 [Veto3]:309.185 [Veto4]:309.185 [SgUp1]:171704 [SgUp2]:174542 [SgUp3]:0 [SgUp4]:0 [SgLow1]:171319 [SgLow2]:174159 [SgLow3]:0 [SgLow4]:0 [NetMuon1]:461264 [NetMuon2]:465360 [NetMuon3]:492473 [NetMuon4]:492473
[Run]:40752 [Site]:2 [Bin]:14197 [FullTime]:3590.17 [SkipTime]:0 [Veto1]:500.508 [Veto2]:497.446 [Veto3]:308.976 [Veto4]:308.976 [SgUp1]:173743 [SgUp2]:173586 [SgUp3]:0 [SgUp4]:0 [SgLow1]:173368 [SgLow2]:173175 [SgLow3]:0 [SgLow4]:0 [NetMuon1]:463495 [NetMuon2]:463797 [NetMuon3]:492135 [NetMuon4]:492135
[Run]:40752 [Site]:2 [Bin]:14198 [FullTime]:3590.17 [SkipTime]:0 [Veto1]:521.546 [Veto2]:506.816 [Veto3]:308.263 [Veto4]:308.263 [SgUp1]:171808 [SgUp2]:173759 [SgUp3]:0 [SgUp4]:0 [SgLow1]:171434 [SgLow2]:173348 [SgLow3]:0 [SgLow4]:0 [NetMuon1]:459409 [NetMuon2]:461310 [NetMuon3]:491149 [NetMuon4]:491149
[Run]:40752 [Site]:2 [Bin]:14199 [FullTime]:3590.17 [SkipTime]:0 [Veto1]:509.188 [Veto2]:512.288 [Veto3]:308.921 [Veto4]:308.921 [SgUp1]:172657 [SgUp2]:173588 [SgUp3]:0 [SgUp4]:0 [SgLow1]:172281 [SgLow2]:173224 [SgLow3]:0 [SgLow4]:0 [NetMuon1]:461665 [NetMuon2]:461853 [NetMuon3]:492102 [NetMuon4]:492102
End process Run: 40752 ... 
[Run]:40752 [Site]:2 [Bin]:14200 [FullTime]:1902.43 [SkipTime]:0 [Veto1]:284.579 [Veto2]:271.317 [Veto3]:163.591 [Veto4]:163.591
