StreamChain add 0x17a127e0
Start to process run: 41568 ... 
[Run]:41568 [Site]:2 [Bin]:15212 [FullTime]:2210.95 [SkipTime]:0 [Veto1]:315.702 [Veto2]:333.678 [Veto3]:190.536 [Veto4]:190.536 [SgUp1]:106692 [SgUp2]:105592 [SgUp3]:0 [SgUp4]:0 [SgLow1]:106482 [SgLow2]:105320 [SgLow3]:0 [SgLow4]:0 [NetMuon1]:284509 [NetMuon2]:281952 [NetMuon3]:303500 [NetMuon4]:303500
[Run]:41568 [Site]:2 [Bin]:15213 [FullTime]:3590.17 [SkipTime]:0 [Veto1]:492.485 [Veto2]:522.467 [Veto3]:310.256 [Veto4]:310.256 [SgUp1]:174206 [SgUp2]:173223 [SgUp3]:0 [SgUp4]:0 [SgLow1]:173852 [SgLow2]:172857 [SgLow3]:0 [SgLow4]:0 [NetMuon1]:466754 [NetMuon2]:462330 [NetMuon3]:494206 [NetMuon4]:494206
[Run]:41568 [Site]:2 [Bin]:15214 [FullTime]:3590.17 [SkipTime]:0 [Veto1]:522.563 [Veto2]:507.767 [Veto3]:309.961 [Veto4]:309.961 [SgUp1]:172313 [SgUp2]:173329 [SgUp3]:0 [SgUp4]:0 [SgLow1]:171928 [SgLow2]:172911 [SgLow3]:0 [SgLow4]:0 [NetMuon1]:461594 [NetMuon2]:463689 [NetMuon3]:493579 [NetMuon4]:493579
[Run]:41568 [Site]:2 [Bin]:15215 [FullTime]:3590.17 [SkipTime]:0 [Veto1]:516.75 [Veto2]:484.872 [Veto3]:309.701 [Veto4]:309.701 [SgUp1]:172709 [SgUp2]:174212 [SgUp3]:0 [SgUp4]:0 [SgLow1]:172364 [SgLow2]:173803 [SgLow3]:0 [SgLow4]:0 [NetMuon1]:461643 [NetMuon2]:466731 [NetMuon3]:493229 [NetMuon4]:493229
[Run]:41568 [Site]:2 [Bin]:15216 [FullTime]:3590.17 [SkipTime]:0 [Veto1]:500.292 [Veto2]:512.972 [Veto3]:309.247 [Veto4]:309.247 [SgUp1]:174151 [SgUp2]:172554 [SgUp3]:0 [SgUp4]:0 [SgLow1]:173789 [SgLow2]:172182 [SgLow3]:0 [SgLow4]:0 [NetMuon1]:463294 [NetMuon2]:461789 [NetMuon3]:492356 [NetMuon4]:492356
[Run]:41568 [Site]:2 [Bin]:15217 [FullTime]:3590.17 [SkipTime]:0 [Veto1]:518.588 [Veto2]:516.689 [Veto3]:310.39 [Veto4]:310.39 [SgUp1]:172019 [SgUp2]:173055 [SgUp3]:0 [SgUp4]:0 [SgLow1]:171659 [SgLow2]:172676 [SgLow3]:0 [SgLow4]:0 [NetMuon1]:462936 [NetMuon2]:463113 [NetMuon3]:494390 [NetMuon4]:494390
[Run]:41568 [Site]:2 [Bin]:15218 [FullTime]:3590.17 [SkipTime]:0 [Veto1]:508.65 [Veto2]:528.826 [Veto3]:309.817 [Veto4]:309.817 [SgUp1]:173684 [SgUp2]:171607 [SgUp3]:0 [SgUp4]:0 [SgLow1]:173293 [SgLow2]:171207 [SgLow3]:0 [SgLow4]:0 [NetMuon1]:463718 [NetMuon2]:460531 [NetMuon3]:493353 [NetMuon4]:493353
[Run]:41568 [Site]:2 [Bin]:15219 [FullTime]:3590.17 [SkipTime]:0 [Veto1]:491.41 [Veto2]:513.013 [Veto3]:309.559 [Veto4]:309.559 [SgUp1]:174738 [SgUp2]:173308 [SgUp3]:0 [SgUp4]:0 [SgLow1]:174369 [SgLow2]:172879 [SgLow3]:0 [SgLow4]:0 [NetMuon1]:465810 [NetMuon2]:462447 [NetMuon3]:492958 [NetMuon4]:492958
[Run]:41568 [Site]:2 [Bin]:15220 [FullTime]:3590.17 [SkipTime]:0 [Veto1]:525.316 [Veto2]:526.579 [Veto3]:309.972 [Veto4]:309.972 [SgUp1]:172470 [SgUp2]:172455 [SgUp3]:0 [SgUp4]:0 [SgLow1]:172147 [SgLow2]:172061 [SgLow3]:0 [SgLow4]:0 [NetMuon1]:461139 [NetMuon2]:460914 [NetMuon3]:493613 [NetMuon4]:493613
[Run]:41568 [Site]:2 [Bin]:15221 [FullTime]:3590.17 [SkipTime]:0 [Veto1]:498.905 [Veto2]:522.701 [Veto3]:310.119 [Veto4]:310.119 [SgUp1]:174191 [SgUp2]:172704 [SgUp3]:0 [SgUp4]:0 [SgLow1]:173845 [SgLow2]:172358 [SgLow3]:0 [SgLow4]:0 [NetMuon1]:465459 [NetMuon2]:461448 [NetMuon3]:493639 [NetMuon4]:493639
[Run]:41568 [Site]:2 [Bin]:15222 [FullTime]:3590.17 [SkipTime]:0 [Veto1]:513.701 [Veto2]:507.987 [Veto3]:310.517 [Veto4]:310.517 [SgUp1]:172867 [SgUp2]:173670 [SgUp3]:0 [SgUp4]:0 [SgLow1]:172477 [SgLow2]:173303 [SgLow3]:0 [SgLow4]:0 [NetMuon1]:463871 [NetMuon2]:464605 [NetMuon3]:494321 [NetMuon4]:494321
[Run]:41568 [Site]:2 [Bin]:15223 [FullTime]:3590.17 [SkipTime]:0 [Veto1]:508.089 [Veto2]:504.477 [Veto3]:309.445 [Veto4]:309.445 [SgUp1]:173320 [SgUp2]:173862 [SgUp3]:0 [SgUp4]:0 [SgLow1]:172939 [SgLow2]:173477 [SgLow3]:0 [SgLow4]:0 [NetMuon1]:462826 [NetMuon2]:463712 [NetMuon3]:492916 [NetMuon4]:492916
[Run]:41568 [Site]:2 [Bin]:15224 [FullTime]:3590.17 [SkipTime]:0 [Veto1]:499.238 [Veto2]:514.661 [Veto3]:309.457 [Veto4]:309.457 [SgUp1]:173252 [SgUp2]:173417 [SgUp3]:0 [SgUp4]:0 [SgLow1]:172863 [SgLow2]:173030 [SgLow3]:0 [SgLow4]:0 [NetMuon1]:464216 [NetMuon2]:461990 [NetMuon3]:492769 [NetMuon4]:492769
[Run]:41568 [Site]:2 [Bin]:15225 [FullTime]:3590.17 [SkipTime]:0 [Veto1]:508.895 [Veto2]:491.27 [Veto3]:309.747 [Veto4]:309.747 [SgUp1]:172598 [SgUp2]:174503 [SgUp3]:0 [SgUp4]:0 [SgLow1]:172271 [SgLow2]:174102 [SgLow3]:0 [SgLow4]:0 [NetMuon1]:463349 [NetMuon2]:466262 [NetMuon3]:493325 [NetMuon4]:493325
[Run]:41568 [Site]:2 [Bin]:15226 [FullTime]:3590.17 [SkipTime]:0 [Veto1]:517.076 [Veto2]:501.742 [Veto3]:310.121 [Veto4]:310.121 [SgUp1]:173271 [SgUp2]:173427 [SgUp3]:0 [SgUp4]:0 [SgLow1]:172929 [SgLow2]:173060 [SgLow3]:0 [SgLow4]:0 [NetMuon1]:462419 [NetMuon2]:464895 [NetMuon3]:493784 [NetMuon4]:493784
[Run]:41568 [Site]:2 [Bin]:15227 [FullTime]:3590.17 [SkipTime]:0 [Veto1]:514.761 [Veto2]:494.571 [Veto3]:309.676 [Veto4]:309.676 [SgUp1]:172287 [SgUp2]:174442 [SgUp3]:0 [SgUp4]:0 [SgLow1]:171930 [SgLow2]:174071 [SgLow3]:0 [SgLow4]:0 [NetMuon1]:462384 [NetMuon2]:465479 [NetMuon3]:493218 [NetMuon4]:493218
[Run]:41568 [Site]:2 [Bin]:15228 [FullTime]:3590.17 [SkipTime]:0 [Veto1]:502.887 [Veto2]:527.454 [Veto3]:309.535 [Veto4]:309.535 [SgUp1]:174116 [SgUp2]:172423 [SgUp3]:0 [SgUp4]:0 [SgLow1]:173742 [SgLow2]:172080 [SgLow3]:0 [SgLow4]:0 [NetMuon1]:463903 [NetMuon2]:460081 [NetMuon3]:492934 [NetMuon4]:492934
[Run]:41568 [Site]:2 [Bin]:15229 [FullTime]:3590.17 [SkipTime]:0 [Veto1]:502.089 [Veto2]:510.143 [Veto3]:309.477 [Veto4]:309.477 [SgUp1]:173902 [SgUp2]:174171 [SgUp3]:0 [SgUp4]:0 [SgLow1]:173517 [SgLow2]:173720 [SgLow3]:0 [SgLow4]:0 [NetMuon1]:463716 [NetMuon2]:462408 [NetMuon3]:492670 [NetMuon4]:492670
[Run]:41568 [Site]:2 [Bin]:15230 [FullTime]:3590.17 [SkipTime]:0 [Veto1]:518.19 [Veto2]:517.93 [Veto3]:310.334 [Veto4]:310.334 [SgUp1]:173231 [SgUp2]:172973 [SgUp3]:0 [SgUp4]:0 [SgLow1]:172890 [SgLow2]:172549 [SgLow3]:0 [SgLow4]:0 [NetMuon1]:462677 [NetMuon2]:463083 [NetMuon3]:494018 [NetMuon4]:494018
[Run]:41568 [Site]:2 [Bin]:15231 [FullTime]:3590.17 [SkipTime]:0 [Veto1]:500.597 [Veto2]:505.228 [Veto3]:309.718 [Veto4]:309.718 [SgUp1]:173207 [SgUp2]:173047 [SgUp3]:0 [SgUp4]:0 [SgLow1]:172776 [SgLow2]:172648 [SgLow3]:0 [SgLow4]:0 [NetMuon1]:464506 [NetMuon2]:463632 [NetMuon3]:493135 [NetMuon4]:493135
[Run]:41568 [Site]:2 [Bin]:15232 [FullTime]:3590.17 [SkipTime]:0 [Veto1]:531.521 [Veto2]:498.035 [Veto3]:310.111 [Veto4]:310.111 [SgUp1]:171563 [SgUp2]:174233 [SgUp3]:0 [SgUp4]:0 [SgLow1]:171179 [SgLow2]:173791 [SgLow3]:0 [SgLow4]:0 [NetMuon1]:460613 [NetMuon2]:465535 [NetMuon3]:494065 [NetMuon4]:494065
[Run]:41568 [Site]:2 [Bin]:15233 [FullTime]:3590.17 [SkipTime]:0 [Veto1]:518.864 [Veto2]:508.256 [Veto3]:309.885 [Veto4]:309.885 [SgUp1]:172040 [SgUp2]:174601 [SgUp3]:0 [SgUp4]:0 [SgLow1]:171643 [SgLow2]:174219 [SgLow3]:0 [SgLow4]:0 [NetMuon1]:462035 [NetMuon2]:463711 [NetMuon3]:493467 [NetMuon4]:493467
[Run]:41568 [Site]:2 [Bin]:15234 [FullTime]:3590.17 [SkipTime]:0 [Veto1]:521.649 [Veto2]:518.797 [Veto3]:310 [Veto4]:310 [SgUp1]:172495 [SgUp2]:172916 [SgUp3]:0 [SgUp4]:0 [SgLow1]:172133 [SgLow2]:172577 [SgLow3]:0 [SgLow4]:0 [NetMuon1]:461672 [NetMuon2]:462320 [NetMuon3]:493498 [NetMuon4]:493498
[Run]:41568 [Site]:2 [Bin]:15235 [FullTime]:3590.17 [SkipTime]:0 [Veto1]:514.721 [Veto2]:505.341 [Veto3]:309.639 [Veto4]:309.639 [SgUp1]:172764 [SgUp2]:173978 [SgUp3]:0 [SgUp4]:0 [SgLow1]:172434 [SgLow2]:173579 [SgLow3]:0 [SgLow4]:0 [NetMuon1]:462183 [NetMuon2]:463286 [NetMuon3]:493087 [NetMuon4]:493087
[Run]:41568 [Site]:2 [Bin]:15236 [FullTime]:3590.17 [SkipTime]:0 [Veto1]:510.376 [Veto2]:500.216 [Veto3]:309.454 [Veto4]:309.454 [SgUp1]:172677 [SgUp2]:173859 [SgUp3]:0 [SgUp4]:0 [SgLow1]:172302 [SgLow2]:173408 [SgLow3]:0 [SgLow4]:0 [NetMuon1]:462469 [NetMuon2]:464363 [NetMuon3]:492815 [NetMuon4]:492815
[Run]:41568 [Site]:2 [Bin]:15237 [FullTime]:3590.17 [SkipTime]:0 [Veto1]:519.073 [Veto2]:497.716 [Veto3]:309.684 [Veto4]:309.684 [SgUp1]:172266 [SgUp2]:174597 [SgUp3]:0 [SgUp4]:0 [SgLow1]:171914 [SgLow2]:174189 [SgLow3]:0 [SgLow4]:0 [NetMuon1]:461430 [NetMuon2]:465107 [NetMuon3]:493152 [NetMuon4]:493152
[Run]:41568 [Site]:2 [Bin]:15238 [FullTime]:3590.17 [SkipTime]:0 [Veto1]:510.789 [Veto2]:532.508 [Veto3]:308.915 [Veto4]:308.915 [SgUp1]:172587 [SgUp2]:172623 [SgUp3]:0 [SgUp4]:0 [SgLow1]:172253 [SgLow2]:172228 [SgLow3]:0 [SgLow4]:0 [NetMuon1]:461735 [NetMuon2]:458625 [NetMuon3]:491940 [NetMuon4]:491940
[Run]:41568 [Site]:2 [Bin]:15239 [FullTime]:3590.17 [SkipTime]:0 [Veto1]:528.866 [Veto2]:509.672 [Veto3]:309.713 [Veto4]:309.713 [SgUp1]:172173 [SgUp2]:173579 [SgUp3]:0 [SgUp4]:0 [SgLow1]:171813 [SgLow2]:173176 [SgLow3]:0 [SgLow4]:0 [NetMuon1]:459978 [NetMuon2]:463449 [NetMuon3]:493223 [NetMuon4]:493223
[Run]:41568 [Site]:2 [Bin]:15240 [FullTime]:3590.17 [SkipTime]:0 [Veto1]:520.691 [Veto2]:495.696 [Veto3]:309.131 [Veto4]:309.131 [SgUp1]:171742 [SgUp2]:174233 [SgUp3]:0 [SgUp4]:0 [SgLow1]:171421 [SgLow2]:173802 [SgLow3]:0 [SgLow4]:0 [NetMuon1]:460614 [NetMuon2]:464669 [NetMuon3]:492291 [NetMuon4]:492291
[Run]:41568 [Site]:2 [Bin]:15241 [FullTime]:3590.17 [SkipTime]:0 [Veto1]:526.395 [Veto2]:504.894 [Veto3]:309.79 [Veto4]:309.79 [SgUp1]:172505 [SgUp2]:174422 [SgUp3]:0 [SgUp4]:0 [SgLow1]:172166 [SgLow2]:174043 [SgLow3]:0 [SgLow4]:0 [NetMuon1]:460837 [NetMuon2]:463982 [NetMuon3]:493354 [NetMuon4]:493354
[Run]:41568 [Site]:2 [Bin]:15242 [FullTime]:3590.17 [SkipTime]:0 [Veto1]:509.581 [Veto2]:485.098 [Veto3]:309.655 [Veto4]:309.655 [SgUp1]:173654 [SgUp2]:174355 [SgUp3]:0 [SgUp4]:0 [SgLow1]:173310 [SgLow2]:173989 [SgLow3]:0 [SgLow4]:0 [NetMuon1]:463205 [NetMuon2]:466642 [NetMuon3]:492998 [NetMuon4]:492998
[Run]:41568 [Site]:2 [Bin]:15243 [FullTime]:3590.17 [SkipTime]:0 [Veto1]:488.712 [Veto2]:509.694 [Veto3]:309.549 [Veto4]:309.549 [SgUp1]:173793 [SgUp2]:173147 [SgUp3]:0 [SgUp4]:0 [SgLow1]:173403 [SgLow2]:172754 [SgLow3]:0 [SgLow4]:0 [NetMuon1]:466043 [NetMuon2]:462609 [NetMuon3]:492847 [NetMuon4]:492847
[Run]:41568 [Site]:2 [Bin]:15244 [FullTime]:3590.17 [SkipTime]:0 [Veto1]:513.882 [Veto2]:517.861 [Veto3]:309.881 [Veto4]:309.881 [SgUp1]:173062 [SgUp2]:172934 [SgUp3]:0 [SgUp4]:0 [SgLow1]:172712 [SgLow2]:172495 [SgLow3]:0 [SgLow4]:0 [NetMuon1]:462986 [NetMuon2]:462183 [NetMuon3]:493351 [NetMuon4]:493351
[Run]:41568 [Site]:2 [Bin]:15245 [FullTime]:3590.17 [SkipTime]:0 [Veto1]:532.817 [Veto2]:505.798 [Veto3]:309.084 [Veto4]:309.084 [SgUp1]:172047 [SgUp2]:174071 [SgUp3]:0 [SgUp4]:0 [SgLow1]:171674 [SgLow2]:173709 [SgLow3]:0 [SgLow4]:0 [NetMuon1]:458555 [NetMuon2]:462697 [NetMuon3]:492171 [NetMuon4]:492171
[Run]:41568 [Site]:2 [Bin]:15246 [FullTime]:3590.17 [SkipTime]:0 [Veto1]:491.197 [Veto2]:526.061 [Veto3]:309.056 [Veto4]:309.056 [SgUp1]:173933 [SgUp2]:172461 [SgUp3]:0 [SgUp4]:0 [SgLow1]:173597 [SgLow2]:172076 [SgLow3]:0 [SgLow4]:0 [NetMuon1]:464886 [NetMuon2]:459597 [NetMuon3]:492423 [NetMuon4]:492423
[Run]:41568 [Site]:2 [Bin]:15247 [FullTime]:3590.16 [SkipTime]:0 [Veto1]:490.311 [Veto2]:514.102 [Veto3]:310.116 [Veto4]:310.116 [SgUp1]:174410 [SgUp2]:173500 [SgUp3]:0 [SgUp4]:0 [SgLow1]:174044 [SgLow2]:173095 [SgLow3]:0 [SgLow4]:0 [NetMuon1]:466853 [NetMuon2]:463076 [NetMuon3]:493879 [NetMuon4]:493879
[Run]:41568 [Site]:2 [Bin]:15248 [FullTime]:3590.17 [SkipTime]:0 [Veto1]:499.115 [Veto2]:509.202 [Veto3]:308.997 [Veto4]:308.997 [SgUp1]:172861 [SgUp2]:173296 [SgUp3]:0 [SgUp4]:0 [SgLow1]:172552 [SgLow2]:172884 [SgLow3]:0 [SgLow4]:0 [NetMuon1]:463685 [NetMuon2]:462128 [NetMuon3]:492007 [NetMuon4]:492007
[Run]:41568 [Site]:2 [Bin]:15249 [FullTime]:3590.17 [SkipTime]:0 [Veto1]:498.557 [Veto2]:501.191 [Veto3]:310.136 [Veto4]:310.136 [SgUp1]:174070 [SgUp2]:174262 [SgUp3]:0 [SgUp4]:0 [SgLow1]:173682 [SgLow2]:173882 [SgLow3]:0 [SgLow4]:0 [NetMuon1]:465220 [NetMuon2]:465267 [NetMuon3]:493892 [NetMuon4]:493892
[Run]:41568 [Site]:2 [Bin]:15250 [FullTime]:3590.17 [SkipTime]:0 [Veto1]:489.885 [Veto2]:496.98 [Veto3]:309.753 [Veto4]:309.753 [SgUp1]:173830 [SgUp2]:173736 [SgUp3]:0 [SgUp4]:0 [SgLow1]:173408 [SgLow2]:173389 [SgLow3]:0 [SgLow4]:0 [NetMuon1]:466035 [NetMuon2]:465204 [NetMuon3]:493132 [NetMuon4]:493132
[Run]:41568 [Site]:2 [Bin]:15251 [FullTime]:3590.17 [SkipTime]:0 [Veto1]:524.858 [Veto2]:492.749 [Veto3]:309.887 [Veto4]:309.887 [SgUp1]:172287 [SgUp2]:174442 [SgUp3]:0 [SgUp4]:0 [SgLow1]:171931 [SgLow2]:174057 [SgLow3]:0 [SgLow4]:0 [NetMuon1]:461301 [NetMuon2]:465994 [NetMuon3]:493368 [NetMuon4]:493368
[Run]:41568 [Site]:2 [Bin]:15252 [FullTime]:3590.17 [SkipTime]:0 [Veto1]:509.74 [Veto2]:501.453 [Veto3]:308.979 [Veto4]:308.979 [SgUp1]:172703 [SgUp2]:173978 [SgUp3]:0 [SgUp4]:0 [SgLow1]:172321 [SgLow2]:173638 [SgLow3]:0 [SgLow4]:0 [NetMuon1]:461840 [NetMuon2]:463180 [NetMuon3]:492157 [NetMuon4]:492157
[Run]:41568 [Site]:2 [Bin]:15253 [FullTime]:3590.17 [SkipTime]:0 [Veto1]:516.302 [Veto2]:508.77 [Veto3]:309.806 [Veto4]:309.806 [SgUp1]:172842 [SgUp2]:173421 [SgUp3]:0 [SgUp4]:0 [SgLow1]:172526 [SgLow2]:173017 [SgLow3]:0 [SgLow4]:0 [NetMuon1]:462418 [NetMuon2]:463601 [NetMuon3]:493580 [NetMuon4]:493580
[Run]:41568 [Site]:2 [Bin]:15254 [FullTime]:3590.17 [SkipTime]:0 [Veto1]:493.072 [Veto2]:504.297 [Veto3]:309.398 [Veto4]:309.398 [SgUp1]:174439 [SgUp2]:173465 [SgUp3]:0 [SgUp4]:0 [SgLow1]:174070 [SgLow2]:173037 [SgLow3]:0 [SgLow4]:0 [NetMuon1]:465093 [NetMuon2]:463551 [NetMuon3]:492534 [NetMuon4]:492534
[Run]:41568 [Site]:2 [Bin]:15255 [FullTime]:3590.17 [SkipTime]:0 [Veto1]:496.373 [Veto2]:499.218 [Veto3]:308.836 [Veto4]:308.836 [SgUp1]:173508 [SgUp2]:173832 [SgUp3]:0 [SgUp4]:0 [SgLow1]:173194 [SgLow2]:173480 [SgLow3]:0 [SgLow4]:0 [NetMuon1]:463722 [NetMuon2]:463022 [NetMuon3]:491678 [NetMuon4]:491678
[Run]:41568 [Site]:2 [Bin]:15256 [FullTime]:3590.17 [SkipTime]:0 [Veto1]:505.993 [Veto2]:488.744 [Veto3]:309.859 [Veto4]:309.859 [SgUp1]:172953 [SgUp2]:174524 [SgUp3]:0 [SgUp4]:0 [SgLow1]:172590 [SgLow2]:174090 [SgLow3]:0 [SgLow4]:0 [NetMuon1]:463964 [NetMuon2]:466309 [NetMuon3]:493395 [NetMuon4]:493395
[Run]:41568 [Site]:2 [Bin]:15257 [FullTime]:3590.17 [SkipTime]:0 [Veto1]:531.764 [Veto2]:542.286 [Veto3]:309.839 [Veto4]:309.839 [SgUp1]:170854 [SgUp2]:171466 [SgUp3]:0 [SgUp4]:0 [SgLow1]:170523 [SgLow2]:171122 [SgLow3]:0 [SgLow4]:0 [NetMuon1]:459984 [NetMuon2]:458342 [NetMuon3]:493302 [NetMuon4]:493302
[Run]:41568 [Site]:2 [Bin]:15258 [FullTime]:3590.17 [SkipTime]:0 [Veto1]:523.276 [Veto2]:496.507 [Veto3]:309.76 [Veto4]:309.76 [SgUp1]:171862 [SgUp2]:174973 [SgUp3]:0 [SgUp4]:0 [SgLow1]:171489 [SgLow2]:174595 [SgLow3]:0 [SgLow4]:0 [NetMuon1]:460993 [NetMuon2]:465065 [NetMuon3]:493304 [NetMuon4]:493304
[Run]:41568 [Site]:2 [Bin]:15259 [FullTime]:3590.17 [SkipTime]:0 [Veto1]:501.127 [Veto2]:503.814 [Veto3]:309.131 [Veto4]:309.131 [SgUp1]:172618 [SgUp2]:173580 [SgUp3]:0 [SgUp4]:0 [SgLow1]:172327 [SgLow2]:173212 [SgLow3]:0 [SgLow4]:0 [NetMuon1]:463696 [NetMuon2]:463306 [NetMuon3]:492500 [NetMuon4]:492500
End process Run: 41568 ... 
[Run]:41568 [Site]:2 [Bin]:15260 [FullTime]:1182.24 [SkipTime]:0 [Veto1]:168.948 [Veto2]:158.166 [Veto3]:102.159 [Veto4]:102.159
