StreamChain add 0x12a657e0
Start to process run: 41091 ... 
[Run]:41091 [Site]:2 [Bin]:14538 [FullTime]:3341.87 [SkipTime]:0 [Veto1]:454.081 [Veto2]:467.317 [Veto3]:288.572 [Veto4]:288.572 [SgUp1]:162622 [SgUp2]:161236 [SgUp3]:0 [SgUp4]:0 [SgLow1]:162297 [SgLow2]:160895 [SgLow3]:0 [SgLow4]:0 [NetMuon1]:434665 [NetMuon2]:432763 [NetMuon3]:459529 [NetMuon4]:459529
[Run]:41091 [Site]:2 [Bin]:14539 [FullTime]:3590.17 [SkipTime]:0 [Veto1]:517.886 [Veto2]:486.781 [Veto3]:309.507 [Veto4]:309.507 [SgUp1]:172250 [SgUp2]:173910 [SgUp3]:0 [SgUp4]:0 [SgLow1]:171836 [SgLow2]:173485 [SgLow3]:0 [SgLow4]:0 [NetMuon1]:461410 [NetMuon2]:466150 [NetMuon3]:492770 [NetMuon4]:492770
[Run]:41091 [Site]:2 [Bin]:14540 [FullTime]:3590.17 [SkipTime]:0 [Veto1]:509.736 [Veto2]:497.98 [Veto3]:309.996 [Veto4]:309.996 [SgUp1]:172610 [SgUp2]:174094 [SgUp3]:0 [SgUp4]:0 [SgLow1]:172296 [SgLow2]:173678 [SgLow3]:0 [SgLow4]:0 [NetMuon1]:463793 [NetMuon2]:465192 [NetMuon3]:493584 [NetMuon4]:493584
[Run]:41091 [Site]:2 [Bin]:14541 [FullTime]:3590.17 [SkipTime]:0 [Veto1]:491.791 [Veto2]:494.719 [Veto3]:309.532 [Veto4]:309.532 [SgUp1]:173520 [SgUp2]:173918 [SgUp3]:0 [SgUp4]:0 [SgLow1]:173152 [SgLow2]:173509 [SgLow3]:0 [SgLow4]:0 [NetMuon1]:465279 [NetMuon2]:464611 [NetMuon3]:492654 [NetMuon4]:492654
[Run]:41091 [Site]:2 [Bin]:14542 [FullTime]:3590.17 [SkipTime]:0 [Veto1]:496.584 [Veto2]:506.977 [Veto3]:309.972 [Veto4]:309.972 [SgUp1]:173223 [SgUp2]:173301 [SgUp3]:0 [SgUp4]:0 [SgLow1]:172852 [SgLow2]:172938 [SgLow3]:0 [SgLow4]:0 [NetMuon1]:465434 [NetMuon2]:463892 [NetMuon3]:493577 [NetMuon4]:493577
[Run]:41091 [Site]:2 [Bin]:14543 [FullTime]:3590.17 [SkipTime]:0 [Veto1]:489.055 [Veto2]:497.808 [Veto3]:309.899 [Veto4]:309.899 [SgUp1]:173927 [SgUp2]:174410 [SgUp3]:0 [SgUp4]:0 [SgLow1]:173598 [SgLow2]:174000 [SgLow3]:0 [SgLow4]:0 [NetMuon1]:466855 [NetMuon2]:465160 [NetMuon3]:493562 [NetMuon4]:493562
[Run]:41091 [Site]:2 [Bin]:14544 [FullTime]:3590.17 [SkipTime]:0 [Veto1]:513.549 [Veto2]:509.43 [Veto3]:309.828 [Veto4]:309.828 [SgUp1]:172506 [SgUp2]:173064 [SgUp3]:0 [SgUp4]:0 [SgLow1]:172170 [SgLow2]:172681 [SgLow3]:0 [SgLow4]:0 [NetMuon1]:462860 [NetMuon2]:463322 [NetMuon3]:493537 [NetMuon4]:493537
[Run]:41091 [Site]:2 [Bin]:14545 [FullTime]:3590.17 [SkipTime]:0 [Veto1]:509.676 [Veto2]:507.77 [Veto3]:309.972 [Veto4]:309.972 [SgUp1]:172961 [SgUp2]:172719 [SgUp3]:0 [SgUp4]:0 [SgLow1]:172627 [SgLow2]:172308 [SgLow3]:0 [SgLow4]:0 [NetMuon1]:463613 [NetMuon2]:463744 [NetMuon3]:493652 [NetMuon4]:493652
[Run]:41091 [Site]:2 [Bin]:14546 [FullTime]:3590.17 [SkipTime]:0 [Veto1]:497.577 [Veto2]:517.192 [Veto3]:310.879 [Veto4]:310.879 [SgUp1]:173544 [SgUp2]:173067 [SgUp3]:0 [SgUp4]:0 [SgLow1]:173172 [SgLow2]:172652 [SgLow3]:0 [SgLow4]:0 [NetMuon1]:466660 [NetMuon2]:463459 [NetMuon3]:494910 [NetMuon4]:494910
[Run]:41091 [Site]:2 [Bin]:14547 [FullTime]:3590.17 [SkipTime]:0 [Veto1]:512.653 [Veto2]:502.544 [Veto3]:309.833 [Veto4]:309.833 [SgUp1]:173333 [SgUp2]:173366 [SgUp3]:0 [SgUp4]:0 [SgLow1]:173006 [SgLow2]:172973 [SgLow3]:0 [SgLow4]:0 [NetMuon1]:462919 [NetMuon2]:464327 [NetMuon3]:493335 [NetMuon4]:493335
[Run]:41091 [Site]:2 [Bin]:14548 [FullTime]:3590.17 [SkipTime]:0 [Veto1]:508.993 [Veto2]:498.41 [Veto3]:309.535 [Veto4]:309.535 [SgUp1]:172337 [SgUp2]:174040 [SgUp3]:0 [SgUp4]:0 [SgLow1]:171958 [SgLow2]:173658 [SgLow3]:0 [SgLow4]:0 [NetMuon1]:462923 [NetMuon2]:464666 [NetMuon3]:492922 [NetMuon4]:492922
[Run]:41091 [Site]:2 [Bin]:14549 [FullTime]:3590.17 [SkipTime]:0 [Veto1]:512.964 [Veto2]:516.906 [Veto3]:310.093 [Veto4]:310.093 [SgUp1]:173042 [SgUp2]:172223 [SgUp3]:0 [SgUp4]:0 [SgLow1]:172726 [SgLow2]:171842 [SgLow3]:0 [SgLow4]:0 [NetMuon1]:463397 [NetMuon2]:462869 [NetMuon3]:493901 [NetMuon4]:493901
[Run]:41091 [Site]:2 [Bin]:14550 [FullTime]:3590.17 [SkipTime]:0 [Veto1]:532.905 [Veto2]:478.056 [Veto3]:310.021 [Veto4]:310.021 [SgUp1]:172101 [SgUp2]:175473 [SgUp3]:0 [SgUp4]:0 [SgLow1]:171757 [SgLow2]:175114 [SgLow3]:0 [SgLow4]:0 [NetMuon1]:459985 [NetMuon2]:468159 [NetMuon3]:493580 [NetMuon4]:493580
[Run]:41091 [Site]:2 [Bin]:14551 [FullTime]:3590.17 [SkipTime]:0 [Veto1]:522.998 [Veto2]:514.105 [Veto3]:310.231 [Veto4]:310.231 [SgUp1]:172521 [SgUp2]:172657 [SgUp3]:0 [SgUp4]:0 [SgLow1]:172202 [SgLow2]:172237 [SgLow3]:0 [SgLow4]:0 [NetMuon1]:461875 [NetMuon2]:463662 [NetMuon3]:494027 [NetMuon4]:494027
[Run]:41091 [Site]:2 [Bin]:14552 [FullTime]:3590.17 [SkipTime]:0 [Veto1]:512.352 [Veto2]:491.297 [Veto3]:310.034 [Veto4]:310.034 [SgUp1]:173095 [SgUp2]:174344 [SgUp3]:0 [SgUp4]:0 [SgLow1]:172731 [SgLow2]:173914 [SgLow3]:0 [SgLow4]:0 [NetMuon1]:463410 [NetMuon2]:466407 [NetMuon3]:493719 [NetMuon4]:493719
[Run]:41091 [Site]:2 [Bin]:14553 [FullTime]:3590.17 [SkipTime]:0 [Veto1]:506.224 [Veto2]:488.059 [Veto3]:310.02 [Veto4]:310.02 [SgUp1]:172947 [SgUp2]:174774 [SgUp3]:0 [SgUp4]:0 [SgLow1]:172557 [SgLow2]:174370 [SgLow3]:0 [SgLow4]:0 [NetMuon1]:464045 [NetMuon2]:466792 [NetMuon3]:493560 [NetMuon4]:493560
[Run]:41091 [Site]:2 [Bin]:14554 [FullTime]:3590.17 [SkipTime]:0 [Veto1]:523.04 [Veto2]:510.931 [Veto3]:310.293 [Veto4]:310.293 [SgUp1]:171671 [SgUp2]:173367 [SgUp3]:0 [SgUp4]:0 [SgLow1]:171356 [SgLow2]:172949 [SgLow3]:0 [SgLow4]:0 [NetMuon1]:462439 [NetMuon2]:463726 [NetMuon3]:493955 [NetMuon4]:493955
[Run]:41091 [Site]:2 [Bin]:14555 [FullTime]:3590.17 [SkipTime]:0 [Veto1]:504.439 [Veto2]:511.429 [Veto3]:310.338 [Veto4]:310.338 [SgUp1]:173680 [SgUp2]:173100 [SgUp3]:0 [SgUp4]:0 [SgLow1]:173306 [SgLow2]:172720 [SgLow3]:0 [SgLow4]:0 [NetMuon1]:464861 [NetMuon2]:463546 [NetMuon3]:494165 [NetMuon4]:494165
[Run]:41091 [Site]:2 [Bin]:14556 [FullTime]:3590.17 [SkipTime]:0 [Veto1]:502.315 [Veto2]:515.119 [Veto3]:309.448 [Veto4]:309.448 [SgUp1]:172841 [SgUp2]:172558 [SgUp3]:0 [SgUp4]:0 [SgLow1]:172466 [SgLow2]:172144 [SgLow3]:0 [SgLow4]:0 [NetMuon1]:463510 [NetMuon2]:461932 [NetMuon3]:492733 [NetMuon4]:492733
[Run]:41091 [Site]:2 [Bin]:14557 [FullTime]:3590.17 [SkipTime]:0 [Veto1]:518.259 [Veto2]:507.763 [Veto3]:310.482 [Veto4]:310.482 [SgUp1]:172945 [SgUp2]:172885 [SgUp3]:0 [SgUp4]:0 [SgLow1]:172582 [SgLow2]:172482 [SgLow3]:0 [SgLow4]:0 [NetMuon1]:463197 [NetMuon2]:464669 [NetMuon3]:494492 [NetMuon4]:494492
[Run]:41091 [Site]:2 [Bin]:14558 [FullTime]:3590.17 [SkipTime]:0 [Veto1]:521.379 [Veto2]:500.596 [Veto3]:310.595 [Veto4]:310.595 [SgUp1]:172037 [SgUp2]:173373 [SgUp3]:0 [SgUp4]:0 [SgLow1]:171654 [SgLow2]:172995 [SgLow3]:0 [SgLow4]:0 [NetMuon1]:462746 [NetMuon2]:465576 [NetMuon3]:494383 [NetMuon4]:494383
[Run]:41091 [Site]:2 [Bin]:14559 [FullTime]:3590.17 [SkipTime]:0 [Veto1]:497.731 [Veto2]:500.808 [Veto3]:310.55 [Veto4]:310.55 [SgUp1]:173112 [SgUp2]:173974 [SgUp3]:0 [SgUp4]:0 [SgLow1]:172672 [SgLow2]:173590 [SgLow3]:0 [SgLow4]:0 [NetMuon1]:466375 [NetMuon2]:465934 [NetMuon3]:494498 [NetMuon4]:494498
[Run]:41091 [Site]:2 [Bin]:14560 [FullTime]:3590.17 [SkipTime]:0 [Veto1]:501.922 [Veto2]:509.796 [Veto3]:310.001 [Veto4]:310.001 [SgUp1]:173115 [SgUp2]:173554 [SgUp3]:0 [SgUp4]:0 [SgLow1]:172790 [SgLow2]:173196 [SgLow3]:0 [SgLow4]:0 [NetMuon1]:464859 [NetMuon2]:463358 [NetMuon3]:493488 [NetMuon4]:493488
[Run]:41091 [Site]:2 [Bin]:14561 [FullTime]:3590.17 [SkipTime]:0 [Veto1]:497.144 [Veto2]:496.838 [Veto3]:309.907 [Veto4]:309.907 [SgUp1]:173513 [SgUp2]:174070 [SgUp3]:0 [SgUp4]:0 [SgLow1]:173157 [SgLow2]:173596 [SgLow3]:0 [SgLow4]:0 [NetMuon1]:465531 [NetMuon2]:465503 [NetMuon3]:493449 [NetMuon4]:493449
[Run]:41091 [Site]:2 [Bin]:14562 [FullTime]:3590.17 [SkipTime]:0 [Veto1]:517.635 [Veto2]:488.596 [Veto3]:310.588 [Veto4]:310.588 [SgUp1]:173013 [SgUp2]:175523 [SgUp3]:0 [SgUp4]:0 [SgLow1]:172642 [SgLow2]:175161 [SgLow3]:0 [SgLow4]:0 [NetMuon1]:463296 [NetMuon2]:467572 [NetMuon3]:494531 [NetMuon4]:494531
[Run]:41091 [Site]:2 [Bin]:14563 [FullTime]:3590.17 [SkipTime]:0 [Veto1]:488.47 [Veto2]:483.925 [Veto3]:309.764 [Veto4]:309.764 [SgUp1]:174470 [SgUp2]:175029 [SgUp3]:0 [SgUp4]:0 [SgLow1]:174100 [SgLow2]:174627 [SgLow3]:0 [SgLow4]:0 [NetMuon1]:466591 [NetMuon2]:467240 [NetMuon3]:493399 [NetMuon4]:493399
[Run]:41091 [Site]:2 [Bin]:14564 [FullTime]:3590.17 [SkipTime]:0 [Veto1]:497.488 [Veto2]:503.629 [Veto3]:310.231 [Veto4]:310.231 [SgUp1]:174370 [SgUp2]:173862 [SgUp3]:0 [SgUp4]:0 [SgLow1]:173965 [SgLow2]:173491 [SgLow3]:0 [SgLow4]:0 [NetMuon1]:465571 [NetMuon2]:464901 [NetMuon3]:494036 [NetMuon4]:494036
[Run]:41091 [Site]:2 [Bin]:14565 [FullTime]:3590.17 [SkipTime]:0 [Veto1]:508.138 [Veto2]:491.385 [Veto3]:309.1 [Veto4]:309.1 [SgUp1]:173235 [SgUp2]:174021 [SgUp3]:0 [SgUp4]:0 [SgLow1]:172868 [SgLow2]:173641 [SgLow3]:0 [SgLow4]:0 [NetMuon1]:462451 [NetMuon2]:465023 [NetMuon3]:492219 [NetMuon4]:492219
[Run]:41091 [Site]:2 [Bin]:14566 [FullTime]:3590.17 [SkipTime]:0 [Veto1]:508.86 [Veto2]:497.967 [Veto3]:310.044 [Veto4]:310.044 [SgUp1]:173034 [SgUp2]:174281 [SgUp3]:0 [SgUp4]:0 [SgLow1]:172701 [SgLow2]:173872 [SgLow3]:0 [SgLow4]:0 [NetMuon1]:463857 [NetMuon2]:465468 [NetMuon3]:493726 [NetMuon4]:493726
[Run]:41091 [Site]:2 [Bin]:14567 [FullTime]:3590.17 [SkipTime]:0 [Veto1]:519.314 [Veto2]:511.259 [Veto3]:309.608 [Veto4]:309.608 [SgUp1]:171367 [SgUp2]:172928 [SgUp3]:0 [SgUp4]:0 [SgLow1]:170999 [SgLow2]:172566 [SgLow3]:0 [SgLow4]:0 [NetMuon1]:461347 [NetMuon2]:462747 [NetMuon3]:492937 [NetMuon4]:492937
[Run]:41091 [Site]:2 [Bin]:14568 [FullTime]:3590.17 [SkipTime]:0 [Veto1]:512.09 [Veto2]:496.593 [Veto3]:310.056 [Veto4]:310.056 [SgUp1]:172938 [SgUp2]:172911 [SgUp3]:0 [SgUp4]:0 [SgLow1]:172650 [SgLow2]:172512 [SgLow3]:0 [SgLow4]:0 [NetMuon1]:463354 [NetMuon2]:465644 [NetMuon3]:493810 [NetMuon4]:493810
[Run]:41091 [Site]:2 [Bin]:14569 [FullTime]:3590.17 [SkipTime]:0 [Veto1]:512.995 [Veto2]:503.262 [Veto3]:309.926 [Veto4]:309.926 [SgUp1]:173376 [SgUp2]:173208 [SgUp3]:0 [SgUp4]:0 [SgLow1]:172947 [SgLow2]:172825 [SgLow3]:0 [SgLow4]:0 [NetMuon1]:462949 [NetMuon2]:463849 [NetMuon3]:493336 [NetMuon4]:493336
[Run]:41091 [Site]:2 [Bin]:14570 [FullTime]:3590.17 [SkipTime]:0 [Veto1]:499.181 [Veto2]:482.301 [Veto3]:310.084 [Veto4]:310.084 [SgUp1]:172574 [SgUp2]:174739 [SgUp3]:0 [SgUp4]:0 [SgLow1]:172224 [SgLow2]:174348 [SgLow3]:0 [SgLow4]:0 [NetMuon1]:465328 [NetMuon2]:468000 [NetMuon3]:493862 [NetMuon4]:493862
[Run]:41091 [Site]:2 [Bin]:14571 [FullTime]:3590.17 [SkipTime]:0 [Veto1]:494.669 [Veto2]:513.432 [Veto3]:308.742 [Veto4]:308.742 [SgUp1]:173612 [SgUp2]:172696 [SgUp3]:0 [SgUp4]:0 [SgLow1]:173281 [SgLow2]:172327 [SgLow3]:0 [SgLow4]:0 [NetMuon1]:464311 [NetMuon2]:461115 [NetMuon3]:492029 [NetMuon4]:492029
[Run]:41091 [Site]:2 [Bin]:14572 [FullTime]:3590.17 [SkipTime]:0 [Veto1]:500.176 [Veto2]:493.879 [Veto3]:309.067 [Veto4]:309.067 [SgUp1]:172826 [SgUp2]:173842 [SgUp3]:0 [SgUp4]:0 [SgLow1]:172436 [SgLow2]:173422 [SgLow3]:0 [SgLow4]:0 [NetMuon1]:463924 [NetMuon2]:464646 [NetMuon3]:492323 [NetMuon4]:492323
[Run]:41091 [Site]:2 [Bin]:14573 [FullTime]:3590.17 [SkipTime]:0 [Veto1]:499.944 [Veto2]:511.257 [Veto3]:310.031 [Veto4]:310.031 [SgUp1]:172969 [SgUp2]:172705 [SgUp3]:0 [SgUp4]:0 [SgLow1]:172623 [SgLow2]:172291 [SgLow3]:0 [SgLow4]:0 [NetMuon1]:465338 [NetMuon2]:463080 [NetMuon3]:493649 [NetMuon4]:493649
[Run]:41091 [Site]:2 [Bin]:14574 [FullTime]:3590.17 [SkipTime]:0 [Veto1]:509.938 [Veto2]:505.847 [Veto3]:310.394 [Veto4]:310.394 [SgUp1]:172588 [SgUp2]:173572 [SgUp3]:0 [SgUp4]:0 [SgLow1]:172232 [SgLow2]:173176 [SgLow3]:0 [SgLow4]:0 [NetMuon1]:464445 [NetMuon2]:464928 [NetMuon3]:494495 [NetMuon4]:494495
[Run]:41091 [Site]:2 [Bin]:14575 [FullTime]:3590.17 [SkipTime]:0 [Veto1]:504.003 [Veto2]:527.153 [Veto3]:309.471 [Veto4]:309.471 [SgUp1]:173502 [SgUp2]:172114 [SgUp3]:0 [SgUp4]:0 [SgLow1]:173088 [SgLow2]:171697 [SgLow3]:0 [SgLow4]:0 [NetMuon1]:463410 [NetMuon2]:460272 [NetMuon3]:492873 [NetMuon4]:492873
[Run]:41091 [Site]:2 [Bin]:14576 [FullTime]:3590.17 [SkipTime]:0 [Veto1]:503.46 [Veto2]:523.587 [Veto3]:309.394 [Veto4]:309.394 [SgUp1]:173215 [SgUp2]:172462 [SgUp3]:0 [SgUp4]:0 [SgLow1]:172864 [SgLow2]:172116 [SgLow3]:0 [SgLow4]:0 [NetMuon1]:463662 [NetMuon2]:460857 [NetMuon3]:492905 [NetMuon4]:492905
[Run]:41091 [Site]:2 [Bin]:14577 [FullTime]:3590.17 [SkipTime]:0 [Veto1]:492.013 [Veto2]:497.196 [Veto3]:310.725 [Veto4]:310.725 [SgUp1]:173074 [SgUp2]:174675 [SgUp3]:0 [SgUp4]:0 [SgLow1]:172735 [SgLow2]:174302 [SgLow3]:0 [SgLow4]:0 [NetMuon1]:467006 [NetMuon2]:466459 [NetMuon3]:494531 [NetMuon4]:494531
[Run]:41091 [Site]:2 [Bin]:14578 [FullTime]:3590.17 [SkipTime]:0 [Veto1]:530.806 [Veto2]:523.412 [Veto3]:309.63 [Veto4]:309.63 [SgUp1]:171505 [SgUp2]:172182 [SgUp3]:0 [SgUp4]:0 [SgLow1]:171162 [SgLow2]:171807 [SgLow3]:0 [SgLow4]:0 [NetMuon1]:459825 [NetMuon2]:460712 [NetMuon3]:492944 [NetMuon4]:492944
[Run]:41091 [Site]:2 [Bin]:14579 [FullTime]:3590.17 [SkipTime]:0 [Veto1]:522.942 [Veto2]:514.306 [Veto3]:310.064 [Veto4]:310.064 [SgUp1]:171648 [SgUp2]:172827 [SgUp3]:0 [SgUp4]:0 [SgLow1]:171313 [SgLow2]:172398 [SgLow3]:0 [SgLow4]:0 [NetMuon1]:461773 [NetMuon2]:462845 [NetMuon3]:493787 [NetMuon4]:493787
[Run]:41091 [Site]:2 [Bin]:14580 [FullTime]:3590.17 [SkipTime]:0 [Veto1]:527.328 [Veto2]:526.783 [Veto3]:310.605 [Veto4]:310.605 [SgUp1]:170641 [SgUp2]:171906 [SgUp3]:0 [SgUp4]:0 [SgLow1]:170283 [SgLow2]:171516 [SgLow3]:0 [SgLow4]:0 [NetMuon1]:461742 [NetMuon2]:462213 [NetMuon3]:494745 [NetMuon4]:494745
[Run]:41091 [Site]:2 [Bin]:14581 [FullTime]:3590.17 [SkipTime]:0 [Veto1]:512.685 [Veto2]:526.777 [Veto3]:310.557 [Veto4]:310.557 [SgUp1]:171888 [SgUp2]:172742 [SgUp3]:0 [SgUp4]:0 [SgLow1]:171529 [SgLow2]:172356 [SgLow3]:0 [SgLow4]:0 [NetMuon1]:464159 [NetMuon2]:462157 [NetMuon3]:494603 [NetMuon4]:494603
[Run]:41091 [Site]:2 [Bin]:14582 [FullTime]:3590.17 [SkipTime]:0 [Veto1]:501.568 [Veto2]:507.005 [Veto3]:309.62 [Veto4]:309.62 [SgUp1]:173021 [SgUp2]:173085 [SgUp3]:0 [SgUp4]:0 [SgLow1]:172673 [SgLow2]:172689 [SgLow3]:0 [SgLow4]:0 [NetMuon1]:464358 [NetMuon2]:463574 [NetMuon3]:493123 [NetMuon4]:493123
[Run]:41091 [Site]:2 [Bin]:14583 [FullTime]:3590.17 [SkipTime]:0 [Veto1]:516.748 [Veto2]:510.864 [Veto3]:310.15 [Veto4]:310.15 [SgUp1]:171708 [SgUp2]:172665 [SgUp3]:0 [SgUp4]:0 [SgLow1]:171370 [SgLow2]:172239 [SgLow3]:0 [SgLow4]:0 [NetMuon1]:462902 [NetMuon2]:463754 [NetMuon3]:493855 [NetMuon4]:493855
[Run]:41091 [Site]:2 [Bin]:14584 [FullTime]:3590.17 [SkipTime]:0 [Veto1]:501.264 [Veto2]:512.843 [Veto3]:309.006 [Veto4]:309.006 [SgUp1]:172412 [SgUp2]:172837 [SgUp3]:0 [SgUp4]:0 [SgLow1]:172052 [SgLow2]:172430 [SgLow3]:0 [SgLow4]:0 [NetMuon1]:463461 [NetMuon2]:461527 [NetMuon3]:492145 [NetMuon4]:492145
End process Run: 41091 ... 
[Run]:41091 [Site]:2 [Bin]:14585 [FullTime]:2619.42 [SkipTime]:0 [Veto1]:384.531 [Veto2]:390.678 [Veto3]:225.955 [Veto4]:225.955
