StreamChain add 0x25f47e0
Start to process run: 41181 ... 
[Run]:41181 [Site]:2 [Bin]:14637 [FullTime]:2609.2 [SkipTime]:0 [Veto1]:387.632 [Veto2]:364.423 [Veto3]:225.149 [Veto4]:225.149 [SgUp1]:124452 [SgUp2]:126213 [SgUp3]:0 [SgUp4]:0 [SgLow1]:124196 [SgLow2]:125912 [SgLow3]:0 [SgLow4]:0 [NetMuon1]:334207 [NetMuon2]:337560 [NetMuon3]:358569 [NetMuon4]:358569
[Run]:41181 [Site]:2 [Bin]:14638 [FullTime]:3590.17 [SkipTime]:0 [Veto1]:500.017 [Veto2]:503.11 [Veto3]:309.484 [Veto4]:309.484 [SgUp1]:172503 [SgUp2]:173396 [SgUp3]:0 [SgUp4]:0 [SgLow1]:172089 [SgLow2]:173029 [SgLow3]:0 [SgLow4]:0 [NetMuon1]:463997 [NetMuon2]:463626 [NetMuon3]:492769 [NetMuon4]:492769
[Run]:41181 [Site]:2 [Bin]:14639 [FullTime]:3590.17 [SkipTime]:0 [Veto1]:522.636 [Veto2]:497.386 [Veto3]:310.255 [Veto4]:310.255 [SgUp1]:171355 [SgUp2]:173282 [SgUp3]:0 [SgUp4]:0 [SgLow1]:171000 [SgLow2]:172846 [SgLow3]:0 [SgLow4]:0 [NetMuon1]:462322 [NetMuon2]:465958 [NetMuon3]:494014 [NetMuon4]:494014
[Run]:41181 [Site]:2 [Bin]:14640 [FullTime]:3590.17 [SkipTime]:0 [Veto1]:504.071 [Veto2]:517.816 [Veto3]:309.93 [Veto4]:309.93 [SgUp1]:172784 [SgUp2]:172679 [SgUp3]:0 [SgUp4]:0 [SgLow1]:172444 [SgLow2]:172241 [SgLow3]:0 [SgLow4]:0 [NetMuon1]:464396 [NetMuon2]:462432 [NetMuon3]:493687 [NetMuon4]:493687
[Run]:41181 [Site]:2 [Bin]:14641 [FullTime]:3590.17 [SkipTime]:0 [Veto1]:521.709 [Veto2]:524.709 [Veto3]:310.139 [Veto4]:310.139 [SgUp1]:171827 [SgUp2]:172141 [SgUp3]:0 [SgUp4]:0 [SgLow1]:171413 [SgLow2]:171757 [SgLow3]:0 [SgLow4]:0 [NetMuon1]:462142 [NetMuon2]:461737 [NetMuon3]:493919 [NetMuon4]:493919
[Run]:41181 [Site]:2 [Bin]:14642 [FullTime]:3590.17 [SkipTime]:0 [Veto1]:509.096 [Veto2]:520.948 [Veto3]:310.089 [Veto4]:310.089 [SgUp1]:172367 [SgUp2]:171865 [SgUp3]:0 [SgUp4]:0 [SgLow1]:172015 [SgLow2]:171491 [SgLow3]:0 [SgLow4]:0 [NetMuon1]:463952 [NetMuon2]:461897 [NetMuon3]:493895 [NetMuon4]:493895
[Run]:41181 [Site]:2 [Bin]:14643 [FullTime]:3590.17 [SkipTime]:0 [Veto1]:509.684 [Veto2]:499.746 [Veto3]:309.953 [Veto4]:309.953 [SgUp1]:172495 [SgUp2]:173439 [SgUp3]:0 [SgUp4]:0 [SgLow1]:172143 [SgLow2]:173025 [SgLow3]:0 [SgLow4]:0 [NetMuon1]:463594 [NetMuon2]:465287 [NetMuon3]:493638 [NetMuon4]:493638
[Run]:41181 [Site]:2 [Bin]:14644 [FullTime]:3590.17 [SkipTime]:0 [Veto1]:498.224 [Veto2]:501.437 [Veto3]:309.456 [Veto4]:309.456 [SgUp1]:172623 [SgUp2]:173657 [SgUp3]:0 [SgUp4]:0 [SgLow1]:172273 [SgLow2]:173221 [SgLow3]:0 [SgLow4]:0 [NetMuon1]:464487 [NetMuon2]:463853 [NetMuon3]:492794 [NetMuon4]:492794
[Run]:41181 [Site]:2 [Bin]:14645 [FullTime]:3590.17 [SkipTime]:0 [Veto1]:497.844 [Veto2]:515.383 [Veto3]:310.273 [Veto4]:310.273 [SgUp1]:172881 [SgUp2]:173278 [SgUp3]:0 [SgUp4]:0 [SgLow1]:172468 [SgLow2]:172855 [SgLow3]:0 [SgLow4]:0 [NetMuon1]:465717 [NetMuon2]:463575 [NetMuon3]:494205 [NetMuon4]:494205
[Run]:41181 [Site]:2 [Bin]:14646 [FullTime]:3590.17 [SkipTime]:0 [Veto1]:512.82 [Veto2]:495.685 [Veto3]:309.594 [Veto4]:309.594 [SgUp1]:171881 [SgUp2]:173874 [SgUp3]:0 [SgUp4]:0 [SgLow1]:171511 [SgLow2]:173461 [SgLow3]:0 [SgLow4]:0 [NetMuon1]:462717 [NetMuon2]:465174 [NetMuon3]:493070 [NetMuon4]:493070
[Run]:41181 [Site]:2 [Bin]:14647 [FullTime]:3590.17 [SkipTime]:0 [Veto1]:524.546 [Veto2]:499.101 [Veto3]:310.251 [Veto4]:310.251 [SgUp1]:171149 [SgUp2]:174486 [SgUp3]:0 [SgUp4]:0 [SgLow1]:170796 [SgLow2]:174127 [SgLow3]:0 [SgLow4]:0 [NetMuon1]:461422 [NetMuon2]:465881 [NetMuon3]:493851 [NetMuon4]:493851
[Run]:41181 [Site]:2 [Bin]:14648 [FullTime]:3590.17 [SkipTime]:0 [Veto1]:522.693 [Veto2]:490.836 [Veto3]:310.039 [Veto4]:310.039 [SgUp1]:171690 [SgUp2]:174087 [SgUp3]:0 [SgUp4]:0 [SgLow1]:171301 [SgLow2]:173716 [SgLow3]:0 [SgLow4]:0 [NetMuon1]:462013 [NetMuon2]:466471 [NetMuon3]:493924 [NetMuon4]:493924
[Run]:41181 [Site]:2 [Bin]:14649 [FullTime]:3590.17 [SkipTime]:0 [Veto1]:514.706 [Veto2]:505.871 [Veto3]:310.25 [Veto4]:310.25 [SgUp1]:172971 [SgUp2]:174183 [SgUp3]:0 [SgUp4]:0 [SgLow1]:172600 [SgLow2]:173774 [SgLow3]:0 [SgLow4]:0 [NetMuon1]:463095 [NetMuon2]:464681 [NetMuon3]:493962 [NetMuon4]:493962
[Run]:41181 [Site]:2 [Bin]:14650 [FullTime]:3590.17 [SkipTime]:0 [Veto1]:515.981 [Veto2]:525.727 [Veto3]:310.655 [Veto4]:310.655 [SgUp1]:172805 [SgUp2]:171963 [SgUp3]:0 [SgUp4]:0 [SgLow1]:172428 [SgLow2]:171545 [SgLow3]:0 [SgLow4]:0 [NetMuon1]:463445 [NetMuon2]:462110 [NetMuon3]:494525 [NetMuon4]:494525
[Run]:41181 [Site]:2 [Bin]:14651 [FullTime]:3590.17 [SkipTime]:0 [Veto1]:516.246 [Veto2]:505.507 [Veto3]:310.127 [Veto4]:310.127 [SgUp1]:172389 [SgUp2]:173774 [SgUp3]:0 [SgUp4]:0 [SgLow1]:172027 [SgLow2]:173367 [SgLow3]:0 [SgLow4]:0 [NetMuon1]:462908 [NetMuon2]:465038 [NetMuon3]:494096 [NetMuon4]:494096
[Run]:41181 [Site]:2 [Bin]:14652 [FullTime]:3590.17 [SkipTime]:0 [Veto1]:525.109 [Veto2]:517.806 [Veto3]:309.559 [Veto4]:309.559 [SgUp1]:170817 [SgUp2]:172838 [SgUp3]:0 [SgUp4]:0 [SgLow1]:170487 [SgLow2]:172384 [SgLow3]:0 [SgLow4]:0 [NetMuon1]:460555 [NetMuon2]:461518 [NetMuon3]:493033 [NetMuon4]:493033
[Run]:41181 [Site]:2 [Bin]:14653 [FullTime]:3590.17 [SkipTime]:0 [Veto1]:488.62 [Veto2]:522.356 [Veto3]:309.797 [Veto4]:309.797 [SgUp1]:173892 [SgUp2]:172555 [SgUp3]:0 [SgUp4]:0 [SgLow1]:173582 [SgLow2]:172188 [SgLow3]:0 [SgLow4]:0 [NetMuon1]:466603 [NetMuon2]:461407 [NetMuon3]:493449 [NetMuon4]:493449
[Run]:41181 [Site]:2 [Bin]:14654 [FullTime]:3590.17 [SkipTime]:0 [Veto1]:505.494 [Veto2]:489.739 [Veto3]:310.518 [Veto4]:310.518 [SgUp1]:173011 [SgUp2]:173651 [SgUp3]:0 [SgUp4]:0 [SgLow1]:172632 [SgLow2]:173255 [SgLow3]:0 [SgLow4]:0 [NetMuon1]:465071 [NetMuon2]:466962 [NetMuon3]:494300 [NetMuon4]:494300
[Run]:41181 [Site]:2 [Bin]:14655 [FullTime]:3590.18 [SkipTime]:0 [Veto1]:526.216 [Veto2]:495.155 [Veto3]:309.815 [Veto4]:309.815 [SgUp1]:171242 [SgUp2]:173784 [SgUp3]:0 [SgUp4]:0 [SgLow1]:170829 [SgLow2]:173403 [SgLow3]:0 [SgLow4]:0 [NetMuon1]:460800 [NetMuon2]:465363 [NetMuon3]:493217 [NetMuon4]:493217
[Run]:41181 [Site]:2 [Bin]:14656 [FullTime]:3590.16 [SkipTime]:0 [Veto1]:507.977 [Veto2]:516.186 [Veto3]:309.973 [Veto4]:309.973 [SgUp1]:172422 [SgUp2]:172232 [SgUp3]:0 [SgUp4]:0 [SgLow1]:172075 [SgLow2]:171810 [SgLow3]:0 [SgLow4]:0 [NetMuon1]:464126 [NetMuon2]:462553 [NetMuon3]:493739 [NetMuon4]:493739
[Run]:41181 [Site]:2 [Bin]:14657 [FullTime]:3590.17 [SkipTime]:0 [Veto1]:497.067 [Veto2]:530.084 [Veto3]:310.128 [Veto4]:310.128 [SgUp1]:173510 [SgUp2]:172875 [SgUp3]:0 [SgUp4]:0 [SgLow1]:173161 [SgLow2]:172513 [SgLow3]:0 [SgLow4]:0 [NetMuon1]:465719 [NetMuon2]:460423 [NetMuon3]:493780 [NetMuon4]:493780
[Run]:41181 [Site]:2 [Bin]:14658 [FullTime]:3590.17 [SkipTime]:0 [Veto1]:509.141 [Veto2]:490.05 [Veto3]:309.396 [Veto4]:309.396 [SgUp1]:172147 [SgUp2]:173985 [SgUp3]:0 [SgUp4]:0 [SgLow1]:171811 [SgLow2]:173568 [SgLow3]:0 [SgLow4]:0 [NetMuon1]:462791 [NetMuon2]:465588 [NetMuon3]:492692 [NetMuon4]:492692
[Run]:41181 [Site]:2 [Bin]:14659 [FullTime]:3590.17 [SkipTime]:0 [Veto1]:511.894 [Veto2]:491.396 [Veto3]:310.512 [Veto4]:310.512 [SgUp1]:172240 [SgUp2]:174188 [SgUp3]:0 [SgUp4]:0 [SgLow1]:171912 [SgLow2]:173758 [SgLow3]:0 [SgLow4]:0 [NetMuon1]:464255 [NetMuon2]:467315 [NetMuon3]:494436 [NetMuon4]:494436
[Run]:41181 [Site]:2 [Bin]:14660 [FullTime]:3590.17 [SkipTime]:0 [Veto1]:502.816 [Veto2]:533.091 [Veto3]:309.333 [Veto4]:309.333 [SgUp1]:172694 [SgUp2]:172334 [SgUp3]:0 [SgUp4]:0 [SgLow1]:172358 [SgLow2]:171899 [SgLow3]:0 [SgLow4]:0 [NetMuon1]:463594 [NetMuon2]:458934 [NetMuon3]:492785 [NetMuon4]:492785
[Run]:41181 [Site]:2 [Bin]:14661 [FullTime]:3590.17 [SkipTime]:0 [Veto1]:508.559 [Veto2]:501.605 [Veto3]:309.74 [Veto4]:309.74 [SgUp1]:172939 [SgUp2]:174084 [SgUp3]:0 [SgUp4]:0 [SgLow1]:172555 [SgLow2]:173690 [SgLow3]:0 [SgLow4]:0 [NetMuon1]:463452 [NetMuon2]:464798 [NetMuon3]:493288 [NetMuon4]:493288
[Run]:41181 [Site]:2 [Bin]:14662 [FullTime]:3590.17 [SkipTime]:0 [Veto1]:537.41 [Veto2]:501.69 [Veto3]:309.943 [Veto4]:309.943 [SgUp1]:171406 [SgUp2]:172957 [SgUp3]:0 [SgUp4]:0 [SgLow1]:170936 [SgLow2]:172527 [SgLow3]:0 [SgLow4]:0 [NetMuon1]:459367 [NetMuon2]:464808 [NetMuon3]:493682 [NetMuon4]:493682
[Run]:41181 [Site]:2 [Bin]:14663 [FullTime]:3590.17 [SkipTime]:0 [Veto1]:516.953 [Veto2]:513.817 [Veto3]:309.13 [Veto4]:309.13 [SgUp1]:172402 [SgUp2]:172548 [SgUp3]:0 [SgUp4]:0 [SgLow1]:172068 [SgLow2]:172184 [SgLow3]:0 [SgLow4]:0 [NetMuon1]:461193 [NetMuon2]:461534 [NetMuon3]:492180 [NetMuon4]:492180
[Run]:41181 [Site]:2 [Bin]:14664 [FullTime]:3590.17 [SkipTime]:0 [Veto1]:515.288 [Veto2]:494.243 [Veto3]:308.992 [Veto4]:308.992 [SgUp1]:172173 [SgUp2]:174405 [SgUp3]:0 [SgUp4]:0 [SgLow1]:171787 [SgLow2]:173958 [SgLow3]:0 [SgLow4]:0 [NetMuon1]:460883 [NetMuon2]:464091 [NetMuon3]:491795 [NetMuon4]:491795
[Run]:41181 [Site]:2 [Bin]:14665 [FullTime]:3590.17 [SkipTime]:0 [Veto1]:505.541 [Veto2]:517.047 [Veto3]:310.102 [Veto4]:310.102 [SgUp1]:172888 [SgUp2]:172220 [SgUp3]:0 [SgUp4]:0 [SgLow1]:172460 [SgLow2]:171885 [SgLow3]:0 [SgLow4]:0 [NetMuon1]:464108 [NetMuon2]:462417 [NetMuon3]:493656 [NetMuon4]:493656
[Run]:41181 [Site]:2 [Bin]:14666 [FullTime]:3590.17 [SkipTime]:0 [Veto1]:505.089 [Veto2]:502.335 [Veto3]:309.606 [Veto4]:309.606 [SgUp1]:172546 [SgUp2]:173265 [SgUp3]:0 [SgUp4]:0 [SgLow1]:172181 [SgLow2]:172846 [SgLow3]:0 [SgLow4]:0 [NetMuon1]:463940 [NetMuon2]:464208 [NetMuon3]:493103 [NetMuon4]:493103
[Run]:41181 [Site]:2 [Bin]:14667 [FullTime]:3590.17 [SkipTime]:0 [Veto1]:501.291 [Veto2]:512.474 [Veto3]:309.975 [Veto4]:309.975 [SgUp1]:173004 [SgUp2]:173466 [SgUp3]:0 [SgUp4]:0 [SgLow1]:172612 [SgLow2]:173051 [SgLow3]:0 [SgLow4]:0 [NetMuon1]:464722 [NetMuon2]:463166 [NetMuon3]:493530 [NetMuon4]:493530
[Run]:41181 [Site]:2 [Bin]:14668 [FullTime]:3590.17 [SkipTime]:0 [Veto1]:498.965 [Veto2]:495.858 [Veto3]:309.463 [Veto4]:309.463 [SgUp1]:173367 [SgUp2]:174063 [SgUp3]:0 [SgUp4]:0 [SgLow1]:173015 [SgLow2]:173659 [SgLow3]:0 [SgLow4]:0 [NetMuon1]:464406 [NetMuon2]:465031 [NetMuon3]:492861 [NetMuon4]:492861
[Run]:41181 [Site]:2 [Bin]:14669 [FullTime]:3590.17 [SkipTime]:0 [Veto1]:499.093 [Veto2]:482.886 [Veto3]:308.956 [Veto4]:308.956 [SgUp1]:173404 [SgUp2]:174726 [SgUp3]:0 [SgUp4]:0 [SgLow1]:173014 [SgLow2]:174301 [SgLow3]:0 [SgLow4]:0 [NetMuon1]:463985 [NetMuon2]:465937 [NetMuon3]:492162 [NetMuon4]:492162
[Run]:41181 [Site]:2 [Bin]:14670 [FullTime]:3590.17 [SkipTime]:0 [Veto1]:497.982 [Veto2]:487.089 [Veto3]:309.554 [Veto4]:309.554 [SgUp1]:172836 [SgUp2]:174360 [SgUp3]:0 [SgUp4]:0 [SgLow1]:172465 [SgLow2]:173981 [SgLow3]:0 [SgLow4]:0 [NetMuon1]:464463 [NetMuon2]:466292 [NetMuon3]:492913 [NetMuon4]:492913
[Run]:41181 [Site]:2 [Bin]:14671 [FullTime]:3590.17 [SkipTime]:0 [Veto1]:484.977 [Veto2]:505.881 [Veto3]:309.835 [Veto4]:309.835 [SgUp1]:173775 [SgUp2]:172542 [SgUp3]:0 [SgUp4]:0 [SgLow1]:173379 [SgLow2]:172164 [SgLow3]:0 [SgLow4]:0 [NetMuon1]:467267 [NetMuon2]:463843 [NetMuon3]:493420 [NetMuon4]:493420
[Run]:41181 [Site]:2 [Bin]:14672 [FullTime]:3590.17 [SkipTime]:0 [Veto1]:502.995 [Veto2]:506.875 [Veto3]:309.386 [Veto4]:309.386 [SgUp1]:173303 [SgUp2]:173080 [SgUp3]:0 [SgUp4]:0 [SgLow1]:172968 [SgLow2]:172705 [SgLow3]:0 [SgLow4]:0 [NetMuon1]:463769 [NetMuon2]:463140 [NetMuon3]:492933 [NetMuon4]:492933
[Run]:41181 [Site]:2 [Bin]:14673 [FullTime]:3590.17 [SkipTime]:0 [Veto1]:521.259 [Veto2]:500.091 [Veto3]:309.317 [Veto4]:309.317 [SgUp1]:172733 [SgUp2]:174324 [SgUp3]:0 [SgUp4]:0 [SgLow1]:172385 [SgLow2]:173918 [SgLow3]:0 [SgLow4]:0 [NetMuon1]:460773 [NetMuon2]:463722 [NetMuon3]:492523 [NetMuon4]:492523
[Run]:41181 [Site]:2 [Bin]:14674 [FullTime]:3590.17 [SkipTime]:0 [Veto1]:520.834 [Veto2]:519.435 [Veto3]:309.957 [Veto4]:309.957 [SgUp1]:172260 [SgUp2]:171976 [SgUp3]:0 [SgUp4]:0 [SgLow1]:171932 [SgLow2]:171598 [SgLow3]:0 [SgLow4]:0 [NetMuon1]:461907 [NetMuon2]:462167 [NetMuon3]:493680 [NetMuon4]:493680
[Run]:41181 [Site]:2 [Bin]:14675 [FullTime]:3590.17 [SkipTime]:0 [Veto1]:496.751 [Veto2]:498.865 [Veto3]:309.647 [Veto4]:309.647 [SgUp1]:173404 [SgUp2]:174863 [SgUp3]:0 [SgUp4]:0 [SgLow1]:173039 [SgLow2]:174473 [SgLow3]:0 [SgLow4]:0 [NetMuon1]:464566 [NetMuon2]:464257 [NetMuon3]:492876 [NetMuon4]:492876
[Run]:41181 [Site]:2 [Bin]:14676 [FullTime]:3590.17 [SkipTime]:0 [Veto1]:505.256 [Veto2]:529.473 [Veto3]:309.73 [Veto4]:309.73 [SgUp1]:172920 [SgUp2]:172478 [SgUp3]:0 [SgUp4]:0 [SgLow1]:172575 [SgLow2]:172097 [SgLow3]:0 [SgLow4]:0 [NetMuon1]:463618 [NetMuon2]:460366 [NetMuon3]:493034 [NetMuon4]:493034
[Run]:41181 [Site]:2 [Bin]:14677 [FullTime]:3590.17 [SkipTime]:0 [Veto1]:509.599 [Veto2]:503.987 [Veto3]:309.787 [Veto4]:309.787 [SgUp1]:172853 [SgUp2]:174098 [SgUp3]:0 [SgUp4]:0 [SgLow1]:172499 [SgLow2]:173689 [SgLow3]:0 [SgLow4]:0 [NetMuon1]:463163 [NetMuon2]:464070 [NetMuon3]:493265 [NetMuon4]:493265
[Run]:41181 [Site]:2 [Bin]:14678 [FullTime]:3590.17 [SkipTime]:0 [Veto1]:498.217 [Veto2]:498.47 [Veto3]:309.708 [Veto4]:309.708 [SgUp1]:174030 [SgUp2]:173886 [SgUp3]:0 [SgUp4]:0 [SgLow1]:173665 [SgLow2]:173465 [SgLow3]:0 [SgLow4]:0 [NetMuon1]:465029 [NetMuon2]:465139 [NetMuon3]:493260 [NetMuon4]:493260
[Run]:41181 [Site]:2 [Bin]:14679 [FullTime]:3590.17 [SkipTime]:0 [Veto1]:496.851 [Veto2]:493.595 [Veto3]:310.265 [Veto4]:310.265 [SgUp1]:174092 [SgUp2]:174552 [SgUp3]:0 [SgUp4]:0 [SgLow1]:173695 [SgLow2]:174149 [SgLow3]:0 [SgLow4]:0 [NetMuon1]:465820 [NetMuon2]:466166 [NetMuon3]:493942 [NetMuon4]:493942
[Run]:41181 [Site]:2 [Bin]:14680 [FullTime]:3590.17 [SkipTime]:0 [Veto1]:528.705 [Veto2]:525.479 [Veto3]:310.217 [Veto4]:310.217 [SgUp1]:172099 [SgUp2]:172431 [SgUp3]:0 [SgUp4]:0 [SgLow1]:171745 [SgLow2]:172026 [SgLow3]:0 [SgLow4]:0 [NetMuon1]:461096 [NetMuon2]:461808 [NetMuon3]:494102 [NetMuon4]:494102
[Run]:41181 [Site]:2 [Bin]:14681 [FullTime]:3590.17 [SkipTime]:0 [Veto1]:511.506 [Veto2]:497.642 [Veto3]:309.573 [Veto4]:309.573 [SgUp1]:172222 [SgUp2]:173701 [SgUp3]:0 [SgUp4]:0 [SgLow1]:171853 [SgLow2]:173293 [SgLow3]:0 [SgLow4]:0 [NetMuon1]:462637 [NetMuon2]:464768 [NetMuon3]:492957 [NetMuon4]:492957
[Run]:41181 [Site]:2 [Bin]:14682 [FullTime]:3590.17 [SkipTime]:0 [Veto1]:538.737 [Veto2]:523.175 [Veto3]:310.211 [Veto4]:310.211 [SgUp1]:170401 [SgUp2]:172443 [SgUp3]:0 [SgUp4]:0 [SgLow1]:169995 [SgLow2]:172027 [SgLow3]:0 [SgLow4]:0 [NetMuon1]:459534 [NetMuon2]:461930 [NetMuon3]:493802 [NetMuon4]:493802
[Run]:41181 [Site]:2 [Bin]:14683 [FullTime]:3590.17 [SkipTime]:0 [Veto1]:516.415 [Veto2]:503.109 [Veto3]:309.635 [Veto4]:309.635 [SgUp1]:172355 [SgUp2]:174586 [SgUp3]:0 [SgUp4]:0 [SgLow1]:171991 [SgLow2]:174196 [SgLow3]:0 [SgLow4]:0 [NetMuon1]:461971 [NetMuon2]:463728 [NetMuon3]:493179 [NetMuon4]:493179
[Run]:41181 [Site]:2 [Bin]:14684 [FullTime]:3590.17 [SkipTime]:0 [Veto1]:517.134 [Veto2]:509.847 [Veto3]:309.617 [Veto4]:309.617 [SgUp1]:172151 [SgUp2]:173132 [SgUp3]:0 [SgUp4]:0 [SgLow1]:171767 [SgLow2]:172709 [SgLow3]:0 [SgLow4]:0 [NetMuon1]:461777 [NetMuon2]:463098 [NetMuon3]:493175 [NetMuon4]:493175
[Run]:41181 [Site]:2 [Bin]:14685 [FullTime]:3590.17 [SkipTime]:0 [Veto1]:494.84 [Veto2]:484.592 [Veto3]:309.49 [Veto4]:309.49 [SgUp1]:173489 [SgUp2]:176023 [SgUp3]:0 [SgUp4]:0 [SgLow1]:173120 [SgLow2]:175603 [SgLow3]:0 [SgLow4]:0 [NetMuon1]:465139 [NetMuon2]:466781 [NetMuon3]:492968 [NetMuon4]:492968
[Run]:41181 [Site]:2 [Bin]:14686 [FullTime]:3590.17 [SkipTime]:0 [Veto1]:501.58 [Veto2]:521.548 [Veto3]:309.959 [Veto4]:309.959 [SgUp1]:173953 [SgUp2]:173950 [SgUp3]:0 [SgUp4]:0 [SgLow1]:173580 [SgLow2]:173551 [SgLow3]:0 [SgLow4]:0 [NetMuon1]:464574 [NetMuon2]:462056 [NetMuon3]:493587 [NetMuon4]:493587
[Run]:41181 [Site]:2 [Bin]:14687 [FullTime]:3590.17 [SkipTime]:0 [Veto1]:517.59 [Veto2]:492.963 [Veto3]:309.746 [Veto4]:309.746 [SgUp1]:172192 [SgUp2]:174940 [SgUp3]:0 [SgUp4]:0 [SgLow1]:171829 [SgLow2]:174545 [SgLow3]:0 [SgLow4]:0 [NetMuon1]:462219 [NetMuon2]:465778 [NetMuon3]:493406 [NetMuon4]:493406
[Run]:41181 [Site]:2 [Bin]:14688 [FullTime]:3590.17 [SkipTime]:0 [Veto1]:505.014 [Veto2]:525.562 [Veto3]:308.944 [Veto4]:308.944 [SgUp1]:173200 [SgUp2]:172879 [SgUp3]:0 [SgUp4]:0 [SgLow1]:172790 [SgLow2]:172480 [SgLow3]:0 [SgLow4]:0 [NetMuon1]:462400 [NetMuon2]:459645 [NetMuon3]:492004 [NetMuon4]:492004
[Run]:41181 [Site]:2 [Bin]:14689 [FullTime]:3590.17 [SkipTime]:0 [Veto1]:524.795 [Veto2]:490.114 [Veto3]:309.556 [Veto4]:309.556 [SgUp1]:171729 [SgUp2]:174584 [SgUp3]:0 [SgUp4]:0 [SgLow1]:171378 [SgLow2]:174137 [SgLow3]:0 [SgLow4]:0 [NetMuon1]:460664 [NetMuon2]:465642 [NetMuon3]:492937 [NetMuon4]:492937
[Run]:41181 [Site]:2 [Bin]:14690 [FullTime]:3590.17 [SkipTime]:0 [Veto1]:500.39 [Veto2]:517.787 [Veto3]:309.683 [Veto4]:309.683 [SgUp1]:173094 [SgUp2]:172828 [SgUp3]:0 [SgUp4]:0 [SgLow1]:172677 [SgLow2]:172483 [SgLow3]:0 [SgLow4]:0 [NetMuon1]:464277 [NetMuon2]:462034 [NetMuon3]:493288 [NetMuon4]:493288
[Run]:41181 [Site]:2 [Bin]:14691 [FullTime]:3590.17 [SkipTime]:0 [Veto1]:520.912 [Veto2]:477.602 [Veto3]:309.702 [Veto4]:309.702 [SgUp1]:172132 [SgUp2]:175860 [SgUp3]:0 [SgUp4]:0 [SgLow1]:171745 [SgLow2]:175432 [SgLow3]:0 [SgLow4]:0 [NetMuon1]:461504 [NetMuon2]:467713 [NetMuon3]:493087 [NetMuon4]:493087
[Run]:41181 [Site]:2 [Bin]:14692 [FullTime]:3590.17 [SkipTime]:0 [Veto1]:508.332 [Veto2]:503.721 [Veto3]:309.701 [Veto4]:309.701 [SgUp1]:172819 [SgUp2]:173404 [SgUp3]:0 [SgUp4]:0 [SgLow1]:172435 [SgLow2]:172991 [SgLow3]:0 [SgLow4]:0 [NetMuon1]:463201 [NetMuon2]:463867 [NetMuon3]:493084 [NetMuon4]:493084
[Run]:41181 [Site]:2 [Bin]:14693 [FullTime]:3590.17 [SkipTime]:0 [Veto1]:518.718 [Veto2]:497.099 [Veto3]:309.237 [Veto4]:309.237 [SgUp1]:172734 [SgUp2]:173559 [SgUp3]:0 [SgUp4]:0 [SgLow1]:172338 [SgLow2]:173152 [SgLow3]:0 [SgLow4]:0 [NetMuon1]:460993 [NetMuon2]:464363 [NetMuon3]:492494 [NetMuon4]:492494
[Run]:41181 [Site]:2 [Bin]:14694 [FullTime]:3590.17 [SkipTime]:0 [Veto1]:506.183 [Veto2]:502.495 [Veto3]:309.696 [Veto4]:309.696 [SgUp1]:172781 [SgUp2]:173239 [SgUp3]:0 [SgUp4]:0 [SgLow1]:172430 [SgLow2]:172828 [SgLow3]:0 [SgLow4]:0 [NetMuon1]:463712 [NetMuon2]:464089 [NetMuon3]:493248 [NetMuon4]:493248
[Run]:41181 [Site]:2 [Bin]:14695 [FullTime]:3590.17 [SkipTime]:0 [Veto1]:471.243 [Veto2]:491.353 [Veto3]:310.259 [Veto4]:310.259 [SgUp1]:174057 [SgUp2]:174916 [SgUp3]:0 [SgUp4]:0 [SgLow1]:173706 [SgLow2]:174578 [SgLow3]:0 [SgLow4]:0 [NetMuon1]:469683 [NetMuon2]:466878 [NetMuon3]:494109 [NetMuon4]:494109
[Run]:41181 [Site]:2 [Bin]:14696 [FullTime]:3590.17 [SkipTime]:0 [Veto1]:522.812 [Veto2]:495.779 [Veto3]:310.48 [Veto4]:310.48 [SgUp1]:172086 [SgUp2]:174626 [SgUp3]:0 [SgUp4]:0 [SgLow1]:171731 [SgLow2]:174227 [SgLow3]:0 [SgLow4]:0 [NetMuon1]:462313 [NetMuon2]:466303 [NetMuon3]:494208 [NetMuon4]:494208
[Run]:41181 [Site]:2 [Bin]:14697 [FullTime]:3590.17 [SkipTime]:0 [Veto1]:507.281 [Veto2]:514.568 [Veto3]:311.052 [Veto4]:311.052 [SgUp1]:172724 [SgUp2]:173952 [SgUp3]:0 [SgUp4]:0 [SgLow1]:172349 [SgLow2]:173578 [SgLow3]:0 [SgLow4]:0 [NetMuon1]:465592 [NetMuon2]:464376 [NetMuon3]:495294 [NetMuon4]:495294
[Run]:41181 [Site]:2 [Bin]:14698 [FullTime]:3590.17 [SkipTime]:0 [Veto1]:510.01 [Veto2]:497.095 [Veto3]:309.754 [Veto4]:309.754 [SgUp1]:173238 [SgUp2]:174583 [SgUp3]:0 [SgUp4]:0 [SgLow1]:172896 [SgLow2]:174140 [SgLow3]:0 [SgLow4]:0 [NetMuon1]:463157 [NetMuon2]:464956 [NetMuon3]:493388 [NetMuon4]:493388
[Run]:41181 [Site]:2 [Bin]:14699 [FullTime]:3590.17 [SkipTime]:0 [Veto1]:532.909 [Veto2]:507.125 [Veto3]:309.804 [Veto4]:309.804 [SgUp1]:171429 [SgUp2]:173136 [SgUp3]:0 [SgUp4]:0 [SgLow1]:171053 [SgLow2]:172733 [SgLow3]:0 [SgLow4]:0 [NetMuon1]:460323 [NetMuon2]:463612 [NetMuon3]:493424 [NetMuon4]:493424
[Run]:41181 [Site]:2 [Bin]:14700 [FullTime]:3590.17 [SkipTime]:0 [Veto1]:523.734 [Veto2]:494.298 [Veto3]:310.142 [Veto4]:310.142 [SgUp1]:171427 [SgUp2]:174486 [SgUp3]:0 [SgUp4]:0 [SgLow1]:171042 [SgLow2]:174117 [SgLow3]:0 [SgLow4]:0 [NetMuon1]:461641 [NetMuon2]:466283 [NetMuon3]:493899 [NetMuon4]:493899
[Run]:41181 [Site]:2 [Bin]:14701 [FullTime]:3590.17 [SkipTime]:0 [Veto1]:515.416 [Veto2]:494.57 [Veto3]:309.816 [Veto4]:309.816 [SgUp1]:173016 [SgUp2]:174633 [SgUp3]:0 [SgUp4]:0 [SgLow1]:172625 [SgLow2]:174251 [SgLow3]:0 [SgLow4]:0 [NetMuon1]:462596 [NetMuon2]:465622 [NetMuon3]:493465 [NetMuon4]:493465
[Run]:41181 [Site]:2 [Bin]:14702 [FullTime]:3590.17 [SkipTime]:0 [Veto1]:504.41 [Veto2]:520.278 [Veto3]:308.718 [Veto4]:308.718 [SgUp1]:173996 [SgUp2]:172883 [SgUp3]:0 [SgUp4]:0 [SgLow1]:173675 [SgLow2]:172465 [SgLow3]:0 [SgLow4]:0 [NetMuon1]:462096 [NetMuon2]:459784 [NetMuon3]:491520 [NetMuon4]:491520
[Run]:41181 [Site]:2 [Bin]:14703 [FullTime]:3590.17 [SkipTime]:0 [Veto1]:516.831 [Veto2]:498.516 [Veto3]:309.67 [Veto4]:309.67 [SgUp1]:172473 [SgUp2]:174447 [SgUp3]:0 [SgUp4]:0 [SgLow1]:172078 [SgLow2]:174044 [SgLow3]:0 [SgLow4]:0 [NetMuon1]:462054 [NetMuon2]:464855 [NetMuon3]:493187 [NetMuon4]:493187
[Run]:41181 [Site]:2 [Bin]:14704 [FullTime]:3590.17 [SkipTime]:0 [Veto1]:498.638 [Veto2]:476.138 [Veto3]:309.837 [Veto4]:309.837 [SgUp1]:174195 [SgUp2]:175835 [SgUp3]:0 [SgUp4]:0 [SgLow1]:173834 [SgLow2]:175479 [SgLow3]:0 [SgLow4]:0 [NetMuon1]:465205 [NetMuon2]:468515 [NetMuon3]:493522 [NetMuon4]:493522
[Run]:41181 [Site]:2 [Bin]:14705 [FullTime]:3590.17 [SkipTime]:0 [Veto1]:528.337 [Veto2]:507.309 [Veto3]:309.408 [Veto4]:309.408 [SgUp1]:172360 [SgUp2]:174102 [SgUp3]:0 [SgUp4]:0 [SgLow1]:171982 [SgLow2]:173698 [SgLow3]:0 [SgLow4]:0 [NetMuon1]:459853 [NetMuon2]:462807 [NetMuon3]:492847 [NetMuon4]:492847
End process Run: 41181 ... 
[Run]:41181 [Site]:2 [Bin]:14706 [FullTime]:1934.44 [SkipTime]:0 [Veto1]:292.977 [Veto2]:283.739 [Veto3]:166.961 [Veto4]:166.961
