StreamChain add 0xdd0c7e0
Start to process run: 42852 ... 
[Run]:42852 [Site]:2 [Bin]:16728 [FullTime]:1619.03 [SkipTime]:0 [Veto1]:216.959 [Veto2]:237.648 [Veto3]:138.611 [Veto4]:138.611 [SgUp1]:78973 [SgUp2]:78069 [SgUp3]:0 [SgUp4]:0 [SgLow1]:78803 [SgLow2]:77890 [SgLow3]:0 [SgLow4]:0 [NetMuon1]:209132 [NetMuon2]:206146 [NetMuon3]:220816 [NetMuon4]:220816
[Run]:42852 [Site]:2 [Bin]:16729 [FullTime]:3590.17 [SkipTime]:0 [Veto1]:515.833 [Veto2]:506.529 [Veto3]:308.679 [Veto4]:308.679 [SgUp1]:174540 [SgUp2]:174130 [SgUp3]:0 [SgUp4]:0 [SgLow1]:174195 [SgLow2]:173714 [SgLow3]:0 [SgLow4]:0 [NetMuon1]:460678 [NetMuon2]:461593 [NetMuon3]:491536 [NetMuon4]:491536
[Run]:42852 [Site]:2 [Bin]:16730 [FullTime]:3590.17 [SkipTime]:0 [Veto1]:514.982 [Veto2]:510.806 [Veto3]:308.791 [Veto4]:308.791 [SgUp1]:174050 [SgUp2]:174673 [SgUp3]:0 [SgUp4]:0 [SgLow1]:173673 [SgLow2]:174256 [SgLow3]:0 [SgLow4]:0 [NetMuon1]:460576 [NetMuon2]:461209 [NetMuon3]:491588 [NetMuon4]:491588
[Run]:42852 [Site]:2 [Bin]:16731 [FullTime]:3590.17 [SkipTime]:0 [Veto1]:523.134 [Veto2]:516.32 [Veto3]:308.093 [Veto4]:308.093 [SgUp1]:173452 [SgUp2]:174144 [SgUp3]:0 [SgUp4]:0 [SgLow1]:173115 [SgLow2]:173722 [SgLow3]:0 [SgLow4]:0 [NetMuon1]:458365 [NetMuon2]:459788 [NetMuon3]:490781 [NetMuon4]:490781
[Run]:42852 [Site]:2 [Bin]:16732 [FullTime]:3590.17 [SkipTime]:0 [Veto1]:516.842 [Veto2]:500.464 [Veto3]:309.135 [Veto4]:309.135 [SgUp1]:173378 [SgUp2]:174528 [SgUp3]:0 [SgUp4]:0 [SgLow1]:173057 [SgLow2]:174127 [SgLow3]:0 [SgLow4]:0 [NetMuon1]:461151 [NetMuon2]:463892 [NetMuon3]:492393 [NetMuon4]:492393
[Run]:42852 [Site]:2 [Bin]:16733 [FullTime]:3590.17 [SkipTime]:0 [Veto1]:501.699 [Veto2]:506.133 [Veto3]:308.555 [Veto4]:308.555 [SgUp1]:173859 [SgUp2]:174315 [SgUp3]:0 [SgUp4]:0 [SgLow1]:173541 [SgLow2]:173924 [SgLow3]:0 [SgLow4]:0 [NetMuon1]:462632 [NetMuon2]:461941 [NetMuon3]:491497 [NetMuon4]:491497
[Run]:42852 [Site]:2 [Bin]:16734 [FullTime]:3590.17 [SkipTime]:0 [Veto1]:506.759 [Veto2]:501.87 [Veto3]:307.888 [Veto4]:307.888 [SgUp1]:173789 [SgUp2]:174311 [SgUp3]:0 [SgUp4]:0 [SgLow1]:173501 [SgLow2]:173946 [SgLow3]:0 [SgLow4]:0 [NetMuon1]:460367 [NetMuon2]:461321 [NetMuon3]:490458 [NetMuon4]:490458
[Run]:42852 [Site]:2 [Bin]:16735 [FullTime]:3590.17 [SkipTime]:0 [Veto1]:529.607 [Veto2]:512.185 [Veto3]:308.434 [Veto4]:308.434 [SgUp1]:171398 [SgUp2]:173381 [SgUp3]:0 [SgUp4]:0 [SgLow1]:171025 [SgLow2]:173036 [SgLow3]:0 [SgLow4]:0 [NetMuon1]:458106 [NetMuon2]:460879 [NetMuon3]:491203 [NetMuon4]:491203
[Run]:42852 [Site]:2 [Bin]:16736 [FullTime]:3590.17 [SkipTime]:0 [Veto1]:503.278 [Veto2]:500.112 [Veto3]:308.362 [Veto4]:308.362 [SgUp1]:173151 [SgUp2]:174986 [SgUp3]:0 [SgUp4]:0 [SgLow1]:172788 [SgLow2]:174613 [SgLow3]:0 [SgLow4]:0 [NetMuon1]:462215 [NetMuon2]:462398 [NetMuon3]:491404 [NetMuon4]:491404
[Run]:42852 [Site]:2 [Bin]:16737 [FullTime]:3590.17 [SkipTime]:0 [Veto1]:514.853 [Veto2]:536.024 [Veto3]:309.478 [Veto4]:309.478 [SgUp1]:172887 [SgUp2]:172006 [SgUp3]:0 [SgUp4]:0 [SgLow1]:172498 [SgLow2]:171629 [SgLow3]:0 [SgLow4]:0 [NetMuon1]:461998 [NetMuon2]:458636 [NetMuon3]:492876 [NetMuon4]:492876
[Run]:42852 [Site]:2 [Bin]:16738 [FullTime]:3590.17 [SkipTime]:0 [Veto1]:501.264 [Veto2]:500.913 [Veto3]:309.423 [Veto4]:309.423 [SgUp1]:173724 [SgUp2]:174558 [SgUp3]:0 [SgUp4]:0 [SgLow1]:173371 [SgLow2]:174168 [SgLow3]:0 [SgLow4]:0 [NetMuon1]:464160 [NetMuon2]:463673 [NetMuon3]:492855 [NetMuon4]:492855
[Run]:42852 [Site]:2 [Bin]:16739 [FullTime]:3590.17 [SkipTime]:0 [Veto1]:487.116 [Veto2]:509.395 [Veto3]:309.32 [Veto4]:309.32 [SgUp1]:174024 [SgUp2]:174097 [SgUp3]:0 [SgUp4]:0 [SgLow1]:173677 [SgLow2]:173701 [SgLow3]:0 [SgLow4]:0 [NetMuon1]:465713 [NetMuon2]:462516 [NetMuon3]:492559 [NetMuon4]:492559
[Run]:42852 [Site]:2 [Bin]:16740 [FullTime]:3590.17 [SkipTime]:0 [Veto1]:512.581 [Veto2]:516.069 [Veto3]:309.917 [Veto4]:309.917 [SgUp1]:171708 [SgUp2]:173947 [SgUp3]:0 [SgUp4]:0 [SgLow1]:171353 [SgLow2]:173549 [SgLow3]:0 [SgLow4]:0 [NetMuon1]:463130 [NetMuon2]:462496 [NetMuon3]:493552 [NetMuon4]:493552
[Run]:42852 [Site]:2 [Bin]:16741 [FullTime]:3590.17 [SkipTime]:0 [Veto1]:508.716 [Veto2]:499.658 [Veto3]:309.182 [Veto4]:309.182 [SgUp1]:173179 [SgUp2]:174413 [SgUp3]:0 [SgUp4]:0 [SgLow1]:172843 [SgLow2]:174017 [SgLow3]:0 [SgLow4]:0 [NetMuon1]:462603 [NetMuon2]:463947 [NetMuon3]:492429 [NetMuon4]:492429
[Run]:42852 [Site]:2 [Bin]:16742 [FullTime]:3590.17 [SkipTime]:0 [Veto1]:502.58 [Veto2]:497.284 [Veto3]:309.126 [Veto4]:309.126 [SgUp1]:173051 [SgUp2]:174809 [SgUp3]:0 [SgUp4]:0 [SgLow1]:172683 [SgLow2]:174419 [SgLow3]:0 [SgLow4]:0 [NetMuon1]:463030 [NetMuon2]:463823 [NetMuon3]:492249 [NetMuon4]:492249
[Run]:42852 [Site]:2 [Bin]:16743 [FullTime]:3590.17 [SkipTime]:0 [Veto1]:493.888 [Veto2]:502.151 [Veto3]:309.627 [Veto4]:309.627 [SgUp1]:173224 [SgUp2]:174633 [SgUp3]:0 [SgUp4]:0 [SgLow1]:172840 [SgLow2]:174204 [SgLow3]:0 [SgLow4]:0 [NetMuon1]:465461 [NetMuon2]:464305 [NetMuon3]:493195 [NetMuon4]:493195
[Run]:42852 [Site]:2 [Bin]:16744 [FullTime]:3590.17 [SkipTime]:0 [Veto1]:500.823 [Veto2]:519.945 [Veto3]:308.938 [Veto4]:308.938 [SgUp1]:173014 [SgUp2]:172526 [SgUp3]:0 [SgUp4]:0 [SgLow1]:172670 [SgLow2]:172135 [SgLow3]:0 [SgLow4]:0 [NetMuon1]:463411 [NetMuon2]:460011 [NetMuon3]:491912 [NetMuon4]:491912
[Run]:42852 [Site]:2 [Bin]:16745 [FullTime]:3590.18 [SkipTime]:0 [Veto1]:521.124 [Veto2]:479.838 [Veto3]:309.475 [Veto4]:309.475 [SgUp1]:171402 [SgUp2]:176253 [SgUp3]:0 [SgUp4]:0 [SgLow1]:171065 [SgLow2]:175895 [SgLow3]:0 [SgLow4]:0 [NetMuon1]:460862 [NetMuon2]:466995 [NetMuon3]:492759 [NetMuon4]:492759
[Run]:42852 [Site]:2 [Bin]:16746 [FullTime]:3590.16 [SkipTime]:0 [Veto1]:501.315 [Veto2]:476.333 [Veto3]:309.345 [Veto4]:309.345 [SgUp1]:172767 [SgUp2]:175519 [SgUp3]:0 [SgUp4]:0 [SgLow1]:172407 [SgLow2]:175127 [SgLow3]:0 [SgLow4]:0 [NetMuon1]:464565 [NetMuon2]:467862 [NetMuon3]:492712 [NetMuon4]:492712
[Run]:42852 [Site]:2 [Bin]:16747 [FullTime]:3590.17 [SkipTime]:0 [Veto1]:509.192 [Veto2]:504.736 [Veto3]:309.159 [Veto4]:309.159 [SgUp1]:172675 [SgUp2]:173806 [SgUp3]:0 [SgUp4]:0 [SgLow1]:172310 [SgLow2]:173452 [SgLow3]:0 [SgLow4]:0 [NetMuon1]:462394 [NetMuon2]:462976 [NetMuon3]:492491 [NetMuon4]:492491
[Run]:42852 [Site]:2 [Bin]:16748 [FullTime]:3590.17 [SkipTime]:0 [Veto1]:503.704 [Veto2]:505.428 [Veto3]:308.705 [Veto4]:308.705 [SgUp1]:172413 [SgUp2]:174053 [SgUp3]:0 [SgUp4]:0 [SgLow1]:172032 [SgLow2]:173702 [SgLow3]:0 [SgLow4]:0 [NetMuon1]:462444 [NetMuon2]:462067 [NetMuon3]:491454 [NetMuon4]:491454
[Run]:42852 [Site]:2 [Bin]:16749 [FullTime]:3590.17 [SkipTime]:0 [Veto1]:501.453 [Veto2]:493.219 [Veto3]:308.863 [Veto4]:308.863 [SgUp1]:173759 [SgUp2]:175019 [SgUp3]:0 [SgUp4]:0 [SgLow1]:173373 [SgLow2]:174654 [SgLow3]:0 [SgLow4]:0 [NetMuon1]:462869 [NetMuon2]:464315 [NetMuon3]:491825 [NetMuon4]:491825
[Run]:42852 [Site]:2 [Bin]:16750 [FullTime]:3590.17 [SkipTime]:0 [Veto1]:522.555 [Veto2]:494.704 [Veto3]:308.618 [Veto4]:308.618 [SgUp1]:171318 [SgUp2]:174730 [SgUp3]:0 [SgUp4]:0 [SgLow1]:170922 [SgLow2]:174316 [SgLow3]:0 [SgLow4]:0 [NetMuon1]:459515 [NetMuon2]:463950 [NetMuon3]:491676 [NetMuon4]:491676
[Run]:42852 [Site]:2 [Bin]:16751 [FullTime]:3590.18 [SkipTime]:0 [Veto1]:509.247 [Veto2]:496.397 [Veto3]:308.359 [Veto4]:308.359 [SgUp1]:172598 [SgUp2]:175195 [SgUp3]:0 [SgUp4]:0 [SgLow1]:172213 [SgLow2]:174816 [SgLow3]:0 [SgLow4]:0 [NetMuon1]:461054 [NetMuon2]:462835 [NetMuon3]:491093 [NetMuon4]:491093
End process Run: 42852 ... 
[Run]:42852 [Site]:2 [Bin]:16752 [FullTime]:733.988 [SkipTime]:0 [Veto1]:112.583 [Veto2]:105.717 [Veto3]:63.4528 [Veto4]:63.4528
