StreamChain add 0x1aa067e0
Start to process run: 42172 ... 
[Run]:42172 [Site]:2 [Bin]:16003 [FullTime]:3316.02 [SkipTime]:0 [Veto1]:485.338 [Veto2]:450.513 [Veto3]:284.505 [Veto4]:284.505 [SgUp1]:158773 [SgUp2]:162218 [SgUp3]:0 [SgUp4]:0 [SgLow1]:158435 [SgLow2]:161857 [SgLow3]:0 [SgLow4]:0 [NetMuon1]:423134 [NetMuon2]:428690 [NetMuon3]:453343 [NetMuon4]:453343
[Run]:42172 [Site]:2 [Bin]:16004 [FullTime]:3590.17 [SkipTime]:0 [Veto1]:513.871 [Veto2]:494.322 [Veto3]:308.51 [Veto4]:308.51 [SgUp1]:172506 [SgUp2]:174666 [SgUp3]:0 [SgUp4]:0 [SgLow1]:172131 [SgLow2]:174301 [SgLow3]:0 [SgLow4]:0 [NetMuon1]:460679 [NetMuon2]:463889 [NetMuon3]:491551 [NetMuon4]:491551
[Run]:42172 [Site]:2 [Bin]:16005 [FullTime]:3590.17 [SkipTime]:0 [Veto1]:501.117 [Veto2]:505.075 [Veto3]:308.605 [Veto4]:308.605 [SgUp1]:172886 [SgUp2]:174542 [SgUp3]:0 [SgUp4]:0 [SgLow1]:172509 [SgLow2]:174139 [SgLow3]:0 [SgLow4]:0 [NetMuon1]:462576 [NetMuon2]:462271 [NetMuon3]:491452 [NetMuon4]:491452
[Run]:42172 [Site]:2 [Bin]:16006 [FullTime]:3590.17 [SkipTime]:0 [Veto1]:505.487 [Veto2]:507.963 [Veto3]:307.823 [Veto4]:307.823 [SgUp1]:172783 [SgUp2]:174273 [SgUp3]:0 [SgUp4]:0 [SgLow1]:172399 [SgLow2]:173838 [SgLow3]:0 [SgLow4]:0 [NetMuon1]:460617 [NetMuon2]:460360 [NetMuon3]:490270 [NetMuon4]:490270
[Run]:42172 [Site]:2 [Bin]:16007 [FullTime]:3590.17 [SkipTime]:0 [Veto1]:492.775 [Veto2]:524.623 [Veto3]:308.408 [Veto4]:308.408 [SgUp1]:173410 [SgUp2]:173003 [SgUp3]:0 [SgUp4]:0 [SgLow1]:173027 [SgLow2]:172640 [SgLow3]:0 [SgLow4]:0 [NetMuon1]:463438 [NetMuon2]:458692 [NetMuon3]:491236 [NetMuon4]:491236
[Run]:42172 [Site]:2 [Bin]:16008 [FullTime]:3590.17 [SkipTime]:0 [Veto1]:476.598 [Veto2]:502.146 [Veto3]:309.005 [Veto4]:309.005 [SgUp1]:173957 [SgUp2]:174671 [SgUp3]:0 [SgUp4]:0 [SgLow1]:173586 [SgLow2]:174208 [SgLow3]:0 [SgLow4]:0 [NetMuon1]:466998 [NetMuon2]:462980 [NetMuon3]:491973 [NetMuon4]:491973
[Run]:42172 [Site]:2 [Bin]:16009 [FullTime]:3590.17 [SkipTime]:0 [Veto1]:512.033 [Veto2]:503.021 [Veto3]:308.269 [Veto4]:308.269 [SgUp1]:172297 [SgUp2]:174666 [SgUp3]:0 [SgUp4]:0 [SgLow1]:171985 [SgLow2]:174233 [SgLow3]:0 [SgLow4]:0 [NetMuon1]:460553 [NetMuon2]:461979 [NetMuon3]:491075 [NetMuon4]:491075
[Run]:42172 [Site]:2 [Bin]:16010 [FullTime]:3590.17 [SkipTime]:0 [Veto1]:497.344 [Veto2]:491.331 [Veto3]:308.548 [Veto4]:308.548 [SgUp1]:172657 [SgUp2]:175456 [SgUp3]:0 [SgUp4]:0 [SgLow1]:172303 [SgLow2]:175096 [SgLow3]:0 [SgLow4]:0 [NetMuon1]:463201 [NetMuon2]:463735 [NetMuon3]:491203 [NetMuon4]:491203
[Run]:42172 [Site]:2 [Bin]:16011 [FullTime]:3590.17 [SkipTime]:0 [Veto1]:495.692 [Veto2]:503.389 [Veto3]:308.567 [Veto4]:308.567 [SgUp1]:173779 [SgUp2]:174235 [SgUp3]:0 [SgUp4]:0 [SgLow1]:173385 [SgLow2]:173782 [SgLow3]:0 [SgLow4]:0 [NetMuon1]:463567 [NetMuon2]:462677 [NetMuon3]:491638 [NetMuon4]:491638
[Run]:42172 [Site]:2 [Bin]:16012 [FullTime]:3590.17 [SkipTime]:0 [Veto1]:487.458 [Veto2]:494.232 [Veto3]:308.133 [Veto4]:308.133 [SgUp1]:173661 [SgUp2]:174764 [SgUp3]:0 [SgUp4]:0 [SgLow1]:173261 [SgLow2]:174372 [SgLow3]:0 [SgLow4]:0 [NetMuon1]:463980 [NetMuon2]:462932 [NetMuon3]:490645 [NetMuon4]:490645
[Run]:42172 [Site]:2 [Bin]:16013 [FullTime]:3590.17 [SkipTime]:0 [Veto1]:492.815 [Veto2]:514.362 [Veto3]:308.944 [Veto4]:308.944 [SgUp1]:173874 [SgUp2]:173833 [SgUp3]:0 [SgUp4]:0 [SgLow1]:173495 [SgLow2]:173421 [SgLow3]:0 [SgLow4]:0 [NetMuon1]:464161 [NetMuon2]:461063 [NetMuon3]:491884 [NetMuon4]:491884
[Run]:42172 [Site]:2 [Bin]:16014 [FullTime]:3590.17 [SkipTime]:0 [Veto1]:522.66 [Veto2]:508.784 [Veto3]:308.409 [Veto4]:308.409 [SgUp1]:172448 [SgUp2]:173832 [SgUp3]:0 [SgUp4]:0 [SgLow1]:172088 [SgLow2]:173438 [SgLow3]:0 [SgLow4]:0 [NetMuon1]:459319 [NetMuon2]:461466 [NetMuon3]:491459 [NetMuon4]:491459
[Run]:42172 [Site]:2 [Bin]:16015 [FullTime]:3590.17 [SkipTime]:0 [Veto1]:513.408 [Veto2]:513.051 [Veto3]:309.591 [Veto4]:309.591 [SgUp1]:172155 [SgUp2]:173268 [SgUp3]:0 [SgUp4]:0 [SgLow1]:171761 [SgLow2]:172892 [SgLow3]:0 [SgLow4]:0 [NetMuon1]:462124 [NetMuon2]:462637 [NetMuon3]:493130 [NetMuon4]:493130
[Run]:42172 [Site]:2 [Bin]:16016 [FullTime]:3590.17 [SkipTime]:0 [Veto1]:508.174 [Veto2]:503.184 [Veto3]:308.677 [Veto4]:308.677 [SgUp1]:172319 [SgUp2]:173943 [SgUp3]:0 [SgUp4]:0 [SgLow1]:171936 [SgLow2]:173530 [SgLow3]:0 [SgLow4]:0 [NetMuon1]:461587 [NetMuon2]:462254 [NetMuon3]:491636 [NetMuon4]:491636
[Run]:42172 [Site]:2 [Bin]:16017 [FullTime]:3590.17 [SkipTime]:0 [Veto1]:514.293 [Veto2]:490.781 [Veto3]:308.86 [Veto4]:308.86 [SgUp1]:171967 [SgUp2]:174753 [SgUp3]:0 [SgUp4]:0 [SgLow1]:171558 [SgLow2]:174334 [SgLow3]:0 [SgLow4]:0 [NetMuon1]:461137 [NetMuon2]:464652 [NetMuon3]:491957 [NetMuon4]:491957
[Run]:42172 [Site]:2 [Bin]:16018 [FullTime]:3590.17 [SkipTime]:0 [Veto1]:495.628 [Veto2]:497.441 [Veto3]:308.314 [Veto4]:308.314 [SgUp1]:173511 [SgUp2]:174483 [SgUp3]:0 [SgUp4]:0 [SgLow1]:173116 [SgLow2]:174074 [SgLow3]:0 [SgLow4]:0 [NetMuon1]:462914 [NetMuon2]:463143 [NetMuon3]:491234 [NetMuon4]:491234
[Run]:42172 [Site]:2 [Bin]:16019 [FullTime]:3590.17 [SkipTime]:0 [Veto1]:485.843 [Veto2]:489.185 [Veto3]:308.979 [Veto4]:308.979 [SgUp1]:174271 [SgUp2]:175929 [SgUp3]:0 [SgUp4]:0 [SgLow1]:173821 [SgLow2]:175547 [SgLow3]:0 [SgLow4]:0 [NetMuon1]:465829 [NetMuon2]:464637 [NetMuon3]:492097 [NetMuon4]:492097
[Run]:42172 [Site]:2 [Bin]:16020 [FullTime]:3590.17 [SkipTime]:0 [Veto1]:501.277 [Veto2]:505.082 [Veto3]:308.262 [Veto4]:308.262 [SgUp1]:173467 [SgUp2]:174030 [SgUp3]:0 [SgUp4]:0 [SgLow1]:173057 [SgLow2]:173677 [SgLow3]:0 [SgLow4]:0 [NetMuon1]:462051 [NetMuon2]:461852 [NetMuon3]:491223 [NetMuon4]:491223
[Run]:42172 [Site]:2 [Bin]:16021 [FullTime]:3590.17 [SkipTime]:0 [Veto1]:507.848 [Veto2]:500.059 [Veto3]:307.952 [Veto4]:307.952 [SgUp1]:172229 [SgUp2]:174316 [SgUp3]:0 [SgUp4]:0 [SgLow1]:171868 [SgLow2]:173935 [SgLow3]:0 [SgLow4]:0 [NetMuon1]:460940 [NetMuon2]:461558 [NetMuon3]:490663 [NetMuon4]:490663
[Run]:42172 [Site]:2 [Bin]:16022 [FullTime]:3590.18 [SkipTime]:0 [Veto1]:513.577 [Veto2]:493.85 [Veto3]:308.397 [Veto4]:308.397 [SgUp1]:171336 [SgUp2]:175202 [SgUp3]:0 [SgUp4]:0 [SgLow1]:170954 [SgLow2]:174847 [SgLow3]:0 [SgLow4]:0 [NetMuon1]:460590 [NetMuon2]:463463 [NetMuon3]:491161 [NetMuon4]:491161
[Run]:42172 [Site]:2 [Bin]:16023 [FullTime]:3590.16 [SkipTime]:0 [Veto1]:512.27 [Veto2]:506.097 [Veto3]:308.323 [Veto4]:308.323 [SgUp1]:172203 [SgUp2]:173875 [SgUp3]:0 [SgUp4]:0 [SgLow1]:171862 [SgLow2]:173451 [SgLow3]:0 [SgLow4]:0 [NetMuon1]:460819 [NetMuon2]:461805 [NetMuon3]:491463 [NetMuon4]:491463
[Run]:42172 [Site]:2 [Bin]:16024 [FullTime]:3590.17 [SkipTime]:0 [Veto1]:486.697 [Veto2]:500.177 [Veto3]:308.435 [Veto4]:308.435 [SgUp1]:173677 [SgUp2]:174059 [SgUp3]:0 [SgUp4]:0 [SgLow1]:173303 [SgLow2]:173658 [SgLow3]:0 [SgLow4]:0 [NetMuon1]:464647 [NetMuon2]:462190 [NetMuon3]:491099 [NetMuon4]:491099
[Run]:42172 [Site]:2 [Bin]:16025 [FullTime]:3590.17 [SkipTime]:0 [Veto1]:504.291 [Veto2]:514 [Veto3]:308.479 [Veto4]:308.479 [SgUp1]:172982 [SgUp2]:173379 [SgUp3]:0 [SgUp4]:0 [SgLow1]:172620 [SgLow2]:172996 [SgLow3]:0 [SgLow4]:0 [NetMuon1]:461775 [NetMuon2]:460673 [NetMuon3]:491217 [NetMuon4]:491217
[Run]:42172 [Site]:2 [Bin]:16026 [FullTime]:3590.17 [SkipTime]:0 [Veto1]:513.61 [Veto2]:466.097 [Veto3]:307.685 [Veto4]:307.685 [SgUp1]:172161 [SgUp2]:176597 [SgUp3]:0 [SgUp4]:0 [SgLow1]:171774 [SgLow2]:176228 [SgLow3]:0 [SgLow4]:0 [NetMuon1]:459455 [NetMuon2]:466658 [NetMuon3]:490120 [NetMuon4]:490120
[Run]:42172 [Site]:2 [Bin]:16027 [FullTime]:3590.17 [SkipTime]:0 [Veto1]:511.934 [Veto2]:507.488 [Veto3]:308.516 [Veto4]:308.516 [SgUp1]:172249 [SgUp2]:173294 [SgUp3]:0 [SgUp4]:0 [SgLow1]:171930 [SgLow2]:172904 [SgLow3]:0 [SgLow4]:0 [NetMuon1]:460867 [NetMuon2]:461590 [NetMuon3]:491431 [NetMuon4]:491431
[Run]:42172 [Site]:2 [Bin]:16028 [FullTime]:3590.17 [SkipTime]:0 [Veto1]:487.328 [Veto2]:512.262 [Veto3]:307.475 [Veto4]:307.475 [SgUp1]:172974 [SgUp2]:173946 [SgUp3]:0 [SgUp4]:0 [SgLow1]:172613 [SgLow2]:173562 [SgLow3]:0 [SgLow4]:0 [NetMuon1]:463126 [NetMuon2]:459500 [NetMuon3]:489933 [NetMuon4]:489933
[Run]:42172 [Site]:2 [Bin]:16029 [FullTime]:3590.17 [SkipTime]:0 [Veto1]:512.818 [Veto2]:510.979 [Veto3]:307.94 [Veto4]:307.94 [SgUp1]:172188 [SgUp2]:174108 [SgUp3]:0 [SgUp4]:0 [SgLow1]:171826 [SgLow2]:173617 [SgLow3]:0 [SgLow4]:0 [NetMuon1]:460278 [NetMuon2]:460236 [NetMuon3]:490502 [NetMuon4]:490502
[Run]:42172 [Site]:2 [Bin]:16030 [FullTime]:3590.17 [SkipTime]:0 [Veto1]:509.078 [Veto2]:506.72 [Veto3]:308.188 [Veto4]:308.188 [SgUp1]:172613 [SgUp2]:174125 [SgUp3]:0 [SgUp4]:0 [SgLow1]:172270 [SgLow2]:173735 [SgLow3]:0 [SgLow4]:0 [NetMuon1]:461008 [NetMuon2]:461379 [NetMuon3]:491027 [NetMuon4]:491027
[Run]:42172 [Site]:2 [Bin]:16031 [FullTime]:3590.17 [SkipTime]:0 [Veto1]:497.271 [Veto2]:517.664 [Veto3]:308.349 [Veto4]:308.349 [SgUp1]:173261 [SgUp2]:173802 [SgUp3]:0 [SgUp4]:0 [SgLow1]:172851 [SgLow2]:173400 [SgLow3]:0 [SgLow4]:0 [NetMuon1]:463004 [NetMuon2]:460143 [NetMuon3]:491250 [NetMuon4]:491250
[Run]:42172 [Site]:2 [Bin]:16032 [FullTime]:3590.17 [SkipTime]:0 [Veto1]:488.67 [Veto2]:508.731 [Veto3]:307.897 [Veto4]:307.897 [SgUp1]:173438 [SgUp2]:173357 [SgUp3]:0 [SgUp4]:0 [SgLow1]:173009 [SgLow2]:172966 [SgLow3]:0 [SgLow4]:0 [NetMuon1]:463505 [NetMuon2]:460012 [NetMuon3]:490454 [NetMuon4]:490454
[Run]:42172 [Site]:2 [Bin]:16033 [FullTime]:3590.17 [SkipTime]:0 [Veto1]:509.392 [Veto2]:505.855 [Veto3]:308.075 [Veto4]:308.075 [SgUp1]:173481 [SgUp2]:173662 [SgUp3]:0 [SgUp4]:0 [SgLow1]:173083 [SgLow2]:173287 [SgLow3]:0 [SgLow4]:0 [NetMuon1]:460743 [NetMuon2]:461345 [NetMuon3]:490816 [NetMuon4]:490816
[Run]:42172 [Site]:2 [Bin]:16034 [FullTime]:3590.17 [SkipTime]:0 [Veto1]:513.992 [Veto2]:505.547 [Veto3]:309.051 [Veto4]:309.051 [SgUp1]:172357 [SgUp2]:173601 [SgUp3]:0 [SgUp4]:0 [SgLow1]:172053 [SgLow2]:173197 [SgLow3]:0 [SgLow4]:0 [NetMuon1]:461354 [NetMuon2]:463291 [NetMuon3]:492316 [NetMuon4]:492316
[Run]:42172 [Site]:2 [Bin]:16035 [FullTime]:3590.17 [SkipTime]:0 [Veto1]:505.195 [Veto2]:504.933 [Veto3]:308.681 [Veto4]:308.681 [SgUp1]:172734 [SgUp2]:173442 [SgUp3]:0 [SgUp4]:0 [SgLow1]:172450 [SgLow2]:173056 [SgLow3]:0 [SgLow4]:0 [NetMuon1]:462053 [NetMuon2]:462264 [NetMuon3]:491710 [NetMuon4]:491710
[Run]:42172 [Site]:2 [Bin]:16036 [FullTime]:3590.17 [SkipTime]:0 [Veto1]:504.014 [Veto2]:510.628 [Veto3]:308.395 [Veto4]:308.395 [SgUp1]:172758 [SgUp2]:173912 [SgUp3]:0 [SgUp4]:0 [SgLow1]:172389 [SgLow2]:173552 [SgLow3]:0 [SgLow4]:0 [NetMuon1]:462227 [NetMuon2]:460826 [NetMuon3]:491212 [NetMuon4]:491212
[Run]:42172 [Site]:2 [Bin]:16037 [FullTime]:3590.17 [SkipTime]:0 [Veto1]:487.008 [Veto2]:480.341 [Veto3]:308.142 [Veto4]:308.142 [SgUp1]:173763 [SgUp2]:175514 [SgUp3]:0 [SgUp4]:0 [SgLow1]:173375 [SgLow2]:175095 [SgLow3]:0 [SgLow4]:0 [NetMuon1]:464135 [NetMuon2]:465238 [NetMuon3]:490898 [NetMuon4]:490898
[Run]:42172 [Site]:2 [Bin]:16038 [FullTime]:3590.17 [SkipTime]:0 [Veto1]:506.501 [Veto2]:505.011 [Veto3]:307.43 [Veto4]:307.43 [SgUp1]:172456 [SgUp2]:173977 [SgUp3]:0 [SgUp4]:0 [SgLow1]:172103 [SgLow2]:173587 [SgLow3]:0 [SgLow4]:0 [NetMuon1]:460242 [NetMuon2]:460020 [NetMuon3]:489798 [NetMuon4]:489798
[Run]:42172 [Site]:2 [Bin]:16039 [FullTime]:3590.17 [SkipTime]:0 [Veto1]:518.998 [Veto2]:503.575 [Veto3]:307.594 [Veto4]:307.594 [SgUp1]:172972 [SgUp2]:174415 [SgUp3]:0 [SgUp4]:0 [SgLow1]:172639 [SgLow2]:174045 [SgLow3]:0 [SgLow4]:0 [NetMuon1]:458437 [NetMuon2]:460839 [NetMuon3]:489905 [NetMuon4]:489905
[Run]:42172 [Site]:2 [Bin]:16040 [FullTime]:3590.18 [SkipTime]:0 [Veto1]:504.999 [Veto2]:510.882 [Veto3]:308.166 [Veto4]:308.166 [SgUp1]:173119 [SgUp2]:173606 [SgUp3]:0 [SgUp4]:0 [SgLow1]:172741 [SgLow2]:173220 [SgLow3]:0 [SgLow4]:0 [NetMuon1]:461691 [NetMuon2]:460238 [NetMuon3]:490917 [NetMuon4]:490917
[Run]:42172 [Site]:2 [Bin]:16041 [FullTime]:3590.17 [SkipTime]:0 [Veto1]:498.163 [Veto2]:528.4 [Veto3]:308.122 [Veto4]:308.122 [SgUp1]:173763 [SgUp2]:172688 [SgUp3]:0 [SgUp4]:0 [SgLow1]:173410 [SgLow2]:172262 [SgLow3]:0 [SgLow4]:0 [NetMuon1]:462406 [NetMuon2]:457756 [NetMuon3]:490699 [NetMuon4]:490699
[Run]:42172 [Site]:2 [Bin]:16042 [FullTime]:3590.17 [SkipTime]:0 [Veto1]:516.103 [Veto2]:527.025 [Veto3]:308.235 [Veto4]:308.235 [SgUp1]:172450 [SgUp2]:172853 [SgUp3]:0 [SgUp4]:0 [SgLow1]:172122 [SgLow2]:172437 [SgLow3]:0 [SgLow4]:0 [NetMuon1]:459975 [NetMuon2]:458472 [NetMuon3]:491070 [NetMuon4]:491070
[Run]:42172 [Site]:2 [Bin]:16043 [FullTime]:3590.17 [SkipTime]:0 [Veto1]:517.643 [Veto2]:507.435 [Veto3]:309.294 [Veto4]:309.294 [SgUp1]:172182 [SgUp2]:173915 [SgUp3]:0 [SgUp4]:0 [SgLow1]:171820 [SgLow2]:173517 [SgLow3]:0 [SgLow4]:0 [NetMuon1]:461181 [NetMuon2]:463106 [NetMuon3]:492552 [NetMuon4]:492552
[Run]:42172 [Site]:2 [Bin]:16044 [FullTime]:3590.17 [SkipTime]:0 [Veto1]:507.787 [Veto2]:511.222 [Veto3]:309.472 [Veto4]:309.472 [SgUp1]:173222 [SgUp2]:172648 [SgUp3]:0 [SgUp4]:0 [SgLow1]:172857 [SgLow2]:172274 [SgLow3]:0 [SgLow4]:0 [NetMuon1]:463298 [NetMuon2]:462176 [NetMuon3]:492853 [NetMuon4]:492853
[Run]:42172 [Site]:2 [Bin]:16045 [FullTime]:3590.17 [SkipTime]:0 [Veto1]:520.749 [Veto2]:508.09 [Veto3]:309.051 [Veto4]:309.051 [SgUp1]:171667 [SgUp2]:172977 [SgUp3]:0 [SgUp4]:0 [SgLow1]:171339 [SgLow2]:172610 [SgLow3]:0 [SgLow4]:0 [NetMuon1]:460317 [NetMuon2]:462666 [NetMuon3]:492393 [NetMuon4]:492393
[Run]:42172 [Site]:2 [Bin]:16046 [FullTime]:3590.17 [SkipTime]:0 [Veto1]:499.362 [Veto2]:498.281 [Veto3]:309.489 [Veto4]:309.489 [SgUp1]:173453 [SgUp2]:174107 [SgUp3]:0 [SgUp4]:0 [SgLow1]:173096 [SgLow2]:173712 [SgLow3]:0 [SgLow4]:0 [NetMuon1]:464693 [NetMuon2]:464629 [NetMuon3]:492978 [NetMuon4]:492978
[Run]:42172 [Site]:2 [Bin]:16047 [FullTime]:3590.17 [SkipTime]:0 [Veto1]:505.251 [Veto2]:502.24 [Veto3]:308.908 [Veto4]:308.908 [SgUp1]:173598 [SgUp2]:173466 [SgUp3]:0 [SgUp4]:0 [SgLow1]:173275 [SgLow2]:173077 [SgLow3]:0 [SgLow4]:0 [NetMuon1]:462520 [NetMuon2]:462845 [NetMuon3]:492011 [NetMuon4]:492011
[Run]:42172 [Site]:2 [Bin]:16048 [FullTime]:3590.17 [SkipTime]:0 [Veto1]:516.695 [Veto2]:524.035 [Veto3]:308.572 [Veto4]:308.572 [SgUp1]:173230 [SgUp2]:172950 [SgUp3]:0 [SgUp4]:0 [SgLow1]:172895 [SgLow2]:172621 [SgLow3]:0 [SgLow4]:0 [NetMuon1]:460233 [NetMuon2]:459281 [NetMuon3]:491509 [NetMuon4]:491509
[Run]:42172 [Site]:2 [Bin]:16049 [FullTime]:3590.17 [SkipTime]:0 [Veto1]:500.409 [Veto2]:510.926 [Veto3]:309.614 [Veto4]:309.614 [SgUp1]:172742 [SgUp2]:173752 [SgUp3]:0 [SgUp4]:0 [SgLow1]:172362 [SgLow2]:173391 [SgLow3]:0 [SgLow4]:0 [NetMuon1]:464615 [NetMuon2]:463399 [NetMuon3]:493285 [NetMuon4]:493285
[Run]:42172 [Site]:2 [Bin]:16050 [FullTime]:3590.17 [SkipTime]:0 [Veto1]:493.127 [Veto2]:502.527 [Veto3]:308.831 [Veto4]:308.831 [SgUp1]:173739 [SgUp2]:173663 [SgUp3]:0 [SgUp4]:0 [SgLow1]:173377 [SgLow2]:173314 [SgLow3]:0 [SgLow4]:0 [NetMuon1]:464092 [NetMuon2]:462747 [NetMuon3]:491741 [NetMuon4]:491741
[Run]:42172 [Site]:2 [Bin]:16051 [FullTime]:3590.17 [SkipTime]:0 [Veto1]:512.972 [Veto2]:500.625 [Veto3]:309.111 [Veto4]:309.111 [SgUp1]:172621 [SgUp2]:173777 [SgUp3]:0 [SgUp4]:0 [SgLow1]:172260 [SgLow2]:173373 [SgLow3]:0 [SgLow4]:0 [NetMuon1]:462114 [NetMuon2]:463832 [NetMuon3]:492534 [NetMuon4]:492534
[Run]:42172 [Site]:2 [Bin]:16052 [FullTime]:3590.17 [SkipTime]:0 [Veto1]:482.536 [Veto2]:520.801 [Veto3]:308.289 [Veto4]:308.289 [SgUp1]:174571 [SgUp2]:173611 [SgUp3]:0 [SgUp4]:0 [SgLow1]:174152 [SgLow2]:173222 [SgLow3]:0 [SgLow4]:0 [NetMuon1]:465294 [NetMuon2]:459319 [NetMuon3]:491301 [NetMuon4]:491301
[Run]:42172 [Site]:2 [Bin]:16053 [FullTime]:3590.17 [SkipTime]:0 [Veto1]:495.81 [Veto2]:521.099 [Veto3]:308.74 [Veto4]:308.74 [SgUp1]:173764 [SgUp2]:172671 [SgUp3]:0 [SgUp4]:0 [SgLow1]:173373 [SgLow2]:172260 [SgLow3]:0 [SgLow4]:0 [NetMuon1]:463583 [NetMuon2]:459670 [NetMuon3]:491753 [NetMuon4]:491753
[Run]:42172 [Site]:2 [Bin]:16054 [FullTime]:3590.17 [SkipTime]:0 [Veto1]:503.05 [Veto2]:513.875 [Veto3]:308.585 [Veto4]:308.585 [SgUp1]:172586 [SgUp2]:173168 [SgUp3]:0 [SgUp4]:0 [SgLow1]:172211 [SgLow2]:172794 [SgLow3]:0 [SgLow4]:0 [NetMuon1]:462204 [NetMuon2]:460579 [NetMuon3]:491399 [NetMuon4]:491399
End process Run: 42172 ... 
[Run]:42172 [Site]:2 [Bin]:16055 [FullTime]:3585.19 [SkipTime]:0 [Veto1]:501.388 [Veto2]:488.614 [Veto3]:308.599 [Veto4]:308.599
