StreamChain add 0x397c7e0
Start to process run: 42757 ... 
[Run]:42757 [Site]:2 [Bin]:16659 [FullTime]:1615.51 [SkipTime]:0 [Veto1]:241.865 [Veto2]:219.859 [Veto3]:138.581 [Veto4]:138.581 [SgUp1]:77144 [SgUp2]:79067 [SgUp3]:0 [SgUp4]:0 [SgLow1]:76960 [SgLow2]:78898 [SgLow3]:0 [SgLow4]:0 [NetMuon1]:205328 [NetMuon2]:208621 [NetMuon3]:220798 [NetMuon4]:220798
[Run]:42757 [Site]:2 [Bin]:16660 [FullTime]:3590.17 [SkipTime]:0 [Veto1]:512.241 [Veto2]:497.809 [Veto3]:307.822 [Veto4]:307.822 [SgUp1]:173184 [SgUp2]:174481 [SgUp3]:0 [SgUp4]:0 [SgLow1]:172833 [SgLow2]:174117 [SgLow3]:0 [SgLow4]:0 [NetMuon1]:459559 [NetMuon2]:461857 [NetMuon3]:490213 [NetMuon4]:490213
[Run]:42757 [Site]:2 [Bin]:16661 [FullTime]:3590.17 [SkipTime]:0 [Veto1]:489.746 [Veto2]:482.069 [Veto3]:308.142 [Veto4]:308.142 [SgUp1]:173735 [SgUp2]:175621 [SgUp3]:0 [SgUp4]:0 [SgLow1]:173340 [SgLow2]:175197 [SgLow3]:0 [SgLow4]:0 [NetMuon1]:463796 [NetMuon2]:464829 [NetMuon3]:490765 [NetMuon4]:490765
[Run]:42757 [Site]:2 [Bin]:16662 [FullTime]:3590.17 [SkipTime]:0 [Veto1]:516.12 [Veto2]:484.778 [Veto3]:307.626 [Veto4]:307.626 [SgUp1]:173221 [SgUp2]:174484 [SgUp3]:0 [SgUp4]:0 [SgLow1]:172811 [SgLow2]:174112 [SgLow3]:0 [SgLow4]:0 [NetMuon1]:458991 [NetMuon2]:463642 [NetMuon3]:490189 [NetMuon4]:490189
[Run]:42757 [Site]:2 [Bin]:16663 [FullTime]:3590.18 [SkipTime]:0 [Veto1]:493.485 [Veto2]:500.266 [Veto3]:308.334 [Veto4]:308.334 [SgUp1]:174507 [SgUp2]:174422 [SgUp3]:0 [SgUp4]:0 [SgLow1]:174142 [SgLow2]:173998 [SgLow3]:0 [SgLow4]:0 [NetMuon1]:463384 [NetMuon2]:462237 [NetMuon3]:491067 [NetMuon4]:491067
[Run]:42757 [Site]:2 [Bin]:16664 [FullTime]:3590.17 [SkipTime]:0 [Veto1]:508.653 [Veto2]:502.997 [Veto3]:307.443 [Veto4]:307.443 [SgUp1]:173223 [SgUp2]:174061 [SgUp3]:0 [SgUp4]:0 [SgLow1]:172862 [SgLow2]:173666 [SgLow3]:0 [SgLow4]:0 [NetMuon1]:459282 [NetMuon2]:460625 [NetMuon3]:489749 [NetMuon4]:489749
[Run]:42757 [Site]:2 [Bin]:16665 [FullTime]:3590.17 [SkipTime]:0 [Veto1]:504.633 [Veto2]:489.005 [Veto3]:307.731 [Veto4]:307.731 [SgUp1]:173897 [SgUp2]:175669 [SgUp3]:0 [SgUp4]:0 [SgLow1]:173546 [SgLow2]:175216 [SgLow3]:0 [SgLow4]:0 [NetMuon1]:460709 [NetMuon2]:463259 [NetMuon3]:490282 [NetMuon4]:490282
[Run]:42757 [Site]:2 [Bin]:16666 [FullTime]:3590.17 [SkipTime]:0 [Veto1]:527.722 [Veto2]:495.757 [Veto3]:308.116 [Veto4]:308.116 [SgUp1]:172376 [SgUp2]:174904 [SgUp3]:0 [SgUp4]:0 [SgLow1]:171986 [SgLow2]:174518 [SgLow3]:0 [SgLow4]:0 [NetMuon1]:457683 [NetMuon2]:462683 [NetMuon3]:490753 [NetMuon4]:490753
[Run]:42757 [Site]:2 [Bin]:16667 [FullTime]:3590.17 [SkipTime]:0 [Veto1]:517.539 [Veto2]:498.392 [Veto3]:308.154 [Veto4]:308.154 [SgUp1]:173667 [SgUp2]:173805 [SgUp3]:0 [SgUp4]:0 [SgLow1]:173334 [SgLow2]:173352 [SgLow3]:0 [SgLow4]:0 [NetMuon1]:459100 [NetMuon2]:462733 [NetMuon3]:490882 [NetMuon4]:490882
[Run]:42757 [Site]:2 [Bin]:16668 [FullTime]:3590.17 [SkipTime]:0 [Veto1]:478.169 [Veto2]:501.187 [Veto3]:308.46 [Veto4]:308.46 [SgUp1]:175441 [SgUp2]:174214 [SgUp3]:0 [SgUp4]:0 [SgLow1]:175093 [SgLow2]:173786 [SgLow3]:0 [SgLow4]:0 [NetMuon1]:465905 [NetMuon2]:462459 [NetMuon3]:491456 [NetMuon4]:491456
[Run]:42757 [Site]:2 [Bin]:16669 [FullTime]:3590.17 [SkipTime]:0 [Veto1]:500.706 [Veto2]:534.772 [Veto3]:309.319 [Veto4]:309.319 [SgUp1]:174542 [SgUp2]:172621 [SgUp3]:0 [SgUp4]:0 [SgLow1]:174172 [SgLow2]:172251 [SgLow3]:0 [SgLow4]:0 [NetMuon1]:464055 [NetMuon2]:458958 [NetMuon3]:492714 [NetMuon4]:492714
[Run]:42757 [Site]:2 [Bin]:16670 [FullTime]:3590.17 [SkipTime]:0 [Veto1]:517.044 [Veto2]:513.692 [Veto3]:308.377 [Veto4]:308.377 [SgUp1]:172818 [SgUp2]:174333 [SgUp3]:0 [SgUp4]:0 [SgLow1]:172442 [SgLow2]:173951 [SgLow3]:0 [SgLow4]:0 [NetMuon1]:459828 [NetMuon2]:460496 [NetMuon3]:491380 [NetMuon4]:491380
[Run]:42757 [Site]:2 [Bin]:16671 [FullTime]:3590.17 [SkipTime]:0 [Veto1]:498.368 [Veto2]:497.895 [Veto3]:308.317 [Veto4]:308.317 [SgUp1]:173478 [SgUp2]:174756 [SgUp3]:0 [SgUp4]:0 [SgLow1]:173120 [SgLow2]:174333 [SgLow3]:0 [SgLow4]:0 [NetMuon1]:462764 [NetMuon2]:462658 [NetMuon3]:491191 [NetMuon4]:491191
[Run]:42757 [Site]:2 [Bin]:16672 [FullTime]:3590.17 [SkipTime]:0 [Veto1]:513.685 [Veto2]:511.357 [Veto3]:308.472 [Veto4]:308.472 [SgUp1]:172714 [SgUp2]:174031 [SgUp3]:0 [SgUp4]:0 [SgLow1]:172354 [SgLow2]:173621 [SgLow3]:0 [SgLow4]:0 [NetMuon1]:460714 [NetMuon2]:461040 [NetMuon3]:491298 [NetMuon4]:491298
[Run]:42757 [Site]:2 [Bin]:16673 [FullTime]:3590.17 [SkipTime]:0 [Veto1]:470.49 [Veto2]:507.092 [Veto3]:308.761 [Veto4]:308.761 [SgUp1]:175712 [SgUp2]:173468 [SgUp3]:0 [SgUp4]:0 [SgLow1]:175337 [SgLow2]:173067 [SgLow3]:0 [SgLow4]:0 [NetMuon1]:467635 [NetMuon2]:461840 [NetMuon3]:491837 [NetMuon4]:491837
[Run]:42757 [Site]:2 [Bin]:16674 [FullTime]:3590.17 [SkipTime]:0 [Veto1]:486.077 [Veto2]:493.933 [Veto3]:308.582 [Veto4]:308.582 [SgUp1]:175100 [SgUp2]:174741 [SgUp3]:0 [SgUp4]:0 [SgLow1]:174748 [SgLow2]:174333 [SgLow3]:0 [SgLow4]:0 [NetMuon1]:464748 [NetMuon2]:464117 [NetMuon3]:491581 [NetMuon4]:491581
End process Run: 42757 ... 
[Run]:42757 [Site]:2 [Bin]:16675 [FullTime]:2665.24 [SkipTime]:0 [Veto1]:371.848 [Veto2]:362.333 [Veto3]:228.938 [Veto4]:228.938
