StreamChain add 0x187387e0
Start to process run: 42648 ... 
[Run]:42648 [Site]:2 [Bin]:16496 [FullTime]:391.683 [SkipTime]:0 [Veto1]:52.3963 [Veto2]:55.8546 [Veto3]:33.6833 [Veto4]:33.6833 [SgUp1]:19127 [SgUp2]:18892 [SgUp3]:0 [SgUp4]:0 [SgLow1]:19079 [SgLow2]:18846 [SgLow3]:0 [SgLow4]:0 [NetMuon1]:50809 [NetMuon2]:50331 [NetMuon3]:53631 [NetMuon4]:53631
[Run]:42648 [Site]:2 [Bin]:16497 [FullTime]:3590.17 [SkipTime]:0 [Veto1]:497.529 [Veto2]:484.824 [Veto3]:308.66 [Veto4]:308.66 [SgUp1]:173444 [SgUp2]:174720 [SgUp3]:0 [SgUp4]:0 [SgLow1]:173133 [SgLow2]:174366 [SgLow3]:0 [SgLow4]:0 [NetMuon1]:463329 [NetMuon2]:465289 [NetMuon3]:491663 [NetMuon4]:491663
[Run]:42648 [Site]:2 [Bin]:16498 [FullTime]:3590.17 [SkipTime]:0 [Veto1]:512.94 [Veto2]:521.348 [Veto3]:308.937 [Veto4]:308.937 [SgUp1]:172307 [SgUp2]:172835 [SgUp3]:0 [SgUp4]:0 [SgLow1]:171941 [SgLow2]:172415 [SgLow3]:0 [SgLow4]:0 [NetMuon1]:461680 [NetMuon2]:460682 [NetMuon3]:492282 [NetMuon4]:492282
[Run]:42648 [Site]:2 [Bin]:16499 [FullTime]:3590.17 [SkipTime]:0 [Veto1]:500.739 [Veto2]:513.823 [Veto3]:308.518 [Veto4]:308.518 [SgUp1]:172940 [SgUp2]:173541 [SgUp3]:0 [SgUp4]:0 [SgLow1]:172654 [SgLow2]:173171 [SgLow3]:0 [SgLow4]:0 [NetMuon1]:462486 [NetMuon2]:460743 [NetMuon3]:491347 [NetMuon4]:491347
[Run]:42648 [Site]:2 [Bin]:16500 [FullTime]:3590.17 [SkipTime]:0 [Veto1]:507.226 [Veto2]:519.851 [Veto3]:308.852 [Veto4]:308.852 [SgUp1]:173033 [SgUp2]:173059 [SgUp3]:0 [SgUp4]:0 [SgLow1]:172650 [SgLow2]:172632 [SgLow3]:0 [SgLow4]:0 [NetMuon1]:462641 [NetMuon2]:460789 [NetMuon3]:492126 [NetMuon4]:492126
[Run]:42648 [Site]:2 [Bin]:16501 [FullTime]:3590.17 [SkipTime]:0 [Veto1]:491.659 [Veto2]:504.458 [Veto3]:308.643 [Veto4]:308.643 [SgUp1]:173102 [SgUp2]:174194 [SgUp3]:0 [SgUp4]:0 [SgLow1]:172755 [SgLow2]:173790 [SgLow3]:0 [SgLow4]:0 [NetMuon1]:464286 [NetMuon2]:462209 [NetMuon3]:491717 [NetMuon4]:491717
[Run]:42648 [Site]:2 [Bin]:16502 [FullTime]:3590.17 [SkipTime]:0 [Veto1]:503.822 [Veto2]:490.484 [Veto3]:308.806 [Veto4]:308.806 [SgUp1]:171846 [SgUp2]:174117 [SgUp3]:0 [SgUp4]:0 [SgLow1]:171508 [SgLow2]:173726 [SgLow3]:0 [SgLow4]:0 [NetMuon1]:462462 [NetMuon2]:464733 [NetMuon3]:491881 [NetMuon4]:491881
[Run]:42648 [Site]:2 [Bin]:16503 [FullTime]:3590.17 [SkipTime]:0 [Veto1]:538.495 [Veto2]:499.284 [Veto3]:308.801 [Veto4]:308.801 [SgUp1]:171855 [SgUp2]:174753 [SgUp3]:0 [SgUp4]:0 [SgLow1]:171513 [SgLow2]:174331 [SgLow3]:0 [SgLow4]:0 [NetMuon1]:457192 [NetMuon2]:462959 [NetMuon3]:491565 [NetMuon4]:491565
[Run]:42648 [Site]:2 [Bin]:16504 [FullTime]:3590.17 [SkipTime]:0 [Veto1]:511.828 [Veto2]:520.907 [Veto3]:308.758 [Veto4]:308.758 [SgUp1]:173265 [SgUp2]:173392 [SgUp3]:0 [SgUp4]:0 [SgLow1]:172878 [SgLow2]:172974 [SgLow3]:0 [SgLow4]:0 [NetMuon1]:461583 [NetMuon2]:460126 [NetMuon3]:492018 [NetMuon4]:492018
[Run]:42648 [Site]:2 [Bin]:16505 [FullTime]:3590.17 [SkipTime]:0 [Veto1]:522.536 [Veto2]:519.92 [Veto3]:308.807 [Veto4]:308.807 [SgUp1]:171801 [SgUp2]:172362 [SgUp3]:0 [SgUp4]:0 [SgLow1]:171403 [SgLow2]:172008 [SgLow3]:0 [SgLow4]:0 [NetMuon1]:459665 [NetMuon2]:460386 [NetMuon3]:491918 [NetMuon4]:491918
[Run]:42648 [Site]:2 [Bin]:16506 [FullTime]:3590.17 [SkipTime]:0 [Veto1]:511.789 [Veto2]:540.24 [Veto3]:307.821 [Veto4]:307.821 [SgUp1]:173139 [SgUp2]:171437 [SgUp3]:0 [SgUp4]:0 [SgLow1]:172757 [SgLow2]:171077 [SgLow3]:0 [SgLow4]:0 [NetMuon1]:459920 [NetMuon2]:455578 [NetMuon3]:490226 [NetMuon4]:490226
[Run]:42648 [Site]:2 [Bin]:16507 [FullTime]:3590.17 [SkipTime]:0 [Veto1]:471.248 [Veto2]:526.463 [Veto3]:308.773 [Veto4]:308.773 [SgUp1]:175382 [SgUp2]:172080 [SgUp3]:0 [SgUp4]:0 [SgLow1]:175057 [SgLow2]:171681 [SgLow3]:0 [SgLow4]:0 [NetMuon1]:467462 [NetMuon2]:459382 [NetMuon3]:491936 [NetMuon4]:491936
[Run]:42648 [Site]:2 [Bin]:16508 [FullTime]:3590.17 [SkipTime]:0 [Veto1]:496.154 [Veto2]:487.928 [Veto3]:308.135 [Veto4]:308.135 [SgUp1]:173625 [SgUp2]:175110 [SgUp3]:0 [SgUp4]:0 [SgLow1]:173243 [SgLow2]:174684 [SgLow3]:0 [SgLow4]:0 [NetMuon1]:462716 [NetMuon2]:463774 [NetMuon3]:490879 [NetMuon4]:490879
[Run]:42648 [Site]:2 [Bin]:16509 [FullTime]:3590.17 [SkipTime]:0 [Veto1]:503.284 [Veto2]:507.309 [Veto3]:308.435 [Veto4]:308.435 [SgUp1]:173870 [SgUp2]:174608 [SgUp3]:0 [SgUp4]:0 [SgLow1]:173467 [SgLow2]:174222 [SgLow3]:0 [SgLow4]:0 [NetMuon1]:461983 [NetMuon2]:461617 [NetMuon3]:491167 [NetMuon4]:491167
[Run]:42648 [Site]:2 [Bin]:16510 [FullTime]:3590.17 [SkipTime]:0 [Veto1]:502.365 [Veto2]:522.115 [Veto3]:308.416 [Veto4]:308.416 [SgUp1]:173325 [SgUp2]:172575 [SgUp3]:0 [SgUp4]:0 [SgLow1]:172998 [SgLow2]:172198 [SgLow3]:0 [SgLow4]:0 [NetMuon1]:462278 [NetMuon2]:459282 [NetMuon3]:491286 [NetMuon4]:491286
[Run]:42648 [Site]:2 [Bin]:16511 [FullTime]:3590.17 [SkipTime]:0 [Veto1]:515.703 [Veto2]:495.886 [Veto3]:307.1 [Veto4]:307.1 [SgUp1]:172485 [SgUp2]:173747 [SgUp3]:0 [SgUp4]:0 [SgLow1]:172159 [SgLow2]:173287 [SgLow3]:0 [SgLow4]:0 [NetMuon1]:458142 [NetMuon2]:461099 [NetMuon3]:489325 [NetMuon4]:489325
[Run]:42648 [Site]:2 [Bin]:16512 [FullTime]:3590.17 [SkipTime]:0 [Veto1]:507.462 [Veto2]:502.12 [Veto3]:306.977 [Veto4]:306.977 [SgUp1]:173532 [SgUp2]:173391 [SgUp3]:0 [SgUp4]:0 [SgLow1]:173205 [SgLow2]:172990 [SgLow3]:0 [SgLow4]:0 [NetMuon1]:459512 [NetMuon2]:460083 [NetMuon3]:489119 [NetMuon4]:489119
[Run]:42648 [Site]:2 [Bin]:16513 [FullTime]:3590.17 [SkipTime]:0 [Veto1]:504.468 [Veto2]:495.147 [Veto3]:308.324 [Veto4]:308.324 [SgUp1]:172018 [SgUp2]:174334 [SgUp3]:0 [SgUp4]:0 [SgLow1]:171668 [SgLow2]:173913 [SgLow3]:0 [SgLow4]:0 [NetMuon1]:462035 [NetMuon2]:463246 [NetMuon3]:491347 [NetMuon4]:491347
[Run]:42648 [Site]:2 [Bin]:16514 [FullTime]:3590.17 [SkipTime]:0 [Veto1]:509.975 [Veto2]:513.478 [Veto3]:308.738 [Veto4]:308.738 [SgUp1]:173159 [SgUp2]:173191 [SgUp3]:0 [SgUp4]:0 [SgLow1]:172823 [SgLow2]:172774 [SgLow3]:0 [SgLow4]:0 [NetMuon1]:461355 [NetMuon2]:461361 [NetMuon3]:491635 [NetMuon4]:491635
[Run]:42648 [Site]:2 [Bin]:16515 [FullTime]:3590.17 [SkipTime]:0 [Veto1]:502.627 [Veto2]:506.59 [Veto3]:308.155 [Veto4]:308.155 [SgUp1]:173543 [SgUp2]:173696 [SgUp3]:0 [SgUp4]:0 [SgLow1]:173172 [SgLow2]:173323 [SgLow3]:0 [SgLow4]:0 [NetMuon1]:461979 [NetMuon2]:461511 [NetMuon3]:490872 [NetMuon4]:490872
[Run]:42648 [Site]:2 [Bin]:16516 [FullTime]:3590.17 [SkipTime]:0 [Veto1]:507.161 [Veto2]:495.298 [Veto3]:309.539 [Veto4]:309.539 [SgUp1]:172243 [SgUp2]:173053 [SgUp3]:0 [SgUp4]:0 [SgLow1]:171883 [SgLow2]:172650 [SgLow3]:0 [SgLow4]:0 [NetMuon1]:463421 [NetMuon2]:465358 [NetMuon3]:493095 [NetMuon4]:493095
[Run]:42648 [Site]:2 [Bin]:16517 [FullTime]:3590.17 [SkipTime]:0 [Veto1]:513.604 [Veto2]:505.266 [Veto3]:309.071 [Veto4]:309.071 [SgUp1]:172393 [SgUp2]:172913 [SgUp3]:0 [SgUp4]:0 [SgLow1]:172040 [SgLow2]:172510 [SgLow3]:0 [SgLow4]:0 [NetMuon1]:461705 [NetMuon2]:462710 [NetMuon3]:492181 [NetMuon4]:492181
[Run]:42648 [Site]:2 [Bin]:16518 [FullTime]:3590.17 [SkipTime]:0 [Veto1]:517.488 [Veto2]:527.83 [Veto3]:308.48 [Veto4]:308.48 [SgUp1]:172551 [SgUp2]:172553 [SgUp3]:0 [SgUp4]:0 [SgLow1]:172144 [SgLow2]:172133 [SgLow3]:0 [SgLow4]:0 [NetMuon1]:460020 [NetMuon2]:458627 [NetMuon3]:491302 [NetMuon4]:491302
[Run]:42648 [Site]:2 [Bin]:16519 [FullTime]:3590.17 [SkipTime]:0 [Veto1]:489.931 [Veto2]:490.962 [Veto3]:308.561 [Veto4]:308.561 [SgUp1]:173663 [SgUp2]:173888 [SgUp3]:0 [SgUp4]:0 [SgLow1]:173318 [SgLow2]:173496 [SgLow3]:0 [SgLow4]:0 [NetMuon1]:464369 [NetMuon2]:464073 [NetMuon3]:491401 [NetMuon4]:491401
[Run]:42648 [Site]:2 [Bin]:16520 [FullTime]:3590.17 [SkipTime]:0 [Veto1]:509.616 [Veto2]:504.439 [Veto3]:307.952 [Veto4]:307.952 [SgUp1]:172220 [SgUp2]:173944 [SgUp3]:0 [SgUp4]:0 [SgLow1]:171877 [SgLow2]:173531 [SgLow3]:0 [SgLow4]:0 [NetMuon1]:460134 [NetMuon2]:460898 [NetMuon3]:490431 [NetMuon4]:490431
[Run]:42648 [Site]:2 [Bin]:16521 [FullTime]:3590.17 [SkipTime]:0 [Veto1]:489.217 [Veto2]:515.423 [Veto3]:308.731 [Veto4]:308.731 [SgUp1]:174074 [SgUp2]:172591 [SgUp3]:0 [SgUp4]:0 [SgLow1]:173724 [SgLow2]:172226 [SgLow3]:0 [SgLow4]:0 [NetMuon1]:464542 [NetMuon2]:460746 [NetMuon3]:491810 [NetMuon4]:491810
[Run]:42648 [Site]:2 [Bin]:16522 [FullTime]:3590.17 [SkipTime]:0 [Veto1]:518.278 [Veto2]:516.757 [Veto3]:308.389 [Veto4]:308.389 [SgUp1]:172238 [SgUp2]:173217 [SgUp3]:0 [SgUp4]:0 [SgLow1]:171871 [SgLow2]:172778 [SgLow3]:0 [SgLow4]:0 [NetMuon1]:459665 [NetMuon2]:460117 [NetMuon3]:491193 [NetMuon4]:491193
[Run]:42648 [Site]:2 [Bin]:16523 [FullTime]:3590.17 [SkipTime]:0 [Veto1]:504.188 [Veto2]:499.69 [Veto3]:308.596 [Veto4]:308.596 [SgUp1]:173219 [SgUp2]:174070 [SgUp3]:0 [SgUp4]:0 [SgLow1]:172874 [SgLow2]:173700 [SgLow3]:0 [SgLow4]:0 [NetMuon1]:462123 [NetMuon2]:463090 [NetMuon3]:491505 [NetMuon4]:491505
[Run]:42648 [Site]:2 [Bin]:16524 [FullTime]:3590.17 [SkipTime]:0 [Veto1]:506.028 [Veto2]:500.531 [Veto3]:308.543 [Veto4]:308.543 [SgUp1]:172714 [SgUp2]:173796 [SgUp3]:0 [SgUp4]:0 [SgLow1]:172297 [SgLow2]:173433 [SgLow3]:0 [SgLow4]:0 [NetMuon1]:461905 [NetMuon2]:462449 [NetMuon3]:491294 [NetMuon4]:491294
[Run]:42648 [Site]:2 [Bin]:16525 [FullTime]:3590.17 [SkipTime]:0 [Veto1]:514.734 [Veto2]:514.16 [Veto3]:308.332 [Veto4]:308.332 [SgUp1]:172596 [SgUp2]:172997 [SgUp3]:0 [SgUp4]:0 [SgLow1]:172239 [SgLow2]:172593 [SgLow3]:0 [SgLow4]:0 [NetMuon1]:460134 [NetMuon2]:459909 [NetMuon3]:491035 [NetMuon4]:491035
[Run]:42648 [Site]:2 [Bin]:16526 [FullTime]:3590.17 [SkipTime]:0 [Veto1]:514.163 [Veto2]:497.534 [Veto3]:309.148 [Veto4]:309.148 [SgUp1]:173403 [SgUp2]:174300 [SgUp3]:0 [SgUp4]:0 [SgLow1]:172992 [SgLow2]:173958 [SgLow3]:0 [SgLow4]:0 [NetMuon1]:461781 [NetMuon2]:464411 [NetMuon3]:492463 [NetMuon4]:492463
[Run]:42648 [Site]:2 [Bin]:16527 [FullTime]:3590.17 [SkipTime]:0 [Veto1]:505.209 [Veto2]:488.235 [Veto3]:309.259 [Veto4]:309.259 [SgUp1]:173574 [SgUp2]:174470 [SgUp3]:0 [SgUp4]:0 [SgLow1]:173227 [SgLow2]:174106 [SgLow3]:0 [SgLow4]:0 [NetMuon1]:463225 [NetMuon2]:465508 [NetMuon3]:492438 [NetMuon4]:492438
[Run]:42648 [Site]:2 [Bin]:16528 [FullTime]:3590.17 [SkipTime]:0 [Veto1]:501.4 [Veto2]:508.434 [Veto3]:308.375 [Veto4]:308.375 [SgUp1]:173320 [SgUp2]:173555 [SgUp3]:0 [SgUp4]:0 [SgLow1]:172953 [SgLow2]:173179 [SgLow3]:0 [SgLow4]:0 [NetMuon1]:461950 [NetMuon2]:460924 [NetMuon3]:491029 [NetMuon4]:491029
[Run]:42648 [Site]:2 [Bin]:16529 [FullTime]:3590.17 [SkipTime]:0 [Veto1]:513.571 [Veto2]:497.883 [Veto3]:308.632 [Veto4]:308.632 [SgUp1]:173213 [SgUp2]:174432 [SgUp3]:0 [SgUp4]:0 [SgLow1]:172876 [SgLow2]:174020 [SgLow3]:0 [SgLow4]:0 [NetMuon1]:460924 [NetMuon2]:463126 [NetMuon3]:491597 [NetMuon4]:491597
[Run]:42648 [Site]:2 [Bin]:16530 [FullTime]:3590.17 [SkipTime]:0 [Veto1]:504.363 [Veto2]:511.118 [Veto3]:307.982 [Veto4]:307.982 [SgUp1]:172675 [SgUp2]:172939 [SgUp3]:0 [SgUp4]:0 [SgLow1]:172330 [SgLow2]:172535 [SgLow3]:0 [SgLow4]:0 [NetMuon1]:461386 [NetMuon2]:460633 [NetMuon3]:490705 [NetMuon4]:490705
End process Run: 42648 ... 
[Run]:42648 [Site]:2 [Bin]:16531 [FullTime]:845.282 [SkipTime]:0 [Veto1]:117.225 [Veto2]:113.256 [Veto3]:72.6382 [Veto4]:72.6382
