StreamChain add 0x2002c7e0
Start to process run: 42061 ... 
[Run]:42061 [Site]:2 [Bin]:15886 [FullTime]:2038.32 [SkipTime]:0 [Veto1]:295.893 [Veto2]:298.985 [Veto3]:175.025 [Veto4]:175.025 [SgUp1]:97837 [SgUp2]:97586 [SgUp3]:0 [SgUp4]:0 [SgLow1]:97646 [SgLow2]:97393 [SgLow3]:0 [SgLow4]:0 [NetMuon1]:260630 [NetMuon2]:260252 [NetMuon3]:278800 [NetMuon4]:278800
[Run]:42061 [Site]:2 [Bin]:15887 [FullTime]:3590.17 [SkipTime]:0 [Veto1]:518.451 [Veto2]:490.888 [Veto3]:308.532 [Veto4]:308.532 [SgUp1]:172086 [SgUp2]:174761 [SgUp3]:0 [SgUp4]:0 [SgLow1]:171727 [SgLow2]:174361 [SgLow3]:0 [SgLow4]:0 [NetMuon1]:460314 [NetMuon2]:464350 [NetMuon3]:491515 [NetMuon4]:491515
[Run]:42061 [Site]:2 [Bin]:15888 [FullTime]:3590.17 [SkipTime]:0 [Veto1]:510.212 [Veto2]:508.799 [Veto3]:309.442 [Veto4]:309.442 [SgUp1]:172935 [SgUp2]:173630 [SgUp3]:0 [SgUp4]:0 [SgLow1]:172583 [SgLow2]:173242 [SgLow3]:0 [SgLow4]:0 [NetMuon1]:462705 [NetMuon2]:462746 [NetMuon3]:492740 [NetMuon4]:492740
[Run]:42061 [Site]:2 [Bin]:15889 [FullTime]:3590.17 [SkipTime]:0 [Veto1]:509.918 [Veto2]:526.937 [Veto3]:308.767 [Veto4]:308.767 [SgUp1]:172778 [SgUp2]:172833 [SgUp3]:0 [SgUp4]:0 [SgLow1]:172364 [SgLow2]:172421 [SgLow3]:0 [SgLow4]:0 [NetMuon1]:461750 [NetMuon2]:459307 [NetMuon3]:491799 [NetMuon4]:491799
[Run]:42061 [Site]:2 [Bin]:15890 [FullTime]:3590.17 [SkipTime]:0 [Veto1]:505.796 [Veto2]:490.487 [Veto3]:309.124 [Veto4]:309.124 [SgUp1]:172746 [SgUp2]:174475 [SgUp3]:0 [SgUp4]:0 [SgLow1]:172403 [SgLow2]:174086 [SgLow3]:0 [SgLow4]:0 [NetMuon1]:462955 [NetMuon2]:465098 [NetMuon3]:492405 [NetMuon4]:492405
[Run]:42061 [Site]:2 [Bin]:15891 [FullTime]:3590.17 [SkipTime]:0 [Veto1]:517.824 [Veto2]:494.777 [Veto3]:308.628 [Veto4]:308.628 [SgUp1]:172537 [SgUp2]:174467 [SgUp3]:0 [SgUp4]:0 [SgLow1]:172157 [SgLow2]:174087 [SgLow3]:0 [SgLow4]:0 [NetMuon1]:459800 [NetMuon2]:463677 [NetMuon3]:491525 [NetMuon4]:491525
[Run]:42061 [Site]:2 [Bin]:15892 [FullTime]:3590.17 [SkipTime]:0 [Veto1]:516.135 [Veto2]:486.772 [Veto3]:309.081 [Veto4]:309.081 [SgUp1]:172627 [SgUp2]:175480 [SgUp3]:0 [SgUp4]:0 [SgLow1]:172252 [SgLow2]:175090 [SgLow3]:0 [SgLow4]:0 [NetMuon1]:461641 [NetMuon2]:465348 [NetMuon3]:492305 [NetMuon4]:492305
[Run]:42061 [Site]:2 [Bin]:15893 [FullTime]:3590.17 [SkipTime]:0 [Veto1]:505.665 [Veto2]:496.383 [Veto3]:308.279 [Veto4]:308.279 [SgUp1]:172326 [SgUp2]:174089 [SgUp3]:0 [SgUp4]:0 [SgLow1]:171977 [SgLow2]:173671 [SgLow3]:0 [SgLow4]:0 [NetMuon1]:461437 [NetMuon2]:462816 [NetMuon3]:490901 [NetMuon4]:490901
[Run]:42061 [Site]:2 [Bin]:15894 [FullTime]:3590.18 [SkipTime]:0 [Veto1]:494.246 [Veto2]:508.447 [Veto3]:309.712 [Veto4]:309.712 [SgUp1]:173263 [SgUp2]:174100 [SgUp3]:0 [SgUp4]:0 [SgLow1]:172915 [SgLow2]:173711 [SgLow3]:0 [SgLow4]:0 [NetMuon1]:465773 [NetMuon2]:463515 [NetMuon3]:493571 [NetMuon4]:493571
[Run]:42061 [Site]:2 [Bin]:15895 [FullTime]:3590.16 [SkipTime]:0 [Veto1]:529.702 [Veto2]:510.465 [Veto3]:309.517 [Veto4]:309.517 [SgUp1]:171452 [SgUp2]:173626 [SgUp3]:0 [SgUp4]:0 [SgLow1]:171080 [SgLow2]:173240 [SgLow3]:0 [SgLow4]:0 [NetMuon1]:460133 [NetMuon2]:462486 [NetMuon3]:493006 [NetMuon4]:493006
[Run]:42061 [Site]:2 [Bin]:15896 [FullTime]:3590.17 [SkipTime]:0 [Veto1]:523.904 [Veto2]:512.428 [Veto3]:308.872 [Veto4]:308.872 [SgUp1]:172060 [SgUp2]:173109 [SgUp3]:0 [SgUp4]:0 [SgLow1]:171689 [SgLow2]:172758 [SgLow3]:0 [SgLow4]:0 [NetMuon1]:459853 [NetMuon2]:461459 [NetMuon3]:491995 [NetMuon4]:491995
[Run]:42061 [Site]:2 [Bin]:15897 [FullTime]:3590.17 [SkipTime]:0 [Veto1]:511.558 [Veto2]:503.942 [Veto3]:309.603 [Veto4]:309.603 [SgUp1]:172910 [SgUp2]:174080 [SgUp3]:0 [SgUp4]:0 [SgLow1]:172563 [SgLow2]:173667 [SgLow3]:0 [SgLow4]:0 [NetMuon1]:462562 [NetMuon2]:463830 [NetMuon3]:493021 [NetMuon4]:493021
[Run]:42061 [Site]:2 [Bin]:15898 [FullTime]:3590.17 [SkipTime]:0 [Veto1]:485.606 [Veto2]:511.572 [Veto3]:308.874 [Veto4]:308.874 [SgUp1]:173917 [SgUp2]:174092 [SgUp3]:0 [SgUp4]:0 [SgLow1]:173504 [SgLow2]:173721 [SgLow3]:0 [SgLow4]:0 [NetMuon1]:465461 [NetMuon2]:461190 [NetMuon3]:491766 [NetMuon4]:491766
[Run]:42061 [Site]:2 [Bin]:15899 [FullTime]:3590.17 [SkipTime]:0 [Veto1]:487.529 [Veto2]:494.239 [Veto3]:308.386 [Veto4]:308.386 [SgUp1]:174536 [SgUp2]:174303 [SgUp3]:0 [SgUp4]:0 [SgLow1]:174174 [SgLow2]:173943 [SgLow3]:0 [SgLow4]:0 [NetMuon1]:464434 [NetMuon2]:463478 [NetMuon3]:491247 [NetMuon4]:491247
[Run]:42061 [Site]:2 [Bin]:15900 [FullTime]:3590.17 [SkipTime]:0 [Veto1]:493.078 [Veto2]:510.47 [Veto3]:308.312 [Veto4]:308.312 [SgUp1]:173822 [SgUp2]:173650 [SgUp3]:0 [SgUp4]:0 [SgLow1]:173458 [SgLow2]:173276 [SgLow3]:0 [SgLow4]:0 [NetMuon1]:463397 [NetMuon2]:460941 [NetMuon3]:491239 [NetMuon4]:491239
[Run]:42061 [Site]:2 [Bin]:15901 [FullTime]:3590.17 [SkipTime]:0 [Veto1]:496.083 [Veto2]:482.472 [Veto3]:308.75 [Veto4]:308.75 [SgUp1]:174424 [SgUp2]:175184 [SgUp3]:0 [SgUp4]:0 [SgLow1]:174055 [SgLow2]:174754 [SgLow3]:0 [SgLow4]:0 [NetMuon1]:463805 [NetMuon2]:465648 [NetMuon3]:491747 [NetMuon4]:491747
[Run]:42061 [Site]:2 [Bin]:15902 [FullTime]:3590.17 [SkipTime]:0 [Veto1]:529.563 [Veto2]:503.797 [Veto3]:309.585 [Veto4]:309.585 [SgUp1]:172152 [SgUp2]:173644 [SgUp3]:0 [SgUp4]:0 [SgLow1]:171799 [SgLow2]:173217 [SgLow3]:0 [SgLow4]:0 [NetMuon1]:459970 [NetMuon2]:463479 [NetMuon3]:493005 [NetMuon4]:493005
[Run]:42061 [Site]:2 [Bin]:15903 [FullTime]:3590.17 [SkipTime]:0 [Veto1]:501.985 [Veto2]:488.441 [Veto3]:309.321 [Veto4]:309.321 [SgUp1]:173384 [SgUp2]:175240 [SgUp3]:0 [SgUp4]:0 [SgLow1]:173048 [SgLow2]:174868 [SgLow3]:0 [SgLow4]:0 [NetMuon1]:463746 [NetMuon2]:465674 [NetMuon3]:492754 [NetMuon4]:492754
[Run]:42061 [Site]:2 [Bin]:15904 [FullTime]:3590.17 [SkipTime]:0 [Veto1]:523.879 [Veto2]:504.581 [Veto3]:309.643 [Veto4]:309.643 [SgUp1]:171772 [SgUp2]:173534 [SgUp3]:0 [SgUp4]:0 [SgLow1]:171398 [SgLow2]:173088 [SgLow3]:0 [SgLow4]:0 [NetMuon1]:460925 [NetMuon2]:463617 [NetMuon3]:492927 [NetMuon4]:492927
[Run]:42061 [Site]:2 [Bin]:15905 [FullTime]:3590.17 [SkipTime]:0 [Veto1]:502.235 [Veto2]:501.822 [Veto3]:308.935 [Veto4]:308.935 [SgUp1]:173726 [SgUp2]:173831 [SgUp3]:0 [SgUp4]:0 [SgLow1]:173405 [SgLow2]:173457 [SgLow3]:0 [SgLow4]:0 [NetMuon1]:463137 [NetMuon2]:463425 [NetMuon3]:492057 [NetMuon4]:492057
[Run]:42061 [Site]:2 [Bin]:15906 [FullTime]:3590.17 [SkipTime]:0 [Veto1]:513.006 [Veto2]:505.477 [Veto3]:309.009 [Veto4]:309.009 [SgUp1]:171854 [SgUp2]:173798 [SgUp3]:0 [SgUp4]:0 [SgLow1]:171471 [SgLow2]:173434 [SgLow3]:0 [SgLow4]:0 [NetMuon1]:461968 [NetMuon2]:462894 [NetMuon3]:492277 [NetMuon4]:492277
[Run]:42061 [Site]:2 [Bin]:15907 [FullTime]:3590.17 [SkipTime]:0 [Veto1]:514.662 [Veto2]:507.384 [Veto3]:309.238 [Veto4]:309.238 [SgUp1]:172907 [SgUp2]:174468 [SgUp3]:0 [SgUp4]:0 [SgLow1]:172586 [SgLow2]:174084 [SgLow3]:0 [SgLow4]:0 [NetMuon1]:461152 [NetMuon2]:462548 [NetMuon3]:492142 [NetMuon4]:492142
[Run]:42061 [Site]:2 [Bin]:15908 [FullTime]:3590.17 [SkipTime]:0 [Veto1]:497.933 [Veto2]:496.494 [Veto3]:307.951 [Veto4]:307.951 [SgUp1]:174114 [SgUp2]:174453 [SgUp3]:0 [SgUp4]:0 [SgLow1]:173753 [SgLow2]:174056 [SgLow3]:0 [SgLow4]:0 [NetMuon1]:462200 [NetMuon2]:462155 [NetMuon3]:490434 [NetMuon4]:490434
[Run]:42061 [Site]:2 [Bin]:15909 [FullTime]:3590.17 [SkipTime]:0 [Veto1]:501.702 [Veto2]:500.326 [Veto3]:308.789 [Veto4]:308.789 [SgUp1]:174061 [SgUp2]:174517 [SgUp3]:0 [SgUp4]:0 [SgLow1]:173688 [SgLow2]:174113 [SgLow3]:0 [SgLow4]:0 [NetMuon1]:463185 [NetMuon2]:463001 [NetMuon3]:491793 [NetMuon4]:491793
[Run]:42061 [Site]:2 [Bin]:15910 [FullTime]:3590.17 [SkipTime]:0 [Veto1]:515.303 [Veto2]:511.05 [Veto3]:308.69 [Veto4]:308.69 [SgUp1]:172041 [SgUp2]:174017 [SgUp3]:0 [SgUp4]:0 [SgLow1]:171722 [SgLow2]:173604 [SgLow3]:0 [SgLow4]:0 [NetMuon1]:460705 [NetMuon2]:461252 [NetMuon3]:491719 [NetMuon4]:491719
[Run]:42061 [Site]:2 [Bin]:15911 [FullTime]:3590.17 [SkipTime]:0 [Veto1]:516.276 [Veto2]:520.386 [Veto3]:308.32 [Veto4]:308.32 [SgUp1]:171886 [SgUp2]:173212 [SgUp3]:0 [SgUp4]:0 [SgLow1]:171557 [SgLow2]:172787 [SgLow3]:0 [SgLow4]:0 [NetMuon1]:459689 [NetMuon2]:459050 [NetMuon3]:490910 [NetMuon4]:490910
[Run]:42061 [Site]:2 [Bin]:15912 [FullTime]:3590.17 [SkipTime]:0 [Veto1]:496.31 [Veto2]:507.928 [Veto3]:308.732 [Veto4]:308.732 [SgUp1]:173611 [SgUp2]:173639 [SgUp3]:0 [SgUp4]:0 [SgLow1]:173259 [SgLow2]:173266 [SgLow3]:0 [SgLow4]:0 [NetMuon1]:463677 [NetMuon2]:462067 [NetMuon3]:491876 [NetMuon4]:491876
[Run]:42061 [Site]:2 [Bin]:15913 [FullTime]:3590.17 [SkipTime]:0 [Veto1]:518.315 [Veto2]:502.755 [Veto3]:308.165 [Veto4]:308.165 [SgUp1]:172345 [SgUp2]:173581 [SgUp3]:0 [SgUp4]:0 [SgLow1]:172008 [SgLow2]:173192 [SgLow3]:0 [SgLow4]:0 [NetMuon1]:459247 [NetMuon2]:461593 [NetMuon3]:490673 [NetMuon4]:490673
[Run]:42061 [Site]:2 [Bin]:15914 [FullTime]:3590.17 [SkipTime]:0 [Veto1]:503.277 [Veto2]:503.877 [Veto3]:308.464 [Veto4]:308.464 [SgUp1]:173115 [SgUp2]:174243 [SgUp3]:0 [SgUp4]:0 [SgLow1]:172739 [SgLow2]:173868 [SgLow3]:0 [SgLow4]:0 [NetMuon1]:462492 [NetMuon2]:461960 [NetMuon3]:491299 [NetMuon4]:491299
[Run]:42061 [Site]:2 [Bin]:15915 [FullTime]:3590.17 [SkipTime]:0 [Veto1]:528.715 [Veto2]:491.156 [Veto3]:308.368 [Veto4]:308.368 [SgUp1]:172375 [SgUp2]:174370 [SgUp3]:0 [SgUp4]:0 [SgLow1]:172002 [SgLow2]:173960 [SgLow3]:0 [SgLow4]:0 [NetMuon1]:458086 [NetMuon2]:463864 [NetMuon3]:491089 [NetMuon4]:491089
[Run]:42061 [Site]:2 [Bin]:15916 [FullTime]:3590.17 [SkipTime]:0 [Veto1]:498.752 [Veto2]:512.833 [Veto3]:307.467 [Veto4]:307.467 [SgUp1]:172889 [SgUp2]:173343 [SgUp3]:0 [SgUp4]:0 [SgLow1]:172547 [SgLow2]:173017 [SgLow3]:0 [SgLow4]:0 [NetMuon1]:461052 [NetMuon2]:458813 [NetMuon3]:489795 [NetMuon4]:489795
[Run]:42061 [Site]:2 [Bin]:15917 [FullTime]:3590.17 [SkipTime]:0 [Veto1]:501.148 [Veto2]:504.168 [Veto3]:309.054 [Veto4]:309.054 [SgUp1]:172651 [SgUp2]:174420 [SgUp3]:0 [SgUp4]:0 [SgLow1]:172244 [SgLow2]:174038 [SgLow3]:0 [SgLow4]:0 [NetMuon1]:463807 [NetMuon2]:463181 [NetMuon3]:492469 [NetMuon4]:492469
[Run]:42061 [Site]:2 [Bin]:15918 [FullTime]:3590.17 [SkipTime]:0 [Veto1]:515.115 [Veto2]:529.606 [Veto3]:308.531 [Veto4]:308.531 [SgUp1]:172282 [SgUp2]:173204 [SgUp3]:0 [SgUp4]:0 [SgLow1]:171942 [SgLow2]:172815 [SgLow3]:0 [SgLow4]:0 [NetMuon1]:460591 [NetMuon2]:458053 [NetMuon3]:491430 [NetMuon4]:491430
[Run]:42061 [Site]:2 [Bin]:15919 [FullTime]:3590.17 [SkipTime]:0 [Veto1]:509.409 [Veto2]:510.069 [Veto3]:308.658 [Veto4]:308.658 [SgUp1]:172599 [SgUp2]:174377 [SgUp3]:0 [SgUp4]:0 [SgLow1]:172205 [SgLow2]:173956 [SgLow3]:0 [SgLow4]:0 [NetMuon1]:461334 [NetMuon2]:461267 [NetMuon3]:491553 [NetMuon4]:491553
[Run]:42061 [Site]:2 [Bin]:15920 [FullTime]:3590.17 [SkipTime]:0 [Veto1]:494.263 [Veto2]:516.798 [Veto3]:308.887 [Veto4]:308.887 [SgUp1]:173280 [SgUp2]:173702 [SgUp3]:0 [SgUp4]:0 [SgLow1]:172872 [SgLow2]:173294 [SgLow3]:0 [SgLow4]:0 [NetMuon1]:464278 [NetMuon2]:460914 [NetMuon3]:492093 [NetMuon4]:492093
[Run]:42061 [Site]:2 [Bin]:15921 [FullTime]:3590.17 [SkipTime]:0 [Veto1]:508.376 [Veto2]:496.449 [Veto3]:308.563 [Veto4]:308.563 [SgUp1]:172897 [SgUp2]:174321 [SgUp3]:0 [SgUp4]:0 [SgLow1]:172515 [SgLow2]:173936 [SgLow3]:0 [SgLow4]:0 [NetMuon1]:462014 [NetMuon2]:463669 [NetMuon3]:491649 [NetMuon4]:491649
[Run]:42061 [Site]:2 [Bin]:15922 [FullTime]:3590.17 [SkipTime]:0 [Veto1]:513.546 [Veto2]:503.489 [Veto3]:308.75 [Veto4]:308.75 [SgUp1]:172419 [SgUp2]:174363 [SgUp3]:0 [SgUp4]:0 [SgLow1]:171958 [SgLow2]:173981 [SgLow3]:0 [SgLow4]:0 [NetMuon1]:460785 [NetMuon2]:462639 [NetMuon3]:491701 [NetMuon4]:491701
[Run]:42061 [Site]:2 [Bin]:15923 [FullTime]:3590.17 [SkipTime]:0 [Veto1]:509.889 [Veto2]:520.212 [Veto3]:308.912 [Veto4]:308.912 [SgUp1]:172873 [SgUp2]:173384 [SgUp3]:0 [SgUp4]:0 [SgLow1]:172531 [SgLow2]:172955 [SgLow3]:0 [SgLow4]:0 [NetMuon1]:461874 [NetMuon2]:460255 [NetMuon3]:491899 [NetMuon4]:491899
[Run]:42061 [Site]:2 [Bin]:15924 [FullTime]:3590.17 [SkipTime]:0 [Veto1]:506.891 [Veto2]:515.703 [Veto3]:308.489 [Veto4]:308.489 [SgUp1]:173197 [SgUp2]:173790 [SgUp3]:0 [SgUp4]:0 [SgLow1]:172816 [SgLow2]:173360 [SgLow3]:0 [SgLow4]:0 [NetMuon1]:461583 [NetMuon2]:460256 [NetMuon3]:491294 [NetMuon4]:491294
[Run]:42061 [Site]:2 [Bin]:15925 [FullTime]:3590.17 [SkipTime]:0 [Veto1]:490.736 [Veto2]:505.251 [Veto3]:308.97 [Veto4]:308.97 [SgUp1]:174321 [SgUp2]:174984 [SgUp3]:0 [SgUp4]:0 [SgLow1]:173948 [SgLow2]:174618 [SgLow3]:0 [SgLow4]:0 [NetMuon1]:464998 [NetMuon2]:462609 [NetMuon3]:492143 [NetMuon4]:492143
[Run]:42061 [Site]:2 [Bin]:15926 [FullTime]:3590.17 [SkipTime]:0 [Veto1]:511.889 [Veto2]:521.1 [Veto3]:308.761 [Veto4]:308.761 [SgUp1]:172902 [SgUp2]:172745 [SgUp3]:0 [SgUp4]:0 [SgLow1]:172513 [SgLow2]:172334 [SgLow3]:0 [SgLow4]:0 [NetMuon1]:461310 [NetMuon2]:460035 [NetMuon3]:491723 [NetMuon4]:491723
[Run]:42061 [Site]:2 [Bin]:15927 [FullTime]:3590.17 [SkipTime]:0 [Veto1]:486.555 [Veto2]:512.231 [Veto3]:308.267 [Veto4]:308.267 [SgUp1]:174506 [SgUp2]:173982 [SgUp3]:0 [SgUp4]:0 [SgLow1]:174131 [SgLow2]:173607 [SgLow3]:0 [SgLow4]:0 [NetMuon1]:464119 [NetMuon2]:460364 [NetMuon3]:490783 [NetMuon4]:490783
[Run]:42061 [Site]:2 [Bin]:15928 [FullTime]:3590.17 [SkipTime]:0 [Veto1]:521.558 [Veto2]:515.933 [Veto3]:308.708 [Veto4]:308.708 [SgUp1]:171389 [SgUp2]:173744 [SgUp3]:0 [SgUp4]:0 [SgLow1]:171024 [SgLow2]:173340 [SgLow3]:0 [SgLow4]:0 [NetMuon1]:459905 [NetMuon2]:460638 [NetMuon3]:491751 [NetMuon4]:491751
[Run]:42061 [Site]:2 [Bin]:15929 [FullTime]:3590.17 [SkipTime]:0 [Veto1]:500.1 [Veto2]:532.966 [Veto3]:308.31 [Veto4]:308.31 [SgUp1]:174263 [SgUp2]:173202 [SgUp3]:0 [SgUp4]:0 [SgLow1]:173924 [SgLow2]:172847 [SgLow3]:0 [SgLow4]:0 [NetMuon1]:462335 [NetMuon2]:457533 [NetMuon3]:491125 [NetMuon4]:491125
[Run]:42061 [Site]:2 [Bin]:15930 [FullTime]:3590.17 [SkipTime]:0 [Veto1]:502.456 [Veto2]:519.788 [Veto3]:308.926 [Veto4]:308.926 [SgUp1]:174094 [SgUp2]:173819 [SgUp3]:0 [SgUp4]:0 [SgLow1]:173727 [SgLow2]:173413 [SgLow3]:0 [SgLow4]:0 [NetMuon1]:463052 [NetMuon2]:460456 [NetMuon3]:491968 [NetMuon4]:491968
[Run]:42061 [Site]:2 [Bin]:15931 [FullTime]:3590.17 [SkipTime]:0 [Veto1]:514.336 [Veto2]:502.653 [Veto3]:308.481 [Veto4]:308.481 [SgUp1]:172775 [SgUp2]:173782 [SgUp3]:0 [SgUp4]:0 [SgLow1]:172429 [SgLow2]:173377 [SgLow3]:0 [SgLow4]:0 [NetMuon1]:460197 [NetMuon2]:462148 [NetMuon3]:491085 [NetMuon4]:491085
[Run]:42061 [Site]:2 [Bin]:15932 [FullTime]:3590.17 [SkipTime]:0 [Veto1]:499.499 [Veto2]:495.518 [Veto3]:307.56 [Veto4]:307.56 [SgUp1]:173751 [SgUp2]:175163 [SgUp3]:0 [SgUp4]:0 [SgLow1]:173402 [SgLow2]:174844 [SgLow3]:0 [SgLow4]:0 [NetMuon1]:461278 [NetMuon2]:461701 [NetMuon3]:489810 [NetMuon4]:489810
[Run]:42061 [Site]:2 [Bin]:15933 [FullTime]:3590.17 [SkipTime]:0 [Veto1]:503.413 [Veto2]:503.889 [Veto3]:308.873 [Veto4]:308.873 [SgUp1]:173074 [SgUp2]:174121 [SgUp3]:0 [SgUp4]:0 [SgLow1]:172695 [SgLow2]:173730 [SgLow3]:0 [SgLow4]:0 [NetMuon1]:462959 [NetMuon2]:462624 [NetMuon3]:491957 [NetMuon4]:491957
End process Run: 42061 ... 
[Run]:42061 [Site]:2 [Bin]:15934 [FullTime]:1522.92 [SkipTime]:0 [Veto1]:217.235 [Veto2]:208.954 [Veto3]:131.43 [Veto4]:131.43
