StreamChain add 0x2f307e0
Start to process run: 21396 ... 
[Run]:21396 [Site]:4 [Bin]:294 [FullTime]:513.404 [SkipTime]:0 [Veto1]:5.9733 [Veto2]:6.96063 [Veto3]:5.95929 [Veto4]:4.768 [SgUp1]:34023 [SgUp2]:34584 [SgUp3]:35227 [SgUp4]:0 [SgLow1]:33962 [SgLow2]:34536 [SgLow3]:35178 [SgLow4]:0 [NetMuon1]:7888 [NetMuon2]:7881 [NetMuon3]:7893 [NetMuon4]:7911
[Run]:21396 [Site]:4 [Bin]:295 [FullTime]:3590.17 [SkipTime]:0 [Veto1]:52.505 [Veto2]:51.5006 [Veto3]:61.4416 [Veto4]:33.2077 [SgUp1]:240373 [SgUp2]:243027 [SgUp3]:243857 [SgUp4]:0 [SgLow1]:240001 [SgLow2]:242673 [SgLow3]:243445 [SgLow4]:0 [NetMuon1]:54800 [NetMuon2]:54810 [NetMuon3]:54677 [NetMuon4]:55085
[Run]:21396 [Site]:4 [Bin]:296 [FullTime]:2462.38 [SkipTime]:1127.79 [Veto1]:46.829 [Veto2]:30.5791 [Veto3]:41.4685 [Veto4]:22.6468 [SgUp1]:163858 [SgUp2]:166622 [SgUp3]:167830 [SgUp4]:0 [SgLow1]:163533 [SgLow2]:166322 [SgLow3]:167539 [SgLow4]:0 [NetMuon1]:37185 [NetMuon2]:37431 [NetMuon3]:37265 [NetMuon4]:37555
[Run]:21396 [Site]:4 [Bin]:297 [FullTime]:3590.17 [SkipTime]:0 [Veto1]:61.2504 [Veto2]:65.2683 [Veto3]:54.4424 [Veto4]:33.086 [SgUp1]:239731 [SgUp2]:242059 [SgUp3]:244160 [SgUp4]:0 [SgLow1]:239342 [SgLow2]:241654 [SgLow3]:243768 [SgLow4]:0 [NetMuon1]:54407 [NetMuon2]:54391 [NetMuon3]:54529 [NetMuon4]:54884
[Run]:21396 [Site]:4 [Bin]:298 [FullTime]:3590.17 [SkipTime]:0 [Veto1]:55.4888 [Veto2]:53.7981 [Veto3]:60.3949 [Veto4]:33.2027 [SgUp1]:240109 [SgUp2]:242535 [SgUp3]:243384 [SgUp4]:0 [SgLow1]:239759 [SgLow2]:242157 [SgLow3]:243018 [SgLow4]:0 [NetMuon1]:54729 [NetMuon2]:54743 [NetMuon3]:54642 [NetMuon4]:55065
[Run]:21396 [Site]:4 [Bin]:299 [FullTime]:3590.17 [SkipTime]:0 [Veto1]:57.2919 [Veto2]:62.3187 [Veto3]:55.3466 [Veto4]:33.0947 [SgUp1]:239809 [SgUp2]:242026 [SgUp3]:244871 [SgUp4]:0 [SgLow1]:239431 [SgLow2]:241619 [SgLow3]:244547 [SgLow4]:0 [NetMuon1]:54495 [NetMuon2]:54456 [NetMuon3]:54602 [NetMuon4]:54906
[Run]:21396 [Site]:4 [Bin]:300 [FullTime]:3590.17 [SkipTime]:0 [Veto1]:58.4426 [Veto2]:63.1594 [Veto3]:50.3242 [Veto4]:33.02 [SgUp1]:239527 [SgUp2]:241863 [SgUp3]:244482 [SgUp4]:0 [SgLow1]:239097 [SgLow2]:241500 [SgLow3]:244079 [SgLow4]:0 [NetMuon1]:54415 [NetMuon2]:54313 [NetMuon3]:54543 [NetMuon4]:54797
[Run]:21396 [Site]:4 [Bin]:301 [FullTime]:3590.17 [SkipTime]:0 [Veto1]:62.4453 [Veto2]:48.5966 [Veto3]:54.4752 [Veto4]:33.2395 [SgUp1]:239723 [SgUp2]:242636 [SgUp3]:244835 [SgUp4]:0 [SgLow1]:239378 [SgLow2]:242242 [SgLow3]:244380 [SgLow4]:0 [NetMuon1]:54716 [NetMuon2]:54925 [NetMuon3]:54822 [NetMuon4]:55148
[Run]:21396 [Site]:4 [Bin]:302 [FullTime]:3590.17 [SkipTime]:0 [Veto1]:55.6808 [Veto2]:54.6954 [Veto3]:57.6351 [Veto4]:33.4102 [SgUp1]:239583 [SgUp2]:242821 [SgUp3]:243329 [SgUp4]:0 [SgLow1]:239191 [SgLow2]:242447 [SgLow3]:242939 [SgLow4]:0 [NetMuon1]:55063 [NetMuon2]:55075 [NetMuon3]:55035 [NetMuon4]:55419
[Run]:21396 [Site]:4 [Bin]:303 [FullTime]:3590.17 [SkipTime]:0 [Veto1]:49.1927 [Veto2]:56.0883 [Veto3]:59.1139 [Veto4]:32.871 [SgUp1]:240555 [SgUp2]:241856 [SgUp3]:244173 [SgUp4]:0 [SgLow1]:240117 [SgLow2]:241462 [SgLow3]:243781 [SgLow4]:0 [NetMuon1]:54279 [NetMuon2]:54176 [NetMuon3]:54147 [NetMuon4]:54533
[Run]:21396 [Site]:4 [Bin]:304 [FullTime]:3590.17 [SkipTime]:0 [Veto1]:53.2768 [Veto2]:58.2605 [Veto3]:50.3015 [Veto4]:33.0249 [SgUp1]:239610 [SgUp2]:241380 [SgUp3]:243978 [SgUp4]:0 [SgLow1]:239262 [SgLow2]:240987 [SgLow3]:243614 [SgLow4]:0 [NetMuon1]:54463 [NetMuon2]:54427 [NetMuon3]:54538 [NetMuon4]:54796
[Run]:21396 [Site]:4 [Bin]:305 [FullTime]:3590.17 [SkipTime]:0 [Veto1]:56.2953 [Veto2]:65.0333 [Veto3]:63.2261 [Veto4]:33.0609 [SgUp1]:239880 [SgUp2]:240643 [SgUp3]:242637 [SgUp4]:0 [SgLow1]:239466 [SgLow2]:240214 [SgLow3]:242226 [SgLow4]:0 [NetMuon1]:54477 [NetMuon2]:54331 [NetMuon3]:54448 [NetMuon4]:54870
[Run]:21396 [Site]:4 [Bin]:306 [FullTime]:3590.17 [SkipTime]:0 [Veto1]:59.5589 [Veto2]:42.74 [Veto3]:55.5342 [Veto4]:33.3554 [SgUp1]:239661 [SgUp2]:242333 [SgUp3]:242964 [SgUp4]:0 [SgLow1]:239285 [SgLow2]:241910 [SgLow3]:242550 [SgLow4]:0 [NetMuon1]:54891 [NetMuon2]:55154 [NetMuon3]:54949 [NetMuon4]:55313
[Run]:21396 [Site]:4 [Bin]:307 [FullTime]:3590.17 [SkipTime]:0 [Veto1]:47.4255 [Veto2]:53.4173 [Veto3]:58.3514 [Veto4]:33.1407 [SgUp1]:239792 [SgUp2]:242298 [SgUp3]:243327 [SgUp4]:0 [SgLow1]:239421 [SgLow2]:241940 [SgLow3]:242908 [SgLow4]:0 [NetMuon1]:54745 [NetMuon2]:54670 [NetMuon3]:54616 [NetMuon4]:54974
[Run]:21396 [Site]:4 [Bin]:308 [FullTime]:3590.17 [SkipTime]:0 [Veto1]:52.1673 [Veto2]:57.1125 [Veto3]:51.1893 [Veto4]:32.8808 [SgUp1]:240026 [SgUp2]:241688 [SgUp3]:245118 [SgUp4]:0 [SgLow1]:239692 [SgLow2]:241298 [SgLow3]:244689 [SgLow4]:0 [NetMuon1]:54240 [NetMuon2]:54183 [NetMuon3]:54272 [NetMuon4]:54545
[Run]:21396 [Site]:4 [Bin]:309 [FullTime]:3590.17 [SkipTime]:0 [Veto1]:57.0538 [Veto2]:56.1386 [Veto3]:51.1317 [Veto4]:32.8686 [SgUp1]:240164 [SgUp2]:242229 [SgUp3]:244076 [SgUp4]:0 [SgLow1]:239808 [SgLow2]:241783 [SgLow3]:243741 [SgLow4]:0 [NetMuon1]:54137 [NetMuon2]:54181 [NetMuon3]:54238 [NetMuon4]:54513
[Run]:21396 [Site]:4 [Bin]:310 [FullTime]:3590.17 [SkipTime]:0 [Veto1]:64.1201 [Veto2]:51.2075 [Veto3]:51.2748 [Veto4]:32.9206 [SgUp1]:238749 [SgUp2]:242583 [SgUp3]:243856 [SgUp4]:0 [SgLow1]:238434 [SgLow2]:242223 [SgLow3]:243449 [SgLow4]:0 [NetMuon1]:54159 [NetMuon2]:54319 [NetMuon3]:54357 [NetMuon4]:54621
[Run]:21396 [Site]:4 [Bin]:311 [FullTime]:3590.17 [SkipTime]:0 [Veto1]:55.4063 [Veto2]:51.453 [Veto3]:53.4059 [Veto4]:33.1301 [SgUp1]:239830 [SgUp2]:242742 [SgUp3]:243724 [SgUp4]:0 [SgLow1]:239435 [SgLow2]:242368 [SgLow3]:243362 [SgLow4]:0 [NetMuon1]:54617 [NetMuon2]:54651 [NetMuon3]:54614 [NetMuon4]:54943
[Run]:21396 [Site]:4 [Bin]:312 [FullTime]:3590.17 [SkipTime]:0 [Veto1]:65.1102 [Veto2]:56.2064 [Veto3]:63.1026 [Veto4]:32.9661 [SgUp1]:238418 [SgUp2]:242343 [SgUp3]:242516 [SgUp4]:0 [SgLow1]:238018 [SgLow2]:241952 [SgLow3]:242121 [SgLow4]:0 [NetMuon1]:54198 [NetMuon2]:54326 [NetMuon3]:54212 [NetMuon4]:54698
[Run]:21396 [Site]:4 [Bin]:313 [FullTime]:3590.17 [SkipTime]:0 [Veto1]:59.2223 [Veto2]:52.303 [Veto3]:52.3117 [Veto4]:33.052 [SgUp1]:238527 [SgUp2]:241840 [SgUp3]:243136 [SgUp4]:0 [SgLow1]:238095 [SgLow2]:241472 [SgLow3]:242737 [SgLow4]:0 [NetMuon1]:54396 [NetMuon2]:54506 [NetMuon3]:54491 [NetMuon4]:54807
[Run]:21396 [Site]:4 [Bin]:314 [FullTime]:3590.17 [SkipTime]:0 [Veto1]:57.206 [Veto2]:59.2534 [Veto3]:64.2427 [Veto4]:33.0544 [SgUp1]:239670 [SgUp2]:240583 [SgUp3]:242904 [SgUp4]:0 [SgLow1]:239329 [SgLow2]:240177 [SgLow3]:242453 [SgLow4]:0 [NetMuon1]:54413 [NetMuon2]:54445 [NetMuon3]:54349 [NetMuon4]:54829
End process Run: 21396 ... 
[Run]:21396 [Site]:4 [Bin]:315 [FullTime]:272.936 [SkipTime]:0 [Veto1]:2.60288 [Veto2]:4.58944 [Veto3]:5.56558 [Veto4]:2.48582
