StreamChain add 0x682a7e0
Start to process run: 21373 ... 
[Run]:21373 [Site]:4 [Bin]:242 [FullTime]:1419.86 [SkipTime]:0 [Veto1]:22.5913 [Veto2]:16.6451 [Veto3]:22.582 [Veto4]:13.0889 [SgUp1]:95431 [SgUp2]:97404 [SgUp3]:98278 [SgUp4]:0 [SgLow1]:95260 [SgLow2]:97213 [SgLow3]:98101 [SgLow4]:0 [NetMuon1]:21558 [NetMuon2]:21647 [NetMuon3]:21570 [NetMuon4]:21709
[Run]:21373 [Site]:4 [Bin]:243 [FullTime]:3590.18 [SkipTime]:0 [Veto1]:57.5223 [Veto2]:51.601 [Veto3]:60.4827 [Veto4]:33.2883 [SgUp1]:240587 [SgUp2]:244585 [SgUp3]:246049 [SgUp4]:0 [SgLow1]:240174 [SgLow2]:244193 [SgLow3]:245693 [SgLow4]:0 [NetMuon1]:54822 [NetMuon2]:54938 [NetMuon3]:54776 [NetMuon4]:55219
[Run]:21373 [Site]:4 [Bin]:244 [FullTime]:3590.17 [SkipTime]:0 [Veto1]:56.5825 [Veto2]:56.6332 [Veto3]:53.6019 [Veto4]:33.3405 [SgUp1]:241016 [SgUp2]:244115 [SgUp3]:247562 [SgUp4]:0 [SgLow1]:240614 [SgLow2]:243690 [SgLow3]:247133 [SgLow4]:0 [NetMuon1]:54939 [NetMuon2]:54936 [NetMuon3]:54956 [NetMuon4]:55294
[Run]:21373 [Site]:4 [Bin]:245 [FullTime]:3590.17 [SkipTime]:0 [Veto1]:55.5845 [Veto2]:50.6459 [Veto3]:48.6449 [Veto4]:33.3253 [SgUp1]:241466 [SgUp2]:245054 [SgUp3]:247251 [SgUp4]:0 [SgLow1]:241097 [SgLow2]:244696 [SgLow3]:246849 [SgLow4]:0 [NetMuon1]:54879 [NetMuon2]:54976 [NetMuon3]:55012 [NetMuon4]:55237
[Run]:21373 [Site]:4 [Bin]:246 [FullTime]:3590.17 [SkipTime]:0 [Veto1]:54.3901 [Veto2]:58.3648 [Veto3]:54.8477 [Veto4]:33.1572 [SgUp1]:241974 [SgUp2]:244575 [SgUp3]:246042 [SgUp4]:0 [SgLow1]:241615 [SgLow2]:244189 [SgLow3]:245656 [SgLow4]:0 [NetMuon1]:54714 [NetMuon2]:54610 [NetMuon3]:54673 [NetMuon4]:55011
[Run]:21373 [Site]:4 [Bin]:247 [FullTime]:3590.17 [SkipTime]:0 [Veto1]:50.7144 [Veto2]:63.5981 [Veto3]:65.5729 [Veto4]:33.4394 [SgUp1]:241489 [SgUp2]:243822 [SgUp3]:245009 [SgUp4]:0 [SgLow1]:241082 [SgLow2]:243417 [SgLow3]:244615 [SgLow4]:0 [NetMuon1]:55178 [NetMuon2]:54997 [NetMuon3]:54959 [NetMuon4]:55465
[Run]:21373 [Site]:4 [Bin]:248 [FullTime]:3590.17 [SkipTime]:0 [Veto1]:51.6248 [Veto2]:61.5269 [Veto3]:55.6113 [Veto4]:33.3405 [SgUp1]:241391 [SgUp2]:244024 [SgUp3]:247039 [SgUp4]:0 [SgLow1]:241003 [SgLow2]:243604 [SgLow3]:246617 [SgLow4]:0 [NetMuon1]:55025 [NetMuon2]:54817 [NetMuon3]:54967 [NetMuon4]:55295
[Run]:21373 [Site]:4 [Bin]:249 [FullTime]:3590.17 [SkipTime]:0 [Veto1]:44.5611 [Veto2]:52.5185 [Veto3]:52.4927 [Veto4]:33.2211 [SgUp1]:242269 [SgUp2]:243796 [SgUp3]:246689 [SgUp4]:0 [SgLow1]:241882 [SgLow2]:243390 [SgLow3]:246308 [SgLow4]:0 [NetMuon1]:54900 [NetMuon2]:54796 [NetMuon3]:54794 [NetMuon4]:55094
[Run]:21373 [Site]:4 [Bin]:250 [FullTime]:3590.17 [SkipTime]:0 [Veto1]:56.659 [Veto2]:61.3332 [Veto3]:58.3741 [Veto4]:33.1687 [SgUp1]:241819 [SgUp2]:243827 [SgUp3]:245820 [SgUp4]:0 [SgLow1]:241446 [SgLow2]:243387 [SgLow3]:245494 [SgLow4]:0 [NetMuon1]:54669 [NetMuon2]:54571 [NetMuon3]:54641 [NetMuon4]:55028
[Run]:21373 [Site]:4 [Bin]:251 [FullTime]:3590.17 [SkipTime]:0 [Veto1]:54.3926 [Veto2]:49.4673 [Veto3]:55.3991 [Veto4]:33.162 [SgUp1]:242611 [SgUp2]:244891 [SgUp3]:246696 [SgUp4]:0 [SgLow1]:242210 [SgLow2]:244549 [SgLow3]:246298 [SgLow4]:0 [NetMuon1]:54670 [NetMuon2]:54748 [NetMuon3]:54658 [NetMuon4]:55001
[Run]:21373 [Site]:4 [Bin]:252 [FullTime]:3590.17 [SkipTime]:0 [Veto1]:50.4581 [Veto2]:57.366 [Veto3]:54.3589 [Veto4]:33.1324 [SgUp1]:241934 [SgUp2]:244888 [SgUp3]:245832 [SgUp4]:0 [SgLow1]:241518 [SgLow2]:244488 [SgLow3]:245416 [SgLow4]:0 [NetMuon1]:54702 [NetMuon2]:54548 [NetMuon3]:54631 [NetMuon4]:54944
[Run]:21373 [Site]:4 [Bin]:253 [FullTime]:3590.17 [SkipTime]:0 [Veto1]:45.7654 [Veto2]:50.7251 [Veto3]:56.6538 [Veto4]:33.4142 [SgUp1]:242090 [SgUp2]:244444 [SgUp3]:245911 [SgUp4]:0 [SgLow1]:241741 [SgLow2]:244028 [SgLow3]:245459 [SgLow4]:0 [NetMuon1]:55238 [NetMuon2]:55171 [NetMuon3]:55087 [NetMuon4]:55431
[Run]:21373 [Site]:4 [Bin]:254 [FullTime]:3590.17 [SkipTime]:0 [Veto1]:51.343 [Veto2]:50.3474 [Veto3]:58.2995 [Veto4]:33.0594 [SgUp1]:242441 [SgUp2]:244836 [SgUp3]:246221 [SgUp4]:0 [SgLow1]:242076 [SgLow2]:244408 [SgLow3]:245816 [SgLow4]:0 [NetMuon1]:54573 [NetMuon2]:54587 [NetMuon3]:54497 [NetMuon4]:54859
[Run]:21373 [Site]:4 [Bin]:255 [FullTime]:3590.17 [SkipTime]:0 [Veto1]:50.5377 [Veto2]:56.4727 [Veto3]:60.4299 [Veto4]:33.251 [SgUp1]:242232 [SgUp2]:244806 [SgUp3]:245184 [SgUp4]:0 [SgLow1]:241853 [SgLow2]:244329 [SgLow3]:244769 [SgLow4]:0 [NetMuon1]:54878 [NetMuon2]:54768 [NetMuon3]:54730 [NetMuon4]:55157
[Run]:21373 [Site]:4 [Bin]:256 [FullTime]:3590.17 [SkipTime]:0 [Veto1]:62.4461 [Veto2]:57.5015 [Veto3]:53.5453 [Veto4]:33.2983 [SgUp1]:240675 [SgUp2]:244188 [SgUp3]:245898 [SgUp4]:0 [SgLow1]:240300 [SgLow2]:243865 [SgLow3]:245469 [SgLow4]:0 [NetMuon1]:54777 [NetMuon2]:54871 [NetMuon3]:54910 [NetMuon4]:55246
[Run]:21373 [Site]:4 [Bin]:257 [FullTime]:3590.17 [SkipTime]:0 [Veto1]:50.5597 [Veto2]:57.5445 [Veto3]:58.4734 [Veto4]:33.2626 [SgUp1]:241789 [SgUp2]:244797 [SgUp3]:244947 [SgUp4]:0 [SgLow1]:241367 [SgLow2]:244415 [SgLow3]:244517 [SgLow4]:0 [NetMuon1]:54921 [NetMuon2]:54842 [NetMuon3]:54823 [NetMuon4]:55185
[Run]:21373 [Site]:4 [Bin]:258 [FullTime]:3590.17 [SkipTime]:0 [Veto1]:58.3836 [Veto2]:48.5178 [Veto3]:56.41 [Veto4]:33.1643 [SgUp1]:241628 [SgUp2]:245917 [SgUp3]:244802 [SgUp4]:0 [SgLow1]:241188 [SgLow2]:245545 [SgLow3]:244432 [SgLow4]:0 [NetMuon1]:54639 [NetMuon2]:54790 [NetMuon3]:54635 [NetMuon4]:55015
[Run]:21373 [Site]:4 [Bin]:259 [FullTime]:3590.17 [SkipTime]:0 [Veto1]:62.5785 [Veto2]:55.3815 [Veto3]:49.4808 [Veto4]:33.2044 [SgUp1]:239906 [SgUp2]:244305 [SgUp3]:246894 [SgUp4]:0 [SgLow1]:239516 [SgLow2]:243903 [SgLow3]:246550 [SgLow4]:0 [NetMuon1]:54628 [NetMuon2]:54737 [NetMuon3]:54807 [NetMuon4]:55073
[Run]:21373 [Site]:4 [Bin]:260 [FullTime]:3590.17 [SkipTime]:0 [Veto1]:58.4053 [Veto2]:56.3986 [Veto3]:51.8814 [Veto4]:33.1769 [SgUp1]:240371 [SgUp2]:244042 [SgUp3]:245190 [SgUp4]:0 [SgLow1]:239973 [SgLow2]:243658 [SgLow3]:244852 [SgLow4]:0 [NetMuon1]:54647 [NetMuon2]:54688 [NetMuon3]:54726 [NetMuon4]:55024
[Run]:21373 [Site]:4 [Bin]:261 [FullTime]:3590.17 [SkipTime]:0 [Veto1]:49.4985 [Veto2]:57.4002 [Veto3]:60.7589 [Veto4]:33.2028 [SgUp1]:242377 [SgUp2]:243362 [SgUp3]:245230 [SgUp4]:0 [SgLow1]:242005 [SgLow2]:242996 [SgLow3]:244795 [SgLow4]:0 [NetMuon1]:54825 [NetMuon2]:54677 [NetMuon3]:54627 [NetMuon4]:55072
[Run]:21373 [Site]:4 [Bin]:262 [FullTime]:3590.17 [SkipTime]:0 [Veto1]:54.198 [Veto2]:48.2266 [Veto3]:53.233 [Veto4]:32.9477 [SgUp1]:241682 [SgUp2]:244675 [SgUp3]:244509 [SgUp4]:0 [SgLow1]:241258 [SgLow2]:244261 [SgLow3]:244108 [SgLow4]:0 [NetMuon1]:54346 [NetMuon2]:54420 [NetMuon3]:54341 [NetMuon4]:54658
[Run]:21373 [Site]:4 [Bin]:263 [FullTime]:3590.17 [SkipTime]:0 [Veto1]:63.0701 [Veto2]:56.8678 [Veto3]:48.2122 [Veto4]:32.8878 [SgUp1]:241080 [SgUp2]:244516 [SgUp3]:245567 [SgUp4]:0 [SgLow1]:240688 [SgLow2]:244167 [SgLow3]:245180 [SgLow4]:0 [NetMuon1]:54150 [NetMuon2]:54220 [NetMuon3]:54346 [NetMuon4]:54570
[Run]:21373 [Site]:4 [Bin]:264 [FullTime]:3590.17 [SkipTime]:0 [Veto1]:63.2332 [Veto2]:50.3206 [Veto3]:59.2355 [Veto4]:33.025 [SgUp1]:240133 [SgUp2]:244960 [SgUp3]:245142 [SgUp4]:0 [SgLow1]:239719 [SgLow2]:244566 [SgLow3]:244739 [SgLow4]:0 [NetMuon1]:54354 [NetMuon2]:54536 [NetMuon3]:54404 [NetMuon4]:54801
[Run]:21373 [Site]:4 [Bin]:265 [FullTime]:3590.17 [SkipTime]:0 [Veto1]:47.4245 [Veto2]:52.307 [Veto3]:60.2447 [Veto4]:33.0656 [SgUp1]:241007 [SgUp2]:243634 [SgUp3]:244367 [SgUp4]:0 [SgLow1]:240603 [SgLow2]:243195 [SgLow3]:243971 [SgLow4]:0 [NetMuon1]:54624 [NetMuon2]:54565 [NetMuon3]:54455 [NetMuon4]:54862
[Run]:21373 [Site]:4 [Bin]:266 [FullTime]:3590.17 [SkipTime]:0 [Veto1]:52.7594 [Veto2]:50.7721 [Veto3]:48.8088 [Veto4]:33.4536 [SgUp1]:240327 [SgUp2]:244875 [SgUp3]:246011 [SgUp4]:0 [SgLow1]:239904 [SgLow2]:244477 [SgLow3]:245599 [SgLow4]:0 [NetMuon1]:55158 [NetMuon2]:55199 [NetMuon3]:55227 [NetMuon4]:55462
[Run]:21373 [Site]:4 [Bin]:267 [FullTime]:3590.17 [SkipTime]:0 [Veto1]:58.1038 [Veto2]:60.012 [Veto3]:55.0632 [Veto4]:32.8188 [SgUp1]:240963 [SgUp2]:243664 [SgUp3]:244616 [SgUp4]:0 [SgLow1]:240607 [SgLow2]:243257 [SgLow3]:244238 [SgLow4]:0 [NetMuon1]:54083 [NetMuon2]:54016 [NetMuon3]:54113 [NetMuon4]:54443
[Run]:21373 [Site]:4 [Bin]:268 [FullTime]:3590.17 [SkipTime]:0 [Veto1]:54.4398 [Veto2]:58.3226 [Veto3]:58.3765 [Veto4]:33.1512 [SgUp1]:240206 [SgUp2]:243745 [SgUp3]:244955 [SgUp4]:0 [SgLow1]:239819 [SgLow2]:243346 [SgLow3]:244554 [SgLow4]:0 [NetMuon1]:54681 [NetMuon2]:54601 [NetMuon3]:54580 [NetMuon4]:54993
[Run]:21373 [Site]:4 [Bin]:269 [FullTime]:3590.17 [SkipTime]:0 [Veto1]:52.4372 [Veto2]:58.3471 [Veto3]:55.3763 [Veto4]:33.1429 [SgUp1]:240615 [SgUp2]:243302 [SgUp3]:245062 [SgUp4]:0 [SgLow1]:240227 [SgLow2]:242965 [SgLow3]:244721 [SgLow4]:0 [NetMuon1]:54695 [NetMuon2]:54568 [NetMuon3]:54633 [NetMuon4]:54975
[Run]:21373 [Site]:4 [Bin]:270 [FullTime]:3590.17 [SkipTime]:0 [Veto1]:62.0715 [Veto2]:49.653 [Veto3]:71.3431 [Veto4]:33.2568 [SgUp1]:239858 [SgUp2]:243296 [SgUp3]:243803 [SgUp4]:0 [SgLow1]:239467 [SgLow2]:242924 [SgLow3]:243405 [SgLow4]:0 [NetMuon1]:54729 [NetMuon2]:54972 [NetMuon3]:54624 [NetMuon4]:55181
[Run]:21373 [Site]:4 [Bin]:271 [FullTime]:3590.17 [SkipTime]:0 [Veto1]:51.6208 [Veto2]:54.3161 [Veto3]:47.3482 [Veto4]:33.0543 [SgUp1]:240145 [SgUp2]:244367 [SgUp3]:244402 [SgUp4]:0 [SgLow1]:239760 [SgLow2]:243937 [SgLow3]:243949 [SgLow4]:0 [NetMuon1]:54563 [NetMuon2]:54540 [NetMuon3]:54610 [NetMuon4]:54834
[Run]:21373 [Site]:4 [Bin]:272 [FullTime]:3590.17 [SkipTime]:0 [Veto1]:56.6193 [Veto2]:57.66 [Veto3]:59.617 [Veto4]:33.409 [SgUp1]:240299 [SgUp2]:244524 [SgUp3]:244657 [SgUp4]:0 [SgLow1]:239919 [SgLow2]:244168 [SgLow3]:244252 [SgLow4]:0 [NetMuon1]:55038 [NetMuon2]:55047 [NetMuon3]:55036 [NetMuon4]:55423
[Run]:21373 [Site]:4 [Bin]:273 [FullTime]:3590.17 [SkipTime]:0 [Veto1]:56.4372 [Veto2]:56.469 [Veto3]:58.3915 [Veto4]:33.2047 [SgUp1]:240257 [SgUp2]:243573 [SgUp3]:245059 [SgUp4]:0 [SgLow1]:239885 [SgLow2]:243179 [SgLow3]:244577 [SgLow4]:0 [NetMuon1]:54742 [NetMuon2]:54733 [NetMuon3]:54717 [NetMuon4]:55086
[Run]:21373 [Site]:4 [Bin]:274 [FullTime]:3590.17 [SkipTime]:0 [Veto1]:57.2253 [Veto2]:52.2795 [Veto3]:52.3206 [Veto4]:33.0219 [SgUp1]:239795 [SgUp2]:243166 [SgUp3]:245461 [SgUp4]:0 [SgLow1]:239465 [SgLow2]:242737 [SgLow3]:245059 [SgLow4]:0 [NetMuon1]:54404 [NetMuon2]:54479 [NetMuon3]:54494 [NetMuon4]:54789
[Run]:21373 [Site]:4 [Bin]:275 [FullTime]:3590.17 [SkipTime]:0 [Veto1]:50.5004 [Veto2]:55.4153 [Veto3]:57.5088 [Veto4]:33.2282 [SgUp1]:241305 [SgUp2]:244088 [SgUp3]:244968 [SgUp4]:0 [SgLow1]:240894 [SgLow2]:243726 [SgLow3]:244542 [SgLow4]:0 [NetMuon1]:54873 [NetMuon2]:54802 [NetMuon3]:54789 [NetMuon4]:55149
[Run]:21373 [Site]:4 [Bin]:276 [FullTime]:3590.17 [SkipTime]:0 [Veto1]:55.6472 [Veto2]:52.7102 [Veto3]:56.5609 [Veto4]:33.3113 [SgUp1]:240997 [SgUp2]:243716 [SgUp3]:244945 [SgUp4]:0 [SgLow1]:240643 [SgLow2]:243340 [SgLow3]:244571 [SgLow4]:0 [NetMuon1]:54935 [NetMuon2]:54928 [NetMuon3]:54896 [NetMuon4]:55254
[Run]:21373 [Site]:4 [Bin]:277 [FullTime]:3590.17 [SkipTime]:0 [Veto1]:60.3719 [Veto2]:57.4566 [Veto3]:56.4808 [Veto4]:33.2063 [SgUp1]:239954 [SgUp2]:242874 [SgUp3]:244479 [SgUp4]:0 [SgLow1]:239475 [SgLow2]:242506 [SgLow3]:244081 [SgLow4]:0 [NetMuon1]:54658 [NetMuon2]:54692 [NetMuon3]:54736 [NetMuon4]:55079
[Run]:21373 [Site]:4 [Bin]:278 [FullTime]:3590.17 [SkipTime]:0 [Veto1]:59.2904 [Veto2]:47.4242 [Veto3]:48.4345 [Veto4]:33.1217 [SgUp1]:239948 [SgUp2]:243441 [SgUp3]:245567 [SgUp4]:0 [SgLow1]:239529 [SgLow2]:243031 [SgLow3]:245159 [SgLow4]:0 [NetMuon1]:54528 [NetMuon2]:54759 [NetMuon3]:54707 [NetMuon4]:54961
[Run]:21373 [Site]:4 [Bin]:279 [FullTime]:3590.17 [SkipTime]:0 [Veto1]:49.2944 [Veto2]:51.282 [Veto3]:56.8819 [Veto4]:32.9993 [SgUp1]:240825 [SgUp2]:244231 [SgUp3]:245250 [SgUp4]:0 [SgLow1]:240410 [SgLow2]:243850 [SgLow3]:244892 [SgLow4]:0 [NetMuon1]:54484 [NetMuon2]:54477 [NetMuon3]:54400 [NetMuon4]:54751
[Run]:21373 [Site]:4 [Bin]:280 [FullTime]:3590.17 [SkipTime]:0 [Veto1]:50.4394 [Veto2]:63.2786 [Veto3]:52.4105 [Veto4]:33.1315 [SgUp1]:239847 [SgUp2]:243058 [SgUp3]:244470 [SgUp4]:0 [SgLow1]:239492 [SgLow2]:242645 [SgLow3]:244060 [SgLow4]:0 [NetMuon1]:54679 [NetMuon2]:54473 [NetMuon3]:54625 [NetMuon4]:54949
[Run]:21373 [Site]:4 [Bin]:281 [FullTime]:3590.17 [SkipTime]:0 [Veto1]:45.561 [Veto2]:50.4974 [Veto3]:64.409 [Veto4]:33.2202 [SgUp1]:241994 [SgUp2]:243995 [SgUp3]:244035 [SgUp4]:0 [SgLow1]:241564 [SgLow2]:243615 [SgLow3]:243646 [SgLow4]:0 [NetMuon1]:54939 [NetMuon2]:54853 [NetMuon3]:54640 [NetMuon4]:55119
[Run]:21373 [Site]:4 [Bin]:282 [FullTime]:3590.17 [SkipTime]:0 [Veto1]:50.3956 [Veto2]:54.3514 [Veto3]:50.3986 [Veto4]:33.1051 [SgUp1]:241589 [SgUp2]:243514 [SgUp3]:244691 [SgUp4]:0 [SgLow1]:241266 [SgLow2]:243090 [SgLow3]:244255 [SgLow4]:0 [NetMuon1]:54626 [NetMuon2]:54576 [NetMuon3]:54651 [NetMuon4]:54900
[Run]:21373 [Site]:4 [Bin]:283 [FullTime]:3590.17 [SkipTime]:0 [Veto1]:54.228 [Veto2]:55.2602 [Veto3]:53.2285 [Veto4]:32.99 [SgUp1]:240208 [SgUp2]:243202 [SgUp3]:246561 [SgUp4]:0 [SgLow1]:239815 [SgLow2]:242849 [SgLow3]:246189 [SgLow4]:0 [NetMuon1]:54390 [NetMuon2]:54416 [NetMuon3]:54417 [NetMuon4]:54732
[Run]:21373 [Site]:4 [Bin]:284 [FullTime]:3590.17 [SkipTime]:0 [Veto1]:47.5078 [Veto2]:47.4987 [Veto3]:53.4437 [Veto4]:33.1827 [SgUp1]:240839 [SgUp2]:244260 [SgUp3]:244434 [SgUp4]:0 [SgLow1]:240434 [SgLow2]:243919 [SgLow3]:244063 [SgLow4]:0 [NetMuon1]:54786 [NetMuon2]:54795 [NetMuon3]:54686 [NetMuon4]:55015
[Run]:21373 [Site]:4 [Bin]:285 [FullTime]:3590.17 [SkipTime]:0 [Veto1]:57.2122 [Veto2]:51.3224 [Veto3]:56.252 [Veto4]:33.0194 [SgUp1]:241138 [SgUp2]:244242 [SgUp3]:244586 [SgUp4]:0 [SgLow1]:240754 [SgLow2]:243880 [SgLow3]:244156 [SgLow4]:0 [NetMuon1]:54370 [NetMuon2]:54488 [NetMuon3]:54419 [NetMuon4]:54781
[Run]:21373 [Site]:4 [Bin]:286 [FullTime]:3590.17 [SkipTime]:0 [Veto1]:53.3945 [Veto2]:53.4777 [Veto3]:62.3607 [Veto4]:33.1797 [SgUp1]:239239 [SgUp2]:242597 [SgUp3]:244034 [SgUp4]:0 [SgLow1]:238858 [SgLow2]:242187 [SgLow3]:243666 [SgLow4]:0 [NetMuon1]:54715 [NetMuon2]:54727 [NetMuon3]:54594 [NetMuon4]:55042
[Run]:21373 [Site]:4 [Bin]:287 [FullTime]:3590.17 [SkipTime]:0 [Veto1]:56.3602 [Veto2]:58.3003 [Veto3]:48.4019 [Veto4]:33.0921 [SgUp1]:239951 [SgUp2]:241855 [SgUp3]:244791 [SgUp4]:0 [SgLow1]:239590 [SgLow2]:241442 [SgLow3]:244391 [SgLow4]:0 [NetMuon1]:54560 [NetMuon2]:54496 [NetMuon3]:54659 [NetMuon4]:54892
[Run]:21373 [Site]:4 [Bin]:288 [FullTime]:3590.17 [SkipTime]:0 [Veto1]:61.2899 [Veto2]:65.2358 [Veto3]:51.357 [Veto4]:33.1175 [SgUp1]:239464 [SgUp2]:241662 [SgUp3]:244504 [SgUp4]:0 [SgLow1]:239123 [SgLow2]:241271 [SgLow3]:244057 [SgLow4]:0 [NetMuon1]:54474 [NetMuon2]:54413 [NetMuon3]:54613 [NetMuon4]:54921
[Run]:21373 [Site]:4 [Bin]:289 [FullTime]:3590.17 [SkipTime]:0 [Veto1]:57.3323 [Veto2]:54.3908 [Veto3]:59.3583 [Veto4]:33.1254 [SgUp1]:240494 [SgUp2]:242730 [SgUp3]:243304 [SgUp4]:0 [SgLow1]:240068 [SgLow2]:242352 [SgLow3]:242926 [SgLow4]:0 [NetMuon1]:54543 [NetMuon2]:54572 [NetMuon3]:54544 [NetMuon4]:54935
[Run]:21373 [Site]:4 [Bin]:290 [FullTime]:3590.17 [SkipTime]:0 [Veto1]:52.1721 [Veto2]:55.1615 [Veto3]:61.1361 [Veto4]:32.9032 [SgUp1]:240424 [SgUp2]:242974 [SgUp3]:243341 [SgUp4]:0 [SgLow1]:240024 [SgLow2]:242590 [SgLow3]:242965 [SgLow4]:0 [NetMuon1]:54291 [NetMuon2]:54248 [NetMuon3]:54171 [NetMuon4]:54581
End process Run: 21373 ... 
[Run]:21373 [Site]:4 [Bin]:291 [FullTime]:1869.66 [SkipTime]:0 [Veto1]:29.9379 [Veto2]:28.9865 [Veto3]:26.9229 [Veto4]:17.2831
