StreamChain add 0x175767e0
Start to process run: 21232 ... 
[Run]:21232 [Site]:4 [Bin]:52 [FullTime]:2020.99 [SkipTime]:0 [Veto1]:29.0213 [Veto2]:32.9806 [Veto3]:35.9063 [Veto4]:19.2732 [SgUp1]:141362 [SgUp2]:143740 [SgUp3]:144033 [SgUp4]:0 [SgLow1]:141124 [SgLow2]:143482 [SgLow3]:143777 [SgLow4]:0 [NetMuon1]:31833 [NetMuon2]:31782 [NetMuon3]:31732 [NetMuon4]:31998
[Run]:21232 [Site]:4 [Bin]:53 [FullTime]:3590.17 [SkipTime]:0 [Veto1]:57.3914 [Veto2]:59.3686 [Veto3]:50.4904 [Veto4]:34.1711 [SgUp1]:251257 [SgUp2]:255427 [SgUp3]:256619 [SgUp4]:0 [SgLow1]:250827 [SgLow2]:254989 [SgLow3]:256178 [SgLow4]:0 [NetMuon1]:56309 [NetMuon2]:56263 [NetMuon3]:56433 [NetMuon4]:56681
[Run]:21232 [Site]:4 [Bin]:54 [FullTime]:3590.17 [SkipTime]:0 [Veto1]:52.4939 [Veto2]:51.5142 [Veto3]:53.4696 [Veto4]:34.2296 [SgUp1]:252201 [SgUp2]:255817 [SgUp3]:256368 [SgUp4]:0 [SgLow1]:251745 [SgLow2]:255430 [SgLow3]:255923 [SgLow4]:0 [NetMuon1]:56475 [NetMuon2]:56490 [NetMuon3]:56460 [NetMuon4]:56771
[Run]:21232 [Site]:4 [Bin]:55 [FullTime]:3590.17 [SkipTime]:0 [Veto1]:54.3768 [Veto2]:50.7337 [Veto3]:55.3407 [Veto4]:34.1193 [SgUp1]:251997 [SgUp2]:255399 [SgUp3]:256512 [SgUp4]:0 [SgLow1]:251596 [SgLow2]:255045 [SgLow3]:256100 [SgLow4]:0 [NetMuon1]:56255 [NetMuon2]:56299 [NetMuon3]:56221 [NetMuon4]:56573
[Run]:21232 [Site]:4 [Bin]:56 [FullTime]:3590.17 [SkipTime]:0 [Veto1]:57.4387 [Veto2]:57.4679 [Veto3]:51.4968 [Veto4]:34.2118 [SgUp1]:252014 [SgUp2]:255008 [SgUp3]:256215 [SgUp4]:0 [SgLow1]:251632 [SgLow2]:254567 [SgLow3]:255782 [SgLow4]:0 [NetMuon1]:56394 [NetMuon2]:56392 [NetMuon3]:56454 [NetMuon4]:56757
[Run]:21232 [Site]:4 [Bin]:57 [FullTime]:3590.17 [SkipTime]:0 [Veto1]:51.3127 [Veto2]:60.2006 [Veto3]:54.2803 [Veto4]:34.0481 [SgUp1]:251647 [SgUp2]:254939 [SgUp3]:256637 [SgUp4]:0 [SgLow1]:251195 [SgLow2]:254508 [SgLow3]:256150 [SgLow4]:0 [NetMuon1]:56218 [NetMuon2]:56076 [NetMuon3]:56150 [NetMuon4]:56468
[Run]:21232 [Site]:4 [Bin]:58 [FullTime]:3590.18 [SkipTime]:0 [Veto1]:54.4275 [Veto2]:51.4969 [Veto3]:59.4378 [Veto4]:34.2188 [SgUp1]:252281 [SgUp2]:255377 [SgUp3]:256054 [SgUp4]:0 [SgLow1]:251795 [SgLow2]:254982 [SgLow3]:255661 [SgLow4]:0 [NetMuon1]:56376 [NetMuon2]:56436 [NetMuon3]:56318 [NetMuon4]:56733
[Run]:21232 [Site]:4 [Bin]:59 [FullTime]:3590.17 [SkipTime]:0 [Veto1]:53.6823 [Veto2]:65.5563 [Veto3]:54.6585 [Veto4]:34.3948 [SgUp1]:251868 [SgUp2]:255485 [SgUp3]:256570 [SgUp4]:0 [SgLow1]:251400 [SgLow2]:255044 [SgLow3]:256146 [SgLow4]:0 [NetMuon1]:56733 [NetMuon2]:56569 [NetMuon3]:56709 [NetMuon4]:57034
[Run]:21232 [Site]:4 [Bin]:60 [FullTime]:3590.17 [SkipTime]:0 [Veto1]:47.4547 [Veto2]:60.333 [Veto3]:53.373 [Veto4]:34.1193 [SgUp1]:251707 [SgUp2]:255102 [SgUp3]:256980 [SgUp4]:0 [SgLow1]:251309 [SgLow2]:254726 [SgLow3]:256518 [SgLow4]:0 [NetMuon1]:56392 [NetMuon2]:56191 [NetMuon3]:56285 [NetMuon4]:56591
[Run]:21232 [Site]:4 [Bin]:61 [FullTime]:3590.17 [SkipTime]:0 [Veto1]:51.4926 [Veto2]:60.3875 [Veto3]:54.4741 [Veto4]:34.199 [SgUp1]:252491 [SgUp2]:254851 [SgUp3]:256279 [SgUp4]:0 [SgLow1]:252035 [SgLow2]:254419 [SgLow3]:255867 [SgLow4]:0 [NetMuon1]:56419 [NetMuon2]:56319 [NetMuon3]:56370 [NetMuon4]:56712
[Run]:21232 [Site]:4 [Bin]:62 [FullTime]:3590.17 [SkipTime]:0 [Veto1]:52.4704 [Veto2]:51.5223 [Veto3]:55.4479 [Veto4]:34.2097 [SgUp1]:251927 [SgUp2]:256032 [SgUp3]:255196 [SgUp4]:0 [SgLow1]:251539 [SgLow2]:255610 [SgLow3]:254766 [SgLow4]:0 [NetMuon1]:56447 [NetMuon2]:56488 [NetMuon3]:56388 [NetMuon4]:56735
[Run]:21232 [Site]:4 [Bin]:63 [FullTime]:3590.17 [SkipTime]:0 [Veto1]:53.4883 [Veto2]:51.4942 [Veto3]:66.3159 [Veto4]:34.2052 [SgUp1]:252566 [SgUp2]:255888 [SgUp3]:255296 [SgUp4]:0 [SgLow1]:252155 [SgLow2]:255394 [SgLow3]:254904 [SgLow4]:0 [NetMuon1]:56433 [NetMuon2]:56460 [NetMuon3]:56211 [NetMuon4]:56729
[Run]:21232 [Site]:4 [Bin]:64 [FullTime]:3590.17 [SkipTime]:0 [Veto1]:57.4581 [Veto2]:57.4351 [Veto3]:57.1855 [Veto4]:34.2253 [SgUp1]:251075 [SgUp2]:255260 [SgUp3]:256374 [SgUp4]:0 [SgLow1]:250661 [SgLow2]:254838 [SgLow3]:255924 [SgLow4]:0 [NetMuon1]:56341 [NetMuon2]:56410 [NetMuon3]:56392 [NetMuon4]:56754
[Run]:21232 [Site]:4 [Bin]:65 [FullTime]:3590.17 [SkipTime]:0 [Veto1]:52.4221 [Veto2]:60.4665 [Veto3]:59.2711 [Veto4]:34.1067 [SgUp1]:252291 [SgUp2]:254724 [SgUp3]:254365 [SgUp4]:0 [SgLow1]:251918 [SgLow2]:254249 [SgLow3]:253981 [SgLow4]:0 [NetMuon1]:56264 [NetMuon2]:56132 [NetMuon3]:56139 [NetMuon4]:56549
[Run]:21232 [Site]:4 [Bin]:66 [FullTime]:3590.17 [SkipTime]:0 [Veto1]:65.2175 [Veto2]:61.3013 [Veto3]:51.3997 [Veto4]:34.1182 [SgUp1]:251408 [SgUp2]:254773 [SgUp3]:255599 [SgUp4]:0 [SgLow1]:250987 [SgLow2]:254366 [SgLow3]:255142 [SgLow4]:0 [NetMuon1]:56072 [NetMuon2]:56155 [NetMuon3]:56283 [NetMuon4]:56565
[Run]:21232 [Site]:4 [Bin]:67 [FullTime]:3590.17 [SkipTime]:0 [Veto1]:51.4557 [Veto2]:53.4153 [Veto3]:58.0432 [Veto4]:34.1605 [SgUp1]:252671 [SgUp2]:254353 [SgUp3]:255627 [SgUp4]:0 [SgLow1]:252248 [SgLow2]:253914 [SgLow3]:255192 [SgLow4]:0 [NetMuon1]:56395 [NetMuon2]:56351 [NetMuon3]:56296 [NetMuon4]:56671
[Run]:21232 [Site]:4 [Bin]:68 [FullTime]:3590.17 [SkipTime]:0 [Veto1]:63.1527 [Veto2]:58.273 [Veto3]:56.2502 [Veto4]:34.0196 [SgUp1]:251184 [SgUp2]:254919 [SgUp3]:256124 [SgUp4]:0 [SgLow1]:250765 [SgLow2]:254472 [SgLow3]:255690 [SgLow4]:0 [NetMuon1]:55948 [NetMuon2]:56059 [NetMuon3]:56029 [NetMuon4]:56424
[Run]:21232 [Site]:4 [Bin]:69 [FullTime]:3590.17 [SkipTime]:0 [Veto1]:55.4233 [Veto2]:55.4631 [Veto3]:57.3605 [Veto4]:34.162 [SgUp1]:251551 [SgUp2]:256427 [SgUp3]:255861 [SgUp4]:0 [SgLow1]:251117 [SgLow2]:255991 [SgLow3]:255369 [SgLow4]:0 [NetMuon1]:56309 [NetMuon2]:56320 [NetMuon3]:56266 [NetMuon4]:56648
[Run]:21232 [Site]:4 [Bin]:70 [FullTime]:3590.17 [SkipTime]:0 [Veto1]:58.3119 [Veto2]:54.3443 [Veto3]:49.4463 [Veto4]:34.1179 [SgUp1]:250972 [SgUp2]:255682 [SgUp3]:257148 [SgUp4]:0 [SgLow1]:250550 [SgLow2]:255247 [SgLow3]:256688 [SgLow4]:0 [NetMuon1]:56186 [NetMuon2]:56293 [NetMuon3]:56358 [NetMuon4]:56594
[Run]:21232 [Site]:4 [Bin]:71 [FullTime]:3590.17 [SkipTime]:0 [Veto1]:52.3601 [Veto2]:49.3876 [Veto3]:51.3655 [Veto4]:34.0726 [SgUp1]:252159 [SgUp2]:254942 [SgUp3]:256561 [SgUp4]:0 [SgLow1]:251770 [SgLow2]:254475 [SgLow3]:256102 [SgLow4]:0 [NetMuon1]:56222 [NetMuon2]:56279 [NetMuon3]:56271 [NetMuon4]:56519
[Run]:21232 [Site]:4 [Bin]:72 [FullTime]:3590.17 [SkipTime]:0 [Veto1]:63.296 [Veto2]:47.4623 [Veto3]:65.3024 [Veto4]:34.1305 [SgUp1]:250720 [SgUp2]:256037 [SgUp3]:254201 [SgUp4]:0 [SgLow1]:250273 [SgLow2]:255609 [SgLow3]:253735 [SgLow4]:0 [NetMuon1]:56168 [NetMuon2]:56372 [NetMuon3]:56131 [NetMuon4]:56597
[Run]:21232 [Site]:4 [Bin]:73 [FullTime]:3590.17 [SkipTime]:0 [Veto1]:52.2788 [Veto2]:58.2301 [Veto3]:59.245 [Veto4]:34.0306 [SgUp1]:251879 [SgUp2]:254399 [SgUp3]:256101 [SgUp4]:0 [SgLow1]:251495 [SgLow2]:253937 [SgLow3]:255681 [SgLow4]:0 [NetMuon1]:56198 [NetMuon2]:56085 [NetMuon3]:56087 [NetMuon4]:56463
[Run]:21232 [Site]:4 [Bin]:74 [FullTime]:3590.17 [SkipTime]:0 [Veto1]:51.3504 [Veto2]:59.2725 [Veto3]:56.3256 [Veto4]:34.0701 [SgUp1]:251239 [SgUp2]:254921 [SgUp3]:256448 [SgUp4]:0 [SgLow1]:250810 [SgLow2]:254467 [SgLow3]:256024 [SgLow4]:0 [NetMuon1]:56192 [NetMuon2]:56090 [NetMuon3]:56123 [NetMuon4]:56500
[Run]:21232 [Site]:4 [Bin]:75 [FullTime]:3590.17 [SkipTime]:0 [Veto1]:55.0616 [Veto2]:50.0766 [Veto3]:52.1412 [Veto4]:33.8274 [SgUp1]:252627 [SgUp2]:255165 [SgUp3]:256418 [SgUp4]:0 [SgLow1]:252153 [SgLow2]:254734 [SgLow3]:255963 [SgLow4]:0 [NetMuon1]:55786 [NetMuon2]:55873 [NetMuon3]:55823 [NetMuon4]:56112
[Run]:21232 [Site]:4 [Bin]:76 [FullTime]:3590.17 [SkipTime]:0 [Veto1]:55.9833 [Veto2]:60.9339 [Veto3]:56.9669 [Veto4]:33.7507 [SgUp1]:251297 [SgUp2]:254867 [SgUp3]:255539 [SgUp4]:0 [SgLow1]:250884 [SgLow2]:254481 [SgLow3]:255146 [SgLow4]:0 [NetMuon1]:55652 [NetMuon2]:55550 [NetMuon3]:55625 [NetMuon4]:55968
[Run]:21232 [Site]:4 [Bin]:77 [FullTime]:3590.17 [SkipTime]:0 [Veto1]:61.0893 [Veto2]:47.2322 [Veto3]:49.2344 [Veto4]:33.9093 [SgUp1]:251082 [SgUp2]:255595 [SgUp3]:256575 [SgUp4]:0 [SgLow1]:250679 [SgLow2]:255175 [SgLow3]:256146 [SgLow4]:0 [NetMuon1]:55758 [NetMuon2]:56030 [NetMuon3]:55973 [NetMuon4]:56227
[Run]:21232 [Site]:4 [Bin]:78 [FullTime]:3590.17 [SkipTime]:0 [Veto1]:60.2053 [Veto2]:51.317 [Veto3]:61.1849 [Veto4]:34.0239 [SgUp1]:252921 [SgUp2]:255018 [SgUp3]:255269 [SgUp4]:0 [SgLow1]:252477 [SgLow2]:254621 [SgLow3]:254891 [SgLow4]:0 [NetMuon1]:55960 [NetMuon2]:56127 [NetMuon3]:55989 [NetMuon4]:56411
[Run]:21232 [Site]:4 [Bin]:79 [FullTime]:3590.17 [SkipTime]:0 [Veto1]:56.3317 [Veto2]:51.3645 [Veto3]:53.3267 [Veto4]:34.086 [SgUp1]:252101 [SgUp2]:254352 [SgUp3]:255459 [SgUp4]:0 [SgLow1]:251686 [SgLow2]:253971 [SgLow3]:255008 [SgLow4]:0 [NetMuon1]:56156 [NetMuon2]:56251 [NetMuon3]:56182 [NetMuon4]:56525
[Run]:21232 [Site]:4 [Bin]:80 [FullTime]:3590.17 [SkipTime]:0 [Veto1]:53.3836 [Veto2]:55.3854 [Veto3]:64.2675 [Veto4]:34.1313 [SgUp1]:251178 [SgUp2]:254275 [SgUp3]:254880 [SgUp4]:0 [SgLow1]:250801 [SgLow2]:253802 [SgLow3]:254516 [SgLow4]:0 [NetMuon1]:56299 [NetMuon2]:56289 [NetMuon3]:56164 [NetMuon4]:56606
[Run]:21232 [Site]:4 [Bin]:81 [FullTime]:3590.17 [SkipTime]:0 [Veto1]:58.5963 [Veto2]:56.3946 [Veto3]:52.4222 [Veto4]:34.1308 [SgUp1]:251712 [SgUp2]:254281 [SgUp3]:254769 [SgUp4]:0 [SgLow1]:251281 [SgLow2]:253912 [SgLow3]:254407 [SgLow4]:0 [NetMuon1]:56223 [NetMuon2]:56284 [NetMuon3]:56314 [NetMuon4]:56621
[Run]:21232 [Site]:4 [Bin]:82 [FullTime]:3590.17 [SkipTime]:0 [Veto1]:47.3546 [Veto2]:48.3128 [Veto3]:49.3261 [Veto4]:34.0194 [SgUp1]:252361 [SgUp2]:255966 [SgUp3]:255579 [SgUp4]:0 [SgLow1]:251935 [SgLow2]:255563 [SgLow3]:255102 [SgLow4]:0 [NetMuon1]:56211 [NetMuon2]:56204 [NetMuon3]:56205 [NetMuon4]:56436
[Run]:21232 [Site]:4 [Bin]:83 [FullTime]:3590.18 [SkipTime]:0 [Veto1]:55.357 [Veto2]:57.3462 [Veto3]:64.2467 [Veto4]:34.1022 [SgUp1]:250784 [SgUp2]:255160 [SgUp3]:254297 [SgUp4]:0 [SgLow1]:250389 [SgLow2]:254723 [SgLow3]:253879 [SgLow4]:0 [NetMuon1]:56226 [NetMuon2]:56199 [NetMuon3]:56093 [NetMuon4]:56568
[Run]:21232 [Site]:4 [Bin]:84 [FullTime]:3590.16 [SkipTime]:0 [Veto1]:57.4323 [Veto2]:57.427 [Veto3]:69.3249 [Veto4]:34.2122 [SgUp1]:250895 [SgUp2]:254447 [SgUp3]:253865 [SgUp4]:0 [SgLow1]:250511 [SgLow2]:253996 [SgLow3]:253484 [SgLow4]:0 [NetMuon1]:56371 [NetMuon2]:56378 [NetMuon3]:56139 [NetMuon4]:56733
[Run]:21232 [Site]:4 [Bin]:85 [FullTime]:3590.17 [SkipTime]:0 [Veto1]:59.2671 [Veto2]:55.3318 [Veto3]:57.2248 [Veto4]:34.0598 [SgUp1]:250231 [SgUp2]:254569 [SgUp3]:253981 [SgUp4]:0 [SgLow1]:249788 [SgLow2]:254124 [SgLow3]:253539 [SgLow4]:0 [NetMuon1]:56109 [NetMuon2]:56163 [NetMuon3]:56129 [NetMuon4]:56501
[Run]:21232 [Site]:4 [Bin]:86 [FullTime]:3590.17 [SkipTime]:0 [Veto1]:53.8625 [Veto2]:60.3266 [Veto3]:57.6502 [Veto4]:34.1448 [SgUp1]:250539 [SgUp2]:253691 [SgUp3]:255565 [SgUp4]:0 [SgLow1]:250113 [SgLow2]:253274 [SgLow3]:255097 [SgLow4]:0 [NetMuon1]:56278 [NetMuon2]:56189 [NetMuon3]:56200 [NetMuon4]:56600
[Run]:21232 [Site]:4 [Bin]:87 [FullTime]:3590.17 [SkipTime]:0 [Veto1]:54.3122 [Veto2]:53.3236 [Veto3]:55.3606 [Veto4]:34.0636 [SgUp1]:251365 [SgUp2]:254678 [SgUp3]:256828 [SgUp4]:0 [SgLow1]:250934 [SgLow2]:254281 [SgLow3]:256365 [SgLow4]:0 [NetMuon1]:56170 [NetMuon2]:56215 [NetMuon3]:56200 [NetMuon4]:56499
[Run]:21232 [Site]:4 [Bin]:88 [FullTime]:3590.17 [SkipTime]:0 [Veto1]:56.248 [Veto2]:51.8353 [Veto3]:55.3084 [Veto4]:34.0586 [SgUp1]:250872 [SgUp2]:254929 [SgUp3]:255775 [SgUp4]:0 [SgLow1]:250441 [SgLow2]:254560 [SgLow3]:255337 [SgLow4]:0 [NetMuon1]:56108 [NetMuon2]:56236 [NetMuon3]:56175 [NetMuon4]:56493
[Run]:21232 [Site]:4 [Bin]:89 [FullTime]:3590.17 [SkipTime]:0 [Veto1]:50.3172 [Veto2]:55.2791 [Veto3]:54.3223 [Veto4]:34.0599 [SgUp1]:251310 [SgUp2]:254039 [SgUp3]:255707 [SgUp4]:0 [SgLow1]:250891 [SgLow2]:253567 [SgLow3]:255269 [SgLow4]:0 [NetMuon1]:56226 [NetMuon2]:56129 [NetMuon3]:56186 [NetMuon4]:56491
[Run]:21232 [Site]:4 [Bin]:90 [FullTime]:3590.17 [SkipTime]:0 [Veto1]:52.4594 [Veto2]:55.3956 [Veto3]:57.3649 [Veto4]:34.147 [SgUp1]:252335 [SgUp2]:254195 [SgUp3]:256516 [SgUp4]:0 [SgLow1]:251926 [SgLow2]:253819 [SgLow3]:256154 [SgLow4]:0 [NetMuon1]:56377 [NetMuon2]:56313 [NetMuon3]:56304 [NetMuon4]:56650
[Run]:21232 [Site]:4 [Bin]:91 [FullTime]:3590.17 [SkipTime]:0 [Veto1]:66.0615 [Veto2]:60.1478 [Veto3]:50.2247 [Veto4]:33.9276 [SgUp1]:249449 [SgUp2]:254579 [SgUp3]:256228 [SgUp4]:0 [SgLow1]:248980 [SgLow2]:254189 [SgLow3]:255819 [SgLow4]:0 [NetMuon1]:55821 [NetMuon2]:55882 [NetMuon3]:56046 [NetMuon4]:56300
[Run]:21232 [Site]:4 [Bin]:92 [FullTime]:3590.17 [SkipTime]:0 [Veto1]:55.1497 [Veto2]:66.1504 [Veto3]:64.1089 [Veto4]:33.9375 [SgUp1]:251077 [SgUp2]:252887 [SgUp3]:255106 [SgUp4]:0 [SgLow1]:250629 [SgLow2]:252470 [SgLow3]:254743 [SgLow4]:0 [NetMuon1]:55943 [NetMuon2]:55796 [NetMuon3]:55813 [NetMuon4]:56283
[Run]:21232 [Site]:4 [Bin]:93 [FullTime]:3590.17 [SkipTime]:0 [Veto1]:50.626 [Veto2]:57.1947 [Veto3]:64.145 [Veto4]:33.944 [SgUp1]:250452 [SgUp2]:253961 [SgUp3]:255551 [SgUp4]:0 [SgLow1]:250049 [SgLow2]:253474 [SgLow3]:255130 [SgLow4]:0 [NetMuon1]:56034 [NetMuon2]:55961 [NetMuon3]:55888 [NetMuon4]:56312
[Run]:21232 [Site]:4 [Bin]:94 [FullTime]:3590.17 [SkipTime]:0 [Veto1]:53.3712 [Veto2]:66.2224 [Veto3]:67.2549 [Veto4]:34.0962 [SgUp1]:251472 [SgUp2]:253037 [SgUp3]:255039 [SgUp4]:0 [SgLow1]:251043 [SgLow2]:252666 [SgLow3]:254607 [SgLow4]:0 [NetMuon1]:56253 [NetMuon2]:56044 [NetMuon3]:56050 [NetMuon4]:56574
[Run]:21232 [Site]:4 [Bin]:95 [FullTime]:3590.17 [SkipTime]:0 [Veto1]:60.008 [Veto2]:55.0428 [Veto3]:60.0529 [Veto4]:33.8284 [SgUp1]:250533 [SgUp2]:253177 [SgUp3]:254259 [SgUp4]:0 [SgLow1]:250159 [SgLow2]:252772 [SgLow3]:253839 [SgLow4]:0 [NetMuon1]:55669 [NetMuon2]:55743 [NetMuon3]:55680 [NetMuon4]:56103
[Run]:21232 [Site]:4 [Bin]:96 [FullTime]:3590.17 [SkipTime]:0 [Veto1]:51.2453 [Veto2]:54.2756 [Veto3]:57.1697 [Veto4]:33.9708 [SgUp1]:250765 [SgUp2]:253537 [SgUp3]:254821 [SgUp4]:0 [SgLow1]:250393 [SgLow2]:253096 [SgLow3]:254412 [SgLow4]:0 [NetMuon1]:56051 [NetMuon2]:56004 [NetMuon3]:55943 [NetMuon4]:56344
[Run]:21232 [Site]:4 [Bin]:97 [FullTime]:3590.17 [SkipTime]:0 [Veto1]:54.2607 [Veto2]:53.5618 [Veto3]:55.2937 [Veto4]:34.0175 [SgUp1]:250941 [SgUp2]:253068 [SgUp3]:254853 [SgUp4]:0 [SgLow1]:250607 [SgLow2]:252645 [SgLow3]:254435 [SgLow4]:0 [NetMuon1]:56111 [NetMuon2]:56120 [NetMuon3]:56095 [NetMuon4]:56426
[Run]:21232 [Site]:4 [Bin]:98 [FullTime]:3590.17 [SkipTime]:0 [Veto1]:55.0927 [Veto2]:54.171 [Veto3]:57.0587 [Veto4]:33.8935 [SgUp1]:251747 [SgUp2]:252618 [SgUp3]:254977 [SgUp4]:0 [SgLow1]:251317 [SgLow2]:252219 [SgLow3]:254543 [SgLow4]:0 [NetMuon1]:55906 [NetMuon2]:55874 [NetMuon3]:55821 [NetMuon4]:56209
End process Run: 21232 ... 
[Run]:21232 [Site]:4 [Bin]:99 [FullTime]:34.4325 [SkipTime]:0 [Veto1]:0.362991 [Veto2]:0.3601 [Veto3]:0.365694 [Veto4]:0.3465
