StreamChain add 0x52757e0
Start to process run: 22795 ... 
[Run]:22795 [Site]:4 [Bin]:1952 [FullTime]:787.454 [SkipTime]:0 [Veto1]:11.5746 [Veto2]:12.5758 [Veto3]:16.5379 [Veto4]:7.29862 [SgUp1]:45718 [SgUp2]:45909 [SgUp3]:45886 [SgUp4]:0 [SgLow1]:45627 [SgLow2]:45839 [SgLow3]:45824 [SgLow4]:0 [NetMuon1]:12045 [NetMuon2]:12017 [NetMuon3]:11976 [NetMuon4]:12111
[Run]:22795 [Site]:4 [Bin]:1953 [FullTime]:3590.17 [SkipTime]:0 [Veto1]:49.3574 [Veto2]:51.3417 [Veto3]:53.328 [Veto4]:33.0719 [SgUp1]:208157 [SgUp2]:208813 [SgUp3]:210291 [SgUp4]:0 [SgLow1]:207776 [SgLow2]:208498 [SgLow3]:209952 [SgLow4]:0 [NetMuon1]:54596 [NetMuon2]:54590 [NetMuon3]:54544 [NetMuon4]:54855
[Run]:22795 [Site]:4 [Bin]:1954 [FullTime]:3590.17 [SkipTime]:0 [Veto1]:52.5153 [Veto2]:54.4424 [Veto3]:60.3814 [Veto4]:33.2095 [SgUp1]:208322 [SgUp2]:208779 [SgUp3]:210518 [SgUp4]:0 [SgLow1]:207930 [SgLow2]:208435 [SgLow3]:210184 [SgLow4]:0 [NetMuon1]:54802 [NetMuon2]:54729 [NetMuon3]:54636 [NetMuon4]:55069
[Run]:22795 [Site]:4 [Bin]:1955 [FullTime]:3590.17 [SkipTime]:0 [Veto1]:49.6111 [Veto2]:54.6227 [Veto3]:60.5193 [Veto4]:33.3384 [SgUp1]:207888 [SgUp2]:209218 [SgUp3]:210915 [SgUp4]:0 [SgLow1]:207553 [SgLow2]:208813 [SgLow3]:210576 [SgLow4]:0 [NetMuon1]:55012 [NetMuon2]:54966 [NetMuon3]:54869 [NetMuon4]:55291
[Run]:22795 [Site]:4 [Bin]:1956 [FullTime]:3590.17 [SkipTime]:0 [Veto1]:58.7652 [Veto2]:54.2513 [Veto3]:52.8074 [Veto4]:33.5455 [SgUp1]:207741 [SgUp2]:208453 [SgUp3]:210395 [SgUp4]:0 [SgLow1]:207448 [SgLow2]:208131 [SgLow3]:210056 [SgLow4]:0 [NetMuon1]:55255 [NetMuon2]:55356 [NetMuon3]:55329 [NetMuon4]:55648
[Run]:22795 [Site]:4 [Bin]:1957 [FullTime]:3590.17 [SkipTime]:0 [Veto1]:55.3292 [Veto2]:52.4595 [Veto3]:65.2866 [Veto4]:33.1711 [SgUp1]:208389 [SgUp2]:209136 [SgUp3]:210403 [SgUp4]:0 [SgLow1]:208015 [SgLow2]:208751 [SgLow3]:210088 [SgLow4]:0 [NetMuon1]:54645 [NetMuon2]:54712 [NetMuon3]:54525 [NetMuon4]:55025
[Run]:22795 [Site]:4 [Bin]:1958 [FullTime]:3590.17 [SkipTime]:0 [Veto1]:59.3191 [Veto2]:58.2876 [Veto3]:64.269 [Veto4]:33.1399 [SgUp1]:207452 [SgUp2]:209163 [SgUp3]:209802 [SgUp4]:0 [SgLow1]:207060 [SgLow2]:208794 [SgLow3]:209436 [SgLow4]:0 [NetMuon1]:54582 [NetMuon2]:54580 [NetMuon3]:54494 [NetMuon4]:54983
[Run]:22795 [Site]:4 [Bin]:1959 [FullTime]:3590.17 [SkipTime]:0 [Veto1]:55.7429 [Veto2]:55.7418 [Veto3]:58.7344 [Veto4]:33.5122 [SgUp1]:208304 [SgUp2]:208332 [SgUp3]:210607 [SgUp4]:0 [SgLow1]:207955 [SgLow2]:207937 [SgLow3]:210271 [SgLow4]:0 [NetMuon1]:55228 [NetMuon2]:55233 [NetMuon3]:55164 [NetMuon4]:55587
[Run]:22795 [Site]:4 [Bin]:1960 [FullTime]:3590.17 [SkipTime]:0 [Veto1]:56.6164 [Veto2]:44.7117 [Veto3]:58.5838 [Veto4]:33.3999 [SgUp1]:208402 [SgUp2]:209844 [SgUp3]:210964 [SgUp4]:0 [SgLow1]:208060 [SgLow2]:209515 [SgLow3]:210617 [SgLow4]:0 [NetMuon1]:55034 [NetMuon2]:55231 [NetMuon3]:54971 [NetMuon4]:55399
[Run]:22795 [Site]:4 [Bin]:1961 [FullTime]:3590.17 [SkipTime]:0 [Veto1]:52.635 [Veto2]:51.6184 [Veto3]:56.6021 [Veto4]:33.3529 [SgUp1]:206802 [SgUp2]:209550 [SgUp3]:210333 [SgUp4]:0 [SgLow1]:206432 [SgLow2]:209179 [SgLow3]:209967 [SgLow4]:0 [NetMuon1]:55022 [NetMuon2]:55032 [NetMuon3]:54996 [NetMuon4]:55332
[Run]:22795 [Site]:4 [Bin]:1962 [FullTime]:3590.17 [SkipTime]:0 [Veto1]:57.6997 [Veto2]:58.6715 [Veto3]:57.708 [Veto4]:33.4685 [SgUp1]:207280 [SgUp2]:208538 [SgUp3]:210942 [SgUp4]:0 [SgLow1]:206991 [SgLow2]:208177 [SgLow3]:210582 [SgLow4]:0 [NetMuon1]:55088 [NetMuon2]:55089 [NetMuon3]:55065 [NetMuon4]:55475
[Run]:22795 [Site]:4 [Bin]:1963 [FullTime]:3590.17 [SkipTime]:0 [Veto1]:55.7566 [Veto2]:58.6749 [Veto3]:56.7323 [Veto4]:33.4902 [SgUp1]:208161 [SgUp2]:207569 [SgUp3]:210449 [SgUp4]:0 [SgLow1]:207830 [SgLow2]:207182 [SgLow3]:210080 [SgLow4]:0 [NetMuon1]:55200 [NetMuon2]:55151 [NetMuon3]:55179 [NetMuon4]:55546
[Run]:22795 [Site]:4 [Bin]:1964 [FullTime]:3590.17 [SkipTime]:0 [Veto1]:54.4895 [Veto2]:52.5526 [Veto3]:55.5188 [Veto4]:33.2605 [SgUp1]:207373 [SgUp2]:209628 [SgUp3]:210127 [SgUp4]:0 [SgLow1]:207029 [SgLow2]:209233 [SgLow3]:209835 [SgLow4]:0 [NetMuon1]:54822 [NetMuon2]:54872 [NetMuon3]:54819 [NetMuon4]:55171
[Run]:22795 [Site]:4 [Bin]:1965 [FullTime]:3590.17 [SkipTime]:0 [Veto1]:60.4469 [Veto2]:52.5448 [Veto3]:57.455 [Veto4]:33.2586 [SgUp1]:206847 [SgUp2]:209710 [SgUp3]:210495 [SgUp4]:0 [SgLow1]:206520 [SgLow2]:209391 [SgLow3]:210154 [SgLow4]:0 [NetMuon1]:54699 [NetMuon2]:54841 [NetMuon3]:54802 [NetMuon4]:55165
[Run]:22795 [Site]:4 [Bin]:1966 [FullTime]:3590.17 [SkipTime]:0 [Veto1]:47.5136 [Veto2]:50.5056 [Veto3]:60.3855 [Veto4]:33.1991 [SgUp1]:208298 [SgUp2]:208995 [SgUp3]:210123 [SgUp4]:0 [SgLow1]:207982 [SgLow2]:208662 [SgLow3]:209781 [SgLow4]:0 [NetMuon1]:54843 [NetMuon2]:54794 [NetMuon3]:54642 [NetMuon4]:55069
[Run]:22795 [Site]:4 [Bin]:1967 [FullTime]:3590.17 [SkipTime]:0 [Veto1]:42.8529 [Veto2]:63.6171 [Veto3]:59.7076 [Veto4]:33.4764 [SgUp1]:208665 [SgUp2]:207374 [SgUp3]:209890 [SgUp4]:0 [SgLow1]:208311 [SgLow2]:207019 [SgLow3]:209527 [SgLow4]:0 [NetMuon1]:55396 [NetMuon2]:55041 [NetMuon3]:55153 [NetMuon4]:55542
[Run]:22795 [Site]:4 [Bin]:1968 [FullTime]:3590.18 [SkipTime]:0 [Veto1]:53.5884 [Veto2]:51.5788 [Veto3]:47.6482 [Veto4]:33.3182 [SgUp1]:208222 [SgUp2]:208779 [SgUp3]:210764 [SgUp4]:0 [SgLow1]:207822 [SgLow2]:208457 [SgLow3]:210432 [SgLow4]:0 [NetMuon1]:54975 [NetMuon2]:54996 [NetMuon3]:55069 [NetMuon4]:55289
[Run]:22795 [Site]:4 [Bin]:1969 [FullTime]:3590.16 [SkipTime]:0 [Veto1]:55.3481 [Veto2]:67.1722 [Veto3]:61.279 [Veto4]:33.0866 [SgUp1]:207781 [SgUp2]:207817 [SgUp3]:210180 [SgUp4]:0 [SgLow1]:207417 [SgLow2]:207479 [SgLow3]:209844 [SgLow4]:0 [NetMuon1]:54545 [NetMuon2]:54334 [NetMuon3]:54436 [NetMuon4]:54872
[Run]:22795 [Site]:4 [Bin]:1970 [FullTime]:3590.18 [SkipTime]:0 [Veto1]:52.7658 [Veto2]:51.8884 [Veto3]:51.7338 [Veto4]:33.4529 [SgUp1]:207558 [SgUp2]:208596 [SgUp3]:210787 [SgUp4]:0 [SgLow1]:207211 [SgLow2]:208258 [SgLow3]:210468 [SgLow4]:0 [NetMuon1]:55172 [NetMuon2]:55211 [NetMuon3]:55230 [NetMuon4]:55488
[Run]:22795 [Site]:4 [Bin]:1971 [FullTime]:3590.17 [SkipTime]:0 [Veto1]:48.434 [Veto2]:51.4549 [Veto3]:60.3561 [Veto4]:33.1265 [SgUp1]:208522 [SgUp2]:209518 [SgUp3]:210336 [SgUp4]:0 [SgLow1]:208229 [SgLow2]:209131 [SgLow3]:210024 [SgLow4]:0 [NetMuon1]:54735 [NetMuon2]:54663 [NetMuon3]:54530 [NetMuon4]:54936
[Run]:22795 [Site]:4 [Bin]:1972 [FullTime]:3590.17 [SkipTime]:0 [Veto1]:57.8096 [Veto2]:58.5566 [Veto3]:52.5804 [Veto4]:33.3462 [SgUp1]:208920 [SgUp2]:208618 [SgUp3]:211306 [SgUp4]:0 [SgLow1]:208615 [SgLow2]:208241 [SgLow3]:210931 [SgLow4]:0 [NetMuon1]:54963 [NetMuon2]:54932 [NetMuon3]:55016 [NetMuon4]:55330
[Run]:22795 [Site]:4 [Bin]:1973 [FullTime]:3590.17 [SkipTime]:0 [Veto1]:61.3893 [Veto2]:56.4528 [Veto3]:57.4638 [Veto4]:33.2056 [SgUp1]:208966 [SgUp2]:208778 [SgUp3]:210758 [SgUp4]:0 [SgLow1]:208613 [SgLow2]:208403 [SgLow3]:210387 [SgLow4]:0 [NetMuon1]:54665 [NetMuon2]:54753 [NetMuon3]:54727 [NetMuon4]:55093
[Run]:22795 [Site]:4 [Bin]:1974 [FullTime]:3590.17 [SkipTime]:0 [Veto1]:64.5758 [Veto2]:53.7134 [Veto3]:55.6834 [Veto4]:33.4308 [SgUp1]:209891 [SgUp2]:208867 [SgUp3]:210766 [SgUp4]:0 [SgLow1]:209532 [SgLow2]:208556 [SgLow3]:210433 [SgLow4]:0 [NetMuon1]:54956 [NetMuon2]:55145 [NetMuon3]:55063 [NetMuon4]:55449
[Run]:22795 [Site]:4 [Bin]:1975 [FullTime]:3590.17 [SkipTime]:0 [Veto1]:57.4259 [Veto2]:55.428 [Veto3]:53.4124 [Veto4]:33.184 [SgUp1]:208944 [SgUp2]:208277 [SgUp3]:211115 [SgUp4]:0 [SgLow1]:208593 [SgLow2]:207938 [SgLow3]:210771 [SgLow4]:0 [NetMuon1]:54655 [NetMuon2]:54691 [NetMuon3]:54724 [NetMuon4]:55023
[Run]:22795 [Site]:4 [Bin]:1976 [FullTime]:3590.17 [SkipTime]:0 [Veto1]:49.8646 [Veto2]:52.602 [Veto3]:59.5411 [Veto4]:33.3249 [SgUp1]:210043 [SgUp2]:208505 [SgUp3]:210935 [SgUp4]:0 [SgLow1]:209684 [SgLow2]:208160 [SgLow3]:210541 [SgLow4]:0 [NetMuon1]:55012 [NetMuon2]:54978 [NetMuon3]:54871 [NetMuon4]:55280
[Run]:22795 [Site]:4 [Bin]:1977 [FullTime]:3590.17 [SkipTime]:0 [Veto1]:61.2617 [Veto2]:60.4079 [Veto3]:54.4126 [Veto4]:33.1506 [SgUp1]:208917 [SgUp2]:207678 [SgUp3]:210809 [SgUp4]:0 [SgLow1]:208582 [SgLow2]:207338 [SgLow3]:210464 [SgLow4]:0 [NetMuon1]:54520 [NetMuon2]:54555 [NetMuon3]:54636 [NetMuon4]:54982
[Run]:22795 [Site]:4 [Bin]:1978 [FullTime]:3590.17 [SkipTime]:0 [Veto1]:56.2195 [Veto2]:57.1674 [Veto3]:49.3025 [Veto4]:33.017 [SgUp1]:209283 [SgUp2]:208452 [SgUp3]:211390 [SgUp4]:0 [SgLow1]:208961 [SgLow2]:208125 [SgLow3]:210991 [SgLow4]:0 [NetMuon1]:54422 [NetMuon2]:54416 [NetMuon3]:54515 [NetMuon4]:54776
[Run]:22795 [Site]:4 [Bin]:1979 [FullTime]:3590.17 [SkipTime]:0 [Veto1]:50.59 [Veto2]:55.5302 [Veto3]:53.5686 [Veto4]:33.2799 [SgUp1]:209266 [SgUp2]:209220 [SgUp3]:211503 [SgUp4]:0 [SgLow1]:208945 [SgLow2]:208869 [SgLow3]:211136 [SgLow4]:0 [NetMuon1]:54965 [NetMuon2]:54891 [NetMuon3]:54898 [NetMuon4]:55210
[Run]:22795 [Site]:4 [Bin]:1980 [FullTime]:3590.17 [SkipTime]:0 [Veto1]:53.657 [Veto2]:57.6805 [Veto3]:56.6318 [Veto4]:33.3959 [SgUp1]:209214 [SgUp2]:208557 [SgUp3]:210018 [SgUp4]:0 [SgLow1]:208852 [SgLow2]:208194 [SgLow3]:209707 [SgLow4]:0 [NetMuon1]:55049 [NetMuon2]:55023 [NetMuon3]:55031 [NetMuon4]:55384
[Run]:22795 [Site]:4 [Bin]:1981 [FullTime]:3590.17 [SkipTime]:0 [Veto1]:49.7387 [Veto2]:52.6578 [Veto3]:50.7375 [Veto4]:33.4057 [SgUp1]:209253 [SgUp2]:208374 [SgUp3]:211077 [SgUp4]:0 [SgLow1]:208904 [SgLow2]:208085 [SgLow3]:210707 [SgLow4]:0 [NetMuon1]:55173 [NetMuon2]:55106 [NetMuon3]:55151 [NetMuon4]:55407
[Run]:22795 [Site]:4 [Bin]:1982 [FullTime]:3590.17 [SkipTime]:0 [Veto1]:52.0178 [Veto2]:57.0206 [Veto3]:59.9565 [Veto4]:33.7567 [SgUp1]:209671 [SgUp2]:209365 [SgUp3]:210716 [SgUp4]:0 [SgLow1]:209294 [SgLow2]:208980 [SgLow3]:210405 [SgLow4]:0 [NetMuon1]:55714 [NetMuon2]:55629 [NetMuon3]:55586 [NetMuon4]:56003
[Run]:22795 [Site]:4 [Bin]:1983 [FullTime]:3590.17 [SkipTime]:0 [Veto1]:52.6759 [Veto2]:60.6625 [Veto3]:59.5812 [Veto4]:33.4001 [SgUp1]:208704 [SgUp2]:208137 [SgUp3]:210988 [SgUp4]:0 [SgLow1]:208340 [SgLow2]:207776 [SgLow3]:210600 [SgLow4]:0 [NetMuon1]:55105 [NetMuon2]:55049 [NetMuon3]:55008 [NetMuon4]:55422
[Run]:22795 [Site]:4 [Bin]:1984 [FullTime]:3590.17 [SkipTime]:0 [Veto1]:51.7631 [Veto2]:47.7588 [Veto3]:61.6402 [Veto4]:33.4531 [SgUp1]:208925 [SgUp2]:209328 [SgUp3]:209487 [SgUp4]:0 [SgLow1]:208592 [SgLow2]:208947 [SgLow3]:209208 [SgLow4]:0 [NetMuon1]:55201 [NetMuon2]:55251 [NetMuon3]:55025 [NetMuon4]:55488
[Run]:22795 [Site]:4 [Bin]:1985 [FullTime]:3590.17 [SkipTime]:0 [Veto1]:61.6825 [Veto2]:53.7581 [Veto3]:53.7441 [Veto4]:33.4886 [SgUp1]:208380 [SgUp2]:209120 [SgUp3]:211154 [SgUp4]:0 [SgLow1]:208032 [SgLow2]:208787 [SgLow3]:210774 [SgLow4]:0 [NetMuon1]:55095 [NetMuon2]:55220 [NetMuon3]:55240 [NetMuon4]:55548
[Run]:22795 [Site]:4 [Bin]:1986 [FullTime]:3590.17 [SkipTime]:0 [Veto1]:54.4901 [Veto2]:54.5514 [Veto3]:58.4673 [Veto4]:33.2627 [SgUp1]:209124 [SgUp2]:209626 [SgUp3]:210560 [SgUp4]:0 [SgLow1]:208770 [SgLow2]:209255 [SgLow3]:210207 [SgLow4]:0 [NetMuon1]:54826 [NetMuon2]:54837 [NetMuon3]:54767 [NetMuon4]:55159
[Run]:22795 [Site]:4 [Bin]:1987 [FullTime]:3590.17 [SkipTime]:0 [Veto1]:45.5209 [Veto2]:54.4667 [Veto3]:57.3982 [Veto4]:33.178 [SgUp1]:209723 [SgUp2]:209256 [SgUp3]:211008 [SgUp4]:0 [SgLow1]:209405 [SgLow2]:208885 [SgLow3]:210683 [SgLow4]:0 [NetMuon1]:54866 [NetMuon2]:54714 [NetMuon3]:54676 [NetMuon4]:55058
[Run]:22795 [Site]:4 [Bin]:1988 [FullTime]:3590.17 [SkipTime]:0 [Veto1]:57.6996 [Veto2]:63.6465 [Veto3]:52.7873 [Veto4]:33.4787 [SgUp1]:208285 [SgUp2]:208792 [SgUp3]:211037 [SgUp4]:0 [SgLow1]:207961 [SgLow2]:208426 [SgLow3]:210680 [SgLow4]:0 [NetMuon1]:55098 [NetMuon2]:55015 [NetMuon3]:55233 [NetMuon4]:55499
[Run]:22795 [Site]:4 [Bin]:1989 [FullTime]:3590.17 [SkipTime]:0 [Veto1]:47.5901 [Veto2]:47.6103 [Veto3]:49.2275 [Veto4]:33.2699 [SgUp1]:209421 [SgUp2]:209614 [SgUp3]:210613 [SgUp4]:0 [SgLow1]:209089 [SgLow2]:209301 [SgLow3]:210264 [SgLow4]:0 [NetMuon1]:54959 [NetMuon2]:54959 [NetMuon3]:54933 [NetMuon4]:55191
[Run]:22795 [Site]:4 [Bin]:1990 [FullTime]:3590.17 [SkipTime]:0 [Veto1]:52.5637 [Veto2]:52.5778 [Veto3]:53.5447 [Veto4]:33.285 [SgUp1]:209132 [SgUp2]:209082 [SgUp3]:210049 [SgUp4]:0 [SgLow1]:208761 [SgLow2]:208692 [SgLow3]:209685 [SgLow4]:0 [NetMuon1]:54898 [NetMuon2]:54909 [NetMuon3]:54846 [NetMuon4]:55199
[Run]:22795 [Site]:4 [Bin]:1991 [FullTime]:3590.17 [SkipTime]:0 [Veto1]:53.3532 [Veto2]:49.3892 [Veto3]:52.3558 [Veto4]:33.1006 [SgUp1]:207828 [SgUp2]:210153 [SgUp3]:211585 [SgUp4]:0 [SgLow1]:207517 [SgLow2]:209822 [SgLow3]:211232 [SgLow4]:0 [NetMuon1]:54579 [NetMuon2]:54632 [NetMuon3]:54603 [NetMuon4]:54898
[Run]:22795 [Site]:4 [Bin]:1992 [FullTime]:3590.17 [SkipTime]:0 [Veto1]:62.6128 [Veto2]:65.5994 [Veto3]:58.6656 [Veto4]:33.4387 [SgUp1]:208584 [SgUp2]:207600 [SgUp3]:210068 [SgUp4]:0 [SgLow1]:208222 [SgLow2]:207225 [SgLow3]:209771 [SgLow4]:0 [NetMuon1]:55021 [NetMuon2]:54933 [NetMuon3]:55087 [NetMuon4]:55489
[Run]:22795 [Site]:4 [Bin]:1993 [FullTime]:3590.17 [SkipTime]:0 [Veto1]:55.8015 [Veto2]:54.8069 [Veto3]:55.8153 [Veto4]:33.5724 [SgUp1]:207654 [SgUp2]:208192 [SgUp3]:211047 [SgUp4]:0 [SgLow1]:207311 [SgLow2]:207883 [SgLow3]:210697 [SgLow4]:0 [NetMuon1]:55339 [NetMuon2]:55338 [NetMuon3]:55345 [NetMuon4]:55701
[Run]:22795 [Site]:4 [Bin]:1994 [FullTime]:3590.17 [SkipTime]:0 [Veto1]:51.6757 [Veto2]:57.6441 [Veto3]:54.6634 [Veto4]:33.3986 [SgUp1]:208907 [SgUp2]:208651 [SgUp3]:211325 [SgUp4]:0 [SgLow1]:208553 [SgLow2]:208276 [SgLow3]:210982 [SgLow4]:0 [NetMuon1]:55069 [NetMuon2]:55000 [NetMuon3]:55048 [NetMuon4]:55387
[Run]:22795 [Site]:4 [Bin]:1995 [FullTime]:3590.17 [SkipTime]:0 [Veto1]:56.688 [Veto2]:51.651 [Veto3]:66.5171 [Veto4]:33.3994 [SgUp1]:208306 [SgUp2]:209620 [SgUp3]:209990 [SgUp4]:0 [SgLow1]:207994 [SgLow2]:209256 [SgLow3]:209660 [SgLow4]:0 [NetMuon1]:55037 [NetMuon2]:55135 [NetMuon3]:54901 [NetMuon4]:55402
[Run]:22795 [Site]:4 [Bin]:1996 [FullTime]:3590.16 [SkipTime]:0 [Veto1]:56.6705 [Veto2]:54.7081 [Veto3]:54.6665 [Veto4]:33.401 [SgUp1]:207882 [SgUp2]:208777 [SgUp3]:210246 [SgUp4]:0 [SgLow1]:207575 [SgLow2]:208398 [SgLow3]:209932 [SgLow4]:0 [NetMuon1]:55052 [NetMuon2]:55102 [NetMuon3]:55067 [NetMuon4]:55402
[Run]:22795 [Site]:4 [Bin]:1997 [FullTime]:3590.17 [SkipTime]:0 [Veto1]:60.7988 [Veto2]:54.7814 [Veto3]:52.7672 [Veto4]:33.5014 [SgUp1]:208507 [SgUp2]:209299 [SgUp3]:210757 [SgUp4]:0 [SgLow1]:208198 [SgLow2]:208982 [SgLow3]:210420 [SgLow4]:0 [NetMuon1]:55111 [NetMuon2]:55224 [NetMuon3]:55231 [NetMuon4]:55548
[Run]:22795 [Site]:4 [Bin]:1998 [FullTime]:3590.17 [SkipTime]:0 [Veto1]:54.6235 [Veto2]:52.6552 [Veto3]:51.6467 [Veto4]:33.3748 [SgUp1]:208114 [SgUp2]:208118 [SgUp3]:210611 [SgUp4]:0 [SgLow1]:207820 [SgLow2]:207787 [SgLow3]:210254 [SgLow4]:0 [NetMuon1]:55031 [NetMuon2]:55088 [NetMuon3]:55058 [NetMuon4]:55367
[Run]:22795 [Site]:4 [Bin]:1999 [FullTime]:3590.17 [SkipTime]:0 [Veto1]:50.5978 [Veto2]:47.5528 [Veto3]:55.563 [Veto4]:33.2901 [SgUp1]:208088 [SgUp2]:209863 [SgUp3]:209716 [SgUp4]:0 [SgLow1]:207749 [SgLow2]:209510 [SgLow3]:209365 [SgLow4]:0 [NetMuon1]:54984 [NetMuon2]:54979 [NetMuon3]:54900 [NetMuon4]:55235
End process Run: 22795 ... 
[Run]:22795 [Site]:4 [Bin]:2000 [FullTime]:525.93 [SkipTime]:0 [Veto1]:8.08079 [Veto2]:10.0342 [Veto3]:7.09603 [Veto4]:4.88727
