StreamChain add 0xbe827e0
Start to process run: 22513 ... 
[Run]:22513 [Site]:4 [Bin]:1502 [FullTime]:1398.98 [SkipTime]:0 [Veto1]:21.4655 [Veto2]:18.4785 [Veto3]:23.3953 [Veto4]:12.9732 [SgUp1]:82535 [SgUp2]:82964 [SgUp3]:83401 [SgUp4]:0 [SgLow1]:82423 [SgLow2]:82817 [SgLow3]:83293 [SgLow4]:0 [NetMuon1]:21379 [NetMuon2]:21440 [NetMuon3]:21362 [NetMuon4]:21522
[Run]:22513 [Site]:4 [Bin]:1503 [FullTime]:3590.17 [SkipTime]:0 [Veto1]:46.5541 [Veto2]:52.4577 [Veto3]:57.3865 [Veto4]:33.1984 [SgUp1]:211850 [SgUp2]:212795 [SgUp3]:213964 [SgUp4]:0 [SgLow1]:211548 [SgLow2]:212485 [SgLow3]:213636 [SgLow4]:0 [NetMuon1]:54839 [NetMuon2]:54748 [NetMuon3]:54657 [NetMuon4]:55062
[Run]:22513 [Site]:4 [Bin]:1504 [FullTime]:3590.17 [SkipTime]:0 [Veto1]:54.2892 [Veto2]:57.2558 [Veto3]:52.2946 [Veto4]:33.0382 [SgUp1]:211503 [SgUp2]:212697 [SgUp3]:214452 [SgUp4]:0 [SgLow1]:211199 [SgLow2]:212321 [SgLow3]:214072 [SgLow4]:0 [NetMuon1]:54482 [NetMuon2]:54453 [NetMuon3]:54529 [NetMuon4]:54807
[Run]:22513 [Site]:4 [Bin]:1505 [FullTime]:3590.17 [SkipTime]:0 [Veto1]:54.2417 [Veto2]:61.5197 [Veto3]:49.6236 [Veto4]:33.357 [SgUp1]:211018 [SgUp2]:212853 [SgUp3]:214324 [SgUp4]:0 [SgLow1]:210719 [SgLow2]:212463 [SgLow3]:213941 [SgLow4]:0 [NetMuon1]:55008 [NetMuon2]:54853 [NetMuon3]:55051 [NetMuon4]:55308
[Run]:22513 [Site]:4 [Bin]:1506 [FullTime]:3590.17 [SkipTime]:0 [Veto1]:51.7582 [Veto2]:59.6949 [Veto3]:50.7523 [Veto4]:33.4506 [SgUp1]:211363 [SgUp2]:212673 [SgUp3]:215254 [SgUp4]:0 [SgLow1]:210982 [SgLow2]:212303 [SgLow3]:214884 [SgLow4]:0 [NetMuon1]:55199 [NetMuon2]:55070 [NetMuon3]:55237 [NetMuon4]:55483
[Run]:22513 [Site]:4 [Bin]:1507 [FullTime]:3590.17 [SkipTime]:0 [Veto1]:49.7508 [Veto2]:50.7492 [Veto3]:54.7145 [Veto4]:33.4252 [SgUp1]:211289 [SgUp2]:212918 [SgUp3]:215096 [SgUp4]:0 [SgLow1]:210918 [SgLow2]:212562 [SgLow3]:214761 [SgLow4]:0 [NetMuon1]:55165 [NetMuon2]:55148 [NetMuon3]:55123 [NetMuon4]:55419
[Run]:22513 [Site]:4 [Bin]:1508 [FullTime]:3590.17 [SkipTime]:0 [Veto1]:49.2111 [Veto2]:58.3336 [Veto3]:51.3341 [Veto4]:33.0993 [SgUp1]:210822 [SgUp2]:212155 [SgUp3]:213616 [SgUp4]:0 [SgLow1]:210487 [SgLow2]:211755 [SgLow3]:213253 [SgLow4]:0 [NetMuon1]:54673 [NetMuon2]:54536 [NetMuon3]:54645 [NetMuon4]:54915
[Run]:22513 [Site]:4 [Bin]:1509 [FullTime]:3590.17 [SkipTime]:0 [Veto1]:59.9996 [Veto2]:48.6003 [Veto3]:50.6072 [Veto4]:33.2892 [SgUp1]:209765 [SgUp2]:212870 [SgUp3]:214074 [SgUp4]:0 [SgLow1]:209433 [SgLow2]:212517 [SgLow3]:213708 [SgLow4]:0 [NetMuon1]:54785 [NetMuon2]:54977 [NetMuon3]:54946 [NetMuon4]:55210
[Run]:22513 [Site]:4 [Bin]:1510 [FullTime]:3590.17 [SkipTime]:0 [Veto1]:53.6464 [Veto2]:53.6724 [Veto3]:55.6703 [Veto4]:33.3846 [SgUp1]:210402 [SgUp2]:213127 [SgUp3]:213733 [SgUp4]:0 [SgLow1]:210013 [SgLow2]:212768 [SgLow3]:213374 [SgLow4]:0 [NetMuon1]:55049 [NetMuon2]:55069 [NetMuon3]:55059 [NetMuon4]:55376
[Run]:22513 [Site]:4 [Bin]:1511 [FullTime]:3590.17 [SkipTime]:0 [Veto1]:50.4378 [Veto2]:57.3702 [Veto3]:55.3872 [Veto4]:33.1398 [SgUp1]:209659 [SgUp2]:212384 [SgUp3]:213817 [SgUp4]:0 [SgLow1]:209325 [SgLow2]:212027 [SgLow3]:213430 [SgLow4]:0 [NetMuon1]:54697 [NetMuon2]:54618 [NetMuon3]:54694 [NetMuon4]:54971
[Run]:22513 [Site]:4 [Bin]:1512 [FullTime]:3590.17 [SkipTime]:0 [Veto1]:63.486 [Veto2]:53.667 [Veto3]:60.4278 [Veto4]:33.3869 [SgUp1]:209609 [SgUp2]:212472 [SgUp3]:213904 [SgUp4]:0 [SgLow1]:209284 [SgLow2]:212116 [SgLow3]:213550 [SgLow4]:0 [NetMuon1]:54865 [NetMuon2]:55045 [NetMuon3]:54949 [NetMuon4]:55372
[Run]:22513 [Site]:4 [Bin]:1513 [FullTime]:3590.17 [SkipTime]:0 [Veto1]:54.391 [Veto2]:63.4204 [Veto3]:71.4901 [Veto4]:33.1922 [SgUp1]:209601 [SgUp2]:211831 [SgUp3]:212101 [SgUp4]:0 [SgLow1]:209278 [SgLow2]:211475 [SgLow3]:211762 [SgLow4]:0 [NetMuon1]:54713 [NetMuon2]:54595 [NetMuon3]:54433 [NetMuon4]:55050
[Run]:22513 [Site]:4 [Bin]:1514 [FullTime]:3590.17 [SkipTime]:0 [Veto1]:57.4235 [Veto2]:49.4742 [Veto3]:57.3362 [Veto4]:33.1385 [SgUp1]:208929 [SgUp2]:212755 [SgUp3]:213549 [SgUp4]:0 [SgLow1]:208543 [SgLow2]:212418 [SgLow3]:213259 [SgLow4]:0 [NetMuon1]:54623 [NetMuon2]:54708 [NetMuon3]:54605 [NetMuon4]:54976
[Run]:22513 [Site]:4 [Bin]:1515 [FullTime]:3590.17 [SkipTime]:0 [Veto1]:51.4937 [Veto2]:49.6889 [Veto3]:56.4241 [Veto4]:33.2101 [SgUp1]:209767 [SgUp2]:212630 [SgUp3]:214031 [SgUp4]:0 [SgLow1]:209407 [SgLow2]:212250 [SgLow3]:213665 [SgLow4]:0 [NetMuon1]:54773 [NetMuon2]:54810 [NetMuon3]:54700 [NetMuon4]:55054
[Run]:22513 [Site]:4 [Bin]:1516 [FullTime]:3590.17 [SkipTime]:0 [Veto1]:47.3566 [Veto2]:58.4377 [Veto3]:46.394 [Veto4]:33.0759 [SgUp1]:210123 [SgUp2]:213257 [SgUp3]:214073 [SgUp4]:0 [SgLow1]:209787 [SgLow2]:212902 [SgLow3]:213732 [SgLow4]:0 [NetMuon1]:54679 [NetMuon2]:54485 [NetMuon3]:54670 [NetMuon4]:54873
[Run]:22513 [Site]:4 [Bin]:1517 [FullTime]:3590.17 [SkipTime]:0 [Veto1]:54.3252 [Veto2]:48.3649 [Veto3]:63.2555 [Veto4]:33.0599 [SgUp1]:209261 [SgUp2]:212567 [SgUp3]:213488 [SgUp4]:0 [SgLow1]:208957 [SgLow2]:212235 [SgLow3]:213120 [SgLow4]:0 [NetMuon1]:54528 [NetMuon2]:54572 [NetMuon3]:54396 [NetMuon4]:54841
End process Run: 22513 ... 
[Run]:22513 [Site]:4 [Bin]:1518 [FullTime]:2813.81 [SkipTime]:0 [Veto1]:33.9555 [Veto2]:34.9101 [Veto3]:37.92 [Veto4]:25.8897
