StreamChain add 0x149497e0
Start to process run: 22263 ... 
[Run]:22263 [Site]:4 [Bin]:1182 [FullTime]:3062.38 [SkipTime]:0 [Veto1]:54.7759 [Veto2]:44.8974 [Veto3]:44.8579 [Veto4]:27.8063 [SgUp1]:181371 [SgUp2]:183305 [SgUp3]:185848 [SgUp4]:0 [SgLow1]:181109 [SgLow2]:183000 [SgLow3]:185538 [SgLow4]:0 [NetMuon1]:45721 [NetMuon2]:45860 [NetMuon3]:45835 [NetMuon4]:46128
[Run]:22263 [Site]:4 [Bin]:1183 [FullTime]:3590.17 [SkipTime]:0 [Veto1]:58.0127 [Veto2]:57.0069 [Veto3]:57.0178 [Veto4]:32.7846 [SgUp1]:211889 [SgUp2]:215734 [SgUp3]:218472 [SgUp4]:0 [SgLow1]:211594 [SgLow2]:215368 [SgLow3]:218138 [SgLow4]:0 [NetMuon1]:53987 [NetMuon2]:53983 [NetMuon3]:53997 [NetMuon4]:54361
[Run]:22263 [Site]:4 [Bin]:1184 [FullTime]:3590.17 [SkipTime]:0 [Veto1]:55.1154 [Veto2]:57.0535 [Veto3]:55.0715 [Veto4]:32.8416 [SgUp1]:212200 [SgUp2]:215248 [SgUp3]:217787 [SgUp4]:0 [SgLow1]:211922 [SgLow2]:214890 [SgLow3]:217443 [SgLow4]:0 [NetMuon1]:54191 [NetMuon2]:54112 [NetMuon3]:54101 [NetMuon4]:54482
[Run]:22263 [Site]:4 [Bin]:1185 [FullTime]:3590.17 [SkipTime]:0 [Veto1]:61.1836 [Veto2]:45.0685 [Veto3]:64.9007 [Veto4]:32.7087 [SgUp1]:212027 [SgUp2]:216844 [SgUp3]:217231 [SgUp4]:0 [SgLow1]:211694 [SgLow2]:216487 [SgLow3]:216902 [SgLow4]:0 [NetMuon1]:53807 [NetMuon2]:54073 [NetMuon3]:53761 [NetMuon4]:54251
[Run]:22263 [Site]:4 [Bin]:1186 [FullTime]:3590.17 [SkipTime]:0 [Veto1]:49.0554 [Veto2]:53.951 [Veto3]:55.9918 [Veto4]:32.7313 [SgUp1]:212474 [SgUp2]:215094 [SgUp3]:216813 [SgUp4]:0 [SgLow1]:212104 [SgLow2]:214725 [SgLow3]:216432 [SgLow4]:0 [NetMuon1]:54065 [NetMuon2]:53969 [NetMuon3]:53967 [NetMuon4]:54311
[Run]:22263 [Site]:4 [Bin]:1187 [FullTime]:3590.17 [SkipTime]:0 [Veto1]:56.1084 [Veto2]:62.529 [Veto3]:48.2008 [Veto4]:32.8675 [SgUp1]:212181 [SgUp2]:213582 [SgUp3]:217278 [SgUp4]:0 [SgLow1]:211868 [SgLow2]:213211 [SgLow3]:216957 [SgLow4]:0 [NetMuon1]:54186 [NetMuon2]:54084 [NetMuon3]:54302 [NetMuon4]:54512
[Run]:22263 [Site]:4 [Bin]:1188 [FullTime]:3590.17 [SkipTime]:0 [Veto1]:52.7607 [Veto2]:56.7195 [Veto3]:53.7842 [Veto4]:32.5234 [SgUp1]:212131 [SgUp2]:213908 [SgUp3]:217278 [SgUp4]:0 [SgLow1]:211773 [SgLow2]:213545 [SgLow3]:216921 [SgLow4]:0 [NetMuon1]:53618 [NetMuon2]:53552 [NetMuon3]:53648 [NetMuon4]:53946
[Run]:22263 [Site]:4 [Bin]:1189 [FullTime]:3590.17 [SkipTime]:0 [Veto1]:53.0144 [Veto2]:61.8925 [Veto3]:51.951 [Veto4]:32.702 [SgUp1]:212305 [SgUp2]:215119 [SgUp3]:217215 [SgUp4]:0 [SgLow1]:211951 [SgLow2]:214811 [SgLow3]:216865 [SgLow4]:0 [NetMuon1]:53942 [NetMuon2]:53781 [NetMuon3]:53911 [NetMuon4]:54236
[Run]:22263 [Site]:4 [Bin]:1190 [FullTime]:3590.17 [SkipTime]:0 [Veto1]:51.9219 [Veto2]:53.941 [Veto3]:51.9857 [Veto4]:32.6894 [SgUp1]:212846 [SgUp2]:213984 [SgUp3]:216651 [SgUp4]:0 [SgLow1]:212491 [SgLow2]:213596 [SgLow3]:216294 [SgLow4]:0 [NetMuon1]:53936 [NetMuon2]:53927 [NetMuon3]:53938 [NetMuon4]:54222
[Run]:22263 [Site]:4 [Bin]:1191 [FullTime]:3590.17 [SkipTime]:0 [Veto1]:49.1104 [Veto2]:48.0784 [Veto3]:50.099 [Veto4]:32.7901 [SgUp1]:212349 [SgUp2]:214904 [SgUp3]:217176 [SgUp4]:0 [SgLow1]:212004 [SgLow2]:214523 [SgLow3]:216807 [SgLow4]:0 [NetMuon1]:54162 [NetMuon2]:54171 [NetMuon3]:54139 [NetMuon4]:54391
[Run]:22263 [Site]:4 [Bin]:1192 [FullTime]:3590.17 [SkipTime]:0 [Veto1]:55.9442 [Veto2]:51.2346 [Veto3]:63.8542 [Veto4]:32.7107 [SgUp1]:210981 [SgUp2]:214871 [SgUp3]:216021 [SgUp4]:0 [SgLow1]:210646 [SgLow2]:214543 [SgLow3]:215626 [SgLow4]:0 [NetMuon1]:53921 [NetMuon2]:53995 [NetMuon3]:53781 [NetMuon4]:54264
[Run]:22263 [Site]:4 [Bin]:1193 [FullTime]:3590.17 [SkipTime]:0 [Veto1]:49.03 [Veto2]:55.9446 [Veto3]:60.892 [Veto4]:32.7294 [SgUp1]:211904 [SgUp2]:215445 [SgUp3]:216808 [SgUp4]:0 [SgLow1]:211559 [SgLow2]:215100 [SgLow3]:216510 [SgLow4]:0 [NetMuon1]:54033 [NetMuon2]:53938 [NetMuon3]:53842 [NetMuon4]:54295
[Run]:22263 [Site]:4 [Bin]:1194 [FullTime]:3590.17 [SkipTime]:0 [Veto1]:62.039 [Veto2]:56.1275 [Veto3]:56.1431 [Veto4]:32.8728 [SgUp1]:211804 [SgUp2]:215995 [SgUp3]:216961 [SgUp4]:0 [SgLow1]:211437 [SgLow2]:215608 [SgLow3]:216603 [SgLow4]:0 [NetMuon1]:54080 [NetMuon2]:54153 [NetMuon3]:54181 [NetMuon4]:54536
[Run]:22263 [Site]:4 [Bin]:1195 [FullTime]:3590.17 [SkipTime]:0 [Veto1]:49.0414 [Veto2]:49.9813 [Veto3]:50.0217 [Veto4]:32.7103 [SgUp1]:212505 [SgUp2]:214927 [SgUp3]:216774 [SgUp4]:0 [SgLow1]:212156 [SgLow2]:214591 [SgLow3]:216409 [SgLow4]:0 [NetMuon1]:54034 [NetMuon2]:53995 [NetMuon3]:54004 [NetMuon4]:54256
[Run]:22263 [Site]:4 [Bin]:1196 [FullTime]:3590.17 [SkipTime]:0 [Veto1]:47.6409 [Veto2]:57.7615 [Veto3]:58.5066 [Veto4]:32.3352 [SgUp1]:212588 [SgUp2]:215226 [SgUp3]:216631 [SgUp4]:0 [SgLow1]:212195 [SgLow2]:214854 [SgLow3]:216296 [SgLow4]:0 [NetMuon1]:53454 [NetMuon2]:53274 [NetMuon3]:53239 [NetMuon4]:53663
[Run]:22263 [Site]:4 [Bin]:1197 [FullTime]:3590.17 [SkipTime]:0 [Veto1]:57.9487 [Veto2]:61.9258 [Veto3]:53.9926 [Veto4]:32.7653 [SgUp1]:211975 [SgUp2]:214864 [SgUp3]:217333 [SgUp4]:0 [SgLow1]:211603 [SgLow2]:214524 [SgLow3]:216986 [SgLow4]:0 [NetMuon1]:53923 [NetMuon2]:53884 [NetMuon3]:54002 [NetMuon4]:54333
[Run]:22263 [Site]:4 [Bin]:1198 [FullTime]:3590.17 [SkipTime]:0 [Veto1]:53.2465 [Veto2]:48.0914 [Veto3]:52.0041 [Veto4]:32.7526 [SgUp1]:212081 [SgUp2]:216390 [SgUp3]:217476 [SgUp4]:0 [SgLow1]:211732 [SgLow2]:215986 [SgLow3]:217114 [SgLow4]:0 [NetMuon1]:54006 [NetMuon2]:54081 [NetMuon3]:54057 [NetMuon4]:54327
[Run]:22263 [Site]:4 [Bin]:1199 [FullTime]:3590.17 [SkipTime]:0 [Veto1]:56.8454 [Veto2]:55.8648 [Veto3]:50.8573 [Veto4]:32.6165 [SgUp1]:211847 [SgUp2]:214593 [SgUp3]:217505 [SgUp4]:0 [SgLow1]:211478 [SgLow2]:214252 [SgLow3]:217148 [SgLow4]:0 [NetMuon1]:53748 [NetMuon2]:53777 [NetMuon3]:53806 [NetMuon4]:54114
[Run]:22263 [Site]:4 [Bin]:1200 [FullTime]:3590.17 [SkipTime]:0 [Veto1]:47.1874 [Veto2]:55.123 [Veto3]:51.9169 [Veto4]:32.8639 [SgUp1]:213130 [SgUp2]:214128 [SgUp3]:217133 [SgUp4]:0 [SgLow1]:212724 [SgLow2]:213750 [SgLow3]:216791 [SgLow4]:0 [NetMuon1]:54276 [NetMuon2]:54175 [NetMuon3]:54255 [NetMuon4]:54526
[Run]:22263 [Site]:4 [Bin]:1201 [FullTime]:3590.17 [SkipTime]:0 [Veto1]:57.0607 [Veto2]:51.0929 [Veto3]:61.9886 [Veto4]:32.8268 [SgUp1]:211808 [SgUp2]:216085 [SgUp3]:216520 [SgUp4]:0 [SgLow1]:211499 [SgLow2]:215735 [SgLow3]:216203 [SgLow4]:0 [NetMuon1]:54101 [NetMuon2]:54179 [NetMuon3]:54016 [NetMuon4]:54457
[Run]:22263 [Site]:4 [Bin]:1202 [FullTime]:3590.17 [SkipTime]:0 [Veto1]:54.9231 [Veto2]:43.0449 [Veto3]:49.0071 [Veto4]:32.689 [SgUp1]:211692 [SgUp2]:216274 [SgUp3]:217631 [SgUp4]:0 [SgLow1]:211371 [SgLow2]:215944 [SgLow3]:217278 [SgLow4]:0 [NetMuon1]:53901 [NetMuon2]:54098 [NetMuon3]:53995 [NetMuon4]:54230
[Run]:22263 [Site]:4 [Bin]:1203 [FullTime]:3590.17 [SkipTime]:0 [Veto1]:51.8919 [Veto2]:56.9013 [Veto3]:53.8797 [Veto4]:32.6401 [SgUp1]:213223 [SgUp2]:215794 [SgUp3]:217525 [SgUp4]:0 [SgLow1]:212837 [SgLow2]:215449 [SgLow3]:217134 [SgLow4]:0 [NetMuon1]:53848 [NetMuon2]:53791 [NetMuon3]:53825 [NetMuon4]:54139
[Run]:22263 [Site]:4 [Bin]:1204 [FullTime]:3590.17 [SkipTime]:0 [Veto1]:55.2092 [Veto2]:56.2305 [Veto3]:52.2879 [Veto4]:32.9848 [SgUp1]:212265 [SgUp2]:215566 [SgUp3]:217553 [SgUp4]:0 [SgLow1]:211915 [SgLow2]:215225 [SgLow3]:217211 [SgLow4]:0 [NetMuon1]:54376 [NetMuon2]:54351 [NetMuon3]:54442 [NetMuon4]:54727
[Run]:22263 [Site]:4 [Bin]:1205 [FullTime]:3590.17 [SkipTime]:0 [Veto1]:57.0477 [Veto2]:54.0677 [Veto3]:58.0768 [Veto4]:32.8322 [SgUp1]:211188 [SgUp2]:215522 [SgUp3]:217020 [SgUp4]:0 [SgLow1]:210845 [SgLow2]:215186 [SgLow3]:216616 [SgLow4]:0 [NetMuon1]:54115 [NetMuon2]:54147 [NetMuon3]:54087 [NetMuon4]:54457
[Run]:22263 [Site]:4 [Bin]:1206 [FullTime]:3590.17 [SkipTime]:0 [Veto1]:53.016 [Veto2]:50.9156 [Veto3]:62.8375 [Veto4]:32.7 [SgUp1]:212128 [SgUp2]:215029 [SgUp3]:217023 [SgUp4]:0 [SgLow1]:211782 [SgLow2]:214648 [SgLow3]:216676 [SgLow4]:0 [NetMuon1]:53907 [NetMuon2]:53971 [NetMuon3]:53741 [NetMuon4]:54230
[Run]:22263 [Site]:4 [Bin]:1207 [FullTime]:3590.17 [SkipTime]:0 [Veto1]:53.0402 [Veto2]:53.0033 [Veto3]:52.0606 [Veto4]:32.7606 [SgUp1]:212087 [SgUp2]:215716 [SgUp3]:217482 [SgUp4]:0 [SgLow1]:211738 [SgLow2]:215356 [SgLow3]:217166 [SgLow4]:0 [NetMuon1]:54031 [NetMuon2]:54021 [NetMuon3]:54060 [NetMuon4]:54353
[Run]:22263 [Site]:4 [Bin]:1208 [FullTime]:3590.17 [SkipTime]:0 [Veto1]:52.1992 [Veto2]:52.1986 [Veto3]:58.1128 [Veto4]:32.9099 [SgUp1]:212775 [SgUp2]:215593 [SgUp3]:216543 [SgUp4]:0 [SgLow1]:212415 [SgLow2]:215223 [SgLow3]:216219 [SgLow4]:0 [NetMuon1]:54290 [NetMuon2]:54305 [NetMuon3]:54233 [NetMuon4]:54592
[Run]:22263 [Site]:4 [Bin]:1209 [FullTime]:3590.18 [SkipTime]:0 [Veto1]:52.3219 [Veto2]:48.3607 [Veto3]:55.4708 [Veto4]:33.0349 [SgUp1]:212278 [SgUp2]:215069 [SgUp3]:218326 [SgUp4]:0 [SgLow1]:211937 [SgLow2]:214735 [SgLow3]:217954 [SgLow4]:0 [NetMuon1]:54502 [NetMuon2]:54557 [NetMuon3]:54420 [NetMuon4]:54808
[Run]:22263 [Site]:4 [Bin]:1210 [FullTime]:3590.16 [SkipTime]:0 [Veto1]:51.0604 [Veto2]:55.9662 [Veto3]:63.9463 [Veto4]:32.7659 [SgUp1]:212625 [SgUp2]:215473 [SgUp3]:216835 [SgUp4]:0 [SgLow1]:212248 [SgLow2]:215116 [SgLow3]:216442 [SgLow4]:0 [NetMuon1]:54104 [NetMuon2]:54013 [NetMuon3]:53880 [NetMuon4]:54372
[Run]:22263 [Site]:4 [Bin]:1211 [FullTime]:3590.17 [SkipTime]:0 [Veto1]:51.1693 [Veto2]:52.1308 [Veto3]:56.1674 [Veto4]:32.8908 [SgUp1]:212511 [SgUp2]:215751 [SgUp3]:216721 [SgUp4]:0 [SgLow1]:212146 [SgLow2]:215386 [SgLow3]:216362 [SgLow4]:0 [NetMuon1]:54297 [NetMuon2]:54244 [NetMuon3]:54223 [NetMuon4]:54569
[Run]:22263 [Site]:4 [Bin]:1212 [FullTime]:3590.17 [SkipTime]:0 [Veto1]:51.0582 [Veto2]:55.0256 [Veto3]:55.0439 [Veto4]:32.7582 [SgUp1]:212621 [SgUp2]:215837 [SgUp3]:216162 [SgUp4]:0 [SgLow1]:212274 [SgLow2]:215499 [SgLow3]:215815 [SgLow4]:0 [NetMuon1]:54058 [NetMuon2]:53992 [NetMuon3]:54011 [NetMuon4]:54346
[Run]:22263 [Site]:4 [Bin]:1213 [FullTime]:3590.17 [SkipTime]:0 [Veto1]:58.9697 [Veto2]:48.1276 [Veto3]:64.9344 [Veto4]:32.7665 [SgUp1]:212314 [SgUp2]:215348 [SgUp3]:216482 [SgUp4]:0 [SgLow1]:211945 [SgLow2]:214997 [SgLow3]:216114 [SgLow4]:0 [NetMuon1]:53936 [NetMuon2]:54120 [NetMuon3]:53893 [NetMuon4]:54339
[Run]:22263 [Site]:4 [Bin]:1214 [FullTime]:3590.17 [SkipTime]:0 [Veto1]:48.0227 [Veto2]:59.9491 [Veto3]:50.9878 [Veto4]:32.7248 [SgUp1]:212501 [SgUp2]:215049 [SgUp3]:216554 [SgUp4]:0 [SgLow1]:212173 [SgLow2]:214722 [SgLow3]:216174 [SgLow4]:0 [NetMuon1]:54025 [NetMuon2]:53889 [NetMuon3]:53985 [NetMuon4]:54271
[Run]:22263 [Site]:4 [Bin]:1215 [FullTime]:3590.17 [SkipTime]:0 [Veto1]:61.1574 [Veto2]:59.1816 [Veto3]:64.1182 [Veto4]:32.964 [SgUp1]:211976 [SgUp2]:215187 [SgUp3]:216473 [SgUp4]:0 [SgLow1]:211609 [SgLow2]:214807 [SgLow3]:216118 [SgLow4]:0 [NetMuon1]:54265 [NetMuon2]:54299 [NetMuon3]:54178 [NetMuon4]:54680
[Run]:22263 [Site]:4 [Bin]:1216 [FullTime]:3590.17 [SkipTime]:0 [Veto1]:54.5445 [Veto2]:50.6885 [Veto3]:65.7951 [Veto4]:32.6662 [SgUp1]:212172 [SgUp2]:215958 [SgUp3]:215783 [SgUp4]:0 [SgLow1]:211837 [SgLow2]:215579 [SgLow3]:215390 [SgLow4]:0 [NetMuon1]:53790 [NetMuon2]:53902 [NetMuon3]:53669 [NetMuon4]:54169
[Run]:22263 [Site]:4 [Bin]:1217 [FullTime]:3590.17 [SkipTime]:0 [Veto1]:52.249 [Veto2]:46.3252 [Veto3]:58.1514 [Veto4]:32.9576 [SgUp1]:212667 [SgUp2]:216268 [SgUp3]:217060 [SgUp4]:0 [SgLow1]:212284 [SgLow2]:215934 [SgLow3]:216729 [SgLow4]:0 [NetMuon1]:54369 [NetMuon2]:54464 [NetMuon3]:54280 [NetMuon4]:54666
[Run]:22263 [Site]:4 [Bin]:1218 [FullTime]:3590.17 [SkipTime]:0 [Veto1]:54.0243 [Veto2]:53.0009 [Veto3]:49.0913 [Veto4]:32.7458 [SgUp1]:213001 [SgUp2]:215833 [SgUp3]:216890 [SgUp4]:0 [SgLow1]:212706 [SgLow2]:215429 [SgLow3]:216550 [SgLow4]:0 [NetMuon1]:53972 [NetMuon2]:53969 [NetMuon3]:54039 [NetMuon4]:54304
[Run]:22263 [Site]:4 [Bin]:1219 [FullTime]:3590.17 [SkipTime]:0 [Veto1]:51.8389 [Veto2]:54.7645 [Veto3]:51.5289 [Veto4]:32.5697 [SgUp1]:212168 [SgUp2]:214586 [SgUp3]:216659 [SgUp4]:0 [SgLow1]:211808 [SgLow2]:214245 [SgLow3]:216344 [SgLow4]:0 [NetMuon1]:53761 [NetMuon2]:53656 [NetMuon3]:53722 [NetMuon4]:54017
[Run]:22263 [Site]:4 [Bin]:1220 [FullTime]:3590.17 [SkipTime]:0 [Veto1]:54.0107 [Veto2]:50.0355 [Veto3]:57.0274 [Veto4]:32.7562 [SgUp1]:212359 [SgUp2]:216205 [SgUp3]:216385 [SgUp4]:0 [SgLow1]:211982 [SgLow2]:215812 [SgLow3]:216008 [SgLow4]:0 [NetMuon1]:54005 [NetMuon2]:54084 [NetMuon3]:53960 [NetMuon4]:54339
[Run]:22263 [Site]:4 [Bin]:1221 [FullTime]:3590.17 [SkipTime]:0 [Veto1]:52.1944 [Veto2]:58.9447 [Veto3]:56.1771 [Veto4]:32.9461 [SgUp1]:211724 [SgUp2]:215453 [SgUp3]:217333 [SgUp4]:0 [SgLow1]:211381 [SgLow2]:215118 [SgLow3]:216990 [SgLow4]:0 [NetMuon1]:54346 [NetMuon2]:54222 [NetMuon3]:54265 [NetMuon4]:54638
[Run]:22263 [Site]:4 [Bin]:1222 [FullTime]:3590.17 [SkipTime]:0 [Veto1]:56.2027 [Veto2]:53.2489 [Veto3]:50.2269 [Veto4]:32.9631 [SgUp1]:212157 [SgUp2]:215040 [SgUp3]:218083 [SgUp4]:0 [SgLow1]:211803 [SgLow2]:214709 [SgLow3]:217714 [SgLow4]:0 [NetMuon1]:54347 [NetMuon2]:54410 [NetMuon3]:54407 [NetMuon4]:54676
[Run]:22263 [Site]:4 [Bin]:1223 [FullTime]:3590.17 [SkipTime]:0 [Veto1]:60.0457 [Veto2]:59.0977 [Veto3]:56.0784 [Veto4]:32.8562 [SgUp1]:212672 [SgUp2]:215269 [SgUp3]:217630 [SgUp4]:0 [SgLow1]:212341 [SgLow2]:214884 [SgLow3]:217292 [SgLow4]:0 [NetMuon1]:54102 [NetMuon2]:54124 [NetMuon3]:54143 [NetMuon4]:54501
[Run]:22263 [Site]:4 [Bin]:1224 [FullTime]:3590.17 [SkipTime]:0 [Veto1]:55.186 [Veto2]:54.1968 [Veto3]:56.3567 [Veto4]:32.9343 [SgUp1]:212145 [SgUp2]:215206 [SgUp3]:217044 [SgUp4]:0 [SgLow1]:211807 [SgLow2]:214863 [SgLow3]:216679 [SgLow4]:0 [NetMuon1]:54296 [NetMuon2]:54311 [NetMuon3]:54266 [NetMuon4]:54625
[Run]:22263 [Site]:4 [Bin]:1225 [FullTime]:3590.17 [SkipTime]:0 [Veto1]:50.846 [Veto2]:50.8477 [Veto3]:55.7783 [Veto4]:32.5531 [SgUp1]:212222 [SgUp2]:215855 [SgUp3]:216478 [SgUp4]:0 [SgLow1]:211904 [SgLow2]:215515 [SgLow3]:216105 [SgLow4]:0 [NetMuon1]:53686 [NetMuon2]:53723 [NetMuon3]:53643 [NetMuon4]:53988
[Run]:22263 [Site]:4 [Bin]:1226 [FullTime]:3590.17 [SkipTime]:0 [Veto1]:55.7246 [Veto2]:49.0149 [Veto3]:56.9419 [Veto4]:32.7071 [SgUp1]:212492 [SgUp2]:215975 [SgUp3]:217012 [SgUp4]:0 [SgLow1]:212163 [SgLow2]:215569 [SgLow3]:216694 [SgLow4]:0 [NetMuon1]:53892 [NetMuon2]:54037 [NetMuon3]:53900 [NetMuon4]:54267
[Run]:22263 [Site]:4 [Bin]:1227 [FullTime]:3590.17 [SkipTime]:0 [Veto1]:58.5315 [Veto2]:58.8597 [Veto3]:54.88 [Veto4]:32.6565 [SgUp1]:211689 [SgUp2]:215245 [SgUp3]:216422 [SgUp4]:0 [SgLow1]:211328 [SgLow2]:214887 [SgLow3]:216027 [SgLow4]:0 [NetMuon1]:53783 [NetMuon2]:53769 [NetMuon3]:53842 [NetMuon4]:54178
[Run]:22263 [Site]:4 [Bin]:1228 [FullTime]:3590.17 [SkipTime]:0 [Veto1]:54.0946 [Veto2]:54.1038 [Veto3]:53.1584 [Veto4]:32.866 [SgUp1]:211675 [SgUp2]:215136 [SgUp3]:217213 [SgUp4]:0 [SgLow1]:211324 [SgLow2]:214781 [SgLow3]:216829 [SgLow4]:0 [NetMuon1]:54204 [NetMuon2]:54149 [NetMuon3]:54231 [NetMuon4]:54527
[Run]:22263 [Site]:4 [Bin]:1229 [FullTime]:3590.17 [SkipTime]:0 [Veto1]:47.9538 [Veto2]:52.9095 [Veto3]:61.807 [Veto4]:32.6487 [SgUp1]:213431 [SgUp2]:215334 [SgUp3]:216127 [SgUp4]:0 [SgLow1]:213053 [SgLow2]:214952 [SgLow3]:215777 [SgLow4]:0 [NetMuon1]:53925 [NetMuon2]:53844 [NetMuon3]:53702 [NetMuon4]:54159
End process Run: 22263 ... 
[Run]:22263 [Site]:4 [Bin]:1230 [FullTime]:474.535 [SkipTime]:0 [Veto1]:12.3802 [Veto2]:7.43813 [Veto3]:5.46176 [Veto4]:4.28736
