StreamChain add 0xab177e0
Start to process run: 23267 ... 
[Run]:23267 [Site]:4 [Bin]:2481 [FullTime]:375.145 [SkipTime]:0 [Veto1]:5.27329 [Veto2]:4.84551 [Veto3]:6.81421 [Veto4]:3.69787 [SgUp1]:21226 [SgUp2]:21536 [SgUp3]:21781 [SgUp4]:0 [SgLow1]:21183 [SgLow2]:21499 [SgLow3]:21734 [SgLow4]:0 [NetMuon1]:6112 [NetMuon2]:6123 [NetMuon3]:6080 [NetMuon4]:6141
[Run]:23267 [Site]:4 [Bin]:2482 [FullTime]:3590.17 [SkipTime]:0 [Veto1]:58.3405 [Veto2]:52.415 [Veto3]:63.713 [Veto4]:35.114 [SgUp1]:203782 [SgUp2]:206781 [SgUp3]:208029 [SgUp4]:0 [SgLow1]:203437 [SgLow2]:206403 [SgLow3]:207659 [SgLow4]:0 [NetMuon1]:57840 [NetMuon2]:57942 [NetMuon3]:57759 [NetMuon4]:58217
[Run]:23267 [Site]:4 [Bin]:2483 [FullTime]:3590.17 [SkipTime]:0 [Veto1]:54.7693 [Veto2]:56.7431 [Veto3]:54.7501 [Veto4]:35.4625 [SgUp1]:204404 [SgUp2]:207006 [SgUp3]:208345 [SgUp4]:0 [SgLow1]:204093 [SgLow2]:206607 [SgLow3]:207983 [SgLow4]:0 [NetMuon1]:58489 [NetMuon2]:58453 [NetMuon3]:58471 [NetMuon4]:58799
[Run]:23267 [Site]:4 [Bin]:2484 [FullTime]:3590.17 [SkipTime]:0 [Veto1]:59.1943 [Veto2]:54.2347 [Veto3]:49.276 [Veto4]:34.9766 [SgUp1]:203453 [SgUp2]:205769 [SgUp3]:208043 [SgUp4]:0 [SgLow1]:203104 [SgLow2]:205465 [SgLow3]:207696 [SgLow4]:0 [NetMuon1]:57557 [NetMuon2]:57665 [NetMuon3]:57779 [NetMuon4]:57990
[Run]:23267 [Site]:4 [Bin]:2486 [FullTime]:3459.72 [SkipTime]:0 [Veto1]:53.108 [Veto2]:55.0989 [Veto3]:55.1097 [Veto4]:32.9063 [SgUp1]:197991 [SgUp2]:198598 [SgUp3]:200264 [SgUp4]:0 [SgLow1]:197679 [SgLow2]:198240 [SgLow3]:199934 [SgLow4]:0 [NetMuon1]:54265 [NetMuon2]:54231 [NetMuon3]:54216 [NetMuon4]:54579
[Run]:23267 [Site]:4 [Bin]:2487 [FullTime]:3590.17 [SkipTime]:0 [Veto1]:57.4048 [Veto2]:55.3951 [Veto3]:53.4226 [Veto4]:34.169 [SgUp1]:203920 [SgUp2]:205665 [SgUp3]:207322 [SgUp4]:0 [SgLow1]:203572 [SgLow2]:205329 [SgLow3]:206973 [SgLow4]:0 [NetMuon1]:56279 [NetMuon2]:56332 [NetMuon3]:56357 [NetMuon4]:56663
[Run]:23267 [Site]:4 [Bin]:2488 [FullTime]:3590.17 [SkipTime]:0 [Veto1]:56.2289 [Veto2]:62.4887 [Veto3]:60.4872 [Veto4]:34.3012 [SgUp1]:204774 [SgUp2]:205907 [SgUp3]:207282 [SgUp4]:0 [SgLow1]:204437 [SgLow2]:205563 [SgLow3]:206928 [SgLow4]:0 [NetMuon1]:56513 [NetMuon2]:56422 [NetMuon3]:56447 [NetMuon4]:56890
[Run]:23267 [Site]:4 [Bin]:2489 [FullTime]:3590.17 [SkipTime]:0 [Veto1]:57.6039 [Veto2]:58.5733 [Veto3]:59.5878 [Veto4]:34.3578 [SgUp1]:204672 [SgUp2]:206020 [SgUp3]:207673 [SgUp4]:0 [SgLow1]:204329 [SgLow2]:205681 [SgLow3]:207354 [SgLow4]:0 [NetMuon1]:56608 [NetMuon2]:56580 [NetMuon3]:56560 [NetMuon4]:56973
[Run]:23267 [Site]:4 [Bin]:2490 [FullTime]:3590.17 [SkipTime]:0 [Veto1]:44.4631 [Veto2]:59.2981 [Veto3]:55.3252 [Veto4]:34.0894 [SgUp1]:205883 [SgUp2]:206016 [SgUp3]:207887 [SgUp4]:0 [SgLow1]:205490 [SgLow2]:205666 [SgLow3]:207547 [SgLow4]:0 [NetMuon1]:56366 [NetMuon2]:56125 [NetMuon3]:56167 [NetMuon4]:56520
[Run]:23267 [Site]:4 [Bin]:2491 [FullTime]:3590.17 [SkipTime]:0 [Veto1]:53.7818 [Veto2]:55.7729 [Veto3]:57.719 [Veto4]:34.498 [SgUp1]:205356 [SgUp2]:206719 [SgUp3]:207527 [SgUp4]:0 [SgLow1]:204951 [SgLow2]:206384 [SgLow3]:207204 [SgLow4]:0 [NetMuon1]:56906 [NetMuon2]:56865 [NetMuon3]:56838 [NetMuon4]:57205
[Run]:23267 [Site]:4 [Bin]:2492 [FullTime]:3590.17 [SkipTime]:0 [Veto1]:53.5172 [Veto2]:63.3249 [Veto3]:51.4985 [Veto4]:34.243 [SgUp1]:204663 [SgUp2]:206037 [SgUp3]:208412 [SgUp4]:0 [SgLow1]:204314 [SgLow2]:205675 [SgLow3]:208108 [SgLow4]:0 [NetMuon1]:56475 [NetMuon2]:56297 [NetMuon3]:56493 [NetMuon4]:56773
[Run]:23267 [Site]:4 [Bin]:2493 [FullTime]:3590.17 [SkipTime]:0 [Veto1]:52.8148 [Veto2]:53.8324 [Veto3]:56.7576 [Veto4]:34.5476 [SgUp1]:204786 [SgUp2]:207445 [SgUp3]:207920 [SgUp4]:0 [SgLow1]:204461 [SgLow2]:207101 [SgLow3]:207574 [SgLow4]:0 [NetMuon1]:57014 [NetMuon2]:56991 [NetMuon3]:56957 [NetMuon4]:57303
[Run]:23267 [Site]:4 [Bin]:2494 [FullTime]:3590.17 [SkipTime]:0 [Veto1]:48.981 [Veto2]:58.834 [Veto3]:64.5075 [Veto4]:34.6288 [SgUp1]:205040 [SgUp2]:205999 [SgUp3]:207764 [SgUp4]:0 [SgLow1]:204706 [SgLow2]:205718 [SgLow3]:207454 [SgLow4]:0 [NetMuon1]:57198 [NetMuon2]:57017 [NetMuon3]:56957 [NetMuon4]:57422
[Run]:23267 [Site]:4 [Bin]:2495 [FullTime]:3590.17 [SkipTime]:0 [Veto1]:56.7522 [Veto2]:49.8176 [Veto3]:68.5694 [Veto4]:34.4975 [SgUp1]:204917 [SgUp2]:206456 [SgUp3]:207406 [SgUp4]:0 [SgLow1]:204558 [SgLow2]:206097 [SgLow3]:207067 [SgLow4]:0 [NetMuon1]:56849 [NetMuon2]:56972 [NetMuon3]:56638 [NetMuon4]:57203
[Run]:23267 [Site]:4 [Bin]:2496 [FullTime]:3590.17 [SkipTime]:0 [Veto1]:60.8336 [Veto2]:48.9643 [Veto3]:55.8408 [Veto4]:34.6083 [SgUp1]:204794 [SgUp2]:206813 [SgUp3]:207728 [SgUp4]:0 [SgLow1]:204459 [SgLow2]:206452 [SgLow3]:207387 [SgLow4]:0 [NetMuon1]:56997 [NetMuon2]:57179 [NetMuon3]:57067 [NetMuon4]:57397
[Run]:23267 [Site]:4 [Bin]:2497 [FullTime]:3590.17 [SkipTime]:0 [Veto1]:56.8155 [Veto2]:57.8498 [Veto3]:63.7798 [Veto4]:34.5921 [SgUp1]:204963 [SgUp2]:206751 [SgUp3]:206788 [SgUp4]:0 [SgLow1]:204641 [SgLow2]:206418 [SgLow3]:206430 [SgLow4]:0 [NetMuon1]:56979 [NetMuon2]:57022 [NetMuon3]:56892 [NetMuon4]:57357
[Run]:23267 [Site]:4 [Bin]:2498 [FullTime]:3590.17 [SkipTime]:0 [Veto1]:48.9139 [Veto2]:47.9086 [Veto3]:55.3048 [Veto4]:34.5955 [SgUp1]:204888 [SgUp2]:206586 [SgUp3]:207477 [SgUp4]:0 [SgLow1]:204582 [SgLow2]:206238 [SgLow3]:207099 [SgLow4]:0 [NetMuon1]:57135 [NetMuon2]:57153 [NetMuon3]:57031 [NetMuon4]:57374
[Run]:23267 [Site]:4 [Bin]:2499 [FullTime]:3590.17 [SkipTime]:0 [Veto1]:57.1117 [Veto2]:55.1338 [Veto3]:51.1827 [Veto4]:34.8502 [SgUp1]:205106 [SgUp2]:205704 [SgUp3]:208541 [SgUp4]:0 [SgLow1]:204746 [SgLow2]:205366 [SgLow3]:208165 [SgLow4]:0 [NetMuon1]:57432 [NetMuon2]:57478 [NetMuon3]:57535 [NetMuon4]:57793
[Run]:23267 [Site]:4 [Bin]:2500 [FullTime]:3590.17 [SkipTime]:0 [Veto1]:57.1245 [Veto2]:61.2711 [Veto3]:50.2246 [Veto4]:34.906 [SgUp1]:204126 [SgUp2]:205932 [SgUp3]:208166 [SgUp4]:0 [SgLow1]:203743 [SgLow2]:205629 [SgLow3]:207775 [SgLow4]:0 [NetMuon1]:57531 [NetMuon2]:57475 [NetMuon3]:57657 [NetMuon4]:57898
[Run]:23267 [Site]:4 [Bin]:2501 [FullTime]:3590.17 [SkipTime]:0 [Veto1]:56.0622 [Veto2]:54.1062 [Veto3]:69.8665 [Veto4]:34.8213 [SgUp1]:204589 [SgUp2]:206325 [SgUp3]:206969 [SgUp4]:0 [SgLow1]:204245 [SgLow2]:205972 [SgLow3]:206616 [SgLow4]:0 [NetMuon1]:57399 [NetMuon2]:57403 [NetMuon3]:57086 [NetMuon4]:57740
[Run]:23267 [Site]:4 [Bin]:2502 [FullTime]:3590.16 [SkipTime]:0 [Veto1]:47.3113 [Veto2]:53.3057 [Veto3]:51.2291 [Veto4]:34.953 [SgUp1]:205030 [SgUp2]:206732 [SgUp3]:208160 [SgUp4]:0 [SgLow1]:204653 [SgLow2]:206416 [SgLow3]:207850 [SgLow4]:0 [NetMuon1]:57745 [NetMuon2]:57649 [NetMuon3]:57688 [NetMuon4]:57950
[Run]:23267 [Site]:4 [Bin]:2503 [FullTime]:3590.17 [SkipTime]:0 [Veto1]:59.0523 [Veto2]:52.1775 [Veto3]:55.1093 [Veto4]:34.8427 [SgUp1]:204303 [SgUp2]:206994 [SgUp3]:208046 [SgUp4]:0 [SgLow1]:204002 [SgLow2]:206671 [SgLow3]:207733 [SgLow4]:0 [NetMuon1]:57388 [NetMuon2]:57525 [NetMuon3]:57469 [NetMuon4]:57790
[Run]:23267 [Site]:4 [Bin]:2504 [FullTime]:3590.17 [SkipTime]:0 [Veto1]:54.9194 [Veto2]:49.9319 [Veto3]:71.7203 [Veto4]:34.6406 [SgUp1]:204897 [SgUp2]:206998 [SgUp3]:207438 [SgUp4]:0 [SgLow1]:204587 [SgLow2]:206635 [SgLow3]:207066 [SgLow4]:0 [NetMuon1]:57120 [NetMuon2]:57185 [NetMuon3]:56822 [NetMuon4]:57449
End process Run: 23267 ... 
[Run]:23267 [Site]:4 [Bin]:2505 [FullTime]:2028.94 [SkipTime]:0 [Veto1]:31.0752 [Veto2]:32.0733 [Veto3]:36.0316 [Veto4]:19.3757
