StreamChain add 0xf9307e0
Start to process run: 23908 ... 
[Run]:23908 [Site]:4 [Bin]:2849 [FullTime]:3246.81 [SkipTime]:0 [Veto1]:58.4804 [Veto2]:43.5846 [Veto3]:61.4773 [Veto4]:31.4491 [SgUp1]:183252 [SgUp2]:184719 [SgUp3]:185288 [SgUp4]:0 [SgLow1]:182938 [SgLow2]:184435 [SgLow3]:184964 [SgLow4]:0 [NetMuon1]:51724 [NetMuon2]:51946 [NetMuon3]:51646 [NetMuon4]:52147
[Run]:23908 [Site]:4 [Bin]:2850 [FullTime]:3590.17 [SkipTime]:0 [Veto1]:55.1682 [Veto2]:55.1948 [Veto3]:57.1751 [Veto4]:34.9049 [SgUp1]:204518 [SgUp2]:203535 [SgUp3]:204757 [SgUp4]:0 [SgLow1]:204248 [SgLow2]:203198 [SgLow3]:204429 [SgLow4]:0 [NetMuon1]:57538 [NetMuon2]:57545 [NetMuon3]:57551 [NetMuon4]:57874
[Run]:23908 [Site]:4 [Bin]:2851 [FullTime]:3590.17 [SkipTime]:0 [Veto1]:58.0517 [Veto2]:59.2157 [Veto3]:56.0729 [Veto4]:34.824 [SgUp1]:202995 [SgUp2]:203196 [SgUp3]:205472 [SgUp4]:0 [SgLow1]:202665 [SgLow2]:202879 [SgLow3]:205126 [SgLow4]:0 [NetMuon1]:57366 [NetMuon2]:57378 [NetMuon3]:57408 [NetMuon4]:57750
[Run]:23908 [Site]:4 [Bin]:2852 [FullTime]:3590.17 [SkipTime]:0 [Veto1]:56.3656 [Veto2]:60.3095 [Veto3]:60.336 [Veto4]:35.1305 [SgUp1]:203646 [SgUp2]:204036 [SgUp3]:205936 [SgUp4]:0 [SgLow1]:203309 [SgLow2]:203670 [SgLow3]:205635 [SgLow4]:0 [NetMuon1]:57895 [NetMuon2]:57857 [NetMuon3]:57828 [NetMuon4]:58262
[Run]:23908 [Site]:4 [Bin]:2853 [FullTime]:3590.17 [SkipTime]:0 [Veto1]:57.217 [Veto2]:66.1278 [Veto3]:57.2675 [Veto4]:34.9804 [SgUp1]:204924 [SgUp2]:203269 [SgUp3]:205469 [SgUp4]:0 [SgLow1]:204612 [SgLow2]:202895 [SgLow3]:205177 [SgLow4]:0 [NetMuon1]:57635 [NetMuon2]:57512 [NetMuon3]:57639 [NetMuon4]:57998
[Run]:23908 [Site]:4 [Bin]:2854 [FullTime]:3590.17 [SkipTime]:0 [Veto1]:67.9444 [Veto2]:50.1863 [Veto3]:56.4157 [Veto4]:34.829 [SgUp1]:203922 [SgUp2]:203904 [SgUp3]:205522 [SgUp4]:0 [SgLow1]:203596 [SgLow2]:203607 [SgLow3]:205220 [SgLow4]:0 [NetMuon1]:57240 [NetMuon2]:57506 [NetMuon3]:57408 [NetMuon4]:57751
[Run]:23908 [Site]:4 [Bin]:2855 [FullTime]:3590.17 [SkipTime]:0 [Veto1]:67.8513 [Veto2]:65.869 [Veto3]:62.9115 [Veto4]:34.7092 [SgUp1]:202839 [SgUp2]:203907 [SgUp3]:204577 [SgUp4]:0 [SgLow1]:202549 [SgLow2]:203561 [SgLow3]:204255 [SgLow4]:0 [NetMuon1]:57056 [NetMuon2]:57052 [NetMuon3]:57125 [NetMuon4]:57569
[Run]:23908 [Site]:4 [Bin]:2857 [FullTime]:3539.06 [SkipTime]:0 [Veto1]:52.8737 [Veto2]:50.919 [Veto3]:55.8817 [Veto4]:33.6203 [SgUp1]:201281 [SgUp2]:201267 [SgUp3]:201656 [SgUp4]:0 [SgLow1]:200943 [SgLow2]:200908 [SgLow3]:201346 [SgLow4]:0 [NetMuon1]:55419 [NetMuon2]:55475 [NetMuon3]:55411 [NetMuon4]:55748
[Run]:23908 [Site]:4 [Bin]:2858 [FullTime]:3590.17 [SkipTime]:0 [Veto1]:54.4935 [Veto2]:49.5774 [Veto3]:49.5835 [Veto4]:34.2583 [SgUp1]:202850 [SgUp2]:204654 [SgUp3]:206099 [SgUp4]:0 [SgLow1]:202518 [SgLow2]:204270 [SgLow3]:205738 [SgLow4]:0 [NetMuon1]:56510 [NetMuon2]:56577 [NetMuon3]:56578 [NetMuon4]:56822
[Run]:23908 [Site]:4 [Bin]:2859 [FullTime]:3590.17 [SkipTime]:0 [Veto1]:58.5386 [Veto2]:52.5819 [Veto3]:54.5619 [Veto4]:34.2619 [SgUp1]:204777 [SgUp2]:204982 [SgUp3]:206074 [SgUp4]:0 [SgLow1]:204444 [SgLow2]:204611 [SgLow3]:205784 [SgLow4]:0 [NetMuon1]:56454 [NetMuon2]:56536 [NetMuon3]:56500 [NetMuon4]:56831
[Run]:23908 [Site]:4 [Bin]:2860 [FullTime]:3590.17 [SkipTime]:0 [Veto1]:60.4979 [Veto2]:52.567 [Veto3]:56.4825 [Veto4]:34.2719 [SgUp1]:204410 [SgUp2]:204336 [SgUp3]:204279 [SgUp4]:0 [SgLow1]:204066 [SgLow2]:203989 [SgLow3]:203970 [SgLow4]:0 [NetMuon1]:56430 [NetMuon2]:56527 [NetMuon3]:56487 [NetMuon4]:56831
[Run]:23908 [Site]:4 [Bin]:2861 [FullTime]:3590.17 [SkipTime]:0 [Veto1]:55.683 [Veto2]:58.6597 [Veto3]:58.6636 [Veto4]:34.4236 [SgUp1]:204244 [SgUp2]:203854 [SgUp3]:205002 [SgUp4]:0 [SgLow1]:203927 [SgLow2]:203465 [SgLow3]:204701 [SgLow4]:0 [NetMuon1]:56773 [NetMuon2]:56712 [NetMuon3]:56693 [NetMuon4]:57102
[Run]:23908 [Site]:4 [Bin]:2862 [FullTime]:3590.17 [SkipTime]:0 [Veto1]:62.7161 [Veto2]:52.7587 [Veto3]:56.721 [Veto4]:34.4726 [SgUp1]:205445 [SgUp2]:204411 [SgUp3]:205385 [SgUp4]:0 [SgLow1]:205089 [SgLow2]:204062 [SgLow3]:205016 [SgLow4]:0 [NetMuon1]:56706 [NetMuon2]:56873 [NetMuon3]:56837 [NetMuon4]:57166
[Run]:23908 [Site]:4 [Bin]:2863 [FullTime]:3590.17 [SkipTime]:0 [Veto1]:57.5996 [Veto2]:55.6082 [Veto3]:58.628 [Veto4]:34.3919 [SgUp1]:204228 [SgUp2]:204059 [SgUp3]:204374 [SgUp4]:0 [SgLow1]:203840 [SgLow2]:203691 [SgLow3]:203988 [SgLow4]:0 [NetMuon1]:56663 [NetMuon2]:56672 [NetMuon3]:56623 [NetMuon4]:57032
[Run]:23908 [Site]:4 [Bin]:2864 [FullTime]:3590.17 [SkipTime]:0 [Veto1]:49.6411 [Veto2]:53.567 [Veto3]:45.6355 [Veto4]:34.3059 [SgUp1]:204578 [SgUp2]:204667 [SgUp3]:205845 [SgUp4]:0 [SgLow1]:204304 [SgLow2]:204353 [SgLow3]:205545 [SgLow4]:0 [NetMuon1]:56625 [NetMuon2]:56568 [NetMuon3]:56714 [NetMuon4]:56898
[Run]:23908 [Site]:4 [Bin]:2865 [FullTime]:3590.17 [SkipTime]:0 [Veto1]:50.5839 [Veto2]:51.6178 [Veto3]:54.6052 [Veto4]:34.2903 [SgUp1]:204981 [SgUp2]:204199 [SgUp3]:204927 [SgUp4]:0 [SgLow1]:204663 [SgLow2]:203823 [SgLow3]:204612 [SgLow4]:0 [NetMuon1]:56559 [NetMuon2]:56579 [NetMuon3]:56556 [NetMuon4]:56846
[Run]:23908 [Site]:4 [Bin]:2866 [FullTime]:3590.17 [SkipTime]:0 [Veto1]:58.9578 [Veto2]:56.8184 [Veto3]:60.7759 [Veto4]:34.5832 [SgUp1]:204165 [SgUp2]:205059 [SgUp3]:205237 [SgUp4]:0 [SgLow1]:203802 [SgLow2]:204693 [SgLow3]:204903 [SgLow4]:0 [NetMuon1]:56972 [NetMuon2]:56991 [NetMuon3]:56919 [NetMuon4]:57383
[Run]:23908 [Site]:4 [Bin]:2867 [FullTime]:3590.17 [SkipTime]:0 [Veto1]:51.7075 [Veto2]:58.5855 [Veto3]:47.741 [Veto4]:34.3873 [SgUp1]:204023 [SgUp2]:203992 [SgUp3]:205761 [SgUp4]:0 [SgLow1]:203757 [SgLow2]:203623 [SgLow3]:205421 [SgLow4]:0 [NetMuon1]:56737 [NetMuon2]:56602 [NetMuon3]:56783 [NetMuon4]:57009
[Run]:23908 [Site]:4 [Bin]:2868 [FullTime]:3590.17 [SkipTime]:0 [Veto1]:51.6511 [Veto2]:62.4919 [Veto3]:55.5997 [Veto4]:34.3154 [SgUp1]:204097 [SgUp2]:203100 [SgUp3]:204465 [SgUp4]:0 [SgLow1]:203766 [SgLow2]:202699 [SgLow3]:204135 [SgLow4]:0 [NetMuon1]:56644 [NetMuon2]:56412 [NetMuon3]:56564 [NetMuon4]:56906
[Run]:23908 [Site]:4 [Bin]:2869 [FullTime]:3590.17 [SkipTime]:0 [Veto1]:55.4351 [Veto2]:52.4752 [Veto3]:54.9572 [Veto4]:34.17 [SgUp1]:204611 [SgUp2]:203881 [SgUp3]:205014 [SgUp4]:0 [SgLow1]:204325 [SgLow2]:203512 [SgLow3]:204648 [SgLow4]:0 [NetMuon1]:56380 [NetMuon2]:56375 [NetMuon3]:56315 [NetMuon4]:56675
[Run]:23908 [Site]:4 [Bin]:2870 [FullTime]:3590.17 [SkipTime]:0 [Veto1]:56.48 [Veto2]:55.4922 [Veto3]:57.4635 [Veto4]:34.2237 [SgUp1]:202326 [SgUp2]:203659 [SgUp3]:204718 [SgUp4]:0 [SgLow1]:202017 [SgLow2]:203320 [SgLow3]:204421 [SgLow4]:0 [NetMuon1]:56409 [NetMuon2]:56413 [NetMuon3]:56398 [NetMuon4]:56755
[Run]:23908 [Site]:4 [Bin]:2871 [FullTime]:3590.17 [SkipTime]:0 [Veto1]:55.6692 [Veto2]:50.7198 [Veto3]:56.6291 [Veto4]:34.3954 [SgUp1]:203440 [SgUp2]:203675 [SgUp3]:205055 [SgUp4]:0 [SgLow1]:203118 [SgLow2]:203372 [SgLow3]:204763 [SgLow4]:0 [NetMuon1]:56678 [NetMuon2]:56777 [NetMuon3]:56696 [NetMuon4]:57028
[Run]:23908 [Site]:4 [Bin]:2872 [FullTime]:3590.17 [SkipTime]:0 [Veto1]:58.7767 [Veto2]:64.7657 [Veto3]:53.8158 [Veto4]:34.5433 [SgUp1]:202516 [SgUp2]:203164 [SgUp3]:205403 [SgUp4]:0 [SgLow1]:202163 [SgLow2]:202857 [SgLow3]:205038 [SgLow4]:0 [NetMuon1]:56888 [NetMuon2]:56807 [NetMuon3]:57003 [NetMuon4]:57302
[Run]:23908 [Site]:4 [Bin]:2873 [FullTime]:3590.17 [SkipTime]:0 [Veto1]:53.2947 [Veto2]:62.1862 [Veto3]:45.3755 [Veto4]:34.0259 [SgUp1]:202670 [SgUp2]:203388 [SgUp3]:205510 [SgUp4]:0 [SgLow1]:202383 [SgLow2]:203040 [SgLow3]:205162 [SgLow4]:0 [NetMuon1]:56131 [NetMuon2]:55969 [NetMuon3]:56258 [NetMuon4]:56422
[Run]:23908 [Site]:4 [Bin]:2874 [FullTime]:3590.17 [SkipTime]:0 [Veto1]:51.5111 [Veto2]:59.4198 [Veto3]:56.4679 [Veto4]:34.2144 [SgUp1]:203131 [SgUp2]:203616 [SgUp3]:205673 [SgUp4]:0 [SgLow1]:202765 [SgLow2]:203292 [SgLow3]:205332 [SgLow4]:0 [NetMuon1]:56460 [NetMuon2]:56327 [NetMuon3]:56412 [NetMuon4]:56750
[Run]:23908 [Site]:4 [Bin]:2875 [FullTime]:3590.17 [SkipTime]:0 [Veto1]:53.6537 [Veto2]:51.6792 [Veto3]:63.4694 [Veto4]:34.346 [SgUp1]:203969 [SgUp2]:204378 [SgUp3]:205371 [SgUp4]:0 [SgLow1]:203594 [SgLow2]:204013 [SgLow3]:205018 [SgLow4]:0 [NetMuon1]:56662 [NetMuon2]:56640 [NetMuon3]:56439 [NetMuon4]:56953
[Run]:23908 [Site]:4 [Bin]:2876 [FullTime]:3590.17 [SkipTime]:0 [Veto1]:51.7952 [Veto2]:58.729 [Veto3]:58.7025 [Veto4]:34.4799 [SgUp1]:204312 [SgUp2]:203818 [SgUp3]:205553 [SgUp4]:0 [SgLow1]:203997 [SgLow2]:203483 [SgLow3]:205184 [SgLow4]:0 [NetMuon1]:56902 [NetMuon2]:56783 [NetMuon3]:56769 [NetMuon4]:57172
[Run]:23908 [Site]:4 [Bin]:2877 [FullTime]:3590.17 [SkipTime]:0 [Veto1]:58.6018 [Veto2]:59.2575 [Veto3]:56.1131 [Veto4]:34.3593 [SgUp1]:203921 [SgUp2]:204166 [SgUp3]:206152 [SgUp4]:0 [SgLow1]:203540 [SgLow2]:203802 [SgLow3]:205802 [SgLow4]:0 [NetMuon1]:56625 [NetMuon2]:56596 [NetMuon3]:56660 [NetMuon4]:56994
[Run]:23908 [Site]:4 [Bin]:2878 [FullTime]:3590.17 [SkipTime]:0 [Veto1]:52.7948 [Veto2]:57.7222 [Veto3]:57.7345 [Veto4]:34.4815 [SgUp1]:203701 [SgUp2]:203836 [SgUp3]:205927 [SgUp4]:0 [SgLow1]:203371 [SgLow2]:203488 [SgLow3]:205625 [SgLow4]:0 [NetMuon1]:56859 [NetMuon2]:56772 [NetMuon3]:56818 [NetMuon4]:57156
[Run]:23908 [Site]:4 [Bin]:2879 [FullTime]:3590.17 [SkipTime]:0 [Veto1]:55.0435 [Veto2]:51.5388 [Veto3]:54.9934 [Veto4]:34.7362 [SgUp1]:204416 [SgUp2]:203710 [SgUp3]:205021 [SgUp4]:0 [SgLow1]:204037 [SgLow2]:203329 [SgLow3]:204636 [SgLow4]:0 [NetMuon1]:57282 [NetMuon2]:57329 [NetMuon3]:57264 [NetMuon4]:57598
[Run]:23908 [Site]:4 [Bin]:2880 [FullTime]:3590.17 [SkipTime]:0 [Veto1]:55.5593 [Veto2]:57.5434 [Veto3]:53.5631 [Veto4]:34.3018 [SgUp1]:203843 [SgUp2]:203516 [SgUp3]:205279 [SgUp4]:0 [SgLow1]:203478 [SgLow2]:203168 [SgLow3]:204926 [SgLow4]:0 [NetMuon1]:56551 [NetMuon2]:56514 [NetMuon3]:56551 [NetMuon4]:56867
[Run]:23908 [Site]:4 [Bin]:2881 [FullTime]:3590.17 [SkipTime]:0 [Veto1]:55.6333 [Veto2]:64.5613 [Veto3]:59.5732 [Veto4]:34.4112 [SgUp1]:203880 [SgUp2]:203316 [SgUp3]:206041 [SgUp4]:0 [SgLow1]:203571 [SgLow2]:202977 [SgLow3]:205721 [SgLow4]:0 [NetMuon1]:56719 [NetMuon2]:56568 [NetMuon3]:56642 [NetMuon4]:57084
[Run]:23908 [Site]:4 [Bin]:2882 [FullTime]:3590.17 [SkipTime]:0 [Veto1]:54.7928 [Veto2]:61.7657 [Veto3]:63.7094 [Veto4]:34.523 [SgUp1]:203055 [SgUp2]:203522 [SgUp3]:205214 [SgUp4]:0 [SgLow1]:202756 [SgLow2]:203166 [SgLow3]:204853 [SgLow4]:0 [NetMuon1]:56913 [NetMuon2]:56861 [NetMuon3]:56794 [NetMuon4]:57261
[Run]:23908 [Site]:4 [Bin]:2883 [FullTime]:3590.17 [SkipTime]:0 [Veto1]:52.7215 [Veto2]:57.6891 [Veto3]:55.1442 [Veto4]:34.4225 [SgUp1]:204582 [SgUp2]:204078 [SgUp3]:205537 [SgUp4]:0 [SgLow1]:204286 [SgLow2]:203739 [SgLow3]:205136 [SgLow4]:0 [NetMuon1]:56781 [NetMuon2]:56713 [NetMuon3]:56776 [NetMuon4]:57096
[Run]:23908 [Site]:4 [Bin]:2884 [FullTime]:3590.17 [SkipTime]:0 [Veto1]:50.8533 [Veto2]:49.9107 [Veto3]:61.7517 [Veto4]:34.5483 [SgUp1]:204621 [SgUp2]:204271 [SgUp3]:205048 [SgUp4]:0 [SgLow1]:204278 [SgLow2]:203960 [SgLow3]:204683 [SgLow4]:0 [NetMuon1]:57054 [NetMuon2]:57074 [NetMuon3]:56892 [NetMuon4]:57317
[Run]:23908 [Site]:4 [Bin]:2885 [FullTime]:3590.17 [SkipTime]:0 [Veto1]:51.4344 [Veto2]:63.3132 [Veto3]:54.4267 [Veto4]:34.165 [SgUp1]:205279 [SgUp2]:203261 [SgUp3]:205743 [SgUp4]:0 [SgLow1]:204921 [SgLow2]:202919 [SgLow3]:205398 [SgLow4]:0 [NetMuon1]:56396 [NetMuon2]:56191 [NetMuon3]:56337 [NetMuon4]:56660
[Run]:23908 [Site]:4 [Bin]:2886 [FullTime]:3590.17 [SkipTime]:0 [Veto1]:59.2513 [Veto2]:56.3729 [Veto3]:59.2942 [Veto4]:34.0944 [SgUp1]:204852 [SgUp2]:203861 [SgUp3]:204796 [SgUp4]:0 [SgLow1]:204565 [SgLow2]:203554 [SgLow3]:204450 [SgLow4]:0 [NetMuon1]:56161 [NetMuon2]:56223 [NetMuon3]:56188 [NetMuon4]:56563
[Run]:23908 [Site]:4 [Bin]:2887 [FullTime]:3590.17 [SkipTime]:0 [Veto1]:60.7371 [Veto2]:63.6631 [Veto3]:56.9121 [Veto4]:34.4928 [SgUp1]:203742 [SgUp2]:203263 [SgUp3]:205011 [SgUp4]:0 [SgLow1]:203434 [SgLow2]:202959 [SgLow3]:204680 [SgLow4]:0 [NetMuon1]:56789 [NetMuon2]:56720 [NetMuon3]:56837 [NetMuon4]:57190
[Run]:23908 [Site]:4 [Bin]:2888 [FullTime]:3590.17 [SkipTime]:0 [Veto1]:60.433 [Veto2]:60.3375 [Veto3]:59.3901 [Veto4]:34.1923 [SgUp1]:203349 [SgUp2]:204169 [SgUp3]:205683 [SgUp4]:0 [SgLow1]:202990 [SgLow2]:203838 [SgLow3]:205319 [SgLow4]:0 [NetMuon1]:56297 [NetMuon2]:56294 [NetMuon3]:56301 [NetMuon4]:56716
[Run]:23908 [Site]:4 [Bin]:2889 [FullTime]:3590.17 [SkipTime]:0 [Veto1]:64.6367 [Veto2]:54.7663 [Veto3]:58.6457 [Veto4]:34.43 [SgUp1]:202517 [SgUp2]:203762 [SgUp3]:204666 [SgUp4]:0 [SgLow1]:202204 [SgLow2]:203461 [SgLow3]:204328 [SgLow4]:0 [NetMuon1]:56630 [NetMuon2]:56764 [NetMuon3]:56721 [NetMuon4]:57104
End process Run: 23908 ... 
[Run]:23908 [Site]:4 [Bin]:2890 [FullTime]:3035.89 [SkipTime]:0 [Veto1]:52.062 [Veto2]:44.1181 [Veto3]:52.0496 [Veto4]:29.0304
