StreamChain add 0x15c977e0
Start to process run: 23629 ... 
[Run]:23629 [Site]:4 [Bin]:2706 [FullTime]:2138.17 [SkipTime]:0 [Veto1]:33.2976 [Veto2]:35.275 [Veto3]:34.305 [Veto4]:20.546 [SgUp1]:122334 [SgUp2]:121602 [SgUp3]:123514 [SgUp4]:0 [SgLow1]:122184 [SgLow2]:121403 [SgLow3]:123323 [SgLow4]:0 [NetMuon1]:33883 [NetMuon2]:33809 [NetMuon3]:33856 [NetMuon4]:34071
[Run]:23629 [Site]:4 [Bin]:2707 [FullTime]:3590.17 [SkipTime]:0 [Veto1]:57.8302 [Veto2]:59.7845 [Veto3]:51.3329 [Veto4]:34.5928 [SgUp1]:205958 [SgUp2]:204781 [SgUp3]:207144 [SgUp4]:0 [SgLow1]:205637 [SgLow2]:204433 [SgLow3]:206782 [SgLow4]:0 [NetMuon1]:56968 [NetMuon2]:56933 [NetMuon3]:57070 [NetMuon4]:57342
[Run]:23629 [Site]:4 [Bin]:2708 [FullTime]:3590.17 [SkipTime]:0 [Veto1]:55.2379 [Veto2]:66.6411 [Veto3]:51.8524 [Veto4]:34.5141 [SgUp1]:206379 [SgUp2]:204730 [SgUp3]:207508 [SgUp4]:0 [SgLow1]:206048 [SgLow2]:204371 [SgLow3]:207175 [SgLow4]:0 [NetMuon1]:56900 [NetMuon2]:56718 [NetMuon3]:56949 [NetMuon4]:57233
[Run]:23629 [Site]:4 [Bin]:2709 [FullTime]:3590.17 [SkipTime]:0 [Veto1]:60.7962 [Veto2]:59.7708 [Veto3]:61.7485 [Veto4]:34.5647 [SgUp1]:204468 [SgUp2]:204995 [SgUp3]:207266 [SgUp4]:0 [SgLow1]:204143 [SgLow2]:204714 [SgLow3]:206946 [SgLow4]:0 [NetMuon1]:56886 [NetMuon2]:56874 [NetMuon3]:56813 [NetMuon4]:57305
[Run]:23629 [Site]:4 [Bin]:2710 [FullTime]:3590.17 [SkipTime]:0 [Veto1]:57.7492 [Veto2]:53.7412 [Veto3]:53.789 [Veto4]:34.504 [SgUp1]:204681 [SgUp2]:205542 [SgUp3]:207398 [SgUp4]:0 [SgLow1]:204348 [SgLow2]:205202 [SgLow3]:207068 [SgLow4]:0 [NetMuon1]:56819 [NetMuon2]:56897 [NetMuon3]:56886 [NetMuon4]:57202
[Run]:23629 [Site]:4 [Bin]:2711 [FullTime]:3590.17 [SkipTime]:0 [Veto1]:51.7313 [Veto2]:53.6796 [Veto3]:58.6479 [Veto4]:34.4196 [SgUp1]:205063 [SgUp2]:205480 [SgUp3]:207187 [SgUp4]:0 [SgLow1]:204717 [SgLow2]:205141 [SgLow3]:206853 [SgLow4]:0 [NetMuon1]:56788 [NetMuon2]:56743 [NetMuon3]:56662 [NetMuon4]:57061
[Run]:23629 [Site]:4 [Bin]:2712 [FullTime]:3590.17 [SkipTime]:0 [Veto1]:57.8148 [Veto2]:53.8597 [Veto3]:54.8487 [Veto4]:34.5978 [SgUp1]:206218 [SgUp2]:205051 [SgUp3]:207199 [SgUp4]:0 [SgLow1]:205869 [SgLow2]:204710 [SgLow3]:206867 [SgLow4]:0 [NetMuon1]:57009 [NetMuon2]:57063 [NetMuon3]:57028 [NetMuon4]:57375
[Run]:23629 [Site]:4 [Bin]:2713 [FullTime]:3590.17 [SkipTime]:0 [Veto1]:54.8576 [Veto2]:48.9655 [Veto3]:51.9162 [Veto4]:34.6244 [SgUp1]:206155 [SgUp2]:205232 [SgUp3]:207227 [SgUp4]:0 [SgLow1]:205809 [SgLow2]:204871 [SgLow3]:206866 [SgLow4]:0 [NetMuon1]:57082 [NetMuon2]:57151 [NetMuon3]:57118 [NetMuon4]:57413
[Run]:23629 [Site]:4 [Bin]:2714 [FullTime]:3590.17 [SkipTime]:0 [Veto1]:53.6358 [Veto2]:46.6873 [Veto3]:68.5862 [Veto4]:34.3311 [SgUp1]:205963 [SgUp2]:205881 [SgUp3]:206992 [SgUp4]:0 [SgLow1]:205657 [SgLow2]:205569 [SgLow3]:206675 [SgLow4]:0 [NetMuon1]:56626 [NetMuon2]:56737 [NetMuon3]:56403 [NetMuon4]:56935
[Run]:23629 [Site]:4 [Bin]:2715 [FullTime]:3590.17 [SkipTime]:0 [Veto1]:57.7674 [Veto2]:52.4946 [Veto3]:52.8353 [Veto4]:34.5275 [SgUp1]:205285 [SgUp2]:205015 [SgUp3]:207380 [SgUp4]:0 [SgLow1]:204902 [SgLow2]:204675 [SgLow3]:207005 [SgLow4]:0 [NetMuon1]:56860 [NetMuon2]:56974 [NetMuon3]:56949 [NetMuon4]:57256
[Run]:23629 [Site]:4 [Bin]:2716 [FullTime]:3590.17 [SkipTime]:0 [Veto1]:52.0019 [Veto2]:51.0355 [Veto3]:55.965 [Veto4]:34.6995 [SgUp1]:205225 [SgUp2]:204957 [SgUp3]:206756 [SgUp4]:0 [SgLow1]:204842 [SgLow2]:204640 [SgLow3]:206411 [SgLow4]:0 [NetMuon1]:57282 [NetMuon2]:57272 [NetMuon3]:57193 [NetMuon4]:57545
[Run]:23629 [Site]:4 [Bin]:2717 [FullTime]:3590.17 [SkipTime]:0 [Veto1]:60.7728 [Veto2]:52.8672 [Veto3]:58.7186 [Veto4]:34.537 [SgUp1]:203405 [SgUp2]:205645 [SgUp3]:207588 [SgUp4]:0 [SgLow1]:203092 [SgLow2]:205308 [SgLow3]:207222 [SgLow4]:0 [NetMuon1]:56859 [NetMuon2]:56984 [NetMuon3]:56876 [NetMuon4]:57283
[Run]:23629 [Site]:4 [Bin]:2718 [FullTime]:3590.17 [SkipTime]:0 [Veto1]:60.7919 [Veto2]:53.7502 [Veto3]:49.9494 [Veto4]:34.5926 [SgUp1]:203728 [SgUp2]:205793 [SgUp3]:206986 [SgUp4]:0 [SgLow1]:203329 [SgLow2]:205443 [SgLow3]:206675 [SgLow4]:0 [NetMuon1]:56950 [NetMuon2]:57029 [NetMuon3]:57132 [NetMuon4]:57362
[Run]:23629 [Site]:4 [Bin]:2719 [FullTime]:3590.17 [SkipTime]:0 [Veto1]:59.9366 [Veto2]:63.9261 [Veto3]:63.937 [Veto4]:34.7459 [SgUp1]:205055 [SgUp2]:205050 [SgUp3]:207439 [SgUp4]:0 [SgLow1]:204710 [SgLow2]:204713 [SgLow3]:207128 [SgLow4]:0 [NetMuon1]:57202 [NetMuon2]:57116 [NetMuon3]:57137 [NetMuon4]:57620
[Run]:23629 [Site]:4 [Bin]:2720 [FullTime]:3590.17 [SkipTime]:0 [Veto1]:56.8283 [Veto2]:51.9067 [Veto3]:57.7728 [Veto4]:34.5613 [SgUp1]:206085 [SgUp2]:205738 [SgUp3]:206955 [SgUp4]:0 [SgLow1]:205722 [SgLow2]:205391 [SgLow3]:206634 [SgLow4]:0 [NetMuon1]:56973 [NetMuon2]:57058 [NetMuon3]:56955 [NetMuon4]:57336
[Run]:23629 [Site]:4 [Bin]:2721 [FullTime]:3590.17 [SkipTime]:0 [Veto1]:63.7087 [Veto2]:55.8049 [Veto3]:56.7623 [Veto4]:34.5157 [SgUp1]:204091 [SgUp2]:205682 [SgUp3]:207824 [SgUp4]:0 [SgLow1]:203819 [SgLow2]:205387 [SgLow3]:207492 [SgLow4]:0 [NetMuon1]:56773 [NetMuon2]:56915 [NetMuon3]:56894 [NetMuon4]:57240
End process Run: 23629 ... 
[Run]:23629 [Site]:4 [Bin]:2722 [FullTime]:1201.05 [SkipTime]:0 [Veto1]:23.8337 [Veto2]:20.8417 [Veto3]:22.833 [Veto4]:11.4476
