StreamChain add 0x7c37590
Start to process run: 23258 ... 
[Run]:23258 [Site]:4 [Bin]:2433 [FullTime]:825.65 [SkipTime]:0 [Veto1]:12.1632 [Veto2]:11.1751 [Veto3]:13.1611 [Veto4]:7.87686 [SgUp1]:47365 [SgUp2]:47683 [SgUp3]:47898 [SgUp4]:0 [SgLow1]:47300 [SgLow2]:47574 [SgLow3]:47816 [SgLow4]:0 [NetMuon1]:13005 [NetMuon2]:13011 [NetMuon3]:12986 [NetMuon4]:13068
[Run]:23258 [Site]:4 [Bin]:2434 [FullTime]:3590.17 [SkipTime]:0 [Veto1]:62.253 [Veto2]:60.2557 [Veto3]:54.3167 [Veto4]:34.0584 [SgUp1]:203905 [SgUp2]:205951 [SgUp3]:208534 [SgUp4]:0 [SgLow1]:203547 [SgLow2]:205589 [SgLow3]:208225 [SgLow4]:0 [NetMuon1]:56000 [NetMuon2]:56037 [NetMuon3]:56153 [NetMuon4]:56467
[Run]:23258 [Site]:4 [Bin]:2435 [FullTime]:3590.17 [SkipTime]:0 [Veto1]:53.9693 [Veto2]:55.9502 [Veto3]:73.7286 [Veto4]:34.6968 [SgUp1]:205303 [SgUp2]:205858 [SgUp3]:207290 [SgUp4]:0 [SgLow1]:204967 [SgLow2]:205504 [SgLow3]:206951 [SgLow4]:0 [NetMuon1]:57255 [NetMuon2]:57194 [NetMuon3]:56878 [NetMuon4]:57535
[Run]:23258 [Site]:4 [Bin]:2436 [FullTime]:3590.17 [SkipTime]:0 [Veto1]:53.6273 [Veto2]:47.634 [Veto3]:63.5009 [Veto4]:34.3348 [SgUp1]:205337 [SgUp2]:207162 [SgUp3]:208388 [SgUp4]:0 [SgLow1]:205020 [SgLow2]:206822 [SgLow3]:207998 [SgLow4]:0 [NetMuon1]:56641 [NetMuon2]:56732 [NetMuon3]:56457 [NetMuon4]:56946
[Run]:23258 [Site]:4 [Bin]:2437 [FullTime]:3590.17 [SkipTime]:0 [Veto1]:55.4036 [Veto2]:51.3178 [Veto3]:61.152 [Veto4]:34.9716 [SgUp1]:204882 [SgUp2]:206496 [SgUp3]:208571 [SgUp4]:0 [SgLow1]:204530 [SgLow2]:206114 [SgLow3]:208223 [SgLow4]:0 [NetMuon1]:57658 [NetMuon2]:57726 [NetMuon3]:57557 [NetMuon4]:57980
[Run]:23258 [Site]:4 [Bin]:2438 [FullTime]:3590.17 [SkipTime]:0 [Veto1]:59.011 [Veto2]:51.7372 [Veto3]:59.661 [Veto4]:34.467 [SgUp1]:204839 [SgUp2]:207893 [SgUp3]:208221 [SgUp4]:0 [SgLow1]:204426 [SgLow2]:207515 [SgLow3]:207868 [SgLow4]:0 [NetMuon1]:56733 [NetMuon2]:56877 [NetMuon3]:56733 [NetMuon4]:57142
[Run]:23258 [Site]:4 [Bin]:2439 [FullTime]:3590.17 [SkipTime]:0 [Veto1]:55.8108 [Veto2]:55.7911 [Veto3]:55.7451 [Veto4]:34.5154 [SgUp1]:204572 [SgUp2]:206703 [SgUp3]:209103 [SgUp4]:0 [SgLow1]:204238 [SgLow2]:206358 [SgLow3]:208736 [SgLow4]:0 [NetMuon1]:56879 [NetMuon2]:56915 [NetMuon3]:56879 [NetMuon4]:57226
[Run]:23258 [Site]:4 [Bin]:2440 [FullTime]:3590.17 [SkipTime]:0 [Veto1]:66.0014 [Veto2]:65.0399 [Veto3]:60.0976 [Veto4]:34.8965 [SgUp1]:203098 [SgUp2]:206174 [SgUp3]:208590 [SgUp4]:0 [SgLow1]:202761 [SgLow2]:205846 [SgLow3]:208258 [SgLow4]:0 [NetMuon1]:57355 [NetMuon2]:57368 [NetMuon3]:57489 [NetMuon4]:57888
[Run]:23258 [Site]:4 [Bin]:2441 [FullTime]:3590.17 [SkipTime]:0 [Veto1]:59.933 [Veto2]:58.1923 [Veto3]:59.1734 [Veto4]:34.9834 [SgUp1]:204702 [SgUp2]:206148 [SgUp3]:208697 [SgUp4]:0 [SgLow1]:204365 [SgLow2]:205812 [SgLow3]:208327 [SgLow4]:0 [NetMuon1]:57578 [NetMuon2]:57606 [NetMuon3]:57628 [NetMuon4]:58008
[Run]:23258 [Site]:4 [Bin]:2442 [FullTime]:3590.17 [SkipTime]:0 [Veto1]:58.46 [Veto2]:64.0985 [Veto3]:54.2525 [Veto4]:34.9438 [SgUp1]:205351 [SgUp2]:205441 [SgUp3]:208807 [SgUp4]:0 [SgLow1]:204970 [SgLow2]:205055 [SgLow3]:208458 [SgLow4]:0 [NetMuon1]:57620 [NetMuon2]:57500 [NetMuon3]:57671 [NetMuon4]:57969
[Run]:23258 [Site]:4 [Bin]:2443 [FullTime]:3590.17 [SkipTime]:0 [Veto1]:46.1054 [Veto2]:57.0286 [Veto3]:54.06 [Veto4]:34.7842 [SgUp1]:205705 [SgUp2]:206881 [SgUp3]:208472 [SgUp4]:0 [SgLow1]:205367 [SgLow2]:206537 [SgLow3]:208118 [SgLow4]:0 [NetMuon1]:57494 [NetMuon2]:57313 [NetMuon3]:57386 [NetMuon4]:57687
[Run]:23258 [Site]:4 [Bin]:2444 [FullTime]:3590.17 [SkipTime]:0 [Veto1]:53.2399 [Veto2]:58.2035 [Veto3]:60.0886 [Veto4]:34.946 [SgUp1]:204598 [SgUp2]:206684 [SgUp3]:208033 [SgUp4]:0 [SgLow1]:204233 [SgLow2]:206318 [SgLow3]:207657 [SgLow4]:0 [NetMuon1]:57660 [NetMuon2]:57568 [NetMuon3]:57518 [NetMuon4]:57937
[Run]:23258 [Site]:4 [Bin]:2445 [FullTime]:3590.17 [SkipTime]:0 [Veto1]:50.2033 [Veto2]:49.1969 [Veto3]:52.145 [Veto4]:34.8654 [SgUp1]:204818 [SgUp2]:206154 [SgUp3]:208522 [SgUp4]:0 [SgLow1]:204484 [SgLow2]:205810 [SgLow3]:208176 [SgLow4]:0 [NetMuon1]:57559 [NetMuon2]:57596 [NetMuon3]:57527 [NetMuon4]:57807
[Run]:23258 [Site]:4 [Bin]:2446 [FullTime]:3590.17 [SkipTime]:0 [Veto1]:55.1439 [Veto2]:61.1418 [Veto3]:54.1846 [Veto4]:34.9371 [SgUp1]:204462 [SgUp2]:206323 [SgUp3]:207045 [SgUp4]:0 [SgLow1]:204092 [SgLow2]:205984 [SgLow3]:206721 [SgLow4]:0 [NetMuon1]:57579 [NetMuon2]:57484 [NetMuon3]:57579 [NetMuon4]:57923
[Run]:23258 [Site]:4 [Bin]:2447 [FullTime]:3590.17 [SkipTime]:0 [Veto1]:58.9215 [Veto2]:51.9933 [Veto3]:55.1449 [Veto4]:34.7197 [SgUp1]:204932 [SgUp2]:205793 [SgUp3]:208603 [SgUp4]:0 [SgLow1]:204590 [SgLow2]:205488 [SgLow3]:208239 [SgLow4]:0 [NetMuon1]:57180 [NetMuon2]:57286 [NetMuon3]:57243 [NetMuon4]:57581
[Run]:23258 [Site]:4 [Bin]:2448 [FullTime]:3590.17 [SkipTime]:0 [Veto1]:56.0399 [Veto2]:52.1355 [Veto3]:61.0097 [Veto4]:34.8039 [SgUp1]:204406 [SgUp2]:206925 [SgUp3]:208408 [SgUp4]:0 [SgLow1]:204075 [SgLow2]:206587 [SgLow3]:208067 [SgLow4]:0 [NetMuon1]:57334 [NetMuon2]:57434 [NetMuon3]:57271 [NetMuon4]:57702
[Run]:23258 [Site]:4 [Bin]:2449 [FullTime]:3590.17 [SkipTime]:0 [Veto1]:56.5661 [Veto2]:56.4578 [Veto3]:63.4853 [Veto4]:34.3512 [SgUp1]:203953 [SgUp2]:206265 [SgUp3]:206147 [SgUp4]:0 [SgLow1]:203606 [SgLow2]:205931 [SgLow3]:205816 [SgLow4]:0 [NetMuon1]:56558 [NetMuon2]:56626 [NetMuon3]:56518 [NetMuon4]:56963
[Run]:23258 [Site]:4 [Bin]:2450 [FullTime]:3590.17 [SkipTime]:0 [Veto1]:58.2254 [Veto2]:55.266 [Veto3]:60.2412 [Veto4]:35.0103 [SgUp1]:204159 [SgUp2]:206496 [SgUp3]:207235 [SgUp4]:0 [SgLow1]:203805 [SgLow2]:206174 [SgLow3]:206915 [SgLow4]:0 [NetMuon1]:57649 [NetMuon2]:57706 [NetMuon3]:57630 [NetMuon4]:58047
[Run]:23258 [Site]:4 [Bin]:2451 [FullTime]:3590.17 [SkipTime]:0 [Veto1]:56.5397 [Veto2]:59.5202 [Veto3]:58.4997 [Veto4]:34.2884 [SgUp1]:204440 [SgUp2]:206767 [SgUp3]:208747 [SgUp4]:0 [SgLow1]:203979 [SgLow2]:206441 [SgLow3]:208417 [SgLow4]:0 [NetMuon1]:56484 [NetMuon2]:56472 [NetMuon3]:56451 [NetMuon4]:56853
[Run]:23258 [Site]:4 [Bin]:2452 [FullTime]:3590.17 [SkipTime]:0 [Veto1]:53.0678 [Veto2]:60.5374 [Veto3]:65.5524 [Veto4]:34.339 [SgUp1]:205447 [SgUp2]:206396 [SgUp3]:207208 [SgUp4]:0 [SgLow1]:205099 [SgLow2]:206042 [SgLow3]:206869 [SgLow4]:0 [NetMuon1]:56638 [NetMuon2]:56516 [NetMuon3]:56437 [NetMuon4]:56946
[Run]:23258 [Site]:4 [Bin]:2453 [FullTime]:3590.18 [SkipTime]:0 [Veto1]:52.6271 [Veto2]:45.6721 [Veto3]:53.6051 [Veto4]:34.3259 [SgUp1]:204895 [SgUp2]:207328 [SgUp3]:208074 [SgUp4]:0 [SgLow1]:204538 [SgLow2]:206936 [SgLow3]:207726 [SgLow4]:0 [NetMuon1]:56641 [NetMuon2]:56755 [NetMuon3]:56615 [NetMuon4]:56926
[Run]:23258 [Site]:4 [Bin]:2454 [FullTime]:3590.17 [SkipTime]:0 [Veto1]:55.7131 [Veto2]:56.6906 [Veto3]:59.6684 [Veto4]:34.4493 [SgUp1]:205718 [SgUp2]:207042 [SgUp3]:207829 [SgUp4]:0 [SgLow1]:205406 [SgLow2]:206722 [SgLow3]:207491 [SgLow4]:0 [NetMuon1]:56814 [NetMuon2]:56751 [NetMuon3]:56744 [NetMuon4]:57130
[Run]:23258 [Site]:4 [Bin]:2455 [FullTime]:3590.17 [SkipTime]:0 [Veto1]:58.5032 [Veto2]:56.5333 [Veto3]:52.5353 [Veto4]:34.2793 [SgUp1]:204860 [SgUp2]:206538 [SgUp3]:207670 [SgUp4]:0 [SgLow1]:204493 [SgLow2]:206215 [SgLow3]:207291 [SgLow4]:0 [NetMuon1]:56473 [NetMuon2]:56500 [NetMuon3]:56546 [NetMuon4]:56859
[Run]:23258 [Site]:4 [Bin]:2456 [FullTime]:3590.17 [SkipTime]:0 [Veto1]:58.0984 [Veto2]:50.3514 [Veto3]:65.214 [Veto4]:34.0496 [SgUp1]:204832 [SgUp2]:206937 [SgUp3]:207061 [SgUp4]:0 [SgLow1]:204506 [SgLow2]:206609 [SgLow3]:206697 [SgLow4]:0 [NetMuon1]:56124 [NetMuon2]:56238 [NetMuon3]:56007 [NetMuon4]:56477
[Run]:23258 [Site]:4 [Bin]:2457 [FullTime]:3590.17 [SkipTime]:0 [Veto1]:51.4923 [Veto2]:60.6953 [Veto3]:52.8403 [Veto4]:34.2194 [SgUp1]:204213 [SgUp2]:206224 [SgUp3]:207711 [SgUp4]:0 [SgLow1]:203832 [SgLow2]:205906 [SgLow3]:207357 [SgLow4]:0 [NetMuon1]:56474 [NetMuon2]:56322 [NetMuon3]:56448 [NetMuon4]:56756
[Run]:23258 [Site]:4 [Bin]:2458 [FullTime]:3590.17 [SkipTime]:0 [Veto1]:61.1503 [Veto2]:49.9062 [Veto3]:50.8825 [Veto4]:34.5783 [SgUp1]:203380 [SgUp2]:206639 [SgUp3]:208136 [SgUp4]:0 [SgLow1]:203012 [SgLow2]:206214 [SgLow3]:207826 [SgLow4]:0 [NetMuon1]:56906 [NetMuon2]:57075 [NetMuon3]:57082 [NetMuon4]:57335
[Run]:23258 [Site]:4 [Bin]:2459 [FullTime]:3590.17 [SkipTime]:0 [Veto1]:53.7979 [Veto2]:50.8782 [Veto3]:51.858 [Veto4]:34.5492 [SgUp1]:205081 [SgUp2]:206976 [SgUp3]:207518 [SgUp4]:0 [SgLow1]:204775 [SgLow2]:206675 [SgLow3]:207118 [SgLow4]:0 [NetMuon1]:56939 [NetMuon2]:56991 [NetMuon3]:57002 [NetMuon4]:57250
[Run]:23258 [Site]:4 [Bin]:2460 [FullTime]:3590.17 [SkipTime]:0 [Veto1]:59.6973 [Veto2]:59.7299 [Veto3]:57.729 [Veto4]:34.4716 [SgUp1]:204532 [SgUp2]:205451 [SgUp3]:206973 [SgUp4]:0 [SgLow1]:204203 [SgLow2]:205076 [SgLow3]:206611 [SgLow4]:0 [NetMuon1]:56778 [NetMuon2]:56788 [NetMuon3]:56845 [NetMuon4]:57180
[Run]:23258 [Site]:4 [Bin]:2461 [FullTime]:3590.17 [SkipTime]:0 [Veto1]:56.4518 [Veto2]:47.5643 [Veto3]:56.4879 [Veto4]:34.2195 [SgUp1]:205302 [SgUp2]:206590 [SgUp3]:208535 [SgUp4]:0 [SgLow1]:204961 [SgLow2]:206264 [SgLow3]:208172 [SgLow4]:0 [NetMuon1]:56421 [NetMuon2]:56510 [NetMuon3]:56404 [NetMuon4]:56752
[Run]:23258 [Site]:4 [Bin]:2462 [FullTime]:3590.17 [SkipTime]:0 [Veto1]:52.6797 [Veto2]:57.6124 [Veto3]:56.6418 [Veto4]:34.4005 [SgUp1]:204065 [SgUp2]:206877 [SgUp3]:207259 [SgUp4]:0 [SgLow1]:203707 [SgLow2]:206572 [SgLow3]:206924 [SgLow4]:0 [NetMuon1]:56757 [NetMuon2]:56652 [NetMuon3]:56671 [NetMuon4]:57033
[Run]:23258 [Site]:4 [Bin]:2463 [FullTime]:3590.17 [SkipTime]:0 [Veto1]:66.2509 [Veto2]:50.9328 [Veto3]:50.9137 [Veto4]:34.598 [SgUp1]:203607 [SgUp2]:206969 [SgUp3]:207881 [SgUp4]:0 [SgLow1]:203240 [SgLow2]:206622 [SgLow3]:207581 [SgLow4]:0 [NetMuon1]:56849 [NetMuon2]:57135 [NetMuon3]:57124 [NetMuon4]:57380
[Run]:23258 [Site]:4 [Bin]:2464 [FullTime]:3590.17 [SkipTime]:0 [Veto1]:67.7576 [Veto2]:57.9225 [Veto3]:52.8881 [Veto4]:34.6413 [SgUp1]:203508 [SgUp2]:205546 [SgUp3]:208200 [SgUp4]:0 [SgLow1]:203166 [SgLow2]:205160 [SgLow3]:207883 [SgLow4]:0 [NetMuon1]:56882 [NetMuon2]:57053 [NetMuon3]:57179 [NetMuon4]:57434
[Run]:23258 [Site]:4 [Bin]:2465 [FullTime]:3590.17 [SkipTime]:0 [Veto1]:51.987 [Veto2]:53.0219 [Veto3]:58.8923 [Veto4]:34.7188 [SgUp1]:205061 [SgUp2]:206552 [SgUp3]:207286 [SgUp4]:0 [SgLow1]:204747 [SgLow2]:206200 [SgLow3]:206953 [SgLow4]:0 [NetMuon1]:57317 [NetMuon2]:57329 [NetMuon3]:57183 [NetMuon4]:57599
[Run]:23258 [Site]:4 [Bin]:2466 [FullTime]:3590.17 [SkipTime]:0 [Veto1]:58.7092 [Veto2]:54.799 [Veto3]:60.7345 [Veto4]:34.5423 [SgUp1]:204412 [SgUp2]:205921 [SgUp3]:207056 [SgUp4]:0 [SgLow1]:204098 [SgLow2]:205552 [SgLow3]:206731 [SgLow4]:0 [NetMuon1]:56814 [NetMuon2]:56915 [NetMuon3]:56812 [NetMuon4]:57241
[Run]:23258 [Site]:4 [Bin]:2467 [FullTime]:3590.17 [SkipTime]:0 [Veto1]:59.0966 [Veto2]:56.197 [Veto3]:59.0743 [Veto4]:34.8732 [SgUp1]:204356 [SgUp2]:205697 [SgUp3]:206079 [SgUp4]:0 [SgLow1]:204053 [SgLow2]:205346 [SgLow3]:205757 [SgLow4]:0 [NetMuon1]:57431 [NetMuon2]:57504 [NetMuon3]:57422 [NetMuon4]:57827
[Run]:23258 [Site]:4 [Bin]:2468 [FullTime]:3590.17 [SkipTime]:0 [Veto1]:50.9363 [Veto2]:56.8556 [Veto3]:69.6624 [Veto4]:34.6045 [SgUp1]:204005 [SgUp2]:205951 [SgUp3]:206657 [SgUp4]:0 [SgLow1]:203657 [SgLow2]:205641 [SgLow3]:206276 [SgLow4]:0 [NetMuon1]:57132 [NetMuon2]:57020 [NetMuon3]:56744 [NetMuon4]:57367
[Run]:23258 [Site]:4 [Bin]:2469 [FullTime]:3590.17 [SkipTime]:0 [Veto1]:56.4881 [Veto2]:59.5042 [Veto3]:53.5494 [Veto4]:34.2982 [SgUp1]:203965 [SgUp2]:205116 [SgUp3]:207208 [SgUp4]:0 [SgLow1]:203629 [SgLow2]:204765 [SgLow3]:206902 [SgLow4]:0 [NetMuon1]:56516 [NetMuon2]:56449 [NetMuon3]:56587 [NetMuon4]:56862
[Run]:23258 [Site]:4 [Bin]:2470 [FullTime]:3590.17 [SkipTime]:0 [Veto1]:56.6082 [Veto2]:56.5951 [Veto3]:62.5241 [Veto4]:34.3711 [SgUp1]:203898 [SgUp2]:206109 [SgUp3]:207280 [SgUp4]:0 [SgLow1]:203597 [SgLow2]:205784 [SgLow3]:206960 [SgLow4]:0 [NetMuon1]:56623 [NetMuon2]:56611 [NetMuon3]:56510 [NetMuon4]:56991
[Run]:23258 [Site]:4 [Bin]:2471 [FullTime]:3590.17 [SkipTime]:0 [Veto1]:53.8623 [Veto2]:55.8389 [Veto3]:60.7384 [Veto4]:34.5663 [SgUp1]:204399 [SgUp2]:205996 [SgUp3]:207172 [SgUp4]:0 [SgLow1]:204048 [SgLow2]:205666 [SgLow3]:206826 [SgLow4]:0 [NetMuon1]:57070 [NetMuon2]:57011 [NetMuon3]:56945 [NetMuon4]:57350
[Run]:23258 [Site]:4 [Bin]:2472 [FullTime]:3590.17 [SkipTime]:0 [Veto1]:57.8219 [Veto2]:55.9244 [Veto3]:54.8837 [Veto4]:34.6591 [SgUp1]:203720 [SgUp2]:206131 [SgUp3]:207364 [SgUp4]:0 [SgLow1]:203381 [SgLow2]:205807 [SgLow3]:206979 [SgLow4]:0 [NetMuon1]:57094 [NetMuon2]:57165 [NetMuon3]:57161 [NetMuon4]:57487
[Run]:23258 [Site]:4 [Bin]:2473 [FullTime]:3590.17 [SkipTime]:0 [Veto1]:53.7319 [Veto2]:59.7171 [Veto3]:52.714 [Veto4]:34.4521 [SgUp1]:205139 [SgUp2]:205819 [SgUp3]:207365 [SgUp4]:0 [SgLow1]:204788 [SgLow2]:205495 [SgLow3]:207039 [SgLow4]:0 [NetMuon1]:56821 [NetMuon2]:56729 [NetMuon3]:56848 [NetMuon4]:57138
[Run]:23258 [Site]:4 [Bin]:2474 [FullTime]:3590.17 [SkipTime]:0 [Veto1]:59.7348 [Veto2]:55.7953 [Veto3]:59.7674 [Veto4]:34.5257 [SgUp1]:204593 [SgUp2]:206042 [SgUp3]:208043 [SgUp4]:0 [SgLow1]:204254 [SgLow2]:205747 [SgLow3]:207709 [SgLow4]:0 [NetMuon1]:56833 [NetMuon2]:56909 [NetMuon3]:56847 [NetMuon4]:57233
[Run]:23258 [Site]:4 [Bin]:2475 [FullTime]:3590.17 [SkipTime]:0 [Veto1]:56.8336 [Veto2]:60.8472 [Veto3]:58.8067 [Veto4]:34.6114 [SgUp1]:204699 [SgUp2]:205819 [SgUp3]:207948 [SgUp4]:0 [SgLow1]:204384 [SgLow2]:205489 [SgLow3]:207529 [SgLow4]:0 [NetMuon1]:57065 [NetMuon2]:56962 [NetMuon3]:57011 [NetMuon4]:57393
[Run]:23258 [Site]:4 [Bin]:2476 [FullTime]:3590.17 [SkipTime]:0 [Veto1]:58.5202 [Veto2]:53.5774 [Veto3]:59.8019 [Veto4]:34.3119 [SgUp1]:203502 [SgUp2]:205732 [SgUp3]:208559 [SgUp4]:0 [SgLow1]:203190 [SgLow2]:205378 [SgLow3]:208212 [SgLow4]:0 [NetMuon1]:56522 [NetMuon2]:56608 [NetMuon3]:56484 [NetMuon4]:56905
[Run]:23258 [Site]:4 [Bin]:2477 [FullTime]:3590.17 [SkipTime]:0 [Veto1]:51.7066 [Veto2]:54.7259 [Veto3]:55.7039 [Veto4]:34.4261 [SgUp1]:204136 [SgUp2]:205767 [SgUp3]:208456 [SgUp4]:0 [SgLow1]:203824 [SgLow2]:205390 [SgLow3]:208132 [SgLow4]:0 [NetMuon1]:56817 [NetMuon2]:56780 [NetMuon3]:56742 [NetMuon4]:57074
[Run]:23258 [Site]:4 [Bin]:2478 [FullTime]:3590.17 [SkipTime]:0 [Veto1]:58.1109 [Veto2]:51.1595 [Veto3]:61.0961 [Veto4]:34.9012 [SgUp1]:203967 [SgUp2]:206766 [SgUp3]:207751 [SgUp4]:0 [SgLow1]:203657 [SgLow2]:206428 [SgLow3]:207408 [SgLow4]:0 [NetMuon1]:57469 [NetMuon2]:57563 [NetMuon3]:57427 [NetMuon4]:57860
[Run]:23258 [Site]:4 [Bin]:2479 [FullTime]:3590.17 [SkipTime]:0 [Veto1]:53.2374 [Veto2]:56.2301 [Veto3]:53.2406 [Veto4]:34.9602 [SgUp1]:203725 [SgUp2]:205825 [SgUp3]:208178 [SgUp4]:0 [SgLow1]:203406 [SgLow2]:205455 [SgLow3]:207847 [SgLow4]:0 [NetMuon1]:57624 [NetMuon2]:57644 [NetMuon3]:57682 [NetMuon4]:57963
[Run]:23258 [Site]:4 [Bin]:2480 [FullTime]:3590.17 [SkipTime]:0 [Veto1]:55.4191 [Veto2]:53.4899 [Veto3]:54.548 [Veto4]:35.2175 [SgUp1]:204579 [SgUp2]:206201 [SgUp3]:208655 [SgUp4]:0 [SgLow1]:204269 [SgLow2]:205868 [SgLow3]:208324 [SgLow4]:0 [NetMuon1]:58078 [NetMuon2]:58104 [NetMuon3]:58110 [NetMuon4]:58397
End process Run: 23258 ... 
[Run]:23258 [Site]:4 [Bin]:2481 [FullTime]:2890.64 [SkipTime]:0 [Veto1]:40.892 [Veto2]:42.8706 [Veto3]:48.8357 [Veto4]:27.8402
