StreamChain add 0x3b76590
Start to process run: 24006 ... 
[Run]:24006 [Site]:4 [Bin]:2890 [FullTime]:233.995 [SkipTime]:0 [Veto1]:3.28114 [Veto2]:4.27361 [Veto3]:6.25043 [Veto4]:2.19765 [SgUp1]:13397 [SgUp2]:13163 [SgUp3]:13289 [SgUp4]:0 [SgLow1]:13377 [SgLow2]:13137 [SgLow3]:13268 [SgLow4]:0 [NetMuon1]:3628 [NetMuon2]:3615 [NetMuon3]:3581 [NetMuon4]:3643
[Run]:24006 [Site]:4 [Bin]:2891 [FullTime]:3590.17 [SkipTime]:0 [Veto1]:56.3599 [Veto2]:49.4433 [Veto3]:56.3821 [Veto4]:34.1253 [SgUp1]:206285 [SgUp2]:204138 [SgUp3]:205800 [SgUp4]:0 [SgLow1]:205970 [SgLow2]:203821 [SgLow3]:205488 [SgLow4]:0 [NetMuon1]:56201 [NetMuon2]:56378 [NetMuon3]:56245 [NetMuon4]:56594
[Run]:24006 [Site]:4 [Bin]:2892 [FullTime]:3590.17 [SkipTime]:0 [Veto1]:52.7008 [Veto2]:59.6462 [Veto3]:55.6681 [Veto4]:34.4038 [SgUp1]:205653 [SgUp2]:202849 [SgUp3]:206741 [SgUp4]:0 [SgLow1]:205324 [SgLow2]:202511 [SgLow3]:206434 [SgLow4]:0 [NetMuon1]:56732 [NetMuon2]:56666 [NetMuon3]:56674 [NetMuon4]:57040
[Run]:24006 [Site]:4 [Bin]:2893 [FullTime]:3590.17 [SkipTime]:0 [Veto1]:51.7751 [Veto2]:56.7376 [Veto3]:57.456 [Veto4]:34.5038 [SgUp1]:203900 [SgUp2]:203554 [SgUp3]:205615 [SgUp4]:0 [SgLow1]:203524 [SgLow2]:203269 [SgLow3]:205298 [SgLow4]:0 [NetMuon1]:56917 [NetMuon2]:56857 [NetMuon3]:56818 [NetMuon4]:57211
[Run]:24006 [Site]:4 [Bin]:2894 [FullTime]:3590.17 [SkipTime]:0 [Veto1]:63.7976 [Veto2]:60.7826 [Veto3]:63.7677 [Veto4]:34.5795 [SgUp1]:203884 [SgUp2]:203643 [SgUp3]:205411 [SgUp4]:0 [SgLow1]:203543 [SgLow2]:203324 [SgLow3]:205092 [SgLow4]:0 [NetMuon1]:56868 [NetMuon2]:56878 [NetMuon3]:56842 [NetMuon4]:57324
[Run]:24006 [Site]:4 [Bin]:2895 [FullTime]:3590.17 [SkipTime]:0 [Veto1]:65.5808 [Veto2]:57.6192 [Veto3]:58.6798 [Veto4]:34.3972 [SgUp1]:204328 [SgUp2]:202493 [SgUp3]:206135 [SgUp4]:0 [SgLow1]:204030 [SgLow2]:202183 [SgLow3]:205820 [SgLow4]:0 [NetMuon1]:56577 [NetMuon2]:56724 [NetMuon3]:56687 [NetMuon4]:57062
[Run]:24006 [Site]:4 [Bin]:2896 [FullTime]:3590.17 [SkipTime]:0 [Veto1]:45.7476 [Veto2]:50.7014 [Veto3]:59.5919 [Veto4]:34.3769 [SgUp1]:205045 [SgUp2]:203727 [SgUp3]:205845 [SgUp4]:0 [SgLow1]:204727 [SgLow2]:203414 [SgLow3]:205505 [SgLow4]:0 [NetMuon1]:56861 [NetMuon2]:56757 [NetMuon3]:56632 [NetMuon4]:57014
[Run]:24006 [Site]:4 [Bin]:2897 [FullTime]:3590.17 [SkipTime]:0 [Veto1]:56.4254 [Veto2]:51.4846 [Veto3]:62.3736 [Veto4]:34.2012 [SgUp1]:204818 [SgUp2]:203079 [SgUp3]:205133 [SgUp4]:0 [SgLow1]:204452 [SgLow2]:202736 [SgLow3]:204809 [SgLow4]:0 [NetMuon1]:56366 [NetMuon2]:56439 [NetMuon3]:56256 [NetMuon4]:56721
[Run]:24006 [Site]:4 [Bin]:2898 [FullTime]:3590.17 [SkipTime]:0 [Veto1]:50.658 [Veto2]:57.572 [Veto3]:56.5665 [Veto4]:34.3259 [SgUp1]:204931 [SgUp2]:203197 [SgUp3]:205546 [SgUp4]:0 [SgLow1]:204544 [SgLow2]:202874 [SgLow3]:205226 [SgLow4]:0 [NetMuon1]:56671 [NetMuon2]:56540 [NetMuon3]:56578 [NetMuon4]:56925
[Run]:24006 [Site]:4 [Bin]:2899 [FullTime]:3590.17 [SkipTime]:0 [Veto1]:61.5048 [Veto2]:51.5967 [Veto3]:57.5263 [Veto4]:34.2724 [SgUp1]:204538 [SgUp2]:203586 [SgUp3]:205343 [SgUp4]:0 [SgLow1]:204216 [SgLow2]:203252 [SgLow3]:205014 [SgLow4]:0 [NetMuon1]:56385 [NetMuon2]:56567 [NetMuon3]:56475 [NetMuon4]:56831
[Run]:24006 [Site]:4 [Bin]:2900 [FullTime]:3590.17 [SkipTime]:0 [Veto1]:53.5766 [Veto2]:47.5607 [Veto3]:56.915 [Veto4]:34.2339 [SgUp1]:205064 [SgUp2]:203950 [SgUp3]:205709 [SgUp4]:0 [SgLow1]:204684 [SgLow2]:203633 [SgLow3]:205359 [SgLow4]:0 [NetMuon1]:56504 [NetMuon2]:56556 [NetMuon3]:56397 [NetMuon4]:56791
[Run]:24006 [Site]:4 [Bin]:2901 [FullTime]:3590.17 [SkipTime]:0 [Veto1]:60.5348 [Veto2]:57.5238 [Veto3]:57.5571 [Veto4]:34.3004 [SgUp1]:204349 [SgUp2]:204443 [SgUp3]:205178 [SgUp4]:0 [SgLow1]:204039 [SgLow2]:204125 [SgLow3]:204845 [SgLow4]:0 [NetMuon1]:56471 [NetMuon2]:56491 [NetMuon3]:56521 [NetMuon4]:56871
[Run]:24006 [Site]:4 [Bin]:2902 [FullTime]:3590.17 [SkipTime]:0 [Veto1]:52.5853 [Veto2]:51.4254 [Veto3]:58.3114 [Veto4]:34.1101 [SgUp1]:205305 [SgUp2]:204305 [SgUp3]:205663 [SgUp4]:0 [SgLow1]:204970 [SgLow2]:203953 [SgLow3]:205305 [SgLow4]:0 [NetMuon1]:56283 [NetMuon2]:56301 [NetMuon3]:56195 [NetMuon4]:56587
[Run]:24006 [Site]:4 [Bin]:2903 [FullTime]:3590.17 [SkipTime]:0 [Veto1]:58.2819 [Veto2]:62.9199 [Veto3]:58.2448 [Veto4]:34.0187 [SgUp1]:204062 [SgUp2]:203053 [SgUp3]:205877 [SgUp4]:0 [SgLow1]:203745 [SgLow2]:202757 [SgLow3]:205537 [SgLow4]:0 [NetMuon1]:56038 [NetMuon2]:55977 [NetMuon3]:56016 [NetMuon4]:56403
[Run]:24006 [Site]:4 [Bin]:2904 [FullTime]:3590.17 [SkipTime]:0 [Veto1]:51.6081 [Veto2]:56.5492 [Veto3]:66.4628 [Veto4]:34.3139 [SgUp1]:206015 [SgUp2]:204425 [SgUp3]:206086 [SgUp4]:0 [SgLow1]:205679 [SgLow2]:204091 [SgLow3]:205727 [SgLow4]:0 [NetMuon1]:56606 [NetMuon2]:56510 [NetMuon3]:56370 [NetMuon4]:56887
[Run]:24006 [Site]:4 [Bin]:2905 [FullTime]:3590.17 [SkipTime]:0 [Veto1]:56.8093 [Veto2]:57.7518 [Veto3]:48.9224 [Veto4]:34.532 [SgUp1]:203813 [SgUp2]:203630 [SgUp3]:205663 [SgUp4]:0 [SgLow1]:203488 [SgLow2]:203299 [SgLow3]:205308 [SgLow4]:0 [NetMuon1]:56921 [NetMuon2]:56900 [NetMuon3]:57045 [NetMuon4]:57265
[Run]:24006 [Site]:4 [Bin]:2906 [FullTime]:3590.17 [SkipTime]:0 [Veto1]:63.5517 [Veto2]:55.6489 [Veto3]:59.4341 [Veto4]:34.3796 [SgUp1]:204884 [SgUp2]:203687 [SgUp3]:206308 [SgUp4]:0 [SgLow1]:204585 [SgLow2]:203373 [SgLow3]:205937 [SgLow4]:0 [NetMuon1]:56527 [NetMuon2]:56680 [NetMuon3]:56605 [NetMuon4]:57015
[Run]:24006 [Site]:4 [Bin]:2907 [FullTime]:3590.17 [SkipTime]:0 [Veto1]:64.1942 [Veto2]:52.4332 [Veto3]:55.3774 [Veto4]:34.1201 [SgUp1]:203685 [SgUp2]:204435 [SgUp3]:205396 [SgUp4]:0 [SgLow1]:203380 [SgLow2]:204088 [SgLow3]:205064 [SgLow4]:0 [NetMuon1]:56091 [NetMuon2]:56270 [NetMuon3]:56263 [NetMuon4]:56573
[Run]:24006 [Site]:4 [Bin]:2908 [FullTime]:3590.17 [SkipTime]:0 [Veto1]:56.6033 [Veto2]:57.6285 [Veto3]:57.6425 [Veto4]:34.3927 [SgUp1]:204630 [SgUp2]:203608 [SgUp3]:206170 [SgUp4]:0 [SgLow1]:204296 [SgLow2]:203281 [SgLow3]:205813 [SgLow4]:0 [NetMuon1]:56672 [NetMuon2]:56648 [NetMuon3]:56645 [NetMuon4]:57026
[Run]:24006 [Site]:4 [Bin]:2909 [FullTime]:3590.17 [SkipTime]:0 [Veto1]:55.5877 [Veto2]:57.5224 [Veto3]:53.5987 [Veto4]:34.3144 [SgUp1]:203379 [SgUp2]:203256 [SgUp3]:205457 [SgUp4]:0 [SgLow1]:203024 [SgLow2]:202922 [SgLow3]:205080 [SgLow4]:0 [NetMuon1]:56561 [NetMuon2]:56517 [NetMuon3]:56574 [NetMuon4]:56900
[Run]:24006 [Site]:4 [Bin]:2910 [FullTime]:3590.17 [SkipTime]:0 [Veto1]:48.5827 [Veto2]:56.504 [Veto3]:52.4303 [Veto4]:34.2585 [SgUp1]:204643 [SgUp2]:204084 [SgUp3]:205452 [SgUp4]:0 [SgLow1]:204231 [SgLow2]:203720 [SgLow3]:205141 [SgLow4]:0 [NetMuon1]:56615 [NetMuon2]:56480 [NetMuon3]:56609 [NetMuon4]:56841
[Run]:24006 [Site]:4 [Bin]:2911 [FullTime]:3590.17 [SkipTime]:0 [Veto1]:48.5466 [Veto2]:55.4861 [Veto3]:50.525 [Veto4]:34.204 [SgUp1]:203818 [SgUp2]:203671 [SgUp3]:205962 [SgUp4]:0 [SgLow1]:203508 [SgLow2]:203329 [SgLow3]:205656 [SgLow4]:0 [NetMuon1]:56504 [NetMuon2]:56413 [NetMuon3]:56475 [NetMuon4]:56736
[Run]:24006 [Site]:4 [Bin]:2912 [FullTime]:3590.17 [SkipTime]:0 [Veto1]:58.5535 [Veto2]:53.8029 [Veto3]:60.5349 [Veto4]:34.3118 [SgUp1]:205165 [SgUp2]:204150 [SgUp3]:205593 [SgUp4]:0 [SgLow1]:204842 [SgLow2]:203834 [SgLow3]:205249 [SgLow4]:0 [NetMuon1]:56497 [NetMuon2]:56546 [NetMuon3]:56493 [NetMuon4]:56891
[Run]:24006 [Site]:4 [Bin]:2913 [FullTime]:3590.17 [SkipTime]:0 [Veto1]:55.5985 [Veto2]:55.6411 [Veto3]:54.6516 [Veto4]:34.3414 [SgUp1]:204120 [SgUp2]:204096 [SgUp3]:205881 [SgUp4]:0 [SgLow1]:203738 [SgLow2]:203748 [SgLow3]:205534 [SgLow4]:0 [NetMuon1]:56628 [NetMuon2]:56602 [NetMuon3]:56649 [NetMuon4]:56957
[Run]:24006 [Site]:4 [Bin]:2914 [FullTime]:3590.17 [SkipTime]:0 [Veto1]:54.6243 [Veto2]:51.6633 [Veto3]:56.6336 [Veto4]:34.3949 [SgUp1]:204263 [SgUp2]:204777 [SgUp3]:205538 [SgUp4]:0 [SgLow1]:203943 [SgLow2]:204467 [SgLow3]:205230 [SgLow4]:0 [NetMuon1]:56717 [NetMuon2]:56732 [NetMuon3]:56729 [NetMuon4]:57043
[Run]:24006 [Site]:4 [Bin]:2915 [FullTime]:3590.17 [SkipTime]:0 [Veto1]:47.4867 [Veto2]:59.4368 [Veto3]:69.3126 [Veto4]:34.2094 [SgUp1]:206096 [SgUp2]:203674 [SgUp3]:204689 [SgUp4]:0 [SgLow1]:205783 [SgLow2]:203364 [SgLow3]:204407 [SgLow4]:0 [NetMuon1]:56522 [NetMuon2]:56327 [NetMuon3]:56188 [NetMuon4]:56743
[Run]:24006 [Site]:4 [Bin]:2916 [FullTime]:3590.17 [SkipTime]:0 [Veto1]:51.7556 [Veto2]:56.7285 [Veto3]:53.6836 [Veto4]:34.4688 [SgUp1]:205228 [SgUp2]:204406 [SgUp3]:204902 [SgUp4]:0 [SgLow1]:204898 [SgLow2]:204075 [SgLow3]:204562 [SgLow4]:0 [NetMuon1]:56860 [NetMuon2]:56811 [NetMuon3]:56833 [NetMuon4]:57160
[Run]:24006 [Site]:4 [Bin]:2917 [FullTime]:3590.17 [SkipTime]:0 [Veto1]:57.4285 [Veto2]:56.4214 [Veto3]:60.3657 [Veto4]:34.1649 [SgUp1]:203994 [SgUp2]:204448 [SgUp3]:205068 [SgUp4]:0 [SgLow1]:203639 [SgLow2]:204074 [SgLow3]:204705 [SgLow4]:0 [NetMuon1]:56319 [NetMuon2]:56338 [NetMuon3]:56280 [NetMuon4]:56673
[Run]:24006 [Site]:4 [Bin]:2918 [FullTime]:3590.17 [SkipTime]:0 [Veto1]:48.7026 [Veto2]:46.7737 [Veto3]:58.1153 [Veto4]:34.4207 [SgUp1]:205132 [SgUp2]:203467 [SgUp3]:204752 [SgUp4]:0 [SgLow1]:204819 [SgLow2]:203115 [SgLow3]:204397 [SgLow4]:0 [NetMuon1]:56844 [NetMuon2]:56898 [NetMuon3]:56702 [NetMuon4]:57077
[Run]:24006 [Site]:4 [Bin]:2919 [FullTime]:3590.17 [SkipTime]:0 [Veto1]:57.578 [Veto2]:47.1221 [Veto3]:59.5811 [Veto4]:34.34 [SgUp1]:203616 [SgUp2]:204770 [SgUp3]:205543 [SgUp4]:0 [SgLow1]:203294 [SgLow2]:204446 [SgLow3]:205198 [SgLow4]:0 [NetMuon1]:56582 [NetMuon2]:56753 [NetMuon3]:56580 [NetMuon4]:56959
[Run]:24006 [Site]:4 [Bin]:2920 [FullTime]:3590.17 [SkipTime]:0 [Veto1]:54.6732 [Veto2]:55.6989 [Veto3]:70.5669 [Veto4]:34.4423 [SgUp1]:204794 [SgUp2]:203567 [SgUp3]:204702 [SgUp4]:0 [SgLow1]:204461 [SgLow2]:203194 [SgLow3]:204369 [SgLow4]:0 [NetMuon1]:56750 [NetMuon2]:56760 [NetMuon3]:56525 [NetMuon4]:57098
[Run]:24006 [Site]:4 [Bin]:2921 [FullTime]:3590.17 [SkipTime]:0 [Veto1]:56.7382 [Veto2]:49.8561 [Veto3]:55.7894 [Veto4]:34.4977 [SgUp1]:204207 [SgUp2]:203644 [SgUp3]:205130 [SgUp4]:0 [SgLow1]:203916 [SgLow2]:203296 [SgLow3]:204793 [SgLow4]:0 [NetMuon1]:56838 [NetMuon2]:56981 [NetMuon3]:56886 [NetMuon4]:57197
[Run]:24006 [Site]:4 [Bin]:2922 [FullTime]:3590.17 [SkipTime]:0 [Veto1]:50.4792 [Veto2]:61.374 [Veto3]:52.4613 [Veto4]:34.1599 [SgUp1]:205950 [SgUp2]:202965 [SgUp3]:205554 [SgUp4]:0 [SgLow1]:205630 [SgLow2]:202617 [SgLow3]:205177 [SgLow4]:0 [NetMuon1]:56433 [NetMuon2]:56260 [NetMuon3]:56398 [NetMuon4]:56673
[Run]:24006 [Site]:4 [Bin]:2923 [FullTime]:3590.17 [SkipTime]:0 [Veto1]:52.7816 [Veto2]:60.7052 [Veto3]:53.7633 [Veto4]:34.4709 [SgUp1]:205199 [SgUp2]:202827 [SgUp3]:205958 [SgUp4]:0 [SgLow1]:204905 [SgLow2]:202478 [SgLow3]:205606 [SgLow4]:0 [NetMuon1]:56905 [NetMuon2]:56773 [NetMuon3]:56903 [NetMuon4]:57191
[Run]:24006 [Site]:4 [Bin]:2924 [FullTime]:3590.17 [SkipTime]:0 [Veto1]:60.0058 [Veto2]:52.0775 [Veto3]:61.9744 [Veto4]:33.7829 [SgUp1]:203957 [SgUp2]:203657 [SgUp3]:205772 [SgUp4]:0 [SgLow1]:203658 [SgLow2]:203384 [SgLow3]:205453 [SgLow4]:0 [NetMuon1]:55651 [NetMuon2]:55754 [NetMuon3]:55607 [NetMuon4]:56031
[Run]:24006 [Site]:4 [Bin]:2925 [FullTime]:3590.17 [SkipTime]:0 [Veto1]:58.6216 [Veto2]:56.6046 [Veto3]:57.6488 [Veto4]:34.3751 [SgUp1]:204587 [SgUp2]:203308 [SgUp3]:205577 [SgUp4]:0 [SgLow1]:204198 [SgLow2]:202963 [SgLow3]:205267 [SgLow4]:0 [NetMuon1]:56617 [NetMuon2]:56679 [NetMuon3]:56665 [NetMuon4]:57019
[Run]:24006 [Site]:4 [Bin]:2926 [FullTime]:3590.17 [SkipTime]:0 [Veto1]:51.5139 [Veto2]:50.5727 [Veto3]:57.4484 [Veto4]:34.1989 [SgUp1]:204719 [SgUp2]:205245 [SgUp3]:205125 [SgUp4]:0 [SgLow1]:204381 [SgLow2]:204910 [SgLow3]:204814 [SgLow4]:0 [NetMuon1]:56451 [NetMuon2]:56495 [NetMuon3]:56340 [NetMuon4]:56727
[Run]:24006 [Site]:4 [Bin]:2927 [FullTime]:3590.17 [SkipTime]:0 [Veto1]:57.4258 [Veto2]:57.0018 [Veto3]:60.3649 [Veto4]:34.1835 [SgUp1]:204199 [SgUp2]:204264 [SgUp3]:205367 [SgUp4]:0 [SgLow1]:203858 [SgLow2]:203943 [SgLow3]:205038 [SgLow4]:0 [NetMuon1]:56346 [NetMuon2]:56340 [NetMuon3]:56305 [NetMuon4]:56701
[Run]:24006 [Site]:4 [Bin]:2928 [FullTime]:3590.17 [SkipTime]:0 [Veto1]:52.5845 [Veto2]:60.4552 [Veto3]:54.556 [Veto4]:34.3036 [SgUp1]:204273 [SgUp2]:203792 [SgUp3]:205204 [SgUp4]:0 [SgLow1]:203916 [SgLow2]:203474 [SgLow3]:204894 [SgLow4]:0 [NetMuon1]:56553 [NetMuon2]:56470 [NetMuon3]:56570 [NetMuon4]:56899
[Run]:24006 [Site]:4 [Bin]:2929 [FullTime]:3590.17 [SkipTime]:0 [Veto1]:51.2909 [Veto2]:60.1845 [Veto3]:60.1649 [Veto4]:33.9961 [SgUp1]:205964 [SgUp2]:203095 [SgUp3]:204947 [SgUp4]:0 [SgLow1]:205603 [SgLow2]:202749 [SgLow3]:204602 [SgLow4]:0 [NetMuon1]:56095 [NetMuon2]:55976 [NetMuon3]:55955 [NetMuon4]:56381
[Run]:24006 [Site]:4 [Bin]:2930 [FullTime]:3590.17 [SkipTime]:0 [Veto1]:45.5189 [Veto2]:61.4036 [Veto3]:57.3816 [Veto4]:34.1403 [SgUp1]:204728 [SgUp2]:203320 [SgUp3]:205254 [SgUp4]:0 [SgLow1]:204402 [SgLow2]:203023 [SgLow3]:204879 [SgLow4]:0 [NetMuon1]:56446 [NetMuon2]:56211 [NetMuon3]:56244 [NetMuon4]:56612
[Run]:24006 [Site]:4 [Bin]:2931 [FullTime]:3590.17 [SkipTime]:0 [Veto1]:53.2995 [Veto2]:63.0712 [Veto3]:56.2417 [Veto4]:34.0267 [SgUp1]:205384 [SgUp2]:203522 [SgUp3]:204995 [SgUp4]:0 [SgLow1]:205023 [SgLow2]:203192 [SgLow3]:204600 [SgLow4]:0 [NetMuon1]:56140 [NetMuon2]:56002 [NetMuon3]:56117 [NetMuon4]:56444
[Run]:24006 [Site]:4 [Bin]:2932 [FullTime]:3590.17 [SkipTime]:0 [Veto1]:53.257 [Veto2]:56.2686 [Veto3]:52.3751 [Veto4]:34.0408 [SgUp1]:205053 [SgUp2]:203873 [SgUp3]:205053 [SgUp4]:0 [SgLow1]:204717 [SgLow2]:203571 [SgLow3]:204724 [SgLow4]:0 [NetMuon1]:56104 [NetMuon2]:56069 [NetMuon3]:56181 [NetMuon4]:56435
[Run]:24006 [Site]:4 [Bin]:2933 [FullTime]:3590.17 [SkipTime]:0 [Veto1]:54.2599 [Veto2]:54.9498 [Veto3]:55.271 [Veto4]:34.0347 [SgUp1]:203479 [SgUp2]:203677 [SgUp3]:204871 [SgUp4]:0 [SgLow1]:203147 [SgLow2]:203403 [SgLow3]:204542 [SgLow4]:0 [NetMuon1]:56145 [NetMuon2]:56132 [NetMuon3]:56098 [NetMuon4]:56451
[Run]:24006 [Site]:4 [Bin]:2934 [FullTime]:3590.17 [SkipTime]:0 [Veto1]:57.4034 [Veto2]:52.5268 [Veto3]:61.3909 [Veto4]:34.2011 [SgUp1]:203125 [SgUp2]:203896 [SgUp3]:205336 [SgUp4]:0 [SgLow1]:202717 [SgLow2]:203548 [SgLow3]:204984 [SgLow4]:0 [NetMuon1]:56388 [NetMuon2]:56464 [NetMuon3]:56308 [NetMuon4]:56745
[Run]:24006 [Site]:4 [Bin]:2935 [FullTime]:3590.17 [SkipTime]:0 [Veto1]:58.162 [Veto2]:52.2307 [Veto3]:54.2453 [Veto4]:33.9567 [SgUp1]:204666 [SgUp2]:203341 [SgUp3]:205372 [SgUp4]:0 [SgLow1]:204293 [SgLow2]:203033 [SgLow3]:205062 [SgLow4]:0 [NetMuon1]:55923 [NetMuon2]:56045 [NetMuon3]:56024 [NetMuon4]:56325
[Run]:24006 [Site]:4 [Bin]:2936 [FullTime]:3590.17 [SkipTime]:0 [Veto1]:54.3586 [Veto2]:54.3456 [Veto3]:56.3442 [Veto4]:34.0793 [SgUp1]:204170 [SgUp2]:203504 [SgUp3]:204532 [SgUp4]:0 [SgLow1]:203864 [SgLow2]:203157 [SgLow3]:204201 [SgLow4]:0 [NetMuon1]:56183 [NetMuon2]:56191 [NetMuon3]:56141 [NetMuon4]:56509
[Run]:24006 [Site]:4 [Bin]:2937 [FullTime]:3590.17 [SkipTime]:0 [Veto1]:57.6247 [Veto2]:54.6442 [Veto3]:54.6178 [Veto4]:34.4012 [SgUp1]:203998 [SgUp2]:202804 [SgUp3]:204621 [SgUp4]:0 [SgLow1]:203654 [SgLow2]:202394 [SgLow3]:204315 [SgLow4]:0 [NetMuon1]:56708 [NetMuon2]:56736 [NetMuon3]:56725 [NetMuon4]:57075
[Run]:24006 [Site]:4 [Bin]:2938 [FullTime]:3590.17 [SkipTime]:0 [Veto1]:56.6141 [Veto2]:55.583 [Veto3]:63.4972 [Veto4]:34.3304 [SgUp1]:204135 [SgUp2]:203670 [SgUp3]:204182 [SgUp4]:0 [SgLow1]:203819 [SgLow2]:203322 [SgLow3]:203867 [SgLow4]:0 [NetMuon1]:56559 [NetMuon2]:56592 [NetMuon3]:56456 [NetMuon4]:56909
End process Run: 24006 ... 
[Run]:24006 [Site]:4 [Bin]:2939 [FullTime]:2289.6 [SkipTime]:0 [Veto1]:42.5134 [Veto2]:33.537 [Veto3]:31.001 [Veto4]:21.7404
