StreamChain add 0x89367e0
Start to process run: 24847 ... 
[Run]:24847 [Site]:4 [Bin]:3542 [FullTime]:2114.7 [SkipTime]:0 [Veto1]:39.3273 [Veto2]:28.3039 [Veto3]:35.205 [Veto4]:20.4782 [SgUp1]:120281 [SgUp2]:118574 [SgUp3]:120096 [SgUp4]:0 [SgLow1]:120101 [SgLow2]:118354 [SgLow3]:119865 [SgLow4]:0 [NetMuon1]:33646 [NetMuon2]:33858 [NetMuon3]:33716 [NetMuon4]:33969
[Run]:24847 [Site]:4 [Bin]:3543 [FullTime]:3590.17 [SkipTime]:0 [Veto1]:55.5129 [Veto2]:47.6493 [Veto3]:62.4926 [Veto4]:34.2973 [SgUp1]:204538 [SgUp2]:202364 [SgUp3]:202491 [SgUp4]:0 [SgLow1]:204174 [SgLow2]:202027 [SgLow3]:202124 [SgLow4]:0 [NetMuon1]:56520 [NetMuon2]:56661 [NetMuon3]:56451 [NetMuon4]:56884
[Run]:24847 [Site]:4 [Bin]:3544 [FullTime]:3590.17 [SkipTime]:0 [Veto1]:58.7688 [Veto2]:56.7905 [Veto3]:57.7244 [Veto4]:34.5493 [SgUp1]:203460 [SgUp2]:202491 [SgUp3]:203359 [SgUp4]:0 [SgLow1]:203130 [SgLow2]:202176 [SgLow3]:203062 [SgLow4]:0 [NetMuon1]:56884 [NetMuon2]:56918 [NetMuon3]:56909 [NetMuon4]:57300
[Run]:24847 [Site]:4 [Bin]:3545 [FullTime]:3590.17 [SkipTime]:0 [Veto1]:58.7035 [Veto2]:57.7588 [Veto3]:52.1568 [Veto4]:34.4897 [SgUp1]:203407 [SgUp2]:202141 [SgUp3]:204427 [SgUp4]:0 [SgLow1]:203048 [SgLow2]:201761 [SgLow3]:204128 [SgLow4]:0 [NetMuon1]:56850 [NetMuon2]:56845 [NetMuon3]:56931 [NetMuon4]:57215
[Run]:24847 [Site]:4 [Bin]:3546 [FullTime]:3590.17 [SkipTime]:0 [Veto1]:52.8548 [Veto2]:50.9402 [Veto3]:58.8023 [Veto4]:34.6014 [SgUp1]:204195 [SgUp2]:202223 [SgUp3]:203877 [SgUp4]:0 [SgLow1]:203864 [SgLow2]:201883 [SgLow3]:203591 [SgLow4]:0 [NetMuon1]:57069 [NetMuon2]:57103 [NetMuon3]:56984 [NetMuon4]:57374
[Run]:24847 [Site]:4 [Bin]:3547 [FullTime]:3590.17 [SkipTime]:0 [Veto1]:47.7721 [Veto2]:59.6691 [Veto3]:52.7505 [Veto4]:34.4727 [SgUp1]:203886 [SgUp2]:202245 [SgUp3]:203802 [SgUp4]:0 [SgLow1]:203542 [SgLow2]:201887 [SgLow3]:203421 [SgLow4]:0 [NetMuon1]:56982 [NetMuon2]:56759 [NetMuon3]:56889 [NetMuon4]:57185
[Run]:24847 [Site]:4 [Bin]:3548 [FullTime]:3590.17 [SkipTime]:0 [Veto1]:59.7775 [Veto2]:52.7896 [Veto3]:61.7071 [Veto4]:34.5129 [SgUp1]:203904 [SgUp2]:201605 [SgUp3]:203946 [SgUp4]:0 [SgLow1]:203529 [SgLow2]:201259 [SgLow3]:203630 [SgLow4]:0 [NetMuon1]:56871 [NetMuon2]:56978 [NetMuon3]:56828 [NetMuon4]:57263
[Run]:24847 [Site]:4 [Bin]:3549 [FullTime]:3590.17 [SkipTime]:0 [Veto1]:59.6444 [Veto2]:47.731 [Veto3]:55.6592 [Veto4]:34.4096 [SgUp1]:203605 [SgUp2]:202994 [SgUp3]:203344 [SgUp4]:0 [SgLow1]:203267 [SgLow2]:202667 [SgLow3]:203034 [SgLow4]:0 [NetMuon1]:56656 [NetMuon2]:56861 [NetMuon3]:56723 [NetMuon4]:57074
[Run]:24847 [Site]:4 [Bin]:3550 [FullTime]:3590.17 [SkipTime]:0 [Veto1]:53.8474 [Veto2]:52.8718 [Veto3]:59.7997 [Veto4]:34.56 [SgUp1]:203007 [SgUp2]:201422 [SgUp3]:204018 [SgUp4]:0 [SgLow1]:202674 [SgLow2]:201068 [SgLow3]:203643 [SgLow4]:0 [NetMuon1]:57010 [NetMuon2]:57025 [NetMuon3]:56943 [NetMuon4]:57325
[Run]:24847 [Site]:4 [Bin]:3551 [FullTime]:3590.17 [SkipTime]:0 [Veto1]:56.7796 [Veto2]:53.8021 [Veto3]:67.6716 [Veto4]:34.5426 [SgUp1]:201227 [SgUp2]:201640 [SgUp3]:203195 [SgUp4]:0 [SgLow1]:200902 [SgLow2]:201309 [SgLow3]:202810 [SgLow4]:0 [NetMuon1]:56918 [NetMuon2]:56983 [NetMuon3]:56738 [NetMuon4]:57292
[Run]:24847 [Site]:4 [Bin]:3552 [FullTime]:3590.17 [SkipTime]:0 [Veto1]:55.2585 [Veto2]:64.9827 [Veto3]:61.0595 [Veto4]:34.8109 [SgUp1]:203621 [SgUp2]:200854 [SgUp3]:203537 [SgUp4]:0 [SgLow1]:203253 [SgLow2]:200549 [SgLow3]:203224 [SgLow4]:0 [NetMuon1]:57370 [NetMuon2]:57236 [NetMuon3]:57323 [NetMuon4]:57721
[Run]:24847 [Site]:4 [Bin]:3553 [FullTime]:3590.17 [SkipTime]:0 [Veto1]:49.2592 [Veto2]:49.3067 [Veto3]:53.1896 [Veto4]:33.9727 [SgUp1]:204686 [SgUp2]:202414 [SgUp3]:203763 [SgUp4]:0 [SgLow1]:204376 [SgLow2]:202117 [SgLow3]:203412 [SgLow4]:0 [NetMuon1]:56113 [NetMuon2]:56120 [NetMuon3]:56019 [NetMuon4]:56349
[Run]:24847 [Site]:4 [Bin]:3554 [FullTime]:3590.17 [SkipTime]:0 [Veto1]:54.5822 [Veto2]:56.6416 [Veto3]:53.5831 [Veto4]:34.3357 [SgUp1]:203444 [SgUp2]:202144 [SgUp3]:203359 [SgUp4]:0 [SgLow1]:203114 [SgLow2]:201843 [SgLow3]:203045 [SgLow4]:0 [NetMuon1]:56635 [NetMuon2]:56611 [NetMuon3]:56622 [NetMuon4]:56959
[Run]:24847 [Site]:4 [Bin]:3555 [FullTime]:3590.17 [SkipTime]:0 [Veto1]:53.3947 [Veto2]:53.3808 [Veto3]:47.4409 [Veto4]:34.1286 [SgUp1]:203062 [SgUp2]:201955 [SgUp3]:204349 [SgUp4]:0 [SgLow1]:202762 [SgLow2]:201640 [SgLow3]:203972 [SgLow4]:0 [NetMuon1]:56319 [NetMuon2]:56243 [NetMuon3]:56391 [NetMuon4]:56601
[Run]:24847 [Site]:4 [Bin]:3556 [FullTime]:3590.17 [SkipTime]:0 [Veto1]:53.1804 [Veto2]:60.1609 [Veto3]:60.1759 [Veto4]:33.9554 [SgUp1]:203964 [SgUp2]:201614 [SgUp3]:203205 [SgUp4]:0 [SgLow1]:203649 [SgLow2]:201309 [SgLow3]:202912 [SgLow4]:0 [NetMuon1]:56013 [NetMuon2]:55949 [NetMuon3]:55946 [NetMuon4]:56331
[Run]:24847 [Site]:4 [Bin]:3557 [FullTime]:3590.17 [SkipTime]:0 [Veto1]:56.3339 [Veto2]:55.3874 [Veto3]:49.4439 [Veto4]:34.1051 [SgUp1]:203947 [SgUp2]:202024 [SgUp3]:204509 [SgUp4]:0 [SgLow1]:203645 [SgLow2]:201718 [SgLow3]:204107 [SgLow4]:0 [NetMuon1]:56220 [NetMuon2]:56223 [NetMuon3]:56350 [NetMuon4]:56571
[Run]:24847 [Site]:4 [Bin]:3558 [FullTime]:3590.17 [SkipTime]:0 [Veto1]:56.3712 [Veto2]:50.4426 [Veto3]:65.2167 [Veto4]:34.1029 [SgUp1]:203435 [SgUp2]:202192 [SgUp3]:202889 [SgUp4]:0 [SgLow1]:203088 [SgLow2]:201842 [SgLow3]:202544 [SgLow4]:0 [NetMuon1]:56200 [NetMuon2]:56288 [NetMuon3]:56024 [NetMuon4]:56549
[Run]:24847 [Site]:4 [Bin]:3559 [FullTime]:3590.17 [SkipTime]:0 [Veto1]:51.3924 [Veto2]:57.4954 [Veto3]:66.2771 [Veto4]:34.1181 [SgUp1]:204466 [SgUp2]:201533 [SgUp3]:203070 [SgUp4]:0 [SgLow1]:204139 [SgLow2]:201206 [SgLow3]:202778 [SgLow4]:0 [NetMuon1]:56294 [NetMuon2]:56203 [NetMuon3]:56103 [NetMuon4]:56586
[Run]:24847 [Site]:4 [Bin]:3560 [FullTime]:3590.17 [SkipTime]:0 [Veto1]:49.4025 [Veto2]:63.2743 [Veto3]:65.2477 [Veto4]:34.0797 [SgUp1]:203058 [SgUp2]:201184 [SgUp3]:203241 [SgUp4]:0 [SgLow1]:202743 [SgLow2]:200851 [SgLow3]:202902 [SgLow4]:0 [NetMuon1]:56228 [NetMuon2]:56049 [NetMuon3]:55996 [NetMuon4]:56503
[Run]:24847 [Site]:4 [Bin]:3561 [FullTime]:3590.17 [SkipTime]:0 [Veto1]:52.5758 [Veto2]:59.4748 [Veto3]:55.4873 [Veto4]:34.2544 [SgUp1]:205729 [SgUp2]:201060 [SgUp3]:203412 [SgUp4]:0 [SgLow1]:205432 [SgLow2]:200753 [SgLow3]:203078 [SgLow4]:0 [NetMuon1]:56506 [NetMuon2]:56388 [NetMuon3]:56442 [NetMuon4]:56782
[Run]:24847 [Site]:4 [Bin]:3562 [FullTime]:3590.17 [SkipTime]:0 [Veto1]:61.3091 [Veto2]:53.431 [Veto3]:49.2267 [Veto4]:34.1069 [SgUp1]:204878 [SgUp2]:201932 [SgUp3]:203839 [SgUp4]:0 [SgLow1]:204531 [SgLow2]:201637 [SgLow3]:203497 [SgLow4]:0 [NetMuon1]:56165 [NetMuon2]:56229 [NetMuon3]:56319 [NetMuon4]:56552
[Run]:24847 [Site]:4 [Bin]:3563 [FullTime]:3590.17 [SkipTime]:0 [Veto1]:63.3449 [Veto2]:62.297 [Veto3]:50.4255 [Veto4]:34.1587 [SgUp1]:203868 [SgUp2]:200512 [SgUp3]:202558 [SgUp4]:0 [SgLow1]:203548 [SgLow2]:200178 [SgLow3]:202218 [SgLow4]:0 [NetMuon1]:56236 [NetMuon2]:56222 [NetMuon3]:56406 [NetMuon4]:56678
End process Run: 24847 ... 
[Run]:24847 [Site]:4 [Bin]:3564 [FullTime]:2440.97 [SkipTime]:0 [Veto1]:37.3342 [Veto2]:35.3806 [Veto3]:40.3116 [Veto4]:23.4877
