StreamChain add 0x1f0617e0
Start to process run: 24337 ... 
[Run]:24337 [Site]:4 [Bin]:2969 [FullTime]:77.3309 [SkipTime]:0 [Veto1]:0.750421 [Veto2]:1.74266 [Veto3]:0.749782 [Veto4]:0.725638 [SgUp1]:4463 [SgUp2]:4443 [SgUp3]:4389 [SgUp4]:0 [SgLow1]:4455 [SgLow2]:4427 [SgLow3]:4382 [SgLow4]:0 [NetMuon1]:1201 [NetMuon2]:1180 [NetMuon3]:1202 [NetMuon4]:1203
[Run]:24337 [Site]:4 [Bin]:2970 [FullTime]:3590.17 [SkipTime]:0 [Veto1]:59.2397 [Veto2]:51.2899 [Veto3]:55.265 [Veto4]:34.0014 [SgUp1]:203802 [SgUp2]:203395 [SgUp3]:205499 [SgUp4]:0 [SgLow1]:203507 [SgLow2]:203096 [SgLow3]:205137 [SgLow4]:0 [NetMuon1]:56030 [NetMuon2]:56140 [NetMuon3]:56066 [NetMuon4]:56418
[Run]:24337 [Site]:4 [Bin]:2971 [FullTime]:3590.17 [SkipTime]:0 [Veto1]:58.4453 [Veto2]:53.9778 [Veto3]:58.4165 [Veto4]:34.2025 [SgUp1]:203876 [SgUp2]:203859 [SgUp3]:205263 [SgUp4]:0 [SgLow1]:203488 [SgLow2]:203532 [SgLow3]:204951 [SgLow4]:0 [NetMuon1]:56351 [NetMuon2]:56425 [NetMuon3]:56338 [NetMuon4]:56720
[Run]:24337 [Site]:4 [Bin]:2972 [FullTime]:3590.17 [SkipTime]:0 [Veto1]:57.2631 [Veto2]:60.2558 [Veto3]:59.2502 [Veto4]:34.0538 [SgUp1]:203897 [SgUp2]:203332 [SgUp3]:204346 [SgUp4]:0 [SgLow1]:203580 [SgLow2]:203004 [SgLow3]:204005 [SgLow4]:0 [NetMuon1]:56123 [NetMuon2]:56110 [NetMuon3]:56093 [NetMuon4]:56498
[Run]:24337 [Site]:4 [Bin]:2973 [FullTime]:3590.17 [SkipTime]:0 [Veto1]:58.2776 [Veto2]:57.3392 [Veto3]:52.3447 [Veto4]:34.0708 [SgUp1]:203102 [SgUp2]:203436 [SgUp3]:205017 [SgUp4]:0 [SgLow1]:202762 [SgLow2]:203087 [SgLow3]:204709 [SgLow4]:0 [NetMuon1]:56166 [NetMuon2]:56152 [NetMuon3]:56255 [NetMuon4]:56515
[Run]:24337 [Site]:4 [Bin]:2974 [FullTime]:3590.17 [SkipTime]:0 [Veto1]:55.2874 [Veto2]:53.3128 [Veto3]:57.2049 [Veto4]:33.9992 [SgUp1]:203539 [SgUp2]:203857 [SgUp3]:205726 [SgUp4]:0 [SgLow1]:203237 [SgLow2]:203522 [SgLow3]:205385 [SgLow4]:0 [NetMuon1]:56031 [NetMuon2]:56087 [NetMuon3]:56012 [NetMuon4]:56379
[Run]:24337 [Site]:4 [Bin]:2975 [FullTime]:3590.17 [SkipTime]:0 [Veto1]:62.2042 [Veto2]:46.3617 [Veto3]:56.2118 [Veto4]:34.0033 [SgUp1]:203310 [SgUp2]:204352 [SgUp3]:204253 [SgUp4]:0 [SgLow1]:202975 [SgLow2]:204038 [SgLow3]:203898 [SgLow4]:0 [NetMuon1]:55999 [NetMuon2]:56236 [NetMuon3]:56050 [NetMuon4]:56405
[Run]:24337 [Site]:4 [Bin]:2976 [FullTime]:3590.17 [SkipTime]:0 [Veto1]:52.7656 [Veto2]:56.7426 [Veto3]:63.665 [Veto4]:34.4849 [SgUp1]:204078 [SgUp2]:203927 [SgUp3]:204149 [SgUp4]:0 [SgLow1]:203736 [SgLow2]:203610 [SgLow3]:203851 [SgLow4]:0 [NetMuon1]:56900 [NetMuon2]:56847 [NetMuon3]:56773 [NetMuon4]:57198
[Run]:24337 [Site]:4 [Bin]:2977 [FullTime]:3590.17 [SkipTime]:0 [Veto1]:52.7964 [Veto2]:59.7638 [Veto3]:55.7537 [Veto4]:34.5289 [SgUp1]:203207 [SgUp2]:203308 [SgUp3]:205160 [SgUp4]:0 [SgLow1]:202878 [SgLow2]:202956 [SgLow3]:204844 [SgLow4]:0 [NetMuon1]:56994 [NetMuon2]:56897 [NetMuon3]:56887 [NetMuon4]:57263
[Run]:24337 [Site]:4 [Bin]:2978 [FullTime]:3590.17 [SkipTime]:0 [Veto1]:52.7877 [Veto2]:63.6798 [Veto3]:59.6944 [Veto4]:34.505 [SgUp1]:202786 [SgUp2]:203236 [SgUp3]:204660 [SgUp4]:0 [SgLow1]:202469 [SgLow2]:202929 [SgLow3]:204309 [SgLow4]:0 [NetMuon1]:56944 [NetMuon2]:56760 [NetMuon3]:56782 [NetMuon4]:57221
[Run]:24337 [Site]:4 [Bin]:2979 [FullTime]:3590.17 [SkipTime]:0 [Veto1]:55.7547 [Veto2]:53.7889 [Veto3]:60.6834 [Veto4]:34.4978 [SgUp1]:202430 [SgUp2]:203875 [SgUp3]:205768 [SgUp4]:0 [SgLow1]:202121 [SgLow2]:203546 [SgLow3]:205443 [SgLow4]:0 [NetMuon1]:56844 [NetMuon2]:56897 [NetMuon3]:56758 [NetMuon4]:57179
[Run]:24337 [Site]:4 [Bin]:2980 [FullTime]:3590.17 [SkipTime]:0 [Veto1]:61.3214 [Veto2]:50.4174 [Veto3]:52.3663 [Veto4]:34.1175 [SgUp1]:204076 [SgUp2]:204522 [SgUp3]:205107 [SgUp4]:0 [SgLow1]:203729 [SgLow2]:204209 [SgLow3]:204766 [SgLow4]:0 [NetMuon1]:56137 [NetMuon2]:56353 [NetMuon3]:56288 [NetMuon4]:56602
[Run]:24337 [Site]:4 [Bin]:2981 [FullTime]:3590.17 [SkipTime]:0 [Veto1]:53.5565 [Veto2]:55.2876 [Veto3]:56.5022 [Veto4]:34.2799 [SgUp1]:203188 [SgUp2]:202586 [SgUp3]:205378 [SgUp4]:0 [SgLow1]:202884 [SgLow2]:202251 [SgLow3]:204993 [SgLow4]:0 [NetMuon1]:56546 [NetMuon2]:56517 [NetMuon3]:56512 [NetMuon4]:56875
[Run]:24337 [Site]:4 [Bin]:2982 [FullTime]:3590.17 [SkipTime]:0 [Veto1]:58.4377 [Veto2]:58.0629 [Veto3]:54.4767 [Veto4]:34.2497 [SgUp1]:203470 [SgUp2]:203716 [SgUp3]:204902 [SgUp4]:0 [SgLow1]:203137 [SgLow2]:203390 [SgLow3]:204558 [SgLow4]:0 [NetMuon1]:56433 [NetMuon2]:56422 [NetMuon3]:56522 [NetMuon4]:56820
[Run]:24337 [Site]:4 [Bin]:2983 [FullTime]:3590.17 [SkipTime]:0 [Veto1]:55.2971 [Veto2]:65.1046 [Veto3]:57.1978 [Veto4]:34.032 [SgUp1]:203202 [SgUp2]:202959 [SgUp3]:204501 [SgUp4]:0 [SgLow1]:202837 [SgLow2]:202625 [SgLow3]:204213 [SgLow4]:0 [NetMuon1]:56111 [NetMuon2]:55926 [NetMuon3]:56101 [NetMuon4]:56448
[Run]:24337 [Site]:4 [Bin]:2984 [FullTime]:3590.17 [SkipTime]:0 [Veto1]:44.2364 [Veto2]:57.1228 [Veto3]:58.0932 [Veto4]:33.8897 [SgUp1]:203436 [SgUp2]:202875 [SgUp3]:204094 [SgUp4]:0 [SgLow1]:203100 [SgLow2]:202551 [SgLow3]:203765 [SgLow4]:0 [NetMuon1]:56075 [NetMuon2]:55903 [NetMuon3]:55867 [NetMuon4]:56237
[Run]:24337 [Site]:4 [Bin]:2985 [FullTime]:3590.17 [SkipTime]:0 [Veto1]:51.4941 [Veto2]:52.4952 [Veto3]:49.5385 [Veto4]:34.2138 [SgUp1]:203984 [SgUp2]:203335 [SgUp3]:205313 [SgUp4]:0 [SgLow1]:203656 [SgLow2]:202992 [SgLow3]:204999 [SgLow4]:0 [NetMuon1]:56432 [NetMuon2]:56427 [NetMuon3]:56497 [NetMuon4]:56730
End process Run: 24337 ... 
[Run]:24337 [Site]:4 [Bin]:2986 [FullTime]:1569.17 [SkipTime]:0 [Veto1]:25.5708 [Veto2]:26.5952 [Veto3]:23.5975 [Veto4]:15.0471
