StreamChain add 0x1fe317e0
Start to process run: 24340 ... 
[Run]:24340 [Site]:4 [Bin]:2994 [FullTime]:2399.95 [SkipTime]:0 [Veto1]:31.788 [Veto2]:36.7439 [Veto3]:40.6697 [Veto4]:22.874 [SgUp1]:135200 [SgUp2]:136006 [SgUp3]:137082 [SgUp4]:0 [SgLow1]:135009 [SgLow2]:135763 [SgLow3]:136852 [SgLow4]:0 [NetMuon1]:37820 [NetMuon2]:37717 [NetMuon3]:37650 [NetMuon4]:37935
[Run]:24340 [Site]:4 [Bin]:2995 [FullTime]:3590.18 [SkipTime]:0 [Veto1]:51.4382 [Veto2]:58.3845 [Veto3]:56.3737 [Veto4]:34.1397 [SgUp1]:203986 [SgUp2]:203873 [SgUp3]:205886 [SgUp4]:0 [SgLow1]:203603 [SgLow2]:203535 [SgLow3]:205493 [SgLow4]:0 [NetMuon1]:56367 [NetMuon2]:56242 [NetMuon3]:56296 [NetMuon4]:56636
[Run]:24340 [Site]:4 [Bin]:2996 [FullTime]:3590.17 [SkipTime]:0 [Veto1]:51.6047 [Veto2]:52.5789 [Veto3]:60.512 [Veto4]:34.2825 [SgUp1]:203913 [SgUp2]:203088 [SgUp3]:206041 [SgUp4]:0 [SgLow1]:203578 [SgLow2]:202753 [SgLow3]:205759 [SgLow4]:0 [NetMuon1]:56582 [NetMuon2]:56547 [NetMuon3]:56431 [NetMuon4]:56852
[Run]:24340 [Site]:4 [Bin]:2997 [FullTime]:3590.17 [SkipTime]:0 [Veto1]:47.5015 [Veto2]:49.4515 [Veto3]:51.4812 [Veto4]:34.1593 [SgUp1]:203961 [SgUp2]:203937 [SgUp3]:205741 [SgUp4]:0 [SgLow1]:203618 [SgLow2]:203624 [SgLow3]:205357 [SgLow4]:0 [NetMuon1]:56455 [NetMuon2]:56374 [NetMuon3]:56390 [NetMuon4]:56661
[Run]:24340 [Site]:4 [Bin]:2998 [FullTime]:3590.17 [SkipTime]:0 [Veto1]:46.4277 [Veto2]:61.2661 [Veto3]:56.2982 [Veto4]:34.076 [SgUp1]:203622 [SgUp2]:203826 [SgUp3]:204913 [SgUp4]:0 [SgLow1]:203247 [SgLow2]:203497 [SgLow3]:204585 [SgLow4]:0 [NetMuon1]:56328 [NetMuon2]:56072 [NetMuon3]:56155 [NetMuon4]:56508
[Run]:24340 [Site]:4 [Bin]:2999 [FullTime]:3590.17 [SkipTime]:0 [Veto1]:51.3402 [Veto2]:55.2861 [Veto3]:57.2417 [Veto4]:34.0401 [SgUp1]:203738 [SgUp2]:203505 [SgUp3]:205225 [SgUp4]:0 [SgLow1]:203387 [SgLow2]:203209 [SgLow3]:204900 [SgLow4]:0 [NetMuon1]:56170 [NetMuon2]:56098 [NetMuon3]:56077 [NetMuon4]:56459
[Run]:24340 [Site]:4 [Bin]:3000 [FullTime]:3590.17 [SkipTime]:0 [Veto1]:52.7798 [Veto2]:61.7575 [Veto3]:51.7678 [Veto4]:34.5111 [SgUp1]:203481 [SgUp2]:204035 [SgUp3]:204798 [SgUp4]:0 [SgLow1]:203187 [SgLow2]:203742 [SgLow3]:204482 [SgLow4]:0 [NetMuon1]:56911 [NetMuon2]:56805 [NetMuon3]:56896 [NetMuon4]:57222
[Run]:24340 [Site]:4 [Bin]:3001 [FullTime]:3590.17 [SkipTime]:0 [Veto1]:56.9772 [Veto2]:61.5192 [Veto3]:56.5743 [Veto4]:34.304 [SgUp1]:203068 [SgUp2]:202601 [SgUp3]:204714 [SgUp4]:0 [SgLow1]:202742 [SgLow2]:202278 [SgLow3]:204398 [SgLow4]:0 [NetMuon1]:56551 [NetMuon2]:56503 [NetMuon3]:56520 [NetMuon4]:56883
[Run]:24340 [Site]:4 [Bin]:3002 [FullTime]:3590.17 [SkipTime]:0 [Veto1]:63.4692 [Veto2]:63.4896 [Veto3]:51.6499 [Veto4]:34.3277 [SgUp1]:203122 [SgUp2]:203129 [SgUp3]:205556 [SgUp4]:0 [SgLow1]:202824 [SgLow2]:202786 [SgLow3]:205265 [SgLow4]:0 [NetMuon1]:56471 [NetMuon2]:56442 [NetMuon3]:56672 [NetMuon4]:56940
[Run]:24340 [Site]:4 [Bin]:3003 [FullTime]:3590.17 [SkipTime]:0 [Veto1]:56.4051 [Veto2]:52.4856 [Veto3]:59.407 [Veto4]:34.1895 [SgUp1]:202879 [SgUp2]:203822 [SgUp3]:205047 [SgUp4]:0 [SgLow1]:202590 [SgLow2]:203531 [SgLow3]:204700 [SgLow4]:0 [NetMuon1]:56349 [NetMuon2]:56393 [NetMuon3]:56328 [NetMuon4]:56703
[Run]:24340 [Site]:4 [Bin]:3004 [FullTime]:3590.17 [SkipTime]:0 [Veto1]:55.4175 [Veto2]:47.4828 [Veto3]:56.4569 [Veto4]:34.1882 [SgUp1]:203623 [SgUp2]:204002 [SgUp3]:205151 [SgUp4]:0 [SgLow1]:203315 [SgLow2]:203683 [SgLow3]:204805 [SgLow4]:0 [NetMuon1]:56343 [NetMuon2]:56488 [NetMuon3]:56350 [NetMuon4]:56695
[Run]:24340 [Site]:4 [Bin]:3005 [FullTime]:3590.17 [SkipTime]:0 [Veto1]:55.7252 [Veto2]:53.9818 [Veto3]:50.4142 [Veto4]:34.1022 [SgUp1]:204550 [SgUp2]:204197 [SgUp3]:206017 [SgUp4]:0 [SgLow1]:204163 [SgLow2]:203899 [SgLow3]:205682 [SgLow4]:0 [NetMuon1]:56252 [NetMuon2]:56242 [NetMuon3]:56305 [NetMuon4]:56565
[Run]:24340 [Site]:4 [Bin]:3006 [FullTime]:3590.17 [SkipTime]:0 [Veto1]:56.326 [Veto2]:61.2946 [Veto3]:55.3641 [Veto4]:34.113 [SgUp1]:203460 [SgUp2]:202643 [SgUp3]:204658 [SgUp4]:0 [SgLow1]:203108 [SgLow2]:202353 [SgLow3]:204345 [SgLow4]:0 [NetMuon1]:56240 [NetMuon2]:56126 [NetMuon3]:56275 [NetMuon4]:56596
[Run]:24340 [Site]:4 [Bin]:3007 [FullTime]:3590.17 [SkipTime]:0 [Veto1]:48.8118 [Veto2]:54.6926 [Veto3]:50.7416 [Veto4]:34.4317 [SgUp1]:204332 [SgUp2]:203129 [SgUp3]:206279 [SgUp4]:0 [SgLow1]:204001 [SgLow2]:202774 [SgLow3]:205951 [SgLow4]:0 [NetMuon1]:56884 [NetMuon2]:56760 [NetMuon3]:56844 [NetMuon4]:57103
[Run]:24340 [Site]:4 [Bin]:3009 [FullTime]:2208.89 [SkipTime]:0 [Veto1]:37.8723 [Veto2]:34.8771 [Veto3]:34.8852 [Veto4]:21.1131 [SgUp1]:124693 [SgUp2]:124900 [SgUp3]:125686 [SgUp4]:0 [SgLow1]:124520 [SgLow2]:124669 [SgLow3]:125473 [SgLow4]:0 [NetMuon1]:34738 [NetMuon2]:34787 [NetMuon3]:34814 [NetMuon4]:35014
[Run]:24340 [Site]:4 [Bin]:3010 [FullTime]:3590.17 [SkipTime]:0 [Veto1]:45.7026 [Veto2]:62.6135 [Veto3]:59.3107 [Veto4]:34.3629 [SgUp1]:203869 [SgUp2]:202272 [SgUp3]:205182 [SgUp4]:0 [SgLow1]:203535 [SgLow2]:201994 [SgLow3]:204845 [SgLow4]:0 [NetMuon1]:56807 [NetMuon2]:56545 [NetMuon3]:56565 [NetMuon4]:56987
End process Run: 24340 ... 
[Run]:24340 [Site]:4 [Bin]:3011 [FullTime]:1057.19 [SkipTime]:0 [Veto1]:22.508 [Veto2]:17.5512 [Veto3]:17.5248 [Veto4]:10.1796
