StreamChain add 0x1ed977e0
Start to process run: 25138 ... 
[Run]:25138 [Site]:4 [Bin]:3926 [FullTime]:1104.46 [SkipTime]:0 [Veto1]:14.9181 [Veto2]:14.8893 [Veto3]:22.8191 [Veto4]:10.5089 [SgUp1]:61834 [SgUp2]:61869 [SgUp3]:62295 [SgUp4]:0 [SgLow1]:61724 [SgLow2]:61769 [SgLow3]:62187 [SgLow4]:0 [NetMuon1]:17355 [NetMuon2]:17344 [NetMuon3]:17219 [NetMuon4]:17423
[Run]:25138 [Site]:4 [Bin]:3927 [FullTime]:3590.17 [SkipTime]:0 [Veto1]:59.2646 [Veto2]:71.9866 [Veto3]:50.3321 [Veto4]:34.0062 [SgUp1]:200166 [SgUp2]:201056 [SgUp3]:202872 [SgUp4]:0 [SgLow1]:199852 [SgLow2]:200749 [SgLow3]:202544 [SgLow4]:0 [NetMuon1]:56036 [NetMuon2]:55786 [NetMuon3]:56138 [NetMuon4]:56402
[Run]:25138 [Site]:4 [Bin]:3928 [FullTime]:3590.17 [SkipTime]:0 [Veto1]:50.3632 [Veto2]:60.3198 [Veto3]:70.8503 [Veto4]:34.0874 [SgUp1]:200967 [SgUp2]:201120 [SgUp3]:201869 [SgUp4]:0 [SgLow1]:200620 [SgLow2]:200813 [SgLow3]:201545 [SgLow4]:0 [NetMuon1]:56282 [NetMuon2]:56121 [NetMuon3]:55953 [NetMuon4]:56538
[Run]:25138 [Site]:4 [Bin]:3929 [FullTime]:3590.17 [SkipTime]:0 [Veto1]:55.1413 [Veto2]:63.1028 [Veto3]:59.1483 [Veto4]:33.9244 [SgUp1]:199006 [SgUp2]:200645 [SgUp3]:202179 [SgUp4]:0 [SgLow1]:198674 [SgLow2]:200290 [SgLow3]:201783 [SgLow4]:0 [NetMuon1]:55914 [NetMuon2]:55782 [NetMuon3]:55847 [NetMuon4]:56250
[Run]:25138 [Site]:4 [Bin]:3930 [FullTime]:2103.24 [SkipTime]:1486.93 [Veto1]:29.6178 [Veto2]:28.6221 [Veto3]:32.5655 [Veto4]:19.8377 [SgUp1]:116972 [SgUp2]:117924 [SgUp3]:118944 [SgUp4]:0 [SgLow1]:116800 [SgLow2]:117708 [SgLow3]:118769 [SgLow4]:0 [NetMuon1]:32755 [NetMuon2]:32748 [NetMuon3]:32670 [NetMuon4]:32891
[Run]:25138 [Site]:4 [Bin]:3931 [FullTime]:3590.17 [SkipTime]:0 [Veto1]:53.0839 [Veto2]:56.0312 [Veto3]:54.0187 [Veto4]:33.788 [SgUp1]:199885 [SgUp2]:200064 [SgUp3]:202963 [SgUp4]:0 [SgLow1]:199549 [SgLow2]:199742 [SgLow3]:202594 [SgLow4]:0 [NetMuon1]:55779 [NetMuon2]:55679 [NetMuon3]:55714 [NetMuon4]:56045
[Run]:25138 [Site]:4 [Bin]:3932 [FullTime]:3590.17 [SkipTime]:0 [Veto1]:58.3303 [Veto2]:65.289 [Veto3]:61.3493 [Veto4]:34.1188 [SgUp1]:200138 [SgUp2]:200592 [SgUp3]:202736 [SgUp4]:0 [SgLow1]:199752 [SgLow2]:200261 [SgLow3]:202409 [SgLow4]:0 [NetMuon1]:56237 [NetMuon2]:56098 [NetMuon3]:56183 [NetMuon4]:56607
[Run]:25138 [Site]:4 [Bin]:3933 [FullTime]:3590.17 [SkipTime]:0 [Veto1]:57.1451 [Veto2]:57.8579 [Veto3]:55.181 [Veto4]:33.9132 [SgUp1]:199062 [SgUp2]:200327 [SgUp3]:202237 [SgUp4]:0 [SgLow1]:198722 [SgLow2]:199972 [SgLow3]:201949 [SgLow4]:0 [NetMuon1]:55904 [NetMuon2]:55825 [NetMuon3]:55931 [NetMuon4]:56246
[Run]:25138 [Site]:4 [Bin]:3934 [FullTime]:3590.17 [SkipTime]:0 [Veto1]:52.462 [Veto2]:52.4847 [Veto3]:49.4555 [Veto4]:34.1468 [SgUp1]:200367 [SgUp2]:201216 [SgUp3]:202513 [SgUp4]:0 [SgLow1]:199996 [SgLow2]:200898 [SgLow3]:202169 [SgLow4]:0 [NetMuon1]:56355 [NetMuon2]:56376 [NetMuon3]:56392 [NetMuon4]:56645
[Run]:25138 [Site]:4 [Bin]:3935 [FullTime]:3590.18 [SkipTime]:0 [Veto1]:69.099 [Veto2]:55.2134 [Veto3]:57.2062 [Veto4]:33.9731 [SgUp1]:198590 [SgUp2]:201743 [SgUp3]:202735 [SgUp4]:0 [SgLow1]:198268 [SgLow2]:201438 [SgLow3]:202402 [SgLow4]:0 [NetMuon1]:55769 [NetMuon2]:56044 [NetMuon3]:55939 [NetMuon4]:56323
[Run]:25138 [Site]:4 [Bin]:3936 [FullTime]:3590.17 [SkipTime]:0 [Veto1]:57.8992 [Veto2]:53.9147 [Veto3]:51.9347 [Veto4]:33.6683 [SgUp1]:200316 [SgUp2]:200328 [SgUp3]:202231 [SgUp4]:0 [SgLow1]:199995 [SgLow2]:200028 [SgLow3]:201925 [SgLow4]:0 [NetMuon1]:55466 [NetMuon2]:55568 [NetMuon3]:55573 [NetMuon4]:55862
[Run]:25138 [Site]:4 [Bin]:3937 [FullTime]:3590.17 [SkipTime]:0 [Veto1]:55.016 [Veto2]:58.9836 [Veto3]:50.0692 [Veto4]:33.7689 [SgUp1]:199969 [SgUp2]:200886 [SgUp3]:203324 [SgUp4]:0 [SgLow1]:199631 [SgLow2]:200549 [SgLow3]:203021 [SgLow4]:0 [NetMuon1]:55665 [NetMuon2]:55583 [NetMuon3]:55762 [NetMuon4]:56013
[Run]:25138 [Site]:4 [Bin]:3938 [FullTime]:3590.17 [SkipTime]:0 [Veto1]:55.2295 [Veto2]:59.192 [Veto3]:50.2821 [Veto4]:33.9772 [SgUp1]:199214 [SgUp2]:200573 [SgUp3]:204072 [SgUp4]:0 [SgLow1]:198880 [SgLow2]:200281 [SgLow3]:203714 [SgLow4]:0 [NetMuon1]:56028 [NetMuon2]:55979 [NetMuon3]:56099 [NetMuon4]:56363
[Run]:25138 [Site]:4 [Bin]:3939 [FullTime]:3590.17 [SkipTime]:0 [Veto1]:58.0152 [Veto2]:60.9524 [Veto3]:57.9991 [Veto4]:33.7797 [SgUp1]:199669 [SgUp2]:200926 [SgUp3]:203000 [SgUp4]:0 [SgLow1]:199300 [SgLow2]:200616 [SgLow3]:202650 [SgLow4]:0 [NetMuon1]:55622 [NetMuon2]:55554 [NetMuon3]:55632 [NetMuon4]:56011
[Run]:25138 [Site]:4 [Bin]:3940 [FullTime]:3590.17 [SkipTime]:0 [Veto1]:53.0847 [Veto2]:50.0903 [Veto3]:62.9645 [Veto4]:33.7889 [SgUp1]:200254 [SgUp2]:201819 [SgUp3]:202020 [SgUp4]:0 [SgLow1]:199903 [SgLow2]:201512 [SgLow3]:201666 [SgLow4]:0 [NetMuon1]:55723 [NetMuon2]:55765 [NetMuon3]:55572 [NetMuon4]:56031
[Run]:25138 [Site]:4 [Bin]:3941 [FullTime]:3590.17 [SkipTime]:0 [Veto1]:58.8224 [Veto2]:55.8772 [Veto3]:49.9179 [Veto4]:33.6231 [SgUp1]:200216 [SgUp2]:201542 [SgUp3]:203920 [SgUp4]:0 [SgLow1]:199873 [SgLow2]:201179 [SgLow3]:203624 [SgLow4]:0 [NetMuon1]:55350 [NetMuon2]:55423 [NetMuon3]:55508 [NetMuon4]:55762
[Run]:25138 [Site]:4 [Bin]:3942 [FullTime]:3590.17 [SkipTime]:0 [Veto1]:53.1041 [Veto2]:61.0842 [Veto3]:55.1063 [Veto4]:33.8432 [SgUp1]:199177 [SgUp2]:200319 [SgUp3]:202419 [SgUp4]:0 [SgLow1]:198903 [SgLow2]:199957 [SgLow3]:202099 [SgLow4]:0 [NetMuon1]:55845 [NetMuon2]:55701 [NetMuon3]:55780 [NetMuon4]:56145
[Run]:25138 [Site]:4 [Bin]:3943 [FullTime]:3590.17 [SkipTime]:0 [Veto1]:52.6183 [Veto2]:55.0766 [Veto3]:57.0013 [Veto4]:33.7816 [SgUp1]:200706 [SgUp2]:201597 [SgUp3]:202820 [SgUp4]:0 [SgLow1]:200380 [SgLow2]:201284 [SgLow3]:202426 [SgLow4]:0 [NetMuon1]:55736 [NetMuon2]:55720 [NetMuon3]:55679 [NetMuon4]:56036
[Run]:25138 [Site]:4 [Bin]:3944 [FullTime]:3590.17 [SkipTime]:0 [Veto1]:44.2839 [Veto2]:55.173 [Veto3]:58.1196 [Veto4]:33.8891 [SgUp1]:200759 [SgUp2]:201525 [SgUp3]:203730 [SgUp4]:0 [SgLow1]:200444 [SgLow2]:201215 [SgLow3]:203412 [SgLow4]:0 [NetMuon1]:56009 [NetMuon2]:55871 [NetMuon3]:55800 [NetMuon4]:56181
[Run]:25138 [Site]:4 [Bin]:3945 [FullTime]:3590.17 [SkipTime]:0 [Veto1]:58.9263 [Veto2]:50.0028 [Veto3]:50.9533 [Veto4]:33.6845 [SgUp1]:199903 [SgUp2]:201698 [SgUp3]:203694 [SgUp4]:0 [SgLow1]:199589 [SgLow2]:201408 [SgLow3]:203350 [SgLow4]:0 [NetMuon1]:55470 [NetMuon2]:55581 [NetMuon3]:55607 [NetMuon4]:55859
[Run]:25138 [Site]:4 [Bin]:3946 [FullTime]:3590.17 [SkipTime]:0 [Veto1]:54.2037 [Veto2]:48.3262 [Veto3]:63.185 [Veto4]:33.9692 [SgUp1]:199880 [SgUp2]:201459 [SgUp3]:202683 [SgUp4]:0 [SgLow1]:199581 [SgLow2]:201169 [SgLow3]:202374 [SgLow4]:0 [NetMuon1]:56003 [NetMuon2]:56123 [NetMuon3]:55907 [NetMuon4]:56334
[Run]:25138 [Site]:4 [Bin]:3947 [FullTime]:3590.17 [SkipTime]:0 [Veto1]:64.2386 [Veto2]:62.2642 [Veto3]:52.3644 [Veto4]:34.0643 [SgUp1]:199902 [SgUp2]:200988 [SgUp3]:203723 [SgUp4]:0 [SgLow1]:199610 [SgLow2]:200675 [SgLow3]:203402 [SgLow4]:0 [NetMuon1]:56011 [NetMuon2]:56031 [NetMuon3]:56190 [NetMuon4]:56491
[Run]:25138 [Site]:4 [Bin]:3948 [FullTime]:3590.17 [SkipTime]:0 [Veto1]:53.1388 [Veto2]:57.4015 [Veto3]:62.0565 [Veto4]:33.8739 [SgUp1]:201241 [SgUp2]:200448 [SgUp3]:202362 [SgUp4]:0 [SgLow1]:200866 [SgLow2]:200116 [SgLow3]:202054 [SgLow4]:0 [NetMuon1]:55866 [NetMuon2]:55808 [NetMuon3]:55754 [NetMuon4]:56199
[Run]:25138 [Site]:4 [Bin]:3949 [FullTime]:3590.17 [SkipTime]:0 [Veto1]:54.2244 [Veto2]:56.2013 [Veto3]:57.1842 [Veto4]:33.9629 [SgUp1]:199551 [SgUp2]:201094 [SgUp3]:202625 [SgUp4]:0 [SgLow1]:199185 [SgLow2]:200704 [SgLow3]:202289 [SgLow4]:0 [NetMuon1]:55984 [NetMuon2]:55936 [NetMuon3]:55926 [NetMuon4]:56312
[Run]:25138 [Site]:4 [Bin]:3950 [FullTime]:3590.17 [SkipTime]:0 [Veto1]:52.4442 [Veto2]:57.4228 [Veto3]:63.3181 [Veto4]:34.1411 [SgUp1]:199939 [SgUp2]:201155 [SgUp3]:203023 [SgUp4]:0 [SgLow1]:199639 [SgLow2]:200860 [SgLow3]:202702 [SgLow4]:0 [NetMuon1]:56312 [NetMuon2]:56231 [NetMuon3]:56181 [NetMuon4]:56618
[Run]:25138 [Site]:4 [Bin]:3951 [FullTime]:3590.17 [SkipTime]:0 [Veto1]:50.3557 [Veto2]:60.2549 [Veto3]:57.3107 [Veto4]:34.0367 [SgUp1]:199418 [SgUp2]:201096 [SgUp3]:202578 [SgUp4]:0 [SgLow1]:199067 [SgLow2]:200775 [SgLow3]:202258 [SgLow4]:0 [NetMuon1]:56178 [NetMuon2]:56046 [NetMuon3]:56088 [NetMuon4]:56447
[Run]:25138 [Site]:4 [Bin]:3952 [FullTime]:3590.17 [SkipTime]:0 [Veto1]:49.9669 [Veto2]:52.01 [Veto3]:58.8995 [Veto4]:33.6944 [SgUp1]:200270 [SgUp2]:201227 [SgUp3]:202955 [SgUp4]:0 [SgLow1]:199944 [SgLow2]:200921 [SgLow3]:202571 [SgLow4]:0 [NetMuon1]:55624 [NetMuon2]:55605 [NetMuon3]:55502 [NetMuon4]:55880
[Run]:25138 [Site]:4 [Bin]:3953 [FullTime]:3590.17 [SkipTime]:0 [Veto1]:59.0168 [Veto2]:66.9629 [Veto3]:56.051 [Veto4]:33.8099 [SgUp1]:198881 [SgUp2]:199752 [SgUp3]:202968 [SgUp4]:0 [SgLow1]:198594 [SgLow2]:199398 [SgLow3]:202636 [SgLow4]:0 [NetMuon1]:55673 [NetMuon2]:55569 [NetMuon3]:55720 [NetMuon4]:56080
[Run]:25138 [Site]:4 [Bin]:3954 [FullTime]:3590.17 [SkipTime]:0 [Veto1]:51.9249 [Veto2]:55.8649 [Veto3]:55.8438 [Veto4]:33.5989 [SgUp1]:199905 [SgUp2]:201281 [SgUp3]:202681 [SgUp4]:0 [SgLow1]:199542 [SgLow2]:200970 [SgLow3]:202397 [SgLow4]:0 [NetMuon1]:55473 [NetMuon2]:55412 [NetMuon3]:55421 [NetMuon4]:55732
[Run]:25138 [Site]:4 [Bin]:3955 [FullTime]:3590.17 [SkipTime]:0 [Veto1]:53.8744 [Veto2]:51.8985 [Veto3]:51.9139 [Veto4]:33.6328 [SgUp1]:200082 [SgUp2]:200786 [SgUp3]:203346 [SgUp4]:0 [SgLow1]:199740 [SgLow2]:200446 [SgLow3]:202969 [SgLow4]:0 [NetMuon1]:55463 [NetMuon2]:55462 [NetMuon3]:55497 [NetMuon4]:55759
[Run]:25138 [Site]:4 [Bin]:3956 [FullTime]:3590.17 [SkipTime]:0 [Veto1]:51.1127 [Veto2]:52.0624 [Veto3]:64.9218 [Veto4]:33.7683 [SgUp1]:199673 [SgUp2]:201435 [SgUp3]:201896 [SgUp4]:0 [SgLow1]:199319 [SgLow2]:201107 [SgLow3]:201589 [SgLow4]:0 [NetMuon1]:55737 [NetMuon2]:55716 [NetMuon3]:55494 [NetMuon4]:56019
[Run]:25138 [Site]:4 [Bin]:3957 [FullTime]:3590.17 [SkipTime]:0 [Veto1]:59.1759 [Veto2]:58.168 [Veto3]:59.1796 [Veto4]:33.9301 [SgUp1]:200627 [SgUp2]:199836 [SgUp3]:203149 [SgUp4]:0 [SgLow1]:200298 [SgLow2]:199509 [SgLow3]:202787 [SgLow4]:0 [NetMuon1]:55890 [NetMuon2]:55912 [NetMuon3]:55849 [NetMuon4]:56286
[Run]:25138 [Site]:4 [Bin]:3958 [FullTime]:3590.17 [SkipTime]:0 [Veto1]:54.1283 [Veto2]:63.0627 [Veto3]:60.1066 [Veto4]:33.859 [SgUp1]:200271 [SgUp2]:200069 [SgUp3]:202349 [SgUp4]:0 [SgLow1]:199973 [SgLow2]:199797 [SgLow3]:202047 [SgLow4]:0 [NetMuon1]:55844 [NetMuon2]:55718 [NetMuon3]:55756 [NetMuon4]:56152
[Run]:25138 [Site]:4 [Bin]:3959 [FullTime]:3590.17 [SkipTime]:0 [Veto1]:56.3811 [Veto2]:54.2788 [Veto3]:50.3647 [Veto4]:34.0138 [SgUp1]:200634 [SgUp2]:200053 [SgUp3]:204183 [SgUp4]:0 [SgLow1]:200271 [SgLow2]:199713 [SgLow3]:203868 [SgLow4]:0 [NetMuon1]:56047 [NetMuon2]:56060 [NetMuon3]:56134 [NetMuon4]:56406
[Run]:25138 [Site]:4 [Bin]:3960 [FullTime]:3590.17 [SkipTime]:0 [Veto1]:52.9542 [Veto2]:53.983 [Veto3]:61.8947 [Veto4]:33.7063 [SgUp1]:200193 [SgUp2]:200780 [SgUp3]:202374 [SgUp4]:0 [SgLow1]:199920 [SgLow2]:200471 [SgLow3]:202056 [SgLow4]:0 [NetMuon1]:55578 [NetMuon2]:55599 [NetMuon3]:55468 [NetMuon4]:55895
[Run]:25138 [Site]:4 [Bin]:3961 [FullTime]:3590.17 [SkipTime]:0 [Veto1]:54.3218 [Veto2]:56.2662 [Veto3]:55.2513 [Veto4]:34.0048 [SgUp1]:200197 [SgUp2]:201005 [SgUp3]:202761 [SgUp4]:0 [SgLow1]:199829 [SgLow2]:200694 [SgLow3]:202454 [SgLow4]:0 [NetMuon1]:56135 [NetMuon2]:56086 [NetMuon3]:56087 [NetMuon4]:56438
[Run]:25138 [Site]:4 [Bin]:3962 [FullTime]:3590.17 [SkipTime]:0 [Veto1]:58.2732 [Veto2]:56.2215 [Veto3]:57.2422 [Veto4]:34.0046 [SgUp1]:199746 [SgUp2]:201236 [SgUp3]:202277 [SgUp4]:0 [SgLow1]:199414 [SgLow2]:200924 [SgLow3]:201919 [SgLow4]:0 [NetMuon1]:56026 [NetMuon2]:56020 [NetMuon3]:55993 [NetMuon4]:56394
[Run]:25138 [Site]:4 [Bin]:3963 [FullTime]:3590.17 [SkipTime]:0 [Veto1]:50.3405 [Veto2]:62.1955 [Veto3]:59.2698 [Veto4]:34.0151 [SgUp1]:200118 [SgUp2]:200596 [SgUp3]:202106 [SgUp4]:0 [SgLow1]:199832 [SgLow2]:200284 [SgLow3]:201776 [SgLow4]:0 [NetMuon1]:56192 [NetMuon2]:56007 [NetMuon3]:56067 [NetMuon4]:56440
[Run]:25138 [Site]:4 [Bin]:3964 [FullTime]:3590.17 [SkipTime]:0 [Veto1]:48.5471 [Veto2]:49.9696 [Veto3]:55.4188 [Veto4]:34.1852 [SgUp1]:199848 [SgUp2]:202520 [SgUp3]:202666 [SgUp4]:0 [SgLow1]:199495 [SgLow2]:202169 [SgLow3]:202382 [SgLow4]:0 [NetMuon1]:56526 [NetMuon2]:56468 [NetMuon3]:56358 [NetMuon4]:56719
[Run]:25138 [Site]:4 [Bin]:3965 [FullTime]:3590.18 [SkipTime]:0 [Veto1]:58.0531 [Veto2]:58.0489 [Veto3]:54.0535 [Veto4]:33.8183 [SgUp1]:200137 [SgUp2]:200595 [SgUp3]:202413 [SgUp4]:0 [SgLow1]:199791 [SgLow2]:200235 [SgLow3]:202044 [SgLow4]:0 [NetMuon1]:55701 [NetMuon2]:55728 [NetMuon3]:55752 [NetMuon4]:56093
[Run]:25138 [Site]:4 [Bin]:3966 [FullTime]:3590.17 [SkipTime]:0 [Veto1]:55.2069 [Veto2]:48.3269 [Veto3]:59.6052 [Veto4]:33.9696 [SgUp1]:199170 [SgUp2]:201186 [SgUp3]:201959 [SgUp4]:0 [SgLow1]:198837 [SgLow2]:200899 [SgLow3]:201641 [SgLow4]:0 [NetMuon1]:55976 [NetMuon2]:56086 [NetMuon3]:55919 [NetMuon4]:56325
[Run]:25138 [Site]:4 [Bin]:3967 [FullTime]:3590.17 [SkipTime]:0 [Veto1]:59.9342 [Veto2]:53.0159 [Veto3]:59.9364 [Veto4]:33.7228 [SgUp1]:200055 [SgUp2]:201135 [SgUp3]:202815 [SgUp4]:0 [SgLow1]:199737 [SgLow2]:200831 [SgLow3]:202491 [SgLow4]:0 [NetMuon1]:55488 [NetMuon2]:55624 [NetMuon3]:55489 [NetMuon4]:55928
[Run]:25138 [Site]:4 [Bin]:3968 [FullTime]:3590.17 [SkipTime]:0 [Veto1]:56.173 [Veto2]:55.1964 [Veto3]:59.1551 [Veto4]:33.9354 [SgUp1]:199319 [SgUp2]:200948 [SgUp3]:202419 [SgUp4]:0 [SgLow1]:198939 [SgLow2]:200585 [SgLow3]:202078 [SgLow4]:0 [NetMuon1]:55897 [NetMuon2]:55957 [NetMuon3]:55892 [NetMuon4]:56272
[Run]:25138 [Site]:4 [Bin]:3969 [FullTime]:3590.17 [SkipTime]:0 [Veto1]:51.6421 [Veto2]:51.631 [Veto3]:59.5601 [Veto4]:34.279 [SgUp1]:200018 [SgUp2]:200931 [SgUp3]:201817 [SgUp4]:0 [SgLow1]:199700 [SgLow2]:200600 [SgLow3]:201515 [SgLow4]:0 [NetMuon1]:56573 [NetMuon2]:56567 [NetMuon3]:56454 [NetMuon4]:56846
[Run]:25138 [Site]:4 [Bin]:3970 [FullTime]:3590.17 [SkipTime]:0 [Veto1]:51.3363 [Veto2]:48.3533 [Veto3]:57.2187 [Veto4]:34.0376 [SgUp1]:200561 [SgUp2]:201036 [SgUp3]:203367 [SgUp4]:0 [SgLow1]:200236 [SgLow2]:200700 [SgLow3]:203042 [SgLow4]:0 [NetMuon1]:56187 [NetMuon2]:56219 [NetMuon3]:56097 [NetMuon4]:56453
[Run]:25138 [Site]:4 [Bin]:3971 [FullTime]:3590.17 [SkipTime]:0 [Veto1]:50.1631 [Veto2]:57.1422 [Veto3]:66.013 [Veto4]:33.87 [SgUp1]:200382 [SgUp2]:201034 [SgUp3]:202291 [SgUp4]:0 [SgLow1]:200074 [SgLow2]:200662 [SgLow3]:201917 [SgLow4]:0 [NetMuon1]:55915 [NetMuon2]:55786 [NetMuon3]:55656 [NetMuon4]:56155
[Run]:25138 [Site]:4 [Bin]:3972 [FullTime]:3590.17 [SkipTime]:0 [Veto1]:56.3435 [Veto2]:55.3674 [Veto3]:48.4334 [Veto4]:34.1412 [SgUp1]:199809 [SgUp2]:200966 [SgUp3]:202875 [SgUp4]:0 [SgLow1]:199483 [SgLow2]:200574 [SgLow3]:202541 [SgLow4]:0 [NetMuon1]:56233 [NetMuon2]:56300 [NetMuon3]:56384 [NetMuon4]:56619
End process Run: 25138 ... 
[Run]:25138 [Site]:4 [Bin]:3973 [FullTime]:2311.66 [SkipTime]:0 [Veto1]:39.8759 [Veto2]:40.8722 [Veto3]:31.9631 [Veto4]:22.1071
