StreamChain add 0xf0b97e0
Start to process run: 26694 ... 
[Run]:26694 [Site]:4 [Bin]:5208 [FullTime]:2494.38 [SkipTime]:0 [Veto1]:37.43 [Veto2]:33.4401 [Veto3]:40.3314 [Veto4]:23.537 [SgUp1]:139655 [SgUp2]:139329 [SgUp3]:141268 [SgUp4]:0 [SgLow1]:139442 [SgLow2]:139118 [SgLow3]:141008 [SgLow4]:0 [NetMuon1]:38803 [NetMuon2]:38857 [NetMuon3]:38741 [NetMuon4]:39019
[Run]:26694 [Site]:4 [Bin]:5209 [FullTime]:3590.17 [SkipTime]:0 [Veto1]:60.1244 [Veto2]:60.0909 [Veto3]:54.1743 [Veto4]:33.8935 [SgUp1]:200016 [SgUp2]:198316 [SgUp3]:203251 [SgUp4]:0 [SgLow1]:199683 [SgLow2]:198018 [SgLow3]:202910 [SgLow4]:0 [NetMuon1]:55788 [NetMuon2]:55759 [NetMuon3]:55899 [NetMuon4]:56211
[Run]:26694 [Site]:4 [Bin]:5210 [FullTime]:3590.17 [SkipTime]:0 [Veto1]:53.3248 [Veto2]:50.3348 [Veto3]:50.3875 [Veto4]:34.0483 [SgUp1]:200760 [SgUp2]:199777 [SgUp3]:203185 [SgUp4]:0 [SgLow1]:200477 [SgLow2]:199374 [SgLow3]:202888 [SgLow4]:0 [NetMuon1]:56163 [NetMuon2]:56222 [NetMuon3]:56203 [NetMuon4]:56476
[Run]:26694 [Site]:4 [Bin]:5211 [FullTime]:3590.17 [SkipTime]:0 [Veto1]:50.2159 [Veto2]:60.107 [Veto3]:63.1031 [Veto4]:33.9045 [SgUp1]:200598 [SgUp2]:198503 [SgUp3]:203411 [SgUp4]:0 [SgLow1]:200246 [SgLow2]:198142 [SgLow3]:203049 [SgLow4]:0 [NetMuon1]:55981 [NetMuon2]:55818 [NetMuon3]:55783 [NetMuon4]:56238
[Run]:26694 [Site]:4 [Bin]:5212 [FullTime]:3590.17 [SkipTime]:0 [Veto1]:50.3256 [Veto2]:58.3192 [Veto3]:54.2819 [Veto4]:34.062 [SgUp1]:201355 [SgUp2]:198749 [SgUp3]:203327 [SgUp4]:0 [SgLow1]:201007 [SgLow2]:198447 [SgLow3]:202944 [SgLow4]:0 [NetMuon1]:56200 [NetMuon2]:56127 [NetMuon3]:56139 [NetMuon4]:56471
[Run]:26694 [Site]:4 [Bin]:5213 [FullTime]:3590.17 [SkipTime]:0 [Veto1]:52.4591 [Veto2]:55.4999 [Veto3]:50.5453 [Veto4]:34.2134 [SgUp1]:201189 [SgUp2]:199201 [SgUp3]:203367 [SgUp4]:0 [SgLow1]:200865 [SgLow2]:198877 [SgLow3]:203046 [SgLow4]:0 [NetMuon1]:56441 [NetMuon2]:56443 [NetMuon3]:56525 [NetMuon4]:56751
[Run]:26694 [Site]:4 [Bin]:5214 [FullTime]:3590.16 [SkipTime]:0 [Veto1]:58.4263 [Veto2]:55.4235 [Veto3]:62.3677 [Veto4]:34.1479 [SgUp1]:199738 [SgUp2]:198434 [SgUp3]:202779 [SgUp4]:0 [SgLow1]:199404 [SgLow2]:198122 [SgLow3]:202432 [SgLow4]:0 [NetMuon1]:56246 [NetMuon2]:56309 [NetMuon3]:56241 [NetMuon4]:56642
[Run]:26694 [Site]:4 [Bin]:5215 [FullTime]:3590.17 [SkipTime]:0 [Veto1]:51.2276 [Veto2]:57.1778 [Veto3]:60.7479 [Veto4]:33.934 [SgUp1]:200311 [SgUp2]:198910 [SgUp3]:203368 [SgUp4]:0 [SgLow1]:199978 [SgLow2]:198604 [SgLow3]:203092 [SgLow4]:0 [NetMuon1]:55967 [NetMuon2]:55911 [NetMuon3]:55842 [NetMuon4]:56270
[Run]:26694 [Site]:4 [Bin]:5216 [FullTime]:3590.17 [SkipTime]:0 [Veto1]:56.3545 [Veto2]:54.7587 [Veto3]:63.2311 [Veto4]:34.0848 [SgUp1]:199367 [SgUp2]:199051 [SgUp3]:203565 [SgUp4]:0 [SgLow1]:199046 [SgLow2]:198712 [SgLow3]:203216 [SgLow4]:0 [NetMuon1]:56172 [NetMuon2]:56201 [NetMuon3]:56056 [NetMuon4]:56534
[Run]:26694 [Site]:4 [Bin]:5217 [FullTime]:3590.17 [SkipTime]:0 [Veto1]:60.1987 [Veto2]:61.5484 [Veto3]:57.2397 [Veto4]:34.0039 [SgUp1]:200515 [SgUp2]:198408 [SgUp3]:203448 [SgUp4]:0 [SgLow1]:200172 [SgLow2]:198094 [SgLow3]:203090 [SgLow4]:0 [NetMuon1]:55969 [NetMuon2]:55948 [NetMuon3]:56042 [NetMuon4]:56384
[Run]:26694 [Site]:4 [Bin]:5218 [FullTime]:3590.17 [SkipTime]:0 [Veto1]:54.5112 [Veto2]:56.469 [Veto3]:57.4749 [Veto4]:34.2238 [SgUp1]:199925 [SgUp2]:198366 [SgUp3]:203536 [SgUp4]:0 [SgLow1]:199576 [SgLow2]:197983 [SgLow3]:203217 [SgLow4]:0 [NetMuon1]:56413 [NetMuon2]:56378 [NetMuon3]:56404 [NetMuon4]:56765
[Run]:26694 [Site]:4 [Bin]:5219 [FullTime]:3590.17 [SkipTime]:0 [Veto1]:51.3948 [Veto2]:60.3755 [Veto3]:57.3036 [Veto4]:34.0627 [SgUp1]:201039 [SgUp2]:198436 [SgUp3]:202106 [SgUp4]:0 [SgLow1]:200726 [SgLow2]:198100 [SgLow3]:201816 [SgLow4]:0 [NetMuon1]:56263 [NetMuon2]:56088 [NetMuon3]:56157 [NetMuon4]:56505
[Run]:26694 [Site]:4 [Bin]:5220 [FullTime]:3590.17 [SkipTime]:0 [Veto1]:57.4809 [Veto2]:53.5238 [Veto3]:50.5303 [Veto4]:34.2227 [SgUp1]:200827 [SgUp2]:198793 [SgUp3]:204343 [SgUp4]:0 [SgLow1]:200482 [SgLow2]:198439 [SgLow3]:203982 [SgLow4]:0 [NetMuon1]:56374 [NetMuon2]:56460 [NetMuon3]:56517 [NetMuon4]:56763
[Run]:26694 [Site]:4 [Bin]:5221 [FullTime]:3590.17 [SkipTime]:0 [Veto1]:64.4456 [Veto2]:59.5312 [Veto3]:60.4242 [Veto4]:34.2698 [SgUp1]:200816 [SgUp2]:198616 [SgUp3]:203567 [SgUp4]:0 [SgLow1]:200502 [SgLow2]:198353 [SgLow3]:203185 [SgLow4]:0 [NetMuon1]:56360 [NetMuon2]:56436 [NetMuon3]:56383 [NetMuon4]:56826
[Run]:26694 [Site]:4 [Bin]:5222 [FullTime]:3590.17 [SkipTime]:0 [Veto1]:54.0164 [Veto2]:52.069 [Veto3]:57.9971 [Veto4]:33.7587 [SgUp1]:201228 [SgUp2]:199144 [SgUp3]:204056 [SgUp4]:0 [SgLow1]:200917 [SgLow2]:198839 [SgLow3]:203722 [SgLow4]:0 [NetMuon1]:55673 [NetMuon2]:55697 [NetMuon3]:55601 [NetMuon4]:55991
[Run]:26694 [Site]:4 [Bin]:5223 [FullTime]:3590.17 [SkipTime]:0 [Veto1]:56.0388 [Veto2]:55.3484 [Veto3]:59.2999 [Veto4]:34.0636 [SgUp1]:200893 [SgUp2]:199546 [SgUp3]:204191 [SgUp4]:0 [SgLow1]:200631 [SgLow2]:199237 [SgLow3]:203871 [SgLow4]:0 [NetMuon1]:56130 [NetMuon2]:56179 [NetMuon3]:56084 [NetMuon4]:56490
End process Run: 26694 ... 
[Run]:26694 [Site]:4 [Bin]:5224 [FullTime]:933.449 [SkipTime]:0 [Veto1]:19.2177 [Veto2]:19.722 [Veto3]:13.2917 [Veto4]:8.9488
