StreamChain add 0xb6f27e0
Start to process run: 26494 ... 
[Run]:26494 [Site]:4 [Bin]:5039 [FullTime]:3418.68 [SkipTime]:0 [Veto1]:54.8896 [Veto2]:58.866 [Veto3]:55.025 [Veto4]:32.702 [SgUp1]:189665 [SgUp2]:189306 [SgUp3]:194544 [SgUp4]:0 [SgLow1]:189347 [SgLow2]:188992 [SgLow3]:194268 [SgLow4]:0 [NetMuon1]:53895 [NetMuon2]:53809 [NetMuon3]:53888 [NetMuon4]:54242
[Run]:26494 [Site]:4 [Bin]:5040 [FullTime]:3590.17 [SkipTime]:0 [Veto1]:57.1626 [Veto2]:51.6013 [Veto3]:59.5365 [Veto4]:34.2969 [SgUp1]:200442 [SgUp2]:199485 [SgUp3]:204055 [SgUp4]:0 [SgLow1]:200126 [SgLow2]:199162 [SgLow3]:203673 [SgLow4]:0 [NetMuon1]:56524 [NetMuon2]:56601 [NetMuon3]:56484 [NetMuon4]:56870
[Run]:26494 [Site]:4 [Bin]:5041 [FullTime]:3590.17 [SkipTime]:0 [Veto1]:54.367 [Veto2]:48.1403 [Veto3]:57.299 [Veto4]:33.8488 [SgUp1]:199951 [SgUp2]:199682 [SgUp3]:204526 [SgUp4]:0 [SgLow1]:199588 [SgLow2]:199380 [SgLow3]:204191 [SgLow4]:0 [NetMuon1]:55814 [NetMuon2]:55873 [NetMuon3]:55745 [NetMuon4]:56131
[Run]:26494 [Site]:4 [Bin]:5042 [FullTime]:3590.18 [SkipTime]:0 [Veto1]:49.8175 [Veto2]:56.3089 [Veto3]:58.2823 [Veto4]:34.0277 [SgUp1]:199660 [SgUp2]:199621 [SgUp3]:204034 [SgUp4]:0 [SgLow1]:199351 [SgLow2]:199298 [SgLow3]:203702 [SgLow4]:0 [NetMuon1]:56186 [NetMuon2]:56084 [NetMuon3]:56017 [NetMuon4]:56412
[Run]:26494 [Site]:4 [Bin]:5043 [FullTime]:3590.16 [SkipTime]:0 [Veto1]:60.4873 [Veto2]:60.4622 [Veto3]:58.5369 [Veto4]:34.2535 [SgUp1]:198786 [SgUp2]:198862 [SgUp3]:203613 [SgUp4]:0 [SgLow1]:198506 [SgLow2]:198571 [SgLow3]:203290 [SgLow4]:0 [NetMuon1]:56414 [NetMuon2]:56390 [NetMuon3]:56436 [NetMuon4]:56814
[Run]:26494 [Site]:4 [Bin]:5044 [FullTime]:3590.17 [SkipTime]:0 [Veto1]:57.0839 [Veto2]:51.172 [Veto3]:59.0965 [Veto4]:33.8657 [SgUp1]:199888 [SgUp2]:199696 [SgUp3]:203402 [SgUp4]:0 [SgLow1]:199555 [SgLow2]:199377 [SgLow3]:203086 [SgLow4]:0 [NetMuon1]:55766 [NetMuon2]:55908 [NetMuon3]:55760 [NetMuon4]:56172
[Run]:26494 [Site]:4 [Bin]:5045 [FullTime]:3590.17 [SkipTime]:0 [Veto1]:57.8955 [Veto2]:51.4115 [Veto3]:59.3192 [Veto4]:34.1354 [SgUp1]:200343 [SgUp2]:199461 [SgUp3]:203720 [SgUp4]:0 [SgLow1]:200041 [SgLow2]:199130 [SgLow3]:203385 [SgLow4]:0 [NetMuon1]:56233 [NetMuon2]:56321 [NetMuon3]:56199 [NetMuon4]:56612
[Run]:26494 [Site]:4 [Bin]:5046 [FullTime]:3590.17 [SkipTime]:0 [Veto1]:54.5113 [Veto2]:57.4486 [Veto3]:54.4662 [Veto4]:34.2136 [SgUp1]:199997 [SgUp2]:199320 [SgUp3]:204465 [SgUp4]:0 [SgLow1]:199675 [SgLow2]:199018 [SgLow3]:204150 [SgLow4]:0 [NetMuon1]:56428 [NetMuon2]:56331 [NetMuon3]:56417 [NetMuon4]:56742
[Run]:26494 [Site]:4 [Bin]:5047 [FullTime]:3590.17 [SkipTime]:0 [Veto1]:50.8191 [Veto2]:55.7747 [Veto3]:53.7943 [Veto4]:34.502 [SgUp1]:200177 [SgUp2]:198947 [SgUp3]:203362 [SgUp4]:0 [SgLow1]:199796 [SgLow2]:198599 [SgLow3]:203046 [SgLow4]:0 [NetMuon1]:56970 [NetMuon2]:56922 [NetMuon3]:56951 [NetMuon4]:57241
[Run]:26494 [Site]:4 [Bin]:5048 [FullTime]:3590.17 [SkipTime]:0 [Veto1]:52.5981 [Veto2]:59.5253 [Veto3]:60.5285 [Veto4]:34.3029 [SgUp1]:199299 [SgUp2]:198950 [SgUp3]:203113 [SgUp4]:0 [SgLow1]:198978 [SgLow2]:198621 [SgLow3]:202759 [SgLow4]:0 [NetMuon1]:56599 [NetMuon2]:56497 [NetMuon3]:56482 [NetMuon4]:56904
[Run]:26494 [Site]:4 [Bin]:5049 [FullTime]:3590.17 [SkipTime]:0 [Veto1]:51.6913 [Veto2]:62.2803 [Veto3]:66.4926 [Veto4]:34.3792 [SgUp1]:199769 [SgUp2]:198925 [SgUp3]:202629 [SgUp4]:0 [SgLow1]:199453 [SgLow2]:198591 [SgLow3]:202308 [SgLow4]:0 [NetMuon1]:56759 [NetMuon2]:56564 [NetMuon3]:56444 [NetMuon4]:57025
[Run]:26494 [Site]:4 [Bin]:5050 [FullTime]:3590.18 [SkipTime]:0 [Veto1]:52.0528 [Veto2]:59.8453 [Veto3]:49.9375 [Veto4]:33.6221 [SgUp1]:199821 [SgUp2]:198799 [SgUp3]:203405 [SgUp4]:0 [SgLow1]:199485 [SgLow2]:198454 [SgLow3]:203092 [SgLow4]:0 [NetMuon1]:55480 [NetMuon2]:55399 [NetMuon3]:55538 [NetMuon4]:55783
[Run]:26494 [Site]:4 [Bin]:5051 [FullTime]:3590.17 [SkipTime]:0 [Veto1]:58.3528 [Veto2]:59.8121 [Veto3]:57.3613 [Veto4]:34.1274 [SgUp1]:198938 [SgUp2]:199454 [SgUp3]:203442 [SgUp4]:0 [SgLow1]:198584 [SgLow2]:199137 [SgLow3]:203127 [SgLow4]:0 [NetMuon1]:56221 [NetMuon2]:56185 [NetMuon3]:56233 [NetMuon4]:56592
[Run]:26494 [Site]:4 [Bin]:5052 [FullTime]:3590.17 [SkipTime]:0 [Veto1]:60.1152 [Veto2]:56.2238 [Veto3]:60.4223 [Veto4]:33.9362 [SgUp1]:198217 [SgUp2]:199241 [SgUp3]:203573 [SgUp4]:0 [SgLow1]:197892 [SgLow2]:198923 [SgLow3]:203256 [SgLow4]:0 [NetMuon1]:55880 [NetMuon2]:55949 [NetMuon3]:55873 [NetMuon4]:56274
[Run]:26494 [Site]:4 [Bin]:5053 [FullTime]:3590.17 [SkipTime]:0 [Veto1]:49.6365 [Veto2]:52.5856 [Veto3]:49.607 [Veto4]:34.279 [SgUp1]:200324 [SgUp2]:198999 [SgUp3]:204244 [SgUp4]:0 [SgLow1]:199968 [SgLow2]:198712 [SgLow3]:203949 [SgLow4]:0 [NetMuon1]:56647 [NetMuon2]:56573 [NetMuon3]:56601 [NetMuon4]:56873
[Run]:26494 [Site]:4 [Bin]:5054 [FullTime]:3590.17 [SkipTime]:0 [Veto1]:55.2768 [Veto2]:56.3202 [Veto3]:55.3461 [Veto4]:34.0578 [SgUp1]:199493 [SgUp2]:200020 [SgUp3]:203436 [SgUp4]:0 [SgLow1]:199171 [SgLow2]:199687 [SgLow3]:203117 [SgLow4]:0 [NetMuon1]:56151 [NetMuon2]:56122 [NetMuon3]:56129 [NetMuon4]:56486
[Run]:26494 [Site]:4 [Bin]:5055 [FullTime]:3590.17 [SkipTime]:0 [Veto1]:55.2626 [Veto2]:61.1729 [Veto3]:55.251 [Veto4]:34.01 [SgUp1]:200044 [SgUp2]:198826 [SgUp3]:202488 [SgUp4]:0 [SgLow1]:199680 [SgLow2]:198468 [SgLow3]:202146 [SgLow4]:0 [NetMuon1]:56080 [NetMuon2]:55974 [NetMuon3]:56061 [NetMuon4]:56408
[Run]:26494 [Site]:4 [Bin]:5056 [FullTime]:3590.17 [SkipTime]:0 [Veto1]:52.2251 [Veto2]:55.1846 [Veto3]:51.2209 [Veto4]:33.9416 [SgUp1]:199930 [SgUp2]:198833 [SgUp3]:204536 [SgUp4]:0 [SgLow1]:199594 [SgLow2]:198557 [SgLow3]:204258 [SgLow4]:0 [NetMuon1]:56009 [NetMuon2]:55931 [NetMuon3]:56021 [NetMuon4]:56287
[Run]:26494 [Site]:4 [Bin]:5057 [FullTime]:3590.17 [SkipTime]:0 [Veto1]:65.2813 [Veto2]:59.3179 [Veto3]:61.362 [Veto4]:34.1007 [SgUp1]:199179 [SgUp2]:200102 [SgUp3]:202722 [SgUp4]:0 [SgLow1]:198847 [SgLow2]:199736 [SgLow3]:202421 [SgLow4]:0 [NetMuon1]:56027 [NetMuon2]:56118 [NetMuon3]:56136 [NetMuon4]:56535
[Run]:26494 [Site]:4 [Bin]:5058 [FullTime]:3590.17 [SkipTime]:0 [Veto1]:57.3978 [Veto2]:61.2864 [Veto3]:63.3244 [Veto4]:34.1106 [SgUp1]:198977 [SgUp2]:198584 [SgUp3]:202209 [SgUp4]:0 [SgLow1]:198613 [SgLow2]:198234 [SgLow3]:201891 [SgLow4]:0 [NetMuon1]:56277 [NetMuon2]:56151 [NetMuon3]:56164 [NetMuon4]:56604
[Run]:26494 [Site]:4 [Bin]:5059 [FullTime]:3590.17 [SkipTime]:0 [Veto1]:61.4577 [Veto2]:59.234 [Veto3]:60.2488 [Veto4]:33.9968 [SgUp1]:200093 [SgUp2]:200180 [SgUp3]:202780 [SgUp4]:0 [SgLow1]:199754 [SgLow2]:199804 [SgLow3]:202431 [SgLow4]:0 [NetMuon1]:55963 [NetMuon2]:56011 [NetMuon3]:55985 [NetMuon4]:56389
[Run]:26494 [Site]:4 [Bin]:5060 [FullTime]:3590.17 [SkipTime]:0 [Veto1]:59.4539 [Veto2]:57.4735 [Veto3]:60.4623 [Veto4]:34.2312 [SgUp1]:198372 [SgUp2]:199794 [SgUp3]:201992 [SgUp4]:0 [SgLow1]:198068 [SgLow2]:199455 [SgLow3]:201682 [SgLow4]:0 [NetMuon1]:56336 [NetMuon2]:56373 [NetMuon3]:56375 [NetMuon4]:56761
[Run]:26494 [Site]:4 [Bin]:5061 [FullTime]:3590.17 [SkipTime]:0 [Veto1]:60.2451 [Veto2]:59.2698 [Veto3]:52.3628 [Veto4]:34.0587 [SgUp1]:199845 [SgUp2]:199456 [SgUp3]:203611 [SgUp4]:0 [SgLow1]:199475 [SgLow2]:199174 [SgLow3]:203293 [SgLow4]:0 [NetMuon1]:56051 [NetMuon2]:56083 [NetMuon3]:56184 [NetMuon4]:56489
[Run]:26494 [Site]:4 [Bin]:5062 [FullTime]:3590.17 [SkipTime]:0 [Veto1]:54.6388 [Veto2]:61.5588 [Veto3]:58.5694 [Veto4]:34.3144 [SgUp1]:200061 [SgUp2]:199657 [SgUp3]:202993 [SgUp4]:0 [SgLow1]:199765 [SgLow2]:199353 [SgLow3]:202663 [SgLow4]:0 [NetMuon1]:56605 [NetMuon2]:56490 [NetMuon3]:56532 [NetMuon4]:56914
[Run]:26494 [Site]:4 [Bin]:5063 [FullTime]:3590.17 [SkipTime]:0 [Veto1]:59.4094 [Veto2]:48.5431 [Veto3]:53.4976 [Veto4]:34.1688 [SgUp1]:199064 [SgUp2]:199959 [SgUp3]:203709 [SgUp4]:0 [SgLow1]:198788 [SgLow2]:199631 [SgLow3]:203418 [SgLow4]:0 [NetMuon1]:56269 [NetMuon2]:56428 [NetMuon3]:56391 [NetMuon4]:56673
[Run]:26494 [Site]:4 [Bin]:5064 [FullTime]:3590.17 [SkipTime]:0 [Veto1]:61.3827 [Veto2]:51.4876 [Veto3]:58.3952 [Veto4]:34.1674 [SgUp1]:199914 [SgUp2]:199979 [SgUp3]:203176 [SgUp4]:0 [SgLow1]:199650 [SgLow2]:199666 [SgLow3]:202798 [SgLow4]:0 [NetMuon1]:56263 [NetMuon2]:56395 [NetMuon3]:56294 [NetMuon4]:56660
[Run]:26494 [Site]:4 [Bin]:5065 [FullTime]:3590.17 [SkipTime]:0 [Veto1]:54.349 [Veto2]:50.3948 [Veto3]:54.3651 [Veto4]:34.0753 [SgUp1]:199592 [SgUp2]:199423 [SgUp3]:203788 [SgUp4]:0 [SgLow1]:199272 [SgLow2]:199087 [SgLow3]:203479 [SgLow4]:0 [NetMuon1]:56191 [NetMuon2]:56265 [NetMuon3]:56190 [NetMuon4]:56500
[Run]:26494 [Site]:4 [Bin]:5066 [FullTime]:3590.17 [SkipTime]:0 [Veto1]:52.3517 [Veto2]:56.292 [Veto3]:60.2926 [Veto4]:34.0725 [SgUp1]:199502 [SgUp2]:200148 [SgUp3]:203204 [SgUp4]:0 [SgLow1]:199160 [SgLow2]:199817 [SgLow3]:202868 [SgLow4]:0 [NetMuon1]:56215 [NetMuon2]:56161 [NetMuon3]:56101 [NetMuon4]:56517
[Run]:26494 [Site]:4 [Bin]:5067 [FullTime]:3590.17 [SkipTime]:0 [Veto1]:51.5229 [Veto2]:65.3957 [Veto3]:59.0452 [Veto4]:34.2271 [SgUp1]:199576 [SgUp2]:199980 [SgUp3]:203372 [SgUp4]:0 [SgLow1]:199290 [SgLow2]:199635 [SgLow3]:203003 [SgLow4]:0 [NetMuon1]:56445 [NetMuon2]:56285 [NetMuon3]:56365 [NetMuon4]:56760
[Run]:26494 [Site]:4 [Bin]:5068 [FullTime]:3590.17 [SkipTime]:0 [Veto1]:57.58 [Veto2]:48.6805 [Veto3]:60.5472 [Veto4]:34.328 [SgUp1]:198804 [SgUp2]:199601 [SgUp3]:203231 [SgUp4]:0 [SgLow1]:198477 [SgLow2]:199303 [SgLow3]:202921 [SgLow4]:0 [NetMuon1]:56534 [NetMuon2]:56734 [NetMuon3]:56518 [NetMuon4]:56939
[Run]:26494 [Site]:4 [Bin]:5069 [FullTime]:3590.17 [SkipTime]:0 [Veto1]:55.4688 [Veto2]:52.5163 [Veto3]:55.4396 [Veto4]:34.1784 [SgUp1]:199218 [SgUp2]:199676 [SgUp3]:203368 [SgUp4]:0 [SgLow1]:198886 [SgLow2]:199318 [SgLow3]:203056 [SgLow4]:0 [NetMuon1]:56387 [NetMuon2]:56435 [NetMuon3]:56352 [NetMuon4]:56699
[Run]:26494 [Site]:4 [Bin]:5070 [FullTime]:3590.17 [SkipTime]:0 [Veto1]:50.4894 [Veto2]:53.39 [Veto3]:52.4466 [Veto4]:34.1243 [SgUp1]:199654 [SgUp2]:199613 [SgUp3]:203215 [SgUp4]:0 [SgLow1]:199401 [SgLow2]:199326 [SgLow3]:202906 [SgLow4]:0 [NetMuon1]:56334 [NetMuon2]:56264 [NetMuon3]:56278 [NetMuon4]:56576
[Run]:26494 [Site]:4 [Bin]:5071 [FullTime]:3590.17 [SkipTime]:0 [Veto1]:62.5723 [Veto2]:52.6905 [Veto3]:51.7054 [Veto4]:34.3785 [SgUp1]:198897 [SgUp2]:199845 [SgUp3]:203843 [SgUp4]:0 [SgLow1]:198596 [SgLow2]:199501 [SgLow3]:203502 [SgLow4]:0 [NetMuon1]:56597 [NetMuon2]:56724 [NetMuon3]:56742 [NetMuon4]:57020
[Run]:26494 [Site]:4 [Bin]:5072 [FullTime]:3590.17 [SkipTime]:0 [Veto1]:57.088 [Veto2]:54.091 [Veto3]:58.8975 [Veto4]:33.8424 [SgUp1]:199170 [SgUp2]:200524 [SgUp3]:203034 [SgUp4]:0 [SgLow1]:198889 [SgLow2]:200185 [SgLow3]:202747 [SgLow4]:0 [NetMuon1]:55786 [NetMuon2]:55820 [NetMuon3]:55696 [NetMuon4]:56124
[Run]:26494 [Site]:4 [Bin]:5073 [FullTime]:3590.17 [SkipTime]:0 [Veto1]:55.5442 [Veto2]:62.4499 [Veto3]:61.4569 [Veto4]:34.244 [SgUp1]:199188 [SgUp2]:199731 [SgUp3]:202908 [SgUp4]:0 [SgLow1]:198869 [SgLow2]:199425 [SgLow3]:202565 [SgLow4]:0 [NetMuon1]:56427 [NetMuon2]:56315 [NetMuon3]:56306 [NetMuon4]:56762
[Run]:26494 [Site]:4 [Bin]:5074 [FullTime]:3590.17 [SkipTime]:0 [Veto1]:55.3491 [Veto2]:49.4374 [Veto3]:60.2908 [Veto4]:34.0968 [SgUp1]:200206 [SgUp2]:199908 [SgUp3]:203049 [SgUp4]:0 [SgLow1]:199868 [SgLow2]:199568 [SgLow3]:202711 [SgLow4]:0 [NetMuon1]:56215 [NetMuon2]:56319 [NetMuon3]:56117 [NetMuon4]:56560
[Run]:26494 [Site]:4 [Bin]:5075 [FullTime]:3590.17 [SkipTime]:0 [Veto1]:64.0688 [Veto2]:48.5593 [Veto3]:59.4336 [Veto4]:34.2193 [SgUp1]:199862 [SgUp2]:199629 [SgUp3]:203936 [SgUp4]:0 [SgLow1]:199572 [SgLow2]:199265 [SgLow3]:203591 [SgLow4]:0 [NetMuon1]:56259 [NetMuon2]:56510 [NetMuon3]:56328 [NetMuon4]:56739
[Run]:26494 [Site]:4 [Bin]:5076 [FullTime]:3590.17 [SkipTime]:0 [Veto1]:52.7017 [Veto2]:52.769 [Veto3]:60.6095 [Veto4]:34.4308 [SgUp1]:199676 [SgUp2]:200099 [SgUp3]:203273 [SgUp4]:0 [SgLow1]:199335 [SgLow2]:199695 [SgLow3]:202939 [SgLow4]:0 [NetMuon1]:56814 [NetMuon2]:56821 [NetMuon3]:56623 [NetMuon4]:57098
[Run]:26494 [Site]:4 [Bin]:5077 [FullTime]:3590.17 [SkipTime]:0 [Veto1]:55.2703 [Veto2]:53.3955 [Veto3]:54.2948 [Veto4]:34.0526 [SgUp1]:199174 [SgUp2]:198919 [SgUp3]:203626 [SgUp4]:0 [SgLow1]:198827 [SgLow2]:198595 [SgLow3]:203340 [SgLow4]:0 [NetMuon1]:56137 [NetMuon2]:56183 [NetMuon3]:56142 [NetMuon4]:56481
[Run]:26494 [Site]:4 [Bin]:5078 [FullTime]:3590.17 [SkipTime]:0 [Veto1]:62.5989 [Veto2]:62.2337 [Veto3]:56.6072 [Veto4]:34.3472 [SgUp1]:199775 [SgUp2]:198879 [SgUp3]:203152 [SgUp4]:0 [SgLow1]:199465 [SgLow2]:198602 [SgLow3]:202814 [SgLow4]:0 [NetMuon1]:56513 [NetMuon2]:56489 [NetMuon3]:56591 [NetMuon4]:56954
[Run]:26494 [Site]:4 [Bin]:5079 [FullTime]:3590.17 [SkipTime]:0 [Veto1]:53.4874 [Veto2]:57.4512 [Veto3]:61.4073 [Veto4]:34.22 [SgUp1]:200156 [SgUp2]:199074 [SgUp3]:202927 [SgUp4]:0 [SgLow1]:199826 [SgLow2]:198764 [SgLow3]:202676 [SgLow4]:0 [NetMuon1]:56440 [NetMuon2]:56370 [NetMuon3]:56287 [NetMuon4]:56743
[Run]:26494 [Site]:4 [Bin]:5080 [FullTime]:3590.17 [SkipTime]:0 [Veto1]:55.6652 [Veto2]:56.6251 [Veto3]:51.6801 [Veto4]:34.3971 [SgUp1]:200387 [SgUp2]:199146 [SgUp3]:204067 [SgUp4]:0 [SgLow1]:200044 [SgLow2]:198810 [SgLow3]:203766 [SgLow4]:0 [NetMuon1]:56718 [NetMuon2]:56670 [NetMuon3]:56773 [NetMuon4]:57054
[Run]:26494 [Site]:4 [Bin]:5081 [FullTime]:3590.17 [SkipTime]:0 [Veto1]:59.3347 [Veto2]:61.3818 [Veto3]:50.4139 [Veto4]:34.1266 [SgUp1]:199271 [SgUp2]:198800 [SgUp3]:204036 [SgUp4]:0 [SgLow1]:198929 [SgLow2]:198472 [SgLow3]:203627 [SgLow4]:0 [NetMuon1]:56183 [NetMuon2]:56205 [NetMuon3]:56349 [NetMuon4]:56599
[Run]:26494 [Site]:4 [Bin]:5082 [FullTime]:3590.17 [SkipTime]:0 [Veto1]:56.365 [Veto2]:50.4556 [Veto3]:52.3187 [Veto4]:34.156 [SgUp1]:200379 [SgUp2]:199718 [SgUp3]:204472 [SgUp4]:0 [SgLow1]:200012 [SgLow2]:199403 [SgLow3]:204159 [SgLow4]:0 [NetMuon1]:56257 [NetMuon2]:56396 [NetMuon3]:56344 [NetMuon4]:56646
[Run]:26494 [Site]:4 [Bin]:5083 [FullTime]:3590.17 [SkipTime]:0 [Veto1]:60.6137 [Veto2]:50.7948 [Veto3]:55.68 [Veto4]:34.4506 [SgUp1]:199347 [SgUp2]:199864 [SgUp3]:203491 [SgUp4]:0 [SgLow1]:199024 [SgLow2]:199487 [SgLow3]:203123 [SgLow4]:0 [NetMuon1]:56685 [NetMuon2]:56887 [NetMuon3]:56795 [NetMuon4]:57132
[Run]:26494 [Site]:4 [Bin]:5084 [FullTime]:3590.17 [SkipTime]:0 [Veto1]:53.9405 [Veto2]:57.847 [Veto3]:53.8845 [Veto4]:34.6033 [SgUp1]:199836 [SgUp2]:199785 [SgUp3]:202630 [SgUp4]:0 [SgLow1]:199509 [SgLow2]:199459 [SgLow3]:202324 [SgLow4]:0 [NetMuon1]:57066 [NetMuon2]:56990 [NetMuon3]:57036 [NetMuon4]:57363
[Run]:26494 [Site]:4 [Bin]:5085 [FullTime]:3590.17 [SkipTime]:0 [Veto1]:58.8944 [Veto2]:64.685 [Veto3]:53.723 [Veto4]:34.4641 [SgUp1]:200559 [SgUp2]:199692 [SgUp3]:203186 [SgUp4]:0 [SgLow1]:200203 [SgLow2]:199383 [SgLow3]:202830 [SgLow4]:0 [NetMuon1]:56736 [NetMuon2]:56658 [NetMuon3]:56809 [NetMuon4]:57143
[Run]:26494 [Site]:4 [Bin]:5086 [FullTime]:3590.17 [SkipTime]:0 [Veto1]:59.5782 [Veto2]:54.6789 [Veto3]:62.589 [Veto4]:34.4071 [SgUp1]:200927 [SgUp2]:199156 [SgUp3]:202558 [SgUp4]:0 [SgLow1]:200619 [SgLow2]:198786 [SgLow3]:202252 [SgLow4]:0 [NetMuon1]:56570 [NetMuon2]:56707 [NetMuon3]:56580 [NetMuon4]:57014
[Run]:26494 [Site]:4 [Bin]:5087 [FullTime]:3590.17 [SkipTime]:0 [Veto1]:56.4215 [Veto2]:59.366 [Veto3]:62.3668 [Veto4]:34.1642 [SgUp1]:199578 [SgUp2]:200184 [SgUp3]:202525 [SgUp4]:0 [SgLow1]:199233 [SgLow2]:199846 [SgLow3]:202192 [SgLow4]:0 [NetMuon1]:56302 [NetMuon2]:56254 [NetMuon3]:56213 [NetMuon4]:56669
[Run]:26494 [Site]:4 [Bin]:5088 [FullTime]:3590.17 [SkipTime]:0 [Veto1]:57.6556 [Veto2]:57.5038 [Veto3]:52.6672 [Veto4]:34.3986 [SgUp1]:200686 [SgUp2]:199867 [SgUp3]:203169 [SgUp4]:0 [SgLow1]:200359 [SgLow2]:199538 [SgLow3]:202816 [SgLow4]:0 [NetMuon1]:56624 [NetMuon2]:56656 [NetMuon3]:56716 [NetMuon4]:57015
[Run]:26494 [Site]:4 [Bin]:5089 [FullTime]:3590.17 [SkipTime]:0 [Veto1]:67.5815 [Veto2]:52.7291 [Veto3]:51.7763 [Veto4]:34.4493 [SgUp1]:198745 [SgUp2]:199797 [SgUp3]:202775 [SgUp4]:0 [SgLow1]:198439 [SgLow2]:199490 [SgLow3]:202470 [SgLow4]:0 [NetMuon1]:56587 [NetMuon2]:56841 [NetMuon3]:56888 [NetMuon4]:57136
[Run]:26494 [Site]:4 [Bin]:5090 [FullTime]:3590.17 [SkipTime]:0 [Veto1]:62.4584 [Veto2]:57.212 [Veto3]:53.5833 [Veto4]:34.2751 [SgUp1]:199144 [SgUp2]:199946 [SgUp3]:202775 [SgUp4]:0 [SgLow1]:198833 [SgLow2]:199603 [SgLow3]:202415 [SgLow4]:0 [NetMuon1]:56375 [NetMuon2]:56447 [NetMuon3]:56523 [NetMuon4]:56833
[Run]:26494 [Site]:4 [Bin]:5091 [FullTime]:3590.17 [SkipTime]:0 [Veto1]:59.5169 [Veto2]:52.575 [Veto3]:49.6284 [Veto4]:34.2894 [SgUp1]:199645 [SgUp2]:200720 [SgUp3]:202854 [SgUp4]:0 [SgLow1]:199281 [SgLow2]:200422 [SgLow3]:202494 [SgLow4]:0 [NetMuon1]:56497 [NetMuon2]:56585 [NetMuon3]:56624 [NetMuon4]:56870
[Run]:26494 [Site]:4 [Bin]:5092 [FullTime]:3590.17 [SkipTime]:0 [Veto1]:48.4241 [Veto2]:52.4323 [Veto3]:60.3403 [Veto4]:34.1125 [SgUp1]:200471 [SgUp2]:200551 [SgUp3]:203426 [SgUp4]:0 [SgLow1]:200164 [SgLow2]:200157 [SgLow3]:203086 [SgLow4]:0 [NetMuon1]:56353 [NetMuon2]:56318 [NetMuon3]:56179 [NetMuon4]:56592
[Run]:26494 [Site]:4 [Bin]:5093 [FullTime]:3590.17 [SkipTime]:0 [Veto1]:62.4771 [Veto2]:58.6377 [Veto3]:61.5311 [Veto4]:34.3262 [SgUp1]:198450 [SgUp2]:199760 [SgUp3]:202623 [SgUp4]:0 [SgLow1]:198136 [SgLow2]:199410 [SgLow3]:202285 [SgLow4]:0 [NetMuon1]:56455 [NetMuon2]:56518 [NetMuon3]:56461 [NetMuon4]:56917
[Run]:26494 [Site]:4 [Bin]:5094 [FullTime]:3590.17 [SkipTime]:0 [Veto1]:59.5802 [Veto2]:58.6057 [Veto3]:56.6291 [Veto4]:34.3834 [SgUp1]:199763 [SgUp2]:198749 [SgUp3]:203118 [SgUp4]:0 [SgLow1]:199465 [SgLow2]:198420 [SgLow3]:202798 [SgLow4]:0 [NetMuon1]:56645 [NetMuon2]:56631 [NetMuon3]:56686 [NetMuon4]:57027
[Run]:26494 [Site]:4 [Bin]:5095 [FullTime]:3590.17 [SkipTime]:0 [Veto1]:60.5138 [Veto2]:56.6124 [Veto3]:63.4673 [Veto4]:34.3092 [SgUp1]:200714 [SgUp2]:199660 [SgUp3]:202574 [SgUp4]:0 [SgLow1]:200366 [SgLow2]:199354 [SgLow3]:202262 [SgLow4]:0 [NetMuon1]:56441 [NetMuon2]:56567 [NetMuon3]:56414 [NetMuon4]:56893
[Run]:26494 [Site]:4 [Bin]:5096 [FullTime]:3590.17 [SkipTime]:0 [Veto1]:49.1341 [Veto2]:58.0705 [Veto3]:50.0995 [Veto4]:34.7851 [SgUp1]:199101 [SgUp2]:199233 [SgUp3]:204196 [SgUp4]:0 [SgLow1]:198812 [SgLow2]:198891 [SgLow3]:203892 [SgLow4]:0 [NetMuon1]:57459 [NetMuon2]:57286 [NetMuon3]:57427 [NetMuon4]:57677
[Run]:26494 [Site]:4 [Bin]:5097 [FullTime]:3590.17 [SkipTime]:0 [Veto1]:58.6173 [Veto2]:59.5576 [Veto3]:53.6677 [Veto4]:34.3693 [SgUp1]:199670 [SgUp2]:199213 [SgUp3]:203097 [SgUp4]:0 [SgLow1]:199324 [SgLow2]:198889 [SgLow3]:202756 [SgLow4]:0 [NetMuon1]:56615 [NetMuon2]:56566 [NetMuon3]:56684 [NetMuon4]:56987
[Run]:26494 [Site]:4 [Bin]:5098 [FullTime]:3590.17 [SkipTime]:0 [Veto1]:60.3756 [Veto2]:56.0348 [Veto3]:65.97 [Veto4]:34.7437 [SgUp1]:198215 [SgUp2]:199170 [SgUp3]:203149 [SgUp4]:0 [SgLow1]:197892 [SgLow2]:198884 [SgLow3]:202858 [SgLow4]:0 [NetMuon1]:57194 [NetMuon2]:57289 [NetMuon3]:57135 [NetMuon4]:57613
[Run]:26494 [Site]:4 [Bin]:5099 [FullTime]:3590.17 [SkipTime]:0 [Veto1]:60.977 [Veto2]:56.0427 [Veto3]:63.963 [Veto4]:34.768 [SgUp1]:198574 [SgUp2]:199177 [SgUp3]:203185 [SgUp4]:0 [SgLow1]:198269 [SgLow2]:198888 [SgLow3]:202906 [SgLow4]:0 [NetMuon1]:57197 [NetMuon2]:57329 [NetMuon3]:57160 [NetMuon4]:57640
[Run]:26494 [Site]:4 [Bin]:5100 [FullTime]:3590.17 [SkipTime]:0 [Veto1]:55.6835 [Veto2]:54.7129 [Veto3]:55.718 [Veto4]:34.4739 [SgUp1]:199979 [SgUp2]:198968 [SgUp3]:204299 [SgUp4]:0 [SgLow1]:199613 [SgLow2]:198663 [SgLow3]:203927 [SgLow4]:0 [NetMuon1]:56869 [NetMuon2]:56856 [NetMuon3]:56843 [NetMuon4]:57186
[Run]:26494 [Site]:4 [Bin]:5101 [FullTime]:3590.17 [SkipTime]:0 [Veto1]:57.3048 [Veto2]:50.3293 [Veto3]:58.3204 [Veto4]:34.0489 [SgUp1]:199945 [SgUp2]:199140 [SgUp3]:203877 [SgUp4]:0 [SgLow1]:199632 [SgLow2]:198840 [SgLow3]:203561 [SgLow4]:0 [NetMuon1]:56112 [NetMuon2]:56201 [NetMuon3]:56062 [NetMuon4]:56448
[Run]:26494 [Site]:4 [Bin]:5102 [FullTime]:3590.17 [SkipTime]:0 [Veto1]:52.292 [Veto2]:59.2068 [Veto3]:54.2302 [Veto4]:33.9951 [SgUp1]:199313 [SgUp2]:199267 [SgUp3]:204264 [SgUp4]:0 [SgLow1]:198987 [SgLow2]:198928 [SgLow3]:203932 [SgLow4]:0 [NetMuon1]:56100 [NetMuon2]:55934 [NetMuon3]:56045 [NetMuon4]:56366
[Run]:26494 [Site]:4 [Bin]:5103 [FullTime]:3590.17 [SkipTime]:0 [Veto1]:61.6404 [Veto2]:51.4753 [Veto3]:54.4556 [Veto4]:34.2071 [SgUp1]:200041 [SgUp2]:198793 [SgUp3]:204843 [SgUp4]:0 [SgLow1]:199653 [SgLow2]:198513 [SgLow3]:204528 [SgLow4]:0 [NetMuon1]:56299 [NetMuon2]:56445 [NetMuon3]:56426 [NetMuon4]:56744
End process Run: 26494 ... 
[Run]:26494 [Site]:4 [Bin]:5104 [FullTime]:3266.43 [SkipTime]:0 [Veto1]:54.9924 [Veto2]:54.996 [Veto3]:50.0759 [Veto4]:30.9154
