StreamChain add 0x1f227e0
Start to process run: 26380 ... 
[Run]:26380 [Site]:4 [Bin]:4936 [FullTime]:1056.58 [SkipTime]:0 [Veto1]:20.5532 [Veto2]:16.5632 [Veto3]:17.5869 [Veto4]:10.1947 [SgUp1]:58500 [SgUp2]:59062 [SgUp3]:59870 [SgUp4]:0 [SgLow1]:58426 [SgLow2]:58946 [SgLow3]:59786 [SgLow4]:0 [NetMuon1]:16743 [NetMuon2]:16805 [NetMuon3]:16764 [NetMuon4]:16897
[Run]:26380 [Site]:4 [Bin]:4937 [FullTime]:3590.17 [SkipTime]:0 [Veto1]:58.0274 [Veto2]:62.3509 [Veto3]:57.3493 [Veto4]:34.1149 [SgUp1]:199843 [SgUp2]:200493 [SgUp3]:203107 [SgUp4]:0 [SgLow1]:199506 [SgLow2]:200155 [SgLow3]:202769 [SgLow4]:0 [NetMuon1]:56182 [NetMuon2]:56120 [NetMuon3]:56192 [NetMuon4]:56570
[Run]:26380 [Site]:4 [Bin]:4938 [FullTime]:3590.17 [SkipTime]:0 [Veto1]:51.4321 [Veto2]:59.9069 [Veto3]:59.371 [Veto4]:34.1286 [SgUp1]:199431 [SgUp2]:199573 [SgUp3]:202997 [SgUp4]:0 [SgLow1]:199082 [SgLow2]:199307 [SgLow3]:202648 [SgLow4]:0 [NetMuon1]:56322 [NetMuon2]:56187 [NetMuon3]:56187 [NetMuon4]:56609
[Run]:26380 [Site]:4 [Bin]:4939 [FullTime]:3590.17 [SkipTime]:0 [Veto1]:54.5813 [Veto2]:56.5306 [Veto3]:54.5613 [Veto4]:34.2776 [SgUp1]:199836 [SgUp2]:199195 [SgUp3]:202930 [SgUp4]:0 [SgLow1]:199510 [SgLow2]:198893 [SgLow3]:202625 [SgLow4]:0 [NetMuon1]:56486 [NetMuon2]:56515 [NetMuon3]:56521 [NetMuon4]:56846
[Run]:26380 [Site]:4 [Bin]:4940 [FullTime]:3590.17 [SkipTime]:0 [Veto1]:51.5493 [Veto2]:48.5383 [Veto3]:53.4452 [Veto4]:34.2295 [SgUp1]:199557 [SgUp2]:199821 [SgUp3]:203216 [SgUp4]:0 [SgLow1]:199253 [SgLow2]:199529 [SgLow3]:202885 [SgLow4]:0 [NetMuon1]:56484 [NetMuon2]:56513 [NetMuon3]:56421 [NetMuon4]:56770
[Run]:26380 [Site]:4 [Bin]:4941 [FullTime]:3590.17 [SkipTime]:0 [Veto1]:58.1157 [Veto2]:58.1079 [Veto3]:59.168 [Veto4]:33.9013 [SgUp1]:199587 [SgUp2]:199757 [SgUp3]:203205 [SgUp4]:0 [SgLow1]:199307 [SgLow2]:199412 [SgLow3]:202856 [SgLow4]:0 [NetMuon1]:55889 [NetMuon2]:55839 [NetMuon3]:55873 [NetMuon4]:56239
[Run]:26380 [Site]:4 [Bin]:4942 [FullTime]:3590.17 [SkipTime]:0 [Veto1]:58.4021 [Veto2]:52.4515 [Veto3]:56.386 [Veto4]:34.1472 [SgUp1]:199522 [SgUp2]:199733 [SgUp3]:203111 [SgUp4]:0 [SgLow1]:199232 [SgLow2]:199424 [SgLow3]:202808 [SgLow4]:0 [NetMuon1]:56258 [NetMuon2]:56349 [NetMuon3]:56262 [NetMuon4]:56638
[Run]:26380 [Site]:4 [Bin]:4943 [FullTime]:3590.17 [SkipTime]:0 [Veto1]:59.5885 [Veto2]:58.6196 [Veto3]:56.5508 [Veto4]:34.3485 [SgUp1]:200526 [SgUp2]:199360 [SgUp3]:202686 [SgUp4]:0 [SgLow1]:200215 [SgLow2]:199068 [SgLow3]:202359 [SgLow4]:0 [NetMuon1]:56586 [NetMuon2]:56562 [NetMuon3]:56591 [NetMuon4]:56975
[Run]:26380 [Site]:4 [Bin]:4944 [FullTime]:3590.17 [SkipTime]:0 [Veto1]:54.4996 [Veto2]:56.465 [Veto3]:55.5101 [Veto4]:34.2365 [SgUp1]:199691 [SgUp2]:199745 [SgUp3]:203042 [SgUp4]:0 [SgLow1]:199382 [SgLow2]:199431 [SgLow3]:202698 [SgLow4]:0 [NetMuon1]:56428 [NetMuon2]:56429 [NetMuon3]:56471 [NetMuon4]:56775
[Run]:26380 [Site]:4 [Bin]:4945 [FullTime]:3590.17 [SkipTime]:0 [Veto1]:58.4341 [Veto2]:50.5187 [Veto3]:51.5015 [Veto4]:34.2048 [SgUp1]:199434 [SgUp2]:199822 [SgUp3]:203249 [SgUp4]:0 [SgLow1]:199077 [SgLow2]:199482 [SgLow3]:202943 [SgLow4]:0 [NetMuon1]:56343 [NetMuon2]:56449 [NetMuon3]:56434 [NetMuon4]:56733
[Run]:26380 [Site]:4 [Bin]:4946 [FullTime]:3590.17 [SkipTime]:0 [Veto1]:63.6148 [Veto2]:51.7505 [Veto3]:60.6158 [Veto4]:34.4037 [SgUp1]:198874 [SgUp2]:200205 [SgUp3]:203033 [SgUp4]:0 [SgLow1]:198539 [SgLow2]:199923 [SgLow3]:202748 [SgLow4]:0 [NetMuon1]:56592 [NetMuon2]:56794 [NetMuon3]:56620 [NetMuon4]:57047
[Run]:26380 [Site]:4 [Bin]:4949 [FullTime]:2732.77 [SkipTime]:0 [Veto1]:42.079 [Veto2]:49.1874 [Veto3]:39.1513 [Veto4]:26.1148 [SgUp1]:152443 [SgUp2]:151511 [SgUp3]:153559 [SgUp4]:0 [SgLow1]:152185 [SgLow2]:151255 [SgLow3]:153312 [SgLow4]:0 [NetMuon1]:43075 [NetMuon2]:42933 [NetMuon3]:43123 [NetMuon4]:43314
[Run]:26380 [Site]:4 [Bin]:4950 [FullTime]:3590.17 [SkipTime]:0 [Veto1]:61.264 [Veto2]:60.2756 [Veto3]:59.304 [Veto4]:34.0534 [SgUp1]:198622 [SgUp2]:199676 [SgUp3]:202664 [SgUp4]:0 [SgLow1]:198301 [SgLow2]:199344 [SgLow3]:202321 [SgLow4]:0 [NetMuon1]:56043 [NetMuon2]:56045 [NetMuon3]:56090 [NetMuon4]:56466
[Run]:26380 [Site]:4 [Bin]:4951 [FullTime]:3590.17 [SkipTime]:0 [Veto1]:60.5056 [Veto2]:51.6109 [Veto3]:62.527 [Veto4]:34.2923 [SgUp1]:199263 [SgUp2]:200607 [SgUp3]:203486 [SgUp4]:0 [SgLow1]:198960 [SgLow2]:200268 [SgLow3]:203177 [SgLow4]:0 [NetMuon1]:56450 [NetMuon2]:56605 [NetMuon3]:56426 [NetMuon4]:56854
[Run]:26380 [Site]:4 [Bin]:4952 [FullTime]:3590.17 [SkipTime]:0 [Veto1]:50.5668 [Veto2]:48.6104 [Veto3]:59.7307 [Veto4]:34.2673 [SgUp1]:199178 [SgUp2]:199300 [SgUp3]:203336 [SgUp4]:0 [SgLow1]:198869 [SgLow2]:198968 [SgLow3]:203024 [SgLow4]:0 [NetMuon1]:56574 [NetMuon2]:56610 [NetMuon3]:56410 [NetMuon4]:56832
[Run]:26380 [Site]:4 [Bin]:4953 [FullTime]:3590.17 [SkipTime]:0 [Veto1]:52.4934 [Veto2]:54.5343 [Veto3]:51.537 [Veto4]:34.2461 [SgUp1]:199024 [SgUp2]:200001 [SgUp3]:203142 [SgUp4]:0 [SgLow1]:198689 [SgLow2]:199665 [SgLow3]:202870 [SgLow4]:0 [NetMuon1]:56491 [NetMuon2]:56511 [NetMuon3]:56532 [NetMuon4]:56818
[Run]:26380 [Site]:4 [Bin]:4954 [FullTime]:3590.17 [SkipTime]:0 [Veto1]:52.7174 [Veto2]:60.6183 [Veto3]:59.6147 [Veto4]:34.4152 [SgUp1]:198369 [SgUp2]:199688 [SgUp3]:203179 [SgUp4]:0 [SgLow1]:198088 [SgLow2]:199349 [SgLow3]:202872 [SgLow4]:0 [NetMuon1]:56795 [NetMuon2]:56652 [NetMuon3]:56675 [NetMuon4]:57085
[Run]:26380 [Site]:4 [Bin]:4955 [FullTime]:3590.17 [SkipTime]:0 [Veto1]:59.7713 [Veto2]:54.8563 [Veto3]:57.7679 [Veto4]:34.524 [SgUp1]:199116 [SgUp2]:200148 [SgUp3]:203419 [SgUp4]:0 [SgLow1]:198795 [SgLow2]:199810 [SgLow3]:203069 [SgLow4]:0 [NetMuon1]:56897 [NetMuon2]:56929 [NetMuon3]:56898 [NetMuon4]:57271
[Run]:26380 [Site]:4 [Bin]:4956 [FullTime]:3590.17 [SkipTime]:0 [Veto1]:58.7027 [Veto2]:52.7721 [Veto3]:60.7584 [Veto4]:34.4729 [SgUp1]:198599 [SgUp2]:199271 [SgUp3]:203738 [SgUp4]:0 [SgLow1]:198264 [SgLow2]:198967 [SgLow3]:203433 [SgLow4]:0 [NetMuon1]:56761 [NetMuon2]:56869 [NetMuon3]:56765 [NetMuon4]:57162
[Run]:26380 [Site]:4 [Bin]:4957 [FullTime]:3590.17 [SkipTime]:0 [Veto1]:51.4255 [Veto2]:66.2604 [Veto3]:52.4385 [Veto4]:34.1714 [SgUp1]:200084 [SgUp2]:199690 [SgUp3]:203255 [SgUp4]:0 [SgLow1]:199768 [SgLow2]:199354 [SgLow3]:202961 [SgLow4]:0 [NetMuon1]:56381 [NetMuon2]:56148 [NetMuon3]:56397 [NetMuon4]:56678
[Run]:26380 [Site]:4 [Bin]:4958 [FullTime]:3590.17 [SkipTime]:0 [Veto1]:56.5741 [Veto2]:61.5456 [Veto3]:53.6281 [Veto4]:34.3211 [SgUp1]:199196 [SgUp2]:199933 [SgUp3]:203370 [SgUp4]:0 [SgLow1]:198862 [SgLow2]:199607 [SgLow3]:203091 [SgLow4]:0 [NetMuon1]:56573 [NetMuon2]:56503 [NetMuon3]:56609 [NetMuon4]:56928
[Run]:26380 [Site]:4 [Bin]:4959 [FullTime]:3590.17 [SkipTime]:0 [Veto1]:62.1184 [Veto2]:51.2249 [Veto3]:57.1423 [Veto4]:33.8905 [SgUp1]:199497 [SgUp2]:200274 [SgUp3]:202322 [SgUp4]:0 [SgLow1]:199178 [SgLow2]:199984 [SgLow3]:202008 [SgLow4]:0 [NetMuon1]:55747 [NetMuon2]:55923 [NetMuon3]:55836 [NetMuon4]:56185
[Run]:26380 [Site]:4 [Bin]:4960 [FullTime]:3590.17 [SkipTime]:0 [Veto1]:47.33 [Veto2]:56.2675 [Veto3]:62.688 [Veto4]:34.0245 [SgUp1]:200321 [SgUp2]:198907 [SgUp3]:202150 [SgUp4]:0 [SgLow1]:200007 [SgLow2]:198593 [SgLow3]:201803 [SgLow4]:0 [NetMuon1]:56239 [NetMuon2]:56067 [NetMuon3]:55998 [NetMuon4]:56454
[Run]:26380 [Site]:4 [Bin]:4961 [FullTime]:3590.17 [SkipTime]:0 [Veto1]:58.5597 [Veto2]:54.7309 [Veto3]:57.553 [Veto4]:34.3165 [SgUp1]:198728 [SgUp2]:199058 [SgUp3]:203180 [SgUp4]:0 [SgLow1]:198392 [SgLow2]:198736 [SgLow3]:202885 [SgLow4]:0 [NetMuon1]:56536 [NetMuon2]:56560 [NetMuon3]:56521 [NetMuon4]:56916
[Run]:26380 [Site]:4 [Bin]:4962 [FullTime]:3590.17 [SkipTime]:0 [Veto1]:63.2232 [Veto2]:53.333 [Veto3]:55.2839 [Veto4]:34.037 [SgUp1]:199732 [SgUp2]:199869 [SgUp3]:203111 [SgUp4]:0 [SgLow1]:199430 [SgLow2]:199525 [SgLow3]:202771 [SgLow4]:0 [NetMuon1]:55951 [NetMuon2]:56118 [NetMuon3]:56076 [NetMuon4]:56427
[Run]:26380 [Site]:4 [Bin]:4963 [FullTime]:3590.17 [SkipTime]:0 [Veto1]:54.2403 [Veto2]:57.2439 [Veto3]:65.5653 [Veto4]:33.9912 [SgUp1]:199346 [SgUp2]:198825 [SgUp3]:202875 [SgUp4]:0 [SgLow1]:199011 [SgLow2]:198498 [SgLow3]:202517 [SgLow4]:0 [NetMuon1]:56072 [NetMuon2]:55997 [NetMuon3]:55905 [NetMuon4]:56389
[Run]:26380 [Site]:4 [Bin]:4964 [FullTime]:3590.17 [SkipTime]:0 [Veto1]:59.3965 [Veto2]:54.2808 [Veto3]:52.1137 [Veto4]:33.9871 [SgUp1]:198896 [SgUp2]:199890 [SgUp3]:203008 [SgUp4]:0 [SgLow1]:198581 [SgLow2]:199571 [SgLow3]:202628 [SgLow4]:0 [NetMuon1]:55968 [NetMuon2]:56031 [NetMuon3]:56057 [NetMuon4]:56353
[Run]:26380 [Site]:4 [Bin]:4965 [FullTime]:3590.17 [SkipTime]:0 [Veto1]:52.341 [Veto2]:46.4034 [Veto3]:53.3122 [Veto4]:34.0588 [SgUp1]:199934 [SgUp2]:200539 [SgUp3]:203882 [SgUp4]:0 [SgLow1]:199586 [SgLow2]:200224 [SgLow3]:203521 [SgLow4]:0 [NetMuon1]:56144 [NetMuon2]:56255 [NetMuon3]:56123 [NetMuon4]:56459
[Run]:26380 [Site]:4 [Bin]:4966 [FullTime]:3590.17 [SkipTime]:0 [Veto1]:51.996 [Veto2]:57.9344 [Veto3]:54.9481 [Veto4]:33.7072 [SgUp1]:199205 [SgUp2]:199943 [SgUp3]:202437 [SgUp4]:0 [SgLow1]:198906 [SgLow2]:199567 [SgLow3]:202168 [SgLow4]:0 [NetMuon1]:55634 [NetMuon2]:55535 [NetMuon3]:55552 [NetMuon4]:55909
[Run]:26380 [Site]:4 [Bin]:4967 [FullTime]:3590.17 [SkipTime]:0 [Veto1]:60.2156 [Veto2]:56.2322 [Veto3]:55.2694 [Veto4]:34.0034 [SgUp1]:199047 [SgUp2]:199970 [SgUp3]:202995 [SgUp4]:0 [SgLow1]:198731 [SgLow2]:199644 [SgLow3]:202692 [SgLow4]:0 [NetMuon1]:55971 [NetMuon2]:56025 [NetMuon3]:56037 [NetMuon4]:56397
[Run]:26380 [Site]:4 [Bin]:4968 [FullTime]:3590.17 [SkipTime]:0 [Veto1]:53.2498 [Veto2]:59.1766 [Veto3]:56.137 [Veto4]:33.9138 [SgUp1]:199923 [SgUp2]:199482 [SgUp3]:203316 [SgUp4]:0 [SgLow1]:199619 [SgLow2]:199137 [SgLow3]:202991 [SgLow4]:0 [NetMuon1]:55963 [NetMuon2]:55885 [NetMuon3]:55936 [NetMuon4]:56266
[Run]:26380 [Site]:4 [Bin]:4969 [FullTime]:3590.17 [SkipTime]:0 [Veto1]:64.3765 [Veto2]:57.4415 [Veto3]:61.0393 [Veto4]:34.1658 [SgUp1]:198923 [SgUp2]:198387 [SgUp3]:203251 [SgUp4]:0 [SgLow1]:198604 [SgLow2]:198091 [SgLow3]:202903 [SgLow4]:0 [NetMuon1]:56206 [NetMuon2]:56299 [NetMuon3]:56284 [NetMuon4]:56676
[Run]:26380 [Site]:4 [Bin]:4970 [FullTime]:3590.17 [SkipTime]:0 [Veto1]:52.1761 [Veto2]:55.1336 [Veto3]:55.1383 [Veto4]:33.9078 [SgUp1]:199228 [SgUp2]:198840 [SgUp3]:203807 [SgUp4]:0 [SgLow1]:198932 [SgLow2]:198484 [SgLow3]:203513 [SgLow4]:0 [NetMuon1]:55940 [NetMuon2]:55876 [NetMuon3]:55910 [NetMuon4]:56233
[Run]:26380 [Site]:4 [Bin]:4971 [FullTime]:3590.17 [SkipTime]:0 [Veto1]:54.9556 [Veto2]:53.012 [Veto3]:60.9281 [Veto4]:33.7249 [SgUp1]:200142 [SgUp2]:199953 [SgUp3]:203784 [SgUp4]:0 [SgLow1]:199801 [SgLow2]:199627 [SgLow3]:203456 [SgLow4]:0 [NetMuon1]:55584 [NetMuon2]:55621 [NetMuon3]:55485 [NetMuon4]:55918
[Run]:26380 [Site]:4 [Bin]:4972 [FullTime]:3590.17 [SkipTime]:0 [Veto1]:53.0627 [Veto2]:59.006 [Veto3]:66.9269 [Veto4]:33.7821 [SgUp1]:198799 [SgUp2]:198907 [SgUp3]:203562 [SgUp4]:0 [SgLow1]:198487 [SgLow2]:198533 [SgLow3]:203243 [SgLow4]:0 [NetMuon1]:55691 [NetMuon2]:55645 [NetMuon3]:55503 [NetMuon4]:56015
[Run]:26380 [Site]:4 [Bin]:4973 [FullTime]:3590.17 [SkipTime]:0 [Veto1]:52.0693 [Veto2]:58.0326 [Veto3]:58.9877 [Veto4]:33.8021 [SgUp1]:198981 [SgUp2]:199888 [SgUp3]:204287 [SgUp4]:0 [SgLow1]:198601 [SgLow2]:199606 [SgLow3]:203945 [SgLow4]:0 [NetMuon1]:55797 [NetMuon2]:55698 [NetMuon3]:55655 [NetMuon4]:56081
[Run]:26380 [Site]:4 [Bin]:4974 [FullTime]:3590.17 [SkipTime]:0 [Veto1]:56.2427 [Veto2]:54.279 [Veto3]:53.29 [Veto4]:34.0039 [SgUp1]:199237 [SgUp2]:199871 [SgUp3]:203992 [SgUp4]:0 [SgLow1]:198933 [SgLow2]:199565 [SgLow3]:203630 [SgLow4]:0 [NetMuon1]:56052 [NetMuon2]:56069 [NetMuon3]:56093 [NetMuon4]:56392
[Run]:26380 [Site]:4 [Bin]:4975 [FullTime]:3590.17 [SkipTime]:0 [Veto1]:59.0972 [Veto2]:59.1213 [Veto3]:49.2231 [Veto4]:33.8831 [SgUp1]:199934 [SgUp2]:198511 [SgUp3]:204800 [SgUp4]:0 [SgLow1]:199592 [SgLow2]:198204 [SgLow3]:204470 [SgLow4]:0 [NetMuon1]:55809 [NetMuon2]:55784 [NetMuon3]:55963 [NetMuon4]:56187
[Run]:26380 [Site]:4 [Bin]:4976 [FullTime]:3590.17 [SkipTime]:0 [Veto1]:53.2964 [Veto2]:55.2881 [Veto3]:57.1941 [Veto4]:34.0107 [SgUp1]:198770 [SgUp2]:198915 [SgUp3]:204253 [SgUp4]:0 [SgLow1]:198463 [SgLow2]:198547 [SgLow3]:203916 [SgLow4]:0 [NetMuon1]:56087 [NetMuon2]:56046 [NetMuon3]:56021 [NetMuon4]:56407
[Run]:26380 [Site]:4 [Bin]:4977 [FullTime]:3590.17 [SkipTime]:0 [Veto1]:58.0751 [Veto2]:59.0264 [Veto3]:62.9806 [Veto4]:33.8091 [SgUp1]:200155 [SgUp2]:199142 [SgUp3]:203132 [SgUp4]:0 [SgLow1]:199846 [SgLow2]:198810 [SgLow3]:202832 [SgLow4]:0 [NetMuon1]:55731 [NetMuon2]:55675 [NetMuon3]:55592 [NetMuon4]:56074
[Run]:26380 [Site]:4 [Bin]:4978 [FullTime]:3590.17 [SkipTime]:0 [Veto1]:51.286 [Veto2]:57.2346 [Veto3]:58.1964 [Veto4]:33.9612 [SgUp1]:199606 [SgUp2]:199108 [SgUp3]:203771 [SgUp4]:0 [SgLow1]:199318 [SgLow2]:198768 [SgLow3]:203441 [SgLow4]:0 [NetMuon1]:56045 [NetMuon2]:55972 [NetMuon3]:55907 [NetMuon4]:56322
[Run]:26380 [Site]:4 [Bin]:4979 [FullTime]:3590.18 [SkipTime]:0 [Veto1]:51.9637 [Veto2]:53.2972 [Veto3]:57.2605 [Veto4]:34.0085 [SgUp1]:199635 [SgUp2]:198864 [SgUp3]:203773 [SgUp4]:0 [SgLow1]:199280 [SgLow2]:198518 [SgLow3]:203466 [SgLow4]:0 [NetMuon1]:56094 [NetMuon2]:56100 [NetMuon3]:56032 [NetMuon4]:56394
[Run]:26380 [Site]:4 [Bin]:4980 [FullTime]:3590.16 [SkipTime]:0 [Veto1]:46.4166 [Veto2]:64.2512 [Veto3]:55.3226 [Veto4]:34.0749 [SgUp1]:199477 [SgUp2]:199375 [SgUp3]:203838 [SgUp4]:0 [SgLow1]:199121 [SgLow2]:198963 [SgLow3]:203489 [SgLow4]:0 [NetMuon1]:56345 [NetMuon2]:56066 [NetMuon3]:56179 [NetMuon4]:56528
[Run]:26380 [Site]:4 [Bin]:4981 [FullTime]:3590.17 [SkipTime]:0 [Veto1]:57.4711 [Veto2]:57.8926 [Veto3]:60.4483 [Veto4]:34.206 [SgUp1]:199304 [SgUp2]:199767 [SgUp3]:203764 [SgUp4]:0 [SgLow1]:198965 [SgLow2]:199454 [SgLow3]:203440 [SgLow4]:0 [NetMuon1]:56358 [NetMuon2]:56323 [NetMuon3]:56310 [NetMuon4]:56725
[Run]:26380 [Site]:4 [Bin]:4982 [FullTime]:3590.17 [SkipTime]:0 [Veto1]:52.5087 [Veto2]:53.482 [Veto3]:57.4206 [Veto4]:34.2038 [SgUp1]:198963 [SgUp2]:199495 [SgUp3]:205325 [SgUp4]:0 [SgLow1]:198697 [SgLow2]:199185 [SgLow3]:204984 [SgLow4]:0 [NetMuon1]:56441 [NetMuon2]:56410 [NetMuon3]:56367 [NetMuon4]:56721
[Run]:26380 [Site]:4 [Bin]:4983 [FullTime]:3590.17 [SkipTime]:0 [Veto1]:51.4128 [Veto2]:54.3776 [Veto3]:55.3611 [Veto4]:34.1047 [SgUp1]:198350 [SgUp2]:200698 [SgUp3]:204806 [SgUp4]:0 [SgLow1]:198002 [SgLow2]:200317 [SgLow3]:204466 [SgLow4]:0 [NetMuon1]:56290 [NetMuon2]:56215 [NetMuon3]:56183 [NetMuon4]:56565
End process Run: 26380 ... 
[Run]:26380 [Site]:4 [Bin]:4984 [FullTime]:1584.01 [SkipTime]:0 [Veto1]:30.3475 [Veto2]:18.4785 [Veto3]:28.3836 [Veto4]:14.881
