StreamChain add 0x1a5ce7e0
Start to process run: 35190 ... 
[Run]:35190 [Site]:4 [Bin]:7800 [FullTime]:580.833 [SkipTime]:0 [Veto1]:8.86949 [Veto2]:10.7993 [Veto3]:12.8204 [Veto4]:9.86159 [SgUp1]:31901 [SgUp2]:32084 [SgUp3]:32258 [SgUp4]:32030 [SgLow1]:31859 [SgLow2]:32035 [SgLow3]:32203 [SgLow4]:31980 [NetMuon1]:10937 [NetMuon2]:10877 [NetMuon3]:10869 [NetMuon4]:10920
[Run]:35190 [Site]:4 [Bin]:7801 [FullTime]:3590.17 [SkipTime]:0 [Veto1]:74.7346 [Veto2]:70.7607 [Veto3]:64.788 [Veto4]:70.7878 [SgUp1]:195822 [SgUp2]:196890 [SgUp3]:200927 [SgUp4]:198072 [SgLow1]:195452 [SgLow2]:196616 [SgLow3]:200589 [SgLow4]:197787 [NetMuon1]:72766 [NetMuon2]:72849 [NetMuon3]:72987 [NetMuon4]:72896
[Run]:35190 [Site]:4 [Bin]:7802 [FullTime]:3590.17 [SkipTime]:0 [Veto1]:66.8844 [Veto2]:75.5394 [Veto3]:73.8012 [Veto4]:67.9276 [SgUp1]:195865 [SgUp2]:196665 [SgUp3]:199902 [SgUp4]:197741 [SgLow1]:195545 [SgLow2]:196360 [SgLow3]:199611 [SgLow4]:197426 [NetMuon1]:80916 [NetMuon2]:80665 [NetMuon3]:80753 [NetMuon4]:80873
[Run]:35190 [Site]:4 [Bin]:7803 [FullTime]:3590.17 [SkipTime]:0 [Veto1]:78.6771 [Veto2]:81.1673 [Veto3]:74.6781 [Veto4]:69.814 [SgUp1]:195317 [SgUp2]:196160 [SgUp3]:200006 [SgUp4]:198334 [SgLow1]:194936 [SgLow2]:195825 [SgLow3]:199757 [SgLow4]:198025 [NetMuon1]:82100 [NetMuon2]:81930 [NetMuon3]:82116 [NetMuon4]:82260
[Run]:35190 [Site]:4 [Bin]:7804 [FullTime]:3590.17 [SkipTime]:0 [Veto1]:66.5333 [Veto2]:66.5976 [Veto3]:56.6239 [Veto4]:65.5383 [SgUp1]:195827 [SgUp2]:196300 [SgUp3]:202067 [SgUp4]:197933 [SgLow1]:195518 [SgLow2]:195987 [SgLow3]:201762 [SgLow4]:197613 [NetMuon1]:72433 [NetMuon2]:72425 [NetMuon3]:72646 [NetMuon4]:72483
[Run]:35190 [Site]:4 [Bin]:7805 [FullTime]:3590.17 [SkipTime]:0 [Veto1]:70.8031 [Veto2]:69.8158 [Veto3]:72.8102 [Veto4]:71.7736 [SgUp1]:195515 [SgUp2]:196232 [SgUp3]:201315 [SgUp4]:197763 [SgLow1]:195213 [SgLow2]:195915 [SgLow3]:200965 [SgLow4]:197467 [NetMuon1]:74497 [NetMuon2]:74549 [NetMuon3]:74484 [NetMuon4]:74507
[Run]:35190 [Site]:4 [Bin]:7806 [FullTime]:3590.17 [SkipTime]:0 [Veto1]:76.2489 [Veto2]:74.2691 [Veto3]:72.279 [Veto4]:82.2057 [SgUp1]:196035 [SgUp2]:195886 [SgUp3]:200113 [SgUp4]:196944 [SgLow1]:195710 [SgLow2]:195580 [SgLow3]:199750 [SgLow4]:196617 [NetMuon1]:79938 [NetMuon2]:79936 [NetMuon3]:80010 [NetMuon4]:79822
[Run]:35190 [Site]:4 [Bin]:7807 [FullTime]:3590.17 [SkipTime]:0 [Veto1]:74.4884 [Veto2]:63.5822 [Veto3]:70.4838 [Veto4]:65.5516 [SgUp1]:195044 [SgUp2]:196008 [SgUp3]:200164 [SgUp4]:198261 [SgLow1]:194758 [SgLow2]:195701 [SgLow3]:199840 [SgLow4]:197947 [NetMuon1]:73967 [NetMuon2]:74210 [NetMuon3]:74042 [NetMuon4]:74157
[Run]:35190 [Site]:4 [Bin]:7808 [FullTime]:3590.17 [SkipTime]:0 [Veto1]:80.851 [Veto2]:70.9593 [Veto3]:72.46 [Veto4]:72.0047 [SgUp1]:194470 [SgUp2]:196279 [SgUp3]:199825 [SgUp4]:197778 [SgLow1]:194195 [SgLow2]:195908 [SgLow3]:199481 [SgLow4]:197454 [NetMuon1]:76173 [NetMuon2]:76380 [NetMuon3]:76316 [NetMuon4]:76342
[Run]:35190 [Site]:4 [Bin]:7809 [FullTime]:3590.17 [SkipTime]:0 [Veto1]:74.8104 [Veto2]:54.11 [Veto3]:62.9984 [Veto4]:60.052 [SgUp1]:194827 [SgUp2]:197755 [SgUp3]:200501 [SgUp4]:199330 [SgLow1]:194517 [SgLow2]:197425 [SgLow3]:200178 [SgLow4]:199019 [NetMuon1]:63535 [NetMuon2]:63915 [NetMuon3]:63749 [NetMuon4]:63797
[Run]:35190 [Site]:4 [Bin]:7810 [FullTime]:3590.18 [SkipTime]:0 [Veto1]:62.8813 [Veto2]:58.8788 [Veto3]:63.8992 [Veto4]:61.9068 [SgUp1]:195655 [SgUp2]:197412 [SgUp3]:201375 [SgUp4]:198295 [SgLow1]:195319 [SgLow2]:197086 [SgLow3]:201050 [SgLow4]:197973 [NetMuon1]:65196 [NetMuon2]:65266 [NetMuon3]:65156 [NetMuon4]:65190
[Run]:35190 [Site]:4 [Bin]:7811 [FullTime]:3590.17 [SkipTime]:0 [Veto1]:68.747 [Veto2]:62.8312 [Veto3]:61.8434 [Veto4]:70.7452 [SgUp1]:195132 [SgUp2]:196547 [SgUp3]:201300 [SgUp4]:197301 [SgLow1]:194744 [SgLow2]:196264 [SgLow3]:200988 [SgLow4]:197013 [NetMuon1]:68244 [NetMuon2]:68317 [NetMuon3]:68352 [NetMuon4]:68172
[Run]:35190 [Site]:4 [Bin]:7812 [FullTime]:3590.17 [SkipTime]:0 [Veto1]:65.2122 [Veto2]:73.0516 [Veto3]:67.2067 [Veto4]:65.2101 [SgUp1]:196304 [SgUp2]:195930 [SgUp3]:201545 [SgUp4]:198334 [SgLow1]:195961 [SgLow2]:195582 [SgLow3]:201232 [SgLow4]:197992 [NetMuon1]:77021 [NetMuon2]:76811 [NetMuon3]:77005 [NetMuon4]:77016
[Run]:35190 [Site]:4 [Bin]:7813 [FullTime]:3590.17 [SkipTime]:0 [Veto1]:70.3467 [Veto2]:83.0236 [Veto3]:84.6592 [Veto4]:84.0385 [SgUp1]:195224 [SgUp2]:194610 [SgUp3]:200141 [SgUp4]:197502 [SgLow1]:194920 [SgLow2]:194243 [SgLow3]:199819 [SgLow4]:197148 [NetMuon1]:94888 [NetMuon2]:94509 [NetMuon3]:94460 [NetMuon4]:94500
[Run]:35190 [Site]:4 [Bin]:7814 [FullTime]:3590.17 [SkipTime]:0 [Veto1]:79.3477 [Veto2]:84.2485 [Veto3]:79.3554 [Veto4]:80.3905 [SgUp1]:194833 [SgUp2]:196366 [SgUp3]:200730 [SgUp4]:197589 [SgLow1]:194515 [SgLow2]:196118 [SgLow3]:200400 [SgLow4]:197301 [NetMuon1]:96777 [NetMuon2]:96638 [NetMuon3]:96781 [NetMuon4]:96747
[Run]:35190 [Site]:4 [Bin]:7815 [FullTime]:3590.17 [SkipTime]:0 [Veto1]:77.8802 [Veto2]:96.5008 [Veto3]:89.7111 [Veto4]:81.7725 [SgUp1]:194460 [SgUp2]:195186 [SgUp3]:200058 [SgUp4]:197638 [SgLow1]:194127 [SgLow2]:194883 [SgLow3]:199741 [SgLow4]:197345 [NetMuon1]:102524 [NetMuon2]:102031 [NetMuon3]:102253 [NetMuon4]:102395
[Run]:35190 [Site]:4 [Bin]:7816 [FullTime]:3590.17 [SkipTime]:0 [Veto1]:86.1819 [Veto2]:83.2224 [Veto3]:91.0562 [Veto4]:85.1923 [SgUp1]:194537 [SgUp2]:195481 [SgUp3]:200347 [SgUp4]:197461 [SgLow1]:194247 [SgLow2]:195157 [SgLow3]:200037 [SgLow4]:197145 [NetMuon1]:102844 [NetMuon2]:102874 [NetMuon3]:102676 [NetMuon4]:102829
[Run]:35190 [Site]:4 [Bin]:7817 [FullTime]:3590.17 [SkipTime]:0 [Veto1]:85.7804 [Veto2]:85.6963 [Veto3]:87.6908 [Veto4]:87.6755 [SgUp1]:194798 [SgUp2]:194693 [SgUp3]:201164 [SgUp4]:197543 [SgLow1]:194527 [SgLow2]:194393 [SgLow3]:200835 [SgLow4]:197234 [NetMuon1]:107053 [NetMuon2]:107007 [NetMuon3]:106955 [NetMuon4]:106888
[Run]:35190 [Site]:4 [Bin]:7818 [FullTime]:3590.17 [SkipTime]:0 [Veto1]:86.4103 [Veto2]:93.1015 [Veto3]:89.403 [Veto4]:82.2346 [SgUp1]:193620 [SgUp2]:196168 [SgUp3]:201097 [SgUp4]:197138 [SgLow1]:193311 [SgLow2]:195864 [SgLow3]:200744 [SgLow4]:196822 [NetMuon1]:109728 [NetMuon2]:109592 [NetMuon3]:109677 [NetMuon4]:109869
[Run]:35190 [Site]:4 [Bin]:7819 [FullTime]:3590.17 [SkipTime]:0 [Veto1]:92.4021 [Veto2]:93.3132 [Veto3]:90.3964 [Veto4]:87.4662 [SgUp1]:193598 [SgUp2]:194460 [SgUp3]:200815 [SgUp4]:196455 [SgLow1]:193260 [SgLow2]:194175 [SgLow3]:200531 [SgLow4]:196113 [NetMuon1]:117563 [NetMuon2]:117551 [NetMuon3]:117634 [NetMuon4]:117731
[Run]:35190 [Site]:4 [Bin]:7820 [FullTime]:3590.17 [SkipTime]:0 [Veto1]:81.4988 [Veto2]:96.0981 [Veto3]:87.318 [Veto4]:78.4809 [SgUp1]:195117 [SgUp2]:194810 [SgUp3]:200745 [SgUp4]:198244 [SgLow1]:194744 [SgLow2]:194511 [SgLow3]:200446 [SgLow4]:197953 [NetMuon1]:111117 [NetMuon2]:110565 [NetMuon3]:110890 [NetMuon4]:111161
[Run]:35190 [Site]:4 [Bin]:7821 [FullTime]:3590.17 [SkipTime]:0 [Veto1]:85.19 [Veto2]:77.4603 [Veto3]:69.4236 [Veto4]:81.1892 [SgUp1]:195353 [SgUp2]:195397 [SgUp3]:201771 [SgUp4]:196998 [SgLow1]:194999 [SgLow2]:195121 [SgLow3]:201469 [SgLow4]:196710 [NetMuon1]:91250 [NetMuon2]:91452 [NetMuon3]:91660 [NetMuon4]:91316
[Run]:35190 [Site]:4 [Bin]:7822 [FullTime]:3590.17 [SkipTime]:0 [Veto1]:66.4606 [Veto2]:69.3447 [Veto3]:68.4393 [Veto4]:67.4454 [SgUp1]:195235 [SgUp2]:195802 [SgUp3]:202429 [SgUp4]:198614 [SgLow1]:194917 [SgLow2]:195468 [SgLow3]:202092 [SgLow4]:198285 [NetMuon1]:77065 [NetMuon2]:77004 [NetMuon3]:77073 [NetMuon4]:77061
End process Run: 35190 ... 
[Run]:35190 [Site]:4 [Bin]:7823 [FullTime]:2739.03 [SkipTime]:0 [Veto1]:43.3181 [Veto2]:41.3372 [Veto3]:51.1316 [Veto4]:41.3436
