StreamChain add 0x29927e0
Start to process run: 35627 ... 
[Run]:35627 [Site]:4 [Bin]:8184 [FullTime]:2090.57 [SkipTime]:0 [Veto1]:35.1502 [Veto2]:31.5233 [Veto3]:29.2239 [Veto4]:36.18 [SgUp1]:114275 [SgUp2]:115111 [SgUp3]:119214 [SgUp4]:115667 [SgLow1]:114026 [SgLow2]:114938 [SgLow3]:119036 [SgLow4]:115485 [NetMuon1]:33650 [NetMuon2]:33706 [NetMuon3]:33731 [NetMuon4]:33650
[Run]:35627 [Site]:4 [Bin]:8185 [FullTime]:3590.17 [SkipTime]:0 [Veto1]:57.4916 [Veto2]:57.5229 [Veto3]:63.2199 [Veto4]:52.5543 [SgUp1]:196940 [SgUp2]:196979 [SgUp3]:203372 [SgUp4]:199001 [SgLow1]:196642 [SgLow2]:196625 [SgLow3]:203060 [SgLow4]:198674 [NetMuon1]:59638 [NetMuon2]:59692 [NetMuon3]:59503 [NetMuon4]:59742
[Run]:35627 [Site]:4 [Bin]:8186 [FullTime]:3590.18 [SkipTime]:0 [Veto1]:58.1872 [Veto2]:46.6108 [Veto3]:59.1771 [Veto4]:58.1011 [SgUp1]:195619 [SgUp2]:198126 [SgUp3]:203807 [SgUp4]:199449 [SgLow1]:195316 [SgLow2]:197792 [SgLow3]:203470 [SgLow4]:199121 [NetMuon1]:60711 [NetMuon2]:60954 [NetMuon3]:60751 [NetMuon4]:60739
[Run]:35627 [Site]:4 [Bin]:8187 [FullTime]:3590.16 [SkipTime]:0 [Veto1]:60.161 [Veto2]:57.2063 [Veto3]:54.2165 [Veto4]:61.1202 [SgUp1]:195594 [SgUp2]:197695 [SgUp3]:204415 [SgUp4]:198829 [SgLow1]:195297 [SgLow2]:197393 [SgLow3]:204103 [SgLow4]:198510 [NetMuon1]:60739 [NetMuon2]:60782 [NetMuon3]:60843 [NetMuon4]:60690
[Run]:35627 [Site]:4 [Bin]:8188 [FullTime]:3590.17 [SkipTime]:0 [Veto1]:61.8824 [Veto2]:55.8818 [Veto3]:55.8988 [Veto4]:63.9362 [SgUp1]:196594 [SgUp2]:197498 [SgUp3]:204253 [SgUp4]:198468 [SgLow1]:196271 [SgLow2]:197187 [SgLow3]:203880 [SgLow4]:198159 [NetMuon1]:63497 [NetMuon2]:63585 [NetMuon3]:63598 [NetMuon4]:63435
[Run]:35627 [Site]:4 [Bin]:8189 [FullTime]:3590.17 [SkipTime]:0 [Veto1]:65.7302 [Veto2]:52.311 [Veto3]:65.081 [Veto4]:54.2457 [SgUp1]:196347 [SgUp2]:197257 [SgUp3]:203265 [SgUp4]:199201 [SgLow1]:195966 [SgLow2]:196917 [SgLow3]:202928 [SgLow4]:198889 [NetMuon1]:62364 [NetMuon2]:62584 [NetMuon3]:62336 [NetMuon4]:62544
[Run]:35627 [Site]:4 [Bin]:8190 [FullTime]:3590.17 [SkipTime]:0 [Veto1]:53.7034 [Veto2]:53.7012 [Veto3]:52.6613 [Veto4]:57.6392 [SgUp1]:196742 [SgUp2]:198709 [SgUp3]:205135 [SgUp4]:198795 [SgLow1]:196395 [SgLow2]:198416 [SgLow3]:204805 [SgLow4]:198451 [NetMuon1]:61633 [NetMuon2]:61626 [NetMuon3]:61629 [NetMuon4]:61554
[Run]:35627 [Site]:4 [Bin]:8191 [FullTime]:3590.17 [SkipTime]:0 [Veto1]:61.8865 [Veto2]:62.8107 [Veto3]:68.042 [Veto4]:61.9101 [SgUp1]:196229 [SgUp2]:196757 [SgUp3]:204087 [SgUp4]:199341 [SgLow1]:195926 [SgLow2]:196427 [SgLow3]:203784 [SgLow4]:199018 [NetMuon1]:69932 [NetMuon2]:69933 [NetMuon3]:69834 [NetMuon4]:69968
[Run]:35627 [Site]:4 [Bin]:8192 [FullTime]:3590.17 [SkipTime]:0 [Veto1]:60.4464 [Veto2]:67.3981 [Veto3]:58.4933 [Veto4]:58.5291 [SgUp1]:197033 [SgUp2]:197142 [SgUp3]:204440 [SgUp4]:199059 [SgLow1]:196734 [SgLow2]:196824 [SgLow3]:204108 [SgLow4]:198734 [NetMuon1]:59648 [NetMuon2]:59531 [NetMuon3]:59669 [NetMuon4]:59720
[Run]:35627 [Site]:4 [Bin]:8193 [FullTime]:3590.17 [SkipTime]:0 [Veto1]:59.851 [Veto2]:59.879 [Veto3]:52.9826 [Veto4]:60.8498 [SgUp1]:196172 [SgUp2]:197047 [SgUp3]:205143 [SgUp4]:198936 [SgLow1]:195869 [SgLow2]:196724 [SgLow3]:204808 [SgLow4]:198629 [NetMuon1]:57046 [NetMuon2]:57081 [NetMuon3]:57163 [NetMuon4]:57030
[Run]:35627 [Site]:4 [Bin]:8194 [FullTime]:3590.18 [SkipTime]:0 [Veto1]:51.4096 [Veto2]:53.3405 [Veto3]:57.3362 [Veto4]:57.3078 [SgUp1]:197280 [SgUp2]:197538 [SgUp3]:204444 [SgUp4]:199161 [SgLow1]:196888 [SgLow2]:197226 [SgLow3]:204116 [SgLow4]:198871 [NetMuon1]:57891 [NetMuon2]:57874 [NetMuon3]:57756 [NetMuon4]:57770
[Run]:35627 [Site]:4 [Bin]:8195 [FullTime]:3590.16 [SkipTime]:0 [Veto1]:54.5968 [Veto2]:64.7534 [Veto3]:65.4173 [Veto4]:64.4305 [SgUp1]:196061 [SgUp2]:196520 [SgUp3]:203835 [SgUp4]:198501 [SgLow1]:195756 [SgLow2]:196233 [SgLow3]:203470 [SgLow4]:198130 [NetMuon1]:59791 [NetMuon2]:59636 [NetMuon3]:59578 [NetMuon4]:59652
[Run]:35627 [Site]:4 [Bin]:8196 [FullTime]:3590.17 [SkipTime]:0 [Veto1]:57.9153 [Veto2]:61.5509 [Veto3]:54.9364 [Veto4]:61.9179 [SgUp1]:196704 [SgUp2]:197027 [SgUp3]:204776 [SgUp4]:198251 [SgLow1]:196396 [SgLow2]:196707 [SgLow3]:204466 [SgLow4]:197895 [NetMuon1]:60384 [NetMuon2]:60353 [NetMuon3]:60445 [NetMuon4]:60312
[Run]:35627 [Site]:4 [Bin]:8197 [FullTime]:3590.17 [SkipTime]:0 [Veto1]:57.4672 [Veto2]:53.7643 [Veto3]:58.6416 [Veto4]:56.6264 [SgUp1]:195748 [SgUp2]:198218 [SgUp3]:203844 [SgUp4]:198669 [SgLow1]:195443 [SgLow2]:197908 [SgLow3]:203468 [SgLow4]:198396 [NetMuon1]:59968 [NetMuon2]:60087 [NetMuon3]:59979 [NetMuon4]:59993
[Run]:35627 [Site]:4 [Bin]:8198 [FullTime]:3590.17 [SkipTime]:0 [Veto1]:62.7661 [Veto2]:68.7324 [Veto3]:62.7973 [Veto4]:56.765 [SgUp1]:194581 [SgUp2]:196605 [SgUp3]:203492 [SgUp4]:199252 [SgLow1]:194257 [SgLow2]:196301 [SgLow3]:203160 [SgLow4]:198933 [NetMuon1]:63483 [NetMuon2]:63403 [NetMuon3]:63529 [NetMuon4]:63586
[Run]:35627 [Site]:4 [Bin]:8199 [FullTime]:3590.17 [SkipTime]:0 [Veto1]:52.7219 [Veto2]:54.7208 [Veto3]:57.682 [Veto4]:49.8122 [SgUp1]:197384 [SgUp2]:196982 [SgUp3]:204025 [SgUp4]:198234 [SgLow1]:197074 [SgLow2]:196711 [SgLow3]:203689 [SgLow4]:197930 [NetMuon1]:61711 [NetMuon2]:61709 [NetMuon3]:61681 [NetMuon4]:61789
[Run]:35627 [Site]:4 [Bin]:8200 [FullTime]:3590.17 [SkipTime]:0 [Veto1]:61.0275 [Veto2]:65.0054 [Veto3]:61.9908 [Veto4]:51.1193 [SgUp1]:195199 [SgUp2]:196318 [SgUp3]:203250 [SgUp4]:199220 [SgLow1]:194890 [SgLow2]:195996 [SgLow3]:202943 [SgLow4]:198916 [NetMuon1]:60584 [NetMuon2]:60501 [NetMuon3]:60537 [NetMuon4]:60724
[Run]:35627 [Site]:4 [Bin]:8201 [FullTime]:3590.17 [SkipTime]:0 [Veto1]:77.5894 [Veto2]:58.9511 [Veto3]:63.8947 [Veto4]:57.0191 [SgUp1]:195363 [SgUp2]:196498 [SgUp3]:203002 [SgUp4]:198440 [SgLow1]:195099 [SgLow2]:196135 [SgLow3]:202643 [SgLow4]:198100 [NetMuon1]:60075 [NetMuon2]:60437 [NetMuon3]:60351 [NetMuon4]:60523
[Run]:35627 [Site]:4 [Bin]:8202 [FullTime]:3590.17 [SkipTime]:0 [Veto1]:58.826 [Veto2]:55.37 [Veto3]:61.2502 [Veto4]:55.3869 [SgUp1]:196029 [SgUp2]:196921 [SgUp3]:203068 [SgUp4]:198809 [SgLow1]:195687 [SgLow2]:196638 [SgLow3]:202791 [SgLow4]:198512 [NetMuon1]:61064 [NetMuon2]:61086 [NetMuon3]:61024 [NetMuon4]:61100
[Run]:35627 [Site]:4 [Bin]:8203 [FullTime]:3590.17 [SkipTime]:0 [Veto1]:62.5223 [Veto2]:62.5238 [Veto3]:63.4802 [Veto4]:50.672 [SgUp1]:195359 [SgUp2]:196324 [SgUp3]:202556 [SgUp4]:198941 [SgLow1]:195019 [SgLow2]:196017 [SgLow3]:202217 [SgLow4]:198627 [NetMuon1]:61373 [NetMuon2]:61396 [NetMuon3]:61367 [NetMuon4]:61614
[Run]:35627 [Site]:4 [Bin]:8204 [FullTime]:3590.17 [SkipTime]:0 [Veto1]:62.375 [Veto2]:62.2862 [Veto3]:52.4157 [Veto4]:68.3539 [SgUp1]:195129 [SgUp2]:196718 [SgUp3]:204191 [SgUp4]:198678 [SgLow1]:194817 [SgLow2]:196423 [SgLow3]:203864 [SgLow4]:198367 [NetMuon1]:61121 [NetMuon2]:61093 [NetMuon3]:61289 [NetMuon4]:61039
[Run]:35627 [Site]:4 [Bin]:8205 [FullTime]:3590.17 [SkipTime]:0 [Veto1]:52.5059 [Veto2]:56.3575 [Veto3]:63.3138 [Veto4]:61.3838 [SgUp1]:196490 [SgUp2]:196982 [SgUp3]:202635 [SgUp4]:199252 [SgLow1]:196160 [SgLow2]:196696 [SgLow3]:202322 [SgLow4]:198941 [NetMuon1]:59660 [NetMuon2]:59555 [NetMuon3]:59470 [NetMuon4]:59507
[Run]:35627 [Site]:4 [Bin]:8206 [FullTime]:3590.17 [SkipTime]:0 [Veto1]:55.8665 [Veto2]:58.3614 [Veto3]:49.4429 [Veto4]:55.458 [SgUp1]:195621 [SgUp2]:197281 [SgUp3]:203568 [SgUp4]:198697 [SgLow1]:195331 [SgLow2]:197026 [SgLow3]:203235 [SgLow4]:198364 [NetMuon1]:57910 [NetMuon2]:57845 [NetMuon3]:57993 [NetMuon4]:57926
[Run]:35627 [Site]:4 [Bin]:8207 [FullTime]:3590.17 [SkipTime]:0 [Veto1]:49.4536 [Veto2]:52.35 [Veto3]:56.3553 [Veto4]:58.0108 [SgUp1]:196684 [SgUp2]:196920 [SgUp3]:204150 [SgUp4]:199048 [SgLow1]:196286 [SgLow2]:196622 [SgLow3]:203848 [SgLow4]:198762 [NetMuon1]:57962 [NetMuon2]:57845 [NetMuon3]:57815 [NetMuon4]:57789
[Run]:35627 [Site]:4 [Bin]:8208 [FullTime]:3590.17 [SkipTime]:0 [Veto1]:54.441 [Veto2]:57.358 [Veto3]:57.389 [Veto4]:66.2972 [SgUp1]:196930 [SgUp2]:198114 [SgUp3]:203778 [SgUp4]:197931 [SgLow1]:196608 [SgLow2]:197771 [SgLow3]:203495 [SgLow4]:197631 [NetMuon1]:56278 [NetMuon2]:56220 [NetMuon3]:56257 [NetMuon4]:56089
[Run]:35627 [Site]:4 [Bin]:8209 [FullTime]:3590.17 [SkipTime]:0 [Veto1]:52.7782 [Veto2]:58.6606 [Veto3]:62.5519 [Veto4]:53.6921 [SgUp1]:197085 [SgUp2]:198260 [SgUp3]:203926 [SgUp4]:198712 [SgLow1]:196717 [SgLow2]:197971 [SgLow3]:203605 [SgLow4]:198406 [NetMuon1]:56799 [NetMuon2]:56699 [NetMuon3]:56616 [NetMuon4]:56766
[Run]:35627 [Site]:4 [Bin]:8210 [FullTime]:3590.17 [SkipTime]:0 [Veto1]:51.9627 [Veto2]:51.9462 [Veto3]:56.8989 [Veto4]:66.8065 [SgUp1]:197212 [SgUp2]:197664 [SgUp3]:204147 [SgUp4]:198439 [SgLow1]:196912 [SgLow2]:197348 [SgLow3]:203806 [SgLow4]:198113 [NetMuon1]:57171 [NetMuon2]:57132 [NetMuon3]:57088 [NetMuon4]:56897
[Run]:35627 [Site]:4 [Bin]:8211 [FullTime]:3590.17 [SkipTime]:0 [Veto1]:58.5902 [Veto2]:61.5386 [Veto3]:50.6858 [Veto4]:63.5096 [SgUp1]:196709 [SgUp2]:197349 [SgUp3]:203480 [SgUp4]:198381 [SgLow1]:196362 [SgLow2]:197022 [SgLow3]:203131 [SgLow4]:198079 [NetMuon1]:56519 [NetMuon2]:56498 [NetMuon3]:56679 [NetMuon4]:56465
[Run]:35627 [Site]:4 [Bin]:8212 [FullTime]:3590.17 [SkipTime]:0 [Veto1]:53.4029 [Veto2]:55.3121 [Veto3]:67.2501 [Veto4]:57.3466 [SgUp1]:196290 [SgUp2]:196840 [SgUp3]:202995 [SgUp4]:198590 [SgLow1]:195987 [SgLow2]:196541 [SgLow3]:202684 [SgLow4]:198305 [NetMuon1]:57874 [NetMuon2]:57864 [NetMuon3]:57654 [NetMuon4]:57822
[Run]:35627 [Site]:4 [Bin]:8213 [FullTime]:3590.17 [SkipTime]:0 [Veto1]:47.9317 [Veto2]:51.9033 [Veto3]:53.8209 [Veto4]:50.8838 [SgUp1]:197343 [SgUp2]:197569 [SgUp3]:204064 [SgUp4]:198962 [SgLow1]:197040 [SgLow2]:197237 [SgLow3]:203732 [SgLow4]:198622 [NetMuon1]:57064 [NetMuon2]:57031 [NetMuon3]:56960 [NetMuon4]:57038
[Run]:35627 [Site]:4 [Bin]:8214 [FullTime]:3590.17 [SkipTime]:0 [Veto1]:52.6238 [Veto2]:58.0231 [Veto3]:64.5243 [Veto4]:52.5819 [SgUp1]:196904 [SgUp2]:197920 [SgUp3]:202941 [SgUp4]:198819 [SgLow1]:196571 [SgLow2]:197586 [SgLow3]:202586 [SgLow4]:198476 [NetMuon1]:56541 [NetMuon2]:56491 [NetMuon3]:56351 [NetMuon4]:56526
[Run]:35627 [Site]:4 [Bin]:8215 [FullTime]:3590.17 [SkipTime]:0 [Veto1]:63.5313 [Veto2]:56.54 [Veto3]:59.5652 [Veto4]:59.525 [SgUp1]:195341 [SgUp2]:198306 [SgUp3]:202430 [SgUp4]:198562 [SgLow1]:195027 [SgLow2]:197956 [SgLow3]:202143 [SgLow4]:198242 [NetMuon1]:56463 [NetMuon2]:56532 [NetMuon3]:56514 [NetMuon4]:56490
[Run]:35627 [Site]:4 [Bin]:8216 [FullTime]:3590.17 [SkipTime]:0 [Veto1]:56.1154 [Veto2]:53.2161 [Veto3]:54.1604 [Veto4]:60.1231 [SgUp1]:196654 [SgUp2]:196691 [SgUp3]:203358 [SgUp4]:198481 [SgLow1]:196339 [SgLow2]:196378 [SgLow3]:202975 [SgLow4]:198208 [NetMuon1]:55908 [NetMuon2]:55946 [NetMuon3]:55932 [NetMuon4]:55835
[Run]:35627 [Site]:4 [Bin]:8217 [FullTime]:3590.17 [SkipTime]:0 [Veto1]:73.323 [Veto2]:52.5265 [Veto3]:58.2322 [Veto4]:61.4568 [SgUp1]:195600 [SgUp2]:197364 [SgUp3]:203603 [SgUp4]:197914 [SgLow1]:195273 [SgLow2]:197057 [SgLow3]:203306 [SgLow4]:197589 [NetMuon1]:56146 [NetMuon2]:56461 [NetMuon3]:56417 [NetMuon4]:56347
[Run]:35627 [Site]:4 [Bin]:8218 [FullTime]:3590.17 [SkipTime]:0 [Veto1]:54.9771 [Veto2]:63.9179 [Veto3]:63.8766 [Veto4]:57.9933 [SgUp1]:196964 [SgUp2]:196901 [SgUp3]:202411 [SgUp4]:197857 [SgLow1]:196631 [SgLow2]:196598 [SgLow3]:202105 [SgLow4]:197568 [NetMuon1]:57251 [NetMuon2]:57085 [NetMuon3]:57097 [NetMuon4]:57220
[Run]:35627 [Site]:4 [Bin]:8219 [FullTime]:3590.17 [SkipTime]:0 [Veto1]:52.919 [Veto2]:57.8783 [Veto3]:57.8157 [Veto4]:52.907 [SgUp1]:196708 [SgUp2]:196488 [SgUp3]:203617 [SgUp4]:198627 [SgLow1]:196395 [SgLow2]:196172 [SgLow3]:203241 [SgLow4]:198307 [NetMuon1]:57117 [NetMuon2]:57045 [NetMuon3]:57008 [NetMuon4]:57104
[Run]:35627 [Site]:4 [Bin]:8220 [FullTime]:3590.18 [SkipTime]:0 [Veto1]:49.4147 [Veto2]:65.2113 [Veto3]:59.3127 [Veto4]:65.3007 [SgUp1]:196644 [SgUp2]:197004 [SgUp3]:203240 [SgUp4]:198686 [SgLow1]:196349 [SgLow2]:196655 [SgLow3]:202916 [SgLow4]:198388 [NetMuon1]:57901 [NetMuon2]:57661 [NetMuon3]:57771 [NetMuon4]:57674
[Run]:35627 [Site]:4 [Bin]:8221 [FullTime]:3590.17 [SkipTime]:0 [Veto1]:59.0067 [Veto2]:54.561 [Veto3]:54.9478 [Veto4]:61.7788 [SgUp1]:196156 [SgUp2]:196477 [SgUp3]:203651 [SgUp4]:198093 [SgLow1]:195842 [SgLow2]:196175 [SgLow3]:203286 [SgLow4]:197730 [NetMuon1]:58810 [NetMuon2]:58863 [NetMuon3]:58873 [NetMuon4]:58761
[Run]:35627 [Site]:4 [Bin]:8222 [FullTime]:3590.17 [SkipTime]:0 [Veto1]:57.869 [Veto2]:58.4345 [Veto3]:61.3447 [Veto4]:54.4769 [SgUp1]:195983 [SgUp2]:197380 [SgUp3]:202888 [SgUp4]:198382 [SgLow1]:195682 [SgLow2]:197072 [SgLow3]:202596 [SgLow4]:198044 [NetMuon1]:61246 [NetMuon2]:61288 [NetMuon3]:61206 [NetMuon4]:61324
[Run]:35627 [Site]:4 [Bin]:8223 [FullTime]:3590.17 [SkipTime]:0 [Veto1]:67.0931 [Veto2]:63.6703 [Veto3]:63.159 [Veto4]:54.2686 [SgUp1]:194998 [SgUp2]:196831 [SgUp3]:202515 [SgUp4]:199195 [SgLow1]:194737 [SgLow2]:196527 [SgLow3]:202199 [SgLow4]:198900 [NetMuon1]:60766 [NetMuon2]:60876 [NetMuon3]:60860 [NetMuon4]:61020
[Run]:35627 [Site]:4 [Bin]:8224 [FullTime]:3590.17 [SkipTime]:0 [Veto1]:50.852 [Veto2]:58.7638 [Veto3]:63.7535 [Veto4]:64.7272 [SgUp1]:195899 [SgUp2]:197545 [SgUp3]:202323 [SgUp4]:198251 [SgLow1]:195606 [SgLow2]:197253 [SgLow3]:202021 [SgLow4]:197937 [NetMuon1]:58626 [NetMuon2]:58507 [NetMuon3]:58449 [NetMuon4]:58438
[Run]:35627 [Site]:4 [Bin]:8225 [FullTime]:3590.17 [SkipTime]:0 [Veto1]:53.9667 [Veto2]:54.5172 [Veto3]:59.8254 [Veto4]:55.9496 [SgUp1]:195432 [SgUp2]:198580 [SgUp3]:203470 [SgUp4]:198793 [SgLow1]:195141 [SgLow2]:198223 [SgLow3]:203144 [SgLow4]:198485 [NetMuon1]:58809 [NetMuon2]:58806 [NetMuon3]:58665 [NetMuon4]:58782
[Run]:35627 [Site]:4 [Bin]:8226 [FullTime]:3590.17 [SkipTime]:0 [Veto1]:55.3068 [Veto2]:52.2828 [Veto3]:61.1563 [Veto4]:62.1743 [SgUp1]:195836 [SgUp2]:197631 [SgUp3]:203705 [SgUp4]:199346 [SgLow1]:195548 [SgLow2]:197369 [SgLow3]:203345 [SgLow4]:199035 [NetMuon1]:59333 [NetMuon2]:59341 [NetMuon3]:59152 [NetMuon4]:59180
[Run]:35627 [Site]:4 [Bin]:8227 [FullTime]:3590.17 [SkipTime]:0 [Veto1]:64.3238 [Veto2]:57.3969 [Veto3]:55.6123 [Veto4]:51.5082 [SgUp1]:195857 [SgUp2]:197035 [SgUp3]:203559 [SgUp4]:199113 [SgLow1]:195558 [SgLow2]:196682 [SgLow3]:203248 [SgLow4]:198823 [NetMuon1]:57798 [NetMuon2]:57951 [NetMuon3]:58011 [NetMuon4]:58077
[Run]:35627 [Site]:4 [Bin]:8228 [FullTime]:3590.17 [SkipTime]:0 [Veto1]:48.6345 [Veto2]:52.6111 [Veto3]:60.4885 [Veto4]:55.557 [SgUp1]:195755 [SgUp2]:197237 [SgUp3]:203569 [SgUp4]:198441 [SgLow1]:195465 [SgLow2]:196899 [SgLow3]:203229 [SgLow4]:198129 [NetMuon1]:58287 [NetMuon2]:58206 [NetMuon3]:58096 [NetMuon4]:58187
[Run]:35627 [Site]:4 [Bin]:8229 [FullTime]:3590.17 [SkipTime]:0 [Veto1]:58.4602 [Veto2]:57.7964 [Veto3]:61.755 [Veto4]:47.4926 [SgUp1]:195004 [SgUp2]:197441 [SgUp3]:202345 [SgUp4]:199474 [SgLow1]:194654 [SgLow2]:197042 [SgLow3]:202018 [SgLow4]:199159 [NetMuon1]:57959 [NetMuon2]:57928 [NetMuon3]:57928 [NetMuon4]:58119
[Run]:35627 [Site]:4 [Bin]:8230 [FullTime]:3590.17 [SkipTime]:0 [Veto1]:56.8805 [Veto2]:62.9423 [Veto3]:60.8269 [Veto4]:56.8922 [SgUp1]:196538 [SgUp2]:196743 [SgUp3]:202749 [SgUp4]:198655 [SgLow1]:196221 [SgLow2]:196359 [SgLow3]:202422 [SgLow4]:198379 [NetMuon1]:57065 [NetMuon2]:57000 [NetMuon3]:57007 [NetMuon4]:57038
[Run]:35627 [Site]:4 [Bin]:8231 [FullTime]:3590.17 [SkipTime]:0 [Veto1]:54.7327 [Veto2]:54.7133 [Veto3]:54.7205 [Veto4]:55.717 [SgUp1]:195895 [SgUp2]:197274 [SgUp3]:203452 [SgUp4]:198123 [SgLow1]:195594 [SgLow2]:196948 [SgLow3]:203149 [SgLow4]:197811 [NetMuon1]:56759 [NetMuon2]:56762 [NetMuon3]:56758 [NetMuon4]:56726
[Run]:35627 [Site]:4 [Bin]:8232 [FullTime]:3590.17 [SkipTime]:0 [Veto1]:53.0908 [Veto2]:59.0025 [Veto3]:63.9492 [Veto4]:56.0337 [SgUp1]:195517 [SgUp2]:197585 [SgUp3]:203264 [SgUp4]:199596 [SgLow1]:195196 [SgLow2]:197234 [SgLow3]:202903 [SgLow4]:199257 [NetMuon1]:55740 [NetMuon2]:55641 [NetMuon3]:55574 [NetMuon4]:55685
End process Run: 35627 ... 
[Run]:35627 [Site]:4 [Bin]:8233 [FullTime]:538.459 [SkipTime]:0 [Veto1]:7.26165 [Veto2]:9.2176 [Veto3]:7.25026 [Veto4]:7.22906
