StreamChain add 0xf0217e0
Start to process run: 36931 ... 
[Run]:36931 [Site]:4 [Bin]:9390 [FullTime]:3506.72 [SkipTime]:0 [Veto1]:55.0009 [Veto2]:46.474 [Veto3]:56.391 [Veto4]:64.3235 [SgUp1]:190866 [SgUp2]:193172 [SgUp3]:193969 [SgUp4]:192294 [SgLow1]:190549 [SgLow2]:192913 [SgLow3]:193677 [SgLow4]:191995 [NetMuon1]:53021 [NetMuon2]:53131 [NetMuon3]:52975 [NetMuon4]:52879
[Run]:36931 [Site]:4 [Bin]:9391 [FullTime]:3590.18 [SkipTime]:0 [Veto1]:52.3276 [Veto2]:59.2273 [Veto3]:52.2864 [Veto4]:54.2795 [SgUp1]:195286 [SgUp2]:197552 [SgUp3]:199824 [SgUp4]:197431 [SgLow1]:195002 [SgLow2]:197240 [SgLow3]:199494 [SgLow4]:197099 [NetMuon1]:54406 [NetMuon2]:54290 [NetMuon3]:54435 [NetMuon4]:54412
[Run]:36931 [Site]:4 [Bin]:9392 [FullTime]:3590.16 [SkipTime]:0 [Veto1]:48.3586 [Veto2]:55.2961 [Veto3]:64.1744 [Veto4]:52.315 [SgUp1]:196150 [SgUp2]:196956 [SgUp3]:199656 [SgUp4]:197523 [SgLow1]:195771 [SgLow2]:196641 [SgLow3]:199321 [SgLow4]:197200 [NetMuon1]:54547 [NetMuon2]:54438 [NetMuon3]:54299 [NetMuon4]:54487
[Run]:36931 [Site]:4 [Bin]:9393 [FullTime]:3590.17 [SkipTime]:0 [Veto1]:59.49 [Veto2]:55.2594 [Veto3]:53.184 [Veto4]:65.1663 [SgUp1]:195555 [SgUp2]:197449 [SgUp3]:199645 [SgUp4]:196983 [SgLow1]:195216 [SgLow2]:197126 [SgLow3]:199322 [SgLow4]:196690 [NetMuon1]:54255 [NetMuon2]:54314 [NetMuon3]:54360 [NetMuon4]:54211
[Run]:36931 [Site]:4 [Bin]:9394 [FullTime]:3590.18 [SkipTime]:0 [Veto1]:54.2986 [Veto2]:58.212 [Veto3]:54.2418 [Veto4]:59.1921 [SgUp1]:195395 [SgUp2]:196349 [SgUp3]:199150 [SgUp4]:197518 [SgLow1]:195066 [SgLow2]:196064 [SgLow3]:198854 [SgLow4]:197215 [NetMuon1]:54397 [NetMuon2]:54279 [NetMuon3]:54386 [NetMuon4]:54291
[Run]:36931 [Site]:4 [Bin]:9395 [FullTime]:3590.16 [SkipTime]:0 [Veto1]:55.3173 [Veto2]:56.2829 [Veto3]:52.3153 [Veto4]:57.7672 [SgUp1]:195339 [SgUp2]:197632 [SgUp3]:199831 [SgUp4]:198301 [SgLow1]:195012 [SgLow2]:197333 [SgLow3]:199528 [SgLow4]:197948 [NetMuon1]:54466 [NetMuon2]:54456 [NetMuon3]:54492 [NetMuon4]:54345
[Run]:36931 [Site]:4 [Bin]:9396 [FullTime]:3590.17 [SkipTime]:0 [Veto1]:54.9588 [Veto2]:58.6449 [Veto3]:53.9785 [Veto4]:53.929 [SgUp1]:195254 [SgUp2]:196536 [SgUp3]:199565 [SgUp4]:197724 [SgLow1]:194949 [SgLow2]:196223 [SgLow3]:199241 [SgLow4]:197398 [NetMuon1]:53923 [NetMuon2]:53846 [NetMuon3]:53946 [NetMuon4]:53905
[Run]:36931 [Site]:4 [Bin]:9397 [FullTime]:3590.17 [SkipTime]:0 [Veto1]:63.2031 [Veto2]:62.2618 [Veto3]:49.3713 [Veto4]:50.3357 [SgUp1]:194070 [SgUp2]:196284 [SgUp3]:198497 [SgUp4]:198357 [SgLow1]:193779 [SgLow2]:196014 [SgLow3]:198201 [SgLow4]:198057 [NetMuon1]:54276 [NetMuon2]:54309 [NetMuon3]:54518 [NetMuon4]:54503
[Run]:36931 [Site]:4 [Bin]:9398 [FullTime]:3590.17 [SkipTime]:0 [Veto1]:59.2123 [Veto2]:54.2729 [Veto3]:57.2368 [Veto4]:60.2079 [SgUp1]:194958 [SgUp2]:195863 [SgUp3]:198729 [SgUp4]:198592 [SgLow1]:194636 [SgLow2]:195522 [SgLow3]:198379 [SgLow4]:198276 [NetMuon1]:54330 [NetMuon2]:54391 [NetMuon3]:54361 [NetMuon4]:54287
[Run]:36931 [Site]:4 [Bin]:9399 [FullTime]:3590.17 [SkipTime]:0 [Veto1]:60.4556 [Veto2]:56.4606 [Veto3]:64.4212 [Veto4]:58.4628 [SgUp1]:194506 [SgUp2]:197189 [SgUp3]:198391 [SgUp4]:197539 [SgLow1]:194229 [SgLow2]:196873 [SgLow3]:198064 [SgLow4]:197265 [NetMuon1]:54637 [NetMuon2]:54686 [NetMuon3]:54592 [NetMuon4]:54640
[Run]:36931 [Site]:4 [Bin]:9400 [FullTime]:3590.17 [SkipTime]:0 [Veto1]:61.2156 [Veto2]:49.2648 [Veto3]:59.21 [Veto4]:59.2293 [SgUp1]:195325 [SgUp2]:197736 [SgUp3]:198398 [SgUp4]:197603 [SgLow1]:195025 [SgLow2]:197425 [SgLow3]:198118 [SgLow4]:197298 [NetMuon1]:54253 [NetMuon2]:54472 [NetMuon3]:54371 [NetMuon4]:54345
[Run]:36931 [Site]:4 [Bin]:9401 [FullTime]:3590.17 [SkipTime]:0 [Veto1]:56.2038 [Veto2]:49.2533 [Veto3]:50.2287 [Veto4]:64.1329 [SgUp1]:195606 [SgUp2]:197127 [SgUp3]:199262 [SgUp4]:198046 [SgLow1]:195292 [SgLow2]:196799 [SgLow3]:198956 [SgLow4]:197733 [NetMuon1]:54326 [NetMuon2]:54420 [NetMuon3]:54418 [NetMuon4]:54195
[Run]:36931 [Site]:4 [Bin]:9402 [FullTime]:3590.17 [SkipTime]:0 [Veto1]:48.3876 [Veto2]:54.2395 [Veto3]:59.2124 [Veto4]:59.1819 [SgUp1]:196323 [SgUp2]:197714 [SgUp3]:198433 [SgUp4]:198336 [SgLow1]:196033 [SgLow2]:197395 [SgLow3]:198131 [SgLow4]:198040 [NetMuon1]:54480 [NetMuon2]:54382 [NetMuon3]:54304 [NetMuon4]:54289
[Run]:36931 [Site]:4 [Bin]:9403 [FullTime]:3590.18 [SkipTime]:0 [Veto1]:57.268 [Veto2]:54.2734 [Veto3]:53.3052 [Veto4]:54.2869 [SgUp1]:195703 [SgUp2]:197150 [SgUp3]:199866 [SgUp4]:197933 [SgLow1]:195364 [SgLow2]:196848 [SgLow3]:199579 [SgLow4]:197638 [NetMuon1]:54374 [NetMuon2]:54452 [NetMuon3]:54445 [NetMuon4]:54462
[Run]:36931 [Site]:4 [Bin]:9404 [FullTime]:3590.17 [SkipTime]:0 [Veto1]:56.1109 [Veto2]:49.2352 [Veto3]:59.0861 [Veto4]:54.1675 [SgUp1]:195277 [SgUp2]:196963 [SgUp3]:198246 [SgUp4]:198068 [SgLow1]:194986 [SgLow2]:196699 [SgLow3]:197912 [SgLow4]:197756 [NetMuon1]:54176 [NetMuon2]:54302 [NetMuon3]:54121 [NetMuon4]:54219
[Run]:36931 [Site]:4 [Bin]:9405 [FullTime]:3590.17 [SkipTime]:0 [Veto1]:52.115 [Veto2]:63.401 [Veto3]:56.9826 [Veto4]:56.9946 [SgUp1]:196162 [SgUp2]:196397 [SgUp3]:198479 [SgUp4]:197832 [SgLow1]:195836 [SgLow2]:196055 [SgLow3]:198151 [SgLow4]:197508 [NetMuon1]:54077 [NetMuon2]:53888 [NetMuon3]:54000 [NetMuon4]:53991
[Run]:36931 [Site]:4 [Bin]:9406 [FullTime]:3590.17 [SkipTime]:0 [Veto1]:52.263 [Veto2]:56.2337 [Veto3]:58.1972 [Veto4]:45.3221 [SgUp1]:196236 [SgUp2]:196831 [SgUp3]:199176 [SgUp4]:199053 [SgLow1]:195885 [SgLow2]:196498 [SgLow3]:198868 [SgLow4]:198732 [NetMuon1]:54388 [NetMuon2]:54315 [NetMuon3]:54305 [NetMuon4]:54492
[Run]:36931 [Site]:4 [Bin]:9407 [FullTime]:3590.17 [SkipTime]:0 [Veto1]:55.1784 [Veto2]:58.1328 [Veto3]:50.2167 [Veto4]:56.1252 [SgUp1]:194936 [SgUp2]:197413 [SgUp3]:198879 [SgUp4]:198159 [SgLow1]:194659 [SgLow2]:197104 [SgLow3]:198567 [SgLow4]:197834 [NetMuon1]:54288 [NetMuon2]:54260 [NetMuon3]:54365 [NetMuon4]:54283
[Run]:36931 [Site]:4 [Bin]:9408 [FullTime]:3590.17 [SkipTime]:0 [Veto1]:52.0644 [Veto2]:51.1013 [Veto3]:52.0608 [Veto4]:56.031 [SgUp1]:195203 [SgUp2]:197629 [SgUp3]:199946 [SgUp4]:197609 [SgLow1]:194916 [SgLow2]:197331 [SgLow3]:199684 [SgLow4]:197281 [NetMuon1]:54078 [NetMuon2]:54099 [NetMuon3]:54066 [NetMuon4]:54021
[Run]:36931 [Site]:4 [Bin]:9409 [FullTime]:3590.17 [SkipTime]:0 [Veto1]:53.3554 [Veto2]:58.2523 [Veto3]:60.3156 [Veto4]:51.3333 [SgUp1]:194793 [SgUp2]:196994 [SgUp3]:199186 [SgUp4]:198333 [SgLow1]:194488 [SgLow2]:196724 [SgLow3]:198850 [SgLow4]:198012 [NetMuon1]:54448 [NetMuon2]:54392 [NetMuon3]:54377 [NetMuon4]:54504
[Run]:36931 [Site]:4 [Bin]:9410 [FullTime]:3590.17 [SkipTime]:0 [Veto1]:58.0712 [Veto2]:65.0644 [Veto3]:61.4019 [Veto4]:62.0482 [SgUp1]:195288 [SgUp2]:197202 [SgUp3]:198521 [SgUp4]:198234 [SgLow1]:194986 [SgLow2]:196881 [SgLow3]:198221 [SgLow4]:197901 [NetMuon1]:54076 [NetMuon2]:54049 [NetMuon3]:54069 [NetMuon4]:54033
[Run]:36931 [Site]:4 [Bin]:9411 [FullTime]:3590.17 [SkipTime]:0 [Veto1]:53.3004 [Veto2]:50.2903 [Veto3]:53.2799 [Veto4]:62.1713 [SgUp1]:195269 [SgUp2]:197106 [SgUp3]:199122 [SgUp4]:198524 [SgLow1]:194966 [SgLow2]:196831 [SgLow3]:198801 [SgLow4]:198158 [NetMuon1]:54401 [NetMuon2]:54462 [NetMuon3]:54382 [NetMuon4]:54243
[Run]:36931 [Site]:4 [Bin]:9412 [FullTime]:3590.17 [SkipTime]:0 [Veto1]:56.9314 [Veto2]:61.9142 [Veto3]:52.9738 [Veto4]:50.0057 [SgUp1]:195064 [SgUp2]:197532 [SgUp3]:197909 [SgUp4]:198855 [SgLow1]:194701 [SgLow2]:197196 [SgLow3]:197595 [SgLow4]:198536 [NetMuon1]:53822 [NetMuon2]:53817 [NetMuon3]:53920 [NetMuon4]:53954
[Run]:36931 [Site]:4 [Bin]:9413 [FullTime]:3590.17 [SkipTime]:0 [Veto1]:49.2485 [Veto2]:54.1731 [Veto3]:51.1812 [Veto4]:54.1722 [SgUp1]:195096 [SgUp2]:196395 [SgUp3]:198154 [SgUp4]:198134 [SgLow1]:194814 [SgLow2]:196064 [SgLow3]:197862 [SgLow4]:197863 [NetMuon1]:54343 [NetMuon2]:54283 [NetMuon3]:54311 [NetMuon4]:54297
[Run]:36931 [Site]:4 [Bin]:9414 [FullTime]:3590.17 [SkipTime]:0 [Veto1]:55.0888 [Veto2]:52.3235 [Veto3]:58.3025 [Veto4]:58.1373 [SgUp1]:195413 [SgUp2]:196544 [SgUp3]:197635 [SgUp4]:198530 [SgLow1]:195101 [SgLow2]:196172 [SgLow3]:197334 [SgLow4]:198256 [NetMuon1]:54451 [NetMuon2]:54494 [NetMuon3]:54422 [NetMuon4]:54399
[Run]:36931 [Site]:4 [Bin]:9415 [FullTime]:3590.17 [SkipTime]:0 [Veto1]:58.3648 [Veto2]:57.2864 [Veto3]:57.2686 [Veto4]:57.2754 [SgUp1]:194863 [SgUp2]:196794 [SgUp3]:198277 [SgUp4]:197656 [SgLow1]:194568 [SgLow2]:196462 [SgLow3]:197921 [SgLow4]:197312 [NetMuon1]:54379 [NetMuon2]:54418 [NetMuon3]:54421 [NetMuon4]:54385
[Run]:36931 [Site]:4 [Bin]:9416 [FullTime]:3590.17 [SkipTime]:0 [Veto1]:54.2409 [Veto2]:48.3474 [Veto3]:59.1869 [Veto4]:48.3221 [SgUp1]:195660 [SgUp2]:197668 [SgUp3]:198421 [SgUp4]:198735 [SgLow1]:195339 [SgLow2]:197336 [SgLow3]:198076 [SgLow4]:198386 [NetMuon1]:54355 [NetMuon2]:54481 [NetMuon3]:54297 [NetMuon4]:54445
[Run]:36931 [Site]:4 [Bin]:9417 [FullTime]:3590.17 [SkipTime]:0 [Veto1]:54.4033 [Veto2]:57.5242 [Veto3]:55.9209 [Veto4]:50.4284 [SgUp1]:195654 [SgUp2]:196442 [SgUp3]:198755 [SgUp4]:198931 [SgLow1]:195333 [SgLow2]:196163 [SgLow3]:198457 [SgLow4]:198611 [NetMuon1]:54575 [NetMuon2]:54520 [NetMuon3]:54523 [NetMuon4]:54640
[Run]:36931 [Site]:4 [Bin]:9418 [FullTime]:3590.17 [SkipTime]:0 [Veto1]:56.119 [Veto2]:54.1221 [Veto3]:48.4069 [Veto4]:46.2168 [SgUp1]:195727 [SgUp2]:196752 [SgUp3]:198431 [SgUp4]:198168 [SgLow1]:195423 [SgLow2]:196426 [SgLow3]:198136 [SgLow4]:197806 [NetMuon1]:54179 [NetMuon2]:54211 [NetMuon3]:54272 [NetMuon4]:54322
[Run]:36931 [Site]:4 [Bin]:9419 [FullTime]:3590.17 [SkipTime]:0 [Veto1]:53.2503 [Veto2]:56.2188 [Veto3]:62.2795 [Veto4]:59.2153 [SgUp1]:194699 [SgUp2]:196571 [SgUp3]:198239 [SgUp4]:197840 [SgLow1]:194347 [SgLow2]:196272 [SgLow3]:197917 [SgLow4]:197551 [NetMuon1]:54404 [NetMuon2]:54374 [NetMuon3]:54303 [NetMuon4]:54298
[Run]:36931 [Site]:4 [Bin]:9420 [FullTime]:3590.17 [SkipTime]:0 [Veto1]:49.536 [Veto2]:57.4169 [Veto3]:52.5244 [Veto4]:62.4006 [SgUp1]:196029 [SgUp2]:197406 [SgUp3]:198227 [SgUp4]:198189 [SgLow1]:195727 [SgLow2]:197056 [SgLow3]:197903 [SgLow4]:197885 [NetMuon1]:54782 [NetMuon2]:54700 [NetMuon3]:54787 [NetMuon4]:54594
[Run]:36931 [Site]:4 [Bin]:9421 [FullTime]:3590.17 [SkipTime]:0 [Veto1]:53.8968 [Veto2]:58.3097 [Veto3]:62.5544 [Veto4]:53.3657 [SgUp1]:195327 [SgUp2]:197286 [SgUp3]:198107 [SgUp4]:198897 [SgLow1]:195025 [SgLow2]:196969 [SgLow3]:197787 [SgLow4]:198591 [NetMuon1]:54577 [NetMuon2]:54493 [NetMuon3]:54439 [NetMuon4]:54584
[Run]:36931 [Site]:4 [Bin]:9422 [FullTime]:3590.17 [SkipTime]:0 [Veto1]:58.3722 [Veto2]:54.4087 [Veto3]:50.4287 [Veto4]:55.3598 [SgUp1]:195584 [SgUp2]:196621 [SgUp3]:198436 [SgUp4]:198088 [SgLow1]:195286 [SgLow2]:196299 [SgLow3]:198156 [SgLow4]:197773 [NetMuon1]:54527 [NetMuon2]:54593 [NetMuon3]:54657 [NetMuon4]:54576
[Run]:36931 [Site]:4 [Bin]:9423 [FullTime]:3590.17 [SkipTime]:0 [Veto1]:58.4529 [Veto2]:66.2317 [Veto3]:54.4319 [Veto4]:49.5667 [SgUp1]:194343 [SgUp2]:196066 [SgUp3]:199129 [SgUp4]:198620 [SgLow1]:193996 [SgLow2]:195757 [SgLow3]:198804 [SgLow4]:198315 [NetMuon1]:54654 [NetMuon2]:54534 [NetMuon3]:54722 [NetMuon4]:54803
[Run]:36931 [Site]:4 [Bin]:9424 [FullTime]:3590.17 [SkipTime]:0 [Veto1]:58.3601 [Veto2]:64.2781 [Veto3]:50.4571 [Veto4]:56.3365 [SgUp1]:195140 [SgUp2]:195410 [SgUp3]:198932 [SgUp4]:197920 [SgLow1]:194839 [SgLow2]:195142 [SgLow3]:198600 [SgLow4]:197596 [NetMuon1]:54496 [NetMuon2]:54396 [NetMuon3]:54632 [NetMuon4]:54521
[Run]:36931 [Site]:4 [Bin]:9425 [FullTime]:3590.17 [SkipTime]:0 [Veto1]:57.7321 [Veto2]:61.6457 [Veto3]:55.7066 [Veto4]:55.7017 [SgUp1]:195723 [SgUp2]:196252 [SgUp3]:197862 [SgUp4]:197268 [SgLow1]:195414 [SgLow2]:195941 [SgLow3]:197572 [SgLow4]:196984 [NetMuon1]:55068 [NetMuon2]:55006 [NetMuon3]:55076 [NetMuon4]:55087
[Run]:36931 [Site]:4 [Bin]:9426 [FullTime]:3590.17 [SkipTime]:0 [Veto1]:57.3478 [Veto2]:52.3655 [Veto3]:65.6106 [Veto4]:60.1151 [SgUp1]:195372 [SgUp2]:196559 [SgUp3]:197557 [SgUp4]:197784 [SgLow1]:195031 [SgLow2]:196264 [SgLow3]:197251 [SgLow4]:197455 [NetMuon1]:54489 [NetMuon2]:54558 [NetMuon3]:54356 [NetMuon4]:54468
[Run]:36931 [Site]:4 [Bin]:9427 [FullTime]:3590.17 [SkipTime]:0 [Veto1]:64.4601 [Veto2]:56.4933 [Veto3]:55.0258 [Veto4]:54.5161 [SgUp1]:194601 [SgUp2]:196089 [SgUp3]:198508 [SgUp4]:199294 [SgLow1]:194300 [SgLow2]:195800 [SgLow3]:198171 [SgLow4]:198973 [NetMuon1]:54721 [NetMuon2]:54790 [NetMuon3]:54818 [NetMuon4]:54828
[Run]:36931 [Site]:4 [Bin]:9428 [FullTime]:3590.17 [SkipTime]:0 [Veto1]:49.2439 [Veto2]:54.2019 [Veto3]:49.2169 [Veto4]:63.1332 [SgUp1]:195433 [SgUp2]:196636 [SgUp3]:197649 [SgUp4]:197629 [SgLow1]:195088 [SgLow2]:196342 [SgLow3]:197359 [SgLow4]:197343 [NetMuon1]:54348 [NetMuon2]:54331 [NetMuon3]:54390 [NetMuon4]:54177
[Run]:36931 [Site]:4 [Bin]:9429 [FullTime]:3590.17 [SkipTime]:0 [Veto1]:51.243 [Veto2]:54.128 [Veto3]:55.1574 [Veto4]:49.2138 [SgUp1]:194866 [SgUp2]:196117 [SgUp3]:197940 [SgUp4]:197999 [SgLow1]:194572 [SgLow2]:195824 [SgLow3]:197613 [SgLow4]:197632 [NetMuon1]:54356 [NetMuon2]:54282 [NetMuon3]:54251 [NetMuon4]:54349
[Run]:36931 [Site]:4 [Bin]:9430 [FullTime]:3590.17 [SkipTime]:0 [Veto1]:51.6255 [Veto2]:57.0773 [Veto3]:57.5661 [Veto4]:59.5108 [SgUp1]:196385 [SgUp2]:196407 [SgUp3]:197568 [SgUp4]:198289 [SgLow1]:196038 [SgLow2]:196142 [SgLow3]:197259 [SgLow4]:197982 [NetMuon1]:54951 [NetMuon2]:54913 [NetMuon3]:54878 [NetMuon4]:54846
[Run]:36931 [Site]:4 [Bin]:9431 [FullTime]:3590.17 [SkipTime]:0 [Veto1]:54.2864 [Veto2]:55.3142 [Veto3]:50.347 [Veto4]:60.2338 [SgUp1]:195044 [SgUp2]:196911 [SgUp3]:198116 [SgUp4]:197299 [SgLow1]:194697 [SgLow2]:196558 [SgLow3]:197827 [SgLow4]:196997 [NetMuon1]:54415 [NetMuon2]:54436 [NetMuon3]:54467 [NetMuon4]:54382
[Run]:36931 [Site]:4 [Bin]:9432 [FullTime]:3590.17 [SkipTime]:0 [Veto1]:57.1553 [Veto2]:53.1603 [Veto3]:58.1346 [Veto4]:54.1743 [SgUp1]:194498 [SgUp2]:196933 [SgUp3]:197686 [SgUp4]:197755 [SgLow1]:194170 [SgLow2]:196608 [SgLow3]:197380 [SgLow4]:197464 [NetMuon1]:54180 [NetMuon2]:54268 [NetMuon3]:54198 [NetMuon4]:54241
[Run]:36931 [Site]:4 [Bin]:9433 [FullTime]:3590.17 [SkipTime]:0 [Veto1]:59.3336 [Veto2]:59.2793 [Veto3]:49.3946 [Veto4]:52.3866 [SgUp1]:195035 [SgUp2]:196366 [SgUp3]:198160 [SgUp4]:198288 [SgLow1]:194713 [SgLow2]:196060 [SgLow3]:197840 [SgLow4]:197931 [NetMuon1]:54511 [NetMuon2]:54463 [NetMuon3]:54621 [NetMuon4]:54554
[Run]:36931 [Site]:4 [Bin]:9434 [FullTime]:3590.17 [SkipTime]:0 [Veto1]:55.199 [Veto2]:52.2841 [Veto3]:55.2634 [Veto4]:56.2011 [SgUp1]:195705 [SgUp2]:196491 [SgUp3]:197513 [SgUp4]:198343 [SgLow1]:195370 [SgLow2]:196176 [SgLow3]:197174 [SgLow4]:198042 [NetMuon1]:54364 [NetMuon2]:54421 [NetMuon3]:54371 [NetMuon4]:54355
[Run]:36931 [Site]:4 [Bin]:9435 [FullTime]:3590.17 [SkipTime]:0 [Veto1]:55.4649 [Veto2]:51.4758 [Veto3]:59.4042 [Veto4]:56.4264 [SgUp1]:194906 [SgUp2]:196563 [SgUp3]:197423 [SgUp4]:198558 [SgLow1]:194572 [SgLow2]:196254 [SgLow3]:197103 [SgLow4]:198273 [NetMuon1]:54644 [NetMuon2]:54743 [NetMuon3]:54615 [NetMuon4]:54650
End process Run: 36931 ... 
[Run]:36931 [Site]:4 [Bin]:9436 [FullTime]:2230.55 [SkipTime]:0 [Veto1]:30.3677 [Veto2]:33.3626 [Veto3]:34.3306 [Veto4]:35.3417
