StreamChain add 0x16b587e0
Start to process run: 36225 ... 
[Run]:36225 [Site]:4 [Bin]:8690 [FullTime]:710.503 [SkipTime]:0 [Veto1]:9.96892 [Veto2]:11.9309 [Veto3]:9.95714 [Veto4]:10.9671 [SgUp1]:38682 [SgUp2]:39154 [SgUp3]:40220 [SgUp4]:38977 [SgLow1]:38609 [SgLow2]:39098 [SgLow3]:40163 [SgLow4]:38905 [NetMuon1]:11057 [NetMuon2]:11032 [NetMuon3]:11063 [NetMuon4]:11062
[Run]:36225 [Site]:4 [Bin]:8691 [FullTime]:3590.17 [SkipTime]:0 [Veto1]:51.0436 [Veto2]:59.9484 [Veto3]:52.9773 [Veto4]:51.0193 [SgUp1]:195734 [SgUp2]:196152 [SgUp3]:202130 [SgUp4]:197878 [SgLow1]:195389 [SgLow2]:195873 [SgLow3]:201869 [SgLow4]:197550 [NetMuon1]:55558 [NetMuon2]:55416 [NetMuon3]:55522 [NetMuon4]:55574
[Run]:36225 [Site]:4 [Bin]:8692 [FullTime]:3590.17 [SkipTime]:0 [Veto1]:54.8854 [Veto2]:60.7426 [Veto3]:58.7662 [Veto4]:55.8398 [SgUp1]:194653 [SgUp2]:196661 [SgUp3]:201517 [SgUp4]:197858 [SgLow1]:194354 [SgLow2]:196373 [SgLow3]:201174 [SgLow4]:197548 [NetMuon1]:55315 [NetMuon2]:55181 [NetMuon3]:55248 [NetMuon4]:55248
[Run]:36225 [Site]:4 [Bin]:8693 [FullTime]:3590.17 [SkipTime]:0 [Veto1]:52.9564 [Veto2]:46.3643 [Veto3]:60.2711 [Veto4]:51.3328 [SgUp1]:195604 [SgUp2]:197108 [SgUp3]:201122 [SgUp4]:198281 [SgLow1]:195274 [SgLow2]:196833 [SgLow3]:200823 [SgLow4]:197991 [NetMuon1]:56085 [NetMuon2]:56194 [NetMuon3]:56006 [NetMuon4]:56133
[Run]:36225 [Site]:4 [Bin]:8694 [FullTime]:3590.17 [SkipTime]:0 [Veto1]:50.8574 [Veto2]:51.8145 [Veto3]:51.8619 [Veto4]:52.8577 [SgUp1]:194970 [SgUp2]:196473 [SgUp3]:202200 [SgUp4]:197485 [SgLow1]:194664 [SgLow2]:196132 [SgLow3]:201882 [SgLow4]:197160 [NetMuon1]:55363 [NetMuon2]:55322 [NetMuon3]:55356 [NetMuon4]:55315
[Run]:36225 [Site]:4 [Bin]:8695 [FullTime]:3590.17 [SkipTime]:0 [Veto1]:58.7652 [Veto2]:56.8116 [Veto3]:47.8528 [Veto4]:56.7835 [SgUp1]:194798 [SgUp2]:196371 [SgUp3]:202786 [SgUp4]:197784 [SgLow1]:194456 [SgLow2]:196093 [SgLow3]:202519 [SgLow4]:197455 [NetMuon1]:55130 [NetMuon2]:55214 [NetMuon3]:55337 [NetMuon4]:55202
[Run]:36225 [Site]:4 [Bin]:8696 [FullTime]:3590.17 [SkipTime]:0 [Veto1]:51.6447 [Veto2]:52.5396 [Veto3]:63.5095 [Veto4]:52.5914 [SgUp1]:195824 [SgUp2]:197831 [SgUp3]:201140 [SgUp4]:198241 [SgLow1]:195533 [SgLow2]:197536 [SgLow3]:200831 [SgLow4]:197934 [NetMuon1]:54921 [NetMuon2]:54879 [NetMuon3]:54758 [NetMuon4]:54843
[Run]:36225 [Site]:4 [Bin]:8697 [FullTime]:3590.17 [SkipTime]:0 [Veto1]:51.9323 [Veto2]:60.7737 [Veto3]:57.786 [Veto4]:49.9134 [SgUp1]:195773 [SgUp2]:196402 [SgUp3]:201227 [SgUp4]:197838 [SgLow1]:195433 [SgLow2]:196036 [SgLow3]:200932 [SgLow4]:197565 [NetMuon1]:55408 [NetMuon2]:55232 [NetMuon3]:55284 [NetMuon4]:55399
[Run]:36225 [Site]:4 [Bin]:8698 [FullTime]:3590.18 [SkipTime]:0 [Veto1]:59.5783 [Veto2]:53.7005 [Veto3]:56.9154 [Veto4]:57.988 [SgUp1]:195133 [SgUp2]:196331 [SgUp3]:201121 [SgUp4]:198126 [SgLow1]:194815 [SgLow2]:196036 [SgLow3]:200804 [SgLow4]:197804 [NetMuon1]:54942 [NetMuon2]:55043 [NetMuon3]:54982 [NetMuon4]:54992
[Run]:36225 [Site]:4 [Bin]:8699 [FullTime]:3590.16 [SkipTime]:0 [Veto1]:56.5905 [Veto2]:52.6069 [Veto3]:57.5896 [Veto4]:59.5861 [SgUp1]:195219 [SgUp2]:197227 [SgUp3]:201158 [SgUp4]:197794 [SgLow1]:194901 [SgLow2]:196963 [SgLow3]:200815 [SgLow4]:197481 [NetMuon1]:54959 [NetMuon2]:54976 [NetMuon3]:54924 [NetMuon4]:54910
[Run]:36225 [Site]:4 [Bin]:8700 [FullTime]:3590.17 [SkipTime]:0 [Veto1]:52.7844 [Veto2]:47.8501 [Veto3]:61.7036 [Veto4]:60.7549 [SgUp1]:194268 [SgUp2]:196614 [SgUp3]:201116 [SgUp4]:198077 [SgLow1]:193953 [SgLow2]:196313 [SgLow3]:200819 [SgLow4]:197774 [NetMuon1]:55318 [NetMuon2]:55373 [NetMuon3]:55149 [NetMuon4]:55208
[Run]:36225 [Site]:4 [Bin]:8701 [FullTime]:3590.17 [SkipTime]:0 [Veto1]:59.8787 [Veto2]:47.9441 [Veto3]:54.8869 [Veto4]:63.8159 [SgUp1]:193924 [SgUp2]:197269 [SgUp3]:201516 [SgUp4]:197336 [SgLow1]:193644 [SgLow2]:196952 [SgLow3]:201229 [SgLow4]:197018 [NetMuon1]:55288 [NetMuon2]:55450 [NetMuon3]:55357 [NetMuon4]:55239
[Run]:36225 [Site]:4 [Bin]:8702 [FullTime]:3590.17 [SkipTime]:0 [Veto1]:48.8189 [Veto2]:57.7919 [Veto3]:60.7004 [Veto4]:52.8021 [SgUp1]:195548 [SgUp2]:196851 [SgUp3]:201269 [SgUp4]:196915 [SgLow1]:195234 [SgLow2]:196506 [SgLow3]:200913 [SgLow4]:196619 [NetMuon1]:55323 [NetMuon2]:55227 [NetMuon3]:55166 [NetMuon4]:55250
[Run]:36225 [Site]:4 [Bin]:8703 [FullTime]:3590.17 [SkipTime]:0 [Veto1]:60.1316 [Veto2]:64.1205 [Veto3]:66.0979 [Veto4]:53.2031 [SgUp1]:194948 [SgUp2]:195774 [SgUp3]:201173 [SgUp4]:197734 [SgLow1]:194637 [SgLow2]:195444 [SgLow3]:200843 [SgLow4]:197418 [NetMuon1]:55785 [NetMuon2]:55753 [NetMuon3]:55694 [NetMuon4]:55899
[Run]:36225 [Site]:4 [Bin]:8704 [FullTime]:3590.17 [SkipTime]:0 [Veto1]:49.0334 [Veto2]:52.9845 [Veto3]:59.9327 [Veto4]:57.9461 [SgUp1]:194681 [SgUp2]:196799 [SgUp3]:201284 [SgUp4]:197665 [SgLow1]:194373 [SgLow2]:196475 [SgLow3]:200973 [SgLow4]:197362 [NetMuon1]:55622 [NetMuon2]:55558 [NetMuon3]:55464 [NetMuon4]:55476
[Run]:36225 [Site]:4 [Bin]:8705 [FullTime]:3590.17 [SkipTime]:0 [Veto1]:62.703 [Veto2]:59.7169 [Veto3]:52.8541 [Veto4]:54.7576 [SgUp1]:193959 [SgUp2]:197010 [SgUp3]:202259 [SgUp4]:198026 [SgLow1]:193698 [SgLow2]:196683 [SgLow3]:201968 [SgLow4]:197694 [NetMuon1]:55053 [NetMuon2]:55138 [NetMuon3]:55183 [NetMuon4]:55166
[Run]:36225 [Site]:4 [Bin]:8706 [FullTime]:3590.17 [SkipTime]:0 [Veto1]:51.8438 [Veto2]:53.7679 [Veto3]:50.7879 [Veto4]:50.7985 [SgUp1]:195225 [SgUp2]:195868 [SgUp3]:202368 [SgUp4]:197846 [SgLow1]:194933 [SgLow2]:195567 [SgLow3]:202066 [SgLow4]:197523 [NetMuon1]:55315 [NetMuon2]:55243 [NetMuon3]:55314 [NetMuon4]:55298
[Run]:36225 [Site]:4 [Bin]:8707 [FullTime]:3590.17 [SkipTime]:0 [Veto1]:58.7014 [Veto2]:54.6633 [Veto3]:56.7138 [Veto4]:58.6207 [SgUp1]:194689 [SgUp2]:196178 [SgUp3]:202050 [SgUp4]:197355 [SgLow1]:194367 [SgLow2]:195785 [SgLow3]:201780 [SgLow4]:197034 [NetMuon1]:55052 [NetMuon2]:55116 [NetMuon3]:55091 [NetMuon4]:55039
[Run]:36225 [Site]:4 [Bin]:8708 [FullTime]:3590.17 [SkipTime]:0 [Veto1]:62.0815 [Veto2]:55.0911 [Veto3]:53.119 [Veto4]:55.0713 [SgUp1]:193978 [SgUp2]:195882 [SgUp3]:201902 [SgUp4]:198396 [SgLow1]:193639 [SgLow2]:195596 [SgLow3]:201592 [SgLow4]:198064 [NetMuon1]:55614 [NetMuon2]:55710 [NetMuon3]:55791 [NetMuon4]:55739
[Run]:36225 [Site]:4 [Bin]:8709 [FullTime]:3590.17 [SkipTime]:0 [Veto1]:56.9681 [Veto2]:53.955 [Veto3]:52.0047 [Veto4]:56.9506 [SgUp1]:194943 [SgUp2]:196380 [SgUp3]:201553 [SgUp4]:197445 [SgLow1]:194625 [SgLow2]:196138 [SgLow3]:201224 [SgLow4]:197130 [NetMuon1]:55505 [NetMuon2]:55530 [NetMuon3]:55595 [NetMuon4]:55547
[Run]:36225 [Site]:4 [Bin]:8710 [FullTime]:3590.17 [SkipTime]:0 [Veto1]:55.5709 [Veto2]:48.6503 [Veto3]:55.6018 [Veto4]:49.1482 [SgUp1]:195357 [SgUp2]:196601 [SgUp3]:202954 [SgUp4]:198005 [SgLow1]:195059 [SgLow2]:196312 [SgLow3]:202605 [SgLow4]:197703 [NetMuon1]:54894 [NetMuon2]:54978 [NetMuon3]:54875 [NetMuon4]:54942
[Run]:36225 [Site]:4 [Bin]:8711 [FullTime]:3590.17 [SkipTime]:0 [Veto1]:53.9298 [Veto2]:50.0209 [Veto3]:61.8456 [Veto4]:59.9307 [SgUp1]:195793 [SgUp2]:196815 [SgUp3]:201344 [SgUp4]:197395 [SgLow1]:195508 [SgLow2]:196443 [SgLow3]:201045 [SgLow4]:197056 [NetMuon1]:55437 [NetMuon2]:55529 [NetMuon3]:55328 [NetMuon4]:55346
[Run]:36225 [Site]:4 [Bin]:8712 [FullTime]:3590.17 [SkipTime]:0 [Veto1]:54.0915 [Veto2]:58.997 [Veto3]:51.0845 [Veto4]:46.1065 [SgUp1]:194803 [SgUp2]:196898 [SgUp3]:202128 [SgUp4]:197929 [SgLow1]:194504 [SgLow2]:196585 [SgLow3]:201853 [SgLow4]:197596 [NetMuon1]:55629 [NetMuon2]:55574 [NetMuon3]:55692 [NetMuon4]:55771
[Run]:36225 [Site]:4 [Bin]:8713 [FullTime]:3590.17 [SkipTime]:0 [Veto1]:53.4927 [Veto2]:53.528 [Veto3]:50.4989 [Veto4]:56.4706 [SgUp1]:195027 [SgUp2]:196388 [SgUp3]:202548 [SgUp4]:198213 [SgLow1]:194698 [SgLow2]:196085 [SgLow3]:202258 [SgLow4]:197914 [NetMuon1]:54815 [NetMuon2]:54813 [NetMuon3]:54878 [NetMuon4]:54751
[Run]:36225 [Site]:4 [Bin]:8714 [FullTime]:3590.17 [SkipTime]:0 [Veto1]:50.6084 [Veto2]:59.5166 [Veto3]:53.5564 [Veto4]:60.5096 [SgUp1]:195770 [SgUp2]:196237 [SgUp3]:201936 [SgUp4]:198094 [SgLow1]:195479 [SgLow2]:195927 [SgLow3]:201589 [SgLow4]:197796 [NetMuon1]:54938 [NetMuon2]:54816 [NetMuon3]:54909 [NetMuon4]:54798
[Run]:36225 [Site]:4 [Bin]:8715 [FullTime]:3590.17 [SkipTime]:0 [Veto1]:58.4836 [Veto2]:51.5731 [Veto3]:51.52 [Veto4]:57.4829 [SgUp1]:194887 [SgUp2]:196929 [SgUp3]:202559 [SgUp4]:198644 [SgLow1]:194551 [SgLow2]:196572 [SgLow3]:202217 [SgLow4]:198352 [NetMuon1]:54711 [NetMuon2]:54830 [NetMuon3]:54799 [NetMuon4]:54716
[Run]:36225 [Site]:4 [Bin]:8716 [FullTime]:3590.17 [SkipTime]:0 [Veto1]:58.7268 [Veto2]:54.8218 [Veto3]:53.7963 [Veto4]:48.9012 [SgUp1]:194923 [SgUp2]:196768 [SgUp3]:201910 [SgUp4]:198724 [SgLow1]:194606 [SgLow2]:196457 [SgLow3]:201579 [SgLow4]:198431 [NetMuon1]:55240 [NetMuon2]:55324 [NetMuon3]:55309 [NetMuon4]:55404
[Run]:36225 [Site]:4 [Bin]:8717 [FullTime]:3590.17 [SkipTime]:0 [Veto1]:51.0413 [Veto2]:56.914 [Veto3]:60.8492 [Veto4]:61.8661 [SgUp1]:194911 [SgUp2]:196651 [SgUp3]:201633 [SgUp4]:197833 [SgLow1]:194607 [SgLow2]:196357 [SgLow3]:201336 [SgLow4]:197530 [NetMuon1]:55569 [NetMuon2]:55485 [NetMuon3]:55384 [NetMuon4]:55420
[Run]:36225 [Site]:4 [Bin]:8718 [FullTime]:3590.17 [SkipTime]:0 [Veto1]:60.5868 [Veto2]:45.7468 [Veto3]:54.599 [Veto4]:55.6806 [SgUp1]:194620 [SgUp2]:197449 [SgUp3]:201672 [SgUp4]:198069 [SgLow1]:194333 [SgLow2]:197147 [SgLow3]:201363 [SgLow4]:197744 [NetMuon1]:54945 [NetMuon2]:55155 [NetMuon3]:55037 [NetMuon4]:55009
[Run]:36225 [Site]:4 [Bin]:8719 [FullTime]:3590.17 [SkipTime]:0 [Veto1]:56.6806 [Veto2]:49.7236 [Veto3]:62.5607 [Veto4]:46.763 [SgUp1]:195297 [SgUp2]:197174 [SgUp3]:201871 [SgUp4]:197699 [SgLow1]:194974 [SgLow2]:196797 [SgLow3]:201542 [SgLow4]:197397 [NetMuon1]:54992 [NetMuon2]:55128 [NetMuon3]:54906 [NetMuon4]:55188
[Run]:36225 [Site]:4 [Bin]:8720 [FullTime]:3590.17 [SkipTime]:0 [Veto1]:57.6942 [Veto2]:52.7088 [Veto3]:58.6487 [Veto4]:58.7036 [SgUp1]:195847 [SgUp2]:196650 [SgUp3]:201674 [SgUp4]:197777 [SgLow1]:195514 [SgLow2]:196320 [SgLow3]:201336 [SgLow4]:197469 [NetMuon1]:55023 [NetMuon2]:55135 [NetMuon3]:55009 [NetMuon4]:55070
[Run]:36225 [Site]:4 [Bin]:8721 [FullTime]:3590.17 [SkipTime]:0 [Veto1]:59.6399 [Veto2]:65.3221 [Veto3]:55.4215 [Veto4]:52.4408 [SgUp1]:195557 [SgUp2]:195946 [SgUp3]:202404 [SgUp4]:198430 [SgLow1]:195259 [SgLow2]:195573 [SgLow3]:202063 [SgLow4]:198112 [NetMuon1]:54542 [NetMuon2]:54436 [NetMuon3]:54598 [NetMuon4]:54675
[Run]:36225 [Site]:4 [Bin]:8722 [FullTime]:3590.17 [SkipTime]:0 [Veto1]:53.5302 [Veto2]:52.0997 [Veto3]:65.8874 [Veto4]:52.0573 [SgUp1]:195308 [SgUp2]:197105 [SgUp3]:200886 [SgUp4]:198526 [SgLow1]:195049 [SgLow2]:196751 [SgLow3]:200546 [SgLow4]:198217 [NetMuon1]:55738 [NetMuon2]:55705 [NetMuon3]:55487 [NetMuon4]:55708
[Run]:36225 [Site]:4 [Bin]:8723 [FullTime]:3590.17 [SkipTime]:0 [Veto1]:51.492 [Veto2]:47.8733 [Veto3]:51.8375 [Veto4]:54.8234 [SgUp1]:195630 [SgUp2]:196430 [SgUp3]:202595 [SgUp4]:198909 [SgLow1]:195315 [SgLow2]:196082 [SgLow3]:202257 [SgLow4]:198588 [NetMuon1]:55292 [NetMuon2]:55347 [NetMuon3]:55323 [NetMuon4]:55250
[Run]:36225 [Site]:4 [Bin]:8724 [FullTime]:3590.17 [SkipTime]:0 [Veto1]:66.0656 [Veto2]:58.1366 [Veto3]:64.0242 [Veto4]:55.1885 [SgUp1]:194870 [SgUp2]:196639 [SgUp3]:201651 [SgUp4]:198471 [SgLow1]:194630 [SgLow2]:196380 [SgLow3]:201285 [SgLow4]:198140 [NetMuon1]:55694 [NetMuon2]:55844 [NetMuon3]:55733 [NetMuon4]:55846
[Run]:36225 [Site]:4 [Bin]:8725 [FullTime]:3590.17 [SkipTime]:0 [Veto1]:48.6262 [Veto2]:52.3653 [Veto3]:54.5412 [Veto4]:56.5405 [SgUp1]:195878 [SgUp2]:196024 [SgUp3]:202440 [SgUp4]:198530 [SgLow1]:195605 [SgLow2]:195687 [SgLow3]:202124 [SgLow4]:198243 [NetMuon1]:54935 [NetMuon2]:54891 [NetMuon3]:54879 [NetMuon4]:54814
[Run]:36225 [Site]:4 [Bin]:8726 [FullTime]:3590.17 [SkipTime]:0 [Veto1]:59.0407 [Veto2]:50.058 [Veto3]:55.017 [Veto4]:56.1266 [SgUp1]:194815 [SgUp2]:196698 [SgUp3]:201992 [SgUp4]:198602 [SgLow1]:194524 [SgLow2]:196364 [SgLow3]:201700 [SgLow4]:198342 [NetMuon1]:55540 [NetMuon2]:55686 [NetMuon3]:55610 [NetMuon4]:55588
[Run]:36225 [Site]:4 [Bin]:8727 [FullTime]:3590.17 [SkipTime]:0 [Veto1]:56.4011 [Veto2]:62.047 [Veto3]:57.4043 [Veto4]:50.4482 [SgUp1]:195514 [SgUp2]:196012 [SgUp3]:201334 [SgUp4]:198667 [SgLow1]:195199 [SgLow2]:195703 [SgLow3]:200996 [SgLow4]:198389 [NetMuon1]:56186 [NetMuon2]:56124 [NetMuon3]:56160 [NetMuon4]:56274
[Run]:36225 [Site]:4 [Bin]:8728 [FullTime]:3590.17 [SkipTime]:0 [Veto1]:48.2844 [Veto2]:58.1113 [Veto3]:58.1591 [Veto4]:61.1596 [SgUp1]:195157 [SgUp2]:196232 [SgUp3]:201481 [SgUp4]:198382 [SgLow1]:194793 [SgLow2]:195902 [SgLow3]:201142 [SgLow4]:198042 [NetMuon1]:56003 [NetMuon2]:55857 [NetMuon3]:55827 [NetMuon4]:55783
[Run]:36225 [Site]:4 [Bin]:8729 [FullTime]:3590.17 [SkipTime]:0 [Veto1]:59.3063 [Veto2]:60.2443 [Veto3]:56.3417 [Veto4]:52.3527 [SgUp1]:195159 [SgUp2]:196004 [SgUp3]:201824 [SgUp4]:198383 [SgLow1]:194855 [SgLow2]:195669 [SgLow3]:201469 [SgLow4]:198095 [NetMuon1]:56070 [NetMuon2]:56043 [NetMuon3]:56130 [NetMuon4]:56181
[Run]:36225 [Site]:4 [Bin]:8730 [FullTime]:3590.17 [SkipTime]:0 [Veto1]:53.5052 [Veto2]:52.5634 [Veto3]:59.4577 [Veto4]:50.545 [SgUp1]:195163 [SgUp2]:195914 [SgUp3]:200366 [SgUp4]:198481 [SgLow1]:194858 [SgLow2]:195593 [SgLow3]:200070 [SgLow4]:198169 [NetMuon1]:56473 [NetMuon2]:56483 [NetMuon3]:56387 [NetMuon4]:56552
[Run]:36225 [Site]:4 [Bin]:8731 [FullTime]:3590.17 [SkipTime]:0 [Veto1]:50.6415 [Veto2]:58.5727 [Veto3]:57.4921 [Veto4]:67.4283 [SgUp1]:195114 [SgUp2]:196035 [SgUp3]:201069 [SgUp4]:197152 [SgLow1]:194805 [SgLow2]:195734 [SgLow3]:200715 [SgLow4]:196851 [NetMuon1]:56585 [NetMuon2]:56468 [NetMuon3]:56433 [NetMuon4]:56297
[Run]:36225 [Site]:4 [Bin]:8732 [FullTime]:3590.17 [SkipTime]:0 [Veto1]:58.1251 [Veto2]:58.0693 [Veto3]:49.1556 [Veto4]:52.1062 [SgUp1]:194894 [SgUp2]:196385 [SgUp3]:202618 [SgUp4]:199295 [SgLow1]:194579 [SgLow2]:196095 [SgLow3]:202370 [SgLow4]:198966 [NetMuon1]:55788 [NetMuon2]:55719 [NetMuon3]:55879 [NetMuon4]:55794
[Run]:36225 [Site]:4 [Bin]:8733 [FullTime]:3590.17 [SkipTime]:0 [Veto1]:52.1511 [Veto2]:47.2256 [Veto3]:60.027 [Veto4]:56.1885 [SgUp1]:195408 [SgUp2]:196533 [SgUp3]:201298 [SgUp4]:198401 [SgLow1]:195142 [SgLow2]:196197 [SgLow3]:201001 [SgLow4]:198102 [NetMuon1]:55825 [NetMuon2]:55893 [NetMuon3]:55707 [NetMuon4]:55760
[Run]:36225 [Site]:4 [Bin]:8734 [FullTime]:3590.17 [SkipTime]:0 [Veto1]:54.9531 [Veto2]:55.8803 [Veto3]:67.8721 [Veto4]:65.7823 [SgUp1]:195793 [SgUp2]:196153 [SgUp3]:200705 [SgUp4]:198464 [SgLow1]:195507 [SgLow2]:195859 [SgLow3]:200422 [SgLow4]:198166 [NetMuon1]:55465 [NetMuon2]:55445 [NetMuon3]:55256 [NetMuon4]:55254
[Run]:36225 [Site]:4 [Bin]:8735 [FullTime]:3590.17 [SkipTime]:0 [Veto1]:51.7959 [Veto2]:55.7592 [Veto3]:48.8623 [Veto4]:56.7676 [SgUp1]:195048 [SgUp2]:196525 [SgUp3]:201791 [SgUp4]:197252 [SgLow1]:194734 [SgLow2]:196158 [SgLow3]:201489 [SgLow4]:196994 [NetMuon1]:55247 [NetMuon2]:55197 [NetMuon3]:55328 [NetMuon4]:55168
[Run]:36225 [Site]:4 [Bin]:8736 [FullTime]:3590.17 [SkipTime]:0 [Veto1]:59.5002 [Veto2]:61.4544 [Veto3]:47.5768 [Veto4]:59.2363 [SgUp1]:194497 [SgUp2]:195648 [SgUp3]:202599 [SgUp4]:198305 [SgLow1]:194219 [SgLow2]:195340 [SgLow3]:202302 [SgLow4]:197997 [NetMuon1]:54752 [NetMuon2]:54738 [NetMuon3]:54931 [NetMuon4]:54768
[Run]:36225 [Site]:4 [Bin]:8737 [FullTime]:3590.17 [SkipTime]:0 [Veto1]:53.792 [Veto2]:59.673 [Veto3]:56.788 [Veto4]:58.6856 [SgUp1]:195235 [SgUp2]:196406 [SgUp3]:201816 [SgUp4]:198266 [SgLow1]:194916 [SgLow2]:196110 [SgLow3]:201467 [SgLow4]:197916 [NetMuon1]:55257 [NetMuon2]:55127 [NetMuon3]:55193 [NetMuon4]:55149
End process Run: 36225 ... 
[Run]:36225 [Site]:4 [Bin]:8738 [FullTime]:1900.28 [SkipTime]:0 [Veto1]:28.5182 [Veto2]:30.507 [Veto3]:29.4942 [Veto4]:28.5611
