StreamChain add 0x11024590
Start to process run: 37045 ... 
[Run]:37045 [Site]:4 [Bin]:9488 [FullTime]:342.925 [SkipTime]:0 [Veto1]:6.35695 [Veto2]:4.37241 [Veto3]:7.33124 [Veto4]:4.70932 [SgUp1]:18492 [SgUp2]:19157 [SgUp3]:18449 [SgUp4]:18675 [SgLow1]:18472 [SgLow2]:19113 [SgLow3]:18414 [SgLow4]:18651 [NetMuon1]:5327 [NetMuon2]:5350 [NetMuon3]:5295 [NetMuon4]:5351
[Run]:37045 [Site]:4 [Bin]:9489 [FullTime]:3590.17 [SkipTime]:0 [Veto1]:57.0769 [Veto2]:56.0806 [Veto3]:53.144 [Veto4]:58.0621 [SgUp1]:194921 [SgUp2]:196205 [SgUp3]:196760 [SgUp4]:197076 [SgLow1]:194579 [SgLow2]:195855 [SgLow3]:196503 [SgLow4]:196744 [NetMuon1]:55632 [NetMuon2]:55678 [NetMuon3]:55710 [NetMuon4]:55646
[Run]:37045 [Site]:4 [Bin]:9490 [FullTime]:3590.17 [SkipTime]:0 [Veto1]:48.0448 [Veto2]:51.9621 [Veto3]:49.9719 [Veto4]:60.9303 [SgUp1]:194381 [SgUp2]:195503 [SgUp3]:197679 [SgUp4]:197510 [SgLow1]:194069 [SgLow2]:195164 [SgLow3]:197394 [SgLow4]:197215 [NetMuon1]:55637 [NetMuon2]:55576 [NetMuon3]:55598 [NetMuon4]:55421
[Run]:37045 [Site]:4 [Bin]:9491 [FullTime]:3590.17 [SkipTime]:0 [Veto1]:62.8419 [Veto2]:57.8489 [Veto3]:44.9471 [Veto4]:62.8104 [SgUp1]:194624 [SgUp2]:195756 [SgUp3]:197876 [SgUp4]:196637 [SgLow1]:194334 [SgLow2]:195383 [SgLow3]:197563 [SgLow4]:196319 [NetMuon1]:55252 [NetMuon2]:55328 [NetMuon3]:55536 [NetMuon4]:55260
[Run]:37045 [Site]:4 [Bin]:9492 [FullTime]:3590.17 [SkipTime]:0 [Veto1]:58.5153 [Veto2]:60.4179 [Veto3]:57.4724 [Veto4]:48.589 [SgUp1]:195107 [SgUp2]:195732 [SgUp3]:197112 [SgUp4]:197961 [SgLow1]:194848 [SgLow2]:195362 [SgLow3]:196787 [SgLow4]:197662 [NetMuon1]:56352 [NetMuon2]:56323 [NetMuon3]:56327 [NetMuon4]:56466
[Run]:37045 [Site]:4 [Bin]:9493 [FullTime]:3590.17 [SkipTime]:0 [Veto1]:46.4341 [Veto2]:61.9117 [Veto3]:51.3735 [Veto4]:56.2877 [SgUp1]:194978 [SgUp2]:196446 [SgUp3]:196627 [SgUp4]:197762 [SgLow1]:194649 [SgLow2]:196137 [SgLow3]:196284 [SgLow4]:197425 [NetMuon1]:56200 [NetMuon2]:55964 [NetMuon3]:56162 [NetMuon4]:56038
[Run]:37045 [Site]:4 [Bin]:9494 [FullTime]:3590.17 [SkipTime]:0 [Veto1]:57.7164 [Veto2]:54.0658 [Veto3]:58.0641 [Veto4]:53.0656 [SgUp1]:195049 [SgUp2]:195915 [SgUp3]:197151 [SgUp4]:197512 [SgLow1]:194752 [SgLow2]:195628 [SgLow3]:196859 [SgLow4]:197229 [NetMuon1]:55569 [NetMuon2]:55645 [NetMuon3]:55624 [NetMuon4]:55648
[Run]:37045 [Site]:4 [Bin]:9495 [FullTime]:3590.17 [SkipTime]:0 [Veto1]:59.6916 [Veto2]:52.712 [Veto3]:52.7592 [Veto4]:54.7551 [SgUp1]:193902 [SgUp2]:195764 [SgUp3]:197772 [SgUp4]:196971 [SgLow1]:193586 [SgLow2]:195455 [SgLow3]:197451 [SgLow4]:196624 [NetMuon1]:56686 [NetMuon2]:56809 [NetMuon3]:56785 [NetMuon4]:56764
[Run]:37045 [Site]:4 [Bin]:9496 [FullTime]:3590.17 [SkipTime]:0 [Veto1]:62.585 [Veto2]:52.632 [Veto3]:63.5609 [Veto4]:55.6654 [SgUp1]:193242 [SgUp2]:195249 [SgUp3]:196619 [SgUp4]:197925 [SgLow1]:192972 [SgLow2]:194904 [SgLow3]:196298 [SgLow4]:197629 [NetMuon1]:56488 [NetMuon2]:56638 [NetMuon3]:56469 [NetMuon4]:56610
[Run]:37045 [Site]:4 [Bin]:9497 [FullTime]:3590.17 [SkipTime]:0 [Veto1]:54.1836 [Veto2]:56.2741 [Veto3]:56.3017 [Veto4]:61.25 [SgUp1]:195098 [SgUp2]:196210 [SgUp3]:197674 [SgUp4]:197828 [SgLow1]:194786 [SgLow2]:195907 [SgLow3]:197359 [SgLow4]:197526 [NetMuon1]:56057 [NetMuon2]:56025 [NetMuon3]:56044 [NetMuon4]:55955
[Run]:37045 [Site]:4 [Bin]:9498 [FullTime]:3590.17 [SkipTime]:0 [Veto1]:58.1207 [Veto2]:53.1442 [Veto3]:54.1174 [Veto4]:54.1465 [SgUp1]:194899 [SgUp2]:196054 [SgUp3]:197718 [SgUp4]:197621 [SgLow1]:194582 [SgLow2]:195725 [SgLow3]:197426 [SgLow4]:197348 [NetMuon1]:57376 [NetMuon2]:57443 [NetMuon3]:57438 [NetMuon4]:57454
[Run]:37045 [Site]:4 [Bin]:9499 [FullTime]:3590.17 [SkipTime]:0 [Veto1]:57.3291 [Veto2]:54.3757 [Veto3]:58.3071 [Veto4]:59.2362 [SgUp1]:195080 [SgUp2]:196395 [SgUp3]:196675 [SgUp4]:196993 [SgLow1]:194744 [SgLow2]:196077 [SgLow3]:196373 [SgLow4]:196736 [NetMuon1]:57780 [NetMuon2]:57832 [NetMuon3]:57762 [NetMuon4]:57718
[Run]:37045 [Site]:4 [Bin]:9500 [FullTime]:3590.17 [SkipTime]:0 [Veto1]:59.3845 [Veto2]:53.5026 [Veto3]:60.5004 [Veto4]:53.5584 [SgUp1]:195198 [SgUp2]:196252 [SgUp3]:197006 [SgUp4]:197986 [SgLow1]:194860 [SgLow2]:195940 [SgLow3]:196697 [SgLow4]:197626 [NetMuon1]:56422 [NetMuon2]:56476 [NetMuon3]:56352 [NetMuon4]:56501
[Run]:37045 [Site]:4 [Bin]:9501 [FullTime]:3590.17 [SkipTime]:0 [Veto1]:57.3587 [Veto2]:62.2904 [Veto3]:56.3455 [Veto4]:57.5881 [SgUp1]:194567 [SgUp2]:194678 [SgUp3]:197002 [SgUp4]:197120 [SgLow1]:194246 [SgLow2]:194360 [SgLow3]:196674 [SgLow4]:196801 [NetMuon1]:56118 [NetMuon2]:56051 [NetMuon3]:56149 [NetMuon4]:56088
[Run]:37045 [Site]:4 [Bin]:9502 [FullTime]:3590.17 [SkipTime]:0 [Veto1]:58.4941 [Veto2]:56.6369 [Veto3]:49.5559 [Veto4]:61.4555 [SgUp1]:195452 [SgUp2]:196358 [SgUp3]:197097 [SgUp4]:197330 [SgLow1]:195114 [SgLow2]:196015 [SgLow3]:196802 [SgLow4]:197024 [NetMuon1]:56350 [NetMuon2]:56385 [NetMuon3]:56490 [NetMuon4]:56312
[Run]:37045 [Site]:4 [Bin]:9503 [FullTime]:3590.17 [SkipTime]:0 [Veto1]:57.4577 [Veto2]:49.5307 [Veto3]:55.4275 [Veto4]:49.5815 [SgUp1]:194514 [SgUp2]:196392 [SgUp3]:196290 [SgUp4]:197816 [SgLow1]:194183 [SgLow2]:196090 [SgLow3]:196015 [SgLow4]:197486 [NetMuon1]:56306 [NetMuon2]:56432 [NetMuon3]:56338 [NetMuon4]:56471
[Run]:37045 [Site]:4 [Bin]:9504 [FullTime]:3590.17 [SkipTime]:0 [Veto1]:53.219 [Veto2]:54.3902 [Veto3]:49.304 [Veto4]:56.4314 [SgUp1]:195176 [SgUp2]:196202 [SgUp3]:197163 [SgUp4]:197664 [SgLow1]:194859 [SgLow2]:195890 [SgLow3]:196865 [SgLow4]:197318 [NetMuon1]:55946 [NetMuon2]:55937 [NetMuon3]:56028 [NetMuon4]:55896
[Run]:37045 [Site]:4 [Bin]:9505 [FullTime]:3590.17 [SkipTime]:0 [Veto1]:51.2982 [Veto2]:52.2721 [Veto3]:56.2434 [Veto4]:54.2367 [SgUp1]:195261 [SgUp2]:196406 [SgUp3]:195610 [SgUp4]:197775 [SgLow1]:194909 [SgLow2]:196069 [SgLow3]:195297 [SgLow4]:197461 [NetMuon1]:56039 [NetMuon2]:56015 [NetMuon3]:55947 [NetMuon4]:55967
[Run]:37045 [Site]:4 [Bin]:9506 [FullTime]:3590.17 [SkipTime]:0 [Veto1]:52.7237 [Veto2]:55.7598 [Veto3]:51.793 [Veto4]:54.7841 [SgUp1]:194779 [SgUp2]:195483 [SgUp3]:196796 [SgUp4]:198613 [SgLow1]:194453 [SgLow2]:195179 [SgLow3]:196490 [SgLow4]:198309 [NetMuon1]:56880 [NetMuon2]:56787 [NetMuon3]:56888 [NetMuon4]:56839
[Run]:37045 [Site]:4 [Bin]:9507 [FullTime]:3590.17 [SkipTime]:0 [Veto1]:59.4294 [Veto2]:62.3869 [Veto3]:60.4105 [Veto4]:55.4479 [SgUp1]:194728 [SgUp2]:196059 [SgUp3]:196330 [SgUp4]:197248 [SgLow1]:194404 [SgLow2]:195779 [SgLow3]:195978 [SgLow4]:196905 [NetMuon1]:56250 [NetMuon2]:56194 [NetMuon3]:56284 [NetMuon4]:56284
[Run]:37045 [Site]:4 [Bin]:9508 [FullTime]:3590.17 [SkipTime]:0 [Veto1]:53.3237 [Veto2]:58.2816 [Veto3]:55.2474 [Veto4]:60.1917 [SgUp1]:195132 [SgUp2]:196120 [SgUp3]:196923 [SgUp4]:198398 [SgLow1]:194814 [SgLow2]:195823 [SgLow3]:196601 [SgLow4]:198098 [NetMuon1]:56026 [NetMuon2]:56006 [NetMuon3]:55993 [NetMuon4]:55925
[Run]:37045 [Site]:4 [Bin]:9509 [FullTime]:3590.17 [SkipTime]:0 [Veto1]:60.2448 [Veto2]:57.3421 [Veto3]:58.295 [Veto4]:54.3884 [SgUp1]:194515 [SgUp2]:195809 [SgUp3]:196154 [SgUp4]:197470 [SgLow1]:194210 [SgLow2]:195466 [SgLow3]:195865 [SgLow4]:197195 [NetMuon1]:56050 [NetMuon2]:56091 [NetMuon3]:56087 [NetMuon4]:56154
[Run]:37045 [Site]:4 [Bin]:9510 [FullTime]:3590.17 [SkipTime]:0 [Veto1]:55.4932 [Veto2]:52.5124 [Veto3]:48.4841 [Veto4]:54.4924 [SgUp1]:195923 [SgUp2]:196003 [SgUp3]:197098 [SgUp4]:198394 [SgLow1]:195565 [SgLow2]:195676 [SgLow3]:196806 [SgLow4]:198094 [NetMuon1]:56292 [NetMuon2]:56320 [NetMuon3]:56401 [NetMuon4]:56314
[Run]:37045 [Site]:4 [Bin]:9511 [FullTime]:3590.17 [SkipTime]:0 [Veto1]:54.6849 [Veto2]:55.6503 [Veto3]:56.6481 [Veto4]:54.6709 [SgUp1]:195063 [SgUp2]:195359 [SgUp3]:196727 [SgUp4]:197749 [SgLow1]:194753 [SgLow2]:195011 [SgLow3]:196427 [SgLow4]:197433 [NetMuon1]:56665 [NetMuon2]:56665 [NetMuon3]:56655 [NetMuon4]:56693
[Run]:37045 [Site]:4 [Bin]:9512 [FullTime]:3590.17 [SkipTime]:0 [Veto1]:56.0513 [Veto2]:55.0277 [Veto3]:54.9866 [Veto4]:59.9861 [SgUp1]:195433 [SgUp2]:196437 [SgUp3]:196812 [SgUp4]:197293 [SgLow1]:195090 [SgLow2]:196128 [SgLow3]:196476 [SgLow4]:196981 [NetMuon1]:57186 [NetMuon2]:57226 [NetMuon3]:57205 [NetMuon4]:57140
[Run]:37045 [Site]:4 [Bin]:9513 [FullTime]:3590.17 [SkipTime]:0 [Veto1]:55.1847 [Veto2]:52.2283 [Veto3]:65.0647 [Veto4]:54.2334 [SgUp1]:195086 [SgUp2]:195924 [SgUp3]:196981 [SgUp4]:197768 [SgLow1]:194759 [SgLow2]:195607 [SgLow3]:196698 [SgLow4]:197457 [NetMuon1]:55888 [NetMuon2]:55968 [NetMuon3]:55731 [NetMuon4]:55929
[Run]:37045 [Site]:4 [Bin]:9514 [FullTime]:3590.17 [SkipTime]:0 [Veto1]:56.4348 [Veto2]:59.3574 [Veto3]:54.3819 [Veto4]:60.2972 [SgUp1]:194773 [SgUp2]:195305 [SgUp3]:197543 [SgUp4]:196713 [SgLow1]:194431 [SgLow2]:195022 [SgLow3]:197194 [SgLow4]:196429 [NetMuon1]:56246 [NetMuon2]:56186 [NetMuon3]:56239 [NetMuon4]:56129
[Run]:37045 [Site]:4 [Bin]:9515 [FullTime]:3590.17 [SkipTime]:0 [Veto1]:60.362 [Veto2]:57.3866 [Veto3]:58.9847 [Veto4]:49.4706 [SgUp1]:194063 [SgUp2]:195248 [SgUp3]:198073 [SgUp4]:198417 [SgLow1]:193761 [SgLow2]:194943 [SgLow3]:197792 [SgLow4]:198098 [NetMuon1]:56167 [NetMuon2]:56202 [NetMuon3]:56184 [NetMuon4]:56337
[Run]:37045 [Site]:4 [Bin]:9516 [FullTime]:3590.17 [SkipTime]:0 [Veto1]:51.8882 [Veto2]:58.4242 [Veto3]:59.4624 [Veto4]:55.5235 [SgUp1]:195283 [SgUp2]:195422 [SgUp3]:197076 [SgUp4]:197860 [SgLow1]:194971 [SgLow2]:195120 [SgLow3]:196804 [SgLow4]:197531 [NetMuon1]:56441 [NetMuon2]:56318 [NetMuon3]:56318 [NetMuon4]:56361
[Run]:37045 [Site]:4 [Bin]:9517 [FullTime]:3590.17 [SkipTime]:0 [Veto1]:57.5118 [Veto2]:53.5483 [Veto3]:61.4847 [Veto4]:61.4318 [SgUp1]:194937 [SgUp2]:195982 [SgUp3]:196314 [SgUp4]:197349 [SgLow1]:194592 [SgLow2]:195653 [SgLow3]:195979 [SgLow4]:197057 [NetMuon1]:56379 [NetMuon2]:56477 [NetMuon3]:56363 [NetMuon4]:56320
[Run]:37045 [Site]:4 [Bin]:9518 [FullTime]:3590.17 [SkipTime]:0 [Veto1]:52.7405 [Veto2]:55.6671 [Veto3]:52.6965 [Veto4]:53.6542 [SgUp1]:194980 [SgUp2]:196084 [SgUp3]:196743 [SgUp4]:198195 [SgLow1]:194631 [SgLow2]:195774 [SgLow3]:196446 [SgLow4]:197874 [NetMuon1]:56760 [NetMuon2]:56679 [NetMuon3]:56751 [NetMuon4]:56730
[Run]:37045 [Site]:4 [Bin]:9519 [FullTime]:3590.17 [SkipTime]:0 [Veto1]:56.2708 [Veto2]:59.2093 [Veto3]:54.203 [Veto4]:48.2916 [SgUp1]:194340 [SgUp2]:195377 [SgUp3]:197318 [SgUp4]:197963 [SgLow1]:194001 [SgLow2]:195094 [SgLow3]:196991 [SgLow4]:197662 [NetMuon1]:57542 [NetMuon2]:57503 [NetMuon3]:57556 [NetMuon4]:57627
[Run]:37045 [Site]:4 [Bin]:9520 [FullTime]:3590.17 [SkipTime]:0 [Veto1]:62.9956 [Veto2]:55.9827 [Veto3]:58.0426 [Veto4]:59.9111 [SgUp1]:194757 [SgUp2]:195415 [SgUp3]:196561 [SgUp4]:198056 [SgLow1]:194445 [SgLow2]:195128 [SgLow3]:196300 [SgLow4]:197745 [NetMuon1]:57049 [NetMuon2]:57138 [NetMuon3]:57123 [NetMuon4]:57053
[Run]:37045 [Site]:4 [Bin]:9521 [FullTime]:3590.17 [SkipTime]:0 [Veto1]:56.6039 [Veto2]:55.5452 [Veto3]:56.5321 [Veto4]:62.3982 [SgUp1]:195180 [SgUp2]:195911 [SgUp3]:197459 [SgUp4]:197362 [SgLow1]:194869 [SgLow2]:195555 [SgLow3]:197143 [SgLow4]:197046 [NetMuon1]:58095 [NetMuon2]:58119 [NetMuon3]:58103 [NetMuon4]:57999
[Run]:37045 [Site]:4 [Bin]:9522 [FullTime]:3590.17 [SkipTime]:0 [Veto1]:49.6174 [Veto2]:54.601 [Veto3]:53.5878 [Veto4]:62.5006 [SgUp1]:194699 [SgUp2]:195634 [SgUp3]:197284 [SgUp4]:197510 [SgLow1]:194385 [SgLow2]:195318 [SgLow3]:197004 [SgLow4]:197215 [NetMuon1]:58272 [NetMuon2]:58164 [NetMuon3]:58208 [NetMuon4]:58064
[Run]:37045 [Site]:4 [Bin]:9523 [FullTime]:3590.17 [SkipTime]:0 [Veto1]:52.0498 [Veto2]:53.04 [Veto3]:54.9897 [Veto4]:53.9797 [SgUp1]:195566 [SgUp2]:196499 [SgUp3]:196924 [SgUp4]:197320 [SgLow1]:195212 [SgLow2]:196165 [SgLow3]:196656 [SgLow4]:197003 [NetMuon1]:58874 [NetMuon2]:58859 [NetMuon3]:58807 [NetMuon4]:58862
[Run]:37045 [Site]:4 [Bin]:9524 [FullTime]:3590.17 [SkipTime]:0 [Veto1]:57.6602 [Veto2]:57.1837 [Veto3]:53.2537 [Veto4]:55.166 [SgUp1]:195216 [SgUp2]:196343 [SgUp3]:197341 [SgUp4]:197302 [SgLow1]:194904 [SgLow2]:196010 [SgLow3]:197040 [SgLow4]:196987 [NetMuon1]:57457 [NetMuon2]:57479 [NetMuon3]:57550 [NetMuon4]:57508
[Run]:37045 [Site]:4 [Bin]:9525 [FullTime]:3590.17 [SkipTime]:0 [Veto1]:52.628 [Veto2]:59.5569 [Veto3]:59.6169 [Veto4]:63.498 [SgUp1]:195764 [SgUp2]:196471 [SgUp3]:196922 [SgUp4]:198181 [SgLow1]:195436 [SgLow2]:196140 [SgLow3]:196627 [SgLow4]:197860 [NetMuon1]:56567 [NetMuon2]:56447 [NetMuon3]:56430 [NetMuon4]:56372
[Run]:37045 [Site]:4 [Bin]:9526 [FullTime]:3590.17 [SkipTime]:0 [Veto1]:54.5994 [Veto2]:53.6474 [Veto3]:50.6905 [Veto4]:51.642 [SgUp1]:194901 [SgUp2]:196179 [SgUp3]:196509 [SgUp4]:197935 [SgLow1]:194627 [SgLow2]:195829 [SgLow3]:196228 [SgLow4]:197659 [NetMuon1]:56591 [NetMuon2]:56575 [NetMuon3]:56652 [NetMuon4]:56630
[Run]:37045 [Site]:4 [Bin]:9527 [FullTime]:3590.17 [SkipTime]:0 [Veto1]:56.44 [Veto2]:58.3829 [Veto3]:62.3217 [Veto4]:67.2681 [SgUp1]:193864 [SgUp2]:196366 [SgUp3]:198281 [SgUp4]:197630 [SgLow1]:193522 [SgLow2]:196039 [SgLow3]:197958 [SgLow4]:197345 [NetMuon1]:56233 [NetMuon2]:56226 [NetMuon3]:56123 [NetMuon4]:56009
[Run]:37045 [Site]:4 [Bin]:9528 [FullTime]:3590.17 [SkipTime]:0 [Veto1]:52.4912 [Veto2]:56.4098 [Veto3]:56.7547 [Veto4]:60.3927 [SgUp1]:195695 [SgUp2]:196556 [SgUp3]:197735 [SgUp4]:197315 [SgLow1]:195433 [SgLow2]:196220 [SgLow3]:197436 [SgLow4]:196997 [NetMuon1]:56326 [NetMuon2]:56238 [NetMuon3]:56228 [NetMuon4]:56165
[Run]:37045 [Site]:4 [Bin]:9529 [FullTime]:3590.17 [SkipTime]:0 [Veto1]:54.6827 [Veto2]:58.5864 [Veto3]:51.6977 [Veto4]:55.684 [SgUp1]:194757 [SgUp2]:196093 [SgUp3]:198493 [SgUp4]:197430 [SgLow1]:194429 [SgLow2]:195784 [SgLow3]:198144 [SgLow4]:197121 [NetMuon1]:56622 [NetMuon2]:56549 [NetMuon3]:56680 [NetMuon4]:56605
[Run]:37045 [Site]:4 [Bin]:9530 [FullTime]:3590.17 [SkipTime]:0 [Veto1]:61.0656 [Veto2]:54.0924 [Veto3]:58.0653 [Veto4]:53.1609 [SgUp1]:194512 [SgUp2]:195648 [SgUp3]:197793 [SgUp4]:198657 [SgLow1]:194171 [SgLow2]:195367 [SgLow3]:197435 [SgLow4]:198346 [NetMuon1]:57319 [NetMuon2]:57395 [NetMuon3]:57338 [NetMuon4]:57425
[Run]:37045 [Site]:4 [Bin]:9531 [FullTime]:3590.17 [SkipTime]:0 [Veto1]:57.6166 [Veto2]:48.7265 [Veto3]:60.6094 [Veto4]:52.6614 [SgUp1]:194730 [SgUp2]:196801 [SgUp3]:197686 [SgUp4]:198468 [SgLow1]:194395 [SgLow2]:196492 [SgLow3]:197328 [SgLow4]:198174 [NetMuon1]:56573 [NetMuon2]:56701 [NetMuon3]:56533 [NetMuon4]:56652
End process Run: 37045 ... 
[Run]:37045 [Site]:4 [Bin]:9532 [FullTime]:3280.67 [SkipTime]:0 [Veto1]:51.9447 [Veto2]:46.0544 [Veto3]:48.4418 [Veto4]:55.9836
