StreamChain add 0x194fb7e0
Start to process run: 37656 ... 
[Run]:37656 [Site]:4 [Bin]:10376 [FullTime]:1043.59 [SkipTime]:0 [Veto1]:19.7526 [Veto2]:15.7913 [Veto3]:13.7881 [Veto4]:17.7552 [SgUp1]:56236 [SgUp2]:56703 [SgUp3]:57498 [SgUp4]:57182 [SgLow1]:56131 [SgLow2]:56613 [SgLow3]:57371 [SgLow4]:57091 [NetMuon1]:15488 [NetMuon2]:15545 [NetMuon3]:15595 [NetMuon4]:15523
[Run]:37656 [Site]:4 [Bin]:10377 [FullTime]:3590.17 [SkipTime]:0 [Veto1]:63.9125 [Veto2]:57.0452 [Veto3]:58.914 [Veto4]:45.1135 [SgUp1]:194706 [SgUp2]:195174 [SgUp3]:196327 [SgUp4]:198715 [SgLow1]:194387 [SgLow2]:194880 [SgLow3]:195985 [SgLow4]:198407 [NetMuon1]:53804 [NetMuon2]:53992 [NetMuon3]:53928 [NetMuon4]:54136
[Run]:37656 [Site]:4 [Bin]:10378 [FullTime]:3590.17 [SkipTime]:0 [Veto1]:65.0326 [Veto2]:53.1062 [Veto3]:50.1715 [Veto4]:57.1162 [SgUp1]:193280 [SgUp2]:195975 [SgUp3]:197163 [SgUp4]:198562 [SgLow1]:193013 [SgLow2]:195671 [SgLow3]:196896 [SgLow4]:198234 [NetMuon1]:54045 [NetMuon2]:54190 [NetMuon3]:54274 [NetMuon4]:54160
[Run]:37656 [Site]:4 [Bin]:10379 [FullTime]:3590.17 [SkipTime]:0 [Veto1]:50.9457 [Veto2]:52.9383 [Veto3]:45.9735 [Veto4]:58.8418 [SgUp1]:194936 [SgUp2]:195784 [SgUp3]:197112 [SgUp4]:197242 [SgLow1]:194627 [SgLow2]:195468 [SgLow3]:196805 [SgLow4]:196968 [NetMuon1]:53852 [NetMuon2]:53841 [NetMuon3]:53937 [NetMuon4]:53752
[Run]:37656 [Site]:4 [Bin]:10380 [FullTime]:3590.17 [SkipTime]:0 [Veto1]:50.8803 [Veto2]:60.1148 [Veto3]:51.2722 [Veto4]:50.2907 [SgUp1]:195032 [SgUp2]:195882 [SgUp3]:197072 [SgUp4]:197741 [SgLow1]:194753 [SgLow2]:195572 [SgLow3]:196781 [SgLow4]:197428 [NetMuon1]:54372 [NetMuon2]:54210 [NetMuon3]:54372 [NetMuon4]:54389
[Run]:37656 [Site]:4 [Bin]:10381 [FullTime]:3590.17 [SkipTime]:0 [Veto1]:49.8939 [Veto2]:50.8528 [Veto3]:49.6489 [Veto4]:45.8975 [SgUp1]:195448 [SgUp2]:195684 [SgUp3]:196585 [SgUp4]:197930 [SgLow1]:195143 [SgLow2]:195376 [SgLow3]:196224 [SgLow4]:197609 [NetMuon1]:53793 [NetMuon2]:53753 [NetMuon3]:53771 [NetMuon4]:53841
[Run]:37656 [Site]:4 [Bin]:10382 [FullTime]:3590.17 [SkipTime]:0 [Veto1]:54.3503 [Veto2]:62.224 [Veto3]:46.411 [Veto4]:55.2611 [SgUp1]:193963 [SgUp2]:195117 [SgUp3]:197124 [SgUp4]:197311 [SgLow1]:193685 [SgLow2]:194818 [SgLow3]:196793 [SgLow4]:197021 [NetMuon1]:54444 [NetMuon2]:54349 [NetMuon3]:54582 [NetMuon4]:54427
[Run]:37656 [Site]:4 [Bin]:10383 [FullTime]:3590.17 [SkipTime]:0 [Veto1]:52.1887 [Veto2]:52.1713 [Veto3]:51.1744 [Veto4]:50.2209 [SgUp1]:194379 [SgUp2]:195815 [SgUp3]:196888 [SgUp4]:196997 [SgLow1]:194022 [SgLow2]:195533 [SgLow3]:196607 [SgLow4]:196702 [NetMuon1]:54287 [NetMuon2]:54293 [NetMuon3]:54307 [NetMuon4]:54325
[Run]:37656 [Site]:4 [Bin]:10384 [FullTime]:3590.17 [SkipTime]:0 [Veto1]:52.7915 [Veto2]:51.8098 [Veto3]:46.8282 [Veto4]:62.3742 [SgUp1]:195679 [SgUp2]:195743 [SgUp3]:197005 [SgUp4]:197047 [SgLow1]:195372 [SgLow2]:195441 [SgLow3]:196722 [SgLow4]:196742 [NetMuon1]:53637 [NetMuon2]:53673 [NetMuon3]:53724 [NetMuon4]:53524
[Run]:37656 [Site]:4 [Bin]:10385 [FullTime]:3590.17 [SkipTime]:0 [Veto1]:54.0195 [Veto2]:49.003 [Veto3]:60.9043 [Veto4]:58.9064 [SgUp1]:194459 [SgUp2]:196003 [SgUp3]:195930 [SgUp4]:195790 [SgLow1]:194157 [SgLow2]:195707 [SgLow3]:195634 [SgLow4]:195502 [NetMuon1]:53948 [NetMuon2]:54043 [NetMuon3]:53860 [NetMuon4]:53899
[Run]:37656 [Site]:4 [Bin]:10386 [FullTime]:3590.17 [SkipTime]:0 [Veto1]:56.9877 [Veto2]:57.9636 [Veto3]:53.0186 [Veto4]:55.9731 [SgUp1]:194242 [SgUp2]:195516 [SgUp3]:196606 [SgUp4]:197743 [SgLow1]:193953 [SgLow2]:195219 [SgLow3]:196333 [SgLow4]:197439 [NetMuon1]:53923 [NetMuon2]:53895 [NetMuon3]:53958 [NetMuon4]:53916
[Run]:37656 [Site]:4 [Bin]:10387 [FullTime]:3590.17 [SkipTime]:0 [Veto1]:61.5291 [Veto2]:55.5381 [Veto3]:62.8766 [Veto4]:62.8765 [SgUp1]:193465 [SgUp2]:196007 [SgUp3]:196116 [SgUp4]:196421 [SgLow1]:193142 [SgLow2]:195700 [SgLow3]:195840 [SgLow4]:196165 [NetMuon1]:53771 [NetMuon2]:53896 [NetMuon3]:53772 [NetMuon4]:53790
[Run]:37656 [Site]:4 [Bin]:10388 [FullTime]:3590.17 [SkipTime]:0 [Veto1]:46.9967 [Veto2]:51.8937 [Veto3]:51.3803 [Veto4]:49.9478 [SgUp1]:194719 [SgUp2]:195467 [SgUp3]:196897 [SgUp4]:197581 [SgLow1]:194388 [SgLow2]:195142 [SgLow3]:196591 [SgLow4]:197288 [NetMuon1]:53932 [NetMuon2]:53861 [NetMuon3]:53901 [NetMuon4]:53896
[Run]:37656 [Site]:4 [Bin]:10389 [FullTime]:3590.17 [SkipTime]:0 [Veto1]:50.3921 [Veto2]:55.9959 [Veto3]:51.5905 [Veto4]:52.0611 [SgUp1]:194459 [SgUp2]:195169 [SgUp3]:196526 [SgUp4]:197461 [SgLow1]:194174 [SgLow2]:194819 [SgLow3]:196179 [SgLow4]:197157 [NetMuon1]:54072 [NetMuon2]:54023 [NetMuon3]:54059 [NetMuon4]:54060
[Run]:37656 [Site]:4 [Bin]:10390 [FullTime]:3590.17 [SkipTime]:0 [Veto1]:55.9891 [Veto2]:51.972 [Veto3]:50.9729 [Veto4]:57.9116 [SgUp1]:194004 [SgUp2]:196054 [SgUp3]:196345 [SgUp4]:197087 [SgLow1]:193683 [SgLow2]:195780 [SgLow3]:196039 [SgLow4]:196809 [NetMuon1]:53881 [NetMuon2]:53927 [NetMuon3]:53929 [NetMuon4]:53841
[Run]:37656 [Site]:4 [Bin]:10391 [FullTime]:3590.17 [SkipTime]:0 [Veto1]:57.0087 [Veto2]:57.0314 [Veto3]:53.0504 [Veto4]:52.1354 [SgUp1]:194468 [SgUp2]:195059 [SgUp3]:197333 [SgUp4]:196049 [SgLow1]:194184 [SgLow2]:194751 [SgLow3]:197043 [SgLow4]:195756 [NetMuon1]:53987 [NetMuon2]:54003 [NetMuon3]:54076 [NetMuon4]:54101
[Run]:37656 [Site]:4 [Bin]:10392 [FullTime]:3590.17 [SkipTime]:0 [Veto1]:53.9243 [Veto2]:55.0531 [Veto3]:57.8642 [Veto4]:55.9131 [SgUp1]:193846 [SgUp2]:196354 [SgUp3]:197130 [SgUp4]:197365 [SgLow1]:193558 [SgLow2]:195996 [SgLow3]:196801 [SgLow4]:197057 [NetMuon1]:53825 [NetMuon2]:53825 [NetMuon3]:53765 [NetMuon4]:53810
[Run]:37656 [Site]:4 [Bin]:10393 [FullTime]:3590.17 [SkipTime]:0 [Veto1]:55.7042 [Veto2]:52.7151 [Veto3]:60.6574 [Veto4]:52.7669 [SgUp1]:194548 [SgUp2]:195952 [SgUp3]:196279 [SgUp4]:198293 [SgLow1]:194224 [SgLow2]:195635 [SgLow3]:195965 [SgLow4]:198003 [NetMuon1]:53532 [NetMuon2]:53572 [NetMuon3]:53429 [NetMuon4]:53596
[Run]:37656 [Site]:4 [Bin]:10394 [FullTime]:3590.17 [SkipTime]:0 [Veto1]:60.1485 [Veto2]:51.2745 [Veto3]:47.3171 [Veto4]:53.2894 [SgUp1]:193591 [SgUp2]:196220 [SgUp3]:198028 [SgUp4]:197642 [SgLow1]:193259 [SgLow2]:195897 [SgLow3]:197738 [SgLow4]:197380 [NetMuon1]:54258 [NetMuon2]:54450 [NetMuon3]:54502 [NetMuon4]:54400
[Run]:37656 [Site]:4 [Bin]:10395 [FullTime]:3590.17 [SkipTime]:0 [Veto1]:46.0611 [Veto2]:61.9122 [Veto3]:59.8933 [Veto4]:52.9631 [SgUp1]:195108 [SgUp2]:195298 [SgUp3]:196520 [SgUp4]:196999 [SgLow1]:194826 [SgLow2]:195003 [SgLow3]:196211 [SgLow4]:196670 [NetMuon1]:54068 [NetMuon2]:53828 [NetMuon3]:53853 [NetMuon4]:53994
[Run]:37656 [Site]:4 [Bin]:10396 [FullTime]:3590.17 [SkipTime]:0 [Veto1]:46.9751 [Veto2]:53.8023 [Veto3]:56.7873 [Veto4]:49.8783 [SgUp1]:194317 [SgUp2]:195735 [SgUp3]:196586 [SgUp4]:197439 [SgLow1]:194004 [SgLow2]:195437 [SgLow3]:196283 [SgLow4]:197148 [NetMuon1]:53814 [NetMuon2]:53697 [NetMuon3]:53648 [NetMuon4]:53760
[Run]:37656 [Site]:4 [Bin]:10397 [FullTime]:3590.18 [SkipTime]:0 [Veto1]:55.1944 [Veto2]:51.1845 [Veto3]:57.1619 [Veto4]:48.2619 [SgUp1]:194124 [SgUp2]:196489 [SgUp3]:196381 [SgUp4]:197359 [SgLow1]:193818 [SgLow2]:196170 [SgLow3]:196079 [SgLow4]:197064 [NetMuon1]:54250 [NetMuon2]:54315 [NetMuon3]:54250 [NetMuon4]:54365
[Run]:37656 [Site]:4 [Bin]:10398 [FullTime]:3590.17 [SkipTime]:0 [Veto1]:54.8566 [Veto2]:56.8983 [Veto3]:49.9419 [Veto4]:51.8279 [SgUp1]:194362 [SgUp2]:195972 [SgUp3]:196511 [SgUp4]:197865 [SgLow1]:194102 [SgLow2]:195646 [SgLow3]:196146 [SgLow4]:197581 [NetMuon1]:53721 [NetMuon2]:53719 [NetMuon3]:53817 [NetMuon4]:53741
[Run]:37656 [Site]:4 [Bin]:10399 [FullTime]:3590.16 [SkipTime]:0 [Veto1]:46.971 [Veto2]:54.9462 [Veto3]:51.9779 [Veto4]:58.6245 [SgUp1]:194213 [SgUp2]:195937 [SgUp3]:197063 [SgUp4]:197358 [SgLow1]:193882 [SgLow2]:195593 [SgLow3]:196719 [SgLow4]:197045 [NetMuon1]:53942 [NetMuon2]:53824 [NetMuon3]:53891 [NetMuon4]:53799
[Run]:37656 [Site]:4 [Bin]:10400 [FullTime]:3590.17 [SkipTime]:0 [Veto1]:48.0616 [Veto2]:49.0464 [Veto3]:58.9944 [Veto4]:51.9825 [SgUp1]:195362 [SgUp2]:196172 [SgUp3]:196087 [SgUp4]:196860 [SgLow1]:195037 [SgLow2]:195887 [SgLow3]:195763 [SgLow4]:196499 [NetMuon1]:54058 [NetMuon2]:54029 [NetMuon3]:53923 [NetMuon4]:53981
[Run]:37656 [Site]:4 [Bin]:10401 [FullTime]:3590.17 [SkipTime]:0 [Veto1]:57.7518 [Veto2]:53.7408 [Veto3]:51.7769 [Veto4]:57.6941 [SgUp1]:194108 [SgUp2]:195898 [SgUp3]:196745 [SgUp4]:197778 [SgLow1]:193796 [SgLow2]:195583 [SgLow3]:196471 [SgLow4]:197512 [NetMuon1]:53537 [NetMuon2]:53595 [NetMuon3]:53624 [NetMuon4]:53532
[Run]:37656 [Site]:4 [Bin]:10402 [FullTime]:3590.17 [SkipTime]:0 [Veto1]:51.1574 [Veto2]:52.0931 [Veto3]:57.0748 [Veto4]:58.0437 [SgUp1]:194938 [SgUp2]:196289 [SgUp3]:196956 [SgUp4]:197785 [SgLow1]:194639 [SgLow2]:196000 [SgLow3]:196703 [SgLow4]:197433 [NetMuon1]:54173 [NetMuon2]:54187 [NetMuon3]:54116 [NetMuon4]:54054
[Run]:37656 [Site]:4 [Bin]:10403 [FullTime]:3590.17 [SkipTime]:0 [Veto1]:51.1678 [Veto2]:55.1263 [Veto3]:52.4075 [Veto4]:51.2176 [SgUp1]:194140 [SgUp2]:195804 [SgUp3]:197138 [SgUp4]:197731 [SgLow1]:193882 [SgLow2]:195516 [SgLow3]:196858 [SgLow4]:197408 [NetMuon1]:54216 [NetMuon2]:54180 [NetMuon3]:54234 [NetMuon4]:54258
[Run]:37656 [Site]:4 [Bin]:10404 [FullTime]:3590.17 [SkipTime]:0 [Veto1]:53.8942 [Veto2]:54.8162 [Veto3]:52.8764 [Veto4]:52.828 [SgUp1]:194776 [SgUp2]:196097 [SgUp3]:196974 [SgUp4]:197107 [SgLow1]:194454 [SgLow2]:195799 [SgLow3]:196629 [SgLow4]:196780 [NetMuon1]:53772 [NetMuon2]:53726 [NetMuon3]:53789 [NetMuon4]:53780
[Run]:37656 [Site]:4 [Bin]:10405 [FullTime]:3590.17 [SkipTime]:0 [Veto1]:58.2142 [Veto2]:49.3065 [Veto3]:59.1493 [Veto4]:50.2075 [SgUp1]:195154 [SgUp2]:196070 [SgUp3]:196449 [SgUp4]:198075 [SgLow1]:194878 [SgLow2]:195743 [SgLow3]:196135 [SgLow4]:197761 [NetMuon1]:54289 [NetMuon2]:54394 [NetMuon3]:54237 [NetMuon4]:54364
[Run]:37656 [Site]:4 [Bin]:10406 [FullTime]:3590.17 [SkipTime]:0 [Veto1]:59.1022 [Veto2]:52.238 [Veto3]:58.0557 [Veto4]:62.0294 [SgUp1]:194792 [SgUp2]:195866 [SgUp3]:196246 [SgUp4]:197161 [SgLow1]:194511 [SgLow2]:195541 [SgLow3]:195985 [SgLow4]:196880 [NetMuon1]:54062 [NetMuon2]:54195 [NetMuon3]:54096 [NetMuon4]:54001
[Run]:37656 [Site]:4 [Bin]:10407 [FullTime]:3590.17 [SkipTime]:0 [Veto1]:61.8716 [Veto2]:55.9036 [Veto3]:49.9857 [Veto4]:51.0179 [SgUp1]:194767 [SgUp2]:193988 [SgUp3]:198014 [SgUp4]:197756 [SgLow1]:194410 [SgLow2]:193667 [SgLow3]:197743 [SgLow4]:197421 [NetMuon1]:53771 [NetMuon2]:53856 [NetMuon3]:53954 [NetMuon4]:53952
[Run]:37656 [Site]:4 [Bin]:10408 [FullTime]:3590.17 [SkipTime]:0 [Veto1]:51.2294 [Veto2]:52.1614 [Veto3]:57.0832 [Veto4]:60.0458 [SgUp1]:195139 [SgUp2]:195795 [SgUp3]:196749 [SgUp4]:197195 [SgLow1]:194872 [SgLow2]:195495 [SgLow3]:196509 [SgLow4]:196912 [NetMuon1]:54247 [NetMuon2]:54203 [NetMuon3]:54133 [NetMuon4]:54096
[Run]:37656 [Site]:4 [Bin]:10409 [FullTime]:3590.17 [SkipTime]:0 [Veto1]:59.9836 [Veto2]:64.8328 [Veto3]:54.9736 [Veto4]:62.9349 [SgUp1]:194008 [SgUp2]:195300 [SgUp3]:196458 [SgUp4]:196203 [SgLow1]:193679 [SgLow2]:194969 [SgLow3]:196136 [SgLow4]:195939 [NetMuon1]:53901 [NetMuon2]:53786 [NetMuon3]:53959 [NetMuon4]:53875
[Run]:37656 [Site]:4 [Bin]:10410 [FullTime]:3590.17 [SkipTime]:0 [Veto1]:52.0955 [Veto2]:54.0692 [Veto3]:49.1349 [Veto4]:52.1088 [SgUp1]:194123 [SgUp2]:195168 [SgUp3]:197554 [SgUp4]:197213 [SgLow1]:193824 [SgLow2]:194852 [SgLow3]:197216 [SgLow4]:196857 [NetMuon1]:54138 [NetMuon2]:54079 [NetMuon3]:54188 [NetMuon4]:54127
[Run]:37656 [Site]:4 [Bin]:10411 [FullTime]:3590.17 [SkipTime]:0 [Veto1]:48.2467 [Veto2]:59.0749 [Veto3]:57.1107 [Veto4]:62.983 [SgUp1]:194672 [SgUp2]:195486 [SgUp3]:196838 [SgUp4]:197017 [SgLow1]:194373 [SgLow2]:195133 [SgLow3]:196472 [SgLow4]:196729 [NetMuon1]:54292 [NetMuon2]:54077 [NetMuon3]:54133 [NetMuon4]:54014
[Run]:37656 [Site]:4 [Bin]:10412 [FullTime]:3590.17 [SkipTime]:0 [Veto1]:58.1961 [Veto2]:59.0962 [Veto3]:63.3147 [Veto4]:53.2509 [SgUp1]:195073 [SgUp2]:195801 [SgUp3]:195493 [SgUp4]:198280 [SgLow1]:194730 [SgLow2]:195478 [SgLow3]:195184 [SgLow4]:197926 [NetMuon1]:54252 [NetMuon2]:54269 [NetMuon3]:54223 [NetMuon4]:54380
[Run]:37656 [Site]:4 [Bin]:10413 [FullTime]:3590.17 [SkipTime]:0 [Veto1]:56.9515 [Veto2]:60.8866 [Veto3]:52.9125 [Veto4]:52.8096 [SgUp1]:194217 [SgUp2]:194494 [SgUp3]:196287 [SgUp4]:197366 [SgLow1]:193938 [SgLow2]:194186 [SgLow3]:195984 [SgLow4]:197052 [NetMuon1]:53849 [NetMuon2]:53810 [NetMuon3]:53905 [NetMuon4]:53915
[Run]:37656 [Site]:4 [Bin]:10414 [FullTime]:3590.17 [SkipTime]:0 [Veto1]:47.9586 [Veto2]:58.8061 [Veto3]:54.8633 [Veto4]:48.8925 [SgUp1]:194408 [SgUp2]:194823 [SgUp3]:196670 [SgUp4]:197602 [SgLow1]:194081 [SgLow2]:194501 [SgLow3]:196398 [SgLow4]:197281 [NetMuon1]:53833 [NetMuon2]:53684 [NetMuon3]:53738 [NetMuon4]:53827
[Run]:37656 [Site]:4 [Bin]:10415 [FullTime]:3590.17 [SkipTime]:0 [Veto1]:59.848 [Veto2]:49.8603 [Veto3]:54.8546 [Veto4]:54.8978 [SgUp1]:194381 [SgUp2]:195789 [SgUp3]:195658 [SgUp4]:198487 [SgLow1]:194071 [SgLow2]:195448 [SgLow3]:195384 [SgLow4]:198188 [NetMuon1]:53661 [NetMuon2]:53792 [NetMuon3]:53751 [NetMuon4]:53746
[Run]:37656 [Site]:4 [Bin]:10416 [FullTime]:3590.17 [SkipTime]:0 [Veto1]:56.427 [Veto2]:57.3787 [Veto3]:50.3993 [Veto4]:51.4325 [SgUp1]:195023 [SgUp2]:194746 [SgUp3]:196950 [SgUp4]:197658 [SgLow1]:194697 [SgLow2]:194436 [SgLow3]:196660 [SgLow4]:197361 [NetMuon1]:54589 [NetMuon2]:54588 [NetMuon3]:54666 [NetMuon4]:54667
[Run]:37656 [Site]:4 [Bin]:10417 [FullTime]:3590.17 [SkipTime]:0 [Veto1]:58.8498 [Veto2]:56.7828 [Veto3]:62.1049 [Veto4]:50.8486 [SgUp1]:194757 [SgUp2]:194955 [SgUp3]:195493 [SgUp4]:198580 [SgLow1]:194435 [SgLow2]:194682 [SgLow3]:195230 [SgLow4]:198302 [NetMuon1]:53646 [NetMuon2]:53660 [NetMuon3]:53566 [NetMuon4]:53741
[Run]:37656 [Site]:4 [Bin]:10418 [FullTime]:3590.17 [SkipTime]:0 [Veto1]:48.006 [Veto2]:61.8279 [Veto3]:48.781 [Veto4]:48.9957 [SgUp1]:194774 [SgUp2]:194722 [SgUp3]:196948 [SgUp4]:197398 [SgLow1]:194484 [SgLow2]:194420 [SgLow3]:196607 [SgLow4]:197125 [NetMuon1]:53986 [NetMuon2]:53744 [NetMuon3]:53941 [NetMuon4]:53993
[Run]:37656 [Site]:4 [Bin]:10419 [FullTime]:3590.17 [SkipTime]:0 [Veto1]:51.9627 [Veto2]:55.9539 [Veto3]:59.8607 [Veto4]:44.0421 [SgUp1]:194937 [SgUp2]:195165 [SgUp3]:196662 [SgUp4]:198005 [SgLow1]:194605 [SgLow2]:194788 [SgLow3]:196314 [SgLow4]:197656 [NetMuon1]:53903 [NetMuon2]:53875 [NetMuon3]:53794 [NetMuon4]:54053
[Run]:37656 [Site]:4 [Bin]:10420 [FullTime]:3590.17 [SkipTime]:0 [Veto1]:56.9602 [Veto2]:56.971 [Veto3]:52.937 [Veto4]:55.9537 [SgUp1]:194366 [SgUp2]:195775 [SgUp3]:196824 [SgUp4]:197417 [SgLow1]:194068 [SgLow2]:195512 [SgLow3]:196527 [SgLow4]:197138 [NetMuon1]:53856 [NetMuon2]:53859 [NetMuon3]:53947 [NetMuon4]:53938
[Run]:37656 [Site]:4 [Bin]:10421 [FullTime]:3590.17 [SkipTime]:0 [Veto1]:58.0484 [Veto2]:58.9972 [Veto3]:61.0138 [Veto4]:49.1374 [SgUp1]:193596 [SgUp2]:195227 [SgUp3]:196129 [SgUp4]:198551 [SgLow1]:193291 [SgLow2]:194964 [SgLow3]:195825 [SgLow4]:198261 [NetMuon1]:54016 [NetMuon2]:53998 [NetMuon3]:54008 [NetMuon4]:54174
[Run]:37656 [Site]:4 [Bin]:10422 [FullTime]:3590.17 [SkipTime]:0 [Veto1]:51.8876 [Veto2]:57.848 [Veto3]:51.8635 [Veto4]:52.8845 [SgUp1]:195216 [SgUp2]:195588 [SgUp3]:196717 [SgUp4]:197937 [SgLow1]:194891 [SgLow2]:195234 [SgLow3]:196412 [SgLow4]:197610 [NetMuon1]:53775 [NetMuon2]:53709 [NetMuon3]:53817 [NetMuon4]:53782
End process Run: 37656 ... 
[Run]:37656 [Site]:4 [Bin]:10423 [FullTime]:337.795 [SkipTime]:0 [Veto1]:7.11986 [Veto2]:7.11461 [Veto3]:6.11752 [Veto4]:4.13347
