StreamChain add 0x1842c7e0
Start to process run: 37061 ... 
[Run]:37061 [Site]:4 [Bin]:9533 [FullTime]:3140.02 [SkipTime]:0 [Veto1]:49.9185 [Veto2]:46.9127 [Veto3]:58.829 [Veto4]:49.9417 [SgUp1]:169408 [SgUp2]:171517 [SgUp3]:173388 [SgUp4]:172974 [SgLow1]:169115 [SgLow2]:171246 [SgLow3]:173132 [SgLow4]:172723 [NetMuon1]:49035 [NetMuon2]:49094 [NetMuon3]:48923 [NetMuon4]:49076
[Run]:37061 [Site]:4 [Bin]:9534 [FullTime]:3590.17 [SkipTime]:0 [Veto1]:60.2263 [Veto2]:58.2656 [Veto3]:64.2 [Veto4]:49.3845 [SgUp1]:193927 [SgUp2]:196036 [SgUp3]:198342 [SgUp4]:199386 [SgLow1]:193661 [SgLow2]:195726 [SgLow3]:198052 [SgLow4]:199074 [NetMuon1]:55951 [NetMuon2]:55985 [NetMuon3]:55907 [NetMuon4]:56164
[Run]:37061 [Site]:4 [Bin]:9535 [FullTime]:3590.17 [SkipTime]:0 [Veto1]:60.4953 [Veto2]:53.217 [Veto3]:62.4997 [Veto4]:56.1069 [SgUp1]:194081 [SgUp2]:195748 [SgUp3]:198755 [SgUp4]:197770 [SgLow1]:193755 [SgLow2]:195448 [SgLow3]:198459 [SgLow4]:197441 [NetMuon1]:55762 [NetMuon2]:55910 [NetMuon3]:55751 [NetMuon4]:55823
[Run]:37061 [Site]:4 [Bin]:9536 [FullTime]:3590.17 [SkipTime]:0 [Veto1]:47.9217 [Veto2]:51.8619 [Veto3]:50.8614 [Veto4]:50.9221 [SgUp1]:194621 [SgUp2]:196456 [SgUp3]:199802 [SgUp4]:197423 [SgLow1]:194315 [SgLow2]:196122 [SgLow3]:199483 [SgLow4]:197135 [NetMuon1]:57079 [NetMuon2]:56999 [NetMuon3]:57027 [NetMuon4]:57048
[Run]:37061 [Site]:4 [Bin]:9537 [FullTime]:3590.17 [SkipTime]:0 [Veto1]:56.5414 [Veto2]:59.5114 [Veto3]:60.5359 [Veto4]:58.0358 [SgUp1]:194275 [SgUp2]:196315 [SgUp3]:198896 [SgUp4]:197733 [SgLow1]:194017 [SgLow2]:195963 [SgLow3]:198573 [SgLow4]:197458 [NetMuon1]:56425 [NetMuon2]:56436 [NetMuon3]:56447 [NetMuon4]:56440
[Run]:37061 [Site]:4 [Bin]:9538 [FullTime]:3590.17 [SkipTime]:0 [Veto1]:58.4952 [Veto2]:50.5599 [Veto3]:49.5687 [Veto4]:62.4581 [SgUp1]:194503 [SgUp2]:196043 [SgUp3]:200273 [SgUp4]:196960 [SgLow1]:194227 [SgLow2]:195684 [SgLow3]:199993 [SgLow4]:196675 [NetMuon1]:56361 [NetMuon2]:56500 [NetMuon3]:56499 [NetMuon4]:56316
[Run]:37061 [Site]:4 [Bin]:9539 [FullTime]:3590.17 [SkipTime]:0 [Veto1]:56.437 [Veto2]:61.4136 [Veto3]:62.3134 [Veto4]:51.4126 [SgUp1]:195225 [SgUp2]:196023 [SgUp3]:199192 [SgUp4]:198356 [SgLow1]:194931 [SgLow2]:195694 [SgLow3]:198902 [SgLow4]:198089 [NetMuon1]:56213 [NetMuon2]:56143 [NetMuon3]:56096 [NetMuon4]:56269
[Run]:37061 [Site]:4 [Bin]:9540 [FullTime]:3590.17 [SkipTime]:0 [Veto1]:53.0939 [Veto2]:56.9953 [Veto3]:52.0458 [Veto4]:58.7878 [SgUp1]:195295 [SgUp2]:196073 [SgUp3]:199829 [SgUp4]:197455 [SgLow1]:194974 [SgLow2]:195740 [SgLow3]:199508 [SgLow4]:197149 [NetMuon1]:55692 [NetMuon2]:55637 [NetMuon3]:55661 [NetMuon4]:55583
[Run]:37061 [Site]:4 [Bin]:9541 [FullTime]:3590.17 [SkipTime]:0 [Veto1]:52.8789 [Veto2]:58.7368 [Veto3]:59.7366 [Veto4]:53.8514 [SgUp1]:194696 [SgUp2]:196404 [SgUp3]:200403 [SgUp4]:197708 [SgLow1]:194336 [SgLow2]:196052 [SgLow3]:200086 [SgLow4]:197464 [NetMuon1]:55296 [NetMuon2]:55209 [NetMuon3]:55215 [NetMuon4]:55259
[Run]:37061 [Site]:4 [Bin]:9542 [FullTime]:3590.17 [SkipTime]:0 [Veto1]:61.1004 [Veto2]:64.1047 [Veto3]:53.2098 [Veto4]:50.2249 [SgUp1]:194797 [SgUp2]:195516 [SgUp3]:200308 [SgUp4]:197649 [SgLow1]:194559 [SgLow2]:195185 [SgLow3]:200007 [SgLow4]:197312 [NetMuon1]:55762 [NetMuon2]:55717 [NetMuon3]:55898 [NetMuon4]:55972
[Run]:37061 [Site]:4 [Bin]:9543 [FullTime]:3590.17 [SkipTime]:0 [Veto1]:49.132 [Veto2]:55.0777 [Veto3]:61.9301 [Veto4]:51.7454 [SgUp1]:195722 [SgUp2]:196275 [SgUp3]:199955 [SgUp4]:197780 [SgLow1]:195375 [SgLow2]:195964 [SgLow3]:199665 [SgLow4]:197517 [NetMuon1]:55735 [NetMuon2]:55706 [NetMuon3]:55584 [NetMuon4]:55735
[Run]:37061 [Site]:4 [Bin]:9544 [FullTime]:3590.17 [SkipTime]:0 [Veto1]:54.1381 [Veto2]:62.8852 [Veto3]:52.1677 [Veto4]:51.0875 [SgUp1]:194761 [SgUp2]:196107 [SgUp3]:200728 [SgUp4]:197647 [SgLow1]:194485 [SgLow2]:195763 [SgLow3]:200413 [SgLow4]:197292 [NetMuon1]:55733 [NetMuon2]:55601 [NetMuon3]:55795 [NetMuon4]:55768
[Run]:37061 [Site]:4 [Bin]:9545 [FullTime]:3590.17 [SkipTime]:0 [Veto1]:53.5233 [Veto2]:60.4747 [Veto3]:51.5331 [Veto4]:64.4106 [SgUp1]:195570 [SgUp2]:195849 [SgUp3]:200694 [SgUp4]:196636 [SgLow1]:195279 [SgLow2]:195530 [SgLow3]:200363 [SgLow4]:196333 [NetMuon1]:56439 [NetMuon2]:56344 [NetMuon3]:56485 [NetMuon4]:56261
[Run]:37061 [Site]:4 [Bin]:9546 [FullTime]:3590.17 [SkipTime]:0 [Veto1]:61.9951 [Veto2]:58.9613 [Veto3]:54.0472 [Veto4]:54.058 [SgUp1]:193860 [SgUp2]:196164 [SgUp3]:200120 [SgUp4]:198907 [SgLow1]:193549 [SgLow2]:195915 [SgLow3]:199784 [SgLow4]:198627 [NetMuon1]:57157 [NetMuon2]:57209 [NetMuon3]:57276 [NetMuon4]:57299
[Run]:37061 [Site]:4 [Bin]:9547 [FullTime]:3590.17 [SkipTime]:0 [Veto1]:62.791 [Veto2]:55.2884 [Veto3]:60.829 [Veto4]:53.9024 [SgUp1]:194546 [SgUp2]:195780 [SgUp3]:199982 [SgUp4]:198053 [SgLow1]:194230 [SgLow2]:195473 [SgLow3]:199711 [SgLow4]:197741 [NetMuon1]:58502 [NetMuon2]:58607 [NetMuon3]:58554 [NetMuon4]:58633
[Run]:37061 [Site]:4 [Bin]:9548 [FullTime]:3590.17 [SkipTime]:0 [Veto1]:61.9556 [Veto2]:57.0172 [Veto3]:55.9796 [Veto4]:49.05 [SgUp1]:194130 [SgUp2]:195436 [SgUp3]:199933 [SgUp4]:197359 [SgLow1]:193856 [SgLow2]:195112 [SgLow3]:199616 [SgLow4]:197075 [NetMuon1]:57076 [NetMuon2]:57171 [NetMuon3]:57162 [NetMuon4]:57315
[Run]:37061 [Site]:4 [Bin]:9549 [FullTime]:3590.17 [SkipTime]:0 [Veto1]:53.6144 [Veto2]:56.7924 [Veto3]:46.666 [Veto4]:59.5372 [SgUp1]:194218 [SgUp2]:196338 [SgUp3]:200934 [SgUp4]:196764 [SgLow1]:193921 [SgLow2]:195953 [SgLow3]:200652 [SgLow4]:196416 [NetMuon1]:56588 [NetMuon2]:56539 [NetMuon3]:56725 [NetMuon4]:56499
[Run]:37061 [Site]:4 [Bin]:9550 [FullTime]:3590.17 [SkipTime]:0 [Veto1]:48.5507 [Veto2]:66.3332 [Veto3]:52.471 [Veto4]:55.4964 [SgUp1]:195737 [SgUp2]:195691 [SgUp3]:200232 [SgUp4]:197354 [SgLow1]:195410 [SgLow2]:195366 [SgLow3]:199930 [SgLow4]:197069 [NetMuon1]:56407 [NetMuon2]:56116 [NetMuon3]:56329 [NetMuon4]:56292
[Run]:37061 [Site]:4 [Bin]:9551 [FullTime]:3590.17 [SkipTime]:0 [Veto1]:56.2514 [Veto2]:57.2835 [Veto3]:53.3159 [Veto4]:59.28 [SgUp1]:195986 [SgUp2]:196347 [SgUp3]:200230 [SgUp4]:197713 [SgLow1]:195695 [SgLow2]:196042 [SgLow3]:199901 [SgLow4]:197432 [NetMuon1]:57705 [NetMuon2]:57661 [NetMuon3]:57734 [NetMuon4]:57653
[Run]:37061 [Site]:4 [Bin]:9552 [FullTime]:3590.17 [SkipTime]:0 [Veto1]:51.0762 [Veto2]:59.0127 [Veto3]:56.9998 [Veto4]:47.054 [SgUp1]:194973 [SgUp2]:195522 [SgUp3]:199446 [SgUp4]:197845 [SgLow1]:194647 [SgLow2]:195203 [SgLow3]:199143 [SgLow4]:197548 [NetMuon1]:57275 [NetMuon2]:57172 [NetMuon3]:57162 [NetMuon4]:57303
[Run]:37061 [Site]:4 [Bin]:9553 [FullTime]:3590.17 [SkipTime]:0 [Veto1]:61.2412 [Veto2]:67.1399 [Veto3]:58.2478 [Veto4]:55.2836 [SgUp1]:194002 [SgUp2]:195118 [SgUp3]:200987 [SgUp4]:198288 [SgLow1]:193716 [SgLow2]:194834 [SgLow3]:200659 [SgLow4]:197969 [NetMuon1]:57520 [NetMuon2]:57461 [NetMuon3]:57612 [NetMuon4]:57650
[Run]:37061 [Site]:4 [Bin]:9554 [FullTime]:3590.17 [SkipTime]:0 [Veto1]:56.1067 [Veto2]:54.4368 [Veto3]:65.0414 [Veto4]:52.1273 [SgUp1]:194230 [SgUp2]:196141 [SgUp3]:199928 [SgUp4]:197978 [SgLow1]:193903 [SgLow2]:195797 [SgLow3]:199646 [SgLow4]:197715 [NetMuon1]:58957 [NetMuon2]:59013 [NetMuon3]:58849 [NetMuon4]:59077
[Run]:37061 [Site]:4 [Bin]:9555 [FullTime]:3590.17 [SkipTime]:0 [Veto1]:59.1473 [Veto2]:56.1351 [Veto3]:63.1133 [Veto4]:52.1877 [SgUp1]:195047 [SgUp2]:195470 [SgUp3]:199721 [SgUp4]:197526 [SgLow1]:194710 [SgLow2]:195137 [SgLow3]:199408 [SgLow4]:197263 [NetMuon1]:57440 [NetMuon2]:57472 [NetMuon3]:57355 [NetMuon4]:57535
[Run]:37061 [Site]:4 [Bin]:9556 [FullTime]:3590.17 [SkipTime]:0 [Veto1]:52.7589 [Veto2]:52.6832 [Veto3]:52.6735 [Veto4]:63.6557 [SgUp1]:195744 [SgUp2]:195864 [SgUp3]:200622 [SgUp4]:196865 [SgLow1]:195417 [SgLow2]:195516 [SgLow3]:200329 [SgLow4]:196624 [NetMuon1]:56703 [NetMuon2]:56694 [NetMuon3]:56688 [NetMuon4]:56541
[Run]:37061 [Site]:4 [Bin]:9557 [FullTime]:3590.17 [SkipTime]:0 [Veto1]:53.5635 [Veto2]:59.4334 [Veto3]:52.4757 [Veto4]:55.4564 [SgUp1]:195373 [SgUp2]:195832 [SgUp3]:201121 [SgUp4]:196968 [SgLow1]:195071 [SgLow2]:195522 [SgLow3]:200800 [SgLow4]:196644 [NetMuon1]:56422 [NetMuon2]:56292 [NetMuon3]:56405 [NetMuon4]:56345
[Run]:37061 [Site]:4 [Bin]:9558 [FullTime]:3590.17 [SkipTime]:0 [Veto1]:60.7308 [Veto2]:58.7097 [Veto3]:52.7558 [Veto4]:54.74 [SgUp1]:195079 [SgUp2]:195941 [SgUp3]:200373 [SgUp4]:197977 [SgLow1]:194810 [SgLow2]:195573 [SgLow3]:200064 [SgLow4]:197661 [NetMuon1]:56707 [NetMuon2]:56752 [NetMuon3]:56809 [NetMuon4]:56780
[Run]:37061 [Site]:4 [Bin]:9559 [FullTime]:3590.17 [SkipTime]:0 [Veto1]:54.8257 [Veto2]:54.7303 [Veto3]:65.6504 [Veto4]:60.6966 [SgUp1]:195937 [SgUp2]:195836 [SgUp3]:200287 [SgUp4]:196891 [SgLow1]:195637 [SgLow2]:195506 [SgLow3]:199924 [SgLow4]:196621 [NetMuon1]:56818 [NetMuon2]:56809 [NetMuon3]:56635 [NetMuon4]:56695
[Run]:37061 [Site]:4 [Bin]:9560 [FullTime]:3590.17 [SkipTime]:0 [Veto1]:45.5852 [Veto2]:52.4634 [Veto3]:53.4167 [Veto4]:55.4461 [SgUp1]:195355 [SgUp2]:196598 [SgUp3]:199809 [SgUp4]:196940 [SgLow1]:195014 [SgLow2]:196337 [SgLow3]:199459 [SgLow4]:196607 [NetMuon1]:58030 [NetMuon2]:57912 [NetMuon3]:57879 [NetMuon4]:57883
[Run]:37061 [Site]:4 [Bin]:9561 [FullTime]:3590.17 [SkipTime]:0 [Veto1]:55.9929 [Veto2]:58.8779 [Veto3]:56.9178 [Veto4]:59.9309 [SgUp1]:195295 [SgUp2]:196175 [SgUp3]:200160 [SgUp4]:196648 [SgLow1]:194956 [SgLow2]:195878 [SgLow3]:199805 [SgLow4]:196321 [NetMuon1]:57161 [NetMuon2]:57100 [NetMuon3]:57150 [NetMuon4]:57110
[Run]:37061 [Site]:4 [Bin]:9562 [FullTime]:3590.17 [SkipTime]:0 [Veto1]:55.5691 [Veto2]:59.4331 [Veto3]:54.4785 [Veto4]:55.4715 [SgUp1]:195402 [SgUp2]:195687 [SgUp3]:201087 [SgUp4]:197496 [SgLow1]:195146 [SgLow2]:195346 [SgLow3]:200752 [SgLow4]:197151 [NetMuon1]:56383 [NetMuon2]:56303 [NetMuon3]:56357 [NetMuon4]:56346
[Run]:37061 [Site]:4 [Bin]:9563 [FullTime]:3590.17 [SkipTime]:0 [Veto1]:59.6406 [Veto2]:52.6617 [Veto3]:52.6723 [Veto4]:62.4041 [SgUp1]:195396 [SgUp2]:196050 [SgUp3]:201011 [SgUp4]:196037 [SgLow1]:195087 [SgLow2]:195756 [SgLow3]:200658 [SgLow4]:195752 [NetMuon1]:56568 [NetMuon2]:56694 [NetMuon3]:56689 [NetMuon4]:56541
[Run]:37061 [Site]:4 [Bin]:9564 [FullTime]:3590.17 [SkipTime]:0 [Veto1]:64.6292 [Veto2]:58.7105 [Veto3]:59.6883 [Veto4]:55.3856 [SgUp1]:195041 [SgUp2]:196325 [SgUp3]:200364 [SgUp4]:198016 [SgLow1]:194746 [SgLow2]:195997 [SgLow3]:200009 [SgLow4]:197718 [NetMuon1]:56599 [NetMuon2]:56698 [NetMuon3]:56659 [NetMuon4]:56661
[Run]:37061 [Site]:4 [Bin]:9565 [FullTime]:3590.17 [SkipTime]:0 [Veto1]:61.7386 [Veto2]:59.8096 [Veto3]:60.7477 [Veto4]:55.8506 [SgUp1]:194694 [SgUp2]:195769 [SgUp3]:200694 [SgUp4]:197028 [SgLow1]:194397 [SgLow2]:195439 [SgLow3]:200392 [SgLow4]:196716 [NetMuon1]:56801 [NetMuon2]:56842 [NetMuon3]:56796 [NetMuon4]:56918
[Run]:37061 [Site]:4 [Bin]:9566 [FullTime]:3590.17 [SkipTime]:0 [Veto1]:54.7586 [Veto2]:60.6803 [Veto3]:59.5075 [Veto4]:64.0449 [SgUp1]:194669 [SgUp2]:195640 [SgUp3]:199943 [SgUp4]:197544 [SgLow1]:194342 [SgLow2]:195308 [SgLow3]:199640 [SgLow4]:197204 [NetMuon1]:56819 [NetMuon2]:56676 [NetMuon3]:56695 [NetMuon4]:56568
[Run]:37061 [Site]:4 [Bin]:9567 [FullTime]:3590.17 [SkipTime]:0 [Veto1]:55.8129 [Veto2]:58.7738 [Veto3]:55.8191 [Veto4]:58.9667 [SgUp1]:195369 [SgUp2]:195361 [SgUp3]:200416 [SgUp4]:197543 [SgLow1]:195061 [SgLow2]:195046 [SgLow3]:200105 [SgLow4]:197251 [NetMuon1]:56878 [NetMuon2]:56801 [NetMuon3]:56880 [NetMuon4]:56791
[Run]:37061 [Site]:4 [Bin]:9568 [FullTime]:3590.17 [SkipTime]:0 [Veto1]:53.2539 [Veto2]:65.0893 [Veto3]:53.2283 [Veto4]:67.0574 [SgUp1]:195377 [SgUp2]:194642 [SgUp3]:200392 [SgUp4]:196630 [SgLow1]:195087 [SgLow2]:194326 [SgLow3]:200067 [SgLow4]:196292 [NetMuon1]:57532 [NetMuon2]:57378 [NetMuon3]:57534 [NetMuon4]:57329
[Run]:37061 [Site]:4 [Bin]:9569 [FullTime]:3590.17 [SkipTime]:0 [Veto1]:60.6176 [Veto2]:53.7073 [Veto3]:53.636 [Veto4]:57.6085 [SgUp1]:194315 [SgUp2]:196713 [SgUp3]:200770 [SgUp4]:196918 [SgLow1]:193959 [SgLow2]:196374 [SgLow3]:200442 [SgLow4]:196619 [NetMuon1]:58141 [NetMuon2]:58284 [NetMuon3]:58244 [NetMuon4]:58189
[Run]:37061 [Site]:4 [Bin]:9570 [FullTime]:3590.17 [SkipTime]:0 [Veto1]:52.0237 [Veto2]:52.0002 [Veto3]:58.0003 [Veto4]:67.8362 [SgUp1]:194879 [SgUp2]:196818 [SgUp3]:201076 [SgUp4]:196408 [SgLow1]:194545 [SgLow2]:196470 [SgLow3]:200782 [SgLow4]:196068 [NetMuon1]:58855 [NetMuon2]:58847 [NetMuon3]:58755 [NetMuon4]:58622
[Run]:37061 [Site]:4 [Bin]:9571 [FullTime]:3590.17 [SkipTime]:0 [Veto1]:62.5164 [Veto2]:55.5612 [Veto3]:64.2976 [Veto4]:52.6381 [SgUp1]:194625 [SgUp2]:196456 [SgUp3]:199719 [SgUp4]:197420 [SgLow1]:194255 [SgLow2]:196130 [SgLow3]:199374 [SgLow4]:197109 [NetMuon1]:61264 [NetMuon2]:61366 [NetMuon3]:61202 [NetMuon4]:61421
[Run]:37061 [Site]:4 [Bin]:9572 [FullTime]:3590.17 [SkipTime]:0 [Veto1]:54.866 [Veto2]:66.7612 [Veto3]:53.8972 [Veto4]:59.8377 [SgUp1]:194604 [SgUp2]:196148 [SgUp3]:200610 [SgUp4]:197377 [SgLow1]:194317 [SgLow2]:195809 [SgLow3]:200276 [SgLow4]:197065 [NetMuon1]:60174 [NetMuon2]:60025 [NetMuon3]:60218 [NetMuon4]:60127
[Run]:37061 [Site]:4 [Bin]:9573 [FullTime]:3590.17 [SkipTime]:0 [Veto1]:54.6175 [Veto2]:59.5702 [Veto3]:54.5903 [Veto4]:60.5109 [SgUp1]:194331 [SgUp2]:196071 [SgUp3]:200069 [SgUp4]:197312 [SgLow1]:194020 [SgLow2]:195809 [SgLow3]:199748 [SgLow4]:197006 [NetMuon1]:59771 [NetMuon2]:59669 [NetMuon3]:59742 [NetMuon4]:59663
[Run]:37061 [Site]:4 [Bin]:9574 [FullTime]:3590.17 [SkipTime]:0 [Veto1]:63.4996 [Veto2]:60.5359 [Veto3]:58.5068 [Veto4]:59.5114 [SgUp1]:194804 [SgUp2]:196071 [SgUp3]:199707 [SgUp4]:197597 [SgLow1]:194490 [SgLow2]:195727 [SgLow3]:199412 [SgLow4]:197307 [NetMuon1]:59622 [NetMuon2]:59692 [NetMuon3]:59722 [NetMuon4]:59673
[Run]:37061 [Site]:4 [Bin]:9575 [FullTime]:3590.17 [SkipTime]:0 [Veto1]:62.9556 [Veto2]:53.0784 [Veto3]:66.9262 [Veto4]:54.032 [SgUp1]:194231 [SgUp2]:196881 [SgUp3]:199144 [SgUp4]:198179 [SgLow1]:193950 [SgLow2]:196504 [SgLow3]:198810 [SgLow4]:197881 [NetMuon1]:60342 [NetMuon2]:60508 [NetMuon3]:60298 [NetMuon4]:60484
[Run]:37061 [Site]:4 [Bin]:9576 [FullTime]:3590.17 [SkipTime]:0 [Veto1]:55.9137 [Veto2]:52.8858 [Veto3]:56.7991 [Veto4]:54.8611 [SgUp1]:195102 [SgUp2]:196862 [SgUp3]:199756 [SgUp4]:196799 [SgLow1]:194763 [SgLow2]:196553 [SgLow3]:199411 [SgLow4]:196503 [NetMuon1]:60180 [NetMuon2]:60240 [NetMuon3]:60128 [NetMuon4]:60185
[Run]:37061 [Site]:4 [Bin]:9577 [FullTime]:3590.17 [SkipTime]:0 [Veto1]:58.4776 [Veto2]:58.5084 [Veto3]:55.5046 [Veto4]:59.4584 [SgUp1]:194048 [SgUp2]:195954 [SgUp3]:199891 [SgUp4]:196923 [SgLow1]:193746 [SgLow2]:195639 [SgLow3]:199605 [SgLow4]:196678 [NetMuon1]:61152 [NetMuon2]:61170 [NetMuon3]:61236 [NetMuon4]:61163
[Run]:37061 [Site]:4 [Bin]:9578 [FullTime]:3590.17 [SkipTime]:0 [Veto1]:58.2149 [Veto2]:52.2378 [Veto3]:60.1341 [Veto4]:64.1055 [SgUp1]:194067 [SgUp2]:196340 [SgUp3]:200070 [SgUp4]:196935 [SgLow1]:193735 [SgLow2]:196021 [SgLow3]:199812 [SgLow4]:196592 [NetMuon1]:62314 [NetMuon2]:62433 [NetMuon3]:62237 [NetMuon4]:62216
[Run]:37061 [Site]:4 [Bin]:9579 [FullTime]:3590.17 [SkipTime]:0 [Veto1]:56.0289 [Veto2]:57.761 [Veto3]:56.0375 [Veto4]:59.0187 [SgUp1]:194168 [SgUp2]:195931 [SgUp3]:200521 [SgUp4]:197533 [SgLow1]:193853 [SgLow2]:195644 [SgLow3]:200192 [SgLow4]:197228 [NetMuon1]:60472 [NetMuon2]:60477 [NetMuon3]:60477 [NetMuon4]:60436
End process Run: 37061 ... 
[Run]:37061 [Site]:4 [Bin]:9580 [FullTime]:3113.43 [SkipTime]:0 [Veto1]:44.0441 [Veto2]:51.9174 [Veto3]:55.564 [Veto4]:47.9371
