StreamChain add 0x10ecc7e0
Start to process run: 37149 ... 
[Run]:37149 [Site]:4 [Bin]:9652 [FullTime]:1040.82 [SkipTime]:0 [Veto1]:17.3948 [Veto2]:16.3943 [Veto3]:16.3873 [Veto4]:20.3359 [SgUp1]:56709 [SgUp2]:57319 [SgUp3]:57510 [SgUp4]:57129 [SgLow1]:56646 [SgLow2]:57240 [SgLow3]:57431 [SgLow4]:57034 [NetMuon1]:18102 [NetMuon2]:18117 [NetMuon3]:18113 [NetMuon4]:18048
[Run]:37149 [Site]:4 [Bin]:9653 [FullTime]:3590.17 [SkipTime]:0 [Veto1]:57.5554 [Veto2]:55.5175 [Veto3]:62.4344 [Veto4]:56.4948 [SgUp1]:195073 [SgUp2]:196545 [SgUp3]:198625 [SgUp4]:198157 [SgLow1]:194729 [SgLow2]:196239 [SgLow3]:198322 [SgLow4]:197854 [NetMuon1]:62828 [NetMuon2]:62773 [NetMuon3]:62727 [NetMuon4]:62781
[Run]:37149 [Site]:4 [Bin]:9654 [FullTime]:3590.17 [SkipTime]:0 [Veto1]:56.5389 [Veto2]:62.4567 [Veto3]:62.4014 [Veto4]:59.5001 [SgUp1]:195113 [SgUp2]:196336 [SgUp3]:199219 [SgUp4]:197163 [SgLow1]:194780 [SgLow2]:196030 [SgLow3]:198910 [SgLow4]:196862 [NetMuon1]:62816 [NetMuon2]:62733 [NetMuon3]:62715 [NetMuon4]:62780
[Run]:37149 [Site]:4 [Bin]:9655 [FullTime]:3590.17 [SkipTime]:0 [Veto1]:59.9285 [Veto2]:67.8439 [Veto3]:62.8541 [Veto4]:53.9963 [SgUp1]:194928 [SgUp2]:195201 [SgUp3]:199811 [SgUp4]:198287 [SgLow1]:194617 [SgLow2]:194921 [SgLow3]:199525 [SgLow4]:197970 [NetMuon1]:63461 [NetMuon2]:63351 [NetMuon3]:63411 [NetMuon4]:63573
[Run]:37149 [Site]:4 [Bin]:9656 [FullTime]:3590.17 [SkipTime]:0 [Veto1]:61.4794 [Veto2]:58.4849 [Veto3]:63.4571 [Veto4]:61.533 [SgUp1]:194756 [SgUp2]:196661 [SgUp3]:198280 [SgUp4]:198361 [SgLow1]:194470 [SgLow2]:196330 [SgLow3]:197966 [SgLow4]:198025 [NetMuon1]:64339 [NetMuon2]:64411 [NetMuon3]:64324 [NetMuon4]:64357
[Run]:37149 [Site]:4 [Bin]:9657 [FullTime]:3590.17 [SkipTime]:0 [Veto1]:63.0008 [Veto2]:60.9668 [Veto3]:66.8904 [Veto4]:49.0962 [SgUp1]:194004 [SgUp2]:196055 [SgUp3]:197598 [SgUp4]:198225 [SgLow1]:193717 [SgLow2]:195735 [SgLow3]:197288 [SgLow4]:197929 [NetMuon1]:63508 [NetMuon2]:63548 [NetMuon3]:63427 [NetMuon4]:63752
[Run]:37149 [Site]:4 [Bin]:9658 [FullTime]:3590.17 [SkipTime]:0 [Veto1]:52.6747 [Veto2]:61.6087 [Veto3]:64.9817 [Veto4]:56.5734 [SgUp1]:195397 [SgUp2]:197046 [SgUp3]:198002 [SgUp4]:197836 [SgLow1]:195094 [SgLow2]:196742 [SgLow3]:197695 [SgLow4]:197549 [NetMuon1]:61481 [NetMuon2]:61362 [NetMuon3]:61222 [NetMuon4]:61427
[Run]:37149 [Site]:4 [Bin]:9659 [FullTime]:3590.17 [SkipTime]:0 [Veto1]:58.5718 [Veto2]:66.49 [Veto3]:59.5221 [Veto4]:55.6236 [SgUp1]:194945 [SgUp2]:196347 [SgUp3]:198630 [SgUp4]:197950 [SgLow1]:194602 [SgLow2]:195979 [SgLow3]:198310 [SgLow4]:197621 [NetMuon1]:61255 [NetMuon2]:61114 [NetMuon3]:61237 [NetMuon4]:61306
[Run]:37149 [Site]:4 [Bin]:9660 [FullTime]:3590.18 [SkipTime]:0 [Veto1]:62.4706 [Veto2]:54.535 [Veto3]:67.3738 [Veto4]:54.4917 [SgUp1]:194591 [SgUp2]:196145 [SgUp3]:198520 [SgUp4]:197391 [SgLow1]:194234 [SgLow2]:195797 [SgLow3]:198187 [SgLow4]:197108 [NetMuon1]:61067 [NetMuon2]:61243 [NetMuon3]:61006 [NetMuon4]:61236
[Run]:37149 [Site]:4 [Bin]:9661 [FullTime]:3590.17 [SkipTime]:0 [Veto1]:62.2532 [Veto2]:56.2698 [Veto3]:67.1105 [Veto4]:58.0992 [SgUp1]:195339 [SgUp2]:197388 [SgUp3]:197477 [SgUp4]:197904 [SgLow1]:195019 [SgLow2]:197121 [SgLow3]:197175 [SgLow4]:197580 [NetMuon1]:62306 [NetMuon2]:62373 [NetMuon3]:62184 [NetMuon4]:62351
[Run]:37149 [Site]:4 [Bin]:9662 [FullTime]:3590.17 [SkipTime]:0 [Veto1]:53.4358 [Veto2]:70.3539 [Veto3]:59.4805 [Veto4]:63.4729 [SgUp1]:194975 [SgUp2]:195982 [SgUp3]:198690 [SgUp4]:197685 [SgLow1]:194713 [SgLow2]:195621 [SgLow3]:198359 [SgLow4]:197384 [NetMuon1]:61263 [NetMuon2]:61000 [NetMuon3]:61200 [NetMuon4]:61149
[Run]:37149 [Site]:4 [Bin]:9663 [FullTime]:3590.17 [SkipTime]:0 [Veto1]:59.0137 [Veto2]:70.122 [Veto3]:67.861 [Veto4]:60.9699 [SgUp1]:195662 [SgUp2]:195680 [SgUp3]:198300 [SgUp4]:197541 [SgLow1]:195326 [SgLow2]:195363 [SgLow3]:197907 [SgLow4]:197225 [NetMuon1]:62007 [NetMuon2]:61766 [NetMuon3]:61810 [NetMuon4]:61928
[Run]:37149 [Site]:4 [Bin]:9664 [FullTime]:3590.17 [SkipTime]:0 [Veto1]:61.9405 [Veto2]:63.8598 [Veto3]:57.9839 [Veto4]:62.983 [SgUp1]:195815 [SgUp2]:196442 [SgUp3]:199305 [SgUp4]:197904 [SgLow1]:195502 [SgLow2]:196111 [SgLow3]:199001 [SgLow4]:197640 [NetMuon1]:61901 [NetMuon2]:61874 [NetMuon3]:61970 [NetMuon4]:61923
[Run]:37149 [Site]:4 [Bin]:9665 [FullTime]:3590.17 [SkipTime]:0 [Veto1]:53.0746 [Veto2]:63.8706 [Veto3]:66.9133 [Veto4]:62.9008 [SgUp1]:194825 [SgUp2]:196126 [SgUp3]:197857 [SgUp4]:197198 [SgLow1]:194586 [SgLow2]:195832 [SgLow3]:197535 [SgLow4]:196925 [NetMuon1]:63626 [NetMuon2]:63355 [NetMuon3]:63415 [NetMuon4]:63414
[Run]:37149 [Site]:4 [Bin]:9666 [FullTime]:3590.17 [SkipTime]:0 [Veto1]:57.8966 [Veto2]:61.7925 [Veto3]:59.817 [Veto4]:61.8096 [SgUp1]:194219 [SgUp2]:195950 [SgUp3]:198600 [SgUp4]:197535 [SgLow1]:193932 [SgLow2]:195600 [SgLow3]:198289 [SgLow4]:197256 [NetMuon1]:66559 [NetMuon2]:66440 [NetMuon3]:66461 [NetMuon4]:66479
[Run]:37149 [Site]:4 [Bin]:9667 [FullTime]:3590.17 [SkipTime]:0 [Veto1]:61.1072 [Veto2]:60.8943 [Veto3]:65.0613 [Veto4]:68.3806 [SgUp1]:194923 [SgUp2]:196669 [SgUp3]:198456 [SgUp4]:197130 [SgLow1]:194609 [SgLow2]:196361 [SgLow3]:198154 [SgLow4]:196820 [NetMuon1]:68496 [NetMuon2]:68497 [NetMuon3]:68443 [NetMuon4]:68363
[Run]:37149 [Site]:4 [Bin]:9668 [FullTime]:3590.17 [SkipTime]:0 [Veto1]:66.3021 [Veto2]:62.3592 [Veto3]:73.1906 [Veto4]:60.3578 [SgUp1]:194595 [SgUp2]:196163 [SgUp3]:197493 [SgUp4]:197977 [SgLow1]:194271 [SgLow2]:195852 [SgLow3]:197207 [SgLow4]:197645 [NetMuon1]:68873 [NetMuon2]:68957 [NetMuon3]:68763 [NetMuon4]:69008
[Run]:37149 [Site]:4 [Bin]:9669 [FullTime]:3590.17 [SkipTime]:0 [Veto1]:64.4014 [Veto2]:62.2314 [Veto3]:62.2279 [Veto4]:68.1851 [SgUp1]:194786 [SgUp2]:196061 [SgUp3]:199218 [SgUp4]:197393 [SgLow1]:194412 [SgLow2]:195754 [SgLow3]:198901 [SgLow4]:197094 [NetMuon1]:68774 [NetMuon2]:68820 [NetMuon3]:68809 [NetMuon4]:68727
[Run]:37149 [Site]:4 [Bin]:9670 [FullTime]:3590.17 [SkipTime]:0 [Veto1]:73.9502 [Veto2]:66.4675 [Veto3]:66.0599 [Veto4]:72.3737 [SgUp1]:194148 [SgUp2]:195956 [SgUp3]:198915 [SgUp4]:196880 [SgLow1]:193842 [SgLow2]:195657 [SgLow3]:198599 [SgLow4]:196576 [NetMuon1]:69038 [NetMuon2]:69211 [NetMuon3]:69209 [NetMuon4]:69046
[Run]:37149 [Site]:4 [Bin]:9671 [FullTime]:3590.17 [SkipTime]:0 [Veto1]:59.2076 [Veto2]:60.1756 [Veto3]:61.1415 [Veto4]:58.1696 [SgUp1]:193985 [SgUp2]:196125 [SgUp3]:199307 [SgUp4]:197509 [SgLow1]:193658 [SgLow2]:195797 [SgLow3]:199010 [SgLow4]:197185 [NetMuon1]:67058 [NetMuon2]:67072 [NetMuon3]:67042 [NetMuon4]:67119
[Run]:37149 [Site]:4 [Bin]:9672 [FullTime]:3590.17 [SkipTime]:0 [Veto1]:64.9016 [Veto2]:62.9301 [Veto3]:61.0558 [Veto4]:60.9436 [SgUp1]:194658 [SgUp2]:196714 [SgUp3]:198209 [SgUp4]:196829 [SgLow1]:194324 [SgLow2]:196411 [SgLow3]:197887 [SgLow4]:196490 [NetMuon1]:68334 [NetMuon2]:68365 [NetMuon3]:68406 [NetMuon4]:68419
[Run]:37149 [Site]:4 [Bin]:9673 [FullTime]:3590.17 [SkipTime]:0 [Veto1]:65.7832 [Veto2]:64.8196 [Veto3]:71.7409 [Veto4]:67.788 [SgUp1]:194693 [SgUp2]:196067 [SgUp3]:198447 [SgUp4]:197313 [SgLow1]:194362 [SgLow2]:195796 [SgLow3]:198127 [SgLow4]:197027 [NetMuon1]:69769 [NetMuon2]:69813 [NetMuon3]:69672 [NetMuon4]:69745
[Run]:37149 [Site]:4 [Bin]:9674 [FullTime]:3590.18 [SkipTime]:0 [Veto1]:63.192 [Veto2]:62.196 [Veto3]:58.1877 [Veto4]:66.0814 [SgUp1]:194446 [SgUp2]:196220 [SgUp3]:199107 [SgUp4]:197298 [SgLow1]:194133 [SgLow2]:195928 [SgLow3]:198821 [SgLow4]:196982 [NetMuon1]:67055 [NetMuon2]:67124 [NetMuon3]:67172 [NetMuon4]:66996
[Run]:37149 [Site]:4 [Bin]:9675 [FullTime]:3590.17 [SkipTime]:0 [Veto1]:57.2094 [Veto2]:63.1336 [Veto3]:64.0785 [Veto4]:59.1999 [SgUp1]:194476 [SgUp2]:195970 [SgUp3]:198040 [SgUp4]:197601 [SgLow1]:194152 [SgLow2]:195660 [SgLow3]:197730 [SgLow4]:197265 [NetMuon1]:63944 [NetMuon2]:63804 [NetMuon3]:63758 [NetMuon4]:63877
[Run]:37149 [Site]:4 [Bin]:9676 [FullTime]:3590.17 [SkipTime]:0 [Veto1]:64.5347 [Veto2]:50.178 [Veto3]:59.0186 [Veto4]:56.0597 [SgUp1]:194078 [SgUp2]:196855 [SgUp3]:198266 [SgUp4]:197298 [SgLow1]:193742 [SgLow2]:196512 [SgLow3]:197949 [SgLow4]:196973 [NetMuon1]:61955 [NetMuon2]:62220 [NetMuon3]:62062 [NetMuon4]:62099
[Run]:37149 [Site]:4 [Bin]:9677 [FullTime]:3590.17 [SkipTime]:0 [Veto1]:57.6728 [Veto2]:57.6456 [Veto3]:57.6561 [Veto4]:59.5898 [SgUp1]:195504 [SgUp2]:196095 [SgUp3]:199229 [SgUp4]:197428 [SgLow1]:195159 [SgLow2]:195766 [SgLow3]:198893 [SgLow4]:197164 [NetMuon1]:61410 [NetMuon2]:61381 [NetMuon3]:61407 [NetMuon4]:61368
[Run]:37149 [Site]:4 [Bin]:9678 [FullTime]:3590.17 [SkipTime]:0 [Veto1]:60.2441 [Veto2]:64.1548 [Veto3]:59.2687 [Veto4]:62.2074 [SgUp1]:194522 [SgUp2]:196367 [SgUp3]:199644 [SgUp4]:198066 [SgLow1]:194198 [SgLow2]:196039 [SgLow3]:199317 [SgLow4]:197697 [NetMuon1]:60775 [NetMuon2]:60679 [NetMuon3]:60732 [NetMuon4]:60740
[Run]:37149 [Site]:4 [Bin]:9679 [FullTime]:3590.17 [SkipTime]:0 [Veto1]:62.4332 [Veto2]:58.4917 [Veto3]:62.446 [Veto4]:62.3667 [SgUp1]:193988 [SgUp2]:195723 [SgUp3]:198836 [SgUp4]:197347 [SgLow1]:193691 [SgLow2]:195429 [SgLow3]:198520 [SgLow4]:197026 [NetMuon1]:61134 [NetMuon2]:61171 [NetMuon3]:61094 [NetMuon4]:61120
[Run]:37149 [Site]:4 [Bin]:9680 [FullTime]:3590.17 [SkipTime]:0 [Veto1]:68.1503 [Veto2]:62.9549 [Veto3]:70.1418 [Veto4]:62.2284 [SgUp1]:194134 [SgUp2]:196664 [SgUp3]:196994 [SgUp4]:198471 [SgLow1]:193828 [SgLow2]:196319 [SgLow3]:196681 [SgLow4]:198152 [NetMuon1]:65395 [NetMuon2]:65467 [NetMuon3]:65333 [NetMuon4]:65472
[Run]:37149 [Site]:4 [Bin]:9681 [FullTime]:3590.17 [SkipTime]:0 [Veto1]:61.7281 [Veto2]:61.7247 [Veto3]:64.6691 [Veto4]:55.7778 [SgUp1]:195246 [SgUp2]:196536 [SgUp3]:197733 [SgUp4]:198130 [SgLow1]:194901 [SgLow2]:196206 [SgLow3]:197420 [SgLow4]:197819 [NetMuon1]:64752 [NetMuon2]:64778 [NetMuon3]:64746 [NetMuon4]:64872
[Run]:37149 [Site]:4 [Bin]:9682 [FullTime]:3590.17 [SkipTime]:0 [Veto1]:52.6233 [Veto2]:56.5126 [Veto3]:52.562 [Veto4]:63.4533 [SgUp1]:194673 [SgUp2]:196774 [SgUp3]:198748 [SgUp4]:197501 [SgLow1]:194343 [SgLow2]:196441 [SgLow3]:198388 [SgLow4]:197215 [NetMuon1]:62919 [NetMuon2]:62838 [NetMuon3]:62911 [NetMuon4]:62714
[Run]:37149 [Site]:4 [Bin]:9683 [FullTime]:3590.17 [SkipTime]:0 [Veto1]:56.0729 [Veto2]:50.0851 [Veto3]:58.03 [Veto4]:51.2679 [SgUp1]:194900 [SgUp2]:196523 [SgUp3]:198544 [SgUp4]:198265 [SgLow1]:194640 [SgLow2]:196165 [SgLow3]:198292 [SgLow4]:197930 [NetMuon1]:55638 [NetMuon2]:55756 [NetMuon3]:55591 [NetMuon4]:55769
[Run]:37149 [Site]:4 [Bin]:9684 [FullTime]:3590.17 [SkipTime]:0 [Veto1]:50.9842 [Veto2]:58.9066 [Veto3]:49.0042 [Veto4]:50.0099 [SgUp1]:195047 [SgUp2]:196740 [SgUp3]:198703 [SgUp4]:198264 [SgLow1]:194749 [SgLow2]:196436 [SgLow3]:198376 [SgLow4]:197957 [NetMuon1]:55548 [NetMuon2]:55423 [NetMuon3]:55600 [NetMuon4]:55582
[Run]:37149 [Site]:4 [Bin]:9685 [FullTime]:3590.17 [SkipTime]:0 [Veto1]:49.1708 [Veto2]:61.2879 [Veto3]:47.105 [Veto4]:45.1761 [SgUp1]:195726 [SgUp2]:196363 [SgUp3]:199337 [SgUp4]:198459 [SgLow1]:195391 [SgLow2]:196052 [SgLow3]:199054 [SgLow4]:198178 [NetMuon1]:55751 [NetMuon2]:55541 [NetMuon3]:55766 [NetMuon4]:55812
[Run]:37149 [Site]:4 [Bin]:9686 [FullTime]:3590.17 [SkipTime]:0 [Veto1]:53.7789 [Veto2]:50.7661 [Veto3]:57.739 [Veto4]:55.7122 [SgUp1]:194977 [SgUp2]:197191 [SgUp3]:198155 [SgUp4]:198025 [SgLow1]:194648 [SgLow2]:196832 [SgLow3]:197854 [SgLow4]:197706 [NetMuon1]:56745 [NetMuon2]:56813 [NetMuon3]:56715 [NetMuon4]:56728
[Run]:37149 [Site]:4 [Bin]:9687 [FullTime]:3590.17 [SkipTime]:0 [Veto1]:48.4418 [Veto2]:50.3393 [Veto3]:56.3079 [Veto4]:56.8324 [SgUp1]:196208 [SgUp2]:196936 [SgUp3]:198515 [SgUp4]:197890 [SgLow1]:195887 [SgLow2]:196628 [SgLow3]:198196 [SgLow4]:197561 [NetMuon1]:56192 [NetMuon2]:56118 [NetMuon3]:56057 [NetMuon4]:56055
[Run]:37149 [Site]:4 [Bin]:9688 [FullTime]:3590.17 [SkipTime]:0 [Veto1]:53.5831 [Veto2]:57.5096 [Veto3]:55.548 [Veto4]:53.5584 [SgUp1]:194690 [SgUp2]:196436 [SgUp3]:198936 [SgUp4]:197943 [SgLow1]:194414 [SgLow2]:196124 [SgLow3]:198628 [SgLow4]:197647 [NetMuon1]:56456 [NetMuon2]:56376 [NetMuon3]:56426 [NetMuon4]:56471
[Run]:37149 [Site]:4 [Bin]:9689 [FullTime]:3590.17 [SkipTime]:0 [Veto1]:53.2295 [Veto2]:62.1321 [Veto3]:58.1768 [Veto4]:57.1792 [SgUp1]:195605 [SgUp2]:196938 [SgUp3]:198528 [SgUp4]:197684 [SgLow1]:195302 [SgLow2]:196661 [SgLow3]:198210 [SgLow4]:197393 [NetMuon1]:55913 [NetMuon2]:55816 [NetMuon3]:55884 [NetMuon4]:55909
[Run]:37149 [Site]:4 [Bin]:9690 [FullTime]:3590.17 [SkipTime]:0 [Veto1]:54.845 [Veto2]:59.804 [Veto3]:56.7931 [Veto4]:54.8525 [SgUp1]:195072 [SgUp2]:196940 [SgUp3]:198302 [SgUp4]:197050 [SgLow1]:194748 [SgLow2]:196643 [SgLow3]:197970 [SgLow4]:196772 [NetMuon1]:56925 [NetMuon2]:56859 [NetMuon3]:56903 [NetMuon4]:56930
[Run]:37149 [Site]:4 [Bin]:9691 [FullTime]:3590.17 [SkipTime]:0 [Veto1]:60.2714 [Veto2]:55.3402 [Veto3]:59.2943 [Veto4]:62.2625 [SgUp1]:194811 [SgUp2]:196586 [SgUp3]:198548 [SgUp4]:197718 [SgLow1]:194517 [SgLow2]:196239 [SgLow3]:198209 [SgLow4]:197397 [NetMuon1]:57664 [NetMuon2]:57762 [NetMuon3]:57706 [NetMuon4]:57635
[Run]:37149 [Site]:4 [Bin]:9692 [FullTime]:3590.17 [SkipTime]:0 [Veto1]:54.0562 [Veto2]:51.0761 [Veto3]:61.0031 [Veto4]:56.0279 [SgUp1]:195678 [SgUp2]:196194 [SgUp3]:197192 [SgUp4]:198502 [SgLow1]:195383 [SgLow2]:195888 [SgLow3]:196872 [SgLow4]:198161 [NetMuon1]:57289 [NetMuon2]:57349 [NetMuon3]:57197 [NetMuon4]:57268
[Run]:37149 [Site]:4 [Bin]:9693 [FullTime]:3590.17 [SkipTime]:0 [Veto1]:57.6077 [Veto2]:63.4932 [Veto3]:58.5447 [Veto4]:51.3921 [SgUp1]:194435 [SgUp2]:196265 [SgUp3]:197476 [SgUp4]:198270 [SgLow1]:194111 [SgLow2]:195941 [SgLow3]:197201 [SgLow4]:197989 [NetMuon1]:56472 [NetMuon2]:56376 [NetMuon3]:56455 [NetMuon4]:56597
[Run]:37149 [Site]:4 [Bin]:9694 [FullTime]:3590.17 [SkipTime]:0 [Veto1]:64.5137 [Veto2]:60.5012 [Veto3]:53.5224 [Veto4]:60.4677 [SgUp1]:194148 [SgUp2]:196646 [SgUp3]:198073 [SgUp4]:197531 [SgLow1]:193820 [SgLow2]:196318 [SgLow3]:197735 [SgLow4]:197253 [NetMuon1]:56332 [NetMuon2]:56366 [NetMuon3]:56485 [NetMuon4]:56367
[Run]:37149 [Site]:4 [Bin]:9695 [FullTime]:3590.17 [SkipTime]:0 [Veto1]:54.7616 [Veto2]:54.6442 [Veto3]:52.7377 [Veto4]:55.6823 [SgUp1]:194954 [SgUp2]:196766 [SgUp3]:198893 [SgUp4]:197903 [SgLow1]:194615 [SgLow2]:196443 [SgLow3]:198544 [SgLow4]:197624 [NetMuon1]:56730 [NetMuon2]:56713 [NetMuon3]:56778 [NetMuon4]:56704
[Run]:37149 [Site]:4 [Bin]:9696 [FullTime]:3590.17 [SkipTime]:0 [Veto1]:60.4213 [Veto2]:55.2441 [Veto3]:60.6628 [Veto4]:48.5634 [SgUp1]:194364 [SgUp2]:196663 [SgUp3]:198357 [SgUp4]:198339 [SgLow1]:194101 [SgLow2]:196369 [SgLow3]:198064 [SgLow4]:197987 [NetMuon1]:57906 [NetMuon2]:58037 [NetMuon3]:57922 [NetMuon4]:58096
[Run]:37149 [Site]:4 [Bin]:9697 [FullTime]:3590.17 [SkipTime]:0 [Veto1]:58.3619 [Veto2]:54.3476 [Veto3]:61.2407 [Veto4]:50.3389 [SgUp1]:195456 [SgUp2]:196660 [SgUp3]:197571 [SgUp4]:199415 [SgLow1]:195181 [SgLow2]:196378 [SgLow3]:197273 [SgLow4]:199102 [NetMuon1]:59334 [NetMuon2]:59392 [NetMuon3]:59251 [NetMuon4]:59443
[Run]:37149 [Site]:4 [Bin]:9698 [FullTime]:3590.17 [SkipTime]:0 [Veto1]:57.4299 [Veto2]:53.4664 [Veto3]:64.3027 [Veto4]:57.4154 [SgUp1]:195018 [SgUp2]:195887 [SgUp3]:197540 [SgUp4]:197983 [SgLow1]:194690 [SgLow2]:195627 [SgLow3]:197169 [SgLow4]:197623 [NetMuon1]:57885 [NetMuon2]:57955 [NetMuon3]:57740 [NetMuon4]:57854
[Run]:37149 [Site]:4 [Bin]:9699 [FullTime]:3590.17 [SkipTime]:0 [Veto1]:46.0177 [Veto2]:54.9181 [Veto3]:50.9688 [Veto4]:60.1123 [SgUp1]:195656 [SgUp2]:197049 [SgUp3]:198543 [SgUp4]:197417 [SgLow1]:195340 [SgLow2]:196744 [SgLow3]:198245 [SgLow4]:197136 [NetMuon1]:55598 [NetMuon2]:55477 [NetMuon3]:55527 [NetMuon4]:55413
[Run]:37149 [Site]:4 [Bin]:9700 [FullTime]:3590.17 [SkipTime]:0 [Veto1]:57.1304 [Veto2]:55.1517 [Veto3]:62.0542 [Veto4]:49.2132 [SgUp1]:195055 [SgUp2]:197237 [SgUp3]:197982 [SgUp4]:198582 [SgLow1]:194737 [SgLow2]:196917 [SgLow3]:197617 [SgLow4]:198277 [NetMuon1]:55680 [NetMuon2]:55748 [NetMuon3]:55636 [NetMuon4]:55845
End process Run: 37149 ... 
[Run]:37149 [Site]:4 [Bin]:9701 [FullTime]:2083.03 [SkipTime]:0 [Veto1]:33.3462 [Veto2]:35.3284 [Veto3]:41.2388 [Veto4]:34.3429
