StreamChain add 0x116e97e0
Start to process run: 37952 ... 
[Run]:37952 [Site]:4 [Bin]:10666 [FullTime]:2491.96 [SkipTime]:0 [Veto1]:35.8758 [Veto2]:33.9118 [Veto3]:42.8297 [Veto4]:37.8595 [SgUp1]:135803 [SgUp2]:136695 [SgUp3]:136916 [SgUp4]:137133 [SgLow1]:135599 [SgLow2]:136541 [SgLow3]:136725 [SgLow4]:136938 [NetMuon1]:37890 [NetMuon2]:37934 [NetMuon3]:37804 [NetMuon4]:37869
[Run]:37952 [Site]:4 [Bin]:10667 [FullTime]:3590.16 [SkipTime]:0 [Veto1]:60.2041 [Veto2]:53.3705 [Veto3]:62.1482 [Veto4]:56.1751 [SgUp1]:194482 [SgUp2]:197219 [SgUp3]:196771 [SgUp4]:198003 [SgLow1]:194167 [SgLow2]:196893 [SgLow3]:196441 [SgLow4]:197727 [NetMuon1]:54274 [NetMuon2]:54389 [NetMuon3]:54252 [NetMuon4]:54371
[Run]:37952 [Site]:4 [Bin]:10668 [FullTime]:3590.17 [SkipTime]:0 [Veto1]:48.6113 [Veto2]:52.5402 [Veto3]:49.6145 [Veto4]:49.569 [SgUp1]:195411 [SgUp2]:196787 [SgUp3]:198319 [SgUp4]:198463 [SgLow1]:195095 [SgLow2]:196524 [SgLow3]:198061 [SgLow4]:198134 [NetMuon1]:54970 [NetMuon2]:54892 [NetMuon3]:54947 [NetMuon4]:54949
[Run]:37952 [Site]:4 [Bin]:10669 [FullTime]:3590.17 [SkipTime]:0 [Veto1]:59.2822 [Veto2]:55.968 [Veto3]:52.3341 [Veto4]:57.2905 [SgUp1]:195281 [SgUp2]:196754 [SgUp3]:197909 [SgUp4]:198539 [SgLow1]:194946 [SgLow2]:196457 [SgLow3]:197624 [SgLow4]:198276 [NetMuon1]:54425 [NetMuon2]:54545 [NetMuon3]:54556 [NetMuon4]:54464
[Run]:37952 [Site]:4 [Bin]:10670 [FullTime]:3590.17 [SkipTime]:0 [Veto1]:58.1826 [Veto2]:51.1743 [Veto3]:49.2119 [Veto4]:54.1214 [SgUp1]:195261 [SgUp2]:196460 [SgUp3]:198298 [SgUp4]:198115 [SgLow1]:194977 [SgLow2]:196159 [SgLow3]:198012 [SgLow4]:197804 [NetMuon1]:54224 [NetMuon2]:54285 [NetMuon3]:54346 [NetMuon4]:54247
[Run]:37952 [Site]:4 [Bin]:10671 [FullTime]:3590.17 [SkipTime]:0 [Veto1]:57.4833 [Veto2]:52.4868 [Veto3]:60.4279 [Veto4]:54.4733 [SgUp1]:195299 [SgUp2]:197865 [SgUp3]:196706 [SgUp4]:199285 [SgLow1]:194978 [SgLow2]:197555 [SgLow3]:196438 [SgLow4]:198978 [NetMuon1]:54691 [NetMuon2]:54743 [NetMuon3]:54622 [NetMuon4]:54694
[Run]:37952 [Site]:4 [Bin]:10672 [FullTime]:3590.17 [SkipTime]:0 [Veto1]:53.1738 [Veto2]:52.277 [Veto3]:60.2156 [Veto4]:59.7625 [SgUp1]:195279 [SgUp2]:197236 [SgUp3]:197739 [SgUp4]:197679 [SgLow1]:194974 [SgLow2]:196906 [SgLow3]:197436 [SgLow4]:197407 [NetMuon1]:54413 [NetMuon2]:54416 [NetMuon3]:54311 [NetMuon4]:54327
[Run]:37952 [Site]:4 [Bin]:10673 [FullTime]:3590.17 [SkipTime]:0 [Veto1]:53.529 [Veto2]:57.4867 [Veto3]:54.4803 [Veto4]:61.4037 [SgUp1]:195355 [SgUp2]:196602 [SgUp3]:197371 [SgUp4]:197226 [SgLow1]:195045 [SgLow2]:196298 [SgLow3]:197051 [SgLow4]:196913 [NetMuon1]:54861 [NetMuon2]:54765 [NetMuon3]:54821 [NetMuon4]:54684
[Run]:37952 [Site]:4 [Bin]:10674 [FullTime]:3590.17 [SkipTime]:0 [Veto1]:54.8928 [Veto2]:64.4879 [Veto3]:53.5733 [Veto4]:59.5045 [SgUp1]:195572 [SgUp2]:196184 [SgUp3]:197297 [SgUp4]:197920 [SgLow1]:195227 [SgLow2]:195853 [SgLow3]:197012 [SgLow4]:197629 [NetMuon1]:54892 [NetMuon2]:54730 [NetMuon3]:54896 [NetMuon4]:54788
[Run]:37952 [Site]:4 [Bin]:10675 [FullTime]:3590.17 [SkipTime]:0 [Veto1]:50.0393 [Veto2]:56.0549 [Veto3]:53.9827 [Veto4]:48.0552 [SgUp1]:196035 [SgUp2]:196507 [SgUp3]:198105 [SgUp4]:198709 [SgLow1]:195711 [SgLow2]:196176 [SgLow3]:197794 [SgLow4]:198369 [NetMuon1]:54048 [NetMuon2]:53948 [NetMuon3]:53969 [NetMuon4]:54075
[Run]:37952 [Site]:4 [Bin]:10676 [FullTime]:3590.17 [SkipTime]:0 [Veto1]:49.2388 [Veto2]:57.1468 [Veto3]:58.2049 [Veto4]:52.2564 [SgUp1]:195858 [SgUp2]:197466 [SgUp3]:198355 [SgUp4]:199421 [SgLow1]:195578 [SgLow2]:197136 [SgLow3]:198057 [SgLow4]:199153 [NetMuon1]:54353 [NetMuon2]:54262 [NetMuon3]:54255 [NetMuon4]:54309
[Run]:37952 [Site]:4 [Bin]:10677 [FullTime]:3590.17 [SkipTime]:0 [Veto1]:63.2461 [Veto2]:57.1257 [Veto3]:55.3217 [Veto4]:55.2984 [SgUp1]:194632 [SgUp2]:196108 [SgUp3]:198403 [SgUp4]:198538 [SgLow1]:194329 [SgLow2]:195787 [SgLow3]:198090 [SgLow4]:198257 [NetMuon1]:54346 [NetMuon2]:54466 [NetMuon3]:54494 [NetMuon4]:54484
[Run]:37952 [Site]:4 [Bin]:10678 [FullTime]:3590.17 [SkipTime]:0 [Veto1]:52.4105 [Veto2]:49.4007 [Veto3]:52.3514 [Veto4]:56.1052 [SgUp1]:196595 [SgUp2]:197625 [SgUp3]:198976 [SgUp4]:197583 [SgLow1]:196252 [SgLow2]:197319 [SgLow3]:198653 [SgLow4]:197230 [NetMuon1]:54596 [NetMuon2]:54615 [NetMuon3]:54591 [NetMuon4]:54515
[Run]:37952 [Site]:4 [Bin]:10679 [FullTime]:3590.17 [SkipTime]:0 [Veto1]:55.8898 [Veto2]:53.9456 [Veto3]:54.9405 [Veto4]:57.8291 [SgUp1]:195397 [SgUp2]:196982 [SgUp3]:197150 [SgUp4]:197863 [SgLow1]:195052 [SgLow2]:196688 [SgLow3]:196818 [SgLow4]:197545 [NetMuon1]:53840 [NetMuon2]:53884 [NetMuon3]:53861 [NetMuon4]:53790
[Run]:37952 [Site]:4 [Bin]:10680 [FullTime]:3590.17 [SkipTime]:0 [Veto1]:49.0101 [Veto2]:51.9924 [Veto3]:49.008 [Veto4]:46.0608 [SgUp1]:195354 [SgUp2]:196379 [SgUp3]:199063 [SgUp4]:198587 [SgLow1]:195035 [SgLow2]:196066 [SgLow3]:198748 [SgLow4]:198303 [NetMuon1]:53978 [NetMuon2]:53960 [NetMuon3]:53988 [NetMuon4]:54080
[Run]:37952 [Site]:4 [Bin]:10681 [FullTime]:3590.17 [SkipTime]:0 [Veto1]:50.1811 [Veto2]:57.1062 [Veto3]:52.1526 [Veto4]:51.1447 [SgUp1]:195941 [SgUp2]:195950 [SgUp3]:198405 [SgUp4]:198477 [SgLow1]:195636 [SgLow2]:195650 [SgLow3]:198106 [SgLow4]:198177 [NetMuon1]:54251 [NetMuon2]:54181 [NetMuon3]:54260 [NetMuon4]:54278
[Run]:37952 [Site]:4 [Bin]:10682 [FullTime]:3590.17 [SkipTime]:0 [Veto1]:49.1649 [Veto2]:59.0718 [Veto3]:58.0668 [Veto4]:52.1629 [SgUp1]:195656 [SgUp2]:196931 [SgUp3]:197636 [SgUp4]:198182 [SgLow1]:195391 [SgLow2]:196654 [SgLow3]:197302 [SgLow4]:197860 [NetMuon1]:54277 [NetMuon2]:54127 [NetMuon3]:54138 [NetMuon4]:54235
[Run]:37952 [Site]:4 [Bin]:10683 [FullTime]:3590.17 [SkipTime]:0 [Veto1]:50.8694 [Veto2]:58.9967 [Veto3]:58.9624 [Veto4]:57.0045 [SgUp1]:194812 [SgUp2]:197017 [SgUp3]:197669 [SgUp4]:198626 [SgLow1]:194520 [SgLow2]:196675 [SgLow3]:197367 [SgLow4]:198350 [NetMuon1]:54100 [NetMuon2]:54009 [NetMuon3]:54018 [NetMuon4]:54057
[Run]:37952 [Site]:4 [Bin]:10684 [FullTime]:3590.17 [SkipTime]:0 [Veto1]:57.3456 [Veto2]:50.3923 [Veto3]:52.3244 [Veto4]:50.3548 [SgUp1]:195113 [SgUp2]:196988 [SgUp3]:197963 [SgUp4]:198338 [SgLow1]:194800 [SgLow2]:196644 [SgLow3]:197655 [SgLow4]:198025 [NetMuon1]:54428 [NetMuon2]:54563 [NetMuon3]:54528 [NetMuon4]:54546
[Run]:37952 [Site]:4 [Bin]:10685 [FullTime]:3590.17 [SkipTime]:0 [Veto1]:51.3591 [Veto2]:54.3241 [Veto3]:60.2549 [Veto4]:52.0554 [SgUp1]:196273 [SgUp2]:196675 [SgUp3]:198288 [SgUp4]:198342 [SgLow1]:195965 [SgLow2]:196363 [SgLow3]:197998 [SgLow4]:198034 [NetMuon1]:54529 [NetMuon2]:54494 [NetMuon3]:54410 [NetMuon4]:54527
[Run]:37952 [Site]:4 [Bin]:10686 [FullTime]:3590.17 [SkipTime]:0 [Veto1]:54.5053 [Veto2]:56.4772 [Veto3]:55.4688 [Veto4]:50.544 [SgUp1]:194878 [SgUp2]:195859 [SgUp3]:197932 [SgUp4]:198243 [SgLow1]:194582 [SgLow2]:195527 [SgLow3]:197635 [SgLow4]:197956 [NetMuon1]:54760 [NetMuon2]:54753 [NetMuon3]:54768 [NetMuon4]:54815
[Run]:37952 [Site]:4 [Bin]:10687 [FullTime]:3590.17 [SkipTime]:0 [Veto1]:62.1801 [Veto2]:56.2032 [Veto3]:55.2149 [Veto4]:57.0975 [SgUp1]:194990 [SgUp2]:196588 [SgUp3]:197956 [SgUp4]:198187 [SgLow1]:194649 [SgLow2]:196300 [SgLow3]:197672 [SgLow4]:197866 [NetMuon1]:54203 [NetMuon2]:54258 [NetMuon3]:54334 [NetMuon4]:54293
[Run]:37952 [Site]:4 [Bin]:10688 [FullTime]:3590.17 [SkipTime]:0 [Veto1]:56.1844 [Veto2]:50.1988 [Veto3]:53.1822 [Veto4]:54.1619 [SgUp1]:195722 [SgUp2]:197030 [SgUp3]:197964 [SgUp4]:198162 [SgLow1]:195419 [SgLow2]:196678 [SgLow3]:197659 [SgLow4]:197876 [NetMuon1]:54269 [NetMuon2]:54366 [NetMuon3]:54320 [NetMuon4]:54300
[Run]:37952 [Site]:4 [Bin]:10689 [FullTime]:3590.17 [SkipTime]:0 [Veto1]:53.1994 [Veto2]:54.1018 [Veto3]:56.1007 [Veto4]:60.0582 [SgUp1]:194630 [SgUp2]:197281 [SgUp3]:198147 [SgUp4]:197900 [SgLow1]:194311 [SgLow2]:196975 [SgLow3]:197843 [SgLow4]:197619 [NetMuon1]:54227 [NetMuon2]:54239 [NetMuon3]:54184 [NetMuon4]:54090
[Run]:37952 [Site]:4 [Bin]:10690 [FullTime]:3590.17 [SkipTime]:0 [Veto1]:59.2656 [Veto2]:55.3474 [Veto3]:60.2629 [Veto4]:64.217 [SgUp1]:195788 [SgUp2]:197332 [SgUp3]:197411 [SgUp4]:197393 [SgLow1]:195510 [SgLow2]:197028 [SgLow3]:197094 [SgLow4]:197104 [NetMuon1]:54389 [NetMuon2]:54476 [NetMuon3]:54404 [NetMuon4]:54320
[Run]:37952 [Site]:4 [Bin]:10691 [FullTime]:3590.17 [SkipTime]:0 [Veto1]:60.4203 [Veto2]:60.3269 [Veto3]:49.4838 [Veto4]:54.4719 [SgUp1]:194642 [SgUp2]:197437 [SgUp3]:198618 [SgUp4]:197395 [SgLow1]:194339 [SgLow2]:197112 [SgLow3]:198276 [SgLow4]:197086 [NetMuon1]:54623 [NetMuon2]:54628 [NetMuon3]:54822 [NetMuon4]:54740
[Run]:37952 [Site]:4 [Bin]:10692 [FullTime]:3590.17 [SkipTime]:0 [Veto1]:57.2567 [Veto2]:55.2504 [Veto3]:63.7742 [Veto4]:54.9743 [SgUp1]:195641 [SgUp2]:197426 [SgUp3]:198551 [SgUp4]:197556 [SgLow1]:195327 [SgLow2]:197121 [SgLow3]:198256 [SgLow4]:197302 [NetMuon1]:54323 [NetMuon2]:54360 [NetMuon3]:54228 [NetMuon4]:54413
[Run]:37952 [Site]:4 [Bin]:10693 [FullTime]:3590.17 [SkipTime]:0 [Veto1]:55.0412 [Veto2]:51.0553 [Veto3]:59.483 [Veto4]:60.9283 [SgUp1]:195010 [SgUp2]:197555 [SgUp3]:198227 [SgUp4]:197424 [SgLow1]:194679 [SgLow2]:197284 [SgLow3]:197941 [SgLow4]:197077 [NetMuon1]:53997 [NetMuon2]:54034 [NetMuon3]:53905 [NetMuon4]:53873
[Run]:37952 [Site]:4 [Bin]:10694 [FullTime]:3590.17 [SkipTime]:0 [Veto1]:51.6758 [Veto2]:59.902 [Veto3]:59.9853 [Veto4]:59.9686 [SgUp1]:195680 [SgUp2]:196070 [SgUp3]:197865 [SgUp4]:198178 [SgLow1]:195357 [SgLow2]:195751 [SgLow3]:197567 [SgLow4]:197885 [NetMuon1]:54048 [NetMuon2]:53928 [NetMuon3]:53926 [NetMuon4]:53948
[Run]:37952 [Site]:4 [Bin]:10695 [FullTime]:3590.17 [SkipTime]:0 [Veto1]:59.9226 [Veto2]:68.3423 [Veto3]:58.3073 [Veto4]:50.3525 [SgUp1]:194918 [SgUp2]:195914 [SgUp3]:198835 [SgUp4]:198002 [SgLow1]:194574 [SgLow2]:195638 [SgLow3]:198500 [SgLow4]:197713 [NetMuon1]:54385 [NetMuon2]:54286 [NetMuon3]:54464 [NetMuon4]:54564
[Run]:37952 [Site]:4 [Bin]:10696 [FullTime]:3590.17 [SkipTime]:0 [Veto1]:58.2908 [Veto2]:51.2937 [Veto3]:49.2816 [Veto4]:48.631 [SgUp1]:195081 [SgUp2]:197996 [SgUp3]:198926 [SgUp4]:198112 [SgLow1]:194749 [SgLow2]:197696 [SgLow3]:198660 [SgLow4]:197736 [NetMuon1]:54341 [NetMuon2]:54441 [NetMuon3]:54435 [NetMuon4]:54488
[Run]:37952 [Site]:4 [Bin]:10697 [FullTime]:3590.17 [SkipTime]:0 [Veto1]:51.3517 [Veto2]:57.0208 [Veto3]:60.2061 [Veto4]:58.2283 [SgUp1]:195909 [SgUp2]:196714 [SgUp3]:198255 [SgUp4]:198281 [SgLow1]:195575 [SgLow2]:196438 [SgLow3]:197953 [SgLow4]:197987 [NetMuon1]:54552 [NetMuon2]:54490 [NetMuon3]:54425 [NetMuon4]:54447
[Run]:37952 [Site]:4 [Bin]:10698 [FullTime]:3590.17 [SkipTime]:0 [Veto1]:51.1171 [Veto2]:51.5017 [Veto3]:52.4741 [Veto4]:47.6136 [SgUp1]:195812 [SgUp2]:196574 [SgUp3]:198360 [SgUp4]:198745 [SgLow1]:195513 [SgLow2]:196269 [SgLow3]:198044 [SgLow4]:198433 [NetMuon1]:54871 [NetMuon2]:54838 [NetMuon3]:54814 [NetMuon4]:54926
[Run]:37952 [Site]:4 [Bin]:10699 [FullTime]:3590.17 [SkipTime]:0 [Veto1]:52.0703 [Veto2]:53.2891 [Veto3]:52.2645 [Veto4]:62.2101 [SgUp1]:195559 [SgUp2]:197356 [SgUp3]:199919 [SgUp4]:197263 [SgLow1]:195245 [SgLow2]:197016 [SgLow3]:199612 [SgLow4]:196941 [NetMuon1]:54478 [NetMuon2]:54461 [NetMuon3]:54470 [NetMuon4]:54320
[Run]:37952 [Site]:4 [Bin]:10700 [FullTime]:3590.17 [SkipTime]:0 [Veto1]:51.2609 [Veto2]:49.2349 [Veto3]:48.2186 [Veto4]:52.2094 [SgUp1]:195915 [SgUp2]:197165 [SgUp3]:199311 [SgUp4]:198685 [SgLow1]:195663 [SgLow2]:196882 [SgLow3]:198986 [SgLow4]:198342 [NetMuon1]:54321 [NetMuon2]:54339 [NetMuon3]:54332 [NetMuon4]:54291
[Run]:37952 [Site]:4 [Bin]:10701 [FullTime]:3590.17 [SkipTime]:0 [Veto1]:55.9926 [Veto2]:53.1547 [Veto3]:64.0467 [Veto4]:52.1521 [SgUp1]:195170 [SgUp2]:197023 [SgUp3]:198852 [SgUp4]:198384 [SgLow1]:194816 [SgLow2]:196677 [SgLow3]:198544 [SgLow4]:198081 [NetMuon1]:54243 [NetMuon2]:54280 [NetMuon3]:54097 [NetMuon4]:54277
[Run]:37952 [Site]:4 [Bin]:10702 [FullTime]:3590.17 [SkipTime]:0 [Veto1]:64.2956 [Veto2]:63.29 [Veto3]:60.2956 [Veto4]:58.3199 [SgUp1]:195315 [SgUp2]:196734 [SgUp3]:198964 [SgUp4]:198032 [SgLow1]:195011 [SgLow2]:196430 [SgLow3]:198680 [SgLow4]:197741 [NetMuon1]:54469 [NetMuon2]:54428 [NetMuon3]:54489 [NetMuon4]:54521
[Run]:37952 [Site]:4 [Bin]:10703 [FullTime]:3590.17 [SkipTime]:0 [Veto1]:58.4118 [Veto2]:53.8532 [Veto3]:55.3294 [Veto4]:53.4469 [SgUp1]:194663 [SgUp2]:197474 [SgUp3]:198785 [SgUp4]:198039 [SgLow1]:194366 [SgLow2]:197151 [SgLow3]:198470 [SgLow4]:197666 [NetMuon1]:54556 [NetMuon2]:54605 [NetMuon3]:54584 [NetMuon4]:54651
[Run]:37952 [Site]:4 [Bin]:10704 [FullTime]:3590.17 [SkipTime]:0 [Veto1]:53.9402 [Veto2]:58.769 [Veto3]:52.8562 [Veto4]:58.8153 [SgUp1]:195559 [SgUp2]:196709 [SgUp3]:199641 [SgUp4]:198294 [SgLow1]:195275 [SgLow2]:196391 [SgLow3]:199327 [SgLow4]:197942 [NetMuon1]:55415 [NetMuon2]:55286 [NetMuon3]:55383 [NetMuon4]:55294
[Run]:37952 [Site]:4 [Bin]:10705 [FullTime]:3590.17 [SkipTime]:0 [Veto1]:56.6105 [Veto2]:59.5686 [Veto3]:51.6653 [Veto4]:62.5419 [SgUp1]:195644 [SgUp2]:196315 [SgUp3]:199168 [SgUp4]:197587 [SgLow1]:195341 [SgLow2]:196016 [SgLow3]:198865 [SgLow4]:197268 [NetMuon1]:54947 [NetMuon2]:54887 [NetMuon3]:55054 [NetMuon4]:54888
[Run]:37952 [Site]:4 [Bin]:10706 [FullTime]:3590.17 [SkipTime]:0 [Veto1]:49.5574 [Veto2]:53.475 [Veto3]:50.5082 [Veto4]:61.4043 [SgUp1]:195458 [SgUp2]:197429 [SgUp3]:199747 [SgUp4]:197982 [SgLow1]:195147 [SgLow2]:197140 [SgLow3]:199456 [SgLow4]:197678 [NetMuon1]:54810 [NetMuon2]:54772 [NetMuon3]:54820 [NetMuon4]:54685
[Run]:37952 [Site]:4 [Bin]:10707 [FullTime]:3590.17 [SkipTime]:0 [Veto1]:48.4756 [Veto2]:58.377 [Veto3]:62.34 [Veto4]:45.4912 [SgUp1]:196139 [SgUp2]:197119 [SgUp3]:198674 [SgUp4]:198718 [SgLow1]:195824 [SgLow2]:196814 [SgLow3]:198367 [SgLow4]:198393 [NetMuon1]:54728 [NetMuon2]:54588 [NetMuon3]:54521 [NetMuon4]:54763
[Run]:37952 [Site]:4 [Bin]:10708 [FullTime]:3590.17 [SkipTime]:0 [Veto1]:54.5714 [Veto2]:57.4747 [Veto3]:55.5011 [Veto4]:52.5002 [SgUp1]:195909 [SgUp2]:197688 [SgUp3]:199068 [SgUp4]:198664 [SgLow1]:195628 [SgLow2]:197384 [SgLow3]:198736 [SgLow4]:198369 [NetMuon1]:54810 [NetMuon2]:54758 [NetMuon3]:54781 [NetMuon4]:54806
[Run]:37952 [Site]:4 [Bin]:10709 [FullTime]:3590.17 [SkipTime]:0 [Veto1]:56.8233 [Veto2]:56.3605 [Veto3]:60.301 [Veto4]:73.1655 [SgUp1]:195603 [SgUp2]:196159 [SgUp3]:198526 [SgUp4]:196857 [SgLow1]:195315 [SgLow2]:195839 [SgLow3]:198252 [SgLow4]:196566 [NetMuon1]:54601 [NetMuon2]:54598 [NetMuon3]:54510 [NetMuon4]:54306
[Run]:37952 [Site]:4 [Bin]:10710 [FullTime]:3590.17 [SkipTime]:0 [Veto1]:63.3546 [Veto2]:52.4233 [Veto3]:51.4212 [Veto4]:58.3303 [SgUp1]:195544 [SgUp2]:196770 [SgUp3]:198127 [SgUp4]:198119 [SgLow1]:195238 [SgLow2]:196481 [SgLow3]:197796 [SgLow4]:197813 [NetMuon1]:54533 [NetMuon2]:54649 [NetMuon3]:54677 [NetMuon4]:54548
End process Run: 37952 ... 
[Run]:37952 [Site]:4 [Bin]:10711 [FullTime]:1792.45 [SkipTime]:0 [Veto1]:24.215 [Veto2]:24.2018 [Veto3]:29.1086 [Veto4]:25.1892
