StreamChain add 0x1468b7e0
Start to process run: 38065 ... 
[Run]:38065 [Site]:4 [Bin]:10884 [FullTime]:1230.46 [SkipTime]:0 [Veto1]:21.653 [Veto2]:18.6758 [Veto3]:22.6451 [Veto4]:21.6299 [SgUp1]:66845 [SgUp2]:67103 [SgUp3]:67705 [SgUp4]:67789 [SgLow1]:66735 [SgLow2]:67001 [SgLow3]:67619 [SgLow4]:67692 [NetMuon1]:20162 [NetMuon2]:20197 [NetMuon3]:20140 [NetMuon4]:20153
[Run]:38065 [Site]:4 [Bin]:10885 [FullTime]:3590.17 [SkipTime]:0 [Veto1]:58.9454 [Veto2]:63.8472 [Veto3]:60.8741 [Veto4]:52.0025 [SgUp1]:195028 [SgUp2]:196436 [SgUp3]:198153 [SgUp4]:197913 [SgLow1]:194745 [SgLow2]:196093 [SgLow3]:197876 [SgLow4]:197542 [NetMuon1]:58767 [NetMuon2]:58702 [NetMuon3]:58717 [NetMuon4]:58882
[Run]:38065 [Site]:4 [Bin]:10886 [FullTime]:3590.17 [SkipTime]:0 [Veto1]:59.8507 [Veto2]:57.8196 [Veto3]:51.93 [Veto4]:61.8472 [SgUp1]:195591 [SgUp2]:196614 [SgUp3]:198725 [SgUp4]:197042 [SgLow1]:195307 [SgLow2]:196283 [SgLow3]:198399 [SgLow4]:196792 [NetMuon1]:58661 [NetMuon2]:58693 [NetMuon3]:58791 [NetMuon4]:58612
[Run]:38065 [Site]:4 [Bin]:10887 [FullTime]:3590.17 [SkipTime]:0 [Veto1]:60.1323 [Veto2]:61.0918 [Veto3]:57.1307 [Veto4]:62.2281 [SgUp1]:194958 [SgUp2]:196323 [SgUp3]:197889 [SgUp4]:197412 [SgLow1]:194673 [SgLow2]:196030 [SgLow3]:197584 [SgLow4]:197105 [NetMuon1]:59130 [NetMuon2]:59077 [NetMuon3]:59131 [NetMuon4]:59110
[Run]:38065 [Site]:4 [Bin]:10888 [FullTime]:3590.17 [SkipTime]:0 [Veto1]:60.973 [Veto2]:52.0814 [Veto3]:64.9559 [Veto4]:59.9924 [SgUp1]:194734 [SgUp2]:197150 [SgUp3]:197731 [SgUp4]:196987 [SgLow1]:194425 [SgLow2]:196857 [SgLow3]:197398 [SgLow4]:196673 [NetMuon1]:58890 [NetMuon2]:59038 [NetMuon3]:58847 [NetMuon4]:58923
[Run]:38065 [Site]:4 [Bin]:10889 [FullTime]:2562.28 [SkipTime]:1027.9 [Veto1]:41.4327 [Veto2]:46.3633 [Veto3]:40.4398 [Veto4]:45.4029 [SgUp1]:138867 [SgUp2]:139644 [SgUp3]:141534 [SgUp4]:141145 [SgLow1]:138667 [SgLow2]:139396 [SgLow3]:141332 [SgLow4]:140963 [NetMuon1]:42101 [NetMuon2]:42019 [NetMuon3]:42129 [NetMuon4]:42054
[Run]:38065 [Site]:4 [Bin]:10890 [FullTime]:2309.98 [SkipTime]:1280.19 [Veto1]:38.0223 [Veto2]:39.9804 [Veto3]:31.0467 [Veto4]:39.9978 [SgUp1]:125746 [SgUp2]:126694 [SgUp3]:128347 [SgUp4]:126651 [SgLow1]:125586 [SgLow2]:126542 [SgLow3]:128157 [SgLow4]:126480 [NetMuon1]:38225 [NetMuon2]:38190 [NetMuon3]:38328 [NetMuon4]:38198
[Run]:38065 [Site]:4 [Bin]:10891 [FullTime]:3590.17 [SkipTime]:0 [Veto1]:63.9776 [Veto2]:59.0099 [Veto3]:56.0291 [Veto4]:57.9976 [SgUp1]:194048 [SgUp2]:196832 [SgUp3]:197232 [SgUp4]:198385 [SgLow1]:193755 [SgLow2]:196470 [SgLow3]:196894 [SgLow4]:198074 [NetMuon1]:60467 [NetMuon2]:60575 [NetMuon3]:60639 [NetMuon4]:60570
[Run]:38065 [Site]:4 [Bin]:10892 [FullTime]:3590.17 [SkipTime]:0 [Veto1]:61.5925 [Veto2]:64.6007 [Veto3]:52.7079 [Veto4]:57.6341 [SgUp1]:194319 [SgUp2]:195978 [SgUp3]:198563 [SgUp4]:197470 [SgLow1]:194005 [SgLow2]:195671 [SgLow3]:198267 [SgLow4]:197143 [NetMuon1]:59898 [NetMuon2]:59894 [NetMuon3]:60088 [NetMuon4]:59978
[Run]:38065 [Site]:4 [Bin]:10893 [FullTime]:3590.17 [SkipTime]:0 [Veto1]:65.759 [Veto2]:62.3836 [Veto3]:53.8513 [Veto4]:62.7634 [SgUp1]:194006 [SgUp2]:195983 [SgUp3]:198340 [SgUp4]:197525 [SgLow1]:193745 [SgLow2]:195688 [SgLow3]:198039 [SgLow4]:197248 [NetMuon1]:60144 [NetMuon2]:60206 [NetMuon3]:60357 [NetMuon4]:60214
[Run]:38065 [Site]:4 [Bin]:10894 [FullTime]:3590.17 [SkipTime]:0 [Veto1]:53.6354 [Veto2]:60.548 [Veto3]:65.5091 [Veto4]:57.5928 [SgUp1]:196197 [SgUp2]:196464 [SgUp3]:197403 [SgUp4]:197744 [SgLow1]:195939 [SgLow2]:196201 [SgLow3]:197054 [SgLow4]:197465 [NetMuon1]:59972 [NetMuon2]:59826 [NetMuon3]:59756 [NetMuon4]:59908
[Run]:38065 [Site]:4 [Bin]:10895 [FullTime]:3590.17 [SkipTime]:0 [Veto1]:70.7629 [Veto2]:56.9415 [Veto3]:52.9494 [Veto4]:59.8533 [SgUp1]:194266 [SgUp2]:196098 [SgUp3]:198749 [SgUp4]:196910 [SgLow1]:193976 [SgLow2]:195776 [SgLow3]:198461 [SgLow4]:196553 [NetMuon1]:60201 [NetMuon2]:60432 [NetMuon3]:60475 [NetMuon4]:60382
[Run]:38065 [Site]:4 [Bin]:10896 [FullTime]:3590.17 [SkipTime]:0 [Veto1]:57.0113 [Veto2]:57.9509 [Veto3]:61.9649 [Veto4]:64.6681 [SgUp1]:194784 [SgUp2]:196070 [SgUp3]:197338 [SgUp4]:196718 [SgLow1]:194472 [SgLow2]:195741 [SgLow3]:197024 [SgLow4]:196429 [NetMuon1]:60574 [NetMuon2]:60546 [NetMuon3]:60521 [NetMuon4]:60426
[Run]:38065 [Site]:4 [Bin]:10898 [FullTime]:183.099 [SkipTime]:0 [Veto1]:2.89936 [Veto2]:4.87731 [Veto3]:3.88694 [Veto4]:2.89667 [SgUp1]:9891 [SgUp2]:9770 [SgUp3]:10113 [SgUp4]:10133 [SgLow1]:9877 [SgLow2]:9751 [SgLow3]:10094 [SgLow4]:10115 [NetMuon1]:3018 [NetMuon2]:3003 [NetMuon3]:3000 [NetMuon4]:3023
[Run]:38065 [Site]:4 [Bin]:10899 [FullTime]:3590.17 [SkipTime]:0 [Veto1]:65.511 [Veto2]:56.601 [Veto3]:58.8977 [Veto4]:58.5833 [SgUp1]:194752 [SgUp2]:195659 [SgUp3]:197646 [SgUp4]:197906 [SgLow1]:194482 [SgLow2]:195401 [SgLow3]:197321 [SgLow4]:197572 [NetMuon1]:59798 [NetMuon2]:59977 [NetMuon3]:59930 [NetMuon4]:59950
[Run]:38065 [Site]:4 [Bin]:10900 [FullTime]:3590.17 [SkipTime]:0 [Veto1]:61.4408 [Veto2]:56.414 [Veto3]:56.3815 [Veto4]:60.3527 [SgUp1]:194468 [SgUp2]:196805 [SgUp3]:197516 [SgUp4]:197107 [SgLow1]:194151 [SgLow2]:196525 [SgLow3]:197200 [SgLow4]:196804 [NetMuon1]:59555 [NetMuon2]:59610 [NetMuon3]:59620 [NetMuon4]:59497
[Run]:38065 [Site]:4 [Bin]:10901 [FullTime]:3590.17 [SkipTime]:0 [Veto1]:56.4328 [Veto2]:53.4191 [Veto3]:53.3662 [Veto4]:52.4337 [SgUp1]:195061 [SgUp2]:196128 [SgUp3]:197864 [SgUp4]:197769 [SgLow1]:194796 [SgLow2]:195861 [SgLow3]:197541 [SgLow4]:197425 [NetMuon1]:59542 [NetMuon2]:59546 [NetMuon3]:59563 [NetMuon4]:59611
[Run]:38065 [Site]:4 [Bin]:10902 [FullTime]:3590.17 [SkipTime]:0 [Veto1]:54.7981 [Veto2]:53.7936 [Veto3]:59.6978 [Veto4]:60.7494 [SgUp1]:195673 [SgUp2]:197278 [SgUp3]:197259 [SgUp4]:196997 [SgLow1]:195344 [SgLow2]:196914 [SgLow3]:196991 [SgLow4]:196677 [NetMuon1]:58597 [NetMuon2]:58582 [NetMuon3]:58483 [NetMuon4]:58487
[Run]:38065 [Site]:4 [Bin]:10903 [FullTime]:3590.17 [SkipTime]:0 [Veto1]:58.863 [Veto2]:55.8545 [Veto3]:56.8663 [Veto4]:56.8708 [SgUp1]:193886 [SgUp2]:195702 [SgUp3]:197124 [SgUp4]:197294 [SgLow1]:193606 [SgLow2]:195399 [SgLow3]:196791 [SgLow4]:197011 [NetMuon1]:58708 [NetMuon2]:58763 [NetMuon3]:58743 [NetMuon4]:58731
[Run]:38065 [Site]:4 [Bin]:10904 [FullTime]:3590.17 [SkipTime]:0 [Veto1]:63.2839 [Veto2]:70.4123 [Veto3]:48.3893 [Veto4]:64.1781 [SgUp1]:195257 [SgUp2]:195822 [SgUp3]:196993 [SgUp4]:196909 [SgLow1]:194931 [SgLow2]:195484 [SgLow3]:196622 [SgLow4]:196635 [NetMuon1]:59291 [NetMuon2]:59166 [NetMuon3]:59549 [NetMuon4]:59228
[Run]:38065 [Site]:4 [Bin]:10905 [FullTime]:3590.17 [SkipTime]:0 [Veto1]:54.2782 [Veto2]:67.1151 [Veto3]:58.246 [Veto4]:63.2121 [SgUp1]:195273 [SgUp2]:195288 [SgUp3]:197316 [SgUp4]:196961 [SgLow1]:195009 [SgLow2]:195014 [SgLow3]:197016 [SgLow4]:196660 [NetMuon1]:59376 [NetMuon2]:59152 [NetMuon3]:59320 [NetMuon4]:59234
[Run]:38065 [Site]:4 [Bin]:10906 [FullTime]:3590.17 [SkipTime]:0 [Veto1]:67.3964 [Veto2]:61.8686 [Veto3]:55.8818 [Veto4]:54.1222 [SgUp1]:193702 [SgUp2]:195877 [SgUp3]:197290 [SgUp4]:197483 [SgLow1]:193412 [SgLow2]:195619 [SgLow3]:197022 [SgLow4]:197179 [NetMuon1]:58658 [NetMuon2]:58749 [NetMuon3]:58831 [NetMuon4]:58866
[Run]:38065 [Site]:4 [Bin]:10907 [FullTime]:3590.17 [SkipTime]:0 [Veto1]:57.8716 [Veto2]:52.8308 [Veto3]:58.7856 [Veto4]:52.8833 [SgUp1]:194948 [SgUp2]:196807 [SgUp3]:197765 [SgUp4]:197882 [SgLow1]:194638 [SgLow2]:196493 [SgLow3]:197410 [SgLow4]:197576 [NetMuon1]:58636 [NetMuon2]:58706 [NetMuon3]:58607 [NetMuon4]:58700
[Run]:38065 [Site]:4 [Bin]:10908 [FullTime]:3590.17 [SkipTime]:0 [Veto1]:57.6484 [Veto2]:59.3067 [Veto3]:69.5367 [Veto4]:57.6214 [SgUp1]:194674 [SgUp2]:196273 [SgUp3]:196825 [SgUp4]:197488 [SgLow1]:194401 [SgLow2]:195979 [SgLow3]:196503 [SgLow4]:197185 [NetMuon1]:58322 [NetMuon2]:58283 [NetMuon3]:58084 [NetMuon4]:58341
[Run]:38065 [Site]:4 [Bin]:10909 [FullTime]:3590.17 [SkipTime]:0 [Veto1]:58.5065 [Veto2]:53.5113 [Veto3]:58.4553 [Veto4]:52.5772 [SgUp1]:194707 [SgUp2]:196896 [SgUp3]:197386 [SgUp4]:198269 [SgLow1]:194424 [SgLow2]:196613 [SgLow3]:197060 [SgLow4]:197973 [NetMuon1]:58101 [NetMuon2]:58172 [NetMuon3]:58070 [NetMuon4]:58212
[Run]:38065 [Site]:4 [Bin]:10910 [FullTime]:3590.17 [SkipTime]:0 [Veto1]:53.6132 [Veto2]:67.0271 [Veto3]:57.6124 [Veto4]:60.5111 [SgUp1]:195046 [SgUp2]:196339 [SgUp3]:197810 [SgUp4]:196890 [SgLow1]:194722 [SgLow2]:196046 [SgLow3]:197516 [SgLow4]:196541 [NetMuon1]:58272 [NetMuon2]:58074 [NetMuon3]:58212 [NetMuon4]:58152
[Run]:38065 [Site]:4 [Bin]:10911 [FullTime]:3590.17 [SkipTime]:0 [Veto1]:67.4231 [Veto2]:70.3424 [Veto3]:54.4866 [Veto4]:54.4774 [SgUp1]:193443 [SgUp2]:195009 [SgUp3]:196853 [SgUp4]:197837 [SgLow1]:193132 [SgLow2]:194727 [SgLow3]:196596 [SgLow4]:197548 [NetMuon1]:57873 [NetMuon2]:57810 [NetMuon3]:58068 [NetMuon4]:58069
[Run]:38065 [Site]:4 [Bin]:10912 [FullTime]:3590.17 [SkipTime]:0 [Veto1]:50.7004 [Veto2]:57.5409 [Veto3]:54.577 [Veto4]:55.5776 [SgUp1]:194653 [SgUp2]:195988 [SgUp3]:197144 [SgUp4]:197462 [SgLow1]:194340 [SgLow2]:195675 [SgLow3]:196841 [SgLow4]:197151 [NetMuon1]:58315 [NetMuon2]:58225 [NetMuon3]:58249 [NetMuon4]:58220
[Run]:38065 [Site]:4 [Bin]:10913 [FullTime]:3590.17 [SkipTime]:0 [Veto1]:47.4099 [Veto2]:59.2254 [Veto3]:51.3474 [Veto4]:57.296 [SgUp1]:194440 [SgUp2]:195455 [SgUp3]:197314 [SgUp4]:196990 [SgLow1]:194115 [SgLow2]:195145 [SgLow3]:196976 [SgLow4]:196701 [NetMuon1]:57877 [NetMuon2]:57659 [NetMuon3]:57810 [NetMuon4]:57702
 Warning: Fold>20
 Warning: Fold>20
 Warning: Fold>20
 Warning: Fold>20
 Warning: Fold>20
 Warning: Fold>20
 Warning: Fold>20
[Run]:38065 [Site]:4 [Bin]:10914 [FullTime]:3590.17 [SkipTime]:0 [Veto1]:50.4029 [Veto2]:68.177 [Veto3]:51.3842 [Veto4]:60.2336 [SgUp1]:194670 [SgUp2]:195318 [SgUp3]:197714 [SgUp4]:197922 [SgLow1]:194366 [SgLow2]:195023 [SgLow3]:197405 [SgLow4]:197594 [NetMuon1]:57833 [NetMuon2]:57538 [NetMuon3]:57830 [NetMuon4]:57659
 Warning: Fold>20
 Warning: Fold>20
 Warning: Fold>20
[Run]:38065 [Site]:4 [Bin]:10915 [FullTime]:3590.17 [SkipTime]:0 [Veto1]:58.5339 [Veto2]:59.4939 [Veto3]:63.2502 [Veto4]:52.5329 [SgUp1]:194363 [SgUp2]:195842 [SgUp3]:197393 [SgUp4]:196992 [SgLow1]:194086 [SgLow2]:195557 [SgLow3]:197103 [SgLow4]:196698 [NetMuon1]:58092 [NetMuon2]:58076 [NetMuon3]:57969 [NetMuon4]:58165
[Run]:38065 [Site]:4 [Bin]:10916 [FullTime]:3590.17 [SkipTime]:0 [Veto1]:65.5532 [Veto2]:59.2244 [Veto3]:56.2334 [Veto4]:54.3049 [SgUp1]:193373 [SgUp2]:195039 [SgUp3]:197079 [SgUp4]:196235 [SgLow1]:193110 [SgLow2]:194733 [SgLow3]:196819 [SgLow4]:195957 [NetMuon1]:57567 [NetMuon2]:57681 [NetMuon3]:57696 [NetMuon4]:57753
[Run]:38065 [Site]:4 [Bin]:10917 [FullTime]:3590.17 [SkipTime]:0 [Veto1]:63.4947 [Veto2]:54.5701 [Veto3]:55.4949 [Veto4]:54.524 [SgUp1]:193538 [SgUp2]:196462 [SgUp3]:197615 [SgUp4]:196468 [SgLow1]:193257 [SgLow2]:196146 [SgLow3]:197313 [SgLow4]:196154 [NetMuon1]:57997 [NetMuon2]:58143 [NetMuon3]:58110 [NetMuon4]:58120
[Run]:38065 [Site]:4 [Bin]:10918 [FullTime]:3590.17 [SkipTime]:0 [Veto1]:58.6856 [Veto2]:53.7683 [Veto3]:59.1826 [Veto4]:57.7043 [SgUp1]:194592 [SgUp2]:195908 [SgUp3]:197058 [SgUp4]:197034 [SgLow1]:194295 [SgLow2]:195622 [SgLow3]:196769 [SgLow4]:196736 [NetMuon1]:58389 [NetMuon2]:58491 [NetMuon3]:58432 [NetMuon4]:58435
[Run]:38065 [Site]:4 [Bin]:10919 [FullTime]:3590.18 [SkipTime]:0 [Veto1]:52.5394 [Veto2]:55.7595 [Veto3]:51.5678 [Veto4]:46.5731 [SgUp1]:193568 [SgUp2]:196256 [SgUp3]:198260 [SgUp4]:197222 [SgLow1]:193250 [SgLow2]:195973 [SgLow3]:197956 [SgLow4]:196888 [NetMuon1]:58156 [NetMuon2]:58132 [NetMuon3]:58191 [NetMuon4]:58271
[Run]:38065 [Site]:4 [Bin]:10920 [FullTime]:3590.16 [SkipTime]:0 [Veto1]:60.2825 [Veto2]:59.2529 [Veto3]:66.1906 [Veto4]:60.2712 [SgUp1]:194520 [SgUp2]:195522 [SgUp3]:195656 [SgUp4]:196955 [SgLow1]:194215 [SgLow2]:195245 [SgLow3]:195365 [SgLow4]:196672 [NetMuon1]:57701 [NetMuon2]:57730 [NetMuon3]:57584 [NetMuon4]:57715
[Run]:38065 [Site]:4 [Bin]:10921 [FullTime]:3590.17 [SkipTime]:0 [Veto1]:52.4641 [Veto2]:59.3597 [Veto3]:50.4131 [Veto4]:57.386 [SgUp1]:194518 [SgUp2]:195828 [SgUp3]:197820 [SgUp4]:197337 [SgLow1]:194179 [SgLow2]:195545 [SgLow3]:197516 [SgLow4]:197023 [NetMuon1]:57934 [NetMuon2]:57879 [NetMuon3]:58001 [NetMuon4]:57855
[Run]:38065 [Site]:4 [Bin]:10922 [FullTime]:3590.17 [SkipTime]:0 [Veto1]:58.4455 [Veto2]:54.4804 [Veto3]:57.4089 [Veto4]:59.428 [SgUp1]:194307 [SgUp2]:196748 [SgUp3]:197905 [SgUp4]:196469 [SgLow1]:194018 [SgLow2]:196438 [SgLow3]:197624 [SgLow4]:196139 [NetMuon1]:57992 [NetMuon2]:58000 [NetMuon3]:57971 [NetMuon4]:57924
 Warning: Fold>20
 Warning: Fold>20
 Warning: Fold>20
 Warning: Fold>20
 Warning: Fold>20
[Run]:38065 [Site]:4 [Bin]:10923 [FullTime]:3590.17 [SkipTime]:0 [Veto1]:60.5283 [Veto2]:59.4928 [Veto3]:59.4548 [Veto4]:51.573 [SgUp1]:195045 [SgUp2]:195505 [SgUp3]:197953 [SgUp4]:196945 [SgLow1]:194750 [SgLow2]:195189 [SgLow3]:197660 [SgLow4]:196638 [NetMuon1]:58074 [NetMuon2]:58126 [NetMuon3]:58090 [NetMuon4]:58260
[Run]:38065 [Site]:4 [Bin]:10924 [FullTime]:3590.17 [SkipTime]:0 [Veto1]:60.6931 [Veto2]:65.6381 [Veto3]:55.7113 [Veto4]:62.4194 [SgUp1]:194613 [SgUp2]:196521 [SgUp3]:196709 [SgUp4]:197967 [SgLow1]:194298 [SgLow2]:196165 [SgLow3]:196409 [SgLow4]:197661 [NetMuon1]:58377 [NetMuon2]:58271 [NetMuon3]:58472 [NetMuon4]:58334
[Run]:38065 [Site]:4 [Bin]:10925 [FullTime]:3590.17 [SkipTime]:0 [Veto1]:53.68 [Veto2]:53.6791 [Veto3]:61.6215 [Veto4]:60.6283 [SgUp1]:194816 [SgUp2]:196241 [SgUp3]:197189 [SgUp4]:197127 [SgLow1]:194512 [SgLow2]:195902 [SgLow3]:196895 [SgLow4]:196838 [NetMuon1]:58383 [NetMuon2]:58393 [NetMuon3]:58280 [NetMuon4]:58272
[Run]:38065 [Site]:4 [Bin]:10926 [FullTime]:3590.17 [SkipTime]:0 [Veto1]:59.538 [Veto2]:54.5413 [Veto3]:49.617 [Veto4]:54.5731 [SgUp1]:194805 [SgUp2]:196238 [SgUp3]:197859 [SgUp4]:197096 [SgLow1]:194496 [SgLow2]:195922 [SgLow3]:197542 [SgLow4]:196813 [NetMuon1]:58144 [NetMuon2]:58185 [NetMuon3]:58297 [NetMuon4]:58226
[Run]:38065 [Site]:4 [Bin]:10927 [FullTime]:3590.17 [SkipTime]:0 [Veto1]:59.481 [Veto2]:59.5128 [Veto3]:54.5106 [Veto4]:62.4739 [SgUp1]:194164 [SgUp2]:195796 [SgUp3]:198793 [SgUp4]:196863 [SgLow1]:193871 [SgLow2]:195466 [SgLow3]:198491 [SgLow4]:196554 [NetMuon1]:58057 [NetMuon2]:58097 [NetMuon3]:58156 [NetMuon4]:58024
End process Run: 38065 ... 
[Run]:38065 [Site]:4 [Bin]:10928 [FullTime]:1960.17 [SkipTime]:0 [Veto1]:28.8935 [Veto2]:31.794 [Veto3]:27.8765 [Veto4]:32.8035
