StreamChain add 0x106f17e0
Start to process run: 38570 ... 
[Run]:38570 [Site]:4 [Bin]:11602 [FullTime]:3073.82 [SkipTime]:0 [Veto1]:48.2692 [Veto2]:38.3364 [Veto3]:54.5575 [Veto4]:46.2427 [SgUp1]:165207 [SgUp2]:166626 [SgUp3]:168066 [SgUp4]:168618 [SgLow1]:164959 [SgLow2]:166357 [SgLow3]:167801 [SgLow4]:168422 [NetMuon1]:46418 [NetMuon2]:46562 [NetMuon3]:46351 [NetMuon4]:46441
[Run]:38570 [Site]:4 [Bin]:11603 [FullTime]:3590.17 [SkipTime]:0 [Veto1]:53.2259 [Veto2]:54.1468 [Veto3]:57.3751 [Veto4]:54.1093 [SgUp1]:194081 [SgUp2]:194533 [SgUp3]:196420 [SgUp4]:196483 [SgLow1]:193781 [SgLow2]:194259 [SgLow3]:196177 [SgLow4]:196178 [NetMuon1]:54242 [NetMuon2]:54232 [NetMuon3]:54177 [NetMuon4]:54222
[Run]:38570 [Site]:4 [Bin]:11604 [FullTime]:3590.17 [SkipTime]:0 [Veto1]:60.1728 [Veto2]:56.2984 [Veto3]:60.2136 [Veto4]:49.3367 [SgUp1]:192937 [SgUp2]:193929 [SgUp3]:196776 [SgUp4]:197465 [SgLow1]:192644 [SgLow2]:193650 [SgLow3]:196483 [SgLow4]:197191 [NetMuon1]:54330 [NetMuon2]:54408 [NetMuon3]:54333 [NetMuon4]:54516
[Run]:38570 [Site]:4 [Bin]:11605 [FullTime]:3590.17 [SkipTime]:0 [Veto1]:62.8275 [Veto2]:58.8165 [Veto3]:57.8597 [Veto4]:63.0667 [SgUp1]:193920 [SgUp2]:194464 [SgUp3]:196478 [SgUp4]:195853 [SgLow1]:193634 [SgLow2]:194161 [SgLow3]:196168 [SgLow4]:195571 [NetMuon1]:53661 [NetMuon2]:53704 [NetMuon3]:53759 [NetMuon4]:53673
[Run]:38570 [Site]:4 [Bin]:11606 [FullTime]:3590.17 [SkipTime]:0 [Veto1]:49.9868 [Veto2]:57.5797 [Veto3]:49.9297 [Veto4]:62.8211 [SgUp1]:194278 [SgUp2]:194650 [SgUp3]:196839 [SgUp4]:196562 [SgLow1]:194005 [SgLow2]:194341 [SgLow3]:196577 [SgLow4]:196254 [NetMuon1]:53902 [NetMuon2]:53765 [NetMuon3]:53913 [NetMuon4]:53720
[Run]:38570 [Site]:4 [Bin]:11607 [FullTime]:3590.17 [SkipTime]:0 [Veto1]:58.1777 [Veto2]:60.1162 [Veto3]:51.173 [Veto4]:52.2033 [SgUp1]:193687 [SgUp2]:193706 [SgUp3]:197378 [SgUp4]:197207 [SgLow1]:193384 [SgLow2]:193382 [SgLow3]:197034 [SgLow4]:196897 [NetMuon1]:54171 [NetMuon2]:54144 [NetMuon3]:54269 [NetMuon4]:54268
[Run]:38570 [Site]:4 [Bin]:11608 [FullTime]:3590.17 [SkipTime]:0 [Veto1]:56.2103 [Veto2]:46.913 [Veto3]:53.799 [Veto4]:52.8402 [SgUp1]:193764 [SgUp2]:195316 [SgUp3]:197030 [SgUp4]:196839 [SgLow1]:193443 [SgLow2]:194990 [SgLow3]:196700 [SgLow4]:196512 [NetMuon1]:53707 [NetMuon2]:53852 [NetMuon3]:53711 [NetMuon4]:53751
[Run]:38570 [Site]:4 [Bin]:11609 [FullTime]:3590.17 [SkipTime]:0 [Veto1]:45.2459 [Veto2]:49.174 [Veto3]:59.1273 [Veto4]:54.142 [SgUp1]:194342 [SgUp2]:195053 [SgUp3]:196448 [SgUp4]:195841 [SgLow1]:194031 [SgLow2]:194754 [SgLow3]:196153 [SgLow4]:195541 [NetMuon1]:54373 [NetMuon2]:54321 [NetMuon3]:54205 [NetMuon4]:54201
[Run]:38570 [Site]:4 [Bin]:11610 [FullTime]:3590.17 [SkipTime]:0 [Veto1]:54.0739 [Veto2]:54.036 [Veto3]:60.9318 [Veto4]:53.0131 [SgUp1]:193803 [SgUp2]:195287 [SgUp3]:195497 [SgUp4]:196767 [SgLow1]:193465 [SgLow2]:194995 [SgLow3]:195227 [SgLow4]:196498 [NetMuon1]:54022 [NetMuon2]:54036 [NetMuon3]:53913 [NetMuon4]:54047
[Run]:38570 [Site]:4 [Bin]:11611 [FullTime]:3590.17 [SkipTime]:0 [Veto1]:55.3116 [Veto2]:60.2247 [Veto3]:54.3025 [Veto4]:56.26 [SgUp1]:193994 [SgUp2]:194820 [SgUp3]:196072 [SgUp4]:196337 [SgLow1]:193692 [SgLow2]:194485 [SgLow3]:195731 [SgLow4]:196043 [NetMuon1]:54416 [NetMuon2]:54373 [NetMuon3]:54454 [NetMuon4]:54403
[Run]:38570 [Site]:4 [Bin]:11612 [FullTime]:3590.17 [SkipTime]:0 [Veto1]:54.5559 [Veto2]:55.6646 [Veto3]:52.5038 [Veto4]:58.4604 [SgUp1]:193916 [SgUp2]:195107 [SgUp3]:196431 [SgUp4]:196108 [SgLow1]:193592 [SgLow2]:194805 [SgLow3]:196145 [SgLow4]:195793 [NetMuon1]:54787 [NetMuon2]:54788 [NetMuon3]:54832 [NetMuon4]:54734
[Run]:38570 [Site]:4 [Bin]:11613 [FullTime]:3590.17 [SkipTime]:0 [Veto1]:51.1233 [Veto2]:49.1207 [Veto3]:52.0547 [Veto4]:50.0698 [SgUp1]:194297 [SgUp2]:195297 [SgUp3]:196035 [SgUp4]:196347 [SgLow1]:193971 [SgLow2]:195034 [SgLow3]:195733 [SgLow4]:196067 [NetMuon1]:54102 [NetMuon2]:54098 [NetMuon3]:54062 [NetMuon4]:54102
[Run]:38570 [Site]:4 [Bin]:11614 [FullTime]:3590.17 [SkipTime]:0 [Veto1]:59.1652 [Veto2]:61.7191 [Veto3]:50.1673 [Veto4]:52.2196 [SgUp1]:194201 [SgUp2]:194008 [SgUp3]:197012 [SgUp4]:196259 [SgLow1]:193906 [SgLow2]:193737 [SgLow3]:196668 [SgLow4]:195964 [NetMuon1]:54211 [NetMuon2]:54128 [NetMuon3]:54347 [NetMuon4]:54324
[Run]:38570 [Site]:4 [Bin]:11615 [FullTime]:3590.17 [SkipTime]:0 [Veto1]:55.8504 [Veto2]:59.7603 [Veto3]:58.7841 [Veto4]:46.8799 [SgUp1]:193074 [SgUp2]:194525 [SgUp3]:196166 [SgUp4]:196923 [SgLow1]:192749 [SgLow2]:194190 [SgLow3]:195848 [SgLow4]:196616 [NetMuon1]:53623 [NetMuon2]:53574 [NetMuon3]:53571 [NetMuon4]:53740
[Run]:38570 [Site]:4 [Bin]:11616 [FullTime]:3590.17 [SkipTime]:0 [Veto1]:57.9542 [Veto2]:54.1988 [Veto3]:63.1145 [Veto4]:51.209 [SgUp1]:193393 [SgUp2]:195049 [SgUp3]:195815 [SgUp4]:196158 [SgLow1]:193104 [SgLow2]:194762 [SgLow3]:195526 [SgLow4]:195860 [NetMuon1]:54245 [NetMuon2]:54308 [NetMuon3]:54165 [NetMuon4]:54338
[Run]:38570 [Site]:4 [Bin]:11617 [FullTime]:3590.17 [SkipTime]:0 [Veto1]:53.9899 [Veto2]:57.9 [Veto3]:52.9643 [Veto4]:50.0167 [SgUp1]:194025 [SgUp2]:195335 [SgUp3]:196661 [SgUp4]:196143 [SgLow1]:193742 [SgLow2]:195017 [SgLow3]:196323 [SgLow4]:195801 [NetMuon1]:53870 [NetMuon2]:53823 [NetMuon3]:53887 [NetMuon4]:53962
[Run]:38570 [Site]:4 [Bin]:11618 [FullTime]:3590.17 [SkipTime]:0 [Veto1]:53.2317 [Veto2]:54.3054 [Veto3]:51.1952 [Veto4]:47.2606 [SgUp1]:193658 [SgUp2]:194682 [SgUp3]:197751 [SgUp4]:195807 [SgLow1]:193322 [SgLow2]:194395 [SgLow3]:197442 [SgLow4]:195478 [NetMuon1]:54300 [NetMuon2]:54232 [NetMuon3]:54288 [NetMuon4]:54358
[Run]:38570 [Site]:4 [Bin]:11619 [FullTime]:3590.17 [SkipTime]:0 [Veto1]:56.1906 [Veto2]:56.3876 [Veto3]:56.1156 [Veto4]:53.1331 [SgUp1]:193559 [SgUp2]:195400 [SgUp3]:195881 [SgUp4]:195815 [SgLow1]:193292 [SgLow2]:195063 [SgLow3]:195591 [SgLow4]:195472 [NetMuon1]:54204 [NetMuon2]:54192 [NetMuon3]:54210 [NetMuon4]:54241
[Run]:38570 [Site]:4 [Bin]:11620 [FullTime]:3590.17 [SkipTime]:0 [Veto1]:52.2054 [Veto2]:47.2204 [Veto3]:55.1224 [Veto4]:57.1127 [SgUp1]:194126 [SgUp2]:194966 [SgUp3]:196457 [SgUp4]:195657 [SgLow1]:193851 [SgLow2]:194640 [SgLow3]:196157 [SgLow4]:195359 [NetMuon1]:54245 [NetMuon2]:54307 [NetMuon3]:54166 [NetMuon4]:54193
[Run]:38570 [Site]:4 [Bin]:11621 [FullTime]:3590.17 [SkipTime]:0 [Veto1]:48.8478 [Veto2]:55.7306 [Veto3]:56.7167 [Veto4]:51.7613 [SgUp1]:194633 [SgUp2]:195625 [SgUp3]:196399 [SgUp4]:196703 [SgLow1]:194307 [SgLow2]:195352 [SgLow3]:196029 [SgLow4]:196391 [NetMuon1]:53703 [NetMuon2]:53568 [NetMuon3]:53538 [NetMuon4]:53635
[Run]:38570 [Site]:4 [Bin]:11622 [FullTime]:3590.17 [SkipTime]:0 [Veto1]:57.8459 [Veto2]:49.9128 [Veto3]:57.3856 [Veto4]:50.184 [SgUp1]:194704 [SgUp2]:195285 [SgUp3]:196502 [SgUp4]:196304 [SgLow1]:194400 [SgLow2]:194976 [SgLow3]:196182 [SgLow4]:196013 [NetMuon1]:53724 [NetMuon2]:53838 [NetMuon3]:53716 [NetMuon4]:53834
[Run]:38570 [Site]:4 [Bin]:11623 [FullTime]:3590.17 [SkipTime]:0 [Veto1]:57.1007 [Veto2]:57.0937 [Veto3]:57.121 [Veto4]:56.0919 [SgUp1]:193895 [SgUp2]:194829 [SgUp3]:195344 [SgUp4]:196464 [SgLow1]:193597 [SgLow2]:194500 [SgLow3]:195035 [SgLow4]:196173 [NetMuon1]:54085 [NetMuon2]:54106 [NetMuon3]:54123 [NetMuon4]:54135
End process Run: 38570 ... 
[Run]:38570 [Site]:4 [Bin]:11624 [FullTime]:2959.18 [SkipTime]:0 [Veto1]:48.1401 [Veto2]:43.8885 [Veto3]:42.1013 [Veto4]:45.0956
