StreamChain add 0x4e957e0
Start to process run: 38055 ... 
[Run]:38055 [Site]:4 [Bin]:10844 [FullTime]:3234.18 [SkipTime]:0 [Veto1]:49.7425 [Veto2]:59.6359 [Veto3]:55.6612 [Veto4]:57.6449 [SgUp1]:175932 [SgUp2]:176238 [SgUp3]:177806 [SgUp4]:178230 [SgLow1]:175673 [SgLow2]:175955 [SgLow3]:177545 [SgLow4]:178006 [NetMuon1]:52067 [NetMuon2]:51877 [NetMuon3]:51960 [NetMuon4]:51909
[Run]:38055 [Site]:4 [Bin]:10845 [FullTime]:3590.17 [SkipTime]:0 [Veto1]:65.2416 [Veto2]:55.3102 [Veto3]:48.4102 [Veto4]:68.2526 [SgUp1]:194147 [SgUp2]:196455 [SgUp3]:198548 [SgUp4]:198278 [SgLow1]:193833 [SgLow2]:196168 [SgLow3]:198239 [SgLow4]:197986 [NetMuon1]:57678 [NetMuon2]:57862 [NetMuon3]:57957 [NetMuon4]:57690
[Run]:38055 [Site]:4 [Bin]:10846 [FullTime]:3590.17 [SkipTime]:0 [Veto1]:51.2232 [Veto2]:56.1592 [Veto3]:55.1114 [Veto4]:63.806 [SgUp1]:194798 [SgUp2]:196635 [SgUp3]:198343 [SgUp4]:197581 [SgLow1]:194451 [SgLow2]:196316 [SgLow3]:198051 [SgLow4]:197266 [NetMuon1]:57657 [NetMuon2]:57570 [NetMuon3]:57557 [NetMuon4]:57410
[Run]:38055 [Site]:4 [Bin]:10847 [FullTime]:3590.17 [SkipTime]:0 [Veto1]:52.5844 [Veto2]:56.4905 [Veto3]:64.4642 [Veto4]:58.45 [SgUp1]:194037 [SgUp2]:197013 [SgUp3]:197858 [SgUp4]:198101 [SgLow1]:193724 [SgLow2]:196716 [SgLow3]:197572 [SgLow4]:197837 [NetMuon1]:58199 [NetMuon2]:58146 [NetMuon3]:57975 [NetMuon4]:58076
[Run]:38055 [Site]:4 [Bin]:10848 [FullTime]:3590.17 [SkipTime]:0 [Veto1]:58.2483 [Veto2]:58.2106 [Veto3]:55.2541 [Veto4]:58.2082 [SgUp1]:194864 [SgUp2]:196275 [SgUp3]:197893 [SgUp4]:198349 [SgLow1]:194576 [SgLow2]:195961 [SgLow3]:197579 [SgLow4]:198040 [NetMuon1]:57649 [NetMuon2]:57623 [NetMuon3]:57694 [NetMuon4]:57608
[Run]:38055 [Site]:4 [Bin]:10849 [FullTime]:3590.17 [SkipTime]:0 [Veto1]:56.2016 [Veto2]:65.0379 [Veto3]:56.1746 [Veto4]:62.1229 [SgUp1]:194893 [SgUp2]:196050 [SgUp3]:198127 [SgUp4]:197804 [SgLow1]:194626 [SgLow2]:195733 [SgLow3]:197812 [SgLow4]:197524 [NetMuon1]:57548 [NetMuon2]:57391 [NetMuon3]:57560 [NetMuon4]:57466
[Run]:38055 [Site]:4 [Bin]:10850 [FullTime]:3590.17 [SkipTime]:0 [Veto1]:63.1009 [Veto2]:57.1481 [Veto3]:59.1269 [Veto4]:61.0877 [SgUp1]:194949 [SgUp2]:196620 [SgUp3]:197214 [SgUp4]:197733 [SgLow1]:194649 [SgLow2]:196336 [SgLow3]:196885 [SgLow4]:197412 [NetMuon1]:57427 [NetMuon2]:57516 [NetMuon3]:57475 [NetMuon4]:57426
[Run]:38055 [Site]:4 [Bin]:10851 [FullTime]:3590.17 [SkipTime]:0 [Veto1]:60.1094 [Veto2]:59.0176 [Veto3]:56.0801 [Veto4]:57.0968 [SgUp1]:194278 [SgUp2]:196019 [SgUp3]:197569 [SgUp4]:197073 [SgLow1]:193991 [SgLow2]:195674 [SgLow3]:197228 [SgLow4]:196766 [NetMuon1]:57403 [NetMuon2]:57429 [NetMuon3]:57473 [NetMuon4]:57481
[Run]:38055 [Site]:4 [Bin]:10852 [FullTime]:3590.17 [SkipTime]:0 [Veto1]:56.4195 [Veto2]:57.3632 [Veto3]:56.3617 [Veto4]:57.3131 [SgUp1]:195075 [SgUp2]:197192 [SgUp3]:197260 [SgUp4]:197793 [SgLow1]:194768 [SgLow2]:196914 [SgLow3]:196893 [SgLow4]:197471 [NetMuon1]:57864 [NetMuon2]:57836 [NetMuon3]:57874 [NetMuon4]:57841
[Run]:38055 [Site]:4 [Bin]:10853 [FullTime]:3590.17 [SkipTime]:0 [Veto1]:62.484 [Veto2]:50.1446 [Veto3]:56.5468 [Veto4]:64.4599 [SgUp1]:194448 [SgUp2]:197205 [SgUp3]:198222 [SgUp4]:197220 [SgLow1]:194150 [SgLow2]:196921 [SgLow3]:197923 [SgLow4]:196963 [NetMuon1]:58096 [NetMuon2]:58356 [NetMuon3]:58216 [NetMuon4]:58079
[Run]:38055 [Site]:4 [Bin]:10854 [FullTime]:3590.17 [SkipTime]:0 [Veto1]:65.6395 [Veto2]:56.4113 [Veto3]:53.6949 [Veto4]:53.7707 [SgUp1]:194544 [SgUp2]:196571 [SgUp3]:197998 [SgUp4]:197039 [SgLow1]:194226 [SgLow2]:196242 [SgLow3]:197669 [SgLow4]:196716 [NetMuon1]:58263 [NetMuon2]:58458 [NetMuon3]:58465 [NetMuon4]:58472
[Run]:38055 [Site]:4 [Bin]:10855 [FullTime]:3590.17 [SkipTime]:0 [Veto1]:58.4686 [Veto2]:54.6953 [Veto3]:57.4829 [Veto4]:58.4659 [SgUp1]:194251 [SgUp2]:196720 [SgUp3]:197641 [SgUp4]:197955 [SgLow1]:193951 [SgLow2]:196435 [SgLow3]:197340 [SgLow4]:197648 [NetMuon1]:58014 [NetMuon2]:58100 [NetMuon3]:58083 [NetMuon4]:58030
[Run]:38055 [Site]:4 [Bin]:10856 [FullTime]:3590.17 [SkipTime]:0 [Veto1]:55.5467 [Veto2]:55.4923 [Veto3]:57.5024 [Veto4]:58.4947 [SgUp1]:194595 [SgUp2]:196627 [SgUp3]:197387 [SgUp4]:198011 [SgLow1]:194349 [SgLow2]:196296 [SgLow3]:197088 [SgLow4]:197712 [NetMuon1]:58152 [NetMuon2]:58166 [NetMuon3]:58093 [NetMuon4]:58101
[Run]:38055 [Site]:4 [Bin]:10857 [FullTime]:3590.17 [SkipTime]:0 [Veto1]:59.2728 [Veto2]:62.1889 [Veto3]:54.293 [Veto4]:53.3729 [SgUp1]:194691 [SgUp2]:196396 [SgUp3]:198596 [SgUp4]:198388 [SgLow1]:194370 [SgLow2]:196043 [SgLow3]:198271 [SgLow4]:198080 [NetMuon1]:57754 [NetMuon2]:57650 [NetMuon3]:57811 [NetMuon4]:57874
[Run]:38055 [Site]:4 [Bin]:10858 [FullTime]:3590.18 [SkipTime]:0 [Veto1]:55.4412 [Veto2]:61.0549 [Veto3]:50.4745 [Veto4]:64.317 [SgUp1]:194885 [SgUp2]:196218 [SgUp3]:198015 [SgUp4]:197866 [SgLow1]:194600 [SgLow2]:195936 [SgLow3]:197699 [SgLow4]:197579 [NetMuon1]:57960 [NetMuon2]:57894 [NetMuon3]:58062 [NetMuon4]:57826
[Run]:38055 [Site]:4 [Bin]:10859 [FullTime]:3590.16 [SkipTime]:0 [Veto1]:56.6093 [Veto2]:55.5995 [Veto3]:55.6598 [Veto4]:55.5731 [SgUp1]:194701 [SgUp2]:196694 [SgUp3]:198849 [SgUp4]:198024 [SgLow1]:194385 [SgLow2]:196381 [SgLow3]:198521 [SgLow4]:197715 [NetMuon1]:58281 [NetMuon2]:58282 [NetMuon3]:58340 [NetMuon4]:58302
[Run]:38055 [Site]:4 [Bin]:10860 [FullTime]:3590.17 [SkipTime]:0 [Veto1]:51.5819 [Veto2]:57.4542 [Veto3]:54.5161 [Veto4]:63.4201 [SgUp1]:194789 [SgUp2]:196570 [SgUp3]:197892 [SgUp4]:197964 [SgLow1]:194545 [SgLow2]:196249 [SgLow3]:197592 [SgLow4]:197681 [NetMuon1]:58197 [NetMuon2]:58052 [NetMuon3]:58130 [NetMuon4]:57962
[Run]:38055 [Site]:4 [Bin]:10861 [FullTime]:3590.17 [SkipTime]:0 [Veto1]:60.9472 [Veto2]:57.5457 [Veto3]:51.5868 [Veto4]:56.5229 [SgUp1]:195110 [SgUp2]:196487 [SgUp3]:198192 [SgUp4]:197805 [SgLow1]:194828 [SgLow2]:196156 [SgLow3]:197873 [SgLow4]:197485 [NetMuon1]:58052 [NetMuon2]:58118 [NetMuon3]:58199 [NetMuon4]:58100
[Run]:38055 [Site]:4 [Bin]:10862 [FullTime]:3590.17 [SkipTime]:0 [Veto1]:50.0383 [Veto2]:54.9621 [Veto3]:60.8815 [Veto4]:56.9393 [SgUp1]:195478 [SgUp2]:197409 [SgUp3]:198137 [SgUp4]:197696 [SgLow1]:195200 [SgLow2]:197102 [SgLow3]:197801 [SgLow4]:197368 [NetMuon1]:58866 [NetMuon2]:58787 [NetMuon3]:58713 [NetMuon4]:58738
[Run]:38055 [Site]:4 [Bin]:10863 [FullTime]:3590.17 [SkipTime]:0 [Veto1]:51.7046 [Veto2]:53.6194 [Veto3]:62.5126 [Veto4]:63.5491 [SgUp1]:196344 [SgUp2]:196962 [SgUp3]:197903 [SgUp4]:197615 [SgLow1]:196048 [SgLow2]:196648 [SgLow3]:197561 [SgLow4]:197297 [NetMuon1]:58365 [NetMuon2]:58304 [NetMuon3]:58185 [NetMuon4]:58172
[Run]:38055 [Site]:4 [Bin]:10864 [FullTime]:3590.17 [SkipTime]:0 [Veto1]:64.4951 [Veto2]:54.5683 [Veto3]:54.5624 [Veto4]:62.5246 [SgUp1]:195878 [SgUp2]:196442 [SgUp3]:198405 [SgUp4]:197870 [SgLow1]:195564 [SgLow2]:196092 [SgLow3]:198091 [SgLow4]:197582 [NetMuon1]:58073 [NetMuon2]:58252 [NetMuon3]:58252 [NetMuon4]:58117
[Run]:38055 [Site]:4 [Bin]:10865 [FullTime]:3590.17 [SkipTime]:0 [Veto1]:51.5557 [Veto2]:48.5457 [Veto3]:58.4424 [Veto4]:56.4767 [SgUp1]:195712 [SgUp2]:196368 [SgUp3]:198548 [SgUp4]:197165 [SgLow1]:195384 [SgLow2]:196077 [SgLow3]:198231 [SgLow4]:196845 [NetMuon1]:58167 [NetMuon2]:58205 [NetMuon3]:58017 [NetMuon4]:58073
[Run]:38055 [Site]:4 [Bin]:10866 [FullTime]:3590.17 [SkipTime]:0 [Veto1]:59.3526 [Veto2]:52.8643 [Veto3]:55.399 [Veto4]:59.2856 [SgUp1]:195174 [SgUp2]:195563 [SgUp3]:198935 [SgUp4]:196943 [SgLow1]:194874 [SgLow2]:195309 [SgLow3]:198612 [SgLow4]:196615 [NetMuon1]:57852 [NetMuon2]:57982 [NetMuon3]:57958 [NetMuon4]:57907
[Run]:38055 [Site]:4 [Bin]:10867 [FullTime]:3590.17 [SkipTime]:0 [Veto1]:59.9687 [Veto2]:60.1134 [Veto3]:56.7566 [Veto4]:57.7172 [SgUp1]:195709 [SgUp2]:196201 [SgUp3]:198526 [SgUp4]:197810 [SgLow1]:195426 [SgLow2]:195875 [SgLow3]:198220 [SgLow4]:197515 [NetMuon1]:58427 [NetMuon2]:58386 [NetMuon3]:58478 [NetMuon4]:58451
[Run]:38055 [Site]:4 [Bin]:10868 [FullTime]:3590.17 [SkipTime]:0 [Veto1]:56.7732 [Veto2]:51.7812 [Veto3]:60.717 [Veto4]:57.6628 [SgUp1]:195854 [SgUp2]:196588 [SgUp3]:198305 [SgUp4]:197819 [SgLow1]:195557 [SgLow2]:196258 [SgLow3]:198010 [SgLow4]:197481 [NetMuon1]:58431 [NetMuon2]:58493 [NetMuon3]:58389 [NetMuon4]:58423
[Run]:38055 [Site]:4 [Bin]:10869 [FullTime]:3590.17 [SkipTime]:0 [Veto1]:50.5911 [Veto2]:64.4178 [Veto3]:54.4976 [Veto4]:50.5468 [SgUp1]:195906 [SgUp2]:196722 [SgUp3]:198644 [SgUp4]:198632 [SgLow1]:195611 [SgLow2]:196404 [SgLow3]:198327 [SgLow4]:198338 [NetMuon1]:58196 [NetMuon2]:57935 [NetMuon3]:58126 [NetMuon4]:58205
[Run]:38055 [Site]:4 [Bin]:10870 [FullTime]:3590.17 [SkipTime]:0 [Veto1]:54.482 [Veto2]:58.386 [Veto3]:50.4791 [Veto4]:53.4696 [SgUp1]:195735 [SgUp2]:195821 [SgUp3]:198862 [SgUp4]:198287 [SgLow1]:195401 [SgLow2]:195540 [SgLow3]:198531 [SgLow4]:198015 [NetMuon1]:58000 [NetMuon2]:57935 [NetMuon3]:58094 [NetMuon4]:58006
[Run]:38055 [Site]:4 [Bin]:10871 [FullTime]:3590.17 [SkipTime]:0 [Veto1]:49.7797 [Veto2]:59.5971 [Veto3]:69.0048 [Veto4]:61.6027 [SgUp1]:195753 [SgUp2]:195747 [SgUp3]:196898 [SgUp4]:196941 [SgLow1]:195448 [SgLow2]:195422 [SgLow3]:196610 [SgLow4]:196628 [NetMuon1]:58458 [NetMuon2]:58275 [NetMuon3]:58159 [NetMuon4]:58287
[Run]:38055 [Site]:4 [Bin]:10872 [FullTime]:3590.17 [SkipTime]:0 [Veto1]:50.5485 [Veto2]:52.5139 [Veto3]:58.4532 [Veto4]:52.5115 [SgUp1]:196977 [SgUp2]:196361 [SgUp3]:197572 [SgUp4]:197334 [SgLow1]:196642 [SgLow2]:196047 [SgLow3]:197319 [SgLow4]:196990 [NetMuon1]:58159 [NetMuon2]:58148 [NetMuon3]:58045 [NetMuon4]:58128
[Run]:38055 [Site]:4 [Bin]:10873 [FullTime]:3590.17 [SkipTime]:0 [Veto1]:64.6938 [Veto2]:52.6559 [Veto3]:55.6409 [Veto4]:52.6335 [SgUp1]:195650 [SgUp2]:196724 [SgUp3]:198745 [SgUp4]:197944 [SgLow1]:195337 [SgLow2]:196439 [SgLow3]:198452 [SgLow4]:197677 [NetMuon1]:58165 [NetMuon2]:58339 [NetMuon3]:58334 [NetMuon4]:58344
[Run]:38055 [Site]:4 [Bin]:10874 [FullTime]:3590.17 [SkipTime]:0 [Veto1]:63.9442 [Veto2]:46.8684 [Veto3]:63.6829 [Veto4]:51.8289 [SgUp1]:194886 [SgUp2]:196595 [SgUp3]:197350 [SgUp4]:197177 [SgLow1]:194549 [SgLow2]:196310 [SgLow3]:197084 [SgLow4]:196870 [NetMuon1]:58462 [NetMuon2]:58715 [NetMuon3]:58439 [NetMuon4]:58652
[Run]:38055 [Site]:4 [Bin]:10875 [FullTime]:3590.17 [SkipTime]:0 [Veto1]:64.3938 [Veto2]:59.399 [Veto3]:64.011 [Veto4]:53.4382 [SgUp1]:194724 [SgUp2]:196236 [SgUp3]:197950 [SgUp4]:197590 [SgLow1]:194418 [SgLow2]:195919 [SgLow3]:197580 [SgLow4]:197270 [NetMuon1]:57827 [NetMuon2]:57930 [NetMuon3]:57847 [NetMuon4]:57999
[Run]:38055 [Site]:4 [Bin]:10876 [FullTime]:3590.17 [SkipTime]:0 [Veto1]:58.5934 [Veto2]:52.6191 [Veto3]:52.0314 [Veto4]:54.5753 [SgUp1]:195527 [SgUp2]:196838 [SgUp3]:198028 [SgUp4]:197391 [SgLow1]:195239 [SgLow2]:196493 [SgLow3]:197789 [SgLow4]:197089 [NetMuon1]:58160 [NetMuon2]:58243 [NetMuon3]:58282 [NetMuon4]:58229
[Run]:38055 [Site]:4 [Bin]:10877 [FullTime]:3590.17 [SkipTime]:0 [Veto1]:51.93 [Veto2]:54.8633 [Veto3]:64.6942 [Veto4]:56.8374 [SgUp1]:194481 [SgUp2]:196319 [SgUp3]:197476 [SgUp4]:197750 [SgLow1]:194202 [SgLow2]:196040 [SgLow3]:197213 [SgLow4]:197476 [NetMuon1]:58711 [NetMuon2]:58685 [NetMuon3]:58468 [NetMuon4]:58619
[Run]:38055 [Site]:4 [Bin]:10878 [FullTime]:3590.17 [SkipTime]:0 [Veto1]:52.647 [Veto2]:54.5906 [Veto3]:57.5954 [Veto4]:64.5293 [SgUp1]:195608 [SgUp2]:196360 [SgUp3]:198284 [SgUp4]:197224 [SgLow1]:195321 [SgLow2]:196070 [SgLow3]:197933 [SgLow4]:196911 [NetMuon1]:58356 [NetMuon2]:58300 [NetMuon3]:58292 [NetMuon4]:58137
[Run]:38055 [Site]:4 [Bin]:10879 [FullTime]:3590.17 [SkipTime]:0 [Veto1]:63.0158 [Veto2]:60.8721 [Veto3]:51.7548 [Veto4]:56.6833 [SgUp1]:194526 [SgUp2]:196526 [SgUp3]:198191 [SgUp4]:197774 [SgLow1]:194272 [SgLow2]:196256 [SgLow3]:197861 [SgLow4]:197498 [NetMuon1]:58251 [NetMuon2]:58325 [NetMuon3]:58526 [NetMuon4]:58369
[Run]:38055 [Site]:4 [Bin]:10880 [FullTime]:3590.17 [SkipTime]:0 [Veto1]:55.7057 [Veto2]:56.4428 [Veto3]:61.5186 [Veto4]:55.5755 [SgUp1]:194767 [SgUp2]:197210 [SgUp3]:198131 [SgUp4]:196994 [SgLow1]:194467 [SgLow2]:196902 [SgLow3]:197817 [SgLow4]:196722 [NetMuon1]:58216 [NetMuon2]:58253 [NetMuon3]:58159 [NetMuon4]:58208
[Run]:38055 [Site]:4 [Bin]:10881 [FullTime]:3590.17 [SkipTime]:0 [Veto1]:55.8345 [Veto2]:64.7451 [Veto3]:62.7124 [Veto4]:56.8144 [SgUp1]:195305 [SgUp2]:195763 [SgUp3]:197834 [SgUp4]:197780 [SgLow1]:194996 [SgLow2]:195498 [SgLow3]:197520 [SgLow4]:197512 [NetMuon1]:58624 [NetMuon2]:58489 [NetMuon3]:58525 [NetMuon4]:58631
[Run]:38055 [Site]:4 [Bin]:10882 [FullTime]:3590.17 [SkipTime]:0 [Veto1]:48.8012 [Veto2]:60.7107 [Veto3]:56.7368 [Veto4]:55.7052 [SgUp1]:195532 [SgUp2]:195384 [SgUp3]:197295 [SgUp4]:196940 [SgLow1]:195187 [SgLow2]:195087 [SgLow3]:196970 [SgLow4]:196668 [NetMuon1]:58570 [NetMuon2]:58389 [NetMuon3]:58423 [NetMuon4]:58478
[Run]:38055 [Site]:4 [Bin]:10883 [FullTime]:3590.17 [SkipTime]:0 [Veto1]:62.8145 [Veto2]:57.8106 [Veto3]:58.8135 [Veto4]:54.9511 [SgUp1]:194615 [SgUp2]:195736 [SgUp3]:197718 [SgUp4]:197743 [SgLow1]:194326 [SgLow2]:195425 [SgLow3]:197434 [SgLow4]:197471 [NetMuon1]:58517 [NetMuon2]:58583 [NetMuon3]:58604 [NetMuon4]:58634
End process Run: 38055 ... 
[Run]:38055 [Site]:4 [Bin]:10884 [FullTime]:2132.34 [SkipTime]:0 [Veto1]:37.0582 [Veto2]:40.9982 [Veto3]:37.0666 [Veto4]:36.0595
