StreamChain add 0xd80e590
Start to process run: 39792 ... 
[Run]:39792 [Site]:4 [Bin]:12999 [FullTime]:2592.04 [SkipTime]:0 [Veto1]:41.7967 [Veto2]:44.0179 [Veto3]:42.0007 [Veto4]:35.1321 [SgUp1]:139773 [SgUp2]:140701 [SgUp3]:140866 [SgUp4]:141530 [SgLow1]:139529 [SgLow2]:140467 [SgLow3]:140649 [SgLow4]:141323 [NetMuon1]:39769 [NetMuon2]:39730 [NetMuon3]:39752 [NetMuon4]:39898
[Run]:39792 [Site]:4 [Bin]:13000 [FullTime]:3590.17 [SkipTime]:0 [Veto1]:50.504 [Veto2]:51.4308 [Veto3]:58.3617 [Veto4]:51.3929 [SgUp1]:192686 [SgUp2]:195731 [SgUp3]:194658 [SgUp4]:195524 [SgLow1]:192358 [SgLow2]:195425 [SgLow3]:194347 [SgLow4]:195245 [NetMuon1]:54688 [NetMuon2]:54645 [NetMuon3]:54527 [NetMuon4]:54635
[Run]:39792 [Site]:4 [Bin]:13001 [FullTime]:3590.17 [SkipTime]:0 [Veto1]:46.464 [Veto2]:52.4254 [Veto3]:47.4499 [Veto4]:52.4102 [SgUp1]:193950 [SgUp2]:194857 [SgUp3]:196002 [SgUp4]:194895 [SgLow1]:193655 [SgLow2]:194582 [SgLow3]:195692 [SgLow4]:194607 [NetMuon1]:54763 [NetMuon2]:54689 [NetMuon3]:54760 [NetMuon4]:54650
[Run]:39792 [Site]:4 [Bin]:13002 [FullTime]:3590.17 [SkipTime]:0 [Veto1]:48.8427 [Veto2]:61.7116 [Veto3]:58.6772 [Veto4]:64.6763 [SgUp1]:194140 [SgUp2]:195280 [SgUp3]:195456 [SgUp4]:195537 [SgLow1]:193830 [SgLow2]:194941 [SgLow3]:195179 [SgLow4]:195234 [NetMuon1]:55254 [NetMuon2]:55087 [NetMuon3]:55086 [NetMuon4]:55025
[Run]:39792 [Site]:4 [Bin]:13003 [FullTime]:3590.17 [SkipTime]:0 [Veto1]:61.4973 [Veto2]:48.5997 [Veto3]:60.3616 [Veto4]:44.6232 [SgUp1]:193158 [SgUp2]:195436 [SgUp3]:195793 [SgUp4]:196065 [SgLow1]:192868 [SgLow2]:195123 [SgLow3]:195479 [SgLow4]:195782 [NetMuon1]:54799 [NetMuon2]:54982 [NetMuon3]:54749 [NetMuon4]:55042
[Run]:39792 [Site]:4 [Bin]:13004 [FullTime]:3590.17 [SkipTime]:0 [Veto1]:52.7545 [Veto2]:57.7278 [Veto3]:59.7224 [Veto4]:55.7939 [SgUp1]:193458 [SgUp2]:195076 [SgUp3]:196447 [SgUp4]:196446 [SgLow1]:193169 [SgLow2]:194750 [SgLow3]:196140 [SgLow4]:196112 [NetMuon1]:55192 [NetMuon2]:55133 [NetMuon3]:55123 [NetMuon4]:55180
[Run]:39792 [Site]:4 [Bin]:13010 [FullTime]:2643.38 [SkipTime]:0 [Veto1]:37.5615 [Veto2]:39.5617 [Veto3]:46.4513 [Veto4]:40.5069 [SgUp1]:142650 [SgUp2]:143106 [SgUp3]:143576 [SgUp4]:144351 [SgLow1]:142414 [SgLow2]:142851 [SgLow3]:143347 [SgLow4]:144065 [NetMuon1]:40598 [NetMuon2]:40587 [NetMuon3]:40452 [NetMuon4]:40587
[Run]:39792 [Site]:4 [Bin]:13011 [FullTime]:3590.17 [SkipTime]:0 [Veto1]:53.0359 [Veto2]:60.9092 [Veto3]:50.9913 [Veto4]:49.4545 [SgUp1]:194057 [SgUp2]:194482 [SgUp3]:196652 [SgUp4]:196672 [SgLow1]:193772 [SgLow2]:194201 [SgLow3]:196384 [SgLow4]:196418 [NetMuon1]:55589 [NetMuon2]:55412 [NetMuon3]:55588 [NetMuon4]:55607
[Run]:39792 [Site]:4 [Bin]:13013 [FullTime]:2541.63 [SkipTime]:0 [Veto1]:39.6339 [Veto2]:35.7805 [Veto3]:40.5797 [Veto4]:29.9852 [SgUp1]:136883 [SgUp2]:138006 [SgUp3]:138726 [SgUp4]:138878 [SgLow1]:136639 [SgLow2]:137795 [SgLow3]:138485 [SgLow4]:138677 [NetMuon1]:39074 [NetMuon2]:39122 [NetMuon3]:39042 [NetMuon4]:39213
[Run]:39792 [Site]:4 [Bin]:13014 [FullTime]:3590.17 [SkipTime]:0 [Veto1]:53.6499 [Veto2]:54.6512 [Veto3]:55.5697 [Veto4]:55.9239 [SgUp1]:193641 [SgUp2]:194510 [SgUp3]:194954 [SgUp4]:195188 [SgLow1]:193347 [SgLow2]:194209 [SgLow3]:194658 [SgLow4]:194909 [NetMuon1]:55073 [NetMuon2]:55024 [NetMuon3]:55032 [NetMuon4]:55023
[Run]:39792 [Site]:4 [Bin]:13015 [FullTime]:3590.17 [SkipTime]:0 [Veto1]:56.7773 [Veto2]:62.6851 [Veto3]:51.8227 [Veto4]:55.7361 [SgUp1]:194690 [SgUp2]:194425 [SgUp3]:196494 [SgUp4]:196112 [SgLow1]:194381 [SgLow2]:194153 [SgLow3]:196179 [SgLow4]:195863 [NetMuon1]:55193 [NetMuon2]:55113 [NetMuon3]:55276 [NetMuon4]:55221
[Run]:39792 [Site]:4 [Bin]:13016 [FullTime]:3590.17 [SkipTime]:0 [Veto1]:55.7667 [Veto2]:60.7103 [Veto3]:56.7286 [Veto4]:55.3014 [SgUp1]:193964 [SgUp2]:194145 [SgUp3]:194881 [SgUp4]:195045 [SgLow1]:193640 [SgLow2]:193856 [SgLow3]:194611 [SgLow4]:194804 [NetMuon1]:55189 [NetMuon2]:55090 [NetMuon3]:55167 [NetMuon4]:55152
[Run]:39792 [Site]:4 [Bin]:13017 [FullTime]:3590.17 [SkipTime]:0 [Veto1]:59.4435 [Veto2]:57.4388 [Veto3]:63.3913 [Veto4]:64.413 [SgUp1]:193911 [SgUp2]:194435 [SgUp3]:195452 [SgUp4]:195273 [SgLow1]:193599 [SgLow2]:194109 [SgLow3]:195146 [SgLow4]:194973 [NetMuon1]:54678 [NetMuon2]:54735 [NetMuon3]:54651 [NetMuon4]:54632
[Run]:39792 [Site]:4 [Bin]:13018 [FullTime]:3590.17 [SkipTime]:0 [Veto1]:53.3562 [Veto2]:60.2474 [Veto3]:52.3202 [Veto4]:57.2927 [SgUp1]:194487 [SgUp2]:194492 [SgUp3]:196307 [SgUp4]:195041 [SgLow1]:194177 [SgLow2]:194192 [SgLow3]:196047 [SgLow4]:194742 [NetMuon1]:54484 [NetMuon2]:54376 [NetMuon3]:54535 [NetMuon4]:54430
[Run]:39792 [Site]:4 [Bin]:13019 [FullTime]:3590.17 [SkipTime]:0 [Veto1]:51.6382 [Veto2]:50.6376 [Veto3]:62.3766 [Veto4]:58.5365 [SgUp1]:193908 [SgUp2]:195643 [SgUp3]:195720 [SgUp4]:195412 [SgLow1]:193601 [SgLow2]:195268 [SgLow3]:195418 [SgLow4]:195137 [NetMuon1]:54949 [NetMuon2]:54976 [NetMuon3]:54738 [NetMuon4]:54830
[Run]:39792 [Site]:4 [Bin]:13020 [FullTime]:3590.17 [SkipTime]:0 [Veto1]:51.5251 [Veto2]:55.4285 [Veto3]:63.3262 [Veto4]:59.4001 [SgUp1]:193884 [SgUp2]:194974 [SgUp3]:195316 [SgUp4]:195027 [SgLow1]:193620 [SgLow2]:194687 [SgLow3]:195004 [SgLow4]:194727 [NetMuon1]:54718 [NetMuon2]:54680 [NetMuon3]:54538 [NetMuon4]:54654
[Run]:39792 [Site]:4 [Bin]:13022 [FullTime]:2443.04 [SkipTime]:0 [Veto1]:32.5009 [Veto2]:40.8608 [Veto3]:38.4433 [Veto4]:41.429 [SgUp1]:132020 [SgUp2]:131846 [SgUp3]:133866 [SgUp4]:132847 [SgLow1]:131820 [SgLow2]:131635 [SgLow3]:133672 [SgLow4]:132617 [NetMuon1]:37281 [NetMuon2]:37119 [NetMuon3]:37181 [NetMuon4]:37144
[Run]:39792 [Site]:4 [Bin]:13023 [FullTime]:3590.17 [SkipTime]:0 [Veto1]:55.4423 [Veto2]:52.463 [Veto3]:49.4206 [Veto4]:49.4683 [SgUp1]:193746 [SgUp2]:195023 [SgUp3]:196989 [SgUp4]:195351 [SgLow1]:193413 [SgLow2]:194665 [SgLow3]:196667 [SgLow4]:195061 [NetMuon1]:54639 [NetMuon2]:54718 [NetMuon3]:54713 [NetMuon4]:54756
[Run]:39792 [Site]:4 [Bin]:13024 [FullTime]:3590.17 [SkipTime]:0 [Veto1]:55.6499 [Veto2]:58.5652 [Veto3]:57.6071 [Veto4]:65.552 [SgUp1]:193737 [SgUp2]:194188 [SgUp3]:195912 [SgUp4]:194563 [SgLow1]:193425 [SgLow2]:193887 [SgLow3]:195615 [SgLow4]:194251 [NetMuon1]:54939 [NetMuon2]:54887 [NetMuon3]:54946 [NetMuon4]:54812
[Run]:39792 [Site]:4 [Bin]:13025 [FullTime]:3590.17 [SkipTime]:0 [Veto1]:61.4341 [Veto2]:59.4089 [Veto3]:60.445 [Veto4]:48.5472 [SgUp1]:193294 [SgUp2]:195008 [SgUp3]:195452 [SgUp4]:196052 [SgLow1]:192990 [SgLow2]:194703 [SgLow3]:195130 [SgLow4]:195795 [NetMuon1]:54643 [NetMuon2]:54656 [NetMuon3]:54650 [NetMuon4]:54835
[Run]:39792 [Site]:4 [Bin]:13026 [FullTime]:3590.18 [SkipTime]:0 [Veto1]:56.7876 [Veto2]:58.8036 [Veto3]:59.6705 [Veto4]:57.7225 [SgUp1]:193707 [SgUp2]:194810 [SgUp3]:194500 [SgUp4]:195462 [SgLow1]:193393 [SgLow2]:194508 [SgLow3]:194203 [SgLow4]:195191 [NetMuon1]:55169 [NetMuon2]:55130 [NetMuon3]:55103 [NetMuon4]:55138
[Run]:39792 [Site]:4 [Bin]:13027 [FullTime]:3590.16 [SkipTime]:0 [Veto1]:54.6257 [Veto2]:56.6115 [Veto3]:62.5157 [Veto4]:56.5558 [SgUp1]:194128 [SgUp2]:194231 [SgUp3]:194042 [SgUp4]:195423 [SgLow1]:193820 [SgLow2]:193897 [SgLow3]:193750 [SgLow4]:195110 [NetMuon1]:54947 [NetMuon2]:54932 [NetMuon3]:54808 [NetMuon4]:54909
[Run]:39792 [Site]:4 [Bin]:13028 [FullTime]:3590.17 [SkipTime]:0 [Veto1]:61.5019 [Veto2]:65.4385 [Veto3]:55.5657 [Veto4]:55.572 [SgUp1]:192740 [SgUp2]:194671 [SgUp3]:195682 [SgUp4]:195993 [SgLow1]:192480 [SgLow2]:194426 [SgLow3]:195411 [SgLow4]:195667 [NetMuon1]:54817 [NetMuon2]:54742 [NetMuon3]:54926 [NetMuon4]:54916
[Run]:39792 [Site]:4 [Bin]:13029 [FullTime]:3590.17 [SkipTime]:0 [Veto1]:56.4352 [Veto2]:61.3315 [Veto3]:58.4664 [Veto4]:51.4939 [SgUp1]:193523 [SgUp2]:195138 [SgUp3]:195700 [SgUp4]:196394 [SgLow1]:193160 [SgLow2]:194832 [SgLow3]:195400 [SgLow4]:196094 [NetMuon1]:54624 [NetMuon2]:54540 [NetMuon3]:54548 [NetMuon4]:54656
[Run]:39792 [Site]:4 [Bin]:13030 [FullTime]:3590.17 [SkipTime]:0 [Veto1]:73.4359 [Veto2]:56.5875 [Veto3]:54.6212 [Veto4]:55.6106 [SgUp1]:193074 [SgUp2]:194970 [SgUp3]:195521 [SgUp4]:195705 [SgLow1]:192763 [SgLow2]:194665 [SgLow3]:195264 [SgLow4]:195449 [NetMuon1]:54650 [NetMuon2]:54936 [NetMuon3]:54949 [NetMuon4]:54941
[Run]:39792 [Site]:4 [Bin]:13031 [FullTime]:3590.17 [SkipTime]:0 [Veto1]:54.3863 [Veto2]:59.2929 [Veto3]:55.3305 [Veto4]:58.3041 [SgUp1]:194149 [SgUp2]:195154 [SgUp3]:195994 [SgUp4]:195322 [SgLow1]:193848 [SgLow2]:194846 [SgLow3]:195694 [SgLow4]:194989 [NetMuon1]:54523 [NetMuon2]:54442 [NetMuon3]:54551 [NetMuon4]:54450
[Run]:39792 [Site]:4 [Bin]:13032 [FullTime]:3590.17 [SkipTime]:0 [Veto1]:60.3332 [Veto2]:60.3113 [Veto3]:56.5094 [Veto4]:62.3651 [SgUp1]:193971 [SgUp2]:194414 [SgUp3]:195482 [SgUp4]:195117 [SgLow1]:193632 [SgLow2]:194108 [SgLow3]:195199 [SgLow4]:194807 [NetMuon1]:54530 [NetMuon2]:54523 [NetMuon3]:54589 [NetMuon4]:54513
[Run]:39792 [Site]:4 [Bin]:13033 [FullTime]:3590.17 [SkipTime]:0 [Veto1]:52.6048 [Veto2]:60.4559 [Veto3]:72.287 [Veto4]:59.4557 [SgUp1]:194286 [SgUp2]:194542 [SgUp3]:194563 [SgUp4]:195599 [SgLow1]:193956 [SgLow2]:194229 [SgLow3]:194253 [SgLow4]:195324 [NetMuon1]:54823 [NetMuon2]:54679 [NetMuon3]:54486 [NetMuon4]:54758
[Run]:39792 [Site]:4 [Bin]:13034 [FullTime]:3590.17 [SkipTime]:0 [Veto1]:58.4209 [Veto2]:55.4801 [Veto3]:55.4222 [Veto4]:54.494 [SgUp1]:194308 [SgUp2]:194193 [SgUp3]:195899 [SgUp4]:195569 [SgLow1]:193995 [SgLow2]:193896 [SgLow3]:195588 [SgLow4]:195244 [NetMuon1]:54632 [NetMuon2]:54690 [NetMuon3]:54698 [NetMuon4]:54703
[Run]:39792 [Site]:4 [Bin]:13035 [FullTime]:3590.17 [SkipTime]:0 [Veto1]:57.4471 [Veto2]:57.4499 [Veto3]:57.4453 [Veto4]:50.4722 [SgUp1]:193177 [SgUp2]:194935 [SgUp3]:195890 [SgUp4]:196363 [SgLow1]:192852 [SgLow2]:194617 [SgLow3]:195630 [SgLow4]:196029 [NetMuon1]:54632 [NetMuon2]:54654 [NetMuon3]:54631 [NetMuon4]:54763
[Run]:39792 [Site]:4 [Bin]:13036 [FullTime]:3590.18 [SkipTime]:0 [Veto1]:47.7818 [Veto2]:50.7141 [Veto3]:47.7258 [Veto4]:53.7239 [SgUp1]:194834 [SgUp2]:195512 [SgUp3]:196504 [SgUp4]:196538 [SgLow1]:194517 [SgLow2]:195227 [SgLow3]:196208 [SgLow4]:196253 [NetMuon1]:55168 [NetMuon2]:55114 [NetMuon3]:55161 [NetMuon4]:55092
[Run]:39792 [Site]:4 [Bin]:13037 [FullTime]:3590.17 [SkipTime]:0 [Veto1]:56.3254 [Veto2]:58.238 [Veto3]:65.1901 [Veto4]:50.3666 [SgUp1]:194548 [SgUp2]:194420 [SgUp3]:194886 [SgUp4]:196021 [SgLow1]:194208 [SgLow2]:194153 [SgLow3]:194593 [SgLow4]:195693 [NetMuon1]:54483 [NetMuon2]:54435 [NetMuon3]:54339 [NetMuon4]:54573
[Run]:39792 [Site]:4 [Bin]:13038 [FullTime]:3590.17 [SkipTime]:0 [Veto1]:56.6817 [Veto2]:58.2456 [Veto3]:53.3296 [Veto4]:51.3639 [SgUp1]:194336 [SgUp2]:195384 [SgUp3]:196004 [SgUp4]:195702 [SgLow1]:194036 [SgLow2]:195056 [SgLow3]:195715 [SgLow4]:195398 [NetMuon1]:54460 [NetMuon2]:54361 [NetMuon3]:54519 [NetMuon4]:54510
[Run]:39792 [Site]:4 [Bin]:13039 [FullTime]:3590.17 [SkipTime]:0 [Veto1]:53.3602 [Veto2]:59.2487 [Veto3]:57.2547 [Veto4]:47.254 [SgUp1]:194129 [SgUp2]:195130 [SgUp3]:195632 [SgUp4]:196212 [SgLow1]:193787 [SgLow2]:194869 [SgLow3]:195332 [SgLow4]:195931 [NetMuon1]:54520 [NetMuon2]:54451 [NetMuon3]:54457 [NetMuon4]:54591
[Run]:39792 [Site]:4 [Bin]:13040 [FullTime]:3590.17 [SkipTime]:0 [Veto1]:54.7681 [Veto2]:54.725 [Veto3]:50.7508 [Veto4]:54.1738 [SgUp1]:193733 [SgUp2]:194773 [SgUp3]:195946 [SgUp4]:196164 [SgLow1]:193412 [SgLow2]:194494 [SgLow3]:195677 [SgLow4]:195864 [NetMuon1]:55125 [NetMuon2]:55140 [NetMuon3]:55170 [NetMuon4]:55116
[Run]:39792 [Site]:4 [Bin]:13041 [FullTime]:3590.17 [SkipTime]:0 [Veto1]:52.4674 [Veto2]:55.495 [Veto3]:56.469 [Veto4]:55.4749 [SgUp1]:194236 [SgUp2]:195435 [SgUp3]:195531 [SgUp4]:195943 [SgLow1]:193916 [SgLow2]:195118 [SgLow3]:195238 [SgLow4]:195626 [NetMuon1]:54767 [NetMuon2]:54735 [NetMuon3]:54743 [NetMuon4]:54743
[Run]:39792 [Site]:4 [Bin]:13042 [FullTime]:3590.17 [SkipTime]:0 [Veto1]:57.5119 [Veto2]:55.4856 [Veto3]:57.0126 [Veto4]:52.4747 [SgUp1]:193711 [SgUp2]:194643 [SgUp3]:195242 [SgUp4]:195531 [SgLow1]:193410 [SgLow2]:194358 [SgLow3]:194936 [SgLow4]:195286 [NetMuon1]:54726 [NetMuon2]:54762 [NetMuon3]:54719 [NetMuon4]:54828
[Run]:39792 [Site]:4 [Bin]:13043 [FullTime]:3590.17 [SkipTime]:0 [Veto1]:57.3605 [Veto2]:53.4608 [Veto3]:56.3995 [Veto4]:61.2855 [SgUp1]:193299 [SgUp2]:195219 [SgUp3]:196002 [SgUp4]:194979 [SgLow1]:193001 [SgLow2]:194875 [SgLow3]:195682 [SgLow4]:194691 [NetMuon1]:54565 [NetMuon2]:54690 [NetMuon3]:54588 [NetMuon4]:54495
[Run]:39792 [Site]:4 [Bin]:13044 [FullTime]:3590.17 [SkipTime]:0 [Veto1]:55.6764 [Veto2]:57.6058 [Veto3]:57.8113 [Veto4]:47.7432 [SgUp1]:194110 [SgUp2]:194274 [SgUp3]:194747 [SgUp4]:197066 [SgLow1]:193814 [SgLow2]:193936 [SgLow3]:194456 [SgLow4]:196773 [NetMuon1]:54999 [NetMuon2]:54954 [NetMuon3]:54962 [NetMuon4]:55110
[Run]:39792 [Site]:4 [Bin]:13046 [FullTime]:3496.47 [SkipTime]:0 [Veto1]:58.358 [Veto2]:53.3402 [Veto3]:55.3334 [Veto4]:55.5579 [SgUp1]:188953 [SgUp2]:188161 [SgUp3]:189613 [SgUp4]:190885 [SgLow1]:188662 [SgLow2]:187826 [SgLow3]:189294 [SgLow4]:190616 [NetMuon1]:52872 [NetMuon2]:52960 [NetMuon3]:52933 [NetMuon4]:52931
End process Run: 39792 ... 
[Run]:39792 [Site]:4 [Bin]:13047 [FullTime]:3496.2 [SkipTime]:0 [Veto1]:56.4536 [Veto2]:52.8834 [Veto3]:55.3969 [Veto4]:59.3962
