StreamChain add 0xa9537e0
Start to process run: 39794 ... 
[Run]:39794 [Site]:4 [Bin]:13047 [FullTime]:52.5252 [SkipTime]:0 [Veto1]:1.5224 [Veto2]:2.50129 [Veto3]:0.517556 [Veto4]:0.516627 [SgUp1]:2914 [SgUp2]:2879 [SgUp3]:2912 [SgUp4]:2871 [SgLow1]:2906 [SgLow2]:2879 [SgLow3]:2905 [SgLow4]:2866 [NetMuon1]:815 [NetMuon2]:799 [NetMuon3]:827 [NetMuon4]:828
[Run]:39794 [Site]:4 [Bin]:13048 [FullTime]:3590.17 [SkipTime]:0 [Veto1]:49.7 [Veto2]:50.6562 [Veto3]:63.5494 [Veto4]:59.5197 [SgUp1]:194177 [SgUp2]:194330 [SgUp3]:194630 [SgUp4]:196398 [SgLow1]:193849 [SgLow2]:194027 [SgLow3]:194345 [SgLow4]:196107 [NetMuon1]:55072 [NetMuon2]:55033 [NetMuon3]:54842 [NetMuon4]:54937
[Run]:39794 [Site]:4 [Bin]:13049 [FullTime]:3590.17 [SkipTime]:0 [Veto1]:47.6861 [Veto2]:51.6443 [Veto3]:62.521 [Veto4]:63.7445 [SgUp1]:194392 [SgUp2]:193684 [SgUp3]:195414 [SgUp4]:195183 [SgLow1]:194069 [SgLow2]:193357 [SgLow3]:195151 [SgLow4]:194903 [NetMuon1]:55075 [NetMuon2]:55039 [NetMuon3]:54814 [NetMuon4]:54787
[Run]:39794 [Site]:4 [Bin]:13050 [FullTime]:3590.17 [SkipTime]:0 [Veto1]:59.5519 [Veto2]:46.6027 [Veto3]:62.3918 [Veto4]:56.5103 [SgUp1]:193451 [SgUp2]:194759 [SgUp3]:194645 [SgUp4]:195336 [SgLow1]:193161 [SgLow2]:194442 [SgLow3]:194354 [SgLow4]:195026 [NetMuon1]:54804 [NetMuon2]:54950 [NetMuon3]:54727 [NetMuon4]:54813
[Run]:39794 [Site]:4 [Bin]:13051 [FullTime]:3590.17 [SkipTime]:0 [Veto1]:56.1463 [Veto2]:52.0694 [Veto3]:58.0776 [Veto4]:59.9926 [SgUp1]:194189 [SgUp2]:194122 [SgUp3]:195269 [SgUp4]:195454 [SgLow1]:193874 [SgLow2]:193824 [SgLow3]:194952 [SgLow4]:195168 [NetMuon1]:54067 [NetMuon2]:54106 [NetMuon3]:54030 [NetMuon4]:54003
[Run]:39794 [Site]:4 [Bin]:13052 [FullTime]:3590.17 [SkipTime]:0 [Veto1]:51.1952 [Veto2]:62.3374 [Veto3]:54.1776 [Veto4]:59.1407 [SgUp1]:194106 [SgUp2]:193966 [SgUp3]:195972 [SgUp4]:196410 [SgLow1]:193798 [SgLow2]:193656 [SgLow3]:195687 [SgLow4]:196118 [NetMuon1]:54286 [NetMuon2]:54141 [NetMuon3]:54259 [NetMuon4]:54221
[Run]:39794 [Site]:4 [Bin]:13053 [FullTime]:3590.17 [SkipTime]:0 [Veto1]:56.6067 [Veto2]:51.6444 [Veto3]:58.4839 [Veto4]:57.5686 [SgUp1]:193866 [SgUp2]:194560 [SgUp3]:196095 [SgUp4]:195426 [SgLow1]:193623 [SgLow2]:194269 [SgLow3]:195803 [SgLow4]:195117 [NetMuon1]:54901 [NetMuon2]:55006 [NetMuon3]:54852 [NetMuon4]:54930
[Run]:39794 [Site]:4 [Bin]:13054 [FullTime]:3590.17 [SkipTime]:0 [Veto1]:54.4825 [Veto2]:58.44 [Veto3]:52.5408 [Veto4]:54.4662 [SgUp1]:194227 [SgUp2]:194292 [SgUp3]:195011 [SgUp4]:194607 [SgLow1]:193906 [SgLow2]:193950 [SgLow3]:194676 [SgLow4]:194327 [NetMuon1]:54776 [NetMuon2]:54722 [NetMuon3]:54777 [NetMuon4]:54765
[Run]:39794 [Site]:4 [Bin]:13055 [FullTime]:3590.17 [SkipTime]:0 [Veto1]:55.3501 [Veto2]:50.347 [Veto3]:48.3969 [Veto4]:55.3196 [SgUp1]:193893 [SgUp2]:194755 [SgUp3]:195841 [SgUp4]:194606 [SgLow1]:193569 [SgLow2]:194441 [SgLow3]:195522 [SgLow4]:194295 [NetMuon1]:54489 [NetMuon2]:54551 [NetMuon3]:54579 [NetMuon4]:54502
[Run]:39794 [Site]:4 [Bin]:13056 [FullTime]:3590.17 [SkipTime]:0 [Veto1]:60.4939 [Veto2]:64.4053 [Veto3]:58.4422 [Veto4]:58.4951 [SgUp1]:192929 [SgUp2]:194507 [SgUp3]:195045 [SgUp4]:194496 [SgLow1]:192634 [SgLow2]:194183 [SgLow3]:194773 [SgLow4]:194226 [NetMuon1]:54667 [NetMuon2]:54601 [NetMuon3]:54723 [NetMuon4]:54711
[Run]:39794 [Site]:4 [Bin]:13057 [FullTime]:3590.17 [SkipTime]:0 [Veto1]:52.5112 [Veto2]:56.4383 [Veto3]:57.4098 [Veto4]:54.4311 [SgUp1]:194034 [SgUp2]:194890 [SgUp3]:195576 [SgUp4]:195136 [SgLow1]:193687 [SgLow2]:194613 [SgLow3]:195266 [SgLow4]:194826 [NetMuon1]:54731 [NetMuon2]:54693 [NetMuon3]:54653 [NetMuon4]:54707
[Run]:39794 [Site]:4 [Bin]:13058 [FullTime]:3590.17 [SkipTime]:0 [Veto1]:47.3987 [Veto2]:51.3258 [Veto3]:52.3566 [Veto4]:53.3188 [SgUp1]:193913 [SgUp2]:194854 [SgUp3]:195925 [SgUp4]:195710 [SgLow1]:193550 [SgLow2]:194558 [SgLow3]:195636 [SgLow4]:195403 [NetMuon1]:54542 [NetMuon2]:54491 [NetMuon3]:54492 [NetMuon4]:54463
[Run]:39794 [Site]:4 [Bin]:13059 [FullTime]:3590.17 [SkipTime]:0 [Veto1]:57.1817 [Veto2]:65.0558 [Veto3]:57.0861 [Veto4]:55.1607 [SgUp1]:192849 [SgUp2]:193848 [SgUp3]:196854 [SgUp4]:194045 [SgLow1]:192544 [SgLow2]:193555 [SgLow3]:196597 [SgLow4]:193763 [NetMuon1]:54207 [NetMuon2]:54088 [NetMuon3]:54189 [NetMuon4]:54253
[Run]:39794 [Site]:4 [Bin]:13060 [FullTime]:3590.17 [SkipTime]:0 [Veto1]:48.3042 [Veto2]:49.2244 [Veto3]:50.2191 [Veto4]:54.1908 [SgUp1]:194136 [SgUp2]:195218 [SgUp3]:196601 [SgUp4]:195209 [SgLow1]:193831 [SgLow2]:194885 [SgLow3]:196325 [SgLow4]:194925 [NetMuon1]:54373 [NetMuon2]:54348 [NetMuon3]:54342 [NetMuon4]:54296
[Run]:39794 [Site]:4 [Bin]:13061 [FullTime]:3590.17 [SkipTime]:0 [Veto1]:65.4465 [Veto2]:53.5059 [Veto3]:45.5976 [Veto4]:56.4443 [SgUp1]:193385 [SgUp2]:194201 [SgUp3]:196227 [SgUp4]:196078 [SgLow1]:193103 [SgLow2]:193907 [SgLow3]:195947 [SgLow4]:195808 [NetMuon1]:54612 [NetMuon2]:54766 [NetMuon3]:54902 [NetMuon4]:54758
[Run]:39794 [Site]:4 [Bin]:13062 [FullTime]:3590.17 [SkipTime]:0 [Veto1]:51.3421 [Veto2]:53.3197 [Veto3]:55.3018 [Veto4]:68.2325 [SgUp1]:193560 [SgUp2]:194513 [SgUp3]:195711 [SgUp4]:194855 [SgLow1]:193240 [SgLow2]:194234 [SgLow3]:195401 [SgLow4]:194548 [NetMuon1]:54525 [NetMuon2]:54510 [NetMuon3]:54470 [NetMuon4]:54275
[Run]:39794 [Site]:4 [Bin]:13063 [FullTime]:3590.17 [SkipTime]:0 [Veto1]:56.9981 [Veto2]:55.4948 [Veto3]:53.4529 [Veto4]:51.5574 [SgUp1]:193540 [SgUp2]:194037 [SgUp3]:195684 [SgUp4]:195331 [SgLow1]:193244 [SgLow2]:193750 [SgLow3]:195365 [SgLow4]:195050 [NetMuon1]:54721 [NetMuon2]:54729 [NetMuon3]:54736 [NetMuon4]:54819
[Run]:39794 [Site]:4 [Bin]:13064 [FullTime]:3590.17 [SkipTime]:0 [Veto1]:48.9486 [Veto2]:61.1235 [Veto3]:56.1839 [Veto4]:51.248 [SgUp1]:193854 [SgUp2]:194780 [SgUp3]:195784 [SgUp4]:194781 [SgLow1]:193536 [SgLow2]:194469 [SgLow3]:195498 [SgLow4]:194502 [NetMuon1]:54392 [NetMuon2]:54241 [NetMuon3]:54292 [NetMuon4]:54349
[Run]:39794 [Site]:4 [Bin]:13065 [FullTime]:3590.17 [SkipTime]:0 [Veto1]:54.2886 [Veto2]:52.2789 [Veto3]:59.1936 [Veto4]:55.2532 [SgUp1]:192839 [SgUp2]:193770 [SgUp3]:195605 [SgUp4]:194726 [SgLow1]:192566 [SgLow2]:193485 [SgLow3]:195291 [SgLow4]:194405 [NetMuon1]:54419 [NetMuon2]:54475 [NetMuon3]:54341 [NetMuon4]:54391
[Run]:39794 [Site]:4 [Bin]:13066 [FullTime]:3590.17 [SkipTime]:0 [Veto1]:51.463 [Veto2]:59.3852 [Veto3]:50.462 [Veto4]:57.3549 [SgUp1]:194158 [SgUp2]:194303 [SgUp3]:195861 [SgUp4]:195689 [SgLow1]:193848 [SgLow2]:194012 [SgLow3]:195548 [SgLow4]:195317 [NetMuon1]:54736 [NetMuon2]:54633 [NetMuon3]:54781 [NetMuon4]:54645
[Run]:39794 [Site]:4 [Bin]:13067 [FullTime]:3590.17 [SkipTime]:0 [Veto1]:52.363 [Veto2]:51.3444 [Veto3]:57.2715 [Veto4]:52.3641 [SgUp1]:194384 [SgUp2]:194415 [SgUp3]:195205 [SgUp4]:196459 [SgLow1]:194085 [SgLow2]:194071 [SgLow3]:194860 [SgLow4]:196147 [NetMuon1]:54480 [NetMuon2]:54491 [NetMuon3]:54404 [NetMuon4]:54509
[Run]:39794 [Site]:4 [Bin]:13068 [FullTime]:3590.17 [SkipTime]:0 [Veto1]:46.4927 [Veto2]:51.0536 [Veto3]:48.5852 [Veto4]:51.5616 [SgUp1]:195001 [SgUp2]:194380 [SgUp3]:196729 [SgUp4]:195046 [SgLow1]:194664 [SgLow2]:194002 [SgLow3]:196430 [SgLow4]:194772 [NetMuon1]:55008 [NetMuon2]:54921 [NetMuon3]:54931 [NetMuon4]:54869
[Run]:39794 [Site]:4 [Bin]:13069 [FullTime]:3590.17 [SkipTime]:0 [Veto1]:56.3189 [Veto2]:44.4061 [Veto3]:55.248 [Veto4]:53.3709 [SgUp1]:194236 [SgUp2]:193872 [SgUp3]:195688 [SgUp4]:195599 [SgLow1]:193921 [SgLow2]:193565 [SgLow3]:195395 [SgLow4]:195281 [NetMuon1]:54445 [NetMuon2]:54601 [NetMuon3]:54447 [NetMuon4]:54490
End process Run: 39794 ... 
[Run]:39794 [Site]:4 [Bin]:13070 [FullTime]:273.506 [SkipTime]:0 [Veto1]:5.69648 [Veto2]:2.73457 [Veto3]:5.70525 [Veto4]:6.69548
