StreamChain add 0xc31d7e0
Start to process run: 39698 ... 
[Run]:39698 [Site]:4 [Bin]:12878 [FullTime]:3562.32 [SkipTime]:0 [Veto1]:60.0523 [Veto2]:57.0576 [Veto3]:57.4646 [Veto4]:66.9841 [SgUp1]:192040 [SgUp2]:193068 [SgUp3]:194152 [SgUp4]:194634 [SgLow1]:191752 [SgLow2]:192790 [SgLow3]:193877 [SgLow4]:194338 [NetMuon1]:54014 [NetMuon2]:54054 [NetMuon3]:54074 [NetMuon4]:53936
[Run]:39698 [Site]:4 [Bin]:12879 [FullTime]:3590.17 [SkipTime]:0 [Veto1]:49.3137 [Veto2]:53.1859 [Veto3]:55.2473 [Veto4]:56.2228 [SgUp1]:193426 [SgUp2]:193657 [SgUp3]:196258 [SgUp4]:196709 [SgLow1]:193120 [SgLow2]:193362 [SgLow3]:195946 [SgLow4]:196419 [NetMuon1]:54429 [NetMuon2]:54380 [NetMuon3]:54340 [NetMuon4]:54332
[Run]:39698 [Site]:4 [Bin]:12880 [FullTime]:3590.17 [SkipTime]:0 [Veto1]:58.2218 [Veto2]:57.2015 [Veto3]:55.227 [Veto4]:66.0486 [SgUp1]:194204 [SgUp2]:194832 [SgUp3]:196591 [SgUp4]:196307 [SgLow1]:193893 [SgLow2]:194528 [SgLow3]:196294 [SgLow4]:196069 [NetMuon1]:54257 [NetMuon2]:54263 [NetMuon3]:54315 [NetMuon4]:54112
[Run]:39698 [Site]:4 [Bin]:12881 [FullTime]:3590.17 [SkipTime]:0 [Veto1]:46.3377 [Veto2]:59.1228 [Veto3]:60.1979 [Veto4]:55.2001 [SgUp1]:194155 [SgUp2]:195622 [SgUp3]:195987 [SgUp4]:196625 [SgLow1]:193879 [SgLow2]:195324 [SgLow3]:195669 [SgLow4]:196301 [NetMuon1]:54471 [NetMuon2]:54245 [NetMuon3]:54281 [NetMuon4]:54314
[Run]:39698 [Site]:4 [Bin]:12882 [FullTime]:3590.17 [SkipTime]:0 [Veto1]:53.5231 [Veto2]:53.4934 [Veto3]:54.4442 [Veto4]:59.395 [SgUp1]:193289 [SgUp2]:194316 [SgUp3]:195652 [SgUp4]:196023 [SgLow1]:192964 [SgLow2]:194027 [SgLow3]:195348 [SgLow4]:195671 [NetMuon1]:54776 [NetMuon2]:54787 [NetMuon3]:54738 [NetMuon4]:54641
[Run]:39698 [Site]:4 [Bin]:12883 [FullTime]:3590.17 [SkipTime]:0 [Veto1]:57.7192 [Veto2]:52.7658 [Veto3]:53.7033 [Veto4]:57.7063 [SgUp1]:194283 [SgUp2]:195433 [SgUp3]:196500 [SgUp4]:195449 [SgLow1]:193972 [SgLow2]:195155 [SgLow3]:196219 [SgLow4]:195132 [NetMuon1]:55123 [NetMuon2]:55196 [NetMuon3]:55185 [NetMuon4]:55099
[Run]:39698 [Site]:4 [Bin]:12884 [FullTime]:3590.17 [SkipTime]:0 [Veto1]:50.7388 [Veto2]:58.2448 [Veto3]:53.1978 [Veto4]:58.3791 [SgUp1]:194726 [SgUp2]:193931 [SgUp3]:196331 [SgUp4]:195521 [SgLow1]:194398 [SgLow2]:193647 [SgLow3]:196047 [SgLow4]:195248 [NetMuon1]:54559 [NetMuon2]:54402 [NetMuon3]:54474 [NetMuon4]:54410
[Run]:39698 [Site]:4 [Bin]:12885 [FullTime]:3590.17 [SkipTime]:0 [Veto1]:53.8392 [Veto2]:56.4067 [Veto3]:59.3924 [Veto4]:57.2869 [SgUp1]:194198 [SgUp2]:195460 [SgUp3]:196555 [SgUp4]:196572 [SgLow1]:193861 [SgLow2]:195150 [SgLow3]:196250 [SgLow4]:196263 [NetMuon1]:54660 [NetMuon2]:54633 [NetMuon3]:54594 [NetMuon4]:54647
[Run]:39698 [Site]:4 [Bin]:12886 [FullTime]:3590.17 [SkipTime]:0 [Veto1]:55.4397 [Veto2]:51.4499 [Veto3]:53.4127 [Veto4]:51.4211 [SgUp1]:194538 [SgUp2]:194834 [SgUp3]:196449 [SgUp4]:196490 [SgLow1]:194224 [SgLow2]:194552 [SgLow3]:196150 [SgLow4]:196179 [NetMuon1]:54624 [NetMuon2]:54679 [NetMuon3]:54660 [NetMuon4]:54634
[Run]:39698 [Site]:4 [Bin]:12887 [FullTime]:3590.17 [SkipTime]:0 [Veto1]:43.2094 [Veto2]:60.9789 [Veto3]:51.0983 [Veto4]:57.9869 [SgUp1]:194295 [SgUp2]:194962 [SgUp3]:196991 [SgUp4]:195785 [SgLow1]:193987 [SgLow2]:194640 [SgLow3]:196676 [SgLow4]:195513 [NetMuon1]:54227 [NetMuon2]:53950 [NetMuon3]:54088 [NetMuon4]:54002
[Run]:39698 [Site]:4 [Bin]:12888 [FullTime]:3590.17 [SkipTime]:0 [Veto1]:50.329 [Veto2]:52.2276 [Veto3]:58.1908 [Veto4]:54.2351 [SgUp1]:195215 [SgUp2]:195378 [SgUp3]:196131 [SgUp4]:196244 [SgLow1]:194909 [SgLow2]:195099 [SgLow3]:195835 [SgLow4]:195963 [NetMuon1]:54472 [NetMuon2]:54408 [NetMuon3]:54327 [NetMuon4]:54378
[Run]:39698 [Site]:4 [Bin]:12889 [FullTime]:3590.17 [SkipTime]:0 [Veto1]:54.2107 [Veto2]:62.2595 [Veto3]:58.14 [Veto4]:48.1783 [SgUp1]:193298 [SgUp2]:194092 [SgUp3]:195544 [SgUp4]:196749 [SgLow1]:193070 [SgLow2]:193772 [SgLow3]:195243 [SgLow4]:196451 [NetMuon1]:54247 [NetMuon2]:54081 [NetMuon3]:54193 [NetMuon4]:54330
[Run]:39698 [Site]:4 [Bin]:12890 [FullTime]:3590.17 [SkipTime]:0 [Veto1]:55.3454 [Veto2]:56.3127 [Veto3]:51.3616 [Veto4]:56.3467 [SgUp1]:194128 [SgUp2]:195070 [SgUp3]:195887 [SgUp4]:196625 [SgLow1]:193791 [SgLow2]:194757 [SgLow3]:195600 [SgLow4]:196346 [NetMuon1]:54489 [NetMuon2]:54478 [NetMuon3]:54560 [NetMuon4]:54502
[Run]:39698 [Site]:4 [Bin]:12891 [FullTime]:3590.17 [SkipTime]:0 [Veto1]:53.3663 [Veto2]:56.2953 [Veto3]:57.2354 [Veto4]:57.268 [SgUp1]:193912 [SgUp2]:195872 [SgUp3]:196045 [SgUp4]:196157 [SgLow1]:193593 [SgLow2]:195605 [SgLow3]:195710 [SgLow4]:195905 [NetMuon1]:54491 [NetMuon2]:54445 [NetMuon3]:54382 [NetMuon4]:54407
[Run]:39698 [Site]:4 [Bin]:12892 [FullTime]:3590.17 [SkipTime]:0 [Veto1]:53.239 [Veto2]:44.2899 [Veto3]:53.1402 [Veto4]:60.0991 [SgUp1]:194086 [SgUp2]:196352 [SgUp3]:196200 [SgUp4]:195669 [SgLow1]:193776 [SgLow2]:196003 [SgLow3]:195894 [SgLow4]:195324 [NetMuon1]:54255 [NetMuon2]:54375 [NetMuon3]:54233 [NetMuon4]:54112
[Run]:39698 [Site]:4 [Bin]:12893 [FullTime]:3590.17 [SkipTime]:0 [Veto1]:65.2989 [Veto2]:52.4326 [Veto3]:56.3754 [Veto4]:57.3481 [SgUp1]:193644 [SgUp2]:195063 [SgUp3]:195727 [SgUp4]:195897 [SgLow1]:193357 [SgLow2]:194762 [SgLow3]:195417 [SgLow4]:195602 [NetMuon1]:54439 [NetMuon2]:54600 [NetMuon3]:54550 [NetMuon4]:54575
[Run]:39698 [Site]:4 [Bin]:12894 [FullTime]:3590.17 [SkipTime]:0 [Veto1]:54.1715 [Veto2]:54.1293 [Veto3]:53.1669 [Veto4]:54.19 [SgUp1]:194089 [SgUp2]:195418 [SgUp3]:197016 [SgUp4]:195999 [SgLow1]:193808 [SgLow2]:195122 [SgLow3]:196734 [SgLow4]:195679 [NetMuon1]:54218 [NetMuon2]:54236 [NetMuon3]:54224 [NetMuon4]:54234
[Run]:39698 [Site]:4 [Bin]:12895 [FullTime]:3590.17 [SkipTime]:0 [Veto1]:51.508 [Veto2]:55.4347 [Veto3]:57.4013 [Veto4]:59.3991 [SgUp1]:194875 [SgUp2]:195444 [SgUp3]:195951 [SgUp4]:196030 [SgLow1]:194547 [SgLow2]:195110 [SgLow3]:195661 [SgLow4]:195734 [NetMuon1]:54731 [NetMuon2]:54661 [NetMuon3]:54593 [NetMuon4]:54580
[Run]:39698 [Site]:4 [Bin]:12896 [FullTime]:3590.17 [SkipTime]:0 [Veto1]:52.0836 [Veto2]:59.0388 [Veto3]:57.9849 [Veto4]:58.4329 [SgUp1]:194229 [SgUp2]:194529 [SgUp3]:196942 [SgUp4]:195982 [SgLow1]:193903 [SgLow2]:194201 [SgLow3]:196604 [SgLow4]:195694 [NetMuon1]:54011 [NetMuon2]:53962 [NetMuon3]:53927 [NetMuon4]:53933
[Run]:39698 [Site]:4 [Bin]:12897 [FullTime]:3590.17 [SkipTime]:0 [Veto1]:56.3964 [Veto2]:52.2886 [Veto3]:55.1753 [Veto4]:53.2517 [SgUp1]:194535 [SgUp2]:194917 [SgUp3]:195561 [SgUp4]:195435 [SgLow1]:194244 [SgLow2]:194600 [SgLow3]:195238 [SgLow4]:195125 [NetMuon1]:54303 [NetMuon2]:54395 [NetMuon3]:54302 [NetMuon4]:54351
[Run]:39698 [Site]:4 [Bin]:12898 [FullTime]:3590.17 [SkipTime]:0 [Veto1]:56.8507 [Veto2]:52.3614 [Veto3]:58.3486 [Veto4]:51.4329 [SgUp1]:193791 [SgUp2]:195656 [SgUp3]:195777 [SgUp4]:196049 [SgLow1]:193483 [SgLow2]:195352 [SgLow3]:195504 [SgLow4]:195822 [NetMuon1]:54483 [NetMuon2]:54602 [NetMuon3]:54484 [NetMuon4]:54610
[Run]:39698 [Site]:4 [Bin]:12899 [FullTime]:3590.17 [SkipTime]:0 [Veto1]:53.4937 [Veto2]:54.5133 [Veto3]:58.3919 [Veto4]:58.374 [SgUp1]:193795 [SgUp2]:195157 [SgUp3]:196128 [SgUp4]:196524 [SgLow1]:193485 [SgLow2]:194861 [SgLow3]:195835 [SgLow4]:196220 [NetMuon1]:54693 [NetMuon2]:54744 [NetMuon3]:54610 [NetMuon4]:54607
[Run]:39698 [Site]:4 [Bin]:12900 [FullTime]:3590.17 [SkipTime]:0 [Veto1]:60.0728 [Veto2]:63.0078 [Veto3]:61.0818 [Veto4]:54.1128 [SgUp1]:193264 [SgUp2]:194126 [SgUp3]:195498 [SgUp4]:195391 [SgLow1]:192959 [SgLow2]:193799 [SgLow3]:195165 [SgLow4]:195114 [NetMuon1]:54112 [NetMuon2]:54058 [NetMuon3]:54126 [NetMuon4]:54179
[Run]:39698 [Site]:4 [Bin]:12901 [FullTime]:3590.17 [SkipTime]:0 [Veto1]:58.3831 [Veto2]:50.4775 [Veto3]:61.3544 [Veto4]:58.3789 [SgUp1]:193129 [SgUp2]:195015 [SgUp3]:194836 [SgUp4]:195289 [SgLow1]:192839 [SgLow2]:194698 [SgLow3]:194501 [SgLow4]:195008 [NetMuon1]:54584 [NetMuon2]:54707 [NetMuon3]:54546 [NetMuon4]:54560
[Run]:39698 [Site]:4 [Bin]:12902 [FullTime]:3590.17 [SkipTime]:0 [Veto1]:48.6329 [Veto2]:59.1938 [Veto3]:50.5678 [Veto4]:60.8607 [SgUp1]:194619 [SgUp2]:194220 [SgUp3]:196318 [SgUp4]:195636 [SgLow1]:194321 [SgLow2]:193933 [SgLow3]:196028 [SgLow4]:195358 [NetMuon1]:54923 [NetMuon2]:54782 [NetMuon3]:54882 [NetMuon4]:54727
End process Run: 39698 ... 
[Run]:39698 [Site]:4 [Bin]:12903 [FullTime]:787.051 [SkipTime]:0 [Veto1]:10.5365 [Veto2]:10.5199 [Veto3]:14.5053 [Veto4]:9.54403
