StreamChain add 0x520c7e0
Start to process run: 40257 ... 
[Run]:40257 [Site]:4 [Bin]:13528 [FullTime]:2283.66 [SkipTime]:0 [Veto1]:34.1814 [Veto2]:35.1471 [Veto3]:30.1758 [Veto4]:30.2139 [SgUp1]:123105 [SgUp2]:124189 [SgUp3]:125226 [SgUp4]:126029 [SgLow1]:122917 [SgLow2]:124017 [SgLow3]:125015 [SgLow4]:125847 [NetMuon1]:35206 [NetMuon2]:35165 [NetMuon3]:35262 [NetMuon4]:35292
[Run]:40257 [Site]:4 [Bin]:13529 [FullTime]:3590.17 [SkipTime]:0 [Veto1]:66.298 [Veto2]:59.9074 [Veto3]:52.0316 [Veto4]:57.904 [SgUp1]:193799 [SgUp2]:193992 [SgUp3]:195367 [SgUp4]:196286 [SgLow1]:193483 [SgLow2]:193712 [SgLow3]:195066 [SgLow4]:196003 [NetMuon1]:55386 [NetMuon2]:55458 [NetMuon3]:55634 [NetMuon4]:55499
[Run]:40257 [Site]:4 [Bin]:13530 [FullTime]:3590.17 [SkipTime]:0 [Veto1]:53.8942 [Veto2]:52.8309 [Veto3]:58.3074 [Veto4]:54.8545 [SgUp1]:195063 [SgUp2]:195345 [SgUp3]:196032 [SgUp4]:197595 [SgLow1]:194718 [SgLow2]:195035 [SgLow3]:195717 [SgLow4]:197261 [NetMuon1]:55332 [NetMuon2]:55339 [NetMuon3]:55252 [NetMuon4]:55326
[Run]:40257 [Site]:4 [Bin]:13531 [FullTime]:3590.17 [SkipTime]:0 [Veto1]:54.073 [Veto2]:42.0688 [Veto3]:51.0054 [Veto4]:51.0391 [SgUp1]:194067 [SgUp2]:195273 [SgUp3]:196406 [SgUp4]:196696 [SgLow1]:193796 [SgLow2]:194986 [SgLow3]:196069 [SgLow4]:196441 [NetMuon1]:55565 [NetMuon2]:55767 [NetMuon3]:55628 [NetMuon4]:55649
[Run]:40257 [Site]:4 [Bin]:13532 [FullTime]:3590.17 [SkipTime]:0 [Veto1]:54.9124 [Veto2]:63.7699 [Veto3]:53.8649 [Veto4]:56.8603 [SgUp1]:194206 [SgUp2]:194148 [SgUp3]:196043 [SgUp4]:195788 [SgLow1]:193885 [SgLow2]:193854 [SgLow3]:195759 [SgLow4]:195502 [NetMuon1]:55366 [NetMuon2]:55219 [NetMuon3]:55385 [NetMuon4]:55329
[Run]:40257 [Site]:4 [Bin]:13533 [FullTime]:3590.17 [SkipTime]:0 [Veto1]:53.628 [Veto2]:52.6497 [Veto3]:49.5889 [Veto4]:56.7472 [SgUp1]:194020 [SgUp2]:195565 [SgUp3]:196508 [SgUp4]:196891 [SgLow1]:193731 [SgLow2]:195240 [SgLow3]:196203 [SgLow4]:196610 [NetMuon1]:54999 [NetMuon2]:54999 [NetMuon3]:55020 [NetMuon4]:54955
[Run]:40257 [Site]:4 [Bin]:13534 [FullTime]:3590.17 [SkipTime]:0 [Veto1]:53.9813 [Veto2]:50.6453 [Veto3]:52.963 [Veto4]:57.8581 [SgUp1]:195136 [SgUp2]:195694 [SgUp3]:195042 [SgUp4]:196105 [SgLow1]:194841 [SgLow2]:195397 [SgLow3]:194759 [SgLow4]:195783 [NetMuon1]:55526 [NetMuon2]:55596 [NetMuon3]:55546 [NetMuon4]:55452
[Run]:40257 [Site]:4 [Bin]:13535 [FullTime]:3590.17 [SkipTime]:0 [Veto1]:54.1994 [Veto2]:63.1485 [Veto3]:58.1834 [Veto4]:51.2367 [SgUp1]:194112 [SgUp2]:194495 [SgUp3]:195912 [SgUp4]:196458 [SgLow1]:193838 [SgLow2]:194201 [SgLow3]:195581 [SgLow4]:196146 [NetMuon1]:55951 [NetMuon2]:55823 [NetMuon3]:55905 [NetMuon4]:56037
[Run]:40257 [Site]:4 [Bin]:13536 [FullTime]:3590.17 [SkipTime]:0 [Veto1]:58.9157 [Veto2]:59.9454 [Veto3]:60.389 [Veto4]:56.9645 [SgUp1]:193468 [SgUp2]:194821 [SgUp3]:194780 [SgUp4]:196138 [SgLow1]:193151 [SgLow2]:194530 [SgLow3]:194457 [SgLow4]:195878 [NetMuon1]:55451 [NetMuon2]:55465 [NetMuon3]:55447 [NetMuon4]:55506
[Run]:40257 [Site]:4 [Bin]:13537 [FullTime]:3590.17 [SkipTime]:0 [Veto1]:56.0867 [Veto2]:55.0479 [Veto3]:59.0118 [Veto4]:54.0656 [SgUp1]:194716 [SgUp2]:195133 [SgUp3]:194996 [SgUp4]:195262 [SgLow1]:194427 [SgLow2]:194852 [SgLow3]:194672 [SgLow4]:194908 [NetMuon1]:55628 [NetMuon2]:55688 [NetMuon3]:55632 [NetMuon4]:55680
[Run]:40257 [Site]:4 [Bin]:13538 [FullTime]:3590.17 [SkipTime]:0 [Veto1]:57.0096 [Veto2]:54.0764 [Veto3]:53.0742 [Veto4]:51.037 [SgUp1]:193860 [SgUp2]:195196 [SgUp3]:196032 [SgUp4]:196661 [SgLow1]:193602 [SgLow2]:194881 [SgLow3]:195738 [SgLow4]:196374 [NetMuon1]:55604 [NetMuon2]:55646 [NetMuon3]:55716 [NetMuon4]:55739
[Run]:40257 [Site]:4 [Bin]:13539 [FullTime]:3590.17 [SkipTime]:0 [Veto1]:63.8293 [Veto2]:53.8704 [Veto3]:52.8793 [Veto4]:51.8911 [SgUp1]:194054 [SgUp2]:195078 [SgUp3]:196280 [SgUp4]:196618 [SgLow1]:193744 [SgLow2]:194755 [SgLow3]:196024 [SgLow4]:196328 [NetMuon1]:55311 [NetMuon2]:55457 [NetMuon3]:55456 [NetMuon4]:55462
[Run]:40257 [Site]:4 [Bin]:13540 [FullTime]:3590.17 [SkipTime]:0 [Veto1]:59.1669 [Veto2]:55.1877 [Veto3]:57.1517 [Veto4]:58.1242 [SgUp1]:194028 [SgUp2]:194397 [SgUp3]:195327 [SgUp4]:196053 [SgLow1]:193742 [SgLow2]:194109 [SgLow3]:195021 [SgLow4]:195777 [NetMuon1]:55785 [NetMuon2]:55852 [NetMuon3]:55837 [NetMuon4]:55830
[Run]:40257 [Site]:4 [Bin]:13541 [FullTime]:3590.17 [SkipTime]:0 [Veto1]:52.6554 [Veto2]:58.1512 [Veto3]:53.598 [Veto4]:50.6275 [SgUp1]:194150 [SgUp2]:195380 [SgUp3]:195248 [SgUp4]:196478 [SgLow1]:193823 [SgLow2]:195060 [SgLow3]:194925 [SgLow4]:196209 [NetMuon1]:54985 [NetMuon2]:54899 [NetMuon3]:54969 [NetMuon4]:55003
[Run]:40257 [Site]:4 [Bin]:13542 [FullTime]:3590.17 [SkipTime]:0 [Veto1]:55.8812 [Veto2]:53.8935 [Veto3]:62.1826 [Veto4]:51.9005 [SgUp1]:193407 [SgUp2]:195207 [SgUp3]:195759 [SgUp4]:196907 [SgLow1]:193119 [SgLow2]:194879 [SgLow3]:195477 [SgLow4]:196609 [NetMuon1]:55354 [NetMuon2]:55423 [NetMuon3]:55241 [NetMuon4]:55402
[Run]:40257 [Site]:4 [Bin]:13543 [FullTime]:3590.17 [SkipTime]:0 [Veto1]:67.5474 [Veto2]:49.6886 [Veto3]:58.568 [Veto4]:58.6085 [SgUp1]:194426 [SgUp2]:194902 [SgUp3]:194887 [SgUp4]:197250 [SgLow1]:194121 [SgLow2]:194596 [SgLow3]:194571 [SgLow4]:196957 [NetMuon1]:54771 [NetMuon2]:55053 [NetMuon3]:54917 [NetMuon4]:54938
[Run]:40257 [Site]:4 [Bin]:13544 [FullTime]:3590.17 [SkipTime]:0 [Veto1]:59.5301 [Veto2]:56.4979 [Veto3]:52.5749 [Veto4]:54.5442 [SgUp1]:194213 [SgUp2]:194788 [SgUp3]:195685 [SgUp4]:196595 [SgLow1]:193927 [SgLow2]:194494 [SgLow3]:195409 [SgLow4]:196295 [NetMuon1]:54776 [NetMuon2]:54835 [NetMuon3]:54954 [NetMuon4]:54891
[Run]:40257 [Site]:4 [Bin]:13545 [FullTime]:3590.17 [SkipTime]:0 [Veto1]:56.5139 [Veto2]:52.5327 [Veto3]:52.5564 [Veto4]:53.5206 [SgUp1]:194018 [SgUp2]:195289 [SgUp3]:195581 [SgUp4]:197114 [SgLow1]:193693 [SgLow2]:194974 [SgLow3]:195316 [SgLow4]:196812 [NetMuon1]:54750 [NetMuon2]:54820 [NetMuon3]:54848 [NetMuon4]:54823
[Run]:40257 [Site]:4 [Bin]:13546 [FullTime]:3590.17 [SkipTime]:0 [Veto1]:54.811 [Veto2]:63.3935 [Veto3]:53.4917 [Veto4]:57.4765 [SgUp1]:194778 [SgUp2]:194793 [SgUp3]:195044 [SgUp4]:197057 [SgLow1]:194506 [SgLow2]:194521 [SgLow3]:194795 [SgLow4]:196746 [NetMuon1]:54725 [NetMuon2]:54633 [NetMuon3]:54781 [NetMuon4]:54725
[Run]:40257 [Site]:4 [Bin]:13547 [FullTime]:3590.17 [SkipTime]:0 [Veto1]:58.4219 [Veto2]:51.4965 [Veto3]:52.4673 [Veto4]:48.5135 [SgUp1]:194721 [SgUp2]:194896 [SgUp3]:196361 [SgUp4]:197118 [SgLow1]:194449 [SgLow2]:194569 [SgLow3]:196054 [SgLow4]:196873 [NetMuon1]:54660 [NetMuon2]:54764 [NetMuon3]:54749 [NetMuon4]:54806
[Run]:40257 [Site]:4 [Bin]:13548 [FullTime]:3590.17 [SkipTime]:0 [Veto1]:59.9312 [Veto2]:57.4377 [Veto3]:68.326 [Veto4]:56.7898 [SgUp1]:194835 [SgUp2]:194242 [SgUp3]:195250 [SgUp4]:196258 [SgLow1]:194546 [SgLow2]:193949 [SgLow3]:194947 [SgLow4]:195934 [NetMuon1]:54632 [NetMuon2]:54638 [NetMuon3]:54547 [NetMuon4]:54718
[Run]:40257 [Site]:4 [Bin]:13549 [FullTime]:3590.17 [SkipTime]:0 [Veto1]:57.5062 [Veto2]:50.528 [Veto3]:56.4198 [Veto4]:56.4311 [SgUp1]:194611 [SgUp2]:195022 [SgUp3]:195455 [SgUp4]:195625 [SgLow1]:194287 [SgLow2]:194732 [SgLow3]:195111 [SgLow4]:195316 [NetMuon1]:54703 [NetMuon2]:54814 [NetMuon3]:54704 [NetMuon4]:54715
[Run]:40257 [Site]:4 [Bin]:13550 [FullTime]:3590.17 [SkipTime]:0 [Veto1]:49.7754 [Veto2]:53.3853 [Veto3]:49.4274 [Veto4]:58.3091 [SgUp1]:194206 [SgUp2]:194151 [SgUp3]:195878 [SgUp4]:195615 [SgLow1]:193903 [SgLow2]:193814 [SgLow3]:195599 [SgLow4]:195378 [NetMuon1]:54671 [NetMuon2]:54591 [NetMuon3]:54652 [NetMuon4]:54516
[Run]:40257 [Site]:4 [Bin]:13552 [FullTime]:3429.22 [SkipTime]:0 [Veto1]:46.1107 [Veto2]:53.9778 [Veto3]:52.4923 [Veto4]:46.0667 [SgUp1]:186095 [SgUp2]:185662 [SgUp3]:187484 [SgUp4]:188111 [SgLow1]:185832 [SgLow2]:185370 [SgLow3]:187178 [SgLow4]:187849 [NetMuon1]:52487 [NetMuon2]:52382 [NetMuon3]:52380 [NetMuon4]:52478
[Run]:40257 [Site]:4 [Bin]:13553 [FullTime]:3590.17 [SkipTime]:0 [Veto1]:62.3656 [Veto2]:53.4586 [Veto3]:54.7661 [Veto4]:53.4251 [SgUp1]:194498 [SgUp2]:194473 [SgUp3]:196539 [SgUp4]:196732 [SgLow1]:194201 [SgLow2]:194178 [SgLow3]:196216 [SgLow4]:196420 [NetMuon1]:54517 [NetMuon2]:54634 [NetMuon3]:54656 [NetMuon4]:54646
[Run]:40257 [Site]:4 [Bin]:13554 [FullTime]:3590.17 [SkipTime]:0 [Veto1]:63.348 [Veto2]:58.4016 [Veto3]:51.5157 [Veto4]:55.4707 [SgUp1]:194448 [SgUp2]:194591 [SgUp3]:196580 [SgUp4]:196053 [SgLow1]:194185 [SgLow2]:194298 [SgLow3]:196283 [SgLow4]:195774 [NetMuon1]:54557 [NetMuon2]:54658 [NetMuon3]:54794 [NetMuon4]:54721
[Run]:40257 [Site]:4 [Bin]:13555 [FullTime]:3590.17 [SkipTime]:0 [Veto1]:64.494 [Veto2]:47.6218 [Veto3]:60.5183 [Veto4]:50.6547 [SgUp1]:193310 [SgUp2]:194173 [SgUp3]:195423 [SgUp4]:197117 [SgLow1]:193045 [SgLow2]:193833 [SgLow3]:195098 [SgLow4]:196815 [NetMuon1]:54742 [NetMuon2]:55009 [NetMuon3]:54801 [NetMuon4]:54965
[Run]:40257 [Site]:4 [Bin]:13556 [FullTime]:3590.17 [SkipTime]:0 [Veto1]:52.7326 [Veto2]:53.6826 [Veto3]:53.6909 [Veto4]:53.6709 [SgUp1]:194090 [SgUp2]:194954 [SgUp3]:195487 [SgUp4]:196828 [SgLow1]:193836 [SgLow2]:194634 [SgLow3]:195225 [SgLow4]:196560 [NetMuon1]:55117 [NetMuon2]:55104 [NetMuon3]:55112 [NetMuon4]:55084
[Run]:40257 [Site]:4 [Bin]:13557 [FullTime]:3590.17 [SkipTime]:0 [Veto1]:61.4116 [Veto2]:60.6063 [Veto3]:55.6369 [Veto4]:53.7009 [SgUp1]:194390 [SgUp2]:194414 [SgUp3]:196235 [SgUp4]:196777 [SgLow1]:194041 [SgLow2]:194110 [SgLow3]:195929 [SgLow4]:196464 [NetMuon1]:54966 [NetMuon2]:55004 [NetMuon3]:55045 [NetMuon4]:55113
[Run]:40257 [Site]:4 [Bin]:13558 [FullTime]:3590.17 [SkipTime]:0 [Veto1]:55.9765 [Veto2]:54.5247 [Veto3]:55.4498 [Veto4]:52.0692 [SgUp1]:194809 [SgUp2]:194654 [SgUp3]:196003 [SgUp4]:196610 [SgLow1]:194534 [SgLow2]:194402 [SgLow3]:195692 [SgLow4]:196318 [NetMuon1]:54702 [NetMuon2]:54745 [NetMuon3]:54732 [NetMuon4]:54803
[Run]:40257 [Site]:4 [Bin]:13559 [FullTime]:3590.17 [SkipTime]:0 [Veto1]:59.3368 [Veto2]:55.4153 [Veto3]:67.2768 [Veto4]:59.3284 [SgUp1]:193689 [SgUp2]:194411 [SgUp3]:195133 [SgUp4]:195911 [SgLow1]:193391 [SgLow2]:194150 [SgLow3]:194861 [SgLow4]:195615 [NetMuon1]:54511 [NetMuon2]:54599 [NetMuon3]:54443 [NetMuon4]:54531
[Run]:40257 [Site]:4 [Bin]:13560 [FullTime]:3590.17 [SkipTime]:0 [Veto1]:52.4444 [Veto2]:56.3288 [Veto3]:51.4696 [Veto4]:56.3723 [SgUp1]:194835 [SgUp2]:194714 [SgUp3]:195630 [SgUp4]:196403 [SgLow1]:194558 [SgLow2]:194379 [SgLow3]:195325 [SgLow4]:196087 [NetMuon1]:54645 [NetMuon2]:54602 [NetMuon3]:54675 [NetMuon4]:54600
[Run]:40257 [Site]:4 [Bin]:13561 [FullTime]:3590.17 [SkipTime]:0 [Veto1]:49.8054 [Veto2]:55.6427 [Veto3]:60.6231 [Veto4]:47.7975 [SgUp1]:195087 [SgUp2]:194873 [SgUp3]:195510 [SgUp4]:196753 [SgLow1]:194763 [SgLow2]:194517 [SgLow3]:195220 [SgLow4]:196453 [NetMuon1]:55189 [NetMuon2]:55075 [NetMuon3]:54989 [NetMuon4]:55219
[Run]:40257 [Site]:4 [Bin]:13562 [FullTime]:3590.17 [SkipTime]:0 [Veto1]:55.4295 [Veto2]:50.4216 [Veto3]:64.2287 [Veto4]:55.4164 [SgUp1]:193930 [SgUp2]:194317 [SgUp3]:194922 [SgUp4]:196119 [SgLow1]:193588 [SgLow2]:194027 [SgLow3]:194677 [SgLow4]:195800 [NetMuon1]:54607 [NetMuon2]:54673 [NetMuon3]:54485 [NetMuon4]:54661
[Run]:40257 [Site]:4 [Bin]:13563 [FullTime]:3590.17 [SkipTime]:0 [Veto1]:57.6448 [Veto2]:49.7366 [Veto3]:61.3793 [Veto4]:45.7194 [SgUp1]:193905 [SgUp2]:195580 [SgUp3]:195618 [SgUp4]:197384 [SgLow1]:193622 [SgLow2]:195287 [SgLow3]:195312 [SgLow4]:197055 [NetMuon1]:54931 [NetMuon2]:55083 [NetMuon3]:54874 [NetMuon4]:55141
[Run]:40257 [Site]:4 [Bin]:13564 [FullTime]:3590.17 [SkipTime]:0 [Veto1]:52.6122 [Veto2]:52.5839 [Veto3]:57.5623 [Veto4]:55.5466 [SgUp1]:194148 [SgUp2]:194852 [SgUp3]:196503 [SgUp4]:196046 [SgLow1]:193843 [SgLow2]:194557 [SgLow3]:196188 [SgLow4]:195723 [NetMuon1]:54912 [NetMuon2]:54903 [NetMuon3]:54850 [NetMuon4]:54816
[Run]:40257 [Site]:4 [Bin]:13565 [FullTime]:3590.17 [SkipTime]:0 [Veto1]:53.527 [Veto2]:56.5215 [Veto3]:54.4719 [Veto4]:61.4664 [SgUp1]:194579 [SgUp2]:195747 [SgUp3]:195264 [SgUp4]:195727 [SgLow1]:194287 [SgLow2]:195424 [SgLow3]:194948 [SgLow4]:195430 [NetMuon1]:54804 [NetMuon2]:54756 [NetMuon3]:54790 [NetMuon4]:54673
[Run]:40257 [Site]:4 [Bin]:13566 [FullTime]:3590.17 [SkipTime]:0 [Veto1]:59.7394 [Veto2]:57.4057 [Veto3]:52.4768 [Veto4]:56.4359 [SgUp1]:193682 [SgUp2]:194506 [SgUp3]:196648 [SgUp4]:196032 [SgLow1]:193365 [SgLow2]:194191 [SgLow3]:196325 [SgLow4]:195743 [NetMuon1]:54657 [NetMuon2]:54691 [NetMuon3]:54766 [NetMuon4]:54698
[Run]:40257 [Site]:4 [Bin]:13567 [FullTime]:3590.17 [SkipTime]:0 [Veto1]:58.1359 [Veto2]:56.0692 [Veto3]:60.0331 [Veto4]:50.1573 [SgUp1]:193680 [SgUp2]:194922 [SgUp3]:194828 [SgUp4]:196316 [SgLow1]:193396 [SgLow2]:194617 [SgLow3]:194497 [SgLow4]:195998 [NetMuon1]:55669 [NetMuon2]:55727 [NetMuon3]:55669 [NetMuon4]:55835
[Run]:40257 [Site]:4 [Bin]:13568 [FullTime]:3590.17 [SkipTime]:0 [Veto1]:63.0088 [Veto2]:57.4004 [Veto3]:50.406 [Veto4]:60.3626 [SgUp1]:193452 [SgUp2]:194997 [SgUp3]:194781 [SgUp4]:195424 [SgLow1]:193154 [SgLow2]:194747 [SgLow3]:194453 [SgLow4]:195111 [NetMuon1]:54512 [NetMuon2]:54598 [NetMuon3]:54672 [NetMuon4]:54548
[Run]:40257 [Site]:4 [Bin]:13569 [FullTime]:3590.17 [SkipTime]:0 [Veto1]:49.6633 [Veto2]:62.4282 [Veto3]:52.6089 [Veto4]:54.5703 [SgUp1]:194677 [SgUp2]:194431 [SgUp3]:195623 [SgUp4]:196495 [SgLow1]:194369 [SgLow2]:194127 [SgLow3]:195383 [SgLow4]:196216 [NetMuon1]:54973 [NetMuon2]:54760 [NetMuon3]:54916 [NetMuon4]:54918
[Run]:40257 [Site]:4 [Bin]:13570 [FullTime]:3590.18 [SkipTime]:0 [Veto1]:57.476 [Veto2]:54.472 [Veto3]:56.4252 [Veto4]:63.3686 [SgUp1]:194813 [SgUp2]:195074 [SgUp3]:195884 [SgUp4]:195966 [SgLow1]:194509 [SgLow2]:194800 [SgLow3]:195562 [SgLow4]:195665 [NetMuon1]:54683 [NetMuon2]:54716 [NetMuon3]:54679 [NetMuon4]:54536
[Run]:40257 [Site]:4 [Bin]:13571 [FullTime]:3590.16 [SkipTime]:0 [Veto1]:59.5699 [Veto2]:58.3914 [Veto3]:54.3981 [Veto4]:53.4305 [SgUp1]:193920 [SgUp2]:194036 [SgUp3]:195892 [SgUp4]:196316 [SgLow1]:193618 [SgLow2]:193764 [SgLow3]:195551 [SgLow4]:196045 [NetMuon1]:54654 [NetMuon2]:54577 [NetMuon3]:54695 [NetMuon4]:54707
[Run]:40257 [Site]:4 [Bin]:13572 [FullTime]:3590.17 [SkipTime]:0 [Veto1]:53.4527 [Veto2]:56.2318 [Veto3]:58.3401 [Veto4]:57.3614 [SgUp1]:194661 [SgUp2]:194261 [SgUp3]:196034 [SgUp4]:196090 [SgLow1]:194328 [SgLow2]:193932 [SgLow3]:195715 [SgLow4]:195788 [NetMuon1]:54626 [NetMuon2]:54613 [NetMuon3]:54558 [NetMuon4]:54575
[Run]:40257 [Site]:4 [Bin]:13573 [FullTime]:3590.17 [SkipTime]:0 [Veto1]:49.8463 [Veto2]:52.8001 [Veto3]:61.6849 [Veto4]:58.7301 [SgUp1]:194818 [SgUp2]:194720 [SgUp3]:195149 [SgUp4]:195815 [SgLow1]:194522 [SgLow2]:194434 [SgLow3]:194878 [SgLow4]:195512 [NetMuon1]:55277 [NetMuon2]:55255 [NetMuon3]:55127 [NetMuon4]:55163
[Run]:40257 [Site]:4 [Bin]:13574 [FullTime]:3590.17 [SkipTime]:0 [Veto1]:56.814 [Veto2]:57.7637 [Veto3]:46.9396 [Veto4]:55.8124 [SgUp1]:194103 [SgUp2]:194038 [SgUp3]:196556 [SgUp4]:196035 [SgLow1]:193805 [SgLow2]:193707 [SgLow3]:196263 [SgLow4]:195743 [NetMuon1]:55249 [NetMuon2]:55236 [NetMuon3]:55436 [NetMuon4]:55278
End process Run: 40257 ... 
[Run]:40257 [Site]:4 [Bin]:13575 [FullTime]:2581.73 [SkipTime]:994.158 [Veto1]:44.9578 [Veto2]:41.005 [Veto3]:36.012 [Veto4]:40.0302
