StreamChain add 0x12b4c7e0
Start to process run: 40913 ... 
[Run]:40913 [Site]:4 [Bin]:14424 [FullTime]:1352.8 [SkipTime]:0 [Veto1]:24.4086 [Veto2]:19.9194 [Veto3]:20.9273 [Veto4]:18.9404 [SgUp1]:72514 [SgUp2]:73263 [SgUp3]:73695 [SgUp4]:73446 [SgLow1]:72404 [SgLow2]:73152 [SgLow3]:73579 [SgLow4]:73322 [NetMuon1]:20481 [NetMuon2]:20530 [NetMuon3]:20528 [NetMuon4]:20559
[Run]:40913 [Site]:4 [Bin]:14425 [FullTime]:3590.17 [SkipTime]:0 [Veto1]:56.0214 [Veto2]:49.0569 [Veto3]:48.066 [Veto4]:47.0756 [SgUp1]:192935 [SgUp2]:194448 [SgUp3]:194776 [SgUp4]:194977 [SgLow1]:192649 [SgLow2]:194181 [SgLow3]:194486 [SgLow4]:194691 [NetMuon1]:53976 [NetMuon2]:54074 [NetMuon3]:54085 [NetMuon4]:54098
[Run]:40913 [Site]:4 [Bin]:14426 [FullTime]:3590.17 [SkipTime]:0 [Veto1]:53.1427 [Veto2]:50.1936 [Veto3]:49.1864 [Veto4]:55.0719 [SgUp1]:192410 [SgUp2]:193773 [SgUp3]:194820 [SgUp4]:194756 [SgLow1]:192111 [SgLow2]:193484 [SgLow3]:194541 [SgLow4]:194464 [NetMuon1]:54208 [NetMuon2]:54293 [NetMuon3]:54298 [NetMuon4]:54159
[Run]:40913 [Site]:4 [Bin]:14427 [FullTime]:3590.17 [SkipTime]:0 [Veto1]:53.3291 [Veto2]:59.2566 [Veto3]:65.157 [Veto4]:49.3739 [SgUp1]:193355 [SgUp2]:193942 [SgUp3]:194382 [SgUp4]:195633 [SgLow1]:193027 [SgLow2]:193648 [SgLow3]:194108 [SgLow4]:195330 [NetMuon1]:54452 [NetMuon2]:54396 [NetMuon3]:54266 [NetMuon4]:54505
[Run]:40913 [Site]:4 [Bin]:14428 [FullTime]:3590.17 [SkipTime]:0 [Veto1]:56.9211 [Veto2]:47.0078 [Veto3]:54.9446 [Veto4]:48.0344 [SgUp1]:193861 [SgUp2]:194897 [SgUp3]:195790 [SgUp4]:194331 [SgLow1]:193541 [SgLow2]:194646 [SgLow3]:195493 [SgLow4]:194087 [NetMuon1]:53862 [NetMuon2]:53985 [NetMuon3]:53847 [NetMuon4]:53971
[Run]:40913 [Site]:4 [Bin]:14429 [FullTime]:3590.17 [SkipTime]:0 [Veto1]:56.3634 [Veto2]:52.3648 [Veto3]:60.4321 [Veto4]:52.3842 [SgUp1]:193193 [SgUp2]:194616 [SgUp3]:194274 [SgUp4]:195603 [SgLow1]:192888 [SgLow2]:194287 [SgLow3]:193964 [SgLow4]:195333 [NetMuon1]:54527 [NetMuon2]:54595 [NetMuon3]:54443 [NetMuon4]:54567
[Run]:40913 [Site]:4 [Bin]:14430 [FullTime]:3590.17 [SkipTime]:0 [Veto1]:53.1944 [Veto2]:60.053 [Veto3]:54.0985 [Veto4]:57.0503 [SgUp1]:193338 [SgUp2]:193744 [SgUp3]:195838 [SgUp4]:194961 [SgLow1]:192995 [SgLow2]:193462 [SgLow3]:195538 [SgLow4]:194686 [NetMuon1]:54190 [NetMuon2]:54082 [NetMuon3]:54148 [NetMuon4]:54122
[Run]:40913 [Site]:4 [Bin]:14431 [FullTime]:3590.17 [SkipTime]:0 [Veto1]:53.2591 [Veto2]:57.2014 [Veto3]:52.2725 [Veto4]:56.2541 [SgUp1]:194262 [SgUp2]:193362 [SgUp3]:194681 [SgUp4]:194166 [SgLow1]:193982 [SgLow2]:193094 [SgLow3]:194397 [SgLow4]:193893 [NetMuon1]:54371 [NetMuon2]:54309 [NetMuon3]:54417 [NetMuon4]:54354
[Run]:40913 [Site]:4 [Bin]:14432 [FullTime]:3590.17 [SkipTime]:0 [Veto1]:51.3121 [Veto2]:59.3017 [Veto3]:60.1984 [Veto4]:47.3491 [SgUp1]:193318 [SgUp2]:193522 [SgUp3]:194717 [SgUp4]:195863 [SgLow1]:193013 [SgLow2]:193220 [SgLow3]:194412 [SgLow4]:195590 [NetMuon1]:54424 [NetMuon2]:54323 [NetMuon3]:54262 [NetMuon4]:54474
[Run]:40913 [Site]:4 [Bin]:14433 [FullTime]:3590.17 [SkipTime]:0 [Veto1]:59.0736 [Veto2]:59.0355 [Veto3]:59.1084 [Veto4]:62.0492 [SgUp1]:192418 [SgUp2]:193770 [SgUp3]:194424 [SgUp4]:194093 [SgLow1]:192106 [SgLow2]:193465 [SgLow3]:194126 [SgLow4]:193807 [NetMuon1]:54070 [NetMuon2]:54101 [NetMuon3]:54081 [NetMuon4]:54055
[Run]:40913 [Site]:4 [Bin]:14434 [FullTime]:3590.17 [SkipTime]:0 [Veto1]:53.3651 [Veto2]:48.3745 [Veto3]:61.2782 [Veto4]:49.4033 [SgUp1]:192871 [SgUp2]:193849 [SgUp3]:194219 [SgUp4]:195914 [SgLow1]:192532 [SgLow2]:193520 [SgLow3]:193949 [SgLow4]:195587 [NetMuon1]:54516 [NetMuon2]:54596 [NetMuon3]:54372 [NetMuon4]:54529
[Run]:40913 [Site]:4 [Bin]:14435 [FullTime]:3590.17 [SkipTime]:0 [Veto1]:55.4108 [Veto2]:51.464 [Veto3]:60.3339 [Veto4]:47.4703 [SgUp1]:193378 [SgUp2]:194410 [SgUp3]:194227 [SgUp4]:195479 [SgLow1]:193085 [SgLow2]:194048 [SgLow3]:193925 [SgLow4]:195198 [NetMuon1]:54630 [NetMuon2]:54667 [NetMuon3]:54528 [NetMuon4]:54739
[Run]:40913 [Site]:4 [Bin]:14436 [FullTime]:3590.17 [SkipTime]:0 [Veto1]:52.328 [Veto2]:54.7046 [Veto3]:58.1915 [Veto4]:62.5792 [SgUp1]:192809 [SgUp2]:194494 [SgUp3]:195013 [SgUp4]:194983 [SgLow1]:192521 [SgLow2]:194184 [SgLow3]:194679 [SgLow4]:194679 [NetMuon1]:54378 [NetMuon2]:54339 [NetMuon3]:54300 [NetMuon4]:54220
[Run]:40913 [Site]:4 [Bin]:14437 [FullTime]:3590.17 [SkipTime]:0 [Veto1]:44.546 [Veto2]:53.5343 [Veto3]:69.3226 [Veto4]:53.4418 [SgUp1]:193918 [SgUp2]:194065 [SgUp3]:193914 [SgUp4]:194872 [SgLow1]:193645 [SgLow2]:193741 [SgLow3]:193598 [SgLow4]:194597 [NetMuon1]:54831 [NetMuon2]:54706 [NetMuon3]:54490 [NetMuon4]:54701
[Run]:40913 [Site]:4 [Bin]:14438 [FullTime]:3590.18 [SkipTime]:0 [Veto1]:60.5313 [Veto2]:52.3278 [Veto3]:58.2113 [Veto4]:54.2882 [SgUp1]:192645 [SgUp2]:193883 [SgUp3]:195331 [SgUp4]:195254 [SgLow1]:192357 [SgLow2]:193608 [SgLow3]:195062 [SgLow4]:194997 [NetMuon1]:54396 [NetMuon2]:54448 [NetMuon3]:54371 [NetMuon4]:54427
[Run]:40913 [Site]:4 [Bin]:14439 [FullTime]:3590.16 [SkipTime]:0 [Veto1]:50.526 [Veto2]:49.486 [Veto3]:56.4048 [Veto4]:54.408 [SgUp1]:192992 [SgUp2]:194035 [SgUp3]:194443 [SgUp4]:195117 [SgLow1]:192665 [SgLow2]:193731 [SgLow3]:194168 [SgLow4]:194836 [NetMuon1]:54690 [NetMuon2]:54732 [NetMuon3]:54620 [NetMuon4]:54653
[Run]:40913 [Site]:4 [Bin]:14440 [FullTime]:3590.17 [SkipTime]:0 [Veto1]:59.1578 [Veto2]:56.1047 [Veto3]:58.0804 [Veto4]:46.2547 [SgUp1]:192417 [SgUp2]:193386 [SgUp3]:194230 [SgUp4]:195170 [SgLow1]:192124 [SgLow2]:193117 [SgLow3]:193963 [SgLow4]:194902 [NetMuon1]:54141 [NetMuon2]:54163 [NetMuon3]:54151 [NetMuon4]:54318
[Run]:40913 [Site]:4 [Bin]:14442 [FullTime]:2554.94 [SkipTime]:0 [Veto1]:41.1378 [Veto2]:32.2202 [Veto3]:33.186 [Veto4]:39.1591 [SgUp1]:136998 [SgUp2]:138264 [SgUp3]:139156 [SgUp4]:139235 [SgLow1]:136789 [SgLow2]:138073 [SgLow3]:138943 [SgLow4]:139037 [NetMuon1]:38278 [NetMuon2]:38415 [NetMuon3]:38412 [NetMuon4]:38296
[Run]:40913 [Site]:4 [Bin]:14443 [FullTime]:3590.17 [SkipTime]:0 [Veto1]:61.1555 [Veto2]:48.2476 [Veto3]:54.2253 [Veto4]:60.1245 [SgUp1]:192748 [SgUp2]:193926 [SgUp3]:194624 [SgUp4]:194310 [SgLow1]:192421 [SgLow2]:193615 [SgLow3]:194321 [SgLow4]:194050 [NetMuon1]:54164 [NetMuon2]:54369 [NetMuon3]:54274 [NetMuon4]:54147
[Run]:40913 [Site]:4 [Bin]:14444 [FullTime]:3590.17 [SkipTime]:0 [Veto1]:56.5893 [Veto2]:55.5302 [Veto3]:54.4615 [Veto4]:52.5452 [SgUp1]:193159 [SgUp2]:193338 [SgUp3]:194193 [SgUp4]:195086 [SgLow1]:192890 [SgLow2]:193066 [SgLow3]:193873 [SgLow4]:194752 [NetMuon1]:54756 [NetMuon2]:54773 [NetMuon3]:54788 [NetMuon4]:54790
[Run]:40913 [Site]:4 [Bin]:14445 [FullTime]:3590.17 [SkipTime]:0 [Veto1]:51.1327 [Veto2]:54.3244 [Veto3]:48.11 [Veto4]:55.0209 [SgUp1]:193754 [SgUp2]:193995 [SgUp3]:194284 [SgUp4]:195349 [SgLow1]:193460 [SgLow2]:193716 [SgLow3]:193992 [SgLow4]:195039 [NetMuon1]:54109 [NetMuon2]:54064 [NetMuon3]:54158 [NetMuon4]:54027
[Run]:40913 [Site]:4 [Bin]:14446 [FullTime]:3590.17 [SkipTime]:0 [Veto1]:50.4974 [Veto2]:55.4361 [Veto3]:61.9181 [Veto4]:53.4978 [SgUp1]:193887 [SgUp2]:193758 [SgUp3]:194487 [SgUp4]:194701 [SgLow1]:193602 [SgLow2]:193506 [SgLow3]:194150 [SgLow4]:194396 [NetMuon1]:54696 [NetMuon2]:54619 [NetMuon3]:54524 [NetMuon4]:54647
[Run]:40913 [Site]:4 [Bin]:14447 [FullTime]:3590.17 [SkipTime]:0 [Veto1]:49.3708 [Veto2]:50.2684 [Veto3]:58.1621 [Veto4]:50.3041 [SgUp1]:192619 [SgUp2]:194037 [SgUp3]:194259 [SgUp4]:195488 [SgLow1]:192330 [SgLow2]:193710 [SgLow3]:193948 [SgLow4]:195201 [NetMuon1]:54418 [NetMuon2]:54410 [NetMuon3]:54265 [NetMuon4]:54419
[Run]:40913 [Site]:4 [Bin]:14448 [FullTime]:3590.17 [SkipTime]:0 [Veto1]:54.558 [Veto2]:47.7818 [Veto3]:52.5221 [Veto4]:54.5095 [SgUp1]:193109 [SgUp2]:194387 [SgUp3]:195053 [SgUp4]:195085 [SgLow1]:192798 [SgLow2]:194082 [SgLow3]:194770 [SgLow4]:194808 [NetMuon1]:54758 [NetMuon2]:54895 [NetMuon3]:54806 [NetMuon4]:54745
[Run]:40913 [Site]:4 [Bin]:14449 [FullTime]:3590.17 [SkipTime]:0 [Veto1]:61.569 [Veto2]:56.4415 [Veto3]:58.4488 [Veto4]:55.5352 [SgUp1]:192001 [SgUp2]:194778 [SgUp3]:194860 [SgUp4]:195919 [SgLow1]:191763 [SgLow2]:194508 [SgLow3]:194544 [SgLow4]:195596 [NetMuon1]:54634 [NetMuon2]:54729 [NetMuon3]:54706 [NetMuon4]:54780
[Run]:40913 [Site]:4 [Bin]:14450 [FullTime]:3590.17 [SkipTime]:0 [Veto1]:50.25 [Veto2]:68.0481 [Veto3]:55.1273 [Veto4]:48.2606 [SgUp1]:192404 [SgUp2]:194110 [SgUp3]:194758 [SgUp4]:195268 [SgLow1]:192122 [SgLow2]:193754 [SgLow3]:194467 [SgLow4]:194960 [NetMuon1]:54386 [NetMuon2]:54126 [NetMuon3]:54288 [NetMuon4]:54405
[Run]:40913 [Site]:4 [Bin]:14451 [FullTime]:3590.17 [SkipTime]:0 [Veto1]:56.1814 [Veto2]:50.4118 [Veto3]:54.371 [Veto4]:57.3898 [SgUp1]:193696 [SgUp2]:194266 [SgUp3]:194847 [SgUp4]:194457 [SgLow1]:193424 [SgLow2]:193991 [SgLow3]:194573 [SgLow4]:194150 [NetMuon1]:54534 [NetMuon2]:54598 [NetMuon3]:54560 [NetMuon4]:54487
[Run]:40913 [Site]:4 [Bin]:14452 [FullTime]:3590.17 [SkipTime]:0 [Veto1]:55.3441 [Veto2]:50.2998 [Veto3]:57.2342 [Veto4]:51.323 [SgUp1]:193142 [SgUp2]:193881 [SgUp3]:194959 [SgUp4]:194217 [SgLow1]:192871 [SgLow2]:193579 [SgLow3]:194656 [SgLow4]:193988 [NetMuon1]:54472 [NetMuon2]:54494 [NetMuon3]:54385 [NetMuon4]:54477
[Run]:40913 [Site]:4 [Bin]:14453 [FullTime]:3590.18 [SkipTime]:0 [Veto1]:61.5005 [Veto2]:55.4426 [Veto3]:61.3763 [Veto4]:61.3784 [SgUp1]:192458 [SgUp2]:194230 [SgUp3]:194714 [SgUp4]:195034 [SgLow1]:192157 [SgLow2]:193938 [SgLow3]:194431 [SgLow4]:194751 [NetMuon1]:54560 [NetMuon2]:54677 [NetMuon3]:54567 [NetMuon4]:54578
[Run]:40913 [Site]:4 [Bin]:14454 [FullTime]:3590.17 [SkipTime]:0 [Veto1]:54.7801 [Veto2]:58.3237 [Veto3]:53.7619 [Veto4]:59.6941 [SgUp1]:193037 [SgUp2]:193638 [SgUp3]:195041 [SgUp4]:194594 [SgLow1]:192748 [SgLow2]:193320 [SgLow3]:194707 [SgLow4]:194329 [NetMuon1]:55153 [NetMuon2]:55128 [NetMuon3]:55211 [NetMuon4]:55157
[Run]:40913 [Site]:4 [Bin]:14455 [FullTime]:3590.17 [SkipTime]:0 [Veto1]:54.3809 [Veto2]:60.301 [Veto3]:55.3027 [Veto4]:58.2809 [SgUp1]:193275 [SgUp2]:193893 [SgUp3]:195229 [SgUp4]:194497 [SgLow1]:192943 [SgLow2]:193590 [SgLow3]:194887 [SgLow4]:194177 [NetMuon1]:54522 [NetMuon2]:54418 [NetMuon3]:54537 [NetMuon4]:54480
[Run]:40913 [Site]:4 [Bin]:14456 [FullTime]:3590.17 [SkipTime]:0 [Veto1]:53.2582 [Veto2]:58.4398 [Veto3]:57.2042 [Veto4]:63.1079 [SgUp1]:193343 [SgUp2]:192852 [SgUp3]:194796 [SgUp4]:195251 [SgLow1]:193039 [SgLow2]:192533 [SgLow3]:194506 [SgLow4]:194961 [NetMuon1]:54365 [NetMuon2]:54288 [NetMuon3]:54309 [NetMuon4]:54189
[Run]:40913 [Site]:4 [Bin]:14457 [FullTime]:3590.17 [SkipTime]:0 [Veto1]:54.2891 [Veto2]:61.8281 [Veto3]:55.9359 [Veto4]:55.9076 [SgUp1]:193730 [SgUp2]:193263 [SgUp3]:194280 [SgUp4]:194818 [SgLow1]:193419 [SgLow2]:192977 [SgLow3]:193982 [SgLow4]:194550 [NetMuon1]:53863 [NetMuon2]:53768 [NetMuon3]:53853 [NetMuon4]:53849
[Run]:40913 [Site]:4 [Bin]:14458 [FullTime]:3590.18 [SkipTime]:0 [Veto1]:49.2419 [Veto2]:45.216 [Veto3]:63.2053 [Veto4]:57.1627 [SgUp1]:193691 [SgUp2]:194948 [SgUp3]:194520 [SgUp4]:195980 [SgLow1]:193334 [SgLow2]:194643 [SgLow3]:194228 [SgLow4]:195676 [NetMuon1]:54338 [NetMuon2]:54358 [NetMuon3]:54107 [NetMuon4]:54226
[Run]:40913 [Site]:4 [Bin]:14459 [FullTime]:3590.17 [SkipTime]:0 [Veto1]:53.9876 [Veto2]:49.0478 [Veto3]:57.9197 [Veto4]:48.0488 [SgUp1]:193411 [SgUp2]:193384 [SgUp3]:194728 [SgUp4]:195505 [SgLow1]:193104 [SgLow2]:193083 [SgLow3]:194394 [SgLow4]:195220 [NetMuon1]:53939 [NetMuon2]:54061 [NetMuon3]:53881 [NetMuon4]:54056
[Run]:40913 [Site]:4 [Bin]:14460 [FullTime]:3590.17 [SkipTime]:0 [Veto1]:61.2026 [Veto2]:56.2319 [Veto3]:57.2706 [Veto4]:52.3212 [SgUp1]:192871 [SgUp2]:193418 [SgUp3]:194362 [SgUp4]:195486 [SgLow1]:192561 [SgLow2]:193102 [SgLow3]:194066 [SgLow4]:195146 [NetMuon1]:54277 [NetMuon2]:54354 [NetMuon3]:54358 [NetMuon4]:54424
[Run]:40913 [Site]:4 [Bin]:14461 [FullTime]:3590.17 [SkipTime]:0 [Veto1]:56.0525 [Veto2]:55.1574 [Veto3]:57.0763 [Veto4]:50.1854 [SgUp1]:194236 [SgUp2]:193629 [SgUp3]:194862 [SgUp4]:195900 [SgLow1]:193976 [SgLow2]:193348 [SgLow3]:194552 [SgLow4]:195573 [NetMuon1]:54072 [NetMuon2]:54137 [NetMuon3]:54089 [NetMuon4]:54216
[Run]:40913 [Site]:4 [Bin]:14462 [FullTime]:3590.17 [SkipTime]:0 [Veto1]:43.3136 [Veto2]:62.0891 [Veto3]:58.1377 [Veto4]:52.1992 [SgUp1]:193460 [SgUp2]:193326 [SgUp3]:194155 [SgUp4]:194720 [SgLow1]:193173 [SgLow2]:193074 [SgLow3]:193821 [SgLow4]:194447 [NetMuon1]:54387 [NetMuon2]:54102 [NetMuon3]:54154 [NetMuon4]:54230
[Run]:40913 [Site]:4 [Bin]:14463 [FullTime]:3590.17 [SkipTime]:0 [Veto1]:45.09 [Veto2]:47.0058 [Veto3]:46.0682 [Veto4]:58.9094 [SgUp1]:194048 [SgUp2]:193985 [SgUp3]:195498 [SgUp4]:194184 [SgLow1]:193774 [SgLow2]:193648 [SgLow3]:195197 [SgLow4]:193852 [NetMuon1]:54035 [NetMuon2]:54015 [NetMuon3]:54038 [NetMuon4]:53827
[Run]:40913 [Site]:4 [Bin]:14464 [FullTime]:3590.17 [SkipTime]:0 [Veto1]:53.9975 [Veto2]:60.8703 [Veto3]:49.9302 [Veto4]:53.9674 [SgUp1]:192927 [SgUp2]:193060 [SgUp3]:194539 [SgUp4]:194456 [SgLow1]:192625 [SgLow2]:192760 [SgLow3]:194207 [SgLow4]:194190 [NetMuon1]:53837 [NetMuon2]:53735 [NetMuon3]:53905 [NetMuon4]:53893
[Run]:40913 [Site]:4 [Bin]:14465 [FullTime]:3590.17 [SkipTime]:0 [Veto1]:53.1211 [Veto2]:57.0325 [Veto3]:63.9478 [Veto4]:48.1116 [SgUp1]:193181 [SgUp2]:193378 [SgUp3]:193860 [SgUp4]:195857 [SgLow1]:192875 [SgLow2]:193058 [SgLow3]:193557 [SgLow4]:195592 [NetMuon1]:54075 [NetMuon2]:53982 [NetMuon3]:53922 [NetMuon4]:54168
End process Run: 40913 ... 
[Run]:40913 [Site]:4 [Bin]:14466 [FullTime]:1095.91 [SkipTime]:0 [Veto1]:16.4489 [Veto2]:16.4467 [Veto3]:19.4057 [Veto4]:22.365
