StreamChain add 0x1b1ae7e0
Start to process run: 40765 ... 
[Run]:40765 [Site]:4 [Bin]:14248 [FullTime]:571.542 [SkipTime]:0 [Veto1]:8.40443 [Veto2]:10.3825 [Veto3]:9.38148 [Veto4]:7.40957 [SgUp1]:30765 [SgUp2]:30843 [SgUp3]:30674 [SgUp4]:31340 [SgLow1]:30721 [SgLow2]:30797 [SgLow3]:30623 [SgLow4]:31269 [NetMuon1]:8560 [NetMuon2]:8537 [NetMuon3]:8545 [NetMuon4]:8583
[Run]:40765 [Site]:4 [Bin]:14249 [FullTime]:2284.85 [SkipTime]:1305.32 [Veto1]:32.5479 [Veto2]:36.493 [Veto3]:36.5171 [Veto4]:30.5623 [SgUp1]:122106 [SgUp2]:123324 [SgUp3]:123369 [SgUp4]:124536 [SgLow1]:121897 [SgLow2]:123142 [SgLow3]:123182 [SgLow4]:124342 [NetMuon1]:34160 [NetMuon2]:34123 [NetMuon3]:34128 [NetMuon4]:34204
[Run]:40765 [Site]:4 [Bin]:14250 [FullTime]:3590.17 [SkipTime]:0 [Veto1]:58.7866 [Veto2]:52.8159 [Veto3]:60.7363 [Veto4]:58.7127 [SgUp1]:192359 [SgUp2]:194589 [SgUp3]:193974 [SgUp4]:195247 [SgLow1]:192059 [SgLow2]:194291 [SgLow3]:193664 [SgLow4]:194941 [NetMuon1]:53519 [NetMuon2]:53611 [NetMuon3]:53514 [NetMuon4]:53502
[Run]:40765 [Site]:4 [Bin]:14251 [FullTime]:3590.17 [SkipTime]:0 [Veto1]:60.1357 [Veto2]:50.2358 [Veto3]:56.1721 [Veto4]:53.6502 [SgUp1]:192920 [SgUp2]:194225 [SgUp3]:194383 [SgUp4]:195554 [SgLow1]:192624 [SgLow2]:193924 [SgLow3]:194113 [SgLow4]:195265 [NetMuon1]:54191 [NetMuon2]:54286 [NetMuon3]:54205 [NetMuon4]:54225
[Run]:40765 [Site]:4 [Bin]:14252 [FullTime]:3590.17 [SkipTime]:0 [Veto1]:49.2518 [Veto2]:57.1437 [Veto3]:55.1376 [Veto4]:51.2214 [SgUp1]:193355 [SgUp2]:193544 [SgUp3]:193969 [SgUp4]:196821 [SgLow1]:193054 [SgLow2]:193239 [SgLow3]:193691 [SgLow4]:196527 [NetMuon1]:54254 [NetMuon2]:54151 [NetMuon3]:54204 [NetMuon4]:54257
[Run]:40765 [Site]:4 [Bin]:14253 [FullTime]:3590.17 [SkipTime]:0 [Veto1]:54.0346 [Veto2]:56.9612 [Veto3]:56.8015 [Veto4]:53.0072 [SgUp1]:193164 [SgUp2]:193723 [SgUp3]:193749 [SgUp4]:195038 [SgLow1]:192840 [SgLow2]:193429 [SgLow3]:193474 [SgLow4]:194750 [NetMuon1]:53994 [NetMuon2]:53962 [NetMuon3]:53906 [NetMuon4]:53978
[Run]:40765 [Site]:4 [Bin]:14254 [FullTime]:3590.17 [SkipTime]:0 [Veto1]:55.2989 [Veto2]:55.2395 [Veto3]:53.3016 [Veto4]:54.2322 [SgUp1]:193375 [SgUp2]:193198 [SgUp3]:194405 [SgUp4]:194976 [SgLow1]:193071 [SgLow2]:192885 [SgLow3]:194165 [SgLow4]:194696 [NetMuon1]:54418 [NetMuon2]:54417 [NetMuon3]:54460 [NetMuon4]:54394
[Run]:40765 [Site]:4 [Bin]:14255 [FullTime]:3590.17 [SkipTime]:0 [Veto1]:52.9165 [Veto2]:56.181 [Veto3]:56.1065 [Veto4]:60.0993 [SgUp1]:192613 [SgUp2]:193608 [SgUp3]:194391 [SgUp4]:195203 [SgLow1]:192324 [SgLow2]:193307 [SgLow3]:194109 [SgLow4]:194892 [NetMuon1]:54264 [NetMuon2]:54218 [NetMuon3]:54181 [NetMuon4]:54148
[Run]:40765 [Site]:4 [Bin]:14256 [FullTime]:3590.17 [SkipTime]:0 [Veto1]:56.9547 [Veto2]:51.9845 [Veto3]:49.0114 [Veto4]:48.9891 [SgUp1]:192290 [SgUp2]:193251 [SgUp3]:195434 [SgUp4]:195752 [SgLow1]:191948 [SgLow2]:192957 [SgLow3]:195128 [SgLow4]:195508 [NetMuon1]:53821 [NetMuon2]:53909 [NetMuon3]:53953 [NetMuon4]:53957
[Run]:40765 [Site]:4 [Bin]:14257 [FullTime]:3590.17 [SkipTime]:0 [Veto1]:58.9511 [Veto2]:52.9919 [Veto3]:49.0234 [Veto4]:53.948 [SgUp1]:192975 [SgUp2]:193449 [SgUp3]:194363 [SgUp4]:195307 [SgLow1]:192672 [SgLow2]:193132 [SgLow3]:194083 [SgLow4]:195040 [NetMuon1]:53837 [NetMuon2]:53951 [NetMuon3]:53996 [NetMuon4]:53905
[Run]:40765 [Site]:4 [Bin]:14258 [FullTime]:3590.17 [SkipTime]:0 [Veto1]:56.3172 [Veto2]:62.1859 [Veto3]:46.3291 [Veto4]:57.2289 [SgUp1]:192039 [SgUp2]:192776 [SgUp3]:195345 [SgUp4]:194675 [SgLow1]:191743 [SgLow2]:192511 [SgLow3]:195032 [SgLow4]:194352 [NetMuon1]:54379 [NetMuon2]:54240 [NetMuon3]:54514 [NetMuon4]:54341
[Run]:40765 [Site]:4 [Bin]:14259 [FullTime]:3590.17 [SkipTime]:0 [Veto1]:55.4728 [Veto2]:56.3967 [Veto3]:53.4479 [Veto4]:59.4023 [SgUp1]:191950 [SgUp2]:192775 [SgUp3]:193992 [SgUp4]:194567 [SgLow1]:191623 [SgLow2]:192497 [SgLow3]:193725 [SgLow4]:194236 [NetMuon1]:54632 [NetMuon2]:54632 [NetMuon3]:54633 [NetMuon4]:54563
[Run]:40765 [Site]:4 [Bin]:14260 [FullTime]:3590.17 [SkipTime]:0 [Veto1]:59.8669 [Veto2]:51.8995 [Veto3]:64.8106 [Veto4]:51.928 [SgUp1]:192542 [SgUp2]:193490 [SgUp3]:194203 [SgUp4]:195094 [SgLow1]:192218 [SgLow2]:193174 [SgLow3]:193902 [SgLow4]:194814 [NetMuon1]:53702 [NetMuon2]:53843 [NetMuon3]:53646 [NetMuon4]:53844
[Run]:40765 [Site]:4 [Bin]:14261 [FullTime]:3590.17 [SkipTime]:0 [Veto1]:49.8625 [Veto2]:55.8038 [Veto3]:50.8304 [Veto4]:55.4952 [SgUp1]:191921 [SgUp2]:194499 [SgUp3]:194034 [SgUp4]:194675 [SgLow1]:191634 [SgLow2]:194194 [SgLow3]:193723 [SgLow4]:194391 [NetMuon1]:53720 [NetMuon2]:53638 [NetMuon3]:53717 [NetMuon4]:53644
[Run]:40765 [Site]:4 [Bin]:14262 [FullTime]:3590.17 [SkipTime]:0 [Veto1]:60.8521 [Veto2]:62.8175 [Veto3]:61.8285 [Veto4]:47.9701 [SgUp1]:192437 [SgUp2]:192589 [SgUp3]:193910 [SgUp4]:196778 [SgLow1]:192143 [SgLow2]:192239 [SgLow3]:193556 [SgLow4]:196440 [NetMuon1]:53648 [NetMuon2]:53686 [NetMuon3]:53667 [NetMuon4]:53916
[Run]:40765 [Site]:4 [Bin]:14263 [FullTime]:3590.17 [SkipTime]:0 [Veto1]:54.8726 [Veto2]:56.7862 [Veto3]:63.7533 [Veto4]:65.7384 [SgUp1]:192010 [SgUp2]:193625 [SgUp3]:193671 [SgUp4]:195439 [SgLow1]:191731 [SgLow2]:193327 [SgLow3]:193385 [SgLow4]:195170 [NetMuon1]:53691 [NetMuon2]:53634 [NetMuon3]:53545 [NetMuon4]:53597
[Run]:40765 [Site]:4 [Bin]:14264 [FullTime]:3590.17 [SkipTime]:0 [Veto1]:49.6559 [Veto2]:48.1549 [Veto3]:51.0953 [Veto4]:55.0728 [SgUp1]:193178 [SgUp2]:193842 [SgUp3]:194810 [SgUp4]:196119 [SgLow1]:192894 [SgLow2]:193566 [SgLow3]:194550 [SgLow4]:195804 [NetMuon1]:54173 [NetMuon2]:54196 [NetMuon3]:54161 [NetMuon4]:54069
[Run]:40765 [Site]:4 [Bin]:14265 [FullTime]:3590.17 [SkipTime]:0 [Veto1]:46.0272 [Veto2]:52.9 [Veto3]:56.8573 [Veto4]:46.9828 [SgUp1]:192549 [SgUp2]:194519 [SgUp3]:193524 [SgUp4]:195951 [SgLow1]:192258 [SgLow2]:194208 [SgLow3]:193255 [SgLow4]:195697 [NetMuon1]:53934 [NetMuon2]:53777 [NetMuon3]:53721 [NetMuon4]:53885
[Run]:40765 [Site]:4 [Bin]:14266 [FullTime]:3590.17 [SkipTime]:0 [Veto1]:54.7035 [Veto2]:43.8118 [Veto3]:47.7401 [Veto4]:52.7104 [SgUp1]:192530 [SgUp2]:194190 [SgUp3]:195799 [SgUp4]:194518 [SgLow1]:192246 [SgLow2]:193874 [SgLow3]:195515 [SgLow4]:194228 [NetMuon1]:53450 [NetMuon2]:53655 [NetMuon3]:53601 [NetMuon4]:53497
[Run]:40765 [Site]:4 [Bin]:14267 [FullTime]:3590.17 [SkipTime]:0 [Veto1]:52.9568 [Veto2]:48.9824 [Veto3]:53.9494 [Veto4]:54.9429 [SgUp1]:192346 [SgUp2]:194221 [SgUp3]:194370 [SgUp4]:196385 [SgLow1]:192083 [SgLow2]:193924 [SgLow3]:194094 [SgLow4]:196094 [NetMuon1]:53860 [NetMuon2]:53938 [NetMuon3]:53868 [NetMuon4]:53855
[Run]:40765 [Site]:4 [Bin]:14268 [FullTime]:3590.17 [SkipTime]:0 [Veto1]:61.2947 [Veto2]:51.2805 [Veto3]:52.9099 [Veto4]:66.1598 [SgUp1]:192844 [SgUp2]:193659 [SgUp3]:194698 [SgUp4]:194261 [SgLow1]:192562 [SgLow2]:193364 [SgLow3]:194385 [SgLow4]:193921 [NetMuon1]:54285 [NetMuon2]:54434 [NetMuon3]:54436 [NetMuon4]:54231
[Run]:40765 [Site]:4 [Bin]:14269 [FullTime]:3590.17 [SkipTime]:0 [Veto1]:60.855 [Veto2]:54.8775 [Veto3]:63.7657 [Veto4]:62.8002 [SgUp1]:192051 [SgUp2]:193040 [SgUp3]:193619 [SgUp4]:194271 [SgLow1]:191724 [SgLow2]:192745 [SgLow3]:193307 [SgLow4]:194027 [NetMuon1]:53669 [NetMuon2]:53788 [NetMuon3]:53618 [NetMuon4]:53678
[Run]:40765 [Site]:4 [Bin]:14270 [FullTime]:3590.17 [SkipTime]:0 [Veto1]:51.6422 [Veto2]:52.6016 [Veto3]:60.6212 [Veto4]:46.625 [SgUp1]:193434 [SgUp2]:194291 [SgUp3]:194626 [SgUp4]:196488 [SgLow1]:193140 [SgLow2]:193981 [SgLow3]:194335 [SgLow4]:196217 [NetMuon1]:53292 [NetMuon2]:53295 [NetMuon3]:53168 [NetMuon4]:53373
[Run]:40765 [Site]:4 [Bin]:14271 [FullTime]:3590.17 [SkipTime]:0 [Veto1]:59.8725 [Veto2]:54.9156 [Veto3]:49.9109 [Veto4]:48.9419 [SgUp1]:193397 [SgUp2]:193609 [SgUp3]:194489 [SgUp4]:195504 [SgLow1]:193132 [SgLow2]:193273 [SgLow3]:194216 [SgLow4]:195200 [NetMuon1]:53687 [NetMuon2]:53749 [NetMuon3]:53876 [NetMuon4]:53887
[Run]:40765 [Site]:4 [Bin]:14272 [FullTime]:3590.17 [SkipTime]:0 [Veto1]:55.7182 [Veto2]:48.7692 [Veto3]:55.6407 [Veto4]:48.7694 [SgUp1]:193089 [SgUp2]:194263 [SgUp3]:194468 [SgUp4]:195426 [SgLow1]:192839 [SgLow2]:193923 [SgLow3]:194195 [SgLow4]:195124 [NetMuon1]:53413 [NetMuon2]:53531 [NetMuon3]:53459 [NetMuon4]:53535
[Run]:40765 [Site]:4 [Bin]:14273 [FullTime]:3590.17 [SkipTime]:0 [Veto1]:53.5896 [Veto2]:60.4964 [Veto3]:50.537 [Veto4]:53.6009 [SgUp1]:193481 [SgUp2]:192968 [SgUp3]:194522 [SgUp4]:195551 [SgLow1]:193183 [SgLow2]:192659 [SgLow3]:194251 [SgLow4]:195246 [NetMuon1]:53265 [NetMuon2]:53187 [NetMuon3]:53315 [NetMuon4]:53261
[Run]:40765 [Site]:4 [Bin]:14274 [FullTime]:3590.17 [SkipTime]:0 [Veto1]:54.8593 [Veto2]:54.7929 [Veto3]:48.856 [Veto4]:63.7633 [SgUp1]:193076 [SgUp2]:194099 [SgUp3]:195281 [SgUp4]:194675 [SgLow1]:192810 [SgLow2]:193866 [SgLow3]:194974 [SgLow4]:194331 [NetMuon1]:53646 [NetMuon2]:53663 [NetMuon3]:53746 [NetMuon4]:53590
End process Run: 40765 ... 
[Run]:40765 [Site]:4 [Bin]:14275 [FullTime]:3218.92 [SkipTime]:0 [Veto1]:52.2694 [Veto2]:44.3242 [Veto3]:51.9547 [Veto4]:48.2842
