StreamChain add 0x200657e0
Start to process run: 40553 ... 
[Run]:40553 [Site]:4 [Bin]:13865 [FullTime]:1973.5 [SkipTime]:0 [Veto1]:32.9743 [Veto2]:25.0548 [Veto3]:27.0362 [Veto4]:34.9643 [SgUp1]:105793 [SgUp2]:107827 [SgUp3]:107559 [SgUp4]:107601 [SgLow1]:105628 [SgLow2]:107635 [SgLow3]:107405 [SgLow4]:107462 [NetMuon1]:30096 [NetMuon2]:30239 [NetMuon3]:30207 [NetMuon4]:30108
[Run]:40553 [Site]:4 [Bin]:13866 [FullTime]:3590.17 [SkipTime]:0 [Veto1]:55.6582 [Veto2]:58.6357 [Veto3]:49.7088 [Veto4]:57.6398 [SgUp1]:192888 [SgUp2]:194516 [SgUp3]:194707 [SgUp4]:195187 [SgLow1]:192583 [SgLow2]:194189 [SgLow3]:194363 [SgLow4]:194879 [NetMuon1]:54993 [NetMuon2]:54959 [NetMuon3]:55099 [NetMuon4]:54996
[Run]:40553 [Site]:4 [Bin]:13867 [FullTime]:3590.17 [SkipTime]:0 [Veto1]:55.111 [Veto2]:60.545 [Veto3]:57.5777 [Veto4]:52.6785 [SgUp1]:193318 [SgUp2]:194393 [SgUp3]:193828 [SgUp4]:195721 [SgLow1]:193013 [SgLow2]:194109 [SgLow3]:193546 [SgLow4]:195446 [NetMuon1]:54969 [NetMuon2]:54853 [NetMuon3]:54926 [NetMuon4]:55025
[Run]:40553 [Site]:4 [Bin]:13868 [FullTime]:3590.17 [SkipTime]:0 [Veto1]:53.7648 [Veto2]:52.7347 [Veto3]:55.7094 [Veto4]:46.7765 [SgUp1]:192606 [SgUp2]:193616 [SgUp3]:195281 [SgUp4]:195549 [SgLow1]:192298 [SgLow2]:193319 [SgLow3]:194985 [SgLow4]:195288 [NetMuon1]:55126 [NetMuon2]:55165 [NetMuon3]:55125 [NetMuon4]:55241
[Run]:40553 [Site]:4 [Bin]:13869 [FullTime]:3590.17 [SkipTime]:0 [Veto1]:57.55 [Veto2]:58.5013 [Veto3]:56.5139 [Veto4]:59.5927 [SgUp1]:193880 [SgUp2]:194333 [SgUp3]:194145 [SgUp4]:194933 [SgLow1]:193587 [SgLow2]:194040 [SgLow3]:193818 [SgLow4]:194650 [NetMuon1]:54826 [NetMuon2]:54778 [NetMuon3]:54816 [NetMuon4]:54809
[Run]:40553 [Site]:4 [Bin]:13870 [FullTime]:3590.17 [SkipTime]:0 [Veto1]:60.4912 [Veto2]:58.5092 [Veto3]:62.4525 [Veto4]:56.4947 [SgUp1]:193359 [SgUp2]:193261 [SgUp3]:194967 [SgUp4]:195719 [SgLow1]:193081 [SgLow2]:192942 [SgLow3]:194651 [SgLow4]:195417 [NetMuon1]:54742 [NetMuon2]:54804 [NetMuon3]:54748 [NetMuon4]:54781
[Run]:40553 [Site]:4 [Bin]:13871 [FullTime]:3590.17 [SkipTime]:0 [Veto1]:50.6911 [Veto2]:54.5858 [Veto3]:62.5644 [Veto4]:55.5851 [SgUp1]:194324 [SgUp2]:193856 [SgUp3]:195802 [SgUp4]:195795 [SgLow1]:194041 [SgLow2]:193511 [SgLow3]:195427 [SgLow4]:195546 [NetMuon1]:54997 [NetMuon2]:54941 [NetMuon3]:54840 [NetMuon4]:54937
[Run]:40553 [Site]:4 [Bin]:13872 [FullTime]:3590.17 [SkipTime]:0 [Veto1]:54.5376 [Veto2]:52.5382 [Veto3]:56.504 [Veto4]:55.5157 [SgUp1]:192813 [SgUp2]:194919 [SgUp3]:195327 [SgUp4]:194912 [SgLow1]:192540 [SgLow2]:194618 [SgLow3]:195052 [SgLow4]:194623 [NetMuon1]:54793 [NetMuon2]:54819 [NetMuon3]:54760 [NetMuon4]:54782
[Run]:40553 [Site]:4 [Bin]:13873 [FullTime]:3590.17 [SkipTime]:0 [Veto1]:64.5858 [Veto2]:48.7661 [Veto3]:47.7499 [Veto4]:52.6766 [SgUp1]:193656 [SgUp2]:194915 [SgUp3]:195470 [SgUp4]:195763 [SgLow1]:193333 [SgLow2]:194618 [SgLow3]:195170 [SgLow4]:195450 [NetMuon1]:54895 [NetMuon2]:55162 [NetMuon3]:55159 [NetMuon4]:55091
[Run]:40553 [Site]:4 [Bin]:13874 [FullTime]:3590.17 [SkipTime]:0 [Veto1]:47.5879 [Veto2]:64.3545 [Veto3]:56.4468 [Veto4]:53.9111 [SgUp1]:194595 [SgUp2]:194252 [SgUp3]:194939 [SgUp4]:195407 [SgLow1]:194284 [SgLow2]:193979 [SgLow3]:194653 [SgLow4]:195109 [NetMuon1]:54865 [NetMuon2]:54590 [NetMuon3]:54698 [NetMuon4]:54709
[Run]:40553 [Site]:4 [Bin]:13875 [FullTime]:3590.17 [SkipTime]:0 [Veto1]:49.8745 [Veto2]:45.8295 [Veto3]:53.7564 [Veto4]:60.7669 [SgUp1]:193460 [SgUp2]:194571 [SgUp3]:194712 [SgUp4]:194841 [SgLow1]:193203 [SgLow2]:194205 [SgLow3]:194367 [SgLow4]:194555 [NetMuon1]:55300 [NetMuon2]:55343 [NetMuon3]:55238 [NetMuon4]:55147
[Run]:40553 [Site]:4 [Bin]:13876 [FullTime]:3590.17 [SkipTime]:0 [Veto1]:47.7803 [Veto2]:58.7162 [Veto3]:54.6551 [Veto4]:58.2938 [SgUp1]:193908 [SgUp2]:193458 [SgUp3]:195586 [SgUp4]:195146 [SgLow1]:193631 [SgLow2]:193116 [SgLow3]:195351 [SgLow4]:194878 [NetMuon1]:55138 [NetMuon2]:54996 [NetMuon3]:55032 [NetMuon4]:55016
[Run]:40553 [Site]:4 [Bin]:13877 [FullTime]:3590.17 [SkipTime]:0 [Veto1]:56.3653 [Veto2]:52.3448 [Veto3]:53.3871 [Veto4]:59.0314 [SgUp1]:193740 [SgUp2]:193728 [SgUp3]:194461 [SgUp4]:196119 [SgLow1]:193451 [SgLow2]:193474 [SgLow3]:194140 [SgLow4]:195843 [NetMuon1]:54554 [NetMuon2]:54576 [NetMuon3]:54585 [NetMuon4]:54458
[Run]:40553 [Site]:4 [Bin]:13878 [FullTime]:3590.17 [SkipTime]:0 [Veto1]:55.8745 [Veto2]:45.96 [Veto3]:58.795 [Veto4]:52.8517 [SgUp1]:192958 [SgUp2]:194733 [SgUp3]:194506 [SgUp4]:195509 [SgLow1]:192650 [SgLow2]:194453 [SgLow3]:194181 [SgLow4]:195221 [NetMuon1]:55321 [NetMuon2]:55461 [NetMuon3]:55260 [NetMuon4]:55359
[Run]:40553 [Site]:4 [Bin]:13879 [FullTime]:3590.17 [SkipTime]:0 [Veto1]:43.8042 [Veto2]:58.6116 [Veto3]:56.6609 [Veto4]:55.6463 [SgUp1]:194351 [SgUp2]:193274 [SgUp3]:194618 [SgUp4]:195469 [SgLow1]:194069 [SgLow2]:193032 [SgLow3]:194320 [SgLow4]:195110 [NetMuon1]:55209 [NetMuon2]:55006 [NetMuon3]:55017 [NetMuon4]:55046
[Run]:40553 [Site]:4 [Bin]:13880 [FullTime]:3590.17 [SkipTime]:0 [Veto1]:52.7984 [Veto2]:49.8248 [Veto3]:60.7184 [Veto4]:59.7034 [SgUp1]:193374 [SgUp2]:194209 [SgUp3]:194699 [SgUp4]:194557 [SgLow1]:193072 [SgLow2]:193894 [SgLow3]:194410 [SgLow4]:194293 [NetMuon1]:55200 [NetMuon2]:55243 [NetMuon3]:55066 [NetMuon4]:55123
[Run]:40553 [Site]:4 [Bin]:13881 [FullTime]:3590.17 [SkipTime]:0 [Veto1]:51.6291 [Veto2]:52.5925 [Veto3]:51.606 [Veto4]:55.5717 [SgUp1]:192816 [SgUp2]:194535 [SgUp3]:195260 [SgUp4]:195137 [SgLow1]:192497 [SgLow2]:194232 [SgLow3]:194985 [SgLow4]:194843 [NetMuon1]:54927 [NetMuon2]:54906 [NetMuon3]:54943 [NetMuon4]:54867
[Run]:40553 [Site]:4 [Bin]:13882 [FullTime]:3590.17 [SkipTime]:0 [Veto1]:55.7132 [Veto2]:49.7125 [Veto3]:48.7204 [Veto4]:57.6313 [SgUp1]:193086 [SgUp2]:194790 [SgUp3]:195806 [SgUp4]:194612 [SgLow1]:192774 [SgLow2]:194456 [SgLow3]:195497 [SgLow4]:194317 [NetMuon1]:54995 [NetMuon2]:55070 [NetMuon3]:55108 [NetMuon4]:54970
[Run]:40553 [Site]:4 [Bin]:13883 [FullTime]:3590.17 [SkipTime]:0 [Veto1]:55.5162 [Veto2]:56.4842 [Veto3]:61.3654 [Veto4]:51.5271 [SgUp1]:193258 [SgUp2]:193936 [SgUp3]:194025 [SgUp4]:195564 [SgLow1]:192970 [SgLow2]:193602 [SgLow3]:193714 [SgLow4]:195300 [NetMuon1]:54715 [NetMuon2]:54719 [NetMuon3]:54663 [NetMuon4]:54803
[Run]:40553 [Site]:4 [Bin]:13884 [FullTime]:3590.17 [SkipTime]:0 [Veto1]:49.62 [Veto2]:53.5981 [Veto3]:58.5099 [Veto4]:52.6079 [SgUp1]:194177 [SgUp2]:193674 [SgUp3]:194504 [SgUp4]:195404 [SgLow1]:193871 [SgLow2]:193344 [SgLow3]:194158 [SgLow4]:195109 [NetMuon1]:55017 [NetMuon2]:54947 [NetMuon3]:54861 [NetMuon4]:54942
[Run]:40553 [Site]:4 [Bin]:13885 [FullTime]:3590.17 [SkipTime]:0 [Veto1]:62.5424 [Veto2]:58.6198 [Veto3]:55.6011 [Veto4]:53.6315 [SgUp1]:192578 [SgUp2]:194989 [SgUp3]:195473 [SgUp4]:195461 [SgLow1]:192267 [SgLow2]:194611 [SgLow3]:195115 [SgLow4]:195205 [NetMuon1]:54877 [NetMuon2]:54983 [NetMuon3]:54973 [NetMuon4]:55036
[Run]:40553 [Site]:4 [Bin]:13886 [FullTime]:3590.17 [SkipTime]:0 [Veto1]:55.7463 [Veto2]:61.7109 [Veto3]:51.463 [Veto4]:62.6933 [SgUp1]:192748 [SgUp2]:193148 [SgUp3]:195445 [SgUp4]:194790 [SgLow1]:192466 [SgLow2]:192797 [SgLow3]:195116 [SgLow4]:194490 [NetMuon1]:55192 [NetMuon2]:55084 [NetMuon3]:55278 [NetMuon4]:55087
[Run]:40553 [Site]:4 [Bin]:13887 [FullTime]:3590.17 [SkipTime]:0 [Veto1]:58.4643 [Veto2]:57.456 [Veto3]:51.7875 [Veto4]:63.3685 [SgUp1]:193014 [SgUp2]:194078 [SgUp3]:194269 [SgUp4]:195314 [SgLow1]:192735 [SgLow2]:193778 [SgLow3]:194003 [SgLow4]:195014 [NetMuon1]:54666 [NetMuon2]:54725 [NetMuon3]:54760 [NetMuon4]:54604
[Run]:40553 [Site]:4 [Bin]:13888 [FullTime]:3590.17 [SkipTime]:0 [Veto1]:47.6994 [Veto2]:55.5975 [Veto3]:56.5381 [Veto4]:54.6339 [SgUp1]:194384 [SgUp2]:192961 [SgUp3]:195014 [SgUp4]:195750 [SgLow1]:194076 [SgLow2]:192702 [SgLow3]:194715 [SgLow4]:195504 [NetMuon1]:55094 [NetMuon2]:54974 [NetMuon3]:54909 [NetMuon4]:55010
[Run]:40553 [Site]:4 [Bin]:13889 [FullTime]:3590.17 [SkipTime]:0 [Veto1]:51.5102 [Veto2]:57.3996 [Veto3]:58.4721 [Veto4]:56.423 [SgUp1]:192986 [SgUp2]:193113 [SgUp3]:194368 [SgUp4]:195764 [SgLow1]:192724 [SgLow2]:192751 [SgLow3]:194071 [SgLow4]:195458 [NetMuon1]:54717 [NetMuon2]:54633 [NetMuon3]:54639 [NetMuon4]:54623
[Run]:40553 [Site]:4 [Bin]:13890 [FullTime]:3590.17 [SkipTime]:0 [Veto1]:51.4049 [Veto2]:64.6318 [Veto3]:50.4294 [Veto4]:53.3888 [SgUp1]:193671 [SgUp2]:194030 [SgUp3]:195682 [SgUp4]:195242 [SgLow1]:193386 [SgLow2]:193755 [SgLow3]:195355 [SgLow4]:194885 [NetMuon1]:54642 [NetMuon2]:54461 [NetMuon3]:54677 [NetMuon4]:54607
[Run]:40553 [Site]:4 [Bin]:13891 [FullTime]:3590.17 [SkipTime]:0 [Veto1]:51.5699 [Veto2]:59.4368 [Veto3]:54.5155 [Veto4]:53.5102 [SgUp1]:194130 [SgUp2]:194121 [SgUp3]:195494 [SgUp4]:195356 [SgLow1]:193788 [SgLow2]:193808 [SgLow3]:195203 [SgLow4]:195091 [NetMuon1]:54797 [NetMuon2]:54693 [NetMuon3]:54821 [NetMuon4]:54801
[Run]:40553 [Site]:4 [Bin]:13892 [FullTime]:3590.17 [SkipTime]:0 [Veto1]:52.4858 [Veto2]:59.4305 [Veto3]:49.5071 [Veto4]:54.4218 [SgUp1]:194057 [SgUp2]:193792 [SgUp3]:195761 [SgUp4]:195504 [SgLow1]:193762 [SgLow2]:193486 [SgLow3]:195462 [SgLow4]:195233 [NetMuon1]:54724 [NetMuon2]:54636 [NetMuon3]:54789 [NetMuon4]:54706
[Run]:40553 [Site]:4 [Bin]:13893 [FullTime]:3590.17 [SkipTime]:0 [Veto1]:51.8161 [Veto2]:49.8516 [Veto3]:52.7929 [Veto4]:60.6741 [SgUp1]:193677 [SgUp2]:193918 [SgUp3]:194506 [SgUp4]:195798 [SgLow1]:193390 [SgLow2]:193651 [SgLow3]:194200 [SgLow4]:195484 [NetMuon1]:55279 [NetMuon2]:55291 [NetMuon3]:55251 [NetMuon4]:55131
[Run]:40553 [Site]:4 [Bin]:13894 [FullTime]:3590.17 [SkipTime]:0 [Veto1]:52.4498 [Veto2]:49.6235 [Veto3]:49.6183 [Veto4]:54.9732 [SgUp1]:194371 [SgUp2]:194766 [SgUp3]:195336 [SgUp4]:195638 [SgLow1]:194121 [SgLow2]:194471 [SgLow3]:195019 [SgLow4]:195353 [NetMuon1]:54927 [NetMuon2]:54998 [NetMuon3]:54967 [NetMuon4]:54874
[Run]:40553 [Site]:4 [Bin]:13895 [FullTime]:3590.17 [SkipTime]:0 [Veto1]:60.5272 [Veto2]:61.1815 [Veto3]:56.4919 [Veto4]:52.5711 [SgUp1]:192027 [SgUp2]:193222 [SgUp3]:195645 [SgUp4]:195671 [SgLow1]:191719 [SgLow2]:192891 [SgLow3]:195313 [SgLow4]:195390 [NetMuon1]:54800 [NetMuon2]:54767 [NetMuon3]:54791 [NetMuon4]:54885
[Run]:40553 [Site]:4 [Bin]:13896 [FullTime]:3590.17 [SkipTime]:0 [Veto1]:56.5877 [Veto2]:60.4957 [Veto3]:58.5288 [Veto4]:57.4788 [SgUp1]:193195 [SgUp2]:194812 [SgUp3]:194220 [SgUp4]:195236 [SgLow1]:192897 [SgLow2]:194513 [SgLow3]:193933 [SgLow4]:194913 [NetMuon1]:54824 [NetMuon2]:54768 [NetMuon3]:54838 [NetMuon4]:54800
[Run]:40553 [Site]:4 [Bin]:13897 [FullTime]:3590.17 [SkipTime]:0 [Veto1]:63.8622 [Veto2]:60.6819 [Veto3]:57.6936 [Veto4]:50.775 [SgUp1]:191845 [SgUp2]:194205 [SgUp3]:194715 [SgUp4]:196071 [SgLow1]:191493 [SgLow2]:193919 [SgLow3]:194411 [SgLow4]:195782 [NetMuon1]:55023 [NetMuon2]:55036 [NetMuon3]:55112 [NetMuon4]:55237
[Run]:40553 [Site]:4 [Bin]:13898 [FullTime]:3590.17 [SkipTime]:0 [Veto1]:54.8514 [Veto2]:58.6919 [Veto3]:60.3972 [Veto4]:50.2317 [SgUp1]:193374 [SgUp2]:194072 [SgUp3]:195453 [SgUp4]:196080 [SgLow1]:193068 [SgLow2]:193778 [SgLow3]:195183 [SgLow4]:195755 [NetMuon1]:55041 [NetMuon2]:55034 [NetMuon3]:55024 [NetMuon4]:55145
[Run]:40553 [Site]:4 [Bin]:13899 [FullTime]:3590.17 [SkipTime]:0 [Veto1]:52.4741 [Veto2]:50.4597 [Veto3]:54.3884 [Veto4]:52.4259 [SgUp1]:193296 [SgUp2]:194334 [SgUp3]:195440 [SgUp4]:195673 [SgLow1]:193047 [SgLow2]:194015 [SgLow3]:195136 [SgLow4]:195355 [NetMuon1]:54697 [NetMuon2]:54734 [NetMuon3]:54667 [NetMuon4]:54714
[Run]:40553 [Site]:4 [Bin]:13900 [FullTime]:3590.17 [SkipTime]:0 [Veto1]:53.6685 [Veto2]:45.9868 [Veto3]:59.5278 [Veto4]:53.1401 [SgUp1]:193243 [SgUp2]:194068 [SgUp3]:195368 [SgUp4]:195858 [SgLow1]:192952 [SgLow2]:193776 [SgLow3]:195069 [SgLow4]:195569 [NetMuon1]:54965 [NetMuon2]:55115 [NetMuon3]:54901 [NetMuon4]:54947
[Run]:40553 [Site]:4 [Bin]:13901 [FullTime]:3590.17 [SkipTime]:0 [Veto1]:50.7663 [Veto2]:52.6935 [Veto3]:59.6153 [Veto4]:56.7291 [SgUp1]:193093 [SgUp2]:194500 [SgUp3]:195638 [SgUp4]:196043 [SgLow1]:192778 [SgLow2]:194195 [SgLow3]:195362 [SgLow4]:195737 [NetMuon1]:55178 [NetMuon2]:55149 [NetMuon3]:55030 [NetMuon4]:55107
[Run]:40553 [Site]:4 [Bin]:13902 [FullTime]:3590.17 [SkipTime]:0 [Veto1]:46.7908 [Veto2]:59.6051 [Veto3]:51.6956 [Veto4]:61.5623 [SgUp1]:192946 [SgUp2]:194362 [SgUp3]:194921 [SgUp4]:195093 [SgLow1]:192675 [SgLow2]:194043 [SgLow3]:194605 [SgLow4]:194809 [NetMuon1]:55188 [NetMuon2]:54989 [NetMuon3]:55099 [NetMuon4]:54936
[Run]:40553 [Site]:4 [Bin]:13903 [FullTime]:3590.18 [SkipTime]:0 [Veto1]:51.0266 [Veto2]:57.9535 [Veto3]:60.8835 [Veto4]:55.9735 [SgUp1]:193129 [SgUp2]:194275 [SgUp3]:194475 [SgUp4]:195524 [SgLow1]:192834 [SgLow2]:193955 [SgLow3]:194153 [SgLow4]:195196 [NetMuon1]:55597 [NetMuon2]:55479 [NetMuon3]:55458 [NetMuon4]:55530
[Run]:40553 [Site]:4 [Bin]:13904 [FullTime]:3590.16 [SkipTime]:0 [Veto1]:63.6491 [Veto2]:49.5071 [Veto3]:61.4073 [Veto4]:52.5118 [SgUp1]:192661 [SgUp2]:194521 [SgUp3]:194778 [SgUp4]:195507 [SgLow1]:192369 [SgLow2]:194211 [SgLow3]:194462 [SgLow4]:195248 [NetMuon1]:54603 [NetMuon2]:54798 [NetMuon3]:54635 [NetMuon4]:54756
[Run]:40553 [Site]:4 [Bin]:13905 [FullTime]:3590.17 [SkipTime]:0 [Veto1]:56.7348 [Veto2]:53.7462 [Veto3]:53.7783 [Veto4]:55.7426 [SgUp1]:192649 [SgUp2]:194571 [SgUp3]:195545 [SgUp4]:194629 [SgLow1]:192359 [SgLow2]:194310 [SgLow3]:195195 [SgLow4]:194351 [NetMuon1]:55133 [NetMuon2]:55201 [NetMuon3]:55213 [NetMuon4]:55175
[Run]:40553 [Site]:4 [Bin]:13906 [FullTime]:3590.17 [SkipTime]:0 [Veto1]:54.4383 [Veto2]:54.4083 [Veto3]:53.4463 [Veto4]:54.0005 [SgUp1]:193139 [SgUp2]:194726 [SgUp3]:195273 [SgUp4]:195247 [SgLow1]:192847 [SgLow2]:194387 [SgLow3]:194988 [SgLow4]:194914 [NetMuon1]:54590 [NetMuon2]:54598 [NetMuon3]:54658 [NetMuon4]:54594
[Run]:40553 [Site]:4 [Bin]:13907 [FullTime]:3590.17 [SkipTime]:0 [Veto1]:58.6152 [Veto2]:54.6392 [Veto3]:56.844 [Veto4]:44.7168 [SgUp1]:193140 [SgUp2]:194679 [SgUp3]:194957 [SgUp4]:195954 [SgLow1]:192812 [SgLow2]:194367 [SgLow3]:194642 [SgLow4]:195645 [NetMuon1]:54928 [NetMuon2]:55001 [NetMuon3]:54963 [NetMuon4]:55151
[Run]:40553 [Site]:4 [Bin]:13908 [FullTime]:3590.17 [SkipTime]:0 [Veto1]:56.5529 [Veto2]:62.4239 [Veto3]:64.4442 [Veto4]:56.5052 [SgUp1]:192607 [SgUp2]:193298 [SgUp3]:195288 [SgUp4]:196345 [SgLow1]:192271 [SgLow2]:193017 [SgLow3]:194984 [SgLow4]:196036 [NetMuon1]:54831 [NetMuon2]:54753 [NetMuon3]:54680 [NetMuon4]:54856
[Run]:40553 [Site]:4 [Bin]:13909 [FullTime]:3590.17 [SkipTime]:0 [Veto1]:45.6889 [Veto2]:60.4421 [Veto3]:55.5118 [Veto4]:60.4931 [SgUp1]:193135 [SgUp2]:193964 [SgUp3]:194830 [SgUp4]:194694 [SgLow1]:192785 [SgLow2]:193651 [SgLow3]:194517 [SgLow4]:194391 [NetMuon1]:54982 [NetMuon2]:54721 [NetMuon3]:54825 [NetMuon4]:54763
[Run]:40553 [Site]:4 [Bin]:13910 [FullTime]:3590.17 [SkipTime]:0 [Veto1]:56.3875 [Veto2]:49.4229 [Veto3]:61.2597 [Veto4]:55.3411 [SgUp1]:193011 [SgUp2]:194690 [SgUp3]:195659 [SgUp4]:195969 [SgLow1]:192716 [SgLow2]:194373 [SgLow3]:195356 [SgLow4]:195684 [NetMuon1]:54498 [NetMuon2]:54602 [NetMuon3]:54421 [NetMuon4]:54510
[Run]:40553 [Site]:4 [Bin]:13911 [FullTime]:3590.17 [SkipTime]:0 [Veto1]:49.4661 [Veto2]:53.3996 [Veto3]:59.3347 [Veto4]:58.3659 [SgUp1]:193218 [SgUp2]:194836 [SgUp3]:194773 [SgUp4]:195103 [SgLow1]:192893 [SgLow2]:194454 [SgLow3]:194475 [SgLow4]:194790 [NetMuon1]:54739 [NetMuon2]:54646 [NetMuon3]:54563 [NetMuon4]:54566
End process Run: 40553 ... 
[Run]:40553 [Site]:4 [Bin]:13912 [FullTime]:2850.58 [SkipTime]:0 [Veto1]:45.5363 [Veto2]:44.4807 [Veto3]:49.4691 [Veto4]:42.5032
