StreamChain add 0x75a87e0
Start to process run: 41779 ... 
[Run]:41779 [Site]:4 [Bin]:15549 [FullTime]:1511.4 [SkipTime]:0 [Veto1]:29.0701 [Veto2]:23.1309 [Veto3]:24.8727 [Veto4]:20.5654 [SgUp1]:81152 [SgUp2]:81712 [SgUp3]:82566 [SgUp4]:81905 [SgLow1]:81009 [SgLow2]:81557 [SgLow3]:82470 [SgLow4]:81757 [NetMuon1]:22295 [NetMuon2]:22404 [NetMuon3]:22365 [NetMuon4]:22433
[Run]:41779 [Site]:4 [Bin]:15550 [FullTime]:3590.17 [SkipTime]:0 [Veto1]:49.6116 [Veto2]:46.6202 [Veto3]:50.5892 [Veto4]:55.4773 [SgUp1]:193629 [SgUp2]:194176 [SgUp3]:195664 [SgUp4]:194831 [SgLow1]:193340 [SgLow2]:193909 [SgLow3]:195415 [SgLow4]:194571 [NetMuon1]:53230 [NetMuon2]:53267 [NetMuon3]:53194 [NetMuon4]:53138
[Run]:41779 [Site]:4 [Bin]:15551 [FullTime]:3590.17 [SkipTime]:0 [Veto1]:51.5668 [Veto2]:57.4389 [Veto3]:59.4406 [Veto4]:56.4573 [SgUp1]:194642 [SgUp2]:194323 [SgUp3]:195744 [SgUp4]:194719 [SgLow1]:194393 [SgLow2]:194032 [SgLow3]:195475 [SgLow4]:194441 [NetMuon1]:53150 [NetMuon2]:53075 [NetMuon3]:53020 [NetMuon4]:53058
[Run]:41779 [Site]:4 [Bin]:15552 [FullTime]:3590.17 [SkipTime]:0 [Veto1]:51.5019 [Veto2]:53.3562 [Veto3]:50.4033 [Veto4]:54.3995 [SgUp1]:193766 [SgUp2]:194887 [SgUp3]:194313 [SgUp4]:195377 [SgLow1]:193500 [SgLow2]:194588 [SgLow3]:194039 [SgLow4]:195082 [NetMuon1]:53007 [NetMuon2]:52932 [NetMuon3]:53006 [NetMuon4]:52966
[Run]:41779 [Site]:4 [Bin]:15553 [FullTime]:3590.17 [SkipTime]:0 [Veto1]:53.3549 [Veto2]:57.3802 [Veto3]:54.3365 [Veto4]:59.3012 [SgUp1]:194018 [SgUp2]:194069 [SgUp3]:195532 [SgUp4]:194474 [SgLow1]:193691 [SgLow2]:193802 [SgLow3]:195289 [SgLow4]:194186 [NetMuon1]:52923 [NetMuon2]:52876 [NetMuon3]:52920 [NetMuon4]:52834
[Run]:41779 [Site]:4 [Bin]:15554 [FullTime]:3590.17 [SkipTime]:0 [Veto1]:52.2889 [Veto2]:51.2576 [Veto3]:53.2277 [Veto4]:58.1968 [SgUp1]:193927 [SgUp2]:194529 [SgUp3]:195330 [SgUp4]:194362 [SgLow1]:193607 [SgLow2]:194285 [SgLow3]:195020 [SgLow4]:194096 [NetMuon1]:52760 [NetMuon2]:52760 [NetMuon3]:52755 [NetMuon4]:52693
[Run]:41779 [Site]:4 [Bin]:15555 [FullTime]:3590.17 [SkipTime]:0 [Veto1]:65.3761 [Veto2]:55.4348 [Veto3]:64.3085 [Veto4]:49.5312 [SgUp1]:193350 [SgUp2]:193432 [SgUp3]:194511 [SgUp4]:195041 [SgLow1]:193030 [SgLow2]:193090 [SgLow3]:194212 [SgLow4]:194749 [NetMuon1]:52874 [NetMuon2]:53060 [NetMuon3]:52886 [NetMuon4]:53142
[Run]:41779 [Site]:4 [Bin]:15556 [FullTime]:3590.17 [SkipTime]:0 [Veto1]:61.5631 [Veto2]:62.3086 [Veto3]:53.388 [Veto4]:49.3995 [SgUp1]:192951 [SgUp2]:193302 [SgUp3]:195229 [SgUp4]:194917 [SgLow1]:192620 [SgLow2]:192964 [SgLow3]:194932 [SgLow4]:194616 [NetMuon1]:52807 [NetMuon2]:52821 [NetMuon3]:52924 [NetMuon4]:52986
[Run]:41779 [Site]:4 [Bin]:15557 [FullTime]:3590.17 [SkipTime]:0 [Veto1]:50.3776 [Veto2]:47.4123 [Veto3]:52.3476 [Veto4]:55.3276 [SgUp1]:194407 [SgUp2]:193980 [SgUp3]:194304 [SgUp4]:195048 [SgLow1]:194136 [SgLow2]:193678 [SgLow3]:194009 [SgLow4]:194749 [NetMuon1]:52958 [NetMuon2]:52980 [NetMuon3]:52946 [NetMuon4]:52862
[Run]:41779 [Site]:4 [Bin]:15558 [FullTime]:3590.17 [SkipTime]:0 [Veto1]:56.3086 [Veto2]:57.2582 [Veto3]:53.3385 [Veto4]:62.2306 [SgUp1]:193445 [SgUp2]:194384 [SgUp3]:195638 [SgUp4]:193288 [SgLow1]:193146 [SgLow2]:194043 [SgLow3]:195370 [SgLow4]:193034 [NetMuon1]:52744 [NetMuon2]:52770 [NetMuon3]:52848 [NetMuon4]:52670
[Run]:41779 [Site]:4 [Bin]:15559 [FullTime]:3590.17 [SkipTime]:0 [Veto1]:57.3882 [Veto2]:58.3137 [Veto3]:53.1521 [Veto4]:52.4107 [SgUp1]:194247 [SgUp2]:193410 [SgUp3]:195956 [SgUp4]:195607 [SgLow1]:193961 [SgLow2]:193066 [SgLow3]:195671 [SgLow4]:195323 [NetMuon1]:52930 [NetMuon2]:52873 [NetMuon3]:52964 [NetMuon4]:53003
[Run]:41779 [Site]:4 [Bin]:15560 [FullTime]:3590.17 [SkipTime]:0 [Veto1]:55.3783 [Veto2]:46.4422 [Veto3]:51.4119 [Veto4]:53.3538 [SgUp1]:192689 [SgUp2]:194584 [SgUp3]:195521 [SgUp4]:195765 [SgLow1]:192420 [SgLow2]:194322 [SgLow3]:195233 [SgLow4]:195489 [NetMuon1]:52880 [NetMuon2]:53025 [NetMuon3]:52934 [NetMuon4]:52880
[Run]:41779 [Site]:4 [Bin]:15561 [FullTime]:3590.17 [SkipTime]:0 [Veto1]:47.664 [Veto2]:64.954 [Veto3]:52.6532 [Veto4]:50.8708 [SgUp1]:194267 [SgUp2]:194530 [SgUp3]:195333 [SgUp4]:195331 [SgLow1]:193926 [SgLow2]:194246 [SgLow3]:195013 [SgLow4]:194994 [NetMuon1]:53344 [NetMuon2]:53036 [NetMuon3]:53287 [NetMuon4]:53280
[Run]:41779 [Site]:4 [Bin]:15562 [FullTime]:3590.17 [SkipTime]:0 [Veto1]:53.4745 [Veto2]:59.3461 [Veto3]:51.3895 [Veto4]:45.4915 [SgUp1]:193424 [SgUp2]:194904 [SgUp3]:195258 [SgUp4]:196043 [SgLow1]:193097 [SgLow2]:194591 [SgLow3]:194945 [SgLow4]:195756 [NetMuon1]:52949 [NetMuon2]:52856 [NetMuon3]:52995 [NetMuon4]:53098
[Run]:41779 [Site]:4 [Bin]:15563 [FullTime]:3590.17 [SkipTime]:0 [Veto1]:57.4696 [Veto2]:56.4844 [Veto3]:57.414 [Veto4]:48.5175 [SgUp1]:193569 [SgUp2]:194175 [SgUp3]:195198 [SgUp4]:195405 [SgLow1]:193308 [SgLow2]:193915 [SgLow3]:194872 [SgLow4]:195087 [NetMuon1]:53034 [NetMuon2]:53023 [NetMuon3]:52990 [NetMuon4]:53147
[Run]:41779 [Site]:4 [Bin]:15564 [FullTime]:3590.17 [SkipTime]:0 [Veto1]:51.5688 [Veto2]:53.502 [Veto3]:57.4562 [Veto4]:59.4743 [SgUp1]:194069 [SgUp2]:194435 [SgUp3]:195563 [SgUp4]:194825 [SgLow1]:193762 [SgLow2]:194169 [SgLow3]:195272 [SgLow4]:194534 [NetMuon1]:53189 [NetMuon2]:53117 [NetMuon3]:53115 [NetMuon4]:53062
[Run]:41779 [Site]:4 [Bin]:15565 [FullTime]:3590.17 [SkipTime]:0 [Veto1]:55.1334 [Veto2]:49.1434 [Veto3]:49.183 [Veto4]:51.1238 [SgUp1]:193738 [SgUp2]:194605 [SgUp3]:196169 [SgUp4]:194573 [SgLow1]:193417 [SgLow2]:194331 [SgLow3]:195873 [SgLow4]:194283 [NetMuon1]:52521 [NetMuon2]:52593 [NetMuon3]:52604 [NetMuon4]:52581
[Run]:41779 [Site]:4 [Bin]:15566 [FullTime]:3590.17 [SkipTime]:0 [Veto1]:53.1274 [Veto2]:56.0397 [Veto3]:60.0851 [Veto4]:49.1557 [SgUp1]:194046 [SgUp2]:193719 [SgUp3]:195155 [SgUp4]:194914 [SgLow1]:193729 [SgLow2]:193401 [SgLow3]:194789 [SgLow4]:194631 [NetMuon1]:52495 [NetMuon2]:52431 [NetMuon3]:52431 [NetMuon4]:52576
[Run]:41779 [Site]:4 [Bin]:15567 [FullTime]:3590.17 [SkipTime]:0 [Veto1]:52.3448 [Veto2]:49.3627 [Veto3]:57.6395 [Veto4]:49.3667 [SgUp1]:194705 [SgUp2]:194728 [SgUp3]:194561 [SgUp4]:194599 [SgLow1]:194405 [SgLow2]:194376 [SgLow3]:194295 [SgLow4]:194321 [NetMuon1]:52826 [NetMuon2]:52881 [NetMuon3]:52727 [NetMuon4]:52899
[Run]:41779 [Site]:4 [Bin]:15568 [FullTime]:3590.18 [SkipTime]:0 [Veto1]:44.715 [Veto2]:57.1738 [Veto3]:52.6211 [Veto4]:59.5621 [SgUp1]:194832 [SgUp2]:194307 [SgUp3]:195592 [SgUp4]:195066 [SgLow1]:194585 [SgLow2]:193966 [SgLow3]:195305 [SgLow4]:194737 [NetMuon1]:53407 [NetMuon2]:53211 [NetMuon3]:53251 [NetMuon4]:53216
[Run]:41779 [Site]:4 [Bin]:15569 [FullTime]:3590.16 [SkipTime]:0 [Veto1]:54.9261 [Veto2]:50.5051 [Veto3]:55.4554 [Veto4]:58.4548 [SgUp1]:193792 [SgUp2]:194510 [SgUp3]:195459 [SgUp4]:194535 [SgLow1]:193515 [SgLow2]:194208 [SgLow3]:195172 [SgLow4]:194240 [NetMuon1]:53084 [NetMuon2]:53172 [NetMuon3]:53106 [NetMuon4]:53072
[Run]:41779 [Site]:4 [Bin]:15570 [FullTime]:3590.17 [SkipTime]:0 [Veto1]:62.163 [Veto2]:55.1643 [Veto3]:42.2913 [Veto4]:58.126 [SgUp1]:193664 [SgUp2]:194321 [SgUp3]:196713 [SgUp4]:193720 [SgLow1]:193361 [SgLow2]:194056 [SgLow3]:196413 [SgLow4]:193442 [NetMuon1]:52511 [NetMuon2]:52611 [NetMuon3]:52804 [NetMuon4]:52550
[Run]:41779 [Site]:4 [Bin]:15571 [FullTime]:3590.17 [SkipTime]:0 [Veto1]:46.5681 [Veto2]:52.4642 [Veto3]:54.4379 [Veto4]:51.5195 [SgUp1]:194617 [SgUp2]:194618 [SgUp3]:195449 [SgUp4]:195509 [SgLow1]:194329 [SgLow2]:194327 [SgLow3]:195146 [SgLow4]:195208 [NetMuon1]:53182 [NetMuon2]:53088 [NetMuon3]:53063 [NetMuon4]:53136
[Run]:41779 [Site]:4 [Bin]:15572 [FullTime]:2606.74 [SkipTime]:983.433 [Veto1]:40.3379 [Veto2]:44.2355 [Veto3]:40.3486 [Veto4]:35.3969 [SgUp1]:141598 [SgUp2]:140732 [SgUp3]:141158 [SgUp4]:140949 [SgLow1]:141355 [SgLow2]:140475 [SgLow3]:140963 [SgLow4]:140712 [NetMuon1]:38567 [NetMuon2]:38493 [NetMuon3]:38529 [NetMuon4]:38614
[Run]:41779 [Site]:4 [Bin]:15573 [FullTime]:3590.17 [SkipTime]:0 [Veto1]:58.461 [Veto2]:52.4667 [Veto3]:52.5299 [Veto4]:57.4636 [SgUp1]:193760 [SgUp2]:193871 [SgUp3]:195930 [SgUp4]:194528 [SgLow1]:193448 [SgLow2]:193573 [SgLow3]:195585 [SgLow4]:194250 [NetMuon1]:53096 [NetMuon2]:53167 [NetMuon3]:53194 [NetMuon4]:53054
[Run]:41779 [Site]:4 [Bin]:15574 [FullTime]:3590.17 [SkipTime]:0 [Veto1]:54.67 [Veto2]:51.1798 [Veto3]:59.5994 [Veto4]:51.7915 [SgUp1]:192750 [SgUp2]:194840 [SgUp3]:195421 [SgUp4]:195098 [SgLow1]:192439 [SgLow2]:194500 [SgLow3]:195098 [SgLow4]:194824 [NetMuon1]:53379 [NetMuon2]:53417 [NetMuon3]:53294 [NetMuon4]:53436
[Run]:41779 [Site]:4 [Bin]:15575 [FullTime]:3590.17 [SkipTime]:0 [Veto1]:55.5319 [Veto2]:54.4371 [Veto3]:52.5225 [Veto4]:51.4767 [SgUp1]:194434 [SgUp2]:193148 [SgUp3]:194690 [SgUp4]:194725 [SgLow1]:194136 [SgLow2]:192867 [SgLow3]:194364 [SgLow4]:194400 [NetMuon1]:53083 [NetMuon2]:53090 [NetMuon3]:53116 [NetMuon4]:53134
[Run]:41779 [Site]:4 [Bin]:15576 [FullTime]:3590.17 [SkipTime]:0 [Veto1]:58.3501 [Veto2]:50.3201 [Veto3]:45.4073 [Veto4]:57.3158 [SgUp1]:193724 [SgUp2]:193896 [SgUp3]:195475 [SgUp4]:195271 [SgLow1]:193436 [SgLow2]:193563 [SgLow3]:195188 [SgLow4]:195032 [NetMuon1]:52813 [NetMuon2]:52920 [NetMuon3]:52993 [NetMuon4]:52825
[Run]:41779 [Site]:4 [Bin]:15577 [FullTime]:3590.17 [SkipTime]:0 [Veto1]:53.4378 [Veto2]:53.3362 [Veto3]:51.4245 [Veto4]:53.3726 [SgUp1]:193935 [SgUp2]:194688 [SgUp3]:195588 [SgUp4]:195037 [SgLow1]:193618 [SgLow2]:194384 [SgLow3]:195276 [SgLow4]:194748 [NetMuon1]:52939 [NetMuon2]:52934 [NetMuon3]:52976 [NetMuon4]:52954
[Run]:41779 [Site]:4 [Bin]:15578 [FullTime]:3590.17 [SkipTime]:0 [Veto1]:58.224 [Veto2]:60.1909 [Veto3]:57.2364 [Veto4]:52.2791 [SgUp1]:193774 [SgUp2]:194002 [SgUp3]:195506 [SgUp4]:195950 [SgLow1]:193452 [SgLow2]:193721 [SgLow3]:195180 [SgLow4]:195692 [NetMuon1]:52668 [NetMuon2]:52619 [NetMuon3]:52690 [NetMuon4]:52768
[Run]:41779 [Site]:4 [Bin]:15579 [FullTime]:3590.17 [SkipTime]:0 [Veto1]:52.4468 [Veto2]:57.296 [Veto3]:65.2 [Veto4]:59.1829 [SgUp1]:194829 [SgUp2]:193077 [SgUp3]:194731 [SgUp4]:194435 [SgLow1]:194529 [SgLow2]:192774 [SgLow3]:194461 [SgLow4]:194142 [NetMuon1]:52926 [NetMuon2]:52820 [NetMuon3]:52711 [NetMuon4]:52793
[Run]:41779 [Site]:4 [Bin]:15580 [FullTime]:3590.17 [SkipTime]:0 [Veto1]:45.4403 [Veto2]:54.3093 [Veto3]:58.2761 [Veto4]:57.2448 [SgUp1]:194786 [SgUp2]:194477 [SgUp3]:194969 [SgUp4]:195385 [SgLow1]:194494 [SgLow2]:194166 [SgLow3]:194697 [SgLow4]:195077 [NetMuon1]:52957 [NetMuon2]:52828 [NetMuon3]:52759 [NetMuon4]:52815
[Run]:41779 [Site]:4 [Bin]:15581 [FullTime]:3590.17 [SkipTime]:0 [Veto1]:47.5419 [Veto2]:54.4221 [Veto3]:57.3895 [Veto4]:45.5557 [SgUp1]:194728 [SgUp2]:194447 [SgUp3]:195785 [SgUp4]:196300 [SgLow1]:194434 [SgLow2]:194148 [SgLow3]:195432 [SgLow4]:195990 [NetMuon1]:53121 [NetMuon2]:53028 [NetMuon3]:52978 [NetMuon4]:53153
[Run]:41779 [Site]:4 [Bin]:15582 [FullTime]:3590.17 [SkipTime]:0 [Veto1]:50.3506 [Veto2]:44.372 [Veto3]:52.2857 [Veto4]:60.2239 [SgUp1]:194328 [SgUp2]:194105 [SgUp3]:194958 [SgUp4]:194889 [SgLow1]:194041 [SgLow2]:193759 [SgLow3]:194681 [SgLow4]:194608 [NetMuon1]:52826 [NetMuon2]:52955 [NetMuon3]:52827 [NetMuon4]:52717
[Run]:41779 [Site]:4 [Bin]:15583 [FullTime]:3590.17 [SkipTime]:0 [Veto1]:57.2279 [Veto2]:53.3056 [Veto3]:56.2136 [Veto4]:52.2951 [SgUp1]:194946 [SgUp2]:194863 [SgUp3]:195425 [SgUp4]:195149 [SgLow1]:194636 [SgLow2]:194521 [SgLow3]:195156 [SgLow4]:194879 [NetMuon1]:52686 [NetMuon2]:52776 [NetMuon3]:52730 [NetMuon4]:52785
[Run]:41779 [Site]:4 [Bin]:15584 [FullTime]:3590.17 [SkipTime]:0 [Veto1]:51.3324 [Veto2]:47.3621 [Veto3]:52.3149 [Veto4]:50.3174 [SgUp1]:194644 [SgUp2]:195166 [SgUp3]:195020 [SgUp4]:195945 [SgLow1]:194405 [SgLow2]:194870 [SgLow3]:194735 [SgLow4]:195681 [NetMuon1]:52789 [NetMuon2]:52896 [NetMuon3]:52842 [NetMuon4]:52864
[Run]:41779 [Site]:4 [Bin]:15585 [FullTime]:3590.17 [SkipTime]:0 [Veto1]:51.6652 [Veto2]:49.083 [Veto3]:54.3014 [Veto4]:54.3359 [SgUp1]:194471 [SgUp2]:194020 [SgUp3]:195147 [SgUp4]:195987 [SgLow1]:194160 [SgLow2]:193722 [SgLow3]:194842 [SgLow4]:195694 [NetMuon1]:52828 [NetMuon2]:52869 [NetMuon3]:52777 [NetMuon4]:52794
[Run]:41779 [Site]:4 [Bin]:15586 [FullTime]:3590.17 [SkipTime]:0 [Veto1]:53.9639 [Veto2]:53.0674 [Veto3]:53.039 [Veto4]:62.5845 [SgUp1]:193684 [SgUp2]:195085 [SgUp3]:195361 [SgUp4]:194530 [SgLow1]:193373 [SgLow2]:194778 [SgLow3]:195035 [SgLow4]:194249 [NetMuon1]:52362 [NetMuon2]:52412 [NetMuon3]:52389 [NetMuon4]:52220
[Run]:41779 [Site]:4 [Bin]:15587 [FullTime]:3590.17 [SkipTime]:0 [Veto1]:60.3148 [Veto2]:57.3088 [Veto3]:58.2945 [Veto4]:47.4091 [SgUp1]:193542 [SgUp2]:194291 [SgUp3]:194870 [SgUp4]:196148 [SgLow1]:193241 [SgLow2]:193977 [SgLow3]:194592 [SgLow4]:195856 [NetMuon1]:52793 [NetMuon2]:52856 [NetMuon3]:52833 [NetMuon4]:52977
[Run]:41779 [Site]:4 [Bin]:15588 [FullTime]:3590.17 [SkipTime]:0 [Veto1]:52.503 [Veto2]:49.5653 [Veto3]:51.4858 [Veto4]:50.5171 [SgUp1]:193732 [SgUp2]:194444 [SgUp3]:195682 [SgUp4]:195011 [SgLow1]:193415 [SgLow2]:194168 [SgLow3]:195419 [SgLow4]:194733 [NetMuon1]:53131 [NetMuon2]:53166 [NetMuon3]:53156 [NetMuon4]:53161
[Run]:41779 [Site]:4 [Bin]:15589 [FullTime]:3590.17 [SkipTime]:0 [Veto1]:51.4865 [Veto2]:54.3807 [Veto3]:58.3453 [Veto4]:55.3732 [SgUp1]:194568 [SgUp2]:194969 [SgUp3]:194225 [SgUp4]:195572 [SgLow1]:194286 [SgLow2]:194712 [SgLow3]:193902 [SgLow4]:195332 [NetMuon1]:53037 [NetMuon2]:52978 [NetMuon3]:52917 [NetMuon4]:52945
[Run]:41779 [Site]:4 [Bin]:15590 [FullTime]:3590.17 [SkipTime]:0 [Veto1]:59.3233 [Veto2]:54.2695 [Veto3]:46.3766 [Veto4]:52.3511 [SgUp1]:195104 [SgUp2]:194581 [SgUp3]:195244 [SgUp4]:194731 [SgLow1]:194805 [SgLow2]:194306 [SgLow3]:194939 [SgLow4]:194418 [NetMuon1]:52773 [NetMuon2]:52838 [NetMuon3]:52953 [NetMuon4]:52899
[Run]:41779 [Site]:4 [Bin]:15591 [FullTime]:3590.17 [SkipTime]:0 [Veto1]:57.4669 [Veto2]:55.1701 [Veto3]:65.2658 [Veto4]:53.4987 [SgUp1]:194253 [SgUp2]:195510 [SgUp3]:194653 [SgUp4]:195523 [SgLow1]:193910 [SgLow2]:195202 [SgLow3]:194367 [SgLow4]:195241 [NetMuon1]:53068 [NetMuon2]:53091 [NetMuon3]:52946 [NetMuon4]:53131
[Run]:41779 [Site]:4 [Bin]:15592 [FullTime]:3590.17 [SkipTime]:0 [Veto1]:51.2203 [Veto2]:50.1749 [Veto3]:53.1625 [Veto4]:54.1394 [SgUp1]:193546 [SgUp2]:195448 [SgUp3]:194849 [SgUp4]:195314 [SgLow1]:193210 [SgLow2]:195153 [SgLow3]:194539 [SgLow4]:194985 [NetMuon1]:52644 [NetMuon2]:52648 [NetMuon3]:52635 [NetMuon4]:52599
[Run]:41779 [Site]:4 [Bin]:15593 [FullTime]:3590.18 [SkipTime]:0 [Veto1]:58.1827 [Veto2]:53.179 [Veto3]:56.0955 [Veto4]:56.1308 [SgUp1]:194553 [SgUp2]:193661 [SgUp3]:195228 [SgUp4]:194931 [SgLow1]:194221 [SgLow2]:193373 [SgLow3]:194882 [SgLow4]:194647 [NetMuon1]:52515 [NetMuon2]:52595 [NetMuon3]:52541 [NetMuon4]:52514
[Run]:41779 [Site]:4 [Bin]:15594 [FullTime]:3590.17 [SkipTime]:0 [Veto1]:51.0508 [Veto2]:60.8889 [Veto3]:56.9174 [Veto4]:53.9814 [SgUp1]:193153 [SgUp2]:194077 [SgUp3]:194896 [SgUp4]:195427 [SgLow1]:192844 [SgLow2]:193806 [SgLow3]:194589 [SgLow4]:195132 [NetMuon1]:52384 [NetMuon2]:52217 [NetMuon3]:52278 [NetMuon4]:52308
[Run]:41779 [Site]:4 [Bin]:15595 [FullTime]:3590.17 [SkipTime]:0 [Veto1]:64.2849 [Veto2]:51.3446 [Veto3]:51.3846 [Veto4]:50.3937 [SgUp1]:192812 [SgUp2]:194208 [SgUp3]:194110 [SgUp4]:194954 [SgLow1]:192515 [SgLow2]:193876 [SgLow3]:193799 [SgLow4]:194659 [NetMuon1]:52721 [NetMuon2]:52934 [NetMuon3]:52938 [NetMuon4]:52935
[Run]:41779 [Site]:4 [Bin]:15596 [FullTime]:3590.17 [SkipTime]:0 [Veto1]:57.2146 [Veto2]:61.0345 [Veto3]:53.1617 [Veto4]:49.2091 [SgUp1]:194154 [SgUp2]:193650 [SgUp3]:195601 [SgUp4]:195880 [SgLow1]:193847 [SgLow2]:193394 [SgLow3]:195298 [SgLow4]:195620 [NetMuon1]:52632 [NetMuon2]:52591 [NetMuon3]:52708 [NetMuon4]:52756
End process Run: 41779 ... 
[Run]:41779 [Site]:4 [Bin]:15597 [FullTime]:1322.16 [SkipTime]:0 [Veto1]:16.3109 [Veto2]:19.252 [Veto3]:16.2911 [Veto4]:21.2764
