StreamChain add 0x7de57e0
Start to process run: 42667 ... 
[Run]:42667 [Site]:4 [Bin]:16560 [FullTime]:784.331 [SkipTime]:0 [Veto1]:9.33082 [Veto2]:11.2945 [Veto3]:14.2821 [Veto4]:11.3253 [SgUp1]:43015 [SgUp2]:42460 [SgUp3]:42703 [SgUp4]:42493 [SgLow1]:42964 [SgLow2]:42375 [SgLow3]:42640 [SgLow4]:42436 [NetMuon1]:11640 [NetMuon2]:11592 [NetMuon3]:11557 [NetMuon4]:11611
[Run]:42667 [Site]:4 [Bin]:16561 [FullTime]:3590.17 [SkipTime]:0 [Veto1]:57.5969 [Veto2]:57.5297 [Veto3]:54.5992 [Veto4]:56.6036 [SgUp1]:194155 [SgUp2]:193539 [SgUp3]:196198 [SgUp4]:196128 [SgLow1]:193893 [SgLow2]:193275 [SgLow3]:195933 [SgLow4]:195841 [NetMuon1]:53293 [NetMuon2]:53268 [NetMuon3]:53335 [NetMuon4]:53337
[Run]:42667 [Site]:4 [Bin]:16562 [FullTime]:3590.17 [SkipTime]:0 [Veto1]:56.327 [Veto2]:53.7313 [Veto3]:56.3786 [Veto4]:53.7463 [SgUp1]:194314 [SgUp2]:193662 [SgUp3]:195206 [SgUp4]:195670 [SgLow1]:194033 [SgLow2]:193335 [SgLow3]:194934 [SgLow4]:195331 [NetMuon1]:53480 [NetMuon2]:53525 [NetMuon3]:53510 [NetMuon4]:53527
[Run]:42667 [Site]:4 [Bin]:16563 [FullTime]:3590.17 [SkipTime]:0 [Veto1]:54.3951 [Veto2]:48.4682 [Veto3]:63.1834 [Veto4]:60.3046 [SgUp1]:194438 [SgUp2]:194836 [SgUp3]:195030 [SgUp4]:195520 [SgLow1]:194143 [SgLow2]:194537 [SgLow3]:194724 [SgLow4]:195246 [NetMuon1]:53010 [NetMuon2]:53099 [NetMuon3]:52901 [NetMuon4]:52921
[Run]:42667 [Site]:4 [Bin]:16564 [FullTime]:3590.17 [SkipTime]:0 [Veto1]:50.4418 [Veto2]:53.362 [Veto3]:55.3118 [Veto4]:56.361 [SgUp1]:194216 [SgUp2]:193956 [SgUp3]:194699 [SgUp4]:195174 [SgLow1]:193934 [SgLow2]:193684 [SgLow3]:194413 [SgLow4]:194878 [NetMuon1]:53014 [NetMuon2]:52958 [NetMuon3]:52913 [NetMuon4]:52924
[Run]:42667 [Site]:4 [Bin]:16565 [FullTime]:3590.17 [SkipTime]:0 [Veto1]:59.3369 [Veto2]:52.3026 [Veto3]:54.308 [Veto4]:63.2084 [SgUp1]:194683 [SgUp2]:194422 [SgUp3]:195952 [SgUp4]:194748 [SgLow1]:194378 [SgLow2]:194127 [SgLow3]:195685 [SgLow4]:194454 [NetMuon1]:52758 [NetMuon2]:52853 [NetMuon3]:52842 [NetMuon4]:52695
[Run]:42667 [Site]:4 [Bin]:16566 [FullTime]:3590.17 [SkipTime]:0 [Veto1]:57.5735 [Veto2]:53.5248 [Veto3]:57.4906 [Veto4]:63.3942 [SgUp1]:193195 [SgUp2]:194059 [SgUp3]:196267 [SgUp4]:195474 [SgLow1]:192861 [SgLow2]:193761 [SgLow3]:195958 [SgLow4]:195185 [NetMuon1]:53164 [NetMuon2]:53206 [NetMuon3]:53149 [NetMuon4]:53027
[Run]:42667 [Site]:4 [Bin]:16567 [FullTime]:3590.17 [SkipTime]:0 [Veto1]:50.7181 [Veto2]:55.6347 [Veto3]:55.5641 [Veto4]:52.6712 [SgUp1]:194951 [SgUp2]:193716 [SgUp3]:195676 [SgUp4]:195745 [SgLow1]:194672 [SgLow2]:193429 [SgLow3]:195441 [SgLow4]:195478 [NetMuon1]:53431 [NetMuon2]:53372 [NetMuon3]:53363 [NetMuon4]:53426
[Run]:42667 [Site]:4 [Bin]:16568 [FullTime]:3590.18 [SkipTime]:0 [Veto1]:51.737 [Veto2]:52.6226 [Veto3]:50.6799 [Veto4]:53.6849 [SgUp1]:194601 [SgUp2]:194356 [SgUp3]:195354 [SgUp4]:195480 [SgLow1]:194317 [SgLow2]:194047 [SgLow3]:195036 [SgLow4]:195202 [NetMuon1]:53501 [NetMuon2]:53471 [NetMuon3]:53481 [NetMuon4]:53479
[Run]:42667 [Site]:4 [Bin]:16569 [FullTime]:3590.17 [SkipTime]:0 [Veto1]:55.8318 [Veto2]:51.8066 [Veto3]:54.7465 [Veto4]:58.7508 [SgUp1]:194584 [SgUp2]:194638 [SgUp3]:195278 [SgUp4]:196026 [SgLow1]:194279 [SgLow2]:194330 [SgLow3]:194985 [SgLow4]:195732 [NetMuon1]:53663 [NetMuon2]:53678 [NetMuon3]:53630 [NetMuon4]:53594
[Run]:42667 [Site]:4 [Bin]:16570 [FullTime]:3590.17 [SkipTime]:0 [Veto1]:54.9602 [Veto2]:44.9363 [Veto3]:56.82 [Veto4]:53.8794 [SgUp1]:194515 [SgUp2]:194982 [SgUp3]:195148 [SgUp4]:195279 [SgLow1]:194255 [SgLow2]:194652 [SgLow3]:194852 [SgLow4]:194968 [NetMuon1]:53733 [NetMuon2]:53880 [NetMuon3]:53715 [NetMuon4]:53706
[Run]:42667 [Site]:4 [Bin]:16571 [FullTime]:3590.17 [SkipTime]:0 [Veto1]:68.935 [Veto2]:55.0027 [Veto3]:50.0587 [Veto4]:49.0188 [SgUp1]:192771 [SgUp2]:194363 [SgUp3]:196078 [SgUp4]:195717 [SgLow1]:192470 [SgLow2]:194081 [SgLow3]:195765 [SgLow4]:195464 [NetMuon1]:53794 [NetMuon2]:53961 [NetMuon3]:54051 [NetMuon4]:54034
[Run]:42667 [Site]:4 [Bin]:16572 [FullTime]:3590.17 [SkipTime]:0 [Veto1]:59.8133 [Veto2]:50.7294 [Veto3]:52.8227 [Veto4]:52.8209 [SgUp1]:193677 [SgUp2]:194890 [SgUp3]:194428 [SgUp4]:195885 [SgLow1]:193361 [SgLow2]:194580 [SgLow3]:194126 [SgLow4]:195591 [NetMuon1]:53634 [NetMuon2]:53778 [NetMuon3]:53768 [NetMuon4]:53741
[Run]:42667 [Site]:4 [Bin]:16573 [FullTime]:3590.17 [SkipTime]:0 [Veto1]:61.5079 [Veto2]:50.6158 [Veto3]:54.4962 [Veto4]:52.604 [SgUp1]:193267 [SgUp2]:194585 [SgUp3]:195287 [SgUp4]:196309 [SgLow1]:192984 [SgLow2]:194288 [SgLow3]:194975 [SgLow4]:196007 [NetMuon1]:53121 [NetMuon2]:53304 [NetMuon3]:53231 [NetMuon4]:53266
[Run]:42667 [Site]:4 [Bin]:16574 [FullTime]:3590.17 [SkipTime]:0 [Veto1]:51.7451 [Veto2]:54.64 [Veto3]:56.6479 [Veto4]:49.6955 [SgUp1]:194480 [SgUp2]:193914 [SgUp3]:195374 [SgUp4]:196901 [SgLow1]:194209 [SgLow2]:193611 [SgLow3]:195066 [SgLow4]:196574 [NetMuon1]:53460 [NetMuon2]:53386 [NetMuon3]:53380 [NetMuon4]:53454
[Run]:42667 [Site]:4 [Bin]:16575 [FullTime]:3590.18 [SkipTime]:0 [Veto1]:58.8173 [Veto2]:50.8106 [Veto3]:52.7721 [Veto4]:49.7822 [SgUp1]:194031 [SgUp2]:194656 [SgUp3]:195348 [SgUp4]:196169 [SgLow1]:193705 [SgLow2]:194343 [SgLow3]:195068 [SgLow4]:195848 [NetMuon1]:53559 [NetMuon2]:53636 [NetMuon3]:53584 [NetMuon4]:53665
[Run]:42667 [Site]:4 [Bin]:16576 [FullTime]:3590.16 [SkipTime]:0 [Veto1]:55.3987 [Veto2]:51.9176 [Veto3]:60.7941 [Veto4]:53.9028 [SgUp1]:194155 [SgUp2]:194448 [SgUp3]:194834 [SgUp4]:196302 [SgLow1]:193818 [SgLow2]:194169 [SgLow3]:194570 [SgLow4]:195976 [NetMuon1]:53716 [NetMuon2]:53775 [NetMuon3]:53590 [NetMuon4]:53722
[Run]:42667 [Site]:4 [Bin]:16577 [FullTime]:3590.17 [SkipTime]:0 [Veto1]:53.7995 [Veto2]:55.7835 [Veto3]:49.8146 [Veto4]:53.8374 [SgUp1]:194342 [SgUp2]:194816 [SgUp3]:195479 [SgUp4]:195553 [SgLow1]:194046 [SgLow2]:194504 [SgLow3]:195208 [SgLow4]:195274 [NetMuon1]:53637 [NetMuon2]:53605 [NetMuon3]:53682 [NetMuon4]:53688
[Run]:42667 [Site]:4 [Bin]:16578 [FullTime]:3590.17 [SkipTime]:0 [Veto1]:52.5091 [Veto2]:51.5578 [Veto3]:52.5347 [Veto4]:56.5011 [SgUp1]:193754 [SgUp2]:195170 [SgUp3]:195947 [SgUp4]:195870 [SgLow1]:193458 [SgLow2]:194871 [SgLow3]:195596 [SgLow4]:195557 [NetMuon1]:53143 [NetMuon2]:53222 [NetMuon3]:53211 [NetMuon4]:53130
[Run]:42667 [Site]:4 [Bin]:16579 [FullTime]:3590.17 [SkipTime]:0 [Veto1]:49.5429 [Veto2]:57.4552 [Veto3]:54.4543 [Veto4]:60.3891 [SgUp1]:194351 [SgUp2]:194872 [SgUp3]:195332 [SgUp4]:195133 [SgLow1]:194051 [SgLow2]:194539 [SgLow3]:195046 [SgLow4]:194826 [NetMuon1]:53172 [NetMuon2]:53044 [NetMuon3]:53071 [NetMuon4]:52963
[Run]:42667 [Site]:4 [Bin]:16580 [FullTime]:3590.17 [SkipTime]:0 [Veto1]:51.5948 [Veto2]:55.5289 [Veto3]:58.4926 [Veto4]:61.5375 [SgUp1]:193629 [SgUp2]:194068 [SgUp3]:195728 [SgUp4]:194896 [SgLow1]:193339 [SgLow2]:193780 [SgLow3]:195446 [SgLow4]:194588 [NetMuon1]:53317 [NetMuon2]:53263 [NetMuon3]:53172 [NetMuon4]:53198
[Run]:42667 [Site]:4 [Bin]:16581 [FullTime]:3590.17 [SkipTime]:0 [Veto1]:67.4678 [Veto2]:57.4942 [Veto3]:53.4885 [Veto4]:55.5015 [SgUp1]:193668 [SgUp2]:193419 [SgUp3]:196083 [SgUp4]:195937 [SgLow1]:193360 [SgLow2]:193156 [SgLow3]:195813 [SgLow4]:195650 [NetMuon1]:53008 [NetMuon2]:53181 [NetMuon3]:53200 [NetMuon4]:53190
[Run]:42667 [Site]:4 [Bin]:16582 [FullTime]:3590.17 [SkipTime]:0 [Veto1]:58.6632 [Veto2]:59.5442 [Veto3]:55.6264 [Veto4]:63.1562 [SgUp1]:194005 [SgUp2]:193915 [SgUp3]:195286 [SgUp4]:195138 [SgLow1]:193732 [SgLow2]:193640 [SgLow3]:195000 [SgLow4]:194785 [NetMuon1]:53344 [NetMuon2]:53316 [NetMuon3]:53383 [NetMuon4]:53286
[Run]:42667 [Site]:4 [Bin]:16583 [FullTime]:2278.5 [SkipTime]:1311.67 [Veto1]:31.5504 [Veto2]:34.5009 [Veto3]:38.4364 [Veto4]:37.4359 [SgUp1]:123548 [SgUp2]:123017 [SgUp3]:123638 [SgUp4]:124019 [SgLow1]:123350 [SgLow2]:122825 [SgLow3]:123425 [SgLow4]:123841 [NetMuon1]:34151 [NetMuon2]:34113 [NetMuon3]:34035 [NetMuon4]:34041
[Run]:42667 [Site]:4 [Bin]:16584 [FullTime]:3590.17 [SkipTime]:0 [Veto1]:47.4142 [Veto2]:56.2556 [Veto3]:55.2739 [Veto4]:55.3318 [SgUp1]:194649 [SgUp2]:194443 [SgUp3]:195582 [SgUp4]:194762 [SgLow1]:194361 [SgLow2]:194146 [SgLow3]:195272 [SgLow4]:194488 [NetMuon1]:52912 [NetMuon2]:52803 [NetMuon3]:52810 [NetMuon4]:52843
[Run]:42667 [Site]:4 [Bin]:16585 [FullTime]:3590.17 [SkipTime]:0 [Veto1]:52.363 [Veto2]:50.3012 [Veto3]:51.2908 [Veto4]:53.3354 [SgUp1]:194715 [SgUp2]:194171 [SgUp3]:195466 [SgUp4]:195297 [SgLow1]:194461 [SgLow2]:193896 [SgLow3]:195165 [SgLow4]:194997 [NetMuon1]:52816 [NetMuon2]:52836 [NetMuon3]:52809 [NetMuon4]:52815
[Run]:42667 [Site]:4 [Bin]:16586 [FullTime]:3590.17 [SkipTime]:0 [Veto1]:45.4165 [Veto2]:52.2778 [Veto3]:60.1889 [Veto4]:59.2032 [SgUp1]:194215 [SgUp2]:193889 [SgUp3]:195384 [SgUp4]:196148 [SgLow1]:193945 [SgLow2]:193588 [SgLow3]:195101 [SgLow4]:195872 [NetMuon1]:52888 [NetMuon2]:52807 [NetMuon3]:52643 [NetMuon4]:52700
[Run]:42667 [Site]:4 [Bin]:16587 [FullTime]:3590.17 [SkipTime]:0 [Veto1]:46.294 [Veto2]:50.2602 [Veto3]:53.2215 [Veto4]:49.2371 [SgUp1]:195450 [SgUp2]:193890 [SgUp3]:196472 [SgUp4]:196355 [SgLow1]:195116 [SgLow2]:193614 [SgLow3]:196161 [SgLow4]:196060 [NetMuon1]:52809 [NetMuon2]:52788 [NetMuon3]:52704 [NetMuon4]:52742
[Run]:42667 [Site]:4 [Bin]:16588 [FullTime]:3590.17 [SkipTime]:0 [Veto1]:55.6033 [Veto2]:50.6082 [Veto3]:53.1833 [Veto4]:54.5736 [SgUp1]:194172 [SgUp2]:195035 [SgUp3]:195433 [SgUp4]:195176 [SgLow1]:193883 [SgLow2]:194739 [SgLow3]:195097 [SgLow4]:194881 [NetMuon1]:53238 [NetMuon2]:53325 [NetMuon3]:53317 [NetMuon4]:53276
[Run]:42667 [Site]:4 [Bin]:16589 [FullTime]:3590.17 [SkipTime]:0 [Veto1]:46.5198 [Veto2]:54.422 [Veto3]:56.3808 [Veto4]:52.4302 [SgUp1]:195465 [SgUp2]:194270 [SgUp3]:195605 [SgUp4]:195707 [SgLow1]:195198 [SgLow2]:193978 [SgLow3]:195294 [SgLow4]:195427 [NetMuon1]:53142 [NetMuon2]:52976 [NetMuon3]:52960 [NetMuon4]:53046
[Run]:42667 [Site]:4 [Bin]:16590 [FullTime]:3590.17 [SkipTime]:0 [Veto1]:53.5732 [Veto2]:63.1322 [Veto3]:47.6313 [Veto4]:55.5216 [SgUp1]:194278 [SgUp2]:194127 [SgUp3]:196510 [SgUp4]:195585 [SgLow1]:193979 [SgLow2]:193834 [SgLow3]:196193 [SgLow4]:195277 [NetMuon1]:53262 [NetMuon2]:53126 [NetMuon3]:53323 [NetMuon4]:53172
[Run]:42667 [Site]:4 [Bin]:16591 [FullTime]:3590.17 [SkipTime]:0 [Veto1]:59.1971 [Veto2]:46.3123 [Veto3]:54.2654 [Veto4]:53.2866 [SgUp1]:195242 [SgUp2]:193901 [SgUp3]:195573 [SgUp4]:195398 [SgLow1]:194907 [SgLow2]:193630 [SgLow3]:195289 [SgLow4]:195111 [NetMuon1]:52662 [NetMuon2]:52872 [NetMuon3]:52753 [NetMuon4]:52785
[Run]:42667 [Site]:4 [Bin]:16592 [FullTime]:3590.17 [SkipTime]:0 [Veto1]:58.212 [Veto2]:59.6162 [Veto3]:54.641 [Veto4]:43.774 [SgUp1]:195315 [SgUp2]:193904 [SgUp3]:195339 [SgUp4]:196042 [SgLow1]:194986 [SgLow2]:193606 [SgLow3]:195082 [SgLow4]:195736 [NetMuon1]:53325 [NetMuon2]:53344 [NetMuon3]:53424 [NetMuon4]:53575
[Run]:42667 [Site]:4 [Bin]:16593 [FullTime]:3590.17 [SkipTime]:0 [Veto1]:51.5146 [Veto2]:51.4595 [Veto3]:55.4697 [Veto4]:56.4462 [SgUp1]:195347 [SgUp2]:194137 [SgUp3]:196274 [SgUp4]:196249 [SgLow1]:195048 [SgLow2]:193846 [SgLow3]:195980 [SgLow4]:195964 [NetMuon1]:53099 [NetMuon2]:53139 [NetMuon3]:53051 [NetMuon4]:53053
[Run]:42667 [Site]:4 [Bin]:16594 [FullTime]:3590.17 [SkipTime]:0 [Veto1]:54.4254 [Veto2]:57.2089 [Veto3]:60.2798 [Veto4]:56.3518 [SgUp1]:195095 [SgUp2]:192980 [SgUp3]:195813 [SgUp4]:195530 [SgLow1]:194793 [SgLow2]:192671 [SgLow3]:195508 [SgLow4]:195242 [NetMuon1]:52985 [NetMuon2]:52919 [NetMuon3]:52894 [NetMuon4]:52948
[Run]:42667 [Site]:4 [Bin]:16595 [FullTime]:3590.17 [SkipTime]:0 [Veto1]:48.711 [Veto2]:53.6518 [Veto3]:57.6016 [Veto4]:49.7236 [SgUp1]:195728 [SgUp2]:193456 [SgUp3]:195902 [SgUp4]:195655 [SgLow1]:195406 [SgLow2]:193166 [SgLow3]:195585 [SgLow4]:195373 [NetMuon1]:53449 [NetMuon2]:53402 [NetMuon3]:53304 [NetMuon4]:53435
[Run]:42667 [Site]:4 [Bin]:16596 [FullTime]:3590.17 [SkipTime]:0 [Veto1]:62.4797 [Veto2]:45.6987 [Veto3]:55.5405 [Veto4]:54.58 [SgUp1]:194360 [SgUp2]:194578 [SgUp3]:195592 [SgUp4]:195519 [SgLow1]:194065 [SgLow2]:194307 [SgLow3]:195296 [SgLow4]:195217 [NetMuon1]:53104 [NetMuon2]:53402 [NetMuon3]:53248 [NetMuon4]:53280
[Run]:42667 [Site]:4 [Bin]:16597 [FullTime]:3590.17 [SkipTime]:0 [Veto1]:52.374 [Veto2]:56.351 [Veto3]:56.367 [Veto4]:51.3904 [SgUp1]:195394 [SgUp2]:193363 [SgUp3]:195924 [SgUp4]:195747 [SgLow1]:195122 [SgLow2]:193074 [SgLow3]:195645 [SgLow4]:195481 [NetMuon1]:52951 [NetMuon2]:52913 [NetMuon3]:52914 [NetMuon4]:52978
[Run]:42667 [Site]:4 [Bin]:16598 [FullTime]:3590.17 [SkipTime]:0 [Veto1]:46.4944 [Veto2]:59.3622 [Veto3]:46.485 [Veto4]:56.4042 [SgUp1]:194273 [SgUp2]:193677 [SgUp3]:196637 [SgUp4]:195140 [SgLow1]:193961 [SgLow2]:193417 [SgLow3]:196361 [SgLow4]:194874 [NetMuon1]:53119 [NetMuon2]:52948 [NetMuon3]:53116 [NetMuon4]:52946
[Run]:42667 [Site]:4 [Bin]:16599 [FullTime]:3590.17 [SkipTime]:0 [Veto1]:49.7708 [Veto2]:54.6403 [Veto3]:56.6679 [Veto4]:54.649 [SgUp1]:196156 [SgUp2]:194193 [SgUp3]:195609 [SgUp4]:195381 [SgLow1]:195865 [SgLow2]:193881 [SgLow3]:195322 [SgLow4]:195063 [NetMuon1]:53519 [NetMuon2]:53430 [NetMuon3]:53423 [NetMuon4]:53444
[Run]:42667 [Site]:4 [Bin]:16600 [FullTime]:3590.17 [SkipTime]:0 [Veto1]:50.3262 [Veto2]:59.9222 [Veto3]:56.2737 [Veto4]:60.2045 [SgUp1]:194392 [SgUp2]:193381 [SgUp3]:196228 [SgUp4]:195145 [SgLow1]:194119 [SgLow2]:193065 [SgLow3]:195958 [SgLow4]:194889 [NetMuon1]:52820 [NetMuon2]:52669 [NetMuon3]:52742 [NetMuon4]:52714
[Run]:42667 [Site]:4 [Bin]:16601 [FullTime]:3590.17 [SkipTime]:0 [Veto1]:56.735 [Veto2]:46.81 [Veto3]:56.7363 [Veto4]:55.7051 [SgUp1]:194726 [SgUp2]:194865 [SgUp3]:195493 [SgUp4]:195241 [SgLow1]:194423 [SgLow2]:194562 [SgLow3]:195196 [SgLow4]:194970 [NetMuon1]:53499 [NetMuon2]:53658 [NetMuon3]:53520 [NetMuon4]:53511
[Run]:42667 [Site]:4 [Bin]:16602 [FullTime]:3590.17 [SkipTime]:0 [Veto1]:50.5244 [Veto2]:52.79 [Veto3]:50.516 [Veto4]:54.5392 [SgUp1]:195510 [SgUp2]:193588 [SgUp3]:195623 [SgUp4]:196541 [SgLow1]:195208 [SgLow2]:193329 [SgLow3]:195320 [SgLow4]:196224 [NetMuon1]:53212 [NetMuon2]:53217 [NetMuon3]:53219 [NetMuon4]:53156
[Run]:42667 [Site]:4 [Bin]:16603 [FullTime]:3590.17 [SkipTime]:0 [Veto1]:54.5511 [Veto2]:54.559 [Veto3]:59.4886 [Veto4]:55.5802 [SgUp1]:194761 [SgUp2]:194024 [SgUp3]:195102 [SgUp4]:196084 [SgLow1]:194457 [SgLow2]:193680 [SgLow3]:194812 [SgLow4]:195794 [NetMuon1]:53241 [NetMuon2]:53253 [NetMuon3]:53150 [NetMuon4]:53209
[Run]:42667 [Site]:4 [Bin]:16604 [FullTime]:3590.17 [SkipTime]:0 [Veto1]:53.1308 [Veto2]:56.0652 [Veto3]:47.1612 [Veto4]:57.0885 [SgUp1]:194558 [SgUp2]:194004 [SgUp3]:195733 [SgUp4]:194897 [SgLow1]:194308 [SgLow2]:193695 [SgLow3]:195418 [SgLow4]:194595 [NetMuon1]:52508 [NetMuon2]:52434 [NetMuon3]:52613 [NetMuon4]:52468
[Run]:42667 [Site]:4 [Bin]:16605 [FullTime]:3590.17 [SkipTime]:0 [Veto1]:48.1107 [Veto2]:67.0645 [Veto3]:61.1606 [Veto4]:45.3552 [SgUp1]:195552 [SgUp2]:193155 [SgUp3]:194811 [SgUp4]:195739 [SgLow1]:195288 [SgLow2]:192876 [SgLow3]:194493 [SgLow4]:195456 [NetMuon1]:52826 [NetMuon2]:52539 [NetMuon3]:52648 [NetMuon4]:52847
[Run]:42667 [Site]:4 [Bin]:16606 [FullTime]:3590.17 [SkipTime]:0 [Veto1]:54.2326 [Veto2]:50.2228 [Veto3]:53.1984 [Veto4]:58.1802 [SgUp1]:194605 [SgUp2]:194141 [SgUp3]:195077 [SgUp4]:195167 [SgLow1]:194303 [SgLow2]:193841 [SgLow3]:194805 [SgLow4]:194816 [NetMuon1]:52691 [NetMuon2]:52752 [NetMuon3]:52711 [NetMuon4]:52629
End process Run: 42667 ... 
[Run]:42667 [Site]:4 [Bin]:16607 [FullTime]:1913.97 [SkipTime]:0 [Veto1]:25.7293 [Veto2]:30.1647 [Veto3]:26.7164 [Veto4]:27.7551
