StreamChain add 0x23857e0
Start to process run: 42658 ... 
[Run]:42658 [Site]:4 [Bin]:16532 [FullTime]:210.619 [SkipTime]:0 [Veto1]:4.87974 [Veto2]:1.90633 [Veto3]:3.89466 [Veto4]:1.90528 [SgUp1]:11196 [SgUp2]:11448 [SgUp3]:11568 [SgUp4]:11314 [SgLow1]:11177 [SgLow2]:11425 [SgLow3]:11544 [SgLow4]:11298 [NetMuon1]:2984 [NetMuon2]:3020 [NetMuon3]:2990 [NetMuon4]:3021
[Run]:42658 [Site]:4 [Bin]:16533 [FullTime]:3590.17 [SkipTime]:0 [Veto1]:44.9379 [Veto2]:51.8709 [Veto3]:60.7205 [Veto4]:54.7872 [SgUp1]:195486 [SgUp2]:194375 [SgUp3]:195130 [SgUp4]:195457 [SgLow1]:195146 [SgLow2]:194065 [SgLow3]:194842 [SgLow4]:195198 [NetMuon1]:53808 [NetMuon2]:53695 [NetMuon3]:53560 [NetMuon4]:53624
[Run]:42658 [Site]:4 [Bin]:16534 [FullTime]:3590.17 [SkipTime]:0 [Veto1]:46.5941 [Veto2]:55.8513 [Veto3]:58.4262 [Veto4]:51.9587 [SgUp1]:194810 [SgUp2]:194501 [SgUp3]:194963 [SgUp4]:195622 [SgLow1]:194544 [SgLow2]:194239 [SgLow3]:194669 [SgLow4]:195360 [NetMuon1]:53233 [NetMuon2]:53105 [NetMuon3]:53049 [NetMuon4]:53182
[Run]:42658 [Site]:4 [Bin]:16535 [FullTime]:3590.17 [SkipTime]:0 [Veto1]:57.4165 [Veto2]:44.4852 [Veto3]:52.3685 [Veto4]:58.0799 [SgUp1]:193526 [SgUp2]:194983 [SgUp3]:195612 [SgUp4]:195096 [SgLow1]:193179 [SgLow2]:194700 [SgLow3]:195298 [SgLow4]:194783 [NetMuon1]:52923 [NetMuon2]:53080 [NetMuon3]:52969 [NetMuon4]:52879
[Run]:42658 [Site]:4 [Bin]:16536 [FullTime]:3590.17 [SkipTime]:0 [Veto1]:53.7273 [Veto2]:54.7055 [Veto3]:50.0144 [Veto4]:48.7586 [SgUp1]:194525 [SgUp2]:193564 [SgUp3]:195488 [SgUp4]:194459 [SgLow1]:194240 [SgLow2]:193253 [SgLow3]:195191 [SgLow4]:194225 [NetMuon1]:53464 [NetMuon2]:53449 [NetMuon3]:53535 [NetMuon4]:53560
[Run]:42658 [Site]:4 [Bin]:16537 [FullTime]:3590.17 [SkipTime]:0 [Veto1]:52.6717 [Veto2]:53.6106 [Veto3]:56.6227 [Veto4]:50.6283 [SgUp1]:193270 [SgUp2]:193410 [SgUp3]:195301 [SgUp4]:195419 [SgLow1]:192968 [SgLow2]:193116 [SgLow3]:195020 [SgLow4]:195129 [NetMuon1]:53328 [NetMuon2]:53326 [NetMuon3]:53314 [NetMuon4]:53390
[Run]:42658 [Site]:4 [Bin]:16538 [FullTime]:3590.17 [SkipTime]:0 [Veto1]:52.4088 [Veto2]:56.3085 [Veto3]:59.2687 [Veto4]:48.4128 [SgUp1]:194398 [SgUp2]:193751 [SgUp3]:194630 [SgUp4]:195072 [SgLow1]:194110 [SgLow2]:193410 [SgLow3]:194297 [SgLow4]:194742 [NetMuon1]:52911 [NetMuon2]:52844 [NetMuon3]:52846 [NetMuon4]:53005
[Run]:42658 [Site]:4 [Bin]:16539 [FullTime]:3590.17 [SkipTime]:0 [Veto1]:49.8701 [Veto2]:51.5617 [Veto3]:52.4972 [Veto4]:53.5196 [SgUp1]:194034 [SgUp2]:194373 [SgUp3]:194679 [SgUp4]:195675 [SgLow1]:193753 [SgLow2]:194087 [SgLow3]:194337 [SgLow4]:195355 [NetMuon1]:53210 [NetMuon2]:53193 [NetMuon3]:53180 [NetMuon4]:53187
[Run]:42658 [Site]:4 [Bin]:16540 [FullTime]:3590.17 [SkipTime]:0 [Veto1]:49.5202 [Veto2]:50.4236 [Veto3]:52.4387 [Veto4]:50.4288 [SgUp1]:194486 [SgUp2]:193835 [SgUp3]:194789 [SgUp4]:194844 [SgLow1]:194214 [SgLow2]:193505 [SgLow3]:194495 [SgLow4]:194582 [NetMuon1]:53081 [NetMuon2]:53057 [NetMuon3]:53072 [NetMuon4]:53098
[Run]:42658 [Site]:4 [Bin]:16541 [FullTime]:3590.17 [SkipTime]:0 [Veto1]:45.7025 [Veto2]:47.6392 [Veto3]:62.4607 [Veto4]:52.5674 [SgUp1]:195097 [SgUp2]:194321 [SgUp3]:194536 [SgUp4]:195409 [SgLow1]:194815 [SgLow2]:194039 [SgLow3]:194286 [SgLow4]:195140 [NetMuon1]:53436 [NetMuon2]:53377 [NetMuon3]:53152 [NetMuon4]:53333
[Run]:42658 [Site]:4 [Bin]:16542 [FullTime]:3590.17 [SkipTime]:0 [Veto1]:55.6712 [Veto2]:55.5564 [Veto3]:55.6035 [Veto4]:49.6754 [SgUp1]:193906 [SgUp2]:193134 [SgUp3]:194786 [SgUp4]:196065 [SgLow1]:193642 [SgLow2]:192801 [SgLow3]:194493 [SgLow4]:195751 [NetMuon1]:53370 [NetMuon2]:53348 [NetMuon3]:53365 [NetMuon4]:53420
[Run]:42658 [Site]:4 [Bin]:16543 [FullTime]:3590.17 [SkipTime]:0 [Veto1]:54.7424 [Veto2]:52.7988 [Veto3]:50.7976 [Veto4]:55.7342 [SgUp1]:194253 [SgUp2]:192707 [SgUp3]:195434 [SgUp4]:196446 [SgLow1]:193963 [SgLow2]:192416 [SgLow3]:195113 [SgLow4]:196132 [NetMuon1]:53532 [NetMuon2]:53579 [NetMuon3]:53609 [NetMuon4]:53535
[Run]:42658 [Site]:4 [Bin]:16544 [FullTime]:3590.17 [SkipTime]:0 [Veto1]:46.808 [Veto2]:55.6747 [Veto3]:56.6436 [Veto4]:51.6946 [SgUp1]:195286 [SgUp2]:193118 [SgUp3]:195881 [SgUp4]:195518 [SgLow1]:194954 [SgLow2]:192818 [SgLow3]:195575 [SgLow4]:195226 [NetMuon1]:53599 [NetMuon2]:53425 [NetMuon3]:53447 [NetMuon4]:53509
[Run]:42658 [Site]:4 [Bin]:16545 [FullTime]:3590.17 [SkipTime]:0 [Veto1]:57.6243 [Veto2]:63.4979 [Veto3]:51.5898 [Veto4]:51.6289 [SgUp1]:194281 [SgUp2]:193175 [SgUp3]:195066 [SgUp4]:194319 [SgLow1]:193990 [SgLow2]:192899 [SgLow3]:194792 [SgLow4]:194046 [NetMuon1]:53255 [NetMuon2]:53129 [NetMuon3]:53322 [NetMuon4]:53329
[Run]:42658 [Site]:4 [Bin]:16546 [FullTime]:3590.17 [SkipTime]:0 [Veto1]:58.3623 [Veto2]:45.4749 [Veto3]:61.3615 [Veto4]:52.4409 [SgUp1]:194114 [SgUp2]:194039 [SgUp3]:195578 [SgUp4]:195426 [SgLow1]:193800 [SgLow2]:193793 [SgLow3]:195277 [SgLow4]:195119 [NetMuon1]:52918 [NetMuon2]:53129 [NetMuon3]:52913 [NetMuon4]:53032
[Run]:42658 [Site]:4 [Bin]:16547 [FullTime]:3590.17 [SkipTime]:0 [Veto1]:54.6442 [Veto2]:68.7319 [Veto3]:59.8209 [Veto4]:51.8193 [SgUp1]:194236 [SgUp2]:192695 [SgUp3]:194269 [SgUp4]:195715 [SgLow1]:193907 [SgLow2]:192433 [SgLow3]:193965 [SgLow4]:195412 [NetMuon1]:53546 [NetMuon2]:53353 [NetMuon3]:53493 [NetMuon4]:53610
[Run]:42658 [Site]:4 [Bin]:16548 [FullTime]:3590.17 [SkipTime]:0 [Veto1]:43.5793 [Veto2]:52.4309 [Veto3]:61.3793 [Veto4]:48.5202 [SgUp1]:195789 [SgUp2]:194437 [SgUp3]:195035 [SgUp4]:195797 [SgLow1]:195527 [SgLow2]:194112 [SgLow3]:194759 [SgLow4]:195513 [NetMuon1]:53237 [NetMuon2]:53116 [NetMuon3]:52978 [NetMuon4]:53178
[Run]:42658 [Site]:4 [Bin]:16549 [FullTime]:3590.17 [SkipTime]:0 [Veto1]:62.4324 [Veto2]:58.822 [Veto3]:53.4334 [Veto4]:55.5328 [SgUp1]:194313 [SgUp2]:194226 [SgUp3]:194936 [SgUp4]:195356 [SgLow1]:194062 [SgLow2]:193913 [SgLow3]:194651 [SgLow4]:195084 [NetMuon1]:52987 [NetMuon2]:52999 [NetMuon3]:53121 [NetMuon4]:53124
[Run]:42658 [Site]:4 [Bin]:16550 [FullTime]:3590.17 [SkipTime]:0 [Veto1]:52.4189 [Veto2]:49.4243 [Veto3]:61.2918 [Veto4]:52.3784 [SgUp1]:194711 [SgUp2]:193397 [SgUp3]:194635 [SgUp4]:194956 [SgLow1]:194403 [SgLow2]:193131 [SgLow3]:194303 [SgLow4]:194658 [NetMuon1]:52988 [NetMuon2]:53007 [NetMuon3]:52853 [NetMuon4]:52946
[Run]:42658 [Site]:4 [Bin]:16551 [FullTime]:3590.18 [SkipTime]:0 [Veto1]:54.4797 [Veto2]:55.465 [Veto3]:49.4994 [Veto4]:54.4581 [SgUp1]:193973 [SgUp2]:194255 [SgUp3]:195524 [SgUp4]:195377 [SgLow1]:193708 [SgLow2]:193957 [SgLow3]:195290 [SgLow4]:195135 [NetMuon1]:53120 [NetMuon2]:53104 [NetMuon3]:53173 [NetMuon4]:53094
[Run]:42658 [Site]:4 [Bin]:16552 [FullTime]:3590.16 [SkipTime]:0 [Veto1]:57.917 [Veto2]:53.6498 [Veto3]:55.5892 [Veto4]:54.635 [SgUp1]:193879 [SgUp2]:193352 [SgUp3]:195546 [SgUp4]:195471 [SgLow1]:193599 [SgLow2]:193012 [SgLow3]:195239 [SgLow4]:195176 [NetMuon1]:53304 [NetMuon2]:53374 [NetMuon3]:53333 [NetMuon4]:53371
[Run]:42658 [Site]:4 [Bin]:16553 [FullTime]:3590.17 [SkipTime]:0 [Veto1]:53.354 [Veto2]:66.141 [Veto3]:57.2441 [Veto4]:51.3216 [SgUp1]:193945 [SgUp2]:193100 [SgUp3]:195184 [SgUp4]:195023 [SgLow1]:193642 [SgLow2]:192803 [SgLow3]:194907 [SgLow4]:194776 [NetMuon1]:52877 [NetMuon2]:52641 [NetMuon3]:52789 [NetMuon4]:52864
[Run]:42658 [Site]:4 [Bin]:16554 [FullTime]:3590.17 [SkipTime]:0 [Veto1]:55.6144 [Veto2]:54.5915 [Veto3]:60.4294 [Veto4]:48.6177 [SgUp1]:194748 [SgUp2]:194123 [SgUp3]:194725 [SgUp4]:196498 [SgLow1]:194484 [SgLow2]:193799 [SgLow3]:194432 [SgLow4]:196199 [NetMuon1]:53230 [NetMuon2]:53239 [NetMuon3]:53136 [NetMuon4]:53342
[Run]:42658 [Site]:4 [Bin]:16555 [FullTime]:3590.17 [SkipTime]:0 [Veto1]:52.5354 [Veto2]:57.4129 [Veto3]:47.5429 [Veto4]:57.4537 [SgUp1]:194653 [SgUp2]:193987 [SgUp3]:195658 [SgUp4]:195599 [SgLow1]:194360 [SgLow2]:193691 [SgLow3]:195348 [SgLow4]:195305 [NetMuon1]:53133 [NetMuon2]:53036 [NetMuon3]:53215 [NetMuon4]:53051
[Run]:42658 [Site]:4 [Bin]:16556 [FullTime]:3590.17 [SkipTime]:0 [Veto1]:53.1494 [Veto2]:53.1313 [Veto3]:51.1202 [Veto4]:53.1475 [SgUp1]:194874 [SgUp2]:193705 [SgUp3]:194966 [SgUp4]:195362 [SgLow1]:194604 [SgLow2]:193396 [SgLow3]:194683 [SgLow4]:195072 [NetMuon1]:52540 [NetMuon2]:52540 [NetMuon3]:52557 [NetMuon4]:52557
[Run]:42658 [Site]:4 [Bin]:16557 [FullTime]:3590.17 [SkipTime]:0 [Veto1]:54.1789 [Veto2]:53.147 [Veto3]:56.0952 [Veto4]:53.1582 [SgUp1]:194628 [SgUp2]:194001 [SgUp3]:195195 [SgUp4]:196008 [SgLow1]:194342 [SgLow2]:193711 [SgLow3]:194905 [SgLow4]:195696 [NetMuon1]:52581 [NetMuon2]:52577 [NetMuon3]:52517 [NetMuon4]:52544
[Run]:42658 [Site]:4 [Bin]:16558 [FullTime]:3590.17 [SkipTime]:0 [Veto1]:52.3928 [Veto2]:55.3471 [Veto3]:57.9863 [Veto4]:49.3837 [SgUp1]:194168 [SgUp2]:194479 [SgUp3]:195054 [SgUp4]:195133 [SgLow1]:193851 [SgLow2]:194196 [SgLow3]:194756 [SgLow4]:194857 [NetMuon1]:52870 [NetMuon2]:52869 [NetMuon3]:52843 [NetMuon4]:52939
End process Run: 42658 ... 
[Run]:42658 [Site]:4 [Bin]:16560 [FullTime]:1597.56 [SkipTime]:0 [Veto1]:22.061 [Veto2]:25.9805 [Veto3]:22.9913 [Veto4]:28.0044
