StreamChain add 0x110397e0
Start to process run: 42371 ... 
[Run]:42371 [Site]:4 [Bin]:16271 [FullTime]:999.016 [SkipTime]:0 [Veto1]:15.2567 [Veto2]:15.2429 [Veto3]:15.2284 [Veto4]:13.2575 [SgUp1]:53605 [SgUp2]:53602 [SgUp3]:55004 [SgUp4]:54688 [SgLow1]:53529 [SgLow2]:53515 [SgLow3]:54924 [SgLow4]:54639 [NetMuon1]:14654 [NetMuon2]:14670 [NetMuon3]:14643 [NetMuon4]:14677
[Run]:42371 [Site]:4 [Bin]:16272 [FullTime]:3590.17 [SkipTime]:0 [Veto1]:50.5723 [Veto2]:49.5787 [Veto3]:59.4193 [Veto4]:51.6777 [SgUp1]:194065 [SgUp2]:194968 [SgUp3]:194467 [SgUp4]:195085 [SgLow1]:193827 [SgLow2]:194621 [SgLow3]:194166 [SgLow4]:194802 [NetMuon1]:53236 [NetMuon2]:53217 [NetMuon3]:53081 [NetMuon4]:53219
[Run]:42371 [Site]:4 [Bin]:16273 [FullTime]:3590.17 [SkipTime]:0 [Veto1]:48.6487 [Veto2]:55.5242 [Veto3]:65.4185 [Veto4]:49.5929 [SgUp1]:194514 [SgUp2]:193706 [SgUp3]:195193 [SgUp4]:195726 [SgLow1]:194225 [SgLow2]:193417 [SgLow3]:194925 [SgLow4]:195433 [NetMuon1]:53301 [NetMuon2]:53153 [NetMuon3]:53033 [NetMuon4]:53246
[Run]:42371 [Site]:4 [Bin]:16274 [FullTime]:3590.17 [SkipTime]:0 [Veto1]:51.2306 [Veto2]:56.1247 [Veto3]:58.1426 [Veto4]:54.1542 [SgUp1]:194474 [SgUp2]:193560 [SgUp3]:195854 [SgUp4]:195354 [SgLow1]:194182 [SgLow2]:193260 [SgLow3]:195557 [SgLow4]:195038 [NetMuon1]:52647 [NetMuon2]:52533 [NetMuon3]:52545 [NetMuon4]:52585
[Run]:42371 [Site]:4 [Bin]:16275 [FullTime]:3590.17 [SkipTime]:0 [Veto1]:50.418 [Veto2]:52.3986 [Veto3]:54.3419 [Veto4]:62.2519 [SgUp1]:194663 [SgUp2]:193783 [SgUp3]:195869 [SgUp4]:194957 [SgLow1]:194341 [SgLow2]:193501 [SgLow3]:195575 [SgLow4]:194679 [NetMuon1]:52976 [NetMuon2]:52928 [NetMuon3]:52890 [NetMuon4]:52805
[Run]:42371 [Site]:4 [Bin]:16276 [FullTime]:3590.17 [SkipTime]:0 [Veto1]:54.5509 [Veto2]:46.5822 [Veto3]:57.4364 [Veto4]:59.4506 [SgUp1]:193915 [SgUp2]:194641 [SgUp3]:196135 [SgUp4]:195057 [SgLow1]:193603 [SgLow2]:194338 [SgLow3]:195834 [SgLow4]:194784 [NetMuon1]:53137 [NetMuon2]:53225 [NetMuon3]:53074 [NetMuon4]:53042
[Run]:42371 [Site]:4 [Bin]:16277 [FullTime]:3590.17 [SkipTime]:0 [Veto1]:46.3922 [Veto2]:53.2845 [Veto3]:59.2442 [Veto4]:50.3092 [SgUp1]:195245 [SgUp2]:194548 [SgUp3]:195110 [SgUp4]:195439 [SgLow1]:194952 [SgLow2]:194241 [SgLow3]:194857 [SgLow4]:195125 [NetMuon1]:52880 [NetMuon2]:52797 [NetMuon3]:52693 [NetMuon4]:52839
[Run]:42371 [Site]:4 [Bin]:16278 [FullTime]:3590.17 [SkipTime]:0 [Veto1]:54.3597 [Veto2]:56.0343 [Veto3]:52.3918 [Veto4]:54.3134 [SgUp1]:193909 [SgUp2]:194740 [SgUp3]:196261 [SgUp4]:195655 [SgLow1]:193631 [SgLow2]:194469 [SgLow3]:195985 [SgLow4]:195393 [NetMuon1]:52869 [NetMuon2]:52855 [NetMuon3]:52903 [NetMuon4]:52862
[Run]:42371 [Site]:4 [Bin]:16279 [FullTime]:3590.17 [SkipTime]:0 [Veto1]:49.6128 [Veto2]:51.5827 [Veto3]:61.5135 [Veto4]:59.4813 [SgUp1]:195349 [SgUp2]:194500 [SgUp3]:195297 [SgUp4]:194575 [SgLow1]:195034 [SgLow2]:194188 [SgLow3]:195051 [SgLow4]:194279 [NetMuon1]:53262 [NetMuon2]:53200 [NetMuon3]:53124 [NetMuon4]:53086
[Run]:42371 [Site]:4 [Bin]:16280 [FullTime]:3590.18 [SkipTime]:0 [Veto1]:53.6834 [Veto2]:61.4165 [Veto3]:51.5202 [Veto4]:55.4844 [SgUp1]:195139 [SgUp2]:194470 [SgUp3]:196427 [SgUp4]:194741 [SgLow1]:194860 [SgLow2]:194147 [SgLow3]:196146 [SgLow4]:194441 [NetMuon1]:53081 [NetMuon2]:52988 [NetMuon3]:53132 [NetMuon4]:53102
[Run]:42371 [Site]:4 [Bin]:16281 [FullTime]:3590.17 [SkipTime]:0 [Veto1]:50.4815 [Veto2]:40.5918 [Veto3]:54.4491 [Veto4]:55.4783 [SgUp1]:194971 [SgUp2]:195927 [SgUp3]:195724 [SgUp4]:195465 [SgLow1]:194673 [SgLow2]:195606 [SgLow3]:195386 [SgLow4]:195169 [NetMuon1]:53109 [NetMuon2]:53283 [NetMuon3]:53105 [NetMuon4]:53057
[Run]:42371 [Site]:4 [Bin]:16282 [FullTime]:3590.17 [SkipTime]:0 [Veto1]:51.3914 [Veto2]:57.2198 [Veto3]:53.2688 [Veto4]:55.2728 [SgUp1]:194223 [SgUp2]:194198 [SgUp3]:196064 [SgUp4]:194778 [SgLow1]:193910 [SgLow2]:193899 [SgLow3]:195751 [SgLow4]:194500 [NetMuon1]:52754 [NetMuon2]:52666 [NetMuon3]:52724 [NetMuon4]:52716
[Run]:42371 [Site]:4 [Bin]:16283 [FullTime]:3590.17 [SkipTime]:0 [Veto1]:49.6551 [Veto2]:56.4955 [Veto3]:60.439 [Veto4]:61.437 [SgUp1]:194099 [SgUp2]:195017 [SgUp3]:195715 [SgUp4]:194846 [SgLow1]:193838 [SgLow2]:194699 [SgLow3]:195426 [SgLow4]:194523 [NetMuon1]:53264 [NetMuon2]:53160 [NetMuon3]:53092 [NetMuon4]:53066
[Run]:42371 [Site]:4 [Bin]:16284 [FullTime]:3590.17 [SkipTime]:0 [Veto1]:41.4138 [Veto2]:59.2505 [Veto3]:53.2853 [Veto4]:53.3131 [SgUp1]:194691 [SgUp2]:193163 [SgUp3]:195773 [SgUp4]:194930 [SgLow1]:194327 [SgLow2]:192884 [SgLow3]:195458 [SgLow4]:194613 [NetMuon1]:53017 [NetMuon2]:52725 [NetMuon3]:52847 [NetMuon4]:52858
[Run]:42371 [Site]:4 [Bin]:16285 [FullTime]:3590.17 [SkipTime]:0 [Veto1]:54.3624 [Veto2]:48.4459 [Veto3]:56.2845 [Veto4]:64.2843 [SgUp1]:194236 [SgUp2]:195534 [SgUp3]:195853 [SgUp4]:193707 [SgLow1]:193926 [SgLow2]:195218 [SgLow3]:195572 [SgLow4]:193426 [NetMuon1]:52889 [NetMuon2]:52986 [NetMuon3]:52807 [NetMuon4]:52699
[Run]:42371 [Site]:4 [Bin]:16286 [FullTime]:3590.17 [SkipTime]:0 [Veto1]:41.6881 [Veto2]:51.5768 [Veto3]:58.4961 [Veto4]:59.5313 [SgUp1]:195238 [SgUp2]:194530 [SgUp3]:196102 [SgUp4]:195427 [SgLow1]:194928 [SgLow2]:194240 [SgLow3]:195768 [SgLow4]:195175 [NetMuon1]:53391 [NetMuon2]:53237 [NetMuon3]:53159 [NetMuon4]:53137
[Run]:42371 [Site]:4 [Bin]:16287 [FullTime]:3590.17 [SkipTime]:0 [Veto1]:52.4477 [Veto2]:50.4209 [Veto3]:55.3914 [Veto4]:55.3361 [SgUp1]:194295 [SgUp2]:194455 [SgUp3]:196006 [SgUp4]:194929 [SgLow1]:193998 [SgLow2]:194131 [SgLow3]:195718 [SgLow4]:194683 [NetMuon1]:52982 [NetMuon2]:53019 [NetMuon3]:52963 [NetMuon4]:52906
[Run]:42371 [Site]:4 [Bin]:16288 [FullTime]:3590.17 [SkipTime]:0 [Veto1]:53.2749 [Veto2]:52.2261 [Veto3]:56.0076 [Veto4]:58.2191 [SgUp1]:193615 [SgUp2]:194457 [SgUp3]:195413 [SgUp4]:194772 [SgLow1]:193315 [SgLow2]:194192 [SgLow3]:195124 [SgLow4]:194498 [NetMuon1]:52710 [NetMuon2]:52755 [NetMuon3]:52704 [NetMuon4]:52690
[Run]:42371 [Site]:4 [Bin]:16289 [FullTime]:3590.17 [SkipTime]:0 [Veto1]:60.5483 [Veto2]:54.5879 [Veto3]:58.4064 [Veto4]:49.6236 [SgUp1]:194128 [SgUp2]:194395 [SgUp3]:195673 [SgUp4]:194831 [SgLow1]:193859 [SgLow2]:194119 [SgLow3]:195364 [SgLow4]:194582 [NetMuon1]:53130 [NetMuon2]:53239 [NetMuon3]:53178 [NetMuon4]:53321
[Run]:42371 [Site]:4 [Bin]:16290 [FullTime]:3590.17 [SkipTime]:0 [Veto1]:56.4758 [Veto2]:56.4536 [Veto3]:53.4186 [Veto4]:58.4087 [SgUp1]:194646 [SgUp2]:194241 [SgUp3]:196120 [SgUp4]:194649 [SgLow1]:194367 [SgLow2]:193982 [SgLow3]:195768 [SgLow4]:194329 [NetMuon1]:53057 [NetMuon2]:53062 [NetMuon3]:53105 [NetMuon4]:53026
[Run]:42371 [Site]:4 [Bin]:16291 [FullTime]:3590.17 [SkipTime]:0 [Veto1]:56.4708 [Veto2]:49.2233 [Veto3]:56.4369 [Veto4]:52.5112 [SgUp1]:194710 [SgUp2]:194382 [SgUp3]:196288 [SgUp4]:194919 [SgLow1]:194421 [SgLow2]:194055 [SgLow3]:196015 [SgLow4]:194612 [NetMuon1]:53043 [NetMuon2]:53159 [NetMuon3]:53056 [NetMuon4]:53114
[Run]:42371 [Site]:4 [Bin]:16292 [FullTime]:3590.17 [SkipTime]:0 [Veto1]:40.6211 [Veto2]:56.5043 [Veto3]:56.4694 [Veto4]:52.5042 [SgUp1]:195533 [SgUp2]:193954 [SgUp3]:195981 [SgUp4]:195148 [SgLow1]:195244 [SgLow2]:193703 [SgLow3]:195737 [SgLow4]:194826 [NetMuon1]:53318 [NetMuon2]:53091 [NetMuon3]:53121 [NetMuon4]:53135
[Run]:42371 [Site]:4 [Bin]:16293 [FullTime]:3590.17 [SkipTime]:0 [Veto1]:61.2398 [Veto2]:51.3301 [Veto3]:51.3351 [Veto4]:51.2838 [SgUp1]:194071 [SgUp2]:194558 [SgUp3]:195151 [SgUp4]:195706 [SgLow1]:193785 [SgLow2]:194264 [SgLow3]:194865 [SgLow4]:195440 [NetMuon1]:52683 [NetMuon2]:52865 [NetMuon3]:52850 [NetMuon4]:52854
[Run]:42371 [Site]:4 [Bin]:16294 [FullTime]:3590.17 [SkipTime]:0 [Veto1]:59.432 [Veto2]:58.4042 [Veto3]:58.3494 [Veto4]:54.4291 [SgUp1]:193761 [SgUp2]:193683 [SgUp3]:195713 [SgUp4]:195401 [SgLow1]:193473 [SgLow2]:193458 [SgLow3]:195431 [SgLow4]:195116 [NetMuon1]:53008 [NetMuon2]:53014 [NetMuon3]:53029 [NetMuon4]:53076
[Run]:42371 [Site]:4 [Bin]:16295 [FullTime]:3590.17 [SkipTime]:0 [Veto1]:48.4783 [Veto2]:53.3968 [Veto3]:52.468 [Veto4]:49.4537 [SgUp1]:194023 [SgUp2]:193542 [SgUp3]:195740 [SgUp4]:195318 [SgLow1]:193724 [SgLow2]:193225 [SgLow3]:195464 [SgLow4]:195052 [NetMuon1]:53096 [NetMuon2]:53062 [NetMuon3]:53081 [NetMuon4]:53112
[Run]:42371 [Site]:4 [Bin]:16296 [FullTime]:3590.17 [SkipTime]:0 [Veto1]:50.5651 [Veto2]:58.4715 [Veto3]:55.499 [Veto4]:52.6861 [SgUp1]:193992 [SgUp2]:193759 [SgUp3]:195806 [SgUp4]:195139 [SgLow1]:193682 [SgLow2]:193443 [SgLow3]:195497 [SgLow4]:194847 [NetMuon1]:53240 [NetMuon2]:53118 [NetMuon3]:53145 [NetMuon4]:53204
[Run]:42371 [Site]:4 [Bin]:16297 [FullTime]:3590.18 [SkipTime]:0 [Veto1]:51.6724 [Veto2]:51.5612 [Veto3]:53.5356 [Veto4]:54.5885 [SgUp1]:194321 [SgUp2]:194666 [SgUp3]:196067 [SgUp4]:194789 [SgLow1]:194014 [SgLow2]:194361 [SgLow3]:195730 [SgLow4]:194497 [NetMuon1]:53232 [NetMuon2]:53277 [NetMuon3]:53240 [NetMuon4]:53196
[Run]:42371 [Site]:4 [Bin]:16298 [FullTime]:3590.17 [SkipTime]:0 [Veto1]:59.4292 [Veto2]:60.3799 [Veto3]:62.3216 [Veto4]:55.4017 [SgUp1]:194156 [SgUp2]:193714 [SgUp3]:195269 [SgUp4]:194792 [SgLow1]:193884 [SgLow2]:193398 [SgLow3]:194967 [SgLow4]:194431 [NetMuon1]:52994 [NetMuon2]:52959 [NetMuon3]:52924 [NetMuon4]:53024
[Run]:42371 [Site]:4 [Bin]:16299 [FullTime]:3590.17 [SkipTime]:0 [Veto1]:54.5381 [Veto2]:53.5182 [Veto3]:48.5555 [Veto4]:55.4877 [SgUp1]:194216 [SgUp2]:194816 [SgUp3]:195019 [SgUp4]:195167 [SgLow1]:193936 [SgLow2]:194534 [SgLow3]:194714 [SgLow4]:194872 [NetMuon1]:53167 [NetMuon2]:53179 [NetMuon3]:53258 [NetMuon4]:53163
[Run]:42371 [Site]:4 [Bin]:16300 [FullTime]:3590.17 [SkipTime]:0 [Veto1]:47.4244 [Veto2]:60.1837 [Veto3]:61.2532 [Veto4]:53.3452 [SgUp1]:194980 [SgUp2]:193490 [SgUp3]:196085 [SgUp4]:194574 [SgLow1]:194721 [SgLow2]:193220 [SgLow3]:195804 [SgLow4]:194275 [NetMuon1]:52988 [NetMuon2]:52783 [NetMuon3]:52777 [NetMuon4]:52875
[Run]:42371 [Site]:4 [Bin]:16301 [FullTime]:3590.17 [SkipTime]:0 [Veto1]:58.5084 [Veto2]:51.5451 [Veto3]:57.4884 [Veto4]:56.4925 [SgUp1]:193780 [SgUp2]:194778 [SgUp3]:196141 [SgUp4]:195339 [SgLow1]:193482 [SgLow2]:194455 [SgLow3]:195871 [SgLow4]:195034 [NetMuon1]:53116 [NetMuon2]:53234 [NetMuon3]:53134 [NetMuon4]:53173
[Run]:42371 [Site]:4 [Bin]:16302 [FullTime]:3590.17 [SkipTime]:0 [Veto1]:51.6038 [Veto2]:49.5828 [Veto3]:55.4928 [Veto4]:51.521 [SgUp1]:194125 [SgUp2]:193831 [SgUp3]:195489 [SgUp4]:196065 [SgLow1]:193848 [SgLow2]:193539 [SgLow3]:195173 [SgLow4]:195729 [NetMuon1]:53236 [NetMuon2]:53237 [NetMuon3]:53162 [NetMuon4]:53212
[Run]:42371 [Site]:4 [Bin]:16303 [FullTime]:3590.17 [SkipTime]:0 [Veto1]:49.3399 [Veto2]:47.3491 [Veto3]:52.2651 [Veto4]:51.311 [SgUp1]:194761 [SgUp2]:193458 [SgUp3]:195932 [SgUp4]:195218 [SgLow1]:194454 [SgLow2]:193119 [SgLow3]:195594 [SgLow4]:194950 [NetMuon1]:52818 [NetMuon2]:52847 [NetMuon3]:52769 [NetMuon4]:52764
[Run]:42371 [Site]:4 [Bin]:16304 [FullTime]:3590.17 [SkipTime]:0 [Veto1]:56.3364 [Veto2]:51.5596 [Veto3]:59.2262 [Veto4]:44.3917 [SgUp1]:195125 [SgUp2]:194065 [SgUp3]:195277 [SgUp4]:195350 [SgLow1]:194876 [SgLow2]:193773 [SgLow3]:194975 [SgLow4]:195048 [NetMuon1]:52796 [NetMuon2]:52844 [NetMuon3]:52761 [NetMuon4]:52951
[Run]:42371 [Site]:4 [Bin]:16305 [FullTime]:3590.17 [SkipTime]:0 [Veto1]:44.6112 [Veto2]:52.545 [Veto3]:65.3761 [Veto4]:51.7407 [SgUp1]:194786 [SgUp2]:193757 [SgUp3]:195218 [SgUp4]:195489 [SgLow1]:194499 [SgLow2]:193494 [SgLow3]:194922 [SgLow4]:195196 [NetMuon1]:53295 [NetMuon2]:53221 [NetMuon3]:52972 [NetMuon4]:53192
[Run]:42371 [Site]:4 [Bin]:16306 [FullTime]:3590.17 [SkipTime]:0 [Veto1]:60.3414 [Veto2]:56.288 [Veto3]:55.3345 [Veto4]:48.4308 [SgUp1]:193527 [SgUp2]:193946 [SgUp3]:195069 [SgUp4]:195369 [SgLow1]:193277 [SgLow2]:193610 [SgLow3]:194791 [SgLow4]:195107 [NetMuon1]:52822 [NetMuon2]:52865 [NetMuon3]:52919 [NetMuon4]:52994
[Run]:42371 [Site]:4 [Bin]:16307 [FullTime]:3590.17 [SkipTime]:0 [Veto1]:51.4857 [Veto2]:46.3963 [Veto3]:60.3036 [Veto4]:51.3964 [SgUp1]:194160 [SgUp2]:194854 [SgUp3]:195533 [SgUp4]:195601 [SgLow1]:193826 [SgLow2]:194532 [SgLow3]:195245 [SgLow4]:195329 [NetMuon1]:52942 [NetMuon2]:53024 [NetMuon3]:52820 [NetMuon4]:52939
[Run]:42371 [Site]:4 [Bin]:16308 [FullTime]:3590.17 [SkipTime]:0 [Veto1]:57.4345 [Veto2]:52.4384 [Veto3]:58.122 [Veto4]:49.5214 [SgUp1]:193783 [SgUp2]:194097 [SgUp3]:195930 [SgUp4]:194850 [SgLow1]:193515 [SgLow2]:193803 [SgLow3]:195605 [SgLow4]:194549 [NetMuon1]:53045 [NetMuon2]:53075 [NetMuon3]:53049 [NetMuon4]:53144
[Run]:42371 [Site]:4 [Bin]:16309 [FullTime]:3590.17 [SkipTime]:0 [Veto1]:59.3969 [Veto2]:61.1991 [Veto3]:67.2914 [Veto4]:58.3639 [SgUp1]:193873 [SgUp2]:193150 [SgUp3]:194535 [SgUp4]:195133 [SgLow1]:193638 [SgLow2]:192825 [SgLow3]:194231 [SgLow4]:194866 [NetMuon1]:52901 [NetMuon2]:52897 [NetMuon3]:52795 [NetMuon4]:52941
[Run]:42371 [Site]:4 [Bin]:16310 [FullTime]:3590.17 [SkipTime]:0 [Veto1]:55.3922 [Veto2]:52.4511 [Veto3]:47.4838 [Veto4]:61.3457 [SgUp1]:194245 [SgUp2]:193593 [SgUp3]:196020 [SgUp4]:194873 [SgLow1]:193939 [SgLow2]:193275 [SgLow3]:195758 [SgLow4]:194547 [NetMuon1]:52981 [NetMuon2]:53061 [NetMuon3]:53072 [NetMuon4]:52889
[Run]:42371 [Site]:4 [Bin]:16311 [FullTime]:3590.17 [SkipTime]:0 [Veto1]:66.721 [Veto2]:52.4068 [Veto3]:49.4525 [Veto4]:55.3721 [SgUp1]:194074 [SgUp2]:193064 [SgUp3]:195234 [SgUp4]:194328 [SgLow1]:193773 [SgLow2]:192808 [SgLow3]:194911 [SgLow4]:194031 [NetMuon1]:52789 [NetMuon2]:53009 [NetMuon3]:53070 [NetMuon4]:52978
[Run]:42371 [Site]:4 [Bin]:16312 [FullTime]:3590.17 [SkipTime]:0 [Veto1]:52.318 [Veto2]:61.9611 [Veto3]:56.2343 [Veto4]:51.2876 [SgUp1]:194081 [SgUp2]:193850 [SgUp3]:195084 [SgUp4]:196228 [SgLow1]:193781 [SgLow2]:193574 [SgLow3]:194745 [SgLow4]:195929 [NetMuon1]:52777 [NetMuon2]:52672 [NetMuon3]:52738 [NetMuon4]:52817
[Run]:42371 [Site]:4 [Bin]:16313 [FullTime]:3590.17 [SkipTime]:0 [Veto1]:46.5659 [Veto2]:49.5146 [Veto3]:57.3989 [Veto4]:65.0268 [SgUp1]:194569 [SgUp2]:194098 [SgUp3]:195062 [SgUp4]:194213 [SgLow1]:194264 [SgLow2]:193783 [SgLow3]:194787 [SgLow4]:193960 [NetMuon1]:53209 [NetMuon2]:53165 [NetMuon3]:53036 [NetMuon4]:52908
[Run]:42371 [Site]:4 [Bin]:16314 [FullTime]:3590.17 [SkipTime]:0 [Veto1]:53.4943 [Veto2]:56.3925 [Veto3]:47.4601 [Veto4]:51.4087 [SgUp1]:194321 [SgUp2]:194029 [SgUp3]:195840 [SgUp4]:194875 [SgLow1]:194000 [SgLow2]:193756 [SgLow3]:195557 [SgLow4]:194592 [NetMuon1]:53043 [NetMuon2]:52991 [NetMuon3]:53118 [NetMuon4]:53069
[Run]:42371 [Site]:4 [Bin]:16315 [FullTime]:3590.17 [SkipTime]:0 [Veto1]:59.3895 [Veto2]:54.3517 [Veto3]:52.3588 [Veto4]:55.3624 [SgUp1]:193729 [SgUp2]:193850 [SgUp3]:195428 [SgUp4]:195193 [SgLow1]:193464 [SgLow2]:193554 [SgLow3]:195117 [SgLow4]:194886 [NetMuon1]:52855 [NetMuon2]:52927 [NetMuon3]:52954 [NetMuon4]:52912
[Run]:42371 [Site]:4 [Bin]:16316 [FullTime]:3590.17 [SkipTime]:0 [Veto1]:54.4203 [Veto2]:51.4461 [Veto3]:52.4166 [Veto4]:59.334 [SgUp1]:194226 [SgUp2]:194049 [SgUp3]:195614 [SgUp4]:194499 [SgLow1]:193930 [SgLow2]:193775 [SgLow3]:195313 [SgLow4]:194244 [NetMuon1]:52922 [NetMuon2]:52998 [NetMuon3]:52958 [NetMuon4]:52837
[Run]:42371 [Site]:4 [Bin]:16317 [FullTime]:3590.17 [SkipTime]:0 [Veto1]:53.4893 [Veto2]:60.3708 [Veto3]:46.5507 [Veto4]:58.3828 [SgUp1]:193597 [SgUp2]:193943 [SgUp3]:196610 [SgUp4]:193933 [SgLow1]:193323 [SgLow2]:193645 [SgLow3]:196327 [SgLow4]:193612 [NetMuon1]:53056 [NetMuon2]:52948 [NetMuon3]:53149 [NetMuon4]:52958
End process Run: 42371 ... 
[Run]:42371 [Site]:4 [Bin]:16319 [FullTime]:1198.32 [SkipTime]:0 [Veto1]:17.2696 [Veto2]:13.3264 [Veto3]:20.1025 [Veto4]:22.219
