StreamChain add 0x1dee37e0
Start to process run: 42064 ... 
[Run]:42064 [Site]:4 [Bin]:15886 [FullTime]:1731.73 [SkipTime]:0 [Veto1]:28.0969 [Veto2]:19.1507 [Veto3]:33.8864 [Veto4]:23.1637 [SgUp1]:93421 [SgUp2]:94417 [SgUp3]:93551 [SgUp4]:94500 [SgLow1]:93264 [SgLow2]:94253 [SgLow3]:93435 [SgLow4]:94373 [NetMuon1]:25490 [NetMuon2]:25643 [NetMuon3]:25418 [NetMuon4]:25596
[Run]:42064 [Site]:4 [Bin]:15887 [FullTime]:3590.17 [SkipTime]:0 [Veto1]:50.529 [Veto2]:55.148 [Veto3]:51.4348 [Veto4]:56.4447 [SgUp1]:193905 [SgUp2]:194518 [SgUp3]:195700 [SgUp4]:195033 [SgLow1]:193628 [SgLow2]:194253 [SgLow3]:195436 [SgLow4]:194737 [NetMuon1]:53071 [NetMuon2]:52994 [NetMuon3]:53043 [NetMuon4]:52982
[Run]:42064 [Site]:4 [Bin]:15888 [FullTime]:3590.17 [SkipTime]:0 [Veto1]:62.4066 [Veto2]:51.4989 [Veto3]:47.5432 [Veto4]:57.4669 [SgUp1]:193682 [SgUp2]:194519 [SgUp3]:195825 [SgUp4]:194711 [SgLow1]:193413 [SgLow2]:194241 [SgLow3]:195514 [SgLow4]:194430 [NetMuon1]:52987 [NetMuon2]:53160 [NetMuon3]:53232 [NetMuon4]:53046
[Run]:42064 [Site]:4 [Bin]:15889 [FullTime]:3590.17 [SkipTime]:0 [Veto1]:54.316 [Veto2]:53.308 [Veto3]:55.2528 [Veto4]:53.2533 [SgUp1]:193786 [SgUp2]:194180 [SgUp3]:194544 [SgUp4]:195264 [SgLow1]:193484 [SgLow2]:193896 [SgLow3]:194258 [SgLow4]:194944 [NetMuon1]:52799 [NetMuon2]:52831 [NetMuon3]:52765 [NetMuon4]:52811
[Run]:42064 [Site]:4 [Bin]:15890 [FullTime]:3590.17 [SkipTime]:0 [Veto1]:50.7117 [Veto2]:51.6912 [Veto3]:62.5732 [Veto4]:54.5901 [SgUp1]:193989 [SgUp2]:194459 [SgUp3]:194348 [SgUp4]:196018 [SgLow1]:193706 [SgLow2]:194167 [SgLow3]:194054 [SgLow4]:195720 [NetMuon1]:53433 [NetMuon2]:53427 [NetMuon3]:53250 [NetMuon4]:53357
[Run]:42064 [Site]:4 [Bin]:15891 [FullTime]:3590.17 [SkipTime]:0 [Veto1]:60.1397 [Veto2]:51.1733 [Veto3]:50.1069 [Veto4]:57.175 [SgUp1]:193397 [SgUp2]:194958 [SgUp3]:195142 [SgUp4]:195817 [SgLow1]:193102 [SgLow2]:194649 [SgLow3]:194809 [SgLow4]:195543 [NetMuon1]:52592 [NetMuon2]:52725 [NetMuon3]:52752 [NetMuon4]:52644
[Run]:42064 [Site]:4 [Bin]:15892 [FullTime]:3590.17 [SkipTime]:0 [Veto1]:52.587 [Veto2]:58.5211 [Veto3]:51.5625 [Veto4]:50.5995 [SgUp1]:194180 [SgUp2]:194592 [SgUp3]:195849 [SgUp4]:195259 [SgLow1]:193867 [SgLow2]:194284 [SgLow3]:195521 [SgLow4]:194987 [NetMuon1]:53255 [NetMuon2]:53132 [NetMuon3]:53252 [NetMuon4]:53247
[Run]:42064 [Site]:4 [Bin]:15893 [FullTime]:3590.18 [SkipTime]:0 [Veto1]:56.7505 [Veto2]:50.5635 [Veto3]:57.4219 [Veto4]:52.4917 [SgUp1]:194454 [SgUp2]:194369 [SgUp3]:195243 [SgUp4]:195055 [SgLow1]:194149 [SgLow2]:194020 [SgLow3]:194919 [SgLow4]:194787 [NetMuon1]:53083 [NetMuon2]:53185 [NetMuon3]:53064 [NetMuon4]:53138
[Run]:42064 [Site]:4 [Bin]:15894 [FullTime]:3590.16 [SkipTime]:0 [Veto1]:53.2797 [Veto2]:54.7501 [Veto3]:50.2824 [Veto4]:50.2801 [SgUp1]:194848 [SgUp2]:194227 [SgUp3]:195770 [SgUp4]:195869 [SgLow1]:194557 [SgLow2]:193950 [SgLow3]:195515 [SgLow4]:195565 [NetMuon1]:52741 [NetMuon2]:52731 [NetMuon3]:52807 [NetMuon4]:52790
[Run]:42064 [Site]:4 [Bin]:15895 [FullTime]:3590.17 [SkipTime]:0 [Veto1]:53.3457 [Veto2]:53.3788 [Veto3]:53.8739 [Veto4]:53.3343 [SgUp1]:193836 [SgUp2]:194516 [SgUp3]:195718 [SgUp4]:195439 [SgLow1]:193518 [SgLow2]:194207 [SgLow3]:195432 [SgLow4]:195108 [NetMuon1]:52868 [NetMuon2]:52916 [NetMuon3]:52890 [NetMuon4]:52903
[Run]:42064 [Site]:4 [Bin]:15896 [FullTime]:3590.17 [SkipTime]:0 [Veto1]:53.5217 [Veto2]:56.5502 [Veto3]:66.6137 [Veto4]:56.5989 [SgUp1]:194688 [SgUp2]:194396 [SgUp3]:194145 [SgUp4]:194853 [SgLow1]:194418 [SgLow2]:194091 [SgLow3]:193842 [SgLow4]:194560 [NetMuon1]:53317 [NetMuon2]:53288 [NetMuon3]:53153 [NetMuon4]:53290
[Run]:42064 [Site]:4 [Bin]:15897 [FullTime]:3590.17 [SkipTime]:0 [Veto1]:55.4786 [Veto2]:50.4694 [Veto3]:47.5433 [Veto4]:58.4483 [SgUp1]:194478 [SgUp2]:194255 [SgUp3]:195654 [SgUp4]:195186 [SgLow1]:194182 [SgLow2]:193973 [SgLow3]:195372 [SgLow4]:194886 [NetMuon1]:53074 [NetMuon2]:53165 [NetMuon3]:53193 [NetMuon4]:53033
[Run]:42064 [Site]:4 [Bin]:15898 [FullTime]:3590.17 [SkipTime]:0 [Veto1]:53.3774 [Veto2]:49.3618 [Veto3]:51.0637 [Veto4]:55.431 [SgUp1]:193956 [SgUp2]:194854 [SgUp3]:195712 [SgUp4]:195785 [SgLow1]:193636 [SgLow2]:194526 [SgLow3]:195389 [SgLow4]:195418 [NetMuon1]:52873 [NetMuon2]:52913 [NetMuon3]:52941 [NetMuon4]:52846
[Run]:42064 [Site]:4 [Bin]:15899 [FullTime]:3590.17 [SkipTime]:0 [Veto1]:55.344 [Veto2]:59.2818 [Veto3]:58.3303 [Veto4]:47.4224 [SgUp1]:194955 [SgUp2]:194345 [SgUp3]:194932 [SgUp4]:195768 [SgLow1]:194603 [SgLow2]:194053 [SgLow3]:194665 [SgLow4]:195489 [NetMuon1]:52844 [NetMuon2]:52809 [NetMuon3]:52824 [NetMuon4]:52994
[Run]:42064 [Site]:4 [Bin]:15900 [FullTime]:3590.17 [SkipTime]:0 [Veto1]:52.5544 [Veto2]:52.5198 [Veto3]:50.2245 [Veto4]:57.1991 [SgUp1]:193957 [SgUp2]:194734 [SgUp3]:195037 [SgUp4]:194827 [SgLow1]:193684 [SgLow2]:194432 [SgLow3]:194809 [SgLow4]:194547 [NetMuon1]:52640 [NetMuon2]:52660 [NetMuon3]:52714 [NetMuon4]:52606
[Run]:42064 [Site]:4 [Bin]:15901 [FullTime]:3590.17 [SkipTime]:0 [Veto1]:56.5859 [Veto2]:55.9199 [Veto3]:48.5359 [Veto4]:50.5203 [SgUp1]:193858 [SgUp2]:194526 [SgUp3]:194992 [SgUp4]:195252 [SgLow1]:193560 [SgLow2]:194265 [SgLow3]:194697 [SgLow4]:194942 [NetMuon1]:53074 [NetMuon2]:53074 [NetMuon3]:53190 [NetMuon4]:53155
[Run]:42064 [Site]:4 [Bin]:15902 [FullTime]:3590.17 [SkipTime]:0 [Veto1]:56.2543 [Veto2]:60.2225 [Veto3]:50.59 [Veto4]:52.2844 [SgUp1]:193919 [SgUp2]:195031 [SgUp3]:195249 [SgUp4]:194944 [SgLow1]:193602 [SgLow2]:194755 [SgLow3]:194969 [SgLow4]:194658 [NetMuon1]:52740 [NetMuon2]:52688 [NetMuon3]:52841 [NetMuon4]:52818
[Run]:42064 [Site]:4 [Bin]:15903 [FullTime]:3590.17 [SkipTime]:0 [Veto1]:49.5011 [Veto2]:50.4548 [Veto3]:61.4301 [Veto4]:50.4577 [SgUp1]:194416 [SgUp2]:195076 [SgUp3]:193781 [SgUp4]:195438 [SgLow1]:194096 [SgLow2]:194761 [SgLow3]:193507 [SgLow4]:195141 [NetMuon1]:53099 [NetMuon2]:53103 [NetMuon3]:52937 [NetMuon4]:53106
[Run]:42064 [Site]:4 [Bin]:15904 [FullTime]:3590.17 [SkipTime]:0 [Veto1]:50.3565 [Veto2]:57.2726 [Veto3]:54.278 [Veto4]:53.3142 [SgUp1]:194677 [SgUp2]:194522 [SgUp3]:194866 [SgUp4]:195280 [SgLow1]:194364 [SgLow2]:194229 [SgLow3]:194536 [SgLow4]:194980 [NetMuon1]:52892 [NetMuon2]:52761 [NetMuon3]:52832 [NetMuon4]:52852
[Run]:42064 [Site]:4 [Bin]:15905 [FullTime]:3590.17 [SkipTime]:0 [Veto1]:57.4233 [Veto2]:52.3636 [Veto3]:53.3878 [Veto4]:64.251 [SgUp1]:193374 [SgUp2]:194266 [SgUp3]:194358 [SgUp4]:195445 [SgLow1]:193124 [SgLow2]:193959 [SgLow3]:194068 [SgLow4]:195144 [NetMuon1]:52944 [NetMuon2]:52943 [NetMuon3]:52950 [NetMuon4]:52765
[Run]:42064 [Site]:4 [Bin]:15906 [FullTime]:3590.17 [SkipTime]:0 [Veto1]:55.1114 [Veto2]:53.0463 [Veto3]:58.98 [Veto4]:56.0834 [SgUp1]:194223 [SgUp2]:194106 [SgUp3]:195606 [SgUp4]:194795 [SgLow1]:193924 [SgLow2]:193761 [SgLow3]:195330 [SgLow4]:194508 [NetMuon1]:52462 [NetMuon2]:52450 [NetMuon3]:52389 [NetMuon4]:52439
[Run]:42064 [Site]:4 [Bin]:15907 [FullTime]:3590.17 [SkipTime]:0 [Veto1]:66.5538 [Veto2]:52.5611 [Veto3]:55.505 [Veto4]:55.7155 [SgUp1]:193424 [SgUp2]:194809 [SgUp3]:194921 [SgUp4]:194939 [SgLow1]:193106 [SgLow2]:194521 [SgLow3]:194632 [SgLow4]:194626 [NetMuon1]:52991 [NetMuon2]:53196 [NetMuon3]:53126 [NetMuon4]:53138
[Run]:42064 [Site]:4 [Bin]:15908 [FullTime]:3590.17 [SkipTime]:0 [Veto1]:48.5304 [Veto2]:60.4492 [Veto3]:52.4412 [Veto4]:51.4706 [SgUp1]:195014 [SgUp2]:194604 [SgUp3]:194289 [SgUp4]:194926 [SgLow1]:194698 [SgLow2]:194259 [SgLow3]:194005 [SgLow4]:194628 [NetMuon1]:53129 [NetMuon2]:52969 [NetMuon3]:53056 [NetMuon4]:53077
[Run]:42064 [Site]:4 [Bin]:15909 [FullTime]:3590.17 [SkipTime]:0 [Veto1]:59.6414 [Veto2]:50.4652 [Veto3]:55.4014 [Veto4]:59.3825 [SgUp1]:193600 [SgUp2]:194206 [SgUp3]:195201 [SgUp4]:195170 [SgLow1]:193271 [SgLow2]:193877 [SgLow3]:194862 [SgLow4]:194844 [NetMuon1]:52974 [NetMuon2]:53108 [NetMuon3]:53001 [NetMuon4]:52990
[Run]:42064 [Site]:4 [Bin]:15910 [FullTime]:3590.18 [SkipTime]:0 [Veto1]:55.4991 [Veto2]:52.4727 [Veto3]:45.5538 [Veto4]:57.4448 [SgUp1]:193696 [SgUp2]:194531 [SgUp3]:195247 [SgUp4]:194997 [SgLow1]:193398 [SgLow2]:194255 [SgLow3]:194965 [SgLow4]:194736 [NetMuon1]:53108 [NetMuon2]:53121 [NetMuon3]:53271 [NetMuon4]:53081
[Run]:42064 [Site]:4 [Bin]:15911 [FullTime]:3590.17 [SkipTime]:0 [Veto1]:50.3636 [Veto2]:54.276 [Veto3]:51.2542 [Veto4]:50.0868 [SgUp1]:194936 [SgUp2]:193954 [SgUp3]:195256 [SgUp4]:196028 [SgLow1]:194650 [SgLow2]:193711 [SgLow3]:194977 [SgLow4]:195701 [NetMuon1]:52831 [NetMuon2]:52782 [NetMuon3]:52779 [NetMuon4]:52819
[Run]:42064 [Site]:4 [Bin]:15912 [FullTime]:2272.85 [SkipTime]:1317.32 [Veto1]:36.1358 [Veto2]:36.0958 [Veto3]:31.1343 [Veto4]:34.1499 [SgUp1]:123650 [SgUp2]:122586 [SgUp3]:123408 [SgUp4]:123567 [SgLow1]:123477 [SgLow2]:122400 [SgLow3]:123236 [SgLow4]:123371 [NetMuon1]:33491 [NetMuon2]:33491 [NetMuon3]:33575 [NetMuon4]:33525
[Run]:42064 [Site]:4 [Bin]:15913 [FullTime]:3590.17 [SkipTime]:0 [Veto1]:51.4086 [Veto2]:56.3897 [Veto3]:53.3409 [Veto4]:55.3269 [SgUp1]:195612 [SgUp2]:193775 [SgUp3]:194426 [SgUp4]:195187 [SgLow1]:195291 [SgLow2]:193490 [SgLow3]:194174 [SgLow4]:194898 [NetMuon1]:52929 [NetMuon2]:52831 [NetMuon3]:52913 [NetMuon4]:52875
[Run]:42064 [Site]:4 [Bin]:15914 [FullTime]:3590.17 [SkipTime]:0 [Veto1]:55.645 [Veto2]:49.6436 [Veto3]:50.5799 [Veto4]:50.5917 [SgUp1]:193637 [SgUp2]:194671 [SgUp3]:194936 [SgUp4]:195885 [SgLow1]:193355 [SgLow2]:194356 [SgLow3]:194618 [SgLow4]:195633 [NetMuon1]:53271 [NetMuon2]:53349 [NetMuon3]:53331 [NetMuon4]:53339
[Run]:42064 [Site]:4 [Bin]:15915 [FullTime]:3590.17 [SkipTime]:0 [Veto1]:45.5446 [Veto2]:50.4471 [Veto3]:57.3415 [Veto4]:59.3287 [SgUp1]:195613 [SgUp2]:194381 [SgUp3]:195279 [SgUp4]:195845 [SgLow1]:195337 [SgLow2]:194045 [SgLow3]:195023 [SgLow4]:195561 [NetMuon1]:53116 [NetMuon2]:53043 [NetMuon3]:52920 [NetMuon4]:52911
[Run]:42064 [Site]:4 [Bin]:15916 [FullTime]:3590.17 [SkipTime]:0 [Veto1]:62.0544 [Veto2]:57.2537 [Veto3]:48.3219 [Veto4]:53.337 [SgUp1]:194041 [SgUp2]:193917 [SgUp3]:195124 [SgUp4]:195597 [SgLow1]:193757 [SgLow2]:193601 [SgLow3]:194848 [SgLow4]:195310 [NetMuon1]:52667 [NetMuon2]:52758 [NetMuon3]:52897 [NetMuon4]:52853
[Run]:42064 [Site]:4 [Bin]:15917 [FullTime]:3590.18 [SkipTime]:0 [Veto1]:44.5063 [Veto2]:57.3624 [Veto3]:57.3835 [Veto4]:53.4496 [SgUp1]:194759 [SgUp2]:194803 [SgUp3]:194840 [SgUp4]:195193 [SgLow1]:194420 [SgLow2]:194540 [SgLow3]:194524 [SgLow4]:194872 [NetMuon1]:53155 [NetMuon2]:52943 [NetMuon3]:52921 [NetMuon4]:53001
[Run]:42064 [Site]:4 [Bin]:15918 [FullTime]:3590.17 [SkipTime]:0 [Veto1]:64.2517 [Veto2]:55.2997 [Veto3]:59.248 [Veto4]:49.3637 [SgUp1]:193740 [SgUp2]:194109 [SgUp3]:194535 [SgUp4]:195541 [SgLow1]:193462 [SgLow2]:193847 [SgLow3]:194259 [SgLow4]:195226 [NetMuon1]:52682 [NetMuon2]:52849 [NetMuon3]:52790 [NetMuon4]:52953
[Run]:42064 [Site]:4 [Bin]:15919 [FullTime]:3590.17 [SkipTime]:0 [Veto1]:56.3687 [Veto2]:45.4102 [Veto3]:53.8932 [Veto4]:51.7109 [SgUp1]:194870 [SgUp2]:193701 [SgUp3]:195049 [SgUp4]:195499 [SgLow1]:194598 [SgLow2]:193400 [SgLow3]:194733 [SgLow4]:195237 [NetMuon1]:52903 [NetMuon2]:53061 [NetMuon3]:52926 [NetMuon4]:52954
[Run]:42064 [Site]:4 [Bin]:15920 [FullTime]:3590.17 [SkipTime]:0 [Veto1]:47.3946 [Veto2]:67.1149 [Veto3]:50.283 [Veto4]:46.369 [SgUp1]:195088 [SgUp2]:192833 [SgUp3]:194843 [SgUp4]:195390 [SgLow1]:194729 [SgLow2]:192523 [SgLow3]:194540 [SgLow4]:195071 [NetMuon1]:52913 [NetMuon2]:52582 [NetMuon3]:52871 [NetMuon4]:52945
[Run]:42064 [Site]:4 [Bin]:15921 [FullTime]:3590.17 [SkipTime]:0 [Veto1]:46.5787 [Veto2]:59.4756 [Veto3]:52.5184 [Veto4]:53.5044 [SgUp1]:194727 [SgUp2]:194198 [SgUp3]:196048 [SgUp4]:195366 [SgLow1]:194431 [SgLow2]:193909 [SgLow3]:195750 [SgLow4]:195117 [NetMuon1]:53245 [NetMuon2]:53071 [NetMuon3]:53137 [NetMuon4]:53141
[Run]:42064 [Site]:4 [Bin]:15922 [FullTime]:3590.17 [SkipTime]:0 [Veto1]:53.3548 [Veto2]:58.2545 [Veto3]:70.1153 [Veto4]:55.2585 [SgUp1]:194238 [SgUp2]:194387 [SgUp3]:194626 [SgUp4]:195438 [SgLow1]:193942 [SgLow2]:194098 [SgLow3]:194314 [SgLow4]:195154 [NetMuon1]:52840 [NetMuon2]:52688 [NetMuon3]:52560 [NetMuon4]:52780
[Run]:42064 [Site]:4 [Bin]:15923 [FullTime]:3590.17 [SkipTime]:0 [Veto1]:49.4543 [Veto2]:56.3342 [Veto3]:53.3364 [Veto4]:51.3592 [SgUp1]:194291 [SgUp2]:193619 [SgUp3]:196078 [SgUp4]:196212 [SgLow1]:193996 [SgLow2]:193321 [SgLow3]:195766 [SgLow4]:195941 [NetMuon1]:52958 [NetMuon2]:52884 [NetMuon3]:52922 [NetMuon4]:52983
[Run]:42064 [Site]:4 [Bin]:15924 [FullTime]:3590.17 [SkipTime]:0 [Veto1]:56.3246 [Veto2]:48.3647 [Veto3]:54.263 [Veto4]:60.2365 [SgUp1]:194342 [SgUp2]:194679 [SgUp3]:195397 [SgUp4]:194960 [SgLow1]:194036 [SgLow2]:194353 [SgLow3]:195115 [SgLow4]:194698 [NetMuon1]:52808 [NetMuon2]:52906 [NetMuon3]:52856 [NetMuon4]:52752
[Run]:42064 [Site]:4 [Bin]:15925 [FullTime]:3590.17 [SkipTime]:0 [Veto1]:49.5273 [Veto2]:55.4524 [Veto3]:51.4513 [Veto4]:57.3793 [SgUp1]:194751 [SgUp2]:193437 [SgUp3]:195504 [SgUp4]:195256 [SgLow1]:194443 [SgLow2]:193108 [SgLow3]:195225 [SgLow4]:194989 [NetMuon1]:53129 [NetMuon2]:53051 [NetMuon3]:53129 [NetMuon4]:53020
[Run]:42064 [Site]:4 [Bin]:15926 [FullTime]:3590.17 [SkipTime]:0 [Veto1]:52.4009 [Veto2]:56.6897 [Veto3]:53.3827 [Veto4]:60.2643 [SgUp1]:194178 [SgUp2]:193634 [SgUp3]:195901 [SgUp4]:194796 [SgLow1]:193917 [SgLow2]:193358 [SgLow3]:195598 [SgLow4]:194482 [NetMuon1]:52914 [NetMuon2]:52828 [NetMuon3]:52929 [NetMuon4]:52796
[Run]:42064 [Site]:4 [Bin]:15927 [FullTime]:3590.17 [SkipTime]:0 [Veto1]:52.3673 [Veto2]:54.3341 [Veto3]:53.3731 [Veto4]:52.3954 [SgUp1]:194413 [SgUp2]:194312 [SgUp3]:195737 [SgUp4]:195484 [SgLow1]:194131 [SgLow2]:193963 [SgLow3]:195443 [SgLow4]:195176 [NetMuon1]:52936 [NetMuon2]:52954 [NetMuon3]:52953 [NetMuon4]:52952
[Run]:42064 [Site]:4 [Bin]:15928 [FullTime]:3590.17 [SkipTime]:0 [Veto1]:62.5598 [Veto2]:59.4956 [Veto3]:49.6514 [Veto4]:50.5832 [SgUp1]:194871 [SgUp2]:194150 [SgUp3]:195528 [SgUp4]:195246 [SgLow1]:194592 [SgLow2]:193839 [SgLow3]:195172 [SgLow4]:194950 [NetMuon1]:53157 [NetMuon2]:53177 [NetMuon3]:53340 [NetMuon4]:53340
[Run]:42064 [Site]:4 [Bin]:15929 [FullTime]:3590.17 [SkipTime]:0 [Veto1]:56.6289 [Veto2]:50.6388 [Veto3]:51.6802 [Veto4]:58.5478 [SgUp1]:194362 [SgUp2]:195290 [SgUp3]:195778 [SgUp4]:194568 [SgLow1]:194079 [SgLow2]:194982 [SgLow3]:195473 [SgLow4]:194287 [NetMuon1]:53278 [NetMuon2]:53327 [NetMuon3]:53312 [NetMuon4]:53197
[Run]:42064 [Site]:4 [Bin]:15930 [FullTime]:3590.17 [SkipTime]:0 [Veto1]:59.4267 [Veto2]:55.4663 [Veto3]:59.3474 [Veto4]:50.2259 [SgUp1]:194681 [SgUp2]:193559 [SgUp3]:195641 [SgUp4]:195318 [SgLow1]:194334 [SgLow2]:193294 [SgLow3]:195389 [SgLow4]:195020 [NetMuon1]:52976 [NetMuon2]:53057 [NetMuon3]:52958 [NetMuon4]:53143
[Run]:42064 [Site]:4 [Bin]:15931 [FullTime]:3590.17 [SkipTime]:0 [Veto1]:49.6213 [Veto2]:53.6775 [Veto3]:54.8294 [Veto4]:55.5129 [SgUp1]:194395 [SgUp2]:194225 [SgUp3]:195844 [SgUp4]:194696 [SgLow1]:194133 [SgLow2]:193927 [SgLow3]:195554 [SgLow4]:194406 [NetMuon1]:53274 [NetMuon2]:53157 [NetMuon3]:53172 [NetMuon4]:53175
[Run]:42064 [Site]:4 [Bin]:15932 [FullTime]:3590.17 [SkipTime]:0 [Veto1]:53.2683 [Veto2]:56.222 [Veto3]:53.2378 [Veto4]:55.5558 [SgUp1]:192910 [SgUp2]:193544 [SgUp3]:195430 [SgUp4]:196124 [SgLow1]:192640 [SgLow2]:193259 [SgLow3]:195141 [SgLow4]:195812 [NetMuon1]:52741 [NetMuon2]:52711 [NetMuon3]:52765 [NetMuon4]:52686
[Run]:42064 [Site]:4 [Bin]:15933 [FullTime]:3590.17 [SkipTime]:0 [Veto1]:42.9518 [Veto2]:58.2519 [Veto3]:49.2578 [Veto4]:58.1266 [SgUp1]:195343 [SgUp2]:193971 [SgUp3]:195406 [SgUp4]:195613 [SgLow1]:195049 [SgLow2]:193658 [SgLow3]:195105 [SgLow4]:195289 [NetMuon1]:52861 [NetMuon2]:52632 [NetMuon3]:52758 [NetMuon4]:52588
End process Run: 42064 ... 
[Run]:42064 [Site]:4 [Bin]:15934 [FullTime]:1873.11 [SkipTime]:0 [Veto1]:27.3991 [Veto2]:28.3585 [Veto3]:27.328 [Veto4]:27.3864
