StreamChain add 0x924b7f0
Start to process run: 21975 ... 
[Run]:21975 [Site]:2 [Bin]:867 [FullTime]:2529.83 [SkipTime]:0 [Veto1]:412.49 [Veto2]:285.945 [Veto3]:285.945 [Veto4]:285.945 [SgUp1]:42218 [SgUp2]:0 [SgUp3]:0 [SgUp4]:0 [SgLow1]:42171 [SgLow2]:0 [SgLow3]:0 [SgLow4]:0 [NetMuon1]:317431 [NetMuon2]:336431 [NetMuon3]:336431 [NetMuon4]:336431
[Run]:21975 [Site]:2 [Bin]:868 [FullTime]:3600 [SkipTime]:0 [Veto1]:614.086 [Veto2]:406.248 [Veto3]:406.248 [Veto4]:406.248 [SgUp1]:59298 [SgUp2]:0 [SgUp3]:0 [SgUp4]:0 [SgLow1]:59202 [SgLow2]:0 [SgLow3]:0 [SgLow4]:0 [NetMuon1]:446869 [NetMuon2]:478047 [NetMuon3]:478047 [NetMuon4]:478047
[Run]:21975 [Site]:2 [Bin]:869 [FullTime]:3600 [SkipTime]:0 [Veto1]:615.797 [Veto2]:406.399 [Veto3]:406.399 [Veto4]:406.399 [SgUp1]:59132 [SgUp2]:0 [SgUp3]:0 [SgUp4]:0 [SgLow1]:59056 [SgLow2]:0 [SgLow3]:0 [SgLow4]:0 [NetMuon1]:446740 [NetMuon2]:478240 [NetMuon3]:478240 [NetMuon4]:478240
[Run]:21975 [Site]:2 [Bin]:870 [FullTime]:3600 [SkipTime]:0 [Veto1]:615.541 [Veto2]:407.791 [Veto3]:407.791 [Veto4]:407.791 [SgUp1]:59780 [SgUp2]:0 [SgUp3]:0 [SgUp4]:0 [SgLow1]:59705 [SgLow2]:0 [SgLow3]:0 [SgLow4]:0 [NetMuon1]:448579 [NetMuon2]:479723 [NetMuon3]:479723 [NetMuon4]:479723
[Run]:21975 [Site]:2 [Bin]:871 [FullTime]:3600 [SkipTime]:0 [Veto1]:592.896 [Veto2]:406.451 [Veto3]:406.451 [Veto4]:406.451 [SgUp1]:59693 [SgUp2]:0 [SgUp3]:0 [SgUp4]:0 [SgLow1]:59594 [SgLow2]:0 [SgLow3]:0 [SgLow4]:0 [NetMuon1]:449923 [NetMuon2]:478014 [NetMuon3]:478014 [NetMuon4]:478014
[Run]:21975 [Site]:2 [Bin]:872 [FullTime]:3600 [SkipTime]:0 [Veto1]:580.868 [Veto2]:405.851 [Veto3]:405.851 [Veto4]:405.851 [SgUp1]:59921 [SgUp2]:0 [SgUp3]:0 [SgUp4]:0 [SgLow1]:59831 [SgLow2]:0 [SgLow3]:0 [SgLow4]:0 [NetMuon1]:451319 [NetMuon2]:477443 [NetMuon3]:477443 [NetMuon4]:477443
[Run]:21975 [Site]:2 [Bin]:873 [FullTime]:3600 [SkipTime]:0 [Veto1]:585.747 [Veto2]:406.23 [Veto3]:406.23 [Veto4]:406.23 [SgUp1]:59746 [SgUp2]:0 [SgUp3]:0 [SgUp4]:0 [SgLow1]:59669 [SgLow2]:0 [SgLow3]:0 [SgLow4]:0 [NetMuon1]:450721 [NetMuon2]:477821 [NetMuon3]:477821 [NetMuon4]:477821
[Run]:21975 [Site]:2 [Bin]:874 [FullTime]:3600 [SkipTime]:0 [Veto1]:602.854 [Veto2]:406.61 [Veto3]:406.61 [Veto4]:406.61 [SgUp1]:59812 [SgUp2]:0 [SgUp3]:0 [SgUp4]:0 [SgLow1]:59735 [SgLow2]:0 [SgLow3]:0 [SgLow4]:0 [NetMuon1]:448936 [NetMuon2]:478368 [NetMuon3]:478368 [NetMuon4]:478368
[Run]:21975 [Site]:2 [Bin]:875 [FullTime]:3600 [SkipTime]:0 [Veto1]:605.034 [Veto2]:406.657 [Veto3]:406.657 [Veto4]:406.657 [SgUp1]:59341 [SgUp2]:0 [SgUp3]:0 [SgUp4]:0 [SgLow1]:59251 [SgLow2]:0 [SgLow3]:0 [SgLow4]:0 [NetMuon1]:448386 [NetMuon2]:478271 [NetMuon3]:478271 [NetMuon4]:478271
[Run]:21975 [Site]:2 [Bin]:876 [FullTime]:3600 [SkipTime]:0 [Veto1]:613.492 [Veto2]:405.931 [Veto3]:405.931 [Veto4]:405.931 [SgUp1]:58923 [SgUp2]:0 [SgUp3]:0 [SgUp4]:0 [SgLow1]:58855 [SgLow2]:0 [SgLow3]:0 [SgLow4]:0 [NetMuon1]:446256 [NetMuon2]:477316 [NetMuon3]:477316 [NetMuon4]:477316
[Run]:21975 [Site]:2 [Bin]:877 [FullTime]:3600 [SkipTime]:0 [Veto1]:601.552 [Veto2]:406.502 [Veto3]:406.502 [Veto4]:406.502 [SgUp1]:59952 [SgUp2]:0 [SgUp3]:0 [SgUp4]:0 [SgLow1]:59864 [SgLow2]:0 [SgLow3]:0 [SgLow4]:0 [NetMuon1]:449071 [NetMuon2]:478200 [NetMuon3]:478200 [NetMuon4]:478200
[Run]:21975 [Site]:2 [Bin]:878 [FullTime]:3600 [SkipTime]:0 [Veto1]:613.34 [Veto2]:406.785 [Veto3]:406.785 [Veto4]:406.785 [SgUp1]:59351 [SgUp2]:0 [SgUp3]:0 [SgUp4]:0 [SgLow1]:59266 [SgLow2]:0 [SgLow3]:0 [SgLow4]:0 [NetMuon1]:447402 [NetMuon2]:478581 [NetMuon3]:478581 [NetMuon4]:478581
[Run]:21975 [Site]:2 [Bin]:879 [FullTime]:3600 [SkipTime]:0 [Veto1]:594.142 [Veto2]:406.499 [Veto3]:406.499 [Veto4]:406.499 [SgUp1]:59638 [SgUp2]:0 [SgUp3]:0 [SgUp4]:0 [SgLow1]:59565 [SgLow2]:0 [SgLow3]:0 [SgLow4]:0 [NetMuon1]:450317 [NetMuon2]:478126 [NetMuon3]:478126 [NetMuon4]:478126
[Run]:21975 [Site]:2 [Bin]:880 [FullTime]:3600 [SkipTime]:0 [Veto1]:606.729 [Veto2]:406.428 [Veto3]:406.428 [Veto4]:406.428 [SgUp1]:59204 [SgUp2]:0 [SgUp3]:0 [SgUp4]:0 [SgLow1]:59124 [SgLow2]:0 [SgLow3]:0 [SgLow4]:0 [NetMuon1]:448108 [NetMuon2]:478246 [NetMuon3]:478246 [NetMuon4]:478246
[Run]:21975 [Site]:2 [Bin]:881 [FullTime]:3600 [SkipTime]:0 [Veto1]:605.01 [Veto2]:407.782 [Veto3]:407.782 [Veto4]:407.782 [SgUp1]:58995 [SgUp2]:0 [SgUp3]:0 [SgUp4]:0 [SgLow1]:58910 [SgLow2]:0 [SgLow3]:0 [SgLow4]:0 [NetMuon1]:449892 [NetMuon2]:479750 [NetMuon3]:479750 [NetMuon4]:479750
[Run]:21975 [Site]:2 [Bin]:882 [FullTime]:3600 [SkipTime]:0 [Veto1]:592.299 [Veto2]:407.447 [Veto3]:407.447 [Veto4]:407.447 [SgUp1]:59087 [SgUp2]:0 [SgUp3]:0 [SgUp4]:0 [SgLow1]:59003 [SgLow2]:0 [SgLow3]:0 [SgLow4]:0 [NetMuon1]:451229 [NetMuon2]:479147 [NetMuon3]:479147 [NetMuon4]:479147
[Run]:21975 [Site]:2 [Bin]:883 [FullTime]:3600 [SkipTime]:0 [Veto1]:584.209 [Veto2]:406.179 [Veto3]:406.179 [Veto4]:406.179 [SgUp1]:59901 [SgUp2]:0 [SgUp3]:0 [SgUp4]:0 [SgLow1]:59820 [SgLow2]:0 [SgLow3]:0 [SgLow4]:0 [NetMuon1]:451052 [NetMuon2]:477873 [NetMuon3]:477873 [NetMuon4]:477873
[Run]:21975 [Site]:2 [Bin]:884 [FullTime]:3600 [SkipTime]:0 [Veto1]:598.901 [Veto2]:406.527 [Veto3]:406.527 [Veto4]:406.527 [SgUp1]:59275 [SgUp2]:0 [SgUp3]:0 [SgUp4]:0 [SgLow1]:59208 [SgLow2]:0 [SgLow3]:0 [SgLow4]:0 [NetMuon1]:449623 [NetMuon2]:478425 [NetMuon3]:478425 [NetMuon4]:478425
[Run]:21975 [Site]:2 [Bin]:885 [FullTime]:3600 [SkipTime]:0 [Veto1]:588.155 [Veto2]:406.924 [Veto3]:406.924 [Veto4]:406.924 [SgUp1]:59922 [SgUp2]:0 [SgUp3]:0 [SgUp4]:0 [SgLow1]:59841 [SgLow2]:0 [SgLow3]:0 [SgLow4]:0 [NetMuon1]:451083 [NetMuon2]:478407 [NetMuon3]:478407 [NetMuon4]:478407
[Run]:21975 [Site]:2 [Bin]:886 [FullTime]:3600 [SkipTime]:0 [Veto1]:575.376 [Veto2]:407.015 [Veto3]:407.015 [Veto4]:407.015 [SgUp1]:59948 [SgUp2]:0 [SgUp3]:0 [SgUp4]:0 [SgLow1]:59866 [SgLow2]:0 [SgLow3]:0 [SgLow4]:0 [NetMuon1]:453398 [NetMuon2]:478724 [NetMuon3]:478724 [NetMuon4]:478724
[Run]:21975 [Site]:2 [Bin]:887 [FullTime]:3600 [SkipTime]:0 [Veto1]:581.999 [Veto2]:407.166 [Veto3]:407.166 [Veto4]:407.166 [SgUp1]:59660 [SgUp2]:0 [SgUp3]:0 [SgUp4]:0 [SgLow1]:59561 [SgLow2]:0 [SgLow3]:0 [SgLow4]:0 [NetMuon1]:452846 [NetMuon2]:478965 [NetMuon3]:478965 [NetMuon4]:478965
[Run]:21975 [Site]:2 [Bin]:888 [FullTime]:3600 [SkipTime]:0 [Veto1]:580.657 [Veto2]:406.744 [Veto3]:406.744 [Veto4]:406.744 [SgUp1]:60001 [SgUp2]:0 [SgUp3]:0 [SgUp4]:0 [SgLow1]:59915 [SgLow2]:0 [SgLow3]:0 [SgLow4]:0 [NetMuon1]:452287 [NetMuon2]:478489 [NetMuon3]:478489 [NetMuon4]:478489
End process Run: 21975 ... 
[Run]:21975 [Site]:2 [Bin]:889 [FullTime]:584.249 [SkipTime]:0 [Veto1]:93.9662 [Veto2]:66.3541 [Veto3]:66.3541 [Veto4]:66.3541
