StreamChain add 0x18f8c7f0
Start to process run: 21519 ... 
[Run]:21519 [Site]:2 [Bin]:409 [FullTime]:1322.59 [SkipTime]:0 [Veto1]:222.585 [Veto2]:149.089 [Veto3]:149.089 [Veto4]:149.089 [SgUp1]:22208 [SgUp2]:0 [SgUp3]:0 [SgUp4]:0 [SgLow1]:22186 [SgLow2]:0 [SgLow3]:0 [SgLow4]:0 [NetMuon1]:164485 [NetMuon2]:175475 [NetMuon3]:175475 [NetMuon4]:175475
[Run]:21519 [Site]:2 [Bin]:410 [FullTime]:3600 [SkipTime]:0 [Veto1]:610.236 [Veto2]:406.744 [Veto3]:406.744 [Veto4]:406.744 [SgUp1]:60012 [SgUp2]:0 [SgUp3]:0 [SgUp4]:0 [SgLow1]:59918 [SgLow2]:0 [SgLow3]:0 [SgLow4]:0 [NetMuon1]:447642 [NetMuon2]:478302 [NetMuon3]:478302 [NetMuon4]:478302
[Run]:21519 [Site]:2 [Bin]:411 [FullTime]:3600 [SkipTime]:0 [Veto1]:625.355 [Veto2]:406.844 [Veto3]:406.844 [Veto4]:406.844 [SgUp1]:59796 [SgUp2]:0 [SgUp3]:0 [SgUp4]:0 [SgLow1]:59731 [SgLow2]:0 [SgLow3]:0 [SgLow4]:0 [NetMuon1]:445227 [NetMuon2]:478167 [NetMuon3]:478167 [NetMuon4]:478167
[Run]:21519 [Site]:2 [Bin]:412 [FullTime]:3600 [SkipTime]:0 [Veto1]:578.941 [Veto2]:406.973 [Veto3]:406.973 [Veto4]:406.973 [SgUp1]:61051 [SgUp2]:0 [SgUp3]:0 [SgUp4]:0 [SgLow1]:60938 [SgLow2]:0 [SgLow3]:0 [SgLow4]:0 [NetMuon1]:453015 [NetMuon2]:478520 [NetMuon3]:478520 [NetMuon4]:478520
[Run]:21519 [Site]:2 [Bin]:413 [FullTime]:3600 [SkipTime]:0 [Veto1]:590.118 [Veto2]:407.104 [Veto3]:407.104 [Veto4]:407.104 [SgUp1]:60711 [SgUp2]:0 [SgUp3]:0 [SgUp4]:0 [SgLow1]:60639 [SgLow2]:0 [SgLow3]:0 [SgLow4]:0 [NetMuon1]:451212 [NetMuon2]:478712 [NetMuon3]:478712 [NetMuon4]:478712
[Run]:21519 [Site]:2 [Bin]:414 [FullTime]:3600 [SkipTime]:0 [Veto1]:588.477 [Veto2]:407.13 [Veto3]:407.13 [Veto4]:407.13 [SgUp1]:60639 [SgUp2]:0 [SgUp3]:0 [SgUp4]:0 [SgLow1]:60549 [SgLow2]:0 [SgLow3]:0 [SgLow4]:0 [NetMuon1]:451363 [NetMuon2]:478568 [NetMuon3]:478568 [NetMuon4]:478568
[Run]:21519 [Site]:2 [Bin]:416 [FullTime]:1395.53 [SkipTime]:0 [Veto1]:232.07 [Veto2]:158.571 [Veto3]:158.571 [Veto4]:158.571 [SgUp1]:23849 [SgUp2]:0 [SgUp3]:0 [SgUp4]:0 [SgLow1]:23801 [SgLow2]:0 [SgLow3]:0 [SgLow4]:0 [NetMuon1]:175479 [NetMuon2]:186416 [NetMuon3]:186416 [NetMuon4]:186416
[Run]:21519 [Site]:2 [Bin]:417 [FullTime]:3600 [SkipTime]:0 [Veto1]:594.706 [Veto2]:407.913 [Veto3]:407.913 [Veto4]:407.913 [SgUp1]:60750 [SgUp2]:0 [SgUp3]:0 [SgUp4]:0 [SgLow1]:60649 [SgLow2]:0 [SgLow3]:0 [SgLow4]:0 [NetMuon1]:451537 [NetMuon2]:479530 [NetMuon3]:479530 [NetMuon4]:479530
[Run]:21519 [Site]:2 [Bin]:418 [FullTime]:3600 [SkipTime]:0 [Veto1]:596.813 [Veto2]:408.136 [Veto3]:408.136 [Veto4]:408.136 [SgUp1]:60651 [SgUp2]:0 [SgUp3]:0 [SgUp4]:0 [SgLow1]:60557 [SgLow2]:0 [SgLow3]:0 [SgLow4]:0 [NetMuon1]:451490 [NetMuon2]:479774 [NetMuon3]:479774 [NetMuon4]:479774
[Run]:21519 [Site]:2 [Bin]:419 [FullTime]:3600 [SkipTime]:0 [Veto1]:602.848 [Veto2]:407.272 [Veto3]:407.272 [Veto4]:407.272 [SgUp1]:60870 [SgUp2]:0 [SgUp3]:0 [SgUp4]:0 [SgLow1]:60767 [SgLow2]:0 [SgLow3]:0 [SgLow4]:0 [NetMuon1]:449340 [NetMuon2]:478790 [NetMuon3]:478790 [NetMuon4]:478790
[Run]:21519 [Site]:2 [Bin]:420 [FullTime]:3600 [SkipTime]:0 [Veto1]:619.05 [Veto2]:406.56 [Veto3]:406.56 [Veto4]:406.56 [SgUp1]:59982 [SgUp2]:0 [SgUp3]:0 [SgUp4]:0 [SgLow1]:59894 [SgLow2]:0 [SgLow3]:0 [SgLow4]:0 [NetMuon1]:446277 [NetMuon2]:477920 [NetMuon3]:477920 [NetMuon4]:477920
[Run]:21519 [Site]:2 [Bin]:421 [FullTime]:3600 [SkipTime]:0 [Veto1]:594.099 [Veto2]:405.947 [Veto3]:405.947 [Veto4]:405.947 [SgUp1]:60371 [SgUp2]:0 [SgUp3]:0 [SgUp4]:0 [SgLow1]:60292 [SgLow2]:0 [SgLow3]:0 [SgLow4]:0 [NetMuon1]:448944 [NetMuon2]:477212 [NetMuon3]:477212 [NetMuon4]:477212
[Run]:21519 [Site]:2 [Bin]:422 [FullTime]:3600 [SkipTime]:0 [Veto1]:600.517 [Veto2]:406.164 [Veto3]:406.164 [Veto4]:406.164 [SgUp1]:60737 [SgUp2]:0 [SgUp3]:0 [SgUp4]:0 [SgLow1]:60660 [SgLow2]:0 [SgLow3]:0 [SgLow4]:0 [NetMuon1]:448522 [NetMuon2]:477603 [NetMuon3]:477603 [NetMuon4]:477603
[Run]:21519 [Site]:2 [Bin]:423 [FullTime]:3600 [SkipTime]:0 [Veto1]:617.96 [Veto2]:406.464 [Veto3]:406.464 [Veto4]:406.464 [SgUp1]:60142 [SgUp2]:0 [SgUp3]:0 [SgUp4]:0 [SgLow1]:60058 [SgLow2]:0 [SgLow3]:0 [SgLow4]:0 [NetMuon1]:446140 [NetMuon2]:477924 [NetMuon3]:477924 [NetMuon4]:477924
[Run]:21519 [Site]:2 [Bin]:424 [FullTime]:3600 [SkipTime]:0 [Veto1]:613.323 [Veto2]:408.018 [Veto3]:408.018 [Veto4]:408.018 [SgUp1]:60714 [SgUp2]:0 [SgUp3]:0 [SgUp4]:0 [SgLow1]:60621 [SgLow2]:0 [SgLow3]:0 [SgLow4]:0 [NetMuon1]:448592 [NetMuon2]:479547 [NetMuon3]:479547 [NetMuon4]:479547
[Run]:21519 [Site]:2 [Bin]:425 [FullTime]:3600 [SkipTime]:0 [Veto1]:601.414 [Veto2]:406.937 [Veto3]:406.937 [Veto4]:406.937 [SgUp1]:60901 [SgUp2]:0 [SgUp3]:0 [SgUp4]:0 [SgLow1]:60813 [SgLow2]:0 [SgLow3]:0 [SgLow4]:0 [NetMuon1]:449416 [NetMuon2]:478495 [NetMuon3]:478495 [NetMuon4]:478495
[Run]:21519 [Site]:2 [Bin]:426 [FullTime]:3600 [SkipTime]:0 [Veto1]:600.301 [Veto2]:407.281 [Veto3]:407.281 [Veto4]:407.281 [SgUp1]:60250 [SgUp2]:0 [SgUp3]:0 [SgUp4]:0 [SgLow1]:60146 [SgLow2]:0 [SgLow3]:0 [SgLow4]:0 [NetMuon1]:449676 [NetMuon2]:478697 [NetMuon3]:478697 [NetMuon4]:478697
[Run]:21519 [Site]:2 [Bin]:427 [FullTime]:3600 [SkipTime]:0 [Veto1]:564.143 [Veto2]:406.431 [Veto3]:406.431 [Veto4]:406.431 [SgUp1]:61673 [SgUp2]:0 [SgUp3]:0 [SgUp4]:0 [SgLow1]:61566 [SgLow2]:0 [SgLow3]:0 [SgLow4]:0 [NetMuon1]:454139 [NetMuon2]:477788 [NetMuon3]:477788 [NetMuon4]:477788
[Run]:21519 [Site]:2 [Bin]:428 [FullTime]:3600 [SkipTime]:0 [Veto1]:606.095 [Veto2]:406.842 [Veto3]:406.842 [Veto4]:406.842 [SgUp1]:60402 [SgUp2]:0 [SgUp3]:0 [SgUp4]:0 [SgLow1]:60304 [SgLow2]:0 [SgLow3]:0 [SgLow4]:0 [NetMuon1]:448610 [NetMuon2]:478468 [NetMuon3]:478468 [NetMuon4]:478468
[Run]:21519 [Site]:2 [Bin]:429 [FullTime]:3600 [SkipTime]:0 [Veto1]:584.57 [Veto2]:406.107 [Veto3]:406.107 [Veto4]:406.107 [SgUp1]:60839 [SgUp2]:0 [SgUp3]:0 [SgUp4]:0 [SgLow1]:60733 [SgLow2]:0 [SgLow3]:0 [SgLow4]:0 [NetMuon1]:450996 [NetMuon2]:477557 [NetMuon3]:477557 [NetMuon4]:477557
[Run]:21519 [Site]:2 [Bin]:430 [FullTime]:3600 [SkipTime]:0 [Veto1]:582.249 [Veto2]:405.972 [Veto3]:405.972 [Veto4]:405.972 [SgUp1]:60438 [SgUp2]:0 [SgUp3]:0 [SgUp4]:0 [SgLow1]:60345 [SgLow2]:0 [SgLow3]:0 [SgLow4]:0 [NetMuon1]:450882 [NetMuon2]:477397 [NetMuon3]:477397 [NetMuon4]:477397
[Run]:21519 [Site]:2 [Bin]:431 [FullTime]:3600 [SkipTime]:0 [Veto1]:595.232 [Veto2]:407.037 [Veto3]:407.037 [Veto4]:407.037 [SgUp1]:60800 [SgUp2]:0 [SgUp3]:0 [SgUp4]:0 [SgLow1]:60696 [SgLow2]:0 [SgLow3]:0 [SgLow4]:0 [NetMuon1]:450246 [NetMuon2]:478595 [NetMuon3]:478595 [NetMuon4]:478595
[Run]:21519 [Site]:2 [Bin]:432 [FullTime]:3600 [SkipTime]:0 [Veto1]:608.88 [Veto2]:406.877 [Veto3]:406.877 [Veto4]:406.877 [SgUp1]:60837 [SgUp2]:0 [SgUp3]:0 [SgUp4]:0 [SgLow1]:60771 [SgLow2]:0 [SgLow3]:0 [SgLow4]:0 [NetMuon1]:447887 [NetMuon2]:478217 [NetMuon3]:478217 [NetMuon4]:478217
[Run]:21519 [Site]:2 [Bin]:433 [FullTime]:3600 [SkipTime]:0 [Veto1]:607.755 [Veto2]:407.216 [Veto3]:407.216 [Veto4]:407.216 [SgUp1]:60262 [SgUp2]:0 [SgUp3]:0 [SgUp4]:0 [SgLow1]:60162 [SgLow2]:0 [SgLow3]:0 [SgLow4]:0 [NetMuon1]:448825 [NetMuon2]:478784 [NetMuon3]:478784 [NetMuon4]:478784
[Run]:21519 [Site]:2 [Bin]:434 [FullTime]:3600 [SkipTime]:0 [Veto1]:573.623 [Veto2]:406.479 [Veto3]:406.479 [Veto4]:406.479 [SgUp1]:61177 [SgUp2]:0 [SgUp3]:0 [SgUp4]:0 [SgLow1]:61069 [SgLow2]:0 [SgLow3]:0 [SgLow4]:0 [NetMuon1]:452530 [NetMuon2]:477687 [NetMuon3]:477687 [NetMuon4]:477687
[Run]:21519 [Site]:2 [Bin]:435 [FullTime]:3600 [SkipTime]:0 [Veto1]:592.742 [Veto2]:406.491 [Veto3]:406.491 [Veto4]:406.491 [SgUp1]:60938 [SgUp2]:0 [SgUp3]:0 [SgUp4]:0 [SgLow1]:60843 [SgLow2]:0 [SgLow3]:0 [SgLow4]:0 [NetMuon1]:450164 [NetMuon2]:478203 [NetMuon3]:478203 [NetMuon4]:478203
[Run]:21519 [Site]:2 [Bin]:436 [FullTime]:3600 [SkipTime]:0 [Veto1]:584.518 [Veto2]:406.485 [Veto3]:406.485 [Veto4]:406.485 [SgUp1]:60825 [SgUp2]:0 [SgUp3]:0 [SgUp4]:0 [SgLow1]:60729 [SgLow2]:0 [SgLow3]:0 [SgLow4]:0 [NetMuon1]:451546 [NetMuon2]:478099 [NetMuon3]:478099 [NetMuon4]:478099
[Run]:21519 [Site]:2 [Bin]:437 [FullTime]:3600 [SkipTime]:0 [Veto1]:579.693 [Veto2]:406.687 [Veto3]:406.687 [Veto4]:406.687 [SgUp1]:60952 [SgUp2]:0 [SgUp3]:0 [SgUp4]:0 [SgLow1]:60865 [SgLow2]:0 [SgLow3]:0 [SgLow4]:0 [NetMuon1]:451608 [NetMuon2]:477905 [NetMuon3]:477905 [NetMuon4]:477905
[Run]:21519 [Site]:2 [Bin]:438 [FullTime]:3600 [SkipTime]:0 [Veto1]:591.956 [Veto2]:406.122 [Veto3]:406.122 [Veto4]:406.122 [SgUp1]:60471 [SgUp2]:0 [SgUp3]:0 [SgUp4]:0 [SgLow1]:60361 [SgLow2]:0 [SgLow3]:0 [SgLow4]:0 [NetMuon1]:449556 [NetMuon2]:477450 [NetMuon3]:477450 [NetMuon4]:477450
[Run]:21519 [Site]:2 [Bin]:439 [FullTime]:3600 [SkipTime]:0 [Veto1]:577.731 [Veto2]:406.963 [Veto3]:406.963 [Veto4]:406.963 [SgUp1]:60993 [SgUp2]:0 [SgUp3]:0 [SgUp4]:0 [SgLow1]:60910 [SgLow2]:0 [SgLow3]:0 [SgLow4]:0 [NetMuon1]:452995 [NetMuon2]:478580 [NetMuon3]:478580 [NetMuon4]:478580
[Run]:21519 [Site]:2 [Bin]:440 [FullTime]:3600 [SkipTime]:0 [Veto1]:597.583 [Veto2]:406.088 [Veto3]:406.088 [Veto4]:406.088 [SgUp1]:60081 [SgUp2]:0 [SgUp3]:0 [SgUp4]:0 [SgLow1]:59989 [SgLow2]:0 [SgLow3]:0 [SgLow4]:0 [NetMuon1]:448757 [NetMuon2]:477564 [NetMuon3]:477564 [NetMuon4]:477564
[Run]:21519 [Site]:2 [Bin]:441 [FullTime]:3600 [SkipTime]:0 [Veto1]:600.628 [Veto2]:405.863 [Veto3]:405.863 [Veto4]:405.863 [SgUp1]:60452 [SgUp2]:0 [SgUp3]:0 [SgUp4]:0 [SgLow1]:60365 [SgLow2]:0 [SgLow3]:0 [SgLow4]:0 [NetMuon1]:447880 [NetMuon2]:477159 [NetMuon3]:477159 [NetMuon4]:477159
[Run]:21519 [Site]:2 [Bin]:442 [FullTime]:3600 [SkipTime]:0 [Veto1]:597.698 [Veto2]:407.146 [Veto3]:407.146 [Veto4]:407.146 [SgUp1]:60796 [SgUp2]:0 [SgUp3]:0 [SgUp4]:0 [SgLow1]:60714 [SgLow2]:0 [SgLow3]:0 [SgLow4]:0 [NetMuon1]:450338 [NetMuon2]:478858 [NetMuon3]:478858 [NetMuon4]:478858
[Run]:21519 [Site]:2 [Bin]:443 [FullTime]:3600 [SkipTime]:0 [Veto1]:581.628 [Veto2]:406.497 [Veto3]:406.497 [Veto4]:406.497 [SgUp1]:60673 [SgUp2]:0 [SgUp3]:0 [SgUp4]:0 [SgLow1]:60582 [SgLow2]:0 [SgLow3]:0 [SgLow4]:0 [NetMuon1]:451822 [NetMuon2]:477959 [NetMuon3]:477959 [NetMuon4]:477959
[Run]:21519 [Site]:2 [Bin]:444 [FullTime]:3600 [SkipTime]:0 [Veto1]:599.183 [Veto2]:406.775 [Veto3]:406.775 [Veto4]:406.775 [SgUp1]:60508 [SgUp2]:0 [SgUp3]:0 [SgUp4]:0 [SgLow1]:60428 [SgLow2]:0 [SgLow3]:0 [SgLow4]:0 [NetMuon1]:449366 [NetMuon2]:478414 [NetMuon3]:478414 [NetMuon4]:478414
[Run]:21519 [Site]:2 [Bin]:445 [FullTime]:3600 [SkipTime]:0 [Veto1]:601.535 [Veto2]:406.351 [Veto3]:406.351 [Veto4]:406.351 [SgUp1]:60594 [SgUp2]:0 [SgUp3]:0 [SgUp4]:0 [SgLow1]:60489 [SgLow2]:0 [SgLow3]:0 [SgLow4]:0 [NetMuon1]:448293 [NetMuon2]:477856 [NetMuon3]:477856 [NetMuon4]:477856
[Run]:21519 [Site]:2 [Bin]:446 [FullTime]:3600 [SkipTime]:0 [Veto1]:589.942 [Veto2]:405.639 [Veto3]:405.639 [Veto4]:405.639 [SgUp1]:60615 [SgUp2]:0 [SgUp3]:0 [SgUp4]:0 [SgLow1]:60531 [SgLow2]:0 [SgLow3]:0 [SgLow4]:0 [NetMuon1]:449438 [NetMuon2]:476982 [NetMuon3]:476982 [NetMuon4]:476982
[Run]:21519 [Site]:2 [Bin]:447 [FullTime]:3600 [SkipTime]:0 [Veto1]:600.726 [Veto2]:406.662 [Veto3]:406.662 [Veto4]:406.662 [SgUp1]:60425 [SgUp2]:0 [SgUp3]:0 [SgUp4]:0 [SgLow1]:60315 [SgLow2]:0 [SgLow3]:0 [SgLow4]:0 [NetMuon1]:448568 [NetMuon2]:478066 [NetMuon3]:478066 [NetMuon4]:478066
[Run]:21519 [Site]:2 [Bin]:448 [FullTime]:3600 [SkipTime]:0 [Veto1]:587.426 [Veto2]:407.784 [Veto3]:407.784 [Veto4]:407.784 [SgUp1]:61091 [SgUp2]:0 [SgUp3]:0 [SgUp4]:0 [SgLow1]:61002 [SgLow2]:0 [SgLow3]:0 [SgLow4]:0 [NetMuon1]:452437 [NetMuon2]:479536 [NetMuon3]:479536 [NetMuon4]:479536
[Run]:21519 [Site]:2 [Bin]:449 [FullTime]:3600 [SkipTime]:0 [Veto1]:588.909 [Veto2]:406.991 [Veto3]:406.991 [Veto4]:406.991 [SgUp1]:60855 [SgUp2]:0 [SgUp3]:0 [SgUp4]:0 [SgLow1]:60750 [SgLow2]:0 [SgLow3]:0 [SgLow4]:0 [NetMuon1]:451520 [NetMuon2]:478677 [NetMuon3]:478677 [NetMuon4]:478677
[Run]:21519 [Site]:2 [Bin]:450 [FullTime]:3600 [SkipTime]:0 [Veto1]:608.888 [Veto2]:406.375 [Veto3]:406.375 [Veto4]:406.375 [SgUp1]:59975 [SgUp2]:0 [SgUp3]:0 [SgUp4]:0 [SgLow1]:59892 [SgLow2]:0 [SgLow3]:0 [SgLow4]:0 [NetMuon1]:447557 [NetMuon2]:478114 [NetMuon3]:478114 [NetMuon4]:478114
[Run]:21519 [Site]:2 [Bin]:451 [FullTime]:3600 [SkipTime]:0 [Veto1]:611.998 [Veto2]:406.396 [Veto3]:406.396 [Veto4]:406.396 [SgUp1]:59906 [SgUp2]:0 [SgUp3]:0 [SgUp4]:0 [SgLow1]:59827 [SgLow2]:0 [SgLow3]:0 [SgLow4]:0 [NetMuon1]:446982 [NetMuon2]:477741 [NetMuon3]:477741 [NetMuon4]:477741
[Run]:21519 [Site]:2 [Bin]:452 [FullTime]:3600 [SkipTime]:0 [Veto1]:611.183 [Veto2]:407.293 [Veto3]:407.293 [Veto4]:407.293 [SgUp1]:60001 [SgUp2]:0 [SgUp3]:0 [SgUp4]:0 [SgLow1]:59917 [SgLow2]:0 [SgLow3]:0 [SgLow4]:0 [NetMuon1]:448300 [NetMuon2]:478825 [NetMuon3]:478825 [NetMuon4]:478825
[Run]:21519 [Site]:2 [Bin]:453 [FullTime]:3600 [SkipTime]:0 [Veto1]:590.296 [Veto2]:406.6 [Veto3]:406.6 [Veto4]:406.6 [SgUp1]:60210 [SgUp2]:0 [SgUp3]:0 [SgUp4]:0 [SgLow1]:60113 [SgLow2]:0 [SgLow3]:0 [SgLow4]:0 [NetMuon1]:450312 [NetMuon2]:478123 [NetMuon3]:478123 [NetMuon4]:478123
[Run]:21519 [Site]:2 [Bin]:454 [FullTime]:3600 [SkipTime]:0 [Veto1]:578.863 [Veto2]:407.564 [Veto3]:407.564 [Veto4]:407.564 [SgUp1]:60959 [SgUp2]:0 [SgUp3]:0 [SgUp4]:0 [SgLow1]:60882 [SgLow2]:0 [SgLow3]:0 [SgLow4]:0 [NetMuon1]:453310 [NetMuon2]:479113 [NetMuon3]:479113 [NetMuon4]:479113
[Run]:21519 [Site]:2 [Bin]:455 [FullTime]:3600 [SkipTime]:0 [Veto1]:593.076 [Veto2]:406.825 [Veto3]:406.825 [Veto4]:406.825 [SgUp1]:60523 [SgUp2]:0 [SgUp3]:0 [SgUp4]:0 [SgLow1]:60435 [SgLow2]:0 [SgLow3]:0 [SgLow4]:0 [NetMuon1]:450157 [NetMuon2]:478065 [NetMuon3]:478065 [NetMuon4]:478065
[Run]:21519 [Site]:2 [Bin]:456 [FullTime]:3600 [SkipTime]:0 [Veto1]:595.994 [Veto2]:407.137 [Veto3]:407.137 [Veto4]:407.137 [SgUp1]:59926 [SgUp2]:0 [SgUp3]:0 [SgUp4]:0 [SgLow1]:59826 [SgLow2]:0 [SgLow3]:0 [SgLow4]:0 [NetMuon1]:450542 [NetMuon2]:478767 [NetMuon3]:478767 [NetMuon4]:478767
[Run]:21519 [Site]:2 [Bin]:457 [FullTime]:3600 [SkipTime]:0 [Veto1]:574.333 [Veto2]:406.793 [Veto3]:406.793 [Veto4]:406.793 [SgUp1]:60413 [SgUp2]:0 [SgUp3]:0 [SgUp4]:0 [SgLow1]:60313 [SgLow2]:0 [SgLow3]:0 [SgLow4]:0 [NetMuon1]:453748 [NetMuon2]:478588 [NetMuon3]:478588 [NetMuon4]:478588
[Run]:21519 [Site]:2 [Bin]:458 [FullTime]:3600 [SkipTime]:0 [Veto1]:591.557 [Veto2]:406.924 [Veto3]:406.924 [Veto4]:406.924 [SgUp1]:59906 [SgUp2]:0 [SgUp3]:0 [SgUp4]:0 [SgLow1]:59811 [SgLow2]:0 [SgLow3]:0 [SgLow4]:0 [NetMuon1]:451054 [NetMuon2]:478750 [NetMuon3]:478750 [NetMuon4]:478750
End process Run: 21519 ... 
[Run]:21519 [Site]:2 [Bin]:459 [FullTime]:1238.08 [SkipTime]:0 [Veto1]:202.184 [Veto2]:139.926 [Veto3]:139.926 [Veto4]:139.926
