StreamChain add 0xd0547f0
Start to process run: 21500 ... 
[Run]:21500 [Site]:2 [Bin]:320 [FullTime]:357.957 [SkipTime]:0 [Veto1]:58.7969 [Veto2]:40.4324 [Veto3]:40.4324 [Veto4]:40.4324 [SgUp1]:5906 [SgUp2]:0 [SgUp3]:0 [SgUp4]:0 [SgLow1]:5901 [SgLow2]:0 [SgLow3]:0 [SgLow4]:0 [NetMuon1]:44911 [NetMuon2]:47549 [NetMuon3]:47549 [NetMuon4]:47549
[Run]:21500 [Site]:2 [Bin]:321 [FullTime]:3600 [SkipTime]:0 [Veto1]:597.782 [Veto2]:407.81 [Veto3]:407.81 [Veto4]:407.81 [SgUp1]:61424 [SgUp2]:0 [SgUp3]:0 [SgUp4]:0 [SgLow1]:61337 [SgLow2]:0 [SgLow3]:0 [SgLow4]:0 [NetMuon1]:450779 [NetMuon2]:479230 [NetMuon3]:479230 [NetMuon4]:479230
[Run]:21500 [Site]:2 [Bin]:322 [FullTime]:3600 [SkipTime]:0 [Veto1]:610.913 [Veto2]:407.446 [Veto3]:407.446 [Veto4]:407.446 [SgUp1]:60958 [SgUp2]:0 [SgUp3]:0 [SgUp4]:0 [SgLow1]:60868 [SgLow2]:0 [SgLow3]:0 [SgLow4]:0 [NetMuon1]:448570 [NetMuon2]:479128 [NetMuon3]:479128 [NetMuon4]:479128
[Run]:21500 [Site]:2 [Bin]:323 [FullTime]:3600 [SkipTime]:0 [Veto1]:599.452 [Veto2]:407.078 [Veto3]:407.078 [Veto4]:407.078 [SgUp1]:61214 [SgUp2]:0 [SgUp3]:0 [SgUp4]:0 [SgLow1]:61143 [SgLow2]:0 [SgLow3]:0 [SgLow4]:0 [NetMuon1]:449863 [NetMuon2]:478465 [NetMuon3]:478465 [NetMuon4]:478465
[Run]:21500 [Site]:2 [Bin]:324 [FullTime]:3600 [SkipTime]:0 [Veto1]:580.781 [Veto2]:407.125 [Veto3]:407.125 [Veto4]:407.125 [SgUp1]:61641 [SgUp2]:0 [SgUp3]:0 [SgUp4]:0 [SgLow1]:61547 [SgLow2]:0 [SgLow3]:0 [SgLow4]:0 [NetMuon1]:452778 [NetMuon2]:478737 [NetMuon3]:478737 [NetMuon4]:478737
[Run]:21500 [Site]:2 [Bin]:325 [FullTime]:3600 [SkipTime]:0 [Veto1]:590.556 [Veto2]:407.243 [Veto3]:407.243 [Veto4]:407.243 [SgUp1]:61684 [SgUp2]:0 [SgUp3]:0 [SgUp4]:0 [SgLow1]:61593 [SgLow2]:0 [SgLow3]:0 [SgLow4]:0 [NetMuon1]:451533 [NetMuon2]:478993 [NetMuon3]:478993 [NetMuon4]:478993
[Run]:21500 [Site]:2 [Bin]:326 [FullTime]:3600 [SkipTime]:0 [Veto1]:581.259 [Veto2]:408.297 [Veto3]:408.297 [Veto4]:408.297 [SgUp1]:61829 [SgUp2]:0 [SgUp3]:0 [SgUp4]:0 [SgLow1]:61736 [SgLow2]:0 [SgLow3]:0 [SgLow4]:0 [NetMuon1]:453697 [NetMuon2]:479833 [NetMuon3]:479833 [NetMuon4]:479833
[Run]:21500 [Site]:2 [Bin]:327 [FullTime]:3600 [SkipTime]:0 [Veto1]:607.556 [Veto2]:408.556 [Veto3]:408.556 [Veto4]:408.556 [SgUp1]:60999 [SgUp2]:0 [SgUp3]:0 [SgUp4]:0 [SgLow1]:60916 [SgLow2]:0 [SgLow3]:0 [SgLow4]:0 [NetMuon1]:449955 [NetMuon2]:479902 [NetMuon3]:479902 [NetMuon4]:479902
[Run]:21500 [Site]:2 [Bin]:328 [FullTime]:3600 [SkipTime]:0 [Veto1]:594.821 [Veto2]:407.048 [Veto3]:407.048 [Veto4]:407.048 [SgUp1]:61731 [SgUp2]:0 [SgUp3]:0 [SgUp4]:0 [SgLow1]:61627 [SgLow2]:0 [SgLow3]:0 [SgLow4]:0 [NetMuon1]:450459 [NetMuon2]:478684 [NetMuon3]:478684 [NetMuon4]:478684
[Run]:21500 [Site]:2 [Bin]:329 [FullTime]:3600 [SkipTime]:0 [Veto1]:599.953 [Veto2]:407.362 [Veto3]:407.362 [Veto4]:407.362 [SgUp1]:61566 [SgUp2]:0 [SgUp3]:0 [SgUp4]:0 [SgLow1]:61465 [SgLow2]:0 [SgLow3]:0 [SgLow4]:0 [NetMuon1]:450084 [NetMuon2]:479084 [NetMuon3]:479084 [NetMuon4]:479084
[Run]:21500 [Site]:2 [Bin]:330 [FullTime]:3600 [SkipTime]:0 [Veto1]:602.881 [Veto2]:407.789 [Veto3]:407.789 [Veto4]:407.789 [SgUp1]:61301 [SgUp2]:0 [SgUp3]:0 [SgUp4]:0 [SgLow1]:61196 [SgLow2]:0 [SgLow3]:0 [SgLow4]:0 [NetMuon1]:450266 [NetMuon2]:479350 [NetMuon3]:479350 [NetMuon4]:479350
[Run]:21500 [Site]:2 [Bin]:331 [FullTime]:3600 [SkipTime]:0 [Veto1]:588.512 [Veto2]:406.925 [Veto3]:406.925 [Veto4]:406.925 [SgUp1]:61676 [SgUp2]:0 [SgUp3]:0 [SgUp4]:0 [SgLow1]:61595 [SgLow2]:0 [SgLow3]:0 [SgLow4]:0 [NetMuon1]:451013 [NetMuon2]:478381 [NetMuon3]:478381 [NetMuon4]:478381
[Run]:21500 [Site]:2 [Bin]:332 [FullTime]:3600 [SkipTime]:0 [Veto1]:600.589 [Veto2]:406.809 [Veto3]:406.809 [Veto4]:406.809 [SgUp1]:61491 [SgUp2]:0 [SgUp3]:0 [SgUp4]:0 [SgLow1]:61419 [SgLow2]:0 [SgLow3]:0 [SgLow4]:0 [NetMuon1]:449355 [NetMuon2]:478272 [NetMuon3]:478272 [NetMuon4]:478272
[Run]:21500 [Site]:2 [Bin]:333 [FullTime]:3600 [SkipTime]:0 [Veto1]:602.238 [Veto2]:407.697 [Veto3]:407.697 [Veto4]:407.697 [SgUp1]:61307 [SgUp2]:0 [SgUp3]:0 [SgUp4]:0 [SgLow1]:61239 [SgLow2]:0 [SgLow3]:0 [SgLow4]:0 [NetMuon1]:450146 [NetMuon2]:479316 [NetMuon3]:479316 [NetMuon4]:479316
[Run]:21500 [Site]:2 [Bin]:334 [FullTime]:3600 [SkipTime]:0 [Veto1]:590.466 [Veto2]:406.123 [Veto3]:406.123 [Veto4]:406.123 [SgUp1]:61595 [SgUp2]:0 [SgUp3]:0 [SgUp4]:0 [SgLow1]:61497 [SgLow2]:0 [SgLow3]:0 [SgLow4]:0 [NetMuon1]:450081 [NetMuon2]:477411 [NetMuon3]:477411 [NetMuon4]:477411
[Run]:21500 [Site]:2 [Bin]:335 [FullTime]:3600 [SkipTime]:0 [Veto1]:588.492 [Veto2]:406.039 [Veto3]:406.039 [Veto4]:406.039 [SgUp1]:61754 [SgUp2]:0 [SgUp3]:0 [SgUp4]:0 [SgLow1]:61663 [SgLow2]:0 [SgLow3]:0 [SgLow4]:0 [NetMuon1]:450046 [NetMuon2]:477492 [NetMuon3]:477492 [NetMuon4]:477492
[Run]:21500 [Site]:2 [Bin]:336 [FullTime]:3600 [SkipTime]:0 [Veto1]:600.895 [Veto2]:407.745 [Veto3]:407.745 [Veto4]:407.745 [SgUp1]:61383 [SgUp2]:0 [SgUp3]:0 [SgUp4]:0 [SgLow1]:61293 [SgLow2]:0 [SgLow3]:0 [SgLow4]:0 [NetMuon1]:450367 [NetMuon2]:479420 [NetMuon3]:479420 [NetMuon4]:479420
[Run]:21500 [Site]:2 [Bin]:337 [FullTime]:3600 [SkipTime]:0 [Veto1]:591.234 [Veto2]:407.384 [Veto3]:407.384 [Veto4]:407.384 [SgUp1]:61265 [SgUp2]:0 [SgUp3]:0 [SgUp4]:0 [SgLow1]:61150 [SgLow2]:0 [SgLow3]:0 [SgLow4]:0 [NetMuon1]:451785 [NetMuon2]:478944 [NetMuon3]:478944 [NetMuon4]:478944
[Run]:21500 [Site]:2 [Bin]:338 [FullTime]:3600 [SkipTime]:0 [Veto1]:568.234 [Veto2]:406.667 [Veto3]:406.667 [Veto4]:406.667 [SgUp1]:61593 [SgUp2]:0 [SgUp3]:0 [SgUp4]:0 [SgLow1]:61499 [SgLow2]:0 [SgLow3]:0 [SgLow4]:0 [NetMuon1]:454117 [NetMuon2]:478157 [NetMuon3]:478157 [NetMuon4]:478157
[Run]:21500 [Site]:2 [Bin]:339 [FullTime]:3600.01 [SkipTime]:0 [Veto1]:595.989 [Veto2]:407.186 [Veto3]:407.186 [Veto4]:407.186 [SgUp1]:60996 [SgUp2]:0 [SgUp3]:0 [SgUp4]:0 [SgLow1]:60913 [SgLow2]:0 [SgLow3]:0 [SgLow4]:0 [NetMuon1]:450434 [NetMuon2]:478558 [NetMuon3]:478558 [NetMuon4]:478558
[Run]:21500 [Site]:2 [Bin]:340 [FullTime]:3599.99 [SkipTime]:0 [Veto1]:618.821 [Veto2]:407.262 [Veto3]:407.262 [Veto4]:407.262 [SgUp1]:61298 [SgUp2]:0 [SgUp3]:0 [SgUp4]:0 [SgLow1]:61211 [SgLow2]:0 [SgLow3]:0 [SgLow4]:0 [NetMuon1]:447051 [NetMuon2]:478816 [NetMuon3]:478816 [NetMuon4]:478816
[Run]:21500 [Site]:2 [Bin]:341 [FullTime]:3600 [SkipTime]:0 [Veto1]:600.812 [Veto2]:407.05 [Veto3]:407.05 [Veto4]:407.05 [SgUp1]:60914 [SgUp2]:0 [SgUp3]:0 [SgUp4]:0 [SgLow1]:60828 [SgLow2]:0 [SgLow3]:0 [SgLow4]:0 [NetMuon1]:449624 [NetMuon2]:478515 [NetMuon3]:478515 [NetMuon4]:478515
[Run]:21500 [Site]:2 [Bin]:342 [FullTime]:3600 [SkipTime]:0 [Veto1]:599.277 [Veto2]:407.121 [Veto3]:407.121 [Veto4]:407.121 [SgUp1]:61294 [SgUp2]:0 [SgUp3]:0 [SgUp4]:0 [SgLow1]:61204 [SgLow2]:0 [SgLow3]:0 [SgLow4]:0 [NetMuon1]:449699 [NetMuon2]:478659 [NetMuon3]:478659 [NetMuon4]:478659
[Run]:21500 [Site]:2 [Bin]:343 [FullTime]:3600 [SkipTime]:0 [Veto1]:595.484 [Veto2]:406.862 [Veto3]:406.862 [Veto4]:406.862 [SgUp1]:61257 [SgUp2]:0 [SgUp3]:0 [SgUp4]:0 [SgLow1]:61156 [SgLow2]:0 [SgLow3]:0 [SgLow4]:0 [NetMuon1]:450266 [NetMuon2]:478461 [NetMuon3]:478461 [NetMuon4]:478461
[Run]:21500 [Site]:2 [Bin]:344 [FullTime]:3600 [SkipTime]:0 [Veto1]:579.349 [Veto2]:406.206 [Veto3]:406.206 [Veto4]:406.206 [SgUp1]:61514 [SgUp2]:0 [SgUp3]:0 [SgUp4]:0 [SgLow1]:61446 [SgLow2]:0 [SgLow3]:0 [SgLow4]:0 [NetMuon1]:451528 [NetMuon2]:477751 [NetMuon3]:477751 [NetMuon4]:477751
[Run]:21500 [Site]:2 [Bin]:345 [FullTime]:3600 [SkipTime]:0 [Veto1]:605.578 [Veto2]:407.113 [Veto3]:407.113 [Veto4]:407.113 [SgUp1]:60833 [SgUp2]:0 [SgUp3]:0 [SgUp4]:0 [SgLow1]:60755 [SgLow2]:0 [SgLow3]:0 [SgLow4]:0 [NetMuon1]:449121 [NetMuon2]:478582 [NetMuon3]:478582 [NetMuon4]:478582
[Run]:21500 [Site]:2 [Bin]:346 [FullTime]:3600 [SkipTime]:0 [Veto1]:599.291 [Veto2]:406.642 [Veto3]:406.642 [Veto4]:406.642 [SgUp1]:61557 [SgUp2]:0 [SgUp3]:0 [SgUp4]:0 [SgLow1]:61494 [SgLow2]:0 [SgLow3]:0 [SgLow4]:0 [NetMuon1]:449581 [NetMuon2]:478322 [NetMuon3]:478322 [NetMuon4]:478322
[Run]:21500 [Site]:2 [Bin]:347 [FullTime]:3600 [SkipTime]:0 [Veto1]:602.433 [Veto2]:407.533 [Veto3]:407.533 [Veto4]:407.533 [SgUp1]:61757 [SgUp2]:0 [SgUp3]:0 [SgUp4]:0 [SgLow1]:61710 [SgLow2]:0 [SgLow3]:0 [SgLow4]:0 [NetMuon1]:449836 [NetMuon2]:479070 [NetMuon3]:479070 [NetMuon4]:479070
[Run]:21500 [Site]:2 [Bin]:348 [FullTime]:3600 [SkipTime]:0 [Veto1]:599.597 [Veto2]:407.217 [Veto3]:407.217 [Veto4]:407.217 [SgUp1]:61687 [SgUp2]:0 [SgUp3]:0 [SgUp4]:0 [SgLow1]:61592 [SgLow2]:0 [SgLow3]:0 [SgLow4]:0 [NetMuon1]:449831 [NetMuon2]:478798 [NetMuon3]:478798 [NetMuon4]:478798
[Run]:21500 [Site]:2 [Bin]:349 [FullTime]:3600 [SkipTime]:0 [Veto1]:587.688 [Veto2]:407.755 [Veto3]:407.755 [Veto4]:407.755 [SgUp1]:61743 [SgUp2]:0 [SgUp3]:0 [SgUp4]:0 [SgLow1]:61656 [SgLow2]:0 [SgLow3]:0 [SgLow4]:0 [NetMuon1]:452024 [NetMuon2]:479152 [NetMuon3]:479152 [NetMuon4]:479152
[Run]:21500 [Site]:2 [Bin]:350 [FullTime]:3600.01 [SkipTime]:0 [Veto1]:594.526 [Veto2]:406.941 [Veto3]:406.941 [Veto4]:406.941 [SgUp1]:61869 [SgUp2]:0 [SgUp3]:0 [SgUp4]:0 [SgLow1]:61792 [SgLow2]:0 [SgLow3]:0 [SgLow4]:0 [NetMuon1]:450150 [NetMuon2]:478410 [NetMuon3]:478410 [NetMuon4]:478410
[Run]:21500 [Site]:2 [Bin]:351 [FullTime]:3599.99 [SkipTime]:0 [Veto1]:578.355 [Veto2]:407.598 [Veto3]:407.598 [Veto4]:407.598 [SgUp1]:61193 [SgUp2]:0 [SgUp3]:0 [SgUp4]:0 [SgLow1]:61115 [SgLow2]:0 [SgLow3]:0 [SgLow4]:0 [NetMuon1]:453591 [NetMuon2]:479154 [NetMuon3]:479154 [NetMuon4]:479154
[Run]:21500 [Site]:2 [Bin]:352 [FullTime]:3600 [SkipTime]:0 [Veto1]:586.947 [Veto2]:407.128 [Veto3]:407.128 [Veto4]:407.128 [SgUp1]:61470 [SgUp2]:0 [SgUp3]:0 [SgUp4]:0 [SgLow1]:61375 [SgLow2]:0 [SgLow3]:0 [SgLow4]:0 [NetMuon1]:451483 [NetMuon2]:478640 [NetMuon3]:478640 [NetMuon4]:478640
[Run]:21500 [Site]:2 [Bin]:353 [FullTime]:3600 [SkipTime]:0 [Veto1]:610.844 [Veto2]:406.962 [Veto3]:406.962 [Veto4]:406.962 [SgUp1]:61033 [SgUp2]:0 [SgUp3]:0 [SgUp4]:0 [SgLow1]:60930 [SgLow2]:0 [SgLow3]:0 [SgLow4]:0 [NetMuon1]:447637 [NetMuon2]:478217 [NetMuon3]:478217 [NetMuon4]:478217
[Run]:21500 [Site]:2 [Bin]:354 [FullTime]:3600 [SkipTime]:0 [Veto1]:594.914 [Veto2]:405.867 [Veto3]:405.867 [Veto4]:405.867 [SgUp1]:61354 [SgUp2]:0 [SgUp3]:0 [SgUp4]:0 [SgLow1]:61258 [SgLow2]:0 [SgLow3]:0 [SgLow4]:0 [NetMuon1]:448948 [NetMuon2]:477144 [NetMuon3]:477144 [NetMuon4]:477144
[Run]:21500 [Site]:2 [Bin]:355 [FullTime]:3600 [SkipTime]:0 [Veto1]:584.816 [Veto2]:406.95 [Veto3]:406.95 [Veto4]:406.95 [SgUp1]:61377 [SgUp2]:0 [SgUp3]:0 [SgUp4]:0 [SgLow1]:61290 [SgLow2]:0 [SgLow3]:0 [SgLow4]:0 [NetMuon1]:451738 [NetMuon2]:478620 [NetMuon3]:478620 [NetMuon4]:478620
[Run]:21500 [Site]:2 [Bin]:356 [FullTime]:3600 [SkipTime]:0 [Veto1]:603.699 [Veto2]:407.314 [Veto3]:407.314 [Veto4]:407.314 [SgUp1]:60851 [SgUp2]:0 [SgUp3]:0 [SgUp4]:0 [SgLow1]:60766 [SgLow2]:0 [SgLow3]:0 [SgLow4]:0 [NetMuon1]:449439 [NetMuon2]:478876 [NetMuon3]:478876 [NetMuon4]:478876
[Run]:21500 [Site]:2 [Bin]:357 [FullTime]:3600 [SkipTime]:0 [Veto1]:618.582 [Veto2]:407.004 [Veto3]:407.004 [Veto4]:407.004 [SgUp1]:60635 [SgUp2]:0 [SgUp3]:0 [SgUp4]:0 [SgLow1]:60543 [SgLow2]:0 [SgLow3]:0 [SgLow4]:0 [NetMuon1]:447571 [NetMuon2]:478870 [NetMuon3]:478870 [NetMuon4]:478870
[Run]:21500 [Site]:2 [Bin]:358 [FullTime]:3600 [SkipTime]:0 [Veto1]:588.021 [Veto2]:406.674 [Veto3]:406.674 [Veto4]:406.674 [SgUp1]:61121 [SgUp2]:0 [SgUp3]:0 [SgUp4]:0 [SgLow1]:61031 [SgLow2]:0 [SgLow3]:0 [SgLow4]:0 [NetMuon1]:451150 [NetMuon2]:478200 [NetMuon3]:478200 [NetMuon4]:478200
[Run]:21500 [Site]:2 [Bin]:359 [FullTime]:3600 [SkipTime]:0 [Veto1]:610.115 [Veto2]:407.414 [Veto3]:407.414 [Veto4]:407.414 [SgUp1]:60851 [SgUp2]:0 [SgUp3]:0 [SgUp4]:0 [SgLow1]:60760 [SgLow2]:0 [SgLow3]:0 [SgLow4]:0 [NetMuon1]:448618 [NetMuon2]:479097 [NetMuon3]:479097 [NetMuon4]:479097
End process Run: 21500 ... 
[Run]:21500 [Site]:2 [Bin]:360 [FullTime]:1069.59 [SkipTime]:0 [Veto1]:181.513 [Veto2]:120.502 [Veto3]:120.502 [Veto4]:120.502
