StreamChain add 0xfab97f0
Start to process run: 22798 ... 
[Run]:22798 [Site]:2 [Bin]:1946 [FullTime]:3591.4 [SkipTime]:0 [Veto1]:593.644 [Veto2]:408.326 [Veto3]:408.326 [Veto4]:408.326 [SgUp1]:59183 [SgUp2]:0 [SgUp3]:0 [SgUp4]:0 [SgLow1]:59071 [SgLow2]:0 [SgLow3]:0 [SgLow4]:0 [NetMuon1]:452386 [NetMuon2]:480238 [NetMuon3]:480238 [NetMuon4]:480238
[Run]:22798 [Site]:2 [Bin]:1947 [FullTime]:3600 [SkipTime]:0 [Veto1]:597.497 [Veto2]:407.687 [Veto3]:407.687 [Veto4]:407.687 [SgUp1]:58659 [SgUp2]:0 [SgUp3]:0 [SgUp4]:0 [SgLow1]:58563 [SgLow2]:0 [SgLow3]:0 [SgLow4]:0 [NetMuon1]:450741 [NetMuon2]:479182 [NetMuon3]:479182 [NetMuon4]:479182
[Run]:22798 [Site]:2 [Bin]:1948 [FullTime]:3600 [SkipTime]:0 [Veto1]:619.797 [Veto2]:409.081 [Veto3]:409.081 [Veto4]:409.081 [SgUp1]:58872 [SgUp2]:0 [SgUp3]:0 [SgUp4]:0 [SgLow1]:58775 [SgLow2]:0 [SgLow3]:0 [SgLow4]:0 [NetMuon1]:449419 [NetMuon2]:481082 [NetMuon3]:481082 [NetMuon4]:481082
[Run]:22798 [Site]:2 [Bin]:1949 [FullTime]:3600 [SkipTime]:0 [Veto1]:605.84 [Veto2]:409.509 [Veto3]:409.509 [Veto4]:409.509 [SgUp1]:59179 [SgUp2]:0 [SgUp3]:0 [SgUp4]:0 [SgLow1]:59104 [SgLow2]:0 [SgLow3]:0 [SgLow4]:0 [NetMuon1]:451545 [NetMuon2]:481286 [NetMuon3]:481286 [NetMuon4]:481286
[Run]:22798 [Site]:2 [Bin]:1950 [FullTime]:3600 [SkipTime]:0 [Veto1]:602.359 [Veto2]:408.287 [Veto3]:408.287 [Veto4]:408.287 [SgUp1]:59218 [SgUp2]:0 [SgUp3]:0 [SgUp4]:0 [SgLow1]:59132 [SgLow2]:0 [SgLow3]:0 [SgLow4]:0 [NetMuon1]:450572 [NetMuon2]:479881 [NetMuon3]:479881 [NetMuon4]:479881
[Run]:22798 [Site]:2 [Bin]:1951 [FullTime]:3600 [SkipTime]:0 [Veto1]:579.649 [Veto2]:408.751 [Veto3]:408.751 [Veto4]:408.751 [SgUp1]:59049 [SgUp2]:0 [SgUp3]:0 [SgUp4]:0 [SgLow1]:58946 [SgLow2]:0 [SgLow3]:0 [SgLow4]:0 [NetMuon1]:454949 [NetMuon2]:480695 [NetMuon3]:480695 [NetMuon4]:480695
[Run]:22798 [Site]:2 [Bin]:1952 [FullTime]:3600 [SkipTime]:0 [Veto1]:585.974 [Veto2]:407.281 [Veto3]:407.281 [Veto4]:407.281 [SgUp1]:59422 [SgUp2]:0 [SgUp3]:0 [SgUp4]:0 [SgLow1]:59322 [SgLow2]:0 [SgLow3]:0 [SgLow4]:0 [NetMuon1]:452448 [NetMuon2]:479124 [NetMuon3]:479124 [NetMuon4]:479124
[Run]:22798 [Site]:2 [Bin]:1953 [FullTime]:3600 [SkipTime]:0 [Veto1]:591.612 [Veto2]:408.22 [Veto3]:408.22 [Veto4]:408.22 [SgUp1]:58652 [SgUp2]:0 [SgUp3]:0 [SgUp4]:0 [SgLow1]:58549 [SgLow2]:0 [SgLow3]:0 [SgLow4]:0 [NetMuon1]:452397 [NetMuon2]:480132 [NetMuon3]:480132 [NetMuon4]:480132
[Run]:22798 [Site]:2 [Bin]:1954 [FullTime]:3599.99 [SkipTime]:0 [Veto1]:582.751 [Veto2]:408.187 [Veto3]:408.187 [Veto4]:408.187 [SgUp1]:59298 [SgUp2]:0 [SgUp3]:0 [SgUp4]:0 [SgLow1]:59213 [SgLow2]:0 [SgLow3]:0 [SgLow4]:0 [NetMuon1]:454165 [NetMuon2]:480090 [NetMuon3]:480090 [NetMuon4]:480090
[Run]:22798 [Site]:2 [Bin]:1955 [FullTime]:3600.01 [SkipTime]:0 [Veto1]:593.264 [Veto2]:407.853 [Veto3]:407.853 [Veto4]:407.853 [SgUp1]:58915 [SgUp2]:0 [SgUp3]:0 [SgUp4]:0 [SgLow1]:58813 [SgLow2]:0 [SgLow3]:0 [SgLow4]:0 [NetMuon1]:451739 [NetMuon2]:479573 [NetMuon3]:479573 [NetMuon4]:479573
[Run]:22798 [Site]:2 [Bin]:1956 [FullTime]:3599.99 [SkipTime]:0 [Veto1]:577.836 [Veto2]:407.673 [Veto3]:407.673 [Veto4]:407.673 [SgUp1]:59472 [SgUp2]:0 [SgUp3]:0 [SgUp4]:0 [SgLow1]:59378 [SgLow2]:0 [SgLow3]:0 [SgLow4]:0 [NetMuon1]:453903 [NetMuon2]:479628 [NetMuon3]:479628 [NetMuon4]:479628
[Run]:22798 [Site]:2 [Bin]:1957 [FullTime]:3600 [SkipTime]:0 [Veto1]:600.502 [Veto2]:408.434 [Veto3]:408.434 [Veto4]:408.434 [SgUp1]:59033 [SgUp2]:0 [SgUp3]:0 [SgUp4]:0 [SgLow1]:58903 [SgLow2]:0 [SgLow3]:0 [SgLow4]:0 [NetMuon1]:451565 [NetMuon2]:480335 [NetMuon3]:480335 [NetMuon4]:480335
[Run]:22798 [Site]:2 [Bin]:1958 [FullTime]:3600 [SkipTime]:0 [Veto1]:600.704 [Veto2]:407.308 [Veto3]:407.308 [Veto4]:407.308 [SgUp1]:58830 [SgUp2]:0 [SgUp3]:0 [SgUp4]:0 [SgLow1]:58748 [SgLow2]:0 [SgLow3]:0 [SgLow4]:0 [NetMuon1]:449959 [NetMuon2]:479074 [NetMuon3]:479074 [NetMuon4]:479074
[Run]:22798 [Site]:2 [Bin]:1959 [FullTime]:3600 [SkipTime]:0 [Veto1]:608.121 [Veto2]:408.554 [Veto3]:408.554 [Veto4]:408.554 [SgUp1]:58916 [SgUp2]:0 [SgUp3]:0 [SgUp4]:0 [SgLow1]:58799 [SgLow2]:0 [SgLow3]:0 [SgLow4]:0 [NetMuon1]:449831 [NetMuon2]:480332 [NetMuon3]:480332 [NetMuon4]:480332
[Run]:22798 [Site]:2 [Bin]:1960 [FullTime]:3600 [SkipTime]:0 [Veto1]:575.613 [Veto2]:406.69 [Veto3]:406.69 [Veto4]:406.69 [SgUp1]:59043 [SgUp2]:0 [SgUp3]:0 [SgUp4]:0 [SgLow1]:58916 [SgLow2]:0 [SgLow3]:0 [SgLow4]:0 [NetMuon1]:453148 [NetMuon2]:478425 [NetMuon3]:478425 [NetMuon4]:478425
[Run]:22798 [Site]:2 [Bin]:1961 [FullTime]:3600 [SkipTime]:0 [Veto1]:600.813 [Veto2]:407.848 [Veto3]:407.848 [Veto4]:407.848 [SgUp1]:59196 [SgUp2]:0 [SgUp3]:0 [SgUp4]:0 [SgLow1]:59109 [SgLow2]:0 [SgLow3]:0 [SgLow4]:0 [NetMuon1]:450647 [NetMuon2]:479676 [NetMuon3]:479676 [NetMuon4]:479676
[Run]:22798 [Site]:2 [Bin]:1962 [FullTime]:3600 [SkipTime]:0 [Veto1]:593.025 [Veto2]:406.944 [Veto3]:406.944 [Veto4]:406.944 [SgUp1]:59181 [SgUp2]:0 [SgUp3]:0 [SgUp4]:0 [SgLow1]:59083 [SgLow2]:0 [SgLow3]:0 [SgLow4]:0 [NetMuon1]:450786 [NetMuon2]:478720 [NetMuon3]:478720 [NetMuon4]:478720
[Run]:22798 [Site]:2 [Bin]:1963 [FullTime]:3600 [SkipTime]:0 [Veto1]:606.194 [Veto2]:407.55 [Veto3]:407.55 [Veto4]:407.55 [SgUp1]:58929 [SgUp2]:0 [SgUp3]:0 [SgUp4]:0 [SgLow1]:58810 [SgLow2]:0 [SgLow3]:0 [SgLow4]:0 [NetMuon1]:449125 [NetMuon2]:479435 [NetMuon3]:479435 [NetMuon4]:479435
[Run]:22798 [Site]:2 [Bin]:1964 [FullTime]:3600 [SkipTime]:0 [Veto1]:595.243 [Veto2]:407.911 [Veto3]:407.911 [Veto4]:407.911 [SgUp1]:58623 [SgUp2]:0 [SgUp3]:0 [SgUp4]:0 [SgLow1]:58497 [SgLow2]:0 [SgLow3]:0 [SgLow4]:0 [NetMuon1]:451682 [NetMuon2]:479747 [NetMuon3]:479747 [NetMuon4]:479747
[Run]:22798 [Site]:2 [Bin]:1965 [FullTime]:3600 [SkipTime]:0 [Veto1]:602.364 [Veto2]:408.366 [Veto3]:408.366 [Veto4]:408.366 [SgUp1]:59333 [SgUp2]:0 [SgUp3]:0 [SgUp4]:0 [SgLow1]:59258 [SgLow2]:0 [SgLow3]:0 [SgLow4]:0 [NetMuon1]:450970 [NetMuon2]:480122 [NetMuon3]:480122 [NetMuon4]:480122
[Run]:22798 [Site]:2 [Bin]:1966 [FullTime]:3600 [SkipTime]:0 [Veto1]:584.855 [Veto2]:408.29 [Veto3]:408.29 [Veto4]:408.29 [SgUp1]:59875 [SgUp2]:0 [SgUp3]:0 [SgUp4]:0 [SgLow1]:59753 [SgLow2]:0 [SgLow3]:0 [SgLow4]:0 [NetMuon1]:453723 [NetMuon2]:480248 [NetMuon3]:480248 [NetMuon4]:480248
[Run]:22798 [Site]:2 [Bin]:1967 [FullTime]:3600 [SkipTime]:0 [Veto1]:608.161 [Veto2]:408.176 [Veto3]:408.176 [Veto4]:408.176 [SgUp1]:59061 [SgUp2]:0 [SgUp3]:0 [SgUp4]:0 [SgLow1]:58956 [SgLow2]:0 [SgLow3]:0 [SgLow4]:0 [NetMuon1]:449298 [NetMuon2]:479748 [NetMuon3]:479748 [NetMuon4]:479748
[Run]:22798 [Site]:2 [Bin]:1968 [FullTime]:3600 [SkipTime]:0 [Veto1]:566.186 [Veto2]:408.304 [Veto3]:408.304 [Veto4]:408.304 [SgUp1]:59750 [SgUp2]:0 [SgUp3]:0 [SgUp4]:0 [SgLow1]:59643 [SgLow2]:0 [SgLow3]:0 [SgLow4]:0 [NetMuon1]:456499 [NetMuon2]:480266 [NetMuon3]:480266 [NetMuon4]:480266
[Run]:22798 [Site]:2 [Bin]:1969 [FullTime]:3600 [SkipTime]:0 [Veto1]:599.135 [Veto2]:407.502 [Veto3]:407.502 [Veto4]:407.502 [SgUp1]:59542 [SgUp2]:0 [SgUp3]:0 [SgUp4]:0 [SgLow1]:59451 [SgLow2]:0 [SgLow3]:0 [SgLow4]:0 [NetMuon1]:451132 [NetMuon2]:479458 [NetMuon3]:479458 [NetMuon4]:479458
[Run]:22798 [Site]:2 [Bin]:1970 [FullTime]:3600.01 [SkipTime]:0 [Veto1]:592.458 [Veto2]:408.191 [Veto3]:408.191 [Veto4]:408.191 [SgUp1]:59364 [SgUp2]:0 [SgUp3]:0 [SgUp4]:0 [SgLow1]:59277 [SgLow2]:0 [SgLow3]:0 [SgLow4]:0 [NetMuon1]:452640 [NetMuon2]:480230 [NetMuon3]:480230 [NetMuon4]:480230
[Run]:22798 [Site]:2 [Bin]:1971 [FullTime]:3600 [SkipTime]:0 [Veto1]:590.498 [Veto2]:407.65 [Veto3]:407.65 [Veto4]:407.65 [SgUp1]:59158 [SgUp2]:0 [SgUp3]:0 [SgUp4]:0 [SgLow1]:59063 [SgLow2]:0 [SgLow3]:0 [SgLow4]:0 [NetMuon1]:451927 [NetMuon2]:479460 [NetMuon3]:479460 [NetMuon4]:479460
[Run]:22798 [Site]:2 [Bin]:1972 [FullTime]:3600 [SkipTime]:0 [Veto1]:606.066 [Veto2]:407.672 [Veto3]:407.672 [Veto4]:407.672 [SgUp1]:59001 [SgUp2]:0 [SgUp3]:0 [SgUp4]:0 [SgLow1]:58894 [SgLow2]:0 [SgLow3]:0 [SgLow4]:0 [NetMuon1]:449934 [NetMuon2]:479634 [NetMuon3]:479634 [NetMuon4]:479634
[Run]:22798 [Site]:2 [Bin]:1973 [FullTime]:3600 [SkipTime]:0 [Veto1]:585.592 [Veto2]:408.521 [Veto3]:408.521 [Veto4]:408.521 [SgUp1]:59482 [SgUp2]:0 [SgUp3]:0 [SgUp4]:0 [SgLow1]:59381 [SgLow2]:0 [SgLow3]:0 [SgLow4]:0 [NetMuon1]:453586 [NetMuon2]:480150 [NetMuon3]:480150 [NetMuon4]:480150
[Run]:22798 [Site]:2 [Bin]:1974 [FullTime]:3600 [SkipTime]:0 [Veto1]:611.942 [Veto2]:407.93 [Veto3]:407.93 [Veto4]:407.93 [SgUp1]:58625 [SgUp2]:0 [SgUp3]:0 [SgUp4]:0 [SgLow1]:58525 [SgLow2]:0 [SgLow3]:0 [SgLow4]:0 [NetMuon1]:449134 [NetMuon2]:479702 [NetMuon3]:479702 [NetMuon4]:479702
[Run]:22798 [Site]:2 [Bin]:1975 [FullTime]:3600 [SkipTime]:0 [Veto1]:610.04 [Veto2]:408.988 [Veto3]:408.988 [Veto4]:408.988 [SgUp1]:59040 [SgUp2]:0 [SgUp3]:0 [SgUp4]:0 [SgLow1]:58934 [SgLow2]:0 [SgLow3]:0 [SgLow4]:0 [NetMuon1]:450557 [NetMuon2]:480949 [NetMuon3]:480949 [NetMuon4]:480949
[Run]:22798 [Site]:2 [Bin]:1976 [FullTime]:3600 [SkipTime]:0 [Veto1]:594.4 [Veto2]:408.894 [Veto3]:408.894 [Veto4]:408.894 [SgUp1]:59407 [SgUp2]:0 [SgUp3]:0 [SgUp4]:0 [SgLow1]:59285 [SgLow2]:0 [SgLow3]:0 [SgLow4]:0 [NetMuon1]:452711 [NetMuon2]:480556 [NetMuon3]:480556 [NetMuon4]:480556
[Run]:22798 [Site]:2 [Bin]:1977 [FullTime]:3600 [SkipTime]:0 [Veto1]:584.621 [Veto2]:408.454 [Veto3]:408.454 [Veto4]:408.454 [SgUp1]:59282 [SgUp2]:0 [SgUp3]:0 [SgUp4]:0 [SgLow1]:59172 [SgLow2]:0 [SgLow3]:0 [SgLow4]:0 [NetMuon1]:453974 [NetMuon2]:480400 [NetMuon3]:480400 [NetMuon4]:480400
[Run]:22798 [Site]:2 [Bin]:1978 [FullTime]:3600 [SkipTime]:0 [Veto1]:585.808 [Veto2]:408.762 [Veto3]:408.762 [Veto4]:408.762 [SgUp1]:59036 [SgUp2]:0 [SgUp3]:0 [SgUp4]:0 [SgLow1]:58947 [SgLow2]:0 [SgLow3]:0 [SgLow4]:0 [NetMuon1]:453914 [NetMuon2]:480601 [NetMuon3]:480601 [NetMuon4]:480601
[Run]:22798 [Site]:2 [Bin]:1979 [FullTime]:3600 [SkipTime]:0 [Veto1]:588.94 [Veto2]:409.435 [Veto3]:409.435 [Veto4]:409.435 [SgUp1]:59352 [SgUp2]:0 [SgUp3]:0 [SgUp4]:0 [SgLow1]:59242 [SgLow2]:0 [SgLow3]:0 [SgLow4]:0 [NetMuon1]:454181 [NetMuon2]:481259 [NetMuon3]:481259 [NetMuon4]:481259
[Run]:22798 [Site]:2 [Bin]:1980 [FullTime]:3600 [SkipTime]:0 [Veto1]:593.498 [Veto2]:407.787 [Veto3]:407.787 [Veto4]:407.787 [SgUp1]:59119 [SgUp2]:0 [SgUp3]:0 [SgUp4]:0 [SgLow1]:59024 [SgLow2]:0 [SgLow3]:0 [SgLow4]:0 [NetMuon1]:451835 [NetMuon2]:479683 [NetMuon3]:479683 [NetMuon4]:479683
[Run]:22798 [Site]:2 [Bin]:1981 [FullTime]:3600 [SkipTime]:0 [Veto1]:601.262 [Veto2]:408.34 [Veto3]:408.34 [Veto4]:408.34 [SgUp1]:59760 [SgUp2]:0 [SgUp3]:0 [SgUp4]:0 [SgLow1]:59656 [SgLow2]:0 [SgLow3]:0 [SgLow4]:0 [NetMuon1]:451425 [NetMuon2]:480433 [NetMuon3]:480433 [NetMuon4]:480433
[Run]:22798 [Site]:2 [Bin]:1982 [FullTime]:3600 [SkipTime]:0 [Veto1]:596.023 [Veto2]:409.941 [Veto3]:409.941 [Veto4]:409.941 [SgUp1]:59212 [SgUp2]:0 [SgUp3]:0 [SgUp4]:0 [SgLow1]:59129 [SgLow2]:0 [SgLow3]:0 [SgLow4]:0 [NetMuon1]:453406 [NetMuon2]:481855 [NetMuon3]:481855 [NetMuon4]:481855
[Run]:22798 [Site]:2 [Bin]:1983 [FullTime]:3599.99 [SkipTime]:0 [Veto1]:598.708 [Veto2]:409.122 [Veto3]:409.122 [Veto4]:409.122 [SgUp1]:59139 [SgUp2]:0 [SgUp3]:0 [SgUp4]:0 [SgLow1]:59027 [SgLow2]:0 [SgLow3]:0 [SgLow4]:0 [NetMuon1]:452759 [NetMuon2]:481174 [NetMuon3]:481174 [NetMuon4]:481174
[Run]:22798 [Site]:2 [Bin]:1984 [FullTime]:3600 [SkipTime]:0 [Veto1]:622.785 [Veto2]:407.888 [Veto3]:407.888 [Veto4]:407.888 [SgUp1]:58867 [SgUp2]:0 [SgUp3]:0 [SgUp4]:0 [SgLow1]:58762 [SgLow2]:0 [SgLow3]:0 [SgLow4]:0 [NetMuon1]:447258 [NetMuon2]:479520 [NetMuon3]:479520 [NetMuon4]:479520
[Run]:22798 [Site]:2 [Bin]:1985 [FullTime]:3600 [SkipTime]:0 [Veto1]:601.57 [Veto2]:408.64 [Veto3]:408.64 [Veto4]:408.64 [SgUp1]:58969 [SgUp2]:0 [SgUp3]:0 [SgUp4]:0 [SgLow1]:58883 [SgLow2]:0 [SgLow3]:0 [SgLow4]:0 [NetMuon1]:452008 [NetMuon2]:480760 [NetMuon3]:480760 [NetMuon4]:480760
[Run]:22798 [Site]:2 [Bin]:1986 [FullTime]:3600 [SkipTime]:0 [Veto1]:601.591 [Veto2]:409.137 [Veto3]:409.137 [Veto4]:409.137 [SgUp1]:59375 [SgUp2]:0 [SgUp3]:0 [SgUp4]:0 [SgLow1]:59263 [SgLow2]:0 [SgLow3]:0 [SgLow4]:0 [NetMuon1]:452538 [NetMuon2]:481321 [NetMuon3]:481321 [NetMuon4]:481321
[Run]:22798 [Site]:2 [Bin]:1987 [FullTime]:3600 [SkipTime]:0 [Veto1]:616.755 [Veto2]:407.91 [Veto3]:407.91 [Veto4]:407.91 [SgUp1]:58651 [SgUp2]:0 [SgUp3]:0 [SgUp4]:0 [SgLow1]:58551 [SgLow2]:0 [SgLow3]:0 [SgLow4]:0 [NetMuon1]:448652 [NetMuon2]:479930 [NetMuon3]:479930 [NetMuon4]:479930
[Run]:22798 [Site]:2 [Bin]:1988 [FullTime]:3600 [SkipTime]:0 [Veto1]:596.557 [Veto2]:407.938 [Veto3]:407.938 [Veto4]:407.938 [SgUp1]:59447 [SgUp2]:0 [SgUp3]:0 [SgUp4]:0 [SgLow1]:59323 [SgLow2]:0 [SgLow3]:0 [SgLow4]:0 [NetMuon1]:451344 [NetMuon2]:479639 [NetMuon3]:479639 [NetMuon4]:479639
[Run]:22798 [Site]:2 [Bin]:1989 [FullTime]:3600 [SkipTime]:0 [Veto1]:598.342 [Veto2]:409.501 [Veto3]:409.501 [Veto4]:409.501 [SgUp1]:59517 [SgUp2]:0 [SgUp3]:0 [SgUp4]:0 [SgLow1]:59398 [SgLow2]:0 [SgLow3]:0 [SgLow4]:0 [NetMuon1]:452829 [NetMuon2]:481471 [NetMuon3]:481471 [NetMuon4]:481471
[Run]:22798 [Site]:2 [Bin]:1990 [FullTime]:3600 [SkipTime]:0 [Veto1]:589.295 [Veto2]:408.698 [Veto3]:408.698 [Veto4]:408.698 [SgUp1]:59127 [SgUp2]:0 [SgUp3]:0 [SgUp4]:0 [SgLow1]:59014 [SgLow2]:0 [SgLow3]:0 [SgLow4]:0 [NetMuon1]:453596 [NetMuon2]:480613 [NetMuon3]:480613 [NetMuon4]:480613
[Run]:22798 [Site]:2 [Bin]:1991 [FullTime]:3600 [SkipTime]:0 [Veto1]:585.742 [Veto2]:407.707 [Veto3]:407.707 [Veto4]:407.707 [SgUp1]:59145 [SgUp2]:0 [SgUp3]:0 [SgUp4]:0 [SgLow1]:59037 [SgLow2]:0 [SgLow3]:0 [SgLow4]:0 [NetMuon1]:452849 [NetMuon2]:479442 [NetMuon3]:479442 [NetMuon4]:479442
[Run]:22798 [Site]:2 [Bin]:1992 [FullTime]:3600 [SkipTime]:0 [Veto1]:591.369 [Veto2]:408.724 [Veto3]:408.724 [Veto4]:408.724 [SgUp1]:59464 [SgUp2]:0 [SgUp3]:0 [SgUp4]:0 [SgLow1]:59361 [SgLow2]:0 [SgLow3]:0 [SgLow4]:0 [NetMuon1]:452532 [NetMuon2]:480471 [NetMuon3]:480471 [NetMuon4]:480471
End process Run: 22798 ... 
[Run]:22798 [Site]:2 [Bin]:1993 [FullTime]:193.26 [SkipTime]:0 [Veto1]:31.725 [Veto2]:21.8489 [Veto3]:21.8489 [Veto4]:21.8489
