StreamChain add 0x110da7f0
Start to process run: 22380 ... 
[Run]:22380 [Site]:2 [Bin]:1327 [FullTime]:737.678 [SkipTime]:0 [Veto1]:119.897 [Veto2]:83.3905 [Veto3]:83.3905 [Veto4]:83.3905 [SgUp1]:12147 [SgUp2]:0 [SgUp3]:0 [SgUp4]:0 [SgLow1]:12131 [SgLow2]:0 [SgLow3]:0 [SgLow4]:0 [NetMuon1]:92704 [NetMuon2]:98127 [NetMuon3]:98127 [NetMuon4]:98127
[Run]:22380 [Site]:2 [Bin]:1328 [FullTime]:3600 [SkipTime]:0 [Veto1]:601.288 [Veto2]:407.558 [Veto3]:407.558 [Veto4]:407.558 [SgUp1]:58884 [SgUp2]:0 [SgUp3]:0 [SgUp4]:0 [SgLow1]:58790 [SgLow2]:0 [SgLow3]:0 [SgLow4]:0 [NetMuon1]:450242 [NetMuon2]:479285 [NetMuon3]:479285 [NetMuon4]:479285
[Run]:22380 [Site]:2 [Bin]:1329 [FullTime]:3600 [SkipTime]:0 [Veto1]:603.44 [Veto2]:407.256 [Veto3]:407.256 [Veto4]:407.256 [SgUp1]:59070 [SgUp2]:0 [SgUp3]:0 [SgUp4]:0 [SgLow1]:58971 [SgLow2]:0 [SgLow3]:0 [SgLow4]:0 [NetMuon1]:449746 [NetMuon2]:479340 [NetMuon3]:479340 [NetMuon4]:479340
[Run]:22380 [Site]:2 [Bin]:1330 [FullTime]:3600 [SkipTime]:0 [Veto1]:598.113 [Veto2]:407.662 [Veto3]:407.662 [Veto4]:407.662 [SgUp1]:59314 [SgUp2]:0 [SgUp3]:0 [SgUp4]:0 [SgLow1]:59190 [SgLow2]:0 [SgLow3]:0 [SgLow4]:0 [NetMuon1]:450810 [NetMuon2]:479452 [NetMuon3]:479452 [NetMuon4]:479452
[Run]:22380 [Site]:2 [Bin]:1331 [FullTime]:3600 [SkipTime]:0 [Veto1]:601.795 [Veto2]:406.306 [Veto3]:406.306 [Veto4]:406.306 [SgUp1]:59756 [SgUp2]:0 [SgUp3]:0 [SgUp4]:0 [SgLow1]:59660 [SgLow2]:0 [SgLow3]:0 [SgLow4]:0 [NetMuon1]:448564 [NetMuon2]:477906 [NetMuon3]:477906 [NetMuon4]:477906
[Run]:22380 [Site]:2 [Bin]:1332 [FullTime]:3600 [SkipTime]:0 [Veto1]:620.111 [Veto2]:407.657 [Veto3]:407.657 [Veto4]:407.657 [SgUp1]:59050 [SgUp2]:0 [SgUp3]:0 [SgUp4]:0 [SgLow1]:58957 [SgLow2]:0 [SgLow3]:0 [SgLow4]:0 [NetMuon1]:447522 [NetMuon2]:479534 [NetMuon3]:479534 [NetMuon4]:479534
[Run]:22380 [Site]:2 [Bin]:1333 [FullTime]:3600 [SkipTime]:0 [Veto1]:626.58 [Veto2]:408.493 [Veto3]:408.493 [Veto4]:408.493 [SgUp1]:58655 [SgUp2]:0 [SgUp3]:0 [SgUp4]:0 [SgLow1]:58545 [SgLow2]:0 [SgLow3]:0 [SgLow4]:0 [NetMuon1]:447816 [NetMuon2]:480505 [NetMuon3]:480505 [NetMuon4]:480505
[Run]:22380 [Site]:2 [Bin]:1334 [FullTime]:3600 [SkipTime]:0 [Veto1]:581.302 [Veto2]:408.703 [Veto3]:408.703 [Veto4]:408.703 [SgUp1]:59554 [SgUp2]:0 [SgUp3]:0 [SgUp4]:0 [SgLow1]:59453 [SgLow2]:0 [SgLow3]:0 [SgLow4]:0 [NetMuon1]:454502 [NetMuon2]:480475 [NetMuon3]:480475 [NetMuon4]:480475
[Run]:22380 [Site]:2 [Bin]:1335 [FullTime]:3600.01 [SkipTime]:0 [Veto1]:582.941 [Veto2]:408.463 [Veto3]:408.463 [Veto4]:408.463 [SgUp1]:59948 [SgUp2]:0 [SgUp3]:0 [SgUp4]:0 [SgLow1]:59831 [SgLow2]:0 [SgLow3]:0 [SgLow4]:0 [NetMuon1]:454062 [NetMuon2]:480332 [NetMuon3]:480332 [NetMuon4]:480332
[Run]:22380 [Site]:2 [Bin]:1336 [FullTime]:3599.99 [SkipTime]:0 [Veto1]:607.417 [Veto2]:408.063 [Veto3]:408.063 [Veto4]:408.063 [SgUp1]:59612 [SgUp2]:0 [SgUp3]:0 [SgUp4]:0 [SgLow1]:59489 [SgLow2]:0 [SgLow3]:0 [SgLow4]:0 [NetMuon1]:449820 [NetMuon2]:480057 [NetMuon3]:480057 [NetMuon4]:480057
[Run]:22380 [Site]:2 [Bin]:1337 [FullTime]:3600 [SkipTime]:0 [Veto1]:604.394 [Veto2]:407.698 [Veto3]:407.698 [Veto4]:407.698 [SgUp1]:59556 [SgUp2]:0 [SgUp3]:0 [SgUp4]:0 [SgLow1]:59461 [SgLow2]:0 [SgLow3]:0 [SgLow4]:0 [NetMuon1]:449742 [NetMuon2]:479297 [NetMuon3]:479297 [NetMuon4]:479297
[Run]:22380 [Site]:2 [Bin]:1338 [FullTime]:3600 [SkipTime]:0 [Veto1]:595.756 [Veto2]:408.47 [Veto3]:408.47 [Veto4]:408.47 [SgUp1]:59445 [SgUp2]:0 [SgUp3]:0 [SgUp4]:0 [SgLow1]:59293 [SgLow2]:0 [SgLow3]:0 [SgLow4]:0 [NetMuon1]:452406 [NetMuon2]:480338 [NetMuon3]:480338 [NetMuon4]:480338
[Run]:22380 [Site]:2 [Bin]:1339 [FullTime]:3600 [SkipTime]:0 [Veto1]:605.47 [Veto2]:407.757 [Veto3]:407.757 [Veto4]:407.757 [SgUp1]:59285 [SgUp2]:0 [SgUp3]:0 [SgUp4]:0 [SgLow1]:59220 [SgLow2]:0 [SgLow3]:0 [SgLow4]:0 [NetMuon1]:450130 [NetMuon2]:479555 [NetMuon3]:479555 [NetMuon4]:479555
[Run]:22380 [Site]:2 [Bin]:1340 [FullTime]:3600 [SkipTime]:0 [Veto1]:605.906 [Veto2]:407.152 [Veto3]:407.152 [Veto4]:407.152 [SgUp1]:59568 [SgUp2]:0 [SgUp3]:0 [SgUp4]:0 [SgLow1]:59470 [SgLow2]:0 [SgLow3]:0 [SgLow4]:0 [NetMuon1]:449462 [NetMuon2]:478991 [NetMuon3]:478991 [NetMuon4]:478991
[Run]:22380 [Site]:2 [Bin]:1341 [FullTime]:3600 [SkipTime]:0 [Veto1]:611.548 [Veto2]:407.433 [Veto3]:407.433 [Veto4]:407.433 [SgUp1]:59021 [SgUp2]:0 [SgUp3]:0 [SgUp4]:0 [SgLow1]:58909 [SgLow2]:0 [SgLow3]:0 [SgLow4]:0 [NetMuon1]:448729 [NetMuon2]:479438 [NetMuon3]:479438 [NetMuon4]:479438
[Run]:22380 [Site]:2 [Bin]:1342 [FullTime]:3600 [SkipTime]:0 [Veto1]:613.755 [Veto2]:408.191 [Veto3]:408.191 [Veto4]:408.191 [SgUp1]:58699 [SgUp2]:0 [SgUp3]:0 [SgUp4]:0 [SgLow1]:58608 [SgLow2]:0 [SgLow3]:0 [SgLow4]:0 [NetMuon1]:449264 [NetMuon2]:480209 [NetMuon3]:480209 [NetMuon4]:480209
End process Run: 22380 ... 
[Run]:22380 [Site]:2 [Bin]:1343 [FullTime]:2517.99 [SkipTime]:0 [Veto1]:409.674 [Veto2]:284.701 [Veto3]:284.701 [Veto4]:284.701
