StreamChain add 0x1d3777f0
Start to process run: 22262 ... 
[Run]:22262 [Site]:2 [Bin]:1177 [FullTime]:3171.17 [SkipTime]:0 [Veto1]:511.145 [Veto2]:359.521 [Veto3]:359.521 [Veto4]:359.521 [SgUp1]:52726 [SgUp2]:0 [SgUp3]:0 [SgUp4]:0 [SgLow1]:52644 [SgLow2]:0 [SgLow3]:0 [SgLow4]:0 [NetMuon1]:400096 [NetMuon2]:422857 [NetMuon3]:422857 [NetMuon4]:422857
[Run]:22262 [Site]:2 [Bin]:1178 [FullTime]:3600 [SkipTime]:0 [Veto1]:591.559 [Veto2]:407.218 [Veto3]:407.218 [Veto4]:407.218 [SgUp1]:59848 [SgUp2]:0 [SgUp3]:0 [SgUp4]:0 [SgLow1]:59744 [SgLow2]:0 [SgLow3]:0 [SgLow4]:0 [NetMuon1]:451462 [NetMuon2]:478994 [NetMuon3]:478994 [NetMuon4]:478994
[Run]:22262 [Site]:2 [Bin]:1179 [FullTime]:3600 [SkipTime]:0 [Veto1]:615.242 [Veto2]:406.78 [Veto3]:406.78 [Veto4]:406.78 [SgUp1]:59183 [SgUp2]:0 [SgUp3]:0 [SgUp4]:0 [SgLow1]:59076 [SgLow2]:0 [SgLow3]:0 [SgLow4]:0 [NetMuon1]:447297 [NetMuon2]:478413 [NetMuon3]:478413 [NetMuon4]:478413
[Run]:22262 [Site]:2 [Bin]:1180 [FullTime]:3600 [SkipTime]:0 [Veto1]:605.688 [Veto2]:407.794 [Veto3]:407.794 [Veto4]:407.794 [SgUp1]:59561 [SgUp2]:0 [SgUp3]:0 [SgUp4]:0 [SgLow1]:59476 [SgLow2]:0 [SgLow3]:0 [SgLow4]:0 [NetMuon1]:449727 [NetMuon2]:479596 [NetMuon3]:479596 [NetMuon4]:479596
[Run]:22262 [Site]:2 [Bin]:1181 [FullTime]:3600 [SkipTime]:0 [Veto1]:597.454 [Veto2]:407.711 [Veto3]:407.711 [Veto4]:407.711 [SgUp1]:60120 [SgUp2]:0 [SgUp3]:0 [SgUp4]:0 [SgLow1]:60021 [SgLow2]:0 [SgLow3]:0 [SgLow4]:0 [NetMuon1]:450943 [NetMuon2]:479351 [NetMuon3]:479351 [NetMuon4]:479351
[Run]:22262 [Site]:2 [Bin]:1182 [FullTime]:3600.01 [SkipTime]:0 [Veto1]:600.445 [Veto2]:407.037 [Veto3]:407.037 [Veto4]:407.037 [SgUp1]:59561 [SgUp2]:0 [SgUp3]:0 [SgUp4]:0 [SgLow1]:59472 [SgLow2]:0 [SgLow3]:0 [SgLow4]:0 [NetMuon1]:449718 [NetMuon2]:478729 [NetMuon3]:478729 [NetMuon4]:478729
[Run]:22262 [Site]:2 [Bin]:1183 [FullTime]:3599.99 [SkipTime]:0 [Veto1]:598.846 [Veto2]:406.91 [Veto3]:406.91 [Veto4]:406.91 [SgUp1]:59439 [SgUp2]:0 [SgUp3]:0 [SgUp4]:0 [SgLow1]:59340 [SgLow2]:0 [SgLow3]:0 [SgLow4]:0 [NetMuon1]:450293 [NetMuon2]:478685 [NetMuon3]:478685 [NetMuon4]:478685
[Run]:22262 [Site]:2 [Bin]:1184 [FullTime]:3600 [SkipTime]:0 [Veto1]:606.736 [Veto2]:407.782 [Veto3]:407.782 [Veto4]:407.782 [SgUp1]:59076 [SgUp2]:0 [SgUp3]:0 [SgUp4]:0 [SgLow1]:59012 [SgLow2]:0 [SgLow3]:0 [SgLow4]:0 [NetMuon1]:449738 [NetMuon2]:479483 [NetMuon3]:479483 [NetMuon4]:479483
[Run]:22262 [Site]:2 [Bin]:1185 [FullTime]:3600 [SkipTime]:0 [Veto1]:598.676 [Veto2]:407.03 [Veto3]:407.03 [Veto4]:407.03 [SgUp1]:59023 [SgUp2]:0 [SgUp3]:0 [SgUp4]:0 [SgLow1]:58926 [SgLow2]:0 [SgLow3]:0 [SgLow4]:0 [NetMuon1]:450047 [NetMuon2]:478544 [NetMuon3]:478544 [NetMuon4]:478544
[Run]:22262 [Site]:2 [Bin]:1186 [FullTime]:3599.99 [SkipTime]:0 [Veto1]:597.123 [Veto2]:406.86 [Veto3]:406.86 [Veto4]:406.86 [SgUp1]:58972 [SgUp2]:0 [SgUp3]:0 [SgUp4]:0 [SgLow1]:58875 [SgLow2]:0 [SgLow3]:0 [SgLow4]:0 [NetMuon1]:449891 [NetMuon2]:478461 [NetMuon3]:478461 [NetMuon4]:478461
[Run]:22262 [Site]:2 [Bin]:1187 [FullTime]:3600 [SkipTime]:0 [Veto1]:602.089 [Veto2]:407.047 [Veto3]:407.047 [Veto4]:407.047 [SgUp1]:59353 [SgUp2]:0 [SgUp3]:0 [SgUp4]:0 [SgLow1]:59246 [SgLow2]:0 [SgLow3]:0 [SgLow4]:0 [NetMuon1]:449650 [NetMuon2]:478800 [NetMuon3]:478800 [NetMuon4]:478800
[Run]:22262 [Site]:2 [Bin]:1188 [FullTime]:3600 [SkipTime]:0 [Veto1]:586.556 [Veto2]:407.954 [Veto3]:407.954 [Veto4]:407.954 [SgUp1]:59301 [SgUp2]:0 [SgUp3]:0 [SgUp4]:0 [SgLow1]:59210 [SgLow2]:0 [SgLow3]:0 [SgLow4]:0 [NetMuon1]:452970 [NetMuon2]:479903 [NetMuon3]:479903 [NetMuon4]:479903
[Run]:22262 [Site]:2 [Bin]:1189 [FullTime]:3600 [SkipTime]:0 [Veto1]:605.389 [Veto2]:407.016 [Veto3]:407.016 [Veto4]:407.016 [SgUp1]:59476 [SgUp2]:0 [SgUp3]:0 [SgUp4]:0 [SgLow1]:59372 [SgLow2]:0 [SgLow3]:0 [SgLow4]:0 [NetMuon1]:448736 [NetMuon2]:478442 [NetMuon3]:478442 [NetMuon4]:478442
[Run]:22262 [Site]:2 [Bin]:1190 [FullTime]:3600 [SkipTime]:0 [Veto1]:595.674 [Veto2]:408.256 [Veto3]:408.256 [Veto4]:408.256 [SgUp1]:58547 [SgUp2]:0 [SgUp3]:0 [SgUp4]:0 [SgLow1]:58456 [SgLow2]:0 [SgLow3]:0 [SgLow4]:0 [NetMuon1]:451894 [NetMuon2]:480039 [NetMuon3]:480039 [NetMuon4]:480039
[Run]:22262 [Site]:2 [Bin]:1191 [FullTime]:3600.01 [SkipTime]:0 [Veto1]:596.562 [Veto2]:408.307 [Veto3]:408.307 [Veto4]:408.307 [SgUp1]:58838 [SgUp2]:0 [SgUp3]:0 [SgUp4]:0 [SgLow1]:58748 [SgLow2]:0 [SgLow3]:0 [SgLow4]:0 [NetMuon1]:451935 [NetMuon2]:480099 [NetMuon3]:480099 [NetMuon4]:480099
[Run]:22262 [Site]:2 [Bin]:1192 [FullTime]:3600 [SkipTime]:0 [Veto1]:599.436 [Veto2]:408.353 [Veto3]:408.353 [Veto4]:408.353 [SgUp1]:58944 [SgUp2]:0 [SgUp3]:0 [SgUp4]:0 [SgLow1]:58852 [SgLow2]:0 [SgLow3]:0 [SgLow4]:0 [NetMuon1]:451356 [NetMuon2]:480190 [NetMuon3]:480190 [NetMuon4]:480190
[Run]:22262 [Site]:2 [Bin]:1193 [FullTime]:3600 [SkipTime]:0 [Veto1]:597.587 [Veto2]:408.927 [Veto3]:408.927 [Veto4]:408.927 [SgUp1]:59037 [SgUp2]:0 [SgUp3]:0 [SgUp4]:0 [SgLow1]:58906 [SgLow2]:0 [SgLow3]:0 [SgLow4]:0 [NetMuon1]:452459 [NetMuon2]:480897 [NetMuon3]:480897 [NetMuon4]:480897
[Run]:22262 [Site]:2 [Bin]:1194 [FullTime]:3600 [SkipTime]:0 [Veto1]:607.579 [Veto2]:408.048 [Veto3]:408.048 [Veto4]:408.048 [SgUp1]:59322 [SgUp2]:0 [SgUp3]:0 [SgUp4]:0 [SgLow1]:59194 [SgLow2]:0 [SgLow3]:0 [SgLow4]:0 [NetMuon1]:449641 [NetMuon2]:479953 [NetMuon3]:479953 [NetMuon4]:479953
[Run]:22262 [Site]:2 [Bin]:1195 [FullTime]:3600 [SkipTime]:0 [Veto1]:588.473 [Veto2]:408.559 [Veto3]:408.559 [Veto4]:408.559 [SgUp1]:59951 [SgUp2]:0 [SgUp3]:0 [SgUp4]:0 [SgLow1]:59854 [SgLow2]:0 [SgLow3]:0 [SgLow4]:0 [NetMuon1]:453356 [NetMuon2]:480489 [NetMuon3]:480489 [NetMuon4]:480489
[Run]:22262 [Site]:2 [Bin]:1196 [FullTime]:3600 [SkipTime]:0 [Veto1]:579.438 [Veto2]:407.785 [Veto3]:407.785 [Veto4]:407.785 [SgUp1]:59629 [SgUp2]:0 [SgUp3]:0 [SgUp4]:0 [SgLow1]:59532 [SgLow2]:0 [SgLow3]:0 [SgLow4]:0 [NetMuon1]:454148 [NetMuon2]:479792 [NetMuon3]:479792 [NetMuon4]:479792
[Run]:22262 [Site]:2 [Bin]:1197 [FullTime]:3600 [SkipTime]:0 [Veto1]:593.171 [Veto2]:407.973 [Veto3]:407.973 [Veto4]:407.973 [SgUp1]:59512 [SgUp2]:0 [SgUp3]:0 [SgUp4]:0 [SgLow1]:59427 [SgLow2]:0 [SgLow3]:0 [SgLow4]:0 [NetMuon1]:451844 [NetMuon2]:479732 [NetMuon3]:479732 [NetMuon4]:479732
[Run]:22262 [Site]:2 [Bin]:1198 [FullTime]:3600 [SkipTime]:0 [Veto1]:600.326 [Veto2]:407.473 [Veto3]:407.473 [Veto4]:407.473 [SgUp1]:59114 [SgUp2]:0 [SgUp3]:0 [SgUp4]:0 [SgLow1]:58994 [SgLow2]:0 [SgLow3]:0 [SgLow4]:0 [NetMuon1]:450288 [NetMuon2]:479180 [NetMuon3]:479180 [NetMuon4]:479180
[Run]:22262 [Site]:2 [Bin]:1199 [FullTime]:3600 [SkipTime]:0 [Veto1]:623.17 [Veto2]:407.353 [Veto3]:407.353 [Veto4]:407.353 [SgUp1]:58944 [SgUp2]:0 [SgUp3]:0 [SgUp4]:0 [SgLow1]:58868 [SgLow2]:0 [SgLow3]:0 [SgLow4]:0 [NetMuon1]:446990 [NetMuon2]:479281 [NetMuon3]:479281 [NetMuon4]:479281
[Run]:22262 [Site]:2 [Bin]:1200 [FullTime]:3600 [SkipTime]:0 [Veto1]:582.341 [Veto2]:407.366 [Veto3]:407.366 [Veto4]:407.366 [SgUp1]:59941 [SgUp2]:0 [SgUp3]:0 [SgUp4]:0 [SgLow1]:59857 [SgLow2]:0 [SgLow3]:0 [SgLow4]:0 [NetMuon1]:453268 [NetMuon2]:479409 [NetMuon3]:479409 [NetMuon4]:479409
[Run]:22262 [Site]:2 [Bin]:1201 [FullTime]:3600 [SkipTime]:0 [Veto1]:594.035 [Veto2]:407.337 [Veto3]:407.337 [Veto4]:407.337 [SgUp1]:59437 [SgUp2]:0 [SgUp3]:0 [SgUp4]:0 [SgLow1]:59347 [SgLow2]:0 [SgLow3]:0 [SgLow4]:0 [NetMuon1]:450968 [NetMuon2]:478806 [NetMuon3]:478806 [NetMuon4]:478806
[Run]:22262 [Site]:2 [Bin]:1202 [FullTime]:3600 [SkipTime]:0 [Veto1]:589.249 [Veto2]:408.447 [Veto3]:408.447 [Veto4]:408.447 [SgUp1]:59749 [SgUp2]:0 [SgUp3]:0 [SgUp4]:0 [SgLow1]:59635 [SgLow2]:0 [SgLow3]:0 [SgLow4]:0 [NetMuon1]:453272 [NetMuon2]:480547 [NetMuon3]:480547 [NetMuon4]:480547
[Run]:22262 [Site]:2 [Bin]:1203 [FullTime]:3600 [SkipTime]:0 [Veto1]:597.39 [Veto2]:407.465 [Veto3]:407.465 [Veto4]:407.465 [SgUp1]:59625 [SgUp2]:0 [SgUp3]:0 [SgUp4]:0 [SgLow1]:59512 [SgLow2]:0 [SgLow3]:0 [SgLow4]:0 [NetMuon1]:450868 [NetMuon2]:479328 [NetMuon3]:479328 [NetMuon4]:479328
[Run]:22262 [Site]:2 [Bin]:1204 [FullTime]:3600 [SkipTime]:0 [Veto1]:590.804 [Veto2]:407.259 [Veto3]:407.259 [Veto4]:407.259 [SgUp1]:59460 [SgUp2]:0 [SgUp3]:0 [SgUp4]:0 [SgLow1]:59371 [SgLow2]:0 [SgLow3]:0 [SgLow4]:0 [NetMuon1]:451587 [NetMuon2]:478859 [NetMuon3]:478859 [NetMuon4]:478859
[Run]:22262 [Site]:2 [Bin]:1205 [FullTime]:3600 [SkipTime]:0 [Veto1]:588.361 [Veto2]:407.492 [Veto3]:407.492 [Veto4]:407.492 [SgUp1]:59596 [SgUp2]:0 [SgUp3]:0 [SgUp4]:0 [SgLow1]:59508 [SgLow2]:0 [SgLow3]:0 [SgLow4]:0 [NetMuon1]:452222 [NetMuon2]:479453 [NetMuon3]:479453 [NetMuon4]:479453
[Run]:22262 [Site]:2 [Bin]:1206 [FullTime]:3600 [SkipTime]:0 [Veto1]:612.107 [Veto2]:408.378 [Veto3]:408.378 [Veto4]:408.378 [SgUp1]:59063 [SgUp2]:0 [SgUp3]:0 [SgUp4]:0 [SgLow1]:58959 [SgLow2]:0 [SgLow3]:0 [SgLow4]:0 [NetMuon1]:449817 [NetMuon2]:480265 [NetMuon3]:480265 [NetMuon4]:480265
[Run]:22262 [Site]:2 [Bin]:1207 [FullTime]:3600 [SkipTime]:0 [Veto1]:589.276 [Veto2]:407.633 [Veto3]:407.633 [Veto4]:407.633 [SgUp1]:59470 [SgUp2]:0 [SgUp3]:0 [SgUp4]:0 [SgLow1]:59372 [SgLow2]:0 [SgLow3]:0 [SgLow4]:0 [NetMuon1]:452009 [NetMuon2]:479523 [NetMuon3]:479523 [NetMuon4]:479523
[Run]:22262 [Site]:2 [Bin]:1208 [FullTime]:3600 [SkipTime]:0 [Veto1]:592.247 [Veto2]:408.814 [Veto3]:408.814 [Veto4]:408.814 [SgUp1]:59577 [SgUp2]:0 [SgUp3]:0 [SgUp4]:0 [SgLow1]:59491 [SgLow2]:0 [SgLow3]:0 [SgLow4]:0 [NetMuon1]:453254 [NetMuon2]:480863 [NetMuon3]:480863 [NetMuon4]:480863
[Run]:22262 [Site]:2 [Bin]:1209 [FullTime]:3600 [SkipTime]:0 [Veto1]:583.164 [Veto2]:409.681 [Veto3]:409.681 [Veto4]:409.681 [SgUp1]:59484 [SgUp2]:0 [SgUp3]:0 [SgUp4]:0 [SgLow1]:59388 [SgLow2]:0 [SgLow3]:0 [SgLow4]:0 [NetMuon1]:455879 [NetMuon2]:481950 [NetMuon3]:481950 [NetMuon4]:481950
[Run]:22262 [Site]:2 [Bin]:1210 [FullTime]:3600 [SkipTime]:0 [Veto1]:608.217 [Veto2]:408.002 [Veto3]:408.002 [Veto4]:408.002 [SgUp1]:59151 [SgUp2]:0 [SgUp3]:0 [SgUp4]:0 [SgLow1]:59071 [SgLow2]:0 [SgLow3]:0 [SgLow4]:0 [NetMuon1]:449507 [NetMuon2]:479697 [NetMuon3]:479697 [NetMuon4]:479697
[Run]:22262 [Site]:2 [Bin]:1211 [FullTime]:3600 [SkipTime]:0 [Veto1]:617.381 [Veto2]:408.315 [Veto3]:408.315 [Veto4]:408.315 [SgUp1]:59243 [SgUp2]:0 [SgUp3]:0 [SgUp4]:0 [SgLow1]:59153 [SgLow2]:0 [SgLow3]:0 [SgLow4]:0 [NetMuon1]:449107 [NetMuon2]:480282 [NetMuon3]:480282 [NetMuon4]:480282
[Run]:22262 [Site]:2 [Bin]:1212 [FullTime]:3600 [SkipTime]:0 [Veto1]:596.682 [Veto2]:407.206 [Veto3]:407.206 [Veto4]:407.206 [SgUp1]:59388 [SgUp2]:0 [SgUp3]:0 [SgUp4]:0 [SgLow1]:59289 [SgLow2]:0 [SgLow3]:0 [SgLow4]:0 [NetMuon1]:450302 [NetMuon2]:478911 [NetMuon3]:478911 [NetMuon4]:478911
[Run]:22262 [Site]:2 [Bin]:1213 [FullTime]:3600 [SkipTime]:0 [Veto1]:595.754 [Veto2]:407.921 [Veto3]:407.921 [Veto4]:407.921 [SgUp1]:59407 [SgUp2]:0 [SgUp3]:0 [SgUp4]:0 [SgLow1]:59333 [SgLow2]:0 [SgLow3]:0 [SgLow4]:0 [NetMuon1]:451561 [NetMuon2]:479782 [NetMuon3]:479782 [NetMuon4]:479782
[Run]:22262 [Site]:2 [Bin]:1214 [FullTime]:3600 [SkipTime]:0 [Veto1]:596.329 [Veto2]:407.316 [Veto3]:407.316 [Veto4]:407.316 [SgUp1]:59330 [SgUp2]:0 [SgUp3]:0 [SgUp4]:0 [SgLow1]:59233 [SgLow2]:0 [SgLow3]:0 [SgLow4]:0 [NetMuon1]:450588 [NetMuon2]:478884 [NetMuon3]:478884 [NetMuon4]:478884
[Run]:22262 [Site]:2 [Bin]:1215 [FullTime]:3600 [SkipTime]:0 [Veto1]:607.763 [Veto2]:406.982 [Veto3]:406.982 [Veto4]:406.982 [SgUp1]:59244 [SgUp2]:0 [SgUp3]:0 [SgUp4]:0 [SgLow1]:59174 [SgLow2]:0 [SgLow3]:0 [SgLow4]:0 [NetMuon1]:448689 [NetMuon2]:478759 [NetMuon3]:478759 [NetMuon4]:478759
[Run]:22262 [Site]:2 [Bin]:1216 [FullTime]:3600 [SkipTime]:0 [Veto1]:591.303 [Veto2]:407.438 [Veto3]:407.438 [Veto4]:407.438 [SgUp1]:59586 [SgUp2]:0 [SgUp3]:0 [SgUp4]:0 [SgLow1]:59498 [SgLow2]:0 [SgLow3]:0 [SgLow4]:0 [NetMuon1]:451578 [NetMuon2]:479183 [NetMuon3]:479183 [NetMuon4]:479183
[Run]:22262 [Site]:2 [Bin]:1217 [FullTime]:3600 [SkipTime]:0 [Veto1]:601.493 [Veto2]:407.37 [Veto3]:407.37 [Veto4]:407.37 [SgUp1]:59026 [SgUp2]:0 [SgUp3]:0 [SgUp4]:0 [SgLow1]:58944 [SgLow2]:0 [SgLow3]:0 [SgLow4]:0 [NetMuon1]:449874 [NetMuon2]:478901 [NetMuon3]:478901 [NetMuon4]:478901
[Run]:22262 [Site]:2 [Bin]:1218 [FullTime]:3600 [SkipTime]:0 [Veto1]:584.376 [Veto2]:405.865 [Veto3]:405.865 [Veto4]:405.865 [SgUp1]:60248 [SgUp2]:0 [SgUp3]:0 [SgUp4]:0 [SgLow1]:60149 [SgLow2]:0 [SgLow3]:0 [SgLow4]:0 [NetMuon1]:451038 [NetMuon2]:477696 [NetMuon3]:477696 [NetMuon4]:477696
[Run]:22262 [Site]:2 [Bin]:1219 [FullTime]:3600 [SkipTime]:0 [Veto1]:590.262 [Veto2]:407.35 [Veto3]:407.35 [Veto4]:407.35 [SgUp1]:59626 [SgUp2]:0 [SgUp3]:0 [SgUp4]:0 [SgLow1]:59530 [SgLow2]:0 [SgLow3]:0 [SgLow4]:0 [NetMuon1]:451475 [NetMuon2]:478981 [NetMuon3]:478981 [NetMuon4]:478981
[Run]:22262 [Site]:2 [Bin]:1220 [FullTime]:3600 [SkipTime]:0 [Veto1]:602.114 [Veto2]:407.891 [Veto3]:407.891 [Veto4]:407.891 [SgUp1]:59505 [SgUp2]:0 [SgUp3]:0 [SgUp4]:0 [SgLow1]:59408 [SgLow2]:0 [SgLow3]:0 [SgLow4]:0 [NetMuon1]:450580 [NetMuon2]:479866 [NetMuon3]:479866 [NetMuon4]:479866
[Run]:22262 [Site]:2 [Bin]:1221 [FullTime]:3600 [SkipTime]:0 [Veto1]:599.568 [Veto2]:406.659 [Veto3]:406.659 [Veto4]:406.659 [SgUp1]:59340 [SgUp2]:0 [SgUp3]:0 [SgUp4]:0 [SgLow1]:59238 [SgLow2]:0 [SgLow3]:0 [SgLow4]:0 [NetMuon1]:449391 [NetMuon2]:478295 [NetMuon3]:478295 [NetMuon4]:478295
[Run]:22262 [Site]:2 [Bin]:1222 [FullTime]:3600 [SkipTime]:0 [Veto1]:588.799 [Veto2]:407.536 [Veto3]:407.536 [Veto4]:407.536 [SgUp1]:59501 [SgUp2]:0 [SgUp3]:0 [SgUp4]:0 [SgLow1]:59411 [SgLow2]:0 [SgLow3]:0 [SgLow4]:0 [NetMuon1]:452040 [NetMuon2]:479279 [NetMuon3]:479279 [NetMuon4]:479279
[Run]:22262 [Site]:2 [Bin]:1223 [FullTime]:3600 [SkipTime]:0 [Veto1]:618.375 [Veto2]:407.524 [Veto3]:407.524 [Veto4]:407.524 [SgUp1]:58892 [SgUp2]:0 [SgUp3]:0 [SgUp4]:0 [SgLow1]:58796 [SgLow2]:0 [SgLow3]:0 [SgLow4]:0 [NetMuon1]:447473 [NetMuon2]:479089 [NetMuon3]:479089 [NetMuon4]:479089
End process Run: 22262 ... 
[Run]:22262 [Site]:2 [Bin]:1224 [FullTime]:3193.44 [SkipTime]:0 [Veto1]:533.721 [Veto2]:361.484 [Veto3]:361.484 [Veto4]:361.484
