StreamChain add 0x452b7f0
Start to process run: 22131 ... 
[Run]:22131 [Site]:2 [Bin]:1056 [FullTime]:994.189 [SkipTime]:0 [Veto1]:170.813 [Veto2]:112.372 [Veto3]:112.372 [Veto4]:112.372 [SgUp1]:16392 [SgUp2]:0 [SgUp3]:0 [SgUp4]:0 [SgLow1]:16379 [SgLow2]:0 [SgLow3]:0 [SgLow4]:0 [NetMuon1]:123311 [NetMuon2]:132070 [NetMuon3]:132070 [NetMuon4]:132070
[Run]:22131 [Site]:2 [Bin]:1057 [FullTime]:3600 [SkipTime]:0 [Veto1]:601.424 [Veto2]:408.317 [Veto3]:408.317 [Veto4]:408.317 [SgUp1]:59866 [SgUp2]:0 [SgUp3]:0 [SgUp4]:0 [SgLow1]:59783 [SgLow2]:0 [SgLow3]:0 [SgLow4]:0 [NetMuon1]:451223 [NetMuon2]:480372 [NetMuon3]:480372 [NetMuon4]:480372
[Run]:22131 [Site]:2 [Bin]:1063 [FullTime]:990.111 [SkipTime]:0 [Veto1]:174.302 [Veto2]:112.596 [Veto3]:112.596 [Veto4]:112.596 [SgUp1]:16324 [SgUp2]:0 [SgUp3]:0 [SgUp4]:0 [SgLow1]:16296 [SgLow2]:0 [SgLow3]:0 [SgLow4]:0 [NetMuon1]:123115 [NetMuon2]:132328 [NetMuon3]:132328 [NetMuon4]:132328
[Run]:22131 [Site]:2 [Bin]:1064 [FullTime]:3600 [SkipTime]:0 [Veto1]:594.192 [Veto2]:408.018 [Veto3]:408.018 [Veto4]:408.018 [SgUp1]:59669 [SgUp2]:0 [SgUp3]:0 [SgUp4]:0 [SgLow1]:59563 [SgLow2]:0 [SgLow3]:0 [SgLow4]:0 [NetMuon1]:451626 [NetMuon2]:480044 [NetMuon3]:480044 [NetMuon4]:480044
[Run]:22131 [Site]:2 [Bin]:1065 [FullTime]:3600 [SkipTime]:0 [Veto1]:603.002 [Veto2]:408.993 [Veto3]:408.993 [Veto4]:408.993 [SgUp1]:59689 [SgUp2]:0 [SgUp3]:0 [SgUp4]:0 [SgLow1]:59614 [SgLow2]:0 [SgLow3]:0 [SgLow4]:0 [NetMuon1]:451677 [NetMuon2]:481109 [NetMuon3]:481109 [NetMuon4]:481109
[Run]:22131 [Site]:2 [Bin]:1066 [FullTime]:3600 [SkipTime]:0 [Veto1]:614.486 [Veto2]:408.999 [Veto3]:408.999 [Veto4]:408.999 [SgUp1]:59326 [SgUp2]:0 [SgUp3]:0 [SgUp4]:0 [SgLow1]:59232 [SgLow2]:0 [SgLow3]:0 [SgLow4]:0 [NetMuon1]:450073 [NetMuon2]:480973 [NetMuon3]:480973 [NetMuon4]:480973
[Run]:22131 [Site]:2 [Bin]:1067 [FullTime]:3600 [SkipTime]:0 [Veto1]:588.005 [Veto2]:408.248 [Veto3]:408.248 [Veto4]:408.248 [SgUp1]:59396 [SgUp2]:0 [SgUp3]:0 [SgUp4]:0 [SgLow1]:59323 [SgLow2]:0 [SgLow3]:0 [SgLow4]:0 [NetMuon1]:452809 [NetMuon2]:479910 [NetMuon3]:479910 [NetMuon4]:479910
[Run]:22131 [Site]:2 [Bin]:1068 [FullTime]:3600.01 [SkipTime]:0 [Veto1]:595.509 [Veto2]:407.646 [Veto3]:407.646 [Veto4]:407.646 [SgUp1]:59338 [SgUp2]:0 [SgUp3]:0 [SgUp4]:0 [SgLow1]:59261 [SgLow2]:0 [SgLow3]:0 [SgLow4]:0 [NetMuon1]:451381 [NetMuon2]:479586 [NetMuon3]:479586 [NetMuon4]:479586
[Run]:22131 [Site]:2 [Bin]:1069 [FullTime]:3599.99 [SkipTime]:0 [Veto1]:584.458 [Veto2]:408.648 [Veto3]:408.648 [Veto4]:408.648 [SgUp1]:59212 [SgUp2]:0 [SgUp3]:0 [SgUp4]:0 [SgLow1]:59130 [SgLow2]:0 [SgLow3]:0 [SgLow4]:0 [NetMuon1]:454101 [NetMuon2]:480669 [NetMuon3]:480669 [NetMuon4]:480669
[Run]:22131 [Site]:2 [Bin]:1070 [FullTime]:3600.01 [SkipTime]:0 [Veto1]:586.726 [Veto2]:408.674 [Veto3]:408.674 [Veto4]:408.674 [SgUp1]:59469 [SgUp2]:0 [SgUp3]:0 [SgUp4]:0 [SgLow1]:59383 [SgLow2]:0 [SgLow3]:0 [SgLow4]:0 [NetMuon1]:454014 [NetMuon2]:480727 [NetMuon3]:480727 [NetMuon4]:480727
[Run]:22131 [Site]:2 [Bin]:1071 [FullTime]:3600 [SkipTime]:0 [Veto1]:608.096 [Veto2]:406.672 [Veto3]:406.672 [Veto4]:406.672 [SgUp1]:58912 [SgUp2]:0 [SgUp3]:0 [SgUp4]:0 [SgLow1]:58841 [SgLow2]:0 [SgLow3]:0 [SgLow4]:0 [NetMuon1]:448212 [NetMuon2]:478226 [NetMuon3]:478226 [NetMuon4]:478226
[Run]:22131 [Site]:2 [Bin]:1072 [FullTime]:3600 [SkipTime]:0 [Veto1]:625.083 [Veto2]:407.736 [Veto3]:407.736 [Veto4]:407.736 [SgUp1]:58678 [SgUp2]:0 [SgUp3]:0 [SgUp4]:0 [SgLow1]:58596 [SgLow2]:0 [SgLow3]:0 [SgLow4]:0 [NetMuon1]:446643 [NetMuon2]:479331 [NetMuon3]:479331 [NetMuon4]:479331
[Run]:22131 [Site]:2 [Bin]:1073 [FullTime]:3600 [SkipTime]:0 [Veto1]:614.331 [Veto2]:408.278 [Veto3]:408.278 [Veto4]:408.278 [SgUp1]:58648 [SgUp2]:0 [SgUp3]:0 [SgUp4]:0 [SgLow1]:58567 [SgLow2]:0 [SgLow3]:0 [SgLow4]:0 [NetMuon1]:448962 [NetMuon2]:480286 [NetMuon3]:480286 [NetMuon4]:480286
[Run]:22131 [Site]:2 [Bin]:1074 [FullTime]:3600 [SkipTime]:0 [Veto1]:595.526 [Veto2]:407.58 [Veto3]:407.58 [Veto4]:407.58 [SgUp1]:59475 [SgUp2]:0 [SgUp3]:0 [SgUp4]:0 [SgLow1]:59395 [SgLow2]:0 [SgLow3]:0 [SgLow4]:0 [NetMuon1]:451201 [NetMuon2]:479425 [NetMuon3]:479425 [NetMuon4]:479425
[Run]:22131 [Site]:2 [Bin]:1075 [FullTime]:3600 [SkipTime]:0 [Veto1]:595.336 [Veto2]:407.561 [Veto3]:407.561 [Veto4]:407.561 [SgUp1]:59906 [SgUp2]:0 [SgUp3]:0 [SgUp4]:0 [SgLow1]:59831 [SgLow2]:0 [SgLow3]:0 [SgLow4]:0 [NetMuon1]:450940 [NetMuon2]:479241 [NetMuon3]:479241 [NetMuon4]:479241
[Run]:22131 [Site]:2 [Bin]:1076 [FullTime]:3600 [SkipTime]:0 [Veto1]:601.349 [Veto2]:407.241 [Veto3]:407.241 [Veto4]:407.241 [SgUp1]:59118 [SgUp2]:0 [SgUp3]:0 [SgUp4]:0 [SgLow1]:59034 [SgLow2]:0 [SgLow3]:0 [SgLow4]:0 [NetMuon1]:450062 [NetMuon2]:478972 [NetMuon3]:478972 [NetMuon4]:478972
[Run]:22131 [Site]:2 [Bin]:1077 [FullTime]:3600 [SkipTime]:0 [Veto1]:618.486 [Veto2]:407.424 [Veto3]:407.424 [Veto4]:407.424 [SgUp1]:58651 [SgUp2]:0 [SgUp3]:0 [SgUp4]:0 [SgLow1]:58561 [SgLow2]:0 [SgLow3]:0 [SgLow4]:0 [NetMuon1]:447127 [NetMuon2]:479108 [NetMuon3]:479108 [NetMuon4]:479108
[Run]:22131 [Site]:2 [Bin]:1078 [FullTime]:3600 [SkipTime]:0 [Veto1]:594.736 [Veto2]:407.448 [Veto3]:407.448 [Veto4]:407.448 [SgUp1]:59620 [SgUp2]:0 [SgUp3]:0 [SgUp4]:0 [SgLow1]:59541 [SgLow2]:0 [SgLow3]:0 [SgLow4]:0 [NetMuon1]:451227 [NetMuon2]:479056 [NetMuon3]:479056 [NetMuon4]:479056
[Run]:22131 [Site]:2 [Bin]:1079 [FullTime]:3600 [SkipTime]:0 [Veto1]:606.563 [Veto2]:407.842 [Veto3]:407.842 [Veto4]:407.842 [SgUp1]:59147 [SgUp2]:0 [SgUp3]:0 [SgUp4]:0 [SgLow1]:59067 [SgLow2]:0 [SgLow3]:0 [SgLow4]:0 [NetMuon1]:449821 [NetMuon2]:479674 [NetMuon3]:479674 [NetMuon4]:479674
[Run]:22131 [Site]:2 [Bin]:1080 [FullTime]:3600 [SkipTime]:0 [Veto1]:579.562 [Veto2]:406.926 [Veto3]:406.926 [Veto4]:406.926 [SgUp1]:59626 [SgUp2]:0 [SgUp3]:0 [SgUp4]:0 [SgLow1]:59552 [SgLow2]:0 [SgLow3]:0 [SgLow4]:0 [NetMuon1]:452907 [NetMuon2]:478697 [NetMuon3]:478697 [NetMuon4]:478697
[Run]:22131 [Site]:2 [Bin]:1081 [FullTime]:3600.01 [SkipTime]:0 [Veto1]:597.047 [Veto2]:407.973 [Veto3]:407.973 [Veto4]:407.973 [SgUp1]:59308 [SgUp2]:0 [SgUp3]:0 [SgUp4]:0 [SgLow1]:59244 [SgLow2]:0 [SgLow3]:0 [SgLow4]:0 [NetMuon1]:451548 [NetMuon2]:480029 [NetMuon3]:480029 [NetMuon4]:480029
[Run]:22131 [Site]:2 [Bin]:1082 [FullTime]:3599.99 [SkipTime]:0 [Veto1]:595.67 [Veto2]:408.053 [Veto3]:408.053 [Veto4]:408.053 [SgUp1]:59563 [SgUp2]:0 [SgUp3]:0 [SgUp4]:0 [SgLow1]:59470 [SgLow2]:0 [SgLow3]:0 [SgLow4]:0 [NetMuon1]:451813 [NetMuon2]:479765 [NetMuon3]:479765 [NetMuon4]:479765
[Run]:22131 [Site]:2 [Bin]:1083 [FullTime]:3600 [SkipTime]:0 [Veto1]:590.876 [Veto2]:408.107 [Veto3]:408.107 [Veto4]:408.107 [SgUp1]:59697 [SgUp2]:0 [SgUp3]:0 [SgUp4]:0 [SgLow1]:59601 [SgLow2]:0 [SgLow3]:0 [SgLow4]:0 [NetMuon1]:452380 [NetMuon2]:479793 [NetMuon3]:479793 [NetMuon4]:479793
[Run]:22131 [Site]:2 [Bin]:1084 [FullTime]:3600 [SkipTime]:0 [Veto1]:611.253 [Veto2]:407.75 [Veto3]:407.75 [Veto4]:407.75 [SgUp1]:59178 [SgUp2]:0 [SgUp3]:0 [SgUp4]:0 [SgLow1]:59089 [SgLow2]:0 [SgLow3]:0 [SgLow4]:0 [NetMuon1]:449068 [NetMuon2]:479486 [NetMuon3]:479486 [NetMuon4]:479486
[Run]:22131 [Site]:2 [Bin]:1085 [FullTime]:3599.99 [SkipTime]:0 [Veto1]:617.839 [Veto2]:407.52 [Veto3]:407.52 [Veto4]:407.52 [SgUp1]:59740 [SgUp2]:0 [SgUp3]:0 [SgUp4]:0 [SgLow1]:59658 [SgLow2]:0 [SgLow3]:0 [SgLow4]:0 [NetMuon1]:447992 [NetMuon2]:479645 [NetMuon3]:479645 [NetMuon4]:479645
[Run]:22131 [Site]:2 [Bin]:1086 [FullTime]:3600 [SkipTime]:0 [Veto1]:603.92 [Veto2]:407.464 [Veto3]:407.464 [Veto4]:407.464 [SgUp1]:59370 [SgUp2]:0 [SgUp3]:0 [SgUp4]:0 [SgLow1]:59299 [SgLow2]:0 [SgLow3]:0 [SgLow4]:0 [NetMuon1]:449644 [NetMuon2]:479259 [NetMuon3]:479259 [NetMuon4]:479259
[Run]:22131 [Site]:2 [Bin]:1087 [FullTime]:3600 [SkipTime]:0 [Veto1]:600.849 [Veto2]:407.678 [Veto3]:407.678 [Veto4]:407.678 [SgUp1]:59442 [SgUp2]:0 [SgUp3]:0 [SgUp4]:0 [SgLow1]:59334 [SgLow2]:0 [SgLow3]:0 [SgLow4]:0 [NetMuon1]:449942 [NetMuon2]:479275 [NetMuon3]:479275 [NetMuon4]:479275
[Run]:22131 [Site]:2 [Bin]:1088 [FullTime]:3600 [SkipTime]:0 [Veto1]:591.994 [Veto2]:407.146 [Veto3]:407.146 [Veto4]:407.146 [SgUp1]:59515 [SgUp2]:0 [SgUp3]:0 [SgUp4]:0 [SgLow1]:59420 [SgLow2]:0 [SgLow3]:0 [SgLow4]:0 [NetMuon1]:451460 [NetMuon2]:478915 [NetMuon3]:478915 [NetMuon4]:478915
[Run]:22131 [Site]:2 [Bin]:1089 [FullTime]:3600 [SkipTime]:0 [Veto1]:604.981 [Veto2]:407.825 [Veto3]:407.825 [Veto4]:407.825 [SgUp1]:59318 [SgUp2]:0 [SgUp3]:0 [SgUp4]:0 [SgLow1]:59210 [SgLow2]:0 [SgLow3]:0 [SgLow4]:0 [NetMuon1]:449784 [NetMuon2]:479640 [NetMuon3]:479640 [NetMuon4]:479640
[Run]:22131 [Site]:2 [Bin]:1090 [FullTime]:3600 [SkipTime]:0 [Veto1]:610.522 [Veto2]:408.411 [Veto3]:408.411 [Veto4]:408.411 [SgUp1]:58640 [SgUp2]:0 [SgUp3]:0 [SgUp4]:0 [SgLow1]:58578 [SgLow2]:0 [SgLow3]:0 [SgLow4]:0 [NetMuon1]:449890 [NetMuon2]:480333 [NetMuon3]:480333 [NetMuon4]:480333
[Run]:22131 [Site]:2 [Bin]:1091 [FullTime]:3600 [SkipTime]:0 [Veto1]:598.494 [Veto2]:408.998 [Veto3]:408.998 [Veto4]:408.998 [SgUp1]:59160 [SgUp2]:0 [SgUp3]:0 [SgUp4]:0 [SgLow1]:59088 [SgLow2]:0 [SgLow3]:0 [SgLow4]:0 [NetMuon1]:452630 [NetMuon2]:481020 [NetMuon3]:481020 [NetMuon4]:481020
[Run]:22131 [Site]:2 [Bin]:1092 [FullTime]:3600 [SkipTime]:0 [Veto1]:599.537 [Veto2]:407.234 [Veto3]:407.234 [Veto4]:407.234 [SgUp1]:59663 [SgUp2]:0 [SgUp3]:0 [SgUp4]:0 [SgLow1]:59572 [SgLow2]:0 [SgLow3]:0 [SgLow4]:0 [NetMuon1]:450027 [NetMuon2]:478920 [NetMuon3]:478920 [NetMuon4]:478920
[Run]:22131 [Site]:2 [Bin]:1093 [FullTime]:3600 [SkipTime]:0 [Veto1]:589.365 [Veto2]:407.957 [Veto3]:407.957 [Veto4]:407.957 [SgUp1]:59192 [SgUp2]:0 [SgUp3]:0 [SgUp4]:0 [SgLow1]:59102 [SgLow2]:0 [SgLow3]:0 [SgLow4]:0 [NetMuon1]:452740 [NetMuon2]:480073 [NetMuon3]:480073 [NetMuon4]:480073
[Run]:22131 [Site]:2 [Bin]:1094 [FullTime]:3600 [SkipTime]:0 [Veto1]:612.14 [Veto2]:407.257 [Veto3]:407.257 [Veto4]:407.257 [SgUp1]:59074 [SgUp2]:0 [SgUp3]:0 [SgUp4]:0 [SgLow1]:58991 [SgLow2]:0 [SgLow3]:0 [SgLow4]:0 [NetMuon1]:448191 [NetMuon2]:479066 [NetMuon3]:479066 [NetMuon4]:479066
[Run]:22131 [Site]:2 [Bin]:1095 [FullTime]:3599.99 [SkipTime]:0 [Veto1]:594.375 [Veto2]:406.808 [Veto3]:406.808 [Veto4]:406.808 [SgUp1]:59054 [SgUp2]:0 [SgUp3]:0 [SgUp4]:0 [SgLow1]:58975 [SgLow2]:0 [SgLow3]:0 [SgLow4]:0 [NetMuon1]:450281 [NetMuon2]:478353 [NetMuon3]:478353 [NetMuon4]:478353
[Run]:22131 [Site]:2 [Bin]:1096 [FullTime]:3600.01 [SkipTime]:0 [Veto1]:596.797 [Veto2]:406.474 [Veto3]:406.474 [Veto4]:406.474 [SgUp1]:59265 [SgUp2]:0 [SgUp3]:0 [SgUp4]:0 [SgLow1]:59197 [SgLow2]:0 [SgLow3]:0 [SgLow4]:0 [NetMuon1]:449644 [NetMuon2]:478076 [NetMuon3]:478076 [NetMuon4]:478076
[Run]:22131 [Site]:2 [Bin]:1097 [FullTime]:3599.99 [SkipTime]:0 [Veto1]:564.846 [Veto2]:406.51 [Veto3]:406.51 [Veto4]:406.51 [SgUp1]:59905 [SgUp2]:0 [SgUp3]:0 [SgUp4]:0 [SgLow1]:59831 [SgLow2]:0 [SgLow3]:0 [SgLow4]:0 [NetMuon1]:454618 [NetMuon2]:478109 [NetMuon3]:478109 [NetMuon4]:478109
[Run]:22131 [Site]:2 [Bin]:1098 [FullTime]:3600 [SkipTime]:0 [Veto1]:610.734 [Veto2]:408.312 [Veto3]:408.312 [Veto4]:408.312 [SgUp1]:59370 [SgUp2]:0 [SgUp3]:0 [SgUp4]:0 [SgLow1]:59312 [SgLow2]:0 [SgLow3]:0 [SgLow4]:0 [NetMuon1]:449725 [NetMuon2]:480182 [NetMuon3]:480182 [NetMuon4]:480182
[Run]:22131 [Site]:2 [Bin]:1099 [FullTime]:3600 [SkipTime]:0 [Veto1]:617.679 [Veto2]:406.606 [Veto3]:406.606 [Veto4]:406.606 [SgUp1]:58857 [SgUp2]:0 [SgUp3]:0 [SgUp4]:0 [SgLow1]:58780 [SgLow2]:0 [SgLow3]:0 [SgLow4]:0 [NetMuon1]:447061 [NetMuon2]:478389 [NetMuon3]:478389 [NetMuon4]:478389
[Run]:22131 [Site]:2 [Bin]:1100 [FullTime]:3600 [SkipTime]:0 [Veto1]:619.723 [Veto2]:407.184 [Veto3]:407.184 [Veto4]:407.184 [SgUp1]:59336 [SgUp2]:0 [SgUp3]:0 [SgUp4]:0 [SgLow1]:59253 [SgLow2]:0 [SgLow3]:0 [SgLow4]:0 [NetMuon1]:446858 [NetMuon2]:478744 [NetMuon3]:478744 [NetMuon4]:478744
[Run]:22131 [Site]:2 [Bin]:1101 [FullTime]:3600 [SkipTime]:0 [Veto1]:617.303 [Veto2]:406.941 [Veto3]:406.941 [Veto4]:406.941 [SgUp1]:59474 [SgUp2]:0 [SgUp3]:0 [SgUp4]:0 [SgLow1]:59390 [SgLow2]:0 [SgLow3]:0 [SgLow4]:0 [NetMuon1]:446930 [NetMuon2]:478627 [NetMuon3]:478627 [NetMuon4]:478627
[Run]:22131 [Site]:2 [Bin]:1102 [FullTime]:3600 [SkipTime]:0 [Veto1]:586.264 [Veto2]:408.363 [Veto3]:408.363 [Veto4]:408.363 [SgUp1]:60227 [SgUp2]:0 [SgUp3]:0 [SgUp4]:0 [SgLow1]:60154 [SgLow2]:0 [SgLow3]:0 [SgLow4]:0 [NetMuon1]:453382 [NetMuon2]:480309 [NetMuon3]:480309 [NetMuon4]:480309
[Run]:22131 [Site]:2 [Bin]:1103 [FullTime]:3600 [SkipTime]:0 [Veto1]:599.452 [Veto2]:407.492 [Veto3]:407.492 [Veto4]:407.492 [SgUp1]:59517 [SgUp2]:0 [SgUp3]:0 [SgUp4]:0 [SgLow1]:59416 [SgLow2]:0 [SgLow3]:0 [SgLow4]:0 [NetMuon1]:450225 [NetMuon2]:479237 [NetMuon3]:479237 [NetMuon4]:479237
[Run]:22131 [Site]:2 [Bin]:1104 [FullTime]:3600 [SkipTime]:0 [Veto1]:588.736 [Veto2]:407.333 [Veto3]:407.333 [Veto4]:407.333 [SgUp1]:60093 [SgUp2]:0 [SgUp3]:0 [SgUp4]:0 [SgLow1]:59996 [SgLow2]:0 [SgLow3]:0 [SgLow4]:0 [NetMuon1]:451454 [NetMuon2]:478875 [NetMuon3]:478875 [NetMuon4]:478875
End process Run: 22131 ... 
[Run]:22131 [Site]:2 [Bin]:1105 [FullTime]:1468.33 [SkipTime]:0 [Veto1]:226.178 [Veto2]:165.478 [Veto3]:165.478 [Veto4]:165.478
