StreamChain add 0x124627f0
Start to process run: 22387 ... 
[Run]:22387 [Site]:2 [Bin]:1345 [FullTime]:121.139 [SkipTime]:0 [Veto1]:18.6408 [Veto2]:13.576 [Veto3]:13.576 [Veto4]:13.576 [SgUp1]:2069 [SgUp2]:0 [SgUp3]:0 [SgUp4]:0 [SgLow1]:2069 [SgLow2]:0 [SgLow3]:0 [SgLow4]:0 [NetMuon1]:15241 [NetMuon2]:15975 [NetMuon3]:15975 [NetMuon4]:15975
[Run]:22387 [Site]:2 [Bin]:1346 [FullTime]:3600 [SkipTime]:0 [Veto1]:596.51 [Veto2]:408.516 [Veto3]:408.516 [Veto4]:408.516 [SgUp1]:59472 [SgUp2]:0 [SgUp3]:0 [SgUp4]:0 [SgLow1]:59375 [SgLow2]:0 [SgLow3]:0 [SgLow4]:0 [NetMuon1]:451694 [NetMuon2]:480463 [NetMuon3]:480463 [NetMuon4]:480463
[Run]:22387 [Site]:2 [Bin]:1347 [FullTime]:3600 [SkipTime]:0 [Veto1]:605.688 [Veto2]:407.481 [Veto3]:407.481 [Veto4]:407.481 [SgUp1]:59482 [SgUp2]:0 [SgUp3]:0 [SgUp4]:0 [SgLow1]:59374 [SgLow2]:0 [SgLow3]:0 [SgLow4]:0 [NetMuon1]:449571 [NetMuon2]:479304 [NetMuon3]:479304 [NetMuon4]:479304
[Run]:22387 [Site]:2 [Bin]:1348 [FullTime]:3600 [SkipTime]:0 [Veto1]:599.599 [Veto2]:407.716 [Veto3]:407.716 [Veto4]:407.716 [SgUp1]:58865 [SgUp2]:0 [SgUp3]:0 [SgUp4]:0 [SgLow1]:58756 [SgLow2]:0 [SgLow3]:0 [SgLow4]:0 [NetMuon1]:450977 [NetMuon2]:479560 [NetMuon3]:479560 [NetMuon4]:479560
[Run]:22387 [Site]:2 [Bin]:1349 [FullTime]:3600 [SkipTime]:0 [Veto1]:622.121 [Veto2]:408.548 [Veto3]:408.548 [Veto4]:408.548 [SgUp1]:59061 [SgUp2]:0 [SgUp3]:0 [SgUp4]:0 [SgLow1]:58954 [SgLow2]:0 [SgLow3]:0 [SgLow4]:0 [NetMuon1]:447871 [NetMuon2]:480375 [NetMuon3]:480375 [NetMuon4]:480375
[Run]:22387 [Site]:2 [Bin]:1350 [FullTime]:3600.01 [SkipTime]:0 [Veto1]:607.886 [Veto2]:407.948 [Veto3]:407.948 [Veto4]:407.948 [SgUp1]:59425 [SgUp2]:0 [SgUp3]:0 [SgUp4]:0 [SgLow1]:59317 [SgLow2]:0 [SgLow3]:0 [SgLow4]:0 [NetMuon1]:450252 [NetMuon2]:480073 [NetMuon3]:480073 [NetMuon4]:480073
[Run]:22387 [Site]:2 [Bin]:1351 [FullTime]:3599.99 [SkipTime]:0 [Veto1]:606.531 [Veto2]:407.298 [Veto3]:407.298 [Veto4]:407.298 [SgUp1]:59974 [SgUp2]:0 [SgUp3]:0 [SgUp4]:0 [SgLow1]:59866 [SgLow2]:0 [SgLow3]:0 [SgLow4]:0 [NetMuon1]:449055 [NetMuon2]:479081 [NetMuon3]:479081 [NetMuon4]:479081
[Run]:22387 [Site]:2 [Bin]:1352 [FullTime]:3600 [SkipTime]:0 [Veto1]:597.116 [Veto2]:407.129 [Veto3]:407.129 [Veto4]:407.129 [SgUp1]:59113 [SgUp2]:0 [SgUp3]:0 [SgUp4]:0 [SgLow1]:59019 [SgLow2]:0 [SgLow3]:0 [SgLow4]:0 [NetMuon1]:450263 [NetMuon2]:478740 [NetMuon3]:478740 [NetMuon4]:478740
[Run]:22387 [Site]:2 [Bin]:1353 [FullTime]:3600 [SkipTime]:0 [Veto1]:596.22 [Veto2]:407.543 [Veto3]:407.543 [Veto4]:407.543 [SgUp1]:59743 [SgUp2]:0 [SgUp3]:0 [SgUp4]:0 [SgLow1]:59631 [SgLow2]:0 [SgLow3]:0 [SgLow4]:0 [NetMuon1]:451006 [NetMuon2]:479348 [NetMuon3]:479348 [NetMuon4]:479348
[Run]:22387 [Site]:2 [Bin]:1354 [FullTime]:3600 [SkipTime]:0 [Veto1]:581.014 [Veto2]:407.596 [Veto3]:407.596 [Veto4]:407.596 [SgUp1]:60298 [SgUp2]:0 [SgUp3]:0 [SgUp4]:0 [SgLow1]:60178 [SgLow2]:0 [SgLow3]:0 [SgLow4]:0 [NetMuon1]:453265 [NetMuon2]:479290 [NetMuon3]:479290 [NetMuon4]:479290
[Run]:22387 [Site]:2 [Bin]:1355 [FullTime]:3600 [SkipTime]:0 [Veto1]:608.783 [Veto2]:408.129 [Veto3]:408.129 [Veto4]:408.129 [SgUp1]:59243 [SgUp2]:0 [SgUp3]:0 [SgUp4]:0 [SgLow1]:59142 [SgLow2]:0 [SgLow3]:0 [SgLow4]:0 [NetMuon1]:449636 [NetMuon2]:479949 [NetMuon3]:479949 [NetMuon4]:479949
[Run]:22387 [Site]:2 [Bin]:1356 [FullTime]:3600 [SkipTime]:0 [Veto1]:603.99 [Veto2]:407.673 [Veto3]:407.673 [Veto4]:407.673 [SgUp1]:59430 [SgUp2]:0 [SgUp3]:0 [SgUp4]:0 [SgLow1]:59319 [SgLow2]:0 [SgLow3]:0 [SgLow4]:0 [NetMuon1]:450216 [NetMuon2]:479613 [NetMuon3]:479613 [NetMuon4]:479613
[Run]:22387 [Site]:2 [Bin]:1357 [FullTime]:3600 [SkipTime]:0 [Veto1]:584.16 [Veto2]:407.736 [Veto3]:407.736 [Veto4]:407.736 [SgUp1]:60148 [SgUp2]:0 [SgUp3]:0 [SgUp4]:0 [SgLow1]:60048 [SgLow2]:0 [SgLow3]:0 [SgLow4]:0 [NetMuon1]:453180 [NetMuon2]:479682 [NetMuon3]:479682 [NetMuon4]:479682
[Run]:22387 [Site]:2 [Bin]:1358 [FullTime]:3600 [SkipTime]:0 [Veto1]:608.111 [Veto2]:407.798 [Veto3]:407.798 [Veto4]:407.798 [SgUp1]:59040 [SgUp2]:0 [SgUp3]:0 [SgUp4]:0 [SgLow1]:58940 [SgLow2]:0 [SgLow3]:0 [SgLow4]:0 [NetMuon1]:449376 [NetMuon2]:479555 [NetMuon3]:479555 [NetMuon4]:479555
[Run]:22387 [Site]:2 [Bin]:1359 [FullTime]:3600 [SkipTime]:0 [Veto1]:598.243 [Veto2]:406.921 [Veto3]:406.921 [Veto4]:406.921 [SgUp1]:59197 [SgUp2]:0 [SgUp3]:0 [SgUp4]:0 [SgLow1]:59078 [SgLow2]:0 [SgLow3]:0 [SgLow4]:0 [NetMuon1]:450169 [NetMuon2]:478802 [NetMuon3]:478802 [NetMuon4]:478802
[Run]:22387 [Site]:2 [Bin]:1360 [FullTime]:3600 [SkipTime]:0 [Veto1]:580.491 [Veto2]:407.575 [Veto3]:407.575 [Veto4]:407.575 [SgUp1]:60136 [SgUp2]:0 [SgUp3]:0 [SgUp4]:0 [SgLow1]:60007 [SgLow2]:0 [SgLow3]:0 [SgLow4]:0 [NetMuon1]:453379 [NetMuon2]:479543 [NetMuon3]:479543 [NetMuon4]:479543
[Run]:22387 [Site]:2 [Bin]:1361 [FullTime]:3600 [SkipTime]:0 [Veto1]:612.552 [Veto2]:406.915 [Veto3]:406.915 [Veto4]:406.915 [SgUp1]:59269 [SgUp2]:0 [SgUp3]:0 [SgUp4]:0 [SgLow1]:59171 [SgLow2]:0 [SgLow3]:0 [SgLow4]:0 [NetMuon1]:447543 [NetMuon2]:478297 [NetMuon3]:478297 [NetMuon4]:478297
[Run]:22387 [Site]:2 [Bin]:1362 [FullTime]:3600 [SkipTime]:0 [Veto1]:610.336 [Veto2]:407.674 [Veto3]:407.674 [Veto4]:407.674 [SgUp1]:59504 [SgUp2]:0 [SgUp3]:0 [SgUp4]:0 [SgLow1]:59414 [SgLow2]:0 [SgLow3]:0 [SgLow4]:0 [NetMuon1]:449158 [NetMuon2]:479543 [NetMuon3]:479543 [NetMuon4]:479543
[Run]:22387 [Site]:2 [Bin]:1363 [FullTime]:3600 [SkipTime]:0 [Veto1]:596.008 [Veto2]:407.789 [Veto3]:407.789 [Veto4]:407.789 [SgUp1]:59520 [SgUp2]:0 [SgUp3]:0 [SgUp4]:0 [SgLow1]:59421 [SgLow2]:0 [SgLow3]:0 [SgLow4]:0 [NetMuon1]:451295 [NetMuon2]:479706 [NetMuon3]:479706 [NetMuon4]:479706
[Run]:22387 [Site]:2 [Bin]:1364 [FullTime]:3600 [SkipTime]:0 [Veto1]:589.248 [Veto2]:407.824 [Veto3]:407.824 [Veto4]:407.824 [SgUp1]:59704 [SgUp2]:0 [SgUp3]:0 [SgUp4]:0 [SgLow1]:59599 [SgLow2]:0 [SgLow3]:0 [SgLow4]:0 [NetMuon1]:452729 [NetMuon2]:479713 [NetMuon3]:479713 [NetMuon4]:479713
[Run]:22387 [Site]:2 [Bin]:1365 [FullTime]:3600 [SkipTime]:0 [Veto1]:592.157 [Veto2]:407.261 [Veto3]:407.261 [Veto4]:407.261 [SgUp1]:59884 [SgUp2]:0 [SgUp3]:0 [SgUp4]:0 [SgLow1]:59772 [SgLow2]:0 [SgLow3]:0 [SgLow4]:0 [NetMuon1]:451264 [NetMuon2]:478832 [NetMuon3]:478832 [NetMuon4]:478832
[Run]:22387 [Site]:2 [Bin]:1366 [FullTime]:3600 [SkipTime]:0 [Veto1]:605.119 [Veto2]:407.555 [Veto3]:407.555 [Veto4]:407.555 [SgUp1]:59374 [SgUp2]:0 [SgUp3]:0 [SgUp4]:0 [SgLow1]:59270 [SgLow2]:0 [SgLow3]:0 [SgLow4]:0 [NetMuon1]:449831 [NetMuon2]:479507 [NetMuon3]:479507 [NetMuon4]:479507
[Run]:22387 [Site]:2 [Bin]:1367 [FullTime]:3600 [SkipTime]:0 [Veto1]:599.986 [Veto2]:407.788 [Veto3]:407.788 [Veto4]:407.788 [SgUp1]:59760 [SgUp2]:0 [SgUp3]:0 [SgUp4]:0 [SgLow1]:59660 [SgLow2]:0 [SgLow3]:0 [SgLow4]:0 [NetMuon1]:450640 [NetMuon2]:479520 [NetMuon3]:479520 [NetMuon4]:479520
[Run]:22387 [Site]:2 [Bin]:1368 [FullTime]:3600 [SkipTime]:0 [Veto1]:613.146 [Veto2]:409.554 [Veto3]:409.554 [Veto4]:409.554 [SgUp1]:59444 [SgUp2]:0 [SgUp3]:0 [SgUp4]:0 [SgLow1]:59324 [SgLow2]:0 [SgLow3]:0 [SgLow4]:0 [NetMuon1]:450757 [NetMuon2]:481585 [NetMuon3]:481585 [NetMuon4]:481585
[Run]:22387 [Site]:2 [Bin]:1369 [FullTime]:3600 [SkipTime]:0 [Veto1]:594.067 [Veto2]:408.042 [Veto3]:408.042 [Veto4]:408.042 [SgUp1]:59468 [SgUp2]:0 [SgUp3]:0 [SgUp4]:0 [SgLow1]:59363 [SgLow2]:0 [SgLow3]:0 [SgLow4]:0 [NetMuon1]:451797 [NetMuon2]:479494 [NetMuon3]:479494 [NetMuon4]:479494
[Run]:22387 [Site]:2 [Bin]:1370 [FullTime]:3600 [SkipTime]:0 [Veto1]:599.029 [Veto2]:408.368 [Veto3]:408.368 [Veto4]:408.368 [SgUp1]:59718 [SgUp2]:0 [SgUp3]:0 [SgUp4]:0 [SgLow1]:59627 [SgLow2]:0 [SgLow3]:0 [SgLow4]:0 [NetMuon1]:451320 [NetMuon2]:480041 [NetMuon3]:480041 [NetMuon4]:480041
[Run]:22387 [Site]:2 [Bin]:1371 [FullTime]:3600 [SkipTime]:0 [Veto1]:618.396 [Veto2]:409.403 [Veto3]:409.403 [Veto4]:409.403 [SgUp1]:58964 [SgUp2]:0 [SgUp3]:0 [SgUp4]:0 [SgLow1]:58853 [SgLow2]:0 [SgLow3]:0 [SgLow4]:0 [NetMuon1]:449840 [NetMuon2]:481465 [NetMuon3]:481465 [NetMuon4]:481465
[Run]:22387 [Site]:2 [Bin]:1372 [FullTime]:3600 [SkipTime]:0 [Veto1]:585.704 [Veto2]:408.308 [Veto3]:408.308 [Veto4]:408.308 [SgUp1]:59779 [SgUp2]:0 [SgUp3]:0 [SgUp4]:0 [SgLow1]:59682 [SgLow2]:0 [SgLow3]:0 [SgLow4]:0 [NetMuon1]:453561 [NetMuon2]:480424 [NetMuon3]:480424 [NetMuon4]:480424
[Run]:22387 [Site]:2 [Bin]:1373 [FullTime]:3600 [SkipTime]:0 [Veto1]:626.115 [Veto2]:408.561 [Veto3]:408.561 [Veto4]:408.561 [SgUp1]:58868 [SgUp2]:0 [SgUp3]:0 [SgUp4]:0 [SgLow1]:58772 [SgLow2]:0 [SgLow3]:0 [SgLow4]:0 [NetMuon1]:447757 [NetMuon2]:480502 [NetMuon3]:480502 [NetMuon4]:480502
[Run]:22387 [Site]:2 [Bin]:1374 [FullTime]:3600 [SkipTime]:0 [Veto1]:604.412 [Veto2]:408.581 [Veto3]:408.581 [Veto4]:408.581 [SgUp1]:59544 [SgUp2]:0 [SgUp3]:0 [SgUp4]:0 [SgLow1]:59451 [SgLow2]:0 [SgLow3]:0 [SgLow4]:0 [NetMuon1]:451657 [NetMuon2]:480872 [NetMuon3]:480872 [NetMuon4]:480872
[Run]:22387 [Site]:2 [Bin]:1375 [FullTime]:3600 [SkipTime]:0 [Veto1]:601.718 [Veto2]:408.565 [Veto3]:408.565 [Veto4]:408.565 [SgUp1]:59418 [SgUp2]:0 [SgUp3]:0 [SgUp4]:0 [SgLow1]:59309 [SgLow2]:0 [SgLow3]:0 [SgLow4]:0 [NetMuon1]:451570 [NetMuon2]:480587 [NetMuon3]:480587 [NetMuon4]:480587
[Run]:22387 [Site]:2 [Bin]:1376 [FullTime]:3600 [SkipTime]:0 [Veto1]:602.571 [Veto2]:408.809 [Veto3]:408.809 [Veto4]:408.809 [SgUp1]:59274 [SgUp2]:0 [SgUp3]:0 [SgUp4]:0 [SgLow1]:59174 [SgLow2]:0 [SgLow3]:0 [SgLow4]:0 [NetMuon1]:451645 [NetMuon2]:480807 [NetMuon3]:480807 [NetMuon4]:480807
[Run]:22387 [Site]:2 [Bin]:1377 [FullTime]:3600 [SkipTime]:0 [Veto1]:595.917 [Veto2]:409.109 [Veto3]:409.109 [Veto4]:409.109 [SgUp1]:59269 [SgUp2]:0 [SgUp3]:0 [SgUp4]:0 [SgLow1]:59171 [SgLow2]:0 [SgLow3]:0 [SgLow4]:0 [NetMuon1]:453141 [NetMuon2]:481203 [NetMuon3]:481203 [NetMuon4]:481203
[Run]:22387 [Site]:2 [Bin]:1378 [FullTime]:3600 [SkipTime]:0 [Veto1]:581.213 [Veto2]:408.33 [Veto3]:408.33 [Veto4]:408.33 [SgUp1]:59719 [SgUp2]:0 [SgUp3]:0 [SgUp4]:0 [SgLow1]:59626 [SgLow2]:0 [SgLow3]:0 [SgLow4]:0 [NetMuon1]:454497 [NetMuon2]:480408 [NetMuon3]:480408 [NetMuon4]:480408
[Run]:22387 [Site]:2 [Bin]:1379 [FullTime]:3600 [SkipTime]:0 [Veto1]:595.653 [Veto2]:407.793 [Veto3]:407.793 [Veto4]:407.793 [SgUp1]:59339 [SgUp2]:0 [SgUp3]:0 [SgUp4]:0 [SgLow1]:59250 [SgLow2]:0 [SgLow3]:0 [SgLow4]:0 [NetMuon1]:451223 [NetMuon2]:479382 [NetMuon3]:479382 [NetMuon4]:479382
[Run]:22387 [Site]:2 [Bin]:1380 [FullTime]:3600.01 [SkipTime]:0 [Veto1]:609.221 [Veto2]:408.835 [Veto3]:408.835 [Veto4]:408.835 [SgUp1]:58990 [SgUp2]:0 [SgUp3]:0 [SgUp4]:0 [SgLow1]:58897 [SgLow2]:0 [SgLow3]:0 [SgLow4]:0 [NetMuon1]:450857 [NetMuon2]:480697 [NetMuon3]:480697 [NetMuon4]:480697
[Run]:22387 [Site]:2 [Bin]:1381 [FullTime]:3600 [SkipTime]:0 [Veto1]:610.631 [Veto2]:407.317 [Veto3]:407.317 [Veto4]:407.317 [SgUp1]:59074 [SgUp2]:0 [SgUp3]:0 [SgUp4]:0 [SgLow1]:58971 [SgLow2]:0 [SgLow3]:0 [SgLow4]:0 [NetMuon1]:448851 [NetMuon2]:479139 [NetMuon3]:479139 [NetMuon4]:479139
[Run]:22387 [Site]:2 [Bin]:1382 [FullTime]:3600 [SkipTime]:0 [Veto1]:613.131 [Veto2]:406.885 [Veto3]:406.885 [Veto4]:406.885 [SgUp1]:59489 [SgUp2]:0 [SgUp3]:0 [SgUp4]:0 [SgLow1]:59374 [SgLow2]:0 [SgLow3]:0 [SgLow4]:0 [NetMuon1]:447675 [NetMuon2]:478578 [NetMuon3]:478578 [NetMuon4]:478578
[Run]:22387 [Site]:2 [Bin]:1383 [FullTime]:3600 [SkipTime]:0 [Veto1]:607.117 [Veto2]:408.217 [Veto3]:408.217 [Veto4]:408.217 [SgUp1]:59550 [SgUp2]:0 [SgUp3]:0 [SgUp4]:0 [SgLow1]:59450 [SgLow2]:0 [SgLow3]:0 [SgLow4]:0 [NetMuon1]:450093 [NetMuon2]:480084 [NetMuon3]:480084 [NetMuon4]:480084
[Run]:22387 [Site]:2 [Bin]:1384 [FullTime]:3600 [SkipTime]:0 [Veto1]:599.48 [Veto2]:407.961 [Veto3]:407.961 [Veto4]:407.961 [SgUp1]:59277 [SgUp2]:0 [SgUp3]:0 [SgUp4]:0 [SgLow1]:59174 [SgLow2]:0 [SgLow3]:0 [SgLow4]:0 [NetMuon1]:451104 [NetMuon2]:479777 [NetMuon3]:479777 [NetMuon4]:479777
[Run]:22387 [Site]:2 [Bin]:1385 [FullTime]:3600 [SkipTime]:0 [Veto1]:597.179 [Veto2]:407.87 [Veto3]:407.87 [Veto4]:407.87 [SgUp1]:59478 [SgUp2]:0 [SgUp3]:0 [SgUp4]:0 [SgLow1]:59388 [SgLow2]:0 [SgLow3]:0 [SgLow4]:0 [NetMuon1]:451475 [NetMuon2]:479878 [NetMuon3]:479878 [NetMuon4]:479878
[Run]:22387 [Site]:2 [Bin]:1386 [FullTime]:3600 [SkipTime]:0 [Veto1]:585.898 [Veto2]:407.963 [Veto3]:407.963 [Veto4]:407.963 [SgUp1]:59703 [SgUp2]:0 [SgUp3]:0 [SgUp4]:0 [SgLow1]:59600 [SgLow2]:0 [SgLow3]:0 [SgLow4]:0 [NetMuon1]:453064 [NetMuon2]:479898 [NetMuon3]:479898 [NetMuon4]:479898
[Run]:22387 [Site]:2 [Bin]:1387 [FullTime]:3600 [SkipTime]:0 [Veto1]:601.099 [Veto2]:407.177 [Veto3]:407.177 [Veto4]:407.177 [SgUp1]:59131 [SgUp2]:0 [SgUp3]:0 [SgUp4]:0 [SgLow1]:59021 [SgLow2]:0 [SgLow3]:0 [SgLow4]:0 [NetMuon1]:449850 [NetMuon2]:478948 [NetMuon3]:478948 [NetMuon4]:478948
[Run]:22387 [Site]:2 [Bin]:1388 [FullTime]:3600 [SkipTime]:0 [Veto1]:611.496 [Veto2]:407.814 [Veto3]:407.814 [Veto4]:407.814 [SgUp1]:59352 [SgUp2]:0 [SgUp3]:0 [SgUp4]:0 [SgLow1]:59246 [SgLow2]:0 [SgLow3]:0 [SgLow4]:0 [NetMuon1]:449154 [NetMuon2]:479760 [NetMuon3]:479760 [NetMuon4]:479760
[Run]:22387 [Site]:2 [Bin]:1389 [FullTime]:3600.01 [SkipTime]:0 [Veto1]:589.21 [Veto2]:407.794 [Veto3]:407.794 [Veto4]:407.794 [SgUp1]:59363 [SgUp2]:0 [SgUp3]:0 [SgUp4]:0 [SgLow1]:59278 [SgLow2]:0 [SgLow3]:0 [SgLow4]:0 [NetMuon1]:452476 [NetMuon2]:479570 [NetMuon3]:479570 [NetMuon4]:479570
[Run]:22387 [Site]:2 [Bin]:1390 [FullTime]:3600 [SkipTime]:0 [Veto1]:596.315 [Veto2]:408.192 [Veto3]:408.192 [Veto4]:408.192 [SgUp1]:59419 [SgUp2]:0 [SgUp3]:0 [SgUp4]:0 [SgLow1]:59311 [SgLow2]:0 [SgLow3]:0 [SgLow4]:0 [NetMuon1]:451416 [NetMuon2]:479956 [NetMuon3]:479956 [NetMuon4]:479956
[Run]:22387 [Site]:2 [Bin]:1391 [FullTime]:3600 [SkipTime]:0 [Veto1]:607.917 [Veto2]:408.224 [Veto3]:408.224 [Veto4]:408.224 [SgUp1]:59254 [SgUp2]:0 [SgUp3]:0 [SgUp4]:0 [SgLow1]:59170 [SgLow2]:0 [SgLow3]:0 [SgLow4]:0 [NetMuon1]:450164 [NetMuon2]:480129 [NetMuon3]:480129 [NetMuon4]:480129
End process Run: 22387 ... 
[Run]:22387 [Site]:2 [Bin]:1392 [FullTime]:2587.54 [SkipTime]:0 [Veto1]:436.326 [Veto2]:292.761 [Veto3]:292.761 [Veto4]:292.761
