StreamChain add 0x1dfb37f0
Start to process run: 22519 ... 
[Run]:22519 [Site]:2 [Bin]:1512 [FullTime]:649.583 [SkipTime]:0 [Veto1]:108.946 [Veto2]:73.8634 [Veto3]:73.8634 [Veto4]:73.8634 [SgUp1]:11027 [SgUp2]:0 [SgUp3]:0 [SgUp4]:0 [SgLow1]:11016 [SgLow2]:0 [SgLow3]:0 [SgLow4]:0 [NetMuon1]:81451 [NetMuon2]:86834 [NetMuon3]:86834 [NetMuon4]:86834
[Run]:22519 [Site]:2 [Bin]:1513 [FullTime]:3600 [SkipTime]:0 [Veto1]:592.358 [Veto2]:408.427 [Veto3]:408.427 [Veto4]:408.427 [SgUp1]:60341 [SgUp2]:0 [SgUp3]:0 [SgUp4]:0 [SgLow1]:60235 [SgLow2]:0 [SgLow3]:0 [SgLow4]:0 [NetMuon1]:452526 [NetMuon2]:480306 [NetMuon3]:480306 [NetMuon4]:480306
[Run]:22519 [Site]:2 [Bin]:1514 [FullTime]:3600 [SkipTime]:0 [Veto1]:614.598 [Veto2]:407.783 [Veto3]:407.783 [Veto4]:407.783 [SgUp1]:59641 [SgUp2]:0 [SgUp3]:0 [SgUp4]:0 [SgLow1]:59546 [SgLow2]:0 [SgLow3]:0 [SgLow4]:0 [NetMuon1]:448283 [NetMuon2]:479593 [NetMuon3]:479593 [NetMuon4]:479593
[Run]:22519 [Site]:2 [Bin]:1515 [FullTime]:3600 [SkipTime]:0 [Veto1]:592.298 [Veto2]:407.454 [Veto3]:407.454 [Veto4]:407.454 [SgUp1]:60254 [SgUp2]:0 [SgUp3]:0 [SgUp4]:0 [SgLow1]:60136 [SgLow2]:0 [SgLow3]:0 [SgLow4]:0 [NetMuon1]:451183 [NetMuon2]:479167 [NetMuon3]:479167 [NetMuon4]:479167
[Run]:22519 [Site]:2 [Bin]:1516 [FullTime]:3600 [SkipTime]:0 [Veto1]:609.16 [Veto2]:408.773 [Veto3]:408.773 [Veto4]:408.773 [SgUp1]:60172 [SgUp2]:0 [SgUp3]:0 [SgUp4]:0 [SgLow1]:60074 [SgLow2]:0 [SgLow3]:0 [SgLow4]:0 [NetMuon1]:451026 [NetMuon2]:481091 [NetMuon3]:481091 [NetMuon4]:481091
[Run]:22519 [Site]:2 [Bin]:1517 [FullTime]:3600 [SkipTime]:0 [Veto1]:609.655 [Veto2]:407.842 [Veto3]:407.842 [Veto4]:407.842 [SgUp1]:59925 [SgUp2]:0 [SgUp3]:0 [SgUp4]:0 [SgLow1]:59817 [SgLow2]:0 [SgLow3]:0 [SgLow4]:0 [NetMuon1]:449202 [NetMuon2]:479631 [NetMuon3]:479631 [NetMuon4]:479631
[Run]:22519 [Site]:2 [Bin]:1518 [FullTime]:3600 [SkipTime]:0 [Veto1]:609.693 [Veto2]:407.832 [Veto3]:407.832 [Veto4]:407.832 [SgUp1]:59882 [SgUp2]:0 [SgUp3]:0 [SgUp4]:0 [SgLow1]:59768 [SgLow2]:0 [SgLow3]:0 [SgLow4]:0 [NetMuon1]:449266 [NetMuon2]:479655 [NetMuon3]:479655 [NetMuon4]:479655
[Run]:22519 [Site]:2 [Bin]:1519 [FullTime]:3600 [SkipTime]:0 [Veto1]:597.762 [Veto2]:408.985 [Veto3]:408.985 [Veto4]:408.985 [SgUp1]:59849 [SgUp2]:0 [SgUp3]:0 [SgUp4]:0 [SgLow1]:59764 [SgLow2]:0 [SgLow3]:0 [SgLow4]:0 [NetMuon1]:452151 [NetMuon2]:480871 [NetMuon3]:480871 [NetMuon4]:480871
[Run]:22519 [Site]:2 [Bin]:1520 [FullTime]:3600 [SkipTime]:0 [Veto1]:586.708 [Veto2]:409.182 [Veto3]:409.182 [Veto4]:409.182 [SgUp1]:60279 [SgUp2]:0 [SgUp3]:0 [SgUp4]:0 [SgLow1]:60139 [SgLow2]:0 [SgLow3]:0 [SgLow4]:0 [NetMuon1]:454368 [NetMuon2]:481267 [NetMuon3]:481267 [NetMuon4]:481267
[Run]:22519 [Site]:2 [Bin]:1521 [FullTime]:3600 [SkipTime]:0 [Veto1]:604.584 [Veto2]:408.534 [Veto3]:408.534 [Veto4]:408.534 [SgUp1]:59675 [SgUp2]:0 [SgUp3]:0 [SgUp4]:0 [SgLow1]:59551 [SgLow2]:0 [SgLow3]:0 [SgLow4]:0 [NetMuon1]:450601 [NetMuon2]:480438 [NetMuon3]:480438 [NetMuon4]:480438
[Run]:22519 [Site]:2 [Bin]:1522 [FullTime]:3600 [SkipTime]:0 [Veto1]:602.518 [Veto2]:407.042 [Veto3]:407.042 [Veto4]:407.042 [SgUp1]:59891 [SgUp2]:0 [SgUp3]:0 [SgUp4]:0 [SgLow1]:59783 [SgLow2]:0 [SgLow3]:0 [SgLow4]:0 [NetMuon1]:449734 [NetMuon2]:478736 [NetMuon3]:478736 [NetMuon4]:478736
[Run]:22519 [Site]:2 [Bin]:1523 [FullTime]:3600 [SkipTime]:0 [Veto1]:603.938 [Veto2]:408.316 [Veto3]:408.316 [Veto4]:408.316 [SgUp1]:59938 [SgUp2]:0 [SgUp3]:0 [SgUp4]:0 [SgLow1]:59845 [SgLow2]:0 [SgLow3]:0 [SgLow4]:0 [NetMuon1]:450570 [NetMuon2]:480012 [NetMuon3]:480012 [NetMuon4]:480012
[Run]:22519 [Site]:2 [Bin]:1524 [FullTime]:3600 [SkipTime]:0 [Veto1]:605.404 [Veto2]:407.817 [Veto3]:407.817 [Veto4]:407.817 [SgUp1]:59490 [SgUp2]:0 [SgUp3]:0 [SgUp4]:0 [SgLow1]:59377 [SgLow2]:0 [SgLow3]:0 [SgLow4]:0 [NetMuon1]:449722 [NetMuon2]:479469 [NetMuon3]:479469 [NetMuon4]:479469
[Run]:22519 [Site]:2 [Bin]:1525 [FullTime]:3600 [SkipTime]:0 [Veto1]:629.355 [Veto2]:407.716 [Veto3]:407.716 [Veto4]:407.716 [SgUp1]:59138 [SgUp2]:0 [SgUp3]:0 [SgUp4]:0 [SgLow1]:59038 [SgLow2]:0 [SgLow3]:0 [SgLow4]:0 [NetMuon1]:446501 [NetMuon2]:479519 [NetMuon3]:479519 [NetMuon4]:479519
[Run]:22519 [Site]:2 [Bin]:1526 [FullTime]:3600 [SkipTime]:0 [Veto1]:606.233 [Veto2]:407.826 [Veto3]:407.826 [Veto4]:407.826 [SgUp1]:59513 [SgUp2]:0 [SgUp3]:0 [SgUp4]:0 [SgLow1]:59415 [SgLow2]:0 [SgLow3]:0 [SgLow4]:0 [NetMuon1]:449785 [NetMuon2]:479568 [NetMuon3]:479568 [NetMuon4]:479568
[Run]:22519 [Site]:2 [Bin]:1527 [FullTime]:3600 [SkipTime]:0 [Veto1]:618.986 [Veto2]:407.759 [Veto3]:407.759 [Veto4]:407.759 [SgUp1]:59524 [SgUp2]:0 [SgUp3]:0 [SgUp4]:0 [SgLow1]:59419 [SgLow2]:0 [SgLow3]:0 [SgLow4]:0 [NetMuon1]:447673 [NetMuon2]:479517 [NetMuon3]:479517 [NetMuon4]:479517
[Run]:22519 [Site]:2 [Bin]:1528 [FullTime]:3600 [SkipTime]:0 [Veto1]:606.267 [Veto2]:407.296 [Veto3]:407.296 [Veto4]:407.296 [SgUp1]:59922 [SgUp2]:0 [SgUp3]:0 [SgUp4]:0 [SgLow1]:59824 [SgLow2]:0 [SgLow3]:0 [SgLow4]:0 [NetMuon1]:449059 [NetMuon2]:478953 [NetMuon3]:478953 [NetMuon4]:478953
[Run]:22519 [Site]:2 [Bin]:1529 [FullTime]:3600 [SkipTime]:0 [Veto1]:605.802 [Veto2]:407.843 [Veto3]:407.843 [Veto4]:407.843 [SgUp1]:59582 [SgUp2]:0 [SgUp3]:0 [SgUp4]:0 [SgLow1]:59464 [SgLow2]:0 [SgLow3]:0 [SgLow4]:0 [NetMuon1]:450161 [NetMuon2]:479821 [NetMuon3]:479821 [NetMuon4]:479821
[Run]:22519 [Site]:2 [Bin]:1530 [FullTime]:3600 [SkipTime]:0 [Veto1]:601.043 [Veto2]:407.892 [Veto3]:407.892 [Veto4]:407.892 [SgUp1]:59456 [SgUp2]:0 [SgUp3]:0 [SgUp4]:0 [SgLow1]:59357 [SgLow2]:0 [SgLow3]:0 [SgLow4]:0 [NetMuon1]:450663 [NetMuon2]:479711 [NetMuon3]:479711 [NetMuon4]:479711
[Run]:22519 [Site]:2 [Bin]:1531 [FullTime]:3600 [SkipTime]:0 [Veto1]:607.828 [Veto2]:408.015 [Veto3]:408.015 [Veto4]:408.015 [SgUp1]:59561 [SgUp2]:0 [SgUp3]:0 [SgUp4]:0 [SgLow1]:59451 [SgLow2]:0 [SgLow3]:0 [SgLow4]:0 [NetMuon1]:450026 [NetMuon2]:479958 [NetMuon3]:479958 [NetMuon4]:479958
[Run]:22519 [Site]:2 [Bin]:1532 [FullTime]:3600 [SkipTime]:0 [Veto1]:604.523 [Veto2]:407.28 [Veto3]:407.28 [Veto4]:407.28 [SgUp1]:59309 [SgUp2]:0 [SgUp3]:0 [SgUp4]:0 [SgLow1]:59237 [SgLow2]:0 [SgLow3]:0 [SgLow4]:0 [NetMuon1]:449336 [NetMuon2]:479004 [NetMuon3]:479004 [NetMuon4]:479004
[Run]:22519 [Site]:2 [Bin]:1533 [FullTime]:3600 [SkipTime]:0 [Veto1]:611.098 [Veto2]:406.599 [Veto3]:406.599 [Veto4]:406.599 [SgUp1]:59352 [SgUp2]:0 [SgUp3]:0 [SgUp4]:0 [SgLow1]:59255 [SgLow2]:0 [SgLow3]:0 [SgLow4]:0 [NetMuon1]:447745 [NetMuon2]:478265 [NetMuon3]:478265 [NetMuon4]:478265
[Run]:22519 [Site]:2 [Bin]:1534 [FullTime]:3600 [SkipTime]:0 [Veto1]:607.916 [Veto2]:407.857 [Veto3]:407.857 [Veto4]:407.857 [SgUp1]:59790 [SgUp2]:0 [SgUp3]:0 [SgUp4]:0 [SgLow1]:59676 [SgLow2]:0 [SgLow3]:0 [SgLow4]:0 [NetMuon1]:449374 [NetMuon2]:479433 [NetMuon3]:479433 [NetMuon4]:479433
[Run]:22519 [Site]:2 [Bin]:1535 [FullTime]:3600 [SkipTime]:0 [Veto1]:609.942 [Veto2]:407.495 [Veto3]:407.495 [Veto4]:407.495 [SgUp1]:59026 [SgUp2]:0 [SgUp3]:0 [SgUp4]:0 [SgLow1]:58929 [SgLow2]:0 [SgLow3]:0 [SgLow4]:0 [NetMuon1]:448742 [NetMuon2]:479195 [NetMuon3]:479195 [NetMuon4]:479195
[Run]:22519 [Site]:2 [Bin]:1536 [FullTime]:3600 [SkipTime]:0 [Veto1]:600.142 [Veto2]:407.335 [Veto3]:407.335 [Veto4]:407.335 [SgUp1]:59496 [SgUp2]:0 [SgUp3]:0 [SgUp4]:0 [SgLow1]:59392 [SgLow2]:0 [SgLow3]:0 [SgLow4]:0 [NetMuon1]:450060 [NetMuon2]:478889 [NetMuon3]:478889 [NetMuon4]:478889
[Run]:22519 [Site]:2 [Bin]:1537 [FullTime]:3600 [SkipTime]:0 [Veto1]:593.15 [Veto2]:408.261 [Veto3]:408.261 [Veto4]:408.261 [SgUp1]:59723 [SgUp2]:0 [SgUp3]:0 [SgUp4]:0 [SgLow1]:59622 [SgLow2]:0 [SgLow3]:0 [SgLow4]:0 [NetMuon1]:452147 [NetMuon2]:480153 [NetMuon3]:480153 [NetMuon4]:480153
[Run]:22519 [Site]:2 [Bin]:1538 [FullTime]:3600 [SkipTime]:0 [Veto1]:600.578 [Veto2]:407.413 [Veto3]:407.413 [Veto4]:407.413 [SgUp1]:59565 [SgUp2]:0 [SgUp3]:0 [SgUp4]:0 [SgLow1]:59445 [SgLow2]:0 [SgLow3]:0 [SgLow4]:0 [NetMuon1]:450193 [NetMuon2]:479294 [NetMuon3]:479294 [NetMuon4]:479294
[Run]:22519 [Site]:2 [Bin]:1539 [FullTime]:3600 [SkipTime]:0 [Veto1]:597.814 [Veto2]:407.348 [Veto3]:407.348 [Veto4]:407.348 [SgUp1]:59785 [SgUp2]:0 [SgUp3]:0 [SgUp4]:0 [SgLow1]:59660 [SgLow2]:0 [SgLow3]:0 [SgLow4]:0 [NetMuon1]:450513 [NetMuon2]:479090 [NetMuon3]:479090 [NetMuon4]:479090
[Run]:22519 [Site]:2 [Bin]:1540 [FullTime]:3600 [SkipTime]:0 [Veto1]:616.526 [Veto2]:407.604 [Veto3]:407.604 [Veto4]:407.604 [SgUp1]:59622 [SgUp2]:0 [SgUp3]:0 [SgUp4]:0 [SgLow1]:59512 [SgLow2]:0 [SgLow3]:0 [SgLow4]:0 [NetMuon1]:447925 [NetMuon2]:479356 [NetMuon3]:479356 [NetMuon4]:479356
[Run]:22519 [Site]:2 [Bin]:1541 [FullTime]:3600 [SkipTime]:0 [Veto1]:611.705 [Veto2]:407.902 [Veto3]:407.902 [Veto4]:407.902 [SgUp1]:59522 [SgUp2]:0 [SgUp3]:0 [SgUp4]:0 [SgLow1]:59437 [SgLow2]:0 [SgLow3]:0 [SgLow4]:0 [NetMuon1]:449166 [NetMuon2]:479801 [NetMuon3]:479801 [NetMuon4]:479801
[Run]:22519 [Site]:2 [Bin]:1542 [FullTime]:3600 [SkipTime]:0 [Veto1]:602.015 [Veto2]:408.296 [Veto3]:408.296 [Veto4]:408.296 [SgUp1]:59856 [SgUp2]:0 [SgUp3]:0 [SgUp4]:0 [SgLow1]:59752 [SgLow2]:0 [SgLow3]:0 [SgLow4]:0 [NetMuon1]:451094 [NetMuon2]:480166 [NetMuon3]:480166 [NetMuon4]:480166
[Run]:22519 [Site]:2 [Bin]:1543 [FullTime]:3600.01 [SkipTime]:0 [Veto1]:599.182 [Veto2]:409.522 [Veto3]:409.522 [Veto4]:409.522 [SgUp1]:59149 [SgUp2]:0 [SgUp3]:0 [SgUp4]:0 [SgLow1]:59030 [SgLow2]:0 [SgLow3]:0 [SgLow4]:0 [NetMuon1]:452701 [NetMuon2]:481339 [NetMuon3]:481339 [NetMuon4]:481339
[Run]:22519 [Site]:2 [Bin]:1544 [FullTime]:3600 [SkipTime]:0 [Veto1]:598.628 [Veto2]:409.133 [Veto3]:409.133 [Veto4]:409.133 [SgUp1]:59393 [SgUp2]:0 [SgUp3]:0 [SgUp4]:0 [SgLow1]:59269 [SgLow2]:0 [SgLow3]:0 [SgLow4]:0 [NetMuon1]:452601 [NetMuon2]:480949 [NetMuon3]:480949 [NetMuon4]:480949
[Run]:22519 [Site]:2 [Bin]:1545 [FullTime]:3600 [SkipTime]:0 [Veto1]:604.442 [Veto2]:408.459 [Veto3]:408.459 [Veto4]:408.459 [SgUp1]:59505 [SgUp2]:0 [SgUp3]:0 [SgUp4]:0 [SgLow1]:59395 [SgLow2]:0 [SgLow3]:0 [SgLow4]:0 [NetMuon1]:450923 [NetMuon2]:480470 [NetMuon3]:480470 [NetMuon4]:480470
[Run]:22519 [Site]:2 [Bin]:1546 [FullTime]:3600 [SkipTime]:0 [Veto1]:606.963 [Veto2]:407.893 [Veto3]:407.893 [Veto4]:407.893 [SgUp1]:58971 [SgUp2]:0 [SgUp3]:0 [SgUp4]:0 [SgLow1]:58869 [SgLow2]:0 [SgLow3]:0 [SgLow4]:0 [NetMuon1]:449981 [NetMuon2]:479798 [NetMuon3]:479798 [NetMuon4]:479798
[Run]:22519 [Site]:2 [Bin]:1547 [FullTime]:3600 [SkipTime]:0 [Veto1]:605.638 [Veto2]:408.635 [Veto3]:408.635 [Veto4]:408.635 [SgUp1]:59491 [SgUp2]:0 [SgUp3]:0 [SgUp4]:0 [SgLow1]:59412 [SgLow2]:0 [SgLow3]:0 [SgLow4]:0 [NetMuon1]:451188 [NetMuon2]:480548 [NetMuon3]:480548 [NetMuon4]:480548
[Run]:22519 [Site]:2 [Bin]:1548 [FullTime]:3600 [SkipTime]:0 [Veto1]:599.699 [Veto2]:407.79 [Veto3]:407.79 [Veto4]:407.79 [SgUp1]:59678 [SgUp2]:0 [SgUp3]:0 [SgUp4]:0 [SgLow1]:59576 [SgLow2]:0 [SgLow3]:0 [SgLow4]:0 [NetMuon1]:450300 [NetMuon2]:479486 [NetMuon3]:479486 [NetMuon4]:479486
[Run]:22519 [Site]:2 [Bin]:1549 [FullTime]:3600 [SkipTime]:0 [Veto1]:608.333 [Veto2]:409.005 [Veto3]:409.005 [Veto4]:409.005 [SgUp1]:59706 [SgUp2]:0 [SgUp3]:0 [SgUp4]:0 [SgLow1]:59600 [SgLow2]:0 [SgLow3]:0 [SgLow4]:0 [NetMuon1]:451038 [NetMuon2]:481074 [NetMuon3]:481074 [NetMuon4]:481074
[Run]:22519 [Site]:2 [Bin]:1550 [FullTime]:3600 [SkipTime]:0 [Veto1]:599.509 [Veto2]:408.456 [Veto3]:408.456 [Veto4]:408.456 [SgUp1]:59556 [SgUp2]:0 [SgUp3]:0 [SgUp4]:0 [SgLow1]:59458 [SgLow2]:0 [SgLow3]:0 [SgLow4]:0 [NetMuon1]:451913 [NetMuon2]:480486 [NetMuon3]:480486 [NetMuon4]:480486
[Run]:22519 [Site]:2 [Bin]:1551 [FullTime]:3600 [SkipTime]:0 [Veto1]:602.879 [Veto2]:408.187 [Veto3]:408.187 [Veto4]:408.187 [SgUp1]:59208 [SgUp2]:0 [SgUp3]:0 [SgUp4]:0 [SgLow1]:59103 [SgLow2]:0 [SgLow3]:0 [SgLow4]:0 [NetMuon1]:450522 [NetMuon2]:479975 [NetMuon3]:479975 [NetMuon4]:479975
[Run]:22519 [Site]:2 [Bin]:1552 [FullTime]:3600 [SkipTime]:0 [Veto1]:585.099 [Veto2]:407.255 [Veto3]:407.255 [Veto4]:407.255 [SgUp1]:59930 [SgUp2]:0 [SgUp3]:0 [SgUp4]:0 [SgLow1]:59809 [SgLow2]:0 [SgLow3]:0 [SgLow4]:0 [NetMuon1]:452130 [NetMuon2]:479034 [NetMuon3]:479034 [NetMuon4]:479034
[Run]:22519 [Site]:2 [Bin]:1553 [FullTime]:3600 [SkipTime]:0 [Veto1]:604.253 [Veto2]:408.15 [Veto3]:408.15 [Veto4]:408.15 [SgUp1]:59326 [SgUp2]:0 [SgUp3]:0 [SgUp4]:0 [SgLow1]:59207 [SgLow2]:0 [SgLow3]:0 [SgLow4]:0 [NetMuon1]:450710 [NetMuon2]:480119 [NetMuon3]:480119 [NetMuon4]:480119
[Run]:22519 [Site]:2 [Bin]:1554 [FullTime]:3600 [SkipTime]:0 [Veto1]:592.363 [Veto2]:407.903 [Veto3]:407.903 [Veto4]:407.903 [SgUp1]:59450 [SgUp2]:0 [SgUp3]:0 [SgUp4]:0 [SgLow1]:59333 [SgLow2]:0 [SgLow3]:0 [SgLow4]:0 [NetMuon1]:451951 [NetMuon2]:479896 [NetMuon3]:479896 [NetMuon4]:479896
[Run]:22519 [Site]:2 [Bin]:1555 [FullTime]:3600 [SkipTime]:0 [Veto1]:611.38 [Veto2]:407.683 [Veto3]:407.683 [Veto4]:407.683 [SgUp1]:58980 [SgUp2]:0 [SgUp3]:0 [SgUp4]:0 [SgLow1]:58869 [SgLow2]:0 [SgLow3]:0 [SgLow4]:0 [NetMuon1]:449031 [NetMuon2]:479563 [NetMuon3]:479563 [NetMuon4]:479563
[Run]:22519 [Site]:2 [Bin]:1556 [FullTime]:3600 [SkipTime]:0 [Veto1]:592.419 [Veto2]:408.684 [Veto3]:408.684 [Veto4]:408.684 [SgUp1]:59542 [SgUp2]:0 [SgUp3]:0 [SgUp4]:0 [SgLow1]:59405 [SgLow2]:0 [SgLow3]:0 [SgLow4]:0 [NetMuon1]:452930 [NetMuon2]:480536 [NetMuon3]:480536 [NetMuon4]:480536
[Run]:22519 [Site]:2 [Bin]:1557 [FullTime]:3600 [SkipTime]:0 [Veto1]:590.493 [Veto2]:407.81 [Veto3]:407.81 [Veto4]:407.81 [SgUp1]:59415 [SgUp2]:0 [SgUp3]:0 [SgUp4]:0 [SgLow1]:59316 [SgLow2]:0 [SgLow3]:0 [SgLow4]:0 [NetMuon1]:451985 [NetMuon2]:479635 [NetMuon3]:479635 [NetMuon4]:479635
[Run]:22519 [Site]:2 [Bin]:1558 [FullTime]:3600 [SkipTime]:0 [Veto1]:585.064 [Veto2]:407.521 [Veto3]:407.521 [Veto4]:407.521 [SgUp1]:59920 [SgUp2]:0 [SgUp3]:0 [SgUp4]:0 [SgLow1]:59804 [SgLow2]:0 [SgLow3]:0 [SgLow4]:0 [NetMuon1]:452737 [NetMuon2]:479357 [NetMuon3]:479357 [NetMuon4]:479357
[Run]:22519 [Site]:2 [Bin]:1559 [FullTime]:3600 [SkipTime]:0 [Veto1]:599.786 [Veto2]:408.068 [Veto3]:408.068 [Veto4]:408.068 [SgUp1]:59771 [SgUp2]:0 [SgUp3]:0 [SgUp4]:0 [SgLow1]:59656 [SgLow2]:0 [SgLow3]:0 [SgLow4]:0 [NetMuon1]:450904 [NetMuon2]:479783 [NetMuon3]:479783 [NetMuon4]:479783
[Run]:22519 [Site]:2 [Bin]:1560 [FullTime]:3600 [SkipTime]:0 [Veto1]:577.035 [Veto2]:408.339 [Veto3]:408.339 [Veto4]:408.339 [SgUp1]:60117 [SgUp2]:0 [SgUp3]:0 [SgUp4]:0 [SgLow1]:59982 [SgLow2]:0 [SgLow3]:0 [SgLow4]:0 [NetMuon1]:455260 [NetMuon2]:480348 [NetMuon3]:480348 [NetMuon4]:480348
[Run]:22519 [Site]:2 [Bin]:1561 [FullTime]:3600 [SkipTime]:0 [Veto1]:608.699 [Veto2]:408.924 [Veto3]:408.924 [Veto4]:408.924 [SgUp1]:59141 [SgUp2]:0 [SgUp3]:0 [SgUp4]:0 [SgLow1]:59035 [SgLow2]:0 [SgLow3]:0 [SgLow4]:0 [NetMuon1]:450860 [NetMuon2]:481031 [NetMuon3]:481031 [NetMuon4]:481031
End process Run: 22519 ... 
[Run]:22519 [Site]:2 [Bin]:1562 [FullTime]:218.472 [SkipTime]:0 [Veto1]:30.3739 [Veto2]:24.79 [Veto3]:24.79 [Veto4]:24.79
