StreamChain add 0x53b37f0
Start to process run: 23513 ... 
[Run]:23513 [Site]:2 [Bin]:2593 [FullTime]:2719.77 [SkipTime]:0 [Veto1]:449.735 [Veto2]:309.164 [Veto3]:309.164 [Veto4]:309.164 [SgUp1]:44626 [SgUp2]:0 [SgUp3]:0 [SgUp4]:0 [SgLow1]:44534 [SgLow2]:0 [SgLow3]:0 [SgLow4]:0 [NetMuon1]:342330 [NetMuon2]:363465 [NetMuon3]:363465 [NetMuon4]:363465
[Run]:23513 [Site]:2 [Bin]:2594 [FullTime]:3600 [SkipTime]:0 [Veto1]:592.518 [Veto2]:408.674 [Veto3]:408.674 [Veto4]:408.674 [SgUp1]:59298 [SgUp2]:0 [SgUp3]:0 [SgUp4]:0 [SgLow1]:59200 [SgLow2]:0 [SgLow3]:0 [SgLow4]:0 [NetMuon1]:452866 [NetMuon2]:480540 [NetMuon3]:480540 [NetMuon4]:480540
[Run]:23513 [Site]:2 [Bin]:2595 [FullTime]:3600 [SkipTime]:0 [Veto1]:576.987 [Veto2]:408.028 [Veto3]:408.028 [Veto4]:408.028 [SgUp1]:59853 [SgUp2]:0 [SgUp3]:0 [SgUp4]:0 [SgLow1]:59753 [SgLow2]:0 [SgLow3]:0 [SgLow4]:0 [NetMuon1]:454643 [NetMuon2]:479876 [NetMuon3]:479876 [NetMuon4]:479876
[Run]:23513 [Site]:2 [Bin]:2596 [FullTime]:3600 [SkipTime]:0 [Veto1]:584.164 [Veto2]:409.367 [Veto3]:409.367 [Veto4]:409.367 [SgUp1]:59679 [SgUp2]:0 [SgUp3]:0 [SgUp4]:0 [SgLow1]:59592 [SgLow2]:0 [SgLow3]:0 [SgLow4]:0 [NetMuon1]:454663 [NetMuon2]:481244 [NetMuon3]:481244 [NetMuon4]:481244
[Run]:23513 [Site]:2 [Bin]:2597 [FullTime]:3600 [SkipTime]:0 [Veto1]:599.271 [Veto2]:409.381 [Veto3]:409.381 [Veto4]:409.381 [SgUp1]:59381 [SgUp2]:0 [SgUp3]:0 [SgUp4]:0 [SgLow1]:59255 [SgLow2]:0 [SgLow3]:0 [SgLow4]:0 [NetMuon1]:452974 [NetMuon2]:481487 [NetMuon3]:481487 [NetMuon4]:481487
[Run]:23513 [Site]:2 [Bin]:2598 [FullTime]:3600 [SkipTime]:0 [Veto1]:592.032 [Veto2]:408.873 [Veto3]:408.873 [Veto4]:408.873 [SgUp1]:59412 [SgUp2]:0 [SgUp3]:0 [SgUp4]:0 [SgLow1]:59297 [SgLow2]:0 [SgLow3]:0 [SgLow4]:0 [NetMuon1]:453296 [NetMuon2]:480754 [NetMuon3]:480754 [NetMuon4]:480754
[Run]:23513 [Site]:2 [Bin]:2599 [FullTime]:3600 [SkipTime]:0 [Veto1]:596.487 [Veto2]:409.045 [Veto3]:409.045 [Veto4]:409.045 [SgUp1]:58997 [SgUp2]:0 [SgUp3]:0 [SgUp4]:0 [SgLow1]:58891 [SgLow2]:0 [SgLow3]:0 [SgLow4]:0 [NetMuon1]:452898 [NetMuon2]:481193 [NetMuon3]:481193 [NetMuon4]:481193
[Run]:23513 [Site]:2 [Bin]:2600 [FullTime]:3600 [SkipTime]:0 [Veto1]:584.689 [Veto2]:409.056 [Veto3]:409.056 [Veto4]:409.056 [SgUp1]:59322 [SgUp2]:0 [SgUp3]:0 [SgUp4]:0 [SgLow1]:59244 [SgLow2]:0 [SgLow3]:0 [SgLow4]:0 [NetMuon1]:454378 [NetMuon2]:480828 [NetMuon3]:480828 [NetMuon4]:480828
[Run]:23513 [Site]:2 [Bin]:2601 [FullTime]:3600 [SkipTime]:0 [Veto1]:612.776 [Veto2]:407.917 [Veto3]:407.917 [Veto4]:407.917 [SgUp1]:58576 [SgUp2]:0 [SgUp3]:0 [SgUp4]:0 [SgLow1]:58481 [SgLow2]:0 [SgLow3]:0 [SgLow4]:0 [NetMuon1]:448953 [NetMuon2]:479669 [NetMuon3]:479669 [NetMuon4]:479669
[Run]:23513 [Site]:2 [Bin]:2602 [FullTime]:3600 [SkipTime]:0 [Veto1]:608.53 [Veto2]:408.647 [Veto3]:408.647 [Veto4]:408.647 [SgUp1]:58878 [SgUp2]:0 [SgUp3]:0 [SgUp4]:0 [SgLow1]:58784 [SgLow2]:0 [SgLow3]:0 [SgLow4]:0 [NetMuon1]:450517 [NetMuon2]:480810 [NetMuon3]:480810 [NetMuon4]:480810
[Run]:23513 [Site]:2 [Bin]:2603 [FullTime]:3600 [SkipTime]:0 [Veto1]:612.728 [Veto2]:408.205 [Veto3]:408.205 [Veto4]:408.205 [SgUp1]:58928 [SgUp2]:0 [SgUp3]:0 [SgUp4]:0 [SgLow1]:58848 [SgLow2]:0 [SgLow3]:0 [SgLow4]:0 [NetMuon1]:449485 [NetMuon2]:480117 [NetMuon3]:480117 [NetMuon4]:480117
[Run]:23513 [Site]:2 [Bin]:2604 [FullTime]:3600 [SkipTime]:0 [Veto1]:581.741 [Veto2]:408.693 [Veto3]:408.693 [Veto4]:408.693 [SgUp1]:59392 [SgUp2]:0 [SgUp3]:0 [SgUp4]:0 [SgLow1]:59296 [SgLow2]:0 [SgLow3]:0 [SgLow4]:0 [NetMuon1]:454514 [NetMuon2]:480704 [NetMuon3]:480704 [NetMuon4]:480704
[Run]:23513 [Site]:2 [Bin]:2605 [FullTime]:3600 [SkipTime]:0 [Veto1]:613.264 [Veto2]:407.374 [Veto3]:407.374 [Veto4]:407.374 [SgUp1]:58535 [SgUp2]:0 [SgUp3]:0 [SgUp4]:0 [SgLow1]:58458 [SgLow2]:0 [SgLow3]:0 [SgLow4]:0 [NetMuon1]:448195 [NetMuon2]:478980 [NetMuon3]:478980 [NetMuon4]:478980
[Run]:23513 [Site]:2 [Bin]:2606 [FullTime]:3600 [SkipTime]:0 [Veto1]:604.773 [Veto2]:407.645 [Veto3]:407.645 [Veto4]:407.645 [SgUp1]:59577 [SgUp2]:0 [SgUp3]:0 [SgUp4]:0 [SgLow1]:59485 [SgLow2]:0 [SgLow3]:0 [SgLow4]:0 [NetMuon1]:449930 [NetMuon2]:479317 [NetMuon3]:479317 [NetMuon4]:479317
[Run]:23513 [Site]:2 [Bin]:2607 [FullTime]:3600 [SkipTime]:0 [Veto1]:592.829 [Veto2]:407.847 [Veto3]:407.847 [Veto4]:407.847 [SgUp1]:59711 [SgUp2]:0 [SgUp3]:0 [SgUp4]:0 [SgLow1]:59628 [SgLow2]:0 [SgLow3]:0 [SgLow4]:0 [NetMuon1]:452044 [NetMuon2]:479828 [NetMuon3]:479828 [NetMuon4]:479828
[Run]:23513 [Site]:2 [Bin]:2608 [FullTime]:3600 [SkipTime]:0 [Veto1]:616.928 [Veto2]:407.605 [Veto3]:407.605 [Veto4]:407.605 [SgUp1]:58987 [SgUp2]:0 [SgUp3]:0 [SgUp4]:0 [SgLow1]:58883 [SgLow2]:0 [SgLow3]:0 [SgLow4]:0 [NetMuon1]:447916 [NetMuon2]:479576 [NetMuon3]:479576 [NetMuon4]:479576
[Run]:23513 [Site]:2 [Bin]:2609 [FullTime]:3600 [SkipTime]:0 [Veto1]:607.344 [Veto2]:408.348 [Veto3]:408.348 [Veto4]:408.348 [SgUp1]:58859 [SgUp2]:0 [SgUp3]:0 [SgUp4]:0 [SgLow1]:58756 [SgLow2]:0 [SgLow3]:0 [SgLow4]:0 [NetMuon1]:450289 [NetMuon2]:480168 [NetMuon3]:480168 [NetMuon4]:480168
[Run]:23513 [Site]:2 [Bin]:2610 [FullTime]:3600 [SkipTime]:0 [Veto1]:595.691 [Veto2]:408.646 [Veto3]:408.646 [Veto4]:408.646 [SgUp1]:59362 [SgUp2]:0 [SgUp3]:0 [SgUp4]:0 [SgLow1]:59260 [SgLow2]:0 [SgLow3]:0 [SgLow4]:0 [NetMuon1]:452236 [NetMuon2]:480567 [NetMuon3]:480567 [NetMuon4]:480567
[Run]:23513 [Site]:2 [Bin]:2611 [FullTime]:3600 [SkipTime]:0 [Veto1]:615.416 [Veto2]:408.676 [Veto3]:408.676 [Veto4]:408.676 [SgUp1]:58424 [SgUp2]:0 [SgUp3]:0 [SgUp4]:0 [SgLow1]:58325 [SgLow2]:0 [SgLow3]:0 [SgLow4]:0 [NetMuon1]:449029 [NetMuon2]:480502 [NetMuon3]:480502 [NetMuon4]:480502
[Run]:23513 [Site]:2 [Bin]:2612 [FullTime]:3600 [SkipTime]:0 [Veto1]:607.841 [Veto2]:407.783 [Veto3]:407.783 [Veto4]:407.783 [SgUp1]:58909 [SgUp2]:0 [SgUp3]:0 [SgUp4]:0 [SgLow1]:58837 [SgLow2]:0 [SgLow3]:0 [SgLow4]:0 [NetMuon1]:449736 [NetMuon2]:479703 [NetMuon3]:479703 [NetMuon4]:479703
[Run]:23513 [Site]:2 [Bin]:2613 [FullTime]:3600 [SkipTime]:0 [Veto1]:612.879 [Veto2]:407.1 [Veto3]:407.1 [Veto4]:407.1 [SgUp1]:58869 [SgUp2]:0 [SgUp3]:0 [SgUp4]:0 [SgLow1]:58766 [SgLow2]:0 [SgLow3]:0 [SgLow4]:0 [NetMuon1]:447737 [NetMuon2]:478784 [NetMuon3]:478784 [NetMuon4]:478784
[Run]:23513 [Site]:2 [Bin]:2614 [FullTime]:3600 [SkipTime]:0 [Veto1]:596.364 [Veto2]:407.868 [Veto3]:407.868 [Veto4]:407.868 [SgUp1]:58873 [SgUp2]:0 [SgUp3]:0 [SgUp4]:0 [SgLow1]:58751 [SgLow2]:0 [SgLow3]:0 [SgLow4]:0 [NetMuon1]:451387 [NetMuon2]:479576 [NetMuon3]:479576 [NetMuon4]:479576
[Run]:23513 [Site]:2 [Bin]:2615 [FullTime]:3600 [SkipTime]:0 [Veto1]:601.125 [Veto2]:407.727 [Veto3]:407.727 [Veto4]:407.727 [SgUp1]:59033 [SgUp2]:0 [SgUp3]:0 [SgUp4]:0 [SgLow1]:58922 [SgLow2]:0 [SgLow3]:0 [SgLow4]:0 [NetMuon1]:450157 [NetMuon2]:479255 [NetMuon3]:479255 [NetMuon4]:479255
[Run]:23513 [Site]:2 [Bin]:2616 [FullTime]:3600 [SkipTime]:0 [Veto1]:589.984 [Veto2]:408.044 [Veto3]:408.044 [Veto4]:408.044 [SgUp1]:59353 [SgUp2]:0 [SgUp3]:0 [SgUp4]:0 [SgLow1]:59241 [SgLow2]:0 [SgLow3]:0 [SgLow4]:0 [NetMuon1]:452290 [NetMuon2]:479708 [NetMuon3]:479708 [NetMuon4]:479708
[Run]:23513 [Site]:2 [Bin]:2617 [FullTime]:3600 [SkipTime]:0 [Veto1]:594.297 [Veto2]:407.817 [Veto3]:407.817 [Veto4]:407.817 [SgUp1]:58875 [SgUp2]:0 [SgUp3]:0 [SgUp4]:0 [SgLow1]:58787 [SgLow2]:0 [SgLow3]:0 [SgLow4]:0 [NetMuon1]:451535 [NetMuon2]:479712 [NetMuon3]:479712 [NetMuon4]:479712
[Run]:23513 [Site]:2 [Bin]:2618 [FullTime]:3600 [SkipTime]:0 [Veto1]:612.463 [Veto2]:407.786 [Veto3]:407.786 [Veto4]:407.786 [SgUp1]:58470 [SgUp2]:0 [SgUp3]:0 [SgUp4]:0 [SgLow1]:58381 [SgLow2]:0 [SgLow3]:0 [SgLow4]:0 [NetMuon1]:448780 [NetMuon2]:479492 [NetMuon3]:479492 [NetMuon4]:479492
[Run]:23513 [Site]:2 [Bin]:2619 [FullTime]:3600.01 [SkipTime]:0 [Veto1]:604.955 [Veto2]:407.721 [Veto3]:407.721 [Veto4]:407.721 [SgUp1]:58774 [SgUp2]:0 [SgUp3]:0 [SgUp4]:0 [SgLow1]:58666 [SgLow2]:0 [SgLow3]:0 [SgLow4]:0 [NetMuon1]:449968 [NetMuon2]:479534 [NetMuon3]:479534 [NetMuon4]:479534
[Run]:23513 [Site]:2 [Bin]:2620 [FullTime]:3600 [SkipTime]:0 [Veto1]:582.183 [Veto2]:409.182 [Veto3]:409.182 [Veto4]:409.182 [SgUp1]:59515 [SgUp2]:0 [SgUp3]:0 [SgUp4]:0 [SgLow1]:59394 [SgLow2]:0 [SgLow3]:0 [SgLow4]:0 [NetMuon1]:454780 [NetMuon2]:481056 [NetMuon3]:481056 [NetMuon4]:481056
[Run]:23513 [Site]:2 [Bin]:2621 [FullTime]:3600 [SkipTime]:0 [Veto1]:595.793 [Veto2]:408.476 [Veto3]:408.476 [Veto4]:408.476 [SgUp1]:59030 [SgUp2]:0 [SgUp3]:0 [SgUp4]:0 [SgLow1]:58929 [SgLow2]:0 [SgLow3]:0 [SgLow4]:0 [NetMuon1]:452221 [NetMuon2]:480461 [NetMuon3]:480461 [NetMuon4]:480461
[Run]:23513 [Site]:2 [Bin]:2622 [FullTime]:3600 [SkipTime]:0 [Veto1]:610.067 [Veto2]:408.675 [Veto3]:408.675 [Veto4]:408.675 [SgUp1]:58374 [SgUp2]:0 [SgUp3]:0 [SgUp4]:0 [SgLow1]:58281 [SgLow2]:0 [SgLow3]:0 [SgLow4]:0 [NetMuon1]:450158 [NetMuon2]:480395 [NetMuon3]:480395 [NetMuon4]:480395
[Run]:23513 [Site]:2 [Bin]:2623 [FullTime]:3600 [SkipTime]:0 [Veto1]:600.144 [Veto2]:407.717 [Veto3]:407.717 [Veto4]:407.717 [SgUp1]:58954 [SgUp2]:0 [SgUp3]:0 [SgUp4]:0 [SgLow1]:58841 [SgLow2]:0 [SgLow3]:0 [SgLow4]:0 [NetMuon1]:450286 [NetMuon2]:479408 [NetMuon3]:479408 [NetMuon4]:479408
[Run]:23513 [Site]:2 [Bin]:2624 [FullTime]:3600 [SkipTime]:0 [Veto1]:590.707 [Veto2]:407.729 [Veto3]:407.729 [Veto4]:407.729 [SgUp1]:59264 [SgUp2]:0 [SgUp3]:0 [SgUp4]:0 [SgLow1]:59171 [SgLow2]:0 [SgLow3]:0 [SgLow4]:0 [NetMuon1]:452041 [NetMuon2]:479605 [NetMuon3]:479605 [NetMuon4]:479605
[Run]:23513 [Site]:2 [Bin]:2625 [FullTime]:3600 [SkipTime]:0 [Veto1]:612.652 [Veto2]:409.762 [Veto3]:409.762 [Veto4]:409.762 [SgUp1]:58662 [SgUp2]:0 [SgUp3]:0 [SgUp4]:0 [SgLow1]:58568 [SgLow2]:0 [SgLow3]:0 [SgLow4]:0 [NetMuon1]:451515 [NetMuon2]:481994 [NetMuon3]:481994 [NetMuon4]:481994
[Run]:23513 [Site]:2 [Bin]:2626 [FullTime]:3600 [SkipTime]:0 [Veto1]:601.454 [Veto2]:409.893 [Veto3]:409.893 [Veto4]:409.893 [SgUp1]:59347 [SgUp2]:0 [SgUp3]:0 [SgUp4]:0 [SgLow1]:59238 [SgLow2]:0 [SgLow3]:0 [SgLow4]:0 [NetMuon1]:452793 [NetMuon2]:481873 [NetMuon3]:481873 [NetMuon4]:481873
[Run]:23513 [Site]:2 [Bin]:2627 [FullTime]:3600 [SkipTime]:0 [Veto1]:595.112 [Veto2]:408.227 [Veto3]:408.227 [Veto4]:408.227 [SgUp1]:59187 [SgUp2]:0 [SgUp3]:0 [SgUp4]:0 [SgLow1]:59070 [SgLow2]:0 [SgLow3]:0 [SgLow4]:0 [NetMuon1]:451949 [NetMuon2]:479941 [NetMuon3]:479941 [NetMuon4]:479941
[Run]:23513 [Site]:2 [Bin]:2628 [FullTime]:3600 [SkipTime]:0 [Veto1]:594.09 [Veto2]:408.301 [Veto3]:408.301 [Veto4]:408.301 [SgUp1]:58934 [SgUp2]:0 [SgUp3]:0 [SgUp4]:0 [SgLow1]:58865 [SgLow2]:0 [SgLow3]:0 [SgLow4]:0 [NetMuon1]:452162 [NetMuon2]:480083 [NetMuon3]:480083 [NetMuon4]:480083
[Run]:23513 [Site]:2 [Bin]:2629 [FullTime]:3600 [SkipTime]:0 [Veto1]:607.599 [Veto2]:409.209 [Veto3]:409.209 [Veto4]:409.209 [SgUp1]:59221 [SgUp2]:0 [SgUp3]:0 [SgUp4]:0 [SgLow1]:59149 [SgLow2]:0 [SgLow3]:0 [SgLow4]:0 [NetMuon1]:451424 [NetMuon2]:481310 [NetMuon3]:481310 [NetMuon4]:481310
[Run]:23513 [Site]:2 [Bin]:2630 [FullTime]:3600 [SkipTime]:0 [Veto1]:612.188 [Veto2]:408.281 [Veto3]:408.281 [Veto4]:408.281 [SgUp1]:59221 [SgUp2]:0 [SgUp3]:0 [SgUp4]:0 [SgLow1]:59143 [SgLow2]:0 [SgLow3]:0 [SgLow4]:0 [NetMuon1]:449793 [NetMuon2]:480352 [NetMuon3]:480352 [NetMuon4]:480352
[Run]:23513 [Site]:2 [Bin]:2631 [FullTime]:3600 [SkipTime]:0 [Veto1]:601.917 [Veto2]:407.644 [Veto3]:407.644 [Veto4]:407.644 [SgUp1]:59201 [SgUp2]:0 [SgUp3]:0 [SgUp4]:0 [SgLow1]:59105 [SgLow2]:0 [SgLow3]:0 [SgLow4]:0 [NetMuon1]:450386 [NetMuon2]:479562 [NetMuon3]:479562 [NetMuon4]:479562
[Run]:23513 [Site]:2 [Bin]:2632 [FullTime]:3600 [SkipTime]:0 [Veto1]:611.146 [Veto2]:408.033 [Veto3]:408.033 [Veto4]:408.033 [SgUp1]:59270 [SgUp2]:0 [SgUp3]:0 [SgUp4]:0 [SgLow1]:59190 [SgLow2]:0 [SgLow3]:0 [SgLow4]:0 [NetMuon1]:449397 [NetMuon2]:479799 [NetMuon3]:479799 [NetMuon4]:479799
[Run]:23513 [Site]:2 [Bin]:2633 [FullTime]:3600 [SkipTime]:0 [Veto1]:582.393 [Veto2]:407.759 [Veto3]:407.759 [Veto4]:407.759 [SgUp1]:59181 [SgUp2]:0 [SgUp3]:0 [SgUp4]:0 [SgLow1]:59045 [SgLow2]:0 [SgLow3]:0 [SgLow4]:0 [NetMuon1]:453341 [NetMuon2]:479561 [NetMuon3]:479561 [NetMuon4]:479561
[Run]:23513 [Site]:2 [Bin]:2634 [FullTime]:3600 [SkipTime]:0 [Veto1]:593.066 [Veto2]:409.049 [Veto3]:409.049 [Veto4]:409.049 [SgUp1]:59359 [SgUp2]:0 [SgUp3]:0 [SgUp4]:0 [SgLow1]:59280 [SgLow2]:0 [SgLow3]:0 [SgLow4]:0 [NetMuon1]:453496 [NetMuon2]:481053 [NetMuon3]:481053 [NetMuon4]:481053
[Run]:23513 [Site]:2 [Bin]:2635 [FullTime]:3600 [SkipTime]:0 [Veto1]:597.105 [Veto2]:408.085 [Veto3]:408.085 [Veto4]:408.085 [SgUp1]:59492 [SgUp2]:0 [SgUp3]:0 [SgUp4]:0 [SgLow1]:59391 [SgLow2]:0 [SgLow3]:0 [SgLow4]:0 [NetMuon1]:451740 [NetMuon2]:480071 [NetMuon3]:480071 [NetMuon4]:480071
[Run]:23513 [Site]:2 [Bin]:2636 [FullTime]:3600 [SkipTime]:0 [Veto1]:613.517 [Veto2]:408.744 [Veto3]:408.744 [Veto4]:408.744 [SgUp1]:58470 [SgUp2]:0 [SgUp3]:0 [SgUp4]:0 [SgLow1]:58362 [SgLow2]:0 [SgLow3]:0 [SgLow4]:0 [NetMuon1]:450125 [NetMuon2]:480886 [NetMuon3]:480886 [NetMuon4]:480886
[Run]:23513 [Site]:2 [Bin]:2637 [FullTime]:3600 [SkipTime]:0 [Veto1]:583.655 [Veto2]:408.691 [Veto3]:408.691 [Veto4]:408.691 [SgUp1]:58999 [SgUp2]:0 [SgUp3]:0 [SgUp4]:0 [SgLow1]:58898 [SgLow2]:0 [SgLow3]:0 [SgLow4]:0 [NetMuon1]:454097 [NetMuon2]:480661 [NetMuon3]:480661 [NetMuon4]:480661
[Run]:23513 [Site]:2 [Bin]:2638 [FullTime]:3600 [SkipTime]:0 [Veto1]:613.105 [Veto2]:408.082 [Veto3]:408.082 [Veto4]:408.082 [SgUp1]:58326 [SgUp2]:0 [SgUp3]:0 [SgUp4]:0 [SgLow1]:58224 [SgLow2]:0 [SgLow3]:0 [SgLow4]:0 [NetMuon1]:449409 [NetMuon2]:480112 [NetMuon3]:480112 [NetMuon4]:480112
[Run]:23513 [Site]:2 [Bin]:2639 [FullTime]:3600 [SkipTime]:0 [Veto1]:603.652 [Veto2]:409.039 [Veto3]:409.039 [Veto4]:409.039 [SgUp1]:58374 [SgUp2]:0 [SgUp3]:0 [SgUp4]:0 [SgLow1]:58284 [SgLow2]:0 [SgLow3]:0 [SgLow4]:0 [NetMuon1]:451642 [NetMuon2]:480955 [NetMuon3]:480955 [NetMuon4]:480955
End process Run: 23513 ... 
[Run]:23513 [Site]:2 [Bin]:2640 [FullTime]:3450.01 [SkipTime]:0 [Veto1]:567.495 [Veto2]:391.455 [Veto3]:391.455 [Veto4]:391.455
