StreamChain add 0x1a1f67f0
Start to process run: 23364 ... 
[Run]:23364 [Site]:2 [Bin]:2504 [FullTime]:369.753 [SkipTime]:0 [Veto1]:57.723 [Veto2]:42.0095 [Veto3]:42.0095 [Veto4]:42.0095 [SgUp1]:6128 [SgUp2]:0 [SgUp3]:0 [SgUp4]:0 [SgLow1]:6124 [SgLow2]:0 [SgLow3]:0 [SgLow4]:0 [NetMuon1]:46943 [NetMuon2]:49349 [NetMuon3]:49349 [NetMuon4]:49349
[Run]:23364 [Site]:2 [Bin]:2505 [FullTime]:3600 [SkipTime]:0 [Veto1]:601.726 [Veto2]:407.764 [Veto3]:407.764 [Veto4]:407.764 [SgUp1]:58958 [SgUp2]:0 [SgUp3]:0 [SgUp4]:0 [SgLow1]:58839 [SgLow2]:0 [SgLow3]:0 [SgLow4]:0 [NetMuon1]:449975 [NetMuon2]:479287 [NetMuon3]:479287 [NetMuon4]:479287
[Run]:23364 [Site]:2 [Bin]:2506 [FullTime]:3600 [SkipTime]:0 [Veto1]:599.614 [Veto2]:407.021 [Veto3]:407.021 [Veto4]:407.021 [SgUp1]:58606 [SgUp2]:0 [SgUp3]:0 [SgUp4]:0 [SgLow1]:58492 [SgLow2]:0 [SgLow3]:0 [SgLow4]:0 [NetMuon1]:449929 [NetMuon2]:478751 [NetMuon3]:478751 [NetMuon4]:478751
[Run]:23364 [Site]:2 [Bin]:2507 [FullTime]:3600 [SkipTime]:0 [Veto1]:620.459 [Veto2]:408.045 [Veto3]:408.045 [Veto4]:408.045 [SgUp1]:58782 [SgUp2]:0 [SgUp3]:0 [SgUp4]:0 [SgLow1]:58673 [SgLow2]:0 [SgLow3]:0 [SgLow4]:0 [NetMuon1]:447633 [NetMuon2]:479650 [NetMuon3]:479650 [NetMuon4]:479650
[Run]:23364 [Site]:2 [Bin]:2508 [FullTime]:3600 [SkipTime]:0 [Veto1]:586.702 [Veto2]:406.905 [Veto3]:406.905 [Veto4]:406.905 [SgUp1]:59324 [SgUp2]:0 [SgUp3]:0 [SgUp4]:0 [SgLow1]:59208 [SgLow2]:0 [SgLow3]:0 [SgLow4]:0 [NetMuon1]:451714 [NetMuon2]:478638 [NetMuon3]:478638 [NetMuon4]:478638
[Run]:23364 [Site]:2 [Bin]:2509 [FullTime]:3600.01 [SkipTime]:0 [Veto1]:604.471 [Veto2]:408.441 [Veto3]:408.441 [Veto4]:408.441 [SgUp1]:58934 [SgUp2]:0 [SgUp3]:0 [SgUp4]:0 [SgLow1]:58829 [SgLow2]:0 [SgLow3]:0 [SgLow4]:0 [NetMuon1]:450364 [NetMuon2]:480044 [NetMuon3]:480044 [NetMuon4]:480044
[Run]:23364 [Site]:2 [Bin]:2510 [FullTime]:3599.99 [SkipTime]:0 [Veto1]:586.862 [Veto2]:407.988 [Veto3]:407.988 [Veto4]:407.988 [SgUp1]:59812 [SgUp2]:0 [SgUp3]:0 [SgUp4]:0 [SgLow1]:59714 [SgLow2]:0 [SgLow3]:0 [SgLow4]:0 [NetMuon1]:452800 [NetMuon2]:479811 [NetMuon3]:479811 [NetMuon4]:479811
[Run]:23364 [Site]:2 [Bin]:2511 [FullTime]:3600 [SkipTime]:0 [Veto1]:595.763 [Veto2]:406.149 [Veto3]:406.149 [Veto4]:406.149 [SgUp1]:59644 [SgUp2]:0 [SgUp3]:0 [SgUp4]:0 [SgLow1]:59505 [SgLow2]:0 [SgLow3]:0 [SgLow4]:0 [NetMuon1]:449327 [NetMuon2]:477622 [NetMuon3]:477622 [NetMuon4]:477622
[Run]:23364 [Site]:2 [Bin]:2512 [FullTime]:3600 [SkipTime]:0 [Veto1]:607.64 [Veto2]:408.306 [Veto3]:408.306 [Veto4]:408.306 [SgUp1]:58823 [SgUp2]:0 [SgUp3]:0 [SgUp4]:0 [SgLow1]:58741 [SgLow2]:0 [SgLow3]:0 [SgLow4]:0 [NetMuon1]:450419 [NetMuon2]:480285 [NetMuon3]:480285 [NetMuon4]:480285
[Run]:23364 [Site]:2 [Bin]:2513 [FullTime]:3600 [SkipTime]:0 [Veto1]:600.693 [Veto2]:407.961 [Veto3]:407.961 [Veto4]:407.961 [SgUp1]:59208 [SgUp2]:0 [SgUp3]:0 [SgUp4]:0 [SgLow1]:59123 [SgLow2]:0 [SgLow3]:0 [SgLow4]:0 [NetMuon1]:450363 [NetMuon2]:479528 [NetMuon3]:479528 [NetMuon4]:479528
[Run]:23364 [Site]:2 [Bin]:2514 [FullTime]:3600 [SkipTime]:0 [Veto1]:595.108 [Veto2]:407.538 [Veto3]:407.538 [Veto4]:407.538 [SgUp1]:59188 [SgUp2]:0 [SgUp3]:0 [SgUp4]:0 [SgLow1]:59102 [SgLow2]:0 [SgLow3]:0 [SgLow4]:0 [NetMuon1]:451254 [NetMuon2]:479506 [NetMuon3]:479506 [NetMuon4]:479506
[Run]:23364 [Site]:2 [Bin]:2515 [FullTime]:3600 [SkipTime]:0 [Veto1]:573.36 [Veto2]:407.635 [Veto3]:407.635 [Veto4]:407.635 [SgUp1]:59440 [SgUp2]:0 [SgUp3]:0 [SgUp4]:0 [SgLow1]:59340 [SgLow2]:0 [SgLow3]:0 [SgLow4]:0 [NetMuon1]:454578 [NetMuon2]:479241 [NetMuon3]:479241 [NetMuon4]:479241
[Run]:23364 [Site]:2 [Bin]:2516 [FullTime]:3600 [SkipTime]:0 [Veto1]:618.048 [Veto2]:408.468 [Veto3]:408.468 [Veto4]:408.468 [SgUp1]:58396 [SgUp2]:0 [SgUp3]:0 [SgUp4]:0 [SgLow1]:58303 [SgLow2]:0 [SgLow3]:0 [SgLow4]:0 [NetMuon1]:448449 [NetMuon2]:480212 [NetMuon3]:480212 [NetMuon4]:480212
[Run]:23364 [Site]:2 [Bin]:2517 [FullTime]:3600 [SkipTime]:0 [Veto1]:597.402 [Veto2]:409.497 [Veto3]:409.497 [Veto4]:409.497 [SgUp1]:59552 [SgUp2]:0 [SgUp3]:0 [SgUp4]:0 [SgLow1]:59463 [SgLow2]:0 [SgLow3]:0 [SgLow4]:0 [NetMuon1]:453017 [NetMuon2]:481689 [NetMuon3]:481689 [NetMuon4]:481689
[Run]:23364 [Site]:2 [Bin]:2518 [FullTime]:3600 [SkipTime]:0 [Veto1]:580.527 [Veto2]:408.596 [Veto3]:408.596 [Veto4]:408.596 [SgUp1]:60124 [SgUp2]:0 [SgUp3]:0 [SgUp4]:0 [SgLow1]:60031 [SgLow2]:0 [SgLow3]:0 [SgLow4]:0 [NetMuon1]:454719 [NetMuon2]:480396 [NetMuon3]:480396 [NetMuon4]:480396
[Run]:23364 [Site]:2 [Bin]:2519 [FullTime]:3600 [SkipTime]:0 [Veto1]:610.757 [Veto2]:406.856 [Veto3]:406.856 [Veto4]:406.856 [SgUp1]:59612 [SgUp2]:0 [SgUp3]:0 [SgUp4]:0 [SgLow1]:59511 [SgLow2]:0 [SgLow3]:0 [SgLow4]:0 [NetMuon1]:448185 [NetMuon2]:478542 [NetMuon3]:478542 [NetMuon4]:478542
End process Run: 23364 ... 
[Run]:23364 [Site]:2 [Bin]:2520 [FullTime]:9.36421 [SkipTime]:0 [Veto1]:2.39143 [Veto2]:1.08332 [Veto3]:1.08332 [Veto4]:1.08332
