StreamChain add 0x87be7f0
Start to process run: 23133 ... 
[Run]:23133 [Site]:2 [Bin]:2305 [FullTime]:2921.76 [SkipTime]:0 [Veto1]:490.418 [Veto2]:332.662 [Veto3]:332.662 [Veto4]:332.662 [SgUp1]:48308 [SgUp2]:0 [SgUp3]:0 [SgUp4]:0 [SgLow1]:48219 [SgLow2]:0 [SgLow3]:0 [SgLow4]:0 [NetMuon1]:367031 [NetMuon2]:391088 [NetMuon3]:391088 [NetMuon4]:391088
[Run]:23133 [Site]:2 [Bin]:2306 [FullTime]:3600 [SkipTime]:0 [Veto1]:603.66 [Veto2]:409 [Veto3]:409 [Veto4]:409 [SgUp1]:59354 [SgUp2]:0 [SgUp3]:0 [SgUp4]:0 [SgLow1]:59231 [SgLow2]:0 [SgLow3]:0 [SgLow4]:0 [NetMuon1]:451396 [NetMuon2]:480751 [NetMuon3]:480751 [NetMuon4]:480751
[Run]:23133 [Site]:2 [Bin]:2307 [FullTime]:3600.01 [SkipTime]:0 [Veto1]:602.772 [Veto2]:408.723 [Veto3]:408.723 [Veto4]:408.723 [SgUp1]:59748 [SgUp2]:0 [SgUp3]:0 [SgUp4]:0 [SgLow1]:59647 [SgLow2]:0 [SgLow3]:0 [SgLow4]:0 [NetMuon1]:451204 [NetMuon2]:480729 [NetMuon3]:480729 [NetMuon4]:480729
[Run]:23133 [Site]:2 [Bin]:2308 [FullTime]:3599.99 [SkipTime]:0 [Veto1]:619.224 [Veto2]:409.29 [Veto3]:409.29 [Veto4]:409.29 [SgUp1]:59028 [SgUp2]:0 [SgUp3]:0 [SgUp4]:0 [SgLow1]:58905 [SgLow2]:0 [SgLow3]:0 [SgLow4]:0 [NetMuon1]:449347 [NetMuon2]:481221 [NetMuon3]:481221 [NetMuon4]:481221
[Run]:23133 [Site]:2 [Bin]:2309 [FullTime]:3600 [SkipTime]:0 [Veto1]:587.041 [Veto2]:408.657 [Veto3]:408.657 [Veto4]:408.657 [SgUp1]:59585 [SgUp2]:0 [SgUp3]:0 [SgUp4]:0 [SgLow1]:59493 [SgLow2]:0 [SgLow3]:0 [SgLow4]:0 [NetMuon1]:453977 [NetMuon2]:480617 [NetMuon3]:480617 [NetMuon4]:480617
[Run]:23133 [Site]:2 [Bin]:2310 [FullTime]:2598.71 [SkipTime]:1001.3 [Veto1]:435.248 [Veto2]:295.982 [Veto3]:295.982 [Veto4]:295.982 [SgUp1]:42902 [SgUp2]:0 [SgUp3]:0 [SgUp4]:0 [SgLow1]:42822 [SgLow2]:0 [SgLow3]:0 [SgLow4]:0 [NetMuon1]:326880 [NetMuon2]:347835 [NetMuon3]:347835 [NetMuon4]:347835
[Run]:23133 [Site]:2 [Bin]:2311 [FullTime]:3600 [SkipTime]:0 [Veto1]:582.69 [Veto2]:409.326 [Veto3]:409.326 [Veto4]:409.326 [SgUp1]:59681 [SgUp2]:0 [SgUp3]:0 [SgUp4]:0 [SgLow1]:59563 [SgLow2]:0 [SgLow3]:0 [SgLow4]:0 [NetMuon1]:454975 [NetMuon2]:481340 [NetMuon3]:481340 [NetMuon4]:481340
[Run]:23133 [Site]:2 [Bin]:2312 [FullTime]:3600 [SkipTime]:0 [Veto1]:597.877 [Veto2]:408.506 [Veto3]:408.506 [Veto4]:408.506 [SgUp1]:58585 [SgUp2]:0 [SgUp3]:0 [SgUp4]:0 [SgLow1]:58507 [SgLow2]:0 [SgLow3]:0 [SgLow4]:0 [NetMuon1]:451690 [NetMuon2]:480381 [NetMuon3]:480381 [NetMuon4]:480381
[Run]:23133 [Site]:2 [Bin]:2313 [FullTime]:3600 [SkipTime]:0 [Veto1]:569.899 [Veto2]:409.573 [Veto3]:409.573 [Veto4]:409.573 [SgUp1]:60081 [SgUp2]:0 [SgUp3]:0 [SgUp4]:0 [SgLow1]:59974 [SgLow2]:0 [SgLow3]:0 [SgLow4]:0 [NetMuon1]:457210 [NetMuon2]:481526 [NetMuon3]:481526 [NetMuon4]:481526
[Run]:23133 [Site]:2 [Bin]:2314 [FullTime]:3600 [SkipTime]:0 [Veto1]:589.739 [Veto2]:408.088 [Veto3]:408.088 [Veto4]:408.088 [SgUp1]:59529 [SgUp2]:0 [SgUp3]:0 [SgUp4]:0 [SgLow1]:59431 [SgLow2]:0 [SgLow3]:0 [SgLow4]:0 [NetMuon1]:452262 [NetMuon2]:479674 [NetMuon3]:479674 [NetMuon4]:479674
[Run]:23133 [Site]:2 [Bin]:2315 [FullTime]:3600 [SkipTime]:0 [Veto1]:597.914 [Veto2]:407.685 [Veto3]:407.685 [Veto4]:407.685 [SgUp1]:59108 [SgUp2]:0 [SgUp3]:0 [SgUp4]:0 [SgLow1]:58995 [SgLow2]:0 [SgLow3]:0 [SgLow4]:0 [NetMuon1]:450550 [NetMuon2]:479242 [NetMuon3]:479242 [NetMuon4]:479242
[Run]:23133 [Site]:2 [Bin]:2316 [FullTime]:3600 [SkipTime]:0 [Veto1]:590.449 [Veto2]:408.632 [Veto3]:408.632 [Veto4]:408.632 [SgUp1]:58975 [SgUp2]:0 [SgUp3]:0 [SgUp4]:0 [SgLow1]:58849 [SgLow2]:0 [SgLow3]:0 [SgLow4]:0 [NetMuon1]:452866 [NetMuon2]:480211 [NetMuon3]:480211 [NetMuon4]:480211
[Run]:23133 [Site]:2 [Bin]:2317 [FullTime]:3600 [SkipTime]:0 [Veto1]:602.158 [Veto2]:407.829 [Veto3]:407.829 [Veto4]:407.829 [SgUp1]:58998 [SgUp2]:0 [SgUp3]:0 [SgUp4]:0 [SgLow1]:58896 [SgLow2]:0 [SgLow3]:0 [SgLow4]:0 [NetMuon1]:450458 [NetMuon2]:479682 [NetMuon3]:479682 [NetMuon4]:479682
[Run]:23133 [Site]:2 [Bin]:2318 [FullTime]:3600 [SkipTime]:0 [Veto1]:584.42 [Veto2]:408.122 [Veto3]:408.122 [Veto4]:408.122 [SgUp1]:59501 [SgUp2]:0 [SgUp3]:0 [SgUp4]:0 [SgLow1]:59421 [SgLow2]:0 [SgLow3]:0 [SgLow4]:0 [NetMuon1]:453448 [NetMuon2]:479906 [NetMuon3]:479906 [NetMuon4]:479906
[Run]:23133 [Site]:2 [Bin]:2319 [FullTime]:3600 [SkipTime]:0 [Veto1]:601.675 [Veto2]:409.12 [Veto3]:409.12 [Veto4]:409.12 [SgUp1]:59441 [SgUp2]:0 [SgUp3]:0 [SgUp4]:0 [SgLow1]:59344 [SgLow2]:0 [SgLow3]:0 [SgLow4]:0 [NetMuon1]:451662 [NetMuon2]:480947 [NetMuon3]:480947 [NetMuon4]:480947
[Run]:23133 [Site]:2 [Bin]:2320 [FullTime]:3600 [SkipTime]:0 [Veto1]:601.421 [Veto2]:408.738 [Veto3]:408.738 [Veto4]:408.738 [SgUp1]:59238 [SgUp2]:0 [SgUp3]:0 [SgUp4]:0 [SgLow1]:59136 [SgLow2]:0 [SgLow3]:0 [SgLow4]:0 [NetMuon1]:451245 [NetMuon2]:480440 [NetMuon3]:480440 [NetMuon4]:480440
[Run]:23133 [Site]:2 [Bin]:2321 [FullTime]:3600 [SkipTime]:0 [Veto1]:592.258 [Veto2]:407.871 [Veto3]:407.871 [Veto4]:407.871 [SgUp1]:59192 [SgUp2]:0 [SgUp3]:0 [SgUp4]:0 [SgLow1]:59080 [SgLow2]:0 [SgLow3]:0 [SgLow4]:0 [NetMuon1]:451377 [NetMuon2]:479714 [NetMuon3]:479714 [NetMuon4]:479714
[Run]:23133 [Site]:2 [Bin]:2322 [FullTime]:3600 [SkipTime]:0 [Veto1]:611.283 [Veto2]:409.68 [Veto3]:409.68 [Veto4]:409.68 [SgUp1]:58782 [SgUp2]:0 [SgUp3]:0 [SgUp4]:0 [SgLow1]:58691 [SgLow2]:0 [SgLow3]:0 [SgLow4]:0 [NetMuon1]:451402 [NetMuon2]:481752 [NetMuon3]:481752 [NetMuon4]:481752
[Run]:23133 [Site]:2 [Bin]:2323 [FullTime]:3600 [SkipTime]:0 [Veto1]:592.45 [Veto2]:409.161 [Veto3]:409.161 [Veto4]:409.161 [SgUp1]:59094 [SgUp2]:0 [SgUp3]:0 [SgUp4]:0 [SgLow1]:58989 [SgLow2]:0 [SgLow3]:0 [SgLow4]:0 [NetMuon1]:453234 [NetMuon2]:481049 [NetMuon3]:481049 [NetMuon4]:481049
[Run]:23133 [Site]:2 [Bin]:2324 [FullTime]:3600 [SkipTime]:0 [Veto1]:578.42 [Veto2]:408.209 [Veto3]:408.209 [Veto4]:408.209 [SgUp1]:59255 [SgUp2]:0 [SgUp3]:0 [SgUp4]:0 [SgLow1]:59163 [SgLow2]:0 [SgLow3]:0 [SgLow4]:0 [NetMuon1]:454447 [NetMuon2]:479812 [NetMuon3]:479812 [NetMuon4]:479812
[Run]:23133 [Site]:2 [Bin]:2325 [FullTime]:3600 [SkipTime]:0 [Veto1]:597.401 [Veto2]:408.87 [Veto3]:408.87 [Veto4]:408.87 [SgUp1]:59401 [SgUp2]:0 [SgUp3]:0 [SgUp4]:0 [SgLow1]:59294 [SgLow2]:0 [SgLow3]:0 [SgLow4]:0 [NetMuon1]:452144 [NetMuon2]:480584 [NetMuon3]:480584 [NetMuon4]:480584
[Run]:23133 [Site]:2 [Bin]:2326 [FullTime]:3599.99 [SkipTime]:0 [Veto1]:604.736 [Veto2]:408.077 [Veto3]:408.077 [Veto4]:408.077 [SgUp1]:58887 [SgUp2]:0 [SgUp3]:0 [SgUp4]:0 [SgLow1]:58791 [SgLow2]:0 [SgLow3]:0 [SgLow4]:0 [NetMuon1]:449990 [NetMuon2]:479757 [NetMuon3]:479757 [NetMuon4]:479757
[Run]:23133 [Site]:2 [Bin]:2327 [FullTime]:3600 [SkipTime]:0 [Veto1]:588.571 [Veto2]:409.496 [Veto3]:409.496 [Veto4]:409.496 [SgUp1]:59022 [SgUp2]:0 [SgUp3]:0 [SgUp4]:0 [SgLow1]:58907 [SgLow2]:0 [SgLow3]:0 [SgLow4]:0 [NetMuon1]:454303 [NetMuon2]:481491 [NetMuon3]:481491 [NetMuon4]:481491
End process Run: 23133 ... 
[Run]:23133 [Site]:2 [Bin]:2328 [FullTime]:3404.03 [SkipTime]:0 [Veto1]:566.095 [Veto2]:387.763 [Veto3]:387.763 [Veto4]:387.763
