StreamChain add 0x140907f0
Start to process run: 23124 ... 
[Run]:23124 [Site]:2 [Bin]:2257 [FullTime]:2824.41 [SkipTime]:0 [Veto1]:464.979 [Veto2]:321.094 [Veto3]:321.094 [Veto4]:321.094 [SgUp1]:46535 [SgUp2]:0 [SgUp3]:0 [SgUp4]:0 [SgLow1]:46429 [SgLow2]:0 [SgLow3]:0 [SgLow4]:0 [NetMuon1]:355835 [NetMuon2]:377388 [NetMuon3]:377388 [NetMuon4]:377388
[Run]:23124 [Site]:2 [Bin]:2258 [FullTime]:3600 [SkipTime]:0 [Veto1]:598.638 [Veto2]:409.341 [Veto3]:409.341 [Veto4]:409.341 [SgUp1]:59046 [SgUp2]:0 [SgUp3]:0 [SgUp4]:0 [SgLow1]:58955 [SgLow2]:0 [SgLow3]:0 [SgLow4]:0 [NetMuon1]:452884 [NetMuon2]:481307 [NetMuon3]:481307 [NetMuon4]:481307
[Run]:23124 [Site]:2 [Bin]:2259 [FullTime]:3600 [SkipTime]:0 [Veto1]:589.196 [Veto2]:409.487 [Veto3]:409.487 [Veto4]:409.487 [SgUp1]:59052 [SgUp2]:0 [SgUp3]:0 [SgUp4]:0 [SgLow1]:58951 [SgLow2]:0 [SgLow3]:0 [SgLow4]:0 [NetMuon1]:454454 [NetMuon2]:481527 [NetMuon3]:481527 [NetMuon4]:481527
[Run]:23124 [Site]:2 [Bin]:2260 [FullTime]:3600 [SkipTime]:0 [Veto1]:596.054 [Veto2]:408.412 [Veto3]:408.412 [Veto4]:408.412 [SgUp1]:59302 [SgUp2]:0 [SgUp3]:0 [SgUp4]:0 [SgLow1]:59188 [SgLow2]:0 [SgLow3]:0 [SgLow4]:0 [NetMuon1]:452170 [NetMuon2]:480394 [NetMuon3]:480394 [NetMuon4]:480394
[Run]:23124 [Site]:2 [Bin]:2261 [FullTime]:3600 [SkipTime]:0 [Veto1]:598.101 [Veto2]:410.026 [Veto3]:410.026 [Veto4]:410.026 [SgUp1]:58835 [SgUp2]:0 [SgUp3]:0 [SgUp4]:0 [SgLow1]:58717 [SgLow2]:0 [SgLow3]:0 [SgLow4]:0 [NetMuon1]:453879 [NetMuon2]:482195 [NetMuon3]:482195 [NetMuon4]:482195
[Run]:23124 [Site]:2 [Bin]:2262 [FullTime]:3600 [SkipTime]:0 [Veto1]:604.875 [Veto2]:409.028 [Veto3]:409.028 [Veto4]:409.028 [SgUp1]:58817 [SgUp2]:0 [SgUp3]:0 [SgUp4]:0 [SgLow1]:58728 [SgLow2]:0 [SgLow3]:0 [SgLow4]:0 [NetMuon1]:451203 [NetMuon2]:480886 [NetMuon3]:480886 [NetMuon4]:480886
[Run]:23124 [Site]:2 [Bin]:2263 [FullTime]:3600 [SkipTime]:0 [Veto1]:578.888 [Veto2]:408.287 [Veto3]:408.287 [Veto4]:408.287 [SgUp1]:59029 [SgUp2]:0 [SgUp3]:0 [SgUp4]:0 [SgLow1]:58929 [SgLow2]:0 [SgLow3]:0 [SgLow4]:0 [NetMuon1]:454379 [NetMuon2]:479975 [NetMuon3]:479975 [NetMuon4]:479975
[Run]:23124 [Site]:2 [Bin]:2264 [FullTime]:3600 [SkipTime]:0 [Veto1]:589.456 [Veto2]:409.038 [Veto3]:409.038 [Veto4]:409.038 [SgUp1]:59070 [SgUp2]:0 [SgUp3]:0 [SgUp4]:0 [SgLow1]:58970 [SgLow2]:0 [SgLow3]:0 [SgLow4]:0 [NetMuon1]:453637 [NetMuon2]:480883 [NetMuon3]:480883 [NetMuon4]:480883
[Run]:23124 [Site]:2 [Bin]:2265 [FullTime]:3600 [SkipTime]:0 [Veto1]:606.992 [Veto2]:408.95 [Veto3]:408.95 [Veto4]:408.95 [SgUp1]:58669 [SgUp2]:0 [SgUp3]:0 [SgUp4]:0 [SgLow1]:58543 [SgLow2]:0 [SgLow3]:0 [SgLow4]:0 [NetMuon1]:450981 [NetMuon2]:480722 [NetMuon3]:480722 [NetMuon4]:480722
[Run]:23124 [Site]:2 [Bin]:2266 [FullTime]:3600 [SkipTime]:0 [Veto1]:596.945 [Veto2]:408.318 [Veto3]:408.318 [Veto4]:408.318 [SgUp1]:58981 [SgUp2]:0 [SgUp3]:0 [SgUp4]:0 [SgLow1]:58865 [SgLow2]:0 [SgLow3]:0 [SgLow4]:0 [NetMuon1]:451230 [NetMuon2]:479900 [NetMuon3]:479900 [NetMuon4]:479900
[Run]:23124 [Site]:2 [Bin]:2267 [FullTime]:3600 [SkipTime]:0 [Veto1]:595.732 [Veto2]:408.641 [Veto3]:408.641 [Veto4]:408.641 [SgUp1]:58957 [SgUp2]:0 [SgUp3]:0 [SgUp4]:0 [SgLow1]:58866 [SgLow2]:0 [SgLow3]:0 [SgLow4]:0 [NetMuon1]:452063 [NetMuon2]:480388 [NetMuon3]:480388 [NetMuon4]:480388
[Run]:23124 [Site]:2 [Bin]:2268 [FullTime]:3600 [SkipTime]:0 [Veto1]:588.352 [Veto2]:408.983 [Veto3]:408.983 [Veto4]:408.983 [SgUp1]:59102 [SgUp2]:0 [SgUp3]:0 [SgUp4]:0 [SgLow1]:59007 [SgLow2]:0 [SgLow3]:0 [SgLow4]:0 [NetMuon1]:454100 [NetMuon2]:481125 [NetMuon3]:481125 [NetMuon4]:481125
[Run]:23124 [Site]:2 [Bin]:2269 [FullTime]:3600 [SkipTime]:0 [Veto1]:599.795 [Veto2]:408.513 [Veto3]:408.513 [Veto4]:408.513 [SgUp1]:58866 [SgUp2]:0 [SgUp3]:0 [SgUp4]:0 [SgLow1]:58725 [SgLow2]:0 [SgLow3]:0 [SgLow4]:0 [NetMuon1]:451536 [NetMuon2]:480328 [NetMuon3]:480328 [NetMuon4]:480328
[Run]:23124 [Site]:2 [Bin]:2270 [FullTime]:3600 [SkipTime]:0 [Veto1]:602.035 [Veto2]:408.532 [Veto3]:408.532 [Veto4]:408.532 [SgUp1]:58592 [SgUp2]:0 [SgUp3]:0 [SgUp4]:0 [SgLow1]:58488 [SgLow2]:0 [SgLow3]:0 [SgLow4]:0 [NetMuon1]:450964 [NetMuon2]:480269 [NetMuon3]:480269 [NetMuon4]:480269
[Run]:23124 [Site]:2 [Bin]:2271 [FullTime]:3600 [SkipTime]:0 [Veto1]:601.222 [Veto2]:408.564 [Veto3]:408.564 [Veto4]:408.564 [SgUp1]:59333 [SgUp2]:0 [SgUp3]:0 [SgUp4]:0 [SgLow1]:59237 [SgLow2]:0 [SgLow3]:0 [SgLow4]:0 [NetMuon1]:451951 [NetMuon2]:480534 [NetMuon3]:480534 [NetMuon4]:480534
[Run]:23124 [Site]:2 [Bin]:2272 [FullTime]:3600 [SkipTime]:0 [Veto1]:593.443 [Veto2]:408.444 [Veto3]:408.444 [Veto4]:408.444 [SgUp1]:59266 [SgUp2]:0 [SgUp3]:0 [SgUp4]:0 [SgLow1]:59164 [SgLow2]:0 [SgLow3]:0 [SgLow4]:0 [NetMuon1]:452506 [NetMuon2]:480244 [NetMuon3]:480244 [NetMuon4]:480244
[Run]:23124 [Site]:2 [Bin]:2273 [FullTime]:3600 [SkipTime]:0 [Veto1]:594.611 [Veto2]:409.539 [Veto3]:409.539 [Veto4]:409.539 [SgUp1]:58649 [SgUp2]:0 [SgUp3]:0 [SgUp4]:0 [SgLow1]:58553 [SgLow2]:0 [SgLow3]:0 [SgLow4]:0 [NetMuon1]:453221 [NetMuon2]:481361 [NetMuon3]:481361 [NetMuon4]:481361
[Run]:23124 [Site]:2 [Bin]:2274 [FullTime]:3600 [SkipTime]:0 [Veto1]:573.855 [Veto2]:409.626 [Veto3]:409.626 [Veto4]:409.626 [SgUp1]:59601 [SgUp2]:0 [SgUp3]:0 [SgUp4]:0 [SgLow1]:59522 [SgLow2]:0 [SgLow3]:0 [SgLow4]:0 [NetMuon1]:457051 [NetMuon2]:481780 [NetMuon3]:481780 [NetMuon4]:481780
[Run]:23124 [Site]:2 [Bin]:2275 [FullTime]:3600 [SkipTime]:0 [Veto1]:592.336 [Veto2]:409.424 [Veto3]:409.424 [Veto4]:409.424 [SgUp1]:59225 [SgUp2]:0 [SgUp3]:0 [SgUp4]:0 [SgLow1]:59111 [SgLow2]:0 [SgLow3]:0 [SgLow4]:0 [NetMuon1]:453642 [NetMuon2]:481230 [NetMuon3]:481230 [NetMuon4]:481230
[Run]:23124 [Site]:2 [Bin]:2276 [FullTime]:3600 [SkipTime]:0 [Veto1]:589.321 [Veto2]:409.202 [Veto3]:409.202 [Veto4]:409.202 [SgUp1]:59312 [SgUp2]:0 [SgUp3]:0 [SgUp4]:0 [SgLow1]:59195 [SgLow2]:0 [SgLow3]:0 [SgLow4]:0 [NetMuon1]:454220 [NetMuon2]:481421 [NetMuon3]:481421 [NetMuon4]:481421
[Run]:23124 [Site]:2 [Bin]:2277 [FullTime]:3600 [SkipTime]:0 [Veto1]:598.462 [Veto2]:410.286 [Veto3]:410.286 [Veto4]:410.286 [SgUp1]:59258 [SgUp2]:0 [SgUp3]:0 [SgUp4]:0 [SgLow1]:59178 [SgLow2]:0 [SgLow3]:0 [SgLow4]:0 [NetMuon1]:453948 [NetMuon2]:482169 [NetMuon3]:482169 [NetMuon4]:482169
[Run]:23124 [Site]:2 [Bin]:2278 [FullTime]:3600 [SkipTime]:0 [Veto1]:601.502 [Veto2]:408.906 [Veto3]:408.906 [Veto4]:408.906 [SgUp1]:58760 [SgUp2]:0 [SgUp3]:0 [SgUp4]:0 [SgLow1]:58661 [SgLow2]:0 [SgLow3]:0 [SgLow4]:0 [NetMuon1]:451726 [NetMuon2]:480825 [NetMuon3]:480825 [NetMuon4]:480825
[Run]:23124 [Site]:2 [Bin]:2279 [FullTime]:3600 [SkipTime]:0 [Veto1]:591.546 [Veto2]:410.149 [Veto3]:410.149 [Veto4]:410.149 [SgUp1]:58901 [SgUp2]:0 [SgUp3]:0 [SgUp4]:0 [SgLow1]:58797 [SgLow2]:0 [SgLow3]:0 [SgLow4]:0 [NetMuon1]:454790 [NetMuon2]:482137 [NetMuon3]:482137 [NetMuon4]:482137
[Run]:23124 [Site]:2 [Bin]:2280 [FullTime]:3600 [SkipTime]:0 [Veto1]:612.107 [Veto2]:409.903 [Veto3]:409.903 [Veto4]:409.903 [SgUp1]:59007 [SgUp2]:0 [SgUp3]:0 [SgUp4]:0 [SgLow1]:58887 [SgLow2]:0 [SgLow3]:0 [SgLow4]:0 [NetMuon1]:451590 [NetMuon2]:481997 [NetMuon3]:481997 [NetMuon4]:481997
[Run]:23124 [Site]:2 [Bin]:2281 [FullTime]:3600 [SkipTime]:0 [Veto1]:579.615 [Veto2]:409.604 [Veto3]:409.604 [Veto4]:409.604 [SgUp1]:59558 [SgUp2]:0 [SgUp3]:0 [SgUp4]:0 [SgLow1]:59440 [SgLow2]:0 [SgLow3]:0 [SgLow4]:0 [NetMuon1]:456179 [NetMuon2]:481587 [NetMuon3]:481587 [NetMuon4]:481587
[Run]:23124 [Site]:2 [Bin]:2282 [FullTime]:3600 [SkipTime]:0 [Veto1]:591.732 [Veto2]:409.634 [Veto3]:409.634 [Veto4]:409.634 [SgUp1]:59412 [SgUp2]:0 [SgUp3]:0 [SgUp4]:0 [SgLow1]:59319 [SgLow2]:0 [SgLow3]:0 [SgLow4]:0 [NetMuon1]:454155 [NetMuon2]:481710 [NetMuon3]:481710 [NetMuon4]:481710
[Run]:23124 [Site]:2 [Bin]:2283 [FullTime]:3600 [SkipTime]:0 [Veto1]:600.577 [Veto2]:409.142 [Veto3]:409.142 [Veto4]:409.142 [SgUp1]:58699 [SgUp2]:0 [SgUp3]:0 [SgUp4]:0 [SgLow1]:58593 [SgLow2]:0 [SgLow3]:0 [SgLow4]:0 [NetMuon1]:452398 [NetMuon2]:481087 [NetMuon3]:481087 [NetMuon4]:481087
[Run]:23124 [Site]:2 [Bin]:2284 [FullTime]:3600 [SkipTime]:0 [Veto1]:598.768 [Veto2]:409.66 [Veto3]:409.66 [Veto4]:409.66 [SgUp1]:59001 [SgUp2]:0 [SgUp3]:0 [SgUp4]:0 [SgLow1]:58913 [SgLow2]:0 [SgLow3]:0 [SgLow4]:0 [NetMuon1]:452968 [NetMuon2]:481486 [NetMuon3]:481486 [NetMuon4]:481486
[Run]:23124 [Site]:2 [Bin]:2285 [FullTime]:3600 [SkipTime]:0 [Veto1]:613.316 [Veto2]:410.516 [Veto3]:410.516 [Veto4]:410.516 [SgUp1]:58316 [SgUp2]:0 [SgUp3]:0 [SgUp4]:0 [SgLow1]:58256 [SgLow2]:0 [SgLow3]:0 [SgLow4]:0 [NetMuon1]:451868 [NetMuon2]:482578 [NetMuon3]:482578 [NetMuon4]:482578
[Run]:23124 [Site]:2 [Bin]:2286 [FullTime]:3600 [SkipTime]:0 [Veto1]:606.796 [Veto2]:409.19 [Veto3]:409.19 [Veto4]:409.19 [SgUp1]:58582 [SgUp2]:0 [SgUp3]:0 [SgUp4]:0 [SgLow1]:58473 [SgLow2]:0 [SgLow3]:0 [SgLow4]:0 [NetMuon1]:450990 [NetMuon2]:481246 [NetMuon3]:481246 [NetMuon4]:481246
[Run]:23124 [Site]:2 [Bin]:2287 [FullTime]:3600 [SkipTime]:0 [Veto1]:595.306 [Veto2]:409.982 [Veto3]:409.982 [Veto4]:409.982 [SgUp1]:58875 [SgUp2]:0 [SgUp3]:0 [SgUp4]:0 [SgLow1]:58782 [SgLow2]:0 [SgLow3]:0 [SgLow4]:0 [NetMuon1]:453873 [NetMuon2]:481917 [NetMuon3]:481917 [NetMuon4]:481917
[Run]:23124 [Site]:2 [Bin]:2288 [FullTime]:3599.99 [SkipTime]:0 [Veto1]:589.475 [Veto2]:409.8 [Veto3]:409.8 [Veto4]:409.8 [SgUp1]:58628 [SgUp2]:0 [SgUp3]:0 [SgUp4]:0 [SgLow1]:58531 [SgLow2]:0 [SgLow3]:0 [SgLow4]:0 [NetMuon1]:454583 [NetMuon2]:481637 [NetMuon3]:481637 [NetMuon4]:481637
[Run]:23124 [Site]:2 [Bin]:2289 [FullTime]:3600 [SkipTime]:0 [Veto1]:612.19 [Veto2]:409.014 [Veto3]:409.014 [Veto4]:409.014 [SgUp1]:58553 [SgUp2]:0 [SgUp3]:0 [SgUp4]:0 [SgLow1]:58461 [SgLow2]:0 [SgLow3]:0 [SgLow4]:0 [NetMuon1]:450521 [NetMuon2]:480743 [NetMuon3]:480743 [NetMuon4]:480743
[Run]:23124 [Site]:2 [Bin]:2290 [FullTime]:3600 [SkipTime]:0 [Veto1]:603.668 [Veto2]:408.607 [Veto3]:408.607 [Veto4]:408.607 [SgUp1]:58763 [SgUp2]:0 [SgUp3]:0 [SgUp4]:0 [SgLow1]:58690 [SgLow2]:0 [SgLow3]:0 [SgLow4]:0 [NetMuon1]:451028 [NetMuon2]:480429 [NetMuon3]:480429 [NetMuon4]:480429
[Run]:23124 [Site]:2 [Bin]:2291 [FullTime]:3600 [SkipTime]:0 [Veto1]:597.008 [Veto2]:409.018 [Veto3]:409.018 [Veto4]:409.018 [SgUp1]:59581 [SgUp2]:0 [SgUp3]:0 [SgUp4]:0 [SgLow1]:59456 [SgLow2]:0 [SgLow3]:0 [SgLow4]:0 [NetMuon1]:452629 [NetMuon2]:480888 [NetMuon3]:480888 [NetMuon4]:480888
[Run]:23124 [Site]:2 [Bin]:2292 [FullTime]:3600 [SkipTime]:0 [Veto1]:590.026 [Veto2]:408.433 [Veto3]:408.433 [Veto4]:408.433 [SgUp1]:58980 [SgUp2]:0 [SgUp3]:0 [SgUp4]:0 [SgLow1]:58865 [SgLow2]:0 [SgLow3]:0 [SgLow4]:0 [NetMuon1]:452537 [NetMuon2]:480244 [NetMuon3]:480244 [NetMuon4]:480244
[Run]:23124 [Site]:2 [Bin]:2293 [FullTime]:3600 [SkipTime]:0 [Veto1]:598.173 [Veto2]:407.704 [Veto3]:407.704 [Veto4]:407.704 [SgUp1]:59368 [SgUp2]:0 [SgUp3]:0 [SgUp4]:0 [SgLow1]:59277 [SgLow2]:0 [SgLow3]:0 [SgLow4]:0 [NetMuon1]:450744 [NetMuon2]:479332 [NetMuon3]:479332 [NetMuon4]:479332
[Run]:23124 [Site]:2 [Bin]:2294 [FullTime]:3600 [SkipTime]:0 [Veto1]:605.626 [Veto2]:409.268 [Veto3]:409.268 [Veto4]:409.268 [SgUp1]:59180 [SgUp2]:0 [SgUp3]:0 [SgUp4]:0 [SgLow1]:59066 [SgLow2]:0 [SgLow3]:0 [SgLow4]:0 [NetMuon1]:451365 [NetMuon2]:481097 [NetMuon3]:481097 [NetMuon4]:481097
[Run]:23124 [Site]:2 [Bin]:2295 [FullTime]:3600 [SkipTime]:0 [Veto1]:588.66 [Veto2]:408.559 [Veto3]:408.559 [Veto4]:408.559 [SgUp1]:59540 [SgUp2]:0 [SgUp3]:0 [SgUp4]:0 [SgLow1]:59413 [SgLow2]:0 [SgLow3]:0 [SgLow4]:0 [NetMuon1]:453625 [NetMuon2]:480563 [NetMuon3]:480563 [NetMuon4]:480563
[Run]:23124 [Site]:2 [Bin]:2296 [FullTime]:3600 [SkipTime]:0 [Veto1]:603.685 [Veto2]:408.338 [Veto3]:408.338 [Veto4]:408.338 [SgUp1]:59004 [SgUp2]:0 [SgUp3]:0 [SgUp4]:0 [SgLow1]:58897 [SgLow2]:0 [SgLow3]:0 [SgLow4]:0 [NetMuon1]:450665 [NetMuon2]:480213 [NetMuon3]:480213 [NetMuon4]:480213
[Run]:23124 [Site]:2 [Bin]:2297 [FullTime]:3600 [SkipTime]:0 [Veto1]:576.34 [Veto2]:408.792 [Veto3]:408.792 [Veto4]:408.792 [SgUp1]:59851 [SgUp2]:0 [SgUp3]:0 [SgUp4]:0 [SgLow1]:59723 [SgLow2]:0 [SgLow3]:0 [SgLow4]:0 [NetMuon1]:455389 [NetMuon2]:480710 [NetMuon3]:480710 [NetMuon4]:480710
[Run]:23124 [Site]:2 [Bin]:2298 [FullTime]:3600 [SkipTime]:0 [Veto1]:597.388 [Veto2]:410.055 [Veto3]:410.055 [Veto4]:410.055 [SgUp1]:58938 [SgUp2]:0 [SgUp3]:0 [SgUp4]:0 [SgLow1]:58813 [SgLow2]:0 [SgLow3]:0 [SgLow4]:0 [NetMuon1]:454029 [NetMuon2]:482083 [NetMuon3]:482083 [NetMuon4]:482083
[Run]:23124 [Site]:2 [Bin]:2299 [FullTime]:3600 [SkipTime]:0 [Veto1]:589.922 [Veto2]:409.184 [Veto3]:409.184 [Veto4]:409.184 [SgUp1]:59099 [SgUp2]:0 [SgUp3]:0 [SgUp4]:0 [SgLow1]:59014 [SgLow2]:0 [SgLow3]:0 [SgLow4]:0 [NetMuon1]:453890 [NetMuon2]:481116 [NetMuon3]:481116 [NetMuon4]:481116
[Run]:23124 [Site]:2 [Bin]:2300 [FullTime]:3600 [SkipTime]:0 [Veto1]:597.553 [Veto2]:408.968 [Veto3]:408.968 [Veto4]:408.968 [SgUp1]:58653 [SgUp2]:0 [SgUp3]:0 [SgUp4]:0 [SgLow1]:58563 [SgLow2]:0 [SgLow3]:0 [SgLow4]:0 [NetMuon1]:452309 [NetMuon2]:480670 [NetMuon3]:480670 [NetMuon4]:480670
[Run]:23124 [Site]:2 [Bin]:2301 [FullTime]:3600 [SkipTime]:0 [Veto1]:596.776 [Veto2]:408.576 [Veto3]:408.576 [Veto4]:408.576 [SgUp1]:59262 [SgUp2]:0 [SgUp3]:0 [SgUp4]:0 [SgLow1]:59142 [SgLow2]:0 [SgLow3]:0 [SgLow4]:0 [NetMuon1]:452260 [NetMuon2]:480500 [NetMuon3]:480500 [NetMuon4]:480500
[Run]:23124 [Site]:2 [Bin]:2302 [FullTime]:3600 [SkipTime]:0 [Veto1]:584.949 [Veto2]:409.707 [Veto3]:409.707 [Veto4]:409.707 [SgUp1]:59150 [SgUp2]:0 [SgUp3]:0 [SgUp4]:0 [SgLow1]:59035 [SgLow2]:0 [SgLow3]:0 [SgLow4]:0 [NetMuon1]:455099 [NetMuon2]:481796 [NetMuon3]:481796 [NetMuon4]:481796
[Run]:23124 [Site]:2 [Bin]:2303 [FullTime]:3600 [SkipTime]:0 [Veto1]:616.956 [Veto2]:409.632 [Veto3]:409.632 [Veto4]:409.632 [SgUp1]:58943 [SgUp2]:0 [SgUp3]:0 [SgUp4]:0 [SgLow1]:58852 [SgLow2]:0 [SgLow3]:0 [SgLow4]:0 [NetMuon1]:450390 [NetMuon2]:481642 [NetMuon3]:481642 [NetMuon4]:481642
[Run]:23124 [Site]:2 [Bin]:2304 [FullTime]:3599.99 [SkipTime]:0 [Veto1]:609.559 [Veto2]:409.413 [Veto3]:409.413 [Veto4]:409.413 [SgUp1]:58566 [SgUp2]:0 [SgUp3]:0 [SgUp4]:0 [SgLow1]:58459 [SgLow2]:0 [SgLow3]:0 [SgLow4]:0 [NetMuon1]:451181 [NetMuon2]:481418 [NetMuon3]:481418 [NetMuon4]:481418
End process Run: 23124 ... 
[Run]:23124 [Site]:2 [Bin]:2305 [FullTime]:396.534 [SkipTime]:0 [Veto1]:68.0804 [Veto2]:44.8527 [Veto3]:44.8527 [Veto4]:44.8527
