StreamChain add 0x333c7f0
Start to process run: 24992 ... 
[Run]:24992 [Site]:2 [Bin]:3709 [FullTime]:995.409 [SkipTime]:0 [Veto1]:161.03 [Veto2]:113.322 [Veto3]:113.322 [Veto4]:113.322 [SgUp1]:16280 [SgUp2]:0 [SgUp3]:0 [SgUp4]:0 [SgLow1]:16259 [SgLow2]:0 [SgLow3]:0 [SgLow4]:0 [NetMuon1]:126088 [NetMuon2]:133217 [NetMuon3]:133217 [NetMuon4]:133217
[Run]:24992 [Site]:2 [Bin]:3712 [FullTime]:2777.75 [SkipTime]:0 [Veto1]:468.759 [Veto2]:316.171 [Veto3]:316.171 [Veto4]:316.171 [SgUp1]:45295 [SgUp2]:0 [SgUp3]:0 [SgUp4]:0 [SgLow1]:45209 [SgLow2]:0 [SgLow3]:0 [SgLow4]:0 [NetMuon1]:348430 [NetMuon2]:371525 [NetMuon3]:371525 [NetMuon4]:371525
[Run]:24992 [Site]:2 [Bin]:3713 [FullTime]:3600 [SkipTime]:0 [Veto1]:584.404 [Veto2]:409.444 [Veto3]:409.444 [Veto4]:409.444 [SgUp1]:59338 [SgUp2]:0 [SgUp3]:0 [SgUp4]:0 [SgLow1]:59247 [SgLow2]:0 [SgLow3]:0 [SgLow4]:0 [NetMuon1]:455030 [NetMuon2]:481414 [NetMuon3]:481414 [NetMuon4]:481414
[Run]:24992 [Site]:2 [Bin]:3716 [FullTime]:2736.51 [SkipTime]:0 [Veto1]:474.277 [Veto2]:311.886 [Veto3]:311.886 [Veto4]:311.886 [SgUp1]:44757 [SgUp2]:0 [SgUp3]:0 [SgUp4]:0 [SgLow1]:44691 [SgLow2]:0 [SgLow3]:0 [SgLow4]:0 [NetMuon1]:342278 [NetMuon2]:366646 [NetMuon3]:366646 [NetMuon4]:366646
[Run]:24992 [Site]:2 [Bin]:3717 [FullTime]:2558.03 [SkipTime]:1041.97 [Veto1]:427.238 [Veto2]:291.671 [Veto3]:291.671 [Veto4]:291.671 [SgUp1]:41516 [SgUp2]:0 [SgUp3]:0 [SgUp4]:0 [SgLow1]:41448 [SgLow2]:0 [SgLow3]:0 [SgLow4]:0 [NetMuon1]:322161 [NetMuon2]:342736 [NetMuon3]:342736 [NetMuon4]:342736
[Run]:24992 [Site]:2 [Bin]:3718 [FullTime]:2568.66 [SkipTime]:1031.34 [Veto1]:445.991 [Veto2]:291.52 [Veto3]:291.52 [Veto4]:291.52 [SgUp1]:41566 [SgUp2]:0 [SgUp3]:0 [SgUp4]:0 [SgLow1]:41511 [SgLow2]:0 [SgLow3]:0 [SgLow4]:0 [NetMuon1]:319334 [NetMuon2]:342764 [NetMuon3]:342764 [NetMuon4]:342764
[Run]:24992 [Site]:2 [Bin]:3719 [FullTime]:3600 [SkipTime]:0 [Veto1]:609.006 [Veto2]:410.573 [Veto3]:410.573 [Veto4]:410.573 [SgUp1]:58676 [SgUp2]:0 [SgUp3]:0 [SgUp4]:0 [SgLow1]:58588 [SgLow2]:0 [SgLow3]:0 [SgLow4]:0 [NetMuon1]:452317 [NetMuon2]:482607 [NetMuon3]:482607 [NetMuon4]:482607
[Run]:24992 [Site]:2 [Bin]:3720 [FullTime]:3600 [SkipTime]:0 [Veto1]:589.137 [Veto2]:410.391 [Veto3]:410.391 [Veto4]:410.391 [SgUp1]:59072 [SgUp2]:0 [SgUp3]:0 [SgUp4]:0 [SgLow1]:58988 [SgLow2]:0 [SgLow3]:0 [SgLow4]:0 [NetMuon1]:455255 [NetMuon2]:482204 [NetMuon3]:482204 [NetMuon4]:482204
[Run]:24992 [Site]:2 [Bin]:3721 [FullTime]:2586.74 [SkipTime]:1013.26 [Veto1]:432.13 [Veto2]:294.758 [Veto3]:294.758 [Veto4]:294.758 [SgUp1]:42154 [SgUp2]:0 [SgUp3]:0 [SgUp4]:0 [SgLow1]:42097 [SgLow2]:0 [SgLow3]:0 [SgLow4]:0 [NetMuon1]:325841 [NetMuon2]:346443 [NetMuon3]:346443 [NetMuon4]:346443
[Run]:24992 [Site]:2 [Bin]:3722 [FullTime]:3600 [SkipTime]:0 [Veto1]:580.257 [Veto2]:409.702 [Veto3]:409.702 [Veto4]:409.702 [SgUp1]:58828 [SgUp2]:0 [SgUp3]:0 [SgUp4]:0 [SgLow1]:58746 [SgLow2]:0 [SgLow3]:0 [SgLow4]:0 [NetMuon1]:456063 [NetMuon2]:481752 [NetMuon3]:481752 [NetMuon4]:481752
[Run]:24992 [Site]:2 [Bin]:3723 [FullTime]:3600 [SkipTime]:0 [Veto1]:575.993 [Veto2]:408.94 [Veto3]:408.94 [Veto4]:408.94 [SgUp1]:59278 [SgUp2]:0 [SgUp3]:0 [SgUp4]:0 [SgLow1]:59176 [SgLow2]:0 [SgLow3]:0 [SgLow4]:0 [NetMuon1]:455574 [NetMuon2]:480867 [NetMuon3]:480867 [NetMuon4]:480867
[Run]:24992 [Site]:2 [Bin]:3724 [FullTime]:3600 [SkipTime]:0 [Veto1]:580.576 [Veto2]:409.398 [Veto3]:409.398 [Veto4]:409.398 [SgUp1]:59175 [SgUp2]:0 [SgUp3]:0 [SgUp4]:0 [SgLow1]:59102 [SgLow2]:0 [SgLow3]:0 [SgLow4]:0 [NetMuon1]:455081 [NetMuon2]:481068 [NetMuon3]:481068 [NetMuon4]:481068
[Run]:24992 [Site]:2 [Bin]:3725 [FullTime]:762.845 [SkipTime]:2837.15 [Veto1]:124.823 [Veto2]:86.6407 [Veto3]:86.6407 [Veto4]:86.6407 [SgUp1]:12420 [SgUp2]:0 [SgUp3]:0 [SgUp4]:0 [SgLow1]:12418 [SgLow2]:0 [SgLow3]:0 [SgLow4]:0 [NetMuon1]:96314 [NetMuon2]:101910 [NetMuon3]:101910 [NetMuon4]:101910
[Run]:24992 [Site]:2 [Bin]:3726 [FullTime]:2550.92 [SkipTime]:1049.08 [Veto1]:422.209 [Veto2]:290.348 [Veto3]:290.348 [Veto4]:290.348 [SgUp1]:41539 [SgUp2]:0 [SgUp3]:0 [SgUp4]:0 [SgLow1]:41476 [SgLow2]:0 [SgLow3]:0 [SgLow4]:0 [NetMuon1]:321263 [NetMuon2]:341409 [NetMuon3]:341409 [NetMuon4]:341409
[Run]:24992 [Site]:2 [Bin]:3728 [FullTime]:963.198 [SkipTime]:0 [Veto1]:156.268 [Veto2]:109.047 [Veto3]:109.047 [Veto4]:109.047 [SgUp1]:15706 [SgUp2]:0 [SgUp3]:0 [SgUp4]:0 [SgLow1]:15686 [SgLow2]:0 [SgLow3]:0 [SgLow4]:0 [NetMuon1]:121210 [NetMuon2]:128323 [NetMuon3]:128323 [NetMuon4]:128323
[Run]:24992 [Site]:2 [Bin]:3729 [FullTime]:3599.99 [SkipTime]:0 [Veto1]:609.822 [Veto2]:408.973 [Veto3]:408.973 [Veto4]:408.973 [SgUp1]:58620 [SgUp2]:0 [SgUp3]:0 [SgUp4]:0 [SgLow1]:58542 [SgLow2]:0 [SgLow3]:0 [SgLow4]:0 [NetMuon1]:450501 [NetMuon2]:480791 [NetMuon3]:480791 [NetMuon4]:480791
[Run]:24992 [Site]:2 [Bin]:3730 [FullTime]:3600 [SkipTime]:0 [Veto1]:589.717 [Veto2]:409.347 [Veto3]:409.347 [Veto4]:409.347 [SgUp1]:58863 [SgUp2]:0 [SgUp3]:0 [SgUp4]:0 [SgLow1]:58783 [SgLow2]:0 [SgLow3]:0 [SgLow4]:0 [NetMuon1]:454253 [NetMuon2]:481399 [NetMuon3]:481399 [NetMuon4]:481399
[Run]:24992 [Site]:2 [Bin]:3731 [FullTime]:2554.84 [SkipTime]:1045.16 [Veto1]:412.099 [Veto2]:290.46 [Veto3]:290.46 [Veto4]:290.46 [SgUp1]:41812 [SgUp2]:0 [SgUp3]:0 [SgUp4]:0 [SgLow1]:41743 [SgLow2]:0 [SgLow3]:0 [SgLow4]:0 [NetMuon1]:323240 [NetMuon2]:341511 [NetMuon3]:341511 [NetMuon4]:341511
[Run]:24992 [Site]:2 [Bin]:3733 [FullTime]:3309.21 [SkipTime]:0 [Veto1]:568.994 [Veto2]:376.338 [Veto3]:376.338 [Veto4]:376.338 [SgUp1]:53952 [SgUp2]:0 [SgUp3]:0 [SgUp4]:0 [SgLow1]:53872 [SgLow2]:0 [SgLow3]:0 [SgLow4]:0 [NetMuon1]:413507 [NetMuon2]:442565 [NetMuon3]:442565 [NetMuon4]:442565
[Run]:24992 [Site]:2 [Bin]:3734 [FullTime]:3600 [SkipTime]:0 [Veto1]:596.639 [Veto2]:409.162 [Veto3]:409.162 [Veto4]:409.162 [SgUp1]:59072 [SgUp2]:0 [SgUp3]:0 [SgUp4]:0 [SgLow1]:58983 [SgLow2]:0 [SgLow3]:0 [SgLow4]:0 [NetMuon1]:452623 [NetMuon2]:481026 [NetMuon3]:481026 [NetMuon4]:481026
[Run]:24992 [Site]:2 [Bin]:3737 [FullTime]:400.376 [SkipTime]:0 [Veto1]:66.7961 [Veto2]:45.3761 [Veto3]:45.3761 [Veto4]:45.3761 [SgUp1]:6506 [SgUp2]:0 [SgUp3]:0 [SgUp4]:0 [SgLow1]:6502 [SgLow2]:0 [SgLow3]:0 [SgLow4]:0 [NetMuon1]:50060 [NetMuon2]:53337 [NetMuon3]:53337 [NetMuon4]:53337
[Run]:24992 [Site]:2 [Bin]:3740 [FullTime]:2153.8 [SkipTime]:0 [Veto1]:370.223 [Veto2]:245.045 [Veto3]:245.045 [Veto4]:245.045 [SgUp1]:34833 [SgUp2]:0 [SgUp3]:0 [SgUp4]:0 [SgLow1]:34788 [SgLow2]:0 [SgLow3]:0 [SgLow4]:0 [NetMuon1]:269168 [NetMuon2]:288215 [NetMuon3]:288215 [NetMuon4]:288215
[Run]:24992 [Site]:2 [Bin]:3741 [FullTime]:3600 [SkipTime]:0 [Veto1]:604.685 [Veto2]:410.099 [Veto3]:410.099 [Veto4]:410.099 [SgUp1]:58829 [SgUp2]:0 [SgUp3]:0 [SgUp4]:0 [SgLow1]:58757 [SgLow2]:0 [SgLow3]:0 [SgLow4]:0 [NetMuon1]:452454 [NetMuon2]:482032 [NetMuon3]:482032 [NetMuon4]:482032
[Run]:24992 [Site]:2 [Bin]:3742 [FullTime]:3600.01 [SkipTime]:0 [Veto1]:590.851 [Veto2]:409.505 [Veto3]:409.505 [Veto4]:409.505 [SgUp1]:59538 [SgUp2]:0 [SgUp3]:0 [SgUp4]:0 [SgLow1]:59444 [SgLow2]:0 [SgLow3]:0 [SgLow4]:0 [NetMuon1]:454160 [NetMuon2]:481553 [NetMuon3]:481553 [NetMuon4]:481553
[Run]:24992 [Site]:2 [Bin]:3743 [FullTime]:3599.99 [SkipTime]:0 [Veto1]:606.367 [Veto2]:409.155 [Veto3]:409.155 [Veto4]:409.155 [SgUp1]:58615 [SgUp2]:0 [SgUp3]:0 [SgUp4]:0 [SgLow1]:58550 [SgLow2]:0 [SgLow3]:0 [SgLow4]:0 [NetMuon1]:451149 [NetMuon2]:480826 [NetMuon3]:480826 [NetMuon4]:480826
[Run]:24992 [Site]:2 [Bin]:3744 [FullTime]:3600 [SkipTime]:0 [Veto1]:611.446 [Veto2]:409.386 [Veto3]:409.386 [Veto4]:409.386 [SgUp1]:59042 [SgUp2]:0 [SgUp3]:0 [SgUp4]:0 [SgLow1]:58973 [SgLow2]:0 [SgLow3]:0 [SgLow4]:0 [NetMuon1]:450954 [NetMuon2]:481419 [NetMuon3]:481419 [NetMuon4]:481419
End process Run: 24992 ... 
 The size of breaks is above 4, which is beyond the number of columns of txt output. 
[Run]:24992 [Site]:2 [Bin]:3745 [FullTime]:3285.6 [SkipTime]:0 [Veto1]:558.669 [Veto2]:373.859 [Veto3]:373.859 [Veto4]:373.859
