StreamChain add 0xdd7b7f0
Start to process run: 24725 ... 
[Run]:24725 [Site]:2 [Bin]:3384 [FullTime]:2426.1 [SkipTime]:0 [Veto1]:408.591 [Veto2]:276.055 [Veto3]:276.055 [Veto4]:276.055 [SgUp1]:39475 [SgUp2]:0 [SgUp3]:0 [SgUp4]:0 [SgLow1]:39437 [SgLow2]:0 [SgLow3]:0 [SgLow4]:0 [NetMuon1]:304588 [NetMuon2]:324538 [NetMuon3]:324538 [NetMuon4]:324538
[Run]:24725 [Site]:2 [Bin]:3385 [FullTime]:3600 [SkipTime]:0 [Veto1]:599.793 [Veto2]:409.57 [Veto3]:409.57 [Veto4]:409.57 [SgUp1]:58268 [SgUp2]:0 [SgUp3]:0 [SgUp4]:0 [SgLow1]:58191 [SgLow2]:0 [SgLow3]:0 [SgLow4]:0 [NetMuon1]:453130 [NetMuon2]:481660 [NetMuon3]:481660 [NetMuon4]:481660
[Run]:24725 [Site]:2 [Bin]:3386 [FullTime]:3600 [SkipTime]:0 [Veto1]:605.488 [Veto2]:409.44 [Veto3]:409.44 [Veto4]:409.44 [SgUp1]:58502 [SgUp2]:0 [SgUp3]:0 [SgUp4]:0 [SgLow1]:58400 [SgLow2]:0 [SgLow3]:0 [SgLow4]:0 [NetMuon1]:451929 [NetMuon2]:481405 [NetMuon3]:481405 [NetMuon4]:481405
[Run]:24725 [Site]:2 [Bin]:3387 [FullTime]:3600 [SkipTime]:0 [Veto1]:601.472 [Veto2]:410.454 [Veto3]:410.454 [Veto4]:410.454 [SgUp1]:59074 [SgUp2]:0 [SgUp3]:0 [SgUp4]:0 [SgLow1]:58996 [SgLow2]:0 [SgLow3]:0 [SgLow4]:0 [NetMuon1]:453415 [NetMuon2]:482377 [NetMuon3]:482377 [NetMuon4]:482377
[Run]:24725 [Site]:2 [Bin]:3388 [FullTime]:3600 [SkipTime]:0 [Veto1]:605.095 [Veto2]:409.497 [Veto3]:409.497 [Veto4]:409.497 [SgUp1]:58797 [SgUp2]:0 [SgUp3]:0 [SgUp4]:0 [SgLow1]:58705 [SgLow2]:0 [SgLow3]:0 [SgLow4]:0 [NetMuon1]:451786 [NetMuon2]:481475 [NetMuon3]:481475 [NetMuon4]:481475
[Run]:24725 [Site]:2 [Bin]:3389 [FullTime]:3600 [SkipTime]:0 [Veto1]:579.618 [Veto2]:410.028 [Veto3]:410.028 [Veto4]:410.028 [SgUp1]:58836 [SgUp2]:0 [SgUp3]:0 [SgUp4]:0 [SgLow1]:58759 [SgLow2]:0 [SgLow3]:0 [SgLow4]:0 [NetMuon1]:456313 [NetMuon2]:482078 [NetMuon3]:482078 [NetMuon4]:482078
[Run]:24725 [Site]:2 [Bin]:3390 [FullTime]:3600 [SkipTime]:0 [Veto1]:621.336 [Veto2]:409.735 [Veto3]:409.735 [Veto4]:409.735 [SgUp1]:58265 [SgUp2]:0 [SgUp3]:0 [SgUp4]:0 [SgLow1]:58190 [SgLow2]:0 [SgLow3]:0 [SgLow4]:0 [NetMuon1]:449811 [NetMuon2]:481851 [NetMuon3]:481851 [NetMuon4]:481851
[Run]:24725 [Site]:2 [Bin]:3391 [FullTime]:3600 [SkipTime]:0 [Veto1]:594.702 [Veto2]:410.028 [Veto3]:410.028 [Veto4]:410.028 [SgUp1]:58602 [SgUp2]:0 [SgUp3]:0 [SgUp4]:0 [SgLow1]:58513 [SgLow2]:0 [SgLow3]:0 [SgLow4]:0 [NetMuon1]:454200 [NetMuon2]:482178 [NetMuon3]:482178 [NetMuon4]:482178
[Run]:24725 [Site]:2 [Bin]:3392 [FullTime]:3600 [SkipTime]:0 [Veto1]:598.511 [Veto2]:410.786 [Veto3]:410.786 [Veto4]:410.786 [SgUp1]:58679 [SgUp2]:0 [SgUp3]:0 [SgUp4]:0 [SgLow1]:58578 [SgLow2]:0 [SgLow3]:0 [SgLow4]:0 [NetMuon1]:454628 [NetMuon2]:482962 [NetMuon3]:482962 [NetMuon4]:482962
[Run]:24725 [Site]:2 [Bin]:3393 [FullTime]:3600 [SkipTime]:0 [Veto1]:609.12 [Veto2]:408.904 [Veto3]:408.904 [Veto4]:408.904 [SgUp1]:58991 [SgUp2]:0 [SgUp3]:0 [SgUp4]:0 [SgLow1]:58885 [SgLow2]:0 [SgLow3]:0 [SgLow4]:0 [NetMuon1]:450760 [NetMuon2]:480864 [NetMuon3]:480864 [NetMuon4]:480864
[Run]:24725 [Site]:2 [Bin]:3394 [FullTime]:3600.01 [SkipTime]:0 [Veto1]:593.301 [Veto2]:409.026 [Veto3]:409.026 [Veto4]:409.026 [SgUp1]:58976 [SgUp2]:0 [SgUp3]:0 [SgUp4]:0 [SgLow1]:58888 [SgLow2]:0 [SgLow3]:0 [SgLow4]:0 [NetMuon1]:453250 [NetMuon2]:481011 [NetMuon3]:481011 [NetMuon4]:481011
[Run]:24725 [Site]:2 [Bin]:3395 [FullTime]:3599.99 [SkipTime]:0 [Veto1]:631.692 [Veto2]:410.059 [Veto3]:410.059 [Veto4]:410.059 [SgUp1]:58267 [SgUp2]:0 [SgUp3]:0 [SgUp4]:0 [SgLow1]:58198 [SgLow2]:0 [SgLow3]:0 [SgLow4]:0 [NetMuon1]:448464 [NetMuon2]:482002 [NetMuon3]:482002 [NetMuon4]:482002
[Run]:24725 [Site]:2 [Bin]:3396 [FullTime]:3600 [SkipTime]:0 [Veto1]:601.503 [Veto2]:408.982 [Veto3]:408.982 [Veto4]:408.982 [SgUp1]:58737 [SgUp2]:0 [SgUp3]:0 [SgUp4]:0 [SgLow1]:58670 [SgLow2]:0 [SgLow3]:0 [SgLow4]:0 [NetMuon1]:451862 [NetMuon2]:480528 [NetMuon3]:480528 [NetMuon4]:480528
[Run]:24725 [Site]:2 [Bin]:3397 [FullTime]:3600 [SkipTime]:0 [Veto1]:602.652 [Veto2]:410.186 [Veto3]:410.186 [Veto4]:410.186 [SgUp1]:58585 [SgUp2]:0 [SgUp3]:0 [SgUp4]:0 [SgLow1]:58500 [SgLow2]:0 [SgLow3]:0 [SgLow4]:0 [NetMuon1]:452913 [NetMuon2]:482198 [NetMuon3]:482198 [NetMuon4]:482198
[Run]:24725 [Site]:2 [Bin]:3398 [FullTime]:3600 [SkipTime]:0 [Veto1]:588.41 [Veto2]:409.187 [Veto3]:409.187 [Veto4]:409.187 [SgUp1]:59239 [SgUp2]:0 [SgUp3]:0 [SgUp4]:0 [SgLow1]:59150 [SgLow2]:0 [SgLow3]:0 [SgLow4]:0 [NetMuon1]:454163 [NetMuon2]:481225 [NetMuon3]:481225 [NetMuon4]:481225
[Run]:24725 [Site]:2 [Bin]:3399 [FullTime]:3600 [SkipTime]:0 [Veto1]:588.058 [Veto2]:409.069 [Veto3]:409.069 [Veto4]:409.069 [SgUp1]:59332 [SgUp2]:0 [SgUp3]:0 [SgUp4]:0 [SgLow1]:59250 [SgLow2]:0 [SgLow3]:0 [SgLow4]:0 [NetMuon1]:454351 [NetMuon2]:481192 [NetMuon3]:481192 [NetMuon4]:481192
[Run]:24725 [Site]:2 [Bin]:3400 [FullTime]:3600 [SkipTime]:0 [Veto1]:590.914 [Veto2]:408.901 [Veto3]:408.901 [Veto4]:408.901 [SgUp1]:59527 [SgUp2]:0 [SgUp3]:0 [SgUp4]:0 [SgLow1]:59446 [SgLow2]:0 [SgLow3]:0 [SgLow4]:0 [NetMuon1]:453316 [NetMuon2]:480788 [NetMuon3]:480788 [NetMuon4]:480788
[Run]:24725 [Site]:2 [Bin]:3401 [FullTime]:3599.99 [SkipTime]:0 [Veto1]:585.308 [Veto2]:409.143 [Veto3]:409.143 [Veto4]:409.143 [SgUp1]:58826 [SgUp2]:0 [SgUp3]:0 [SgUp4]:0 [SgLow1]:58728 [SgLow2]:0 [SgLow3]:0 [SgLow4]:0 [NetMuon1]:454497 [NetMuon2]:481130 [NetMuon3]:481130 [NetMuon4]:481130
[Run]:24725 [Site]:2 [Bin]:3402 [FullTime]:3600 [SkipTime]:0 [Veto1]:611.464 [Veto2]:409.428 [Veto3]:409.428 [Veto4]:409.428 [SgUp1]:58562 [SgUp2]:0 [SgUp3]:0 [SgUp4]:0 [SgLow1]:58451 [SgLow2]:0 [SgLow3]:0 [SgLow4]:0 [NetMuon1]:451035 [NetMuon2]:481217 [NetMuon3]:481217 [NetMuon4]:481217
[Run]:24725 [Site]:2 [Bin]:3403 [FullTime]:3600 [SkipTime]:0 [Veto1]:584.354 [Veto2]:408.474 [Veto3]:408.474 [Veto4]:408.474 [SgUp1]:59667 [SgUp2]:0 [SgUp3]:0 [SgUp4]:0 [SgLow1]:59596 [SgLow2]:0 [SgLow3]:0 [SgLow4]:0 [NetMuon1]:453768 [NetMuon2]:480374 [NetMuon3]:480374 [NetMuon4]:480374
[Run]:24725 [Site]:2 [Bin]:3404 [FullTime]:3600.01 [SkipTime]:0 [Veto1]:593.402 [Veto2]:410.212 [Veto3]:410.212 [Veto4]:410.212 [SgUp1]:59220 [SgUp2]:0 [SgUp3]:0 [SgUp4]:0 [SgLow1]:59143 [SgLow2]:0 [SgLow3]:0 [SgLow4]:0 [NetMuon1]:454937 [NetMuon2]:482422 [NetMuon3]:482422 [NetMuon4]:482422
[Run]:24725 [Site]:2 [Bin]:3405 [FullTime]:3600 [SkipTime]:0 [Veto1]:592.087 [Veto2]:409.666 [Veto3]:409.666 [Veto4]:409.666 [SgUp1]:58936 [SgUp2]:0 [SgUp3]:0 [SgUp4]:0 [SgLow1]:58849 [SgLow2]:0 [SgLow3]:0 [SgLow4]:0 [NetMuon1]:454032 [NetMuon2]:481588 [NetMuon3]:481588 [NetMuon4]:481588
[Run]:24725 [Site]:2 [Bin]:3406 [FullTime]:3599.99 [SkipTime]:0 [Veto1]:611.823 [Veto2]:409.9 [Veto3]:409.9 [Veto4]:409.9 [SgUp1]:58575 [SgUp2]:0 [SgUp3]:0 [SgUp4]:0 [SgLow1]:58486 [SgLow2]:0 [SgLow3]:0 [SgLow4]:0 [NetMuon1]:451531 [NetMuon2]:482026 [NetMuon3]:482026 [NetMuon4]:482026
[Run]:24725 [Site]:2 [Bin]:3407 [FullTime]:3600 [SkipTime]:0 [Veto1]:591.191 [Veto2]:408.93 [Veto3]:408.93 [Veto4]:408.93 [SgUp1]:58657 [SgUp2]:0 [SgUp3]:0 [SgUp4]:0 [SgLow1]:58562 [SgLow2]:0 [SgLow3]:0 [SgLow4]:0 [NetMuon1]:453620 [NetMuon2]:481061 [NetMuon3]:481061 [NetMuon4]:481061
[Run]:24725 [Site]:2 [Bin]:3408 [FullTime]:3600 [SkipTime]:0 [Veto1]:589.266 [Veto2]:408.87 [Veto3]:408.87 [Veto4]:408.87 [SgUp1]:58941 [SgUp2]:0 [SgUp3]:0 [SgUp4]:0 [SgLow1]:58864 [SgLow2]:0 [SgLow3]:0 [SgLow4]:0 [NetMuon1]:453612 [NetMuon2]:480664 [NetMuon3]:480664 [NetMuon4]:480664
[Run]:24725 [Site]:2 [Bin]:3409 [FullTime]:3600.01 [SkipTime]:0 [Veto1]:607.215 [Veto2]:408.618 [Veto3]:408.618 [Veto4]:408.618 [SgUp1]:59042 [SgUp2]:0 [SgUp3]:0 [SgUp4]:0 [SgLow1]:58949 [SgLow2]:0 [SgLow3]:0 [SgLow4]:0 [NetMuon1]:450502 [NetMuon2]:480529 [NetMuon3]:480529 [NetMuon4]:480529
[Run]:24725 [Site]:2 [Bin]:3410 [FullTime]:3600 [SkipTime]:0 [Veto1]:602.69 [Veto2]:409.044 [Veto3]:409.044 [Veto4]:409.044 [SgUp1]:58625 [SgUp2]:0 [SgUp3]:0 [SgUp4]:0 [SgLow1]:58535 [SgLow2]:0 [SgLow3]:0 [SgLow4]:0 [NetMuon1]:451773 [NetMuon2]:480901 [NetMuon3]:480901 [NetMuon4]:480901
[Run]:24725 [Site]:2 [Bin]:3411 [FullTime]:3600 [SkipTime]:0 [Veto1]:597.687 [Veto2]:410.644 [Veto3]:410.644 [Veto4]:410.644 [SgUp1]:58922 [SgUp2]:0 [SgUp3]:0 [SgUp4]:0 [SgLow1]:58828 [SgLow2]:0 [SgLow3]:0 [SgLow4]:0 [NetMuon1]:454679 [NetMuon2]:482885 [NetMuon3]:482885 [NetMuon4]:482885
[Run]:24725 [Site]:2 [Bin]:3412 [FullTime]:3600 [SkipTime]:0 [Veto1]:591.866 [Veto2]:409.267 [Veto3]:409.267 [Veto4]:409.267 [SgUp1]:58979 [SgUp2]:0 [SgUp3]:0 [SgUp4]:0 [SgLow1]:58897 [SgLow2]:0 [SgLow3]:0 [SgLow4]:0 [NetMuon1]:453800 [NetMuon2]:481261 [NetMuon3]:481261 [NetMuon4]:481261
[Run]:24725 [Site]:2 [Bin]:3413 [FullTime]:3600 [SkipTime]:0 [Veto1]:590.751 [Veto2]:409.863 [Veto3]:409.863 [Veto4]:409.863 [SgUp1]:59169 [SgUp2]:0 [SgUp3]:0 [SgUp4]:0 [SgLow1]:59085 [SgLow2]:0 [SgLow3]:0 [SgLow4]:0 [NetMuon1]:454742 [NetMuon2]:481895 [NetMuon3]:481895 [NetMuon4]:481895
[Run]:24725 [Site]:2 [Bin]:3414 [FullTime]:3600 [SkipTime]:0 [Veto1]:611.24 [Veto2]:409.964 [Veto3]:409.964 [Veto4]:409.964 [SgUp1]:58706 [SgUp2]:0 [SgUp3]:0 [SgUp4]:0 [SgLow1]:58626 [SgLow2]:0 [SgLow3]:0 [SgLow4]:0 [NetMuon1]:451574 [NetMuon2]:481913 [NetMuon3]:481913 [NetMuon4]:481913
[Run]:24725 [Site]:2 [Bin]:3415 [FullTime]:3600 [SkipTime]:0 [Veto1]:617.043 [Veto2]:409.556 [Veto3]:409.556 [Veto4]:409.556 [SgUp1]:58444 [SgUp2]:0 [SgUp3]:0 [SgUp4]:0 [SgLow1]:58370 [SgLow2]:0 [SgLow3]:0 [SgLow4]:0 [NetMuon1]:450478 [NetMuon2]:481486 [NetMuon3]:481486 [NetMuon4]:481486
[Run]:24725 [Site]:2 [Bin]:3416 [FullTime]:3600 [SkipTime]:0 [Veto1]:605.337 [Veto2]:409.242 [Veto3]:409.242 [Veto4]:409.242 [SgUp1]:58913 [SgUp2]:0 [SgUp3]:0 [SgUp4]:0 [SgLow1]:58836 [SgLow2]:0 [SgLow3]:0 [SgLow4]:0 [NetMuon1]:451440 [NetMuon2]:481259 [NetMuon3]:481259 [NetMuon4]:481259
[Run]:24725 [Site]:2 [Bin]:3417 [FullTime]:3600 [SkipTime]:0 [Veto1]:601 [Veto2]:408.907 [Veto3]:408.907 [Veto4]:408.907 [SgUp1]:58978 [SgUp2]:0 [SgUp3]:0 [SgUp4]:0 [SgLow1]:58910 [SgLow2]:0 [SgLow3]:0 [SgLow4]:0 [NetMuon1]:451778 [NetMuon2]:480746 [NetMuon3]:480746 [NetMuon4]:480746
[Run]:24725 [Site]:2 [Bin]:3418 [FullTime]:3600 [SkipTime]:0 [Veto1]:602.476 [Veto2]:409.513 [Veto3]:409.513 [Veto4]:409.513 [SgUp1]:58648 [SgUp2]:0 [SgUp3]:0 [SgUp4]:0 [SgLow1]:58563 [SgLow2]:0 [SgLow3]:0 [SgLow4]:0 [NetMuon1]:452032 [NetMuon2]:481364 [NetMuon3]:481364 [NetMuon4]:481364
[Run]:24725 [Site]:2 [Bin]:3419 [FullTime]:3600 [SkipTime]:0 [Veto1]:600.745 [Veto2]:410.331 [Veto3]:410.331 [Veto4]:410.331 [SgUp1]:58946 [SgUp2]:0 [SgUp3]:0 [SgUp4]:0 [SgLow1]:58859 [SgLow2]:0 [SgLow3]:0 [SgLow4]:0 [NetMuon1]:453613 [NetMuon2]:482417 [NetMuon3]:482417 [NetMuon4]:482417
[Run]:24725 [Site]:2 [Bin]:3420 [FullTime]:3600 [SkipTime]:0 [Veto1]:573.433 [Veto2]:410.246 [Veto3]:410.246 [Veto4]:410.246 [SgUp1]:59508 [SgUp2]:0 [SgUp3]:0 [SgUp4]:0 [SgLow1]:59400 [SgLow2]:0 [SgLow3]:0 [SgLow4]:0 [NetMuon1]:457510 [NetMuon2]:482445 [NetMuon3]:482445 [NetMuon4]:482445
[Run]:24725 [Site]:2 [Bin]:3421 [FullTime]:3600 [SkipTime]:0 [Veto1]:581.094 [Veto2]:409.013 [Veto3]:409.013 [Veto4]:409.013 [SgUp1]:59048 [SgUp2]:0 [SgUp3]:0 [SgUp4]:0 [SgLow1]:58970 [SgLow2]:0 [SgLow3]:0 [SgLow4]:0 [NetMuon1]:455137 [NetMuon2]:481074 [NetMuon3]:481074 [NetMuon4]:481074
[Run]:24725 [Site]:2 [Bin]:3422 [FullTime]:3600 [SkipTime]:0 [Veto1]:596.85 [Veto2]:409.499 [Veto3]:409.499 [Veto4]:409.499 [SgUp1]:58617 [SgUp2]:0 [SgUp3]:0 [SgUp4]:0 [SgLow1]:58535 [SgLow2]:0 [SgLow3]:0 [SgLow4]:0 [NetMuon1]:452935 [NetMuon2]:481555 [NetMuon3]:481555 [NetMuon4]:481555
[Run]:24725 [Site]:2 [Bin]:3423 [FullTime]:3600 [SkipTime]:0 [Veto1]:606.701 [Veto2]:408.896 [Veto3]:408.896 [Veto4]:408.896 [SgUp1]:58677 [SgUp2]:0 [SgUp3]:0 [SgUp4]:0 [SgLow1]:58596 [SgLow2]:0 [SgLow3]:0 [SgLow4]:0 [NetMuon1]:451097 [NetMuon2]:481023 [NetMuon3]:481023 [NetMuon4]:481023
[Run]:24725 [Site]:2 [Bin]:3424 [FullTime]:3600 [SkipTime]:0 [Veto1]:592.394 [Veto2]:409.176 [Veto3]:409.176 [Veto4]:409.176 [SgUp1]:59306 [SgUp2]:0 [SgUp3]:0 [SgUp4]:0 [SgLow1]:59220 [SgLow2]:0 [SgLow3]:0 [SgLow4]:0 [NetMuon1]:453503 [NetMuon2]:481021 [NetMuon3]:481021 [NetMuon4]:481021
[Run]:24725 [Site]:2 [Bin]:3425 [FullTime]:3600 [SkipTime]:0 [Veto1]:601.679 [Veto2]:409.538 [Veto3]:409.538 [Veto4]:409.538 [SgUp1]:58926 [SgUp2]:0 [SgUp3]:0 [SgUp4]:0 [SgLow1]:58847 [SgLow2]:0 [SgLow3]:0 [SgLow4]:0 [NetMuon1]:453110 [NetMuon2]:481793 [NetMuon3]:481793 [NetMuon4]:481793
[Run]:24725 [Site]:2 [Bin]:3426 [FullTime]:3600 [SkipTime]:0 [Veto1]:599.084 [Veto2]:408.712 [Veto3]:408.712 [Veto4]:408.712 [SgUp1]:59289 [SgUp2]:0 [SgUp3]:0 [SgUp4]:0 [SgLow1]:59199 [SgLow2]:0 [SgLow3]:0 [SgLow4]:0 [NetMuon1]:452027 [NetMuon2]:480414 [NetMuon3]:480414 [NetMuon4]:480414
[Run]:24725 [Site]:2 [Bin]:3427 [FullTime]:3600 [SkipTime]:0 [Veto1]:604.934 [Veto2]:410.357 [Veto3]:410.357 [Veto4]:410.357 [SgUp1]:58628 [SgUp2]:0 [SgUp3]:0 [SgUp4]:0 [SgLow1]:58557 [SgLow2]:0 [SgLow3]:0 [SgLow4]:0 [NetMuon1]:453023 [NetMuon2]:482362 [NetMuon3]:482362 [NetMuon4]:482362
[Run]:24725 [Site]:2 [Bin]:3428 [FullTime]:3600 [SkipTime]:0 [Veto1]:575.426 [Veto2]:409.92 [Veto3]:409.92 [Veto4]:409.92 [SgUp1]:59097 [SgUp2]:0 [SgUp3]:0 [SgUp4]:0 [SgLow1]:59009 [SgLow2]:0 [SgLow3]:0 [SgLow4]:0 [NetMuon1]:457056 [NetMuon2]:482013 [NetMuon3]:482013 [NetMuon4]:482013
[Run]:24725 [Site]:2 [Bin]:3429 [FullTime]:3600 [SkipTime]:0 [Veto1]:595.844 [Veto2]:409.431 [Veto3]:409.431 [Veto4]:409.431 [SgUp1]:59037 [SgUp2]:0 [SgUp3]:0 [SgUp4]:0 [SgLow1]:58980 [SgLow2]:0 [SgLow3]:0 [SgLow4]:0 [NetMuon1]:453404 [NetMuon2]:481464 [NetMuon3]:481464 [NetMuon4]:481464
[Run]:24725 [Site]:2 [Bin]:3430 [FullTime]:3600 [SkipTime]:0 [Veto1]:605.958 [Veto2]:410.871 [Veto3]:410.871 [Veto4]:410.871 [SgUp1]:58600 [SgUp2]:0 [SgUp3]:0 [SgUp4]:0 [SgLow1]:58531 [SgLow2]:0 [SgLow3]:0 [SgLow4]:0 [NetMuon1]:453477 [NetMuon2]:482957 [NetMuon3]:482957 [NetMuon4]:482957
[Run]:24725 [Site]:2 [Bin]:3431 [FullTime]:3600 [SkipTime]:0 [Veto1]:624.176 [Veto2]:409.774 [Veto3]:409.774 [Veto4]:409.774 [SgUp1]:58168 [SgUp2]:0 [SgUp3]:0 [SgUp4]:0 [SgLow1]:58091 [SgLow2]:0 [SgLow3]:0 [SgLow4]:0 [NetMuon1]:449753 [NetMuon2]:481826 [NetMuon3]:481826 [NetMuon4]:481826
End process Run: 24725 ... 
[Run]:24725 [Site]:2 [Bin]:3432 [FullTime]:755.51 [SkipTime]:0 [Veto1]:129.615 [Veto2]:85.9448 [Veto3]:85.9448 [Veto4]:85.9448
