StreamChain add 0xf4117f0
Start to process run: 24134 ... 
[Run]:24134 [Site]:2 [Bin]:2929 [FullTime]:667.95 [SkipTime]:0 [Veto1]:112.559 [Veto2]:76.1012 [Veto3]:76.1012 [Veto4]:76.1012 [SgUp1]:10832 [SgUp2]:0 [SgUp3]:0 [SgUp4]:0 [SgLow1]:10820 [SgLow2]:0 [SgLow3]:0 [SgLow4]:0 [NetMuon1]:83968 [NetMuon2]:89480 [NetMuon3]:89480 [NetMuon4]:89480
[Run]:24134 [Site]:2 [Bin]:2930 [FullTime]:3599.99 [SkipTime]:0 [Veto1]:583.115 [Veto2]:408.487 [Veto3]:408.487 [Veto4]:408.487 [SgUp1]:59143 [SgUp2]:0 [SgUp3]:0 [SgUp4]:0 [SgLow1]:59020 [SgLow2]:0 [SgLow3]:0 [SgLow4]:0 [NetMuon1]:454066 [NetMuon2]:480305 [NetMuon3]:480305 [NetMuon4]:480305
[Run]:24134 [Site]:2 [Bin]:2931 [FullTime]:3600 [SkipTime]:0 [Veto1]:594.529 [Veto2]:407.902 [Veto3]:407.902 [Veto4]:407.902 [SgUp1]:58790 [SgUp2]:0 [SgUp3]:0 [SgUp4]:0 [SgLow1]:58698 [SgLow2]:0 [SgLow3]:0 [SgLow4]:0 [NetMuon1]:451743 [NetMuon2]:479864 [NetMuon3]:479864 [NetMuon4]:479864
[Run]:24134 [Site]:2 [Bin]:2932 [FullTime]:3600 [SkipTime]:0 [Veto1]:598.799 [Veto2]:408.377 [Veto3]:408.377 [Veto4]:408.377 [SgUp1]:58373 [SgUp2]:0 [SgUp3]:0 [SgUp4]:0 [SgLow1]:58275 [SgLow2]:0 [SgLow3]:0 [SgLow4]:0 [NetMuon1]:451973 [NetMuon2]:480159 [NetMuon3]:480159 [NetMuon4]:480159
[Run]:24134 [Site]:2 [Bin]:2933 [FullTime]:3600 [SkipTime]:0 [Veto1]:619.651 [Veto2]:409.685 [Veto3]:409.685 [Veto4]:409.685 [SgUp1]:58370 [SgUp2]:0 [SgUp3]:0 [SgUp4]:0 [SgLow1]:58275 [SgLow2]:0 [SgLow3]:0 [SgLow4]:0 [NetMuon1]:450272 [NetMuon2]:481632 [NetMuon3]:481632 [NetMuon4]:481632
[Run]:24134 [Site]:2 [Bin]:2934 [FullTime]:3600 [SkipTime]:0 [Veto1]:593.159 [Veto2]:408.911 [Veto3]:408.911 [Veto4]:408.911 [SgUp1]:58797 [SgUp2]:0 [SgUp3]:0 [SgUp4]:0 [SgLow1]:58689 [SgLow2]:0 [SgLow3]:0 [SgLow4]:0 [NetMuon1]:453058 [NetMuon2]:480886 [NetMuon3]:480886 [NetMuon4]:480886
[Run]:24134 [Site]:2 [Bin]:2935 [FullTime]:3600 [SkipTime]:0 [Veto1]:614.735 [Veto2]:409.167 [Veto3]:409.167 [Veto4]:409.167 [SgUp1]:58513 [SgUp2]:0 [SgUp3]:0 [SgUp4]:0 [SgLow1]:58408 [SgLow2]:0 [SgLow3]:0 [SgLow4]:0 [NetMuon1]:450017 [NetMuon2]:480995 [NetMuon3]:480995 [NetMuon4]:480995
[Run]:24134 [Site]:2 [Bin]:2936 [FullTime]:3600 [SkipTime]:0 [Veto1]:590.547 [Veto2]:409.157 [Veto3]:409.157 [Veto4]:409.157 [SgUp1]:58654 [SgUp2]:0 [SgUp3]:0 [SgUp4]:0 [SgLow1]:58556 [SgLow2]:0 [SgLow3]:0 [SgLow4]:0 [NetMuon1]:453993 [NetMuon2]:481105 [NetMuon3]:481105 [NetMuon4]:481105
[Run]:24134 [Site]:2 [Bin]:2937 [FullTime]:3600 [SkipTime]:0 [Veto1]:606.486 [Veto2]:409.407 [Veto3]:409.407 [Veto4]:409.407 [SgUp1]:58890 [SgUp2]:0 [SgUp3]:0 [SgUp4]:0 [SgLow1]:58775 [SgLow2]:0 [SgLow3]:0 [SgLow4]:0 [NetMuon1]:451902 [NetMuon2]:481542 [NetMuon3]:481542 [NetMuon4]:481542
[Run]:24134 [Site]:2 [Bin]:2938 [FullTime]:3600 [SkipTime]:0 [Veto1]:592.02 [Veto2]:408.964 [Veto3]:408.964 [Veto4]:408.964 [SgUp1]:58837 [SgUp2]:0 [SgUp3]:0 [SgUp4]:0 [SgLow1]:58749 [SgLow2]:0 [SgLow3]:0 [SgLow4]:0 [NetMuon1]:453671 [NetMuon2]:481059 [NetMuon3]:481059 [NetMuon4]:481059
[Run]:24134 [Site]:2 [Bin]:2939 [FullTime]:3600 [SkipTime]:0 [Veto1]:605.227 [Veto2]:408.805 [Veto3]:408.805 [Veto4]:408.805 [SgUp1]:58460 [SgUp2]:0 [SgUp3]:0 [SgUp4]:0 [SgLow1]:58365 [SgLow2]:0 [SgLow3]:0 [SgLow4]:0 [NetMuon1]:451003 [NetMuon2]:480756 [NetMuon3]:480756 [NetMuon4]:480756
[Run]:24134 [Site]:2 [Bin]:2940 [FullTime]:3600 [SkipTime]:0 [Veto1]:605.993 [Veto2]:407.991 [Veto3]:407.991 [Veto4]:407.991 [SgUp1]:58913 [SgUp2]:0 [SgUp3]:0 [SgUp4]:0 [SgLow1]:58793 [SgLow2]:0 [SgLow3]:0 [SgLow4]:0 [NetMuon1]:449960 [NetMuon2]:479839 [NetMuon3]:479839 [NetMuon4]:479839
[Run]:24134 [Site]:2 [Bin]:2941 [FullTime]:3600 [SkipTime]:0 [Veto1]:605.011 [Veto2]:408.951 [Veto3]:408.951 [Veto4]:408.951 [SgUp1]:58760 [SgUp2]:0 [SgUp3]:0 [SgUp4]:0 [SgLow1]:58659 [SgLow2]:0 [SgLow3]:0 [SgLow4]:0 [NetMuon1]:451737 [NetMuon2]:481023 [NetMuon3]:481023 [NetMuon4]:481023
[Run]:24134 [Site]:2 [Bin]:2942 [FullTime]:3600 [SkipTime]:0 [Veto1]:612.467 [Veto2]:409.255 [Veto3]:409.255 [Veto4]:409.255 [SgUp1]:58828 [SgUp2]:0 [SgUp3]:0 [SgUp4]:0 [SgLow1]:58721 [SgLow2]:0 [SgLow3]:0 [SgLow4]:0 [NetMuon1]:450607 [NetMuon2]:481127 [NetMuon3]:481127 [NetMuon4]:481127
[Run]:24134 [Site]:2 [Bin]:2943 [FullTime]:3600 [SkipTime]:0 [Veto1]:602.427 [Veto2]:408.857 [Veto3]:408.857 [Veto4]:408.857 [SgUp1]:59452 [SgUp2]:0 [SgUp3]:0 [SgUp4]:0 [SgLow1]:59347 [SgLow2]:0 [SgLow3]:0 [SgLow4]:0 [NetMuon1]:451652 [NetMuon2]:480837 [NetMuon3]:480837 [NetMuon4]:480837
[Run]:24134 [Site]:2 [Bin]:2944 [FullTime]:3600 [SkipTime]:0 [Veto1]:594.119 [Veto2]:408.259 [Veto3]:408.259 [Veto4]:408.259 [SgUp1]:59035 [SgUp2]:0 [SgUp3]:0 [SgUp4]:0 [SgLow1]:58922 [SgLow2]:0 [SgLow3]:0 [SgLow4]:0 [NetMuon1]:452380 [NetMuon2]:480372 [NetMuon3]:480372 [NetMuon4]:480372
[Run]:24134 [Site]:2 [Bin]:2945 [FullTime]:3600 [SkipTime]:0 [Veto1]:632.041 [Veto2]:407.873 [Veto3]:407.873 [Veto4]:407.873 [SgUp1]:58446 [SgUp2]:0 [SgUp3]:0 [SgUp4]:0 [SgLow1]:58351 [SgLow2]:0 [SgLow3]:0 [SgLow4]:0 [NetMuon1]:446165 [NetMuon2]:479487 [NetMuon3]:479487 [NetMuon4]:479487
[Run]:24134 [Site]:2 [Bin]:2946 [FullTime]:3600 [SkipTime]:0 [Veto1]:589.851 [Veto2]:408.293 [Veto3]:408.293 [Veto4]:408.293 [SgUp1]:59028 [SgUp2]:0 [SgUp3]:0 [SgUp4]:0 [SgLow1]:58935 [SgLow2]:0 [SgLow3]:0 [SgLow4]:0 [NetMuon1]:453150 [NetMuon2]:480391 [NetMuon3]:480391 [NetMuon4]:480391
[Run]:24134 [Site]:2 [Bin]:2947 [FullTime]:3600 [SkipTime]:0 [Veto1]:584.268 [Veto2]:408.722 [Veto3]:408.722 [Veto4]:408.722 [SgUp1]:58958 [SgUp2]:0 [SgUp3]:0 [SgUp4]:0 [SgLow1]:58888 [SgLow2]:0 [SgLow3]:0 [SgLow4]:0 [NetMuon1]:454035 [NetMuon2]:480605 [NetMuon3]:480605 [NetMuon4]:480605
[Run]:24134 [Site]:2 [Bin]:2948 [FullTime]:3600 [SkipTime]:0 [Veto1]:596.164 [Veto2]:409.305 [Veto3]:409.305 [Veto4]:409.305 [SgUp1]:59445 [SgUp2]:0 [SgUp3]:0 [SgUp4]:0 [SgLow1]:59332 [SgLow2]:0 [SgLow3]:0 [SgLow4]:0 [NetMuon1]:452876 [NetMuon2]:481258 [NetMuon3]:481258 [NetMuon4]:481258
[Run]:24134 [Site]:2 [Bin]:2949 [FullTime]:3600 [SkipTime]:0 [Veto1]:628.737 [Veto2]:408.457 [Veto3]:408.457 [Veto4]:408.457 [SgUp1]:58436 [SgUp2]:0 [SgUp3]:0 [SgUp4]:0 [SgLow1]:58351 [SgLow2]:0 [SgLow3]:0 [SgLow4]:0 [NetMuon1]:446864 [NetMuon2]:480292 [NetMuon3]:480292 [NetMuon4]:480292
[Run]:24134 [Site]:2 [Bin]:2950 [FullTime]:3600 [SkipTime]:0 [Veto1]:578.393 [Veto2]:408.9 [Veto3]:408.9 [Veto4]:408.9 [SgUp1]:58853 [SgUp2]:0 [SgUp3]:0 [SgUp4]:0 [SgLow1]:58741 [SgLow2]:0 [SgLow3]:0 [SgLow4]:0 [NetMuon1]:455444 [NetMuon2]:481136 [NetMuon3]:481136 [NetMuon4]:481136
[Run]:24134 [Site]:2 [Bin]:2951 [FullTime]:3600 [SkipTime]:0 [Veto1]:594.97 [Veto2]:408.98 [Veto3]:408.98 [Veto4]:408.98 [SgUp1]:59268 [SgUp2]:0 [SgUp3]:0 [SgUp4]:0 [SgLow1]:59145 [SgLow2]:0 [SgLow3]:0 [SgLow4]:0 [NetMuon1]:452902 [NetMuon2]:480834 [NetMuon3]:480834 [NetMuon4]:480834
[Run]:24134 [Site]:2 [Bin]:2952 [FullTime]:3600 [SkipTime]:0 [Veto1]:568.329 [Veto2]:408.882 [Veto3]:408.882 [Veto4]:408.882 [SgUp1]:58994 [SgUp2]:0 [SgUp3]:0 [SgUp4]:0 [SgLow1]:58901 [SgLow2]:0 [SgLow3]:0 [SgLow4]:0 [NetMuon1]:456792 [NetMuon2]:480940 [NetMuon3]:480940 [NetMuon4]:480940
[Run]:24134 [Site]:2 [Bin]:2953 [FullTime]:3600 [SkipTime]:0 [Veto1]:600.526 [Veto2]:408.821 [Veto3]:408.821 [Veto4]:408.821 [SgUp1]:58759 [SgUp2]:0 [SgUp3]:0 [SgUp4]:0 [SgLow1]:58674 [SgLow2]:0 [SgLow3]:0 [SgLow4]:0 [NetMuon1]:451643 [NetMuon2]:480639 [NetMuon3]:480639 [NetMuon4]:480639
[Run]:24134 [Site]:2 [Bin]:2954 [FullTime]:3600 [SkipTime]:0 [Veto1]:609.832 [Veto2]:408.859 [Veto3]:408.859 [Veto4]:408.859 [SgUp1]:58877 [SgUp2]:0 [SgUp3]:0 [SgUp4]:0 [SgLow1]:58758 [SgLow2]:0 [SgLow3]:0 [SgLow4]:0 [NetMuon1]:450585 [NetMuon2]:480652 [NetMuon3]:480652 [NetMuon4]:480652
[Run]:24134 [Site]:2 [Bin]:2955 [FullTime]:3600 [SkipTime]:0 [Veto1]:584.167 [Veto2]:408.48 [Veto3]:408.48 [Veto4]:408.48 [SgUp1]:58862 [SgUp2]:0 [SgUp3]:0 [SgUp4]:0 [SgLow1]:58740 [SgLow2]:0 [SgLow3]:0 [SgLow4]:0 [NetMuon1]:453961 [NetMuon2]:480353 [NetMuon3]:480353 [NetMuon4]:480353
[Run]:24134 [Site]:2 [Bin]:2956 [FullTime]:3600 [SkipTime]:0 [Veto1]:597.477 [Veto2]:409.133 [Veto3]:409.133 [Veto4]:409.133 [SgUp1]:58759 [SgUp2]:0 [SgUp3]:0 [SgUp4]:0 [SgLow1]:58670 [SgLow2]:0 [SgLow3]:0 [SgLow4]:0 [NetMuon1]:452905 [NetMuon2]:480934 [NetMuon3]:480934 [NetMuon4]:480934
[Run]:24134 [Site]:2 [Bin]:2957 [FullTime]:3600 [SkipTime]:0 [Veto1]:604.8 [Veto2]:409.277 [Veto3]:409.277 [Veto4]:409.277 [SgUp1]:59050 [SgUp2]:0 [SgUp3]:0 [SgUp4]:0 [SgLow1]:58963 [SgLow2]:0 [SgLow3]:0 [SgLow4]:0 [NetMuon1]:452081 [NetMuon2]:481220 [NetMuon3]:481220 [NetMuon4]:481220
[Run]:24134 [Site]:2 [Bin]:2958 [FullTime]:3600 [SkipTime]:0 [Veto1]:571.53 [Veto2]:409.043 [Veto3]:409.043 [Veto4]:409.043 [SgUp1]:59163 [SgUp2]:0 [SgUp3]:0 [SgUp4]:0 [SgLow1]:59053 [SgLow2]:0 [SgLow3]:0 [SgLow4]:0 [NetMuon1]:456611 [NetMuon2]:481012 [NetMuon3]:481012 [NetMuon4]:481012
[Run]:24134 [Site]:2 [Bin]:2959 [FullTime]:3600 [SkipTime]:0 [Veto1]:622.641 [Veto2]:409.733 [Veto3]:409.733 [Veto4]:409.733 [SgUp1]:58683 [SgUp2]:0 [SgUp3]:0 [SgUp4]:0 [SgLow1]:58590 [SgLow2]:0 [SgLow3]:0 [SgLow4]:0 [NetMuon1]:449237 [NetMuon2]:481650 [NetMuon3]:481650 [NetMuon4]:481650
[Run]:24134 [Site]:2 [Bin]:2960 [FullTime]:3600 [SkipTime]:0 [Veto1]:583.501 [Veto2]:409.836 [Veto3]:409.836 [Veto4]:409.836 [SgUp1]:58703 [SgUp2]:0 [SgUp3]:0 [SgUp4]:0 [SgLow1]:58590 [SgLow2]:0 [SgLow3]:0 [SgLow4]:0 [NetMuon1]:455466 [NetMuon2]:481835 [NetMuon3]:481835 [NetMuon4]:481835
[Run]:24134 [Site]:2 [Bin]:2961 [FullTime]:3600 [SkipTime]:0 [Veto1]:599.633 [Veto2]:409.195 [Veto3]:409.195 [Veto4]:409.195 [SgUp1]:58199 [SgUp2]:0 [SgUp3]:0 [SgUp4]:0 [SgLow1]:58095 [SgLow2]:0 [SgLow3]:0 [SgLow4]:0 [NetMuon1]:452366 [NetMuon2]:481036 [NetMuon3]:481036 [NetMuon4]:481036
[Run]:24134 [Site]:2 [Bin]:2962 [FullTime]:3600 [SkipTime]:0 [Veto1]:603.306 [Veto2]:408.574 [Veto3]:408.574 [Veto4]:408.574 [SgUp1]:58577 [SgUp2]:0 [SgUp3]:0 [SgUp4]:0 [SgLow1]:58472 [SgLow2]:0 [SgLow3]:0 [SgLow4]:0 [NetMuon1]:451012 [NetMuon2]:480374 [NetMuon3]:480374 [NetMuon4]:480374
[Run]:24134 [Site]:2 [Bin]:2963 [FullTime]:3600 [SkipTime]:0 [Veto1]:596.396 [Veto2]:408.495 [Veto3]:408.495 [Veto4]:408.495 [SgUp1]:58844 [SgUp2]:0 [SgUp3]:0 [SgUp4]:0 [SgLow1]:58753 [SgLow2]:0 [SgLow3]:0 [SgLow4]:0 [NetMuon1]:452263 [NetMuon2]:480563 [NetMuon3]:480563 [NetMuon4]:480563
[Run]:24134 [Site]:2 [Bin]:2964 [FullTime]:3600 [SkipTime]:0 [Veto1]:590.602 [Veto2]:408.827 [Veto3]:408.827 [Veto4]:408.827 [SgUp1]:58774 [SgUp2]:0 [SgUp3]:0 [SgUp4]:0 [SgLow1]:58681 [SgLow2]:0 [SgLow3]:0 [SgLow4]:0 [NetMuon1]:453294 [NetMuon2]:480647 [NetMuon3]:480647 [NetMuon4]:480647
[Run]:24134 [Site]:2 [Bin]:2965 [FullTime]:3600 [SkipTime]:0 [Veto1]:596.681 [Veto2]:409.554 [Veto3]:409.554 [Veto4]:409.554 [SgUp1]:58869 [SgUp2]:0 [SgUp3]:0 [SgUp4]:0 [SgLow1]:58794 [SgLow2]:0 [SgLow3]:0 [SgLow4]:0 [NetMuon1]:453203 [NetMuon2]:481405 [NetMuon3]:481405 [NetMuon4]:481405
[Run]:24134 [Site]:2 [Bin]:2966 [FullTime]:3600 [SkipTime]:0 [Veto1]:589.298 [Veto2]:408.841 [Veto3]:408.841 [Veto4]:408.841 [SgUp1]:58999 [SgUp2]:0 [SgUp3]:0 [SgUp4]:0 [SgLow1]:58896 [SgLow2]:0 [SgLow3]:0 [SgLow4]:0 [NetMuon1]:453233 [NetMuon2]:480542 [NetMuon3]:480542 [NetMuon4]:480542
[Run]:24134 [Site]:2 [Bin]:2967 [FullTime]:3600 [SkipTime]:0 [Veto1]:583.093 [Veto2]:408.843 [Veto3]:408.843 [Veto4]:408.843 [SgUp1]:59226 [SgUp2]:0 [SgUp3]:0 [SgUp4]:0 [SgLow1]:59119 [SgLow2]:0 [SgLow3]:0 [SgLow4]:0 [NetMuon1]:454789 [NetMuon2]:480879 [NetMuon3]:480879 [NetMuon4]:480879
[Run]:24134 [Site]:2 [Bin]:2968 [FullTime]:3600 [SkipTime]:0 [Veto1]:588.858 [Veto2]:409.203 [Veto3]:409.203 [Veto4]:409.203 [SgUp1]:59308 [SgUp2]:0 [SgUp3]:0 [SgUp4]:0 [SgLow1]:59215 [SgLow2]:0 [SgLow3]:0 [SgLow4]:0 [NetMuon1]:454212 [NetMuon2]:481276 [NetMuon3]:481276 [NetMuon4]:481276
[Run]:24134 [Site]:2 [Bin]:2969 [FullTime]:3599.99 [SkipTime]:0 [Veto1]:606.974 [Veto2]:409.309 [Veto3]:409.309 [Veto4]:409.309 [SgUp1]:58975 [SgUp2]:0 [SgUp3]:0 [SgUp4]:0 [SgLow1]:58860 [SgLow2]:0 [SgLow3]:0 [SgLow4]:0 [NetMuon1]:451706 [NetMuon2]:481419 [NetMuon3]:481419 [NetMuon4]:481419
[Run]:24134 [Site]:2 [Bin]:2970 [FullTime]:3600 [SkipTime]:0 [Veto1]:605.984 [Veto2]:409.542 [Veto3]:409.542 [Veto4]:409.542 [SgUp1]:58297 [SgUp2]:0 [SgUp3]:0 [SgUp4]:0 [SgLow1]:58219 [SgLow2]:0 [SgLow3]:0 [SgLow4]:0 [NetMuon1]:451582 [NetMuon2]:481456 [NetMuon3]:481456 [NetMuon4]:481456
[Run]:24134 [Site]:2 [Bin]:2971 [FullTime]:3600 [SkipTime]:0 [Veto1]:587.943 [Veto2]:409.252 [Veto3]:409.252 [Veto4]:409.252 [SgUp1]:59129 [SgUp2]:0 [SgUp3]:0 [SgUp4]:0 [SgLow1]:59009 [SgLow2]:0 [SgLow3]:0 [SgLow4]:0 [NetMuon1]:454096 [NetMuon2]:481053 [NetMuon3]:481053 [NetMuon4]:481053
[Run]:24134 [Site]:2 [Bin]:2972 [FullTime]:3600 [SkipTime]:0 [Veto1]:607.965 [Veto2]:409.39 [Veto3]:409.39 [Veto4]:409.39 [SgUp1]:58544 [SgUp2]:0 [SgUp3]:0 [SgUp4]:0 [SgLow1]:58429 [SgLow2]:0 [SgLow3]:0 [SgLow4]:0 [NetMuon1]:451192 [NetMuon2]:481290 [NetMuon3]:481290 [NetMuon4]:481290
[Run]:24134 [Site]:2 [Bin]:2973 [FullTime]:3600 [SkipTime]:0 [Veto1]:583.468 [Veto2]:409.12 [Veto3]:409.12 [Veto4]:409.12 [SgUp1]:59342 [SgUp2]:0 [SgUp3]:0 [SgUp4]:0 [SgLow1]:59232 [SgLow2]:0 [SgLow3]:0 [SgLow4]:0 [NetMuon1]:454521 [NetMuon2]:480991 [NetMuon3]:480991 [NetMuon4]:480991
[Run]:24134 [Site]:2 [Bin]:2974 [FullTime]:3600 [SkipTime]:0 [Veto1]:600.125 [Veto2]:408.948 [Veto3]:408.948 [Veto4]:408.948 [SgUp1]:58985 [SgUp2]:0 [SgUp3]:0 [SgUp4]:0 [SgLow1]:58897 [SgLow2]:0 [SgLow3]:0 [SgLow4]:0 [NetMuon1]:452114 [NetMuon2]:481048 [NetMuon3]:481048 [NetMuon4]:481048
[Run]:24134 [Site]:2 [Bin]:2975 [FullTime]:3600 [SkipTime]:0 [Veto1]:597.615 [Veto2]:409 [Veto3]:409 [Veto4]:409 [SgUp1]:59154 [SgUp2]:0 [SgUp3]:0 [SgUp4]:0 [SgLow1]:59040 [SgLow2]:0 [SgLow3]:0 [SgLow4]:0 [NetMuon1]:452622 [NetMuon2]:480831 [NetMuon3]:480831 [NetMuon4]:480831
[Run]:24134 [Site]:2 [Bin]:2976 [FullTime]:3600 [SkipTime]:0 [Veto1]:588.21 [Veto2]:407.441 [Veto3]:407.441 [Veto4]:407.441 [SgUp1]:58817 [SgUp2]:0 [SgUp3]:0 [SgUp4]:0 [SgLow1]:58721 [SgLow2]:0 [SgLow3]:0 [SgLow4]:0 [NetMuon1]:452156 [NetMuon2]:479180 [NetMuon3]:479180 [NetMuon4]:479180
[Run]:24134 [Site]:2 [Bin]:2977 [FullTime]:3600 [SkipTime]:0 [Veto1]:618.64 [Veto2]:408.528 [Veto3]:408.528 [Veto4]:408.528 [SgUp1]:58160 [SgUp2]:0 [SgUp3]:0 [SgUp4]:0 [SgLow1]:58071 [SgLow2]:0 [SgLow3]:0 [SgLow4]:0 [NetMuon1]:449179 [NetMuon2]:480471 [NetMuon3]:480471 [NetMuon4]:480471
[Run]:24134 [Site]:2 [Bin]:2979 [FullTime]:3342.21 [SkipTime]:0 [Veto1]:576.208 [Veto2]:379.427 [Veto3]:379.427 [Veto4]:379.427 [SgUp1]:54226 [SgUp2]:0 [SgUp3]:0 [SgUp4]:0 [SgLow1]:54128 [SgLow2]:0 [SgLow3]:0 [SgLow4]:0 [NetMuon1]:416231 [NetMuon2]:446126 [NetMuon3]:446126 [NetMuon4]:446126
[Run]:24134 [Site]:2 [Bin]:2980 [FullTime]:3600 [SkipTime]:0 [Veto1]:595.251 [Veto2]:409.18 [Veto3]:409.18 [Veto4]:409.18 [SgUp1]:58806 [SgUp2]:0 [SgUp3]:0 [SgUp4]:0 [SgLow1]:58710 [SgLow2]:0 [SgLow3]:0 [SgLow4]:0 [NetMuon1]:452953 [NetMuon2]:481166 [NetMuon3]:481166 [NetMuon4]:481166
[Run]:24134 [Site]:2 [Bin]:2981 [FullTime]:3600 [SkipTime]:0 [Veto1]:622.4 [Veto2]:408.574 [Veto3]:408.574 [Veto4]:408.574 [SgUp1]:58205 [SgUp2]:0 [SgUp3]:0 [SgUp4]:0 [SgLow1]:58104 [SgLow2]:0 [SgLow3]:0 [SgLow4]:0 [NetMuon1]:448335 [NetMuon2]:480635 [NetMuon3]:480635 [NetMuon4]:480635
[Run]:24134 [Site]:2 [Bin]:2982 [FullTime]:3600 [SkipTime]:0 [Veto1]:587.017 [Veto2]:408.619 [Veto3]:408.619 [Veto4]:408.619 [SgUp1]:58988 [SgUp2]:0 [SgUp3]:0 [SgUp4]:0 [SgLow1]:58885 [SgLow2]:0 [SgLow3]:0 [SgLow4]:0 [NetMuon1]:453677 [NetMuon2]:480707 [NetMuon3]:480707 [NetMuon4]:480707
[Run]:24134 [Site]:2 [Bin]:2983 [FullTime]:3600 [SkipTime]:0 [Veto1]:597.521 [Veto2]:409.141 [Veto3]:409.141 [Veto4]:409.141 [SgUp1]:58919 [SgUp2]:0 [SgUp3]:0 [SgUp4]:0 [SgLow1]:58828 [SgLow2]:0 [SgLow3]:0 [SgLow4]:0 [NetMuon1]:452758 [NetMuon2]:480979 [NetMuon3]:480979 [NetMuon4]:480979
[Run]:24134 [Site]:2 [Bin]:2984 [FullTime]:3600 [SkipTime]:0 [Veto1]:594.806 [Veto2]:408.755 [Veto3]:408.755 [Veto4]:408.755 [SgUp1]:59046 [SgUp2]:0 [SgUp3]:0 [SgUp4]:0 [SgLow1]:58940 [SgLow2]:0 [SgLow3]:0 [SgLow4]:0 [NetMuon1]:452593 [NetMuon2]:480706 [NetMuon3]:480706 [NetMuon4]:480706
[Run]:24134 [Site]:2 [Bin]:2985 [FullTime]:3600 [SkipTime]:0 [Veto1]:616.599 [Veto2]:408.604 [Veto3]:408.604 [Veto4]:408.604 [SgUp1]:58509 [SgUp2]:0 [SgUp3]:0 [SgUp4]:0 [SgLow1]:58415 [SgLow2]:0 [SgLow3]:0 [SgLow4]:0 [NetMuon1]:449222 [NetMuon2]:480416 [NetMuon3]:480416 [NetMuon4]:480416
[Run]:24134 [Site]:2 [Bin]:2986 [FullTime]:3600 [SkipTime]:0 [Veto1]:607.692 [Veto2]:408.444 [Veto3]:408.444 [Veto4]:408.444 [SgUp1]:59055 [SgUp2]:0 [SgUp3]:0 [SgUp4]:0 [SgLow1]:58928 [SgLow2]:0 [SgLow3]:0 [SgLow4]:0 [NetMuon1]:450629 [NetMuon2]:480407 [NetMuon3]:480407 [NetMuon4]:480407
[Run]:24134 [Site]:2 [Bin]:2987 [FullTime]:3600 [SkipTime]:0 [Veto1]:606.447 [Veto2]:408.769 [Veto3]:408.769 [Veto4]:408.769 [SgUp1]:59239 [SgUp2]:0 [SgUp3]:0 [SgUp4]:0 [SgLow1]:59140 [SgLow2]:0 [SgLow3]:0 [SgLow4]:0 [NetMuon1]:450824 [NetMuon2]:480646 [NetMuon3]:480646 [NetMuon4]:480646
[Run]:24134 [Site]:2 [Bin]:2988 [FullTime]:3600 [SkipTime]:0 [Veto1]:595.978 [Veto2]:408.044 [Veto3]:408.044 [Veto4]:408.044 [SgUp1]:58953 [SgUp2]:0 [SgUp3]:0 [SgUp4]:0 [SgLow1]:58817 [SgLow2]:0 [SgLow3]:0 [SgLow4]:0 [NetMuon1]:451439 [NetMuon2]:479910 [NetMuon3]:479910 [NetMuon4]:479910
[Run]:24134 [Site]:2 [Bin]:2989 [FullTime]:3600 [SkipTime]:0 [Veto1]:593.639 [Veto2]:408.179 [Veto3]:408.179 [Veto4]:408.179 [SgUp1]:59327 [SgUp2]:0 [SgUp3]:0 [SgUp4]:0 [SgLow1]:59209 [SgLow2]:0 [SgLow3]:0 [SgLow4]:0 [NetMuon1]:451966 [NetMuon2]:479818 [NetMuon3]:479818 [NetMuon4]:479818
[Run]:24134 [Site]:2 [Bin]:2990 [FullTime]:3600 [SkipTime]:0 [Veto1]:599.202 [Veto2]:410.336 [Veto3]:410.336 [Veto4]:410.336 [SgUp1]:59070 [SgUp2]:0 [SgUp3]:0 [SgUp4]:0 [SgLow1]:58971 [SgLow2]:0 [SgLow3]:0 [SgLow4]:0 [NetMuon1]:453919 [NetMuon2]:482494 [NetMuon3]:482494 [NetMuon4]:482494
[Run]:24134 [Site]:2 [Bin]:2991 [FullTime]:3600 [SkipTime]:0 [Veto1]:619.923 [Veto2]:409.354 [Veto3]:409.354 [Veto4]:409.354 [SgUp1]:58688 [SgUp2]:0 [SgUp3]:0 [SgUp4]:0 [SgLow1]:58551 [SgLow2]:0 [SgLow3]:0 [SgLow4]:0 [NetMuon1]:449720 [NetMuon2]:481284 [NetMuon3]:481284 [NetMuon4]:481284
[Run]:24134 [Site]:2 [Bin]:2992 [FullTime]:3600 [SkipTime]:0 [Veto1]:611.473 [Veto2]:408.989 [Veto3]:408.989 [Veto4]:408.989 [SgUp1]:58249 [SgUp2]:0 [SgUp3]:0 [SgUp4]:0 [SgLow1]:58148 [SgLow2]:0 [SgLow3]:0 [SgLow4]:0 [NetMuon1]:450404 [NetMuon2]:480928 [NetMuon3]:480928 [NetMuon4]:480928
[Run]:24134 [Site]:2 [Bin]:2993 [FullTime]:3600 [SkipTime]:0 [Veto1]:595.748 [Veto2]:409.709 [Veto3]:409.709 [Veto4]:409.709 [SgUp1]:58867 [SgUp2]:0 [SgUp3]:0 [SgUp4]:0 [SgLow1]:58763 [SgLow2]:0 [SgLow3]:0 [SgLow4]:0 [NetMuon1]:453485 [NetMuon2]:481626 [NetMuon3]:481626 [NetMuon4]:481626
[Run]:24134 [Site]:2 [Bin]:2994 [FullTime]:3600 [SkipTime]:0 [Veto1]:614.932 [Veto2]:408.442 [Veto3]:408.442 [Veto4]:408.442 [SgUp1]:58841 [SgUp2]:0 [SgUp3]:0 [SgUp4]:0 [SgLow1]:58723 [SgLow2]:0 [SgLow3]:0 [SgLow4]:0 [NetMuon1]:449169 [NetMuon2]:480401 [NetMuon3]:480401 [NetMuon4]:480401
[Run]:24134 [Site]:2 [Bin]:2995 [FullTime]:3600 [SkipTime]:0 [Veto1]:588.205 [Veto2]:408.572 [Veto3]:408.572 [Veto4]:408.572 [SgUp1]:58699 [SgUp2]:0 [SgUp3]:0 [SgUp4]:0 [SgLow1]:58583 [SgLow2]:0 [SgLow3]:0 [SgLow4]:0 [NetMuon1]:453223 [NetMuon2]:480338 [NetMuon3]:480338 [NetMuon4]:480338
[Run]:24134 [Site]:2 [Bin]:2996 [FullTime]:3600 [SkipTime]:0 [Veto1]:606.804 [Veto2]:409.524 [Veto3]:409.524 [Veto4]:409.524 [SgUp1]:58909 [SgUp2]:0 [SgUp3]:0 [SgUp4]:0 [SgLow1]:58795 [SgLow2]:0 [SgLow3]:0 [SgLow4]:0 [NetMuon1]:451599 [NetMuon2]:481464 [NetMuon3]:481464 [NetMuon4]:481464
[Run]:24134 [Site]:2 [Bin]:2997 [FullTime]:3600 [SkipTime]:0 [Veto1]:599.102 [Veto2]:409.438 [Veto3]:409.438 [Veto4]:409.438 [SgUp1]:59185 [SgUp2]:0 [SgUp3]:0 [SgUp4]:0 [SgLow1]:59097 [SgLow2]:0 [SgLow3]:0 [SgLow4]:0 [NetMuon1]:452587 [NetMuon2]:481312 [NetMuon3]:481312 [NetMuon4]:481312
[Run]:24134 [Site]:2 [Bin]:2998 [FullTime]:3600.01 [SkipTime]:0 [Veto1]:602.714 [Veto2]:408.277 [Veto3]:408.277 [Veto4]:408.277 [SgUp1]:58830 [SgUp2]:0 [SgUp3]:0 [SgUp4]:0 [SgLow1]:58732 [SgLow2]:0 [SgLow3]:0 [SgLow4]:0 [NetMuon1]:451105 [NetMuon2]:480159 [NetMuon3]:480159 [NetMuon4]:480159
[Run]:24134 [Site]:2 [Bin]:2999 [FullTime]:3600 [SkipTime]:0 [Veto1]:594.367 [Veto2]:409.334 [Veto3]:409.334 [Veto4]:409.334 [SgUp1]:59111 [SgUp2]:0 [SgUp3]:0 [SgUp4]:0 [SgLow1]:59006 [SgLow2]:0 [SgLow3]:0 [SgLow4]:0 [NetMuon1]:453264 [NetMuon2]:481327 [NetMuon3]:481327 [NetMuon4]:481327
End process Run: 24134 ... 
[Run]:24134 [Site]:2 [Bin]:3000 [FullTime]:2345.83 [SkipTime]:0 [Veto1]:377.16 [Veto2]:267.137 [Veto3]:267.137 [Veto4]:267.137
