StreamChain add 0x386c7f0
Start to process run: 24497 ... 
[Run]:24497 [Site]:2 [Bin]:3147 [FullTime]:1686.9 [SkipTime]:0 [Veto1]:267.979 [Veto2]:192.046 [Veto3]:192.046 [Veto4]:192.046 [SgUp1]:27789 [SgUp2]:0 [SgUp3]:0 [SgUp4]:0 [SgLow1]:27740 [SgLow2]:0 [SgLow3]:0 [SgLow4]:0 [NetMuon1]:214000 [NetMuon2]:225749 [NetMuon3]:225749 [NetMuon4]:225749
[Run]:24497 [Site]:2 [Bin]:3148 [FullTime]:3600 [SkipTime]:0 [Veto1]:592.188 [Veto2]:409.572 [Veto3]:409.572 [Veto4]:409.572 [SgUp1]:59351 [SgUp2]:0 [SgUp3]:0 [SgUp4]:0 [SgLow1]:59248 [SgLow2]:0 [SgLow3]:0 [SgLow4]:0 [NetMuon1]:453483 [NetMuon2]:481257 [NetMuon3]:481257 [NetMuon4]:481257
[Run]:24497 [Site]:2 [Bin]:3149 [FullTime]:3600 [SkipTime]:0 [Veto1]:615.552 [Veto2]:409.521 [Veto3]:409.521 [Veto4]:409.521 [SgUp1]:58664 [SgUp2]:0 [SgUp3]:0 [SgUp4]:0 [SgLow1]:58566 [SgLow2]:0 [SgLow3]:0 [SgLow4]:0 [NetMuon1]:449894 [NetMuon2]:481271 [NetMuon3]:481271 [NetMuon4]:481271
[Run]:24497 [Site]:2 [Bin]:3150 [FullTime]:3600 [SkipTime]:0 [Veto1]:599.875 [Veto2]:409.697 [Veto3]:409.697 [Veto4]:409.697 [SgUp1]:58827 [SgUp2]:0 [SgUp3]:0 [SgUp4]:0 [SgLow1]:58736 [SgLow2]:0 [SgLow3]:0 [SgLow4]:0 [NetMuon1]:453287 [NetMuon2]:481784 [NetMuon3]:481784 [NetMuon4]:481784
[Run]:24497 [Site]:2 [Bin]:3151 [FullTime]:3600 [SkipTime]:0 [Veto1]:597.727 [Veto2]:409.661 [Veto3]:409.661 [Veto4]:409.661 [SgUp1]:59080 [SgUp2]:0 [SgUp3]:0 [SgUp4]:0 [SgLow1]:58990 [SgLow2]:0 [SgLow3]:0 [SgLow4]:0 [NetMuon1]:453297 [NetMuon2]:481634 [NetMuon3]:481634 [NetMuon4]:481634
[Run]:24497 [Site]:2 [Bin]:3152 [FullTime]:3600 [SkipTime]:0 [Veto1]:618.778 [Veto2]:410.341 [Veto3]:410.341 [Veto4]:410.341 [SgUp1]:58899 [SgUp2]:0 [SgUp3]:0 [SgUp4]:0 [SgLow1]:58799 [SgLow2]:0 [SgLow3]:0 [SgLow4]:0 [NetMuon1]:450704 [NetMuon2]:482257 [NetMuon3]:482257 [NetMuon4]:482257
[Run]:24497 [Site]:2 [Bin]:3153 [FullTime]:3600 [SkipTime]:0 [Veto1]:608.656 [Veto2]:410.854 [Veto3]:410.854 [Veto4]:410.854 [SgUp1]:58888 [SgUp2]:0 [SgUp3]:0 [SgUp4]:0 [SgLow1]:58746 [SgLow2]:0 [SgLow3]:0 [SgLow4]:0 [NetMuon1]:452949 [NetMuon2]:482923 [NetMuon3]:482923 [NetMuon4]:482923
[Run]:24497 [Site]:2 [Bin]:3154 [FullTime]:3600.01 [SkipTime]:0 [Veto1]:586.766 [Veto2]:410.141 [Veto3]:410.141 [Veto4]:410.141 [SgUp1]:59192 [SgUp2]:0 [SgUp3]:0 [SgUp4]:0 [SgLow1]:59081 [SgLow2]:0 [SgLow3]:0 [SgLow4]:0 [NetMuon1]:455318 [NetMuon2]:482068 [NetMuon3]:482068 [NetMuon4]:482068
[Run]:24497 [Site]:2 [Bin]:3155 [FullTime]:3600 [SkipTime]:0 [Veto1]:592.57 [Veto2]:411.292 [Veto3]:411.292 [Veto4]:411.292 [SgUp1]:58898 [SgUp2]:0 [SgUp3]:0 [SgUp4]:0 [SgLow1]:58793 [SgLow2]:0 [SgLow3]:0 [SgLow4]:0 [NetMuon1]:455737 [NetMuon2]:483413 [NetMuon3]:483413 [NetMuon4]:483413
[Run]:24497 [Site]:2 [Bin]:3156 [FullTime]:3600 [SkipTime]:0 [Veto1]:578.391 [Veto2]:409.445 [Veto3]:409.445 [Veto4]:409.445 [SgUp1]:59566 [SgUp2]:0 [SgUp3]:0 [SgUp4]:0 [SgLow1]:59480 [SgLow2]:0 [SgLow3]:0 [SgLow4]:0 [NetMuon1]:456017 [NetMuon2]:481537 [NetMuon3]:481537 [NetMuon4]:481537
[Run]:24497 [Site]:2 [Bin]:3157 [FullTime]:3600 [SkipTime]:0 [Veto1]:593.971 [Veto2]:410.146 [Veto3]:410.146 [Veto4]:410.146 [SgUp1]:59034 [SgUp2]:0 [SgUp3]:0 [SgUp4]:0 [SgLow1]:58933 [SgLow2]:0 [SgLow3]:0 [SgLow4]:0 [NetMuon1]:454428 [NetMuon2]:482335 [NetMuon3]:482335 [NetMuon4]:482335
[Run]:24497 [Site]:2 [Bin]:3158 [FullTime]:3600 [SkipTime]:0 [Veto1]:582.3 [Veto2]:409.457 [Veto3]:409.457 [Veto4]:409.457 [SgUp1]:59430 [SgUp2]:0 [SgUp3]:0 [SgUp4]:0 [SgLow1]:59312 [SgLow2]:0 [SgLow3]:0 [SgLow4]:0 [NetMuon1]:454938 [NetMuon2]:481391 [NetMuon3]:481391 [NetMuon4]:481391
[Run]:24497 [Site]:2 [Bin]:3159 [FullTime]:3600 [SkipTime]:0 [Veto1]:600.847 [Veto2]:409.832 [Veto3]:409.832 [Veto4]:409.832 [SgUp1]:58772 [SgUp2]:0 [SgUp3]:0 [SgUp4]:0 [SgLow1]:58670 [SgLow2]:0 [SgLow3]:0 [SgLow4]:0 [NetMuon1]:452999 [NetMuon2]:481800 [NetMuon3]:481800 [NetMuon4]:481800
[Run]:24497 [Site]:2 [Bin]:3160 [FullTime]:3600 [SkipTime]:0 [Veto1]:605.764 [Veto2]:409.009 [Veto3]:409.009 [Veto4]:409.009 [SgUp1]:59362 [SgUp2]:0 [SgUp3]:0 [SgUp4]:0 [SgLow1]:59257 [SgLow2]:0 [SgLow3]:0 [SgLow4]:0 [NetMuon1]:451428 [NetMuon2]:481114 [NetMuon3]:481114 [NetMuon4]:481114
[Run]:24497 [Site]:2 [Bin]:3161 [FullTime]:3600 [SkipTime]:0 [Veto1]:622.83 [Veto2]:408.646 [Veto3]:408.646 [Veto4]:408.646 [SgUp1]:58667 [SgUp2]:0 [SgUp3]:0 [SgUp4]:0 [SgLow1]:58555 [SgLow2]:0 [SgLow3]:0 [SgLow4]:0 [NetMuon1]:448510 [NetMuon2]:480662 [NetMuon3]:480662 [NetMuon4]:480662
[Run]:24497 [Site]:2 [Bin]:3162 [FullTime]:3600 [SkipTime]:0 [Veto1]:625.665 [Veto2]:408.203 [Veto3]:408.203 [Veto4]:408.203 [SgUp1]:58394 [SgUp2]:0 [SgUp3]:0 [SgUp4]:0 [SgLow1]:58300 [SgLow2]:0 [SgLow3]:0 [SgLow4]:0 [NetMuon1]:446858 [NetMuon2]:480003 [NetMuon3]:480003 [NetMuon4]:480003
[Run]:24497 [Site]:2 [Bin]:3163 [FullTime]:3600 [SkipTime]:0 [Veto1]:602.238 [Veto2]:409.025 [Veto3]:409.025 [Veto4]:409.025 [SgUp1]:59084 [SgUp2]:0 [SgUp3]:0 [SgUp4]:0 [SgLow1]:58987 [SgLow2]:0 [SgLow3]:0 [SgLow4]:0 [NetMuon1]:451496 [NetMuon2]:480943 [NetMuon3]:480943 [NetMuon4]:480943
[Run]:24497 [Site]:2 [Bin]:3164 [FullTime]:3600 [SkipTime]:0 [Veto1]:604.943 [Veto2]:408.95 [Veto3]:408.95 [Veto4]:408.95 [SgUp1]:59378 [SgUp2]:0 [SgUp3]:0 [SgUp4]:0 [SgLow1]:59264 [SgLow2]:0 [SgLow3]:0 [SgLow4]:0 [NetMuon1]:451381 [NetMuon2]:480907 [NetMuon3]:480907 [NetMuon4]:480907
[Run]:24497 [Site]:2 [Bin]:3165 [FullTime]:3600 [SkipTime]:0 [Veto1]:562.516 [Veto2]:409.806 [Veto3]:409.806 [Veto4]:409.806 [SgUp1]:59865 [SgUp2]:0 [SgUp3]:0 [SgUp4]:0 [SgLow1]:59747 [SgLow2]:0 [SgLow3]:0 [SgLow4]:0 [NetMuon1]:458564 [NetMuon2]:481785 [NetMuon3]:481785 [NetMuon4]:481785
[Run]:24497 [Site]:2 [Bin]:3166 [FullTime]:3600 [SkipTime]:0 [Veto1]:592.392 [Veto2]:409.854 [Veto3]:409.854 [Veto4]:409.854 [SgUp1]:59097 [SgUp2]:0 [SgUp3]:0 [SgUp4]:0 [SgLow1]:58994 [SgLow2]:0 [SgLow3]:0 [SgLow4]:0 [NetMuon1]:454377 [NetMuon2]:481761 [NetMuon3]:481761 [NetMuon4]:481761
[Run]:24497 [Site]:2 [Bin]:3167 [FullTime]:3600 [SkipTime]:0 [Veto1]:601.883 [Veto2]:408.59 [Veto3]:408.59 [Veto4]:408.59 [SgUp1]:58959 [SgUp2]:0 [SgUp3]:0 [SgUp4]:0 [SgLow1]:58861 [SgLow2]:0 [SgLow3]:0 [SgLow4]:0 [NetMuon1]:451594 [NetMuon2]:480217 [NetMuon3]:480217 [NetMuon4]:480217
End process Run: 24497 ... 
[Run]:24497 [Site]:2 [Bin]:3168 [FullTime]:3531.62 [SkipTime]:0 [Veto1]:583.628 [Veto2]:401.65 [Veto3]:401.65 [Veto4]:401.65
