StreamChain add 0x12c8f7f0
Start to process run: 24587 ... 
[Run]:24587 [Site]:2 [Bin]:3176 [FullTime]:161.454 [SkipTime]:0 [Veto1]:24.7141 [Veto2]:18.4852 [Veto3]:18.4852 [Veto4]:18.4852 [SgUp1]:2704 [SgUp2]:0 [SgUp3]:0 [SgUp4]:0 [SgLow1]:2703 [SgLow2]:0 [SgLow3]:0 [SgLow4]:0 [NetMuon1]:20752 [NetMuon2]:21659 [NetMuon3]:21659 [NetMuon4]:21659
[Run]:24587 [Site]:2 [Bin]:3177 [FullTime]:3600 [SkipTime]:0 [Veto1]:596.04 [Veto2]:408.703 [Veto3]:408.703 [Veto4]:408.703 [SgUp1]:58929 [SgUp2]:0 [SgUp3]:0 [SgUp4]:0 [SgLow1]:58858 [SgLow2]:0 [SgLow3]:0 [SgLow4]:0 [NetMuon1]:452267 [NetMuon2]:480498 [NetMuon3]:480498 [NetMuon4]:480498
[Run]:24587 [Site]:2 [Bin]:3178 [FullTime]:3600 [SkipTime]:0 [Veto1]:591.353 [Veto2]:409.514 [Veto3]:409.514 [Veto4]:409.514 [SgUp1]:59617 [SgUp2]:0 [SgUp3]:0 [SgUp4]:0 [SgLow1]:59518 [SgLow2]:0 [SgLow3]:0 [SgLow4]:0 [NetMuon1]:454452 [NetMuon2]:481661 [NetMuon3]:481661 [NetMuon4]:481661
[Run]:24587 [Site]:2 [Bin]:3179 [FullTime]:3600 [SkipTime]:0 [Veto1]:601.098 [Veto2]:409.818 [Veto3]:409.818 [Veto4]:409.818 [SgUp1]:59158 [SgUp2]:0 [SgUp3]:0 [SgUp4]:0 [SgLow1]:59016 [SgLow2]:0 [SgLow3]:0 [SgLow4]:0 [NetMuon1]:452929 [NetMuon2]:481544 [NetMuon3]:481544 [NetMuon4]:481544
[Run]:24587 [Site]:2 [Bin]:3180 [FullTime]:3600 [SkipTime]:0 [Veto1]:624.862 [Veto2]:409.09 [Veto3]:409.09 [Veto4]:409.09 [SgUp1]:58917 [SgUp2]:0 [SgUp3]:0 [SgUp4]:0 [SgLow1]:58805 [SgLow2]:0 [SgLow3]:0 [SgLow4]:0 [NetMuon1]:448488 [NetMuon2]:480973 [NetMuon3]:480973 [NetMuon4]:480973
[Run]:24587 [Site]:2 [Bin]:3181 [FullTime]:3600 [SkipTime]:0 [Veto1]:587.492 [Veto2]:409.881 [Veto3]:409.881 [Veto4]:409.881 [SgUp1]:59558 [SgUp2]:0 [SgUp3]:0 [SgUp4]:0 [SgLow1]:59446 [SgLow2]:0 [SgLow3]:0 [SgLow4]:0 [NetMuon1]:455097 [NetMuon2]:481977 [NetMuon3]:481977 [NetMuon4]:481977
[Run]:24587 [Site]:2 [Bin]:3182 [FullTime]:3600 [SkipTime]:0 [Veto1]:600.334 [Veto2]:408.803 [Veto3]:408.803 [Veto4]:408.803 [SgUp1]:59432 [SgUp2]:0 [SgUp3]:0 [SgUp4]:0 [SgLow1]:59316 [SgLow2]:0 [SgLow3]:0 [SgLow4]:0 [NetMuon1]:452119 [NetMuon2]:480797 [NetMuon3]:480797 [NetMuon4]:480797
[Run]:24587 [Site]:2 [Bin]:3183 [FullTime]:3600 [SkipTime]:0 [Veto1]:582.648 [Veto2]:409.246 [Veto3]:409.246 [Veto4]:409.246 [SgUp1]:59725 [SgUp2]:0 [SgUp3]:0 [SgUp4]:0 [SgLow1]:59640 [SgLow2]:0 [SgLow3]:0 [SgLow4]:0 [NetMuon1]:454864 [NetMuon2]:481207 [NetMuon3]:481207 [NetMuon4]:481207
[Run]:24587 [Site]:2 [Bin]:3184 [FullTime]:3600 [SkipTime]:0 [Veto1]:600.994 [Veto2]:408.802 [Veto3]:408.802 [Veto4]:408.802 [SgUp1]:59099 [SgUp2]:0 [SgUp3]:0 [SgUp4]:0 [SgLow1]:59004 [SgLow2]:0 [SgLow3]:0 [SgLow4]:0 [NetMuon1]:451803 [NetMuon2]:480697 [NetMuon3]:480697 [NetMuon4]:480697
[Run]:24587 [Site]:2 [Bin]:3185 [FullTime]:3600 [SkipTime]:0 [Veto1]:602.245 [Veto2]:409.58 [Veto3]:409.58 [Veto4]:409.58 [SgUp1]:58996 [SgUp2]:0 [SgUp3]:0 [SgUp4]:0 [SgLow1]:58892 [SgLow2]:0 [SgLow3]:0 [SgLow4]:0 [NetMuon1]:452466 [NetMuon2]:481721 [NetMuon3]:481721 [NetMuon4]:481721
[Run]:24587 [Site]:2 [Bin]:3186 [FullTime]:3600 [SkipTime]:0 [Veto1]:606.804 [Veto2]:409.308 [Veto3]:409.308 [Veto4]:409.308 [SgUp1]:59081 [SgUp2]:0 [SgUp3]:0 [SgUp4]:0 [SgLow1]:58961 [SgLow2]:0 [SgLow3]:0 [SgLow4]:0 [NetMuon1]:451597 [NetMuon2]:481437 [NetMuon3]:481437 [NetMuon4]:481437
[Run]:24587 [Site]:2 [Bin]:3187 [FullTime]:3600 [SkipTime]:0 [Veto1]:588.002 [Veto2]:409.6 [Veto3]:409.6 [Veto4]:409.6 [SgUp1]:59487 [SgUp2]:0 [SgUp3]:0 [SgUp4]:0 [SgLow1]:59380 [SgLow2]:0 [SgLow3]:0 [SgLow4]:0 [NetMuon1]:454598 [NetMuon2]:481579 [NetMuon3]:481579 [NetMuon4]:481579
[Run]:24587 [Site]:2 [Bin]:3188 [FullTime]:3600 [SkipTime]:0 [Veto1]:603.933 [Veto2]:408.326 [Veto3]:408.326 [Veto4]:408.326 [SgUp1]:58983 [SgUp2]:0 [SgUp3]:0 [SgUp4]:0 [SgLow1]:58888 [SgLow2]:0 [SgLow3]:0 [SgLow4]:0 [NetMuon1]:450800 [NetMuon2]:480152 [NetMuon3]:480152 [NetMuon4]:480152
[Run]:24587 [Site]:2 [Bin]:3189 [FullTime]:3600 [SkipTime]:0 [Veto1]:584.548 [Veto2]:408.288 [Veto3]:408.288 [Veto4]:408.288 [SgUp1]:59263 [SgUp2]:0 [SgUp3]:0 [SgUp4]:0 [SgLow1]:59163 [SgLow2]:0 [SgLow3]:0 [SgLow4]:0 [NetMuon1]:454030 [NetMuon2]:480465 [NetMuon3]:480465 [NetMuon4]:480465
[Run]:24587 [Site]:2 [Bin]:3190 [FullTime]:3600 [SkipTime]:0 [Veto1]:592.012 [Veto2]:409.158 [Veto3]:409.158 [Veto4]:409.158 [SgUp1]:59268 [SgUp2]:0 [SgUp3]:0 [SgUp4]:0 [SgLow1]:59167 [SgLow2]:0 [SgLow3]:0 [SgLow4]:0 [NetMuon1]:453719 [NetMuon2]:481180 [NetMuon3]:481180 [NetMuon4]:481180
[Run]:24587 [Site]:2 [Bin]:3191 [FullTime]:3600 [SkipTime]:0 [Veto1]:583.025 [Veto2]:408.721 [Veto3]:408.721 [Veto4]:408.721 [SgUp1]:59736 [SgUp2]:0 [SgUp3]:0 [SgUp4]:0 [SgLow1]:59622 [SgLow2]:0 [SgLow3]:0 [SgLow4]:0 [NetMuon1]:454097 [NetMuon2]:480637 [NetMuon3]:480637 [NetMuon4]:480637
[Run]:24587 [Site]:2 [Bin]:3192 [FullTime]:3600 [SkipTime]:0 [Veto1]:581.047 [Veto2]:409.607 [Veto3]:409.607 [Veto4]:409.607 [SgUp1]:58997 [SgUp2]:0 [SgUp3]:0 [SgUp4]:0 [SgLow1]:58907 [SgLow2]:0 [SgLow3]:0 [SgLow4]:0 [NetMuon1]:455586 [NetMuon2]:481511 [NetMuon3]:481511 [NetMuon4]:481511
[Run]:24587 [Site]:2 [Bin]:3193 [FullTime]:3600 [SkipTime]:0 [Veto1]:614.983 [Veto2]:409.633 [Veto3]:409.633 [Veto4]:409.633 [SgUp1]:58467 [SgUp2]:0 [SgUp3]:0 [SgUp4]:0 [SgLow1]:58367 [SgLow2]:0 [SgLow3]:0 [SgLow4]:0 [NetMuon1]:450446 [NetMuon2]:481711 [NetMuon3]:481711 [NetMuon4]:481711
[Run]:24587 [Site]:2 [Bin]:3194 [FullTime]:3600 [SkipTime]:0 [Veto1]:589.317 [Veto2]:409.065 [Veto3]:409.065 [Veto4]:409.065 [SgUp1]:59001 [SgUp2]:0 [SgUp3]:0 [SgUp4]:0 [SgLow1]:58914 [SgLow2]:0 [SgLow3]:0 [SgLow4]:0 [NetMuon1]:453700 [NetMuon2]:480780 [NetMuon3]:480780 [NetMuon4]:480780
[Run]:24587 [Site]:2 [Bin]:3195 [FullTime]:3600 [SkipTime]:0 [Veto1]:612.814 [Veto2]:409.446 [Veto3]:409.446 [Veto4]:409.446 [SgUp1]:58591 [SgUp2]:0 [SgUp3]:0 [SgUp4]:0 [SgLow1]:58504 [SgLow2]:0 [SgLow3]:0 [SgLow4]:0 [NetMuon1]:450777 [NetMuon2]:481697 [NetMuon3]:481697 [NetMuon4]:481697
[Run]:24587 [Site]:2 [Bin]:3196 [FullTime]:3600 [SkipTime]:0 [Veto1]:596.85 [Veto2]:409.171 [Veto3]:409.171 [Veto4]:409.171 [SgUp1]:58787 [SgUp2]:0 [SgUp3]:0 [SgUp4]:0 [SgLow1]:58688 [SgLow2]:0 [SgLow3]:0 [SgLow4]:0 [NetMuon1]:452968 [NetMuon2]:481187 [NetMuon3]:481187 [NetMuon4]:481187
[Run]:24587 [Site]:2 [Bin]:3197 [FullTime]:3600 [SkipTime]:0 [Veto1]:605.621 [Veto2]:409.062 [Veto3]:409.062 [Veto4]:409.062 [SgUp1]:58579 [SgUp2]:0 [SgUp3]:0 [SgUp4]:0 [SgLow1]:58490 [SgLow2]:0 [SgLow3]:0 [SgLow4]:0 [NetMuon1]:451747 [NetMuon2]:481267 [NetMuon3]:481267 [NetMuon4]:481267
[Run]:24587 [Site]:2 [Bin]:3198 [FullTime]:3600 [SkipTime]:0 [Veto1]:609.909 [Veto2]:409.829 [Veto3]:409.829 [Veto4]:409.829 [SgUp1]:58384 [SgUp2]:0 [SgUp3]:0 [SgUp4]:0 [SgLow1]:58275 [SgLow2]:0 [SgLow3]:0 [SgLow4]:0 [NetMuon1]:451604 [NetMuon2]:481910 [NetMuon3]:481910 [NetMuon4]:481910
[Run]:24587 [Site]:2 [Bin]:3199 [FullTime]:3600 [SkipTime]:0 [Veto1]:618.038 [Veto2]:409.128 [Veto3]:409.128 [Veto4]:409.128 [SgUp1]:59090 [SgUp2]:0 [SgUp3]:0 [SgUp4]:0 [SgLow1]:58989 [SgLow2]:0 [SgLow3]:0 [SgLow4]:0 [NetMuon1]:449539 [NetMuon2]:481051 [NetMuon3]:481051 [NetMuon4]:481051
[Run]:24587 [Site]:2 [Bin]:3200 [FullTime]:3600 [SkipTime]:0 [Veto1]:589.919 [Veto2]:408.226 [Veto3]:408.226 [Veto4]:408.226 [SgUp1]:59003 [SgUp2]:0 [SgUp3]:0 [SgUp4]:0 [SgLow1]:58908 [SgLow2]:0 [SgLow3]:0 [SgLow4]:0 [NetMuon1]:452408 [NetMuon2]:480163 [NetMuon3]:480163 [NetMuon4]:480163
[Run]:24587 [Site]:2 [Bin]:3201 [FullTime]:3600 [SkipTime]:0 [Veto1]:602.99 [Veto2]:408.904 [Veto3]:408.904 [Veto4]:408.904 [SgUp1]:59034 [SgUp2]:0 [SgUp3]:0 [SgUp4]:0 [SgLow1]:58915 [SgLow2]:0 [SgLow3]:0 [SgLow4]:0 [NetMuon1]:451729 [NetMuon2]:480891 [NetMuon3]:480891 [NetMuon4]:480891
[Run]:24587 [Site]:2 [Bin]:3202 [FullTime]:3600 [SkipTime]:0 [Veto1]:588.534 [Veto2]:409.164 [Veto3]:409.164 [Veto4]:409.164 [SgUp1]:58931 [SgUp2]:0 [SgUp3]:0 [SgUp4]:0 [SgLow1]:58817 [SgLow2]:0 [SgLow3]:0 [SgLow4]:0 [NetMuon1]:454136 [NetMuon2]:480921 [NetMuon3]:480921 [NetMuon4]:480921
[Run]:24587 [Site]:2 [Bin]:3203 [FullTime]:3600 [SkipTime]:0 [Veto1]:609.934 [Veto2]:408.184 [Veto3]:408.184 [Veto4]:408.184 [SgUp1]:58891 [SgUp2]:0 [SgUp3]:0 [SgUp4]:0 [SgLow1]:58782 [SgLow2]:0 [SgLow3]:0 [SgLow4]:0 [NetMuon1]:449841 [NetMuon2]:479929 [NetMuon3]:479929 [NetMuon4]:479929
[Run]:24587 [Site]:2 [Bin]:3204 [FullTime]:3600 [SkipTime]:0 [Veto1]:590.539 [Veto2]:408.419 [Veto3]:408.419 [Veto4]:408.419 [SgUp1]:59298 [SgUp2]:0 [SgUp3]:0 [SgUp4]:0 [SgLow1]:59190 [SgLow2]:0 [SgLow3]:0 [SgLow4]:0 [NetMuon1]:452805 [NetMuon2]:480161 [NetMuon3]:480161 [NetMuon4]:480161
[Run]:24587 [Site]:2 [Bin]:3205 [FullTime]:3600 [SkipTime]:0 [Veto1]:567.132 [Veto2]:408.386 [Veto3]:408.386 [Veto4]:408.386 [SgUp1]:59724 [SgUp2]:0 [SgUp3]:0 [SgUp4]:0 [SgLow1]:59597 [SgLow2]:0 [SgLow3]:0 [SgLow4]:0 [NetMuon1]:456633 [NetMuon2]:480452 [NetMuon3]:480452 [NetMuon4]:480452
[Run]:24587 [Site]:2 [Bin]:3206 [FullTime]:3600 [SkipTime]:0 [Veto1]:604.174 [Veto2]:408.228 [Veto3]:408.228 [Veto4]:408.228 [SgUp1]:58910 [SgUp2]:0 [SgUp3]:0 [SgUp4]:0 [SgLow1]:58810 [SgLow2]:0 [SgLow3]:0 [SgLow4]:0 [NetMuon1]:450546 [NetMuon2]:479979 [NetMuon3]:479979 [NetMuon4]:479979
[Run]:24587 [Site]:2 [Bin]:3207 [FullTime]:3600 [SkipTime]:0 [Veto1]:592.758 [Veto2]:409.095 [Veto3]:409.095 [Veto4]:409.095 [SgUp1]:59201 [SgUp2]:0 [SgUp3]:0 [SgUp4]:0 [SgLow1]:59087 [SgLow2]:0 [SgLow3]:0 [SgLow4]:0 [NetMuon1]:453273 [NetMuon2]:481191 [NetMuon3]:481191 [NetMuon4]:481191
[Run]:24587 [Site]:2 [Bin]:3208 [FullTime]:3600 [SkipTime]:0 [Veto1]:613.038 [Veto2]:409.417 [Veto3]:409.417 [Veto4]:409.417 [SgUp1]:58505 [SgUp2]:0 [SgUp3]:0 [SgUp4]:0 [SgLow1]:58419 [SgLow2]:0 [SgLow3]:0 [SgLow4]:0 [NetMuon1]:450425 [NetMuon2]:481446 [NetMuon3]:481446 [NetMuon4]:481446
[Run]:24587 [Site]:2 [Bin]:3209 [FullTime]:3600 [SkipTime]:0 [Veto1]:591.795 [Veto2]:410.027 [Veto3]:410.027 [Veto4]:410.027 [SgUp1]:59002 [SgUp2]:0 [SgUp3]:0 [SgUp4]:0 [SgLow1]:58882 [SgLow2]:0 [SgLow3]:0 [SgLow4]:0 [NetMuon1]:454680 [NetMuon2]:482123 [NetMuon3]:482123 [NetMuon4]:482123
[Run]:24587 [Site]:2 [Bin]:3210 [FullTime]:3600 [SkipTime]:0 [Veto1]:616.731 [Veto2]:409.501 [Veto3]:409.501 [Veto4]:409.501 [SgUp1]:58632 [SgUp2]:0 [SgUp3]:0 [SgUp4]:0 [SgLow1]:58540 [SgLow2]:0 [SgLow3]:0 [SgLow4]:0 [NetMuon1]:449953 [NetMuon2]:481245 [NetMuon3]:481245 [NetMuon4]:481245
[Run]:24587 [Site]:2 [Bin]:3211 [FullTime]:3600 [SkipTime]:0 [Veto1]:599.359 [Veto2]:409.14 [Veto3]:409.14 [Veto4]:409.14 [SgUp1]:59167 [SgUp2]:0 [SgUp3]:0 [SgUp4]:0 [SgLow1]:59069 [SgLow2]:0 [SgLow3]:0 [SgLow4]:0 [NetMuon1]:452457 [NetMuon2]:481014 [NetMuon3]:481014 [NetMuon4]:481014
[Run]:24587 [Site]:2 [Bin]:3212 [FullTime]:3600 [SkipTime]:0 [Veto1]:581.965 [Veto2]:408.974 [Veto3]:408.974 [Veto4]:408.974 [SgUp1]:59365 [SgUp2]:0 [SgUp3]:0 [SgUp4]:0 [SgLow1]:59247 [SgLow2]:0 [SgLow3]:0 [SgLow4]:0 [NetMuon1]:455022 [NetMuon2]:480994 [NetMuon3]:480994 [NetMuon4]:480994
[Run]:24587 [Site]:2 [Bin]:3213 [FullTime]:3600 [SkipTime]:0 [Veto1]:579.127 [Veto2]:409.357 [Veto3]:409.357 [Veto4]:409.357 [SgUp1]:59647 [SgUp2]:0 [SgUp3]:0 [SgUp4]:0 [SgLow1]:59564 [SgLow2]:0 [SgLow3]:0 [SgLow4]:0 [NetMuon1]:456027 [NetMuon2]:481481 [NetMuon3]:481481 [NetMuon4]:481481
[Run]:24587 [Site]:2 [Bin]:3214 [FullTime]:3600 [SkipTime]:0 [Veto1]:603.16 [Veto2]:408.826 [Veto3]:408.826 [Veto4]:408.826 [SgUp1]:59111 [SgUp2]:0 [SgUp3]:0 [SgUp4]:0 [SgLow1]:59010 [SgLow2]:0 [SgLow3]:0 [SgLow4]:0 [NetMuon1]:451453 [NetMuon2]:480699 [NetMuon3]:480699 [NetMuon4]:480699
[Run]:24587 [Site]:2 [Bin]:3215 [FullTime]:3600 [SkipTime]:0 [Veto1]:607.821 [Veto2]:408.661 [Veto3]:408.661 [Veto4]:408.661 [SgUp1]:59334 [SgUp2]:0 [SgUp3]:0 [SgUp4]:0 [SgLow1]:59232 [SgLow2]:0 [SgLow3]:0 [SgLow4]:0 [NetMuon1]:450531 [NetMuon2]:480681 [NetMuon3]:480681 [NetMuon4]:480681
[Run]:24587 [Site]:2 [Bin]:3216 [FullTime]:3600 [SkipTime]:0 [Veto1]:628.739 [Veto2]:410.239 [Veto3]:410.239 [Veto4]:410.239 [SgUp1]:58702 [SgUp2]:0 [SgUp3]:0 [SgUp4]:0 [SgLow1]:58574 [SgLow2]:0 [SgLow3]:0 [SgLow4]:0 [NetMuon1]:449493 [NetMuon2]:482211 [NetMuon3]:482211 [NetMuon4]:482211
[Run]:24587 [Site]:2 [Bin]:3217 [FullTime]:3600 [SkipTime]:0 [Veto1]:596.484 [Veto2]:408.683 [Veto3]:408.683 [Veto4]:408.683 [SgUp1]:59166 [SgUp2]:0 [SgUp3]:0 [SgUp4]:0 [SgLow1]:59080 [SgLow2]:0 [SgLow3]:0 [SgLow4]:0 [NetMuon1]:452302 [NetMuon2]:480558 [NetMuon3]:480558 [NetMuon4]:480558
[Run]:24587 [Site]:2 [Bin]:3218 [FullTime]:3600 [SkipTime]:0 [Veto1]:589.879 [Veto2]:408.708 [Veto3]:408.708 [Veto4]:408.708 [SgUp1]:59807 [SgUp2]:0 [SgUp3]:0 [SgUp4]:0 [SgLow1]:59688 [SgLow2]:0 [SgLow3]:0 [SgLow4]:0 [NetMuon1]:452842 [NetMuon2]:480390 [NetMuon3]:480390 [NetMuon4]:480390
[Run]:24587 [Site]:2 [Bin]:3219 [FullTime]:3600 [SkipTime]:0 [Veto1]:575.213 [Veto2]:409.728 [Veto3]:409.728 [Veto4]:409.728 [SgUp1]:59578 [SgUp2]:0 [SgUp3]:0 [SgUp4]:0 [SgLow1]:59473 [SgLow2]:0 [SgLow3]:0 [SgLow4]:0 [NetMuon1]:456864 [NetMuon2]:481955 [NetMuon3]:481955 [NetMuon4]:481955
End process Run: 24587 ... 
[Run]:24587 [Site]:2 [Bin]:3220 [FullTime]:90.9377 [SkipTime]:0 [Veto1]:15.2934 [Veto2]:10.3878 [Veto3]:10.3878 [Veto4]:10.3878
