StreamChain add 0x46297f0
Start to process run: 25832 ... 
[Run]:25832 [Site]:2 [Bin]:4296 [FullTime]:1502.37 [SkipTime]:0 [Veto1]:261.338 [Veto2]:171.194 [Veto3]:171.194 [Veto4]:171.194 [SgUp1]:24204 [SgUp2]:0 [SgUp3]:0 [SgUp4]:0 [SgLow1]:24168 [SgLow2]:0 [SgLow3]:0 [SgLow4]:0 [NetMuon1]:187602 [NetMuon2]:201386 [NetMuon3]:201386 [NetMuon4]:201386
[Run]:25832 [Site]:2 [Bin]:4297 [FullTime]:3600 [SkipTime]:0 [Veto1]:595.329 [Veto2]:411.105 [Veto3]:411.105 [Veto4]:411.105 [SgUp1]:58795 [SgUp2]:0 [SgUp3]:0 [SgUp4]:0 [SgLow1]:58710 [SgLow2]:0 [SgLow3]:0 [SgLow4]:0 [NetMuon1]:455645 [NetMuon2]:483512 [NetMuon3]:483512 [NetMuon4]:483512
[Run]:25832 [Site]:2 [Bin]:4298 [FullTime]:3600 [SkipTime]:0 [Veto1]:588.983 [Veto2]:411.399 [Veto3]:411.399 [Veto4]:411.399 [SgUp1]:58771 [SgUp2]:0 [SgUp3]:0 [SgUp4]:0 [SgLow1]:58675 [SgLow2]:0 [SgLow3]:0 [SgLow4]:0 [NetMuon1]:456595 [NetMuon2]:483523 [NetMuon3]:483523 [NetMuon4]:483523
[Run]:25832 [Site]:2 [Bin]:4299 [FullTime]:3600 [SkipTime]:0 [Veto1]:618.486 [Veto2]:411.471 [Veto3]:411.471 [Veto4]:411.471 [SgUp1]:58635 [SgUp2]:0 [SgUp3]:0 [SgUp4]:0 [SgLow1]:58548 [SgLow2]:0 [SgLow3]:0 [SgLow4]:0 [NetMuon1]:452260 [NetMuon2]:483793 [NetMuon3]:483793 [NetMuon4]:483793
[Run]:25832 [Site]:2 [Bin]:4300 [FullTime]:3600 [SkipTime]:0 [Veto1]:593.412 [Veto2]:411.569 [Veto3]:411.569 [Veto4]:411.569 [SgUp1]:58929 [SgUp2]:0 [SgUp3]:0 [SgUp4]:0 [SgLow1]:58845 [SgLow2]:0 [SgLow3]:0 [SgLow4]:0 [NetMuon1]:456026 [NetMuon2]:483717 [NetMuon3]:483717 [NetMuon4]:483717
[Run]:25832 [Site]:2 [Bin]:4301 [FullTime]:3600 [SkipTime]:0 [Veto1]:611.603 [Veto2]:411.132 [Veto3]:411.132 [Veto4]:411.132 [SgUp1]:58537 [SgUp2]:0 [SgUp3]:0 [SgUp4]:0 [SgLow1]:58468 [SgLow2]:0 [SgLow3]:0 [SgLow4]:0 [NetMuon1]:452826 [NetMuon2]:483244 [NetMuon3]:483244 [NetMuon4]:483244
[Run]:25832 [Site]:2 [Bin]:4302 [FullTime]:3600 [SkipTime]:0 [Veto1]:584.408 [Veto2]:409.898 [Veto3]:409.898 [Veto4]:409.898 [SgUp1]:59440 [SgUp2]:0 [SgUp3]:0 [SgUp4]:0 [SgLow1]:59343 [SgLow2]:0 [SgLow3]:0 [SgLow4]:0 [NetMuon1]:455431 [NetMuon2]:481968 [NetMuon3]:481968 [NetMuon4]:481968
[Run]:25832 [Site]:2 [Bin]:4303 [FullTime]:3600 [SkipTime]:0 [Veto1]:635.971 [Veto2]:411.258 [Veto3]:411.258 [Veto4]:411.258 [SgUp1]:58301 [SgUp2]:0 [SgUp3]:0 [SgUp4]:0 [SgLow1]:58216 [SgLow2]:0 [SgLow3]:0 [SgLow4]:0 [NetMuon1]:449153 [NetMuon2]:483480 [NetMuon3]:483480 [NetMuon4]:483480
[Run]:25832 [Site]:2 [Bin]:4304 [FullTime]:3600 [SkipTime]:0 [Veto1]:592.293 [Veto2]:410.617 [Veto3]:410.617 [Veto4]:410.617 [SgUp1]:59149 [SgUp2]:0 [SgUp3]:0 [SgUp4]:0 [SgLow1]:59054 [SgLow2]:0 [SgLow3]:0 [SgLow4]:0 [NetMuon1]:455520 [NetMuon2]:483070 [NetMuon3]:483070 [NetMuon4]:483070
[Run]:25832 [Site]:2 [Bin]:4305 [FullTime]:3600 [SkipTime]:0 [Veto1]:584.419 [Veto2]:410.693 [Veto3]:410.693 [Veto4]:410.693 [SgUp1]:59182 [SgUp2]:0 [SgUp3]:0 [SgUp4]:0 [SgLow1]:59087 [SgLow2]:0 [SgLow3]:0 [SgLow4]:0 [NetMuon1]:456636 [NetMuon2]:482813 [NetMuon3]:482813 [NetMuon4]:482813
[Run]:25832 [Site]:2 [Bin]:4306 [FullTime]:3600 [SkipTime]:0 [Veto1]:594.301 [Veto2]:410.857 [Veto3]:410.857 [Veto4]:410.857 [SgUp1]:58848 [SgUp2]:0 [SgUp3]:0 [SgUp4]:0 [SgLow1]:58773 [SgLow2]:0 [SgLow3]:0 [SgLow4]:0 [NetMuon1]:455002 [NetMuon2]:482951 [NetMuon3]:482951 [NetMuon4]:482951
[Run]:25832 [Site]:2 [Bin]:4307 [FullTime]:3600 [SkipTime]:0 [Veto1]:608.747 [Veto2]:411.352 [Veto3]:411.352 [Veto4]:411.352 [SgUp1]:58732 [SgUp2]:0 [SgUp3]:0 [SgUp4]:0 [SgLow1]:58665 [SgLow2]:0 [SgLow3]:0 [SgLow4]:0 [NetMuon1]:453352 [NetMuon2]:483792 [NetMuon3]:483792 [NetMuon4]:483792
[Run]:25832 [Site]:2 [Bin]:4308 [FullTime]:3600 [SkipTime]:0 [Veto1]:584.174 [Veto2]:409.686 [Veto3]:409.686 [Veto4]:409.686 [SgUp1]:59166 [SgUp2]:0 [SgUp3]:0 [SgUp4]:0 [SgLow1]:59087 [SgLow2]:0 [SgLow3]:0 [SgLow4]:0 [NetMuon1]:454996 [NetMuon2]:481482 [NetMuon3]:481482 [NetMuon4]:481482
[Run]:25832 [Site]:2 [Bin]:4309 [FullTime]:3600 [SkipTime]:0 [Veto1]:588.096 [Veto2]:409.913 [Veto3]:409.913 [Veto4]:409.913 [SgUp1]:58737 [SgUp2]:0 [SgUp3]:0 [SgUp4]:0 [SgLow1]:58659 [SgLow2]:0 [SgLow3]:0 [SgLow4]:0 [NetMuon1]:454660 [NetMuon2]:481830 [NetMuon3]:481830 [NetMuon4]:481830
[Run]:25832 [Site]:2 [Bin]:4310 [FullTime]:3600 [SkipTime]:0 [Veto1]:624.389 [Veto2]:411.203 [Veto3]:411.203 [Veto4]:411.203 [SgUp1]:58317 [SgUp2]:0 [SgUp3]:0 [SgUp4]:0 [SgLow1]:58243 [SgLow2]:0 [SgLow3]:0 [SgLow4]:0 [NetMuon1]:451339 [NetMuon2]:483428 [NetMuon3]:483428 [NetMuon4]:483428
[Run]:25832 [Site]:2 [Bin]:4311 [FullTime]:3600 [SkipTime]:0 [Veto1]:589.292 [Veto2]:410.585 [Veto3]:410.585 [Veto4]:410.585 [SgUp1]:58636 [SgUp2]:0 [SgUp3]:0 [SgUp4]:0 [SgLow1]:58559 [SgLow2]:0 [SgLow3]:0 [SgLow4]:0 [NetMuon1]:454951 [NetMuon2]:482665 [NetMuon3]:482665 [NetMuon4]:482665
[Run]:25832 [Site]:2 [Bin]:4312 [FullTime]:3600 [SkipTime]:0 [Veto1]:595.533 [Veto2]:409.693 [Veto3]:409.693 [Veto4]:409.693 [SgUp1]:59188 [SgUp2]:0 [SgUp3]:0 [SgUp4]:0 [SgLow1]:59091 [SgLow2]:0 [SgLow3]:0 [SgLow4]:0 [NetMuon1]:453580 [NetMuon2]:481612 [NetMuon3]:481612 [NetMuon4]:481612
[Run]:25832 [Site]:2 [Bin]:4313 [FullTime]:3600 [SkipTime]:0 [Veto1]:612.512 [Veto2]:410.429 [Veto3]:410.429 [Veto4]:410.429 [SgUp1]:58663 [SgUp2]:0 [SgUp3]:0 [SgUp4]:0 [SgLow1]:58576 [SgLow2]:0 [SgLow3]:0 [SgLow4]:0 [NetMuon1]:451913 [NetMuon2]:482690 [NetMuon3]:482690 [NetMuon4]:482690
[Run]:25832 [Site]:2 [Bin]:4314 [FullTime]:3600 [SkipTime]:0 [Veto1]:598.239 [Veto2]:410.134 [Veto3]:410.134 [Veto4]:410.134 [SgUp1]:58702 [SgUp2]:0 [SgUp3]:0 [SgUp4]:0 [SgLow1]:58629 [SgLow2]:0 [SgLow3]:0 [SgLow4]:0 [NetMuon1]:454065 [NetMuon2]:482188 [NetMuon3]:482188 [NetMuon4]:482188
[Run]:25832 [Site]:2 [Bin]:4315 [FullTime]:3600 [SkipTime]:0 [Veto1]:616.514 [Veto2]:410.736 [Veto3]:410.736 [Veto4]:410.736 [SgUp1]:58607 [SgUp2]:0 [SgUp3]:0 [SgUp4]:0 [SgLow1]:58537 [SgLow2]:0 [SgLow3]:0 [SgLow4]:0 [NetMuon1]:451328 [NetMuon2]:482628 [NetMuon3]:482628 [NetMuon4]:482628
[Run]:25832 [Site]:2 [Bin]:4316 [FullTime]:3600 [SkipTime]:0 [Veto1]:599.567 [Veto2]:410.571 [Veto3]:410.571 [Veto4]:410.571 [SgUp1]:58823 [SgUp2]:0 [SgUp3]:0 [SgUp4]:0 [SgLow1]:58732 [SgLow2]:0 [SgLow3]:0 [SgLow4]:0 [NetMuon1]:453799 [NetMuon2]:482629 [NetMuon3]:482629 [NetMuon4]:482629
[Run]:25832 [Site]:2 [Bin]:4317 [FullTime]:3600 [SkipTime]:0 [Veto1]:611.224 [Veto2]:411.174 [Veto3]:411.174 [Veto4]:411.174 [SgUp1]:58040 [SgUp2]:0 [SgUp3]:0 [SgUp4]:0 [SgLow1]:57957 [SgLow2]:0 [SgLow3]:0 [SgLow4]:0 [NetMuon1]:453071 [NetMuon2]:483367 [NetMuon3]:483367 [NetMuon4]:483367
[Run]:25832 [Site]:2 [Bin]:4318 [FullTime]:3600 [SkipTime]:0 [Veto1]:618.82 [Veto2]:409.507 [Veto3]:409.507 [Veto4]:409.507 [SgUp1]:58027 [SgUp2]:0 [SgUp3]:0 [SgUp4]:0 [SgLow1]:57945 [SgLow2]:0 [SgLow3]:0 [SgLow4]:0 [NetMuon1]:449917 [NetMuon2]:481551 [NetMuon3]:481551 [NetMuon4]:481551
[Run]:25832 [Site]:2 [Bin]:4319 [FullTime]:3600 [SkipTime]:0 [Veto1]:598.079 [Veto2]:410.309 [Veto3]:410.309 [Veto4]:410.309 [SgUp1]:58941 [SgUp2]:0 [SgUp3]:0 [SgUp4]:0 [SgLow1]:58848 [SgLow2]:0 [SgLow3]:0 [SgLow4]:0 [NetMuon1]:453893 [NetMuon2]:482380 [NetMuon3]:482380 [NetMuon4]:482380
[Run]:25832 [Site]:2 [Bin]:4320 [FullTime]:3600 [SkipTime]:0 [Veto1]:611.985 [Veto2]:409.821 [Veto3]:409.821 [Veto4]:409.821 [SgUp1]:58599 [SgUp2]:0 [SgUp3]:0 [SgUp4]:0 [SgLow1]:58525 [SgLow2]:0 [SgLow3]:0 [SgLow4]:0 [NetMuon1]:450996 [NetMuon2]:481811 [NetMuon3]:481811 [NetMuon4]:481811
[Run]:25832 [Site]:2 [Bin]:4321 [FullTime]:3600 [SkipTime]:0 [Veto1]:588.638 [Veto2]:410.096 [Veto3]:410.096 [Veto4]:410.096 [SgUp1]:58882 [SgUp2]:0 [SgUp3]:0 [SgUp4]:0 [SgLow1]:58801 [SgLow2]:0 [SgLow3]:0 [SgLow4]:0 [NetMuon1]:455238 [NetMuon2]:482189 [NetMuon3]:482189 [NetMuon4]:482189
[Run]:25832 [Site]:2 [Bin]:4322 [FullTime]:3600 [SkipTime]:0 [Veto1]:586.214 [Veto2]:409.808 [Veto3]:409.808 [Veto4]:409.808 [SgUp1]:58809 [SgUp2]:0 [SgUp3]:0 [SgUp4]:0 [SgLow1]:58721 [SgLow2]:0 [SgLow3]:0 [SgLow4]:0 [NetMuon1]:455229 [NetMuon2]:481966 [NetMuon3]:481966 [NetMuon4]:481966
[Run]:25832 [Site]:2 [Bin]:4323 [FullTime]:3600 [SkipTime]:0 [Veto1]:618.07 [Veto2]:409.99 [Veto3]:409.99 [Veto4]:409.99 [SgUp1]:57948 [SgUp2]:0 [SgUp3]:0 [SgUp4]:0 [SgLow1]:57868 [SgLow2]:0 [SgLow3]:0 [SgLow4]:0 [NetMuon1]:450494 [NetMuon2]:481870 [NetMuon3]:481870 [NetMuon4]:481870
[Run]:25832 [Site]:2 [Bin]:4324 [FullTime]:3599.99 [SkipTime]:0 [Veto1]:587.392 [Veto2]:410.222 [Veto3]:410.222 [Veto4]:410.222 [SgUp1]:58893 [SgUp2]:0 [SgUp3]:0 [SgUp4]:0 [SgLow1]:58823 [SgLow2]:0 [SgLow3]:0 [SgLow4]:0 [NetMuon1]:455505 [NetMuon2]:482257 [NetMuon3]:482257 [NetMuon4]:482257
[Run]:25832 [Site]:2 [Bin]:4325 [FullTime]:3600 [SkipTime]:0 [Veto1]:608.075 [Veto2]:410.04 [Veto3]:410.04 [Veto4]:410.04 [SgUp1]:58273 [SgUp2]:0 [SgUp3]:0 [SgUp4]:0 [SgLow1]:58200 [SgLow2]:0 [SgLow3]:0 [SgLow4]:0 [NetMuon1]:452179 [NetMuon2]:482054 [NetMuon3]:482054 [NetMuon4]:482054
[Run]:25832 [Site]:2 [Bin]:4326 [FullTime]:3600 [SkipTime]:0 [Veto1]:601.656 [Veto2]:409.816 [Veto3]:409.816 [Veto4]:409.816 [SgUp1]:58555 [SgUp2]:0 [SgUp3]:0 [SgUp4]:0 [SgLow1]:58472 [SgLow2]:0 [SgLow3]:0 [SgLow4]:0 [NetMuon1]:453099 [NetMuon2]:482042 [NetMuon3]:482042 [NetMuon4]:482042
[Run]:25832 [Site]:2 [Bin]:4327 [FullTime]:3600 [SkipTime]:0 [Veto1]:617.818 [Veto2]:410.171 [Veto3]:410.171 [Veto4]:410.171 [SgUp1]:58626 [SgUp2]:0 [SgUp3]:0 [SgUp4]:0 [SgLow1]:58565 [SgLow2]:0 [SgLow3]:0 [SgLow4]:0 [NetMuon1]:450907 [NetMuon2]:482349 [NetMuon3]:482349 [NetMuon4]:482349
[Run]:25832 [Site]:2 [Bin]:4328 [FullTime]:3600 [SkipTime]:0 [Veto1]:587.779 [Veto2]:409.395 [Veto3]:409.395 [Veto4]:409.395 [SgUp1]:58386 [SgUp2]:0 [SgUp3]:0 [SgUp4]:0 [SgLow1]:58316 [SgLow2]:0 [SgLow3]:0 [SgLow4]:0 [NetMuon1]:454393 [NetMuon2]:481177 [NetMuon3]:481177 [NetMuon4]:481177
[Run]:25832 [Site]:2 [Bin]:4329 [FullTime]:3600 [SkipTime]:0 [Veto1]:611.695 [Veto2]:410.286 [Veto3]:410.286 [Veto4]:410.286 [SgUp1]:58457 [SgUp2]:0 [SgUp3]:0 [SgUp4]:0 [SgLow1]:58396 [SgLow2]:0 [SgLow3]:0 [SgLow4]:0 [NetMuon1]:451854 [NetMuon2]:482359 [NetMuon3]:482359 [NetMuon4]:482359
[Run]:25832 [Site]:2 [Bin]:4330 [FullTime]:3600 [SkipTime]:0 [Veto1]:604.053 [Veto2]:410.033 [Veto3]:410.033 [Veto4]:410.033 [SgUp1]:58531 [SgUp2]:0 [SgUp3]:0 [SgUp4]:0 [SgLow1]:58457 [SgLow2]:0 [SgLow3]:0 [SgLow4]:0 [NetMuon1]:452898 [NetMuon2]:482155 [NetMuon3]:482155 [NetMuon4]:482155
[Run]:25832 [Site]:2 [Bin]:4331 [FullTime]:3600 [SkipTime]:0 [Veto1]:614.244 [Veto2]:409.412 [Veto3]:409.412 [Veto4]:409.412 [SgUp1]:58377 [SgUp2]:0 [SgUp3]:0 [SgUp4]:0 [SgLow1]:58271 [SgLow2]:0 [SgLow3]:0 [SgLow4]:0 [NetMuon1]:450451 [NetMuon2]:481504 [NetMuon3]:481504 [NetMuon4]:481504
[Run]:25832 [Site]:2 [Bin]:4332 [FullTime]:3600 [SkipTime]:0 [Veto1]:581.23 [Veto2]:409.581 [Veto3]:409.581 [Veto4]:409.581 [SgUp1]:59163 [SgUp2]:0 [SgUp3]:0 [SgUp4]:0 [SgLow1]:59077 [SgLow2]:0 [SgLow3]:0 [SgLow4]:0 [NetMuon1]:455983 [NetMuon2]:481570 [NetMuon3]:481570 [NetMuon4]:481570
[Run]:25832 [Site]:2 [Bin]:4333 [FullTime]:3600 [SkipTime]:0 [Veto1]:594.747 [Veto2]:409.572 [Veto3]:409.572 [Veto4]:409.572 [SgUp1]:58450 [SgUp2]:0 [SgUp3]:0 [SgUp4]:0 [SgLow1]:58381 [SgLow2]:0 [SgLow3]:0 [SgLow4]:0 [NetMuon1]:453397 [NetMuon2]:481459 [NetMuon3]:481459 [NetMuon4]:481459
[Run]:25832 [Site]:2 [Bin]:4334 [FullTime]:3600 [SkipTime]:0 [Veto1]:595.006 [Veto2]:410.536 [Veto3]:410.536 [Veto4]:410.536 [SgUp1]:58680 [SgUp2]:0 [SgUp3]:0 [SgUp4]:0 [SgLow1]:58625 [SgLow2]:0 [SgLow3]:0 [SgLow4]:0 [NetMuon1]:454462 [NetMuon2]:482458 [NetMuon3]:482458 [NetMuon4]:482458
[Run]:25832 [Site]:2 [Bin]:4335 [FullTime]:3600 [SkipTime]:0 [Veto1]:614.594 [Veto2]:409.93 [Veto3]:409.93 [Veto4]:409.93 [SgUp1]:58350 [SgUp2]:0 [SgUp3]:0 [SgUp4]:0 [SgLow1]:58275 [SgLow2]:0 [SgLow3]:0 [SgLow4]:0 [NetMuon1]:450802 [NetMuon2]:481993 [NetMuon3]:481993 [NetMuon4]:481993
[Run]:25832 [Site]:2 [Bin]:4336 [FullTime]:3600.01 [SkipTime]:0 [Veto1]:580.441 [Veto2]:410.796 [Veto3]:410.796 [Veto4]:410.796 [SgUp1]:58847 [SgUp2]:0 [SgUp3]:0 [SgUp4]:0 [SgLow1]:58746 [SgLow2]:0 [SgLow3]:0 [SgLow4]:0 [NetMuon1]:457259 [NetMuon2]:482941 [NetMuon3]:482941 [NetMuon4]:482941
[Run]:25832 [Site]:2 [Bin]:4337 [FullTime]:3599.99 [SkipTime]:0 [Veto1]:597.319 [Veto2]:410.897 [Veto3]:410.897 [Veto4]:410.897 [SgUp1]:58758 [SgUp2]:0 [SgUp3]:0 [SgUp4]:0 [SgLow1]:58687 [SgLow2]:0 [SgLow3]:0 [SgLow4]:0 [NetMuon1]:455240 [NetMuon2]:483289 [NetMuon3]:483289 [NetMuon4]:483289
[Run]:25832 [Site]:2 [Bin]:4338 [FullTime]:3600 [SkipTime]:0 [Veto1]:606.706 [Veto2]:410.286 [Veto3]:410.286 [Veto4]:410.286 [SgUp1]:58152 [SgUp2]:0 [SgUp3]:0 [SgUp4]:0 [SgLow1]:58066 [SgLow2]:0 [SgLow3]:0 [SgLow4]:0 [NetMuon1]:452268 [NetMuon2]:482170 [NetMuon3]:482170 [NetMuon4]:482170
[Run]:25832 [Site]:2 [Bin]:4339 [FullTime]:3600 [SkipTime]:0 [Veto1]:597.773 [Veto2]:410.569 [Veto3]:410.569 [Veto4]:410.569 [SgUp1]:58483 [SgUp2]:0 [SgUp3]:0 [SgUp4]:0 [SgLow1]:58414 [SgLow2]:0 [SgLow3]:0 [SgLow4]:0 [NetMuon1]:454393 [NetMuon2]:482701 [NetMuon3]:482701 [NetMuon4]:482701
[Run]:25832 [Site]:2 [Bin]:4340 [FullTime]:3600 [SkipTime]:0 [Veto1]:615.936 [Veto2]:409.323 [Veto3]:409.323 [Veto4]:409.323 [SgUp1]:58349 [SgUp2]:0 [SgUp3]:0 [SgUp4]:0 [SgLow1]:58272 [SgLow2]:0 [SgLow3]:0 [SgLow4]:0 [NetMuon1]:450201 [NetMuon2]:481297 [NetMuon3]:481297 [NetMuon4]:481297
[Run]:25832 [Site]:2 [Bin]:4341 [FullTime]:3600 [SkipTime]:0 [Veto1]:616.237 [Veto2]:409.644 [Veto3]:409.644 [Veto4]:409.644 [SgUp1]:58019 [SgUp2]:0 [SgUp3]:0 [SgUp4]:0 [SgLow1]:57931 [SgLow2]:0 [SgLow3]:0 [SgLow4]:0 [NetMuon1]:450598 [NetMuon2]:481750 [NetMuon3]:481750 [NetMuon4]:481750
[Run]:25832 [Site]:2 [Bin]:4342 [FullTime]:3600 [SkipTime]:0 [Veto1]:598.694 [Veto2]:409.737 [Veto3]:409.737 [Veto4]:409.737 [SgUp1]:58792 [SgUp2]:0 [SgUp3]:0 [SgUp4]:0 [SgLow1]:58705 [SgLow2]:0 [SgLow3]:0 [SgLow4]:0 [NetMuon1]:453083 [NetMuon2]:481728 [NetMuon3]:481728 [NetMuon4]:481728
[Run]:25832 [Site]:2 [Bin]:4343 [FullTime]:3600.01 [SkipTime]:0 [Veto1]:589.938 [Veto2]:410.338 [Veto3]:410.338 [Veto4]:410.338 [SgUp1]:58850 [SgUp2]:0 [SgUp3]:0 [SgUp4]:0 [SgLow1]:58771 [SgLow2]:0 [SgLow3]:0 [SgLow4]:0 [NetMuon1]:455408 [NetMuon2]:482325 [NetMuon3]:482325 [NetMuon4]:482325
End process Run: 25832 ... 
[Run]:25832 [Site]:2 [Bin]:4344 [FullTime]:3191.98 [SkipTime]:0 [Veto1]:541.211 [Veto2]:364.558 [Veto3]:364.558 [Veto4]:364.558
