StreamChain add 0xd0ee7f0
Start to process run: 25822 ... 
[Run]:25822 [Site]:2 [Bin]:4249 [FullTime]:796.674 [SkipTime]:0 [Veto1]:137.15 [Veto2]:90.8942 [Veto3]:90.8942 [Veto4]:90.8942 [SgUp1]:13023 [SgUp2]:0 [SgUp3]:0 [SgUp4]:0 [SgLow1]:13003 [SgLow2]:0 [SgLow3]:0 [SgLow4]:0 [NetMuon1]:99960 [NetMuon2]:106922 [NetMuon3]:106922 [NetMuon4]:106922
[Run]:25822 [Site]:2 [Bin]:4250 [FullTime]:3600 [SkipTime]:0 [Veto1]:598.965 [Veto2]:410.17 [Veto3]:410.17 [Veto4]:410.17 [SgUp1]:58927 [SgUp2]:0 [SgUp3]:0 [SgUp4]:0 [SgLow1]:58847 [SgLow2]:0 [SgLow3]:0 [SgLow4]:0 [NetMuon1]:453576 [NetMuon2]:482174 [NetMuon3]:482174 [NetMuon4]:482174
[Run]:25822 [Site]:2 [Bin]:4251 [FullTime]:3600.01 [SkipTime]:0 [Veto1]:600.522 [Veto2]:409.535 [Veto3]:409.535 [Veto4]:409.535 [SgUp1]:58781 [SgUp2]:0 [SgUp3]:0 [SgUp4]:0 [SgLow1]:58697 [SgLow2]:0 [SgLow3]:0 [SgLow4]:0 [NetMuon1]:452506 [NetMuon2]:481472 [NetMuon3]:481472 [NetMuon4]:481472
[Run]:25822 [Site]:2 [Bin]:4252 [FullTime]:3599.99 [SkipTime]:0 [Veto1]:598.309 [Veto2]:411.605 [Veto3]:411.605 [Veto4]:411.605 [SgUp1]:58800 [SgUp2]:0 [SgUp3]:0 [SgUp4]:0 [SgLow1]:58727 [SgLow2]:0 [SgLow3]:0 [SgLow4]:0 [NetMuon1]:455835 [NetMuon2]:484007 [NetMuon3]:484007 [NetMuon4]:484007
[Run]:25822 [Site]:2 [Bin]:4253 [FullTime]:3600 [SkipTime]:0 [Veto1]:606.972 [Veto2]:410.901 [Veto3]:410.901 [Veto4]:410.901 [SgUp1]:58044 [SgUp2]:0 [SgUp3]:0 [SgUp4]:0 [SgLow1]:57970 [SgLow2]:0 [SgLow3]:0 [SgLow4]:0 [NetMuon1]:453084 [NetMuon2]:483009 [NetMuon3]:483009 [NetMuon4]:483009
[Run]:25822 [Site]:2 [Bin]:4254 [FullTime]:3600 [SkipTime]:0 [Veto1]:609.176 [Veto2]:410.113 [Veto3]:410.113 [Veto4]:410.113 [SgUp1]:58075 [SgUp2]:0 [SgUp3]:0 [SgUp4]:0 [SgLow1]:58000 [SgLow2]:0 [SgLow3]:0 [SgLow4]:0 [NetMuon1]:452004 [NetMuon2]:482017 [NetMuon3]:482017 [NetMuon4]:482017
[Run]:25822 [Site]:2 [Bin]:4255 [FullTime]:3600 [SkipTime]:0 [Veto1]:604.807 [Veto2]:409.975 [Veto3]:409.975 [Veto4]:409.975 [SgUp1]:58135 [SgUp2]:0 [SgUp3]:0 [SgUp4]:0 [SgLow1]:58060 [SgLow2]:0 [SgLow3]:0 [SgLow4]:0 [NetMuon1]:452348 [NetMuon2]:481851 [NetMuon3]:481851 [NetMuon4]:481851
[Run]:25822 [Site]:2 [Bin]:4256 [FullTime]:3600 [SkipTime]:0 [Veto1]:618.658 [Veto2]:410.842 [Veto3]:410.842 [Veto4]:410.842 [SgUp1]:58152 [SgUp2]:0 [SgUp3]:0 [SgUp4]:0 [SgLow1]:58063 [SgLow2]:0 [SgLow3]:0 [SgLow4]:0 [NetMuon1]:451151 [NetMuon2]:482958 [NetMuon3]:482958 [NetMuon4]:482958
[Run]:25822 [Site]:2 [Bin]:4257 [FullTime]:3600 [SkipTime]:0 [Veto1]:589.622 [Veto2]:410.671 [Veto3]:410.671 [Veto4]:410.671 [SgUp1]:58778 [SgUp2]:0 [SgUp3]:0 [SgUp4]:0 [SgLow1]:58688 [SgLow2]:0 [SgLow3]:0 [SgLow4]:0 [NetMuon1]:455539 [NetMuon2]:482712 [NetMuon3]:482712 [NetMuon4]:482712
[Run]:25822 [Site]:2 [Bin]:4258 [FullTime]:3600 [SkipTime]:0 [Veto1]:611.974 [Veto2]:410.756 [Veto3]:410.756 [Veto4]:410.756 [SgUp1]:57749 [SgUp2]:0 [SgUp3]:0 [SgUp4]:0 [SgLow1]:57641 [SgLow2]:0 [SgLow3]:0 [SgLow4]:0 [NetMuon1]:452272 [NetMuon2]:482806 [NetMuon3]:482806 [NetMuon4]:482806
[Run]:25822 [Site]:2 [Bin]:4259 [FullTime]:3600 [SkipTime]:0 [Veto1]:577.167 [Veto2]:410.846 [Veto3]:410.846 [Veto4]:410.846 [SgUp1]:58604 [SgUp2]:0 [SgUp3]:0 [SgUp4]:0 [SgLow1]:58519 [SgLow2]:0 [SgLow3]:0 [SgLow4]:0 [NetMuon1]:457818 [NetMuon2]:482868 [NetMuon3]:482868 [NetMuon4]:482868
[Run]:25822 [Site]:2 [Bin]:4260 [FullTime]:3600 [SkipTime]:0 [Veto1]:605.95 [Veto2]:411.052 [Veto3]:411.052 [Veto4]:411.052 [SgUp1]:58126 [SgUp2]:0 [SgUp3]:0 [SgUp4]:0 [SgLow1]:58040 [SgLow2]:0 [SgLow3]:0 [SgLow4]:0 [NetMuon1]:453601 [NetMuon2]:483121 [NetMuon3]:483121 [NetMuon4]:483121
[Run]:25822 [Site]:2 [Bin]:4261 [FullTime]:3600 [SkipTime]:0 [Veto1]:594.736 [Veto2]:410.244 [Veto3]:410.244 [Veto4]:410.244 [SgUp1]:58152 [SgUp2]:0 [SgUp3]:0 [SgUp4]:0 [SgLow1]:58063 [SgLow2]:0 [SgLow3]:0 [SgLow4]:0 [NetMuon1]:454369 [NetMuon2]:482323 [NetMuon3]:482323 [NetMuon4]:482323
[Run]:25822 [Site]:2 [Bin]:4262 [FullTime]:3600 [SkipTime]:0 [Veto1]:591.874 [Veto2]:409.944 [Veto3]:409.944 [Veto4]:409.944 [SgUp1]:58244 [SgUp2]:0 [SgUp3]:0 [SgUp4]:0 [SgLow1]:58184 [SgLow2]:0 [SgLow3]:0 [SgLow4]:0 [NetMuon1]:454205 [NetMuon2]:481923 [NetMuon3]:481923 [NetMuon4]:481923
[Run]:25822 [Site]:2 [Bin]:4263 [FullTime]:3600 [SkipTime]:0 [Veto1]:606.013 [Veto2]:410.385 [Veto3]:410.385 [Veto4]:410.385 [SgUp1]:57810 [SgUp2]:0 [SgUp3]:0 [SgUp4]:0 [SgLow1]:57751 [SgLow2]:0 [SgLow3]:0 [SgLow4]:0 [NetMuon1]:452732 [NetMuon2]:482463 [NetMuon3]:482463 [NetMuon4]:482463
[Run]:25822 [Site]:2 [Bin]:4264 [FullTime]:3600 [SkipTime]:0 [Veto1]:593.05 [Veto2]:409.736 [Veto3]:409.736 [Veto4]:409.736 [SgUp1]:57982 [SgUp2]:0 [SgUp3]:0 [SgUp4]:0 [SgLow1]:57896 [SgLow2]:0 [SgLow3]:0 [SgLow4]:0 [NetMuon1]:454231 [NetMuon2]:481899 [NetMuon3]:481899 [NetMuon4]:481899
[Run]:25822 [Site]:2 [Bin]:4265 [FullTime]:3600 [SkipTime]:0 [Veto1]:600.937 [Veto2]:410.159 [Veto3]:410.159 [Veto4]:410.159 [SgUp1]:58496 [SgUp2]:0 [SgUp3]:0 [SgUp4]:0 [SgLow1]:58403 [SgLow2]:0 [SgLow3]:0 [SgLow4]:0 [NetMuon1]:453530 [NetMuon2]:482335 [NetMuon3]:482335 [NetMuon4]:482335
[Run]:25822 [Site]:2 [Bin]:4266 [FullTime]:3600 [SkipTime]:0 [Veto1]:620.155 [Veto2]:411.2 [Veto3]:411.2 [Veto4]:411.2 [SgUp1]:58172 [SgUp2]:0 [SgUp3]:0 [SgUp4]:0 [SgLow1]:58089 [SgLow2]:0 [SgLow3]:0 [SgLow4]:0 [NetMuon1]:452031 [NetMuon2]:483548 [NetMuon3]:483548 [NetMuon4]:483548
[Run]:25822 [Site]:2 [Bin]:4267 [FullTime]:3600 [SkipTime]:0 [Veto1]:613.07 [Veto2]:411.151 [Veto3]:411.151 [Veto4]:411.151 [SgUp1]:57465 [SgUp2]:0 [SgUp3]:0 [SgUp4]:0 [SgLow1]:57403 [SgLow2]:0 [SgLow3]:0 [SgLow4]:0 [NetMuon1]:452882 [NetMuon2]:483367 [NetMuon3]:483367 [NetMuon4]:483367
[Run]:25822 [Site]:2 [Bin]:4268 [FullTime]:3600 [SkipTime]:0 [Veto1]:599.842 [Veto2]:411.227 [Veto3]:411.227 [Veto4]:411.227 [SgUp1]:58124 [SgUp2]:0 [SgUp3]:0 [SgUp4]:0 [SgLow1]:58032 [SgLow2]:0 [SgLow3]:0 [SgLow4]:0 [NetMuon1]:454835 [NetMuon2]:483439 [NetMuon3]:483439 [NetMuon4]:483439
[Run]:25822 [Site]:2 [Bin]:4269 [FullTime]:3600 [SkipTime]:0 [Veto1]:605.91 [Veto2]:410.701 [Veto3]:410.701 [Veto4]:410.701 [SgUp1]:58868 [SgUp2]:0 [SgUp3]:0 [SgUp4]:0 [SgLow1]:58796 [SgLow2]:0 [SgLow3]:0 [SgLow4]:0 [NetMuon1]:453246 [NetMuon2]:482598 [NetMuon3]:482598 [NetMuon4]:482598
[Run]:25822 [Site]:2 [Bin]:4270 [FullTime]:3600 [SkipTime]:0 [Veto1]:623.917 [Veto2]:410.54 [Veto3]:410.54 [Veto4]:410.54 [SgUp1]:57819 [SgUp2]:0 [SgUp3]:0 [SgUp4]:0 [SgLow1]:57717 [SgLow2]:0 [SgLow3]:0 [SgLow4]:0 [NetMuon1]:450461 [NetMuon2]:482563 [NetMuon3]:482563 [NetMuon4]:482563
[Run]:25822 [Site]:2 [Bin]:4271 [FullTime]:3600 [SkipTime]:0 [Veto1]:604.991 [Veto2]:410.861 [Veto3]:410.861 [Veto4]:410.861 [SgUp1]:58248 [SgUp2]:0 [SgUp3]:0 [SgUp4]:0 [SgLow1]:58162 [SgLow2]:0 [SgLow3]:0 [SgLow4]:0 [NetMuon1]:453622 [NetMuon2]:482944 [NetMuon3]:482944 [NetMuon4]:482944
[Run]:25822 [Site]:2 [Bin]:4272 [FullTime]:3600 [SkipTime]:0 [Veto1]:600.487 [Veto2]:410.482 [Veto3]:410.482 [Veto4]:410.482 [SgUp1]:58432 [SgUp2]:0 [SgUp3]:0 [SgUp4]:0 [SgLow1]:58359 [SgLow2]:0 [SgLow3]:0 [SgLow4]:0 [NetMuon1]:453661 [NetMuon2]:482666 [NetMuon3]:482666 [NetMuon4]:482666
[Run]:25822 [Site]:2 [Bin]:4273 [FullTime]:3600 [SkipTime]:0 [Veto1]:597.54 [Veto2]:410.739 [Veto3]:410.739 [Veto4]:410.739 [SgUp1]:58949 [SgUp2]:0 [SgUp3]:0 [SgUp4]:0 [SgLow1]:58861 [SgLow2]:0 [SgLow3]:0 [SgLow4]:0 [NetMuon1]:454494 [NetMuon2]:482736 [NetMuon3]:482736 [NetMuon4]:482736
[Run]:25822 [Site]:2 [Bin]:4274 [FullTime]:3600 [SkipTime]:0 [Veto1]:622.358 [Veto2]:410.217 [Veto3]:410.217 [Veto4]:410.217 [SgUp1]:58436 [SgUp2]:0 [SgUp3]:0 [SgUp4]:0 [SgLow1]:58365 [SgLow2]:0 [SgLow3]:0 [SgLow4]:0 [NetMuon1]:450171 [NetMuon2]:482405 [NetMuon3]:482405 [NetMuon4]:482405
[Run]:25822 [Site]:2 [Bin]:4275 [FullTime]:3600 [SkipTime]:0 [Veto1]:595.767 [Veto2]:410.141 [Veto3]:410.141 [Veto4]:410.141 [SgUp1]:58162 [SgUp2]:0 [SgUp3]:0 [SgUp4]:0 [SgLow1]:58082 [SgLow2]:0 [SgLow3]:0 [SgLow4]:0 [NetMuon1]:454576 [NetMuon2]:482393 [NetMuon3]:482393 [NetMuon4]:482393
[Run]:25822 [Site]:2 [Bin]:4276 [FullTime]:3600 [SkipTime]:0 [Veto1]:618.219 [Veto2]:410.511 [Veto3]:410.511 [Veto4]:410.511 [SgUp1]:58089 [SgUp2]:0 [SgUp3]:0 [SgUp4]:0 [SgLow1]:58007 [SgLow2]:0 [SgLow3]:0 [SgLow4]:0 [NetMuon1]:451357 [NetMuon2]:482749 [NetMuon3]:482749 [NetMuon4]:482749
[Run]:25822 [Site]:2 [Bin]:4277 [FullTime]:3600 [SkipTime]:0 [Veto1]:601.76 [Veto2]:411.569 [Veto3]:411.569 [Veto4]:411.569 [SgUp1]:58227 [SgUp2]:0 [SgUp3]:0 [SgUp4]:0 [SgLow1]:58147 [SgLow2]:0 [SgLow3]:0 [SgLow4]:0 [NetMuon1]:454670 [NetMuon2]:483837 [NetMuon3]:483837 [NetMuon4]:483837
[Run]:25822 [Site]:2 [Bin]:4278 [FullTime]:3600 [SkipTime]:0 [Veto1]:588.683 [Veto2]:411.305 [Veto3]:411.305 [Veto4]:411.305 [SgUp1]:58616 [SgUp2]:0 [SgUp3]:0 [SgUp4]:0 [SgLow1]:58526 [SgLow2]:0 [SgLow3]:0 [SgLow4]:0 [NetMuon1]:456787 [NetMuon2]:483663 [NetMuon3]:483663 [NetMuon4]:483663
[Run]:25822 [Site]:2 [Bin]:4279 [FullTime]:3600 [SkipTime]:0 [Veto1]:607.387 [Veto2]:410.273 [Veto3]:410.273 [Veto4]:410.273 [SgUp1]:58544 [SgUp2]:0 [SgUp3]:0 [SgUp4]:0 [SgLow1]:58469 [SgLow2]:0 [SgLow3]:0 [SgLow4]:0 [NetMuon1]:452614 [NetMuon2]:482496 [NetMuon3]:482496 [NetMuon4]:482496
[Run]:25822 [Site]:2 [Bin]:4280 [FullTime]:3600 [SkipTime]:0 [Veto1]:601.435 [Veto2]:410.431 [Veto3]:410.431 [Veto4]:410.431 [SgUp1]:58585 [SgUp2]:0 [SgUp3]:0 [SgUp4]:0 [SgLow1]:58511 [SgLow2]:0 [SgLow3]:0 [SgLow4]:0 [NetMuon1]:453770 [NetMuon2]:482720 [NetMuon3]:482720 [NetMuon4]:482720
[Run]:25822 [Site]:2 [Bin]:4281 [FullTime]:3600 [SkipTime]:0 [Veto1]:596.862 [Veto2]:410.777 [Veto3]:410.777 [Veto4]:410.777 [SgUp1]:58639 [SgUp2]:0 [SgUp3]:0 [SgUp4]:0 [SgLow1]:58563 [SgLow2]:0 [SgLow3]:0 [SgLow4]:0 [NetMuon1]:454668 [NetMuon2]:482909 [NetMuon3]:482909 [NetMuon4]:482909
[Run]:25822 [Site]:2 [Bin]:4282 [FullTime]:3600 [SkipTime]:0 [Veto1]:604.915 [Veto2]:409.433 [Veto3]:409.433 [Veto4]:409.433 [SgUp1]:58132 [SgUp2]:0 [SgUp3]:0 [SgUp4]:0 [SgLow1]:58054 [SgLow2]:0 [SgLow3]:0 [SgLow4]:0 [NetMuon1]:451921 [NetMuon2]:481402 [NetMuon3]:481402 [NetMuon4]:481402
[Run]:25822 [Site]:2 [Bin]:4283 [FullTime]:3600 [SkipTime]:0 [Veto1]:599.759 [Veto2]:410.324 [Veto3]:410.324 [Veto4]:410.324 [SgUp1]:58652 [SgUp2]:0 [SgUp3]:0 [SgUp4]:0 [SgLow1]:58580 [SgLow2]:0 [SgLow3]:0 [SgLow4]:0 [NetMuon1]:454024 [NetMuon2]:482690 [NetMuon3]:482690 [NetMuon4]:482690
[Run]:25822 [Site]:2 [Bin]:4284 [FullTime]:3600 [SkipTime]:0 [Veto1]:602.204 [Veto2]:410.07 [Veto3]:410.07 [Veto4]:410.07 [SgUp1]:59075 [SgUp2]:0 [SgUp3]:0 [SgUp4]:0 [SgLow1]:59012 [SgLow2]:0 [SgLow3]:0 [SgLow4]:0 [NetMuon1]:453180 [NetMuon2]:482029 [NetMuon3]:482029 [NetMuon4]:482029
[Run]:25822 [Site]:2 [Bin]:4285 [FullTime]:3600 [SkipTime]:0 [Veto1]:605.648 [Veto2]:410.104 [Veto3]:410.104 [Veto4]:410.104 [SgUp1]:58309 [SgUp2]:0 [SgUp3]:0 [SgUp4]:0 [SgLow1]:58223 [SgLow2]:0 [SgLow3]:0 [SgLow4]:0 [NetMuon1]:452730 [NetMuon2]:482130 [NetMuon3]:482130 [NetMuon4]:482130
[Run]:25822 [Site]:2 [Bin]:4286 [FullTime]:3600 [SkipTime]:0 [Veto1]:611.311 [Veto2]:409.574 [Veto3]:409.574 [Veto4]:409.574 [SgUp1]:58388 [SgUp2]:0 [SgUp3]:0 [SgUp4]:0 [SgLow1]:58295 [SgLow2]:0 [SgLow3]:0 [SgLow4]:0 [NetMuon1]:451371 [NetMuon2]:481678 [NetMuon3]:481678 [NetMuon4]:481678
[Run]:25822 [Site]:2 [Bin]:4287 [FullTime]:3600 [SkipTime]:0 [Veto1]:602.141 [Veto2]:411.603 [Veto3]:411.603 [Veto4]:411.603 [SgUp1]:59146 [SgUp2]:0 [SgUp3]:0 [SgUp4]:0 [SgLow1]:59055 [SgLow2]:0 [SgLow3]:0 [SgLow4]:0 [NetMuon1]:455124 [NetMuon2]:483896 [NetMuon3]:483896 [NetMuon4]:483896
[Run]:25822 [Site]:2 [Bin]:4288 [FullTime]:3600 [SkipTime]:0 [Veto1]:596.123 [Veto2]:410.22 [Veto3]:410.22 [Veto4]:410.22 [SgUp1]:58809 [SgUp2]:0 [SgUp3]:0 [SgUp4]:0 [SgLow1]:58728 [SgLow2]:0 [SgLow3]:0 [SgLow4]:0 [NetMuon1]:453958 [NetMuon2]:482183 [NetMuon3]:482183 [NetMuon4]:482183
[Run]:25822 [Site]:2 [Bin]:4289 [FullTime]:3600 [SkipTime]:0 [Veto1]:611.944 [Veto2]:410.47 [Veto3]:410.47 [Veto4]:410.47 [SgUp1]:58720 [SgUp2]:0 [SgUp3]:0 [SgUp4]:0 [SgLow1]:58625 [SgLow2]:0 [SgLow3]:0 [SgLow4]:0 [NetMuon1]:452073 [NetMuon2]:482659 [NetMuon3]:482659 [NetMuon4]:482659
[Run]:25822 [Site]:2 [Bin]:4290 [FullTime]:3600 [SkipTime]:0 [Veto1]:607.657 [Veto2]:410.742 [Veto3]:410.742 [Veto4]:410.742 [SgUp1]:59381 [SgUp2]:0 [SgUp3]:0 [SgUp4]:0 [SgLow1]:59282 [SgLow2]:0 [SgLow3]:0 [SgLow4]:0 [NetMuon1]:452781 [NetMuon2]:482689 [NetMuon3]:482689 [NetMuon4]:482689
[Run]:25822 [Site]:2 [Bin]:4295 [FullTime]:351.452 [SkipTime]:0 [Veto1]:55.8135 [Veto2]:40.4353 [Veto3]:40.4353 [Veto4]:40.4353 [SgUp1]:5852 [SgUp2]:0 [SgUp3]:0 [SgUp4]:0 [SgLow1]:5840 [SgLow2]:0 [SgLow3]:0 [SgLow4]:0 [NetMuon1]:45172 [NetMuon2]:47550 [NetMuon3]:47550 [NetMuon4]:47550
End process Run: 25822 ... 
[Run]:25822 [Site]:2 [Bin]:4296 [FullTime]:1108.75 [SkipTime]:0 [Veto1]:199.518 [Veto2]:126.641 [Veto3]:126.641 [Veto4]:126.641
