StreamChain add 0x310d7f0
Start to process run: 26089 ... 
[Run]:26089 [Site]:2 [Bin]:4575 [FullTime]:275.051 [SkipTime]:0 [Veto1]:45.1577 [Veto2]:31.2696 [Veto3]:31.2696 [Veto4]:31.2696 [SgUp1]:4392 [SgUp2]:0 [SgUp3]:0 [SgUp4]:0 [SgLow1]:4384 [SgLow2]:0 [SgLow3]:0 [SgLow4]:0 [NetMuon1]:34647 [NetMuon2]:36729 [NetMuon3]:36729 [NetMuon4]:36729
[Run]:26089 [Site]:2 [Bin]:4576 [FullTime]:3600 [SkipTime]:0 [Veto1]:595.576 [Veto2]:410.426 [Veto3]:410.426 [Veto4]:410.426 [SgUp1]:58929 [SgUp2]:0 [SgUp3]:0 [SgUp4]:0 [SgLow1]:58844 [SgLow2]:0 [SgLow3]:0 [SgLow4]:0 [NetMuon1]:454768 [NetMuon2]:482627 [NetMuon3]:482627 [NetMuon4]:482627
[Run]:26089 [Site]:2 [Bin]:4577 [FullTime]:3600 [SkipTime]:0 [Veto1]:612.054 [Veto2]:410.715 [Veto3]:410.715 [Veto4]:410.715 [SgUp1]:58140 [SgUp2]:0 [SgUp3]:0 [SgUp4]:0 [SgLow1]:58034 [SgLow2]:0 [SgLow3]:0 [SgLow4]:0 [NetMuon1]:452586 [NetMuon2]:482911 [NetMuon3]:482911 [NetMuon4]:482911
[Run]:26089 [Site]:2 [Bin]:4578 [FullTime]:3600 [SkipTime]:0 [Veto1]:588.725 [Veto2]:410.16 [Veto3]:410.16 [Veto4]:410.16 [SgUp1]:59022 [SgUp2]:0 [SgUp3]:0 [SgUp4]:0 [SgLow1]:58932 [SgLow2]:0 [SgLow3]:0 [SgLow4]:0 [NetMuon1]:455304 [NetMuon2]:482309 [NetMuon3]:482309 [NetMuon4]:482309
[Run]:26089 [Site]:2 [Bin]:4579 [FullTime]:3600 [SkipTime]:0 [Veto1]:611.194 [Veto2]:411.375 [Veto3]:411.375 [Veto4]:411.375 [SgUp1]:58662 [SgUp2]:0 [SgUp3]:0 [SgUp4]:0 [SgLow1]:58587 [SgLow2]:0 [SgLow3]:0 [SgLow4]:0 [NetMuon1]:453147 [NetMuon2]:483495 [NetMuon3]:483495 [NetMuon4]:483495
[Run]:26089 [Site]:2 [Bin]:4580 [FullTime]:3600 [SkipTime]:0 [Veto1]:589.922 [Veto2]:410.599 [Veto3]:410.599 [Veto4]:410.599 [SgUp1]:59036 [SgUp2]:0 [SgUp3]:0 [SgUp4]:0 [SgLow1]:58941 [SgLow2]:0 [SgLow3]:0 [SgLow4]:0 [NetMuon1]:455472 [NetMuon2]:482706 [NetMuon3]:482706 [NetMuon4]:482706
[Run]:26089 [Site]:2 [Bin]:4581 [FullTime]:3600 [SkipTime]:0 [Veto1]:602.619 [Veto2]:410.746 [Veto3]:410.746 [Veto4]:410.746 [SgUp1]:58792 [SgUp2]:0 [SgUp3]:0 [SgUp4]:0 [SgLow1]:58712 [SgLow2]:0 [SgLow3]:0 [SgLow4]:0 [NetMuon1]:453716 [NetMuon2]:482923 [NetMuon3]:482923 [NetMuon4]:482923
[Run]:26089 [Site]:2 [Bin]:4582 [FullTime]:3600 [SkipTime]:0 [Veto1]:594.096 [Veto2]:410.222 [Veto3]:410.222 [Veto4]:410.222 [SgUp1]:58586 [SgUp2]:0 [SgUp3]:0 [SgUp4]:0 [SgLow1]:58504 [SgLow2]:0 [SgLow3]:0 [SgLow4]:0 [NetMuon1]:454559 [NetMuon2]:482299 [NetMuon3]:482299 [NetMuon4]:482299
[Run]:26089 [Site]:2 [Bin]:4583 [FullTime]:3600 [SkipTime]:0 [Veto1]:589.68 [Veto2]:410.825 [Veto3]:410.825 [Veto4]:410.825 [SgUp1]:58979 [SgUp2]:0 [SgUp3]:0 [SgUp4]:0 [SgLow1]:58884 [SgLow2]:0 [SgLow3]:0 [SgLow4]:0 [NetMuon1]:456176 [NetMuon2]:483244 [NetMuon3]:483244 [NetMuon4]:483244
[Run]:26089 [Site]:2 [Bin]:4584 [FullTime]:3600 [SkipTime]:0 [Veto1]:591.375 [Veto2]:411.345 [Veto3]:411.345 [Veto4]:411.345 [SgUp1]:58715 [SgUp2]:0 [SgUp3]:0 [SgUp4]:0 [SgLow1]:58622 [SgLow2]:0 [SgLow3]:0 [SgLow4]:0 [NetMuon1]:456167 [NetMuon2]:483390 [NetMuon3]:483390 [NetMuon4]:483390
[Run]:26089 [Site]:2 [Bin]:4585 [FullTime]:3600 [SkipTime]:0 [Veto1]:601.74 [Veto2]:410.747 [Veto3]:410.747 [Veto4]:410.747 [SgUp1]:58597 [SgUp2]:0 [SgUp3]:0 [SgUp4]:0 [SgLow1]:58518 [SgLow2]:0 [SgLow3]:0 [SgLow4]:0 [NetMuon1]:453923 [NetMuon2]:482836 [NetMuon3]:482836 [NetMuon4]:482836
[Run]:26089 [Site]:2 [Bin]:4586 [FullTime]:3600 [SkipTime]:0 [Veto1]:609.975 [Veto2]:411.139 [Veto3]:411.139 [Veto4]:411.139 [SgUp1]:58810 [SgUp2]:0 [SgUp3]:0 [SgUp4]:0 [SgLow1]:58718 [SgLow2]:0 [SgLow3]:0 [SgLow4]:0 [NetMuon1]:453053 [NetMuon2]:483402 [NetMuon3]:483402 [NetMuon4]:483402
[Run]:26089 [Site]:2 [Bin]:4587 [FullTime]:3600 [SkipTime]:0 [Veto1]:608.465 [Veto2]:410.886 [Veto3]:410.886 [Veto4]:410.886 [SgUp1]:58810 [SgUp2]:0 [SgUp3]:0 [SgUp4]:0 [SgLow1]:58722 [SgLow2]:0 [SgLow3]:0 [SgLow4]:0 [NetMuon1]:453010 [NetMuon2]:482868 [NetMuon3]:482868 [NetMuon4]:482868
[Run]:26089 [Site]:2 [Bin]:4588 [FullTime]:3600 [SkipTime]:0 [Veto1]:614.1 [Veto2]:410.576 [Veto3]:410.576 [Veto4]:410.576 [SgUp1]:58888 [SgUp2]:0 [SgUp3]:0 [SgUp4]:0 [SgLow1]:58802 [SgLow2]:0 [SgLow3]:0 [SgLow4]:0 [NetMuon1]:451872 [NetMuon2]:482942 [NetMuon3]:482942 [NetMuon4]:482942
[Run]:26089 [Site]:2 [Bin]:4589 [FullTime]:3600 [SkipTime]:0 [Veto1]:594.826 [Veto2]:409.345 [Veto3]:409.345 [Veto4]:409.345 [SgUp1]:58970 [SgUp2]:0 [SgUp3]:0 [SgUp4]:0 [SgLow1]:58860 [SgLow2]:0 [SgLow3]:0 [SgLow4]:0 [NetMuon1]:453250 [NetMuon2]:481294 [NetMuon3]:481294 [NetMuon4]:481294
[Run]:26089 [Site]:2 [Bin]:4590 [FullTime]:3600 [SkipTime]:0 [Veto1]:606.132 [Veto2]:409.52 [Veto3]:409.52 [Veto4]:409.52 [SgUp1]:58216 [SgUp2]:0 [SgUp3]:0 [SgUp4]:0 [SgLow1]:58131 [SgLow2]:0 [SgLow3]:0 [SgLow4]:0 [NetMuon1]:452193 [NetMuon2]:481613 [NetMuon3]:481613 [NetMuon4]:481613
[Run]:26089 [Site]:2 [Bin]:4591 [FullTime]:3600 [SkipTime]:0 [Veto1]:601.138 [Veto2]:409.888 [Veto3]:409.888 [Veto4]:409.888 [SgUp1]:58851 [SgUp2]:0 [SgUp3]:0 [SgUp4]:0 [SgLow1]:58763 [SgLow2]:0 [SgLow3]:0 [SgLow4]:0 [NetMuon1]:452917 [NetMuon2]:481943 [NetMuon3]:481943 [NetMuon4]:481943
[Run]:26089 [Site]:2 [Bin]:4592 [FullTime]:3600 [SkipTime]:0 [Veto1]:597.772 [Veto2]:410.063 [Veto3]:410.063 [Veto4]:410.063 [SgUp1]:59178 [SgUp2]:0 [SgUp3]:0 [SgUp4]:0 [SgLow1]:59080 [SgLow2]:0 [SgLow3]:0 [SgLow4]:0 [NetMuon1]:453596 [NetMuon2]:482048 [NetMuon3]:482048 [NetMuon4]:482048
[Run]:26089 [Site]:2 [Bin]:4593 [FullTime]:3600 [SkipTime]:0 [Veto1]:596.003 [Veto2]:409.881 [Veto3]:409.881 [Veto4]:409.881 [SgUp1]:59244 [SgUp2]:0 [SgUp3]:0 [SgUp4]:0 [SgLow1]:59126 [SgLow2]:0 [SgLow3]:0 [SgLow4]:0 [NetMuon1]:453576 [NetMuon2]:481796 [NetMuon3]:481796 [NetMuon4]:481796
[Run]:26089 [Site]:2 [Bin]:4594 [FullTime]:3600 [SkipTime]:0 [Veto1]:596.499 [Veto2]:410.732 [Veto3]:410.732 [Veto4]:410.732 [SgUp1]:59266 [SgUp2]:0 [SgUp3]:0 [SgUp4]:0 [SgLow1]:59192 [SgLow2]:0 [SgLow3]:0 [SgLow4]:0 [NetMuon1]:455075 [NetMuon2]:482905 [NetMuon3]:482905 [NetMuon4]:482905
[Run]:26089 [Site]:2 [Bin]:4595 [FullTime]:3600 [SkipTime]:0 [Veto1]:586.971 [Veto2]:409.386 [Veto3]:409.386 [Veto4]:409.386 [SgUp1]:58807 [SgUp2]:0 [SgUp3]:0 [SgUp4]:0 [SgLow1]:58722 [SgLow2]:0 [SgLow3]:0 [SgLow4]:0 [NetMuon1]:454657 [NetMuon2]:481312 [NetMuon3]:481312 [NetMuon4]:481312
[Run]:26089 [Site]:2 [Bin]:4596 [FullTime]:3600 [SkipTime]:0 [Veto1]:603.826 [Veto2]:410.332 [Veto3]:410.332 [Veto4]:410.332 [SgUp1]:58697 [SgUp2]:0 [SgUp3]:0 [SgUp4]:0 [SgLow1]:58589 [SgLow2]:0 [SgLow3]:0 [SgLow4]:0 [NetMuon1]:452660 [NetMuon2]:482277 [NetMuon3]:482277 [NetMuon4]:482277
[Run]:26089 [Site]:2 [Bin]:4597 [FullTime]:3600 [SkipTime]:0 [Veto1]:615.601 [Veto2]:410.026 [Veto3]:410.026 [Veto4]:410.026 [SgUp1]:58115 [SgUp2]:0 [SgUp3]:0 [SgUp4]:0 [SgLow1]:58023 [SgLow2]:0 [SgLow3]:0 [SgLow4]:0 [NetMuon1]:450705 [NetMuon2]:481960 [NetMuon3]:481960 [NetMuon4]:481960
[Run]:26089 [Site]:2 [Bin]:4598 [FullTime]:3600 [SkipTime]:0 [Veto1]:596.9 [Veto2]:410.132 [Veto3]:410.132 [Veto4]:410.132 [SgUp1]:58637 [SgUp2]:0 [SgUp3]:0 [SgUp4]:0 [SgLow1]:58565 [SgLow2]:0 [SgLow3]:0 [SgLow4]:0 [NetMuon1]:454137 [NetMuon2]:482162 [NetMuon3]:482162 [NetMuon4]:482162
[Run]:26089 [Site]:2 [Bin]:4599 [FullTime]:3600 [SkipTime]:0 [Veto1]:603.462 [Veto2]:409.896 [Veto3]:409.896 [Veto4]:409.896 [SgUp1]:58393 [SgUp2]:0 [SgUp3]:0 [SgUp4]:0 [SgLow1]:58297 [SgLow2]:0 [SgLow3]:0 [SgLow4]:0 [NetMuon1]:452546 [NetMuon2]:481861 [NetMuon3]:481861 [NetMuon4]:481861
[Run]:26089 [Site]:2 [Bin]:4600 [FullTime]:3600 [SkipTime]:0 [Veto1]:612.53 [Veto2]:410.747 [Veto3]:410.747 [Veto4]:410.747 [SgUp1]:57807 [SgUp2]:0 [SgUp3]:0 [SgUp4]:0 [SgLow1]:57736 [SgLow2]:0 [SgLow3]:0 [SgLow4]:0 [NetMuon1]:452081 [NetMuon2]:482850 [NetMuon3]:482850 [NetMuon4]:482850
[Run]:26089 [Site]:2 [Bin]:4601 [FullTime]:3600 [SkipTime]:0 [Veto1]:610.334 [Veto2]:411.22 [Veto3]:411.22 [Veto4]:411.22 [SgUp1]:58265 [SgUp2]:0 [SgUp3]:0 [SgUp4]:0 [SgLow1]:58168 [SgLow2]:0 [SgLow3]:0 [SgLow4]:0 [NetMuon1]:452710 [NetMuon2]:483272 [NetMuon3]:483272 [NetMuon4]:483272
[Run]:26089 [Site]:2 [Bin]:4602 [FullTime]:3600 [SkipTime]:0 [Veto1]:617.912 [Veto2]:410.859 [Veto3]:410.859 [Veto4]:410.859 [SgUp1]:58368 [SgUp2]:0 [SgUp3]:0 [SgUp4]:0 [SgLow1]:58300 [SgLow2]:0 [SgLow3]:0 [SgLow4]:0 [NetMuon1]:451734 [NetMuon2]:483045 [NetMuon3]:483045 [NetMuon4]:483045
[Run]:26089 [Site]:2 [Bin]:4603 [FullTime]:3600 [SkipTime]:0 [Veto1]:612.365 [Veto2]:410.373 [Veto3]:410.373 [Veto4]:410.373 [SgUp1]:58828 [SgUp2]:0 [SgUp3]:0 [SgUp4]:0 [SgLow1]:58744 [SgLow2]:0 [SgLow3]:0 [SgLow4]:0 [NetMuon1]:452161 [NetMuon2]:482511 [NetMuon3]:482511 [NetMuon4]:482511
[Run]:26089 [Site]:2 [Bin]:4604 [FullTime]:3600 [SkipTime]:0 [Veto1]:592.931 [Veto2]:409.939 [Veto3]:409.939 [Veto4]:409.939 [SgUp1]:58629 [SgUp2]:0 [SgUp3]:0 [SgUp4]:0 [SgLow1]:58551 [SgLow2]:0 [SgLow3]:0 [SgLow4]:0 [NetMuon1]:454547 [NetMuon2]:482293 [NetMuon3]:482293 [NetMuon4]:482293
[Run]:26089 [Site]:2 [Bin]:4605 [FullTime]:3600 [SkipTime]:0 [Veto1]:601.144 [Veto2]:409.979 [Veto3]:409.979 [Veto4]:409.979 [SgUp1]:58646 [SgUp2]:0 [SgUp3]:0 [SgUp4]:0 [SgLow1]:58535 [SgLow2]:0 [SgLow3]:0 [SgLow4]:0 [NetMuon1]:452898 [NetMuon2]:482071 [NetMuon3]:482071 [NetMuon4]:482071
[Run]:26089 [Site]:2 [Bin]:4606 [FullTime]:3600 [SkipTime]:0 [Veto1]:601.797 [Veto2]:409.725 [Veto3]:409.725 [Veto4]:409.725 [SgUp1]:58933 [SgUp2]:0 [SgUp3]:0 [SgUp4]:0 [SgLow1]:58816 [SgLow2]:0 [SgLow3]:0 [SgLow4]:0 [NetMuon1]:452695 [NetMuon2]:481561 [NetMuon3]:481561 [NetMuon4]:481561
[Run]:26089 [Site]:2 [Bin]:4607 [FullTime]:3600 [SkipTime]:0 [Veto1]:617.114 [Veto2]:411.625 [Veto3]:411.625 [Veto4]:411.625 [SgUp1]:58649 [SgUp2]:0 [SgUp3]:0 [SgUp4]:0 [SgLow1]:58572 [SgLow2]:0 [SgLow3]:0 [SgLow4]:0 [NetMuon1]:452637 [NetMuon2]:483869 [NetMuon3]:483869 [NetMuon4]:483869
[Run]:26089 [Site]:2 [Bin]:4608 [FullTime]:3600 [SkipTime]:0 [Veto1]:602.95 [Veto2]:410.489 [Veto3]:410.489 [Veto4]:410.489 [SgUp1]:58399 [SgUp2]:0 [SgUp3]:0 [SgUp4]:0 [SgLow1]:58291 [SgLow2]:0 [SgLow3]:0 [SgLow4]:0 [NetMuon1]:453289 [NetMuon2]:482497 [NetMuon3]:482497 [NetMuon4]:482497
[Run]:26089 [Site]:2 [Bin]:4609 [FullTime]:3600 [SkipTime]:0 [Veto1]:588.577 [Veto2]:409.676 [Veto3]:409.676 [Veto4]:409.676 [SgUp1]:58676 [SgUp2]:0 [SgUp3]:0 [SgUp4]:0 [SgLow1]:58597 [SgLow2]:0 [SgLow3]:0 [SgLow4]:0 [NetMuon1]:454914 [NetMuon2]:481844 [NetMuon3]:481844 [NetMuon4]:481844
[Run]:26089 [Site]:2 [Bin]:4610 [FullTime]:3600 [SkipTime]:0 [Veto1]:599.385 [Veto2]:410.213 [Veto3]:410.213 [Veto4]:410.213 [SgUp1]:58969 [SgUp2]:0 [SgUp3]:0 [SgUp4]:0 [SgLow1]:58862 [SgLow2]:0 [SgLow3]:0 [SgLow4]:0 [NetMuon1]:453380 [NetMuon2]:482238 [NetMuon3]:482238 [NetMuon4]:482238
[Run]:26089 [Site]:2 [Bin]:4611 [FullTime]:3600 [SkipTime]:0 [Veto1]:599.174 [Veto2]:409.903 [Veto3]:409.903 [Veto4]:409.903 [SgUp1]:58806 [SgUp2]:0 [SgUp3]:0 [SgUp4]:0 [SgLow1]:58726 [SgLow2]:0 [SgLow3]:0 [SgLow4]:0 [NetMuon1]:453448 [NetMuon2]:481933 [NetMuon3]:481933 [NetMuon4]:481933
[Run]:26089 [Site]:2 [Bin]:4612 [FullTime]:3600 [SkipTime]:0 [Veto1]:600.549 [Veto2]:410.66 [Veto3]:410.66 [Veto4]:410.66 [SgUp1]:58410 [SgUp2]:0 [SgUp3]:0 [SgUp4]:0 [SgLow1]:58343 [SgLow2]:0 [SgLow3]:0 [SgLow4]:0 [NetMuon1]:454058 [NetMuon2]:482927 [NetMuon3]:482927 [NetMuon4]:482927
[Run]:26089 [Site]:2 [Bin]:4613 [FullTime]:3600 [SkipTime]:0 [Veto1]:600.439 [Veto2]:410.211 [Veto3]:410.211 [Veto4]:410.211 [SgUp1]:58051 [SgUp2]:0 [SgUp3]:0 [SgUp4]:0 [SgLow1]:57974 [SgLow2]:0 [SgLow3]:0 [SgLow4]:0 [NetMuon1]:453452 [NetMuon2]:482227 [NetMuon3]:482227 [NetMuon4]:482227
[Run]:26089 [Site]:2 [Bin]:4614 [FullTime]:3600 [SkipTime]:0 [Veto1]:610.452 [Veto2]:410.317 [Veto3]:410.317 [Veto4]:410.317 [SgUp1]:57958 [SgUp2]:0 [SgUp3]:0 [SgUp4]:0 [SgLow1]:57865 [SgLow2]:0 [SgLow3]:0 [SgLow4]:0 [NetMuon1]:452302 [NetMuon2]:482478 [NetMuon3]:482478 [NetMuon4]:482478
[Run]:26089 [Site]:2 [Bin]:4615 [FullTime]:3600 [SkipTime]:0 [Veto1]:581.87 [Veto2]:410.063 [Veto3]:410.063 [Veto4]:410.063 [SgUp1]:58938 [SgUp2]:0 [SgUp3]:0 [SgUp4]:0 [SgLow1]:58841 [SgLow2]:0 [SgLow3]:0 [SgLow4]:0 [NetMuon1]:456136 [NetMuon2]:482033 [NetMuon3]:482033 [NetMuon4]:482033
[Run]:26089 [Site]:2 [Bin]:4616 [FullTime]:3600 [SkipTime]:0 [Veto1]:601.279 [Veto2]:408.284 [Veto3]:408.284 [Veto4]:408.284 [SgUp1]:58366 [SgUp2]:0 [SgUp3]:0 [SgUp4]:0 [SgLow1]:58276 [SgLow2]:0 [SgLow3]:0 [SgLow4]:0 [NetMuon1]:451182 [NetMuon2]:480218 [NetMuon3]:480218 [NetMuon4]:480218
[Run]:26089 [Site]:2 [Bin]:4617 [FullTime]:3600 [SkipTime]:0 [Veto1]:594.403 [Veto2]:410.369 [Veto3]:410.369 [Veto4]:410.369 [SgUp1]:58568 [SgUp2]:0 [SgUp3]:0 [SgUp4]:0 [SgLow1]:58493 [SgLow2]:0 [SgLow3]:0 [SgLow4]:0 [NetMuon1]:455133 [NetMuon2]:482609 [NetMuon3]:482609 [NetMuon4]:482609
[Run]:26089 [Site]:2 [Bin]:4618 [FullTime]:3600 [SkipTime]:0 [Veto1]:630.971 [Veto2]:409.497 [Veto3]:409.497 [Veto4]:409.497 [SgUp1]:57939 [SgUp2]:0 [SgUp3]:0 [SgUp4]:0 [SgLow1]:57876 [SgLow2]:0 [SgLow3]:0 [SgLow4]:0 [NetMuon1]:448066 [NetMuon2]:481453 [NetMuon3]:481453 [NetMuon4]:481453
[Run]:26089 [Site]:2 [Bin]:4619 [FullTime]:3599.99 [SkipTime]:0 [Veto1]:593.432 [Veto2]:409.636 [Veto3]:409.636 [Veto4]:409.636 [SgUp1]:58841 [SgUp2]:0 [SgUp3]:0 [SgUp4]:0 [SgLow1]:58770 [SgLow2]:0 [SgLow3]:0 [SgLow4]:0 [NetMuon1]:453800 [NetMuon2]:481553 [NetMuon3]:481553 [NetMuon4]:481553
[Run]:26089 [Site]:2 [Bin]:4620 [FullTime]:3600 [SkipTime]:0 [Veto1]:615.559 [Veto2]:410.168 [Veto3]:410.168 [Veto4]:410.168 [SgUp1]:58203 [SgUp2]:0 [SgUp3]:0 [SgUp4]:0 [SgLow1]:58118 [SgLow2]:0 [SgLow3]:0 [SgLow4]:0 [NetMuon1]:450881 [NetMuon2]:482100 [NetMuon3]:482100 [NetMuon4]:482100
[Run]:26089 [Site]:2 [Bin]:4621 [FullTime]:3600 [SkipTime]:0 [Veto1]:620.144 [Veto2]:410.902 [Veto3]:410.902 [Veto4]:410.902 [SgUp1]:57944 [SgUp2]:0 [SgUp3]:0 [SgUp4]:0 [SgLow1]:57842 [SgLow2]:0 [SgLow3]:0 [SgLow4]:0 [NetMuon1]:451568 [NetMuon2]:483023 [NetMuon3]:483023 [NetMuon4]:483023
[Run]:26089 [Site]:2 [Bin]:4622 [FullTime]:3600 [SkipTime]:0 [Veto1]:605.94 [Veto2]:411.347 [Veto3]:411.347 [Veto4]:411.347 [SgUp1]:58753 [SgUp2]:0 [SgUp3]:0 [SgUp4]:0 [SgLow1]:58663 [SgLow2]:0 [SgLow3]:0 [SgLow4]:0 [NetMuon1]:453947 [NetMuon2]:483546 [NetMuon3]:483546 [NetMuon4]:483546
[Run]:26089 [Site]:2 [Bin]:4623 [FullTime]:3600 [SkipTime]:0 [Veto1]:608.148 [Veto2]:410.976 [Veto3]:410.976 [Veto4]:410.976 [SgUp1]:58719 [SgUp2]:0 [SgUp3]:0 [SgUp4]:0 [SgLow1]:58632 [SgLow2]:0 [SgLow3]:0 [SgLow4]:0 [NetMuon1]:453663 [NetMuon2]:483173 [NetMuon3]:483173 [NetMuon4]:483173
[Run]:26089 [Site]:2 [Bin]:4624 [FullTime]:3600 [SkipTime]:0 [Veto1]:596.573 [Veto2]:411.778 [Veto3]:411.778 [Veto4]:411.778 [SgUp1]:59415 [SgUp2]:0 [SgUp3]:0 [SgUp4]:0 [SgLow1]:59319 [SgLow2]:0 [SgLow3]:0 [SgLow4]:0 [NetMuon1]:456129 [NetMuon2]:484002 [NetMuon3]:484002 [NetMuon4]:484002
[Run]:26089 [Site]:2 [Bin]:4625 [FullTime]:3600 [SkipTime]:0 [Veto1]:589.723 [Veto2]:409.918 [Veto3]:409.918 [Veto4]:409.918 [SgUp1]:59186 [SgUp2]:0 [SgUp3]:0 [SgUp4]:0 [SgLow1]:59105 [SgLow2]:0 [SgLow3]:0 [SgLow4]:0 [NetMuon1]:454521 [NetMuon2]:481837 [NetMuon3]:481837 [NetMuon4]:481837
[Run]:26089 [Site]:2 [Bin]:4626 [FullTime]:3600 [SkipTime]:0 [Veto1]:600.198 [Veto2]:410.395 [Veto3]:410.395 [Veto4]:410.395 [SgUp1]:58917 [SgUp2]:0 [SgUp3]:0 [SgUp4]:0 [SgLow1]:58841 [SgLow2]:0 [SgLow3]:0 [SgLow4]:0 [NetMuon1]:453820 [NetMuon2]:482453 [NetMuon3]:482453 [NetMuon4]:482453
End process Run: 26089 ... 
[Run]:26089 [Site]:2 [Bin]:4627 [FullTime]:2746.2 [SkipTime]:0 [Veto1]:451.389 [Veto2]:312.329 [Veto3]:312.329 [Veto4]:312.329
