StreamChain add 0x1291d7f0
Start to process run: 26386 ... 
[Run]:26386 [Site]:2 [Bin]:4969 [FullTime]:3472.51 [SkipTime]:0 [Veto1]:588.834 [Veto2]:395.34 [Veto3]:395.34 [Veto4]:395.34 [SgUp1]:56340 [SgUp2]:0 [SgUp3]:0 [SgUp4]:0 [SgLow1]:56256 [SgLow2]:0 [SgLow3]:0 [SgLow4]:0 [NetMuon1]:435836 [NetMuon2]:464852 [NetMuon3]:464852 [NetMuon4]:464852
[Run]:26386 [Site]:2 [Bin]:4970 [FullTime]:3600 [SkipTime]:0 [Veto1]:642.172 [Veto2]:410.906 [Veto3]:410.906 [Veto4]:410.906 [SgUp1]:58538 [SgUp2]:0 [SgUp3]:0 [SgUp4]:0 [SgLow1]:58443 [SgLow2]:0 [SgLow3]:0 [SgLow4]:0 [NetMuon1]:448088 [NetMuon2]:482894 [NetMuon3]:482894 [NetMuon4]:482894
[Run]:26386 [Site]:2 [Bin]:4971 [FullTime]:3600 [SkipTime]:0 [Veto1]:612.324 [Veto2]:411.456 [Veto3]:411.456 [Veto4]:411.456 [SgUp1]:58820 [SgUp2]:0 [SgUp3]:0 [SgUp4]:0 [SgLow1]:58726 [SgLow2]:0 [SgLow3]:0 [SgLow4]:0 [NetMuon1]:452808 [NetMuon2]:483369 [NetMuon3]:483369 [NetMuon4]:483369
[Run]:26386 [Site]:2 [Bin]:4972 [FullTime]:3600 [SkipTime]:0 [Veto1]:621.972 [Veto2]:410.208 [Veto3]:410.208 [Veto4]:410.208 [SgUp1]:58551 [SgUp2]:0 [SgUp3]:0 [SgUp4]:0 [SgLow1]:58460 [SgLow2]:0 [SgLow3]:0 [SgLow4]:0 [NetMuon1]:450343 [NetMuon2]:482109 [NetMuon3]:482109 [NetMuon4]:482109
[Run]:26386 [Site]:2 [Bin]:4973 [FullTime]:3600 [SkipTime]:0 [Veto1]:590.557 [Veto2]:409.767 [Veto3]:409.767 [Veto4]:409.767 [SgUp1]:59289 [SgUp2]:0 [SgUp3]:0 [SgUp4]:0 [SgLow1]:59173 [SgLow2]:0 [SgLow3]:0 [SgLow4]:0 [NetMuon1]:454461 [NetMuon2]:481810 [NetMuon3]:481810 [NetMuon4]:481810
[Run]:26386 [Site]:2 [Bin]:4974 [FullTime]:3600 [SkipTime]:0 [Veto1]:589.103 [Veto2]:410.329 [Veto3]:410.329 [Veto4]:410.329 [SgUp1]:59250 [SgUp2]:0 [SgUp3]:0 [SgUp4]:0 [SgLow1]:59132 [SgLow2]:0 [SgLow3]:0 [SgLow4]:0 [NetMuon1]:455572 [NetMuon2]:482340 [NetMuon3]:482340 [NetMuon4]:482340
[Run]:26386 [Site]:2 [Bin]:4975 [FullTime]:3600 [SkipTime]:0 [Veto1]:591.762 [Veto2]:410.272 [Veto3]:410.272 [Veto4]:410.272 [SgUp1]:59185 [SgUp2]:0 [SgUp3]:0 [SgUp4]:0 [SgLow1]:59078 [SgLow2]:0 [SgLow3]:0 [SgLow4]:0 [NetMuon1]:455031 [NetMuon2]:482416 [NetMuon3]:482416 [NetMuon4]:482416
[Run]:26386 [Site]:2 [Bin]:4976 [FullTime]:3600 [SkipTime]:0 [Veto1]:613.693 [Veto2]:408.961 [Veto3]:408.961 [Veto4]:408.961 [SgUp1]:58815 [SgUp2]:0 [SgUp3]:0 [SgUp4]:0 [SgLow1]:58764 [SgLow2]:0 [SgLow3]:0 [SgLow4]:0 [NetMuon1]:450254 [NetMuon2]:480900 [NetMuon3]:480900 [NetMuon4]:480900
[Run]:26386 [Site]:2 [Bin]:4977 [FullTime]:3600 [SkipTime]:0 [Veto1]:604.156 [Veto2]:410.122 [Veto3]:410.122 [Veto4]:410.122 [SgUp1]:58452 [SgUp2]:0 [SgUp3]:0 [SgUp4]:0 [SgLow1]:58389 [SgLow2]:0 [SgLow3]:0 [SgLow4]:0 [NetMuon1]:452661 [NetMuon2]:482056 [NetMuon3]:482056 [NetMuon4]:482056
[Run]:26386 [Site]:2 [Bin]:4978 [FullTime]:3599.99 [SkipTime]:0 [Veto1]:571.372 [Veto2]:409.013 [Veto3]:409.013 [Veto4]:409.013 [SgUp1]:59631 [SgUp2]:0 [SgUp3]:0 [SgUp4]:0 [SgLow1]:59563 [SgLow2]:0 [SgLow3]:0 [SgLow4]:0 [NetMuon1]:456416 [NetMuon2]:480814 [NetMuon3]:480814 [NetMuon4]:480814
[Run]:26386 [Site]:2 [Bin]:4979 [FullTime]:3600 [SkipTime]:0 [Veto1]:594.564 [Veto2]:409.768 [Veto3]:409.768 [Veto4]:409.768 [SgUp1]:59340 [SgUp2]:0 [SgUp3]:0 [SgUp4]:0 [SgLow1]:59252 [SgLow2]:0 [SgLow3]:0 [SgLow4]:0 [NetMuon1]:453827 [NetMuon2]:481742 [NetMuon3]:481742 [NetMuon4]:481742
[Run]:26386 [Site]:2 [Bin]:4980 [FullTime]:3600 [SkipTime]:0 [Veto1]:601.801 [Veto2]:410.399 [Veto3]:410.399 [Veto4]:410.399 [SgUp1]:59368 [SgUp2]:0 [SgUp3]:0 [SgUp4]:0 [SgLow1]:59279 [SgLow2]:0 [SgLow3]:0 [SgLow4]:0 [NetMuon1]:453743 [NetMuon2]:482592 [NetMuon3]:482592 [NetMuon4]:482592
[Run]:26386 [Site]:2 [Bin]:4981 [FullTime]:3600 [SkipTime]:0 [Veto1]:585.435 [Veto2]:410.375 [Veto3]:410.375 [Veto4]:410.375 [SgUp1]:59066 [SgUp2]:0 [SgUp3]:0 [SgUp4]:0 [SgLow1]:58979 [SgLow2]:0 [SgLow3]:0 [SgLow4]:0 [NetMuon1]:456202 [NetMuon2]:482415 [NetMuon3]:482415 [NetMuon4]:482415
[Run]:26386 [Site]:2 [Bin]:4982 [FullTime]:3600 [SkipTime]:0 [Veto1]:598.503 [Veto2]:411.123 [Veto3]:411.123 [Veto4]:411.123 [SgUp1]:59579 [SgUp2]:0 [SgUp3]:0 [SgUp4]:0 [SgLow1]:59486 [SgLow2]:0 [SgLow3]:0 [SgLow4]:0 [NetMuon1]:454746 [NetMuon2]:483016 [NetMuon3]:483016 [NetMuon4]:483016
[Run]:26386 [Site]:2 [Bin]:4983 [FullTime]:3600 [SkipTime]:0 [Veto1]:594.1 [Veto2]:411.707 [Veto3]:411.707 [Veto4]:411.707 [SgUp1]:59182 [SgUp2]:0 [SgUp3]:0 [SgUp4]:0 [SgLow1]:59107 [SgLow2]:0 [SgLow3]:0 [SgLow4]:0 [NetMuon1]:456488 [NetMuon2]:484072 [NetMuon3]:484072 [NetMuon4]:484072
[Run]:26386 [Site]:2 [Bin]:4984 [FullTime]:3600 [SkipTime]:0 [Veto1]:622.428 [Veto2]:410.391 [Veto3]:410.391 [Veto4]:410.391 [SgUp1]:58840 [SgUp2]:0 [SgUp3]:0 [SgUp4]:0 [SgLow1]:58738 [SgLow2]:0 [SgLow3]:0 [SgLow4]:0 [NetMuon1]:450597 [NetMuon2]:482266 [NetMuon3]:482266 [NetMuon4]:482266
[Run]:26386 [Site]:2 [Bin]:4985 [FullTime]:3600 [SkipTime]:0 [Veto1]:589.851 [Veto2]:410.22 [Veto3]:410.22 [Veto4]:410.22 [SgUp1]:58858 [SgUp2]:0 [SgUp3]:0 [SgUp4]:0 [SgLow1]:58757 [SgLow2]:0 [SgLow3]:0 [SgLow4]:0 [NetMuon1]:454868 [NetMuon2]:482298 [NetMuon3]:482298 [NetMuon4]:482298
[Run]:26386 [Site]:2 [Bin]:4986 [FullTime]:3600 [SkipTime]:0 [Veto1]:602.33 [Veto2]:411.412 [Veto3]:411.412 [Veto4]:411.412 [SgUp1]:58872 [SgUp2]:0 [SgUp3]:0 [SgUp4]:0 [SgLow1]:58765 [SgLow2]:0 [SgLow3]:0 [SgLow4]:0 [NetMuon1]:454421 [NetMuon2]:483482 [NetMuon3]:483482 [NetMuon4]:483482
[Run]:26386 [Site]:2 [Bin]:4987 [FullTime]:3600 [SkipTime]:0 [Veto1]:613.783 [Veto2]:409.508 [Veto3]:409.508 [Veto4]:409.508 [SgUp1]:58482 [SgUp2]:0 [SgUp3]:0 [SgUp4]:0 [SgLow1]:58386 [SgLow2]:0 [SgLow3]:0 [SgLow4]:0 [NetMuon1]:450460 [NetMuon2]:481349 [NetMuon3]:481349 [NetMuon4]:481349
[Run]:26386 [Site]:2 [Bin]:4988 [FullTime]:3600 [SkipTime]:0 [Veto1]:611.24 [Veto2]:409.814 [Veto3]:409.814 [Veto4]:409.814 [SgUp1]:58144 [SgUp2]:0 [SgUp3]:0 [SgUp4]:0 [SgLow1]:58036 [SgLow2]:0 [SgLow3]:0 [SgLow4]:0 [NetMuon1]:451270 [NetMuon2]:481911 [NetMuon3]:481911 [NetMuon4]:481911
[Run]:26386 [Site]:2 [Bin]:4989 [FullTime]:3600.01 [SkipTime]:0 [Veto1]:611.341 [Veto2]:410.023 [Veto3]:410.023 [Veto4]:410.023 [SgUp1]:58431 [SgUp2]:0 [SgUp3]:0 [SgUp4]:0 [SgLow1]:58351 [SgLow2]:0 [SgLow3]:0 [SgLow4]:0 [NetMuon1]:451464 [NetMuon2]:482180 [NetMuon3]:482180 [NetMuon4]:482180
[Run]:26386 [Site]:2 [Bin]:4990 [FullTime]:3599.99 [SkipTime]:0 [Veto1]:610.386 [Veto2]:409.636 [Veto3]:409.636 [Veto4]:409.636 [SgUp1]:58578 [SgUp2]:0 [SgUp3]:0 [SgUp4]:0 [SgLow1]:58487 [SgLow2]:0 [SgLow3]:0 [SgLow4]:0 [NetMuon1]:451313 [NetMuon2]:481604 [NetMuon3]:481604 [NetMuon4]:481604
[Run]:26386 [Site]:2 [Bin]:4991 [FullTime]:3600 [SkipTime]:0 [Veto1]:604.006 [Veto2]:410.845 [Veto3]:410.845 [Veto4]:410.845 [SgUp1]:58616 [SgUp2]:0 [SgUp3]:0 [SgUp4]:0 [SgLow1]:58524 [SgLow2]:0 [SgLow3]:0 [SgLow4]:0 [NetMuon1]:453896 [NetMuon2]:482950 [NetMuon3]:482950 [NetMuon4]:482950
[Run]:26386 [Site]:2 [Bin]:4992 [FullTime]:3600 [SkipTime]:0 [Veto1]:598.674 [Veto2]:410.958 [Veto3]:410.958 [Veto4]:410.958 [SgUp1]:59153 [SgUp2]:0 [SgUp3]:0 [SgUp4]:0 [SgLow1]:59062 [SgLow2]:0 [SgLow3]:0 [SgLow4]:0 [NetMuon1]:454776 [NetMuon2]:483096 [NetMuon3]:483096 [NetMuon4]:483096
[Run]:26386 [Site]:2 [Bin]:4993 [FullTime]:3600 [SkipTime]:0 [Veto1]:597.338 [Veto2]:410.75 [Veto3]:410.75 [Veto4]:410.75 [SgUp1]:58602 [SgUp2]:0 [SgUp3]:0 [SgUp4]:0 [SgLow1]:58516 [SgLow2]:0 [SgLow3]:0 [SgLow4]:0 [NetMuon1]:454242 [NetMuon2]:482986 [NetMuon3]:482986 [NetMuon4]:482986
[Run]:26386 [Site]:2 [Bin]:4994 [FullTime]:3600 [SkipTime]:0 [Veto1]:583.473 [Veto2]:410.062 [Veto3]:410.062 [Veto4]:410.062 [SgUp1]:58679 [SgUp2]:0 [SgUp3]:0 [SgUp4]:0 [SgLow1]:58605 [SgLow2]:0 [SgLow3]:0 [SgLow4]:0 [NetMuon1]:455739 [NetMuon2]:481875 [NetMuon3]:481875 [NetMuon4]:481875
[Run]:26386 [Site]:2 [Bin]:4997 [FullTime]:935.693 [SkipTime]:0 [Veto1]:155.291 [Veto2]:106.619 [Veto3]:106.619 [Veto4]:106.619 [SgUp1]:15213 [SgUp2]:0 [SgUp3]:0 [SgUp4]:0 [SgLow1]:15185 [SgLow2]:0 [SgLow3]:0 [SgLow4]:0 [NetMuon1]:118224 [NetMuon2]:125469 [NetMuon3]:125469 [NetMuon4]:125469
[Run]:26386 [Site]:2 [Bin]:4998 [FullTime]:3600 [SkipTime]:0 [Veto1]:593.536 [Veto2]:410.096 [Veto3]:410.096 [Veto4]:410.096 [SgUp1]:58868 [SgUp2]:0 [SgUp3]:0 [SgUp4]:0 [SgLow1]:58772 [SgLow2]:0 [SgLow3]:0 [SgLow4]:0 [NetMuon1]:454519 [NetMuon2]:482262 [NetMuon3]:482262 [NetMuon4]:482262
[Run]:26386 [Site]:2 [Bin]:4999 [FullTime]:3600 [SkipTime]:0 [Veto1]:607.45 [Veto2]:410.565 [Veto3]:410.565 [Veto4]:410.565 [SgUp1]:58547 [SgUp2]:0 [SgUp3]:0 [SgUp4]:0 [SgLow1]:58468 [SgLow2]:0 [SgLow3]:0 [SgLow4]:0 [NetMuon1]:452552 [NetMuon2]:482711 [NetMuon3]:482711 [NetMuon4]:482711
[Run]:26386 [Site]:2 [Bin]:5000 [FullTime]:3600 [SkipTime]:0 [Veto1]:602.586 [Veto2]:410.145 [Veto3]:410.145 [Veto4]:410.145 [SgUp1]:58292 [SgUp2]:0 [SgUp3]:0 [SgUp4]:0 [SgLow1]:58195 [SgLow2]:0 [SgLow3]:0 [SgLow4]:0 [NetMuon1]:453494 [NetMuon2]:482202 [NetMuon3]:482202 [NetMuon4]:482202
[Run]:26386 [Site]:2 [Bin]:5001 [FullTime]:3600 [SkipTime]:0 [Veto1]:624.35 [Veto2]:410.063 [Veto3]:410.063 [Veto4]:410.063 [SgUp1]:57932 [SgUp2]:0 [SgUp3]:0 [SgUp4]:0 [SgLow1]:57814 [SgLow2]:0 [SgLow3]:0 [SgLow4]:0 [NetMuon1]:449649 [NetMuon2]:482211 [NetMuon3]:482211 [NetMuon4]:482211
[Run]:26386 [Site]:2 [Bin]:5002 [FullTime]:3600 [SkipTime]:0 [Veto1]:607.744 [Veto2]:409.962 [Veto3]:409.962 [Veto4]:409.962 [SgUp1]:58550 [SgUp2]:0 [SgUp3]:0 [SgUp4]:0 [SgLow1]:58453 [SgLow2]:0 [SgLow3]:0 [SgLow4]:0 [NetMuon1]:452249 [NetMuon2]:481992 [NetMuon3]:481992 [NetMuon4]:481992
[Run]:26386 [Site]:2 [Bin]:5003 [FullTime]:3600 [SkipTime]:0 [Veto1]:589.313 [Veto2]:409.729 [Veto3]:409.729 [Veto4]:409.729 [SgUp1]:59108 [SgUp2]:0 [SgUp3]:0 [SgUp4]:0 [SgLow1]:58992 [SgLow2]:0 [SgLow3]:0 [SgLow4]:0 [NetMuon1]:454408 [NetMuon2]:481702 [NetMuon3]:481702 [NetMuon4]:481702
[Run]:26386 [Site]:2 [Bin]:5004 [FullTime]:3600 [SkipTime]:0 [Veto1]:600.802 [Veto2]:410.724 [Veto3]:410.724 [Veto4]:410.724 [SgUp1]:58591 [SgUp2]:0 [SgUp3]:0 [SgUp4]:0 [SgLow1]:58487 [SgLow2]:0 [SgLow3]:0 [SgLow4]:0 [NetMuon1]:454100 [NetMuon2]:482923 [NetMuon3]:482923 [NetMuon4]:482923
[Run]:26386 [Site]:2 [Bin]:5005 [FullTime]:3600 [SkipTime]:0 [Veto1]:601.099 [Veto2]:410.021 [Veto3]:410.021 [Veto4]:410.021 [SgUp1]:58675 [SgUp2]:0 [SgUp3]:0 [SgUp4]:0 [SgLow1]:58587 [SgLow2]:0 [SgLow3]:0 [SgLow4]:0 [NetMuon1]:453144 [NetMuon2]:482020 [NetMuon3]:482020 [NetMuon4]:482020
[Run]:26386 [Site]:2 [Bin]:5006 [FullTime]:3600 [SkipTime]:0 [Veto1]:596.846 [Veto2]:410.516 [Veto3]:410.516 [Veto4]:410.516 [SgUp1]:58398 [SgUp2]:0 [SgUp3]:0 [SgUp4]:0 [SgLow1]:58321 [SgLow2]:0 [SgLow3]:0 [SgLow4]:0 [NetMuon1]:454193 [NetMuon2]:482353 [NetMuon3]:482353 [NetMuon4]:482353
[Run]:26386 [Site]:2 [Bin]:5007 [FullTime]:3600 [SkipTime]:0 [Veto1]:624.053 [Veto2]:409.983 [Veto3]:409.983 [Veto4]:409.983 [SgUp1]:58494 [SgUp2]:0 [SgUp3]:0 [SgUp4]:0 [SgLow1]:58380 [SgLow2]:0 [SgLow3]:0 [SgLow4]:0 [NetMuon1]:449456 [NetMuon2]:482051 [NetMuon3]:482051 [NetMuon4]:482051
[Run]:26386 [Site]:2 [Bin]:5008 [FullTime]:3600 [SkipTime]:0 [Veto1]:603.093 [Veto2]:410.194 [Veto3]:410.194 [Veto4]:410.194 [SgUp1]:58896 [SgUp2]:0 [SgUp3]:0 [SgUp4]:0 [SgLow1]:58783 [SgLow2]:0 [SgLow3]:0 [SgLow4]:0 [NetMuon1]:453588 [NetMuon2]:482560 [NetMuon3]:482560 [NetMuon4]:482560
[Run]:26386 [Site]:2 [Bin]:5009 [FullTime]:3599.99 [SkipTime]:0 [Veto1]:597.581 [Veto2]:410.286 [Veto3]:410.286 [Veto4]:410.286 [SgUp1]:59043 [SgUp2]:0 [SgUp3]:0 [SgUp4]:0 [SgLow1]:58938 [SgLow2]:0 [SgLow3]:0 [SgLow4]:0 [NetMuon1]:453882 [NetMuon2]:482325 [NetMuon3]:482325 [NetMuon4]:482325
[Run]:26386 [Site]:2 [Bin]:5010 [FullTime]:3600 [SkipTime]:0 [Veto1]:604.259 [Veto2]:411.985 [Veto3]:411.985 [Veto4]:411.985 [SgUp1]:59042 [SgUp2]:0 [SgUp3]:0 [SgUp4]:0 [SgLow1]:58943 [SgLow2]:0 [SgLow3]:0 [SgLow4]:0 [NetMuon1]:455662 [NetMuon2]:484485 [NetMuon3]:484485 [NetMuon4]:484485
[Run]:26386 [Site]:2 [Bin]:5011 [FullTime]:3600 [SkipTime]:0 [Veto1]:606.761 [Veto2]:410.804 [Veto3]:410.804 [Veto4]:410.804 [SgUp1]:58765 [SgUp2]:0 [SgUp3]:0 [SgUp4]:0 [SgLow1]:58695 [SgLow2]:0 [SgLow3]:0 [SgLow4]:0 [NetMuon1]:453240 [NetMuon2]:483064 [NetMuon3]:483064 [NetMuon4]:483064
[Run]:26386 [Site]:2 [Bin]:5012 [FullTime]:3600 [SkipTime]:0 [Veto1]:600.397 [Veto2]:410.859 [Veto3]:410.859 [Veto4]:410.859 [SgUp1]:59130 [SgUp2]:0 [SgUp3]:0 [SgUp4]:0 [SgLow1]:59028 [SgLow2]:0 [SgLow3]:0 [SgLow4]:0 [NetMuon1]:454034 [NetMuon2]:482846 [NetMuon3]:482846 [NetMuon4]:482846
[Run]:26386 [Site]:2 [Bin]:5013 [FullTime]:3600 [SkipTime]:0 [Veto1]:588.815 [Veto2]:409.782 [Veto3]:409.782 [Veto4]:409.782 [SgUp1]:59343 [SgUp2]:0 [SgUp3]:0 [SgUp4]:0 [SgLow1]:59241 [SgLow2]:0 [SgLow3]:0 [SgLow4]:0 [NetMuon1]:454982 [NetMuon2]:482015 [NetMuon3]:482015 [NetMuon4]:482015
[Run]:26386 [Site]:2 [Bin]:5014 [FullTime]:3600.01 [SkipTime]:0 [Veto1]:602.708 [Veto2]:410.12 [Veto3]:410.12 [Veto4]:410.12 [SgUp1]:59169 [SgUp2]:0 [SgUp3]:0 [SgUp4]:0 [SgLow1]:59076 [SgLow2]:0 [SgLow3]:0 [SgLow4]:0 [NetMuon1]:453104 [NetMuon2]:482218 [NetMuon3]:482218 [NetMuon4]:482218
[Run]:26386 [Site]:2 [Bin]:5015 [FullTime]:3599.99 [SkipTime]:0 [Veto1]:605.984 [Veto2]:411.366 [Veto3]:411.366 [Veto4]:411.366 [SgUp1]:59090 [SgUp2]:0 [SgUp3]:0 [SgUp4]:0 [SgLow1]:59003 [SgLow2]:0 [SgLow3]:0 [SgLow4]:0 [NetMuon1]:453751 [NetMuon2]:483295 [NetMuon3]:483295 [NetMuon4]:483295
End process Run: 26386 ... 
[Run]:26386 [Site]:2 [Bin]:5016 [FullTime]:3589.31 [SkipTime]:0 [Veto1]:590.755 [Veto2]:408.335 [Veto3]:408.335 [Veto4]:408.335
