StreamChain add 0x88df7f0
Start to process run: 26262 ... 
[Run]:26262 [Site]:2 [Bin]:4807 [FullTime]:11.4464 [SkipTime]:0 [Veto1]:1.36511 [Veto2]:1.29086 [Veto3]:1.29086 [Veto4]:1.29086 [SgUp1]:200 [SgUp2]:0 [SgUp3]:0 [SgUp4]:0 [SgLow1]:200 [SgLow2]:0 [SgLow3]:0 [SgLow4]:0 [NetMuon1]:1517 [NetMuon2]:1527 [NetMuon3]:1527 [NetMuon4]:1527
[Run]:26262 [Site]:2 [Bin]:4808 [FullTime]:3600 [SkipTime]:0 [Veto1]:596.826 [Veto2]:409.555 [Veto3]:409.555 [Veto4]:409.555 [SgUp1]:59374 [SgUp2]:0 [SgUp3]:0 [SgUp4]:0 [SgLow1]:59310 [SgLow2]:0 [SgLow3]:0 [SgLow4]:0 [NetMuon1]:453306 [NetMuon2]:481613 [NetMuon3]:481613 [NetMuon4]:481613
[Run]:26262 [Site]:2 [Bin]:4809 [FullTime]:3600 [SkipTime]:0 [Veto1]:580.062 [Veto2]:409.814 [Veto3]:409.814 [Veto4]:409.814 [SgUp1]:59429 [SgUp2]:0 [SgUp3]:0 [SgUp4]:0 [SgLow1]:59356 [SgLow2]:0 [SgLow3]:0 [SgLow4]:0 [NetMuon1]:456360 [NetMuon2]:481918 [NetMuon3]:481918 [NetMuon4]:481918
[Run]:26262 [Site]:2 [Bin]:4810 [FullTime]:3600 [SkipTime]:0 [Veto1]:604.702 [Veto2]:410.032 [Veto3]:410.032 [Veto4]:410.032 [SgUp1]:59082 [SgUp2]:0 [SgUp3]:0 [SgUp4]:0 [SgLow1]:58994 [SgLow2]:0 [SgLow3]:0 [SgLow4]:0 [NetMuon1]:452734 [NetMuon2]:482055 [NetMuon3]:482055 [NetMuon4]:482055
[Run]:26262 [Site]:2 [Bin]:4811 [FullTime]:3600 [SkipTime]:0 [Veto1]:605.104 [Veto2]:410.348 [Veto3]:410.348 [Veto4]:410.348 [SgUp1]:58757 [SgUp2]:0 [SgUp3]:0 [SgUp4]:0 [SgLow1]:58673 [SgLow2]:0 [SgLow3]:0 [SgLow4]:0 [NetMuon1]:453501 [NetMuon2]:482640 [NetMuon3]:482640 [NetMuon4]:482640
[Run]:26262 [Site]:2 [Bin]:4812 [FullTime]:3600.01 [SkipTime]:0 [Veto1]:610.646 [Veto2]:410.138 [Veto3]:410.138 [Veto4]:410.138 [SgUp1]:58277 [SgUp2]:0 [SgUp3]:0 [SgUp4]:0 [SgLow1]:58209 [SgLow2]:0 [SgLow3]:0 [SgLow4]:0 [NetMuon1]:451663 [NetMuon2]:482130 [NetMuon3]:482130 [NetMuon4]:482130
[Run]:26262 [Site]:2 [Bin]:4813 [FullTime]:3599.99 [SkipTime]:0 [Veto1]:605.219 [Veto2]:408.962 [Veto3]:408.962 [Veto4]:408.962 [SgUp1]:58552 [SgUp2]:0 [SgUp3]:0 [SgUp4]:0 [SgLow1]:58459 [SgLow2]:0 [SgLow3]:0 [SgLow4]:0 [NetMuon1]:451195 [NetMuon2]:480823 [NetMuon3]:480823 [NetMuon4]:480823
[Run]:26262 [Site]:2 [Bin]:4814 [FullTime]:3600 [SkipTime]:0 [Veto1]:609.832 [Veto2]:409.814 [Veto3]:409.814 [Veto4]:409.814 [SgUp1]:58885 [SgUp2]:0 [SgUp3]:0 [SgUp4]:0 [SgLow1]:58788 [SgLow2]:0 [SgLow3]:0 [SgLow4]:0 [NetMuon1]:451423 [NetMuon2]:481826 [NetMuon3]:481826 [NetMuon4]:481826
[Run]:26262 [Site]:2 [Bin]:4815 [FullTime]:3600 [SkipTime]:0 [Veto1]:610.346 [Veto2]:410.915 [Veto3]:410.915 [Veto4]:410.915 [SgUp1]:58653 [SgUp2]:0 [SgUp3]:0 [SgUp4]:0 [SgLow1]:58579 [SgLow2]:0 [SgLow3]:0 [SgLow4]:0 [NetMuon1]:453091 [NetMuon2]:483264 [NetMuon3]:483264 [NetMuon4]:483264
[Run]:26262 [Site]:2 [Bin]:4816 [FullTime]:3600 [SkipTime]:0 [Veto1]:586.347 [Veto2]:409.298 [Veto3]:409.298 [Veto4]:409.298 [SgUp1]:58970 [SgUp2]:0 [SgUp3]:0 [SgUp4]:0 [SgLow1]:58866 [SgLow2]:0 [SgLow3]:0 [SgLow4]:0 [NetMuon1]:454347 [NetMuon2]:481149 [NetMuon3]:481149 [NetMuon4]:481149
[Run]:26262 [Site]:2 [Bin]:4817 [FullTime]:3600 [SkipTime]:0 [Veto1]:597.262 [Veto2]:409.099 [Veto3]:409.099 [Veto4]:409.099 [SgUp1]:58860 [SgUp2]:0 [SgUp3]:0 [SgUp4]:0 [SgLow1]:58773 [SgLow2]:0 [SgLow3]:0 [SgLow4]:0 [NetMuon1]:452294 [NetMuon2]:480936 [NetMuon3]:480936 [NetMuon4]:480936
[Run]:26262 [Site]:2 [Bin]:4823 [FullTime]:623.288 [SkipTime]:0 [Veto1]:102.92 [Veto2]:71.2619 [Veto3]:71.2619 [Veto4]:71.2619 [SgUp1]:10089 [SgUp2]:0 [SgUp3]:0 [SgUp4]:0 [SgLow1]:10082 [SgLow2]:0 [SgLow3]:0 [SgLow4]:0 [NetMuon1]:79056 [NetMuon2]:83814 [NetMuon3]:83814 [NetMuon4]:83814
[Run]:26262 [Site]:2 [Bin]:4824 [FullTime]:3600 [SkipTime]:0 [Veto1]:605.365 [Veto2]:410.59 [Veto3]:410.59 [Veto4]:410.59 [SgUp1]:58918 [SgUp2]:0 [SgUp3]:0 [SgUp4]:0 [SgLow1]:58832 [SgLow2]:0 [SgLow3]:0 [SgLow4]:0 [NetMuon1]:453296 [NetMuon2]:482615 [NetMuon3]:482615 [NetMuon4]:482615
[Run]:26262 [Site]:2 [Bin]:4825 [FullTime]:3600 [SkipTime]:0 [Veto1]:602.007 [Veto2]:410.359 [Veto3]:410.359 [Veto4]:410.359 [SgUp1]:58757 [SgUp2]:0 [SgUp3]:0 [SgUp4]:0 [SgLow1]:58661 [SgLow2]:0 [SgLow3]:0 [SgLow4]:0 [NetMuon1]:453550 [NetMuon2]:482601 [NetMuon3]:482601 [NetMuon4]:482601
[Run]:26262 [Site]:2 [Bin]:4826 [FullTime]:3600 [SkipTime]:0 [Veto1]:592.643 [Veto2]:411.045 [Veto3]:411.045 [Veto4]:411.045 [SgUp1]:59107 [SgUp2]:0 [SgUp3]:0 [SgUp4]:0 [SgLow1]:59019 [SgLow2]:0 [SgLow3]:0 [SgLow4]:0 [NetMuon1]:455792 [NetMuon2]:483320 [NetMuon3]:483320 [NetMuon4]:483320
[Run]:26262 [Site]:2 [Bin]:4827 [FullTime]:3600 [SkipTime]:0 [Veto1]:601.325 [Veto2]:409.566 [Veto3]:409.566 [Veto4]:409.566 [SgUp1]:59090 [SgUp2]:0 [SgUp3]:0 [SgUp4]:0 [SgLow1]:58984 [SgLow2]:0 [SgLow3]:0 [SgLow4]:0 [NetMuon1]:452262 [NetMuon2]:481365 [NetMuon3]:481365 [NetMuon4]:481365
[Run]:26262 [Site]:2 [Bin]:4828 [FullTime]:3600 [SkipTime]:0 [Veto1]:599.166 [Veto2]:411.371 [Veto3]:411.371 [Veto4]:411.371 [SgUp1]:58792 [SgUp2]:0 [SgUp3]:0 [SgUp4]:0 [SgLow1]:58715 [SgLow2]:0 [SgLow3]:0 [SgLow4]:0 [NetMuon1]:454772 [NetMuon2]:483515 [NetMuon3]:483515 [NetMuon4]:483515
[Run]:26262 [Site]:2 [Bin]:4829 [FullTime]:3600 [SkipTime]:0 [Veto1]:595.176 [Veto2]:410.677 [Veto3]:410.677 [Veto4]:410.677 [SgUp1]:59133 [SgUp2]:0 [SgUp3]:0 [SgUp4]:0 [SgLow1]:59052 [SgLow2]:0 [SgLow3]:0 [SgLow4]:0 [NetMuon1]:454833 [NetMuon2]:482737 [NetMuon3]:482737 [NetMuon4]:482737
[Run]:26262 [Site]:2 [Bin]:4830 [FullTime]:3600 [SkipTime]:0 [Veto1]:584.563 [Veto2]:409.347 [Veto3]:409.347 [Veto4]:409.347 [SgUp1]:58933 [SgUp2]:0 [SgUp3]:0 [SgUp4]:0 [SgLow1]:58858 [SgLow2]:0 [SgLow3]:0 [SgLow4]:0 [NetMuon1]:454958 [NetMuon2]:481400 [NetMuon3]:481400 [NetMuon4]:481400
[Run]:26262 [Site]:2 [Bin]:4832 [FullTime]:42.8821 [SkipTime]:0 [Veto1]:8.65879 [Veto2]:4.88337 [Veto3]:4.88337 [Veto4]:4.88337 [SgUp1]:658 [SgUp2]:0 [SgUp3]:0 [SgUp4]:0 [SgLow1]:655 [SgLow2]:0 [SgLow3]:0 [SgLow4]:0 [NetMuon1]:5183 [NetMuon2]:5745 [NetMuon3]:5745 [NetMuon4]:5745
[Run]:26262 [Site]:2 [Bin]:4833 [FullTime]:3600 [SkipTime]:0 [Veto1]:584.217 [Veto2]:409.756 [Veto3]:409.756 [Veto4]:409.756 [SgUp1]:59029 [SgUp2]:0 [SgUp3]:0 [SgUp4]:0 [SgLow1]:58961 [SgLow2]:0 [SgLow3]:0 [SgLow4]:0 [NetMuon1]:455477 [NetMuon2]:481852 [NetMuon3]:481852 [NetMuon4]:481852
[Run]:26262 [Site]:2 [Bin]:4834 [FullTime]:3600 [SkipTime]:0 [Veto1]:590.417 [Veto2]:409.443 [Veto3]:409.443 [Veto4]:409.443 [SgUp1]:58961 [SgUp2]:0 [SgUp3]:0 [SgUp4]:0 [SgLow1]:58868 [SgLow2]:0 [SgLow3]:0 [SgLow4]:0 [NetMuon1]:454173 [NetMuon2]:481432 [NetMuon3]:481432 [NetMuon4]:481432
[Run]:26262 [Site]:2 [Bin]:4835 [FullTime]:3600 [SkipTime]:0 [Veto1]:593.194 [Veto2]:410.204 [Veto3]:410.204 [Veto4]:410.204 [SgUp1]:58607 [SgUp2]:0 [SgUp3]:0 [SgUp4]:0 [SgLow1]:58515 [SgLow2]:0 [SgLow3]:0 [SgLow4]:0 [NetMuon1]:454515 [NetMuon2]:482288 [NetMuon3]:482288 [NetMuon4]:482288
[Run]:26262 [Site]:2 [Bin]:4836 [FullTime]:3600 [SkipTime]:0 [Veto1]:604.953 [Veto2]:410.076 [Veto3]:410.076 [Veto4]:410.076 [SgUp1]:58434 [SgUp2]:0 [SgUp3]:0 [SgUp4]:0 [SgLow1]:58346 [SgLow2]:0 [SgLow3]:0 [SgLow4]:0 [NetMuon1]:452694 [NetMuon2]:482029 [NetMuon3]:482029 [NetMuon4]:482029
[Run]:26262 [Site]:2 [Bin]:4837 [FullTime]:3600 [SkipTime]:0 [Veto1]:583.616 [Veto2]:408.934 [Veto3]:408.934 [Veto4]:408.934 [SgUp1]:58834 [SgUp2]:0 [SgUp3]:0 [SgUp4]:0 [SgLow1]:58740 [SgLow2]:0 [SgLow3]:0 [SgLow4]:0 [NetMuon1]:454388 [NetMuon2]:480676 [NetMuon3]:480676 [NetMuon4]:480676
[Run]:26262 [Site]:2 [Bin]:4838 [FullTime]:3600 [SkipTime]:0 [Veto1]:600.156 [Veto2]:409.928 [Veto3]:409.928 [Veto4]:409.928 [SgUp1]:59037 [SgUp2]:0 [SgUp3]:0 [SgUp4]:0 [SgLow1]:58957 [SgLow2]:0 [SgLow3]:0 [SgLow4]:0 [NetMuon1]:453199 [NetMuon2]:481891 [NetMuon3]:481891 [NetMuon4]:481891
[Run]:26262 [Site]:2 [Bin]:4839 [FullTime]:3600 [SkipTime]:0 [Veto1]:627.259 [Veto2]:410.597 [Veto3]:410.597 [Veto4]:410.597 [SgUp1]:58586 [SgUp2]:0 [SgUp3]:0 [SgUp4]:0 [SgLow1]:58491 [SgLow2]:0 [SgLow3]:0 [SgLow4]:0 [NetMuon1]:450187 [NetMuon2]:482859 [NetMuon3]:482859 [NetMuon4]:482859
[Run]:26262 [Site]:2 [Bin]:4840 [FullTime]:3600 [SkipTime]:0 [Veto1]:599.027 [Veto2]:411.382 [Veto3]:411.382 [Veto4]:411.382 [SgUp1]:59074 [SgUp2]:0 [SgUp3]:0 [SgUp4]:0 [SgLow1]:58992 [SgLow2]:0 [SgLow3]:0 [SgLow4]:0 [NetMuon1]:455167 [NetMuon2]:483487 [NetMuon3]:483487 [NetMuon4]:483487
[Run]:26262 [Site]:2 [Bin]:4841 [FullTime]:3600 [SkipTime]:0 [Veto1]:602.43 [Veto2]:410.75 [Veto3]:410.75 [Veto4]:410.75 [SgUp1]:59327 [SgUp2]:0 [SgUp3]:0 [SgUp4]:0 [SgLow1]:59259 [SgLow2]:0 [SgLow3]:0 [SgLow4]:0 [NetMuon1]:454091 [NetMuon2]:483207 [NetMuon3]:483207 [NetMuon4]:483207
[Run]:26262 [Site]:2 [Bin]:4842 [FullTime]:3599.99 [SkipTime]:0 [Veto1]:592.891 [Veto2]:410.754 [Veto3]:410.754 [Veto4]:410.754 [SgUp1]:58458 [SgUp2]:0 [SgUp3]:0 [SgUp4]:0 [SgLow1]:58379 [SgLow2]:0 [SgLow3]:0 [SgLow4]:0 [NetMuon1]:455158 [NetMuon2]:482738 [NetMuon3]:482738 [NetMuon4]:482738
[Run]:26262 [Site]:2 [Bin]:4843 [FullTime]:3600 [SkipTime]:0 [Veto1]:582.526 [Veto2]:410.343 [Veto3]:410.343 [Veto4]:410.343 [SgUp1]:59187 [SgUp2]:0 [SgUp3]:0 [SgUp4]:0 [SgLow1]:59091 [SgLow2]:0 [SgLow3]:0 [SgLow4]:0 [NetMuon1]:456464 [NetMuon2]:482485 [NetMuon3]:482485 [NetMuon4]:482485
[Run]:26262 [Site]:2 [Bin]:4844 [FullTime]:3600 [SkipTime]:0 [Veto1]:593.55 [Veto2]:410.234 [Veto3]:410.234 [Veto4]:410.234 [SgUp1]:58846 [SgUp2]:0 [SgUp3]:0 [SgUp4]:0 [SgLow1]:58768 [SgLow2]:0 [SgLow3]:0 [SgLow4]:0 [NetMuon1]:454755 [NetMuon2]:482133 [NetMuon3]:482133 [NetMuon4]:482133
[Run]:26262 [Site]:2 [Bin]:4845 [FullTime]:3600 [SkipTime]:0 [Veto1]:611.361 [Veto2]:411.127 [Veto3]:411.127 [Veto4]:411.127 [SgUp1]:58722 [SgUp2]:0 [SgUp3]:0 [SgUp4]:0 [SgLow1]:58615 [SgLow2]:0 [SgLow3]:0 [SgLow4]:0 [NetMuon1]:452996 [NetMuon2]:483342 [NetMuon3]:483342 [NetMuon4]:483342
[Run]:26262 [Site]:2 [Bin]:4846 [FullTime]:3600 [SkipTime]:0 [Veto1]:594.038 [Veto2]:410.135 [Veto3]:410.135 [Veto4]:410.135 [SgUp1]:58963 [SgUp2]:0 [SgUp3]:0 [SgUp4]:0 [SgLow1]:58877 [SgLow2]:0 [SgLow3]:0 [SgLow4]:0 [NetMuon1]:454264 [NetMuon2]:482328 [NetMuon3]:482328 [NetMuon4]:482328
[Run]:26262 [Site]:2 [Bin]:4847 [FullTime]:3600 [SkipTime]:0 [Veto1]:596.714 [Veto2]:410.795 [Veto3]:410.795 [Veto4]:410.795 [SgUp1]:58974 [SgUp2]:0 [SgUp3]:0 [SgUp4]:0 [SgLow1]:58894 [SgLow2]:0 [SgLow3]:0 [SgLow4]:0 [NetMuon1]:455102 [NetMuon2]:483036 [NetMuon3]:483036 [NetMuon4]:483036
End process Run: 26262 ... 
[Run]:26262 [Site]:2 [Bin]:4848 [FullTime]:3478.64 [SkipTime]:0 [Veto1]:582.7 [Veto2]:396.273 [Veto3]:396.273 [Veto4]:396.273
