StreamChain add 0x1ef457f0
Start to process run: 26204 ... 
[Run]:26204 [Site]:2 [Bin]:4713 [FullTime]:515.873 [SkipTime]:0 [Veto1]:80.9296 [Veto2]:58.6782 [Veto3]:58.6782 [Veto4]:58.6782 [SgUp1]:8575 [SgUp2]:0 [SgUp3]:0 [SgUp4]:0 [SgLow1]:8555 [SgLow2]:0 [SgLow3]:0 [SgLow4]:0 [NetMuon1]:65616 [NetMuon2]:69008 [NetMuon3]:69008 [NetMuon4]:69008
[Run]:26204 [Site]:2 [Bin]:4714 [FullTime]:3600 [SkipTime]:0 [Veto1]:589.407 [Veto2]:409.862 [Veto3]:409.862 [Veto4]:409.862 [SgUp1]:58527 [SgUp2]:0 [SgUp3]:0 [SgUp4]:0 [SgLow1]:58443 [SgLow2]:0 [SgLow3]:0 [SgLow4]:0 [NetMuon1]:454805 [NetMuon2]:482051 [NetMuon3]:482051 [NetMuon4]:482051
[Run]:26204 [Site]:2 [Bin]:4715 [FullTime]:3600 [SkipTime]:0 [Veto1]:583.713 [Veto2]:408.703 [Veto3]:408.703 [Veto4]:408.703 [SgUp1]:58973 [SgUp2]:0 [SgUp3]:0 [SgUp4]:0 [SgLow1]:58876 [SgLow2]:0 [SgLow3]:0 [SgLow4]:0 [NetMuon1]:454131 [NetMuon2]:480526 [NetMuon3]:480526 [NetMuon4]:480526
[Run]:26204 [Site]:2 [Bin]:4716 [FullTime]:3600 [SkipTime]:0 [Veto1]:589.435 [Veto2]:410.379 [Veto3]:410.379 [Veto4]:410.379 [SgUp1]:58732 [SgUp2]:0 [SgUp3]:0 [SgUp4]:0 [SgLow1]:58687 [SgLow2]:0 [SgLow3]:0 [SgLow4]:0 [NetMuon1]:455727 [NetMuon2]:482582 [NetMuon3]:482582 [NetMuon4]:482582
[Run]:26204 [Site]:2 [Bin]:4717 [FullTime]:3600.01 [SkipTime]:0 [Veto1]:613.659 [Veto2]:410.437 [Veto3]:410.437 [Veto4]:410.437 [SgUp1]:58225 [SgUp2]:0 [SgUp3]:0 [SgUp4]:0 [SgLow1]:58146 [SgLow2]:0 [SgLow3]:0 [SgLow4]:0 [NetMuon1]:451565 [NetMuon2]:482396 [NetMuon3]:482396 [NetMuon4]:482396
[Run]:26204 [Site]:2 [Bin]:4718 [FullTime]:3599.99 [SkipTime]:0 [Veto1]:601 [Veto2]:409.982 [Veto3]:409.982 [Veto4]:409.982 [SgUp1]:58740 [SgUp2]:0 [SgUp3]:0 [SgUp4]:0 [SgLow1]:58651 [SgLow2]:0 [SgLow3]:0 [SgLow4]:0 [NetMuon1]:453283 [NetMuon2]:482046 [NetMuon3]:482046 [NetMuon4]:482046
[Run]:26204 [Site]:2 [Bin]:4719 [FullTime]:3600 [SkipTime]:0 [Veto1]:614.322 [Veto2]:409.831 [Veto3]:409.831 [Veto4]:409.831 [SgUp1]:58283 [SgUp2]:0 [SgUp3]:0 [SgUp4]:0 [SgLow1]:58203 [SgLow2]:0 [SgLow3]:0 [SgLow4]:0 [NetMuon1]:451046 [NetMuon2]:481896 [NetMuon3]:481896 [NetMuon4]:481896
[Run]:26204 [Site]:2 [Bin]:4720 [FullTime]:3600 [SkipTime]:0 [Veto1]:577.273 [Veto2]:410.697 [Veto3]:410.697 [Veto4]:410.697 [SgUp1]:59017 [SgUp2]:0 [SgUp3]:0 [SgUp4]:0 [SgLow1]:58916 [SgLow2]:0 [SgLow3]:0 [SgLow4]:0 [NetMuon1]:457540 [NetMuon2]:482907 [NetMuon3]:482907 [NetMuon4]:482907
[Run]:26204 [Site]:2 [Bin]:4721 [FullTime]:3600 [SkipTime]:0 [Veto1]:596.989 [Veto2]:410.71 [Veto3]:410.71 [Veto4]:410.71 [SgUp1]:58946 [SgUp2]:0 [SgUp3]:0 [SgUp4]:0 [SgLow1]:58866 [SgLow2]:0 [SgLow3]:0 [SgLow4]:0 [NetMuon1]:454700 [NetMuon2]:483044 [NetMuon3]:483044 [NetMuon4]:483044
[Run]:26204 [Site]:2 [Bin]:4722 [FullTime]:3600 [SkipTime]:0 [Veto1]:624.062 [Veto2]:410.722 [Veto3]:410.722 [Veto4]:410.722 [SgUp1]:57766 [SgUp2]:0 [SgUp3]:0 [SgUp4]:0 [SgLow1]:57676 [SgLow2]:0 [SgLow3]:0 [SgLow4]:0 [NetMuon1]:450716 [NetMuon2]:482679 [NetMuon3]:482679 [NetMuon4]:482679
[Run]:26204 [Site]:2 [Bin]:4723 [FullTime]:3600 [SkipTime]:0 [Veto1]:611.987 [Veto2]:409.947 [Veto3]:409.947 [Veto4]:409.947 [SgUp1]:58986 [SgUp2]:0 [SgUp3]:0 [SgUp4]:0 [SgLow1]:58881 [SgLow2]:0 [SgLow3]:0 [SgLow4]:0 [NetMuon1]:451796 [NetMuon2]:482045 [NetMuon3]:482045 [NetMuon4]:482045
[Run]:26204 [Site]:2 [Bin]:4724 [FullTime]:3600 [SkipTime]:0 [Veto1]:615.51 [Veto2]:409.962 [Veto3]:409.962 [Veto4]:409.962 [SgUp1]:58520 [SgUp2]:0 [SgUp3]:0 [SgUp4]:0 [SgLow1]:58439 [SgLow2]:0 [SgLow3]:0 [SgLow4]:0 [NetMuon1]:450748 [NetMuon2]:481683 [NetMuon3]:481683 [NetMuon4]:481683
[Run]:26204 [Site]:2 [Bin]:4725 [FullTime]:3600 [SkipTime]:0 [Veto1]:614.525 [Veto2]:409.27 [Veto3]:409.27 [Veto4]:409.27 [SgUp1]:58453 [SgUp2]:0 [SgUp3]:0 [SgUp4]:0 [SgLow1]:58354 [SgLow2]:0 [SgLow3]:0 [SgLow4]:0 [NetMuon1]:450118 [NetMuon2]:481208 [NetMuon3]:481208 [NetMuon4]:481208
[Run]:26204 [Site]:2 [Bin]:4726 [FullTime]:3600 [SkipTime]:0 [Veto1]:599.894 [Veto2]:409.639 [Veto3]:409.639 [Veto4]:409.639 [SgUp1]:58646 [SgUp2]:0 [SgUp3]:0 [SgUp4]:0 [SgLow1]:58578 [SgLow2]:0 [SgLow3]:0 [SgLow4]:0 [NetMuon1]:453016 [NetMuon2]:481618 [NetMuon3]:481618 [NetMuon4]:481618
[Run]:26204 [Site]:2 [Bin]:4727 [FullTime]:3600.01 [SkipTime]:0 [Veto1]:620.98 [Veto2]:410.399 [Veto3]:410.399 [Veto4]:410.399 [SgUp1]:58737 [SgUp2]:0 [SgUp3]:0 [SgUp4]:0 [SgLow1]:58653 [SgLow2]:0 [SgLow3]:0 [SgLow4]:0 [NetMuon1]:450928 [NetMuon2]:482635 [NetMuon3]:482635 [NetMuon4]:482635
[Run]:26204 [Site]:2 [Bin]:4728 [FullTime]:3599.99 [SkipTime]:0 [Veto1]:599.191 [Veto2]:410.772 [Veto3]:410.772 [Veto4]:410.772 [SgUp1]:58878 [SgUp2]:0 [SgUp3]:0 [SgUp4]:0 [SgLow1]:58806 [SgLow2]:0 [SgLow3]:0 [SgLow4]:0 [NetMuon1]:454622 [NetMuon2]:483165 [NetMuon3]:483165 [NetMuon4]:483165
[Run]:26204 [Site]:2 [Bin]:4729 [FullTime]:3600 [SkipTime]:0 [Veto1]:597.378 [Veto2]:410.147 [Veto3]:410.147 [Veto4]:410.147 [SgUp1]:58724 [SgUp2]:0 [SgUp3]:0 [SgUp4]:0 [SgLow1]:58640 [SgLow2]:0 [SgLow3]:0 [SgLow4]:0 [NetMuon1]:453599 [NetMuon2]:482193 [NetMuon3]:482193 [NetMuon4]:482193
End process Run: 26204 ... 
[Run]:26204 [Site]:2 [Bin]:4730 [FullTime]:1331.38 [SkipTime]:0 [Veto1]:220.557 [Veto2]:151.477 [Veto3]:151.477 [Veto4]:151.477
