StreamChain add 0x121ad7f0
Start to process run: 26216 ... 
[Run]:26216 [Site]:2 [Bin]:4753 [FullTime]:2855.32 [SkipTime]:0 [Veto1]:470.403 [Veto2]:325.12 [Veto3]:325.12 [Veto4]:325.12 [SgUp1]:46617 [SgUp2]:0 [SgUp3]:0 [SgUp4]:0 [SgLow1]:46553 [SgLow2]:0 [SgLow3]:0 [SgLow4]:0 [NetMuon1]:360366 [NetMuon2]:382359 [NetMuon3]:382359 [NetMuon4]:382359
[Run]:26216 [Site]:2 [Bin]:4754 [FullTime]:3600 [SkipTime]:0 [Veto1]:598.643 [Veto2]:411.224 [Veto3]:411.224 [Veto4]:411.224 [SgUp1]:59149 [SgUp2]:0 [SgUp3]:0 [SgUp4]:0 [SgLow1]:59048 [SgLow2]:0 [SgLow3]:0 [SgLow4]:0 [NetMuon1]:455106 [NetMuon2]:483522 [NetMuon3]:483522 [NetMuon4]:483522
[Run]:26216 [Site]:2 [Bin]:4755 [FullTime]:3600 [SkipTime]:0 [Veto1]:603.492 [Veto2]:409.939 [Veto3]:409.939 [Veto4]:409.939 [SgUp1]:59001 [SgUp2]:0 [SgUp3]:0 [SgUp4]:0 [SgLow1]:58915 [SgLow2]:0 [SgLow3]:0 [SgLow4]:0 [NetMuon1]:452598 [NetMuon2]:481890 [NetMuon3]:481890 [NetMuon4]:481890
[Run]:26216 [Site]:2 [Bin]:4756 [FullTime]:3600 [SkipTime]:0 [Veto1]:612.571 [Veto2]:409.188 [Veto3]:409.188 [Veto4]:409.188 [SgUp1]:58544 [SgUp2]:0 [SgUp3]:0 [SgUp4]:0 [SgLow1]:58459 [SgLow2]:0 [SgLow3]:0 [SgLow4]:0 [NetMuon1]:450276 [NetMuon2]:481186 [NetMuon3]:481186 [NetMuon4]:481186
[Run]:26216 [Site]:2 [Bin]:4757 [FullTime]:3600 [SkipTime]:0 [Veto1]:603.954 [Veto2]:410.126 [Veto3]:410.126 [Veto4]:410.126 [SgUp1]:58381 [SgUp2]:0 [SgUp3]:0 [SgUp4]:0 [SgLow1]:58300 [SgLow2]:0 [SgLow3]:0 [SgLow4]:0 [NetMuon1]:453225 [NetMuon2]:482473 [NetMuon3]:482473 [NetMuon4]:482473
[Run]:26216 [Site]:2 [Bin]:4758 [FullTime]:3600 [SkipTime]:0 [Veto1]:603.156 [Veto2]:410.121 [Veto3]:410.121 [Veto4]:410.121 [SgUp1]:58698 [SgUp2]:0 [SgUp3]:0 [SgUp4]:0 [SgLow1]:58606 [SgLow2]:0 [SgLow3]:0 [SgLow4]:0 [NetMuon1]:453005 [NetMuon2]:482096 [NetMuon3]:482096 [NetMuon4]:482096
[Run]:26216 [Site]:2 [Bin]:4759 [FullTime]:3600 [SkipTime]:0 [Veto1]:587.765 [Veto2]:409.946 [Veto3]:409.946 [Veto4]:409.946 [SgUp1]:59442 [SgUp2]:0 [SgUp3]:0 [SgUp4]:0 [SgLow1]:59366 [SgLow2]:0 [SgLow3]:0 [SgLow4]:0 [NetMuon1]:455361 [NetMuon2]:482114 [NetMuon3]:482114 [NetMuon4]:482114
[Run]:26216 [Site]:2 [Bin]:4760 [FullTime]:3600 [SkipTime]:0 [Veto1]:615.961 [Veto2]:409.088 [Veto3]:409.088 [Veto4]:409.088 [SgUp1]:59348 [SgUp2]:0 [SgUp3]:0 [SgUp4]:0 [SgLow1]:59248 [SgLow2]:0 [SgLow3]:0 [SgLow4]:0 [NetMuon1]:449786 [NetMuon2]:480931 [NetMuon3]:480931 [NetMuon4]:480931
[Run]:26216 [Site]:2 [Bin]:4761 [FullTime]:3600 [SkipTime]:0 [Veto1]:595.207 [Veto2]:409.34 [Veto3]:409.34 [Veto4]:409.34 [SgUp1]:59285 [SgUp2]:0 [SgUp3]:0 [SgUp4]:0 [SgLow1]:59184 [SgLow2]:0 [SgLow3]:0 [SgLow4]:0 [NetMuon1]:452907 [NetMuon2]:481137 [NetMuon3]:481137 [NetMuon4]:481137
[Run]:26216 [Site]:2 [Bin]:4762 [FullTime]:3600 [SkipTime]:0 [Veto1]:605.102 [Veto2]:409.226 [Veto3]:409.226 [Veto4]:409.226 [SgUp1]:58736 [SgUp2]:0 [SgUp3]:0 [SgUp4]:0 [SgLow1]:58640 [SgLow2]:0 [SgLow3]:0 [SgLow4]:0 [NetMuon1]:451602 [NetMuon2]:481117 [NetMuon3]:481117 [NetMuon4]:481117
[Run]:26216 [Site]:2 [Bin]:4763 [FullTime]:3600 [SkipTime]:0 [Veto1]:603.026 [Veto2]:409.937 [Veto3]:409.937 [Veto4]:409.937 [SgUp1]:58723 [SgUp2]:0 [SgUp3]:0 [SgUp4]:0 [SgLow1]:58626 [SgLow2]:0 [SgLow3]:0 [SgLow4]:0 [NetMuon1]:452972 [NetMuon2]:481879 [NetMuon3]:481879 [NetMuon4]:481879
[Run]:26216 [Site]:2 [Bin]:4764 [FullTime]:3600 [SkipTime]:0 [Veto1]:610.27 [Veto2]:408.917 [Veto3]:408.917 [Veto4]:408.917 [SgUp1]:59097 [SgUp2]:0 [SgUp3]:0 [SgUp4]:0 [SgLow1]:58985 [SgLow2]:0 [SgLow3]:0 [SgLow4]:0 [NetMuon1]:450326 [NetMuon2]:480747 [NetMuon3]:480747 [NetMuon4]:480747
[Run]:26216 [Site]:2 [Bin]:4765 [FullTime]:3600 [SkipTime]:0 [Veto1]:610.881 [Veto2]:410.102 [Veto3]:410.102 [Veto4]:410.102 [SgUp1]:59079 [SgUp2]:0 [SgUp3]:0 [SgUp4]:0 [SgLow1]:59020 [SgLow2]:0 [SgLow3]:0 [SgLow4]:0 [NetMuon1]:451983 [NetMuon2]:482416 [NetMuon3]:482416 [NetMuon4]:482416
[Run]:26216 [Site]:2 [Bin]:4766 [FullTime]:3600 [SkipTime]:0 [Veto1]:592.008 [Veto2]:409.582 [Veto3]:409.582 [Veto4]:409.582 [SgUp1]:58935 [SgUp2]:0 [SgUp3]:0 [SgUp4]:0 [SgLow1]:58839 [SgLow2]:0 [SgLow3]:0 [SgLow4]:0 [NetMuon1]:454175 [NetMuon2]:481653 [NetMuon3]:481653 [NetMuon4]:481653
[Run]:26216 [Site]:2 [Bin]:4767 [FullTime]:3600 [SkipTime]:0 [Veto1]:591.838 [Veto2]:409.845 [Veto3]:409.845 [Veto4]:409.845 [SgUp1]:58882 [SgUp2]:0 [SgUp3]:0 [SgUp4]:0 [SgLow1]:58795 [SgLow2]:0 [SgLow3]:0 [SgLow4]:0 [NetMuon1]:454639 [NetMuon2]:481909 [NetMuon3]:481909 [NetMuon4]:481909
[Run]:26216 [Site]:2 [Bin]:4768 [FullTime]:3600 [SkipTime]:0 [Veto1]:592.226 [Veto2]:411.017 [Veto3]:411.017 [Veto4]:411.017 [SgUp1]:59093 [SgUp2]:0 [SgUp3]:0 [SgUp4]:0 [SgLow1]:59013 [SgLow2]:0 [SgLow3]:0 [SgLow4]:0 [NetMuon1]:455756 [NetMuon2]:483128 [NetMuon3]:483128 [NetMuon4]:483128
[Run]:26216 [Site]:2 [Bin]:4769 [FullTime]:3600 [SkipTime]:0 [Veto1]:598.035 [Veto2]:410.153 [Veto3]:410.153 [Veto4]:410.153 [SgUp1]:58630 [SgUp2]:0 [SgUp3]:0 [SgUp4]:0 [SgLow1]:58538 [SgLow2]:0 [SgLow3]:0 [SgLow4]:0 [NetMuon1]:453886 [NetMuon2]:482388 [NetMuon3]:482388 [NetMuon4]:482388
[Run]:26216 [Site]:2 [Bin]:4770 [FullTime]:3600 [SkipTime]:0 [Veto1]:584.44 [Veto2]:410.846 [Veto3]:410.846 [Veto4]:410.846 [SgUp1]:58970 [SgUp2]:0 [SgUp3]:0 [SgUp4]:0 [SgLow1]:58899 [SgLow2]:0 [SgLow3]:0 [SgLow4]:0 [NetMuon1]:456735 [NetMuon2]:483106 [NetMuon3]:483106 [NetMuon4]:483106
[Run]:26216 [Site]:2 [Bin]:4771 [FullTime]:3600 [SkipTime]:0 [Veto1]:611.174 [Veto2]:410.271 [Veto3]:410.271 [Veto4]:410.271 [SgUp1]:58870 [SgUp2]:0 [SgUp3]:0 [SgUp4]:0 [SgLow1]:58792 [SgLow2]:0 [SgLow3]:0 [SgLow4]:0 [NetMuon1]:452072 [NetMuon2]:482320 [NetMuon3]:482320 [NetMuon4]:482320
[Run]:26216 [Site]:2 [Bin]:4772 [FullTime]:3600 [SkipTime]:0 [Veto1]:615.474 [Veto2]:409.753 [Veto3]:409.753 [Veto4]:409.753 [SgUp1]:58388 [SgUp2]:0 [SgUp3]:0 [SgUp4]:0 [SgLow1]:58312 [SgLow2]:0 [SgLow3]:0 [SgLow4]:0 [NetMuon1]:451027 [NetMuon2]:482039 [NetMuon3]:482039 [NetMuon4]:482039
[Run]:26216 [Site]:2 [Bin]:4773 [FullTime]:3600 [SkipTime]:0 [Veto1]:582.368 [Veto2]:411.047 [Veto3]:411.047 [Veto4]:411.047 [SgUp1]:59663 [SgUp2]:0 [SgUp3]:0 [SgUp4]:0 [SgLow1]:59561 [SgLow2]:0 [SgLow3]:0 [SgLow4]:0 [NetMuon1]:457375 [NetMuon2]:483072 [NetMuon3]:483072 [NetMuon4]:483072
[Run]:26216 [Site]:2 [Bin]:4774 [FullTime]:3600 [SkipTime]:0 [Veto1]:597.217 [Veto2]:410.371 [Veto3]:410.371 [Veto4]:410.371 [SgUp1]:59159 [SgUp2]:0 [SgUp3]:0 [SgUp4]:0 [SgLow1]:59062 [SgLow2]:0 [SgLow3]:0 [SgLow4]:0 [NetMuon1]:454232 [NetMuon2]:482571 [NetMuon3]:482571 [NetMuon4]:482571
[Run]:26216 [Site]:2 [Bin]:4775 [FullTime]:3600 [SkipTime]:0 [Veto1]:594.322 [Veto2]:409.927 [Veto3]:409.927 [Veto4]:409.927 [SgUp1]:59146 [SgUp2]:0 [SgUp3]:0 [SgUp4]:0 [SgLow1]:59077 [SgLow2]:0 [SgLow3]:0 [SgLow4]:0 [NetMuon1]:453751 [NetMuon2]:481876 [NetMuon3]:481876 [NetMuon4]:481876
[Run]:26216 [Site]:2 [Bin]:4776 [FullTime]:3600 [SkipTime]:0 [Veto1]:596.529 [Veto2]:410.26 [Veto3]:410.26 [Veto4]:410.26 [SgUp1]:59180 [SgUp2]:0 [SgUp3]:0 [SgUp4]:0 [SgLow1]:59106 [SgLow2]:0 [SgLow3]:0 [SgLow4]:0 [NetMuon1]:454174 [NetMuon2]:482391 [NetMuon3]:482391 [NetMuon4]:482391
[Run]:26216 [Site]:2 [Bin]:4777 [FullTime]:3600 [SkipTime]:0 [Veto1]:604.02 [Veto2]:410.306 [Veto3]:410.306 [Veto4]:410.306 [SgUp1]:59022 [SgUp2]:0 [SgUp3]:0 [SgUp4]:0 [SgLow1]:58929 [SgLow2]:0 [SgLow3]:0 [SgLow4]:0 [NetMuon1]:452909 [NetMuon2]:482347 [NetMuon3]:482347 [NetMuon4]:482347
[Run]:26216 [Site]:2 [Bin]:4778 [FullTime]:3600 [SkipTime]:0 [Veto1]:595.296 [Veto2]:410.536 [Veto3]:410.536 [Veto4]:410.536 [SgUp1]:58567 [SgUp2]:0 [SgUp3]:0 [SgUp4]:0 [SgLow1]:58490 [SgLow2]:0 [SgLow3]:0 [SgLow4]:0 [NetMuon1]:454960 [NetMuon2]:482727 [NetMuon3]:482727 [NetMuon4]:482727
[Run]:26216 [Site]:2 [Bin]:4779 [FullTime]:3600.01 [SkipTime]:0 [Veto1]:591.719 [Veto2]:410.806 [Veto3]:410.806 [Veto4]:410.806 [SgUp1]:59247 [SgUp2]:0 [SgUp3]:0 [SgUp4]:0 [SgLow1]:59159 [SgLow2]:0 [SgLow3]:0 [SgLow4]:0 [NetMuon1]:455685 [NetMuon2]:483008 [NetMuon3]:483008 [NetMuon4]:483008
[Run]:26216 [Site]:2 [Bin]:4780 [FullTime]:3599.99 [SkipTime]:0 [Veto1]:596.299 [Veto2]:410.203 [Veto3]:410.203 [Veto4]:410.203 [SgUp1]:58955 [SgUp2]:0 [SgUp3]:0 [SgUp4]:0 [SgLow1]:58870 [SgLow2]:0 [SgLow3]:0 [SgLow4]:0 [NetMuon1]:453913 [NetMuon2]:482273 [NetMuon3]:482273 [NetMuon4]:482273
[Run]:26216 [Site]:2 [Bin]:4781 [FullTime]:3600 [SkipTime]:0 [Veto1]:589.5 [Veto2]:410.964 [Veto3]:410.964 [Veto4]:410.964 [SgUp1]:59063 [SgUp2]:0 [SgUp3]:0 [SgUp4]:0 [SgLow1]:58974 [SgLow2]:0 [SgLow3]:0 [SgLow4]:0 [NetMuon1]:455957 [NetMuon2]:483118 [NetMuon3]:483118 [NetMuon4]:483118
[Run]:26216 [Site]:2 [Bin]:4782 [FullTime]:3600 [SkipTime]:0 [Veto1]:615.268 [Veto2]:410.308 [Veto3]:410.308 [Veto4]:410.308 [SgUp1]:58617 [SgUp2]:0 [SgUp3]:0 [SgUp4]:0 [SgLow1]:58531 [SgLow2]:0 [SgLow3]:0 [SgLow4]:0 [NetMuon1]:451368 [NetMuon2]:482391 [NetMuon3]:482391 [NetMuon4]:482391
[Run]:26216 [Site]:2 [Bin]:4783 [FullTime]:3600 [SkipTime]:0 [Veto1]:610.218 [Veto2]:410.941 [Veto3]:410.941 [Veto4]:410.941 [SgUp1]:58699 [SgUp2]:0 [SgUp3]:0 [SgUp4]:0 [SgLow1]:58602 [SgLow2]:0 [SgLow3]:0 [SgLow4]:0 [NetMuon1]:453295 [NetMuon2]:483279 [NetMuon3]:483279 [NetMuon4]:483279
[Run]:26216 [Site]:2 [Bin]:4784 [FullTime]:3600 [SkipTime]:0 [Veto1]:606.703 [Veto2]:409.778 [Veto3]:409.778 [Veto4]:409.778 [SgUp1]:58414 [SgUp2]:0 [SgUp3]:0 [SgUp4]:0 [SgLow1]:58326 [SgLow2]:0 [SgLow3]:0 [SgLow4]:0 [NetMuon1]:451924 [NetMuon2]:481828 [NetMuon3]:481828 [NetMuon4]:481828
[Run]:26216 [Site]:2 [Bin]:4785 [FullTime]:3600 [SkipTime]:0 [Veto1]:606.589 [Veto2]:410.197 [Veto3]:410.197 [Veto4]:410.197 [SgUp1]:58671 [SgUp2]:0 [SgUp3]:0 [SgUp4]:0 [SgLow1]:58582 [SgLow2]:0 [SgLow3]:0 [SgLow4]:0 [NetMuon1]:452961 [NetMuon2]:482434 [NetMuon3]:482434 [NetMuon4]:482434
[Run]:26216 [Site]:2 [Bin]:4786 [FullTime]:3600 [SkipTime]:0 [Veto1]:593.279 [Veto2]:410.403 [Veto3]:410.403 [Veto4]:410.403 [SgUp1]:58788 [SgUp2]:0 [SgUp3]:0 [SgUp4]:0 [SgLow1]:58677 [SgLow2]:0 [SgLow3]:0 [SgLow4]:0 [NetMuon1]:454684 [NetMuon2]:482444 [NetMuon3]:482444 [NetMuon4]:482444
[Run]:26216 [Site]:2 [Bin]:4787 [FullTime]:3600 [SkipTime]:0 [Veto1]:608.347 [Veto2]:409.829 [Veto3]:409.829 [Veto4]:409.829 [SgUp1]:58830 [SgUp2]:0 [SgUp3]:0 [SgUp4]:0 [SgLow1]:58737 [SgLow2]:0 [SgLow3]:0 [SgLow4]:0 [NetMuon1]:452090 [NetMuon2]:482010 [NetMuon3]:482010 [NetMuon4]:482010
[Run]:26216 [Site]:2 [Bin]:4788 [FullTime]:3600 [SkipTime]:0 [Veto1]:603.957 [Veto2]:409.775 [Veto3]:409.775 [Veto4]:409.775 [SgUp1]:58844 [SgUp2]:0 [SgUp3]:0 [SgUp4]:0 [SgLow1]:58758 [SgLow2]:0 [SgLow3]:0 [SgLow4]:0 [NetMuon1]:452684 [NetMuon2]:482016 [NetMuon3]:482016 [NetMuon4]:482016
[Run]:26216 [Site]:2 [Bin]:4789 [FullTime]:3600 [SkipTime]:0 [Veto1]:610.411 [Veto2]:410.048 [Veto3]:410.048 [Veto4]:410.048 [SgUp1]:58497 [SgUp2]:0 [SgUp3]:0 [SgUp4]:0 [SgLow1]:58416 [SgLow2]:0 [SgLow3]:0 [SgLow4]:0 [NetMuon1]:451449 [NetMuon2]:481883 [NetMuon3]:481883 [NetMuon4]:481883
[Run]:26216 [Site]:2 [Bin]:4790 [FullTime]:3600 [SkipTime]:0 [Veto1]:604.483 [Veto2]:409.582 [Veto3]:409.582 [Veto4]:409.582 [SgUp1]:58562 [SgUp2]:0 [SgUp3]:0 [SgUp4]:0 [SgLow1]:58499 [SgLow2]:0 [SgLow3]:0 [SgLow4]:0 [NetMuon1]:452478 [NetMuon2]:481711 [NetMuon3]:481711 [NetMuon4]:481711
[Run]:26216 [Site]:2 [Bin]:4791 [FullTime]:3600 [SkipTime]:0 [Veto1]:601.958 [Veto2]:409.828 [Veto3]:409.828 [Veto4]:409.828 [SgUp1]:59036 [SgUp2]:0 [SgUp3]:0 [SgUp4]:0 [SgLow1]:58961 [SgLow2]:0 [SgLow3]:0 [SgLow4]:0 [NetMuon1]:452938 [NetMuon2]:481749 [NetMuon3]:481749 [NetMuon4]:481749
[Run]:26216 [Site]:2 [Bin]:4792 [FullTime]:3600 [SkipTime]:0 [Veto1]:614.529 [Veto2]:409.606 [Veto3]:409.606 [Veto4]:409.606 [SgUp1]:58835 [SgUp2]:0 [SgUp3]:0 [SgUp4]:0 [SgLow1]:58734 [SgLow2]:0 [SgLow3]:0 [SgLow4]:0 [NetMuon1]:450594 [NetMuon2]:481352 [NetMuon3]:481352 [NetMuon4]:481352
[Run]:26216 [Site]:2 [Bin]:4793 [FullTime]:3600 [SkipTime]:0 [Veto1]:607.571 [Veto2]:409.164 [Veto3]:409.164 [Veto4]:409.164 [SgUp1]:59048 [SgUp2]:0 [SgUp3]:0 [SgUp4]:0 [SgLow1]:58966 [SgLow2]:0 [SgLow3]:0 [SgLow4]:0 [NetMuon1]:450811 [NetMuon2]:481048 [NetMuon3]:481048 [NetMuon4]:481048
[Run]:26216 [Site]:2 [Bin]:4794 [FullTime]:3600 [SkipTime]:0 [Veto1]:587.582 [Veto2]:410.467 [Veto3]:410.467 [Veto4]:410.467 [SgUp1]:59018 [SgUp2]:0 [SgUp3]:0 [SgUp4]:0 [SgLow1]:58952 [SgLow2]:0 [SgLow3]:0 [SgLow4]:0 [NetMuon1]:455722 [NetMuon2]:482714 [NetMuon3]:482714 [NetMuon4]:482714
[Run]:26216 [Site]:2 [Bin]:4795 [FullTime]:3600 [SkipTime]:0 [Veto1]:591.897 [Veto2]:409.259 [Veto3]:409.259 [Veto4]:409.259 [SgUp1]:59334 [SgUp2]:0 [SgUp3]:0 [SgUp4]:0 [SgLow1]:59249 [SgLow2]:0 [SgLow3]:0 [SgLow4]:0 [NetMuon1]:453802 [NetMuon2]:481419 [NetMuon3]:481419 [NetMuon4]:481419
[Run]:26216 [Site]:2 [Bin]:4796 [FullTime]:3600.01 [SkipTime]:0 [Veto1]:596.965 [Veto2]:409.882 [Veto3]:409.882 [Veto4]:409.882 [SgUp1]:59042 [SgUp2]:0 [SgUp3]:0 [SgUp4]:0 [SgLow1]:58962 [SgLow2]:0 [SgLow3]:0 [SgLow4]:0 [NetMuon1]:453695 [NetMuon2]:481863 [NetMuon3]:481863 [NetMuon4]:481863
[Run]:26216 [Site]:2 [Bin]:4797 [FullTime]:3600 [SkipTime]:0 [Veto1]:587.903 [Veto2]:409.137 [Veto3]:409.137 [Veto4]:409.137 [SgUp1]:59378 [SgUp2]:0 [SgUp3]:0 [SgUp4]:0 [SgLow1]:59271 [SgLow2]:0 [SgLow3]:0 [SgLow4]:0 [NetMuon1]:453991 [NetMuon2]:480946 [NetMuon3]:480946 [NetMuon4]:480946
[Run]:26216 [Site]:2 [Bin]:4798 [FullTime]:3600.01 [SkipTime]:0 [Veto1]:590.91 [Veto2]:411.478 [Veto3]:411.478 [Veto4]:411.478 [SgUp1]:58808 [SgUp2]:0 [SgUp3]:0 [SgUp4]:0 [SgLow1]:58719 [SgLow2]:0 [SgLow3]:0 [SgLow4]:0 [NetMuon1]:456200 [NetMuon2]:483600 [NetMuon3]:483600 [NetMuon4]:483600
[Run]:26216 [Site]:2 [Bin]:4799 [FullTime]:3600 [SkipTime]:0 [Veto1]:590.508 [Veto2]:410.449 [Veto3]:410.449 [Veto4]:410.449 [SgUp1]:59022 [SgUp2]:0 [SgUp3]:0 [SgUp4]:0 [SgLow1]:58943 [SgLow2]:0 [SgLow3]:0 [SgLow4]:0 [NetMuon1]:455017 [NetMuon2]:482374 [NetMuon3]:482374 [NetMuon4]:482374
End process Run: 26216 ... 
[Run]:26216 [Site]:2 [Bin]:4800 [FullTime]:2183.6 [SkipTime]:0 [Veto1]:370.066 [Veto2]:249.696 [Veto3]:249.696 [Veto4]:249.696
