StreamChain add 0x13d2c7f0
Start to process run: 26091 ... 
[Run]:26091 [Site]:2 [Bin]:4628 [FullTime]:374.851 [SkipTime]:0 [Veto1]:65.9862 [Veto2]:42.4573 [Veto3]:42.4573 [Veto4]:42.4573 [SgUp1]:6067 [SgUp2]:0 [SgUp3]:0 [SgUp4]:0 [SgLow1]:6058 [SgLow2]:0 [SgLow3]:0 [SgLow4]:0 [NetMuon1]:46517 [NetMuon2]:49920 [NetMuon3]:49920 [NetMuon4]:49920
[Run]:26091 [Site]:2 [Bin]:4629 [FullTime]:3600 [SkipTime]:0 [Veto1]:610.64 [Veto2]:410.203 [Veto3]:410.203 [Veto4]:410.203 [SgUp1]:58434 [SgUp2]:0 [SgUp3]:0 [SgUp4]:0 [SgLow1]:58339 [SgLow2]:0 [SgLow3]:0 [SgLow4]:0 [NetMuon1]:451788 [NetMuon2]:482072 [NetMuon3]:482072 [NetMuon4]:482072
[Run]:26091 [Site]:2 [Bin]:4630 [FullTime]:3600 [SkipTime]:0 [Veto1]:594.13 [Veto2]:410.412 [Veto3]:410.412 [Veto4]:410.412 [SgUp1]:58843 [SgUp2]:0 [SgUp3]:0 [SgUp4]:0 [SgLow1]:58753 [SgLow2]:0 [SgLow3]:0 [SgLow4]:0 [NetMuon1]:454297 [NetMuon2]:482460 [NetMuon3]:482460 [NetMuon4]:482460
[Run]:26091 [Site]:2 [Bin]:4631 [FullTime]:3600 [SkipTime]:0 [Veto1]:609.314 [Veto2]:411.77 [Veto3]:411.77 [Veto4]:411.77 [SgUp1]:58733 [SgUp2]:0 [SgUp3]:0 [SgUp4]:0 [SgLow1]:58659 [SgLow2]:0 [SgLow3]:0 [SgLow4]:0 [NetMuon1]:453997 [NetMuon2]:484042 [NetMuon3]:484042 [NetMuon4]:484042
[Run]:26091 [Site]:2 [Bin]:4632 [FullTime]:3600 [SkipTime]:0 [Veto1]:591.267 [Veto2]:410.509 [Veto3]:410.509 [Veto4]:410.509 [SgUp1]:58902 [SgUp2]:0 [SgUp3]:0 [SgUp4]:0 [SgLow1]:58838 [SgLow2]:0 [SgLow3]:0 [SgLow4]:0 [NetMuon1]:455343 [NetMuon2]:482542 [NetMuon3]:482542 [NetMuon4]:482542
[Run]:26091 [Site]:2 [Bin]:4633 [FullTime]:3600 [SkipTime]:0 [Veto1]:603.002 [Veto2]:411.271 [Veto3]:411.271 [Veto4]:411.271 [SgUp1]:58904 [SgUp2]:0 [SgUp3]:0 [SgUp4]:0 [SgLow1]:58807 [SgLow2]:0 [SgLow3]:0 [SgLow4]:0 [NetMuon1]:454431 [NetMuon2]:483397 [NetMuon3]:483397 [NetMuon4]:483397
[Run]:26091 [Site]:2 [Bin]:4634 [FullTime]:3600.01 [SkipTime]:0 [Veto1]:590.545 [Veto2]:409.89 [Veto3]:409.89 [Veto4]:409.89 [SgUp1]:59172 [SgUp2]:0 [SgUp3]:0 [SgUp4]:0 [SgLow1]:59091 [SgLow2]:0 [SgLow3]:0 [SgLow4]:0 [NetMuon1]:454505 [NetMuon2]:481766 [NetMuon3]:481766 [NetMuon4]:481766
[Run]:26091 [Site]:2 [Bin]:4635 [FullTime]:3599.99 [SkipTime]:0 [Veto1]:634.404 [Veto2]:409.862 [Veto3]:409.862 [Veto4]:409.862 [SgUp1]:58055 [SgUp2]:0 [SgUp3]:0 [SgUp4]:0 [SgLow1]:57973 [SgLow2]:0 [SgLow3]:0 [SgLow4]:0 [NetMuon1]:448006 [NetMuon2]:482128 [NetMuon3]:482128 [NetMuon4]:482128
[Run]:26091 [Site]:2 [Bin]:4636 [FullTime]:3600 [SkipTime]:0 [Veto1]:606.335 [Veto2]:410.825 [Veto3]:410.825 [Veto4]:410.825 [SgUp1]:58584 [SgUp2]:0 [SgUp3]:0 [SgUp4]:0 [SgLow1]:58496 [SgLow2]:0 [SgLow3]:0 [SgLow4]:0 [NetMuon1]:453605 [NetMuon2]:483103 [NetMuon3]:483103 [NetMuon4]:483103
[Run]:26091 [Site]:2 [Bin]:4637 [FullTime]:3600 [SkipTime]:0 [Veto1]:616.699 [Veto2]:410.474 [Veto3]:410.474 [Veto4]:410.474 [SgUp1]:58453 [SgUp2]:0 [SgUp3]:0 [SgUp4]:0 [SgLow1]:58376 [SgLow2]:0 [SgLow3]:0 [SgLow4]:0 [NetMuon1]:451276 [NetMuon2]:482632 [NetMuon3]:482632 [NetMuon4]:482632
[Run]:26091 [Site]:2 [Bin]:4638 [FullTime]:3600 [SkipTime]:0 [Veto1]:590.314 [Veto2]:409.616 [Veto3]:409.616 [Veto4]:409.616 [SgUp1]:58916 [SgUp2]:0 [SgUp3]:0 [SgUp4]:0 [SgLow1]:58840 [SgLow2]:0 [SgLow3]:0 [SgLow4]:0 [NetMuon1]:454161 [NetMuon2]:481611 [NetMuon3]:481611 [NetMuon4]:481611
[Run]:26091 [Site]:2 [Bin]:4639 [FullTime]:3600 [SkipTime]:0 [Veto1]:586.267 [Veto2]:410.645 [Veto3]:410.645 [Veto4]:410.645 [SgUp1]:59326 [SgUp2]:0 [SgUp3]:0 [SgUp4]:0 [SgLow1]:59254 [SgLow2]:0 [SgLow3]:0 [SgLow4]:0 [NetMuon1]:456232 [NetMuon2]:482846 [NetMuon3]:482846 [NetMuon4]:482846
[Run]:26091 [Site]:2 [Bin]:4640 [FullTime]:3600 [SkipTime]:0 [Veto1]:631.179 [Veto2]:410.424 [Veto3]:410.424 [Veto4]:410.424 [SgUp1]:57764 [SgUp2]:0 [SgUp3]:0 [SgUp4]:0 [SgLow1]:57679 [SgLow2]:0 [SgLow3]:0 [SgLow4]:0 [NetMuon1]:449245 [NetMuon2]:482449 [NetMuon3]:482449 [NetMuon4]:482449
[Run]:26091 [Site]:2 [Bin]:4641 [FullTime]:3600 [SkipTime]:0 [Veto1]:599.12 [Veto2]:411.443 [Veto3]:411.443 [Veto4]:411.443 [SgUp1]:58587 [SgUp2]:0 [SgUp3]:0 [SgUp4]:0 [SgLow1]:58485 [SgLow2]:0 [SgLow3]:0 [SgLow4]:0 [NetMuon1]:455006 [NetMuon2]:483517 [NetMuon3]:483517 [NetMuon4]:483517
[Run]:26091 [Site]:2 [Bin]:4642 [FullTime]:3600 [SkipTime]:0 [Veto1]:595.688 [Veto2]:410.858 [Veto3]:410.858 [Veto4]:410.858 [SgUp1]:58924 [SgUp2]:0 [SgUp3]:0 [SgUp4]:0 [SgLow1]:58834 [SgLow2]:0 [SgLow3]:0 [SgLow4]:0 [NetMuon1]:455264 [NetMuon2]:483013 [NetMuon3]:483013 [NetMuon4]:483013
[Run]:26091 [Site]:2 [Bin]:4643 [FullTime]:3600 [SkipTime]:0 [Veto1]:611.001 [Veto2]:410.364 [Veto3]:410.364 [Veto4]:410.364 [SgUp1]:58625 [SgUp2]:0 [SgUp3]:0 [SgUp4]:0 [SgLow1]:58519 [SgLow2]:0 [SgLow3]:0 [SgLow4]:0 [NetMuon1]:451870 [NetMuon2]:482148 [NetMuon3]:482148 [NetMuon4]:482148
[Run]:26091 [Site]:2 [Bin]:4644 [FullTime]:3600 [SkipTime]:0 [Veto1]:606.907 [Veto2]:410.347 [Veto3]:410.347 [Veto4]:410.347 [SgUp1]:58996 [SgUp2]:0 [SgUp3]:0 [SgUp4]:0 [SgLow1]:58921 [SgLow2]:0 [SgLow3]:0 [SgLow4]:0 [NetMuon1]:452822 [NetMuon2]:482499 [NetMuon3]:482499 [NetMuon4]:482499
[Run]:26091 [Site]:2 [Bin]:4645 [FullTime]:3600 [SkipTime]:0 [Veto1]:600.08 [Veto2]:411.316 [Veto3]:411.316 [Veto4]:411.316 [SgUp1]:58232 [SgUp2]:0 [SgUp3]:0 [SgUp4]:0 [SgLow1]:58160 [SgLow2]:0 [SgLow3]:0 [SgLow4]:0 [NetMuon1]:454891 [NetMuon2]:483544 [NetMuon3]:483544 [NetMuon4]:483544
[Run]:26091 [Site]:2 [Bin]:4646 [FullTime]:3600 [SkipTime]:0 [Veto1]:605.042 [Veto2]:411.461 [Veto3]:411.461 [Veto4]:411.461 [SgUp1]:58789 [SgUp2]:0 [SgUp3]:0 [SgUp4]:0 [SgLow1]:58675 [SgLow2]:0 [SgLow3]:0 [SgLow4]:0 [NetMuon1]:454271 [NetMuon2]:483659 [NetMuon3]:483659 [NetMuon4]:483659
[Run]:26091 [Site]:2 [Bin]:4647 [FullTime]:3600 [SkipTime]:0 [Veto1]:606.157 [Veto2]:410.739 [Veto3]:410.739 [Veto4]:410.739 [SgUp1]:58887 [SgUp2]:0 [SgUp3]:0 [SgUp4]:0 [SgLow1]:58799 [SgLow2]:0 [SgLow3]:0 [SgLow4]:0 [NetMuon1]:453166 [NetMuon2]:482845 [NetMuon3]:482845 [NetMuon4]:482845
[Run]:26091 [Site]:2 [Bin]:4648 [FullTime]:3600 [SkipTime]:0 [Veto1]:620.203 [Veto2]:411.233 [Veto3]:411.233 [Veto4]:411.233 [SgUp1]:58142 [SgUp2]:0 [SgUp3]:0 [SgUp4]:0 [SgLow1]:58058 [SgLow2]:0 [SgLow3]:0 [SgLow4]:0 [NetMuon1]:451387 [NetMuon2]:483315 [NetMuon3]:483315 [NetMuon4]:483315
[Run]:26091 [Site]:2 [Bin]:4649 [FullTime]:3600 [SkipTime]:0 [Veto1]:612.596 [Veto2]:411.112 [Veto3]:411.112 [Veto4]:411.112 [SgUp1]:58572 [SgUp2]:0 [SgUp3]:0 [SgUp4]:0 [SgLow1]:58475 [SgLow2]:0 [SgLow3]:0 [SgLow4]:0 [NetMuon1]:452695 [NetMuon2]:483265 [NetMuon3]:483265 [NetMuon4]:483265
[Run]:26091 [Site]:2 [Bin]:4650 [FullTime]:3600 [SkipTime]:0 [Veto1]:585.578 [Veto2]:411.785 [Veto3]:411.785 [Veto4]:411.785 [SgUp1]:59220 [SgUp2]:0 [SgUp3]:0 [SgUp4]:0 [SgLow1]:59149 [SgLow2]:0 [SgLow3]:0 [SgLow4]:0 [NetMuon1]:457555 [NetMuon2]:484059 [NetMuon3]:484059 [NetMuon4]:484059
[Run]:26091 [Site]:2 [Bin]:4651 [FullTime]:3600 [SkipTime]:0 [Veto1]:600.737 [Veto2]:410.007 [Veto3]:410.007 [Veto4]:410.007 [SgUp1]:58672 [SgUp2]:0 [SgUp3]:0 [SgUp4]:0 [SgLow1]:58579 [SgLow2]:0 [SgLow3]:0 [SgLow4]:0 [NetMuon1]:453377 [NetMuon2]:482003 [NetMuon3]:482003 [NetMuon4]:482003
[Run]:26091 [Site]:2 [Bin]:4652 [FullTime]:3600 [SkipTime]:0 [Veto1]:605.099 [Veto2]:410.63 [Veto3]:410.63 [Veto4]:410.63 [SgUp1]:58879 [SgUp2]:0 [SgUp3]:0 [SgUp4]:0 [SgLow1]:58788 [SgLow2]:0 [SgLow3]:0 [SgLow4]:0 [NetMuon1]:453236 [NetMuon2]:482650 [NetMuon3]:482650 [NetMuon4]:482650
[Run]:26091 [Site]:2 [Bin]:4653 [FullTime]:3600 [SkipTime]:0 [Veto1]:616.709 [Veto2]:410.402 [Veto3]:410.402 [Veto4]:410.402 [SgUp1]:58378 [SgUp2]:0 [SgUp3]:0 [SgUp4]:0 [SgLow1]:58304 [SgLow2]:0 [SgLow3]:0 [SgLow4]:0 [NetMuon1]:450915 [NetMuon2]:482521 [NetMuon3]:482521 [NetMuon4]:482521
[Run]:26091 [Site]:2 [Bin]:4654 [FullTime]:3600 [SkipTime]:0 [Veto1]:590.001 [Veto2]:411.128 [Veto3]:411.128 [Veto4]:411.128 [SgUp1]:58358 [SgUp2]:0 [SgUp3]:0 [SgUp4]:0 [SgLow1]:58281 [SgLow2]:0 [SgLow3]:0 [SgLow4]:0 [NetMuon1]:456227 [NetMuon2]:483230 [NetMuon3]:483230 [NetMuon4]:483230
[Run]:26091 [Site]:2 [Bin]:4655 [FullTime]:3600 [SkipTime]:0 [Veto1]:609.124 [Veto2]:411.106 [Veto3]:411.106 [Veto4]:411.106 [SgUp1]:58211 [SgUp2]:0 [SgUp3]:0 [SgUp4]:0 [SgLow1]:58126 [SgLow2]:0 [SgLow3]:0 [SgLow4]:0 [NetMuon1]:453114 [NetMuon2]:483157 [NetMuon3]:483157 [NetMuon4]:483157
[Run]:26091 [Site]:2 [Bin]:4656 [FullTime]:3600 [SkipTime]:0 [Veto1]:573.02 [Veto2]:410.635 [Veto3]:410.635 [Veto4]:410.635 [SgUp1]:59285 [SgUp2]:0 [SgUp3]:0 [SgUp4]:0 [SgLow1]:59163 [SgLow2]:0 [SgLow3]:0 [SgLow4]:0 [NetMuon1]:458156 [NetMuon2]:482794 [NetMuon3]:482794 [NetMuon4]:482794
[Run]:26091 [Site]:2 [Bin]:4657 [FullTime]:3600 [SkipTime]:0 [Veto1]:608.621 [Veto2]:410.797 [Veto3]:410.797 [Veto4]:410.797 [SgUp1]:58551 [SgUp2]:0 [SgUp3]:0 [SgUp4]:0 [SgLow1]:58476 [SgLow2]:0 [SgLow3]:0 [SgLow4]:0 [NetMuon1]:453064 [NetMuon2]:482939 [NetMuon3]:482939 [NetMuon4]:482939
[Run]:26091 [Site]:2 [Bin]:4658 [FullTime]:3600 [SkipTime]:0 [Veto1]:601.392 [Veto2]:410.394 [Veto3]:410.394 [Veto4]:410.394 [SgUp1]:58560 [SgUp2]:0 [SgUp3]:0 [SgUp4]:0 [SgLow1]:58461 [SgLow2]:0 [SgLow3]:0 [SgLow4]:0 [NetMuon1]:453440 [NetMuon2]:482342 [NetMuon3]:482342 [NetMuon4]:482342
[Run]:26091 [Site]:2 [Bin]:4659 [FullTime]:3600 [SkipTime]:0 [Veto1]:623.434 [Veto2]:410.895 [Veto3]:410.895 [Veto4]:410.895 [SgUp1]:58191 [SgUp2]:0 [SgUp3]:0 [SgUp4]:0 [SgLow1]:58101 [SgLow2]:0 [SgLow3]:0 [SgLow4]:0 [NetMuon1]:451061 [NetMuon2]:483234 [NetMuon3]:483234 [NetMuon4]:483234
[Run]:26091 [Site]:2 [Bin]:4660 [FullTime]:3600 [SkipTime]:0 [Veto1]:612.604 [Veto2]:410.715 [Veto3]:410.715 [Veto4]:410.715 [SgUp1]:58658 [SgUp2]:0 [SgUp3]:0 [SgUp4]:0 [SgLow1]:58568 [SgLow2]:0 [SgLow3]:0 [SgLow4]:0 [NetMuon1]:452145 [NetMuon2]:482808 [NetMuon3]:482808 [NetMuon4]:482808
[Run]:26091 [Site]:2 [Bin]:4661 [FullTime]:3600 [SkipTime]:0 [Veto1]:579.664 [Veto2]:409.686 [Veto3]:409.686 [Veto4]:409.686 [SgUp1]:59053 [SgUp2]:0 [SgUp3]:0 [SgUp4]:0 [SgLow1]:58969 [SgLow2]:0 [SgLow3]:0 [SgLow4]:0 [NetMuon1]:455650 [NetMuon2]:481569 [NetMuon3]:481569 [NetMuon4]:481569
[Run]:26091 [Site]:2 [Bin]:4662 [FullTime]:3600 [SkipTime]:0 [Veto1]:594.585 [Veto2]:410.344 [Veto3]:410.344 [Veto4]:410.344 [SgUp1]:58999 [SgUp2]:0 [SgUp3]:0 [SgUp4]:0 [SgLow1]:58888 [SgLow2]:0 [SgLow3]:0 [SgLow4]:0 [NetMuon1]:454828 [NetMuon2]:482402 [NetMuon3]:482402 [NetMuon4]:482402
[Run]:26091 [Site]:2 [Bin]:4663 [FullTime]:3600 [SkipTime]:0 [Veto1]:621.739 [Veto2]:410.506 [Veto3]:410.506 [Veto4]:410.506 [SgUp1]:57936 [SgUp2]:0 [SgUp3]:0 [SgUp4]:0 [SgLow1]:57831 [SgLow2]:0 [SgLow3]:0 [SgLow4]:0 [NetMuon1]:450724 [NetMuon2]:482620 [NetMuon3]:482620 [NetMuon4]:482620
[Run]:26091 [Site]:2 [Bin]:4664 [FullTime]:3600 [SkipTime]:0 [Veto1]:606.057 [Veto2]:410.961 [Veto3]:410.961 [Veto4]:410.961 [SgUp1]:58514 [SgUp2]:0 [SgUp3]:0 [SgUp4]:0 [SgLow1]:58418 [SgLow2]:0 [SgLow3]:0 [SgLow4]:0 [NetMuon1]:453565 [NetMuon2]:482996 [NetMuon3]:482996 [NetMuon4]:482996
[Run]:26091 [Site]:2 [Bin]:4665 [FullTime]:3600 [SkipTime]:0 [Veto1]:588.27 [Veto2]:409.578 [Veto3]:409.578 [Veto4]:409.578 [SgUp1]:59199 [SgUp2]:0 [SgUp3]:0 [SgUp4]:0 [SgLow1]:59102 [SgLow2]:0 [SgLow3]:0 [SgLow4]:0 [NetMuon1]:454514 [NetMuon2]:481332 [NetMuon3]:481332 [NetMuon4]:481332
[Run]:26091 [Site]:2 [Bin]:4666 [FullTime]:3600 [SkipTime]:0 [Veto1]:596.982 [Veto2]:411.565 [Veto3]:411.565 [Veto4]:411.565 [SgUp1]:58326 [SgUp2]:0 [SgUp3]:0 [SgUp4]:0 [SgLow1]:58251 [SgLow2]:0 [SgLow3]:0 [SgLow4]:0 [NetMuon1]:455611 [NetMuon2]:483802 [NetMuon3]:483802 [NetMuon4]:483802
[Run]:26091 [Site]:2 [Bin]:4667 [FullTime]:3600 [SkipTime]:0 [Veto1]:594.7 [Veto2]:410.226 [Veto3]:410.226 [Veto4]:410.226 [SgUp1]:58272 [SgUp2]:0 [SgUp3]:0 [SgUp4]:0 [SgLow1]:58168 [SgLow2]:0 [SgLow3]:0 [SgLow4]:0 [NetMuon1]:454800 [NetMuon2]:482634 [NetMuon3]:482634 [NetMuon4]:482634
[Run]:26091 [Site]:2 [Bin]:4668 [FullTime]:3600 [SkipTime]:0 [Veto1]:613.933 [Veto2]:410.537 [Veto3]:410.537 [Veto4]:410.537 [SgUp1]:58016 [SgUp2]:0 [SgUp3]:0 [SgUp4]:0 [SgLow1]:57926 [SgLow2]:0 [SgLow3]:0 [SgLow4]:0 [NetMuon1]:451846 [NetMuon2]:482702 [NetMuon3]:482702 [NetMuon4]:482702
[Run]:26091 [Site]:2 [Bin]:4669 [FullTime]:3600 [SkipTime]:0 [Veto1]:585.942 [Veto2]:410.921 [Veto3]:410.921 [Veto4]:410.921 [SgUp1]:58907 [SgUp2]:0 [SgUp3]:0 [SgUp4]:0 [SgLow1]:58847 [SgLow2]:0 [SgLow3]:0 [SgLow4]:0 [NetMuon1]:456625 [NetMuon2]:483155 [NetMuon3]:483155 [NetMuon4]:483155
[Run]:26091 [Site]:2 [Bin]:4670 [FullTime]:3600 [SkipTime]:0 [Veto1]:587.304 [Veto2]:409.895 [Veto3]:409.895 [Veto4]:409.895 [SgUp1]:59292 [SgUp2]:0 [SgUp3]:0 [SgUp4]:0 [SgLow1]:59211 [SgLow2]:0 [SgLow3]:0 [SgLow4]:0 [NetMuon1]:455119 [NetMuon2]:482145 [NetMuon3]:482145 [NetMuon4]:482145
[Run]:26091 [Site]:2 [Bin]:4671 [FullTime]:3600 [SkipTime]:0 [Veto1]:613.44 [Veto2]:410.903 [Veto3]:410.903 [Veto4]:410.903 [SgUp1]:57960 [SgUp2]:0 [SgUp3]:0 [SgUp4]:0 [SgLow1]:57866 [SgLow2]:0 [SgLow3]:0 [SgLow4]:0 [NetMuon1]:452516 [NetMuon2]:483069 [NetMuon3]:483069 [NetMuon4]:483069
[Run]:26091 [Site]:2 [Bin]:4672 [FullTime]:3600 [SkipTime]:0 [Veto1]:603.454 [Veto2]:410.876 [Veto3]:410.876 [Veto4]:410.876 [SgUp1]:58900 [SgUp2]:0 [SgUp3]:0 [SgUp4]:0 [SgLow1]:58816 [SgLow2]:0 [SgLow3]:0 [SgLow4]:0 [NetMuon1]:454215 [NetMuon2]:483059 [NetMuon3]:483059 [NetMuon4]:483059
[Run]:26091 [Site]:2 [Bin]:4673 [FullTime]:3600 [SkipTime]:0 [Veto1]:608.513 [Veto2]:409.804 [Veto3]:409.804 [Veto4]:409.804 [SgUp1]:57956 [SgUp2]:0 [SgUp3]:0 [SgUp4]:0 [SgLow1]:57862 [SgLow2]:0 [SgLow3]:0 [SgLow4]:0 [NetMuon1]:451586 [NetMuon2]:481805 [NetMuon3]:481805 [NetMuon4]:481805
[Run]:26091 [Site]:2 [Bin]:4674 [FullTime]:3600 [SkipTime]:0 [Veto1]:601.313 [Veto2]:410.57 [Veto3]:410.57 [Veto4]:410.57 [SgUp1]:58542 [SgUp2]:0 [SgUp3]:0 [SgUp4]:0 [SgLow1]:58469 [SgLow2]:0 [SgLow3]:0 [SgLow4]:0 [NetMuon1]:454036 [NetMuon2]:482587 [NetMuon3]:482587 [NetMuon4]:482587
[Run]:26091 [Site]:2 [Bin]:4675 [FullTime]:3600 [SkipTime]:0 [Veto1]:616.892 [Veto2]:409.925 [Veto3]:409.925 [Veto4]:409.925 [SgUp1]:58421 [SgUp2]:0 [SgUp3]:0 [SgUp4]:0 [SgLow1]:58337 [SgLow2]:0 [SgLow3]:0 [SgLow4]:0 [NetMuon1]:450615 [NetMuon2]:482007 [NetMuon3]:482007 [NetMuon4]:482007
[Run]:26091 [Site]:2 [Bin]:4676 [FullTime]:3600 [SkipTime]:0 [Veto1]:598.793 [Veto2]:409.397 [Veto3]:409.397 [Veto4]:409.397 [SgUp1]:59054 [SgUp2]:0 [SgUp3]:0 [SgUp4]:0 [SgLow1]:58962 [SgLow2]:0 [SgLow3]:0 [SgLow4]:0 [NetMuon1]:452936 [NetMuon2]:481382 [NetMuon3]:481382 [NetMuon4]:481382
[Run]:26091 [Site]:2 [Bin]:4677 [FullTime]:3600 [SkipTime]:0 [Veto1]:602.582 [Veto2]:410.049 [Veto3]:410.049 [Veto4]:410.049 [SgUp1]:58698 [SgUp2]:0 [SgUp3]:0 [SgUp4]:0 [SgLow1]:58618 [SgLow2]:0 [SgLow3]:0 [SgLow4]:0 [NetMuon1]:452833 [NetMuon2]:481989 [NetMuon3]:481989 [NetMuon4]:481989
[Run]:26091 [Site]:2 [Bin]:4678 [FullTime]:3600 [SkipTime]:0 [Veto1]:595.806 [Veto2]:410.373 [Veto3]:410.373 [Veto4]:410.373 [SgUp1]:59100 [SgUp2]:0 [SgUp3]:0 [SgUp4]:0 [SgLow1]:58991 [SgLow2]:0 [SgLow3]:0 [SgLow4]:0 [NetMuon1]:454330 [NetMuon2]:482306 [NetMuon3]:482306 [NetMuon4]:482306
[Run]:26091 [Site]:2 [Bin]:4679 [FullTime]:3600 [SkipTime]:0 [Veto1]:591.422 [Veto2]:410.281 [Veto3]:410.281 [Veto4]:410.281 [SgUp1]:59473 [SgUp2]:0 [SgUp3]:0 [SgUp4]:0 [SgLow1]:59380 [SgLow2]:0 [SgLow3]:0 [SgLow4]:0 [NetMuon1]:454754 [NetMuon2]:482178 [NetMuon3]:482178 [NetMuon4]:482178
End process Run: 26091 ... 
[Run]:26091 [Site]:2 [Bin]:4680 [FullTime]:3326.44 [SkipTime]:0 [Veto1]:551.949 [Veto2]:379.407 [Veto3]:379.407 [Veto4]:379.407
