StreamChain add 0x1d9aa7f0
Start to process run: 34750 ... 
[Run]:34750 [Site]:2 [Bin]:7432 [FullTime]:1189.31 [SkipTime]:0 [Veto1]:193.705 [Veto2]:194.088 [Veto3]:134.454 [Veto4]:134.454 [SgUp1]:19651 [SgUp2]:19566 [SgUp3]:0 [SgUp4]:0 [SgLow1]:19613 [SgLow2]:19525 [SgLow3]:0 [SgLow4]:0 [NetMuon1]:149223 [NetMuon2]:149152 [NetMuon3]:158134 [NetMuon4]:158134
[Run]:34750 [Site]:2 [Bin]:7433 [FullTime]:3600 [SkipTime]:0 [Veto1]:594.539 [Veto2]:617.086 [Veto3]:406.638 [Veto4]:406.638 [SgUp1]:59151 [SgUp2]:58254 [SgUp3]:0 [SgUp4]:0 [SgLow1]:59045 [SgLow2]:58159 [SgLow3]:0 [SgLow4]:0 [NetMuon1]:450439 [NetMuon2]:447027 [NetMuon3]:478526 [NetMuon4]:478526
[Run]:34750 [Site]:2 [Bin]:7434 [FullTime]:3600 [SkipTime]:0 [Veto1]:600.43 [Veto2]:590.85 [Veto3]:406.071 [Veto4]:406.071 [SgUp1]:59094 [SgUp2]:59250 [SgUp3]:0 [SgUp4]:0 [SgLow1]:58959 [SgLow2]:59146 [SgLow3]:0 [SgLow4]:0 [NetMuon1]:448470 [NetMuon2]:450153 [NetMuon3]:477705 [NetMuon4]:477705
[Run]:34750 [Site]:2 [Bin]:7435 [FullTime]:3600 [SkipTime]:0 [Veto1]:613.163 [Veto2]:613.862 [Veto3]:405.805 [Veto4]:405.805 [SgUp1]:58816 [SgUp2]:57962 [SgUp3]:0 [SgUp4]:0 [SgLow1]:58681 [SgLow2]:57881 [SgLow3]:0 [SgLow4]:0 [NetMuon1]:446808 [NetMuon2]:446210 [NetMuon3]:477590 [NetMuon4]:477590
[Run]:34750 [Site]:2 [Bin]:7436 [FullTime]:3600 [SkipTime]:0 [Veto1]:585.247 [Veto2]:569.581 [Veto3]:407.383 [Veto4]:407.383 [SgUp1]:59857 [SgUp2]:59315 [SgUp3]:0 [SgUp4]:0 [SgLow1]:59725 [SgLow2]:59232 [SgLow3]:0 [SgLow4]:0 [NetMuon1]:452361 [NetMuon2]:454904 [NetMuon3]:479232 [NetMuon4]:479232
[Run]:34750 [Site]:2 [Bin]:7437 [FullTime]:3600 [SkipTime]:0 [Veto1]:593.363 [Veto2]:580.738 [Veto3]:405.95 [Veto4]:405.95 [SgUp1]:59718 [SgUp2]:59623 [SgUp3]:0 [SgUp4]:0 [SgLow1]:59609 [SgLow2]:59531 [SgLow3]:0 [SgLow4]:0 [NetMuon1]:450068 [NetMuon2]:451536 [NetMuon3]:477714 [NetMuon4]:477714
[Run]:34750 [Site]:2 [Bin]:7438 [FullTime]:3600 [SkipTime]:0 [Veto1]:595.632 [Veto2]:607.057 [Veto3]:407.064 [Veto4]:407.064 [SgUp1]:59226 [SgUp2]:58474 [SgUp3]:0 [SgUp4]:0 [SgLow1]:59142 [SgLow2]:58375 [SgLow3]:0 [SgLow4]:0 [NetMuon1]:450780 [NetMuon2]:449010 [NetMuon3]:478947 [NetMuon4]:478947
[Run]:34750 [Site]:2 [Bin]:7439 [FullTime]:3600 [SkipTime]:0 [Veto1]:602.692 [Veto2]:605.917 [Veto3]:405.063 [Veto4]:405.063 [SgUp1]:59419 [SgUp2]:58288 [SgUp3]:0 [SgUp4]:0 [SgLow1]:59333 [SgLow2]:58183 [SgLow3]:0 [SgLow4]:0 [NetMuon1]:447094 [NetMuon2]:446487 [NetMuon3]:476518 [NetMuon4]:476518
[Run]:34750 [Site]:2 [Bin]:7440 [FullTime]:3600 [SkipTime]:0 [Veto1]:603.275 [Veto2]:596.017 [Veto3]:406.148 [Veto4]:406.148 [SgUp1]:59145 [SgUp2]:59001 [SgUp3]:0 [SgUp4]:0 [SgLow1]:59050 [SgLow2]:58907 [SgLow3]:0 [SgLow4]:0 [NetMuon1]:448205 [NetMuon2]:449413 [NetMuon3]:477892 [NetMuon4]:477892
[Run]:34750 [Site]:2 [Bin]:7441 [FullTime]:3600 [SkipTime]:0 [Veto1]:604.633 [Veto2]:612.764 [Veto3]:405.005 [Veto4]:405.005 [SgUp1]:58987 [SgUp2]:59072 [SgUp3]:0 [SgUp4]:0 [SgLow1]:58885 [SgLow2]:58952 [SgLow3]:0 [SgLow4]:0 [NetMuon1]:446752 [NetMuon2]:445777 [NetMuon3]:476626 [NetMuon4]:476626
[Run]:34750 [Site]:2 [Bin]:7442 [FullTime]:3600 [SkipTime]:0 [Veto1]:588.424 [Veto2]:593.343 [Veto3]:406.23 [Veto4]:406.23 [SgUp1]:59219 [SgUp2]:59304 [SgUp3]:0 [SgUp4]:0 [SgLow1]:59138 [SgLow2]:59192 [SgLow3]:0 [SgLow4]:0 [NetMuon1]:450468 [NetMuon2]:449826 [NetMuon3]:477970 [NetMuon4]:477970
[Run]:34750 [Site]:2 [Bin]:7443 [FullTime]:3600 [SkipTime]:0 [Veto1]:598.556 [Veto2]:598.122 [Veto3]:406.001 [Veto4]:406.001 [SgUp1]:58946 [SgUp2]:59249 [SgUp3]:0 [SgUp4]:0 [SgLow1]:58841 [SgLow2]:59136 [SgLow3]:0 [SgLow4]:0 [NetMuon1]:448699 [NetMuon2]:449051 [NetMuon3]:477652 [NetMuon4]:477652
[Run]:34750 [Site]:2 [Bin]:7444 [FullTime]:3600 [SkipTime]:0 [Veto1]:590.031 [Veto2]:595.484 [Veto3]:406.625 [Veto4]:406.625 [SgUp1]:59325 [SgUp2]:59158 [SgUp3]:0 [SgUp4]:0 [SgLow1]:59227 [SgLow2]:59052 [SgLow3]:0 [SgLow4]:0 [NetMuon1]:450827 [NetMuon2]:450115 [NetMuon3]:478343 [NetMuon4]:478343
[Run]:34750 [Site]:2 [Bin]:7445 [FullTime]:3600 [SkipTime]:0 [Veto1]:589.352 [Veto2]:595.806 [Veto3]:406.065 [Veto4]:406.065 [SgUp1]:59089 [SgUp2]:59058 [SgUp3]:0 [SgUp4]:0 [SgLow1]:58988 [SgLow2]:58961 [SgLow3]:0 [SgLow4]:0 [NetMuon1]:450216 [NetMuon2]:449257 [NetMuon3]:477763 [NetMuon4]:477763
[Run]:34750 [Site]:2 [Bin]:7446 [FullTime]:3600 [SkipTime]:0 [Veto1]:609.686 [Veto2]:609.554 [Veto3]:406.041 [Veto4]:406.041 [SgUp1]:59068 [SgUp2]:58806 [SgUp3]:0 [SgUp4]:0 [SgLow1]:58962 [SgLow2]:58711 [SgLow3]:0 [SgLow4]:0 [NetMuon1]:447438 [NetMuon2]:447200 [NetMuon3]:477639 [NetMuon4]:477639
[Run]:34750 [Site]:2 [Bin]:7447 [FullTime]:3600 [SkipTime]:0 [Veto1]:586.658 [Veto2]:588.632 [Veto3]:406.241 [Veto4]:406.241 [SgUp1]:59455 [SgUp2]:59410 [SgUp3]:0 [SgUp4]:0 [SgLow1]:59357 [SgLow2]:59324 [SgLow3]:0 [SgLow4]:0 [NetMuon1]:451241 [NetMuon2]:450983 [NetMuon3]:478022 [NetMuon4]:478022
[Run]:34750 [Site]:2 [Bin]:7448 [FullTime]:3600 [SkipTime]:0 [Veto1]:624.82 [Veto2]:595.353 [Veto3]:406.75 [Veto4]:406.75 [SgUp1]:58675 [SgUp2]:58815 [SgUp3]:0 [SgUp4]:0 [SgLow1]:58584 [SgLow2]:58693 [SgLow3]:0 [SgLow4]:0 [NetMuon1]:446209 [NetMuon2]:450401 [NetMuon3]:478547 [NetMuon4]:478547
[Run]:34750 [Site]:2 [Bin]:7449 [FullTime]:3600 [SkipTime]:0 [Veto1]:604.547 [Veto2]:585.449 [Veto3]:406.232 [Veto4]:406.232 [SgUp1]:58996 [SgUp2]:59900 [SgUp3]:0 [SgUp4]:0 [SgLow1]:58886 [SgLow2]:59784 [SgLow3]:0 [SgLow4]:0 [NetMuon1]:448101 [NetMuon2]:451092 [NetMuon3]:477879 [NetMuon4]:477879
[Run]:34750 [Site]:2 [Bin]:7450 [FullTime]:3600 [SkipTime]:0 [Veto1]:606.263 [Veto2]:605.835 [Veto3]:405.751 [Veto4]:405.751 [SgUp1]:58768 [SgUp2]:59269 [SgUp3]:0 [SgUp4]:0 [SgLow1]:58677 [SgLow2]:59140 [SgLow3]:0 [SgLow4]:0 [NetMuon1]:447636 [NetMuon2]:447681 [NetMuon3]:477578 [NetMuon4]:477578
[Run]:34750 [Site]:2 [Bin]:7451 [FullTime]:3600 [SkipTime]:0 [Veto1]:601.752 [Veto2]:588.836 [Veto3]:406.088 [Veto4]:406.088 [SgUp1]:59203 [SgUp2]:59172 [SgUp3]:0 [SgUp4]:0 [SgLow1]:59130 [SgLow2]:59070 [SgLow3]:0 [SgLow4]:0 [NetMuon1]:448557 [NetMuon2]:450476 [NetMuon3]:477942 [NetMuon4]:477942
[Run]:34750 [Site]:2 [Bin]:7452 [FullTime]:3600 [SkipTime]:0 [Veto1]:611.069 [Veto2]:602.196 [Veto3]:405.181 [Veto4]:405.181 [SgUp1]:58701 [SgUp2]:59155 [SgUp3]:0 [SgUp4]:0 [SgLow1]:58594 [SgLow2]:59056 [SgLow3]:0 [SgLow4]:0 [NetMuon1]:446111 [NetMuon2]:447681 [NetMuon3]:476914 [NetMuon4]:476914
[Run]:34750 [Site]:2 [Bin]:7453 [FullTime]:3600 [SkipTime]:0 [Veto1]:610.627 [Veto2]:605.643 [Veto3]:407.478 [Veto4]:407.478 [SgUp1]:58808 [SgUp2]:59292 [SgUp3]:0 [SgUp4]:0 [SgLow1]:58701 [SgLow2]:59209 [SgLow3]:0 [SgLow4]:0 [NetMuon1]:448561 [NetMuon2]:449548 [NetMuon3]:479114 [NetMuon4]:479114
[Run]:34750 [Site]:2 [Bin]:7454 [FullTime]:3600 [SkipTime]:0 [Veto1]:577.893 [Veto2]:597.347 [Veto3]:406.843 [Veto4]:406.843 [SgUp1]:59804 [SgUp2]:59269 [SgUp3]:0 [SgUp4]:0 [SgLow1]:59691 [SgLow2]:59187 [SgLow3]:0 [SgLow4]:0 [NetMuon1]:453042 [NetMuon2]:450081 [NetMuon3]:478645 [NetMuon4]:478645
[Run]:34750 [Site]:2 [Bin]:7455 [FullTime]:3600 [SkipTime]:0 [Veto1]:593.918 [Veto2]:599.988 [Veto3]:406.291 [Veto4]:406.291 [SgUp1]:59087 [SgUp2]:59195 [SgUp3]:0 [SgUp4]:0 [SgLow1]:58977 [SgLow2]:59092 [SgLow3]:0 [SgLow4]:0 [NetMuon1]:449822 [NetMuon2]:448755 [NetMuon3]:477753 [NetMuon4]:477753
[Run]:34750 [Site]:2 [Bin]:7456 [FullTime]:3600 [SkipTime]:0 [Veto1]:597.408 [Veto2]:611.932 [Veto3]:406.017 [Veto4]:406.017 [SgUp1]:59414 [SgUp2]:59207 [SgUp3]:0 [SgUp4]:0 [SgLow1]:59285 [SgLow2]:59117 [SgLow3]:0 [SgLow4]:0 [NetMuon1]:449038 [NetMuon2]:446431 [NetMuon3]:477605 [NetMuon4]:477605
[Run]:34750 [Site]:2 [Bin]:7457 [FullTime]:3600 [SkipTime]:0 [Veto1]:590.476 [Veto2]:593.615 [Veto3]:407.558 [Veto4]:407.558 [SgUp1]:58800 [SgUp2]:59514 [SgUp3]:0 [SgUp4]:0 [SgLow1]:58676 [SgLow2]:59382 [SgLow3]:0 [SgLow4]:0 [NetMuon1]:452353 [NetMuon2]:451664 [NetMuon3]:479554 [NetMuon4]:479554
[Run]:34750 [Site]:2 [Bin]:7458 [FullTime]:3600 [SkipTime]:0 [Veto1]:612.171 [Veto2]:618.049 [Veto3]:406.258 [Veto4]:406.258 [SgUp1]:59059 [SgUp2]:58399 [SgUp3]:0 [SgUp4]:0 [SgLow1]:58956 [SgLow2]:58261 [SgLow3]:0 [SgLow4]:0 [NetMuon1]:447284 [NetMuon2]:446261 [NetMuon3]:478122 [NetMuon4]:478122
[Run]:34750 [Site]:2 [Bin]:7459 [FullTime]:3600 [SkipTime]:0 [Veto1]:611.636 [Veto2]:635.02 [Veto3]:405.476 [Veto4]:405.476 [SgUp1]:58885 [SgUp2]:58784 [SgUp3]:0 [SgUp4]:0 [SgLow1]:58785 [SgLow2]:58664 [SgLow3]:0 [SgLow4]:0 [NetMuon1]:446425 [NetMuon2]:442933 [NetMuon3]:477168 [NetMuon4]:477168
[Run]:34750 [Site]:2 [Bin]:7460 [FullTime]:3600 [SkipTime]:0 [Veto1]:588.838 [Veto2]:589.164 [Veto3]:406.313 [Veto4]:406.313 [SgUp1]:59347 [SgUp2]:59829 [SgUp3]:0 [SgUp4]:0 [SgLow1]:59254 [SgLow2]:59744 [SgLow3]:0 [SgLow4]:0 [NetMuon1]:450499 [NetMuon2]:450713 [NetMuon3]:477985 [NetMuon4]:477985
[Run]:34750 [Site]:2 [Bin]:7461 [FullTime]:3600 [SkipTime]:0 [Veto1]:591.558 [Veto2]:622.675 [Veto3]:406.464 [Veto4]:406.464 [SgUp1]:59023 [SgUp2]:58676 [SgUp3]:0 [SgUp4]:0 [SgLow1]:58896 [SgLow2]:58555 [SgLow3]:0 [SgLow4]:0 [NetMuon1]:450191 [NetMuon2]:445686 [NetMuon3]:477827 [NetMuon4]:477827
[Run]:34750 [Site]:2 [Bin]:7462 [FullTime]:3600 [SkipTime]:0 [Veto1]:594.875 [Veto2]:601.66 [Veto3]:405.375 [Veto4]:405.375 [SgUp1]:59101 [SgUp2]:59375 [SgUp3]:0 [SgUp4]:0 [SgLow1]:58987 [SgLow2]:59257 [SgLow3]:0 [SgLow4]:0 [NetMuon1]:448703 [NetMuon2]:448191 [NetMuon3]:477109 [NetMuon4]:477109
[Run]:34750 [Site]:2 [Bin]:7463 [FullTime]:3600 [SkipTime]:0 [Veto1]:589.449 [Veto2]:591.226 [Veto3]:405.559 [Veto4]:405.559 [SgUp1]:59822 [SgUp2]:59536 [SgUp3]:0 [SgUp4]:0 [SgLow1]:59706 [SgLow2]:59438 [SgLow3]:0 [SgLow4]:0 [NetMuon1]:449352 [NetMuon2]:449216 [NetMuon3]:476863 [NetMuon4]:476863
[Run]:34750 [Site]:2 [Bin]:7464 [FullTime]:3600 [SkipTime]:0 [Veto1]:597.188 [Veto2]:598.48 [Veto3]:406.078 [Veto4]:406.078 [SgUp1]:59387 [SgUp2]:59540 [SgUp3]:0 [SgUp4]:0 [SgLow1]:59290 [SgLow2]:59428 [SgLow3]:0 [SgLow4]:0 [NetMuon1]:449238 [NetMuon2]:448713 [NetMuon3]:477469 [NetMuon4]:477469
[Run]:34750 [Site]:2 [Bin]:7465 [FullTime]:3600.01 [SkipTime]:0 [Veto1]:581.884 [Veto2]:596.954 [Veto3]:406.162 [Veto4]:406.162 [SgUp1]:59153 [SgUp2]:59081 [SgUp3]:0 [SgUp4]:0 [SgLow1]:59070 [SgLow2]:58977 [SgLow3]:0 [SgLow4]:0 [NetMuon1]:451221 [NetMuon2]:449416 [NetMuon3]:477888 [NetMuon4]:477888
[Run]:34750 [Site]:2 [Bin]:7466 [FullTime]:3600 [SkipTime]:0 [Veto1]:591.471 [Veto2]:594.917 [Veto3]:406.095 [Veto4]:406.095 [SgUp1]:59556 [SgUp2]:59604 [SgUp3]:0 [SgUp4]:0 [SgLow1]:59456 [SgLow2]:59493 [SgLow3]:0 [SgLow4]:0 [NetMuon1]:450414 [NetMuon2]:449370 [NetMuon3]:477770 [NetMuon4]:477770
[Run]:34750 [Site]:2 [Bin]:7467 [FullTime]:3600 [SkipTime]:0 [Veto1]:581.468 [Veto2]:595.712 [Veto3]:405.431 [Veto4]:405.431 [SgUp1]:59599 [SgUp2]:59432 [SgUp3]:0 [SgUp4]:0 [SgLow1]:59514 [SgLow2]:59341 [SgLow3]:0 [SgLow4]:0 [NetMuon1]:450794 [NetMuon2]:448482 [NetMuon3]:476837 [NetMuon4]:476837
[Run]:34750 [Site]:2 [Bin]:7468 [FullTime]:3600 [SkipTime]:0 [Veto1]:587.081 [Veto2]:601.106 [Veto3]:407.713 [Veto4]:407.713 [SgUp1]:59618 [SgUp2]:59294 [SgUp3]:0 [SgUp4]:0 [SgLow1]:59535 [SgLow2]:59181 [SgLow3]:0 [SgLow4]:0 [NetMuon1]:452672 [NetMuon2]:450407 [NetMuon3]:479591 [NetMuon4]:479591
[Run]:34750 [Site]:2 [Bin]:7469 [FullTime]:3600 [SkipTime]:0 [Veto1]:582.594 [Veto2]:616.052 [Veto3]:406.016 [Veto4]:406.016 [SgUp1]:59384 [SgUp2]:58232 [SgUp3]:0 [SgUp4]:0 [SgLow1]:59271 [SgLow2]:58146 [SgLow3]:0 [SgLow4]:0 [NetMuon1]:451567 [NetMuon2]:446399 [NetMuon3]:477922 [NetMuon4]:477922
[Run]:34750 [Site]:2 [Bin]:7470 [FullTime]:3600 [SkipTime]:0 [Veto1]:613.047 [Veto2]:608.769 [Veto3]:405.996 [Veto4]:405.996 [SgUp1]:58799 [SgUp2]:59133 [SgUp3]:0 [SgUp4]:0 [SgLow1]:58690 [SgLow2]:59011 [SgLow3]:0 [SgLow4]:0 [NetMuon1]:446562 [NetMuon2]:447260 [NetMuon3]:477691 [NetMuon4]:477691
[Run]:34750 [Site]:2 [Bin]:7471 [FullTime]:3600 [SkipTime]:0 [Veto1]:580.934 [Veto2]:584.168 [Veto3]:406.912 [Veto4]:406.912 [SgUp1]:59695 [SgUp2]:58906 [SgUp3]:0 [SgUp4]:0 [SgLow1]:59582 [SgLow2]:58808 [SgLow3]:0 [SgLow4]:0 [NetMuon1]:452493 [NetMuon2]:451693 [NetMuon3]:478625 [NetMuon4]:478625
[Run]:34750 [Site]:2 [Bin]:7472 [FullTime]:3600 [SkipTime]:0 [Veto1]:608.385 [Veto2]:595.534 [Veto3]:405.972 [Veto4]:405.972 [SgUp1]:58979 [SgUp2]:58967 [SgUp3]:0 [SgUp4]:0 [SgLow1]:58899 [SgLow2]:58862 [SgLow3]:0 [SgLow4]:0 [NetMuon1]:447535 [NetMuon2]:449121 [NetMuon3]:477797 [NetMuon4]:477797
[Run]:34750 [Site]:2 [Bin]:7473 [FullTime]:3600 [SkipTime]:0 [Veto1]:591.464 [Veto2]:613.725 [Veto3]:406.271 [Veto4]:406.271 [SgUp1]:59266 [SgUp2]:58808 [SgUp3]:0 [SgUp4]:0 [SgLow1]:59155 [SgLow2]:58699 [SgLow3]:0 [SgLow4]:0 [NetMuon1]:450543 [NetMuon2]:447015 [NetMuon3]:478163 [NetMuon4]:478163
[Run]:34750 [Site]:2 [Bin]:7474 [FullTime]:3600 [SkipTime]:0 [Veto1]:586.438 [Veto2]:593.273 [Veto3]:405.814 [Veto4]:405.814 [SgUp1]:59195 [SgUp2]:59258 [SgUp3]:0 [SgUp4]:0 [SgLow1]:59078 [SgLow2]:59159 [SgLow3]:0 [SgLow4]:0 [NetMuon1]:450423 [NetMuon2]:449783 [NetMuon3]:477488 [NetMuon4]:477488
[Run]:34750 [Site]:2 [Bin]:7475 [FullTime]:3600 [SkipTime]:0 [Veto1]:602.855 [Veto2]:597.372 [Veto3]:405.406 [Veto4]:405.406 [SgUp1]:59423 [SgUp2]:59150 [SgUp3]:0 [SgUp4]:0 [SgLow1]:59316 [SgLow2]:59042 [SgLow3]:0 [SgLow4]:0 [NetMuon1]:447273 [NetMuon2]:448308 [NetMuon3]:476974 [NetMuon4]:476974
[Run]:34750 [Site]:2 [Bin]:7476 [FullTime]:3600 [SkipTime]:0 [Veto1]:617.88 [Veto2]:595.005 [Veto3]:406.386 [Veto4]:406.386 [SgUp1]:58845 [SgUp2]:58989 [SgUp3]:0 [SgUp4]:0 [SgLow1]:58738 [SgLow2]:58892 [SgLow3]:0 [SgLow4]:0 [NetMuon1]:446318 [NetMuon2]:449934 [NetMuon3]:478058 [NetMuon4]:478058
[Run]:34750 [Site]:2 [Bin]:7477 [FullTime]:3600 [SkipTime]:0 [Veto1]:611.608 [Veto2]:606.698 [Veto3]:407.005 [Veto4]:407.005 [SgUp1]:59042 [SgUp2]:59278 [SgUp3]:0 [SgUp4]:0 [SgLow1]:58947 [SgLow2]:59173 [SgLow3]:0 [SgLow4]:0 [NetMuon1]:448186 [NetMuon2]:449034 [NetMuon3]:478747 [NetMuon4]:478747
[Run]:34750 [Site]:2 [Bin]:7478 [FullTime]:3600 [SkipTime]:0 [Veto1]:596.89 [Veto2]:612.387 [Veto3]:406.813 [Veto4]:406.813 [SgUp1]:59603 [SgUp2]:58982 [SgUp3]:0 [SgUp4]:0 [SgLow1]:59498 [SgLow2]:58876 [SgLow3]:0 [SgLow4]:0 [NetMuon1]:450006 [NetMuon2]:447792 [NetMuon3]:478535 [NetMuon4]:478535
[Run]:34750 [Site]:2 [Bin]:7479 [FullTime]:3600 [SkipTime]:0 [Veto1]:584.531 [Veto2]:592.705 [Veto3]:405.946 [Veto4]:405.946 [SgUp1]:59319 [SgUp2]:59223 [SgUp3]:0 [SgUp4]:0 [SgLow1]:59197 [SgLow2]:59106 [SgLow3]:0 [SgLow4]:0 [NetMuon1]:450809 [NetMuon2]:449788 [NetMuon3]:477715 [NetMuon4]:477715
[Run]:34750 [Site]:2 [Bin]:7480 [FullTime]:3600 [SkipTime]:0 [Veto1]:616.982 [Veto2]:615.032 [Veto3]:405.726 [Veto4]:405.726 [SgUp1]:58897 [SgUp2]:59156 [SgUp3]:0 [SgUp4]:0 [SgLow1]:58775 [SgLow2]:59062 [SgLow3]:0 [SgLow4]:0 [NetMuon1]:445548 [NetMuon2]:446251 [NetMuon3]:477221 [NetMuon4]:477221
[Run]:34750 [Site]:2 [Bin]:7481 [FullTime]:3600 [SkipTime]:0 [Veto1]:585.241 [Veto2]:611.93 [Veto3]:405.973 [Veto4]:405.973 [SgUp1]:59655 [SgUp2]:58601 [SgUp3]:0 [SgUp4]:0 [SgLow1]:59534 [SgLow2]:58508 [SgLow3]:0 [SgLow4]:0 [NetMuon1]:451005 [NetMuon2]:446891 [NetMuon3]:477649 [NetMuon4]:477649
[Run]:34750 [Site]:2 [Bin]:7482 [FullTime]:3600 [SkipTime]:0 [Veto1]:588.085 [Veto2]:593.436 [Veto3]:406.765 [Veto4]:406.765 [SgUp1]:59190 [SgUp2]:58752 [SgUp3]:0 [SgUp4]:0 [SgLow1]:59097 [SgLow2]:58674 [SgLow3]:0 [SgLow4]:0 [NetMuon1]:451507 [NetMuon2]:450993 [NetMuon3]:478650 [NetMuon4]:478650
[Run]:34750 [Site]:2 [Bin]:7483 [FullTime]:3600 [SkipTime]:0 [Veto1]:584.49 [Veto2]:582.827 [Veto3]:406.622 [Veto4]:406.622 [SgUp1]:59293 [SgUp2]:59251 [SgUp3]:0 [SgUp4]:0 [SgLow1]:59194 [SgLow2]:59154 [SgLow3]:0 [SgLow4]:0 [NetMuon1]:451711 [NetMuon2]:451718 [NetMuon3]:478315 [NetMuon4]:478315
[Run]:34750 [Site]:2 [Bin]:7484 [FullTime]:3600 [SkipTime]:0 [Veto1]:603.902 [Veto2]:600.932 [Veto3]:406.203 [Veto4]:406.203 [SgUp1]:58710 [SgUp2]:58847 [SgUp3]:0 [SgUp4]:0 [SgLow1]:58600 [SgLow2]:58755 [SgLow3]:0 [SgLow4]:0 [NetMuon1]:448298 [NetMuon2]:448725 [NetMuon3]:477968 [NetMuon4]:477968
[Run]:34750 [Site]:2 [Bin]:7485 [FullTime]:3600 [SkipTime]:0 [Veto1]:596.523 [Veto2]:599.083 [Veto3]:406.786 [Veto4]:406.786 [SgUp1]:59274 [SgUp2]:58859 [SgUp3]:0 [SgUp4]:0 [SgLow1]:59194 [SgLow2]:58771 [SgLow3]:0 [SgLow4]:0 [NetMuon1]:450548 [NetMuon2]:450390 [NetMuon3]:478654 [NetMuon4]:478654
[Run]:34750 [Site]:2 [Bin]:7486 [FullTime]:3600 [SkipTime]:0 [Veto1]:614.489 [Veto2]:590.713 [Veto3]:405.766 [Veto4]:405.766 [SgUp1]:58696 [SgUp2]:59017 [SgUp3]:0 [SgUp4]:0 [SgLow1]:58592 [SgLow2]:58927 [SgLow3]:0 [SgLow4]:0 [NetMuon1]:446281 [NetMuon2]:449970 [NetMuon3]:477328 [NetMuon4]:477328
[Run]:34750 [Site]:2 [Bin]:7487 [FullTime]:3600 [SkipTime]:0 [Veto1]:588.15 [Veto2]:610.985 [Veto3]:405.789 [Veto4]:405.789 [SgUp1]:59093 [SgUp2]:58520 [SgUp3]:0 [SgUp4]:0 [SgLow1]:58967 [SgLow2]:58423 [SgLow3]:0 [SgLow4]:0 [NetMuon1]:449896 [NetMuon2]:446562 [NetMuon3]:477289 [NetMuon4]:477289
[Run]:34750 [Site]:2 [Bin]:7488 [FullTime]:3600 [SkipTime]:0 [Veto1]:598.87 [Veto2]:602.344 [Veto3]:405.489 [Veto4]:405.489 [SgUp1]:59509 [SgUp2]:58879 [SgUp3]:0 [SgUp4]:0 [SgLow1]:59385 [SgLow2]:58784 [SgLow3]:0 [SgLow4]:0 [NetMuon1]:448199 [NetMuon2]:447860 [NetMuon3]:477219 [NetMuon4]:477219
End process Run: 34750 ... 
[Run]:34750 [Site]:2 [Bin]:7489 [FullTime]:876.793 [SkipTime]:0 [Veto1]:146.951 [Veto2]:151.296 [Veto3]:98.9238 [Veto4]:98.9238
