StreamChain add 0x140f77f0
Start to process run: 34762 ... 
[Run]:34762 [Site]:2 [Bin]:7489 [FullTime]:2402.95 [SkipTime]:0 [Veto1]:393.355 [Veto2]:409.11 [Veto3]:271.623 [Veto4]:271.623 [SgUp1]:39900 [SgUp2]:39429 [SgUp3]:0 [SgUp4]:0 [SgLow1]:39839 [SgLow2]:39361 [SgLow3]:0 [SgLow4]:0 [NetMuon1]:301492 [NetMuon2]:298770 [NetMuon3]:319669 [NetMuon4]:319669
[Run]:34762 [Site]:2 [Bin]:7490 [FullTime]:3600 [SkipTime]:0 [Veto1]:596.098 [Veto2]:606.526 [Veto3]:405.405 [Veto4]:405.405 [SgUp1]:59085 [SgUp2]:58471 [SgUp3]:0 [SgUp4]:0 [SgLow1]:58982 [SgLow2]:58366 [SgLow3]:0 [SgLow4]:0 [NetMuon1]:448967 [NetMuon2]:446860 [NetMuon3]:477261 [NetMuon4]:477261
[Run]:34762 [Site]:2 [Bin]:7491 [FullTime]:3600 [SkipTime]:0 [Veto1]:625.274 [Veto2]:611.436 [Veto3]:406.904 [Veto4]:406.904 [SgUp1]:58799 [SgUp2]:59194 [SgUp3]:0 [SgUp4]:0 [SgLow1]:58701 [SgLow2]:59106 [SgLow3]:0 [SgLow4]:0 [NetMuon1]:445922 [NetMuon2]:448010 [NetMuon3]:478685 [NetMuon4]:478685
[Run]:34762 [Site]:2 [Bin]:7492 [FullTime]:3600 [SkipTime]:0 [Veto1]:591.693 [Veto2]:596.431 [Veto3]:405.645 [Veto4]:405.645 [SgUp1]:58934 [SgUp2]:58934 [SgUp3]:0 [SgUp4]:0 [SgLow1]:58826 [SgLow2]:58846 [SgLow3]:0 [SgLow4]:0 [NetMuon1]:449243 [NetMuon2]:448786 [NetMuon3]:477258 [NetMuon4]:477258
[Run]:34762 [Site]:2 [Bin]:7493 [FullTime]:3600 [SkipTime]:0 [Veto1]:613.128 [Veto2]:627.337 [Veto3]:406.806 [Veto4]:406.806 [SgUp1]:58433 [SgUp2]:58713 [SgUp3]:0 [SgUp4]:0 [SgLow1]:58306 [SgLow2]:58647 [SgLow3]:0 [SgLow4]:0 [NetMuon1]:447378 [NetMuon2]:445409 [NetMuon3]:478487 [NetMuon4]:478487
[Run]:34762 [Site]:2 [Bin]:7494 [FullTime]:3600 [SkipTime]:0 [Veto1]:570.347 [Veto2]:603.484 [Veto3]:405.399 [Veto4]:405.399 [SgUp1]:59527 [SgUp2]:59086 [SgUp3]:0 [SgUp4]:0 [SgLow1]:59424 [SgLow2]:58993 [SgLow3]:0 [SgLow4]:0 [NetMuon1]:452403 [NetMuon2]:447806 [NetMuon3]:477204 [NetMuon4]:477204
[Run]:34762 [Site]:2 [Bin]:7495 [FullTime]:3600 [SkipTime]:0 [Veto1]:610.681 [Veto2]:610.842 [Veto3]:405.262 [Veto4]:405.262 [SgUp1]:58748 [SgUp2]:58948 [SgUp3]:0 [SgUp4]:0 [SgLow1]:58674 [SgLow2]:58828 [SgLow3]:0 [SgLow4]:0 [NetMuon1]:445740 [NetMuon2]:446064 [NetMuon3]:476590 [NetMuon4]:476590
[Run]:34762 [Site]:2 [Bin]:7496 [FullTime]:3600 [SkipTime]:0 [Veto1]:595.18 [Veto2]:617.71 [Veto3]:405.692 [Veto4]:405.692 [SgUp1]:58942 [SgUp2]:59236 [SgUp3]:0 [SgUp4]:0 [SgLow1]:58833 [SgLow2]:59125 [SgLow3]:0 [SgLow4]:0 [NetMuon1]:449052 [NetMuon2]:445435 [NetMuon3]:477425 [NetMuon4]:477425
[Run]:34762 [Site]:2 [Bin]:7497 [FullTime]:3600 [SkipTime]:0 [Veto1]:614.415 [Veto2]:604.608 [Veto3]:406.955 [Veto4]:406.955 [SgUp1]:58719 [SgUp2]:59875 [SgUp3]:0 [SgUp4]:0 [SgLow1]:58600 [SgLow2]:59778 [SgLow3]:0 [SgLow4]:0 [NetMuon1]:447659 [NetMuon2]:449260 [NetMuon3]:478992 [NetMuon4]:478992
[Run]:34762 [Site]:2 [Bin]:7498 [FullTime]:3600 [SkipTime]:0 [Veto1]:608.45 [Veto2]:613.729 [Veto3]:406.601 [Veto4]:406.601 [SgUp1]:58574 [SgUp2]:59638 [SgUp3]:0 [SgUp4]:0 [SgLow1]:58467 [SgLow2]:59548 [SgLow3]:0 [SgLow4]:0 [NetMuon1]:448267 [NetMuon2]:447317 [NetMuon3]:478601 [NetMuon4]:478601
[Run]:34762 [Site]:2 [Bin]:7499 [FullTime]:3600 [SkipTime]:0 [Veto1]:614.637 [Veto2]:594.941 [Veto3]:405.376 [Veto4]:405.376 [SgUp1]:58636 [SgUp2]:59602 [SgUp3]:0 [SgUp4]:0 [SgLow1]:58536 [SgLow2]:59498 [SgLow3]:0 [SgLow4]:0 [NetMuon1]:445735 [NetMuon2]:448469 [NetMuon3]:477036 [NetMuon4]:477036
[Run]:34762 [Site]:2 [Bin]:7500 [FullTime]:3600 [SkipTime]:0 [Veto1]:582.291 [Veto2]:599.01 [Veto3]:406.042 [Veto4]:406.042 [SgUp1]:59716 [SgUp2]:59933 [SgUp3]:0 [SgUp4]:0 [SgLow1]:59622 [SgLow2]:59801 [SgLow3]:0 [SgLow4]:0 [NetMuon1]:451362 [NetMuon2]:448769 [NetMuon3]:477723 [NetMuon4]:477723
[Run]:34762 [Site]:2 [Bin]:7501 [FullTime]:3600 [SkipTime]:0 [Veto1]:598.885 [Veto2]:598.16 [Veto3]:406.318 [Veto4]:406.318 [SgUp1]:58714 [SgUp2]:59909 [SgUp3]:0 [SgUp4]:0 [SgLow1]:58622 [SgLow2]:59811 [SgLow3]:0 [SgLow4]:0 [NetMuon1]:449530 [NetMuon2]:449458 [NetMuon3]:478314 [NetMuon4]:478314
[Run]:34762 [Site]:2 [Bin]:7502 [FullTime]:3600 [SkipTime]:0 [Veto1]:564.849 [Veto2]:596.513 [Veto3]:406.862 [Veto4]:406.862 [SgUp1]:59186 [SgUp2]:59644 [SgUp3]:0 [SgUp4]:0 [SgLow1]:59083 [SgLow2]:59521 [SgLow3]:0 [SgLow4]:0 [NetMuon1]:454940 [NetMuon2]:450560 [NetMuon3]:478870 [NetMuon4]:478870
[Run]:34762 [Site]:2 [Bin]:7503 [FullTime]:3600 [SkipTime]:0 [Veto1]:602.67 [Veto2]:603.528 [Veto3]:406.916 [Veto4]:406.916 [SgUp1]:58734 [SgUp2]:59476 [SgUp3]:0 [SgUp4]:0 [SgLow1]:58632 [SgLow2]:59372 [SgLow3]:0 [SgLow4]:0 [NetMuon1]:449481 [NetMuon2]:449826 [NetMuon3]:478857 [NetMuon4]:478857
[Run]:34762 [Site]:2 [Bin]:7504 [FullTime]:3600 [SkipTime]:0 [Veto1]:606.839 [Veto2]:597.57 [Veto3]:407.133 [Veto4]:407.133 [SgUp1]:58897 [SgUp2]:59704 [SgUp3]:0 [SgUp4]:0 [SgLow1]:58770 [SgLow2]:59626 [SgLow3]:0 [SgLow4]:0 [NetMuon1]:449074 [NetMuon2]:450397 [NetMuon3]:478952 [NetMuon4]:478952
[Run]:34762 [Site]:2 [Bin]:7505 [FullTime]:3600 [SkipTime]:0 [Veto1]:606.553 [Veto2]:595.19 [Veto3]:406.603 [Veto4]:406.603 [SgUp1]:58435 [SgUp2]:60005 [SgUp3]:0 [SgUp4]:0 [SgLow1]:58297 [SgLow2]:59897 [SgLow3]:0 [SgLow4]:0 [NetMuon1]:448380 [NetMuon2]:450067 [NetMuon3]:478237 [NetMuon4]:478237
[Run]:34762 [Site]:2 [Bin]:7506 [FullTime]:3600 [SkipTime]:0 [Veto1]:588.731 [Veto2]:586.19 [Veto3]:406.877 [Veto4]:406.877 [SgUp1]:58908 [SgUp2]:60253 [SgUp3]:0 [SgUp4]:0 [SgLow1]:58783 [SgLow2]:60150 [SgLow3]:0 [SgLow4]:0 [NetMuon1]:451642 [NetMuon2]:452030 [NetMuon3]:478976 [NetMuon4]:478976
[Run]:34762 [Site]:2 [Bin]:7507 [FullTime]:3600 [SkipTime]:0 [Veto1]:598.334 [Veto2]:586.346 [Veto3]:406.141 [Veto4]:406.141 [SgUp1]:59053 [SgUp2]:59945 [SgUp3]:0 [SgUp4]:0 [SgLow1]:58956 [SgLow2]:59861 [SgLow3]:0 [SgLow4]:0 [NetMuon1]:448978 [NetMuon2]:451229 [NetMuon3]:477826 [NetMuon4]:477826
[Run]:34762 [Site]:2 [Bin]:7508 [FullTime]:3600 [SkipTime]:0 [Veto1]:593.615 [Veto2]:594.127 [Veto3]:406.616 [Veto4]:406.616 [SgUp1]:58648 [SgUp2]:60162 [SgUp3]:0 [SgUp4]:0 [SgLow1]:58534 [SgLow2]:60047 [SgLow3]:0 [SgLow4]:0 [NetMuon1]:450199 [NetMuon2]:450085 [NetMuon3]:478346 [NetMuon4]:478346
[Run]:34762 [Site]:2 [Bin]:7509 [FullTime]:3600.01 [SkipTime]:0 [Veto1]:597.081 [Veto2]:589.049 [Veto3]:406.272 [Veto4]:406.272 [SgUp1]:58847 [SgUp2]:59864 [SgUp3]:0 [SgUp4]:0 [SgLow1]:58719 [SgLow2]:59774 [SgLow3]:0 [SgLow4]:0 [NetMuon1]:449578 [NetMuon2]:450630 [NetMuon3]:478035 [NetMuon4]:478035
[Run]:34762 [Site]:2 [Bin]:7510 [FullTime]:3600 [SkipTime]:0 [Veto1]:606.407 [Veto2]:595.119 [Veto3]:407.025 [Veto4]:407.025 [SgUp1]:58523 [SgUp2]:59841 [SgUp3]:0 [SgUp4]:0 [SgLow1]:58435 [SgLow2]:59703 [SgLow3]:0 [SgLow4]:0 [NetMuon1]:449305 [NetMuon2]:450725 [NetMuon3]:478943 [NetMuon4]:478943
[Run]:34762 [Site]:2 [Bin]:7511 [FullTime]:3600 [SkipTime]:0 [Veto1]:594.391 [Veto2]:612.703 [Veto3]:407.466 [Veto4]:407.466 [SgUp1]:59091 [SgUp2]:59285 [SgUp3]:0 [SgUp4]:0 [SgLow1]:58988 [SgLow2]:59184 [SgLow3]:0 [SgLow4]:0 [NetMuon1]:450973 [NetMuon2]:448549 [NetMuon3]:479302 [NetMuon4]:479302
[Run]:34762 [Site]:2 [Bin]:7512 [FullTime]:3600 [SkipTime]:0 [Veto1]:611.297 [Veto2]:594.994 [Veto3]:407.588 [Veto4]:407.588 [SgUp1]:59088 [SgUp2]:59478 [SgUp3]:0 [SgUp4]:0 [SgLow1]:58976 [SgLow2]:59389 [SgLow3]:0 [SgLow4]:0 [NetMuon1]:448991 [NetMuon2]:451195 [NetMuon3]:479544 [NetMuon4]:479544
[Run]:34762 [Site]:2 [Bin]:7513 [FullTime]:3600 [SkipTime]:0 [Veto1]:619.488 [Veto2]:596.949 [Veto3]:406.918 [Veto4]:406.918 [SgUp1]:59018 [SgUp2]:59376 [SgUp3]:0 [SgUp4]:0 [SgLow1]:58901 [SgLow2]:59271 [SgLow3]:0 [SgLow4]:0 [NetMuon1]:446796 [NetMuon2]:449912 [NetMuon3]:478525 [NetMuon4]:478525
[Run]:34762 [Site]:2 [Bin]:7514 [FullTime]:3600 [SkipTime]:0 [Veto1]:594.338 [Veto2]:609.823 [Veto3]:407.597 [Veto4]:407.597 [SgUp1]:59195 [SgUp2]:58835 [SgUp3]:0 [SgUp4]:0 [SgLow1]:59102 [SgLow2]:58721 [SgLow3]:0 [SgLow4]:0 [NetMuon1]:451494 [NetMuon2]:449465 [NetMuon3]:479623 [NetMuon4]:479623
[Run]:34762 [Site]:2 [Bin]:7515 [FullTime]:3600 [SkipTime]:0 [Veto1]:578.747 [Veto2]:577.275 [Veto3]:406.249 [Veto4]:406.249 [SgUp1]:59498 [SgUp2]:60104 [SgUp3]:0 [SgUp4]:0 [SgLow1]:59379 [SgLow2]:59984 [SgLow3]:0 [SgLow4]:0 [NetMuon1]:452286 [NetMuon2]:452328 [NetMuon3]:478050 [NetMuon4]:478050
[Run]:34762 [Site]:2 [Bin]:7516 [FullTime]:3600 [SkipTime]:0 [Veto1]:599.186 [Veto2]:591.589 [Veto3]:407.685 [Veto4]:407.685 [SgUp1]:59289 [SgUp2]:59668 [SgUp3]:0 [SgUp4]:0 [SgLow1]:59159 [SgLow2]:59532 [SgLow3]:0 [SgLow4]:0 [NetMuon1]:451024 [NetMuon2]:451843 [NetMuon3]:479659 [NetMuon4]:479659
[Run]:34762 [Site]:2 [Bin]:7517 [FullTime]:3599.99 [SkipTime]:0 [Veto1]:626.339 [Veto2]:592.186 [Veto3]:406.985 [Veto4]:406.985 [SgUp1]:58953 [SgUp2]:59814 [SgUp3]:0 [SgUp4]:0 [SgLow1]:58850 [SgLow2]:59702 [SgLow3]:0 [SgLow4]:0 [NetMuon1]:445932 [NetMuon2]:450920 [NetMuon3]:478848 [NetMuon4]:478848
[Run]:34762 [Site]:2 [Bin]:7518 [FullTime]:3600 [SkipTime]:0 [Veto1]:588.914 [Veto2]:600.82 [Veto3]:407.753 [Veto4]:407.753 [SgUp1]:59580 [SgUp2]:59386 [SgUp3]:0 [SgUp4]:0 [SgLow1]:59482 [SgLow2]:59261 [SgLow3]:0 [SgLow4]:0 [NetMuon1]:452339 [NetMuon2]:450554 [NetMuon3]:479582 [NetMuon4]:479582
[Run]:34762 [Site]:2 [Bin]:7519 [FullTime]:3600 [SkipTime]:0 [Veto1]:600.435 [Veto2]:610.8 [Veto3]:407.159 [Veto4]:407.159 [SgUp1]:59404 [SgUp2]:59533 [SgUp3]:0 [SgUp4]:0 [SgLow1]:59297 [SgLow2]:59424 [SgLow3]:0 [SgLow4]:0 [NetMuon1]:449967 [NetMuon2]:448552 [NetMuon3]:478984 [NetMuon4]:478984
[Run]:34762 [Site]:2 [Bin]:7520 [FullTime]:3600 [SkipTime]:0 [Veto1]:598.077 [Veto2]:609.896 [Veto3]:408.328 [Veto4]:408.328 [SgUp1]:59161 [SgUp2]:58935 [SgUp3]:0 [SgUp4]:0 [SgLow1]:59058 [SgLow2]:58831 [SgLow3]:0 [SgLow4]:0 [NetMuon1]:451517 [NetMuon2]:449896 [NetMuon3]:480222 [NetMuon4]:480222
[Run]:34762 [Site]:2 [Bin]:7521 [FullTime]:3600 [SkipTime]:0 [Veto1]:575.963 [Veto2]:599.885 [Veto3]:408.037 [Veto4]:408.037 [SgUp1]:60092 [SgUp2]:59316 [SgUp3]:0 [SgUp4]:0 [SgLow1]:59993 [SgLow2]:59219 [SgLow3]:0 [SgLow4]:0 [NetMuon1]:454469 [NetMuon2]:451131 [NetMuon3]:479782 [NetMuon4]:479782
[Run]:34762 [Site]:2 [Bin]:7522 [FullTime]:3600 [SkipTime]:0 [Veto1]:598.999 [Veto2]:598.756 [Veto3]:407.325 [Veto4]:407.325 [SgUp1]:59008 [SgUp2]:59433 [SgUp3]:0 [SgUp4]:0 [SgLow1]:58886 [SgLow2]:59321 [SgLow3]:0 [SgLow4]:0 [NetMuon1]:450756 [NetMuon2]:450771 [NetMuon3]:479419 [NetMuon4]:479419
[Run]:34762 [Site]:2 [Bin]:7523 [FullTime]:3600 [SkipTime]:0 [Veto1]:628.192 [Veto2]:613.951 [Veto3]:406.737 [Veto4]:406.737 [SgUp1]:58312 [SgUp2]:59278 [SgUp3]:0 [SgUp4]:0 [SgLow1]:58216 [SgLow2]:59162 [SgLow3]:0 [SgLow4]:0 [NetMuon1]:445851 [NetMuon2]:447913 [NetMuon3]:478834 [NetMuon4]:478834
[Run]:34762 [Site]:2 [Bin]:7524 [FullTime]:3600 [SkipTime]:0 [Veto1]:591.618 [Veto2]:610.586 [Veto3]:407.885 [Veto4]:407.885 [SgUp1]:58855 [SgUp2]:59561 [SgUp3]:0 [SgUp4]:0 [SgLow1]:58737 [SgLow2]:59450 [SgLow3]:0 [SgLow4]:0 [NetMuon1]:452302 [NetMuon2]:449607 [NetMuon3]:479743 [NetMuon4]:479743
[Run]:34762 [Site]:2 [Bin]:7525 [FullTime]:3600 [SkipTime]:0 [Veto1]:614.873 [Veto2]:613.001 [Veto3]:407.49 [Veto4]:407.49 [SgUp1]:58937 [SgUp2]:59090 [SgUp3]:0 [SgUp4]:0 [SgLow1]:58810 [SgLow2]:58981 [SgLow3]:0 [SgLow4]:0 [NetMuon1]:448102 [NetMuon2]:448388 [NetMuon3]:479258 [NetMuon4]:479258
[Run]:34762 [Site]:2 [Bin]:7526 [FullTime]:3600 [SkipTime]:0 [Veto1]:597.324 [Veto2]:592.451 [Veto3]:407.494 [Veto4]:407.494 [SgUp1]:59308 [SgUp2]:59557 [SgUp3]:0 [SgUp4]:0 [SgLow1]:59179 [SgLow2]:59490 [SgLow3]:0 [SgLow4]:0 [NetMuon1]:450598 [NetMuon2]:451247 [NetMuon3]:479152 [NetMuon4]:479152
[Run]:34762 [Site]:2 [Bin]:7527 [FullTime]:3600 [SkipTime]:0 [Veto1]:593.602 [Veto2]:615.847 [Veto3]:407.802 [Veto4]:407.802 [SgUp1]:59076 [SgUp2]:59525 [SgUp3]:0 [SgUp4]:0 [SgLow1]:58983 [SgLow2]:59415 [SgLow3]:0 [SgLow4]:0 [NetMuon1]:451688 [NetMuon2]:448450 [NetMuon3]:479758 [NetMuon4]:479758
[Run]:34762 [Site]:2 [Bin]:7528 [FullTime]:3600 [SkipTime]:0 [Veto1]:617.818 [Veto2]:613.99 [Veto3]:407.861 [Veto4]:407.861 [SgUp1]:58224 [SgUp2]:59380 [SgUp3]:0 [SgUp4]:0 [SgLow1]:58102 [SgLow2]:59269 [SgLow3]:0 [SgLow4]:0 [NetMuon1]:448515 [NetMuon2]:449079 [NetMuon3]:479909 [NetMuon4]:479909
[Run]:34762 [Site]:2 [Bin]:7529 [FullTime]:3600 [SkipTime]:0 [Veto1]:634.955 [Veto2]:578.207 [Veto3]:407.239 [Veto4]:407.239 [SgUp1]:57934 [SgUp2]:59805 [SgUp3]:0 [SgUp4]:0 [SgLow1]:57852 [SgLow2]:59684 [SgLow3]:0 [SgLow4]:0 [NetMuon1]:444161 [NetMuon2]:452941 [NetMuon3]:478755 [NetMuon4]:478755
[Run]:34762 [Site]:2 [Bin]:7530 [FullTime]:3600 [SkipTime]:0 [Veto1]:610.52 [Veto2]:597.912 [Veto3]:407.305 [Veto4]:407.305 [SgUp1]:58939 [SgUp2]:59512 [SgUp3]:0 [SgUp4]:0 [SgLow1]:58855 [SgLow2]:59415 [SgLow3]:0 [SgLow4]:0 [NetMuon1]:448823 [NetMuon2]:450747 [NetMuon3]:479284 [NetMuon4]:479284
[Run]:34762 [Site]:2 [Bin]:7531 [FullTime]:3600 [SkipTime]:0 [Veto1]:610.606 [Veto2]:591.273 [Veto3]:406.867 [Veto4]:406.867 [SgUp1]:58716 [SgUp2]:59894 [SgUp3]:0 [SgUp4]:0 [SgLow1]:58588 [SgLow2]:59790 [SgLow3]:0 [SgLow4]:0 [NetMuon1]:448116 [NetMuon2]:450857 [NetMuon3]:478392 [NetMuon4]:478392
[Run]:34762 [Site]:2 [Bin]:7532 [FullTime]:3600 [SkipTime]:0 [Veto1]:597.824 [Veto2]:610.69 [Veto3]:406.759 [Veto4]:406.759 [SgUp1]:58640 [SgUp2]:59155 [SgUp3]:0 [SgUp4]:0 [SgLow1]:58544 [SgLow2]:59062 [SgLow3]:0 [SgLow4]:0 [NetMuon1]:449853 [NetMuon2]:447885 [NetMuon3]:478400 [NetMuon4]:478400
[Run]:34762 [Site]:2 [Bin]:7533 [FullTime]:3600 [SkipTime]:0 [Veto1]:598.41 [Veto2]:609.528 [Veto3]:407.143 [Veto4]:407.143 [SgUp1]:58870 [SgUp2]:59237 [SgUp3]:0 [SgUp4]:0 [SgLow1]:58766 [SgLow2]:59138 [SgLow3]:0 [SgLow4]:0 [NetMuon1]:450131 [NetMuon2]:448544 [NetMuon3]:478867 [NetMuon4]:478867
[Run]:34762 [Site]:2 [Bin]:7534 [FullTime]:3600 [SkipTime]:0 [Veto1]:591.931 [Veto2]:593.893 [Veto3]:407.01 [Veto4]:407.01 [SgUp1]:59168 [SgUp2]:59371 [SgUp3]:0 [SgUp4]:0 [SgLow1]:59064 [SgLow2]:59261 [SgLow3]:0 [SgLow4]:0 [NetMuon1]:450611 [NetMuon2]:450331 [NetMuon3]:478557 [NetMuon4]:478557
[Run]:34762 [Site]:2 [Bin]:7535 [FullTime]:3600 [SkipTime]:0 [Veto1]:612.429 [Veto2]:588.149 [Veto3]:406.361 [Veto4]:406.361 [SgUp1]:58387 [SgUp2]:59837 [SgUp3]:0 [SgUp4]:0 [SgLow1]:58263 [SgLow2]:59721 [SgLow3]:0 [SgLow4]:0 [NetMuon1]:447217 [NetMuon2]:450626 [NetMuon3]:477793 [NetMuon4]:477793
[Run]:34762 [Site]:2 [Bin]:7536 [FullTime]:3600 [SkipTime]:0 [Veto1]:626.418 [Veto2]:587.598 [Veto3]:407.804 [Veto4]:407.804 [SgUp1]:58962 [SgUp2]:59658 [SgUp3]:0 [SgUp4]:0 [SgLow1]:58860 [SgLow2]:59557 [SgLow3]:0 [SgLow4]:0 [NetMuon1]:446883 [NetMuon2]:452379 [NetMuon3]:479655 [NetMuon4]:479655
End process Run: 34762 ... 
[Run]:34762 [Site]:2 [Bin]:7537 [FullTime]:558.192 [SkipTime]:0 [Veto1]:94.2177 [Veto2]:90.1558 [Veto3]:63.1327 [Veto4]:63.1327
