StreamChain add 0x14dda7f0
Start to process run: 35992 ... 
[Run]:35992 [Site]:2 [Bin]:8449 [FullTime]:1764.12 [SkipTime]:0 [Veto1]:295.402 [Veto2]:303.488 [Veto3]:198.397 [Veto4]:198.397 [SgUp1]:28865 [SgUp2]:29047 [SgUp3]:0 [SgUp4]:0 [SgLow1]:28810 [SgLow2]:28977 [SgLow3]:0 [SgLow4]:0 [NetMuon1]:219072 [NetMuon2]:217658 [NetMuon3]:233468 [NetMuon4]:233468
[Run]:35992 [Site]:2 [Bin]:8450 [FullTime]:3600 [SkipTime]:0 [Veto1]:601.659 [Veto2]:603.315 [Veto3]:404.945 [Veto4]:404.945 [SgUp1]:58685 [SgUp2]:59203 [SgUp3]:0 [SgUp4]:0 [SgLow1]:58586 [SgLow2]:59116 [SgLow3]:0 [SgLow4]:0 [NetMuon1]:447369 [NetMuon2]:446817 [NetMuon3]:476563 [NetMuon4]:476563
[Run]:35992 [Site]:2 [Bin]:8451 [FullTime]:3600 [SkipTime]:0 [Veto1]:613.581 [Veto2]:624.334 [Veto3]:404.951 [Veto4]:404.951 [SgUp1]:58563 [SgUp2]:58543 [SgUp3]:0 [SgUp4]:0 [SgLow1]:58456 [SgLow2]:58445 [SgLow3]:0 [SgLow4]:0 [NetMuon1]:445557 [NetMuon2]:443749 [NetMuon3]:476648 [NetMuon4]:476648
[Run]:35992 [Site]:2 [Bin]:8452 [FullTime]:3600 [SkipTime]:0 [Veto1]:600.032 [Veto2]:599.709 [Veto3]:406.472 [Veto4]:406.472 [SgUp1]:58631 [SgUp2]:59256 [SgUp3]:0 [SgUp4]:0 [SgLow1]:58520 [SgLow2]:59146 [SgLow3]:0 [SgLow4]:0 [NetMuon1]:449378 [NetMuon2]:449636 [NetMuon3]:478375 [NetMuon4]:478375
[Run]:35992 [Site]:2 [Bin]:8456 [FullTime]:1583.39 [SkipTime]:0 [Veto1]:266.866 [Veto2]:286.282 [Veto3]:178.62 [Veto4]:178.62 [SgUp1]:26156 [SgUp2]:25705 [SgUp3]:0 [SgUp4]:0 [SgLow1]:26094 [SgLow2]:25663 [SgLow3]:0 [SgLow4]:0 [NetMuon1]:196965 [NetMuon2]:193966 [NetMuon3]:210050 [NetMuon4]:210050
[Run]:35992 [Site]:2 [Bin]:8457 [FullTime]:3600 [SkipTime]:0 [Veto1]:604.955 [Veto2]:589.869 [Veto3]:405.885 [Veto4]:405.885 [SgUp1]:58511 [SgUp2]:59505 [SgUp3]:0 [SgUp4]:0 [SgLow1]:58400 [SgLow2]:59388 [SgLow3]:0 [SgLow4]:0 [NetMuon1]:448042 [NetMuon2]:449746 [NetMuon3]:477511 [NetMuon4]:477511
[Run]:35992 [Site]:2 [Bin]:8458 [FullTime]:3600 [SkipTime]:0 [Veto1]:618.489 [Veto2]:594.045 [Veto3]:406.279 [Veto4]:406.279 [SgUp1]:58115 [SgUp2]:59460 [SgUp3]:0 [SgUp4]:0 [SgLow1]:57996 [SgLow2]:59341 [SgLow3]:0 [SgLow4]:0 [NetMuon1]:446252 [NetMuon2]:449991 [NetMuon3]:478018 [NetMuon4]:478018
[Run]:35992 [Site]:2 [Bin]:8459 [FullTime]:3600 [SkipTime]:0 [Veto1]:592.989 [Veto2]:600.83 [Veto3]:405.638 [Veto4]:405.638 [SgUp1]:59077 [SgUp2]:59066 [SgUp3]:0 [SgUp4]:0 [SgLow1]:58972 [SgLow2]:58940 [SgLow3]:0 [SgLow4]:0 [NetMuon1]:448969 [NetMuon2]:447799 [NetMuon3]:477007 [NetMuon4]:477007
[Run]:35992 [Site]:2 [Bin]:8460 [FullTime]:3600 [SkipTime]:0 [Veto1]:590.531 [Veto2]:578.483 [Veto3]:406.202 [Veto4]:406.202 [SgUp1]:58905 [SgUp2]:59573 [SgUp3]:0 [SgUp4]:0 [SgLow1]:58805 [SgLow2]:59485 [SgLow3]:0 [SgLow4]:0 [NetMuon1]:450211 [NetMuon2]:451973 [NetMuon3]:477933 [NetMuon4]:477933
[Run]:35992 [Site]:2 [Bin]:8461 [FullTime]:3600 [SkipTime]:0 [Veto1]:598.652 [Veto2]:590.05 [Veto3]:405.6 [Veto4]:405.6 [SgUp1]:58799 [SgUp2]:59319 [SgUp3]:0 [SgUp4]:0 [SgLow1]:58691 [SgLow2]:59238 [SgLow3]:0 [SgLow4]:0 [NetMuon1]:448489 [NetMuon2]:449797 [NetMuon3]:477196 [NetMuon4]:477196
[Run]:35992 [Site]:2 [Bin]:8462 [FullTime]:3600 [SkipTime]:0 [Veto1]:615.863 [Veto2]:606.016 [Veto3]:406.338 [Veto4]:406.338 [SgUp1]:58580 [SgUp2]:59257 [SgUp3]:0 [SgUp4]:0 [SgLow1]:58470 [SgLow2]:59162 [SgLow3]:0 [SgLow4]:0 [NetMuon1]:446758 [NetMuon2]:447893 [NetMuon3]:477919 [NetMuon4]:477919
[Run]:35992 [Site]:2 [Bin]:8463 [FullTime]:3600 [SkipTime]:0 [Veto1]:593.448 [Veto2]:613.294 [Veto3]:406.384 [Veto4]:406.384 [SgUp1]:58807 [SgUp2]:58878 [SgUp3]:0 [SgUp4]:0 [SgLow1]:58704 [SgLow2]:58799 [SgLow3]:0 [SgLow4]:0 [NetMuon1]:450406 [NetMuon2]:447358 [NetMuon3]:478312 [NetMuon4]:478312
[Run]:35992 [Site]:2 [Bin]:8464 [FullTime]:3600 [SkipTime]:0 [Veto1]:607.984 [Veto2]:617.299 [Veto3]:406.607 [Veto4]:406.607 [SgUp1]:58405 [SgUp2]:58772 [SgUp3]:0 [SgUp4]:0 [SgLow1]:58274 [SgLow2]:58677 [SgLow3]:0 [SgLow4]:0 [NetMuon1]:448102 [NetMuon2]:446808 [NetMuon3]:478394 [NetMuon4]:478394
[Run]:35992 [Site]:2 [Bin]:8465 [FullTime]:3600 [SkipTime]:0 [Veto1]:612.738 [Veto2]:619.199 [Veto3]:406.365 [Veto4]:406.365 [SgUp1]:58194 [SgUp2]:58849 [SgUp3]:0 [SgUp4]:0 [SgLow1]:58102 [SgLow2]:58755 [SgLow3]:0 [SgLow4]:0 [NetMuon1]:447756 [NetMuon2]:446408 [NetMuon3]:478316 [NetMuon4]:478316
[Run]:35992 [Site]:2 [Bin]:8466 [FullTime]:3600 [SkipTime]:0 [Veto1]:588.265 [Veto2]:619.593 [Veto3]:404.856 [Veto4]:404.856 [SgUp1]:59328 [SgUp2]:59032 [SgUp3]:0 [SgUp4]:0 [SgLow1]:59244 [SgLow2]:58937 [SgLow3]:0 [SgLow4]:0 [NetMuon1]:449126 [NetMuon2]:444440 [NetMuon3]:476446 [NetMuon4]:476446
[Run]:35992 [Site]:2 [Bin]:8467 [FullTime]:3600 [SkipTime]:0 [Veto1]:588.341 [Veto2]:606.258 [Veto3]:405.07 [Veto4]:405.07 [SgUp1]:59345 [SgUp2]:59058 [SgUp3]:0 [SgUp4]:0 [SgLow1]:59224 [SgLow2]:58962 [SgLow3]:0 [SgLow4]:0 [NetMuon1]:449088 [NetMuon2]:446286 [NetMuon3]:476639 [NetMuon4]:476639
[Run]:35992 [Site]:2 [Bin]:8468 [FullTime]:3600 [SkipTime]:0 [Veto1]:598.788 [Veto2]:625.791 [Veto3]:405.687 [Veto4]:405.687 [SgUp1]:59354 [SgUp2]:58671 [SgUp3]:0 [SgUp4]:0 [SgLow1]:59228 [SgLow2]:58575 [SgLow3]:0 [SgLow4]:0 [NetMuon1]:448598 [NetMuon2]:444139 [NetMuon3]:477131 [NetMuon4]:477131
[Run]:35992 [Site]:2 [Bin]:8469 [FullTime]:3600 [SkipTime]:0 [Veto1]:589.08 [Veto2]:577.941 [Veto3]:405.472 [Veto4]:405.472 [SgUp1]:59053 [SgUp2]:59670 [SgUp3]:0 [SgUp4]:0 [SgLow1]:58965 [SgLow2]:59586 [SgLow3]:0 [SgLow4]:0 [NetMuon1]:449154 [NetMuon2]:451245 [NetMuon3]:476798 [NetMuon4]:476798
[Run]:35992 [Site]:2 [Bin]:8470 [FullTime]:3600 [SkipTime]:0 [Veto1]:594.99 [Veto2]:599.856 [Veto3]:406.335 [Veto4]:406.335 [SgUp1]:58663 [SgUp2]:59103 [SgUp3]:0 [SgUp4]:0 [SgLow1]:58563 [SgLow2]:59026 [SgLow3]:0 [SgLow4]:0 [NetMuon1]:449850 [NetMuon2]:449031 [NetMuon3]:478037 [NetMuon4]:478037
[Run]:35992 [Site]:2 [Bin]:8471 [FullTime]:3600 [SkipTime]:0 [Veto1]:600.345 [Veto2]:598.719 [Veto3]:405.256 [Veto4]:405.256 [SgUp1]:59084 [SgUp2]:59144 [SgUp3]:0 [SgUp4]:0 [SgLow1]:58982 [SgLow2]:59048 [SgLow3]:0 [SgLow4]:0 [NetMuon1]:447746 [NetMuon2]:448368 [NetMuon3]:476918 [NetMuon4]:476918
[Run]:35992 [Site]:2 [Bin]:8472 [FullTime]:3600 [SkipTime]:0 [Veto1]:608.722 [Veto2]:622.424 [Veto3]:405.608 [Veto4]:405.608 [SgUp1]:59042 [SgUp2]:58767 [SgUp3]:0 [SgUp4]:0 [SgLow1]:58950 [SgLow2]:58655 [SgLow3]:0 [SgLow4]:0 [NetMuon1]:447073 [NetMuon2]:444657 [NetMuon3]:477251 [NetMuon4]:477251
[Run]:35992 [Site]:2 [Bin]:8473 [FullTime]:3600 [SkipTime]:0 [Veto1]:625.049 [Veto2]:619.848 [Veto3]:405.323 [Veto4]:405.323 [SgUp1]:58960 [SgUp2]:59083 [SgUp3]:0 [SgUp4]:0 [SgLow1]:58863 [SgLow2]:59004 [SgLow3]:0 [SgLow4]:0 [NetMuon1]:444174 [NetMuon2]:444930 [NetMuon3]:476993 [NetMuon4]:476993
[Run]:35992 [Site]:2 [Bin]:8474 [FullTime]:3600 [SkipTime]:0 [Veto1]:609.272 [Veto2]:570.053 [Veto3]:404.918 [Veto4]:404.918 [SgUp1]:59158 [SgUp2]:59618 [SgUp3]:0 [SgUp4]:0 [SgLow1]:59071 [SgLow2]:59535 [SgLow3]:0 [SgLow4]:0 [NetMuon1]:446010 [NetMuon2]:451690 [NetMuon3]:476468 [NetMuon4]:476468
[Run]:35992 [Site]:2 [Bin]:8475 [FullTime]:3600 [SkipTime]:0 [Veto1]:592.105 [Veto2]:611.556 [Veto3]:405.891 [Veto4]:405.891 [SgUp1]:58987 [SgUp2]:58714 [SgUp3]:0 [SgUp4]:0 [SgLow1]:58878 [SgLow2]:58607 [SgLow3]:0 [SgLow4]:0 [NetMuon1]:449923 [NetMuon2]:446990 [NetMuon3]:477554 [NetMuon4]:477554
[Run]:35992 [Site]:2 [Bin]:8476 [FullTime]:3600 [SkipTime]:0 [Veto1]:602.524 [Veto2]:619.009 [Veto3]:404.943 [Veto4]:404.943 [SgUp1]:59343 [SgUp2]:59182 [SgUp3]:0 [SgUp4]:0 [SgLow1]:59208 [SgLow2]:59071 [SgLow3]:0 [SgLow4]:0 [NetMuon1]:446952 [NetMuon2]:444592 [NetMuon3]:476488 [NetMuon4]:476488
[Run]:35992 [Site]:2 [Bin]:8477 [FullTime]:3600 [SkipTime]:0 [Veto1]:584.599 [Veto2]:621.088 [Veto3]:405.153 [Veto4]:405.153 [SgUp1]:59676 [SgUp2]:58611 [SgUp3]:0 [SgUp4]:0 [SgLow1]:59580 [SgLow2]:58525 [SgLow3]:0 [SgLow4]:0 [NetMuon1]:450051 [NetMuon2]:444913 [NetMuon3]:476796 [NetMuon4]:476796
[Run]:35992 [Site]:2 [Bin]:8478 [FullTime]:3600 [SkipTime]:0 [Veto1]:606.239 [Veto2]:610.828 [Veto3]:405.136 [Veto4]:405.136 [SgUp1]:59363 [SgUp2]:59241 [SgUp3]:0 [SgUp4]:0 [SgLow1]:59256 [SgLow2]:59145 [SgLow3]:0 [SgLow4]:0 [NetMuon1]:447033 [NetMuon2]:446279 [NetMuon3]:476935 [NetMuon4]:476935
[Run]:35992 [Site]:2 [Bin]:8479 [FullTime]:3600 [SkipTime]:0 [Veto1]:587.992 [Veto2]:585.101 [Veto3]:405.808 [Veto4]:405.808 [SgUp1]:58896 [SgUp2]:59779 [SgUp3]:0 [SgUp4]:0 [SgLow1]:58813 [SgLow2]:59695 [SgLow3]:0 [SgLow4]:0 [NetMuon1]:450466 [NetMuon2]:450554 [NetMuon3]:477370 [NetMuon4]:477370
[Run]:35992 [Site]:2 [Bin]:8480 [FullTime]:3600 [SkipTime]:0 [Veto1]:583.666 [Veto2]:585.428 [Veto3]:405.752 [Veto4]:405.752 [SgUp1]:59825 [SgUp2]:59565 [SgUp3]:0 [SgUp4]:0 [SgLow1]:59723 [SgLow2]:59452 [SgLow3]:0 [SgLow4]:0 [NetMuon1]:450836 [NetMuon2]:450505 [NetMuon3]:477363 [NetMuon4]:477363
[Run]:35992 [Site]:2 [Bin]:8481 [FullTime]:3600 [SkipTime]:0 [Veto1]:580.895 [Veto2]:606.717 [Veto3]:404.058 [Veto4]:404.058 [SgUp1]:59855 [SgUp2]:59060 [SgUp3]:0 [SgUp4]:0 [SgLow1]:59763 [SgLow2]:58963 [SgLow3]:0 [SgLow4]:0 [NetMuon1]:449172 [NetMuon2]:445305 [NetMuon3]:475533 [NetMuon4]:475533
[Run]:35992 [Site]:2 [Bin]:8482 [FullTime]:3600 [SkipTime]:0 [Veto1]:607.097 [Veto2]:606.578 [Veto3]:404.918 [Veto4]:404.918 [SgUp1]:59371 [SgUp2]:59162 [SgUp3]:0 [SgUp4]:0 [SgLow1]:59284 [SgLow2]:59087 [SgLow3]:0 [SgLow4]:0 [NetMuon1]:446312 [NetMuon2]:446600 [NetMuon3]:476401 [NetMuon4]:476401
[Run]:35992 [Site]:2 [Bin]:8483 [FullTime]:3600 [SkipTime]:0 [Veto1]:615.798 [Veto2]:623.063 [Veto3]:405.018 [Veto4]:405.018 [SgUp1]:59052 [SgUp2]:58925 [SgUp3]:0 [SgUp4]:0 [SgLow1]:58955 [SgLow2]:58814 [SgLow3]:0 [SgLow4]:0 [NetMuon1]:444953 [NetMuon2]:443969 [NetMuon3]:476540 [NetMuon4]:476540
[Run]:35992 [Site]:2 [Bin]:8484 [FullTime]:3600 [SkipTime]:0 [Veto1]:605.225 [Veto2]:619.169 [Veto3]:404.986 [Veto4]:404.986 [SgUp1]:59624 [SgUp2]:59162 [SgUp3]:0 [SgUp4]:0 [SgLow1]:59529 [SgLow2]:59058 [SgLow3]:0 [SgLow4]:0 [NetMuon1]:446645 [NetMuon2]:444400 [NetMuon3]:476367 [NetMuon4]:476367
[Run]:35992 [Site]:2 [Bin]:8485 [FullTime]:3600 [SkipTime]:0 [Veto1]:597.074 [Veto2]:585.115 [Veto3]:403.604 [Veto4]:403.604 [SgUp1]:59680 [SgUp2]:59432 [SgUp3]:0 [SgUp4]:0 [SgLow1]:59561 [SgLow2]:59326 [SgLow3]:0 [SgLow4]:0 [NetMuon1]:446323 [NetMuon2]:447825 [NetMuon3]:475056 [NetMuon4]:475056
[Run]:35992 [Site]:2 [Bin]:8486 [FullTime]:3600 [SkipTime]:0 [Veto1]:577.815 [Veto2]:618.77 [Veto3]:405.513 [Veto4]:405.513 [SgUp1]:60125 [SgUp2]:58920 [SgUp3]:0 [SgUp4]:0 [SgLow1]:60012 [SgLow2]:58823 [SgLow3]:0 [SgLow4]:0 [NetMuon1]:451462 [NetMuon2]:445007 [NetMuon3]:477108 [NetMuon4]:477108
[Run]:35992 [Site]:2 [Bin]:8487 [FullTime]:3600 [SkipTime]:0 [Veto1]:598.623 [Veto2]:577.464 [Veto3]:405.136 [Veto4]:405.136 [SgUp1]:59264 [SgUp2]:59415 [SgUp3]:0 [SgUp4]:0 [SgLow1]:59163 [SgLow2]:59302 [SgLow3]:0 [SgLow4]:0 [NetMuon1]:447782 [NetMuon2]:450720 [NetMuon3]:476789 [NetMuon4]:476789
[Run]:35992 [Site]:2 [Bin]:8488 [FullTime]:3600 [SkipTime]:0 [Veto1]:596.358 [Veto2]:604.455 [Veto3]:405.435 [Veto4]:405.435 [SgUp1]:59680 [SgUp2]:58537 [SgUp3]:0 [SgUp4]:0 [SgLow1]:59607 [SgLow2]:58456 [SgLow3]:0 [SgLow4]:0 [NetMuon1]:448648 [NetMuon2]:447575 [NetMuon3]:477000 [NetMuon4]:477000
[Run]:35992 [Site]:2 [Bin]:8489 [FullTime]:3600 [SkipTime]:0 [Veto1]:610.049 [Veto2]:585.074 [Veto3]:405.615 [Veto4]:405.615 [SgUp1]:59357 [SgUp2]:59414 [SgUp3]:0 [SgUp4]:0 [SgLow1]:59282 [SgLow2]:59305 [SgLow3]:0 [SgLow4]:0 [NetMuon1]:446877 [NetMuon2]:450574 [NetMuon3]:477245 [NetMuon4]:477245
[Run]:35992 [Site]:2 [Bin]:8490 [FullTime]:3600 [SkipTime]:0 [Veto1]:592.552 [Veto2]:590.921 [Veto3]:405.492 [Veto4]:405.492 [SgUp1]:58930 [SgUp2]:59348 [SgUp3]:0 [SgUp4]:0 [SgLow1]:58829 [SgLow2]:59270 [SgLow3]:0 [SgLow4]:0 [NetMuon1]:449363 [NetMuon2]:449368 [NetMuon3]:477348 [NetMuon4]:477348
[Run]:35992 [Site]:2 [Bin]:8491 [FullTime]:3600 [SkipTime]:0 [Veto1]:579.805 [Veto2]:581.53 [Veto3]:404.849 [Veto4]:404.849 [SgUp1]:59458 [SgUp2]:59222 [SgUp3]:0 [SgUp4]:0 [SgLow1]:59346 [SgLow2]:59116 [SgLow3]:0 [SgLow4]:0 [NetMuon1]:450463 [NetMuon2]:450065 [NetMuon3]:476428 [NetMuon4]:476428
[Run]:35992 [Site]:2 [Bin]:8492 [FullTime]:3600 [SkipTime]:0 [Veto1]:593.596 [Veto2]:585.092 [Veto3]:405.147 [Veto4]:405.147 [SgUp1]:59457 [SgUp2]:59417 [SgUp3]:0 [SgUp4]:0 [SgLow1]:59366 [SgLow2]:59339 [SgLow3]:0 [SgLow4]:0 [NetMuon1]:448648 [NetMuon2]:450014 [NetMuon3]:476770 [NetMuon4]:476770
[Run]:35992 [Site]:2 [Bin]:8493 [FullTime]:3600 [SkipTime]:0 [Veto1]:595.745 [Veto2]:607.371 [Veto3]:404.921 [Veto4]:404.921 [SgUp1]:59117 [SgUp2]:58421 [SgUp3]:0 [SgUp4]:0 [SgLow1]:59050 [SgLow2]:58326 [SgLow3]:0 [SgLow4]:0 [NetMuon1]:448178 [NetMuon2]:446249 [NetMuon3]:476366 [NetMuon4]:476366
[Run]:35992 [Site]:2 [Bin]:8494 [FullTime]:3600 [SkipTime]:0 [Veto1]:584.232 [Veto2]:579.972 [Veto3]:405.479 [Veto4]:405.479 [SgUp1]:59653 [SgUp2]:59521 [SgUp3]:0 [SgUp4]:0 [SgLow1]:59563 [SgLow2]:59440 [SgLow3]:0 [SgLow4]:0 [NetMuon1]:450397 [NetMuon2]:451023 [NetMuon3]:477049 [NetMuon4]:477049
[Run]:35992 [Site]:2 [Bin]:8495 [FullTime]:3600 [SkipTime]:0 [Veto1]:587.433 [Veto2]:594.42 [Veto3]:405.145 [Veto4]:405.145 [SgUp1]:59508 [SgUp2]:59133 [SgUp3]:0 [SgUp4]:0 [SgLow1]:59414 [SgLow2]:59043 [SgLow3]:0 [SgLow4]:0 [NetMuon1]:449718 [NetMuon2]:449188 [NetMuon3]:477020 [NetMuon4]:477020
[Run]:35992 [Site]:2 [Bin]:8496 [FullTime]:3600 [SkipTime]:0 [Veto1]:592.316 [Veto2]:593.218 [Veto3]:405.225 [Veto4]:405.225 [SgUp1]:59632 [SgUp2]:58522 [SgUp3]:0 [SgUp4]:0 [SgLow1]:59539 [SgLow2]:58431 [SgLow3]:0 [SgLow4]:0 [NetMuon1]:448867 [NetMuon2]:448850 [NetMuon3]:476970 [NetMuon4]:476970
End process Run: 35992 ... 
[Run]:35992 [Site]:2 [Bin]:8497 [FullTime]:1078.41 [SkipTime]:0 [Veto1]:185.693 [Veto2]:179.203 [Veto3]:121.155 [Veto4]:121.155
