StreamChain add 0x191947f0
Start to process run: 36915 ... 
[Run]:36915 [Site]:2 [Bin]:9337 [FullTime]:2605.96 [SkipTime]:0 [Veto1]:436.529 [Veto2]:429.179 [Veto3]:293.196 [Veto4]:293.196 [SgUp1]:42559 [SgUp2]:43117 [SgUp3]:0 [SgUp4]:0 [SgLow1]:42479 [SgLow2]:43079 [SgLow3]:0 [SgLow4]:0 [NetMuon1]:323800 [NetMuon2]:324723 [NetMuon3]:345069 [NetMuon4]:345069
[Run]:36915 [Site]:2 [Bin]:9338 [FullTime]:3600 [SkipTime]:0 [Veto1]:604.967 [Veto2]:600.428 [Veto3]:404.667 [Veto4]:404.667 [SgUp1]:59161 [SgUp2]:59024 [SgUp3]:0 [SgUp4]:0 [SgLow1]:59058 [SgLow2]:58924 [SgLow3]:0 [SgLow4]:0 [NetMuon1]:446429 [NetMuon2]:446494 [NetMuon3]:476028 [NetMuon4]:476028
[Run]:36915 [Site]:2 [Bin]:9339 [FullTime]:3600 [SkipTime]:0 [Veto1]:593.732 [Veto2]:607.407 [Veto3]:404.448 [Veto4]:404.448 [SgUp1]:59504 [SgUp2]:59182 [SgUp3]:0 [SgUp4]:0 [SgLow1]:59415 [SgLow2]:59091 [SgLow3]:0 [SgLow4]:0 [NetMuon1]:447533 [NetMuon2]:445405 [NetMuon3]:475988 [NetMuon4]:475988
[Run]:36915 [Site]:2 [Bin]:9340 [FullTime]:3600 [SkipTime]:0 [Veto1]:582.542 [Veto2]:593.653 [Veto3]:404.192 [Veto4]:404.192 [SgUp1]:59383 [SgUp2]:59420 [SgUp3]:0 [SgUp4]:0 [SgLow1]:59278 [SgLow2]:59304 [SgLow3]:0 [SgLow4]:0 [NetMuon1]:448921 [NetMuon2]:447234 [NetMuon3]:475597 [NetMuon4]:475597
[Run]:36915 [Site]:2 [Bin]:9341 [FullTime]:3600 [SkipTime]:0 [Veto1]:599.982 [Veto2]:590.002 [Veto3]:405.064 [Veto4]:405.064 [SgUp1]:59366 [SgUp2]:59880 [SgUp3]:0 [SgUp4]:0 [SgLow1]:59278 [SgLow2]:59757 [SgLow3]:0 [SgLow4]:0 [NetMuon1]:447790 [NetMuon2]:449198 [NetMuon3]:476783 [NetMuon4]:476783
[Run]:36915 [Site]:2 [Bin]:9342 [FullTime]:3600 [SkipTime]:0 [Veto1]:594.36 [Veto2]:597.592 [Veto3]:404.586 [Veto4]:404.586 [SgUp1]:59433 [SgUp2]:59485 [SgUp3]:0 [SgUp4]:0 [SgLow1]:59351 [SgLow2]:59399 [SgLow3]:0 [SgLow4]:0 [NetMuon1]:448186 [NetMuon2]:447788 [NetMuon3]:476104 [NetMuon4]:476104
[Run]:36915 [Site]:2 [Bin]:9343 [FullTime]:3600.01 [SkipTime]:0 [Veto1]:586.416 [Veto2]:600.828 [Veto3]:405.318 [Veto4]:405.318 [SgUp1]:59449 [SgUp2]:59192 [SgUp3]:0 [SgUp4]:0 [SgLow1]:59354 [SgLow2]:59076 [SgLow3]:0 [SgLow4]:0 [NetMuon1]:449741 [NetMuon2]:447780 [NetMuon3]:476882 [NetMuon4]:476882
[Run]:36915 [Site]:2 [Bin]:9344 [FullTime]:3599.99 [SkipTime]:0 [Veto1]:588.542 [Veto2]:619.624 [Veto3]:406.069 [Veto4]:406.069 [SgUp1]:59758 [SgUp2]:58944 [SgUp3]:0 [SgUp4]:0 [SgLow1]:59640 [SgLow2]:58833 [SgLow3]:0 [SgLow4]:0 [NetMuon1]:450439 [NetMuon2]:445880 [NetMuon3]:477658 [NetMuon4]:477658
[Run]:36915 [Site]:2 [Bin]:9345 [FullTime]:3600 [SkipTime]:0 [Veto1]:594.451 [Veto2]:620.887 [Veto3]:405.177 [Veto4]:405.177 [SgUp1]:59201 [SgUp2]:58729 [SgUp3]:0 [SgUp4]:0 [SgLow1]:59074 [SgLow2]:58608 [SgLow3]:0 [SgLow4]:0 [NetMuon1]:448527 [NetMuon2]:444609 [NetMuon3]:476798 [NetMuon4]:476798
[Run]:36915 [Site]:2 [Bin]:9346 [FullTime]:3600 [SkipTime]:0 [Veto1]:591.9 [Veto2]:594.818 [Veto3]:403.636 [Veto4]:403.636 [SgUp1]:59691 [SgUp2]:59685 [SgUp3]:0 [SgUp4]:0 [SgLow1]:59589 [SgLow2]:59594 [SgLow3]:0 [SgLow4]:0 [NetMuon1]:446993 [NetMuon2]:446480 [NetMuon3]:474963 [NetMuon4]:474963
[Run]:36915 [Site]:2 [Bin]:9347 [FullTime]:3600 [SkipTime]:0 [Veto1]:605.141 [Veto2]:602.555 [Veto3]:405.404 [Veto4]:405.404 [SgUp1]:59282 [SgUp2]:59296 [SgUp3]:0 [SgUp4]:0 [SgLow1]:59161 [SgLow2]:59188 [SgLow3]:0 [SgLow4]:0 [NetMuon1]:446998 [NetMuon2]:447397 [NetMuon3]:476877 [NetMuon4]:476877
[Run]:36915 [Site]:2 [Bin]:9348 [FullTime]:3600 [SkipTime]:0 [Veto1]:575.004 [Veto2]:619.246 [Veto3]:406.282 [Veto4]:406.282 [SgUp1]:59787 [SgUp2]:58861 [SgUp3]:0 [SgUp4]:0 [SgLow1]:59675 [SgLow2]:58764 [SgLow3]:0 [SgLow4]:0 [NetMuon1]:453249 [NetMuon2]:446371 [NetMuon3]:478212 [NetMuon4]:478212
[Run]:36915 [Site]:2 [Bin]:9349 [FullTime]:3600 [SkipTime]:0 [Veto1]:581.765 [Veto2]:587.704 [Veto3]:405.749 [Veto4]:405.749 [SgUp1]:59235 [SgUp2]:59715 [SgUp3]:0 [SgUp4]:0 [SgLow1]:59112 [SgLow2]:59609 [SgLow3]:0 [SgLow4]:0 [NetMuon1]:450954 [NetMuon2]:450042 [NetMuon3]:477475 [NetMuon4]:477475
[Run]:36915 [Site]:2 [Bin]:9350 [FullTime]:3600 [SkipTime]:0 [Veto1]:581.427 [Veto2]:580.804 [Veto3]:405.846 [Veto4]:405.846 [SgUp1]:59015 [SgUp2]:60065 [SgUp3]:0 [SgUp4]:0 [SgLow1]:58883 [SgLow2]:59975 [SgLow3]:0 [SgLow4]:0 [NetMuon1]:451322 [NetMuon2]:451620 [NetMuon3]:477669 [NetMuon4]:477669
[Run]:36915 [Site]:2 [Bin]:9351 [FullTime]:3600 [SkipTime]:0 [Veto1]:601.005 [Veto2]:585.57 [Veto3]:405.341 [Veto4]:405.341 [SgUp1]:59093 [SgUp2]:59917 [SgUp3]:0 [SgUp4]:0 [SgLow1]:59000 [SgLow2]:59823 [SgLow3]:0 [SgLow4]:0 [NetMuon1]:447930 [NetMuon2]:450067 [NetMuon3]:476898 [NetMuon4]:476898
[Run]:36915 [Site]:2 [Bin]:9352 [FullTime]:3600 [SkipTime]:0 [Veto1]:602.332 [Veto2]:582.493 [Veto3]:405.003 [Veto4]:405.003 [SgUp1]:58650 [SgUp2]:59681 [SgUp3]:0 [SgUp4]:0 [SgLow1]:58524 [SgLow2]:59569 [SgLow3]:0 [SgLow4]:0 [NetMuon1]:447077 [NetMuon2]:449883 [NetMuon3]:476507 [NetMuon4]:476507
[Run]:36915 [Site]:2 [Bin]:9353 [FullTime]:3600 [SkipTime]:0 [Veto1]:592.748 [Veto2]:590.078 [Veto3]:404.725 [Veto4]:404.725 [SgUp1]:59431 [SgUp2]:59790 [SgUp3]:0 [SgUp4]:0 [SgLow1]:59324 [SgLow2]:59670 [SgLow3]:0 [SgLow4]:0 [NetMuon1]:448360 [NetMuon2]:448884 [NetMuon3]:476394 [NetMuon4]:476394
[Run]:36915 [Site]:2 [Bin]:9354 [FullTime]:3600 [SkipTime]:0 [Veto1]:600.567 [Veto2]:594.236 [Veto3]:405.129 [Veto4]:405.129 [SgUp1]:58993 [SgUp2]:59924 [SgUp3]:0 [SgUp4]:0 [SgLow1]:58901 [SgLow2]:59791 [SgLow3]:0 [SgLow4]:0 [NetMuon1]:447536 [NetMuon2]:448675 [NetMuon3]:476728 [NetMuon4]:476728
[Run]:36915 [Site]:2 [Bin]:9355 [FullTime]:3600 [SkipTime]:0 [Veto1]:611.066 [Veto2]:573.465 [Veto3]:405.092 [Veto4]:405.092 [SgUp1]:58970 [SgUp2]:59606 [SgUp3]:0 [SgUp4]:0 [SgLow1]:58847 [SgLow2]:59514 [SgLow3]:0 [SgLow4]:0 [NetMuon1]:446313 [NetMuon2]:451673 [NetMuon3]:476984 [NetMuon4]:476984
[Run]:36915 [Site]:2 [Bin]:9356 [FullTime]:3600 [SkipTime]:0 [Veto1]:591.733 [Veto2]:597.915 [Veto3]:403.851 [Veto4]:403.851 [SgUp1]:59073 [SgUp2]:59416 [SgUp3]:0 [SgUp4]:0 [SgLow1]:58967 [SgLow2]:59320 [SgLow3]:0 [SgLow4]:0 [NetMuon1]:447475 [NetMuon2]:446672 [NetMuon3]:475453 [NetMuon4]:475453
[Run]:36915 [Site]:2 [Bin]:9357 [FullTime]:3600 [SkipTime]:0 [Veto1]:606.001 [Veto2]:616.698 [Veto3]:404.226 [Veto4]:404.226 [SgUp1]:59033 [SgUp2]:59463 [SgUp3]:0 [SgUp4]:0 [SgLow1]:58934 [SgLow2]:59361 [SgLow3]:0 [SgLow4]:0 [NetMuon1]:445869 [NetMuon2]:444230 [NetMuon3]:475756 [NetMuon4]:475756
[Run]:36915 [Site]:2 [Bin]:9358 [FullTime]:3600 [SkipTime]:0 [Veto1]:586.139 [Veto2]:587.775 [Veto3]:404.371 [Veto4]:404.371 [SgUp1]:59614 [SgUp2]:59565 [SgUp3]:0 [SgUp4]:0 [SgLow1]:59517 [SgLow2]:59459 [SgLow3]:0 [SgLow4]:0 [NetMuon1]:448637 [NetMuon2]:448092 [NetMuon3]:475616 [NetMuon4]:475616
[Run]:36915 [Site]:2 [Bin]:9359 [FullTime]:3600 [SkipTime]:0 [Veto1]:576.342 [Veto2]:603.441 [Veto3]:404.582 [Veto4]:404.582 [SgUp1]:59833 [SgUp2]:59229 [SgUp3]:0 [SgUp4]:0 [SgLow1]:59748 [SgLow2]:59122 [SgLow3]:0 [SgLow4]:0 [NetMuon1]:450656 [NetMuon2]:446805 [NetMuon3]:476252 [NetMuon4]:476252
[Run]:36915 [Site]:2 [Bin]:9360 [FullTime]:3600 [SkipTime]:0 [Veto1]:588.665 [Veto2]:612.126 [Veto3]:403.403 [Veto4]:403.403 [SgUp1]:58899 [SgUp2]:59344 [SgUp3]:0 [SgUp4]:0 [SgLow1]:58796 [SgLow2]:59243 [SgLow3]:0 [SgLow4]:0 [NetMuon1]:447425 [NetMuon2]:443981 [NetMuon3]:474896 [NetMuon4]:474896
End process Run: 36915 ... 
[Run]:36915 [Site]:2 [Bin]:9361 [FullTime]:1458.05 [SkipTime]:0 [Veto1]:230.077 [Veto2]:223.762 [Veto3]:164.216 [Veto4]:164.216
