StreamChain add 0xeb157f0
Start to process run: 36005 ... 
[Run]:36005 [Site]:2 [Bin]:8497 [FullTime]:2294.87 [SkipTime]:0 [Veto1]:394.955 [Veto2]:379.949 [Veto3]:258.515 [Veto4]:258.515 [SgUp1]:37553 [SgUp2]:37476 [SgUp3]:0 [SgUp4]:0 [SgLow1]:37502 [SgLow2]:37420 [SgLow3]:0 [SgLow4]:0 [NetMuon1]:284181 [NetMuon2]:286366 [NetMuon3]:304469 [NetMuon4]:304469
[Run]:36005 [Site]:2 [Bin]:8498 [FullTime]:3600 [SkipTime]:0 [Veto1]:593.921 [Veto2]:610.828 [Veto3]:405.346 [Veto4]:405.346 [SgUp1]:59616 [SgUp2]:58885 [SgUp3]:0 [SgUp4]:0 [SgLow1]:59536 [SgLow2]:58790 [SgLow3]:0 [SgLow4]:0 [NetMuon1]:449023 [NetMuon2]:446076 [NetMuon3]:477140 [NetMuon4]:477140
[Run]:36005 [Site]:2 [Bin]:8499 [FullTime]:3600 [SkipTime]:0 [Veto1]:607.414 [Veto2]:606.523 [Veto3]:405.25 [Veto4]:405.25 [SgUp1]:59071 [SgUp2]:58653 [SgUp3]:0 [SgUp4]:0 [SgLow1]:58983 [SgLow2]:58568 [SgLow3]:0 [SgLow4]:0 [NetMuon1]:446999 [NetMuon2]:446963 [NetMuon3]:477014 [NetMuon4]:477014
[Run]:36005 [Site]:2 [Bin]:8500 [FullTime]:3600 [SkipTime]:0 [Veto1]:594.405 [Veto2]:596.371 [Veto3]:405.061 [Veto4]:405.061 [SgUp1]:59560 [SgUp2]:58655 [SgUp3]:0 [SgUp4]:0 [SgLow1]:59492 [SgLow2]:58584 [SgLow3]:0 [SgLow4]:0 [NetMuon1]:448369 [NetMuon2]:448256 [NetMuon3]:476857 [NetMuon4]:476857
[Run]:36005 [Site]:2 [Bin]:8501 [FullTime]:3600 [SkipTime]:0 [Veto1]:598.322 [Veto2]:610.615 [Veto3]:404.772 [Veto4]:404.772 [SgUp1]:59420 [SgUp2]:58630 [SgUp3]:0 [SgUp4]:0 [SgLow1]:59327 [SgLow2]:58543 [SgLow3]:0 [SgLow4]:0 [NetMuon1]:447303 [NetMuon2]:445381 [NetMuon3]:476153 [NetMuon4]:476153
[Run]:36005 [Site]:2 [Bin]:8502 [FullTime]:3600 [SkipTime]:0 [Veto1]:599.95 [Veto2]:612.04 [Veto3]:405.362 [Veto4]:405.362 [SgUp1]:58937 [SgUp2]:59012 [SgUp3]:0 [SgUp4]:0 [SgLow1]:58877 [SgLow2]:58924 [SgLow3]:0 [SgLow4]:0 [NetMuon1]:447850 [NetMuon2]:445865 [NetMuon3]:476941 [NetMuon4]:476941
[Run]:36005 [Site]:2 [Bin]:8503 [FullTime]:3600 [SkipTime]:0 [Veto1]:621.378 [Veto2]:600.63 [Veto3]:404.961 [Veto4]:404.961 [SgUp1]:59014 [SgUp2]:59219 [SgUp3]:0 [SgUp4]:0 [SgLow1]:58911 [SgLow2]:59146 [SgLow3]:0 [SgLow4]:0 [NetMuon1]:443811 [NetMuon2]:446966 [NetMuon3]:476415 [NetMuon4]:476415
[Run]:36005 [Site]:2 [Bin]:8504 [FullTime]:3600 [SkipTime]:0 [Veto1]:602.387 [Veto2]:603.992 [Veto3]:405.762 [Veto4]:405.762 [SgUp1]:59078 [SgUp2]:58272 [SgUp3]:0 [SgUp4]:0 [SgLow1]:58996 [SgLow2]:58178 [SgLow3]:0 [SgLow4]:0 [NetMuon1]:448189 [NetMuon2]:447841 [NetMuon3]:477592 [NetMuon4]:477592
[Run]:36005 [Site]:2 [Bin]:8505 [FullTime]:3600 [SkipTime]:0 [Veto1]:587.469 [Veto2]:600.256 [Veto3]:405.311 [Veto4]:405.311 [SgUp1]:59893 [SgUp2]:58729 [SgUp3]:0 [SgUp4]:0 [SgLow1]:59792 [SgLow2]:58642 [SgLow3]:0 [SgLow4]:0 [NetMuon1]:450054 [NetMuon2]:448222 [NetMuon3]:477313 [NetMuon4]:477313
[Run]:36005 [Site]:2 [Bin]:8506 [FullTime]:3600 [SkipTime]:0 [Veto1]:597.894 [Veto2]:611.693 [Veto3]:405.699 [Veto4]:405.699 [SgUp1]:59590 [SgUp2]:58581 [SgUp3]:0 [SgUp4]:0 [SgLow1]:59499 [SgLow2]:58496 [SgLow3]:0 [SgLow4]:0 [NetMuon1]:448642 [NetMuon2]:446297 [NetMuon3]:477266 [NetMuon4]:477266
[Run]:36005 [Site]:2 [Bin]:8507 [FullTime]:3600 [SkipTime]:0 [Veto1]:603.4 [Veto2]:594.102 [Veto3]:404.295 [Veto4]:404.295 [SgUp1]:58847 [SgUp2]:58498 [SgUp3]:0 [SgUp4]:0 [SgLow1]:58773 [SgLow2]:58420 [SgLow3]:0 [SgLow4]:0 [NetMuon1]:446298 [NetMuon2]:447598 [NetMuon3]:475865 [NetMuon4]:475865
[Run]:36005 [Site]:2 [Bin]:8508 [FullTime]:3600 [SkipTime]:0 [Veto1]:600.161 [Veto2]:607.863 [Veto3]:404.653 [Veto4]:404.653 [SgUp1]:59240 [SgUp2]:58843 [SgUp3]:0 [SgUp4]:0 [SgLow1]:59157 [SgLow2]:58765 [SgLow3]:0 [SgLow4]:0 [NetMuon1]:446854 [NetMuon2]:445887 [NetMuon3]:476198 [NetMuon4]:476198
[Run]:36005 [Site]:2 [Bin]:8509 [FullTime]:3600 [SkipTime]:0 [Veto1]:621.601 [Veto2]:600.503 [Veto3]:405.83 [Veto4]:405.83 [SgUp1]:58818 [SgUp2]:58953 [SgUp3]:0 [SgUp4]:0 [SgLow1]:58718 [SgLow2]:58875 [SgLow3]:0 [SgLow4]:0 [NetMuon1]:445641 [NetMuon2]:448560 [NetMuon3]:477590 [NetMuon4]:477590
[Run]:36005 [Site]:2 [Bin]:8510 [FullTime]:3600.01 [SkipTime]:0 [Veto1]:586.834 [Veto2]:581.116 [Veto3]:405.796 [Veto4]:405.796 [SgUp1]:59469 [SgUp2]:59471 [SgUp3]:0 [SgUp4]:0 [SgLow1]:59368 [SgLow2]:59362 [SgLow3]:0 [SgLow4]:0 [NetMuon1]:450637 [NetMuon2]:451654 [NetMuon3]:477672 [NetMuon4]:477672
[Run]:36005 [Site]:2 [Bin]:8511 [FullTime]:3600 [SkipTime]:0 [Veto1]:615.156 [Veto2]:601.379 [Veto3]:406.293 [Veto4]:406.293 [SgUp1]:58588 [SgUp2]:59188 [SgUp3]:0 [SgUp4]:0 [SgLow1]:58475 [SgLow2]:59106 [SgLow3]:0 [SgLow4]:0 [NetMuon1]:446921 [NetMuon2]:449117 [NetMuon3]:478173 [NetMuon4]:478173
[Run]:36005 [Site]:2 [Bin]:8512 [FullTime]:3600 [SkipTime]:0 [Veto1]:616.838 [Veto2]:601.951 [Veto3]:406.041 [Veto4]:406.041 [SgUp1]:58871 [SgUp2]:58877 [SgUp3]:0 [SgUp4]:0 [SgLow1]:58787 [SgLow2]:58802 [SgLow3]:0 [SgLow4]:0 [NetMuon1]:445847 [NetMuon2]:448174 [NetMuon3]:477481 [NetMuon4]:477481
[Run]:36005 [Site]:2 [Bin]:8513 [FullTime]:3600 [SkipTime]:0 [Veto1]:611.658 [Veto2]:591.43 [Veto3]:405.729 [Veto4]:405.729 [SgUp1]:59015 [SgUp2]:58800 [SgUp3]:0 [SgUp4]:0 [SgLow1]:58935 [SgLow2]:58716 [SgLow3]:0 [SgLow4]:0 [NetMuon1]:446376 [NetMuon2]:449848 [NetMuon3]:477436 [NetMuon4]:477436
[Run]:36005 [Site]:2 [Bin]:8514 [FullTime]:3600 [SkipTime]:0 [Veto1]:604.449 [Veto2]:606.905 [Veto3]:405.311 [Veto4]:405.311 [SgUp1]:59137 [SgUp2]:58567 [SgUp3]:0 [SgUp4]:0 [SgLow1]:59044 [SgLow2]:58488 [SgLow3]:0 [SgLow4]:0 [NetMuon1]:447403 [NetMuon2]:446873 [NetMuon3]:477122 [NetMuon4]:477122
[Run]:36005 [Site]:2 [Bin]:8515 [FullTime]:3600 [SkipTime]:0 [Veto1]:577.63 [Veto2]:583.577 [Veto3]:404.885 [Veto4]:404.885 [SgUp1]:59629 [SgUp2]:59385 [SgUp3]:0 [SgUp4]:0 [SgLow1]:59525 [SgLow2]:59288 [SgLow3]:0 [SgLow4]:0 [NetMuon1]:451089 [NetMuon2]:450276 [NetMuon3]:476634 [NetMuon4]:476634
[Run]:36005 [Site]:2 [Bin]:8516 [FullTime]:3600 [SkipTime]:0 [Veto1]:591.176 [Veto2]:593.592 [Veto3]:404.822 [Veto4]:404.822 [SgUp1]:59146 [SgUp2]:59095 [SgUp3]:0 [SgUp4]:0 [SgLow1]:59046 [SgLow2]:58998 [SgLow3]:0 [SgLow4]:0 [NetMuon1]:448526 [NetMuon2]:448055 [NetMuon3]:476389 [NetMuon4]:476389
[Run]:36005 [Site]:2 [Bin]:8517 [FullTime]:3600 [SkipTime]:0 [Veto1]:586.299 [Veto2]:606.691 [Veto3]:404.977 [Veto4]:404.977 [SgUp1]:59438 [SgUp2]:59625 [SgUp3]:0 [SgUp4]:0 [SgLow1]:59314 [SgLow2]:59539 [SgLow3]:0 [SgLow4]:0 [NetMuon1]:449364 [NetMuon2]:446154 [NetMuon3]:476287 [NetMuon4]:476287
[Run]:36005 [Site]:2 [Bin]:8518 [FullTime]:3600 [SkipTime]:0 [Veto1]:591.775 [Veto2]:600.753 [Veto3]:405.065 [Veto4]:405.065 [SgUp1]:59037 [SgUp2]:59573 [SgUp3]:0 [SgUp4]:0 [SgLow1]:58952 [SgLow2]:59473 [SgLow3]:0 [SgLow4]:0 [NetMuon1]:448551 [NetMuon2]:447040 [NetMuon3]:476413 [NetMuon4]:476413
[Run]:36005 [Site]:2 [Bin]:8519 [FullTime]:3600 [SkipTime]:0 [Veto1]:599.029 [Veto2]:592.318 [Veto3]:403.669 [Veto4]:403.669 [SgUp1]:59011 [SgUp2]:59300 [SgUp3]:0 [SgUp4]:0 [SgLow1]:58914 [SgLow2]:59222 [SgLow3]:0 [SgLow4]:0 [NetMuon1]:446393 [NetMuon2]:447525 [NetMuon3]:475316 [NetMuon4]:475316
[Run]:36005 [Site]:2 [Bin]:8520 [FullTime]:3600 [SkipTime]:0 [Veto1]:593.841 [Veto2]:594.563 [Veto3]:404.591 [Veto4]:404.591 [SgUp1]:59481 [SgUp2]:59299 [SgUp3]:0 [SgUp4]:0 [SgLow1]:59396 [SgLow2]:59195 [SgLow3]:0 [SgLow4]:0 [NetMuon1]:448576 [NetMuon2]:448174 [NetMuon3]:476418 [NetMuon4]:476418
[Run]:36005 [Site]:2 [Bin]:8521 [FullTime]:3600 [SkipTime]:0 [Veto1]:616.995 [Veto2]:603.936 [Veto3]:403.517 [Veto4]:403.517 [SgUp1]:58723 [SgUp2]:59151 [SgUp3]:0 [SgUp4]:0 [SgLow1]:58626 [SgLow2]:59052 [SgLow3]:0 [SgLow4]:0 [NetMuon1]:443422 [NetMuon2]:445337 [NetMuon3]:474991 [NetMuon4]:474991
[Run]:36005 [Site]:2 [Bin]:8522 [FullTime]:3600.01 [SkipTime]:0 [Veto1]:614.715 [Veto2]:616.432 [Veto3]:404.574 [Veto4]:404.574 [SgUp1]:58568 [SgUp2]:58764 [SgUp3]:0 [SgUp4]:0 [SgLow1]:58492 [SgLow2]:58680 [SgLow3]:0 [SgLow4]:0 [NetMuon1]:444643 [NetMuon2]:444610 [NetMuon3]:476150 [NetMuon4]:476150
[Run]:36005 [Site]:2 [Bin]:8523 [FullTime]:3599.99 [SkipTime]:0 [Veto1]:578.633 [Veto2]:593.114 [Veto3]:403.869 [Veto4]:403.869 [SgUp1]:59711 [SgUp2]:59679 [SgUp3]:0 [SgUp4]:0 [SgLow1]:59620 [SgLow2]:59585 [SgLow3]:0 [SgLow4]:0 [NetMuon1]:449404 [NetMuon2]:447306 [NetMuon3]:475441 [NetMuon4]:475441
[Run]:36005 [Site]:2 [Bin]:8524 [FullTime]:3600 [SkipTime]:0 [Veto1]:599.582 [Veto2]:581.405 [Veto3]:405.143 [Veto4]:405.143 [SgUp1]:59104 [SgUp2]:59270 [SgUp3]:0 [SgUp4]:0 [SgLow1]:59026 [SgLow2]:59172 [SgLow3]:0 [SgLow4]:0 [NetMuon1]:447618 [NetMuon2]:450155 [NetMuon3]:476732 [NetMuon4]:476732
[Run]:36005 [Site]:2 [Bin]:8525 [FullTime]:3600 [SkipTime]:0 [Veto1]:591.265 [Veto2]:595.358 [Veto3]:405.067 [Veto4]:405.067 [SgUp1]:59438 [SgUp2]:59401 [SgUp3]:0 [SgUp4]:0 [SgLow1]:59346 [SgLow2]:59312 [SgLow3]:0 [SgLow4]:0 [NetMuon1]:449024 [NetMuon2]:448464 [NetMuon3]:476805 [NetMuon4]:476805
[Run]:36005 [Site]:2 [Bin]:8526 [FullTime]:3600 [SkipTime]:0 [Veto1]:592.895 [Veto2]:601.778 [Veto3]:405.038 [Veto4]:405.038 [SgUp1]:58872 [SgUp2]:59007 [SgUp3]:0 [SgUp4]:0 [SgLow1]:58747 [SgLow2]:58936 [SgLow3]:0 [SgLow4]:0 [NetMuon1]:448411 [NetMuon2]:447537 [NetMuon3]:476699 [NetMuon4]:476699
[Run]:36005 [Site]:2 [Bin]:8527 [FullTime]:3600 [SkipTime]:0 [Veto1]:598.269 [Veto2]:599.631 [Veto3]:405.3 [Veto4]:405.3 [SgUp1]:58858 [SgUp2]:59341 [SgUp3]:0 [SgUp4]:0 [SgLow1]:58747 [SgLow2]:59278 [SgLow3]:0 [SgLow4]:0 [NetMuon1]:448132 [NetMuon2]:448108 [NetMuon3]:476939 [NetMuon4]:476939
[Run]:36005 [Site]:2 [Bin]:8528 [FullTime]:3600 [SkipTime]:0 [Veto1]:595.022 [Veto2]:586.731 [Veto3]:405.508 [Veto4]:405.508 [SgUp1]:58273 [SgUp2]:59379 [SgUp3]:0 [SgUp4]:0 [SgLow1]:58203 [SgLow2]:59295 [SgLow3]:0 [SgLow4]:0 [NetMuon1]:448574 [NetMuon2]:450259 [NetMuon3]:477097 [NetMuon4]:477097
[Run]:36005 [Site]:2 [Bin]:8529 [FullTime]:3600 [SkipTime]:0 [Veto1]:584.543 [Veto2]:579.753 [Veto3]:404.919 [Veto4]:404.919 [SgUp1]:59136 [SgUp2]:59084 [SgUp3]:0 [SgUp4]:0 [SgLow1]:59062 [SgLow2]:59012 [SgLow3]:0 [SgLow4]:0 [NetMuon1]:449711 [NetMuon2]:450146 [NetMuon3]:476401 [NetMuon4]:476401
[Run]:36005 [Site]:2 [Bin]:8530 [FullTime]:3600 [SkipTime]:0 [Veto1]:628.239 [Veto2]:608.46 [Veto3]:404.827 [Veto4]:404.827 [SgUp1]:58501 [SgUp2]:59511 [SgUp3]:0 [SgUp4]:0 [SgLow1]:58401 [SgLow2]:59424 [SgLow3]:0 [SgLow4]:0 [NetMuon1]:443337 [NetMuon2]:446030 [NetMuon3]:476574 [NetMuon4]:476574
[Run]:36005 [Site]:2 [Bin]:8531 [FullTime]:3600 [SkipTime]:0 [Veto1]:615.507 [Veto2]:618.078 [Veto3]:404.977 [Veto4]:404.977 [SgUp1]:59056 [SgUp2]:58743 [SgUp3]:0 [SgUp4]:0 [SgLow1]:58990 [SgLow2]:58651 [SgLow3]:0 [SgLow4]:0 [NetMuon1]:445328 [NetMuon2]:444857 [NetMuon3]:476615 [NetMuon4]:476615
[Run]:36005 [Site]:2 [Bin]:8532 [FullTime]:3600 [SkipTime]:0 [Veto1]:592.876 [Veto2]:601.652 [Veto3]:405.398 [Veto4]:405.398 [SgUp1]:59563 [SgUp2]:59148 [SgUp3]:0 [SgUp4]:0 [SgLow1]:59469 [SgLow2]:59070 [SgLow3]:0 [SgLow4]:0 [NetMuon1]:448945 [NetMuon2]:447691 [NetMuon3]:476906 [NetMuon4]:476906
[Run]:36005 [Site]:2 [Bin]:8533 [FullTime]:3600 [SkipTime]:0 [Veto1]:607.605 [Veto2]:600.74 [Veto3]:405.873 [Veto4]:405.873 [SgUp1]:58431 [SgUp2]:59449 [SgUp3]:0 [SgUp4]:0 [SgLow1]:58356 [SgLow2]:59368 [SgLow3]:0 [SgLow4]:0 [NetMuon1]:447428 [NetMuon2]:448397 [NetMuon3]:477322 [NetMuon4]:477322
[Run]:36005 [Site]:2 [Bin]:8534 [FullTime]:3600 [SkipTime]:0 [Veto1]:607.816 [Veto2]:605.471 [Veto3]:406.191 [Veto4]:406.191 [SgUp1]:58332 [SgUp2]:59149 [SgUp3]:0 [SgUp4]:0 [SgLow1]:58236 [SgLow2]:59074 [SgLow3]:0 [SgLow4]:0 [NetMuon1]:447919 [NetMuon2]:447991 [NetMuon3]:477900 [NetMuon4]:477900
[Run]:36005 [Site]:2 [Bin]:8535 [FullTime]:3600 [SkipTime]:0 [Veto1]:572.786 [Veto2]:586.694 [Veto3]:405.527 [Veto4]:405.527 [SgUp1]:59801 [SgUp2]:60018 [SgUp3]:0 [SgUp4]:0 [SgLow1]:59724 [SgLow2]:59925 [SgLow3]:0 [SgLow4]:0 [NetMuon1]:451717 [NetMuon2]:450021 [NetMuon3]:476874 [NetMuon4]:476874
[Run]:36005 [Site]:2 [Bin]:8536 [FullTime]:3600 [SkipTime]:0 [Veto1]:629.663 [Veto2]:596.611 [Veto3]:405.146 [Veto4]:405.146 [SgUp1]:58256 [SgUp2]:59903 [SgUp3]:0 [SgUp4]:0 [SgLow1]:58168 [SgLow2]:59797 [SgLow3]:0 [SgLow4]:0 [NetMuon1]:442696 [NetMuon2]:448242 [NetMuon3]:476515 [NetMuon4]:476515
[Run]:36005 [Site]:2 [Bin]:8537 [FullTime]:3600 [SkipTime]:0 [Veto1]:609.74 [Veto2]:586.773 [Veto3]:405.357 [Veto4]:405.357 [SgUp1]:58888 [SgUp2]:60003 [SgUp3]:0 [SgUp4]:0 [SgLow1]:58797 [SgLow2]:59900 [SgLow3]:0 [SgLow4]:0 [NetMuon1]:446741 [NetMuon2]:449847 [NetMuon3]:477120 [NetMuon4]:477120
[Run]:36005 [Site]:2 [Bin]:8538 [FullTime]:3600 [SkipTime]:0 [Veto1]:606.802 [Veto2]:603.432 [Veto3]:405.751 [Veto4]:405.751 [SgUp1]:58852 [SgUp2]:59867 [SgUp3]:0 [SgUp4]:0 [SgLow1]:58762 [SgLow2]:59781 [SgLow3]:0 [SgLow4]:0 [NetMuon1]:446935 [NetMuon2]:448014 [NetMuon3]:477376 [NetMuon4]:477376
[Run]:36005 [Site]:2 [Bin]:8539 [FullTime]:3600 [SkipTime]:0 [Veto1]:582.992 [Veto2]:605.766 [Veto3]:404.6 [Veto4]:404.6 [SgUp1]:59405 [SgUp2]:59894 [SgUp3]:0 [SgUp4]:0 [SgLow1]:59315 [SgLow2]:59810 [SgLow3]:0 [SgLow4]:0 [NetMuon1]:449524 [NetMuon2]:446054 [NetMuon3]:476141 [NetMuon4]:476141
[Run]:36005 [Site]:2 [Bin]:8540 [FullTime]:3600 [SkipTime]:0 [Veto1]:594.38 [Veto2]:617.506 [Veto3]:405.024 [Veto4]:405.024 [SgUp1]:59257 [SgUp2]:59643 [SgUp3]:0 [SgUp4]:0 [SgLow1]:59161 [SgLow2]:59584 [SgLow3]:0 [SgLow4]:0 [NetMuon1]:448718 [NetMuon2]:444860 [NetMuon3]:476776 [NetMuon4]:476776
[Run]:36005 [Site]:2 [Bin]:8541 [FullTime]:3600 [SkipTime]:0 [Veto1]:593.568 [Veto2]:580.828 [Veto3]:405.831 [Veto4]:405.831 [SgUp1]:59503 [SgUp2]:60060 [SgUp3]:0 [SgUp4]:0 [SgLow1]:59429 [SgLow2]:59973 [SgLow3]:0 [SgLow4]:0 [NetMuon1]:449485 [NetMuon2]:451398 [NetMuon3]:477795 [NetMuon4]:477795
[Run]:36005 [Site]:2 [Bin]:8542 [FullTime]:3600 [SkipTime]:0 [Veto1]:603.441 [Veto2]:596.484 [Veto3]:404.4 [Veto4]:404.4 [SgUp1]:59040 [SgUp2]:59878 [SgUp3]:0 [SgUp4]:0 [SgLow1]:58959 [SgLow2]:59805 [SgLow3]:0 [SgLow4]:0 [NetMuon1]:446313 [NetMuon2]:447268 [NetMuon3]:475837 [NetMuon4]:475837
[Run]:36005 [Site]:2 [Bin]:8543 [FullTime]:3600 [SkipTime]:0 [Veto1]:618.073 [Veto2]:594.451 [Veto3]:403.988 [Veto4]:403.988 [SgUp1]:58884 [SgUp2]:59615 [SgUp3]:0 [SgUp4]:0 [SgLow1]:58797 [SgLow2]:59539 [SgLow3]:0 [SgLow4]:0 [NetMuon1]:443814 [NetMuon2]:447446 [NetMuon3]:475622 [NetMuon4]:475622
[Run]:36005 [Site]:2 [Bin]:8544 [FullTime]:3600 [SkipTime]:0 [Veto1]:587.301 [Veto2]:628.865 [Veto3]:402.844 [Veto4]:402.844 [SgUp1]:59097 [SgUp2]:59383 [SgUp3]:0 [SgUp4]:0 [SgLow1]:58998 [SgLow2]:59290 [SgLow3]:0 [SgLow4]:0 [NetMuon1]:446656 [NetMuon2]:440343 [NetMuon3]:473937 [NetMuon4]:473937
[Run]:36005 [Site]:2 [Bin]:8545 [FullTime]:3600 [SkipTime]:0 [Veto1]:601.441 [Veto2]:619.914 [Veto3]:405.339 [Veto4]:405.339 [SgUp1]:59031 [SgUp2]:59254 [SgUp3]:0 [SgUp4]:0 [SgLow1]:58924 [SgLow2]:59174 [SgLow3]:0 [SgLow4]:0 [NetMuon1]:447658 [NetMuon2]:444936 [NetMuon3]:477143 [NetMuon4]:477143
End process Run: 36005 ... 
[Run]:36005 [Site]:2 [Bin]:8546 [FullTime]:1224.72 [SkipTime]:0 [Veto1]:209.49 [Veto2]:199.727 [Veto3]:138.017 [Veto4]:138.017
