StreamChain add 0x1f7717f0
Start to process run: 37354 ... 
[Run]:37354 [Site]:2 [Bin]:9841 [FullTime]:2818.57 [SkipTime]:0 [Veto1]:468.097 [Veto2]:490.232 [Veto3]:318 [Veto4]:318 [SgUp1]:46075 [SgUp2]:46110 [SgUp3]:0 [SgUp4]:0 [SgLow1]:45999 [SgLow2]:46046 [SgLow3]:0 [SgLow4]:0 [NetMuon1]:351560 [NetMuon2]:348342 [NetMuon3]:373944 [NetMuon4]:373944
[Run]:37354 [Site]:2 [Bin]:9842 [FullTime]:3600.01 [SkipTime]:0 [Veto1]:595.512 [Veto2]:602.858 [Veto3]:405.674 [Veto4]:405.674 [SgUp1]:58869 [SgUp2]:59132 [SgUp3]:0 [SgUp4]:0 [SgLow1]:58764 [SgLow2]:59057 [SgLow3]:0 [SgLow4]:0 [NetMuon1]:448817 [NetMuon2]:447980 [NetMuon3]:477316 [NetMuon4]:477316
[Run]:37354 [Site]:2 [Bin]:9843 [FullTime]:3599.99 [SkipTime]:0 [Veto1]:578.885 [Veto2]:605.363 [Veto3]:405.634 [Veto4]:405.634 [SgUp1]:59446 [SgUp2]:59010 [SgUp3]:0 [SgUp4]:0 [SgLow1]:59351 [SgLow2]:58904 [SgLow3]:0 [SgLow4]:0 [NetMuon1]:451444 [NetMuon2]:447229 [NetMuon3]:477210 [NetMuon4]:477210
[Run]:37354 [Site]:2 [Bin]:9844 [FullTime]:3600 [SkipTime]:0 [Veto1]:622.914 [Veto2]:596.423 [Veto3]:404.83 [Veto4]:404.83 [SgUp1]:58595 [SgUp2]:59129 [SgUp3]:0 [SgUp4]:0 [SgLow1]:58482 [SgLow2]:59058 [SgLow3]:0 [SgLow4]:0 [NetMuon1]:443838 [NetMuon2]:447705 [NetMuon3]:476414 [NetMuon4]:476414
[Run]:37354 [Site]:2 [Bin]:9845 [FullTime]:3600 [SkipTime]:0 [Veto1]:593.881 [Veto2]:597.207 [Veto3]:404.998 [Veto4]:404.998 [SgUp1]:59741 [SgUp2]:59304 [SgUp3]:0 [SgUp4]:0 [SgLow1]:59640 [SgLow2]:59222 [SgLow3]:0 [SgLow4]:0 [NetMuon1]:448452 [NetMuon2]:448053 [NetMuon3]:476654 [NetMuon4]:476654
[Run]:37354 [Site]:2 [Bin]:9846 [FullTime]:3599.99 [SkipTime]:0 [Veto1]:603.3 [Veto2]:586.05 [Veto3]:404.881 [Veto4]:404.881 [SgUp1]:58615 [SgUp2]:59699 [SgUp3]:0 [SgUp4]:0 [SgLow1]:58557 [SgLow2]:59621 [SgLow3]:0 [SgLow4]:0 [NetMuon1]:446827 [NetMuon2]:449502 [NetMuon3]:476513 [NetMuon4]:476513
[Run]:37354 [Site]:2 [Bin]:9847 [FullTime]:3600 [SkipTime]:0 [Veto1]:590.146 [Veto2]:600.419 [Veto3]:404.291 [Veto4]:404.291 [SgUp1]:59532 [SgUp2]:59574 [SgUp3]:0 [SgUp4]:0 [SgLow1]:59424 [SgLow2]:59518 [SgLow3]:0 [SgLow4]:0 [NetMuon1]:448422 [NetMuon2]:446823 [NetMuon3]:476006 [NetMuon4]:476006
[Run]:37354 [Site]:2 [Bin]:9848 [FullTime]:3600 [SkipTime]:0 [Veto1]:596.642 [Veto2]:593.206 [Veto3]:404.823 [Veto4]:404.823 [SgUp1]:59660 [SgUp2]:59797 [SgUp3]:0 [SgUp4]:0 [SgLow1]:59594 [SgLow2]:59727 [SgLow3]:0 [SgLow4]:0 [NetMuon1]:447939 [NetMuon2]:448188 [NetMuon3]:476398 [NetMuon4]:476398
[Run]:37354 [Site]:2 [Bin]:9849 [FullTime]:3600 [SkipTime]:0 [Veto1]:628.909 [Veto2]:599.93 [Veto3]:405.11 [Veto4]:405.11 [SgUp1]:58487 [SgUp2]:60342 [SgUp3]:0 [SgUp4]:0 [SgLow1]:58397 [SgLow2]:60271 [SgLow3]:0 [SgLow4]:0 [NetMuon1]:443338 [NetMuon2]:447864 [NetMuon3]:476674 [NetMuon4]:476674
[Run]:37354 [Site]:2 [Bin]:9850 [FullTime]:3600 [SkipTime]:0 [Veto1]:603.802 [Veto2]:596.587 [Veto3]:405.41 [Veto4]:405.41 [SgUp1]:58847 [SgUp2]:59882 [SgUp3]:0 [SgUp4]:0 [SgLow1]:58753 [SgLow2]:59797 [SgLow3]:0 [SgLow4]:0 [NetMuon1]:447256 [NetMuon2]:448134 [NetMuon3]:476840 [NetMuon4]:476840
[Run]:37354 [Site]:2 [Bin]:9851 [FullTime]:3600 [SkipTime]:0 [Veto1]:621.986 [Veto2]:626.86 [Veto3]:405.383 [Veto4]:405.383 [SgUp1]:58750 [SgUp2]:59239 [SgUp3]:0 [SgUp4]:0 [SgLow1]:58647 [SgLow2]:59173 [SgLow3]:0 [SgLow4]:0 [NetMuon1]:445035 [NetMuon2]:444163 [NetMuon3]:477242 [NetMuon4]:477242
[Run]:37354 [Site]:2 [Bin]:9852 [FullTime]:3600 [SkipTime]:0 [Veto1]:586.47 [Veto2]:611.223 [Veto3]:404.896 [Veto4]:404.896 [SgUp1]:59238 [SgUp2]:59647 [SgUp3]:0 [SgUp4]:0 [SgLow1]:59152 [SgLow2]:59559 [SgLow3]:0 [SgLow4]:0 [NetMuon1]:449016 [NetMuon2]:445662 [NetMuon3]:476205 [NetMuon4]:476205
[Run]:37354 [Site]:2 [Bin]:9853 [FullTime]:3600 [SkipTime]:0 [Veto1]:602.211 [Veto2]:580.747 [Veto3]:405.268 [Veto4]:405.268 [SgUp1]:59332 [SgUp2]:59953 [SgUp3]:0 [SgUp4]:0 [SgLow1]:59244 [SgLow2]:59865 [SgLow3]:0 [SgLow4]:0 [NetMuon1]:447413 [NetMuon2]:450379 [NetMuon3]:476891 [NetMuon4]:476891
[Run]:37354 [Site]:2 [Bin]:9854 [FullTime]:3600 [SkipTime]:0 [Veto1]:624.056 [Veto2]:596.653 [Veto3]:403.994 [Veto4]:403.994 [SgUp1]:58671 [SgUp2]:59502 [SgUp3]:0 [SgUp4]:0 [SgLow1]:58581 [SgLow2]:59410 [SgLow3]:0 [SgLow4]:0 [NetMuon1]:443152 [NetMuon2]:446555 [NetMuon3]:475425 [NetMuon4]:475425
[Run]:37354 [Site]:2 [Bin]:9855 [FullTime]:3600 [SkipTime]:0 [Veto1]:578.156 [Veto2]:584.709 [Veto3]:404.448 [Veto4]:404.448 [SgUp1]:59901 [SgUp2]:59973 [SgUp3]:0 [SgUp4]:0 [SgLow1]:59830 [SgLow2]:59900 [SgLow3]:0 [SgLow4]:0 [NetMuon1]:450321 [NetMuon2]:449344 [NetMuon3]:476218 [NetMuon4]:476218
[Run]:37354 [Site]:2 [Bin]:9856 [FullTime]:3600 [SkipTime]:0 [Veto1]:592.847 [Veto2]:592.652 [Veto3]:404.926 [Veto4]:404.926 [SgUp1]:59442 [SgUp2]:59952 [SgUp3]:0 [SgUp4]:0 [SgLow1]:59370 [SgLow2]:59886 [SgLow3]:0 [SgLow4]:0 [NetMuon1]:448751 [NetMuon2]:448689 [NetMuon3]:476519 [NetMuon4]:476519
[Run]:37354 [Site]:2 [Bin]:9857 [FullTime]:3600 [SkipTime]:0 [Veto1]:575.57 [Veto2]:610.767 [Veto3]:404.912 [Veto4]:404.912 [SgUp1]:59919 [SgUp2]:59306 [SgUp3]:0 [SgUp4]:0 [SgLow1]:59814 [SgLow2]:59225 [SgLow3]:0 [SgLow4]:0 [NetMuon1]:450527 [NetMuon2]:445035 [NetMuon3]:476101 [NetMuon4]:476101
[Run]:37354 [Site]:2 [Bin]:9858 [FullTime]:3600 [SkipTime]:0 [Veto1]:622.202 [Veto2]:584.747 [Veto3]:403.93 [Veto4]:403.93 [SgUp1]:58335 [SgUp2]:59818 [SgUp3]:0 [SgUp4]:0 [SgLow1]:58236 [SgLow2]:59734 [SgLow3]:0 [SgLow4]:0 [NetMuon1]:442982 [NetMuon2]:448461 [NetMuon3]:475463 [NetMuon4]:475463
[Run]:37354 [Site]:2 [Bin]:9859 [FullTime]:3600 [SkipTime]:0 [Veto1]:604.779 [Veto2]:588.705 [Veto3]:403.969 [Veto4]:403.969 [SgUp1]:59020 [SgUp2]:60050 [SgUp3]:0 [SgUp4]:0 [SgLow1]:58950 [SgLow2]:59969 [SgLow3]:0 [SgLow4]:0 [NetMuon1]:446087 [NetMuon2]:448161 [NetMuon3]:475691 [NetMuon4]:475691
[Run]:37354 [Site]:2 [Bin]:9860 [FullTime]:3600 [SkipTime]:0 [Veto1]:584.675 [Veto2]:592.824 [Veto3]:404.994 [Veto4]:404.994 [SgUp1]:59607 [SgUp2]:60179 [SgUp3]:0 [SgUp4]:0 [SgLow1]:59522 [SgLow2]:60076 [SgLow3]:0 [SgLow4]:0 [NetMuon1]:449866 [NetMuon2]:448807 [NetMuon3]:476717 [NetMuon4]:476717
[Run]:37354 [Site]:2 [Bin]:9861 [FullTime]:3600 [SkipTime]:0 [Veto1]:605.374 [Veto2]:580.274 [Veto3]:402.807 [Veto4]:402.807 [SgUp1]:58476 [SgUp2]:59780 [SgUp3]:0 [SgUp4]:0 [SgLow1]:58408 [SgLow2]:59714 [SgLow3]:0 [SgLow4]:0 [NetMuon1]:444068 [NetMuon2]:447722 [NetMuon3]:474105 [NetMuon4]:474105
[Run]:37354 [Site]:2 [Bin]:9862 [FullTime]:3600 [SkipTime]:0 [Veto1]:594.686 [Veto2]:601.244 [Veto3]:404.995 [Veto4]:404.995 [SgUp1]:59433 [SgUp2]:59665 [SgUp3]:0 [SgUp4]:0 [SgLow1]:59348 [SgLow2]:59578 [SgLow3]:0 [SgLow4]:0 [NetMuon1]:448334 [NetMuon2]:447211 [NetMuon3]:476724 [NetMuon4]:476724
[Run]:37354 [Site]:2 [Bin]:9863 [FullTime]:3600 [SkipTime]:0 [Veto1]:607.976 [Veto2]:611.555 [Veto3]:404.409 [Veto4]:404.409 [SgUp1]:59099 [SgUp2]:59232 [SgUp3]:0 [SgUp4]:0 [SgLow1]:59020 [SgLow2]:59146 [SgLow3]:0 [SgLow4]:0 [NetMuon1]:445701 [NetMuon2]:445171 [NetMuon3]:475931 [NetMuon4]:475931
[Run]:37354 [Site]:2 [Bin]:9864 [FullTime]:3600 [SkipTime]:0 [Veto1]:584.1 [Veto2]:585.932 [Veto3]:405.109 [Veto4]:405.109 [SgUp1]:59559 [SgUp2]:60180 [SgUp3]:0 [SgUp4]:0 [SgLow1]:59457 [SgLow2]:60102 [SgLow3]:0 [SgLow4]:0 [NetMuon1]:450280 [NetMuon2]:449925 [NetMuon3]:476752 [NetMuon4]:476752
[Run]:37354 [Site]:2 [Bin]:9865 [FullTime]:3600 [SkipTime]:0 [Veto1]:598.358 [Veto2]:598.274 [Veto3]:405.765 [Veto4]:405.765 [SgUp1]:59139 [SgUp2]:59611 [SgUp3]:0 [SgUp4]:0 [SgLow1]:59052 [SgLow2]:59531 [SgLow3]:0 [SgLow4]:0 [NetMuon1]:448445 [NetMuon2]:448701 [NetMuon3]:477303 [NetMuon4]:477303
[Run]:37354 [Site]:2 [Bin]:9866 [FullTime]:3600 [SkipTime]:0 [Veto1]:608.794 [Veto2]:594.556 [Veto3]:404.629 [Veto4]:404.629 [SgUp1]:58701 [SgUp2]:59692 [SgUp3]:0 [SgUp4]:0 [SgLow1]:58608 [SgLow2]:59611 [SgLow3]:0 [SgLow4]:0 [NetMuon1]:445235 [NetMuon2]:447897 [NetMuon3]:475905 [NetMuon4]:475905
[Run]:37354 [Site]:2 [Bin]:9867 [FullTime]:3600 [SkipTime]:0 [Veto1]:597.754 [Veto2]:576.965 [Veto3]:404.98 [Veto4]:404.98 [SgUp1]:59230 [SgUp2]:60053 [SgUp3]:0 [SgUp4]:0 [SgLow1]:59150 [SgLow2]:59947 [SgLow3]:0 [SgLow4]:0 [NetMuon1]:447372 [NetMuon2]:450886 [NetMuon3]:476422 [NetMuon4]:476422
[Run]:37354 [Site]:2 [Bin]:9868 [FullTime]:3600 [SkipTime]:0 [Veto1]:601.494 [Veto2]:581.138 [Veto3]:404.48 [Veto4]:404.48 [SgUp1]:58730 [SgUp2]:60057 [SgUp3]:0 [SgUp4]:0 [SgLow1]:58637 [SgLow2]:59982 [SgLow3]:0 [SgLow4]:0 [NetMuon1]:446386 [NetMuon2]:449725 [NetMuon3]:475950 [NetMuon4]:475950
[Run]:37354 [Site]:2 [Bin]:9869 [FullTime]:3600.01 [SkipTime]:0 [Veto1]:593.501 [Veto2]:592.317 [Veto3]:403.879 [Veto4]:403.879 [SgUp1]:59204 [SgUp2]:59533 [SgUp3]:0 [SgUp4]:0 [SgLow1]:59122 [SgLow2]:59443 [SgLow3]:0 [SgLow4]:0 [NetMuon1]:446965 [NetMuon2]:447463 [NetMuon3]:475276 [NetMuon4]:475276
[Run]:37354 [Site]:2 [Bin]:9870 [FullTime]:3599.99 [SkipTime]:0 [Veto1]:597.722 [Veto2]:591.779 [Veto3]:405.05 [Veto4]:405.05 [SgUp1]:58839 [SgUp2]:59404 [SgUp3]:0 [SgUp4]:0 [SgLow1]:58752 [SgLow2]:59323 [SgLow3]:0 [SgLow4]:0 [NetMuon1]:448085 [NetMuon2]:448948 [NetMuon3]:476736 [NetMuon4]:476736
[Run]:37354 [Site]:2 [Bin]:9871 [FullTime]:3600 [SkipTime]:0 [Veto1]:576.063 [Veto2]:607.643 [Veto3]:404.064 [Veto4]:404.064 [SgUp1]:59243 [SgUp2]:59090 [SgUp3]:0 [SgUp4]:0 [SgLow1]:59177 [SgLow2]:59000 [SgLow3]:0 [SgLow4]:0 [NetMuon1]:449840 [NetMuon2]:444901 [NetMuon3]:475498 [NetMuon4]:475498
[Run]:37354 [Site]:2 [Bin]:9872 [FullTime]:3600 [SkipTime]:0 [Veto1]:596.501 [Veto2]:612.669 [Veto3]:403.924 [Veto4]:403.924 [SgUp1]:59211 [SgUp2]:58959 [SgUp3]:0 [SgUp4]:0 [SgLow1]:59102 [SgLow2]:58871 [SgLow3]:0 [SgLow4]:0 [NetMuon1]:446890 [NetMuon2]:444273 [NetMuon3]:475326 [NetMuon4]:475326
[Run]:37354 [Site]:2 [Bin]:9873 [FullTime]:3600 [SkipTime]:0 [Veto1]:595.794 [Veto2]:588.537 [Veto3]:404.644 [Veto4]:404.644 [SgUp1]:59087 [SgUp2]:59359 [SgUp3]:0 [SgUp4]:0 [SgLow1]:58991 [SgLow2]:59281 [SgLow3]:0 [SgLow4]:0 [NetMuon1]:448082 [NetMuon2]:448872 [NetMuon3]:476397 [NetMuon4]:476397
[Run]:37354 [Site]:2 [Bin]:9874 [FullTime]:3600 [SkipTime]:0 [Veto1]:595.682 [Veto2]:595.402 [Veto3]:404.511 [Veto4]:404.511 [SgUp1]:59200 [SgUp2]:59605 [SgUp3]:0 [SgUp4]:0 [SgLow1]:59142 [SgLow2]:59544 [SgLow3]:0 [SgLow4]:0 [NetMuon1]:447745 [NetMuon2]:447580 [NetMuon3]:476178 [NetMuon4]:476178
[Run]:37354 [Site]:2 [Bin]:9875 [FullTime]:3600.01 [SkipTime]:0 [Veto1]:582.271 [Veto2]:580.994 [Veto3]:405.009 [Veto4]:405.009 [SgUp1]:59761 [SgUp2]:59597 [SgUp3]:0 [SgUp4]:0 [SgLow1]:59667 [SgLow2]:59530 [SgLow3]:0 [SgLow4]:0 [NetMuon1]:450112 [NetMuon2]:450474 [NetMuon3]:476756 [NetMuon4]:476756
[Run]:37354 [Site]:2 [Bin]:9876 [FullTime]:3599.99 [SkipTime]:0 [Veto1]:588.576 [Veto2]:605.596 [Veto3]:404.858 [Veto4]:404.858 [SgUp1]:59650 [SgUp2]:58816 [SgUp3]:0 [SgUp4]:0 [SgLow1]:59562 [SgLow2]:58733 [SgLow3]:0 [SgLow4]:0 [NetMuon1]:449350 [NetMuon2]:446466 [NetMuon3]:476472 [NetMuon4]:476472
[Run]:37354 [Site]:2 [Bin]:9877 [FullTime]:3600 [SkipTime]:0 [Veto1]:583.232 [Veto2]:601.502 [Veto3]:404.209 [Veto4]:404.209 [SgUp1]:59316 [SgUp2]:59438 [SgUp3]:0 [SgUp4]:0 [SgLow1]:59234 [SgLow2]:59349 [SgLow3]:0 [SgLow4]:0 [NetMuon1]:449202 [NetMuon2]:446426 [NetMuon3]:475670 [NetMuon4]:475670
[Run]:37354 [Site]:2 [Bin]:9878 [FullTime]:3600 [SkipTime]:0 [Veto1]:581.922 [Veto2]:598.276 [Veto3]:404.281 [Veto4]:404.281 [SgUp1]:59704 [SgUp2]:59523 [SgUp3]:0 [SgUp4]:0 [SgLow1]:59630 [SgLow2]:59429 [SgLow3]:0 [SgLow4]:0 [NetMuon1]:449116 [NetMuon2]:446791 [NetMuon3]:475704 [NetMuon4]:475704
[Run]:37354 [Site]:2 [Bin]:9879 [FullTime]:3600 [SkipTime]:0 [Veto1]:597.561 [Veto2]:593.034 [Veto3]:403.989 [Veto4]:403.989 [SgUp1]:59146 [SgUp2]:59631 [SgUp3]:0 [SgUp4]:0 [SgLow1]:59067 [SgLow2]:59556 [SgLow3]:0 [SgLow4]:0 [NetMuon1]:446248 [NetMuon2]:447110 [NetMuon3]:475238 [NetMuon4]:475238
[Run]:37354 [Site]:2 [Bin]:9880 [FullTime]:3600 [SkipTime]:0 [Veto1]:594.877 [Veto2]:597.665 [Veto3]:404.851 [Veto4]:404.851 [SgUp1]:59760 [SgUp2]:59573 [SgUp3]:0 [SgUp4]:0 [SgLow1]:59678 [SgLow2]:59499 [SgLow3]:0 [SgLow4]:0 [NetMuon1]:448201 [NetMuon2]:447139 [NetMuon3]:476324 [NetMuon4]:476324
[Run]:37354 [Site]:2 [Bin]:9881 [FullTime]:3600.01 [SkipTime]:0 [Veto1]:587.81 [Veto2]:619.49 [Veto3]:404.81 [Veto4]:404.81 [SgUp1]:59172 [SgUp2]:58601 [SgUp3]:0 [SgUp4]:0 [SgLow1]:59084 [SgLow2]:58527 [SgLow3]:0 [SgLow4]:0 [NetMuon1]:448867 [NetMuon2]:444310 [NetMuon3]:476226 [NetMuon4]:476226
[Run]:37354 [Site]:2 [Bin]:9882 [FullTime]:3599.99 [SkipTime]:0 [Veto1]:607.713 [Veto2]:613.984 [Veto3]:404.382 [Veto4]:404.382 [SgUp1]:59256 [SgUp2]:59002 [SgUp3]:0 [SgUp4]:0 [SgLow1]:59191 [SgLow2]:58937 [SgLow3]:0 [SgLow4]:0 [NetMuon1]:445794 [NetMuon2]:444797 [NetMuon3]:475801 [NetMuon4]:475801
[Run]:37354 [Site]:2 [Bin]:9883 [FullTime]:3600 [SkipTime]:0 [Veto1]:601.352 [Veto2]:600.938 [Veto3]:404.668 [Veto4]:404.668 [SgUp1]:58699 [SgUp2]:59284 [SgUp3]:0 [SgUp4]:0 [SgLow1]:58632 [SgLow2]:59192 [SgLow3]:0 [SgLow4]:0 [NetMuon1]:446801 [NetMuon2]:447154 [NetMuon3]:476208 [NetMuon4]:476208
[Run]:37354 [Site]:2 [Bin]:9884 [FullTime]:3600 [SkipTime]:0 [Veto1]:586.766 [Veto2]:612.8 [Veto3]:405.095 [Veto4]:405.095 [SgUp1]:59708 [SgUp2]:58854 [SgUp3]:0 [SgUp4]:0 [SgLow1]:59633 [SgLow2]:58767 [SgLow3]:0 [SgLow4]:0 [NetMuon1]:449720 [NetMuon2]:446289 [NetMuon3]:476957 [NetMuon4]:476957
[Run]:37354 [Site]:2 [Bin]:9885 [FullTime]:3600 [SkipTime]:0 [Veto1]:594.481 [Veto2]:607.114 [Veto3]:405.198 [Veto4]:405.198 [SgUp1]:58979 [SgUp2]:59347 [SgUp3]:0 [SgUp4]:0 [SgLow1]:58893 [SgLow2]:59269 [SgLow3]:0 [SgLow4]:0 [NetMuon1]:448902 [NetMuon2]:446894 [NetMuon3]:476910 [NetMuon4]:476910
[Run]:37354 [Site]:2 [Bin]:9886 [FullTime]:3600 [SkipTime]:0 [Veto1]:587.454 [Veto2]:594.127 [Veto3]:404.846 [Veto4]:404.846 [SgUp1]:59691 [SgUp2]:59053 [SgUp3]:0 [SgUp4]:0 [SgLow1]:59605 [SgLow2]:58974 [SgLow3]:0 [SgLow4]:0 [NetMuon1]:448993 [NetMuon2]:448209 [NetMuon3]:476361 [NetMuon4]:476361
[Run]:37354 [Site]:2 [Bin]:9887 [FullTime]:3600 [SkipTime]:0 [Veto1]:592.224 [Veto2]:606.875 [Veto3]:404.004 [Veto4]:404.004 [SgUp1]:59439 [SgUp2]:59324 [SgUp3]:0 [SgUp4]:0 [SgLow1]:59343 [SgLow2]:59235 [SgLow3]:0 [SgLow4]:0 [NetMuon1]:447424 [NetMuon2]:444954 [NetMuon3]:475311 [NetMuon4]:475311
[Run]:37354 [Site]:2 [Bin]:9888 [FullTime]:3600 [SkipTime]:0 [Veto1]:582.305 [Veto2]:584.432 [Veto3]:403.978 [Veto4]:403.978 [SgUp1]:59800 [SgUp2]:59665 [SgUp3]:0 [SgUp4]:0 [SgLow1]:59711 [SgLow2]:59613 [SgLow3]:0 [SgLow4]:0 [NetMuon1]:448978 [NetMuon2]:448536 [NetMuon3]:475419 [NetMuon4]:475419
End process Run: 37354 ... 
[Run]:37354 [Site]:2 [Bin]:9889 [FullTime]:492.374 [SkipTime]:0 [Veto1]:89.3105 [Veto2]:78.8279 [Veto3]:55.3328 [Veto4]:55.3328
