StreamChain add 0x91d87f0
Start to process run: 37060 ... 
[Run]:37060 [Site]:2 [Bin]:9505 [FullTime]:2728.26 [SkipTime]:0 [Veto1]:452.065 [Veto2]:454.389 [Veto3]:305.887 [Veto4]:305.887 [SgUp1]:44851 [SgUp2]:45183 [SgUp3]:0 [SgUp4]:0 [SgLow1]:44795 [SgLow2]:45095 [SgLow3]:0 [SgLow4]:0 [NetMuon1]:338064 [NetMuon2]:337664 [NetMuon3]:359869 [NetMuon4]:359869
[Run]:37060 [Site]:2 [Bin]:9506 [FullTime]:3600 [SkipTime]:0 [Veto1]:621.765 [Veto2]:587.032 [Veto3]:404.433 [Veto4]:404.433 [SgUp1]:58632 [SgUp2]:59416 [SgUp3]:0 [SgUp4]:0 [SgLow1]:58542 [SgLow2]:59334 [SgLow3]:0 [SgLow4]:0 [NetMuon1]:443908 [NetMuon2]:448774 [NetMuon3]:476080 [NetMuon4]:476080
[Run]:37060 [Site]:2 [Bin]:9507 [FullTime]:3599.99 [SkipTime]:0 [Veto1]:583.127 [Veto2]:563.434 [Veto3]:404.151 [Veto4]:404.151 [SgUp1]:59108 [SgUp2]:60293 [SgUp3]:0 [SgUp4]:0 [SgLow1]:59011 [SgLow2]:60213 [SgLow3]:0 [SgLow4]:0 [NetMuon1]:449574 [NetMuon2]:452145 [NetMuon3]:475843 [NetMuon4]:475843
[Run]:37060 [Site]:2 [Bin]:9508 [FullTime]:3600 [SkipTime]:0 [Veto1]:608.726 [Veto2]:603.352 [Veto3]:404.745 [Veto4]:404.745 [SgUp1]:58916 [SgUp2]:59156 [SgUp3]:0 [SgUp4]:0 [SgLow1]:58835 [SgLow2]:59080 [SgLow3]:0 [SgLow4]:0 [NetMuon1]:445835 [NetMuon2]:446856 [NetMuon3]:476390 [NetMuon4]:476390
[Run]:37060 [Site]:2 [Bin]:9509 [FullTime]:3600 [SkipTime]:0 [Veto1]:590.081 [Veto2]:604.059 [Veto3]:403.984 [Veto4]:403.984 [SgUp1]:58991 [SgUp2]:59339 [SgUp3]:0 [SgUp4]:0 [SgLow1]:58856 [SgLow2]:59261 [SgLow3]:0 [SgLow4]:0 [NetMuon1]:447747 [NetMuon2]:445616 [NetMuon3]:475380 [NetMuon4]:475380
[Run]:37060 [Site]:2 [Bin]:9510 [FullTime]:3600.01 [SkipTime]:0 [Veto1]:598.081 [Veto2]:601.999 [Veto3]:405.31 [Veto4]:405.31 [SgUp1]:59250 [SgUp2]:59540 [SgUp3]:0 [SgUp4]:0 [SgLow1]:59167 [SgLow2]:59468 [SgLow3]:0 [SgLow4]:0 [NetMuon1]:448181 [NetMuon2]:447064 [NetMuon3]:476699 [NetMuon4]:476699
[Run]:37060 [Site]:2 [Bin]:9511 [FullTime]:3599.99 [SkipTime]:0 [Veto1]:593.696 [Veto2]:615.229 [Veto3]:404.417 [Veto4]:404.417 [SgUp1]:59465 [SgUp2]:58775 [SgUp3]:0 [SgUp4]:0 [SgLow1]:59355 [SgLow2]:58705 [SgLow3]:0 [SgLow4]:0 [NetMuon1]:447671 [NetMuon2]:444604 [NetMuon3]:475929 [NetMuon4]:475929
[Run]:37060 [Site]:2 [Bin]:9512 [FullTime]:3600 [SkipTime]:0 [Veto1]:580.132 [Veto2]:593.563 [Veto3]:405.656 [Veto4]:405.656 [SgUp1]:59384 [SgUp2]:59871 [SgUp3]:0 [SgUp4]:0 [SgLow1]:59295 [SgLow2]:59812 [SgLow3]:0 [SgLow4]:0 [NetMuon1]:451359 [NetMuon2]:449183 [NetMuon3]:477197 [NetMuon4]:477197
[Run]:37060 [Site]:2 [Bin]:9513 [FullTime]:3600 [SkipTime]:0 [Veto1]:598.701 [Veto2]:595.295 [Veto3]:404.38 [Veto4]:404.38 [SgUp1]:59285 [SgUp2]:59060 [SgUp3]:0 [SgUp4]:0 [SgLow1]:59186 [SgLow2]:58980 [SgLow3]:0 [SgLow4]:0 [NetMuon1]:447095 [NetMuon2]:447467 [NetMuon3]:476047 [NetMuon4]:476047
[Run]:37060 [Site]:2 [Bin]:9514 [FullTime]:3600 [SkipTime]:0 [Veto1]:587.854 [Veto2]:601.391 [Veto3]:404.011 [Veto4]:404.011 [SgUp1]:59361 [SgUp2]:59144 [SgUp3]:0 [SgUp4]:0 [SgLow1]:59263 [SgLow2]:59065 [SgLow3]:0 [SgLow4]:0 [NetMuon1]:448279 [NetMuon2]:446062 [NetMuon3]:475592 [NetMuon4]:475592
[Run]:37060 [Site]:2 [Bin]:9515 [FullTime]:3600 [SkipTime]:0 [Veto1]:569.373 [Veto2]:602.977 [Veto3]:405.585 [Veto4]:405.585 [SgUp1]:59481 [SgUp2]:58675 [SgUp3]:0 [SgUp4]:0 [SgLow1]:59391 [SgLow2]:58598 [SgLow3]:0 [SgLow4]:0 [NetMuon1]:452764 [NetMuon2]:447798 [NetMuon3]:477237 [NetMuon4]:477237
[Run]:37060 [Site]:2 [Bin]:9516 [FullTime]:3600 [SkipTime]:0 [Veto1]:604.378 [Veto2]:576.774 [Veto3]:405.436 [Veto4]:405.436 [SgUp1]:58803 [SgUp2]:59669 [SgUp3]:0 [SgUp4]:0 [SgLow1]:58705 [SgLow2]:59595 [SgLow3]:0 [SgLow4]:0 [NetMuon1]:447497 [NetMuon2]:451620 [NetMuon3]:477082 [NetMuon4]:477082
[Run]:37060 [Site]:2 [Bin]:9517 [FullTime]:3600 [SkipTime]:0 [Veto1]:622.475 [Veto2]:583.827 [Veto3]:404.492 [Veto4]:404.492 [SgUp1]:58626 [SgUp2]:59333 [SgUp3]:0 [SgUp4]:0 [SgLow1]:58546 [SgLow2]:59230 [SgLow3]:0 [SgLow4]:0 [NetMuon1]:443704 [NetMuon2]:449326 [NetMuon3]:476036 [NetMuon4]:476036
[Run]:37060 [Site]:2 [Bin]:9518 [FullTime]:3600 [SkipTime]:0 [Veto1]:592.588 [Veto2]:610.565 [Veto3]:404.102 [Veto4]:404.102 [SgUp1]:59180 [SgUp2]:59241 [SgUp3]:0 [SgUp4]:0 [SgLow1]:59076 [SgLow2]:59153 [SgLow3]:0 [SgLow4]:0 [NetMuon1]:447461 [NetMuon2]:445017 [NetMuon3]:475761 [NetMuon4]:475761
[Run]:37060 [Site]:2 [Bin]:9519 [FullTime]:3600 [SkipTime]:0 [Veto1]:600.41 [Veto2]:625.456 [Veto3]:404.749 [Veto4]:404.749 [SgUp1]:59253 [SgUp2]:58862 [SgUp3]:0 [SgUp4]:0 [SgLow1]:59182 [SgLow2]:58776 [SgLow3]:0 [SgLow4]:0 [NetMuon1]:447158 [NetMuon2]:443638 [NetMuon3]:476395 [NetMuon4]:476395
[Run]:37060 [Site]:2 [Bin]:9520 [FullTime]:3600 [SkipTime]:0 [Veto1]:587.876 [Veto2]:603.522 [Veto3]:403.913 [Veto4]:403.913 [SgUp1]:59408 [SgUp2]:59204 [SgUp3]:0 [SgUp4]:0 [SgLow1]:59334 [SgLow2]:59128 [SgLow3]:0 [SgLow4]:0 [NetMuon1]:448175 [NetMuon2]:445431 [NetMuon3]:475171 [NetMuon4]:475171
[Run]:37060 [Site]:2 [Bin]:9521 [FullTime]:3600 [SkipTime]:0 [Veto1]:587.035 [Veto2]:622.492 [Veto3]:404.449 [Veto4]:404.449 [SgUp1]:59031 [SgUp2]:58925 [SgUp3]:0 [SgUp4]:0 [SgLow1]:58953 [SgLow2]:58839 [SgLow3]:0 [SgLow4]:0 [NetMuon1]:448349 [NetMuon2]:443429 [NetMuon3]:475746 [NetMuon4]:475746
[Run]:37060 [Site]:2 [Bin]:9522 [FullTime]:3600 [SkipTime]:0 [Veto1]:612.967 [Veto2]:598.291 [Veto3]:404.322 [Veto4]:404.322 [SgUp1]:58518 [SgUp2]:59182 [SgUp3]:0 [SgUp4]:0 [SgLow1]:58450 [SgLow2]:59104 [SgLow3]:0 [SgLow4]:0 [NetMuon1]:444733 [NetMuon2]:446929 [NetMuon3]:475897 [NetMuon4]:475897
[Run]:37060 [Site]:2 [Bin]:9523 [FullTime]:3600 [SkipTime]:0 [Veto1]:591.611 [Veto2]:599.849 [Veto3]:404.28 [Veto4]:404.28 [SgUp1]:59224 [SgUp2]:59557 [SgUp3]:0 [SgUp4]:0 [SgLow1]:59152 [SgLow2]:59484 [SgLow3]:0 [SgLow4]:0 [NetMuon1]:448315 [NetMuon2]:446822 [NetMuon3]:475909 [NetMuon4]:475909
[Run]:37060 [Site]:2 [Bin]:9524 [FullTime]:3600 [SkipTime]:0 [Veto1]:565.682 [Veto2]:590.3 [Veto3]:403.77 [Veto4]:403.77 [SgUp1]:59538 [SgUp2]:59114 [SgUp3]:0 [SgUp4]:0 [SgLow1]:59454 [SgLow2]:59014 [SgLow3]:0 [SgLow4]:0 [NetMuon1]:450705 [NetMuon2]:447532 [NetMuon3]:474991 [NetMuon4]:474991
[Run]:37060 [Site]:2 [Bin]:9525 [FullTime]:3600 [SkipTime]:0 [Veto1]:598.597 [Veto2]:570.836 [Veto3]:404.334 [Veto4]:404.334 [SgUp1]:58953 [SgUp2]:59951 [SgUp3]:0 [SgUp4]:0 [SgLow1]:58843 [SgLow2]:59863 [SgLow3]:0 [SgLow4]:0 [NetMuon1]:447224 [NetMuon2]:450911 [NetMuon3]:475689 [NetMuon4]:475689
[Run]:37060 [Site]:2 [Bin]:9526 [FullTime]:3600 [SkipTime]:0 [Veto1]:614.414 [Veto2]:606.987 [Veto3]:403.75 [Veto4]:403.75 [SgUp1]:58868 [SgUp2]:59141 [SgUp3]:0 [SgUp4]:0 [SgLow1]:58803 [SgLow2]:59042 [SgLow3]:0 [SgLow4]:0 [NetMuon1]:444009 [NetMuon2]:445017 [NetMuon3]:475579 [NetMuon4]:475579
[Run]:37060 [Site]:2 [Bin]:9527 [FullTime]:3600 [SkipTime]:0 [Veto1]:599.92 [Veto2]:622.846 [Veto3]:404.042 [Veto4]:404.042 [SgUp1]:58979 [SgUp2]:58673 [SgUp3]:0 [SgUp4]:0 [SgLow1]:58896 [SgLow2]:58588 [SgLow3]:0 [SgLow4]:0 [NetMuon1]:446360 [NetMuon2]:442758 [NetMuon3]:475569 [NetMuon4]:475569
[Run]:37060 [Site]:2 [Bin]:9528 [FullTime]:3599.99 [SkipTime]:0 [Veto1]:602.957 [Veto2]:587.802 [Veto3]:403.811 [Veto4]:403.811 [SgUp1]:58859 [SgUp2]:59386 [SgUp3]:0 [SgUp4]:0 [SgLow1]:58779 [SgLow2]:59304 [SgLow3]:0 [SgLow4]:0 [NetMuon1]:445639 [NetMuon2]:447668 [NetMuon3]:475301 [NetMuon4]:475301
[Run]:37060 [Site]:2 [Bin]:9529 [FullTime]:3600 [SkipTime]:0 [Veto1]:605.83 [Veto2]:609.94 [Veto3]:403.998 [Veto4]:403.998 [SgUp1]:59174 [SgUp2]:59424 [SgUp3]:0 [SgUp4]:0 [SgLow1]:59072 [SgLow2]:59352 [SgLow3]:0 [SgLow4]:0 [NetMuon1]:445356 [NetMuon2]:444842 [NetMuon3]:475559 [NetMuon4]:475559
[Run]:37060 [Site]:2 [Bin]:9530 [FullTime]:3599.99 [SkipTime]:0 [Veto1]:590.911 [Veto2]:603.337 [Veto3]:404.672 [Veto4]:404.672 [SgUp1]:58803 [SgUp2]:59843 [SgUp3]:0 [SgUp4]:0 [SgLow1]:58716 [SgLow2]:59756 [SgLow3]:0 [SgLow4]:0 [NetMuon1]:448720 [NetMuon2]:446975 [NetMuon3]:476433 [NetMuon4]:476433
[Run]:37060 [Site]:2 [Bin]:9531 [FullTime]:3600 [SkipTime]:0 [Veto1]:584.451 [Veto2]:612.917 [Veto3]:404.957 [Veto4]:404.957 [SgUp1]:58979 [SgUp2]:58903 [SgUp3]:0 [SgUp4]:0 [SgLow1]:58912 [SgLow2]:58823 [SgLow3]:0 [SgLow4]:0 [NetMuon1]:449447 [NetMuon2]:445523 [NetMuon3]:476363 [NetMuon4]:476363
[Run]:37060 [Site]:2 [Bin]:9532 [FullTime]:3600 [SkipTime]:0 [Veto1]:589.352 [Veto2]:619.413 [Veto3]:405.537 [Veto4]:405.537 [SgUp1]:59350 [SgUp2]:59121 [SgUp3]:0 [SgUp4]:0 [SgLow1]:59263 [SgLow2]:59036 [SgLow3]:0 [SgLow4]:0 [NetMuon1]:449395 [NetMuon2]:445161 [NetMuon3]:477172 [NetMuon4]:477172
[Run]:37060 [Site]:2 [Bin]:9533 [FullTime]:3600 [SkipTime]:0 [Veto1]:604.994 [Veto2]:597.263 [Veto3]:404.36 [Veto4]:404.36 [SgUp1]:59476 [SgUp2]:58722 [SgUp3]:0 [SgUp4]:0 [SgLow1]:59385 [SgLow2]:58652 [SgLow3]:0 [SgLow4]:0 [NetMuon1]:446300 [NetMuon2]:447673 [NetMuon3]:475995 [NetMuon4]:475995
[Run]:37060 [Site]:2 [Bin]:9534 [FullTime]:3600 [SkipTime]:0 [Veto1]:607.878 [Veto2]:571.543 [Veto3]:404.661 [Veto4]:404.661 [SgUp1]:58956 [SgUp2]:59631 [SgUp3]:0 [SgUp4]:0 [SgLow1]:58869 [SgLow2]:59559 [SgLow3]:0 [SgLow4]:0 [NetMuon1]:445813 [NetMuon2]:451113 [NetMuon3]:476070 [NetMuon4]:476070
[Run]:37060 [Site]:2 [Bin]:9535 [FullTime]:3600 [SkipTime]:0 [Veto1]:597.987 [Veto2]:600.594 [Veto3]:404.115 [Veto4]:404.115 [SgUp1]:59829 [SgUp2]:59480 [SgUp3]:0 [SgUp4]:0 [SgLow1]:59724 [SgLow2]:59378 [SgLow3]:0 [SgLow4]:0 [NetMuon1]:446850 [NetMuon2]:446332 [NetMuon3]:475462 [NetMuon4]:475462
[Run]:37060 [Site]:2 [Bin]:9536 [FullTime]:3600 [SkipTime]:0 [Veto1]:597.932 [Veto2]:598.907 [Veto3]:403.882 [Veto4]:403.882 [SgUp1]:58794 [SgUp2]:59325 [SgUp3]:0 [SgUp4]:0 [SgLow1]:58725 [SgLow2]:59261 [SgLow3]:0 [SgLow4]:0 [NetMuon1]:446705 [NetMuon2]:446757 [NetMuon3]:475533 [NetMuon4]:475533
[Run]:37060 [Site]:2 [Bin]:9537 [FullTime]:3600 [SkipTime]:0 [Veto1]:585.024 [Veto2]:585.527 [Veto3]:403.594 [Veto4]:403.594 [SgUp1]:59513 [SgUp2]:59339 [SgUp3]:0 [SgUp4]:0 [SgLow1]:59432 [SgLow2]:59256 [SgLow3]:0 [SgLow4]:0 [NetMuon1]:448027 [NetMuon2]:447835 [NetMuon3]:474974 [NetMuon4]:474974
[Run]:37060 [Site]:2 [Bin]:9538 [FullTime]:3600 [SkipTime]:0 [Veto1]:586.348 [Veto2]:574.514 [Veto3]:403.871 [Veto4]:403.871 [SgUp1]:59580 [SgUp2]:59413 [SgUp3]:0 [SgUp4]:0 [SgLow1]:59502 [SgLow2]:59339 [SgLow3]:0 [SgLow4]:0 [NetMuon1]:448132 [NetMuon2]:450087 [NetMuon3]:475390 [NetMuon4]:475390
[Run]:37060 [Site]:2 [Bin]:9539 [FullTime]:3600 [SkipTime]:0 [Veto1]:591.725 [Veto2]:584.395 [Veto3]:403.139 [Veto4]:403.139 [SgUp1]:59603 [SgUp2]:59641 [SgUp3]:0 [SgUp4]:0 [SgLow1]:59513 [SgLow2]:59571 [SgLow3]:0 [SgLow4]:0 [NetMuon1]:446219 [NetMuon2]:447447 [NetMuon3]:474293 [NetMuon4]:474293
[Run]:37060 [Site]:2 [Bin]:9540 [FullTime]:3600 [SkipTime]:0 [Veto1]:624.275 [Veto2]:580.168 [Veto3]:404.931 [Veto4]:404.931 [SgUp1]:59056 [SgUp2]:59418 [SgUp3]:0 [SgUp4]:0 [SgLow1]:58945 [SgLow2]:59331 [SgLow3]:0 [SgLow4]:0 [NetMuon1]:443610 [NetMuon2]:450334 [NetMuon3]:476379 [NetMuon4]:476379
[Run]:37060 [Site]:2 [Bin]:9541 [FullTime]:3600.01 [SkipTime]:0 [Veto1]:594.747 [Veto2]:575.298 [Veto3]:405.573 [Veto4]:405.573 [SgUp1]:59073 [SgUp2]:59574 [SgUp3]:0 [SgUp4]:0 [SgLow1]:58984 [SgLow2]:59485 [SgLow3]:0 [SgLow4]:0 [NetMuon1]:449238 [NetMuon2]:451884 [NetMuon3]:477157 [NetMuon4]:477157
[Run]:37060 [Site]:2 [Bin]:9542 [FullTime]:3599.99 [SkipTime]:0 [Veto1]:599.814 [Veto2]:604.769 [Veto3]:403.602 [Veto4]:403.602 [SgUp1]:59102 [SgUp2]:58786 [SgUp3]:0 [SgUp4]:0 [SgLow1]:59009 [SgLow2]:58719 [SgLow3]:0 [SgLow4]:0 [NetMuon1]:445450 [NetMuon2]:444922 [NetMuon3]:474822 [NetMuon4]:474822
[Run]:37060 [Site]:2 [Bin]:9543 [FullTime]:3600 [SkipTime]:0 [Veto1]:623.099 [Veto2]:609.429 [Veto3]:405.007 [Veto4]:405.007 [SgUp1]:58578 [SgUp2]:58762 [SgUp3]:0 [SgUp4]:0 [SgLow1]:58480 [SgLow2]:58690 [SgLow3]:0 [SgLow4]:0 [NetMuon1]:443940 [NetMuon2]:445985 [NetMuon3]:476538 [NetMuon4]:476538
[Run]:37060 [Site]:2 [Bin]:9544 [FullTime]:3600 [SkipTime]:0 [Veto1]:593.108 [Veto2]:591.368 [Veto3]:404.659 [Veto4]:404.659 [SgUp1]:59345 [SgUp2]:59787 [SgUp3]:0 [SgUp4]:0 [SgLow1]:59242 [SgLow2]:59686 [SgLow3]:0 [SgLow4]:0 [NetMuon1]:447855 [NetMuon2]:448195 [NetMuon3]:476153 [NetMuon4]:476153
[Run]:37060 [Site]:2 [Bin]:9545 [FullTime]:3600 [SkipTime]:0 [Veto1]:610.517 [Veto2]:595.217 [Veto3]:404.591 [Veto4]:404.591 [SgUp1]:58706 [SgUp2]:59230 [SgUp3]:0 [SgUp4]:0 [SgLow1]:58628 [SgLow2]:59145 [SgLow3]:0 [SgLow4]:0 [NetMuon1]:445646 [NetMuon2]:447914 [NetMuon3]:476295 [NetMuon4]:476295
[Run]:37060 [Site]:2 [Bin]:9546 [FullTime]:3600 [SkipTime]:0 [Veto1]:607.162 [Veto2]:598.641 [Veto3]:403.563 [Veto4]:403.563 [SgUp1]:59224 [SgUp2]:58844 [SgUp3]:0 [SgUp4]:0 [SgLow1]:59136 [SgLow2]:58763 [SgLow3]:0 [SgLow4]:0 [NetMuon1]:444610 [NetMuon2]:446265 [NetMuon3]:474882 [NetMuon4]:474882
[Run]:37060 [Site]:2 [Bin]:9547 [FullTime]:3600 [SkipTime]:0 [Veto1]:593.518 [Veto2]:589.238 [Veto3]:404.794 [Veto4]:404.794 [SgUp1]:59405 [SgUp2]:59631 [SgUp3]:0 [SgUp4]:0 [SgLow1]:59286 [SgLow2]:59535 [SgLow3]:0 [SgLow4]:0 [NetMuon1]:448650 [NetMuon2]:449091 [NetMuon3]:476603 [NetMuon4]:476603
[Run]:37060 [Site]:2 [Bin]:9548 [FullTime]:3600 [SkipTime]:0 [Veto1]:597.687 [Veto2]:586.439 [Veto3]:405.804 [Veto4]:405.804 [SgUp1]:58949 [SgUp2]:59548 [SgUp3]:0 [SgUp4]:0 [SgLow1]:58849 [SgLow2]:59484 [SgLow3]:0 [SgLow4]:0 [NetMuon1]:448849 [NetMuon2]:451172 [NetMuon3]:477513 [NetMuon4]:477513
[Run]:37060 [Site]:2 [Bin]:9549 [FullTime]:3600 [SkipTime]:0 [Veto1]:575.117 [Veto2]:613.63 [Veto3]:404.595 [Veto4]:404.595 [SgUp1]:59439 [SgUp2]:59319 [SgUp3]:0 [SgUp4]:0 [SgLow1]:59361 [SgLow2]:59210 [SgLow3]:0 [SgLow4]:0 [NetMuon1]:450713 [NetMuon2]:444699 [NetMuon3]:475994 [NetMuon4]:475994
[Run]:37060 [Site]:2 [Bin]:9550 [FullTime]:3600 [SkipTime]:0 [Veto1]:588.814 [Veto2]:595.983 [Veto3]:404.644 [Veto4]:404.644 [SgUp1]:59484 [SgUp2]:59070 [SgUp3]:0 [SgUp4]:0 [SgLow1]:59397 [SgLow2]:59008 [SgLow3]:0 [SgLow4]:0 [NetMuon1]:448592 [NetMuon2]:447633 [NetMuon3]:476109 [NetMuon4]:476109
[Run]:37060 [Site]:2 [Bin]:9551 [FullTime]:3600 [SkipTime]:0 [Veto1]:598.927 [Veto2]:598.588 [Veto3]:404.703 [Veto4]:404.703 [SgUp1]:59094 [SgUp2]:59559 [SgUp3]:0 [SgUp4]:0 [SgLow1]:58996 [SgLow2]:59466 [SgLow3]:0 [SgLow4]:0 [NetMuon1]:447308 [NetMuon2]:447386 [NetMuon3]:476263 [NetMuon4]:476263
[Run]:37060 [Site]:2 [Bin]:9552 [FullTime]:3600 [SkipTime]:0 [Veto1]:605.201 [Veto2]:597.269 [Veto3]:403.562 [Veto4]:403.562 [SgUp1]:58939 [SgUp2]:59401 [SgUp3]:0 [SgUp4]:0 [SgLow1]:58851 [SgLow2]:59323 [SgLow3]:0 [SgLow4]:0 [NetMuon1]:445106 [NetMuon2]:446252 [NetMuon3]:475163 [NetMuon4]:475163
End process Run: 37060 ... 
[Run]:37060 [Site]:2 [Bin]:9553 [FullTime]:55.0212 [SkipTime]:0 [Veto1]:9.97467 [Veto2]:10.8526 [Veto3]:6.16686 [Veto4]:6.16686
