StreamChain add 0x752f7f0
Start to process run: 38901 ... 
[Run]:38901 [Site]:2 [Bin]:11856 [FullTime]:972.514 [SkipTime]:0 [Veto1]:158.851 [Veto2]:161.036 [Veto3]:110.138 [Veto4]:110.138 [SgUp1]:16045 [SgUp2]:15885 [SgUp3]:0 [SgUp4]:0 [SgLow1]:16021 [SgLow2]:15865 [SgLow3]:0 [SgLow4]:0 [NetMuon1]:122193 [NetMuon2]:121914 [NetMuon3]:129535 [NetMuon4]:129535
[Run]:38901 [Site]:2 [Bin]:11857 [FullTime]:3600 [SkipTime]:0 [Veto1]:592.51 [Veto2]:586.875 [Veto3]:406.574 [Veto4]:406.574 [SgUp1]:59604 [SgUp2]:58714 [SgUp3]:0 [SgUp4]:0 [SgLow1]:59535 [SgLow2]:58639 [SgLow3]:0 [SgLow4]:0 [NetMuon1]:450711 [NetMuon2]:451677 [NetMuon3]:478504 [NetMuon4]:478504
[Run]:38901 [Site]:2 [Bin]:11858 [FullTime]:3600 [SkipTime]:0 [Veto1]:597.81 [Veto2]:606.187 [Veto3]:406.861 [Veto4]:406.861 [SgUp1]:58702 [SgUp2]:58520 [SgUp3]:0 [SgUp4]:0 [SgLow1]:58615 [SgLow2]:58448 [SgLow3]:0 [SgLow4]:0 [NetMuon1]:450209 [NetMuon2]:449151 [NetMuon3]:478919 [NetMuon4]:478919
[Run]:38901 [Site]:2 [Bin]:11859 [FullTime]:3600 [SkipTime]:0 [Veto1]:576.31 [Veto2]:627.836 [Veto3]:407.684 [Veto4]:407.684 [SgUp1]:59620 [SgUp2]:58029 [SgUp3]:0 [SgUp4]:0 [SgLow1]:59545 [SgLow2]:57937 [SgLow3]:0 [SgLow4]:0 [NetMuon1]:454473 [NetMuon2]:446476 [NetMuon3]:479644 [NetMuon4]:479644
[Run]:38901 [Site]:2 [Bin]:11860 [FullTime]:3600 [SkipTime]:0 [Veto1]:600.197 [Veto2]:586.071 [Veto3]:407.386 [Veto4]:407.386 [SgUp1]:59284 [SgUp2]:59036 [SgUp3]:0 [SgUp4]:0 [SgLow1]:59207 [SgLow2]:58965 [SgLow3]:0 [SgLow4]:0 [NetMuon1]:449908 [NetMuon2]:452559 [NetMuon3]:479253 [NetMuon4]:479253
[Run]:38901 [Site]:2 [Bin]:11861 [FullTime]:3600 [SkipTime]:0 [Veto1]:604.589 [Veto2]:600.238 [Veto3]:406.408 [Veto4]:406.408 [SgUp1]:58838 [SgUp2]:59225 [SgUp3]:0 [SgUp4]:0 [SgLow1]:58756 [SgLow2]:59137 [SgLow3]:0 [SgLow4]:0 [NetMuon1]:448659 [NetMuon2]:448997 [NetMuon3]:478139 [NetMuon4]:478139
[Run]:38901 [Site]:2 [Bin]:11862 [FullTime]:3600 [SkipTime]:0 [Veto1]:591.05 [Veto2]:585.739 [Veto3]:407.028 [Veto4]:407.028 [SgUp1]:59338 [SgUp2]:59015 [SgUp3]:0 [SgUp4]:0 [SgLow1]:59255 [SgLow2]:58926 [SgLow3]:0 [SgLow4]:0 [NetMuon1]:451580 [NetMuon2]:452150 [NetMuon3]:479039 [NetMuon4]:479039
[Run]:38901 [Site]:2 [Bin]:11863 [FullTime]:3600 [SkipTime]:0 [Veto1]:611.216 [Veto2]:611.976 [Veto3]:406.458 [Veto4]:406.458 [SgUp1]:58862 [SgUp2]:59039 [SgUp3]:0 [SgUp4]:0 [SgLow1]:58787 [SgLow2]:58955 [SgLow3]:0 [SgLow4]:0 [NetMuon1]:447591 [NetMuon2]:447372 [NetMuon3]:478248 [NetMuon4]:478248
[Run]:38901 [Site]:2 [Bin]:11864 [FullTime]:3600.01 [SkipTime]:0 [Veto1]:588.565 [Veto2]:615.331 [Veto3]:406.852 [Veto4]:406.852 [SgUp1]:58302 [SgUp2]:59149 [SgUp3]:0 [SgUp4]:0 [SgLow1]:58228 [SgLow2]:59070 [SgLow3]:0 [SgLow4]:0 [NetMuon1]:451586 [NetMuon2]:447035 [NetMuon3]:478634 [NetMuon4]:478634
[Run]:38901 [Site]:2 [Bin]:11865 [FullTime]:3599.99 [SkipTime]:0 [Veto1]:595.088 [Veto2]:580.772 [Veto3]:406.565 [Veto4]:406.565 [SgUp1]:58710 [SgUp2]:59480 [SgUp3]:0 [SgUp4]:0 [SgLow1]:58645 [SgLow2]:59379 [SgLow3]:0 [SgLow4]:0 [NetMuon1]:450442 [NetMuon2]:452243 [NetMuon3]:478516 [NetMuon4]:478516
[Run]:38901 [Site]:2 [Bin]:11866 [FullTime]:3600 [SkipTime]:0 [Veto1]:582.898 [Veto2]:594.03 [Veto3]:406.032 [Veto4]:406.032 [SgUp1]:58874 [SgUp2]:59062 [SgUp3]:0 [SgUp4]:0 [SgLow1]:58784 [SgLow2]:58991 [SgLow3]:0 [SgLow4]:0 [NetMuon1]:451419 [NetMuon2]:449360 [NetMuon3]:477856 [NetMuon4]:477856
[Run]:38901 [Site]:2 [Bin]:11867 [FullTime]:3600 [SkipTime]:0 [Veto1]:589.779 [Veto2]:592.436 [Veto3]:406.749 [Veto4]:406.749 [SgUp1]:58836 [SgUp2]:59487 [SgUp3]:0 [SgUp4]:0 [SgLow1]:58732 [SgLow2]:59402 [SgLow3]:0 [SgLow4]:0 [NetMuon1]:451388 [NetMuon2]:450611 [NetMuon3]:478774 [NetMuon4]:478774
[Run]:38901 [Site]:2 [Bin]:11868 [FullTime]:3600 [SkipTime]:0 [Veto1]:611.104 [Veto2]:596.029 [Veto3]:406.743 [Veto4]:406.743 [SgUp1]:58905 [SgUp2]:59573 [SgUp3]:0 [SgUp4]:0 [SgLow1]:58827 [SgLow2]:59476 [SgLow3]:0 [SgLow4]:0 [NetMuon1]:448192 [NetMuon2]:450031 [NetMuon3]:478500 [NetMuon4]:478500
[Run]:38901 [Site]:2 [Bin]:11869 [FullTime]:3600 [SkipTime]:0 [Veto1]:600.108 [Veto2]:601.248 [Veto3]:406.273 [Veto4]:406.273 [SgUp1]:58981 [SgUp2]:58969 [SgUp3]:0 [SgUp4]:0 [SgLow1]:58918 [SgLow2]:58899 [SgLow3]:0 [SgLow4]:0 [NetMuon1]:448893 [NetMuon2]:448818 [NetMuon3]:477904 [NetMuon4]:477904
[Run]:38901 [Site]:2 [Bin]:11870 [FullTime]:3600 [SkipTime]:0 [Veto1]:590.502 [Veto2]:590.681 [Veto3]:408.058 [Veto4]:408.058 [SgUp1]:59134 [SgUp2]:59301 [SgUp3]:0 [SgUp4]:0 [SgLow1]:59044 [SgLow2]:59230 [SgLow3]:0 [SgLow4]:0 [NetMuon1]:452458 [NetMuon2]:452426 [NetMuon3]:479824 [NetMuon4]:479824
[Run]:38901 [Site]:2 [Bin]:11871 [FullTime]:3600 [SkipTime]:0 [Veto1]:577.324 [Veto2]:593.115 [Veto3]:406.695 [Veto4]:406.695 [SgUp1]:59213 [SgUp2]:59332 [SgUp3]:0 [SgUp4]:0 [SgLow1]:59115 [SgLow2]:59254 [SgLow3]:0 [SgLow4]:0 [NetMuon1]:452848 [NetMuon2]:450476 [NetMuon3]:478458 [NetMuon4]:478458
[Run]:38901 [Site]:2 [Bin]:11872 [FullTime]:3600 [SkipTime]:0 [Veto1]:616.797 [Veto2]:611.818 [Veto3]:406.67 [Veto4]:406.67 [SgUp1]:58797 [SgUp2]:58934 [SgUp3]:0 [SgUp4]:0 [SgLow1]:58686 [SgLow2]:58866 [SgLow3]:0 [SgLow4]:0 [NetMuon1]:447035 [NetMuon2]:447583 [NetMuon3]:478441 [NetMuon4]:478441
[Run]:38901 [Site]:2 [Bin]:11873 [FullTime]:3600 [SkipTime]:0 [Veto1]:604.994 [Veto2]:607.948 [Veto3]:406.41 [Veto4]:406.41 [SgUp1]:58752 [SgUp2]:59177 [SgUp3]:0 [SgUp4]:0 [SgLow1]:58691 [SgLow2]:59108 [SgLow3]:0 [SgLow4]:0 [NetMuon1]:448203 [NetMuon2]:447688 [NetMuon3]:478149 [NetMuon4]:478149
[Run]:38901 [Site]:2 [Bin]:11874 [FullTime]:3600 [SkipTime]:0 [Veto1]:617.603 [Veto2]:594.03 [Veto3]:407.142 [Veto4]:407.142 [SgUp1]:58510 [SgUp2]:59100 [SgUp3]:0 [SgUp4]:0 [SgLow1]:58438 [SgLow2]:59028 [SgLow3]:0 [SgLow4]:0 [NetMuon1]:447193 [NetMuon2]:450591 [NetMuon3]:478869 [NetMuon4]:478869
[Run]:38901 [Site]:2 [Bin]:11875 [FullTime]:3600 [SkipTime]:0 [Veto1]:596.422 [Veto2]:614.415 [Veto3]:407.691 [Veto4]:407.691 [SgUp1]:58676 [SgUp2]:59320 [SgUp3]:0 [SgUp4]:0 [SgLow1]:58598 [SgLow2]:59237 [SgLow3]:0 [SgLow4]:0 [NetMuon1]:451013 [NetMuon2]:448317 [NetMuon3]:479445 [NetMuon4]:479445
[Run]:38901 [Site]:2 [Bin]:11876 [FullTime]:3600 [SkipTime]:0 [Veto1]:597.322 [Veto2]:581.706 [Veto3]:406.176 [Veto4]:406.176 [SgUp1]:58760 [SgUp2]:59622 [SgUp3]:0 [SgUp4]:0 [SgLow1]:58669 [SgLow2]:59530 [SgLow3]:0 [SgLow4]:0 [NetMuon1]:449536 [NetMuon2]:451446 [NetMuon3]:477930 [NetMuon4]:477930
[Run]:38901 [Site]:2 [Bin]:11877 [FullTime]:3600 [SkipTime]:0 [Veto1]:588.759 [Veto2]:600.362 [Veto3]:406.832 [Veto4]:406.832 [SgUp1]:59259 [SgUp2]:59517 [SgUp3]:0 [SgUp4]:0 [SgLow1]:59184 [SgLow2]:59434 [SgLow3]:0 [SgLow4]:0 [NetMuon1]:451315 [NetMuon2]:449607 [NetMuon3]:478438 [NetMuon4]:478438
[Run]:38901 [Site]:2 [Bin]:11878 [FullTime]:3600.01 [SkipTime]:0 [Veto1]:594.376 [Veto2]:613.744 [Veto3]:406.542 [Veto4]:406.542 [SgUp1]:59277 [SgUp2]:58758 [SgUp3]:0 [SgUp4]:0 [SgLow1]:59192 [SgLow2]:58686 [SgLow3]:0 [SgLow4]:0 [NetMuon1]:450440 [NetMuon2]:447319 [NetMuon3]:478389 [NetMuon4]:478389
[Run]:38901 [Site]:2 [Bin]:11879 [FullTime]:3599.99 [SkipTime]:0 [Veto1]:598.968 [Veto2]:606.707 [Veto3]:408.261 [Veto4]:408.261 [SgUp1]:58950 [SgUp2]:59167 [SgUp3]:0 [SgUp4]:0 [SgLow1]:58850 [SgLow2]:59099 [SgLow3]:0 [SgLow4]:0 [NetMuon1]:451685 [NetMuon2]:450376 [NetMuon3]:480331 [NetMuon4]:480331
[Run]:38901 [Site]:2 [Bin]:11880 [FullTime]:3600 [SkipTime]:0 [Veto1]:592.395 [Veto2]:611.21 [Veto3]:406.743 [Veto4]:406.743 [SgUp1]:59079 [SgUp2]:59027 [SgUp3]:0 [SgUp4]:0 [SgLow1]:58995 [SgLow2]:58946 [SgLow3]:0 [SgLow4]:0 [NetMuon1]:450673 [NetMuon2]:447973 [NetMuon3]:478646 [NetMuon4]:478646
[Run]:38901 [Site]:2 [Bin]:11881 [FullTime]:3600 [SkipTime]:0 [Veto1]:597.405 [Veto2]:595.087 [Veto3]:407.156 [Veto4]:407.156 [SgUp1]:59241 [SgUp2]:59374 [SgUp3]:0 [SgUp4]:0 [SgLow1]:59159 [SgLow2]:59288 [SgLow3]:0 [SgLow4]:0 [NetMuon1]:450188 [NetMuon2]:450897 [NetMuon3]:478822 [NetMuon4]:478822
[Run]:38901 [Site]:2 [Bin]:11882 [FullTime]:3600 [SkipTime]:0 [Veto1]:595.349 [Veto2]:595.464 [Veto3]:406.929 [Veto4]:406.929 [SgUp1]:59001 [SgUp2]:59305 [SgUp3]:0 [SgUp4]:0 [SgLow1]:58921 [SgLow2]:59187 [SgLow3]:0 [SgLow4]:0 [NetMuon1]:450523 [NetMuon2]:450709 [NetMuon3]:478770 [NetMuon4]:478770
[Run]:38901 [Site]:2 [Bin]:11883 [FullTime]:3600 [SkipTime]:0 [Veto1]:605.605 [Veto2]:602.571 [Veto3]:406.42 [Veto4]:406.42 [SgUp1]:58866 [SgUp2]:59114 [SgUp3]:0 [SgUp4]:0 [SgLow1]:58778 [SgLow2]:59020 [SgLow3]:0 [SgLow4]:0 [NetMuon1]:448688 [NetMuon2]:448822 [NetMuon3]:478153 [NetMuon4]:478153
[Run]:38901 [Site]:2 [Bin]:11884 [FullTime]:3600 [SkipTime]:0 [Veto1]:593.644 [Veto2]:609.932 [Veto3]:407.418 [Veto4]:407.418 [SgUp1]:59164 [SgUp2]:58756 [SgUp3]:0 [SgUp4]:0 [SgLow1]:59055 [SgLow2]:58656 [SgLow3]:0 [SgLow4]:0 [NetMuon1]:451295 [NetMuon2]:448787 [NetMuon3]:479310 [NetMuon4]:479310
[Run]:38901 [Site]:2 [Bin]:11885 [FullTime]:3600 [SkipTime]:0 [Veto1]:595.929 [Veto2]:589.909 [Veto3]:407.661 [Veto4]:407.661 [SgUp1]:59051 [SgUp2]:59878 [SgUp3]:0 [SgUp4]:0 [SgLow1]:58954 [SgLow2]:59800 [SgLow3]:0 [SgLow4]:0 [NetMuon1]:450896 [NetMuon2]:452280 [NetMuon3]:479435 [NetMuon4]:479435
[Run]:38901 [Site]:2 [Bin]:11886 [FullTime]:3600 [SkipTime]:0 [Veto1]:590.655 [Veto2]:600.407 [Veto3]:407.727 [Veto4]:407.727 [SgUp1]:59048 [SgUp2]:59068 [SgUp3]:0 [SgUp4]:0 [SgLow1]:58981 [SgLow2]:59002 [SgLow3]:0 [SgLow4]:0 [NetMuon1]:452272 [NetMuon2]:450678 [NetMuon3]:479738 [NetMuon4]:479738
[Run]:38901 [Site]:2 [Bin]:11887 [FullTime]:3600 [SkipTime]:0 [Veto1]:609.468 [Veto2]:597.537 [Veto3]:407.121 [Veto4]:407.121 [SgUp1]:58676 [SgUp2]:59219 [SgUp3]:0 [SgUp4]:0 [SgLow1]:58593 [SgLow2]:59121 [SgLow3]:0 [SgLow4]:0 [NetMuon1]:448699 [NetMuon2]:450128 [NetMuon3]:479031 [NetMuon4]:479031
[Run]:38901 [Site]:2 [Bin]:11888 [FullTime]:3600 [SkipTime]:0 [Veto1]:606.183 [Veto2]:605.344 [Veto3]:406.437 [Veto4]:406.437 [SgUp1]:58971 [SgUp2]:59084 [SgUp3]:0 [SgUp4]:0 [SgLow1]:58888 [SgLow2]:58989 [SgLow3]:0 [SgLow4]:0 [NetMuon1]:448209 [NetMuon2]:448820 [NetMuon3]:478423 [NetMuon4]:478423
[Run]:38901 [Site]:2 [Bin]:11889 [FullTime]:3600 [SkipTime]:0 [Veto1]:588.275 [Veto2]:604.092 [Veto3]:407.351 [Veto4]:407.351 [SgUp1]:59571 [SgUp2]:58204 [SgUp3]:0 [SgUp4]:0 [SgLow1]:59462 [SgLow2]:58109 [SgLow3]:0 [SgLow4]:0 [NetMuon1]:451893 [NetMuon2]:449725 [NetMuon3]:479106 [NetMuon4]:479106
[Run]:38901 [Site]:2 [Bin]:11890 [FullTime]:3600 [SkipTime]:0 [Veto1]:607.332 [Veto2]:588.199 [Veto3]:407.252 [Veto4]:407.252 [SgUp1]:59540 [SgUp2]:59129 [SgUp3]:0 [SgUp4]:0 [SgLow1]:59464 [SgLow2]:59035 [SgLow3]:0 [SgLow4]:0 [NetMuon1]:448917 [NetMuon2]:451854 [NetMuon3]:478994 [NetMuon4]:478994
[Run]:38901 [Site]:2 [Bin]:11891 [FullTime]:3600 [SkipTime]:0 [Veto1]:618.117 [Veto2]:608.533 [Veto3]:406.791 [Veto4]:406.791 [SgUp1]:58856 [SgUp2]:58484 [SgUp3]:0 [SgUp4]:0 [SgLow1]:58753 [SgLow2]:58410 [SgLow3]:0 [SgLow4]:0 [NetMuon1]:446714 [NetMuon2]:448044 [NetMuon3]:478574 [NetMuon4]:478574
[Run]:38901 [Site]:2 [Bin]:11892 [FullTime]:3600 [SkipTime]:0 [Veto1]:598.801 [Veto2]:607.922 [Veto3]:407.261 [Veto4]:407.261 [SgUp1]:59289 [SgUp2]:59088 [SgUp3]:0 [SgUp4]:0 [SgLow1]:59204 [SgLow2]:59003 [SgLow3]:0 [SgLow4]:0 [NetMuon1]:450302 [NetMuon2]:448996 [NetMuon3]:478810 [NetMuon4]:478810
[Run]:38901 [Site]:2 [Bin]:11893 [FullTime]:3600 [SkipTime]:0 [Veto1]:604.227 [Veto2]:604.178 [Veto3]:406.917 [Veto4]:406.917 [SgUp1]:59256 [SgUp2]:58938 [SgUp3]:0 [SgUp4]:0 [SgLow1]:59169 [SgLow2]:58819 [SgLow3]:0 [SgLow4]:0 [NetMuon1]:449312 [NetMuon2]:449224 [NetMuon3]:478677 [NetMuon4]:478677
[Run]:38901 [Site]:2 [Bin]:11894 [FullTime]:3600 [SkipTime]:0 [Veto1]:602.105 [Veto2]:595.89 [Veto3]:406.144 [Veto4]:406.144 [SgUp1]:59736 [SgUp2]:59054 [SgUp3]:0 [SgUp4]:0 [SgLow1]:59636 [SgLow2]:58962 [SgLow3]:0 [SgLow4]:0 [NetMuon1]:448507 [NetMuon2]:449511 [NetMuon3]:478068 [NetMuon4]:478068
[Run]:38901 [Site]:2 [Bin]:11895 [FullTime]:3600 [SkipTime]:0 [Veto1]:596.88 [Veto2]:588.911 [Veto3]:406.846 [Veto4]:406.846 [SgUp1]:59712 [SgUp2]:59101 [SgUp3]:0 [SgUp4]:0 [SgLow1]:59617 [SgLow2]:59020 [SgLow3]:0 [SgLow4]:0 [NetMuon1]:450593 [NetMuon2]:451632 [NetMuon3]:478715 [NetMuon4]:478715
[Run]:38901 [Site]:2 [Bin]:11896 [FullTime]:3600 [SkipTime]:0 [Veto1]:596.488 [Veto2]:620.283 [Veto3]:406.968 [Veto4]:406.968 [SgUp1]:59223 [SgUp2]:58507 [SgUp3]:0 [SgUp4]:0 [SgLow1]:59123 [SgLow2]:58419 [SgLow3]:0 [SgLow4]:0 [NetMuon1]:450251 [NetMuon2]:446665 [NetMuon3]:478667 [NetMuon4]:478667
[Run]:38901 [Site]:2 [Bin]:11897 [FullTime]:3600 [SkipTime]:0 [Veto1]:594.231 [Veto2]:592.646 [Veto3]:406.876 [Veto4]:406.876 [SgUp1]:59415 [SgUp2]:59093 [SgUp3]:0 [SgUp4]:0 [SgLow1]:59325 [SgLow2]:59002 [SgLow3]:0 [SgLow4]:0 [NetMuon1]:450323 [NetMuon2]:450933 [NetMuon3]:478751 [NetMuon4]:478751
[Run]:38901 [Site]:2 [Bin]:11898 [FullTime]:3600 [SkipTime]:0 [Veto1]:603.237 [Veto2]:603.472 [Veto3]:406.934 [Veto4]:406.934 [SgUp1]:59471 [SgUp2]:58738 [SgUp3]:0 [SgUp4]:0 [SgLow1]:59379 [SgLow2]:58648 [SgLow3]:0 [SgLow4]:0 [NetMuon1]:449309 [NetMuon2]:449086 [NetMuon3]:478710 [NetMuon4]:478710
[Run]:38901 [Site]:2 [Bin]:11899 [FullTime]:3600 [SkipTime]:0 [Veto1]:618.138 [Veto2]:612.547 [Veto3]:407.024 [Veto4]:407.024 [SgUp1]:58931 [SgUp2]:58700 [SgUp3]:0 [SgUp4]:0 [SgLow1]:58838 [SgLow2]:58618 [SgLow3]:0 [SgLow4]:0 [NetMuon1]:446554 [NetMuon2]:447627 [NetMuon3]:478725 [NetMuon4]:478725
[Run]:38901 [Site]:2 [Bin]:11900 [FullTime]:3600 [SkipTime]:0 [Veto1]:609.035 [Veto2]:590.706 [Veto3]:406.899 [Veto4]:406.899 [SgUp1]:58488 [SgUp2]:58967 [SgUp3]:0 [SgUp4]:0 [SgLow1]:58377 [SgLow2]:58872 [SgLow3]:0 [SgLow4]:0 [NetMuon1]:448426 [NetMuon2]:451399 [NetMuon3]:478819 [NetMuon4]:478819
[Run]:38901 [Site]:2 [Bin]:11901 [FullTime]:3600 [SkipTime]:0 [Veto1]:606.456 [Veto2]:615.468 [Veto3]:408.11 [Veto4]:408.11 [SgUp1]:58765 [SgUp2]:58314 [SgUp3]:0 [SgUp4]:0 [SgLow1]:58671 [SgLow2]:58247 [SgLow3]:0 [SgLow4]:0 [NetMuon1]:450377 [NetMuon2]:449012 [NetMuon3]:480183 [NetMuon4]:480183
[Run]:38901 [Site]:2 [Bin]:11902 [FullTime]:3600 [SkipTime]:0 [Veto1]:612.4 [Veto2]:605.325 [Veto3]:407.436 [Veto4]:407.436 [SgUp1]:59251 [SgUp2]:58975 [SgUp3]:0 [SgUp4]:0 [SgLow1]:59148 [SgLow2]:58884 [SgLow3]:0 [SgLow4]:0 [NetMuon1]:448823 [NetMuon2]:450188 [NetMuon3]:479621 [NetMuon4]:479621
[Run]:38901 [Site]:2 [Bin]:11903 [FullTime]:3600 [SkipTime]:0 [Veto1]:604.614 [Veto2]:590.559 [Veto3]:407.597 [Veto4]:407.597 [SgUp1]:58370 [SgUp2]:58987 [SgUp3]:0 [SgUp4]:0 [SgLow1]:58266 [SgLow2]:58922 [SgLow3]:0 [SgLow4]:0 [NetMuon1]:449976 [NetMuon2]:451715 [NetMuon3]:479551 [NetMuon4]:479551
[Run]:38901 [Site]:2 [Bin]:11904 [FullTime]:3600 [SkipTime]:0 [Veto1]:601.879 [Veto2]:612.793 [Veto3]:407.369 [Veto4]:407.369 [SgUp1]:58804 [SgUp2]:58628 [SgUp3]:0 [SgUp4]:0 [SgLow1]:58719 [SgLow2]:58561 [SgLow3]:0 [SgLow4]:0 [NetMuon1]:449896 [NetMuon2]:448214 [NetMuon3]:479060 [NetMuon4]:479060
End process Run: 38901 ... 
[Run]:38901 [Site]:2 [Bin]:11905 [FullTime]:188.078 [SkipTime]:0 [Veto1]:33.6639 [Veto2]:29.1895 [Veto3]:21.1683 [Veto4]:21.1683
