StreamChain add 0x1655c7f0
Start to process run: 39587 ... 
[Run]:39587 [Site]:2 [Bin]:12649 [FullTime]:3579.99 [SkipTime]:0 [Veto1]:566.138 [Veto2]:592.385 [Veto3]:404.654 [Veto4]:404.654 [SgUp1]:59190 [SgUp2]:58993 [SgUp3]:0 [SgUp4]:0 [SgLow1]:59105 [SgLow2]:58910 [SgLow3]:0 [SgLow4]:0 [NetMuon1]:451867 [NetMuon2]:447877 [NetMuon3]:476197 [NetMuon4]:476197
[Run]:39587 [Site]:2 [Bin]:12650 [FullTime]:3600 [SkipTime]:0 [Veto1]:588.952 [Veto2]:600.87 [Veto3]:407.373 [Veto4]:407.373 [SgUp1]:59048 [SgUp2]:59014 [SgUp3]:0 [SgUp4]:0 [SgLow1]:58934 [SgLow2]:58929 [SgLow3]:0 [SgLow4]:0 [NetMuon1]:452075 [NetMuon2]:449952 [NetMuon3]:479359 [NetMuon4]:479359
[Run]:39587 [Site]:2 [Bin]:12651 [FullTime]:3600 [SkipTime]:0 [Veto1]:600.513 [Veto2]:597.734 [Veto3]:407.492 [Veto4]:407.492 [SgUp1]:58737 [SgUp2]:58725 [SgUp3]:0 [SgUp4]:0 [SgLow1]:58632 [SgLow2]:58611 [SgLow3]:0 [SgLow4]:0 [NetMuon1]:450228 [NetMuon2]:450804 [NetMuon3]:479384 [NetMuon4]:479384
[Run]:39587 [Site]:2 [Bin]:12652 [FullTime]:3600 [SkipTime]:0 [Veto1]:603.712 [Veto2]:605.314 [Veto3]:407.522 [Veto4]:407.522 [SgUp1]:58419 [SgUp2]:58736 [SgUp3]:0 [SgUp4]:0 [SgLow1]:58318 [SgLow2]:58619 [SgLow3]:0 [SgLow4]:0 [NetMuon1]:450098 [NetMuon2]:449867 [NetMuon3]:479367 [NetMuon4]:479367
[Run]:39587 [Site]:2 [Bin]:12653 [FullTime]:3600 [SkipTime]:0 [Veto1]:603.928 [Veto2]:601.227 [Veto3]:407.887 [Veto4]:407.887 [SgUp1]:58449 [SgUp2]:58533 [SgUp3]:0 [SgUp4]:0 [SgLow1]:58373 [SgLow2]:58436 [SgLow3]:0 [SgLow4]:0 [NetMuon1]:450081 [NetMuon2]:450313 [NetMuon3]:479567 [NetMuon4]:479567
[Run]:39587 [Site]:2 [Bin]:12654 [FullTime]:3600 [SkipTime]:0 [Veto1]:610.74 [Veto2]:589.559 [Veto3]:407.998 [Veto4]:407.998 [SgUp1]:58542 [SgUp2]:59460 [SgUp3]:0 [SgUp4]:0 [SgLow1]:58420 [SgLow2]:59342 [SgLow3]:0 [SgLow4]:0 [NetMuon1]:449388 [NetMuon2]:452733 [NetMuon3]:480017 [NetMuon4]:480017
[Run]:39587 [Site]:2 [Bin]:12655 [FullTime]:3600 [SkipTime]:0 [Veto1]:603.276 [Veto2]:612.352 [Veto3]:407.159 [Veto4]:407.159 [SgUp1]:58505 [SgUp2]:58851 [SgUp3]:0 [SgUp4]:0 [SgLow1]:58398 [SgLow2]:58751 [SgLow3]:0 [SgLow4]:0 [NetMuon1]:449570 [NetMuon2]:448062 [NetMuon3]:478937 [NetMuon4]:478937
[Run]:39587 [Site]:2 [Bin]:12656 [FullTime]:3600 [SkipTime]:0 [Veto1]:592.115 [Veto2]:590.703 [Veto3]:407.853 [Veto4]:407.853 [SgUp1]:58712 [SgUp2]:59549 [SgUp3]:0 [SgUp4]:0 [SgLow1]:58591 [SgLow2]:59442 [SgLow3]:0 [SgLow4]:0 [NetMuon1]:452324 [NetMuon2]:452435 [NetMuon3]:479978 [NetMuon4]:479978
[Run]:39587 [Site]:2 [Bin]:12657 [FullTime]:3600 [SkipTime]:0 [Veto1]:595.617 [Veto2]:588.658 [Veto3]:407.344 [Veto4]:407.344 [SgUp1]:58678 [SgUp2]:58808 [SgUp3]:0 [SgUp4]:0 [SgLow1]:58610 [SgLow2]:58702 [SgLow3]:0 [SgLow4]:0 [NetMuon1]:450800 [NetMuon2]:452138 [NetMuon3]:479108 [NetMuon4]:479108
[Run]:39587 [Site]:2 [Bin]:12658 [FullTime]:3600 [SkipTime]:0 [Veto1]:604.38 [Veto2]:605.716 [Veto3]:407.177 [Veto4]:407.177 [SgUp1]:58716 [SgUp2]:59214 [SgUp3]:0 [SgUp4]:0 [SgLow1]:58611 [SgLow2]:59130 [SgLow3]:0 [SgLow4]:0 [NetMuon1]:449418 [NetMuon2]:449094 [NetMuon3]:479140 [NetMuon4]:479140
[Run]:39587 [Site]:2 [Bin]:12659 [FullTime]:3600 [SkipTime]:0 [Veto1]:598.912 [Veto2]:609.154 [Veto3]:407.36 [Veto4]:407.36 [SgUp1]:58681 [SgUp2]:59015 [SgUp3]:0 [SgUp4]:0 [SgLow1]:58574 [SgLow2]:58935 [SgLow3]:0 [SgLow4]:0 [NetMuon1]:450570 [NetMuon2]:448925 [NetMuon3]:479203 [NetMuon4]:479203
[Run]:39587 [Site]:2 [Bin]:12660 [FullTime]:3600 [SkipTime]:0 [Veto1]:608.924 [Veto2]:591.066 [Veto3]:405.733 [Veto4]:405.733 [SgUp1]:58805 [SgUp2]:59419 [SgUp3]:0 [SgUp4]:0 [SgLow1]:58712 [SgLow2]:59331 [SgLow3]:0 [SgLow4]:0 [NetMuon1]:447170 [NetMuon2]:449927 [NetMuon3]:477523 [NetMuon4]:477523
[Run]:39587 [Site]:2 [Bin]:12661 [FullTime]:3600 [SkipTime]:0 [Veto1]:599.145 [Veto2]:613.451 [Veto3]:407.027 [Veto4]:407.027 [SgUp1]:58693 [SgUp2]:58836 [SgUp3]:0 [SgUp4]:0 [SgLow1]:58604 [SgLow2]:58718 [SgLow3]:0 [SgLow4]:0 [NetMuon1]:449794 [NetMuon2]:447675 [NetMuon3]:478765 [NetMuon4]:478765
[Run]:39587 [Site]:2 [Bin]:12662 [FullTime]:3600 [SkipTime]:0 [Veto1]:625.12 [Veto2]:600.627 [Veto3]:405.999 [Veto4]:405.999 [SgUp1]:58450 [SgUp2]:59256 [SgUp3]:0 [SgUp4]:0 [SgLow1]:58339 [SgLow2]:59172 [SgLow3]:0 [SgLow4]:0 [NetMuon1]:445053 [NetMuon2]:448347 [NetMuon3]:477650 [NetMuon4]:477650
[Run]:39587 [Site]:2 [Bin]:12663 [FullTime]:3600 [SkipTime]:0 [Veto1]:611.176 [Veto2]:585.661 [Veto3]:407.425 [Veto4]:407.425 [SgUp1]:58604 [SgUp2]:59450 [SgUp3]:0 [SgUp4]:0 [SgLow1]:58494 [SgLow2]:59361 [SgLow3]:0 [SgLow4]:0 [NetMuon1]:448780 [NetMuon2]:452547 [NetMuon3]:479249 [NetMuon4]:479249
[Run]:39587 [Site]:2 [Bin]:12664 [FullTime]:3600 [SkipTime]:0 [Veto1]:594.767 [Veto2]:605.781 [Veto3]:407.211 [Veto4]:407.211 [SgUp1]:58737 [SgUp2]:58913 [SgUp3]:0 [SgUp4]:0 [SgLow1]:58648 [SgLow2]:58803 [SgLow3]:0 [SgLow4]:0 [NetMuon1]:450855 [NetMuon2]:449181 [NetMuon3]:479050 [NetMuon4]:479050
[Run]:39587 [Site]:2 [Bin]:12665 [FullTime]:3600 [SkipTime]:0 [Veto1]:601.423 [Veto2]:591.403 [Veto3]:407.276 [Veto4]:407.276 [SgUp1]:58832 [SgUp2]:58964 [SgUp3]:0 [SgUp4]:0 [SgLow1]:58740 [SgLow2]:58864 [SgLow3]:0 [SgLow4]:0 [NetMuon1]:449959 [NetMuon2]:451363 [NetMuon3]:479073 [NetMuon4]:479073
[Run]:39587 [Site]:2 [Bin]:12666 [FullTime]:3600 [SkipTime]:0 [Veto1]:605.414 [Veto2]:592.825 [Veto3]:407.829 [Veto4]:407.829 [SgUp1]:58861 [SgUp2]:59299 [SgUp3]:0 [SgUp4]:0 [SgLow1]:58777 [SgLow2]:59195 [SgLow3]:0 [SgLow4]:0 [NetMuon1]:449749 [NetMuon2]:451667 [NetMuon3]:479645 [NetMuon4]:479645
[Run]:39587 [Site]:2 [Bin]:12667 [FullTime]:3600 [SkipTime]:0 [Veto1]:613.716 [Veto2]:610.324 [Veto3]:407.009 [Veto4]:407.009 [SgUp1]:58720 [SgUp2]:59319 [SgUp3]:0 [SgUp4]:0 [SgLow1]:58597 [SgLow2]:59187 [SgLow3]:0 [SgLow4]:0 [NetMuon1]:447849 [NetMuon2]:448398 [NetMuon3]:478793 [NetMuon4]:478793
[Run]:39587 [Site]:2 [Bin]:12668 [FullTime]:3600 [SkipTime]:0 [Veto1]:598.739 [Veto2]:617.432 [Veto3]:406.933 [Veto4]:406.933 [SgUp1]:59353 [SgUp2]:58683 [SgUp3]:0 [SgUp4]:0 [SgLow1]:59243 [SgLow2]:58579 [SgLow3]:0 [SgLow4]:0 [NetMuon1]:449777 [NetMuon2]:447235 [NetMuon3]:478502 [NetMuon4]:478502
[Run]:39587 [Site]:2 [Bin]:12669 [FullTime]:3600 [SkipTime]:0 [Veto1]:597.241 [Veto2]:608.017 [Veto3]:407.187 [Veto4]:407.187 [SgUp1]:59403 [SgUp2]:59059 [SgUp3]:0 [SgUp4]:0 [SgLow1]:59307 [SgLow2]:58949 [SgLow3]:0 [SgLow4]:0 [NetMuon1]:450538 [NetMuon2]:448821 [NetMuon3]:479043 [NetMuon4]:479043
[Run]:39587 [Site]:2 [Bin]:12670 [FullTime]:3600 [SkipTime]:0 [Veto1]:582.501 [Veto2]:602.07 [Veto3]:406.977 [Veto4]:406.977 [SgUp1]:59658 [SgUp2]:59109 [SgUp3]:0 [SgUp4]:0 [SgLow1]:59532 [SgLow2]:58997 [SgLow3]:0 [SgLow4]:0 [NetMuon1]:452527 [NetMuon2]:449708 [NetMuon3]:478896 [NetMuon4]:478896
[Run]:39587 [Site]:2 [Bin]:12671 [FullTime]:3600 [SkipTime]:0 [Veto1]:619.476 [Veto2]:584.404 [Veto3]:406.665 [Veto4]:406.665 [SgUp1]:58479 [SgUp2]:59123 [SgUp3]:0 [SgUp4]:0 [SgLow1]:58361 [SgLow2]:59027 [SgLow3]:0 [SgLow4]:0 [NetMuon1]:446516 [NetMuon2]:451563 [NetMuon3]:478469 [NetMuon4]:478469
[Run]:39587 [Site]:2 [Bin]:12672 [FullTime]:3600 [SkipTime]:0 [Veto1]:604.887 [Veto2]:603.335 [Veto3]:407.19 [Veto4]:407.19 [SgUp1]:59270 [SgUp2]:59346 [SgUp3]:0 [SgUp4]:0 [SgLow1]:59160 [SgLow2]:59245 [SgLow3]:0 [SgLow4]:0 [NetMuon1]:448930 [NetMuon2]:449848 [NetMuon3]:478939 [NetMuon4]:478939
[Run]:39587 [Site]:2 [Bin]:12673 [FullTime]:3600 [SkipTime]:0 [Veto1]:620.1 [Veto2]:611.392 [Veto3]:406.783 [Veto4]:406.783 [SgUp1]:58557 [SgUp2]:58573 [SgUp3]:0 [SgUp4]:0 [SgLow1]:58440 [SgLow2]:58481 [SgLow3]:0 [SgLow4]:0 [NetMuon1]:446559 [NetMuon2]:447775 [NetMuon3]:478739 [NetMuon4]:478739
[Run]:39587 [Site]:2 [Bin]:12674 [FullTime]:3600 [SkipTime]:0 [Veto1]:585.861 [Veto2]:595.049 [Veto3]:406.871 [Veto4]:406.871 [SgUp1]:59254 [SgUp2]:59049 [SgUp3]:0 [SgUp4]:0 [SgLow1]:59171 [SgLow2]:58975 [SgLow3]:0 [SgLow4]:0 [NetMuon1]:451951 [NetMuon2]:450228 [NetMuon3]:478590 [NetMuon4]:478590
[Run]:39587 [Site]:2 [Bin]:12675 [FullTime]:3600 [SkipTime]:0 [Veto1]:607.268 [Veto2]:591.512 [Veto3]:407.462 [Veto4]:407.462 [SgUp1]:58902 [SgUp2]:59153 [SgUp3]:0 [SgUp4]:0 [SgLow1]:58807 [SgLow2]:59069 [SgLow3]:0 [SgLow4]:0 [NetMuon1]:449278 [NetMuon2]:451639 [NetMuon3]:479287 [NetMuon4]:479287
[Run]:39587 [Site]:2 [Bin]:12676 [FullTime]:3600 [SkipTime]:0 [Veto1]:590.969 [Veto2]:619.437 [Veto3]:408.184 [Veto4]:408.184 [SgUp1]:59517 [SgUp2]:58688 [SgUp3]:0 [SgUp4]:0 [SgLow1]:59433 [SgLow2]:58574 [SgLow3]:0 [SgLow4]:0 [NetMuon1]:452632 [NetMuon2]:448191 [NetMuon3]:479988 [NetMuon4]:479988
[Run]:39587 [Site]:2 [Bin]:12677 [FullTime]:3600 [SkipTime]:0 [Veto1]:587.815 [Veto2]:621.224 [Veto3]:406.422 [Veto4]:406.422 [SgUp1]:59853 [SgUp2]:58622 [SgUp3]:0 [SgUp4]:0 [SgLow1]:59722 [SgLow2]:58492 [SgLow3]:0 [SgLow4]:0 [NetMuon1]:450960 [NetMuon2]:445904 [NetMuon3]:477926 [NetMuon4]:477926
[Run]:39587 [Site]:2 [Bin]:12678 [FullTime]:3600 [SkipTime]:0 [Veto1]:579.445 [Veto2]:581.567 [Veto3]:405.924 [Veto4]:405.924 [SgUp1]:59442 [SgUp2]:59821 [SgUp3]:0 [SgUp4]:0 [SgLow1]:59340 [SgLow2]:59716 [SgLow3]:0 [SgLow4]:0 [NetMuon1]:451598 [NetMuon2]:451120 [NetMuon3]:477573 [NetMuon4]:477573
[Run]:39587 [Site]:2 [Bin]:12679 [FullTime]:3600 [SkipTime]:0 [Veto1]:624.374 [Veto2]:624.136 [Veto3]:406.917 [Veto4]:406.917 [SgUp1]:58012 [SgUp2]:58918 [SgUp3]:0 [SgUp4]:0 [SgLow1]:57917 [SgLow2]:58800 [SgLow3]:0 [SgLow4]:0 [NetMuon1]:446080 [NetMuon2]:446232 [NetMuon3]:478616 [NetMuon4]:478616
[Run]:39587 [Site]:2 [Bin]:12680 [FullTime]:3600 [SkipTime]:0 [Veto1]:596.597 [Veto2]:604.013 [Veto3]:405.869 [Veto4]:405.869 [SgUp1]:59239 [SgUp2]:59194 [SgUp3]:0 [SgUp4]:0 [SgLow1]:59149 [SgLow2]:59097 [SgLow3]:0 [SgLow4]:0 [NetMuon1]:449207 [NetMuon2]:447820 [NetMuon3]:477586 [NetMuon4]:477586
[Run]:39587 [Site]:2 [Bin]:12681 [FullTime]:3600 [SkipTime]:0 [Veto1]:606.969 [Veto2]:609.276 [Veto3]:407.767 [Veto4]:407.767 [SgUp1]:58014 [SgUp2]:59198 [SgUp3]:0 [SgUp4]:0 [SgLow1]:57904 [SgLow2]:59087 [SgLow3]:0 [SgLow4]:0 [NetMuon1]:449686 [NetMuon2]:449464 [NetMuon3]:479622 [NetMuon4]:479622
[Run]:39587 [Site]:2 [Bin]:12682 [FullTime]:3600 [SkipTime]:0 [Veto1]:615.811 [Veto2]:598.026 [Veto3]:406.028 [Veto4]:406.028 [SgUp1]:58230 [SgUp2]:59369 [SgUp3]:0 [SgUp4]:0 [SgLow1]:58137 [SgLow2]:59243 [SgLow3]:0 [SgLow4]:0 [NetMuon1]:446289 [NetMuon2]:448878 [NetMuon3]:477677 [NetMuon4]:477677
[Run]:39587 [Site]:2 [Bin]:12683 [FullTime]:3600 [SkipTime]:0 [Veto1]:589.523 [Veto2]:614.991 [Veto3]:406.21 [Veto4]:406.21 [SgUp1]:59207 [SgUp2]:59290 [SgUp3]:0 [SgUp4]:0 [SgLow1]:59129 [SgLow2]:59179 [SgLow3]:0 [SgLow4]:0 [NetMuon1]:450729 [NetMuon2]:446838 [NetMuon3]:478120 [NetMuon4]:478120
[Run]:39587 [Site]:2 [Bin]:12684 [FullTime]:3600 [SkipTime]:0 [Veto1]:615.21 [Veto2]:639.017 [Veto3]:406.834 [Veto4]:406.834 [SgUp1]:58787 [SgUp2]:58902 [SgUp3]:0 [SgUp4]:0 [SgLow1]:58669 [SgLow2]:58801 [SgLow3]:0 [SgLow4]:0 [NetMuon1]:447613 [NetMuon2]:443801 [NetMuon3]:478662 [NetMuon4]:478662
[Run]:39587 [Site]:2 [Bin]:12685 [FullTime]:3600 [SkipTime]:0 [Veto1]:609.243 [Veto2]:598.509 [Veto3]:406.57 [Veto4]:406.57 [SgUp1]:58573 [SgUp2]:59431 [SgUp3]:0 [SgUp4]:0 [SgLow1]:58451 [SgLow2]:59320 [SgLow3]:0 [SgLow4]:0 [NetMuon1]:448209 [NetMuon2]:449819 [NetMuon3]:478493 [NetMuon4]:478493
[Run]:39587 [Site]:2 [Bin]:12686 [FullTime]:3600 [SkipTime]:0 [Veto1]:612.127 [Veto2]:586.864 [Veto3]:406.721 [Veto4]:406.721 [SgUp1]:59039 [SgUp2]:59601 [SgUp3]:0 [SgUp4]:0 [SgLow1]:58944 [SgLow2]:59501 [SgLow3]:0 [SgLow4]:0 [NetMuon1]:447791 [NetMuon2]:451460 [NetMuon3]:478517 [NetMuon4]:478517
[Run]:39587 [Site]:2 [Bin]:12687 [FullTime]:3600 [SkipTime]:0 [Veto1]:588.838 [Veto2]:586.443 [Veto3]:406.2 [Veto4]:406.2 [SgUp1]:58819 [SgUp2]:59676 [SgUp3]:0 [SgUp4]:0 [SgLow1]:58687 [SgLow2]:59583 [SgLow3]:0 [SgLow4]:0 [NetMuon1]:450792 [NetMuon2]:450708 [NetMuon3]:477963 [NetMuon4]:477963
[Run]:39587 [Site]:2 [Bin]:12688 [FullTime]:3600 [SkipTime]:0 [Veto1]:590.79 [Veto2]:586.193 [Veto3]:406.274 [Veto4]:406.274 [SgUp1]:58897 [SgUp2]:59652 [SgUp3]:0 [SgUp4]:0 [SgLow1]:58786 [SgLow2]:59539 [SgLow3]:0 [SgLow4]:0 [NetMuon1]:450010 [NetMuon2]:450973 [NetMuon3]:477943 [NetMuon4]:477943
[Run]:39587 [Site]:2 [Bin]:12689 [FullTime]:3600 [SkipTime]:0 [Veto1]:600.192 [Veto2]:609.932 [Veto3]:406.545 [Veto4]:406.545 [SgUp1]:58942 [SgUp2]:59145 [SgUp3]:0 [SgUp4]:0 [SgLow1]:58833 [SgLow2]:59041 [SgLow3]:0 [SgLow4]:0 [NetMuon1]:449268 [NetMuon2]:447733 [NetMuon3]:478235 [NetMuon4]:478235
[Run]:39587 [Site]:2 [Bin]:12690 [FullTime]:3600 [SkipTime]:0 [Veto1]:604.986 [Veto2]:596.386 [Veto3]:406.399 [Veto4]:406.399 [SgUp1]:59211 [SgUp2]:59448 [SgUp3]:0 [SgUp4]:0 [SgLow1]:59101 [SgLow2]:59345 [SgLow3]:0 [SgLow4]:0 [NetMuon1]:448563 [NetMuon2]:449537 [NetMuon3]:477951 [NetMuon4]:477951
[Run]:39587 [Site]:2 [Bin]:12691 [FullTime]:3600 [SkipTime]:0 [Veto1]:603.615 [Veto2]:586.394 [Veto3]:406.047 [Veto4]:406.047 [SgUp1]:59042 [SgUp2]:59734 [SgUp3]:0 [SgUp4]:0 [SgLow1]:58947 [SgLow2]:59642 [SgLow3]:0 [SgLow4]:0 [NetMuon1]:448111 [NetMuon2]:450843 [NetMuon3]:477952 [NetMuon4]:477952
[Run]:39587 [Site]:2 [Bin]:12692 [FullTime]:3600 [SkipTime]:0 [Veto1]:599.569 [Veto2]:607.151 [Veto3]:405.668 [Veto4]:405.668 [SgUp1]:59691 [SgUp2]:59559 [SgUp3]:0 [SgUp4]:0 [SgLow1]:59573 [SgLow2]:59457 [SgLow3]:0 [SgLow4]:0 [NetMuon1]:448405 [NetMuon2]:447010 [NetMuon3]:477148 [NetMuon4]:477148
[Run]:39587 [Site]:2 [Bin]:12693 [FullTime]:3600 [SkipTime]:0 [Veto1]:585.934 [Veto2]:603.335 [Veto3]:407.258 [Veto4]:407.258 [SgUp1]:59256 [SgUp2]:59611 [SgUp3]:0 [SgUp4]:0 [SgLow1]:59117 [SgLow2]:59497 [SgLow3]:0 [SgLow4]:0 [NetMuon1]:452437 [NetMuon2]:449828 [NetMuon3]:479339 [NetMuon4]:479339
[Run]:39587 [Site]:2 [Bin]:12694 [FullTime]:3600 [SkipTime]:0 [Veto1]:603.78 [Veto2]:600.497 [Veto3]:407.115 [Veto4]:407.115 [SgUp1]:59061 [SgUp2]:59783 [SgUp3]:0 [SgUp4]:0 [SgLow1]:58944 [SgLow2]:59688 [SgLow3]:0 [SgLow4]:0 [NetMuon1]:449397 [NetMuon2]:449910 [NetMuon3]:478987 [NetMuon4]:478987
[Run]:39587 [Site]:2 [Bin]:12695 [FullTime]:3600 [SkipTime]:0 [Veto1]:598.261 [Veto2]:627.543 [Veto3]:406.774 [Veto4]:406.774 [SgUp1]:59453 [SgUp2]:59104 [SgUp3]:0 [SgUp4]:0 [SgLow1]:59386 [SgLow2]:58973 [SgLow3]:0 [SgLow4]:0 [NetMuon1]:449630 [NetMuon2]:445020 [NetMuon3]:478506 [NetMuon4]:478506
[Run]:39587 [Site]:2 [Bin]:12696 [FullTime]:3600 [SkipTime]:0 [Veto1]:606.652 [Veto2]:610.021 [Veto3]:407.109 [Veto4]:407.109 [SgUp1]:59000 [SgUp2]:59562 [SgUp3]:0 [SgUp4]:0 [SgLow1]:58897 [SgLow2]:59455 [SgLow3]:0 [SgLow4]:0 [NetMuon1]:449374 [NetMuon2]:448463 [NetMuon3]:479027 [NetMuon4]:479027
End process Run: 39587 ... 
[Run]:39587 [Site]:2 [Bin]:12697 [FullTime]:744.594 [SkipTime]:0 [Veto1]:132.677 [Veto2]:128.431 [Veto3]:84.4664 [Veto4]:84.4664
