StreamChain add 0x77867f0
Start to process run: 39076 ... 
[Run]:39076 [Site]:2 [Bin]:11977 [FullTime]:2862.37 [SkipTime]:0 [Veto1]:483.36 [Veto2]:483.725 [Veto3]:323.862 [Veto4]:323.862 [SgUp1]:46787 [SgUp2]:47023 [SgUp3]:0 [SgUp4]:0 [SgLow1]:46704 [SgLow2]:46961 [SgLow3]:0 [SgLow4]:0 [NetMuon1]:357217 [NetMuon2]:357065 [NetMuon3]:381090 [NetMuon4]:381090
[Run]:39076 [Site]:2 [Bin]:11978 [FullTime]:3600 [SkipTime]:0 [Veto1]:595.379 [Veto2]:606.921 [Veto3]:408.196 [Veto4]:408.196 [SgUp1]:59033 [SgUp2]:59010 [SgUp3]:0 [SgUp4]:0 [SgLow1]:58943 [SgLow2]:58903 [SgLow3]:0 [SgLow4]:0 [NetMuon1]:452189 [NetMuon2]:450745 [NetMuon3]:480464 [NetMuon4]:480464
[Run]:39076 [Site]:2 [Bin]:11979 [FullTime]:3600 [SkipTime]:0 [Veto1]:598.18 [Veto2]:608.078 [Veto3]:406.688 [Veto4]:406.688 [SgUp1]:58590 [SgUp2]:59005 [SgUp3]:0 [SgUp4]:0 [SgLow1]:58500 [SgLow2]:58925 [SgLow3]:0 [SgLow4]:0 [NetMuon1]:449812 [NetMuon2]:448507 [NetMuon3]:478446 [NetMuon4]:478446
[Run]:39076 [Site]:2 [Bin]:11980 [FullTime]:3600 [SkipTime]:0 [Veto1]:586.564 [Veto2]:614.426 [Veto3]:408.366 [Veto4]:408.366 [SgUp1]:58900 [SgUp2]:58920 [SgUp3]:0 [SgUp4]:0 [SgLow1]:58812 [SgLow2]:58824 [SgLow3]:0 [SgLow4]:0 [NetMuon1]:453898 [NetMuon2]:449430 [NetMuon3]:480399 [NetMuon4]:480399
[Run]:39076 [Site]:2 [Bin]:11981 [FullTime]:3600 [SkipTime]:0 [Veto1]:601.294 [Veto2]:614.316 [Veto3]:407.342 [Veto4]:407.342 [SgUp1]:59028 [SgUp2]:58585 [SgUp3]:0 [SgUp4]:0 [SgLow1]:58926 [SgLow2]:58515 [SgLow3]:0 [SgLow4]:0 [NetMuon1]:450223 [NetMuon2]:448094 [NetMuon3]:479252 [NetMuon4]:479252
[Run]:39076 [Site]:2 [Bin]:11982 [FullTime]:3600 [SkipTime]:0 [Veto1]:590.294 [Veto2]:599.581 [Veto3]:406.367 [Veto4]:406.367 [SgUp1]:59606 [SgUp2]:58711 [SgUp3]:0 [SgUp4]:0 [SgLow1]:59502 [SgLow2]:58613 [SgLow3]:0 [SgLow4]:0 [NetMuon1]:450499 [NetMuon2]:449038 [NetMuon3]:478168 [NetMuon4]:478168
[Run]:39076 [Site]:2 [Bin]:11983 [FullTime]:3600.01 [SkipTime]:0 [Veto1]:602.975 [Veto2]:571.087 [Veto3]:407.065 [Veto4]:407.065 [SgUp1]:58707 [SgUp2]:59800 [SgUp3]:0 [SgUp4]:0 [SgLow1]:58637 [SgLow2]:59725 [SgLow3]:0 [SgLow4]:0 [NetMuon1]:449302 [NetMuon2]:454150 [NetMuon3]:478685 [NetMuon4]:478685
[Run]:39076 [Site]:2 [Bin]:11984 [FullTime]:3599.99 [SkipTime]:0 [Veto1]:590.944 [Veto2]:608.952 [Veto3]:406.986 [Veto4]:406.986 [SgUp1]:59409 [SgUp2]:58957 [SgUp3]:0 [SgUp4]:0 [SgLow1]:59335 [SgLow2]:58857 [SgLow3]:0 [SgLow4]:0 [NetMuon1]:450851 [NetMuon2]:448038 [NetMuon3]:478505 [NetMuon4]:478505
[Run]:39076 [Site]:2 [Bin]:11985 [FullTime]:3600 [SkipTime]:0 [Veto1]:592.58 [Veto2]:578.595 [Veto3]:406.423 [Veto4]:406.423 [SgUp1]:59835 [SgUp2]:59093 [SgUp3]:0 [SgUp4]:0 [SgLow1]:59722 [SgLow2]:59007 [SgLow3]:0 [SgLow4]:0 [NetMuon1]:450364 [NetMuon2]:452559 [NetMuon3]:478217 [NetMuon4]:478217
[Run]:39076 [Site]:2 [Bin]:11986 [FullTime]:3600 [SkipTime]:0 [Veto1]:608.301 [Veto2]:606.321 [Veto3]:406.581 [Veto4]:406.581 [SgUp1]:58896 [SgUp2]:59143 [SgUp3]:0 [SgUp4]:0 [SgLow1]:58803 [SgLow2]:59053 [SgLow3]:0 [SgLow4]:0 [NetMuon1]:448259 [NetMuon2]:448425 [NetMuon3]:478529 [NetMuon4]:478529
[Run]:39076 [Site]:2 [Bin]:11987 [FullTime]:3600 [SkipTime]:0 [Veto1]:595.446 [Veto2]:601.482 [Veto3]:407.366 [Veto4]:407.366 [SgUp1]:58913 [SgUp2]:59197 [SgUp3]:0 [SgUp4]:0 [SgLow1]:58843 [SgLow2]:59096 [SgLow3]:0 [SgLow4]:0 [NetMuon1]:450831 [NetMuon2]:450094 [NetMuon3]:479199 [NetMuon4]:479199
[Run]:39076 [Site]:2 [Bin]:11988 [FullTime]:3600 [SkipTime]:0 [Veto1]:625.795 [Veto2]:624.833 [Veto3]:407.12 [Veto4]:407.12 [SgUp1]:57982 [SgUp2]:58206 [SgUp3]:0 [SgUp4]:0 [SgLow1]:57904 [SgLow2]:58144 [SgLow3]:0 [SgLow4]:0 [NetMuon1]:446359 [NetMuon2]:446519 [NetMuon3]:478840 [NetMuon4]:478840
[Run]:39076 [Site]:2 [Bin]:11989 [FullTime]:3600.01 [SkipTime]:0 [Veto1]:598.545 [Veto2]:593.258 [Veto3]:406.448 [Veto4]:406.448 [SgUp1]:58957 [SgUp2]:59256 [SgUp3]:0 [SgUp4]:0 [SgLow1]:58891 [SgLow2]:59176 [SgLow3]:0 [SgLow4]:0 [NetMuon1]:449611 [NetMuon2]:450297 [NetMuon3]:478335 [NetMuon4]:478335
[Run]:39076 [Site]:2 [Bin]:11990 [FullTime]:3600 [SkipTime]:0 [Veto1]:602.288 [Veto2]:603.609 [Veto3]:407.136 [Veto4]:407.136 [SgUp1]:58802 [SgUp2]:59039 [SgUp3]:0 [SgUp4]:0 [SgLow1]:58723 [SgLow2]:58945 [SgLow3]:0 [SgLow4]:0 [NetMuon1]:449831 [NetMuon2]:449130 [NetMuon3]:478815 [NetMuon4]:478815
[Run]:39076 [Site]:2 [Bin]:11991 [FullTime]:3600 [SkipTime]:0 [Veto1]:580.792 [Veto2]:573.784 [Veto3]:406.786 [Veto4]:406.786 [SgUp1]:59291 [SgUp2]:59962 [SgUp3]:0 [SgUp4]:0 [SgLow1]:59200 [SgLow2]:59870 [SgLow3]:0 [SgLow4]:0 [NetMuon1]:452525 [NetMuon2]:453577 [NetMuon3]:478753 [NetMuon4]:478753
[Run]:39076 [Site]:2 [Bin]:11992 [FullTime]:3600 [SkipTime]:0 [Veto1]:603.228 [Veto2]:597.962 [Veto3]:407.01 [Veto4]:407.01 [SgUp1]:58931 [SgUp2]:58878 [SgUp3]:0 [SgUp4]:0 [SgLow1]:58806 [SgLow2]:58783 [SgLow3]:0 [SgLow4]:0 [NetMuon1]:449403 [NetMuon2]:450125 [NetMuon3]:478818 [NetMuon4]:478818
[Run]:39076 [Site]:2 [Bin]:11993 [FullTime]:3600.01 [SkipTime]:0 [Veto1]:623.36 [Veto2]:615.657 [Veto3]:406.551 [Veto4]:406.551 [SgUp1]:58581 [SgUp2]:58706 [SgUp3]:0 [SgUp4]:0 [SgLow1]:58511 [SgLow2]:58631 [SgLow3]:0 [SgLow4]:0 [NetMuon1]:445953 [NetMuon2]:447636 [NetMuon3]:478532 [NetMuon4]:478532
[Run]:39076 [Site]:2 [Bin]:11994 [FullTime]:3600 [SkipTime]:0 [Veto1]:593.602 [Veto2]:600.173 [Veto3]:407.576 [Veto4]:407.576 [SgUp1]:58923 [SgUp2]:59140 [SgUp3]:0 [SgUp4]:0 [SgLow1]:58823 [SgLow2]:59075 [SgLow3]:0 [SgLow4]:0 [NetMuon1]:451706 [NetMuon2]:450469 [NetMuon3]:479529 [NetMuon4]:479529
[Run]:39076 [Site]:2 [Bin]:11995 [FullTime]:3600 [SkipTime]:0 [Veto1]:624.48 [Veto2]:596.557 [Veto3]:406.577 [Veto4]:406.577 [SgUp1]:58893 [SgUp2]:59162 [SgUp3]:0 [SgUp4]:0 [SgLow1]:58813 [SgLow2]:59076 [SgLow3]:0 [SgLow4]:0 [NetMuon1]:445732 [NetMuon2]:449802 [NetMuon3]:478202 [NetMuon4]:478202
[Run]:39076 [Site]:2 [Bin]:11996 [FullTime]:3600 [SkipTime]:0 [Veto1]:619.746 [Veto2]:599.394 [Veto3]:407.119 [Veto4]:407.119 [SgUp1]:59011 [SgUp2]:58881 [SgUp3]:0 [SgUp4]:0 [SgLow1]:58905 [SgLow2]:58761 [SgLow3]:0 [SgLow4]:0 [NetMuon1]:446841 [NetMuon2]:450124 [NetMuon3]:478991 [NetMuon4]:478991
[Run]:39076 [Site]:2 [Bin]:11997 [FullTime]:3600 [SkipTime]:0 [Veto1]:615.654 [Veto2]:569.405 [Veto3]:407.137 [Veto4]:407.137 [SgUp1]:58745 [SgUp2]:59688 [SgUp3]:0 [SgUp4]:0 [SgLow1]:58655 [SgLow2]:59582 [SgLow3]:0 [SgLow4]:0 [NetMuon1]:447833 [NetMuon2]:454731 [NetMuon3]:479012 [NetMuon4]:479012
[Run]:39076 [Site]:2 [Bin]:11998 [FullTime]:3600 [SkipTime]:0 [Veto1]:599.559 [Veto2]:587.143 [Veto3]:406.375 [Veto4]:406.375 [SgUp1]:59002 [SgUp2]:59236 [SgUp3]:0 [SgUp4]:0 [SgLow1]:58908 [SgLow2]:59127 [SgLow3]:0 [SgLow4]:0 [NetMuon1]:448962 [NetMuon2]:450925 [NetMuon3]:478137 [NetMuon4]:478137
[Run]:39076 [Site]:2 [Bin]:11999 [FullTime]:3600 [SkipTime]:0 [Veto1]:587.441 [Veto2]:604.001 [Veto3]:407.2 [Veto4]:407.2 [SgUp1]:59560 [SgUp2]:58550 [SgUp3]:0 [SgUp4]:0 [SgLow1]:59475 [SgLow2]:58436 [SgLow3]:0 [SgLow4]:0 [NetMuon1]:451787 [NetMuon2]:449221 [NetMuon3]:478879 [NetMuon4]:478879
[Run]:39076 [Site]:2 [Bin]:12000 [FullTime]:3600 [SkipTime]:0 [Veto1]:598.854 [Veto2]:581.469 [Veto3]:407.931 [Veto4]:407.931 [SgUp1]:59379 [SgUp2]:59159 [SgUp3]:0 [SgUp4]:0 [SgLow1]:59296 [SgLow2]:59070 [SgLow3]:0 [SgLow4]:0 [NetMuon1]:450705 [NetMuon2]:453723 [NetMuon3]:479766 [NetMuon4]:479766
[Run]:39076 [Site]:2 [Bin]:12001 [FullTime]:3600 [SkipTime]:0 [Veto1]:591.12 [Veto2]:597.55 [Veto3]:408.139 [Veto4]:408.139 [SgUp1]:59389 [SgUp2]:59211 [SgUp3]:0 [SgUp4]:0 [SgLow1]:59298 [SgLow2]:59123 [SgLow3]:0 [SgLow4]:0 [NetMuon1]:452493 [NetMuon2]:451445 [NetMuon3]:480069 [NetMuon4]:480069
[Run]:39076 [Site]:2 [Bin]:12002 [FullTime]:3600 [SkipTime]:0 [Veto1]:612.439 [Veto2]:612.211 [Veto3]:408.314 [Veto4]:408.314 [SgUp1]:59125 [SgUp2]:59239 [SgUp3]:0 [SgUp4]:0 [SgLow1]:59032 [SgLow2]:59160 [SgLow3]:0 [SgLow4]:0 [NetMuon1]:449367 [NetMuon2]:449785 [NetMuon3]:480337 [NetMuon4]:480337
[Run]:39076 [Site]:2 [Bin]:12003 [FullTime]:3600 [SkipTime]:0 [Veto1]:607.491 [Veto2]:605.88 [Veto3]:407.711 [Veto4]:407.711 [SgUp1]:58901 [SgUp2]:58770 [SgUp3]:0 [SgUp4]:0 [SgLow1]:58798 [SgLow2]:58688 [SgLow3]:0 [SgLow4]:0 [NetMuon1]:449445 [NetMuon2]:449592 [NetMuon3]:479475 [NetMuon4]:479475
[Run]:39076 [Site]:2 [Bin]:12004 [FullTime]:3600 [SkipTime]:0 [Veto1]:630.682 [Veto2]:620.543 [Veto3]:407.829 [Veto4]:407.829 [SgUp1]:58351 [SgUp2]:58406 [SgUp3]:0 [SgUp4]:0 [SgLow1]:58266 [SgLow2]:58307 [SgLow3]:0 [SgLow4]:0 [NetMuon1]:445823 [NetMuon2]:447198 [NetMuon3]:479376 [NetMuon4]:479376
[Run]:39076 [Site]:2 [Bin]:12005 [FullTime]:3600 [SkipTime]:0 [Veto1]:616.228 [Veto2]:603.076 [Veto3]:407.883 [Veto4]:407.883 [SgUp1]:58856 [SgUp2]:58710 [SgUp3]:0 [SgUp4]:0 [SgLow1]:58771 [SgLow2]:58637 [SgLow3]:0 [SgLow4]:0 [NetMuon1]:448176 [NetMuon2]:450319 [NetMuon3]:479644 [NetMuon4]:479644
[Run]:39076 [Site]:2 [Bin]:12006 [FullTime]:3600 [SkipTime]:0 [Veto1]:576.765 [Veto2]:610.393 [Veto3]:407.35 [Veto4]:407.35 [SgUp1]:59606 [SgUp2]:58363 [SgUp3]:0 [SgUp4]:0 [SgLow1]:59497 [SgLow2]:58286 [SgLow3]:0 [SgLow4]:0 [NetMuon1]:453987 [NetMuon2]:448876 [NetMuon3]:478983 [NetMuon4]:478983
[Run]:39076 [Site]:2 [Bin]:12007 [FullTime]:3600 [SkipTime]:0 [Veto1]:597.234 [Veto2]:621.093 [Veto3]:407.963 [Veto4]:407.963 [SgUp1]:59632 [SgUp2]:58859 [SgUp3]:0 [SgUp4]:0 [SgLow1]:59575 [SgLow2]:58780 [SgLow3]:0 [SgLow4]:0 [NetMuon1]:451614 [NetMuon2]:447831 [NetMuon3]:479915 [NetMuon4]:479915
[Run]:39076 [Site]:2 [Bin]:12008 [FullTime]:3600 [SkipTime]:0 [Veto1]:592.747 [Veto2]:602.714 [Veto3]:408.458 [Veto4]:408.458 [SgUp1]:59340 [SgUp2]:58570 [SgUp3]:0 [SgUp4]:0 [SgLow1]:59241 [SgLow2]:58486 [SgLow3]:0 [SgLow4]:0 [NetMuon1]:452471 [NetMuon2]:451014 [NetMuon3]:480396 [NetMuon4]:480396
[Run]:39076 [Site]:2 [Bin]:12009 [FullTime]:3600 [SkipTime]:0 [Veto1]:613.565 [Veto2]:600.507 [Veto3]:406.324 [Veto4]:406.324 [SgUp1]:58919 [SgUp2]:58548 [SgUp3]:0 [SgUp4]:0 [SgLow1]:58844 [SgLow2]:58461 [SgLow3]:0 [SgLow4]:0 [NetMuon1]:446523 [NetMuon2]:448940 [NetMuon3]:478156 [NetMuon4]:478156
[Run]:39076 [Site]:2 [Bin]:12010 [FullTime]:3600 [SkipTime]:0 [Veto1]:614.323 [Veto2]:602.753 [Veto3]:407.131 [Veto4]:407.131 [SgUp1]:58799 [SgUp2]:59123 [SgUp3]:0 [SgUp4]:0 [SgLow1]:58715 [SgLow2]:59025 [SgLow3]:0 [SgLow4]:0 [NetMuon1]:448299 [NetMuon2]:449897 [NetMuon3]:479240 [NetMuon4]:479240
[Run]:39076 [Site]:2 [Bin]:12011 [FullTime]:3600 [SkipTime]:0 [Veto1]:589.728 [Veto2]:601.004 [Veto3]:407.317 [Veto4]:407.317 [SgUp1]:59179 [SgUp2]:58632 [SgUp3]:0 [SgUp4]:0 [SgLow1]:59091 [SgLow2]:58558 [SgLow3]:0 [SgLow4]:0 [NetMuon1]:451795 [NetMuon2]:450056 [NetMuon3]:479280 [NetMuon4]:479280
[Run]:39076 [Site]:2 [Bin]:12012 [FullTime]:3600 [SkipTime]:0 [Veto1]:615.57 [Veto2]:601.426 [Veto3]:406.396 [Veto4]:406.396 [SgUp1]:58476 [SgUp2]:58669 [SgUp3]:0 [SgUp4]:0 [SgLow1]:58386 [SgLow2]:58587 [SgLow3]:0 [SgLow4]:0 [NetMuon1]:446865 [NetMuon2]:448901 [NetMuon3]:478126 [NetMuon4]:478126
[Run]:39076 [Site]:2 [Bin]:12013 [FullTime]:3600 [SkipTime]:0 [Veto1]:584.967 [Veto2]:606.382 [Veto3]:406.779 [Veto4]:406.779 [SgUp1]:59805 [SgUp2]:58717 [SgUp3]:0 [SgUp4]:0 [SgLow1]:59697 [SgLow2]:58657 [SgLow3]:0 [SgLow4]:0 [NetMuon1]:451663 [NetMuon2]:448545 [NetMuon3]:478645 [NetMuon4]:478645
[Run]:39076 [Site]:2 [Bin]:12014 [FullTime]:3600 [SkipTime]:0 [Veto1]:612.999 [Veto2]:611.622 [Veto3]:407.795 [Veto4]:407.795 [SgUp1]:58450 [SgUp2]:58400 [SgUp3]:0 [SgUp4]:0 [SgLow1]:58379 [SgLow2]:58324 [SgLow3]:0 [SgLow4]:0 [NetMuon1]:449222 [NetMuon2]:449351 [NetMuon3]:479852 [NetMuon4]:479852
[Run]:39076 [Site]:2 [Bin]:12015 [FullTime]:3600 [SkipTime]:0 [Veto1]:590.189 [Veto2]:598.808 [Veto3]:407.196 [Veto4]:407.196 [SgUp1]:59249 [SgUp2]:58841 [SgUp3]:0 [SgUp4]:0 [SgLow1]:59164 [SgLow2]:58765 [SgLow3]:0 [SgLow4]:0 [NetMuon1]:451533 [NetMuon2]:449915 [NetMuon3]:478893 [NetMuon4]:478893
[Run]:39076 [Site]:2 [Bin]:12016 [FullTime]:3600 [SkipTime]:0 [Veto1]:592.824 [Veto2]:587.545 [Veto3]:407.824 [Veto4]:407.824 [SgUp1]:58718 [SgUp2]:59363 [SgUp3]:0 [SgUp4]:0 [SgLow1]:58632 [SgLow2]:59272 [SgLow3]:0 [SgLow4]:0 [NetMuon1]:451957 [NetMuon2]:452640 [NetMuon3]:479649 [NetMuon4]:479649
[Run]:39076 [Site]:2 [Bin]:12017 [FullTime]:3600 [SkipTime]:0 [Veto1]:598.217 [Veto2]:589.763 [Veto3]:406.242 [Veto4]:406.242 [SgUp1]:59030 [SgUp2]:58612 [SgUp3]:0 [SgUp4]:0 [SgLow1]:58944 [SgLow2]:58515 [SgLow3]:0 [SgLow4]:0 [NetMuon1]:448985 [NetMuon2]:450634 [NetMuon3]:477960 [NetMuon4]:477960
[Run]:39076 [Site]:2 [Bin]:12018 [FullTime]:3600 [SkipTime]:0 [Veto1]:608.489 [Veto2]:607.468 [Veto3]:407.034 [Veto4]:407.034 [SgUp1]:58940 [SgUp2]:59001 [SgUp3]:0 [SgUp4]:0 [SgLow1]:58825 [SgLow2]:58914 [SgLow3]:0 [SgLow4]:0 [NetMuon1]:448567 [NetMuon2]:448852 [NetMuon3]:478944 [NetMuon4]:478944
[Run]:39076 [Site]:2 [Bin]:12019 [FullTime]:3600 [SkipTime]:0 [Veto1]:611.232 [Veto2]:592.847 [Veto3]:406.577 [Veto4]:406.577 [SgUp1]:58574 [SgUp2]:58861 [SgUp3]:0 [SgUp4]:0 [SgLow1]:58483 [SgLow2]:58768 [SgLow3]:0 [SgLow4]:0 [NetMuon1]:447452 [NetMuon2]:449808 [NetMuon3]:478072 [NetMuon4]:478072
[Run]:39076 [Site]:2 [Bin]:12020 [FullTime]:3600 [SkipTime]:0 [Veto1]:608.862 [Veto2]:619.428 [Veto3]:407.556 [Veto4]:407.556 [SgUp1]:58666 [SgUp2]:58644 [SgUp3]:0 [SgUp4]:0 [SgLow1]:58562 [SgLow2]:58555 [SgLow3]:0 [SgLow4]:0 [NetMuon1]:448880 [NetMuon2]:447670 [NetMuon3]:479404 [NetMuon4]:479404
[Run]:39076 [Site]:2 [Bin]:12021 [FullTime]:3600 [SkipTime]:0 [Veto1]:590.743 [Veto2]:609.353 [Veto3]:406.693 [Veto4]:406.693 [SgUp1]:59225 [SgUp2]:59156 [SgUp3]:0 [SgUp4]:0 [SgLow1]:59127 [SgLow2]:59075 [SgLow3]:0 [SgLow4]:0 [NetMuon1]:450612 [NetMuon2]:448197 [NetMuon3]:478257 [NetMuon4]:478257
[Run]:39076 [Site]:2 [Bin]:12022 [FullTime]:3600 [SkipTime]:0 [Veto1]:600.157 [Veto2]:599.125 [Veto3]:407.525 [Veto4]:407.525 [SgUp1]:58828 [SgUp2]:58710 [SgUp3]:0 [SgUp4]:0 [SgLow1]:58729 [SgLow2]:58594 [SgLow3]:0 [SgLow4]:0 [NetMuon1]:450162 [NetMuon2]:450407 [NetMuon3]:479220 [NetMuon4]:479220
[Run]:39076 [Site]:2 [Bin]:12023 [FullTime]:3600 [SkipTime]:0 [Veto1]:602.561 [Veto2]:601.356 [Veto3]:407.561 [Veto4]:407.561 [SgUp1]:58627 [SgUp2]:58756 [SgUp3]:0 [SgUp4]:0 [SgLow1]:58532 [SgLow2]:58659 [SgLow3]:0 [SgLow4]:0 [NetMuon1]:449861 [NetMuon2]:450072 [NetMuon3]:479182 [NetMuon4]:479182
[Run]:39076 [Site]:2 [Bin]:12024 [FullTime]:3600 [SkipTime]:0 [Veto1]:582.695 [Veto2]:598.117 [Veto3]:406.916 [Veto4]:406.916 [SgUp1]:58858 [SgUp2]:58914 [SgUp3]:0 [SgUp4]:0 [SgLow1]:58761 [SgLow2]:58825 [SgLow3]:0 [SgLow4]:0 [NetMuon1]:452217 [NetMuon2]:449514 [NetMuon3]:478522 [NetMuon4]:478522
End process Run: 39076 ... 
[Run]:39076 [Site]:2 [Bin]:12025 [FullTime]:282.776 [SkipTime]:0 [Veto1]:50.6339 [Veto2]:50.6032 [Veto3]:31.9304 [Veto4]:31.9304
