StreamChain add 0x8d9e7f0
Start to process run: 39279 ... 
[Run]:39279 [Site]:2 [Bin]:12243 [FullTime]:1788.78 [SkipTime]:0 [Veto1]:288.513 [Veto2]:295.037 [Veto3]:201.819 [Veto4]:201.819 [SgUp1]:29313 [SgUp2]:29411 [SgUp3]:0 [SgUp4]:0 [SgLow1]:29285 [SgLow2]:29364 [SgLow3]:0 [SgLow4]:0 [NetMuon1]:224523 [NetMuon2]:223357 [NetMuon3]:237423 [NetMuon4]:237423
[Run]:39279 [Site]:2 [Bin]:12244 [FullTime]:3600 [SkipTime]:0 [Veto1]:592.76 [Veto2]:593.404 [Veto3]:407.74 [Veto4]:407.74 [SgUp1]:58044 [SgUp2]:58353 [SgUp3]:0 [SgUp4]:0 [SgLow1]:57966 [SgLow2]:58275 [SgLow3]:0 [SgLow4]:0 [NetMuon1]:452201 [NetMuon2]:451790 [NetMuon3]:479795 [NetMuon4]:479795
[Run]:39279 [Site]:2 [Bin]:12245 [FullTime]:3600 [SkipTime]:0 [Veto1]:604.939 [Veto2]:589.546 [Veto3]:407.044 [Veto4]:407.044 [SgUp1]:58362 [SgUp2]:59256 [SgUp3]:0 [SgUp4]:0 [SgLow1]:58276 [SgLow2]:59154 [SgLow3]:0 [SgLow4]:0 [NetMuon1]:449642 [NetMuon2]:451790 [NetMuon3]:479023 [NetMuon4]:479023
[Run]:39279 [Site]:2 [Bin]:12246 [FullTime]:3600 [SkipTime]:0 [Veto1]:606.558 [Veto2]:597.6 [Veto3]:406.88 [Veto4]:406.88 [SgUp1]:58554 [SgUp2]:58881 [SgUp3]:0 [SgUp4]:0 [SgLow1]:58471 [SgLow2]:58790 [SgLow3]:0 [SgLow4]:0 [NetMuon1]:448561 [NetMuon2]:450321 [NetMuon3]:478831 [NetMuon4]:478831
[Run]:39279 [Site]:2 [Bin]:12247 [FullTime]:3600 [SkipTime]:0 [Veto1]:602.743 [Veto2]:572.799 [Veto3]:406.863 [Veto4]:406.863 [SgUp1]:58545 [SgUp2]:59149 [SgUp3]:0 [SgUp4]:0 [SgLow1]:58458 [SgLow2]:59058 [SgLow3]:0 [SgLow4]:0 [NetMuon1]:449048 [NetMuon2]:453545 [NetMuon3]:478553 [NetMuon4]:478553
[Run]:39279 [Site]:2 [Bin]:12248 [FullTime]:3600 [SkipTime]:0 [Veto1]:597.567 [Veto2]:614.247 [Veto3]:406.125 [Veto4]:406.125 [SgUp1]:58783 [SgUp2]:58679 [SgUp3]:0 [SgUp4]:0 [SgLow1]:58691 [SgLow2]:58580 [SgLow3]:0 [SgLow4]:0 [NetMuon1]:448983 [NetMuon2]:446780 [NetMuon3]:477794 [NetMuon4]:477794
[Run]:39279 [Site]:2 [Bin]:12249 [FullTime]:3600 [SkipTime]:0 [Veto1]:573.469 [Veto2]:596.048 [Veto3]:407.309 [Veto4]:407.309 [SgUp1]:59027 [SgUp2]:58488 [SgUp3]:0 [SgUp4]:0 [SgLow1]:58945 [SgLow2]:58418 [SgLow3]:0 [SgLow4]:0 [NetMuon1]:454397 [NetMuon2]:450928 [NetMuon3]:479229 [NetMuon4]:479229
[Run]:39279 [Site]:2 [Bin]:12250 [FullTime]:3600 [SkipTime]:0 [Veto1]:581.794 [Veto2]:618.958 [Veto3]:406.969 [Veto4]:406.969 [SgUp1]:58962 [SgUp2]:58233 [SgUp3]:0 [SgUp4]:0 [SgLow1]:58874 [SgLow2]:58135 [SgLow3]:0 [SgLow4]:0 [NetMuon1]:452678 [NetMuon2]:447270 [NetMuon3]:478935 [NetMuon4]:478935
[Run]:39279 [Site]:2 [Bin]:12251 [FullTime]:3600 [SkipTime]:0 [Veto1]:620.673 [Veto2]:609.262 [Veto3]:406.778 [Veto4]:406.778 [SgUp1]:58109 [SgUp2]:58375 [SgUp3]:0 [SgUp4]:0 [SgLow1]:58038 [SgLow2]:58281 [SgLow3]:0 [SgLow4]:0 [NetMuon1]:446589 [NetMuon2]:448317 [NetMuon3]:478593 [NetMuon4]:478593
[Run]:39279 [Site]:2 [Bin]:12252 [FullTime]:3600 [SkipTime]:0 [Veto1]:592.933 [Veto2]:594.309 [Veto3]:405.955 [Veto4]:405.955 [SgUp1]:58472 [SgUp2]:58630 [SgUp3]:0 [SgUp4]:0 [SgLow1]:58381 [SgLow2]:58527 [SgLow3]:0 [SgLow4]:0 [NetMuon1]:449731 [NetMuon2]:449215 [NetMuon3]:477794 [NetMuon4]:477794
[Run]:39279 [Site]:2 [Bin]:12253 [FullTime]:3600.01 [SkipTime]:0 [Veto1]:618.096 [Veto2]:594.811 [Veto3]:405.936 [Veto4]:405.936 [SgUp1]:57923 [SgUp2]:58504 [SgUp3]:0 [SgUp4]:0 [SgLow1]:57823 [SgLow2]:58401 [SgLow3]:0 [SgLow4]:0 [NetMuon1]:446250 [NetMuon2]:449398 [NetMuon3]:477880 [NetMuon4]:477880
[Run]:39279 [Site]:2 [Bin]:12254 [FullTime]:3599.99 [SkipTime]:0 [Veto1]:596.291 [Veto2]:598.776 [Veto3]:406.229 [Veto4]:406.229 [SgUp1]:58796 [SgUp2]:58782 [SgUp3]:0 [SgUp4]:0 [SgLow1]:58732 [SgLow2]:58682 [SgLow3]:0 [SgLow4]:0 [NetMuon1]:449405 [NetMuon2]:449130 [NetMuon3]:477856 [NetMuon4]:477856
[Run]:39279 [Site]:2 [Bin]:12255 [FullTime]:3600 [SkipTime]:0 [Veto1]:589.844 [Veto2]:592.624 [Veto3]:406.392 [Veto4]:406.392 [SgUp1]:59190 [SgUp2]:58644 [SgUp3]:0 [SgUp4]:0 [SgLow1]:59079 [SgLow2]:58555 [SgLow3]:0 [SgLow4]:0 [NetMuon1]:450745 [NetMuon2]:450209 [NetMuon3]:478219 [NetMuon4]:478219
[Run]:39279 [Site]:2 [Bin]:12256 [FullTime]:3600 [SkipTime]:0 [Veto1]:588.755 [Veto2]:615.388 [Veto3]:406.509 [Veto4]:406.509 [SgUp1]:58961 [SgUp2]:58604 [SgUp3]:0 [SgUp4]:0 [SgLow1]:58872 [SgLow2]:58492 [SgLow3]:0 [SgLow4]:0 [NetMuon1]:451168 [NetMuon2]:447078 [NetMuon3]:478365 [NetMuon4]:478365
[Run]:39279 [Site]:2 [Bin]:12257 [FullTime]:3600 [SkipTime]:0 [Veto1]:614.401 [Veto2]:621.374 [Veto3]:407.033 [Veto4]:407.033 [SgUp1]:58312 [SgUp2]:58431 [SgUp3]:0 [SgUp4]:0 [SgLow1]:58198 [SgLow2]:58352 [SgLow3]:0 [SgLow4]:0 [NetMuon1]:447694 [NetMuon2]:446857 [NetMuon3]:479058 [NetMuon4]:479058
[Run]:39279 [Site]:2 [Bin]:12258 [FullTime]:3600 [SkipTime]:0 [Veto1]:600.712 [Veto2]:590.685 [Veto3]:406.681 [Veto4]:406.681 [SgUp1]:58999 [SgUp2]:58623 [SgUp3]:0 [SgUp4]:0 [SgLow1]:58908 [SgLow2]:58526 [SgLow3]:0 [SgLow4]:0 [NetMuon1]:449445 [NetMuon2]:450796 [NetMuon3]:478482 [NetMuon4]:478482
[Run]:39279 [Site]:2 [Bin]:12259 [FullTime]:3600 [SkipTime]:0 [Veto1]:588.646 [Veto2]:619.593 [Veto3]:406.962 [Veto4]:406.962 [SgUp1]:58663 [SgUp2]:58137 [SgUp3]:0 [SgUp4]:0 [SgLow1]:58550 [SgLow2]:58058 [SgLow3]:0 [SgLow4]:0 [NetMuon1]:451723 [NetMuon2]:447293 [NetMuon3]:478962 [NetMuon4]:478962
[Run]:39279 [Site]:2 [Bin]:12260 [FullTime]:3600 [SkipTime]:0 [Veto1]:603.254 [Veto2]:605.06 [Veto3]:406.215 [Veto4]:406.215 [SgUp1]:58429 [SgUp2]:58887 [SgUp3]:0 [SgUp4]:0 [SgLow1]:58335 [SgLow2]:58790 [SgLow3]:0 [SgLow4]:0 [NetMuon1]:448135 [NetMuon2]:447939 [NetMuon3]:478035 [NetMuon4]:478035
[Run]:39279 [Site]:2 [Bin]:12261 [FullTime]:3600 [SkipTime]:0 [Veto1]:625.938 [Veto2]:590.943 [Veto3]:406.99 [Veto4]:406.99 [SgUp1]:58346 [SgUp2]:58957 [SgUp3]:0 [SgUp4]:0 [SgLow1]:58275 [SgLow2]:58876 [SgLow3]:0 [SgLow4]:0 [NetMuon1]:445926 [NetMuon2]:451622 [NetMuon3]:479088 [NetMuon4]:479088
[Run]:39279 [Site]:2 [Bin]:12262 [FullTime]:3600.01 [SkipTime]:0 [Veto1]:597.6 [Veto2]:583.924 [Veto3]:406.43 [Veto4]:406.43 [SgUp1]:59066 [SgUp2]:59263 [SgUp3]:0 [SgUp4]:0 [SgLow1]:58985 [SgLow2]:59181 [SgLow3]:0 [SgLow4]:0 [NetMuon1]:449308 [NetMuon2]:451587 [NetMuon3]:478212 [NetMuon4]:478212
[Run]:39279 [Site]:2 [Bin]:12263 [FullTime]:3600 [SkipTime]:0 [Veto1]:610.802 [Veto2]:598.663 [Veto3]:407.318 [Veto4]:407.318 [SgUp1]:58677 [SgUp2]:58655 [SgUp3]:0 [SgUp4]:0 [SgLow1]:58586 [SgLow2]:58563 [SgLow3]:0 [SgLow4]:0 [NetMuon1]:448000 [NetMuon2]:450244 [NetMuon3]:478829 [NetMuon4]:478829
[Run]:39279 [Site]:2 [Bin]:12264 [FullTime]:3600 [SkipTime]:0 [Veto1]:600.424 [Veto2]:619.386 [Veto3]:406.89 [Veto4]:406.89 [SgUp1]:58941 [SgUp2]:58185 [SgUp3]:0 [SgUp4]:0 [SgLow1]:58854 [SgLow2]:58102 [SgLow3]:0 [SgLow4]:0 [NetMuon1]:449677 [NetMuon2]:446861 [NetMuon3]:478700 [NetMuon4]:478700
[Run]:39279 [Site]:2 [Bin]:12265 [FullTime]:3600 [SkipTime]:0 [Veto1]:592.368 [Veto2]:589.414 [Veto3]:406.029 [Veto4]:406.029 [SgUp1]:59470 [SgUp2]:59156 [SgUp3]:0 [SgUp4]:0 [SgLow1]:59402 [SgLow2]:59057 [SgLow3]:0 [SgLow4]:0 [NetMuon1]:449883 [NetMuon2]:450011 [NetMuon3]:477678 [NetMuon4]:477678
[Run]:39279 [Site]:2 [Bin]:12266 [FullTime]:3600 [SkipTime]:0 [Veto1]:611.135 [Veto2]:568.332 [Veto3]:406.784 [Veto4]:406.784 [SgUp1]:58650 [SgUp2]:59059 [SgUp3]:0 [SgUp4]:0 [SgLow1]:58553 [SgLow2]:58948 [SgLow3]:0 [SgLow4]:0 [NetMuon1]:448071 [NetMuon2]:454544 [NetMuon3]:478606 [NetMuon4]:478606
[Run]:39279 [Site]:2 [Bin]:12267 [FullTime]:3600 [SkipTime]:0 [Veto1]:596.355 [Veto2]:586.85 [Veto3]:406.648 [Veto4]:406.648 [SgUp1]:58799 [SgUp2]:58636 [SgUp3]:0 [SgUp4]:0 [SgLow1]:58718 [SgLow2]:58523 [SgLow3]:0 [SgLow4]:0 [NetMuon1]:450357 [NetMuon2]:451367 [NetMuon3]:478474 [NetMuon4]:478474
[Run]:39279 [Site]:2 [Bin]:12268 [FullTime]:3600 [SkipTime]:0 [Veto1]:604.098 [Veto2]:587.391 [Veto3]:407.053 [Veto4]:407.053 [SgUp1]:58668 [SgUp2]:58517 [SgUp3]:0 [SgUp4]:0 [SgLow1]:58558 [SgLow2]:58432 [SgLow3]:0 [SgLow4]:0 [NetMuon1]:449170 [NetMuon2]:451988 [NetMuon3]:478959 [NetMuon4]:478959
[Run]:39279 [Site]:2 [Bin]:12269 [FullTime]:3600 [SkipTime]:0 [Veto1]:608.211 [Veto2]:612.735 [Veto3]:407.575 [Veto4]:407.575 [SgUp1]:58508 [SgUp2]:59028 [SgUp3]:0 [SgUp4]:0 [SgLow1]:58443 [SgLow2]:58945 [SgLow3]:0 [SgLow4]:0 [NetMuon1]:449774 [NetMuon2]:448471 [NetMuon3]:479420 [NetMuon4]:479420
[Run]:39279 [Site]:2 [Bin]:12270 [FullTime]:3600 [SkipTime]:0 [Veto1]:594.255 [Veto2]:594.728 [Veto3]:407.983 [Veto4]:407.983 [SgUp1]:58414 [SgUp2]:58760 [SgUp3]:0 [SgUp4]:0 [SgLow1]:58336 [SgLow2]:58699 [SgLow3]:0 [SgLow4]:0 [NetMuon1]:451920 [NetMuon2]:451619 [NetMuon3]:479906 [NetMuon4]:479906
[Run]:39279 [Site]:2 [Bin]:12271 [FullTime]:3600 [SkipTime]:0 [Veto1]:612.801 [Veto2]:608.878 [Veto3]:406.189 [Veto4]:406.189 [SgUp1]:58142 [SgUp2]:58486 [SgUp3]:0 [SgUp4]:0 [SgLow1]:58052 [SgLow2]:58406 [SgLow3]:0 [SgLow4]:0 [NetMuon1]:446999 [NetMuon2]:447907 [NetMuon3]:477951 [NetMuon4]:477951
[Run]:39279 [Site]:2 [Bin]:12272 [FullTime]:3600 [SkipTime]:0 [Veto1]:598.143 [Veto2]:603.876 [Veto3]:406.39 [Veto4]:406.39 [SgUp1]:58559 [SgUp2]:58617 [SgUp3]:0 [SgUp4]:0 [SgLow1]:58449 [SgLow2]:58526 [SgLow3]:0 [SgLow4]:0 [NetMuon1]:449338 [NetMuon2]:448413 [NetMuon3]:478005 [NetMuon4]:478005
[Run]:39279 [Site]:2 [Bin]:12273 [FullTime]:3600 [SkipTime]:0 [Veto1]:594.223 [Veto2]:624.274 [Veto3]:406.607 [Veto4]:406.607 [SgUp1]:59041 [SgUp2]:58772 [SgUp3]:0 [SgUp4]:0 [SgLow1]:58938 [SgLow2]:58681 [SgLow3]:0 [SgLow4]:0 [NetMuon1]:450535 [NetMuon2]:445912 [NetMuon3]:478461 [NetMuon4]:478461
[Run]:39279 [Site]:2 [Bin]:12274 [FullTime]:3600 [SkipTime]:0 [Veto1]:619.26 [Veto2]:596.642 [Veto3]:405.78 [Veto4]:405.78 [SgUp1]:58083 [SgUp2]:58764 [SgUp3]:0 [SgUp4]:0 [SgLow1]:58002 [SgLow2]:58675 [SgLow3]:0 [SgLow4]:0 [NetMuon1]:445683 [NetMuon2]:448900 [NetMuon3]:477570 [NetMuon4]:477570
[Run]:39279 [Site]:2 [Bin]:12275 [FullTime]:3600 [SkipTime]:0 [Veto1]:597.223 [Veto2]:610.771 [Veto3]:406.811 [Veto4]:406.811 [SgUp1]:58821 [SgUp2]:58485 [SgUp3]:0 [SgUp4]:0 [SgLow1]:58724 [SgLow2]:58407 [SgLow3]:0 [SgLow4]:0 [NetMuon1]:450137 [NetMuon2]:448635 [NetMuon3]:478780 [NetMuon4]:478780
[Run]:39279 [Site]:2 [Bin]:12276 [FullTime]:3600 [SkipTime]:0 [Veto1]:604.562 [Veto2]:597.138 [Veto3]:406.516 [Veto4]:406.516 [SgUp1]:58819 [SgUp2]:59130 [SgUp3]:0 [SgUp4]:0 [SgLow1]:58736 [SgLow2]:59053 [SgLow3]:0 [SgLow4]:0 [NetMuon1]:448215 [NetMuon2]:449860 [NetMuon3]:478151 [NetMuon4]:478151
[Run]:39279 [Site]:2 [Bin]:12277 [FullTime]:3600 [SkipTime]:0 [Veto1]:605.065 [Veto2]:611.34 [Veto3]:407.132 [Veto4]:407.132 [SgUp1]:58090 [SgUp2]:58767 [SgUp3]:0 [SgUp4]:0 [SgLow1]:57970 [SgLow2]:58653 [SgLow3]:0 [SgLow4]:0 [NetMuon1]:449765 [NetMuon2]:448551 [NetMuon3]:479186 [NetMuon4]:479186
[Run]:39279 [Site]:2 [Bin]:12278 [FullTime]:3600 [SkipTime]:0 [Veto1]:590.198 [Veto2]:594.367 [Veto3]:405.818 [Veto4]:405.818 [SgUp1]:58698 [SgUp2]:58872 [SgUp3]:0 [SgUp4]:0 [SgLow1]:58613 [SgLow2]:58796 [SgLow3]:0 [SgLow4]:0 [NetMuon1]:449820 [NetMuon2]:449384 [NetMuon3]:477572 [NetMuon4]:477572
[Run]:39279 [Site]:2 [Bin]:12279 [FullTime]:3600.01 [SkipTime]:0 [Veto1]:610.586 [Veto2]:612.205 [Veto3]:407.13 [Veto4]:407.13 [SgUp1]:58349 [SgUp2]:58817 [SgUp3]:0 [SgUp4]:0 [SgLow1]:58266 [SgLow2]:58724 [SgLow3]:0 [SgLow4]:0 [NetMuon1]:448403 [NetMuon2]:448305 [NetMuon3]:478970 [NetMuon4]:478970
[Run]:39279 [Site]:2 [Bin]:12280 [FullTime]:3599.99 [SkipTime]:0 [Veto1]:588.719 [Veto2]:600.539 [Veto3]:406.974 [Veto4]:406.974 [SgUp1]:58947 [SgUp2]:58816 [SgUp3]:0 [SgUp4]:0 [SgLow1]:58868 [SgLow2]:58713 [SgLow3]:0 [SgLow4]:0 [NetMuon1]:451631 [NetMuon2]:449582 [NetMuon3]:478744 [NetMuon4]:478744
[Run]:39279 [Site]:2 [Bin]:12281 [FullTime]:3600 [SkipTime]:0 [Veto1]:617.644 [Veto2]:600.578 [Veto3]:406.675 [Veto4]:406.675 [SgUp1]:57998 [SgUp2]:59084 [SgUp3]:0 [SgUp4]:0 [SgLow1]:57895 [SgLow2]:59005 [SgLow3]:0 [SgLow4]:0 [NetMuon1]:446890 [NetMuon2]:449367 [NetMuon3]:478244 [NetMuon4]:478244
[Run]:39279 [Site]:2 [Bin]:12282 [FullTime]:2851.45 [SkipTime]:748.559 [Veto1]:484.032 [Veto2]:478.243 [Veto3]:322.253 [Veto4]:322.253 [SgUp1]:46274 [SgUp2]:46734 [SgUp3]:0 [SgUp4]:0 [SgLow1]:46205 [SgLow2]:46671 [SgLow3]:0 [SgLow4]:0 [NetMuon1]:354753 [NetMuon2]:355745 [NetMuon3]:378910 [NetMuon4]:378910
[Run]:39279 [Site]:2 [Bin]:12283 [FullTime]:3600 [SkipTime]:0 [Veto1]:609.368 [Veto2]:597.806 [Veto3]:407.104 [Veto4]:407.104 [SgUp1]:58029 [SgUp2]:58931 [SgUp3]:0 [SgUp4]:0 [SgLow1]:57953 [SgLow2]:58839 [SgLow3]:0 [SgLow4]:0 [NetMuon1]:448210 [NetMuon2]:449956 [NetMuon3]:478882 [NetMuon4]:478882
[Run]:39279 [Site]:2 [Bin]:12284 [FullTime]:3600 [SkipTime]:0 [Veto1]:606.148 [Veto2]:614.213 [Veto3]:407.014 [Veto4]:407.014 [SgUp1]:58514 [SgUp2]:58409 [SgUp3]:0 [SgUp4]:0 [SgLow1]:58428 [SgLow2]:58329 [SgLow3]:0 [SgLow4]:0 [NetMuon1]:448912 [NetMuon2]:447768 [NetMuon3]:478967 [NetMuon4]:478967
[Run]:39279 [Site]:2 [Bin]:12285 [FullTime]:3600 [SkipTime]:0 [Veto1]:579.944 [Veto2]:629.597 [Veto3]:407.078 [Veto4]:407.078 [SgUp1]:59106 [SgUp2]:58520 [SgUp3]:0 [SgUp4]:0 [SgLow1]:59024 [SgLow2]:58441 [SgLow3]:0 [SgLow4]:0 [NetMuon1]:452872 [NetMuon2]:445504 [NetMuon3]:478973 [NetMuon4]:478973
[Run]:39279 [Site]:2 [Bin]:12286 [FullTime]:3600 [SkipTime]:0 [Veto1]:612.921 [Veto2]:610.172 [Veto3]:406.931 [Veto4]:406.931 [SgUp1]:58002 [SgUp2]:58391 [SgUp3]:0 [SgUp4]:0 [SgLow1]:57908 [SgLow2]:58295 [SgLow3]:0 [SgLow4]:0 [NetMuon1]:447777 [NetMuon2]:448094 [NetMuon3]:478650 [NetMuon4]:478650
[Run]:39279 [Site]:2 [Bin]:12287 [FullTime]:3600 [SkipTime]:0 [Veto1]:610.393 [Veto2]:600.303 [Veto3]:407.697 [Veto4]:407.697 [SgUp1]:57729 [SgUp2]:58919 [SgUp3]:0 [SgUp4]:0 [SgLow1]:57644 [SgLow2]:58836 [SgLow3]:0 [SgLow4]:0 [NetMuon1]:449274 [NetMuon2]:450887 [NetMuon3]:479704 [NetMuon4]:479704
[Run]:39279 [Site]:2 [Bin]:12288 [FullTime]:3600 [SkipTime]:0 [Veto1]:602.551 [Veto2]:593.487 [Veto3]:407.402 [Veto4]:407.402 [SgUp1]:58749 [SgUp2]:58760 [SgUp3]:0 [SgUp4]:0 [SgLow1]:58643 [SgLow2]:58675 [SgLow3]:0 [SgLow4]:0 [NetMuon1]:450148 [NetMuon2]:451140 [NetMuon3]:479442 [NetMuon4]:479442
[Run]:39279 [Site]:2 [Bin]:12289 [FullTime]:3600 [SkipTime]:0 [Veto1]:582.888 [Veto2]:602.835 [Veto3]:406.704 [Veto4]:406.704 [SgUp1]:58435 [SgUp2]:58814 [SgUp3]:0 [SgUp4]:0 [SgLow1]:58338 [SgLow2]:58741 [SgLow3]:0 [SgLow4]:0 [NetMuon1]:451843 [NetMuon2]:449025 [NetMuon3]:478375 [NetMuon4]:478375
[Run]:39279 [Site]:2 [Bin]:12290 [FullTime]:3600 [SkipTime]:0 [Veto1]:580.89 [Veto2]:598.216 [Veto3]:406.527 [Veto4]:406.527 [SgUp1]:59146 [SgUp2]:59292 [SgUp3]:0 [SgUp4]:0 [SgLow1]:59080 [SgLow2]:59222 [SgLow3]:0 [SgLow4]:0 [NetMuon1]:452165 [NetMuon2]:449638 [NetMuon3]:478422 [NetMuon4]:478422
[Run]:39279 [Site]:2 [Bin]:12291 [FullTime]:3599.99 [SkipTime]:0 [Veto1]:601.299 [Veto2]:600.334 [Veto3]:406.912 [Veto4]:406.912 [SgUp1]:58959 [SgUp2]:58737 [SgUp3]:0 [SgUp4]:0 [SgLow1]:58853 [SgLow2]:58655 [SgLow3]:0 [SgLow4]:0 [NetMuon1]:449493 [NetMuon2]:449753 [NetMuon3]:478621 [NetMuon4]:478621
[Run]:39279 [Site]:2 [Bin]:12292 [FullTime]:3600 [SkipTime]:0 [Veto1]:582.305 [Veto2]:605.202 [Veto3]:407.111 [Veto4]:407.111 [SgUp1]:58674 [SgUp2]:59001 [SgUp3]:0 [SgUp4]:0 [SgLow1]:58585 [SgLow2]:58906 [SgLow3]:0 [SgLow4]:0 [NetMuon1]:452721 [NetMuon2]:449485 [NetMuon3]:479111 [NetMuon4]:479111
[Run]:39279 [Site]:2 [Bin]:12293 [FullTime]:3600 [SkipTime]:0 [Veto1]:601.017 [Veto2]:595.055 [Veto3]:407.775 [Veto4]:407.775 [SgUp1]:58617 [SgUp2]:59189 [SgUp3]:0 [SgUp4]:0 [SgLow1]:58530 [SgLow2]:59103 [SgLow3]:0 [SgLow4]:0 [NetMuon1]:450656 [NetMuon2]:451649 [NetMuon3]:479640 [NetMuon4]:479640
[Run]:39279 [Site]:2 [Bin]:12294 [FullTime]:3600 [SkipTime]:0 [Veto1]:579.855 [Veto2]:605.297 [Veto3]:406.888 [Veto4]:406.888 [SgUp1]:58943 [SgUp2]:58788 [SgUp3]:0 [SgUp4]:0 [SgLow1]:58824 [SgLow2]:58703 [SgLow3]:0 [SgLow4]:0 [NetMuon1]:452464 [NetMuon2]:449060 [NetMuon3]:478658 [NetMuon4]:478658
[Run]:39279 [Site]:2 [Bin]:12295 [FullTime]:3600 [SkipTime]:0 [Veto1]:576.259 [Veto2]:597.936 [Veto3]:407.353 [Veto4]:407.353 [SgUp1]:58930 [SgUp2]:59475 [SgUp3]:0 [SgUp4]:0 [SgLow1]:58850 [SgLow2]:59381 [SgLow3]:0 [SgLow4]:0 [NetMuon1]:453845 [NetMuon2]:450414 [NetMuon3]:479066 [NetMuon4]:479066
[Run]:39279 [Site]:2 [Bin]:12296 [FullTime]:3600 [SkipTime]:0 [Veto1]:633.792 [Veto2]:595.517 [Veto3]:406.744 [Veto4]:406.744 [SgUp1]:57610 [SgUp2]:58908 [SgUp3]:0 [SgUp4]:0 [SgLow1]:57526 [SgLow2]:58808 [SgLow3]:0 [SgLow4]:0 [NetMuon1]:444880 [NetMuon2]:450675 [NetMuon3]:478774 [NetMuon4]:478774
[Run]:39279 [Site]:2 [Bin]:12297 [FullTime]:3600 [SkipTime]:0 [Veto1]:608.539 [Veto2]:622.166 [Veto3]:406.212 [Veto4]:406.212 [SgUp1]:58634 [SgUp2]:59050 [SgUp3]:0 [SgUp4]:0 [SgLow1]:58540 [SgLow2]:58959 [SgLow3]:0 [SgLow4]:0 [NetMuon1]:447719 [NetMuon2]:445402 [NetMuon3]:477860 [NetMuon4]:477860
[Run]:39279 [Site]:2 [Bin]:12298 [FullTime]:3600 [SkipTime]:0 [Veto1]:608.057 [Veto2]:586.645 [Veto3]:407.081 [Veto4]:407.081 [SgUp1]:58682 [SgUp2]:59478 [SgUp3]:0 [SgUp4]:0 [SgLow1]:58620 [SgLow2]:59380 [SgLow3]:0 [SgLow4]:0 [NetMuon1]:448850 [NetMuon2]:451829 [NetMuon3]:478789 [NetMuon4]:478789
[Run]:39279 [Site]:2 [Bin]:12299 [FullTime]:3600 [SkipTime]:0 [Veto1]:593.151 [Veto2]:588.862 [Veto3]:405.669 [Veto4]:405.669 [SgUp1]:58674 [SgUp2]:58879 [SgUp3]:0 [SgUp4]:0 [SgLow1]:58599 [SgLow2]:58793 [SgLow3]:0 [SgLow4]:0 [NetMuon1]:449100 [NetMuon2]:450164 [NetMuon3]:477306 [NetMuon4]:477306
[Run]:39279 [Site]:2 [Bin]:12300 [FullTime]:3600 [SkipTime]:0 [Veto1]:587.82 [Veto2]:597.532 [Veto3]:407.272 [Veto4]:407.272 [SgUp1]:58857 [SgUp2]:58902 [SgUp3]:0 [SgUp4]:0 [SgLow1]:58764 [SgLow2]:58818 [SgLow3]:0 [SgLow4]:0 [NetMuon1]:451855 [NetMuon2]:450596 [NetMuon3]:479211 [NetMuon4]:479211
[Run]:39279 [Site]:2 [Bin]:12301 [FullTime]:3600 [SkipTime]:0 [Veto1]:605.285 [Veto2]:608.886 [Veto3]:406.738 [Veto4]:406.738 [SgUp1]:58518 [SgUp2]:58629 [SgUp3]:0 [SgUp4]:0 [SgLow1]:58447 [SgLow2]:58539 [SgLow3]:0 [SgLow4]:0 [NetMuon1]:448784 [NetMuon2]:448562 [NetMuon3]:478624 [NetMuon4]:478624
[Run]:39279 [Site]:2 [Bin]:12302 [FullTime]:3600 [SkipTime]:0 [Veto1]:598.94 [Veto2]:592.542 [Veto3]:406.346 [Veto4]:406.346 [SgUp1]:58788 [SgUp2]:59859 [SgUp3]:0 [SgUp4]:0 [SgLow1]:58703 [SgLow2]:59769 [SgLow3]:0 [SgLow4]:0 [NetMuon1]:449415 [NetMuon2]:450273 [NetMuon3]:478207 [NetMuon4]:478207
[Run]:39279 [Site]:2 [Bin]:12303 [FullTime]:3600 [SkipTime]:0 [Veto1]:602.194 [Veto2]:585.196 [Veto3]:406.738 [Veto4]:406.738 [SgUp1]:59008 [SgUp2]:59130 [SgUp3]:0 [SgUp4]:0 [SgLow1]:58918 [SgLow2]:59047 [SgLow3]:0 [SgLow4]:0 [NetMuon1]:449071 [NetMuon2]:452033 [NetMuon3]:478467 [NetMuon4]:478467
[Run]:39279 [Site]:2 [Bin]:12304 [FullTime]:3600 [SkipTime]:0 [Veto1]:601.738 [Veto2]:589.409 [Veto3]:407.082 [Veto4]:407.082 [SgUp1]:58585 [SgUp2]:59175 [SgUp3]:0 [SgUp4]:0 [SgLow1]:58514 [SgLow2]:59097 [SgLow3]:0 [SgLow4]:0 [NetMuon1]:449470 [NetMuon2]:451748 [NetMuon3]:478853 [NetMuon4]:478853
[Run]:39279 [Site]:2 [Bin]:12305 [FullTime]:3600 [SkipTime]:0 [Veto1]:596.229 [Veto2]:605.28 [Veto3]:407.718 [Veto4]:407.718 [SgUp1]:58675 [SgUp2]:58785 [SgUp3]:0 [SgUp4]:0 [SgLow1]:58584 [SgLow2]:58712 [SgLow3]:0 [SgLow4]:0 [NetMuon1]:451150 [NetMuon2]:449768 [NetMuon3]:479592 [NetMuon4]:479592
[Run]:39279 [Site]:2 [Bin]:12306 [FullTime]:3600 [SkipTime]:0 [Veto1]:593.85 [Veto2]:605.481 [Veto3]:406.813 [Veto4]:406.813 [SgUp1]:59266 [SgUp2]:58486 [SgUp3]:0 [SgUp4]:0 [SgLow1]:59173 [SgLow2]:58396 [SgLow3]:0 [SgLow4]:0 [NetMuon1]:450742 [NetMuon2]:448783 [NetMuon3]:478790 [NetMuon4]:478790
[Run]:39279 [Site]:2 [Bin]:12307 [FullTime]:3600 [SkipTime]:0 [Veto1]:617.236 [Veto2]:591.804 [Veto3]:407.664 [Veto4]:407.664 [SgUp1]:58154 [SgUp2]:59016 [SgUp3]:0 [SgUp4]:0 [SgLow1]:58070 [SgLow2]:58938 [SgLow3]:0 [SgLow4]:0 [NetMuon1]:447894 [NetMuon2]:451783 [NetMuon3]:479539 [NetMuon4]:479539
[Run]:39279 [Site]:2 [Bin]:12308 [FullTime]:3600 [SkipTime]:0 [Veto1]:603.798 [Veto2]:598.744 [Veto3]:407.234 [Veto4]:407.234 [SgUp1]:58461 [SgUp2]:58766 [SgUp3]:0 [SgUp4]:0 [SgLow1]:58361 [SgLow2]:58702 [SgLow3]:0 [SgLow4]:0 [NetMuon1]:449496 [NetMuon2]:450247 [NetMuon3]:479125 [NetMuon4]:479125
[Run]:39279 [Site]:2 [Bin]:12309 [FullTime]:3600 [SkipTime]:0 [Veto1]:605.913 [Veto2]:590.439 [Veto3]:407.477 [Veto4]:407.477 [SgUp1]:58683 [SgUp2]:58971 [SgUp3]:0 [SgUp4]:0 [SgLow1]:58599 [SgLow2]:58896 [SgLow3]:0 [SgLow4]:0 [NetMuon1]:449529 [NetMuon2]:451732 [NetMuon3]:479313 [NetMuon4]:479313
[Run]:39279 [Site]:2 [Bin]:12310 [FullTime]:3600 [SkipTime]:0 [Veto1]:594.463 [Veto2]:591.738 [Veto3]:407.579 [Veto4]:407.579 [SgUp1]:59043 [SgUp2]:58900 [SgUp3]:0 [SgUp4]:0 [SgLow1]:58965 [SgLow2]:58840 [SgLow3]:0 [SgLow4]:0 [NetMuon1]:451288 [NetMuon2]:451990 [NetMuon3]:479380 [NetMuon4]:479380
[Run]:39279 [Site]:2 [Bin]:12311 [FullTime]:3600 [SkipTime]:0 [Veto1]:585.351 [Veto2]:608.4 [Veto3]:407.678 [Veto4]:407.678 [SgUp1]:58650 [SgUp2]:59273 [SgUp3]:0 [SgUp4]:0 [SgLow1]:58548 [SgLow2]:59187 [SgLow3]:0 [SgLow4]:0 [NetMuon1]:453196 [NetMuon2]:449300 [NetMuon3]:479695 [NetMuon4]:479695
End process Run: 39279 ... 
[Run]:39279 [Site]:2 [Bin]:12312 [FullTime]:2375.86 [SkipTime]:0 [Veto1]:409.05 [Veto2]:402.108 [Veto3]:268.787 [Veto4]:268.787
