StreamChain add 0xc9ea7f0
Start to process run: 39710 ... 
[Run]:39710 [Site]:2 [Bin]:12895 [FullTime]:974.042 [SkipTime]:0 [Veto1]:158.666 [Veto2]:156.187 [Veto3]:110.312 [Veto4]:110.312 [SgUp1]:15920 [SgUp2]:16023 [SgUp3]:0 [SgUp4]:0 [SgLow1]:15890 [SgLow2]:15987 [SgLow3]:0 [SgLow4]:0 [NetMuon1]:122378 [NetMuon2]:122794 [NetMuon3]:129715 [NetMuon4]:129715
[Run]:39710 [Site]:2 [Bin]:12896 [FullTime]:3600 [SkipTime]:0 [Veto1]:575.822 [Veto2]:627.253 [Veto3]:407.646 [Veto4]:407.646 [SgUp1]:59614 [SgUp2]:58780 [SgUp3]:0 [SgUp4]:0 [SgLow1]:59505 [SgLow2]:58656 [SgLow3]:0 [SgLow4]:0 [NetMuon1]:453974 [NetMuon2]:446239 [NetMuon3]:479403 [NetMuon4]:479403
[Run]:39710 [Site]:2 [Bin]:12897 [FullTime]:3600 [SkipTime]:0 [Veto1]:596.961 [Veto2]:589.844 [Veto3]:407.877 [Veto4]:407.877 [SgUp1]:58815 [SgUp2]:59424 [SgUp3]:0 [SgUp4]:0 [SgLow1]:58715 [SgLow2]:59330 [SgLow3]:0 [SgLow4]:0 [NetMuon1]:451471 [NetMuon2]:452464 [NetMuon3]:479845 [NetMuon4]:479845
[Run]:39710 [Site]:2 [Bin]:12898 [FullTime]:3600 [SkipTime]:0 [Veto1]:607.045 [Veto2]:582.366 [Veto3]:407.78 [Veto4]:407.78 [SgUp1]:58767 [SgUp2]:59668 [SgUp3]:0 [SgUp4]:0 [SgLow1]:58669 [SgLow2]:59547 [SgLow3]:0 [SgLow4]:0 [NetMuon1]:449800 [NetMuon2]:453519 [NetMuon3]:479820 [NetMuon4]:479820
[Run]:39710 [Site]:2 [Bin]:12899 [FullTime]:3600 [SkipTime]:0 [Veto1]:595.355 [Veto2]:590.06 [Veto3]:407.458 [Veto4]:407.458 [SgUp1]:58805 [SgUp2]:59476 [SgUp3]:0 [SgUp4]:0 [SgLow1]:58700 [SgLow2]:59385 [SgLow3]:0 [SgLow4]:0 [NetMuon1]:450794 [NetMuon2]:451682 [NetMuon3]:479187 [NetMuon4]:479187
[Run]:39710 [Site]:2 [Bin]:12900 [FullTime]:3600 [SkipTime]:0 [Veto1]:603.969 [Veto2]:614.252 [Veto3]:406.871 [Veto4]:406.871 [SgUp1]:58181 [SgUp2]:58485 [SgUp3]:0 [SgUp4]:0 [SgLow1]:58067 [SgLow2]:58380 [SgLow3]:0 [SgLow4]:0 [NetMuon1]:449024 [NetMuon2]:447930 [NetMuon3]:478562 [NetMuon4]:478562
[Run]:39710 [Site]:2 [Bin]:12901 [FullTime]:3600 [SkipTime]:0 [Veto1]:593.709 [Veto2]:583.435 [Veto3]:407.141 [Veto4]:407.141 [SgUp1]:59013 [SgUp2]:59388 [SgUp3]:0 [SgUp4]:0 [SgLow1]:58894 [SgLow2]:59268 [SgLow3]:0 [SgLow4]:0 [NetMuon1]:450633 [NetMuon2]:452445 [NetMuon3]:478805 [NetMuon4]:478805
[Run]:39710 [Site]:2 [Bin]:12902 [FullTime]:3600 [SkipTime]:0 [Veto1]:595.856 [Veto2]:602.923 [Veto3]:407.91 [Veto4]:407.91 [SgUp1]:58823 [SgUp2]:58909 [SgUp3]:0 [SgUp4]:0 [SgLow1]:58726 [SgLow2]:58798 [SgLow3]:0 [SgLow4]:0 [NetMuon1]:451509 [NetMuon2]:450738 [NetMuon3]:479759 [NetMuon4]:479759
[Run]:39710 [Site]:2 [Bin]:12903 [FullTime]:3600 [SkipTime]:0 [Veto1]:599.725 [Veto2]:622.713 [Veto3]:408.133 [Veto4]:408.133 [SgUp1]:58858 [SgUp2]:59067 [SgUp3]:0 [SgUp4]:0 [SgLow1]:58756 [SgLow2]:58952 [SgLow3]:0 [SgLow4]:0 [NetMuon1]:451398 [NetMuon2]:447782 [NetMuon3]:479925 [NetMuon4]:479925
[Run]:39710 [Site]:2 [Bin]:12904 [FullTime]:3600.01 [SkipTime]:0 [Veto1]:592.603 [Veto2]:613.627 [Veto3]:407.652 [Veto4]:407.652 [SgUp1]:59157 [SgUp2]:59231 [SgUp3]:0 [SgUp4]:0 [SgLow1]:59015 [SgLow2]:59140 [SgLow3]:0 [SgLow4]:0 [NetMuon1]:451766 [NetMuon2]:448634 [NetMuon3]:479539 [NetMuon4]:479539
[Run]:39710 [Site]:2 [Bin]:12905 [FullTime]:3600 [SkipTime]:0 [Veto1]:598.907 [Veto2]:625.327 [Veto3]:408.559 [Veto4]:408.559 [SgUp1]:59101 [SgUp2]:58255 [SgUp3]:0 [SgUp4]:0 [SgLow1]:59006 [SgLow2]:58178 [SgLow3]:0 [SgLow4]:0 [NetMuon1]:451885 [NetMuon2]:447845 [NetMuon3]:480446 [NetMuon4]:480446
[Run]:39710 [Site]:2 [Bin]:12906 [FullTime]:3600 [SkipTime]:0 [Veto1]:589.949 [Veto2]:579.903 [Veto3]:407.091 [Veto4]:407.091 [SgUp1]:59259 [SgUp2]:59428 [SgUp3]:0 [SgUp4]:0 [SgLow1]:59128 [SgLow2]:59336 [SgLow3]:0 [SgLow4]:0 [NetMuon1]:451254 [NetMuon2]:453040 [NetMuon3]:478875 [NetMuon4]:478875
[Run]:39710 [Site]:2 [Bin]:12907 [FullTime]:3600 [SkipTime]:0 [Veto1]:616.567 [Veto2]:606.909 [Veto3]:407.661 [Veto4]:407.661 [SgUp1]:59167 [SgUp2]:59041 [SgUp3]:0 [SgUp4]:0 [SgLow1]:59050 [SgLow2]:58924 [SgLow3]:0 [SgLow4]:0 [NetMuon1]:448227 [NetMuon2]:449526 [NetMuon3]:479565 [NetMuon4]:479565
[Run]:39710 [Site]:2 [Bin]:12908 [FullTime]:3600 [SkipTime]:0 [Veto1]:581.658 [Veto2]:593.268 [Veto3]:407.937 [Veto4]:407.937 [SgUp1]:58911 [SgUp2]:59346 [SgUp3]:0 [SgUp4]:0 [SgLow1]:58835 [SgLow2]:59238 [SgLow3]:0 [SgLow4]:0 [NetMuon1]:453723 [NetMuon2]:451940 [NetMuon3]:479848 [NetMuon4]:479848
[Run]:39710 [Site]:2 [Bin]:12909 [FullTime]:3600 [SkipTime]:0 [Veto1]:595.842 [Veto2]:601.206 [Veto3]:407.895 [Veto4]:407.895 [SgUp1]:58719 [SgUp2]:59218 [SgUp3]:0 [SgUp4]:0 [SgLow1]:58592 [SgLow2]:59097 [SgLow3]:0 [SgLow4]:0 [NetMuon1]:451717 [NetMuon2]:450597 [NetMuon3]:479775 [NetMuon4]:479775
[Run]:39710 [Site]:2 [Bin]:12910 [FullTime]:3600 [SkipTime]:0 [Veto1]:599.172 [Veto2]:618.756 [Veto3]:407.814 [Veto4]:407.814 [SgUp1]:58728 [SgUp2]:59043 [SgUp3]:0 [SgUp4]:0 [SgLow1]:58619 [SgLow2]:58948 [SgLow3]:0 [SgLow4]:0 [NetMuon1]:451257 [NetMuon2]:448187 [NetMuon3]:479967 [NetMuon4]:479967
[Run]:39710 [Site]:2 [Bin]:12911 [FullTime]:3600 [SkipTime]:0 [Veto1]:615.848 [Veto2]:602.251 [Veto3]:408.095 [Veto4]:408.095 [SgUp1]:58191 [SgUp2]:58602 [SgUp3]:0 [SgUp4]:0 [SgLow1]:58078 [SgLow2]:58496 [SgLow3]:0 [SgLow4]:0 [NetMuon1]:448944 [NetMuon2]:450664 [NetMuon3]:479942 [NetMuon4]:479942
[Run]:39710 [Site]:2 [Bin]:12912 [FullTime]:3600 [SkipTime]:0 [Veto1]:593.854 [Veto2]:602.037 [Veto3]:406.94 [Veto4]:406.94 [SgUp1]:58480 [SgUp2]:59012 [SgUp3]:0 [SgUp4]:0 [SgLow1]:58394 [SgLow2]:58900 [SgLow3]:0 [SgLow4]:0 [NetMuon1]:450409 [NetMuon2]:449273 [NetMuon3]:478713 [NetMuon4]:478713
End process Run: 39710 ... 
[Run]:39710 [Site]:2 [Bin]:12913 [FullTime]:106.987 [SkipTime]:0 [Veto1]:17.1874 [Veto2]:20.6498 [Veto3]:12.1697 [Veto4]:12.1697
