StreamChain add 0x1fff57f0
Start to process run: 39597 ... 
[Run]:39597 [Site]:2 [Bin]:12697 [FullTime]:945.035 [SkipTime]:0 [Veto1]:151.867 [Veto2]:149.246 [Veto3]:107.016 [Veto4]:107.016 [SgUp1]:15610 [SgUp2]:15728 [SgUp3]:0 [SgUp4]:0 [SgLow1]:15578 [SgLow2]:15687 [SgLow3]:0 [SgLow4]:0 [NetMuon1]:118887 [NetMuon2]:119457 [NetMuon3]:125772 [NetMuon4]:125772
[Run]:39597 [Site]:2 [Bin]:12698 [FullTime]:3600 [SkipTime]:0 [Veto1]:619.902 [Veto2]:610.744 [Veto3]:406.874 [Veto4]:406.874 [SgUp1]:58824 [SgUp2]:59221 [SgUp3]:0 [SgUp4]:0 [SgLow1]:58726 [SgLow2]:59119 [SgLow3]:0 [SgLow4]:0 [NetMuon1]:446358 [NetMuon2]:448065 [NetMuon3]:478594 [NetMuon4]:478594
[Run]:39597 [Site]:2 [Bin]:12699 [FullTime]:3600 [SkipTime]:0 [Veto1]:588.465 [Veto2]:607.997 [Veto3]:406.29 [Veto4]:406.29 [SgUp1]:58776 [SgUp2]:59192 [SgUp3]:0 [SgUp4]:0 [SgLow1]:58651 [SgLow2]:59072 [SgLow3]:0 [SgLow4]:0 [NetMuon1]:450716 [NetMuon2]:448043 [NetMuon3]:478080 [NetMuon4]:478080
[Run]:39597 [Site]:2 [Bin]:12700 [FullTime]:3600 [SkipTime]:0 [Veto1]:610.678 [Veto2]:600.627 [Veto3]:406.836 [Veto4]:406.836 [SgUp1]:58799 [SgUp2]:59405 [SgUp3]:0 [SgUp4]:0 [SgLow1]:58710 [SgLow2]:59308 [SgLow3]:0 [SgLow4]:0 [NetMuon1]:448522 [NetMuon2]:449520 [NetMuon3]:478714 [NetMuon4]:478714
[Run]:39597 [Site]:2 [Bin]:12701 [FullTime]:3600 [SkipTime]:0 [Veto1]:615.95 [Veto2]:595.567 [Veto3]:405.949 [Veto4]:405.949 [SgUp1]:58448 [SgUp2]:59930 [SgUp3]:0 [SgUp4]:0 [SgLow1]:58331 [SgLow2]:59828 [SgLow3]:0 [SgLow4]:0 [NetMuon1]:445924 [NetMuon2]:448812 [NetMuon3]:477558 [NetMuon4]:477558
[Run]:39597 [Site]:2 [Bin]:12702 [FullTime]:3600 [SkipTime]:0 [Veto1]:592.23 [Veto2]:597.401 [Veto3]:406.35 [Veto4]:406.35 [SgUp1]:59136 [SgUp2]:59645 [SgUp3]:0 [SgUp4]:0 [SgLow1]:59043 [SgLow2]:59526 [SgLow3]:0 [SgLow4]:0 [NetMuon1]:450046 [NetMuon2]:449404 [NetMuon3]:477929 [NetMuon4]:477929
[Run]:39597 [Site]:2 [Bin]:12703 [FullTime]:3600 [SkipTime]:0 [Veto1]:582.586 [Veto2]:609.119 [Veto3]:406.481 [Veto4]:406.481 [SgUp1]:59167 [SgUp2]:59002 [SgUp3]:0 [SgUp4]:0 [SgLow1]:59074 [SgLow2]:58909 [SgLow3]:0 [SgLow4]:0 [NetMuon1]:452028 [NetMuon2]:447717 [NetMuon3]:478330 [NetMuon4]:478330
[Run]:39597 [Site]:2 [Bin]:12704 [FullTime]:3600 [SkipTime]:0 [Veto1]:599.291 [Veto2]:589.399 [Veto3]:407.645 [Veto4]:407.645 [SgUp1]:59188 [SgUp2]:59450 [SgUp3]:0 [SgUp4]:0 [SgLow1]:59106 [SgLow2]:59335 [SgLow3]:0 [SgLow4]:0 [NetMuon1]:450878 [NetMuon2]:452253 [NetMuon3]:479611 [NetMuon4]:479611
[Run]:39597 [Site]:2 [Bin]:12705 [FullTime]:3600 [SkipTime]:0 [Veto1]:593.414 [Veto2]:576.368 [Veto3]:406.522 [Veto4]:406.522 [SgUp1]:58834 [SgUp2]:59207 [SgUp3]:0 [SgUp4]:0 [SgLow1]:58730 [SgLow2]:59103 [SgLow3]:0 [SgLow4]:0 [NetMuon1]:450391 [NetMuon2]:452874 [NetMuon3]:478427 [NetMuon4]:478427
[Run]:39597 [Site]:2 [Bin]:12706 [FullTime]:3600 [SkipTime]:0 [Veto1]:598.009 [Veto2]:602.108 [Veto3]:406.888 [Veto4]:406.888 [SgUp1]:58778 [SgUp2]:59179 [SgUp3]:0 [SgUp4]:0 [SgLow1]:58688 [SgLow2]:59070 [SgLow3]:0 [SgLow4]:0 [NetMuon1]:450216 [NetMuon2]:449472 [NetMuon3]:478789 [NetMuon4]:478789
[Run]:39597 [Site]:2 [Bin]:12707 [FullTime]:3600 [SkipTime]:0 [Veto1]:609.498 [Veto2]:611.559 [Veto3]:405.836 [Veto4]:405.836 [SgUp1]:58946 [SgUp2]:58877 [SgUp3]:0 [SgUp4]:0 [SgLow1]:58827 [SgLow2]:58772 [SgLow3]:0 [SgLow4]:0 [NetMuon1]:446989 [NetMuon2]:446720 [NetMuon3]:477542 [NetMuon4]:477542
[Run]:39597 [Site]:2 [Bin]:12708 [FullTime]:3600 [SkipTime]:0 [Veto1]:608.409 [Veto2]:601.703 [Veto3]:406.545 [Veto4]:406.545 [SgUp1]:59144 [SgUp2]:59091 [SgUp3]:0 [SgUp4]:0 [SgLow1]:59013 [SgLow2]:58997 [SgLow3]:0 [SgLow4]:0 [NetMuon1]:448133 [NetMuon2]:449231 [NetMuon3]:478383 [NetMuon4]:478383
[Run]:39597 [Site]:2 [Bin]:12709 [FullTime]:3600 [SkipTime]:0 [Veto1]:603.849 [Veto2]:600.873 [Veto3]:406.889 [Veto4]:406.889 [SgUp1]:58833 [SgUp2]:59420 [SgUp3]:0 [SgUp4]:0 [SgLow1]:58733 [SgLow2]:59336 [SgLow3]:0 [SgLow4]:0 [NetMuon1]:449219 [NetMuon2]:449545 [NetMuon3]:478787 [NetMuon4]:478787
[Run]:39597 [Site]:2 [Bin]:12710 [FullTime]:3600 [SkipTime]:0 [Veto1]:600.984 [Veto2]:605.35 [Veto3]:405.277 [Veto4]:405.277 [SgUp1]:59160 [SgUp2]:59278 [SgUp3]:0 [SgUp4]:0 [SgLow1]:59044 [SgLow2]:59191 [SgLow3]:0 [SgLow4]:0 [NetMuon1]:447905 [NetMuon2]:447257 [NetMuon3]:477153 [NetMuon4]:477153
[Run]:39597 [Site]:2 [Bin]:12711 [FullTime]:3600 [SkipTime]:0 [Veto1]:592.256 [Veto2]:577.162 [Veto3]:405.155 [Veto4]:405.155 [SgUp1]:59242 [SgUp2]:60078 [SgUp3]:0 [SgUp4]:0 [SgLow1]:59147 [SgLow2]:59984 [SgLow3]:0 [SgLow4]:0 [NetMuon1]:448679 [NetMuon2]:451114 [NetMuon3]:476753 [NetMuon4]:476753
[Run]:39597 [Site]:2 [Bin]:12712 [FullTime]:3600 [SkipTime]:0 [Veto1]:619.119 [Veto2]:585.585 [Veto3]:406.41 [Veto4]:406.41 [SgUp1]:58712 [SgUp2]:59342 [SgUp3]:0 [SgUp4]:0 [SgLow1]:58582 [SgLow2]:59229 [SgLow3]:0 [SgLow4]:0 [NetMuon1]:446467 [NetMuon2]:451642 [NetMuon3]:478267 [NetMuon4]:478267
[Run]:39597 [Site]:2 [Bin]:12713 [FullTime]:3600 [SkipTime]:0 [Veto1]:596.541 [Veto2]:581.153 [Veto3]:407.083 [Veto4]:407.083 [SgUp1]:59046 [SgUp2]:59460 [SgUp3]:0 [SgUp4]:0 [SgLow1]:58931 [SgLow2]:59369 [SgLow3]:0 [SgLow4]:0 [NetMuon1]:450343 [NetMuon2]:452777 [NetMuon3]:478966 [NetMuon4]:478966
[Run]:39597 [Site]:2 [Bin]:12714 [FullTime]:3600 [SkipTime]:0 [Veto1]:610.959 [Veto2]:607.559 [Veto3]:408.759 [Veto4]:408.759 [SgUp1]:58482 [SgUp2]:58633 [SgUp3]:0 [SgUp4]:0 [SgLow1]:58370 [SgLow2]:58532 [SgLow3]:0 [SgLow4]:0 [NetMuon1]:450258 [NetMuon2]:450666 [NetMuon3]:480830 [NetMuon4]:480830
[Run]:39597 [Site]:2 [Bin]:12715 [FullTime]:3600 [SkipTime]:0 [Veto1]:591.03 [Veto2]:609.677 [Veto3]:407.708 [Veto4]:407.708 [SgUp1]:58800 [SgUp2]:59141 [SgUp3]:0 [SgUp4]:0 [SgLow1]:58677 [SgLow2]:59040 [SgLow3]:0 [SgLow4]:0 [NetMuon1]:452273 [NetMuon2]:449362 [NetMuon3]:479620 [NetMuon4]:479620
[Run]:39597 [Site]:2 [Bin]:12716 [FullTime]:3600 [SkipTime]:0 [Veto1]:596.412 [Veto2]:594.776 [Veto3]:407.516 [Veto4]:407.516 [SgUp1]:58727 [SgUp2]:58976 [SgUp3]:0 [SgUp4]:0 [SgLow1]:58597 [SgLow2]:58878 [SgLow3]:0 [SgLow4]:0 [NetMuon1]:450933 [NetMuon2]:451246 [NetMuon3]:479372 [NetMuon4]:479372
[Run]:39597 [Site]:2 [Bin]:12717 [FullTime]:3600 [SkipTime]:0 [Veto1]:576.237 [Veto2]:577.343 [Veto3]:407.563 [Veto4]:407.563 [SgUp1]:59186 [SgUp2]:59264 [SgUp3]:0 [SgUp4]:0 [SgLow1]:59052 [SgLow2]:59167 [SgLow3]:0 [SgLow4]:0 [NetMuon1]:454319 [NetMuon2]:453789 [NetMuon3]:479569 [NetMuon4]:479569
[Run]:39597 [Site]:2 [Bin]:12718 [FullTime]:3600 [SkipTime]:0 [Veto1]:601.011 [Veto2]:601.533 [Veto3]:407.741 [Veto4]:407.741 [SgUp1]:58363 [SgUp2]:58961 [SgUp3]:0 [SgUp4]:0 [SgLow1]:58256 [SgLow2]:58862 [SgLow3]:0 [SgLow4]:0 [NetMuon1]:450759 [NetMuon2]:451083 [NetMuon3]:479740 [NetMuon4]:479740
[Run]:39597 [Site]:2 [Bin]:12719 [FullTime]:3600 [SkipTime]:0 [Veto1]:602.516 [Veto2]:604.328 [Veto3]:408.076 [Veto4]:408.076 [SgUp1]:58590 [SgUp2]:58681 [SgUp3]:0 [SgUp4]:0 [SgLow1]:58482 [SgLow2]:58582 [SgLow3]:0 [SgLow4]:0 [NetMuon1]:450584 [NetMuon2]:450038 [NetMuon3]:479832 [NetMuon4]:479832
[Run]:39597 [Site]:2 [Bin]:12720 [FullTime]:3600 [SkipTime]:0 [Veto1]:606.337 [Veto2]:601.325 [Veto3]:407.818 [Veto4]:407.818 [SgUp1]:58446 [SgUp2]:58870 [SgUp3]:0 [SgUp4]:0 [SgLow1]:58340 [SgLow2]:58771 [SgLow3]:0 [SgLow4]:0 [NetMuon1]:449808 [NetMuon2]:450537 [NetMuon3]:479829 [NetMuon4]:479829
[Run]:39597 [Site]:2 [Bin]:12721 [FullTime]:3600 [SkipTime]:0 [Veto1]:590.309 [Veto2]:610.09 [Veto3]:408.214 [Veto4]:408.214 [SgUp1]:58798 [SgUp2]:59122 [SgUp3]:0 [SgUp4]:0 [SgLow1]:58687 [SgLow2]:59004 [SgLow3]:0 [SgLow4]:0 [NetMuon1]:452796 [NetMuon2]:449992 [NetMuon3]:480392 [NetMuon4]:480392
[Run]:39597 [Site]:2 [Bin]:12722 [FullTime]:3600 [SkipTime]:0 [Veto1]:584.982 [Veto2]:583.986 [Veto3]:406.969 [Veto4]:406.969 [SgUp1]:58884 [SgUp2]:59132 [SgUp3]:0 [SgUp4]:0 [SgLow1]:58757 [SgLow2]:59040 [SgLow3]:0 [SgLow4]:0 [NetMuon1]:452468 [NetMuon2]:452404 [NetMuon3]:478955 [NetMuon4]:478955
[Run]:39597 [Site]:2 [Bin]:12723 [FullTime]:3600 [SkipTime]:0 [Veto1]:593.984 [Veto2]:579.575 [Veto3]:407.585 [Veto4]:407.585 [SgUp1]:58655 [SgUp2]:59303 [SgUp3]:0 [SgUp4]:0 [SgLow1]:58546 [SgLow2]:59191 [SgLow3]:0 [SgLow4]:0 [NetMuon1]:451652 [NetMuon2]:453949 [NetMuon3]:479534 [NetMuon4]:479534
[Run]:39597 [Site]:2 [Bin]:12724 [FullTime]:3600 [SkipTime]:0 [Veto1]:586.215 [Veto2]:591.925 [Veto3]:408.24 [Veto4]:408.24 [SgUp1]:58800 [SgUp2]:59439 [SgUp3]:0 [SgUp4]:0 [SgLow1]:58690 [SgLow2]:59340 [SgLow3]:0 [SgLow4]:0 [NetMuon1]:453477 [NetMuon2]:452610 [NetMuon3]:480169 [NetMuon4]:480169
[Run]:39597 [Site]:2 [Bin]:12725 [FullTime]:3600 [SkipTime]:0 [Veto1]:603.301 [Veto2]:594.217 [Veto3]:406.803 [Veto4]:406.803 [SgUp1]:58344 [SgUp2]:58660 [SgUp3]:0 [SgUp4]:0 [SgLow1]:58226 [SgLow2]:58558 [SgLow3]:0 [SgLow4]:0 [NetMuon1]:449350 [NetMuon2]:450680 [NetMuon3]:478653 [NetMuon4]:478653
[Run]:39597 [Site]:2 [Bin]:12726 [FullTime]:3600 [SkipTime]:0 [Veto1]:614.069 [Veto2]:592.998 [Veto3]:406.086 [Veto4]:406.086 [SgUp1]:58197 [SgUp2]:59050 [SgUp3]:0 [SgUp4]:0 [SgLow1]:58076 [SgLow2]:58957 [SgLow3]:0 [SgLow4]:0 [NetMuon1]:446935 [NetMuon2]:450011 [NetMuon3]:477821 [NetMuon4]:477821
[Run]:39597 [Site]:2 [Bin]:12727 [FullTime]:3600 [SkipTime]:0 [Veto1]:600.578 [Veto2]:597.653 [Veto3]:408.006 [Veto4]:408.006 [SgUp1]:58875 [SgUp2]:58663 [SgUp3]:0 [SgUp4]:0 [SgLow1]:58762 [SgLow2]:58529 [SgLow3]:0 [SgLow4]:0 [NetMuon1]:451674 [NetMuon2]:451749 [NetMuon3]:480128 [NetMuon4]:480128
[Run]:39597 [Site]:2 [Bin]:12728 [FullTime]:3600 [SkipTime]:0 [Veto1]:606.689 [Veto2]:612.139 [Veto3]:407.797 [Veto4]:407.797 [SgUp1]:59003 [SgUp2]:58921 [SgUp3]:0 [SgUp4]:0 [SgLow1]:58907 [SgLow2]:58810 [SgLow3]:0 [SgLow4]:0 [NetMuon1]:449630 [NetMuon2]:448721 [NetMuon3]:479507 [NetMuon4]:479507
[Run]:39597 [Site]:2 [Bin]:12729 [FullTime]:3600 [SkipTime]:0 [Veto1]:590.808 [Veto2]:614.955 [Veto3]:406.632 [Veto4]:406.632 [SgUp1]:59484 [SgUp2]:58482 [SgUp3]:0 [SgUp4]:0 [SgLow1]:59350 [SgLow2]:58384 [SgLow3]:0 [SgLow4]:0 [NetMuon1]:450652 [NetMuon2]:447217 [NetMuon3]:478334 [NetMuon4]:478334
[Run]:39597 [Site]:2 [Bin]:12730 [FullTime]:3600 [SkipTime]:0 [Veto1]:628.487 [Veto2]:617.648 [Veto3]:407.378 [Veto4]:407.378 [SgUp1]:58681 [SgUp2]:58733 [SgUp3]:0 [SgUp4]:0 [SgLow1]:58578 [SgLow2]:58635 [SgLow3]:0 [SgLow4]:0 [NetMuon1]:445930 [NetMuon2]:447746 [NetMuon3]:479197 [NetMuon4]:479197
[Run]:39597 [Site]:2 [Bin]:12731 [FullTime]:3600 [SkipTime]:0 [Veto1]:612.073 [Veto2]:620.958 [Veto3]:406.833 [Veto4]:406.833 [SgUp1]:58926 [SgUp2]:58592 [SgUp3]:0 [SgUp4]:0 [SgLow1]:58800 [SgLow2]:58503 [SgLow3]:0 [SgLow4]:0 [NetMuon1]:448496 [NetMuon2]:446870 [NetMuon3]:478820 [NetMuon4]:478820
[Run]:39597 [Site]:2 [Bin]:12732 [FullTime]:3600 [SkipTime]:0 [Veto1]:600.818 [Veto2]:598.747 [Veto3]:406.516 [Veto4]:406.516 [SgUp1]:59391 [SgUp2]:58729 [SgUp3]:0 [SgUp4]:0 [SgLow1]:59257 [SgLow2]:58610 [SgLow3]:0 [SgLow4]:0 [NetMuon1]:449217 [NetMuon2]:449496 [NetMuon3]:478270 [NetMuon4]:478270
[Run]:39597 [Site]:2 [Bin]:12733 [FullTime]:3600 [SkipTime]:0 [Veto1]:583.091 [Veto2]:605.39 [Veto3]:406.425 [Veto4]:406.425 [SgUp1]:59426 [SgUp2]:59030 [SgUp3]:0 [SgUp4]:0 [SgLow1]:59324 [SgLow2]:58931 [SgLow3]:0 [SgLow4]:0 [NetMuon1]:451796 [NetMuon2]:448496 [NetMuon3]:478042 [NetMuon4]:478042
[Run]:39597 [Site]:2 [Bin]:12734 [FullTime]:3600 [SkipTime]:0 [Veto1]:624.791 [Veto2]:602.215 [Veto3]:406.808 [Veto4]:406.808 [SgUp1]:58569 [SgUp2]:59010 [SgUp3]:0 [SgUp4]:0 [SgLow1]:58461 [SgLow2]:58914 [SgLow3]:0 [SgLow4]:0 [NetMuon1]:445879 [NetMuon2]:449281 [NetMuon3]:478712 [NetMuon4]:478712
[Run]:39597 [Site]:2 [Bin]:12735 [FullTime]:3600 [SkipTime]:0 [Veto1]:585.687 [Veto2]:599.141 [Veto3]:408.092 [Veto4]:408.092 [SgUp1]:59138 [SgUp2]:58901 [SgUp3]:0 [SgUp4]:0 [SgLow1]:59022 [SgLow2]:58820 [SgLow3]:0 [SgLow4]:0 [NetMuon1]:453152 [NetMuon2]:451305 [NetMuon3]:479914 [NetMuon4]:479914
[Run]:39597 [Site]:2 [Bin]:12736 [FullTime]:3600 [SkipTime]:0 [Veto1]:596.595 [Veto2]:603.507 [Veto3]:408.191 [Veto4]:408.191 [SgUp1]:59441 [SgUp2]:59316 [SgUp3]:0 [SgUp4]:0 [SgLow1]:59336 [SgLow2]:59226 [SgLow3]:0 [SgLow4]:0 [NetMuon1]:451868 [NetMuon2]:450663 [NetMuon3]:480099 [NetMuon4]:480099
[Run]:39597 [Site]:2 [Bin]:12737 [FullTime]:3600 [SkipTime]:0 [Veto1]:585.211 [Veto2]:610.126 [Veto3]:407.398 [Veto4]:407.398 [SgUp1]:59194 [SgUp2]:59220 [SgUp3]:0 [SgUp4]:0 [SgLow1]:59107 [SgLow2]:59123 [SgLow3]:0 [SgLow4]:0 [NetMuon1]:452837 [NetMuon2]:448952 [NetMuon3]:479463 [NetMuon4]:479463
[Run]:39597 [Site]:2 [Bin]:12738 [FullTime]:3600 [SkipTime]:0 [Veto1]:608.308 [Veto2]:606.366 [Veto3]:407.825 [Veto4]:407.825 [SgUp1]:58485 [SgUp2]:59163 [SgUp3]:0 [SgUp4]:0 [SgLow1]:58373 [SgLow2]:59071 [SgLow3]:0 [SgLow4]:0 [NetMuon1]:449624 [NetMuon2]:449810 [NetMuon3]:479601 [NetMuon4]:479601
[Run]:39597 [Site]:2 [Bin]:12739 [FullTime]:3600 [SkipTime]:0 [Veto1]:615.328 [Veto2]:601.415 [Veto3]:407.795 [Veto4]:407.795 [SgUp1]:58894 [SgUp2]:59010 [SgUp3]:0 [SgUp4]:0 [SgLow1]:58794 [SgLow2]:58907 [SgLow3]:0 [SgLow4]:0 [NetMuon1]:448591 [NetMuon2]:450339 [NetMuon3]:479631 [NetMuon4]:479631
[Run]:39597 [Site]:2 [Bin]:12740 [FullTime]:3600 [SkipTime]:0 [Veto1]:622.111 [Veto2]:587.655 [Veto3]:407.836 [Veto4]:407.836 [SgUp1]:58688 [SgUp2]:59002 [SgUp3]:0 [SgUp4]:0 [SgLow1]:58600 [SgLow2]:58899 [SgLow3]:0 [SgLow4]:0 [NetMuon1]:447618 [NetMuon2]:452925 [NetMuon3]:479889 [NetMuon4]:479889
[Run]:39597 [Site]:2 [Bin]:12741 [FullTime]:3600 [SkipTime]:0 [Veto1]:605.391 [Veto2]:617.301 [Veto3]:407.281 [Veto4]:407.281 [SgUp1]:58688 [SgUp2]:58635 [SgUp3]:0 [SgUp4]:0 [SgLow1]:58582 [SgLow2]:58536 [SgLow3]:0 [SgLow4]:0 [NetMuon1]:449391 [NetMuon2]:447779 [NetMuon3]:479137 [NetMuon4]:479137
[Run]:39597 [Site]:2 [Bin]:12742 [FullTime]:3600 [SkipTime]:0 [Veto1]:598.22 [Veto2]:594.006 [Veto3]:407.888 [Veto4]:407.888 [SgUp1]:59342 [SgUp2]:58975 [SgUp3]:0 [SgUp4]:0 [SgLow1]:59250 [SgLow2]:58878 [SgLow3]:0 [SgLow4]:0 [NetMuon1]:451081 [NetMuon2]:451948 [NetMuon3]:479649 [NetMuon4]:479649
[Run]:39597 [Site]:2 [Bin]:12743 [FullTime]:3599.99 [SkipTime]:0 [Veto1]:595.709 [Veto2]:589.813 [Veto3]:408.124 [Veto4]:408.124 [SgUp1]:59336 [SgUp2]:59348 [SgUp3]:0 [SgUp4]:0 [SgLow1]:59226 [SgLow2]:59246 [SgLow3]:0 [SgLow4]:0 [NetMuon1]:451799 [NetMuon2]:452592 [NetMuon3]:479982 [NetMuon4]:479982
[Run]:39597 [Site]:2 [Bin]:12744 [FullTime]:3600 [SkipTime]:0 [Veto1]:625.607 [Veto2]:595.147 [Veto3]:407.379 [Veto4]:407.379 [SgUp1]:58472 [SgUp2]:59153 [SgUp3]:0 [SgUp4]:0 [SgLow1]:58385 [SgLow2]:59055 [SgLow3]:0 [SgLow4]:0 [NetMuon1]:446406 [NetMuon2]:451178 [NetMuon3]:479294 [NetMuon4]:479294
End process Run: 39597 ... 
[Run]:39597 [Site]:2 [Bin]:12745 [FullTime]:586.386 [SkipTime]:0 [Veto1]:107.866 [Veto2]:89.7548 [Veto3]:66.2595 [Veto4]:66.2595
