StreamChain add 0x1ea147f0
Start to process run: 39581 ... 
[Run]:39581 [Site]:2 [Bin]:12580 [FullTime]:314.438 [SkipTime]:0 [Veto1]:54.8413 [Veto2]:48.8981 [Veto3]:35.6239 [Veto4]:35.6239 [SgUp1]:5085 [SgUp2]:5235 [SgUp3]:0 [SgUp4]:0 [SgLow1]:5072 [SgLow2]:5225 [SgLow3]:0 [SgLow4]:0 [NetMuon1]:39022 [NetMuon2]:39876 [NetMuon3]:41929 [NetMuon4]:41929
[Run]:39581 [Site]:2 [Bin]:12581 [FullTime]:3600.01 [SkipTime]:0 [Veto1]:615.093 [Veto2]:587.979 [Veto3]:407.429 [Veto4]:407.429 [SgUp1]:58049 [SgUp2]:59416 [SgUp3]:0 [SgUp4]:0 [SgLow1]:57982 [SgLow2]:59306 [SgLow3]:0 [SgLow4]:0 [NetMuon1]:447962 [NetMuon2]:452061 [NetMuon3]:479365 [NetMuon4]:479365
[Run]:39581 [Site]:2 [Bin]:12582 [FullTime]:3600 [SkipTime]:0 [Veto1]:604.141 [Veto2]:622.52 [Veto3]:407.128 [Veto4]:407.128 [SgUp1]:58618 [SgUp2]:58459 [SgUp3]:0 [SgUp4]:0 [SgLow1]:58548 [SgLow2]:58355 [SgLow3]:0 [SgLow4]:0 [NetMuon1]:449174 [NetMuon2]:446826 [NetMuon3]:478926 [NetMuon4]:478926
[Run]:39581 [Site]:2 [Bin]:12583 [FullTime]:3600 [SkipTime]:0 [Veto1]:569.533 [Veto2]:602.37 [Veto3]:407.196 [Veto4]:407.196 [SgUp1]:59492 [SgUp2]:58742 [SgUp3]:0 [SgUp4]:0 [SgLow1]:59406 [SgLow2]:58676 [SgLow3]:0 [SgLow4]:0 [NetMuon1]:454665 [NetMuon2]:449898 [NetMuon3]:479199 [NetMuon4]:479199
[Run]:39581 [Site]:2 [Bin]:12584 [FullTime]:3600 [SkipTime]:0 [Veto1]:604.345 [Veto2]:581.779 [Veto3]:406.586 [Veto4]:406.586 [SgUp1]:58370 [SgUp2]:59691 [SgUp3]:0 [SgUp4]:0 [SgLow1]:58286 [SgLow2]:59586 [SgLow3]:0 [SgLow4]:0 [NetMuon1]:448631 [NetMuon2]:452064 [NetMuon3]:478209 [NetMuon4]:478209
[Run]:39581 [Site]:2 [Bin]:12585 [FullTime]:3600 [SkipTime]:0 [Veto1]:625.144 [Veto2]:592.647 [Veto3]:406.536 [Veto4]:406.536 [SgUp1]:58154 [SgUp2]:59033 [SgUp3]:0 [SgUp4]:0 [SgLow1]:58058 [SgLow2]:58933 [SgLow3]:0 [SgLow4]:0 [NetMuon1]:445742 [NetMuon2]:450395 [NetMuon3]:478417 [NetMuon4]:478417
[Run]:39581 [Site]:2 [Bin]:12586 [FullTime]:3600 [SkipTime]:0 [Veto1]:594.278 [Veto2]:599.478 [Veto3]:405.904 [Veto4]:405.904 [SgUp1]:58612 [SgUp2]:58718 [SgUp3]:0 [SgUp4]:0 [SgLow1]:58505 [SgLow2]:58631 [SgLow3]:0 [SgLow4]:0 [NetMuon1]:449476 [NetMuon2]:448478 [NetMuon3]:477659 [NetMuon4]:477659
[Run]:39581 [Site]:2 [Bin]:12587 [FullTime]:3600 [SkipTime]:0 [Veto1]:593.615 [Veto2]:594.833 [Veto3]:406.064 [Veto4]:406.064 [SgUp1]:58511 [SgUp2]:59340 [SgUp3]:0 [SgUp4]:0 [SgLow1]:58415 [SgLow2]:59235 [SgLow3]:0 [SgLow4]:0 [NetMuon1]:449735 [NetMuon2]:449569 [NetMuon3]:477758 [NetMuon4]:477758
[Run]:39581 [Site]:2 [Bin]:12588 [FullTime]:3600 [SkipTime]:0 [Veto1]:619.792 [Veto2]:588.537 [Veto3]:407.005 [Veto4]:407.005 [SgUp1]:57940 [SgUp2]:59575 [SgUp3]:0 [SgUp4]:0 [SgLow1]:57844 [SgLow2]:59470 [SgLow3]:0 [SgLow4]:0 [NetMuon1]:446879 [NetMuon2]:451535 [NetMuon3]:478672 [NetMuon4]:478672
[Run]:39581 [Site]:2 [Bin]:12589 [FullTime]:3600 [SkipTime]:0 [Veto1]:587.002 [Veto2]:620.758 [Veto3]:406.09 [Veto4]:406.09 [SgUp1]:58948 [SgUp2]:58618 [SgUp3]:0 [SgUp4]:0 [SgLow1]:58825 [SgLow2]:58538 [SgLow3]:0 [SgLow4]:0 [NetMuon1]:450551 [NetMuon2]:445617 [NetMuon3]:477759 [NetMuon4]:477759
[Run]:39581 [Site]:2 [Bin]:12590 [FullTime]:3600 [SkipTime]:0 [Veto1]:595.726 [Veto2]:599.223 [Veto3]:406.348 [Veto4]:406.348 [SgUp1]:58520 [SgUp2]:59325 [SgUp3]:0 [SgUp4]:0 [SgLow1]:58431 [SgLow2]:59232 [SgLow3]:0 [SgLow4]:0 [NetMuon1]:449789 [NetMuon2]:449329 [NetMuon3]:478047 [NetMuon4]:478047
[Run]:39581 [Site]:2 [Bin]:12591 [FullTime]:3600 [SkipTime]:0 [Veto1]:575.959 [Veto2]:596.64 [Veto3]:406.733 [Veto4]:406.733 [SgUp1]:58731 [SgUp2]:59190 [SgUp3]:0 [SgUp4]:0 [SgLow1]:58643 [SgLow2]:59095 [SgLow3]:0 [SgLow4]:0 [NetMuon1]:453190 [NetMuon2]:449915 [NetMuon3]:478456 [NetMuon4]:478456
[Run]:39581 [Site]:2 [Bin]:12592 [FullTime]:3600.01 [SkipTime]:0 [Veto1]:598.089 [Veto2]:605.974 [Veto3]:407.084 [Veto4]:407.084 [SgUp1]:58484 [SgUp2]:58789 [SgUp3]:0 [SgUp4]:0 [SgLow1]:58384 [SgLow2]:58697 [SgLow3]:0 [SgLow4]:0 [NetMuon1]:450183 [NetMuon2]:449115 [NetMuon3]:478871 [NetMuon4]:478871
[Run]:39581 [Site]:2 [Bin]:12593 [FullTime]:3599.99 [SkipTime]:0 [Veto1]:611.58 [Veto2]:601.303 [Veto3]:407.231 [Veto4]:407.231 [SgUp1]:58668 [SgUp2]:59023 [SgUp3]:0 [SgUp4]:0 [SgLow1]:58571 [SgLow2]:58952 [SgLow3]:0 [SgLow4]:0 [NetMuon1]:448203 [NetMuon2]:449986 [NetMuon3]:479034 [NetMuon4]:479034
[Run]:39581 [Site]:2 [Bin]:12594 [FullTime]:3600 [SkipTime]:0 [Veto1]:605.059 [Veto2]:609.231 [Veto3]:407.702 [Veto4]:407.702 [SgUp1]:58056 [SgUp2]:58785 [SgUp3]:0 [SgUp4]:0 [SgLow1]:57975 [SgLow2]:58703 [SgLow3]:0 [SgLow4]:0 [NetMuon1]:450370 [NetMuon2]:449544 [NetMuon3]:479697 [NetMuon4]:479697
[Run]:39581 [Site]:2 [Bin]:12595 [FullTime]:3600 [SkipTime]:0 [Veto1]:615.219 [Veto2]:606.215 [Veto3]:406.506 [Veto4]:406.506 [SgUp1]:58219 [SgUp2]:59163 [SgUp3]:0 [SgUp4]:0 [SgLow1]:58124 [SgLow2]:59044 [SgLow3]:0 [SgLow4]:0 [NetMuon1]:446927 [NetMuon2]:448364 [NetMuon3]:478344 [NetMuon4]:478344
[Run]:39581 [Site]:2 [Bin]:12596 [FullTime]:3600 [SkipTime]:0 [Veto1]:603.179 [Veto2]:573.587 [Veto3]:406.088 [Veto4]:406.088 [SgUp1]:57959 [SgUp2]:59652 [SgUp3]:0 [SgUp4]:0 [SgLow1]:57866 [SgLow2]:59546 [SgLow3]:0 [SgLow4]:0 [NetMuon1]:448177 [NetMuon2]:452462 [NetMuon3]:477816 [NetMuon4]:477816
[Run]:39581 [Site]:2 [Bin]:12597 [FullTime]:3600 [SkipTime]:0 [Veto1]:595.292 [Veto2]:611.442 [Veto3]:406.746 [Veto4]:406.746 [SgUp1]:58794 [SgUp2]:58736 [SgUp3]:0 [SgUp4]:0 [SgLow1]:58697 [SgLow2]:58615 [SgLow3]:0 [SgLow4]:0 [NetMuon1]:450559 [NetMuon2]:448154 [NetMuon3]:478805 [NetMuon4]:478805
[Run]:39581 [Site]:2 [Bin]:12598 [FullTime]:3600 [SkipTime]:0 [Veto1]:601.78 [Veto2]:595.614 [Veto3]:406.552 [Veto4]:406.552 [SgUp1]:58576 [SgUp2]:59684 [SgUp3]:0 [SgUp4]:0 [SgLow1]:58489 [SgLow2]:59601 [SgLow3]:0 [SgLow4]:0 [NetMuon1]:449411 [NetMuon2]:450512 [NetMuon3]:478555 [NetMuon4]:478555
[Run]:39581 [Site]:2 [Bin]:12599 [FullTime]:3600 [SkipTime]:0 [Veto1]:592.634 [Veto2]:600.391 [Veto3]:406.375 [Veto4]:406.375 [SgUp1]:58536 [SgUp2]:58516 [SgUp3]:0 [SgUp4]:0 [SgLow1]:58444 [SgLow2]:58425 [SgLow3]:0 [SgLow4]:0 [NetMuon1]:450605 [NetMuon2]:449287 [NetMuon3]:478285 [NetMuon4]:478285
[Run]:39581 [Site]:2 [Bin]:12600 [FullTime]:3600 [SkipTime]:0 [Veto1]:582.101 [Veto2]:623.668 [Veto3]:406.609 [Veto4]:406.609 [SgUp1]:59205 [SgUp2]:58312 [SgUp3]:0 [SgUp4]:0 [SgLow1]:59121 [SgLow2]:58216 [SgLow3]:0 [SgLow4]:0 [NetMuon1]:452447 [NetMuon2]:445953 [NetMuon3]:478723 [NetMuon4]:478723
[Run]:39581 [Site]:2 [Bin]:12601 [FullTime]:3600 [SkipTime]:0 [Veto1]:601.921 [Veto2]:608.887 [Veto3]:408.467 [Veto4]:408.467 [SgUp1]:58510 [SgUp2]:59240 [SgUp3]:0 [SgUp4]:0 [SgLow1]:58406 [SgLow2]:59158 [SgLow3]:0 [SgLow4]:0 [NetMuon1]:451271 [NetMuon2]:450245 [NetMuon3]:480464 [NetMuon4]:480464
[Run]:39581 [Site]:2 [Bin]:12602 [FullTime]:3600 [SkipTime]:0 [Veto1]:599.286 [Veto2]:615.537 [Veto3]:407.482 [Veto4]:407.482 [SgUp1]:58405 [SgUp2]:58846 [SgUp3]:0 [SgUp4]:0 [SgLow1]:58308 [SgLow2]:58737 [SgLow3]:0 [SgLow4]:0 [NetMuon1]:450834 [NetMuon2]:448263 [NetMuon3]:479652 [NetMuon4]:479652
[Run]:39581 [Site]:2 [Bin]:12603 [FullTime]:3600 [SkipTime]:0 [Veto1]:599.009 [Veto2]:629.35 [Veto3]:407.089 [Veto4]:407.089 [SgUp1]:58354 [SgUp2]:58261 [SgUp3]:0 [SgUp4]:0 [SgLow1]:58249 [SgLow2]:58181 [SgLow3]:0 [SgLow4]:0 [NetMuon1]:450440 [NetMuon2]:445664 [NetMuon3]:478947 [NetMuon4]:478947
[Run]:39581 [Site]:2 [Bin]:12604 [FullTime]:3600 [SkipTime]:0 [Veto1]:583.475 [Veto2]:604.144 [Veto3]:406.449 [Veto4]:406.449 [SgUp1]:59028 [SgUp2]:58901 [SgUp3]:0 [SgUp4]:0 [SgLow1]:58940 [SgLow2]:58815 [SgLow3]:0 [SgLow4]:0 [NetMuon1]:451776 [NetMuon2]:448765 [NetMuon3]:478227 [NetMuon4]:478227
[Run]:39581 [Site]:2 [Bin]:12605 [FullTime]:3600 [SkipTime]:0 [Veto1]:624.835 [Veto2]:592.14 [Veto3]:406.518 [Veto4]:406.518 [SgUp1]:57902 [SgUp2]:58831 [SgUp3]:0 [SgUp4]:0 [SgLow1]:57808 [SgLow2]:58737 [SgLow3]:0 [SgLow4]:0 [NetMuon1]:446016 [NetMuon2]:450920 [NetMuon3]:478591 [NetMuon4]:478591
[Run]:39581 [Site]:2 [Bin]:12606 [FullTime]:3600 [SkipTime]:0 [Veto1]:613.257 [Veto2]:595.125 [Veto3]:406.593 [Veto4]:406.593 [SgUp1]:57909 [SgUp2]:59027 [SgUp3]:0 [SgUp4]:0 [SgLow1]:57811 [SgLow2]:58938 [SgLow3]:0 [SgLow4]:0 [NetMuon1]:447173 [NetMuon2]:450241 [NetMuon3]:478290 [NetMuon4]:478290
[Run]:39581 [Site]:2 [Bin]:12607 [FullTime]:3600 [SkipTime]:0 [Veto1]:602.376 [Veto2]:586.413 [Veto3]:406.414 [Veto4]:406.414 [SgUp1]:58759 [SgUp2]:59756 [SgUp3]:0 [SgUp4]:0 [SgLow1]:58657 [SgLow2]:59679 [SgLow3]:0 [SgLow4]:0 [NetMuon1]:449013 [NetMuon2]:451002 [NetMuon3]:478041 [NetMuon4]:478041
[Run]:39581 [Site]:2 [Bin]:12608 [FullTime]:3600 [SkipTime]:0 [Veto1]:596.033 [Veto2]:586.1 [Veto3]:406.198 [Veto4]:406.198 [SgUp1]:58748 [SgUp2]:59252 [SgUp3]:0 [SgUp4]:0 [SgLow1]:58649 [SgLow2]:59174 [SgLow3]:0 [SgLow4]:0 [NetMuon1]:449219 [NetMuon2]:450696 [NetMuon3]:477686 [NetMuon4]:477686
[Run]:39581 [Site]:2 [Bin]:12609 [FullTime]:3600 [SkipTime]:0 [Veto1]:606.042 [Veto2]:615.863 [Veto3]:406.125 [Veto4]:406.125 [SgUp1]:58343 [SgUp2]:59330 [SgUp3]:0 [SgUp4]:0 [SgLow1]:58240 [SgLow2]:59225 [SgLow3]:0 [SgLow4]:0 [NetMuon1]:447957 [NetMuon2]:446455 [NetMuon3]:477804 [NetMuon4]:477804
[Run]:39581 [Site]:2 [Bin]:12610 [FullTime]:3600 [SkipTime]:0 [Veto1]:592.529 [Veto2]:592.059 [Veto3]:405.76 [Veto4]:405.76 [SgUp1]:58811 [SgUp2]:59283 [SgUp3]:0 [SgUp4]:0 [SgLow1]:58731 [SgLow2]:59183 [SgLow3]:0 [SgLow4]:0 [NetMuon1]:449739 [NetMuon2]:449784 [NetMuon3]:477502 [NetMuon4]:477502
[Run]:39581 [Site]:2 [Bin]:12611 [FullTime]:3600 [SkipTime]:0 [Veto1]:596.935 [Veto2]:610.673 [Veto3]:406.503 [Veto4]:406.503 [SgUp1]:58461 [SgUp2]:58891 [SgUp3]:0 [SgUp4]:0 [SgLow1]:58377 [SgLow2]:58780 [SgLow3]:0 [SgLow4]:0 [NetMuon1]:449818 [NetMuon2]:448179 [NetMuon3]:478441 [NetMuon4]:478441
[Run]:39581 [Site]:2 [Bin]:12612 [FullTime]:3600 [SkipTime]:0 [Veto1]:589.676 [Veto2]:603.386 [Veto3]:405.191 [Veto4]:405.191 [SgUp1]:58675 [SgUp2]:58794 [SgUp3]:0 [SgUp4]:0 [SgLow1]:58566 [SgLow2]:58660 [SgLow3]:0 [SgLow4]:0 [NetMuon1]:449305 [NetMuon2]:447284 [NetMuon3]:476832 [NetMuon4]:476832
[Run]:39581 [Site]:2 [Bin]:12613 [FullTime]:3600 [SkipTime]:0 [Veto1]:594.859 [Veto2]:584.59 [Veto3]:405.573 [Veto4]:405.573 [SgUp1]:58674 [SgUp2]:59211 [SgUp3]:0 [SgUp4]:0 [SgLow1]:58575 [SgLow2]:59122 [SgLow3]:0 [SgLow4]:0 [NetMuon1]:449343 [NetMuon2]:450722 [NetMuon3]:477410 [NetMuon4]:477410
[Run]:39581 [Site]:2 [Bin]:12614 [FullTime]:3600 [SkipTime]:0 [Veto1]:612.088 [Veto2]:596.612 [Veto3]:405.49 [Veto4]:405.49 [SgUp1]:58784 [SgUp2]:59480 [SgUp3]:0 [SgUp4]:0 [SgLow1]:58677 [SgLow2]:59376 [SgLow3]:0 [SgLow4]:0 [NetMuon1]:446414 [NetMuon2]:448760 [NetMuon3]:477027 [NetMuon4]:477027
[Run]:39581 [Site]:2 [Bin]:12615 [FullTime]:3600.01 [SkipTime]:0 [Veto1]:606.189 [Veto2]:607.528 [Veto3]:406.125 [Veto4]:406.125 [SgUp1]:58345 [SgUp2]:58671 [SgUp3]:0 [SgUp4]:0 [SgLow1]:58252 [SgLow2]:58569 [SgLow3]:0 [SgLow4]:0 [NetMuon1]:448110 [NetMuon2]:448023 [NetMuon3]:477912 [NetMuon4]:477912
[Run]:39581 [Site]:2 [Bin]:12616 [FullTime]:3599.99 [SkipTime]:0 [Veto1]:587.189 [Veto2]:601.725 [Veto3]:405.745 [Veto4]:405.745 [SgUp1]:58849 [SgUp2]:59121 [SgUp3]:0 [SgUp4]:0 [SgLow1]:58752 [SgLow2]:59019 [SgLow3]:0 [SgLow4]:0 [NetMuon1]:450397 [NetMuon2]:448160 [NetMuon3]:477625 [NetMuon4]:477625
[Run]:39581 [Site]:2 [Bin]:12617 [FullTime]:3600 [SkipTime]:0 [Veto1]:581.311 [Veto2]:644.61 [Veto3]:407.502 [Veto4]:407.502 [SgUp1]:59070 [SgUp2]:58188 [SgUp3]:0 [SgUp4]:0 [SgLow1]:58980 [SgLow2]:58102 [SgLow3]:0 [SgLow4]:0 [NetMuon1]:453250 [NetMuon2]:444040 [NetMuon3]:479463 [NetMuon4]:479463
[Run]:39581 [Site]:2 [Bin]:12618 [FullTime]:3600 [SkipTime]:0 [Veto1]:611.55 [Veto2]:608.281 [Veto3]:406.468 [Veto4]:406.468 [SgUp1]:58306 [SgUp2]:58792 [SgUp3]:0 [SgUp4]:0 [SgLow1]:58223 [SgLow2]:58715 [SgLow3]:0 [SgLow4]:0 [NetMuon1]:447417 [NetMuon2]:447851 [NetMuon3]:478194 [NetMuon4]:478194
[Run]:39581 [Site]:2 [Bin]:12619 [FullTime]:3600 [SkipTime]:0 [Veto1]:617.235 [Veto2]:597.202 [Veto3]:405.942 [Veto4]:405.942 [SgUp1]:58329 [SgUp2]:59199 [SgUp3]:0 [SgUp4]:0 [SgLow1]:58251 [SgLow2]:59090 [SgLow3]:0 [SgLow4]:0 [NetMuon1]:446021 [NetMuon2]:448730 [NetMuon3]:477510 [NetMuon4]:477510
[Run]:39581 [Site]:2 [Bin]:12620 [FullTime]:3600 [SkipTime]:0 [Veto1]:584.751 [Veto2]:611.256 [Veto3]:406.653 [Veto4]:406.653 [SgUp1]:59059 [SgUp2]:58765 [SgUp3]:0 [SgUp4]:0 [SgLow1]:58951 [SgLow2]:58678 [SgLow3]:0 [SgLow4]:0 [NetMuon1]:452032 [NetMuon2]:447829 [NetMuon3]:478626 [NetMuon4]:478626
[Run]:39581 [Site]:2 [Bin]:12621 [FullTime]:3600 [SkipTime]:0 [Veto1]:598.697 [Veto2]:596.651 [Veto3]:407.256 [Veto4]:407.256 [SgUp1]:58882 [SgUp2]:59301 [SgUp3]:0 [SgUp4]:0 [SgLow1]:58761 [SgLow2]:59198 [SgLow3]:0 [SgLow4]:0 [NetMuon1]:450006 [NetMuon2]:450568 [NetMuon3]:479014 [NetMuon4]:479014
[Run]:39581 [Site]:2 [Bin]:12622 [FullTime]:3600 [SkipTime]:0 [Veto1]:595.976 [Veto2]:594.879 [Veto3]:406.275 [Veto4]:406.275 [SgUp1]:58691 [SgUp2]:59387 [SgUp3]:0 [SgUp4]:0 [SgLow1]:58583 [SgLow2]:59298 [SgLow3]:0 [SgLow4]:0 [NetMuon1]:449584 [NetMuon2]:449722 [NetMuon3]:478037 [NetMuon4]:478037
[Run]:39581 [Site]:2 [Bin]:12623 [FullTime]:3600 [SkipTime]:0 [Veto1]:605.776 [Veto2]:615.247 [Veto3]:407.464 [Veto4]:407.464 [SgUp1]:58733 [SgUp2]:58541 [SgUp3]:0 [SgUp4]:0 [SgLow1]:58633 [SgLow2]:58450 [SgLow3]:0 [SgLow4]:0 [NetMuon1]:449796 [NetMuon2]:448443 [NetMuon3]:479434 [NetMuon4]:479434
[Run]:39581 [Site]:2 [Bin]:12624 [FullTime]:3600 [SkipTime]:0 [Veto1]:584.328 [Veto2]:598.976 [Veto3]:406.531 [Veto4]:406.531 [SgUp1]:59625 [SgUp2]:58851 [SgUp3]:0 [SgUp4]:0 [SgLow1]:59513 [SgLow2]:58787 [SgLow3]:0 [SgLow4]:0 [NetMuon1]:451495 [NetMuon2]:449505 [NetMuon3]:478296 [NetMuon4]:478296
[Run]:39581 [Site]:2 [Bin]:12625 [FullTime]:3600 [SkipTime]:0 [Veto1]:595.49 [Veto2]:579.759 [Veto3]:405.421 [Veto4]:405.421 [SgUp1]:59101 [SgUp2]:59242 [SgUp3]:0 [SgUp4]:0 [SgLow1]:59001 [SgLow2]:59155 [SgLow3]:0 [SgLow4]:0 [NetMuon1]:448724 [NetMuon2]:450795 [NetMuon3]:477034 [NetMuon4]:477034
[Run]:39581 [Site]:2 [Bin]:12626 [FullTime]:3600 [SkipTime]:0 [Veto1]:602.12 [Veto2]:589.51 [Veto3]:406.213 [Veto4]:406.213 [SgUp1]:58631 [SgUp2]:59497 [SgUp3]:0 [SgUp4]:0 [SgLow1]:58521 [SgLow2]:59420 [SgLow3]:0 [SgLow4]:0 [NetMuon1]:448368 [NetMuon2]:450764 [NetMuon3]:478055 [NetMuon4]:478055
[Run]:39581 [Site]:2 [Bin]:12627 [FullTime]:3600 [SkipTime]:0 [Veto1]:602.762 [Veto2]:604.745 [Veto3]:407.353 [Veto4]:407.353 [SgUp1]:58582 [SgUp2]:59092 [SgUp3]:0 [SgUp4]:0 [SgLow1]:58487 [SgLow2]:59009 [SgLow3]:0 [SgLow4]:0 [NetMuon1]:449869 [NetMuon2]:449891 [NetMuon3]:479315 [NetMuon4]:479315
[Run]:39581 [Site]:2 [Bin]:12628 [FullTime]:3600 [SkipTime]:0 [Veto1]:587.319 [Veto2]:583.618 [Veto3]:406.454 [Veto4]:406.454 [SgUp1]:59019 [SgUp2]:59266 [SgUp3]:0 [SgUp4]:0 [SgLow1]:58936 [SgLow2]:59157 [SgLow3]:0 [SgLow4]:0 [NetMuon1]:451081 [NetMuon2]:451675 [NetMuon3]:478075 [NetMuon4]:478075
[Run]:39581 [Site]:2 [Bin]:12629 [FullTime]:3600 [SkipTime]:0 [Veto1]:584.609 [Veto2]:609.9 [Veto3]:406.242 [Veto4]:406.242 [SgUp1]:59140 [SgUp2]:58871 [SgUp3]:0 [SgUp4]:0 [SgLow1]:59028 [SgLow2]:58763 [SgLow3]:0 [SgLow4]:0 [NetMuon1]:451391 [NetMuon2]:447302 [NetMuon3]:477960 [NetMuon4]:477960
[Run]:39581 [Site]:2 [Bin]:12630 [FullTime]:3600 [SkipTime]:0 [Veto1]:621.28 [Veto2]:619.573 [Veto3]:407.169 [Veto4]:407.169 [SgUp1]:58066 [SgUp2]:58707 [SgUp3]:0 [SgUp4]:0 [SgLow1]:57990 [SgLow2]:58627 [SgLow3]:0 [SgLow4]:0 [NetMuon1]:447043 [NetMuon2]:447182 [NetMuon3]:479152 [NetMuon4]:479152
[Run]:39581 [Site]:2 [Bin]:12631 [FullTime]:3600 [SkipTime]:0 [Veto1]:589.844 [Veto2]:589.735 [Veto3]:405.613 [Veto4]:405.613 [SgUp1]:59231 [SgUp2]:59423 [SgUp3]:0 [SgUp4]:0 [SgLow1]:59146 [SgLow2]:59311 [SgLow3]:0 [SgLow4]:0 [NetMuon1]:449545 [NetMuon2]:450138 [NetMuon3]:477221 [NetMuon4]:477221
[Run]:39581 [Site]:2 [Bin]:12632 [FullTime]:3600 [SkipTime]:0 [Veto1]:602.495 [Veto2]:582.264 [Veto3]:406.057 [Veto4]:406.057 [SgUp1]:58739 [SgUp2]:59880 [SgUp3]:0 [SgUp4]:0 [SgLow1]:58643 [SgLow2]:59798 [SgLow3]:0 [SgLow4]:0 [NetMuon1]:448564 [NetMuon2]:451829 [NetMuon3]:477969 [NetMuon4]:477969
[Run]:39581 [Site]:2 [Bin]:12633 [FullTime]:3600 [SkipTime]:0 [Veto1]:600.166 [Veto2]:588.674 [Veto3]:406.87 [Veto4]:406.87 [SgUp1]:58939 [SgUp2]:59464 [SgUp3]:0 [SgUp4]:0 [SgLow1]:58838 [SgLow2]:59362 [SgLow3]:0 [SgLow4]:0 [NetMuon1]:449560 [NetMuon2]:451184 [NetMuon3]:478678 [NetMuon4]:478678
[Run]:39581 [Site]:2 [Bin]:12634 [FullTime]:3600 [SkipTime]:0 [Veto1]:601.158 [Veto2]:606.734 [Veto3]:406.093 [Veto4]:406.093 [SgUp1]:58602 [SgUp2]:58695 [SgUp3]:0 [SgUp4]:0 [SgLow1]:58532 [SgLow2]:58586 [SgLow3]:0 [SgLow4]:0 [NetMuon1]:448490 [NetMuon2]:447897 [NetMuon3]:477906 [NetMuon4]:477906
[Run]:39581 [Site]:2 [Bin]:12635 [FullTime]:3600 [SkipTime]:0 [Veto1]:611.041 [Veto2]:596.642 [Veto3]:406.633 [Veto4]:406.633 [SgUp1]:58687 [SgUp2]:58844 [SgUp3]:0 [SgUp4]:0 [SgLow1]:58589 [SgLow2]:58745 [SgLow3]:0 [SgLow4]:0 [NetMuon1]:447503 [NetMuon2]:449820 [NetMuon3]:478212 [NetMuon4]:478212
[Run]:39581 [Site]:2 [Bin]:12636 [FullTime]:3600 [SkipTime]:0 [Veto1]:606.928 [Veto2]:608.372 [Veto3]:407.807 [Veto4]:407.807 [SgUp1]:58715 [SgUp2]:58684 [SgUp3]:0 [SgUp4]:0 [SgLow1]:58620 [SgLow2]:58586 [SgLow3]:0 [SgLow4]:0 [NetMuon1]:449982 [NetMuon2]:450028 [NetMuon3]:479914 [NetMuon4]:479914
[Run]:39581 [Site]:2 [Bin]:12637 [FullTime]:3600 [SkipTime]:0 [Veto1]:590.102 [Veto2]:590.3 [Veto3]:407.36 [Veto4]:407.36 [SgUp1]:59193 [SgUp2]:59221 [SgUp3]:0 [SgUp4]:0 [SgLow1]:59114 [SgLow2]:59143 [SgLow3]:0 [SgLow4]:0 [NetMuon1]:451988 [NetMuon2]:451605 [NetMuon3]:479229 [NetMuon4]:479229
[Run]:39581 [Site]:2 [Bin]:12638 [FullTime]:3600 [SkipTime]:0 [Veto1]:610.491 [Veto2]:592.024 [Veto3]:407.958 [Veto4]:407.958 [SgUp1]:58615 [SgUp2]:59276 [SgUp3]:0 [SgUp4]:0 [SgLow1]:58506 [SgLow2]:59172 [SgLow3]:0 [SgLow4]:0 [NetMuon1]:449404 [NetMuon2]:452342 [NetMuon3]:479934 [NetMuon4]:479934
[Run]:39581 [Site]:2 [Bin]:12639 [FullTime]:3600 [SkipTime]:0 [Veto1]:647.214 [Veto2]:603.776 [Veto3]:408.32 [Veto4]:408.32 [SgUp1]:57892 [SgUp2]:58784 [SgUp3]:0 [SgUp4]:0 [SgLow1]:57814 [SgLow2]:58664 [SgLow3]:0 [SgLow4]:0 [NetMuon1]:444045 [NetMuon2]:451069 [NetMuon3]:480296 [NetMuon4]:480296
[Run]:39581 [Site]:2 [Bin]:12640 [FullTime]:3600 [SkipTime]:0 [Veto1]:588.824 [Veto2]:588.215 [Veto3]:407.391 [Veto4]:407.391 [SgUp1]:58909 [SgUp2]:59281 [SgUp3]:0 [SgUp4]:0 [SgLow1]:58782 [SgLow2]:59193 [SgLow3]:0 [SgLow4]:0 [NetMuon1]:451721 [NetMuon2]:451676 [NetMuon3]:478989 [NetMuon4]:478989
[Run]:39581 [Site]:2 [Bin]:12641 [FullTime]:3600 [SkipTime]:0 [Veto1]:599.203 [Veto2]:604.743 [Veto3]:407.217 [Veto4]:407.217 [SgUp1]:58838 [SgUp2]:59072 [SgUp3]:0 [SgUp4]:0 [SgLow1]:58730 [SgLow2]:58959 [SgLow3]:0 [SgLow4]:0 [NetMuon1]:450438 [NetMuon2]:449496 [NetMuon3]:478980 [NetMuon4]:478980
[Run]:39581 [Site]:2 [Bin]:12642 [FullTime]:3600 [SkipTime]:0 [Veto1]:607.012 [Veto2]:610.428 [Veto3]:407.127 [Veto4]:407.127 [SgUp1]:58371 [SgUp2]:58664 [SgUp3]:0 [SgUp4]:0 [SgLow1]:58285 [SgLow2]:58569 [SgLow3]:0 [SgLow4]:0 [NetMuon1]:448980 [NetMuon2]:448880 [NetMuon3]:478916 [NetMuon4]:478916
[Run]:39581 [Site]:2 [Bin]:12643 [FullTime]:3600 [SkipTime]:0 [Veto1]:604.378 [Veto2]:614.571 [Veto3]:407.347 [Veto4]:407.347 [SgUp1]:58601 [SgUp2]:58620 [SgUp3]:0 [SgUp4]:0 [SgLow1]:58523 [SgLow2]:58511 [SgLow3]:0 [SgLow4]:0 [NetMuon1]:449315 [NetMuon2]:447979 [NetMuon3]:479102 [NetMuon4]:479102
[Run]:39581 [Site]:2 [Bin]:12644 [FullTime]:3600 [SkipTime]:0 [Veto1]:599.091 [Veto2]:605.192 [Veto3]:406.985 [Veto4]:406.985 [SgUp1]:58924 [SgUp2]:58684 [SgUp3]:0 [SgUp4]:0 [SgLow1]:58823 [SgLow2]:58587 [SgLow3]:0 [SgLow4]:0 [NetMuon1]:449827 [NetMuon2]:449090 [NetMuon3]:478655 [NetMuon4]:478655
[Run]:39581 [Site]:2 [Bin]:12645 [FullTime]:3600 [SkipTime]:0 [Veto1]:595.963 [Veto2]:610.956 [Veto3]:407.376 [Veto4]:407.376 [SgUp1]:58664 [SgUp2]:58237 [SgUp3]:0 [SgUp4]:0 [SgLow1]:58558 [SgLow2]:58135 [SgLow3]:0 [SgLow4]:0 [NetMuon1]:451036 [NetMuon2]:448425 [NetMuon3]:479070 [NetMuon4]:479070
[Run]:39581 [Site]:2 [Bin]:12646 [FullTime]:3600.01 [SkipTime]:0 [Veto1]:608.249 [Veto2]:617.051 [Veto3]:406.804 [Veto4]:406.804 [SgUp1]:58151 [SgUp2]:58630 [SgUp3]:0 [SgUp4]:0 [SgLow1]:58046 [SgLow2]:58544 [SgLow3]:0 [SgLow4]:0 [NetMuon1]:448554 [NetMuon2]:447041 [NetMuon3]:478544 [NetMuon4]:478544
[Run]:39581 [Site]:2 [Bin]:12647 [FullTime]:3600 [SkipTime]:0 [Veto1]:595.978 [Veto2]:604.047 [Veto3]:407.083 [Veto4]:407.083 [SgUp1]:58569 [SgUp2]:58304 [SgUp3]:0 [SgUp4]:0 [SgLow1]:58468 [SgLow2]:58212 [SgLow3]:0 [SgLow4]:0 [NetMuon1]:450668 [NetMuon2]:449381 [NetMuon3]:478996 [NetMuon4]:478996
End process Run: 39581 ... 
[Run]:39581 [Site]:2 [Bin]:12648 [FullTime]:3292.2 [SkipTime]:0 [Veto1]:540.177 [Veto2]:565.093 [Veto3]:373.225 [Veto4]:373.225
