StreamChain add 0x19337f0
Start to process run: 39497 ... 
[Run]:39497 [Site]:2 [Bin]:12555 [FullTime]:128.316 [SkipTime]:0 [Veto1]:22.2913 [Veto2]:17.9084 [Veto3]:14.5434 [Veto4]:14.5434 [SgUp1]:2034 [SgUp2]:2171 [SgUp3]:0 [SgUp4]:0 [SgLow1]:2031 [SgLow2]:2171 [SgLow3]:0 [SgLow4]:0 [NetMuon1]:15921 [NetMuon2]:16614 [NetMuon3]:17107 [NetMuon4]:17107
[Run]:39497 [Site]:2 [Bin]:12556 [FullTime]:3600 [SkipTime]:0 [Veto1]:595.155 [Veto2]:603.896 [Veto3]:405.547 [Veto4]:405.547 [SgUp1]:59525 [SgUp2]:59125 [SgUp3]:0 [SgUp4]:0 [SgLow1]:59421 [SgLow2]:59043 [SgLow3]:0 [SgLow4]:0 [NetMuon1]:449057 [NetMuon2]:447413 [NetMuon3]:477289 [NetMuon4]:477289
[Run]:39497 [Site]:2 [Bin]:12557 [FullTime]:3600 [SkipTime]:0 [Veto1]:575.705 [Veto2]:613.774 [Veto3]:407.825 [Veto4]:407.825 [SgUp1]:59794 [SgUp2]:58814 [SgUp3]:0 [SgUp4]:0 [SgLow1]:59712 [SgLow2]:58713 [SgLow3]:0 [SgLow4]:0 [NetMuon1]:454569 [NetMuon2]:448559 [NetMuon3]:479727 [NetMuon4]:479727
[Run]:39497 [Site]:2 [Bin]:12558 [FullTime]:3600 [SkipTime]:0 [Veto1]:613.337 [Veto2]:590.778 [Veto3]:406.673 [Veto4]:406.673 [SgUp1]:58306 [SgUp2]:59256 [SgUp3]:0 [SgUp4]:0 [SgLow1]:58215 [SgLow2]:59172 [SgLow3]:0 [SgLow4]:0 [NetMuon1]:447594 [NetMuon2]:450883 [NetMuon3]:478696 [NetMuon4]:478696
[Run]:39497 [Site]:2 [Bin]:12559 [FullTime]:3600 [SkipTime]:0 [Veto1]:596.283 [Veto2]:614.993 [Veto3]:406.086 [Veto4]:406.086 [SgUp1]:58767 [SgUp2]:58617 [SgUp3]:0 [SgUp4]:0 [SgLow1]:58643 [SgLow2]:58526 [SgLow3]:0 [SgLow4]:0 [NetMuon1]:449401 [NetMuon2]:446679 [NetMuon3]:477802 [NetMuon4]:477802
[Run]:39497 [Site]:2 [Bin]:12560 [FullTime]:3600 [SkipTime]:0 [Veto1]:600.352 [Veto2]:580.329 [Veto3]:405.939 [Veto4]:405.939 [SgUp1]:58715 [SgUp2]:59714 [SgUp3]:0 [SgUp4]:0 [SgLow1]:58611 [SgLow2]:59619 [SgLow3]:0 [SgLow4]:0 [NetMuon1]:448311 [NetMuon2]:451547 [NetMuon3]:477647 [NetMuon4]:477647
[Run]:39497 [Site]:2 [Bin]:12561 [FullTime]:3600 [SkipTime]:0 [Veto1]:581.757 [Veto2]:570.954 [Veto3]:406.007 [Veto4]:406.007 [SgUp1]:59121 [SgUp2]:59602 [SgUp3]:0 [SgUp4]:0 [SgLow1]:59040 [SgLow2]:59500 [SgLow3]:0 [SgLow4]:0 [NetMuon1]:451440 [NetMuon2]:452939 [NetMuon3]:477676 [NetMuon4]:477676
[Run]:39497 [Site]:2 [Bin]:12562 [FullTime]:3600 [SkipTime]:0 [Veto1]:606.408 [Veto2]:583.779 [Veto3]:406.413 [Veto4]:406.413 [SgUp1]:58562 [SgUp2]:59484 [SgUp3]:0 [SgUp4]:0 [SgLow1]:58484 [SgLow2]:59391 [SgLow3]:0 [SgLow4]:0 [NetMuon1]:448169 [NetMuon2]:451424 [NetMuon3]:478068 [NetMuon4]:478068
[Run]:39497 [Site]:2 [Bin]:12563 [FullTime]:3600 [SkipTime]:0 [Veto1]:613.418 [Veto2]:587.296 [Veto3]:405.564 [Veto4]:405.564 [SgUp1]:58494 [SgUp2]:59300 [SgUp3]:0 [SgUp4]:0 [SgLow1]:58407 [SgLow2]:59200 [SgLow3]:0 [SgLow4]:0 [NetMuon1]:445777 [NetMuon2]:449936 [NetMuon3]:477091 [NetMuon4]:477091
[Run]:39497 [Site]:2 [Bin]:12564 [FullTime]:3600 [SkipTime]:0 [Veto1]:584.281 [Veto2]:577.789 [Veto3]:406.318 [Veto4]:406.318 [SgUp1]:58718 [SgUp2]:59522 [SgUp3]:0 [SgUp4]:0 [SgLow1]:58619 [SgLow2]:59422 [SgLow3]:0 [SgLow4]:0 [NetMuon1]:451318 [NetMuon2]:452345 [NetMuon3]:478018 [NetMuon4]:478018
[Run]:39497 [Site]:2 [Bin]:12565 [FullTime]:3600 [SkipTime]:0 [Veto1]:589.833 [Veto2]:590.566 [Veto3]:405.658 [Veto4]:405.658 [SgUp1]:59256 [SgUp2]:59109 [SgUp3]:0 [SgUp4]:0 [SgLow1]:59169 [SgLow2]:59027 [SgLow3]:0 [SgLow4]:0 [NetMuon1]:449979 [NetMuon2]:449819 [NetMuon3]:477410 [NetMuon4]:477410
[Run]:39497 [Site]:2 [Bin]:12566 [FullTime]:3600 [SkipTime]:0 [Veto1]:615.889 [Veto2]:608.252 [Veto3]:405.888 [Veto4]:405.888 [SgUp1]:58344 [SgUp2]:59303 [SgUp3]:0 [SgUp4]:0 [SgLow1]:58250 [SgLow2]:59215 [SgLow3]:0 [SgLow4]:0 [NetMuon1]:446105 [NetMuon2]:446972 [NetMuon3]:477501 [NetMuon4]:477501
[Run]:39497 [Site]:2 [Bin]:12567 [FullTime]:3600 [SkipTime]:0 [Veto1]:604.118 [Veto2]:593.823 [Veto3]:405.788 [Veto4]:405.788 [SgUp1]:58583 [SgUp2]:59147 [SgUp3]:0 [SgUp4]:0 [SgLow1]:58488 [SgLow2]:59063 [SgLow3]:0 [SgLow4]:0 [NetMuon1]:447810 [NetMuon2]:449252 [NetMuon3]:477347 [NetMuon4]:477347
[Run]:39497 [Site]:2 [Bin]:12568 [FullTime]:3600 [SkipTime]:0 [Veto1]:599.529 [Veto2]:622.98 [Veto3]:405.267 [Veto4]:405.267 [SgUp1]:59175 [SgUp2]:58369 [SgUp3]:0 [SgUp4]:0 [SgLow1]:59095 [SgLow2]:58268 [SgLow3]:0 [SgLow4]:0 [NetMuon1]:447600 [NetMuon2]:444286 [NetMuon3]:476722 [NetMuon4]:476722
[Run]:39497 [Site]:2 [Bin]:12569 [FullTime]:3600 [SkipTime]:0 [Veto1]:619.359 [Veto2]:578.574 [Veto3]:406.046 [Veto4]:406.046 [SgUp1]:58469 [SgUp2]:59516 [SgUp3]:0 [SgUp4]:0 [SgLow1]:58352 [SgLow2]:59452 [SgLow3]:0 [SgLow4]:0 [NetMuon1]:445957 [NetMuon2]:452050 [NetMuon3]:477797 [NetMuon4]:477797
[Run]:39497 [Site]:2 [Bin]:12570 [FullTime]:3600 [SkipTime]:0 [Veto1]:593.42 [Veto2]:599.933 [Veto3]:405.825 [Veto4]:405.825 [SgUp1]:59081 [SgUp2]:59097 [SgUp3]:0 [SgUp4]:0 [SgLow1]:58954 [SgLow2]:59004 [SgLow3]:0 [SgLow4]:0 [NetMuon1]:449664 [NetMuon2]:448621 [NetMuon3]:477456 [NetMuon4]:477456
[Run]:39497 [Site]:2 [Bin]:12571 [FullTime]:3600 [SkipTime]:0 [Veto1]:607.507 [Veto2]:593.579 [Veto3]:405.429 [Veto4]:405.429 [SgUp1]:58671 [SgUp2]:58905 [SgUp3]:0 [SgUp4]:0 [SgLow1]:58601 [SgLow2]:58826 [SgLow3]:0 [SgLow4]:0 [NetMuon1]:446739 [NetMuon2]:448444 [NetMuon3]:476959 [NetMuon4]:476959
[Run]:39497 [Site]:2 [Bin]:12572 [FullTime]:3600 [SkipTime]:0 [Veto1]:581.995 [Veto2]:607.057 [Veto3]:405.298 [Veto4]:405.298 [SgUp1]:59880 [SgUp2]:59214 [SgUp3]:0 [SgUp4]:0 [SgLow1]:59805 [SgLow2]:59142 [SgLow3]:0 [SgLow4]:0 [NetMuon1]:450130 [NetMuon2]:446681 [NetMuon3]:476810 [NetMuon4]:476810
[Run]:39497 [Site]:2 [Bin]:12573 [FullTime]:3600 [SkipTime]:0 [Veto1]:602.971 [Veto2]:618.922 [Veto3]:405.244 [Veto4]:405.244 [SgUp1]:59160 [SgUp2]:58352 [SgUp3]:0 [SgUp4]:0 [SgLow1]:59043 [SgLow2]:58265 [SgLow3]:0 [SgLow4]:0 [NetMuon1]:447219 [NetMuon2]:445045 [NetMuon3]:476794 [NetMuon4]:476794
[Run]:39497 [Site]:2 [Bin]:12574 [FullTime]:3600 [SkipTime]:0 [Veto1]:573.286 [Veto2]:599.165 [Veto3]:405.905 [Veto4]:405.905 [SgUp1]:59351 [SgUp2]:58859 [SgUp3]:0 [SgUp4]:0 [SgLow1]:59258 [SgLow2]:58784 [SgLow3]:0 [SgLow4]:0 [NetMuon1]:452213 [NetMuon2]:448531 [NetMuon3]:477551 [NetMuon4]:477551
[Run]:39497 [Site]:2 [Bin]:12575 [FullTime]:3600 [SkipTime]:0 [Veto1]:593.122 [Veto2]:595.558 [Veto3]:405.842 [Veto4]:405.842 [SgUp1]:58971 [SgUp2]:59212 [SgUp3]:0 [SgUp4]:0 [SgLow1]:58877 [SgLow2]:59120 [SgLow3]:0 [SgLow4]:0 [NetMuon1]:449544 [NetMuon2]:449420 [NetMuon3]:477550 [NetMuon4]:477550
[Run]:39497 [Site]:2 [Bin]:12576 [FullTime]:3600 [SkipTime]:0 [Veto1]:612.135 [Veto2]:599.061 [Veto3]:406.032 [Veto4]:406.032 [SgUp1]:58766 [SgUp2]:59073 [SgUp3]:0 [SgUp4]:0 [SgLow1]:58649 [SgLow2]:58962 [SgLow3]:0 [SgLow4]:0 [NetMuon1]:446885 [NetMuon2]:449213 [NetMuon3]:478023 [NetMuon4]:478023
End process Run: 39497 ... 
[Run]:39497 [Site]:2 [Bin]:12577 [FullTime]:2100.3 [SkipTime]:0 [Veto1]:354.055 [Veto2]:350.478 [Veto3]:237.367 [Veto4]:237.367
