StreamChain add 0x5e9d7f0
Start to process run: 40136 ... 
[Run]:40136 [Site]:2 [Bin]:13323 [FullTime]:1046.5 [SkipTime]:0 [Veto1]:169.012 [Veto2]:166.826 [Veto3]:118.042 [Veto4]:118.042 [SgUp1]:17462 [SgUp2]:17266 [SgUp3]:0 [SgUp4]:0 [SgLow1]:17423 [SgLow2]:17239 [SgLow3]:0 [SgLow4]:0 [NetMuon1]:131381 [NetMuon2]:131453 [NetMuon3]:138797 [NetMuon4]:138797
[Run]:40136 [Site]:2 [Bin]:13324 [FullTime]:3600 [SkipTime]:0 [Veto1]:599.952 [Veto2]:633.796 [Veto3]:408.129 [Veto4]:408.129 [SgUp1]:59379 [SgUp2]:58832 [SgUp3]:0 [SgUp4]:0 [SgLow1]:59275 [SgLow2]:58721 [SgLow3]:0 [SgLow4]:0 [NetMuon1]:451373 [NetMuon2]:446162 [NetMuon3]:480136 [NetMuon4]:480136
[Run]:40136 [Site]:2 [Bin]:13325 [FullTime]:3600 [SkipTime]:0 [Veto1]:606.151 [Veto2]:599.485 [Veto3]:407.269 [Veto4]:407.269 [SgUp1]:59352 [SgUp2]:59574 [SgUp3]:0 [SgUp4]:0 [SgLow1]:59245 [SgLow2]:59481 [SgLow3]:0 [SgLow4]:0 [NetMuon1]:449519 [NetMuon2]:450574 [NetMuon3]:479203 [NetMuon4]:479203
[Run]:40136 [Site]:2 [Bin]:13326 [FullTime]:3600 [SkipTime]:0 [Veto1]:603.456 [Veto2]:598.564 [Veto3]:407.292 [Veto4]:407.292 [SgUp1]:59270 [SgUp2]:58926 [SgUp3]:0 [SgUp4]:0 [SgLow1]:59162 [SgLow2]:58831 [SgLow3]:0 [SgLow4]:0 [NetMuon1]:449566 [NetMuon2]:450180 [NetMuon3]:479180 [NetMuon4]:479180
[Run]:40136 [Site]:2 [Bin]:13327 [FullTime]:3600 [SkipTime]:0 [Veto1]:584.693 [Veto2]:618.012 [Veto3]:406.852 [Veto4]:406.852 [SgUp1]:59364 [SgUp2]:58693 [SgUp3]:0 [SgUp4]:0 [SgLow1]:59277 [SgLow2]:58560 [SgLow3]:0 [SgLow4]:0 [NetMuon1]:452218 [NetMuon2]:446831 [NetMuon3]:478658 [NetMuon4]:478658
[Run]:40136 [Site]:2 [Bin]:13328 [FullTime]:3600 [SkipTime]:0 [Veto1]:627.692 [Veto2]:628.606 [Veto3]:408.34 [Veto4]:408.34 [SgUp1]:58540 [SgUp2]:58506 [SgUp3]:0 [SgUp4]:0 [SgLow1]:58441 [SgLow2]:58393 [SgLow3]:0 [SgLow4]:0 [NetMuon1]:447499 [NetMuon2]:447222 [NetMuon3]:480535 [NetMuon4]:480535
[Run]:40136 [Site]:2 [Bin]:13329 [FullTime]:3600 [SkipTime]:0 [Veto1]:589.436 [Veto2]:604.021 [Veto3]:408.108 [Veto4]:408.108 [SgUp1]:59036 [SgUp2]:59185 [SgUp3]:0 [SgUp4]:0 [SgLow1]:58919 [SgLow2]:59086 [SgLow3]:0 [SgLow4]:0 [NetMuon1]:452766 [NetMuon2]:450329 [NetMuon3]:479930 [NetMuon4]:479930
[Run]:40136 [Site]:2 [Bin]:13330 [FullTime]:3600 [SkipTime]:0 [Veto1]:600.787 [Veto2]:584.228 [Veto3]:408.267 [Veto4]:408.267 [SgUp1]:59015 [SgUp2]:59547 [SgUp3]:0 [SgUp4]:0 [SgLow1]:58903 [SgLow2]:59447 [SgLow3]:0 [SgLow4]:0 [NetMuon1]:451382 [NetMuon2]:453744 [NetMuon3]:480123 [NetMuon4]:480123
[Run]:40136 [Site]:2 [Bin]:13331 [FullTime]:3600 [SkipTime]:0 [Veto1]:608.789 [Veto2]:614.3 [Veto3]:407.897 [Veto4]:407.897 [SgUp1]:59314 [SgUp2]:58857 [SgUp3]:0 [SgUp4]:0 [SgLow1]:59203 [SgLow2]:58730 [SgLow3]:0 [SgLow4]:0 [NetMuon1]:449619 [NetMuon2]:449020 [NetMuon3]:479918 [NetMuon4]:479918
[Run]:40136 [Site]:2 [Bin]:13332 [FullTime]:3600 [SkipTime]:0 [Veto1]:616.155 [Veto2]:582.773 [Veto3]:407.703 [Veto4]:407.703 [SgUp1]:59271 [SgUp2]:59322 [SgUp3]:0 [SgUp4]:0 [SgLow1]:59161 [SgLow2]:59229 [SgLow3]:0 [SgLow4]:0 [NetMuon1]:448239 [NetMuon2]:452958 [NetMuon3]:479472 [NetMuon4]:479472
[Run]:40136 [Site]:2 [Bin]:13333 [FullTime]:3600 [SkipTime]:0 [Veto1]:607.076 [Veto2]:615.542 [Veto3]:407.848 [Veto4]:407.848 [SgUp1]:59148 [SgUp2]:58861 [SgUp3]:0 [SgUp4]:0 [SgLow1]:59042 [SgLow2]:58766 [SgLow3]:0 [SgLow4]:0 [NetMuon1]:449827 [NetMuon2]:448545 [NetMuon3]:479740 [NetMuon4]:479740
[Run]:40136 [Site]:2 [Bin]:13334 [FullTime]:3600 [SkipTime]:0 [Veto1]:596.641 [Veto2]:588.687 [Veto3]:407.719 [Veto4]:407.719 [SgUp1]:58696 [SgUp2]:59450 [SgUp3]:0 [SgUp4]:0 [SgLow1]:58581 [SgLow2]:59354 [SgLow3]:0 [SgLow4]:0 [NetMuon1]:451347 [NetMuon2]:452049 [NetMuon3]:479493 [NetMuon4]:479493
[Run]:40136 [Site]:2 [Bin]:13335 [FullTime]:3600 [SkipTime]:0 [Veto1]:586.902 [Veto2]:592.077 [Veto3]:407.492 [Veto4]:407.492 [SgUp1]:58810 [SgUp2]:59639 [SgUp3]:0 [SgUp4]:0 [SgLow1]:58691 [SgLow2]:59516 [SgLow3]:0 [SgLow4]:0 [NetMuon1]:452291 [NetMuon2]:451479 [NetMuon3]:479269 [NetMuon4]:479269
[Run]:40136 [Site]:2 [Bin]:13336 [FullTime]:3600 [SkipTime]:0 [Veto1]:600.859 [Veto2]:598.206 [Veto3]:407.695 [Veto4]:407.695 [SgUp1]:59026 [SgUp2]:59024 [SgUp3]:0 [SgUp4]:0 [SgLow1]:58942 [SgLow2]:58932 [SgLow3]:0 [SgLow4]:0 [NetMuon1]:450581 [NetMuon2]:450981 [NetMuon3]:479451 [NetMuon4]:479451
[Run]:40136 [Site]:2 [Bin]:13337 [FullTime]:3600 [SkipTime]:0 [Veto1]:597.052 [Veto2]:581.327 [Veto3]:408.417 [Veto4]:408.417 [SgUp1]:58754 [SgUp2]:59872 [SgUp3]:0 [SgUp4]:0 [SgLow1]:58632 [SgLow2]:59766 [SgLow3]:0 [SgLow4]:0 [NetMuon1]:452195 [NetMuon2]:454541 [NetMuon3]:480471 [NetMuon4]:480471
[Run]:40136 [Site]:2 [Bin]:13338 [FullTime]:3600 [SkipTime]:0 [Veto1]:591.355 [Veto2]:617.235 [Veto3]:407.612 [Veto4]:407.612 [SgUp1]:59229 [SgUp2]:58965 [SgUp3]:0 [SgUp4]:0 [SgLow1]:59123 [SgLow2]:58861 [SgLow3]:0 [SgLow4]:0 [NetMuon1]:451595 [NetMuon2]:448046 [NetMuon3]:479512 [NetMuon4]:479512
[Run]:40136 [Site]:2 [Bin]:13339 [FullTime]:3600 [SkipTime]:0 [Veto1]:599.294 [Veto2]:613.679 [Veto3]:407.644 [Veto4]:407.644 [SgUp1]:59161 [SgUp2]:59218 [SgUp3]:0 [SgUp4]:0 [SgLow1]:59051 [SgLow2]:59124 [SgLow3]:0 [SgLow4]:0 [NetMuon1]:450266 [NetMuon2]:448521 [NetMuon3]:479474 [NetMuon4]:479474
[Run]:40136 [Site]:2 [Bin]:13340 [FullTime]:3600 [SkipTime]:0 [Veto1]:582.963 [Veto2]:570.501 [Veto3]:406.541 [Veto4]:406.541 [SgUp1]:59589 [SgUp2]:59653 [SgUp3]:0 [SgUp4]:0 [SgLow1]:59459 [SgLow2]:59543 [SgLow3]:0 [SgLow4]:0 [NetMuon1]:451877 [NetMuon2]:453991 [NetMuon3]:478369 [NetMuon4]:478369
[Run]:40136 [Site]:2 [Bin]:13341 [FullTime]:3600 [SkipTime]:0 [Veto1]:580.251 [Veto2]:585.942 [Veto3]:408.967 [Veto4]:408.967 [SgUp1]:59100 [SgUp2]:59545 [SgUp3]:0 [SgUp4]:0 [SgLow1]:59014 [SgLow2]:59411 [SgLow3]:0 [SgLow4]:0 [NetMuon1]:455171 [NetMuon2]:454239 [NetMuon3]:480897 [NetMuon4]:480897
[Run]:40136 [Site]:2 [Bin]:13342 [FullTime]:3600 [SkipTime]:0 [Veto1]:599.042 [Veto2]:607.944 [Veto3]:408.121 [Veto4]:408.121 [SgUp1]:58633 [SgUp2]:58998 [SgUp3]:0 [SgUp4]:0 [SgLow1]:58510 [SgLow2]:58905 [SgLow3]:0 [SgLow4]:0 [NetMuon1]:451541 [NetMuon2]:450255 [NetMuon3]:480209 [NetMuon4]:480209
[Run]:40136 [Site]:2 [Bin]:13343 [FullTime]:3600 [SkipTime]:0 [Veto1]:615.217 [Veto2]:612.961 [Veto3]:407.387 [Veto4]:407.387 [SgUp1]:58728 [SgUp2]:59256 [SgUp3]:0 [SgUp4]:0 [SgLow1]:58640 [SgLow2]:59148 [SgLow3]:0 [SgLow4]:0 [NetMuon1]:447960 [NetMuon2]:448561 [NetMuon3]:479149 [NetMuon4]:479149
[Run]:40136 [Site]:2 [Bin]:13344 [FullTime]:3600 [SkipTime]:0 [Veto1]:622.064 [Veto2]:588.138 [Veto3]:407.196 [Veto4]:407.196 [SgUp1]:58663 [SgUp2]:59452 [SgUp3]:0 [SgUp4]:0 [SgLow1]:58560 [SgLow2]:59361 [SgLow3]:0 [SgLow4]:0 [NetMuon1]:446590 [NetMuon2]:452019 [NetMuon3]:478921 [NetMuon4]:478921
[Run]:40136 [Site]:2 [Bin]:13345 [FullTime]:3600 [SkipTime]:0 [Veto1]:581.238 [Veto2]:607.544 [Veto3]:406.614 [Veto4]:406.614 [SgUp1]:59423 [SgUp2]:59209 [SgUp3]:0 [SgUp4]:0 [SgLow1]:59322 [SgLow2]:59115 [SgLow3]:0 [SgLow4]:0 [NetMuon1]:452279 [NetMuon2]:448121 [NetMuon3]:478399 [NetMuon4]:478399
[Run]:40136 [Site]:2 [Bin]:13346 [FullTime]:3600 [SkipTime]:0 [Veto1]:607.455 [Veto2]:613.99 [Veto3]:407.134 [Veto4]:407.134 [SgUp1]:59038 [SgUp2]:59183 [SgUp3]:0 [SgUp4]:0 [SgLow1]:58942 [SgLow2]:59061 [SgLow3]:0 [SgLow4]:0 [NetMuon1]:448905 [NetMuon2]:448142 [NetMuon3]:479082 [NetMuon4]:479082
[Run]:40136 [Site]:2 [Bin]:13347 [FullTime]:3600 [SkipTime]:0 [Veto1]:592.266 [Veto2]:605.352 [Veto3]:407.174 [Veto4]:407.174 [SgUp1]:58861 [SgUp2]:59195 [SgUp3]:0 [SgUp4]:0 [SgLow1]:58738 [SgLow2]:59079 [SgLow3]:0 [SgLow4]:0 [NetMuon1]:450999 [NetMuon2]:449115 [NetMuon3]:478910 [NetMuon4]:478910
[Run]:40136 [Site]:2 [Bin]:13348 [FullTime]:3600 [SkipTime]:0 [Veto1]:595.762 [Veto2]:625.487 [Veto3]:407.257 [Veto4]:407.257 [SgUp1]:58888 [SgUp2]:58587 [SgUp3]:0 [SgUp4]:0 [SgLow1]:58763 [SgLow2]:58488 [SgLow3]:0 [SgLow4]:0 [NetMuon1]:450677 [NetMuon2]:446481 [NetMuon3]:479071 [NetMuon4]:479071
[Run]:40136 [Site]:2 [Bin]:13349 [FullTime]:3600 [SkipTime]:0 [Veto1]:613.457 [Veto2]:593.183 [Veto3]:407.444 [Veto4]:407.444 [SgUp1]:58846 [SgUp2]:59860 [SgUp3]:0 [SgUp4]:0 [SgLow1]:58732 [SgLow2]:59755 [SgLow3]:0 [SgLow4]:0 [NetMuon1]:448513 [NetMuon2]:451467 [NetMuon3]:479563 [NetMuon4]:479563
[Run]:40136 [Site]:2 [Bin]:13350 [FullTime]:3600 [SkipTime]:0 [Veto1]:607.142 [Veto2]:598.507 [Veto3]:406.457 [Veto4]:406.457 [SgUp1]:58730 [SgUp2]:59538 [SgUp3]:0 [SgUp4]:0 [SgLow1]:58645 [SgLow2]:59422 [SgLow3]:0 [SgLow4]:0 [NetMuon1]:447809 [NetMuon2]:449361 [NetMuon3]:478058 [NetMuon4]:478058
[Run]:40136 [Site]:2 [Bin]:13351 [FullTime]:3600 [SkipTime]:0 [Veto1]:602.178 [Veto2]:588.628 [Veto3]:407.574 [Veto4]:407.574 [SgUp1]:58826 [SgUp2]:59434 [SgUp3]:0 [SgUp4]:0 [SgLow1]:58701 [SgLow2]:59308 [SgLow3]:0 [SgLow4]:0 [NetMuon1]:450256 [NetMuon2]:452127 [NetMuon3]:479434 [NetMuon4]:479434
[Run]:40136 [Site]:2 [Bin]:13352 [FullTime]:3600 [SkipTime]:0 [Veto1]:614.775 [Veto2]:594.121 [Veto3]:407.14 [Veto4]:407.14 [SgUp1]:58774 [SgUp2]:59103 [SgUp3]:0 [SgUp4]:0 [SgLow1]:58682 [SgLow2]:58978 [SgLow3]:0 [SgLow4]:0 [NetMuon1]:447617 [NetMuon2]:450497 [NetMuon3]:478473 [NetMuon4]:478473
[Run]:40136 [Site]:2 [Bin]:13353 [FullTime]:3600 [SkipTime]:0 [Veto1]:582.765 [Veto2]:600.622 [Veto3]:407.339 [Veto4]:407.339 [SgUp1]:59454 [SgUp2]:59377 [SgUp3]:0 [SgUp4]:0 [SgLow1]:59347 [SgLow2]:59291 [SgLow3]:0 [SgLow4]:0 [NetMuon1]:452419 [NetMuon2]:450127 [NetMuon3]:479051 [NetMuon4]:479051
[Run]:40136 [Site]:2 [Bin]:13354 [FullTime]:3600 [SkipTime]:0 [Veto1]:596.763 [Veto2]:592.15 [Veto3]:406.828 [Veto4]:406.828 [SgUp1]:58819 [SgUp2]:59855 [SgUp3]:0 [SgUp4]:0 [SgLow1]:58742 [SgLow2]:59744 [SgLow3]:0 [SgLow4]:0 [NetMuon1]:450314 [NetMuon2]:450655 [NetMuon3]:478574 [NetMuon4]:478574
[Run]:40136 [Site]:2 [Bin]:13355 [FullTime]:3600 [SkipTime]:0 [Veto1]:614.177 [Veto2]:582.183 [Veto3]:407.259 [Veto4]:407.259 [SgUp1]:59232 [SgUp2]:59471 [SgUp3]:0 [SgUp4]:0 [SgLow1]:59128 [SgLow2]:59362 [SgLow3]:0 [SgLow4]:0 [NetMuon1]:447982 [NetMuon2]:453046 [NetMuon3]:479080 [NetMuon4]:479080
[Run]:40136 [Site]:2 [Bin]:13356 [FullTime]:3600 [SkipTime]:0 [Veto1]:607.51 [Veto2]:612.087 [Veto3]:407.939 [Veto4]:407.939 [SgUp1]:59066 [SgUp2]:58957 [SgUp3]:0 [SgUp4]:0 [SgLow1]:58959 [SgLow2]:58854 [SgLow3]:0 [SgLow4]:0 [NetMuon1]:450028 [NetMuon2]:449441 [NetMuon3]:479988 [NetMuon4]:479988
[Run]:40136 [Site]:2 [Bin]:13357 [FullTime]:3600 [SkipTime]:0 [Veto1]:598.095 [Veto2]:607.061 [Veto3]:406.805 [Veto4]:406.805 [SgUp1]:59189 [SgUp2]:58853 [SgUp3]:0 [SgUp4]:0 [SgLow1]:59067 [SgLow2]:58753 [SgLow3]:0 [SgLow4]:0 [NetMuon1]:449704 [NetMuon2]:448299 [NetMuon3]:478441 [NetMuon4]:478441
[Run]:40136 [Site]:2 [Bin]:13358 [FullTime]:3600 [SkipTime]:0 [Veto1]:599.914 [Veto2]:594.631 [Veto3]:406.995 [Veto4]:406.995 [SgUp1]:58934 [SgUp2]:58931 [SgUp3]:0 [SgUp4]:0 [SgLow1]:58842 [SgLow2]:58828 [SgLow3]:0 [SgLow4]:0 [NetMuon1]:449698 [NetMuon2]:450792 [NetMuon3]:478825 [NetMuon4]:478825
[Run]:40136 [Site]:2 [Bin]:13359 [FullTime]:3600 [SkipTime]:0 [Veto1]:599.951 [Veto2]:605.993 [Veto3]:407.424 [Veto4]:407.424 [SgUp1]:59169 [SgUp2]:58791 [SgUp3]:0 [SgUp4]:0 [SgLow1]:59039 [SgLow2]:58668 [SgLow3]:0 [SgLow4]:0 [NetMuon1]:450694 [NetMuon2]:449521 [NetMuon3]:479620 [NetMuon4]:479620
[Run]:40136 [Site]:2 [Bin]:13360 [FullTime]:3600 [SkipTime]:0 [Veto1]:597.155 [Veto2]:595.176 [Veto3]:407.669 [Veto4]:407.669 [SgUp1]:59252 [SgUp2]:59531 [SgUp3]:0 [SgUp4]:0 [SgLow1]:59159 [SgLow2]:59432 [SgLow3]:0 [SgLow4]:0 [NetMuon1]:451266 [NetMuon2]:451470 [NetMuon3]:479555 [NetMuon4]:479555
[Run]:40136 [Site]:2 [Bin]:13361 [FullTime]:3600 [SkipTime]:0 [Veto1]:623.241 [Veto2]:587.933 [Veto3]:407.873 [Veto4]:407.873 [SgUp1]:58409 [SgUp2]:60190 [SgUp3]:0 [SgUp4]:0 [SgLow1]:58294 [SgLow2]:60082 [SgLow3]:0 [SgLow4]:0 [NetMuon1]:447381 [NetMuon2]:452712 [NetMuon3]:479882 [NetMuon4]:479882
[Run]:40136 [Site]:2 [Bin]:13362 [FullTime]:3600 [SkipTime]:0 [Veto1]:614.327 [Veto2]:612.112 [Veto3]:408.355 [Veto4]:408.355 [SgUp1]:59221 [SgUp2]:59030 [SgUp3]:0 [SgUp4]:0 [SgLow1]:59121 [SgLow2]:58948 [SgLow3]:0 [SgLow4]:0 [NetMuon1]:448937 [NetMuon2]:449740 [NetMuon3]:480312 [NetMuon4]:480312
[Run]:40136 [Site]:2 [Bin]:13363 [FullTime]:3600 [SkipTime]:0 [Veto1]:596.43 [Veto2]:593.837 [Veto3]:408.184 [Veto4]:408.184 [SgUp1]:58743 [SgUp2]:58935 [SgUp3]:0 [SgUp4]:0 [SgLow1]:58637 [SgLow2]:58811 [SgLow3]:0 [SgLow4]:0 [NetMuon1]:451943 [NetMuon2]:452219 [NetMuon3]:480070 [NetMuon4]:480070
[Run]:40136 [Site]:2 [Bin]:13364 [FullTime]:3600 [SkipTime]:0 [Veto1]:615.686 [Veto2]:616.086 [Veto3]:408.747 [Veto4]:408.747 [SgUp1]:58586 [SgUp2]:58881 [SgUp3]:0 [SgUp4]:0 [SgLow1]:58507 [SgLow2]:58772 [SgLow3]:0 [SgLow4]:0 [NetMuon1]:449797 [NetMuon2]:449492 [NetMuon3]:480848 [NetMuon4]:480848
[Run]:40136 [Site]:2 [Bin]:13365 [FullTime]:3600 [SkipTime]:0 [Veto1]:610.142 [Veto2]:595.919 [Veto3]:408.311 [Veto4]:408.311 [SgUp1]:58685 [SgUp2]:59405 [SgUp3]:0 [SgUp4]:0 [SgLow1]:58584 [SgLow2]:59311 [SgLow3]:0 [SgLow4]:0 [NetMuon1]:449744 [NetMuon2]:451888 [NetMuon3]:480416 [NetMuon4]:480416
[Run]:40136 [Site]:2 [Bin]:13366 [FullTime]:3600 [SkipTime]:0 [Veto1]:610.556 [Veto2]:609.346 [Veto3]:408.194 [Veto4]:408.194 [SgUp1]:58600 [SgUp2]:59276 [SgUp3]:0 [SgUp4]:0 [SgLow1]:58507 [SgLow2]:59167 [SgLow3]:0 [SgLow4]:0 [NetMuon1]:449648 [NetMuon2]:449719 [NetMuon3]:480116 [NetMuon4]:480116
[Run]:40136 [Site]:2 [Bin]:13367 [FullTime]:3600 [SkipTime]:0 [Veto1]:595.219 [Veto2]:596.643 [Veto3]:408.569 [Veto4]:408.569 [SgUp1]:58645 [SgUp2]:59539 [SgUp3]:0 [SgUp4]:0 [SgLow1]:58529 [SgLow2]:59427 [SgLow3]:0 [SgLow4]:0 [NetMuon1]:452600 [NetMuon2]:452110 [NetMuon3]:480578 [NetMuon4]:480578
[Run]:40136 [Site]:2 [Bin]:13368 [FullTime]:3600 [SkipTime]:0 [Veto1]:586.082 [Veto2]:606.418 [Veto3]:407.671 [Veto4]:407.671 [SgUp1]:59044 [SgUp2]:59017 [SgUp3]:0 [SgUp4]:0 [SgLow1]:58914 [SgLow2]:58914 [SgLow3]:0 [SgLow4]:0 [NetMuon1]:452696 [NetMuon2]:449493 [NetMuon3]:479639 [NetMuon4]:479639
End process Run: 40136 ... 
[Run]:40136 [Site]:2 [Bin]:13369 [FullTime]:1146.57 [SkipTime]:0 [Veto1]:184.783 [Veto2]:192.637 [Veto3]:130.07 [Veto4]:130.07
