StreamChain add 0x184287f0
Start to process run: 40551 ... 
[Run]:40551 [Site]:2 [Bin]:13825 [FullTime]:947.919 [SkipTime]:0 [Veto1]:159.981 [Veto2]:154.73 [Veto3]:107.424 [Veto4]:107.424 [SgUp1]:15447 [SgUp2]:15434 [SgUp3]:0 [SgUp4]:0 [SgLow1]:15422 [SgLow2]:15422 [SgLow3]:0 [SgLow4]:0 [NetMuon1]:118438 [NetMuon2]:119201 [NetMuon3]:126341 [NetMuon4]:126341
[Run]:40551 [Site]:2 [Bin]:13826 [FullTime]:3600 [SkipTime]:0 [Veto1]:589.358 [Veto2]:606.422 [Veto3]:408.453 [Veto4]:408.453 [SgUp1]:59326 [SgUp2]:58929 [SgUp3]:0 [SgUp4]:0 [SgLow1]:59229 [SgLow2]:58827 [SgLow3]:0 [SgLow4]:0 [NetMuon1]:453369 [NetMuon2]:450922 [NetMuon3]:480547 [NetMuon4]:480547
[Run]:40551 [Site]:2 [Bin]:13827 [FullTime]:3600.01 [SkipTime]:0 [Veto1]:601.002 [Veto2]:592.074 [Veto3]:407.86 [Veto4]:407.86 [SgUp1]:58571 [SgUp2]:59242 [SgUp3]:0 [SgUp4]:0 [SgLow1]:58485 [SgLow2]:59144 [SgLow3]:0 [SgLow4]:0 [NetMuon1]:450661 [NetMuon2]:452287 [NetMuon3]:479816 [NetMuon4]:479816
[Run]:40551 [Site]:2 [Bin]:13828 [FullTime]:3599.99 [SkipTime]:0 [Veto1]:581.94 [Veto2]:590.393 [Veto3]:408.024 [Veto4]:408.024 [SgUp1]:59410 [SgUp2]:59005 [SgUp3]:0 [SgUp4]:0 [SgLow1]:59343 [SgLow2]:58897 [SgLow3]:0 [SgLow4]:0 [NetMuon1]:454083 [NetMuon2]:452918 [NetMuon3]:480357 [NetMuon4]:480357
[Run]:40551 [Site]:2 [Bin]:13829 [FullTime]:3600 [SkipTime]:0 [Veto1]:597.621 [Veto2]:594.226 [Veto3]:408.057 [Veto4]:408.057 [SgUp1]:59401 [SgUp2]:59333 [SgUp3]:0 [SgUp4]:0 [SgLow1]:59275 [SgLow2]:59228 [SgLow3]:0 [SgLow4]:0 [NetMuon1]:451688 [NetMuon2]:451950 [NetMuon3]:479802 [NetMuon4]:479802
[Run]:40551 [Site]:2 [Bin]:13830 [FullTime]:3600 [SkipTime]:0 [Veto1]:607.908 [Veto2]:603.761 [Veto3]:408.436 [Veto4]:408.436 [SgUp1]:58821 [SgUp2]:59363 [SgUp3]:0 [SgUp4]:0 [SgLow1]:58700 [SgLow2]:59263 [SgLow3]:0 [SgLow4]:0 [NetMuon1]:450589 [NetMuon2]:451140 [NetMuon3]:480476 [NetMuon4]:480476
[Run]:40551 [Site]:2 [Bin]:13831 [FullTime]:3600 [SkipTime]:0 [Veto1]:584.721 [Veto2]:579.811 [Veto3]:407.254 [Veto4]:407.254 [SgUp1]:59283 [SgUp2]:59207 [SgUp3]:0 [SgUp4]:0 [SgLow1]:59192 [SgLow2]:59087 [SgLow3]:0 [SgLow4]:0 [NetMuon1]:452324 [NetMuon2]:452867 [NetMuon3]:479003 [NetMuon4]:479003
[Run]:40551 [Site]:2 [Bin]:13832 [FullTime]:3600 [SkipTime]:0 [Veto1]:593.823 [Veto2]:597.565 [Veto3]:408.038 [Veto4]:408.038 [SgUp1]:59281 [SgUp2]:59201 [SgUp3]:0 [SgUp4]:0 [SgLow1]:59185 [SgLow2]:59083 [SgLow3]:0 [SgLow4]:0 [NetMuon1]:452060 [NetMuon2]:451243 [NetMuon3]:479780 [NetMuon4]:479780
[Run]:40551 [Site]:2 [Bin]:13833 [FullTime]:3600 [SkipTime]:0 [Veto1]:594.675 [Veto2]:598.955 [Veto3]:407.845 [Veto4]:407.845 [SgUp1]:59414 [SgUp2]:59457 [SgUp3]:0 [SgUp4]:0 [SgLow1]:59299 [SgLow2]:59341 [SgLow3]:0 [SgLow4]:0 [NetMuon1]:451672 [NetMuon2]:450843 [NetMuon3]:479600 [NetMuon4]:479600
[Run]:40551 [Site]:2 [Bin]:13834 [FullTime]:3600 [SkipTime]:0 [Veto1]:584.685 [Veto2]:604.307 [Veto3]:408.429 [Veto4]:408.429 [SgUp1]:59672 [SgUp2]:58558 [SgUp3]:0 [SgUp4]:0 [SgLow1]:59533 [SgLow2]:58459 [SgLow3]:0 [SgLow4]:0 [NetMuon1]:454213 [NetMuon2]:451038 [NetMuon3]:480537 [NetMuon4]:480537
[Run]:40551 [Site]:2 [Bin]:13835 [FullTime]:3600 [SkipTime]:0 [Veto1]:622.109 [Veto2]:617.961 [Veto3]:409.071 [Veto4]:409.071 [SgUp1]:58714 [SgUp2]:58742 [SgUp3]:0 [SgUp4]:0 [SgLow1]:58607 [SgLow2]:58636 [SgLow3]:0 [SgLow4]:0 [NetMuon1]:449071 [NetMuon2]:449378 [NetMuon3]:481029 [NetMuon4]:481029
[Run]:40551 [Site]:2 [Bin]:13836 [FullTime]:3600 [SkipTime]:0 [Veto1]:610.78 [Veto2]:603.798 [Veto3]:408.124 [Veto4]:408.124 [SgUp1]:58846 [SgUp2]:58756 [SgUp3]:0 [SgUp4]:0 [SgLow1]:58726 [SgLow2]:58652 [SgLow3]:0 [SgLow4]:0 [NetMuon1]:449648 [NetMuon2]:450807 [NetMuon3]:480002 [NetMuon4]:480002
[Run]:40551 [Site]:2 [Bin]:13837 [FullTime]:3600 [SkipTime]:0 [Veto1]:589.884 [Veto2]:611.101 [Veto3]:407.247 [Veto4]:407.247 [SgUp1]:59757 [SgUp2]:58839 [SgUp3]:0 [SgUp4]:0 [SgLow1]:59667 [SgLow2]:58737 [SgLow3]:0 [SgLow4]:0 [NetMuon1]:451851 [NetMuon2]:448494 [NetMuon3]:479092 [NetMuon4]:479092
[Run]:40551 [Site]:2 [Bin]:13838 [FullTime]:3600 [SkipTime]:0 [Veto1]:608.342 [Veto2]:622.323 [Veto3]:407.989 [Veto4]:407.989 [SgUp1]:59577 [SgUp2]:58454 [SgUp3]:0 [SgUp4]:0 [SgLow1]:59457 [SgLow2]:58374 [SgLow3]:0 [SgLow4]:0 [NetMuon1]:449786 [NetMuon2]:447668 [NetMuon3]:479901 [NetMuon4]:479901
[Run]:40551 [Site]:2 [Bin]:13839 [FullTime]:3600 [SkipTime]:0 [Veto1]:596.351 [Veto2]:600.607 [Veto3]:408.903 [Veto4]:408.903 [SgUp1]:59072 [SgUp2]:59284 [SgUp3]:0 [SgUp4]:0 [SgLow1]:58973 [SgLow2]:59185 [SgLow3]:0 [SgLow4]:0 [NetMuon1]:452819 [NetMuon2]:452174 [NetMuon3]:480985 [NetMuon4]:480985
[Run]:40551 [Site]:2 [Bin]:13840 [FullTime]:3600 [SkipTime]:0 [Veto1]:607.825 [Veto2]:595.296 [Veto3]:408.519 [Veto4]:408.519 [SgUp1]:59047 [SgUp2]:58913 [SgUp3]:0 [SgUp4]:0 [SgLow1]:58950 [SgLow2]:58811 [SgLow3]:0 [SgLow4]:0 [NetMuon1]:450075 [NetMuon2]:452038 [NetMuon3]:480148 [NetMuon4]:480148
[Run]:40551 [Site]:2 [Bin]:13841 [FullTime]:3600 [SkipTime]:0 [Veto1]:611.945 [Veto2]:620.574 [Veto3]:408.277 [Veto4]:408.277 [SgUp1]:59097 [SgUp2]:58546 [SgUp3]:0 [SgUp4]:0 [SgLow1]:59016 [SgLow2]:58428 [SgLow3]:0 [SgLow4]:0 [NetMuon1]:449587 [NetMuon2]:447910 [NetMuon3]:480234 [NetMuon4]:480234
[Run]:40551 [Site]:2 [Bin]:13842 [FullTime]:3600 [SkipTime]:0 [Veto1]:574.373 [Veto2]:599.908 [Veto3]:407.036 [Veto4]:407.036 [SgUp1]:59716 [SgUp2]:58868 [SgUp3]:0 [SgUp4]:0 [SgLow1]:59593 [SgLow2]:58753 [SgLow3]:0 [SgLow4]:0 [NetMuon1]:453803 [NetMuon2]:449780 [NetMuon3]:478725 [NetMuon4]:478725
[Run]:40551 [Site]:2 [Bin]:13843 [FullTime]:3600 [SkipTime]:0 [Veto1]:596.128 [Veto2]:609.821 [Veto3]:407.263 [Veto4]:407.263 [SgUp1]:59601 [SgUp2]:59026 [SgUp3]:0 [SgUp4]:0 [SgLow1]:59480 [SgLow2]:58930 [SgLow3]:0 [SgLow4]:0 [NetMuon1]:450701 [NetMuon2]:448538 [NetMuon3]:479076 [NetMuon4]:479076
[Run]:40551 [Site]:2 [Bin]:13844 [FullTime]:3600 [SkipTime]:0 [Veto1]:576.634 [Veto2]:629.661 [Veto3]:407.032 [Veto4]:407.032 [SgUp1]:59115 [SgUp2]:59200 [SgUp3]:0 [SgUp4]:0 [SgLow1]:58989 [SgLow2]:59089 [SgLow3]:0 [SgLow4]:0 [NetMuon1]:453525 [NetMuon2]:445598 [NetMuon3]:478955 [NetMuon4]:478955
[Run]:40551 [Site]:2 [Bin]:13845 [FullTime]:3600 [SkipTime]:0 [Veto1]:604.381 [Veto2]:590.011 [Veto3]:407.407 [Veto4]:407.407 [SgUp1]:58655 [SgUp2]:59434 [SgUp3]:0 [SgUp4]:0 [SgLow1]:58554 [SgLow2]:59322 [SgLow3]:0 [SgLow4]:0 [NetMuon1]:449775 [NetMuon2]:452094 [NetMuon3]:479166 [NetMuon4]:479166
[Run]:40551 [Site]:2 [Bin]:13846 [FullTime]:3600 [SkipTime]:0 [Veto1]:615.844 [Veto2]:590.932 [Veto3]:407.384 [Veto4]:407.384 [SgUp1]:59243 [SgUp2]:59223 [SgUp3]:0 [SgUp4]:0 [SgLow1]:59148 [SgLow2]:59094 [SgLow3]:0 [SgLow4]:0 [NetMuon1]:447696 [NetMuon2]:451199 [NetMuon3]:478845 [NetMuon4]:478845
[Run]:40551 [Site]:2 [Bin]:13847 [FullTime]:3600 [SkipTime]:0 [Veto1]:589.852 [Veto2]:600.678 [Veto3]:407.993 [Veto4]:407.993 [SgUp1]:58754 [SgUp2]:58835 [SgUp3]:0 [SgUp4]:0 [SgLow1]:58647 [SgLow2]:58728 [SgLow3]:0 [SgLow4]:0 [NetMuon1]:452421 [NetMuon2]:450802 [NetMuon3]:479636 [NetMuon4]:479636
[Run]:40551 [Site]:2 [Bin]:13848 [FullTime]:3600 [SkipTime]:0 [Veto1]:611.277 [Veto2]:588.878 [Veto3]:408.286 [Veto4]:408.286 [SgUp1]:59027 [SgUp2]:59155 [SgUp3]:0 [SgUp4]:0 [SgLow1]:58937 [SgLow2]:59038 [SgLow3]:0 [SgLow4]:0 [NetMuon1]:449418 [NetMuon2]:453096 [NetMuon3]:480228 [NetMuon4]:480228
[Run]:40551 [Site]:2 [Bin]:13849 [FullTime]:3600 [SkipTime]:0 [Veto1]:612.317 [Veto2]:604.57 [Veto3]:408.115 [Veto4]:408.115 [SgUp1]:58692 [SgUp2]:59106 [SgUp3]:0 [SgUp4]:0 [SgLow1]:58594 [SgLow2]:58984 [SgLow3]:0 [SgLow4]:0 [NetMuon1]:449613 [NetMuon2]:450540 [NetMuon3]:480054 [NetMuon4]:480054
[Run]:40551 [Site]:2 [Bin]:13850 [FullTime]:3600 [SkipTime]:0 [Veto1]:606.162 [Veto2]:576.793 [Veto3]:407.346 [Veto4]:407.346 [SgUp1]:58701 [SgUp2]:59770 [SgUp3]:0 [SgUp4]:0 [SgLow1]:58609 [SgLow2]:59668 [SgLow3]:0 [SgLow4]:0 [NetMuon1]:449237 [NetMuon2]:453746 [NetMuon3]:479146 [NetMuon4]:479146
[Run]:40551 [Site]:2 [Bin]:13851 [FullTime]:3600 [SkipTime]:0 [Veto1]:625.81 [Veto2]:609.47 [Veto3]:407.52 [Veto4]:407.52 [SgUp1]:58553 [SgUp2]:59062 [SgUp3]:0 [SgUp4]:0 [SgLow1]:58463 [SgLow2]:58972 [SgLow3]:0 [SgLow4]:0 [NetMuon1]:446654 [NetMuon2]:448941 [NetMuon3]:479273 [NetMuon4]:479273
[Run]:40551 [Site]:2 [Bin]:13852 [FullTime]:3600 [SkipTime]:0 [Veto1]:594.014 [Veto2]:583.064 [Veto3]:407.273 [Veto4]:407.273 [SgUp1]:59395 [SgUp2]:59384 [SgUp3]:0 [SgUp4]:0 [SgLow1]:59256 [SgLow2]:59281 [SgLow3]:0 [SgLow4]:0 [NetMuon1]:451285 [NetMuon2]:452841 [NetMuon3]:479147 [NetMuon4]:479147
[Run]:40551 [Site]:2 [Bin]:13853 [FullTime]:3600 [SkipTime]:0 [Veto1]:601.235 [Veto2]:592.686 [Veto3]:407.898 [Veto4]:407.898 [SgUp1]:58893 [SgUp2]:58683 [SgUp3]:0 [SgUp4]:0 [SgLow1]:58779 [SgLow2]:58582 [SgLow3]:0 [SgLow4]:0 [NetMuon1]:450815 [NetMuon2]:452088 [NetMuon3]:479825 [NetMuon4]:479825
[Run]:40551 [Site]:2 [Bin]:13854 [FullTime]:3600 [SkipTime]:0 [Veto1]:599.783 [Veto2]:600.324 [Veto3]:406.9 [Veto4]:406.9 [SgUp1]:58636 [SgUp2]:58861 [SgUp3]:0 [SgUp4]:0 [SgLow1]:58531 [SgLow2]:58752 [SgLow3]:0 [SgLow4]:0 [NetMuon1]:449918 [NetMuon2]:449499 [NetMuon3]:478621 [NetMuon4]:478621
[Run]:40551 [Site]:2 [Bin]:13855 [FullTime]:3600 [SkipTime]:0 [Veto1]:602.284 [Veto2]:599.161 [Veto3]:407.647 [Veto4]:407.647 [SgUp1]:58941 [SgUp2]:59204 [SgUp3]:0 [SgUp4]:0 [SgLow1]:58818 [SgLow2]:59111 [SgLow3]:0 [SgLow4]:0 [NetMuon1]:450271 [NetMuon2]:451122 [NetMuon3]:479524 [NetMuon4]:479524
[Run]:40551 [Site]:2 [Bin]:13856 [FullTime]:3600 [SkipTime]:0 [Veto1]:604.218 [Veto2]:622.741 [Veto3]:407.822 [Veto4]:407.822 [SgUp1]:59087 [SgUp2]:59035 [SgUp3]:0 [SgUp4]:0 [SgLow1]:58987 [SgLow2]:58940 [SgLow3]:0 [SgLow4]:0 [NetMuon1]:450540 [NetMuon2]:447473 [NetMuon3]:479890 [NetMuon4]:479890
[Run]:40551 [Site]:2 [Bin]:13857 [FullTime]:3600 [SkipTime]:0 [Veto1]:596.32 [Veto2]:603.422 [Veto3]:407.798 [Veto4]:407.798 [SgUp1]:59088 [SgUp2]:59053 [SgUp3]:0 [SgUp4]:0 [SgLow1]:58981 [SgLow2]:58936 [SgLow3]:0 [SgLow4]:0 [NetMuon1]:451263 [NetMuon2]:450081 [NetMuon3]:479584 [NetMuon4]:479584
[Run]:40551 [Site]:2 [Bin]:13858 [FullTime]:3600 [SkipTime]:0 [Veto1]:587.888 [Veto2]:613.785 [Veto3]:407.811 [Veto4]:407.811 [SgUp1]:59438 [SgUp2]:59305 [SgUp3]:0 [SgUp4]:0 [SgLow1]:59324 [SgLow2]:59196 [SgLow3]:0 [SgLow4]:0 [NetMuon1]:452732 [NetMuon2]:448988 [NetMuon3]:479728 [NetMuon4]:479728
[Run]:40551 [Site]:2 [Bin]:13859 [FullTime]:3600 [SkipTime]:0 [Veto1]:608.246 [Veto2]:597.752 [Veto3]:407.817 [Veto4]:407.817 [SgUp1]:58732 [SgUp2]:59298 [SgUp3]:0 [SgUp4]:0 [SgLow1]:58626 [SgLow2]:59199 [SgLow3]:0 [SgLow4]:0 [NetMuon1]:449931 [NetMuon2]:451218 [NetMuon3]:479656 [NetMuon4]:479656
[Run]:40551 [Site]:2 [Bin]:13860 [FullTime]:3600 [SkipTime]:0 [Veto1]:605.668 [Veto2]:610.503 [Veto3]:408.137 [Veto4]:408.137 [SgUp1]:58453 [SgUp2]:59253 [SgUp3]:0 [SgUp4]:0 [SgLow1]:58344 [SgLow2]:59163 [SgLow3]:0 [SgLow4]:0 [NetMuon1]:450289 [NetMuon2]:449395 [NetMuon3]:479978 [NetMuon4]:479978
[Run]:40551 [Site]:2 [Bin]:13861 [FullTime]:3600 [SkipTime]:0 [Veto1]:605.392 [Veto2]:593.883 [Veto3]:407.662 [Veto4]:407.662 [SgUp1]:58841 [SgUp2]:59181 [SgUp3]:0 [SgUp4]:0 [SgLow1]:58732 [SgLow2]:59103 [SgLow3]:0 [SgLow4]:0 [NetMuon1]:449771 [NetMuon2]:451924 [NetMuon3]:479485 [NetMuon4]:479485
[Run]:40551 [Site]:2 [Bin]:13862 [FullTime]:3600 [SkipTime]:0 [Veto1]:593.411 [Veto2]:589.404 [Veto3]:407.191 [Veto4]:407.191 [SgUp1]:59175 [SgUp2]:58738 [SgUp3]:0 [SgUp4]:0 [SgLow1]:59071 [SgLow2]:58639 [SgLow3]:0 [SgLow4]:0 [NetMuon1]:451499 [NetMuon2]:451535 [NetMuon3]:479023 [NetMuon4]:479023
[Run]:40551 [Site]:2 [Bin]:13863 [FullTime]:3600 [SkipTime]:0 [Veto1]:598.176 [Veto2]:602.444 [Veto3]:407.85 [Veto4]:407.85 [SgUp1]:59265 [SgUp2]:58817 [SgUp3]:0 [SgUp4]:0 [SgLow1]:59134 [SgLow2]:58719 [SgLow3]:0 [SgLow4]:0 [NetMuon1]:451031 [NetMuon2]:450639 [NetMuon3]:479752 [NetMuon4]:479752
[Run]:40551 [Site]:2 [Bin]:13864 [FullTime]:3600 [SkipTime]:0 [Veto1]:580.829 [Veto2]:588.463 [Veto3]:408.148 [Veto4]:408.148 [SgUp1]:59923 [SgUp2]:59778 [SgUp3]:0 [SgUp4]:0 [SgLow1]:59834 [SgLow2]:59661 [SgLow3]:0 [SgLow4]:0 [NetMuon1]:454217 [NetMuon2]:453196 [NetMuon3]:480200 [NetMuon4]:480200
[Run]:40551 [Site]:2 [Bin]:13865 [FullTime]:3600 [SkipTime]:0 [Veto1]:594.192 [Veto2]:596.761 [Veto3]:407.84 [Veto4]:407.84 [SgUp1]:59172 [SgUp2]:59282 [SgUp3]:0 [SgUp4]:0 [SgLow1]:59071 [SgLow2]:59188 [SgLow3]:0 [SgLow4]:0 [NetMuon1]:451477 [NetMuon2]:451223 [NetMuon3]:479615 [NetMuon4]:479615
[Run]:40551 [Site]:2 [Bin]:13866 [FullTime]:3600 [SkipTime]:0 [Veto1]:602.904 [Veto2]:602.83 [Veto3]:409.326 [Veto4]:409.326 [SgUp1]:58696 [SgUp2]:59014 [SgUp3]:0 [SgUp4]:0 [SgLow1]:58628 [SgLow2]:58929 [SgLow3]:0 [SgLow4]:0 [NetMuon1]:452328 [NetMuon2]:452261 [NetMuon3]:481563 [NetMuon4]:481563
[Run]:40551 [Site]:2 [Bin]:13867 [FullTime]:3600 [SkipTime]:0 [Veto1]:600.935 [Veto2]:584.536 [Veto3]:408.813 [Veto4]:408.813 [SgUp1]:59186 [SgUp2]:59422 [SgUp3]:0 [SgUp4]:0 [SgLow1]:59090 [SgLow2]:59323 [SgLow3]:0 [SgLow4]:0 [NetMuon1]:451750 [NetMuon2]:454378 [NetMuon3]:480921 [NetMuon4]:480921
[Run]:40551 [Site]:2 [Bin]:13868 [FullTime]:3600 [SkipTime]:0 [Veto1]:599.963 [Veto2]:606.896 [Veto3]:408.404 [Veto4]:408.404 [SgUp1]:58518 [SgUp2]:59193 [SgUp3]:0 [SgUp4]:0 [SgLow1]:58403 [SgLow2]:59091 [SgLow3]:0 [SgLow4]:0 [NetMuon1]:451653 [NetMuon2]:450495 [NetMuon3]:480417 [NetMuon4]:480417
[Run]:40551 [Site]:2 [Bin]:13869 [FullTime]:3600 [SkipTime]:0 [Veto1]:609.863 [Veto2]:602.669 [Veto3]:408.862 [Veto4]:408.862 [SgUp1]:58735 [SgUp2]:59521 [SgUp3]:0 [SgUp4]:0 [SgLow1]:58630 [SgLow2]:59416 [SgLow3]:0 [SgLow4]:0 [NetMuon1]:450322 [NetMuon2]:451628 [NetMuon3]:480816 [NetMuon4]:480816
[Run]:40551 [Site]:2 [Bin]:13870 [FullTime]:3600 [SkipTime]:0 [Veto1]:602.815 [Veto2]:613.838 [Veto3]:408.974 [Veto4]:408.974 [SgUp1]:58994 [SgUp2]:58816 [SgUp3]:0 [SgUp4]:0 [SgLow1]:58908 [SgLow2]:58709 [SgLow3]:0 [SgLow4]:0 [NetMuon1]:451960 [NetMuon2]:450257 [NetMuon3]:481023 [NetMuon4]:481023
[Run]:40551 [Site]:2 [Bin]:13871 [FullTime]:3600 [SkipTime]:0 [Veto1]:589.25 [Veto2]:614.718 [Veto3]:409.161 [Veto4]:409.161 [SgUp1]:58807 [SgUp2]:58825 [SgUp3]:0 [SgUp4]:0 [SgLow1]:58706 [SgLow2]:58732 [SgLow3]:0 [SgLow4]:0 [NetMuon1]:454148 [NetMuon2]:450135 [NetMuon3]:481341 [NetMuon4]:481341
[Run]:40551 [Site]:2 [Bin]:13872 [FullTime]:3600 [SkipTime]:0 [Veto1]:604.421 [Veto2]:602.391 [Veto3]:408.079 [Veto4]:408.079 [SgUp1]:58552 [SgUp2]:59106 [SgUp3]:0 [SgUp4]:0 [SgLow1]:58433 [SgLow2]:58997 [SgLow3]:0 [SgLow4]:0 [NetMuon1]:450680 [NetMuon2]:450759 [NetMuon3]:480044 [NetMuon4]:480044
End process Run: 40551 ... 
[Run]:40551 [Site]:2 [Bin]:13873 [FullTime]:77.7704 [SkipTime]:0 [Veto1]:10.2489 [Veto2]:9.29573 [Veto3]:8.93254 [Veto4]:8.93254
