StreamChain add 0x15d927f0
Start to process run: 40564 ... 
[Run]:40564 [Site]:2 [Bin]:13873 [FullTime]:2167.02 [SkipTime]:0 [Veto1]:365.255 [Veto2]:368.952 [Veto3]:246.776 [Veto4]:246.776 [SgUp1]:35129 [SgUp2]:35456 [SgUp3]:0 [SgUp4]:0 [SgLow1]:35079 [SgLow2]:35399 [SgLow3]:0 [SgLow4]:0 [NetMuon1]:272086 [NetMuon2]:271637 [NetMuon3]:290167 [NetMuon4]:290167
[Run]:40564 [Site]:2 [Bin]:13874 [FullTime]:3599.99 [SkipTime]:0 [Veto1]:600.372 [Veto2]:598.567 [Veto3]:407.763 [Veto4]:407.763 [SgUp1]:58405 [SgUp2]:59189 [SgUp3]:0 [SgUp4]:0 [SgLow1]:58286 [SgLow2]:59084 [SgLow3]:0 [SgLow4]:0 [NetMuon1]:450720 [NetMuon2]:451136 [NetMuon3]:479712 [NetMuon4]:479712
[Run]:40564 [Site]:2 [Bin]:13875 [FullTime]:3600 [SkipTime]:0 [Veto1]:582.836 [Veto2]:596.335 [Veto3]:408.437 [Veto4]:408.437 [SgUp1]:59107 [SgUp2]:58951 [SgUp3]:0 [SgUp4]:0 [SgLow1]:59009 [SgLow2]:58857 [SgLow3]:0 [SgLow4]:0 [NetMuon1]:453742 [NetMuon2]:451757 [NetMuon3]:480057 [NetMuon4]:480057
[Run]:40564 [Site]:2 [Bin]:13876 [FullTime]:3600 [SkipTime]:0 [Veto1]:597.202 [Veto2]:602.149 [Veto3]:409.485 [Veto4]:409.485 [SgUp1]:58651 [SgUp2]:59210 [SgUp3]:0 [SgUp4]:0 [SgLow1]:58540 [SgLow2]:59115 [SgLow3]:0 [SgLow4]:0 [NetMuon1]:453158 [NetMuon2]:452258 [NetMuon3]:481390 [NetMuon4]:481390
[Run]:40564 [Site]:2 [Bin]:13877 [FullTime]:3600 [SkipTime]:0 [Veto1]:589.601 [Veto2]:607.056 [Veto3]:408.103 [Veto4]:408.103 [SgUp1]:58530 [SgUp2]:59410 [SgUp3]:0 [SgUp4]:0 [SgLow1]:58432 [SgLow2]:59303 [SgLow3]:0 [SgLow4]:0 [NetMuon1]:452495 [NetMuon2]:450092 [NetMuon3]:479949 [NetMuon4]:479949
[Run]:40564 [Site]:2 [Bin]:13878 [FullTime]:3600 [SkipTime]:0 [Veto1]:589.231 [Veto2]:586.455 [Veto3]:407.972 [Veto4]:407.972 [SgUp1]:58744 [SgUp2]:59479 [SgUp3]:0 [SgUp4]:0 [SgLow1]:58642 [SgLow2]:59395 [SgLow3]:0 [SgLow4]:0 [NetMuon1]:452687 [NetMuon2]:452728 [NetMuon3]:479612 [NetMuon4]:479612
[Run]:40564 [Site]:2 [Bin]:13879 [FullTime]:3600 [SkipTime]:0 [Veto1]:586.851 [Veto2]:614.808 [Veto3]:408.654 [Veto4]:408.654 [SgUp1]:59472 [SgUp2]:58712 [SgUp3]:0 [SgUp4]:0 [SgLow1]:59383 [SgLow2]:58599 [SgLow3]:0 [SgLow4]:0 [NetMuon1]:453808 [NetMuon2]:449288 [NetMuon3]:480566 [NetMuon4]:480566
[Run]:40564 [Site]:2 [Bin]:13880 [FullTime]:3600 [SkipTime]:0 [Veto1]:589.222 [Veto2]:591.428 [Veto3]:407.435 [Veto4]:407.435 [SgUp1]:59407 [SgUp2]:59175 [SgUp3]:0 [SgUp4]:0 [SgLow1]:59265 [SgLow2]:59061 [SgLow3]:0 [SgLow4]:0 [NetMuon1]:452000 [NetMuon2]:451624 [NetMuon3]:479361 [NetMuon4]:479361
[Run]:40564 [Site]:2 [Bin]:13881 [FullTime]:3600 [SkipTime]:0 [Veto1]:601.242 [Veto2]:612.031 [Veto3]:408.267 [Veto4]:408.267 [SgUp1]:58949 [SgUp2]:59095 [SgUp3]:0 [SgUp4]:0 [SgLow1]:58854 [SgLow2]:59002 [SgLow3]:0 [SgLow4]:0 [NetMuon1]:451253 [NetMuon2]:449467 [NetMuon3]:480170 [NetMuon4]:480170
[Run]:40564 [Site]:2 [Bin]:13882 [FullTime]:3600 [SkipTime]:0 [Veto1]:600.081 [Veto2]:607.572 [Veto3]:407.584 [Veto4]:407.584 [SgUp1]:58843 [SgUp2]:58870 [SgUp3]:0 [SgUp4]:0 [SgLow1]:58720 [SgLow2]:58783 [SgLow3]:0 [SgLow4]:0 [NetMuon1]:450609 [NetMuon2]:449175 [NetMuon3]:479526 [NetMuon4]:479526
[Run]:40564 [Site]:2 [Bin]:13883 [FullTime]:3600.01 [SkipTime]:0 [Veto1]:602.466 [Veto2]:622.028 [Veto3]:407.367 [Veto4]:407.367 [SgUp1]:59194 [SgUp2]:58470 [SgUp3]:0 [SgUp4]:0 [SgLow1]:59104 [SgLow2]:58376 [SgLow3]:0 [SgLow4]:0 [NetMuon1]:450272 [NetMuon2]:447062 [NetMuon3]:479468 [NetMuon4]:479468
[Run]:40564 [Site]:2 [Bin]:13884 [FullTime]:3600 [SkipTime]:0 [Veto1]:604.005 [Veto2]:607.029 [Veto3]:407.811 [Veto4]:407.811 [SgUp1]:59056 [SgUp2]:58504 [SgUp3]:0 [SgUp4]:0 [SgLow1]:58952 [SgLow2]:58389 [SgLow3]:0 [SgLow4]:0 [NetMuon1]:450453 [NetMuon2]:450020 [NetMuon3]:479982 [NetMuon4]:479982
[Run]:40564 [Site]:2 [Bin]:13885 [FullTime]:3600 [SkipTime]:0 [Veto1]:593.174 [Veto2]:592.539 [Veto3]:407.389 [Veto4]:407.389 [SgUp1]:58919 [SgUp2]:58995 [SgUp3]:0 [SgUp4]:0 [SgLow1]:58826 [SgLow2]:58889 [SgLow3]:0 [SgLow4]:0 [NetMuon1]:451092 [NetMuon2]:450998 [NetMuon3]:478989 [NetMuon4]:478989
[Run]:40564 [Site]:2 [Bin]:13886 [FullTime]:3600 [SkipTime]:0 [Veto1]:614.972 [Veto2]:603.193 [Veto3]:408.177 [Veto4]:408.177 [SgUp1]:58556 [SgUp2]:59163 [SgUp3]:0 [SgUp4]:0 [SgLow1]:58456 [SgLow2]:59046 [SgLow3]:0 [SgLow4]:0 [NetMuon1]:448998 [NetMuon2]:451144 [NetMuon3]:480209 [NetMuon4]:480209
[Run]:40564 [Site]:2 [Bin]:13887 [FullTime]:3600 [SkipTime]:0 [Veto1]:602.367 [Veto2]:626.563 [Veto3]:407.841 [Veto4]:407.841 [SgUp1]:59051 [SgUp2]:58569 [SgUp3]:0 [SgUp4]:0 [SgLow1]:58956 [SgLow2]:58463 [SgLow3]:0 [SgLow4]:0 [NetMuon1]:450280 [NetMuon2]:446065 [NetMuon3]:479433 [NetMuon4]:479433
[Run]:40564 [Site]:2 [Bin]:13888 [FullTime]:3600 [SkipTime]:0 [Veto1]:585.725 [Veto2]:626.095 [Veto3]:408.987 [Veto4]:408.987 [SgUp1]:59154 [SgUp2]:58800 [SgUp3]:0 [SgUp4]:0 [SgLow1]:59046 [SgLow2]:58691 [SgLow3]:0 [SgLow4]:0 [NetMuon1]:454054 [NetMuon2]:448635 [NetMuon3]:481098 [NetMuon4]:481098
[Run]:40564 [Site]:2 [Bin]:13889 [FullTime]:3600 [SkipTime]:0 [Veto1]:590.435 [Veto2]:584.034 [Veto3]:407.378 [Veto4]:407.378 [SgUp1]:58834 [SgUp2]:59563 [SgUp3]:0 [SgUp4]:0 [SgLow1]:58741 [SgLow2]:59465 [SgLow3]:0 [SgLow4]:0 [NetMuon1]:452189 [NetMuon2]:453088 [NetMuon3]:479581 [NetMuon4]:479581
[Run]:40564 [Site]:2 [Bin]:13890 [FullTime]:3600 [SkipTime]:0 [Veto1]:589.335 [Veto2]:589.623 [Veto3]:407.588 [Veto4]:407.588 [SgUp1]:59661 [SgUp2]:59129 [SgUp3]:0 [SgUp4]:0 [SgLow1]:59575 [SgLow2]:59022 [SgLow3]:0 [SgLow4]:0 [NetMuon1]:451814 [NetMuon2]:451740 [NetMuon3]:479245 [NetMuon4]:479245
[Run]:40564 [Site]:2 [Bin]:13891 [FullTime]:3600 [SkipTime]:0 [Veto1]:603.248 [Veto2]:578.263 [Veto3]:407.945 [Veto4]:407.945 [SgUp1]:59295 [SgUp2]:59379 [SgUp3]:0 [SgUp4]:0 [SgLow1]:59166 [SgLow2]:59252 [SgLow3]:0 [SgLow4]:0 [NetMuon1]:450337 [NetMuon2]:454216 [NetMuon3]:479953 [NetMuon4]:479953
[Run]:40564 [Site]:2 [Bin]:13892 [FullTime]:3600 [SkipTime]:0 [Veto1]:616.527 [Veto2]:599.057 [Veto3]:407.677 [Veto4]:407.677 [SgUp1]:58231 [SgUp2]:59136 [SgUp3]:0 [SgUp4]:0 [SgLow1]:58136 [SgLow2]:59032 [SgLow3]:0 [SgLow4]:0 [NetMuon1]:448258 [NetMuon2]:450403 [NetMuon3]:479561 [NetMuon4]:479561
[Run]:40564 [Site]:2 [Bin]:13893 [FullTime]:3600 [SkipTime]:0 [Veto1]:591.746 [Veto2]:594.903 [Veto3]:407.199 [Veto4]:407.199 [SgUp1]:59791 [SgUp2]:59563 [SgUp3]:0 [SgUp4]:0 [SgLow1]:59694 [SgLow2]:59447 [SgLow3]:0 [SgLow4]:0 [NetMuon1]:451187 [NetMuon2]:450920 [NetMuon3]:478884 [NetMuon4]:478884
[Run]:40564 [Site]:2 [Bin]:13894 [FullTime]:3600 [SkipTime]:0 [Veto1]:609.071 [Veto2]:602.69 [Veto3]:408.314 [Veto4]:408.314 [SgUp1]:58742 [SgUp2]:59182 [SgUp3]:0 [SgUp4]:0 [SgLow1]:58633 [SgLow2]:59056 [SgLow3]:0 [SgLow4]:0 [NetMuon1]:450253 [NetMuon2]:451012 [NetMuon3]:480273 [NetMuon4]:480273
[Run]:40564 [Site]:2 [Bin]:13895 [FullTime]:3600 [SkipTime]:0 [Veto1]:573.611 [Veto2]:597.432 [Veto3]:408.159 [Veto4]:408.159 [SgUp1]:59304 [SgUp2]:59270 [SgUp3]:0 [SgUp4]:0 [SgLow1]:59175 [SgLow2]:59167 [SgLow3]:0 [SgLow4]:0 [NetMuon1]:455516 [NetMuon2]:451775 [NetMuon3]:480258 [NetMuon4]:480258
[Run]:40564 [Site]:2 [Bin]:13896 [FullTime]:3600 [SkipTime]:0 [Veto1]:569.312 [Veto2]:593.317 [Veto3]:407.423 [Veto4]:407.423 [SgUp1]:59513 [SgUp2]:59465 [SgUp3]:0 [SgUp4]:0 [SgLow1]:59431 [SgLow2]:59361 [SgLow3]:0 [SgLow4]:0 [NetMuon1]:454772 [NetMuon2]:451226 [NetMuon3]:479057 [NetMuon4]:479057
[Run]:40564 [Site]:2 [Bin]:13897 [FullTime]:3600 [SkipTime]:0 [Veto1]:598.101 [Veto2]:599.78 [Veto3]:407.899 [Veto4]:407.899 [SgUp1]:58953 [SgUp2]:59096 [SgUp3]:0 [SgUp4]:0 [SgLow1]:58852 [SgLow2]:58991 [SgLow3]:0 [SgLow4]:0 [NetMuon1]:451472 [NetMuon2]:451684 [NetMuon3]:480109 [NetMuon4]:480109
[Run]:40564 [Site]:2 [Bin]:13898 [FullTime]:3600 [SkipTime]:0 [Veto1]:586.632 [Veto2]:605.373 [Veto3]:406.638 [Veto4]:406.638 [SgUp1]:59321 [SgUp2]:59092 [SgUp3]:0 [SgUp4]:0 [SgLow1]:59216 [SgLow2]:58993 [SgLow3]:0 [SgLow4]:0 [NetMuon1]:451636 [NetMuon2]:448845 [NetMuon3]:478432 [NetMuon4]:478432
[Run]:40564 [Site]:2 [Bin]:13899 [FullTime]:3600 [SkipTime]:0 [Veto1]:586.55 [Veto2]:616.622 [Veto3]:407.611 [Veto4]:407.611 [SgUp1]:58962 [SgUp2]:59219 [SgUp3]:0 [SgUp4]:0 [SgLow1]:58887 [SgLow2]:59102 [SgLow3]:0 [SgLow4]:0 [NetMuon1]:452971 [NetMuon2]:448503 [NetMuon3]:479760 [NetMuon4]:479760
[Run]:40564 [Site]:2 [Bin]:13900 [FullTime]:3600 [SkipTime]:0 [Veto1]:606.384 [Veto2]:601.461 [Veto3]:406.673 [Veto4]:406.673 [SgUp1]:58617 [SgUp2]:59301 [SgUp3]:0 [SgUp4]:0 [SgLow1]:58515 [SgLow2]:59197 [SgLow3]:0 [SgLow4]:0 [NetMuon1]:448471 [NetMuon2]:449175 [NetMuon3]:478503 [NetMuon4]:478503
[Run]:40564 [Site]:2 [Bin]:13901 [FullTime]:3600 [SkipTime]:0 [Veto1]:589.046 [Veto2]:612.518 [Veto3]:407.737 [Veto4]:407.737 [SgUp1]:58447 [SgUp2]:58866 [SgUp3]:0 [SgUp4]:0 [SgLow1]:58339 [SgLow2]:58775 [SgLow3]:0 [SgLow4]:0 [NetMuon1]:452489 [NetMuon2]:448536 [NetMuon3]:479576 [NetMuon4]:479576
[Run]:40564 [Site]:2 [Bin]:13902 [FullTime]:3600 [SkipTime]:0 [Veto1]:626.606 [Veto2]:619 [Veto3]:408.065 [Veto4]:408.065 [SgUp1]:58447 [SgUp2]:58583 [SgUp3]:0 [SgUp4]:0 [SgLow1]:58354 [SgLow2]:58484 [SgLow3]:0 [SgLow4]:0 [NetMuon1]:447007 [NetMuon2]:448127 [NetMuon3]:479896 [NetMuon4]:479896
[Run]:40564 [Site]:2 [Bin]:13903 [FullTime]:3600 [SkipTime]:0 [Veto1]:595.438 [Veto2]:606.365 [Veto3]:407.908 [Veto4]:407.908 [SgUp1]:59128 [SgUp2]:58739 [SgUp3]:0 [SgUp4]:0 [SgLow1]:59026 [SgLow2]:58631 [SgLow3]:0 [SgLow4]:0 [NetMuon1]:451721 [NetMuon2]:449711 [NetMuon3]:479736 [NetMuon4]:479736
[Run]:40564 [Site]:2 [Bin]:13904 [FullTime]:3600 [SkipTime]:0 [Veto1]:592.851 [Veto2]:616.004 [Veto3]:408.536 [Veto4]:408.536 [SgUp1]:58934 [SgUp2]:58553 [SgUp3]:0 [SgUp4]:0 [SgLow1]:58813 [SgLow2]:58451 [SgLow3]:0 [SgLow4]:0 [NetMuon1]:452738 [NetMuon2]:449334 [NetMuon3]:480621 [NetMuon4]:480621
[Run]:40564 [Site]:2 [Bin]:13905 [FullTime]:3600 [SkipTime]:0 [Veto1]:595.302 [Veto2]:579.671 [Veto3]:408.794 [Veto4]:408.794 [SgUp1]:58930 [SgUp2]:59563 [SgUp3]:0 [SgUp4]:0 [SgLow1]:58805 [SgLow2]:59468 [SgLow3]:0 [SgLow4]:0 [NetMuon1]:452392 [NetMuon2]:455044 [NetMuon3]:480739 [NetMuon4]:480739
[Run]:40564 [Site]:2 [Bin]:13906 [FullTime]:3600 [SkipTime]:0 [Veto1]:594.362 [Veto2]:608.066 [Veto3]:407.843 [Veto4]:407.843 [SgUp1]:59611 [SgUp2]:58853 [SgUp3]:0 [SgUp4]:0 [SgLow1]:59490 [SgLow2]:58756 [SgLow3]:0 [SgLow4]:0 [NetMuon1]:451392 [NetMuon2]:449508 [NetMuon3]:479645 [NetMuon4]:479645
[Run]:40564 [Site]:2 [Bin]:13907 [FullTime]:3600 [SkipTime]:0 [Veto1]:585.585 [Veto2]:605.46 [Veto3]:408.771 [Veto4]:408.771 [SgUp1]:59795 [SgUp2]:58954 [SgUp3]:0 [SgUp4]:0 [SgLow1]:59679 [SgLow2]:58853 [SgLow3]:0 [SgLow4]:0 [NetMuon1]:454188 [NetMuon2]:451240 [NetMuon3]:480789 [NetMuon4]:480789
[Run]:40564 [Site]:2 [Bin]:13908 [FullTime]:3600 [SkipTime]:0 [Veto1]:591.131 [Veto2]:620.001 [Veto3]:408.213 [Veto4]:408.213 [SgUp1]:59357 [SgUp2]:59434 [SgUp3]:0 [SgUp4]:0 [SgLow1]:59228 [SgLow2]:59325 [SgLow3]:0 [SgLow4]:0 [NetMuon1]:452529 [NetMuon2]:448117 [NetMuon3]:480144 [NetMuon4]:480144
[Run]:40564 [Site]:2 [Bin]:13909 [FullTime]:3600 [SkipTime]:0 [Veto1]:611.195 [Veto2]:591.344 [Veto3]:407.981 [Veto4]:407.981 [SgUp1]:59060 [SgUp2]:59036 [SgUp3]:0 [SgUp4]:0 [SgLow1]:58964 [SgLow2]:58951 [SgLow3]:0 [SgLow4]:0 [NetMuon1]:449292 [NetMuon2]:452181 [NetMuon3]:479960 [NetMuon4]:479960
[Run]:40564 [Site]:2 [Bin]:13910 [FullTime]:3600 [SkipTime]:0 [Veto1]:609.348 [Veto2]:597.053 [Veto3]:409.049 [Veto4]:409.049 [SgUp1]:59004 [SgUp2]:59113 [SgUp3]:0 [SgUp4]:0 [SgLow1]:58863 [SgLow2]:58988 [SgLow3]:0 [SgLow4]:0 [NetMuon1]:451079 [NetMuon2]:452758 [NetMuon3]:481016 [NetMuon4]:481016
[Run]:40564 [Site]:2 [Bin]:13911 [FullTime]:3600 [SkipTime]:0 [Veto1]:602.941 [Veto2]:596.886 [Veto3]:408.78 [Veto4]:408.78 [SgUp1]:59169 [SgUp2]:59400 [SgUp3]:0 [SgUp4]:0 [SgLow1]:59055 [SgLow2]:59301 [SgLow3]:0 [SgLow4]:0 [NetMuon1]:451389 [NetMuon2]:452411 [NetMuon3]:480708 [NetMuon4]:480708
[Run]:40564 [Site]:2 [Bin]:13912 [FullTime]:3600 [SkipTime]:0 [Veto1]:619.373 [Veto2]:602.022 [Veto3]:407.963 [Veto4]:407.963 [SgUp1]:59213 [SgUp2]:58958 [SgUp3]:0 [SgUp4]:0 [SgLow1]:59096 [SgLow2]:58847 [SgLow3]:0 [SgLow4]:0 [NetMuon1]:447813 [NetMuon2]:450576 [NetMuon3]:479636 [NetMuon4]:479636
[Run]:40564 [Site]:2 [Bin]:13913 [FullTime]:3600 [SkipTime]:0 [Veto1]:597.925 [Veto2]:629.236 [Veto3]:408.375 [Veto4]:408.375 [SgUp1]:59603 [SgUp2]:58474 [SgUp3]:0 [SgUp4]:0 [SgLow1]:59465 [SgLow2]:58351 [SgLow3]:0 [SgLow4]:0 [NetMuon1]:451852 [NetMuon2]:447218 [NetMuon3]:480323 [NetMuon4]:480323
[Run]:40564 [Site]:2 [Bin]:13914 [FullTime]:3600 [SkipTime]:0 [Veto1]:587.817 [Veto2]:617.896 [Veto3]:408.945 [Veto4]:408.945 [SgUp1]:59824 [SgUp2]:58674 [SgUp3]:0 [SgUp4]:0 [SgLow1]:59710 [SgLow2]:58581 [SgLow3]:0 [SgLow4]:0 [NetMuon1]:454212 [NetMuon2]:449517 [NetMuon3]:481134 [NetMuon4]:481134
[Run]:40564 [Site]:2 [Bin]:13915 [FullTime]:3600 [SkipTime]:0 [Veto1]:596.969 [Veto2]:590.323 [Veto3]:408.811 [Veto4]:408.811 [SgUp1]:59127 [SgUp2]:59435 [SgUp3]:0 [SgUp4]:0 [SgLow1]:59040 [SgLow2]:59305 [SgLow3]:0 [SgLow4]:0 [NetMuon1]:452752 [NetMuon2]:453578 [NetMuon3]:480874 [NetMuon4]:480874
[Run]:40564 [Site]:2 [Bin]:13916 [FullTime]:3600 [SkipTime]:0 [Veto1]:619.105 [Veto2]:600.163 [Veto3]:409.75 [Veto4]:409.75 [SgUp1]:58774 [SgUp2]:59025 [SgUp3]:0 [SgUp4]:0 [SgLow1]:58685 [SgLow2]:58937 [SgLow3]:0 [SgLow4]:0 [NetMuon1]:449969 [NetMuon2]:452565 [NetMuon3]:481841 [NetMuon4]:481841
[Run]:40564 [Site]:2 [Bin]:13917 [FullTime]:3600 [SkipTime]:0 [Veto1]:606.314 [Veto2]:592.089 [Veto3]:408.162 [Veto4]:408.162 [SgUp1]:58903 [SgUp2]:59307 [SgUp3]:0 [SgUp4]:0 [SgLow1]:58804 [SgLow2]:59201 [SgLow3]:0 [SgLow4]:0 [NetMuon1]:449834 [NetMuon2]:452254 [NetMuon3]:480101 [NetMuon4]:480101
[Run]:40564 [Site]:2 [Bin]:13918 [FullTime]:3600 [SkipTime]:0 [Veto1]:585.883 [Veto2]:591.466 [Veto3]:407.899 [Veto4]:407.899 [SgUp1]:59105 [SgUp2]:59537 [SgUp3]:0 [SgUp4]:0 [SgLow1]:58986 [SgLow2]:59443 [SgLow3]:0 [SgLow4]:0 [NetMuon1]:453149 [NetMuon2]:452446 [NetMuon3]:479832 [NetMuon4]:479832
[Run]:40564 [Site]:2 [Bin]:13919 [FullTime]:3600 [SkipTime]:0 [Veto1]:577.799 [Veto2]:595.088 [Veto3]:408.39 [Veto4]:408.39 [SgUp1]:59952 [SgUp2]:58978 [SgUp3]:0 [SgUp4]:0 [SgLow1]:59824 [SgLow2]:58860 [SgLow3]:0 [SgLow4]:0 [NetMuon1]:454885 [NetMuon2]:452311 [NetMuon3]:480539 [NetMuon4]:480539
End process Run: 40564 ... 
[Run]:40564 [Site]:2 [Bin]:13920 [FullTime]:3355.76 [SkipTime]:0 [Veto1]:569.997 [Veto2]:564.318 [Veto3]:379.948 [Veto4]:379.948
