StreamChain add 0xe9287f0
Start to process run: 40036 ... 
[Run]:40036 [Site]:2 [Bin]:13153 [FullTime]:2175.84 [SkipTime]:0 [Veto1]:343.826 [Veto2]:376.206 [Veto3]:246.61 [Veto4]:246.61 [SgUp1]:35978 [SgUp2]:35702 [SgUp3]:0 [SgUp4]:0 [SgLow1]:35918 [SgLow2]:35651 [SgLow3]:0 [SgLow4]:0 [NetMuon1]:275294 [NetMuon2]:270597 [NetMuon3]:289982 [NetMuon4]:289982
[Run]:40036 [Site]:2 [Bin]:13154 [FullTime]:3600 [SkipTime]:0 [Veto1]:609.044 [Veto2]:606.632 [Veto3]:407.201 [Veto4]:407.201 [SgUp1]:58917 [SgUp2]:58543 [SgUp3]:0 [SgUp4]:0 [SgLow1]:58795 [SgLow2]:58448 [SgLow3]:0 [SgLow4]:0 [NetMuon1]:448628 [NetMuon2]:448999 [NetMuon3]:479032 [NetMuon4]:479032
[Run]:40036 [Site]:2 [Bin]:13155 [FullTime]:3600 [SkipTime]:0 [Veto1]:590.275 [Veto2]:615.958 [Veto3]:408.152 [Veto4]:408.152 [SgUp1]:59186 [SgUp2]:58470 [SgUp3]:0 [SgUp4]:0 [SgLow1]:59089 [SgLow2]:58364 [SgLow3]:0 [SgLow4]:0 [NetMuon1]:452452 [NetMuon2]:448968 [NetMuon3]:480044 [NetMuon4]:480044
[Run]:40036 [Site]:2 [Bin]:13156 [FullTime]:3600 [SkipTime]:0 [Veto1]:578.672 [Veto2]:613.377 [Veto3]:408.19 [Veto4]:408.19 [SgUp1]:59443 [SgUp2]:58464 [SgUp3]:0 [SgUp4]:0 [SgLow1]:59354 [SgLow2]:58341 [SgLow3]:0 [SgLow4]:0 [NetMuon1]:454372 [NetMuon2]:449061 [NetMuon3]:480080 [NetMuon4]:480080
[Run]:40036 [Site]:2 [Bin]:13157 [FullTime]:3600 [SkipTime]:0 [Veto1]:590.607 [Veto2]:604.046 [Veto3]:407.779 [Veto4]:407.779 [SgUp1]:59082 [SgUp2]:58949 [SgUp3]:0 [SgUp4]:0 [SgLow1]:58990 [SgLow2]:58844 [SgLow3]:0 [SgLow4]:0 [NetMuon1]:452447 [NetMuon2]:450323 [NetMuon3]:479800 [NetMuon4]:479800
[Run]:40036 [Site]:2 [Bin]:13158 [FullTime]:3600 [SkipTime]:0 [Veto1]:638.376 [Veto2]:591.477 [Veto3]:407.391 [Veto4]:407.391 [SgUp1]:57634 [SgUp2]:59528 [SgUp3]:0 [SgUp4]:0 [SgLow1]:57512 [SgLow2]:59425 [SgLow3]:0 [SgLow4]:0 [NetMuon1]:444292 [NetMuon2]:451501 [NetMuon3]:479029 [NetMuon4]:479029
[Run]:40036 [Site]:2 [Bin]:13159 [FullTime]:3600 [SkipTime]:0 [Veto1]:629.73 [Veto2]:598.758 [Veto3]:407.277 [Veto4]:407.277 [SgUp1]:58553 [SgUp2]:59013 [SgUp3]:0 [SgUp4]:0 [SgLow1]:58421 [SgLow2]:58892 [SgLow3]:0 [SgLow4]:0 [NetMuon1]:445512 [NetMuon2]:449871 [NetMuon3]:478988 [NetMuon4]:478988
[Run]:40036 [Site]:2 [Bin]:13160 [FullTime]:3600 [SkipTime]:0 [Veto1]:623.731 [Veto2]:601.272 [Veto3]:407.693 [Veto4]:407.693 [SgUp1]:58298 [SgUp2]:58919 [SgUp3]:0 [SgUp4]:0 [SgLow1]:58194 [SgLow2]:58816 [SgLow3]:0 [SgLow4]:0 [NetMuon1]:446975 [NetMuon2]:450400 [NetMuon3]:479413 [NetMuon4]:479413
[Run]:40036 [Site]:2 [Bin]:13161 [FullTime]:3600 [SkipTime]:0 [Veto1]:602.877 [Veto2]:581.293 [Veto3]:406.966 [Veto4]:406.966 [SgUp1]:58258 [SgUp2]:59473 [SgUp3]:0 [SgUp4]:0 [SgLow1]:58158 [SgLow2]:59363 [SgLow3]:0 [SgLow4]:0 [NetMuon1]:449525 [NetMuon2]:452890 [NetMuon3]:478893 [NetMuon4]:478893
[Run]:40036 [Site]:2 [Bin]:13162 [FullTime]:3600 [SkipTime]:0 [Veto1]:600.646 [Veto2]:600.928 [Veto3]:407.585 [Veto4]:407.585 [SgUp1]:58639 [SgUp2]:58800 [SgUp3]:0 [SgUp4]:0 [SgLow1]:58508 [SgLow2]:58727 [SgLow3]:0 [SgLow4]:0 [NetMuon1]:450186 [NetMuon2]:450329 [NetMuon3]:479436 [NetMuon4]:479436
[Run]:40036 [Site]:2 [Bin]:13163 [FullTime]:3600 [SkipTime]:0 [Veto1]:595.958 [Veto2]:616.121 [Veto3]:408.862 [Veto4]:408.862 [SgUp1]:58974 [SgUp2]:59022 [SgUp3]:0 [SgUp4]:0 [SgLow1]:58853 [SgLow2]:58926 [SgLow3]:0 [SgLow4]:0 [NetMuon1]:453001 [NetMuon2]:449861 [NetMuon3]:480824 [NetMuon4]:480824
[Run]:40036 [Site]:2 [Bin]:13164 [FullTime]:3600 [SkipTime]:0 [Veto1]:585.096 [Veto2]:611.033 [Veto3]:407.294 [Veto4]:407.294 [SgUp1]:58838 [SgUp2]:58495 [SgUp3]:0 [SgUp4]:0 [SgLow1]:58732 [SgLow2]:58381 [SgLow3]:0 [SgLow4]:0 [NetMuon1]:452663 [NetMuon2]:448676 [NetMuon3]:479179 [NetMuon4]:479179
[Run]:40036 [Site]:2 [Bin]:13165 [FullTime]:3600 [SkipTime]:0 [Veto1]:621.067 [Veto2]:606.818 [Veto3]:407.851 [Veto4]:407.851 [SgUp1]:57704 [SgUp2]:58734 [SgUp3]:0 [SgUp4]:0 [SgLow1]:57605 [SgLow2]:58616 [SgLow3]:0 [SgLow4]:0 [NetMuon1]:447946 [NetMuon2]:449660 [NetMuon3]:479670 [NetMuon4]:479670
[Run]:40036 [Site]:2 [Bin]:13166 [FullTime]:3600 [SkipTime]:0 [Veto1]:576.375 [Veto2]:600.456 [Veto3]:408.424 [Veto4]:408.424 [SgUp1]:59314 [SgUp2]:59251 [SgUp3]:0 [SgUp4]:0 [SgLow1]:59199 [SgLow2]:59163 [SgLow3]:0 [SgLow4]:0 [NetMuon1]:454979 [NetMuon2]:451408 [NetMuon3]:480259 [NetMuon4]:480259
[Run]:40036 [Site]:2 [Bin]:13167 [FullTime]:3600 [SkipTime]:0 [Veto1]:595.295 [Veto2]:585.415 [Veto3]:408.685 [Veto4]:408.685 [SgUp1]:58739 [SgUp2]:59899 [SgUp3]:0 [SgUp4]:0 [SgLow1]:58592 [SgLow2]:59800 [SgLow3]:0 [SgLow4]:0 [NetMuon1]:453059 [NetMuon2]:453815 [NetMuon3]:480896 [NetMuon4]:480896
[Run]:40036 [Site]:2 [Bin]:13168 [FullTime]:3600 [SkipTime]:0 [Veto1]:614.265 [Veto2]:604.257 [Veto3]:407.891 [Veto4]:407.891 [SgUp1]:58209 [SgUp2]:58806 [SgUp3]:0 [SgUp4]:0 [SgLow1]:58130 [SgLow2]:58679 [SgLow3]:0 [SgLow4]:0 [NetMuon1]:449075 [NetMuon2]:450360 [NetMuon3]:479815 [NetMuon4]:479815
[Run]:40036 [Site]:2 [Bin]:13169 [FullTime]:3600 [SkipTime]:0 [Veto1]:582.777 [Veto2]:591.938 [Veto3]:407.196 [Veto4]:407.196 [SgUp1]:58779 [SgUp2]:59009 [SgUp3]:0 [SgUp4]:0 [SgLow1]:58651 [SgLow2]:58918 [SgLow3]:0 [SgLow4]:0 [NetMuon1]:452280 [NetMuon2]:451021 [NetMuon3]:478759 [NetMuon4]:478759
[Run]:40036 [Site]:2 [Bin]:13170 [FullTime]:3600 [SkipTime]:0 [Veto1]:581.253 [Veto2]:607.386 [Veto3]:408.283 [Veto4]:408.283 [SgUp1]:58721 [SgUp2]:59047 [SgUp3]:0 [SgUp4]:0 [SgLow1]:58617 [SgLow2]:58958 [SgLow3]:0 [SgLow4]:0 [NetMuon1]:454201 [NetMuon2]:450034 [NetMuon3]:480276 [NetMuon4]:480276
[Run]:40036 [Site]:2 [Bin]:13171 [FullTime]:3600 [SkipTime]:0 [Veto1]:595.196 [Veto2]:598.154 [Veto3]:406.772 [Veto4]:406.772 [SgUp1]:58925 [SgUp2]:59771 [SgUp3]:0 [SgUp4]:0 [SgLow1]:58819 [SgLow2]:59681 [SgLow3]:0 [SgLow4]:0 [NetMuon1]:450350 [NetMuon2]:449683 [NetMuon3]:478454 [NetMuon4]:478454
[Run]:40036 [Site]:2 [Bin]:13172 [FullTime]:3600 [SkipTime]:0 [Veto1]:613.042 [Veto2]:612.229 [Veto3]:408.461 [Veto4]:408.461 [SgUp1]:58272 [SgUp2]:58725 [SgUp3]:0 [SgUp4]:0 [SgLow1]:58132 [SgLow2]:58631 [SgLow3]:0 [SgLow4]:0 [NetMuon1]:449755 [NetMuon2]:449750 [NetMuon3]:480346 [NetMuon4]:480346
[Run]:40036 [Site]:2 [Bin]:13173 [FullTime]:3600 [SkipTime]:0 [Veto1]:601.658 [Veto2]:609.469 [Veto3]:407.493 [Veto4]:407.493 [SgUp1]:58838 [SgUp2]:58509 [SgUp3]:0 [SgUp4]:0 [SgLow1]:58726 [SgLow2]:58418 [SgLow3]:0 [SgLow4]:0 [NetMuon1]:450513 [NetMuon2]:449330 [NetMuon3]:479558 [NetMuon4]:479558
[Run]:40036 [Site]:2 [Bin]:13174 [FullTime]:3600 [SkipTime]:0 [Veto1]:622.953 [Veto2]:582.615 [Veto3]:408.161 [Veto4]:408.161 [SgUp1]:58290 [SgUp2]:59525 [SgUp3]:0 [SgUp4]:0 [SgLow1]:58172 [SgLow2]:59435 [SgLow3]:0 [SgLow4]:0 [NetMuon1]:448019 [NetMuon2]:453970 [NetMuon3]:480221 [NetMuon4]:480221
[Run]:40036 [Site]:2 [Bin]:13175 [FullTime]:3600 [SkipTime]:0 [Veto1]:600.264 [Veto2]:631.084 [Veto3]:408.077 [Veto4]:408.077 [SgUp1]:58911 [SgUp2]:58728 [SgUp3]:0 [SgUp4]:0 [SgLow1]:58820 [SgLow2]:58609 [SgLow3]:0 [SgLow4]:0 [NetMuon1]:451165 [NetMuon2]:446513 [NetMuon3]:479961 [NetMuon4]:479961
[Run]:40036 [Site]:2 [Bin]:13176 [FullTime]:3600 [SkipTime]:0 [Veto1]:601.025 [Veto2]:587.965 [Veto3]:407.917 [Veto4]:407.917 [SgUp1]:59141 [SgUp2]:59477 [SgUp3]:0 [SgUp4]:0 [SgLow1]:59049 [SgLow2]:59401 [SgLow3]:0 [SgLow4]:0 [NetMuon1]:450867 [NetMuon2]:453000 [NetMuon3]:479887 [NetMuon4]:479887
[Run]:40036 [Site]:2 [Bin]:13177 [FullTime]:3600 [SkipTime]:0 [Veto1]:588.337 [Veto2]:628.714 [Veto3]:407.49 [Veto4]:407.49 [SgUp1]:59571 [SgUp2]:58482 [SgUp3]:0 [SgUp4]:0 [SgLow1]:59484 [SgLow2]:58372 [SgLow3]:0 [SgLow4]:0 [NetMuon1]:452266 [NetMuon2]:446258 [NetMuon3]:479496 [NetMuon4]:479496
[Run]:40036 [Site]:2 [Bin]:13178 [FullTime]:3600 [SkipTime]:0 [Veto1]:595.808 [Veto2]:601.973 [Veto3]:407.351 [Veto4]:407.351 [SgUp1]:59086 [SgUp2]:59025 [SgUp3]:0 [SgUp4]:0 [SgLow1]:58974 [SgLow2]:58925 [SgLow3]:0 [SgLow4]:0 [NetMuon1]:450924 [NetMuon2]:450039 [NetMuon3]:479281 [NetMuon4]:479281
[Run]:40036 [Site]:2 [Bin]:13179 [FullTime]:3600 [SkipTime]:0 [Veto1]:604.377 [Veto2]:619.656 [Veto3]:407.648 [Veto4]:407.648 [SgUp1]:59216 [SgUp2]:58487 [SgUp3]:0 [SgUp4]:0 [SgLow1]:59107 [SgLow2]:58395 [SgLow3]:0 [SgLow4]:0 [NetMuon1]:449926 [NetMuon2]:447603 [NetMuon3]:479491 [NetMuon4]:479491
[Run]:40036 [Site]:2 [Bin]:13180 [FullTime]:3600 [SkipTime]:0 [Veto1]:609.195 [Veto2]:600.257 [Veto3]:407.517 [Veto4]:407.517 [SgUp1]:58811 [SgUp2]:59008 [SgUp3]:0 [SgUp4]:0 [SgLow1]:58738 [SgLow2]:58904 [SgLow3]:0 [SgLow4]:0 [NetMuon1]:449281 [NetMuon2]:450599 [NetMuon3]:479442 [NetMuon4]:479442
[Run]:40036 [Site]:2 [Bin]:13181 [FullTime]:3600.01 [SkipTime]:0 [Veto1]:609.286 [Veto2]:613.972 [Veto3]:408.21 [Veto4]:408.21 [SgUp1]:59221 [SgUp2]:58546 [SgUp3]:0 [SgUp4]:0 [SgLow1]:59114 [SgLow2]:58442 [SgLow3]:0 [SgLow4]:0 [NetMuon1]:449965 [NetMuon2]:449180 [NetMuon3]:480056 [NetMuon4]:480056
[Run]:40036 [Site]:2 [Bin]:13182 [FullTime]:3600.01 [SkipTime]:0 [Veto1]:582.162 [Veto2]:602.51 [Veto3]:407.87 [Veto4]:407.87 [SgUp1]:59281 [SgUp2]:58265 [SgUp3]:0 [SgUp4]:0 [SgLow1]:59183 [SgLow2]:58153 [SgLow3]:0 [SgLow4]:0 [NetMuon1]:453578 [NetMuon2]:450539 [NetMuon3]:479702 [NetMuon4]:479702
[Run]:40036 [Site]:2 [Bin]:13183 [FullTime]:3599.99 [SkipTime]:0 [Veto1]:596.543 [Veto2]:599.442 [Veto3]:406.536 [Veto4]:406.536 [SgUp1]:58839 [SgUp2]:58973 [SgUp3]:0 [SgUp4]:0 [SgLow1]:58728 [SgLow2]:58881 [SgLow3]:0 [SgLow4]:0 [NetMuon1]:449618 [NetMuon2]:449179 [NetMuon3]:478165 [NetMuon4]:478165
[Run]:40036 [Site]:2 [Bin]:13184 [FullTime]:3600 [SkipTime]:0 [Veto1]:588.406 [Veto2]:590.801 [Veto3]:405.53 [Veto4]:405.53 [SgUp1]:58774 [SgUp2]:59157 [SgUp3]:0 [SgUp4]:0 [SgLow1]:58670 [SgLow2]:59071 [SgLow3]:0 [SgLow4]:0 [NetMuon1]:449991 [NetMuon2]:449642 [NetMuon3]:477310 [NetMuon4]:477310
[Run]:40036 [Site]:2 [Bin]:13185 [FullTime]:3600 [SkipTime]:0 [Veto1]:601.195 [Veto2]:595.419 [Veto3]:406.833 [Veto4]:406.833 [SgUp1]:58835 [SgUp2]:59031 [SgUp3]:0 [SgUp4]:0 [SgLow1]:58696 [SgLow2]:58920 [SgLow3]:0 [SgLow4]:0 [NetMuon1]:449262 [NetMuon2]:450083 [NetMuon3]:478590 [NetMuon4]:478590
[Run]:40036 [Site]:2 [Bin]:13186 [FullTime]:3600 [SkipTime]:0 [Veto1]:601.385 [Veto2]:603.413 [Veto3]:407.086 [Veto4]:407.086 [SgUp1]:59035 [SgUp2]:58669 [SgUp3]:0 [SgUp4]:0 [SgLow1]:58923 [SgLow2]:58581 [SgLow3]:0 [SgLow4]:0 [NetMuon1]:450013 [NetMuon2]:449825 [NetMuon3]:479033 [NetMuon4]:479033
[Run]:40036 [Site]:2 [Bin]:13187 [FullTime]:3600 [SkipTime]:0 [Veto1]:605.344 [Veto2]:620.79 [Veto3]:406.397 [Veto4]:406.397 [SgUp1]:58632 [SgUp2]:59173 [SgUp3]:0 [SgUp4]:0 [SgLow1]:58548 [SgLow2]:59058 [SgLow3]:0 [SgLow4]:0 [NetMuon1]:448329 [NetMuon2]:446262 [NetMuon3]:478319 [NetMuon4]:478319
[Run]:40036 [Site]:2 [Bin]:13188 [FullTime]:3600.01 [SkipTime]:0 [Veto1]:596.245 [Veto2]:618.068 [Veto3]:406.965 [Veto4]:406.965 [SgUp1]:58776 [SgUp2]:59157 [SgUp3]:0 [SgUp4]:0 [SgLow1]:58680 [SgLow2]:59045 [SgLow3]:0 [SgLow4]:0 [NetMuon1]:450226 [NetMuon2]:447024 [NetMuon3]:478783 [NetMuon4]:478783
[Run]:40036 [Site]:2 [Bin]:13189 [FullTime]:3599.99 [SkipTime]:0 [Veto1]:571.82 [Veto2]:566.047 [Veto3]:406.354 [Veto4]:406.354 [SgUp1]:60085 [SgUp2]:59798 [SgUp3]:0 [SgUp4]:0 [SgLow1]:59955 [SgLow2]:59691 [SgLow3]:0 [SgLow4]:0 [NetMuon1]:452996 [NetMuon2]:453943 [NetMuon3]:477999 [NetMuon4]:477999
[Run]:40036 [Site]:2 [Bin]:13190 [FullTime]:3600 [SkipTime]:0 [Veto1]:623.815 [Veto2]:603.885 [Veto3]:407.257 [Veto4]:407.257 [SgUp1]:58885 [SgUp2]:59029 [SgUp3]:0 [SgUp4]:0 [SgLow1]:58778 [SgLow2]:58900 [SgLow3]:0 [SgLow4]:0 [NetMuon1]:446847 [NetMuon2]:449831 [NetMuon3]:479153 [NetMuon4]:479153
[Run]:40036 [Site]:2 [Bin]:13191 [FullTime]:3600 [SkipTime]:0 [Veto1]:586.774 [Veto2]:597.574 [Veto3]:407.324 [Veto4]:407.324 [SgUp1]:59104 [SgUp2]:58823 [SgUp3]:0 [SgUp4]:0 [SgLow1]:58990 [SgLow2]:58715 [SgLow3]:0 [SgLow4]:0 [NetMuon1]:452274 [NetMuon2]:450512 [NetMuon3]:479239 [NetMuon4]:479239
[Run]:40036 [Site]:2 [Bin]:13192 [FullTime]:3600 [SkipTime]:0 [Veto1]:610.953 [Veto2]:620.977 [Veto3]:408.488 [Veto4]:408.488 [SgUp1]:58977 [SgUp2]:58728 [SgUp3]:0 [SgUp4]:0 [SgLow1]:58871 [SgLow2]:58639 [SgLow3]:0 [SgLow4]:0 [NetMuon1]:449939 [NetMuon2]:448390 [NetMuon3]:480399 [NetMuon4]:480399
[Run]:40036 [Site]:2 [Bin]:13193 [FullTime]:3600 [SkipTime]:0 [Veto1]:622.129 [Veto2]:596.795 [Veto3]:408.283 [Veto4]:408.283 [SgUp1]:58667 [SgUp2]:59088 [SgUp3]:0 [SgUp4]:0 [SgLow1]:58582 [SgLow2]:58982 [SgLow3]:0 [SgLow4]:0 [NetMuon1]:448275 [NetMuon2]:451699 [NetMuon3]:480237 [NetMuon4]:480237
[Run]:40036 [Site]:2 [Bin]:13194 [FullTime]:3600 [SkipTime]:0 [Veto1]:615.48 [Veto2]:584.989 [Veto3]:408.2 [Veto4]:408.2 [SgUp1]:58456 [SgUp2]:59578 [SgUp3]:0 [SgUp4]:0 [SgLow1]:58340 [SgLow2]:59477 [SgLow3]:0 [SgLow4]:0 [NetMuon1]:448921 [NetMuon2]:453748 [NetMuon3]:480143 [NetMuon4]:480143
[Run]:40036 [Site]:2 [Bin]:13195 [FullTime]:3600 [SkipTime]:0 [Veto1]:596.792 [Veto2]:593.938 [Veto3]:407.564 [Veto4]:407.564 [SgUp1]:58785 [SgUp2]:59269 [SgUp3]:0 [SgUp4]:0 [SgLow1]:58688 [SgLow2]:59173 [SgLow3]:0 [SgLow4]:0 [NetMuon1]:450891 [NetMuon2]:451341 [NetMuon3]:479226 [NetMuon4]:479226
[Run]:40036 [Site]:2 [Bin]:13196 [FullTime]:3600 [SkipTime]:0 [Veto1]:585.53 [Veto2]:606.881 [Veto3]:408.138 [Veto4]:408.138 [SgUp1]:59647 [SgUp2]:58688 [SgUp3]:0 [SgUp4]:0 [SgLow1]:59544 [SgLow2]:58589 [SgLow3]:0 [SgLow4]:0 [NetMuon1]:453198 [NetMuon2]:449671 [NetMuon3]:479947 [NetMuon4]:479947
[Run]:40036 [Site]:2 [Bin]:13197 [FullTime]:3600 [SkipTime]:0 [Veto1]:586.301 [Veto2]:628.84 [Veto3]:407.789 [Veto4]:407.789 [SgUp1]:58897 [SgUp2]:58371 [SgUp3]:0 [SgUp4]:0 [SgLow1]:58778 [SgLow2]:58284 [SgLow3]:0 [SgLow4]:0 [NetMuon1]:453005 [NetMuon2]:446788 [NetMuon3]:479961 [NetMuon4]:479961
[Run]:40036 [Site]:2 [Bin]:13198 [FullTime]:3600 [SkipTime]:0 [Veto1]:599.71 [Veto2]:596.612 [Veto3]:408.347 [Veto4]:408.347 [SgUp1]:59488 [SgUp2]:59547 [SgUp3]:0 [SgUp4]:0 [SgLow1]:59368 [SgLow2]:59435 [SgLow3]:0 [SgLow4]:0 [NetMuon1]:451489 [NetMuon2]:451875 [NetMuon3]:480406 [NetMuon4]:480406
[Run]:40036 [Site]:2 [Bin]:13199 [FullTime]:3600 [SkipTime]:0 [Veto1]:609.876 [Veto2]:608.904 [Veto3]:407.651 [Veto4]:407.651 [SgUp1]:58602 [SgUp2]:58695 [SgUp3]:0 [SgUp4]:0 [SgLow1]:58523 [SgLow2]:58579 [SgLow3]:0 [SgLow4]:0 [NetMuon1]:449169 [NetMuon2]:449364 [NetMuon3]:479634 [NetMuon4]:479634
[Run]:40036 [Site]:2 [Bin]:13200 [FullTime]:3600 [SkipTime]:0 [Veto1]:604.254 [Veto2]:606.721 [Veto3]:408.588 [Veto4]:408.588 [SgUp1]:59043 [SgUp2]:59181 [SgUp3]:0 [SgUp4]:0 [SgLow1]:58950 [SgLow2]:59097 [SgLow3]:0 [SgLow4]:0 [NetMuon1]:451037 [NetMuon2]:450604 [NetMuon3]:480397 [NetMuon4]:480397
End process Run: 40036 ... 
[Run]:40036 [Site]:2 [Bin]:13201 [FullTime]:831.454 [SkipTime]:0 [Veto1]:134.996 [Veto2]:129.437 [Veto3]:93.8715 [Veto4]:93.8715
