StreamChain add 0x175087f0
Start to process run: 40365 ... 
[Run]:40365 [Site]:2 [Bin]:13705 [FullTime]:3116.02 [SkipTime]:0 [Veto1]:505.406 [Veto2]:529.366 [Veto3]:353.092 [Veto4]:353.092 [SgUp1]:50744 [SgUp2]:50793 [SgUp3]:0 [SgUp4]:0 [SgLow1]:50671 [SgLow2]:50705 [SgLow3]:0 [SgLow4]:0 [NetMuon1]:392120 [NetMuon2]:388705 [NetMuon3]:415115 [NetMuon4]:415115
[Run]:40365 [Site]:2 [Bin]:13706 [FullTime]:3600 [SkipTime]:0 [Veto1]:603.306 [Veto2]:585.504 [Veto3]:407.756 [Veto4]:407.756 [SgUp1]:58739 [SgUp2]:59403 [SgUp3]:0 [SgUp4]:0 [SgLow1]:58637 [SgLow2]:59303 [SgLow3]:0 [SgLow4]:0 [NetMuon1]:449949 [NetMuon2]:452615 [NetMuon3]:479329 [NetMuon4]:479329
[Run]:40365 [Site]:2 [Bin]:13707 [FullTime]:3600 [SkipTime]:0 [Veto1]:582.946 [Veto2]:594.818 [Veto3]:408.227 [Veto4]:408.227 [SgUp1]:58909 [SgUp2]:59311 [SgUp3]:0 [SgUp4]:0 [SgLow1]:58790 [SgLow2]:59233 [SgLow3]:0 [SgLow4]:0 [NetMuon1]:453927 [NetMuon2]:452153 [NetMuon3]:480261 [NetMuon4]:480261
[Run]:40365 [Site]:2 [Bin]:13708 [FullTime]:3600 [SkipTime]:0 [Veto1]:588.644 [Veto2]:593.155 [Veto3]:407.857 [Veto4]:407.857 [SgUp1]:59017 [SgUp2]:59127 [SgUp3]:0 [SgUp4]:0 [SgLow1]:58892 [SgLow2]:59037 [SgLow3]:0 [SgLow4]:0 [NetMuon1]:452700 [NetMuon2]:451832 [NetMuon3]:479852 [NetMuon4]:479852
[Run]:40365 [Site]:2 [Bin]:13709 [FullTime]:3600 [SkipTime]:0 [Veto1]:617.475 [Veto2]:601.182 [Veto3]:407.689 [Veto4]:407.689 [SgUp1]:58665 [SgUp2]:59565 [SgUp3]:0 [SgUp4]:0 [SgLow1]:58563 [SgLow2]:59455 [SgLow3]:0 [SgLow4]:0 [NetMuon1]:448333 [NetMuon2]:450763 [NetMuon3]:479819 [NetMuon4]:479819
[Run]:40365 [Site]:2 [Bin]:13710 [FullTime]:3600 [SkipTime]:0 [Veto1]:601.119 [Veto2]:605.398 [Veto3]:407.332 [Veto4]:407.332 [SgUp1]:58756 [SgUp2]:59167 [SgUp3]:0 [SgUp4]:0 [SgLow1]:58607 [SgLow2]:59037 [SgLow3]:0 [SgLow4]:0 [NetMuon1]:449913 [NetMuon2]:449317 [NetMuon3]:479085 [NetMuon4]:479085
[Run]:40365 [Site]:2 [Bin]:13711 [FullTime]:3600 [SkipTime]:0 [Veto1]:575.771 [Veto2]:578.508 [Veto3]:408.01 [Veto4]:408.01 [SgUp1]:59624 [SgUp2]:59697 [SgUp3]:0 [SgUp4]:0 [SgLow1]:59505 [SgLow2]:59549 [SgLow3]:0 [SgLow4]:0 [NetMuon1]:454935 [NetMuon2]:454158 [NetMuon3]:479971 [NetMuon4]:479971
[Run]:40365 [Site]:2 [Bin]:13712 [FullTime]:3600 [SkipTime]:0 [Veto1]:602.379 [Veto2]:603.232 [Veto3]:407.494 [Veto4]:407.494 [SgUp1]:58944 [SgUp2]:59482 [SgUp3]:0 [SgUp4]:0 [SgLow1]:58849 [SgLow2]:59371 [SgLow3]:0 [SgLow4]:0 [NetMuon1]:449716 [NetMuon2]:450021 [NetMuon3]:479303 [NetMuon4]:479303
[Run]:40365 [Site]:2 [Bin]:13713 [FullTime]:3600 [SkipTime]:0 [Veto1]:598.536 [Veto2]:589.451 [Veto3]:407.406 [Veto4]:407.406 [SgUp1]:59081 [SgUp2]:59507 [SgUp3]:0 [SgUp4]:0 [SgLow1]:58958 [SgLow2]:59395 [SgLow3]:0 [SgLow4]:0 [NetMuon1]:450846 [NetMuon2]:452057 [NetMuon3]:479405 [NetMuon4]:479405
[Run]:40365 [Site]:2 [Bin]:13714 [FullTime]:3600.01 [SkipTime]:0 [Veto1]:598.93 [Veto2]:597.114 [Veto3]:407.366 [Veto4]:407.366 [SgUp1]:58566 [SgUp2]:59496 [SgUp3]:0 [SgUp4]:0 [SgLow1]:58434 [SgLow2]:59402 [SgLow3]:0 [SgLow4]:0 [NetMuon1]:450593 [NetMuon2]:450911 [NetMuon3]:479547 [NetMuon4]:479547
[Run]:40365 [Site]:2 [Bin]:13715 [FullTime]:3599.99 [SkipTime]:0 [Veto1]:601.265 [Veto2]:596.67 [Veto3]:407.733 [Veto4]:407.733 [SgUp1]:58656 [SgUp2]:59563 [SgUp3]:0 [SgUp4]:0 [SgLow1]:58553 [SgLow2]:59476 [SgLow3]:0 [SgLow4]:0 [NetMuon1]:450488 [NetMuon2]:451311 [NetMuon3]:479715 [NetMuon4]:479715
[Run]:40365 [Site]:2 [Bin]:13716 [FullTime]:3600 [SkipTime]:0 [Veto1]:580.888 [Veto2]:607.558 [Veto3]:407.845 [Veto4]:407.845 [SgUp1]:59626 [SgUp2]:59041 [SgUp3]:0 [SgUp4]:0 [SgLow1]:59535 [SgLow2]:58934 [SgLow3]:0 [SgLow4]:0 [NetMuon1]:453744 [NetMuon2]:450035 [NetMuon3]:479775 [NetMuon4]:479775
[Run]:40365 [Site]:2 [Bin]:13717 [FullTime]:3600 [SkipTime]:0 [Veto1]:596.934 [Veto2]:617.935 [Veto3]:408.253 [Veto4]:408.253 [SgUp1]:59047 [SgUp2]:58670 [SgUp3]:0 [SgUp4]:0 [SgLow1]:58925 [SgLow2]:58579 [SgLow3]:0 [SgLow4]:0 [NetMuon1]:451536 [NetMuon2]:448624 [NetMuon3]:480104 [NetMuon4]:480104
[Run]:40365 [Site]:2 [Bin]:13718 [FullTime]:3600 [SkipTime]:0 [Veto1]:589.684 [Veto2]:599.337 [Veto3]:408.739 [Veto4]:408.739 [SgUp1]:58906 [SgUp2]:59137 [SgUp3]:0 [SgUp4]:0 [SgLow1]:58790 [SgLow2]:59040 [SgLow3]:0 [SgLow4]:0 [NetMuon1]:453745 [NetMuon2]:452524 [NetMuon3]:480677 [NetMuon4]:480677
[Run]:40365 [Site]:2 [Bin]:13719 [FullTime]:3600 [SkipTime]:0 [Veto1]:591.922 [Veto2]:631.976 [Veto3]:408.493 [Veto4]:408.493 [SgUp1]:58996 [SgUp2]:58418 [SgUp3]:0 [SgUp4]:0 [SgLow1]:58872 [SgLow2]:58321 [SgLow3]:0 [SgLow4]:0 [NetMuon1]:452139 [NetMuon2]:446561 [NetMuon3]:480153 [NetMuon4]:480153
[Run]:40365 [Site]:2 [Bin]:13720 [FullTime]:3600 [SkipTime]:0 [Veto1]:598.328 [Veto2]:587.802 [Veto3]:409.199 [Veto4]:409.199 [SgUp1]:59314 [SgUp2]:60019 [SgUp3]:0 [SgUp4]:0 [SgLow1]:59218 [SgLow2]:59891 [SgLow3]:0 [SgLow4]:0 [NetMuon1]:452294 [NetMuon2]:454091 [NetMuon3]:480996 [NetMuon4]:480996
[Run]:40365 [Site]:2 [Bin]:13721 [FullTime]:3600 [SkipTime]:0 [Veto1]:587.412 [Veto2]:601.273 [Veto3]:408.037 [Veto4]:408.037 [SgUp1]:59049 [SgUp2]:59107 [SgUp3]:0 [SgUp4]:0 [SgLow1]:58948 [SgLow2]:58979 [SgLow3]:0 [SgLow4]:0 [NetMuon1]:452982 [NetMuon2]:450906 [NetMuon3]:479863 [NetMuon4]:479863
[Run]:40365 [Site]:2 [Bin]:13722 [FullTime]:3600 [SkipTime]:0 [Veto1]:597.444 [Veto2]:603.675 [Veto3]:408.642 [Veto4]:408.642 [SgUp1]:58721 [SgUp2]:59641 [SgUp3]:0 [SgUp4]:0 [SgLow1]:58599 [SgLow2]:59545 [SgLow3]:0 [SgLow4]:0 [NetMuon1]:451802 [NetMuon2]:450908 [NetMuon3]:480392 [NetMuon4]:480392
[Run]:40365 [Site]:2 [Bin]:13723 [FullTime]:3600 [SkipTime]:0 [Veto1]:603.935 [Veto2]:601.296 [Veto3]:408.636 [Veto4]:408.636 [SgUp1]:58995 [SgUp2]:59194 [SgUp3]:0 [SgUp4]:0 [SgLow1]:58890 [SgLow2]:59078 [SgLow3]:0 [SgLow4]:0 [NetMuon1]:451517 [NetMuon2]:451964 [NetMuon3]:481049 [NetMuon4]:481049
[Run]:40365 [Site]:2 [Bin]:13724 [FullTime]:3600 [SkipTime]:0 [Veto1]:596.961 [Veto2]:613.511 [Veto3]:408.452 [Veto4]:408.452 [SgUp1]:59640 [SgUp2]:59218 [SgUp3]:0 [SgUp4]:0 [SgLow1]:59539 [SgLow2]:59125 [SgLow3]:0 [SgLow4]:0 [NetMuon1]:451375 [NetMuon2]:449453 [NetMuon3]:480232 [NetMuon4]:480232
[Run]:40365 [Site]:2 [Bin]:13725 [FullTime]:3600 [SkipTime]:0 [Veto1]:609.567 [Veto2]:590.896 [Veto3]:408.672 [Veto4]:408.672 [SgUp1]:59435 [SgUp2]:60109 [SgUp3]:0 [SgUp4]:0 [SgLow1]:59318 [SgLow2]:59976 [SgLow3]:0 [SgLow4]:0 [NetMuon1]:450410 [NetMuon2]:453510 [NetMuon3]:480805 [NetMuon4]:480805
[Run]:40365 [Site]:2 [Bin]:13726 [FullTime]:3600 [SkipTime]:0 [Veto1]:604.913 [Veto2]:608.598 [Veto3]:409.566 [Veto4]:409.566 [SgUp1]:59284 [SgUp2]:59363 [SgUp3]:0 [SgUp4]:0 [SgLow1]:59176 [SgLow2]:59271 [SgLow3]:0 [SgLow4]:0 [NetMuon1]:452433 [NetMuon2]:451546 [NetMuon3]:481936 [NetMuon4]:481936
[Run]:40365 [Site]:2 [Bin]:13727 [FullTime]:3600 [SkipTime]:0 [Veto1]:590.72 [Veto2]:593.806 [Veto3]:407.964 [Veto4]:407.964 [SgUp1]:59434 [SgUp2]:59631 [SgUp3]:0 [SgUp4]:0 [SgLow1]:59329 [SgLow2]:59534 [SgLow3]:0 [SgLow4]:0 [NetMuon1]:452479 [NetMuon2]:452373 [NetMuon3]:479693 [NetMuon4]:479693
[Run]:40365 [Site]:2 [Bin]:13728 [FullTime]:3600 [SkipTime]:0 [Veto1]:616.689 [Veto2]:589.061 [Veto3]:408.06 [Veto4]:408.06 [SgUp1]:58837 [SgUp2]:59162 [SgUp3]:0 [SgUp4]:0 [SgLow1]:58720 [SgLow2]:59066 [SgLow3]:0 [SgLow4]:0 [NetMuon1]:448466 [NetMuon2]:452567 [NetMuon3]:480076 [NetMuon4]:480076
[Run]:40365 [Site]:2 [Bin]:13729 [FullTime]:3600 [SkipTime]:0 [Veto1]:592.383 [Veto2]:590.585 [Veto3]:408.158 [Veto4]:408.158 [SgUp1]:58943 [SgUp2]:59740 [SgUp3]:0 [SgUp4]:0 [SgLow1]:58807 [SgLow2]:59641 [SgLow3]:0 [SgLow4]:0 [NetMuon1]:452206 [NetMuon2]:452693 [NetMuon3]:479977 [NetMuon4]:479977
[Run]:40365 [Site]:2 [Bin]:13730 [FullTime]:3600 [SkipTime]:0 [Veto1]:612.899 [Veto2]:585.399 [Veto3]:408.07 [Veto4]:408.07 [SgUp1]:58925 [SgUp2]:59800 [SgUp3]:0 [SgUp4]:0 [SgLow1]:58830 [SgLow2]:59707 [SgLow3]:0 [SgLow4]:0 [NetMuon1]:449137 [NetMuon2]:453454 [NetMuon3]:480075 [NetMuon4]:480075
[Run]:40365 [Site]:2 [Bin]:13731 [FullTime]:3600 [SkipTime]:0 [Veto1]:592.864 [Veto2]:611.439 [Veto3]:408.531 [Veto4]:408.531 [SgUp1]:59456 [SgUp2]:58793 [SgUp3]:0 [SgUp4]:0 [SgLow1]:59352 [SgLow2]:58696 [SgLow3]:0 [SgLow4]:0 [NetMuon1]:452854 [NetMuon2]:450123 [NetMuon3]:480359 [NetMuon4]:480359
[Run]:40365 [Site]:2 [Bin]:13732 [FullTime]:3600 [SkipTime]:0 [Veto1]:616.337 [Veto2]:614.079 [Veto3]:407.791 [Veto4]:407.791 [SgUp1]:58822 [SgUp2]:58765 [SgUp3]:0 [SgUp4]:0 [SgLow1]:58716 [SgLow2]:58648 [SgLow3]:0 [SgLow4]:0 [NetMuon1]:447894 [NetMuon2]:448423 [NetMuon3]:479357 [NetMuon4]:479357
[Run]:40365 [Site]:2 [Bin]:13733 [FullTime]:3600 [SkipTime]:0 [Veto1]:594.6 [Veto2]:580.889 [Veto3]:407.555 [Veto4]:407.555 [SgUp1]:59302 [SgUp2]:59747 [SgUp3]:0 [SgUp4]:0 [SgLow1]:59212 [SgLow2]:59656 [SgLow3]:0 [SgLow4]:0 [NetMuon1]:451055 [NetMuon2]:453451 [NetMuon3]:479345 [NetMuon4]:479345
[Run]:40365 [Site]:2 [Bin]:13734 [FullTime]:3600 [SkipTime]:0 [Veto1]:599.64 [Veto2]:589.267 [Veto3]:408.098 [Veto4]:408.098 [SgUp1]:59050 [SgUp2]:59572 [SgUp3]:0 [SgUp4]:0 [SgLow1]:58968 [SgLow2]:59473 [SgLow3]:0 [SgLow4]:0 [NetMuon1]:450843 [NetMuon2]:452817 [NetMuon3]:479799 [NetMuon4]:479799
[Run]:40365 [Site]:2 [Bin]:13735 [FullTime]:3600 [SkipTime]:0 [Veto1]:595.35 [Veto2]:613.837 [Veto3]:407.736 [Veto4]:407.736 [SgUp1]:59123 [SgUp2]:59221 [SgUp3]:0 [SgUp4]:0 [SgLow1]:59005 [SgLow2]:59106 [SgLow3]:0 [SgLow4]:0 [NetMuon1]:451407 [NetMuon2]:448718 [NetMuon3]:479552 [NetMuon4]:479552
[Run]:40365 [Site]:2 [Bin]:13736 [FullTime]:3600 [SkipTime]:0 [Veto1]:579.369 [Veto2]:596.347 [Veto3]:406.979 [Veto4]:406.979 [SgUp1]:59351 [SgUp2]:59141 [SgUp3]:0 [SgUp4]:0 [SgLow1]:59251 [SgLow2]:59033 [SgLow3]:0 [SgLow4]:0 [NetMuon1]:452738 [NetMuon2]:450145 [NetMuon3]:478670 [NetMuon4]:478670
[Run]:40365 [Site]:2 [Bin]:13737 [FullTime]:3600 [SkipTime]:0 [Veto1]:614.012 [Veto2]:597.405 [Veto3]:407.562 [Veto4]:407.562 [SgUp1]:58807 [SgUp2]:59047 [SgUp3]:0 [SgUp4]:0 [SgLow1]:58681 [SgLow2]:58957 [SgLow3]:0 [SgLow4]:0 [NetMuon1]:448637 [NetMuon2]:451113 [NetMuon3]:479449 [NetMuon4]:479449
[Run]:40365 [Site]:2 [Bin]:13738 [FullTime]:3600 [SkipTime]:0 [Veto1]:600.67 [Veto2]:617.533 [Veto3]:407.743 [Veto4]:407.743 [SgUp1]:58807 [SgUp2]:58479 [SgUp3]:0 [SgUp4]:0 [SgLow1]:58692 [SgLow2]:58369 [SgLow3]:0 [SgLow4]:0 [NetMuon1]:450833 [NetMuon2]:448269 [NetMuon3]:479668 [NetMuon4]:479668
[Run]:40365 [Site]:2 [Bin]:13739 [FullTime]:3600 [SkipTime]:0 [Veto1]:611.62 [Veto2]:591.43 [Veto3]:407.949 [Veto4]:407.949 [SgUp1]:58593 [SgUp2]:59637 [SgUp3]:0 [SgUp4]:0 [SgLow1]:58510 [SgLow2]:59558 [SgLow3]:0 [SgLow4]:0 [NetMuon1]:449194 [NetMuon2]:452181 [NetMuon3]:479876 [NetMuon4]:479876
[Run]:40365 [Site]:2 [Bin]:13740 [FullTime]:3600 [SkipTime]:0 [Veto1]:606.849 [Veto2]:584.534 [Veto3]:408.87 [Veto4]:408.87 [SgUp1]:58756 [SgUp2]:59777 [SgUp3]:0 [SgUp4]:0 [SgLow1]:58610 [SgLow2]:59675 [SgLow3]:0 [SgLow4]:0 [NetMuon1]:451109 [NetMuon2]:454551 [NetMuon3]:480868 [NetMuon4]:480868
[Run]:40365 [Site]:2 [Bin]:13741 [FullTime]:3600 [SkipTime]:0 [Veto1]:610.709 [Veto2]:601.025 [Veto3]:408.07 [Veto4]:408.07 [SgUp1]:58931 [SgUp2]:59004 [SgUp3]:0 [SgUp4]:0 [SgLow1]:58828 [SgLow2]:58913 [SgLow3]:0 [SgLow4]:0 [NetMuon1]:449589 [NetMuon2]:450866 [NetMuon3]:479968 [NetMuon4]:479968
[Run]:40365 [Site]:2 [Bin]:13742 [FullTime]:3600 [SkipTime]:0 [Veto1]:605.869 [Veto2]:610.504 [Veto3]:407.498 [Veto4]:407.498 [SgUp1]:59017 [SgUp2]:59066 [SgUp3]:0 [SgUp4]:0 [SgLow1]:58894 [SgLow2]:58959 [SgLow3]:0 [SgLow4]:0 [NetMuon1]:449876 [NetMuon2]:449158 [NetMuon3]:479622 [NetMuon4]:479622
[Run]:40365 [Site]:2 [Bin]:13743 [FullTime]:3600 [SkipTime]:0 [Veto1]:616.351 [Veto2]:619.168 [Veto3]:407.721 [Veto4]:407.721 [SgUp1]:58823 [SgUp2]:58734 [SgUp3]:0 [SgUp4]:0 [SgLow1]:58698 [SgLow2]:58624 [SgLow3]:0 [SgLow4]:0 [NetMuon1]:448152 [NetMuon2]:447871 [NetMuon3]:479586 [NetMuon4]:479586
[Run]:40365 [Site]:2 [Bin]:13744 [FullTime]:3600 [SkipTime]:0 [Veto1]:581.253 [Veto2]:563.707 [Veto3]:407.523 [Veto4]:407.523 [SgUp1]:59785 [SgUp2]:60067 [SgUp3]:0 [SgUp4]:0 [SgLow1]:59672 [SgLow2]:59982 [SgLow3]:0 [SgLow4]:0 [NetMuon1]:453598 [NetMuon2]:455899 [NetMuon3]:479625 [NetMuon4]:479625
[Run]:40365 [Site]:2 [Bin]:13745 [FullTime]:3600 [SkipTime]:0 [Veto1]:587.074 [Veto2]:600.695 [Veto3]:407.237 [Veto4]:407.237 [SgUp1]:59383 [SgUp2]:59258 [SgUp3]:0 [SgUp4]:0 [SgLow1]:59269 [SgLow2]:59140 [SgLow3]:0 [SgLow4]:0 [NetMuon1]:451949 [NetMuon2]:450394 [NetMuon3]:479141 [NetMuon4]:479141
[Run]:40365 [Site]:2 [Bin]:13746 [FullTime]:3600 [SkipTime]:0 [Veto1]:609.255 [Veto2]:614.803 [Veto3]:407.073 [Veto4]:407.073 [SgUp1]:59079 [SgUp2]:58613 [SgUp3]:0 [SgUp4]:0 [SgLow1]:58978 [SgLow2]:58502 [SgLow3]:0 [SgLow4]:0 [NetMuon1]:448514 [NetMuon2]:447487 [NetMuon3]:478756 [NetMuon4]:478756
[Run]:40365 [Site]:2 [Bin]:13747 [FullTime]:3600 [SkipTime]:0 [Veto1]:596.098 [Veto2]:607.225 [Veto3]:408.033 [Veto4]:408.033 [SgUp1]:59418 [SgUp2]:58600 [SgUp3]:0 [SgUp4]:0 [SgLow1]:59332 [SgLow2]:58499 [SgLow3]:0 [SgLow4]:0 [NetMuon1]:451738 [NetMuon2]:450150 [NetMuon3]:479918 [NetMuon4]:479918
[Run]:40365 [Site]:2 [Bin]:13748 [FullTime]:3600 [SkipTime]:0 [Veto1]:606.751 [Veto2]:600.176 [Veto3]:407.41 [Veto4]:407.41 [SgUp1]:58710 [SgUp2]:59064 [SgUp3]:0 [SgUp4]:0 [SgLow1]:58607 [SgLow2]:58954 [SgLow3]:0 [SgLow4]:0 [NetMuon1]:449484 [NetMuon2]:450048 [NetMuon3]:479112 [NetMuon4]:479112
[Run]:40365 [Site]:2 [Bin]:13749 [FullTime]:3600 [SkipTime]:0 [Veto1]:590.747 [Veto2]:608.056 [Veto3]:407.797 [Veto4]:407.797 [SgUp1]:59554 [SgUp2]:58880 [SgUp3]:0 [SgUp4]:0 [SgLow1]:59435 [SgLow2]:58791 [SgLow3]:0 [SgLow4]:0 [NetMuon1]:452408 [NetMuon2]:449942 [NetMuon3]:479836 [NetMuon4]:479836
[Run]:40365 [Site]:2 [Bin]:13750 [FullTime]:3600 [SkipTime]:0 [Veto1]:568.641 [Veto2]:593.958 [Veto3]:407.367 [Veto4]:407.367 [SgUp1]:59617 [SgUp2]:59352 [SgUp3]:0 [SgUp4]:0 [SgLow1]:59511 [SgLow2]:59235 [SgLow3]:0 [SgLow4]:0 [NetMuon1]:455152 [NetMuon2]:451175 [NetMuon3]:479363 [NetMuon4]:479363
[Run]:40365 [Site]:2 [Bin]:13751 [FullTime]:3600 [SkipTime]:0 [Veto1]:598.408 [Veto2]:590.14 [Veto3]:408.028 [Veto4]:408.028 [SgUp1]:58649 [SgUp2]:59094 [SgUp3]:0 [SgUp4]:0 [SgLow1]:58547 [SgLow2]:58968 [SgLow3]:0 [SgLow4]:0 [NetMuon1]:451263 [NetMuon2]:452423 [NetMuon3]:479955 [NetMuon4]:479955
End process Run: 40365 ... 
[Run]:40365 [Site]:2 [Bin]:13752 [FullTime]:3390.37 [SkipTime]:0 [Veto1]:559.009 [Veto2]:546.229 [Veto3]:384.62 [Veto4]:384.62
