StreamChain add 0xee807f0
Start to process run: 41678 ... 
[Run]:41678 [Site]:2 [Bin]:15337 [FullTime]:3374.78 [SkipTime]:0 [Veto1]:570.94 [Veto2]:563.192 [Veto3]:382.577 [Veto4]:382.577 [SgUp1]:55606 [SgUp2]:55240 [SgUp3]:0 [SgUp4]:0 [SgLow1]:55513 [SgLow2]:55144 [SgLow3]:0 [SgLow4]:0 [NetMuon1]:421654 [NetMuon2]:423002 [NetMuon3]:450073 [NetMuon4]:450073
[Run]:41678 [Site]:2 [Bin]:15338 [FullTime]:3600 [SkipTime]:0 [Veto1]:598.771 [Veto2]:600.287 [Veto3]:408.519 [Veto4]:408.519 [SgUp1]:59367 [SgUp2]:59053 [SgUp3]:0 [SgUp4]:0 [SgLow1]:59300 [SgLow2]:58974 [SgLow3]:0 [SgLow4]:0 [NetMuon1]:452014 [NetMuon2]:451467 [NetMuon3]:480462 [NetMuon4]:480462
[Run]:41678 [Site]:2 [Bin]:15339 [FullTime]:3600 [SkipTime]:0 [Veto1]:608.811 [Veto2]:617.657 [Veto3]:408.316 [Veto4]:408.316 [SgUp1]:59124 [SgUp2]:58563 [SgUp3]:0 [SgUp4]:0 [SgLow1]:59050 [SgLow2]:58461 [SgLow3]:0 [SgLow4]:0 [NetMuon1]:450027 [NetMuon2]:448518 [NetMuon3]:480071 [NetMuon4]:480071
[Run]:41678 [Site]:2 [Bin]:15340 [FullTime]:3600 [SkipTime]:0 [Veto1]:597.739 [Veto2]:603.695 [Veto3]:407.424 [Veto4]:407.424 [SgUp1]:59426 [SgUp2]:59286 [SgUp3]:0 [SgUp4]:0 [SgLow1]:59332 [SgLow2]:59222 [SgLow3]:0 [SgLow4]:0 [NetMuon1]:450785 [NetMuon2]:450152 [NetMuon3]:479399 [NetMuon4]:479399
[Run]:41678 [Site]:2 [Bin]:15341 [FullTime]:3600 [SkipTime]:0 [Veto1]:607.647 [Veto2]:620.12 [Veto3]:408.433 [Veto4]:408.433 [SgUp1]:58899 [SgUp2]:58590 [SgUp3]:0 [SgUp4]:0 [SgLow1]:58811 [SgLow2]:58508 [SgLow3]:0 [SgLow4]:0 [NetMuon1]:450360 [NetMuon2]:448546 [NetMuon3]:480345 [NetMuon4]:480345
[Run]:41678 [Site]:2 [Bin]:15342 [FullTime]:3600 [SkipTime]:0 [Veto1]:601.798 [Veto2]:601.834 [Veto3]:407.527 [Veto4]:407.527 [SgUp1]:59062 [SgUp2]:59110 [SgUp3]:0 [SgUp4]:0 [SgLow1]:58940 [SgLow2]:59000 [SgLow3]:0 [SgLow4]:0 [NetMuon1]:449821 [NetMuon2]:450062 [NetMuon3]:479264 [NetMuon4]:479264
[Run]:41678 [Site]:2 [Bin]:15343 [FullTime]:3600 [SkipTime]:0 [Veto1]:615.92 [Veto2]:610.513 [Veto3]:408.008 [Veto4]:408.008 [SgUp1]:58996 [SgUp2]:58694 [SgUp3]:0 [SgUp4]:0 [SgLow1]:58902 [SgLow2]:58589 [SgLow3]:0 [SgLow4]:0 [NetMuon1]:448902 [NetMuon2]:449678 [NetMuon3]:479973 [NetMuon4]:479973
[Run]:41678 [Site]:2 [Bin]:15344 [FullTime]:3600 [SkipTime]:0 [Veto1]:618.455 [Veto2]:609.48 [Veto3]:407.645 [Veto4]:407.645 [SgUp1]:59174 [SgUp2]:58761 [SgUp3]:0 [SgUp4]:0 [SgLow1]:59079 [SgLow2]:58677 [SgLow3]:0 [SgLow4]:0 [NetMuon1]:447584 [NetMuon2]:448943 [NetMuon3]:479260 [NetMuon4]:479260
[Run]:41678 [Site]:2 [Bin]:15345 [FullTime]:3600 [SkipTime]:0 [Veto1]:602.974 [Veto2]:598.202 [Veto3]:408.809 [Veto4]:408.809 [SgUp1]:59615 [SgUp2]:59528 [SgUp3]:0 [SgUp4]:0 [SgLow1]:59533 [SgLow2]:59411 [SgLow3]:0 [SgLow4]:0 [NetMuon1]:451330 [NetMuon2]:451950 [NetMuon3]:480506 [NetMuon4]:480506
[Run]:41678 [Site]:2 [Bin]:15346 [FullTime]:3600 [SkipTime]:0 [Veto1]:611.196 [Veto2]:580.59 [Veto3]:408.457 [Veto4]:408.457 [SgUp1]:59563 [SgUp2]:60068 [SgUp3]:0 [SgUp4]:0 [SgLow1]:59493 [SgLow2]:59967 [SgLow3]:0 [SgLow4]:0 [NetMuon1]:450400 [NetMuon2]:454842 [NetMuon3]:480546 [NetMuon4]:480546
[Run]:41678 [Site]:2 [Bin]:15347 [FullTime]:3600 [SkipTime]:0 [Veto1]:601.984 [Veto2]:588.056 [Veto3]:409.162 [Veto4]:409.162 [SgUp1]:59355 [SgUp2]:59705 [SgUp3]:0 [SgUp4]:0 [SgLow1]:59244 [SgLow2]:59614 [SgLow3]:0 [SgLow4]:0 [NetMuon1]:452035 [NetMuon2]:453948 [NetMuon3]:481011 [NetMuon4]:481011
[Run]:41678 [Site]:2 [Bin]:15348 [FullTime]:3600 [SkipTime]:0 [Veto1]:601.547 [Veto2]:605.888 [Veto3]:408.228 [Veto4]:408.228 [SgUp1]:59790 [SgUp2]:59109 [SgUp3]:0 [SgUp4]:0 [SgLow1]:59692 [SgLow2]:59018 [SgLow3]:0 [SgLow4]:0 [NetMuon1]:450959 [NetMuon2]:450157 [NetMuon3]:480173 [NetMuon4]:480173
[Run]:41678 [Site]:2 [Bin]:15349 [FullTime]:3600 [SkipTime]:0 [Veto1]:614.29 [Veto2]:610.197 [Veto3]:407.326 [Veto4]:407.326 [SgUp1]:59405 [SgUp2]:59562 [SgUp3]:0 [SgUp4]:0 [SgLow1]:59311 [SgLow2]:59483 [SgLow3]:0 [SgLow4]:0 [NetMuon1]:448063 [NetMuon2]:448774 [NetMuon3]:479226 [NetMuon4]:479226
[Run]:41678 [Site]:2 [Bin]:15350 [FullTime]:3600 [SkipTime]:0 [Veto1]:625.176 [Veto2]:595.64 [Veto3]:407.705 [Veto4]:407.705 [SgUp1]:58922 [SgUp2]:59369 [SgUp3]:0 [SgUp4]:0 [SgLow1]:58836 [SgLow2]:59287 [SgLow3]:0 [SgLow4]:0 [NetMuon1]:446845 [NetMuon2]:451351 [NetMuon3]:479701 [NetMuon4]:479701
[Run]:41678 [Site]:2 [Bin]:15351 [FullTime]:3600 [SkipTime]:0 [Veto1]:598.803 [Veto2]:601.536 [Veto3]:407.597 [Veto4]:407.597 [SgUp1]:59830 [SgUp2]:59402 [SgUp3]:0 [SgUp4]:0 [SgLow1]:59728 [SgLow2]:59293 [SgLow3]:0 [SgLow4]:0 [NetMuon1]:450640 [NetMuon2]:450385 [NetMuon3]:479490 [NetMuon4]:479490
[Run]:41678 [Site]:2 [Bin]:15352 [FullTime]:3600 [SkipTime]:0 [Veto1]:622.538 [Veto2]:600.437 [Veto3]:407.351 [Veto4]:407.351 [SgUp1]:59330 [SgUp2]:59479 [SgUp3]:0 [SgUp4]:0 [SgLow1]:59264 [SgLow2]:59365 [SgLow3]:0 [SgLow4]:0 [NetMuon1]:447076 [NetMuon2]:450157 [NetMuon3]:479313 [NetMuon4]:479313
[Run]:41678 [Site]:2 [Bin]:15353 [FullTime]:3599.99 [SkipTime]:0 [Veto1]:608.113 [Veto2]:601.631 [Veto3]:407.151 [Veto4]:407.151 [SgUp1]:59581 [SgUp2]:59014 [SgUp3]:0 [SgUp4]:0 [SgLow1]:59488 [SgLow2]:58932 [SgLow3]:0 [SgLow4]:0 [NetMuon1]:448436 [NetMuon2]:449441 [NetMuon3]:478800 [NetMuon4]:478800
[Run]:41678 [Site]:2 [Bin]:15354 [FullTime]:3600 [SkipTime]:0 [Veto1]:570.599 [Veto2]:599.044 [Veto3]:407.393 [Veto4]:407.393 [SgUp1]:60298 [SgUp2]:59158 [SgUp3]:0 [SgUp4]:0 [SgLow1]:60203 [SgLow2]:59057 [SgLow3]:0 [SgLow4]:0 [NetMuon1]:454547 [NetMuon2]:450561 [NetMuon3]:479382 [NetMuon4]:479382
[Run]:41678 [Site]:2 [Bin]:15355 [FullTime]:3600 [SkipTime]:0 [Veto1]:603.338 [Veto2]:609.432 [Veto3]:408.296 [Veto4]:408.296 [SgUp1]:59585 [SgUp2]:59285 [SgUp3]:0 [SgUp4]:0 [SgLow1]:59467 [SgLow2]:59202 [SgLow3]:0 [SgLow4]:0 [NetMuon1]:450591 [NetMuon2]:449968 [NetMuon3]:480181 [NetMuon4]:480181
[Run]:41678 [Site]:2 [Bin]:15356 [FullTime]:3600 [SkipTime]:0 [Veto1]:584.1 [Veto2]:593.733 [Veto3]:408.095 [Veto4]:408.095 [SgUp1]:59504 [SgUp2]:59563 [SgUp3]:0 [SgUp4]:0 [SgLow1]:59433 [SgLow2]:59464 [SgLow3]:0 [SgLow4]:0 [NetMuon1]:453495 [NetMuon2]:452051 [NetMuon3]:479948 [NetMuon4]:479948
[Run]:41678 [Site]:2 [Bin]:15357 [FullTime]:3600 [SkipTime]:0 [Veto1]:605.019 [Veto2]:618.676 [Veto3]:408.125 [Veto4]:408.125 [SgUp1]:58995 [SgUp2]:58737 [SgUp3]:0 [SgUp4]:0 [SgLow1]:58915 [SgLow2]:58645 [SgLow3]:0 [SgLow4]:0 [NetMuon1]:450641 [NetMuon2]:448747 [NetMuon3]:480085 [NetMuon4]:480085
[Run]:41678 [Site]:2 [Bin]:15358 [FullTime]:3600 [SkipTime]:0 [Veto1]:589.799 [Veto2]:583.232 [Veto3]:407.799 [Veto4]:407.799 [SgUp1]:59472 [SgUp2]:59866 [SgUp3]:0 [SgUp4]:0 [SgLow1]:59364 [SgLow2]:59777 [SgLow3]:0 [SgLow4]:0 [NetMuon1]:452611 [NetMuon2]:453113 [NetMuon3]:479870 [NetMuon4]:479870
[Run]:41678 [Site]:2 [Bin]:15359 [FullTime]:3600 [SkipTime]:0 [Veto1]:601.512 [Veto2]:607.64 [Veto3]:407.647 [Veto4]:407.647 [SgUp1]:59058 [SgUp2]:58694 [SgUp3]:0 [SgUp4]:0 [SgLow1]:58943 [SgLow2]:58605 [SgLow3]:0 [SgLow4]:0 [NetMuon1]:450422 [NetMuon2]:449476 [NetMuon3]:479490 [NetMuon4]:479490
[Run]:41678 [Site]:2 [Bin]:15360 [FullTime]:3600 [SkipTime]:0 [Veto1]:579.141 [Veto2]:610.817 [Veto3]:407.763 [Veto4]:407.763 [SgUp1]:59995 [SgUp2]:58501 [SgUp3]:0 [SgUp4]:0 [SgLow1]:59877 [SgLow2]:58415 [SgLow3]:0 [SgLow4]:0 [NetMuon1]:453779 [NetMuon2]:448932 [NetMuon3]:479600 [NetMuon4]:479600
[Run]:41678 [Site]:2 [Bin]:15361 [FullTime]:3600 [SkipTime]:0 [Veto1]:587.733 [Veto2]:624.247 [Veto3]:407.645 [Veto4]:407.645 [SgUp1]:59863 [SgUp2]:58851 [SgUp3]:0 [SgUp4]:0 [SgLow1]:59765 [SgLow2]:58762 [SgLow3]:0 [SgLow4]:0 [NetMuon1]:452578 [NetMuon2]:447082 [NetMuon3]:479476 [NetMuon4]:479476
[Run]:41678 [Site]:2 [Bin]:15362 [FullTime]:3600 [SkipTime]:0 [Veto1]:601.2 [Veto2]:578.99 [Veto3]:406.91 [Veto4]:406.91 [SgUp1]:59336 [SgUp2]:59907 [SgUp3]:0 [SgUp4]:0 [SgLow1]:59225 [SgLow2]:59786 [SgLow3]:0 [SgLow4]:0 [NetMuon1]:449179 [NetMuon2]:452856 [NetMuon3]:478572 [NetMuon4]:478572
[Run]:41678 [Site]:2 [Bin]:15363 [FullTime]:3600 [SkipTime]:0 [Veto1]:595.201 [Veto2]:593.798 [Veto3]:407.434 [Veto4]:407.434 [SgUp1]:59197 [SgUp2]:59129 [SgUp3]:0 [SgUp4]:0 [SgLow1]:59121 [SgLow2]:59030 [SgLow3]:0 [SgLow4]:0 [NetMuon1]:451066 [NetMuon2]:451413 [NetMuon3]:479306 [NetMuon4]:479306
[Run]:41678 [Site]:2 [Bin]:15364 [FullTime]:3600 [SkipTime]:0 [Veto1]:605.441 [Veto2]:616.719 [Veto3]:407.284 [Veto4]:407.284 [SgUp1]:59800 [SgUp2]:59148 [SgUp3]:0 [SgUp4]:0 [SgLow1]:59698 [SgLow2]:59063 [SgLow3]:0 [SgLow4]:0 [NetMuon1]:449756 [NetMuon2]:447842 [NetMuon3]:479198 [NetMuon4]:479198
[Run]:41678 [Site]:2 [Bin]:15365 [FullTime]:3600 [SkipTime]:0 [Veto1]:592.641 [Veto2]:584.469 [Veto3]:406.302 [Veto4]:406.302 [SgUp1]:59243 [SgUp2]:59372 [SgUp3]:0 [SgUp4]:0 [SgLow1]:59128 [SgLow2]:59250 [SgLow3]:0 [SgLow4]:0 [NetMuon1]:450071 [NetMuon2]:451160 [NetMuon3]:477954 [NetMuon4]:477954
[Run]:41678 [Site]:2 [Bin]:15366 [FullTime]:3600 [SkipTime]:0 [Veto1]:609.035 [Veto2]:598.375 [Veto3]:407.574 [Veto4]:407.574 [SgUp1]:58976 [SgUp2]:59072 [SgUp3]:0 [SgUp4]:0 [SgLow1]:58891 [SgLow2]:58970 [SgLow3]:0 [SgLow4]:0 [NetMuon1]:449355 [NetMuon2]:451100 [NetMuon3]:479610 [NetMuon4]:479610
[Run]:41678 [Site]:2 [Bin]:15367 [FullTime]:3600 [SkipTime]:0 [Veto1]:588.255 [Veto2]:599.016 [Veto3]:407.214 [Veto4]:407.214 [SgUp1]:59700 [SgUp2]:58951 [SgUp3]:0 [SgUp4]:0 [SgLow1]:59621 [SgLow2]:58844 [SgLow3]:0 [SgLow4]:0 [NetMuon1]:451599 [NetMuon2]:450233 [NetMuon3]:479036 [NetMuon4]:479036
[Run]:41678 [Site]:2 [Bin]:15368 [FullTime]:3600 [SkipTime]:0 [Veto1]:604.061 [Veto2]:603.246 [Veto3]:407.647 [Veto4]:407.647 [SgUp1]:59063 [SgUp2]:59135 [SgUp3]:0 [SgUp4]:0 [SgLow1]:58975 [SgLow2]:59051 [SgLow3]:0 [SgLow4]:0 [NetMuon1]:450115 [NetMuon2]:450018 [NetMuon3]:479542 [NetMuon4]:479542
[Run]:41678 [Site]:2 [Bin]:15369 [FullTime]:3600 [SkipTime]:0 [Veto1]:612.578 [Veto2]:623.807 [Veto3]:408.018 [Veto4]:408.018 [SgUp1]:59016 [SgUp2]:58492 [SgUp3]:0 [SgUp4]:0 [SgLow1]:58943 [SgLow2]:58382 [SgLow3]:0 [SgLow4]:0 [NetMuon1]:449413 [NetMuon2]:447524 [NetMuon3]:480125 [NetMuon4]:480125
[Run]:41678 [Site]:2 [Bin]:15370 [FullTime]:3600 [SkipTime]:0 [Veto1]:602.005 [Veto2]:588.472 [Veto3]:406.866 [Veto4]:406.866 [SgUp1]:59650 [SgUp2]:59531 [SgUp3]:0 [SgUp4]:0 [SgLow1]:59559 [SgLow2]:59408 [SgLow3]:0 [SgLow4]:0 [NetMuon1]:449666 [NetMuon2]:451349 [NetMuon3]:478661 [NetMuon4]:478661
[Run]:41678 [Site]:2 [Bin]:15371 [FullTime]:3600 [SkipTime]:0 [Veto1]:604.489 [Veto2]:596.565 [Veto3]:408.04 [Veto4]:408.04 [SgUp1]:59523 [SgUp2]:59699 [SgUp3]:0 [SgUp4]:0 [SgLow1]:59445 [SgLow2]:59569 [SgLow3]:0 [SgLow4]:0 [NetMuon1]:450524 [NetMuon2]:451327 [NetMuon3]:479910 [NetMuon4]:479910
[Run]:41678 [Site]:2 [Bin]:15372 [FullTime]:3600 [SkipTime]:0 [Veto1]:611.89 [Veto2]:591.04 [Veto3]:407.514 [Veto4]:407.514 [SgUp1]:59174 [SgUp2]:59524 [SgUp3]:0 [SgUp4]:0 [SgLow1]:59053 [SgLow2]:59462 [SgLow3]:0 [SgLow4]:0 [NetMuon1]:448697 [NetMuon2]:451703 [NetMuon3]:479350 [NetMuon4]:479350
[Run]:41678 [Site]:2 [Bin]:15373 [FullTime]:3600 [SkipTime]:0 [Veto1]:593.803 [Veto2]:611.921 [Veto3]:408.216 [Veto4]:408.216 [SgUp1]:59473 [SgUp2]:58759 [SgUp3]:0 [SgUp4]:0 [SgLow1]:59324 [SgLow2]:58641 [SgLow3]:0 [SgLow4]:0 [NetMuon1]:452173 [NetMuon2]:449353 [NetMuon3]:480161 [NetMuon4]:480161
[Run]:41678 [Site]:2 [Bin]:15374 [FullTime]:3600 [SkipTime]:0 [Veto1]:587.397 [Veto2]:604.393 [Veto3]:408.302 [Veto4]:408.302 [SgUp1]:59529 [SgUp2]:58862 [SgUp3]:0 [SgUp4]:0 [SgLow1]:59420 [SgLow2]:58763 [SgLow3]:0 [SgLow4]:0 [NetMuon1]:453257 [NetMuon2]:450635 [NetMuon3]:480087 [NetMuon4]:480087
[Run]:41678 [Site]:2 [Bin]:15375 [FullTime]:3600 [SkipTime]:0 [Veto1]:599.889 [Veto2]:602.704 [Veto3]:406.956 [Veto4]:406.956 [SgUp1]:59647 [SgUp2]:59172 [SgUp3]:0 [SgUp4]:0 [SgLow1]:59558 [SgLow2]:59069 [SgLow3]:0 [SgLow4]:0 [NetMuon1]:449541 [NetMuon2]:449160 [NetMuon3]:478471 [NetMuon4]:478471
[Run]:41678 [Site]:2 [Bin]:15376 [FullTime]:3600 [SkipTime]:0 [Veto1]:613.469 [Veto2]:579.977 [Veto3]:408.141 [Veto4]:408.141 [SgUp1]:59445 [SgUp2]:59767 [SgUp3]:0 [SgUp4]:0 [SgLow1]:59328 [SgLow2]:59653 [SgLow3]:0 [SgLow4]:0 [NetMuon1]:449070 [NetMuon2]:454219 [NetMuon3]:480041 [NetMuon4]:480041
[Run]:41678 [Site]:2 [Bin]:15377 [FullTime]:3600 [SkipTime]:0 [Veto1]:574.208 [Veto2]:580.755 [Veto3]:408.434 [Veto4]:408.434 [SgUp1]:59720 [SgUp2]:59299 [SgUp3]:0 [SgUp4]:0 [SgLow1]:59608 [SgLow2]:59215 [SgLow3]:0 [SgLow4]:0 [NetMuon1]:455281 [NetMuon2]:454471 [NetMuon3]:480412 [NetMuon4]:480412
[Run]:41678 [Site]:2 [Bin]:15378 [FullTime]:3600 [SkipTime]:0 [Veto1]:590.698 [Veto2]:590.003 [Veto3]:407.528 [Veto4]:407.528 [SgUp1]:59807 [SgUp2]:59567 [SgUp3]:0 [SgUp4]:0 [SgLow1]:59707 [SgLow2]:59439 [SgLow3]:0 [SgLow4]:0 [NetMuon1]:451776 [NetMuon2]:452356 [NetMuon3]:479526 [NetMuon4]:479526
[Run]:41678 [Site]:2 [Bin]:15379 [FullTime]:3600 [SkipTime]:0 [Veto1]:613.457 [Veto2]:614.489 [Veto3]:408.297 [Veto4]:408.297 [SgUp1]:58919 [SgUp2]:58883 [SgUp3]:0 [SgUp4]:0 [SgLow1]:58803 [SgLow2]:58795 [SgLow3]:0 [SgLow4]:0 [NetMuon1]:449266 [NetMuon2]:449145 [NetMuon3]:480252 [NetMuon4]:480252
[Run]:41678 [Site]:2 [Bin]:15380 [FullTime]:3600 [SkipTime]:0 [Veto1]:608.07 [Veto2]:599.697 [Veto3]:407.175 [Veto4]:407.175 [SgUp1]:59657 [SgUp2]:59258 [SgUp3]:0 [SgUp4]:0 [SgLow1]:59586 [SgLow2]:59161 [SgLow3]:0 [SgLow4]:0 [NetMuon1]:448862 [NetMuon2]:450023 [NetMuon3]:478972 [NetMuon4]:478972
[Run]:41678 [Site]:2 [Bin]:15381 [FullTime]:3600 [SkipTime]:0 [Veto1]:609.855 [Veto2]:587.613 [Veto3]:407.764 [Veto4]:407.764 [SgUp1]:59342 [SgUp2]:58671 [SgUp3]:0 [SgUp4]:0 [SgLow1]:59240 [SgLow2]:58565 [SgLow3]:0 [SgLow4]:0 [NetMuon1]:449297 [NetMuon2]:452542 [NetMuon3]:479567 [NetMuon4]:479567
[Run]:41678 [Site]:2 [Bin]:15382 [FullTime]:3600 [SkipTime]:0 [Veto1]:588.974 [Veto2]:595.15 [Veto3]:407.365 [Veto4]:407.365 [SgUp1]:59619 [SgUp2]:59234 [SgUp3]:0 [SgUp4]:0 [SgLow1]:59541 [SgLow2]:59133 [SgLow3]:0 [SgLow4]:0 [NetMuon1]:452015 [NetMuon2]:451007 [NetMuon3]:479283 [NetMuon4]:479283
[Run]:41678 [Site]:2 [Bin]:15383 [FullTime]:3600 [SkipTime]:0 [Veto1]:576.134 [Veto2]:592.826 [Veto3]:407.621 [Veto4]:407.621 [SgUp1]:60246 [SgUp2]:58723 [SgUp3]:0 [SgUp4]:0 [SgLow1]:60155 [SgLow2]:58605 [SgLow3]:0 [SgLow4]:0 [NetMuon1]:454185 [NetMuon2]:451754 [NetMuon3]:479456 [NetMuon4]:479456
End process Run: 41678 ... 
[Run]:41678 [Site]:2 [Bin]:15384 [FullTime]:1600.15 [SkipTime]:0 [Veto1]:272.399 [Veto2]:252.027 [Veto3]:180.591 [Veto4]:180.591
