StreamChain add 0x4d2c7f0
Start to process run: 41091 ... 
[Run]:41091 [Site]:2 [Bin]:14496 [FullTime]:1460.37 [SkipTime]:0 [Veto1]:233.41 [Veto2]:230.005 [Veto3]:165.344 [Veto4]:165.344 [SgUp1]:24274 [SgUp2]:24181 [SgUp3]:0 [SgUp4]:0 [SgLow1]:24237 [SgLow2]:24130 [SgLow3]:0 [SgLow4]:0 [NetMuon1]:184224 [NetMuon2]:184778 [NetMuon3]:194483 [NetMuon4]:194483
[Run]:41091 [Site]:2 [Bin]:14497 [FullTime]:3600 [SkipTime]:0 [Veto1]:605.552 [Veto2]:605 [Veto3]:408.612 [Veto4]:408.612 [SgUp1]:59551 [SgUp2]:58847 [SgUp3]:0 [SgUp4]:0 [SgLow1]:59443 [SgLow2]:58742 [SgLow3]:0 [SgLow4]:0 [NetMuon1]:450887 [NetMuon2]:451159 [NetMuon3]:480709 [NetMuon4]:480709
[Run]:41091 [Site]:2 [Bin]:14498 [FullTime]:3600 [SkipTime]:0 [Veto1]:587.839 [Veto2]:582.782 [Veto3]:407.434 [Veto4]:407.434 [SgUp1]:59335 [SgUp2]:59388 [SgUp3]:0 [SgUp4]:0 [SgLow1]:59226 [SgLow2]:59274 [SgLow3]:0 [SgLow4]:0 [NetMuon1]:452511 [NetMuon2]:453019 [NetMuon3]:479256 [NetMuon4]:479256
[Run]:41091 [Site]:2 [Bin]:14499 [FullTime]:3600 [SkipTime]:0 [Veto1]:603.61 [Veto2]:586.763 [Veto3]:408.252 [Veto4]:408.252 [SgUp1]:59070 [SgUp2]:59335 [SgUp3]:0 [SgUp4]:0 [SgLow1]:58954 [SgLow2]:59218 [SgLow3]:0 [SgLow4]:0 [NetMuon1]:450688 [NetMuon2]:453137 [NetMuon3]:479973 [NetMuon4]:479973
[Run]:41091 [Site]:2 [Bin]:14500 [FullTime]:3600 [SkipTime]:0 [Veto1]:594.319 [Veto2]:597.747 [Veto3]:407.943 [Veto4]:407.943 [SgUp1]:59037 [SgUp2]:59084 [SgUp3]:0 [SgUp4]:0 [SgLow1]:58954 [SgLow2]:58968 [SgLow3]:0 [SgLow4]:0 [NetMuon1]:451704 [NetMuon2]:450865 [NetMuon3]:479775 [NetMuon4]:479775
[Run]:41091 [Site]:2 [Bin]:14501 [FullTime]:3600 [SkipTime]:0 [Veto1]:578.076 [Veto2]:590.99 [Veto3]:409.081 [Veto4]:409.081 [SgUp1]:59707 [SgUp2]:58939 [SgUp3]:0 [SgUp4]:0 [SgLow1]:59615 [SgLow2]:58833 [SgLow3]:0 [SgLow4]:0 [NetMuon1]:455600 [NetMuon2]:453725 [NetMuon3]:481239 [NetMuon4]:481239
[Run]:41091 [Site]:2 [Bin]:14502 [FullTime]:3599.99 [SkipTime]:0 [Veto1]:593.318 [Veto2]:589.879 [Veto3]:407.718 [Veto4]:407.718 [SgUp1]:59075 [SgUp2]:59127 [SgUp3]:0 [SgUp4]:0 [SgLow1]:58983 [SgLow2]:59036 [SgLow3]:0 [SgLow4]:0 [NetMuon1]:452057 [NetMuon2]:452242 [NetMuon3]:479742 [NetMuon4]:479742
[Run]:41091 [Site]:2 [Bin]:14503 [FullTime]:3600 [SkipTime]:0 [Veto1]:605.688 [Veto2]:602.689 [Veto3]:408.327 [Veto4]:408.327 [SgUp1]:59518 [SgUp2]:58891 [SgUp3]:0 [SgUp4]:0 [SgLow1]:59405 [SgLow2]:58796 [SgLow3]:0 [SgLow4]:0 [NetMuon1]:450604 [NetMuon2]:450679 [NetMuon3]:480245 [NetMuon4]:480245
[Run]:41091 [Site]:2 [Bin]:14504 [FullTime]:3600 [SkipTime]:0 [Veto1]:605.025 [Veto2]:602.39 [Veto3]:408.883 [Veto4]:408.883 [SgUp1]:59443 [SgUp2]:58710 [SgUp3]:0 [SgUp4]:0 [SgLow1]:59335 [SgLow2]:58586 [SgLow3]:0 [SgLow4]:0 [NetMuon1]:451417 [NetMuon2]:451759 [NetMuon3]:481078 [NetMuon4]:481078
[Run]:41091 [Site]:2 [Bin]:14505 [FullTime]:3600 [SkipTime]:0 [Veto1]:597.777 [Veto2]:608.623 [Veto3]:409.026 [Veto4]:409.026 [SgUp1]:59518 [SgUp2]:58882 [SgUp3]:0 [SgUp4]:0 [SgLow1]:59410 [SgLow2]:58775 [SgLow3]:0 [SgLow4]:0 [NetMuon1]:452662 [NetMuon2]:450664 [NetMuon3]:481011 [NetMuon4]:481011
[Run]:41091 [Site]:2 [Bin]:14506 [FullTime]:3600 [SkipTime]:0 [Veto1]:594.044 [Veto2]:598.918 [Veto3]:407.287 [Veto4]:407.287 [SgUp1]:59707 [SgUp2]:58987 [SgUp3]:0 [SgUp4]:0 [SgLow1]:59609 [SgLow2]:58889 [SgLow3]:0 [SgLow4]:0 [NetMuon1]:450960 [NetMuon2]:450452 [NetMuon3]:479078 [NetMuon4]:479078
[Run]:41091 [Site]:2 [Bin]:14507 [FullTime]:3600 [SkipTime]:0 [Veto1]:612.923 [Veto2]:593.465 [Veto3]:408.556 [Veto4]:408.556 [SgUp1]:58985 [SgUp2]:59015 [SgUp3]:0 [SgUp4]:0 [SgLow1]:58870 [SgLow2]:58890 [SgLow3]:0 [SgLow4]:0 [NetMuon1]:449715 [NetMuon2]:452588 [NetMuon3]:480469 [NetMuon4]:480469
[Run]:41091 [Site]:2 [Bin]:14508 [FullTime]:3600 [SkipTime]:0 [Veto1]:604.723 [Veto2]:590.896 [Veto3]:408.194 [Veto4]:408.194 [SgUp1]:59816 [SgUp2]:59183 [SgUp3]:0 [SgUp4]:0 [SgLow1]:59711 [SgLow2]:59080 [SgLow3]:0 [SgLow4]:0 [NetMuon1]:450394 [NetMuon2]:452446 [NetMuon3]:479875 [NetMuon4]:479875
[Run]:41091 [Site]:2 [Bin]:14509 [FullTime]:3600 [SkipTime]:0 [Veto1]:615.8 [Veto2]:598.599 [Veto3]:408.4 [Veto4]:408.4 [SgUp1]:59075 [SgUp2]:58945 [SgUp3]:0 [SgUp4]:0 [SgLow1]:58971 [SgLow2]:58851 [SgLow3]:0 [SgLow4]:0 [NetMuon1]:449117 [NetMuon2]:452003 [NetMuon3]:480444 [NetMuon4]:480444
[Run]:41091 [Site]:2 [Bin]:14510 [FullTime]:3600 [SkipTime]:0 [Veto1]:611.353 [Veto2]:582.685 [Veto3]:408.681 [Veto4]:408.681 [SgUp1]:58889 [SgUp2]:59621 [SgUp3]:0 [SgUp4]:0 [SgLow1]:58806 [SgLow2]:59502 [SgLow3]:0 [SgLow4]:0 [NetMuon1]:450161 [NetMuon2]:454370 [NetMuon3]:480591 [NetMuon4]:480591
[Run]:41091 [Site]:2 [Bin]:14511 [FullTime]:3600 [SkipTime]:0 [Veto1]:614.437 [Veto2]:596.376 [Veto3]:408.88 [Veto4]:408.88 [SgUp1]:59254 [SgUp2]:59063 [SgUp3]:0 [SgUp4]:0 [SgLow1]:59154 [SgLow2]:58937 [SgLow3]:0 [SgLow4]:0 [NetMuon1]:450061 [NetMuon2]:452911 [NetMuon3]:480942 [NetMuon4]:480942
[Run]:41091 [Site]:2 [Bin]:14512 [FullTime]:3600 [SkipTime]:0 [Veto1]:610.495 [Veto2]:598.372 [Veto3]:408.257 [Veto4]:408.257 [SgUp1]:59015 [SgUp2]:59514 [SgUp3]:0 [SgUp4]:0 [SgLow1]:58912 [SgLow2]:59408 [SgLow3]:0 [SgLow4]:0 [NetMuon1]:449904 [NetMuon2]:451776 [NetMuon3]:480295 [NetMuon4]:480295
[Run]:41091 [Site]:2 [Bin]:14513 [FullTime]:3600 [SkipTime]:0 [Veto1]:600.479 [Veto2]:609.102 [Veto3]:408.969 [Veto4]:408.969 [SgUp1]:59416 [SgUp2]:59007 [SgUp3]:0 [SgUp4]:0 [SgLow1]:59325 [SgLow2]:58901 [SgLow3]:0 [SgLow4]:0 [NetMuon1]:452474 [NetMuon2]:450669 [NetMuon3]:481097 [NetMuon4]:481097
[Run]:41091 [Site]:2 [Bin]:14514 [FullTime]:3600 [SkipTime]:0 [Veto1]:596.396 [Veto2]:587.954 [Veto3]:407.986 [Veto4]:407.986 [SgUp1]:59392 [SgUp2]:59389 [SgUp3]:0 [SgUp4]:0 [SgLow1]:59316 [SgLow2]:59289 [SgLow3]:0 [SgLow4]:0 [NetMuon1]:451247 [NetMuon2]:452614 [NetMuon3]:479741 [NetMuon4]:479741
[Run]:41091 [Site]:2 [Bin]:14515 [FullTime]:3600 [SkipTime]:0 [Veto1]:603.658 [Veto2]:610.116 [Veto3]:408.542 [Veto4]:408.542 [SgUp1]:59853 [SgUp2]:58990 [SgUp3]:0 [SgUp4]:0 [SgLow1]:59755 [SgLow2]:58886 [SgLow3]:0 [SgLow4]:0 [NetMuon1]:451059 [NetMuon2]:450250 [NetMuon3]:480615 [NetMuon4]:480615
[Run]:41091 [Site]:2 [Bin]:14516 [FullTime]:3600 [SkipTime]:0 [Veto1]:625.542 [Veto2]:592.826 [Veto3]:408.905 [Veto4]:408.905 [SgUp1]:59201 [SgUp2]:59093 [SgUp3]:0 [SgUp4]:0 [SgLow1]:59104 [SgLow2]:58987 [SgLow3]:0 [SgLow4]:0 [NetMuon1]:448419 [NetMuon2]:453112 [NetMuon3]:481016 [NetMuon4]:481016
[Run]:41091 [Site]:2 [Bin]:14517 [FullTime]:3600 [SkipTime]:0 [Veto1]:588.139 [Veto2]:599.323 [Veto3]:409.131 [Veto4]:409.131 [SgUp1]:59104 [SgUp2]:59079 [SgUp3]:0 [SgUp4]:0 [SgLow1]:58995 [SgLow2]:58973 [SgLow3]:0 [SgLow4]:0 [NetMuon1]:454321 [NetMuon2]:452286 [NetMuon3]:480907 [NetMuon4]:480907
[Run]:41091 [Site]:2 [Bin]:14518 [FullTime]:3600 [SkipTime]:0 [Veto1]:592.457 [Veto2]:599.508 [Veto3]:408.953 [Veto4]:408.953 [SgUp1]:59078 [SgUp2]:59426 [SgUp3]:0 [SgUp4]:0 [SgLow1]:58969 [SgLow2]:59339 [SgLow3]:0 [SgLow4]:0 [NetMuon1]:453219 [NetMuon2]:452243 [NetMuon3]:480981 [NetMuon4]:480981
[Run]:41091 [Site]:2 [Bin]:14519 [FullTime]:3600 [SkipTime]:0 [Veto1]:601.921 [Veto2]:599.58 [Veto3]:407.91 [Veto4]:407.91 [SgUp1]:58947 [SgUp2]:59341 [SgUp3]:0 [SgUp4]:0 [SgLow1]:58886 [SgLow2]:59251 [SgLow3]:0 [SgLow4]:0 [NetMuon1]:451053 [NetMuon2]:450997 [NetMuon3]:479868 [NetMuon4]:479868
[Run]:41091 [Site]:2 [Bin]:14520 [FullTime]:3600 [SkipTime]:0 [Veto1]:602.769 [Veto2]:579.625 [Veto3]:409.095 [Veto4]:409.095 [SgUp1]:59023 [SgUp2]:59638 [SgUp3]:0 [SgUp4]:0 [SgLow1]:58916 [SgLow2]:59532 [SgLow3]:0 [SgLow4]:0 [NetMuon1]:452024 [NetMuon2]:455237 [NetMuon3]:480931 [NetMuon4]:480931
[Run]:41091 [Site]:2 [Bin]:14521 [FullTime]:3600 [SkipTime]:0 [Veto1]:573.3 [Veto2]:578.554 [Veto3]:407.946 [Veto4]:407.946 [SgUp1]:59789 [SgUp2]:59703 [SgUp3]:0 [SgUp4]:0 [SgLow1]:59669 [SgLow2]:59569 [SgLow3]:0 [SgLow4]:0 [NetMuon1]:454877 [NetMuon2]:454335 [NetMuon3]:479980 [NetMuon4]:479980
[Run]:41091 [Site]:2 [Bin]:14522 [FullTime]:3600 [SkipTime]:0 [Veto1]:600.348 [Veto2]:578.165 [Veto3]:408.863 [Veto4]:408.863 [SgUp1]:59471 [SgUp2]:59462 [SgUp3]:0 [SgUp4]:0 [SgLow1]:59347 [SgLow2]:59358 [SgLow3]:0 [SgLow4]:0 [NetMuon1]:452332 [NetMuon2]:455457 [NetMuon3]:480998 [NetMuon4]:480998
[Run]:41091 [Site]:2 [Bin]:14523 [FullTime]:3600 [SkipTime]:0 [Veto1]:596.671 [Veto2]:592.091 [Veto3]:407.674 [Veto4]:407.674 [SgUp1]:59409 [SgUp2]:59360 [SgUp3]:0 [SgUp4]:0 [SgLow1]:59298 [SgLow2]:59243 [SgLow3]:0 [SgLow4]:0 [NetMuon1]:451015 [NetMuon2]:451871 [NetMuon3]:479414 [NetMuon4]:479414
[Run]:41091 [Site]:2 [Bin]:14524 [FullTime]:3600 [SkipTime]:0 [Veto1]:601.636 [Veto2]:589.657 [Veto3]:408.297 [Veto4]:408.297 [SgUp1]:58854 [SgUp2]:59452 [SgUp3]:0 [SgUp4]:0 [SgLow1]:58758 [SgLow2]:59320 [SgLow3]:0 [SgLow4]:0 [NetMuon1]:451138 [NetMuon2]:453004 [NetMuon3]:480129 [NetMuon4]:480129
[Run]:41091 [Site]:2 [Bin]:14525 [FullTime]:3600 [SkipTime]:0 [Veto1]:605.14 [Veto2]:591.814 [Veto3]:407.624 [Veto4]:407.624 [SgUp1]:58744 [SgUp2]:59399 [SgUp3]:0 [SgUp4]:0 [SgLow1]:58641 [SgLow2]:59310 [SgLow3]:0 [SgLow4]:0 [NetMuon1]:449755 [NetMuon2]:451788 [NetMuon3]:479599 [NetMuon4]:479599
[Run]:41091 [Site]:2 [Bin]:14526 [FullTime]:3600 [SkipTime]:0 [Veto1]:603.785 [Veto2]:608.18 [Veto3]:408.464 [Veto4]:408.464 [SgUp1]:58775 [SgUp2]:58555 [SgUp3]:0 [SgUp4]:0 [SgLow1]:58679 [SgLow2]:58438 [SgLow3]:0 [SgLow4]:0 [NetMuon1]:450820 [NetMuon2]:450293 [NetMuon3]:480347 [NetMuon4]:480347
[Run]:41091 [Site]:2 [Bin]:14527 [FullTime]:3600 [SkipTime]:0 [Veto1]:602.207 [Veto2]:598.535 [Veto3]:408.053 [Veto4]:408.053 [SgUp1]:59434 [SgUp2]:58492 [SgUp3]:0 [SgUp4]:0 [SgLow1]:59323 [SgLow2]:58407 [SgLow3]:0 [SgLow4]:0 [NetMuon1]:450987 [NetMuon2]:451293 [NetMuon3]:479884 [NetMuon4]:479884
[Run]:41091 [Site]:2 [Bin]:14528 [FullTime]:3600 [SkipTime]:0 [Veto1]:609.878 [Veto2]:578.56 [Veto3]:408.407 [Veto4]:408.407 [SgUp1]:58864 [SgUp2]:59054 [SgUp3]:0 [SgUp4]:0 [SgLow1]:58721 [SgLow2]:58955 [SgLow3]:0 [SgLow4]:0 [NetMuon1]:450035 [NetMuon2]:454706 [NetMuon3]:480337 [NetMuon4]:480337
[Run]:41091 [Site]:2 [Bin]:14529 [FullTime]:3600 [SkipTime]:0 [Veto1]:590.287 [Veto2]:600.826 [Veto3]:407.355 [Veto4]:407.355 [SgUp1]:59924 [SgUp2]:58714 [SgUp3]:0 [SgUp4]:0 [SgLow1]:59830 [SgLow2]:58613 [SgLow3]:0 [SgLow4]:0 [NetMuon1]:451863 [NetMuon2]:449885 [NetMuon3]:479358 [NetMuon4]:479358
[Run]:41091 [Site]:2 [Bin]:14530 [FullTime]:3600 [SkipTime]:0 [Veto1]:577.835 [Veto2]:598.8 [Veto3]:407.534 [Veto4]:407.534 [SgUp1]:59312 [SgUp2]:58658 [SgUp3]:0 [SgUp4]:0 [SgLow1]:59200 [SgLow2]:58548 [SgLow3]:0 [SgLow4]:0 [NetMuon1]:454011 [NetMuon2]:450791 [NetMuon3]:479498 [NetMuon4]:479498
[Run]:41091 [Site]:2 [Bin]:14531 [FullTime]:3600 [SkipTime]:0 [Veto1]:605.932 [Veto2]:590.475 [Veto3]:406.996 [Veto4]:406.996 [SgUp1]:59176 [SgUp2]:58872 [SgUp3]:0 [SgUp4]:0 [SgLow1]:59058 [SgLow2]:58760 [SgLow3]:0 [SgLow4]:0 [NetMuon1]:449274 [NetMuon2]:451115 [NetMuon3]:478744 [NetMuon4]:478744
[Run]:41091 [Site]:2 [Bin]:14532 [FullTime]:3600 [SkipTime]:0 [Veto1]:584.087 [Veto2]:597.359 [Veto3]:408.991 [Veto4]:408.991 [SgUp1]:59561 [SgUp2]:59605 [SgUp3]:0 [SgUp4]:0 [SgLow1]:59452 [SgLow2]:59510 [SgLow3]:0 [SgLow4]:0 [NetMuon1]:454887 [NetMuon2]:452984 [NetMuon3]:481298 [NetMuon4]:481298
[Run]:41091 [Site]:2 [Bin]:14533 [FullTime]:3600 [SkipTime]:0 [Veto1]:620.062 [Veto2]:624.477 [Veto3]:409.16 [Veto4]:409.16 [SgUp1]:59059 [SgUp2]:58699 [SgUp3]:0 [SgUp4]:0 [SgLow1]:58948 [SgLow2]:58581 [SgLow3]:0 [SgLow4]:0 [NetMuon1]:449516 [NetMuon2]:448634 [NetMuon3]:481359 [NetMuon4]:481359
[Run]:41091 [Site]:2 [Bin]:14534 [FullTime]:3600 [SkipTime]:0 [Veto1]:583.151 [Veto2]:612.553 [Veto3]:406.916 [Veto4]:406.916 [SgUp1]:59825 [SgUp2]:58851 [SgUp3]:0 [SgUp4]:0 [SgLow1]:59704 [SgLow2]:58751 [SgLow3]:0 [SgLow4]:0 [NetMuon1]:452121 [NetMuon2]:448135 [NetMuon3]:478695 [NetMuon4]:478695
[Run]:41091 [Site]:2 [Bin]:14535 [FullTime]:3600 [SkipTime]:0 [Veto1]:596.211 [Veto2]:596.253 [Veto3]:409.648 [Veto4]:409.648 [SgUp1]:59475 [SgUp2]:59328 [SgUp3]:0 [SgUp4]:0 [SgLow1]:59352 [SgLow2]:59195 [SgLow3]:0 [SgLow4]:0 [NetMuon1]:453275 [NetMuon2]:453500 [NetMuon3]:481654 [NetMuon4]:481654
[Run]:41091 [Site]:2 [Bin]:14536 [FullTime]:3600 [SkipTime]:0 [Veto1]:614.057 [Veto2]:607.23 [Veto3]:407.274 [Veto4]:407.274 [SgUp1]:58978 [SgUp2]:59078 [SgUp3]:0 [SgUp4]:0 [SgLow1]:58878 [SgLow2]:58996 [SgLow3]:0 [SgLow4]:0 [NetMuon1]:448171 [NetMuon2]:449124 [NetMuon3]:479045 [NetMuon4]:479045
[Run]:41091 [Site]:2 [Bin]:14537 [FullTime]:3600 [SkipTime]:0 [Veto1]:606.79 [Veto2]:601.886 [Veto3]:408.419 [Veto4]:408.419 [SgUp1]:58728 [SgUp2]:59154 [SgUp3]:0 [SgUp4]:0 [SgLow1]:58634 [SgLow2]:59055 [SgLow3]:0 [SgLow4]:0 [NetMuon1]:450166 [NetMuon2]:450903 [NetMuon3]:480111 [NetMuon4]:480111
[Run]:41091 [Site]:2 [Bin]:14538 [FullTime]:3600 [SkipTime]:0 [Veto1]:624.216 [Veto2]:625.646 [Veto3]:409.051 [Veto4]:409.051 [SgUp1]:58368 [SgUp2]:58721 [SgUp3]:0 [SgUp4]:0 [SgLow1]:58267 [SgLow2]:58622 [SgLow3]:0 [SgLow4]:0 [NetMuon1]:448439 [NetMuon2]:448186 [NetMuon3]:481060 [NetMuon4]:481060
[Run]:41091 [Site]:2 [Bin]:14539 [FullTime]:3600 [SkipTime]:0 [Veto1]:614.287 [Veto2]:614.826 [Veto3]:409.498 [Veto4]:409.498 [SgUp1]:58550 [SgUp2]:59174 [SgUp3]:0 [SgUp4]:0 [SgLow1]:58450 [SgLow2]:59060 [SgLow3]:0 [SgLow4]:0 [NetMuon1]:450495 [NetMuon2]:450743 [NetMuon3]:481581 [NetMuon4]:481581
[Run]:41091 [Site]:2 [Bin]:14540 [FullTime]:3600 [SkipTime]:0 [Veto1]:592.932 [Veto2]:613.02 [Veto3]:407.94 [Veto4]:407.94 [SgUp1]:58977 [SgUp2]:58601 [SgUp3]:0 [SgUp4]:0 [SgLow1]:58851 [SgLow2]:58514 [SgLow3]:0 [SgLow4]:0 [NetMuon1]:452340 [NetMuon2]:449533 [NetMuon3]:480019 [NetMuon4]:480019
[Run]:41091 [Site]:2 [Bin]:14541 [FullTime]:3600 [SkipTime]:0 [Veto1]:597.926 [Veto2]:594.162 [Veto3]:408.423 [Veto4]:408.423 [SgUp1]:59117 [SgUp2]:59495 [SgUp3]:0 [SgUp4]:0 [SgLow1]:59007 [SgLow2]:59394 [SgLow3]:0 [SgLow4]:0 [NetMuon1]:451961 [NetMuon2]:452352 [NetMuon3]:480283 [NetMuon4]:480283
[Run]:41091 [Site]:2 [Bin]:14542 [FullTime]:3600 [SkipTime]:0 [Veto1]:622.958 [Veto2]:603.006 [Veto3]:407.656 [Veto4]:407.656 [SgUp1]:58470 [SgUp2]:58693 [SgUp3]:0 [SgUp4]:0 [SgLow1]:58378 [SgLow2]:58585 [SgLow3]:0 [SgLow4]:0 [NetMuon1]:447370 [NetMuon2]:450290 [NetMuon3]:479524 [NetMuon4]:479524
[Run]:41091 [Site]:2 [Bin]:14543 [FullTime]:3600 [SkipTime]:0 [Veto1]:600.281 [Veto2]:615.932 [Veto3]:407.718 [Veto4]:407.718 [SgUp1]:58764 [SgUp2]:58484 [SgUp3]:0 [SgUp4]:0 [SgLow1]:58675 [SgLow2]:58373 [SgLow3]:0 [SgLow4]:0 [NetMuon1]:450911 [NetMuon2]:448142 [NetMuon3]:479630 [NetMuon4]:479630
End process Run: 41091 ... 
[Run]:41091 [Site]:2 [Bin]:14544 [FullTime]:448.755 [SkipTime]:0 [Veto1]:72.6379 [Veto2]:84.9688 [Veto3]:50.6757 [Veto4]:50.6757
