StreamChain add 0x8a927f0
Start to process run: 41889 ... 
[Run]:41889 [Site]:2 [Bin]:15721 [FullTime]:2386.66 [SkipTime]:0 [Veto1]:394.411 [Veto2]:411.84 [Veto3]:270.343 [Veto4]:270.343 [SgUp1]:39856 [SgUp2]:39145 [SgUp3]:0 [SgUp4]:0 [SgLow1]:39778 [SgLow2]:39041 [SgLow3]:0 [SgLow4]:0 [NetMuon1]:299419 [NetMuon2]:296919 [NetMuon3]:318087 [NetMuon4]:318087
[Run]:41889 [Site]:2 [Bin]:15722 [FullTime]:3600 [SkipTime]:0 [Veto1]:604.109 [Veto2]:602.776 [Veto3]:408.093 [Veto4]:408.093 [SgUp1]:59706 [SgUp2]:59340 [SgUp3]:0 [SgUp4]:0 [SgLow1]:59603 [SgLow2]:59228 [SgLow3]:0 [SgLow4]:0 [NetMuon1]:450724 [NetMuon2]:450597 [NetMuon3]:480185 [NetMuon4]:480185
[Run]:41889 [Site]:2 [Bin]:15723 [FullTime]:3600 [SkipTime]:0 [Veto1]:599.549 [Veto2]:579.021 [Veto3]:407.233 [Veto4]:407.233 [SgUp1]:59902 [SgUp2]:59699 [SgUp3]:0 [SgUp4]:0 [SgLow1]:59779 [SgLow2]:59604 [SgLow3]:0 [SgLow4]:0 [NetMuon1]:450282 [NetMuon2]:453326 [NetMuon3]:479023 [NetMuon4]:479023
[Run]:41889 [Site]:2 [Bin]:15724 [FullTime]:3600 [SkipTime]:0 [Veto1]:611.984 [Veto2]:606.358 [Veto3]:407.509 [Veto4]:407.509 [SgUp1]:59729 [SgUp2]:59523 [SgUp3]:0 [SgUp4]:0 [SgLow1]:59620 [SgLow2]:59418 [SgLow3]:0 [SgLow4]:0 [NetMuon1]:448644 [NetMuon2]:449538 [NetMuon3]:479560 [NetMuon4]:479560
[Run]:41889 [Site]:2 [Bin]:15725 [FullTime]:3600 [SkipTime]:0 [Veto1]:603.968 [Veto2]:577.991 [Veto3]:406.886 [Veto4]:406.886 [SgUp1]:59653 [SgUp2]:59906 [SgUp3]:0 [SgUp4]:0 [SgLow1]:59538 [SgLow2]:59796 [SgLow3]:0 [SgLow4]:0 [NetMuon1]:448976 [NetMuon2]:452997 [NetMuon3]:478425 [NetMuon4]:478425
[Run]:41889 [Site]:2 [Bin]:15726 [FullTime]:3600 [SkipTime]:0 [Veto1]:601.933 [Veto2]:605.619 [Veto3]:407.448 [Veto4]:407.448 [SgUp1]:59646 [SgUp2]:59304 [SgUp3]:0 [SgUp4]:0 [SgLow1]:59544 [SgLow2]:59213 [SgLow3]:0 [SgLow4]:0 [NetMuon1]:450258 [NetMuon2]:449875 [NetMuon3]:479433 [NetMuon4]:479433
[Run]:41889 [Site]:2 [Bin]:15727 [FullTime]:2852.78 [SkipTime]:747.222 [Veto1]:485.789 [Veto2]:471.604 [Veto3]:322.844 [Veto4]:322.844 [SgUp1]:46852 [SgUp2]:47305 [SgUp3]:0 [SgUp4]:0 [SgLow1]:46780 [SgLow2]:47207 [SgLow3]:0 [SgLow4]:0 [NetMuon1]:355464 [NetMuon2]:357610 [NetMuon3]:379829 [NetMuon4]:379829
[Run]:41889 [Site]:2 [Bin]:15728 [FullTime]:3600 [SkipTime]:0 [Veto1]:596.969 [Veto2]:592.897 [Veto3]:408.183 [Veto4]:408.183 [SgUp1]:59652 [SgUp2]:59823 [SgUp3]:0 [SgUp4]:0 [SgLow1]:59522 [SgLow2]:59722 [SgLow3]:0 [SgLow4]:0 [NetMuon1]:451952 [NetMuon2]:452473 [NetMuon3]:480284 [NetMuon4]:480284
[Run]:41889 [Site]:2 [Bin]:15729 [FullTime]:3600 [SkipTime]:0 [Veto1]:589.546 [Veto2]:611.891 [Veto3]:407.182 [Veto4]:407.182 [SgUp1]:59902 [SgUp2]:58920 [SgUp3]:0 [SgUp4]:0 [SgLow1]:59806 [SgLow2]:58823 [SgLow3]:0 [SgLow4]:0 [NetMuon1]:451723 [NetMuon2]:448496 [NetMuon3]:479101 [NetMuon4]:479101
[Run]:41889 [Site]:2 [Bin]:15730 [FullTime]:3600 [SkipTime]:0 [Veto1]:585.096 [Veto2]:595.842 [Veto3]:406.535 [Veto4]:406.535 [SgUp1]:59788 [SgUp2]:59432 [SgUp3]:0 [SgUp4]:0 [SgLow1]:59672 [SgLow2]:59337 [SgLow3]:0 [SgLow4]:0 [NetMuon1]:451524 [NetMuon2]:449986 [NetMuon3]:478289 [NetMuon4]:478289
[Run]:41889 [Site]:2 [Bin]:15731 [FullTime]:3600 [SkipTime]:0 [Veto1]:585.386 [Veto2]:614.191 [Veto3]:408.156 [Veto4]:408.156 [SgUp1]:59440 [SgUp2]:59195 [SgUp3]:0 [SgUp4]:0 [SgLow1]:59297 [SgLow2]:59079 [SgLow3]:0 [SgLow4]:0 [NetMuon1]:453492 [NetMuon2]:448982 [NetMuon3]:480065 [NetMuon4]:480065
[Run]:41889 [Site]:2 [Bin]:15732 [FullTime]:3600 [SkipTime]:0 [Veto1]:606.667 [Veto2]:589.1 [Veto3]:406.808 [Veto4]:406.808 [SgUp1]:59148 [SgUp2]:59729 [SgUp3]:0 [SgUp4]:0 [SgLow1]:59040 [SgLow2]:59625 [SgLow3]:0 [SgLow4]:0 [NetMuon1]:448791 [NetMuon2]:451312 [NetMuon3]:478625 [NetMuon4]:478625
[Run]:41889 [Site]:2 [Bin]:15733 [FullTime]:3600 [SkipTime]:0 [Veto1]:620.2 [Veto2]:599.696 [Veto3]:407.788 [Veto4]:407.788 [SgUp1]:58712 [SgUp2]:59268 [SgUp3]:0 [SgUp4]:0 [SgLow1]:58619 [SgLow2]:59173 [SgLow3]:0 [SgLow4]:0 [NetMuon1]:447773 [NetMuon2]:451177 [NetMuon3]:479902 [NetMuon4]:479902
[Run]:41889 [Site]:2 [Bin]:15734 [FullTime]:3600 [SkipTime]:0 [Veto1]:598.624 [Veto2]:594.816 [Veto3]:406.644 [Veto4]:406.644 [SgUp1]:59357 [SgUp2]:59246 [SgUp3]:0 [SgUp4]:0 [SgLow1]:59254 [SgLow2]:59101 [SgLow3]:0 [SgLow4]:0 [NetMuon1]:449816 [NetMuon2]:450185 [NetMuon3]:478389 [NetMuon4]:478389
[Run]:41889 [Site]:2 [Bin]:15735 [FullTime]:3600 [SkipTime]:0 [Veto1]:608.275 [Veto2]:613.833 [Veto3]:407.692 [Veto4]:407.692 [SgUp1]:59123 [SgUp2]:59066 [SgUp3]:0 [SgUp4]:0 [SgLow1]:59035 [SgLow2]:58984 [SgLow3]:0 [SgLow4]:0 [NetMuon1]:449577 [NetMuon2]:448905 [NetMuon3]:479558 [NetMuon4]:479558
[Run]:41889 [Site]:2 [Bin]:15736 [FullTime]:3600 [SkipTime]:0 [Veto1]:609.476 [Veto2]:589.202 [Veto3]:407.375 [Veto4]:407.375 [SgUp1]:58896 [SgUp2]:59652 [SgUp3]:0 [SgUp4]:0 [SgLow1]:58785 [SgLow2]:59564 [SgLow3]:0 [SgLow4]:0 [NetMuon1]:449412 [NetMuon2]:452091 [NetMuon3]:479487 [NetMuon4]:479487
[Run]:41889 [Site]:2 [Bin]:15737 [FullTime]:3600 [SkipTime]:0 [Veto1]:596.677 [Veto2]:594.7 [Veto3]:408.368 [Veto4]:408.368 [SgUp1]:59354 [SgUp2]:59315 [SgUp3]:0 [SgUp4]:0 [SgLow1]:59254 [SgLow2]:59196 [SgLow3]:0 [SgLow4]:0 [NetMuon1]:451562 [NetMuon2]:452220 [NetMuon3]:479963 [NetMuon4]:479963
[Run]:41889 [Site]:2 [Bin]:15738 [FullTime]:3600 [SkipTime]:0 [Veto1]:611.896 [Veto2]:600.877 [Veto3]:408.222 [Veto4]:408.222 [SgUp1]:59110 [SgUp2]:59627 [SgUp3]:0 [SgUp4]:0 [SgLow1]:59004 [SgLow2]:59502 [SgLow3]:0 [SgLow4]:0 [NetMuon1]:449753 [NetMuon2]:451403 [NetMuon3]:480401 [NetMuon4]:480401
[Run]:41889 [Site]:2 [Bin]:15739 [FullTime]:3600 [SkipTime]:0 [Veto1]:595.64 [Veto2]:608.574 [Veto3]:407.157 [Veto4]:407.157 [SgUp1]:59712 [SgUp2]:59229 [SgUp3]:0 [SgUp4]:0 [SgLow1]:59624 [SgLow2]:59098 [SgLow3]:0 [SgLow4]:0 [NetMuon1]:450707 [NetMuon2]:448859 [NetMuon3]:479017 [NetMuon4]:479017
[Run]:41889 [Site]:2 [Bin]:15740 [FullTime]:3600 [SkipTime]:0 [Veto1]:603.424 [Veto2]:603.785 [Veto3]:407.892 [Veto4]:407.892 [SgUp1]:59027 [SgUp2]:59001 [SgUp3]:0 [SgUp4]:0 [SgLow1]:58935 [SgLow2]:58912 [SgLow3]:0 [SgLow4]:0 [NetMuon1]:450432 [NetMuon2]:450239 [NetMuon3]:479857 [NetMuon4]:479857
[Run]:41889 [Site]:2 [Bin]:15741 [FullTime]:3600 [SkipTime]:0 [Veto1]:599.374 [Veto2]:585.216 [Veto3]:407.781 [Veto4]:407.781 [SgUp1]:60037 [SgUp2]:59469 [SgUp3]:0 [SgUp4]:0 [SgLow1]:59925 [SgLow2]:59379 [SgLow3]:0 [SgLow4]:0 [NetMuon1]:450524 [NetMuon2]:453408 [NetMuon3]:479845 [NetMuon4]:479845
[Run]:41889 [Site]:2 [Bin]:15742 [FullTime]:3600 [SkipTime]:0 [Veto1]:584.906 [Veto2]:589.379 [Veto3]:406.556 [Veto4]:406.556 [SgUp1]:59984 [SgUp2]:59285 [SgUp3]:0 [SgUp4]:0 [SgLow1]:59902 [SgLow2]:59184 [SgLow3]:0 [SgLow4]:0 [NetMuon1]:451385 [NetMuon2]:450799 [NetMuon3]:478120 [NetMuon4]:478120
[Run]:41889 [Site]:2 [Bin]:15743 [FullTime]:3600 [SkipTime]:0 [Veto1]:579.425 [Veto2]:596.567 [Veto3]:406.497 [Veto4]:406.497 [SgUp1]:59712 [SgUp2]:59347 [SgUp3]:0 [SgUp4]:0 [SgLow1]:59603 [SgLow2]:59262 [SgLow3]:0 [SgLow4]:0 [NetMuon1]:452339 [NetMuon2]:449999 [NetMuon3]:478343 [NetMuon4]:478343
[Run]:41889 [Site]:2 [Bin]:15744 [FullTime]:3600 [SkipTime]:0 [Veto1]:604.401 [Veto2]:610.192 [Veto3]:406.556 [Veto4]:406.556 [SgUp1]:59138 [SgUp2]:58623 [SgUp3]:0 [SgUp4]:0 [SgLow1]:59028 [SgLow2]:58521 [SgLow3]:0 [SgLow4]:0 [NetMuon1]:448633 [NetMuon2]:447768 [NetMuon3]:478379 [NetMuon4]:478379
[Run]:41889 [Site]:2 [Bin]:15745 [FullTime]:3600 [SkipTime]:0 [Veto1]:594.712 [Veto2]:600.007 [Veto3]:406.565 [Veto4]:406.565 [SgUp1]:59941 [SgUp2]:59318 [SgUp3]:0 [SgUp4]:0 [SgLow1]:59828 [SgLow2]:59214 [SgLow3]:0 [SgLow4]:0 [NetMuon1]:450051 [NetMuon2]:449242 [NetMuon3]:478290 [NetMuon4]:478290
[Run]:41889 [Site]:2 [Bin]:15746 [FullTime]:3600 [SkipTime]:0 [Veto1]:602.864 [Veto2]:601.656 [Veto3]:407.121 [Veto4]:407.121 [SgUp1]:59071 [SgUp2]:59223 [SgUp3]:0 [SgUp4]:0 [SgLow1]:58957 [SgLow2]:59130 [SgLow3]:0 [SgLow4]:0 [NetMuon1]:449152 [NetMuon2]:450007 [NetMuon3]:479007 [NetMuon4]:479007
[Run]:41889 [Site]:2 [Bin]:15747 [FullTime]:3600 [SkipTime]:0 [Veto1]:588.502 [Veto2]:584.097 [Veto3]:407.047 [Veto4]:407.047 [SgUp1]:59897 [SgUp2]:59525 [SgUp3]:0 [SgUp4]:0 [SgLow1]:59802 [SgLow2]:59454 [SgLow3]:0 [SgLow4]:0 [NetMuon1]:451900 [NetMuon2]:452449 [NetMuon3]:479179 [NetMuon4]:479179
[Run]:41889 [Site]:2 [Bin]:15748 [FullTime]:3600 [SkipTime]:0 [Veto1]:600.994 [Veto2]:599.584 [Veto3]:407.677 [Veto4]:407.677 [SgUp1]:59687 [SgUp2]:59218 [SgUp3]:0 [SgUp4]:0 [SgLow1]:59589 [SgLow2]:59125 [SgLow3]:0 [SgLow4]:0 [NetMuon1]:450997 [NetMuon2]:451054 [NetMuon3]:479769 [NetMuon4]:479769
[Run]:41889 [Site]:2 [Bin]:15749 [FullTime]:3600 [SkipTime]:0 [Veto1]:587.858 [Veto2]:605.655 [Veto3]:407.168 [Veto4]:407.168 [SgUp1]:59571 [SgUp2]:59037 [SgUp3]:0 [SgUp4]:0 [SgLow1]:59432 [SgLow2]:58937 [SgLow3]:0 [SgLow4]:0 [NetMuon1]:452124 [NetMuon2]:449138 [NetMuon3]:479200 [NetMuon4]:479200
[Run]:41889 [Site]:2 [Bin]:15750 [FullTime]:3600 [SkipTime]:0 [Veto1]:603.75 [Veto2]:611.881 [Veto3]:407.671 [Veto4]:407.671 [SgUp1]:59481 [SgUp2]:59147 [SgUp3]:0 [SgUp4]:0 [SgLow1]:59418 [SgLow2]:59043 [SgLow3]:0 [SgLow4]:0 [NetMuon1]:450017 [NetMuon2]:448954 [NetMuon3]:479519 [NetMuon4]:479519
[Run]:41889 [Site]:2 [Bin]:15751 [FullTime]:3600 [SkipTime]:0 [Veto1]:603.681 [Veto2]:608.112 [Veto3]:406.195 [Veto4]:406.195 [SgUp1]:60211 [SgUp2]:59397 [SgUp3]:0 [SgUp4]:0 [SgLow1]:60106 [SgLow2]:59284 [SgLow3]:0 [SgLow4]:0 [NetMuon1]:448576 [NetMuon2]:448108 [NetMuon3]:477956 [NetMuon4]:477956
[Run]:41889 [Site]:2 [Bin]:15752 [FullTime]:2854.16 [SkipTime]:745.841 [Veto1]:462.656 [Veto2]:473.806 [Veto3]:322.659 [Veto4]:322.659 [SgUp1]:47392 [SgUp2]:47249 [SgUp3]:0 [SgUp4]:0 [SgLow1]:47303 [SgLow2]:47161 [SgLow3]:0 [SgLow4]:0 [NetMuon1]:358983 [NetMuon2]:356708 [NetMuon3]:379595 [NetMuon4]:379595
[Run]:41889 [Site]:2 [Bin]:15753 [FullTime]:3599.99 [SkipTime]:0 [Veto1]:612.917 [Veto2]:579.53 [Veto3]:406.529 [Veto4]:406.529 [SgUp1]:59339 [SgUp2]:59928 [SgUp3]:0 [SgUp4]:0 [SgLow1]:59244 [SgLow2]:59832 [SgLow3]:0 [SgLow4]:0 [NetMuon1]:447600 [NetMuon2]:452462 [NetMuon3]:478492 [NetMuon4]:478492
[Run]:41889 [Site]:2 [Bin]:15754 [FullTime]:3600 [SkipTime]:0 [Veto1]:621.554 [Veto2]:595.055 [Veto3]:407.384 [Veto4]:407.384 [SgUp1]:59360 [SgUp2]:59444 [SgUp3]:0 [SgUp4]:0 [SgLow1]:59275 [SgLow2]:59315 [SgLow3]:0 [SgLow4]:0 [NetMuon1]:447405 [NetMuon2]:451347 [NetMuon3]:479592 [NetMuon4]:479592
[Run]:41889 [Site]:2 [Bin]:15755 [FullTime]:3600 [SkipTime]:0 [Veto1]:576.32 [Veto2]:586.175 [Veto3]:406.155 [Veto4]:406.155 [SgUp1]:60212 [SgUp2]:59714 [SgUp3]:0 [SgUp4]:0 [SgLow1]:60121 [SgLow2]:59599 [SgLow3]:0 [SgLow4]:0 [NetMuon1]:452575 [NetMuon2]:450894 [NetMuon3]:477923 [NetMuon4]:477923
[Run]:41889 [Site]:2 [Bin]:15756 [FullTime]:3600 [SkipTime]:0 [Veto1]:582.463 [Veto2]:591.935 [Veto3]:406.511 [Veto4]:406.511 [SgUp1]:60264 [SgUp2]:59215 [SgUp3]:0 [SgUp4]:0 [SgLow1]:60166 [SgLow2]:59136 [SgLow3]:0 [SgLow4]:0 [NetMuon1]:451916 [NetMuon2]:450069 [NetMuon3]:478022 [NetMuon4]:478022
[Run]:41889 [Site]:2 [Bin]:15757 [FullTime]:3600 [SkipTime]:0 [Veto1]:607.412 [Veto2]:625.685 [Veto3]:407.715 [Veto4]:407.715 [SgUp1]:59065 [SgUp2]:59331 [SgUp3]:0 [SgUp4]:0 [SgLow1]:58967 [SgLow2]:59233 [SgLow3]:0 [SgLow4]:0 [NetMuon1]:449548 [NetMuon2]:446658 [NetMuon3]:479340 [NetMuon4]:479340
[Run]:41889 [Site]:2 [Bin]:15758 [FullTime]:3600 [SkipTime]:0 [Veto1]:601.303 [Veto2]:602.406 [Veto3]:407.623 [Veto4]:407.623 [SgUp1]:59873 [SgUp2]:58870 [SgUp3]:0 [SgUp4]:0 [SgLow1]:59753 [SgLow2]:58771 [SgLow3]:0 [SgLow4]:0 [NetMuon1]:450199 [NetMuon2]:450175 [NetMuon3]:479221 [NetMuon4]:479221
[Run]:41889 [Site]:2 [Bin]:15759 [FullTime]:3600 [SkipTime]:0 [Veto1]:598.857 [Veto2]:600.378 [Veto3]:407.237 [Veto4]:407.237 [SgUp1]:59443 [SgUp2]:58483 [SgUp3]:0 [SgUp4]:0 [SgLow1]:59326 [SgLow2]:58396 [SgLow3]:0 [SgLow4]:0 [NetMuon1]:450546 [NetMuon2]:450534 [NetMuon3]:479119 [NetMuon4]:479119
[Run]:41889 [Site]:2 [Bin]:15760 [FullTime]:3600 [SkipTime]:0 [Veto1]:590.561 [Veto2]:606.342 [Veto3]:407.452 [Veto4]:407.452 [SgUp1]:58888 [SgUp2]:59206 [SgUp3]:0 [SgUp4]:0 [SgLow1]:58788 [SgLow2]:59118 [SgLow3]:0 [SgLow4]:0 [NetMuon1]:451767 [NetMuon2]:449489 [NetMuon3]:479410 [NetMuon4]:479410
[Run]:41889 [Site]:2 [Bin]:15761 [FullTime]:3600 [SkipTime]:0 [Veto1]:587.739 [Veto2]:601.94 [Veto3]:406.555 [Veto4]:406.555 [SgUp1]:58832 [SgUp2]:59702 [SgUp3]:0 [SgUp4]:0 [SgLow1]:58722 [SgLow2]:59621 [SgLow3]:0 [SgLow4]:0 [NetMuon1]:451075 [NetMuon2]:448661 [NetMuon3]:478182 [NetMuon4]:478182
[Run]:41889 [Site]:2 [Bin]:15762 [FullTime]:3600 [SkipTime]:0 [Veto1]:583.099 [Veto2]:616.676 [Veto3]:406.897 [Veto4]:406.897 [SgUp1]:59776 [SgUp2]:58645 [SgUp3]:0 [SgUp4]:0 [SgLow1]:59665 [SgLow2]:58530 [SgLow3]:0 [SgLow4]:0 [NetMuon1]:452540 [NetMuon2]:447521 [NetMuon3]:478992 [NetMuon4]:478992
[Run]:41889 [Site]:2 [Bin]:15763 [FullTime]:3600 [SkipTime]:0 [Veto1]:611.576 [Veto2]:589.989 [Veto3]:407.717 [Veto4]:407.717 [SgUp1]:58973 [SgUp2]:59441 [SgUp3]:0 [SgUp4]:0 [SgLow1]:58878 [SgLow2]:59327 [SgLow3]:0 [SgLow4]:0 [NetMuon1]:448778 [NetMuon2]:452316 [NetMuon3]:479555 [NetMuon4]:479555
[Run]:41889 [Site]:2 [Bin]:15764 [FullTime]:3600 [SkipTime]:0 [Veto1]:595.617 [Veto2]:604.877 [Veto3]:406.815 [Veto4]:406.815 [SgUp1]:59159 [SgUp2]:59103 [SgUp3]:0 [SgUp4]:0 [SgLow1]:59056 [SgLow2]:59010 [SgLow3]:0 [SgLow4]:0 [NetMuon1]:450406 [NetMuon2]:449148 [NetMuon3]:478729 [NetMuon4]:478729
[Run]:41889 [Site]:2 [Bin]:15765 [FullTime]:3600 [SkipTime]:0 [Veto1]:625.983 [Veto2]:628.137 [Veto3]:406.682 [Veto4]:406.682 [SgUp1]:58693 [SgUp2]:58611 [SgUp3]:0 [SgUp4]:0 [SgLow1]:58590 [SgLow2]:58501 [SgLow3]:0 [SgLow4]:0 [NetMuon1]:445667 [NetMuon2]:445525 [NetMuon3]:478368 [NetMuon4]:478368
[Run]:41889 [Site]:2 [Bin]:15766 [FullTime]:3600 [SkipTime]:0 [Veto1]:598.223 [Veto2]:580.395 [Veto3]:405.798 [Veto4]:405.798 [SgUp1]:59199 [SgUp2]:59511 [SgUp3]:0 [SgUp4]:0 [SgLow1]:59101 [SgLow2]:59396 [SgLow3]:0 [SgLow4]:0 [NetMuon1]:448481 [NetMuon2]:451199 [NetMuon3]:477205 [NetMuon4]:477205
[Run]:41889 [Site]:2 [Bin]:15767 [FullTime]:3600 [SkipTime]:0 [Veto1]:587.405 [Veto2]:601.884 [Veto3]:406.372 [Veto4]:406.372 [SgUp1]:59673 [SgUp2]:59076 [SgUp3]:0 [SgUp4]:0 [SgLow1]:59551 [SgLow2]:58967 [SgLow3]:0 [SgLow4]:0 [NetMuon1]:451342 [NetMuon2]:449236 [NetMuon3]:478221 [NetMuon4]:478221
End process Run: 41889 ... 
[Run]:41889 [Site]:2 [Bin]:15768 [FullTime]:3423.81 [SkipTime]:0 [Veto1]:568.773 [Veto2]:564.337 [Veto3]:386.229 [Veto4]:386.229
