StreamChain add 0x47ad7f0
Start to process run: 42164 ... 
[Run]:42164 [Site]:2 [Bin]:15939 [FullTime]:1681.73 [SkipTime]:0 [Veto1]:286.475 [Veto2]:276.582 [Veto3]:189.927 [Veto4]:189.927 [SgUp1]:27586 [SgUp2]:27645 [SgUp3]:0 [SgUp4]:0 [SgLow1]:27527 [SgLow2]:27609 [SgLow3]:0 [SgLow4]:0 [NetMuon1]:208954 [NetMuon2]:210111 [NetMuon3]:223359 [NetMuon4]:223359
[Run]:42164 [Site]:2 [Bin]:15940 [FullTime]:3600 [SkipTime]:0 [Veto1]:595.111 [Veto2]:623.206 [Veto3]:406.511 [Veto4]:406.511 [SgUp1]:59813 [SgUp2]:58557 [SgUp3]:0 [SgUp4]:0 [SgLow1]:59699 [SgLow2]:58482 [SgLow3]:0 [SgLow4]:0 [NetMuon1]:450226 [NetMuon2]:446090 [NetMuon3]:478420 [NetMuon4]:478420
[Run]:42164 [Site]:2 [Bin]:15941 [FullTime]:3600 [SkipTime]:0 [Veto1]:576.931 [Veto2]:570.176 [Veto3]:406.065 [Veto4]:406.065 [SgUp1]:59775 [SgUp2]:59776 [SgUp3]:0 [SgUp4]:0 [SgLow1]:59662 [SgLow2]:59669 [SgLow3]:0 [SgLow4]:0 [NetMuon1]:452004 [NetMuon2]:453030 [NetMuon3]:477657 [NetMuon4]:477657
[Run]:42164 [Site]:2 [Bin]:15942 [FullTime]:3600 [SkipTime]:0 [Veto1]:594.083 [Veto2]:595.158 [Veto3]:406.55 [Veto4]:406.55 [SgUp1]:59387 [SgUp2]:59238 [SgUp3]:0 [SgUp4]:0 [SgLow1]:59287 [SgLow2]:59126 [SgLow3]:0 [SgLow4]:0 [NetMuon1]:450124 [NetMuon2]:449997 [NetMuon3]:478120 [NetMuon4]:478120
[Run]:42164 [Site]:2 [Bin]:15943 [FullTime]:3600 [SkipTime]:0 [Veto1]:602.192 [Veto2]:609.528 [Veto3]:406.455 [Veto4]:406.455 [SgUp1]:58634 [SgUp2]:59676 [SgUp3]:0 [SgUp4]:0 [SgLow1]:58550 [SgLow2]:59599 [SgLow3]:0 [SgLow4]:0 [NetMuon1]:448717 [NetMuon2]:447406 [NetMuon3]:478191 [NetMuon4]:478191
[Run]:42164 [Site]:2 [Bin]:15944 [FullTime]:3600 [SkipTime]:0 [Veto1]:610.995 [Veto2]:595.676 [Veto3]:406.346 [Veto4]:406.346 [SgUp1]:58876 [SgUp2]:59626 [SgUp3]:0 [SgUp4]:0 [SgLow1]:58792 [SgLow2]:59546 [SgLow3]:0 [SgLow4]:0 [NetMuon1]:447290 [NetMuon2]:449713 [NetMuon3]:477904 [NetMuon4]:477904
[Run]:42164 [Site]:2 [Bin]:15945 [FullTime]:3600 [SkipTime]:0 [Veto1]:611.489 [Veto2]:588.186 [Veto3]:406.978 [Veto4]:406.978 [SgUp1]:59115 [SgUp2]:59849 [SgUp3]:0 [SgUp4]:0 [SgLow1]:58996 [SgLow2]:59739 [SgLow3]:0 [SgLow4]:0 [NetMuon1]:448250 [NetMuon2]:451509 [NetMuon3]:478784 [NetMuon4]:478784
[Run]:42164 [Site]:2 [Bin]:15946 [FullTime]:3600 [SkipTime]:0 [Veto1]:611.638 [Veto2]:592.254 [Veto3]:406.836 [Veto4]:406.836 [SgUp1]:58798 [SgUp2]:59600 [SgUp3]:0 [SgUp4]:0 [SgLow1]:58704 [SgLow2]:59463 [SgLow3]:0 [SgLow4]:0 [NetMuon1]:447724 [NetMuon2]:450390 [NetMuon3]:478614 [NetMuon4]:478614
[Run]:42164 [Site]:2 [Bin]:15947 [FullTime]:3600 [SkipTime]:0 [Veto1]:600.219 [Veto2]:610.762 [Veto3]:407.442 [Veto4]:407.442 [SgUp1]:59198 [SgUp2]:59137 [SgUp3]:0 [SgUp4]:0 [SgLow1]:59064 [SgLow2]:59044 [SgLow3]:0 [SgLow4]:0 [NetMuon1]:450317 [NetMuon2]:448660 [NetMuon3]:479217 [NetMuon4]:479217
[Run]:42164 [Site]:2 [Bin]:15948 [FullTime]:3600 [SkipTime]:0 [Veto1]:585.869 [Veto2]:594.826 [Veto3]:407.583 [Veto4]:407.583 [SgUp1]:59442 [SgUp2]:59857 [SgUp3]:0 [SgUp4]:0 [SgLow1]:59348 [SgLow2]:59764 [SgLow3]:0 [SgLow4]:0 [NetMuon1]:452908 [NetMuon2]:451311 [NetMuon3]:479482 [NetMuon4]:479482
[Run]:42164 [Site]:2 [Bin]:15949 [FullTime]:3600 [SkipTime]:0 [Veto1]:615.091 [Veto2]:602.509 [Veto3]:407.095 [Veto4]:407.095 [SgUp1]:58375 [SgUp2]:59798 [SgUp3]:0 [SgUp4]:0 [SgLow1]:58263 [SgLow2]:59694 [SgLow3]:0 [SgLow4]:0 [NetMuon1]:447598 [NetMuon2]:449801 [NetMuon3]:479024 [NetMuon4]:479024
[Run]:42164 [Site]:2 [Bin]:15950 [FullTime]:3600 [SkipTime]:0 [Veto1]:608.53 [Veto2]:629.528 [Veto3]:407.268 [Veto4]:407.268 [SgUp1]:58831 [SgUp2]:59127 [SgUp3]:0 [SgUp4]:0 [SgLow1]:58713 [SgLow2]:59037 [SgLow3]:0 [SgLow4]:0 [NetMuon1]:448785 [NetMuon2]:445920 [NetMuon3]:479127 [NetMuon4]:479127
[Run]:42164 [Site]:2 [Bin]:15951 [FullTime]:3600 [SkipTime]:0 [Veto1]:607.549 [Veto2]:606.096 [Veto3]:406.499 [Veto4]:406.499 [SgUp1]:58852 [SgUp2]:59008 [SgUp3]:0 [SgUp4]:0 [SgLow1]:58748 [SgLow2]:58916 [SgLow3]:0 [SgLow4]:0 [NetMuon1]:448517 [NetMuon2]:448326 [NetMuon3]:478347 [NetMuon4]:478347
[Run]:42164 [Site]:2 [Bin]:15952 [FullTime]:3600 [SkipTime]:0 [Veto1]:586.544 [Veto2]:614.262 [Veto3]:407.213 [Veto4]:407.213 [SgUp1]:59453 [SgUp2]:59550 [SgUp3]:0 [SgUp4]:0 [SgLow1]:59353 [SgLow2]:59459 [SgLow3]:0 [SgLow4]:0 [NetMuon1]:452067 [NetMuon2]:448115 [NetMuon3]:479039 [NetMuon4]:479039
[Run]:42164 [Site]:2 [Bin]:15953 [FullTime]:3600 [SkipTime]:0 [Veto1]:610.842 [Veto2]:587.897 [Veto3]:406.011 [Veto4]:406.011 [SgUp1]:58826 [SgUp2]:59409 [SgUp3]:0 [SgUp4]:0 [SgLow1]:58716 [SgLow2]:59304 [SgLow3]:0 [SgLow4]:0 [NetMuon1]:446936 [NetMuon2]:450436 [NetMuon3]:477767 [NetMuon4]:477767
[Run]:42164 [Site]:2 [Bin]:15954 [FullTime]:3600 [SkipTime]:0 [Veto1]:587.505 [Veto2]:596.044 [Veto3]:406.808 [Veto4]:406.808 [SgUp1]:59217 [SgUp2]:59676 [SgUp3]:0 [SgUp4]:0 [SgLow1]:59112 [SgLow2]:59560 [SgLow3]:0 [SgLow4]:0 [NetMuon1]:451609 [NetMuon2]:450236 [NetMuon3]:478459 [NetMuon4]:478459
[Run]:42164 [Site]:2 [Bin]:15955 [FullTime]:3600 [SkipTime]:0 [Veto1]:602.342 [Veto2]:573.932 [Veto3]:406.201 [Veto4]:406.201 [SgUp1]:59212 [SgUp2]:60393 [SgUp3]:0 [SgUp4]:0 [SgLow1]:59078 [SgLow2]:60260 [SgLow3]:0 [SgLow4]:0 [NetMuon1]:448725 [NetMuon2]:453154 [NetMuon3]:478037 [NetMuon4]:478037
End process Run: 42164 ... 
[Run]:42164 [Site]:2 [Bin]:15956 [FullTime]:2301.56 [SkipTime]:0 [Veto1]:386.399 [Veto2]:387.239 [Veto3]:259.937 [Veto4]:259.937
