StreamChain add 0x1ae57f0
Start to process run: 42260 ... 
[Run]:42260 [Site]:2 [Bin]:16034 [FullTime]:2586.11 [SkipTime]:0 [Veto1]:426.345 [Veto2]:444.057 [Veto3]:291.967 [Veto4]:291.967 [SgUp1]:42721 [SgUp2]:42334 [SgUp3]:0 [SgUp4]:0 [SgLow1]:42655 [SgLow2]:42258 [SgLow3]:0 [SgLow4]:0 [NetMuon1]:323372 [NetMuon2]:320836 [NetMuon3]:343350 [NetMuon4]:343350
[Run]:42260 [Site]:2 [Bin]:16035 [FullTime]:3600 [SkipTime]:0 [Veto1]:582.902 [Veto2]:600.638 [Veto3]:406.919 [Veto4]:406.919 [SgUp1]:59030 [SgUp2]:59220 [SgUp3]:0 [SgUp4]:0 [SgLow1]:58931 [SgLow2]:59121 [SgLow3]:0 [SgLow4]:0 [NetMuon1]:452389 [NetMuon2]:449927 [NetMuon3]:478654 [NetMuon4]:478654
[Run]:42260 [Site]:2 [Bin]:16036 [FullTime]:3600 [SkipTime]:0 [Veto1]:592.192 [Veto2]:607.215 [Veto3]:406.033 [Veto4]:406.033 [SgUp1]:59314 [SgUp2]:59182 [SgUp3]:0 [SgUp4]:0 [SgLow1]:59210 [SgLow2]:59078 [SgLow3]:0 [SgLow4]:0 [NetMuon1]:449951 [NetMuon2]:447331 [NetMuon3]:477631 [NetMuon4]:477631
[Run]:42260 [Site]:2 [Bin]:16037 [FullTime]:3600 [SkipTime]:0 [Veto1]:579.736 [Veto2]:606.36 [Veto3]:406.954 [Veto4]:406.954 [SgUp1]:59151 [SgUp2]:59143 [SgUp3]:0 [SgUp4]:0 [SgLow1]:59073 [SgLow2]:59038 [SgLow3]:0 [SgLow4]:0 [NetMuon1]:452859 [NetMuon2]:449045 [NetMuon3]:478974 [NetMuon4]:478974
[Run]:42260 [Site]:2 [Bin]:16038 [FullTime]:3600.01 [SkipTime]:0 [Veto1]:597.339 [Veto2]:584.191 [Veto3]:406.444 [Veto4]:406.444 [SgUp1]:58873 [SgUp2]:59234 [SgUp3]:0 [SgUp4]:0 [SgLow1]:58759 [SgLow2]:59114 [SgLow3]:0 [SgLow4]:0 [NetMuon1]:449293 [NetMuon2]:451257 [NetMuon3]:477964 [NetMuon4]:477964
[Run]:42260 [Site]:2 [Bin]:16039 [FullTime]:3599.99 [SkipTime]:0 [Veto1]:606.005 [Veto2]:580.119 [Veto3]:405.837 [Veto4]:405.837 [SgUp1]:58792 [SgUp2]:59423 [SgUp3]:0 [SgUp4]:0 [SgLow1]:58674 [SgLow2]:59310 [SgLow3]:0 [SgLow4]:0 [NetMuon1]:447528 [NetMuon2]:451456 [NetMuon3]:477506 [NetMuon4]:477506
[Run]:42260 [Site]:2 [Bin]:16040 [FullTime]:3600 [SkipTime]:0 [Veto1]:597.816 [Veto2]:584.595 [Veto3]:407.142 [Veto4]:407.142 [SgUp1]:58135 [SgUp2]:59466 [SgUp3]:0 [SgUp4]:0 [SgLow1]:58007 [SgLow2]:59358 [SgLow3]:0 [SgLow4]:0 [NetMuon1]:450675 [NetMuon2]:452376 [NetMuon3]:479017 [NetMuon4]:479017
[Run]:42260 [Site]:2 [Bin]:16041 [FullTime]:3600 [SkipTime]:0 [Veto1]:593.705 [Veto2]:575.415 [Veto3]:404.854 [Veto4]:404.854 [SgUp1]:58848 [SgUp2]:59696 [SgUp3]:0 [SgUp4]:0 [SgLow1]:58760 [SgLow2]:59581 [SgLow3]:0 [SgLow4]:0 [NetMuon1]:448236 [NetMuon2]:450788 [NetMuon3]:476262 [NetMuon4]:476262
[Run]:42260 [Site]:2 [Bin]:16042 [FullTime]:3600 [SkipTime]:0 [Veto1]:615.519 [Veto2]:601.555 [Veto3]:408.356 [Veto4]:408.356 [SgUp1]:58632 [SgUp2]:59368 [SgUp3]:0 [SgUp4]:0 [SgLow1]:58514 [SgLow2]:59297 [SgLow3]:0 [SgLow4]:0 [NetMuon1]:448940 [NetMuon2]:451394 [NetMuon3]:480247 [NetMuon4]:480247
[Run]:42260 [Site]:2 [Bin]:16043 [FullTime]:3600 [SkipTime]:0 [Veto1]:596.008 [Veto2]:613.26 [Veto3]:406.811 [Veto4]:406.811 [SgUp1]:59369 [SgUp2]:59160 [SgUp3]:0 [SgUp4]:0 [SgLow1]:59281 [SgLow2]:59038 [SgLow3]:0 [SgLow4]:0 [NetMuon1]:450128 [NetMuon2]:447859 [NetMuon3]:478727 [NetMuon4]:478727
[Run]:42260 [Site]:2 [Bin]:16044 [FullTime]:3600 [SkipTime]:0 [Veto1]:602.686 [Veto2]:602.027 [Veto3]:406.715 [Veto4]:406.715 [SgUp1]:59219 [SgUp2]:58585 [SgUp3]:0 [SgUp4]:0 [SgLow1]:59125 [SgLow2]:58487 [SgLow3]:0 [SgLow4]:0 [NetMuon1]:449032 [NetMuon2]:449188 [NetMuon3]:478399 [NetMuon4]:478399
[Run]:42260 [Site]:2 [Bin]:16045 [FullTime]:3600 [SkipTime]:0 [Veto1]:599.302 [Veto2]:596.907 [Veto3]:407.648 [Veto4]:407.648 [SgUp1]:58551 [SgUp2]:59037 [SgUp3]:0 [SgUp4]:0 [SgLow1]:58442 [SgLow2]:58935 [SgLow3]:0 [SgLow4]:0 [NetMuon1]:450531 [NetMuon2]:450771 [NetMuon3]:479291 [NetMuon4]:479291
[Run]:42260 [Site]:2 [Bin]:16046 [FullTime]:3600 [SkipTime]:0 [Veto1]:613.602 [Veto2]:603.592 [Veto3]:405.811 [Veto4]:405.811 [SgUp1]:58743 [SgUp2]:58795 [SgUp3]:0 [SgUp4]:0 [SgLow1]:58657 [SgLow2]:58703 [SgLow3]:0 [SgLow4]:0 [NetMuon1]:446165 [NetMuon2]:447679 [NetMuon3]:477525 [NetMuon4]:477525
[Run]:42260 [Site]:2 [Bin]:16047 [FullTime]:3600 [SkipTime]:0 [Veto1]:588.82 [Veto2]:591.325 [Veto3]:406.425 [Veto4]:406.425 [SgUp1]:59177 [SgUp2]:59306 [SgUp3]:0 [SgUp4]:0 [SgLow1]:59080 [SgLow2]:59177 [SgLow3]:0 [SgLow4]:0 [NetMuon1]:450998 [NetMuon2]:450486 [NetMuon3]:478213 [NetMuon4]:478213
[Run]:42260 [Site]:2 [Bin]:16048 [FullTime]:3600 [SkipTime]:0 [Veto1]:596.219 [Veto2]:607.67 [Veto3]:406.921 [Veto4]:406.921 [SgUp1]:58836 [SgUp2]:58555 [SgUp3]:0 [SgUp4]:0 [SgLow1]:58749 [SgLow2]:58460 [SgLow3]:0 [SgLow4]:0 [NetMuon1]:450436 [NetMuon2]:448627 [NetMuon3]:478748 [NetMuon4]:478748
[Run]:42260 [Site]:2 [Bin]:16049 [FullTime]:3600 [SkipTime]:0 [Veto1]:586.434 [Veto2]:596.363 [Veto3]:407.3 [Veto4]:407.3 [SgUp1]:59411 [SgUp2]:58966 [SgUp3]:0 [SgUp4]:0 [SgLow1]:59318 [SgLow2]:58849 [SgLow3]:0 [SgLow4]:0 [NetMuon1]:452324 [NetMuon2]:450708 [NetMuon3]:479042 [NetMuon4]:479042
[Run]:42260 [Site]:2 [Bin]:16050 [FullTime]:3600 [SkipTime]:0 [Veto1]:588.9 [Veto2]:598.075 [Veto3]:406.704 [Veto4]:406.704 [SgUp1]:58870 [SgUp2]:58915 [SgUp3]:0 [SgUp4]:0 [SgLow1]:58761 [SgLow2]:58808 [SgLow3]:0 [SgLow4]:0 [NetMuon1]:451228 [NetMuon2]:449484 [NetMuon3]:478378 [NetMuon4]:478378
[Run]:42260 [Site]:2 [Bin]:16051 [FullTime]:3600 [SkipTime]:0 [Veto1]:603.594 [Veto2]:603.724 [Veto3]:407.815 [Veto4]:407.815 [SgUp1]:58695 [SgUp2]:59108 [SgUp3]:0 [SgUp4]:0 [SgLow1]:58607 [SgLow2]:58979 [SgLow3]:0 [SgLow4]:0 [NetMuon1]:450447 [NetMuon2]:450530 [NetMuon3]:479840 [NetMuon4]:479840
[Run]:42260 [Site]:2 [Bin]:16052 [FullTime]:3600 [SkipTime]:0 [Veto1]:578.459 [Veto2]:626.215 [Veto3]:407.034 [Veto4]:407.034 [SgUp1]:58929 [SgUp2]:58573 [SgUp3]:0 [SgUp4]:0 [SgLow1]:58824 [SgLow2]:58465 [SgLow3]:0 [SgLow4]:0 [NetMuon1]:453165 [NetMuon2]:446011 [NetMuon3]:478983 [NetMuon4]:478983
[Run]:42260 [Site]:2 [Bin]:16053 [FullTime]:3600 [SkipTime]:0 [Veto1]:612.916 [Veto2]:607.986 [Veto3]:407.183 [Veto4]:407.183 [SgUp1]:58864 [SgUp2]:59241 [SgUp3]:0 [SgUp4]:0 [SgLow1]:58776 [SgLow2]:59139 [SgLow3]:0 [SgLow4]:0 [NetMuon1]:448069 [NetMuon2]:448885 [NetMuon3]:478986 [NetMuon4]:478986
[Run]:42260 [Site]:2 [Bin]:16054 [FullTime]:3600 [SkipTime]:0 [Veto1]:617.644 [Veto2]:593.652 [Veto3]:406.817 [Veto4]:406.817 [SgUp1]:59066 [SgUp2]:59061 [SgUp3]:0 [SgUp4]:0 [SgLow1]:58952 [SgLow2]:58983 [SgLow3]:0 [SgLow4]:0 [NetMuon1]:447034 [NetMuon2]:450650 [NetMuon3]:478642 [NetMuon4]:478642
[Run]:42260 [Site]:2 [Bin]:16055 [FullTime]:3600 [SkipTime]:0 [Veto1]:610.058 [Veto2]:609.134 [Veto3]:406.603 [Veto4]:406.603 [SgUp1]:58985 [SgUp2]:59284 [SgUp3]:0 [SgUp4]:0 [SgLow1]:58866 [SgLow2]:59192 [SgLow3]:0 [SgLow4]:0 [NetMuon1]:448130 [NetMuon2]:448029 [NetMuon3]:478272 [NetMuon4]:478272
[Run]:42260 [Site]:2 [Bin]:16056 [FullTime]:3600 [SkipTime]:0 [Veto1]:603.725 [Veto2]:575.527 [Veto3]:407.048 [Veto4]:407.048 [SgUp1]:58995 [SgUp2]:59978 [SgUp3]:0 [SgUp4]:0 [SgLow1]:58880 [SgLow2]:59864 [SgLow3]:0 [SgLow4]:0 [NetMuon1]:449440 [NetMuon2]:453493 [NetMuon3]:478851 [NetMuon4]:478851
End process Run: 42260 ... 
[Run]:42260 [Site]:2 [Bin]:16057 [FullTime]:804.743 [SkipTime]:0 [Veto1]:128.707 [Veto2]:131.336 [Veto3]:90.8077 [Veto4]:90.8077
