StreamChain add 0x7a507f0
Start to process run: 42172 ... 
[Run]:42172 [Site]:2 [Bin]:15957 [FullTime]:1434.86 [SkipTime]:0 [Veto1]:250.427 [Veto2]:233.729 [Veto3]:161.914 [Veto4]:161.914 [SgUp1]:23203 [SgUp2]:23680 [SgUp3]:0 [SgUp4]:0 [SgLow1]:23164 [SgLow2]:23638 [SgLow3]:0 [SgLow4]:0 [NetMuon1]:177121 [NetMuon2]:179926 [NetMuon3]:190466 [NetMuon4]:190466
[Run]:42172 [Site]:2 [Bin]:15958 [FullTime]:3600 [SkipTime]:0 [Veto1]:613.586 [Veto2]:584.347 [Veto3]:405.908 [Veto4]:405.908 [SgUp1]:58675 [SgUp2]:59970 [SgUp3]:0 [SgUp4]:0 [SgLow1]:58572 [SgLow2]:59887 [SgLow3]:0 [SgLow4]:0 [NetMuon1]:446390 [NetMuon2]:451051 [NetMuon3]:477729 [NetMuon4]:477729
[Run]:42172 [Site]:2 [Bin]:15959 [FullTime]:3600 [SkipTime]:0 [Veto1]:590.313 [Veto2]:593.707 [Veto3]:406.32 [Veto4]:406.32 [SgUp1]:58863 [SgUp2]:59762 [SgUp3]:0 [SgUp4]:0 [SgLow1]:58747 [SgLow2]:59682 [SgLow3]:0 [SgLow4]:0 [NetMuon1]:450702 [NetMuon2]:450020 [NetMuon3]:477998 [NetMuon4]:477998
[Run]:42172 [Site]:2 [Bin]:15960 [FullTime]:3600 [SkipTime]:0 [Veto1]:592.394 [Veto2]:601.231 [Veto3]:406.662 [Veto4]:406.662 [SgUp1]:58727 [SgUp2]:59427 [SgUp3]:0 [SgUp4]:0 [SgLow1]:58602 [SgLow2]:59313 [SgLow3]:0 [SgLow4]:0 [NetMuon1]:450562 [NetMuon2]:449543 [NetMuon3]:478446 [NetMuon4]:478446
[Run]:42172 [Site]:2 [Bin]:15961 [FullTime]:3600 [SkipTime]:0 [Veto1]:593.149 [Veto2]:591.795 [Veto3]:405.856 [Veto4]:405.856 [SgUp1]:59163 [SgUp2]:60023 [SgUp3]:0 [SgUp4]:0 [SgLow1]:59066 [SgLow2]:59914 [SgLow3]:0 [SgLow4]:0 [NetMuon1]:449199 [NetMuon2]:449537 [NetMuon3]:477363 [NetMuon4]:477363
[Run]:42172 [Site]:2 [Bin]:15962 [FullTime]:3600 [SkipTime]:0 [Veto1]:582.437 [Veto2]:613.007 [Veto3]:406.263 [Veto4]:406.263 [SgUp1]:58803 [SgUp2]:59532 [SgUp3]:0 [SgUp4]:0 [SgLow1]:58686 [SgLow2]:59397 [SgLow3]:0 [SgLow4]:0 [NetMuon1]:451396 [NetMuon2]:446685 [NetMuon3]:477843 [NetMuon4]:477843
[Run]:42172 [Site]:2 [Bin]:15963 [FullTime]:3600 [SkipTime]:0 [Veto1]:589.79 [Veto2]:592.704 [Veto3]:406.953 [Veto4]:406.953 [SgUp1]:58746 [SgUp2]:59990 [SgUp3]:0 [SgUp4]:0 [SgLow1]:58640 [SgLow2]:59887 [SgLow3]:0 [SgLow4]:0 [NetMuon1]:451307 [NetMuon2]:450821 [NetMuon3]:478622 [NetMuon4]:478622
[Run]:42172 [Site]:2 [Bin]:15964 [FullTime]:3600 [SkipTime]:0 [Veto1]:591.328 [Veto2]:596.941 [Veto3]:406.128 [Veto4]:406.128 [SgUp1]:58721 [SgUp2]:60125 [SgUp3]:0 [SgUp4]:0 [SgLow1]:58608 [SgLow2]:60039 [SgLow3]:0 [SgLow4]:0 [NetMuon1]:450168 [NetMuon2]:449245 [NetMuon3]:477721 [NetMuon4]:477721
[Run]:42172 [Site]:2 [Bin]:15965 [FullTime]:3600.01 [SkipTime]:0 [Veto1]:596.734 [Veto2]:588.277 [Veto3]:405.997 [Veto4]:405.997 [SgUp1]:58807 [SgUp2]:59586 [SgUp3]:0 [SgUp4]:0 [SgLow1]:58715 [SgLow2]:59481 [SgLow3]:0 [SgLow4]:0 [NetMuon1]:449026 [NetMuon2]:450265 [NetMuon3]:477471 [NetMuon4]:477471
[Run]:42172 [Site]:2 [Bin]:15966 [FullTime]:3599.99 [SkipTime]:0 [Veto1]:578.087 [Veto2]:593.967 [Veto3]:406.393 [Veto4]:406.393 [SgUp1]:59419 [SgUp2]:60119 [SgUp3]:0 [SgUp4]:0 [SgLow1]:59297 [SgLow2]:60007 [SgLow3]:0 [SgLow4]:0 [NetMuon1]:452650 [NetMuon2]:450345 [NetMuon3]:478406 [NetMuon4]:478406
[Run]:42172 [Site]:2 [Bin]:15967 [FullTime]:3600 [SkipTime]:0 [Veto1]:603.992 [Veto2]:600.773 [Veto3]:406.252 [Veto4]:406.252 [SgUp1]:59250 [SgUp2]:59590 [SgUp3]:0 [SgUp4]:0 [SgLow1]:59159 [SgLow2]:59496 [SgLow3]:0 [SgLow4]:0 [NetMuon1]:448052 [NetMuon2]:448729 [NetMuon3]:477705 [NetMuon4]:477705
[Run]:42172 [Site]:2 [Bin]:15968 [FullTime]:3600 [SkipTime]:0 [Veto1]:588.619 [Veto2]:611.322 [Veto3]:406.876 [Veto4]:406.876 [SgUp1]:59408 [SgUp2]:59389 [SgUp3]:0 [SgUp4]:0 [SgLow1]:59288 [SgLow2]:59275 [SgLow3]:0 [SgLow4]:0 [NetMuon1]:451205 [NetMuon2]:447918 [NetMuon3]:478481 [NetMuon4]:478481
[Run]:42172 [Site]:2 [Bin]:15969 [FullTime]:3600 [SkipTime]:0 [Veto1]:612.42 [Veto2]:586.213 [Veto3]:407.047 [Veto4]:407.047 [SgUp1]:58644 [SgUp2]:59581 [SgUp3]:0 [SgUp4]:0 [SgLow1]:58524 [SgLow2]:59450 [SgLow3]:0 [SgLow4]:0 [NetMuon1]:448013 [NetMuon2]:452009 [NetMuon3]:478994 [NetMuon4]:478994
[Run]:42172 [Site]:2 [Bin]:15970 [FullTime]:3600 [SkipTime]:0 [Veto1]:601.025 [Veto2]:604.452 [Veto3]:407.502 [Veto4]:407.502 [SgUp1]:59110 [SgUp2]:59024 [SgUp3]:0 [SgUp4]:0 [SgLow1]:58994 [SgLow2]:58927 [SgLow3]:0 [SgLow4]:0 [NetMuon1]:449973 [NetMuon2]:449639 [NetMuon3]:479407 [NetMuon4]:479407
[Run]:42172 [Site]:2 [Bin]:15971 [FullTime]:3600 [SkipTime]:0 [Veto1]:603.324 [Veto2]:592.683 [Veto3]:407.26 [Veto4]:407.26 [SgUp1]:59577 [SgUp2]:59542 [SgUp3]:0 [SgUp4]:0 [SgLow1]:59449 [SgLow2]:59458 [SgLow3]:0 [SgLow4]:0 [NetMuon1]:449550 [NetMuon2]:451227 [NetMuon3]:479179 [NetMuon4]:479179
[Run]:42172 [Site]:2 [Bin]:15972 [FullTime]:3600 [SkipTime]:0 [Veto1]:598.412 [Veto2]:595.862 [Veto3]:406.331 [Veto4]:406.331 [SgUp1]:58814 [SgUp2]:59176 [SgUp3]:0 [SgUp4]:0 [SgLow1]:58720 [SgLow2]:59071 [SgLow3]:0 [SgLow4]:0 [NetMuon1]:449286 [NetMuon2]:449960 [NetMuon3]:478284 [NetMuon4]:478284
[Run]:42172 [Site]:2 [Bin]:15973 [FullTime]:3600 [SkipTime]:0 [Veto1]:580.546 [Veto2]:574.899 [Veto3]:406.246 [Veto4]:406.246 [SgUp1]:59049 [SgUp2]:59836 [SgUp3]:0 [SgUp4]:0 [SgLow1]:58947 [SgLow2]:59738 [SgLow3]:0 [SgLow4]:0 [NetMuon1]:452174 [NetMuon2]:452726 [NetMuon3]:478042 [NetMuon4]:478042
[Run]:42172 [Site]:2 [Bin]:15974 [FullTime]:3600 [SkipTime]:0 [Veto1]:599.447 [Veto2]:591.627 [Veto3]:406.663 [Veto4]:406.663 [SgUp1]:58482 [SgUp2]:59903 [SgUp3]:0 [SgUp4]:0 [SgLow1]:58368 [SgLow2]:59824 [SgLow3]:0 [SgLow4]:0 [NetMuon1]:449421 [NetMuon2]:450774 [NetMuon3]:478529 [NetMuon4]:478529
[Run]:42172 [Site]:2 [Bin]:15975 [FullTime]:3600 [SkipTime]:0 [Veto1]:581.365 [Veto2]:591.516 [Veto3]:406.258 [Veto4]:406.258 [SgUp1]:59710 [SgUp2]:59645 [SgUp3]:0 [SgUp4]:0 [SgLow1]:59612 [SgLow2]:59574 [SgLow3]:0 [SgLow4]:0 [NetMuon1]:451704 [NetMuon2]:450121 [NetMuon3]:477990 [NetMuon4]:477990
[Run]:42172 [Site]:2 [Bin]:15976 [FullTime]:3600 [SkipTime]:0 [Veto1]:606.956 [Veto2]:582.446 [Veto3]:405.546 [Veto4]:405.546 [SgUp1]:58521 [SgUp2]:59982 [SgUp3]:0 [SgUp4]:0 [SgLow1]:58425 [SgLow2]:59877 [SgLow3]:0 [SgLow4]:0 [NetMuon1]:447487 [NetMuon2]:450739 [NetMuon3]:477367 [NetMuon4]:477367
[Run]:42172 [Site]:2 [Bin]:15977 [FullTime]:3600 [SkipTime]:0 [Veto1]:593.611 [Veto2]:612.558 [Veto3]:406.088 [Veto4]:406.088 [SgUp1]:58874 [SgUp2]:59186 [SgUp3]:0 [SgUp4]:0 [SgLow1]:58771 [SgLow2]:59109 [SgLow3]:0 [SgLow4]:0 [NetMuon1]:449911 [NetMuon2]:447134 [NetMuon3]:478112 [NetMuon4]:478112
[Run]:42172 [Site]:2 [Bin]:15978 [FullTime]:3600 [SkipTime]:0 [Veto1]:593.885 [Veto2]:591.862 [Veto3]:406.721 [Veto4]:406.721 [SgUp1]:59363 [SgUp2]:59083 [SgUp3]:0 [SgUp4]:0 [SgLow1]:59255 [SgLow2]:58972 [SgLow3]:0 [SgLow4]:0 [NetMuon1]:450686 [NetMuon2]:450712 [NetMuon3]:478471 [NetMuon4]:478471
[Run]:42172 [Site]:2 [Bin]:15979 [FullTime]:3600 [SkipTime]:0 [Veto1]:596.436 [Veto2]:582.844 [Veto3]:405.935 [Veto4]:405.935 [SgUp1]:58770 [SgUp2]:59797 [SgUp3]:0 [SgUp4]:0 [SgLow1]:58650 [SgLow2]:59694 [SgLow3]:0 [SgLow4]:0 [NetMuon1]:448944 [NetMuon2]:451147 [NetMuon3]:477668 [NetMuon4]:477668
[Run]:42172 [Site]:2 [Bin]:15980 [FullTime]:3600 [SkipTime]:0 [Veto1]:605.148 [Veto2]:593.468 [Veto3]:406.368 [Veto4]:406.368 [SgUp1]:58588 [SgUp2]:59231 [SgUp3]:0 [SgUp4]:0 [SgLow1]:58481 [SgLow2]:59130 [SgLow3]:0 [SgLow4]:0 [NetMuon1]:448338 [NetMuon2]:450130 [NetMuon3]:477874 [NetMuon4]:477874
[Run]:42172 [Site]:2 [Bin]:15981 [FullTime]:3600 [SkipTime]:0 [Veto1]:599.417 [Veto2]:578.55 [Veto3]:406.032 [Veto4]:406.032 [SgUp1]:59476 [SgUp2]:59573 [SgUp3]:0 [SgUp4]:0 [SgLow1]:59390 [SgLow2]:59490 [SgLow3]:0 [SgLow4]:0 [NetMuon1]:449009 [NetMuon2]:452027 [NetMuon3]:477724 [NetMuon4]:477724
[Run]:42172 [Site]:2 [Bin]:15982 [FullTime]:3600 [SkipTime]:0 [Veto1]:596.885 [Veto2]:607.87 [Veto3]:405.63 [Veto4]:405.63 [SgUp1]:59157 [SgUp2]:59301 [SgUp3]:0 [SgUp4]:0 [SgLow1]:59043 [SgLow2]:59203 [SgLow3]:0 [SgLow4]:0 [NetMuon1]:448635 [NetMuon2]:447012 [NetMuon3]:477382 [NetMuon4]:477382
[Run]:42172 [Site]:2 [Bin]:15983 [FullTime]:3600 [SkipTime]:0 [Veto1]:590.63 [Veto2]:599.747 [Veto3]:405.444 [Veto4]:405.444 [SgUp1]:58913 [SgUp2]:59422 [SgUp3]:0 [SgUp4]:0 [SgLow1]:58816 [SgLow2]:59294 [SgLow3]:0 [SgLow4]:0 [NetMuon1]:449594 [NetMuon2]:447802 [NetMuon3]:476989 [NetMuon4]:476989
[Run]:42172 [Site]:2 [Bin]:15984 [FullTime]:3600 [SkipTime]:0 [Veto1]:604.796 [Veto2]:595.103 [Veto3]:405.911 [Veto4]:405.911 [SgUp1]:59034 [SgUp2]:59576 [SgUp3]:0 [SgUp4]:0 [SgLow1]:58919 [SgLow2]:59464 [SgLow3]:0 [SgLow4]:0 [NetMuon1]:447928 [NetMuon2]:449484 [NetMuon3]:477571 [NetMuon4]:477571
[Run]:42172 [Site]:2 [Bin]:15985 [FullTime]:3600 [SkipTime]:0 [Veto1]:589.968 [Veto2]:611.858 [Veto3]:405.864 [Veto4]:405.864 [SgUp1]:59600 [SgUp2]:59521 [SgUp3]:0 [SgUp4]:0 [SgLow1]:59479 [SgLow2]:59401 [SgLow3]:0 [SgLow4]:0 [NetMuon1]:450318 [NetMuon2]:446921 [NetMuon3]:477596 [NetMuon4]:477596
[Run]:42172 [Site]:2 [Bin]:15986 [FullTime]:3600 [SkipTime]:0 [Veto1]:591.368 [Veto2]:610.943 [Veto3]:406.171 [Veto4]:406.171 [SgUp1]:58966 [SgUp2]:58708 [SgUp3]:0 [SgUp4]:0 [SgLow1]:58839 [SgLow2]:58603 [SgLow3]:0 [SgLow4]:0 [NetMuon1]:450395 [NetMuon2]:447264 [NetMuon3]:477974 [NetMuon4]:477974
[Run]:42172 [Site]:2 [Bin]:15987 [FullTime]:3600 [SkipTime]:0 [Veto1]:587.431 [Veto2]:585.023 [Veto3]:405.493 [Veto4]:405.493 [SgUp1]:59402 [SgUp2]:59544 [SgUp3]:0 [SgUp4]:0 [SgLow1]:59281 [SgLow2]:59451 [SgLow3]:0 [SgLow4]:0 [NetMuon1]:449897 [NetMuon2]:449965 [NetMuon3]:477079 [NetMuon4]:477079
[Run]:42172 [Site]:2 [Bin]:15988 [FullTime]:3600.01 [SkipTime]:0 [Veto1]:606.477 [Veto2]:612.16 [Veto3]:406.817 [Veto4]:406.817 [SgUp1]:58476 [SgUp2]:58611 [SgUp3]:0 [SgUp4]:0 [SgLow1]:58368 [SgLow2]:58516 [SgLow3]:0 [SgLow4]:0 [NetMuon1]:448612 [NetMuon2]:448204 [NetMuon3]:478660 [NetMuon4]:478660
[Run]:42172 [Site]:2 [Bin]:15989 [FullTime]:3599.99 [SkipTime]:0 [Veto1]:598.636 [Veto2]:591.464 [Veto3]:406.897 [Veto4]:406.897 [SgUp1]:58808 [SgUp2]:59167 [SgUp3]:0 [SgUp4]:0 [SgLow1]:58726 [SgLow2]:59053 [SgLow3]:0 [SgLow4]:0 [NetMuon1]:449901 [NetMuon2]:451174 [NetMuon3]:478846 [NetMuon4]:478846
[Run]:42172 [Site]:2 [Bin]:15990 [FullTime]:3600 [SkipTime]:0 [Veto1]:576.874 [Veto2]:599.858 [Veto3]:406.518 [Veto4]:406.518 [SgUp1]:59081 [SgUp2]:58845 [SgUp3]:0 [SgUp4]:0 [SgLow1]:58994 [SgLow2]:58766 [SgLow3]:0 [SgLow4]:0 [NetMuon1]:452880 [NetMuon2]:449340 [NetMuon3]:478358 [NetMuon4]:478358
[Run]:42172 [Site]:2 [Bin]:15991 [FullTime]:3600 [SkipTime]:0 [Veto1]:598.463 [Veto2]:585.609 [Veto3]:406.1 [Veto4]:406.1 [SgUp1]:58892 [SgUp2]:59559 [SgUp3]:0 [SgUp4]:0 [SgLow1]:58801 [SgLow2]:59448 [SgLow3]:0 [SgLow4]:0 [NetMuon1]:449276 [NetMuon2]:451221 [NetMuon3]:478045 [NetMuon4]:478045
[Run]:42172 [Site]:2 [Bin]:15992 [FullTime]:3600 [SkipTime]:0 [Veto1]:608.093 [Veto2]:588.294 [Veto3]:404.622 [Veto4]:404.622 [SgUp1]:58691 [SgUp2]:59445 [SgUp3]:0 [SgUp4]:0 [SgLow1]:58601 [SgLow2]:59353 [SgLow3]:0 [SgLow4]:0 [NetMuon1]:446063 [NetMuon2]:448628 [NetMuon3]:476241 [NetMuon4]:476241
[Run]:42172 [Site]:2 [Bin]:15993 [FullTime]:3600 [SkipTime]:0 [Veto1]:616.406 [Veto2]:592.535 [Veto3]:405.846 [Veto4]:405.846 [SgUp1]:58404 [SgUp2]:59455 [SgUp3]:0 [SgUp4]:0 [SgLow1]:58316 [SgLow2]:59331 [SgLow3]:0 [SgLow4]:0 [NetMuon1]:446281 [NetMuon2]:449747 [NetMuon3]:477601 [NetMuon4]:477601
[Run]:42172 [Site]:2 [Bin]:15994 [FullTime]:3600 [SkipTime]:0 [Veto1]:580.138 [Veto2]:612.243 [Veto3]:405.25 [Veto4]:405.25 [SgUp1]:60117 [SgUp2]:58709 [SgUp3]:0 [SgUp4]:0 [SgLow1]:60006 [SgLow2]:58629 [SgLow3]:0 [SgLow4]:0 [NetMuon1]:450965 [NetMuon2]:445908 [NetMuon3]:476869 [NetMuon4]:476869
[Run]:42172 [Site]:2 [Bin]:15995 [FullTime]:3600 [SkipTime]:0 [Veto1]:609.712 [Veto2]:609.318 [Veto3]:406.93 [Veto4]:406.93 [SgUp1]:58970 [SgUp2]:59011 [SgUp3]:0 [SgUp4]:0 [SgLow1]:58859 [SgLow2]:58892 [SgLow3]:0 [SgLow4]:0 [NetMuon1]:448356 [NetMuon2]:448255 [NetMuon3]:478760 [NetMuon4]:478760
[Run]:42172 [Site]:2 [Bin]:15996 [FullTime]:3600 [SkipTime]:0 [Veto1]:601.726 [Veto2]:617.104 [Veto3]:405.79 [Veto4]:405.79 [SgUp1]:59052 [SgUp2]:58619 [SgUp3]:0 [SgUp4]:0 [SgLow1]:58966 [SgLow2]:58552 [SgLow3]:0 [SgLow4]:0 [NetMuon1]:448380 [NetMuon2]:445837 [NetMuon3]:477385 [NetMuon4]:477385
[Run]:42172 [Site]:2 [Bin]:15997 [FullTime]:3600 [SkipTime]:0 [Veto1]:606.377 [Veto2]:610.524 [Veto3]:406.564 [Veto4]:406.564 [SgUp1]:58842 [SgUp2]:58576 [SgUp3]:0 [SgUp4]:0 [SgLow1]:58761 [SgLow2]:58477 [SgLow3]:0 [SgLow4]:0 [NetMuon1]:448448 [NetMuon2]:448005 [NetMuon3]:478388 [NetMuon4]:478388
[Run]:42172 [Site]:2 [Bin]:15998 [FullTime]:3600 [SkipTime]:0 [Veto1]:597.904 [Veto2]:602.154 [Veto3]:407.294 [Veto4]:407.294 [SgUp1]:59160 [SgUp2]:58696 [SgUp3]:0 [SgUp4]:0 [SgLow1]:59060 [SgLow2]:58583 [SgLow3]:0 [SgLow4]:0 [NetMuon1]:450538 [NetMuon2]:449910 [NetMuon3]:479113 [NetMuon4]:479113
[Run]:42172 [Site]:2 [Bin]:15999 [FullTime]:3600 [SkipTime]:0 [Veto1]:614.966 [Veto2]:603.385 [Veto3]:407.322 [Veto4]:407.322 [SgUp1]:58657 [SgUp2]:59020 [SgUp3]:0 [SgUp4]:0 [SgLow1]:58554 [SgLow2]:58920 [SgLow3]:0 [SgLow4]:0 [NetMuon1]:447925 [NetMuon2]:449979 [NetMuon3]:479154 [NetMuon4]:479154
[Run]:42172 [Site]:2 [Bin]:16000 [FullTime]:3600 [SkipTime]:0 [Veto1]:605.112 [Veto2]:587.999 [Veto3]:408.167 [Veto4]:408.167 [SgUp1]:59473 [SgUp2]:59485 [SgUp3]:0 [SgUp4]:0 [SgLow1]:59366 [SgLow2]:59382 [SgLow3]:0 [SgLow4]:0 [NetMuon1]:450503 [NetMuon2]:453123 [NetMuon3]:480148 [NetMuon4]:480148
[Run]:42172 [Site]:2 [Bin]:16001 [FullTime]:3600 [SkipTime]:0 [Veto1]:576.636 [Veto2]:592.423 [Veto3]:406.516 [Veto4]:406.516 [SgUp1]:59473 [SgUp2]:59148 [SgUp3]:0 [SgUp4]:0 [SgLow1]:59382 [SgLow2]:59036 [SgLow3]:0 [SgLow4]:0 [NetMuon1]:453191 [NetMuon2]:450423 [NetMuon3]:478452 [NetMuon4]:478452
[Run]:42172 [Site]:2 [Bin]:16002 [FullTime]:3600 [SkipTime]:0 [Veto1]:625.336 [Veto2]:609.61 [Veto3]:407.221 [Veto4]:407.221 [SgUp1]:58887 [SgUp2]:58729 [SgUp3]:0 [SgUp4]:0 [SgLow1]:58790 [SgLow2]:58639 [SgLow3]:0 [SgLow4]:0 [NetMuon1]:446064 [NetMuon2]:448378 [NetMuon3]:478868 [NetMuon4]:478868
[Run]:42172 [Site]:2 [Bin]:16003 [FullTime]:3600 [SkipTime]:0 [Veto1]:582.169 [Veto2]:613.644 [Veto3]:407.424 [Veto4]:407.424 [SgUp1]:59300 [SgUp2]:59047 [SgUp3]:0 [SgUp4]:0 [SgLow1]:59173 [SgLow2]:58960 [SgLow3]:0 [SgLow4]:0 [NetMuon1]:453051 [NetMuon2]:448725 [NetMuon3]:479274 [NetMuon4]:479274
[Run]:42172 [Site]:2 [Bin]:16004 [FullTime]:3600 [SkipTime]:0 [Veto1]:601.023 [Veto2]:597.062 [Veto3]:406.763 [Veto4]:406.763 [SgUp1]:58952 [SgUp2]:59355 [SgUp3]:0 [SgUp4]:0 [SgLow1]:58856 [SgLow2]:59259 [SgLow3]:0 [SgLow4]:0 [NetMuon1]:449348 [NetMuon2]:450171 [NetMuon3]:478621 [NetMuon4]:478621
[Run]:42172 [Site]:2 [Bin]:16005 [FullTime]:3600 [SkipTime]:0 [Veto1]:584.712 [Veto2]:598.212 [Veto3]:407.353 [Veto4]:407.353 [SgUp1]:59558 [SgUp2]:59229 [SgUp3]:0 [SgUp4]:0 [SgLow1]:59455 [SgLow2]:59141 [SgLow3]:0 [SgLow4]:0 [NetMuon1]:452557 [NetMuon2]:450692 [NetMuon3]:479291 [NetMuon4]:479291
[Run]:42172 [Site]:2 [Bin]:16006 [FullTime]:3600 [SkipTime]:0 [Veto1]:593.443 [Veto2]:602.046 [Veto3]:406.839 [Veto4]:406.839 [SgUp1]:59479 [SgUp2]:59225 [SgUp3]:0 [SgUp4]:0 [SgLow1]:59364 [SgLow2]:59114 [SgLow3]:0 [SgLow4]:0 [NetMuon1]:451196 [NetMuon2]:449536 [NetMuon3]:478988 [NetMuon4]:478988
[Run]:42172 [Site]:2 [Bin]:16007 [FullTime]:3600 [SkipTime]:0 [Veto1]:583.575 [Veto2]:615.392 [Veto3]:406.366 [Veto4]:406.366 [SgUp1]:59582 [SgUp2]:58921 [SgUp3]:0 [SgUp4]:0 [SgLow1]:59480 [SgLow2]:58829 [SgLow3]:0 [SgLow4]:0 [NetMuon1]:451423 [NetMuon2]:446536 [NetMuon3]:478010 [NetMuon4]:478010
[Run]:42172 [Site]:2 [Bin]:16008 [FullTime]:3600 [SkipTime]:0 [Veto1]:596.972 [Veto2]:599.097 [Veto3]:406.756 [Veto4]:406.756 [SgUp1]:59173 [SgUp2]:58964 [SgUp3]:0 [SgUp4]:0 [SgLow1]:59068 [SgLow2]:58858 [SgLow3]:0 [SgLow4]:0 [NetMuon1]:449896 [NetMuon2]:449697 [NetMuon3]:478668 [NetMuon4]:478668
[Run]:42172 [Site]:2 [Bin]:16009 [FullTime]:3600 [SkipTime]:0 [Veto1]:591.916 [Veto2]:596.303 [Veto3]:406.731 [Veto4]:406.731 [SgUp1]:59199 [SgUp2]:59058 [SgUp3]:0 [SgUp4]:0 [SgLow1]:59097 [SgLow2]:58953 [SgLow3]:0 [SgLow4]:0 [NetMuon1]:451062 [NetMuon2]:450078 [NetMuon3]:478691 [NetMuon4]:478691
End process Run: 42172 ... 
[Run]:42172 [Site]:2 [Bin]:16010 [FullTime]:1365.03 [SkipTime]:0 [Veto1]:226.879 [Veto2]:223.869 [Veto3]:154.568 [Veto4]:154.568
