StreamChain add 0x1d4ba7f0
Start to process run: 42061 ... 
[Run]:42061 [Site]:2 [Bin]:15841 [FullTime]:2607.1 [SkipTime]:0 [Veto1]:442.732 [Veto2]:444.79 [Veto3]:294.149 [Veto4]:294.149 [SgUp1]:42789 [SgUp2]:42383 [SgUp3]:0 [SgUp4]:0 [SgLow1]:42721 [SgLow2]:42316 [SgLow3]:0 [SgLow4]:0 [NetMuon1]:323784 [NetMuon2]:323635 [NetMuon3]:346122 [NetMuon4]:346122
[Run]:42061 [Site]:2 [Bin]:15842 [FullTime]:3600 [SkipTime]:0 [Veto1]:603.983 [Veto2]:577.946 [Veto3]:406.695 [Veto4]:406.695 [SgUp1]:59080 [SgUp2]:59753 [SgUp3]:0 [SgUp4]:0 [SgLow1]:58974 [SgLow2]:59650 [SgLow3]:0 [SgLow4]:0 [NetMuon1]:449356 [NetMuon2]:453101 [NetMuon3]:478635 [NetMuon4]:478635
[Run]:42061 [Site]:2 [Bin]:15843 [FullTime]:3600 [SkipTime]:0 [Veto1]:605.721 [Veto2]:609.229 [Veto3]:407.312 [Veto4]:407.312 [SgUp1]:59278 [SgUp2]:59084 [SgUp3]:0 [SgUp4]:0 [SgLow1]:59192 [SgLow2]:58956 [SgLow3]:0 [SgLow4]:0 [NetMuon1]:449252 [NetMuon2]:448749 [NetMuon3]:478990 [NetMuon4]:478990
[Run]:42061 [Site]:2 [Bin]:15844 [FullTime]:3600 [SkipTime]:0 [Veto1]:603.761 [Veto2]:612.805 [Veto3]:407.108 [Veto4]:407.108 [SgUp1]:59277 [SgUp2]:59259 [SgUp3]:0 [SgUp4]:0 [SgLow1]:59132 [SgLow2]:59127 [SgLow3]:0 [SgLow4]:0 [NetMuon1]:449665 [NetMuon2]:448091 [NetMuon3]:478955 [NetMuon4]:478955
[Run]:42061 [Site]:2 [Bin]:15845 [FullTime]:3600 [SkipTime]:0 [Veto1]:602.456 [Veto2]:582.672 [Veto3]:407.129 [Veto4]:407.129 [SgUp1]:59201 [SgUp2]:59589 [SgUp3]:0 [SgUp4]:0 [SgLow1]:59102 [SgLow2]:59493 [SgLow3]:0 [SgLow4]:0 [NetMuon1]:449663 [NetMuon2]:452604 [NetMuon3]:478944 [NetMuon4]:478944
[Run]:42061 [Site]:2 [Bin]:15846 [FullTime]:3600 [SkipTime]:0 [Veto1]:613.044 [Veto2]:590.074 [Veto3]:406.726 [Veto4]:406.726 [SgUp1]:59431 [SgUp2]:59642 [SgUp3]:0 [SgUp4]:0 [SgLow1]:59327 [SgLow2]:59536 [SgLow3]:0 [SgLow4]:0 [NetMuon1]:447456 [NetMuon2]:451043 [NetMuon3]:478635 [NetMuon4]:478635
[Run]:42061 [Site]:2 [Bin]:15847 [FullTime]:3600 [SkipTime]:0 [Veto1]:608.776 [Veto2]:579.118 [Veto3]:406.757 [Veto4]:406.757 [SgUp1]:59136 [SgUp2]:59521 [SgUp3]:0 [SgUp4]:0 [SgLow1]:58990 [SgLow2]:59428 [SgLow3]:0 [SgLow4]:0 [NetMuon1]:448363 [NetMuon2]:452330 [NetMuon3]:478344 [NetMuon4]:478344
[Run]:42061 [Site]:2 [Bin]:15848 [FullTime]:3600 [SkipTime]:0 [Veto1]:589.093 [Veto2]:594.784 [Veto3]:406.149 [Veto4]:406.149 [SgUp1]:59683 [SgUp2]:59186 [SgUp3]:0 [SgUp4]:0 [SgLow1]:59595 [SgLow2]:59091 [SgLow3]:0 [SgLow4]:0 [NetMuon1]:450481 [NetMuon2]:449615 [NetMuon3]:477709 [NetMuon4]:477709
[Run]:42061 [Site]:2 [Bin]:15849 [FullTime]:3600 [SkipTime]:0 [Veto1]:596.434 [Veto2]:602.112 [Veto3]:408.513 [Veto4]:408.513 [SgUp1]:59075 [SgUp2]:59102 [SgUp3]:0 [SgUp4]:0 [SgLow1]:58969 [SgLow2]:58986 [SgLow3]:0 [SgLow4]:0 [NetMuon1]:452166 [NetMuon2]:451244 [NetMuon3]:480446 [NetMuon4]:480446
[Run]:42061 [Site]:2 [Bin]:15850 [FullTime]:3600 [SkipTime]:0 [Veto1]:620.751 [Veto2]:605.461 [Veto3]:407.957 [Veto4]:407.957 [SgUp1]:58913 [SgUp2]:59168 [SgUp3]:0 [SgUp4]:0 [SgLow1]:58810 [SgLow2]:59079 [SgLow3]:0 [SgLow4]:0 [NetMuon1]:448129 [NetMuon2]:449882 [NetMuon3]:480000 [NetMuon4]:480000
[Run]:42061 [Site]:2 [Bin]:15851 [FullTime]:3600 [SkipTime]:0 [Veto1]:612.654 [Veto2]:600.186 [Veto3]:406.631 [Veto4]:406.631 [SgUp1]:59322 [SgUp2]:59072 [SgUp3]:0 [SgUp4]:0 [SgLow1]:59199 [SgLow2]:58975 [SgLow3]:0 [SgLow4]:0 [NetMuon1]:447715 [NetMuon2]:449523 [NetMuon3]:478516 [NetMuon4]:478516
[Run]:42061 [Site]:2 [Bin]:15852 [FullTime]:3600 [SkipTime]:0 [Veto1]:597.082 [Veto2]:598.419 [Veto3]:407.566 [Veto4]:407.566 [SgUp1]:59633 [SgUp2]:59171 [SgUp3]:0 [SgUp4]:0 [SgLow1]:59529 [SgLow2]:59081 [SgLow3]:0 [SgLow4]:0 [NetMuon1]:451037 [NetMuon2]:450874 [NetMuon3]:479605 [NetMuon4]:479605
[Run]:42061 [Site]:2 [Bin]:15853 [FullTime]:3600 [SkipTime]:0 [Veto1]:585.64 [Veto2]:598.971 [Veto3]:407.121 [Veto4]:407.121 [SgUp1]:59587 [SgUp2]:59282 [SgUp3]:0 [SgUp4]:0 [SgLow1]:59466 [SgLow2]:59197 [SgLow3]:0 [SgLow4]:0 [NetMuon1]:452327 [NetMuon2]:450182 [NetMuon3]:479016 [NetMuon4]:479016
[Run]:42061 [Site]:2 [Bin]:15854 [FullTime]:3600 [SkipTime]:0 [Veto1]:581.435 [Veto2]:603.072 [Veto3]:406.28 [Veto4]:406.28 [SgUp1]:59579 [SgUp2]:59419 [SgUp3]:0 [SgUp4]:0 [SgLow1]:59488 [SgLow2]:59327 [SgLow3]:0 [SgLow4]:0 [NetMuon1]:452111 [NetMuon2]:448625 [NetMuon3]:478158 [NetMuon4]:478158
[Run]:42061 [Site]:2 [Bin]:15855 [FullTime]:3600 [SkipTime]:0 [Veto1]:586.548 [Veto2]:582.124 [Veto3]:405.942 [Veto4]:405.942 [SgUp1]:59776 [SgUp2]:59719 [SgUp3]:0 [SgUp4]:0 [SgLow1]:59675 [SgLow2]:59618 [SgLow3]:0 [SgLow4]:0 [NetMuon1]:450891 [NetMuon2]:451558 [NetMuon3]:477786 [NetMuon4]:477786
[Run]:42061 [Site]:2 [Bin]:15856 [FullTime]:3600 [SkipTime]:0 [Veto1]:601.132 [Veto2]:585.533 [Veto3]:407.367 [Veto4]:407.367 [SgUp1]:59959 [SgUp2]:59495 [SgUp3]:0 [SgUp4]:0 [SgLow1]:59847 [SgLow2]:59399 [SgLow3]:0 [SgLow4]:0 [NetMuon1]:450146 [NetMuon2]:452220 [NetMuon3]:479232 [NetMuon4]:479232
[Run]:42061 [Site]:2 [Bin]:15857 [FullTime]:3600 [SkipTime]:0 [Veto1]:603.112 [Veto2]:593.681 [Veto3]:407.219 [Veto4]:407.219 [SgUp1]:59284 [SgUp2]:58912 [SgUp3]:0 [SgUp4]:0 [SgLow1]:59193 [SgLow2]:58790 [SgLow3]:0 [SgLow4]:0 [NetMuon1]:449699 [NetMuon2]:451244 [NetMuon3]:479198 [NetMuon4]:479198
[Run]:42061 [Site]:2 [Bin]:15858 [FullTime]:3600 [SkipTime]:0 [Veto1]:607.779 [Veto2]:584.754 [Veto3]:408.468 [Veto4]:408.468 [SgUp1]:59231 [SgUp2]:59219 [SgUp3]:0 [SgUp4]:0 [SgLow1]:59138 [SgLow2]:59134 [SgLow3]:0 [SgLow4]:0 [NetMuon1]:450480 [NetMuon2]:453597 [NetMuon3]:480504 [NetMuon4]:480504
[Run]:42061 [Site]:2 [Bin]:15859 [FullTime]:3600 [SkipTime]:0 [Veto1]:611.926 [Veto2]:597.427 [Veto3]:407.491 [Veto4]:407.491 [SgUp1]:59185 [SgUp2]:58449 [SgUp3]:0 [SgUp4]:0 [SgLow1]:59079 [SgLow2]:58339 [SgLow3]:0 [SgLow4]:0 [NetMuon1]:448809 [NetMuon2]:450955 [NetMuon3]:479368 [NetMuon4]:479368
[Run]:42061 [Site]:2 [Bin]:15860 [FullTime]:3600.01 [SkipTime]:0 [Veto1]:584.155 [Veto2]:595.171 [Veto3]:407.091 [Veto4]:407.091 [SgUp1]:59730 [SgUp2]:59327 [SgUp3]:0 [SgUp4]:0 [SgLow1]:59619 [SgLow2]:59202 [SgLow3]:0 [SgLow4]:0 [NetMuon1]:452597 [NetMuon2]:451030 [NetMuon3]:478878 [NetMuon4]:478878
[Run]:42061 [Site]:2 [Bin]:15861 [FullTime]:3599.99 [SkipTime]:0 [Veto1]:611.139 [Veto2]:596.367 [Veto3]:406.831 [Veto4]:406.831 [SgUp1]:59158 [SgUp2]:59486 [SgUp3]:0 [SgUp4]:0 [SgLow1]:59036 [SgLow2]:59399 [SgLow3]:0 [SgLow4]:0 [NetMuon1]:447982 [NetMuon2]:450161 [NetMuon3]:478372 [NetMuon4]:478372
[Run]:42061 [Site]:2 [Bin]:15862 [FullTime]:3600 [SkipTime]:0 [Veto1]:607.211 [Veto2]:593.308 [Veto3]:407.237 [Veto4]:407.237 [SgUp1]:59574 [SgUp2]:59451 [SgUp3]:0 [SgUp4]:0 [SgLow1]:59504 [SgLow2]:59351 [SgLow3]:0 [SgLow4]:0 [NetMuon1]:448604 [NetMuon2]:451062 [NetMuon3]:478850 [NetMuon4]:478850
[Run]:42061 [Site]:2 [Bin]:15863 [FullTime]:3600 [SkipTime]:0 [Veto1]:586.739 [Veto2]:597.183 [Veto3]:405.765 [Veto4]:405.765 [SgUp1]:59858 [SgUp2]:59412 [SgUp3]:0 [SgUp4]:0 [SgLow1]:59751 [SgLow2]:59288 [SgLow3]:0 [SgLow4]:0 [NetMuon1]:450340 [NetMuon2]:448588 [NetMuon3]:477293 [NetMuon4]:477293
[Run]:42061 [Site]:2 [Bin]:15864 [FullTime]:3600 [SkipTime]:0 [Veto1]:606.011 [Veto2]:597.229 [Veto3]:406.431 [Veto4]:406.431 [SgUp1]:59398 [SgUp2]:59466 [SgUp3]:0 [SgUp4]:0 [SgLow1]:59303 [SgLow2]:59361 [SgLow3]:0 [SgLow4]:0 [NetMuon1]:448440 [NetMuon2]:449356 [NetMuon3]:478077 [NetMuon4]:478077
[Run]:42061 [Site]:2 [Bin]:15865 [FullTime]:3600 [SkipTime]:0 [Veto1]:602.309 [Veto2]:597.17 [Veto3]:406.737 [Veto4]:406.737 [SgUp1]:59322 [SgUp2]:59073 [SgUp3]:0 [SgUp4]:0 [SgLow1]:59195 [SgLow2]:58964 [SgLow3]:0 [SgLow4]:0 [NetMuon1]:449178 [NetMuon2]:449786 [NetMuon3]:478473 [NetMuon4]:478473
[Run]:42061 [Site]:2 [Bin]:15866 [FullTime]:3600 [SkipTime]:0 [Veto1]:606.704 [Veto2]:606.633 [Veto3]:406.276 [Veto4]:406.276 [SgUp1]:59124 [SgUp2]:59460 [SgUp3]:0 [SgUp4]:0 [SgLow1]:59056 [SgLow2]:59340 [SgLow3]:0 [SgLow4]:0 [NetMuon1]:447907 [NetMuon2]:447980 [NetMuon3]:478021 [NetMuon4]:478021
[Run]:42061 [Site]:2 [Bin]:15867 [FullTime]:3600 [SkipTime]:0 [Veto1]:594.17 [Veto2]:599.572 [Veto3]:406.747 [Veto4]:406.747 [SgUp1]:59679 [SgUp2]:58392 [SgUp3]:0 [SgUp4]:0 [SgLow1]:59602 [SgLow2]:58316 [SgLow3]:0 [SgLow4]:0 [NetMuon1]:450510 [NetMuon2]:449763 [NetMuon3]:478639 [NetMuon4]:478639
[Run]:42061 [Site]:2 [Bin]:15868 [FullTime]:3600.01 [SkipTime]:0 [Veto1]:602.347 [Veto2]:606.967 [Veto3]:406.01 [Veto4]:406.01 [SgUp1]:59368 [SgUp2]:59313 [SgUp3]:0 [SgUp4]:0 [SgLow1]:59264 [SgLow2]:59219 [SgLow3]:0 [SgLow4]:0 [NetMuon1]:448457 [NetMuon2]:447568 [NetMuon3]:477590 [NetMuon4]:477590
[Run]:42061 [Site]:2 [Bin]:15869 [FullTime]:3600 [SkipTime]:0 [Veto1]:604.659 [Veto2]:585.153 [Veto3]:406.353 [Veto4]:406.353 [SgUp1]:59508 [SgUp2]:59645 [SgUp3]:0 [SgUp4]:0 [SgLow1]:59385 [SgLow2]:59536 [SgLow3]:0 [SgLow4]:0 [NetMuon1]:448602 [NetMuon2]:451409 [NetMuon3]:478123 [NetMuon4]:478123
[Run]:42061 [Site]:2 [Bin]:15870 [FullTime]:3600 [SkipTime]:0 [Veto1]:617.451 [Veto2]:587.885 [Veto3]:406.11 [Veto4]:406.11 [SgUp1]:59075 [SgUp2]:59148 [SgUp3]:0 [SgUp4]:0 [SgLow1]:58967 [SgLow2]:59031 [SgLow3]:0 [SgLow4]:0 [NetMuon1]:446200 [NetMuon2]:450748 [NetMuon3]:477809 [NetMuon4]:477809
[Run]:42061 [Site]:2 [Bin]:15871 [FullTime]:3600.01 [SkipTime]:0 [Veto1]:593.677 [Veto2]:616.227 [Veto3]:405.436 [Veto4]:405.436 [SgUp1]:59340 [SgUp2]:59284 [SgUp3]:0 [SgUp4]:0 [SgLow1]:59258 [SgLow2]:59204 [SgLow3]:0 [SgLow4]:0 [NetMuon1]:448807 [NetMuon2]:445149 [NetMuon3]:477003 [NetMuon4]:477003
[Run]:42061 [Site]:2 [Bin]:15872 [FullTime]:3600 [SkipTime]:0 [Veto1]:595.349 [Veto2]:610.253 [Veto3]:406.826 [Veto4]:406.826 [SgUp1]:59320 [SgUp2]:59232 [SgUp3]:0 [SgUp4]:0 [SgLow1]:59191 [SgLow2]:59121 [SgLow3]:0 [SgLow4]:0 [NetMuon1]:450755 [NetMuon2]:448281 [NetMuon3]:478704 [NetMuon4]:478704
[Run]:42061 [Site]:2 [Bin]:15873 [FullTime]:3600 [SkipTime]:0 [Veto1]:606.094 [Veto2]:604.284 [Veto3]:406.673 [Veto4]:406.673 [SgUp1]:58822 [SgUp2]:59456 [SgUp3]:0 [SgUp4]:0 [SgLow1]:58715 [SgLow2]:59342 [SgLow3]:0 [SgLow4]:0 [NetMuon1]:448339 [NetMuon2]:448444 [NetMuon3]:478403 [NetMuon4]:478403
[Run]:42061 [Site]:2 [Bin]:15874 [FullTime]:3600 [SkipTime]:0 [Veto1]:592.067 [Veto2]:599.696 [Veto3]:406.539 [Veto4]:406.539 [SgUp1]:59305 [SgUp2]:59582 [SgUp3]:0 [SgUp4]:0 [SgLow1]:59200 [SgLow2]:59461 [SgLow3]:0 [SgLow4]:0 [NetMuon1]:450638 [NetMuon2]:449641 [NetMuon3]:478411 [NetMuon4]:478411
[Run]:42061 [Site]:2 [Bin]:15875 [FullTime]:3600 [SkipTime]:0 [Veto1]:596.068 [Veto2]:610.126 [Veto3]:407.137 [Veto4]:407.137 [SgUp1]:59625 [SgUp2]:59697 [SgUp3]:0 [SgUp4]:0 [SgLow1]:59526 [SgLow2]:59595 [SgLow3]:0 [SgLow4]:0 [NetMuon1]:450808 [NetMuon2]:448719 [NetMuon3]:479213 [NetMuon4]:479213
[Run]:42061 [Site]:2 [Bin]:15876 [FullTime]:3600.01 [SkipTime]:0 [Veto1]:600.019 [Veto2]:596.207 [Veto3]:406.238 [Veto4]:406.238 [SgUp1]:59574 [SgUp2]:59063 [SgUp3]:0 [SgUp4]:0 [SgLow1]:59461 [SgLow2]:58969 [SgLow3]:0 [SgLow4]:0 [NetMuon1]:449272 [NetMuon2]:449756 [NetMuon3]:478070 [NetMuon4]:478070
[Run]:42061 [Site]:2 [Bin]:15877 [FullTime]:3599.99 [SkipTime]:0 [Veto1]:605.913 [Veto2]:599.286 [Veto3]:406.733 [Veto4]:406.733 [SgUp1]:58835 [SgUp2]:59415 [SgUp3]:0 [SgUp4]:0 [SgLow1]:58721 [SgLow2]:59337 [SgLow3]:0 [SgLow4]:0 [NetMuon1]:448291 [NetMuon2]:449664 [NetMuon3]:478425 [NetMuon4]:478425
[Run]:42061 [Site]:2 [Bin]:15878 [FullTime]:3600 [SkipTime]:0 [Veto1]:596.567 [Veto2]:615.571 [Veto3]:407.108 [Veto4]:407.108 [SgUp1]:59579 [SgUp2]:59356 [SgUp3]:0 [SgUp4]:0 [SgLow1]:59488 [SgLow2]:59241 [SgLow3]:0 [SgLow4]:0 [NetMuon1]:450472 [NetMuon2]:447546 [NetMuon3]:478900 [NetMuon4]:478900
[Run]:42061 [Site]:2 [Bin]:15879 [FullTime]:3600 [SkipTime]:0 [Veto1]:599.282 [Veto2]:594.161 [Veto3]:406.457 [Veto4]:406.457 [SgUp1]:59468 [SgUp2]:59739 [SgUp3]:0 [SgUp4]:0 [SgLow1]:59378 [SgLow2]:59614 [SgLow3]:0 [SgLow4]:0 [NetMuon1]:449474 [NetMuon2]:450127 [NetMuon3]:478186 [NetMuon4]:478186
[Run]:42061 [Site]:2 [Bin]:15880 [FullTime]:3600 [SkipTime]:0 [Veto1]:595.114 [Veto2]:589.949 [Veto3]:407.722 [Veto4]:407.722 [SgUp1]:59631 [SgUp2]:60242 [SgUp3]:0 [SgUp4]:0 [SgLow1]:59500 [SgLow2]:60147 [SgLow3]:0 [SgLow4]:0 [NetMuon1]:451400 [NetMuon2]:452387 [NetMuon3]:479725 [NetMuon4]:479725
[Run]:42061 [Site]:2 [Bin]:15881 [FullTime]:3600 [SkipTime]:0 [Veto1]:593.191 [Veto2]:623.184 [Veto3]:405.892 [Veto4]:405.892 [SgUp1]:60171 [SgUp2]:59376 [SgUp3]:0 [SgUp4]:0 [SgLow1]:60083 [SgLow2]:59281 [SgLow3]:0 [SgLow4]:0 [NetMuon1]:449745 [NetMuon2]:445093 [NetMuon3]:477550 [NetMuon4]:477550
[Run]:42061 [Site]:2 [Bin]:15882 [FullTime]:3600 [SkipTime]:0 [Veto1]:595.872 [Veto2]:618.092 [Veto3]:406.09 [Veto4]:406.09 [SgUp1]:59572 [SgUp2]:59355 [SgUp3]:0 [SgUp4]:0 [SgLow1]:59443 [SgLow2]:59257 [SgLow3]:0 [SgLow4]:0 [NetMuon1]:449309 [NetMuon2]:445956 [NetMuon3]:477694 [NetMuon4]:477694
[Run]:42061 [Site]:2 [Bin]:15883 [FullTime]:3600 [SkipTime]:0 [Veto1]:595.456 [Veto2]:600.366 [Veto3]:406.555 [Veto4]:406.555 [SgUp1]:59084 [SgUp2]:60152 [SgUp3]:0 [SgUp4]:0 [SgLow1]:58984 [SgLow2]:60027 [SgLow3]:0 [SgLow4]:0 [NetMuon1]:450090 [NetMuon2]:449276 [NetMuon3]:478433 [NetMuon4]:478433
[Run]:42061 [Site]:2 [Bin]:15884 [FullTime]:3600 [SkipTime]:0 [Veto1]:598.55 [Veto2]:623.957 [Veto3]:406.404 [Veto4]:406.404 [SgUp1]:59703 [SgUp2]:59152 [SgUp3]:0 [SgUp4]:0 [SgLow1]:59592 [SgLow2]:59055 [SgLow3]:0 [SgLow4]:0 [NetMuon1]:449513 [NetMuon2]:445987 [NetMuon3]:478261 [NetMuon4]:478261
[Run]:42061 [Site]:2 [Bin]:15885 [FullTime]:3600 [SkipTime]:0 [Veto1]:595.504 [Veto2]:611.53 [Veto3]:407.065 [Veto4]:407.065 [SgUp1]:59701 [SgUp2]:59282 [SgUp3]:0 [SgUp4]:0 [SgLow1]:59627 [SgLow2]:59193 [SgLow3]:0 [SgLow4]:0 [NetMuon1]:450569 [NetMuon2]:448052 [NetMuon3]:478812 [NetMuon4]:478812
[Run]:42061 [Site]:2 [Bin]:15886 [FullTime]:3600 [SkipTime]:0 [Veto1]:604.279 [Veto2]:588.071 [Veto3]:405.91 [Veto4]:405.91 [SgUp1]:59446 [SgUp2]:59917 [SgUp3]:0 [SgUp4]:0 [SgLow1]:59357 [SgLow2]:59839 [SgLow3]:0 [SgLow4]:0 [NetMuon1]:447717 [NetMuon2]:450076 [NetMuon3]:477398 [NetMuon4]:477398
[Run]:42061 [Site]:2 [Bin]:15887 [FullTime]:3600 [SkipTime]:0 [Veto1]:608.86 [Veto2]:587.907 [Veto3]:405.398 [Veto4]:405.398 [SgUp1]:59688 [SgUp2]:59582 [SgUp3]:0 [SgUp4]:0 [SgLow1]:59552 [SgLow2]:59509 [SgLow3]:0 [SgLow4]:0 [NetMuon1]:446855 [NetMuon2]:449830 [NetMuon3]:477165 [NetMuon4]:477165
[Run]:42061 [Site]:2 [Bin]:15888 [FullTime]:3600 [SkipTime]:0 [Veto1]:585.125 [Veto2]:598.983 [Veto3]:407.442 [Veto4]:407.442 [SgUp1]:60110 [SgUp2]:59714 [SgUp3]:0 [SgUp4]:0 [SgLow1]:59979 [SgLow2]:59606 [SgLow3]:0 [SgLow4]:0 [NetMuon1]:452671 [NetMuon2]:450358 [NetMuon3]:479126 [NetMuon4]:479126
End process Run: 42061 ... 
[Run]:42061 [Site]:2 [Bin]:15889 [FullTime]:492.141 [SkipTime]:0 [Veto1]:84.3825 [Veto2]:77.2564 [Veto3]:55.926 [Veto4]:55.926
