StreamChain add 0x2e197f0
Start to process run: 42937 ... 
[Run]:42937 [Site]:2 [Bin]:16729 [FullTime]:3315.14 [SkipTime]:0 [Veto1]:552.945 [Veto2]:553.148 [Veto3]:375.15 [Veto4]:375.15 [SgUp1]:54384 [SgUp2]:54783 [SgUp3]:0 [SgUp4]:0 [SgLow1]:54296 [SgLow2]:54680 [SgLow3]:0 [SgLow4]:0 [NetMuon1]:414591 [NetMuon2]:414616 [NetMuon3]:441324 [NetMuon4]:441324
[Run]:42937 [Site]:2 [Bin]:16730 [FullTime]:3599.99 [SkipTime]:0 [Veto1]:618.299 [Veto2]:603.472 [Veto3]:406.753 [Veto4]:406.753 [SgUp1]:59584 [SgUp2]:60049 [SgUp3]:0 [SgUp4]:0 [SgLow1]:59489 [SgLow2]:59945 [SgLow3]:0 [SgLow4]:0 [NetMuon1]:446733 [NetMuon2]:449240 [NetMuon3]:478581 [NetMuon4]:478581
[Run]:42937 [Site]:2 [Bin]:16731 [FullTime]:3600 [SkipTime]:0 [Veto1]:592.959 [Veto2]:606.141 [Veto3]:407.103 [Veto4]:407.103 [SgUp1]:59631 [SgUp2]:59405 [SgUp3]:0 [SgUp4]:0 [SgLow1]:59536 [SgLow2]:59297 [SgLow3]:0 [SgLow4]:0 [NetMuon1]:451321 [NetMuon2]:448969 [NetMuon3]:478858 [NetMuon4]:478858
[Run]:42937 [Site]:2 [Bin]:16732 [FullTime]:3600 [SkipTime]:0 [Veto1]:596.392 [Veto2]:617.827 [Veto3]:407.232 [Veto4]:407.232 [SgUp1]:59786 [SgUp2]:59299 [SgUp3]:0 [SgUp4]:0 [SgLow1]:59688 [SgLow2]:59189 [SgLow3]:0 [SgLow4]:0 [NetMuon1]:450718 [NetMuon2]:447406 [NetMuon3]:479034 [NetMuon4]:479034
[Run]:42937 [Site]:2 [Bin]:16733 [FullTime]:3600 [SkipTime]:0 [Veto1]:595.59 [Veto2]:594.86 [Veto3]:406.604 [Veto4]:406.604 [SgUp1]:59858 [SgUp2]:59791 [SgUp3]:0 [SgUp4]:0 [SgLow1]:59771 [SgLow2]:59713 [SgLow3]:0 [SgLow4]:0 [NetMuon1]:450249 [NetMuon2]:450092 [NetMuon3]:478195 [NetMuon4]:478195
[Run]:42937 [Site]:2 [Bin]:16734 [FullTime]:3600 [SkipTime]:0 [Veto1]:602.583 [Veto2]:609.57 [Veto3]:407.605 [Veto4]:407.605 [SgUp1]:60044 [SgUp2]:59415 [SgUp3]:0 [SgUp4]:0 [SgLow1]:59932 [SgLow2]:59285 [SgLow3]:0 [SgLow4]:0 [NetMuon1]:450237 [NetMuon2]:449198 [NetMuon3]:479437 [NetMuon4]:479437
[Run]:42937 [Site]:2 [Bin]:16735 [FullTime]:3600.01 [SkipTime]:0 [Veto1]:596.273 [Veto2]:590.728 [Veto3]:407.059 [Veto4]:407.059 [SgUp1]:59692 [SgUp2]:59592 [SgUp3]:0 [SgUp4]:0 [SgLow1]:59607 [SgLow2]:59485 [SgLow3]:0 [SgLow4]:0 [NetMuon1]:450579 [NetMuon2]:451154 [NetMuon3]:478945 [NetMuon4]:478945
[Run]:42937 [Site]:2 [Bin]:16736 [FullTime]:3599.99 [SkipTime]:0 [Veto1]:585.798 [Veto2]:614.387 [Veto3]:407.17 [Veto4]:407.17 [SgUp1]:60027 [SgUp2]:59574 [SgUp3]:0 [SgUp4]:0 [SgLow1]:59934 [SgLow2]:59486 [SgLow3]:0 [SgLow4]:0 [NetMuon1]:451754 [NetMuon2]:447949 [NetMuon3]:478916 [NetMuon4]:478916
[Run]:42937 [Site]:2 [Bin]:16737 [FullTime]:3600 [SkipTime]:0 [Veto1]:619.856 [Veto2]:597.59 [Veto3]:406.941 [Veto4]:406.941 [SgUp1]:59257 [SgUp2]:59756 [SgUp3]:0 [SgUp4]:0 [SgLow1]:59148 [SgLow2]:59657 [SgLow3]:0 [SgLow4]:0 [NetMuon1]:446801 [NetMuon2]:450059 [NetMuon3]:478651 [NetMuon4]:478651
[Run]:42937 [Site]:2 [Bin]:16738 [FullTime]:3600 [SkipTime]:0 [Veto1]:601.263 [Veto2]:600.809 [Veto3]:407.13 [Veto4]:407.13 [SgUp1]:59604 [SgUp2]:59591 [SgUp3]:0 [SgUp4]:0 [SgLow1]:59480 [SgLow2]:59500 [SgLow3]:0 [SgLow4]:0 [NetMuon1]:450057 [NetMuon2]:449986 [NetMuon3]:479022 [NetMuon4]:479022
[Run]:42937 [Site]:2 [Bin]:16739 [FullTime]:3600 [SkipTime]:0 [Veto1]:587.695 [Veto2]:600.891 [Veto3]:406.848 [Veto4]:406.848 [SgUp1]:59782 [SgUp2]:59688 [SgUp3]:0 [SgUp4]:0 [SgLow1]:59704 [SgLow2]:59586 [SgLow3]:0 [SgLow4]:0 [NetMuon1]:451630 [NetMuon2]:449352 [NetMuon3]:478749 [NetMuon4]:478749
[Run]:42937 [Site]:2 [Bin]:16740 [FullTime]:3600 [SkipTime]:0 [Veto1]:603.898 [Veto2]:579.19 [Veto3]:408.067 [Veto4]:408.067 [SgUp1]:59350 [SgUp2]:59616 [SgUp3]:0 [SgUp4]:0 [SgLow1]:59252 [SgLow2]:59529 [SgLow3]:0 [SgLow4]:0 [NetMuon1]:450598 [NetMuon2]:454130 [NetMuon3]:479886 [NetMuon4]:479886
[Run]:42937 [Site]:2 [Bin]:16741 [FullTime]:3600 [SkipTime]:0 [Veto1]:589.794 [Veto2]:609.143 [Veto3]:407.559 [Veto4]:407.559 [SgUp1]:59874 [SgUp2]:58947 [SgUp3]:0 [SgUp4]:0 [SgLow1]:59776 [SgLow2]:58829 [SgLow3]:0 [SgLow4]:0 [NetMuon1]:452289 [NetMuon2]:449066 [NetMuon3]:479623 [NetMuon4]:479623
[Run]:42937 [Site]:2 [Bin]:16742 [FullTime]:3600 [SkipTime]:0 [Veto1]:604.304 [Veto2]:594.325 [Veto3]:407.128 [Veto4]:407.128 [SgUp1]:59916 [SgUp2]:59033 [SgUp3]:0 [SgUp4]:0 [SgLow1]:59805 [SgLow2]:58924 [SgLow3]:0 [SgLow4]:0 [NetMuon1]:449113 [NetMuon2]:450756 [NetMuon3]:478663 [NetMuon4]:478663
[Run]:42937 [Site]:2 [Bin]:16743 [FullTime]:3600 [SkipTime]:0 [Veto1]:604.75 [Veto2]:604.306 [Veto3]:408.698 [Veto4]:408.698 [SgUp1]:59483 [SgUp2]:59741 [SgUp3]:0 [SgUp4]:0 [SgLow1]:59397 [SgLow2]:59614 [SgLow3]:0 [SgLow4]:0 [NetMuon1]:451138 [NetMuon2]:450966 [NetMuon3]:480562 [NetMuon4]:480562
[Run]:42937 [Site]:2 [Bin]:16744 [FullTime]:3600 [SkipTime]:0 [Veto1]:612.265 [Veto2]:601.621 [Veto3]:407.79 [Veto4]:407.79 [SgUp1]:59506 [SgUp2]:59461 [SgUp3]:0 [SgUp4]:0 [SgLow1]:59415 [SgLow2]:59353 [SgLow3]:0 [SgLow4]:0 [NetMuon1]:448969 [NetMuon2]:450215 [NetMuon3]:479623 [NetMuon4]:479623
[Run]:42937 [Site]:2 [Bin]:16745 [FullTime]:3600 [SkipTime]:0 [Veto1]:591.553 [Veto2]:596.481 [Veto3]:407.483 [Veto4]:407.483 [SgUp1]:60187 [SgUp2]:59420 [SgUp3]:0 [SgUp4]:0 [SgLow1]:60085 [SgLow2]:59318 [SgLow3]:0 [SgLow4]:0 [NetMuon1]:451783 [NetMuon2]:450694 [NetMuon3]:479199 [NetMuon4]:479199
[Run]:42937 [Site]:2 [Bin]:16746 [FullTime]:3600 [SkipTime]:0 [Veto1]:576.441 [Veto2]:587.761 [Veto3]:407.008 [Veto4]:407.008 [SgUp1]:60378 [SgUp2]:59573 [SgUp3]:0 [SgUp4]:0 [SgLow1]:60271 [SgLow2]:59450 [SgLow3]:0 [SgLow4]:0 [NetMuon1]:453414 [NetMuon2]:451565 [NetMuon3]:478818 [NetMuon4]:478818
[Run]:42937 [Site]:2 [Bin]:16747 [FullTime]:3600 [SkipTime]:0 [Veto1]:595.164 [Veto2]:587.236 [Veto3]:407.602 [Veto4]:407.602 [SgUp1]:60111 [SgUp2]:59791 [SgUp3]:0 [SgUp4]:0 [SgLow1]:60000 [SgLow2]:59683 [SgLow3]:0 [SgLow4]:0 [NetMuon1]:451155 [NetMuon2]:452414 [NetMuon3]:479513 [NetMuon4]:479513
[Run]:42937 [Site]:2 [Bin]:16748 [FullTime]:3600 [SkipTime]:0 [Veto1]:598.036 [Veto2]:574.305 [Veto3]:407.456 [Veto4]:407.456 [SgUp1]:59548 [SgUp2]:60047 [SgUp3]:0 [SgUp4]:0 [SgLow1]:59433 [SgLow2]:59965 [SgLow3]:0 [SgLow4]:0 [NetMuon1]:450425 [NetMuon2]:454002 [NetMuon3]:479086 [NetMuon4]:479086
[Run]:42937 [Site]:2 [Bin]:16749 [FullTime]:3600 [SkipTime]:0 [Veto1]:580.547 [Veto2]:586.733 [Veto3]:406.396 [Veto4]:406.396 [SgUp1]:59990 [SgUp2]:59903 [SgUp3]:0 [SgUp4]:0 [SgLow1]:59865 [SgLow2]:59808 [SgLow3]:0 [SgLow4]:0 [NetMuon1]:452447 [NetMuon2]:451108 [NetMuon3]:478341 [NetMuon4]:478341
[Run]:42937 [Site]:2 [Bin]:16750 [FullTime]:3600 [SkipTime]:0 [Veto1]:597.854 [Veto2]:609.592 [Veto3]:406.061 [Veto4]:406.061 [SgUp1]:59779 [SgUp2]:59031 [SgUp3]:0 [SgUp4]:0 [SgLow1]:59664 [SgLow2]:58909 [SgLow3]:0 [SgLow4]:0 [NetMuon1]:449148 [NetMuon2]:447367 [NetMuon3]:477746 [NetMuon4]:477746
[Run]:42937 [Site]:2 [Bin]:16751 [FullTime]:3600 [SkipTime]:0 [Veto1]:588.958 [Veto2]:601.283 [Veto3]:406.95 [Veto4]:406.95 [SgUp1]:60422 [SgUp2]:59655 [SgUp3]:0 [SgUp4]:0 [SgLow1]:60319 [SgLow2]:59554 [SgLow3]:0 [SgLow4]:0 [NetMuon1]:451244 [NetMuon2]:449359 [NetMuon3]:478614 [NetMuon4]:478614
[Run]:42937 [Site]:2 [Bin]:16752 [FullTime]:3600 [SkipTime]:0 [Veto1]:612.504 [Veto2]:621.171 [Veto3]:406.605 [Veto4]:406.605 [SgUp1]:59673 [SgUp2]:58666 [SgUp3]:0 [SgUp4]:0 [SgLow1]:59562 [SgLow2]:58559 [SgLow3]:0 [SgLow4]:0 [NetMuon1]:447793 [NetMuon2]:446119 [NetMuon3]:478400 [NetMuon4]:478400
[Run]:42937 [Site]:2 [Bin]:16753 [FullTime]:3600 [SkipTime]:0 [Veto1]:600.522 [Veto2]:592.393 [Veto3]:406.164 [Veto4]:406.164 [SgUp1]:59761 [SgUp2]:59776 [SgUp3]:0 [SgUp4]:0 [SgLow1]:59655 [SgLow2]:59695 [SgLow3]:0 [SgLow4]:0 [NetMuon1]:448417 [NetMuon2]:450065 [NetMuon3]:477937 [NetMuon4]:477937
[Run]:42937 [Site]:2 [Bin]:16754 [FullTime]:3600 [SkipTime]:0 [Veto1]:627.052 [Veto2]:579.011 [Veto3]:405.874 [Veto4]:405.874 [SgUp1]:59381 [SgUp2]:59947 [SgUp3]:0 [SgUp4]:0 [SgLow1]:59288 [SgLow2]:59833 [SgLow3]:0 [SgLow4]:0 [NetMuon1]:444659 [NetMuon2]:451908 [NetMuon3]:477649 [NetMuon4]:477649
[Run]:42937 [Site]:2 [Bin]:16755 [FullTime]:3600 [SkipTime]:0 [Veto1]:600.677 [Veto2]:608.775 [Veto3]:407.709 [Veto4]:407.709 [SgUp1]:59200 [SgUp2]:59766 [SgUp3]:0 [SgUp4]:0 [SgLow1]:59097 [SgLow2]:59665 [SgLow3]:0 [SgLow4]:0 [NetMuon1]:450298 [NetMuon2]:449607 [NetMuon3]:479717 [NetMuon4]:479717
[Run]:42937 [Site]:2 [Bin]:16756 [FullTime]:3600 [SkipTime]:0 [Veto1]:601.554 [Veto2]:591.287 [Veto3]:407.306 [Veto4]:407.306 [SgUp1]:59215 [SgUp2]:59666 [SgUp3]:0 [SgUp4]:0 [SgLow1]:59110 [SgLow2]:59550 [SgLow3]:0 [SgLow4]:0 [NetMuon1]:449929 [NetMuon2]:451337 [NetMuon3]:479264 [NetMuon4]:479264
[Run]:42937 [Site]:2 [Bin]:16757 [FullTime]:3600 [SkipTime]:0 [Veto1]:586.815 [Veto2]:604.314 [Veto3]:406.803 [Veto4]:406.803 [SgUp1]:59598 [SgUp2]:59335 [SgUp3]:0 [SgUp4]:0 [SgLow1]:59488 [SgLow2]:59222 [SgLow3]:0 [SgLow4]:0 [NetMuon1]:451564 [NetMuon2]:448429 [NetMuon3]:478342 [NetMuon4]:478342
[Run]:42937 [Site]:2 [Bin]:16758 [FullTime]:3600 [SkipTime]:0 [Veto1]:588.414 [Veto2]:598.505 [Veto3]:408.102 [Veto4]:408.102 [SgUp1]:59343 [SgUp2]:59755 [SgUp3]:0 [SgUp4]:0 [SgLow1]:59249 [SgLow2]:59652 [SgLow3]:0 [SgLow4]:0 [NetMuon1]:453016 [NetMuon2]:451151 [NetMuon3]:479940 [NetMuon4]:479940
[Run]:42937 [Site]:2 [Bin]:16759 [FullTime]:3600 [SkipTime]:0 [Veto1]:608.877 [Veto2]:603.772 [Veto3]:407.402 [Veto4]:407.402 [SgUp1]:59168 [SgUp2]:59239 [SgUp3]:0 [SgUp4]:0 [SgLow1]:59052 [SgLow2]:59119 [SgLow3]:0 [SgLow4]:0 [NetMuon1]:449318 [NetMuon2]:449816 [NetMuon3]:479321 [NetMuon4]:479321
[Run]:42937 [Site]:2 [Bin]:16760 [FullTime]:3600 [SkipTime]:0 [Veto1]:596.67 [Veto2]:597.658 [Veto3]:406.946 [Veto4]:406.946 [SgUp1]:59520 [SgUp2]:59144 [SgUp3]:0 [SgUp4]:0 [SgLow1]:59392 [SgLow2]:59024 [SgLow3]:0 [SgLow4]:0 [NetMuon1]:450017 [NetMuon2]:450056 [NetMuon3]:478557 [NetMuon4]:478557
[Run]:42937 [Site]:2 [Bin]:16761 [FullTime]:3600 [SkipTime]:0 [Veto1]:608.705 [Veto2]:597.878 [Veto3]:407.713 [Veto4]:407.713 [SgUp1]:59246 [SgUp2]:59273 [SgUp3]:0 [SgUp4]:0 [SgLow1]:59141 [SgLow2]:59183 [SgLow3]:0 [SgLow4]:0 [NetMuon1]:449588 [NetMuon2]:451005 [NetMuon3]:479657 [NetMuon4]:479657
[Run]:42937 [Site]:2 [Bin]:16762 [FullTime]:3600 [SkipTime]:0 [Veto1]:610.557 [Veto2]:607.597 [Veto3]:407.871 [Veto4]:407.871 [SgUp1]:59310 [SgUp2]:59058 [SgUp3]:0 [SgUp4]:0 [SgLow1]:59214 [SgLow2]:58937 [SgLow3]:0 [SgLow4]:0 [NetMuon1]:449652 [NetMuon2]:449853 [NetMuon3]:479865 [NetMuon4]:479865
[Run]:42937 [Site]:2 [Bin]:16763 [FullTime]:3600 [SkipTime]:0 [Veto1]:595.866 [Veto2]:602.927 [Veto3]:407.897 [Veto4]:407.897 [SgUp1]:59442 [SgUp2]:59539 [SgUp3]:0 [SgUp4]:0 [SgLow1]:59348 [SgLow2]:59439 [SgLow3]:0 [SgLow4]:0 [NetMuon1]:451755 [NetMuon2]:450479 [NetMuon3]:479815 [NetMuon4]:479815
[Run]:42937 [Site]:2 [Bin]:16764 [FullTime]:3600 [SkipTime]:0 [Veto1]:619.546 [Veto2]:590.304 [Veto3]:407.096 [Veto4]:407.096 [SgUp1]:59296 [SgUp2]:59013 [SgUp3]:0 [SgUp4]:0 [SgLow1]:59166 [SgLow2]:58920 [SgLow3]:0 [SgLow4]:0 [NetMuon1]:447224 [NetMuon2]:451402 [NetMuon3]:479087 [NetMuon4]:479087
[Run]:42937 [Site]:2 [Bin]:16765 [FullTime]:3600 [SkipTime]:0 [Veto1]:602.117 [Veto2]:625.756 [Veto3]:406.766 [Veto4]:406.766 [SgUp1]:59644 [SgUp2]:58616 [SgUp3]:0 [SgUp4]:0 [SgLow1]:59534 [SgLow2]:58526 [SgLow3]:0 [SgLow4]:0 [NetMuon1]:449102 [NetMuon2]:445824 [NetMuon3]:478670 [NetMuon4]:478670
[Run]:42937 [Site]:2 [Bin]:16766 [FullTime]:3600 [SkipTime]:0 [Veto1]:595.181 [Veto2]:570.935 [Veto3]:407.1 [Veto4]:407.1 [SgUp1]:59724 [SgUp2]:59420 [SgUp3]:0 [SgUp4]:0 [SgLow1]:59635 [SgLow2]:59327 [SgLow3]:0 [SgLow4]:0 [NetMuon1]:450991 [NetMuon2]:454467 [NetMuon3]:478915 [NetMuon4]:478915
[Run]:42937 [Site]:2 [Bin]:16767 [FullTime]:3600 [SkipTime]:0 [Veto1]:597.952 [Veto2]:605.871 [Veto3]:407.563 [Veto4]:407.563 [SgUp1]:59444 [SgUp2]:59104 [SgUp3]:0 [SgUp4]:0 [SgLow1]:59317 [SgLow2]:58983 [SgLow3]:0 [SgLow4]:0 [NetMuon1]:451185 [NetMuon2]:449848 [NetMuon3]:479593 [NetMuon4]:479593
[Run]:42937 [Site]:2 [Bin]:16768 [FullTime]:3600 [SkipTime]:0 [Veto1]:589.043 [Veto2]:583.404 [Veto3]:407.502 [Veto4]:407.502 [SgUp1]:59809 [SgUp2]:59524 [SgUp3]:0 [SgUp4]:0 [SgLow1]:59684 [SgLow2]:59399 [SgLow3]:0 [SgLow4]:0 [NetMuon1]:452194 [NetMuon2]:453015 [NetMuon3]:479415 [NetMuon4]:479415
[Run]:42937 [Site]:2 [Bin]:16769 [FullTime]:3600 [SkipTime]:0 [Veto1]:603.376 [Veto2]:604.571 [Veto3]:408.532 [Veto4]:408.532 [SgUp1]:59485 [SgUp2]:58765 [SgUp3]:0 [SgUp4]:0 [SgLow1]:59395 [SgLow2]:58656 [SgLow3]:0 [SgLow4]:0 [NetMuon1]:451501 [NetMuon2]:451285 [NetMuon3]:480751 [NetMuon4]:480751
[Run]:42937 [Site]:2 [Bin]:16770 [FullTime]:3600 [SkipTime]:0 [Veto1]:585.933 [Veto2]:612.545 [Veto3]:407.925 [Veto4]:407.925 [SgUp1]:59855 [SgUp2]:59163 [SgUp3]:0 [SgUp4]:0 [SgLow1]:59759 [SgLow2]:59065 [SgLow3]:0 [SgLow4]:0 [NetMuon1]:453045 [NetMuon2]:449017 [NetMuon3]:479885 [NetMuon4]:479885
[Run]:42937 [Site]:2 [Bin]:16771 [FullTime]:3600 [SkipTime]:0 [Veto1]:593.988 [Veto2]:616.432 [Veto3]:407.849 [Veto4]:407.849 [SgUp1]:59746 [SgUp2]:59176 [SgUp3]:0 [SgUp4]:0 [SgLow1]:59649 [SgLow2]:59090 [SgLow3]:0 [SgLow4]:0 [NetMuon1]:451676 [NetMuon2]:448584 [NetMuon3]:479819 [NetMuon4]:479819
[Run]:42937 [Site]:2 [Bin]:16772 [FullTime]:3600 [SkipTime]:0 [Veto1]:592.835 [Veto2]:597.499 [Veto3]:408.1 [Veto4]:408.1 [SgUp1]:59415 [SgUp2]:59069 [SgUp3]:0 [SgUp4]:0 [SgLow1]:59322 [SgLow2]:59000 [SgLow3]:0 [SgLow4]:0 [NetMuon1]:452411 [NetMuon2]:451677 [NetMuon3]:480172 [NetMuon4]:480172
[Run]:42937 [Site]:2 [Bin]:16773 [FullTime]:3600 [SkipTime]:0 [Veto1]:587.663 [Veto2]:589.23 [Veto3]:408.054 [Veto4]:408.054 [SgUp1]:60154 [SgUp2]:59839 [SgUp3]:0 [SgUp4]:0 [SgLow1]:60053 [SgLow2]:59748 [SgLow3]:0 [SgLow4]:0 [NetMuon1]:452811 [NetMuon2]:453058 [NetMuon3]:479997 [NetMuon4]:479997
[Run]:42937 [Site]:2 [Bin]:16774 [FullTime]:3600 [SkipTime]:0 [Veto1]:583.912 [Veto2]:579.948 [Veto3]:407.065 [Veto4]:407.065 [SgUp1]:60198 [SgUp2]:59933 [SgUp3]:0 [SgUp4]:0 [SgLow1]:60115 [SgLow2]:59835 [SgLow3]:0 [SgLow4]:0 [NetMuon1]:452774 [NetMuon2]:452892 [NetMuon3]:479245 [NetMuon4]:479245
[Run]:42937 [Site]:2 [Bin]:16775 [FullTime]:3600 [SkipTime]:0 [Veto1]:618.09 [Veto2]:607.352 [Veto3]:407.627 [Veto4]:407.627 [SgUp1]:59353 [SgUp2]:59365 [SgUp3]:0 [SgUp4]:0 [SgLow1]:59273 [SgLow2]:59277 [SgLow3]:0 [SgLow4]:0 [NetMuon1]:447864 [NetMuon2]:449329 [NetMuon3]:479542 [NetMuon4]:479542
End process Run: 42937 ... 
[Run]:42937 [Site]:2 [Bin]:16776 [FullTime]:3468.33 [SkipTime]:0 [Veto1]:596.893 [Veto2]:564.375 [Veto3]:392.493 [Veto4]:392.493
