StreamChain add 0x11c445a0
Start to process run: 42478 ... 
[Run]:42478 [Site]:2 [Bin]:16413 [FullTime]:2783.58 [SkipTime]:0 [Veto1]:457.783 [Veto2]:472.899 [Veto3]:314.312 [Veto4]:314.312 [SgUp1]:46306 [SgUp2]:46187 [SgUp3]:0 [SgUp4]:0 [SgLow1]:46198 [SgLow2]:46095 [SgLow3]:0 [SgLow4]:0 [NetMuon1]:348072 [NetMuon2]:346105 [NetMuon3]:369712 [NetMuon4]:369712
[Run]:42478 [Site]:2 [Bin]:16414 [FullTime]:3600 [SkipTime]:0 [Veto1]:590.978 [Veto2]:595.58 [Veto3]:407.22 [Veto4]:407.22 [SgUp1]:59238 [SgUp2]:59885 [SgUp3]:0 [SgUp4]:0 [SgLow1]:59133 [SgLow2]:59767 [SgLow3]:0 [SgLow4]:0 [NetMuon1]:451609 [NetMuon2]:450749 [NetMuon3]:478895 [NetMuon4]:478895
[Run]:42478 [Site]:2 [Bin]:16415 [FullTime]:3600 [SkipTime]:0 [Veto1]:588.806 [Veto2]:586.5 [Veto3]:406.359 [Veto4]:406.359 [SgUp1]:59473 [SgUp2]:60140 [SgUp3]:0 [SgUp4]:0 [SgLow1]:59367 [SgLow2]:60000 [SgLow3]:0 [SgLow4]:0 [NetMuon1]:450665 [NetMuon2]:450860 [NetMuon3]:477911 [NetMuon4]:477911
[Run]:42478 [Site]:2 [Bin]:16416 [FullTime]:3600 [SkipTime]:0 [Veto1]:607.157 [Veto2]:590.356 [Veto3]:406.092 [Veto4]:406.092 [SgUp1]:59596 [SgUp2]:59734 [SgUp3]:0 [SgUp4]:0 [SgLow1]:59479 [SgLow2]:59619 [SgLow3]:0 [SgLow4]:0 [NetMuon1]:447680 [NetMuon2]:450287 [NetMuon3]:477846 [NetMuon4]:477846
[Run]:42478 [Site]:2 [Bin]:16417 [FullTime]:3600 [SkipTime]:0 [Veto1]:603.64 [Veto2]:598.724 [Veto3]:406.361 [Veto4]:406.361 [SgUp1]:59328 [SgUp2]:59220 [SgUp3]:0 [SgUp4]:0 [SgLow1]:59232 [SgLow2]:59109 [SgLow3]:0 [SgLow4]:0 [NetMuon1]:448942 [NetMuon2]:449486 [NetMuon3]:478310 [NetMuon4]:478310
[Run]:42478 [Site]:2 [Bin]:16418 [FullTime]:3600 [SkipTime]:0 [Veto1]:592.035 [Veto2]:600.798 [Veto3]:407.453 [Veto4]:407.453 [SgUp1]:59303 [SgUp2]:59080 [SgUp3]:0 [SgUp4]:0 [SgLow1]:59185 [SgLow2]:59007 [SgLow3]:0 [SgLow4]:0 [NetMuon1]:451780 [NetMuon2]:450350 [NetMuon3]:479485 [NetMuon4]:479485
[Run]:42478 [Site]:2 [Bin]:16419 [FullTime]:3600 [SkipTime]:0 [Veto1]:599.913 [Veto2]:603.993 [Veto3]:406.408 [Veto4]:406.408 [SgUp1]:59404 [SgUp2]:58799 [SgUp3]:0 [SgUp4]:0 [SgLow1]:59286 [SgLow2]:58712 [SgLow3]:0 [SgLow4]:0 [NetMuon1]:449360 [NetMuon2]:448791 [NetMuon3]:478443 [NetMuon4]:478443
[Run]:42478 [Site]:2 [Bin]:16420 [FullTime]:3600 [SkipTime]:0 [Veto1]:605.099 [Veto2]:601.58 [Veto3]:406.314 [Veto4]:406.314 [SgUp1]:59154 [SgUp2]:58896 [SgUp3]:0 [SgUp4]:0 [SgLow1]:59038 [SgLow2]:58804 [SgLow3]:0 [SgLow4]:0 [NetMuon1]:448354 [NetMuon2]:448598 [NetMuon3]:477935 [NetMuon4]:477935
[Run]:42478 [Site]:2 [Bin]:16421 [FullTime]:3600 [SkipTime]:0 [Veto1]:607.369 [Veto2]:593.666 [Veto3]:406.543 [Veto4]:406.543 [SgUp1]:58579 [SgUp2]:59049 [SgUp3]:0 [SgUp4]:0 [SgLow1]:58496 [SgLow2]:58963 [SgLow3]:0 [SgLow4]:0 [NetMuon1]:448280 [NetMuon2]:450159 [NetMuon3]:478209 [NetMuon4]:478209
[Run]:42478 [Site]:2 [Bin]:16422 [FullTime]:3600 [SkipTime]:0 [Veto1]:595.836 [Veto2]:598.31 [Veto3]:406.75 [Veto4]:406.75 [SgUp1]:59471 [SgUp2]:59022 [SgUp3]:0 [SgUp4]:0 [SgLow1]:59360 [SgLow2]:58914 [SgLow3]:0 [SgLow4]:0 [NetMuon1]:450571 [NetMuon2]:450114 [NetMuon3]:478582 [NetMuon4]:478582
[Run]:42478 [Site]:2 [Bin]:16423 [FullTime]:3600 [SkipTime]:0 [Veto1]:594.225 [Veto2]:608.78 [Veto3]:406.841 [Veto4]:406.841 [SgUp1]:58767 [SgUp2]:59283 [SgUp3]:0 [SgUp4]:0 [SgLow1]:58683 [SgLow2]:59208 [SgLow3]:0 [SgLow4]:0 [NetMuon1]:450094 [NetMuon2]:448193 [NetMuon3]:478498 [NetMuon4]:478498
[Run]:42478 [Site]:2 [Bin]:16424 [FullTime]:3600 [SkipTime]:0 [Veto1]:590.618 [Veto2]:606.877 [Veto3]:407.64 [Veto4]:407.64 [SgUp1]:59579 [SgUp2]:58709 [SgUp3]:0 [SgUp4]:0 [SgLow1]:59488 [SgLow2]:58627 [SgLow3]:0 [SgLow4]:0 [NetMuon1]:451732 [NetMuon2]:449396 [NetMuon3]:479394 [NetMuon4]:479394
[Run]:42478 [Site]:2 [Bin]:16425 [FullTime]:3600 [SkipTime]:0 [Veto1]:610.729 [Veto2]:596.747 [Veto3]:405.819 [Veto4]:405.819 [SgUp1]:58608 [SgUp2]:59227 [SgUp3]:0 [SgUp4]:0 [SgLow1]:58517 [SgLow2]:59119 [SgLow3]:0 [SgLow4]:0 [NetMuon1]:446561 [NetMuon2]:448809 [NetMuon3]:477525 [NetMuon4]:477525
[Run]:42478 [Site]:2 [Bin]:16426 [FullTime]:3600 [SkipTime]:0 [Veto1]:581.086 [Veto2]:604.559 [Veto3]:405.834 [Veto4]:405.834 [SgUp1]:58795 [SgUp2]:59100 [SgUp3]:0 [SgUp4]:0 [SgLow1]:58703 [SgLow2]:59006 [SgLow3]:0 [SgLow4]:0 [NetMuon1]:451389 [NetMuon2]:447806 [NetMuon3]:477594 [NetMuon4]:477594
[Run]:42478 [Site]:2 [Bin]:16427 [FullTime]:3600 [SkipTime]:0 [Veto1]:600.496 [Veto2]:608.966 [Veto3]:406.795 [Veto4]:406.795 [SgUp1]:58660 [SgUp2]:58302 [SgUp3]:0 [SgUp4]:0 [SgLow1]:58559 [SgLow2]:58197 [SgLow3]:0 [SgLow4]:0 [NetMuon1]:449709 [NetMuon2]:448611 [NetMuon3]:478739 [NetMuon4]:478739
[Run]:42478 [Site]:2 [Bin]:16428 [FullTime]:3600 [SkipTime]:0 [Veto1]:609.345 [Veto2]:623.919 [Veto3]:406.743 [Veto4]:406.743 [SgUp1]:58335 [SgUp2]:58909 [SgUp3]:0 [SgUp4]:0 [SgLow1]:58237 [SgLow2]:58833 [SgLow3]:0 [SgLow4]:0 [NetMuon1]:447743 [NetMuon2]:445668 [NetMuon3]:478203 [NetMuon4]:478203
[Run]:42478 [Site]:2 [Bin]:16429 [FullTime]:3600 [SkipTime]:0 [Veto1]:617.261 [Veto2]:606.37 [Veto3]:406.332 [Veto4]:406.332 [SgUp1]:58579 [SgUp2]:58931 [SgUp3]:0 [SgUp4]:0 [SgLow1]:58460 [SgLow2]:58855 [SgLow3]:0 [SgLow4]:0 [NetMuon1]:446587 [NetMuon2]:448242 [NetMuon3]:478132 [NetMuon4]:478132
[Run]:42478 [Site]:2 [Bin]:16430 [FullTime]:3600 [SkipTime]:0 [Veto1]:585.141 [Veto2]:593.82 [Veto3]:406.602 [Veto4]:406.602 [SgUp1]:58821 [SgUp2]:58943 [SgUp3]:0 [SgUp4]:0 [SgLow1]:58729 [SgLow2]:58837 [SgLow3]:0 [SgLow4]:0 [NetMuon1]:451766 [NetMuon2]:450116 [NetMuon3]:478331 [NetMuon4]:478331
[Run]:42478 [Site]:2 [Bin]:16431 [FullTime]:3600 [SkipTime]:0 [Veto1]:598.153 [Veto2]:604.645 [Veto3]:406.656 [Veto4]:406.656 [SgUp1]:58551 [SgUp2]:59476 [SgUp3]:0 [SgUp4]:0 [SgLow1]:58456 [SgLow2]:59371 [SgLow3]:0 [SgLow4]:0 [NetMuon1]:449520 [NetMuon2]:448888 [NetMuon3]:478333 [NetMuon4]:478333
[Run]:42478 [Site]:2 [Bin]:16432 [FullTime]:3600 [SkipTime]:0 [Veto1]:616.334 [Veto2]:590.012 [Veto3]:407.845 [Veto4]:407.845 [SgUp1]:58500 [SgUp2]:59283 [SgUp3]:0 [SgUp4]:0 [SgLow1]:58398 [SgLow2]:59179 [SgLow3]:0 [SgLow4]:0 [NetMuon1]:448392 [NetMuon2]:452215 [NetMuon3]:479649 [NetMuon4]:479649
[Run]:42478 [Site]:2 [Bin]:16433 [FullTime]:3600 [SkipTime]:0 [Veto1]:608.523 [Veto2]:599.843 [Veto3]:407.492 [Veto4]:407.492 [SgUp1]:58292 [SgUp2]:58693 [SgUp3]:0 [SgUp4]:0 [SgLow1]:58178 [SgLow2]:58583 [SgLow3]:0 [SgLow4]:0 [NetMuon1]:449370 [NetMuon2]:450526 [NetMuon3]:479532 [NetMuon4]:479532
[Run]:42478 [Site]:2 [Bin]:16434 [FullTime]:3600 [SkipTime]:0 [Veto1]:605.603 [Veto2]:606.766 [Veto3]:406.907 [Veto4]:406.907 [SgUp1]:58283 [SgUp2]:59230 [SgUp3]:0 [SgUp4]:0 [SgLow1]:58190 [SgLow2]:59129 [SgLow3]:0 [SgLow4]:0 [NetMuon1]:448367 [NetMuon2]:448381 [NetMuon3]:478615 [NetMuon4]:478615
[Run]:42478 [Site]:2 [Bin]:16435 [FullTime]:3600 [SkipTime]:0 [Veto1]:601.581 [Veto2]:609.2 [Veto3]:407.306 [Veto4]:407.306 [SgUp1]:58386 [SgUp2]:59077 [SgUp3]:0 [SgUp4]:0 [SgLow1]:58287 [SgLow2]:58959 [SgLow3]:0 [SgLow4]:0 [NetMuon1]:449730 [NetMuon2]:448695 [NetMuon3]:479148 [NetMuon4]:479148
[Run]:42478 [Site]:2 [Bin]:16436 [FullTime]:3600 [SkipTime]:0 [Veto1]:600.077 [Veto2]:616.378 [Veto3]:406.043 [Veto4]:406.043 [SgUp1]:58203 [SgUp2]:58426 [SgUp3]:0 [SgUp4]:0 [SgLow1]:58114 [SgLow2]:58303 [SgLow3]:0 [SgLow4]:0 [NetMuon1]:448810 [NetMuon2]:446629 [NetMuon3]:477919 [NetMuon4]:477919
[Run]:42478 [Site]:2 [Bin]:16437 [FullTime]:3600 [SkipTime]:0 [Veto1]:586.527 [Veto2]:584.176 [Veto3]:407.915 [Veto4]:407.915 [SgUp1]:58712 [SgUp2]:59546 [SgUp3]:0 [SgUp4]:0 [SgLow1]:58624 [SgLow2]:59422 [SgLow3]:0 [SgLow4]:0 [NetMuon1]:453079 [NetMuon2]:453523 [NetMuon3]:479932 [NetMuon4]:479932
[Run]:42478 [Site]:2 [Bin]:16438 [FullTime]:3600 [SkipTime]:0 [Veto1]:582.571 [Veto2]:591.203 [Veto3]:407.108 [Veto4]:407.108 [SgUp1]:59121 [SgUp2]:59143 [SgUp3]:0 [SgUp4]:0 [SgLow1]:59014 [SgLow2]:59023 [SgLow3]:0 [SgLow4]:0 [NetMuon1]:452736 [NetMuon2]:451585 [NetMuon3]:478967 [NetMuon4]:478967
[Run]:42478 [Site]:2 [Bin]:16439 [FullTime]:3600 [SkipTime]:0 [Veto1]:584.075 [Veto2]:597.395 [Veto3]:405.901 [Veto4]:405.901 [SgUp1]:59438 [SgUp2]:59205 [SgUp3]:0 [SgUp4]:0 [SgLow1]:59345 [SgLow2]:59124 [SgLow3]:0 [SgLow4]:0 [NetMuon1]:450914 [NetMuon2]:448701 [NetMuon3]:477565 [NetMuon4]:477565
End process Run: 42478 ... 
[Run]:42478 [Site]:2 [Bin]:16440 [FullTime]:1106.07 [SkipTime]:2227.14 [Veto1]:182.803 [Veto2]:177.268 [Veto3]:124.861 [Veto4]:124.861
