StreamChain add 0x150e57f0
Start to process run: 42841 ... 
[Run]:42841 [Site]:2 [Bin]:16658 [FullTime]:1519.27 [SkipTime]:0 [Veto1]:258.544 [Veto2]:258.639 [Veto3]:171.208 [Veto4]:171.208 [SgUp1]:24627 [SgUp2]:25119 [SgUp3]:0 [SgUp4]:0 [SgLow1]:24589 [SgLow2]:25075 [SgLow3]:0 [SgLow4]:0 [NetMuon1]:188557 [NetMuon2]:188198 [NetMuon3]:201479 [NetMuon4]:201479
[Run]:42841 [Site]:2 [Bin]:16659 [FullTime]:3600 [SkipTime]:0 [Veto1]:587.793 [Veto2]:582.928 [Veto3]:406.408 [Veto4]:406.408 [SgUp1]:58974 [SgUp2]:59501 [SgUp3]:0 [SgUp4]:0 [SgLow1]:58885 [SgLow2]:59385 [SgLow3]:0 [SgLow4]:0 [NetMuon1]:451073 [NetMuon2]:451672 [NetMuon3]:478263 [NetMuon4]:478263
[Run]:42841 [Site]:2 [Bin]:16660 [FullTime]:3600 [SkipTime]:0 [Veto1]:602.015 [Veto2]:605.708 [Veto3]:406.686 [Veto4]:406.686 [SgUp1]:59505 [SgUp2]:59185 [SgUp3]:0 [SgUp4]:0 [SgLow1]:59416 [SgLow2]:59076 [SgLow3]:0 [SgLow4]:0 [NetMuon1]:449178 [NetMuon2]:448552 [NetMuon3]:478427 [NetMuon4]:478427
[Run]:42841 [Site]:2 [Bin]:16661 [FullTime]:3600 [SkipTime]:0 [Veto1]:609.571 [Veto2]:567.637 [Veto3]:406.432 [Veto4]:406.432 [SgUp1]:58581 [SgUp2]:59720 [SgUp3]:0 [SgUp4]:0 [SgLow1]:58483 [SgLow2]:59601 [SgLow3]:0 [SgLow4]:0 [NetMuon1]:447799 [NetMuon2]:454091 [NetMuon3]:478279 [NetMuon4]:478279
[Run]:42841 [Site]:2 [Bin]:16662 [FullTime]:3600 [SkipTime]:0 [Veto1]:579.774 [Veto2]:616.152 [Veto3]:406.784 [Veto4]:406.784 [SgUp1]:59845 [SgUp2]:58694 [SgUp3]:0 [SgUp4]:0 [SgLow1]:59735 [SgLow2]:58592 [SgLow3]:0 [SgLow4]:0 [NetMuon1]:452643 [NetMuon2]:447120 [NetMuon3]:478646 [NetMuon4]:478646
[Run]:42841 [Site]:2 [Bin]:16663 [FullTime]:3600 [SkipTime]:0 [Veto1]:615.74 [Veto2]:603.182 [Veto3]:405.949 [Veto4]:405.949 [SgUp1]:58792 [SgUp2]:59033 [SgUp3]:0 [SgUp4]:0 [SgLow1]:58725 [SgLow2]:58934 [SgLow3]:0 [SgLow4]:0 [NetMuon1]:446534 [NetMuon2]:447843 [NetMuon3]:477628 [NetMuon4]:477628
[Run]:42841 [Site]:2 [Bin]:16664 [FullTime]:3600 [SkipTime]:0 [Veto1]:601.394 [Veto2]:586.303 [Veto3]:406.486 [Veto4]:406.486 [SgUp1]:59271 [SgUp2]:59755 [SgUp3]:0 [SgUp4]:0 [SgLow1]:59176 [SgLow2]:59657 [SgLow3]:0 [SgLow4]:0 [NetMuon1]:449108 [NetMuon2]:451103 [NetMuon3]:478195 [NetMuon4]:478195
[Run]:42841 [Site]:2 [Bin]:16665 [FullTime]:3600 [SkipTime]:0 [Veto1]:621.406 [Veto2]:618.998 [Veto3]:406.954 [Veto4]:406.954 [SgUp1]:59077 [SgUp2]:59480 [SgUp3]:0 [SgUp4]:0 [SgLow1]:58989 [SgLow2]:59387 [SgLow3]:0 [SgLow4]:0 [NetMuon1]:446338 [NetMuon2]:446954 [NetMuon3]:478718 [NetMuon4]:478718
[Run]:42841 [Site]:2 [Bin]:16666 [FullTime]:3600 [SkipTime]:0 [Veto1]:606.598 [Veto2]:596.469 [Veto3]:405.551 [Veto4]:405.551 [SgUp1]:59486 [SgUp2]:59679 [SgUp3]:0 [SgUp4]:0 [SgLow1]:59367 [SgLow2]:59588 [SgLow3]:0 [SgLow4]:0 [NetMuon1]:447372 [NetMuon2]:449057 [NetMuon3]:477388 [NetMuon4]:477388
[Run]:42841 [Site]:2 [Bin]:16667 [FullTime]:3600 [SkipTime]:0 [Veto1]:604.846 [Veto2]:579.95 [Veto3]:406.433 [Veto4]:406.433 [SgUp1]:59580 [SgUp2]:59841 [SgUp3]:0 [SgUp4]:0 [SgLow1]:59479 [SgLow2]:59746 [SgLow3]:0 [SgLow4]:0 [NetMuon1]:448672 [NetMuon2]:452096 [NetMuon3]:478163 [NetMuon4]:478163
[Run]:42841 [Site]:2 [Bin]:16668 [FullTime]:3600 [SkipTime]:0 [Veto1]:591.827 [Veto2]:580.288 [Veto3]:406.72 [Veto4]:406.72 [SgUp1]:59385 [SgUp2]:60131 [SgUp3]:0 [SgUp4]:0 [SgLow1]:59302 [SgLow2]:60035 [SgLow3]:0 [SgLow4]:0 [NetMuon1]:450609 [NetMuon2]:452409 [NetMuon3]:478426 [NetMuon4]:478426
[Run]:42841 [Site]:2 [Bin]:16669 [FullTime]:3600 [SkipTime]:0 [Veto1]:589.978 [Veto2]:598.347 [Veto3]:406.176 [Veto4]:406.176 [SgUp1]:59842 [SgUp2]:59407 [SgUp3]:0 [SgUp4]:0 [SgLow1]:59762 [SgLow2]:59313 [SgLow3]:0 [SgLow4]:0 [NetMuon1]:450655 [NetMuon2]:448745 [NetMuon3]:478063 [NetMuon4]:478063
[Run]:42841 [Site]:2 [Bin]:16670 [FullTime]:3600 [SkipTime]:0 [Veto1]:598.448 [Veto2]:593.645 [Veto3]:406.391 [Veto4]:406.391 [SgUp1]:59130 [SgUp2]:59212 [SgUp3]:0 [SgUp4]:0 [SgLow1]:59017 [SgLow2]:59117 [SgLow3]:0 [SgLow4]:0 [NetMuon1]:449412 [NetMuon2]:450089 [NetMuon3]:478089 [NetMuon4]:478089
[Run]:42841 [Site]:2 [Bin]:16671 [FullTime]:3600 [SkipTime]:0 [Veto1]:605.849 [Veto2]:612.49 [Veto3]:407.271 [Veto4]:407.271 [SgUp1]:59191 [SgUp2]:59284 [SgUp3]:0 [SgUp4]:0 [SgLow1]:59097 [SgLow2]:59172 [SgLow3]:0 [SgLow4]:0 [NetMuon1]:449485 [NetMuon2]:448479 [NetMuon3]:479229 [NetMuon4]:479229
[Run]:42841 [Site]:2 [Bin]:16672 [FullTime]:3600 [SkipTime]:0 [Veto1]:602.125 [Veto2]:621.098 [Veto3]:407.767 [Veto4]:407.767 [SgUp1]:59211 [SgUp2]:59239 [SgUp3]:0 [SgUp4]:0 [SgLow1]:59106 [SgLow2]:59149 [SgLow3]:0 [SgLow4]:0 [NetMuon1]:450435 [NetMuon2]:447506 [NetMuon3]:479569 [NetMuon4]:479569
[Run]:42841 [Site]:2 [Bin]:16673 [FullTime]:3600 [SkipTime]:0 [Veto1]:602.717 [Veto2]:592.345 [Veto3]:406.804 [Veto4]:406.804 [SgUp1]:59290 [SgUp2]:59547 [SgUp3]:0 [SgUp4]:0 [SgLow1]:59203 [SgLow2]:59468 [SgLow3]:0 [SgLow4]:0 [NetMuon1]:449502 [NetMuon2]:451043 [NetMuon3]:478551 [NetMuon4]:478551
[Run]:42841 [Site]:2 [Bin]:16674 [FullTime]:3599.99 [SkipTime]:0 [Veto1]:589.868 [Veto2]:598.452 [Veto3]:406.792 [Veto4]:406.792 [SgUp1]:59848 [SgUp2]:59237 [SgUp3]:0 [SgUp4]:0 [SgLow1]:59745 [SgLow2]:59145 [SgLow3]:0 [SgLow4]:0 [NetMuon1]:450743 [NetMuon2]:449723 [NetMuon3]:478387 [NetMuon4]:478387
[Run]:42841 [Site]:2 [Bin]:16675 [FullTime]:3600 [SkipTime]:0 [Veto1]:605.338 [Veto2]:605.046 [Veto3]:406.811 [Veto4]:406.811 [SgUp1]:59301 [SgUp2]:59311 [SgUp3]:0 [SgUp4]:0 [SgLow1]:59190 [SgLow2]:59218 [SgLow3]:0 [SgLow4]:0 [NetMuon1]:448656 [NetMuon2]:448631 [NetMuon3]:478463 [NetMuon4]:478463
[Run]:42841 [Site]:2 [Bin]:16676 [FullTime]:3600 [SkipTime]:0 [Veto1]:595.451 [Veto2]:583.951 [Veto3]:405.715 [Veto4]:405.715 [SgUp1]:59804 [SgUp2]:59603 [SgUp3]:0 [SgUp4]:0 [SgLow1]:59693 [SgLow2]:59505 [SgLow3]:0 [SgLow4]:0 [NetMuon1]:449120 [NetMuon2]:450613 [NetMuon3]:477388 [NetMuon4]:477388
[Run]:42841 [Site]:2 [Bin]:16677 [FullTime]:3600 [SkipTime]:0 [Veto1]:612.11 [Veto2]:610.177 [Veto3]:405.716 [Veto4]:405.716 [SgUp1]:59102 [SgUp2]:59558 [SgUp3]:0 [SgUp4]:0 [SgLow1]:58983 [SgLow2]:59464 [SgLow3]:0 [SgLow4]:0 [NetMuon1]:446546 [NetMuon2]:446808 [NetMuon3]:477456 [NetMuon4]:477456
[Run]:42841 [Site]:2 [Bin]:16678 [FullTime]:3600 [SkipTime]:0 [Veto1]:601.389 [Veto2]:598.311 [Veto3]:405.911 [Veto4]:405.911 [SgUp1]:59760 [SgUp2]:59095 [SgUp3]:0 [SgUp4]:0 [SgLow1]:59663 [SgLow2]:59017 [SgLow3]:0 [SgLow4]:0 [NetMuon1]:448210 [NetMuon2]:448950 [NetMuon3]:477713 [NetMuon4]:477713
[Run]:42841 [Site]:2 [Bin]:16679 [FullTime]:3600 [SkipTime]:0 [Veto1]:585.764 [Veto2]:609.09 [Veto3]:405.825 [Veto4]:405.825 [SgUp1]:60247 [SgUp2]:59198 [SgUp3]:0 [SgUp4]:0 [SgLow1]:60148 [SgLow2]:59115 [SgLow3]:0 [SgLow4]:0 [NetMuon1]:450822 [NetMuon2]:447280 [NetMuon3]:477633 [NetMuon4]:477633
End process Run: 42841 ... 
[Run]:42841 [Site]:2 [Bin]:16680 [FullTime]:3517.95 [SkipTime]:0 [Veto1]:592.065 [Veto2]:594.559 [Veto3]:396.822 [Veto4]:396.822
