StreamChain add 0x18d997f0
Start to process run: 21241 ... 
[Run]:21241 [Site]:4 [Bin]:97 [FullTime]:3487.87 [SkipTime]:0 [Veto1]:66.8871 [Veto2]:65.953 [Veto3]:65.935 [Veto4]:43.8093 [SgUp1]:83085 [SgUp2]:85796 [SgUp3]:85795 [SgUp4]:0 [SgLow1]:83051 [SgLow2]:85750 [SgLow3]:85754 [SgLow4]:0 [NetMuon1]:54039 [NetMuon2]:54083 [NetMuon3]:54087 [NetMuon4]:54427
[Run]:21241 [Site]:4 [Bin]:98 [FullTime]:3600 [SkipTime]:0 [Veto1]:66.4683 [Veto2]:62.5999 [Veto3]:62.5406 [Veto4]:45.3122 [SgUp1]:86717 [SgUp2]:88015 [SgUp3]:89342 [SgUp4]:0 [SgLow1]:86667 [SgLow2]:87984 [SgLow3]:89287 [SgLow4]:0 [NetMuon1]:55908 [NetMuon2]:55998 [NetMuon3]:55962 [NetMuon4]:56251
[Run]:21241 [Site]:4 [Bin]:99 [FullTime]:3600 [SkipTime]:0 [Veto1]:63.8488 [Veto2]:64.8446 [Veto3]:72.733 [Veto4]:45.6223 [SgUp1]:85955 [SgUp2]:88915 [SgUp3]:88913 [SgUp4]:0 [SgLow1]:85893 [SgLow2]:88866 [SgLow3]:88860 [SgLow4]:0 [NetMuon1]:56375 [NetMuon2]:56369 [NetMuon3]:56231 [NetMuon4]:56666
[Run]:21241 [Site]:4 [Bin]:100 [FullTime]:3600 [SkipTime]:0 [Veto1]:62.5004 [Veto2]:64.4913 [Veto3]:76.3308 [Veto4]:45.2807 [SgUp1]:86306 [SgUp2]:87821 [SgUp3]:88680 [SgUp4]:0 [SgLow1]:86276 [SgLow2]:87790 [SgLow3]:88641 [SgLow4]:0 [NetMuon1]:55944 [NetMuon2]:55923 [NetMuon3]:55760 [NetMuon4]:56236
[Run]:21241 [Site]:4 [Bin]:101 [FullTime]:3600 [SkipTime]:0 [Veto1]:58.8893 [Veto2]:62.8447 [Veto3]:71.7406 [Veto4]:45.5985 [SgUp1]:86463 [SgUp2]:88057 [SgUp3]:88844 [SgUp4]:0 [SgLow1]:86428 [SgLow2]:88028 [SgLow3]:88793 [SgLow4]:0 [NetMuon1]:56410 [NetMuon2]:56369 [NetMuon3]:56223 [NetMuon4]:56632
[Run]:21241 [Site]:4 [Bin]:102 [FullTime]:3600 [SkipTime]:0 [Veto1]:74.2774 [Veto2]:69.3658 [Veto3]:67.4709 [Veto4]:45.2416 [SgUp1]:85456 [SgUp2]:88067 [SgUp3]:88484 [SgUp4]:0 [SgLow1]:85417 [SgLow2]:88041 [SgLow3]:88432 [SgLow4]:0 [NetMuon1]:55693 [NetMuon2]:55806 [NetMuon3]:55834 [NetMuon4]:56186
[Run]:21241 [Site]:4 [Bin]:103 [FullTime]:3600 [SkipTime]:0 [Veto1]:69.4227 [Veto2]:60.5676 [Veto3]:71.3578 [Veto4]:45.2848 [SgUp1]:86062 [SgUp2]:87983 [SgUp3]:88455 [SgUp4]:0 [SgLow1]:86030 [SgLow2]:87953 [SgLow3]:88419 [SgLow4]:0 [NetMuon1]:55858 [NetMuon2]:56003 [NetMuon3]:55840 [NetMuon4]:56230
[Run]:21241 [Site]:4 [Bin]:104 [FullTime]:3600 [SkipTime]:0 [Veto1]:66.3749 [Veto2]:61.4884 [Veto3]:71.2874 [Veto4]:45.1956 [SgUp1]:85987 [SgUp2]:88262 [SgUp3]:88831 [SgUp4]:0 [SgLow1]:85964 [SgLow2]:88229 [SgLow3]:88782 [SgLow4]:0 [NetMuon1]:55851 [NetMuon2]:55880 [NetMuon3]:55698 [NetMuon4]:56152
[Run]:21241 [Site]:4 [Bin]:105 [FullTime]:3600 [SkipTime]:0 [Veto1]:74.4077 [Veto2]:64.5445 [Veto3]:62.5337 [Veto4]:45.31 [SgUp1]:85625 [SgUp2]:87153 [SgUp3]:88484 [SgUp4]:0 [SgLow1]:85579 [SgLow2]:87103 [SgLow3]:88447 [SgLow4]:0 [NetMuon1]:55834 [NetMuon2]:55994 [NetMuon3]:55996 [NetMuon4]:56291
[Run]:21241 [Site]:4 [Bin]:106 [FullTime]:3600 [SkipTime]:0 [Veto1]:70.2463 [Veto2]:61.4123 [Veto3]:72.2648 [Veto4]:45.161 [SgUp1]:85715 [SgUp2]:87204 [SgUp3]:88817 [SgUp4]:0 [SgLow1]:85677 [SgLow2]:87178 [SgLow3]:88771 [SgLow4]:0 [NetMuon1]:55666 [NetMuon2]:55826 [NetMuon3]:55639 [NetMuon4]:56075
[Run]:21241 [Site]:4 [Bin]:107 [FullTime]:3600 [SkipTime]:0 [Veto1]:72.1705 [Veto2]:67.3258 [Veto3]:65.9965 [Veto4]:45.1147 [SgUp1]:85700 [SgUp2]:87245 [SgUp3]:88283 [SgUp4]:0 [SgLow1]:85666 [SgLow2]:87198 [SgLow3]:88270 [SgLow4]:0 [NetMuon1]:55568 [NetMuon2]:55701 [NetMuon3]:55675 [NetMuon4]:56011
[Run]:21241 [Site]:4 [Bin]:108 [FullTime]:3600 [SkipTime]:0 [Veto1]:76.1746 [Veto2]:66.3008 [Veto3]:65.3831 [Veto4]:45.1323 [SgUp1]:85395 [SgUp2]:87883 [SgUp3]:88629 [SgUp4]:0 [SgLow1]:85340 [SgLow2]:87837 [SgLow3]:88595 [SgLow4]:0 [NetMuon1]:55533 [NetMuon2]:55731 [NetMuon3]:55731 [NetMuon4]:56041
[Run]:21241 [Site]:4 [Bin]:109 [FullTime]:3600 [SkipTime]:0 [Veto1]:74.2212 [Veto2]:75.2306 [Veto3]:62.3944 [Veto4]:45.1818 [SgUp1]:85566 [SgUp2]:86857 [SgUp3]:88720 [SgUp4]:0 [SgLow1]:85533 [SgLow2]:86810 [SgLow3]:88658 [SgLow4]:0 [NetMuon1]:55656 [NetMuon2]:55616 [NetMuon3]:55811 [NetMuon4]:56114
[Run]:21241 [Site]:4 [Bin]:110 [FullTime]:3600 [SkipTime]:0 [Veto1]:63.0875 [Veto2]:67.9442 [Veto3]:56.1131 [Veto4]:44.83 [SgUp1]:85570 [SgUp2]:86891 [SgUp3]:88755 [SgUp4]:0 [SgLow1]:85521 [SgLow2]:86854 [SgLow3]:88720 [SgLow4]:0 [NetMuon1]:55378 [NetMuon2]:55242 [NetMuon3]:55470 [NetMuon4]:55649
[Run]:21241 [Site]:4 [Bin]:111 [FullTime]:3600 [SkipTime]:0 [Veto1]:71.5116 [Veto2]:68.559 [Veto3]:60.6809 [Veto4]:45.4207 [SgUp1]:85360 [SgUp2]:87281 [SgUp3]:88941 [SgUp4]:0 [SgLow1]:85325 [SgLow2]:87246 [SgLow3]:88914 [SgLow4]:0 [NetMuon1]:56033 [NetMuon2]:56054 [NetMuon3]:56211 [NetMuon4]:56436
[Run]:21241 [Site]:4 [Bin]:112 [FullTime]:3600 [SkipTime]:0 [Veto1]:62.4083 [Veto2]:69.32 [Veto3]:68.3225 [Veto4]:45.1492 [SgUp1]:85873 [SgUp2]:87318 [SgUp3]:88423 [SgUp4]:0 [SgLow1]:85829 [SgLow2]:87275 [SgLow3]:88375 [SgLow4]:0 [NetMuon1]:55802 [NetMuon2]:55676 [NetMuon3]:55676 [NetMuon4]:56070
[Run]:21241 [Site]:4 [Bin]:113 [FullTime]:3600 [SkipTime]:0 [Veto1]:68.1512 [Veto2]:65.2392 [Veto3]:67.1738 [Veto4]:45.0495 [SgUp1]:85572 [SgUp2]:87490 [SgUp3]:88789 [SgUp4]:0 [SgLow1]:85499 [SgLow2]:87441 [SgLow3]:88734 [SgLow4]:0 [NetMuon1]:55560 [NetMuon2]:55631 [NetMuon3]:55553 [NetMuon4]:55933
[Run]:21241 [Site]:4 [Bin]:114 [FullTime]:3600 [SkipTime]:0 [Veto1]:68.3651 [Veto2]:64.4778 [Veto3]:69.3554 [Veto4]:45.2362 [SgUp1]:85654 [SgUp2]:87726 [SgUp3]:88860 [SgUp4]:0 [SgLow1]:85624 [SgLow2]:87683 [SgLow3]:88825 [SgLow4]:0 [NetMuon1]:55819 [NetMuon2]:55879 [NetMuon3]:55780 [NetMuon4]:56173
[Run]:21241 [Site]:4 [Bin]:115 [FullTime]:3600 [SkipTime]:0 [Veto1]:71.5641 [Veto2]:69.519 [Veto3]:59.6618 [Veto4]:45.3838 [SgUp1]:85834 [SgUp2]:86618 [SgUp3]:88840 [SgUp4]:0 [SgLow1]:85788 [SgLow2]:86574 [SgLow3]:88794 [SgLow4]:0 [NetMuon1]:55969 [NetMuon2]:55945 [NetMuon3]:56132 [NetMuon4]:56357
[Run]:21241 [Site]:4 [Bin]:116 [FullTime]:3600 [SkipTime]:0 [Veto1]:65.0733 [Veto2]:72.9453 [Veto3]:69.0588 [Veto4]:44.918 [SgUp1]:86120 [SgUp2]:87395 [SgUp3]:88611 [SgUp4]:0 [SgLow1]:86084 [SgLow2]:87349 [SgLow3]:88554 [SgLow4]:0 [NetMuon1]:55451 [NetMuon2]:55307 [NetMuon3]:55394 [NetMuon4]:55786
[Run]:21241 [Site]:4 [Bin]:117 [FullTime]:3600 [SkipTime]:0 [Veto1]:62.1106 [Veto2]:64.1349 [Veto3]:65.0681 [Veto4]:44.889 [SgUp1]:86165 [SgUp2]:86987 [SgUp3]:88443 [SgUp4]:0 [SgLow1]:86114 [SgLow2]:86959 [SgLow3]:88388 [SgLow4]:0 [NetMuon1]:55462 [NetMuon2]:55432 [NetMuon3]:55398 [NetMuon4]:55742
[Run]:21241 [Site]:4 [Bin]:118 [FullTime]:3600 [SkipTime]:0 [Veto1]:66.3075 [Veto2]:74.3151 [Veto3]:64.3285 [Veto4]:45.1287 [SgUp1]:86222 [SgUp2]:86843 [SgUp3]:89115 [SgUp4]:0 [SgLow1]:86193 [SgLow2]:86798 [SgLow3]:89073 [SgLow4]:0 [NetMuon1]:55734 [NetMuon2]:55617 [NetMuon3]:55763 [NetMuon4]:56057
[Run]:21241 [Site]:4 [Bin]:119 [FullTime]:3600 [SkipTime]:0 [Veto1]:63.4501 [Veto2]:68.4123 [Veto3]:71.3669 [Veto4]:45.2265 [SgUp1]:85708 [SgUp2]:86946 [SgUp3]:88176 [SgUp4]:0 [SgLow1]:85664 [SgLow2]:86904 [SgLow3]:88129 [SgLow4]:0 [NetMuon1]:55870 [NetMuon2]:55782 [NetMuon3]:55747 [NetMuon4]:56154
[Run]:21241 [Site]:4 [Bin]:120 [FullTime]:3600 [SkipTime]:0 [Veto1]:67.332 [Veto2]:64.3419 [Veto3]:70.267 [Veto4]:45.1264 [SgUp1]:85463 [SgUp2]:87164 [SgUp3]:88802 [SgUp4]:0 [SgLow1]:85411 [SgLow2]:87113 [SgLow3]:88746 [SgLow4]:0 [NetMuon1]:55726 [NetMuon2]:55758 [NetMuon3]:55644 [NetMuon4]:56052
[Run]:21241 [Site]:4 [Bin]:121 [FullTime]:3600 [SkipTime]:0 [Veto1]:74.0515 [Veto2]:68.7405 [Veto3]:70.677 [Veto4]:45.5214 [SgUp1]:85041 [SgUp2]:87041 [SgUp3]:87809 [SgUp4]:0 [SgLow1]:85012 [SgLow2]:86993 [SgLow3]:87767 [SgLow4]:0 [NetMuon1]:56108 [NetMuon2]:56181 [NetMuon3]:56139 [NetMuon4]:56528
[Run]:21241 [Site]:4 [Bin]:122 [FullTime]:3600 [SkipTime]:0 [Veto1]:66.5412 [Veto2]:59.663 [Veto3]:67.4847 [Veto4]:45.3462 [SgUp1]:86018 [SgUp2]:87802 [SgUp3]:88815 [SgUp4]:0 [SgLow1]:85982 [SgLow2]:87745 [SgLow3]:88765 [SgLow4]:0 [NetMuon1]:55997 [NetMuon2]:56066 [NetMuon3]:55959 [NetMuon4]:56323
[Run]:21241 [Site]:4 [Bin]:123 [FullTime]:3600 [SkipTime]:0 [Veto1]:78.273 [Veto2]:62.4775 [Veto3]:63.4755 [Veto4]:45.2286 [SgUp1]:85358 [SgUp2]:88173 [SgUp3]:88395 [SgUp4]:0 [SgLow1]:85323 [SgLow2]:88131 [SgLow3]:88349 [SgLow4]:0 [NetMuon1]:55673 [NetMuon2]:55876 [NetMuon3]:55873 [NetMuon4]:56160
[Run]:21241 [Site]:4 [Bin]:124 [FullTime]:3599.99 [SkipTime]:0 [Veto1]:68.1953 [Veto2]:59.3235 [Veto3]:62.3048 [Veto4]:45.0679 [SgUp1]:85950 [SgUp2]:87558 [SgUp3]:88222 [SgUp4]:0 [SgLow1]:85895 [SgLow2]:87513 [SgLow3]:88184 [SgLow4]:0 [NetMuon1]:55598 [NetMuon2]:55732 [NetMuon3]:55699 [NetMuon4]:55972
[Run]:21241 [Site]:4 [Bin]:125 [FullTime]:3600 [SkipTime]:0 [Veto1]:65.4715 [Veto2]:75.2683 [Veto3]:65.4667 [Veto4]:45.2596 [SgUp1]:85845 [SgUp2]:87827 [SgUp3]:88571 [SgUp4]:0 [SgLow1]:85813 [SgLow2]:87778 [SgLow3]:88516 [SgLow4]:0 [NetMuon1]:55879 [NetMuon2]:55737 [NetMuon3]:55896 [NetMuon4]:56211
[Run]:21241 [Site]:4 [Bin]:126 [FullTime]:3600 [SkipTime]:0 [Veto1]:61.9561 [Veto2]:62.9794 [Veto3]:62.9503 [Veto4]:44.7767 [SgUp1]:86237 [SgUp2]:87064 [SgUp3]:88476 [SgUp4]:0 [SgLow1]:86192 [SgLow2]:87033 [SgLow3]:88437 [SgLow4]:0 [NetMuon1]:55324 [NetMuon2]:55304 [NetMuon3]:55323 [NetMuon4]:55602
[Run]:21241 [Site]:4 [Bin]:127 [FullTime]:3600 [SkipTime]:0 [Veto1]:66.3199 [Veto2]:62.3694 [Veto3]:71.2941 [Veto4]:45.1279 [SgUp1]:85066 [SgUp2]:87666 [SgUp3]:88496 [SgUp4]:0 [SgLow1]:85032 [SgLow2]:87630 [SgLow3]:88467 [SgLow4]:0 [NetMuon1]:55699 [NetMuon2]:55787 [NetMuon3]:55664 [NetMuon4]:56057
[Run]:21241 [Site]:4 [Bin]:128 [FullTime]:3600 [SkipTime]:0 [Veto1]:65.0728 [Veto2]:67.0265 [Veto3]:69.6324 [Veto4]:44.8718 [SgUp1]:85083 [SgUp2]:87518 [SgUp3]:88220 [SgUp4]:0 [SgLow1]:85032 [SgLow2]:87461 [SgLow3]:88158 [SgLow4]:0 [NetMuon1]:55421 [NetMuon2]:55412 [NetMuon3]:55339 [NetMuon4]:55753
[Run]:21241 [Site]:4 [Bin]:129 [FullTime]:3600 [SkipTime]:0 [Veto1]:59.4135 [Veto2]:65.3612 [Veto3]:61.9698 [Veto4]:45.1403 [SgUp1]:85800 [SgUp2]:87350 [SgUp3]:88557 [SgUp4]:0 [SgLow1]:85768 [SgLow2]:87296 [SgLow3]:88523 [SgLow4]:0 [NetMuon1]:55800 [NetMuon2]:55749 [NetMuon3]:55799 [NetMuon4]:56052
[Run]:21241 [Site]:4 [Bin]:130 [FullTime]:3600 [SkipTime]:0 [Veto1]:68.3618 [Veto2]:59.4942 [Veto3]:80.1976 [Veto4]:45.198 [SgUp1]:86196 [SgUp2]:87282 [SgUp3]:88649 [SgUp4]:0 [SgLow1]:86166 [SgLow2]:87255 [SgLow3]:88614 [SgLow4]:0 [NetMuon1]:55724 [NetMuon2]:55882 [NetMuon3]:55535 [NetMuon4]:56098
[Run]:21241 [Site]:4 [Bin]:131 [FullTime]:3600 [SkipTime]:0 [Veto1]:68.2005 [Veto2]:69.1763 [Veto3]:69.16 [Veto4]:45.0429 [SgUp1]:85149 [SgUp2]:87647 [SgUp3]:88596 [SgUp4]:0 [SgLow1]:85120 [SgLow2]:87611 [SgLow3]:88553 [SgLow4]:0 [NetMuon1]:55570 [NetMuon2]:55564 [NetMuon3]:55570 [NetMuon4]:55952
[Run]:21241 [Site]:4 [Bin]:132 [FullTime]:3600 [SkipTime]:0 [Veto1]:71.3312 [Veto2]:65.2433 [Veto3]:70.1291 [Veto4]:45.0121 [SgUp1]:85476 [SgUp2]:86902 [SgUp3]:88316 [SgUp4]:0 [SgLow1]:85438 [SgLow2]:86860 [SgLow3]:88287 [SgLow4]:0 [NetMuon1]:55475 [NetMuon2]:55575 [NetMuon3]:55460 [NetMuon4]:55872
[Run]:21241 [Site]:4 [Bin]:133 [FullTime]:3600 [SkipTime]:0 [Veto1]:63.433 [Veto2]:64.4165 [Veto3]:64.072 [Veto4]:45.1664 [SgUp1]:85140 [SgUp2]:87397 [SgUp3]:88313 [SgUp4]:0 [SgLow1]:85075 [SgLow2]:87347 [SgLow3]:88269 [SgLow4]:0 [NetMuon1]:55846 [NetMuon2]:55806 [NetMuon3]:55808 [NetMuon4]:56105
[Run]:21241 [Site]:4 [Bin]:134 [FullTime]:3600 [SkipTime]:0 [Veto1]:60.1035 [Veto2]:64.0239 [Veto3]:74.9112 [Veto4]:44.8371 [SgUp1]:85427 [SgUp2]:87679 [SgUp3]:88302 [SgUp4]:0 [SgLow1]:85385 [SgLow2]:87629 [SgLow3]:88266 [SgLow4]:0 [NetMuon1]:55456 [NetMuon2]:55409 [NetMuon3]:55229 [NetMuon4]:55702
[Run]:21241 [Site]:4 [Bin]:135 [FullTime]:3599.99 [SkipTime]:0 [Veto1]:64.4866 [Veto2]:68.4257 [Veto3]:69.8003 [Veto4]:45.2202 [SgUp1]:85787 [SgUp2]:87076 [SgUp3]:88653 [SgUp4]:0 [SgLow1]:85741 [SgLow2]:87041 [SgLow3]:88611 [SgLow4]:0 [NetMuon1]:55856 [NetMuon2]:55797 [NetMuon3]:55805 [NetMuon4]:56160
[Run]:21241 [Site]:4 [Bin]:136 [FullTime]:3600 [SkipTime]:0 [Veto1]:84.016 [Veto2]:70.156 [Veto3]:77.1055 [Veto4]:45.0557 [SgUp1]:85576 [SgUp2]:87170 [SgUp3]:88663 [SgUp4]:0 [SgLow1]:85520 [SgLow2]:87147 [SgLow3]:88625 [SgLow4]:0 [NetMuon1]:55365 [NetMuon2]:55511 [NetMuon3]:55465 [NetMuon4]:55942
[Run]:21241 [Site]:4 [Bin]:137 [FullTime]:3600 [SkipTime]:0 [Veto1]:64.2433 [Veto2]:69.1731 [Veto3]:71.0861 [Veto4]:45.0227 [SgUp1]:86112 [SgUp2]:86737 [SgUp3]:88942 [SgUp4]:0 [SgLow1]:86065 [SgLow2]:86690 [SgLow3]:88896 [SgLow4]:0 [NetMuon1]:55643 [NetMuon2]:55531 [NetMuon3]:55491 [NetMuon4]:55924
[Run]:21241 [Site]:4 [Bin]:138 [FullTime]:3600 [SkipTime]:0 [Veto1]:65.4595 [Veto2]:67.4489 [Veto3]:64.4655 [Veto4]:45.2418 [SgUp1]:85350 [SgUp2]:87976 [SgUp3]:88497 [SgUp4]:0 [SgLow1]:85312 [SgLow2]:87936 [SgLow3]:88449 [SgLow4]:0 [NetMuon1]:55885 [NetMuon2]:55875 [NetMuon3]:55879 [NetMuon4]:56208
[Run]:21241 [Site]:4 [Bin]:139 [FullTime]:3600 [SkipTime]:0 [Veto1]:72.8888 [Veto2]:67.9495 [Veto3]:70.9509 [Veto4]:44.806 [SgUp1]:85449 [SgUp2]:87572 [SgUp3]:87536 [SgUp4]:0 [SgLow1]:85402 [SgLow2]:87535 [SgLow3]:87505 [SgLow4]:0 [NetMuon1]:55220 [NetMuon2]:55292 [NetMuon3]:55259 [NetMuon4]:55660
[Run]:21241 [Site]:4 [Bin]:140 [FullTime]:3600 [SkipTime]:0 [Veto1]:67.1636 [Veto2]:68.1719 [Veto3]:60.2939 [Veto4]:44.9846 [SgUp1]:85369 [SgUp2]:87189 [SgUp3]:88160 [SgUp4]:0 [SgLow1]:85337 [SgLow2]:87141 [SgLow3]:88101 [SgLow4]:0 [NetMuon1]:55532 [NetMuon2]:55505 [NetMuon3]:55664 [NetMuon4]:55872
[Run]:21241 [Site]:4 [Bin]:141 [FullTime]:3600 [SkipTime]:0 [Veto1]:69.1798 [Veto2]:64.2583 [Veto3]:63.5359 [Veto4]:45.0301 [SgUp1]:85203 [SgUp2]:87858 [SgUp3]:88000 [SgUp4]:0 [SgLow1]:85163 [SgLow2]:87809 [SgLow3]:87961 [SgLow4]:0 [NetMuon1]:55522 [NetMuon2]:55635 [NetMuon3]:55583 [NetMuon4]:55909
[Run]:21241 [Site]:4 [Bin]:142 [FullTime]:3600 [SkipTime]:0 [Veto1]:67.1908 [Veto2]:71.1231 [Veto3]:68.3488 [Veto4]:44.9662 [SgUp1]:85517 [SgUp2]:87592 [SgUp3]:88011 [SgUp4]:0 [SgLow1]:85474 [SgLow2]:87555 [SgLow3]:87963 [SgLow4]:0 [NetMuon1]:55492 [NetMuon2]:55461 [NetMuon3]:55516 [NetMuon4]:55858
[Run]:21241 [Site]:4 [Bin]:143 [FullTime]:3600 [SkipTime]:0 [Veto1]:63.9421 [Veto2]:66.8702 [Veto3]:69.7946 [Veto4]:44.6939 [SgUp1]:85476 [SgUp2]:87503 [SgUp3]:87624 [SgUp4]:0 [SgLow1]:85429 [SgLow2]:87454 [SgLow3]:87595 [SgLow4]:0 [NetMuon1]:55265 [NetMuon2]:55184 [NetMuon3]:55090 [NetMuon4]:55519
End process Run: 21241 ... 
[Run]:21241 [Site]:4 [Bin]:144 [FullTime]:2455.55 [SkipTime]:0 [Veto1]:49.3624 [Veto2]:48.4019 [Veto3]:53.5621 [Veto4]:30.6561
