StreamChain add 0x12e797f0
Start to process run: 21842 ... 
[Run]:21842 [Site]:4 [Bin]:744 [FullTime]:3164.12 [SkipTime]:0 [Veto1]:58.9106 [Veto2]:54.9476 [Veto3]:58.9205 [Veto4]:37.882 [SgUp1]:66363 [SgUp2]:68227 [SgUp3]:68215 [SgUp4]:0 [SgLow1]:66319 [SgLow2]:68182 [SgLow3]:68181 [SgLow4]:0 [NetMuon1]:46743 [NetMuon2]:46831 [NetMuon3]:46781 [NetMuon4]:47077
[Run]:21842 [Site]:4 [Bin]:745 [FullTime]:3599.99 [SkipTime]:0 [Veto1]:73.1673 [Veto2]:70.1372 [Veto3]:66.2262 [Veto4]:43.0476 [SgUp1]:75577 [SgUp2]:77578 [SgUp3]:78165 [SgUp4]:0 [SgLow1]:75551 [SgLow2]:77542 [SgLow3]:78138 [SgLow4]:0 [NetMuon1]:53041 [NetMuon2]:53025 [NetMuon3]:53110 [NetMuon4]:53470
[Run]:21842 [Site]:4 [Bin]:746 [FullTime]:3600 [SkipTime]:0 [Veto1]:58.3765 [Veto2]:68.2792 [Veto3]:72.2007 [Veto4]:43.1293 [SgUp1]:75780 [SgUp2]:77429 [SgUp3]:78126 [SgUp4]:0 [SgLow1]:75755 [SgLow2]:77409 [SgLow3]:78087 [SgLow4]:0 [NetMuon1]:53362 [NetMuon2]:53201 [NetMuon3]:53154 [NetMuon4]:53591
[Run]:21842 [Site]:4 [Bin]:747 [FullTime]:3600 [SkipTime]:0 [Veto1]:70.3566 [Veto2]:67.4596 [Veto3]:61.5244 [Veto4]:43.2531 [SgUp1]:76099 [SgUp2]:77692 [SgUp3]:77658 [SgUp4]:0 [SgLow1]:76078 [SgLow2]:77659 [SgLow3]:77630 [SgLow4]:0 [NetMuon1]:53334 [NetMuon2]:53380 [NetMuon3]:53476 [NetMuon4]:53734
[Run]:21842 [Site]:4 [Bin]:748 [FullTime]:3600 [SkipTime]:0 [Veto1]:61.6737 [Veto2]:57.7719 [Veto3]:63.6997 [Veto4]:43.4559 [SgUp1]:75742 [SgUp2]:77928 [SgUp3]:77951 [SgUp4]:0 [SgLow1]:75718 [SgLow2]:77899 [SgLow3]:77921 [SgLow4]:0 [NetMuon1]:53652 [NetMuon2]:53741 [NetMuon3]:53678 [NetMuon4]:53963
[Run]:21842 [Site]:4 [Bin]:749 [FullTime]:3600 [SkipTime]:0 [Veto1]:68.3656 [Veto2]:62.4258 [Veto3]:66.3446 [Veto4]:43.2298 [SgUp1]:75689 [SgUp2]:77733 [SgUp3]:77992 [SgUp4]:0 [SgLow1]:75660 [SgLow2]:77708 [SgLow3]:77953 [SgLow4]:0 [NetMuon1]:53327 [NetMuon2]:53411 [NetMuon3]:53343 [NetMuon4]:53715
[Run]:21842 [Site]:4 [Bin]:750 [FullTime]:3600 [SkipTime]:0 [Veto1]:71.3605 [Veto2]:54.5566 [Veto3]:63.5101 [Veto4]:43.253 [SgUp1]:76056 [SgUp2]:78493 [SgUp3]:78316 [SgUp4]:0 [SgLow1]:76013 [SgLow2]:78444 [SgLow3]:78290 [SgLow4]:0 [NetMuon1]:53288 [NetMuon2]:53569 [NetMuon3]:53420 [NetMuon4]:53726
[Run]:21842 [Site]:4 [Bin]:751 [FullTime]:3600 [SkipTime]:0 [Veto1]:68.2294 [Veto2]:70.1922 [Veto3]:65.2614 [Veto4]:43.0831 [SgUp1]:76209 [SgUp2]:78458 [SgUp3]:77953 [SgUp4]:0 [SgLow1]:76195 [SgLow2]:78422 [SgLow3]:77928 [SgLow4]:0 [NetMuon1]:53128 [NetMuon2]:53099 [NetMuon3]:53206 [NetMuon4]:53500
[Run]:21842 [Site]:4 [Bin]:752 [FullTime]:3600 [SkipTime]:0 [Veto1]:65.3185 [Veto2]:66.3021 [Veto3]:60.3091 [Veto4]:43.1088 [SgUp1]:76598 [SgUp2]:78761 [SgUp3]:78428 [SgUp4]:0 [SgLow1]:76574 [SgLow2]:78730 [SgLow3]:78401 [SgLow4]:0 [NetMuon1]:53243 [NetMuon2]:53204 [NetMuon3]:53285 [NetMuon4]:53559
[Run]:21842 [Site]:4 [Bin]:753 [FullTime]:3600 [SkipTime]:0 [Veto1]:64.0916 [Veto2]:64.1651 [Veto3]:56.2074 [Veto4]:42.928 [SgUp1]:76037 [SgUp2]:78498 [SgUp3]:77960 [SgUp4]:0 [SgLow1]:76003 [SgLow2]:78466 [SgLow3]:77933 [SgLow4]:0 [NetMuon1]:53010 [NetMuon2]:53048 [NetMuon3]:53142 [NetMuon4]:53342
[Run]:21842 [Site]:4 [Bin]:754 [FullTime]:3600 [SkipTime]:0 [Veto1]:59.1448 [Veto2]:67.0603 [Veto3]:65.5533 [Veto4]:43.3912 [SgUp1]:76623 [SgUp2]:78611 [SgUp3]:78071 [SgUp4]:0 [SgLow1]:76586 [SgLow2]:78584 [SgLow3]:78050 [SgLow4]:0 [NetMuon1]:53621 [NetMuon2]:53483 [NetMuon3]:53536 [NetMuon4]:53866
[Run]:21842 [Site]:4 [Bin]:755 [FullTime]:3600 [SkipTime]:0 [Veto1]:64.075 [Veto2]:63.0456 [Veto3]:65.0614 [Veto4]:42.8797 [SgUp1]:75981 [SgUp2]:78479 [SgUp3]:77916 [SgUp4]:0 [SgLow1]:75949 [SgLow2]:78447 [SgLow3]:77880 [SgLow4]:0 [NetMuon1]:52952 [NetMuon2]:52964 [NetMuon3]:52973 [NetMuon4]:53291
[Run]:21842 [Site]:4 [Bin]:756 [FullTime]:3600 [SkipTime]:0 [Veto1]:68.1335 [Veto2]:63.2022 [Veto3]:64.222 [Veto4]:43.0284 [SgUp1]:75871 [SgUp2]:78771 [SgUp3]:77510 [SgUp4]:0 [SgLow1]:75843 [SgLow2]:78737 [SgLow3]:77481 [SgLow4]:0 [NetMuon1]:53059 [NetMuon2]:53146 [NetMuon3]:53163 [NetMuon4]:53473
[Run]:21842 [Site]:4 [Bin]:757 [FullTime]:3600 [SkipTime]:0 [Veto1]:66.2315 [Veto2]:55.3882 [Veto3]:63.2617 [Veto4]:43.0821 [SgUp1]:76095 [SgUp2]:78619 [SgUp3]:78055 [SgUp4]:0 [SgLow1]:76071 [SgLow2]:78578 [SgLow3]:78027 [SgLow4]:0 [NetMuon1]:53173 [NetMuon2]:53346 [NetMuon3]:53232 [NetMuon4]:53529
[Run]:21842 [Site]:4 [Bin]:758 [FullTime]:3600.01 [SkipTime]:0 [Veto1]:64.3337 [Veto2]:67.3291 [Veto3]:73.2309 [Veto4]:43.1623 [SgUp1]:76120 [SgUp2]:78518 [SgUp3]:77906 [SgUp4]:0 [SgLow1]:76069 [SgLow2]:78476 [SgLow3]:77861 [SgLow4]:0 [NetMuon1]:53304 [NetMuon2]:53269 [NetMuon3]:53200 [NetMuon4]:53643
[Run]:21842 [Site]:4 [Bin]:759 [FullTime]:3599.99 [SkipTime]:0 [Veto1]:61.0486 [Veto2]:66.0312 [Veto3]:66.9839 [Veto4]:42.8404 [SgUp1]:75862 [SgUp2]:77925 [SgUp3]:77871 [SgUp4]:0 [SgLow1]:75840 [SgLow2]:77891 [SgLow3]:77849 [SgLow4]:0 [NetMuon1]:52915 [NetMuon2]:52862 [NetMuon3]:52838 [NetMuon4]:53199
[Run]:21842 [Site]:4 [Bin]:760 [FullTime]:3600.01 [SkipTime]:0 [Veto1]:65.3662 [Veto2]:67.3503 [Veto3]:63.4523 [Veto4]:43.2241 [SgUp1]:76353 [SgUp2]:78837 [SgUp3]:77368 [SgUp4]:0 [SgLow1]:76323 [SgLow2]:78807 [SgLow3]:77347 [SgLow4]:0 [NetMuon1]:53364 [NetMuon2]:53361 [NetMuon3]:53429 [NetMuon4]:53713
[Run]:21842 [Site]:4 [Bin]:761 [FullTime]:3599.99 [SkipTime]:0 [Veto1]:72.0153 [Veto2]:64.0627 [Veto3]:59.1582 [Veto4]:42.9123 [SgUp1]:75928 [SgUp2]:78068 [SgUp3]:78061 [SgUp4]:0 [SgLow1]:75896 [SgLow2]:78032 [SgLow3]:78026 [SgLow4]:0 [NetMuon1]:52893 [NetMuon2]:52968 [NetMuon3]:53035 [NetMuon4]:53308
[Run]:21842 [Site]:4 [Bin]:762 [FullTime]:3600 [SkipTime]:0 [Veto1]:65.0352 [Veto2]:64.0408 [Veto3]:68.9623 [Veto4]:42.8682 [SgUp1]:76654 [SgUp2]:78237 [SgUp3]:77974 [SgUp4]:0 [SgLow1]:76621 [SgLow2]:78201 [SgLow3]:77954 [SgLow4]:0 [NetMuon1]:52937 [NetMuon2]:52941 [NetMuon3]:52826 [NetMuon4]:53265
[Run]:21842 [Site]:4 [Bin]:763 [FullTime]:3600 [SkipTime]:0 [Veto1]:67.2613 [Veto2]:67.3017 [Veto3]:66.2672 [Veto4]:43.1117 [SgUp1]:75662 [SgUp2]:77914 [SgUp3]:78428 [SgUp4]:0 [SgLow1]:75618 [SgLow2]:77888 [SgLow3]:78409 [SgLow4]:0 [NetMuon1]:53195 [NetMuon2]:53216 [NetMuon3]:53203 [NetMuon4]:53550
[Run]:21842 [Site]:4 [Bin]:764 [FullTime]:3600 [SkipTime]:0 [Veto1]:76.7902 [Veto2]:60.0098 [Veto3]:60.9471 [Veto4]:42.8011 [SgUp1]:76341 [SgUp2]:78111 [SgUp3]:77722 [SgUp4]:0 [SgLow1]:76313 [SgLow2]:78089 [SgLow3]:77686 [SgLow4]:0 [NetMuon1]:52648 [NetMuon2]:52902 [NetMuon3]:52869 [NetMuon4]:53158
[Run]:21842 [Site]:4 [Bin]:765 [FullTime]:3600 [SkipTime]:0 [Veto1]:65.1564 [Veto2]:62.2427 [Veto3]:65.1134 [Veto4]:42.9977 [SgUp1]:76281 [SgUp2]:78117 [SgUp3]:77451 [SgUp4]:0 [SgLow1]:76259 [SgLow2]:78093 [SgLow3]:77421 [SgLow4]:0 [NetMuon1]:53114 [NetMuon2]:53107 [NetMuon3]:53073 [NetMuon4]:53429
[Run]:21842 [Site]:4 [Bin]:766 [FullTime]:3600 [SkipTime]:0 [Veto1]:62.3275 [Veto2]:60.317 [Veto3]:69.2264 [Veto4]:43.0974 [SgUp1]:76122 [SgUp2]:78285 [SgUp3]:77705 [SgUp4]:0 [SgLow1]:76063 [SgLow2]:78264 [SgLow3]:77683 [SgLow4]:0 [NetMuon1]:53282 [NetMuon2]:53294 [NetMuon3]:53177 [NetMuon4]:53561
[Run]:21842 [Site]:4 [Bin]:767 [FullTime]:3600 [SkipTime]:0 [Veto1]:61.2396 [Veto2]:62.2468 [Veto3]:57.3175 [Veto4]:43.0395 [SgUp1]:76280 [SgUp2]:78144 [SgUp3]:78585 [SgUp4]:0 [SgLow1]:76257 [SgLow2]:78114 [SgLow3]:78549 [SgLow4]:0 [NetMuon1]:53174 [NetMuon2]:53131 [NetMuon3]:53221 [NetMuon4]:53446
[Run]:21842 [Site]:4 [Bin]:768 [FullTime]:3600 [SkipTime]:0 [Veto1]:62.1187 [Veto2]:64.1614 [Veto3]:64.0904 [Veto4]:42.9309 [SgUp1]:76578 [SgUp2]:77947 [SgUp3]:77635 [SgUp4]:0 [SgLow1]:76544 [SgLow2]:77918 [SgLow3]:77603 [SgLow4]:0 [NetMuon1]:53009 [NetMuon2]:53034 [NetMuon3]:52988 [NetMuon4]:53326
End process Run: 21842 ... 
[Run]:21842 [Site]:4 [Bin]:769 [FullTime]:79.4444 [SkipTime]:0 [Veto1]:0.966551 [Veto2]:1.95718 [Veto3]:0.966517 [Veto4]:0.936917
