StreamChain add 0xe75a7f0
Start to process run: 21223 ... 
[Run]:21223 [Site]:4 [Bin]:14 [FullTime]:361.541 [SkipTime]:0 [Veto1]:5.83167 [Veto2]:5.81735 [Veto3]:5.81897 [Veto4]:4.68638 [SgUp1]:8605 [SgUp2]:8774 [SgUp3]:8892 [SgUp4]:0 [SgLow1]:8603 [SgLow2]:8774 [SgLow3]:8885 [SgLow4]:0 [NetMuon1]:5806 [NetMuon2]:5802 [NetMuon3]:5799 [NetMuon4]:5824
[Run]:21223 [Site]:4 [Bin]:15 [FullTime]:3600 [SkipTime]:0 [Veto1]:67.9044 [Veto2]:66.3418 [Veto3]:74.8387 [Veto4]:46.7442 [SgUp1]:86165 [SgUp2]:88711 [SgUp3]:88786 [SgUp4]:0 [SgLow1]:86122 [SgLow2]:88658 [SgLow3]:88734 [SgLow4]:0 [NetMuon1]:57664 [NetMuon2]:57684 [NetMuon3]:57599 [NetMuon4]:58025
[Run]:21223 [Site]:4 [Bin]:16 [FullTime]:3600 [SkipTime]:0 [Veto1]:69.7034 [Veto2]:67.7702 [Veto3]:67.7462 [Veto4]:46.5649 [SgUp1]:85913 [SgUp2]:87985 [SgUp3]:88779 [SgUp4]:0 [SgLow1]:85858 [SgLow2]:87934 [SgLow3]:88724 [SgLow4]:0 [NetMuon1]:57428 [NetMuon2]:57469 [NetMuon3]:57467 [NetMuon4]:57831
[Run]:21223 [Site]:4 [Bin]:17 [FullTime]:3600 [SkipTime]:0 [Veto1]:65.0473 [Veto2]:81.8626 [Veto3]:62.1201 [Veto4]:46.8378 [SgUp1]:85991 [SgUp2]:87911 [SgUp3]:88879 [SgUp4]:0 [SgLow1]:85939 [SgLow2]:87867 [SgLow3]:88836 [SgLow4]:0 [NetMuon1]:57854 [NetMuon2]:57581 [NetMuon3]:57886 [NetMuon4]:58144
[Run]:21223 [Site]:4 [Bin]:18 [FullTime]:3600 [SkipTime]:0 [Veto1]:63.8052 [Veto2]:74.4162 [Veto3]:69.4354 [Veto4]:46.3106 [SgUp1]:86261 [SgUp2]:88406 [SgUp3]:89115 [SgUp4]:0 [SgLow1]:86234 [SgLow2]:88360 [SgLow3]:89056 [SgLow4]:0 [NetMuon1]:57222 [NetMuon2]:57059 [NetMuon3]:57134 [NetMuon4]:57509
[Run]:21223 [Site]:4 [Bin]:19 [FullTime]:3600 [SkipTime]:0 [Veto1]:71.8401 [Veto2]:81.7447 [Veto3]:70.8357 [Veto4]:46.7142 [SgUp1]:86799 [SgUp2]:88485 [SgUp3]:89897 [SgUp4]:0 [SgLow1]:86752 [SgLow2]:88436 [SgLow3]:89847 [SgLow4]:0 [NetMuon1]:57614 [NetMuon2]:57468 [NetMuon3]:57589 [NetMuon4]:58013
[Run]:21223 [Site]:4 [Bin]:20 [FullTime]:3600 [SkipTime]:0 [Veto1]:64.7167 [Veto2]:67.663 [Veto3]:68.6958 [Veto4]:46.4776 [SgUp1]:87515 [SgUp2]:88714 [SgUp3]:90101 [SgUp4]:0 [SgLow1]:87462 [SgLow2]:88667 [SgLow3]:90066 [SgLow4]:0 [NetMuon1]:57421 [NetMuon2]:57389 [NetMuon3]:57381 [NetMuon4]:57720
[Run]:21223 [Site]:4 [Bin]:21 [FullTime]:3600 [SkipTime]:0 [Veto1]:67.7126 [Veto2]:66.6295 [Veto3]:65.741 [Veto4]:46.5 [SgUp1]:86195 [SgUp2]:89421 [SgUp3]:89662 [SgUp4]:0 [SgLow1]:86144 [SgLow2]:89372 [SgLow3]:89614 [SgLow4]:0 [NetMuon1]:57416 [NetMuon2]:57363 [NetMuon3]:57445 [NetMuon4]:57753
[Run]:21223 [Site]:4 [Bin]:22 [FullTime]:3600 [SkipTime]:0 [Veto1]:70.53 [Veto2]:71.5335 [Veto3]:65.5615 [Veto4]:46.3774 [SgUp1]:87194 [SgUp2]:88839 [SgUp3]:90666 [SgUp4]:0 [SgLow1]:87155 [SgLow2]:88806 [SgLow3]:90617 [SgLow4]:0 [NetMuon1]:57206 [NetMuon2]:57164 [NetMuon3]:57239 [NetMuon4]:57571
[Run]:21223 [Site]:4 [Bin]:23 [FullTime]:3600 [SkipTime]:0 [Veto1]:62.8995 [Veto2]:69.811 [Veto3]:65.873 [Veto4]:46.6347 [SgUp1]:87770 [SgUp2]:89611 [SgUp3]:90143 [SgUp4]:0 [SgLow1]:87735 [SgLow2]:89564 [SgLow3]:90093 [SgLow4]:0 [NetMuon1]:57652 [NetMuon2]:57540 [NetMuon3]:57609 [NetMuon4]:57924
[Run]:21223 [Site]:4 [Bin]:24 [FullTime]:3600 [SkipTime]:0 [Veto1]:74.8191 [Veto2]:67.824 [Veto3]:67.835 [Veto4]:46.6789 [SgUp1]:87167 [SgUp2]:89368 [SgUp3]:89946 [SgUp4]:0 [SgLow1]:87121 [SgLow2]:89318 [SgLow3]:89902 [SgLow4]:0 [NetMuon1]:57482 [NetMuon2]:57599 [NetMuon3]:57599 [NetMuon4]:57961
[Run]:21223 [Site]:4 [Bin]:25 [FullTime]:3600 [SkipTime]:0 [Veto1]:74.6777 [Veto2]:73.7154 [Veto3]:69.7773 [Veto4]:46.5996 [SgUp1]:87108 [SgUp2]:89211 [SgUp3]:89989 [SgUp4]:0 [SgLow1]:87083 [SgLow2]:89174 [SgLow3]:89945 [SgLow4]:0 [NetMuon1]:57331 [NetMuon2]:57418 [NetMuon3]:57472 [NetMuon4]:57836
[Run]:21223 [Site]:4 [Bin]:26 [FullTime]:3600 [SkipTime]:0 [Veto1]:62.8458 [Veto2]:68.8062 [Veto3]:68.7369 [Veto4]:46.589 [SgUp1]:87470 [SgUp2]:88752 [SgUp3]:89914 [SgUp4]:0 [SgLow1]:87434 [SgLow2]:88722 [SgLow3]:89875 [SgLow4]:0 [NetMuon1]:57579 [NetMuon2]:57519 [NetMuon3]:57473 [NetMuon4]:57846
[Run]:21223 [Site]:4 [Bin]:27 [FullTime]:3600 [SkipTime]:0 [Veto1]:61.8818 [Veto2]:66.5826 [Veto3]:67.8546 [Veto4]:46.6547 [SgUp1]:87619 [SgUp2]:88705 [SgUp3]:89648 [SgUp4]:0 [SgLow1]:87582 [SgLow2]:88676 [SgLow3]:89595 [SgLow4]:0 [NetMuon1]:57626 [NetMuon2]:57582 [NetMuon3]:57563 [NetMuon4]:57903
[Run]:21223 [Site]:4 [Bin]:28 [FullTime]:3600 [SkipTime]:0 [Veto1]:70.3689 [Veto2]:75.3199 [Veto3]:62.5013 [Veto4]:46.2343 [SgUp1]:86756 [SgUp2]:88755 [SgUp3]:90295 [SgUp4]:0 [SgLow1]:86715 [SgLow2]:88715 [SgLow3]:90240 [SgLow4]:0 [NetMuon1]:57005 [NetMuon2]:56945 [NetMuon3]:57148 [NetMuon4]:57400
[Run]:21223 [Site]:4 [Bin]:29 [FullTime]:3600 [SkipTime]:0 [Veto1]:73.3604 [Veto2]:66.7063 [Veto3]:71.6115 [Veto4]:46.4551 [SgUp1]:87677 [SgUp2]:88500 [SgUp3]:89590 [SgUp4]:0 [SgLow1]:87628 [SgLow2]:88474 [SgLow3]:89557 [SgLow4]:0 [NetMuon1]:57244 [NetMuon2]:57361 [NetMuon3]:57281 [NetMuon4]:57680
[Run]:21223 [Site]:4 [Bin]:30 [FullTime]:3600 [SkipTime]:0 [Veto1]:67.1716 [Veto2]:78.0023 [Veto3]:70.0615 [Veto4]:45.9698 [SgUp1]:86659 [SgUp2]:88744 [SgUp3]:90588 [SgUp4]:0 [SgLow1]:86620 [SgLow2]:88701 [SgLow3]:90550 [SgLow4]:0 [NetMuon1]:56754 [NetMuon2]:56545 [NetMuon3]:56691 [NetMuon4]:57080
[Run]:21223 [Site]:4 [Bin]:31 [FullTime]:3600 [SkipTime]:0 [Veto1]:64.4729 [Veto2]:71.3116 [Veto3]:64.4712 [Veto4]:46.2545 [SgUp1]:87124 [SgUp2]:87824 [SgUp3]:89974 [SgUp4]:0 [SgLow1]:87093 [SgLow2]:87773 [SgLow3]:89927 [SgLow4]:0 [NetMuon1]:57135 [NetMuon2]:56978 [NetMuon3]:57144 [NetMuon4]:57429
[Run]:21223 [Site]:4 [Bin]:32 [FullTime]:3600 [SkipTime]:0 [Veto1]:63.4434 [Veto2]:63.397 [Veto3]:67.7164 [Veto4]:46.175 [SgUp1]:87581 [SgUp2]:88798 [SgUp3]:90208 [SgUp4]:0 [SgLow1]:87546 [SgLow2]:88736 [SgLow3]:90172 [SgLow4]:0 [NetMuon1]:57079 [NetMuon2]:57068 [NetMuon3]:56983 [NetMuon4]:57348
[Run]:21223 [Site]:4 [Bin]:33 [FullTime]:3600 [SkipTime]:0 [Veto1]:66.4806 [Veto2]:70.4853 [Veto3]:67.4808 [Veto4]:46.3237 [SgUp1]:87404 [SgUp2]:88741 [SgUp3]:89857 [SgUp4]:0 [SgLow1]:87361 [SgLow2]:88684 [SgLow3]:89803 [SgLow4]:0 [NetMuon1]:57173 [NetMuon2]:57140 [NetMuon3]:57196 [NetMuon4]:57530
[Run]:21223 [Site]:4 [Bin]:34 [FullTime]:3600 [SkipTime]:0 [Veto1]:67.4018 [Veto2]:63.4829 [Veto3]:70.3808 [Veto4]:46.2382 [SgUp1]:86822 [SgUp2]:88847 [SgUp3]:89934 [SgUp4]:0 [SgLow1]:86769 [SgLow2]:88814 [SgLow3]:89882 [SgLow4]:0 [NetMuon1]:57054 [NetMuon2]:57134 [NetMuon3]:57001 [NetMuon4]:57413
[Run]:21223 [Site]:4 [Bin]:35 [FullTime]:3600 [SkipTime]:0 [Veto1]:66.4439 [Veto2]:68.3877 [Veto3]:66.4778 [Veto4]:46.2519 [SgUp1]:86927 [SgUp2]:88594 [SgUp3]:89797 [SgUp4]:0 [SgLow1]:86886 [SgLow2]:88551 [SgLow3]:89743 [SgLow4]:0 [NetMuon1]:57113 [NetMuon2]:57065 [NetMuon3]:57098 [NetMuon4]:57427
[Run]:21223 [Site]:4 [Bin]:36 [FullTime]:3600 [SkipTime]:0 [Veto1]:59.843 [Veto2]:65.7427 [Veto3]:71.6676 [Veto4]:46.5599 [SgUp1]:87547 [SgUp2]:88721 [SgUp3]:89390 [SgUp4]:0 [SgLow1]:87507 [SgLow2]:88667 [SgLow3]:89352 [SgLow4]:0 [NetMuon1]:57620 [NetMuon2]:57546 [NetMuon3]:57435 [NetMuon4]:57830
[Run]:21223 [Site]:4 [Bin]:37 [FullTime]:3600 [SkipTime]:0 [Veto1]:68.8084 [Veto2]:72.7371 [Veto3]:68.8443 [Veto4]:45.6869 [SgUp1]:87233 [SgUp2]:88674 [SgUp3]:90446 [SgUp4]:0 [SgLow1]:87204 [SgLow2]:88637 [SgLow3]:90411 [SgLow4]:0 [NetMuon1]:56421 [NetMuon2]:56328 [NetMuon3]:56420 [NetMuon4]:56769
[Run]:21223 [Site]:4 [Bin]:38 [FullTime]:3600.01 [SkipTime]:0 [Veto1]:67.2297 [Veto2]:68.1609 [Veto3]:70.1954 [Veto4]:46.0185 [SgUp1]:86306 [SgUp2]:88778 [SgUp3]:90183 [SgUp4]:0 [SgLow1]:86269 [SgLow2]:88733 [SgLow3]:90146 [SgLow4]:0 [NetMuon1]:56819 [NetMuon2]:56763 [NetMuon3]:56772 [NetMuon4]:57147
[Run]:21223 [Site]:4 [Bin]:39 [FullTime]:3599.99 [SkipTime]:0 [Veto1]:76.234 [Veto2]:72.6835 [Veto3]:69.7367 [Veto4]:46.2283 [SgUp1]:86563 [SgUp2]:89145 [SgUp3]:89857 [SgUp4]:0 [SgLow1]:86519 [SgLow2]:89111 [SgLow3]:89798 [SgLow4]:0 [NetMuon1]:56913 [NetMuon2]:56954 [NetMuon3]:57019 [NetMuon4]:57389
[Run]:21223 [Site]:4 [Bin]:40 [FullTime]:3600 [SkipTime]:0 [Veto1]:72.5925 [Veto2]:73.5571 [Veto3]:71.5418 [Veto4]:46.4315 [SgUp1]:86268 [SgUp2]:88949 [SgUp3]:89424 [SgUp4]:0 [SgLow1]:86233 [SgLow2]:88882 [SgLow3]:89372 [SgLow4]:0 [NetMuon1]:57270 [NetMuon2]:57200 [NetMuon3]:57225 [NetMuon4]:57639
[Run]:21223 [Site]:4 [Bin]:41 [FullTime]:3600 [SkipTime]:0 [Veto1]:64.243 [Veto2]:69.232 [Veto3]:70.1767 [Veto4]:46.0232 [SgUp1]:86693 [SgUp2]:89258 [SgUp3]:89928 [SgUp4]:0 [SgLow1]:86648 [SgLow2]:89202 [SgLow3]:89888 [SgLow4]:0 [NetMuon1]:56842 [NetMuon2]:56787 [NetMuon3]:56760 [NetMuon4]:57140
[Run]:21223 [Site]:4 [Bin]:42 [FullTime]:3600 [SkipTime]:0 [Veto1]:60.5537 [Veto2]:63.5886 [Veto3]:71.4054 [Veto4]:46.3007 [SgUp1]:87055 [SgUp2]:89641 [SgUp3]:89609 [SgUp4]:0 [SgLow1]:87013 [SgLow2]:89604 [SgLow3]:89564 [SgLow4]:0 [NetMuon1]:57275 [NetMuon2]:57236 [NetMuon3]:57072 [NetMuon4]:57496
[Run]:21223 [Site]:4 [Bin]:43 [FullTime]:3600 [SkipTime]:0 [Veto1]:58.7255 [Veto2]:72.6073 [Veto3]:71.5682 [Veto4]:46.4255 [SgUp1]:87171 [SgUp2]:89322 [SgUp3]:89704 [SgUp4]:0 [SgLow1]:87132 [SgLow2]:89275 [SgLow3]:89641 [SgLow4]:0 [NetMuon1]:57432 [NetMuon2]:57233 [NetMuon3]:57235 [NetMuon4]:57645
[Run]:21223 [Site]:4 [Bin]:44 [FullTime]:3600 [SkipTime]:0 [Veto1]:68.2638 [Veto2]:71.2333 [Veto3]:80.1248 [Veto4]:46.1152 [SgUp1]:86636 [SgUp2]:89243 [SgUp3]:89920 [SgUp4]:0 [SgLow1]:86585 [SgLow2]:89206 [SgLow3]:89895 [SgLow4]:0 [NetMuon1]:56940 [NetMuon2]:56905 [NetMuon3]:56783 [NetMuon4]:57308
[Run]:21223 [Site]:4 [Bin]:45 [FullTime]:3600 [SkipTime]:0 [Veto1]:71.1265 [Veto2]:75.1042 [Veto3]:68.2334 [Veto4]:46.026 [SgUp1]:86420 [SgUp2]:89218 [SgUp3]:89820 [SgUp4]:0 [SgLow1]:86376 [SgLow2]:89164 [SgLow3]:89770 [SgLow4]:0 [NetMuon1]:56750 [NetMuon2]:56703 [NetMuon3]:56800 [NetMuon4]:57156
[Run]:21223 [Site]:4 [Bin]:46 [FullTime]:3600 [SkipTime]:0 [Veto1]:72.1234 [Veto2]:78.0815 [Veto3]:62.2626 [Veto4]:46.0222 [SgUp1]:86602 [SgUp2]:89276 [SgUp3]:89810 [SgUp4]:0 [SgLow1]:86555 [SgLow2]:89223 [SgLow3]:89753 [SgLow4]:0 [NetMuon1]:56683 [NetMuon2]:56614 [NetMuon3]:56862 [NetMuon4]:57129
[Run]:21223 [Site]:4 [Bin]:47 [FullTime]:3600 [SkipTime]:0 [Veto1]:62.5943 [Veto2]:69.5012 [Veto3]:68.5222 [Veto4]:46.3399 [SgUp1]:86655 [SgUp2]:89124 [SgUp3]:89576 [SgUp4]:0 [SgLow1]:86619 [SgLow2]:89085 [SgLow3]:89552 [SgLow4]:0 [NetMuon1]:57292 [NetMuon2]:57170 [NetMuon3]:57196 [NetMuon4]:57550
[Run]:21223 [Site]:4 [Bin]:48 [FullTime]:3600 [SkipTime]:0 [Veto1]:70.0678 [Veto2]:58.2149 [Veto3]:75.0034 [Veto4]:45.9393 [SgUp1]:86804 [SgUp2]:89213 [SgUp3]:89472 [SgUp4]:0 [SgLow1]:86777 [SgLow2]:89160 [SgLow3]:89418 [SgLow4]:0 [NetMuon1]:56656 [NetMuon2]:56842 [NetMuon3]:56537 [NetMuon4]:57043
End process Run: 21223 ... 
[Run]:21223 [Site]:4 [Bin]:49 [FullTime]:2335.65 [SkipTime]:0 [Veto1]:46.3968 [Veto2]:44.7444 [Veto3]:42.6916 [Veto4]:29.9434
