StreamChain add 0x588b7f0
Start to process run: 21364 ... 
[Run]:21364 [Site]:4 [Bin]:192 [FullTime]:3459.63 [SkipTime]:0 [Veto1]:59.8611 [Veto2]:73.5841 [Veto3]:69.7129 [Veto4]:42.64 [SgUp1]:80859 [SgUp2]:82417 [SgUp3]:83301 [SgUp4]:0 [SgLow1]:80822 [SgLow2]:82380 [SgLow3]:83263 [SgLow4]:0 [NetMuon1]:52718 [NetMuon2]:52469 [NetMuon3]:52544 [NetMuon4]:52957
[Run]:21364 [Site]:4 [Bin]:193 [FullTime]:3600 [SkipTime]:0 [Veto1]:59.9481 [Veto2]:66.912 [Veto3]:66.8328 [Veto4]:44.6923 [SgUp1]:83883 [SgUp2]:86120 [SgUp3]:87050 [SgUp4]:0 [SgLow1]:83841 [SgLow2]:86077 [SgLow3]:87001 [SgLow4]:0 [NetMuon1]:55250 [NetMuon2]:55193 [NetMuon3]:55176 [NetMuon4]:55510
[Run]:21364 [Site]:4 [Bin]:194 [FullTime]:3600 [SkipTime]:0 [Veto1]:67.29 [Veto2]:60.0794 [Veto3]:70.6394 [Veto4]:44.7927 [SgUp1]:83733 [SgUp2]:86538 [SgUp3]:86466 [SgUp4]:0 [SgLow1]:83698 [SgLow2]:86498 [SgLow3]:86391 [SgLow4]:0 [NetMuon1]:55289 [NetMuon2]:55385 [NetMuon3]:55179 [NetMuon4]:55626
[Run]:21364 [Site]:4 [Bin]:195 [FullTime]:3600 [SkipTime]:0 [Veto1]:72.3373 [Veto2]:66.0568 [Veto3]:68.0732 [Veto4]:44.8528 [SgUp1]:84346 [SgUp2]:85953 [SgUp3]:86283 [SgUp4]:0 [SgLow1]:84297 [SgLow2]:85930 [SgLow3]:86246 [SgLow4]:0 [NetMuon1]:55241 [NetMuon2]:55372 [NetMuon3]:55362 [NetMuon4]:55696
[Run]:21364 [Site]:4 [Bin]:196 [FullTime]:3600 [SkipTime]:0 [Veto1]:69.0355 [Veto2]:60.2175 [Veto3]:63.1706 [Veto4]:44.9271 [SgUp1]:83803 [SgUp2]:86455 [SgUp3]:86886 [SgUp4]:0 [SgLow1]:83761 [SgLow2]:86436 [SgLow3]:86844 [SgLow4]:0 [NetMuon1]:55350 [NetMuon2]:55561 [NetMuon3]:55500 [NetMuon4]:55779
[Run]:21364 [Site]:4 [Bin]:197 [FullTime]:3600 [SkipTime]:0 [Veto1]:64.8459 [Veto2]:65.8467 [Veto3]:70.7652 [Veto4]:44.6572 [SgUp1]:84370 [SgUp2]:85747 [SgUp3]:86696 [SgUp4]:0 [SgLow1]:84310 [SgLow2]:85705 [SgLow3]:86662 [SgLow4]:0 [NetMuon1]:55169 [NetMuon2]:55133 [NetMuon3]:55051 [NetMuon4]:55465
[Run]:21364 [Site]:4 [Bin]:198 [FullTime]:3600 [SkipTime]:0 [Veto1]:69.4364 [Veto2]:68.4699 [Veto3]:63.4996 [Veto4]:44.3106 [SgUp1]:84117 [SgUp2]:85983 [SgUp3]:86327 [SgUp4]:0 [SgLow1]:84074 [SgLow2]:85951 [SgLow3]:86290 [SgLow4]:0 [NetMuon1]:54653 [NetMuon2]:54672 [NetMuon3]:54769 [NetMuon4]:55054
[Run]:21364 [Site]:4 [Bin]:199 [FullTime]:3600 [SkipTime]:0 [Veto1]:62.7258 [Veto2]:61.7891 [Veto3]:61.7287 [Veto4]:44.4997 [SgUp1]:84246 [SgUp2]:86156 [SgUp3]:86018 [SgUp4]:0 [SgLow1]:84203 [SgLow2]:86118 [SgLow3]:85975 [SgLow4]:0 [NetMuon1]:54984 [NetMuon2]:54995 [NetMuon3]:54986 [NetMuon4]:55263
[Run]:21364 [Site]:4 [Bin]:200 [FullTime]:3600 [SkipTime]:0 [Veto1]:63.8403 [Veto2]:64.8514 [Veto3]:67.7333 [Veto4]:44.6335 [SgUp1]:83872 [SgUp2]:85923 [SgUp3]:86775 [SgUp4]:0 [SgLow1]:83847 [SgLow2]:85890 [SgLow3]:86730 [SgLow4]:0 [NetMuon1]:55161 [NetMuon2]:55154 [NetMuon3]:55113 [NetMuon4]:55469
[Run]:21364 [Site]:4 [Bin]:201 [FullTime]:3600 [SkipTime]:0 [Veto1]:62.9157 [Veto2]:65.988 [Veto3]:59.1089 [Veto4]:44.255 [SgUp1]:84119 [SgUp2]:86041 [SgUp3]:87052 [SgUp4]:0 [SgLow1]:84079 [SgLow2]:85996 [SgLow3]:87021 [SgLow4]:0 [NetMuon1]:54690 [NetMuon2]:54641 [NetMuon3]:54758 [NetMuon4]:54971
[Run]:21364 [Site]:4 [Bin]:202 [FullTime]:3600 [SkipTime]:0 [Veto1]:67.7167 [Veto2]:70.6688 [Veto3]:68.7657 [Veto4]:44.5919 [SgUp1]:83999 [SgUp2]:85427 [SgUp3]:86664 [SgUp4]:0 [SgLow1]:83949 [SgLow2]:85397 [SgLow3]:86628 [SgLow4]:0 [NetMuon1]:55063 [NetMuon2]:55015 [NetMuon3]:55047 [NetMuon4]:55406
[Run]:21364 [Site]:4 [Bin]:203 [FullTime]:3600 [SkipTime]:0 [Veto1]:66.8176 [Veto2]:62.9224 [Veto3]:68.9495 [Veto4]:44.6511 [SgUp1]:84093 [SgUp2]:86209 [SgUp3]:87691 [SgUp4]:0 [SgLow1]:84044 [SgLow2]:86172 [SgLow3]:87658 [SgLow4]:0 [NetMuon1]:55127 [NetMuon2]:55182 [NetMuon3]:55114 [NetMuon4]:55473
[Run]:21364 [Site]:4 [Bin]:204 [FullTime]:3600 [SkipTime]:0 [Veto1]:78.4215 [Veto2]:68.835 [Veto3]:77.4571 [Veto4]:44.6955 [SgUp1]:83471 [SgUp2]:85100 [SgUp3]:86998 [SgUp4]:0 [SgLow1]:83438 [SgLow2]:85067 [SgLow3]:86948 [SgLow4]:0 [NetMuon1]:54997 [NetMuon2]:55127 [NetMuon3]:55031 [NetMuon4]:55527
[Run]:21364 [Site]:4 [Bin]:205 [FullTime]:3600 [SkipTime]:0 [Veto1]:64.8816 [Veto2]:73.7448 [Veto3]:71.7813 [Veto4]:44.6522 [SgUp1]:83489 [SgUp2]:85224 [SgUp3]:87005 [SgUp4]:0 [SgLow1]:83449 [SgLow2]:85183 [SgLow3]:86964 [SgLow4]:0 [NetMuon1]:55138 [NetMuon2]:55002 [NetMuon3]:55057 [NetMuon4]:55452
[Run]:21364 [Site]:4 [Bin]:206 [FullTime]:3600 [SkipTime]:0 [Veto1]:69.4655 [Veto2]:75.427 [Veto3]:62.5456 [Veto4]:44.3328 [SgUp1]:84511 [SgUp2]:86274 [SgUp3]:87398 [SgUp4]:0 [SgLow1]:84470 [SgLow2]:86226 [SgLow3]:87366 [SgLow4]:0 [NetMuon1]:54694 [NetMuon2]:54621 [NetMuon3]:54810 [NetMuon4]:55101
[Run]:21364 [Site]:4 [Bin]:207 [FullTime]:3600 [SkipTime]:0 [Veto1]:63.908 [Veto2]:66.8739 [Veto3]:68.8344 [Veto4]:44.7211 [SgUp1]:84019 [SgUp2]:85834 [SgUp3]:86808 [SgUp4]:0 [SgLow1]:83991 [SgLow2]:85796 [SgLow3]:86773 [SgLow4]:0 [NetMuon1]:55228 [NetMuon2]:55196 [NetMuon3]:55136 [NetMuon4]:55534
[Run]:21364 [Site]:4 [Bin]:208 [FullTime]:3600 [SkipTime]:0 [Veto1]:68.6563 [Veto2]:61.7143 [Veto3]:75.5707 [Veto4]:44.49 [SgUp1]:83728 [SgUp2]:86035 [SgUp3]:86668 [SgUp4]:0 [SgLow1]:83685 [SgLow2]:85966 [SgLow3]:86601 [SgLow4]:0 [NetMuon1]:54873 [NetMuon2]:54986 [NetMuon3]:54764 [NetMuon4]:55252
[Run]:21364 [Site]:4 [Bin]:209 [FullTime]:3600 [SkipTime]:0 [Veto1]:65.647 [Veto2]:62.9367 [Veto3]:69.6316 [Veto4]:44.5074 [SgUp1]:83506 [SgUp2]:85922 [SgUp3]:87274 [SgUp4]:0 [SgLow1]:83455 [SgLow2]:85888 [SgLow3]:87249 [SgLow4]:0 [NetMuon1]:54948 [NetMuon2]:55004 [NetMuon3]:54862 [NetMuon4]:55292
[Run]:21364 [Site]:4 [Bin]:210 [FullTime]:3600 [SkipTime]:0 [Veto1]:70.093 [Veto2]:60.2387 [Veto3]:74.0128 [Veto4]:43.9907 [SgUp1]:83899 [SgUp2]:85505 [SgUp3]:86947 [SgUp4]:0 [SgLow1]:83842 [SgLow2]:85455 [SgLow3]:86908 [SgLow4]:0 [NetMuon1]:54194 [NetMuon2]:54388 [NetMuon3]:54151 [NetMuon4]:54626
[Run]:21364 [Site]:4 [Bin]:211 [FullTime]:3600 [SkipTime]:0 [Veto1]:63.0633 [Veto2]:72.8534 [Veto3]:67.9686 [Veto4]:44.7955 [SgUp1]:84027 [SgUp2]:86621 [SgUp3]:87036 [SgUp4]:0 [SgLow1]:83974 [SgLow2]:86590 [SgLow3]:86995 [SgLow4]:0 [NetMuon1]:55368 [NetMuon2]:55160 [NetMuon3]:55294 [NetMuon4]:55647
[Run]:21364 [Site]:4 [Bin]:212 [FullTime]:3600.01 [SkipTime]:0 [Veto1]:58.9714 [Veto2]:74.8587 [Veto3]:64.4995 [Veto4]:44.2907 [SgUp1]:84393 [SgUp2]:85532 [SgUp3]:87176 [SgUp4]:0 [SgLow1]:84344 [SgLow2]:85494 [SgLow3]:87130 [SgLow4]:0 [NetMuon1]:54796 [NetMuon2]:54542 [NetMuon3]:54737 [NetMuon4]:55029
[Run]:21364 [Site]:4 [Bin]:213 [FullTime]:3599.99 [SkipTime]:0 [Veto1]:65.83 [Veto2]:61.8413 [Veto3]:68.8119 [Veto4]:44.6511 [SgUp1]:83569 [SgUp2]:85978 [SgUp3]:87083 [SgUp4]:0 [SgLow1]:83515 [SgLow2]:85943 [SgLow3]:87047 [SgLow4]:0 [NetMuon1]:55136 [NetMuon2]:55139 [NetMuon3]:55055 [NetMuon4]:55452
[Run]:21364 [Site]:4 [Bin]:214 [FullTime]:3600 [SkipTime]:0 [Veto1]:64.2557 [Veto2]:70.2591 [Veto3]:66.3037 [Veto4]:44.101 [SgUp1]:83678 [SgUp2]:85829 [SgUp3]:87016 [SgUp4]:0 [SgLow1]:83635 [SgLow2]:85801 [SgLow3]:86980 [SgLow4]:0 [NetMuon1]:54473 [NetMuon2]:54436 [NetMuon3]:54470 [NetMuon4]:54802
[Run]:21364 [Site]:4 [Bin]:215 [FullTime]:3600 [SkipTime]:0 [Veto1]:66.4728 [Veto2]:71.5541 [Veto3]:64.5023 [Veto4]:44.2735 [SgUp1]:83493 [SgUp2]:85876 [SgUp3]:87433 [SgUp4]:0 [SgLow1]:83459 [SgLow2]:85826 [SgLow3]:87382 [SgLow4]:0 [NetMuon1]:54678 [NetMuon2]:54588 [NetMuon3]:54711 [NetMuon4]:55004
[Run]:21364 [Site]:4 [Bin]:216 [FullTime]:3600 [SkipTime]:0 [Veto1]:67.5383 [Veto2]:73.3721 [Veto3]:59.524 [Veto4]:44.2445 [SgUp1]:83596 [SgUp2]:86035 [SgUp3]:87514 [SgUp4]:0 [SgLow1]:83567 [SgLow2]:85982 [SgLow3]:87463 [SgLow4]:0 [NetMuon1]:54608 [NetMuon2]:54569 [NetMuon3]:54757 [NetMuon4]:54974
[Run]:21364 [Site]:4 [Bin]:217 [FullTime]:3600 [SkipTime]:0 [Veto1]:65.7212 [Veto2]:63.7387 [Veto3]:66.885 [Veto4]:44.5259 [SgUp1]:84015 [SgUp2]:85459 [SgUp3]:87269 [SgUp4]:0 [SgLow1]:83977 [SgLow2]:85422 [SgLow3]:87229 [SgLow4]:0 [NetMuon1]:55005 [NetMuon2]:55011 [NetMuon3]:54962 [NetMuon4]:55314
[Run]:21364 [Site]:4 [Bin]:218 [FullTime]:3600 [SkipTime]:0 [Veto1]:72.5591 [Veto2]:67.5967 [Veto3]:62.6323 [Veto4]:44.4189 [SgUp1]:84103 [SgUp2]:85467 [SgUp3]:86568 [SgUp4]:0 [SgLow1]:84052 [SgLow2]:85420 [SgLow3]:86536 [SgLow4]:0 [NetMuon1]:54765 [NetMuon2]:54829 [NetMuon3]:54871 [NetMuon4]:55173
[Run]:21364 [Site]:4 [Bin]:219 [FullTime]:3600 [SkipTime]:0 [Veto1]:58.4961 [Veto2]:75.2385 [Veto3]:63.3636 [Veto4]:44.2265 [SgUp1]:84051 [SgUp2]:85247 [SgUp3]:86947 [SgUp4]:0 [SgLow1]:84010 [SgLow2]:85205 [SgLow3]:86904 [SgLow4]:0 [NetMuon1]:54709 [NetMuon2]:54444 [NetMuon3]:54621 [NetMuon4]:54927
[Run]:21364 [Site]:4 [Bin]:220 [FullTime]:3600 [SkipTime]:0 [Veto1]:64.5217 [Veto2]:62.5528 [Veto3]:65.5215 [Veto4]:44.3588 [SgUp1]:83520 [SgUp2]:85688 [SgUp3]:86829 [SgUp4]:0 [SgLow1]:83499 [SgLow2]:85649 [SgLow3]:86792 [SgLow4]:0 [NetMuon1]:54743 [NetMuon2]:54804 [NetMuon3]:54749 [NetMuon4]:55088
[Run]:21364 [Site]:4 [Bin]:221 [FullTime]:3600 [SkipTime]:0 [Veto1]:67.4727 [Veto2]:61.5092 [Veto3]:64.5304 [Veto4]:44.2949 [SgUp1]:84156 [SgUp2]:85036 [SgUp3]:86815 [SgUp4]:0 [SgLow1]:84124 [SgLow2]:84995 [SgLow3]:86780 [SgLow4]:0 [NetMuon1]:54697 [NetMuon2]:54729 [NetMuon3]:54700 [NetMuon4]:55020
[Run]:21364 [Site]:4 [Bin]:222 [FullTime]:3600 [SkipTime]:0 [Veto1]:67.6837 [Veto2]:68.7355 [Veto3]:69.6604 [Veto4]:44.5021 [SgUp1]:83954 [SgUp2]:84588 [SgUp3]:86898 [SgUp4]:0 [SgLow1]:83908 [SgLow2]:84559 [SgLow3]:86871 [SgLow4]:0 [NetMuon1]:54959 [NetMuon2]:54910 [NetMuon3]:54918 [NetMuon4]:55298
[Run]:21364 [Site]:4 [Bin]:223 [FullTime]:3600 [SkipTime]:0 [Veto1]:65.794 [Veto2]:70.737 [Veto3]:68.765 [Veto4]:44.6042 [SgUp1]:83429 [SgUp2]:85309 [SgUp3]:85760 [SgUp4]:0 [SgLow1]:83398 [SgLow2]:85273 [SgLow3]:85718 [SgLow4]:0 [NetMuon1]:55087 [NetMuon2]:54973 [NetMuon3]:55028 [NetMuon4]:55387
[Run]:21364 [Site]:4 [Bin]:224 [FullTime]:3600 [SkipTime]:0 [Veto1]:64.5031 [Veto2]:70.4674 [Veto3]:71.4151 [Veto4]:44.308 [SgUp1]:83250 [SgUp2]:85137 [SgUp3]:86513 [SgUp4]:0 [SgLow1]:83206 [SgLow2]:85093 [SgLow3]:86480 [SgLow4]:0 [NetMuon1]:54720 [NetMuon2]:54660 [NetMuon3]:54609 [NetMuon4]:55038
[Run]:21364 [Site]:4 [Bin]:225 [FullTime]:3600 [SkipTime]:0 [Veto1]:64.6727 [Veto2]:65.7217 [Veto3]:75.6129 [Veto4]:44.5084 [SgUp1]:83113 [SgUp2]:84978 [SgUp3]:86062 [SgUp4]:0 [SgLow1]:83079 [SgLow2]:84942 [SgLow3]:86016 [SgLow4]:0 [NetMuon1]:54952 [NetMuon2]:54970 [NetMuon3]:54834 [NetMuon4]:55279
[Run]:21364 [Site]:4 [Bin]:226 [FullTime]:3600 [SkipTime]:0 [Veto1]:70.5744 [Veto2]:67.6259 [Veto3]:72.5202 [Veto4]:44.4591 [SgUp1]:83176 [SgUp2]:85521 [SgUp3]:86070 [SgUp4]:0 [SgLow1]:83138 [SgLow2]:85475 [SgLow3]:86042 [SgLow4]:0 [NetMuon1]:54811 [NetMuon2]:54863 [NetMuon3]:54758 [NetMuon4]:55218
[Run]:21364 [Site]:4 [Bin]:227 [FullTime]:3600 [SkipTime]:0 [Veto1]:66.6393 [Veto2]:62.6814 [Veto3]:69.551 [Veto4]:44.464 [SgUp1]:83076 [SgUp2]:85676 [SgUp3]:85724 [SgUp4]:0 [SgLow1]:83046 [SgLow2]:85643 [SgLow3]:85683 [SgLow4]:0 [NetMuon1]:54901 [NetMuon2]:54949 [NetMuon3]:54832 [NetMuon4]:55237
[Run]:21364 [Site]:4 [Bin]:228 [FullTime]:3600 [SkipTime]:0 [Veto1]:59.6494 [Veto2]:61.7065 [Veto3]:78.2321 [Veto4]:44.4123 [SgUp1]:83254 [SgUp2]:85807 [SgUp3]:85348 [SgUp4]:0 [SgLow1]:83204 [SgLow2]:85779 [SgLow3]:85279 [SgLow4]:0 [NetMuon1]:54928 [NetMuon2]:54908 [NetMuon3]:54633 [NetMuon4]:55180
[Run]:21364 [Site]:4 [Bin]:229 [FullTime]:3600 [SkipTime]:0 [Veto1]:66.5809 [Veto2]:70.2473 [Veto3]:68.5101 [Veto4]:44.4386 [SgUp1]:83498 [SgUp2]:85439 [SgUp3]:85639 [SgUp4]:0 [SgLow1]:83462 [SgLow2]:85385 [SgLow3]:85593 [SgLow4]:0 [NetMuon1]:54901 [NetMuon2]:54838 [NetMuon3]:54842 [NetMuon4]:55213
[Run]:21364 [Site]:4 [Bin]:230 [FullTime]:3600 [SkipTime]:0 [Veto1]:57.8248 [Veto2]:64.6625 [Veto3]:65.6971 [Veto4]:44.5128 [SgUp1]:83524 [SgUp2]:85493 [SgUp3]:85610 [SgUp4]:0 [SgLow1]:83503 [SgLow2]:85445 [SgLow3]:85574 [SgLow4]:0 [NetMuon1]:55047 [NetMuon2]:54942 [NetMuon3]:54927 [NetMuon4]:55264
[Run]:21364 [Site]:4 [Bin]:231 [FullTime]:3600 [SkipTime]:0 [Veto1]:68.9313 [Veto2]:62.9867 [Veto3]:63.9831 [Veto4]:44.7443 [SgUp1]:82958 [SgUp2]:86136 [SgUp3]:85416 [SgUp4]:0 [SgLow1]:82924 [SgLow2]:86092 [SgLow3]:85374 [SgLow4]:0 [NetMuon1]:55219 [NetMuon2]:55276 [NetMuon3]:55288 [NetMuon4]:55569
[Run]:21364 [Site]:4 [Bin]:232 [FullTime]:3600 [SkipTime]:0 [Veto1]:67.7152 [Veto2]:64.7805 [Veto3]:65.7574 [Veto4]:44.5652 [SgUp1]:83830 [SgUp2]:85619 [SgUp3]:86256 [SgUp4]:0 [SgLow1]:83797 [SgLow2]:85586 [SgLow3]:86215 [SgLow4]:0 [NetMuon1]:55005 [NetMuon2]:55042 [NetMuon3]:54996 [NetMuon4]:55347
[Run]:21364 [Site]:4 [Bin]:233 [FullTime]:3600 [SkipTime]:0 [Veto1]:72.4617 [Veto2]:62.5467 [Veto3]:65.5247 [Veto4]:44.3386 [SgUp1]:82838 [SgUp2]:85607 [SgUp3]:85655 [SgUp4]:0 [SgLow1]:82804 [SgLow2]:85584 [SgLow3]:85614 [SgLow4]:0 [NetMuon1]:54682 [NetMuon2]:54815 [NetMuon3]:54744 [NetMuon4]:55085
[Run]:21364 [Site]:4 [Bin]:234 [FullTime]:3600 [SkipTime]:0 [Veto1]:70.8685 [Veto2]:59.9943 [Veto3]:69.8475 [Veto4]:44.6955 [SgUp1]:83502 [SgUp2]:85031 [SgUp3]:86054 [SgUp4]:0 [SgLow1]:83445 [SgLow2]:84993 [SgLow3]:86008 [SgLow4]:0 [NetMuon1]:55134 [NetMuon2]:55249 [NetMuon3]:55095 [NetMuon4]:55499
[Run]:21364 [Site]:4 [Bin]:235 [FullTime]:3600 [SkipTime]:0 [Veto1]:68.4505 [Veto2]:65.4928 [Veto3]:65.5146 [Veto4]:44.3001 [SgUp1]:83236 [SgUp2]:85068 [SgUp3]:85672 [SgUp4]:0 [SgLow1]:83203 [SgLow2]:85021 [SgLow3]:85640 [SgLow4]:0 [NetMuon1]:54673 [NetMuon2]:54722 [NetMuon3]:54717 [NetMuon4]:55048
[Run]:21364 [Site]:4 [Bin]:236 [FullTime]:3600 [SkipTime]:0 [Veto1]:64.3617 [Veto2]:60.3443 [Veto3]:60.4414 [Veto4]:44.1349 [SgUp1]:82914 [SgUp2]:85208 [SgUp3]:85962 [SgUp4]:0 [SgLow1]:82865 [SgLow2]:85179 [SgLow3]:85926 [SgLow4]:0 [NetMuon1]:54494 [NetMuon2]:54505 [NetMuon3]:54549 [NetMuon4]:54789
[Run]:21364 [Site]:4 [Bin]:237 [FullTime]:3600 [SkipTime]:0 [Veto1]:66.4845 [Veto2]:64.3088 [Veto3]:71.4317 [Veto4]:44.3167 [SgUp1]:83378 [SgUp2]:84627 [SgUp3]:85683 [SgUp4]:0 [SgLow1]:83322 [SgLow2]:84592 [SgLow3]:85612 [SgLow4]:0 [NetMuon1]:54702 [NetMuon2]:54712 [NetMuon3]:54612 [NetMuon4]:55031
[Run]:21364 [Site]:4 [Bin]:238 [FullTime]:3600 [SkipTime]:0 [Veto1]:58.7862 [Veto2]:63.7378 [Veto3]:63.7513 [Veto4]:44.493 [SgUp1]:83154 [SgUp2]:84978 [SgUp3]:85249 [SgUp4]:0 [SgLow1]:83110 [SgLow2]:84921 [SgLow3]:85216 [SgLow4]:0 [NetMuon1]:55077 [NetMuon2]:55013 [NetMuon3]:54996 [NetMuon4]:55305
[Run]:21364 [Site]:4 [Bin]:239 [FullTime]:3600 [SkipTime]:0 [Veto1]:61.6787 [Veto2]:68.6314 [Veto3]:61.7496 [Veto4]:44.4712 [SgUp1]:83794 [SgUp2]:84971 [SgUp3]:85252 [SgUp4]:0 [SgLow1]:83752 [SgLow2]:84925 [SgLow3]:85223 [SgLow4]:0 [NetMuon1]:54972 [NetMuon2]:54877 [NetMuon3]:55008 [NetMuon4]:55253
End process Run: 21364 ... 
[Run]:21364 [Site]:4 [Bin]:240 [FullTime]:240.423 [SkipTime]:0 [Veto1]:6.01505 [Veto2]:3.05067 [Veto3]:4.03628 [Veto4]:2.9533
