StreamChain add 0x64337f0
Start to process run: 21232 ... 
[Run]:21232 [Site]:4 [Bin]:50 [FullTime]:1748.16 [SkipTime]:0 [Veto1]:31.7698 [Veto2]:32.7603 [Veto3]:36.6756 [Veto4]:22.1687 [SgUp1]:42000 [SgUp2]:43402 [SgUp3]:43594 [SgUp4]:0 [SgLow1]:41988 [SgLow2]:43387 [SgLow3]:43573 [SgLow4]:0 [NetMuon1]:27390 [NetMuon2]:27383 [NetMuon3]:27318 [NetMuon4]:27551
[Run]:21232 [Site]:4 [Bin]:51 [FullTime]:3600 [SkipTime]:0 [Veto1]:67.8352 [Veto2]:69.8108 [Veto3]:63.9032 [Veto4]:45.6723 [SgUp1]:86370 [SgUp2]:88324 [SgUp3]:89751 [SgUp4]:0 [SgLow1]:86323 [SgLow2]:88282 [SgLow3]:89689 [SgLow4]:0 [NetMuon1]:56377 [NetMuon2]:56337 [NetMuon3]:56451 [NetMuon4]:56731
[Run]:21232 [Site]:4 [Bin]:52 [FullTime]:3600 [SkipTime]:0 [Veto1]:63.9256 [Veto2]:65.9082 [Veto3]:63.9099 [Veto4]:45.7044 [SgUp1]:86510 [SgUp2]:89274 [SgUp3]:89535 [SgUp4]:0 [SgLow1]:86455 [SgLow2]:89235 [SgLow3]:89488 [SgLow4]:0 [NetMuon1]:56471 [NetMuon2]:56433 [NetMuon3]:56465 [NetMuon4]:56755
[Run]:21232 [Site]:4 [Bin]:53 [FullTime]:3600 [SkipTime]:0 [Veto1]:65.6761 [Veto2]:62.0343 [Veto3]:65.6485 [Veto4]:45.4859 [SgUp1]:86412 [SgUp2]:89138 [SgUp3]:90060 [SgUp4]:0 [SgLow1]:86388 [SgLow2]:89095 [SgLow3]:90006 [SgLow4]:0 [NetMuon1]:56179 [NetMuon2]:56222 [NetMuon3]:56162 [NetMuon4]:56497
[Run]:21232 [Site]:4 [Bin]:54 [FullTime]:3600 [SkipTime]:0 [Veto1]:68.8074 [Veto2]:68.8288 [Veto3]:62.8753 [Veto4]:45.6377 [SgUp1]:86458 [SgUp2]:88511 [SgUp3]:89605 [SgUp4]:0 [SgLow1]:86419 [SgLow2]:88481 [SgLow3]:89554 [SgLow4]:0 [NetMuon1]:56308 [NetMuon2]:56303 [NetMuon3]:56379 [NetMuon4]:56672
[Run]:21232 [Site]:4 [Bin]:55 [FullTime]:3600 [SkipTime]:0 [Veto1]:62.6992 [Veto2]:68.5909 [Veto3]:63.6852 [Veto4]:45.4836 [SgUp1]:86468 [SgUp2]:88539 [SgUp3]:89510 [SgUp4]:0 [SgLow1]:86431 [SgLow2]:88495 [SgLow3]:89458 [SgLow4]:0 [NetMuon1]:56229 [NetMuon2]:56134 [NetMuon3]:56200 [NetMuon4]:56485
[Run]:21232 [Site]:4 [Bin]:56 [FullTime]:3600 [SkipTime]:0 [Veto1]:64.812 [Veto2]:64.8657 [Veto3]:72.7706 [Veto4]:45.6594 [SgUp1]:87173 [SgUp2]:88516 [SgUp3]:89327 [SgUp4]:0 [SgLow1]:87136 [SgLow2]:88480 [SgLow3]:89287 [SgLow4]:0 [NetMuon1]:56350 [NetMuon2]:56363 [NetMuon3]:56228 [NetMuon4]:56682
[Run]:21232 [Site]:4 [Bin]:57 [FullTime]:3600 [SkipTime]:0 [Veto1]:67.1217 [Veto2]:76.9919 [Veto3]:67.1055 [Veto4]:45.9303 [SgUp1]:86721 [SgUp2]:88034 [SgUp3]:89642 [SgUp4]:0 [SgLow1]:86687 [SgLow2]:87971 [SgLow3]:89610 [SgLow4]:0 [NetMuon1]:56711 [NetMuon2]:56569 [NetMuon3]:56698 [NetMuon4]:57046
[Run]:21232 [Site]:4 [Bin]:58 [FullTime]:3600 [SkipTime]:0 [Veto1]:57.8647 [Veto2]:71.7226 [Veto3]:63.7744 [Veto4]:45.5619 [SgUp1]:86851 [SgUp2]:88920 [SgUp3]:89620 [SgUp4]:0 [SgLow1]:86791 [SgLow2]:88879 [SgLow3]:89581 [SgLow4]:0 [NetMuon1]:56381 [NetMuon2]:56194 [NetMuon3]:56280 [NetMuon4]:56579
[Run]:21232 [Site]:4 [Bin]:59 [FullTime]:3600 [SkipTime]:0 [Veto1]:63.8862 [Veto2]:71.7405 [Veto3]:66.8341 [Veto4]:45.6482 [SgUp1]:87179 [SgUp2]:88012 [SgUp3]:89109 [SgUp4]:0 [SgLow1]:87140 [SgLow2]:87971 [SgLow3]:89063 [SgLow4]:0 [NetMuon1]:56388 [NetMuon2]:56279 [NetMuon3]:56321 [NetMuon4]:56684
[Run]:21232 [Site]:4 [Bin]:60 [FullTime]:3600 [SkipTime]:0 [Veto1]:61.9179 [Veto2]:64.9247 [Veto3]:64.8975 [Veto4]:45.6757 [SgUp1]:86448 [SgUp2]:88206 [SgUp3]:89047 [SgUp4]:0 [SgLow1]:86409 [SgLow2]:88167 [SgLow3]:88997 [SgLow4]:0 [NetMuon1]:56481 [NetMuon2]:56453 [NetMuon3]:56428 [NetMuon4]:56727
[Run]:21232 [Site]:4 [Bin]:61 [FullTime]:3600 [SkipTime]:0 [Veto1]:66.8954 [Veto2]:62.9326 [Veto3]:79.673 [Veto4]:45.6917 [SgUp1]:86976 [SgUp2]:88658 [SgUp3]:88805 [SgUp4]:0 [SgLow1]:86956 [SgLow2]:88614 [SgLow3]:88765 [SgLow4]:0 [NetMuon1]:56415 [NetMuon2]:56483 [NetMuon3]:56189 [NetMuon4]:56747
[Run]:21232 [Site]:4 [Bin]:62 [FullTime]:3600 [SkipTime]:0 [Veto1]:68.6889 [Veto2]:67.6935 [Veto3]:68.4259 [Veto4]:45.5395 [SgUp1]:87005 [SgUp2]:89090 [SgUp3]:88966 [SgUp4]:0 [SgLow1]:86974 [SgLow2]:89056 [SgLow3]:88920 [SgLow4]:0 [NetMuon1]:56146 [NetMuon2]:56230 [NetMuon3]:56200 [NetMuon4]:56555
[Run]:21232 [Site]:4 [Bin]:63 [FullTime]:3600 [SkipTime]:0 [Veto1]:62.9377 [Veto2]:72.93 [Veto3]:70.7548 [Veto4]:45.6652 [SgUp1]:87161 [SgUp2]:88871 [SgUp3]:88460 [SgUp4]:0 [SgLow1]:87114 [SgLow2]:88836 [SgLow3]:88426 [SgLow4]:0 [NetMuon1]:56445 [NetMuon2]:56284 [NetMuon3]:56293 [NetMuon4]:56712
[Run]:21232 [Site]:4 [Bin]:64 [FullTime]:3600 [SkipTime]:0 [Veto1]:77.4024 [Veto2]:71.5233 [Veto3]:62.6264 [Veto4]:45.4003 [SgUp1]:86275 [SgUp2]:88366 [SgUp3]:88611 [SgUp4]:0 [SgLow1]:86230 [SgLow2]:88328 [SgLow3]:88562 [SgLow4]:0 [NetMuon1]:55856 [NetMuon2]:55967 [NetMuon3]:56085 [NetMuon4]:56368
[Run]:21232 [Site]:4 [Bin]:65 [FullTime]:3600 [SkipTime]:0 [Veto1]:63.0043 [Veto2]:65.9522 [Veto3]:70.566 [Veto4]:45.7681 [SgUp1]:87025 [SgUp2]:87963 [SgUp3]:88452 [SgUp4]:0 [SgLow1]:86976 [SgLow2]:87924 [SgLow3]:88418 [SgLow4]:0 [NetMuon1]:56560 [NetMuon2]:56502 [NetMuon3]:56443 [NetMuon4]:56836
[Run]:21232 [Site]:4 [Bin]:66 [FullTime]:3600 [SkipTime]:0 [Veto1]:74.3289 [Veto2]:69.4738 [Veto3]:67.4423 [Veto4]:45.2904 [SgUp1]:86514 [SgUp2]:88397 [SgUp3]:89498 [SgUp4]:0 [SgLow1]:86468 [SgLow2]:88357 [SgLow3]:89445 [SgLow4]:0 [NetMuon1]:55780 [NetMuon2]:55892 [NetMuon3]:55866 [NetMuon4]:56253
[Run]:21232 [Site]:4 [Bin]:67 [FullTime]:3600 [SkipTime]:0 [Veto1]:65.869 [Veto2]:66.8864 [Veto3]:68.7776 [Veto4]:45.6514 [SgUp1]:86552 [SgUp2]:89296 [SgUp3]:89099 [SgUp4]:0 [SgLow1]:86519 [SgLow2]:89259 [SgLow3]:89067 [SgLow4]:0 [NetMuon1]:56358 [NetMuon2]:56347 [NetMuon3]:56286 [NetMuon4]:56675
[Run]:21232 [Site]:4 [Bin]:68 [FullTime]:3600 [SkipTime]:0 [Veto1]:69.6422 [Veto2]:65.6932 [Veto3]:60.8109 [Veto4]:45.5246 [SgUp1]:85700 [SgUp2]:89393 [SgUp3]:89456 [SgUp4]:0 [SgLow1]:85653 [SgLow2]:89352 [SgLow3]:89405 [SgLow4]:0 [NetMuon1]:56139 [NetMuon2]:56247 [NetMuon3]:56318 [NetMuon4]:56551
[Run]:21232 [Site]:4 [Bin]:69 [FullTime]:3600 [SkipTime]:0 [Veto1]:64.6907 [Veto2]:60.7465 [Veto3]:61.7398 [Veto4]:45.4734 [SgUp1]:86273 [SgUp2]:88447 [SgUp3]:89625 [SgUp4]:0 [SgLow1]:86238 [SgLow2]:88403 [SgLow3]:89585 [SgLow4]:0 [NetMuon1]:56187 [NetMuon2]:56260 [NetMuon3]:56273 [NetMuon4]:56508
[Run]:21232 [Site]:4 [Bin]:70 [FullTime]:3600 [SkipTime]:0 [Veto1]:73.6461 [Veto2]:58.8522 [Veto3]:77.6249 [Veto4]:45.5579 [SgUp1]:86308 [SgUp2]:89655 [SgUp3]:88596 [SgUp4]:0 [SgLow1]:86247 [SgLow2]:89618 [SgLow3]:88549 [SgLow4]:0 [NetMuon1]:56151 [NetMuon2]:56333 [NetMuon3]:56095 [NetMuon4]:56561
[Run]:21232 [Site]:4 [Bin]:71 [FullTime]:3600 [SkipTime]:0 [Veto1]:63.6541 [Veto2]:69.5783 [Veto3]:70.5959 [Veto4]:45.4525 [SgUp1]:86874 [SgUp2]:88748 [SgUp3]:89544 [SgUp4]:0 [SgLow1]:86838 [SgLow2]:88700 [SgLow3]:89493 [SgLow4]:0 [NetMuon1]:56191 [NetMuon2]:56088 [NetMuon3]:56089 [NetMuon4]:56463
[Run]:21232 [Site]:4 [Bin]:72 [FullTime]:3600 [SkipTime]:0 [Veto1]:63.7045 [Veto2]:70.6159 [Veto3]:67.6771 [Veto4]:45.4929 [SgUp1]:86129 [SgUp2]:88925 [SgUp3]:89777 [SgUp4]:0 [SgLow1]:86095 [SgLow2]:88870 [SgLow3]:89725 [SgLow4]:0 [NetMuon1]:56189 [NetMuon2]:56109 [NetMuon3]:56139 [NetMuon4]:56507
[Run]:21232 [Site]:4 [Bin]:73 [FullTime]:3600 [SkipTime]:0 [Veto1]:66.3373 [Veto2]:61.3705 [Veto3]:63.4278 [Veto4]:45.1661 [SgUp1]:87351 [SgUp2]:89285 [SgUp3]:89458 [SgUp4]:0 [SgLow1]:87293 [SgLow2]:89236 [SgLow3]:89406 [SgLow4]:0 [NetMuon1]:55762 [NetMuon2]:55849 [NetMuon3]:55799 [NetMuon4]:56083
[Run]:21232 [Site]:4 [Bin]:74 [FullTime]:3600 [SkipTime]:0 [Veto1]:67.1894 [Veto2]:72.1166 [Veto3]:68.1659 [Veto4]:45.0126 [SgUp1]:86597 [SgUp2]:89036 [SgUp3]:89334 [SgUp4]:0 [SgLow1]:86561 [SgLow2]:88987 [SgLow3]:89289 [SgLow4]:0 [NetMuon1]:55568 [NetMuon2]:55469 [NetMuon3]:55541 [NetMuon4]:55882
[Run]:21232 [Site]:4 [Bin]:75 [FullTime]:3600 [SkipTime]:0 [Veto1]:72.358 [Veto2]:58.5582 [Veto3]:60.5443 [Veto4]:45.2681 [SgUp1]:86905 [SgUp2]:89307 [SgUp3]:89353 [SgUp4]:0 [SgLow1]:86857 [SgLow2]:89261 [SgLow3]:89324 [SgLow4]:0 [NetMuon1]:55740 [NetMuon2]:56009 [NetMuon3]:55959 [NetMuon4]:56208
[Run]:21232 [Site]:4 [Bin]:76 [FullTime]:3600 [SkipTime]:0 [Veto1]:71.4773 [Veto2]:62.6223 [Veto3]:72.4623 [Veto4]:45.3849 [SgUp1]:87512 [SgUp2]:88707 [SgUp3]:88968 [SgUp4]:0 [SgLow1]:87473 [SgLow2]:88678 [SgLow3]:88929 [SgLow4]:0 [NetMuon1]:55886 [NetMuon2]:56058 [NetMuon3]:55914 [NetMuon4]:56340
[Run]:21232 [Site]:4 [Bin]:77 [FullTime]:3600 [SkipTime]:0 [Veto1]:67.6771 [Veto2]:62.7283 [Veto3]:64.6778 [Veto4]:45.4995 [SgUp1]:86864 [SgUp2]:88667 [SgUp3]:88646 [SgUp4]:0 [SgLow1]:86832 [SgLow2]:88630 [SgLow3]:88609 [SgLow4]:0 [NetMuon1]:56121 [NetMuon2]:56218 [NetMuon3]:56147 [NetMuon4]:56491
[Run]:21232 [Site]:4 [Bin]:78 [FullTime]:3600 [SkipTime]:0 [Veto1]:64.7817 [Veto2]:66.7818 [Veto3]:75.6385 [Veto4]:45.5849 [SgUp1]:87007 [SgUp2]:88428 [SgUp3]:88374 [SgUp4]:0 [SgLow1]:86967 [SgLow2]:88392 [SgLow3]:88328 [SgLow4]:0 [NetMuon1]:56311 [NetMuon2]:56306 [NetMuon3]:56180 [NetMuon4]:56622
[Run]:21232 [Site]:4 [Bin]:79 [FullTime]:3600 [SkipTime]:0 [Veto1]:69.9397 [Veto2]:67.748 [Veto3]:63.7878 [Veto4]:45.5506 [SgUp1]:86988 [SgUp2]:87944 [SgUp3]:88600 [SgUp4]:0 [SgLow1]:86944 [SgLow2]:87908 [SgLow3]:88563 [SgLow4]:0 [NetMuon1]:56166 [NetMuon2]:56226 [NetMuon3]:56270 [NetMuon4]:56566
[Run]:21232 [Site]:4 [Bin]:80 [FullTime]:3600 [SkipTime]:0 [Veto1]:58.7033 [Veto2]:59.6621 [Veto3]:61.6652 [Veto4]:45.4123 [SgUp1]:86289 [SgUp2]:89082 [SgUp3]:88904 [SgUp4]:0 [SgLow1]:86227 [SgLow2]:89043 [SgLow3]:88859 [SgLow4]:0 [NetMuon1]:56199 [NetMuon2]:56191 [NetMuon3]:56176 [NetMuon4]:56425
[Run]:21232 [Site]:4 [Bin]:81 [FullTime]:3600 [SkipTime]:0 [Veto1]:66.7384 [Veto2]:68.7182 [Veto3]:75.5919 [Veto4]:45.5448 [SgUp1]:86034 [SgUp2]:88873 [SgUp3]:88043 [SgUp4]:0 [SgLow1]:85999 [SgLow2]:88833 [SgLow3]:87996 [SgLow4]:0 [NetMuon1]:56248 [NetMuon2]:56220 [NetMuon3]:56117 [NetMuon4]:56589
[Run]:21232 [Site]:4 [Bin]:82 [FullTime]:3600 [SkipTime]:0 [Veto1]:68.8335 [Veto2]:70.8042 [Veto3]:79.6969 [Veto4]:45.6826 [SgUp1]:85924 [SgUp2]:88436 [SgUp3]:88249 [SgUp4]:0 [SgLow1]:85889 [SgLow2]:88392 [SgLow3]:88191 [SgLow4]:0 [NetMuon1]:56383 [NetMuon2]:56358 [NetMuon3]:56168 [NetMuon4]:56741
[Run]:21232 [Site]:4 [Bin]:83 [FullTime]:3600 [SkipTime]:0 [Veto1]:70.6123 [Veto2]:64.7068 [Veto3]:68.5701 [Veto4]:45.4726 [SgUp1]:86039 [SgUp2]:88221 [SgUp3]:88439 [SgUp4]:0 [SgLow1]:86007 [SgLow2]:88168 [SgLow3]:88388 [SgLow4]:0 [NetMuon1]:56085 [NetMuon2]:56177 [NetMuon3]:56108 [NetMuon4]:56484
[Run]:21232 [Site]:4 [Bin]:84 [FullTime]:3600 [SkipTime]:0 [Veto1]:65.1614 [Veto2]:72.6059 [Veto3]:69.9293 [Veto4]:45.5157 [SgUp1]:85990 [SgUp2]:88157 [SgUp3]:89244 [SgUp4]:0 [SgLow1]:85961 [SgLow2]:88116 [SgLow3]:89181 [SgLow4]:0 [NetMuon1]:56190 [NetMuon2]:56084 [NetMuon3]:56104 [NetMuon4]:56509
[Run]:21232 [Site]:4 [Bin]:85 [FullTime]:3600 [SkipTime]:0 [Veto1]:65.6672 [Veto2]:65.6821 [Veto3]:65.7276 [Veto4]:45.4752 [SgUp1]:86036 [SgUp2]:88096 [SgUp3]:89674 [SgUp4]:0 [SgLow1]:86000 [SgLow2]:88055 [SgLow3]:89640 [SgLow4]:0 [NetMuon1]:56134 [NetMuon2]:56186 [NetMuon3]:56183 [NetMuon4]:56472
[Run]:21232 [Site]:4 [Bin]:86 [FullTime]:3600 [SkipTime]:0 [Veto1]:67.5521 [Veto2]:61.1967 [Veto3]:66.6372 [Veto4]:45.4479 [SgUp1]:85944 [SgUp2]:88702 [SgUp3]:89142 [SgUp4]:0 [SgLow1]:85913 [SgLow2]:88666 [SgLow3]:89097 [SgLow4]:0 [NetMuon1]:56065 [NetMuon2]:56217 [NetMuon3]:56131 [NetMuon4]:56444
[Run]:21232 [Site]:4 [Bin]:87 [FullTime]:3600 [SkipTime]:0 [Veto1]:63.6891 [Veto2]:66.6581 [Veto3]:66.689 [Veto4]:45.5003 [SgUp1]:86434 [SgUp2]:88498 [SgUp3]:89514 [SgUp4]:0 [SgLow1]:86394 [SgLow2]:88450 [SgLow3]:89473 [SgLow4]:0 [NetMuon1]:56213 [NetMuon2]:56158 [NetMuon3]:56186 [NetMuon4]:56514
[Run]:21232 [Site]:4 [Bin]:88 [FullTime]:3600 [SkipTime]:0 [Veto1]:61.8648 [Veto2]:66.7565 [Veto3]:67.7492 [Veto4]:45.5753 [SgUp1]:86793 [SgUp2]:88833 [SgUp3]:89434 [SgUp4]:0 [SgLow1]:86764 [SgLow2]:88795 [SgLow3]:89409 [SgLow4]:0 [NetMuon1]:56382 [NetMuon2]:56284 [NetMuon3]:56296 [NetMuon4]:56616
[Run]:21232 [Site]:4 [Bin]:89 [FullTime]:3600 [SkipTime]:0 [Veto1]:77.3237 [Veto2]:73.3955 [Veto3]:63.5186 [Veto4]:45.2847 [SgUp1]:85780 [SgUp2]:88502 [SgUp3]:89431 [SgUp4]:0 [SgLow1]:85724 [SgLow2]:88469 [SgLow3]:89390 [SgLow4]:0 [NetMuon1]:55784 [NetMuon2]:55821 [NetMuon3]:55987 [NetMuon4]:56263
[Run]:21232 [Site]:4 [Bin]:90 [FullTime]:3600 [SkipTime]:0 [Veto1]:67.4384 [Veto2]:76.4398 [Veto3]:73.3946 [Veto4]:45.3038 [SgUp1]:86221 [SgUp2]:88368 [SgUp3]:89781 [SgUp4]:0 [SgLow1]:86174 [SgLow2]:88319 [SgLow3]:89739 [SgLow4]:0 [NetMuon1]:55912 [NetMuon2]:55805 [NetMuon3]:55833 [NetMuon4]:56274
[Run]:21232 [Site]:4 [Bin]:91 [FullTime]:3600 [SkipTime]:0 [Veto1]:60.9315 [Veto2]:69.4446 [Veto3]:77.3797 [Veto4]:45.2787 [SgUp1]:86247 [SgUp2]:87868 [SgUp3]:88893 [SgUp4]:0 [SgLow1]:86195 [SgLow2]:87827 [SgLow3]:88844 [SgLow4]:0 [NetMuon1]:55976 [NetMuon2]:55861 [NetMuon3]:55783 [NetMuon4]:56233
[Run]:21232 [Site]:4 [Bin]:92 [FullTime]:3600 [SkipTime]:0 [Veto1]:67.6802 [Veto2]:76.5386 [Veto3]:76.5932 [Veto4]:45.5028 [SgUp1]:86530 [SgUp2]:87645 [SgUp3]:89023 [SgUp4]:0 [SgLow1]:86492 [SgLow2]:87597 [SgLow3]:88968 [SgLow4]:0 [NetMuon1]:56171 [NetMuon2]:56008 [NetMuon3]:56039 [NetMuon4]:56527
[Run]:21232 [Site]:4 [Bin]:93 [FullTime]:3600 [SkipTime]:0 [Veto1]:68.3171 [Veto2]:66.3452 [Veto3]:75.2706 [Veto4]:45.1922 [SgUp1]:86458 [SgUp2]:87465 [SgUp3]:88720 [SgUp4]:0 [SgLow1]:86426 [SgLow2]:87428 [SgLow3]:88672 [SgLow4]:0 [NetMuon1]:55727 [NetMuon2]:55762 [NetMuon3]:55613 [NetMuon4]:56116
[Run]:21232 [Site]:4 [Bin]:94 [FullTime]:3600 [SkipTime]:0 [Veto1]:62.5498 [Veto2]:64.5667 [Veto3]:67.4621 [Veto4]:45.3204 [SgUp1]:86070 [SgUp2]:87659 [SgUp3]:88183 [SgUp4]:0 [SgLow1]:86038 [SgLow2]:87612 [SgLow3]:88142 [SgLow4]:0 [NetMuon1]:56001 [NetMuon2]:55972 [NetMuon3]:55927 [NetMuon4]:56298
[Run]:21232 [Site]:4 [Bin]:95 [FullTime]:3600 [SkipTime]:0 [Veto1]:66.6118 [Veto2]:64.9485 [Veto3]:64.6911 [Veto4]:45.4544 [SgUp1]:86183 [SgUp2]:87773 [SgUp3]:88894 [SgUp4]:0 [SgLow1]:86143 [SgLow2]:87723 [SgLow3]:88847 [SgLow4]:0 [NetMuon1]:56117 [NetMuon2]:56161 [NetMuon3]:56158 [NetMuon4]:56464
End process Run: 21232 ... 
[Run]:21232 [Site]:4 [Bin]:96 [FullTime]:3455.11 [SkipTime]:0 [Veto1]:63.5406 [Veto2]:63.588 [Veto3]:65.4879 [Veto4]:43.4323
