StreamChain add 0x1d2907f0
Start to process run: 22785 ... 
[Run]:22785 [Site]:4 [Bin]:1905 [FullTime]:441.478 [SkipTime]:0 [Veto1]:7.59819 [Veto2]:9.54517 [Veto3]:5.61691 [Veto4]:5.44333 [SgUp1]:8844 [SgUp2]:9032 [SgUp3]:9006 [SgUp4]:0 [SgLow1]:8838 [SgLow2]:9029 [SgLow3]:8999 [SgLow4]:0 [NetMuon1]:6732 [NetMuon2]:6676 [NetMuon3]:6753 [NetMuon4]:6756
[Run]:22785 [Site]:4 [Bin]:1906 [FullTime]:3600 [SkipTime]:0 [Veto1]:66.0252 [Veto2]:66.9146 [Veto3]:77.7277 [Veto4]:44.7055 [SgUp1]:71688 [SgUp2]:73044 [SgUp3]:73305 [SgUp4]:0 [SgLow1]:71642 [SgLow2]:73018 [SgLow3]:73286 [SgLow4]:0 [NetMuon1]:55194 [NetMuon2]:55195 [NetMuon3]:55020 [NetMuon4]:55534
[Run]:22785 [Site]:4 [Bin]:1907 [FullTime]:3600 [SkipTime]:0 [Veto1]:73.7246 [Veto2]:58.5209 [Veto3]:80.2191 [Veto4]:44.2814 [SgUp1]:71384 [SgUp2]:73374 [SgUp3]:73854 [SgUp4]:0 [SgLow1]:71342 [SgLow2]:73341 [SgLow3]:73820 [SgLow4]:0 [NetMuon1]:54562 [NetMuon2]:54756 [NetMuon3]:54382 [NetMuon4]:54996
[Run]:22785 [Site]:4 [Bin]:1908 [FullTime]:3600 [SkipTime]:0 [Veto1]:67.6157 [Veto2]:72.5074 [Veto3]:67.5905 [Veto4]:44.4444 [SgUp1]:71203 [SgUp2]:73649 [SgUp3]:74085 [SgUp4]:0 [SgLow1]:71160 [SgLow2]:73615 [SgLow3]:74062 [SgLow4]:0 [NetMuon1]:54850 [NetMuon2]:54751 [NetMuon3]:54802 [NetMuon4]:55203
[Run]:22785 [Site]:4 [Bin]:1909 [FullTime]:3600 [SkipTime]:0 [Veto1]:63.0062 [Veto2]:62.9939 [Veto3]:61.0136 [Veto4]:44.7571 [SgUp1]:71730 [SgUp2]:74046 [SgUp3]:74107 [SgUp4]:0 [SgLow1]:71704 [SgLow2]:74021 [SgLow3]:74065 [SgLow4]:0 [NetMuon1]:55309 [NetMuon2]:55321 [NetMuon3]:55364 [NetMuon4]:55590
[Run]:22785 [Site]:4 [Bin]:1910 [FullTime]:3600 [SkipTime]:0 [Veto1]:66.8742 [Veto2]:62.4815 [Veto3]:65.4562 [Veto4]:44.2681 [SgUp1]:71106 [SgUp2]:73294 [SgUp3]:73687 [SgUp4]:0 [SgLow1]:71076 [SgLow2]:73275 [SgLow3]:73640 [SgLow4]:0 [NetMuon1]:54639 [NetMuon2]:54721 [NetMuon3]:54666 [NetMuon4]:55001
[Run]:22785 [Site]:4 [Bin]:1911 [FullTime]:3600 [SkipTime]:0 [Veto1]:67.7482 [Veto2]:63.7347 [Veto3]:68.957 [Veto4]:44.5364 [SgUp1]:71319 [SgUp2]:73579 [SgUp3]:74072 [SgUp4]:0 [SgLow1]:71288 [SgLow2]:73549 [SgLow3]:74041 [SgLow4]:0 [NetMuon1]:54978 [NetMuon2]:55049 [NetMuon3]:54935 [NetMuon4]:55324
[Run]:22785 [Site]:4 [Bin]:1912 [FullTime]:3600 [SkipTime]:0 [Veto1]:64.5423 [Veto2]:65.4862 [Veto3]:62.605 [Veto4]:44.3413 [SgUp1]:71456 [SgUp2]:73150 [SgUp3]:74298 [SgUp4]:0 [SgLow1]:71427 [SgLow2]:73122 [SgLow3]:74263 [SgLow4]:0 [NetMuon1]:54784 [NetMuon2]:54738 [NetMuon3]:54779 [NetMuon4]:55082
[Run]:22785 [Site]:4 [Bin]:1913 [FullTime]:3600 [SkipTime]:0 [Veto1]:65.3016 [Veto2]:63.3476 [Veto3]:62.3498 [Veto4]:44.1276 [SgUp1]:71669 [SgUp2]:74153 [SgUp3]:74311 [SgUp4]:0 [SgLow1]:71643 [SgLow2]:74127 [SgLow3]:74253 [SgLow4]:0 [NetMuon1]:54487 [NetMuon2]:54493 [NetMuon3]:54540 [NetMuon4]:54802
[Run]:22785 [Site]:4 [Bin]:1914 [FullTime]:3600 [SkipTime]:0 [Veto1]:63.6661 [Veto2]:59.7754 [Veto3]:56.8023 [Veto4]:44.4798 [SgUp1]:71781 [SgUp2]:73605 [SgUp3]:74299 [SgUp4]:0 [SgLow1]:71748 [SgLow2]:73576 [SgLow3]:74272 [SgLow4]:0 [NetMuon1]:54945 [NetMuon2]:55017 [NetMuon3]:55080 [NetMuon4]:55262
[Run]:22785 [Site]:4 [Bin]:1915 [FullTime]:3600 [SkipTime]:0 [Veto1]:68.8697 [Veto2]:66.9108 [Veto3]:70.843 [Veto4]:44.7181 [SgUp1]:71526 [SgUp2]:73379 [SgUp3]:73639 [SgUp4]:0 [SgLow1]:71499 [SgLow2]:73359 [SgLow3]:73600 [SgLow4]:0 [NetMuon1]:55173 [NetMuon2]:55177 [NetMuon3]:55129 [NetMuon4]:55551
[Run]:22785 [Site]:4 [Bin]:1916 [FullTime]:3600 [SkipTime]:0 [Veto1]:61.6065 [Veto2]:69.5261 [Veto3]:67.5368 [Veto4]:44.3845 [SgUp1]:71651 [SgUp2]:72959 [SgUp3]:73768 [SgUp4]:0 [SgLow1]:71623 [SgLow2]:72934 [SgLow3]:73734 [SgLow4]:0 [NetMuon1]:54839 [NetMuon2]:54760 [NetMuon3]:54760 [NetMuon4]:55125
[Run]:22785 [Site]:4 [Bin]:1917 [FullTime]:3600 [SkipTime]:0 [Veto1]:68.6464 [Veto2]:62.7363 [Veto3]:63.6852 [Veto4]:44.4819 [SgUp1]:71566 [SgUp2]:73598 [SgUp3]:73591 [SgUp4]:0 [SgLow1]:71531 [SgLow2]:73564 [SgLow3]:73564 [SgLow4]:0 [NetMuon1]:54908 [NetMuon2]:54971 [NetMuon3]:54911 [NetMuon4]:55243
[Run]:22785 [Site]:4 [Bin]:1918 [FullTime]:3600 [SkipTime]:0 [Veto1]:56.6526 [Veto2]:52.6632 [Veto3]:66.4982 [Veto4]:44.3512 [SgUp1]:71442 [SgUp2]:73242 [SgUp3]:73642 [SgUp4]:0 [SgLow1]:71398 [SgLow2]:73224 [SgLow3]:73602 [SgLow4]:0 [NetMuon1]:54882 [NetMuon2]:54948 [NetMuon3]:54741 [NetMuon4]:55085
[Run]:22785 [Site]:4 [Bin]:1919 [FullTime]:3600 [SkipTime]:0 [Veto1]:65.5494 [Veto2]:68.4772 [Veto3]:67.5249 [Veto4]:44.3687 [SgUp1]:71297 [SgUp2]:73123 [SgUp3]:73388 [SgUp4]:0 [SgLow1]:71259 [SgLow2]:73095 [SgLow3]:73359 [SgLow4]:0 [NetMuon1]:54838 [NetMuon2]:54751 [NetMuon3]:54778 [NetMuon4]:55147
[Run]:22785 [Site]:4 [Bin]:1920 [FullTime]:3600 [SkipTime]:0 [Veto1]:64.5024 [Veto2]:60.5621 [Veto3]:58.62 [Veto4]:44.3317 [SgUp1]:71241 [SgUp2]:73589 [SgUp3]:73484 [SgUp4]:0 [SgLow1]:71202 [SgLow2]:73545 [SgLow3]:73431 [SgLow4]:0 [NetMuon1]:54700 [NetMuon2]:54766 [NetMuon3]:54814 [NetMuon4]:55035
[Run]:22785 [Site]:4 [Bin]:1921 [FullTime]:3600 [SkipTime]:0 [Veto1]:67.8266 [Veto2]:64.8595 [Veto3]:67.7725 [Veto4]:44.6109 [SgUp1]:71439 [SgUp2]:73017 [SgUp3]:73554 [SgUp4]:0 [SgLow1]:71412 [SgLow2]:72998 [SgLow3]:73498 [SgLow4]:0 [NetMuon1]:55061 [NetMuon2]:55093 [NetMuon3]:55011 [NetMuon4]:55383
[Run]:22785 [Site]:4 [Bin]:1922 [FullTime]:3600 [SkipTime]:0 [Veto1]:64.6359 [Veto2]:69.593 [Veto3]:63.6771 [Veto4]:44.4333 [SgUp1]:71582 [SgUp2]:72896 [SgUp3]:73581 [SgUp4]:0 [SgLow1]:71559 [SgLow2]:72871 [SgLow3]:73561 [SgLow4]:0 [NetMuon1]:54882 [NetMuon2]:54824 [NetMuon3]:54910 [NetMuon4]:55190
[Run]:22785 [Site]:4 [Bin]:1923 [FullTime]:3600 [SkipTime]:0 [Veto1]:60.5807 [Veto2]:74.388 [Veto3]:69.4096 [Veto4]:44.3127 [SgUp1]:71527 [SgUp2]:73310 [SgUp3]:73254 [SgUp4]:0 [SgLow1]:71498 [SgLow2]:73274 [SgLow3]:73227 [SgLow4]:0 [NetMuon1]:54809 [NetMuon2]:54614 [NetMuon3]:54642 [NetMuon4]:55068
[Run]:22785 [Site]:4 [Bin]:1924 [FullTime]:3600 [SkipTime]:0 [Veto1]:65.3812 [Veto2]:63.4566 [Veto3]:65.4179 [Veto4]:44.2116 [SgUp1]:71999 [SgUp2]:73116 [SgUp3]:73438 [SgUp4]:0 [SgLow1]:71961 [SgLow2]:73085 [SgLow3]:73408 [SgLow4]:0 [NetMuon1]:54579 [NetMuon2]:54658 [NetMuon3]:54592 [NetMuon4]:54917
[Run]:22785 [Site]:4 [Bin]:1925 [FullTime]:3600 [SkipTime]:0 [Veto1]:64.7616 [Veto2]:68.6581 [Veto3]:62.7719 [Veto4]:44.533 [SgUp1]:71423 [SgUp2]:73232 [SgUp3]:73924 [SgUp4]:0 [SgLow1]:71395 [SgLow2]:73200 [SgLow3]:73879 [SgLow4]:0 [NetMuon1]:54978 [NetMuon2]:54935 [NetMuon3]:55052 [NetMuon4]:55325
[Run]:22785 [Site]:4 [Bin]:1926 [FullTime]:3600 [SkipTime]:0 [Veto1]:63.5357 [Veto2]:68.4797 [Veto3]:67.6386 [Veto4]:44.3243 [SgUp1]:71120 [SgUp2]:73036 [SgUp3]:72991 [SgUp4]:0 [SgLow1]:71095 [SgLow2]:73008 [SgLow3]:72969 [SgLow4]:0 [NetMuon1]:54756 [NetMuon2]:54683 [NetMuon3]:54707 [NetMuon4]:55064
[Run]:22785 [Site]:4 [Bin]:1927 [FullTime]:3600 [SkipTime]:0 [Veto1]:65.6716 [Veto2]:59.705 [Veto3]:63.6755 [Veto4]:44.4609 [SgUp1]:71158 [SgUp2]:73329 [SgUp3]:73202 [SgUp4]:0 [SgLow1]:71129 [SgLow2]:73308 [SgLow3]:73169 [SgLow4]:0 [NetMuon1]:54911 [NetMuon2]:55003 [NetMuon3]:54927 [NetMuon4]:55225
[Run]:22785 [Site]:4 [Bin]:1928 [FullTime]:3600 [SkipTime]:0 [Veto1]:72.5715 [Veto2]:60.7475 [Veto3]:68.595 [Veto4]:44.4671 [SgUp1]:71675 [SgUp2]:72696 [SgUp3]:73277 [SgUp4]:0 [SgLow1]:71646 [SgLow2]:72670 [SgLow3]:73245 [SgLow4]:0 [NetMuon1]:54811 [NetMuon2]:54962 [NetMuon3]:54868 [NetMuon4]:55238
[Run]:22785 [Site]:4 [Bin]:1929 [FullTime]:3600 [SkipTime]:0 [Veto1]:63.7074 [Veto2]:70.6464 [Veto3]:63.7496 [Veto4]:44.5072 [SgUp1]:71611 [SgUp2]:73337 [SgUp3]:73225 [SgUp4]:0 [SgLow1]:71588 [SgLow2]:73319 [SgLow3]:73198 [SgLow4]:0 [NetMuon1]:54968 [NetMuon2]:54909 [NetMuon3]:55011 [NetMuon4]:55278
[Run]:22785 [Site]:4 [Bin]:1930 [FullTime]:3600 [SkipTime]:0 [Veto1]:73.5499 [Veto2]:57.749 [Veto3]:68.5638 [Veto4]:44.4354 [SgUp1]:71226 [SgUp2]:73070 [SgUp3]:72772 [SgUp4]:0 [SgLow1]:71195 [SgLow2]:73038 [SgLow3]:72717 [SgLow4]:0 [NetMuon1]:54713 [NetMuon2]:54980 [NetMuon3]:54794 [NetMuon4]:55188
[Run]:22785 [Site]:4 [Bin]:1931 [FullTime]:3600 [SkipTime]:0 [Veto1]:64.8968 [Veto2]:59.9669 [Veto3]:69.8587 [Veto4]:44.6853 [SgUp1]:71592 [SgUp2]:72686 [SgUp3]:72790 [SgUp4]:0 [SgLow1]:71562 [SgLow2]:72626 [SgLow3]:72762 [SgLow4]:0 [NetMuon1]:55214 [NetMuon2]:55293 [NetMuon3]:55168 [NetMuon4]:55525
[Run]:22785 [Site]:4 [Bin]:1932 [FullTime]:3600 [SkipTime]:0 [Veto1]:65.6876 [Veto2]:66.6373 [Veto3]:67.6437 [Veto4]:44.5147 [SgUp1]:71651 [SgUp2]:73208 [SgUp3]:73203 [SgUp4]:0 [SgLow1]:71625 [SgLow2]:73162 [SgLow3]:73175 [SgLow4]:0 [NetMuon1]:54987 [NetMuon2]:54932 [NetMuon3]:54934 [NetMuon4]:55305
[Run]:22785 [Site]:4 [Bin]:1933 [FullTime]:3600 [SkipTime]:0 [Veto1]:69.3554 [Veto2]:69.753 [Veto3]:61.8767 [Veto4]:44.6066 [SgUp1]:71474 [SgUp2]:72953 [SgUp3]:73585 [SgUp4]:0 [SgLow1]:71430 [SgLow2]:72912 [SgLow3]:73537 [SgLow4]:0 [NetMuon1]:55054 [NetMuon2]:55028 [NetMuon3]:55157 [NetMuon4]:55424
[Run]:22785 [Site]:4 [Bin]:1934 [FullTime]:3599.99 [SkipTime]:0 [Veto1]:66.4673 [Veto2]:58.5822 [Veto3]:63.5042 [Veto4]:44.2928 [SgUp1]:71451 [SgUp2]:73352 [SgUp3]:72776 [SgUp4]:0 [SgLow1]:71409 [SgLow2]:73310 [SgLow3]:72737 [SgLow4]:0 [NetMuon1]:54643 [NetMuon2]:54772 [NetMuon3]:54687 [NetMuon4]:54993
[Run]:22785 [Site]:4 [Bin]:1935 [FullTime]:3600 [SkipTime]:0 [Veto1]:63.7589 [Veto2]:64.6619 [Veto3]:68.5688 [Veto4]:44.4615 [SgUp1]:70827 [SgUp2]:73750 [SgUp3]:73051 [SgUp4]:0 [SgLow1]:70793 [SgLow2]:73716 [SgLow3]:73028 [SgLow4]:0 [NetMuon1]:54924 [NetMuon2]:54908 [NetMuon3]:54825 [NetMuon4]:55212
[Run]:22785 [Site]:4 [Bin]:1936 [FullTime]:3600 [SkipTime]:0 [Veto1]:62.5989 [Veto2]:64.5842 [Veto3]:64.5368 [Veto4]:44.3515 [SgUp1]:71285 [SgUp2]:73418 [SgUp3]:72935 [SgUp4]:0 [SgLow1]:71249 [SgLow2]:73373 [SgLow3]:72913 [SgLow4]:0 [NetMuon1]:54813 [NetMuon2]:54783 [NetMuon3]:54768 [NetMuon4]:55077
[Run]:22785 [Site]:4 [Bin]:1937 [FullTime]:3600 [SkipTime]:0 [Veto1]:77.3266 [Veto2]:73.4788 [Veto3]:58.6175 [Veto4]:44.3907 [SgUp1]:71184 [SgUp2]:73093 [SgUp3]:74072 [SgUp4]:0 [SgLow1]:71156 [SgLow2]:73033 [SgLow3]:74041 [SgLow4]:0 [NetMuon1]:54599 [NetMuon2]:54695 [NetMuon3]:54909 [NetMuon4]:55131
[Run]:22785 [Site]:4 [Bin]:1938 [FullTime]:3600 [SkipTime]:0 [Veto1]:69.7491 [Veto2]:68.7363 [Veto3]:60.8291 [Veto4]:44.5628 [SgUp1]:71305 [SgUp2]:73378 [SgUp3]:73526 [SgUp4]:0 [SgLow1]:71270 [SgLow2]:73349 [SgLow3]:73492 [SgLow4]:0 [NetMuon1]:54970 [NetMuon2]:55026 [NetMuon3]:55093 [NetMuon4]:55365
[Run]:22785 [Site]:4 [Bin]:1939 [FullTime]:3600 [SkipTime]:0 [Veto1]:58.7897 [Veto2]:63.6252 [Veto3]:69.7027 [Veto4]:44.5126 [SgUp1]:71651 [SgUp2]:73338 [SgUp3]:73039 [SgUp4]:0 [SgLow1]:71622 [SgLow2]:73311 [SgLow3]:73003 [SgLow4]:0 [NetMuon1]:55059 [NetMuon2]:54993 [NetMuon3]:54947 [NetMuon4]:55300
[Run]:22785 [Site]:4 [Bin]:1940 [FullTime]:3600 [SkipTime]:0 [Veto1]:69.509 [Veto2]:67.5367 [Veto3]:66.5938 [Veto4]:44.3794 [SgUp1]:71168 [SgUp2]:73346 [SgUp3]:73071 [SgUp4]:0 [SgLow1]:71141 [SgLow2]:73316 [SgLow3]:73044 [SgLow4]:0 [NetMuon1]:54723 [NetMuon2]:54762 [NetMuon3]:54813 [NetMuon4]:55132
[Run]:22785 [Site]:4 [Bin]:1941 [FullTime]:3600 [SkipTime]:0 [Veto1]:68.868 [Veto2]:67.89 [Veto3]:63.9264 [Veto4]:44.719 [SgUp1]:71840 [SgUp2]:73471 [SgUp3]:73287 [SgUp4]:0 [SgLow1]:71803 [SgLow2]:73435 [SgLow3]:73245 [SgLow4]:0 [NetMuon1]:55169 [NetMuon2]:55209 [NetMuon3]:55249 [NetMuon4]:55554
[Run]:22785 [Site]:4 [Bin]:1942 [FullTime]:3600 [SkipTime]:0 [Veto1]:72.9428 [Veto2]:66.0776 [Veto3]:64.0846 [Veto4]:44.841 [SgUp1]:71539 [SgUp2]:72973 [SgUp3]:73283 [SgUp4]:0 [SgLow1]:71510 [SgLow2]:72951 [SgLow3]:73253 [SgLow4]:0 [NetMuon1]:55261 [NetMuon2]:55371 [NetMuon3]:55393 [NetMuon4]:55708
[Run]:22785 [Site]:4 [Bin]:1943 [FullTime]:3600 [SkipTime]:0 [Veto1]:65.6298 [Veto2]:67.6391 [Veto3]:68.5394 [Veto4]:44.455 [SgUp1]:71325 [SgUp2]:73102 [SgUp3]:73412 [SgUp4]:0 [SgLow1]:71290 [SgLow2]:73078 [SgLow3]:73373 [SgLow4]:0 [NetMuon1]:54918 [NetMuon2]:54895 [NetMuon3]:54829 [NetMuon4]:55245
[Run]:22785 [Site]:4 [Bin]:1944 [FullTime]:3600 [SkipTime]:0 [Veto1]:65.5763 [Veto2]:66.6981 [Veto3]:70.4922 [Veto4]:44.3772 [SgUp1]:71366 [SgUp2]:73498 [SgUp3]:73131 [SgUp4]:0 [SgLow1]:71327 [SgLow2]:73462 [SgLow3]:73105 [SgLow4]:0 [NetMuon1]:54765 [NetMuon2]:54758 [NetMuon3]:54705 [NetMuon4]:55116
End process Run: 22785 ... 
[Run]:22785 [Site]:4 [Bin]:1945 [FullTime]:1821.67 [SkipTime]:0 [Veto1]:32.9911 [Veto2]:38.8598 [Veto3]:29.9954 [Veto4]:22.3771
