StreamChain add 0x15a407f0
Start to process run: 22640 ... 
[Run]:22640 [Site]:4 [Bin]:1663 [FullTime]:1599.62 [SkipTime]:0 [Veto1]:32.5365 [Veto2]:27.6182 [Veto3]:29.5941 [Veto4]:20.0476 [SgUp1]:31888 [SgUp2]:32949 [SgUp3]:33187 [SgUp4]:0 [SgLow1]:31877 [SgLow2]:32933 [SgLow3]:33169 [SgLow4]:0 [NetMuon1]:24709 [NetMuon2]:24807 [NetMuon3]:24764 [NetMuon4]:24912
[Run]:22640 [Site]:4 [Bin]:1664 [FullTime]:3600 [SkipTime]:0 [Veto1]:66.4486 [Veto2]:71.0711 [Veto3]:75.0088 [Veto4]:44.9208 [SgUp1]:72124 [SgUp2]:73576 [SgUp3]:74059 [SgUp4]:0 [SgLow1]:72094 [SgLow2]:73540 [SgLow3]:74025 [SgLow4]:0 [NetMuon1]:55459 [NetMuon2]:55390 [NetMuon3]:55341 [NetMuon4]:55787
[Run]:22640 [Site]:4 [Bin]:1665 [FullTime]:3600 [SkipTime]:0 [Veto1]:61.2685 [Veto2]:64.2059 [Veto3]:73.1091 [Veto4]:45.0165 [SgUp1]:72492 [SgUp2]:73367 [SgUp3]:74236 [SgUp4]:0 [SgLow1]:72451 [SgLow2]:73336 [SgLow3]:74203 [SgLow4]:0 [NetMuon1]:55639 [NetMuon2]:55592 [NetMuon3]:55468 [NetMuon4]:55917
[Run]:22640 [Site]:4 [Bin]:1666 [FullTime]:3600 [SkipTime]:0 [Veto1]:68.8649 [Veto2]:67.2589 [Veto3]:62.9568 [Veto4]:44.7314 [SgUp1]:72103 [SgUp2]:73505 [SgUp3]:74320 [SgUp4]:0 [SgLow1]:72084 [SgLow2]:73475 [SgLow3]:74288 [SgLow4]:0 [NetMuon1]:55152 [NetMuon2]:55192 [NetMuon3]:55254 [NetMuon4]:55561
[Run]:22640 [Site]:4 [Bin]:1667 [FullTime]:3600 [SkipTime]:0 [Veto1]:78.892 [Veto2]:70.0053 [Veto3]:65.0996 [Veto4]:44.871 [SgUp1]:71736 [SgUp2]:73049 [SgUp3]:74657 [SgUp4]:0 [SgLow1]:71693 [SgLow2]:73021 [SgLow3]:74628 [SgLow4]:0 [NetMuon1]:55194 [NetMuon2]:55319 [NetMuon3]:55446 [NetMuon4]:55729
[Run]:22640 [Site]:4 [Bin]:1668 [FullTime]:3600 [SkipTime]:0 [Veto1]:74.3892 [Veto2]:64.3847 [Veto3]:62.5445 [Veto4]:44.3277 [SgUp1]:72186 [SgUp2]:73319 [SgUp3]:74287 [SgUp4]:0 [SgLow1]:72159 [SgLow2]:73286 [SgLow3]:74247 [SgLow4]:0 [NetMuon1]:54581 [NetMuon2]:54768 [NetMuon3]:54743 [NetMuon4]:55040
[Run]:22640 [Site]:4 [Bin]:1669 [FullTime]:3600 [SkipTime]:0 [Veto1]:68.3538 [Veto2]:67.7739 [Veto3]:70.3844 [Veto4]:45.1913 [SgUp1]:72556 [SgUp2]:73898 [SgUp3]:74176 [SgUp4]:0 [SgLow1]:72526 [SgLow2]:73869 [SgLow3]:74130 [SgLow4]:0 [NetMuon1]:55741 [NetMuon2]:55763 [NetMuon3]:55749 [NetMuon4]:56126
[Run]:22640 [Site]:4 [Bin]:1670 [FullTime]:3600 [SkipTime]:0 [Veto1]:66.9683 [Veto2]:65.0819 [Veto3]:62.0555 [Veto4]:44.8428 [SgUp1]:72243 [SgUp2]:74447 [SgUp3]:74349 [SgUp4]:0 [SgLow1]:72193 [SgLow2]:74416 [SgLow3]:74314 [SgLow4]:0 [NetMuon1]:55362 [NetMuon2]:55434 [NetMuon3]:55450 [NetMuon4]:55730
[Run]:22640 [Site]:4 [Bin]:1671 [FullTime]:3600 [SkipTime]:0 [Veto1]:69.9953 [Veto2]:67.0982 [Veto3]:68.0187 [Veto4]:44.8638 [SgUp1]:72740 [SgUp2]:74225 [SgUp3]:74423 [SgUp4]:0 [SgLow1]:72707 [SgLow2]:74193 [SgLow3]:74391 [SgLow4]:0 [NetMuon1]:55316 [NetMuon2]:55392 [NetMuon3]:55365 [NetMuon4]:55724
[Run]:22640 [Site]:4 [Bin]:1672 [FullTime]:3600 [SkipTime]:0 [Veto1]:62.6672 [Veto2]:74.4392 [Veto3]:63.6678 [Veto4]:44.3868 [SgUp1]:72207 [SgUp2]:73518 [SgUp3]:74284 [SgUp4]:0 [SgLow1]:72177 [SgLow2]:73479 [SgLow3]:74252 [SgLow4]:0 [NetMuon1]:54869 [NetMuon2]:54687 [NetMuon3]:54845 [NetMuon4]:55146
[Run]:22640 [Site]:4 [Bin]:1673 [FullTime]:3600 [SkipTime]:0 [Veto1]:70.4711 [Veto2]:65.544 [Veto3]:69.4607 [Veto4]:44.3375 [SgUp1]:71964 [SgUp2]:74005 [SgUp3]:74488 [SgUp4]:0 [SgLow1]:71941 [SgLow2]:73969 [SgLow3]:74454 [SgLow4]:0 [NetMuon1]:54686 [NetMuon2]:54784 [NetMuon3]:54706 [NetMuon4]:55096
[Run]:22640 [Site]:4 [Bin]:1674 [FullTime]:3600 [SkipTime]:0 [Veto1]:75.5801 [Veto2]:72.7114 [Veto3]:69.7617 [Veto4]:44.5912 [SgUp1]:72673 [SgUp2]:73490 [SgUp3]:73866 [SgUp4]:0 [SgLow1]:72638 [SgLow2]:73443 [SgLow3]:73833 [SgLow4]:0 [NetMuon1]:54917 [NetMuon2]:54992 [NetMuon3]:55029 [NetMuon4]:55422
[Run]:22640 [Site]:4 [Bin]:1675 [FullTime]:3600 [SkipTime]:0 [Veto1]:59.1322 [Veto2]:70.9298 [Veto3]:66.9751 [Veto4]:44.8046 [SgUp1]:72353 [SgUp2]:73842 [SgUp3]:74324 [SgUp4]:0 [SgLow1]:72321 [SgLow2]:73819 [SgLow3]:74295 [SgLow4]:0 [NetMuon1]:55408 [NetMuon2]:55224 [NetMuon3]:55273 [NetMuon4]:55634
[Run]:22640 [Site]:4 [Bin]:1676 [FullTime]:3600 [SkipTime]:0 [Veto1]:61.704 [Veto2]:59.712 [Veto3]:66.6946 [Veto4]:44.4821 [SgUp1]:71958 [SgUp2]:73531 [SgUp3]:74108 [SgUp4]:0 [SgLow1]:71935 [SgLow2]:73510 [SgLow3]:74071 [SgLow4]:0 [NetMuon1]:54993 [NetMuon2]:55001 [NetMuon3]:54923 [NetMuon4]:55260
[Run]:22640 [Site]:4 [Bin]:1677 [FullTime]:3600 [SkipTime]:0 [Veto1]:67.3899 [Veto2]:66.3701 [Veto3]:65.3793 [Veto4]:44.1841 [SgUp1]:72267 [SgUp2]:74008 [SgUp3]:73901 [SgUp4]:0 [SgLow1]:72238 [SgLow2]:73977 [SgLow3]:73872 [SgLow4]:0 [NetMuon1]:54546 [NetMuon2]:54522 [NetMuon3]:54530 [NetMuon4]:54869
[Run]:22640 [Site]:4 [Bin]:1678 [FullTime]:3600 [SkipTime]:0 [Veto1]:63.712 [Veto2]:64.7017 [Veto3]:71.6815 [Veto4]:44.5005 [SgUp1]:72201 [SgUp2]:74425 [SgUp3]:74344 [SgUp4]:0 [SgLow1]:72170 [SgLow2]:74382 [SgLow3]:74302 [SgLow4]:0 [NetMuon1]:54968 [NetMuon2]:54937 [NetMuon3]:54863 [NetMuon4]:55282
[Run]:22640 [Site]:4 [Bin]:1679 [FullTime]:3600 [SkipTime]:0 [Veto1]:65.6089 [Veto2]:60.6631 [Veto3]:64.5686 [Veto4]:44.4157 [SgUp1]:72315 [SgUp2]:74317 [SgUp3]:73845 [SgUp4]:0 [SgLow1]:72277 [SgLow2]:74292 [SgLow3]:73811 [SgLow4]:0 [NetMuon1]:54847 [NetMuon2]:54947 [NetMuon3]:54840 [NetMuon4]:55180
[Run]:22640 [Site]:4 [Bin]:1680 [FullTime]:3600 [SkipTime]:0 [Veto1]:61.5272 [Veto2]:67.4487 [Veto3]:62.4784 [Veto4]:44.2816 [SgUp1]:72963 [SgUp2]:73421 [SgUp3]:73883 [SgUp4]:0 [SgLow1]:72933 [SgLow2]:73390 [SgLow3]:73849 [SgLow4]:0 [NetMuon1]:54738 [NetMuon2]:54688 [NetMuon3]:54708 [NetMuon4]:55015
End process Run: 22640 ... 
[Run]:22640 [Site]:4 [Bin]:1681 [FullTime]:486.909 [SkipTime]:0 [Veto1]:11.1374 [Veto2]:12.1248 [Veto3]:9.18114 [Veto4]:6.00753
