StreamChain add 0x17a597f0
Start to process run: 23127 ... 
[Run]:23127 [Site]:4 [Bin]:2257 [FullTime]:2495 [SkipTime]:0 [Veto1]:39.655 [Veto2]:49.4474 [Veto3]:40.6244 [Veto4]:31.702 [SgUp1]:49921 [SgUp2]:50400 [SgUp3]:50933 [SgUp4]:0 [SgLow1]:49893 [SgLow2]:50380 [SgLow3]:50901 [SgLow4]:0 [NetMuon1]:39274 [NetMuon2]:39069 [NetMuon3]:39225 [NetMuon4]:39364
[Run]:23127 [Site]:4 [Bin]:2258 [FullTime]:3600 [SkipTime]:0 [Veto1]:73.4475 [Veto2]:66.5353 [Veto3]:69.4888 [Veto4]:46.3238 [SgUp1]:70882 [SgUp2]:72360 [SgUp3]:73016 [SgUp4]:0 [SgLow1]:70853 [SgLow2]:72329 [SgLow3]:72984 [SgLow4]:0 [NetMuon1]:57118 [NetMuon2]:57222 [NetMuon3]:57139 [NetMuon4]:57536
[Run]:23127 [Site]:4 [Bin]:2259 [FullTime]:3600 [SkipTime]:0 [Veto1]:71.032 [Veto2]:59.2157 [Veto3]:71.9936 [Veto4]:45.8642 [SgUp1]:71578 [SgUp2]:72681 [SgUp3]:73209 [SgUp4]:0 [SgLow1]:71543 [SgLow2]:72640 [SgLow3]:73170 [SgLow4]:0 [NetMuon1]:56586 [NetMuon2]:56729 [NetMuon3]:56572 [NetMuon4]:56959
[Run]:23127 [Site]:4 [Bin]:2260 [FullTime]:3600 [SkipTime]:0 [Veto1]:61.477 [Veto2]:66.9293 [Veto3]:66.9204 [Veto4]:45.7387 [SgUp1]:71922 [SgUp2]:72666 [SgUp3]:72829 [SgUp4]:0 [SgLow1]:71887 [SgLow2]:72624 [SgLow3]:72787 [SgLow4]:0 [NetMuon1]:56584 [NetMuon2]:56482 [NetMuon3]:56490 [NetMuon4]:56813
[Run]:23127 [Site]:4 [Bin]:2261 [FullTime]:3600 [SkipTime]:0 [Veto1]:62.1598 [Veto2]:65.7159 [Veto3]:75.0276 [Veto4]:45.9519 [SgUp1]:71758 [SgUp2]:72724 [SgUp3]:72743 [SgUp4]:0 [SgLow1]:71724 [SgLow2]:72691 [SgLow3]:72716 [SgLow4]:0 [NetMuon1]:56809 [NetMuon2]:56725 [NetMuon3]:56614 [NetMuon4]:57069
[Run]:23127 [Site]:4 [Bin]:2262 [FullTime]:3600 [SkipTime]:0 [Veto1]:63.2968 [Veto2]:64.2776 [Veto3]:61.3579 [Veto4]:46.0438 [SgUp1]:70986 [SgUp2]:72657 [SgUp3]:73076 [SgUp4]:0 [SgLow1]:70966 [SgLow2]:72629 [SgLow3]:73048 [SgLow4]:0 [NetMuon1]:56875 [NetMuon2]:56902 [NetMuon3]:56912 [NetMuon4]:57158
[Run]:23127 [Site]:4 [Bin]:2263 [FullTime]:3600 [SkipTime]:0 [Veto1]:70.326 [Veto2]:61.4763 [Veto3]:78.2617 [Veto4]:46.1797 [SgUp1]:71004 [SgUp2]:72816 [SgUp3]:72479 [SgUp4]:0 [SgLow1]:70983 [SgLow2]:72776 [SgLow3]:72449 [SgLow4]:0 [NetMuon1]:56957 [NetMuon2]:57109 [NetMuon3]:56858 [NetMuon4]:57347
[Run]:23127 [Site]:4 [Bin]:2264 [FullTime]:3600 [SkipTime]:0 [Veto1]:77.0811 [Veto2]:66.9016 [Veto3]:67.1503 [Veto4]:46.9954 [SgUp1]:70935 [SgUp2]:72578 [SgUp3]:73000 [SgUp4]:0 [SgLow1]:70902 [SgLow2]:72554 [SgLow3]:72968 [SgLow4]:0 [NetMuon1]:57874 [NetMuon2]:58014 [NetMuon3]:57997 [NetMuon4]:58337
[Run]:23127 [Site]:4 [Bin]:2265 [FullTime]:3600 [SkipTime]:0 [Veto1]:62.9568 [Veto2]:71.864 [Veto3]:67.8533 [Veto4]:47.6802 [SgUp1]:71670 [SgUp2]:72648 [SgUp3]:72911 [SgUp4]:0 [SgLow1]:71646 [SgLow2]:72618 [SgLow3]:72880 [SgLow4]:0 [NetMuon1]:58952 [NetMuon2]:58800 [NetMuon3]:58865 [NetMuon4]:59201
[Run]:23127 [Site]:4 [Bin]:2266 [FullTime]:3600 [SkipTime]:0 [Veto1]:78.1262 [Veto2]:66.305 [Veto3]:65.3629 [Veto4]:48.0708 [SgUp1]:71375 [SgUp2]:72151 [SgUp3]:73683 [SgUp4]:0 [SgLow1]:71353 [SgLow2]:72119 [SgLow3]:73641 [SgLow4]:0 [NetMuon1]:59142 [NetMuon2]:59346 [NetMuon3]:59397 [NetMuon4]:59666
[Run]:23127 [Site]:4 [Bin]:2267 [FullTime]:3600 [SkipTime]:0 [Veto1]:71.7371 [Veto2]:66.7796 [Veto3]:80.6305 [Veto4]:47.597 [SgUp1]:71797 [SgUp2]:72385 [SgUp3]:72779 [SgUp4]:0 [SgLow1]:71761 [SgLow2]:72364 [SgLow3]:72753 [SgLow4]:0 [NetMuon1]:58691 [NetMuon2]:58757 [NetMuon3]:58564 [NetMuon4]:59089
[Run]:23127 [Site]:4 [Bin]:2268 [FullTime]:3600 [SkipTime]:0 [Veto1]:69.9706 [Veto2]:71.9496 [Veto3]:70.9497 [Veto4]:47.7926 [SgUp1]:70830 [SgUp2]:72658 [SgUp3]:73082 [SgUp4]:0 [SgLow1]:70790 [SgLow2]:72617 [SgLow3]:73057 [SgLow4]:0 [NetMuon1]:58950 [NetMuon2]:58946 [NetMuon3]:58941 [NetMuon4]:59329
[Run]:23127 [Site]:4 [Bin]:2269 [FullTime]:3600 [SkipTime]:0 [Veto1]:69.1528 [Veto2]:70.1286 [Veto3]:72.3758 [Veto4]:47.9869 [SgUp1]:71192 [SgUp2]:72449 [SgUp3]:73116 [SgUp4]:0 [SgLow1]:71164 [SgLow2]:72411 [SgLow3]:73096 [SgLow4]:0 [NetMuon1]:59200 [NetMuon2]:59156 [NetMuon3]:59175 [NetMuon4]:59565
[Run]:23127 [Site]:4 [Bin]:2270 [FullTime]:3600 [SkipTime]:0 [Veto1]:68.3823 [Veto2]:63.442 [Veto3]:75.391 [Veto4]:48.1814 [SgUp1]:71448 [SgUp2]:72607 [SgUp3]:72640 [SgUp4]:0 [SgLow1]:71406 [SgLow2]:72571 [SgLow3]:72614 [SgLow4]:0 [NetMuon1]:59497 [NetMuon2]:59556 [NetMuon3]:59357 [NetMuon4]:59806
[Run]:23127 [Site]:4 [Bin]:2271 [FullTime]:3600 [SkipTime]:0 [Veto1]:67.5566 [Veto2]:63.4103 [Veto3]:72.3012 [Veto4]:48.166 [SgUp1]:71400 [SgUp2]:72066 [SgUp3]:72900 [SgUp4]:0 [SgLow1]:71372 [SgLow2]:72037 [SgLow3]:72877 [SgLow4]:0 [NetMuon1]:59484 [NetMuon2]:59563 [NetMuon3]:59394 [NetMuon4]:59803
[Run]:23127 [Site]:4 [Bin]:2272 [FullTime]:3600 [SkipTime]:0 [Veto1]:78.9775 [Veto2]:73.0304 [Veto3]:78.9205 [Veto4]:47.8977 [SgUp1]:71403 [SgUp2]:72109 [SgUp3]:72544 [SgUp4]:0 [SgLow1]:71371 [SgLow2]:72073 [SgLow3]:72517 [SgLow4]:0 [NetMuon1]:58955 [NetMuon2]:59008 [NetMuon3]:58913 [NetMuon4]:59455
[Run]:23127 [Site]:4 [Bin]:2273 [FullTime]:3600 [SkipTime]:0 [Veto1]:69.6433 [Veto2]:67.6526 [Veto3]:66.6326 [Veto4]:47.4619 [SgUp1]:71440 [SgUp2]:72663 [SgUp3]:73163 [SgUp4]:0 [SgLow1]:71412 [SgLow2]:72623 [SgLow3]:73126 [SgLow4]:0 [NetMuon1]:58592 [NetMuon2]:58643 [NetMuon3]:58610 [NetMuon4]:58948
[Run]:23127 [Site]:4 [Bin]:2274 [FullTime]:3600 [SkipTime]:0 [Veto1]:67.2481 [Veto2]:71.2866 [Veto3]:64.2707 [Veto4]:48.071 [SgUp1]:70952 [SgUp2]:71961 [SgUp3]:73338 [SgUp4]:0 [SgLow1]:70924 [SgLow2]:71924 [SgLow3]:73304 [SgLow4]:0 [NetMuon1]:59341 [NetMuon2]:59334 [NetMuon3]:59445 [NetMuon4]:59694
[Run]:23127 [Site]:4 [Bin]:2275 [FullTime]:2689.33 [SkipTime]:910.669 [Veto1]:50.8483 [Veto2]:49.142 [Veto3]:49.0915 [Veto4]:36.1789 [SgUp1]:53510 [SgUp2]:54057 [SgUp3]:54889 [SgUp4]:0 [SgLow1]:53488 [SgLow2]:54035 [SgLow3]:54868 [SgLow4]:0 [NetMuon1]:44650 [NetMuon2]:44710 [NetMuon3]:44730 [NetMuon4]:44930
[Run]:23127 [Site]:4 [Bin]:2276 [FullTime]:3600 [SkipTime]:0 [Veto1]:64.8442 [Veto2]:62.9125 [Veto3]:74.6974 [Veto4]:45.6613 [SgUp1]:71275 [SgUp2]:72594 [SgUp3]:73063 [SgUp4]:0 [SgLow1]:71248 [SgLow2]:72557 [SgLow3]:73032 [SgLow4]:0 [NetMuon1]:56399 [NetMuon2]:56442 [NetMuon3]:56195 [NetMuon4]:56697
[Run]:23127 [Site]:4 [Bin]:2277 [FullTime]:3600 [SkipTime]:0 [Veto1]:66.5301 [Veto2]:66.1171 [Veto3]:69.0976 [Veto4]:45.8995 [SgUp1]:71299 [SgUp2]:72987 [SgUp3]:72848 [SgUp4]:0 [SgLow1]:71272 [SgLow2]:72939 [SgLow3]:72812 [SgLow4]:0 [NetMuon1]:56679 [NetMuon2]:56692 [NetMuon3]:56649 [NetMuon4]:57024
[Run]:23127 [Site]:4 [Bin]:2278 [FullTime]:3600 [SkipTime]:0 [Veto1]:63.2326 [Veto2]:63.1727 [Veto3]:73.0196 [Veto4]:45.9546 [SgUp1]:71278 [SgUp2]:72909 [SgUp3]:72748 [SgUp4]:0 [SgLow1]:71256 [SgLow2]:72876 [SgLow3]:72715 [SgLow4]:0 [NetMuon1]:56822 [NetMuon2]:56789 [NetMuon3]:56642 [NetMuon4]:57077
[Run]:23127 [Site]:4 [Bin]:2279 [FullTime]:3600 [SkipTime]:0 [Veto1]:69.3427 [Veto2]:65.4573 [Veto3]:73.3024 [Veto4]:46.2014 [SgUp1]:71049 [SgUp2]:72706 [SgUp3]:72413 [SgUp4]:0 [SgLow1]:71015 [SgLow2]:72657 [SgLow3]:72392 [SgLow4]:0 [NetMuon1]:57004 [NetMuon2]:57088 [NetMuon3]:56939 [NetMuon4]:57384
[Run]:23127 [Site]:4 [Bin]:2280 [FullTime]:3600 [SkipTime]:0 [Veto1]:72.6069 [Veto2]:63.7669 [Veto3]:64.6795 [Veto4]:46.4688 [SgUp1]:71000 [SgUp2]:72832 [SgUp3]:73215 [SgUp4]:0 [SgLow1]:70954 [SgLow2]:72787 [SgLow3]:73177 [SgLow4]:0 [NetMuon1]:57247 [NetMuon2]:57404 [NetMuon3]:57399 [NetMuon4]:57703
[Run]:23127 [Site]:4 [Bin]:2281 [FullTime]:3600 [SkipTime]:0 [Veto1]:72.4591 [Veto2]:77.3756 [Veto3]:64.5744 [Veto4]:46.376 [SgUp1]:70872 [SgUp2]:72533 [SgUp3]:73471 [SgUp4]:0 [SgLow1]:70829 [SgLow2]:72502 [SgLow3]:73444 [SgLow4]:0 [NetMuon1]:57085 [NetMuon2]:56990 [NetMuon3]:57262 [NetMuon4]:57550
[Run]:23127 [Site]:4 [Bin]:2282 [FullTime]:3600 [SkipTime]:0 [Veto1]:63.4384 [Veto2]:60.5148 [Veto3]:74.2156 [Veto4]:46.1714 [SgUp1]:71414 [SgUp2]:72269 [SgUp3]:73290 [SgUp4]:0 [SgLow1]:71386 [SgLow2]:72207 [SgLow3]:73263 [SgLow4]:0 [NetMuon1]:57111 [NetMuon2]:57139 [NetMuon3]:56871 [NetMuon4]:57372
[Run]:23127 [Site]:4 [Bin]:2283 [FullTime]:3600 [SkipTime]:0 [Veto1]:69.5919 [Veto2]:66.7104 [Veto3]:70.549 [Veto4]:46.4287 [SgUp1]:70888 [SgUp2]:72466 [SgUp3]:72767 [SgUp4]:0 [SgLow1]:70850 [SgLow2]:72429 [SgLow3]:72715 [SgLow4]:0 [NetMuon1]:57304 [NetMuon2]:57395 [NetMuon3]:57270 [NetMuon4]:57678
[Run]:23127 [Site]:4 [Bin]:2284 [FullTime]:3600 [SkipTime]:0 [Veto1]:67.4019 [Veto2]:74.3613 [Veto3]:72.3285 [Veto4]:47.216 [SgUp1]:71063 [SgUp2]:73134 [SgUp3]:72493 [SgUp4]:0 [SgLow1]:71024 [SgLow2]:73094 [SgLow3]:72453 [SgLow4]:0 [NetMuon1]:58313 [NetMuon2]:58216 [NetMuon3]:58222 [NetMuon4]:58628
[Run]:23127 [Site]:4 [Bin]:2285 [FullTime]:3600 [SkipTime]:0 [Veto1]:76.6055 [Veto2]:67.7751 [Veto3]:71.7189 [Veto4]:47.5685 [SgUp1]:70790 [SgUp2]:72859 [SgUp3]:72682 [SgUp4]:0 [SgLow1]:70749 [SgLow2]:72833 [SgLow3]:72649 [SgLow4]:0 [NetMuon1]:58593 [NetMuon2]:58738 [NetMuon3]:58689 [NetMuon4]:59074
[Run]:23127 [Site]:4 [Bin]:2286 [FullTime]:3600 [SkipTime]:0 [Veto1]:76.8577 [Veto2]:71.9744 [Veto3]:77.8497 [Veto4]:47.7872 [SgUp1]:71380 [SgUp2]:72615 [SgUp3]:73235 [SgUp4]:0 [SgLow1]:71354 [SgLow2]:72574 [SgLow3]:73183 [SgLow4]:0 [NetMuon1]:58868 [NetMuon2]:58955 [NetMuon3]:58895 [NetMuon4]:59351
[Run]:23127 [Site]:4 [Bin]:2287 [FullTime]:3600 [SkipTime]:0 [Veto1]:63.7804 [Veto2]:64.7439 [Veto3]:74.8204 [Veto4]:47.485 [SgUp1]:71538 [SgUp2]:72539 [SgUp3]:73035 [SgUp4]:0 [SgLow1]:71513 [SgLow2]:72502 [SgLow3]:73003 [SgLow4]:0 [NetMuon1]:58712 [NetMuon2]:58677 [NetMuon3]:58539 [NetMuon4]:58966
[Run]:23127 [Site]:4 [Bin]:2288 [FullTime]:3600 [SkipTime]:0 [Veto1]:63.2341 [Veto2]:68.1638 [Veto3]:68.1613 [Veto4]:47.9608 [SgUp1]:70821 [SgUp2]:72735 [SgUp3]:72893 [SgUp4]:0 [SgLow1]:70792 [SgLow2]:72685 [SgLow3]:72863 [SgLow4]:0 [NetMuon1]:59299 [NetMuon2]:59208 [NetMuon3]:59186 [NetMuon4]:59550
[Run]:23127 [Site]:4 [Bin]:2289 [FullTime]:3600 [SkipTime]:0 [Veto1]:67.2803 [Veto2]:70.2771 [Veto3]:73.1706 [Veto4]:48.0769 [SgUp1]:71031 [SgUp2]:72419 [SgUp3]:73150 [SgUp4]:0 [SgLow1]:70993 [SgLow2]:72392 [SgLow3]:73124 [SgLow4]:0 [NetMuon1]:59375 [NetMuon2]:59309 [NetMuon3]:59282 [NetMuon4]:59682
[Run]:23127 [Site]:4 [Bin]:2290 [FullTime]:3600 [SkipTime]:0 [Veto1]:76.5042 [Veto2]:74.5704 [Veto3]:73.264 [Veto4]:48.464 [SgUp1]:71085 [SgUp2]:72657 [SgUp3]:73194 [SgUp4]:0 [SgLow1]:71050 [SgLow2]:72628 [SgLow3]:73153 [SgLow4]:0 [NetMuon1]:59664 [NetMuon2]:59738 [NetMuon3]:59739 [NetMuon4]:60173
[Run]:23127 [Site]:4 [Bin]:2291 [FullTime]:3600 [SkipTime]:0 [Veto1]:67.2148 [Veto2]:71.1325 [Veto3]:71.1188 [Veto4]:47.9942 [SgUp1]:71119 [SgUp2]:72692 [SgUp3]:73392 [SgUp4]:0 [SgLow1]:71078 [SgLow2]:72640 [SgLow3]:73356 [SgLow4]:0 [NetMuon1]:59275 [NetMuon2]:59206 [NetMuon3]:59179 [NetMuon4]:59584
[Run]:23127 [Site]:4 [Bin]:2292 [FullTime]:3600 [SkipTime]:0 [Veto1]:70.3241 [Veto2]:68.3345 [Veto3]:75.2807 [Veto4]:48.1495 [SgUp1]:71080 [SgUp2]:73127 [SgUp3]:73191 [SgUp4]:0 [SgLow1]:71055 [SgLow2]:73081 [SgLow3]:73149 [SgLow4]:0 [NetMuon1]:59409 [NetMuon2]:59447 [NetMuon3]:59331 [NetMuon4]:59787
[Run]:23127 [Site]:4 [Bin]:2293 [FullTime]:3600 [SkipTime]:0 [Veto1]:67.3271 [Veto2]:63.4456 [Veto3]:70.2655 [Veto4]:48.1271 [SgUp1]:71452 [SgUp2]:72690 [SgUp3]:72760 [SgUp4]:0 [SgLow1]:71429 [SgLow2]:72655 [SgLow3]:72715 [SgLow4]:0 [NetMuon1]:59413 [NetMuon2]:59471 [NetMuon3]:59357 [NetMuon4]:59746
[Run]:23127 [Site]:4 [Bin]:2294 [FullTime]:3600 [SkipTime]:0 [Veto1]:63.2942 [Veto2]:70.211 [Veto3]:65.2297 [Veto4]:48.0162 [SgUp1]:71660 [SgUp2]:72536 [SgUp3]:72726 [SgUp4]:0 [SgLow1]:71621 [SgLow2]:72501 [SgLow3]:72690 [SgLow4]:0 [NetMuon1]:59324 [NetMuon2]:59236 [NetMuon3]:59267 [NetMuon4]:59586
[Run]:23127 [Site]:4 [Bin]:2295 [FullTime]:3600 [SkipTime]:0 [Veto1]:56.785 [Veto2]:77.2383 [Veto3]:66.6207 [Veto4]:46.4171 [SgUp1]:71237 [SgUp2]:72093 [SgUp3]:73036 [SgUp4]:0 [SgLow1]:71206 [SgLow2]:72063 [SgLow3]:73003 [SgLow4]:0 [NetMuon1]:57473 [NetMuon2]:57112 [NetMuon3]:57350 [NetMuon4]:57646
[Run]:23127 [Site]:4 [Bin]:2296 [FullTime]:3600 [SkipTime]:0 [Veto1]:68.6877 [Veto2]:77.5393 [Veto3]:69.6506 [Veto4]:46.5092 [SgUp1]:70787 [SgUp2]:72080 [SgUp3]:72395 [SgUp4]:0 [SgLow1]:70758 [SgLow2]:72041 [SgLow3]:72368 [SgLow4]:0 [NetMuon1]:57386 [NetMuon2]:57243 [NetMuon3]:57377 [NetMuon4]:57764
[Run]:23127 [Site]:4 [Bin]:2297 [FullTime]:3600 [SkipTime]:0 [Veto1]:65.3141 [Veto2]:61.419 [Veto3]:75.1456 [Veto4]:47.0946 [SgUp1]:70819 [SgUp2]:72444 [SgUp3]:72410 [SgUp4]:0 [SgLow1]:70785 [SgLow2]:72391 [SgLow3]:72382 [SgLow4]:0 [NetMuon1]:58139 [NetMuon2]:58233 [NetMuon3]:57987 [NetMuon4]:58458
[Run]:23127 [Site]:4 [Bin]:2298 [FullTime]:3600 [SkipTime]:0 [Veto1]:69.79 [Veto2]:78.7316 [Veto3]:69.7975 [Veto4]:46.6619 [SgUp1]:70638 [SgUp2]:72410 [SgUp3]:73193 [SgUp4]:0 [SgLow1]:70611 [SgLow2]:72373 [SgLow3]:73156 [SgLow4]:0 [NetMuon1]:57571 [NetMuon2]:57482 [NetMuon3]:57576 [NetMuon4]:57969
[Run]:23127 [Site]:4 [Bin]:2299 [FullTime]:3600 [SkipTime]:0 [Veto1]:74.0156 [Veto2]:69.1162 [Veto3]:69.0868 [Veto4]:46.9057 [SgUp1]:70908 [SgUp2]:72651 [SgUp3]:73439 [SgUp4]:0 [SgLow1]:70877 [SgLow2]:72605 [SgLow3]:73405 [SgLow4]:0 [NetMuon1]:57830 [NetMuon2]:57907 [NetMuon3]:57900 [NetMuon4]:58259
[Run]:23127 [Site]:4 [Bin]:2300 [FullTime]:3600 [SkipTime]:0 [Veto1]:67.9626 [Veto2]:68.9229 [Veto3]:75.8247 [Veto4]:46.7511 [SgUp1]:70849 [SgUp2]:72088 [SgUp3]:72870 [SgUp4]:0 [SgLow1]:70816 [SgLow2]:72062 [SgLow3]:72851 [SgLow4]:0 [NetMuon1]:57700 [NetMuon2]:57675 [NetMuon3]:57582 [NetMuon4]:58040
[Run]:23127 [Site]:4 [Bin]:2301 [FullTime]:3600 [SkipTime]:0 [Veto1]:63.1836 [Veto2]:68.0711 [Veto3]:73.0619 [Veto4]:46.9722 [SgUp1]:71396 [SgUp2]:72304 [SgUp3]:72582 [SgUp4]:0 [SgLow1]:71354 [SgLow2]:72272 [SgLow3]:72547 [SgLow4]:0 [NetMuon1]:58010 [NetMuon2]:57997 [NetMuon3]:57865 [NetMuon4]:58300
[Run]:23127 [Site]:4 [Bin]:2302 [FullTime]:3600 [SkipTime]:0 [Veto1]:61.2747 [Veto2]:75.0358 [Veto3]:66.1865 [Veto4]:46.0076 [SgUp1]:71524 [SgUp2]:72401 [SgUp3]:72498 [SgUp4]:0 [SgLow1]:71477 [SgLow2]:72357 [SgLow3]:72462 [SgLow4]:0 [NetMuon1]:56851 [NetMuon2]:56648 [NetMuon3]:56816 [NetMuon4]:57126
[Run]:23127 [Site]:4 [Bin]:2303 [FullTime]:3600 [SkipTime]:0 [Veto1]:67.5207 [Veto2]:66.531 [Veto3]:70.5043 [Veto4]:46.3238 [SgUp1]:71022 [SgUp2]:72427 [SgUp3]:72910 [SgUp4]:0 [SgLow1]:70990 [SgLow2]:72400 [SgLow3]:72881 [SgLow4]:0 [NetMuon1]:57206 [NetMuon2]:57234 [NetMuon3]:57177 [NetMuon4]:57554
[Run]:23127 [Site]:4 [Bin]:2304 [FullTime]:3600 [SkipTime]:0 [Veto1]:73.3001 [Veto2]:68.7452 [Veto3]:64.8143 [Veto4]:46.5908 [SgUp1]:71028 [SgUp2]:72444 [SgUp3]:73418 [SgUp4]:0 [SgLow1]:70980 [SgLow2]:72409 [SgLow3]:73382 [SgLow4]:0 [NetMuon1]:57472 [NetMuon2]:57527 [NetMuon3]:57570 [NetMuon4]:57881
End process Run: 23127 ... 
[Run]:23127 [Site]:4 [Bin]:2305 [FullTime]:699.25 [SkipTime]:0 [Veto1]:13.2995 [Veto2]:13.3222 [Veto3]:12.3302 [Veto4]:9.0885
