StreamChain add 0x164507f0
Start to process run: 23514 ... 
[Run]:23514 [Site]:4 [Bin]:2593 [FullTime]:2572.47 [SkipTime]:0 [Veto1]:50.8693 [Veto2]:50.8805 [Veto3]:52.8136 [Veto4]:33.0356 [SgUp1]:50669 [SgUp2]:51423 [SgUp3]:52184 [SgUp4]:0 [SgLow1]:50644 [SgLow2]:51395 [SgLow3]:52156 [SgLow4]:0 [NetMuon1]:40748 [NetMuon2]:40788 [NetMuon3]:40719 [NetMuon4]:41029
[Run]:23514 [Site]:4 [Bin]:2594 [FullTime]:3600 [SkipTime]:0 [Veto1]:64.7657 [Veto2]:73.683 [Veto3]:69.7404 [Veto4]:46.5875 [SgUp1]:69894 [SgUp2]:71892 [SgUp3]:72824 [SgUp4]:0 [SgLow1]:69873 [SgLow2]:71868 [SgLow3]:72789 [SgLow4]:0 [NetMuon1]:57529 [NetMuon2]:57382 [NetMuon3]:57452 [NetMuon4]:57828
[Run]:23514 [Site]:4 [Bin]:2595 [FullTime]:3600 [SkipTime]:0 [Veto1]:63.5938 [Veto2]:68.4713 [Veto3]:71.7209 [Veto4]:46.3596 [SgUp1]:70425 [SgUp2]:72530 [SgUp3]:72360 [SgUp4]:0 [SgLow1]:70388 [SgLow2]:72502 [SgLow3]:72337 [SgLow4]:0 [NetMuon1]:57326 [NetMuon2]:57171 [NetMuon3]:57139 [NetMuon4]:57564
[Run]:23514 [Site]:4 [Bin]:2596 [FullTime]:3600 [SkipTime]:0 [Veto1]:68.2911 [Veto2]:71.2174 [Veto3]:71.1803 [Veto4]:46.1145 [SgUp1]:70863 [SgUp2]:72195 [SgUp3]:72554 [SgUp4]:0 [SgLow1]:70847 [SgLow2]:72187 [SgLow3]:72530 [SgLow4]:0 [NetMuon1]:56912 [NetMuon2]:56866 [NetMuon3]:56819 [NetMuon4]:57258
[Run]:23514 [Site]:4 [Bin]:2597 [FullTime]:3600 [SkipTime]:0 [Veto1]:75.3392 [Veto2]:68.4187 [Veto3]:68.7869 [Veto4]:46.2356 [SgUp1]:70095 [SgUp2]:72387 [SgUp3]:72387 [SgUp4]:0 [SgLow1]:70061 [SgLow2]:72372 [SgLow3]:72346 [SgLow4]:0 [NetMuon1]:56966 [NetMuon2]:57045 [NetMuon3]:57069 [NetMuon4]:57418
[Run]:23514 [Site]:4 [Bin]:2598 [FullTime]:3600 [SkipTime]:0 [Veto1]:71.524 [Veto2]:66.7409 [Veto3]:73.6083 [Veto4]:46.4871 [SgUp1]:70295 [SgUp2]:72109 [SgUp3]:72588 [SgUp4]:0 [SgLow1]:70280 [SgLow2]:72076 [SgLow3]:72563 [SgLow4]:0 [NetMuon1]:57320 [NetMuon2]:57457 [NetMuon3]:57285 [NetMuon4]:57735
[Run]:23514 [Site]:4 [Bin]:2599 [FullTime]:3600 [SkipTime]:0 [Veto1]:64.8319 [Veto2]:64.8107 [Veto3]:76.6334 [Veto4]:46.5821 [SgUp1]:70586 [SgUp2]:72166 [SgUp3]:72259 [SgUp4]:0 [SgLow1]:70555 [SgLow2]:72122 [SgLow3]:72233 [SgLow4]:0 [NetMuon1]:57529 [NetMuon2]:57544 [NetMuon3]:57332 [NetMuon4]:57836
[Run]:23514 [Site]:4 [Bin]:2600 [FullTime]:3600 [SkipTime]:0 [Veto1]:68.71 [Veto2]:64.7639 [Veto3]:73.653 [Veto4]:46.5503 [SgUp1]:70752 [SgUp2]:72574 [SgUp3]:72160 [SgUp4]:0 [SgLow1]:70715 [SgLow2]:72550 [SgLow3]:72141 [SgLow4]:0 [NetMuon1]:57432 [NetMuon2]:57488 [NetMuon3]:57310 [NetMuon4]:57795
[Run]:23514 [Site]:4 [Bin]:2601 [FullTime]:3600 [SkipTime]:0 [Veto1]:66.5845 [Veto2]:70.5525 [Veto3]:74.4777 [Veto4]:46.3982 [SgUp1]:70742 [SgUp2]:72238 [SgUp3]:71866 [SgUp4]:0 [SgLow1]:70703 [SgLow2]:72204 [SgLow3]:71847 [SgLow4]:0 [NetMuon1]:57276 [NetMuon2]:57215 [NetMuon3]:57169 [NetMuon4]:57610
[Run]:23514 [Site]:4 [Bin]:2602 [FullTime]:3600 [SkipTime]:0 [Veto1]:72.8119 [Veto2]:70.1822 [Veto3]:72.1691 [Veto4]:47.0206 [SgUp1]:70118 [SgUp2]:72107 [SgUp3]:72675 [SgUp4]:0 [SgLow1]:70092 [SgLow2]:72076 [SgLow3]:72638 [SgLow4]:0 [NetMuon1]:57966 [NetMuon2]:58014 [NetMuon3]:57985 [NetMuon4]:58384
[Run]:23514 [Site]:4 [Bin]:2603 [FullTime]:3600 [SkipTime]:0 [Veto1]:67.8605 [Veto2]:59.9891 [Veto3]:73.7416 [Veto4]:46.6721 [SgUp1]:70443 [SgUp2]:72269 [SgUp3]:72294 [SgUp4]:0 [SgLow1]:70424 [SgLow2]:72251 [SgLow3]:72279 [SgLow4]:0 [NetMuon1]:57577 [NetMuon2]:57705 [NetMuon3]:57468 [NetMuon4]:57926
[Run]:23514 [Site]:4 [Bin]:2604 [FullTime]:3600 [SkipTime]:0 [Veto1]:70.3695 [Veto2]:67.3824 [Veto3]:70.3143 [Veto4]:47.1628 [SgUp1]:70602 [SgUp2]:72013 [SgUp3]:72896 [SgUp4]:0 [SgLow1]:70581 [SgLow2]:71980 [SgLow3]:72866 [SgLow4]:0 [NetMuon1]:58172 [NetMuon2]:58214 [NetMuon3]:58164 [NetMuon4]:58534
[Run]:23514 [Site]:4 [Bin]:2605 [FullTime]:3600 [SkipTime]:0 [Veto1]:70.4646 [Veto2]:80.3806 [Veto3]:72.9194 [Veto4]:47.2895 [SgUp1]:70207 [SgUp2]:72219 [SgUp3]:72540 [SgUp4]:0 [SgLow1]:70179 [SgLow2]:72197 [SgLow3]:72499 [SgLow4]:0 [NetMuon1]:58355 [NetMuon2]:58228 [NetMuon3]:58340 [NetMuon4]:58727
[Run]:23514 [Site]:4 [Bin]:2606 [FullTime]:3600 [SkipTime]:0 [Veto1]:67.3309 [Veto2]:60.4577 [Veto3]:71.3193 [Veto4]:47.1511 [SgUp1]:70385 [SgUp2]:72112 [SgUp3]:72804 [SgUp4]:0 [SgLow1]:70345 [SgLow2]:72077 [SgLow3]:72776 [SgLow4]:0 [NetMuon1]:58177 [NetMuon2]:58321 [NetMuon3]:58131 [NetMuon4]:58534
[Run]:23514 [Site]:4 [Bin]:2607 [FullTime]:3600 [SkipTime]:0 [Veto1]:75.5648 [Veto2]:67.6932 [Veto3]:68.7106 [Veto4]:46.533 [SgUp1]:70255 [SgUp2]:72516 [SgUp3]:72409 [SgUp4]:0 [SgLow1]:70233 [SgLow2]:72487 [SgLow3]:72369 [SgLow4]:0 [NetMuon1]:57323 [NetMuon2]:57420 [NetMuon3]:57429 [NetMuon4]:57776
[Run]:23514 [Site]:4 [Bin]:2608 [FullTime]:3600 [SkipTime]:0 [Veto1]:64.8314 [Veto2]:66.6891 [Veto3]:71.6904 [Veto4]:46.5644 [SgUp1]:70180 [SgUp2]:71926 [SgUp3]:72426 [SgUp4]:0 [SgLow1]:70150 [SgLow2]:71896 [SgLow3]:72404 [SgLow4]:0 [NetMuon1]:57561 [NetMuon2]:57488 [NetMuon3]:57394 [NetMuon4]:57833
[Run]:23514 [Site]:4 [Bin]:2609 [FullTime]:3600 [SkipTime]:0 [Veto1]:76.5886 [Veto2]:69.5759 [Veto3]:81.4335 [Veto4]:46.4751 [SgUp1]:70201 [SgUp2]:72418 [SgUp3]:72065 [SgUp4]:0 [SgLow1]:70176 [SgLow2]:72400 [SgLow3]:72015 [SgLow4]:0 [NetMuon1]:57255 [NetMuon2]:57351 [NetMuon3]:57158 [NetMuon4]:57722
[Run]:23514 [Site]:4 [Bin]:2610 [FullTime]:3600 [SkipTime]:0 [Veto1]:64.2048 [Veto2]:71.8797 [Veto3]:70.815 [Veto4]:46.6725 [SgUp1]:71019 [SgUp2]:72398 [SgUp3]:72319 [SgUp4]:0 [SgLow1]:70993 [SgLow2]:72372 [SgLow3]:72282 [SgLow4]:0 [NetMuon1]:57688 [NetMuon2]:57608 [NetMuon3]:57552 [NetMuon4]:57963
[Run]:23514 [Site]:4 [Bin]:2611 [FullTime]:3600 [SkipTime]:0 [Veto1]:70.46 [Veto2]:60.5834 [Veto3]:71.4334 [Veto4]:46.3009 [SgUp1]:70980 [SgUp2]:71999 [SgUp3]:72683 [SgUp4]:0 [SgLow1]:70944 [SgLow2]:71977 [SgLow3]:72645 [SgLow4]:0 [NetMuon1]:57148 [NetMuon2]:57291 [NetMuon3]:57095 [NetMuon4]:57522
[Run]:23514 [Site]:4 [Bin]:2612 [FullTime]:3600 [SkipTime]:0 [Veto1]:68.4433 [Veto2]:65.4572 [Veto3]:73.3338 [Veto4]:46.2755 [SgUp1]:70588 [SgUp2]:72063 [SgUp3]:72701 [SgUp4]:0 [SgLow1]:70559 [SgLow2]:72023 [SgLow3]:72670 [SgLow4]:0 [NetMuon1]:57107 [NetMuon2]:57163 [NetMuon3]:57021 [NetMuon4]:57462
[Run]:23514 [Site]:4 [Bin]:2613 [FullTime]:3600 [SkipTime]:0 [Veto1]:69.0498 [Veto2]:59.8533 [Veto3]:66.0851 [Veto4]:46.8678 [SgUp1]:71012 [SgUp2]:72873 [SgUp3]:72162 [SgUp4]:0 [SgLow1]:70990 [SgLow2]:72853 [SgLow3]:72132 [SgLow4]:0 [NetMuon1]:57839 [NetMuon2]:57970 [NetMuon3]:57873 [NetMuon4]:58190
[Run]:23514 [Site]:4 [Bin]:2614 [FullTime]:3600 [SkipTime]:0 [Veto1]:63.7635 [Veto2]:67.6755 [Veto3]:72.5862 [Veto4]:46.4742 [SgUp1]:70044 [SgUp2]:72467 [SgUp3]:72100 [SgUp4]:0 [SgLow1]:70019 [SgLow2]:72436 [SgLow3]:72062 [SgLow4]:0 [NetMuon1]:57473 [NetMuon2]:57365 [NetMuon3]:57303 [NetMuon4]:57721
[Run]:23514 [Site]:4 [Bin]:2615 [FullTime]:3600 [SkipTime]:0 [Veto1]:68.5762 [Veto2]:64.6158 [Veto3]:79.3766 [Veto4]:46.3707 [SgUp1]:70718 [SgUp2]:72982 [SgUp3]:71844 [SgUp4]:0 [SgLow1]:70685 [SgLow2]:72940 [SgLow3]:71809 [SgLow4]:0 [NetMuon1]:57174 [NetMuon2]:57269 [NetMuon3]:56997 [NetMuon4]:57553
[Run]:23514 [Site]:4 [Bin]:2616 [FullTime]:3600 [SkipTime]:0 [Veto1]:60.1154 [Veto2]:61.1247 [Veto3]:71.9287 [Veto4]:45.8372 [SgUp1]:70384 [SgUp2]:72719 [SgUp3]:71983 [SgUp4]:0 [SgLow1]:70361 [SgLow2]:72677 [SgLow3]:71950 [SgLow4]:0 [NetMuon1]:56692 [NetMuon2]:56687 [NetMuon3]:56507 [NetMuon4]:56919
[Run]:23514 [Site]:4 [Bin]:2617 [FullTime]:3600 [SkipTime]:0 [Veto1]:72.2952 [Veto2]:64.3754 [Veto3]:65.4235 [Veto4]:46.1876 [SgUp1]:70501 [SgUp2]:72811 [SgUp3]:72393 [SgUp4]:0 [SgLow1]:70476 [SgLow2]:72770 [SgLow3]:72345 [SgLow4]:0 [NetMuon1]:56918 [NetMuon2]:57038 [NetMuon3]:57045 [NetMuon4]:57339
[Run]:23514 [Site]:4 [Bin]:2618 [FullTime]:3600 [SkipTime]:0 [Veto1]:67.6524 [Veto2]:71.4359 [Veto3]:77.8911 [Veto4]:46.4599 [SgUp1]:70510 [SgUp2]:72638 [SgUp3]:71813 [SgUp4]:0 [SgLow1]:70462 [SgLow2]:72597 [SgLow3]:71776 [SgLow4]:0 [NetMuon1]:57345 [NetMuon2]:57276 [NetMuon3]:57157 [NetMuon4]:57671
[Run]:23514 [Site]:4 [Bin]:2619 [FullTime]:3600 [SkipTime]:0 [Veto1]:68.8844 [Veto2]:69.8393 [Veto3]:75.7639 [Veto4]:46.688 [SgUp1]:70513 [SgUp2]:72767 [SgUp3]:71730 [SgUp4]:0 [SgLow1]:70494 [SgLow2]:72738 [SgLow3]:71722 [SgLow4]:0 [NetMuon1]:57620 [NetMuon2]:57573 [NetMuon3]:57496 [NetMuon4]:57979
[Run]:23514 [Site]:4 [Bin]:2621 [FullTime]:1651.42 [SkipTime]:0 [Veto1]:26.1624 [Veto2]:32.0149 [Veto3]:28.1458 [Veto4]:21.531 [SgUp1]:32575 [SgUp2]:33270 [SgUp3]:33046 [SgUp4]:0 [SgLow1]:32563 [SgLow2]:33253 [SgLow3]:33040 [SgLow4]:0 [NetMuon1]:26630 [NetMuon2]:26522 [NetMuon3]:26615 [NetMuon4]:26712
[Run]:23514 [Site]:4 [Bin]:2622 [FullTime]:3599.99 [SkipTime]:0 [Veto1]:69.4547 [Veto2]:72.3835 [Veto3]:66.4823 [Veto4]:47.2756 [SgUp1]:70626 [SgUp2]:72952 [SgUp3]:72151 [SgUp4]:0 [SgLow1]:70591 [SgLow2]:72926 [SgLow3]:72108 [SgLow4]:0 [NetMuon1]:58299 [NetMuon2]:58215 [NetMuon3]:58323 [NetMuon4]:58660
[Run]:23514 [Site]:4 [Bin]:2623 [FullTime]:3600 [SkipTime]:0 [Veto1]:77.9226 [Veto2]:66.0669 [Veto3]:59.2006 [Veto4]:46.852 [SgUp1]:70349 [SgUp2]:72325 [SgUp3]:72518 [SgUp4]:0 [SgLow1]:70324 [SgLow2]:72306 [SgLow3]:72474 [SgLow4]:0 [NetMuon1]:57638 [NetMuon2]:57852 [NetMuon3]:57973 [NetMuon4]:58151
[Run]:23514 [Site]:4 [Bin]:2624 [FullTime]:3600.01 [SkipTime]:0 [Veto1]:82.8288 [Veto2]:70.5518 [Veto3]:71.0372 [Veto4]:46.847 [SgUp1]:70204 [SgUp2]:72195 [SgUp3]:72682 [SgUp4]:0 [SgLow1]:70189 [SgLow2]:72174 [SgLow3]:72652 [SgLow4]:0 [NetMuon1]:57586 [NetMuon2]:57782 [NetMuon3]:57759 [NetMuon4]:58160
[Run]:23514 [Site]:4 [Bin]:2625 [FullTime]:3600 [SkipTime]:0 [Veto1]:74.0472 [Veto2]:66.1036 [Veto3]:66.1388 [Veto4]:45.9627 [SgUp1]:70572 [SgUp2]:72062 [SgUp3]:72476 [SgUp4]:0 [SgLow1]:70548 [SgLow2]:72031 [SgLow3]:72428 [SgLow4]:0 [NetMuon1]:56605 [NetMuon2]:56705 [NetMuon3]:56691 [NetMuon4]:57037
[Run]:23514 [Site]:4 [Bin]:2626 [FullTime]:3600 [SkipTime]:0 [Veto1]:64.6441 [Veto2]:72.6986 [Veto3]:73.7103 [Veto4]:46.605 [SgUp1]:70663 [SgUp2]:71630 [SgUp3]:72346 [SgUp4]:0 [SgLow1]:70627 [SgLow2]:71588 [SgLow3]:72308 [SgLow4]:0 [NetMuon1]:57540 [NetMuon2]:57412 [NetMuon3]:57407 [NetMuon4]:57851
[Run]:23514 [Site]:4 [Bin]:2627 [FullTime]:3600 [SkipTime]:0 [Veto1]:76.0798 [Veto2]:69.1803 [Veto3]:70.1068 [Veto4]:46.987 [SgUp1]:70534 [SgUp2]:71215 [SgUp3]:72798 [SgUp4]:0 [SgLow1]:70491 [SgLow2]:71168 [SgLow3]:72773 [SgLow4]:0 [NetMuon1]:57836 [NetMuon2]:57973 [NetMuon3]:57933 [NetMuon4]:58322
[Run]:23514 [Site]:4 [Bin]:2628 [FullTime]:3600 [SkipTime]:0 [Veto1]:68.9682 [Veto2]:74.9168 [Veto3]:64.1205 [Veto4]:46.852 [SgUp1]:70465 [SgUp2]:71366 [SgUp3]:72579 [SgUp4]:0 [SgLow1]:70450 [SgLow2]:71327 [SgLow3]:72544 [SgLow4]:0 [NetMuon1]:57781 [NetMuon2]:57709 [NetMuon3]:57931 [NetMuon4]:58173
[Run]:23514 [Site]:4 [Bin]:2629 [FullTime]:3600 [SkipTime]:0 [Veto1]:72.5552 [Veto2]:67.5633 [Veto3]:68.1305 [Veto4]:46.3701 [SgUp1]:70424 [SgUp2]:72071 [SgUp3]:72471 [SgUp4]:0 [SgLow1]:70388 [SgLow2]:72040 [SgLow3]:72441 [SgLow4]:0 [NetMuon1]:57184 [NetMuon2]:57230 [NetMuon3]:57214 [NetMuon4]:57582
[Run]:23514 [Site]:4 [Bin]:2630 [FullTime]:3600 [SkipTime]:0 [Veto1]:70.4359 [Veto2]:64.4782 [Veto3]:66.448 [Veto4]:46.2531 [SgUp1]:70246 [SgUp2]:71527 [SgUp3]:72765 [SgUp4]:0 [SgLow1]:70216 [SgLow2]:71508 [SgLow3]:72744 [SgLow4]:0 [NetMuon1]:57013 [NetMuon2]:57120 [NetMuon3]:57105 [NetMuon4]:57404
[Run]:23514 [Site]:4 [Bin]:2631 [FullTime]:3600 [SkipTime]:0 [Veto1]:61.4633 [Veto2]:66.3693 [Veto3]:71.3355 [Veto4]:46.1772 [SgUp1]:70615 [SgUp2]:71720 [SgUp3]:72423 [SgUp4]:0 [SgLow1]:70590 [SgLow2]:71678 [SgLow3]:72393 [SgLow4]:0 [NetMuon1]:57078 [NetMuon2]:56996 [NetMuon3]:56937 [NetMuon4]:57323
[Run]:23514 [Site]:4 [Bin]:2632 [FullTime]:3600 [SkipTime]:0 [Veto1]:72.109 [Veto2]:66.2638 [Veto3]:63.6866 [Veto4]:46.0017 [SgUp1]:70538 [SgUp2]:72084 [SgUp3]:73001 [SgUp4]:0 [SgLow1]:70524 [SgLow2]:72055 [SgLow3]:72965 [SgLow4]:0 [NetMuon1]:56737 [NetMuon2]:56842 [NetMuon3]:56837 [NetMuon4]:57136
[Run]:23514 [Site]:4 [Bin]:2633 [FullTime]:3600 [SkipTime]:0 [Veto1]:77.9252 [Veto2]:66.4483 [Veto3]:71.0402 [Veto4]:45.9111 [SgUp1]:70391 [SgUp2]:71578 [SgUp3]:73041 [SgUp4]:0 [SgLow1]:70369 [SgLow2]:71554 [SgLow3]:73010 [SgLow4]:0 [NetMuon1]:56515 [NetMuon2]:56695 [NetMuon3]:56613 [NetMuon4]:57024
[Run]:23514 [Site]:4 [Bin]:2634 [FullTime]:3600 [SkipTime]:0 [Veto1]:69.8215 [Veto2]:63.9207 [Veto3]:68.8016 [Veto4]:46.6465 [SgUp1]:69960 [SgUp2]:71667 [SgUp3]:72304 [SgUp4]:0 [SgLow1]:69940 [SgLow2]:71636 [SgLow3]:72277 [SgLow4]:0 [NetMuon1]:57580 [NetMuon2]:57675 [NetMuon3]:57600 [NetMuon4]:57949
[Run]:23514 [Site]:4 [Bin]:2635 [FullTime]:3600 [SkipTime]:0 [Veto1]:67.2037 [Veto2]:66.2299 [Veto3]:71.1242 [Veto4]:45.9973 [SgUp1]:70158 [SgUp2]:72079 [SgUp3]:72316 [SgUp4]:0 [SgLow1]:70127 [SgLow2]:72039 [SgLow3]:72291 [SgLow4]:0 [NetMuon1]:56765 [NetMuon2]:56807 [NetMuon3]:56720 [NetMuon4]:57114
[Run]:23514 [Site]:4 [Bin]:2636 [FullTime]:3600 [SkipTime]:0 [Veto1]:62.2826 [Veto2]:67.2765 [Veto3]:69.2237 [Veto4]:46.0631 [SgUp1]:70353 [SgUp2]:72124 [SgUp3]:72068 [SgUp4]:0 [SgLow1]:70325 [SgLow2]:72094 [SgLow3]:72037 [SgLow4]:0 [NetMuon1]:56933 [NetMuon2]:56863 [NetMuon3]:56826 [NetMuon4]:57185
[Run]:23514 [Site]:4 [Bin]:2637 [FullTime]:3600 [SkipTime]:0 [Veto1]:66.9406 [Veto2]:60.0558 [Veto3]:59.0218 [Veto4]:45.7905 [SgUp1]:70173 [SgUp2]:71811 [SgUp3]:72460 [SgUp4]:0 [SgLow1]:70156 [SgLow2]:71777 [SgLow3]:72432 [SgLow4]:0 [NetMuon1]:56532 [NetMuon2]:56636 [NetMuon3]:56651 [NetMuon4]:56885
[Run]:23514 [Site]:4 [Bin]:2638 [FullTime]:3600 [SkipTime]:0 [Veto1]:76.0691 [Veto2]:68.2022 [Veto3]:68.3674 [Veto4]:46.0398 [SgUp1]:69752 [SgUp2]:71259 [SgUp3]:72690 [SgUp4]:0 [SgLow1]:69714 [SgLow2]:71235 [SgLow3]:72645 [SgLow4]:0 [NetMuon1]:56624 [NetMuon2]:56788 [NetMuon3]:56811 [NetMuon4]:57150
[Run]:23514 [Site]:4 [Bin]:2639 [FullTime]:3600 [SkipTime]:0 [Veto1]:69.2001 [Veto2]:62.3581 [Veto3]:63.318 [Veto4]:46.0679 [SgUp1]:70277 [SgUp2]:71344 [SgUp3]:72536 [SgUp4]:0 [SgLow1]:70247 [SgLow2]:71297 [SgLow3]:72494 [SgLow4]:0 [NetMuon1]:56838 [NetMuon2]:56949 [NetMuon3]:56932 [NetMuon4]:57217
[Run]:23514 [Site]:4 [Bin]:2640 [FullTime]:3600 [SkipTime]:0 [Veto1]:67.0558 [Veto2]:63.0999 [Veto3]:60.0765 [Veto4]:45.8315 [SgUp1]:70155 [SgUp2]:71905 [SgUp3]:72430 [SgUp4]:0 [SgLow1]:70117 [SgLow2]:71876 [SgLow3]:72374 [SgLow4]:0 [NetMuon1]:56562 [NetMuon2]:56629 [NetMuon3]:56661 [NetMuon4]:56898
End process Run: 23514 ... 
[Run]:23514 [Site]:4 [Bin]:2641 [FullTime]:68.521 [SkipTime]:0 [Veto1]:0.900621 [Veto2]:0.893051 [Veto3]:1.8753 [Veto4]:0.868096
