StreamChain add 0x3eeb7f0
Start to process run: 23908 ... 
[Run]:23908 [Site]:4 [Bin]:2839 [FullTime]:1667.31 [SkipTime]:0 [Veto1]:36.9363 [Veto2]:26.1098 [Veto3]:34.9706 [Veto4]:21.4695 [SgUp1]:32265 [SgUp2]:32880 [SgUp3]:32971 [SgUp4]:0 [SgLow1]:32257 [SgLow2]:32866 [SgLow3]:32953 [SgLow4]:0 [NetMuon1]:26413 [NetMuon2]:26567 [NetMuon3]:26435 [NetMuon4]:26651
[Run]:23908 [Site]:4 [Bin]:2840 [FullTime]:3600 [SkipTime]:0 [Veto1]:67.92 [Veto2]:65.8767 [Veto3]:72.8693 [Veto4]:46.7288 [SgUp1]:70341 [SgUp2]:71517 [SgUp3]:71149 [SgUp4]:0 [SgLow1]:70320 [SgLow2]:71481 [SgLow3]:71112 [SgLow4]:0 [NetMuon1]:57689 [NetMuon2]:57722 [NetMuon3]:57597 [NetMuon4]:58031
[Run]:23908 [Site]:4 [Bin]:2841 [FullTime]:3600 [SkipTime]:0 [Veto1]:73.3852 [Veto2]:69.4272 [Veto3]:72.3857 [Veto4]:46.2492 [SgUp1]:70042 [SgUp2]:71007 [SgUp3]:70741 [SgUp4]:0 [SgLow1]:69998 [SgLow2]:70989 [SgLow3]:70723 [SgLow4]:0 [NetMuon1]:57019 [NetMuon2]:57070 [NetMuon3]:57037 [NetMuon4]:57426
[Run]:23908 [Site]:4 [Bin]:2842 [FullTime]:3600 [SkipTime]:0 [Veto1]:67.1226 [Veto2]:70.2479 [Veto3]:69.1076 [Veto4]:46.9609 [SgUp1]:69830 [SgUp2]:71642 [SgUp3]:71960 [SgUp4]:0 [SgLow1]:69813 [SgLow2]:71598 [SgLow3]:71925 [SgLow4]:0 [NetMuon1]:57967 [NetMuon2]:57953 [NetMuon3]:57955 [NetMuon4]:58326
[Run]:23908 [Site]:4 [Bin]:2843 [FullTime]:3600 [SkipTime]:0 [Veto1]:63.6017 [Veto2]:79.4045 [Veto3]:71.5425 [Veto4]:46.3871 [SgUp1]:70430 [SgUp2]:70627 [SgUp3]:71221 [SgUp4]:0 [SgLow1]:70394 [SgLow2]:70591 [SgLow3]:71179 [SgLow4]:0 [NetMuon1]:57319 [NetMuon2]:57099 [NetMuon3]:57189 [NetMuon4]:57622
[Run]:23908 [Site]:4 [Bin]:2844 [FullTime]:3600 [SkipTime]:0 [Veto1]:78.7952 [Veto2]:64.0406 [Veto3]:68.2873 [Veto4]:46.7605 [SgUp1]:69628 [SgUp2]:71570 [SgUp3]:71768 [SgUp4]:0 [SgLow1]:69607 [SgLow2]:71554 [SgLow3]:71728 [SgLow4]:0 [NetMuon1]:57549 [NetMuon2]:57777 [NetMuon3]:57699 [NetMuon4]:58053
[Run]:23908 [Site]:4 [Bin]:2845 [FullTime]:3599.99 [SkipTime]:0 [Veto1]:78.5282 [Veto2]:72.6054 [Veto3]:71.6571 [Veto4]:46.4773 [SgUp1]:69423 [SgUp2]:71181 [SgUp3]:71627 [SgUp4]:0 [SgLow1]:69394 [SgLow2]:71163 [SgLow3]:71604 [SgLow4]:0 [NetMuon1]:57226 [NetMuon2]:57293 [NetMuon3]:57351 [NetMuon4]:57726
[Run]:23908 [Site]:4 [Bin]:2846 [FullTime]:3600 [SkipTime]:0 [Veto1]:74.5582 [Veto2]:75.544 [Veto3]:70.5858 [Veto4]:46.4417 [SgUp1]:68994 [SgUp2]:71591 [SgUp3]:71119 [SgUp4]:0 [SgLow1]:68979 [SgLow2]:71567 [SgLow3]:71083 [SgLow4]:0 [NetMuon1]:57239 [NetMuon2]:57175 [NetMuon3]:57302 [NetMuon4]:57667
[Run]:23908 [Site]:4 [Bin]:2847 [FullTime]:2237 [SkipTime]:1363 [Veto1]:39.0852 [Veto2]:40.1073 [Veto3]:40.1593 [Veto4]:28.3285 [SgUp1]:43531 [SgUp2]:44116 [SgUp3]:44258 [SgUp4]:0 [SgLow1]:43507 [SgLow2]:44092 [SgLow3]:44231 [SgLow4]:0 [NetMuon1]:35004 [NetMuon2]:34989 [NetMuon3]:35004 [NetMuon4]:35180
[Run]:23908 [Site]:4 [Bin]:2848 [FullTime]:3600 [SkipTime]:0 [Veto1]:63.7364 [Veto2]:59.8096 [Veto3]:65.7193 [Veto4]:45.5112 [SgUp1]:69707 [SgUp2]:71608 [SgUp3]:71573 [SgUp4]:0 [SgLow1]:69690 [SgLow2]:71563 [SgLow3]:71551 [SgLow4]:0 [NetMuon1]:56237 [NetMuon2]:56306 [NetMuon3]:56219 [NetMuon4]:56538
[Run]:23908 [Site]:4 [Bin]:2849 [FullTime]:3600 [SkipTime]:0 [Veto1]:72.9076 [Veto2]:65.0125 [Veto3]:63.0189 [Veto4]:45.768 [SgUp1]:70044 [SgUp2]:71968 [SgUp3]:71243 [SgUp4]:0 [SgLow1]:70010 [SgLow2]:71934 [SgLow3]:71217 [SgLow4]:0 [NetMuon1]:56433 [NetMuon2]:56543 [NetMuon3]:56586 [NetMuon4]:56846
[Run]:23908 [Site]:4 [Bin]:2850 [FullTime]:3600 [SkipTime]:0 [Veto1]:67.8871 [Veto2]:60.9989 [Veto3]:62.9126 [Veto4]:45.6862 [SgUp1]:69610 [SgUp2]:71645 [SgUp3]:71260 [SgUp4]:0 [SgLow1]:69574 [SgLow2]:71627 [SgLow3]:71237 [SgLow4]:0 [NetMuon1]:56376 [NetMuon2]:56520 [NetMuon3]:56450 [NetMuon4]:56743
[Run]:23908 [Site]:4 [Bin]:2851 [FullTime]:3600.01 [SkipTime]:0 [Veto1]:72.2292 [Veto2]:69.2018 [Veto3]:75.1518 [Veto4]:46.0608 [SgUp1]:69729 [SgUp2]:71175 [SgUp3]:71189 [SgUp4]:0 [SgLow1]:69700 [SgLow2]:71140 [SgLow3]:71142 [SgLow4]:0 [NetMuon1]:56824 [NetMuon2]:56805 [NetMuon3]:56759 [NetMuon4]:57211
[Run]:23908 [Site]:4 [Bin]:2852 [FullTime]:3599.99 [SkipTime]:0 [Veto1]:67.2889 [Veto2]:65.2695 [Veto3]:68.2226 [Veto4]:46.0306 [SgUp1]:69715 [SgUp2]:71306 [SgUp3]:71157 [SgUp4]:0 [SgLow1]:69691 [SgLow2]:71282 [SgLow3]:71119 [SgLow4]:0 [NetMuon1]:56834 [NetMuon2]:56850 [NetMuon3]:56804 [NetMuon4]:57158
[Run]:23908 [Site]:4 [Bin]:2853 [FullTime]:3600 [SkipTime]:0 [Veto1]:74.8158 [Veto2]:71.8748 [Veto3]:69.9213 [Veto4]:45.7874 [SgUp1]:69977 [SgUp2]:71512 [SgUp3]:70606 [SgUp4]:0 [SgLow1]:69930 [SgLow2]:71491 [SgLow3]:70589 [SgLow4]:0 [NetMuon1]:56368 [NetMuon2]:56417 [NetMuon3]:56450 [NetMuon4]:56859
[Run]:23908 [Site]:4 [Bin]:2854 [FullTime]:3600 [SkipTime]:0 [Veto1]:64.0499 [Veto2]:62.035 [Veto3]:61.0697 [Veto4]:45.8014 [SgUp1]:70228 [SgUp2]:71630 [SgUp3]:71360 [SgUp4]:0 [SgLow1]:70199 [SgLow2]:71588 [SgLow3]:71334 [SgLow4]:0 [NetMuon1]:56601 [NetMuon2]:56609 [NetMuon3]:56668 [NetMuon4]:56893
[Run]:23908 [Site]:4 [Bin]:2855 [FullTime]:3600 [SkipTime]:0 [Veto1]:61.1317 [Veto2]:66.1192 [Veto3]:61.1851 [Veto4]:45.8842 [SgUp1]:70467 [SgUp2]:71795 [SgUp3]:71337 [SgUp4]:0 [SgLow1]:70435 [SgLow2]:71775 [SgLow3]:71320 [SgLow4]:0 [NetMuon1]:56697 [NetMuon2]:56672 [NetMuon3]:56739 [NetMuon4]:56985
[Run]:23908 [Site]:4 [Bin]:2856 [FullTime]:3600 [SkipTime]:0 [Veto1]:67.1821 [Veto2]:67.0007 [Veto3]:70.9961 [Veto4]:45.8355 [SgUp1]:70224 [SgUp2]:71967 [SgUp3]:71507 [SgUp4]:0 [SgLow1]:70203 [SgLow2]:71932 [SgLow3]:71478 [SgLow4]:0 [NetMuon1]:56553 [NetMuon2]:56542 [NetMuon3]:56522 [NetMuon4]:56918
[Run]:23908 [Site]:4 [Bin]:2857 [FullTime]:3600 [SkipTime]:0 [Veto1]:64.4869 [Veto2]:66.4223 [Veto3]:65.4403 [Veto4]:46.2391 [SgUp1]:69748 [SgUp2]:71711 [SgUp3]:71660 [SgUp4]:0 [SgLow1]:69727 [SgLow2]:71679 [SgLow3]:71623 [SgLow4]:0 [NetMuon1]:57125 [NetMuon2]:57067 [NetMuon3]:57066 [NetMuon4]:57406
[Run]:23908 [Site]:4 [Bin]:2858 [FullTime]:3600 [SkipTime]:0 [Veto1]:61.0753 [Veto2]:74.8375 [Veto3]:58.1189 [Veto4]:45.7707 [SgUp1]:69975 [SgUp2]:71286 [SgUp3]:71660 [SgUp4]:0 [SgLow1]:69937 [SgLow2]:71252 [SgLow3]:71633 [SgLow4]:0 [NetMuon1]:56590 [NetMuon2]:56328 [NetMuon3]:56632 [NetMuon4]:56832
[Run]:23908 [Site]:4 [Bin]:2859 [FullTime]:3600 [SkipTime]:0 [Veto1]:69.8378 [Veto2]:64.9019 [Veto3]:75.7225 [Veto4]:45.6626 [SgUp1]:70191 [SgUp2]:71341 [SgUp3]:70801 [SgUp4]:0 [SgLow1]:70167 [SgLow2]:71304 [SgLow3]:70780 [SgLow4]:0 [NetMuon1]:56361 [NetMuon2]:56368 [NetMuon3]:56213 [NetMuon4]:56708
[Run]:23908 [Site]:4 [Bin]:2860 [FullTime]:3600 [SkipTime]:0 [Veto1]:62.7957 [Veto2]:64.7662 [Veto3]:64.2888 [Veto4]:45.5329 [SgUp1]:69568 [SgUp2]:71360 [SgUp3]:70979 [SgUp4]:0 [SgLow1]:69527 [SgLow2]:71318 [SgLow3]:70948 [SgLow4]:0 [NetMuon1]:56283 [NetMuon2]:56242 [NetMuon3]:56232 [NetMuon4]:56543
[Run]:23908 [Site]:4 [Bin]:2861 [FullTime]:3600 [SkipTime]:0 [Veto1]:72.1466 [Veto2]:65.2524 [Veto3]:68.1893 [Veto4]:46.0262 [SgUp1]:69710 [SgUp2]:71406 [SgUp3]:71403 [SgUp4]:0 [SgLow1]:69686 [SgLow2]:71373 [SgLow3]:71374 [SgLow4]:0 [NetMuon1]:56721 [NetMuon2]:56839 [NetMuon3]:56804 [NetMuon4]:57155
[Run]:23908 [Site]:4 [Bin]:2862 [FullTime]:3600 [SkipTime]:0 [Veto1]:72.0231 [Veto2]:73.9991 [Veto3]:68.0575 [Veto4]:45.865 [SgUp1]:69214 [SgUp2]:71026 [SgUp3]:71763 [SgUp4]:0 [SgLow1]:69192 [SgLow2]:70986 [SgLow3]:71733 [SgLow4]:0 [NetMuon1]:56538 [NetMuon2]:56512 [NetMuon3]:56658 [NetMuon4]:56970
[Run]:23908 [Site]:4 [Bin]:2863 [FullTime]:3600 [SkipTime]:0 [Veto1]:62.9705 [Veto2]:70.8726 [Veto3]:58.0469 [Veto4]:45.7355 [SgUp1]:69717 [SgUp2]:71466 [SgUp3]:71471 [SgUp4]:0 [SgLow1]:69683 [SgLow2]:71429 [SgLow3]:71445 [SgLow4]:0 [NetMuon1]:56511 [NetMuon2]:56379 [NetMuon3]:56616 [NetMuon4]:56794
[Run]:23908 [Site]:4 [Bin]:2864 [FullTime]:3600 [SkipTime]:0 [Veto1]:61.8759 [Veto2]:73.6971 [Veto3]:67.8044 [Veto4]:45.6112 [SgUp1]:69744 [SgUp2]:71327 [SgUp3]:71764 [SgUp4]:0 [SgLow1]:69721 [SgLow2]:71306 [SgLow3]:71732 [SgLow4]:0 [NetMuon1]:56382 [NetMuon2]:56167 [NetMuon3]:56304 [NetMuon4]:56630
[Run]:23908 [Site]:4 [Bin]:2865 [FullTime]:3599.99 [SkipTime]:0 [Veto1]:67.0199 [Veto2]:69 [Veto3]:71.8979 [Veto4]:45.8169 [SgUp1]:69957 [SgUp2]:71643 [SgUp3]:71872 [SgUp4]:0 [SgLow1]:69916 [SgLow2]:71619 [SgLow3]:71833 [SgLow4]:0 [NetMuon1]:56543 [NetMuon2]:56461 [NetMuon3]:56407 [NetMuon4]:56872
[Run]:23908 [Site]:4 [Bin]:2866 [FullTime]:3600 [SkipTime]:0 [Veto1]:66.0765 [Veto2]:64.1052 [Veto3]:70.0144 [Veto4]:45.8506 [SgUp1]:70248 [SgUp2]:71784 [SgUp3]:71359 [SgUp4]:0 [SgLow1]:70228 [SgLow2]:71752 [SgLow3]:71318 [SgLow4]:0 [NetMuon1]:56611 [NetMuon2]:56641 [NetMuon3]:56557 [NetMuon4]:56934
[Run]:23908 [Site]:4 [Bin]:2867 [FullTime]:3600 [SkipTime]:0 [Veto1]:65.2694 [Veto2]:71.1971 [Veto3]:70.643 [Veto4]:46.037 [SgUp1]:69464 [SgUp2]:71336 [SgUp3]:71375 [SgUp4]:0 [SgLow1]:69430 [SgLow2]:71307 [SgLow3]:71336 [SgLow4]:0 [NetMuon1]:56898 [NetMuon2]:56785 [NetMuon3]:56778 [NetMuon4]:57192
[Run]:23908 [Site]:4 [Bin]:2868 [FullTime]:3600 [SkipTime]:0 [Veto1]:69.1754 [Veto2]:73.7306 [Veto3]:68.2027 [Veto4]:45.9726 [SgUp1]:69711 [SgUp2]:70673 [SgUp3]:71909 [SgUp4]:0 [SgLow1]:69665 [SgLow2]:70638 [SgLow3]:71877 [SgLow4]:0 [NetMuon1]:56712 [NetMuon2]:56630 [NetMuon3]:56759 [NetMuon4]:57083
[Run]:23908 [Site]:4 [Bin]:2869 [FullTime]:3600 [SkipTime]:0 [Veto1]:64.6068 [Veto2]:61.1481 [Veto3]:66.525 [Veto4]:46.331 [SgUp1]:69753 [SgUp2]:71438 [SgUp3]:71454 [SgUp4]:0 [SgLow1]:69730 [SgLow2]:71403 [SgLow3]:71425 [SgLow4]:0 [NetMuon1]:57241 [NetMuon2]:57313 [NetMuon3]:57220 [NetMuon4]:57539
[Run]:23908 [Site]:4 [Bin]:2870 [FullTime]:3600.01 [SkipTime]:0 [Veto1]:65.061 [Veto2]:67.0175 [Veto3]:58.1095 [Veto4]:45.8433 [SgUp1]:69966 [SgUp2]:71520 [SgUp3]:71719 [SgUp4]:0 [SgLow1]:69929 [SgLow2]:71483 [SgLow3]:71684 [SgLow4]:0 [NetMuon1]:56640 [NetMuon2]:56579 [NetMuon3]:56705 [NetMuon4]:56921
[Run]:23908 [Site]:4 [Bin]:2871 [FullTime]:3600 [SkipTime]:0 [Veto1]:68.9031 [Veto2]:70.9029 [Veto3]:78.7762 [Veto4]:45.7597 [SgUp1]:69675 [SgUp2]:71892 [SgUp3]:70896 [SgUp4]:0 [SgLow1]:69635 [SgLow2]:71867 [SgLow3]:70872 [SgLow4]:0 [NetMuon1]:56436 [NetMuon2]:56410 [NetMuon3]:56271 [NetMuon4]:56824
[Run]:23908 [Site]:4 [Bin]:2872 [FullTime]:3600 [SkipTime]:0 [Veto1]:63.3139 [Veto2]:80.093 [Veto3]:71.1777 [Veto4]:46.0723 [SgUp1]:69761 [SgUp2]:71679 [SgUp3]:71696 [SgUp4]:0 [SgLow1]:69733 [SgLow2]:71643 [SgLow3]:71658 [SgLow4]:0 [NetMuon1]:56942 [NetMuon2]:56669 [NetMuon3]:56799 [NetMuon4]:57221
[Run]:23908 [Site]:4 [Bin]:2873 [FullTime]:3600 [SkipTime]:0 [Veto1]:66.1344 [Veto2]:70.1222 [Veto3]:64.2242 [Veto4]:45.9394 [SgUp1]:69993 [SgUp2]:71058 [SgUp3]:71341 [SgUp4]:0 [SgLow1]:69970 [SgLow2]:71017 [SgLow3]:71319 [SgLow4]:0 [NetMuon1]:56710 [NetMuon2]:56684 [NetMuon3]:56773 [NetMuon4]:57061
[Run]:23908 [Site]:4 [Bin]:2874 [FullTime]:3600 [SkipTime]:0 [Veto1]:61.4932 [Veto2]:61.5557 [Veto3]:69.7898 [Veto4]:46.2031 [SgUp1]:69987 [SgUp2]:71596 [SgUp3]:71579 [SgUp4]:0 [SgLow1]:69969 [SgLow2]:71560 [SgLow3]:71548 [SgLow4]:0 [NetMuon1]:57110 [NetMuon2]:57157 [NetMuon3]:57002 [NetMuon4]:57375
[Run]:23908 [Site]:4 [Bin]:2875 [FullTime]:3600 [SkipTime]:0 [Veto1]:61.9345 [Veto2]:70.8165 [Veto3]:76.7684 [Veto4]:45.7052 [SgUp1]:69456 [SgUp2]:71391 [SgUp3]:71509 [SgUp4]:0 [SgLow1]:69430 [SgLow2]:71350 [SgLow3]:71488 [SgLow4]:0 [NetMuon1]:56531 [NetMuon2]:56347 [NetMuon3]:56271 [NetMuon4]:56760
[Run]:23908 [Site]:4 [Bin]:2876 [FullTime]:3600 [SkipTime]:0 [Veto1]:67.7481 [Veto2]:67.7906 [Veto3]:60.8925 [Veto4]:45.6164 [SgUp1]:70252 [SgUp2]:71318 [SgUp3]:71508 [SgUp4]:0 [SgLow1]:70227 [SgLow2]:71283 [SgLow3]:71487 [SgLow4]:0 [NetMuon1]:56324 [NetMuon2]:56308 [NetMuon3]:56451 [NetMuon4]:56673
[Run]:23908 [Site]:4 [Bin]:2877 [FullTime]:3600 [SkipTime]:0 [Veto1]:76.0122 [Veto2]:78.9876 [Veto3]:74.1874 [Veto4]:45.9024 [SgUp1]:69454 [SgUp2]:70896 [SgUp3]:71126 [SgUp4]:0 [SgLow1]:69434 [SgLow2]:70859 [SgLow3]:71094 [SgLow4]:0 [NetMuon1]:56519 [NetMuon2]:56491 [NetMuon3]:56544 [NetMuon4]:56995
[Run]:23908 [Site]:4 [Bin]:2878 [FullTime]:3600 [SkipTime]:0 [Veto1]:66.0027 [Veto2]:66.8612 [Veto3]:71.8562 [Veto4]:45.758 [SgUp1]:69796 [SgUp2]:71882 [SgUp3]:71583 [SgUp4]:0 [SgLow1]:69773 [SgLow2]:71853 [SgLow3]:71556 [SgLow4]:0 [NetMuon1]:56516 [NetMuon2]:56483 [NetMuon3]:56421 [NetMuon4]:56833
[Run]:23908 [Site]:4 [Bin]:2879 [FullTime]:3600 [SkipTime]:0 [Veto1]:75.8749 [Veto2]:69.0138 [Veto3]:70.9136 [Veto4]:45.8001 [SgUp1]:69448 [SgUp2]:71728 [SgUp3]:71477 [SgUp4]:0 [SgLow1]:69414 [SgLow2]:71701 [SgLow3]:71433 [SgLow4]:0 [NetMuon1]:56418 [NetMuon2]:56503 [NetMuon3]:56491 [NetMuon4]:56880
[Run]:23908 [Site]:4 [Bin]:2880 [FullTime]:3600 [SkipTime]:0 [Veto1]:73.9615 [Veto2]:64.0708 [Veto3]:69.983 [Veto4]:45.8177 [SgUp1]:70376 [SgUp2]:71460 [SgUp3]:71030 [SgUp4]:0 [SgLow1]:70354 [SgLow2]:71435 [SgLow3]:71004 [SgLow4]:0 [NetMuon1]:56462 [NetMuon2]:56609 [NetMuon3]:56504 [NetMuon4]:56904
End process Run: 23908 ... 
[Run]:23908 [Site]:4 [Bin]:2881 [FullTime]:622.2 [SkipTime]:0 [Veto1]:16.1263 [Veto2]:12.163 [Veto3]:13.1379 [Veto4]:7.96444
