StreamChain add 0x1a8df7f0
Start to process run: 23248 ... 
[Run]:23248 [Site]:4 [Bin]:2377 [FullTime]:2122.88 [SkipTime]:0 [Veto1]:37.7448 [Veto2]:45.6723 [Veto3]:39.7618 [Veto4]:27.0556 [SgUp1]:41738 [SgUp2]:42143 [SgUp3]:43119 [SgUp4]:0 [SgLow1]:41714 [SgLow2]:42128 [SgLow3]:43090 [SgLow4]:0 [NetMuon1]:33403 [NetMuon2]:33307 [NetMuon3]:33392 [NetMuon4]:33604
[Run]:23248 [Site]:4 [Bin]:2378 [FullTime]:3600 [SkipTime]:0 [Veto1]:71.2805 [Veto2]:74.1981 [Veto3]:66.2806 [Veto4]:46.1254 [SgUp1]:71089 [SgUp2]:72486 [SgUp3]:72354 [SgUp4]:0 [SgLow1]:71063 [SgLow2]:72462 [SgLow3]:72318 [SgLow4]:0 [NetMuon1]:56881 [NetMuon2]:56776 [NetMuon3]:56925 [NetMuon4]:57259
[Run]:23248 [Site]:4 [Bin]:2379 [FullTime]:3600 [SkipTime]:0 [Veto1]:66.4043 [Veto2]:64.4362 [Veto3]:69.121 [Veto4]:46.1858 [SgUp1]:70974 [SgUp2]:72569 [SgUp3]:72655 [SgUp4]:0 [SgLow1]:70941 [SgLow2]:72532 [SgLow3]:72623 [SgLow4]:0 [NetMuon1]:57046 [NetMuon2]:57084 [NetMuon3]:57003 [NetMuon4]:57376
[Run]:23248 [Site]:4 [Bin]:2380 [FullTime]:3600 [SkipTime]:0 [Veto1]:71.2996 [Veto2]:66.5374 [Veto3]:70.4396 [Veto4]:46.3017 [SgUp1]:71115 [SgUp2]:72779 [SgUp3]:72779 [SgUp4]:0 [SgLow1]:71088 [SgLow2]:72766 [SgLow3]:72746 [SgLow4]:0 [NetMuon1]:57073 [NetMuon2]:57153 [NetMuon3]:57116 [NetMuon4]:57490
[Run]:23248 [Site]:4 [Bin]:2381 [FullTime]:3600 [SkipTime]:0 [Veto1]:71.5152 [Veto2]:65.5635 [Veto3]:69.4828 [Veto4]:46.3481 [SgUp1]:70785 [SgUp2]:72400 [SgUp3]:72467 [SgUp4]:0 [SgLow1]:70753 [SgLow2]:72377 [SgLow3]:72435 [SgLow4]:0 [NetMuon1]:57154 [NetMuon2]:57220 [NetMuon3]:57159 [NetMuon4]:57545
[Run]:23248 [Site]:4 [Bin]:2382 [FullTime]:3600 [SkipTime]:0 [Veto1]:72.5231 [Veto2]:58.7489 [Veto3]:68.6061 [Veto4]:46.421 [SgUp1]:71354 [SgUp2]:72729 [SgUp3]:73055 [SgUp4]:0 [SgLow1]:71331 [SgLow2]:72687 [SgLow3]:73014 [SgLow4]:0 [NetMuon1]:57235 [NetMuon2]:57459 [NetMuon3]:57278 [NetMuon4]:57646
[Run]:23248 [Site]:4 [Bin]:2383 [FullTime]:3600 [SkipTime]:0 [Veto1]:67.5906 [Veto2]:69.5373 [Veto3]:72.523 [Veto4]:46.4007 [SgUp1]:71021 [SgUp2]:72703 [SgUp3]:72390 [SgUp4]:0 [SgLow1]:70977 [SgLow2]:72666 [SgLow3]:72350 [SgLow4]:0 [NetMuon1]:57268 [NetMuon2]:57211 [NetMuon3]:57230 [NetMuon4]:57614
[Run]:23248 [Site]:4 [Bin]:2384 [FullTime]:3600 [SkipTime]:0 [Veto1]:60.7697 [Veto2]:74.7399 [Veto3]:75.686 [Veto4]:46.6258 [SgUp1]:70889 [SgUp2]:72510 [SgUp3]:72646 [SgUp4]:0 [SgLow1]:70857 [SgLow2]:72467 [SgLow3]:72621 [SgLow4]:0 [NetMuon1]:57686 [NetMuon2]:57459 [NetMuon3]:57448 [NetMuon4]:57917
[Run]:23248 [Site]:4 [Bin]:2385 [FullTime]:3600 [SkipTime]:0 [Veto1]:68.6024 [Veto2]:67.5875 [Veto3]:72.5364 [Veto4]:46.404 [SgUp1]:70703 [SgUp2]:72033 [SgUp3]:72458 [SgUp4]:0 [SgLow1]:70679 [SgLow2]:72007 [SgLow3]:72427 [SgLow4]:0 [NetMuon1]:57281 [NetMuon2]:57284 [NetMuon3]:57190 [NetMuon4]:57616
[Run]:23248 [Site]:4 [Bin]:2386 [FullTime]:3600 [SkipTime]:0 [Veto1]:62.0411 [Veto2]:76.8503 [Veto3]:69.9692 [Veto4]:46.7804 [SgUp1]:70692 [SgUp2]:71963 [SgUp3]:72385 [SgUp4]:0 [SgLow1]:70660 [SgLow2]:71945 [SgLow3]:72342 [SgLow4]:0 [NetMuon1]:57860 [NetMuon2]:57605 [NetMuon3]:57709 [NetMuon4]:58101
[Run]:23248 [Site]:4 [Bin]:2387 [FullTime]:3600 [SkipTime]:0 [Veto1]:65.2808 [Veto2]:62.3346 [Veto3]:74.225 [Veto4]:47.0864 [SgUp1]:71039 [SgUp2]:72706 [SgUp3]:72646 [SgUp4]:0 [SgLow1]:71003 [SgLow2]:72666 [SgLow3]:72609 [SgLow4]:0 [NetMuon1]:58144 [NetMuon2]:58217 [NetMuon3]:58020 [NetMuon4]:58450
[Run]:23248 [Site]:4 [Bin]:2388 [FullTime]:3600 [SkipTime]:0 [Veto1]:71.2482 [Veto2]:61.3849 [Veto3]:68.2579 [Veto4]:47.0781 [SgUp1]:70615 [SgUp2]:72368 [SgUp3]:72806 [SgUp4]:0 [SgLow1]:70560 [SgLow2]:72322 [SgLow3]:72762 [SgLow4]:0 [NetMuon1]:58062 [NetMuon2]:58209 [NetMuon3]:58112 [NetMuon4]:58473
[Run]:23248 [Site]:4 [Bin]:2389 [FullTime]:3600 [SkipTime]:0 [Veto1]:69.0828 [Veto2]:69.1232 [Veto3]:66.0847 [Veto4]:46.9305 [SgUp1]:70995 [SgUp2]:71961 [SgUp3]:72813 [SgUp4]:0 [SgLow1]:70962 [SgLow2]:71941 [SgLow3]:72781 [SgLow4]:0 [NetMuon1]:57925 [NetMuon2]:57925 [NetMuon3]:57945 [NetMuon4]:58287
[Run]:23248 [Site]:4 [Bin]:2391 [FullTime]:3476.8 [SkipTime]:0 [Veto1]:69.6424 [Veto2]:64.7152 [Veto3]:65.6777 [Veto4]:44.5752 [SgUp1]:68769 [SgUp2]:70311 [SgUp3]:70184 [SgUp4]:0 [SgLow1]:68744 [SgLow2]:70294 [SgLow3]:70172 [SgLow4]:0 [NetMuon1]:54940 [NetMuon2]:55015 [NetMuon3]:54982 [NetMuon4]:55348
[Run]:23248 [Site]:4 [Bin]:2392 [FullTime]:3600 [SkipTime]:0 [Veto1]:66.6881 [Veto2]:71.6605 [Veto3]:66.7028 [Veto4]:46.5365 [SgUp1]:71026 [SgUp2]:72291 [SgUp3]:72717 [SgUp4]:0 [SgLow1]:71007 [SgLow2]:72234 [SgLow3]:72682 [SgLow4]:0 [NetMuon1]:57448 [NetMuon2]:57358 [NetMuon3]:57414 [NetMuon4]:57778
[Run]:23248 [Site]:4 [Bin]:2393 [FullTime]:3600 [SkipTime]:0 [Veto1]:67.6765 [Veto2]:61.717 [Veto3]:64.7076 [Veto4]:46.4842 [SgUp1]:71421 [SgUp2]:72739 [SgUp3]:72457 [SgUp4]:0 [SgLow1]:71389 [SgLow2]:72685 [SgLow3]:72413 [SgLow4]:0 [NetMuon1]:57374 [NetMuon2]:57478 [NetMuon3]:57442 [NetMuon4]:57734
[Run]:23248 [Site]:4 [Bin]:2394 [FullTime]:3600 [SkipTime]:0 [Veto1]:61.3423 [Veto2]:67.1012 [Veto3]:74.2343 [Veto4]:46.1328 [SgUp1]:71374 [SgUp2]:72655 [SgUp3]:73002 [SgUp4]:0 [SgLow1]:71356 [SgLow2]:72615 [SgLow3]:72971 [SgLow4]:0 [NetMuon1]:57006 [NetMuon2]:56886 [NetMuon3]:56816 [NetMuon4]:57269
[Run]:23248 [Site]:4 [Bin]:2395 [FullTime]:3600 [SkipTime]:0 [Veto1]:59.7504 [Veto2]:61.7397 [Veto3]:65.6931 [Veto4]:46.4911 [SgUp1]:71085 [SgUp2]:72463 [SgUp3]:72410 [SgUp4]:0 [SgLow1]:71049 [SgLow2]:72440 [SgLow3]:72393 [SgLow4]:0 [NetMuon1]:57516 [NetMuon2]:57464 [NetMuon3]:57437 [NetMuon4]:57726
[Run]:23248 [Site]:4 [Bin]:2396 [FullTime]:3600 [SkipTime]:0 [Veto1]:61.7982 [Veto2]:73.6225 [Veto3]:65.932 [Veto4]:46.5301 [SgUp1]:71176 [SgUp2]:72322 [SgUp3]:72809 [SgUp4]:0 [SgLow1]:71157 [SgLow2]:72289 [SgLow3]:72773 [SgLow4]:0 [NetMuon1]:57493 [NetMuon2]:57329 [NetMuon3]:57429 [NetMuon4]:57755
[Run]:23248 [Site]:4 [Bin]:2397 [FullTime]:3600 [SkipTime]:0 [Veto1]:68.6558 [Veto2]:67.6307 [Veto3]:69.6341 [Veto4]:46.4606 [SgUp1]:71051 [SgUp2]:72650 [SgUp3]:72543 [SgUp4]:0 [SgLow1]:71014 [SgLow2]:72614 [SgLow3]:72494 [SgLow4]:0 [NetMuon1]:57342 [NetMuon2]:57351 [NetMuon3]:57335 [NetMuon4]:57688
[Run]:23248 [Site]:4 [Bin]:2398 [FullTime]:3600 [SkipTime]:0 [Veto1]:57.7983 [Veto2]:61.1949 [Veto3]:63.247 [Veto4]:46.005 [SgUp1]:71446 [SgUp2]:72802 [SgUp3]:72983 [SgUp4]:0 [SgLow1]:71407 [SgLow2]:72773 [SgLow3]:72948 [SgLow4]:0 [NetMuon1]:56901 [NetMuon2]:56833 [NetMuon3]:56832 [NetMuon4]:57106
[Run]:23248 [Site]:4 [Bin]:2399 [FullTime]:3600 [SkipTime]:0 [Veto1]:63.43 [Veto2]:62.4838 [Veto3]:72.2067 [Veto4]:46.2217 [SgUp1]:71150 [SgUp2]:72458 [SgUp3]:72691 [SgUp4]:0 [SgLow1]:71126 [SgLow2]:72403 [SgLow3]:72655 [SgLow4]:0 [NetMuon1]:57115 [NetMuon2]:57097 [NetMuon3]:56991 [NetMuon4]:57380
[Run]:23248 [Site]:4 [Bin]:2400 [FullTime]:3600 [SkipTime]:0 [Veto1]:75.6036 [Veto2]:65.9238 [Veto3]:60.8503 [Veto4]:46.5522 [SgUp1]:70886 [SgUp2]:72581 [SgUp3]:72918 [SgUp4]:0 [SgLow1]:70861 [SgLow2]:72551 [SgLow3]:72874 [SgLow4]:0 [NetMuon1]:57315 [NetMuon2]:57538 [NetMuon3]:57607 [NetMuon4]:57811
[Run]:23248 [Site]:4 [Bin]:2401 [FullTime]:3600 [SkipTime]:0 [Veto1]:67.5453 [Veto2]:68.5912 [Veto3]:71.493 [Veto4]:46.3574 [SgUp1]:70817 [SgUp2]:72159 [SgUp3]:72944 [SgUp4]:0 [SgLow1]:70784 [SgLow2]:72128 [SgLow3]:72917 [SgLow4]:0 [NetMuon1]:57205 [NetMuon2]:57195 [NetMuon3]:57153 [NetMuon4]:57553
[Run]:23248 [Site]:4 [Bin]:2402 [FullTime]:3600 [SkipTime]:0 [Veto1]:62.5783 [Veto2]:57.6515 [Veto3]:69.5579 [Veto4]:46.3498 [SgUp1]:71090 [SgUp2]:72473 [SgUp3]:73131 [SgUp4]:0 [SgLow1]:71074 [SgLow2]:72441 [SgLow3]:73104 [SgLow4]:0 [NetMuon1]:57257 [NetMuon2]:57352 [NetMuon3]:57208 [NetMuon4]:57549
[Run]:23248 [Site]:4 [Bin]:2403 [FullTime]:3600 [SkipTime]:0 [Veto1]:57.8786 [Veto2]:70.7566 [Veto3]:75.63 [Veto4]:46.5771 [SgUp1]:71203 [SgUp2]:72331 [SgUp3]:72202 [SgUp4]:0 [SgLow1]:71166 [SgLow2]:72290 [SgLow3]:72174 [SgLow4]:0 [NetMuon1]:57623 [NetMuon2]:57415 [NetMuon3]:57361 [NetMuon4]:57825
[Run]:23248 [Site]:4 [Bin]:2404 [FullTime]:3600 [SkipTime]:0 [Veto1]:66.3715 [Veto2]:62.6683 [Veto3]:72.5014 [Veto4]:46.4198 [SgUp1]:71091 [SgUp2]:72676 [SgUp3]:72782 [SgUp4]:0 [SgLow1]:71058 [SgLow2]:72635 [SgLow3]:72753 [SgLow4]:0 [NetMuon1]:57282 [NetMuon2]:57371 [NetMuon3]:57184 [NetMuon4]:57629
[Run]:23248 [Site]:4 [Bin]:2405 [FullTime]:3600 [SkipTime]:0 [Veto1]:66.4572 [Veto2]:71.435 [Veto3]:69.4487 [Veto4]:46.2893 [SgUp1]:70807 [SgUp2]:72083 [SgUp3]:73251 [SgUp4]:0 [SgLow1]:70765 [SgLow2]:72058 [SgLow3]:73211 [SgLow4]:0 [NetMuon1]:57170 [NetMuon2]:57072 [NetMuon3]:57110 [NetMuon4]:57478
[Run]:23248 [Site]:4 [Bin]:2406 [FullTime]:3600 [SkipTime]:0 [Veto1]:67.1999 [Veto2]:63.2521 [Veto3]:71.197 [Veto4]:46.0319 [SgUp1]:70628 [SgUp2]:72483 [SgUp3]:72534 [SgUp4]:0 [SgLow1]:70597 [SgLow2]:72438 [SgLow3]:72498 [SgLow4]:0 [NetMuon1]:56814 [NetMuon2]:56911 [NetMuon3]:56791 [NetMuon4]:57183
[Run]:23248 [Site]:4 [Bin]:2407 [FullTime]:3600 [SkipTime]:0 [Veto1]:68.6144 [Veto2]:68.5847 [Veto3]:70.49 [Veto4]:46.4179 [SgUp1]:70458 [SgUp2]:71951 [SgUp3]:72456 [SgUp4]:0 [SgLow1]:70426 [SgLow2]:71917 [SgLow3]:72412 [SgLow4]:0 [NetMuon1]:57300 [NetMuon2]:57230 [NetMuon3]:57239 [NetMuon4]:57643
[Run]:23248 [Site]:4 [Bin]:2408 [FullTime]:3600 [SkipTime]:0 [Veto1]:71.5748 [Veto2]:73.5643 [Veto3]:72.6166 [Veto4]:46.4643 [SgUp1]:70372 [SgUp2]:71695 [SgUp3]:72733 [SgUp4]:0 [SgLow1]:70329 [SgLow2]:71671 [SgLow3]:72705 [SgLow4]:0 [NetMuon1]:57314 [NetMuon2]:57268 [NetMuon3]:57309 [NetMuon4]:57728
[Run]:23248 [Site]:4 [Bin]:2409 [FullTime]:3600 [SkipTime]:0 [Veto1]:66.7843 [Veto2]:69.5709 [Veto3]:67.7487 [Veto4]:46.5647 [SgUp1]:70617 [SgUp2]:72355 [SgUp3]:72460 [SgUp4]:0 [SgLow1]:70600 [SgLow2]:72324 [SgLow3]:72420 [SgLow4]:0 [NetMuon1]:57503 [NetMuon2]:57435 [NetMuon3]:57513 [NetMuon4]:57828
[Run]:23248 [Site]:4 [Bin]:2410 [FullTime]:3600 [SkipTime]:0 [Veto1]:70.3752 [Veto2]:65.4194 [Veto3]:66.4058 [Veto4]:46.2253 [SgUp1]:71259 [SgUp2]:72309 [SgUp3]:72687 [SgUp4]:0 [SgLow1]:71247 [SgLow2]:72277 [SgLow3]:72642 [SgLow4]:0 [NetMuon1]:57049 [NetMuon2]:57098 [NetMuon3]:57087 [NetMuon4]:57417
[Run]:23248 [Site]:4 [Bin]:2411 [FullTime]:3600 [SkipTime]:0 [Veto1]:72.6083 [Veto2]:78.5761 [Veto3]:72.646 [Veto4]:46.5436 [SgUp1]:71188 [SgUp2]:71368 [SgUp3]:72465 [SgUp4]:0 [SgLow1]:71158 [SgLow2]:71319 [SgLow3]:72430 [SgLow4]:0 [NetMuon1]:57349 [NetMuon2]:57297 [NetMuon3]:57382 [NetMuon4]:57801
[Run]:23248 [Site]:4 [Bin]:2412 [FullTime]:3599.99 [SkipTime]:0 [Veto1]:68.8606 [Veto2]:68.8194 [Veto3]:76.6992 [Veto4]:46.6666 [SgUp1]:70588 [SgUp2]:71634 [SgUp3]:73058 [SgUp4]:0 [SgLow1]:70564 [SgLow2]:71614 [SgLow3]:73023 [SgLow4]:0 [NetMuon1]:57596 [NetMuon2]:57561 [NetMuon3]:57425 [NetMuon4]:57929
[Run]:23248 [Site]:4 [Bin]:2413 [FullTime]:3600 [SkipTime]:0 [Veto1]:61.3915 [Veto2]:69.2963 [Veto3]:71.2087 [Veto4]:46.1182 [SgUp1]:70490 [SgUp2]:72550 [SgUp3]:72635 [SgUp4]:0 [SgLow1]:70455 [SgLow2]:72519 [SgLow3]:72608 [SgLow4]:0 [NetMuon1]:57004 [NetMuon2]:56890 [NetMuon3]:56852 [NetMuon4]:57270
[Run]:23248 [Site]:4 [Bin]:2414 [FullTime]:3600 [SkipTime]:0 [Veto1]:61.4437 [Veto2]:62.4092 [Veto3]:78.1691 [Veto4]:46.1502 [SgUp1]:70786 [SgUp2]:72334 [SgUp3]:72730 [SgUp4]:0 [SgLow1]:70751 [SgLow2]:72313 [SgLow3]:72705 [SgLow4]:0 [NetMuon1]:57073 [NetMuon2]:57068 [NetMuon3]:56808 [NetMuon4]:57323
[Run]:23248 [Site]:4 [Bin]:2415 [FullTime]:3600 [SkipTime]:0 [Veto1]:73.325 [Veto2]:72.1025 [Veto3]:74.3551 [Veto4]:46.2507 [SgUp1]:70433 [SgUp2]:72006 [SgUp3]:72712 [SgUp4]:0 [SgLow1]:70393 [SgLow2]:71973 [SgLow3]:72681 [SgLow4]:0 [NetMuon1]:56981 [NetMuon2]:57015 [NetMuon3]:56967 [NetMuon4]:57427
[Run]:23248 [Site]:4 [Bin]:2416 [FullTime]:3600 [SkipTime]:0 [Veto1]:62.0918 [Veto2]:69.9471 [Veto3]:72.1916 [Veto4]:45.8355 [SgUp1]:71010 [SgUp2]:72089 [SgUp3]:72963 [SgUp4]:0 [SgLow1]:70985 [SgLow2]:72055 [SgLow3]:72927 [SgLow4]:0 [NetMuon1]:56636 [NetMuon2]:56510 [NetMuon3]:56505 [NetMuon4]:56901
[Run]:23248 [Site]:4 [Bin]:2417 [FullTime]:3600 [SkipTime]:0 [Veto1]:60.3414 [Veto2]:61.3157 [Veto3]:64.2941 [Veto4]:46.0539 [SgUp1]:70518 [SgUp2]:72923 [SgUp3]:72963 [SgUp4]:0 [SgLow1]:70486 [SgLow2]:72890 [SgLow3]:72932 [SgLow4]:0 [NetMuon1]:56991 [NetMuon2]:56957 [NetMuon3]:56925 [NetMuon4]:57206
[Run]:23248 [Site]:4 [Bin]:2418 [FullTime]:3600 [SkipTime]:0 [Veto1]:68.8752 [Veto2]:70.8952 [Veto3]:70.8607 [Veto4]:46.6939 [SgUp1]:70850 [SgUp2]:72832 [SgUp3]:73037 [SgUp4]:0 [SgLow1]:70814 [SgLow2]:72794 [SgLow3]:72993 [SgLow4]:0 [NetMuon1]:57617 [NetMuon2]:57601 [NetMuon3]:57598 [NetMuon4]:57968
[Run]:23248 [Site]:4 [Bin]:2419 [FullTime]:3600 [SkipTime]:0 [Veto1]:70.1937 [Veto2]:62.286 [Veto3]:69.1522 [Veto4]:47.0086 [SgUp1]:70434 [SgUp2]:72460 [SgUp3]:72409 [SgUp4]:0 [SgLow1]:70396 [SgLow2]:72431 [SgLow3]:72377 [SgLow4]:0 [NetMuon1]:57979 [NetMuon2]:58127 [NetMuon3]:58009 [NetMuon4]:58367
[Run]:23248 [Site]:4 [Bin]:2420 [FullTime]:3600 [SkipTime]:0 [Veto1]:73.0045 [Veto2]:64.0582 [Veto3]:64.1064 [Veto4]:46.8471 [SgUp1]:70389 [SgUp2]:72766 [SgUp3]:72499 [SgUp4]:0 [SgLow1]:70348 [SgLow2]:72735 [SgLow3]:72468 [SgLow4]:0 [NetMuon1]:57713 [NetMuon2]:57884 [NetMuon3]:57917 [NetMuon4]:58154
[Run]:23248 [Site]:4 [Bin]:2421 [FullTime]:3600 [SkipTime]:0 [Veto1]:67.1387 [Veto2]:66.2104 [Veto3]:70.0444 [Veto4]:46.9432 [SgUp1]:71293 [SgUp2]:72523 [SgUp3]:72612 [SgUp4]:0 [SgLow1]:71258 [SgLow2]:72496 [SgLow3]:72585 [SgLow4]:0 [NetMuon1]:57944 [NetMuon2]:57976 [NetMuon3]:57875 [NetMuon4]:58281
[Run]:23248 [Site]:4 [Bin]:2422 [FullTime]:3600 [SkipTime]:0 [Veto1]:68.8197 [Veto2]:67.814 [Veto3]:78.693 [Veto4]:46.6253 [SgUp1]:70748 [SgUp2]:72361 [SgUp3]:72599 [SgUp4]:0 [SgLow1]:70712 [SgLow2]:72318 [SgLow3]:72564 [SgLow4]:0 [NetMuon1]:57563 [NetMuon2]:57545 [NetMuon3]:57391 [NetMuon4]:57898
[Run]:23248 [Site]:4 [Bin]:2423 [FullTime]:3600 [SkipTime]:0 [Veto1]:64.8443 [Veto2]:65.8511 [Veto3]:73.7393 [Veto4]:46.6472 [SgUp1]:70931 [SgUp2]:72806 [SgUp3]:72013 [SgUp4]:0 [SgLow1]:70901 [SgLow2]:72762 [SgLow3]:71994 [SgLow4]:0 [NetMuon1]:57605 [NetMuon2]:57568 [NetMuon3]:57477 [NetMuon4]:57898
[Run]:23248 [Site]:4 [Bin]:2424 [FullTime]:3600 [SkipTime]:0 [Veto1]:71.2849 [Veto2]:60.4304 [Veto3]:69.3158 [Veto4]:47.1484 [SgUp1]:70802 [SgUp2]:72296 [SgUp3]:72825 [SgUp4]:0 [SgLow1]:70771 [SgLow2]:72253 [SgLow3]:72783 [SgLow4]:0 [NetMuon1]:58170 [NetMuon2]:58335 [NetMuon3]:58212 [NetMuon4]:58555
End process Run: 23248 ... 
[Run]:23248 [Site]:4 [Bin]:2425 [FullTime]:158.443 [SkipTime]:0 [Veto1]:4.09851 [Veto2]:2.1275 [Veto3]:2.13387 [Veto4]:2.06332
