StreamChain add 0x37a25a0
Start to process run: 23258 ... 
[Run]:23258 [Site]:4 [Bin]:2425 [FullTime]:2357.05 [SkipTime]:0 [Veto1]:48.3166 [Veto2]:42.3517 [Veto3]:38.4324 [Veto4]:29.5901 [SgUp1]:46785 [SgUp2]:47802 [SgUp3]:48320 [SgUp4]:0 [SgLow1]:46772 [SgLow2]:47779 [SgLow3]:48310 [SgLow4]:0 [NetMuon1]:36473 [NetMuon2]:36554 [NetMuon3]:36630 [NetMuon4]:36765
[Run]:23258 [Site]:4 [Bin]:2426 [FullTime]:3600 [SkipTime]:0 [Veto1]:69.3363 [Veto2]:73.3133 [Veto3]:81.1944 [Veto4]:46.1933 [SgUp1]:70877 [SgUp2]:72971 [SgUp3]:72713 [SgUp4]:0 [SgLow1]:70841 [SgLow2]:72936 [SgLow3]:72678 [SgLow4]:0 [NetMuon1]:56986 [NetMuon2]:56916 [NetMuon3]:56787 [NetMuon4]:57368
[Run]:23258 [Site]:4 [Bin]:2427 [FullTime]:3600 [SkipTime]:0 [Veto1]:64.0353 [Veto2]:63.9904 [Veto3]:83.7101 [Veto4]:45.7891 [SgUp1]:71382 [SgUp2]:72764 [SgUp3]:72925 [SgUp4]:0 [SgLow1]:71354 [SgLow2]:72735 [SgLow3]:72896 [SgLow4]:0 [NetMuon1]:56611 [NetMuon2]:56574 [NetMuon3]:56240 [NetMuon4]:56874
[Run]:23258 [Site]:4 [Bin]:2428 [FullTime]:3600 [SkipTime]:0 [Veto1]:65.7691 [Veto2]:58.8402 [Veto3]:65.7179 [Veto4]:46.521 [SgUp1]:70697 [SgUp2]:72841 [SgUp3]:73712 [SgUp4]:0 [SgLow1]:70650 [SgLow2]:72805 [SgLow3]:73682 [SgLow4]:0 [NetMuon1]:57488 [NetMuon2]:57580 [NetMuon3]:57477 [NetMuon4]:57780
[Run]:23258 [Site]:4 [Bin]:2429 [FullTime]:3600 [SkipTime]:0 [Veto1]:67.3943 [Veto2]:63.4177 [Veto3]:77.221 [Veto4]:46.1622 [SgUp1]:70666 [SgUp2]:72554 [SgUp3]:73328 [SgUp4]:0 [SgLow1]:70641 [SgLow2]:72522 [SgLow3]:73291 [SgLow4]:0 [NetMuon1]:56967 [NetMuon2]:57057 [NetMuon3]:56806 [NetMuon4]:57309
[Run]:23258 [Site]:4 [Bin]:2430 [FullTime]:3600 [SkipTime]:0 [Veto1]:70.6825 [Veto2]:66.2799 [Veto3]:68.2167 [Veto4]:46.0795 [SgUp1]:71311 [SgUp2]:72687 [SgUp3]:73576 [SgUp4]:0 [SgLow1]:71275 [SgLow2]:72658 [SgLow3]:73547 [SgLow4]:0 [NetMuon1]:56798 [NetMuon2]:56903 [NetMuon3]:56859 [NetMuon4]:57207
[Run]:23258 [Site]:4 [Bin]:2431 [FullTime]:3600 [SkipTime]:0 [Veto1]:70.4303 [Veto2]:66.5128 [Veto3]:70.3744 [Veto4]:46.2751 [SgUp1]:71224 [SgUp2]:72935 [SgUp3]:73812 [SgUp4]:0 [SgLow1]:71189 [SgLow2]:72909 [SgLow3]:73796 [SgLow4]:0 [NetMuon1]:57083 [NetMuon2]:57160 [NetMuon3]:57046 [NetMuon4]:57480
[Run]:23258 [Site]:4 [Bin]:2432 [FullTime]:3600 [SkipTime]:0 [Veto1]:75.3364 [Veto2]:69.6881 [Veto3]:69.725 [Veto4]:46.5526 [SgUp1]:70997 [SgUp2]:72933 [SgUp3]:73050 [SgUp4]:0 [SgLow1]:70972 [SgLow2]:72901 [SgLow3]:73029 [SgLow4]:0 [NetMuon1]:57321 [NetMuon2]:57408 [NetMuon3]:57468 [NetMuon4]:57812
[Run]:23258 [Site]:4 [Bin]:2433 [FullTime]:3600 [SkipTime]:0 [Veto1]:73.8388 [Veto2]:79.6983 [Veto3]:70.8307 [Veto4]:46.7128 [SgUp1]:70706 [SgUp2]:72059 [SgUp3]:72900 [SgUp4]:0 [SgLow1]:70671 [SgLow2]:72034 [SgLow3]:72875 [SgLow4]:0 [NetMuon1]:57579 [NetMuon2]:57472 [NetMuon3]:57636 [NetMuon4]:58012
[Run]:23258 [Site]:4 [Bin]:2434 [FullTime]:3600 [SkipTime]:0 [Veto1]:63.105 [Veto2]:74.7048 [Veto3]:61.9312 [Veto4]:46.6105 [SgUp1]:71404 [SgUp2]:72376 [SgUp3]:73618 [SgUp4]:0 [SgLow1]:71381 [SgLow2]:72340 [SgLow3]:73585 [SgLow4]:0 [NetMuon1]:57611 [NetMuon2]:57410 [NetMuon3]:57649 [NetMuon4]:57879
[Run]:23258 [Site]:4 [Bin]:2435 [FullTime]:3600 [SkipTime]:0 [Veto1]:57.5627 [Veto2]:66.4398 [Veto3]:70.3571 [Veto4]:46.2627 [SgUp1]:70752 [SgUp2]:72651 [SgUp3]:73101 [SgUp4]:0 [SgLow1]:70726 [SgLow2]:72619 [SgLow3]:73057 [SgLow4]:0 [NetMuon1]:57257 [NetMuon2]:57076 [NetMuon3]:57019 [NetMuon4]:57434
[Run]:23258 [Site]:4 [Bin]:2436 [FullTime]:3600 [SkipTime]:0 [Veto1]:67.113 [Veto2]:64.1648 [Veto3]:70.0162 [Veto4]:46.8789 [SgUp1]:70796 [SgUp2]:72752 [SgUp3]:73192 [SgUp4]:0 [SgLow1]:70764 [SgLow2]:72711 [SgLow3]:73173 [SgLow4]:0 [NetMuon1]:57906 [NetMuon2]:57961 [NetMuon3]:57845 [NetMuon4]:58217
[Run]:23258 [Site]:4 [Bin]:2437 [FullTime]:3600 [SkipTime]:0 [Veto1]:60.8655 [Veto2]:65.8119 [Veto3]:64.7941 [Veto4]:46.5956 [SgUp1]:70829 [SgUp2]:72825 [SgUp3]:72390 [SgUp4]:0 [SgLow1]:70808 [SgLow2]:72803 [SgLow3]:72359 [SgLow4]:0 [NetMuon1]:57636 [NetMuon2]:57552 [NetMuon3]:57560 [NetMuon4]:57857
[Run]:23258 [Site]:4 [Bin]:2438 [FullTime]:3600 [SkipTime]:0 [Veto1]:69.6086 [Veto2]:72.6155 [Veto3]:59.9546 [Veto4]:46.4851 [SgUp1]:70869 [SgUp2]:72708 [SgUp3]:72750 [SgUp4]:0 [SgLow1]:70830 [SgLow2]:72669 [SgLow3]:72711 [SgLow4]:0 [NetMuon1]:57353 [NetMuon2]:57325 [NetMuon3]:57501 [NetMuon4]:57752
[Run]:23258 [Site]:4 [Bin]:2439 [FullTime]:3600 [SkipTime]:0 [Veto1]:74.3584 [Veto2]:63.5601 [Veto3]:79.315 [Veto4]:46.3249 [SgUp1]:70460 [SgUp2]:73043 [SgUp3]:72459 [SgUp4]:0 [SgLow1]:70428 [SgLow2]:73020 [SgLow3]:72422 [SgLow4]:0 [NetMuon1]:57007 [NetMuon2]:57211 [NetMuon3]:56953 [NetMuon4]:57505
[Run]:23258 [Site]:4 [Bin]:2440 [FullTime]:3600 [SkipTime]:0 [Veto1]:64.4904 [Veto2]:67.3257 [Veto3]:66.4459 [Veto4]:46.2514 [SgUp1]:70190 [SgUp2]:72304 [SgUp3]:72504 [SgUp4]:0 [SgLow1]:70162 [SgLow2]:72267 [SgLow3]:72452 [SgLow4]:0 [NetMuon1]:57082 [NetMuon2]:57084 [NetMuon3]:57089 [NetMuon4]:57401
[Run]:23258 [Site]:4 [Bin]:2441 [FullTime]:3600 [SkipTime]:0 [Veto1]:64.5258 [Veto2]:64.5539 [Veto3]:74.4182 [Veto4]:46.3262 [SgUp1]:71004 [SgUp2]:72757 [SgUp3]:72023 [SgUp4]:0 [SgLow1]:70987 [SgLow2]:72724 [SgLow3]:71982 [SgLow4]:0 [NetMuon1]:57211 [NetMuon2]:57250 [NetMuon3]:57089 [NetMuon4]:57525
[Run]:23258 [Site]:4 [Bin]:2442 [FullTime]:3600 [SkipTime]:0 [Veto1]:73.3376 [Veto2]:69.4126 [Veto3]:74.3991 [Veto4]:46.2603 [SgUp1]:70721 [SgUp2]:72967 [SgUp3]:72691 [SgUp4]:0 [SgLow1]:70694 [SgLow2]:72946 [SgLow3]:72669 [SgLow4]:0 [NetMuon1]:56968 [NetMuon2]:57041 [NetMuon3]:56980 [NetMuon4]:57426
[Run]:23258 [Site]:4 [Bin]:2443 [FullTime]:3600 [SkipTime]:0 [Veto1]:66.2592 [Veto2]:73.7617 [Veto3]:66.7728 [Veto4]:45.6185 [SgUp1]:70652 [SgUp2]:72777 [SgUp3]:72545 [SgUp4]:0 [SgLow1]:70620 [SgLow2]:72752 [SgLow3]:72515 [SgLow4]:0 [NetMuon1]:56316 [NetMuon2]:56238 [NetMuon3]:56279 [NetMuon4]:56652
[Run]:23258 [Site]:4 [Bin]:2444 [FullTime]:3600 [SkipTime]:0 [Veto1]:64.1788 [Veto2]:61.1812 [Veto3]:74.0723 [Veto4]:45.9311 [SgUp1]:71062 [SgUp2]:73002 [SgUp3]:72407 [SgUp4]:0 [SgLow1]:71037 [SgLow2]:72963 [SgLow3]:72371 [SgLow4]:0 [NetMuon1]:56721 [NetMuon2]:56768 [NetMuon3]:56569 [NetMuon4]:57024
[Run]:23258 [Site]:4 [Bin]:2445 [FullTime]:3600 [SkipTime]:0 [Veto1]:68.2445 [Veto2]:61.2652 [Veto3]:69.1792 [Veto4]:46.0276 [SgUp1]:71115 [SgUp2]:72634 [SgUp3]:72676 [SgUp4]:0 [SgLow1]:71091 [SgLow2]:72607 [SgLow3]:72647 [SgLow4]:0 [NetMuon1]:56816 [NetMuon2]:56904 [NetMuon3]:56793 [NetMuon4]:57153
[Run]:23258 [Site]:4 [Bin]:2446 [FullTime]:3600 [SkipTime]:0 [Veto1]:70.0295 [Veto2]:71.0029 [Veto3]:72.0071 [Veto4]:45.8645 [SgUp1]:71213 [SgUp2]:72722 [SgUp3]:72599 [SgUp4]:0 [SgLow1]:71182 [SgLow2]:72695 [SgLow3]:72575 [SgLow4]:0 [NetMuon1]:56569 [NetMuon2]:56517 [NetMuon3]:56519 [NetMuon4]:56945
[Run]:23258 [Site]:4 [Bin]:2447 [FullTime]:3600 [SkipTime]:0 [Veto1]:70.4326 [Veto2]:65.7129 [Veto3]:67.6461 [Veto4]:45.4803 [SgUp1]:71274 [SgUp2]:72262 [SgUp3]:72758 [SgUp4]:0 [SgLow1]:71247 [SgLow2]:72216 [SgLow3]:72728 [SgLow4]:0 [NetMuon1]:56098 [NetMuon2]:56175 [NetMuon3]:56128 [NetMuon4]:56479
[Run]:23258 [Site]:4 [Bin]:2448 [FullTime]:3600 [SkipTime]:0 [Veto1]:62.8679 [Veto2]:65.8568 [Veto3]:66.1495 [Veto4]:45.641 [SgUp1]:70631 [SgUp2]:72558 [SgUp3]:72598 [SgUp4]:0 [SgLow1]:70605 [SgLow2]:72534 [SgLow3]:72558 [SgLow4]:0 [NetMuon1]:56389 [NetMuon2]:56353 [NetMuon3]:56352 [NetMuon4]:56672
[Run]:23258 [Site]:4 [Bin]:2449 [FullTime]:3600 [SkipTime]:0 [Veto1]:64.425 [Veto2]:67.3221 [Veto3]:64.097 [Veto4]:45.8471 [SgUp1]:71398 [SgUp2]:72712 [SgUp3]:72343 [SgUp4]:0 [SgLow1]:71361 [SgLow2]:72678 [SgLow3]:72290 [SgLow4]:0 [NetMuon1]:56656 [NetMuon2]:56609 [NetMuon3]:56659 [NetMuon4]:56951
[Run]:23258 [Site]:4 [Bin]:2450 [FullTime]:3600 [SkipTime]:0 [Veto1]:73.1566 [Veto2]:64.2663 [Veto3]:66.2706 [Veto4]:46.058 [SgUp1]:70385 [SgUp2]:72272 [SgUp3]:72394 [SgUp4]:0 [SgLow1]:70349 [SgLow2]:72245 [SgLow3]:72359 [SgLow4]:0 [NetMuon1]:56746 [NetMuon2]:56871 [NetMuon3]:56887 [NetMuon4]:57182
[Run]:23258 [Site]:4 [Bin]:2451 [FullTime]:3600 [SkipTime]:0 [Veto1]:65.5178 [Veto2]:67.5479 [Veto3]:67.5434 [Veto4]:46.3268 [SgUp1]:70325 [SgUp2]:72324 [SgUp3]:72050 [SgUp4]:0 [SgLow1]:70290 [SgLow2]:72290 [SgLow3]:72013 [SgLow4]:0 [NetMuon1]:57207 [NetMuon2]:57182 [NetMuon3]:57207 [NetMuon4]:57523
[Run]:23258 [Site]:4 [Bin]:2452 [FullTime]:3600 [SkipTime]:0 [Veto1]:69.8653 [Veto2]:60.0268 [Veto3]:65.9162 [Veto4]:45.6875 [SgUp1]:71313 [SgUp2]:72807 [SgUp3]:72861 [SgUp4]:0 [SgLow1]:71281 [SgLow2]:72780 [SgLow3]:72825 [SgLow4]:0 [NetMuon1]:56352 [NetMuon2]:56509 [NetMuon3]:56433 [NetMuon4]:56740
[Run]:23258 [Site]:4 [Bin]:2453 [FullTime]:3600 [SkipTime]:0 [Veto1]:63.2795 [Veto2]:66.1938 [Veto3]:67.2147 [Veto4]:46.0167 [SgUp1]:70268 [SgUp2]:72720 [SgUp3]:72488 [SgUp4]:0 [SgLow1]:70228 [SgLow2]:72696 [SgLow3]:72450 [SgLow4]:0 [NetMuon1]:56890 [NetMuon2]:56797 [NetMuon3]:56784 [NetMuon4]:57135
[Run]:23258 [Site]:4 [Bin]:2454 [FullTime]:3600 [SkipTime]:0 [Veto1]:75.4128 [Veto2]:67.0304 [Veto3]:69.022 [Veto4]:45.8281 [SgUp1]:70129 [SgUp2]:72678 [SgUp3]:71922 [SgUp4]:0 [SgLow1]:70093 [SgLow2]:72649 [SgLow3]:71896 [SgLow4]:0 [NetMuon1]:56413 [NetMuon2]:56532 [NetMuon3]:56536 [NetMuon4]:56891
[Run]:23258 [Site]:4 [Bin]:2455 [FullTime]:3600 [SkipTime]:0 [Veto1]:76.9921 [Veto2]:63.265 [Veto3]:59.2465 [Veto4]:45.9752 [SgUp1]:70661 [SgUp2]:72387 [SgUp3]:72610 [SgUp4]:0 [SgLow1]:70640 [SgLow2]:72366 [SgLow3]:72580 [SgLow4]:0 [NetMuon1]:56581 [NetMuon2]:56845 [NetMuon3]:56871 [NetMuon4]:57084
[Run]:23258 [Site]:4 [Bin]:2456 [FullTime]:3600 [SkipTime]:0 [Veto1]:71.5202 [Veto2]:69.602 [Veto3]:69.5272 [Veto4]:46.4199 [SgUp1]:71065 [SgUp2]:72135 [SgUp3]:72054 [SgUp4]:0 [SgLow1]:71041 [SgLow2]:72095 [SgLow3]:72021 [SgLow4]:0 [NetMuon1]:57226 [NetMuon2]:57267 [NetMuon3]:57288 [NetMuon4]:57655
[Run]:23258 [Site]:4 [Bin]:2457 [FullTime]:3600 [SkipTime]:0 [Veto1]:61.7074 [Veto2]:66.6528 [Veto3]:72.5704 [Veto4]:46.4488 [SgUp1]:70795 [SgUp2]:72241 [SgUp3]:71997 [SgUp4]:0 [SgLow1]:70762 [SgLow2]:72210 [SgLow3]:71981 [SgLow4]:0 [NetMuon1]:57450 [NetMuon2]:57370 [NetMuon3]:57250 [NetMuon4]:57678
[Run]:23258 [Site]:4 [Bin]:2458 [FullTime]:3600 [SkipTime]:0 [Veto1]:78.2898 [Veto2]:62.6055 [Veto3]:67.4948 [Veto4]:46.314 [SgUp1]:70363 [SgUp2]:72316 [SgUp3]:72274 [SgUp4]:0 [SgLow1]:70341 [SgLow2]:72272 [SgLow3]:72237 [SgLow4]:0 [NetMuon1]:56916 [NetMuon2]:57232 [NetMuon3]:57125 [NetMuon4]:57487
[Run]:23258 [Site]:4 [Bin]:2459 [FullTime]:3600 [SkipTime]:0 [Veto1]:65.5224 [Veto2]:66.5357 [Veto3]:76.2892 [Veto4]:46.2771 [SgUp1]:70959 [SgUp2]:72632 [SgUp3]:71610 [SgUp4]:0 [SgLow1]:70939 [SgLow2]:72598 [SgLow3]:71598 [SgLow4]:0 [NetMuon1]:57142 [NetMuon2]:57127 [NetMuon3]:56926 [NetMuon4]:57452
[Run]:23258 [Site]:4 [Bin]:2460 [FullTime]:3600 [SkipTime]:0 [Veto1]:64.9983 [Veto2]:74.8754 [Veto3]:77.801 [Veto4]:45.8035 [SgUp1]:70284 [SgUp2]:71946 [SgUp3]:72350 [SgUp4]:0 [SgLow1]:70267 [SgLow2]:71915 [SgLow3]:72315 [SgLow4]:0 [NetMuon1]:56574 [NetMuon2]:56387 [NetMuon3]:56323 [NetMuon4]:56851
[Run]:23258 [Site]:4 [Bin]:2461 [FullTime]:3600 [SkipTime]:0 [Veto1]:63.1412 [Veto2]:67.0818 [Veto3]:65.0929 [Veto4]:45.9166 [SgUp1]:70945 [SgUp2]:71829 [SgUp3]:71952 [SgUp4]:0 [SgLow1]:70916 [SgLow2]:71800 [SgLow3]:71924 [SgLow4]:0 [NetMuon1]:56746 [NetMuon2]:56653 [NetMuon3]:56732 [NetMuon4]:57023
[Run]:23258 [Site]:4 [Bin]:2462 [FullTime]:3600 [SkipTime]:0 [Veto1]:73.0685 [Veto2]:67.1584 [Veto3]:72.0607 [Veto4]:45.9608 [SgUp1]:70389 [SgUp2]:71995 [SgUp3]:72265 [SgUp4]:0 [SgLow1]:70355 [SgLow2]:71948 [SgLow3]:72229 [SgLow4]:0 [NetMuon1]:56689 [NetMuon2]:56772 [NetMuon3]:56670 [NetMuon4]:57103
[Run]:23258 [Site]:4 [Bin]:2463 [FullTime]:3600 [SkipTime]:0 [Veto1]:63.533 [Veto2]:68.5193 [Veto3]:69.4525 [Veto4]:46.3056 [SgUp1]:70626 [SgUp2]:72235 [SgUp3]:71948 [SgUp4]:0 [SgLow1]:70610 [SgLow2]:72204 [SgLow3]:71907 [SgLow4]:0 [NetMuon1]:57215 [NetMuon2]:57153 [NetMuon3]:57132 [NetMuon4]:57495
[Run]:23258 [Site]:4 [Bin]:2464 [FullTime]:3600 [SkipTime]:0 [Veto1]:68.3467 [Veto2]:70.3567 [Veto3]:69.3141 [Veto4]:46.2027 [SgUp1]:71025 [SgUp2]:72195 [SgUp3]:71939 [SgUp4]:0 [SgLow1]:70977 [SgLow2]:72170 [SgLow3]:71920 [SgLow4]:0 [NetMuon1]:57031 [NetMuon2]:57001 [NetMuon3]:57014 [NetMuon4]:57398
[Run]:23258 [Site]:4 [Bin]:2465 [FullTime]:3600.01 [SkipTime]:0 [Veto1]:72.0879 [Veto2]:70.1334 [Veto3]:66.1661 [Veto4]:45.9631 [SgUp1]:70530 [SgUp2]:72058 [SgUp3]:72620 [SgUp4]:0 [SgLow1]:70500 [SgLow2]:72025 [SgLow3]:72570 [SgLow4]:0 [NetMuon1]:56648 [NetMuon2]:56698 [NetMuon3]:56762 [NetMuon4]:57070
[Run]:23258 [Site]:4 [Bin]:2466 [FullTime]:3600 [SkipTime]:0 [Veto1]:70.0589 [Veto2]:69.1267 [Veto3]:70.0777 [Veto4]:45.9261 [SgUp1]:70594 [SgUp2]:72366 [SgUp3]:72512 [SgUp4]:0 [SgLow1]:70551 [SgLow2]:72333 [SgLow3]:72475 [SgLow4]:0 [NetMuon1]:56670 [NetMuon2]:56667 [NetMuon3]:56664 [NetMuon4]:57021
[Run]:23258 [Site]:4 [Bin]:2467 [FullTime]:3600 [SkipTime]:0 [Veto1]:67.1707 [Veto2]:69.1512 [Veto3]:70.1069 [Veto4]:45.9963 [SgUp1]:70762 [SgUp2]:72852 [SgUp3]:72713 [SgUp4]:0 [SgLow1]:70731 [SgLow2]:72827 [SgLow3]:72687 [SgLow4]:0 [NetMuon1]:56769 [NetMuon2]:56704 [NetMuon3]:56693 [NetMuon4]:57095
[Run]:23258 [Site]:4 [Bin]:2468 [FullTime]:3600 [SkipTime]:0 [Veto1]:64.2123 [Veto2]:63.274 [Veto3]:70.4342 [Veto4]:45.9832 [SgUp1]:70867 [SgUp2]:72417 [SgUp3]:73498 [SgUp4]:0 [SgLow1]:70842 [SgLow2]:72382 [SgLow3]:73466 [SgLow4]:0 [NetMuon1]:56816 [NetMuon2]:56839 [NetMuon3]:56715 [NetMuon4]:57109
[Run]:23258 [Site]:4 [Bin]:2469 [FullTime]:3600 [SkipTime]:0 [Veto1]:67.3544 [Veto2]:65.4158 [Veto3]:74.3149 [Veto4]:46.1951 [SgUp1]:70702 [SgUp2]:72455 [SgUp3]:73097 [SgUp4]:0 [SgLow1]:70658 [SgLow2]:72424 [SgLow3]:73072 [SgLow4]:0 [NetMuon1]:57057 [NetMuon2]:57097 [NetMuon3]:56941 [NetMuon4]:57389
[Run]:23258 [Site]:4 [Bin]:2470 [FullTime]:3600 [SkipTime]:0 [Veto1]:66.9346 [Veto2]:65.9208 [Veto3]:66.9582 [Veto4]:46.7524 [SgUp1]:71353 [SgUp2]:72316 [SgUp3]:72698 [SgUp4]:0 [SgLow1]:71334 [SgLow2]:72289 [SgLow3]:72667 [SgLow4]:0 [NetMuon1]:57690 [NetMuon2]:57717 [NetMuon3]:57706 [NetMuon4]:58045
[Run]:23258 [Site]:4 [Bin]:2471 [FullTime]:3600.01 [SkipTime]:0 [Veto1]:67.0609 [Veto2]:64.1912 [Veto3]:61.1718 [Veto4]:46.8876 [SgUp1]:70678 [SgUp2]:72141 [SgUp3]:73541 [SgUp4]:0 [SgLow1]:70653 [SgLow2]:72100 [SgLow3]:73510 [SgLow4]:0 [NetMuon1]:57877 [NetMuon2]:57985 [NetMuon3]:58023 [NetMuon4]:58234
[Run]:23258 [Site]:4 [Bin]:2472 [FullTime]:3599.99 [SkipTime]:0 [Veto1]:63.6952 [Veto2]:67.6369 [Veto3]:72.6729 [Veto4]:46.4834 [SgUp1]:71081 [SgUp2]:72626 [SgUp3]:72446 [SgUp4]:0 [SgLow1]:71032 [SgLow2]:72591 [SgLow3]:72408 [SgLow4]:0 [NetMuon1]:57463 [NetMuon2]:57375 [NetMuon3]:57352 [NetMuon4]:57730
End process Run: 23258 ... 
[Run]:23258 [Site]:4 [Bin]:2473 [FullTime]:897.248 [SkipTime]:0 [Veto1]:15.8754 [Veto2]:15.8728 [Veto3]:17.8642 [Veto4]:11.5679
