StreamChain add 0x65bb070
Start to process run: 24611 ... 
[Run]:24611 [Site]:4 [Bin]:3239 [FullTime]:354.631 [SkipTime]:0 [Veto1]:7.54851 [Veto2]:5.58254 [Veto3]:5.57897 [Veto4]:4.44956 [SgUp1]:6879 [SgUp2]:7057 [SgUp3]:7113 [SgUp4]:0 [SgLow1]:6877 [SgLow2]:7046 [SgLow3]:7111 [SgLow4]:0 [NetMuon1]:5489 [NetMuon2]:5514 [NetMuon3]:5511 [NetMuon4]:5528
[Run]:24611 [Site]:4 [Bin]:3240 [FullTime]:3600 [SkipTime]:0 [Veto1]:67.6803 [Veto2]:70.0566 [Veto3]:66.6857 [Veto4]:45.4773 [SgUp1]:70354 [SgUp2]:72137 [SgUp3]:72288 [SgUp4]:0 [SgLow1]:70329 [SgLow2]:72096 [SgLow3]:72264 [SgLow4]:0 [NetMuon1]:56160 [NetMuon2]:56082 [NetMuon3]:56158 [NetMuon4]:56489
[Run]:24611 [Site]:4 [Bin]:3241 [FullTime]:3600 [SkipTime]:0 [Veto1]:64.8583 [Veto2]:63.8542 [Veto3]:72.0764 [Veto4]:45.6101 [SgUp1]:70434 [SgUp2]:71248 [SgUp3]:72131 [SgUp4]:0 [SgLow1]:70415 [SgLow2]:71222 [SgLow3]:72106 [SgLow4]:0 [NetMuon1]:56306 [NetMuon2]:56325 [NetMuon3]:56242 [NetMuon4]:56634
[Run]:24611 [Site]:4 [Bin]:3242 [FullTime]:3600 [SkipTime]:0 [Veto1]:68.0683 [Veto2]:65.071 [Veto3]:63.1648 [Veto4]:45.8809 [SgUp1]:70114 [SgUp2]:72086 [SgUp3]:72212 [SgUp4]:0 [SgLow1]:70068 [SgLow2]:72049 [SgLow3]:72190 [SgLow4]:0 [NetMuon1]:56623 [NetMuon2]:56614 [NetMuon3]:56674 [NetMuon4]:56973
[Run]:24611 [Site]:4 [Bin]:3243 [FullTime]:3600 [SkipTime]:0 [Veto1]:67.7446 [Veto2]:66.742 [Veto3]:71.6427 [Veto4]:45.5335 [SgUp1]:70015 [SgUp2]:71718 [SgUp3]:71524 [SgUp4]:0 [SgLow1]:69981 [SgLow2]:71677 [SgLow3]:71493 [SgLow4]:0 [NetMuon1]:56177 [NetMuon2]:56188 [NetMuon3]:56112 [NetMuon4]:56530
[Run]:24611 [Site]:4 [Bin]:3244 [FullTime]:3600 [SkipTime]:0 [Veto1]:68.9654 [Veto2]:64.0425 [Veto3]:69.9374 [Veto4]:45.8377 [SgUp1]:69975 [SgUp2]:71681 [SgUp3]:72054 [SgUp4]:0 [SgLow1]:69942 [SgLow2]:71653 [SgLow3]:72019 [SgLow4]:0 [NetMuon1]:56529 [NetMuon2]:56588 [NetMuon3]:56510 [NetMuon4]:56904
[Run]:24611 [Site]:4 [Bin]:3245 [FullTime]:3600 [SkipTime]:0 [Veto1]:59.9559 [Veto2]:73.8198 [Veto3]:66.5341 [Veto4]:45.6741 [SgUp1]:70383 [SgUp2]:71927 [SgUp3]:71709 [SgUp4]:0 [SgLow1]:70340 [SgLow2]:71894 [SgLow3]:71659 [SgLow4]:0 [NetMuon1]:56497 [NetMuon2]:56253 [NetMuon3]:56409 [NetMuon4]:56712
[Run]:24611 [Site]:4 [Bin]:3246 [FullTime]:3600 [SkipTime]:0 [Veto1]:67.3543 [Veto2]:69.3086 [Veto3]:71.2754 [Veto4]:45.2125 [SgUp1]:70617 [SgUp2]:71471 [SgUp3]:71463 [SgUp4]:0 [SgLow1]:70587 [SgLow2]:71441 [SgLow3]:71431 [SgLow4]:0 [NetMuon1]:55770 [NetMuon2]:55745 [NetMuon3]:55722 [NetMuon4]:56153
[Run]:24611 [Site]:4 [Bin]:3247 [FullTime]:3600 [SkipTime]:0 [Veto1]:58.8794 [Veto2]:68.7912 [Veto3]:70.7754 [Veto4]:45.62 [SgUp1]:69974 [SgUp2]:71589 [SgUp3]:72142 [SgUp4]:0 [SgLow1]:69959 [SgLow2]:71561 [SgLow3]:72130 [SgLow4]:0 [NetMuon1]:56445 [NetMuon2]:56267 [NetMuon3]:56261 [NetMuon4]:56643
[Run]:24611 [Site]:4 [Bin]:3248 [FullTime]:3600 [SkipTime]:0 [Veto1]:69.915 [Veto2]:63.0518 [Veto3]:64.0082 [Veto4]:45.7828 [SgUp1]:69731 [SgUp2]:71675 [SgUp3]:71586 [SgUp4]:0 [SgLow1]:69702 [SgLow2]:71639 [SgLow3]:71560 [SgLow4]:0 [NetMuon1]:56500 [NetMuon2]:56607 [NetMuon3]:56603 [NetMuon4]:56882
[Run]:24611 [Site]:4 [Bin]:3249 [FullTime]:3600 [SkipTime]:0 [Veto1]:67.5074 [Veto2]:63.5129 [Veto3]:69.4905 [Veto4]:45.3204 [SgUp1]:69880 [SgUp2]:71922 [SgUp3]:71905 [SgUp4]:0 [SgLow1]:69858 [SgLow2]:71876 [SgLow3]:71874 [SgLow4]:0 [NetMuon1]:55964 [NetMuon2]:55971 [NetMuon3]:55899 [NetMuon4]:56265
[Run]:24611 [Site]:4 [Bin]:3250 [FullTime]:3600 [SkipTime]:0 [Veto1]:68.8708 [Veto2]:81.6428 [Veto3]:77.0573 [Veto4]:45.6725 [SgUp1]:70477 [SgUp2]:71632 [SgUp3]:71493 [SgUp4]:0 [SgLow1]:70449 [SgLow2]:71605 [SgLow3]:71464 [SgLow4]:0 [NetMuon1]:56332 [NetMuon2]:56145 [NetMuon3]:56243 [NetMuon4]:56725
[Run]:24611 [Site]:4 [Bin]:3251 [FullTime]:3600 [SkipTime]:0 [Veto1]:70.0685 [Veto2]:75.9628 [Veto3]:58.2422 [Veto4]:45.9361 [SgUp1]:70746 [SgUp2]:71796 [SgUp3]:72318 [SgUp4]:0 [SgLow1]:70718 [SgLow2]:71748 [SgLow3]:72289 [SgLow4]:0 [NetMuon1]:56597 [NetMuon2]:56507 [NetMuon3]:56822 [NetMuon4]:57020
[Run]:24611 [Site]:4 [Bin]:3252 [FullTime]:3600 [SkipTime]:0 [Veto1]:70.1487 [Veto2]:60.2562 [Veto3]:67.2242 [Veto4]:46.0018 [SgUp1]:69653 [SgUp2]:71733 [SgUp3]:72281 [SgUp4]:0 [SgLow1]:69611 [SgLow2]:71692 [SgLow3]:72255 [SgLow4]:0 [NetMuon1]:56754 [NetMuon2]:56886 [NetMuon3]:56795 [NetMuon4]:57128
[Run]:24611 [Site]:4 [Bin]:3253 [FullTime]:3600 [SkipTime]:0 [Veto1]:65.5217 [Veto2]:71.4377 [Veto3]:69.4212 [Veto4]:45.3118 [SgUp1]:70638 [SgUp2]:72026 [SgUp3]:72353 [SgUp4]:0 [SgLow1]:70599 [SgLow2]:71994 [SgLow3]:72325 [SgLow4]:0 [NetMuon1]:55962 [NetMuon2]:55884 [NetMuon3]:55875 [NetMuon4]:56264
[Run]:24611 [Site]:4 [Bin]:3254 [FullTime]:3600 [SkipTime]:0 [Veto1]:63.2973 [Veto2]:63.2735 [Veto3]:66.233 [Veto4]:46.0226 [SgUp1]:69998 [SgUp2]:71983 [SgUp3]:72043 [SgUp4]:0 [SgLow1]:69970 [SgLow2]:71939 [SgLow3]:72010 [SgLow4]:0 [NetMuon1]:56878 [NetMuon2]:56865 [NetMuon3]:56812 [NetMuon4]:57146
[Run]:24611 [Site]:4 [Bin]:3255 [FullTime]:3600 [SkipTime]:0 [Veto1]:67.824 [Veto2]:67.8242 [Veto3]:69.7897 [Veto4]:45.6579 [SgUp1]:69981 [SgUp2]:71762 [SgUp3]:71605 [SgUp4]:0 [SgLow1]:69965 [SgLow2]:71737 [SgLow3]:71583 [SgLow4]:0 [NetMuon1]:56338 [NetMuon2]:56344 [NetMuon3]:56328 [NetMuon4]:56722
[Run]:24611 [Site]:4 [Bin]:3256 [FullTime]:3600 [SkipTime]:0 [Veto1]:58.6408 [Veto2]:63.6029 [Veto3]:69.4959 [Veto4]:45.3449 [SgUp1]:70533 [SgUp2]:72052 [SgUp3]:72232 [SgUp4]:0 [SgLow1]:70494 [SgLow2]:72008 [SgLow3]:72215 [SgLow4]:0 [NetMuon1]:56136 [NetMuon2]:56071 [NetMuon3]:55961 [NetMuon4]:56337
[Run]:24611 [Site]:4 [Bin]:3257 [FullTime]:3600 [SkipTime]:0 [Veto1]:63.9938 [Veto2]:63.035 [Veto3]:66.0105 [Veto4]:45.7871 [SgUp1]:70399 [SgUp2]:72481 [SgUp3]:71797 [SgUp4]:0 [SgLow1]:70362 [SgLow2]:72444 [SgLow3]:71766 [SgLow4]:0 [NetMuon1]:56582 [NetMuon2]:56601 [NetMuon3]:56536 [NetMuon4]:56865
[Run]:24611 [Site]:4 [Bin]:3258 [FullTime]:3600 [SkipTime]:0 [Veto1]:56.6707 [Veto2]:68.5427 [Veto3]:70.406 [Veto4]:45.3514 [SgUp1]:70224 [SgUp2]:71793 [SgUp3]:71793 [SgUp4]:0 [SgLow1]:70201 [SgLow2]:71769 [SgLow3]:71761 [SgLow4]:0 [NetMuon1]:56120 [NetMuon2]:55941 [NetMuon3]:55889 [NetMuon4]:56307
[Run]:24611 [Site]:4 [Bin]:3259 [FullTime]:3600 [SkipTime]:0 [Veto1]:66.041 [Veto2]:69.7561 [Veto3]:63.0246 [Veto4]:45.8196 [SgUp1]:69915 [SgUp2]:71427 [SgUp3]:71963 [SgUp4]:0 [SgLow1]:69888 [SgLow2]:71394 [SgLow3]:71920 [SgLow4]:0 [NetMuon1]:56558 [NetMuon2]:56544 [NetMuon3]:56577 [NetMuon4]:56887
[Run]:24611 [Site]:4 [Bin]:3260 [FullTime]:2209.29 [SkipTime]:1390.71 [Veto1]:40.5856 [Veto2]:39.7842 [Veto3]:43.519 [Veto4]:27.8387 [SgUp1]:42722 [SgUp2]:43986 [SgUp3]:43747 [SgUp4]:0 [SgLow1]:42703 [SgLow2]:43962 [SgLow3]:43728 [SgLow4]:0 [NetMuon1]:34395 [NetMuon2]:34397 [NetMuon3]:34339 [NetMuon4]:34601
[Run]:24611 [Site]:4 [Bin]:3261 [FullTime]:3600 [SkipTime]:0 [Veto1]:58.5845 [Veto2]:66.5009 [Veto3]:76.948 [Veto4]:45.3039 [SgUp1]:70216 [SgUp2]:71630 [SgUp3]:71918 [SgUp4]:0 [SgLow1]:70184 [SgLow2]:71598 [SgLow3]:71877 [SgLow4]:0 [NetMuon1]:56005 [NetMuon2]:55897 [NetMuon3]:55714 [NetMuon4]:56232
[Run]:24611 [Site]:4 [Bin]:3262 [FullTime]:3600 [SkipTime]:0 [Veto1]:69.2277 [Veto2]:68.3565 [Veto3]:72.2046 [Veto4]:45.1255 [SgUp1]:69705 [SgUp2]:71748 [SgUp3]:72088 [SgUp4]:0 [SgLow1]:69677 [SgLow2]:71718 [SgLow3]:72046 [SgLow4]:0 [NetMuon1]:55678 [NetMuon2]:55721 [NetMuon3]:55648 [NetMuon4]:56060
[Run]:24611 [Site]:4 [Bin]:3263 [FullTime]:3600 [SkipTime]:0 [Veto1]:71.2571 [Veto2]:57.4743 [Veto3]:81.1846 [Veto4]:45.1835 [SgUp1]:69041 [SgUp2]:71548 [SgUp3]:71702 [SgUp4]:0 [SgLow1]:69010 [SgLow2]:71513 [SgLow3]:71677 [SgLow4]:0 [NetMuon1]:55685 [NetMuon2]:55908 [NetMuon3]:55572 [NetMuon4]:56114
[Run]:24611 [Site]:4 [Bin]:3264 [FullTime]:3600 [SkipTime]:0 [Veto1]:69.7629 [Veto2]:67.8026 [Veto3]:70.7664 [Veto4]:45.6326 [SgUp1]:69966 [SgUp2]:71672 [SgUp3]:71957 [SgUp4]:0 [SgLow1]:69936 [SgLow2]:71628 [SgLow3]:71923 [SgLow4]:0 [NetMuon1]:56255 [NetMuon2]:56303 [NetMuon3]:56240 [NetMuon4]:56660
[Run]:24611 [Site]:4 [Bin]:3265 [FullTime]:3600.01 [SkipTime]:0 [Veto1]:63.7691 [Veto2]:68.7177 [Veto3]:71.4744 [Veto4]:45.5037 [SgUp1]:70026 [SgUp2]:71548 [SgUp3]:71716 [SgUp4]:0 [SgLow1]:69990 [SgLow2]:71529 [SgLow3]:71691 [SgLow4]:0 [NetMuon1]:56230 [NetMuon2]:56176 [NetMuon3]:56159 [NetMuon4]:56539
[Run]:24611 [Site]:4 [Bin]:3266 [FullTime]:3599.99 [SkipTime]:0 [Veto1]:65.606 [Veto2]:69.5992 [Veto3]:58.7422 [Veto4]:45.4477 [SgUp1]:69938 [SgUp2]:71490 [SgUp3]:72113 [SgUp4]:0 [SgLow1]:69914 [SgLow2]:71469 [SgLow3]:72088 [SgLow4]:0 [NetMuon1]:56124 [NetMuon2]:56078 [NetMuon3]:56289 [NetMuon4]:56467
[Run]:24611 [Site]:4 [Bin]:3267 [FullTime]:3600 [SkipTime]:0 [Veto1]:69.4727 [Veto2]:67.5384 [Veto3]:66.4621 [Veto4]:45.3154 [SgUp1]:70417 [SgUp2]:71433 [SgUp3]:71064 [SgUp4]:0 [SgLow1]:70399 [SgLow2]:71415 [SgLow3]:71045 [SgLow4]:0 [NetMuon1]:55888 [NetMuon2]:55945 [NetMuon3]:55917 [NetMuon4]:56274
[Run]:24611 [Site]:4 [Bin]:3268 [FullTime]:3600 [SkipTime]:0 [Veto1]:70.8183 [Veto2]:72.7931 [Veto3]:63.8788 [Veto4]:45.6284 [SgUp1]:70618 [SgUp2]:72021 [SgUp3]:71688 [SgUp4]:0 [SgLow1]:70593 [SgLow2]:71994 [SgLow3]:71658 [SgLow4]:0 [NetMuon1]:56308 [NetMuon2]:56229 [NetMuon3]:56393 [NetMuon4]:56680
[Run]:24611 [Site]:4 [Bin]:3269 [FullTime]:3600 [SkipTime]:0 [Veto1]:68.7477 [Veto2]:70.7535 [Veto3]:76.5499 [Veto4]:45.6037 [SgUp1]:71015 [SgUp2]:71419 [SgUp3]:71466 [SgUp4]:0 [SgLow1]:70974 [SgLow2]:71391 [SgLow3]:71438 [SgLow4]:0 [NetMuon1]:56276 [NetMuon2]:56235 [NetMuon3]:56109 [NetMuon4]:56652
[Run]:24611 [Site]:4 [Bin]:3270 [FullTime]:3600 [SkipTime]:0 [Veto1]:59.5098 [Veto2]:67.4603 [Veto3]:64.4786 [Veto4]:45.2508 [SgUp1]:70559 [SgUp2]:71419 [SgUp3]:71473 [SgUp4]:0 [SgLow1]:70531 [SgLow2]:71377 [SgLow3]:71445 [SgLow4]:0 [NetMuon1]:55994 [NetMuon2]:55851 [NetMuon3]:55911 [NetMuon4]:56208
[Run]:24611 [Site]:4 [Bin]:3271 [FullTime]:3600 [SkipTime]:0 [Veto1]:66.4774 [Veto2]:66.4964 [Veto3]:61.4872 [Veto4]:45.2676 [SgUp1]:70507 [SgUp2]:71948 [SgUp3]:71274 [SgUp4]:0 [SgLow1]:70475 [SgLow2]:71918 [SgLow3]:71248 [SgLow4]:0 [NetMuon1]:55901 [NetMuon2]:55905 [NetMuon3]:55956 [NetMuon4]:56234
[Run]:24611 [Site]:4 [Bin]:3272 [FullTime]:3600 [SkipTime]:0 [Veto1]:64.7663 [Veto2]:64.7455 [Veto3]:80.7313 [Veto4]:45.5564 [SgUp1]:70478 [SgUp2]:71497 [SgUp3]:71007 [SgUp4]:0 [SgLow1]:70440 [SgLow2]:71468 [SgLow3]:70994 [SgLow4]:0 [NetMuon1]:56255 [NetMuon2]:56225 [NetMuon3]:55978 [NetMuon4]:56551
[Run]:24611 [Site]:4 [Bin]:3273 [FullTime]:3600 [SkipTime]:0 [Veto1]:70.0514 [Veto2]:64.0708 [Veto3]:67.9974 [Veto4]:45.7876 [SgUp1]:70306 [SgUp2]:71548 [SgUp3]:72055 [SgUp4]:0 [SgLow1]:70273 [SgLow2]:71511 [SgLow3]:72028 [SgLow4]:0 [NetMuon1]:56476 [NetMuon2]:56595 [NetMuon3]:56523 [NetMuon4]:56867
[Run]:24611 [Site]:4 [Bin]:3274 [FullTime]:3600 [SkipTime]:0 [Veto1]:64.6082 [Veto2]:69.5537 [Veto3]:61.596 [Veto4]:45.3795 [SgUp1]:70270 [SgUp2]:71658 [SgUp3]:71788 [SgUp4]:0 [SgLow1]:70251 [SgLow2]:71611 [SgLow3]:71762 [SgLow4]:0 [NetMuon1]:56096 [NetMuon2]:56011 [NetMuon3]:56150 [NetMuon4]:56387
[Run]:24611 [Site]:4 [Bin]:3275 [FullTime]:3600 [SkipTime]:0 [Veto1]:72.7255 [Veto2]:70.2056 [Veto3]:66.7831 [Veto4]:45.5972 [SgUp1]:70469 [SgUp2]:72172 [SgUp3]:71511 [SgUp4]:0 [SgLow1]:70429 [SgLow2]:72139 [SgLow3]:71482 [SgLow4]:0 [NetMuon1]:56202 [NetMuon2]:56225 [NetMuon3]:56261 [NetMuon4]:56624
[Run]:24611 [Site]:4 [Bin]:3276 [FullTime]:3600 [SkipTime]:0 [Veto1]:65.4282 [Veto2]:72.2667 [Veto3]:63.406 [Veto4]:45.2172 [SgUp1]:70307 [SgUp2]:71751 [SgUp3]:72231 [SgUp4]:0 [SgLow1]:70269 [SgLow2]:71727 [SgLow3]:72210 [SgLow4]:0 [NetMuon1]:55848 [NetMuon2]:55716 [NetMuon3]:55864 [NetMuon4]:56163
[Run]:24611 [Site]:4 [Bin]:3277 [FullTime]:3600 [SkipTime]:0 [Veto1]:64.844 [Veto2]:70.7073 [Veto3]:70.7292 [Veto4]:45.5686 [SgUp1]:69892 [SgUp2]:71592 [SgUp3]:71413 [SgUp4]:0 [SgLow1]:69861 [SgLow2]:71555 [SgLow3]:71372 [SgLow4]:0 [NetMuon1]:56301 [NetMuon2]:56162 [NetMuon3]:56222 [NetMuon4]:56595
[Run]:24611 [Site]:4 [Bin]:3278 [FullTime]:3600 [SkipTime]:0 [Veto1]:62.653 [Veto2]:61.6328 [Veto3]:70.7632 [Veto4]:45.3792 [SgUp1]:69868 [SgUp2]:72084 [SgUp3]:71695 [SgUp4]:0 [SgLow1]:69836 [SgLow2]:72063 [SgLow3]:71666 [SgLow4]:0 [NetMuon1]:56087 [NetMuon2]:56092 [NetMuon3]:55929 [NetMuon4]:56368
[Run]:24611 [Site]:4 [Bin]:3279 [FullTime]:3600 [SkipTime]:0 [Veto1]:76.1318 [Veto2]:68.5253 [Veto3]:66.4637 [Veto4]:45.352 [SgUp1]:69058 [SgUp2]:71317 [SgUp3]:71395 [SgUp4]:0 [SgLow1]:69043 [SgLow2]:71283 [SgLow3]:71358 [SgLow4]:0 [NetMuon1]:55866 [NetMuon2]:55930 [NetMuon3]:55936 [NetMuon4]:56324
[Run]:24611 [Site]:4 [Bin]:3280 [FullTime]:3600 [SkipTime]:0 [Veto1]:69.39 [Veto2]:74.282 [Veto3]:65.3921 [Veto4]:45.2029 [SgUp1]:69683 [SgUp2]:71879 [SgUp3]:71836 [SgUp4]:0 [SgLow1]:69651 [SgLow2]:71836 [SgLow3]:71812 [SgLow4]:0 [NetMuon1]:55777 [NetMuon2]:55680 [NetMuon3]:55791 [NetMuon4]:56136
[Run]:24611 [Site]:4 [Bin]:3281 [FullTime]:3600 [SkipTime]:0 [Veto1]:65.4915 [Veto2]:63.5534 [Veto3]:70.4263 [Veto4]:45.2858 [SgUp1]:69727 [SgUp2]:71527 [SgUp3]:71956 [SgUp4]:0 [SgLow1]:69709 [SgLow2]:71504 [SgLow3]:71919 [SgLow4]:0 [NetMuon1]:55932 [NetMuon2]:55961 [NetMuon3]:55844 [NetMuon4]:56231
[Run]:24611 [Site]:4 [Bin]:3282 [FullTime]:3600 [SkipTime]:0 [Veto1]:61.8247 [Veto2]:69.6601 [Veto3]:61.7845 [Veto4]:45.5396 [SgUp1]:69631 [SgUp2]:71683 [SgUp3]:71904 [SgUp4]:0 [SgLow1]:69594 [SgLow2]:71664 [SgLow3]:71861 [SgLow4]:0 [NetMuon1]:56316 [NetMuon2]:56174 [NetMuon3]:56267 [NetMuon4]:56562
[Run]:24611 [Site]:4 [Bin]:3283 [FullTime]:3600 [SkipTime]:0 [Veto1]:68.8071 [Veto2]:73.7145 [Veto3]:63.8789 [Veto4]:45.6445 [SgUp1]:70143 [SgUp2]:71896 [SgUp3]:72447 [SgUp4]:0 [SgLow1]:70109 [SgLow2]:71858 [SgLow3]:72410 [SgLow4]:0 [NetMuon1]:56304 [NetMuon2]:56222 [NetMuon3]:56411 [NetMuon4]:56699
[Run]:24611 [Site]:4 [Bin]:3284 [FullTime]:3600 [SkipTime]:0 [Veto1]:70.4029 [Veto2]:66.4644 [Veto3]:68.4776 [Veto4]:45.2885 [SgUp1]:69693 [SgUp2]:71825 [SgUp3]:72120 [SgUp4]:0 [SgLow1]:69647 [SgLow2]:71791 [SgLow3]:72095 [SgLow4]:0 [NetMuon1]:55863 [NetMuon2]:55941 [NetMuon3]:55928 [NetMuon4]:56269
[Run]:24611 [Site]:4 [Bin]:3285 [FullTime]:3600 [SkipTime]:0 [Veto1]:66.8325 [Veto2]:66.8569 [Veto3]:64.9098 [Veto4]:45.6703 [SgUp1]:69583 [SgUp2]:71320 [SgUp3]:72472 [SgUp4]:0 [SgLow1]:69548 [SgLow2]:71296 [SgLow3]:72443 [SgLow4]:0 [NetMuon1]:56367 [NetMuon2]:56361 [NetMuon3]:56441 [NetMuon4]:56713
[Run]:24611 [Site]:4 [Bin]:3286 [FullTime]:3600 [SkipTime]:0 [Veto1]:67.7603 [Veto2]:65.78 [Veto3]:73.6319 [Veto4]:45.5616 [SgUp1]:69970 [SgUp2]:71347 [SgUp3]:72082 [SgUp4]:0 [SgLow1]:69943 [SgLow2]:71322 [SgLow3]:72051 [SgLow4]:0 [NetMuon1]:56244 [NetMuon2]:56259 [NetMuon3]:56102 [NetMuon4]:56572
[Run]:24611 [Site]:4 [Bin]:3287 [FullTime]:3600 [SkipTime]:0 [Veto1]:56.221 [Veto2]:65.1671 [Veto3]:70.0294 [Veto4]:45.8844 [SgUp1]:70062 [SgUp2]:71903 [SgUp3]:71805 [SgUp4]:0 [SgLow1]:70024 [SgLow2]:71877 [SgLow3]:71765 [SgLow4]:0 [NetMuon1]:56787 [NetMuon2]:56659 [NetMuon3]:56567 [NetMuon4]:56946
[Run]:24611 [Site]:4 [Bin]:3288 [FullTime]:3600 [SkipTime]:0 [Veto1]:65.6962 [Veto2]:67.6407 [Veto3]:67.6346 [Veto4]:45.4558 [SgUp1]:70407 [SgUp2]:71774 [SgUp3]:72628 [SgUp4]:0 [SgLow1]:70367 [SgLow2]:71735 [SgLow3]:72597 [SgLow4]:0 [NetMuon1]:56155 [NetMuon2]:56091 [NetMuon3]:56102 [NetMuon4]:56439
[Run]:24611 [Site]:4 [Bin]:3289 [FullTime]:3600 [SkipTime]:0 [Veto1]:64.3399 [Veto2]:69.9923 [Veto3]:71.221 [Veto4]:45.1386 [SgUp1]:70318 [SgUp2]:71774 [SgUp3]:72253 [SgUp4]:0 [SgLow1]:70289 [SgLow2]:71744 [SgLow3]:72217 [SgLow4]:0 [NetMuon1]:55730 [NetMuon2]:55670 [NetMuon3]:55626 [NetMuon4]:56033
[Run]:24611 [Site]:4 [Bin]:3290 [FullTime]:3600 [SkipTime]:0 [Veto1]:68.6601 [Veto2]:65.6813 [Veto3]:78.5026 [Veto4]:45.5073 [SgUp1]:69516 [SgUp2]:71518 [SgUp3]:71798 [SgUp4]:0 [SgLow1]:69485 [SgLow2]:71481 [SgLow3]:71767 [SgLow4]:0 [NetMuon1]:56149 [NetMuon2]:56154 [NetMuon3]:55952 [NetMuon4]:56503
[Run]:24611 [Site]:4 [Bin]:3291 [FullTime]:3600 [SkipTime]:0 [Veto1]:64.5382 [Veto2]:67.5231 [Veto3]:68.4261 [Veto4]:45.3261 [SgUp1]:70003 [SgUp2]:71850 [SgUp3]:72049 [SgUp4]:0 [SgLow1]:69963 [SgLow2]:71826 [SgLow3]:72025 [SgLow4]:0 [NetMuon1]:56011 [NetMuon2]:55977 [NetMuon3]:55940 [NetMuon4]:56322
[Run]:24611 [Site]:4 [Bin]:3292 [FullTime]:3600 [SkipTime]:0 [Veto1]:59.932 [Veto2]:61.9518 [Veto3]:67.1302 [Veto4]:45.6676 [SgUp1]:70009 [SgUp2]:71529 [SgUp3]:72217 [SgUp4]:0 [SgLow1]:69973 [SgLow2]:71499 [SgLow3]:72185 [SgLow4]:0 [NetMuon1]:56493 [NetMuon2]:56476 [NetMuon3]:56360 [NetMuon4]:56733
[Run]:24611 [Site]:4 [Bin]:3293 [FullTime]:3600 [SkipTime]:0 [Veto1]:68.8098 [Veto2]:74.686 [Veto3]:67.787 [Veto4]:45.5907 [SgUp1]:70540 [SgUp2]:71485 [SgUp3]:71970 [SgUp4]:0 [SgLow1]:70508 [SgLow2]:71451 [SgLow3]:71936 [SgLow4]:0 [NetMuon1]:56247 [NetMuon2]:56147 [NetMuon3]:56261 [NetMuon4]:56627
[Run]:24611 [Site]:4 [Bin]:3294 [FullTime]:3600 [SkipTime]:0 [Veto1]:67.2626 [Veto2]:68.2093 [Veto3]:72.1801 [Veto4]:46.0376 [SgUp1]:69867 [SgUp2]:71752 [SgUp3]:71326 [SgUp4]:0 [SgLow1]:69833 [SgLow2]:71731 [SgLow3]:71298 [SgLow4]:0 [NetMuon1]:56839 [NetMuon2]:56802 [NetMuon3]:56761 [NetMuon4]:57181
[Run]:24611 [Site]:4 [Bin]:3295 [FullTime]:3600 [SkipTime]:0 [Veto1]:68.6984 [Veto2]:65.7081 [Veto3]:62.769 [Veto4]:45.5101 [SgUp1]:69807 [SgUp2]:72077 [SgUp3]:71793 [SgUp4]:0 [SgLow1]:69768 [SgLow2]:72042 [SgLow3]:71769 [SgLow4]:0 [NetMuon1]:56159 [NetMuon2]:56204 [NetMuon3]:56240 [NetMuon4]:56513
[Run]:24611 [Site]:4 [Bin]:3296 [FullTime]:3600 [SkipTime]:0 [Veto1]:70.1322 [Veto2]:66.1821 [Veto3]:61.24 [Veto4]:45.9636 [SgUp1]:69591 [SgUp2]:71830 [SgUp3]:71777 [SgUp4]:0 [SgLow1]:69552 [SgLow2]:71810 [SgLow3]:71747 [SgLow4]:0 [NetMuon1]:56699 [NetMuon2]:56752 [NetMuon3]:56840 [NetMuon4]:57076
[Run]:24611 [Site]:4 [Bin]:3297 [FullTime]:3600 [SkipTime]:0 [Veto1]:73.5427 [Veto2]:66.7394 [Veto3]:65.6617 [Veto4]:45.4873 [SgUp1]:69256 [SgUp2]:71510 [SgUp3]:71726 [SgUp4]:0 [SgLow1]:69226 [SgLow2]:71470 [SgLow3]:71698 [SgLow4]:0 [NetMuon1]:56022 [NetMuon2]:56156 [NetMuon3]:56179 [NetMuon4]:56494
[Run]:24611 [Site]:4 [Bin]:3298 [FullTime]:3600 [SkipTime]:0 [Veto1]:73.651 [Veto2]:69.749 [Veto3]:70.7215 [Veto4]:45.5703 [SgUp1]:69730 [SgUp2]:72114 [SgUp3]:71978 [SgUp4]:0 [SgLow1]:69694 [SgLow2]:72090 [SgLow3]:71934 [SgLow4]:0 [NetMuon1]:56128 [NetMuon2]:56230 [NetMuon3]:56178 [NetMuon4]:56594
[Run]:24611 [Site]:4 [Bin]:3299 [FullTime]:3600 [SkipTime]:0 [Veto1]:66.9725 [Veto2]:60.0263 [Veto3]:69.9143 [Veto4]:45.7448 [SgUp1]:69779 [SgUp2]:71639 [SgUp3]:71674 [SgUp4]:0 [SgLow1]:69748 [SgLow2]:71626 [SgLow3]:71642 [SgLow4]:0 [NetMuon1]:56484 [NetMuon2]:56578 [NetMuon3]:56455 [NetMuon4]:56824
[Run]:24611 [Site]:4 [Bin]:3300 [FullTime]:3600 [SkipTime]:0 [Veto1]:66.7604 [Veto2]:70.7618 [Veto3]:59.9109 [Veto4]:45.5995 [SgUp1]:69296 [SgUp2]:71464 [SgUp3]:71501 [SgUp4]:0 [SgLow1]:69260 [SgLow2]:71438 [SgLow3]:71481 [SgLow4]:0 [NetMuon1]:56274 [NetMuon2]:56246 [NetMuon3]:56403 [NetMuon4]:56620
[Run]:24611 [Site]:4 [Bin]:3301 [FullTime]:3600 [SkipTime]:0 [Veto1]:69.6965 [Veto2]:61.8081 [Veto3]:64.7416 [Veto4]:45.5422 [SgUp1]:70150 [SgUp2]:72573 [SgUp3]:71922 [SgUp4]:0 [SgLow1]:70126 [SgLow2]:72549 [SgLow3]:71887 [SgLow4]:0 [NetMuon1]:56183 [NetMuon2]:56266 [NetMuon3]:56202 [NetMuon4]:56542
[Run]:24611 [Site]:4 [Bin]:3302 [FullTime]:3600 [SkipTime]:0 [Veto1]:65.7281 [Veto2]:61.803 [Veto3]:64.7374 [Veto4]:45.5287 [SgUp1]:69949 [SgUp2]:71902 [SgUp3]:71671 [SgUp4]:0 [SgLow1]:69921 [SgLow2]:71866 [SgLow3]:71652 [SgLow4]:0 [NetMuon1]:56215 [NetMuon2]:56318 [NetMuon3]:56261 [NetMuon4]:56556
[Run]:24611 [Site]:4 [Bin]:3303 [FullTime]:3600 [SkipTime]:0 [Veto1]:75.6097 [Veto2]:73.5207 [Veto3]:67.6481 [Veto4]:45.4481 [SgUp1]:69235 [SgUp2]:71831 [SgUp3]:71656 [SgUp4]:0 [SgLow1]:69208 [SgLow2]:71799 [SgLow3]:71625 [SgLow4]:0 [NetMuon1]:55969 [NetMuon2]:55988 [NetMuon3]:56118 [NetMuon4]:56438
[Run]:24611 [Site]:4 [Bin]:3304 [FullTime]:3600.01 [SkipTime]:0 [Veto1]:63.6201 [Veto2]:66.5627 [Veto3]:65.5523 [Veto4]:45.3603 [SgUp1]:69540 [SgUp2]:71419 [SgUp3]:71921 [SgUp4]:0 [SgLow1]:69506 [SgLow2]:71400 [SgLow3]:71891 [SgLow4]:0 [NetMuon1]:56086 [NetMuon2]:56057 [NetMuon3]:56049 [NetMuon4]:56380
[Run]:24611 [Site]:4 [Bin]:3305 [FullTime]:3600 [SkipTime]:0 [Veto1]:65.9067 [Veto2]:67.8108 [Veto3]:71.8029 [Veto4]:45.6839 [SgUp1]:69983 [SgUp2]:71333 [SgUp3]:71783 [SgUp4]:0 [SgLow1]:69942 [SgLow2]:71308 [SgLow3]:71751 [SgLow4]:0 [NetMuon1]:56401 [NetMuon2]:56361 [NetMuon3]:56269 [NetMuon4]:56736
[Run]:24611 [Site]:4 [Bin]:3306 [FullTime]:3600 [SkipTime]:0 [Veto1]:60.7632 [Veto2]:79.4895 [Veto3]:71.6522 [Veto4]:45.5059 [SgUp1]:69745 [SgUp2]:71612 [SgUp3]:71709 [SgUp4]:0 [SgLow1]:69716 [SgLow2]:71602 [SgLow3]:71683 [SgLow4]:0 [NetMuon1]:56257 [NetMuon2]:55968 [NetMuon3]:56118 [NetMuon4]:56506
[Run]:24611 [Site]:4 [Bin]:3307 [FullTime]:3600 [SkipTime]:0 [Veto1]:69.7667 [Veto2]:70.9968 [Veto3]:66.0681 [Veto4]:45.8398 [SgUp1]:69711 [SgUp2]:71742 [SgUp3]:71689 [SgUp4]:0 [SgLow1]:69693 [SgLow2]:71723 [SgLow3]:71649 [SgLow4]:0 [NetMuon1]:56545 [NetMuon2]:56555 [NetMuon3]:56615 [NetMuon4]:56923
[Run]:24611 [Site]:4 [Bin]:3308 [FullTime]:3600 [SkipTime]:0 [Veto1]:70.1548 [Veto2]:66.1794 [Veto3]:65.2037 [Veto4]:45.949 [SgUp1]:68850 [SgUp2]:72026 [SgUp3]:71580 [SgUp4]:0 [SgLow1]:68820 [SgLow2]:72009 [SgLow3]:71549 [SgLow4]:0 [NetMuon1]:56709 [NetMuon2]:56782 [NetMuon3]:56778 [NetMuon4]:57085
[Run]:24611 [Site]:4 [Bin]:3309 [FullTime]:3600 [SkipTime]:0 [Veto1]:69.5773 [Veto2]:69.5747 [Veto3]:68.168 [Veto4]:45.4289 [SgUp1]:69344 [SgUp2]:71535 [SgUp3]:72089 [SgUp4]:0 [SgLow1]:69310 [SgLow2]:71508 [SgLow3]:72058 [SgLow4]:0 [NetMuon1]:56031 [NetMuon2]:56040 [NetMuon3]:56066 [NetMuon4]:56411
[Run]:24611 [Site]:4 [Bin]:3310 [FullTime]:3600 [SkipTime]:0 [Veto1]:59.8697 [Veto2]:76.2174 [Veto3]:66.7615 [Veto4]:45.5694 [SgUp1]:70248 [SgUp2]:71210 [SgUp3]:72142 [SgUp4]:0 [SgLow1]:70208 [SgLow2]:71177 [SgLow3]:72099 [SgLow4]:0 [NetMuon1]:56354 [NetMuon2]:56086 [NetMuon3]:56216 [NetMuon4]:56568
[Run]:24611 [Site]:4 [Bin]:3311 [FullTime]:3600 [SkipTime]:0 [Veto1]:74.6378 [Veto2]:66.6919 [Veto3]:70.6371 [Veto4]:45.5084 [SgUp1]:69470 [SgUp2]:71919 [SgUp3]:71715 [SgUp4]:0 [SgLow1]:69448 [SgLow2]:71895 [SgLow3]:71677 [SgLow4]:0 [NetMuon1]:56079 [NetMuon2]:56188 [NetMuon3]:56146 [NetMuon4]:56531
[Run]:24611 [Site]:4 [Bin]:3312 [FullTime]:3600 [SkipTime]:0 [Veto1]:64.0302 [Veto2]:63.0157 [Veto3]:67.8998 [Veto4]:45.7235 [SgUp1]:69733 [SgUp2]:71405 [SgUp3]:72072 [SgUp4]:0 [SgLow1]:69706 [SgLow2]:71393 [SgLow3]:72050 [SgLow4]:0 [NetMuon1]:56516 [NetMuon2]:56527 [NetMuon3]:56391 [NetMuon4]:56777
[Run]:24611 [Site]:4 [Bin]:3313 [FullTime]:3600.01 [SkipTime]:0 [Veto1]:68.0204 [Veto2]:65.0739 [Veto3]:74.87 [Veto4]:45.7991 [SgUp1]:69198 [SgUp2]:72053 [SgUp3]:71539 [SgUp4]:0 [SgLow1]:69183 [SgLow2]:72036 [SgLow3]:71498 [SgLow4]:0 [NetMuon1]:56530 [NetMuon2]:56572 [NetMuon3]:56438 [NetMuon4]:56884
[Run]:24611 [Site]:4 [Bin]:3314 [FullTime]:3600 [SkipTime]:0 [Veto1]:76.8096 [Veto2]:68.8402 [Veto3]:76.7778 [Veto4]:45.718 [SgUp1]:69492 [SgUp2]:71697 [SgUp3]:71771 [SgUp4]:0 [SgLow1]:69464 [SgLow2]:71662 [SgLow3]:71754 [SgLow4]:0 [NetMuon1]:56303 [NetMuon2]:56385 [NetMuon3]:56314 [NetMuon4]:56795
[Run]:24611 [Site]:4 [Bin]:3315 [FullTime]:3600 [SkipTime]:0 [Veto1]:63.0019 [Veto2]:70.9112 [Veto3]:65.9529 [Veto4]:45.7577 [SgUp1]:69905 [SgUp2]:71746 [SgUp3]:71874 [SgUp4]:0 [SgLow1]:69886 [SgLow2]:71711 [SgLow3]:71838 [SgLow4]:0 [NetMuon1]:56565 [NetMuon2]:56464 [NetMuon3]:56477 [NetMuon4]:56834
[Run]:24611 [Site]:4 [Bin]:3316 [FullTime]:3600 [SkipTime]:0 [Veto1]:61.7773 [Veto2]:68.4526 [Veto3]:62.4875 [Veto4]:45.2652 [SgUp1]:69724 [SgUp2]:71808 [SgUp3]:71949 [SgUp4]:0 [SgLow1]:69708 [SgLow2]:71777 [SgLow3]:71936 [SgLow4]:0 [NetMuon1]:55950 [NetMuon2]:55845 [NetMuon3]:55929 [NetMuon4]:56202
[Run]:24611 [Site]:4 [Bin]:3317 [FullTime]:3600 [SkipTime]:0 [Veto1]:69.7701 [Veto2]:66.8544 [Veto3]:68.8192 [Veto4]:45.6451 [SgUp1]:69134 [SgUp2]:71937 [SgUp3]:71636 [SgUp4]:0 [SgLow1]:69112 [SgLow2]:71918 [SgLow3]:71600 [SgLow4]:0 [NetMuon1]:56307 [NetMuon2]:56363 [NetMuon3]:56292 [NetMuon4]:56676
[Run]:24611 [Site]:4 [Bin]:3318 [FullTime]:3600 [SkipTime]:0 [Veto1]:71.8035 [Veto2]:66.8684 [Veto3]:62.9574 [Veto4]:45.7038 [SgUp1]:69745 [SgUp2]:71335 [SgUp3]:71910 [SgUp4]:0 [SgLow1]:69715 [SgLow2]:71309 [SgLow3]:71860 [SgLow4]:0 [NetMuon1]:56314 [NetMuon2]:56375 [NetMuon3]:56503 [NetMuon4]:56762
[Run]:24611 [Site]:4 [Bin]:3319 [FullTime]:3600 [SkipTime]:0 [Veto1]:67.4846 [Veto2]:70.505 [Veto3]:67.5272 [Veto4]:45.3554 [SgUp1]:70244 [SgUp2]:71749 [SgUp3]:71527 [SgUp4]:0 [SgLow1]:70229 [SgLow2]:71725 [SgLow3]:71498 [SgLow4]:0 [NetMuon1]:55939 [NetMuon2]:55916 [NetMuon3]:55968 [NetMuon4]:56316
[Run]:24611 [Site]:4 [Bin]:3320 [FullTime]:3600 [SkipTime]:0 [Veto1]:66.5123 [Veto2]:68.7555 [Veto3]:61.8232 [Veto4]:45.5507 [SgUp1]:69309 [SgUp2]:71936 [SgUp3]:71875 [SgUp4]:0 [SgLow1]:69275 [SgLow2]:71888 [SgLow3]:71843 [SgLow4]:0 [NetMuon1]:56209 [NetMuon2]:56196 [NetMuon3]:56290 [NetMuon4]:56559
[Run]:24611 [Site]:4 [Bin]:3321 [FullTime]:3599.99 [SkipTime]:0 [Veto1]:69.5977 [Veto2]:64.6549 [Veto3]:67.6119 [Veto4]:45.4114 [SgUp1]:69951 [SgUp2]:71569 [SgUp3]:71819 [SgUp4]:0 [SgLow1]:69931 [SgLow2]:71538 [SgLow3]:71800 [SgLow4]:0 [NetMuon1]:55998 [NetMuon2]:56063 [NetMuon3]:56040 [NetMuon4]:56373
[Run]:24611 [Site]:4 [Bin]:3322 [FullTime]:3600 [SkipTime]:0 [Veto1]:63.6567 [Veto2]:67.6129 [Veto3]:65.5388 [Veto4]:45.3773 [SgUp1]:69860 [SgUp2]:71676 [SgUp3]:71973 [SgUp4]:0 [SgLow1]:69827 [SgLow2]:71660 [SgLow3]:71942 [SgLow4]:0 [NetMuon1]:56067 [NetMuon2]:56035 [NetMuon3]:56030 [NetMuon4]:56359
[Run]:24611 [Site]:4 [Bin]:3323 [FullTime]:3600 [SkipTime]:0 [Veto1]:61.7743 [Veto2]:64.7438 [Veto3]:61.775 [Veto4]:45.5164 [SgUp1]:69913 [SgUp2]:71521 [SgUp3]:71595 [SgUp4]:0 [SgLow1]:69879 [SgLow2]:71492 [SgLow3]:71559 [SgLow4]:0 [NetMuon1]:56217 [NetMuon2]:56188 [NetMuon3]:56211 [NetMuon4]:56492
[Run]:24611 [Site]:4 [Bin]:3324 [FullTime]:3600 [SkipTime]:0 [Veto1]:67.6996 [Veto2]:68.7169 [Veto3]:66.7296 [Veto4]:45.5334 [SgUp1]:69769 [SgUp2]:71928 [SgUp3]:71903 [SgUp4]:0 [SgLow1]:69745 [SgLow2]:71906 [SgLow3]:71886 [SgLow4]:0 [NetMuon1]:56178 [NetMuon2]:56191 [NetMuon3]:56201 [NetMuon4]:56535
[Run]:24611 [Site]:4 [Bin]:3325 [FullTime]:3600 [SkipTime]:0 [Veto1]:70.5566 [Veto2]:64.6731 [Veto3]:66.6177 [Veto4]:45.4098 [SgUp1]:69068 [SgUp2]:71673 [SgUp3]:71538 [SgUp4]:0 [SgLow1]:69040 [SgLow2]:71649 [SgLow3]:71506 [SgLow4]:0 [NetMuon1]:56061 [NetMuon2]:56123 [NetMuon3]:56122 [NetMuon4]:56433
[Run]:24611 [Site]:4 [Bin]:3326 [FullTime]:3600 [SkipTime]:0 [Veto1]:66.7979 [Veto2]:71.7941 [Veto3]:65.8805 [Veto4]:45.6223 [SgUp1]:69529 [SgUp2]:71562 [SgUp3]:71730 [SgUp4]:0 [SgLow1]:69503 [SgLow2]:71540 [SgLow3]:71695 [SgLow4]:0 [NetMuon1]:56319 [NetMuon2]:56269 [NetMuon3]:56363 [NetMuon4]:56669
[Run]:24611 [Site]:4 [Bin]:3327 [FullTime]:3600 [SkipTime]:0 [Veto1]:63.6723 [Veto2]:64.6525 [Veto3]:68.5811 [Veto4]:45.4446 [SgUp1]:69826 [SgUp2]:71651 [SgUp3]:71971 [SgUp4]:0 [SgLow1]:69793 [SgLow2]:71634 [SgLow3]:71941 [SgLow4]:0 [NetMuon1]:56148 [NetMuon2]:56119 [NetMuon3]:56052 [NetMuon4]:56426
[Run]:24611 [Site]:4 [Bin]:3328 [FullTime]:3600 [SkipTime]:0 [Veto1]:64.7949 [Veto2]:62.8618 [Veto3]:73.7073 [Veto4]:45.5707 [SgUp1]:69797 [SgUp2]:71706 [SgUp3]:71357 [SgUp4]:0 [SgLow1]:69775 [SgLow2]:71686 [SgLow3]:71334 [SgLow4]:0 [NetMuon1]:56273 [NetMuon2]:56331 [NetMuon3]:56178 [NetMuon4]:56584
[Run]:24611 [Site]:4 [Bin]:3329 [FullTime]:3600 [SkipTime]:0 [Veto1]:62.0833 [Veto2]:68.9764 [Veto3]:63.0452 [Veto4]:45.7954 [SgUp1]:69413 [SgUp2]:72133 [SgUp3]:72081 [SgUp4]:0 [SgLow1]:69379 [SgLow2]:72096 [SgLow3]:72049 [SgLow4]:0 [NetMuon1]:56614 [NetMuon2]:56518 [NetMuon3]:56589 [NetMuon4]:56880
[Run]:24611 [Site]:4 [Bin]:3330 [FullTime]:3600 [SkipTime]:0 [Veto1]:68.5486 [Veto2]:62.6767 [Veto3]:66.5909 [Veto4]:45.4235 [SgUp1]:69603 [SgUp2]:72232 [SgUp3]:71950 [SgUp4]:0 [SgLow1]:69560 [SgLow2]:72198 [SgLow3]:71925 [SgLow4]:0 [NetMuon1]:56084 [NetMuon2]:56181 [NetMuon3]:56101 [NetMuon4]:56447
[Run]:24611 [Site]:4 [Bin]:3331 [FullTime]:3600 [SkipTime]:0 [Veto1]:65.3348 [Veto2]:69.4067 [Veto3]:69.4447 [Veto4]:45.2447 [SgUp1]:69932 [SgUp2]:72207 [SgUp3]:71732 [SgUp4]:0 [SgLow1]:69914 [SgLow2]:72177 [SgLow3]:71703 [SgLow4]:0 [NetMuon1]:55871 [NetMuon2]:55824 [NetMuon3]:55819 [NetMuon4]:56195
[Run]:24611 [Site]:4 [Bin]:3332 [FullTime]:3600 [SkipTime]:0 [Veto1]:78.3586 [Veto2]:60.5556 [Veto3]:71.4402 [Veto4]:45.2908 [SgUp1]:69302 [SgUp2]:71767 [SgUp3]:71935 [SgUp4]:0 [SgLow1]:69278 [SgLow2]:71731 [SgLow3]:71907 [SgLow4]:0 [NetMuon1]:55730 [NetMuon2]:56025 [NetMuon3]:55865 [NetMuon4]:56256
[Run]:24611 [Site]:4 [Bin]:3333 [FullTime]:3600 [SkipTime]:0 [Veto1]:65.0629 [Veto2]:71.9232 [Veto3]:65.9619 [Veto4]:45.7654 [SgUp1]:69570 [SgUp2]:71472 [SgUp3]:71897 [SgUp4]:0 [SgLow1]:69535 [SgLow2]:71455 [SgLow3]:71878 [SgLow4]:0 [NetMuon1]:56538 [NetMuon2]:56398 [NetMuon3]:56506 [NetMuon4]:56820
[Run]:24611 [Site]:4 [Bin]:3334 [FullTime]:3600 [SkipTime]:0 [Veto1]:75.9028 [Veto2]:63.1487 [Veto3]:70.7342 [Veto4]:45.8624 [SgUp1]:69583 [SgUp2]:71999 [SgUp3]:71813 [SgUp4]:0 [SgLow1]:69563 [SgLow2]:71966 [SgLow3]:71790 [SgLow4]:0 [NetMuon1]:56487 [NetMuon2]:56683 [NetMuon3]:56575 [NetMuon4]:56962
[Run]:24611 [Site]:4 [Bin]:3335 [FullTime]:3600 [SkipTime]:0 [Veto1]:68.8234 [Veto2]:67.8581 [Veto3]:74.6587 [Veto4]:45.6268 [SgUp1]:69413 [SgUp2]:71630 [SgUp3]:72314 [SgUp4]:0 [SgLow1]:69375 [SgLow2]:71610 [SgLow3]:72304 [SgLow4]:0 [NetMuon1]:56326 [NetMuon2]:56326 [NetMuon3]:56170 [NetMuon4]:56670
End process Run: 24611 ... 
[Run]:24611 [Site]:4 [Bin]:3336 [FullTime]:3450.95 [SkipTime]:0 [Veto1]:67.2859 [Veto2]:61.708 [Veto3]:66.7036 [Veto4]:43.5419
