StreamChain add 0xf6655a0
Start to process run: 24006 ... 
[Run]:24006 [Site]:4 [Bin]:2881 [FullTime]:2657.51 [SkipTime]:0 [Veto1]:53.3645 [Veto2]:45.4968 [Veto3]:53.3796 [Veto4]:33.561 [SgUp1]:51583 [SgUp2]:52713 [SgUp3]:52870 [SgUp4]:0 [SgLow1]:51567 [SgLow2]:52681 [SgLow3]:52853 [SgLow4]:0 [NetMuon1]:41337 [NetMuon2]:41496 [NetMuon3]:41357 [NetMuon4]:41669
[Run]:24006 [Site]:4 [Bin]:2882 [FullTime]:3600 [SkipTime]:0 [Veto1]:61.051 [Veto2]:68.9641 [Veto3]:66.0413 [Veto4]:45.7835 [SgUp1]:70400 [SgUp2]:70877 [SgUp3]:71830 [SgUp4]:0 [SgLow1]:70378 [SgLow2]:70841 [SgLow3]:71799 [SgLow4]:0 [NetMuon1]:56585 [NetMuon2]:56513 [NetMuon3]:56532 [NetMuon4]:56853
[Run]:24006 [Site]:4 [Bin]:2883 [FullTime]:3600 [SkipTime]:0 [Veto1]:62.4345 [Veto2]:69.363 [Veto3]:69.0312 [Veto4]:46.1822 [SgUp1]:69667 [SgUp2]:71088 [SgUp3]:72108 [SgUp4]:0 [SgLow1]:69636 [SgLow2]:71063 [SgLow3]:72082 [SgLow4]:0 [NetMuon1]:57079 [NetMuon2]:56993 [NetMuon3]:56942 [NetMuon4]:57347
[Run]:24006 [Site]:4 [Bin]:2884 [FullTime]:3600 [SkipTime]:0 [Veto1]:75.0066 [Veto2]:70.0468 [Veto3]:75.0279 [Veto4]:45.9151 [SgUp1]:70179 [SgUp2]:70904 [SgUp3]:72307 [SgUp4]:0 [SgLow1]:70145 [SgLow2]:70874 [SgLow3]:72277 [SgLow4]:0 [NetMuon1]:56521 [NetMuon2]:56567 [NetMuon3]:56525 [NetMuon4]:56990
[Run]:24006 [Site]:4 [Bin]:2885 [FullTime]:3600 [SkipTime]:0 [Veto1]:69.3911 [Veto2]:70.3156 [Veto3]:71.3303 [Veto4]:46.1799 [SgUp1]:70104 [SgUp2]:70621 [SgUp3]:71732 [SgUp4]:0 [SgLow1]:70089 [SgLow2]:70591 [SgLow3]:71701 [SgLow4]:0 [NetMuon1]:56998 [NetMuon2]:56987 [NetMuon3]:56935 [NetMuon4]:57359
[Run]:24006 [Site]:4 [Bin]:2886 [FullTime]:3600 [SkipTime]:0 [Veto1]:69.9331 [Veto2]:64.0166 [Veto3]:70.9098 [Veto4]:45.7577 [SgUp1]:69893 [SgUp2]:71204 [SgUp3]:71358 [SgUp4]:0 [SgLow1]:69867 [SgLow2]:71171 [SgLow3]:71326 [SgLow4]:0 [NetMuon1]:56478 [NetMuon2]:56546 [NetMuon3]:56438 [NetMuon4]:56823
[Run]:24006 [Site]:4 [Bin]:2887 [FullTime]:3600 [SkipTime]:0 [Veto1]:65.1239 [Veto2]:62.1273 [Veto3]:71.0231 [Veto4]:45.8854 [SgUp1]:70260 [SgUp2]:70673 [SgUp3]:71562 [SgUp4]:0 [SgLow1]:70240 [SgLow2]:70622 [SgLow3]:71545 [SgLow4]:0 [NetMuon1]:56670 [NetMuon2]:56713 [NetMuon3]:56583 [NetMuon4]:56985
[Run]:24006 [Site]:4 [Bin]:2888 [FullTime]:3600 [SkipTime]:0 [Veto1]:63.9319 [Veto2]:67.9009 [Veto3]:73.8179 [Veto4]:45.6998 [SgUp1]:70364 [SgUp2]:70844 [SgUp3]:71421 [SgUp4]:0 [SgLow1]:70352 [SgLow2]:70826 [SgLow3]:71380 [SgLow4]:0 [NetMuon1]:56480 [NetMuon2]:56388 [NetMuon3]:56312 [NetMuon4]:56743
[Run]:24006 [Site]:4 [Bin]:2889 [FullTime]:3600 [SkipTime]:0 [Veto1]:68.7984 [Veto2]:63.8794 [Veto3]:64.8404 [Veto4]:45.6256 [SgUp1]:70011 [SgUp2]:70863 [SgUp3]:71900 [SgUp4]:0 [SgLow1]:69985 [SgLow2]:70821 [SgLow3]:71876 [SgLow4]:0 [NetMuon1]:56270 [NetMuon2]:56352 [NetMuon3]:56338 [NetMuon4]:56648
[Run]:24006 [Site]:4 [Bin]:2890 [FullTime]:3600 [SkipTime]:0 [Veto1]:67.1667 [Veto2]:63.1236 [Veto3]:69.5067 [Veto4]:45.8902 [SgUp1]:70341 [SgUp2]:70647 [SgUp3]:71518 [SgUp4]:0 [SgLow1]:70317 [SgLow2]:70596 [SgLow3]:71493 [SgLow4]:0 [NetMuon1]:56664 [NetMuon2]:56719 [NetMuon3]:56600 [NetMuon4]:56997
[Run]:24006 [Site]:4 [Bin]:2891 [FullTime]:3600 [SkipTime]:0 [Veto1]:67.9049 [Veto2]:61.9354 [Veto3]:64.8833 [Veto4]:45.6837 [SgUp1]:70426 [SgUp2]:71417 [SgUp3]:71680 [SgUp4]:0 [SgLow1]:70392 [SgLow2]:71380 [SgLow3]:71654 [SgLow4]:0 [NetMuon1]:56368 [NetMuon2]:56446 [NetMuon3]:56390 [NetMuon4]:56718
[Run]:24006 [Site]:4 [Bin]:2892 [FullTime]:3600 [SkipTime]:0 [Veto1]:66.8558 [Veto2]:64.913 [Veto3]:74.7635 [Veto4]:45.6874 [SgUp1]:70313 [SgUp2]:71581 [SgUp3]:71632 [SgUp4]:0 [SgLow1]:70288 [SgLow2]:71554 [SgLow3]:71612 [SgLow4]:0 [NetMuon1]:56425 [NetMuon2]:56461 [NetMuon3]:56298 [NetMuon4]:56759
[Run]:24006 [Site]:4 [Bin]:2893 [FullTime]:3600 [SkipTime]:0 [Veto1]:71.6623 [Veto2]:75.3922 [Veto3]:68.4517 [Veto4]:45.285 [SgUp1]:70291 [SgUp2]:71211 [SgUp3]:71818 [SgUp4]:0 [SgLow1]:70273 [SgLow2]:71190 [SgLow3]:71791 [SgLow4]:0 [NetMuon1]:55852 [NetMuon2]:55777 [NetMuon3]:55864 [NetMuon4]:56243
[Run]:24006 [Site]:4 [Bin]:2894 [FullTime]:3600 [SkipTime]:0 [Veto1]:61.0853 [Veto2]:65.6943 [Veto3]:76.8618 [Veto4]:45.7848 [SgUp1]:70060 [SgUp2]:71642 [SgUp3]:71936 [SgUp4]:0 [SgLow1]:70036 [SgLow2]:71603 [SgLow3]:71897 [SgLow4]:0 [NetMuon1]:56595 [NetMuon2]:56529 [NetMuon3]:56339 [NetMuon4]:56838
[Run]:24006 [Site]:4 [Bin]:2895 [FullTime]:3600 [SkipTime]:0 [Veto1]:69.0592 [Veto2]:71.9892 [Veto3]:61.2047 [Veto4]:45.8911 [SgUp1]:70085 [SgUp2]:71977 [SgUp3]:71450 [SgUp4]:0 [SgLow1]:70067 [SgLow2]:71946 [SgLow3]:71420 [SgLow4]:0 [NetMuon1]:56630 [NetMuon2]:56560 [NetMuon3]:56761 [NetMuon4]:56993
[Run]:24006 [Site]:4 [Bin]:2896 [FullTime]:3600 [SkipTime]:0 [Veto1]:70.1187 [Veto2]:62.2732 [Veto3]:70.9647 [Veto4]:45.9775 [SgUp1]:70562 [SgUp2]:71757 [SgUp3]:72212 [SgUp4]:0 [SgLow1]:70534 [SgLow2]:71730 [SgLow3]:72188 [SgLow4]:0 [NetMuon1]:56659 [NetMuon2]:56828 [NetMuon3]:56688 [NetMuon4]:57078
[Run]:24006 [Site]:4 [Bin]:2897 [FullTime]:3600 [SkipTime]:0 [Veto1]:77.4829 [Veto2]:66.7085 [Veto3]:67.7144 [Veto4]:45.5339 [SgUp1]:70456 [SgUp2]:71630 [SgUp3]:72019 [SgUp4]:0 [SgLow1]:70428 [SgLow2]:71599 [SgLow3]:72001 [SgLow4]:0 [NetMuon1]:56036 [NetMuon2]:56195 [NetMuon3]:56221 [NetMuon4]:56547
[Run]:24006 [Site]:4 [Bin]:2898 [FullTime]:3600 [SkipTime]:0 [Veto1]:72.9153 [Veto2]:69.0215 [Veto3]:68.9949 [Veto4]:45.825 [SgUp1]:70133 [SgUp2]:71797 [SgUp3]:71720 [SgUp4]:0 [SgLow1]:70107 [SgLow2]:71762 [SgLow3]:71690 [SgLow4]:0 [NetMuon1]:56454 [NetMuon2]:56540 [NetMuon3]:56520 [NetMuon4]:56905
[Run]:24006 [Site]:4 [Bin]:2899 [FullTime]:3600 [SkipTime]:0 [Veto1]:68.1097 [Veto2]:70.0389 [Veto3]:66.1436 [Veto4]:45.9081 [SgUp1]:70197 [SgUp2]:71309 [SgUp3]:71973 [SgUp4]:0 [SgLow1]:70164 [SgLow2]:71275 [SgLow3]:71947 [SgLow4]:0 [NetMuon1]:56664 [NetMuon2]:56595 [NetMuon3]:56666 [NetMuon4]:56999
[Run]:24006 [Site]:4 [Bin]:2900 [FullTime]:3600 [SkipTime]:0 [Veto1]:60.2388 [Veto2]:70.0932 [Veto3]:61.1005 [Veto4]:45.9542 [SgUp1]:69894 [SgUp2]:71411 [SgUp3]:72080 [SgUp4]:0 [SgLow1]:69869 [SgLow2]:71384 [SgLow3]:72062 [SgLow4]:0 [NetMuon1]:56822 [NetMuon2]:56661 [NetMuon3]:56857 [NetMuon4]:57061
[Run]:24006 [Site]:4 [Bin]:2901 [FullTime]:3600 [SkipTime]:0 [Veto1]:57.9947 [Veto2]:68.8291 [Veto3]:65.9065 [Veto4]:45.6548 [SgUp1]:70595 [SgUp2]:71480 [SgUp3]:71303 [SgUp4]:0 [SgLow1]:70570 [SgLow2]:71447 [SgLow3]:71282 [SgLow4]:0 [NetMuon1]:56517 [NetMuon2]:56354 [NetMuon3]:56404 [NetMuon4]:56710
[Run]:24006 [Site]:4 [Bin]:2902 [FullTime]:3600 [SkipTime]:0 [Veto1]:66.8079 [Veto2]:63.0803 [Veto3]:67.8129 [Veto4]:45.633 [SgUp1]:70367 [SgUp2]:71881 [SgUp3]:71915 [SgUp4]:0 [SgLow1]:70342 [SgLow2]:71856 [SgLow3]:71894 [SgLow4]:0 [NetMuon1]:56303 [NetMuon2]:56361 [NetMuon3]:56301 [NetMuon4]:56663
[Run]:24006 [Site]:4 [Bin]:2903 [FullTime]:3600 [SkipTime]:0 [Veto1]:67.9278 [Veto2]:64.0171 [Veto3]:65.9738 [Veto4]:45.7317 [SgUp1]:70272 [SgUp2]:71535 [SgUp3]:71495 [SgUp4]:0 [SgLow1]:70227 [SgLow2]:71507 [SgLow3]:71460 [SgLow4]:0 [NetMuon1]:56453 [NetMuon2]:56481 [NetMuon3]:56494 [NetMuon4]:56790
[Run]:24006 [Site]:4 [Bin]:2904 [FullTime]:3600 [SkipTime]:0 [Veto1]:68.0873 [Veto2]:67.0886 [Veto3]:67.1211 [Veto4]:45.9233 [SgUp1]:70047 [SgUp2]:71828 [SgUp3]:71879 [SgUp4]:0 [SgLow1]:70030 [SgLow2]:71795 [SgLow3]:71851 [SgLow4]:0 [NetMuon1]:56689 [NetMuon2]:56658 [NetMuon3]:56710 [NetMuon4]:57032
[Run]:24006 [Site]:4 [Bin]:2905 [FullTime]:3600.01 [SkipTime]:0 [Veto1]:58.0559 [Veto2]:67.9777 [Veto3]:82.8127 [Veto4]:45.8036 [SgUp1]:70847 [SgUp2]:71378 [SgUp3]:71269 [SgUp4]:0 [SgLow1]:70819 [SgLow2]:71347 [SgLow3]:71238 [SgLow4]:0 [NetMuon1]:56684 [NetMuon2]:56510 [NetMuon3]:56349 [NetMuon4]:56896
[Run]:24006 [Site]:4 [Bin]:2906 [FullTime]:3599.99 [SkipTime]:0 [Veto1]:63.1303 [Veto2]:66.1258 [Veto3]:64.0508 [Veto4]:45.9102 [SgUp1]:70388 [SgUp2]:71375 [SgUp3]:71307 [SgUp4]:0 [SgLow1]:70368 [SgLow2]:71346 [SgLow3]:71278 [SgLow4]:0 [NetMuon1]:56740 [NetMuon2]:56714 [NetMuon3]:56698 [NetMuon4]:57028
[Run]:24006 [Site]:4 [Bin]:2907 [FullTime]:3600 [SkipTime]:0 [Veto1]:68.7935 [Veto2]:70.7811 [Veto3]:69.7582 [Veto4]:45.6205 [SgUp1]:69736 [SgUp2]:72040 [SgUp3]:71604 [SgUp4]:0 [SgLow1]:69722 [SgLow2]:72023 [SgLow3]:71563 [SgLow4]:0 [NetMuon1]:56296 [NetMuon2]:56294 [NetMuon3]:56289 [NetMuon4]:56661
[Run]:24006 [Site]:4 [Bin]:2908 [FullTime]:3600 [SkipTime]:0 [Veto1]:62.1402 [Veto2]:60.2068 [Veto3]:72.4817 [Veto4]:45.8986 [SgUp1]:70171 [SgUp2]:71622 [SgUp3]:71263 [SgUp4]:0 [SgLow1]:70130 [SgLow2]:71605 [SgLow3]:71234 [SgLow4]:0 [NetMuon1]:56727 [NetMuon2]:56767 [NetMuon3]:56585 [NetMuon4]:56987
[Run]:24006 [Site]:4 [Bin]:2909 [FullTime]:3600 [SkipTime]:0 [Veto1]:69.0066 [Veto2]:57.6167 [Veto3]:74.9724 [Veto4]:45.8581 [SgUp1]:69861 [SgUp2]:71506 [SgUp3]:71508 [SgUp4]:0 [SgLow1]:69831 [SgLow2]:71469 [SgLow3]:71492 [SgLow4]:0 [NetMuon1]:56558 [NetMuon2]:56776 [NetMuon3]:56501 [NetMuon4]:56954
[Run]:24006 [Site]:4 [Bin]:2910 [FullTime]:3600 [SkipTime]:0 [Veto1]:64.1386 [Veto2]:67.1486 [Veto3]:76.0387 [Veto4]:45.9353 [SgUp1]:69722 [SgUp2]:71303 [SgUp3]:71097 [SgUp4]:0 [SgLow1]:69694 [SgLow2]:71280 [SgLow3]:71055 [SgLow4]:0 [NetMuon1]:56725 [NetMuon2]:56702 [NetMuon3]:56562 [NetMuon4]:57035
[Run]:24006 [Site]:4 [Bin]:2911 [FullTime]:3600 [SkipTime]:0 [Veto1]:69.3862 [Veto2]:61.5166 [Veto3]:66.482 [Veto4]:46.2324 [SgUp1]:69940 [SgUp2]:71405 [SgUp3]:71412 [SgUp4]:0 [SgLow1]:69907 [SgLow2]:71383 [SgLow3]:71365 [SgLow4]:0 [NetMuon1]:57022 [NetMuon2]:57172 [NetMuon3]:57114 [NetMuon4]:57406
[Run]:24006 [Site]:4 [Bin]:2912 [FullTime]:3600 [SkipTime]:0 [Veto1]:62.6156 [Veto2]:69.5377 [Veto3]:67.5912 [Veto4]:45.391 [SgUp1]:69891 [SgUp2]:71472 [SgUp3]:71607 [SgUp4]:0 [SgLow1]:69858 [SgLow2]:71449 [SgLow3]:71588 [SgLow4]:0 [NetMuon1]:56098 [NetMuon2]:55986 [NetMuon3]:56019 [NetMuon4]:56360
[Run]:24006 [Site]:4 [Bin]:2913 [FullTime]:3600 [SkipTime]:0 [Veto1]:64.5087 [Veto2]:74.3914 [Veto3]:64.4848 [Veto4]:46.2469 [SgUp1]:69714 [SgUp2]:71735 [SgUp3]:71458 [SgUp4]:0 [SgLow1]:69682 [SgLow2]:71709 [SgLow3]:71410 [SgLow4]:0 [NetMuon1]:57178 [NetMuon2]:57026 [NetMuon3]:57178 [NetMuon4]:57461
[Run]:24006 [Site]:4 [Bin]:2914 [FullTime]:3600 [SkipTime]:0 [Veto1]:71.2814 [Veto2]:61.4045 [Veto3]:76.1729 [Veto4]:45.1062 [SgUp1]:69529 [SgUp2]:71739 [SgUp3]:71349 [SgUp4]:0 [SgLow1]:69506 [SgLow2]:71706 [SgLow3]:71318 [SgLow4]:0 [NetMuon1]:55670 [NetMuon2]:55790 [NetMuon3]:55574 [NetMuon4]:56035
[Run]:24006 [Site]:4 [Bin]:2915 [FullTime]:3600 [SkipTime]:0 [Veto1]:68.9266 [Veto2]:71.8517 [Veto3]:66.0087 [Veto4]:45.7606 [SgUp1]:70005 [SgUp2]:71530 [SgUp3]:71554 [SgUp4]:0 [SgLow1]:69989 [SgLow2]:71511 [SgLow3]:71532 [SgLow4]:0 [NetMuon1]:56435 [NetMuon2]:56437 [NetMuon3]:56511 [NetMuon4]:56821
[Run]:24006 [Site]:4 [Bin]:2916 [FullTime]:3600 [SkipTime]:0 [Veto1]:61.8835 [Veto2]:61.94 [Veto3]:69.7576 [Veto4]:45.6032 [SgUp1]:70192 [SgUp2]:72364 [SgUp3]:71824 [SgUp4]:0 [SgLow1]:70155 [SgLow2]:72328 [SgLow3]:71808 [SgLow4]:0 [NetMuon1]:56392 [NetMuon2]:56405 [NetMuon3]:56239 [NetMuon4]:56641
[Run]:24006 [Site]:4 [Bin]:2917 [FullTime]:3600 [SkipTime]:0 [Veto1]:69.8601 [Veto2]:65.4581 [Veto3]:70.8109 [Veto4]:45.6833 [SgUp1]:70179 [SgUp2]:71589 [SgUp3]:71821 [SgUp4]:0 [SgLow1]:70140 [SgLow2]:71551 [SgLow3]:71787 [SgLow4]:0 [NetMuon1]:56359 [NetMuon2]:56408 [NetMuon3]:56348 [NetMuon4]:56730
[Run]:24006 [Site]:4 [Bin]:2918 [FullTime]:3600 [SkipTime]:0 [Veto1]:64.9744 [Veto2]:73.8411 [Veto3]:66.9635 [Veto4]:45.7563 [SgUp1]:69774 [SgUp2]:71543 [SgUp3]:71654 [SgUp4]:0 [SgLow1]:69749 [SgLow2]:71509 [SgLow3]:71641 [SgLow4]:0 [NetMuon1]:56480 [NetMuon2]:56371 [NetMuon3]:56498 [NetMuon4]:56831
[Run]:24006 [Site]:4 [Bin]:2919 [FullTime]:3600 [SkipTime]:0 [Veto1]:60.7589 [Veto2]:70.6253 [Veto3]:67.631 [Veto4]:45.5041 [SgUp1]:70248 [SgUp2]:71758 [SgUp3]:71663 [SgUp4]:0 [SgLow1]:70197 [SgLow2]:71727 [SgLow3]:71621 [SgLow4]:0 [NetMuon1]:56288 [NetMuon2]:56143 [NetMuon3]:56158 [NetMuon4]:56529
[Run]:24006 [Site]:4 [Bin]:2920 [FullTime]:3600.01 [SkipTime]:0 [Veto1]:60.8916 [Veto2]:69.7886 [Veto3]:72.7557 [Veto4]:45.6151 [SgUp1]:70210 [SgUp2]:70948 [SgUp3]:71635 [SgUp4]:0 [SgLow1]:70189 [SgLow2]:70918 [SgLow3]:71610 [SgLow4]:0 [NetMuon1]:56407 [NetMuon2]:56273 [NetMuon3]:56233 [NetMuon4]:56637
[Run]:24006 [Site]:4 [Bin]:2921 [FullTime]:3599.99 [SkipTime]:0 [Veto1]:62.5012 [Veto2]:76.2269 [Veto3]:65.4015 [Veto4]:45.2458 [SgUp1]:70209 [SgUp2]:71357 [SgUp3]:71699 [SgUp4]:0 [SgLow1]:70180 [SgLow2]:71331 [SgLow3]:71656 [SgLow4]:0 [NetMuon1]:55924 [NetMuon2]:55748 [NetMuon3]:55863 [NetMuon4]:56197
[Run]:24006 [Site]:4 [Bin]:2922 [FullTime]:3600 [SkipTime]:0 [Veto1]:65.6713 [Veto2]:67.6781 [Veto3]:65.7765 [Veto4]:45.5201 [SgUp1]:69951 [SgUp2]:71280 [SgUp3]:71124 [SgUp4]:0 [SgLow1]:69919 [SgLow2]:71235 [SgLow3]:71081 [SgLow4]:0 [NetMuon1]:56186 [NetMuon2]:56175 [NetMuon3]:56256 [NetMuon4]:56524
[Run]:24006 [Site]:4 [Bin]:2923 [FullTime]:3600 [SkipTime]:0 [Veto1]:62.671 [Veto2]:66.3117 [Veto3]:68.6349 [Veto4]:45.4677 [SgUp1]:69952 [SgUp2]:71093 [SgUp3]:71904 [SgUp4]:0 [SgLow1]:69916 [SgLow2]:71063 [SgLow3]:71871 [SgLow4]:0 [NetMuon1]:56220 [NetMuon2]:56143 [NetMuon3]:56115 [NetMuon4]:56486
[Run]:24006 [Site]:4 [Bin]:2924 [FullTime]:3600 [SkipTime]:0 [Veto1]:69.8222 [Veto2]:66.9465 [Veto3]:71.8239 [Veto4]:45.7021 [SgUp1]:69831 [SgUp2]:71332 [SgUp3]:71326 [SgUp4]:0 [SgLow1]:69791 [SgLow2]:71296 [SgLow3]:71309 [SgLow4]:0 [NetMuon1]:56394 [NetMuon2]:56464 [NetMuon3]:56342 [NetMuon4]:56766
[Run]:24006 [Site]:4 [Bin]:2925 [FullTime]:3600 [SkipTime]:0 [Veto1]:71.5586 [Veto2]:65.6637 [Veto3]:67.6509 [Veto4]:45.4558 [SgUp1]:69759 [SgUp2]:71026 [SgUp3]:71422 [SgUp4]:0 [SgLow1]:69736 [SgLow2]:70992 [SgLow3]:71399 [SgLow4]:0 [NetMuon1]:56030 [NetMuon2]:56143 [NetMuon3]:56125 [NetMuon4]:56461
[Run]:24006 [Site]:4 [Bin]:2926 [FullTime]:3600 [SkipTime]:0 [Veto1]:62.5393 [Veto2]:61.5146 [Veto3]:61.5393 [Veto4]:45.2781 [SgUp1]:70151 [SgUp2]:71263 [SgUp3]:71223 [SgUp4]:0 [SgLow1]:70124 [SgLow2]:71234 [SgLow3]:71182 [SgLow4]:0 [NetMuon1]:55940 [NetMuon2]:55947 [NetMuon3]:55943 [NetMuon4]:56218
[Run]:24006 [Site]:4 [Bin]:2927 [FullTime]:3600 [SkipTime]:0 [Veto1]:71.9016 [Veto2]:66.9743 [Veto3]:67.9151 [Veto4]:45.7885 [SgUp1]:70374 [SgUp2]:70619 [SgUp3]:71209 [SgUp4]:0 [SgLow1]:70344 [SgLow2]:70599 [SgLow3]:71170 [SgLow4]:0 [NetMuon1]:56456 [NetMuon2]:56516 [NetMuon3]:56483 [NetMuon4]:56852
[Run]:24006 [Site]:4 [Bin]:2928 [FullTime]:3600 [SkipTime]:0 [Veto1]:65.1573 [Veto2]:69.0466 [Veto3]:75.9894 [Veto4]:45.8966 [SgUp1]:70338 [SgUp2]:70592 [SgUp3]:70783 [SgUp4]:0 [SgLow1]:70312 [SgLow2]:70550 [SgLow3]:70765 [SgLow4]:0 [NetMuon1]:56708 [NetMuon2]:56652 [NetMuon3]:56549 [NetMuon4]:57009
End process Run: 24006 ... 
[Run]:24006 [Site]:4 [Bin]:2929 [FullTime]:2994.26 [SkipTime]:0 [Veto1]:63.8244 [Veto2]:51.917 [Veto3]:52.3232 [Veto4]:37.8978
