StreamChain add 0xbb6c7f0
Start to process run: 24846 ... 
[Run]:24846 [Site]:4 [Bin]:3511 [FullTime]:1673.73 [SkipTime]:0 [Veto1]:26.8047 [Veto2]:28.7658 [Veto3]:33.6851 [Veto4]:21.1785 [SgUp1]:32306 [SgUp2]:33212 [SgUp3]:33185 [SgUp4]:0 [SgLow1]:32292 [SgLow2]:33192 [SgLow3]:33165 [SgLow4]:0 [NetMuon1]:26251 [NetMuon2]:26219 [NetMuon3]:26118 [NetMuon4]:26336
[Run]:24846 [Site]:4 [Bin]:3512 [FullTime]:3600 [SkipTime]:0 [Veto1]:72.2122 [Veto2]:68.9851 [Veto3]:71.9429 [Veto4]:45.8194 [SgUp1]:69506 [SgUp2]:70876 [SgUp3]:71627 [SgUp4]:0 [SgLow1]:69478 [SgLow2]:70839 [SgLow3]:71599 [SgLow4]:0 [NetMuon1]:56501 [NetMuon2]:56560 [NetMuon3]:56509 [NetMuon4]:56905
[Run]:24846 [Site]:4 [Bin]:3513 [FullTime]:3600 [SkipTime]:0 [Veto1]:69.6652 [Veto2]:63.9461 [Veto3]:62.8099 [Veto4]:45.5299 [SgUp1]:69546 [SgUp2]:71075 [SgUp3]:71231 [SgUp4]:0 [SgLow1]:69511 [SgLow2]:71047 [SgLow3]:71212 [SgLow4]:0 [NetMuon1]:56157 [NetMuon2]:56243 [NetMuon3]:56271 [NetMuon4]:56547
[Run]:24846 [Site]:4 [Bin]:3514 [FullTime]:3600 [SkipTime]:0 [Veto1]:67.5062 [Veto2]:66.9926 [Veto3]:63.5717 [Veto4]:45.329 [SgUp1]:69700 [SgUp2]:71736 [SgUp3]:71907 [SgUp4]:0 [SgLow1]:69672 [SgLow2]:71708 [SgLow3]:71877 [SgLow4]:0 [NetMuon1]:55956 [NetMuon2]:55930 [NetMuon3]:55997 [NetMuon4]:56294
[Run]:24846 [Site]:4 [Bin]:3515 [FullTime]:2198.77 [SkipTime]:1401.23 [Veto1]:44.1545 [Veto2]:39.3427 [Veto3]:38.4475 [Veto4]:27.6845 [SgUp1]:42319 [SgUp2]:43407 [SgUp3]:43718 [SgUp4]:0 [SgLow1]:42311 [SgLow2]:43389 [SgLow3]:43691 [SgLow4]:0 [NetMuon1]:34138 [NetMuon2]:34201 [NetMuon3]:34197 [NetMuon4]:34382
[Run]:24846 [Site]:4 [Bin]:3516 [FullTime]:3599.99 [SkipTime]:0 [Veto1]:55.472 [Veto2]:66.3018 [Veto3]:66.1424 [Veto4]:45.1184 [SgUp1]:69930 [SgUp2]:70903 [SgUp3]:71691 [SgUp4]:0 [SgLow1]:69918 [SgLow2]:70878 [SgLow3]:71670 [SgLow4]:0 [NetMuon1]:55890 [NetMuon2]:55727 [NetMuon3]:55729 [NetMuon4]:56035
[Run]:24846 [Site]:4 [Bin]:3517 [FullTime]:3600 [SkipTime]:0 [Veto1]:62.0535 [Veto2]:57.1648 [Veto3]:68.9763 [Veto4]:45.8032 [SgUp1]:69491 [SgUp2]:71033 [SgUp3]:71398 [SgUp4]:0 [SgLow1]:69464 [SgLow2]:71005 [SgLow3]:71365 [SgLow4]:0 [NetMuon1]:56648 [NetMuon2]:56748 [NetMuon3]:56548 [NetMuon4]:56918
[Run]:24846 [Site]:4 [Bin]:3518 [FullTime]:3600.01 [SkipTime]:0 [Veto1]:80.5829 [Veto2]:59.8245 [Veto3]:70.6853 [Veto4]:45.5498 [SgUp1]:69443 [SgUp2]:70980 [SgUp3]:71339 [SgUp4]:0 [SgLow1]:69418 [SgLow2]:70963 [SgLow3]:71312 [SgLow4]:0 [NetMuon1]:56053 [NetMuon2]:56359 [NetMuon3]:56176 [NetMuon4]:56593
[Run]:24846 [Site]:4 [Bin]:3519 [FullTime]:3599.99 [SkipTime]:0 [Veto1]:72.0326 [Veto2]:70.0745 [Veto3]:70.1056 [Veto4]:44.942 [SgUp1]:69473 [SgUp2]:71003 [SgUp3]:71444 [SgUp4]:0 [SgLow1]:69444 [SgLow2]:70953 [SgLow3]:71411 [SgLow4]:0 [NetMuon1]:55338 [NetMuon2]:55416 [NetMuon3]:55409 [NetMuon4]:55807
[Run]:24846 [Site]:4 [Bin]:3520 [FullTime]:3600 [SkipTime]:0 [Veto1]:68.5923 [Veto2]:75.5028 [Veto3]:66.577 [Veto4]:45.3991 [SgUp1]:69361 [SgUp2]:71187 [SgUp3]:71257 [SgUp4]:0 [SgLow1]:69326 [SgLow2]:71154 [SgLow3]:71239 [SgLow4]:0 [NetMuon1]:56058 [NetMuon2]:55921 [NetMuon3]:56055 [NetMuon4]:56404
[Run]:24846 [Site]:4 [Bin]:3521 [FullTime]:3600 [SkipTime]:0 [Veto1]:67.4068 [Veto2]:64.4587 [Veto3]:62.9414 [Veto4]:45.2195 [SgUp1]:69775 [SgUp2]:71552 [SgUp3]:71805 [SgUp4]:0 [SgLow1]:69757 [SgLow2]:71532 [SgLow3]:71774 [SgLow4]:0 [NetMuon1]:55856 [NetMuon2]:55861 [NetMuon3]:55900 [NetMuon4]:56173
[Run]:24846 [Site]:4 [Bin]:3522 [FullTime]:3600 [SkipTime]:0 [Veto1]:69.586 [Veto2]:60.7712 [Veto3]:67.6613 [Veto4]:45.4503 [SgUp1]:69471 [SgUp2]:71385 [SgUp3]:71797 [SgUp4]:0 [SgLow1]:69428 [SgLow2]:71357 [SgLow3]:71764 [SgLow4]:0 [NetMuon1]:56034 [NetMuon2]:56225 [NetMuon3]:56112 [NetMuon4]:56444
[Run]:24846 [Site]:4 [Bin]:3523 [FullTime]:3600 [SkipTime]:0 [Veto1]:70.6846 [Veto2]:64.7998 [Veto3]:65.8023 [Veto4]:45.5634 [SgUp1]:69262 [SgUp2]:70966 [SgUp3]:71725 [SgUp4]:0 [SgLow1]:69240 [SgLow2]:70929 [SgLow3]:71715 [SgLow4]:0 [NetMuon1]:56165 [NetMuon2]:56274 [NetMuon3]:56266 [NetMuon4]:56584
[Run]:24846 [Site]:4 [Bin]:3524 [FullTime]:3600 [SkipTime]:0 [Veto1]:70.9293 [Veto2]:65.7557 [Veto3]:74.6372 [Veto4]:45.5366 [SgUp1]:68973 [SgUp2]:71371 [SgUp3]:71257 [SgUp4]:0 [SgLow1]:68940 [SgLow2]:71323 [SgLow3]:71233 [SgLow4]:0 [NetMuon1]:56140 [NetMuon2]:56220 [NetMuon3]:56115 [NetMuon4]:56528
[Run]:24846 [Site]:4 [Bin]:3525 [FullTime]:3600 [SkipTime]:0 [Veto1]:63.8908 [Veto2]:69.8669 [Veto3]:66.882 [Veto4]:45.6737 [SgUp1]:69470 [SgUp2]:71124 [SgUp3]:71271 [SgUp4]:0 [SgLow1]:69443 [SgLow2]:71103 [SgLow3]:71247 [SgLow4]:0 [NetMuon1]:56420 [NetMuon2]:56371 [NetMuon3]:56384 [NetMuon4]:56727
[Run]:24846 [Site]:4 [Bin]:3526 [FullTime]:3600 [SkipTime]:0 [Veto1]:64.4089 [Veto2]:74.5033 [Veto3]:68.0337 [Veto4]:45.4286 [SgUp1]:69971 [SgUp2]:70983 [SgUp3]:71929 [SgUp4]:0 [SgLow1]:69938 [SgLow2]:70961 [SgLow3]:71896 [SgLow4]:0 [NetMuon1]:56088 [NetMuon2]:55916 [NetMuon3]:56065 [NetMuon4]:56415
[Run]:24846 [Site]:4 [Bin]:3527 [FullTime]:3600 [SkipTime]:0 [Veto1]:79.3944 [Veto2]:67.548 [Veto3]:72.2567 [Veto4]:45.3764 [SgUp1]:69345 [SgUp2]:71384 [SgUp3]:71641 [SgUp4]:0 [SgLow1]:69328 [SgLow2]:71370 [SgLow3]:71605 [SgLow4]:0 [NetMuon1]:55807 [NetMuon2]:55999 [NetMuon3]:55932 [NetMuon4]:56351
[Run]:24846 [Site]:4 [Bin]:3528 [FullTime]:3600 [SkipTime]:0 [Veto1]:68.0169 [Veto2]:65.0629 [Veto3]:68.0618 [Veto4]:45.8441 [SgUp1]:69256 [SgUp2]:71258 [SgUp3]:71656 [SgUp4]:0 [SgLow1]:69234 [SgLow2]:71234 [SgLow3]:71620 [SgLow4]:0 [NetMuon1]:56574 [NetMuon2]:56619 [NetMuon3]:56588 [NetMuon4]:56929
[Run]:24846 [Site]:4 [Bin]:3529 [FullTime]:3600 [SkipTime]:0 [Veto1]:64.0281 [Veto2]:70.9532 [Veto3]:65.0511 [Veto4]:45.7995 [SgUp1]:68854 [SgUp2]:70970 [SgUp3]:71408 [SgUp4]:0 [SgLow1]:68827 [SgLow2]:70933 [SgLow3]:71389 [SgLow4]:0 [NetMuon1]:56623 [NetMuon2]:56476 [NetMuon3]:56574 [NetMuon4]:56888
End process Run: 24846 ... 
[Run]:24846 [Site]:4 [Bin]:3530 [FullTime]:1613.88 [SkipTime]:1113.07 [Veto1]:55.2139 [Veto2]:49.3369 [Veto3]:56.2564 [Veto4]:34.387
