StreamChain add 0xbe647f0
Start to process run: 24337 ... 
[Run]:24337 [Site]:4 [Bin]:2960 [FullTime]:3277.39 [SkipTime]:0 [Veto1]:64.3361 [Veto2]:58.3907 [Veto3]:61.3409 [Veto4]:41.2704 [SgUp1]:63691 [SgUp2]:64718 [SgUp3]:64905 [SgUp4]:0 [SgLow1]:63667 [SgLow2]:64706 [SgLow3]:64862 [SgLow4]:0 [NetMuon1]:50899 [NetMuon2]:50971 [NetMuon3]:50918 [NetMuon4]:51253
[Run]:24337 [Site]:4 [Bin]:2961 [FullTime]:3600 [SkipTime]:0 [Veto1]:68.8337 [Veto2]:63.3834 [Veto3]:69.7968 [Veto4]:45.6534 [SgUp1]:69282 [SgUp2]:71758 [SgUp3]:71676 [SgUp4]:0 [SgLow1]:69245 [SgLow2]:71720 [SgLow3]:71635 [SgLow4]:0 [NetMuon1]:56350 [NetMuon2]:56419 [NetMuon3]:56310 [NetMuon4]:56697
[Run]:24337 [Site]:4 [Bin]:2962 [FullTime]:3600 [SkipTime]:0 [Veto1]:70.6197 [Veto2]:71.6291 [Veto3]:70.6392 [Veto4]:45.5109 [SgUp1]:69841 [SgUp2]:71001 [SgUp3]:71521 [SgUp4]:0 [SgLow1]:69810 [SgLow2]:70966 [SgLow3]:71488 [SgLow4]:0 [NetMuon1]:56131 [NetMuon2]:56149 [NetMuon3]:56136 [NetMuon4]:56537
[Run]:24337 [Site]:4 [Bin]:2963 [FullTime]:3600 [SkipTime]:0 [Veto1]:67.5857 [Veto2]:68.6453 [Veto3]:64.6347 [Veto4]:45.4345 [SgUp1]:69151 [SgUp2]:71000 [SgUp3]:71139 [SgUp4]:0 [SgLow1]:69117 [SgLow2]:70973 [SgLow3]:71112 [SgLow4]:0 [NetMuon1]:56107 [NetMuon2]:56078 [NetMuon3]:56162 [NetMuon4]:56435
[Run]:24337 [Site]:4 [Bin]:2964 [FullTime]:3600 [SkipTime]:0 [Veto1]:63.5891 [Veto2]:62.5806 [Veto3]:66.5034 [Veto4]:45.3148 [SgUp1]:69725 [SgUp2]:71560 [SgUp3]:71777 [SgUp4]:0 [SgLow1]:69704 [SgLow2]:71542 [SgLow3]:71750 [SgLow4]:0 [NetMuon1]:55989 [NetMuon2]:56010 [NetMuon3]:55936 [NetMuon4]:56277
[Run]:24337 [Site]:4 [Bin]:2965 [FullTime]:3600 [SkipTime]:0 [Veto1]:76.5256 [Veto2]:62.7168 [Veto3]:68.5639 [Veto4]:45.4483 [SgUp1]:69384 [SgUp2]:71545 [SgUp3]:70852 [SgUp4]:0 [SgLow1]:69351 [SgLow2]:71511 [SgLow3]:70830 [SgLow4]:0 [NetMuon1]:55996 [NetMuon2]:56207 [NetMuon3]:56089 [NetMuon4]:56458
[Run]:24337 [Site]:4 [Bin]:2966 [FullTime]:3600 [SkipTime]:0 [Veto1]:64.2012 [Veto2]:66.2028 [Veto3]:76.0502 [Veto4]:45.9731 [SgUp1]:69879 [SgUp2]:71727 [SgUp3]:71041 [SgUp4]:0 [SgLow1]:69852 [SgLow2]:71715 [SgLow3]:70997 [SgLow4]:0 [NetMuon1]:56818 [NetMuon2]:56790 [NetMuon3]:56642 [NetMuon4]:57100
[Run]:24337 [Site]:4 [Bin]:2967 [FullTime]:3600 [SkipTime]:0 [Veto1]:66.3965 [Veto2]:71.3796 [Veto3]:65.3904 [Veto4]:46.2131 [SgUp1]:69225 [SgUp2]:71257 [SgUp3]:71727 [SgUp4]:0 [SgLow1]:69196 [SgLow2]:71198 [SgLow3]:71703 [SgLow4]:0 [NetMuon1]:57079 [NetMuon2]:57027 [NetMuon3]:57053 [NetMuon4]:57393
[Run]:24337 [Site]:4 [Bin]:2968 [FullTime]:3600 [SkipTime]:0 [Veto1]:64.3183 [Veto2]:72.1862 [Veto3]:73.1485 [Veto4]:46.0678 [SgUp1]:69342 [SgUp2]:71217 [SgUp3]:70647 [SgUp4]:0 [SgLow1]:69320 [SgLow2]:71185 [SgLow3]:70615 [SgLow4]:0 [NetMuon1]:56939 [NetMuon2]:56802 [NetMuon3]:56747 [NetMuon4]:57217
[Run]:24337 [Site]:4 [Bin]:2969 [FullTime]:3600 [SkipTime]:0 [Veto1]:68.0629 [Veto2]:69.0998 [Veto3]:67.0883 [Veto4]:45.9043 [SgUp1]:69085 [SgUp2]:71135 [SgUp3]:71857 [SgUp4]:0 [SgLow1]:69060 [SgLow2]:71113 [SgLow3]:71830 [SgLow4]:0 [NetMuon1]:56643 [NetMuon2]:56657 [NetMuon3]:56667 [NetMuon4]:57006
[Run]:24337 [Site]:4 [Bin]:2970 [FullTime]:3600 [SkipTime]:0 [Veto1]:69.7373 [Veto2]:61.7975 [Veto3]:67.6748 [Veto4]:45.5549 [SgUp1]:69369 [SgUp2]:72161 [SgUp3]:71393 [SgUp4]:0 [SgLow1]:69342 [SgLow2]:72129 [SgLow3]:71372 [SgLow4]:0 [NetMuon1]:56182 [NetMuon2]:56328 [NetMuon3]:56212 [NetMuon4]:56582
[Run]:24337 [Site]:4 [Bin]:2971 [FullTime]:3600 [SkipTime]:0 [Veto1]:65.9785 [Veto2]:67.7154 [Veto3]:65.9674 [Veto4]:45.788 [SgUp1]:69161 [SgUp2]:70869 [SgUp3]:71417 [SgUp4]:0 [SgLow1]:69127 [SgLow2]:70848 [SgLow3]:71371 [SgLow4]:0 [NetMuon1]:56527 [NetMuon2]:56515 [NetMuon3]:56550 [NetMuon4]:56888
[Run]:24337 [Site]:4 [Bin]:2972 [FullTime]:3600 [SkipTime]:0 [Veto1]:71.8779 [Veto2]:67.5589 [Veto3]:67.9536 [Veto4]:45.79 [SgUp1]:69321 [SgUp2]:71019 [SgUp3]:71102 [SgUp4]:0 [SgLow1]:69292 [SgLow2]:70967 [SgLow3]:71077 [SgLow4]:0 [NetMuon1]:56454 [NetMuon2]:56510 [NetMuon3]:56556 [NetMuon4]:56878
[Run]:24337 [Site]:4 [Bin]:2973 [FullTime]:3600 [SkipTime]:0 [Veto1]:65.6032 [Veto2]:75.3961 [Veto3]:68.4981 [Veto4]:45.403 [SgUp1]:69533 [SgUp2]:70971 [SgUp3]:71272 [SgUp4]:0 [SgLow1]:69502 [SgLow2]:70952 [SgLow3]:71232 [SgLow4]:0 [NetMuon1]:56067 [NetMuon2]:55897 [NetMuon3]:56046 [NetMuon4]:56399
[Run]:24337 [Site]:4 [Bin]:2974 [FullTime]:3600 [SkipTime]:0 [Veto1]:56.6091 [Veto2]:68.4501 [Veto3]:66.456 [Veto4]:45.295 [SgUp1]:69618 [SgUp2]:71104 [SgUp3]:71175 [SgUp4]:0 [SgLow1]:69592 [SgLow2]:71085 [SgLow3]:71133 [SgLow4]:0 [NetMuon1]:56098 [NetMuon2]:55917 [NetMuon3]:55942 [NetMuon4]:56259
[Run]:24337 [Site]:4 [Bin]:2975 [FullTime]:3600 [SkipTime]:0 [Veto1]:60.8465 [Veto2]:61.8241 [Veto3]:63.8399 [Veto4]:45.5842 [SgUp1]:70088 [SgUp2]:71612 [SgUp3]:71608 [SgUp4]:0 [SgLow1]:70069 [SgLow2]:71588 [SgLow3]:71591 [SgLow4]:0 [NetMuon1]:56362 [NetMuon2]:56344 [NetMuon3]:56334 [NetMuon4]:56613
End process Run: 24337 ... 
[Run]:24337 [Site]:4 [Bin]:2976 [FullTime]:1811.84 [SkipTime]:0 [Veto1]:35.6889 [Veto2]:39.6981 [Veto3]:32.7315 [Veto4]:23.1346
