StreamChain add 0x7aa67f0
Start to process run: 24868 ... 
[Run]:24868 [Site]:4 [Bin]:3578 [FullTime]:992.827 [SkipTime]:0 [Veto1]:24.714 [Veto2]:20.7943 [Veto3]:17.8391 [Veto4]:12.4708 [SgUp1]:19218 [SgUp2]:19496 [SgUp3]:19985 [SgUp4]:0 [SgLow1]:19213 [SgLow2]:19493 [SgLow3]:19969 [SgLow4]:0 [NetMuon1]:15307 [NetMuon2]:15376 [NetMuon3]:15417 [NetMuon4]:15491
[Run]:24868 [Site]:4 [Bin]:3579 [FullTime]:3600 [SkipTime]:0 [Veto1]:64.8777 [Veto2]:60.8836 [Veto3]:78.6529 [Veto4]:45.6451 [SgUp1]:69231 [SgUp2]:71411 [SgUp3]:71445 [SgUp4]:0 [SgLow1]:69207 [SgLow2]:71377 [SgLow3]:71418 [SgLow4]:0 [NetMuon1]:56351 [NetMuon2]:56401 [NetMuon3]:56117 [NetMuon4]:56663
[Run]:24868 [Site]:4 [Bin]:3580 [FullTime]:3600 [SkipTime]:0 [Veto1]:70.626 [Veto2]:64.6946 [Veto3]:76.5172 [Veto4]:45.4649 [SgUp1]:69355 [SgUp2]:70650 [SgUp3]:71430 [SgUp4]:0 [SgLow1]:69327 [SgLow2]:70612 [SgLow3]:71392 [SgLow4]:0 [NetMuon1]:56084 [NetMuon2]:56153 [NetMuon3]:55939 [NetMuon4]:56468
[Run]:24868 [Site]:4 [Bin]:3581 [FullTime]:3600 [SkipTime]:0 [Veto1]:68.5384 [Veto2]:71.5011 [Veto3]:67.5436 [Veto4]:45.3579 [SgUp1]:68994 [SgUp2]:70900 [SgUp3]:71560 [SgUp4]:0 [SgLow1]:68962 [SgLow2]:70857 [SgLow3]:71530 [SgLow4]:0 [NetMuon1]:55984 [NetMuon2]:55883 [NetMuon3]:55976 [NetMuon4]:56340
[Run]:24868 [Site]:4 [Bin]:3582 [FullTime]:3600 [SkipTime]:0 [Veto1]:61.3756 [Veto2]:56.8177 [Veto3]:65.6489 [Veto4]:45.4844 [SgUp1]:68564 [SgUp2]:71080 [SgUp3]:72157 [SgUp4]:0 [SgLow1]:68529 [SgLow2]:71061 [SgLow3]:72126 [SgLow4]:0 [NetMuon1]:56256 [NetMuon2]:56324 [NetMuon3]:56157 [NetMuon4]:56500
[Run]:24868 [Site]:4 [Bin]:3583 [FullTime]:3600 [SkipTime]:0 [Veto1]:67.6719 [Veto2]:69.66 [Veto3]:66.7141 [Veto4]:45.497 [SgUp1]:69304 [SgUp2]:71345 [SgUp3]:71722 [SgUp4]:0 [SgLow1]:69280 [SgLow2]:71302 [SgLow3]:71692 [SgLow4]:0 [NetMuon1]:56132 [NetMuon2]:56143 [NetMuon3]:56161 [NetMuon4]:56507
[Run]:24868 [Site]:4 [Bin]:3584 [FullTime]:3600 [SkipTime]:0 [Veto1]:70.484 [Veto2]:69.5174 [Veto3]:65.5683 [Veto4]:45.3449 [SgUp1]:69049 [SgUp2]:70767 [SgUp3]:71507 [SgUp4]:0 [SgLow1]:69021 [SgLow2]:70739 [SgLow3]:71486 [SgLow4]:0 [NetMuon1]:55906 [NetMuon2]:55907 [NetMuon3]:55997 [NetMuon4]:56295
[Run]:24868 [Site]:4 [Bin]:3585 [FullTime]:3600 [SkipTime]:0 [Veto1]:71.5365 [Veto2]:64.5816 [Veto3]:69.5739 [Veto4]:45.4188 [SgUp1]:69086 [SgUp2]:70986 [SgUp3]:71674 [SgUp4]:0 [SgLow1]:69046 [SgLow2]:70959 [SgLow3]:71639 [SgLow4]:0 [NetMuon1]:56018 [NetMuon2]:56084 [NetMuon3]:56057 [NetMuon4]:56427
[Run]:24868 [Site]:4 [Bin]:3586 [FullTime]:1226.56 [SkipTime]:2373.44 [Veto1]:22.8427 [Veto2]:21.8405 [Veto3]:28.7204 [Veto4]:15.4412 [SgUp1]:23666 [SgUp2]:24256 [SgUp3]:24408 [SgUp4]:0 [SgLow1]:23666 [SgLow2]:24245 [SgLow3]:24396 [SgLow4]:0 [NetMuon1]:19072 [NetMuon2]:19073 [NetMuon3]:18942 [NetMuon4]:19189
[Run]:24868 [Site]:4 [Bin]:3587 [FullTime]:3600 [SkipTime]:0 [Veto1]:67.5705 [Veto2]:68.5949 [Veto3]:67.6119 [Veto4]:45.4054 [SgUp1]:69222 [SgUp2]:71500 [SgUp3]:71597 [SgUp4]:0 [SgLow1]:69198 [SgLow2]:71463 [SgLow3]:71566 [SgLow4]:0 [NetMuon1]:56063 [NetMuon2]:56043 [NetMuon3]:56037 [NetMuon4]:56410
[Run]:24868 [Site]:4 [Bin]:3588 [FullTime]:3600 [SkipTime]:0 [Veto1]:64.569 [Veto2]:61.5867 [Veto3]:68.4617 [Veto4]:45.3263 [SgUp1]:69027 [SgUp2]:71186 [SgUp3]:71899 [SgUp4]:0 [SgLow1]:69001 [SgLow2]:71149 [SgLow3]:71881 [SgLow4]:0 [NetMuon1]:56030 [NetMuon2]:56048 [NetMuon3]:55949 [NetMuon4]:56314
[Run]:24868 [Site]:4 [Bin]:3589 [FullTime]:1215.91 [SkipTime]:2384.09 [Veto1]:20.6931 [Veto2]:19.7175 [Veto3]:23.6542 [Veto4]:15.2819 [SgUp1]:23140 [SgUp2]:24312 [SgUp3]:24300 [SgUp4]:0 [SgLow1]:23126 [SgLow2]:24307 [SgLow3]:24291 [SgLow4]:0 [NetMuon1]:18882 [NetMuon2]:18912 [NetMuon3]:18845 [NetMuon4]:18982
[Run]:24868 [Site]:4 [Bin]:3590 [FullTime]:3600 [SkipTime]:0 [Veto1]:66.2828 [Veto2]:65.2563 [Veto3]:62.3348 [Veto4]:45.0607 [SgUp1]:68732 [SgUp2]:70824 [SgUp3]:71705 [SgUp4]:0 [SgLow1]:68706 [SgLow2]:70787 [SgLow3]:71676 [SgLow4]:0 [NetMuon1]:55656 [NetMuon2]:55636 [NetMuon3]:55715 [NetMuon4]:55978
[Run]:24868 [Site]:4 [Bin]:3591 [FullTime]:3600 [SkipTime]:0 [Veto1]:63.3227 [Veto2]:61.2364 [Veto3]:75.1704 [Veto4]:45.0828 [SgUp1]:69550 [SgUp2]:70998 [SgUp3]:70718 [SgUp4]:0 [SgLow1]:69519 [SgLow2]:70962 [SgLow3]:70693 [SgLow4]:0 [NetMuon1]:55699 [NetMuon2]:55764 [NetMuon3]:55509 [NetMuon4]:55999
[Run]:24868 [Site]:4 [Bin]:3592 [FullTime]:3600 [SkipTime]:0 [Veto1]:69.6182 [Veto2]:63.7508 [Veto3]:65.7148 [Veto4]:45.4938 [SgUp1]:68308 [SgUp2]:70802 [SgUp3]:71045 [SgUp4]:0 [SgLow1]:68282 [SgLow2]:70788 [SgLow3]:71018 [SgLow4]:0 [NetMuon1]:56094 [NetMuon2]:56212 [NetMuon3]:56171 [NetMuon4]:56492
[Run]:24868 [Site]:4 [Bin]:3593 [FullTime]:3600 [SkipTime]:0 [Veto1]:68.3284 [Veto2]:76.5101 [Veto3]:70.2345 [Veto4]:45.1236 [SgUp1]:69007 [SgUp2]:70670 [SgUp3]:71088 [SgUp4]:0 [SgLow1]:68979 [SgLow2]:70641 [SgLow3]:71062 [SgLow4]:0 [NetMuon1]:55704 [NetMuon2]:55571 [NetMuon3]:55636 [NetMuon4]:56056
[Run]:24868 [Site]:4 [Bin]:3594 [FullTime]:3600 [SkipTime]:0 [Veto1]:66.3733 [Veto2]:71.5117 [Veto3]:71.5021 [Veto4]:45.3399 [SgUp1]:69010 [SgUp2]:69989 [SgUp3]:71304 [SgUp4]:0 [SgLow1]:68985 [SgLow2]:69972 [SgLow3]:71276 [SgLow4]:0 [NetMuon1]:55979 [NetMuon2]:55922 [NetMuon3]:55902 [NetMuon4]:56313
[Run]:24868 [Site]:4 [Bin]:3595 [FullTime]:3600 [SkipTime]:0 [Veto1]:62.5651 [Veto2]:74.805 [Veto3]:64.1716 [Veto4]:45.0131 [SgUp1]:69201 [SgUp2]:70548 [SgUp3]:71072 [SgUp4]:0 [SgLow1]:69170 [SgLow2]:70525 [SgLow3]:71051 [SgLow4]:0 [NetMuon1]:55589 [NetMuon2]:55458 [NetMuon3]:55612 [NetMuon4]:55911
[Run]:24868 [Site]:4 [Bin]:3596 [FullTime]:3600 [SkipTime]:0 [Veto1]:67.4354 [Veto2]:69.5127 [Veto3]:67.5079 [Veto4]:45.2737 [SgUp1]:69349 [SgUp2]:70439 [SgUp3]:71241 [SgUp4]:0 [SgLow1]:69323 [SgLow2]:70419 [SgLow3]:71203 [SgLow4]:0 [NetMuon1]:55873 [NetMuon2]:55850 [NetMuon3]:55925 [NetMuon4]:56239
[Run]:24868 [Site]:4 [Bin]:3597 [FullTime]:3600 [SkipTime]:0 [Veto1]:61.8704 [Veto2]:70.6692 [Veto3]:77.6208 [Veto4]:45.5333 [SgUp1]:69564 [SgUp2]:70898 [SgUp3]:71108 [SgUp4]:0 [SgLow1]:69544 [SgLow2]:70865 [SgLow3]:71077 [SgLow4]:0 [NetMuon1]:56326 [NetMuon2]:56158 [NetMuon3]:56079 [NetMuon4]:56557
[Run]:24868 [Site]:4 [Bin]:3598 [FullTime]:3600 [SkipTime]:0 [Veto1]:68.6346 [Veto2]:61.7403 [Veto3]:76.5218 [Veto4]:45.4374 [SgUp1]:68866 [SgUp2]:71241 [SgUp3]:71093 [SgUp4]:0 [SgLow1]:68834 [SgLow2]:71209 [SgLow3]:71062 [SgLow4]:0 [NetMuon1]:56100 [NetMuon2]:56208 [NetMuon3]:55913 [NetMuon4]:56442
[Run]:24868 [Site]:4 [Bin]:3599 [FullTime]:3600 [SkipTime]:0 [Veto1]:65.4911 [Veto2]:62.5566 [Veto3]:62.5098 [Veto4]:45.2677 [SgUp1]:68883 [SgUp2]:71158 [SgUp3]:71649 [SgUp4]:0 [SgLow1]:68858 [SgLow2]:71124 [SgLow3]:71615 [SgLow4]:0 [NetMuon1]:55889 [NetMuon2]:55942 [NetMuon3]:55969 [NetMuon4]:56210
[Run]:24868 [Site]:4 [Bin]:3600 [FullTime]:3600 [SkipTime]:0 [Veto1]:81.0902 [Veto2]:68.2711 [Veto3]:59.3574 [Veto4]:45.1053 [SgUp1]:68786 [SgUp2]:70962 [SgUp3]:71240 [SgUp4]:0 [SgLow1]:68760 [SgLow2]:70934 [SgLow3]:71208 [SgLow4]:0 [NetMuon1]:55460 [NetMuon2]:55653 [NetMuon3]:55800 [NetMuon4]:56028
[Run]:24868 [Site]:4 [Bin]:3601 [FullTime]:3600 [SkipTime]:0 [Veto1]:65.3569 [Veto2]:59.4581 [Veto3]:61.5686 [Veto4]:45.159 [SgUp1]:69278 [SgUp2]:71083 [SgUp3]:71443 [SgUp4]:0 [SgLow1]:69239 [SgLow2]:71057 [SgLow3]:71415 [SgLow4]:0 [NetMuon1]:55710 [NetMuon2]:55808 [NetMuon3]:55781 [NetMuon4]:56057
[Run]:24868 [Site]:4 [Bin]:3602 [FullTime]:3600 [SkipTime]:0 [Veto1]:68.9627 [Veto2]:64.9764 [Veto3]:68.9695 [Veto4]:45.7672 [SgUp1]:68981 [SgUp2]:70878 [SgUp3]:71087 [SgUp4]:0 [SgLow1]:68960 [SgLow2]:70854 [SgLow3]:71063 [SgLow4]:0 [NetMuon1]:56501 [NetMuon2]:56548 [NetMuon3]:56504 [NetMuon4]:56850
[Run]:24868 [Site]:4 [Bin]:3603 [FullTime]:3600 [SkipTime]:0 [Veto1]:66.7853 [Veto2]:62.822 [Veto3]:66.8095 [Veto4]:45.5766 [SgUp1]:68621 [SgUp2]:70151 [SgUp3]:70614 [SgUp4]:0 [SgLow1]:68595 [SgLow2]:70112 [SgLow3]:70584 [SgLow4]:0 [NetMuon1]:56264 [NetMuon2]:56297 [NetMuon3]:56264 [NetMuon4]:56591
[Run]:24868 [Site]:4 [Bin]:3604 [FullTime]:3600 [SkipTime]:0 [Veto1]:64.5745 [Veto2]:65.5526 [Veto3]:64.5173 [Veto4]:45.3124 [SgUp1]:69381 [SgUp2]:70980 [SgUp3]:70928 [SgUp4]:0 [SgLow1]:69356 [SgLow2]:70945 [SgLow3]:70905 [SgLow4]:0 [NetMuon1]:55966 [NetMuon2]:55937 [NetMuon3]:55955 [NetMuon4]:56269
[Run]:24868 [Site]:4 [Bin]:3605 [FullTime]:3600 [SkipTime]:0 [Veto1]:68.6248 [Veto2]:65.7026 [Veto3]:82.3721 [Veto4]:45.4448 [SgUp1]:69418 [SgUp2]:70217 [SgUp3]:70851 [SgUp4]:0 [SgLow1]:69382 [SgLow2]:70203 [SgLow3]:70818 [SgLow4]:0 [NetMuon1]:56080 [NetMuon2]:56128 [NetMuon3]:55792 [NetMuon4]:56432
[Run]:24868 [Site]:4 [Bin]:3606 [FullTime]:3600 [SkipTime]:0 [Veto1]:71.4273 [Veto2]:71.4609 [Veto3]:68.4361 [Veto4]:45.2928 [SgUp1]:68680 [SgUp2]:70681 [SgUp3]:70616 [SgUp4]:0 [SgLow1]:68649 [SgLow2]:70654 [SgLow3]:70593 [SgLow4]:0 [NetMuon1]:55863 [NetMuon2]:55856 [NetMuon3]:55862 [NetMuon4]:56261
[Run]:24868 [Site]:4 [Bin]:3607 [FullTime]:3600 [SkipTime]:0 [Veto1]:69.4125 [Veto2]:64.4157 [Veto3]:75.3297 [Veto4]:45.2085 [SgUp1]:69055 [SgUp2]:71382 [SgUp3]:71347 [SgUp4]:0 [SgLow1]:69030 [SgLow2]:71355 [SgLow3]:71331 [SgLow4]:0 [NetMuon1]:55797 [NetMuon2]:55826 [NetMuon3]:55679 [NetMuon4]:56133
[Run]:24868 [Site]:4 [Bin]:3608 [FullTime]:3600 [SkipTime]:0 [Veto1]:67.4908 [Veto2]:67.5153 [Veto3]:66.4919 [Veto4]:45.2904 [SgUp1]:68740 [SgUp2]:70808 [SgUp3]:71094 [SgUp4]:0 [SgLow1]:68712 [SgLow2]:70787 [SgLow3]:71080 [SgLow4]:0 [NetMuon1]:55901 [NetMuon2]:55894 [NetMuon3]:55897 [NetMuon4]:56235
[Run]:24868 [Site]:4 [Bin]:3609 [FullTime]:3600 [SkipTime]:0 [Veto1]:63.694 [Veto2]:59.7685 [Veto3]:73.6289 [Veto4]:45.4626 [SgUp1]:69320 [SgUp2]:70570 [SgUp3]:70990 [SgUp4]:0 [SgLow1]:69286 [SgLow2]:70546 [SgLow3]:70969 [SgLow4]:0 [NetMuon1]:56202 [NetMuon2]:56280 [NetMuon3]:56101 [NetMuon4]:56499
[Run]:24868 [Site]:4 [Bin]:3610 [FullTime]:3600 [SkipTime]:0 [Veto1]:60.7547 [Veto2]:71.6302 [Veto3]:68.709 [Veto4]:45.4837 [SgUp1]:69020 [SgUp2]:70977 [SgUp3]:70487 [SgUp4]:0 [SgLow1]:69001 [SgLow2]:70947 [SgLow3]:70458 [SgLow4]:0 [NetMuon1]:56244 [NetMuon2]:56074 [NetMuon3]:56146 [NetMuon4]:56495
[Run]:24868 [Site]:4 [Bin]:3611 [FullTime]:3600 [SkipTime]:0 [Veto1]:72.4654 [Veto2]:68.5329 [Veto3]:60.6425 [Veto4]:45.3457 [SgUp1]:68795 [SgUp2]:70562 [SgUp3]:71170 [SgUp4]:0 [SgLow1]:68759 [SgLow2]:70540 [SgLow3]:71154 [SgLow4]:0 [NetMuon1]:55871 [NetMuon2]:55940 [NetMuon3]:56085 [NetMuon4]:56317
[Run]:24868 [Site]:4 [Bin]:3612 [FullTime]:785.304 [SkipTime]:2814.69 [Veto1]:13.3203 [Veto2]:20.2034 [Veto3]:15.2742 [Veto4]:10.0248 [SgUp1]:14934 [SgUp2]:15332 [SgUp3]:15533 [SgUp4]:0 [SgLow1]:14934 [SgLow2]:15327 [SgLow3]:15531 [SgLow4]:0 [NetMuon1]:12403 [NetMuon2]:12281 [NetMuon3]:12385 [NetMuon4]:12457
[Run]:24868 [Site]:4 [Bin]:3613 [FullTime]:3600 [SkipTime]:0 [Veto1]:64.4971 [Veto2]:60.5994 [Veto3]:63.542 [Veto4]:45.3245 [SgUp1]:69019 [SgUp2]:70923 [SgUp3]:71579 [SgUp4]:0 [SgLow1]:68978 [SgLow2]:70882 [SgLow3]:71555 [SgLow4]:0 [NetMuon1]:56001 [NetMuon2]:56079 [NetMuon3]:56042 [NetMuon4]:56316
[Run]:24868 [Site]:4 [Bin]:3614 [FullTime]:3600 [SkipTime]:0 [Veto1]:73.8392 [Veto2]:72.964 [Veto3]:67.9508 [Veto4]:44.8037 [SgUp1]:68936 [SgUp2]:71352 [SgUp3]:71246 [SgUp4]:0 [SgLow1]:68904 [SgLow2]:71318 [SgLow3]:71215 [SgLow4]:0 [NetMuon1]:55200 [NetMuon2]:55230 [NetMuon3]:55277 [NetMuon4]:55662
[Run]:24868 [Site]:4 [Bin]:3615 [FullTime]:3600 [SkipTime]:0 [Veto1]:62.1992 [Veto2]:62.2468 [Veto3]:65.2148 [Veto4]:44.9813 [SgUp1]:69333 [SgUp2]:70892 [SgUp3]:71505 [SgUp4]:0 [SgLow1]:69295 [SgLow2]:70863 [SgLow3]:71492 [SgLow4]:0 [NetMuon1]:55631 [NetMuon2]:55619 [NetMuon3]:55559 [NetMuon4]:55889
[Run]:24868 [Site]:4 [Bin]:3616 [FullTime]:3600 [SkipTime]:0 [Veto1]:65.2941 [Veto2]:70.1876 [Veto3]:68.1828 [Veto4]:45.0586 [SgUp1]:68448 [SgUp2]:71061 [SgUp3]:71013 [SgUp4]:0 [SgLow1]:68428 [SgLow2]:71017 [SgLow3]:70985 [SgLow4]:0 [NetMuon1]:55656 [NetMuon2]:55551 [NetMuon3]:55546 [NetMuon4]:55949
[Run]:24868 [Site]:4 [Bin]:3617 [FullTime]:3600 [SkipTime]:0 [Veto1]:67.2269 [Veto2]:66.2373 [Veto3]:63.2786 [Veto4]:45.0278 [SgUp1]:69165 [SgUp2]:71068 [SgUp3]:71507 [SgUp4]:0 [SgLow1]:69144 [SgLow2]:71033 [SgLow3]:71484 [SgLow4]:0 [NetMuon1]:55612 [NetMuon2]:55606 [NetMuon3]:55679 [NetMuon4]:55940
[Run]:24868 [Site]:4 [Bin]:3618 [FullTime]:3600 [SkipTime]:0 [Veto1]:62.7491 [Veto2]:60.3392 [Veto3]:73.5307 [Veto4]:45.4689 [SgUp1]:69307 [SgUp2]:71111 [SgUp3]:71434 [SgUp4]:0 [SgLow1]:69286 [SgLow2]:71079 [SgLow3]:71419 [SgLow4]:0 [NetMuon1]:56224 [NetMuon2]:56271 [NetMuon3]:56016 [NetMuon4]:56497
[Run]:24868 [Site]:4 [Bin]:3620 [FullTime]:841.257 [SkipTime]:0 [Veto1]:15.7484 [Veto2]:12.8033 [Veto3]:14.766 [Veto4]:10.488 [SgUp1]:16090 [SgUp2]:16612 [SgUp3]:16848 [SgUp4]:0 [SgLow1]:16083 [SgLow2]:16603 [SgLow3]:16846 [SgLow4]:0 [NetMuon1]:12908 [NetMuon2]:12959 [NetMuon3]:12938 [NetMuon4]:13011
[Run]:24868 [Site]:4 [Bin]:3621 [FullTime]:3600 [SkipTime]:0 [Veto1]:65.5329 [Veto2]:68.3354 [Veto3]:73.4105 [Veto4]:45.3083 [SgUp1]:69676 [SgUp2]:70729 [SgUp3]:71129 [SgUp4]:0 [SgLow1]:69658 [SgLow2]:70709 [SgLow3]:71101 [SgLow4]:0 [NetMuon1]:55993 [NetMuon2]:55915 [NetMuon3]:55821 [NetMuon4]:56266
[Run]:24868 [Site]:4 [Bin]:3622 [FullTime]:3600 [SkipTime]:0 [Veto1]:67.558 [Veto2]:64.6525 [Veto3]:65.5842 [Veto4]:45.39 [SgUp1]:69291 [SgUp2]:71097 [SgUp3]:71370 [SgUp4]:0 [SgLow1]:69262 [SgLow2]:71079 [SgLow3]:71333 [SgLow4]:0 [NetMuon1]:56011 [NetMuon2]:56056 [NetMuon3]:56063 [NetMuon4]:56366
[Run]:24868 [Site]:4 [Bin]:3623 [FullTime]:3600 [SkipTime]:0 [Veto1]:68.3915 [Veto2]:65.3011 [Veto3]:61.3518 [Veto4]:45.1074 [SgUp1]:69470 [SgUp2]:70995 [SgUp3]:71960 [SgUp4]:0 [SgLow1]:69456 [SgLow2]:70968 [SgLow3]:71914 [SgLow4]:0 [NetMuon1]:55637 [NetMuon2]:55689 [NetMuon3]:55756 [NetMuon4]:56016
End process Run: 24868 ... 
[Run]:24868 [Site]:4 [Bin]:3624 [FullTime]:3382.49 [SkipTime]:0 [Veto1]:59.6273 [Veto2]:58.6551 [Veto3]:60.646 [Veto4]:42.4745
