StreamChain add 0xa6397f0
Start to process run: 24596 ... 
[Run]:24596 [Site]:4 [Bin]:3177 [FullTime]:1673.23 [SkipTime]:0 [Veto1]:35.2762 [Veto2]:29.3764 [Veto3]:29.388 [Veto4]:21.7941 [SgUp1]:32315 [SgUp2]:33410 [SgUp3]:33077 [SgUp4]:0 [SgLow1]:32302 [SgLow2]:33394 [SgLow3]:33058 [SgLow4]:0 [NetMuon1]:26820 [NetMuon2]:26925 [NetMuon3]:26919 [NetMuon4]:27045
[Run]:24596 [Site]:4 [Bin]:3178 [FullTime]:3600 [SkipTime]:0 [Veto1]:71.3769 [Veto2]:68.4416 [Veto3]:75.2975 [Veto4]:45.2811 [SgUp1]:69714 [SgUp2]:71633 [SgUp3]:71058 [SgUp4]:0 [SgLow1]:69689 [SgLow2]:71606 [SgLow3]:71032 [SgLow4]:0 [NetMuon1]:55796 [NetMuon2]:55865 [NetMuon3]:55682 [NetMuon4]:56213
[Run]:24596 [Site]:4 [Bin]:3179 [FullTime]:3600 [SkipTime]:0 [Veto1]:69.9247 [Veto2]:67.9088 [Veto3]:66.9569 [Veto4]:45.7509 [SgUp1]:69667 [SgUp2]:71427 [SgUp3]:71340 [SgUp4]:0 [SgLow1]:69643 [SgLow2]:71392 [SgLow3]:71318 [SgLow4]:0 [NetMuon1]:56449 [NetMuon2]:56467 [NetMuon3]:56508 [NetMuon4]:56833
[Run]:24596 [Site]:4 [Bin]:3180 [FullTime]:3600 [SkipTime]:0 [Veto1]:66.826 [Veto2]:64.8286 [Veto3]:72.699 [Veto4]:45.6031 [SgUp1]:69525 [SgUp2]:71775 [SgUp3]:72055 [SgUp4]:0 [SgLow1]:69497 [SgLow2]:71728 [SgLow3]:72017 [SgLow4]:0 [NetMuon1]:56268 [NetMuon2]:56317 [NetMuon3]:56226 [NetMuon4]:56622
[Run]:24596 [Site]:4 [Bin]:3181 [FullTime]:3600 [SkipTime]:0 [Veto1]:66.8694 [Veto2]:63.883 [Veto3]:70.7682 [Veto4]:45.6546 [SgUp1]:69782 [SgUp2]:71720 [SgUp3]:71925 [SgUp4]:0 [SgLow1]:69756 [SgLow2]:71691 [SgLow3]:71887 [SgLow4]:0 [NetMuon1]:56361 [NetMuon2]:56378 [NetMuon3]:56282 [NetMuon4]:56683
[Run]:24596 [Site]:4 [Bin]:3182 [FullTime]:3600 [SkipTime]:0 [Veto1]:66.884 [Veto2]:62.8988 [Veto3]:61.8842 [Veto4]:45.6774 [SgUp1]:69560 [SgUp2]:71632 [SgUp3]:72116 [SgUp4]:0 [SgLow1]:69537 [SgLow2]:71605 [SgLow3]:72092 [SgLow4]:0 [NetMuon1]:56390 [NetMuon2]:56459 [NetMuon3]:56459 [NetMuon4]:56717
[Run]:24596 [Site]:4 [Bin]:3183 [FullTime]:3600 [SkipTime]:0 [Veto1]:66.4425 [Veto2]:66.7195 [Veto3]:66.4853 [Veto4]:45.2606 [SgUp1]:70513 [SgUp2]:71137 [SgUp3]:72094 [SgUp4]:0 [SgLow1]:70480 [SgLow2]:71106 [SgLow3]:72068 [SgLow4]:0 [NetMuon1]:55871 [NetMuon2]:55827 [NetMuon3]:55851 [NetMuon4]:56186
[Run]:24596 [Site]:4 [Bin]:3184 [FullTime]:3600 [SkipTime]:0 [Veto1]:71.3777 [Veto2]:68.4404 [Veto3]:68.3817 [Veto4]:45.2754 [SgUp1]:69655 [SgUp2]:72463 [SgUp3]:72093 [SgUp4]:0 [SgLow1]:69627 [SgLow2]:72440 [SgLow3]:72058 [SgLow4]:0 [NetMuon1]:55852 [NetMuon2]:55857 [NetMuon3]:55854 [NetMuon4]:56225
[Run]:24596 [Site]:4 [Bin]:3185 [FullTime]:3600 [SkipTime]:0 [Veto1]:67.757 [Veto2]:65.9267 [Veto3]:64.7646 [Veto4]:45.5802 [SgUp1]:70053 [SgUp2]:71736 [SgUp3]:72159 [SgUp4]:0 [SgLow1]:70028 [SgLow2]:71711 [SgLow3]:72136 [SgLow4]:0 [NetMuon1]:56225 [NetMuon2]:56265 [NetMuon3]:56254 [NetMuon4]:56586
[Run]:24596 [Site]:4 [Bin]:3186 [FullTime]:3600 [SkipTime]:0 [Veto1]:64.0429 [Veto2]:62.0832 [Veto3]:61.0809 [Veto4]:45.8292 [SgUp1]:69973 [SgUp2]:71932 [SgUp3]:72241 [SgUp4]:0 [SgLow1]:69944 [SgLow2]:71913 [SgLow3]:72196 [SgLow4]:0 [NetMuon1]:56629 [NetMuon2]:56648 [NetMuon3]:56673 [NetMuon4]:56920
[Run]:24596 [Site]:4 [Bin]:3187 [FullTime]:3600 [SkipTime]:0 [Veto1]:67.8639 [Veto2]:67.8456 [Veto3]:72.8114 [Veto4]:45.6945 [SgUp1]:69861 [SgUp2]:71468 [SgUp3]:71518 [SgUp4]:0 [SgLow1]:69839 [SgLow2]:71436 [SgLow3]:71496 [SgLow4]:0 [NetMuon1]:56367 [NetMuon2]:56382 [NetMuon3]:56321 [NetMuon4]:56742
[Run]:24596 [Site]:4 [Bin]:3188 [FullTime]:3600 [SkipTime]:0 [Veto1]:65.0329 [Veto2]:64.061 [Veto3]:61.0719 [Veto4]:45.7972 [SgUp1]:69880 [SgUp2]:71502 [SgUp3]:71345 [SgUp4]:0 [SgLow1]:69858 [SgLow2]:71463 [SgLow3]:71309 [SgLow4]:0 [NetMuon1]:56555 [NetMuon2]:56572 [NetMuon3]:56627 [NetMuon4]:56858
[Run]:24596 [Site]:4 [Bin]:3189 [FullTime]:3600 [SkipTime]:0 [Veto1]:77.5799 [Veto2]:68.7605 [Veto3]:79.5112 [Veto4]:45.5273 [SgUp1]:69098 [SgUp2]:71143 [SgUp3]:71726 [SgUp4]:0 [SgLow1]:69066 [SgLow2]:71112 [SgLow3]:71690 [SgLow4]:0 [NetMuon1]:56052 [NetMuon2]:56170 [NetMuon3]:56041 [NetMuon4]:56539
[Run]:24596 [Site]:4 [Bin]:3190 [FullTime]:3600 [SkipTime]:0 [Veto1]:59.9607 [Veto2]:63.8355 [Veto3]:73.7555 [Veto4]:45.6483 [SgUp1]:69857 [SgUp2]:71169 [SgUp3]:70998 [SgUp4]:0 [SgLow1]:69809 [SgLow2]:71132 [SgLow3]:70968 [SgLow4]:0 [NetMuon1]:56499 [NetMuon2]:56388 [NetMuon3]:56224 [NetMuon4]:56709
[Run]:24596 [Site]:4 [Bin]:3191 [FullTime]:3600 [SkipTime]:0 [Veto1]:74.9827 [Veto2]:64.1716 [Veto3]:69.1119 [Veto4]:45.9316 [SgUp1]:69888 [SgUp2]:71902 [SgUp3]:71673 [SgUp4]:0 [SgLow1]:69858 [SgLow2]:71871 [SgLow3]:71653 [SgLow4]:0 [NetMuon1]:56558 [NetMuon2]:56771 [NetMuon3]:56693 [NetMuon4]:57057
[Run]:24596 [Site]:4 [Bin]:3192 [FullTime]:3600 [SkipTime]:0 [Veto1]:61.8878 [Veto2]:66.8207 [Veto3]:76.6201 [Veto4]:45.6195 [SgUp1]:70372 [SgUp2]:71269 [SgUp3]:71423 [SgUp4]:0 [SgLow1]:70341 [SgLow2]:71234 [SgLow3]:71378 [SgLow4]:0 [NetMuon1]:56410 [NetMuon2]:56305 [NetMuon3]:56149 [NetMuon4]:56658
[Run]:24596 [Site]:4 [Bin]:3193 [FullTime]:3600 [SkipTime]:0 [Veto1]:77.1975 [Veto2]:60.1865 [Veto3]:63.1333 [Veto4]:45.8821 [SgUp1]:69508 [SgUp2]:71563 [SgUp3]:71870 [SgUp4]:0 [SgLow1]:69475 [SgLow2]:71528 [SgLow3]:71846 [SgLow4]:0 [NetMuon1]:56541 [NetMuon2]:56750 [NetMuon3]:56722 [NetMuon4]:56992
[Run]:24596 [Site]:4 [Bin]:3194 [FullTime]:3600 [SkipTime]:0 [Veto1]:73.69 [Veto2]:65.7273 [Veto3]:76.6174 [Veto4]:45.5528 [SgUp1]:69528 [SgUp2]:71629 [SgUp3]:71190 [SgUp4]:0 [SgLow1]:69496 [SgLow2]:71594 [SgLow3]:71162 [SgLow4]:0 [NetMuon1]:56148 [NetMuon2]:56235 [NetMuon3]:56108 [NetMuon4]:56582
[Run]:24596 [Site]:4 [Bin]:3195 [FullTime]:3600 [SkipTime]:0 [Veto1]:62.6467 [Veto2]:67.5727 [Veto3]:65.5866 [Veto4]:45.39 [SgUp1]:69775 [SgUp2]:71160 [SgUp3]:71859 [SgUp4]:0 [SgLow1]:69749 [SgLow2]:71140 [SgLow3]:71825 [SgLow4]:0 [NetMuon1]:56075 [NetMuon2]:55971 [NetMuon3]:56031 [NetMuon4]:56339
[Run]:24596 [Site]:4 [Bin]:3196 [FullTime]:3600 [SkipTime]:0 [Veto1]:74.9663 [Veto2]:65.3337 [Veto3]:63.1327 [Veto4]:45.8956 [SgUp1]:69799 [SgUp2]:71605 [SgUp3]:71598 [SgUp4]:0 [SgLow1]:69776 [SgLow2]:71585 [SgLow3]:71561 [SgLow4]:0 [NetMuon1]:56569 [NetMuon2]:56669 [NetMuon3]:56722 [NetMuon4]:57004
[Run]:24596 [Site]:4 [Bin]:3197 [FullTime]:3600 [SkipTime]:0 [Veto1]:83.6539 [Veto2]:57.0131 [Veto3]:62.9521 [Veto4]:45.698 [SgUp1]:69862 [SgUp2]:71756 [SgUp3]:71818 [SgUp4]:0 [SgLow1]:69838 [SgLow2]:71716 [SgLow3]:71792 [SgLow4]:0 [NetMuon1]:56179 [NetMuon2]:56582 [NetMuon3]:56490 [NetMuon4]:56767
[Run]:24596 [Site]:4 [Bin]:3198 [FullTime]:3600 [SkipTime]:0 [Veto1]:75.9501 [Veto2]:79.6611 [Veto3]:66.0347 [Veto4]:45.8747 [SgUp1]:70199 [SgUp2]:71648 [SgUp3]:71601 [SgUp4]:0 [SgLow1]:70168 [SgLow2]:71618 [SgLow3]:71564 [SgLow4]:0 [NetMuon1]:56478 [NetMuon2]:56438 [NetMuon3]:56631 [NetMuon4]:56964
[Run]:24596 [Site]:4 [Bin]:3199 [FullTime]:3600 [SkipTime]:0 [Veto1]:61.3166 [Veto2]:67.1698 [Veto3]:68.1797 [Veto4]:45.9647 [SgUp1]:70039 [SgUp2]:71789 [SgUp3]:71345 [SgUp4]:0 [SgLow1]:70022 [SgLow2]:71763 [SgLow3]:71312 [SgLow4]:0 [NetMuon1]:56858 [NetMuon2]:56772 [NetMuon3]:56755 [NetMuon4]:57104
[Run]:24596 [Site]:4 [Bin]:3200 [FullTime]:3600 [SkipTime]:0 [Veto1]:69.2713 [Veto2]:67.2471 [Veto3]:70.214 [Veto4]:46.0399 [SgUp1]:69917 [SgUp2]:71957 [SgUp3]:71397 [SgUp4]:0 [SgLow1]:69896 [SgLow2]:71926 [SgLow3]:71361 [SgLow4]:0 [NetMuon1]:56806 [NetMuon2]:56784 [NetMuon3]:56790 [NetMuon4]:57151
[Run]:24596 [Site]:4 [Bin]:3201 [FullTime]:3600 [SkipTime]:0 [Veto1]:70.108 [Veto2]:55.2682 [Veto3]:64.1434 [Veto4]:45.9308 [SgUp1]:69647 [SgUp2]:72413 [SgUp3]:72370 [SgUp4]:0 [SgLow1]:69619 [SgLow2]:72371 [SgLow3]:72336 [SgLow4]:0 [NetMuon1]:56633 [NetMuon2]:56847 [NetMuon3]:56708 [NetMuon4]:57012
[Run]:24596 [Site]:4 [Bin]:3202 [FullTime]:3600.01 [SkipTime]:0 [Veto1]:67.0882 [Veto2]:72.1093 [Veto3]:75.71 [Veto4]:45.9713 [SgUp1]:69424 [SgUp2]:71830 [SgUp3]:71547 [SgUp4]:0 [SgLow1]:69397 [SgLow2]:71794 [SgLow3]:71529 [SgLow4]:0 [NetMuon1]:56789 [NetMuon2]:56689 [NetMuon3]:56645 [NetMuon4]:57111
[Run]:24596 [Site]:4 [Bin]:3203 [FullTime]:3599.99 [SkipTime]:0 [Veto1]:62.8697 [Veto2]:68.7741 [Veto3]:63.8972 [Veto4]:45.6234 [SgUp1]:69987 [SgUp2]:71957 [SgUp3]:71033 [SgUp4]:0 [SgLow1]:69966 [SgLow2]:71939 [SgLow3]:71011 [SgLow4]:0 [NetMuon1]:56392 [NetMuon2]:56314 [NetMuon3]:56407 [NetMuon4]:56672
[Run]:24596 [Site]:4 [Bin]:3204 [FullTime]:3600 [SkipTime]:0 [Veto1]:63.771 [Veto2]:73.6993 [Veto3]:74.6987 [Veto4]:45.5905 [SgUp1]:70260 [SgUp2]:71790 [SgUp3]:71726 [SgUp4]:0 [SgLow1]:70243 [SgLow2]:71764 [SgLow3]:71708 [SgLow4]:0 [NetMuon1]:56318 [NetMuon2]:56193 [NetMuon3]:56181 [NetMuon4]:56636
[Run]:24596 [Site]:4 [Bin]:3205 [FullTime]:3600 [SkipTime]:0 [Veto1]:64.6256 [Veto2]:70.5302 [Veto3]:59.6936 [Veto4]:45.4287 [SgUp1]:69775 [SgUp2]:71635 [SgUp3]:71731 [SgUp4]:0 [SgLow1]:69740 [SgLow2]:71607 [SgLow3]:71695 [SgLow4]:0 [NetMuon1]:56124 [NetMuon2]:56008 [NetMuon3]:56178 [NetMuon4]:56424
[Run]:24596 [Site]:4 [Bin]:3206 [FullTime]:3600 [SkipTime]:0 [Veto1]:71.7014 [Veto2]:66.7762 [Veto3]:74.6001 [Veto4]:45.5585 [SgUp1]:69852 [SgUp2]:71541 [SgUp3]:71382 [SgUp4]:0 [SgLow1]:69826 [SgLow2]:71520 [SgLow3]:71339 [SgLow4]:0 [NetMuon1]:56188 [NetMuon2]:56273 [NetMuon3]:56131 [NetMuon4]:56590
[Run]:24596 [Site]:4 [Bin]:3207 [FullTime]:3600 [SkipTime]:0 [Veto1]:68.4153 [Veto2]:61.4664 [Veto3]:66.619 [Veto4]:45.2184 [SgUp1]:69524 [SgUp2]:71675 [SgUp3]:71737 [SgUp4]:0 [SgLow1]:69497 [SgLow2]:71648 [SgLow3]:71727 [SgLow4]:0 [NetMuon1]:55828 [NetMuon2]:55904 [NetMuon3]:55845 [NetMuon4]:56171
[Run]:24596 [Site]:4 [Bin]:3208 [FullTime]:3600 [SkipTime]:0 [Veto1]:70.7314 [Veto2]:72.6993 [Veto3]:70.673 [Veto4]:45.5845 [SgUp1]:70265 [SgUp2]:71712 [SgUp3]:71522 [SgUp4]:0 [SgLow1]:70242 [SgLow2]:71692 [SgLow3]:71505 [SgLow4]:0 [NetMuon1]:56228 [NetMuon2]:56164 [NetMuon3]:56219 [NetMuon4]:56619
[Run]:24596 [Site]:4 [Bin]:3209 [FullTime]:3600 [SkipTime]:0 [Veto1]:67.5101 [Veto2]:71.43 [Veto3]:66.458 [Veto4]:45.2685 [SgUp1]:69910 [SgUp2]:71471 [SgUp3]:71379 [SgUp4]:0 [SgLow1]:69880 [SgLow2]:71449 [SgLow3]:71347 [SgLow4]:0 [NetMuon1]:55947 [NetMuon2]:55818 [NetMuon3]:55912 [NetMuon4]:56241
[Run]:24596 [Site]:4 [Bin]:3210 [FullTime]:3600 [SkipTime]:0 [Veto1]:78.2679 [Veto2]:65.4065 [Veto3]:64.4346 [Veto4]:45.2087 [SgUp1]:69441 [SgUp2]:71055 [SgUp3]:72497 [SgUp4]:0 [SgLow1]:69414 [SgLow2]:71025 [SgLow3]:72457 [SgLow4]:0 [NetMuon1]:55624 [NetMuon2]:55874 [NetMuon3]:55884 [NetMuon4]:56174
[Run]:24596 [Site]:4 [Bin]:3211 [FullTime]:3600 [SkipTime]:0 [Veto1]:66.3905 [Veto2]:68.4092 [Veto3]:69.3471 [Veto4]:45.2211 [SgUp1]:69537 [SgUp2]:71094 [SgUp3]:71452 [SgUp4]:0 [SgLow1]:69509 [SgLow2]:71065 [SgLow3]:71425 [SgLow4]:0 [NetMuon1]:55840 [NetMuon2]:55846 [NetMuon3]:55801 [NetMuon4]:56186
[Run]:24596 [Site]:4 [Bin]:3212 [FullTime]:3600 [SkipTime]:0 [Veto1]:70.4624 [Veto2]:61.5729 [Veto3]:78.3818 [Veto4]:45.3176 [SgUp1]:69831 [SgUp2]:71164 [SgUp3]:71785 [SgUp4]:0 [SgLow1]:69802 [SgLow2]:71137 [SgLow3]:71760 [SgLow4]:0 [NetMuon1]:55905 [NetMuon2]:56013 [NetMuon3]:55784 [NetMuon4]:56285
[Run]:24596 [Site]:4 [Bin]:3213 [FullTime]:3600 [SkipTime]:0 [Veto1]:70.7867 [Veto2]:61.9334 [Veto3]:63.8745 [Veto4]:45.6346 [SgUp1]:69616 [SgUp2]:71339 [SgUp3]:71941 [SgUp4]:0 [SgLow1]:69586 [SgLow2]:71300 [SgLow3]:71896 [SgLow4]:0 [NetMuon1]:56304 [NetMuon2]:56435 [NetMuon3]:56395 [NetMuon4]:56682
[Run]:24596 [Site]:4 [Bin]:3214 [FullTime]:3600 [SkipTime]:0 [Veto1]:64.7862 [Veto2]:66.809 [Veto3]:72.6769 [Veto4]:45.5768 [SgUp1]:69666 [SgUp2]:71351 [SgUp3]:72095 [SgUp4]:0 [SgLow1]:69632 [SgLow2]:71330 [SgLow3]:72049 [SgLow4]:0 [NetMuon1]:56286 [NetMuon2]:56255 [NetMuon3]:56132 [NetMuon4]:56591
[Run]:24596 [Site]:4 [Bin]:3215 [FullTime]:3600 [SkipTime]:0 [Veto1]:66.3159 [Veto2]:65.3075 [Veto3]:72.2045 [Veto4]:45.0833 [SgUp1]:69100 [SgUp2]:70673 [SgUp3]:71727 [SgUp4]:0 [SgLow1]:69083 [SgLow2]:70652 [SgLow3]:71710 [SgLow4]:0 [NetMuon1]:55679 [NetMuon2]:55682 [NetMuon3]:55571 [NetMuon4]:56010
[Run]:24596 [Site]:4 [Bin]:3216 [FullTime]:3600 [SkipTime]:0 [Veto1]:69.6149 [Veto2]:59.7599 [Veto3]:66.6017 [Veto4]:45.4585 [SgUp1]:69643 [SgUp2]:71158 [SgUp3]:72097 [SgUp4]:0 [SgLow1]:69616 [SgLow2]:71141 [SgLow3]:72068 [SgLow4]:0 [NetMuon1]:56050 [NetMuon2]:56227 [NetMuon3]:56093 [NetMuon4]:56454
[Run]:24596 [Site]:4 [Bin]:3217 [FullTime]:3600 [SkipTime]:0 [Veto1]:67.621 [Veto2]:64.6524 [Veto3]:69.0811 [Veto4]:45.4088 [SgUp1]:69659 [SgUp2]:71385 [SgUp3]:71818 [SgUp4]:0 [SgLow1]:69640 [SgLow2]:71355 [SgLow3]:71787 [SgLow4]:0 [NetMuon1]:56053 [NetMuon2]:56106 [NetMuon3]:56025 [NetMuon4]:56386
[Run]:24596 [Site]:4 [Bin]:3218 [FullTime]:3600 [SkipTime]:0 [Veto1]:66.6371 [Veto2]:61.7226 [Veto3]:60.6819 [Veto4]:45.4591 [SgUp1]:69178 [SgUp2]:71093 [SgUp3]:72140 [SgUp4]:0 [SgLow1]:69147 [SgLow2]:71061 [SgLow3]:72113 [SgLow4]:0 [NetMuon1]:56130 [NetMuon2]:56166 [NetMuon3]:56192 [NetMuon4]:56446
[Run]:24596 [Site]:4 [Bin]:3219 [FullTime]:3600 [SkipTime]:0 [Veto1]:78.4217 [Veto2]:67.5683 [Veto3]:70.5174 [Veto4]:45.3873 [SgUp1]:68213 [SgUp2]:71140 [SgUp3]:72174 [SgUp4]:0 [SgLow1]:68174 [SgLow2]:71108 [SgLow3]:72147 [SgLow4]:0 [NetMuon1]:55850 [NetMuon2]:56035 [NetMuon3]:55997 [NetMuon4]:56391
End process Run: 24596 ... 
[Run]:24596 [Site]:4 [Bin]:3220 [FullTime]:1131.6 [SkipTime]:0 [Veto1]:19.6006 [Veto2]:17.5668 [Veto3]:19.5592 [Veto4]:14.1819
