StreamChain add 0x126337f0
Start to process run: 24737 ... 
[Run]:24737 [Site]:4 [Bin]:3439 [FullTime]:322.745 [SkipTime]:0 [Veto1]:8.27709 [Veto2]:7.28885 [Veto3]:8.28267 [Veto4]:4.19527 [SgUp1]:6143 [SgUp2]:6239 [SgUp3]:6344 [SgUp4]:0 [SgLow1]:6143 [SgLow2]:6239 [SgLow3]:6344 [SgLow4]:0 [NetMuon1]:5138 [NetMuon2]:5158 [NetMuon3]:5146 [NetMuon4]:5207
[Run]:24737 [Site]:4 [Bin]:3440 [FullTime]:3600 [SkipTime]:0 [Veto1]:63.6085 [Veto2]:69.5453 [Veto3]:66.6387 [Veto4]:46.41 [SgUp1]:69499 [SgUp2]:71187 [SgUp3]:71321 [SgUp4]:0 [SgLow1]:69476 [SgLow2]:71167 [SgLow3]:71280 [SgLow4]:0 [NetMuon1]:57381 [NetMuon2]:57289 [NetMuon3]:57348 [NetMuon4]:57667
[Run]:24737 [Site]:4 [Bin]:3441 [FullTime]:3600 [SkipTime]:0 [Veto1]:71.5708 [Veto2]:69.6246 [Veto3]:61.6787 [Veto4]:46.4574 [SgUp1]:69458 [SgUp2]:71190 [SgUp3]:71481 [SgUp4]:0 [SgLow1]:69430 [SgLow2]:71161 [SgLow3]:71441 [SgLow4]:0 [NetMuon1]:57254 [NetMuon2]:57305 [NetMuon3]:57429 [NetMuon4]:57665
[Run]:24737 [Site]:4 [Bin]:3442 [FullTime]:3600 [SkipTime]:0 [Veto1]:62.718 [Veto2]:70.589 [Veto3]:64.6836 [Veto4]:46.4675 [SgUp1]:69831 [SgUp2]:71310 [SgUp3]:71209 [SgUp4]:0 [SgLow1]:69802 [SgLow2]:71279 [SgLow3]:71168 [SgLow4]:0 [NetMuon1]:57389 [NetMuon2]:57269 [NetMuon3]:57381 [NetMuon4]:57670
[Run]:24737 [Site]:4 [Bin]:3443 [FullTime]:3600 [SkipTime]:0 [Veto1]:68.2706 [Veto2]:57.411 [Veto3]:70.2749 [Veto4]:46.1027 [SgUp1]:69796 [SgUp2]:71426 [SgUp3]:71362 [SgUp4]:0 [SgLow1]:69766 [SgLow2]:71394 [SgLow3]:71346 [SgLow4]:0 [NetMuon1]:56863 [NetMuon2]:57090 [NetMuon3]:56862 [NetMuon4]:57259
[Run]:24737 [Site]:4 [Bin]:3444 [FullTime]:3600 [SkipTime]:0 [Veto1]:69.7901 [Veto2]:63.9232 [Veto3]:75.7427 [Veto4]:46.666 [SgUp1]:69292 [SgUp2]:71439 [SgUp3]:71544 [SgUp4]:0 [SgLow1]:69266 [SgLow2]:71400 [SgLow3]:71531 [SgLow4]:0 [NetMuon1]:57556 [NetMuon2]:57659 [NetMuon3]:57452 [NetMuon4]:57934
[Run]:24737 [Site]:4 [Bin]:3445 [FullTime]:3600 [SkipTime]:0 [Veto1]:70.8857 [Veto2]:65.6032 [Veto3]:59.7005 [Veto4]:46.3912 [SgUp1]:69313 [SgUp2]:71006 [SgUp3]:71785 [SgUp4]:0 [SgLow1]:69278 [SgLow2]:70975 [SgLow3]:71765 [SgLow4]:0 [NetMuon1]:57196 [NetMuon2]:57309 [NetMuon3]:57392 [NetMuon4]:57616
[Run]:24737 [Site]:4 [Bin]:3446 [FullTime]:3600 [SkipTime]:0 [Veto1]:70.9815 [Veto2]:71.4733 [Veto3]:71.9726 [Veto4]:46.8528 [SgUp1]:69592 [SgUp2]:71038 [SgUp3]:71518 [SgUp4]:0 [SgLow1]:69578 [SgLow2]:71010 [SgLow3]:71484 [SgLow4]:0 [NetMuon1]:57760 [NetMuon2]:57782 [NetMuon3]:57727 [NetMuon4]:58159
[Run]:24737 [Site]:4 [Bin]:3447 [FullTime]:3600 [SkipTime]:0 [Veto1]:69.4744 [Veto2]:69.5335 [Veto3]:71.543 [Veto4]:46.3497 [SgUp1]:69149 [SgUp2]:71228 [SgUp3]:71316 [SgUp4]:0 [SgLow1]:69104 [SgLow2]:71179 [SgLow3]:71296 [SgLow4]:0 [NetMuon1]:57193 [NetMuon2]:57182 [NetMuon3]:57198 [NetMuon4]:57568
[Run]:24737 [Site]:4 [Bin]:3448 [FullTime]:3600 [SkipTime]:0 [Veto1]:72.3264 [Veto2]:71.3256 [Veto3]:76.3124 [Veto4]:46.1605 [SgUp1]:69328 [SgUp2]:71160 [SgUp3]:71289 [SgUp4]:0 [SgLow1]:69298 [SgLow2]:71135 [SgLow3]:71262 [SgLow4]:0 [NetMuon1]:56938 [NetMuon2]:56907 [NetMuon3]:56874 [NetMuon4]:57333
[Run]:24737 [Site]:4 [Bin]:3449 [FullTime]:3600 [SkipTime]:0 [Veto1]:64.2974 [Veto2]:69.9005 [Veto3]:68.8433 [Veto4]:45.7413 [SgUp1]:69828 [SgUp2]:70531 [SgUp3]:71420 [SgUp4]:0 [SgLow1]:69816 [SgLow2]:70507 [SgLow3]:71391 [SgLow4]:0 [NetMuon1]:56484 [NetMuon2]:56417 [NetMuon3]:56373 [NetMuon4]:56789
[Run]:24737 [Site]:4 [Bin]:3450 [FullTime]:3600 [SkipTime]:0 [Veto1]:70.0631 [Veto2]:64.1794 [Veto3]:69.0998 [Veto4]:45.9057 [SgUp1]:69783 [SgUp2]:71350 [SgUp3]:71322 [SgUp4]:0 [SgLow1]:69762 [SgLow2]:71331 [SgLow3]:71292 [SgLow4]:0 [NetMuon1]:56661 [NetMuon2]:56740 [NetMuon3]:56669 [NetMuon4]:57037
[Run]:24737 [Site]:4 [Bin]:3451 [FullTime]:3600 [SkipTime]:0 [Veto1]:61.4758 [Veto2]:70.3894 [Veto3]:64.4439 [Veto4]:45.2324 [SgUp1]:69459 [SgUp2]:70644 [SgUp3]:71397 [SgUp4]:0 [SgLow1]:69446 [SgLow2]:70614 [SgLow3]:71372 [SgLow4]:0 [NetMuon1]:55909 [NetMuon2]:55802 [NetMuon3]:55856 [NetMuon4]:56167
[Run]:24737 [Site]:4 [Bin]:3452 [FullTime]:3600 [SkipTime]:0 [Veto1]:66.0371 [Veto2]:66.1705 [Veto3]:71.1228 [Veto4]:46.0099 [SgUp1]:69667 [SgUp2]:71109 [SgUp3]:71571 [SgUp4]:0 [SgLow1]:69630 [SgLow2]:71081 [SgLow3]:71540 [SgLow4]:0 [NetMuon1]:56829 [NetMuon2]:56835 [NetMuon3]:56717 [NetMuon4]:57138
[Run]:24737 [Site]:4 [Bin]:3453 [FullTime]:3600 [SkipTime]:0 [Veto1]:60.9169 [Veto2]:80.6576 [Veto3]:61.1015 [Veto4]:45.6808 [SgUp1]:69550 [SgUp2]:71299 [SgUp3]:72356 [SgUp4]:0 [SgLow1]:69535 [SgLow2]:71279 [SgLow3]:72330 [SgLow4]:0 [NetMuon1]:56501 [NetMuon2]:56137 [NetMuon3]:56493 [NetMuon4]:56747
[Run]:24737 [Site]:4 [Bin]:3454 [FullTime]:3600 [SkipTime]:0 [Veto1]:63.7671 [Veto2]:73.4443 [Veto3]:70.4475 [Veto4]:46.3164 [SgUp1]:69759 [SgUp2]:71322 [SgUp3]:71944 [SgUp4]:0 [SgLow1]:69743 [SgLow2]:71304 [SgLow3]:71932 [SgLow4]:0 [NetMuon1]:57249 [NetMuon2]:57063 [NetMuon3]:57113 [NetMuon4]:57507
[Run]:24737 [Site]:4 [Bin]:3455 [FullTime]:3600.01 [SkipTime]:0 [Veto1]:67.1167 [Veto2]:71.0714 [Veto3]:69.1102 [Veto4]:45.9566 [SgUp1]:69702 [SgUp2]:70930 [SgUp3]:71711 [SgUp4]:0 [SgLow1]:69686 [SgLow2]:70920 [SgLow3]:71675 [SgLow4]:0 [NetMuon1]:56704 [NetMuon2]:56663 [NetMuon3]:56686 [NetMuon4]:57074
[Run]:24737 [Site]:4 [Bin]:3456 [FullTime]:3600 [SkipTime]:0 [Veto1]:66.1191 [Veto2]:67.1075 [Veto3]:65.1275 [Veto4]:45.9016 [SgUp1]:69524 [SgUp2]:71122 [SgUp3]:71676 [SgUp4]:0 [SgLow1]:69501 [SgLow2]:71089 [SgLow3]:71656 [SgLow4]:0 [NetMuon1]:56696 [NetMuon2]:56668 [NetMuon3]:56728 [NetMuon4]:57011
[Run]:24737 [Site]:4 [Bin]:3457 [FullTime]:3600 [SkipTime]:0 [Veto1]:73.8441 [Veto2]:67.9173 [Veto3]:65.9482 [Veto4]:46.7028 [SgUp1]:69461 [SgUp2]:71048 [SgUp3]:71895 [SgUp4]:0 [SgLow1]:69419 [SgLow2]:71021 [SgLow3]:71868 [SgLow4]:0 [NetMuon1]:57550 [NetMuon2]:57667 [NetMuon3]:57660 [NetMuon4]:57995
[Run]:24737 [Site]:4 [Bin]:3458 [FullTime]:3600 [SkipTime]:0 [Veto1]:73.3592 [Veto2]:74.3512 [Veto3]:65.4772 [Veto4]:46.2655 [SgUp1]:69382 [SgUp2]:70977 [SgUp3]:71293 [SgUp4]:0 [SgLow1]:69360 [SgLow2]:70930 [SgLow3]:71261 [SgLow4]:0 [NetMuon1]:56988 [NetMuon2]:56996 [NetMuon3]:57136 [NetMuon4]:57447
[Run]:24737 [Site]:4 [Bin]:3459 [FullTime]:3600 [SkipTime]:0 [Veto1]:67.0165 [Veto2]:64.096 [Veto3]:69.0329 [Veto4]:45.8174 [SgUp1]:69726 [SgUp2]:70827 [SgUp3]:71683 [SgUp4]:0 [SgLow1]:69688 [SgLow2]:70813 [SgLow3]:71644 [SgLow4]:0 [NetMuon1]:56523 [NetMuon2]:56583 [NetMuon3]:56543 [NetMuon4]:56890
[Run]:24737 [Site]:4 [Bin]:3460 [FullTime]:3600 [SkipTime]:0 [Veto1]:75.034 [Veto2]:64.1315 [Veto3]:74.3714 [Veto4]:45.9161 [SgUp1]:69974 [SgUp2]:71356 [SgUp3]:71206 [SgUp4]:0 [SgLow1]:69950 [SgLow2]:71334 [SgLow3]:71193 [SgLow4]:0 [NetMuon1]:56557 [NetMuon2]:56654 [NetMuon3]:56571 [NetMuon4]:56991
[Run]:24737 [Site]:4 [Bin]:3461 [FullTime]:3600 [SkipTime]:0 [Veto1]:66.3286 [Veto2]:61.4215 [Veto3]:67.3635 [Veto4]:46.1208 [SgUp1]:69454 [SgUp2]:71102 [SgUp3]:71775 [SgUp4]:0 [SgLow1]:69422 [SgLow2]:71083 [SgLow3]:71741 [SgLow4]:0 [NetMuon1]:56956 [NetMuon2]:57050 [NetMuon3]:56949 [NetMuon4]:57295
[Run]:24737 [Site]:4 [Bin]:3462 [FullTime]:3600 [SkipTime]:0 [Veto1]:73.6299 [Veto2]:68.6228 [Veto3]:72.6511 [Veto4]:45.4836 [SgUp1]:68938 [SgUp2]:71484 [SgUp3]:71706 [SgUp4]:0 [SgLow1]:68912 [SgLow2]:71448 [SgLow3]:71678 [SgLow4]:0 [NetMuon1]:56027 [NetMuon2]:56107 [NetMuon3]:56071 [NetMuon4]:56484
[Run]:24737 [Site]:4 [Bin]:3463 [FullTime]:3600 [SkipTime]:0 [Veto1]:65.1576 [Veto2]:63.1688 [Veto3]:71.0783 [Veto4]:45.9308 [SgUp1]:69685 [SgUp2]:71178 [SgUp3]:71750 [SgUp4]:0 [SgLow1]:69663 [SgLow2]:71153 [SgLow3]:71731 [SgLow4]:0 [NetMuon1]:56713 [NetMuon2]:56760 [NetMuon3]:56636 [NetMuon4]:57033
[Run]:24737 [Site]:4 [Bin]:3464 [FullTime]:3600 [SkipTime]:0 [Veto1]:78.4019 [Veto2]:62.6047 [Veto3]:72.4938 [Veto4]:45.3887 [SgUp1]:68977 [SgUp2]:71435 [SgUp3]:71140 [SgUp4]:0 [SgLow1]:68944 [SgLow2]:71398 [SgLow3]:71130 [SgLow4]:0 [NetMuon1]:55848 [NetMuon2]:56073 [NetMuon3]:55968 [NetMuon4]:56380
[Run]:24737 [Site]:4 [Bin]:3465 [FullTime]:3600 [SkipTime]:0 [Veto1]:71.5551 [Veto2]:67.1221 [Veto3]:72.5156 [Veto4]:45.4272 [SgUp1]:69090 [SgUp2]:70933 [SgUp3]:71277 [SgUp4]:0 [SgLow1]:69076 [SgLow2]:70915 [SgLow3]:71242 [SgLow4]:0 [NetMuon1]:56021 [NetMuon2]:56067 [NetMuon3]:55970 [NetMuon4]:56405
[Run]:24737 [Site]:4 [Bin]:3466 [FullTime]:3600 [SkipTime]:0 [Veto1]:65.7171 [Veto2]:67.7703 [Veto3]:74.6286 [Veto4]:45.5231 [SgUp1]:70225 [SgUp2]:70932 [SgUp3]:71708 [SgUp4]:0 [SgLow1]:70201 [SgLow2]:70887 [SgLow3]:71682 [SgLow4]:0 [NetMuon1]:56182 [NetMuon2]:56192 [NetMuon3]:56027 [NetMuon4]:56510
[Run]:24737 [Site]:4 [Bin]:3467 [FullTime]:3600 [SkipTime]:0 [Veto1]:67.2664 [Veto2]:70.6108 [Veto3]:69.8501 [Veto4]:46.0504 [SgUp1]:69760 [SgUp2]:71292 [SgUp3]:71957 [SgUp4]:0 [SgLow1]:69745 [SgLow2]:71254 [SgLow3]:71940 [SgLow4]:0 [NetMuon1]:56839 [NetMuon2]:56775 [NetMuon3]:56810 [NetMuon4]:57183
[Run]:24737 [Site]:4 [Bin]:3468 [FullTime]:3600 [SkipTime]:0 [Veto1]:64.3402 [Veto2]:65.3706 [Veto3]:80.1396 [Veto4]:45.157 [SgUp1]:69830 [SgUp2]:71468 [SgUp3]:71141 [SgUp4]:0 [SgLow1]:69809 [SgLow2]:71440 [SgLow3]:71109 [SgLow4]:0 [NetMuon1]:55786 [NetMuon2]:55784 [NetMuon3]:55530 [NetMuon4]:56087
[Run]:24737 [Site]:4 [Bin]:3469 [FullTime]:3600 [SkipTime]:0 [Veto1]:60.986 [Veto2]:64.0159 [Veto3]:64.971 [Veto4]:45.7473 [SgUp1]:69997 [SgUp2]:71052 [SgUp3]:71654 [SgUp4]:0 [SgLow1]:69963 [SgLow2]:71017 [SgLow3]:71626 [SgLow4]:0 [NetMuon1]:56551 [NetMuon2]:56525 [NetMuon3]:56519 [NetMuon4]:56805
[Run]:24737 [Site]:4 [Bin]:3470 [FullTime]:3600 [SkipTime]:0 [Veto1]:57.9359 [Veto2]:65.8491 [Veto3]:59.9722 [Veto4]:45.6759 [SgUp1]:69503 [SgUp2]:71296 [SgUp3]:71739 [SgUp4]:0 [SgLow1]:69471 [SgLow2]:71263 [SgLow3]:71700 [SgLow4]:0 [NetMuon1]:56487 [NetMuon2]:56365 [NetMuon3]:56502 [NetMuon4]:56713
[Run]:24737 [Site]:4 [Bin]:3471 [FullTime]:3600 [SkipTime]:0 [Veto1]:73.0408 [Veto2]:72.7461 [Veto3]:68.773 [Veto4]:45.6008 [SgUp1]:69298 [SgUp2]:70806 [SgUp3]:71288 [SgUp4]:0 [SgLow1]:69270 [SgLow2]:70780 [SgLow3]:71260 [SgLow4]:0 [NetMuon1]:56223 [NetMuon2]:56234 [NetMuon3]:56298 [NetMuon4]:56648
[Run]:24737 [Site]:4 [Bin]:3472 [FullTime]:3600 [SkipTime]:0 [Veto1]:65.8749 [Veto2]:70.9423 [Veto3]:73.8712 [Veto4]:45.7594 [SgUp1]:69679 [SgUp2]:70863 [SgUp3]:71382 [SgUp4]:0 [SgLow1]:69649 [SgLow2]:70812 [SgLow3]:71362 [SgLow4]:0 [NetMuon1]:56490 [NetMuon2]:56444 [NetMuon3]:56398 [NetMuon4]:56830
[Run]:24737 [Site]:4 [Bin]:3473 [FullTime]:3600 [SkipTime]:0 [Veto1]:67.9542 [Veto2]:65.0066 [Veto3]:77.7662 [Veto4]:45.7608 [SgUp1]:69436 [SgUp2]:71670 [SgUp3]:71173 [SgUp4]:0 [SgLow1]:69415 [SgLow2]:71644 [SgLow3]:71153 [SgLow4]:0 [NetMuon1]:56493 [NetMuon2]:56549 [NetMuon3]:56322 [NetMuon4]:56860
[Run]:24737 [Site]:4 [Bin]:3474 [FullTime]:3600 [SkipTime]:0 [Veto1]:73.8758 [Veto2]:71.9132 [Veto3]:69.9434 [Veto4]:45.7756 [SgUp1]:69202 [SgUp2]:70759 [SgUp3]:71465 [SgUp4]:0 [SgLow1]:69180 [SgLow2]:70741 [SgLow3]:71441 [SgLow4]:0 [NetMuon1]:56385 [NetMuon2]:56402 [NetMuon3]:56441 [NetMuon4]:56851
[Run]:24737 [Site]:4 [Bin]:3475 [FullTime]:3600 [SkipTime]:0 [Veto1]:61.9057 [Veto2]:65.8589 [Veto3]:72.0407 [Veto4]:45.6414 [SgUp1]:69582 [SgUp2]:71668 [SgUp3]:71454 [SgUp4]:0 [SgLow1]:69553 [SgLow2]:71632 [SgLow3]:71421 [SgLow4]:0 [NetMuon1]:56420 [NetMuon2]:56350 [NetMuon3]:56274 [NetMuon4]:56687
[Run]:24737 [Site]:4 [Bin]:3476 [FullTime]:3600 [SkipTime]:0 [Veto1]:66.8909 [Veto2]:69.5886 [Veto3]:67.904 [Veto4]:45.7194 [SgUp1]:69441 [SgUp2]:71378 [SgUp3]:71635 [SgUp4]:0 [SgLow1]:69410 [SgLow2]:71348 [SgLow3]:71592 [SgLow4]:0 [NetMuon1]:56441 [NetMuon2]:56373 [NetMuon3]:56387 [NetMuon4]:56768
[Run]:24737 [Site]:4 [Bin]:3477 [FullTime]:3600 [SkipTime]:0 [Veto1]:68.4977 [Veto2]:67.5172 [Veto3]:68.5017 [Veto4]:45.3333 [SgUp1]:69555 [SgUp2]:71278 [SgUp3]:71253 [SgUp4]:0 [SgLow1]:69530 [SgLow2]:71256 [SgLow3]:71220 [SgLow4]:0 [NetMuon1]:55955 [NetMuon2]:55955 [NetMuon3]:55947 [NetMuon4]:56304
[Run]:24737 [Site]:4 [Bin]:3478 [FullTime]:3600 [SkipTime]:0 [Veto1]:77.017 [Veto2]:65.5935 [Veto3]:70.4834 [Veto4]:45.3671 [SgUp1]:69180 [SgUp2]:71431 [SgUp3]:71613 [SgUp4]:0 [SgLow1]:69156 [SgLow2]:71399 [SgLow3]:71589 [SgLow4]:0 [NetMuon1]:55871 [NetMuon2]:56007 [NetMuon3]:55941 [NetMuon4]:56352
End process Run: 24737 ... 
[Run]:24737 [Site]:4 [Bin]:3479 [FullTime]:3302.1 [SkipTime]:0 [Veto1]:63.8641 [Veto2]:60.4507 [Veto3]:66.8211 [Veto4]:41.8283
