StreamChain add 0x1d357f0
Start to process run: 26263 ... 
[Run]:26263 [Site]:4 [Bin]:4807 [FullTime]:9.40014 [SkipTime]:0 [Veto1]:0.125742 [Veto2]:0.127728 [Veto3]:0.126142 [Veto4]:0.121742 [SgUp1]:161 [SgUp2]:153 [SgUp3]:201 [SgUp4]:0 [SgLow1]:161 [SgLow2]:153 [SgLow3]:201 [SgLow4]:0 [NetMuon1]:152 [NetMuon2]:152 [NetMuon3]:152 [NetMuon4]:152
[Run]:26263 [Site]:4 [Bin]:4808 [FullTime]:3600 [SkipTime]:0 [Veto1]:70.5836 [Veto2]:66.6608 [Veto3]:66.6637 [Veto4]:45.4377 [SgUp1]:68814 [SgUp2]:70703 [SgUp3]:70241 [SgUp4]:0 [SgLow1]:68781 [SgLow2]:70680 [SgLow3]:70210 [SgLow4]:0 [NetMuon1]:56055 [NetMuon2]:56138 [NetMuon3]:56085 [NetMuon4]:56437
[Run]:26263 [Site]:4 [Bin]:4809 [FullTime]:3600 [SkipTime]:0 [Veto1]:74.3001 [Veto2]:62.1785 [Veto3]:66.4018 [Veto4]:45.2127 [SgUp1]:68622 [SgUp2]:70997 [SgUp3]:70648 [SgUp4]:0 [SgLow1]:68604 [SgLow2]:70977 [SgLow3]:70622 [SgLow4]:0 [NetMuon1]:55742 [NetMuon2]:55905 [NetMuon3]:55839 [NetMuon4]:56183
[Run]:26263 [Site]:4 [Bin]:4810 [FullTime]:3600 [SkipTime]:0 [Veto1]:69.6223 [Veto2]:64.6972 [Veto3]:60.758 [Veto4]:45.4728 [SgUp1]:68742 [SgUp2]:70619 [SgUp3]:70852 [SgUp4]:0 [SgLow1]:68715 [SgLow2]:70591 [SgLow3]:70826 [SgLow4]:0 [NetMuon1]:56062 [NetMuon2]:56153 [NetMuon3]:56233 [NetMuon4]:56475
[Run]:26263 [Site]:4 [Bin]:4811 [FullTime]:3600 [SkipTime]:0 [Veto1]:74.6919 [Veto2]:67.7894 [Veto3]:66.1207 [Veto4]:45.6206 [SgUp1]:69029 [SgUp2]:70262 [SgUp3]:70388 [SgUp4]:0 [SgLow1]:69009 [SgLow2]:70230 [SgLow3]:70362 [SgLow4]:0 [NetMuon1]:56226 [NetMuon2]:56339 [NetMuon3]:56362 [NetMuon4]:56669
[Run]:26263 [Site]:4 [Bin]:4812 [FullTime]:3600 [SkipTime]:0 [Veto1]:74.5972 [Veto2]:64.6447 [Veto3]:63.6965 [Veto4]:45.4232 [SgUp1]:69106 [SgUp2]:70803 [SgUp3]:70493 [SgUp4]:0 [SgLow1]:69081 [SgLow2]:70779 [SgLow3]:70452 [SgLow4]:0 [NetMuon1]:55958 [NetMuon2]:56081 [NetMuon3]:56109 [NetMuon4]:56404
[Run]:26263 [Site]:4 [Bin]:4813 [FullTime]:3600 [SkipTime]:0 [Veto1]:63.9779 [Veto2]:73.5929 [Veto3]:69.6309 [Veto4]:45.4756 [SgUp1]:69059 [SgUp2]:70379 [SgUp3]:70440 [SgUp4]:0 [SgLow1]:69044 [SgLow2]:70366 [SgLow3]:70420 [SgLow4]:0 [NetMuon1]:56181 [NetMuon2]:56057 [NetMuon3]:56123 [NetMuon4]:56491
[Run]:26263 [Site]:4 [Bin]:4814 [FullTime]:3600 [SkipTime]:0 [Veto1]:74.3885 [Veto2]:65.9125 [Veto3]:75.3533 [Veto4]:45.2746 [SgUp1]:68907 [SgUp2]:70577 [SgUp3]:70907 [SgUp4]:0 [SgLow1]:68883 [SgLow2]:70557 [SgLow3]:70866 [SgLow4]:0 [NetMuon1]:55770 [NetMuon2]:55893 [NetMuon3]:55757 [NetMuon4]:56221
[Run]:26263 [Site]:4 [Bin]:4815 [FullTime]:3600 [SkipTime]:0 [Veto1]:72.5937 [Veto2]:65.7021 [Veto3]:68.6431 [Veto4]:45.4457 [SgUp1]:68653 [SgUp2]:70183 [SgUp3]:70701 [SgUp4]:0 [SgLow1]:68626 [SgLow2]:70162 [SgLow3]:70683 [SgLow4]:0 [NetMuon1]:56014 [NetMuon2]:56136 [NetMuon3]:56076 [NetMuon4]:56454
[Run]:26263 [Site]:4 [Bin]:4816 [FullTime]:3600 [SkipTime]:0 [Veto1]:60.5605 [Veto2]:72.3751 [Veto3]:68.475 [Veto4]:45.2676 [SgUp1]:69002 [SgUp2]:70270 [SgUp3]:70730 [SgUp4]:0 [SgLow1]:68966 [SgLow2]:70232 [SgLow3]:70692 [SgLow4]:0 [NetMuon1]:55986 [NetMuon2]:55798 [NetMuon3]:55880 [NetMuon4]:56227
[Run]:26263 [Site]:4 [Bin]:4817 [FullTime]:3600 [SkipTime]:0 [Veto1]:72.8424 [Veto2]:71.0121 [Veto3]:64.9749 [Veto4]:45.7278 [SgUp1]:68564 [SgUp2]:70057 [SgUp3]:70904 [SgUp4]:0 [SgLow1]:68533 [SgLow2]:70021 [SgLow3]:70876 [SgLow4]:0 [NetMuon1]:56341 [NetMuon2]:56345 [NetMuon3]:56447 [NetMuon4]:56776
[Run]:26263 [Site]:4 [Bin]:4823 [FullTime]:1189.6 [SkipTime]:0 [Veto1]:17.5412 [Veto2]:20.5295 [Veto3]:20.4928 [Veto4]:15.0976 [SgUp1]:22962 [SgUp2]:23571 [SgUp3]:23163 [SgUp4]:0 [SgLow1]:22950 [SgLow2]:23561 [SgLow3]:23141 [SgLow4]:0 [NetMuon1]:18697 [NetMuon2]:18655 [NetMuon3]:18645 [NetMuon4]:18742
[Run]:26263 [Site]:4 [Bin]:4824 [FullTime]:3600 [SkipTime]:0 [Veto1]:63.2811 [Veto2]:72.3138 [Veto3]:71.1563 [Veto4]:46.0729 [SgUp1]:69364 [SgUp2]:69894 [SgUp3]:70267 [SgUp4]:0 [SgLow1]:69333 [SgLow2]:69883 [SgLow3]:70232 [SgLow4]:0 [NetMuon1]:56890 [NetMuon2]:56788 [NetMuon3]:56787 [NetMuon4]:57217
[Run]:26263 [Site]:4 [Bin]:4825 [FullTime]:3600 [SkipTime]:0 [Veto1]:68.9438 [Veto2]:74.3309 [Veto3]:68.0061 [Veto4]:45.7927 [SgUp1]:68960 [SgUp2]:70258 [SgUp3]:70769 [SgUp4]:0 [SgLow1]:68922 [SgLow2]:70238 [SgLow3]:70740 [SgLow4]:0 [NetMuon1]:56490 [NetMuon2]:56433 [NetMuon3]:56487 [NetMuon4]:56860
[Run]:26263 [Site]:4 [Bin]:4826 [FullTime]:3600 [SkipTime]:0 [Veto1]:74.0785 [Veto2]:67.2227 [Veto3]:74.067 [Veto4]:45.9554 [SgUp1]:68932 [SgUp2]:70045 [SgUp3]:70359 [SgUp4]:0 [SgLow1]:68905 [SgLow2]:70025 [SgLow3]:70326 [SgLow4]:0 [NetMuon1]:56668 [NetMuon2]:56765 [NetMuon3]:56627 [NetMuon4]:57073
[Run]:26263 [Site]:4 [Bin]:4827 [FullTime]:3600 [SkipTime]:0 [Veto1]:68.0561 [Veto2]:62.1274 [Veto3]:73.0223 [Veto4]:45.8914 [SgUp1]:69099 [SgUp2]:70598 [SgUp3]:70349 [SgUp4]:0 [SgLow1]:69068 [SgLow2]:70559 [SgLow3]:70329 [SgLow4]:0 [NetMuon1]:56646 [NetMuon2]:56732 [NetMuon3]:56588 [NetMuon4]:56993
[Run]:26263 [Site]:4 [Bin]:4828 [FullTime]:3600 [SkipTime]:0 [Veto1]:70.0398 [Veto2]:64.2028 [Veto3]:68.0738 [Veto4]:45.894 [SgUp1]:69069 [SgUp2]:70446 [SgUp3]:70423 [SgUp4]:0 [SgLow1]:69044 [SgLow2]:70413 [SgLow3]:70403 [SgLow4]:0 [NetMuon1]:56582 [NetMuon2]:56734 [NetMuon3]:56655 [NetMuon4]:56998
[Run]:26263 [Site]:4 [Bin]:4829 [FullTime]:3600 [SkipTime]:0 [Veto1]:66.0881 [Veto2]:67.1134 [Veto3]:67.1072 [Veto4]:45.8958 [SgUp1]:68788 [SgUp2]:70224 [SgUp3]:70687 [SgUp4]:0 [SgLow1]:68772 [SgLow2]:70206 [SgLow3]:70647 [SgLow4]:0 [NetMuon1]:56663 [NetMuon2]:56679 [NetMuon3]:56672 [NetMuon4]:56997
[Run]:26263 [Site]:4 [Bin]:4830 [FullTime]:3600 [SkipTime]:0 [Veto1]:61.4435 [Veto2]:68.3095 [Veto3]:59.4226 [Veto4]:46.1132 [SgUp1]:69419 [SgUp2]:70182 [SgUp3]:70704 [SgUp4]:0 [SgLow1]:69389 [SgLow2]:70153 [SgLow3]:70677 [SgLow4]:0 [NetMuon1]:57046 [NetMuon2]:56917 [NetMuon3]:57044 [NetMuon4]:57277
[Run]:26263 [Site]:4 [Bin]:4832 [FullTime]:221.314 [SkipTime]:0 [Veto1]:2.85905 [Veto2]:3.8463 [Veto3]:4.83842 [Veto4]:2.77061 [SgUp1]:4319 [SgUp2]:4388 [SgUp3]:4295 [SgUp4]:0 [SgLow1]:4317 [SgLow2]:4384 [SgLow3]:4290 [SgLow4]:0 [NetMuon1]:3439 [NetMuon2]:3421 [NetMuon3]:3406 [NetMuon4]:3439
[Run]:26263 [Site]:4 [Bin]:4833 [FullTime]:3600 [SkipTime]:0 [Veto1]:67.9169 [Veto2]:65.9499 [Veto3]:68.9326 [Veto4]:45.7386 [SgUp1]:68756 [SgUp2]:70231 [SgUp3]:70258 [SgUp4]:0 [SgLow1]:68725 [SgLow2]:70216 [SgLow3]:70229 [SgLow4]:0 [NetMuon1]:56453 [NetMuon2]:56479 [NetMuon3]:56452 [NetMuon4]:56805
[Run]:26263 [Site]:4 [Bin]:4834 [FullTime]:3599.99 [SkipTime]:0 [Veto1]:62.6155 [Veto2]:65.6041 [Veto3]:62.5677 [Veto4]:45.3652 [SgUp1]:69206 [SgUp2]:70737 [SgUp3]:71024 [SgUp4]:0 [SgLow1]:69165 [SgLow2]:70698 [SgLow3]:70995 [SgLow4]:0 [NetMuon1]:56058 [NetMuon2]:56025 [NetMuon3]:56067 [NetMuon4]:56344
[Run]:26263 [Site]:4 [Bin]:4835 [FullTime]:3600 [SkipTime]:0 [Veto1]:63.467 [Veto2]:63.4568 [Veto3]:68.43 [Veto4]:45.222 [SgUp1]:68752 [SgUp2]:70811 [SgUp3]:70934 [SgUp4]:0 [SgLow1]:68722 [SgLow2]:70763 [SgLow3]:70906 [SgLow4]:0 [NetMuon1]:55842 [NetMuon2]:55856 [NetMuon3]:55786 [NetMuon4]:56147
[Run]:26263 [Site]:4 [Bin]:4836 [FullTime]:3600 [SkipTime]:0 [Veto1]:66.0314 [Veto2]:68.9921 [Veto3]:65.0566 [Veto4]:45.7942 [SgUp1]:68481 [SgUp2]:70525 [SgUp3]:70404 [SgUp4]:0 [SgLow1]:68465 [SgLow2]:70497 [SgLow3]:70370 [SgLow4]:0 [NetMuon1]:56528 [NetMuon2]:56466 [NetMuon3]:56522 [NetMuon4]:56855
[Run]:26263 [Site]:4 [Bin]:4837 [FullTime]:3600 [SkipTime]:0 [Veto1]:75.1723 [Veto2]:57.2565 [Veto3]:65.1176 [Veto4]:44.92 [SgUp1]:68597 [SgUp2]:70304 [SgUp3]:70841 [SgUp4]:0 [SgLow1]:68576 [SgLow2]:70269 [SgLow3]:70800 [SgLow4]:0 [NetMuon1]:55319 [NetMuon2]:55616 [NetMuon3]:55452 [NetMuon4]:55789
[Run]:26263 [Site]:4 [Bin]:4838 [FullTime]:3600 [SkipTime]:0 [Veto1]:65.5988 [Veto2]:68.573 [Veto3]:63.6625 [Veto4]:45.3858 [SgUp1]:68676 [SgUp2]:70649 [SgUp3]:70688 [SgUp4]:0 [SgLow1]:68648 [SgLow2]:70618 [SgLow3]:70660 [SgLow4]:0 [NetMuon1]:56019 [NetMuon2]:55985 [NetMuon3]:56091 [NetMuon4]:56368
[Run]:26263 [Site]:4 [Bin]:4839 [FullTime]:3600 [SkipTime]:0 [Veto1]:67.4974 [Veto2]:60.6 [Veto3]:74.3451 [Veto4]:45.3012 [SgUp1]:68801 [SgUp2]:70842 [SgUp3]:70508 [SgUp4]:0 [SgLow1]:68771 [SgLow2]:70827 [SgLow3]:70482 [SgLow4]:0 [NetMuon1]:55909 [NetMuon2]:56035 [NetMuon3]:55760 [NetMuon4]:56262
[Run]:26263 [Site]:4 [Bin]:4840 [FullTime]:3600 [SkipTime]:0 [Veto1]:64.4018 [Veto2]:65.3665 [Veto3]:68.288 [Veto4]:45.1667 [SgUp1]:68780 [SgUp2]:70553 [SgUp3]:70603 [SgUp4]:0 [SgLow1]:68757 [SgLow2]:70522 [SgLow3]:70565 [SgLow4]:0 [NetMuon1]:55849 [NetMuon2]:55804 [NetMuon3]:55745 [NetMuon4]:56119
[Run]:26263 [Site]:4 [Bin]:4841 [FullTime]:3600 [SkipTime]:0 [Veto1]:59.5029 [Veto2]:66.4091 [Veto3]:68.4102 [Veto4]:45.1938 [SgUp1]:69162 [SgUp2]:70719 [SgUp3]:70257 [SgUp4]:0 [SgLow1]:69137 [SgLow2]:70697 [SgLow3]:70233 [SgLow4]:0 [NetMuon1]:55920 [NetMuon2]:55810 [NetMuon3]:55785 [NetMuon4]:56122
[Run]:26263 [Site]:4 [Bin]:4842 [FullTime]:3600 [SkipTime]:0 [Veto1]:61.438 [Veto2]:60.4717 [Veto3]:67.4112 [Veto4]:45.2 [SgUp1]:69012 [SgUp2]:70414 [SgUp3]:71184 [SgUp4]:0 [SgLow1]:68983 [SgLow2]:70390 [SgLow3]:71163 [SgLow4]:0 [NetMuon1]:55842 [NetMuon2]:55876 [NetMuon3]:55768 [NetMuon4]:56115
[Run]:26263 [Site]:4 [Bin]:4843 [FullTime]:3600 [SkipTime]:0 [Veto1]:59.048 [Veto2]:65.053 [Veto3]:69.9037 [Veto4]:45.7643 [SgUp1]:68943 [SgUp2]:70921 [SgUp3]:71490 [SgUp4]:0 [SgLow1]:68917 [SgLow2]:70882 [SgLow3]:71469 [SgLow4]:0 [NetMuon1]:56617 [NetMuon2]:56506 [NetMuon3]:56426 [NetMuon4]:56808
[Run]:26263 [Site]:4 [Bin]:4844 [FullTime]:3600 [SkipTime]:0 [Veto1]:69.4115 [Veto2]:64.4985 [Veto3]:71.4437 [Veto4]:45.2821 [SgUp1]:68898 [SgUp2]:69984 [SgUp3]:71029 [SgUp4]:0 [SgLow1]:68865 [SgLow2]:69962 [SgLow3]:70991 [SgLow4]:0 [NetMuon1]:55871 [NetMuon2]:55934 [NetMuon3]:55889 [NetMuon4]:56257
[Run]:26263 [Site]:4 [Bin]:4845 [FullTime]:3600 [SkipTime]:0 [Veto1]:64.8032 [Veto2]:56.9058 [Veto3]:71.6552 [Veto4]:45.5636 [SgUp1]:69038 [SgUp2]:70453 [SgUp3]:71105 [SgUp4]:0 [SgLow1]:69010 [SgLow2]:70425 [SgLow3]:71079 [SgLow4]:0 [NetMuon1]:56334 [NetMuon2]:56406 [NetMuon3]:56141 [NetMuon4]:56599
[Run]:26263 [Site]:4 [Bin]:4846 [FullTime]:3600 [SkipTime]:0 [Veto1]:65.8089 [Veto2]:74.1819 [Veto3]:68.7897 [Veto4]:45.6048 [SgUp1]:69170 [SgUp2]:70111 [SgUp3]:70961 [SgUp4]:0 [SgLow1]:69153 [SgLow2]:70091 [SgLow3]:70933 [SgLow4]:0 [NetMuon1]:56330 [NetMuon2]:56137 [NetMuon3]:56244 [NetMuon4]:56622
[Run]:26263 [Site]:4 [Bin]:4847 [FullTime]:3600 [SkipTime]:0 [Veto1]:73.4131 [Veto2]:67.4943 [Veto3]:65.5578 [Veto4]:45.3433 [SgUp1]:68309 [SgUp2]:70471 [SgUp3]:71792 [SgUp4]:0 [SgLow1]:68284 [SgLow2]:70448 [SgLow3]:71742 [SgLow4]:0 [NetMuon1]:55881 [NetMuon2]:55924 [NetMuon3]:55981 [NetMuon4]:56294
End process Run: 26263 ... 
[Run]:26263 [Site]:4 [Bin]:4848 [FullTime]:3373.83 [SkipTime]:0 [Veto1]:66.8908 [Veto2]:64.9238 [Veto3]:68.8125 [Veto4]:42.8069
