StreamChain add 0x105c67f0
Start to process run: 34753 ... 
[Run]:34753 [Site]:4 [Bin]:7432 [FullTime]:356.529 [SkipTime]:0 [Veto1]:4.65164 [Veto2]:5.63256 [Veto3]:9.5775 [Veto4]:5.64187 [SgUp1]:6962 [SgUp2]:6896 [SgUp3]:7064 [SgUp4]:7050 [SgLow1]:6962 [SgLow2]:6888 [SgLow3]:7060 [SgLow4]:7049 [NetMuon1]:5588 [NetMuon2]:5571 [NetMuon3]:5515 [NetMuon4]:5566
[Run]:34753 [Site]:4 [Bin]:7433 [FullTime]:3600 [SkipTime]:0 [Veto1]:72.8834 [Veto2]:64.9995 [Veto3]:68.0317 [Veto4]:73.7786 [SgUp1]:69552 [SgUp2]:70985 [SgUp3]:71280 [SgUp4]:70468 [SgLow1]:69521 [SgLow2]:70935 [SgLow3]:71240 [SgLow4]:70431 [NetMuon1]:56384 [NetMuon2]:56522 [NetMuon3]:56490 [NetMuon4]:56356
[Run]:34753 [Site]:4 [Bin]:7434 [FullTime]:3600 [SkipTime]:0 [Veto1]:58.0387 [Veto2]:66.8982 [Veto3]:63.9412 [Veto4]:65.8742 [SgUp1]:70240 [SgUp2]:71165 [SgUp3]:72091 [SgUp4]:70381 [SgLow1]:70203 [SgLow2]:71116 [SgLow3]:72045 [SgLow4]:70356 [NetMuon1]:56546 [NetMuon2]:56431 [NetMuon3]:56453 [NetMuon4]:56441
[Run]:34753 [Site]:4 [Bin]:7435 [FullTime]:3600 [SkipTime]:0 [Veto1]:73.7884 [Veto2]:68.8894 [Veto3]:67.9029 [Veto4]:60.9929 [SgUp1]:69596 [SgUp2]:70786 [SgUp3]:71336 [SgUp4]:70778 [SgLow1]:69557 [SgLow2]:70755 [SgLow3]:71316 [SgLow4]:70743 [NetMuon1]:56314 [NetMuon2]:56390 [NetMuon3]:56428 [NetMuon4]:56517
[Run]:34753 [Site]:4 [Bin]:7436 [FullTime]:3600 [SkipTime]:0 [Veto1]:70.8879 [Veto2]:68.8564 [Veto3]:68.9361 [Veto4]:64.6085 [SgUp1]:69394 [SgUp2]:71206 [SgUp3]:71640 [SgUp4]:70311 [SgLow1]:69370 [SgLow2]:71167 [SgLow3]:71606 [SgLow4]:70267 [NetMuon1]:56393 [NetMuon2]:56380 [NetMuon3]:56423 [NetMuon4]:56442
[Run]:34753 [Site]:4 [Bin]:7437 [FullTime]:3600 [SkipTime]:0 [Veto1]:77.9727 [Veto2]:71.012 [Veto3]:72.9762 [Veto4]:73.0065 [SgUp1]:69606 [SgUp2]:70749 [SgUp3]:71822 [SgUp4]:70714 [SgLow1]:69581 [SgLow2]:70717 [SgLow3]:71792 [SgLow4]:70700 [NetMuon1]:56492 [NetMuon2]:56574 [NetMuon3]:56531 [NetMuon4]:56528
[Run]:34753 [Site]:4 [Bin]:7438 [FullTime]:3600 [SkipTime]:0 [Veto1]:60.9657 [Veto2]:62.9202 [Veto3]:67.8546 [Veto4]:67.4584 [SgUp1]:69653 [SgUp2]:70427 [SgUp3]:71500 [SgUp4]:70235 [SgLow1]:69612 [SgLow2]:70386 [SgLow3]:71475 [SgLow4]:70206 [NetMuon1]:56471 [NetMuon2]:56440 [NetMuon3]:56359 [NetMuon4]:56358
[Run]:34753 [Site]:4 [Bin]:7439 [FullTime]:3600 [SkipTime]:0 [Veto1]:61.706 [Veto2]:72.5602 [Veto3]:66.6594 [Veto4]:74.5071 [SgUp1]:69784 [SgUp2]:70339 [SgUp3]:71705 [SgUp4]:70349 [SgLow1]:69742 [SgLow2]:70303 [SgLow3]:71671 [SgLow4]:70316 [NetMuon1]:56165 [NetMuon2]:56031 [NetMuon3]:56104 [NetMuon4]:55959
[Run]:34753 [Site]:4 [Bin]:7440 [FullTime]:3600 [SkipTime]:0 [Veto1]:65.7023 [Veto2]:66.8708 [Veto3]:68.6226 [Veto4]:59.7408 [SgUp1]:68791 [SgUp2]:70389 [SgUp3]:71446 [SgUp4]:70291 [SgLow1]:68754 [SgLow2]:70360 [SgLow3]:71412 [SgLow4]:70247 [NetMuon1]:56137 [NetMuon2]:56090 [NetMuon3]:56069 [NetMuon4]:56212
[Run]:34753 [Site]:4 [Bin]:7441 [FullTime]:3600 [SkipTime]:0 [Veto1]:67.5103 [Veto2]:58.5947 [Veto3]:61.5751 [Veto4]:74.4403 [SgUp1]:69208 [SgUp2]:70730 [SgUp3]:71720 [SgUp4]:70517 [SgLow1]:69176 [SgLow2]:70698 [SgLow3]:71663 [SgLow4]:70492 [NetMuon1]:55941 [NetMuon2]:56086 [NetMuon3]:56046 [NetMuon4]:55841
[Run]:34753 [Site]:4 [Bin]:7442 [FullTime]:3600 [SkipTime]:0 [Veto1]:62.2329 [Veto2]:65.1688 [Veto3]:65.1847 [Veto4]:64.0909 [SgUp1]:69704 [SgUp2]:70341 [SgUp3]:71579 [SgUp4]:70312 [SgLow1]:69681 [SgLow2]:70285 [SgLow3]:71544 [SgLow4]:70282 [NetMuon1]:55569 [NetMuon2]:55501 [NetMuon3]:55531 [NetMuon4]:55484
[Run]:34753 [Site]:4 [Bin]:7443 [FullTime]:3600 [SkipTime]:0 [Veto1]:63.963 [Veto2]:65.946 [Veto3]:67.9452 [Veto4]:67.9293 [SgUp1]:69481 [SgUp2]:70688 [SgUp3]:71377 [SgUp4]:70217 [SgLow1]:69436 [SgLow2]:70654 [SgLow3]:71335 [SgLow4]:70175 [NetMuon1]:56485 [NetMuon2]:56473 [NetMuon3]:56446 [NetMuon4]:56443
[Run]:34753 [Site]:4 [Bin]:7444 [FullTime]:3600 [SkipTime]:0 [Veto1]:68.4887 [Veto2]:61.5396 [Veto3]:75.3883 [Veto4]:67.5237 [SgUp1]:69525 [SgUp2]:70881 [SgUp3]:71840 [SgUp4]:70397 [SgLow1]:69506 [SgLow2]:70834 [SgLow3]:71814 [SgLow4]:70365 [NetMuon1]:57112 [NetMuon2]:57214 [NetMuon3]:57007 [NetMuon4]:57148
[Run]:34753 [Site]:4 [Bin]:7445 [FullTime]:3600 [SkipTime]:0 [Veto1]:70.7806 [Veto2]:74.6949 [Veto3]:80.6134 [Veto4]:73.6569 [SgUp1]:69529 [SgUp2]:70432 [SgUp3]:70938 [SgUp4]:70151 [SgLow1]:69505 [SgLow2]:70390 [SgLow3]:70901 [SgLow4]:70126 [NetMuon1]:57464 [NetMuon2]:57385 [NetMuon3]:57299 [NetMuon4]:57380
[Run]:34753 [Site]:4 [Bin]:7446 [FullTime]:3600 [SkipTime]:0 [Veto1]:64.1605 [Veto2]:57.2321 [Veto3]:66.5094 [Veto4]:66.148 [SgUp1]:69629 [SgUp2]:70748 [SgUp3]:71581 [SgUp4]:70122 [SgLow1]:69589 [SgLow2]:70728 [SgLow3]:71546 [SgLow4]:70088 [NetMuon1]:56677 [NetMuon2]:56785 [NetMuon3]:56627 [NetMuon4]:56652
[Run]:34753 [Site]:4 [Bin]:7447 [FullTime]:3600 [SkipTime]:0 [Veto1]:70.3017 [Veto2]:66.3192 [Veto3]:70.2623 [Veto4]:66.2603 [SgUp1]:69642 [SgUp2]:70493 [SgUp3]:71197 [SgUp4]:70135 [SgLow1]:69614 [SgLow2]:70441 [SgLow3]:71155 [SgLow4]:70094 [NetMuon1]:56853 [NetMuon2]:56897 [NetMuon3]:56893 [NetMuon4]:56934
[Run]:34753 [Site]:4 [Bin]:7448 [FullTime]:3600 [SkipTime]:0 [Veto1]:71.9894 [Veto2]:72.0073 [Veto3]:78.8279 [Veto4]:65.0518 [SgUp1]:69655 [SgUp2]:69864 [SgUp3]:71270 [SgUp4]:70289 [SgLow1]:69628 [SgLow2]:69833 [SgLow3]:71234 [SgLow4]:70277 [NetMuon1]:56554 [NetMuon2]:56584 [NetMuon3]:56412 [NetMuon4]:56661
[Run]:34753 [Site]:4 [Bin]:7449 [FullTime]:3600 [SkipTime]:0 [Veto1]:68.3898 [Veto2]:68.3156 [Veto3]:68.3529 [Veto4]:68.3463 [SgUp1]:69234 [SgUp2]:70501 [SgUp3]:72171 [SgUp4]:69929 [SgLow1]:69205 [SgLow2]:70459 [SgLow3]:72138 [SgLow4]:69891 [NetMuon1]:56955 [NetMuon2]:56941 [NetMuon3]:56946 [NetMuon4]:56973
[Run]:34753 [Site]:4 [Bin]:7450 [FullTime]:3600 [SkipTime]:0 [Veto1]:69.2315 [Veto2]:67.9656 [Veto3]:64.9718 [Veto4]:64.9797 [SgUp1]:69449 [SgUp2]:70532 [SgUp3]:71471 [SgUp4]:70643 [SgLow1]:69408 [SgLow2]:70498 [SgLow3]:71429 [SgLow4]:70608 [NetMuon1]:56515 [NetMuon2]:56485 [NetMuon3]:56536 [NetMuon4]:56541
[Run]:34753 [Site]:4 [Bin]:7451 [FullTime]:3600 [SkipTime]:0 [Veto1]:73.2882 [Veto2]:66.3342 [Veto3]:64.3443 [Veto4]:64.3676 [SgUp1]:69603 [SgUp2]:70990 [SgUp3]:71513 [SgUp4]:69971 [SgLow1]:69567 [SgLow2]:70947 [SgLow3]:71482 [SgLow4]:69947 [NetMuon1]:56872 [NetMuon2]:56974 [NetMuon3]:57008 [NetMuon4]:57012
[Run]:34753 [Site]:4 [Bin]:7452 [FullTime]:3600 [SkipTime]:0 [Veto1]:70.2016 [Veto2]:68.2626 [Veto3]:70.2351 [Veto4]:73.1453 [SgUp1]:70262 [SgUp2]:71004 [SgUp3]:71456 [SgUp4]:70011 [SgLow1]:70223 [SgLow2]:70962 [SgLow3]:71415 [SgLow4]:69963 [NetMuon1]:56815 [NetMuon2]:56845 [NetMuon3]:56803 [NetMuon4]:56736
[Run]:34753 [Site]:4 [Bin]:7453 [FullTime]:3600 [SkipTime]:0 [Veto1]:72.9442 [Veto2]:71.2326 [Veto3]:68.9591 [Veto4]:76.5746 [SgUp1]:68943 [SgUp2]:70353 [SgUp3]:71128 [SgUp4]:69675 [SgLow1]:68915 [SgLow2]:70318 [SgLow3]:71086 [SgLow4]:69649 [NetMuon1]:57710 [NetMuon2]:57740 [NetMuon3]:57755 [NetMuon4]:57661
[Run]:34753 [Site]:4 [Bin]:7454 [FullTime]:3600 [SkipTime]:0 [Veto1]:63.931 [Veto2]:62.8896 [Veto3]:64.8701 [Veto4]:69.8112 [SgUp1]:69579 [SgUp2]:70719 [SgUp3]:71552 [SgUp4]:70173 [SgLow1]:69552 [SgLow2]:70682 [SgLow3]:71520 [SgLow4]:70140 [NetMuon1]:57648 [NetMuon2]:57617 [NetMuon3]:57625 [NetMuon4]:57493
[Run]:34753 [Site]:4 [Bin]:7455 [FullTime]:3600 [SkipTime]:0 [Veto1]:71.3712 [Veto2]:72.4171 [Veto3]:59.5604 [Veto4]:71.3826 [SgUp1]:69678 [SgUp2]:70394 [SgUp3]:72246 [SgUp4]:70600 [SgLow1]:69632 [SgLow2]:70366 [SgLow3]:72213 [SgLow4]:70571 [NetMuon1]:58248 [NetMuon2]:58219 [NetMuon3]:58412 [NetMuon4]:58183
[Run]:34753 [Site]:4 [Bin]:7456 [FullTime]:3600 [SkipTime]:0 [Veto1]:70.0389 [Veto2]:72.7061 [Veto3]:63.1093 [Veto4]:64.1261 [SgUp1]:69432 [SgUp2]:69978 [SgUp3]:71211 [SgUp4]:70431 [SgLow1]:69393 [SgLow2]:69943 [SgLow3]:71182 [SgLow4]:70401 [NetMuon1]:57794 [NetMuon2]:57758 [NetMuon3]:57902 [NetMuon4]:57887
[Run]:34753 [Site]:4 [Bin]:7457 [FullTime]:3600.01 [SkipTime]:0 [Veto1]:65.3998 [Veto2]:69.2845 [Veto3]:70.3672 [Veto4]:68.3145 [SgUp1]:69945 [SgUp2]:70544 [SgUp3]:71112 [SgUp4]:70192 [SgLow1]:69918 [SgLow2]:70505 [SgLow3]:71093 [SgLow4]:70155 [NetMuon1]:58245 [NetMuon2]:58168 [NetMuon3]:58173 [NetMuon4]:58177
[Run]:34753 [Site]:4 [Bin]:7458 [FullTime]:3599.99 [SkipTime]:0 [Veto1]:69.3121 [Veto2]:74.1759 [Veto3]:72.2108 [Veto4]:63.3527 [SgUp1]:69842 [SgUp2]:70215 [SgUp3]:71715 [SgUp4]:70455 [SgLow1]:69804 [SgLow2]:70177 [SgLow3]:71680 [SgLow4]:70434 [NetMuon1]:58164 [NetMuon2]:58051 [NetMuon3]:58091 [NetMuon4]:58241
[Run]:34753 [Site]:4 [Bin]:7459 [FullTime]:3600 [SkipTime]:0 [Veto1]:68.3198 [Veto2]:68.7615 [Veto3]:66.7199 [Veto4]:61.8747 [SgUp1]:69419 [SgUp2]:70240 [SgUp3]:71709 [SgUp4]:70603 [SgLow1]:69391 [SgLow2]:70213 [SgLow3]:71670 [SgLow4]:70564 [NetMuon1]:58672 [NetMuon2]:58697 [NetMuon3]:58684 [NetMuon4]:58794
[Run]:34753 [Site]:4 [Bin]:7460 [FullTime]:3600 [SkipTime]:0 [Veto1]:74.0071 [Veto2]:71.3613 [Veto3]:66.4698 [Veto4]:70.4491 [SgUp1]:69492 [SgUp2]:70213 [SgUp3]:71873 [SgUp4]:70123 [SgLow1]:69439 [SgLow2]:70191 [SgLow3]:71841 [SgLow4]:70078 [NetMuon1]:58262 [NetMuon2]:58259 [NetMuon3]:58373 [NetMuon4]:58325
[Run]:34753 [Site]:4 [Bin]:7461 [FullTime]:3600 [SkipTime]:0 [Veto1]:71.1719 [Veto2]:78.0676 [Veto3]:61.2844 [Veto4]:71.1555 [SgUp1]:69387 [SgUp2]:70219 [SgUp3]:71746 [SgUp4]:70269 [SgLow1]:69342 [SgLow2]:70189 [SgLow3]:71709 [SgLow4]:70245 [NetMuon1]:57972 [NetMuon2]:57863 [NetMuon3]:58112 [NetMuon4]:57982
[Run]:34753 [Site]:4 [Bin]:7462 [FullTime]:3600 [SkipTime]:0 [Veto1]:71.664 [Veto2]:68.7212 [Veto3]:63.7319 [Veto4]:71.6402 [SgUp1]:69578 [SgUp2]:70425 [SgUp3]:71826 [SgUp4]:70115 [SgLow1]:69537 [SgLow2]:70404 [SgLow3]:71791 [SgLow4]:70075 [NetMuon1]:57332 [NetMuon2]:57419 [NetMuon3]:57478 [NetMuon4]:57327
[Run]:34753 [Site]:4 [Bin]:7463 [FullTime]:3600 [SkipTime]:0 [Veto1]:77.2779 [Veto2]:74.3457 [Veto3]:65.4327 [Veto4]:72.3375 [SgUp1]:69259 [SgUp2]:70575 [SgUp3]:71356 [SgUp4]:69940 [SgLow1]:69227 [SgLow2]:70552 [SgLow3]:71320 [SgLow4]:69889 [NetMuon1]:56933 [NetMuon2]:56973 [NetMuon3]:57099 [NetMuon4]:56963
[Run]:34753 [Site]:4 [Bin]:7464 [FullTime]:3600 [SkipTime]:0 [Veto1]:70.2353 [Veto2]:70.497 [Veto3]:64.6116 [Veto4]:67.5164 [SgUp1]:69195 [SgUp2]:70573 [SgUp3]:71283 [SgUp4]:70755 [SgLow1]:69166 [SgLow2]:70540 [SgLow3]:71248 [SgLow4]:70717 [NetMuon1]:55941 [NetMuon2]:55925 [NetMuon3]:56044 [NetMuon4]:55965
[Run]:34753 [Site]:4 [Bin]:7465 [FullTime]:3600 [SkipTime]:0 [Veto1]:71.4748 [Veto2]:75.0859 [Veto3]:71.1467 [Veto4]:68.1779 [SgUp1]:69096 [SgUp2]:70465 [SgUp3]:70753 [SgUp4]:70633 [SgLow1]:69069 [SgLow2]:70438 [SgLow3]:70721 [SgLow4]:70596 [NetMuon1]:56703 [NetMuon2]:56623 [NetMuon3]:56707 [NetMuon4]:56707
[Run]:34753 [Site]:4 [Bin]:7466 [FullTime]:3600 [SkipTime]:0 [Veto1]:72.2685 [Veto2]:68.3365 [Veto3]:67.3729 [Veto4]:67.3712 [SgUp1]:69434 [SgUp2]:70408 [SgUp3]:71270 [SgUp4]:69274 [SgLow1]:69416 [SgLow2]:70360 [SgLow3]:71230 [SgLow4]:69242 [NetMuon1]:56882 [NetMuon2]:56973 [NetMuon3]:56968 [NetMuon4]:56973
[Run]:34753 [Site]:4 [Bin]:7467 [FullTime]:3600.01 [SkipTime]:0 [Veto1]:61.5842 [Veto2]:64.5305 [Veto3]:72.3896 [Veto4]:79.3028 [SgUp1]:69504 [SgUp2]:70464 [SgUp3]:71211 [SgUp4]:70135 [SgLow1]:69480 [SgLow2]:70438 [SgLow3]:71176 [SgLow4]:70109 [NetMuon1]:57223 [NetMuon2]:57195 [NetMuon3]:57013 [NetMuon4]:56938
[Run]:34753 [Site]:4 [Bin]:7468 [FullTime]:3600 [SkipTime]:0 [Veto1]:73.0774 [Veto2]:69.0721 [Veto3]:76.0211 [Veto4]:71.072 [SgUp1]:69066 [SgUp2]:69952 [SgUp3]:71129 [SgUp4]:70257 [SgLow1]:69035 [SgLow2]:69925 [SgLow3]:71100 [SgLow4]:70227 [NetMuon1]:56609 [NetMuon2]:56633 [NetMuon3]:56533 [NetMuon4]:56606
[Run]:34753 [Site]:4 [Bin]:7469 [FullTime]:3600 [SkipTime]:0 [Veto1]:69.9923 [Veto2]:68.7972 [Veto3]:68.9707 [Veto4]:67.0269 [SgUp1]:69100 [SgUp2]:70640 [SgUp3]:71050 [SgUp4]:70196 [SgLow1]:69072 [SgLow2]:70617 [SgLow3]:71018 [SgLow4]:70167 [NetMuon1]:56516 [NetMuon2]:56547 [NetMuon3]:56538 [NetMuon4]:56549
[Run]:34753 [Site]:4 [Bin]:7470 [FullTime]:3600 [SkipTime]:0 [Veto1]:64.3022 [Veto2]:72.2353 [Veto3]:66.7589 [Veto4]:68.2929 [SgUp1]:69299 [SgUp2]:70182 [SgUp3]:71831 [SgUp4]:69987 [SgLow1]:69266 [SgLow2]:70150 [SgLow3]:71798 [SgLow4]:69940 [NetMuon1]:56915 [NetMuon2]:56800 [NetMuon3]:56898 [NetMuon4]:56879
[Run]:34753 [Site]:4 [Bin]:7471 [FullTime]:3600 [SkipTime]:0 [Veto1]:65.3218 [Veto2]:60.3979 [Veto3]:69.2991 [Veto4]:65.5026 [SgUp1]:69778 [SgUp2]:70765 [SgUp3]:71521 [SgUp4]:70094 [SgLow1]:69754 [SgLow2]:70737 [SgLow3]:71485 [SgLow4]:70065 [NetMuon1]:56935 [NetMuon2]:57048 [NetMuon3]:56891 [NetMuon4]:56944
[Run]:34753 [Site]:4 [Bin]:7472 [FullTime]:3600 [SkipTime]:0 [Veto1]:66.0741 [Veto2]:64.0492 [Veto3]:64.6274 [Veto4]:67.9932 [SgUp1]:68808 [SgUp2]:70169 [SgUp3]:71153 [SgUp4]:70379 [SgLow1]:68782 [SgLow2]:70130 [SgLow3]:71112 [SgLow4]:70353 [NetMuon1]:56598 [NetMuon2]:56631 [NetMuon3]:56620 [NetMuon4]:56570
[Run]:34753 [Site]:4 [Bin]:7473 [FullTime]:3600 [SkipTime]:0 [Veto1]:75.4408 [Veto2]:58.0567 [Veto3]:67.9584 [Veto4]:65.982 [SgUp1]:69228 [SgUp2]:70865 [SgUp3]:71512 [SgUp4]:70174 [SgLow1]:69186 [SgLow2]:70836 [SgLow3]:71480 [SgLow4]:70145 [NetMuon1]:56317 [NetMuon2]:56606 [NetMuon3]:56442 [NetMuon4]:56461
[Run]:34753 [Site]:4 [Bin]:7474 [FullTime]:3600 [SkipTime]:0 [Veto1]:68.0603 [Veto2]:64.6972 [Veto3]:64.1139 [Veto4]:65.3555 [SgUp1]:69177 [SgUp2]:70843 [SgUp3]:71398 [SgUp4]:70313 [SgLow1]:69138 [SgLow2]:70806 [SgLow3]:71366 [SgLow4]:70282 [NetMuon1]:56646 [NetMuon2]:56712 [NetMuon3]:56722 [NetMuon4]:56727
[Run]:34753 [Site]:4 [Bin]:7475 [FullTime]:3600 [SkipTime]:0 [Veto1]:63.6835 [Veto2]:68.6507 [Veto3]:67.6376 [Veto4]:67.6627 [SgUp1]:69167 [SgUp2]:70785 [SgUp3]:71102 [SgUp4]:70494 [SgLow1]:69127 [SgLow2]:70729 [SgLow3]:71045 [SgLow4]:70445 [NetMuon1]:57387 [NetMuon2]:57313 [NetMuon3]:57308 [NetMuon4]:57300
[Run]:34753 [Site]:4 [Bin]:7476 [FullTime]:3600 [SkipTime]:0 [Veto1]:62.9225 [Veto2]:75.692 [Veto3]:73.756 [Veto4]:70.8405 [SgUp1]:69629 [SgUp2]:69975 [SgUp3]:71746 [SgUp4]:70933 [SgLow1]:69602 [SgLow2]:69948 [SgLow3]:71710 [SgLow4]:70916 [NetMuon1]:57650 [NetMuon2]:57440 [NetMuon3]:57479 [NetMuon4]:57523
[Run]:34753 [Site]:4 [Bin]:7477 [FullTime]:3600 [SkipTime]:0 [Veto1]:67.9894 [Veto2]:64.0086 [Veto3]:67.9359 [Veto4]:64.9941 [SgUp1]:68337 [SgUp2]:70220 [SgUp3]:71530 [SgUp4]:70437 [SgLow1]:68302 [SgLow2]:70208 [SgLow3]:71495 [SgLow4]:70413 [NetMuon1]:57740 [NetMuon2]:57790 [NetMuon3]:57731 [NetMuon4]:57793
[Run]:34753 [Site]:4 [Bin]:7478 [FullTime]:3600 [SkipTime]:0 [Veto1]:71.0462 [Veto2]:68.1176 [Veto3]:70.0136 [Veto4]:78.9222 [SgUp1]:69286 [SgUp2]:69742 [SgUp3]:70622 [SgUp4]:69879 [SgLow1]:69234 [SgLow2]:69717 [SgLow3]:70594 [SgLow4]:69852 [NetMuon1]:59013 [NetMuon2]:59081 [NetMuon3]:59023 [NetMuon4]:58904
[Run]:34753 [Site]:4 [Bin]:7479 [FullTime]:3600 [SkipTime]:0 [Veto1]:68.7082 [Veto2]:63.819 [Veto3]:80.5007 [Veto4]:69.7292 [SgUp1]:69225 [SgUp2]:70443 [SgUp3]:70578 [SgUp4]:70252 [SgLow1]:69202 [SgLow2]:70414 [SgLow3]:70548 [SgLow4]:70218 [NetMuon1]:58642 [NetMuon2]:58699 [NetMuon3]:58437 [NetMuon4]:58618
[Run]:34753 [Site]:4 [Bin]:7480 [FullTime]:3600 [SkipTime]:0 [Veto1]:69.9693 [Veto2]:71.968 [Veto3]:69.9778 [Veto4]:68.0316 [SgUp1]:68865 [SgUp2]:69787 [SgUp3]:71181 [SgUp4]:70233 [SgLow1]:68813 [SgLow2]:69752 [SgLow3]:71146 [SgLow4]:70214 [NetMuon1]:59016 [NetMuon2]:58969 [NetMuon3]:59022 [NetMuon4]:59070
[Run]:34753 [Site]:4 [Bin]:7481 [FullTime]:3600 [SkipTime]:0 [Veto1]:65.4434 [Veto2]:67.4057 [Veto3]:76.2388 [Veto4]:69.3532 [SgUp1]:69131 [SgUp2]:70462 [SgUp3]:70950 [SgUp4]:70341 [SgLow1]:69083 [SgLow2]:70430 [SgLow3]:70895 [SgLow4]:70290 [NetMuon1]:59483 [NetMuon2]:59437 [NetMuon3]:59287 [NetMuon4]:59403
[Run]:34753 [Site]:4 [Bin]:7482 [FullTime]:3600 [SkipTime]:0 [Veto1]:63.5715 [Veto2]:69.449 [Veto3]:71.4488 [Veto4]:76.41 [SgUp1]:69013 [SgUp2]:70362 [SgUp3]:70919 [SgUp4]:70355 [SgLow1]:68972 [SgLow2]:70341 [SgLow3]:70890 [SgLow4]:70323 [NetMuon1]:57223 [NetMuon2]:57132 [NetMuon3]:57102 [NetMuon4]:57039
[Run]:34753 [Site]:4 [Bin]:7483 [FullTime]:3600 [SkipTime]:0 [Veto1]:71.6293 [Veto2]:68.6466 [Veto3]:69.5581 [Veto4]:58.7339 [SgUp1]:68695 [SgUp2]:70446 [SgUp3]:71303 [SgUp4]:71070 [SgLow1]:68672 [SgLow2]:70413 [SgLow3]:71272 [SgLow4]:71025 [NetMuon1]:57275 [NetMuon2]:57380 [NetMuon3]:57305 [NetMuon4]:57489
[Run]:34753 [Site]:4 [Bin]:7484 [FullTime]:3600 [SkipTime]:0 [Veto1]:73.7911 [Veto2]:67.8872 [Veto3]:68.8897 [Veto4]:78.6945 [SgUp1]:69248 [SgUp2]:70249 [SgUp3]:70828 [SgUp4]:70935 [SgLow1]:69222 [SgLow2]:70218 [SgLow3]:70800 [SgLow4]:70899 [NetMuon1]:58710 [NetMuon2]:58829 [NetMuon3]:58806 [NetMuon4]:58638
[Run]:34753 [Site]:4 [Bin]:7485 [FullTime]:3600 [SkipTime]:0 [Veto1]:67.3298 [Veto2]:71.2931 [Veto3]:66.3268 [Veto4]:66.2668 [SgUp1]:68728 [SgUp2]:69681 [SgUp3]:70774 [SgUp4]:70691 [SgLow1]:68701 [SgLow2]:69657 [SgLow3]:70737 [SgLow4]:70657 [NetMuon1]:59372 [NetMuon2]:59269 [NetMuon3]:59368 [NetMuon4]:59365
[Run]:34753 [Site]:4 [Bin]:7486 [FullTime]:3600 [SkipTime]:0 [Veto1]:64.2167 [Veto2]:70.0028 [Veto3]:79.9773 [Veto4]:66.047 [SgUp1]:69184 [SgUp2]:70275 [SgUp3]:71110 [SgUp4]:71138 [SgLow1]:69148 [SgLow2]:70250 [SgLow3]:71067 [SgLow4]:71115 [NetMuon1]:57860 [NetMuon2]:57803 [NetMuon3]:57563 [NetMuon4]:57855
[Run]:34753 [Site]:4 [Bin]:7487 [FullTime]:3600 [SkipTime]:0 [Veto1]:71.4274 [Veto2]:62.517 [Veto3]:63.517 [Veto4]:66.4593 [SgUp1]:68983 [SgUp2]:70542 [SgUp3]:71449 [SgUp4]:70309 [SgLow1]:68959 [SgLow2]:70521 [SgLow3]:71423 [SgLow4]:70252 [NetMuon1]:55849 [NetMuon2]:55990 [NetMuon3]:56015 [NetMuon4]:55910
[Run]:34753 [Site]:4 [Bin]:7488 [FullTime]:3600 [SkipTime]:0 [Veto1]:69.4447 [Veto2]:67.4367 [Veto3]:62.5189 [Veto4]:61.5222 [SgUp1]:68960 [SgUp2]:70715 [SgUp3]:71190 [SgUp4]:70448 [SgLow1]:68933 [SgLow2]:70665 [SgLow3]:71162 [SgLow4]:70410 [NetMuon1]:55862 [NetMuon2]:55889 [NetMuon3]:55971 [NetMuon4]:55954
End process Run: 34753 ... 
[Run]:34753 [Site]:4 [Bin]:7489 [FullTime]:1365.08 [SkipTime]:0 [Veto1]:23.9149 [Veto2]:26.8468 [Veto3]:28.8608 [Veto4]:27.8557
