StreamChain add 0xc82a5a0
Start to process run: 34556 ... 
[Run]:34556 [Site]:4 [Bin]:7325 [FullTime]:3406.81 [SkipTime]:0 [Veto1]:68.2623 [Veto2]:68.2122 [Veto3]:63.3792 [Veto4]:69.2491 [SgUp1]:65555 [SgUp2]:67012 [SgUp3]:68308 [SgUp4]:66774 [SgLow1]:65509 [SgLow2]:66991 [SgLow3]:68274 [SgLow4]:66734 [NetMuon1]:52055 [NetMuon2]:52000 [NetMuon3]:52119 [NetMuon4]:52005
[Run]:34556 [Site]:4 [Bin]:7326 [FullTime]:3600 [SkipTime]:0 [Veto1]:62.5738 [Veto2]:57.5962 [Veto3]:73.4678 [Veto4]:63.564 [SgUp1]:68995 [SgUp2]:71363 [SgUp3]:71837 [SgUp4]:70780 [SgLow1]:68963 [SgLow2]:71328 [SgLow3]:71808 [SgLow4]:70749 [NetMuon1]:54761 [NetMuon2]:54819 [NetMuon3]:54596 [NetMuon4]:54749
[Run]:34556 [Site]:4 [Bin]:7327 [FullTime]:3600 [SkipTime]:0 [Veto1]:67.9301 [Veto2]:61.9489 [Veto3]:61.934 [Veto4]:65.8899 [SgUp1]:69503 [SgUp2]:70829 [SgUp3]:71553 [SgUp4]:70418 [SgLow1]:69475 [SgLow2]:70794 [SgLow3]:71509 [SgLow4]:70392 [NetMuon1]:53968 [NetMuon2]:54063 [NetMuon3]:54046 [NetMuon4]:53986
[Run]:34556 [Site]:4 [Bin]:7328 [FullTime]:3600 [SkipTime]:0 [Veto1]:72.5551 [Veto2]:71.7716 [Veto3]:58.9514 [Veto4]:70.7821 [SgUp1]:69316 [SgUp2]:71094 [SgUp3]:71930 [SgUp4]:70187 [SgLow1]:69274 [SgLow2]:71055 [SgLow3]:71884 [SgLow4]:70147 [NetMuon1]:54974 [NetMuon2]:54985 [NetMuon3]:55169 [NetMuon4]:54979
[Run]:34556 [Site]:4 [Bin]:7329 [FullTime]:3600 [SkipTime]:0 [Veto1]:64.771 [Veto2]:64.7428 [Veto3]:59.8194 [Veto4]:66.7379 [SgUp1]:69391 [SgUp2]:70444 [SgUp3]:72202 [SgUp4]:70447 [SgLow1]:69361 [SgLow2]:70422 [SgLow3]:72162 [SgLow4]:70427 [NetMuon1]:55064 [NetMuon2]:55027 [NetMuon3]:55117 [NetMuon4]:54985
[Run]:34556 [Site]:4 [Bin]:7330 [FullTime]:3600 [SkipTime]:0 [Veto1]:68.9525 [Veto2]:63.0925 [Veto3]:63.0359 [Veto4]:71.9113 [SgUp1]:69677 [SgUp2]:71415 [SgUp3]:71919 [SgUp4]:70137 [SgLow1]:69637 [SgLow2]:71386 [SgLow3]:71891 [SgLow4]:70106 [NetMuon1]:55222 [NetMuon2]:55387 [NetMuon3]:55361 [NetMuon4]:55207
[Run]:34556 [Site]:4 [Bin]:7331 [FullTime]:3600 [SkipTime]:0 [Veto1]:70.8936 [Veto2]:65.9317 [Veto3]:68.8743 [Veto4]:77.8331 [SgUp1]:69497 [SgUp2]:71311 [SgUp3]:72015 [SgUp4]:69777 [SgLow1]:69464 [SgLow2]:71275 [SgLow3]:71980 [SgLow4]:69754 [NetMuon1]:55161 [NetMuon2]:55244 [NetMuon3]:55212 [NetMuon4]:55085
[Run]:34556 [Site]:4 [Bin]:7332 [FullTime]:3600 [SkipTime]:0 [Veto1]:61.2073 [Veto2]:70.0797 [Veto3]:66.9061 [Veto4]:61.1438 [SgUp1]:69878 [SgUp2]:70608 [SgUp3]:71958 [SgUp4]:70673 [SgLow1]:69846 [SgLow2]:70575 [SgLow3]:71927 [SgLow4]:70638 [NetMuon1]:55498 [NetMuon2]:55358 [NetMuon3]:55381 [NetMuon4]:55490
[Run]:34556 [Site]:4 [Bin]:7333 [FullTime]:3600 [SkipTime]:0 [Veto1]:63.9726 [Veto2]:62.0063 [Veto3]:76.8355 [Veto4]:69.9242 [SgUp1]:69320 [SgUp2]:70983 [SgUp3]:71517 [SgUp4]:70345 [SgLow1]:69296 [SgLow2]:70948 [SgLow3]:71489 [SgLow4]:70313 [NetMuon1]:55331 [NetMuon2]:55343 [NetMuon3]:55108 [NetMuon4]:55243
[Run]:34556 [Site]:4 [Bin]:7334 [FullTime]:3600 [SkipTime]:0 [Veto1]:65.9059 [Veto2]:68.1808 [Veto3]:61.9051 [Veto4]:66.8524 [SgUp1]:69678 [SgUp2]:70696 [SgUp3]:72045 [SgUp4]:70147 [SgLow1]:69656 [SgLow2]:70660 [SgLow3]:72018 [SgLow4]:70113 [NetMuon1]:55129 [NetMuon2]:55096 [NetMuon3]:55201 [NetMuon4]:55117
[Run]:34556 [Site]:4 [Bin]:7335 [FullTime]:3600 [SkipTime]:0 [Veto1]:66.7159 [Veto2]:62.7646 [Veto3]:65.7166 [Veto4]:55.909 [SgUp1]:69281 [SgUp2]:70304 [SgUp3]:71902 [SgUp4]:70257 [SgLow1]:69260 [SgLow2]:70270 [SgLow3]:71860 [SgLow4]:70220 [NetMuon1]:54969 [NetMuon2]:55030 [NetMuon3]:54976 [NetMuon4]:55133
[Run]:34556 [Site]:4 [Bin]:7336 [FullTime]:3600 [SkipTime]:0 [Veto1]:57.197 [Veto2]:73.882 [Veto3]:69.9361 [Veto4]:70.011 [SgUp1]:69387 [SgUp2]:70090 [SgUp3]:71439 [SgUp4]:70079 [SgLow1]:69362 [SgLow2]:70044 [SgLow3]:71420 [SgLow4]:70051 [NetMuon1]:55500 [NetMuon2]:55203 [NetMuon3]:55262 [NetMuon4]:55305
[Run]:34556 [Site]:4 [Bin]:7337 [FullTime]:3600 [SkipTime]:0 [Veto1]:67.3612 [Veto2]:61.4367 [Veto3]:71.2653 [Veto4]:64.4067 [SgUp1]:69270 [SgUp2]:70983 [SgUp3]:71531 [SgUp4]:70766 [SgLow1]:69240 [SgLow2]:70968 [SgLow3]:71492 [SgLow4]:70734 [NetMuon1]:55736 [NetMuon2]:55836 [NetMuon3]:55686 [NetMuon4]:55796
[Run]:34556 [Site]:4 [Bin]:7338 [FullTime]:3600 [SkipTime]:0 [Veto1]:69.189 [Veto2]:69.2183 [Veto3]:65.222 [Veto4]:74.1661 [SgUp1]:69122 [SgUp2]:70423 [SgUp3]:72006 [SgUp4]:70304 [SgLow1]:69088 [SgLow2]:70400 [SgLow3]:71965 [SgLow4]:70275 [NetMuon1]:55546 [NetMuon2]:55565 [NetMuon3]:55621 [NetMuon4]:55481
[Run]:34556 [Site]:4 [Bin]:7339 [FullTime]:3600 [SkipTime]:0 [Veto1]:66.0972 [Veto2]:70.9185 [Veto3]:71.9571 [Veto4]:58.1247 [SgUp1]:69754 [SgUp2]:70227 [SgUp3]:72192 [SgUp4]:70586 [SgLow1]:69719 [SgLow2]:70181 [SgLow3]:72155 [SgLow4]:70563 [NetMuon1]:55377 [NetMuon2]:55237 [NetMuon3]:55260 [NetMuon4]:55480
[Run]:34556 [Site]:4 [Bin]:7340 [FullTime]:3600 [SkipTime]:0 [Veto1]:62.9578 [Veto2]:67.4447 [Veto3]:63.409 [Veto4]:66.383 [SgUp1]:69935 [SgUp2]:69943 [SgUp3]:71982 [SgUp4]:70482 [SgLow1]:69899 [SgLow2]:69928 [SgLow3]:71950 [SgLow4]:70463 [NetMuon1]:55825 [NetMuon2]:55776 [NetMuon3]:55822 [NetMuon4]:55761
[Run]:34556 [Site]:4 [Bin]:7341 [FullTime]:3600 [SkipTime]:0 [Veto1]:67.1722 [Veto2]:64.1879 [Veto3]:70.1479 [Veto4]:63.7225 [SgUp1]:69682 [SgUp2]:70379 [SgUp3]:71628 [SgUp4]:70359 [SgLow1]:69658 [SgLow2]:70347 [SgLow3]:71597 [SgLow4]:70344 [NetMuon1]:55515 [NetMuon2]:55586 [NetMuon3]:55480 [NetMuon4]:55586
[Run]:34556 [Site]:4 [Bin]:7342 [FullTime]:3600 [SkipTime]:0 [Veto1]:66.7035 [Veto2]:64.7034 [Veto3]:64.7653 [Veto4]:74.5726 [SgUp1]:69497 [SgUp2]:69921 [SgUp3]:71768 [SgUp4]:70402 [SgLow1]:69473 [SgLow2]:69888 [SgLow3]:71733 [SgLow4]:70381 [NetMuon1]:56165 [NetMuon2]:56190 [NetMuon3]:56167 [NetMuon4]:56022
[Run]:34556 [Site]:4 [Bin]:7343 [FullTime]:3600 [SkipTime]:0 [Veto1]:72.337 [Veto2]:66.7632 [Veto3]:65.5149 [Veto4]:71.4369 [SgUp1]:69010 [SgUp2]:70275 [SgUp3]:71629 [SgUp4]:69886 [SgLow1]:68987 [SgLow2]:70251 [SgLow3]:71605 [SgLow4]:69849 [NetMuon1]:55685 [NetMuon2]:55825 [NetMuon3]:55859 [NetMuon4]:55772
[Run]:34556 [Site]:4 [Bin]:7344 [FullTime]:3600 [SkipTime]:0 [Veto1]:65.6623 [Veto2]:67.9818 [Veto3]:68.6313 [Veto4]:59.7271 [SgUp1]:69940 [SgUp2]:70667 [SgUp3]:71726 [SgUp4]:70293 [SgLow1]:69904 [SgLow2]:70647 [SgLow3]:71690 [SgLow4]:70243 [NetMuon1]:54873 [NetMuon2]:54846 [NetMuon3]:54836 [NetMuon4]:54970
[Run]:34556 [Site]:4 [Bin]:7345 [FullTime]:3600 [SkipTime]:0 [Veto1]:70.2362 [Veto2]:71.2239 [Veto3]:66.2874 [Veto4]:64.336 [SgUp1]:69329 [SgUp2]:70154 [SgUp3]:72022 [SgUp4]:70811 [SgLow1]:69293 [SgLow2]:70118 [SgLow3]:72001 [SgLow4]:70769 [NetMuon1]:54364 [NetMuon2]:54376 [NetMuon3]:54454 [NetMuon4]:54498
[Run]:34556 [Site]:4 [Bin]:7346 [FullTime]:3600.01 [SkipTime]:0 [Veto1]:63.2023 [Veto2]:73.1053 [Veto3]:65.1924 [Veto4]:66.1112 [SgUp1]:69662 [SgUp2]:70596 [SgUp3]:72623 [SgUp4]:70614 [SgLow1]:69638 [SgLow2]:70562 [SgLow3]:72590 [SgLow4]:70592 [NetMuon1]:54333 [NetMuon2]:54209 [NetMuon3]:54306 [NetMuon4]:54266
[Run]:34556 [Site]:4 [Bin]:7347 [FullTime]:3600 [SkipTime]:0 [Veto1]:73.2892 [Veto2]:66.3979 [Veto3]:73.2806 [Veto4]:66.3977 [SgUp1]:69516 [SgUp2]:70792 [SgUp3]:71328 [SgUp4]:70662 [SgLow1]:69476 [SgLow2]:70774 [SgLow3]:71292 [SgLow4]:70634 [NetMuon1]:54421 [NetMuon2]:54530 [NetMuon3]:54428 [NetMuon4]:54565
[Run]:34556 [Site]:4 [Bin]:7348 [FullTime]:3600 [SkipTime]:0 [Veto1]:60.2957 [Veto2]:68.2404 [Veto3]:68.1391 [Veto4]:67.2265 [SgUp1]:69616 [SgUp2]:70425 [SgUp3]:71292 [SgUp4]:70550 [SgLow1]:69588 [SgLow2]:70380 [SgLow3]:71265 [SgLow4]:70521 [NetMuon1]:54460 [NetMuon2]:54368 [NetMuon3]:54317 [NetMuon4]:54359
[Run]:34556 [Site]:4 [Bin]:7349 [FullTime]:3600 [SkipTime]:0 [Veto1]:70.7481 [Veto2]:64.249 [Veto3]:59.3631 [Veto4]:64.2493 [SgUp1]:69631 [SgUp2]:70353 [SgUp3]:71417 [SgUp4]:70604 [SgLow1]:69594 [SgLow2]:70313 [SgLow3]:71391 [SgLow4]:70573 [NetMuon1]:55472 [NetMuon2]:55626 [NetMuon3]:55679 [NetMuon4]:55590
[Run]:34556 [Site]:4 [Bin]:7350 [FullTime]:3600 [SkipTime]:0 [Veto1]:66.3668 [Veto2]:62.3846 [Veto3]:64.3998 [Veto4]:72.2819 [SgUp1]:69734 [SgUp2]:70458 [SgUp3]:71848 [SgUp4]:70387 [SgLow1]:69672 [SgLow2]:70440 [SgLow3]:71809 [SgLow4]:70356 [NetMuon1]:55771 [NetMuon2]:55817 [NetMuon3]:55798 [NetMuon4]:55633
[Run]:34556 [Site]:4 [Bin]:7351 [FullTime]:3600 [SkipTime]:0 [Veto1]:70.4103 [Veto2]:75.4334 [Veto3]:67.4228 [Veto4]:68.3704 [SgUp1]:69020 [SgUp2]:70300 [SgUp3]:71871 [SgUp4]:70605 [SgLow1]:69007 [SgLow2]:70269 [SgLow3]:71837 [SgLow4]:70563 [NetMuon1]:55775 [NetMuon2]:55689 [NetMuon3]:55803 [NetMuon4]:55749
[Run]:34556 [Site]:4 [Bin]:7352 [FullTime]:3600 [SkipTime]:0 [Veto1]:61.6891 [Veto2]:64.6466 [Veto3]:75.4346 [Veto4]:63.5882 [SgUp1]:69926 [SgUp2]:69816 [SgUp3]:71817 [SgUp4]:70704 [SgLow1]:69901 [SgLow2]:69793 [SgLow3]:71780 [SgLow4]:70668 [NetMuon1]:54882 [NetMuon2]:54862 [NetMuon3]:54661 [NetMuon4]:54824
[Run]:34556 [Site]:4 [Bin]:7353 [FullTime]:3600 [SkipTime]:0 [Veto1]:66.8329 [Veto2]:69.7827 [Veto3]:63.8644 [Veto4]:64.8896 [SgUp1]:69681 [SgUp2]:70419 [SgUp3]:71743 [SgUp4]:70927 [SgLow1]:69646 [SgLow2]:70393 [SgLow3]:71714 [SgLow4]:70889 [NetMuon1]:55085 [NetMuon2]:55054 [NetMuon3]:55179 [NetMuon4]:55131
[Run]:34556 [Site]:4 [Bin]:7354 [FullTime]:3600 [SkipTime]:0 [Veto1]:60.6756 [Veto2]:64.5697 [Veto3]:70.4298 [Veto4]:62.6453 [SgUp1]:70299 [SgUp2]:70905 [SgUp3]:71712 [SgUp4]:70628 [SgLow1]:70277 [SgLow2]:70860 [SgLow3]:71683 [SgLow4]:70587 [NetMuon1]:56012 [NetMuon2]:55973 [NetMuon3]:55870 [NetMuon4]:56014
[Run]:34556 [Site]:4 [Bin]:7355 [FullTime]:3600 [SkipTime]:0 [Veto1]:64.8355 [Veto2]:68.5132 [Veto3]:64.8334 [Veto4]:64.8392 [SgUp1]:69675 [SgUp2]:70562 [SgUp3]:71976 [SgUp4]:70492 [SgLow1]:69644 [SgLow2]:70529 [SgLow3]:71951 [SgLow4]:70469 [NetMuon1]:55103 [NetMuon2]:55008 [NetMuon3]:55073 [NetMuon4]:55092
[Run]:34556 [Site]:4 [Bin]:7356 [FullTime]:3600 [SkipTime]:0 [Veto1]:69.1898 [Veto2]:66.2173 [Veto3]:71.0333 [Veto4]:64.2049 [SgUp1]:69847 [SgUp2]:70312 [SgUp3]:71721 [SgUp4]:70644 [SgLow1]:69814 [SgLow2]:70285 [SgLow3]:71695 [SgLow4]:70624 [NetMuon1]:55529 [NetMuon2]:55565 [NetMuon3]:55484 [NetMuon4]:55602
[Run]:34556 [Site]:4 [Bin]:7357 [FullTime]:3600 [SkipTime]:0 [Veto1]:60.7554 [Veto2]:64.6849 [Veto3]:62.7075 [Veto4]:72.5727 [SgUp1]:69706 [SgUp2]:70437 [SgUp3]:71028 [SgUp4]:70274 [SgLow1]:69684 [SgLow2]:70398 [SgLow3]:71008 [SgLow4]:70241 [NetMuon1]:55002 [NetMuon2]:54930 [NetMuon3]:54963 [NetMuon4]:54815
[Run]:34556 [Site]:4 [Bin]:7358 [FullTime]:3600 [SkipTime]:0 [Veto1]:60.2496 [Veto2]:61.9435 [Veto3]:59.2327 [Veto4]:66.1514 [SgUp1]:69740 [SgUp2]:69771 [SgUp3]:72056 [SgUp4]:70370 [SgLow1]:69711 [SgLow2]:69747 [SgLow3]:72024 [SgLow4]:70325 [NetMuon1]:55582 [NetMuon2]:55567 [NetMuon3]:55628 [NetMuon4]:55511
[Run]:34556 [Site]:4 [Bin]:7359 [FullTime]:3600 [SkipTime]:0 [Veto1]:70.3344 [Veto2]:73.2901 [Veto3]:73.3379 [Veto4]:66.3261 [SgUp1]:69149 [SgUp2]:70379 [SgUp3]:71244 [SgUp4]:71008 [SgLow1]:69102 [SgLow2]:70341 [SgLow3]:71209 [SgLow4]:70962 [NetMuon1]:55742 [NetMuon2]:55684 [NetMuon3]:55688 [NetMuon4]:55786
[Run]:34556 [Site]:4 [Bin]:7360 [FullTime]:3600 [SkipTime]:0 [Veto1]:72.2039 [Veto2]:62.3016 [Veto3]:65.309 [Veto4]:67.2809 [SgUp1]:69521 [SgUp2]:70168 [SgUp3]:71214 [SgUp4]:70794 [SgLow1]:69493 [SgLow2]:70124 [SgLow3]:71187 [SgLow4]:70754 [NetMuon1]:55539 [NetMuon2]:55685 [NetMuon3]:55644 [NetMuon4]:55636
[Run]:34556 [Site]:4 [Bin]:7361 [FullTime]:3600 [SkipTime]:0 [Veto1]:57.3484 [Veto2]:65.2422 [Veto3]:67.1588 [Veto4]:61.3067 [SgUp1]:69488 [SgUp2]:69954 [SgUp3]:71587 [SgUp4]:70295 [SgLow1]:69454 [SgLow2]:69921 [SgLow3]:71551 [SgLow4]:70264 [NetMuon1]:56998 [NetMuon2]:56867 [NetMuon3]:56865 [NetMuon4]:56932
[Run]:34556 [Site]:4 [Bin]:7362 [FullTime]:3600 [SkipTime]:0 [Veto1]:68.1463 [Veto2]:70.068 [Veto3]:74.9876 [Veto4]:62.1596 [SgUp1]:69254 [SgUp2]:69736 [SgUp3]:71080 [SgUp4]:70689 [SgLow1]:69225 [SgLow2]:69694 [SgLow3]:71047 [SgLow4]:70651 [NetMuon1]:56677 [NetMuon2]:56615 [NetMuon3]:56542 [NetMuon4]:56745
[Run]:34556 [Site]:4 [Bin]:7363 [FullTime]:3600 [SkipTime]:0 [Veto1]:68.8557 [Veto2]:65.9521 [Veto3]:69.8992 [Veto4]:61.9777 [SgUp1]:69540 [SgUp2]:70512 [SgUp3]:71127 [SgUp4]:71085 [SgLow1]:69501 [SgLow2]:70471 [SgLow3]:71096 [SgLow4]:71055 [NetMuon1]:56367 [NetMuon2]:56440 [NetMuon3]:56399 [NetMuon4]:56477
[Run]:34556 [Site]:4 [Bin]:7364 [FullTime]:3600 [SkipTime]:0 [Veto1]:68.3702 [Veto2]:66.4507 [Veto3]:69.1139 [Veto4]:69.3885 [SgUp1]:69490 [SgUp2]:70065 [SgUp3]:71696 [SgUp4]:70327 [SgLow1]:69457 [SgLow2]:70031 [SgLow3]:71651 [SgLow4]:70307 [NetMuon1]:55782 [NetMuon2]:55806 [NetMuon3]:55802 [NetMuon4]:55772
[Run]:34556 [Site]:4 [Bin]:7365 [FullTime]:3600 [SkipTime]:0 [Veto1]:71.1175 [Veto2]:66.1287 [Veto3]:79.3133 [Veto4]:73.087 [SgUp1]:69376 [SgUp2]:70516 [SgUp3]:71171 [SgUp4]:70577 [SgLow1]:69357 [SgLow2]:70491 [SgLow3]:71143 [SgLow4]:70548 [NetMuon1]:55419 [NetMuon2]:55506 [NetMuon3]:55335 [NetMuon4]:55392
[Run]:34556 [Site]:4 [Bin]:7366 [FullTime]:3600 [SkipTime]:0 [Veto1]:77.1774 [Veto2]:60.3779 [Veto3]:72.2077 [Veto4]:65.3432 [SgUp1]:69635 [SgUp2]:69789 [SgUp3]:71092 [SgUp4]:70659 [SgLow1]:69607 [SgLow2]:69754 [SgLow3]:71061 [SgLow4]:70615 [NetMuon1]:55524 [NetMuon2]:55781 [NetMuon3]:55627 [NetMuon4]:55703
[Run]:34556 [Site]:4 [Bin]:7367 [FullTime]:3600 [SkipTime]:0 [Veto1]:70.5867 [Veto2]:64.6955 [Veto3]:61.735 [Veto4]:66.7197 [SgUp1]:69454 [SgUp2]:70460 [SgUp3]:71705 [SgUp4]:71077 [SgLow1]:69422 [SgLow2]:70412 [SgLow3]:71649 [SgLow4]:71045 [NetMuon1]:56126 [NetMuon2]:56185 [NetMuon3]:56234 [NetMuon4]:56225
End process Run: 34556 ... 
[Run]:34556 [Site]:4 [Bin]:7368 [FullTime]:1120.75 [SkipTime]:0 [Veto1]:21.5628 [Veto2]:20.4591 [Veto3]:22.4075 [Veto4]:19.4703
