StreamChain add 0x11e4d7f0
Start to process run: 35383 ... 
[Run]:35383 [Site]:4 [Bin]:7944 [FullTime]:2163.66 [SkipTime]:0 [Veto1]:45.8204 [Veto2]:42.8573 [Veto3]:38.8852 [Veto4]:42.8235 [SgUp1]:41169 [SgUp2]:41796 [SgUp3]:42378 [SgUp4]:42166 [SgLow1]:41148 [SgLow2]:41790 [SgLow3]:42350 [SgLow4]:42146 [NetMuon1]:34665 [NetMuon2]:34694 [NetMuon3]:34758 [NetMuon4]:34704
[Run]:35383 [Site]:4 [Bin]:7945 [FullTime]:3600 [SkipTime]:0 [Veto1]:69.3663 [Veto2]:78.8172 [Veto3]:68.2667 [Veto4]:67.3562 [SgUp1]:68764 [SgUp2]:69145 [SgUp3]:70629 [SgUp4]:70226 [SgLow1]:68728 [SgLow2]:69112 [SgLow3]:70593 [SgLow4]:70197 [NetMuon1]:59378 [NetMuon2]:59242 [NetMuon3]:59391 [NetMuon4]:59394
[Run]:35383 [Site]:4 [Bin]:7946 [FullTime]:3600 [SkipTime]:0 [Veto1]:71.2495 [Veto2]:77.1193 [Veto3]:71.1967 [Veto4]:74.1672 [SgUp1]:68883 [SgUp2]:69016 [SgUp3]:70801 [SgUp4]:69958 [SgLow1]:68845 [SgLow2]:68992 [SgLow3]:70774 [SgLow4]:69933 [NetMuon1]:62899 [NetMuon2]:62761 [NetMuon3]:62859 [NetMuon4]:62828
[Run]:35383 [Site]:4 [Bin]:7947 [FullTime]:3600.01 [SkipTime]:0 [Veto1]:86.4096 [Veto2]:78.5138 [Veto3]:78.5076 [Veto4]:76.5848 [SgUp1]:68013 [SgUp2]:69010 [SgUp3]:70601 [SgUp4]:69974 [SgLow1]:67983 [SgLow2]:68978 [SgLow3]:70556 [SgLow4]:69947 [NetMuon1]:71533 [NetMuon2]:71659 [NetMuon3]:71699 [NetMuon4]:71748
[Run]:35383 [Site]:4 [Bin]:7948 [FullTime]:3599.99 [SkipTime]:0 [Veto1]:77.669 [Veto2]:79.6082 [Veto3]:81.5595 [Veto4]:72.703 [SgUp1]:68631 [SgUp2]:69025 [SgUp3]:70286 [SgUp4]:70004 [SgLow1]:68612 [SgLow2]:68999 [SgLow3]:70242 [SgLow4]:69982 [NetMuon1]:71782 [NetMuon2]:71747 [NetMuon3]:71684 [NetMuon4]:71892
[Run]:35383 [Site]:4 [Bin]:7949 [FullTime]:3600 [SkipTime]:0 [Veto1]:81.531 [Veto2]:85.4922 [Veto3]:74.6352 [Veto4]:74.6641 [SgUp1]:68355 [SgUp2]:68712 [SgUp3]:70761 [SgUp4]:70189 [SgLow1]:68330 [SgLow2]:68687 [SgLow3]:70726 [SgLow4]:70153 [NetMuon1]:69337 [NetMuon2]:69292 [NetMuon3]:69475 [NetMuon4]:69468
[Run]:35383 [Site]:4 [Bin]:7950 [FullTime]:3600 [SkipTime]:0 [Veto1]:75.0419 [Veto2]:76.0816 [Veto3]:76.0814 [Veto4]:70.0883 [SgUp1]:69083 [SgUp2]:69604 [SgUp3]:70052 [SgUp4]:70350 [SgLow1]:69022 [SgLow2]:69562 [SgLow3]:70028 [SgLow4]:70318 [NetMuon1]:67570 [NetMuon2]:67560 [NetMuon3]:67542 [NetMuon4]:67624
[Run]:35383 [Site]:4 [Bin]:7951 [FullTime]:3600 [SkipTime]:0 [Veto1]:79.9321 [Veto2]:75.0214 [Veto3]:66.1725 [Veto4]:70.7493 [SgUp1]:68736 [SgUp2]:69558 [SgUp3]:70811 [SgUp4]:69921 [SgLow1]:68702 [SgLow2]:69544 [SgLow3]:70778 [SgLow4]:69885 [NetMuon1]:67449 [NetMuon2]:67557 [NetMuon3]:67714 [NetMuon4]:67640
[Run]:35383 [Site]:4 [Bin]:7952 [FullTime]:3600 [SkipTime]:0 [Veto1]:70.8589 [Veto2]:76.7342 [Veto3]:81.6122 [Veto4]:85.5757 [SgUp1]:68673 [SgUp2]:68778 [SgUp3]:70361 [SgUp4]:69217 [SgLow1]:68654 [SgLow2]:68755 [SgLow3]:70332 [SgLow4]:69183 [NetMuon1]:72089 [NetMuon2]:71975 [NetMuon3]:71837 [NetMuon4]:71791
[Run]:35383 [Site]:4 [Bin]:7953 [FullTime]:3600 [SkipTime]:0 [Veto1]:77.6716 [Veto2]:77.7145 [Veto3]:78.6693 [Veto4]:80.7072 [SgUp1]:68889 [SgUp2]:69089 [SgUp3]:70480 [SgUp4]:69572 [SgLow1]:68844 [SgLow2]:69057 [SgLow3]:70446 [SgLow4]:69547 [NetMuon1]:68238 [NetMuon2]:68280 [NetMuon3]:68236 [NetMuon4]:68210
[Run]:35383 [Site]:4 [Bin]:7954 [FullTime]:3600 [SkipTime]:0 [Veto1]:69.7151 [Veto2]:66.6965 [Veto3]:73.5715 [Veto4]:68.6501 [SgUp1]:68819 [SgUp2]:69345 [SgUp3]:70424 [SgUp4]:70373 [SgLow1]:68767 [SgLow2]:69316 [SgLow3]:70385 [SgLow4]:70340 [NetMuon1]:59839 [NetMuon2]:59841 [NetMuon3]:59735 [NetMuon4]:59807
[Run]:35383 [Site]:4 [Bin]:7955 [FullTime]:3600 [SkipTime]:0 [Veto1]:77.4343 [Veto2]:76.2227 [Veto3]:73.2659 [Veto4]:76.2263 [SgUp1]:68742 [SgUp2]:69325 [SgUp3]:70221 [SgUp4]:70031 [SgLow1]:68695 [SgLow2]:69297 [SgLow3]:70185 [SgLow4]:70009 [NetMuon1]:65345 [NetMuon2]:65390 [NetMuon3]:65415 [NetMuon4]:65378
[Run]:35383 [Site]:4 [Bin]:7956 [FullTime]:3600 [SkipTime]:0 [Veto1]:71.0177 [Veto2]:76.0073 [Veto3]:72.99 [Veto4]:73.0165 [SgUp1]:69242 [SgUp2]:68539 [SgUp3]:70699 [SgUp4]:70088 [SgLow1]:69219 [SgLow2]:68504 [SgLow3]:70673 [SgLow4]:70054 [NetMuon1]:65189 [NetMuon2]:65125 [NetMuon3]:65160 [NetMuon4]:65148
[Run]:35383 [Site]:4 [Bin]:7957 [FullTime]:3600 [SkipTime]:0 [Veto1]:87.5428 [Veto2]:77.6874 [Veto3]:79.667 [Veto4]:89.4891 [SgUp1]:68630 [SgUp2]:68483 [SgUp3]:70686 [SgUp4]:70255 [SgLow1]:68602 [SgLow2]:68457 [SgLow3]:70652 [SgLow4]:70225 [NetMuon1]:70643 [NetMuon2]:70840 [NetMuon3]:70812 [NetMuon4]:70606
[Run]:35383 [Site]:4 [Bin]:7958 [FullTime]:3600 [SkipTime]:0 [Veto1]:78.4687 [Veto2]:75.539 [Veto3]:77.5471 [Veto4]:91.2095 [SgUp1]:68825 [SgUp2]:69240 [SgUp3]:70722 [SgUp4]:69510 [SgLow1]:68780 [SgLow2]:69203 [SgLow3]:70682 [SgLow4]:69492 [NetMuon1]:75488 [NetMuon2]:75539 [NetMuon3]:75524 [NetMuon4]:75195
[Run]:35383 [Site]:4 [Bin]:7959 [FullTime]:3600 [SkipTime]:0 [Veto1]:81.8875 [Veto2]:94.6956 [Veto3]:80.9035 [Veto4]:84.8006 [SgUp1]:69209 [SgUp2]:69035 [SgUp3]:70086 [SgUp4]:69553 [SgLow1]:69184 [SgLow2]:69012 [SgLow3]:70041 [SgLow4]:69508 [NetMuon1]:75991 [NetMuon2]:75734 [NetMuon3]:75995 [NetMuon4]:75877
[Run]:35383 [Site]:4 [Bin]:7960 [FullTime]:3600 [SkipTime]:0 [Veto1]:74.9756 [Veto2]:80.8226 [Veto3]:75.9159 [Veto4]:80.8499 [SgUp1]:69318 [SgUp2]:69082 [SgUp3]:70562 [SgUp4]:70125 [SgLow1]:69283 [SgLow2]:69047 [SgLow3]:70529 [SgLow4]:70102 [NetMuon1]:72372 [NetMuon2]:72260 [NetMuon3]:72362 [NetMuon4]:72280
[Run]:35383 [Site]:4 [Bin]:7961 [FullTime]:3600 [SkipTime]:0 [Veto1]:86.083 [Veto2]:81.1561 [Veto3]:82.1303 [Veto4]:82.128 [SgUp1]:68603 [SgUp2]:68921 [SgUp3]:70587 [SgUp4]:69816 [SgLow1]:68572 [SgLow2]:68879 [SgLow3]:70562 [SgLow4]:69762 [NetMuon1]:73744 [NetMuon2]:73836 [NetMuon3]:73826 [NetMuon4]:73810
[Run]:35383 [Site]:4 [Bin]:7962 [FullTime]:3600 [SkipTime]:0 [Veto1]:90.1853 [Veto2]:89.1803 [Veto3]:91.1427 [Veto4]:89.1415 [SgUp1]:68763 [SgUp2]:68889 [SgUp3]:70711 [SgUp4]:69812 [SgLow1]:68729 [SgLow2]:68858 [SgLow3]:70672 [SgLow4]:69772 [NetMuon1]:83524 [NetMuon2]:83544 [NetMuon3]:83471 [NetMuon4]:83507
[Run]:35383 [Site]:4 [Bin]:7963 [FullTime]:3600 [SkipTime]:0 [Veto1]:101.223 [Veto2]:89.1128 [Veto3]:96.9791 [Veto4]:101.825 [SgUp1]:68441 [SgUp2]:68583 [SgUp3]:70518 [SgUp4]:69768 [SgLow1]:68404 [SgLow2]:68532 [SgLow3]:70470 [SgLow4]:69716 [NetMuon1]:85532 [NetMuon2]:85836 [NetMuon3]:85614 [NetMuon4]:85473
[Run]:35383 [Site]:4 [Bin]:7964 [FullTime]:3600 [SkipTime]:0 [Veto1]:90.9164 [Veto2]:88.0463 [Veto3]:92.9425 [Veto4]:91.022 [SgUp1]:68001 [SgUp2]:68539 [SgUp3]:69992 [SgUp4]:69363 [SgLow1]:67980 [SgLow2]:68505 [SgLow3]:69960 [SgLow4]:69323 [NetMuon1]:85607 [NetMuon2]:85690 [NetMuon3]:85613 [NetMuon4]:85665
[Run]:35383 [Site]:4 [Bin]:7965 [FullTime]:3600 [SkipTime]:0 [Veto1]:89.0873 [Veto2]:89.0788 [Veto3]:93.976 [Veto4]:88.1344 [SgUp1]:68130 [SgUp2]:69167 [SgUp3]:69879 [SgUp4]:70088 [SgLow1]:68096 [SgLow2]:69135 [SgLow3]:69848 [SgLow4]:70047 [NetMuon1]:79689 [NetMuon2]:79685 [NetMuon3]:79587 [NetMuon4]:79683
[Run]:35383 [Site]:4 [Bin]:7966 [FullTime]:3600.01 [SkipTime]:0 [Veto1]:85.909 [Veto2]:83.1642 [Veto3]:84.9958 [Veto4]:83.0541 [SgUp1]:68762 [SgUp2]:69074 [SgUp3]:70105 [SgUp4]:69840 [SgLow1]:68728 [SgLow2]:69036 [SgLow3]:70049 [SgLow4]:69815 [NetMuon1]:72340 [NetMuon2]:72456 [NetMuon3]:72356 [NetMuon4]:72406
[Run]:35383 [Site]:4 [Bin]:7967 [FullTime]:3599.99 [SkipTime]:0 [Veto1]:74.7646 [Veto2]:77.6666 [Veto3]:70.7577 [Veto4]:69.8031 [SgUp1]:68984 [SgUp2]:69017 [SgUp3]:70151 [SgUp4]:70059 [SgLow1]:68958 [SgLow2]:68983 [SgLow3]:70114 [SgLow4]:70027 [NetMuon1]:63555 [NetMuon2]:63502 [NetMuon3]:63600 [NetMuon4]:63636
[Run]:35383 [Site]:4 [Bin]:7968 [FullTime]:3600 [SkipTime]:0 [Veto1]:75.2279 [Veto2]:67.4388 [Veto3]:78.3199 [Veto4]:82.2276 [SgUp1]:68679 [SgUp2]:69404 [SgUp3]:70975 [SgUp4]:70103 [SgLow1]:68653 [SgLow2]:69376 [SgLow3]:70936 [SgLow4]:70085 [NetMuon1]:60549 [NetMuon2]:60730 [NetMuon3]:60553 [NetMuon4]:60435
[Run]:35383 [Site]:4 [Bin]:7969 [FullTime]:3600 [SkipTime]:0 [Veto1]:78.6714 [Veto2]:71.389 [Veto3]:80.6391 [Veto4]:71.8233 [SgUp1]:68445 [SgUp2]:69455 [SgUp3]:70860 [SgUp4]:69995 [SgLow1]:68413 [SgLow2]:69421 [SgLow3]:70817 [SgLow4]:69961 [NetMuon1]:63489 [NetMuon2]:63655 [NetMuon3]:63460 [NetMuon4]:63665
[Run]:35383 [Site]:4 [Bin]:7970 [FullTime]:3600 [SkipTime]:0 [Veto1]:76.7491 [Veto2]:75.7859 [Veto3]:85.6014 [Veto4]:74.7949 [SgUp1]:68396 [SgUp2]:69516 [SgUp3]:71020 [SgUp4]:70185 [SgLow1]:68373 [SgLow2]:69483 [SgLow3]:70982 [SgLow4]:70152 [NetMuon1]:64793 [NetMuon2]:64766 [NetMuon3]:64597 [NetMuon4]:64832
[Run]:35383 [Site]:4 [Bin]:7971 [FullTime]:3600 [SkipTime]:0 [Veto1]:77.9567 [Veto2]:84.8065 [Veto3]:76.971 [Veto4]:91.7151 [SgUp1]:68596 [SgUp2]:69240 [SgUp3]:70628 [SgUp4]:70044 [SgLow1]:68561 [SgLow2]:69216 [SgLow3]:70596 [SgLow4]:70015 [NetMuon1]:70928 [NetMuon2]:70800 [NetMuon3]:70950 [NetMuon4]:70634
[Run]:35383 [Site]:4 [Bin]:7972 [FullTime]:3600 [SkipTime]:0 [Veto1]:83.3334 [Veto2]:78.4258 [Veto3]:91.1631 [Veto4]:88.2161 [SgUp1]:68843 [SgUp2]:68982 [SgUp3]:70746 [SgUp4]:70002 [SgLow1]:68816 [SgLow2]:68941 [SgLow3]:70722 [SgLow4]:69977 [NetMuon1]:72680 [NetMuon2]:72756 [NetMuon3]:72510 [NetMuon4]:72535
[Run]:35383 [Site]:4 [Bin]:7973 [FullTime]:3600 [SkipTime]:0 [Veto1]:78.0191 [Veto2]:82.0081 [Veto3]:75.0566 [Veto4]:69.1575 [SgUp1]:69007 [SgUp2]:69714 [SgUp3]:71143 [SgUp4]:70292 [SgLow1]:68967 [SgLow2]:69682 [SgLow3]:71104 [SgLow4]:70252 [NetMuon1]:67498 [NetMuon2]:67436 [NetMuon3]:67584 [NetMuon4]:67659
[Run]:35383 [Site]:4 [Bin]:7974 [FullTime]:3600 [SkipTime]:0 [Veto1]:67.1894 [Veto2]:75.044 [Veto3]:67.1608 [Veto4]:74.0803 [SgUp1]:68833 [SgUp2]:69328 [SgUp3]:71392 [SgUp4]:70451 [SgLow1]:68810 [SgLow2]:69304 [SgLow3]:71358 [SgLow4]:70420 [NetMuon1]:61658 [NetMuon2]:61512 [NetMuon3]:61645 [NetMuon4]:61500
[Run]:35383 [Site]:4 [Bin]:7975 [FullTime]:3600 [SkipTime]:0 [Veto1]:77.728 [Veto2]:68.8416 [Veto3]:80.6357 [Veto4]:74.7432 [SgUp1]:68545 [SgUp2]:69205 [SgUp3]:70926 [SgUp4]:69890 [SgLow1]:68507 [SgLow2]:69157 [SgLow3]:70890 [SgLow4]:69845 [NetMuon1]:63437 [NetMuon2]:63651 [NetMuon3]:63417 [NetMuon4]:63520
[Run]:35383 [Site]:4 [Bin]:7976 [FullTime]:3600 [SkipTime]:0 [Veto1]:70.9978 [Veto2]:72.0306 [Veto3]:70.0071 [Veto4]:84.8105 [SgUp1]:68856 [SgUp2]:69347 [SgUp3]:71073 [SgUp4]:69448 [SgLow1]:68831 [SgLow2]:69316 [SgLow3]:71029 [SgLow4]:69425 [NetMuon1]:61467 [NetMuon2]:61433 [NetMuon3]:61464 [NetMuon4]:61246
[Run]:35383 [Site]:4 [Bin]:7977 [FullTime]:3600 [SkipTime]:0 [Veto1]:78.1361 [Veto2]:70.2407 [Veto3]:75.1965 [Veto4]:70.4623 [SgUp1]:68767 [SgUp2]:69771 [SgUp3]:70893 [SgUp4]:70415 [SgLow1]:68728 [SgLow2]:69744 [SgLow3]:70866 [SgLow4]:70397 [NetMuon1]:61583 [NetMuon2]:61721 [NetMuon3]:61641 [NetMuon4]:61688
[Run]:35383 [Site]:4 [Bin]:7978 [FullTime]:3600 [SkipTime]:0 [Veto1]:62.9326 [Veto2]:67.8595 [Veto3]:79.6616 [Veto4]:74.7289 [SgUp1]:69632 [SgUp2]:68950 [SgUp3]:70810 [SgUp4]:70117 [SgLow1]:69602 [SgLow2]:68918 [SgLow3]:70778 [SgLow4]:70091 [NetMuon1]:61336 [NetMuon2]:61268 [NetMuon3]:61028 [NetMuon4]:61108
[Run]:35383 [Site]:4 [Bin]:7979 [FullTime]:3600 [SkipTime]:0 [Veto1]:64.4294 [Veto2]:73.3047 [Veto3]:71.3116 [Veto4]:74.2058 [SgUp1]:68789 [SgUp2]:69187 [SgUp3]:70899 [SgUp4]:70033 [SgLow1]:68767 [SgLow2]:69158 [SgLow3]:70874 [SgLow4]:69996 [NetMuon1]:65668 [NetMuon2]:65474 [NetMuon3]:65525 [NetMuon4]:65413
[Run]:35383 [Site]:4 [Bin]:7980 [FullTime]:3600 [SkipTime]:0 [Veto1]:71.6102 [Veto2]:71.6008 [Veto3]:71.6131 [Veto4]:72.6093 [SgUp1]:68192 [SgUp2]:69052 [SgUp3]:70634 [SgUp4]:70109 [SgLow1]:68160 [SgLow2]:69022 [SgLow3]:70603 [SgLow4]:70081 [NetMuon1]:64660 [NetMuon2]:64655 [NetMuon3]:64684 [NetMuon4]:64661
[Run]:35383 [Site]:4 [Bin]:7981 [FullTime]:3600 [SkipTime]:0 [Veto1]:76.2465 [Veto2]:78.151 [Veto3]:81.1087 [Veto4]:72.3213 [SgUp1]:68482 [SgUp2]:69052 [SgUp3]:70479 [SgUp4]:70437 [SgLow1]:68459 [SgLow2]:69027 [SgLow3]:70432 [SgLow4]:70420 [NetMuon1]:66664 [NetMuon2]:66588 [NetMuon3]:66559 [NetMuon4]:66724
[Run]:35383 [Site]:4 [Bin]:7982 [FullTime]:3600 [SkipTime]:0 [Veto1]:81.089 [Veto2]:77.1541 [Veto3]:83.1011 [Veto4]:85.0271 [SgUp1]:68612 [SgUp2]:69315 [SgUp3]:70399 [SgUp4]:69776 [SgLow1]:68563 [SgLow2]:69288 [SgLow3]:70379 [SgLow4]:69746 [NetMuon1]:73785 [NetMuon2]:73846 [NetMuon3]:73764 [NetMuon4]:73717
[Run]:35383 [Site]:4 [Bin]:7983 [FullTime]:3600 [SkipTime]:0 [Veto1]:80.6037 [Veto2]:71.7755 [Veto3]:82.5376 [Veto4]:76.6698 [SgUp1]:68705 [SgUp2]:69182 [SgUp3]:70914 [SgUp4]:69714 [SgLow1]:68682 [SgLow2]:69136 [SgLow3]:70887 [SgLow4]:69682 [NetMuon1]:72000 [NetMuon2]:72180 [NetMuon3]:71964 [NetMuon4]:72061
[Run]:35383 [Site]:4 [Bin]:7984 [FullTime]:3600 [SkipTime]:0 [Veto1]:78.3479 [Veto2]:74.411 [Veto3]:84.2806 [Veto4]:84.2149 [SgUp1]:68534 [SgUp2]:68622 [SgUp3]:70534 [SgUp4]:69684 [SgLow1]:68507 [SgLow2]:68595 [SgLow3]:70500 [SgLow4]:69647 [NetMuon1]:70423 [NetMuon2]:70531 [NetMuon3]:70285 [NetMuon4]:70295
[Run]:35383 [Site]:4 [Bin]:7985 [FullTime]:3600 [SkipTime]:0 [Veto1]:84.3977 [Veto2]:83.3864 [Veto3]:81.4171 [Veto4]:91.4884 [SgUp1]:68279 [SgUp2]:69204 [SgUp3]:70551 [SgUp4]:70412 [SgLow1]:68255 [SgLow2]:69155 [SgLow3]:70514 [SgLow4]:70375 [NetMuon1]:76591 [NetMuon2]:76626 [NetMuon3]:76648 [NetMuon4]:76434
[Run]:35383 [Site]:4 [Bin]:7986 [FullTime]:3600 [SkipTime]:0 [Veto1]:90.5834 [Veto2]:86.6397 [Veto3]:85.6704 [Veto4]:80.4772 [SgUp1]:69062 [SgUp2]:69358 [SgUp3]:70492 [SgUp4]:69803 [SgLow1]:69032 [SgLow2]:69336 [SgLow3]:70467 [SgLow4]:69769 [NetMuon1]:79251 [NetMuon2]:79336 [NetMuon3]:79399 [NetMuon4]:79559
[Run]:35383 [Site]:4 [Bin]:7987 [FullTime]:3600 [SkipTime]:0 [Veto1]:93.5263 [Veto2]:86.6097 [Veto3]:92.5162 [Veto4]:85.6387 [SgUp1]:68393 [SgUp2]:68859 [SgUp3]:70544 [SgUp4]:69553 [SgLow1]:68365 [SgLow2]:68825 [SgLow3]:70514 [SgLow4]:69528 [NetMuon1]:81575 [NetMuon2]:81730 [NetMuon3]:81602 [NetMuon4]:81785
[Run]:35383 [Site]:4 [Bin]:7988 [FullTime]:3600 [SkipTime]:0 [Veto1]:85.1654 [Veto2]:90.0796 [Veto3]:95.2221 [Veto4]:91.0508 [SgUp1]:68290 [SgUp2]:69126 [SgUp3]:70278 [SgUp4]:69599 [SgLow1]:68264 [SgLow2]:69085 [SgLow3]:70262 [SgLow4]:69551 [NetMuon1]:82366 [NetMuon2]:82305 [NetMuon3]:82133 [NetMuon4]:82242
[Run]:35383 [Site]:4 [Bin]:7989 [FullTime]:3600 [SkipTime]:0 [Veto1]:84.7721 [Veto2]:92.2389 [Veto3]:84.3656 [Veto4]:88.6986 [SgUp1]:68182 [SgUp2]:68644 [SgUp3]:70488 [SgUp4]:69777 [SgLow1]:68155 [SgLow2]:68617 [SgLow3]:70448 [SgLow4]:69744 [NetMuon1]:80118 [NetMuon2]:79979 [NetMuon3]:80150 [NetMuon4]:80035
[Run]:35383 [Site]:4 [Bin]:7990 [FullTime]:3600.01 [SkipTime]:0 [Veto1]:90.9315 [Veto2]:85.4938 [Veto3]:84.8364 [Veto4]:83.7784 [SgUp1]:68470 [SgUp2]:68816 [SgUp3]:70494 [SgUp4]:70318 [SgLow1]:68453 [SgLow2]:68765 [SgLow3]:70458 [SgLow4]:70296 [NetMuon1]:69610 [NetMuon2]:69691 [NetMuon3]:69713 [NetMuon4]:69707
[Run]:35383 [Site]:4 [Bin]:7991 [FullTime]:3600 [SkipTime]:0 [Veto1]:71.6102 [Veto2]:75.8087 [Veto3]:74.8119 [Veto4]:74.8038 [SgUp1]:69007 [SgUp2]:69507 [SgUp3]:71314 [SgUp4]:69740 [SgLow1]:68984 [SgLow2]:69468 [SgLow3]:71275 [SgLow4]:69711 [NetMuon1]:61279 [NetMuon2]:61209 [NetMuon3]:61225 [NetMuon4]:61214
End process Run: 35383 ... 
[Run]:35383 [Site]:4 [Bin]:7992 [FullTime]:1044.11 [SkipTime]:0 [Veto1]:20.7923 [Veto2]:21.7567 [Veto3]:21.7844 [Veto4]:17.8099
