StreamChain add 0x141817f0
Start to process run: 35811 ... 
[Run]:35811 [Site]:4 [Bin]:8330 [FullTime]:2454.04 [SkipTime]:0 [Veto1]:50.029 [Veto2]:47.0521 [Veto3]:50.9747 [Veto4]:43.1508 [SgUp1]:46275 [SgUp2]:47416 [SgUp3]:47660 [SgUp4]:47900 [SgLow1]:46258 [SgLow2]:47399 [SgLow3]:47647 [SgLow4]:47883 [NetMuon1]:38531 [NetMuon2]:38565 [NetMuon3]:38523 [NetMuon4]:38654
[Run]:35811 [Site]:4 [Bin]:8331 [FullTime]:3600 [SkipTime]:0 [Veto1]:65.5394 [Veto2]:70.4476 [Veto3]:69.5212 [Veto4]:68.4812 [SgUp1]:68545 [SgUp2]:68925 [SgUp3]:70619 [SgUp4]:69882 [SgLow1]:68520 [SgLow2]:68890 [SgLow3]:70569 [SgLow4]:69848 [NetMuon1]:57260 [NetMuon2]:57127 [NetMuon3]:57182 [NetMuon4]:57170
[Run]:35811 [Site]:4 [Bin]:8332 [FullTime]:3600 [SkipTime]:0 [Veto1]:72.4204 [Veto2]:67.5061 [Veto3]:70.4529 [Veto4]:75.3828 [SgUp1]:68180 [SgUp2]:69395 [SgUp3]:70816 [SgUp4]:69429 [SgLow1]:68147 [SgLow2]:69363 [SgLow3]:70759 [SgLow4]:69417 [NetMuon1]:57039 [NetMuon2]:57169 [NetMuon3]:57081 [NetMuon4]:57024
[Run]:35811 [Site]:4 [Bin]:8333 [FullTime]:3600 [SkipTime]:0 [Veto1]:68.8429 [Veto2]:69.8055 [Veto3]:64.8367 [Veto4]:62.8498 [SgUp1]:68271 [SgUp2]:69246 [SgUp3]:70951 [SgUp4]:69718 [SgLow1]:68229 [SgLow2]:69214 [SgLow3]:70911 [SgLow4]:69677 [NetMuon1]:56313 [NetMuon2]:56299 [NetMuon3]:56366 [NetMuon4]:56404
[Run]:35811 [Site]:4 [Bin]:8334 [FullTime]:3600.01 [SkipTime]:0 [Veto1]:64.791 [Veto2]:62.7811 [Veto3]:61.825 [Veto4]:65.7672 [SgUp1]:68473 [SgUp2]:69060 [SgUp3]:70870 [SgUp4]:69874 [SgLow1]:68450 [SgLow2]:69040 [SgLow3]:70815 [SgLow4]:69848 [NetMuon1]:56258 [NetMuon2]:56284 [NetMuon3]:56299 [NetMuon4]:56278
[Run]:35811 [Site]:4 [Bin]:8335 [FullTime]:3599.99 [SkipTime]:0 [Veto1]:69.1331 [Veto2]:77.9112 [Veto3]:72.068 [Veto4]:69.1217 [SgUp1]:68685 [SgUp2]:69081 [SgUp3]:70379 [SgUp4]:69509 [SgLow1]:68646 [SgLow2]:69064 [SgLow3]:70353 [SgLow4]:69478 [NetMuon1]:56701 [NetMuon2]:56513 [NetMuon3]:56656 [NetMuon4]:56684
[Run]:35811 [Site]:4 [Bin]:8336 [FullTime]:3600 [SkipTime]:0 [Veto1]:62.9531 [Veto2]:55.9884 [Veto3]:69.8535 [Veto4]:61.9781 [SgUp1]:69084 [SgUp2]:69861 [SgUp3]:70343 [SgUp4]:69694 [SgLow1]:69055 [SgLow2]:69839 [SgLow3]:70310 [SgLow4]:69647 [NetMuon1]:56476 [NetMuon2]:56551 [NetMuon3]:56377 [NetMuon4]:56495
[Run]:35811 [Site]:4 [Bin]:8337 [FullTime]:3600 [SkipTime]:0 [Veto1]:62.8189 [Veto2]:72.7233 [Veto3]:65.7412 [Veto4]:61.8259 [SgUp1]:68562 [SgUp2]:69210 [SgUp3]:70508 [SgUp4]:70260 [SgLow1]:68533 [SgLow2]:69191 [SgLow3]:70469 [SgLow4]:70218 [NetMuon1]:56272 [NetMuon2]:56151 [NetMuon3]:56224 [NetMuon4]:56287
[Run]:35811 [Site]:4 [Bin]:8338 [FullTime]:3600 [SkipTime]:0 [Veto1]:73.5911 [Veto2]:66.6429 [Veto3]:71.5426 [Veto4]:71.1567 [SgUp1]:68472 [SgUp2]:69523 [SgUp3]:70617 [SgUp4]:69801 [SgLow1]:68446 [SgLow2]:69496 [SgLow3]:70580 [SgLow4]:69771 [NetMuon1]:56010 [NetMuon2]:56111 [NetMuon3]:56027 [NetMuon4]:56051
[Run]:35811 [Site]:4 [Bin]:8339 [FullTime]:3600 [SkipTime]:0 [Veto1]:66.7662 [Veto2]:69.6642 [Veto3]:64.7744 [Veto4]:64.7557 [SgUp1]:68465 [SgUp2]:69301 [SgUp3]:70646 [SgUp4]:70194 [SgLow1]:68439 [SgLow2]:69271 [SgLow3]:70620 [SgLow4]:70154 [NetMuon1]:56196 [NetMuon2]:56154 [NetMuon3]:56255 [NetMuon4]:56223
[Run]:35811 [Site]:4 [Bin]:8340 [FullTime]:3600 [SkipTime]:0 [Veto1]:68.5218 [Veto2]:61.5803 [Veto3]:67.4293 [Veto4]:71.4449 [SgUp1]:68066 [SgUp2]:69591 [SgUp3]:70761 [SgUp4]:70281 [SgLow1]:68027 [SgLow2]:69554 [SgLow3]:70736 [SgLow4]:70233 [NetMuon1]:57139 [NetMuon2]:57241 [NetMuon3]:57119 [NetMuon4]:57084
[Run]:35811 [Site]:4 [Bin]:8341 [FullTime]:3600 [SkipTime]:0 [Veto1]:68.7407 [Veto2]:61.8038 [Veto3]:73.6302 [Veto4]:62.7513 [SgUp1]:67968 [SgUp2]:68871 [SgUp3]:70591 [SgUp4]:70098 [SgLow1]:67934 [SgLow2]:68829 [SgLow3]:70535 [SgLow4]:70054 [NetMuon1]:58633 [NetMuon2]:58730 [NetMuon3]:58511 [NetMuon4]:58713
[Run]:35811 [Site]:4 [Bin]:8342 [FullTime]:3600 [SkipTime]:0 [Veto1]:70.3046 [Veto2]:73.2792 [Veto3]:69.294 [Veto4]:65.3488 [SgUp1]:67977 [SgUp2]:68576 [SgUp3]:71036 [SgUp4]:69797 [SgLow1]:67948 [SgLow2]:68550 [SgLow3]:71003 [SgLow4]:69751 [NetMuon1]:58149 [NetMuon2]:58108 [NetMuon3]:58164 [NetMuon4]:58212
[Run]:35811 [Site]:4 [Bin]:8343 [FullTime]:3600 [SkipTime]:0 [Veto1]:66.0678 [Veto2]:70.964 [Veto3]:68.0644 [Veto4]:61.1566 [SgUp1]:68496 [SgUp2]:69745 [SgUp3]:71269 [SgUp4]:69702 [SgLow1]:68449 [SgLow2]:69726 [SgLow3]:71225 [SgLow4]:69661 [NetMuon1]:57822 [NetMuon2]:57763 [NetMuon3]:57801 [NetMuon4]:57920
[Run]:35811 [Site]:4 [Bin]:8344 [FullTime]:3600 [SkipTime]:0 [Veto1]:63.7478 [Veto2]:65.6797 [Veto3]:62.3203 [Veto4]:63.677 [SgUp1]:68427 [SgUp2]:69305 [SgUp3]:70815 [SgUp4]:70291 [SgLow1]:68398 [SgLow2]:69275 [SgLow3]:70795 [SgLow4]:70262 [NetMuon1]:58712 [NetMuon2]:58673 [NetMuon3]:58713 [NetMuon4]:58690
[Run]:35811 [Site]:4 [Bin]:8345 [FullTime]:3600 [SkipTime]:0 [Veto1]:65.7856 [Veto2]:74.9662 [Veto3]:72.6472 [Veto4]:77.5561 [SgUp1]:68040 [SgUp2]:68866 [SgUp3]:70328 [SgUp4]:69326 [SgLow1]:68009 [SgLow2]:68840 [SgLow3]:70296 [SgLow4]:69293 [NetMuon1]:58688 [NetMuon2]:58549 [NetMuon3]:58600 [NetMuon4]:58447
[Run]:35811 [Site]:4 [Bin]:8346 [FullTime]:3600 [SkipTime]:0 [Veto1]:71.4034 [Veto2]:71.393 [Veto3]:71.3666 [Veto4]:70.3772 [SgUp1]:67713 [SgUp2]:68878 [SgUp3]:70808 [SgUp4]:69574 [SgLow1]:67675 [SgLow2]:68837 [SgLow3]:70799 [SgLow4]:69537 [NetMuon1]:60651 [NetMuon2]:60638 [NetMuon3]:60672 [NetMuon4]:60685
[Run]:35811 [Site]:4 [Bin]:8347 [FullTime]:3600 [SkipTime]:0 [Veto1]:68.5823 [Veto2]:65.5445 [Veto3]:75.4205 [Veto4]:70.4834 [SgUp1]:67932 [SgUp2]:69207 [SgUp3]:70606 [SgUp4]:70274 [SgLow1]:67899 [SgLow2]:69183 [SgLow3]:70570 [SgLow4]:70229 [NetMuon1]:60913 [NetMuon2]:60945 [NetMuon3]:60735 [NetMuon4]:60829
[Run]:35811 [Site]:4 [Bin]:8348 [FullTime]:3600 [SkipTime]:0 [Veto1]:73.108 [Veto2]:75.025 [Veto3]:70.0825 [Veto4]:74.1125 [SgUp1]:68108 [SgUp2]:68996 [SgUp3]:70582 [SgUp4]:69936 [SgLow1]:68078 [SgLow2]:68973 [SgLow3]:70549 [SgLow4]:69910 [NetMuon1]:61532 [NetMuon2]:61477 [NetMuon3]:61561 [NetMuon4]:61521
[Run]:35811 [Site]:4 [Bin]:8349 [FullTime]:3600 [SkipTime]:0 [Veto1]:76.7061 [Veto2]:66.917 [Veto3]:65.8984 [Veto4]:69.8867 [SgUp1]:68256 [SgUp2]:68705 [SgUp3]:70829 [SgUp4]:69934 [SgLow1]:68212 [SgLow2]:68653 [SgLow3]:70794 [SgLow4]:69894 [NetMuon1]:59904 [NetMuon2]:60124 [NetMuon3]:60139 [NetMuon4]:60081
[Run]:35811 [Site]:4 [Bin]:8350 [FullTime]:3600 [SkipTime]:0 [Veto1]:74.3147 [Veto2]:66.4809 [Veto3]:82.2325 [Veto4]:70.2835 [SgUp1]:67855 [SgUp2]:68624 [SgUp3]:70565 [SgUp4]:69790 [SgLow1]:67812 [SgLow2]:68596 [SgLow3]:70537 [SgLow4]:69761 [NetMuon1]:58220 [NetMuon2]:58367 [NetMuon3]:58094 [NetMuon4]:58300
[Run]:35811 [Site]:4 [Bin]:8351 [FullTime]:3600 [SkipTime]:0 [Veto1]:69.6033 [Veto2]:68.7293 [Veto3]:62.6412 [Veto4]:73.5033 [SgUp1]:67800 [SgUp2]:68736 [SgUp3]:70765 [SgUp4]:69868 [SgLow1]:67774 [SgLow2]:68697 [SgLow3]:70739 [SgLow4]:69831 [NetMuon1]:57255 [NetMuon2]:57238 [NetMuon3]:57348 [NetMuon4]:57163
[Run]:35811 [Site]:4 [Bin]:8352 [FullTime]:3600 [SkipTime]:0 [Veto1]:66.4559 [Veto2]:65.5213 [Veto3]:80.2791 [Veto4]:65.4553 [SgUp1]:68200 [SgUp2]:69950 [SgUp3]:70560 [SgUp4]:70023 [SgLow1]:68173 [SgLow2]:69911 [SgLow3]:70512 [SgLow4]:69986 [NetMuon1]:55875 [NetMuon2]:55940 [NetMuon3]:55663 [NetMuon4]:55907
[Run]:35811 [Site]:4 [Bin]:8353 [FullTime]:3600 [SkipTime]:0 [Veto1]:67.4228 [Veto2]:66.3514 [Veto3]:69.3309 [Veto4]:62.4431 [SgUp1]:68485 [SgUp2]:69212 [SgUp3]:70678 [SgUp4]:69442 [SgLow1]:68466 [SgLow2]:69167 [SgLow3]:70634 [SgLow4]:69419 [NetMuon1]:56971 [NetMuon2]:56966 [NetMuon3]:56942 [NetMuon4]:57086
[Run]:35811 [Site]:4 [Bin]:8354 [FullTime]:3600.01 [SkipTime]:0 [Veto1]:62.0221 [Veto2]:68.9318 [Veto3]:69.8987 [Veto4]:55.0629 [SgUp1]:68072 [SgUp2]:69270 [SgUp3]:71656 [SgUp4]:70101 [SgLow1]:68038 [SgLow2]:69240 [SgLow3]:71608 [SgLow4]:70072 [NetMuon1]:56542 [NetMuon2]:56459 [NetMuon3]:56419 [NetMuon4]:56638
[Run]:35811 [Site]:4 [Bin]:8355 [FullTime]:3599.99 [SkipTime]:0 [Veto1]:68.7474 [Veto2]:62.7722 [Veto3]:65.7731 [Veto4]:68.6873 [SgUp1]:68949 [SgUp2]:69873 [SgUp3]:70729 [SgUp4]:69284 [SgLow1]:68907 [SgLow2]:69842 [SgLow3]:70714 [SgLow4]:69237 [NetMuon1]:57403 [NetMuon2]:57503 [NetMuon3]:57443 [NetMuon4]:57348
[Run]:35811 [Site]:4 [Bin]:8356 [FullTime]:3600 [SkipTime]:0 [Veto1]:65.9639 [Veto2]:62.0681 [Veto3]:72.8643 [Veto4]:70.9026 [SgUp1]:68413 [SgUp2]:69366 [SgUp3]:70406 [SgUp4]:69916 [SgLow1]:68384 [SgLow2]:69331 [SgLow3]:70378 [SgLow4]:69880 [NetMuon1]:57691 [NetMuon2]:57814 [NetMuon3]:57607 [NetMuon4]:57629
[Run]:35811 [Site]:4 [Bin]:8357 [FullTime]:3600 [SkipTime]:0 [Veto1]:61.8632 [Veto2]:73.9359 [Veto3]:71.7169 [Veto4]:69.7119 [SgUp1]:68097 [SgUp2]:68853 [SgUp3]:70823 [SgUp4]:70406 [SgLow1]:68060 [SgLow2]:68817 [SgLow3]:70794 [SgLow4]:70368 [NetMuon1]:56357 [NetMuon2]:56157 [NetMuon3]:56188 [NetMuon4]:56216
[Run]:35811 [Site]:4 [Bin]:8358 [FullTime]:3600 [SkipTime]:0 [Veto1]:67.6048 [Veto2]:69.6586 [Veto3]:63.635 [Veto4]:65.689 [SgUp1]:67890 [SgUp2]:69604 [SgUp3]:70272 [SgUp4]:70328 [SgLow1]:67854 [SgLow2]:69564 [SgLow3]:70235 [SgLow4]:70288 [NetMuon1]:56073 [NetMuon2]:56062 [NetMuon3]:56123 [NetMuon4]:56099
[Run]:35811 [Site]:4 [Bin]:8359 [FullTime]:3600 [SkipTime]:0 [Veto1]:64.2183 [Veto2]:65.0754 [Veto3]:65.1028 [Veto4]:71.0277 [SgUp1]:68259 [SgUp2]:69674 [SgUp3]:71087 [SgUp4]:69545 [SgLow1]:68233 [SgLow2]:69634 [SgLow3]:71047 [SgLow4]:69504 [NetMuon1]:56719 [NetMuon2]:56649 [NetMuon3]:56700 [NetMuon4]:56594
[Run]:35811 [Site]:4 [Bin]:8360 [FullTime]:3600 [SkipTime]:0 [Veto1]:65.6531 [Veto2]:61.679 [Veto3]:60.67 [Veto4]:67.6616 [SgUp1]:68343 [SgUp2]:69072 [SgUp3]:70578 [SgUp4]:69883 [SgLow1]:68322 [SgLow2]:69032 [SgLow3]:70530 [SgLow4]:69846 [NetMuon1]:56079 [NetMuon2]:56128 [NetMuon3]:56130 [NetMuon4]:56054
[Run]:35811 [Site]:4 [Bin]:8361 [FullTime]:3600 [SkipTime]:0 [Veto1]:65.3751 [Veto2]:64.3311 [Veto3]:66.314 [Veto4]:67.3394 [SgUp1]:68006 [SgUp2]:69616 [SgUp3]:70588 [SgUp4]:69812 [SgLow1]:67971 [SgLow2]:69591 [SgLow3]:70555 [SgLow4]:69804 [NetMuon1]:55781 [NetMuon2]:55787 [NetMuon3]:55736 [NetMuon4]:55714
[Run]:35811 [Site]:4 [Bin]:8362 [FullTime]:3600 [SkipTime]:0 [Veto1]:69.4949 [Veto2]:62.5639 [Veto3]:64.1631 [Veto4]:61.6134 [SgUp1]:68256 [SgUp2]:69025 [SgUp3]:70289 [SgUp4]:70080 [SgLow1]:68200 [SgLow2]:68991 [SgLow3]:70254 [SgLow4]:70060 [NetMuon1]:55903 [NetMuon2]:56024 [NetMuon3]:55976 [NetMuon4]:56043
[Run]:35811 [Site]:4 [Bin]:8363 [FullTime]:3600 [SkipTime]:0 [Veto1]:70.7068 [Veto2]:67.9468 [Veto3]:73.6525 [Veto4]:65.7877 [SgUp1]:68347 [SgUp2]:68744 [SgUp3]:70265 [SgUp4]:70254 [SgLow1]:68306 [SgLow2]:68725 [SgLow3]:70238 [SgLow4]:70220 [NetMuon1]:56164 [NetMuon2]:56159 [NetMuon3]:56104 [NetMuon4]:56223
[Run]:35811 [Site]:4 [Bin]:8364 [FullTime]:3600 [SkipTime]:0 [Veto1]:69.848 [Veto2]:60.9573 [Veto3]:66.8812 [Veto4]:74.8352 [SgUp1]:68026 [SgUp2]:69100 [SgUp3]:70756 [SgUp4]:69339 [SgLow1]:67986 [SgLow2]:69055 [SgLow3]:70713 [SgLow4]:69295 [NetMuon1]:57630 [NetMuon2]:57788 [NetMuon3]:57672 [NetMuon4]:57551
[Run]:35811 [Site]:4 [Bin]:8365 [FullTime]:3600 [SkipTime]:0 [Veto1]:66.9639 [Veto2]:66.9845 [Veto3]:67.9122 [Veto4]:65.0196 [SgUp1]:67746 [SgUp2]:68990 [SgUp3]:70771 [SgUp4]:69960 [SgLow1]:67715 [SgLow2]:68955 [SgLow3]:70742 [SgLow4]:69930 [NetMuon1]:60175 [NetMuon2]:60136 [NetMuon3]:60121 [NetMuon4]:60188
[Run]:35811 [Site]:4 [Bin]:8366 [FullTime]:3600 [SkipTime]:0 [Veto1]:68.4365 [Veto2]:74.3039 [Veto3]:72.3569 [Veto4]:60.5718 [SgUp1]:67749 [SgUp2]:68943 [SgUp3]:70754 [SgUp4]:70024 [SgLow1]:67722 [SgLow2]:68914 [SgLow3]:70720 [SgLow4]:69991 [NetMuon1]:60736 [NetMuon2]:60642 [NetMuon3]:60682 [NetMuon4]:60899
[Run]:35811 [Site]:4 [Bin]:8367 [FullTime]:3600 [SkipTime]:0 [Veto1]:67.0118 [Veto2]:67.9736 [Veto3]:69.9248 [Veto4]:71.8706 [SgUp1]:67879 [SgUp2]:69067 [SgUp3]:71166 [SgUp4]:69974 [SgLow1]:67829 [SgLow2]:69031 [SgLow3]:71136 [SgLow4]:69952 [NetMuon1]:58941 [NetMuon2]:58915 [NetMuon3]:58890 [NetMuon4]:58821
[Run]:35811 [Site]:4 [Bin]:8368 [FullTime]:3600 [SkipTime]:0 [Veto1]:71.8635 [Veto2]:70.0197 [Veto3]:81.8541 [Veto4]:74.0038 [SgUp1]:67697 [SgUp2]:68858 [SgUp3]:70401 [SgUp4]:69765 [SgLow1]:67657 [SgLow2]:68820 [SgLow3]:70371 [SgLow4]:69737 [NetMuon1]:61496 [NetMuon2]:61538 [NetMuon3]:61329 [NetMuon4]:61475
[Run]:35811 [Site]:4 [Bin]:8369 [FullTime]:3600 [SkipTime]:0 [Veto1]:70.4479 [Veto2]:71.7972 [Veto3]:78.2988 [Veto4]:77.3025 [SgUp1]:67613 [SgUp2]:69268 [SgUp3]:70300 [SgUp4]:69342 [SgLow1]:67584 [SgLow2]:69234 [SgLow3]:70281 [SgLow4]:69319 [NetMuon1]:63187 [NetMuon2]:63127 [NetMuon3]:63028 [NetMuon4]:63043
[Run]:35811 [Site]:4 [Bin]:8370 [FullTime]:3600 [SkipTime]:0 [Veto1]:73.774 [Veto2]:81.6064 [Veto3]:83.6575 [Veto4]:76.7405 [SgUp1]:68000 [SgUp2]:68919 [SgUp3]:70930 [SgUp4]:69646 [SgLow1]:67978 [SgLow2]:68891 [SgLow3]:70907 [SgLow4]:69610 [NetMuon1]:63637 [NetMuon2]:63473 [NetMuon3]:63548 [NetMuon4]:63617
[Run]:35811 [Site]:4 [Bin]:8371 [FullTime]:3600 [SkipTime]:0 [Veto1]:76.123 [Veto2]:70.1134 [Veto3]:79.0355 [Veto4]:79.9596 [SgUp1]:67676 [SgUp2]:69378 [SgUp3]:69836 [SgUp4]:69570 [SgLow1]:67643 [SgLow2]:69352 [SgLow3]:69805 [SgLow4]:69542 [NetMuon1]:64002 [NetMuon2]:64098 [NetMuon3]:63979 [NetMuon4]:63946
[Run]:35811 [Site]:4 [Bin]:8372 [FullTime]:3600 [SkipTime]:0 [Veto1]:74.6985 [Veto2]:73.7166 [Veto3]:75.7061 [Veto4]:81.5572 [SgUp1]:68207 [SgUp2]:69239 [SgUp3]:70179 [SgUp4]:69142 [SgLow1]:68185 [SgLow2]:69203 [SgLow3]:70146 [SgLow4]:69107 [NetMuon1]:63577 [NetMuon2]:63582 [NetMuon3]:63576 [NetMuon4]:63385
[Run]:35811 [Site]:4 [Bin]:8373 [FullTime]:3600 [SkipTime]:0 [Veto1]:74.1033 [Veto2]:75.0915 [Veto3]:68.1952 [Veto4]:70.1433 [SgUp1]:67865 [SgUp2]:69243 [SgUp3]:70350 [SgUp4]:69957 [SgLow1]:67844 [SgLow2]:69211 [SgLow3]:70316 [SgLow4]:69918 [NetMuon1]:61509 [NetMuon2]:61538 [NetMuon3]:61645 [NetMuon4]:61602
[Run]:35811 [Site]:4 [Bin]:8374 [FullTime]:3600 [SkipTime]:0 [Veto1]:70.8298 [Veto2]:67.8752 [Veto3]:72.7843 [Veto4]:71.1172 [SgUp1]:68094 [SgUp2]:69322 [SgUp3]:70165 [SgUp4]:69839 [SgLow1]:68055 [SgLow2]:69288 [SgLow3]:70122 [SgLow4]:69794 [NetMuon1]:58771 [NetMuon2]:58810 [NetMuon3]:58716 [NetMuon4]:58768
End process Run: 35811 ... 
[Run]:35811 [Site]:4 [Bin]:8375 [FullTime]:3294.64 [SkipTime]:0 [Veto1]:65.8042 [Veto2]:56.8816 [Veto3]:59.7853 [Veto4]:60.8189
