StreamChain add 0x111f97f0
Start to process run: 35200 ... 
[Run]:35200 [Site]:4 [Bin]:7824 [FullTime]:1816.22 [SkipTime]:0 [Veto1]:32.1018 [Veto2]:36.032 [Veto3]:30.1019 [Veto4]:35.9928 [SgUp1]:34605 [SgUp2]:35339 [SgUp3]:35619 [SgUp4]:35313 [SgLow1]:34587 [SgLow2]:35321 [SgLow3]:35601 [SgLow4]:35288 [NetMuon1]:28977 [NetMuon2]:28914 [NetMuon3]:29004 [NetMuon4]:28888
[Run]:35200 [Site]:4 [Bin]:7825 [FullTime]:3600 [SkipTime]:0 [Veto1]:72.005 [Veto2]:68.1198 [Veto3]:70.0134 [Veto4]:64.1757 [SgUp1]:68319 [SgUp2]:69395 [SgUp3]:70669 [SgUp4]:69812 [SgLow1]:68285 [SgLow2]:69356 [SgLow3]:70636 [SgLow4]:69762 [NetMuon1]:56590 [NetMuon2]:56680 [NetMuon3]:56600 [NetMuon4]:56746
[Run]:35200 [Site]:4 [Bin]:7826 [FullTime]:3600 [SkipTime]:0 [Veto1]:67.226 [Veto2]:63.2279 [Veto3]:62.2805 [Veto4]:69.1993 [SgUp1]:67819 [SgUp2]:69611 [SgUp3]:71576 [SgUp4]:70272 [SgLow1]:67789 [SgLow2]:69578 [SgLow3]:71534 [SgLow4]:70235 [NetMuon1]:56818 [NetMuon2]:56844 [NetMuon3]:56885 [NetMuon4]:56782
[Run]:35200 [Site]:4 [Bin]:7827 [FullTime]:3600 [SkipTime]:0 [Veto1]:58.4735 [Veto2]:64.3042 [Veto3]:60.3956 [Veto4]:70.2695 [SgUp1]:68785 [SgUp2]:69347 [SgUp3]:70900 [SgUp4]:70294 [SgLow1]:68742 [SgLow2]:69321 [SgLow3]:70872 [SgLow4]:70267 [NetMuon1]:57084 [NetMuon2]:56956 [NetMuon3]:57039 [NetMuon4]:56866
[Run]:35200 [Site]:4 [Bin]:7828 [FullTime]:3600 [SkipTime]:0 [Veto1]:68.8772 [Veto2]:67.8154 [Veto3]:68.8372 [Veto4]:67.917 [SgUp1]:68826 [SgUp2]:69577 [SgUp3]:70747 [SgUp4]:70590 [SgLow1]:68796 [SgLow2]:69551 [SgLow3]:70714 [SgLow4]:70568 [NetMuon1]:60033 [NetMuon2]:60009 [NetMuon3]:60041 [NetMuon4]:60054
[Run]:35200 [Site]:4 [Bin]:7829 [FullTime]:3600 [SkipTime]:0 [Veto1]:67.7028 [Veto2]:68.6741 [Veto3]:79.5544 [Veto4]:73.5925 [SgUp1]:68487 [SgUp2]:69364 [SgUp3]:70300 [SgUp4]:69930 [SgLow1]:68458 [SgLow2]:69319 [SgLow3]:70272 [SgLow4]:69905 [NetMuon1]:59799 [NetMuon2]:59803 [NetMuon3]:59613 [NetMuon4]:59730
[Run]:35200 [Site]:4 [Bin]:7830 [FullTime]:3600 [SkipTime]:0 [Veto1]:66.5777 [Veto2]:71.1683 [Veto3]:73.0345 [Veto4]:75.5999 [SgUp1]:68431 [SgUp2]:69702 [SgUp3]:70658 [SgUp4]:70259 [SgLow1]:68408 [SgLow2]:69657 [SgLow3]:70635 [SgLow4]:70236 [NetMuon1]:57340 [NetMuon2]:57285 [NetMuon3]:57243 [NetMuon4]:57255
[Run]:35200 [Site]:4 [Bin]:7831 [FullTime]:3600 [SkipTime]:0 [Veto1]:66.7862 [Veto2]:71.7078 [Veto3]:64.7596 [Veto4]:66.7869 [SgUp1]:68291 [SgUp2]:69462 [SgUp3]:71544 [SgUp4]:70543 [SgLow1]:68259 [SgLow2]:69440 [SgLow3]:71504 [SgLow4]:70504 [NetMuon1]:57477 [NetMuon2]:57404 [NetMuon3]:57476 [NetMuon4]:57469
[Run]:35200 [Site]:4 [Bin]:7832 [FullTime]:3600 [SkipTime]:0 [Veto1]:71.5041 [Veto2]:69.6308 [Veto3]:73.5119 [Veto4]:75.0404 [SgUp1]:68024 [SgUp2]:69420 [SgUp3]:70712 [SgUp4]:70018 [SgLow1]:68003 [SgLow2]:69404 [SgLow3]:70668 [SgLow4]:69995 [NetMuon1]:55945 [NetMuon2]:56051 [NetMuon3]:55958 [NetMuon4]:55928
[Run]:35200 [Site]:4 [Bin]:7833 [FullTime]:3600 [SkipTime]:0 [Veto1]:73.0649 [Veto2]:64.1094 [Veto3]:79.9021 [Veto4]:71.0314 [SgUp1]:68400 [SgUp2]:69434 [SgUp3]:70136 [SgUp4]:70062 [SgLow1]:68377 [SgLow2]:69401 [SgLow3]:70113 [SgLow4]:70013 [NetMuon1]:59011 [NetMuon2]:59138 [NetMuon3]:58860 [NetMuon4]:59037
[Run]:35200 [Site]:4 [Bin]:7834 [FullTime]:3600 [SkipTime]:0 [Veto1]:69.6506 [Veto2]:64.7371 [Veto3]:65.7271 [Veto4]:65.7231 [SgUp1]:68638 [SgUp2]:69404 [SgUp3]:70340 [SgUp4]:70321 [SgLow1]:68602 [SgLow2]:69365 [SgLow3]:70304 [SgLow4]:70295 [NetMuon1]:57360 [NetMuon2]:57471 [NetMuon3]:57433 [NetMuon4]:57442
[Run]:35200 [Site]:4 [Bin]:7835 [FullTime]:3600 [SkipTime]:0 [Veto1]:65.182 [Veto2]:62.1577 [Veto3]:71.0716 [Veto4]:69.1548 [SgUp1]:68505 [SgUp2]:69339 [SgUp3]:70826 [SgUp4]:70363 [SgLow1]:68483 [SgLow2]:69303 [SgLow3]:70801 [SgLow4]:70338 [NetMuon1]:57998 [NetMuon2]:58028 [NetMuon3]:57902 [NetMuon4]:57925
[Run]:35200 [Site]:4 [Bin]:7836 [FullTime]:3600 [SkipTime]:0 [Veto1]:70.9521 [Veto2]:69.5994 [Veto3]:64.6974 [Veto4]:67.6015 [SgUp1]:68744 [SgUp2]:69789 [SgUp3]:70861 [SgUp4]:70273 [SgLow1]:68717 [SgLow2]:69743 [SgLow3]:70825 [SgLow4]:70245 [NetMuon1]:59693 [NetMuon2]:59708 [NetMuon3]:59811 [NetMuon4]:59743
[Run]:35200 [Site]:4 [Bin]:7837 [FullTime]:3600 [SkipTime]:0 [Veto1]:67.8316 [Veto2]:74.675 [Veto3]:77.6527 [Veto4]:76.6761 [SgUp1]:68463 [SgUp2]:69879 [SgUp3]:71158 [SgUp4]:69980 [SgLow1]:68435 [SgLow2]:69842 [SgLow3]:71142 [SgLow4]:69932 [NetMuon1]:62479 [NetMuon2]:62342 [NetMuon3]:62312 [NetMuon4]:62327
[Run]:35200 [Site]:4 [Bin]:7838 [FullTime]:3600 [SkipTime]:0 [Veto1]:72.4322 [Veto2]:76.3766 [Veto3]:74.3899 [Veto4]:79.3203 [SgUp1]:68186 [SgUp2]:69429 [SgUp3]:70851 [SgUp4]:70445 [SgLow1]:68167 [SgLow2]:69400 [SgLow3]:70818 [SgLow4]:70424 [NetMuon1]:66901 [NetMuon2]:66828 [NetMuon3]:66852 [NetMuon4]:66788
[Run]:35200 [Site]:4 [Bin]:7839 [FullTime]:3599.99 [SkipTime]:0 [Veto1]:73.9107 [Veto2]:79.8012 [Veto3]:78.7673 [Veto4]:74.8462 [SgUp1]:68325 [SgUp2]:69574 [SgUp3]:71174 [SgUp4]:69674 [SgLow1]:68288 [SgLow2]:69547 [SgLow3]:71151 [SgLow4]:69634 [NetMuon1]:66257 [NetMuon2]:66151 [NetMuon3]:66133 [NetMuon4]:66253
[Run]:35200 [Site]:4 [Bin]:7840 [FullTime]:3600 [SkipTime]:0 [Veto1]:75.8113 [Veto2]:86.6621 [Veto3]:78.7822 [Veto4]:84.6006 [SgUp1]:68810 [SgUp2]:69722 [SgUp3]:70869 [SgUp4]:69980 [SgLow1]:68786 [SgLow2]:69689 [SgLow3]:70850 [SgLow4]:69942 [NetMuon1]:68564 [NetMuon2]:68387 [NetMuon3]:68513 [NetMuon4]:68385
[Run]:35200 [Site]:4 [Bin]:7841 [FullTime]:3600 [SkipTime]:0 [Veto1]:74.6689 [Veto2]:81.5249 [Veto3]:77.6277 [Veto4]:69.7495 [SgUp1]:68699 [SgUp2]:70028 [SgUp3]:70710 [SgUp4]:70580 [SgLow1]:68666 [SgLow2]:70005 [SgLow3]:70682 [SgLow4]:70545 [NetMuon1]:67192 [NetMuon2]:67024 [NetMuon3]:67109 [NetMuon4]:67278
[Run]:35200 [Site]:4 [Bin]:7842 [FullTime]:3600 [SkipTime]:0 [Veto1]:75.036 [Veto2]:75.0376 [Veto3]:78.9221 [Veto4]:75.9794 [SgUp1]:68394 [SgUp2]:69842 [SgUp3]:70723 [SgUp4]:70053 [SgLow1]:68369 [SgLow2]:69810 [SgLow3]:70694 [SgLow4]:70018 [NetMuon1]:67567 [NetMuon2]:67563 [NetMuon3]:67491 [NetMuon4]:67547
[Run]:35200 [Site]:4 [Bin]:7843 [FullTime]:3600 [SkipTime]:0 [Veto1]:77.1298 [Veto2]:74.1228 [Veto3]:86.9206 [Veto4]:83.012 [SgUp1]:68489 [SgUp2]:69301 [SgUp3]:70419 [SgUp4]:70054 [SgLow1]:68461 [SgLow2]:69268 [SgLow3]:70383 [SgLow4]:70008 [NetMuon1]:68974 [NetMuon2]:68994 [NetMuon3]:68718 [NetMuon4]:68837
[Run]:35200 [Site]:4 [Bin]:7844 [FullTime]:3600 [SkipTime]:0 [Veto1]:75.5694 [Veto2]:85.2992 [Veto3]:83.3483 [Veto4]:71.581 [SgUp1]:68500 [SgUp2]:69018 [SgUp3]:70489 [SgUp4]:70137 [SgLow1]:68479 [SgLow2]:69000 [SgLow3]:70448 [SgLow4]:70127 [NetMuon1]:73158 [NetMuon2]:72939 [NetMuon3]:72970 [NetMuon4]:73197
[Run]:35200 [Site]:4 [Bin]:7845 [FullTime]:3600 [SkipTime]:0 [Veto1]:83.2177 [Veto2]:78.2953 [Veto3]:78.5735 [Veto4]:85.8642 [SgUp1]:68567 [SgUp2]:69811 [SgUp3]:70846 [SgUp4]:70654 [SgLow1]:68547 [SgLow2]:69778 [SgLow3]:70824 [SgLow4]:70609 [NetMuon1]:72755 [NetMuon2]:72829 [NetMuon3]:72809 [NetMuon4]:72718
[Run]:35200 [Site]:4 [Bin]:7846 [FullTime]:3600 [SkipTime]:0 [Veto1]:73.7926 [Veto2]:74.7786 [Veto3]:67.8477 [Veto4]:78.6725 [SgUp1]:68568 [SgUp2]:69972 [SgUp3]:71231 [SgUp4]:69930 [SgLow1]:68548 [SgLow2]:69938 [SgLow3]:71193 [SgLow4]:69892 [NetMuon1]:64789 [NetMuon2]:64796 [NetMuon3]:64915 [NetMuon4]:64713
[Run]:35200 [Site]:4 [Bin]:7847 [FullTime]:3600 [SkipTime]:0 [Veto1]:72.3549 [Veto2]:75.2769 [Veto3]:68.3765 [Veto4]:59.7952 [SgUp1]:68436 [SgUp2]:69935 [SgUp3]:71035 [SgUp4]:70299 [SgLow1]:68400 [SgLow2]:69894 [SgLow3]:71010 [SgLow4]:70280 [NetMuon1]:59388 [NetMuon2]:59330 [NetMuon3]:59447 [NetMuon4]:59606
[Run]:35200 [Site]:4 [Bin]:7848 [FullTime]:3600 [SkipTime]:0 [Veto1]:61.3418 [Veto2]:67.2755 [Veto3]:61.3302 [Veto4]:67.2475 [SgUp1]:69583 [SgUp2]:70422 [SgUp3]:70690 [SgUp4]:70983 [SgLow1]:69541 [SgLow2]:70396 [SgLow3]:70664 [SgLow4]:70958 [NetMuon1]:56923 [NetMuon2]:56849 [NetMuon3]:56907 [NetMuon4]:56831
[Run]:35200 [Site]:4 [Bin]:7849 [FullTime]:3600 [SkipTime]:0 [Veto1]:79.8143 [Veto2]:78.7515 [Veto3]:64.0035 [Veto4]:68.9206 [SgUp1]:68265 [SgUp2]:70016 [SgUp3]:70947 [SgUp4]:70391 [SgLow1]:68239 [SgLow2]:69993 [SgLow3]:70925 [SgLow4]:70361 [NetMuon1]:57472 [NetMuon2]:57434 [NetMuon3]:57721 [NetMuon4]:57641
[Run]:35200 [Site]:4 [Bin]:7850 [FullTime]:3600 [SkipTime]:0 [Veto1]:76.2745 [Veto2]:72.0382 [Veto3]:63.3783 [Veto4]:69.3032 [SgUp1]:69141 [SgUp2]:70482 [SgUp3]:71287 [SgUp4]:70852 [SgLow1]:69114 [SgLow2]:70452 [SgLow3]:71249 [SgLow4]:70821 [NetMuon1]:58088 [NetMuon2]:58119 [NetMuon3]:58275 [NetMuon4]:58175
[Run]:35200 [Site]:4 [Bin]:7851 [FullTime]:3600 [SkipTime]:0 [Veto1]:70.2584 [Veto2]:71.116 [Veto3]:64.3142 [Veto4]:74.1496 [SgUp1]:68522 [SgUp2]:69718 [SgUp3]:71183 [SgUp4]:70277 [SgLow1]:68464 [SgLow2]:69687 [SgLow3]:71151 [SgLow4]:70248 [NetMuon1]:60466 [NetMuon2]:60432 [NetMuon3]:60576 [NetMuon4]:60407
[Run]:35200 [Site]:4 [Bin]:7852 [FullTime]:3600 [SkipTime]:0 [Veto1]:74.6042 [Veto2]:62.7675 [Veto3]:74.7503 [Veto4]:75.605 [SgUp1]:68873 [SgUp2]:70450 [SgUp3]:70645 [SgUp4]:69988 [SgLow1]:68852 [SgLow2]:70421 [SgLow3]:70601 [SgLow4]:69960 [NetMuon1]:60915 [NetMuon2]:61138 [NetMuon3]:60905 [NetMuon4]:60921
[Run]:35200 [Site]:4 [Bin]:7853 [FullTime]:3600 [SkipTime]:0 [Veto1]:70.6202 [Veto2]:63.6465 [Veto3]:71.5354 [Veto4]:82.3383 [SgUp1]:68992 [SgUp2]:70280 [SgUp3]:70910 [SgUp4]:70112 [SgLow1]:68944 [SgLow2]:70242 [SgLow3]:70892 [SgLow4]:70070 [NetMuon1]:60801 [NetMuon2]:60951 [NetMuon3]:60829 [NetMuon4]:60578
[Run]:35200 [Site]:4 [Bin]:7854 [FullTime]:3600 [SkipTime]:0 [Veto1]:68.6028 [Veto2]:73.4948 [Veto3]:71.5177 [Veto4]:79.4266 [SgUp1]:68555 [SgUp2]:70127 [SgUp3]:70180 [SgUp4]:70015 [SgLow1]:68538 [SgLow2]:70108 [SgLow3]:70145 [SgLow4]:69968 [NetMuon1]:58449 [NetMuon2]:58328 [NetMuon3]:58399 [NetMuon4]:58264
[Run]:35200 [Site]:4 [Bin]:7855 [FullTime]:3600 [SkipTime]:0 [Veto1]:67.898 [Veto2]:72.819 [Veto3]:64.9248 [Veto4]:74.7779 [SgUp1]:69166 [SgUp2]:70171 [SgUp3]:70648 [SgUp4]:70207 [SgLow1]:69146 [SgLow2]:70137 [SgLow3]:70612 [SgLow4]:70181 [NetMuon1]:62487 [NetMuon2]:62377 [NetMuon3]:62513 [NetMuon4]:62339
[Run]:35200 [Site]:4 [Bin]:7856 [FullTime]:3600 [SkipTime]:0 [Veto1]:75.985 [Veto2]:70.0316 [Veto3]:68.0865 [Veto4]:78.9097 [SgUp1]:68824 [SgUp2]:70184 [SgUp3]:70801 [SgUp4]:70247 [SgLow1]:68786 [SgLow2]:70164 [SgLow3]:70780 [SgLow4]:70218 [NetMuon1]:61384 [NetMuon2]:61482 [NetMuon3]:61527 [NetMuon4]:61310
[Run]:35200 [Site]:4 [Bin]:7857 [FullTime]:3600 [SkipTime]:0 [Veto1]:73.7943 [Veto2]:71.9069 [Veto3]:65.9323 [Veto4]:71.8512 [SgUp1]:68965 [SgUp2]:69901 [SgUp3]:70985 [SgUp4]:70118 [SgLow1]:68934 [SgLow2]:69876 [SgLow3]:70945 [SgLow4]:70095 [NetMuon1]:61243 [NetMuon2]:61331 [NetMuon3]:61406 [NetMuon4]:61261
[Run]:35200 [Site]:4 [Bin]:7858 [FullTime]:3600 [SkipTime]:0 [Veto1]:64.3908 [Veto2]:72.2398 [Veto3]:62.351 [Veto4]:67.2816 [SgUp1]:68734 [SgUp2]:69892 [SgUp3]:71033 [SgUp4]:70629 [SgLow1]:68714 [SgLow2]:69849 [SgLow3]:70998 [SgLow4]:70596 [NetMuon1]:58138 [NetMuon2]:58005 [NetMuon3]:58175 [NetMuon4]:58114
[Run]:35200 [Site]:4 [Bin]:7859 [FullTime]:3600 [SkipTime]:0 [Veto1]:65.8141 [Veto2]:69.7711 [Veto3]:76.7049 [Veto4]:69.2968 [SgUp1]:68716 [SgUp2]:69861 [SgUp3]:70488 [SgUp4]:70206 [SgLow1]:68681 [SgLow2]:69814 [SgLow3]:70443 [SgLow4]:70183 [NetMuon1]:60001 [NetMuon2]:59915 [NetMuon3]:59830 [NetMuon4]:59924
[Run]:35200 [Site]:4 [Bin]:7860 [FullTime]:3600 [SkipTime]:0 [Veto1]:72.7691 [Veto2]:75.7127 [Veto3]:72.7535 [Veto4]:78.6876 [SgUp1]:68417 [SgUp2]:70107 [SgUp3]:70573 [SgUp4]:70470 [SgLow1]:68377 [SgLow2]:70081 [SgLow3]:70539 [SgLow4]:70427 [NetMuon1]:63623 [NetMuon2]:63601 [NetMuon3]:63615 [NetMuon4]:63525
[Run]:35200 [Site]:4 [Bin]:7861 [FullTime]:3600 [SkipTime]:0 [Veto1]:84.5656 [Veto2]:86.5718 [Veto3]:78.7095 [Veto4]:77.7124 [SgUp1]:68607 [SgUp2]:69489 [SgUp3]:70766 [SgUp4]:70546 [SgLow1]:68582 [SgLow2]:69444 [SgLow3]:70733 [SgLow4]:70522 [NetMuon1]:69549 [NetMuon2]:69505 [NetMuon3]:69654 [NetMuon4]:69681
[Run]:35200 [Site]:4 [Bin]:7862 [FullTime]:3600 [SkipTime]:0 [Veto1]:84.449 [Veto2]:85.4055 [Veto3]:93.2057 [Veto4]:80.4846 [SgUp1]:68133 [SgUp2]:69573 [SgUp3]:70199 [SgUp4]:70080 [SgLow1]:68101 [SgLow2]:69547 [SgLow3]:70179 [SgLow4]:70032 [NetMuon1]:77922 [NetMuon2]:77877 [NetMuon3]:77718 [NetMuon4]:77977
[Run]:35200 [Site]:4 [Bin]:7863 [FullTime]:3600 [SkipTime]:0 [Veto1]:90.2192 [Veto2]:89.2451 [Veto3]:81.418 [Veto4]:82.3969 [SgUp1]:68081 [SgUp2]:69245 [SgUp3]:69867 [SgUp4]:70029 [SgLow1]:68055 [SgLow2]:69205 [SgLow3]:69835 [SgLow4]:70005 [NetMuon1]:74066 [NetMuon2]:74121 [NetMuon3]:74271 [NetMuon4]:74301
[Run]:35200 [Site]:4 [Bin]:7864 [FullTime]:3600 [SkipTime]:0 [Veto1]:85.7559 [Veto2]:92.584 [Veto3]:85.7106 [Veto4]:85.7342 [SgUp1]:68243 [SgUp2]:68999 [SgUp3]:70237 [SgUp4]:69646 [SgLow1]:68209 [SgLow2]:68966 [SgLow3]:70198 [SgLow4]:69617 [NetMuon1]:74665 [NetMuon2]:74467 [NetMuon3]:74619 [NetMuon4]:74612
[Run]:35200 [Site]:4 [Bin]:7865 [FullTime]:3600 [SkipTime]:0 [Veto1]:78.3141 [Veto2]:87.2657 [Veto3]:77.3633 [Veto4]:79.4237 [SgUp1]:69039 [SgUp2]:69060 [SgUp3]:70662 [SgUp4]:70083 [SgLow1]:69001 [SgLow2]:69037 [SgLow3]:70627 [SgLow4]:70054 [NetMuon1]:74201 [NetMuon2]:74024 [NetMuon3]:74222 [NetMuon4]:74212
[Run]:35200 [Site]:4 [Bin]:7866 [FullTime]:3600 [SkipTime]:0 [Veto1]:79.2792 [Veto2]:80.2773 [Veto3]:86.1784 [Veto4]:85.1658 [SgUp1]:68496 [SgUp2]:68913 [SgUp3]:70223 [SgUp4]:69988 [SgLow1]:68476 [SgLow2]:68870 [SgLow3]:70186 [SgLow4]:69942 [NetMuon1]:75259 [NetMuon2]:75226 [NetMuon3]:75119 [NetMuon4]:75117
[Run]:35200 [Site]:4 [Bin]:7867 [FullTime]:3600 [SkipTime]:0 [Veto1]:81.4051 [Veto2]:80.4115 [Veto3]:81.3441 [Veto4]:93.1549 [SgUp1]:68680 [SgUp2]:69697 [SgUp3]:70237 [SgUp4]:69952 [SgLow1]:68657 [SgLow2]:69664 [SgLow3]:70208 [SgLow4]:69920 [NetMuon1]:74097 [NetMuon2]:74132 [NetMuon3]:74119 [NetMuon4]:73846
[Run]:35200 [Site]:4 [Bin]:7868 [FullTime]:3600 [SkipTime]:0 [Veto1]:89.4603 [Veto2]:86.5311 [Veto3]:91.4421 [Veto4]:88.1203 [SgUp1]:68269 [SgUp2]:68679 [SgUp3]:70172 [SgUp4]:69645 [SgLow1]:68243 [SgLow2]:68651 [SgLow3]:70152 [SgLow4]:69616 [NetMuon1]:82820 [NetMuon2]:82896 [NetMuon3]:82787 [NetMuon4]:82839
[Run]:35200 [Site]:4 [Bin]:7869 [FullTime]:3600 [SkipTime]:0 [Veto1]:99.2863 [Veto2]:88.5142 [Veto3]:99.3202 [Veto4]:96.3251 [SgUp1]:68145 [SgUp2]:68801 [SgUp3]:69683 [SgUp4]:69435 [SgLow1]:68123 [SgLow2]:68754 [SgLow3]:69650 [SgLow4]:69401 [NetMuon1]:87482 [NetMuon2]:87758 [NetMuon3]:87543 [NetMuon4]:87524
[Run]:35200 [Site]:4 [Bin]:7870 [FullTime]:3600 [SkipTime]:0 [Veto1]:81.7411 [Veto2]:82.7419 [Veto3]:81.7013 [Veto4]:74.8561 [SgUp1]:68245 [SgUp2]:69398 [SgUp3]:70267 [SgUp4]:70588 [SgLow1]:68222 [SgLow2]:69362 [SgLow3]:70240 [SgLow4]:70554 [NetMuon1]:70861 [NetMuon2]:70881 [NetMuon3]:70844 [NetMuon4]:71002
[Run]:35200 [Site]:4 [Bin]:7871 [FullTime]:3600 [SkipTime]:0 [Veto1]:67.199 [Veto2]:73.0594 [Veto3]:67.1431 [Veto4]:69.1582 [SgUp1]:68412 [SgUp2]:69910 [SgUp3]:71029 [SgUp4]:70372 [SgLow1]:68394 [SgLow2]:69868 [SgLow3]:70999 [SgLow4]:70347 [NetMuon1]:61645 [NetMuon2]:61527 [NetMuon3]:61650 [NetMuon4]:61630
[Run]:35200 [Site]:4 [Bin]:7872 [FullTime]:3600 [SkipTime]:0 [Veto1]:74.1321 [Veto2]:68.1909 [Veto3]:60.2823 [Veto4]:66.2383 [SgUp1]:68303 [SgUp2]:69939 [SgUp3]:71568 [SgUp4]:70402 [SgLow1]:68253 [SgLow2]:69901 [SgLow3]:71551 [SgLow4]:70360 [NetMuon1]:56694 [NetMuon2]:56796 [NetMuon3]:56906 [NetMuon4]:56847
End process Run: 35200 ... 
[Run]:35200 [Site]:4 [Bin]:7873 [FullTime]:32.8358 [SkipTime]:0 [Veto1]:0.454203 [Veto2]:0.45113 [Veto3]:0.45033 [Veto4]:0.45953
