StreamChain add 0x103217f0
Start to process run: 36216 ... 
[Run]:36216 [Site]:4 [Bin]:8617 [FullTime]:2474.25 [SkipTime]:0 [Veto1]:41.3184 [Veto2]:46.2291 [Veto3]:47.1854 [Veto4]:53.1484 [SgUp1]:46370 [SgUp2]:47132 [SgUp3]:48430 [SgUp4]:47666 [SgLow1]:46348 [SgLow2]:47121 [SgLow3]:48411 [SgLow4]:47643 [NetMuon1]:37587 [NetMuon2]:37509 [NetMuon3]:37492 [NetMuon4]:37395
[Run]:36216 [Site]:4 [Bin]:8618 [FullTime]:3600 [SkipTime]:0 [Veto1]:69.3261 [Veto2]:67.265 [Veto3]:65.3637 [Veto4]:68.3074 [SgUp1]:67408 [SgUp2]:69748 [SgUp3]:70265 [SgUp4]:69183 [SgLow1]:67379 [SgLow2]:69721 [SgLow3]:70241 [SgLow4]:69149 [NetMuon1]:54459 [NetMuon2]:54508 [NetMuon3]:54531 [NetMuon4]:54477
[Run]:36216 [Site]:4 [Bin]:8619 [FullTime]:3600 [SkipTime]:0 [Veto1]:66.2539 [Veto2]:72.1714 [Veto3]:69.1927 [Veto4]:56.3805 [SgUp1]:66884 [SgUp2]:68861 [SgUp3]:70576 [SgUp4]:70149 [SgLow1]:66859 [SgLow2]:68833 [SgLow3]:70545 [SgLow4]:70124 [NetMuon1]:54352 [NetMuon2]:54257 [NetMuon3]:54288 [NetMuon4]:54516
[Run]:36216 [Site]:4 [Bin]:8620 [FullTime]:3600 [SkipTime]:0 [Veto1]:71.1681 [Veto2]:66.2211 [Veto3]:74.0933 [Veto4]:59.3119 [SgUp1]:67503 [SgUp2]:68738 [SgUp3]:71059 [SgUp4]:69454 [SgLow1]:67478 [SgLow2]:68711 [SgLow3]:71030 [SgLow4]:69428 [NetMuon1]:54223 [NetMuon2]:54310 [NetMuon3]:54225 [NetMuon4]:54430
[Run]:36216 [Site]:4 [Bin]:8621 [FullTime]:3600 [SkipTime]:0 [Veto1]:58.1216 [Veto2]:62.0259 [Veto3]:66.013 [Veto4]:70.9835 [SgUp1]:67733 [SgUp2]:69061 [SgUp3]:71010 [SgUp4]:69465 [SgLow1]:67705 [SgLow2]:69029 [SgLow3]:70998 [SgLow4]:69441 [NetMuon1]:54199 [NetMuon2]:54121 [NetMuon3]:54058 [NetMuon4]:53993
[Run]:36216 [Site]:4 [Bin]:8622 [FullTime]:3600 [SkipTime]:0 [Veto1]:64.674 [Veto2]:65.6833 [Veto3]:70.5677 [Veto4]:79.1394 [SgUp1]:68205 [SgUp2]:68700 [SgUp3]:70129 [SgUp4]:68834 [SgLow1]:68176 [SgLow2]:68670 [SgLow3]:70111 [SgLow4]:68808 [NetMuon1]:54828 [NetMuon2]:54883 [NetMuon3]:54760 [NetMuon4]:54608
[Run]:36216 [Site]:4 [Bin]:8623 [FullTime]:3600 [SkipTime]:0 [Veto1]:68.4056 [Veto2]:69.431 [Veto3]:69.4111 [Veto4]:66.4304 [SgUp1]:67219 [SgUp2]:69777 [SgUp3]:70836 [SgUp4]:69421 [SgLow1]:67175 [SgLow2]:69757 [SgLow3]:70813 [SgLow4]:69384 [NetMuon1]:54557 [NetMuon2]:54586 [NetMuon3]:54568 [NetMuon4]:54594
[Run]:36216 [Site]:4 [Bin]:8624 [FullTime]:3600 [SkipTime]:0 [Veto1]:65.2193 [Veto2]:59.2617 [Veto3]:73.119 [Veto4]:71.6988 [SgUp1]:67145 [SgUp2]:69100 [SgUp3]:70230 [SgUp4]:69275 [SgLow1]:67125 [SgLow2]:69071 [SgLow3]:70193 [SgLow4]:69232 [NetMuon1]:54298 [NetMuon2]:54410 [NetMuon3]:54171 [NetMuon4]:54245
[Run]:36216 [Site]:4 [Bin]:8625 [FullTime]:3600 [SkipTime]:0 [Veto1]:68.3767 [Veto2]:70.2736 [Veto3]:61.7801 [Veto4]:55.4422 [SgUp1]:66935 [SgUp2]:68845 [SgUp3]:70737 [SgUp4]:69609 [SgLow1]:66921 [SgLow2]:68809 [SgLow3]:70713 [SgLow4]:69588 [NetMuon1]:54477 [NetMuon2]:54416 [NetMuon3]:54568 [NetMuon4]:54644
[Run]:36216 [Site]:4 [Bin]:8626 [FullTime]:3600 [SkipTime]:0 [Veto1]:62.1337 [Veto2]:64.1414 [Veto3]:68.0613 [Veto4]:63.6109 [SgUp1]:67798 [SgUp2]:68848 [SgUp3]:70163 [SgUp4]:69303 [SgLow1]:67773 [SgLow2]:68819 [SgLow3]:70148 [SgLow4]:69282 [NetMuon1]:54209 [NetMuon2]:54227 [NetMuon3]:54135 [NetMuon4]:54230
[Run]:36216 [Site]:4 [Bin]:8627 [FullTime]:3600 [SkipTime]:0 [Veto1]:75.9437 [Veto2]:70.0497 [Veto3]:69.9998 [Veto4]:71.0254 [SgUp1]:67381 [SgUp2]:69076 [SgUp3]:70352 [SgUp4]:69260 [SgLow1]:67368 [SgLow2]:69057 [SgLow3]:70325 [SgLow4]:69221 [NetMuon1]:53992 [NetMuon2]:54111 [NetMuon3]:54118 [NetMuon4]:54107
[Run]:36216 [Site]:4 [Bin]:8628 [FullTime]:3600 [SkipTime]:0 [Veto1]:70.0128 [Veto2]:67.427 [Veto3]:57.1461 [Veto4]:64.0919 [SgUp1]:67728 [SgUp2]:69148 [SgUp3]:70591 [SgUp4]:69634 [SgLow1]:67710 [SgLow2]:69121 [SgLow3]:70580 [SgLow4]:69590 [NetMuon1]:54042 [NetMuon2]:54124 [NetMuon3]:54270 [NetMuon4]:54170
[Run]:36216 [Site]:4 [Bin]:8629 [FullTime]:3600 [SkipTime]:0 [Veto1]:62.5543 [Veto2]:68.4842 [Veto3]:66.453 [Veto4]:63.5909 [SgUp1]:67845 [SgUp2]:69138 [SgUp3]:69852 [SgUp4]:69467 [SgLow1]:67826 [SgLow2]:69116 [SgLow3]:69833 [SgLow4]:69428 [NetMuon1]:54777 [NetMuon2]:54684 [NetMuon3]:54726 [NetMuon4]:54796
[Run]:36216 [Site]:4 [Bin]:8630 [FullTime]:3600 [SkipTime]:0 [Veto1]:69.1878 [Veto2]:70.5656 [Veto3]:63.7019 [Veto4]:60.7522 [SgUp1]:67719 [SgUp2]:69401 [SgUp3]:69567 [SgUp4]:69694 [SgLow1]:67693 [SgLow2]:69367 [SgLow3]:69535 [SgLow4]:69679 [NetMuon1]:54846 [NetMuon2]:54797 [NetMuon3]:54922 [NetMuon4]:54953
[Run]:36216 [Site]:4 [Bin]:8631 [FullTime]:3600 [SkipTime]:0 [Veto1]:65.1291 [Veto2]:73.5916 [Veto3]:69.7004 [Veto4]:70.8811 [SgUp1]:67602 [SgUp2]:68938 [SgUp3]:69402 [SgUp4]:69102 [SgLow1]:67567 [SgLow2]:68904 [SgLow3]:69374 [SgLow4]:69068 [NetMuon1]:55243 [NetMuon2]:55106 [NetMuon3]:55151 [NetMuon4]:55148
[Run]:36216 [Site]:4 [Bin]:8632 [FullTime]:3600 [SkipTime]:0 [Veto1]:56.7512 [Veto2]:69.5847 [Veto3]:62.6669 [Veto4]:66.6929 [SgUp1]:67810 [SgUp2]:69199 [SgUp3]:69868 [SgUp4]:69181 [SgLow1]:67788 [SgLow2]:69166 [SgLow3]:69844 [SgLow4]:69151 [NetMuon1]:54962 [NetMuon2]:54771 [NetMuon3]:54879 [NetMuon4]:54799
[Run]:36216 [Site]:4 [Bin]:8633 [FullTime]:3600 [SkipTime]:0 [Veto1]:71.4362 [Veto2]:66.4698 [Veto3]:69.9039 [Veto4]:70.5399 [SgUp1]:67472 [SgUp2]:69183 [SgUp3]:69392 [SgUp4]:68950 [SgLow1]:67442 [SgLow2]:69155 [SgLow3]:69361 [SgLow4]:68925 [NetMuon1]:54609 [NetMuon2]:54676 [NetMuon3]:54637 [NetMuon4]:54655
[Run]:36216 [Site]:4 [Bin]:8634 [FullTime]:3600 [SkipTime]:0 [Veto1]:67.3753 [Veto2]:69.3738 [Veto3]:65.3997 [Veto4]:73.0234 [SgUp1]:67325 [SgUp2]:69035 [SgUp3]:69263 [SgUp4]:69501 [SgLow1]:67303 [SgLow2]:69005 [SgLow3]:69232 [SgLow4]:69474 [NetMuon1]:54533 [NetMuon2]:54523 [NetMuon3]:54581 [NetMuon4]:54421
[Run]:36216 [Site]:4 [Bin]:8635 [FullTime]:3600 [SkipTime]:0 [Veto1]:67.5524 [Veto2]:63.5638 [Veto3]:69.519 [Veto4]:64.5939 [SgUp1]:67962 [SgUp2]:69043 [SgUp3]:69809 [SgUp4]:69488 [SgLow1]:67931 [SgLow2]:69016 [SgLow3]:69781 [SgLow4]:69449 [NetMuon1]:54754 [NetMuon2]:54810 [NetMuon3]:54742 [NetMuon4]:54803
[Run]:36216 [Site]:4 [Bin]:8636 [FullTime]:3600 [SkipTime]:0 [Veto1]:70.7723 [Veto2]:76.5783 [Veto3]:70.6153 [Veto4]:64.7212 [SgUp1]:67871 [SgUp2]:68695 [SgUp3]:69610 [SgUp4]:69265 [SgLow1]:67846 [SgLow2]:68648 [SgLow3]:69573 [SgLow4]:69233 [NetMuon1]:54825 [NetMuon2]:54771 [NetMuon3]:54864 [NetMuon4]:54950
[Run]:36216 [Site]:4 [Bin]:8637 [FullTime]:3600 [SkipTime]:0 [Veto1]:71.6215 [Veto2]:71.5781 [Veto3]:62.5894 [Veto4]:67.5945 [SgUp1]:67455 [SgUp2]:69054 [SgUp3]:69732 [SgUp4]:68989 [SgLow1]:67431 [SgLow2]:69020 [SgLow3]:69711 [SgLow4]:68969 [NetMuon1]:54725 [NetMuon2]:54760 [NetMuon3]:54885 [NetMuon4]:54837
[Run]:36216 [Site]:4 [Bin]:8638 [FullTime]:3600 [SkipTime]:0 [Veto1]:69.6343 [Veto2]:66.664 [Veto3]:68.6039 [Veto4]:69.5838 [SgUp1]:67425 [SgUp2]:68808 [SgUp3]:69309 [SgUp4]:69315 [SgLow1]:67391 [SgLow2]:68775 [SgLow3]:69286 [SgLow4]:69285 [NetMuon1]:54806 [NetMuon2]:54858 [NetMuon3]:54830 [NetMuon4]:54789
[Run]:36216 [Site]:4 [Bin]:8639 [FullTime]:3600 [SkipTime]:0 [Veto1]:71.1543 [Veto2]:59.3206 [Veto3]:66.1603 [Veto4]:58.3035 [SgUp1]:67769 [SgUp2]:69263 [SgUp3]:69510 [SgUp4]:69587 [SgLow1]:67748 [SgLow2]:69235 [SgLow3]:69473 [SgLow4]:69573 [NetMuon1]:54225 [NetMuon2]:54448 [NetMuon3]:54274 [NetMuon4]:54424
[Run]:36216 [Site]:4 [Bin]:8640 [FullTime]:3600 [SkipTime]:0 [Veto1]:69.361 [Veto2]:69.3435 [Veto3]:62.4453 [Veto4]:66.4262 [SgUp1]:67704 [SgUp2]:69353 [SgUp3]:71042 [SgUp4]:69621 [SgLow1]:67679 [SgLow2]:69313 [SgLow3]:71016 [SgLow4]:69586 [NetMuon1]:54495 [NetMuon2]:54474 [NetMuon3]:54638 [NetMuon4]:54576
[Run]:36216 [Site]:4 [Bin]:8641 [FullTime]:3600 [SkipTime]:0 [Veto1]:65.85 [Veto2]:67.7878 [Veto3]:65.7935 [Veto4]:73.6863 [SgUp1]:67763 [SgUp2]:69534 [SgUp3]:70455 [SgUp4]:69292 [SgLow1]:67746 [SgLow2]:69496 [SgLow3]:70421 [SgLow4]:69266 [NetMuon1]:53861 [NetMuon2]:53786 [NetMuon3]:53824 [NetMuon4]:53717
[Run]:36216 [Site]:4 [Bin]:8642 [FullTime]:3600 [SkipTime]:0 [Veto1]:70.3389 [Veto2]:69.3237 [Veto3]:65.3738 [Veto4]:67.9496 [SgUp1]:68109 [SgUp2]:69176 [SgUp3]:70580 [SgUp4]:69604 [SgLow1]:68084 [SgLow2]:69145 [SgLow3]:70538 [SgLow4]:69566 [NetMuon1]:54417 [NetMuon2]:54462 [NetMuon3]:54501 [NetMuon4]:54505
[Run]:36216 [Site]:4 [Bin]:8643 [FullTime]:3600 [SkipTime]:0 [Veto1]:65.7979 [Veto2]:67.7627 [Veto3]:73.6967 [Veto4]:65.8279 [SgUp1]:68248 [SgUp2]:69199 [SgUp3]:70351 [SgUp4]:69121 [SgLow1]:68221 [SgLow2]:69169 [SgLow3]:70321 [SgLow4]:69107 [NetMuon1]:54989 [NetMuon2]:55006 [NetMuon3]:54884 [NetMuon4]:55023
[Run]:36216 [Site]:4 [Bin]:8644 [FullTime]:3600 [SkipTime]:0 [Veto1]:71.2948 [Veto2]:63.4205 [Veto3]:74.2242 [Veto4]:76.2185 [SgUp1]:67605 [SgUp2]:69438 [SgUp3]:70342 [SgUp4]:69671 [SgLow1]:67569 [SgLow2]:69417 [SgLow3]:70313 [SgLow4]:69627 [NetMuon1]:54433 [NetMuon2]:54584 [NetMuon3]:54417 [NetMuon4]:54376
[Run]:36216 [Site]:4 [Bin]:8645 [FullTime]:3600.01 [SkipTime]:0 [Veto1]:62.4469 [Veto2]:60.4909 [Veto3]:63.8542 [Veto4]:73.3215 [SgUp1]:67625 [SgUp2]:69611 [SgUp3]:70645 [SgUp4]:69842 [SgLow1]:67604 [SgLow2]:69575 [SgLow3]:70614 [SgLow4]:69797 [NetMuon1]:54635 [NetMuon2]:54666 [NetMuon3]:54613 [NetMuon4]:54515
[Run]:36216 [Site]:4 [Bin]:8646 [FullTime]:3600 [SkipTime]:0 [Veto1]:62.9727 [Veto2]:63.9819 [Veto3]:64.9627 [Veto4]:64.9841 [SgUp1]:67615 [SgUp2]:69881 [SgUp3]:70679 [SgUp4]:69989 [SgLow1]:67579 [SgLow2]:69845 [SgLow3]:70635 [SgLow4]:69971 [NetMuon1]:54035 [NetMuon2]:54022 [NetMuon3]:54028 [NetMuon4]:54049
[Run]:36216 [Site]:4 [Bin]:8647 [FullTime]:3599.99 [SkipTime]:0 [Veto1]:69.438 [Veto2]:77.3564 [Veto3]:67.5218 [Veto4]:64.5855 [SgUp1]:67587 [SgUp2]:70029 [SgUp3]:70333 [SgUp4]:69589 [SgLow1]:67565 [SgLow2]:70001 [SgLow3]:70301 [SgLow4]:69573 [NetMuon1]:54637 [NetMuon2]:54542 [NetMuon3]:54682 [NetMuon4]:54733
[Run]:36216 [Site]:4 [Bin]:8648 [FullTime]:3600 [SkipTime]:0 [Veto1]:71.5525 [Veto2]:59.6512 [Veto3]:71.4227 [Veto4]:72.438 [SgUp1]:67958 [SgUp2]:69464 [SgUp3]:70669 [SgUp4]:69544 [SgLow1]:67929 [SgLow2]:69429 [SgLow3]:70626 [SgLow4]:69507 [NetMuon1]:54678 [NetMuon2]:54814 [NetMuon3]:54640 [NetMuon4]:54616
[Run]:36216 [Site]:4 [Bin]:8649 [FullTime]:3600 [SkipTime]:0 [Veto1]:63.0203 [Veto2]:65.102 [Veto3]:66.6095 [Veto4]:64.0538 [SgUp1]:67918 [SgUp2]:69777 [SgUp3]:70795 [SgUp4]:69461 [SgLow1]:67884 [SgLow2]:69754 [SgLow3]:70771 [SgLow4]:69421 [NetMuon1]:55336 [NetMuon2]:55345 [NetMuon3]:55295 [NetMuon4]:55359
[Run]:36216 [Site]:4 [Bin]:8650 [FullTime]:3600 [SkipTime]:0 [Veto1]:67.5721 [Veto2]:69.5189 [Veto3]:62.564 [Veto4]:62.5964 [SgUp1]:67944 [SgUp2]:69372 [SgUp3]:70713 [SgUp4]:69346 [SgLow1]:67916 [SgLow2]:69337 [SgLow3]:70685 [SgLow4]:69301 [NetMuon1]:54719 [NetMuon2]:54699 [NetMuon3]:54777 [NetMuon4]:54804
[Run]:36216 [Site]:4 [Bin]:8651 [FullTime]:3600 [SkipTime]:0 [Veto1]:65.5859 [Veto2]:64.5866 [Veto3]:66.5297 [Veto4]:66.2658 [SgUp1]:67555 [SgUp2]:69753 [SgUp3]:70443 [SgUp4]:69512 [SgLow1]:67525 [SgLow2]:69729 [SgLow3]:70424 [SgLow4]:69494 [NetMuon1]:54769 [NetMuon2]:54801 [NetMuon3]:54728 [NetMuon4]:54756
[Run]:36216 [Site]:4 [Bin]:8652 [FullTime]:3600 [SkipTime]:0 [Veto1]:56.9278 [Veto2]:60.9201 [Veto3]:63.8326 [Veto4]:63.8702 [SgUp1]:67943 [SgUp2]:69694 [SgUp3]:70812 [SgUp4]:69791 [SgLow1]:67928 [SgLow2]:69655 [SgLow3]:70782 [SgLow4]:69768 [NetMuon1]:55194 [NetMuon2]:55126 [NetMuon3]:55081 [NetMuon4]:55069
[Run]:36216 [Site]:4 [Bin]:8653 [FullTime]:3600 [SkipTime]:0 [Veto1]:71.986 [Veto2]:66.0683 [Veto3]:67.3344 [Veto4]:74.9044 [SgUp1]:67837 [SgUp2]:69398 [SgUp3]:70341 [SgUp4]:69460 [SgLow1]:67811 [SgLow2]:69369 [SgLow3]:70310 [SgLow4]:69432 [NetMuon1]:55313 [NetMuon2]:55423 [NetMuon3]:55344 [NetMuon4]:55234
[Run]:36216 [Site]:4 [Bin]:8654 [FullTime]:3600 [SkipTime]:0 [Veto1]:69.3907 [Veto2]:63.4534 [Veto3]:65.3928 [Veto4]:63.4436 [SgUp1]:67232 [SgUp2]:68753 [SgUp3]:69660 [SgUp4]:69934 [SgLow1]:67201 [SgLow2]:68724 [SgLow3]:69642 [SgLow4]:69902 [NetMuon1]:55748 [NetMuon2]:55855 [NetMuon3]:55794 [NetMuon4]:55834
[Run]:36216 [Site]:4 [Bin]:8655 [FullTime]:3600 [SkipTime]:0 [Veto1]:66.2256 [Veto2]:71.0888 [Veto3]:74.5886 [Veto4]:64.2128 [SgUp1]:67590 [SgUp2]:69061 [SgUp3]:69743 [SgUp4]:69248 [SgLow1]:67569 [SgLow2]:69039 [SgLow3]:69704 [SgLow4]:69208 [NetMuon1]:55470 [NetMuon2]:55406 [NetMuon3]:55334 [NetMuon4]:55507
[Run]:36216 [Site]:4 [Bin]:8656 [FullTime]:3600 [SkipTime]:0 [Veto1]:70.8188 [Veto2]:71.4064 [Veto3]:69.8221 [Veto4]:78.3685 [SgUp1]:68304 [SgUp2]:69181 [SgUp3]:69985 [SgUp4]:69466 [SgLow1]:68280 [SgLow2]:69148 [SgLow3]:69955 [SgLow4]:69433 [NetMuon1]:55059 [NetMuon2]:55065 [NetMuon3]:55084 [NetMuon4]:54918
[Run]:36216 [Site]:4 [Bin]:8657 [FullTime]:3600 [SkipTime]:0 [Veto1]:68.8601 [Veto2]:55.945 [Veto3]:69.4129 [Veto4]:64.8736 [SgUp1]:67281 [SgUp2]:69899 [SgUp3]:70054 [SgUp4]:69667 [SgLow1]:67251 [SgLow2]:69872 [SgLow3]:70006 [SgLow4]:69638 [NetMuon1]:55085 [NetMuon2]:55262 [NetMuon3]:55053 [NetMuon4]:55111
[Run]:36216 [Site]:4 [Bin]:8658 [FullTime]:3600 [SkipTime]:0 [Veto1]:57.2299 [Veto2]:63.0839 [Veto3]:70.0234 [Veto4]:65.086 [SgUp1]:67980 [SgUp2]:69574 [SgUp3]:70159 [SgUp4]:70529 [SgLow1]:67949 [SgLow2]:69555 [SgLow3]:70131 [SgLow4]:70488 [NetMuon1]:55541 [NetMuon2]:55429 [NetMuon3]:55335 [NetMuon4]:55416
[Run]:36216 [Site]:4 [Bin]:8659 [FullTime]:3600 [SkipTime]:0 [Veto1]:68.1477 [Veto2]:63.228 [Veto3]:68.176 [Veto4]:66.1436 [SgUp1]:67341 [SgUp2]:69841 [SgUp3]:70086 [SgUp4]:70260 [SgLow1]:67318 [SgLow2]:69800 [SgLow3]:70064 [SgLow4]:70234 [NetMuon1]:55469 [NetMuon2]:55557 [NetMuon3]:55481 [NetMuon4]:55505
[Run]:36216 [Site]:4 [Bin]:8660 [FullTime]:3600 [SkipTime]:0 [Veto1]:66.9398 [Veto2]:63.017 [Veto3]:67.8666 [Veto4]:72.8273 [SgUp1]:67738 [SgUp2]:69303 [SgUp3]:69847 [SgUp4]:69326 [SgLow1]:67687 [SgLow2]:69279 [SgLow3]:69826 [SgLow4]:69306 [NetMuon1]:55181 [NetMuon2]:55268 [NetMuon3]:55146 [NetMuon4]:55102
[Run]:36216 [Site]:4 [Bin]:8661 [FullTime]:3600 [SkipTime]:0 [Veto1]:65.0509 [Veto2]:72.0148 [Veto3]:71.0264 [Veto4]:66.0929 [SgUp1]:67770 [SgUp2]:68851 [SgUp3]:69783 [SgUp4]:69243 [SgLow1]:67745 [SgLow2]:68826 [SgLow3]:69758 [SgLow4]:69226 [NetMuon1]:55346 [NetMuon2]:55241 [NetMuon3]:55304 [NetMuon4]:55349
[Run]:36216 [Site]:4 [Bin]:8662 [FullTime]:3600 [SkipTime]:0 [Veto1]:68.0423 [Veto2]:74.0044 [Veto3]:67.0413 [Veto4]:74.9495 [SgUp1]:67472 [SgUp2]:69314 [SgUp3]:70512 [SgUp4]:69128 [SgLow1]:67448 [SgLow2]:69289 [SgLow3]:70474 [SgLow4]:69076 [NetMuon1]:55328 [NetMuon2]:55249 [NetMuon3]:55345 [NetMuon4]:55239
[Run]:36216 [Site]:4 [Bin]:8663 [FullTime]:3600 [SkipTime]:0 [Veto1]:61.9578 [Veto2]:66.1659 [Veto3]:61.1389 [Veto4]:68.9915 [SgUp1]:67893 [SgUp2]:69333 [SgUp3]:70095 [SgUp4]:70153 [SgLow1]:67864 [SgLow2]:69295 [SgLow3]:70073 [SgLow4]:70140 [NetMuon1]:55478 [NetMuon2]:55454 [NetMuon3]:55502 [NetMuon4]:55334
[Run]:36216 [Site]:4 [Bin]:8664 [FullTime]:3600 [SkipTime]:0 [Veto1]:64.2174 [Veto2]:69.1524 [Veto3]:68.1837 [Veto4]:68.1295 [SgUp1]:67895 [SgUp2]:69252 [SgUp3]:70055 [SgUp4]:69790 [SgLow1]:67864 [SgLow2]:69218 [SgLow3]:70027 [SgLow4]:69776 [NetMuon1]:55445 [NetMuon2]:55423 [NetMuon3]:55413 [NetMuon4]:55388
End process Run: 36216 ... 
[Run]:36216 [Site]:4 [Bin]:8665 [FullTime]:763.298 [SkipTime]:0 [Veto1]:14.6527 [Veto2]:16.6317 [Veto3]:15.6215 [Veto4]:11.6921
