StreamChain add 0x107fb7f0
Start to process run: 36207 ... 
[Run]:36207 [Site]:4 [Bin]:8555 [FullTime]:3552.29 [SkipTime]:0 [Veto1]:68.0002 [Veto2]:65.0519 [Veto3]:65.0147 [Veto4]:65.0784 [SgUp1]:66826 [SgUp2]:67350 [SgUp3]:68709 [SgUp4]:68440 [SgLow1]:66799 [SgLow2]:67312 [SgLow3]:68686 [SgLow4]:68409 [NetMuon1]:54112 [NetMuon2]:54142 [NetMuon3]:54117 [NetMuon4]:54170
[Run]:36207 [Site]:4 [Bin]:8556 [FullTime]:3600 [SkipTime]:0 [Veto1]:65.2225 [Veto2]:69.1455 [Veto3]:65.2088 [Veto4]:67.1697 [SgUp1]:67721 [SgUp2]:69072 [SgUp3]:69782 [SgUp4]:69367 [SgLow1]:67687 [SgLow2]:69035 [SgLow3]:69742 [SgLow4]:69331 [NetMuon1]:55506 [NetMuon2]:55436 [NetMuon3]:55515 [NetMuon4]:55476
[Run]:36207 [Site]:4 [Bin]:8557 [FullTime]:3600 [SkipTime]:0 [Veto1]:62.7659 [Veto2]:61.8308 [Veto3]:65.7669 [Veto4]:62.7791 [SgUp1]:67993 [SgUp2]:69062 [SgUp3]:69791 [SgUp4]:69633 [SgLow1]:67966 [SgLow2]:69027 [SgLow3]:69748 [SgLow4]:69604 [NetMuon1]:55051 [NetMuon2]:55041 [NetMuon3]:55019 [NetMuon4]:55040
[Run]:36207 [Site]:4 [Bin]:8558 [FullTime]:3600 [SkipTime]:0 [Veto1]:70.6166 [Veto2]:70.6537 [Veto3]:61.6915 [Veto4]:64.7415 [SgUp1]:68073 [SgUp2]:68646 [SgUp3]:69973 [SgUp4]:68928 [SgLow1]:68040 [SgLow2]:68628 [SgLow3]:69937 [SgLow4]:68900 [NetMuon1]:54815 [NetMuon2]:54821 [NetMuon3]:54913 [NetMuon4]:54900
[Run]:36207 [Site]:4 [Bin]:8559 [FullTime]:3600 [SkipTime]:0 [Veto1]:64.7248 [Veto2]:67.6076 [Veto3]:67.618 [Veto4]:63.6309 [SgUp1]:67958 [SgUp2]:68459 [SgUp3]:69371 [SgUp4]:69437 [SgLow1]:67929 [SgLow2]:68433 [SgLow3]:69338 [SgLow4]:69421 [NetMuon1]:54943 [NetMuon2]:54819 [NetMuon3]:54864 [NetMuon4]:54940
[Run]:36207 [Site]:4 [Bin]:8560 [FullTime]:3600 [SkipTime]:0 [Veto1]:61.5589 [Veto2]:67.4747 [Veto3]:61.5398 [Veto4]:62.5045 [SgUp1]:67555 [SgUp2]:68916 [SgUp3]:69647 [SgUp4]:69252 [SgLow1]:67513 [SgLow2]:68897 [SgLow3]:69622 [SgLow4]:69224 [NetMuon1]:54714 [NetMuon2]:54633 [NetMuon3]:54718 [NetMuon4]:54679
[Run]:36207 [Site]:4 [Bin]:8561 [FullTime]:3600 [SkipTime]:0 [Veto1]:63.4651 [Veto2]:60.4415 [Veto3]:62.449 [Veto4]:69.3285 [SgUp1]:67947 [SgUp2]:69494 [SgUp3]:69854 [SgUp4]:69434 [SgLow1]:67923 [SgLow2]:69459 [SgLow3]:69831 [SgLow4]:69400 [NetMuon1]:54615 [NetMuon2]:54668 [NetMuon3]:54621 [NetMuon4]:54503
[Run]:36207 [Site]:4 [Bin]:8562 [FullTime]:3600 [SkipTime]:0 [Veto1]:72.3491 [Veto2]:61.3955 [Veto3]:68.3509 [Veto4]:65.3987 [SgUp1]:67591 [SgUp2]:69183 [SgUp3]:69672 [SgUp4]:69432 [SgLow1]:67565 [SgLow2]:69153 [SgLow3]:69631 [SgLow4]:69409 [NetMuon1]:54482 [NetMuon2]:54616 [NetMuon3]:54575 [NetMuon4]:54579
[Run]:36207 [Site]:4 [Bin]:8563 [FullTime]:3600 [SkipTime]:0 [Veto1]:64.7483 [Veto2]:70.666 [Veto3]:66.6776 [Veto4]:60.7667 [SgUp1]:67877 [SgUp2]:68832 [SgUp3]:69703 [SgUp4]:69518 [SgLow1]:67846 [SgLow2]:68803 [SgLow3]:69674 [SgLow4]:69470 [NetMuon1]:54956 [NetMuon2]:54885 [NetMuon3]:54895 [NetMuon4]:55017
[Run]:36207 [Site]:4 [Bin]:8564 [FullTime]:3600 [SkipTime]:0 [Veto1]:73.54 [Veto2]:70.6194 [Veto3]:56.7212 [Veto4]:74.1211 [SgUp1]:67561 [SgUp2]:68944 [SgUp3]:70087 [SgUp4]:69245 [SgLow1]:67548 [SgLow2]:68915 [SgLow3]:70057 [SgLow4]:69223 [NetMuon1]:54771 [NetMuon2]:54807 [NetMuon3]:55017 [NetMuon4]:54732
[Run]:36207 [Site]:4 [Bin]:8565 [FullTime]:3600 [SkipTime]:0 [Veto1]:68.4534 [Veto2]:74.3041 [Veto3]:68.4743 [Veto4]:63.491 [SgUp1]:67314 [SgUp2]:68983 [SgUp3]:70004 [SgUp4]:69492 [SgLow1]:67291 [SgLow2]:68934 [SgLow3]:69974 [SgLow4]:69476 [NetMuon1]:54579 [NetMuon2]:54497 [NetMuon3]:54596 [NetMuon4]:54662
[Run]:36207 [Site]:4 [Bin]:8566 [FullTime]:3600 [SkipTime]:0 [Veto1]:59.538 [Veto2]:68.3464 [Veto3]:64.4667 [Veto4]:65.0485 [SgUp1]:68096 [SgUp2]:69241 [SgUp3]:69728 [SgUp4]:69259 [SgLow1]:68067 [SgLow2]:69208 [SgLow3]:69698 [SgLow4]:69232 [NetMuon1]:54654 [NetMuon2]:54543 [NetMuon3]:54603 [NetMuon4]:54587
[Run]:36207 [Site]:4 [Bin]:8567 [FullTime]:3600 [SkipTime]:0 [Veto1]:66.9667 [Veto2]:67.8907 [Veto3]:62.9868 [Veto4]:66.9225 [SgUp1]:67833 [SgUp2]:68283 [SgUp3]:69840 [SgUp4]:69546 [SgLow1]:67809 [SgLow2]:68249 [SgLow3]:69820 [SgLow4]:69517 [NetMuon1]:53983 [NetMuon2]:53961 [NetMuon3]:54074 [NetMuon4]:54003
[Run]:36207 [Site]:4 [Bin]:8568 [FullTime]:3600 [SkipTime]:0 [Veto1]:68.2315 [Veto2]:61.2732 [Veto3]:77.044 [Veto4]:71.1482 [SgUp1]:67247 [SgUp2]:70056 [SgUp3]:69495 [SgUp4]:68567 [SgLow1]:67211 [SgLow2]:70011 [SgLow3]:69455 [SgLow4]:68549 [NetMuon1]:54338 [NetMuon2]:54411 [NetMuon3]:54131 [NetMuon4]:54286
[Run]:36207 [Site]:4 [Bin]:8569 [FullTime]:3600 [SkipTime]:0 [Veto1]:70.2636 [Veto2]:63.389 [Veto3]:67.3443 [Veto4]:70.3939 [SgUp1]:67761 [SgUp2]:69583 [SgUp3]:69935 [SgUp4]:68308 [SgLow1]:67726 [SgLow2]:69560 [SgLow3]:69910 [SgLow4]:68272 [NetMuon1]:54374 [NetMuon2]:54535 [NetMuon3]:54486 [NetMuon4]:54464
[Run]:36207 [Site]:4 [Bin]:8570 [FullTime]:3600 [SkipTime]:0 [Veto1]:66.3127 [Veto2]:63.2578 [Veto3]:65.2072 [Veto4]:70.1661 [SgUp1]:67755 [SgUp2]:69363 [SgUp3]:70032 [SgUp4]:69074 [SgLow1]:67723 [SgLow2]:69325 [SgLow3]:69994 [SgLow4]:69058 [NetMuon1]:54384 [NetMuon2]:54423 [NetMuon3]:54390 [NetMuon4]:54271
[Run]:36207 [Site]:4 [Bin]:8571 [FullTime]:3600 [SkipTime]:0 [Veto1]:60.6332 [Veto2]:70.4094 [Veto3]:63.5581 [Veto4]:67.5171 [SgUp1]:67810 [SgUp2]:69447 [SgUp3]:69847 [SgUp4]:68583 [SgLow1]:67777 [SgLow2]:69419 [SgLow3]:69823 [SgLow4]:68552 [NetMuon1]:54766 [NetMuon2]:54606 [NetMuon3]:54729 [NetMuon4]:54674
[Run]:36207 [Site]:4 [Bin]:8572 [FullTime]:3600 [SkipTime]:0 [Veto1]:69.6443 [Veto2]:62.7649 [Veto3]:61.7096 [Veto4]:69.7262 [SgUp1]:67923 [SgUp2]:69826 [SgUp3]:69853 [SgUp4]:68676 [SgLow1]:67884 [SgLow2]:69803 [SgLow3]:69817 [SgLow4]:68650 [NetMuon1]:53686 [NetMuon2]:53826 [NetMuon3]:53777 [NetMuon4]:53710
[Run]:36207 [Site]:4 [Bin]:8573 [FullTime]:3600 [SkipTime]:0 [Veto1]:69.4591 [Veto2]:70.1244 [Veto3]:69.0851 [Veto4]:72.1249 [SgUp1]:67850 [SgUp2]:69648 [SgUp3]:69559 [SgUp4]:68715 [SgLow1]:67826 [SgLow2]:69625 [SgLow3]:69527 [SgLow4]:68700 [NetMuon1]:54228 [NetMuon2]:54213 [NetMuon3]:54199 [NetMuon4]:54221
[Run]:36207 [Site]:4 [Bin]:8574 [FullTime]:3600 [SkipTime]:0 [Veto1]:66.2812 [Veto2]:58.3799 [Veto3]:63.2332 [Veto4]:74.1694 [SgUp1]:67688 [SgUp2]:69181 [SgUp3]:69963 [SgUp4]:68530 [SgLow1]:67663 [SgLow2]:69150 [SgLow3]:69944 [SgLow4]:68510 [NetMuon1]:54336 [NetMuon2]:54444 [NetMuon3]:54378 [NetMuon4]:54228
[Run]:36207 [Site]:4 [Bin]:8575 [FullTime]:3600 [SkipTime]:0 [Veto1]:63.9255 [Veto2]:68.7766 [Veto3]:68.387 [Veto4]:66.8379 [SgUp1]:67727 [SgUp2]:69025 [SgUp3]:69641 [SgUp4]:68579 [SgLow1]:67693 [SgLow2]:68999 [SgLow3]:69608 [SgLow4]:68561 [NetMuon1]:55110 [NetMuon2]:55025 [NetMuon3]:55015 [NetMuon4]:55043
[Run]:36207 [Site]:4 [Bin]:8576 [FullTime]:3600 [SkipTime]:0 [Veto1]:59.42 [Veto2]:63.3045 [Veto3]:75.1833 [Veto4]:63.335 [SgUp1]:68013 [SgUp2]:69107 [SgUp3]:68929 [SgUp4]:69145 [SgLow1]:67993 [SgLow2]:69082 [SgLow3]:68902 [SgLow4]:69134 [NetMuon1]:54500 [NetMuon2]:54433 [NetMuon3]:54263 [NetMuon4]:54455
[Run]:36207 [Site]:4 [Bin]:8577 [FullTime]:3600 [SkipTime]:0 [Veto1]:68.7365 [Veto2]:60.8174 [Veto3]:65.8715 [Veto4]:56.9351 [SgUp1]:67578 [SgUp2]:69799 [SgUp3]:69966 [SgUp4]:69229 [SgLow1]:67547 [SgLow2]:69775 [SgLow3]:69937 [SgLow4]:69192 [NetMuon1]:54931 [NetMuon2]:55040 [NetMuon3]:54962 [NetMuon4]:55128
[Run]:36207 [Site]:4 [Bin]:8578 [FullTime]:3600 [SkipTime]:0 [Veto1]:67.6491 [Veto2]:68.293 [Veto3]:65.4104 [Veto4]:67.3409 [SgUp1]:67678 [SgUp2]:69369 [SgUp3]:69392 [SgUp4]:68287 [SgLow1]:67640 [SgLow2]:69321 [SgLow3]:69343 [SgLow4]:68255 [NetMuon1]:54484 [NetMuon2]:54458 [NetMuon3]:54535 [NetMuon4]:54510
[Run]:36207 [Site]:4 [Bin]:8579 [FullTime]:3600.01 [SkipTime]:0 [Veto1]:66.1473 [Veto2]:60.4803 [Veto3]:68.1145 [Veto4]:67.11 [SgUp1]:67873 [SgUp2]:69333 [SgUp3]:69912 [SgUp4]:68972 [SgLow1]:67852 [SgLow2]:69312 [SgLow3]:69882 [SgLow4]:68941 [NetMuon1]:54230 [NetMuon2]:54318 [NetMuon3]:54200 [NetMuon4]:54182
[Run]:36207 [Site]:4 [Bin]:8580 [FullTime]:3599.99 [SkipTime]:0 [Veto1]:66.2512 [Veto2]:63.5065 [Veto3]:66.4058 [Veto4]:62.4995 [SgUp1]:67676 [SgUp2]:69704 [SgUp3]:69884 [SgUp4]:68674 [SgLow1]:67643 [SgLow2]:69672 [SgLow3]:69858 [SgLow4]:68643 [NetMuon1]:54598 [NetMuon2]:54670 [NetMuon3]:54570 [NetMuon4]:54649
[Run]:36207 [Site]:4 [Bin]:8581 [FullTime]:3600 [SkipTime]:0 [Veto1]:68.9524 [Veto2]:58.043 [Veto3]:75.8107 [Veto4]:64.9808 [SgUp1]:67136 [SgUp2]:69639 [SgUp3]:69456 [SgUp4]:68777 [SgLow1]:67120 [SgLow2]:69612 [SgLow3]:69417 [SgLow4]:68740 [NetMuon1]:53998 [NetMuon2]:54118 [NetMuon3]:53886 [NetMuon4]:54064
[Run]:36207 [Site]:4 [Bin]:8582 [FullTime]:3600 [SkipTime]:0 [Veto1]:68.4058 [Veto2]:74.3267 [Veto3]:70.3623 [Veto4]:62.5924 [SgUp1]:67278 [SgUp2]:68811 [SgUp3]:69831 [SgUp4]:69250 [SgLow1]:67245 [SgLow2]:68777 [SgLow3]:69793 [SgLow4]:69219 [NetMuon1]:54535 [NetMuon2]:54464 [NetMuon3]:54525 [NetMuon4]:54649
[Run]:36207 [Site]:4 [Bin]:8583 [FullTime]:3600 [SkipTime]:0 [Veto1]:60.2886 [Veto2]:63.3364 [Veto3]:64.3032 [Veto4]:63.3231 [SgUp1]:67511 [SgUp2]:69184 [SgUp3]:69676 [SgUp4]:69092 [SgLow1]:67487 [SgLow2]:69146 [SgLow3]:69640 [SgLow4]:69054 [NetMuon1]:54427 [NetMuon2]:54339 [NetMuon3]:54379 [NetMuon4]:54413
[Run]:36207 [Site]:4 [Bin]:8584 [FullTime]:3600 [SkipTime]:0 [Veto1]:69.4229 [Veto2]:69.4885 [Veto3]:64.877 [Veto4]:61.6417 [SgUp1]:67569 [SgUp2]:68742 [SgUp3]:69716 [SgUp4]:69548 [SgLow1]:67550 [SgLow2]:68713 [SgLow3]:69696 [SgLow4]:69519 [NetMuon1]:54610 [NetMuon2]:54661 [NetMuon3]:54700 [NetMuon4]:54740
[Run]:36207 [Site]:4 [Bin]:8585 [FullTime]:3600 [SkipTime]:0 [Veto1]:63.3602 [Veto2]:62.3658 [Veto3]:70.2878 [Veto4]:71.2392 [SgUp1]:67614 [SgUp2]:68976 [SgUp3]:69658 [SgUp4]:69289 [SgLow1]:67581 [SgLow2]:68941 [SgLow3]:69624 [SgLow4]:69254 [NetMuon1]:54481 [NetMuon2]:54495 [NetMuon3]:54387 [NetMuon4]:54307
[Run]:36207 [Site]:4 [Bin]:8586 [FullTime]:3600 [SkipTime]:0 [Veto1]:66.2508 [Veto2]:62.2038 [Veto3]:64.2511 [Veto4]:67.2112 [SgUp1]:67585 [SgUp2]:69158 [SgUp3]:70242 [SgUp4]:70045 [SgLow1]:67554 [SgLow2]:69124 [SgLow3]:70206 [SgLow4]:70010 [NetMuon1]:54376 [NetMuon2]:54437 [NetMuon3]:54393 [NetMuon4]:54378
[Run]:36207 [Site]:4 [Bin]:8587 [FullTime]:3600 [SkipTime]:0 [Veto1]:63.9574 [Veto2]:59.3005 [Veto3]:66.2413 [Veto4]:62.2792 [SgUp1]:67334 [SgUp2]:69391 [SgUp3]:70031 [SgUp4]:69944 [SgLow1]:67301 [SgLow2]:69363 [SgLow3]:70012 [SgLow4]:69926 [NetMuon1]:54386 [NetMuon2]:54479 [NetMuon3]:54364 [NetMuon4]:54442
[Run]:36207 [Site]:4 [Bin]:8588 [FullTime]:3600 [SkipTime]:0 [Veto1]:63.3006 [Veto2]:68.2555 [Veto3]:66.6349 [Veto4]:65.2737 [SgUp1]:68254 [SgUp2]:69143 [SgUp3]:70254 [SgUp4]:70109 [SgLow1]:68229 [SgLow2]:69115 [SgLow3]:70226 [SgLow4]:70085 [NetMuon1]:54402 [NetMuon2]:54364 [NetMuon3]:54358 [NetMuon4]:54355
[Run]:36207 [Site]:4 [Bin]:8589 [FullTime]:3600 [SkipTime]:0 [Veto1]:62.6009 [Veto2]:66.5326 [Veto3]:60.5868 [Veto4]:71.5308 [SgUp1]:67558 [SgUp2]:69140 [SgUp3]:69745 [SgUp4]:69881 [SgLow1]:67533 [SgLow2]:69107 [SgLow3]:69707 [SgLow4]:69851 [NetMuon1]:54836 [NetMuon2]:54733 [NetMuon3]:54862 [NetMuon4]:54724
[Run]:36207 [Site]:4 [Bin]:8590 [FullTime]:3600 [SkipTime]:0 [Veto1]:72.2478 [Veto2]:60.3739 [Veto3]:71.284 [Veto4]:71.1825 [SgUp1]:67218 [SgUp2]:69149 [SgUp3]:69228 [SgUp4]:69597 [SgLow1]:67192 [SgLow2]:69105 [SgLow3]:69196 [SgLow4]:69541 [NetMuon1]:54385 [NetMuon2]:54588 [NetMuon3]:54425 [NetMuon4]:54383
[Run]:36207 [Site]:4 [Bin]:8591 [FullTime]:3600 [SkipTime]:0 [Veto1]:62.2361 [Veto2]:67.1352 [Veto3]:70.1693 [Veto4]:63.2666 [SgUp1]:67589 [SgUp2]:68562 [SgUp3]:70106 [SgUp4]:69649 [SgLow1]:67559 [SgLow2]:68526 [SgLow3]:70075 [SgLow4]:69625 [NetMuon1]:54368 [NetMuon2]:54290 [NetMuon3]:54256 [NetMuon4]:54341
[Run]:36207 [Site]:4 [Bin]:8592 [FullTime]:3600 [SkipTime]:0 [Veto1]:63.4681 [Veto2]:61.4387 [Veto3]:68.3622 [Veto4]:67.4087 [SgUp1]:67976 [SgUp2]:68989 [SgUp3]:70113 [SgUp4]:69706 [SgLow1]:67951 [SgLow2]:68958 [SgLow3]:70093 [SgLow4]:69663 [NetMuon1]:54594 [NetMuon2]:54594 [NetMuon3]:54514 [NetMuon4]:54562
[Run]:36207 [Site]:4 [Bin]:8593 [FullTime]:3600 [SkipTime]:0 [Veto1]:67.2463 [Veto2]:66.2345 [Veto3]:56.4108 [Veto4]:65.287 [SgUp1]:67503 [SgUp2]:68880 [SgUp3]:70134 [SgUp4]:69673 [SgLow1]:67481 [SgLow2]:68856 [SgLow3]:70115 [SgLow4]:69653 [NetMuon1]:54401 [NetMuon2]:54390 [NetMuon3]:54546 [NetMuon4]:54408
[Run]:36207 [Site]:4 [Bin]:8594 [FullTime]:3600.01 [SkipTime]:0 [Veto1]:61.779 [Veto2]:66.6597 [Veto3]:76.5872 [Veto4]:70.6574 [SgUp1]:67909 [SgUp2]:69341 [SgUp3]:69721 [SgUp4]:69724 [SgLow1]:67869 [SgLow2]:69318 [SgLow3]:69689 [SgLow4]:69690 [NetMuon1]:54978 [NetMuon2]:54888 [NetMuon3]:54778 [NetMuon4]:54836
[Run]:36207 [Site]:4 [Bin]:8595 [FullTime]:3599.99 [SkipTime]:0 [Veto1]:57.4532 [Veto2]:64.2638 [Veto3]:70.2533 [Veto4]:66.2816 [SgUp1]:67809 [SgUp2]:69050 [SgUp3]:69756 [SgUp4]:69762 [SgLow1]:67789 [SgLow2]:69026 [SgLow3]:69725 [SgLow4]:69736 [NetMuon1]:54563 [NetMuon2]:54404 [NetMuon3]:54363 [NetMuon4]:54384
[Run]:36207 [Site]:4 [Bin]:8596 [FullTime]:3600 [SkipTime]:0 [Veto1]:62.2215 [Veto2]:73.0529 [Veto3]:62.1982 [Veto4]:75.0125 [SgUp1]:67930 [SgUp2]:68894 [SgUp3]:70349 [SgUp4]:69715 [SgLow1]:67907 [SgLow2]:68870 [SgLow3]:70318 [SgLow4]:69672 [NetMuon1]:54333 [NetMuon2]:54155 [NetMuon3]:54327 [NetMuon4]:54108
[Run]:36207 [Site]:4 [Bin]:8597 [FullTime]:3600 [SkipTime]:0 [Veto1]:65.3895 [Veto2]:61.4238 [Veto3]:67.3656 [Veto4]:57.6742 [SgUp1]:67888 [SgUp2]:69008 [SgUp3]:69517 [SgUp4]:69715 [SgLow1]:67838 [SgLow2]:68974 [SgLow3]:69480 [SgLow4]:69674 [NetMuon1]:54575 [NetMuon2]:54607 [NetMuon3]:54517 [NetMuon4]:54679
[Run]:36207 [Site]:4 [Bin]:8598 [FullTime]:3600 [SkipTime]:0 [Veto1]:68.2984 [Veto2]:70.2096 [Veto3]:62.3635 [Veto4]:65.303 [SgUp1]:67376 [SgUp2]:68782 [SgUp3]:70045 [SgUp4]:69783 [SgLow1]:67344 [SgLow2]:68759 [SgLow3]:70015 [SgLow4]:69744 [NetMuon1]:54383 [NetMuon2]:54337 [NetMuon3]:54469 [NetMuon4]:54417
[Run]:36207 [Site]:4 [Bin]:8599 [FullTime]:3600 [SkipTime]:0 [Veto1]:66.7451 [Veto2]:70.7014 [Veto3]:58.8973 [Veto4]:59.9171 [SgUp1]:67597 [SgUp2]:68403 [SgUp3]:70331 [SgUp4]:69808 [SgLow1]:67573 [SgLow2]:68383 [SgLow3]:70297 [SgLow4]:69785 [NetMuon1]:53809 [NetMuon2]:53742 [NetMuon3]:53953 [NetMuon4]:53964
[Run]:36207 [Site]:4 [Bin]:8600 [FullTime]:3600 [SkipTime]:0 [Veto1]:71.2182 [Veto2]:63.3626 [Veto3]:67.2515 [Veto4]:67.2995 [SgUp1]:67394 [SgUp2]:69289 [SgUp3]:69933 [SgUp4]:69567 [SgLow1]:67376 [SgLow2]:69263 [SgLow3]:69889 [SgLow4]:69548 [NetMuon1]:54366 [NetMuon2]:54498 [NetMuon3]:54398 [NetMuon4]:54428
[Run]:36207 [Site]:4 [Bin]:8601 [FullTime]:3600 [SkipTime]:0 [Veto1]:62.6949 [Veto2]:62.6753 [Veto3]:71.5449 [Veto4]:70.536 [SgUp1]:67817 [SgUp2]:68814 [SgUp3]:70043 [SgUp4]:69667 [SgLow1]:67791 [SgLow2]:68776 [SgLow3]:70006 [SgLow4]:69630 [NetMuon1]:54870 [NetMuon2]:54894 [NetMuon3]:54779 [NetMuon4]:54745
[Run]:36207 [Site]:4 [Bin]:8602 [FullTime]:3600 [SkipTime]:0 [Veto1]:63.311 [Veto2]:72.9811 [Veto3]:63.073 [Veto4]:70.9823 [SgUp1]:68137 [SgUp2]:69139 [SgUp3]:69914 [SgUp4]:69200 [SgLow1]:68098 [SgLow2]:69105 [SgLow3]:69876 [SgLow4]:69179 [NetMuon1]:54231 [NetMuon2]:54082 [NetMuon3]:54221 [NetMuon4]:54037
[Run]:36207 [Site]:4 [Bin]:8603 [FullTime]:3600 [SkipTime]:0 [Veto1]:62.8308 [Veto2]:74.5848 [Veto3]:72.639 [Veto4]:65.7453 [SgUp1]:67651 [SgUp2]:68131 [SgUp3]:69421 [SgUp4]:69528 [SgLow1]:67629 [SgLow2]:68098 [SgLow3]:69395 [SgLow4]:69506 [NetMuon1]:55031 [NetMuon2]:54866 [NetMuon3]:54876 [NetMuon4]:55010
[Run]:36207 [Site]:4 [Bin]:8604 [FullTime]:3600 [SkipTime]:0 [Veto1]:74.407 [Veto2]:65.5067 [Veto3]:59.5213 [Veto4]:69.4547 [SgUp1]:67622 [SgUp2]:68865 [SgUp3]:69926 [SgUp4]:69005 [SgLow1]:67589 [SgLow2]:68825 [SgLow3]:69890 [SgLow4]:68985 [NetMuon1]:54535 [NetMuon2]:54649 [NetMuon3]:54733 [NetMuon4]:54588
[Run]:36207 [Site]:4 [Bin]:8605 [FullTime]:3600 [SkipTime]:0 [Veto1]:71.5312 [Veto2]:73.4879 [Veto3]:76.4334 [Veto4]:65.5439 [SgUp1]:67727 [SgUp2]:68570 [SgUp3]:70358 [SgUp4]:69443 [SgLow1]:67686 [SgLow2]:68531 [SgLow3]:70330 [SgLow4]:69418 [NetMuon1]:54690 [NetMuon2]:54653 [NetMuon3]:54610 [NetMuon4]:54763
[Run]:36207 [Site]:4 [Bin]:8606 [FullTime]:3600 [SkipTime]:0 [Veto1]:67.4613 [Veto2]:67.4325 [Veto3]:61.5426 [Veto4]:63.492 [SgUp1]:67747 [SgUp2]:68293 [SgUp3]:70342 [SgUp4]:69806 [SgLow1]:67706 [SgLow2]:68270 [SgLow3]:70313 [SgLow4]:69785 [NetMuon1]:54590 [NetMuon2]:54591 [NetMuon3]:54680 [NetMuon4]:54681
[Run]:36207 [Site]:4 [Bin]:8607 [FullTime]:3600 [SkipTime]:0 [Veto1]:61.2475 [Veto2]:70.0997 [Veto3]:68.0824 [Veto4]:64.157 [SgUp1]:67972 [SgUp2]:69199 [SgUp3]:69885 [SgUp4]:69560 [SgLow1]:67950 [SgLow2]:69160 [SgLow3]:69864 [SgLow4]:69531 [NetMuon1]:54314 [NetMuon2]:54166 [NetMuon3]:54196 [NetMuon4]:54284
[Run]:36207 [Site]:4 [Bin]:8608 [FullTime]:3600 [SkipTime]:0 [Veto1]:71.384 [Veto2]:59.4708 [Veto3]:68.3487 [Veto4]:62.6431 [SgUp1]:67835 [SgUp2]:68988 [SgUp3]:70174 [SgUp4]:69511 [SgLow1]:67816 [SgLow2]:68969 [SgLow3]:70133 [SgLow4]:69493 [NetMuon1]:54484 [NetMuon2]:54667 [NetMuon3]:54488 [NetMuon4]:54639
[Run]:36207 [Site]:4 [Bin]:8609 [FullTime]:3600 [SkipTime]:0 [Veto1]:67.5071 [Veto2]:65.4799 [Veto3]:67.4743 [Veto4]:69.4028 [SgUp1]:68282 [SgUp2]:68767 [SgUp3]:69894 [SgUp4]:69958 [SgLow1]:68252 [SgLow2]:68739 [SgLow3]:69855 [SgLow4]:69926 [NetMuon1]:54650 [NetMuon2]:54722 [NetMuon3]:54653 [NetMuon4]:54597
[Run]:36207 [Site]:4 [Bin]:8610 [FullTime]:3600 [SkipTime]:0 [Veto1]:61.6568 [Veto2]:63.5938 [Veto3]:64.5919 [Veto4]:73.4808 [SgUp1]:67818 [SgUp2]:69276 [SgUp3]:70231 [SgUp4]:69202 [SgLow1]:67794 [SgLow2]:69240 [SgLow3]:70205 [SgLow4]:69155 [NetMuon1]:54818 [NetMuon2]:54783 [NetMuon3]:54781 [NetMuon4]:54613
[Run]:36207 [Site]:4 [Bin]:8611 [FullTime]:3600 [SkipTime]:0 [Veto1]:71.1145 [Veto2]:69.1075 [Veto3]:65.1398 [Veto4]:65.2617 [SgUp1]:67430 [SgUp2]:68766 [SgUp3]:69750 [SgUp4]:69313 [SgLow1]:67407 [SgLow2]:68730 [SgLow3]:69722 [SgLow4]:69287 [NetMuon1]:54207 [NetMuon2]:54224 [NetMuon3]:54259 [NetMuon4]:54253
[Run]:36207 [Site]:4 [Bin]:8612 [FullTime]:3600 [SkipTime]:0 [Veto1]:69.6172 [Veto2]:65.6629 [Veto3]:74.4993 [Veto4]:65.6199 [SgUp1]:67802 [SgUp2]:69349 [SgUp3]:68920 [SgUp4]:69596 [SgLow1]:67781 [SgLow2]:69303 [SgLow3]:68882 [SgLow4]:69567 [NetMuon1]:54796 [NetMuon2]:54878 [NetMuon3]:54726 [NetMuon4]:54842
[Run]:36207 [Site]:4 [Bin]:8613 [FullTime]:3600 [SkipTime]:0 [Veto1]:74.2967 [Veto2]:61.3612 [Veto3]:61.4421 [Veto4]:67.3024 [SgUp1]:67561 [SgUp2]:69054 [SgUp3]:69651 [SgUp4]:69679 [SgLow1]:67537 [SgLow2]:69024 [SgLow3]:69618 [SgLow4]:69648 [NetMuon1]:54412 [NetMuon2]:54585 [NetMuon3]:54620 [NetMuon4]:54475
[Run]:36207 [Site]:4 [Bin]:8614 [FullTime]:3600 [SkipTime]:0 [Veto1]:73.1876 [Veto2]:62.2582 [Veto3]:62.2941 [Veto4]:65.2426 [SgUp1]:67937 [SgUp2]:68756 [SgUp3]:70029 [SgUp4]:69297 [SgLow1]:67909 [SgLow2]:68734 [SgLow3]:70000 [SgLow4]:69271 [NetMuon1]:54269 [NetMuon2]:54412 [NetMuon3]:54462 [NetMuon4]:54380
[Run]:36207 [Site]:4 [Bin]:8615 [FullTime]:3600 [SkipTime]:0 [Veto1]:67.214 [Veto2]:61.2166 [Veto3]:66.1844 [Veto4]:72.0981 [SgUp1]:67568 [SgUp2]:69388 [SgUp3]:69651 [SgUp4]:69200 [SgLow1]:67544 [SgLow2]:69364 [SgLow3]:69622 [SgLow4]:69161 [NetMuon1]:54289 [NetMuon2]:54385 [NetMuon3]:54311 [NetMuon4]:54229
[Run]:36207 [Site]:4 [Bin]:8616 [FullTime]:3600 [SkipTime]:0 [Veto1]:75.8513 [Veto2]:69.9022 [Veto3]:71.8761 [Veto4]:63.7307 [SgUp1]:66895 [SgUp2]:69612 [SgUp3]:70541 [SgUp4]:69376 [SgLow1]:66870 [SgLow2]:69588 [SgLow3]:70518 [SgLow4]:69339 [NetMuon1]:53876 [NetMuon2]:53946 [NetMuon3]:53974 [NetMuon4]:54047
End process Run: 36207 ... 
[Run]:36207 [Site]:4 [Bin]:8617 [FullTime]:720.665 [SkipTime]:0 [Veto1]:11.1397 [Veto2]:11.1347 [Veto3]:15.0751 [Veto4]:11.1339
