StreamChain add 0x703e7f0
Start to process run: 37961 ... 
[Run]:37961 [Site]:4 [Bin]:10680 [FullTime]:1696.26 [SkipTime]:0 [Veto1]:30.2554 [Veto2]:33.2322 [Veto3]:36.1667 [Veto4]:33.223 [SgUp1]:32117 [SgUp2]:32608 [SgUp3]:33191 [SgUp4]:32673 [SgLow1]:32088 [SgLow2]:32594 [SgLow3]:33175 [SgLow4]:32669 [NetMuon1]:25523 [NetMuon2]:25526 [NetMuon3]:25452 [NetMuon4]:25503
[Run]:37961 [Site]:4 [Bin]:10681 [FullTime]:3600 [SkipTime]:0 [Veto1]:67.5509 [Veto2]:63.6448 [Veto3]:58.641 [Veto4]:74.151 [SgUp1]:68563 [SgUp2]:69921 [SgUp3]:69997 [SgUp4]:68927 [SgLow1]:68529 [SgLow2]:69900 [SgLow3]:69959 [SgLow4]:68899 [NetMuon1]:54722 [NetMuon2]:54834 [NetMuon3]:54857 [NetMuon4]:54645
[Run]:37961 [Site]:4 [Bin]:10682 [FullTime]:3600 [SkipTime]:0 [Veto1]:63.1072 [Veto2]:78.2392 [Veto3]:68.9925 [Veto4]:65.0382 [SgUp1]:68617 [SgUp2]:70243 [SgUp3]:70047 [SgUp4]:69343 [SgLow1]:68597 [SgLow2]:70219 [SgLow3]:70027 [SgLow4]:69325 [NetMuon1]:55355 [NetMuon2]:55107 [NetMuon3]:55285 [NetMuon4]:55320
[Run]:37961 [Site]:4 [Bin]:10683 [FullTime]:3600 [SkipTime]:0 [Veto1]:74.4078 [Veto2]:69.4475 [Veto3]:73.0165 [Veto4]:68.4381 [SgUp1]:67898 [SgUp2]:69911 [SgUp3]:69383 [SgUp4]:69337 [SgLow1]:67884 [SgLow2]:69867 [SgLow3]:69355 [SgLow4]:69315 [NetMuon1]:54547 [NetMuon2]:54642 [NetMuon3]:54581 [NetMuon4]:54617
[Run]:37961 [Site]:4 [Bin]:10684 [FullTime]:3600 [SkipTime]:0 [Veto1]:64.8519 [Veto2]:57.8663 [Veto3]:68.7069 [Veto4]:63.8456 [SgUp1]:68651 [SgUp2]:70482 [SgUp3]:69893 [SgUp4]:69451 [SgLow1]:68636 [SgLow2]:70471 [SgLow3]:69860 [SgLow4]:69426 [NetMuon1]:55051 [NetMuon2]:55162 [NetMuon3]:54973 [NetMuon4]:55046
[Run]:37961 [Site]:4 [Bin]:10685 [FullTime]:3600 [SkipTime]:0 [Veto1]:58.054 [Veto2]:65.9533 [Veto3]:66.6849 [Veto4]:69.9368 [SgUp1]:68627 [SgUp2]:69705 [SgUp3]:69324 [SgUp4]:68994 [SgLow1]:68607 [SgLow2]:69664 [SgLow3]:69287 [SgLow4]:68962 [NetMuon1]:55351 [NetMuon2]:55258 [NetMuon3]:55203 [NetMuon4]:55163
[Run]:37961 [Site]:4 [Bin]:10686 [FullTime]:3600 [SkipTime]:0 [Veto1]:63.465 [Veto2]:59.4272 [Veto3]:64.9272 [Veto4]:68.3624 [SgUp1]:67765 [SgUp2]:69868 [SgUp3]:70154 [SgUp4]:69532 [SgLow1]:67745 [SgLow2]:69834 [SgLow3]:70125 [SgLow4]:69504 [NetMuon1]:54567 [NetMuon2]:54651 [NetMuon3]:54587 [NetMuon4]:54541
[Run]:37961 [Site]:4 [Bin]:10687 [FullTime]:3600 [SkipTime]:0 [Veto1]:62.7382 [Veto2]:64.6752 [Veto3]:62.7329 [Veto4]:63.7321 [SgUp1]:68251 [SgUp2]:70340 [SgUp3]:70101 [SgUp4]:70262 [SgLow1]:68222 [SgLow2]:70315 [SgLow3]:70071 [SgLow4]:70250 [NetMuon1]:54978 [NetMuon2]:54942 [NetMuon3]:54974 [NetMuon4]:54969
[Run]:37961 [Site]:4 [Bin]:10688 [FullTime]:3600 [SkipTime]:0 [Veto1]:64.4739 [Veto2]:66.8894 [Veto3]:62.4591 [Veto4]:62.6167 [SgUp1]:68436 [SgUp2]:70086 [SgUp3]:70559 [SgUp4]:69297 [SgLow1]:68403 [SgLow2]:70055 [SgLow3]:70529 [SgLow4]:69264 [NetMuon1]:54627 [NetMuon2]:54540 [NetMuon3]:54643 [NetMuon4]:54656
[Run]:37961 [Site]:4 [Bin]:10689 [FullTime]:3600 [SkipTime]:0 [Veto1]:58.5561 [Veto2]:57.4968 [Veto3]:64.4626 [Veto4]:64.2159 [SgUp1]:68076 [SgUp2]:70149 [SgUp3]:69879 [SgUp4]:69656 [SgLow1]:68049 [SgLow2]:70123 [SgLow3]:69844 [SgLow4]:69625 [NetMuon1]:54658 [NetMuon2]:54698 [NetMuon3]:54610 [NetMuon4]:54571
[Run]:37961 [Site]:4 [Bin]:10690 [FullTime]:3600 [SkipTime]:0 [Veto1]:65.09 [Veto2]:64.3547 [Veto3]:63.324 [Veto4]:67.2708 [SgUp1]:68339 [SgUp2]:69804 [SgUp3]:69998 [SgUp4]:69174 [SgLow1]:68318 [SgLow2]:69773 [SgLow3]:69973 [SgLow4]:69143 [NetMuon1]:54435 [NetMuon2]:54453 [NetMuon3]:54477 [NetMuon4]:54440
[Run]:37961 [Site]:4 [Bin]:10691 [FullTime]:3600 [SkipTime]:0 [Veto1]:64.606 [Veto2]:74.3789 [Veto3]:63.5748 [Veto4]:61.5777 [SgUp1]:68302 [SgUp2]:70226 [SgUp3]:70194 [SgUp4]:70333 [SgLow1]:68271 [SgLow2]:70192 [SgLow3]:70165 [SgLow4]:70305 [NetMuon1]:54746 [NetMuon2]:54575 [NetMuon3]:54779 [NetMuon4]:54820
[Run]:37961 [Site]:4 [Bin]:10692 [FullTime]:3600 [SkipTime]:0 [Veto1]:63.5621 [Veto2]:60.5708 [Veto3]:64.5428 [Veto4]:64.5452 [SgUp1]:67944 [SgUp2]:69995 [SgUp3]:70231 [SgUp4]:70063 [SgLow1]:67928 [SgLow2]:69963 [SgLow3]:70207 [SgLow4]:70040 [NetMuon1]:54753 [NetMuon2]:54766 [NetMuon3]:54759 [NetMuon4]:54734
[Run]:37961 [Site]:4 [Bin]:10693 [FullTime]:3600 [SkipTime]:0 [Veto1]:70.5499 [Veto2]:77.8696 [Veto3]:64.558 [Veto4]:65.6341 [SgUp1]:68143 [SgUp2]:69485 [SgUp3]:70165 [SgUp4]:69565 [SgLow1]:68109 [SgLow2]:69461 [SgLow3]:70145 [SgLow4]:69529 [NetMuon1]:54746 [NetMuon2]:54668 [NetMuon3]:54822 [NetMuon4]:54838
[Run]:37961 [Site]:4 [Bin]:10694 [FullTime]:3600 [SkipTime]:0 [Veto1]:67.3724 [Veto2]:68.3415 [Veto3]:61.3583 [Veto4]:76.1988 [SgUp1]:68169 [SgUp2]:69883 [SgUp3]:70542 [SgUp4]:69460 [SgLow1]:68148 [SgLow2]:69851 [SgLow3]:70510 [SgLow4]:69434 [NetMuon1]:54519 [NetMuon2]:54509 [NetMuon3]:54556 [NetMuon4]:54339
[Run]:37961 [Site]:4 [Bin]:10695 [FullTime]:3600 [SkipTime]:0 [Veto1]:66.6304 [Veto2]:62.7087 [Veto3]:73.5721 [Veto4]:66.6532 [SgUp1]:68226 [SgUp2]:69731 [SgUp3]:69909 [SgUp4]:69683 [SgLow1]:68202 [SgLow2]:69705 [SgLow3]:69886 [SgLow4]:69661 [NetMuon1]:54810 [NetMuon2]:54902 [NetMuon3]:54769 [NetMuon4]:54855
[Run]:37961 [Site]:4 [Bin]:10696 [FullTime]:3600 [SkipTime]:0 [Veto1]:74.3557 [Veto2]:56.4952 [Veto3]:66.4048 [Veto4]:55.5943 [SgUp1]:68601 [SgUp2]:69780 [SgUp3]:69980 [SgUp4]:70758 [SgLow1]:68566 [SgLow2]:69753 [SgLow3]:69946 [SgLow4]:70734 [NetMuon1]:54462 [NetMuon2]:54738 [NetMuon3]:54571 [NetMuon4]:54749
[Run]:37961 [Site]:4 [Bin]:10697 [FullTime]:3600 [SkipTime]:0 [Veto1]:67.1971 [Veto2]:65.1236 [Veto3]:59.1823 [Veto4]:63.2142 [SgUp1]:68021 [SgUp2]:70014 [SgUp3]:70314 [SgUp4]:69765 [SgLow1]:68000 [SgLow2]:69987 [SgLow3]:70286 [SgLow4]:69740 [NetMuon1]:54277 [NetMuon2]:54271 [NetMuon3]:54390 [NetMuon4]:54297
[Run]:37961 [Site]:4 [Bin]:10698 [FullTime]:3600 [SkipTime]:0 [Veto1]:58.693 [Veto2]:71.5229 [Veto3]:64.5923 [Veto4]:66.9174 [SgUp1]:68431 [SgUp2]:69702 [SgUp3]:70074 [SgUp4]:69642 [SgLow1]:68406 [SgLow2]:69682 [SgLow3]:70050 [SgLow4]:69619 [NetMuon1]:54868 [NetMuon2]:54687 [NetMuon3]:54794 [NetMuon4]:54753
[Run]:37961 [Site]:4 [Bin]:10699 [FullTime]:3600 [SkipTime]:0 [Veto1]:72.0986 [Veto2]:73.0826 [Veto3]:66.196 [Veto4]:76.3433 [SgUp1]:68256 [SgUp2]:69906 [SgUp3]:69782 [SgUp4]:69899 [SgLow1]:68218 [SgLow2]:69889 [SgLow3]:69762 [SgLow4]:69861 [NetMuon1]:54187 [NetMuon2]:54215 [NetMuon3]:54317 [NetMuon4]:54198
[Run]:37961 [Site]:4 [Bin]:10700 [FullTime]:3600 [SkipTime]:0 [Veto1]:66.5021 [Veto2]:66.4141 [Veto3]:65.4078 [Veto4]:67.3945 [SgUp1]:68611 [SgUp2]:69885 [SgUp3]:70213 [SgUp4]:69746 [SgLow1]:68568 [SgLow2]:69866 [SgLow3]:70190 [SgLow4]:69711 [NetMuon1]:54635 [NetMuon2]:54603 [NetMuon3]:54598 [NetMuon4]:54599
[Run]:37961 [Site]:4 [Bin]:10701 [FullTime]:3600 [SkipTime]:0 [Veto1]:63.8868 [Veto2]:69.1791 [Veto3]:61.2627 [Veto4]:66.9703 [SgUp1]:68761 [SgUp2]:69647 [SgUp3]:70713 [SgUp4]:70001 [SgLow1]:68724 [SgLow2]:69623 [SgLow3]:70684 [SgLow4]:69979 [NetMuon1]:54396 [NetMuon2]:54328 [NetMuon3]:54427 [NetMuon4]:54391
[Run]:37961 [Site]:4 [Bin]:10702 [FullTime]:3600 [SkipTime]:0 [Veto1]:68.1065 [Veto2]:71.0581 [Veto3]:64.1777 [Veto4]:66.1325 [SgUp1]:68297 [SgUp2]:70194 [SgUp3]:70393 [SgUp4]:69560 [SgLow1]:68267 [SgLow2]:70168 [SgLow3]:70374 [SgLow4]:69536 [NetMuon1]:54248 [NetMuon2]:54190 [NetMuon3]:54280 [NetMuon4]:54272
[Run]:37961 [Site]:4 [Bin]:10703 [FullTime]:3600 [SkipTime]:0 [Veto1]:65.587 [Veto2]:73.4503 [Veto3]:57.6339 [Veto4]:62.5788 [SgUp1]:68694 [SgUp2]:70004 [SgUp3]:70360 [SgUp4]:69919 [SgLow1]:68657 [SgLow2]:69982 [SgLow3]:70329 [SgLow4]:69891 [NetMuon1]:54751 [NetMuon2]:54624 [NetMuon3]:54871 [NetMuon4]:54806
[Run]:37961 [Site]:4 [Bin]:10704 [FullTime]:3600 [SkipTime]:0 [Veto1]:77.3444 [Veto2]:70.4391 [Veto3]:68.4588 [Veto4]:64.575 [SgUp1]:67909 [SgUp2]:69498 [SgUp3]:70778 [SgUp4]:69681 [SgLow1]:67896 [SgLow2]:69482 [SgLow3]:70742 [SgLow4]:69644 [NetMuon1]:54569 [NetMuon2]:54638 [NetMuon3]:54695 [NetMuon4]:54750
[Run]:37961 [Site]:4 [Bin]:10705 [FullTime]:3600 [SkipTime]:0 [Veto1]:70.7426 [Veto2]:66.7473 [Veto3]:70.4259 [Veto4]:71.7413 [SgUp1]:68034 [SgUp2]:69696 [SgUp3]:70403 [SgUp4]:69463 [SgLow1]:68006 [SgLow2]:69672 [SgLow3]:70381 [SgLow4]:69440 [NetMuon1]:54904 [NetMuon2]:54991 [NetMuon3]:54928 [NetMuon4]:54917
[Run]:37961 [Site]:4 [Bin]:10706 [FullTime]:3600 [SkipTime]:0 [Veto1]:71.4669 [Veto2]:66.5697 [Veto3]:68.963 [Veto4]:65.5124 [SgUp1]:67864 [SgUp2]:69674 [SgUp3]:70377 [SgUp4]:69850 [SgLow1]:67824 [SgLow2]:69647 [SgLow3]:70351 [SgLow4]:69816 [NetMuon1]:54579 [NetMuon2]:54689 [NetMuon3]:54625 [NetMuon4]:54662
[Run]:37961 [Site]:4 [Bin]:10707 [FullTime]:3600 [SkipTime]:0 [Veto1]:63.7962 [Veto2]:65.7846 [Veto3]:66.7169 [Veto4]:68.4373 [SgUp1]:68382 [SgUp2]:69410 [SgUp3]:70279 [SgUp4]:69903 [SgLow1]:68346 [SgLow2]:69382 [SgLow3]:70264 [SgLow4]:69874 [NetMuon1]:55009 [NetMuon2]:54998 [NetMuon3]:54964 [NetMuon4]:54946
[Run]:37961 [Site]:4 [Bin]:10708 [FullTime]:3600 [SkipTime]:0 [Veto1]:67.7602 [Veto2]:68.7269 [Veto3]:66.7527 [Veto4]:64.7349 [SgUp1]:68347 [SgUp2]:69365 [SgUp3]:70344 [SgUp4]:70030 [SgLow1]:68321 [SgLow2]:69338 [SgLow3]:70320 [SgLow4]:70007 [NetMuon1]:54968 [NetMuon2]:54987 [NetMuon3]:55025 [NetMuon4]:55038
[Run]:37961 [Site]:4 [Bin]:10709 [FullTime]:3600 [SkipTime]:0 [Veto1]:61.6698 [Veto2]:72.4647 [Veto3]:63.281 [Veto4]:71.4378 [SgUp1]:68454 [SgUp2]:69218 [SgUp3]:70872 [SgUp4]:69402 [SgLow1]:68414 [SgLow2]:69166 [SgLow3]:70847 [SgLow4]:69368 [NetMuon1]:54852 [NetMuon2]:54654 [NetMuon3]:54793 [NetMuon4]:54657
[Run]:37961 [Site]:4 [Bin]:10710 [FullTime]:3600 [SkipTime]:0 [Veto1]:58.5608 [Veto2]:67.4646 [Veto3]:68.426 [Veto4]:66.4103 [SgUp1]:68476 [SgUp2]:69622 [SgUp3]:70535 [SgUp4]:70034 [SgLow1]:68444 [SgLow2]:69578 [SgLow3]:70510 [SgLow4]:69991 [NetMuon1]:54775 [NetMuon2]:54625 [NetMuon3]:54609 [NetMuon4]:54637
[Run]:37961 [Site]:4 [Bin]:10711 [FullTime]:3600 [SkipTime]:0 [Veto1]:61.8263 [Veto2]:65.806 [Veto3]:63.8075 [Veto4]:68.7141 [SgUp1]:68285 [SgUp2]:70509 [SgUp3]:70150 [SgUp4]:69914 [SgLow1]:68251 [SgLow2]:70475 [SgLow3]:70113 [SgLow4]:69886 [NetMuon1]:55079 [NetMuon2]:55036 [NetMuon3]:55064 [NetMuon4]:54973
[Run]:37961 [Site]:4 [Bin]:10712 [FullTime]:3600 [SkipTime]:0 [Veto1]:70.8974 [Veto2]:61.3086 [Veto3]:77.8206 [Veto4]:69.9309 [SgUp1]:67864 [SgUp2]:70062 [SgUp3]:69822 [SgUp4]:69296 [SgLow1]:67838 [SgLow2]:70034 [SgLow3]:69789 [SgLow4]:69276 [NetMuon1]:55154 [NetMuon2]:55317 [NetMuon3]:55078 [NetMuon4]:55217
[Run]:37961 [Site]:4 [Bin]:10713 [FullTime]:3600 [SkipTime]:0 [Veto1]:66.5937 [Veto2]:64.1306 [Veto3]:66.0585 [Veto4]:66.1449 [SgUp1]:68088 [SgUp2]:69964 [SgUp3]:70240 [SgUp4]:69639 [SgLow1]:68066 [SgLow2]:69934 [SgLow3]:70206 [SgLow4]:69606 [NetMuon1]:55412 [NetMuon2]:55457 [NetMuon3]:55379 [NetMuon4]:55407
[Run]:37961 [Site]:4 [Bin]:10714 [FullTime]:3600 [SkipTime]:0 [Veto1]:62.9531 [Veto2]:73.5733 [Veto3]:59.0291 [Veto4]:68.8485 [SgUp1]:68360 [SgUp2]:69941 [SgUp3]:70321 [SgUp4]:69149 [SgLow1]:68336 [SgLow2]:69915 [SgLow3]:70294 [SgLow4]:69106 [NetMuon1]:55219 [NetMuon2]:55071 [NetMuon3]:55308 [NetMuon4]:55129
[Run]:37961 [Site]:4 [Bin]:10715 [FullTime]:3600 [SkipTime]:0 [Veto1]:74.62 [Veto2]:66.7105 [Veto3]:61.7826 [Veto4]:68.6987 [SgUp1]:68327 [SgUp2]:70084 [SgUp3]:70710 [SgUp4]:69992 [SgLow1]:68292 [SgLow2]:70053 [SgLow3]:70680 [SgLow4]:69964 [NetMuon1]:54827 [NetMuon2]:54970 [NetMuon3]:55050 [NetMuon4]:54956
[Run]:37961 [Site]:4 [Bin]:10716 [FullTime]:3600 [SkipTime]:0 [Veto1]:66.7659 [Veto2]:73.3114 [Veto3]:64.7491 [Veto4]:66.7295 [SgUp1]:67943 [SgUp2]:70249 [SgUp3]:70171 [SgUp4]:69671 [SgLow1]:67916 [SgLow2]:70229 [SgLow3]:70146 [SgLow4]:69644 [NetMuon1]:54997 [NetMuon2]:54892 [NetMuon3]:55020 [NetMuon4]:55005
[Run]:37961 [Site]:4 [Bin]:10717 [FullTime]:3600 [SkipTime]:0 [Veto1]:66.1654 [Veto2]:76.6699 [Veto3]:61.8333 [Veto4]:62.8762 [SgUp1]:67894 [SgUp2]:69804 [SgUp3]:70183 [SgUp4]:70246 [SgLow1]:67863 [SgLow2]:69764 [SgLow3]:70149 [SgLow4]:70217 [NetMuon1]:55091 [NetMuon2]:54901 [NetMuon3]:55132 [NetMuon4]:55152
[Run]:37961 [Site]:4 [Bin]:10718 [FullTime]:3600 [SkipTime]:0 [Veto1]:66.6955 [Veto2]:69.6534 [Veto3]:70.6241 [Veto4]:67.6459 [SgUp1]:67828 [SgUp2]:70293 [SgUp3]:70008 [SgUp4]:69697 [SgLow1]:67796 [SgLow2]:70270 [SgLow3]:69980 [SgLow4]:69662 [NetMuon1]:54930 [NetMuon2]:54893 [NetMuon3]:54890 [NetMuon4]:54917
[Run]:37961 [Site]:4 [Bin]:10719 [FullTime]:3600 [SkipTime]:0 [Veto1]:63.4067 [Veto2]:74.2427 [Veto3]:75.1731 [Veto4]:71.2229 [SgUp1]:68219 [SgUp2]:70070 [SgUp3]:69970 [SgUp4]:69543 [SgLow1]:68186 [SgLow2]:70035 [SgLow3]:69940 [SgLow4]:69500 [NetMuon1]:54521 [NetMuon2]:54361 [NetMuon3]:54305 [NetMuon4]:54378
[Run]:37961 [Site]:4 [Bin]:10720 [FullTime]:3600 [SkipTime]:0 [Veto1]:64.5423 [Veto2]:65.4807 [Veto3]:69.4389 [Veto4]:71.4124 [SgUp1]:67969 [SgUp2]:70204 [SgUp3]:70419 [SgUp4]:68859 [SgLow1]:67928 [SgLow2]:70171 [SgLow3]:70397 [SgLow4]:68836 [NetMuon1]:54695 [NetMuon2]:54723 [NetMuon3]:54631 [NetMuon4]:54577
[Run]:37961 [Site]:4 [Bin]:10721 [FullTime]:3600 [SkipTime]:0 [Veto1]:69.527 [Veto2]:65.5214 [Veto3]:74.3723 [Veto4]:69.4876 [SgUp1]:68013 [SgUp2]:70607 [SgUp3]:70488 [SgUp4]:69877 [SgLow1]:67985 [SgLow2]:70577 [SgLow3]:70470 [SgLow4]:69858 [NetMuon1]:54659 [NetMuon2]:54679 [NetMuon3]:54532 [NetMuon4]:54634
[Run]:37961 [Site]:4 [Bin]:10722 [FullTime]:3600 [SkipTime]:0 [Veto1]:65.7964 [Veto2]:67.6603 [Veto3]:76.5888 [Veto4]:63.8108 [SgUp1]:68355 [SgUp2]:70099 [SgUp3]:70112 [SgUp4]:69999 [SgLow1]:68331 [SgLow2]:70064 [SgLow3]:70082 [SgLow4]:69974 [NetMuon1]:55011 [NetMuon2]:54960 [NetMuon3]:54828 [NetMuon4]:55043
[Run]:37961 [Site]:4 [Bin]:10723 [FullTime]:3600 [SkipTime]:0 [Veto1]:60.4913 [Veto2]:70.5902 [Veto3]:67.3058 [Veto4]:63.4299 [SgUp1]:68451 [SgUp2]:70000 [SgUp3]:70290 [SgUp4]:69555 [SgLow1]:68410 [SgLow2]:69986 [SgLow3]:70262 [SgLow4]:69525 [NetMuon1]:54614 [NetMuon2]:54484 [NetMuon3]:54468 [NetMuon4]:54557
[Run]:37961 [Site]:4 [Bin]:10724 [FullTime]:3600 [SkipTime]:0 [Veto1]:61.3478 [Veto2]:70.2741 [Veto3]:75.1952 [Veto4]:65.3265 [SgUp1]:68881 [SgUp2]:70528 [SgUp3]:70325 [SgUp4]:70232 [SgLow1]:68842 [SgLow2]:70495 [SgLow3]:70289 [SgLow4]:70200 [NetMuon1]:54504 [NetMuon2]:54405 [NetMuon3]:54296 [NetMuon4]:54478
[Run]:37961 [Site]:4 [Bin]:10725 [FullTime]:3600 [SkipTime]:0 [Veto1]:59.682 [Veto2]:60.6329 [Veto3]:73.4313 [Veto4]:67.5526 [SgUp1]:68722 [SgUp2]:69757 [SgUp3]:70319 [SgUp4]:69534 [SgLow1]:68694 [SgLow2]:69730 [SgLow3]:70283 [SgLow4]:69510 [NetMuon1]:54870 [NetMuon2]:54843 [NetMuon3]:54648 [NetMuon4]:54730
[Run]:37961 [Site]:4 [Bin]:10726 [FullTime]:3600 [SkipTime]:0 [Veto1]:56.0899 [Veto2]:63.9839 [Veto3]:63.9753 [Veto4]:65.9494 [SgUp1]:68594 [SgUp2]:69627 [SgUp3]:70427 [SgUp4]:69981 [SgLow1]:68565 [SgLow2]:69605 [SgLow3]:70396 [SgLow4]:69955 [NetMuon1]:55379 [NetMuon2]:55279 [NetMuon3]:55308 [NetMuon4]:55262
[Run]:37961 [Site]:4 [Bin]:10727 [FullTime]:3600 [SkipTime]:0 [Veto1]:75.3205 [Veto2]:67.4556 [Veto3]:66.4094 [Veto4]:64.104 [SgUp1]:67866 [SgUp2]:69376 [SgUp3]:70127 [SgUp4]:70145 [SgLow1]:67837 [SgLow2]:69349 [SgLow3]:70100 [SgLow4]:70126 [NetMuon1]:54478 [NetMuon2]:54623 [NetMuon3]:54629 [NetMuon4]:54655
End process Run: 37961 ... 
[Run]:37961 [Site]:4 [Bin]:10728 [FullTime]:3200.29 [SkipTime]:0 [Veto1]:59.9814 [Veto2]:57.5478 [Veto3]:66.4605 [Veto4]:53.5836
