StreamChain add 0x1bfde7f0
Start to process run: 37160 ... 
[Run]:37160 [Site]:4 [Bin]:9673 [FullTime]:2196.13 [SkipTime]:0 [Veto1]:42.2684 [Veto2]:37.3115 [Veto3]:34.3716 [Veto4]:44.245 [SgUp1]:41839 [SgUp2]:42671 [SgUp3]:43218 [SgUp4]:42599 [SgLow1]:41816 [SgLow2]:42653 [SgLow3]:43188 [SgLow4]:42589 [NetMuon1]:33968 [NetMuon2]:34056 [NetMuon3]:34110 [NetMuon4]:33913
[Run]:37160 [Site]:4 [Bin]:9674 [FullTime]:3600 [SkipTime]:0 [Veto1]:68.029 [Veto2]:61.0335 [Veto3]:69.9439 [Veto4]:65.0589 [SgUp1]:68670 [SgUp2]:69922 [SgUp3]:70562 [SgUp4]:69770 [SgLow1]:68633 [SgLow2]:69906 [SgLow3]:70534 [SgLow4]:69742 [NetMuon1]:55272 [NetMuon2]:55350 [NetMuon3]:55239 [NetMuon4]:55339
[Run]:37160 [Site]:4 [Bin]:9675 [FullTime]:3600 [SkipTime]:0 [Veto1]:62.3938 [Veto2]:67.3306 [Veto3]:62.3674 [Veto4]:63.2541 [SgUp1]:68783 [SgUp2]:70060 [SgUp3]:71129 [SgUp4]:70150 [SgLow1]:68753 [SgLow2]:70033 [SgLow3]:71105 [SgLow4]:70130 [NetMuon1]:55775 [NetMuon2]:55712 [NetMuon3]:55796 [NetMuon4]:55800
[Run]:37160 [Site]:4 [Bin]:9676 [FullTime]:3600 [SkipTime]:0 [Veto1]:60.9174 [Veto2]:70.834 [Veto3]:70.7673 [Veto4]:61.9033 [SgUp1]:68586 [SgUp2]:69518 [SgUp3]:70139 [SgUp4]:69834 [SgLow1]:68553 [SgLow2]:69468 [SgLow3]:70112 [SgLow4]:69800 [NetMuon1]:56376 [NetMuon2]:56256 [NetMuon3]:56253 [NetMuon4]:56367
[Run]:37160 [Site]:4 [Bin]:9677 [FullTime]:3600 [SkipTime]:0 [Veto1]:64.6626 [Veto2]:65.6559 [Veto3]:69.5699 [Veto4]:62.7056 [SgUp1]:68766 [SgUp2]:69217 [SgUp3]:70236 [SgUp4]:70176 [SgLow1]:68737 [SgLow2]:69177 [SgLow3]:70205 [SgLow4]:70155 [NetMuon1]:56043 [NetMuon2]:56059 [NetMuon3]:55983 [NetMuon4]:56096
[Run]:37160 [Site]:4 [Bin]:9678 [FullTime]:3600 [SkipTime]:0 [Veto1]:82.1486 [Veto2]:71.2456 [Veto3]:69.2837 [Veto4]:69.2428 [SgUp1]:68249 [SgUp2]:69237 [SgUp3]:70260 [SgUp4]:69639 [SgLow1]:68228 [SgLow2]:69204 [SgLow3]:70226 [SgLow4]:69585 [NetMuon1]:55396 [NetMuon2]:55554 [NetMuon3]:55594 [NetMuon4]:55588
[Run]:37160 [Site]:4 [Bin]:9679 [FullTime]:3600 [SkipTime]:0 [Veto1]:73.6688 [Veto2]:72.8766 [Veto3]:63.7982 [Veto4]:70.6314 [SgUp1]:68061 [SgUp2]:69007 [SgUp3]:70056 [SgUp4]:69625 [SgLow1]:68036 [SgLow2]:68981 [SgLow3]:70027 [SgLow4]:69598 [NetMuon1]:56073 [NetMuon2]:56091 [NetMuon3]:56236 [NetMuon4]:56115
[Run]:37160 [Site]:4 [Bin]:9680 [FullTime]:3600 [SkipTime]:0 [Veto1]:71.6283 [Veto2]:71.8103 [Veto3]:65.5617 [Veto4]:75.4295 [SgUp1]:68718 [SgUp2]:69496 [SgUp3]:70112 [SgUp4]:69312 [SgLow1]:68683 [SgLow2]:69475 [SgLow3]:70095 [SgLow4]:69263 [NetMuon1]:55841 [NetMuon2]:55840 [NetMuon3]:55952 [NetMuon4]:55760
[Run]:37160 [Site]:4 [Bin]:9681 [FullTime]:3600 [SkipTime]:0 [Veto1]:59.5177 [Veto2]:68.1361 [Veto3]:63.4685 [Veto4]:65.376 [SgUp1]:68315 [SgUp2]:69324 [SgUp3]:70370 [SgUp4]:69947 [SgLow1]:68288 [SgLow2]:69296 [SgLow3]:70340 [SgLow4]:69942 [NetMuon1]:55859 [NetMuon2]:55746 [NetMuon3]:55810 [NetMuon4]:55736
[Run]:37160 [Site]:4 [Bin]:9682 [FullTime]:3600 [SkipTime]:0 [Veto1]:64.2533 [Veto2]:63.1968 [Veto3]:69.134 [Veto4]:69.1092 [SgUp1]:68366 [SgUp2]:69483 [SgUp3]:70512 [SgUp4]:69808 [SgLow1]:68350 [SgLow2]:69458 [SgLow3]:70476 [SgLow4]:69781 [NetMuon1]:55514 [NetMuon2]:55531 [NetMuon3]:55399 [NetMuon4]:55392
[Run]:37160 [Site]:4 [Bin]:9683 [FullTime]:3600 [SkipTime]:0 [Veto1]:68.4173 [Veto2]:65.4857 [Veto3]:68.4338 [Veto4]:62.1297 [SgUp1]:68407 [SgUp2]:69507 [SgUp3]:70277 [SgUp4]:69881 [SgLow1]:68375 [SgLow2]:69482 [SgLow3]:70250 [SgLow4]:69847 [NetMuon1]:55793 [NetMuon2]:55885 [NetMuon3]:55828 [NetMuon4]:55929
[Run]:37160 [Site]:4 [Bin]:9684 [FullTime]:3600 [SkipTime]:0 [Veto1]:65.0557 [Veto2]:67.9275 [Veto3]:67.9406 [Veto4]:66.9775 [SgUp1]:68900 [SgUp2]:69333 [SgUp3]:70168 [SgUp4]:70099 [SgLow1]:68865 [SgLow2]:69298 [SgLow3]:70132 [SgLow4]:70077 [NetMuon1]:56536 [NetMuon2]:56446 [NetMuon3]:56474 [NetMuon4]:56475
[Run]:37160 [Site]:4 [Bin]:9685 [FullTime]:3600 [SkipTime]:0 [Veto1]:60.7831 [Veto2]:70.6458 [Veto3]:73.576 [Veto4]:68.3845 [SgUp1]:68888 [SgUp2]:69477 [SgUp3]:70118 [SgUp4]:69860 [SgLow1]:68846 [SgLow2]:69448 [SgLow3]:70087 [SgLow4]:69814 [NetMuon1]:57391 [NetMuon2]:57285 [NetMuon3]:57210 [NetMuon4]:57302
[Run]:37160 [Site]:4 [Bin]:9686 [FullTime]:3600 [SkipTime]:0 [Veto1]:68.1063 [Veto2]:60.2194 [Veto3]:64.1419 [Veto4]:60.227 [SgUp1]:67719 [SgUp2]:69129 [SgUp3]:70622 [SgUp4]:70197 [SgLow1]:67679 [SgLow2]:69100 [SgLow3]:70598 [SgLow4]:70153 [NetMuon1]:57790 [NetMuon2]:57904 [NetMuon3]:57856 [NetMuon4]:57957
[Run]:37160 [Site]:4 [Bin]:9687 [FullTime]:3600 [SkipTime]:0 [Veto1]:67.1406 [Veto2]:64.1779 [Veto3]:66.0926 [Veto4]:71.1508 [SgUp1]:68643 [SgUp2]:70079 [SgUp3]:70624 [SgUp4]:69644 [SgLow1]:68614 [SgLow2]:70044 [SgLow3]:70599 [SgLow4]:69614 [NetMuon1]:57848 [NetMuon2]:57905 [NetMuon3]:57875 [NetMuon4]:57769
[Run]:37160 [Site]:4 [Bin]:9688 [FullTime]:3600 [SkipTime]:0 [Veto1]:69.7921 [Veto2]:74.7315 [Veto3]:69.7987 [Veto4]:71.7014 [SgUp1]:68299 [SgUp2]:69385 [SgUp3]:70439 [SgUp4]:70054 [SgLow1]:68273 [SgLow2]:69349 [SgLow3]:70405 [SgLow4]:70015 [NetMuon1]:57431 [NetMuon2]:57357 [NetMuon3]:57474 [NetMuon4]:57390
[Run]:37160 [Site]:4 [Bin]:9689 [FullTime]:3600 [SkipTime]:0 [Veto1]:72.8729 [Veto2]:64.1541 [Veto3]:69.8555 [Veto4]:73.8154 [SgUp1]:68369 [SgUp2]:69334 [SgUp3]:70069 [SgUp4]:69496 [SgLow1]:68342 [SgLow2]:69309 [SgLow3]:70035 [SgLow4]:69483 [NetMuon1]:57537 [NetMuon2]:57692 [NetMuon3]:57581 [NetMuon4]:57571
[Run]:37160 [Site]:4 [Bin]:9690 [FullTime]:3600 [SkipTime]:0 [Veto1]:69.2217 [Veto2]:69.18 [Veto3]:65.2485 [Veto4]:66.1926 [SgUp1]:68472 [SgUp2]:69466 [SgUp3]:70237 [SgUp4]:70575 [SgLow1]:68451 [SgLow2]:69437 [SgLow3]:70198 [SgLow4]:70536 [NetMuon1]:56732 [NetMuon2]:56766 [NetMuon3]:56804 [NetMuon4]:56763
[Run]:37160 [Site]:4 [Bin]:9691 [FullTime]:3600 [SkipTime]:0 [Veto1]:69.4053 [Veto2]:61.4444 [Veto3]:65.4475 [Veto4]:77.3465 [SgUp1]:68368 [SgUp2]:69020 [SgUp3]:70479 [SgUp4]:69442 [SgLow1]:68346 [SgLow2]:68996 [SgLow3]:70439 [SgLow4]:69402 [NetMuon1]:57004 [NetMuon2]:57135 [NetMuon3]:57009 [NetMuon4]:56852
[Run]:37160 [Site]:4 [Bin]:9692 [FullTime]:3600 [SkipTime]:0 [Veto1]:77.2287 [Veto2]:69.3201 [Veto3]:71.3217 [Veto4]:75.3004 [SgUp1]:67990 [SgUp2]:69322 [SgUp3]:70257 [SgUp4]:69566 [SgLow1]:67958 [SgLow2]:69296 [SgLow3]:70238 [SgLow4]:69513 [NetMuon1]:58008 [NetMuon2]:58155 [NetMuon3]:58155 [NetMuon4]:58062
[Run]:37160 [Site]:4 [Bin]:9693 [FullTime]:3600 [SkipTime]:0 [Veto1]:70.8697 [Veto2]:76.7194 [Veto3]:70.7906 [Veto4]:75.768 [SgUp1]:68260 [SgUp2]:69186 [SgUp3]:70192 [SgUp4]:69304 [SgLow1]:68231 [SgLow2]:69145 [SgLow3]:70147 [SgLow4]:69276 [NetMuon1]:58700 [NetMuon2]:58632 [NetMuon3]:58686 [NetMuon4]:58604
[Run]:37160 [Site]:4 [Bin]:9694 [FullTime]:3600 [SkipTime]:0 [Veto1]:68.4988 [Veto2]:76.3194 [Veto3]:68.4924 [Veto4]:77.4147 [SgUp1]:67977 [SgUp2]:69028 [SgUp3]:70506 [SgUp4]:69509 [SgLow1]:67951 [SgLow2]:68998 [SgLow3]:70491 [SgLow4]:69487 [NetMuon1]:57097 [NetMuon2]:56912 [NetMuon3]:57100 [NetMuon4]:56949
[Run]:37160 [Site]:4 [Bin]:9695 [FullTime]:3600 [SkipTime]:0 [Veto1]:67.278 [Veto2]:71.2203 [Veto3]:66.2752 [Veto4]:63.3643 [SgUp1]:68662 [SgUp2]:69110 [SgUp3]:70379 [SgUp4]:69856 [SgLow1]:68636 [SgLow2]:69077 [SgLow3]:70340 [SgLow4]:69827 [NetMuon1]:56797 [NetMuon2]:56740 [NetMuon3]:56829 [NetMuon4]:56865
[Run]:37160 [Site]:4 [Bin]:9696 [FullTime]:3600 [SkipTime]:0 [Veto1]:74.1291 [Veto2]:70.2553 [Veto3]:70.1355 [Veto4]:71.1431 [SgUp1]:68801 [SgUp2]:69413 [SgUp3]:69808 [SgUp4]:70418 [SgLow1]:68769 [SgLow2]:69392 [SgLow3]:69775 [SgLow4]:70368 [NetMuon1]:56638 [NetMuon2]:56727 [NetMuon3]:56691 [NetMuon4]:56662
[Run]:37160 [Site]:4 [Bin]:9697 [FullTime]:3600 [SkipTime]:0 [Veto1]:75.4756 [Veto2]:69.0872 [Veto3]:70.0855 [Veto4]:76.9435 [SgUp1]:68152 [SgUp2]:69317 [SgUp3]:70015 [SgUp4]:69565 [SgLow1]:68134 [SgLow2]:69281 [SgLow3]:69979 [SgLow4]:69530 [NetMuon1]:56503 [NetMuon2]:56604 [NetMuon3]:56617 [NetMuon4]:56476
[Run]:37160 [Site]:4 [Bin]:9698 [FullTime]:3600 [SkipTime]:0 [Veto1]:71.556 [Veto2]:78.2488 [Veto3]:67.4416 [Veto4]:64.4703 [SgUp1]:68192 [SgUp2]:68911 [SgUp3]:70122 [SgUp4]:70172 [SgLow1]:68155 [SgLow2]:68887 [SgLow3]:70102 [SgLow4]:70154 [NetMuon1]:56974 [NetMuon2]:56791 [NetMuon3]:56991 [NetMuon4]:57066
[Run]:37160 [Site]:4 [Bin]:9699 [FullTime]:3600 [SkipTime]:0 [Veto1]:59.8953 [Veto2]:69.731 [Veto3]:72.6633 [Veto4]:79.6117 [SgUp1]:68651 [SgUp2]:69513 [SgUp3]:70202 [SgUp4]:69523 [SgLow1]:68620 [SgLow2]:69483 [SgLow3]:70181 [SgLow4]:69502 [NetMuon1]:57540 [NetMuon2]:57328 [NetMuon3]:57310 [NetMuon4]:57227
[Run]:37160 [Site]:4 [Bin]:9700 [FullTime]:3600 [SkipTime]:0 [Veto1]:70.6111 [Veto2]:72.6357 [Veto3]:64.7182 [Veto4]:72.6061 [SgUp1]:68053 [SgUp2]:69295 [SgUp3]:70394 [SgUp4]:69805 [SgLow1]:68031 [SgLow2]:69257 [SgLow3]:70374 [SgLow4]:69774 [NetMuon1]:57212 [NetMuon2]:57256 [NetMuon3]:57346 [NetMuon4]:57161
[Run]:37160 [Site]:4 [Bin]:9701 [FullTime]:3600 [SkipTime]:0 [Veto1]:70.8861 [Veto2]:66.9174 [Veto3]:64.9546 [Veto4]:65.9593 [SgUp1]:68693 [SgUp2]:69660 [SgUp3]:70894 [SgUp4]:69762 [SgLow1]:68669 [SgLow2]:69643 [SgLow3]:70871 [SgLow4]:69729 [NetMuon1]:56339 [NetMuon2]:56387 [NetMuon3]:56434 [NetMuon4]:56403
[Run]:37160 [Site]:4 [Bin]:9702 [FullTime]:3600 [SkipTime]:0 [Veto1]:69.2696 [Veto2]:62.3989 [Veto3]:75.1544 [Veto4]:67.3878 [SgUp1]:68049 [SgUp2]:69607 [SgUp3]:70081 [SgUp4]:70256 [SgLow1]:68012 [SgLow2]:69582 [SgLow3]:70056 [SgLow4]:70229 [NetMuon1]:56855 [NetMuon2]:56960 [NetMuon3]:56733 [NetMuon4]:56884
[Run]:37160 [Site]:4 [Bin]:9703 [FullTime]:3600 [SkipTime]:0 [Veto1]:69.2275 [Veto2]:62.2466 [Veto3]:63.1873 [Veto4]:63.209 [SgUp1]:68644 [SgUp2]:69466 [SgUp3]:70698 [SgUp4]:70204 [SgLow1]:68615 [SgLow2]:69432 [SgLow3]:70669 [SgLow4]:70181 [NetMuon1]:56664 [NetMuon2]:56793 [NetMuon3]:56742 [NetMuon4]:56724
[Run]:37160 [Site]:4 [Bin]:9704 [FullTime]:3600 [SkipTime]:0 [Veto1]:63.9503 [Veto2]:77.7658 [Veto3]:67.8601 [Veto4]:72.79 [SgUp1]:68479 [SgUp2]:69412 [SgUp3]:69646 [SgUp4]:70140 [SgLow1]:68439 [SgLow2]:69384 [SgLow3]:69601 [SgLow4]:70118 [NetMuon1]:56426 [NetMuon2]:56191 [NetMuon3]:56308 [NetMuon4]:56247
[Run]:37160 [Site]:4 [Bin]:9705 [FullTime]:3600 [SkipTime]:0 [Veto1]:67.5054 [Veto2]:64.4507 [Veto3]:66.4824 [Veto4]:67.4361 [SgUp1]:68519 [SgUp2]:69456 [SgUp3]:70593 [SgUp4]:69291 [SgLow1]:68483 [SgLow2]:69411 [SgLow3]:70579 [SgLow4]:69272 [NetMuon1]:57033 [NetMuon2]:57105 [NetMuon3]:57079 [NetMuon4]:57043
[Run]:37160 [Site]:4 [Bin]:9706 [FullTime]:3600 [SkipTime]:0 [Veto1]:65.9937 [Veto2]:72.8614 [Veto3]:74.8277 [Veto4]:70.8808 [SgUp1]:67923 [SgUp2]:69483 [SgUp3]:69909 [SgUp4]:69777 [SgLow1]:67896 [SgLow2]:69456 [SgLow3]:69893 [SgLow4]:69731 [NetMuon1]:56454 [NetMuon2]:56335 [NetMuon3]:56308 [NetMuon4]:56372
[Run]:37160 [Site]:4 [Bin]:9707 [FullTime]:3600 [SkipTime]:0 [Veto1]:64.2711 [Veto2]:69.1273 [Veto3]:70.1546 [Veto4]:74.1268 [SgUp1]:68375 [SgUp2]:69617 [SgUp3]:70231 [SgUp4]:70391 [SgLow1]:68347 [SgLow2]:69581 [SgLow3]:70206 [SgLow4]:70367 [NetMuon1]:56740 [NetMuon2]:56690 [NetMuon3]:56680 [NetMuon4]:56644
[Run]:37160 [Site]:4 [Bin]:9708 [FullTime]:3600 [SkipTime]:0 [Veto1]:75.2041 [Veto2]:63.3445 [Veto3]:63.3467 [Veto4]:66.3424 [SgUp1]:68203 [SgUp2]:69835 [SgUp3]:70275 [SgUp4]:69708 [SgLow1]:68168 [SgLow2]:69809 [SgLow3]:70234 [SgLow4]:69678 [NetMuon1]:56744 [NetMuon2]:56966 [NetMuon3]:56945 [NetMuon4]:56914
[Run]:37160 [Site]:4 [Bin]:9709 [FullTime]:3600 [SkipTime]:0 [Veto1]:72.642 [Veto2]:71.6549 [Veto3]:73.6592 [Veto4]:67.4233 [SgUp1]:67959 [SgUp2]:69139 [SgUp3]:70352 [SgUp4]:70269 [SgLow1]:67928 [SgLow2]:69102 [SgLow3]:70323 [SgLow4]:70241 [NetMuon1]:57286 [NetMuon2]:57326 [NetMuon3]:57304 [NetMuon4]:57369
[Run]:37160 [Site]:4 [Bin]:9710 [FullTime]:3600 [SkipTime]:0 [Veto1]:69.479 [Veto2]:65.6606 [Veto3]:71.4063 [Veto4]:70.4152 [SgUp1]:68615 [SgUp2]:69902 [SgUp3]:69657 [SgUp4]:69891 [SgLow1]:68587 [SgLow2]:69882 [SgLow3]:69623 [SgLow4]:69869 [NetMuon1]:58245 [NetMuon2]:58297 [NetMuon3]:58189 [NetMuon4]:58189
[Run]:37160 [Site]:4 [Bin]:9711 [FullTime]:3600 [SkipTime]:0 [Veto1]:72.636 [Veto2]:70.615 [Veto3]:75.5272 [Veto4]:67.6282 [SgUp1]:68439 [SgUp2]:69492 [SgUp3]:70281 [SgUp4]:69929 [SgLow1]:68404 [SgLow2]:69459 [SgLow3]:70250 [SgLow4]:69903 [NetMuon1]:57219 [NetMuon2]:57228 [NetMuon3]:57159 [NetMuon4]:57287
[Run]:37160 [Site]:4 [Bin]:9712 [FullTime]:3600 [SkipTime]:0 [Veto1]:67.9709 [Veto2]:67.9499 [Veto3]:70.9695 [Veto4]:68.0205 [SgUp1]:68030 [SgUp2]:69183 [SgUp3]:69778 [SgUp4]:69877 [SgLow1]:67996 [SgLow2]:69147 [SgLow3]:69739 [SgLow4]:69858 [NetMuon1]:56506 [NetMuon2]:56448 [NetMuon3]:56458 [NetMuon4]:56494
[Run]:37160 [Site]:4 [Bin]:9713 [FullTime]:3600 [SkipTime]:0 [Veto1]:65.1381 [Veto2]:71.1858 [Veto3]:68.0586 [Veto4]:67.0313 [SgUp1]:68136 [SgUp2]:68951 [SgUp3]:69771 [SgUp4]:69584 [SgLow1]:68109 [SgLow2]:68919 [SgLow3]:69732 [SgLow4]:69556 [NetMuon1]:56572 [NetMuon2]:56454 [NetMuon3]:56508 [NetMuon4]:56490
[Run]:37160 [Site]:4 [Bin]:9714 [FullTime]:3600 [SkipTime]:0 [Veto1]:65.0924 [Veto2]:65.0976 [Veto3]:77.4236 [Veto4]:62.1871 [SgUp1]:68553 [SgUp2]:69573 [SgUp3]:69727 [SgUp4]:69926 [SgLow1]:68528 [SgLow2]:69537 [SgLow3]:69691 [SgLow4]:69904 [NetMuon1]:56588 [NetMuon2]:56608 [NetMuon3]:56391 [NetMuon4]:56661
[Run]:37160 [Site]:4 [Bin]:9715 [FullTime]:3600 [SkipTime]:0 [Veto1]:65.5367 [Veto2]:73.3912 [Veto3]:67.5199 [Veto4]:65.6179 [SgUp1]:68568 [SgUp2]:68968 [SgUp3]:70087 [SgUp4]:70082 [SgLow1]:68539 [SgLow2]:68949 [SgLow3]:70053 [SgLow4]:70060 [NetMuon1]:57142 [NetMuon2]:57027 [NetMuon3]:57097 [NetMuon4]:57131
[Run]:37160 [Site]:4 [Bin]:9716 [FullTime]:3600 [SkipTime]:0 [Veto1]:70.3385 [Veto2]:66.4393 [Veto3]:69.3434 [Veto4]:74.2567 [SgUp1]:68359 [SgUp2]:69985 [SgUp3]:69770 [SgUp4]:69575 [SgLow1]:68319 [SgLow2]:69954 [SgLow3]:69740 [SgLow4]:69534 [NetMuon1]:58144 [NetMuon2]:58221 [NetMuon3]:58175 [NetMuon4]:58067
[Run]:37160 [Site]:4 [Bin]:9717 [FullTime]:3600.01 [SkipTime]:0 [Veto1]:71.1008 [Veto2]:71.0629 [Veto3]:68.124 [Veto4]:66.1566 [SgUp1]:68611 [SgUp2]:69302 [SgUp3]:70033 [SgUp4]:69914 [SgLow1]:68595 [SgLow2]:69272 [SgLow3]:70006 [SgLow4]:69872 [NetMuon1]:57844 [NetMuon2]:57857 [NetMuon3]:57899 [NetMuon4]:57913
[Run]:37160 [Site]:4 [Bin]:9718 [FullTime]:3599.99 [SkipTime]:0 [Veto1]:64.5223 [Veto2]:65.7976 [Veto3]:63.8262 [Veto4]:70.7181 [SgUp1]:68628 [SgUp2]:69479 [SgUp3]:69890 [SgUp4]:69486 [SgLow1]:68602 [SgLow2]:69442 [SgLow3]:69862 [SgLow4]:69454 [NetMuon1]:57500 [NetMuon2]:57467 [NetMuon3]:57520 [NetMuon4]:57402
[Run]:37160 [Site]:4 [Bin]:9719 [FullTime]:3600 [SkipTime]:0 [Veto1]:64.7341 [Veto2]:73.6022 [Veto3]:64.7943 [Veto4]:62.755 [SgUp1]:68931 [SgUp2]:69343 [SgUp3]:69917 [SgUp4]:69925 [SgLow1]:68913 [SgLow2]:69312 [SgLow3]:69889 [SgLow4]:69889 [NetMuon1]:56148 [NetMuon2]:56017 [NetMuon3]:56176 [NetMuon4]:56229
End process Run: 37160 ... 
[Run]:37160 [Site]:4 [Bin]:9720 [FullTime]:2974.65 [SkipTime]:0 [Veto1]:57.4011 [Veto2]:56.4541 [Veto3]:54.4293 [Veto4]:55.4081
