StreamChain add 0x4e107f0
Start to process run: 37565 ... 
[Run]:37565 [Site]:4 [Bin]:10176 [FullTime]:2778.44 [SkipTime]:0 [Veto1]:54.0672 [Veto2]:48.0758 [Veto3]:48.4667 [Veto4]:53.5197 [SgUp1]:52619 [SgUp2]:53994 [SgUp3]:54109 [SgUp4]:54508 [SgLow1]:52590 [SgLow2]:53970 [SgLow3]:54092 [SgLow4]:54480 [NetMuon1]:43314 [NetMuon2]:43407 [NetMuon3]:43399 [NetMuon4]:43298
[Run]:37565 [Site]:4 [Bin]:10177 [FullTime]:3600 [SkipTime]:0 [Veto1]:68.6536 [Veto2]:64.6966 [Veto3]:72.5649 [Veto4]:70.6225 [SgUp1]:68346 [SgUp2]:69222 [SgUp3]:69893 [SgUp4]:69106 [SgLow1]:68324 [SgLow2]:69198 [SgLow3]:69869 [SgLow4]:69061 [NetMuon1]:56097 [NetMuon2]:56174 [NetMuon3]:56058 [NetMuon4]:56081
[Run]:37565 [Site]:4 [Bin]:10178 [FullTime]:3600 [SkipTime]:0 [Veto1]:64.7428 [Veto2]:65.3968 [Veto3]:71.1631 [Veto4]:68.787 [SgUp1]:68339 [SgUp2]:69403 [SgUp3]:70010 [SgUp4]:69372 [SgLow1]:68321 [SgLow2]:69372 [SgLow3]:69979 [SgLow4]:69351 [NetMuon1]:56192 [NetMuon2]:56236 [NetMuon3]:56150 [NetMuon4]:56149
[Run]:37565 [Site]:4 [Bin]:10179 [FullTime]:3600 [SkipTime]:0 [Veto1]:69.7024 [Veto2]:62.7154 [Veto3]:60.7349 [Veto4]:58.8041 [SgUp1]:68159 [SgUp2]:69517 [SgUp3]:70208 [SgUp4]:69740 [SgLow1]:68147 [SgLow2]:69486 [SgLow3]:70178 [SgLow4]:69723 [NetMuon1]:56141 [NetMuon2]:56228 [NetMuon3]:56207 [NetMuon4]:56287
[Run]:37565 [Site]:4 [Bin]:10180 [FullTime]:3600 [SkipTime]:0 [Veto1]:69.4363 [Veto2]:71.0575 [Veto3]:67.9626 [Veto4]:60.2515 [SgUp1]:68375 [SgUp2]:69595 [SgUp3]:69823 [SgUp4]:69390 [SgLow1]:68348 [SgLow2]:69557 [SgLow3]:69795 [SgLow4]:69359 [NetMuon1]:56702 [NetMuon2]:56654 [NetMuon3]:56710 [NetMuon4]:56842
[Run]:37565 [Site]:4 [Bin]:10181 [FullTime]:3600 [SkipTime]:0 [Veto1]:69.8966 [Veto2]:68.8545 [Veto3]:67.9857 [Veto4]:64.9267 [SgUp1]:68017 [SgUp2]:69267 [SgUp3]:69623 [SgUp4]:69697 [SgLow1]:67993 [SgLow2]:69234 [SgLow3]:69605 [SgLow4]:69667 [NetMuon1]:56369 [NetMuon2]:56342 [NetMuon3]:56379 [NetMuon4]:56453
[Run]:37565 [Site]:4 [Bin]:10182 [FullTime]:3600 [SkipTime]:0 [Veto1]:69.9312 [Veto2]:64.0843 [Veto3]:66.9638 [Veto4]:63.2875 [SgUp1]:67886 [SgUp2]:70083 [SgUp3]:69449 [SgUp4]:69329 [SgLow1]:67857 [SgLow2]:70036 [SgLow3]:69430 [SgLow4]:69293 [NetMuon1]:56440 [NetMuon2]:56599 [NetMuon3]:56519 [NetMuon4]:56531
[Run]:37565 [Site]:4 [Bin]:10183 [FullTime]:3600 [SkipTime]:0 [Veto1]:63.4253 [Veto2]:63.8767 [Veto3]:67.8461 [Veto4]:61.9049 [SgUp1]:67976 [SgUp2]:69514 [SgUp3]:69355 [SgUp4]:69391 [SgLow1]:67946 [SgLow2]:69480 [SgLow3]:69334 [SgLow4]:69371 [NetMuon1]:56360 [NetMuon2]:56356 [NetMuon3]:56324 [NetMuon4]:56409
[Run]:37565 [Site]:4 [Bin]:10184 [FullTime]:3600 [SkipTime]:0 [Veto1]:60.0532 [Veto2]:59.0762 [Veto3]:72.9248 [Veto4]:70.2814 [SgUp1]:67949 [SgUp2]:69874 [SgUp3]:69875 [SgUp4]:69483 [SgLow1]:67915 [SgLow2]:69850 [SgLow3]:69847 [SgLow4]:69459 [NetMuon1]:56592 [NetMuon2]:56619 [NetMuon3]:56443 [NetMuon4]:56465
[Run]:37565 [Site]:4 [Bin]:10185 [FullTime]:3600 [SkipTime]:0 [Veto1]:68.8062 [Veto2]:62.8977 [Veto3]:74.7172 [Veto4]:69.8131 [SgUp1]:67762 [SgUp2]:70001 [SgUp3]:69617 [SgUp4]:69065 [SgLow1]:67740 [SgLow2]:69983 [SgLow3]:69592 [SgLow4]:69034 [NetMuon1]:56307 [NetMuon2]:56442 [NetMuon3]:56239 [NetMuon4]:56324
[Run]:37565 [Site]:4 [Bin]:10186 [FullTime]:3600 [SkipTime]:0 [Veto1]:67.7679 [Veto2]:69.7043 [Veto3]:70.6849 [Veto4]:63.811 [SgUp1]:67483 [SgUp2]:69615 [SgUp3]:69994 [SgUp4]:69263 [SgLow1]:67454 [SgLow2]:69595 [SgLow3]:69951 [SgLow4]:69234 [NetMuon1]:56238 [NetMuon2]:56204 [NetMuon3]:56192 [NetMuon4]:56327
[Run]:37565 [Site]:4 [Bin]:10187 [FullTime]:3600 [SkipTime]:0 [Veto1]:64.8788 [Veto2]:63.8237 [Veto3]:71.1875 [Veto4]:68.7638 [SgUp1]:68320 [SgUp2]:69163 [SgUp3]:70263 [SgUp4]:69432 [SgLow1]:68296 [SgLow2]:69135 [SgLow3]:70225 [SgLow4]:69396 [NetMuon1]:56323 [NetMuon2]:56368 [NetMuon3]:56239 [NetMuon4]:56310
[Run]:37565 [Site]:4 [Bin]:10188 [FullTime]:3600 [SkipTime]:0 [Veto1]:67.8157 [Veto2]:72.7976 [Veto3]:75.0788 [Veto4]:70.7833 [SgUp1]:68091 [SgUp2]:69081 [SgUp3]:69932 [SgUp4]:69536 [SgLow1]:68069 [SgLow2]:69062 [SgLow3]:69904 [SgLow4]:69503 [NetMuon1]:56345 [NetMuon2]:56256 [NetMuon3]:56197 [NetMuon4]:56280
[Run]:37565 [Site]:4 [Bin]:10189 [FullTime]:3600 [SkipTime]:0 [Veto1]:75.0522 [Veto2]:73.0567 [Veto3]:73.0682 [Veto4]:64.2067 [SgUp1]:67863 [SgUp2]:69821 [SgUp3]:69626 [SgUp4]:69683 [SgLow1]:67830 [SgLow2]:69788 [SgLow3]:69584 [SgLow4]:69656 [NetMuon1]:56614 [NetMuon2]:56610 [NetMuon3]:56642 [NetMuon4]:56762
[Run]:37565 [Site]:4 [Bin]:10190 [FullTime]:3600 [SkipTime]:0 [Veto1]:72.3985 [Veto2]:82.3024 [Veto3]:62.5828 [Veto4]:72.2287 [SgUp1]:67997 [SgUp2]:69937 [SgUp3]:69511 [SgUp4]:69533 [SgLow1]:67961 [SgLow2]:69909 [SgLow3]:69469 [SgLow4]:69494 [NetMuon1]:56991 [NetMuon2]:56856 [NetMuon3]:57196 [NetMuon4]:57026
[Run]:37565 [Site]:4 [Bin]:10191 [FullTime]:3600 [SkipTime]:0 [Veto1]:72.264 [Veto2]:66.298 [Veto3]:66.1378 [Veto4]:72.2302 [SgUp1]:67625 [SgUp2]:69537 [SgUp3]:69693 [SgUp4]:69835 [SgLow1]:67603 [SgLow2]:69515 [SgLow3]:69665 [SgLow4]:69801 [NetMuon1]:56861 [NetMuon2]:56944 [NetMuon3]:56918 [NetMuon4]:56869
[Run]:37565 [Site]:4 [Bin]:10192 [FullTime]:3600 [SkipTime]:0 [Veto1]:69.8525 [Veto2]:61.9296 [Veto3]:71.8023 [Veto4]:68.9174 [SgUp1]:68362 [SgUp2]:69894 [SgUp3]:69742 [SgUp4]:69289 [SgLow1]:68339 [SgLow2]:69865 [SgLow3]:69706 [SgLow4]:69249 [NetMuon1]:56354 [NetMuon2]:56478 [NetMuon3]:56304 [NetMuon4]:56388
[Run]:37565 [Site]:4 [Bin]:10193 [FullTime]:3600 [SkipTime]:0 [Veto1]:63.585 [Veto2]:63.1586 [Veto3]:67.0789 [Veto4]:68.0493 [SgUp1]:68256 [SgUp2]:69535 [SgUp3]:69987 [SgUp4]:69311 [SgLow1]:68217 [SgLow2]:69515 [SgLow3]:69945 [SgLow4]:69289 [NetMuon1]:56713 [NetMuon2]:56691 [NetMuon3]:56618 [NetMuon4]:56609
[Run]:37565 [Site]:4 [Bin]:10194 [FullTime]:3600 [SkipTime]:0 [Veto1]:72.1158 [Veto2]:68.2344 [Veto3]:64.1705 [Veto4]:66.1715 [SgUp1]:67991 [SgUp2]:69580 [SgUp3]:70272 [SgUp4]:69669 [SgLow1]:67959 [SgLow2]:69551 [SgLow3]:70234 [SgLow4]:69645 [NetMuon1]:56648 [NetMuon2]:56788 [NetMuon3]:56801 [NetMuon4]:56767
[Run]:37565 [Site]:4 [Bin]:10195 [FullTime]:3600 [SkipTime]:0 [Veto1]:69.666 [Veto2]:71.5556 [Veto3]:64.6583 [Veto4]:59.7706 [SgUp1]:67644 [SgUp2]:69865 [SgUp3]:70099 [SgUp4]:69419 [SgLow1]:67622 [SgLow2]:69834 [SgLow3]:70061 [SgLow4]:69395 [NetMuon1]:56091 [NetMuon2]:56008 [NetMuon3]:56150 [NetMuon4]:56237
[Run]:37565 [Site]:4 [Bin]:10196 [FullTime]:3600 [SkipTime]:0 [Veto1]:71.5833 [Veto2]:64.6579 [Veto3]:73.5685 [Veto4]:62.6845 [SgUp1]:67883 [SgUp2]:69501 [SgUp3]:69772 [SgUp4]:70077 [SgLow1]:67854 [SgLow2]:69471 [SgLow3]:69754 [SgLow4]:70045 [NetMuon1]:56019 [NetMuon2]:56127 [NetMuon3]:56022 [NetMuon4]:56176
[Run]:37565 [Site]:4 [Bin]:10197 [FullTime]:3600 [SkipTime]:0 [Veto1]:66.7691 [Veto2]:71.5982 [Veto3]:63.729 [Veto4]:68.4896 [SgUp1]:67887 [SgUp2]:69560 [SgUp3]:69904 [SgUp4]:69255 [SgLow1]:67852 [SgLow2]:69542 [SgLow3]:69882 [SgLow4]:69233 [NetMuon1]:56199 [NetMuon2]:56088 [NetMuon3]:56256 [NetMuon4]:56165
[Run]:37565 [Site]:4 [Bin]:10198 [FullTime]:3600 [SkipTime]:0 [Veto1]:62.9686 [Veto2]:62.0374 [Veto3]:63.937 [Veto4]:68.9465 [SgUp1]:68447 [SgUp2]:69846 [SgUp3]:69935 [SgUp4]:69837 [SgLow1]:68434 [SgLow2]:69823 [SgLow3]:69911 [SgLow4]:69801 [NetMuon1]:56487 [NetMuon2]:56538 [NetMuon3]:56464 [NetMuon4]:56431
[Run]:37565 [Site]:4 [Bin]:10199 [FullTime]:3600 [SkipTime]:0 [Veto1]:59.5829 [Veto2]:65.7895 [Veto3]:65.5102 [Veto4]:65.4987 [SgUp1]:68245 [SgUp2]:68964 [SgUp3]:70346 [SgUp4]:69581 [SgLow1]:68222 [SgLow2]:68926 [SgLow3]:70314 [SgLow4]:69541 [NetMuon1]:56015 [NetMuon2]:55919 [NetMuon3]:55939 [NetMuon4]:55920
[Run]:37565 [Site]:4 [Bin]:10200 [FullTime]:3600 [SkipTime]:0 [Veto1]:66.9139 [Veto2]:69.7901 [Veto3]:63.9121 [Veto4]:68.8336 [SgUp1]:68085 [SgUp2]:69200 [SgUp3]:69698 [SgUp4]:69329 [SgLow1]:68062 [SgLow2]:69173 [SgLow3]:69672 [SgLow4]:69286 [NetMuon1]:56415 [NetMuon2]:56338 [NetMuon3]:56442 [NetMuon4]:56355
[Run]:37565 [Site]:4 [Bin]:10201 [FullTime]:3600 [SkipTime]:0 [Veto1]:64.6587 [Veto2]:66.6662 [Veto3]:67.6409 [Veto4]:63.7025 [SgUp1]:67755 [SgUp2]:69009 [SgUp3]:70038 [SgUp4]:69726 [SgLow1]:67735 [SgLow2]:68989 [SgLow3]:70004 [SgLow4]:69684 [NetMuon1]:56152 [NetMuon2]:56154 [NetMuon3]:56109 [NetMuon4]:56162
[Run]:37565 [Site]:4 [Bin]:10202 [FullTime]:3600 [SkipTime]:0 [Veto1]:64.7904 [Veto2]:72.6955 [Veto3]:75.104 [Veto4]:76.667 [SgUp1]:68053 [SgUp2]:69882 [SgUp3]:69517 [SgUp4]:69628 [SgLow1]:68024 [SgLow2]:69859 [SgLow3]:69497 [SgLow4]:69594 [NetMuon1]:56259 [NetMuon2]:56190 [NetMuon3]:56091 [NetMuon4]:56100
[Run]:37565 [Site]:4 [Bin]:10203 [FullTime]:3600 [SkipTime]:0 [Veto1]:68.773 [Veto2]:63.8757 [Veto3]:69.7514 [Veto4]:67.8511 [SgUp1]:67842 [SgUp2]:69583 [SgUp3]:69925 [SgUp4]:69627 [SgLow1]:67811 [SgLow2]:69557 [SgLow3]:69889 [SgLow4]:69597 [NetMuon1]:56230 [NetMuon2]:56361 [NetMuon3]:56256 [NetMuon4]:56302
[Run]:37565 [Site]:4 [Bin]:10204 [FullTime]:3600 [SkipTime]:0 [Veto1]:78.2433 [Veto2]:71.3442 [Veto3]:69.4014 [Veto4]:72.8884 [SgUp1]:68016 [SgUp2]:69513 [SgUp3]:69955 [SgUp4]:69357 [SgLow1]:68001 [SgLow2]:69485 [SgLow3]:69916 [SgLow4]:69326 [NetMuon1]:55637 [NetMuon2]:55775 [NetMuon3]:55821 [NetMuon4]:55711
[Run]:37565 [Site]:4 [Bin]:10205 [FullTime]:3600 [SkipTime]:0 [Veto1]:71.2252 [Veto2]:73.1498 [Veto3]:60.3208 [Veto4]:64.2306 [SgUp1]:68018 [SgUp2]:69468 [SgUp3]:69930 [SgUp4]:69308 [SgLow1]:67990 [SgLow2]:69442 [SgLow3]:69891 [SgLow4]:69279 [NetMuon1]:55551 [NetMuon2]:55518 [NetMuon3]:55725 [NetMuon4]:55691
[Run]:37565 [Site]:4 [Bin]:10207 [FullTime]:2882.43 [SkipTime]:0 [Veto1]:57.6952 [Veto2]:63.6236 [Veto3]:55.6886 [Veto4]:56.708 [SgUp1]:54430 [SgUp2]:55436 [SgUp3]:56262 [SgUp4]:55871 [SgLow1]:54413 [SgLow2]:55413 [SgLow3]:56244 [SgLow4]:55860 [NetMuon1]:45304 [NetMuon2]:45243 [NetMuon3]:45345 [NetMuon4]:45335
[Run]:37565 [Site]:4 [Bin]:10208 [FullTime]:3600 [SkipTime]:0 [Veto1]:66.5582 [Veto2]:70.4856 [Veto3]:75.3462 [Veto4]:70.4558 [SgUp1]:67754 [SgUp2]:69339 [SgUp3]:70140 [SgUp4]:69797 [SgLow1]:67742 [SgLow2]:69303 [SgLow3]:70117 [SgLow4]:69781 [NetMuon1]:56005 [NetMuon2]:55914 [NetMuon3]:55876 [NetMuon4]:55911
[Run]:37565 [Site]:4 [Bin]:10209 [FullTime]:3600 [SkipTime]:0 [Veto1]:68.6906 [Veto2]:63.6544 [Veto3]:66.6312 [Veto4]:75.5262 [SgUp1]:68206 [SgUp2]:69923 [SgUp3]:70340 [SgUp4]:69566 [SgLow1]:68184 [SgLow2]:69898 [SgLow3]:70306 [SgLow4]:69530 [NetMuon1]:56146 [NetMuon2]:56167 [NetMuon3]:56124 [NetMuon4]:56003
[Run]:37565 [Site]:4 [Bin]:10210 [FullTime]:3600 [SkipTime]:0 [Veto1]:66.6787 [Veto2]:58.7488 [Veto3]:67.5987 [Veto4]:73.5848 [SgUp1]:67626 [SgUp2]:69475 [SgUp3]:69932 [SgUp4]:69534 [SgLow1]:67601 [SgLow2]:69451 [SgLow3]:69906 [SgLow4]:69508 [NetMuon1]:56047 [NetMuon2]:56190 [NetMuon3]:56046 [NetMuon4]:55957
[Run]:37565 [Site]:4 [Bin]:10211 [FullTime]:3600 [SkipTime]:0 [Veto1]:71.0214 [Veto2]:69.0194 [Veto3]:63.0637 [Veto4]:67.0535 [SgUp1]:67018 [SgUp2]:69863 [SgUp3]:70658 [SgUp4]:70132 [SgLow1]:66984 [SgLow2]:69848 [SgLow3]:70629 [SgLow4]:70086 [NetMuon1]:56508 [NetMuon2]:56546 [NetMuon3]:56634 [NetMuon4]:56589
[Run]:37565 [Site]:4 [Bin]:10212 [FullTime]:3600 [SkipTime]:0 [Veto1]:67.2373 [Veto2]:70.19 [Veto3]:63.3067 [Veto4]:69.4747 [SgUp1]:67658 [SgUp2]:69323 [SgUp3]:69820 [SgUp4]:69664 [SgLow1]:67629 [SgLow2]:69292 [SgLow3]:69784 [SgLow4]:69638 [NetMuon1]:56817 [NetMuon2]:56782 [NetMuon3]:56924 [NetMuon4]:56823
[Run]:37565 [Site]:4 [Bin]:10213 [FullTime]:3600 [SkipTime]:0 [Veto1]:70.8987 [Veto2]:77.8301 [Veto3]:68.983 [Veto4]:64.9845 [SgUp1]:67362 [SgUp2]:69606 [SgUp3]:70324 [SgUp4]:69886 [SgLow1]:67351 [SgLow2]:69586 [SgLow3]:70290 [SgLow4]:69855 [NetMuon1]:56439 [NetMuon2]:56354 [NetMuon3]:56493 [NetMuon4]:56538
[Run]:37565 [Site]:4 [Bin]:10214 [FullTime]:3600 [SkipTime]:0 [Veto1]:67.4963 [Veto2]:65.5631 [Veto3]:69.4965 [Veto4]:63.6995 [SgUp1]:67892 [SgUp2]:69505 [SgUp3]:69982 [SgUp4]:70068 [SgLow1]:67856 [SgLow2]:69472 [SgLow3]:69961 [SgLow4]:70027 [NetMuon1]:57142 [NetMuon2]:57228 [NetMuon3]:57171 [NetMuon4]:57209
[Run]:37565 [Site]:4 [Bin]:10215 [FullTime]:3600 [SkipTime]:0 [Veto1]:73.5837 [Veto2]:64.6646 [Veto3]:64.6383 [Veto4]:68.6654 [SgUp1]:67637 [SgUp2]:69884 [SgUp3]:70382 [SgUp4]:69566 [SgLow1]:67618 [SgLow2]:69866 [SgLow3]:70350 [SgLow4]:69540 [NetMuon1]:57269 [NetMuon2]:57437 [NetMuon3]:57372 [NetMuon4]:57374
[Run]:37565 [Site]:4 [Bin]:10216 [FullTime]:3600 [SkipTime]:0 [Veto1]:72.8716 [Veto2]:68.9299 [Veto3]:69.8854 [Veto4]:70.8651 [SgUp1]:67527 [SgUp2]:69862 [SgUp3]:70659 [SgUp4]:69282 [SgLow1]:67499 [SgLow2]:69829 [SgLow3]:70616 [SgLow4]:69247 [NetMuon1]:57670 [NetMuon2]:57719 [NetMuon3]:57665 [NetMuon4]:57666
[Run]:37565 [Site]:4 [Bin]:10217 [FullTime]:3600 [SkipTime]:0 [Veto1]:67.4067 [Veto2]:72.2728 [Veto3]:63.3588 [Veto4]:67.3283 [SgUp1]:67665 [SgUp2]:69657 [SgUp3]:70703 [SgUp4]:69932 [SgLow1]:67629 [SgLow2]:69636 [SgLow3]:70669 [SgLow4]:69901 [NetMuon1]:56993 [NetMuon2]:56886 [NetMuon3]:57051 [NetMuon4]:56978
[Run]:37565 [Site]:4 [Bin]:10218 [FullTime]:3600 [SkipTime]:0 [Veto1]:64.0845 [Veto2]:63.0987 [Veto3]:68.9977 [Veto4]:68.2825 [SgUp1]:67586 [SgUp2]:69432 [SgUp3]:69960 [SgUp4]:69797 [SgLow1]:67551 [SgLow2]:69405 [SgLow3]:69933 [SgLow4]:69775 [NetMuon1]:56668 [NetMuon2]:56700 [NetMuon3]:56591 [NetMuon4]:56608
[Run]:37565 [Site]:4 [Bin]:10219 [FullTime]:3600 [SkipTime]:0 [Veto1]:73.8458 [Veto2]:61.0193 [Veto3]:63.9391 [Veto4]:69.9346 [SgUp1]:67889 [SgUp2]:69465 [SgUp3]:70503 [SgUp4]:69651 [SgLow1]:67853 [SgLow2]:69422 [SgLow3]:70471 [SgLow4]:69621 [NetMuon1]:56381 [NetMuon2]:56572 [NetMuon3]:56502 [NetMuon4]:56429
[Run]:37565 [Site]:4 [Bin]:10220 [FullTime]:3600 [SkipTime]:0 [Veto1]:64.9614 [Veto2]:72.8559 [Veto3]:78.7376 [Veto4]:63.9888 [SgUp1]:68124 [SgUp2]:69806 [SgUp3]:69724 [SgUp4]:69873 [SgLow1]:68094 [SgLow2]:69778 [SgLow3]:69690 [SgLow4]:69855 [NetMuon1]:56497 [NetMuon2]:56347 [NetMuon3]:56214 [NetMuon4]:56496
[Run]:37565 [Site]:4 [Bin]:10221 [FullTime]:3600 [SkipTime]:0 [Veto1]:67.1058 [Veto2]:58.2182 [Veto3]:73.9656 [Veto4]:63.1537 [SgUp1]:67554 [SgUp2]:70138 [SgUp3]:70610 [SgUp4]:69669 [SgLow1]:67529 [SgLow2]:70103 [SgLow3]:70589 [SgLow4]:69620 [NetMuon1]:56683 [NetMuon2]:56788 [NetMuon3]:56521 [NetMuon4]:56756
[Run]:37565 [Site]:4 [Bin]:10222 [FullTime]:3600 [SkipTime]:0 [Veto1]:75.6405 [Veto2]:65.7316 [Veto3]:62.8089 [Veto4]:76.6474 [SgUp1]:67699 [SgUp2]:69124 [SgUp3]:70174 [SgUp4]:69806 [SgLow1]:67669 [SgLow2]:69075 [SgLow3]:70140 [SgLow4]:69787 [NetMuon1]:56104 [NetMuon2]:56256 [NetMuon3]:56305 [NetMuon4]:56120
[Run]:37565 [Site]:4 [Bin]:10223 [FullTime]:3600 [SkipTime]:0 [Veto1]:67.8255 [Veto2]:58.9043 [Veto3]:65.7966 [Veto4]:66.815 [SgUp1]:67583 [SgUp2]:69473 [SgUp3]:70191 [SgUp4]:69873 [SgLow1]:67553 [SgLow2]:69461 [SgLow3]:70162 [SgLow4]:69856 [NetMuon1]:56307 [NetMuon2]:56476 [NetMuon3]:56348 [NetMuon4]:56301
End process Run: 37565 ... 
[Run]:37565 [Site]:4 [Bin]:10224 [FullTime]:3029.65 [SkipTime]:0 [Veto1]:66.7784 [Veto2]:67.7942 [Veto3]:57.8954 [Veto4]:56.9163
