StreamChain add 0x67197f0
Start to process run: 38156 ... 
[Run]:38156 [Site]:4 [Bin]:10971 [FullTime]:25.2304 [SkipTime]:0 [Veto1]:0.368225 [Veto2]:0.370625 [Veto3]:0.368444 [Veto4]:0.367184 [SgUp1]:516 [SgUp2]:491 [SgUp3]:481 [SgUp4]:434 [SgLow1]:516 [SgLow2]:491 [SgLow3]:481 [SgLow4]:434 [NetMuon1]:443 [NetMuon2]:443 [NetMuon3]:443 [NetMuon4]:443
[Run]:38156 [Site]:4 [Bin]:10972 [FullTime]:3600 [SkipTime]:0 [Veto1]:68.9936 [Veto2]:69.9266 [Veto3]:73.9033 [Veto4]:67.9765 [SgUp1]:68091 [SgUp2]:69418 [SgUp3]:69755 [SgUp4]:68947 [SgLow1]:68053 [SgLow2]:69399 [SgLow3]:69730 [SgLow4]:68907 [NetMuon1]:60156 [NetMuon2]:60186 [NetMuon3]:60117 [NetMuon4]:60220
[Run]:38156 [Site]:4 [Bin]:10973 [FullTime]:3600 [SkipTime]:0 [Veto1]:75.1624 [Veto2]:70.6309 [Veto3]:72.1414 [Veto4]:68.6484 [SgUp1]:67833 [SgUp2]:69573 [SgUp3]:69476 [SgUp4]:69010 [SgLow1]:67794 [SgLow2]:69549 [SgLow3]:69425 [SgLow4]:68974 [NetMuon1]:59155 [NetMuon2]:59189 [NetMuon3]:59172 [NetMuon4]:59269
[Run]:38156 [Site]:4 [Bin]:10974 [FullTime]:3600 [SkipTime]:0 [Veto1]:68.0987 [Veto2]:71.0534 [Veto3]:72.0527 [Veto4]:75.7805 [SgUp1]:68211 [SgUp2]:69124 [SgUp3]:69914 [SgUp4]:69103 [SgLow1]:68179 [SgLow2]:69104 [SgLow3]:69894 [SgLow4]:69079 [NetMuon1]:59090 [NetMuon2]:59029 [NetMuon3]:59051 [NetMuon4]:58937
[Run]:38156 [Site]:4 [Bin]:10975 [FullTime]:3600 [SkipTime]:0 [Veto1]:64.3775 [Veto2]:79.1144 [Veto3]:64.2254 [Veto4]:73.1969 [SgUp1]:67666 [SgUp2]:69139 [SgUp3]:69726 [SgUp4]:69241 [SgLow1]:67630 [SgLow2]:69111 [SgLow3]:69700 [SgLow4]:69214 [NetMuon1]:59391 [NetMuon2]:59138 [NetMuon3]:59349 [NetMuon4]:59225
[Run]:38156 [Site]:4 [Bin]:10976 [FullTime]:3600 [SkipTime]:0 [Veto1]:76.6909 [Veto2]:67.7465 [Veto3]:73.6273 [Veto4]:64.8211 [SgUp1]:68114 [SgUp2]:69093 [SgUp3]:70350 [SgUp4]:68983 [SgLow1]:68088 [SgLow2]:69052 [SgLow3]:70311 [SgLow4]:68969 [NetMuon1]:58608 [NetMuon2]:58725 [NetMuon3]:58588 [NetMuon4]:58780
[Run]:38156 [Site]:4 [Bin]:10977 [FullTime]:3600 [SkipTime]:0 [Veto1]:63.7742 [Veto2]:70.673 [Veto3]:64.7333 [Veto4]:71.6432 [SgUp1]:67834 [SgUp2]:69062 [SgUp3]:70066 [SgUp4]:69160 [SgLow1]:67804 [SgLow2]:69032 [SgLow3]:70039 [SgLow4]:69128 [NetMuon1]:58685 [NetMuon2]:58602 [NetMuon3]:58680 [NetMuon4]:58546
[Run]:38156 [Site]:4 [Bin]:10978 [FullTime]:3600 [SkipTime]:0 [Veto1]:76.3883 [Veto2]:68.7362 [Veto3]:70.571 [Veto4]:72.5543 [SgUp1]:68242 [SgUp2]:69480 [SgUp3]:69619 [SgUp4]:69227 [SgLow1]:68214 [SgLow2]:69462 [SgLow3]:69590 [SgLow4]:69197 [NetMuon1]:58458 [NetMuon2]:58609 [NetMuon3]:58535 [NetMuon4]:58517
[Run]:38156 [Site]:4 [Bin]:10979 [FullTime]:3600 [SkipTime]:0 [Veto1]:76.2366 [Veto2]:68.3398 [Veto3]:68.2938 [Veto4]:79.1648 [SgUp1]:67508 [SgUp2]:68538 [SgUp3]:69911 [SgUp4]:69051 [SgLow1]:67490 [SgLow2]:68510 [SgLow3]:69871 [SgLow4]:69022 [NetMuon1]:59282 [NetMuon2]:59419 [NetMuon3]:59423 [NetMuon4]:59275
[Run]:38156 [Site]:4 [Bin]:10980 [FullTime]:3600 [SkipTime]:0 [Veto1]:82.5283 [Veto2]:71.1826 [Veto3]:74.1753 [Veto4]:60.4453 [SgUp1]:67802 [SgUp2]:68785 [SgUp3]:69784 [SgUp4]:68998 [SgLow1]:67781 [SgLow2]:68770 [SgLow3]:69759 [SgLow4]:68963 [NetMuon1]:59103 [NetMuon2]:59269 [NetMuon3]:59208 [NetMuon4]:59478
[Run]:38156 [Site]:4 [Bin]:10981 [FullTime]:3600 [SkipTime]:0 [Veto1]:66.3184 [Veto2]:68.2228 [Veto3]:69.2215 [Veto4]:76.7771 [SgUp1]:67624 [SgUp2]:69431 [SgUp3]:69984 [SgUp4]:68421 [SgLow1]:67580 [SgLow2]:69403 [SgLow3]:69962 [SgLow4]:68400 [NetMuon1]:59262 [NetMuon2]:59253 [NetMuon3]:59232 [NetMuon4]:59099
[Run]:38156 [Site]:4 [Bin]:10982 [FullTime]:3600 [SkipTime]:0 [Veto1]:83.1772 [Veto2]:69.422 [Veto3]:72.3616 [Veto4]:63.4959 [SgUp1]:67964 [SgUp2]:69072 [SgUp3]:69870 [SgUp4]:69542 [SgLow1]:67930 [SgLow2]:69045 [SgLow3]:69851 [SgLow4]:69514 [NetMuon1]:59278 [NetMuon2]:59473 [NetMuon3]:59434 [NetMuon4]:59578
[Run]:38156 [Site]:4 [Bin]:10983 [FullTime]:3600 [SkipTime]:0 [Veto1]:74.076 [Veto2]:71.1991 [Veto3]:80.8806 [Veto4]:67.3615 [SgUp1]:68161 [SgUp2]:69062 [SgUp3]:69594 [SgUp4]:68873 [SgLow1]:68136 [SgLow2]:69037 [SgLow3]:69570 [SgLow4]:68849 [NetMuon1]:60528 [NetMuon2]:60596 [NetMuon3]:60442 [NetMuon4]:60644
[Run]:38156 [Site]:4 [Bin]:10984 [FullTime]:3600 [SkipTime]:0 [Veto1]:63.0458 [Veto2]:72.938 [Veto3]:81.8084 [Veto4]:68.9227 [SgUp1]:68051 [SgUp2]:69209 [SgUp3]:69954 [SgUp4]:68853 [SgLow1]:68017 [SgLow2]:69180 [SgLow3]:69918 [SgLow4]:68830 [NetMuon1]:60259 [NetMuon2]:60120 [NetMuon3]:59990 [NetMuon4]:60169
[Run]:38156 [Site]:4 [Bin]:10985 [FullTime]:3600 [SkipTime]:0 [Veto1]:65.603 [Veto2]:68.5403 [Veto3]:68.5181 [Veto4]:68.5575 [SgUp1]:67994 [SgUp2]:69457 [SgUp3]:69777 [SgUp4]:68481 [SgLow1]:67966 [SgLow2]:69418 [SgLow3]:69752 [SgLow4]:68446 [NetMuon1]:59699 [NetMuon2]:59664 [NetMuon3]:59692 [NetMuon4]:59654
[Run]:38156 [Site]:4 [Bin]:10986 [FullTime]:3600 [SkipTime]:0 [Veto1]:67.612 [Veto2]:71.5533 [Veto3]:65.6376 [Veto4]:69.5773 [SgUp1]:68245 [SgUp2]:69309 [SgUp3]:69574 [SgUp4]:68860 [SgLow1]:68218 [SgLow2]:69281 [SgLow3]:69547 [SgLow4]:68838 [NetMuon1]:59730 [NetMuon2]:59672 [NetMuon3]:59783 [NetMuon4]:59730
[Run]:38156 [Site]:4 [Bin]:10987 [FullTime]:3600 [SkipTime]:0 [Veto1]:58.8535 [Veto2]:62.7323 [Veto3]:69.622 [Veto4]:66.7101 [SgUp1]:68151 [SgUp2]:69511 [SgUp3]:69674 [SgUp4]:68906 [SgLow1]:68131 [SgLow2]:69474 [SgLow3]:69626 [SgLow4]:68883 [NetMuon1]:59981 [NetMuon2]:59889 [NetMuon3]:59776 [NetMuon4]:59846
[Run]:38156 [Site]:4 [Bin]:10988 [FullTime]:3600 [SkipTime]:0 [Veto1]:61.1527 [Veto2]:72.9618 [Veto3]:67.0124 [Veto4]:70.0478 [SgUp1]:67682 [SgUp2]:69194 [SgUp3]:70050 [SgUp4]:69058 [SgLow1]:67649 [SgLow2]:69174 [SgLow3]:70016 [SgLow4]:69030 [NetMuon1]:59183 [NetMuon2]:58985 [NetMuon3]:59067 [NetMuon4]:59049
[Run]:38156 [Site]:4 [Bin]:10989 [FullTime]:3600 [SkipTime]:0 [Veto1]:72.7677 [Veto2]:69.7534 [Veto3]:67.7307 [Veto4]:69.7715 [SgUp1]:67590 [SgUp2]:69090 [SgUp3]:69471 [SgUp4]:69297 [SgLow1]:67574 [SgLow2]:69064 [SgLow3]:69441 [SgLow4]:69283 [NetMuon1]:59918 [NetMuon2]:59979 [NetMuon3]:59974 [NetMuon4]:59943
[Run]:38156 [Site]:4 [Bin]:10990 [FullTime]:3600 [SkipTime]:0 [Veto1]:63.0684 [Veto2]:65.9846 [Veto3]:65.0071 [Veto4]:70.9282 [SgUp1]:67470 [SgUp2]:69031 [SgUp3]:69811 [SgUp4]:69262 [SgLow1]:67445 [SgLow2]:68999 [SgLow3]:69772 [SgLow4]:69224 [NetMuon1]:60241 [NetMuon2]:60212 [NetMuon3]:60206 [NetMuon4]:60103
[Run]:38156 [Site]:4 [Bin]:10991 [FullTime]:3600 [SkipTime]:0 [Veto1]:70.5954 [Veto2]:70.6848 [Veto3]:67.6325 [Veto4]:70.3629 [SgUp1]:67636 [SgUp2]:68853 [SgUp3]:69481 [SgUp4]:69245 [SgLow1]:67614 [SgLow2]:68828 [SgLow3]:69457 [SgLow4]:69213 [NetMuon1]:59738 [NetMuon2]:59702 [NetMuon3]:59783 [NetMuon4]:59744
End process Run: 38156 ... 
[Run]:38156 [Site]:4 [Bin]:10992 [FullTime]:1436.87 [SkipTime]:0 [Veto1]:32.54 [Veto2]:22.7133 [Veto3]:26.6728 [Veto4]:23.7246
