StreamChain add 0x28e77f0
Start to process run: 38895 ... 
[Run]:38895 [Site]:4 [Bin]:11808 [FullTime]:974.891 [SkipTime]:0 [Veto1]:16.5277 [Veto2]:20.1842 [Veto3]:17.2193 [Veto4]:17.2336 [SgUp1]:18389 [SgUp2]:18542 [SgUp3]:18991 [SgUp4]:18793 [SgLow1]:18385 [SgLow2]:18540 [SgLow3]:18981 [SgLow4]:18785 [NetMuon1]:14691 [NetMuon2]:14649 [NetMuon3]:14674 [NetMuon4]:14685
[Run]:38895 [Site]:4 [Bin]:11809 [FullTime]:3600 [SkipTime]:0 [Veto1]:61.1161 [Veto2]:66.0551 [Veto3]:64.9977 [Veto4]:63.519 [SgUp1]:67707 [SgUp2]:69206 [SgUp3]:69453 [SgUp4]:69446 [SgLow1]:67674 [SgLow2]:69179 [SgLow3]:69410 [SgLow4]:69410 [NetMuon1]:54114 [NetMuon2]:54086 [NetMuon3]:54080 [NetMuon4]:54142
[Run]:38895 [Site]:4 [Bin]:11810 [FullTime]:3600 [SkipTime]:0 [Veto1]:63.1899 [Veto2]:70.0584 [Veto3]:63.1526 [Veto4]:63.1624 [SgUp1]:67456 [SgUp2]:68528 [SgUp3]:69265 [SgUp4]:69277 [SgLow1]:67428 [SgLow2]:68487 [SgLow3]:69239 [SgLow4]:69236 [NetMuon1]:54278 [NetMuon2]:54158 [NetMuon3]:54270 [NetMuon4]:54269
[Run]:38895 [Site]:4 [Bin]:11811 [FullTime]:3600 [SkipTime]:0 [Veto1]:61.3307 [Veto2]:64.2166 [Veto3]:63.2495 [Veto4]:59.3199 [SgUp1]:67765 [SgUp2]:69106 [SgUp3]:69441 [SgUp4]:69905 [SgLow1]:67737 [SgLow2]:69084 [SgLow3]:69417 [SgLow4]:69883 [NetMuon1]:54399 [NetMuon2]:54359 [NetMuon3]:54370 [NetMuon4]:54436
[Run]:38895 [Site]:4 [Bin]:11812 [FullTime]:3600 [SkipTime]:0 [Veto1]:62.6229 [Veto2]:60.6635 [Veto3]:62.5805 [Veto4]:68.5232 [SgUp1]:67064 [SgUp2]:69077 [SgUp3]:69672 [SgUp4]:69676 [SgLow1]:67049 [SgLow2]:69038 [SgLow3]:69651 [SgLow4]:69636 [NetMuon1]:54820 [NetMuon2]:54860 [NetMuon3]:54800 [NetMuon4]:54719
[Run]:38895 [Site]:4 [Bin]:11813 [FullTime]:3600 [SkipTime]:0 [Veto1]:60.1897 [Veto2]:68.0084 [Veto3]:67.0275 [Veto4]:66.0047 [SgUp1]:67403 [SgUp2]:68846 [SgUp3]:69205 [SgUp4]:69017 [SgLow1]:67371 [SgLow2]:68822 [SgLow3]:69181 [SgLow4]:68997 [NetMuon1]:54214 [NetMuon2]:54103 [NetMuon3]:54116 [NetMuon4]:54135
[Run]:38895 [Site]:4 [Bin]:11814 [FullTime]:3600 [SkipTime]:0 [Veto1]:64.1388 [Veto2]:69.0293 [Veto3]:67.0664 [Veto4]:70.067 [SgUp1]:67661 [SgUp2]:68821 [SgUp3]:69358 [SgUp4]:69105 [SgLow1]:67620 [SgLow2]:68788 [SgLow3]:69325 [SgLow4]:69078 [NetMuon1]:54241 [NetMuon2]:54148 [NetMuon3]:54198 [NetMuon4]:54142
[Run]:38895 [Site]:4 [Bin]:11815 [FullTime]:3600 [SkipTime]:0 [Veto1]:74.2359 [Veto2]:61.3737 [Veto3]:67.3442 [Veto4]:60.437 [SgUp1]:67603 [SgUp2]:68739 [SgUp3]:69450 [SgUp4]:69434 [SgLow1]:67571 [SgLow2]:68713 [SgLow3]:69409 [SgLow4]:69402 [NetMuon1]:54375 [NetMuon2]:54564 [NetMuon3]:54513 [NetMuon4]:54590
[Run]:38895 [Site]:4 [Bin]:11816 [FullTime]:3600 [SkipTime]:0 [Veto1]:58.1726 [Veto2]:59.1079 [Veto3]:68.0192 [Veto4]:60.1307 [SgUp1]:68255 [SgUp2]:68946 [SgUp3]:69786 [SgUp4]:69167 [SgLow1]:68218 [SgLow2]:68930 [SgLow3]:69754 [SgLow4]:69127 [NetMuon1]:54276 [NetMuon2]:54250 [NetMuon3]:54120 [NetMuon4]:54248
[Run]:38895 [Site]:4 [Bin]:11817 [FullTime]:3600 [SkipTime]:0 [Veto1]:56.0169 [Veto2]:65.8859 [Veto3]:64.8534 [Veto4]:62.9507 [SgUp1]:68025 [SgUp2]:68815 [SgUp3]:68950 [SgUp4]:68817 [SgLow1]:67999 [SgLow2]:68796 [SgLow3]:68912 [SgLow4]:68804 [NetMuon1]:54072 [NetMuon2]:53965 [NetMuon3]:53956 [NetMuon4]:53972
[Run]:38895 [Site]:4 [Bin]:11818 [FullTime]:3600 [SkipTime]:0 [Veto1]:61.7153 [Veto2]:64.6636 [Veto3]:67.6407 [Veto4]:69.5683 [SgUp1]:67873 [SgUp2]:68739 [SgUp3]:69747 [SgUp4]:69546 [SgLow1]:67840 [SgLow2]:68722 [SgLow3]:69718 [SgLow4]:69512 [NetMuon1]:53717 [NetMuon2]:53663 [NetMuon3]:53655 [NetMuon4]:53600
[Run]:38895 [Site]:4 [Bin]:11819 [FullTime]:3600 [SkipTime]:0 [Veto1]:64.3727 [Veto2]:61.4325 [Veto3]:62.3793 [Veto4]:76.167 [SgUp1]:68001 [SgUp2]:68722 [SgUp3]:69920 [SgUp4]:69009 [SgLow1]:67973 [SgLow2]:68684 [SgLow3]:69887 [SgLow4]:68976 [NetMuon1]:54512 [NetMuon2]:54559 [NetMuon3]:54532 [NetMuon4]:54317
[Run]:38895 [Site]:4 [Bin]:11820 [FullTime]:3600 [SkipTime]:0 [Veto1]:65.9826 [Veto2]:62.0753 [Veto3]:68.0545 [Veto4]:64.2062 [SgUp1]:67740 [SgUp2]:68948 [SgUp3]:69607 [SgUp4]:69304 [SgLow1]:67721 [SgLow2]:68912 [SgLow3]:69568 [SgLow4]:69269 [NetMuon1]:54106 [NetMuon2]:54180 [NetMuon3]:54119 [NetMuon4]:54181
[Run]:38895 [Site]:4 [Bin]:11821 [FullTime]:3600 [SkipTime]:0 [Veto1]:70.0561 [Veto2]:68.0627 [Veto3]:55.2472 [Veto4]:71.0624 [SgUp1]:67769 [SgUp2]:68813 [SgUp3]:70421 [SgUp4]:69137 [SgLow1]:67747 [SgLow2]:68798 [SgLow3]:70398 [SgLow4]:69105 [NetMuon1]:54148 [NetMuon2]:54156 [NetMuon3]:54384 [NetMuon4]:54157
[Run]:38895 [Site]:4 [Bin]:11822 [FullTime]:3600 [SkipTime]:0 [Veto1]:66.0466 [Veto2]:62.134 [Veto3]:64.0601 [Veto4]:60.0905 [SgUp1]:67814 [SgUp2]:68677 [SgUp3]:69936 [SgUp4]:69115 [SgLow1]:67762 [SgLow2]:68646 [SgLow3]:69902 [SgLow4]:69088 [NetMuon1]:54102 [NetMuon2]:54149 [NetMuon3]:54112 [NetMuon4]:54166
[Run]:38895 [Site]:4 [Bin]:11823 [FullTime]:3600 [SkipTime]:0 [Veto1]:64.1862 [Veto2]:62.1093 [Veto3]:73.0311 [Veto4]:70.9731 [SgUp1]:68323 [SgUp2]:69476 [SgUp3]:69661 [SgUp4]:69087 [SgLow1]:68299 [SgLow2]:69443 [SgLow3]:69628 [SgLow4]:69053 [NetMuon1]:54154 [NetMuon2]:54165 [NetMuon3]:54027 [NetMuon4]:54045
[Run]:38895 [Site]:4 [Bin]:11824 [FullTime]:3600 [SkipTime]:0 [Veto1]:66.3609 [Veto2]:76.9271 [Veto3]:60.1451 [Veto4]:67.0866 [SgUp1]:67775 [SgUp2]:68784 [SgUp3]:69833 [SgUp4]:69423 [SgLow1]:67751 [SgLow2]:68756 [SgLow3]:69804 [SgLow4]:69385 [NetMuon1]:54185 [NetMuon2]:54007 [NetMuon3]:54270 [NetMuon4]:54195
[Run]:38895 [Site]:4 [Bin]:11825 [FullTime]:3600 [SkipTime]:0 [Veto1]:66.2297 [Veto2]:64.2562 [Veto3]:61.2845 [Veto4]:68.1785 [SgUp1]:68456 [SgUp2]:68504 [SgUp3]:69444 [SgUp4]:69495 [SgLow1]:68417 [SgLow2]:68465 [SgLow3]:69411 [SgLow4]:69469 [NetMuon1]:54319 [NetMuon2]:54337 [NetMuon3]:54377 [NetMuon4]:54297
[Run]:38895 [Site]:4 [Bin]:11826 [FullTime]:3600.01 [SkipTime]:0 [Veto1]:60.9022 [Veto2]:62.8184 [Veto3]:64.7968 [Veto4]:68.4497 [SgUp1]:68082 [SgUp2]:68823 [SgUp3]:69605 [SgUp4]:69101 [SgLow1]:68057 [SgLow2]:68797 [SgLow3]:69583 [SgLow4]:69060 [NetMuon1]:53918 [NetMuon2]:53891 [NetMuon3]:53883 [NetMuon4]:53841
[Run]:38895 [Site]:4 [Bin]:11827 [FullTime]:3599.99 [SkipTime]:0 [Veto1]:70.8099 [Veto2]:70.7543 [Veto3]:64.9007 [Veto4]:62.5893 [SgUp1]:67625 [SgUp2]:68881 [SgUp3]:69244 [SgUp4]:68827 [SgLow1]:67591 [SgLow2]:68843 [SgLow3]:69213 [SgLow4]:68781 [NetMuon1]:53836 [NetMuon2]:53887 [NetMuon3]:53932 [NetMuon4]:53927
[Run]:38895 [Site]:4 [Bin]:11828 [FullTime]:3600 [SkipTime]:0 [Veto1]:64.6794 [Veto2]:58.7439 [Veto3]:77.1051 [Veto4]:68.61 [SgUp1]:67458 [SgUp2]:69108 [SgUp3]:69289 [SgUp4]:68953 [SgLow1]:67429 [SgLow2]:69092 [SgLow3]:69260 [SgLow4]:68933 [NetMuon1]:53687 [NetMuon2]:53756 [NetMuon3]:53525 [NetMuon4]:53625
[Run]:38895 [Site]:4 [Bin]:11829 [FullTime]:3600 [SkipTime]:0 [Veto1]:64.78 [Veto2]:59.831 [Veto3]:65.7597 [Veto4]:74.62 [SgUp1]:68050 [SgUp2]:68470 [SgUp3]:69775 [SgUp4]:68842 [SgLow1]:68021 [SgLow2]:68436 [SgLow3]:69741 [SgLow4]:68819 [NetMuon1]:53825 [NetMuon2]:53886 [NetMuon3]:53817 [NetMuon4]:53646
[Run]:38895 [Site]:4 [Bin]:11830 [FullTime]:3600 [SkipTime]:0 [Veto1]:71.8058 [Veto2]:64.8262 [Veto3]:71.7876 [Veto4]:70.841 [SgUp1]:67594 [SgUp2]:68862 [SgUp3]:69362 [SgUp4]:68800 [SgLow1]:67565 [SgLow2]:68831 [SgLow3]:69329 [SgLow4]:68774 [NetMuon1]:53809 [NetMuon2]:53928 [NetMuon3]:53823 [NetMuon4]:53826
[Run]:38895 [Site]:4 [Bin]:11831 [FullTime]:3600 [SkipTime]:0 [Veto1]:70.8247 [Veto2]:64.8343 [Veto3]:57.9187 [Veto4]:61.8373 [SgUp1]:68076 [SgUp2]:68420 [SgUp3]:69325 [SgUp4]:68846 [SgLow1]:68049 [SgLow2]:68384 [SgLow3]:69305 [SgLow4]:68811 [NetMuon1]:53805 [NetMuon2]:53858 [NetMuon3]:53983 [NetMuon4]:53903
[Run]:38895 [Site]:4 [Bin]:11832 [FullTime]:3600 [SkipTime]:0 [Veto1]:62.9941 [Veto2]:66.8685 [Veto3]:69.8349 [Veto4]:61.9746 [SgUp1]:67699 [SgUp2]:68605 [SgUp3]:68875 [SgUp4]:69034 [SgLow1]:67676 [SgLow2]:68583 [SgLow3]:68852 [SgLow4]:69012 [NetMuon1]:54043 [NetMuon2]:53947 [NetMuon3]:53919 [NetMuon4]:54073
[Run]:38895 [Site]:4 [Bin]:11833 [FullTime]:3600 [SkipTime]:0 [Veto1]:68.882 [Veto2]:64.9225 [Veto3]:64.8551 [Veto4]:71.7625 [SgUp1]:67610 [SgUp2]:68769 [SgUp3]:69149 [SgUp4]:69375 [SgLow1]:67573 [SgLow2]:68738 [SgLow3]:69122 [SgLow4]:69342 [NetMuon1]:53901 [NetMuon2]:53969 [NetMuon3]:53929 [NetMuon4]:53822
[Run]:38895 [Site]:4 [Bin]:11834 [FullTime]:3600 [SkipTime]:0 [Veto1]:72.8171 [Veto2]:63.8984 [Veto3]:61.917 [Veto4]:65.867 [SgUp1]:67712 [SgUp2]:69026 [SgUp3]:69196 [SgUp4]:69229 [SgLow1]:67678 [SgLow2]:69005 [SgLow3]:69155 [SgLow4]:69191 [NetMuon1]:53793 [NetMuon2]:53934 [NetMuon3]:53954 [NetMuon4]:53896
[Run]:38895 [Site]:4 [Bin]:11835 [FullTime]:3600 [SkipTime]:0 [Veto1]:63.8759 [Veto2]:70.7496 [Veto3]:60.9034 [Veto4]:63.8956 [SgUp1]:67751 [SgUp2]:68757 [SgUp3]:69134 [SgUp4]:69146 [SgLow1]:67735 [SgLow2]:68734 [SgLow3]:69105 [SgLow4]:69126 [NetMuon1]:53923 [NetMuon2]:53786 [NetMuon3]:53974 [NetMuon4]:53918
[Run]:38895 [Site]:4 [Bin]:11836 [FullTime]:3600 [SkipTime]:0 [Veto1]:69.0256 [Veto2]:57.0866 [Veto3]:69.9648 [Veto4]:67.9792 [SgUp1]:67514 [SgUp2]:69202 [SgUp3]:68950 [SgUp4]:69334 [SgLow1]:67486 [SgLow2]:69195 [SgLow3]:68933 [SgLow4]:69305 [NetMuon1]:54046 [NetMuon2]:54233 [NetMuon3]:54015 [NetMuon4]:54045
[Run]:38895 [Site]:4 [Bin]:11837 [FullTime]:3600 [SkipTime]:0 [Veto1]:64.1213 [Veto2]:60.6193 [Veto3]:60.1825 [Veto4]:64.0669 [SgUp1]:67832 [SgUp2]:68719 [SgUp3]:69096 [SgUp4]:69271 [SgLow1]:67795 [SgLow2]:68698 [SgLow3]:69084 [SgLow4]:69244 [NetMuon1]:54192 [NetMuon2]:54222 [NetMuon3]:54242 [NetMuon4]:54184
[Run]:38895 [Site]:4 [Bin]:11838 [FullTime]:3600 [SkipTime]:0 [Veto1]:68.235 [Veto2]:64.1535 [Veto3]:63.6194 [Veto4]:70.1002 [SgUp1]:67832 [SgUp2]:68742 [SgUp3]:69330 [SgUp4]:68913 [SgLow1]:67803 [SgLow2]:68712 [SgLow3]:69306 [SgLow4]:68886 [NetMuon1]:54270 [NetMuon2]:54276 [NetMuon3]:54313 [NetMuon4]:54205
[Run]:38895 [Site]:4 [Bin]:11839 [FullTime]:3600 [SkipTime]:0 [Veto1]:70.4148 [Veto2]:64.4069 [Veto3]:68.4003 [Veto4]:61.4322 [SgUp1]:67303 [SgUp2]:69373 [SgUp3]:69285 [SgUp4]:69916 [SgLow1]:67281 [SgLow2]:69351 [SgLow3]:69260 [SgLow4]:69892 [NetMuon1]:54507 [NetMuon2]:54563 [NetMuon3]:54510 [NetMuon4]:54617
[Run]:38895 [Site]:4 [Bin]:11840 [FullTime]:3600 [SkipTime]:0 [Veto1]:65.0838 [Veto2]:67.0436 [Veto3]:61.1146 [Veto4]:61.1103 [SgUp1]:67008 [SgUp2]:69227 [SgUp3]:69266 [SgUp4]:69403 [SgLow1]:66988 [SgLow2]:69195 [SgLow3]:69240 [SgLow4]:69390 [NetMuon1]:54144 [NetMuon2]:54127 [NetMuon3]:54224 [NetMuon4]:54206
[Run]:38895 [Site]:4 [Bin]:11841 [FullTime]:3600 [SkipTime]:0 [Veto1]:63.7849 [Veto2]:61.2828 [Veto3]:68.2151 [Veto4]:59.3298 [SgUp1]:67378 [SgUp2]:69454 [SgUp3]:69448 [SgUp4]:69777 [SgLow1]:67358 [SgLow2]:69420 [SgLow3]:69437 [SgLow4]:69747 [NetMuon1]:54372 [NetMuon2]:54409 [NetMuon3]:54324 [NetMuon4]:54439
[Run]:38895 [Site]:4 [Bin]:11842 [FullTime]:3600 [SkipTime]:0 [Veto1]:68.0213 [Veto2]:64.058 [Veto3]:71.9365 [Veto4]:65.0529 [SgUp1]:67513 [SgUp2]:69117 [SgUp3]:69005 [SgUp4]:70141 [SgLow1]:67488 [SgLow2]:69095 [SgLow3]:68972 [SgLow4]:70120 [NetMuon1]:54067 [NetMuon2]:54154 [NetMuon3]:54001 [NetMuon4]:54115
[Run]:38895 [Site]:4 [Bin]:11843 [FullTime]:3600 [SkipTime]:0 [Veto1]:66.3806 [Veto2]:68.3259 [Veto3]:60.4462 [Veto4]:73.2613 [SgUp1]:67526 [SgUp2]:69030 [SgUp3]:69346 [SgUp4]:69438 [SgLow1]:67492 [SgLow2]:69016 [SgLow3]:69324 [SgLow4]:69415 [NetMuon1]:54471 [NetMuon2]:54451 [NetMuon3]:54578 [NetMuon4]:54391
[Run]:38895 [Site]:4 [Bin]:11844 [FullTime]:3600 [SkipTime]:0 [Veto1]:66.1522 [Veto2]:65.1047 [Veto3]:61.1847 [Veto4]:59.2122 [SgUp1]:67824 [SgUp2]:69503 [SgUp3]:69752 [SgUp4]:69387 [SgLow1]:67795 [SgLow2]:69473 [SgLow3]:69725 [SgLow4]:69341 [NetMuon1]:54227 [NetMuon2]:54233 [NetMuon3]:54279 [NetMuon4]:54340
[Run]:38895 [Site]:4 [Bin]:11845 [FullTime]:3600 [SkipTime]:0 [Veto1]:68.996 [Veto2]:65.0414 [Veto3]:77.7811 [Veto4]:64.6851 [SgUp1]:67594 [SgUp2]:69165 [SgUp3]:69563 [SgUp4]:69826 [SgLow1]:67581 [SgLow2]:69137 [SgLow3]:69530 [SgLow4]:69786 [NetMuon1]:53973 [NetMuon2]:54019 [NetMuon3]:53847 [NetMuon4]:54049
[Run]:38895 [Site]:4 [Bin]:11846 [FullTime]:3600 [SkipTime]:0 [Veto1]:68.6305 [Veto2]:69.7462 [Veto3]:76.6052 [Veto4]:64.7978 [SgUp1]:67572 [SgUp2]:68911 [SgUp3]:69515 [SgUp4]:69418 [SgLow1]:67542 [SgLow2]:68888 [SgLow3]:69497 [SgLow4]:69392 [NetMuon1]:53760 [NetMuon2]:53735 [NetMuon3]:53606 [NetMuon4]:53818
[Run]:38895 [Site]:4 [Bin]:11847 [FullTime]:3600 [SkipTime]:0 [Veto1]:68.9362 [Veto2]:62.9418 [Veto3]:70.8667 [Veto4]:68.9514 [SgUp1]:67991 [SgUp2]:70005 [SgUp3]:69299 [SgUp4]:68865 [SgLow1]:67972 [SgLow2]:69979 [SgLow3]:69274 [SgLow4]:68842 [NetMuon1]:53941 [NetMuon2]:53971 [NetMuon3]:53900 [NetMuon4]:53956
[Run]:38895 [Site]:4 [Bin]:11848 [FullTime]:3600 [SkipTime]:0 [Veto1]:61.1368 [Veto2]:64.1 [Veto3]:65.0699 [Veto4]:64.0647 [SgUp1]:67920 [SgUp2]:69570 [SgUp3]:69769 [SgUp4]:69536 [SgLow1]:67895 [SgLow2]:69526 [SgLow3]:69733 [SgLow4]:69508 [NetMuon1]:54213 [NetMuon2]:54181 [NetMuon3]:54128 [NetMuon4]:54179
[Run]:38895 [Site]:4 [Bin]:11849 [FullTime]:3600 [SkipTime]:0 [Veto1]:68.6808 [Veto2]:63.6873 [Veto3]:68.7153 [Veto4]:60.7479 [SgUp1]:67081 [SgUp2]:69319 [SgUp3]:69757 [SgUp4]:69850 [SgLow1]:67067 [SgLow2]:69281 [SgLow3]:69709 [SgLow4]:69819 [NetMuon1]:53613 [NetMuon2]:53705 [NetMuon3]:53609 [NetMuon4]:53751
[Run]:38895 [Site]:4 [Bin]:11850 [FullTime]:3600 [SkipTime]:0 [Veto1]:60.2483 [Veto2]:64.1637 [Veto3]:65.1354 [Veto4]:64.18 [SgUp1]:67776 [SgUp2]:69014 [SgUp3]:69216 [SgUp4]:69350 [SgLow1]:67748 [SgLow2]:68978 [SgLow3]:69184 [SgLow4]:69316 [NetMuon1]:54286 [NetMuon2]:54248 [NetMuon3]:54215 [NetMuon4]:54230
[Run]:38895 [Site]:4 [Bin]:11851 [FullTime]:3600 [SkipTime]:0 [Veto1]:59.8975 [Veto2]:60.8249 [Veto3]:60.7753 [Veto4]:66.7002 [SgUp1]:67732 [SgUp2]:69394 [SgUp3]:70013 [SgUp4]:69975 [SgLow1]:67710 [SgLow2]:69353 [SgLow3]:69995 [SgLow4]:69945 [NetMuon1]:53860 [NetMuon2]:53799 [NetMuon3]:53813 [NetMuon4]:53735
[Run]:38895 [Site]:4 [Bin]:11852 [FullTime]:3600 [SkipTime]:0 [Veto1]:61.3942 [Veto2]:71.6537 [Veto3]:66.7514 [Veto4]:64.8128 [SgUp1]:68113 [SgUp2]:68702 [SgUp3]:69552 [SgUp4]:68934 [SgLow1]:68088 [SgLow2]:68675 [SgLow3]:69532 [SgLow4]:68906 [NetMuon1]:53906 [NetMuon2]:53698 [NetMuon3]:53805 [NetMuon4]:53822
[Run]:38895 [Site]:4 [Bin]:11853 [FullTime]:3600 [SkipTime]:0 [Veto1]:64.7028 [Veto2]:66.8573 [Veto3]:70.6482 [Veto4]:69.6612 [SgUp1]:67167 [SgUp2]:69607 [SgUp3]:69900 [SgUp4]:69231 [SgLow1]:67127 [SgLow2]:69578 [SgLow3]:69887 [SgLow4]:69215 [NetMuon1]:53690 [NetMuon2]:53693 [NetMuon3]:53624 [NetMuon4]:53631
[Run]:38895 [Site]:4 [Bin]:11854 [FullTime]:3600 [SkipTime]:0 [Veto1]:58.0577 [Veto2]:70.8563 [Veto3]:67.8782 [Veto4]:63.9656 [SgUp1]:67902 [SgUp2]:68510 [SgUp3]:69532 [SgUp4]:69525 [SgLow1]:67875 [SgLow2]:68479 [SgLow3]:69489 [SgLow4]:69506 [NetMuon1]:54117 [NetMuon2]:53913 [NetMuon3]:53976 [NetMuon4]:54019
[Run]:38895 [Site]:4 [Bin]:11855 [FullTime]:3600 [SkipTime]:0 [Veto1]:57.1398 [Veto2]:66.9666 [Veto3]:63.9913 [Veto4]:64.9833 [SgUp1]:68200 [SgUp2]:68531 [SgUp3]:70970 [SgUp4]:69495 [SgLow1]:68161 [SgLow2]:68493 [SgLow3]:70950 [SgLow4]:69477 [NetMuon1]:54220 [NetMuon2]:54076 [NetMuon3]:54093 [NetMuon4]:54049
End process Run: 38895 ... 
[Run]:38895 [Site]:4 [Bin]:11856 [FullTime]:2584.56 [SkipTime]:0 [Veto1]:43.2095 [Veto2]:49.158 [Veto3]:44.2251 [Veto4]:48.1504
