StreamChain add 0x1e6767f0
Start to process run: 38717 ... 
[Run]:38717 [Site]:4 [Bin]:11688 [FullTime]:967.24 [SkipTime]:0 [Veto1]:16.2024 [Veto2]:15.2094 [Veto3]:19.1677 [Veto4]:20.1514 [SgUp1]:18231 [SgUp2]:18598 [SgUp3]:18651 [SgUp4]:18594 [SgLow1]:18220 [SgLow2]:18593 [SgLow3]:18647 [SgLow4]:18594 [NetMuon1]:14661 [NetMuon2]:14688 [NetMuon3]:14618 [NetMuon4]:14607
[Run]:38717 [Site]:4 [Bin]:11689 [FullTime]:3600 [SkipTime]:0 [Veto1]:67.1049 [Veto2]:68.0092 [Veto3]:63.0507 [Veto4]:60.0779 [SgUp1]:67694 [SgUp2]:69274 [SgUp3]:69177 [SgUp4]:69593 [SgLow1]:67666 [SgLow2]:69243 [SgLow3]:69144 [SgLow4]:69565 [NetMuon1]:54113 [NetMuon2]:54104 [NetMuon3]:54187 [NetMuon4]:54232
[Run]:38717 [Site]:4 [Bin]:11690 [FullTime]:3600 [SkipTime]:0 [Veto1]:60.4497 [Veto2]:63.3698 [Veto3]:70.2845 [Veto4]:62.3528 [SgUp1]:67220 [SgUp2]:68805 [SgUp3]:69607 [SgUp4]:69876 [SgLow1]:67197 [SgLow2]:68761 [SgLow3]:69573 [SgLow4]:69851 [NetMuon1]:54534 [NetMuon2]:54485 [NetMuon3]:54390 [NetMuon4]:54505
[Run]:38717 [Site]:4 [Bin]:11691 [FullTime]:3600 [SkipTime]:0 [Veto1]:70.2122 [Veto2]:68.2136 [Veto3]:66.2537 [Veto4]:66.2908 [SgUp1]:67584 [SgUp2]:68913 [SgUp3]:68915 [SgUp4]:69425 [SgLow1]:67553 [SgLow2]:68899 [SgLow3]:68882 [SgLow4]:69404 [NetMuon1]:54326 [NetMuon2]:54369 [NetMuon3]:54386 [NetMuon4]:54423
[Run]:38717 [Site]:4 [Bin]:11692 [FullTime]:3600 [SkipTime]:0 [Veto1]:68.9345 [Veto2]:70.8748 [Veto3]:65.2489 [Veto4]:65.9669 [SgUp1]:67206 [SgUp2]:68800 [SgUp3]:69479 [SgUp4]:69410 [SgLow1]:67174 [SgLow2]:68773 [SgLow3]:69447 [SgLow4]:69373 [NetMuon1]:54015 [NetMuon2]:53945 [NetMuon3]:54086 [NetMuon4]:54033
[Run]:38717 [Site]:4 [Bin]:11693 [FullTime]:3600 [SkipTime]:0 [Veto1]:63.3265 [Veto2]:74.1307 [Veto3]:69.2318 [Veto4]:70.2477 [SgUp1]:67397 [SgUp2]:68929 [SgUp3]:69277 [SgUp4]:69381 [SgLow1]:67377 [SgLow2]:68907 [SgLow3]:69225 [SgLow4]:69355 [NetMuon1]:54485 [NetMuon2]:54326 [NetMuon3]:54391 [NetMuon4]:54343
[Run]:38717 [Site]:4 [Bin]:11694 [FullTime]:3600 [SkipTime]:0 [Veto1]:63.2618 [Veto2]:64.2422 [Veto3]:60.0923 [Veto4]:59.2768 [SgUp1]:67480 [SgUp2]:69105 [SgUp3]:69299 [SgUp4]:70006 [SgLow1]:67451 [SgLow2]:69063 [SgLow3]:69275 [SgLow4]:69975 [NetMuon1]:54349 [NetMuon2]:54328 [NetMuon3]:54434 [NetMuon4]:54463
[Run]:38717 [Site]:4 [Bin]:11695 [FullTime]:3600 [SkipTime]:0 [Veto1]:65.8758 [Veto2]:59.928 [Veto3]:61.8695 [Veto4]:64.8329 [SgUp1]:67988 [SgUp2]:68830 [SgUp3]:69824 [SgUp4]:69228 [SgLow1]:67951 [SgLow2]:68802 [SgLow3]:69795 [SgLow4]:69206 [NetMuon1]:55091 [NetMuon2]:55194 [NetMuon3]:55168 [NetMuon4]:55113
[Run]:38717 [Site]:4 [Bin]:11696 [FullTime]:3600 [SkipTime]:0 [Veto1]:61.4472 [Veto2]:69.2682 [Veto3]:61.3326 [Veto4]:68.2558 [SgUp1]:68418 [SgUp2]:68355 [SgUp3]:70200 [SgUp4]:69882 [SgLow1]:68392 [SgLow2]:68330 [SgLow3]:70172 [SgLow4]:69862 [NetMuon1]:54552 [NetMuon2]:54407 [NetMuon3]:54503 [NetMuon4]:54410
[Run]:38717 [Site]:4 [Bin]:11697 [FullTime]:3600 [SkipTime]:0 [Veto1]:74.0968 [Veto2]:69.1196 [Veto3]:63.1533 [Veto4]:61.2243 [SgUp1]:67699 [SgUp2]:68488 [SgUp3]:69957 [SgUp4]:69892 [SgLow1]:67671 [SgLow2]:68461 [SgLow3]:69937 [SgLow4]:69858 [NetMuon1]:54164 [NetMuon2]:54208 [NetMuon3]:54297 [NetMuon4]:54342
[Run]:38717 [Site]:4 [Bin]:11698 [FullTime]:3600 [SkipTime]:0 [Veto1]:64.0731 [Veto2]:66.9893 [Veto3]:66.9667 [Veto4]:65.0381 [SgUp1]:67791 [SgUp2]:68932 [SgUp3]:70295 [SgUp4]:69206 [SgLow1]:67760 [SgLow2]:68912 [SgLow3]:70267 [SgLow4]:69193 [NetMuon1]:54170 [NetMuon2]:54101 [NetMuon3]:54111 [NetMuon4]:54140
[Run]:38717 [Site]:4 [Bin]:11699 [FullTime]:3600 [SkipTime]:0 [Veto1]:66.3468 [Veto2]:61.4035 [Veto3]:63.3712 [Veto4]:67.3665 [SgUp1]:67697 [SgUp2]:68825 [SgUp3]:70011 [SgUp4]:69015 [SgLow1]:67666 [SgLow2]:68799 [SgLow3]:69971 [SgLow4]:68993 [NetMuon1]:54464 [NetMuon2]:54554 [NetMuon3]:54560 [NetMuon4]:54497
[Run]:38717 [Site]:4 [Bin]:11700 [FullTime]:3600 [SkipTime]:0 [Veto1]:63.8909 [Veto2]:62.1207 [Veto3]:67.134 [Veto4]:65.1337 [SgUp1]:68063 [SgUp2]:68777 [SgUp3]:70030 [SgUp4]:69202 [SgLow1]:68031 [SgLow2]:68749 [SgLow3]:70010 [SgLow4]:69181 [NetMuon1]:54219 [NetMuon2]:54264 [NetMuon3]:54228 [NetMuon4]:54207
[Run]:38717 [Site]:4 [Bin]:11701 [FullTime]:3600 [SkipTime]:0 [Veto1]:61.2041 [Veto2]:66.1013 [Veto3]:69.0716 [Veto4]:70.0844 [SgUp1]:67738 [SgUp2]:68557 [SgUp3]:69950 [SgUp4]:69469 [SgLow1]:67706 [SgLow2]:68526 [SgLow3]:69924 [SgLow4]:69448 [NetMuon1]:54292 [NetMuon2]:54236 [NetMuon3]:54208 [NetMuon4]:54168
[Run]:38717 [Site]:4 [Bin]:11702 [FullTime]:3600 [SkipTime]:0 [Veto1]:74.093 [Veto2]:61.2667 [Veto3]:67.2238 [Veto4]:73.1225 [SgUp1]:68262 [SgUp2]:68663 [SgUp3]:70086 [SgUp4]:69064 [SgLow1]:68229 [SgLow2]:68641 [SgLow3]:70061 [SgLow4]:69053 [NetMuon1]:54173 [NetMuon2]:54393 [NetMuon3]:54285 [NetMuon4]:54199
[Run]:38717 [Site]:4 [Bin]:11703 [FullTime]:3600 [SkipTime]:0 [Veto1]:62.243 [Veto2]:63.2601 [Veto3]:60.2871 [Veto4]:67.2148 [SgUp1]:67979 [SgUp2]:68660 [SgUp3]:70110 [SgUp4]:69491 [SgLow1]:67956 [SgLow2]:68635 [SgLow3]:70084 [SgLow4]:69466 [NetMuon1]:54386 [NetMuon2]:54399 [NetMuon3]:54429 [NetMuon4]:54311
[Run]:38717 [Site]:4 [Bin]:11704 [FullTime]:3600 [SkipTime]:0 [Veto1]:65.2808 [Veto2]:60.4009 [Veto3]:64.3258 [Veto4]:62.7492 [SgUp1]:67649 [SgUp2]:68802 [SgUp3]:69972 [SgUp4]:69435 [SgLow1]:67616 [SgLow2]:68777 [SgLow3]:69938 [SgLow4]:69423 [NetMuon1]:54438 [NetMuon2]:54540 [NetMuon3]:54468 [NetMuon4]:54470
[Run]:38717 [Site]:4 [Bin]:11705 [FullTime]:3600 [SkipTime]:0 [Veto1]:67.0044 [Veto2]:66.5111 [Veto3]:65.5974 [Veto4]:62.6502 [SgUp1]:67674 [SgUp2]:68283 [SgUp3]:69929 [SgUp4]:69681 [SgLow1]:67634 [SgLow2]:68248 [SgLow3]:69904 [SgLow4]:69659 [NetMuon1]:53609 [NetMuon2]:53574 [NetMuon3]:53645 [NetMuon4]:53682
[Run]:38717 [Site]:4 [Bin]:11706 [FullTime]:3600 [SkipTime]:0 [Veto1]:73.1461 [Veto2]:60.236 [Veto3]:60.2289 [Veto4]:63.2049 [SgUp1]:68120 [SgUp2]:68757 [SgUp3]:70272 [SgUp4]:69373 [SgLow1]:68103 [SgLow2]:68723 [SgLow3]:70248 [SgLow4]:69346 [NetMuon1]:54202 [NetMuon2]:54369 [NetMuon3]:54360 [NetMuon4]:54346
[Run]:38717 [Site]:4 [Bin]:11707 [FullTime]:3600 [SkipTime]:0 [Veto1]:71.9771 [Veto2]:66.0247 [Veto3]:63.0862 [Veto4]:61.1034 [SgUp1]:67475 [SgUp2]:68720 [SgUp3]:70015 [SgUp4]:69868 [SgLow1]:67447 [SgLow2]:68690 [SgLow3]:69984 [SgLow4]:69843 [NetMuon1]:54034 [NetMuon2]:54111 [NetMuon3]:54181 [NetMuon4]:54184
[Run]:38717 [Site]:4 [Bin]:11708 [FullTime]:2617.39 [SkipTime]:982.605 [Veto1]:49.1236 [Veto2]:40.2116 [Veto3]:52.9888 [Veto4]:48.0458 [SgUp1]:49402 [SgUp2]:50151 [SgUp3]:50881 [SgUp4]:50542 [SgLow1]:49394 [SgLow2]:50131 [SgLow3]:50861 [SgLow4]:50518 [NetMuon1]:39781 [NetMuon2]:39912 [NetMuon3]:39679 [NetMuon4]:39793
[Run]:38717 [Site]:4 [Bin]:11709 [FullTime]:3600.01 [SkipTime]:0 [Veto1]:66.3666 [Veto2]:59.6691 [Veto3]:66.3334 [Veto4]:63.4023 [SgUp1]:67287 [SgUp2]:68404 [SgUp3]:70125 [SgUp4]:69743 [SgLow1]:67250 [SgLow2]:68381 [SgLow3]:70064 [SgLow4]:69708 [NetMuon1]:54483 [NetMuon2]:54589 [NetMuon3]:54474 [NetMuon4]:54539
[Run]:38717 [Site]:4 [Bin]:11710 [FullTime]:3599.99 [SkipTime]:0 [Veto1]:61.226 [Veto2]:66.1045 [Veto3]:75.9248 [Veto4]:63.1156 [SgUp1]:67827 [SgUp2]:68170 [SgUp3]:69226 [SgUp4]:69507 [SgLow1]:67804 [SgLow2]:68138 [SgLow3]:69189 [SgLow4]:69476 [NetMuon1]:54252 [NetMuon2]:54157 [NetMuon3]:53991 [NetMuon4]:54223
[Run]:38717 [Site]:4 [Bin]:11711 [FullTime]:3600 [SkipTime]:0 [Veto1]:69.1405 [Veto2]:71.0999 [Veto3]:67.1122 [Veto4]:66.1471 [SgUp1]:67354 [SgUp2]:68866 [SgUp3]:69566 [SgUp4]:69421 [SgLow1]:67313 [SgLow2]:68841 [SgLow3]:69546 [SgLow4]:69404 [NetMuon1]:54231 [NetMuon2]:54213 [NetMuon3]:54265 [NetMuon4]:54282
[Run]:38717 [Site]:4 [Bin]:11712 [FullTime]:3600 [SkipTime]:0 [Veto1]:63.7679 [Veto2]:59.7382 [Veto3]:67.5586 [Veto4]:63.7515 [SgUp1]:67928 [SgUp2]:68969 [SgUp3]:69475 [SgUp4]:69081 [SgLow1]:67906 [SgLow2]:68943 [SgLow3]:69450 [SgLow4]:69063 [NetMuon1]:53777 [NetMuon2]:53780 [NetMuon3]:53695 [NetMuon4]:53766
[Run]:38717 [Site]:4 [Bin]:11713 [FullTime]:3600 [SkipTime]:0 [Veto1]:62.4293 [Veto2]:67.3367 [Veto3]:63.9159 [Veto4]:65.3334 [SgUp1]:67716 [SgUp2]:69117 [SgUp3]:69827 [SgUp4]:68849 [SgLow1]:67687 [SgLow2]:69092 [SgLow3]:69788 [SgLow4]:68805 [NetMuon1]:54541 [NetMuon2]:54442 [NetMuon3]:54503 [NetMuon4]:54514
[Run]:38717 [Site]:4 [Bin]:11714 [FullTime]:3600 [SkipTime]:0 [Veto1]:62.2658 [Veto2]:67.1456 [Veto3]:67.1475 [Veto4]:69.1325 [SgUp1]:67790 [SgUp2]:68713 [SgUp3]:69627 [SgUp4]:70116 [SgLow1]:67765 [SgLow2]:68685 [SgLow3]:69581 [SgLow4]:70083 [NetMuon1]:54353 [NetMuon2]:54270 [NetMuon3]:54261 [NetMuon4]:54219
[Run]:38717 [Site]:4 [Bin]:11715 [FullTime]:3600 [SkipTime]:0 [Veto1]:66.2514 [Veto2]:62.2393 [Veto3]:66.1829 [Veto4]:65.1969 [SgUp1]:67913 [SgUp2]:69155 [SgUp3]:69120 [SgUp4]:69180 [SgLow1]:67888 [SgLow2]:69122 [SgLow3]:69090 [SgLow4]:69151 [NetMuon1]:54366 [NetMuon2]:54428 [NetMuon3]:54318 [NetMuon4]:54332
[Run]:38717 [Site]:4 [Bin]:11716 [FullTime]:3600 [SkipTime]:0 [Veto1]:73.6231 [Veto2]:64.9997 [Veto3]:63.0466 [Veto4]:65.9979 [SgUp1]:67850 [SgUp2]:68799 [SgUp3]:69393 [SgUp4]:69649 [SgLow1]:67835 [SgLow2]:68772 [SgLow3]:69350 [SgLow4]:69634 [NetMuon1]:53959 [NetMuon2]:54112 [NetMuon3]:54136 [NetMuon4]:54098
[Run]:38717 [Site]:4 [Bin]:11717 [FullTime]:3600 [SkipTime]:0 [Veto1]:71.4585 [Veto2]:66.3826 [Veto3]:70.3346 [Veto4]:70.3764 [SgUp1]:67606 [SgUp2]:68752 [SgUp3]:69968 [SgUp4]:68972 [SgLow1]:67566 [SgLow2]:68731 [SgLow3]:69927 [SgLow4]:68943 [NetMuon1]:54595 [NetMuon2]:54592 [NetMuon3]:54587 [NetMuon4]:54574
[Run]:38717 [Site]:4 [Bin]:11718 [FullTime]:3600 [SkipTime]:0 [Veto1]:59.9218 [Veto2]:66.3778 [Veto3]:62.4123 [Veto4]:64.3835 [SgUp1]:68324 [SgUp2]:68783 [SgUp3]:69602 [SgUp4]:69501 [SgLow1]:68295 [SgLow2]:68739 [SgLow3]:69558 [SgLow4]:69478 [NetMuon1]:54621 [NetMuon2]:54540 [NetMuon3]:54580 [NetMuon4]:54543
[Run]:38717 [Site]:4 [Bin]:11719 [FullTime]:3600 [SkipTime]:0 [Veto1]:59.6216 [Veto2]:72.4235 [Veto3]:64.5871 [Veto4]:70.4852 [SgUp1]:67821 [SgUp2]:68919 [SgUp3]:69639 [SgUp4]:69299 [SgLow1]:67793 [SgLow2]:68888 [SgLow3]:69609 [SgLow4]:69267 [NetMuon1]:54804 [NetMuon2]:54586 [NetMuon3]:54770 [NetMuon4]:54642
[Run]:38717 [Site]:4 [Bin]:11720 [FullTime]:3600 [SkipTime]:0 [Veto1]:72.0985 [Veto2]:69.1429 [Veto3]:67.2121 [Veto4]:59.3117 [SgUp1]:67782 [SgUp2]:69283 [SgUp3]:69701 [SgUp4]:69336 [SgLow1]:67761 [SgLow2]:69256 [SgLow3]:69683 [SgLow4]:69290 [NetMuon1]:54250 [NetMuon2]:54267 [NetMuon3]:54293 [NetMuon4]:54417
[Run]:38717 [Site]:4 [Bin]:11721 [FullTime]:3600 [SkipTime]:0 [Veto1]:65.4949 [Veto2]:69.407 [Veto3]:60.5161 [Veto4]:68.4084 [SgUp1]:68173 [SgUp2]:68931 [SgUp3]:70021 [SgUp4]:68777 [SgLow1]:68140 [SgLow2]:68914 [SgLow3]:69993 [SgLow4]:68752 [NetMuon1]:54661 [NetMuon2]:54587 [NetMuon3]:54726 [NetMuon4]:54588
[Run]:38717 [Site]:4 [Bin]:11722 [FullTime]:3600 [SkipTime]:0 [Veto1]:64.3719 [Veto2]:71.2569 [Veto3]:69.3025 [Veto4]:72.2205 [SgUp1]:67544 [SgUp2]:69038 [SgUp3]:70062 [SgUp4]:69372 [SgLow1]:67520 [SgLow2]:69010 [SgLow3]:70023 [SgLow4]:69335 [NetMuon1]:54540 [NetMuon2]:54465 [NetMuon3]:54479 [NetMuon4]:54444
[Run]:38717 [Site]:4 [Bin]:11723 [FullTime]:3600 [SkipTime]:0 [Veto1]:69.2025 [Veto2]:55.41 [Veto3]:61.3054 [Veto4]:63.2937 [SgUp1]:68249 [SgUp2]:68913 [SgUp3]:69922 [SgUp4]:69403 [SgLow1]:68220 [SgLow2]:68888 [SgLow3]:69886 [SgLow4]:69378 [NetMuon1]:54330 [NetMuon2]:54576 [NetMuon3]:54475 [NetMuon4]:54447
[Run]:38717 [Site]:4 [Bin]:11724 [FullTime]:3600 [SkipTime]:0 [Veto1]:62.7256 [Veto2]:64.6667 [Veto3]:63.6692 [Veto4]:60.7716 [SgUp1]:68470 [SgUp2]:68276 [SgUp3]:69831 [SgUp4]:69767 [SgLow1]:68452 [SgLow2]:68258 [SgLow3]:69807 [SgLow4]:69726 [NetMuon1]:54941 [NetMuon2]:54887 [NetMuon3]:54906 [NetMuon4]:54982
[Run]:38717 [Site]:4 [Bin]:11725 [FullTime]:3600 [SkipTime]:0 [Veto1]:59.3386 [Veto2]:64.2607 [Veto3]:68.1771 [Veto4]:64.6104 [SgUp1]:68153 [SgUp2]:69211 [SgUp3]:69866 [SgUp4]:69189 [SgLow1]:68109 [SgLow2]:69179 [SgLow3]:69856 [SgLow4]:69163 [NetMuon1]:54452 [NetMuon2]:54330 [NetMuon3]:54311 [NetMuon4]:54342
[Run]:38717 [Site]:4 [Bin]:11726 [FullTime]:3600 [SkipTime]:0 [Veto1]:72.1304 [Veto2]:62.2719 [Veto3]:62.3588 [Veto4]:62.3318 [SgUp1]:67604 [SgUp2]:69363 [SgUp3]:69854 [SgUp4]:69665 [SgLow1]:67566 [SgLow2]:69332 [SgLow3]:69825 [SgLow4]:69635 [NetMuon1]:54238 [NetMuon2]:54429 [NetMuon3]:54433 [NetMuon4]:54412
[Run]:38717 [Site]:4 [Bin]:11727 [FullTime]:3600 [SkipTime]:0 [Veto1]:60.268 [Veto2]:64.1747 [Veto3]:67.5802 [Veto4]:62.2364 [SgUp1]:67911 [SgUp2]:69005 [SgUp3]:69869 [SgUp4]:69464 [SgLow1]:67890 [SgLow2]:68977 [SgLow3]:69818 [SgLow4]:69444 [NetMuon1]:54371 [NetMuon2]:54328 [NetMuon3]:54273 [NetMuon4]:54367
[Run]:38717 [Site]:4 [Bin]:11728 [FullTime]:3600 [SkipTime]:0 [Veto1]:64.1268 [Veto2]:59.1903 [Veto3]:64.0933 [Veto4]:73.962 [SgUp1]:67637 [SgUp2]:69095 [SgUp3]:69914 [SgUp4]:68912 [SgLow1]:67608 [SgLow2]:69064 [SgLow3]:69872 [SgLow4]:68877 [NetMuon1]:54217 [NetMuon2]:54313 [NetMuon3]:54201 [NetMuon4]:54027
[Run]:38717 [Site]:4 [Bin]:11729 [FullTime]:3600 [SkipTime]:0 [Veto1]:64.8505 [Veto2]:72.5575 [Veto3]:67.8278 [Veto4]:69.8565 [SgUp1]:68233 [SgUp2]:69126 [SgUp3]:69595 [SgUp4]:69439 [SgLow1]:68206 [SgLow2]:69107 [SgLow3]:69567 [SgLow4]:69413 [NetMuon1]:53902 [NetMuon2]:53825 [NetMuon3]:53884 [NetMuon4]:53844
[Run]:38717 [Site]:4 [Bin]:11730 [FullTime]:3600 [SkipTime]:0 [Veto1]:69.943 [Veto2]:66.3217 [Veto3]:64.3487 [Veto4]:53.5527 [SgUp1]:67968 [SgUp2]:68952 [SgUp3]:70290 [SgUp4]:70116 [SgLow1]:67938 [SgLow2]:68922 [SgLow3]:70260 [SgLow4]:70078 [NetMuon1]:54448 [NetMuon2]:54492 [NetMuon3]:54534 [NetMuon4]:54716
[Run]:38717 [Site]:4 [Bin]:11731 [FullTime]:3600 [SkipTime]:0 [Veto1]:64.2002 [Veto2]:64.1176 [Veto3]:65.1656 [Veto4]:68.095 [SgUp1]:68131 [SgUp2]:69353 [SgUp3]:69166 [SgUp4]:68919 [SgLow1]:68109 [SgLow2]:69326 [SgLow3]:69137 [SgLow4]:68889 [NetMuon1]:54302 [NetMuon2]:54263 [NetMuon3]:54273 [NetMuon4]:54226
[Run]:38717 [Site]:4 [Bin]:11732 [FullTime]:3600 [SkipTime]:0 [Veto1]:77.0748 [Veto2]:63.2353 [Veto3]:66.2408 [Veto4]:67.2015 [SgUp1]:67743 [SgUp2]:69249 [SgUp3]:69389 [SgUp4]:69718 [SgLow1]:67706 [SgLow2]:69229 [SgLow3]:69363 [SgLow4]:69687 [NetMuon1]:54142 [NetMuon2]:54358 [NetMuon3]:54337 [NetMuon4]:54323
[Run]:38717 [Site]:4 [Bin]:11733 [FullTime]:3600 [SkipTime]:0 [Veto1]:62.9718 [Veto2]:65.9299 [Veto3]:64.9863 [Veto4]:70.2376 [SgUp1]:67871 [SgUp2]:69065 [SgUp3]:69842 [SgUp4]:69688 [SgLow1]:67841 [SgLow2]:69055 [SgLow3]:69812 [SgLow4]:69664 [NetMuon1]:54025 [NetMuon2]:53972 [NetMuon3]:54004 [NetMuon4]:53922
[Run]:38717 [Site]:4 [Bin]:11734 [FullTime]:3600 [SkipTime]:0 [Veto1]:56.6869 [Veto2]:69.5279 [Veto3]:58.6222 [Veto4]:59.6762 [SgUp1]:67599 [SgUp2]:68862 [SgUp3]:69661 [SgUp4]:69739 [SgLow1]:67578 [SgLow2]:68835 [SgLow3]:69635 [SgLow4]:69711 [NetMuon1]:53706 [NetMuon2]:53500 [NetMuon3]:53661 [NetMuon4]:53641
[Run]:38717 [Site]:4 [Bin]:11735 [FullTime]:3600.01 [SkipTime]:0 [Veto1]:66.1909 [Veto2]:66.2012 [Veto3]:72.1116 [Veto4]:73.1003 [SgUp1]:68046 [SgUp2]:68903 [SgUp3]:69890 [SgUp4]:69272 [SgLow1]:68016 [SgLow2]:68865 [SgLow3]:69862 [SgLow4]:69234 [NetMuon1]:54254 [NetMuon2]:54274 [NetMuon3]:54210 [NetMuon4]:54194
End process Run: 38717 ... 
[Run]:38717 [Site]:4 [Bin]:11736 [FullTime]:3501.19 [SkipTime]:0 [Veto1]:51.0617 [Veto2]:67.8095 [Veto3]:60.9459 [Veto4]:60.9279
