StreamChain add 0x197c27f0
Start to process run: 38878 ... 
[Run]:38878 [Site]:4 [Bin]:11744 [FullTime]:467.215 [SkipTime]:0 [Veto1]:7.74776 [Veto2]:6.75331 [Veto3]:8.70982 [Veto4]:6.75824 [SgUp1]:8697 [SgUp2]:8971 [SgUp3]:9012 [SgUp4]:9203 [SgLow1]:8697 [SgLow2]:8966 [SgLow3]:9008 [SgLow4]:9197 [NetMuon1]:6901 [NetMuon2]:6910 [NetMuon3]:6871 [NetMuon4]:6916
[Run]:38878 [Site]:4 [Bin]:11745 [FullTime]:3600 [SkipTime]:0 [Veto1]:73.7147 [Veto2]:60.8426 [Veto3]:66.8039 [Veto4]:65.8098 [SgUp1]:67022 [SgUp2]:69612 [SgUp3]:69677 [SgUp4]:69351 [SgLow1]:66990 [SgLow2]:69587 [SgLow3]:69643 [SgLow4]:69310 [NetMuon1]:53740 [NetMuon2]:53906 [NetMuon3]:53831 [NetMuon4]:53848
[Run]:38878 [Site]:4 [Bin]:11746 [FullTime]:3600 [SkipTime]:0 [Veto1]:64.8633 [Veto2]:63.896 [Veto3]:70.8073 [Veto4]:68.059 [SgUp1]:67042 [SgUp2]:69214 [SgUp3]:69624 [SgUp4]:69303 [SgLow1]:67027 [SgLow2]:69169 [SgLow3]:69608 [SgLow4]:69265 [NetMuon1]:53916 [NetMuon2]:53898 [NetMuon3]:53812 [NetMuon4]:53862
[Run]:38878 [Site]:4 [Bin]:11747 [FullTime]:3600 [SkipTime]:0 [Veto1]:66.9833 [Veto2]:64.0269 [Veto3]:73.8244 [Veto4]:72.8563 [SgUp1]:67247 [SgUp2]:69113 [SgUp3]:69570 [SgUp4]:68640 [SgLow1]:67211 [SgLow2]:69085 [SgLow3]:69537 [SgLow4]:68616 [NetMuon1]:54033 [NetMuon2]:54091 [NetMuon3]:53902 [NetMuon4]:53940
[Run]:38878 [Site]:4 [Bin]:11748 [FullTime]:3600 [SkipTime]:0 [Veto1]:68.9726 [Veto2]:59.994 [Veto3]:65.6452 [Veto4]:70.3944 [SgUp1]:67448 [SgUp2]:69828 [SgUp3]:69302 [SgUp4]:69303 [SgLow1]:67426 [SgLow2]:69800 [SgLow3]:69274 [SgLow4]:69276 [NetMuon1]:53962 [NetMuon2]:54075 [NetMuon3]:53999 [NetMuon4]:53891
[Run]:38878 [Site]:4 [Bin]:11749 [FullTime]:3600 [SkipTime]:0 [Veto1]:59.1746 [Veto2]:58.1895 [Veto3]:69.9692 [Veto4]:66.5377 [SgUp1]:67142 [SgUp2]:69253 [SgUp3]:69885 [SgUp4]:69217 [SgLow1]:67117 [SgLow2]:69218 [SgLow3]:69865 [SgLow4]:69184 [NetMuon1]:54223 [NetMuon2]:54243 [NetMuon3]:54054 [NetMuon4]:54130
[Run]:38878 [Site]:4 [Bin]:11750 [FullTime]:3600 [SkipTime]:0 [Veto1]:54.8777 [Veto2]:73.5532 [Veto3]:68.6194 [Veto4]:69.6329 [SgUp1]:67318 [SgUp2]:69028 [SgUp3]:69683 [SgUp4]:69159 [SgLow1]:67289 [SgLow2]:68986 [SgLow3]:69651 [SgLow4]:69142 [NetMuon1]:53887 [NetMuon2]:53545 [NetMuon3]:53642 [NetMuon4]:53644
[Run]:38878 [Site]:4 [Bin]:11751 [FullTime]:3600 [SkipTime]:0 [Veto1]:62.8115 [Veto2]:64.7661 [Veto3]:63.8262 [Veto4]:57.8341 [SgUp1]:67306 [SgUp2]:69124 [SgUp3]:69791 [SgUp4]:68947 [SgLow1]:67283 [SgLow2]:69102 [SgLow3]:69759 [SgLow4]:68919 [NetMuon1]:53834 [NetMuon2]:53797 [NetMuon3]:53820 [NetMuon4]:53918
[Run]:38878 [Site]:4 [Bin]:11752 [FullTime]:3599.99 [SkipTime]:0 [Veto1]:60.8007 [Veto2]:60.7903 [Veto3]:75.5828 [Veto4]:71.6342 [SgUp1]:67099 [SgUp2]:69086 [SgUp3]:69620 [SgUp4]:69613 [SgLow1]:67078 [SgLow2]:69049 [SgLow3]:69587 [SgLow4]:69586 [NetMuon1]:53817 [NetMuon2]:53817 [NetMuon3]:53583 [NetMuon4]:53650
[Run]:38878 [Site]:4 [Bin]:11753 [FullTime]:3600 [SkipTime]:0 [Veto1]:66.0576 [Veto2]:62.0785 [Veto3]:73.882 [Veto4]:70.9135 [SgUp1]:67019 [SgUp2]:69067 [SgUp3]:69432 [SgUp4]:68884 [SgLow1]:66991 [SgLow2]:69044 [SgLow3]:69399 [SgLow4]:68858 [NetMuon1]:54086 [NetMuon2]:54154 [NetMuon3]:53960 [NetMuon4]:54000
[Run]:38878 [Site]:4 [Bin]:11754 [FullTime]:3600 [SkipTime]:0 [Veto1]:61.173 [Veto2]:67.0365 [Veto3]:68.1818 [Veto4]:63.1114 [SgUp1]:67550 [SgUp2]:68888 [SgUp3]:69491 [SgUp4]:69378 [SgLow1]:67530 [SgLow2]:68850 [SgLow3]:69452 [SgLow4]:69345 [NetMuon1]:54185 [NetMuon2]:54115 [NetMuon3]:54100 [NetMuon4]:54168
[Run]:38878 [Site]:4 [Bin]:11755 [FullTime]:3600 [SkipTime]:0 [Veto1]:69.0034 [Veto2]:61.0793 [Veto3]:58.3212 [Veto4]:63.9603 [SgUp1]:67032 [SgUp2]:69462 [SgUp3]:69969 [SgUp4]:69086 [SgLow1]:66983 [SgLow2]:69426 [SgLow3]:69943 [SgLow4]:69053 [NetMuon1]:53985 [NetMuon2]:54135 [NetMuon3]:54185 [NetMuon4]:54062
[Run]:38878 [Site]:4 [Bin]:11756 [FullTime]:3600 [SkipTime]:0 [Veto1]:66.0925 [Veto2]:63.0732 [Veto3]:67.0415 [Veto4]:58.1525 [SgUp1]:67728 [SgUp2]:68933 [SgUp3]:69788 [SgUp4]:69247 [SgLow1]:67714 [SgLow2]:68914 [SgLow3]:69748 [SgLow4]:69220 [NetMuon1]:54169 [NetMuon2]:54176 [NetMuon3]:54130 [NetMuon4]:54272
[Run]:38878 [Site]:4 [Bin]:11757 [FullTime]:3600 [SkipTime]:0 [Veto1]:61.9409 [Veto2]:61.9395 [Veto3]:65.919 [Veto4]:69.8646 [SgUp1]:67498 [SgUp2]:69515 [SgUp3]:69699 [SgUp4]:68595 [SgLow1]:67472 [SgLow2]:69499 [SgLow3]:69667 [SgLow4]:68561 [NetMuon1]:54000 [NetMuon2]:54023 [NetMuon3]:53968 [NetMuon4]:53883
[Run]:38878 [Site]:4 [Bin]:11759 [FullTime]:3158.73 [SkipTime]:0 [Veto1]:57.3684 [Veto2]:57.3507 [Veto3]:59.3547 [Veto4]:58.4119 [SgUp1]:59242 [SgUp2]:60489 [SgUp3]:60924 [SgUp4]:60803 [SgLow1]:59210 [SgLow2]:60472 [SgLow3]:60900 [SgLow4]:60781 [NetMuon1]:47313 [NetMuon2]:47322 [NetMuon3]:47305 [NetMuon4]:47312
[Run]:38878 [Site]:4 [Bin]:11760 [FullTime]:3600 [SkipTime]:0 [Veto1]:64.7019 [Veto2]:67.6424 [Veto3]:69.5917 [Veto4]:57.7714 [SgUp1]:67766 [SgUp2]:68867 [SgUp3]:69010 [SgUp4]:69385 [SgLow1]:67746 [SgLow2]:68849 [SgLow3]:68965 [SgLow4]:69355 [NetMuon1]:53664 [NetMuon2]:53694 [NetMuon3]:53620 [NetMuon4]:53805
[Run]:38878 [Site]:4 [Bin]:11761 [FullTime]:3600 [SkipTime]:0 [Veto1]:66.1908 [Veto2]:64.0399 [Veto3]:71.6382 [Veto4]:68.9881 [SgUp1]:67700 [SgUp2]:69394 [SgUp3]:69034 [SgUp4]:69115 [SgLow1]:67662 [SgLow2]:69363 [SgLow3]:69008 [SgLow4]:69077 [NetMuon1]:54121 [NetMuon2]:54117 [NetMuon3]:54022 [NetMuon4]:54046
[Run]:38878 [Site]:4 [Bin]:11762 [FullTime]:3600 [SkipTime]:0 [Veto1]:73.0589 [Veto2]:69.0634 [Veto3]:64.073 [Veto4]:66.072 [SgUp1]:67785 [SgUp2]:68755 [SgUp3]:69374 [SgUp4]:69013 [SgLow1]:67758 [SgLow2]:68736 [SgLow3]:69344 [SgLow4]:68983 [NetMuon1]:54089 [NetMuon2]:54136 [NetMuon3]:54196 [NetMuon4]:54212
[Run]:38878 [Site]:4 [Bin]:11763 [FullTime]:3600 [SkipTime]:0 [Veto1]:57.2102 [Veto2]:66.0735 [Veto3]:65.0819 [Veto4]:60.1827 [SgUp1]:67827 [SgUp2]:68844 [SgUp3]:68853 [SgUp4]:69534 [SgLow1]:67794 [SgLow2]:68811 [SgLow3]:68815 [SgLow4]:69513 [NetMuon1]:54299 [NetMuon2]:54168 [NetMuon3]:54161 [NetMuon4]:54277
[Run]:38878 [Site]:4 [Bin]:11764 [FullTime]:3600 [SkipTime]:0 [Veto1]:64.0408 [Veto2]:64.9683 [Veto3]:67.9518 [Veto4]:65.9302 [SgUp1]:68051 [SgUp2]:69201 [SgUp3]:69576 [SgUp4]:69101 [SgLow1]:68023 [SgLow2]:69165 [SgLow3]:69546 [SgLow4]:69073 [NetMuon1]:54083 [NetMuon2]:54064 [NetMuon3]:54010 [NetMuon4]:54035
[Run]:38878 [Site]:4 [Bin]:11765 [FullTime]:3600 [SkipTime]:0 [Veto1]:74.2423 [Veto2]:70.2593 [Veto3]:62.334 [Veto4]:72.2434 [SgUp1]:68111 [SgUp2]:68685 [SgUp3]:69166 [SgUp4]:68432 [SgLow1]:68079 [SgLow2]:68630 [SgLow3]:69141 [SgLow4]:68406 [NetMuon1]:54323 [NetMuon2]:54370 [NetMuon3]:54512 [NetMuon4]:54381
[Run]:38878 [Site]:4 [Bin]:11766 [FullTime]:3600 [SkipTime]:0 [Veto1]:63.1332 [Veto2]:63.0323 [Veto3]:65.9897 [Veto4]:62.0455 [SgUp1]:68433 [SgUp2]:68348 [SgUp3]:68739 [SgUp4]:69434 [SgLow1]:68410 [SgLow2]:68307 [SgLow3]:68712 [SgLow4]:69395 [NetMuon1]:54159 [NetMuon2]:54133 [NetMuon3]:54096 [NetMuon4]:54150
[Run]:38878 [Site]:4 [Bin]:11767 [FullTime]:3600 [SkipTime]:0 [Veto1]:63.5021 [Veto2]:67.4341 [Veto3]:64.4719 [Veto4]:63.4962 [SgUp1]:67454 [SgUp2]:68961 [SgUp3]:68845 [SgUp4]:69513 [SgLow1]:67435 [SgLow2]:68941 [SgLow3]:68816 [SgLow4]:69478 [NetMuon1]:54627 [NetMuon2]:54574 [NetMuon3]:54600 [NetMuon4]:54623
[Run]:38878 [Site]:4 [Bin]:11768 [FullTime]:3600 [SkipTime]:0 [Veto1]:63.6379 [Veto2]:72.0265 [Veto3]:65.1385 [Veto4]:63.187 [SgUp1]:68120 [SgUp2]:68699 [SgUp3]:68996 [SgUp4]:69909 [SgLow1]:68085 [SgLow2]:68663 [SgLow3]:68949 [SgLow4]:69865 [NetMuon1]:54258 [NetMuon2]:54113 [NetMuon3]:54223 [NetMuon4]:54261
[Run]:38878 [Site]:4 [Bin]:11769 [FullTime]:3600 [SkipTime]:0 [Veto1]:59.9565 [Veto2]:71.79 [Veto3]:69.8241 [Veto4]:61.9739 [SgUp1]:68117 [SgUp2]:69195 [SgUp3]:69333 [SgUp4]:69924 [SgLow1]:68096 [SgLow2]:69157 [SgLow3]:69319 [SgLow4]:69900 [NetMuon1]:54007 [NetMuon2]:53808 [NetMuon3]:53861 [NetMuon4]:54008
[Run]:38878 [Site]:4 [Bin]:11770 [FullTime]:3600 [SkipTime]:0 [Veto1]:63.9299 [Veto2]:64.8966 [Veto3]:64.8971 [Veto4]:70.8116 [SgUp1]:67611 [SgUp2]:69910 [SgUp3]:69380 [SgUp4]:69093 [SgLow1]:67589 [SgLow2]:69885 [SgLow3]:69340 [SgLow4]:69066 [NetMuon1]:53959 [NetMuon2]:53918 [NetMuon3]:53931 [NetMuon4]:53848
[Run]:38878 [Site]:4 [Bin]:11771 [FullTime]:3600 [SkipTime]:0 [Veto1]:62.7791 [Veto2]:69.698 [Veto3]:66.6862 [Veto4]:58.7658 [SgUp1]:67161 [SgUp2]:69175 [SgUp3]:68941 [SgUp4]:69836 [SgLow1]:67146 [SgLow2]:69133 [SgLow3]:68904 [SgLow4]:69810 [NetMuon1]:53778 [NetMuon2]:53677 [NetMuon3]:53712 [NetMuon4]:53829
[Run]:38878 [Site]:4 [Bin]:11772 [FullTime]:3600.01 [SkipTime]:0 [Veto1]:62.4645 [Veto2]:66.3297 [Veto3]:60.4324 [Veto4]:74.2099 [SgUp1]:67975 [SgUp2]:69296 [SgUp3]:68672 [SgUp4]:69065 [SgLow1]:67946 [SgLow2]:69277 [SgLow3]:68643 [SgLow4]:69026 [NetMuon1]:54552 [NetMuon2]:54490 [NetMuon3]:54592 [NetMuon4]:54389
[Run]:38878 [Site]:4 [Bin]:11773 [FullTime]:3599.99 [SkipTime]:0 [Veto1]:64.2057 [Veto2]:65.2228 [Veto3]:59.2786 [Veto4]:64.2085 [SgUp1]:67891 [SgUp2]:68616 [SgUp3]:69722 [SgUp4]:70007 [SgLow1]:67857 [SgLow2]:68593 [SgLow3]:69693 [SgLow4]:69982 [NetMuon1]:54312 [NetMuon2]:54308 [NetMuon3]:54407 [NetMuon4]:54318
[Run]:38878 [Site]:4 [Bin]:11774 [FullTime]:3600 [SkipTime]:0 [Veto1]:65.2408 [Veto2]:60.2682 [Veto3]:74.1186 [Veto4]:72.1375 [SgUp1]:67921 [SgUp2]:69215 [SgUp3]:68935 [SgUp4]:69588 [SgLow1]:67891 [SgLow2]:69180 [SgLow3]:68892 [SgLow4]:69550 [NetMuon1]:54364 [NetMuon2]:54410 [NetMuon3]:54233 [NetMuon4]:54236
[Run]:38878 [Site]:4 [Bin]:11775 [FullTime]:3600 [SkipTime]:0 [Veto1]:65.1179 [Veto2]:66.0689 [Veto3]:65.1053 [Veto4]:59.1652 [SgUp1]:67897 [SgUp2]:68744 [SgUp3]:69542 [SgUp4]:69797 [SgLow1]:67868 [SgLow2]:68716 [SgLow3]:69513 [SgLow4]:69773 [NetMuon1]:54176 [NetMuon2]:54160 [NetMuon3]:54183 [NetMuon4]:54262
[Run]:38878 [Site]:4 [Bin]:11776 [FullTime]:3600 [SkipTime]:0 [Veto1]:64.2166 [Veto2]:64.1616 [Veto3]:74.0461 [Veto4]:68.1321 [SgUp1]:67600 [SgUp2]:69026 [SgUp3]:69023 [SgUp4]:69880 [SgLow1]:67575 [SgLow2]:69000 [SgLow3]:68984 [SgLow4]:69851 [NetMuon1]:54259 [NetMuon2]:54288 [NetMuon3]:54181 [NetMuon4]:54246
[Run]:38878 [Site]:4 [Bin]:11777 [FullTime]:3600 [SkipTime]:0 [Veto1]:63.2008 [Veto2]:75.0167 [Veto3]:67.0574 [Veto4]:64.0733 [SgUp1]:67760 [SgUp2]:68722 [SgUp3]:69608 [SgUp4]:69040 [SgLow1]:67738 [SgLow2]:68693 [SgLow3]:69572 [SgLow4]:68999 [NetMuon1]:54254 [NetMuon2]:54100 [NetMuon3]:54210 [NetMuon4]:54256
[Run]:38878 [Site]:4 [Bin]:11778 [FullTime]:3600 [SkipTime]:0 [Veto1]:63.636 [Veto2]:65.7432 [Veto3]:67.5244 [Veto4]:58.6429 [SgUp1]:68096 [SgUp2]:69299 [SgUp3]:69460 [SgUp4]:69915 [SgLow1]:68068 [SgLow2]:69274 [SgLow3]:69427 [SgLow4]:69879 [NetMuon1]:54813 [NetMuon2]:54752 [NetMuon3]:54748 [NetMuon4]:54884
[Run]:38878 [Site]:4 [Bin]:11779 [FullTime]:3600 [SkipTime]:0 [Veto1]:59.383 [Veto2]:68.2232 [Veto3]:65.2557 [Veto4]:60.3165 [SgUp1]:67558 [SgUp2]:69022 [SgUp3]:69453 [SgUp4]:69441 [SgLow1]:67524 [SgLow2]:69002 [SgLow3]:69425 [SgLow4]:69391 [NetMuon1]:54521 [NetMuon2]:54373 [NetMuon3]:54419 [NetMuon4]:54478
[Run]:38878 [Site]:4 [Bin]:11780 [FullTime]:3600 [SkipTime]:0 [Veto1]:58.3649 [Veto2]:67.2612 [Veto3]:69.1958 [Veto4]:75.6359 [SgUp1]:68062 [SgUp2]:68792 [SgUp3]:69461 [SgUp4]:68955 [SgLow1]:68032 [SgLow2]:68768 [SgLow3]:69433 [SgLow4]:68931 [NetMuon1]:54493 [NetMuon2]:54382 [NetMuon3]:54340 [NetMuon4]:54188
[Run]:38878 [Site]:4 [Bin]:11781 [FullTime]:3600 [SkipTime]:0 [Veto1]:67.0349 [Veto2]:66.0292 [Veto3]:70.9486 [Veto4]:66.0083 [SgUp1]:67415 [SgUp2]:69241 [SgUp3]:68984 [SgUp4]:69713 [SgLow1]:67396 [SgLow2]:69219 [SgLow3]:68958 [SgLow4]:69680 [NetMuon1]:54056 [NetMuon2]:54099 [NetMuon3]:53995 [NetMuon4]:54082
[Run]:38878 [Site]:4 [Bin]:11782 [FullTime]:3600 [SkipTime]:0 [Veto1]:68.6471 [Veto2]:66.6219 [Veto3]:61.682 [Veto4]:64.6522 [SgUp1]:68156 [SgUp2]:69356 [SgUp3]:69089 [SgUp4]:69596 [SgLow1]:68127 [SgLow2]:69329 [SgLow3]:69068 [SgLow4]:69566 [NetMuon1]:53593 [NetMuon2]:53595 [NetMuon3]:53728 [NetMuon4]:53663
[Run]:38878 [Site]:4 [Bin]:11783 [FullTime]:3600 [SkipTime]:0 [Veto1]:65.8513 [Veto2]:63.7569 [Veto3]:64.8089 [Veto4]:67.8078 [SgUp1]:67617 [SgUp2]:68884 [SgUp3]:69948 [SgUp4]:69546 [SgLow1]:67574 [SgLow2]:68859 [SgLow3]:69913 [SgLow4]:69520 [NetMuon1]:53874 [NetMuon2]:53916 [NetMuon3]:53875 [NetMuon4]:53823
[Run]:38878 [Site]:4 [Bin]:11784 [FullTime]:3600 [SkipTime]:0 [Veto1]:62.9013 [Veto2]:66.7659 [Veto3]:58.9306 [Veto4]:70.7411 [SgUp1]:68364 [SgUp2]:69041 [SgUp3]:69203 [SgUp4]:69139 [SgLow1]:68336 [SgLow2]:69006 [SgLow3]:69179 [SgLow4]:69112 [NetMuon1]:53907 [NetMuon2]:53823 [NetMuon3]:53958 [NetMuon4]:53756
[Run]:38878 [Site]:4 [Bin]:11786 [FullTime]:3137.62 [SkipTime]:0 [Veto1]:57.0299 [Veto2]:62.9348 [Veto3]:54.0646 [Veto4]:52.0325 [SgUp1]:59753 [SgUp2]:59861 [SgUp3]:60065 [SgUp4]:60299 [SgLow1]:59738 [SgLow2]:59832 [SgLow3]:60045 [SgLow4]:60275 [NetMuon1]:46879 [NetMuon2]:46764 [NetMuon3]:46926 [NetMuon4]:46942
[Run]:38878 [Site]:4 [Bin]:11787 [FullTime]:3600 [SkipTime]:0 [Veto1]:71.4185 [Veto2]:64.1633 [Veto3]:56.2741 [Veto4]:72.0512 [SgUp1]:67521 [SgUp2]:69041 [SgUp3]:69191 [SgUp4]:69438 [SgLow1]:67493 [SgLow2]:69022 [SgLow3]:69167 [SgLow4]:69399 [NetMuon1]:54145 [NetMuon2]:54267 [NetMuon3]:54397 [NetMuon4]:54172
[Run]:38878 [Site]:4 [Bin]:11788 [FullTime]:3600 [SkipTime]:0 [Veto1]:61.8473 [Veto2]:63.8668 [Veto3]:67.8049 [Veto4]:57.2759 [SgUp1]:67808 [SgUp2]:69245 [SgUp3]:69361 [SgUp4]:69882 [SgLow1]:67776 [SgLow2]:69215 [SgLow3]:69339 [SgLow4]:69855 [NetMuon1]:53904 [NetMuon2]:53871 [NetMuon3]:53823 [NetMuon4]:53980
[Run]:38878 [Site]:4 [Bin]:11789 [FullTime]:3600 [SkipTime]:0 [Veto1]:60.1867 [Veto2]:62.6254 [Veto3]:64.091 [Veto4]:69.0578 [SgUp1]:67623 [SgUp2]:69363 [SgUp3]:69253 [SgUp4]:69647 [SgLow1]:67593 [SgLow2]:69338 [SgLow3]:69218 [SgLow4]:69629 [NetMuon1]:54298 [NetMuon2]:54275 [NetMuon3]:54236 [NetMuon4]:54164
[Run]:38878 [Site]:4 [Bin]:11790 [FullTime]:3600 [SkipTime]:0 [Veto1]:64.4357 [Veto2]:66.3921 [Veto3]:66.3783 [Veto4]:65.417 [SgUp1]:67625 [SgUp2]:69196 [SgUp3]:69163 [SgUp4]:69617 [SgLow1]:67595 [SgLow2]:69174 [SgLow3]:69132 [SgLow4]:69595 [NetMuon1]:54561 [NetMuon2]:54537 [NetMuon3]:54556 [NetMuon4]:54559
[Run]:38878 [Site]:4 [Bin]:11791 [FullTime]:3600 [SkipTime]:0 [Veto1]:62.2161 [Veto2]:70.099 [Veto3]:65.1174 [Veto4]:61.0125 [SgUp1]:68070 [SgUp2]:68775 [SgUp3]:69797 [SgUp4]:69896 [SgLow1]:68041 [SgLow2]:68738 [SgLow3]:69775 [SgLow4]:69865 [NetMuon1]:54260 [NetMuon2]:54160 [NetMuon3]:54218 [NetMuon4]:54321
[Run]:38878 [Site]:4 [Bin]:11792 [FullTime]:3600 [SkipTime]:0 [Veto1]:60.5064 [Veto2]:66.3954 [Veto3]:63.3992 [Veto4]:75.2368 [SgUp1]:68666 [SgUp2]:69232 [SgUp3]:70524 [SgUp4]:69439 [SgLow1]:68632 [SgLow2]:69201 [SgLow3]:70500 [SgLow4]:69426 [NetMuon1]:54628 [NetMuon2]:54561 [NetMuon3]:54577 [NetMuon4]:54366
[Run]:38878 [Site]:4 [Bin]:11793 [FullTime]:3600 [SkipTime]:0 [Veto1]:63.144 [Veto2]:67.0457 [Veto3]:67.9727 [Veto4]:64.0996 [SgUp1]:67918 [SgUp2]:68058 [SgUp3]:70198 [SgUp4]:69682 [SgLow1]:67894 [SgLow2]:68039 [SgLow3]:70169 [SgLow4]:69665 [NetMuon1]:54195 [NetMuon2]:54112 [NetMuon3]:54101 [NetMuon4]:54196
[Run]:38878 [Site]:4 [Bin]:11794 [FullTime]:3600 [SkipTime]:0 [Veto1]:77.1312 [Veto2]:60.3005 [Veto3]:75.1102 [Veto4]:67.8284 [SgUp1]:67627 [SgUp2]:69125 [SgUp3]:69783 [SgUp4]:69554 [SgLow1]:67590 [SgLow2]:69099 [SgLow3]:69770 [SgLow4]:69517 [NetMuon1]:54168 [NetMuon2]:54419 [NetMuon3]:54209 [NetMuon4]:54308
[Run]:38878 [Site]:4 [Bin]:11795 [FullTime]:3600 [SkipTime]:0 [Veto1]:56.4301 [Veto2]:63.3645 [Veto3]:66.2329 [Veto4]:64.345 [SgUp1]:67919 [SgUp2]:68917 [SgUp3]:70027 [SgUp4]:69605 [SgLow1]:67886 [SgLow2]:68888 [SgLow3]:69993 [SgLow4]:69587 [NetMuon1]:54572 [NetMuon2]:54473 [NetMuon3]:54430 [NetMuon4]:54490
[Run]:38878 [Site]:4 [Bin]:11796 [FullTime]:3600 [SkipTime]:0 [Veto1]:61.1111 [Veto2]:60.0916 [Veto3]:66.9337 [Veto4]:64.0164 [SgUp1]:68403 [SgUp2]:68591 [SgUp3]:69831 [SgUp4]:69848 [SgLow1]:68381 [SgLow2]:68568 [SgLow3]:69791 [SgLow4]:69818 [NetMuon1]:54170 [NetMuon2]:54160 [NetMuon3]:54055 [NetMuon4]:54101
[Run]:38878 [Site]:4 [Bin]:11797 [FullTime]:3600 [SkipTime]:0 [Veto1]:62.1011 [Veto2]:65.0826 [Veto3]:69.9857 [Veto4]:51.2542 [SgUp1]:68199 [SgUp2]:68902 [SgUp3]:69532 [SgUp4]:69751 [SgLow1]:68169 [SgLow2]:68867 [SgLow3]:69501 [SgLow4]:69714 [NetMuon1]:54217 [NetMuon2]:54169 [NetMuon3]:54111 [NetMuon4]:54380
[Run]:38878 [Site]:4 [Bin]:11798 [FullTime]:3600 [SkipTime]:0 [Veto1]:63.1069 [Veto2]:67.9562 [Veto3]:63.0348 [Veto4]:62.0906 [SgUp1]:67773 [SgUp2]:68823 [SgUp3]:69897 [SgUp4]:69573 [SgLow1]:67747 [SgLow2]:68798 [SgLow3]:69878 [SgLow4]:69550 [NetMuon1]:54148 [NetMuon2]:54059 [NetMuon3]:54130 [NetMuon4]:54175
[Run]:38878 [Site]:4 [Bin]:11799 [FullTime]:3600 [SkipTime]:0 [Veto1]:66.5008 [Veto2]:57.5176 [Veto3]:62.4919 [Veto4]:74.8663 [SgUp1]:68446 [SgUp2]:68995 [SgUp3]:69990 [SgUp4]:69614 [SgLow1]:68415 [SgLow2]:68969 [SgLow3]:69961 [SgLow4]:69571 [NetMuon1]:53395 [NetMuon2]:53518 [NetMuon3]:53455 [NetMuon4]:53259
[Run]:38878 [Site]:4 [Bin]:11800 [FullTime]:3600 [SkipTime]:0 [Veto1]:62.8579 [Veto2]:63.8207 [Veto3]:71.6855 [Veto4]:71.0845 [SgUp1]:68099 [SgUp2]:68891 [SgUp3]:70138 [SgUp4]:69591 [SgLow1]:68074 [SgLow2]:68861 [SgLow3]:70126 [SgLow4]:69562 [NetMuon1]:53879 [NetMuon2]:53848 [NetMuon3]:53729 [NetMuon4]:53745
[Run]:38878 [Site]:4 [Bin]:11801 [FullTime]:3600 [SkipTime]:0 [Veto1]:75.0786 [Veto2]:68.1634 [Veto3]:72.0769 [Veto4]:59.3162 [SgUp1]:67828 [SgUp2]:68778 [SgUp3]:69576 [SgUp4]:69029 [SgLow1]:67786 [SgLow2]:68742 [SgLow3]:69542 [SgLow4]:68995 [NetMuon1]:54173 [NetMuon2]:54259 [NetMuon3]:54210 [NetMuon4]:54423
[Run]:38878 [Site]:4 [Bin]:11802 [FullTime]:3600 [SkipTime]:0 [Veto1]:70.6296 [Veto2]:67.2616 [Veto3]:59.7652 [Veto4]:71.5619 [SgUp1]:67863 [SgUp2]:69378 [SgUp3]:69724 [SgUp4]:69118 [SgLow1]:67836 [SgLow2]:69335 [SgLow3]:69694 [SgLow4]:69092 [NetMuon1]:53577 [NetMuon2]:53592 [NetMuon3]:53770 [NetMuon4]:53546
[Run]:38878 [Site]:4 [Bin]:11803 [FullTime]:3600 [SkipTime]:0 [Veto1]:62.8785 [Veto2]:61.8279 [Veto3]:71.6433 [Veto4]:58.8996 [SgUp1]:68006 [SgUp2]:68621 [SgUp3]:69177 [SgUp4]:69586 [SgLow1]:67982 [SgLow2]:68602 [SgLow3]:69162 [SgLow4]:69575 [NetMuon1]:53861 [NetMuon2]:53874 [NetMuon3]:53699 [NetMuon4]:53931
[Run]:38878 [Site]:4 [Bin]:11804 [FullTime]:3600 [SkipTime]:0 [Veto1]:61.6798 [Veto2]:56.7524 [Veto3]:68.5868 [Veto4]:73.5263 [SgUp1]:68004 [SgUp2]:69019 [SgUp3]:69468 [SgUp4]:69249 [SgLow1]:67990 [SgLow2]:68986 [SgLow3]:69436 [SgLow4]:69211 [NetMuon1]:53657 [NetMuon2]:53790 [NetMuon3]:53584 [NetMuon4]:53510
[Run]:38878 [Site]:4 [Bin]:11805 [FullTime]:3600 [SkipTime]:0 [Veto1]:73.6987 [Veto2]:63.8089 [Veto3]:60.8642 [Veto4]:60.8659 [SgUp1]:67307 [SgUp2]:69073 [SgUp3]:69543 [SgUp4]:69542 [SgLow1]:67270 [SgLow2]:69051 [SgLow3]:69514 [SgLow4]:69518 [NetMuon1]:53729 [NetMuon2]:53880 [NetMuon3]:53929 [NetMuon4]:53907
[Run]:38878 [Site]:4 [Bin]:11806 [FullTime]:3600 [SkipTime]:0 [Veto1]:68.9378 [Veto2]:62.9854 [Veto3]:64.9978 [Veto4]:69.9096 [SgUp1]:67591 [SgUp2]:69397 [SgUp3]:69508 [SgUp4]:69227 [SgLow1]:67551 [SgLow2]:69365 [SgLow3]:69477 [SgLow4]:69207 [NetMuon1]:53996 [NetMuon2]:54095 [NetMuon3]:54092 [NetMuon4]:53973
[Run]:38878 [Site]:4 [Bin]:11807 [FullTime]:3600 [SkipTime]:0 [Veto1]:70.9441 [Veto2]:72.8524 [Veto3]:68.8908 [Veto4]:61.0053 [SgUp1]:67000 [SgUp2]:68687 [SgUp3]:69160 [SgUp4]:69249 [SgLow1]:66973 [SgLow2]:68660 [SgLow3]:69134 [SgLow4]:69219 [NetMuon1]:53960 [NetMuon2]:53882 [NetMuon3]:53985 [NetMuon4]:54073
End process Run: 38878 ... 
[Run]:38878 [Site]:4 [Bin]:11808 [FullTime]:2097.99 [SkipTime]:0 [Veto1]:42.3152 [Veto2]:34.1886 [Veto3]:48.2467 [Veto4]:39.3207
