StreamChain add 0x120125a0
Start to process run: 39792 ... 
[Run]:39792 [Site]:4 [Bin]:12962 [FullTime]:3582.82 [SkipTime]:0 [Veto1]:66.1207 [Veto2]:73.2378 [Veto3]:69.2969 [Veto4]:58.468 [SgUp1]:67436 [SgUp2]:69527 [SgUp3]:69017 [SgUp4]:68897 [SgLow1]:67412 [SgLow2]:69481 [SgLow3]:68974 [SgLow4]:68873 [NetMuon1]:54508 [NetMuon2]:54391 [NetMuon3]:54448 [NetMuon4]:54655
[Run]:39792 [Site]:4 [Bin]:12963 [FullTime]:3600 [SkipTime]:0 [Veto1]:60.7141 [Veto2]:59.7042 [Veto3]:64.6011 [Veto4]:61.6315 [SgUp1]:67600 [SgUp2]:69866 [SgUp3]:69296 [SgUp4]:68605 [SgLow1]:67559 [SgLow2]:69837 [SgLow3]:69255 [SgLow4]:68579 [NetMuon1]:54903 [NetMuon2]:54915 [NetMuon3]:54830 [NetMuon4]:54865
[Run]:39792 [Site]:4 [Bin]:12964 [FullTime]:3600 [SkipTime]:0 [Veto1]:56.7172 [Veto2]:63.6506 [Veto3]:65.5438 [Veto4]:71.5321 [SgUp1]:67686 [SgUp2]:69526 [SgUp3]:69090 [SgUp4]:68997 [SgLow1]:67668 [SgLow2]:69502 [SgLow3]:69053 [SgLow4]:68957 [NetMuon1]:54942 [NetMuon2]:54844 [NetMuon3]:54811 [NetMuon4]:54707
[Run]:39792 [Site]:4 [Bin]:12965 [FullTime]:3600 [SkipTime]:0 [Veto1]:65.919 [Veto2]:69.8379 [Veto3]:68.8101 [Veto4]:67.8585 [SgUp1]:67813 [SgUp2]:69507 [SgUp3]:69685 [SgUp4]:69233 [SgLow1]:67766 [SgLow2]:69470 [SgLow3]:69658 [SgLow4]:69204 [NetMuon1]:55120 [NetMuon2]:55088 [NetMuon3]:55028 [NetMuon4]:55080
[Run]:39792 [Site]:4 [Bin]:12966 [FullTime]:3600 [SkipTime]:0 [Veto1]:69.4834 [Veto2]:64.5479 [Veto3]:74.3295 [Veto4]:62.5721 [SgUp1]:67914 [SgUp2]:69651 [SgUp3]:69566 [SgUp4]:68747 [SgLow1]:67894 [SgLow2]:69620 [SgLow3]:69538 [SgLow4]:68720 [NetMuon1]:54716 [NetMuon2]:54771 [NetMuon3]:54632 [NetMuon4]:54813
[Run]:39792 [Site]:4 [Bin]:12967 [FullTime]:3600 [SkipTime]:0 [Veto1]:63.8486 [Veto2]:70.6579 [Veto3]:65.8676 [Veto4]:61.9947 [SgUp1]:67668 [SgUp2]:68854 [SgUp3]:70022 [SgUp4]:69013 [SgLow1]:67647 [SgLow2]:68798 [SgLow3]:69981 [SgLow4]:68970 [NetMuon1]:55099 [NetMuon2]:55031 [NetMuon3]:55085 [NetMuon4]:55144
[Run]:39792 [Site]:4 [Bin]:12972 [FullTime]:142.28 [SkipTime]:0 [Veto1]:2.78555 [Veto2]:1.80776 [Veto3]:1.80206 [Veto4]:2.78352 [SgUp1]:2628 [SgUp2]:2727 [SgUp3]:2711 [SgUp4]:2784 [SgLow1]:2628 [SgLow2]:2727 [SgLow3]:2711 [SgLow4]:2784 [NetMuon1]:2137 [NetMuon2]:2160 [NetMuon3]:2160 [NetMuon4]:2142
[Run]:39792 [Site]:4 [Bin]:12973 [FullTime]:3600 [SkipTime]:0 [Veto1]:59.0814 [Veto2]:67.938 [Veto3]:67.9412 [Veto4]:67.9264 [SgUp1]:68070 [SgUp2]:68651 [SgUp3]:69715 [SgUp4]:68947 [SgLow1]:68039 [SgLow2]:68628 [SgLow3]:69679 [SgLow4]:68922 [NetMuon1]:55408 [NetMuon2]:55264 [NetMuon3]:55244 [NetMuon4]:55278
[Run]:39792 [Site]:4 [Bin]:12974 [FullTime]:3600 [SkipTime]:0 [Veto1]:69.1775 [Veto2]:68.5401 [Veto3]:71.0378 [Veto4]:59.6772 [SgUp1]:67777 [SgUp2]:68901 [SgUp3]:69692 [SgUp4]:69341 [SgLow1]:67720 [SgLow2]:68863 [SgLow3]:69672 [SgLow4]:69309 [NetMuon1]:55432 [NetMuon2]:55397 [NetMuon3]:55357 [NetMuon4]:55551
[Run]:39792 [Site]:4 [Bin]:12975 [FullTime]:2301.58 [SkipTime]:1298.42 [Veto1]:42.3946 [Veto2]:39.4409 [Veto3]:46.3376 [Veto4]:42.4301 [SgUp1]:43238 [SgUp2]:44767 [SgUp3]:44555 [SgUp4]:44251 [SgLow1]:43213 [SgLow2]:44748 [SgLow3]:44537 [SgLow4]:44241 [NetMuon1]:35345 [NetMuon2]:35373 [NetMuon3]:35286 [NetMuon4]:35368
[Run]:39792 [Site]:4 [Bin]:12976 [FullTime]:3600 [SkipTime]:0 [Veto1]:65.8169 [Veto2]:61.9489 [Veto3]:66.6895 [Veto4]:60.1094 [SgUp1]:68255 [SgUp2]:69275 [SgUp3]:70002 [SgUp4]:69003 [SgLow1]:68208 [SgLow2]:69254 [SgLow3]:69962 [SgLow4]:68972 [NetMuon1]:55013 [NetMuon2]:55046 [NetMuon3]:54975 [NetMuon4]:55084
[Run]:39792 [Site]:4 [Bin]:12977 [FullTime]:3600 [SkipTime]:0 [Veto1]:64.8468 [Veto2]:68.7914 [Veto3]:66.8168 [Veto4]:66.1455 [SgUp1]:67900 [SgUp2]:68554 [SgUp3]:69531 [SgUp4]:68849 [SgLow1]:67861 [SgLow2]:68520 [SgLow3]:69503 [SgLow4]:68827 [NetMuon1]:55139 [NetMuon2]:55041 [NetMuon3]:55100 [NetMuon4]:55102
[Run]:39792 [Site]:4 [Bin]:12978 [FullTime]:3600 [SkipTime]:0 [Veto1]:67.0484 [Veto2]:76.9163 [Veto3]:63.1048 [Veto4]:65.0317 [SgUp1]:68511 [SgUp2]:68739 [SgUp3]:69857 [SgUp4]:69625 [SgLow1]:68477 [SgLow2]:68703 [SgLow3]:69834 [SgLow4]:69603 [NetMuon1]:55330 [NetMuon2]:55205 [NetMuon3]:55398 [NetMuon4]:55367
[Run]:39792 [Site]:4 [Bin]:12979 [FullTime]:3600 [SkipTime]:0 [Veto1]:70.6734 [Veto2]:68.6776 [Veto3]:70.6505 [Veto4]:68.2081 [SgUp1]:68010 [SgUp2]:68478 [SgUp3]:69983 [SgUp4]:69050 [SgLow1]:67978 [SgLow2]:68455 [SgLow3]:69945 [SgLow4]:69034 [NetMuon1]:54892 [NetMuon2]:54904 [NetMuon3]:54901 [NetMuon4]:54904
[Run]:39792 [Site]:4 [Bin]:12980 [FullTime]:3600 [SkipTime]:0 [Veto1]:69.4403 [Veto2]:69.4403 [Veto3]:73.3645 [Veto4]:73.448 [SgUp1]:68149 [SgUp2]:69146 [SgUp3]:69545 [SgUp4]:68913 [SgLow1]:68122 [SgLow2]:69124 [SgLow3]:69518 [SgLow4]:68875 [NetMuon1]:54587 [NetMuon2]:54621 [NetMuon3]:54569 [NetMuon4]:54562
[Run]:39792 [Site]:4 [Bin]:12981 [FullTime]:3600 [SkipTime]:0 [Veto1]:61.5465 [Veto2]:65.4241 [Veto3]:69.3681 [Veto4]:67.4348 [SgUp1]:67982 [SgUp2]:69158 [SgUp3]:69681 [SgUp4]:69196 [SgLow1]:67941 [SgLow2]:69122 [SgLow3]:69657 [SgLow4]:69176 [NetMuon1]:54707 [NetMuon2]:54618 [NetMuon3]:54572 [NetMuon4]:54597
[Run]:39792 [Site]:4 [Bin]:12982 [FullTime]:3600 [SkipTime]:0 [Veto1]:61.5559 [Veto2]:69.4199 [Veto3]:70.2752 [Veto4]:72.3406 [SgUp1]:67728 [SgUp2]:69299 [SgUp3]:69605 [SgUp4]:69353 [SgLow1]:67710 [SgLow2]:69270 [SgLow3]:69575 [SgLow4]:69343 [NetMuon1]:54657 [NetMuon2]:54568 [NetMuon3]:54510 [NetMuon4]:54494
[Run]:39792 [Site]:4 [Bin]:12983 [FullTime]:3600 [SkipTime]:0 [Veto1]:69.5287 [Veto2]:57.6544 [Veto3]:72.423 [Veto4]:67.5591 [SgUp1]:67451 [SgUp2]:69434 [SgUp3]:69017 [SgUp4]:69085 [SgLow1]:67423 [SgLow2]:69400 [SgLow3]:69003 [SgLow4]:69048 [NetMuon1]:54659 [NetMuon2]:54849 [NetMuon3]:54603 [NetMuon4]:54741
[Run]:39792 [Site]:4 [Bin]:12984 [FullTime]:2294.83 [SkipTime]:1305.17 [Veto1]:35.2546 [Veto2]:40.1663 [Veto3]:42.1286 [Veto4]:42.135 [SgUp1]:43079 [SgUp2]:44118 [SgUp3]:44420 [SgUp4]:43762 [SgLow1]:43065 [SgLow2]:44107 [SgLow3]:44403 [SgLow4]:43754 [NetMuon1]:35137 [NetMuon2]:35069 [NetMuon3]:35042 [NetMuon4]:35018
[Run]:39792 [Site]:4 [Bin]:12985 [FullTime]:3600 [SkipTime]:0 [Veto1]:62.5132 [Veto2]:67.8973 [Veto3]:62.492 [Veto4]:70.4171 [SgUp1]:67862 [SgUp2]:68716 [SgUp3]:70060 [SgUp4]:69060 [SgLow1]:67821 [SgLow2]:68686 [SgLow3]:70035 [SgLow4]:69032 [NetMuon1]:54662 [NetMuon2]:54567 [NetMuon3]:54675 [NetMuon4]:54559
[Run]:39792 [Site]:4 [Bin]:12986 [FullTime]:3600 [SkipTime]:0 [Veto1]:65.4247 [Veto2]:68.3523 [Veto3]:65.3193 [Veto4]:65.4231 [SgUp1]:67940 [SgUp2]:69100 [SgUp3]:69756 [SgUp4]:68572 [SgLow1]:67885 [SgLow2]:69059 [SgLow3]:69732 [SgLow4]:68551 [NetMuon1]:54556 [NetMuon2]:54513 [NetMuon3]:54523 [NetMuon4]:54575
[Run]:39792 [Site]:4 [Bin]:12987 [FullTime]:3600 [SkipTime]:0 [Veto1]:72.8648 [Veto2]:67.8915 [Veto3]:70.9292 [Veto4]:68.9167 [SgUp1]:67418 [SgUp2]:68871 [SgUp3]:69686 [SgUp4]:69053 [SgLow1]:67395 [SgLow2]:68836 [SgLow3]:69648 [SgLow4]:69021 [NetMuon1]:55091 [NetMuon2]:55195 [NetMuon3]:55168 [NetMuon4]:55165
[Run]:39792 [Site]:4 [Bin]:12988 [FullTime]:3600 [SkipTime]:0 [Veto1]:69.5212 [Veto2]:73.4548 [Veto3]:72.4473 [Veto4]:66.5107 [SgUp1]:67275 [SgUp2]:69285 [SgUp3]:69263 [SgUp4]:69324 [SgLow1]:67250 [SgLow2]:69248 [SgLow3]:69222 [SgLow4]:69306 [NetMuon1]:54668 [NetMuon2]:54582 [NetMuon3]:54609 [NetMuon4]:54698
[Run]:39792 [Site]:4 [Bin]:12989 [FullTime]:3600 [SkipTime]:0 [Veto1]:64.8213 [Veto2]:67.7951 [Veto3]:72.5889 [Veto4]:67.7203 [SgUp1]:67755 [SgUp2]:69827 [SgUp3]:69005 [SgUp4]:68860 [SgLow1]:67725 [SgLow2]:69806 [SgLow3]:68970 [SgLow4]:68811 [NetMuon1]:55010 [NetMuon2]:54943 [NetMuon3]:54804 [NetMuon4]:54927
[Run]:39792 [Site]:4 [Bin]:12990 [FullTime]:3600 [SkipTime]:0 [Veto1]:69.8159 [Veto2]:72.7635 [Veto3]:68.8715 [Veto4]:63.8848 [SgUp1]:67457 [SgUp2]:68777 [SgUp3]:69204 [SgUp4]:68519 [SgLow1]:67431 [SgLow2]:68738 [SgLow3]:69188 [SgLow4]:68493 [NetMuon1]:55060 [NetMuon2]:55033 [NetMuon3]:55140 [NetMuon4]:55187
[Run]:39792 [Site]:4 [Bin]:12991 [FullTime]:3600 [SkipTime]:0 [Veto1]:68.5993 [Veto2]:75.4548 [Veto3]:68.5943 [Veto4]:68.622 [SgUp1]:67374 [SgUp2]:69349 [SgUp3]:69766 [SgUp4]:69242 [SgLow1]:67341 [SgLow2]:69313 [SgLow3]:69737 [SgLow4]:69224 [NetMuon1]:54802 [NetMuon2]:54663 [NetMuon3]:54795 [NetMuon4]:54750
[Run]:39792 [Site]:4 [Bin]:12992 [FullTime]:3600 [SkipTime]:0 [Veto1]:72.5171 [Veto2]:71.4916 [Veto3]:70.6077 [Veto4]:65.5926 [SgUp1]:67650 [SgUp2]:69592 [SgUp3]:69265 [SgUp4]:69156 [SgLow1]:67615 [SgLow2]:69551 [SgLow3]:69231 [SgLow4]:69132 [NetMuon1]:54682 [NetMuon2]:54695 [NetMuon3]:54648 [NetMuon4]:54772
[Run]:39792 [Site]:4 [Bin]:12993 [FullTime]:3600 [SkipTime]:0 [Veto1]:76.3902 [Veto2]:67.4755 [Veto3]:62.507 [Veto4]:65.4979 [SgUp1]:67585 [SgUp2]:69339 [SgUp3]:69647 [SgUp4]:69107 [SgLow1]:67551 [SgLow2]:69311 [SgLow3]:69611 [SgLow4]:69062 [NetMuon1]:54502 [NetMuon2]:54664 [NetMuon3]:54759 [NetMuon4]:54695
[Run]:39792 [Site]:4 [Bin]:12994 [FullTime]:3600 [SkipTime]:0 [Veto1]:69.4735 [Veto2]:66.5218 [Veto3]:67.5215 [Veto4]:65.5783 [SgUp1]:67702 [SgUp2]:69460 [SgUp3]:69651 [SgUp4]:68779 [SgLow1]:67681 [SgLow2]:69423 [SgLow3]:69623 [SgLow4]:68739 [NetMuon1]:54670 [NetMuon2]:54710 [NetMuon3]:54732 [NetMuon4]:54726
[Run]:39792 [Site]:4 [Bin]:12995 [FullTime]:3600 [SkipTime]:0 [Veto1]:70.3386 [Veto2]:73.2278 [Veto3]:70.4175 [Veto4]:72.2645 [SgUp1]:68103 [SgUp2]:69394 [SgUp3]:69676 [SgUp4]:68789 [SgLow1]:68087 [SgLow2]:69372 [SgLow3]:69640 [SgLow4]:68758 [NetMuon1]:54469 [NetMuon2]:54403 [NetMuon3]:54440 [NetMuon4]:54421
[Run]:39792 [Site]:4 [Bin]:12996 [FullTime]:3600 [SkipTime]:0 [Veto1]:63.5261 [Veto2]:69.4063 [Veto3]:76.2783 [Veto4]:74.3476 [SgUp1]:68284 [SgUp2]:69170 [SgUp3]:69650 [SgUp4]:68691 [SgLow1]:68253 [SgLow2]:69145 [SgLow3]:69625 [SgLow4]:68657 [NetMuon1]:54640 [NetMuon2]:54526 [NetMuon3]:54421 [NetMuon4]:54519
[Run]:39792 [Site]:4 [Bin]:12997 [FullTime]:3600 [SkipTime]:0 [Veto1]:70.4695 [Veto2]:65.5522 [Veto3]:70.4305 [Veto4]:62.5967 [SgUp1]:67547 [SgUp2]:69384 [SgUp3]:69656 [SgUp4]:69931 [SgLow1]:67519 [SgLow2]:69358 [SgLow3]:69622 [SgLow4]:69906 [NetMuon1]:54610 [NetMuon2]:54699 [NetMuon3]:54617 [NetMuon4]:54751
[Run]:39792 [Site]:4 [Bin]:12998 [FullTime]:3600 [SkipTime]:0 [Veto1]:67.6569 [Veto2]:67.6421 [Veto3]:63.6725 [Veto4]:61.6638 [SgUp1]:67711 [SgUp2]:69972 [SgUp3]:70072 [SgUp4]:69772 [SgLow1]:67677 [SgLow2]:69934 [SgLow3]:70040 [SgLow4]:69742 [NetMuon1]:54810 [NetMuon2]:54825 [NetMuon3]:54884 [NetMuon4]:54898
[Run]:39792 [Site]:4 [Bin]:12999 [FullTime]:3600 [SkipTime]:0 [Veto1]:63.6512 [Veto2]:67.6001 [Veto3]:64.6088 [Veto4]:63.7052 [SgUp1]:68212 [SgUp2]:70047 [SgUp3]:69329 [SgUp4]:69278 [SgLow1]:68188 [SgLow2]:70012 [SgLow3]:69293 [SgLow4]:69257 [NetMuon1]:54883 [NetMuon2]:54812 [NetMuon3]:54859 [NetMuon4]:54913
[Run]:39792 [Site]:4 [Bin]:13000 [FullTime]:3600 [SkipTime]:0 [Veto1]:60.8539 [Veto2]:70.2791 [Veto3]:73.276 [Veto4]:62.4366 [SgUp1]:68026 [SgUp2]:69437 [SgUp3]:69514 [SgUp4]:69592 [SgLow1]:68009 [SgLow2]:69405 [SgLow3]:69492 [SgLow4]:69549 [NetMuon1]:54619 [NetMuon2]:54448 [NetMuon3]:54429 [NetMuon4]:54590
[Run]:39792 [Site]:4 [Bin]:13001 [FullTime]:3600 [SkipTime]:0 [Veto1]:67.1919 [Veto2]:64.1478 [Veto3]:64.1948 [Veto4]:59.3015 [SgUp1]:68119 [SgUp2]:69915 [SgUp3]:70010 [SgUp4]:69491 [SgLow1]:68090 [SgLow2]:69889 [SgLow3]:69980 [SgLow4]:69454 [NetMuon1]:54267 [NetMuon2]:54264 [NetMuon3]:54315 [NetMuon4]:54379
[Run]:39792 [Site]:4 [Bin]:13002 [FullTime]:3600 [SkipTime]:0 [Veto1]:65.4357 [Veto2]:70.3396 [Veto3]:68.3617 [Veto4]:61.2569 [SgUp1]:67898 [SgUp2]:69536 [SgUp3]:69837 [SgUp4]:69344 [SgLow1]:67858 [SgLow2]:69512 [SgLow3]:69806 [SgLow4]:69306 [NetMuon1]:54591 [NetMuon2]:54523 [NetMuon3]:54533 [NetMuon4]:54598
[Run]:39792 [Site]:4 [Bin]:13003 [FullTime]:3600 [SkipTime]:0 [Veto1]:65.059 [Veto2]:65.0533 [Veto3]:64.035 [Veto4]:68.4941 [SgUp1]:67899 [SgUp2]:69473 [SgUp3]:70104 [SgUp4]:69202 [SgLow1]:67851 [SgLow2]:69456 [SgLow3]:70073 [SgLow4]:69175 [NetMuon1]:55313 [NetMuon2]:55339 [NetMuon3]:55318 [NetMuon4]:55260
[Run]:39792 [Site]:4 [Bin]:13004 [FullTime]:3600 [SkipTime]:0 [Veto1]:69.3633 [Veto2]:65.4549 [Veto3]:67.3772 [Veto4]:62.4348 [SgUp1]:67472 [SgUp2]:70176 [SgUp3]:69559 [SgUp4]:69493 [SgLow1]:67436 [SgLow2]:70153 [SgLow3]:69530 [SgLow4]:69458 [NetMuon1]:54524 [NetMuon2]:54588 [NetMuon3]:54569 [NetMuon4]:54678
[Run]:39792 [Site]:4 [Bin]:13005 [FullTime]:3600 [SkipTime]:0 [Veto1]:66.6027 [Veto2]:68.5382 [Veto3]:67.1414 [Veto4]:68.4887 [SgUp1]:67735 [SgUp2]:69742 [SgUp3]:69584 [SgUp4]:69514 [SgLow1]:67698 [SgLow2]:69709 [SgLow3]:69556 [SgLow4]:69485 [NetMuon1]:54736 [NetMuon2]:54715 [NetMuon3]:54704 [NetMuon4]:54698
[Run]:39792 [Site]:4 [Bin]:13006 [FullTime]:3600 [SkipTime]:0 [Veto1]:68.3994 [Veto2]:65.4543 [Veto3]:68.4039 [Veto4]:65.4187 [SgUp1]:67798 [SgUp2]:69108 [SgUp3]:70001 [SgUp4]:69384 [SgLow1]:67777 [SgLow2]:69072 [SgLow3]:69977 [SgLow4]:69373 [NetMuon1]:54551 [NetMuon2]:54628 [NetMuon3]:54577 [NetMuon4]:54594
[Run]:39792 [Site]:4 [Bin]:13007 [FullTime]:3600 [SkipTime]:0 [Veto1]:67.5964 [Veto2]:71.5288 [Veto3]:69.7055 [Veto4]:65.5933 [SgUp1]:67731 [SgUp2]:68441 [SgUp3]:69466 [SgUp4]:69325 [SgLow1]:67701 [SgLow2]:68408 [SgLow3]:69433 [SgLow4]:69285 [NetMuon1]:54763 [NetMuon2]:54715 [NetMuon3]:54711 [NetMuon4]:54808
[Run]:39792 [Site]:4 [Bin]:13008 [FullTime]:2297.89 [SkipTime]:1302.12 [Veto1]:42.8484 [Veto2]:39.9096 [Veto3]:42.7235 [Veto4]:43.7543 [SgUp1]:43336 [SgUp2]:43697 [SgUp3]:44244 [SgUp4]:44566 [SgLow1]:43309 [SgLow2]:43667 [SgLow3]:44216 [SgLow4]:44540 [NetMuon1]:34642 [NetMuon2]:34714 [NetMuon3]:34659 [NetMuon4]:34625
[Run]:39792 [Site]:4 [Bin]:13009 [FullTime]:3599.99 [SkipTime]:0 [Veto1]:71.4732 [Veto2]:66.8628 [Veto3]:69.4086 [Veto4]:69.631 [SgUp1]:68005 [SgUp2]:68284 [SgUp3]:69326 [SgUp4]:69250 [SgLow1]:67964 [SgLow2]:68254 [SgLow3]:69305 [SgLow4]:69220 [NetMuon1]:54573 [NetMuon2]:54623 [NetMuon3]:54606 [NetMuon4]:54583
End process Run: 39792 ... 
[Run]:39792 [Site]:4 [Bin]:13010 [FullTime]:2043.43 [SkipTime]:0 [Veto1]:37.6244 [Veto2]:34.653 [Veto3]:38.5962 [Veto4]:40.6123
