StreamChain add 0x10a7f7f0
Start to process run: 39292 ... 
[Run]:39292 [Site]:4 [Bin]:12313 [FullTime]:3556.97 [SkipTime]:0 [Veto1]:57.4038 [Veto2]:72.1853 [Veto3]:63.2407 [Veto4]:62.273 [SgUp1]:67163 [SgUp2]:67893 [SgUp3]:69321 [SgUp4]:68673 [SgLow1]:67135 [SgLow2]:67881 [SgLow3]:69280 [SgLow4]:68638 [NetMuon1]:53313 [NetMuon2]:53113 [NetMuon3]:53190 [NetMuon4]:53229
[Run]:39292 [Site]:4 [Bin]:12314 [FullTime]:3600 [SkipTime]:0 [Veto1]:67.936 [Veto2]:58.9963 [Veto3]:62.9655 [Veto4]:63.93 [SgUp1]:67724 [SgUp2]:69036 [SgUp3]:70375 [SgUp4]:69720 [SgLow1]:67706 [SgLow2]:69024 [SgLow3]:70343 [SgLow4]:69699 [NetMuon1]:53934 [NetMuon2]:54093 [NetMuon3]:54035 [NetMuon4]:54031
[Run]:39292 [Site]:4 [Bin]:12315 [FullTime]:3600 [SkipTime]:0 [Veto1]:59.9708 [Veto2]:57.9496 [Veto3]:67.7531 [Veto4]:63.7094 [SgUp1]:67602 [SgUp2]:69307 [SgUp3]:69683 [SgUp4]:69419 [SgLow1]:67577 [SgLow2]:69274 [SgLow3]:69671 [SgLow4]:69398 [NetMuon1]:53995 [NetMuon2]:54024 [NetMuon3]:53845 [NetMuon4]:53921
[Run]:39292 [Site]:4 [Bin]:12316 [FullTime]:3600.01 [SkipTime]:0 [Veto1]:68.2739 [Veto2]:66.2477 [Veto3]:62.3122 [Veto4]:65.3134 [SgUp1]:67911 [SgUp2]:69098 [SgUp3]:70202 [SgUp4]:69607 [SgLow1]:67882 [SgLow2]:69071 [SgLow3]:70162 [SgLow4]:69589 [NetMuon1]:54356 [NetMuon2]:54384 [NetMuon3]:54411 [NetMuon4]:54425
[Run]:39292 [Site]:4 [Bin]:12317 [FullTime]:3599.99 [SkipTime]:0 [Veto1]:68.9096 [Veto2]:57.9889 [Veto3]:65.8948 [Veto4]:66.9382 [SgUp1]:67589 [SgUp2]:69489 [SgUp3]:69922 [SgUp4]:69525 [SgLow1]:67559 [SgLow2]:69464 [SgLow3]:69899 [SgLow4]:69492 [NetMuon1]:53969 [NetMuon2]:54098 [NetMuon3]:53963 [NetMuon4]:53939
[Run]:39292 [Site]:4 [Bin]:12318 [FullTime]:3600 [SkipTime]:0 [Veto1]:65.2535 [Veto2]:64.235 [Veto3]:66.1752 [Veto4]:73.1329 [SgUp1]:68269 [SgUp2]:69558 [SgUp3]:70065 [SgUp4]:69345 [SgLow1]:68236 [SgLow2]:69541 [SgLow3]:70009 [SgLow4]:69306 [NetMuon1]:54367 [NetMuon2]:54353 [NetMuon3]:54329 [NetMuon4]:54280
[Run]:39292 [Site]:4 [Bin]:12319 [FullTime]:3600 [SkipTime]:0 [Veto1]:73.334 [Veto2]:61.8641 [Veto3]:65.7964 [Veto4]:60.9162 [SgUp1]:67217 [SgUp2]:69207 [SgUp3]:70003 [SgUp4]:68931 [SgLow1]:67196 [SgLow2]:69178 [SgLow3]:69987 [SgLow4]:68907 [NetMuon1]:53727 [NetMuon2]:53897 [NetMuon3]:53837 [NetMuon4]:53940
[Run]:39292 [Site]:4 [Bin]:12320 [FullTime]:3600 [SkipTime]:0 [Veto1]:64.0029 [Veto2]:60.0026 [Veto3]:65.9415 [Veto4]:69.9854 [SgUp1]:67827 [SgUp2]:69245 [SgUp3]:69930 [SgUp4]:69380 [SgLow1]:67798 [SgLow2]:69217 [SgLow3]:69897 [SgLow4]:69339 [NetMuon1]:54106 [NetMuon2]:54145 [NetMuon3]:54058 [NetMuon4]:54012
[Run]:39292 [Site]:4 [Bin]:12321 [FullTime]:3600 [SkipTime]:0 [Veto1]:68.5502 [Veto2]:79.4212 [Veto3]:64.7348 [Veto4]:71.5315 [SgUp1]:67343 [SgUp2]:68629 [SgUp3]:70200 [SgUp4]:68525 [SgLow1]:67318 [SgLow2]:68603 [SgLow3]:70163 [SgLow4]:68489 [NetMuon1]:54728 [NetMuon2]:54563 [NetMuon3]:54814 [NetMuon4]:54728
[Run]:39292 [Site]:4 [Bin]:12322 [FullTime]:3600 [SkipTime]:0 [Veto1]:59.7279 [Veto2]:67.6035 [Veto3]:65.5532 [Veto4]:61.6631 [SgUp1]:67605 [SgUp2]:69995 [SgUp3]:69828 [SgUp4]:69314 [SgLow1]:67579 [SgLow2]:69966 [SgLow3]:69820 [SgLow4]:69275 [NetMuon1]:54884 [NetMuon2]:54795 [NetMuon3]:54808 [NetMuon4]:54854
[Run]:39292 [Site]:4 [Bin]:12323 [FullTime]:3600 [SkipTime]:0 [Veto1]:75.2729 [Veto2]:67.3259 [Veto3]:69.2956 [Veto4]:63.4067 [SgUp1]:67843 [SgUp2]:69455 [SgUp3]:70171 [SgUp4]:69234 [SgLow1]:67809 [SgLow2]:69423 [SgLow3]:70145 [SgLow4]:69196 [NetMuon1]:54400 [NetMuon2]:54510 [NetMuon3]:54454 [NetMuon4]:54570
[Run]:39292 [Site]:4 [Bin]:12324 [FullTime]:3600 [SkipTime]:0 [Veto1]:73.259 [Veto2]:68.2854 [Veto3]:59.4028 [Veto4]:63.3779 [SgUp1]:67156 [SgUp2]:69237 [SgUp3]:69564 [SgUp4]:70078 [SgLow1]:67131 [SgLow2]:69221 [SgLow3]:69527 [SgLow4]:70050 [NetMuon1]:54359 [NetMuon2]:54438 [NetMuon3]:54586 [NetMuon4]:54521
[Run]:39292 [Site]:4 [Bin]:12325 [FullTime]:3600 [SkipTime]:0 [Veto1]:68.3766 [Veto2]:64.4016 [Veto3]:64.1547 [Veto4]:68.6137 [SgUp1]:67509 [SgUp2]:69421 [SgUp3]:69694 [SgUp4]:69559 [SgLow1]:67484 [SgLow2]:69391 [SgLow3]:69657 [SgLow4]:69512 [NetMuon1]:54530 [NetMuon2]:54604 [NetMuon3]:54638 [NetMuon4]:54519
[Run]:39292 [Site]:4 [Bin]:12326 [FullTime]:3600 [SkipTime]:0 [Veto1]:63.5134 [Veto2]:72.3066 [Veto3]:60.4672 [Veto4]:60.5174 [SgUp1]:67634 [SgUp2]:69861 [SgUp3]:69741 [SgUp4]:69949 [SgLow1]:67600 [SgLow2]:69837 [SgLow3]:69706 [SgLow4]:69922 [NetMuon1]:54647 [NetMuon2]:54523 [NetMuon3]:54670 [NetMuon4]:54673
[Run]:39292 [Site]:4 [Bin]:12327 [FullTime]:3600 [SkipTime]:0 [Veto1]:66.1226 [Veto2]:63.1936 [Veto3]:66.6987 [Veto4]:67.1194 [SgUp1]:67449 [SgUp2]:69534 [SgUp3]:69952 [SgUp4]:69338 [SgLow1]:67428 [SgLow2]:69506 [SgLow3]:69927 [SgLow4]:69310 [NetMuon1]:54213 [NetMuon2]:54272 [NetMuon3]:54208 [NetMuon4]:54171
[Run]:39292 [Site]:4 [Bin]:12328 [FullTime]:3600 [SkipTime]:0 [Veto1]:61.8736 [Veto2]:60.8103 [Veto3]:69.6766 [Veto4]:64.4194 [SgUp1]:67905 [SgUp2]:69477 [SgUp3]:69673 [SgUp4]:69029 [SgLow1]:67882 [SgLow2]:69448 [SgLow3]:69649 [SgLow4]:68995 [NetMuon1]:53876 [NetMuon2]:53905 [NetMuon3]:53742 [NetMuon4]:53847
[Run]:39292 [Site]:4 [Bin]:12329 [FullTime]:3600 [SkipTime]:0 [Veto1]:62.0473 [Veto2]:67.9354 [Veto3]:65.0029 [Veto4]:59.0198 [SgUp1]:68213 [SgUp2]:69549 [SgUp3]:70043 [SgUp4]:69603 [SgLow1]:68185 [SgLow2]:69522 [SgLow3]:70012 [SgLow4]:69572 [NetMuon1]:54071 [NetMuon2]:53996 [NetMuon3]:54040 [NetMuon4]:54119
[Run]:39292 [Site]:4 [Bin]:12330 [FullTime]:3600 [SkipTime]:0 [Veto1]:63.1199 [Veto2]:62.1363 [Veto3]:65.0766 [Veto4]:60.1052 [SgUp1]:67553 [SgUp2]:70034 [SgUp3]:70250 [SgUp4]:69623 [SgLow1]:67532 [SgLow2]:70006 [SgLow3]:70210 [SgLow4]:69599 [NetMuon1]:54170 [NetMuon2]:54179 [NetMuon3]:54180 [NetMuon4]:54208
[Run]:39292 [Site]:4 [Bin]:12331 [FullTime]:3600 [SkipTime]:0 [Veto1]:61.1912 [Veto2]:61.0029 [Veto3]:58.0466 [Veto4]:63.0162 [SgUp1]:67783 [SgUp2]:69788 [SgUp3]:69843 [SgUp4]:69151 [SgLow1]:67746 [SgLow2]:69752 [SgLow3]:69829 [SgLow4]:69129 [NetMuon1]:54059 [NetMuon2]:54073 [NetMuon3]:54099 [NetMuon4]:54050
[Run]:39292 [Site]:4 [Bin]:12332 [FullTime]:3600 [SkipTime]:0 [Veto1]:69.0895 [Veto2]:64.1523 [Veto3]:66.0603 [Veto4]:71.0426 [SgUp1]:67040 [SgUp2]:69171 [SgUp3]:69616 [SgUp4]:69144 [SgLow1]:67010 [SgLow2]:69139 [SgLow3]:69572 [SgLow4]:69122 [NetMuon1]:54125 [NetMuon2]:54195 [NetMuon3]:54167 [NetMuon4]:54082
[Run]:39292 [Site]:4 [Bin]:12333 [FullTime]:3600 [SkipTime]:0 [Veto1]:68.6327 [Veto2]:74.491 [Veto3]:72.5697 [Veto4]:64.6273 [SgUp1]:67428 [SgUp2]:69145 [SgUp3]:69936 [SgUp4]:69471 [SgLow1]:67396 [SgLow2]:69123 [SgLow3]:69915 [SgLow4]:69455 [NetMuon1]:53620 [NetMuon2]:53508 [NetMuon3]:53576 [NetMuon4]:53667
[Run]:39292 [Site]:4 [Bin]:12334 [FullTime]:3600 [SkipTime]:0 [Veto1]:64.7508 [Veto2]:67.6601 [Veto3]:65.615 [Veto4]:71.6182 [SgUp1]:67317 [SgUp2]:69016 [SgUp3]:69271 [SgUp4]:69225 [SgLow1]:67291 [SgLow2]:68987 [SgLow3]:69256 [SgLow4]:69208 [NetMuon1]:53689 [NetMuon2]:53589 [NetMuon3]:53642 [NetMuon4]:53552
[Run]:39292 [Site]:4 [Bin]:12335 [FullTime]:3600 [SkipTime]:0 [Veto1]:61.9288 [Veto2]:63.919 [Veto3]:61.9242 [Veto4]:65.8842 [SgUp1]:67376 [SgUp2]:68686 [SgUp3]:69705 [SgUp4]:69412 [SgLow1]:67347 [SgLow2]:68642 [SgLow3]:69674 [SgLow4]:69393 [NetMuon1]:53954 [NetMuon2]:53953 [NetMuon3]:53998 [NetMuon4]:53901
[Run]:39292 [Site]:4 [Bin]:12336 [FullTime]:3600 [SkipTime]:0 [Veto1]:66.0112 [Veto2]:71.0707 [Veto3]:75.7808 [Veto4]:61.0236 [SgUp1]:67957 [SgUp2]:68357 [SgUp3]:69497 [SgUp4]:69811 [SgLow1]:67923 [SgLow2]:68324 [SgLow3]:69468 [SgLow4]:69800 [NetMuon1]:54017 [NetMuon2]:53914 [NetMuon3]:53825 [NetMuon4]:54087
[Run]:39292 [Site]:4 [Bin]:12337 [FullTime]:3600 [SkipTime]:0 [Veto1]:65.8471 [Veto2]:65.8002 [Veto3]:71.7286 [Veto4]:63.8467 [SgUp1]:67580 [SgUp2]:68326 [SgUp3]:69755 [SgUp4]:69692 [SgLow1]:67559 [SgLow2]:68303 [SgLow3]:69728 [SgLow4]:69659 [NetMuon1]:53875 [NetMuon2]:53847 [NetMuon3]:53756 [NetMuon4]:53911
[Run]:39292 [Site]:4 [Bin]:12338 [FullTime]:3600 [SkipTime]:0 [Veto1]:66.9416 [Veto2]:58.9672 [Veto3]:59.9335 [Veto4]:71.7731 [SgUp1]:67946 [SgUp2]:69476 [SgUp3]:69723 [SgUp4]:69538 [SgLow1]:67915 [SgLow2]:69457 [SgLow3]:69690 [SgLow4]:69493 [NetMuon1]:53964 [NetMuon2]:54044 [NetMuon3]:53994 [NetMuon4]:53853
[Run]:39292 [Site]:4 [Bin]:12339 [FullTime]:3600.01 [SkipTime]:0 [Veto1]:64.1118 [Veto2]:66.9999 [Veto3]:61.1523 [Veto4]:57.1826 [SgUp1]:67536 [SgUp2]:68488 [SgUp3]:69547 [SgUp4]:69274 [SgLow1]:67514 [SgLow2]:68463 [SgLow3]:69525 [SgLow4]:69258 [NetMuon1]:54138 [NetMuon2]:54099 [NetMuon3]:54206 [NetMuon4]:54265
[Run]:39292 [Site]:4 [Bin]:12340 [FullTime]:3599.99 [SkipTime]:0 [Veto1]:63.0636 [Veto2]:65.0151 [Veto3]:66.9933 [Veto4]:73.8855 [SgUp1]:67858 [SgUp2]:68436 [SgUp3]:69675 [SgUp4]:68436 [SgLow1]:67820 [SgLow2]:68405 [SgLow3]:69647 [SgLow4]:68413 [NetMuon1]:54098 [NetMuon2]:54058 [NetMuon3]:54046 [NetMuon4]:53946
[Run]:39292 [Site]:4 [Bin]:12341 [FullTime]:3600 [SkipTime]:0 [Veto1]:76.8767 [Veto2]:59.0274 [Veto3]:64.9668 [Veto4]:62.9525 [SgUp1]:67452 [SgUp2]:68502 [SgUp3]:69385 [SgUp4]:69040 [SgLow1]:67408 [SgLow2]:68475 [SgLow3]:69353 [SgLow4]:69022 [NetMuon1]:53901 [NetMuon2]:54113 [NetMuon3]:54025 [NetMuon4]:54073
[Run]:39292 [Site]:4 [Bin]:12342 [FullTime]:3600 [SkipTime]:0 [Veto1]:72.0107 [Veto2]:63.0928 [Veto3]:64.0805 [Veto4]:66.0175 [SgUp1]:67920 [SgUp2]:68917 [SgUp3]:69622 [SgUp4]:69174 [SgLow1]:67884 [SgLow2]:68892 [SgLow3]:69582 [SgLow4]:69132 [NetMuon1]:54014 [NetMuon2]:54167 [NetMuon3]:54172 [NetMuon4]:54124
[Run]:39292 [Site]:4 [Bin]:12343 [FullTime]:3600 [SkipTime]:0 [Veto1]:59.2524 [Veto2]:65.2409 [Veto3]:68.1255 [Veto4]:58.3385 [SgUp1]:67508 [SgUp2]:68845 [SgUp3]:69606 [SgUp4]:69457 [SgLow1]:67481 [SgLow2]:68820 [SgLow3]:69579 [SgLow4]:69416 [NetMuon1]:54433 [NetMuon2]:54319 [NetMuon3]:54271 [NetMuon4]:54447
[Run]:39292 [Site]:4 [Bin]:12344 [FullTime]:3600 [SkipTime]:0 [Veto1]:69.615 [Veto2]:72.5133 [Veto3]:64.637 [Veto4]:64.6175 [SgUp1]:67326 [SgUp2]:68752 [SgUp3]:69834 [SgUp4]:68963 [SgLow1]:67292 [SgLow2]:68735 [SgLow3]:69818 [SgLow4]:68932 [NetMuon1]:54712 [NetMuon2]:54649 [NetMuon3]:54751 [NetMuon4]:54752
[Run]:39292 [Site]:4 [Bin]:12345 [FullTime]:3600 [SkipTime]:0 [Veto1]:64.7878 [Veto2]:67.7908 [Veto3]:60.8762 [Veto4]:66.7851 [SgUp1]:67737 [SgUp2]:69224 [SgUp3]:69526 [SgUp4]:68862 [SgLow1]:67708 [SgLow2]:69195 [SgLow3]:69483 [SgLow4]:68836 [NetMuon1]:53801 [NetMuon2]:53815 [NetMuon3]:53914 [NetMuon4]:53825
[Run]:39292 [Site]:4 [Bin]:12346 [FullTime]:3600 [SkipTime]:0 [Veto1]:68.8922 [Veto2]:71.9683 [Veto3]:66.9098 [Veto4]:72.8402 [SgUp1]:67567 [SgUp2]:68626 [SgUp3]:69833 [SgUp4]:69609 [SgLow1]:67536 [SgLow2]:68598 [SgLow3]:69807 [SgLow4]:69577 [NetMuon1]:53938 [NetMuon2]:53864 [NetMuon3]:53945 [NetMuon4]:53913
[Run]:39292 [Site]:4 [Bin]:12347 [FullTime]:3600 [SkipTime]:0 [Veto1]:61.2848 [Veto2]:63.4094 [Veto3]:66.1821 [Veto4]:61.2403 [SgUp1]:67920 [SgUp2]:68233 [SgUp3]:70187 [SgUp4]:69060 [SgLow1]:67892 [SgLow2]:68198 [SgLow3]:70147 [SgLow4]:69043 [NetMuon1]:54382 [NetMuon2]:54341 [NetMuon3]:54278 [NetMuon4]:54400
[Run]:39292 [Site]:4 [Bin]:12348 [FullTime]:3600 [SkipTime]:0 [Veto1]:63.8452 [Veto2]:66.1958 [Veto3]:56.3021 [Veto4]:68.1288 [SgUp1]:67106 [SgUp2]:68802 [SgUp3]:70119 [SgUp4]:68737 [SgLow1]:67081 [SgLow2]:68776 [SgLow3]:70100 [SgLow4]:68708 [NetMuon1]:54310 [NetMuon2]:54261 [NetMuon3]:54401 [NetMuon4]:54227
[Run]:39292 [Site]:4 [Bin]:12349 [FullTime]:3600 [SkipTime]:0 [Veto1]:64.2286 [Veto2]:63.2345 [Veto3]:64.1597 [Veto4]:73.602 [SgUp1]:67787 [SgUp2]:68474 [SgUp3]:70051 [SgUp4]:68826 [SgLow1]:67759 [SgLow2]:68437 [SgLow3]:70017 [SgLow4]:68799 [NetMuon1]:54319 [NetMuon2]:54362 [NetMuon3]:54318 [NetMuon4]:54155
[Run]:39292 [Site]:4 [Bin]:12350 [FullTime]:3600 [SkipTime]:0 [Veto1]:66.1978 [Veto2]:72.6022 [Veto3]:63.2162 [Veto4]:70.1551 [SgUp1]:67397 [SgUp2]:68448 [SgUp3]:69777 [SgUp4]:69293 [SgLow1]:67368 [SgLow2]:68414 [SgLow3]:69755 [SgLow4]:69263 [NetMuon1]:54298 [NetMuon2]:54226 [NetMuon3]:54364 [NetMuon4]:54281
[Run]:39292 [Site]:4 [Bin]:12351 [FullTime]:3600 [SkipTime]:0 [Veto1]:61.3726 [Veto2]:73.1291 [Veto3]:66.2255 [Veto4]:62.3139 [SgUp1]:68151 [SgUp2]:68629 [SgUp3]:69503 [SgUp4]:69058 [SgLow1]:68132 [SgLow2]:68606 [SgLow3]:69462 [SgLow4]:69040 [NetMuon1]:54461 [NetMuon2]:54274 [NetMuon3]:54371 [NetMuon4]:54441
[Run]:39292 [Site]:4 [Bin]:12352 [FullTime]:3600 [SkipTime]:0 [Veto1]:70.5569 [Veto2]:68.5465 [Veto3]:64.5625 [Veto4]:65.6073 [SgUp1]:67549 [SgUp2]:68429 [SgUp3]:69556 [SgUp4]:69153 [SgLow1]:67526 [SgLow2]:68393 [SgLow3]:69534 [SgLow4]:69130 [NetMuon1]:54712 [NetMuon2]:54736 [NetMuon3]:54797 [NetMuon4]:54798
[Run]:39292 [Site]:4 [Bin]:12353 [FullTime]:3600 [SkipTime]:0 [Veto1]:63.8062 [Veto2]:64.79 [Veto3]:68.723 [Veto4]:64.7682 [SgUp1]:67724 [SgUp2]:68620 [SgUp3]:69793 [SgUp4]:69227 [SgLow1]:67696 [SgLow2]:68604 [SgLow3]:69762 [SgLow4]:69194 [NetMuon1]:53813 [NetMuon2]:53839 [NetMuon3]:53733 [NetMuon4]:53789
[Run]:39292 [Site]:4 [Bin]:12354 [FullTime]:3600 [SkipTime]:0 [Veto1]:62.4015 [Veto2]:60.8439 [Veto3]:72.0303 [Veto4]:69.2641 [SgUp1]:67481 [SgUp2]:68826 [SgUp3]:69211 [SgUp4]:69234 [SgLow1]:67458 [SgLow2]:68795 [SgLow3]:69188 [SgLow4]:69197 [NetMuon1]:54542 [NetMuon2]:54572 [NetMuon3]:54405 [NetMuon4]:54448
[Run]:39292 [Site]:4 [Bin]:12355 [FullTime]:3600 [SkipTime]:0 [Veto1]:67.9467 [Veto2]:63.9209 [Veto3]:71.7791 [Veto4]:61.005 [SgUp1]:67615 [SgUp2]:69285 [SgUp3]:69630 [SgUp4]:69093 [SgLow1]:67587 [SgLow2]:69260 [SgLow3]:69592 [SgLow4]:69064 [NetMuon1]:54005 [NetMuon2]:54032 [NetMuon3]:53886 [NetMuon4]:54093
[Run]:39292 [Site]:4 [Bin]:12356 [FullTime]:3600 [SkipTime]:0 [Veto1]:62.465 [Veto2]:66.366 [Veto3]:68.3328 [Veto4]:62.383 [SgUp1]:67870 [SgUp2]:68768 [SgUp3]:70015 [SgUp4]:68776 [SgLow1]:67849 [SgLow2]:68726 [SgLow3]:69973 [SgLow4]:68747 [NetMuon1]:54617 [NetMuon2]:54555 [NetMuon3]:54507 [NetMuon4]:54574
[Run]:39292 [Site]:4 [Bin]:12357 [FullTime]:3600 [SkipTime]:0 [Veto1]:57.1506 [Veto2]:66.0411 [Veto3]:70.9267 [Veto4]:58.0636 [SgUp1]:67523 [SgUp2]:68663 [SgUp3]:69184 [SgUp4]:69725 [SgLow1]:67501 [SgLow2]:68644 [SgLow3]:69157 [SgLow4]:69699 [NetMuon1]:54224 [NetMuon2]:54107 [NetMuon3]:54040 [NetMuon4]:54180
[Run]:39292 [Site]:4 [Bin]:12358 [FullTime]:3600 [SkipTime]:0 [Veto1]:66.8816 [Veto2]:64.8537 [Veto3]:65.8403 [Veto4]:58.9777 [SgUp1]:67529 [SgUp2]:68988 [SgUp3]:69558 [SgUp4]:69337 [SgLow1]:67506 [SgLow2]:68969 [SgLow3]:69524 [SgLow4]:69312 [NetMuon1]:53922 [NetMuon2]:53940 [NetMuon3]:53929 [NetMuon4]:54061
[Run]:39292 [Site]:4 [Bin]:12359 [FullTime]:3600 [SkipTime]:0 [Veto1]:63.3247 [Veto2]:71.1645 [Veto3]:70.2332 [Veto4]:67.2325 [SgUp1]:68086 [SgUp2]:68715 [SgUp3]:69527 [SgUp4]:68889 [SgLow1]:68075 [SgLow2]:68674 [SgLow3]:69496 [SgLow4]:68850 [NetMuon1]:54395 [NetMuon2]:54267 [NetMuon3]:54338 [NetMuon4]:54336
[Run]:39292 [Site]:4 [Bin]:12360 [FullTime]:3600 [SkipTime]:0 [Veto1]:71.1933 [Veto2]:60.7226 [Veto3]:67.4893 [Veto4]:65.6161 [SgUp1]:67115 [SgUp2]:68874 [SgUp3]:69702 [SgUp4]:69532 [SgLow1]:67082 [SgLow2]:68861 [SgLow3]:69676 [SgLow4]:69514 [NetMuon1]:54663 [NetMuon2]:54843 [NetMuon3]:54687 [NetMuon4]:54765
[Run]:39292 [Site]:4 [Bin]:12361 [FullTime]:3600 [SkipTime]:0 [Veto1]:65.814 [Veto2]:62.1316 [Veto3]:63.579 [Veto4]:69.4861 [SgUp1]:68076 [SgUp2]:69092 [SgUp3]:69382 [SgUp4]:69258 [SgLow1]:68048 [SgLow2]:69061 [SgLow3]:69354 [SgLow4]:69225 [NetMuon1]:54797 [NetMuon2]:54833 [NetMuon3]:54833 [NetMuon4]:54751
End process Run: 39292 ... 
[Run]:39292 [Site]:4 [Bin]:12362 [FullTime]:985.337 [SkipTime]:0 [Veto1]:17.5247 [Veto2]:22.4803 [Veto3]:18.5357 [Veto4]:15.5446
