StreamChain add 0x3ae27f0
Start to process run: 40754 ... 
[Run]:40754 [Site]:4 [Bin]:14159 [FullTime]:46.0931 [SkipTime]:0 [Veto1]:1.55707 [Veto2]:1.56248 [Veto3]:0.575782 [Veto4]:2.54867 [SgUp1]:881 [SgUp2]:866 [SgUp3]:898 [SgUp4]:865 [SgLow1]:881 [SgLow2]:866 [SgLow3]:895 [SgLow4]:865 [NetMuon1]:674 [NetMuon2]:680 [NetMuon3]:689 [NetMuon4]:664
[Run]:40754 [Site]:4 [Bin]:14160 [FullTime]:3600 [SkipTime]:0 [Veto1]:61.6737 [Veto2]:58.7327 [Veto3]:74.4578 [Veto4]:66.6118 [SgUp1]:67858 [SgUp2]:67862 [SgUp3]:69056 [SgUp4]:69219 [SgLow1]:67830 [SgLow2]:67824 [SgLow3]:69020 [SgLow4]:69199 [NetMuon1]:53690 [NetMuon2]:53732 [NetMuon3]:53511 [NetMuon4]:53618
[Run]:40754 [Site]:4 [Bin]:14162 [FullTime]:3003.71 [SkipTime]:0 [Veto1]:58.6913 [Veto2]:64.1439 [Veto3]:54.7554 [Veto4]:55.711 [SgUp1]:55861 [SgUp2]:56751 [SgUp3]:57821 [SgUp4]:57736 [SgLow1]:55834 [SgLow2]:56726 [SgLow3]:57790 [SgLow4]:57718 [NetMuon1]:45242 [NetMuon2]:45146 [NetMuon3]:45319 [NetMuon4]:45304
[Run]:40754 [Site]:4 [Bin]:14163 [FullTime]:3600 [SkipTime]:0 [Veto1]:67.0231 [Veto2]:64.0425 [Veto3]:70.9985 [Veto4]:61.1741 [SgUp1]:67378 [SgUp2]:68386 [SgUp3]:68901 [SgUp4]:68923 [SgLow1]:67354 [SgLow2]:68362 [SgLow3]:68874 [SgLow4]:68901 [NetMuon1]:54077 [NetMuon2]:54130 [NetMuon3]:54051 [NetMuon4]:54196
[Run]:40754 [Site]:4 [Bin]:14164 [FullTime]:3600 [SkipTime]:0 [Veto1]:64.801 [Veto2]:59.8132 [Veto3]:69.6433 [Veto4]:69.6955 [SgUp1]:67414 [SgUp2]:67876 [SgUp3]:69016 [SgUp4]:68273 [SgLow1]:67393 [SgLow2]:67851 [SgLow3]:68992 [SgLow4]:68237 [NetMuon1]:53715 [NetMuon2]:53802 [NetMuon3]:53672 [NetMuon4]:53676
[Run]:40754 [Site]:4 [Bin]:14165 [FullTime]:3600 [SkipTime]:0 [Veto1]:69.7302 [Veto2]:60.8252 [Veto3]:63.7941 [Veto4]:65.8204 [SgUp1]:67768 [SgUp2]:68021 [SgUp3]:69038 [SgUp4]:69390 [SgLow1]:67745 [SgLow2]:67996 [SgLow3]:69021 [SgLow4]:69365 [NetMuon1]:53701 [NetMuon2]:53845 [NetMuon3]:53813 [NetMuon4]:53791
[Run]:40754 [Site]:4 [Bin]:14166 [FullTime]:3600 [SkipTime]:0 [Veto1]:69.72 [Veto2]:63.8005 [Veto3]:72.7339 [Veto4]:61.8488 [SgUp1]:67561 [SgUp2]:67840 [SgUp3]:68827 [SgUp4]:68675 [SgLow1]:67527 [SgLow2]:67806 [SgLow3]:68799 [SgLow4]:68656 [NetMuon1]:53749 [NetMuon2]:53844 [NetMuon3]:53709 [NetMuon4]:53896
[Run]:40754 [Site]:4 [Bin]:14167 [FullTime]:3600 [SkipTime]:0 [Veto1]:65.8579 [Veto2]:72.6857 [Veto3]:61.8239 [Veto4]:67.7849 [SgUp1]:67827 [SgUp2]:68049 [SgUp3]:69095 [SgUp4]:68731 [SgLow1]:67783 [SgLow2]:68024 [SgLow3]:69070 [SgLow4]:68703 [NetMuon1]:53827 [NetMuon2]:53713 [NetMuon3]:53861 [NetMuon4]:53771
[Run]:40754 [Site]:4 [Bin]:14168 [FullTime]:3600 [SkipTime]:0 [Veto1]:63.8917 [Veto2]:62.8756 [Veto3]:62.8368 [Veto4]:65.8177 [SgUp1]:67411 [SgUp2]:68931 [SgUp3]:69117 [SgUp4]:69058 [SgLow1]:67371 [SgLow2]:68907 [SgLow3]:69090 [SgLow4]:69028 [NetMuon1]:53844 [NetMuon2]:53880 [NetMuon3]:53866 [NetMuon4]:53846
[Run]:40754 [Site]:4 [Bin]:14169 [FullTime]:3600 [SkipTime]:0 [Veto1]:61.9585 [Veto2]:61.9365 [Veto3]:63.887 [Veto4]:59.0115 [SgUp1]:67677 [SgUp2]:68364 [SgUp3]:69104 [SgUp4]:68614 [SgLow1]:67646 [SgLow2]:68345 [SgLow3]:69082 [SgLow4]:68598 [NetMuon1]:53984 [NetMuon2]:53970 [NetMuon3]:53950 [NetMuon4]:54034
[Run]:40754 [Site]:4 [Bin]:14170 [FullTime]:3600 [SkipTime]:0 [Veto1]:70.5321 [Veto2]:66.5057 [Veto3]:72.4286 [Veto4]:71.4258 [SgUp1]:67294 [SgUp2]:68423 [SgUp3]:68807 [SgUp4]:68321 [SgLow1]:67275 [SgLow2]:68390 [SgLow3]:68784 [SgLow4]:68297 [NetMuon1]:53455 [NetMuon2]:53507 [NetMuon3]:53423 [NetMuon4]:53429
[Run]:40754 [Site]:4 [Bin]:14171 [FullTime]:3600 [SkipTime]:0 [Veto1]:67.7714 [Veto2]:68.9576 [Veto3]:63.7953 [Veto4]:68.7027 [SgUp1]:67483 [SgUp2]:68074 [SgUp3]:69171 [SgUp4]:68599 [SgLow1]:67437 [SgLow2]:68040 [SgLow3]:69150 [SgLow4]:68563 [NetMuon1]:53739 [NetMuon2]:53739 [NetMuon3]:53802 [NetMuon4]:53699
[Run]:40754 [Site]:4 [Bin]:14172 [FullTime]:3600 [SkipTime]:0 [Veto1]:59.0202 [Veto2]:65.2659 [Veto3]:69.912 [Veto4]:59.0456 [SgUp1]:67552 [SgUp2]:67864 [SgUp3]:68607 [SgUp4]:68913 [SgLow1]:67491 [SgLow2]:67841 [SgLow3]:68571 [SgLow4]:68887 [NetMuon1]:54113 [NetMuon2]:54020 [NetMuon3]:53933 [NetMuon4]:54118
[Run]:40754 [Site]:4 [Bin]:14173 [FullTime]:3600 [SkipTime]:0 [Veto1]:67.9134 [Veto2]:66.8667 [Veto3]:73.8017 [Veto4]:68.9197 [SgUp1]:67174 [SgUp2]:68618 [SgUp3]:69010 [SgUp4]:69077 [SgLow1]:67144 [SgLow2]:68597 [SgLow3]:68972 [SgLow4]:69040 [NetMuon1]:53924 [NetMuon2]:53883 [NetMuon3]:53832 [NetMuon4]:53876
[Run]:40754 [Site]:4 [Bin]:14174 [FullTime]:3600 [SkipTime]:0 [Veto1]:60.99 [Veto2]:71.7731 [Veto3]:66.8634 [Veto4]:64.8831 [SgUp1]:67992 [SgUp2]:68216 [SgUp3]:68751 [SgUp4]:68835 [SgLow1]:67962 [SgLow2]:68171 [SgLow3]:68710 [SgLow4]:68805 [NetMuon1]:54023 [NetMuon2]:53859 [NetMuon3]:53945 [NetMuon4]:53960
[Run]:40754 [Site]:4 [Bin]:14175 [FullTime]:3600 [SkipTime]:0 [Veto1]:59.9738 [Veto2]:63.4671 [Veto3]:61.9632 [Veto4]:55.0377 [SgUp1]:67754 [SgUp2]:68701 [SgUp3]:69457 [SgUp4]:69071 [SgLow1]:67725 [SgLow2]:68675 [SgLow3]:69426 [SgLow4]:69045 [NetMuon1]:54015 [NetMuon2]:53999 [NetMuon3]:54003 [NetMuon4]:54110
[Run]:40754 [Site]:4 [Bin]:14176 [FullTime]:3599.99 [SkipTime]:0 [Veto1]:69.4098 [Veto2]:67.0816 [Veto3]:63.0477 [Veto4]:61.2063 [SgUp1]:67109 [SgUp2]:68341 [SgUp3]:68995 [SgUp4]:69090 [SgLow1]:67064 [SgLow2]:68319 [SgLow3]:68966 [SgLow4]:69059 [NetMuon1]:54132 [NetMuon2]:54195 [NetMuon3]:54209 [NetMuon4]:54272
[Run]:40754 [Site]:4 [Bin]:14177 [FullTime]:3600 [SkipTime]:0 [Veto1]:63.0295 [Veto2]:68.9435 [Veto3]:58.0918 [Veto4]:68.9427 [SgUp1]:67373 [SgUp2]:68103 [SgUp3]:69173 [SgUp4]:69366 [SgLow1]:67349 [SgLow2]:68070 [SgLow3]:69134 [SgLow4]:69335 [NetMuon1]:54062 [NetMuon2]:53959 [NetMuon3]:54134 [NetMuon4]:53997
[Run]:40754 [Site]:4 [Bin]:14178 [FullTime]:3600 [SkipTime]:0 [Veto1]:61.8949 [Veto2]:69.777 [Veto3]:68.7615 [Veto4]:59.9474 [SgUp1]:67750 [SgUp2]:68486 [SgUp3]:69253 [SgUp4]:69123 [SgLow1]:67727 [SgLow2]:68462 [SgLow3]:69228 [SgLow4]:69087 [NetMuon1]:53923 [NetMuon2]:53774 [NetMuon3]:53810 [NetMuon4]:53956
[Run]:40754 [Site]:4 [Bin]:14179 [FullTime]:3600 [SkipTime]:0 [Veto1]:62.9279 [Veto2]:68.1197 [Veto3]:70.7934 [Veto4]:67.791 [SgUp1]:67485 [SgUp2]:68389 [SgUp3]:69065 [SgUp4]:68782 [SgLow1]:67460 [SgLow2]:68359 [SgLow3]:69040 [SgLow4]:68745 [NetMuon1]:53916 [NetMuon2]:53840 [NetMuon3]:53819 [NetMuon4]:53856
[Run]:40754 [Site]:4 [Bin]:14180 [FullTime]:3600 [SkipTime]:0 [Veto1]:69.9103 [Veto2]:64.9258 [Veto3]:70.8548 [Veto4]:69.8947 [SgUp1]:66947 [SgUp2]:68580 [SgUp3]:68967 [SgUp4]:69166 [SgLow1]:66916 [SgLow2]:68551 [SgLow3]:68929 [SgLow4]:69149 [NetMuon1]:53906 [NetMuon2]:54006 [NetMuon3]:53901 [NetMuon4]:53896
[Run]:40754 [Site]:4 [Bin]:14181 [FullTime]:3600 [SkipTime]:0 [Veto1]:61.6627 [Veto2]:59.6923 [Veto3]:65.5853 [Veto4]:60.94 [SgUp1]:67885 [SgUp2]:68423 [SgUp3]:68949 [SgUp4]:68937 [SgLow1]:67862 [SgLow2]:68394 [SgLow3]:68914 [SgLow4]:68907 [NetMuon1]:53620 [NetMuon2]:53661 [NetMuon3]:53569 [NetMuon4]:53645
[Run]:40754 [Site]:4 [Bin]:14182 [FullTime]:3600 [SkipTime]:0 [Veto1]:58.2141 [Veto2]:66.0658 [Veto3]:66.0287 [Veto4]:63.1221 [SgUp1]:66962 [SgUp2]:68312 [SgUp3]:69075 [SgUp4]:68947 [SgLow1]:66919 [SgLow2]:68281 [SgLow3]:69049 [SgLow4]:68915 [NetMuon1]:54236 [NetMuon2]:54097 [NetMuon3]:54107 [NetMuon4]:54183
[Run]:40754 [Site]:4 [Bin]:14183 [FullTime]:3600 [SkipTime]:0 [Veto1]:61.2053 [Veto2]:64.0538 [Veto3]:71.0497 [Veto4]:73.9558 [SgUp1]:67111 [SgUp2]:68556 [SgUp3]:68565 [SgUp4]:68726 [SgLow1]:67084 [SgLow2]:68531 [SgLow3]:68533 [SgLow4]:68700 [NetMuon1]:54241 [NetMuon2]:54167 [NetMuon3]:54152 [NetMuon4]:54052
[Run]:40754 [Site]:4 [Bin]:14184 [FullTime]:3600 [SkipTime]:0 [Veto1]:66.1822 [Veto2]:72.0378 [Veto3]:71.0358 [Veto4]:65.1424 [SgUp1]:67032 [SgUp2]:68339 [SgUp3]:68727 [SgUp4]:68636 [SgLow1]:66999 [SgLow2]:68307 [SgLow3]:68692 [SgLow4]:68588 [NetMuon1]:54240 [NetMuon2]:54155 [NetMuon3]:54178 [NetMuon4]:54235
[Run]:40754 [Site]:4 [Bin]:14185 [FullTime]:3600 [SkipTime]:0 [Veto1]:66.858 [Veto2]:68.7852 [Veto3]:59.9214 [Veto4]:59.9433 [SgUp1]:66445 [SgUp2]:68624 [SgUp3]:68485 [SgUp4]:69193 [SgLow1]:66412 [SgLow2]:68609 [SgLow3]:68461 [SgLow4]:69161 [NetMuon1]:53868 [NetMuon2]:53852 [NetMuon3]:54010 [NetMuon4]:53994
[Run]:40754 [Site]:4 [Bin]:14186 [FullTime]:3600 [SkipTime]:0 [Veto1]:66.9284 [Veto2]:63.9368 [Veto3]:70.7542 [Veto4]:61.9421 [SgUp1]:66825 [SgUp2]:68098 [SgUp3]:68526 [SgUp4]:69227 [SgLow1]:66803 [SgLow2]:68058 [SgLow3]:68486 [SgLow4]:69198 [NetMuon1]:53926 [NetMuon2]:53983 [NetMuon3]:53810 [NetMuon4]:53989
[Run]:40754 [Site]:4 [Bin]:14187 [FullTime]:3600 [SkipTime]:0 [Veto1]:68.5023 [Veto2]:63.0262 [Veto3]:64.5691 [Veto4]:64.0511 [SgUp1]:66539 [SgUp2]:68076 [SgUp3]:69034 [SgUp4]:68859 [SgLow1]:66512 [SgLow2]:68042 [SgLow3]:68989 [SgLow4]:68819 [NetMuon1]:54018 [NetMuon2]:54064 [NetMuon3]:54056 [NetMuon4]:54100
[Run]:40754 [Site]:4 [Bin]:14188 [FullTime]:3600 [SkipTime]:0 [Veto1]:72.8643 [Veto2]:60.9127 [Veto3]:68.8026 [Veto4]:59.8846 [SgUp1]:66637 [SgUp2]:68256 [SgUp3]:68754 [SgUp4]:69086 [SgLow1]:66608 [SgLow2]:68229 [SgLow3]:68715 [SgLow4]:69061 [NetMuon1]:53790 [NetMuon2]:53935 [NetMuon3]:53821 [NetMuon4]:53946
[Run]:40754 [Site]:4 [Bin]:14189 [FullTime]:3600 [SkipTime]:0 [Veto1]:58.8266 [Veto2]:67.6699 [Veto3]:64.5698 [Veto4]:69.6624 [SgUp1]:67147 [SgUp2]:67558 [SgUp3]:68501 [SgUp4]:68389 [SgLow1]:67133 [SgLow2]:67530 [SgLow3]:68478 [SgLow4]:68347 [NetMuon1]:53818 [NetMuon2]:53679 [NetMuon3]:53720 [NetMuon4]:53659
[Run]:40754 [Site]:4 [Bin]:14190 [FullTime]:3600 [SkipTime]:0 [Veto1]:65.8926 [Veto2]:67.6929 [Veto3]:69.75 [Veto4]:66.7501 [SgUp1]:67417 [SgUp2]:68293 [SgUp3]:68576 [SgUp4]:69237 [SgLow1]:67389 [SgLow2]:68259 [SgLow3]:68546 [SgLow4]:69210 [NetMuon1]:53768 [NetMuon2]:53746 [NetMuon3]:53726 [NetMuon4]:53747
[Run]:40754 [Site]:4 [Bin]:14191 [FullTime]:3600 [SkipTime]:0 [Veto1]:72.4616 [Veto2]:59.5849 [Veto3]:67.4457 [Veto4]:67.4757 [SgUp1]:67223 [SgUp2]:68449 [SgUp3]:68631 [SgUp4]:68803 [SgLow1]:67194 [SgLow2]:68411 [SgLow3]:68608 [SgLow4]:68768 [NetMuon1]:53445 [NetMuon2]:53610 [NetMuon3]:53469 [NetMuon4]:53445
[Run]:40754 [Site]:4 [Bin]:14192 [FullTime]:3600 [SkipTime]:0 [Veto1]:62.5747 [Veto2]:73.4953 [Veto3]:68.5193 [Veto4]:64.5691 [SgUp1]:66934 [SgUp2]:68082 [SgUp3]:68787 [SgUp4]:69217 [SgLow1]:66904 [SgLow2]:68058 [SgLow3]:68756 [SgLow4]:69185 [NetMuon1]:53553 [NetMuon2]:53386 [NetMuon3]:53452 [NetMuon4]:53513
[Run]:40754 [Site]:4 [Bin]:14193 [FullTime]:3600 [SkipTime]:0 [Veto1]:66.5326 [Veto2]:81.6846 [Veto3]:65.5083 [Veto4]:71.4466 [SgUp1]:67162 [SgUp2]:68477 [SgUp3]:68919 [SgUp4]:69321 [SgLow1]:67118 [SgLow2]:68446 [SgLow3]:68908 [SgLow4]:69289 [NetMuon1]:53500 [NetMuon2]:53278 [NetMuon3]:53486 [NetMuon4]:53416
[Run]:40754 [Site]:4 [Bin]:14194 [FullTime]:3600 [SkipTime]:0 [Veto1]:66.8712 [Veto2]:67.7659 [Veto3]:73.704 [Veto4]:70.7242 [SgUp1]:67556 [SgUp2]:68269 [SgUp3]:69155 [SgUp4]:69045 [SgLow1]:67542 [SgLow2]:68232 [SgLow3]:69123 [SgLow4]:69022 [NetMuon1]:53843 [NetMuon2]:53782 [NetMuon3]:53713 [NetMuon4]:53719
[Run]:40754 [Site]:4 [Bin]:14195 [FullTime]:3600 [SkipTime]:0 [Veto1]:59.9903 [Veto2]:68.6349 [Veto3]:60.9512 [Veto4]:68.8526 [SgUp1]:67751 [SgUp2]:68412 [SgUp3]:69189 [SgUp4]:69383 [SgLow1]:67734 [SgLow2]:68397 [SgLow3]:69160 [SgLow4]:69348 [NetMuon1]:54049 [NetMuon2]:53949 [NetMuon3]:54039 [NetMuon4]:53926
[Run]:40754 [Site]:4 [Bin]:14196 [FullTime]:3600 [SkipTime]:0 [Veto1]:64.8621 [Veto2]:66.7944 [Veto3]:60.9076 [Veto4]:60.8876 [SgUp1]:67284 [SgUp2]:68454 [SgUp3]:68078 [SgUp4]:69371 [SgLow1]:67249 [SgLow2]:68432 [SgLow3]:68044 [SgLow4]:69349 [NetMuon1]:53860 [NetMuon2]:53826 [NetMuon3]:53928 [NetMuon4]:53923
[Run]:40754 [Site]:4 [Bin]:14197 [FullTime]:3600 [SkipTime]:0 [Veto1]:64.6329 [Veto2]:65.6024 [Veto3]:66.6081 [Veto4]:70.2169 [SgUp1]:67186 [SgUp2]:68420 [SgUp3]:68544 [SgUp4]:68800 [SgLow1]:67160 [SgLow2]:68380 [SgLow3]:68491 [SgLow4]:68764 [NetMuon1]:53639 [NetMuon2]:53626 [NetMuon3]:53612 [NetMuon4]:53589
[Run]:40754 [Site]:4 [Bin]:14198 [FullTime]:3600 [SkipTime]:0 [Veto1]:60.8275 [Veto2]:76.592 [Veto3]:68.9455 [Veto4]:64.7873 [SgUp1]:67670 [SgUp2]:68049 [SgUp3]:68686 [SgUp4]:69117 [SgLow1]:67636 [SgLow2]:68020 [SgLow3]:68661 [SgLow4]:69088 [NetMuon1]:53816 [NetMuon2]:53577 [NetMuon3]:53710 [NetMuon4]:53771
[Run]:40754 [Site]:4 [Bin]:14199 [FullTime]:3600 [SkipTime]:0 [Veto1]:67.116 [Veto2]:70.984 [Veto3]:72.9643 [Veto4]:68.9716 [SgUp1]:67256 [SgUp2]:68405 [SgUp3]:68439 [SgUp4]:68823 [SgLow1]:67218 [SgLow2]:68390 [SgLow3]:68408 [SgLow4]:68783 [NetMuon1]:54143 [NetMuon2]:54065 [NetMuon3]:54045 [NetMuon4]:54079
[Run]:40754 [Site]:4 [Bin]:14200 [FullTime]:3600 [SkipTime]:0 [Veto1]:64.7026 [Veto2]:64.6635 [Veto3]:65.6612 [Veto4]:59.7454 [SgUp1]:66967 [SgUp2]:68530 [SgUp3]:68950 [SgUp4]:68820 [SgLow1]:66939 [SgLow2]:68500 [SgLow3]:68927 [SgLow4]:68792 [NetMuon1]:53699 [NetMuon2]:53709 [NetMuon3]:53686 [NetMuon4]:53757
[Run]:40754 [Site]:4 [Bin]:14201 [FullTime]:3600 [SkipTime]:0 [Veto1]:60.8696 [Veto2]:71.3072 [Veto3]:67.7482 [Veto4]:70.7357 [SgUp1]:67379 [SgUp2]:68938 [SgUp3]:68377 [SgUp4]:68859 [SgLow1]:67347 [SgLow2]:68899 [SgLow3]:68344 [SgLow4]:68827 [NetMuon1]:53896 [NetMuon2]:53734 [NetMuon3]:53787 [NetMuon4]:53746
[Run]:40754 [Site]:4 [Bin]:14202 [FullTime]:3600 [SkipTime]:0 [Veto1]:68.6201 [Veto2]:69.8543 [Veto3]:64.0411 [Veto4]:59.0456 [SgUp1]:66806 [SgUp2]:68175 [SgUp3]:68904 [SgUp4]:69047 [SgLow1]:66784 [SgLow2]:68145 [SgLow3]:68859 [SgLow4]:69007 [NetMuon1]:53986 [NetMuon2]:53910 [NetMuon3]:54056 [NetMuon4]:54123
[Run]:40754 [Site]:4 [Bin]:14203 [FullTime]:3600 [SkipTime]:0 [Veto1]:62.8663 [Veto2]:63.7765 [Veto3]:65.7717 [Veto4]:65.7491 [SgUp1]:67305 [SgUp2]:68911 [SgUp3]:68663 [SgUp4]:69492 [SgLow1]:67274 [SgLow2]:68884 [SgLow3]:68634 [SgLow4]:69462 [NetMuon1]:53775 [NetMuon2]:53788 [NetMuon3]:53770 [NetMuon4]:53715
[Run]:40754 [Site]:4 [Bin]:14204 [FullTime]:3599.99 [SkipTime]:0 [Veto1]:65.3698 [Veto2]:70.6072 [Veto3]:54.7685 [Veto4]:59.7297 [SgUp1]:67614 [SgUp2]:68678 [SgUp3]:68620 [SgUp4]:68824 [SgLow1]:67594 [SgLow2]:68654 [SgLow3]:68587 [SgLow4]:68788 [NetMuon1]:53704 [NetMuon2]:53603 [NetMuon3]:53833 [NetMuon4]:53775
[Run]:40754 [Site]:4 [Bin]:14205 [FullTime]:3600 [SkipTime]:0 [Veto1]:64.876 [Veto2]:65.8929 [Veto3]:64.8583 [Veto4]:62.8853 [SgUp1]:67241 [SgUp2]:68717 [SgUp3]:68736 [SgUp4]:68639 [SgLow1]:67217 [SgLow2]:68685 [SgLow3]:68703 [SgLow4]:68627 [NetMuon1]:53903 [NetMuon2]:53921 [NetMuon3]:53910 [NetMuon4]:53956
[Run]:40754 [Site]:4 [Bin]:14206 [FullTime]:3600.01 [SkipTime]:0 [Veto1]:61.8226 [Veto2]:62.7527 [Veto3]:68.6787 [Veto4]:71.6917 [SgUp1]:67743 [SgUp2]:68161 [SgUp3]:68590 [SgUp4]:69233 [SgLow1]:67717 [SgLow2]:68119 [SgLow3]:68575 [SgLow4]:69208 [NetMuon1]:53767 [NetMuon2]:53747 [NetMuon3]:53696 [NetMuon4]:53628
[Run]:40754 [Site]:4 [Bin]:14207 [FullTime]:3599.99 [SkipTime]:0 [Veto1]:68.6917 [Veto2]:59.7204 [Veto3]:70.6173 [Veto4]:63.7102 [SgUp1]:67605 [SgUp2]:68363 [SgUp3]:68570 [SgUp4]:69260 [SgLow1]:67582 [SgLow2]:68331 [SgLow3]:68540 [SgLow4]:69236 [NetMuon1]:53671 [NetMuon2]:53788 [NetMuon3]:53635 [NetMuon4]:53750
End process Run: 40754 ... 
[Run]:40754 [Site]:4 [Bin]:14208 [FullTime]:54.7245 [SkipTime]:0 [Veto1]:0.66659 [Veto2]:0.66139 [Veto3]:0.660267 [Veto4]:0.66499
