StreamChain add 0x1e4c77f0
Start to process run: 40146 ... 
[Run]:40146 [Site]:4 [Bin]:13369 [FullTime]:1628.42 [SkipTime]:0 [Veto1]:33.0885 [Veto2]:26.1807 [Veto3]:25.1867 [Veto4]:29.1572 [SgUp1]:30286 [SgUp2]:31071 [SgUp3]:31010 [SgUp4]:31856 [SgLow1]:30274 [SgLow2]:31049 [SgLow3]:30994 [SgLow4]:31833 [NetMuon1]:25355 [NetMuon2]:25466 [NetMuon3]:25476 [NetMuon4]:25436
[Run]:40146 [Site]:4 [Bin]:13370 [FullTime]:3600 [SkipTime]:0 [Veto1]:64.6923 [Veto2]:72.6158 [Veto3]:68.6152 [Veto4]:65.6923 [SgUp1]:67123 [SgUp2]:68191 [SgUp3]:68424 [SgUp4]:70476 [SgLow1]:67095 [SgLow2]:68154 [SgLow3]:68405 [SgLow4]:70444 [NetMuon1]:56116 [NetMuon2]:56001 [NetMuon3]:56106 [NetMuon4]:56122
[Run]:40146 [Site]:4 [Bin]:13371 [FullTime]:3600.01 [SkipTime]:0 [Veto1]:64.481 [Veto2]:78.2589 [Veto3]:65.5162 [Veto4]:64.4318 [SgUp1]:66730 [SgUp2]:68586 [SgUp3]:69652 [SgUp4]:70792 [SgLow1]:66693 [SgLow2]:68561 [SgLow3]:69618 [SgLow4]:70752 [NetMuon1]:55878 [NetMuon2]:55650 [NetMuon3]:55821 [NetMuon4]:55858
[Run]:40146 [Site]:4 [Bin]:13372 [FullTime]:3599.99 [SkipTime]:0 [Veto1]:67.302 [Veto2]:76.8625 [Veto3]:62.3279 [Veto4]:71.21 [SgUp1]:67229 [SgUp2]:68618 [SgUp3]:68782 [SgUp4]:71167 [SgLow1]:67181 [SgLow2]:68583 [SgLow3]:68738 [SgLow4]:71122 [NetMuon1]:55658 [NetMuon2]:55491 [NetMuon3]:55728 [NetMuon4]:55543
[Run]:40146 [Site]:4 [Bin]:13373 [FullTime]:3600 [SkipTime]:0 [Veto1]:62.3071 [Veto2]:61.2762 [Veto3]:66.245 [Veto4]:75.0768 [SgUp1]:67771 [SgUp2]:69323 [SgUp3]:70174 [SgUp4]:70833 [SgLow1]:67720 [SgLow2]:69296 [SgLow3]:70132 [SgLow4]:70797 [NetMuon1]:55671 [NetMuon2]:55673 [NetMuon3]:55563 [NetMuon4]:55456
[Run]:40146 [Site]:4 [Bin]:13374 [FullTime]:3600 [SkipTime]:0 [Veto1]:68.1015 [Veto2]:65.0912 [Veto3]:78.893 [Veto4]:72.0405 [SgUp1]:67476 [SgUp2]:68367 [SgUp3]:69659 [SgUp4]:70688 [SgLow1]:67451 [SgLow2]:68344 [SgLow3]:69628 [SgLow4]:70650 [NetMuon1]:55385 [NetMuon2]:55428 [NetMuon3]:55183 [NetMuon4]:55339
[Run]:40146 [Site]:4 [Bin]:13375 [FullTime]:3600 [SkipTime]:0 [Veto1]:66.3569 [Veto2]:67.071 [Veto3]:66.0196 [Veto4]:70.9296 [SgUp1]:66919 [SgUp2]:69010 [SgUp3]:70011 [SgUp4]:70366 [SgLow1]:66891 [SgLow2]:68988 [SgLow3]:69974 [SgLow4]:70316 [NetMuon1]:55364 [NetMuon2]:55372 [NetMuon3]:55369 [NetMuon4]:55277
[Run]:40146 [Site]:4 [Bin]:13376 [FullTime]:3600 [SkipTime]:0 [Veto1]:62.5589 [Veto2]:74.3126 [Veto3]:61.9203 [Veto4]:74.3794 [SgUp1]:67274 [SgUp2]:68631 [SgUp3]:69963 [SgUp4]:70463 [SgLow1]:67251 [SgLow2]:68604 [SgLow3]:69938 [SgLow4]:70443 [NetMuon1]:55924 [NetMuon2]:55679 [NetMuon3]:55927 [NetMuon4]:55737
[Run]:40146 [Site]:4 [Bin]:13377 [FullTime]:3600 [SkipTime]:0 [Veto1]:62.2945 [Veto2]:73.1422 [Veto3]:69.199 [Veto4]:73.1406 [SgUp1]:67897 [SgUp2]:68515 [SgUp3]:69628 [SgUp4]:70427 [SgLow1]:67856 [SgLow2]:68478 [SgLow3]:69580 [SgLow4]:70392 [NetMuon1]:55668 [NetMuon2]:55521 [NetMuon3]:55548 [NetMuon4]:55488
[Run]:40146 [Site]:4 [Bin]:13378 [FullTime]:3600 [SkipTime]:0 [Veto1]:72.0254 [Veto2]:65.0864 [Veto3]:69.0094 [Veto4]:70.9885 [SgUp1]:67917 [SgUp2]:68509 [SgUp3]:69894 [SgUp4]:70447 [SgLow1]:67902 [SgLow2]:68472 [SgLow3]:69873 [SgLow4]:70397 [NetMuon1]:55329 [NetMuon2]:55425 [NetMuon3]:55337 [NetMuon4]:55342
[Run]:40146 [Site]:4 [Bin]:13379 [FullTime]:3600 [SkipTime]:0 [Veto1]:68.5593 [Veto2]:66.0963 [Veto3]:69.09 [Veto4]:72.065 [SgUp1]:67299 [SgUp2]:68349 [SgUp3]:69720 [SgUp4]:70605 [SgLow1]:67272 [SgLow2]:68308 [SgLow3]:69682 [SgLow4]:70570 [NetMuon1]:55386 [NetMuon2]:55461 [NetMuon3]:55378 [NetMuon4]:55405
[Run]:40146 [Site]:4 [Bin]:13380 [FullTime]:3600 [SkipTime]:0 [Veto1]:77.5813 [Veto2]:58.8085 [Veto3]:65.6732 [Veto4]:67.7625 [SgUp1]:67047 [SgUp2]:68857 [SgUp3]:70150 [SgUp4]:70362 [SgLow1]:67032 [SgLow2]:68837 [SgLow3]:70115 [SgLow4]:70333 [NetMuon1]:54767 [NetMuon2]:55066 [NetMuon3]:54877 [NetMuon4]:54959
[Run]:40146 [Site]:4 [Bin]:13381 [FullTime]:3600 [SkipTime]:0 [Veto1]:67.0049 [Veto2]:70.8487 [Veto3]:77.8404 [Veto4]:68.5699 [SgUp1]:67673 [SgUp2]:68952 [SgUp3]:69876 [SgUp4]:70434 [SgLow1]:67642 [SgLow2]:68908 [SgLow3]:69839 [SgLow4]:70396 [NetMuon1]:55261 [NetMuon2]:55161 [NetMuon3]:55058 [NetMuon4]:55185
[Run]:40146 [Site]:4 [Bin]:13382 [FullTime]:3600 [SkipTime]:0 [Veto1]:65.2149 [Veto2]:74.0937 [Veto3]:65.2222 [Veto4]:72.0828 [SgUp1]:67457 [SgUp2]:68848 [SgUp3]:69865 [SgUp4]:70492 [SgLow1]:67420 [SgLow2]:68822 [SgLow3]:69844 [SgLow4]:70472 [NetMuon1]:55522 [NetMuon2]:55369 [NetMuon3]:55550 [NetMuon4]:55430
[Run]:40146 [Site]:4 [Bin]:13383 [FullTime]:3600 [SkipTime]:0 [Veto1]:57.2086 [Veto2]:71.9203 [Veto3]:61.1252 [Veto4]:64.0659 [SgUp1]:67685 [SgUp2]:68933 [SgUp3]:69860 [SgUp4]:71041 [SgLow1]:67665 [SgLow2]:68906 [SgLow3]:69837 [SgLow4]:71014 [NetMuon1]:55483 [NetMuon2]:55237 [NetMuon3]:55422 [NetMuon4]:55352
[Run]:40146 [Site]:4 [Bin]:13384 [FullTime]:3600 [SkipTime]:0 [Veto1]:61.0935 [Veto2]:65.9828 [Veto3]:70.8909 [Veto4]:72.846 [SgUp1]:67677 [SgUp2]:68921 [SgUp3]:69823 [SgUp4]:70217 [SgLow1]:67658 [SgLow2]:68889 [SgLow3]:69794 [SgLow4]:70174 [NetMuon1]:55367 [NetMuon2]:55274 [NetMuon3]:55209 [NetMuon4]:55129
[Run]:40146 [Site]:4 [Bin]:13385 [FullTime]:3600 [SkipTime]:0 [Veto1]:65.2019 [Veto2]:64.1671 [Veto3]:65.2114 [Veto4]:63.2191 [SgUp1]:67319 [SgUp2]:68753 [SgUp3]:69839 [SgUp4]:70650 [SgLow1]:67287 [SgLow2]:68731 [SgLow3]:69797 [SgLow4]:70617 [NetMuon1]:55489 [NetMuon2]:55500 [NetMuon3]:55501 [NetMuon4]:55545
[Run]:40146 [Site]:4 [Bin]:13386 [FullTime]:3600 [SkipTime]:0 [Veto1]:69.7845 [Veto2]:64.8309 [Veto3]:65.7771 [Veto4]:67.8276 [SgUp1]:67487 [SgUp2]:68940 [SgUp3]:69898 [SgUp4]:70532 [SgLow1]:67451 [SgLow2]:68911 [SgLow3]:69869 [SgLow4]:70495 [NetMuon1]:55026 [NetMuon2]:55131 [NetMuon3]:55120 [NetMuon4]:55102
[Run]:40146 [Site]:4 [Bin]:13387 [FullTime]:3600 [SkipTime]:0 [Veto1]:69.8282 [Veto2]:67.8527 [Veto3]:64.3282 [Veto4]:65.8569 [SgUp1]:67825 [SgUp2]:68632 [SgUp3]:69523 [SgUp4]:70609 [SgLow1]:67791 [SgLow2]:68604 [SgLow3]:69486 [SgLow4]:70586 [NetMuon1]:55092 [NetMuon2]:55158 [NetMuon3]:55192 [NetMuon4]:55177
[Run]:40146 [Site]:4 [Bin]:13388 [FullTime]:3600 [SkipTime]:0 [Veto1]:73.7733 [Veto2]:67.8648 [Veto3]:74.7071 [Veto4]:66.7813 [SgUp1]:67474 [SgUp2]:69051 [SgUp3]:69642 [SgUp4]:70720 [SgLow1]:67431 [SgLow2]:69026 [SgLow3]:69612 [SgLow4]:70678 [NetMuon1]:54995 [NetMuon2]:55095 [NetMuon3]:54981 [NetMuon4]:55120
[Run]:40146 [Site]:4 [Bin]:13389 [FullTime]:3600 [SkipTime]:0 [Veto1]:75.1957 [Veto2]:77.9485 [Veto3]:72.0321 [Veto4]:65.8266 [SgUp1]:68068 [SgUp2]:68477 [SgUp3]:69212 [SgUp4]:70565 [SgLow1]:68046 [SgLow2]:68460 [SgLow3]:69173 [SgLow4]:70526 [NetMuon1]:54982 [NetMuon2]:54954 [NetMuon3]:55005 [NetMuon4]:55130
[Run]:40146 [Site]:4 [Bin]:13390 [FullTime]:3600 [SkipTime]:0 [Veto1]:68.9306 [Veto2]:68.8828 [Veto3]:57.8815 [Veto4]:66.9221 [SgUp1]:67586 [SgUp2]:69299 [SgUp3]:69983 [SgUp4]:70645 [SgLow1]:67546 [SgLow2]:69286 [SgLow3]:69955 [SgLow4]:70602 [NetMuon1]:55198 [NetMuon2]:55224 [NetMuon3]:55390 [NetMuon4]:55247
[Run]:40146 [Site]:4 [Bin]:13391 [FullTime]:3600 [SkipTime]:0 [Veto1]:62.1781 [Veto2]:70.0409 [Veto3]:71.9973 [Veto4]:71.0671 [SgUp1]:67978 [SgUp2]:69016 [SgUp3]:69662 [SgUp4]:70555 [SgLow1]:67958 [SgLow2]:68978 [SgLow3]:69630 [SgLow4]:70512 [NetMuon1]:55461 [NetMuon2]:55339 [NetMuon3]:55315 [NetMuon4]:55321
[Run]:40146 [Site]:4 [Bin]:13392 [FullTime]:3600 [SkipTime]:0 [Veto1]:69.9471 [Veto2]:60.0747 [Veto3]:71.9113 [Veto4]:60.0961 [SgUp1]:67710 [SgUp2]:68962 [SgUp3]:69707 [SgUp4]:71017 [SgLow1]:67670 [SgLow2]:68936 [SgLow3]:69667 [SgLow4]:70981 [NetMuon1]:55221 [NetMuon2]:55401 [NetMuon3]:55199 [NetMuon4]:55398
[Run]:40146 [Site]:4 [Bin]:13393 [FullTime]:3600 [SkipTime]:0 [Veto1]:66.279 [Veto2]:63.3129 [Veto3]:66.2542 [Veto4]:62.3502 [SgUp1]:68196 [SgUp2]:68861 [SgUp3]:69762 [SgUp4]:70605 [SgLow1]:68172 [SgLow2]:68840 [SgLow3]:69727 [SgLow4]:70577 [NetMuon1]:55588 [NetMuon2]:55649 [NetMuon3]:55601 [NetMuon4]:55683
[Run]:40146 [Site]:4 [Bin]:13394 [FullTime]:3600 [SkipTime]:0 [Veto1]:66.0607 [Veto2]:67.0637 [Veto3]:65.0467 [Veto4]:61.1482 [SgUp1]:67774 [SgUp2]:69019 [SgUp3]:69587 [SgUp4]:70475 [SgLow1]:67744 [SgLow2]:68983 [SgLow3]:69558 [SgLow4]:70429 [NetMuon1]:55364 [NetMuon2]:55377 [NetMuon3]:55384 [NetMuon4]:55443
[Run]:40146 [Site]:4 [Bin]:13395 [FullTime]:3600 [SkipTime]:0 [Veto1]:63.8903 [Veto2]:73.3995 [Veto3]:66.8072 [Veto4]:73.5508 [SgUp1]:68077 [SgUp2]:68988 [SgUp3]:69799 [SgUp4]:70376 [SgLow1]:68055 [SgLow2]:68948 [SgLow3]:69771 [SgLow4]:70341 [NetMuon1]:55128 [NetMuon2]:54946 [NetMuon3]:55071 [NetMuon4]:54972
[Run]:40146 [Site]:4 [Bin]:13396 [FullTime]:3600 [SkipTime]:0 [Veto1]:64.2477 [Veto2]:65.1992 [Veto3]:72.131 [Veto4]:68.177 [SgUp1]:67853 [SgUp2]:69115 [SgUp3]:69351 [SgUp4]:70356 [SgLow1]:67820 [SgLow2]:69088 [SgLow3]:69327 [SgLow4]:70324 [NetMuon1]:55554 [NetMuon2]:55528 [NetMuon3]:55435 [NetMuon4]:55527
[Run]:40146 [Site]:4 [Bin]:13397 [FullTime]:3600 [SkipTime]:0 [Veto1]:73.131 [Veto2]:64.222 [Veto3]:64.2257 [Veto4]:65.1943 [SgUp1]:67152 [SgUp2]:69053 [SgUp3]:69831 [SgUp4]:70345 [SgLow1]:67124 [SgLow2]:69022 [SgLow3]:69796 [SgLow4]:70320 [NetMuon1]:55450 [NetMuon2]:55598 [NetMuon3]:55582 [NetMuon4]:55576
[Run]:40146 [Site]:4 [Bin]:13398 [FullTime]:3600 [SkipTime]:0 [Veto1]:57.3417 [Veto2]:61.2369 [Veto3]:69.1299 [Veto4]:71.06 [SgUp1]:67725 [SgUp2]:69689 [SgUp3]:69632 [SgUp4]:70358 [SgLow1]:67687 [SgLow2]:69654 [SgLow3]:69607 [SgLow4]:70328 [NetMuon1]:55685 [NetMuon2]:55590 [NetMuon3]:55476 [NetMuon4]:55448
[Run]:40146 [Site]:4 [Bin]:13399 [FullTime]:3600 [SkipTime]:0 [Veto1]:64.0063 [Veto2]:59.033 [Veto3]:69.8666 [Veto4]:70.8783 [SgUp1]:67989 [SgUp2]:69341 [SgUp3]:69774 [SgUp4]:67836 [SgLow1]:67965 [SgLow2]:69302 [SgLow3]:69741 [SgLow4]:67810 [NetMuon1]:55273 [NetMuon2]:55371 [NetMuon3]:55195 [NetMuon4]:55153
[Run]:40146 [Site]:4 [Bin]:13400 [FullTime]:3600 [SkipTime]:0 [Veto1]:60.7974 [Veto2]:61.7272 [Veto3]:70.7056 [Veto4]:68.7042 [SgUp1]:67605 [SgUp2]:69076 [SgUp3]:69967 [SgUp4]:68389 [SgLow1]:67580 [SgLow2]:69049 [SgLow3]:69948 [SgLow4]:68366 [NetMuon1]:56223 [NetMuon2]:56176 [NetMuon3]:56080 [NetMuon4]:56126
[Run]:40146 [Site]:4 [Bin]:13401 [FullTime]:3600 [SkipTime]:0 [Veto1]:65.3684 [Veto2]:70.2468 [Veto3]:62.3666 [Veto4]:70.2414 [SgUp1]:67714 [SgUp2]:69068 [SgUp3]:70246 [SgUp4]:68324 [SgLow1]:67664 [SgLow2]:69041 [SgLow3]:70218 [SgLow4]:68282 [NetMuon1]:55669 [NetMuon2]:55594 [NetMuon3]:55733 [NetMuon4]:55606
[Run]:40146 [Site]:4 [Bin]:13402 [FullTime]:3600 [SkipTime]:0 [Veto1]:64.6 [Veto2]:73.4912 [Veto3]:68.4985 [Veto4]:71.517 [SgUp1]:67444 [SgUp2]:68696 [SgUp3]:70499 [SgUp4]:68342 [SgLow1]:67421 [SgLow2]:68664 [SgLow3]:70473 [SgLow4]:68307 [NetMuon1]:56019 [NetMuon2]:55918 [NetMuon3]:55965 [NetMuon4]:55894
[Run]:40146 [Site]:4 [Bin]:13403 [FullTime]:3600 [SkipTime]:0 [Veto1]:70.4713 [Veto2]:70.447 [Veto3]:64.5281 [Veto4]:71.1945 [SgUp1]:67885 [SgUp2]:68440 [SgUp3]:70015 [SgUp4]:68818 [SgLow1]:67850 [SgLow2]:68405 [SgLow3]:69998 [SgLow4]:68789 [NetMuon1]:55871 [NetMuon2]:55833 [NetMuon3]:55973 [NetMuon4]:55844
[Run]:40146 [Site]:4 [Bin]:13404 [FullTime]:3600 [SkipTime]:0 [Veto1]:68.8738 [Veto2]:65.8136 [Veto3]:70.8092 [Veto4]:64.8421 [SgUp1]:67532 [SgUp2]:68502 [SgUp3]:69986 [SgUp4]:68256 [SgLow1]:67498 [SgLow2]:68478 [SgLow3]:69956 [SgLow4]:68225 [NetMuon1]:56354 [NetMuon2]:56374 [NetMuon3]:56308 [NetMuon4]:56406
[Run]:40146 [Site]:4 [Bin]:13406 [FullTime]:2995.93 [SkipTime]:0 [Veto1]:53.9571 [Veto2]:57.8769 [Veto3]:56.9193 [Veto4]:56.9721 [SgUp1]:56046 [SgUp2]:57740 [SgUp3]:58288 [SgUp4]:56719 [SgLow1]:56032 [SgLow2]:57707 [SgLow3]:58252 [SgLow4]:56701 [NetMuon1]:46853 [NetMuon2]:46827 [NetMuon3]:46818 [NetMuon4]:46849
[Run]:40146 [Site]:4 [Bin]:13407 [FullTime]:3600 [SkipTime]:0 [Veto1]:76.5446 [Veto2]:65.6246 [Veto3]:70.5406 [Veto4]:65.2932 [SgUp1]:67245 [SgUp2]:68943 [SgUp3]:70506 [SgUp4]:67962 [SgLow1]:67214 [SgLow2]:68895 [SgLow3]:70481 [SgLow4]:67945 [NetMuon1]:55917 [NetMuon2]:56079 [NetMuon3]:55999 [NetMuon4]:56087
[Run]:40146 [Site]:4 [Bin]:13408 [FullTime]:3600 [SkipTime]:0 [Veto1]:71.5204 [Veto2]:72.8886 [Veto3]:70.914 [Veto4]:64.0606 [SgUp1]:67435 [SgUp2]:68386 [SgUp3]:70174 [SgUp4]:68173 [SgLow1]:67415 [SgLow2]:68365 [SgLow3]:70128 [SgLow4]:68136 [NetMuon1]:56440 [NetMuon2]:56429 [NetMuon3]:56442 [NetMuon4]:56557
[Run]:40146 [Site]:4 [Bin]:13409 [FullTime]:3600 [SkipTime]:0 [Veto1]:73.302 [Veto2]:66.2693 [Veto3]:72.1861 [Veto4]:66.2414 [SgUp1]:67752 [SgUp2]:68682 [SgUp3]:70445 [SgUp4]:68144 [SgLow1]:67726 [SgLow2]:68665 [SgLow3]:70409 [SgLow4]:68102 [NetMuon1]:55557 [NetMuon2]:55646 [NetMuon3]:55562 [NetMuon4]:55656
[Run]:40146 [Site]:4 [Bin]:13410 [FullTime]:3600 [SkipTime]:0 [Veto1]:66.0269 [Veto2]:66.0422 [Veto3]:72.9095 [Veto4]:66.9811 [SgUp1]:67744 [SgUp2]:68448 [SgUp3]:70406 [SgUp4]:68087 [SgLow1]:67693 [SgLow2]:68420 [SgLow3]:70376 [SgLow4]:68046 [NetMuon1]:55302 [NetMuon2]:55320 [NetMuon3]:55178 [NetMuon4]:55282
[Run]:40146 [Site]:4 [Bin]:13411 [FullTime]:3600 [SkipTime]:0 [Veto1]:72.4977 [Veto2]:65.0255 [Veto3]:65.0349 [Veto4]:64.0265 [SgUp1]:67439 [SgUp2]:68735 [SgUp3]:70391 [SgUp4]:68689 [SgLow1]:67401 [SgLow2]:68704 [SgLow3]:70356 [SgLow4]:68654 [NetMuon1]:55211 [NetMuon2]:55351 [NetMuon3]:55318 [NetMuon4]:55368
[Run]:40146 [Site]:4 [Bin]:13412 [FullTime]:3600 [SkipTime]:0 [Veto1]:63.8756 [Veto2]:64.8883 [Veto3]:70.7497 [Veto4]:64.8528 [SgUp1]:68077 [SgUp2]:68848 [SgUp3]:70006 [SgUp4]:68046 [SgLow1]:68049 [SgLow2]:68823 [SgLow3]:69975 [SgLow4]:68014 [NetMuon1]:55152 [NetMuon2]:55136 [NetMuon3]:55033 [NetMuon4]:55107
[Run]:40146 [Site]:4 [Bin]:13413 [FullTime]:3600 [SkipTime]:0 [Veto1]:74.0646 [Veto2]:62.2512 [Veto3]:78.9803 [Veto4]:74.0762 [SgUp1]:67429 [SgUp2]:68320 [SgUp3]:69876 [SgUp4]:67475 [SgLow1]:67403 [SgLow2]:68281 [SgLow3]:69837 [SgLow4]:67430 [NetMuon1]:55405 [NetMuon2]:55586 [NetMuon3]:55294 [NetMuon4]:55410
[Run]:40146 [Site]:4 [Bin]:13414 [FullTime]:3600 [SkipTime]:0 [Veto1]:68.8762 [Veto2]:68.8254 [Veto3]:65.8611 [Veto4]:65.908 [SgUp1]:67687 [SgUp2]:69116 [SgUp3]:70226 [SgUp4]:67914 [SgLow1]:67641 [SgLow2]:69082 [SgLow3]:70202 [SgLow4]:67895 [NetMuon1]:55080 [NetMuon2]:55103 [NetMuon3]:55114 [NetMuon4]:55162
[Run]:40146 [Site]:4 [Bin]:13415 [FullTime]:3600 [SkipTime]:0 [Veto1]:58.089 [Veto2]:64.9459 [Veto3]:63.9862 [Veto4]:68.6551 [SgUp1]:67973 [SgUp2]:69074 [SgUp3]:69936 [SgUp4]:67954 [SgLow1]:67950 [SgLow2]:69025 [SgLow3]:69899 [SgLow4]:67913 [NetMuon1]:55376 [NetMuon2]:55267 [NetMuon3]:55326 [NetMuon4]:55207
[Run]:40146 [Site]:4 [Bin]:13416 [FullTime]:2298.93 [SkipTime]:1301.07 [Veto1]:42.2872 [Veto2]:40.2891 [Veto3]:40.2892 [Veto4]:46.1934 [SgUp1]:43240 [SgUp2]:44203 [SgUp3]:44567 [SgUp4]:43567 [SgLow1]:43225 [SgLow2]:44191 [SgLow3]:44538 [SgLow4]:43553 [NetMuon1]:35171 [NetMuon2]:35216 [NetMuon3]:35201 [NetMuon4]:35081
End process Run: 40146 ... 
[Run]:40146 [Site]:4 [Bin]:13417 [FullTime]:1127.55 [SkipTime]:0 [Veto1]:22.1804 [Veto2]:21.1546 [Veto3]:22.161 [Veto4]:19.1686
