StreamChain add 0x1ac627f0
Start to process run: 40660 ... 
[Run]:40660 [Site]:4 [Bin]:13993 [FullTime]:3105.83 [SkipTime]:0 [Veto1]:51.9254 [Veto2]:63.777 [Veto3]:65.6999 [Veto4]:62.7611 [SgUp1]:58385 [SgUp2]:59570 [SgUp3]:60091 [SgUp4]:59164 [SgLow1]:58369 [SgLow2]:59547 [SgLow3]:60057 [SgLow4]:59154 [NetMuon1]:49191 [NetMuon2]:49039 [NetMuon3]:49048 [NetMuon4]:49058
[Run]:40660 [Site]:4 [Bin]:13994 [FullTime]:3600 [SkipTime]:0 [Veto1]:66.2671 [Veto2]:63.2688 [Veto3]:73.1186 [Veto4]:70.1622 [SgUp1]:67157 [SgUp2]:69394 [SgUp3]:69019 [SgUp4]:69008 [SgLow1]:67127 [SgLow2]:69370 [SgLow3]:68985 [SgLow4]:68977 [NetMuon1]:56780 [NetMuon2]:56863 [NetMuon3]:56709 [NetMuon4]:56761
[Run]:40660 [Site]:4 [Bin]:13995 [FullTime]:3600 [SkipTime]:0 [Veto1]:65.3202 [Veto2]:66.2507 [Veto3]:63.2678 [Veto4]:57.6979 [SgUp1]:67094 [SgUp2]:69058 [SgUp3]:69350 [SgUp4]:69308 [SgLow1]:67067 [SgLow2]:69032 [SgLow3]:69327 [SgLow4]:69285 [NetMuon1]:56870 [NetMuon2]:56853 [NetMuon3]:56900 [NetMuon4]:56971
[Run]:40660 [Site]:4 [Bin]:13996 [FullTime]:3600 [SkipTime]:0 [Veto1]:62.4815 [Veto2]:63.4597 [Veto3]:67.4187 [Veto4]:67.416 [SgUp1]:67414 [SgUp2]:68941 [SgUp3]:69105 [SgUp4]:69320 [SgLow1]:67380 [SgLow2]:68920 [SgLow3]:69060 [SgLow4]:69302 [NetMuon1]:57128 [NetMuon2]:57133 [NetMuon3]:57072 [NetMuon4]:57064
[Run]:40660 [Site]:4 [Bin]:13997 [FullTime]:3600 [SkipTime]:0 [Veto1]:64.2753 [Veto2]:66.2104 [Veto3]:68.2108 [Veto4]:63.1883 [SgUp1]:67636 [SgUp2]:69334 [SgUp3]:68919 [SgUp4]:69250 [SgLow1]:67609 [SgLow2]:69311 [SgLow3]:68899 [SgLow4]:69215 [NetMuon1]:56814 [NetMuon2]:56769 [NetMuon3]:56731 [NetMuon4]:56805
[Run]:40660 [Site]:4 [Bin]:13998 [FullTime]:3600 [SkipTime]:0 [Veto1]:81.943 [Veto2]:61.6188 [Veto3]:66.5171 [Veto4]:70.4814 [SgUp1]:66926 [SgUp2]:69441 [SgUp3]:69247 [SgUp4]:69067 [SgLow1]:66900 [SgLow2]:69414 [SgLow3]:69216 [SgLow4]:69036 [NetMuon1]:56959 [NetMuon2]:57278 [NetMuon3]:57154 [NetMuon4]:57126
[Run]:40660 [Site]:4 [Bin]:13999 [FullTime]:3600 [SkipTime]:0 [Veto1]:64.3323 [Veto2]:71.8583 [Veto3]:66.9588 [Veto4]:68.9712 [SgUp1]:67731 [SgUp2]:68698 [SgUp3]:68545 [SgUp4]:68558 [SgLow1]:67694 [SgLow2]:68673 [SgLow3]:68513 [SgLow4]:68532 [NetMuon1]:57751 [NetMuon2]:57654 [NetMuon3]:57696 [NetMuon4]:57683
[Run]:40660 [Site]:4 [Bin]:14000 [FullTime]:2299.34 [SkipTime]:1300.66 [Veto1]:45.4898 [Veto2]:46.3926 [Veto3]:45.4009 [Veto4]:43.2744 [SgUp1]:42557 [SgUp2]:43685 [SgUp3]:43907 [SgUp4]:43887 [SgLow1]:42537 [SgLow2]:43657 [SgLow3]:43876 [SgLow4]:43870 [NetMuon1]:36628 [NetMuon2]:36574 [NetMuon3]:36624 [NetMuon4]:36638
[Run]:40660 [Site]:4 [Bin]:14001 [FullTime]:3600 [SkipTime]:0 [Veto1]:66.8718 [Veto2]:65.6881 [Veto3]:71.6163 [Veto4]:65.7152 [SgUp1]:66950 [SgUp2]:68634 [SgUp3]:69196 [SgUp4]:69245 [SgLow1]:66928 [SgLow2]:68610 [SgLow3]:69160 [SgLow4]:69214 [NetMuon1]:57379 [NetMuon2]:57408 [NetMuon3]:57316 [NetMuon4]:57401
[Run]:40660 [Site]:4 [Bin]:14002 [FullTime]:3600 [SkipTime]:0 [Veto1]:66.4105 [Veto2]:70.6293 [Veto3]:60.4516 [Veto4]:60.7061 [SgUp1]:67377 [SgUp2]:68955 [SgUp3]:68733 [SgUp4]:68981 [SgLow1]:67352 [SgLow2]:68924 [SgLow3]:68696 [SgLow4]:68962 [NetMuon1]:56973 [NetMuon2]:56912 [NetMuon3]:57079 [NetMuon4]:57043
[Run]:40660 [Site]:4 [Bin]:14003 [FullTime]:3600 [SkipTime]:0 [Veto1]:68.0406 [Veto2]:73.5572 [Veto3]:67.3582 [Veto4]:71.988 [SgUp1]:67612 [SgUp2]:68307 [SgUp3]:68308 [SgUp4]:68623 [SgLow1]:67601 [SgLow2]:68279 [SgLow3]:68283 [SgLow4]:68594 [NetMuon1]:56572 [NetMuon2]:56492 [NetMuon3]:56583 [NetMuon4]:56515
[Run]:40660 [Site]:4 [Bin]:14004 [FullTime]:3600 [SkipTime]:0 [Veto1]:65.9261 [Veto2]:71.7905 [Veto3]:76.6778 [Veto4]:69.8666 [SgUp1]:67263 [SgUp2]:68551 [SgUp3]:69346 [SgUp4]:69173 [SgLow1]:67238 [SgLow2]:68511 [SgLow3]:69314 [SgLow4]:69147 [NetMuon1]:56393 [NetMuon2]:56305 [NetMuon3]:56254 [NetMuon4]:56346
[Run]:40660 [Site]:4 [Bin]:14005 [FullTime]:3600 [SkipTime]:0 [Veto1]:67.0817 [Veto2]:66.9895 [Veto3]:64.0693 [Veto4]:67.9819 [SgUp1]:67036 [SgUp2]:69084 [SgUp3]:69103 [SgUp4]:68507 [SgLow1]:67008 [SgLow2]:69056 [SgLow3]:69064 [SgLow4]:68476 [NetMuon1]:56562 [NetMuon2]:56558 [NetMuon3]:56615 [NetMuon4]:56543
[Run]:40660 [Site]:4 [Bin]:14006 [FullTime]:3600 [SkipTime]:0 [Veto1]:64.4771 [Veto2]:76.3285 [Veto3]:68.6593 [Veto4]:69.4343 [SgUp1]:67445 [SgUp2]:68792 [SgUp3]:68700 [SgUp4]:68534 [SgLow1]:67414 [SgLow2]:68770 [SgLow3]:68669 [SgLow4]:68508 [NetMuon1]:55892 [NetMuon2]:55712 [NetMuon3]:55821 [NetMuon4]:55830
[Run]:40660 [Site]:4 [Bin]:14007 [FullTime]:3600 [SkipTime]:0 [Veto1]:70.8118 [Veto2]:64.858 [Veto3]:72.7511 [Veto4]:68.7734 [SgUp1]:66993 [SgUp2]:69311 [SgUp3]:69210 [SgUp4]:68390 [SgLow1]:66962 [SgLow2]:69270 [SgLow3]:69175 [SgLow4]:68365 [NetMuon1]:56241 [NetMuon2]:56364 [NetMuon3]:56213 [NetMuon4]:56292
[Run]:40660 [Site]:4 [Bin]:14008 [FullTime]:3600 [SkipTime]:0 [Veto1]:57.565 [Veto2]:68.3528 [Veto3]:66.3971 [Veto4]:65.4062 [SgUp1]:66782 [SgUp2]:68881 [SgUp3]:68917 [SgUp4]:68879 [SgLow1]:66760 [SgLow2]:68855 [SgLow3]:68881 [SgLow4]:68848 [NetMuon1]:55953 [NetMuon2]:55759 [NetMuon3]:55785 [NetMuon4]:55820
[Run]:40660 [Site]:4 [Bin]:14009 [FullTime]:3600 [SkipTime]:0 [Veto1]:65.5537 [Veto2]:65.4057 [Veto3]:62.5057 [Veto4]:70.375 [SgUp1]:67353 [SgUp2]:68539 [SgUp3]:69056 [SgUp4]:69305 [SgLow1]:67331 [SgLow2]:68515 [SgLow3]:69023 [SgLow4]:69271 [NetMuon1]:55853 [NetMuon2]:55866 [NetMuon3]:55890 [NetMuon4]:55764
[Run]:40660 [Site]:4 [Bin]:14010 [FullTime]:3600 [SkipTime]:0 [Veto1]:72.8125 [Veto2]:75.7291 [Veto3]:72.7672 [Veto4]:69.9718 [SgUp1]:67256 [SgUp2]:68973 [SgUp3]:68799 [SgUp4]:68457 [SgLow1]:67230 [SgLow2]:68937 [SgLow3]:68759 [SgLow4]:68425 [NetMuon1]:56284 [NetMuon2]:56212 [NetMuon3]:56251 [NetMuon4]:56276
[Run]:40660 [Site]:4 [Bin]:14011 [FullTime]:3600.01 [SkipTime]:0 [Veto1]:74.5076 [Veto2]:65.1377 [Veto3]:61.1402 [Veto4]:63.1435 [SgUp1]:67228 [SgUp2]:68799 [SgUp3]:69079 [SgUp4]:69350 [SgLow1]:67199 [SgLow2]:68779 [SgLow3]:69059 [SgLow4]:69326 [NetMuon1]:56548 [NetMuon2]:56698 [NetMuon3]:56765 [NetMuon4]:56747
[Run]:40660 [Site]:4 [Bin]:14012 [FullTime]:3599.99 [SkipTime]:0 [Veto1]:68.0384 [Veto2]:62.0883 [Veto3]:67.0631 [Veto4]:69.0239 [SgUp1]:67220 [SgUp2]:68795 [SgUp3]:68942 [SgUp4]:68900 [SgLow1]:67212 [SgLow2]:68772 [SgLow3]:68901 [SgLow4]:68875 [NetMuon1]:56540 [NetMuon2]:56645 [NetMuon3]:56552 [NetMuon4]:56523
[Run]:40660 [Site]:4 [Bin]:14013 [FullTime]:3600 [SkipTime]:0 [Veto1]:72.7215 [Veto2]:66.7183 [Veto3]:62.7632 [Veto4]:65.6944 [SgUp1]:67585 [SgUp2]:68610 [SgUp3]:69073 [SgUp4]:69027 [SgLow1]:67564 [SgLow2]:68578 [SgLow3]:69037 [SgLow4]:68996 [NetMuon1]:56127 [NetMuon2]:56171 [NetMuon3]:56274 [NetMuon4]:56202
[Run]:40660 [Site]:4 [Bin]:14014 [FullTime]:3600 [SkipTime]:0 [Veto1]:70.6423 [Veto2]:64.6932 [Veto3]:65.6024 [Veto4]:61.7672 [SgUp1]:67706 [SgUp2]:69217 [SgUp3]:68907 [SgUp4]:68982 [SgLow1]:67681 [SgLow2]:69185 [SgLow3]:68884 [SgLow4]:68956 [NetMuon1]:56095 [NetMuon2]:56172 [NetMuon3]:56133 [NetMuon4]:56247
[Run]:40660 [Site]:4 [Bin]:14015 [FullTime]:3600 [SkipTime]:0 [Veto1]:69.5864 [Veto2]:62.621 [Veto3]:67.4983 [Veto4]:66.5367 [SgUp1]:66923 [SgUp2]:69267 [SgUp3]:69208 [SgUp4]:68968 [SgLow1]:66898 [SgLow2]:69248 [SgLow3]:69180 [SgLow4]:68934 [NetMuon1]:57161 [NetMuon2]:57321 [NetMuon3]:57211 [NetMuon4]:57226
[Run]:40660 [Site]:4 [Bin]:14016 [FullTime]:3600 [SkipTime]:0 [Veto1]:70.8758 [Veto2]:65.182 [Veto3]:73.0593 [Veto4]:72.0975 [SgUp1]:67466 [SgUp2]:69933 [SgUp3]:68858 [SgUp4]:68392 [SgLow1]:67451 [SgLow2]:69906 [SgLow3]:68818 [SgLow4]:68349 [NetMuon1]:56634 [NetMuon2]:56774 [NetMuon3]:56604 [NetMuon4]:56674
[Run]:40660 [Site]:4 [Bin]:14017 [FullTime]:3600 [SkipTime]:0 [Veto1]:63.2872 [Veto2]:61.2406 [Veto3]:74.71 [Veto4]:72.0805 [SgUp1]:67471 [SgUp2]:69193 [SgUp3]:68868 [SgUp4]:68460 [SgLow1]:67442 [SgLow2]:69159 [SgLow3]:68834 [SgLow4]:68422 [NetMuon1]:56761 [NetMuon2]:56822 [NetMuon3]:56619 [NetMuon4]:56675
[Run]:40660 [Site]:4 [Bin]:14018 [FullTime]:3600 [SkipTime]:0 [Veto1]:71.2748 [Veto2]:65.2937 [Veto3]:73.1572 [Veto4]:64.3064 [SgUp1]:67418 [SgUp2]:68860 [SgUp3]:69212 [SgUp4]:68847 [SgLow1]:67379 [SgLow2]:68819 [SgLow3]:69181 [SgLow4]:68812 [NetMuon1]:56817 [NetMuon2]:56906 [NetMuon3]:56773 [NetMuon4]:56905
[Run]:40660 [Site]:4 [Bin]:14019 [FullTime]:3600 [SkipTime]:0 [Veto1]:63.2714 [Veto2]:73.3538 [Veto3]:65.735 [Veto4]:74.1056 [SgUp1]:67491 [SgUp2]:69262 [SgUp3]:69022 [SgUp4]:68106 [SgLow1]:67470 [SgLow2]:69232 [SgLow3]:69000 [SgLow4]:68072 [NetMuon1]:56857 [NetMuon2]:56681 [NetMuon3]:56840 [NetMuon4]:56645
[Run]:40660 [Site]:4 [Bin]:14020 [FullTime]:3600 [SkipTime]:0 [Veto1]:77.0831 [Veto2]:77.0138 [Veto3]:66.1869 [Veto4]:60.2851 [SgUp1]:67430 [SgUp2]:69180 [SgUp3]:69009 [SgUp4]:69116 [SgLow1]:67399 [SgLow2]:69150 [SgLow3]:68978 [SgLow4]:69052 [NetMuon1]:56599 [NetMuon2]:56569 [NetMuon3]:56759 [NetMuon4]:56870
[Run]:40660 [Site]:4 [Bin]:14021 [FullTime]:3600 [SkipTime]:0 [Veto1]:62.0594 [Veto2]:62.1152 [Veto3]:61.0477 [Veto4]:64.0602 [SgUp1]:67904 [SgUp2]:69909 [SgUp3]:69176 [SgUp4]:68988 [SgLow1]:67871 [SgLow2]:69872 [SgLow3]:69139 [SgLow4]:68959 [NetMuon1]:56601 [NetMuon2]:56601 [NetMuon3]:56598 [NetMuon4]:56601
[Run]:40660 [Site]:4 [Bin]:14022 [FullTime]:3600 [SkipTime]:0 [Veto1]:72.7746 [Veto2]:64.7787 [Veto3]:71.625 [Veto4]:65.7834 [SgUp1]:67594 [SgUp2]:69400 [SgUp3]:69288 [SgUp4]:68608 [SgLow1]:67572 [SgLow2]:69361 [SgLow3]:69256 [SgLow4]:68588 [NetMuon1]:56187 [NetMuon2]:56304 [NetMuon3]:56143 [NetMuon4]:56269
[Run]:40660 [Site]:4 [Bin]:14023 [FullTime]:3600 [SkipTime]:0 [Veto1]:63.162 [Veto2]:73.9482 [Veto3]:73.0208 [Veto4]:71.0092 [SgUp1]:67713 [SgUp2]:68703 [SgUp3]:68674 [SgUp4]:68645 [SgLow1]:67695 [SgLow2]:68656 [SgLow3]:68647 [SgLow4]:68621 [NetMuon1]:56692 [NetMuon2]:56527 [NetMuon3]:56571 [NetMuon4]:56552
[Run]:40660 [Site]:4 [Bin]:14024 [FullTime]:3600 [SkipTime]:0 [Veto1]:69.1085 [Veto2]:67.0779 [Veto3]:72.9869 [Veto4]:68.0593 [SgUp1]:67604 [SgUp2]:69154 [SgUp3]:69390 [SgUp4]:69250 [SgLow1]:67590 [SgLow2]:69123 [SgLow3]:69358 [SgLow4]:69222 [NetMuon1]:56638 [NetMuon2]:56674 [NetMuon3]:56564 [NetMuon4]:56639
[Run]:40660 [Site]:4 [Bin]:14025 [FullTime]:3600 [SkipTime]:0 [Veto1]:57.8265 [Veto2]:66.7146 [Veto3]:67.6827 [Veto4]:69.6232 [SgUp1]:67533 [SgUp2]:68487 [SgUp3]:68994 [SgUp4]:68727 [SgLow1]:67515 [SgLow2]:68453 [SgLow3]:68974 [SgLow4]:68703 [NetMuon1]:55062 [NetMuon2]:54957 [NetMuon3]:54949 [NetMuon4]:54903
[Run]:40660 [Site]:4 [Bin]:14026 [FullTime]:3600 [SkipTime]:0 [Veto1]:65.8777 [Veto2]:74.6614 [Veto3]:63.8018 [Veto4]:63.7879 [SgUp1]:67600 [SgUp2]:68784 [SgUp3]:68772 [SgUp4]:69247 [SgLow1]:67582 [SgLow2]:68757 [SgLow3]:68748 [SgLow4]:69216 [NetMuon1]:56276 [NetMuon2]:56080 [NetMuon3]:56312 [NetMuon4]:56257
[Run]:40660 [Site]:4 [Bin]:14027 [FullTime]:3600 [SkipTime]:0 [Veto1]:71.39 [Veto2]:64.3998 [Veto3]:67.295 [Veto4]:68.3506 [SgUp1]:66992 [SgUp2]:69542 [SgUp3]:69124 [SgUp4]:69255 [SgLow1]:66966 [SgLow2]:69485 [SgLow3]:69094 [SgLow4]:69216 [NetMuon1]:55693 [NetMuon2]:55772 [NetMuon3]:55731 [NetMuon4]:55698
[Run]:40660 [Site]:4 [Bin]:14028 [FullTime]:3600 [SkipTime]:0 [Veto1]:72.4145 [Veto2]:71.4528 [Veto3]:62.5482 [Veto4]:61.5378 [SgUp1]:67667 [SgUp2]:69277 [SgUp3]:69632 [SgUp4]:69524 [SgLow1]:67616 [SgLow2]:69250 [SgLow3]:69588 [SgLow4]:69487 [NetMuon1]:55809 [NetMuon2]:55833 [NetMuon3]:55966 [NetMuon4]:55953
[Run]:40660 [Site]:4 [Bin]:14029 [FullTime]:3600 [SkipTime]:0 [Veto1]:61.3908 [Veto2]:73.1841 [Veto3]:74.1975 [Veto4]:65.2491 [SgUp1]:67418 [SgUp2]:68965 [SgUp3]:68782 [SgUp4]:69206 [SgLow1]:67398 [SgLow2]:68937 [SgLow3]:68753 [SgLow4]:69165 [NetMuon1]:55767 [NetMuon2]:55558 [NetMuon3]:55566 [NetMuon4]:55685
[Run]:40660 [Site]:4 [Bin]:14030 [FullTime]:3600 [SkipTime]:0 [Veto1]:63.4563 [Veto2]:68.3207 [Veto3]:67.3285 [Veto4]:66.338 [SgUp1]:68005 [SgUp2]:68915 [SgUp3]:68830 [SgUp4]:68688 [SgLow1]:67984 [SgLow2]:68892 [SgLow3]:68814 [SgLow4]:68658 [NetMuon1]:55818 [NetMuon2]:55720 [NetMuon3]:55736 [NetMuon4]:55771
[Run]:40660 [Site]:4 [Bin]:14031 [FullTime]:3600 [SkipTime]:0 [Veto1]:66.2902 [Veto2]:65.3298 [Veto3]:69.2485 [Veto4]:66.3279 [SgUp1]:67480 [SgUp2]:69806 [SgUp3]:69094 [SgUp4]:69758 [SgLow1]:67457 [SgLow2]:69780 [SgLow3]:69055 [SgLow4]:69721 [NetMuon1]:55642 [NetMuon2]:55703 [NetMuon3]:55632 [NetMuon4]:55694
[Run]:40660 [Site]:4 [Bin]:14032 [FullTime]:3600 [SkipTime]:0 [Veto1]:71.1195 [Veto2]:74.8582 [Veto3]:68.0031 [Veto4]:63.0595 [SgUp1]:67326 [SgUp2]:68970 [SgUp3]:69710 [SgUp4]:69137 [SgLow1]:67292 [SgLow2]:68943 [SgLow3]:69676 [SgLow4]:69107 [NetMuon1]:56442 [NetMuon2]:56364 [NetMuon3]:56474 [NetMuon4]:56560
[Run]:40660 [Site]:4 [Bin]:14033 [FullTime]:3600 [SkipTime]:0 [Veto1]:71.592 [Veto2]:65.6759 [Veto3]:62.6437 [Veto4]:75.51 [SgUp1]:67279 [SgUp2]:68955 [SgUp3]:70246 [SgUp4]:69040 [SgLow1]:67255 [SgLow2]:68925 [SgLow3]:70223 [SgLow4]:69013 [NetMuon1]:55982 [NetMuon2]:56110 [NetMuon3]:56116 [NetMuon4]:55919
[Run]:40660 [Site]:4 [Bin]:14034 [FullTime]:3600 [SkipTime]:0 [Veto1]:62.3306 [Veto2]:68.2221 [Veto3]:70.2372 [Veto4]:70.2049 [SgUp1]:67846 [SgUp2]:68870 [SgUp3]:68938 [SgUp4]:69157 [SgLow1]:67814 [SgLow2]:68824 [SgLow3]:68913 [SgLow4]:69123 [NetMuon1]:55709 [NetMuon2]:55637 [NetMuon3]:55607 [NetMuon4]:55595
[Run]:40660 [Site]:4 [Bin]:14035 [FullTime]:3600 [SkipTime]:0 [Veto1]:67.6166 [Veto2]:76.4466 [Veto3]:63.5864 [Veto4]:63.6349 [SgUp1]:67674 [SgUp2]:69056 [SgUp3]:69167 [SgUp4]:69767 [SgLow1]:67642 [SgLow2]:69024 [SgLow3]:69131 [SgLow4]:69732 [NetMuon1]:56024 [NetMuon2]:55911 [NetMuon3]:56109 [NetMuon4]:56092
[Run]:40660 [Site]:4 [Bin]:14036 [FullTime]:3600 [SkipTime]:0 [Veto1]:64.962 [Veto2]:62.9537 [Veto3]:72.7922 [Veto4]:77.8349 [SgUp1]:67522 [SgUp2]:69092 [SgUp3]:68882 [SgUp4]:69279 [SgLow1]:67493 [SgLow2]:69065 [SgLow3]:68849 [SgLow4]:69253 [NetMuon1]:56434 [NetMuon2]:56460 [NetMuon3]:56292 [NetMuon4]:56282
[Run]:40660 [Site]:4 [Bin]:14037 [FullTime]:3600 [SkipTime]:0 [Veto1]:66.132 [Veto2]:69.7249 [Veto3]:74.0184 [Veto4]:62.1577 [SgUp1]:67214 [SgUp2]:68812 [SgUp3]:68673 [SgUp4]:69472 [SgLow1]:67183 [SgLow2]:68783 [SgLow3]:68651 [SgLow4]:69443 [NetMuon1]:56669 [NetMuon2]:56584 [NetMuon3]:56555 [NetMuon4]:56739
[Run]:40660 [Site]:4 [Bin]:14038 [FullTime]:3600 [SkipTime]:0 [Veto1]:72.8547 [Veto2]:67.9464 [Veto3]:72.897 [Veto4]:71.8991 [SgUp1]:67276 [SgUp2]:68896 [SgUp3]:69098 [SgUp4]:69257 [SgLow1]:67257 [SgLow2]:68867 [SgLow3]:69068 [SgLow4]:69224 [NetMuon1]:56360 [NetMuon2]:56474 [NetMuon3]:56435 [NetMuon4]:56451
[Run]:40660 [Site]:4 [Bin]:14039 [FullTime]:3600 [SkipTime]:0 [Veto1]:74.2679 [Veto2]:61.4829 [Veto3]:66.4524 [Veto4]:63.8411 [SgUp1]:67461 [SgUp2]:69105 [SgUp3]:68678 [SgUp4]:69080 [SgLow1]:67427 [SgLow2]:69082 [SgLow3]:68650 [SgLow4]:69049 [NetMuon1]:55684 [NetMuon2]:55877 [NetMuon3]:55857 [NetMuon4]:55864
[Run]:40660 [Site]:4 [Bin]:14040 [FullTime]:2297.84 [SkipTime]:1302.16 [Veto1]:45.5189 [Veto2]:40.5808 [Veto3]:39.5576 [Veto4]:47.4249 [SgUp1]:42790 [SgUp2]:44074 [SgUp3]:44101 [SgUp4]:44245 [SgLow1]:42780 [SgLow2]:44053 [SgLow3]:44078 [SgLow4]:44228 [NetMuon1]:35460 [NetMuon2]:35544 [NetMuon3]:35531 [NetMuon4]:35380
End process Run: 40660 ... 
[Run]:40660 [Site]:4 [Bin]:14041 [FullTime]:15.8177 [SkipTime]:0 [Veto1]:0.197412 [Veto2]:0.195417 [Veto3]:0.197817 [Veto4]:0.196217
