StreamChain add 0xf9e17f0
Start to process run: 40357 ... 
[Run]:40357 [Site]:4 [Bin]:13657 [FullTime]:3011.61 [SkipTime]:0 [Veto1]:55.8374 [Veto2]:57.8183 [Veto3]:56.8049 [Veto4]:58.8532 [SgUp1]:56430 [SgUp2]:57113 [SgUp3]:58261 [SgUp4]:57932 [SgLow1]:56400 [SgLow2]:57097 [SgLow3]:58240 [SgLow4]:57904 [NetMuon1]:45472 [NetMuon2]:45437 [NetMuon3]:45433 [NetMuon4]:45449
[Run]:40357 [Site]:4 [Bin]:13658 [FullTime]:3600 [SkipTime]:0 [Veto1]:69.2759 [Veto2]:75.1936 [Veto3]:64.3304 [Veto4]:69.0498 [SgUp1]:67514 [SgUp2]:68389 [SgUp3]:69418 [SgUp4]:69109 [SgLow1]:67482 [SgLow2]:68358 [SgLow3]:69371 [SgLow4]:69081 [NetMuon1]:54404 [NetMuon2]:54306 [NetMuon3]:54472 [NetMuon4]:54417
[Run]:40357 [Site]:4 [Bin]:13659 [FullTime]:3600 [SkipTime]:0 [Veto1]:64.2732 [Veto2]:68.2265 [Veto3]:70.1709 [Veto4]:60.2891 [SgUp1]:68078 [SgUp2]:68669 [SgUp3]:69329 [SgUp4]:69338 [SgLow1]:68035 [SgLow2]:68627 [SgLow3]:69316 [SgLow4]:69304 [NetMuon1]:54394 [NetMuon2]:54383 [NetMuon3]:54339 [NetMuon4]:54513
[Run]:40357 [Site]:4 [Bin]:13660 [FullTime]:3600 [SkipTime]:0 [Veto1]:58.5752 [Veto2]:66.4381 [Veto3]:65.407 [Veto4]:73.3152 [SgUp1]:67765 [SgUp2]:68643 [SgUp3]:69317 [SgUp4]:69251 [SgLow1]:67736 [SgLow2]:68613 [SgLow3]:69294 [SgLow4]:69219 [NetMuon1]:54694 [NetMuon2]:54593 [NetMuon3]:54576 [NetMuon4]:54462
[Run]:40357 [Site]:4 [Bin]:13661 [FullTime]:3600 [SkipTime]:0 [Veto1]:71.6213 [Veto2]:65.0264 [Veto3]:62.6368 [Veto4]:69.5742 [SgUp1]:67359 [SgUp2]:68709 [SgUp3]:70073 [SgUp4]:69002 [SgLow1]:67324 [SgLow2]:68671 [SgLow3]:70043 [SgLow4]:68963 [NetMuon1]:54766 [NetMuon2]:54852 [NetMuon3]:54881 [NetMuon4]:54754
[Run]:40357 [Site]:4 [Bin]:13662 [FullTime]:3600 [SkipTime]:0 [Veto1]:67.4638 [Veto2]:65.4824 [Veto3]:67.3624 [Veto4]:68.4094 [SgUp1]:67814 [SgUp2]:68596 [SgUp3]:69775 [SgUp4]:69240 [SgLow1]:67779 [SgLow2]:68571 [SgLow3]:69736 [SgLow4]:69207 [NetMuon1]:54636 [NetMuon2]:54637 [NetMuon3]:54578 [NetMuon4]:54587
[Run]:40357 [Site]:4 [Bin]:13663 [FullTime]:3600 [SkipTime]:0 [Veto1]:66.533 [Veto2]:59.6014 [Veto3]:68.4272 [Veto4]:64.5201 [SgUp1]:67691 [SgUp2]:68818 [SgUp3]:69020 [SgUp4]:68868 [SgLow1]:67656 [SgLow2]:68784 [SgLow3]:68992 [SgLow4]:68850 [NetMuon1]:54686 [NetMuon2]:54756 [NetMuon3]:54643 [NetMuon4]:54716
[Run]:40357 [Site]:4 [Bin]:13664 [FullTime]:3600 [SkipTime]:0 [Veto1]:66.4139 [Veto2]:68.3041 [Veto3]:73.2245 [Veto4]:65.3468 [SgUp1]:68354 [SgUp2]:68608 [SgUp3]:68829 [SgUp4]:69137 [SgLow1]:68318 [SgLow2]:68586 [SgLow3]:68798 [SgLow4]:69108 [NetMuon1]:54520 [NetMuon2]:54465 [NetMuon3]:54353 [NetMuon4]:54504
[Run]:40357 [Site]:4 [Bin]:13665 [FullTime]:3600 [SkipTime]:0 [Veto1]:69.4461 [Veto2]:63.296 [Veto3]:59.4012 [Veto4]:66.2921 [SgUp1]:68139 [SgUp2]:69015 [SgUp3]:69067 [SgUp4]:69240 [SgLow1]:68107 [SgLow2]:68970 [SgLow3]:69027 [SgLow4]:69216 [NetMuon1]:54378 [NetMuon2]:54437 [NetMuon3]:54511 [NetMuon4]:54393
[Run]:40357 [Site]:4 [Bin]:13666 [FullTime]:3600 [SkipTime]:0 [Veto1]:62.7748 [Veto2]:61.7034 [Veto3]:62.6969 [Veto4]:67.6881 [SgUp1]:67895 [SgUp2]:68801 [SgUp3]:69200 [SgUp4]:69210 [SgLow1]:67870 [SgLow2]:68770 [SgLow3]:69179 [SgLow4]:69195 [NetMuon1]:54918 [NetMuon2]:54950 [NetMuon3]:54942 [NetMuon4]:54875
[Run]:40357 [Site]:4 [Bin]:13667 [FullTime]:3600 [SkipTime]:0 [Veto1]:70.0919 [Veto2]:65.0858 [Veto3]:64.1669 [Veto4]:67.0805 [SgUp1]:68117 [SgUp2]:68361 [SgUp3]:69030 [SgUp4]:68362 [SgLow1]:68080 [SgLow2]:68334 [SgLow3]:69000 [SgLow4]:68333 [NetMuon1]:54202 [NetMuon2]:54276 [NetMuon3]:54290 [NetMuon4]:54251
[Run]:40357 [Site]:4 [Bin]:13668 [FullTime]:3600 [SkipTime]:0 [Veto1]:62.4435 [Veto2]:69.4323 [Veto3]:72.2364 [Veto4]:66.3853 [SgUp1]:68098 [SgUp2]:68464 [SgUp3]:69088 [SgUp4]:68554 [SgLow1]:68054 [SgLow2]:68425 [SgLow3]:69053 [SgLow4]:68515 [NetMuon1]:54542 [NetMuon2]:54479 [NetMuon3]:54384 [NetMuon4]:54480
[Run]:40357 [Site]:4 [Bin]:13669 [FullTime]:3600 [SkipTime]:0 [Veto1]:62.1602 [Veto2]:68.0794 [Veto3]:62.7146 [Veto4]:71.9221 [SgUp1]:68264 [SgUp2]:68523 [SgUp3]:69040 [SgUp4]:68689 [SgLow1]:68233 [SgLow2]:68475 [SgLow3]:69009 [SgLow4]:68665 [NetMuon1]:54246 [NetMuon2]:54174 [NetMuon3]:54287 [NetMuon4]:54106
[Run]:40357 [Site]:4 [Bin]:13670 [FullTime]:3600 [SkipTime]:0 [Veto1]:62.3678 [Veto2]:61.3089 [Veto3]:64.265 [Veto4]:62.3134 [SgUp1]:67840 [SgUp2]:68793 [SgUp3]:69444 [SgUp4]:68913 [SgLow1]:67810 [SgLow2]:68760 [SgLow3]:69417 [SgLow4]:68889 [NetMuon1]:54434 [NetMuon2]:54482 [NetMuon3]:54405 [NetMuon4]:54434
[Run]:40357 [Site]:4 [Bin]:13671 [FullTime]:3600 [SkipTime]:0 [Veto1]:59.5413 [Veto2]:66.4083 [Veto3]:68.4355 [Veto4]:61.4672 [SgUp1]:67807 [SgUp2]:68434 [SgUp3]:69424 [SgUp4]:68697 [SgLow1]:67758 [SgLow2]:68410 [SgLow3]:69395 [SgLow4]:68675 [NetMuon1]:54709 [NetMuon2]:54583 [NetMuon3]:54580 [NetMuon4]:54703
[Run]:40357 [Site]:4 [Bin]:13672 [FullTime]:3600 [SkipTime]:0 [Veto1]:69.5514 [Veto2]:67.5817 [Veto3]:61.573 [Veto4]:61.6365 [SgUp1]:67930 [SgUp2]:68456 [SgUp3]:69620 [SgUp4]:69018 [SgLow1]:67916 [SgLow2]:68425 [SgLow3]:69592 [SgLow4]:68986 [NetMuon1]:54715 [NetMuon2]:54727 [NetMuon3]:54816 [NetMuon4]:54831
[Run]:40357 [Site]:4 [Bin]:13673 [FullTime]:3600 [SkipTime]:0 [Veto1]:72.3878 [Veto2]:65.2719 [Veto3]:61.2942 [Veto4]:61.3736 [SgUp1]:67374 [SgUp2]:68419 [SgUp3]:69440 [SgUp4]:69298 [SgLow1]:67340 [SgLow2]:68379 [SgLow3]:69406 [SgLow4]:69265 [NetMuon1]:54275 [NetMuon2]:54401 [NetMuon3]:54484 [NetMuon4]:54488
[Run]:40357 [Site]:4 [Bin]:13674 [FullTime]:3600 [SkipTime]:0 [Veto1]:68.329 [Veto2]:78.1677 [Veto3]:67.2709 [Veto4]:65.3626 [SgUp1]:67682 [SgUp2]:68735 [SgUp3]:69013 [SgUp4]:68977 [SgLow1]:67663 [SgLow2]:68705 [SgLow3]:68987 [SgLow4]:68954 [NetMuon1]:54432 [NetMuon2]:54295 [NetMuon3]:54452 [NetMuon4]:54505
[Run]:40357 [Site]:4 [Bin]:13675 [FullTime]:3600 [SkipTime]:0 [Veto1]:69.399 [Veto2]:68.5844 [Veto3]:67.5028 [Veto4]:57.6509 [SgUp1]:67799 [SgUp2]:68356 [SgUp3]:68982 [SgUp4]:69156 [SgLow1]:67760 [SgLow2]:68323 [SgLow3]:68957 [SgLow4]:69130 [NetMuon1]:54768 [NetMuon2]:54775 [NetMuon3]:54758 [NetMuon4]:54904
[Run]:40357 [Site]:4 [Bin]:13676 [FullTime]:3600 [SkipTime]:0 [Veto1]:64.4182 [Veto2]:68.2735 [Veto3]:70.2725 [Veto4]:71.3331 [SgUp1]:67713 [SgUp2]:68826 [SgUp3]:68819 [SgUp4]:68545 [SgLow1]:67679 [SgLow2]:68794 [SgLow3]:68788 [SgLow4]:68513 [NetMuon1]:54523 [NetMuon2]:54450 [NetMuon3]:54398 [NetMuon4]:54438
[Run]:40357 [Site]:4 [Bin]:13677 [FullTime]:3600 [SkipTime]:0 [Veto1]:68.5798 [Veto2]:66.6131 [Veto3]:65.5582 [Veto4]:68.5037 [SgUp1]:67774 [SgUp2]:68391 [SgUp3]:68826 [SgUp4]:68875 [SgLow1]:67739 [SgLow2]:68363 [SgLow3]:68797 [SgLow4]:68850 [NetMuon1]:54782 [NetMuon2]:54814 [NetMuon3]:54813 [NetMuon4]:54731
[Run]:40357 [Site]:4 [Bin]:13678 [FullTime]:3599.99 [SkipTime]:0 [Veto1]:64.5282 [Veto2]:60.6116 [Veto3]:65.4765 [Veto4]:66.5284 [SgUp1]:67698 [SgUp2]:68928 [SgUp3]:69146 [SgUp4]:68737 [SgLow1]:67675 [SgLow2]:68910 [SgLow3]:69117 [SgLow4]:68713 [NetMuon1]:54721 [NetMuon2]:54809 [NetMuon3]:54725 [NetMuon4]:54704
[Run]:40357 [Site]:4 [Bin]:13679 [FullTime]:3600 [SkipTime]:0 [Veto1]:75.4341 [Veto2]:65.3414 [Veto3]:60.4044 [Veto4]:61.4716 [SgUp1]:67256 [SgUp2]:69006 [SgUp3]:69565 [SgUp4]:68856 [SgLow1]:67215 [SgLow2]:68968 [SgLow3]:69546 [SgLow4]:68837 [NetMuon1]:55553 [NetMuon2]:55724 [NetMuon3]:55783 [NetMuon4]:55782
[Run]:40357 [Site]:4 [Bin]:13680 [FullTime]:2607.55 [SkipTime]:992.451 [Veto1]:44.401 [Veto2]:45.312 [Veto3]:51.223 [Veto4]:51.2312 [SgUp1]:48915 [SgUp2]:50285 [SgUp3]:50244 [SgUp4]:49317 [SgLow1]:48894 [SgLow2]:50262 [SgLow3]:50211 [SgLow4]:49298 [NetMuon1]:40065 [NetMuon2]:40077 [NetMuon3]:39937 [NetMuon4]:39947
[Run]:40357 [Site]:4 [Bin]:13681 [FullTime]:3599.99 [SkipTime]:0 [Veto1]:54.3543 [Veto2]:66.1479 [Veto3]:69.1019 [Veto4]:78.9741 [SgUp1]:68373 [SgUp2]:68555 [SgUp3]:69456 [SgUp4]:68531 [SgLow1]:68351 [SgLow2]:68526 [SgLow3]:69405 [SgLow4]:68491 [NetMuon1]:55706 [NetMuon2]:55480 [NetMuon3]:55415 [NetMuon4]:55308
[Run]:40357 [Site]:4 [Bin]:13682 [FullTime]:3600 [SkipTime]:0 [Veto1]:69.5345 [Veto2]:64.8723 [Veto3]:65.8502 [Veto4]:57.0128 [SgUp1]:67749 [SgUp2]:69256 [SgUp3]:69015 [SgUp4]:68953 [SgLow1]:67717 [SgLow2]:69230 [SgLow3]:68995 [SgLow4]:68916 [NetMuon1]:55064 [NetMuon2]:55186 [NetMuon3]:55164 [NetMuon4]:55261
[Run]:40357 [Site]:4 [Bin]:13683 [FullTime]:3600 [SkipTime]:0 [Veto1]:66.7549 [Veto2]:60.8876 [Veto3]:73.692 [Veto4]:69.7817 [SgUp1]:67344 [SgUp2]:68804 [SgUp3]:68895 [SgUp4]:68836 [SgLow1]:67328 [SgLow2]:68773 [SgLow3]:68874 [SgLow4]:68805 [NetMuon1]:55005 [NetMuon2]:55183 [NetMuon3]:54972 [NetMuon4]:55032
[Run]:40357 [Site]:4 [Bin]:13684 [FullTime]:3599.99 [SkipTime]:0 [Veto1]:78.6106 [Veto2]:67.9337 [Veto3]:74.6688 [Veto4]:68.7259 [SgUp1]:67429 [SgUp2]:68354 [SgUp3]:68925 [SgUp4]:68757 [SgLow1]:67403 [SgLow2]:68316 [SgLow3]:68894 [SgLow4]:68726 [NetMuon1]:54811 [NetMuon2]:54954 [NetMuon3]:54896 [NetMuon4]:54946
[Run]:40357 [Site]:4 [Bin]:13685 [FullTime]:3600 [SkipTime]:0 [Veto1]:68.6485 [Veto2]:64.6405 [Veto3]:60.7392 [Veto4]:70.5573 [SgUp1]:67669 [SgUp2]:68794 [SgUp3]:69583 [SgUp4]:68944 [SgLow1]:67659 [SgLow2]:68766 [SgLow3]:69557 [SgLow4]:68918 [NetMuon1]:54818 [NetMuon2]:54888 [NetMuon3]:54986 [NetMuon4]:54795
[Run]:40357 [Site]:4 [Bin]:13686 [FullTime]:3600 [SkipTime]:0 [Veto1]:68.4651 [Veto2]:67.4299 [Veto3]:68.4174 [Veto4]:67.4174 [SgUp1]:67240 [SgUp2]:68724 [SgUp3]:68953 [SgUp4]:68783 [SgLow1]:67218 [SgLow2]:68696 [SgLow3]:68923 [SgLow4]:68754 [NetMuon1]:54598 [NetMuon2]:54623 [NetMuon3]:54595 [NetMuon4]:54602
[Run]:40357 [Site]:4 [Bin]:13687 [FullTime]:3600 [SkipTime]:0 [Veto1]:74.7866 [Veto2]:59.0278 [Veto3]:69.9191 [Veto4]:71.9172 [SgUp1]:67603 [SgUp2]:68508 [SgUp3]:69171 [SgUp4]:69210 [SgLow1]:67574 [SgLow2]:68472 [SgLow3]:69130 [SgLow4]:69192 [NetMuon1]:55095 [NetMuon2]:55349 [NetMuon3]:55186 [NetMuon4]:55146
[Run]:40357 [Site]:4 [Bin]:13688 [FullTime]:3600 [SkipTime]:0 [Veto1]:63.5886 [Veto2]:76.9504 [Veto3]:68.0292 [Veto4]:63.0617 [SgUp1]:67975 [SgUp2]:67956 [SgUp3]:68676 [SgUp4]:68820 [SgLow1]:67942 [SgLow2]:67947 [SgLow3]:68654 [SgLow4]:68793 [NetMuon1]:55432 [NetMuon2]:55196 [NetMuon3]:55322 [NetMuon4]:55396
[Run]:40357 [Site]:4 [Bin]:13689 [FullTime]:3600 [SkipTime]:0 [Veto1]:68.0611 [Veto2]:65.0728 [Veto3]:74.9569 [Veto4]:65.101 [SgUp1]:67714 [SgUp2]:68692 [SgUp3]:69333 [SgUp4]:69254 [SgLow1]:67670 [SgLow2]:68664 [SgLow3]:69315 [SgLow4]:69226 [NetMuon1]:55355 [NetMuon2]:55415 [NetMuon3]:55251 [NetMuon4]:55409
[Run]:40357 [Site]:4 [Bin]:13690 [FullTime]:3600 [SkipTime]:0 [Veto1]:66.8069 [Veto2]:69.9067 [Veto3]:77.7902 [Veto4]:68.9357 [SgUp1]:67616 [SgUp2]:68585 [SgUp3]:68835 [SgUp4]:68930 [SgLow1]:67594 [SgLow2]:68554 [SgLow3]:68799 [SgLow4]:68890 [NetMuon1]:55242 [NetMuon2]:55171 [NetMuon3]:55076 [NetMuon4]:55209
[Run]:40357 [Site]:4 [Bin]:13691 [FullTime]:3600 [SkipTime]:0 [Veto1]:62.303 [Veto2]:62.2904 [Veto3]:63.272 [Veto4]:67.1822 [SgUp1]:67730 [SgUp2]:68568 [SgUp3]:69647 [SgUp4]:69094 [SgLow1]:67706 [SgLow2]:68538 [SgLow3]:69625 [SgLow4]:69053 [NetMuon1]:55586 [NetMuon2]:55612 [NetMuon3]:55594 [NetMuon4]:55528
[Run]:40357 [Site]:4 [Bin]:13692 [FullTime]:3600 [SkipTime]:0 [Veto1]:70.3871 [Veto2]:66.3258 [Veto3]:78.2018 [Veto4]:67.3141 [SgUp1]:67982 [SgUp2]:68475 [SgUp3]:68974 [SgUp4]:68916 [SgLow1]:67941 [SgLow2]:68438 [SgLow3]:68941 [SgLow4]:68878 [NetMuon1]:55666 [NetMuon2]:55686 [NetMuon3]:55535 [NetMuon4]:55694
[Run]:40357 [Site]:4 [Bin]:13693 [FullTime]:3600 [SkipTime]:0 [Veto1]:66.5892 [Veto2]:68.5249 [Veto3]:60.648 [Veto4]:70.452 [SgUp1]:67444 [SgUp2]:68588 [SgUp3]:69377 [SgUp4]:69148 [SgLow1]:67412 [SgLow2]:68555 [SgLow3]:69348 [SgLow4]:69129 [NetMuon1]:54738 [NetMuon2]:54691 [NetMuon3]:54832 [NetMuon4]:54626
[Run]:40357 [Site]:4 [Bin]:13694 [FullTime]:3600 [SkipTime]:0 [Veto1]:73.8767 [Veto2]:68.9071 [Veto3]:68.8263 [Veto4]:66.877 [SgUp1]:67245 [SgUp2]:68036 [SgUp3]:68854 [SgUp4]:69346 [SgLow1]:67230 [SgLow2]:68002 [SgLow3]:68828 [SgLow4]:69319 [NetMuon1]:55063 [NetMuon2]:55147 [NetMuon3]:55109 [NetMuon4]:55129
[Run]:40357 [Site]:4 [Bin]:13695 [FullTime]:3600 [SkipTime]:0 [Veto1]:64.6576 [Veto2]:60.6393 [Veto3]:72.9587 [Veto4]:70.5001 [SgUp1]:67605 [SgUp2]:68729 [SgUp3]:69305 [SgUp4]:68910 [SgLow1]:67577 [SgLow2]:68696 [SgLow3]:69277 [SgLow4]:68881 [NetMuon1]:54843 [NetMuon2]:54875 [NetMuon3]:54661 [NetMuon4]:54712
[Run]:40357 [Site]:4 [Bin]:13696 [FullTime]:3600 [SkipTime]:0 [Veto1]:68.3314 [Veto2]:61.8024 [Veto3]:70.2683 [Veto4]:58.7658 [SgUp1]:68097 [SgUp2]:68671 [SgUp3]:68933 [SgUp4]:69248 [SgLow1]:68075 [SgLow2]:68645 [SgLow3]:68891 [SgLow4]:69216 [NetMuon1]:54922 [NetMuon2]:55038 [NetMuon3]:54907 [NetMuon4]:55032
[Run]:40357 [Site]:4 [Bin]:13697 [FullTime]:3600 [SkipTime]:0 [Veto1]:68.0197 [Veto2]:66.0138 [Veto3]:77.8271 [Veto4]:64.9703 [SgUp1]:67800 [SgUp2]:68340 [SgUp3]:69105 [SgUp4]:68678 [SgLow1]:67756 [SgLow2]:68300 [SgLow3]:69077 [SgLow4]:68646 [NetMuon1]:55298 [NetMuon2]:55321 [NetMuon3]:55138 [NetMuon4]:55317
[Run]:40357 [Site]:4 [Bin]:13698 [FullTime]:3600 [SkipTime]:0 [Veto1]:64.3717 [Veto2]:61.3593 [Veto3]:71.2506 [Veto4]:70.1748 [SgUp1]:67636 [SgUp2]:68105 [SgUp3]:68830 [SgUp4]:68940 [SgLow1]:67618 [SgLow2]:68075 [SgLow3]:68807 [SgLow4]:68908 [NetMuon1]:55644 [NetMuon2]:55686 [NetMuon3]:55553 [NetMuon4]:55529
[Run]:40357 [Site]:4 [Bin]:13699 [FullTime]:3600 [SkipTime]:0 [Veto1]:63.1467 [Veto2]:71.0523 [Veto3]:69.0374 [Veto4]:82.8885 [SgUp1]:67950 [SgUp2]:68947 [SgUp3]:69382 [SgUp4]:69256 [SgLow1]:67922 [SgLow2]:68925 [SgLow3]:69359 [SgLow4]:69212 [NetMuon1]:55454 [NetMuon2]:55334 [NetMuon3]:55349 [NetMuon4]:55135
[Run]:40357 [Site]:4 [Bin]:13700 [FullTime]:3600 [SkipTime]:0 [Veto1]:67.9625 [Veto2]:70.8879 [Veto3]:68.8745 [Veto4]:62.0047 [SgUp1]:68135 [SgUp2]:68417 [SgUp3]:69553 [SgUp4]:69255 [SgLow1]:68110 [SgLow2]:68388 [SgLow3]:69517 [SgLow4]:69226 [NetMuon1]:55241 [NetMuon2]:55211 [NetMuon3]:55211 [NetMuon4]:55344
[Run]:40357 [Site]:4 [Bin]:13701 [FullTime]:3600 [SkipTime]:0 [Veto1]:68.7471 [Veto2]:72.6568 [Veto3]:76.5117 [Veto4]:68.6912 [SgUp1]:67595 [SgUp2]:68667 [SgUp3]:68895 [SgUp4]:69191 [SgLow1]:67557 [SgLow2]:68653 [SgLow3]:68858 [SgLow4]:69161 [NetMuon1]:56173 [NetMuon2]:56104 [NetMuon3]:56002 [NetMuon4]:56147
[Run]:40357 [Site]:4 [Bin]:13702 [FullTime]:3600 [SkipTime]:0 [Veto1]:71.8093 [Veto2]:68.3868 [Veto3]:65.8132 [Veto4]:68.8465 [SgUp1]:67908 [SgUp2]:68421 [SgUp3]:69340 [SgUp4]:69138 [SgLow1]:67873 [SgLow2]:68401 [SgLow3]:69316 [SgLow4]:69096 [NetMuon1]:56282 [NetMuon2]:56363 [NetMuon3]:56361 [NetMuon4]:56327
[Run]:40357 [Site]:4 [Bin]:13703 [FullTime]:3600 [SkipTime]:0 [Veto1]:69.2775 [Veto2]:62.3889 [Veto3]:63.9116 [Veto4]:63.3527 [SgUp1]:68231 [SgUp2]:67915 [SgUp3]:69708 [SgUp4]:69154 [SgLow1]:68199 [SgLow2]:67887 [SgLow3]:69678 [SgLow4]:69131 [NetMuon1]:55603 [NetMuon2]:55744 [NetMuon3]:55716 [NetMuon4]:55757
[Run]:40357 [Site]:4 [Bin]:13704 [FullTime]:3600 [SkipTime]:0 [Veto1]:61.8863 [Veto2]:73.6453 [Veto3]:76.6409 [Veto4]:61.8717 [SgUp1]:67978 [SgUp2]:67711 [SgUp3]:69244 [SgUp4]:68962 [SgLow1]:67944 [SgLow2]:67680 [SgLow3]:69228 [SgLow4]:68943 [NetMuon1]:56320 [NetMuon2]:56115 [NetMuon3]:56118 [NetMuon4]:56331
End process Run: 40357 ... 
[Run]:40357 [Site]:4 [Bin]:13705 [FullTime]:77.7577 [SkipTime]:0 [Veto1]:2.05485 [Veto2]:1.06654 [Veto3]:2.05896 [Veto4]:1.06266
