StreamChain add 0x164537f0
Start to process run: 40894 ... 
[Run]:40894 [Site]:4 [Bin]:14312 [FullTime]:874.779 [SkipTime]:0 [Veto1]:17.8265 [Veto2]:14.1616 [Veto3]:12.8648 [Veto4]:11.9095 [SgUp1]:16359 [SgUp2]:16703 [SgUp3]:16599 [SgUp4]:16685 [SgLow1]:16353 [SgLow2]:16698 [SgLow3]:16591 [SgLow4]:16681 [NetMuon1]:13009 [NetMuon2]:13060 [NetMuon3]:13086 [NetMuon4]:13105
[Run]:40894 [Site]:4 [Bin]:14313 [FullTime]:3600 [SkipTime]:0 [Veto1]:62.0612 [Veto2]:61.9705 [Veto3]:62.9963 [Veto4]:52.0955 [SgUp1]:67405 [SgUp2]:68816 [SgUp3]:69422 [SgUp4]:68843 [SgLow1]:67388 [SgLow2]:68799 [SgLow3]:69387 [SgLow4]:68796 [NetMuon1]:54037 [NetMuon2]:54020 [NetMuon3]:54038 [NetMuon4]:54172
[Run]:40894 [Site]:4 [Bin]:14314 [FullTime]:3600 [SkipTime]:0 [Veto1]:75.4663 [Veto2]:70.9153 [Veto3]:70.8888 [Veto4]:56.0933 [SgUp1]:67030 [SgUp2]:69263 [SgUp3]:68081 [SgUp4]:68564 [SgLow1]:67003 [SgLow2]:69225 [SgLow3]:68056 [SgLow4]:68527 [NetMuon1]:53857 [NetMuon2]:53927 [NetMuon3]:53893 [NetMuon4]:54126
[Run]:40894 [Site]:4 [Bin]:14315 [FullTime]:3600 [SkipTime]:0 [Veto1]:62.881 [Veto2]:61.906 [Veto3]:60.8497 [Veto4]:67.7428 [SgUp1]:67442 [SgUp2]:68707 [SgUp3]:68888 [SgUp4]:68744 [SgLow1]:67399 [SgLow2]:68671 [SgLow3]:68849 [SgLow4]:68705 [NetMuon1]:53849 [NetMuon2]:53874 [NetMuon3]:53872 [NetMuon4]:53801
[Run]:40894 [Site]:4 [Bin]:14316 [FullTime]:3600 [SkipTime]:0 [Veto1]:62.0722 [Veto2]:68.9646 [Veto3]:66.9255 [Veto4]:63.0176 [SgUp1]:66921 [SgUp2]:69221 [SgUp3]:69146 [SgUp4]:69182 [SgLow1]:66894 [SgLow2]:69184 [SgLow3]:69109 [SgLow4]:69146 [NetMuon1]:54040 [NetMuon2]:53921 [NetMuon3]:53952 [NetMuon4]:53997
[Run]:40894 [Site]:4 [Bin]:14317 [FullTime]:3600 [SkipTime]:0 [Veto1]:68.9142 [Veto2]:71.7832 [Veto3]:65.9724 [Veto4]:57.0915 [SgUp1]:67471 [SgUp2]:68738 [SgUp3]:68974 [SgUp4]:68817 [SgLow1]:67442 [SgLow2]:68699 [SgLow3]:68956 [SgLow4]:68789 [NetMuon1]:53863 [NetMuon2]:53845 [NetMuon3]:53984 [NetMuon4]:54109
[Run]:40894 [Site]:4 [Bin]:14318 [FullTime]:3600 [SkipTime]:0 [Veto1]:69.5456 [Veto2]:61.5709 [Veto3]:67.5225 [Veto4]:58.5226 [SgUp1]:66922 [SgUp2]:69083 [SgUp3]:68946 [SgUp4]:68587 [SgLow1]:66897 [SgLow2]:69056 [SgLow3]:68925 [SgLow4]:68564 [NetMuon1]:53449 [NetMuon2]:53546 [NetMuon3]:53471 [NetMuon4]:53625
[Run]:40894 [Site]:4 [Bin]:14319 [FullTime]:3600 [SkipTime]:0 [Veto1]:68.0095 [Veto2]:62.0097 [Veto3]:64.0051 [Veto4]:66.044 [SgUp1]:67124 [SgUp2]:68894 [SgUp3]:68806 [SgUp4]:68902 [SgLow1]:67094 [SgLow2]:68875 [SgLow3]:68784 [SgLow4]:68863 [NetMuon1]:54038 [NetMuon2]:54112 [NetMuon3]:54098 [NetMuon4]:54084
[Run]:40894 [Site]:4 [Bin]:14320 [FullTime]:3600 [SkipTime]:0 [Veto1]:60.8129 [Veto2]:66.6223 [Veto3]:63.6912 [Veto4]:66.4167 [SgUp1]:67459 [SgUp2]:68712 [SgUp3]:68782 [SgUp4]:68770 [SgLow1]:67424 [SgLow2]:68693 [SgLow3]:68754 [SgLow4]:68737 [NetMuon1]:53754 [NetMuon2]:53621 [NetMuon3]:53702 [NetMuon4]:53675
[Run]:40894 [Site]:4 [Bin]:14321 [FullTime]:3600 [SkipTime]:0 [Veto1]:72.946 [Veto2]:62.0306 [Veto3]:63.9928 [Veto4]:62.2187 [SgUp1]:66890 [SgUp2]:68945 [SgUp3]:68930 [SgUp4]:68096 [SgLow1]:66864 [SgLow2]:68913 [SgLow3]:68896 [SgLow4]:68060 [NetMuon1]:53940 [NetMuon2]:54115 [NetMuon3]:54080 [NetMuon4]:54117
[Run]:40894 [Site]:4 [Bin]:14322 [FullTime]:3600 [SkipTime]:0 [Veto1]:67.9146 [Veto2]:59.9698 [Veto3]:64.8589 [Veto4]:58.962 [SgUp1]:66949 [SgUp2]:69324 [SgUp3]:69320 [SgUp4]:68379 [SgLow1]:66920 [SgLow2]:69290 [SgLow3]:69297 [SgLow4]:68360 [NetMuon1]:53893 [NetMuon2]:54012 [NetMuon3]:53948 [NetMuon4]:54016
[Run]:40894 [Site]:4 [Bin]:14323 [FullTime]:3600 [SkipTime]:0 [Veto1]:61.7907 [Veto2]:74.5505 [Veto3]:64.6625 [Veto4]:64.7095 [SgUp1]:67715 [SgUp2]:68472 [SgUp3]:68975 [SgUp4]:68640 [SgLow1]:67685 [SgLow2]:68438 [SgLow3]:68956 [SgLow4]:68608 [NetMuon1]:53764 [NetMuon2]:53531 [NetMuon3]:53677 [NetMuon4]:53713
[Run]:40894 [Site]:4 [Bin]:14324 [FullTime]:3600 [SkipTime]:0 [Veto1]:63.0662 [Veto2]:67.5865 [Veto3]:67.6173 [Veto4]:70.85 [SgUp1]:67305 [SgUp2]:68844 [SgUp3]:68959 [SgUp4]:68133 [SgLow1]:67285 [SgLow2]:68816 [SgLow3]:68931 [SgLow4]:68114 [NetMuon1]:53608 [NetMuon2]:53580 [NetMuon3]:53595 [NetMuon4]:53511
[Run]:40894 [Site]:4 [Bin]:14325 [FullTime]:3600 [SkipTime]:0 [Veto1]:63.0741 [Veto2]:66.0082 [Veto3]:59.0712 [Veto4]:70.9017 [SgUp1]:67540 [SgUp2]:69243 [SgUp3]:69201 [SgUp4]:68294 [SgLow1]:67505 [SgLow2]:69230 [SgLow3]:69170 [SgLow4]:68262 [NetMuon1]:54071 [NetMuon2]:54028 [NetMuon3]:54114 [NetMuon4]:53909
[Run]:40894 [Site]:4 [Bin]:14326 [FullTime]:3600 [SkipTime]:0 [Veto1]:63.0054 [Veto2]:59.0604 [Veto3]:63.9985 [Veto4]:66.6464 [SgUp1]:67090 [SgUp2]:69228 [SgUp3]:68349 [SgUp4]:68643 [SgLow1]:67066 [SgLow2]:69203 [SgLow3]:68320 [SgLow4]:68616 [NetMuon1]:54067 [NetMuon2]:54143 [NetMuon3]:54052 [NetMuon4]:54005
[Run]:40894 [Site]:4 [Bin]:14327 [FullTime]:3600 [SkipTime]:0 [Veto1]:67.7063 [Veto2]:59.7918 [Veto3]:71.7762 [Veto4]:66.6412 [SgUp1]:66598 [SgUp2]:69216 [SgUp3]:69193 [SgUp4]:68812 [SgLow1]:66564 [SgLow2]:69186 [SgLow3]:69180 [SgLow4]:68784 [NetMuon1]:53688 [NetMuon2]:53805 [NetMuon3]:53633 [NetMuon4]:53695
End process Run: 40894 ... 
[Run]:40894 [Site]:4 [Bin]:14328 [FullTime]:405.143 [SkipTime]:0 [Veto1]:7.04492 [Veto2]:8.99779 [Veto3]:10.9848 [Veto4]:6.04966
