StreamChain add 0x41fe7f0
Start to process run: 40647 ... 
[Run]:40647 [Site]:4 [Bin]:13924 [FullTime]:283.559 [SkipTime]:0 [Veto1]:5.57392 [Veto2]:4.59052 [Veto3]:4.58702 [Veto4]:4.58634 [SgUp1]:5492 [SgUp2]:5423 [SgUp3]:5556 [SgUp4]:5491 [SgLow1]:5485 [SgLow2]:5421 [SgLow3]:5553 [SgLow4]:5491 [NetMuon1]:4297 [NetMuon2]:4320 [NetMuon3]:4316 [NetMuon4]:4313
[Run]:40647 [Site]:4 [Bin]:13925 [FullTime]:3600 [SkipTime]:0 [Veto1]:67.1206 [Veto2]:65.1212 [Veto3]:69.9386 [Veto4]:60.1668 [SgUp1]:69136 [SgUp2]:69694 [SgUp3]:69445 [SgUp4]:69569 [SgLow1]:69116 [SgLow2]:69669 [SgLow3]:69412 [SgLow4]:69530 [NetMuon1]:55400 [NetMuon2]:55422 [NetMuon3]:55392 [NetMuon4]:55522
[Run]:40647 [Site]:4 [Bin]:13926 [FullTime]:3600 [SkipTime]:0 [Veto1]:63.4202 [Veto2]:50.5608 [Veto3]:66.892 [Veto4]:69.3179 [SgUp1]:69040 [SgUp2]:69655 [SgUp3]:69668 [SgUp4]:69530 [SgLow1]:69005 [SgLow2]:69629 [SgLow3]:69648 [SgLow4]:69508 [NetMuon1]:55795 [NetMuon2]:55996 [NetMuon3]:55731 [NetMuon4]:55711
[Run]:40647 [Site]:4 [Bin]:13927 [FullTime]:3600 [SkipTime]:0 [Veto1]:67.4281 [Veto2]:71.3782 [Veto3]:68.3432 [Veto4]:65.4275 [SgUp1]:67417 [SgUp2]:69161 [SgUp3]:69639 [SgUp4]:68976 [SgLow1]:67394 [SgLow2]:69142 [SgLow3]:69591 [SgLow4]:68948 [NetMuon1]:55739 [NetMuon2]:55672 [NetMuon3]:55693 [NetMuon4]:55744
[Run]:40647 [Site]:4 [Bin]:13928 [FullTime]:3600 [SkipTime]:0 [Veto1]:65.1824 [Veto2]:69.1147 [Veto3]:68.1172 [Veto4]:74.0609 [SgUp1]:68086 [SgUp2]:68526 [SgUp3]:69695 [SgUp4]:68833 [SgLow1]:68055 [SgLow2]:68486 [SgLow3]:69663 [SgLow4]:68811 [NetMuon1]:55527 [NetMuon2]:55423 [NetMuon3]:55495 [NetMuon4]:55382
[Run]:40647 [Site]:4 [Bin]:13929 [FullTime]:3600 [SkipTime]:0 [Veto1]:65.2856 [Veto2]:74.8153 [Veto3]:63.2661 [Veto4]:67.3175 [SgUp1]:67753 [SgUp2]:68379 [SgUp3]:69367 [SgUp4]:69046 [SgLow1]:67723 [SgLow2]:68342 [SgLow3]:69340 [SgLow4]:69005 [NetMuon1]:55613 [NetMuon2]:55458 [NetMuon3]:55646 [NetMuon4]:55616
[Run]:40647 [Site]:4 [Bin]:13930 [FullTime]:3600 [SkipTime]:0 [Veto1]:64.6267 [Veto2]:65.5286 [Veto3]:74.4164 [Veto4]:71.5303 [SgUp1]:67278 [SgUp2]:68668 [SgUp3]:69284 [SgUp4]:68818 [SgLow1]:67244 [SgLow2]:68629 [SgLow3]:69246 [SgLow4]:68792 [NetMuon1]:56000 [NetMuon2]:55954 [NetMuon3]:55815 [NetMuon4]:55866
[Run]:40647 [Site]:4 [Bin]:13931 [FullTime]:3600 [SkipTime]:0 [Veto1]:71.1737 [Veto2]:73.0731 [Veto3]:64.2681 [Veto4]:61.2367 [SgUp1]:67188 [SgUp2]:68482 [SgUp3]:69022 [SgUp4]:69176 [SgLow1]:67154 [SgLow2]:68461 [SgLow3]:68992 [SgLow4]:69133 [NetMuon1]:55470 [NetMuon2]:55458 [NetMuon3]:55578 [NetMuon4]:55630
[Run]:40647 [Site]:4 [Bin]:13932 [FullTime]:3600 [SkipTime]:0 [Veto1]:65.183 [Veto2]:62.156 [Veto3]:64.1075 [Veto4]:61.2225 [SgUp1]:67576 [SgUp2]:68728 [SgUp3]:69653 [SgUp4]:69387 [SgLow1]:67553 [SgLow2]:68712 [SgLow3]:69610 [SgLow4]:69356 [NetMuon1]:55453 [NetMuon2]:55482 [NetMuon3]:55489 [NetMuon4]:55553
[Run]:40647 [Site]:4 [Bin]:13933 [FullTime]:3600 [SkipTime]:0 [Veto1]:68.7144 [Veto2]:69.6476 [Veto3]:70.6342 [Veto4]:65.7369 [SgUp1]:67297 [SgUp2]:68425 [SgUp3]:69117 [SgUp4]:68760 [SgLow1]:67269 [SgLow2]:68392 [SgLow3]:69085 [SgLow4]:68719 [NetMuon1]:54891 [NetMuon2]:54928 [NetMuon3]:54857 [NetMuon4]:54984
[Run]:40647 [Site]:4 [Bin]:13934 [FullTime]:2291.26 [SkipTime]:1308.74 [Veto1]:42.5402 [Veto2]:38.5789 [Veto3]:41.0314 [Veto4]:41.5463 [SgUp1]:43255 [SgUp2]:43710 [SgUp3]:44233 [SgUp4]:44009 [SgLow1]:43235 [SgLow2]:43696 [SgLow3]:44213 [SgLow4]:43998 [NetMuon1]:35468 [NetMuon2]:35540 [NetMuon3]:35507 [NetMuon4]:35521
[Run]:40647 [Site]:4 [Bin]:13935 [FullTime]:997.632 [SkipTime]:2602.37 [Veto1]:16.9302 [Veto2]:18.8815 [Veto3]:23.8214 [Veto4]:19.8815 [SgUp1]:18659 [SgUp2]:18768 [SgUp3]:18908 [SgUp4]:19080 [SgLow1]:18656 [SgLow2]:18762 [SgLow3]:18903 [SgLow4]:19066 [NetMuon1]:15538 [NetMuon2]:15515 [NetMuon3]:15406 [NetMuon4]:15482
[Run]:40647 [Site]:4 [Bin]:13936 [FullTime]:2301.88 [SkipTime]:1298.12 [Veto1]:43.6287 [Veto2]:43.5947 [Veto3]:39.6431 [Veto4]:41.591 [SgUp1]:43328 [SgUp2]:43679 [SgUp3]:44313 [SgUp4]:44381 [SgLow1]:43317 [SgLow2]:43651 [SgLow3]:44288 [SgLow4]:44357 [NetMuon1]:35609 [NetMuon2]:35603 [NetMuon3]:35646 [NetMuon4]:35597
[Run]:40647 [Site]:4 [Bin]:13937 [FullTime]:3600 [SkipTime]:0 [Veto1]:75.378 [Veto2]:67.4753 [Veto3]:63.5383 [Veto4]:76.3525 [SgUp1]:67245 [SgUp2]:68963 [SgUp3]:69484 [SgUp4]:68481 [SgLow1]:67203 [SgLow2]:68925 [SgLow3]:69452 [SgLow4]:68437 [NetMuon1]:55709 [NetMuon2]:55860 [NetMuon3]:55938 [NetMuon4]:55710
[Run]:40647 [Site]:4 [Bin]:13938 [FullTime]:3600 [SkipTime]:0 [Veto1]:65.0553 [Veto2]:65.0799 [Veto3]:68.0031 [Veto4]:72.0058 [SgUp1]:66912 [SgUp2]:68850 [SgUp3]:68936 [SgUp4]:69120 [SgLow1]:66885 [SgLow2]:68818 [SgLow3]:68906 [SgLow4]:69086 [NetMuon1]:55328 [NetMuon2]:55380 [NetMuon3]:55350 [NetMuon4]:55296
[Run]:40647 [Site]:4 [Bin]:13939 [FullTime]:3600 [SkipTime]:0 [Veto1]:70.5476 [Veto2]:63.5568 [Veto3]:61.2243 [Veto4]:70.4802 [SgUp1]:67709 [SgUp2]:68352 [SgUp3]:69432 [SgUp4]:68878 [SgLow1]:67671 [SgLow2]:68299 [SgLow3]:69404 [SgLow4]:68846 [NetMuon1]:55912 [NetMuon2]:56008 [NetMuon3]:56056 [NetMuon4]:55893
[Run]:40647 [Site]:4 [Bin]:13940 [FullTime]:3600 [SkipTime]:0 [Veto1]:59.0053 [Veto2]:63.9254 [Veto3]:68.8559 [Veto4]:60.9327 [SgUp1]:68111 [SgUp2]:68559 [SgUp3]:69635 [SgUp4]:69185 [SgLow1]:68076 [SgLow2]:68519 [SgLow3]:69598 [SgLow4]:69157 [NetMuon1]:55234 [NetMuon2]:55186 [NetMuon3]:55132 [NetMuon4]:55228
[Run]:40647 [Site]:4 [Bin]:13941 [FullTime]:3600 [SkipTime]:0 [Veto1]:70.0934 [Veto2]:66.1162 [Veto3]:68.0867 [Veto4]:66.1409 [SgUp1]:66987 [SgUp2]:68495 [SgUp3]:69364 [SgUp4]:69119 [SgLow1]:66963 [SgLow2]:68470 [SgLow3]:69319 [SgLow4]:69095 [NetMuon1]:55422 [NetMuon2]:55494 [NetMuon3]:55466 [NetMuon4]:55487
[Run]:40647 [Site]:4 [Bin]:13942 [FullTime]:3600.01 [SkipTime]:0 [Veto1]:62.4439 [Veto2]:69.31 [Veto3]:59.4506 [Veto4]:65.363 [SgUp1]:67782 [SgUp2]:68800 [SgUp3]:69953 [SgUp4]:69025 [SgLow1]:67760 [SgLow2]:68760 [SgLow3]:69917 [SgLow4]:68986 [NetMuon1]:55834 [NetMuon2]:55701 [NetMuon3]:55868 [NetMuon4]:55755
[Run]:40647 [Site]:4 [Bin]:13943 [FullTime]:3600 [SkipTime]:0 [Veto1]:67.1305 [Veto2]:70.0813 [Veto3]:71.7582 [Veto4]:69.7321 [SgUp1]:67680 [SgUp2]:68533 [SgUp3]:68813 [SgUp4]:68855 [SgLow1]:67647 [SgLow2]:68509 [SgLow3]:68780 [SgLow4]:68828 [NetMuon1]:55413 [NetMuon2]:55372 [NetMuon3]:55395 [NetMuon4]:55402
[Run]:40647 [Site]:4 [Bin]:13944 [FullTime]:3600 [SkipTime]:0 [Veto1]:61.1545 [Veto2]:72.9426 [Veto3]:67.0285 [Veto4]:67.0533 [SgUp1]:68104 [SgUp2]:67957 [SgUp3]:69305 [SgUp4]:68859 [SgLow1]:68080 [SgLow2]:67933 [SgLow3]:69272 [SgLow4]:68836 [NetMuon1]:55457 [NetMuon2]:55256 [NetMuon3]:55338 [NetMuon4]:55379
[Run]:40647 [Site]:4 [Bin]:13945 [FullTime]:2287.5 [SkipTime]:1312.51 [Veto1]:50.0905 [Veto2]:40.2242 [Veto3]:44.1899 [Veto4]:39.2186 [SgUp1]:42815 [SgUp2]:44025 [SgUp3]:44222 [SgUp4]:43890 [SgLow1]:42785 [SgLow2]:44003 [SgLow3]:44206 [SgLow4]:43868 [NetMuon1]:34996 [NetMuon2]:35146 [NetMuon3]:35109 [NetMuon4]:35170
[Run]:40647 [Site]:4 [Bin]:13946 [FullTime]:3600 [SkipTime]:0 [Veto1]:61.5416 [Veto2]:64.4415 [Veto3]:68.3681 [Veto4]:74.4065 [SgUp1]:67829 [SgUp2]:68643 [SgUp3]:69351 [SgUp4]:68462 [SgLow1]:67809 [SgLow2]:68603 [SgLow3]:69326 [SgLow4]:68438 [NetMuon1]:55911 [NetMuon2]:55880 [NetMuon3]:55773 [NetMuon4]:55713
[Run]:40647 [Site]:4 [Bin]:13947 [FullTime]:3600 [SkipTime]:0 [Veto1]:68.6795 [Veto2]:61.7615 [Veto3]:72.6198 [Veto4]:69.6189 [SgUp1]:68323 [SgUp2]:68682 [SgUp3]:68824 [SgUp4]:68592 [SgLow1]:68309 [SgLow2]:68650 [SgLow3]:68800 [SgLow4]:68566 [NetMuon1]:54936 [NetMuon2]:55017 [NetMuon3]:54870 [NetMuon4]:54894
[Run]:40647 [Site]:4 [Bin]:13948 [FullTime]:3600 [SkipTime]:0 [Veto1]:66.4612 [Veto2]:62.5185 [Veto3]:71.3172 [Veto4]:59.5412 [SgUp1]:67944 [SgUp2]:68852 [SgUp3]:69165 [SgUp4]:69617 [SgLow1]:67896 [SgLow2]:68828 [SgLow3]:69126 [SgLow4]:69582 [NetMuon1]:55822 [NetMuon2]:55906 [NetMuon3]:55755 [NetMuon4]:55963
[Run]:40647 [Site]:4 [Bin]:13949 [FullTime]:3600 [SkipTime]:0 [Veto1]:66.8281 [Veto2]:69.7223 [Veto3]:66.77 [Veto4]:63.7207 [SgUp1]:67708 [SgUp2]:68829 [SgUp3]:68764 [SgUp4]:69235 [SgLow1]:67673 [SgLow2]:68797 [SgLow3]:68729 [SgLow4]:69197 [NetMuon1]:55055 [NetMuon2]:55010 [NetMuon3]:55069 [NetMuon4]:55098
[Run]:40647 [Site]:4 [Bin]:13950 [FullTime]:3600 [SkipTime]:0 [Veto1]:63.8787 [Veto2]:60.9332 [Veto3]:70.8636 [Veto4]:63.9356 [SgUp1]:67876 [SgUp2]:68655 [SgUp3]:69574 [SgUp4]:68897 [SgLow1]:67853 [SgLow2]:68623 [SgLow3]:69537 [SgLow4]:68853 [NetMuon1]:55217 [NetMuon2]:55220 [NetMuon3]:55090 [NetMuon4]:55213
[Run]:40647 [Site]:4 [Bin]:13951 [FullTime]:3600 [SkipTime]:0 [Veto1]:65.27 [Veto2]:61.2632 [Veto3]:63.2891 [Veto4]:66.2389 [SgUp1]:68499 [SgUp2]:69367 [SgUp3]:69781 [SgUp4]:69834 [SgLow1]:68465 [SgLow2]:69343 [SgLow3]:69742 [SgLow4]:69809 [NetMuon1]:55591 [NetMuon2]:55661 [NetMuon3]:55623 [NetMuon4]:55583
[Run]:40647 [Site]:4 [Bin]:13952 [FullTime]:3600 [SkipTime]:0 [Veto1]:67.0311 [Veto2]:70.9496 [Veto3]:64.0187 [Veto4]:68.0112 [SgUp1]:68033 [SgUp2]:69128 [SgUp3]:69212 [SgUp4]:69164 [SgLow1]:68008 [SgLow2]:69102 [SgLow3]:69179 [SgLow4]:69125 [NetMuon1]:55285 [NetMuon2]:55238 [NetMuon3]:55361 [NetMuon4]:55333
[Run]:40647 [Site]:4 [Bin]:13953 [FullTime]:3600 [SkipTime]:0 [Veto1]:67.6013 [Veto2]:67.5737 [Veto3]:63.9823 [Veto4]:66.6248 [SgUp1]:67931 [SgUp2]:69111 [SgUp3]:69309 [SgUp4]:69125 [SgLow1]:67898 [SgLow2]:69085 [SgLow3]:69272 [SgLow4]:69087 [NetMuon1]:56036 [NetMuon2]:56045 [NetMuon3]:56116 [NetMuon4]:56088
[Run]:40647 [Site]:4 [Bin]:13954 [FullTime]:3600 [SkipTime]:0 [Veto1]:61.5809 [Veto2]:72.3641 [Veto3]:68.4118 [Veto4]:61.4644 [SgUp1]:68223 [SgUp2]:68219 [SgUp3]:69908 [SgUp4]:68499 [SgLow1]:68193 [SgLow2]:68177 [SgLow3]:69879 [SgLow4]:68463 [NetMuon1]:55955 [NetMuon2]:55760 [NetMuon3]:55834 [NetMuon4]:55954
[Run]:40647 [Site]:4 [Bin]:13955 [FullTime]:3600 [SkipTime]:0 [Veto1]:61.8379 [Veto2]:72.6491 [Veto3]:69.6399 [Veto4]:73.6399 [SgUp1]:67824 [SgUp2]:69162 [SgUp3]:69248 [SgUp4]:68668 [SgLow1]:67789 [SgLow2]:69139 [SgLow3]:69214 [SgLow4]:68639 [NetMuon1]:56237 [NetMuon2]:56045 [NetMuon3]:56115 [NetMuon4]:56038
[Run]:40647 [Site]:4 [Bin]:13956 [FullTime]:3600 [SkipTime]:0 [Veto1]:68.2137 [Veto2]:61.2559 [Veto3]:61.2842 [Veto4]:65.1646 [SgUp1]:67798 [SgUp2]:69142 [SgUp3]:69433 [SgUp4]:69229 [SgLow1]:67764 [SgLow2]:69111 [SgLow3]:69412 [SgLow4]:69182 [NetMuon1]:55503 [NetMuon2]:55614 [NetMuon3]:55609 [NetMuon4]:55559
[Run]:40647 [Site]:4 [Bin]:13957 [FullTime]:3600 [SkipTime]:0 [Veto1]:65.6388 [Veto2]:77.247 [Veto3]:62.4751 [Veto4]:68.3088 [SgUp1]:67862 [SgUp2]:68771 [SgUp3]:69366 [SgUp4]:70000 [SgLow1]:67818 [SgLow2]:68743 [SgLow3]:69347 [SgLow4]:69977 [NetMuon1]:55774 [NetMuon2]:55561 [NetMuon3]:55879 [NetMuon4]:55727
[Run]:40647 [Site]:4 [Bin]:13958 [FullTime]:3600 [SkipTime]:0 [Veto1]:71.3888 [Veto2]:73.3263 [Veto3]:70.3486 [Veto4]:64.4442 [SgUp1]:67123 [SgUp2]:68542 [SgUp3]:69469 [SgUp4]:69766 [SgLow1]:67095 [SgLow2]:68501 [SgLow3]:69448 [SgLow4]:69725 [NetMuon1]:55768 [NetMuon2]:55730 [NetMuon3]:55754 [NetMuon4]:55870
[Run]:40647 [Site]:4 [Bin]:13959 [FullTime]:3600 [SkipTime]:0 [Veto1]:71.4246 [Veto2]:70.8866 [Veto3]:69.414 [Veto4]:62.4009 [SgUp1]:68186 [SgUp2]:68860 [SgUp3]:69363 [SgUp4]:69630 [SgLow1]:68156 [SgLow2]:68814 [SgLow3]:69340 [SgLow4]:69605 [NetMuon1]:55792 [NetMuon2]:55810 [NetMuon3]:55796 [NetMuon4]:55928
[Run]:40647 [Site]:4 [Bin]:13960 [FullTime]:3600 [SkipTime]:0 [Veto1]:69.1847 [Veto2]:65.3072 [Veto3]:69.1993 [Veto4]:69.229 [SgUp1]:67368 [SgUp2]:68723 [SgUp3]:69494 [SgUp4]:69302 [SgLow1]:67340 [SgLow2]:68700 [SgLow3]:69462 [SgLow4]:69282 [NetMuon1]:55537 [NetMuon2]:55658 [NetMuon3]:55581 [NetMuon4]:55581
[Run]:40647 [Site]:4 [Bin]:13961 [FullTime]:3600 [SkipTime]:0 [Veto1]:69.3884 [Veto2]:67.2392 [Veto3]:68.2153 [Veto4]:62.3115 [SgUp1]:67426 [SgUp2]:68617 [SgUp3]:69844 [SgUp4]:68571 [SgLow1]:67398 [SgLow2]:68585 [SgLow3]:69820 [SgLow4]:68540 [NetMuon1]:55578 [NetMuon2]:55636 [NetMuon3]:55601 [NetMuon4]:55667
[Run]:40647 [Site]:4 [Bin]:13962 [FullTime]:3600 [SkipTime]:0 [Veto1]:65.3948 [Veto2]:59.4674 [Veto3]:60.4414 [Veto4]:74.8015 [SgUp1]:67881 [SgUp2]:69056 [SgUp3]:69215 [SgUp4]:69291 [SgLow1]:67852 [SgLow2]:69024 [SgLow3]:69190 [SgLow4]:69259 [NetMuon1]:55762 [NetMuon2]:55836 [NetMuon3]:55841 [NetMuon4]:55588
[Run]:40647 [Site]:4 [Bin]:13963 [FullTime]:3600 [SkipTime]:0 [Veto1]:71.1883 [Veto2]:66.2336 [Veto3]:73.123 [Veto4]:73.1867 [SgUp1]:67997 [SgUp2]:69151 [SgUp3]:69621 [SgUp4]:69033 [SgLow1]:67965 [SgLow2]:69122 [SgLow3]:69598 [SgLow4]:69000 [NetMuon1]:55531 [NetMuon2]:55615 [NetMuon3]:55479 [NetMuon4]:55521
[Run]:40647 [Site]:4 [Bin]:13964 [FullTime]:2293.69 [SkipTime]:1306.31 [Veto1]:47.4762 [Veto2]:44.5458 [Veto3]:41.5787 [Veto4]:43.497 [SgUp1]:43182 [SgUp2]:43766 [SgUp3]:44608 [SgUp4]:44176 [SgLow1]:43147 [SgLow2]:43748 [SgLow3]:44592 [SgLow4]:44153 [NetMuon1]:35433 [NetMuon2]:35489 [NetMuon3]:35538 [NetMuon4]:35488
[Run]:40647 [Site]:4 [Bin]:13965 [FullTime]:3600 [SkipTime]:0 [Veto1]:66.3094 [Veto2]:67.2433 [Veto3]:78.1021 [Veto4]:72.137 [SgUp1]:67766 [SgUp2]:69199 [SgUp3]:69562 [SgUp4]:69269 [SgLow1]:67726 [SgLow2]:69171 [SgLow3]:69525 [SgLow4]:69235 [NetMuon1]:55633 [NetMuon2]:55617 [NetMuon3]:55438 [NetMuon4]:55527
[Run]:40647 [Site]:4 [Bin]:13966 [FullTime]:3600 [SkipTime]:0 [Veto1]:67.3996 [Veto2]:67.7788 [Veto3]:63.3897 [Veto4]:70.3002 [SgUp1]:67087 [SgUp2]:69109 [SgUp3]:69847 [SgUp4]:68997 [SgLow1]:67050 [SgLow2]:69066 [SgLow3]:69818 [SgLow4]:68955 [NetMuon1]:55676 [NetMuon2]:55720 [NetMuon3]:55739 [NetMuon4]:55678
[Run]:40647 [Site]:4 [Bin]:13967 [FullTime]:3600 [SkipTime]:0 [Veto1]:61.0303 [Veto2]:65.8864 [Veto3]:66.9151 [Veto4]:62.9248 [SgUp1]:68160 [SgUp2]:69124 [SgUp3]:69348 [SgUp4]:69112 [SgLow1]:68137 [SgLow2]:69104 [SgLow3]:69313 [SgLow4]:69089 [NetMuon1]:55242 [NetMuon2]:55164 [NetMuon3]:55152 [NetMuon4]:55216
End process Run: 40647 ... 
 The size of breaks is above 4, which is beyond the number of columns of txt output. 
[Run]:40647 [Site]:4 [Bin]:13968 [FullTime]:3095.87 [SkipTime]:0 [Veto1]:59.7859 [Veto2]:53.8535 [Veto3]:53.6021 [Veto4]:65.94
