StreamChain add 0x197517f0
Start to process run: 41306 ... 
[Run]:41306 [Site]:4 [Bin]:14903 [FullTime]:317.759 [SkipTime]:0 [Veto1]:4.22719 [Veto2]:8.33842 [Veto3]:9.15648 [Veto4]:6.18635 [SgUp1]:5976 [SgUp2]:5911 [SgUp3]:6127 [SgUp4]:6239 [SgLow1]:5976 [SgLow2]:5909 [SgLow3]:6123 [SgLow4]:6237 [NetMuon1]:5078 [NetMuon2]:5008 [NetMuon3]:4994 [NetMuon4]:5034
[Run]:41306 [Site]:4 [Bin]:14904 [FullTime]:3600 [SkipTime]:0 [Veto1]:75.3582 [Veto2]:67.4628 [Veto3]:68.4113 [Veto4]:58.5772 [SgUp1]:67415 [SgUp2]:69083 [SgUp3]:70074 [SgUp4]:69266 [SgLow1]:67380 [SgLow2]:69050 [SgLow3]:70044 [SgLow4]:69239 [NetMuon1]:55719 [NetMuon2]:55851 [NetMuon3]:55816 [NetMuon4]:55973
[Run]:41306 [Site]:4 [Bin]:14905 [FullTime]:3600 [SkipTime]:0 [Veto1]:58.7118 [Veto2]:64.6053 [Veto3]:71.5036 [Veto4]:64.2554 [SgUp1]:67636 [SgUp2]:68926 [SgUp3]:70453 [SgUp4]:68465 [SgLow1]:67615 [SgLow2]:68895 [SgLow3]:70417 [SgLow4]:68430 [NetMuon1]:56126 [NetMuon2]:56005 [NetMuon3]:55913 [NetMuon4]:56023
[Run]:41306 [Site]:4 [Bin]:14906 [FullTime]:3600 [SkipTime]:0 [Veto1]:62.9619 [Veto2]:66.6649 [Veto3]:66.4945 [Veto4]:81.1159 [SgUp1]:67396 [SgUp2]:69265 [SgUp3]:69861 [SgUp4]:68941 [SgLow1]:67373 [SgLow2]:69250 [SgLow3]:69831 [SgLow4]:68913 [NetMuon1]:55704 [NetMuon2]:55627 [NetMuon3]:55597 [NetMuon4]:55456
[Run]:41306 [Site]:4 [Bin]:14907 [FullTime]:3600 [SkipTime]:0 [Veto1]:68.4598 [Veto2]:61.5953 [Veto3]:61.5816 [Veto4]:72.4196 [SgUp1]:66767 [SgUp2]:68794 [SgUp3]:70166 [SgUp4]:69251 [SgLow1]:66750 [SgLow2]:68763 [SgLow3]:70137 [SgLow4]:69224 [NetMuon1]:55875 [NetMuon2]:55988 [NetMuon3]:55981 [NetMuon4]:55813
[Run]:41306 [Site]:4 [Bin]:14908 [FullTime]:3600 [SkipTime]:0 [Veto1]:62.548 [Veto2]:65.505 [Veto3]:63.5654 [Veto4]:62.3988 [SgUp1]:67539 [SgUp2]:68599 [SgUp3]:70087 [SgUp4]:69058 [SgLow1]:67503 [SgLow2]:68571 [SgLow3]:70058 [SgLow4]:69022 [NetMuon1]:55882 [NetMuon2]:55886 [NetMuon3]:55904 [NetMuon4]:55900
[Run]:41306 [Site]:4 [Bin]:14909 [FullTime]:3600 [SkipTime]:0 [Veto1]:68.5255 [Veto2]:61.6032 [Veto3]:65.1597 [Veto4]:60.5749 [SgUp1]:67391 [SgUp2]:69124 [SgUp3]:69859 [SgUp4]:68714 [SgLow1]:67353 [SgLow2]:69088 [SgLow3]:69823 [SgLow4]:68674 [NetMuon1]:55958 [NetMuon2]:56054 [NetMuon3]:55998 [NetMuon4]:56036
[Run]:41306 [Site]:4 [Bin]:14910 [FullTime]:3600 [SkipTime]:0 [Veto1]:67.7688 [Veto2]:64.7465 [Veto3]:65.7426 [Veto4]:79.1191 [SgUp1]:67368 [SgUp2]:69275 [SgUp3]:70613 [SgUp4]:68612 [SgLow1]:67340 [SgLow2]:69247 [SgLow3]:70575 [SgLow4]:68568 [NetMuon1]:56205 [NetMuon2]:56245 [NetMuon3]:56227 [NetMuon4]:56041
[Run]:41306 [Site]:4 [Bin]:14911 [FullTime]:3600 [SkipTime]:0 [Veto1]:64.5911 [Veto2]:68.4729 [Veto3]:66.4722 [Veto4]:61.5579 [SgUp1]:67727 [SgUp2]:69216 [SgUp3]:70167 [SgUp4]:69272 [SgLow1]:67698 [SgLow2]:69191 [SgLow3]:70132 [SgLow4]:69237 [NetMuon1]:55969 [NetMuon2]:55905 [NetMuon3]:55933 [NetMuon4]:55986
[Run]:41306 [Site]:4 [Bin]:14912 [FullTime]:2299.58 [SkipTime]:1300.42 [Veto1]:40.7058 [Veto2]:47.605 [Veto3]:45.6702 [Veto4]:44.6405 [SgUp1]:42981 [SgUp2]:43929 [SgUp3]:44428 [SgUp4]:44294 [SgLow1]:42974 [SgLow2]:43896 [SgLow3]:44418 [SgLow4]:44275 [NetMuon1]:35731 [NetMuon2]:35638 [NetMuon3]:35670 [NetMuon4]:35677
[Run]:41306 [Site]:4 [Bin]:14913 [FullTime]:3600 [SkipTime]:0 [Veto1]:65.7939 [Veto2]:60.8212 [Veto3]:80.5324 [Veto4]:60.804 [SgUp1]:67580 [SgUp2]:68761 [SgUp3]:69274 [SgUp4]:69263 [SgLow1]:67548 [SgLow2]:68735 [SgLow3]:69244 [SgLow4]:69221 [NetMuon1]:56216 [NetMuon2]:56307 [NetMuon3]:55994 [NetMuon4]:56311
[Run]:41306 [Site]:4 [Bin]:14914 [FullTime]:3600 [SkipTime]:0 [Veto1]:63.7346 [Veto2]:74.5058 [Veto3]:69.6218 [Veto4]:65.6324 [SgUp1]:67445 [SgUp2]:68617 [SgUp3]:69164 [SgUp4]:69046 [SgLow1]:67415 [SgLow2]:68592 [SgLow3]:69131 [SgLow4]:69012 [NetMuon1]:56124 [NetMuon2]:55892 [NetMuon3]:56054 [NetMuon4]:56059
[Run]:41306 [Site]:4 [Bin]:14915 [FullTime]:3600 [SkipTime]:0 [Veto1]:67.2214 [Veto2]:67.6938 [Veto3]:72.5684 [Veto4]:61.718 [SgUp1]:67157 [SgUp2]:69113 [SgUp3]:69742 [SgUp4]:69096 [SgLow1]:67134 [SgLow2]:69089 [SgLow3]:69699 [SgLow4]:69078 [NetMuon1]:56138 [NetMuon2]:56146 [NetMuon3]:56033 [NetMuon4]:56227
[Run]:41306 [Site]:4 [Bin]:14916 [FullTime]:3600 [SkipTime]:0 [Veto1]:70.1073 [Veto2]:71.7092 [Veto3]:67.1211 [Veto4]:59.246 [SgUp1]:68145 [SgUp2]:68805 [SgUp3]:69515 [SgUp4]:68727 [SgLow1]:68106 [SgLow2]:68770 [SgLow3]:69484 [SgLow4]:68708 [NetMuon1]:55442 [NetMuon2]:55455 [NetMuon3]:55473 [NetMuon4]:55615
[Run]:41306 [Site]:4 [Bin]:14917 [FullTime]:3600 [SkipTime]:0 [Veto1]:73.4726 [Veto2]:57.6244 [Veto3]:66.5291 [Veto4]:60.6172 [SgUp1]:67604 [SgUp2]:69423 [SgUp3]:69852 [SgUp4]:69187 [SgLow1]:67568 [SgLow2]:69398 [SgLow3]:69830 [SgLow4]:69153 [NetMuon1]:55853 [NetMuon2]:56114 [NetMuon3]:55967 [NetMuon4]:56029
[Run]:41306 [Site]:4 [Bin]:14918 [FullTime]:3600 [SkipTime]:0 [Veto1]:63.4292 [Veto2]:72.6604 [Veto3]:70.275 [Veto4]:67.5719 [SgUp1]:67569 [SgUp2]:69196 [SgUp3]:69605 [SgUp4]:69111 [SgLow1]:67537 [SgLow2]:69162 [SgLow3]:69572 [SgLow4]:69088 [NetMuon1]:55797 [NetMuon2]:55689 [NetMuon3]:55699 [NetMuon4]:55762
[Run]:41306 [Site]:4 [Bin]:14919 [FullTime]:3600 [SkipTime]:0 [Veto1]:62.5716 [Veto2]:76.3149 [Veto3]:66.4384 [Veto4]:60.5505 [SgUp1]:67918 [SgUp2]:68631 [SgUp3]:69254 [SgUp4]:69152 [SgLow1]:67898 [SgLow2]:68588 [SgLow3]:69235 [SgLow4]:69127 [NetMuon1]:55926 [NetMuon2]:55713 [NetMuon3]:55903 [NetMuon4]:55960
[Run]:41306 [Site]:4 [Bin]:14920 [FullTime]:3600 [SkipTime]:0 [Veto1]:71.1852 [Veto2]:72.1791 [Veto3]:68.1518 [Veto4]:70.1497 [SgUp1]:67449 [SgUp2]:68729 [SgUp3]:69375 [SgUp4]:69237 [SgLow1]:67419 [SgLow2]:68704 [SgLow3]:69346 [SgLow4]:69199 [NetMuon1]:55545 [NetMuon2]:55553 [NetMuon3]:55552 [NetMuon4]:55557
[Run]:41306 [Site]:4 [Bin]:14921 [FullTime]:3600 [SkipTime]:0 [Veto1]:70.4882 [Veto2]:66.611 [Veto3]:64.5031 [Veto4]:71.4997 [SgUp1]:67457 [SgUp2]:68665 [SgUp3]:70022 [SgUp4]:68881 [SgLow1]:67427 [SgLow2]:68634 [SgLow3]:69993 [SgLow4]:68846 [NetMuon1]:55883 [NetMuon2]:55948 [NetMuon3]:55942 [NetMuon4]:55889
[Run]:41306 [Site]:4 [Bin]:14922 [FullTime]:3600 [SkipTime]:0 [Veto1]:66.5113 [Veto2]:72.4314 [Veto3]:61.5874 [Veto4]:69.5297 [SgUp1]:67542 [SgUp2]:69201 [SgUp3]:70214 [SgUp4]:68861 [SgLow1]:67516 [SgLow2]:69162 [SgLow3]:70181 [SgLow4]:68809 [NetMuon1]:55966 [NetMuon2]:55863 [NetMuon3]:56068 [NetMuon4]:55939
[Run]:41306 [Site]:4 [Bin]:14923 [FullTime]:3600 [SkipTime]:0 [Veto1]:76.363 [Veto2]:73.3868 [Veto3]:77.3517 [Veto4]:69.4431 [SgUp1]:67804 [SgUp2]:68768 [SgUp3]:69338 [SgUp4]:68967 [SgLow1]:67781 [SgLow2]:68745 [SgLow3]:69317 [SgLow4]:68928 [NetMuon1]:55702 [NetMuon2]:55817 [NetMuon3]:55711 [NetMuon4]:55839
[Run]:41306 [Site]:4 [Bin]:14924 [FullTime]:3600 [SkipTime]:0 [Veto1]:68.3254 [Veto2]:69.2428 [Veto3]:72.2184 [Veto4]:64.9023 [SgUp1]:67403 [SgUp2]:68973 [SgUp3]:69566 [SgUp4]:69293 [SgLow1]:67369 [SgLow2]:68942 [SgLow3]:69541 [SgLow4]:69253 [NetMuon1]:55669 [NetMuon2]:55644 [NetMuon3]:55573 [NetMuon4]:55720
[Run]:41306 [Site]:4 [Bin]:14925 [FullTime]:3600 [SkipTime]:0 [Veto1]:71.4989 [Veto2]:70.4309 [Veto3]:67.8394 [Veto4]:67.553 [SgUp1]:67566 [SgUp2]:69459 [SgUp3]:69459 [SgUp4]:69073 [SgLow1]:67536 [SgLow2]:69421 [SgLow3]:69441 [SgLow4]:69043 [NetMuon1]:55862 [NetMuon2]:55854 [NetMuon3]:55902 [NetMuon4]:55930
[Run]:41306 [Site]:4 [Bin]:14926 [FullTime]:3600 [SkipTime]:0 [Veto1]:63.579 [Veto2]:69.5269 [Veto3]:67.5096 [Veto4]:61.5601 [SgUp1]:67574 [SgUp2]:69158 [SgUp3]:69144 [SgUp4]:69299 [SgLow1]:67556 [SgLow2]:69132 [SgLow3]:69103 [SgLow4]:69272 [NetMuon1]:56001 [NetMuon2]:55930 [NetMuon3]:55938 [NetMuon4]:56034
[Run]:41306 [Site]:4 [Bin]:14927 [FullTime]:3600.01 [SkipTime]:0 [Veto1]:63.5953 [Veto2]:74.2123 [Veto3]:64.37 [Veto4]:59.3823 [SgUp1]:67439 [SgUp2]:68896 [SgUp3]:70020 [SgUp4]:69068 [SgLow1]:67416 [SgLow2]:68858 [SgLow3]:69980 [SgLow4]:69045 [NetMuon1]:55763 [NetMuon2]:55583 [NetMuon3]:55723 [NetMuon4]:55838
End process Run: 41306 ... 
[Run]:41306 [Site]:4 [Bin]:14928 [FullTime]:3405.8 [SkipTime]:0 [Veto1]:59.7739 [Veto2]:68.5603 [Veto3]:63.0599 [Veto4]:63.5935
