StreamChain add 0x1f0fd7f0
Start to process run: 41890 ... 
[Run]:41890 [Site]:4 [Bin]:15721 [FullTime]:2378.81 [SkipTime]:0 [Veto1]:34.3902 [Veto2]:44.2661 [Veto3]:45.2363 [Veto4]:40.3329 [SgUp1]:45513 [SgUp2]:45512 [SgUp3]:45542 [SgUp4]:45879 [SgLow1]:45492 [SgLow2]:45496 [SgLow3]:45519 [SgLow4]:45860 [NetMuon1]:35295 [NetMuon2]:35150 [NetMuon3]:35157 [NetMuon4]:35203
[Run]:41890 [Site]:4 [Bin]:15722 [FullTime]:3600 [SkipTime]:0 [Veto1]:70.2135 [Veto2]:67.2481 [Veto3]:66.2273 [Veto4]:67.2378 [SgUp1]:68803 [SgUp2]:68638 [SgUp3]:69566 [SgUp4]:69652 [SgLow1]:68772 [SgLow2]:68600 [SgLow3]:69528 [SgLow4]:69613 [NetMuon1]:53090 [NetMuon2]:53108 [NetMuon3]:53144 [NetMuon4]:53133
[Run]:41890 [Site]:4 [Bin]:15723 [FullTime]:3600 [SkipTime]:0 [Veto1]:74.0379 [Veto2]:61.251 [Veto3]:63.182 [Veto4]:64.1842 [SgUp1]:68239 [SgUp2]:69382 [SgUp3]:69688 [SgUp4]:69977 [SgLow1]:68212 [SgLow2]:69358 [SgLow3]:69666 [SgLow4]:69957 [NetMuon1]:52907 [NetMuon2]:53140 [NetMuon3]:53091 [NetMuon4]:53111
[Run]:41890 [Site]:4 [Bin]:15724 [FullTime]:3600 [SkipTime]:0 [Veto1]:56.0942 [Veto2]:60.1715 [Veto3]:69.8445 [Veto4]:61.9973 [SgUp1]:68888 [SgUp2]:68884 [SgUp3]:69487 [SgUp4]:69203 [SgLow1]:68844 [SgLow2]:68861 [SgLow3]:69457 [SgLow4]:69174 [NetMuon1]:52875 [NetMuon2]:52808 [NetMuon3]:52670 [NetMuon4]:52801
[Run]:41890 [Site]:4 [Bin]:15725 [FullTime]:3600.01 [SkipTime]:0 [Veto1]:68.5823 [Veto2]:66.2928 [Veto3]:61.6516 [Veto4]:67.616 [SgUp1]:68158 [SgUp2]:69392 [SgUp3]:69735 [SgUp4]:69508 [SgLow1]:68136 [SgLow2]:69366 [SgLow3]:69703 [SgLow4]:69467 [NetMuon1]:53520 [NetMuon2]:53549 [NetMuon3]:53631 [NetMuon4]:53554
[Run]:41890 [Site]:4 [Bin]:15726 [FullTime]:3600 [SkipTime]:0 [Veto1]:60.3622 [Veto2]:61.3056 [Veto3]:61.2801 [Veto4]:63.1894 [SgUp1]:68548 [SgUp2]:69550 [SgUp3]:69200 [SgUp4]:69479 [SgLow1]:68509 [SgLow2]:69527 [SgLow3]:69170 [SgLow4]:69431 [NetMuon1]:53226 [NetMuon2]:53212 [NetMuon3]:53192 [NetMuon4]:53149
[Run]:41890 [Site]:4 [Bin]:15727 [FullTime]:3600 [SkipTime]:0 [Veto1]:59.3358 [Veto2]:63.1668 [Veto3]:63.2021 [Veto4]:59.368 [SgUp1]:67778 [SgUp2]:69017 [SgUp3]:69285 [SgUp4]:69771 [SgLow1]:67740 [SgLow2]:68993 [SgLow3]:69242 [SgLow4]:69738 [NetMuon1]:53155 [NetMuon2]:53089 [NetMuon3]:53090 [NetMuon4]:53124
[Run]:41890 [Site]:4 [Bin]:15728 [FullTime]:3600 [SkipTime]:0 [Veto1]:61.1423 [Veto2]:69.9858 [Veto3]:60.1489 [Veto4]:63.0607 [SgUp1]:68358 [SgUp2]:68864 [SgUp3]:70047 [SgUp4]:69367 [SgLow1]:68324 [SgLow2]:68840 [SgLow3]:70020 [SgLow4]:69339 [NetMuon1]:53004 [NetMuon2]:52855 [NetMuon3]:53003 [NetMuon4]:52957
[Run]:41890 [Site]:4 [Bin]:15729 [FullTime]:3600 [SkipTime]:0 [Veto1]:60.1269 [Veto2]:59.15 [Veto3]:60.0829 [Veto4]:56.1651 [SgUp1]:67967 [SgUp2]:69195 [SgUp3]:69573 [SgUp4]:69402 [SgLow1]:67931 [SgLow2]:69167 [SgLow3]:69551 [SgLow4]:69375 [NetMuon1]:52946 [NetMuon2]:52981 [NetMuon3]:52956 [NetMuon4]:53014
[Run]:41890 [Site]:4 [Bin]:15730 [FullTime]:3600 [SkipTime]:0 [Veto1]:61.9927 [Veto2]:72.8119 [Veto3]:71.037 [Veto4]:71.831 [SgUp1]:67965 [SgUp2]:69446 [SgUp3]:69252 [SgUp4]:69163 [SgLow1]:67939 [SgLow2]:69418 [SgLow3]:69200 [SgLow4]:69131 [NetMuon1]:52807 [NetMuon2]:52598 [NetMuon3]:52632 [NetMuon4]:52625
[Run]:41890 [Site]:4 [Bin]:15731 [FullTime]:3600 [SkipTime]:0 [Veto1]:67.1543 [Veto2]:62.2253 [Veto3]:67.1455 [Veto4]:65.1481 [SgUp1]:67855 [SgUp2]:69123 [SgUp3]:69562 [SgUp4]:69415 [SgLow1]:67827 [SgLow2]:69092 [SgLow3]:69545 [SgLow4]:69393 [NetMuon1]:53017 [NetMuon2]:53128 [NetMuon3]:53032 [NetMuon4]:53050
[Run]:41890 [Site]:4 [Bin]:15732 [FullTime]:3600 [SkipTime]:0 [Veto1]:55.473 [Veto2]:64.3075 [Veto3]:62.5531 [Veto4]:63.334 [SgUp1]:68171 [SgUp2]:69596 [SgUp3]:69449 [SgUp4]:69353 [SgLow1]:68139 [SgLow2]:69557 [SgLow3]:69426 [SgLow4]:69325 [NetMuon1]:53332 [NetMuon2]:53196 [NetMuon3]:53201 [NetMuon4]:53227
[Run]:41890 [Site]:4 [Bin]:15733 [FullTime]:3600 [SkipTime]:0 [Veto1]:59.5991 [Veto2]:63.5278 [Veto3]:68.4092 [Veto4]:67.4386 [SgUp1]:68327 [SgUp2]:69569 [SgUp3]:69025 [SgUp4]:69169 [SgLow1]:68289 [SgLow2]:69534 [SgLow3]:69005 [SgLow4]:69144 [NetMuon1]:53538 [NetMuon2]:53512 [NetMuon3]:53356 [NetMuon4]:53408
[Run]:41890 [Site]:4 [Bin]:15734 [FullTime]:3600 [SkipTime]:0 [Veto1]:67.3676 [Veto2]:59.4931 [Veto3]:62.4269 [Veto4]:70.4079 [SgUp1]:67781 [SgUp2]:69022 [SgUp3]:69063 [SgUp4]:69141 [SgLow1]:67764 [SgLow2]:68998 [SgLow3]:69030 [SgLow4]:69104 [NetMuon1]:53300 [NetMuon2]:53412 [NetMuon3]:53365 [NetMuon4]:53315
[Run]:41890 [Site]:4 [Bin]:15735 [FullTime]:3600 [SkipTime]:0 [Veto1]:62.5427 [Veto2]:64.4604 [Veto3]:64.4699 [Veto4]:62.4665 [SgUp1]:67952 [SgUp2]:68890 [SgUp3]:68997 [SgUp4]:69607 [SgLow1]:67923 [SgLow2]:68855 [SgLow3]:68958 [SgLow4]:69577 [NetMuon1]:53463 [NetMuon2]:53400 [NetMuon3]:53421 [NetMuon4]:53422
[Run]:41890 [Site]:4 [Bin]:15736 [FullTime]:3600 [SkipTime]:0 [Veto1]:68.9124 [Veto2]:61.9571 [Veto3]:64.9546 [Veto4]:61.9733 [SgUp1]:67805 [SgUp2]:69626 [SgUp3]:69334 [SgUp4]:69544 [SgLow1]:67763 [SgLow2]:69599 [SgLow3]:69308 [SgLow4]:69513 [NetMuon1]:52704 [NetMuon2]:52811 [NetMuon3]:52807 [NetMuon4]:52832
[Run]:41890 [Site]:4 [Bin]:15737 [FullTime]:3600 [SkipTime]:0 [Veto1]:64.8718 [Veto2]:59.9656 [Veto3]:74.7841 [Veto4]:58.0399 [SgUp1]:67477 [SgUp2]:69436 [SgUp3]:69204 [SgUp4]:69708 [SgLow1]:67445 [SgLow2]:69419 [SgLow3]:69168 [SgLow4]:69679 [NetMuon1]:52790 [NetMuon2]:52826 [NetMuon3]:52592 [NetMuon4]:52900
[Run]:41890 [Site]:4 [Bin]:15738 [FullTime]:3600 [SkipTime]:0 [Veto1]:61.9411 [Veto2]:67.8263 [Veto3]:68.7799 [Veto4]:67.2184 [SgUp1]:67682 [SgUp2]:69351 [SgUp3]:68728 [SgUp4]:69501 [SgLow1]:67641 [SgLow2]:69318 [SgLow3]:68702 [SgLow4]:69470 [NetMuon1]:52720 [NetMuon2]:52621 [NetMuon3]:52588 [NetMuon4]:52645
[Run]:41890 [Site]:4 [Bin]:15739 [FullTime]:3600 [SkipTime]:0 [Veto1]:58.4719 [Veto2]:66.0641 [Veto3]:69.9839 [Veto4]:75.9579 [SgUp1]:67827 [SgUp2]:69508 [SgUp3]:69485 [SgUp4]:68986 [SgLow1]:67806 [SgLow2]:69475 [SgLow3]:69438 [SgLow4]:68963 [NetMuon1]:53038 [NetMuon2]:52905 [NetMuon3]:52854 [NetMuon4]:52785
[Run]:41890 [Site]:4 [Bin]:15740 [FullTime]:3600 [SkipTime]:0 [Veto1]:57.0777 [Veto2]:64.9694 [Veto3]:59.9611 [Veto4]:59.0134 [SgUp1]:67929 [SgUp2]:69515 [SgUp3]:69878 [SgUp4]:69727 [SgLow1]:67897 [SgLow2]:69483 [SgLow3]:69845 [SgLow4]:69687 [NetMuon1]:52862 [NetMuon2]:52762 [NetMuon3]:52785 [NetMuon4]:52848
[Run]:41890 [Site]:4 [Bin]:15741 [FullTime]:3600 [SkipTime]:0 [Veto1]:66.7138 [Veto2]:63.1627 [Veto3]:72.0062 [Veto4]:66.1312 [SgUp1]:67897 [SgUp2]:69161 [SgUp3]:69099 [SgUp4]:69141 [SgLow1]:67853 [SgLow2]:69136 [SgLow3]:69054 [SgLow4]:69122 [NetMuon1]:52931 [NetMuon2]:53006 [NetMuon3]:52866 [NetMuon4]:52950
[Run]:41890 [Site]:4 [Bin]:15742 [FullTime]:3600 [SkipTime]:0 [Veto1]:59.439 [Veto2]:63.3817 [Veto3]:63.3618 [Veto4]:66.3588 [SgUp1]:67414 [SgUp2]:68678 [SgUp3]:69616 [SgUp4]:69056 [SgLow1]:67394 [SgLow2]:68649 [SgLow3]:69589 [SgLow4]:69029 [NetMuon1]:53399 [NetMuon2]:53328 [NetMuon3]:53325 [NetMuon4]:53288
[Run]:41890 [Site]:4 [Bin]:15743 [FullTime]:3600 [SkipTime]:0 [Veto1]:69.3896 [Veto2]:65.3961 [Veto3]:55.505 [Veto4]:64.3923 [SgUp1]:67402 [SgUp2]:68788 [SgUp3]:69226 [SgUp4]:69115 [SgLow1]:67378 [SgLow2]:68760 [SgLow3]:69195 [SgLow4]:69088 [NetMuon1]:53296 [NetMuon2]:53316 [NetMuon3]:53475 [NetMuon4]:53363
[Run]:41890 [Site]:4 [Bin]:15744 [FullTime]:3600 [SkipTime]:0 [Veto1]:66.424 [Veto2]:62.4801 [Veto3]:69.2625 [Veto4]:65.3488 [SgUp1]:67171 [SgUp2]:69068 [SgUp3]:69278 [SgUp4]:68905 [SgLow1]:67136 [SgLow2]:69033 [SgLow3]:69245 [SgLow4]:68871 [NetMuon1]:53276 [NetMuon2]:53385 [NetMuon3]:53234 [NetMuon4]:53293
[Run]:41890 [Site]:4 [Bin]:15745 [FullTime]:3600 [SkipTime]:0 [Veto1]:68.1339 [Veto2]:59.1717 [Veto3]:63.4299 [Veto4]:70.0494 [SgUp1]:67915 [SgUp2]:69085 [SgUp3]:68778 [SgUp4]:69105 [SgLow1]:67881 [SgLow2]:69055 [SgLow3]:68745 [SgLow4]:69065 [NetMuon1]:52935 [NetMuon2]:53080 [NetMuon3]:53005 [NetMuon4]:52919
[Run]:41890 [Site]:4 [Bin]:15746 [FullTime]:3600 [SkipTime]:0 [Veto1]:65.0203 [Veto2]:57.0797 [Veto3]:61.0246 [Veto4]:63.0156 [SgUp1]:67278 [SgUp2]:69711 [SgUp3]:69123 [SgUp4]:68733 [SgLow1]:67251 [SgLow2]:69691 [SgLow3]:69092 [SgLow4]:68704 [NetMuon1]:52855 [NetMuon2]:52957 [NetMuon3]:52864 [NetMuon4]:52846
[Run]:41890 [Site]:4 [Bin]:15747 [FullTime]:3600 [SkipTime]:0 [Veto1]:65.3854 [Veto2]:72.224 [Veto3]:71.2173 [Veto4]:63.3268 [SgUp1]:67743 [SgUp2]:68872 [SgUp3]:68913 [SgUp4]:68753 [SgLow1]:67719 [SgLow2]:68836 [SgLow3]:68895 [SgLow4]:68722 [NetMuon1]:53269 [NetMuon2]:53153 [NetMuon3]:53139 [NetMuon4]:53285
[Run]:41890 [Site]:4 [Bin]:15748 [FullTime]:3600 [SkipTime]:0 [Veto1]:55.7379 [Veto2]:64.6236 [Veto3]:67.5583 [Veto4]:62.6165 [SgUp1]:67982 [SgUp2]:68632 [SgUp3]:69249 [SgUp4]:69443 [SgLow1]:67936 [SgLow2]:68597 [SgLow3]:69217 [SgLow4]:69411 [NetMuon1]:52495 [NetMuon2]:52367 [NetMuon3]:52336 [NetMuon4]:52408
[Run]:41890 [Site]:4 [Bin]:15749 [FullTime]:3600 [SkipTime]:0 [Veto1]:65.2024 [Veto2]:57.3159 [Veto3]:63.2917 [Veto4]:61.2635 [SgUp1]:67354 [SgUp2]:69109 [SgUp3]:69374 [SgUp4]:69392 [SgLow1]:67325 [SgLow2]:69072 [SgLow3]:69336 [SgLow4]:69356 [NetMuon1]:53060 [NetMuon2]:53235 [NetMuon3]:53156 [NetMuon4]:53154
[Run]:41890 [Site]:4 [Bin]:15750 [FullTime]:3600 [SkipTime]:0 [Veto1]:62.509 [Veto2]:73.3656 [Veto3]:61.5236 [Veto4]:66.4341 [SgUp1]:67848 [SgUp2]:68413 [SgUp3]:69620 [SgUp4]:68946 [SgLow1]:67824 [SgLow2]:68363 [SgLow3]:69592 [SgLow4]:68920 [NetMuon1]:53435 [NetMuon2]:53302 [NetMuon3]:53455 [NetMuon4]:53395
[Run]:41890 [Site]:4 [Bin]:15751 [FullTime]:3600 [SkipTime]:0 [Veto1]:66.4311 [Veto2]:62.4598 [Veto3]:68.3748 [Veto4]:61.4562 [SgUp1]:67881 [SgUp2]:69440 [SgUp3]:69330 [SgUp4]:69255 [SgLow1]:67834 [SgLow2]:69421 [SgLow3]:69304 [SgLow4]:69225 [NetMuon1]:53343 [NetMuon2]:53376 [NetMuon3]:53275 [NetMuon4]:53367
[Run]:41890 [Site]:4 [Bin]:15752 [FullTime]:3600 [SkipTime]:0 [Veto1]:63.5694 [Veto2]:59.5572 [Veto3]:71.2658 [Veto4]:61.5646 [SgUp1]:67751 [SgUp2]:69662 [SgUp3]:69853 [SgUp4]:69512 [SgLow1]:67724 [SgLow2]:69636 [SgLow3]:69803 [SgLow4]:69479 [NetMuon1]:53500 [NetMuon2]:53567 [NetMuon3]:53336 [NetMuon4]:53527
[Run]:41890 [Site]:4 [Bin]:15753 [FullTime]:3600 [SkipTime]:0 [Veto1]:59.1169 [Veto2]:62.0491 [Veto3]:76.7602 [Veto4]:64.9538 [SgUp1]:68312 [SgUp2]:69434 [SgUp3]:69900 [SgUp4]:69092 [SgLow1]:68278 [SgLow2]:69406 [SgLow3]:69869 [SgLow4]:69055 [NetMuon1]:52890 [NetMuon2]:52828 [NetMuon3]:52592 [NetMuon4]:52787
[Run]:41890 [Site]:4 [Bin]:15754 [FullTime]:3600 [SkipTime]:0 [Veto1]:65.168 [Veto2]:61.1736 [Veto3]:60.1605 [Veto4]:65.068 [SgUp1]:68002 [SgUp2]:70112 [SgUp3]:69802 [SgUp4]:69275 [SgLow1]:67961 [SgLow2]:70078 [SgLow3]:69777 [SgLow4]:69240 [NetMuon1]:52982 [NetMuon2]:53027 [NetMuon3]:53057 [NetMuon4]:52970
[Run]:41890 [Site]:4 [Bin]:15755 [FullTime]:3600 [SkipTime]:0 [Veto1]:57.2106 [Veto2]:63.1202 [Veto3]:68.0472 [Veto4]:67.0538 [SgUp1]:68154 [SgUp2]:70075 [SgUp3]:69737 [SgUp4]:69224 [SgLow1]:68126 [SgLow2]:70065 [SgLow3]:69698 [SgLow4]:69195 [NetMuon1]:53049 [NetMuon2]:52998 [NetMuon3]:52913 [NetMuon4]:52939
[Run]:41890 [Site]:4 [Bin]:15756 [FullTime]:3600 [SkipTime]:0 [Veto1]:62.7597 [Veto2]:60.85 [Veto3]:63.694 [Veto4]:61.7486 [SgUp1]:68239 [SgUp2]:69533 [SgUp3]:69089 [SgUp4]:69086 [SgLow1]:68212 [SgLow2]:69511 [SgLow3]:69039 [SgLow4]:69056 [NetMuon1]:52488 [NetMuon2]:52523 [NetMuon3]:52495 [NetMuon4]:52505
[Run]:41890 [Site]:4 [Bin]:15757 [FullTime]:3600 [SkipTime]:0 [Veto1]:58.018 [Veto2]:63.8561 [Veto3]:65.8671 [Veto4]:63.905 [SgUp1]:67528 [SgUp2]:69810 [SgUp3]:69488 [SgUp4]:69593 [SgLow1]:67511 [SgLow2]:69783 [SgLow3]:69451 [SgLow4]:69559 [NetMuon1]:52782 [NetMuon2]:52692 [NetMuon3]:52680 [NetMuon4]:52714
[Run]:41890 [Site]:4 [Bin]:15758 [FullTime]:3600 [SkipTime]:0 [Veto1]:62.2958 [Veto2]:62.9654 [Veto3]:70.07 [Veto4]:67.1392 [SgUp1]:67737 [SgUp2]:69431 [SgUp3]:69761 [SgUp4]:68904 [SgLow1]:67707 [SgLow2]:69386 [SgLow3]:69728 [SgLow4]:68861 [NetMuon1]:53118 [NetMuon2]:53061 [NetMuon3]:52944 [NetMuon4]:53004
[Run]:41890 [Site]:4 [Bin]:15759 [FullTime]:3600 [SkipTime]:0 [Veto1]:61.2394 [Veto2]:72.0185 [Veto3]:71.0386 [Veto4]:56.2559 [SgUp1]:67778 [SgUp2]:69352 [SgUp3]:69676 [SgUp4]:69836 [SgLow1]:67748 [SgLow2]:69325 [SgLow3]:69641 [SgLow4]:69804 [NetMuon1]:53031 [NetMuon2]:52817 [NetMuon3]:52852 [NetMuon4]:53094
[Run]:41890 [Site]:4 [Bin]:15760 [FullTime]:3600 [SkipTime]:0 [Veto1]:63.442 [Veto2]:78.227 [Veto3]:63.3757 [Veto4]:69.335 [SgUp1]:68264 [SgUp2]:69338 [SgUp3]:69748 [SgUp4]:69317 [SgLow1]:68226 [SgLow2]:69320 [SgLow3]:69708 [SgLow4]:69300 [NetMuon1]:53343 [NetMuon2]:53088 [NetMuon3]:53333 [NetMuon4]:53267
[Run]:41890 [Site]:4 [Bin]:15761 [FullTime]:3600 [SkipTime]:0 [Veto1]:69.0983 [Veto2]:60.2315 [Veto3]:68.1215 [Veto4]:61.1872 [SgUp1]:68020 [SgUp2]:69978 [SgUp3]:69751 [SgUp4]:69936 [SgLow1]:67995 [SgLow2]:69956 [SgLow3]:69722 [SgLow4]:69897 [NetMuon1]:52956 [NetMuon2]:53103 [NetMuon3]:53012 [NetMuon4]:53079
[Run]:41890 [Site]:4 [Bin]:15762 [FullTime]:3600 [SkipTime]:0 [Veto1]:59.2083 [Veto2]:62.1318 [Veto3]:65.0507 [Veto4]:54.2556 [SgUp1]:68286 [SgUp2]:69720 [SgUp3]:69798 [SgUp4]:69533 [SgLow1]:68272 [SgLow2]:69695 [SgLow3]:69776 [SgLow4]:69503 [NetMuon1]:53064 [NetMuon2]:53065 [NetMuon3]:52972 [NetMuon4]:53152
[Run]:41890 [Site]:4 [Bin]:15763 [FullTime]:3600 [SkipTime]:0 [Veto1]:70.0192 [Veto2]:65.9387 [Veto3]:59.0709 [Veto4]:62.0717 [SgUp1]:67700 [SgUp2]:69564 [SgUp3]:69447 [SgUp4]:69387 [SgLow1]:67662 [SgLow2]:69533 [SgLow3]:69424 [SgLow4]:69343 [NetMuon1]:52818 [NetMuon2]:52807 [NetMuon3]:52955 [NetMuon4]:52911
[Run]:41890 [Site]:4 [Bin]:15764 [FullTime]:3600 [SkipTime]:0 [Veto1]:61.2737 [Veto2]:69.1538 [Veto3]:68.1698 [Veto4]:66.1654 [SgUp1]:68277 [SgUp2]:69218 [SgUp3]:69904 [SgUp4]:69477 [SgLow1]:68249 [SgLow2]:69186 [SgLow3]:69871 [SgLow4]:69457 [NetMuon1]:53156 [NetMuon2]:53035 [NetMuon3]:53028 [NetMuon4]:53034
[Run]:41890 [Site]:4 [Bin]:15765 [FullTime]:3600 [SkipTime]:0 [Veto1]:61.8038 [Veto2]:61.7179 [Veto3]:60.7447 [Veto4]:59.7357 [SgUp1]:68284 [SgUp2]:69365 [SgUp3]:70193 [SgUp4]:69486 [SgLow1]:68257 [SgLow2]:69343 [SgLow3]:70170 [SgLow4]:69452 [NetMuon1]:53753 [NetMuon2]:53729 [NetMuon3]:53734 [NetMuon4]:53744
[Run]:41890 [Site]:4 [Bin]:15766 [FullTime]:3600.01 [SkipTime]:0 [Veto1]:58.5299 [Veto2]:67.3349 [Veto3]:63.3933 [Veto4]:61.4527 [SgUp1]:68258 [SgUp2]:69283 [SgUp3]:70125 [SgUp4]:69391 [SgLow1]:68230 [SgLow2]:69255 [SgLow3]:70102 [SgLow4]:69346 [NetMuon1]:53440 [NetMuon2]:53283 [NetMuon3]:53378 [NetMuon4]:53386
[Run]:41890 [Site]:4 [Bin]:15767 [FullTime]:3599.99 [SkipTime]:0 [Veto1]:58.355 [Veto2]:69.185 [Veto3]:58.2889 [Veto4]:61.2716 [SgUp1]:67647 [SgUp2]:69236 [SgUp3]:69630 [SgUp4]:69423 [SgLow1]:67630 [SgLow2]:69204 [SgLow3]:69608 [SgLow4]:69394 [NetMuon1]:53230 [NetMuon2]:53077 [NetMuon3]:53226 [NetMuon4]:53197
End process Run: 41890 ... 
[Run]:41890 [Site]:4 [Bin]:15768 [FullTime]:3425.79 [SkipTime]:0 [Veto1]:55.6232 [Veto2]:70.44 [Veto3]:67.724 [Veto4]:51.6745
