StreamChain add 0x13ff27f0
Start to process run: 41561 ... 
[Run]:41561 [Site]:4 [Bin]:15103 [FullTime]:1078.84 [SkipTime]:0 [Veto1]:20.5744 [Veto2]:18.5543 [Veto3]:18.5729 [Veto4]:19.5483 [SgUp1]:20393 [SgUp2]:20619 [SgUp3]:20887 [SgUp4]:20854 [SgLow1]:20379 [SgLow2]:20609 [SgLow3]:20878 [SgLow4]:20853 [NetMuon1]:16275 [NetMuon2]:16294 [NetMuon3]:16293 [NetMuon4]:16288
[Run]:41561 [Site]:4 [Bin]:15104 [FullTime]:3600 [SkipTime]:0 [Veto1]:64.017 [Veto2]:66.8961 [Veto3]:65.8708 [Veto4]:64.8617 [SgUp1]:67639 [SgUp2]:68001 [SgUp3]:69899 [SgUp4]:68788 [SgLow1]:67608 [SgLow2]:67953 [SgLow3]:69866 [SgLow4]:68755 [NetMuon1]:54006 [NetMuon2]:54004 [NetMuon3]:53995 [NetMuon4]:54007
[Run]:41561 [Site]:4 [Bin]:15105 [FullTime]:3600 [SkipTime]:0 [Veto1]:61.2464 [Veto2]:71.0221 [Veto3]:76.9894 [Veto4]:68.0968 [SgUp1]:67941 [SgUp2]:68577 [SgUp3]:69789 [SgUp4]:68668 [SgLow1]:67906 [SgLow2]:68554 [SgLow3]:69760 [SgLow4]:68648 [NetMuon1]:54304 [NetMuon2]:54130 [NetMuon3]:54064 [NetMuon4]:54221
[Run]:41561 [Site]:4 [Bin]:15106 [FullTime]:3600 [SkipTime]:0 [Veto1]:64.0933 [Veto2]:59.137 [Veto3]:65.0924 [Veto4]:70.9896 [SgUp1]:67805 [SgUp2]:68092 [SgUp3]:70321 [SgUp4]:69164 [SgLow1]:67762 [SgLow2]:68065 [SgLow3]:70290 [SgLow4]:69132 [NetMuon1]:54165 [NetMuon2]:54273 [NetMuon3]:54151 [NetMuon4]:54092
[Run]:41561 [Site]:4 [Bin]:15107 [FullTime]:3600 [SkipTime]:0 [Veto1]:68.9926 [Veto2]:58.1407 [Veto3]:59.0957 [Veto4]:64.7536 [SgUp1]:68215 [SgUp2]:68722 [SgUp3]:69826 [SgUp4]:68358 [SgLow1]:68187 [SgLow2]:68702 [SgLow3]:69802 [SgLow4]:68331 [NetMuon1]:53979 [NetMuon2]:54189 [NetMuon3]:54156 [NetMuon4]:54075
[Run]:41561 [Site]:4 [Bin]:15108 [FullTime]:3600 [SkipTime]:0 [Veto1]:63.5865 [Veto2]:65.5386 [Veto3]:60.6185 [Veto4]:68.5245 [SgUp1]:67904 [SgUp2]:68454 [SgUp3]:70334 [SgUp4]:69047 [SgLow1]:67869 [SgLow2]:68429 [SgLow3]:70299 [SgLow4]:69018 [NetMuon1]:54756 [NetMuon2]:54738 [NetMuon3]:54843 [NetMuon4]:54659
[Run]:41561 [Site]:4 [Bin]:15109 [FullTime]:3600 [SkipTime]:0 [Veto1]:60.7585 [Veto2]:77.3401 [Veto3]:66.3809 [Veto4]:66.4482 [SgUp1]:68046 [SgUp2]:68342 [SgUp3]:70807 [SgUp4]:68887 [SgLow1]:68030 [SgLow2]:68305 [SgLow3]:70785 [SgLow4]:68857 [NetMuon1]:54665 [NetMuon2]:54455 [NetMuon3]:54583 [NetMuon4]:54577
[Run]:41561 [Site]:4 [Bin]:15110 [FullTime]:3600 [SkipTime]:0 [Veto1]:66.1094 [Veto2]:63.1144 [Veto3]:64.1096 [Veto4]:63.163 [SgUp1]:68010 [SgUp2]:68757 [SgUp3]:70396 [SgUp4]:69031 [SgLow1]:67978 [SgLow2]:68737 [SgLow3]:70362 [SgLow4]:69008 [NetMuon1]:54173 [NetMuon2]:54195 [NetMuon3]:54209 [NetMuon4]:54208
[Run]:41561 [Site]:4 [Bin]:15111 [FullTime]:3600 [SkipTime]:0 [Veto1]:69.3601 [Veto2]:59.5789 [Veto3]:66.4552 [Veto4]:62.5304 [SgUp1]:67975 [SgUp2]:68399 [SgUp3]:70273 [SgUp4]:69695 [SgLow1]:67940 [SgLow2]:68358 [SgLow3]:70245 [SgLow4]:69669 [NetMuon1]:54580 [NetMuon2]:54753 [NetMuon3]:54635 [NetMuon4]:54703
[Run]:41561 [Site]:4 [Bin]:15112 [FullTime]:3600 [SkipTime]:0 [Veto1]:63.0294 [Veto2]:61.0407 [Veto3]:63.9682 [Veto4]:70.2745 [SgUp1]:68169 [SgUp2]:68679 [SgUp3]:70051 [SgUp4]:68528 [SgLow1]:68139 [SgLow2]:68641 [SgLow3]:70016 [SgLow4]:68510 [NetMuon1]:54078 [NetMuon2]:54103 [NetMuon3]:54033 [NetMuon4]:53966
[Run]:41561 [Site]:4 [Bin]:15113 [FullTime]:3600 [SkipTime]:0 [Veto1]:67.4958 [Veto2]:61.5286 [Veto3]:60.4984 [Veto4]:68.4095 [SgUp1]:68113 [SgUp2]:69027 [SgUp3]:70179 [SgUp4]:69506 [SgLow1]:68087 [SgLow2]:68981 [SgLow3]:70145 [SgLow4]:69476 [NetMuon1]:54633 [NetMuon2]:54697 [NetMuon3]:54708 [NetMuon4]:54562
[Run]:41561 [Site]:4 [Bin]:15114 [FullTime]:3600 [SkipTime]:0 [Veto1]:65.4848 [Veto2]:63.4173 [Veto3]:68.3765 [Veto4]:59.5185 [SgUp1]:67275 [SgUp2]:68253 [SgUp3]:70101 [SgUp4]:68977 [SgLow1]:67233 [SgLow2]:68229 [SgLow3]:70063 [SgLow4]:68954 [NetMuon1]:54604 [NetMuon2]:54634 [NetMuon3]:54545 [NetMuon4]:54698
[Run]:41561 [Site]:4 [Bin]:15115 [FullTime]:3599.99 [SkipTime]:0 [Veto1]:72.1692 [Veto2]:66.0004 [Veto3]:70.2633 [Veto4]:68.0865 [SgUp1]:67930 [SgUp2]:68327 [SgUp3]:69998 [SgUp4]:69305 [SgLow1]:67885 [SgLow2]:68296 [SgLow3]:69953 [SgLow4]:69273 [NetMuon1]:54031 [NetMuon2]:54131 [NetMuon3]:54084 [NetMuon4]:54183
[Run]:41561 [Site]:4 [Bin]:15116 [FullTime]:3600 [SkipTime]:0 [Veto1]:68.383 [Veto2]:62.3839 [Veto3]:71.219 [Veto4]:64.041 [SgUp1]:68183 [SgUp2]:68690 [SgUp3]:69843 [SgUp4]:68854 [SgLow1]:68164 [SgLow2]:68667 [SgLow3]:69822 [SgLow4]:68811 [NetMuon1]:54452 [NetMuon2]:54526 [NetMuon3]:54406 [NetMuon4]:54534
[Run]:41561 [Site]:4 [Bin]:15117 [FullTime]:3600 [SkipTime]:0 [Veto1]:70.2834 [Veto2]:62.3161 [Veto3]:62.3371 [Veto4]:65.2456 [SgUp1]:67681 [SgUp2]:68813 [SgUp3]:70089 [SgUp4]:69432 [SgLow1]:67657 [SgLow2]:68780 [SgLow3]:70060 [SgLow4]:69404 [NetMuon1]:54312 [NetMuon2]:54475 [NetMuon3]:54459 [NetMuon4]:54407
[Run]:41561 [Site]:4 [Bin]:15118 [FullTime]:3600 [SkipTime]:0 [Veto1]:66.95 [Veto2]:72.8361 [Veto3]:65.9019 [Veto4]:62.9733 [SgUp1]:67612 [SgUp2]:68207 [SgUp3]:69804 [SgUp4]:68989 [SgLow1]:67564 [SgLow2]:68161 [SgLow3]:69782 [SgLow4]:68949 [NetMuon1]:53976 [NetMuon2]:53902 [NetMuon3]:54002 [NetMuon4]:54029
[Run]:41561 [Site]:4 [Bin]:15119 [FullTime]:3600 [SkipTime]:0 [Veto1]:62.2756 [Veto2]:76.0855 [Veto3]:60.2552 [Veto4]:61.2855 [SgUp1]:67572 [SgUp2]:67853 [SgUp3]:70207 [SgUp4]:69063 [SgLow1]:67533 [SgLow2]:67839 [SgLow3]:70173 [SgLow4]:69022 [NetMuon1]:54418 [NetMuon2]:54186 [NetMuon3]:54409 [NetMuon4]:54392
[Run]:41561 [Site]:4 [Bin]:15120 [FullTime]:3600 [SkipTime]:0 [Veto1]:70.0824 [Veto2]:65.1491 [Veto3]:76.9785 [Veto4]:64.1576 [SgUp1]:67146 [SgUp2]:68593 [SgUp3]:69769 [SgUp4]:69090 [SgLow1]:67089 [SgLow2]:68575 [SgLow3]:69726 [SgLow4]:69063 [NetMuon1]:54158 [NetMuon2]:54241 [NetMuon3]:54043 [NetMuon4]:54244
[Run]:41561 [Site]:4 [Bin]:15121 [FullTime]:3600 [SkipTime]:0 [Veto1]:63.2024 [Veto2]:59.1741 [Veto3]:75.9917 [Veto4]:71.0287 [SgUp1]:67488 [SgUp2]:69058 [SgUp3]:69601 [SgUp4]:68785 [SgLow1]:67453 [SgLow2]:69035 [SgLow3]:69585 [SgLow4]:68749 [NetMuon1]:54233 [NetMuon2]:54297 [NetMuon3]:54075 [NetMuon4]:54111
[Run]:41561 [Site]:4 [Bin]:15122 [FullTime]:3600 [SkipTime]:0 [Veto1]:58.3945 [Veto2]:73.9052 [Veto3]:74.1733 [Veto4]:67.3232 [SgUp1]:67226 [SgUp2]:68104 [SgUp3]:70472 [SgUp4]:68898 [SgLow1]:67193 [SgLow2]:68067 [SgLow3]:70445 [SgLow4]:68856 [NetMuon1]:54529 [NetMuon2]:54267 [NetMuon3]:54280 [NetMuon4]:54370
[Run]:41561 [Site]:4 [Bin]:15123 [FullTime]:3600 [SkipTime]:0 [Veto1]:75.9565 [Veto2]:66.0309 [Veto3]:64.0112 [Veto4]:63.0985 [SgUp1]:66841 [SgUp2]:68761 [SgUp3]:70168 [SgUp4]:69484 [SgLow1]:66801 [SgLow2]:68730 [SgLow3]:70132 [SgLow4]:69446 [NetMuon1]:53967 [NetMuon2]:54132 [NetMuon3]:54151 [NetMuon4]:54175
[Run]:41561 [Site]:4 [Bin]:15124 [FullTime]:3600 [SkipTime]:0 [Veto1]:66.1299 [Veto2]:72.12 [Veto3]:65.1407 [Veto4]:71.9805 [SgUp1]:67135 [SgUp2]:68814 [SgUp3]:70073 [SgUp4]:69117 [SgLow1]:67113 [SgLow2]:68798 [SgLow3]:70035 [SgLow4]:69080 [NetMuon1]:54213 [NetMuon2]:54204 [NetMuon3]:54239 [NetMuon4]:54121
[Run]:41561 [Site]:4 [Bin]:15125 [FullTime]:3600 [SkipTime]:0 [Veto1]:66.0134 [Veto2]:60.0242 [Veto3]:73.8323 [Veto4]:72.9028 [SgUp1]:67205 [SgUp2]:68761 [SgUp3]:69521 [SgUp4]:68659 [SgLow1]:67169 [SgLow2]:68733 [SgLow3]:69480 [SgLow4]:68633 [NetMuon1]:54042 [NetMuon2]:54101 [NetMuon3]:53881 [NetMuon4]:53913
[Run]:41561 [Site]:4 [Bin]:15126 [FullTime]:3600 [SkipTime]:0 [Veto1]:67.3906 [Veto2]:61.472 [Veto3]:70.3292 [Veto4]:64.3647 [SgUp1]:67240 [SgUp2]:69061 [SgUp3]:70110 [SgUp4]:68873 [SgLow1]:67193 [SgLow2]:69013 [SgLow3]:70067 [SgLow4]:68851 [NetMuon1]:54530 [NetMuon2]:54621 [NetMuon3]:54508 [NetMuon4]:54565
[Run]:41561 [Site]:4 [Bin]:15127 [FullTime]:3600 [SkipTime]:0 [Veto1]:70.2944 [Veto2]:70.2175 [Veto3]:73.1579 [Veto4]:60.3203 [SgUp1]:67913 [SgUp2]:69394 [SgUp3]:69454 [SgUp4]:69769 [SgLow1]:67872 [SgLow2]:69358 [SgLow3]:69431 [SgLow4]:69739 [NetMuon1]:54360 [NetMuon2]:54326 [NetMuon3]:54271 [NetMuon4]:54482
[Run]:41561 [Site]:4 [Bin]:15128 [FullTime]:3600 [SkipTime]:0 [Veto1]:66.3735 [Veto2]:63.4252 [Veto3]:70.2893 [Veto4]:77.4724 [SgUp1]:68184 [SgUp2]:69372 [SgUp3]:69302 [SgUp4]:68710 [SgLow1]:68159 [SgLow2]:69351 [SgLow3]:69268 [SgLow4]:68682 [NetMuon1]:54499 [NetMuon2]:54552 [NetMuon3]:54411 [NetMuon4]:54374
[Run]:41561 [Site]:4 [Bin]:15129 [FullTime]:3600 [SkipTime]:0 [Veto1]:66.0478 [Veto2]:59.0428 [Veto3]:64.9648 [Veto4]:64.9654 [SgUp1]:67891 [SgUp2]:69496 [SgUp3]:69571 [SgUp4]:69386 [SgLow1]:67850 [SgLow2]:69481 [SgLow3]:69543 [SgLow4]:69361 [NetMuon1]:54065 [NetMuon2]:54124 [NetMuon3]:54026 [NetMuon4]:54040
[Run]:41561 [Site]:4 [Bin]:15130 [FullTime]:3600.01 [SkipTime]:0 [Veto1]:66.0106 [Veto2]:60.0828 [Veto3]:68.9842 [Veto4]:66.0202 [SgUp1]:68070 [SgUp2]:69065 [SgUp3]:69966 [SgUp4]:69190 [SgLow1]:68027 [SgLow2]:69044 [SgLow3]:69922 [SgLow4]:69173 [NetMuon1]:54051 [NetMuon2]:54142 [NetMuon3]:54022 [NetMuon4]:54050
[Run]:41561 [Site]:4 [Bin]:15131 [FullTime]:3599.99 [SkipTime]:0 [Veto1]:60.1641 [Veto2]:70.9434 [Veto3]:62.1343 [Veto4]:68.9336 [SgUp1]:67824 [SgUp2]:69329 [SgUp3]:69601 [SgUp4]:69030 [SgLow1]:67797 [SgLow2]:69286 [SgLow3]:69557 [SgLow4]:69003 [NetMuon1]:54225 [NetMuon2]:54039 [NetMuon3]:54212 [NetMuon4]:54040
[Run]:41561 [Site]:4 [Bin]:15132 [FullTime]:3600 [SkipTime]:0 [Veto1]:63.0496 [Veto2]:61.9658 [Veto3]:62.934 [Veto4]:62.9116 [SgUp1]:68004 [SgUp2]:68895 [SgUp3]:69230 [SgUp4]:69066 [SgLow1]:67975 [SgLow2]:68863 [SgLow3]:69212 [SgLow4]:69024 [NetMuon1]:53979 [NetMuon2]:54054 [NetMuon3]:54035 [NetMuon4]:54008
[Run]:41561 [Site]:4 [Bin]:15133 [FullTime]:3600 [SkipTime]:0 [Veto1]:67.2174 [Veto2]:68.1191 [Veto3]:70.1088 [Veto4]:69.0967 [SgUp1]:67664 [SgUp2]:69709 [SgUp3]:69898 [SgUp4]:69072 [SgLow1]:67616 [SgLow2]:69680 [SgLow3]:69881 [SgLow4]:69044 [NetMuon1]:54258 [NetMuon2]:54226 [NetMuon3]:54227 [NetMuon4]:54215
[Run]:41561 [Site]:4 [Bin]:15134 [FullTime]:3600 [SkipTime]:0 [Veto1]:68.2236 [Veto2]:62.3655 [Veto3]:58.4032 [Veto4]:74.1867 [SgUp1]:67978 [SgUp2]:69154 [SgUp3]:69982 [SgUp4]:69124 [SgLow1]:67954 [SgLow2]:69122 [SgLow3]:69958 [SgLow4]:69090 [NetMuon1]:54385 [NetMuon2]:54497 [NetMuon3]:54563 [NetMuon4]:54322
[Run]:41561 [Site]:4 [Bin]:15135 [FullTime]:3600 [SkipTime]:0 [Veto1]:67.1441 [Veto2]:68.141 [Veto3]:68.102 [Veto4]:61.1671 [SgUp1]:67511 [SgUp2]:69219 [SgUp3]:69578 [SgUp4]:68905 [SgLow1]:67484 [SgLow2]:69198 [SgLow3]:69537 [SgLow4]:68886 [NetMuon1]:54227 [NetMuon2]:54203 [NetMuon3]:54220 [NetMuon4]:54286
[Run]:41561 [Site]:4 [Bin]:15136 [FullTime]:3600 [SkipTime]:0 [Veto1]:63.1378 [Veto2]:62.8796 [Veto3]:71.9367 [Veto4]:70.0063 [SgUp1]:68106 [SgUp2]:68850 [SgUp3]:69617 [SgUp4]:69363 [SgLow1]:68066 [SgLow2]:68810 [SgLow3]:69572 [SgLow4]:69336 [NetMuon1]:54217 [NetMuon2]:54210 [NetMuon3]:54078 [NetMuon4]:54127
[Run]:41561 [Site]:4 [Bin]:15137 [FullTime]:3600 [SkipTime]:0 [Veto1]:69.7731 [Veto2]:61.8513 [Veto3]:61.8268 [Veto4]:62.8561 [SgUp1]:67953 [SgUp2]:69301 [SgUp3]:69406 [SgUp4]:69160 [SgLow1]:67923 [SgLow2]:69281 [SgLow3]:69368 [SgLow4]:69125 [NetMuon1]:53767 [NetMuon2]:53889 [NetMuon3]:53887 [NetMuon4]:53874
[Run]:41561 [Site]:4 [Bin]:15138 [FullTime]:3600 [SkipTime]:0 [Veto1]:66.2217 [Veto2]:58.2688 [Veto3]:60.257 [Veto4]:64.1828 [SgUp1]:67713 [SgUp2]:69672 [SgUp3]:69346 [SgUp4]:68933 [SgLow1]:67682 [SgLow2]:69633 [SgLow3]:69318 [SgLow4]:68893 [NetMuon1]:54300 [NetMuon2]:54441 [NetMuon3]:54401 [NetMuon4]:54326
[Run]:41561 [Site]:4 [Bin]:15139 [FullTime]:3600 [SkipTime]:0 [Veto1]:62.5593 [Veto2]:67.0976 [Veto3]:64.4842 [Veto4]:66.5003 [SgUp1]:68008 [SgUp2]:69142 [SgUp3]:69341 [SgUp4]:69064 [SgLow1]:67982 [SgLow2]:69098 [SgLow3]:69293 [SgLow4]:69039 [NetMuon1]:54699 [NetMuon2]:54646 [NetMuon3]:54653 [NetMuon4]:54625
[Run]:41561 [Site]:4 [Bin]:15140 [FullTime]:3600 [SkipTime]:0 [Veto1]:64.4706 [Veto2]:67.4112 [Veto3]:62.4438 [Veto4]:73.3341 [SgUp1]:67289 [SgUp2]:68892 [SgUp3]:69777 [SgUp4]:68478 [SgLow1]:67268 [SgLow2]:68862 [SgLow3]:69762 [SgLow4]:68449 [NetMuon1]:54559 [NetMuon2]:54563 [NetMuon3]:54611 [NetMuon4]:54481
[Run]:41561 [Site]:4 [Bin]:15141 [FullTime]:3600 [SkipTime]:0 [Veto1]:71.0938 [Veto2]:64.0397 [Veto3]:67.0816 [Veto4]:65.0998 [SgUp1]:67614 [SgUp2]:68992 [SgUp3]:69656 [SgUp4]:69433 [SgLow1]:67588 [SgLow2]:68962 [SgLow3]:69629 [SgLow4]:69402 [NetMuon1]:54117 [NetMuon2]:54227 [NetMuon3]:54174 [NetMuon4]:54197
[Run]:41561 [Site]:4 [Bin]:15142 [FullTime]:3600 [SkipTime]:0 [Veto1]:63.223 [Veto2]:62.1723 [Veto3]:68.1033 [Veto4]:64.6465 [SgUp1]:67606 [SgUp2]:69545 [SgUp3]:69768 [SgUp4]:69559 [SgLow1]:67581 [SgLow2]:69516 [SgLow3]:69719 [SgLow4]:69529 [NetMuon1]:54267 [NetMuon2]:54271 [NetMuon3]:54190 [NetMuon4]:54268
[Run]:41561 [Site]:4 [Bin]:15143 [FullTime]:3600 [SkipTime]:0 [Veto1]:65.2091 [Veto2]:68.1951 [Veto3]:64.2396 [Veto4]:73.0987 [SgUp1]:67933 [SgUp2]:68988 [SgUp3]:69765 [SgUp4]:68815 [SgLow1]:67897 [SgLow2]:68962 [SgLow3]:69734 [SgLow4]:68780 [NetMuon1]:54281 [NetMuon2]:54270 [NetMuon3]:54380 [NetMuon4]:54170
[Run]:41561 [Site]:4 [Bin]:15144 [FullTime]:3600 [SkipTime]:0 [Veto1]:64.3747 [Veto2]:73.2501 [Veto3]:67.3022 [Veto4]:64.3469 [SgUp1]:68305 [SgUp2]:69240 [SgUp3]:69966 [SgUp4]:69729 [SgLow1]:68276 [SgLow2]:69216 [SgLow3]:69941 [SgLow4]:69692 [NetMuon1]:54464 [NetMuon2]:54326 [NetMuon3]:54422 [NetMuon4]:54482
[Run]:41561 [Site]:4 [Bin]:15145 [FullTime]:3600 [SkipTime]:0 [Veto1]:69.2202 [Veto2]:72.2133 [Veto3]:69.2059 [Veto4]:67.2708 [SgUp1]:67723 [SgUp2]:69142 [SgUp3]:69867 [SgUp4]:69180 [SgLow1]:67696 [SgLow2]:69114 [SgLow3]:69819 [SgLow4]:69157 [NetMuon1]:54323 [NetMuon2]:54302 [NetMuon3]:54324 [NetMuon4]:54325
[Run]:41561 [Site]:4 [Bin]:15146 [FullTime]:3600 [SkipTime]:0 [Veto1]:64.1783 [Veto2]:73.6214 [Veto3]:61.4497 [Veto4]:68.6175 [SgUp1]:68116 [SgUp2]:68896 [SgUp3]:69650 [SgUp4]:69340 [SgLow1]:68097 [SgLow2]:68863 [SgLow3]:69605 [SgLow4]:69308 [NetMuon1]:54880 [NetMuon2]:54738 [NetMuon3]:54877 [NetMuon4]:54798
[Run]:41561 [Site]:4 [Bin]:15147 [FullTime]:3600 [SkipTime]:0 [Veto1]:71.0459 [Veto2]:73.639 [Veto3]:70.9991 [Veto4]:59.1866 [SgUp1]:67731 [SgUp2]:68713 [SgUp3]:69626 [SgUp4]:69398 [SgLow1]:67696 [SgLow2]:68691 [SgLow3]:69592 [SgLow4]:69379 [NetMuon1]:54089 [NetMuon2]:54103 [NetMuon3]:54096 [NetMuon4]:54272
[Run]:41561 [Site]:4 [Bin]:15148 [FullTime]:3600 [SkipTime]:0 [Veto1]:62.2541 [Veto2]:71.1211 [Veto3]:60.3 [Veto4]:59.2433 [SgUp1]:67867 [SgUp2]:69399 [SgUp3]:69869 [SgUp4]:69459 [SgLow1]:67838 [SgLow2]:69374 [SgLow3]:69846 [SgLow4]:69432 [NetMuon1]:54341 [NetMuon2]:54210 [NetMuon3]:54362 [NetMuon4]:54363
[Run]:41561 [Site]:4 [Bin]:15149 [FullTime]:3600 [SkipTime]:0 [Veto1]:67.6687 [Veto2]:66.9188 [Veto3]:61.037 [Veto4]:66.9533 [SgUp1]:67978 [SgUp2]:69326 [SgUp3]:70027 [SgUp4]:68832 [SgLow1]:67955 [SgLow2]:69290 [SgLow3]:70001 [SgLow4]:68808 [NetMuon1]:53999 [NetMuon2]:53978 [NetMuon3]:54086 [NetMuon4]:53983
[Run]:41561 [Site]:4 [Bin]:15150 [FullTime]:3600 [SkipTime]:0 [Veto1]:70.1904 [Veto2]:59.3067 [Veto3]:74.8092 [Veto4]:59.3146 [SgUp1]:67833 [SgUp2]:69348 [SgUp3]:69928 [SgUp4]:69252 [SgLow1]:67816 [SgLow2]:69307 [SgLow3]:69877 [SgLow4]:69212 [NetMuon1]:54254 [NetMuon2]:54410 [NetMuon3]:54196 [NetMuon4]:54422
[Run]:41561 [Site]:4 [Bin]:15151 [FullTime]:3600 [SkipTime]:0 [Veto1]:66.1819 [Veto2]:69.092 [Veto3]:62.1903 [Veto4]:59.2423 [SgUp1]:67235 [SgUp2]:68616 [SgUp3]:70102 [SgUp4]:69204 [SgLow1]:67210 [SgLow2]:68578 [SgLow3]:70048 [SgLow4]:69170 [NetMuon1]:54201 [NetMuon2]:54180 [NetMuon3]:54282 [NetMuon4]:54315
[Run]:41561 [Site]:4 [Bin]:15152 [FullTime]:3600 [SkipTime]:0 [Veto1]:62.952 [Veto2]:75.7989 [Veto3]:55.0479 [Veto4]:66.9079 [SgUp1]:67679 [SgUp2]:68456 [SgUp3]:69647 [SgUp4]:68968 [SgLow1]:67640 [SgLow2]:68445 [SgLow3]:69615 [SgLow4]:68938 [NetMuon1]:53977 [NetMuon2]:53831 [NetMuon3]:54119 [NetMuon4]:53937
[Run]:41561 [Site]:4 [Bin]:15153 [FullTime]:3600 [SkipTime]:0 [Veto1]:68.3527 [Veto2]:67.691 [Veto3]:64.3671 [Veto4]:61.4728 [SgUp1]:67465 [SgUp2]:68899 [SgUp3]:69908 [SgUp4]:69362 [SgLow1]:67441 [SgLow2]:68877 [SgLow3]:69885 [SgLow4]:69339 [NetMuon1]:54492 [NetMuon2]:54451 [NetMuon3]:54502 [NetMuon4]:54589
[Run]:41561 [Site]:4 [Bin]:15154 [FullTime]:3600.01 [SkipTime]:0 [Veto1]:57.2856 [Veto2]:65.2347 [Veto3]:63.1756 [Veto4]:64.157 [SgUp1]:67561 [SgUp2]:68968 [SgUp3]:69711 [SgUp4]:68517 [SgLow1]:67533 [SgLow2]:68925 [SgLow3]:69676 [SgLow4]:68471 [NetMuon1]:54302 [NetMuon2]:54174 [NetMuon3]:54255 [NetMuon4]:54230
[Run]:41561 [Site]:4 [Bin]:15155 [FullTime]:3600 [SkipTime]:0 [Veto1]:62.1482 [Veto2]:65.0228 [Veto3]:57.0987 [Veto4]:64.0904 [SgUp1]:67425 [SgUp2]:68627 [SgUp3]:70153 [SgUp4]:68195 [SgLow1]:67400 [SgLow2]:68612 [SgLow3]:70111 [SgLow4]:68165 [NetMuon1]:54193 [NetMuon2]:54135 [NetMuon3]:54285 [NetMuon4]:54155
[Run]:41561 [Site]:4 [Bin]:15156 [FullTime]:3600 [SkipTime]:0 [Veto1]:67.2008 [Veto2]:71.1652 [Veto3]:64.2211 [Veto4]:64.2596 [SgUp1]:67662 [SgUp2]:68743 [SgUp3]:70447 [SgUp4]:68957 [SgLow1]:67603 [SgLow2]:68710 [SgLow3]:70415 [SgLow4]:68923 [NetMuon1]:54313 [NetMuon2]:54289 [NetMuon3]:54389 [NetMuon4]:54364
[Run]:41561 [Site]:4 [Bin]:15157 [FullTime]:3600 [SkipTime]:0 [Veto1]:64.449 [Veto2]:65.3837 [Veto3]:62.4763 [Veto4]:65.8983 [SgUp1]:67573 [SgUp2]:68627 [SgUp3]:70329 [SgUp4]:68770 [SgLow1]:67550 [SgLow2]:68608 [SgLow3]:70283 [SgLow4]:68755 [NetMuon1]:54571 [NetMuon2]:54556 [NetMuon3]:54581 [NetMuon4]:54536
[Run]:41561 [Site]:4 [Bin]:15158 [FullTime]:3600 [SkipTime]:0 [Veto1]:71.1022 [Veto2]:59.1675 [Veto3]:60.1534 [Veto4]:62.0892 [SgUp1]:67438 [SgUp2]:68263 [SgUp3]:70135 [SgUp4]:69107 [SgLow1]:67408 [SgLow2]:68232 [SgLow3]:70109 [SgLow4]:69070 [NetMuon1]:54016 [NetMuon2]:54228 [NetMuon3]:54222 [NetMuon4]:54151
[Run]:41561 [Site]:4 [Bin]:15159 [FullTime]:3600 [SkipTime]:0 [Veto1]:65.0133 [Veto2]:70.8957 [Veto3]:64.9509 [Veto4]:63.0303 [SgUp1]:67398 [SgUp2]:68380 [SgUp3]:69759 [SgUp4]:68858 [SgLow1]:67386 [SgLow2]:68336 [SgLow3]:69709 [SgLow4]:68830 [NetMuon1]:54046 [NetMuon2]:53968 [NetMuon3]:54068 [NetMuon4]:54109
[Run]:41561 [Site]:4 [Bin]:15160 [FullTime]:3600 [SkipTime]:0 [Veto1]:59.3477 [Veto2]:57.3343 [Veto3]:69.1583 [Veto4]:62.3159 [SgUp1]:67530 [SgUp2]:68747 [SgUp3]:70069 [SgUp4]:68523 [SgLow1]:67497 [SgLow2]:68709 [SgLow3]:70041 [SgLow4]:68490 [NetMuon1]:54449 [NetMuon2]:54466 [NetMuon3]:54310 [NetMuon4]:54440
[Run]:41561 [Site]:4 [Bin]:15161 [FullTime]:3600 [SkipTime]:0 [Veto1]:71.4965 [Veto2]:70.5012 [Veto3]:76.4204 [Veto4]:65.5809 [SgUp1]:67175 [SgUp2]:68592 [SgUp3]:69439 [SgUp4]:68873 [SgLow1]:67158 [SgLow2]:68574 [SgLow3]:69414 [SgLow4]:68834 [NetMuon1]:54674 [NetMuon2]:54711 [NetMuon3]:54604 [NetMuon4]:54741
[Run]:41561 [Site]:4 [Bin]:15162 [FullTime]:3600 [SkipTime]:0 [Veto1]:61.1223 [Veto2]:61.0805 [Veto3]:68.9667 [Veto4]:70.9591 [SgUp1]:67783 [SgUp2]:68771 [SgUp3]:70106 [SgUp4]:68715 [SgLow1]:67771 [SgLow2]:68738 [SgLow3]:70064 [SgLow4]:68683 [NetMuon1]:54170 [NetMuon2]:54182 [NetMuon3]:54055 [NetMuon4]:54023
[Run]:41561 [Site]:4 [Bin]:15163 [FullTime]:3600 [SkipTime]:0 [Veto1]:68.1893 [Veto2]:67.3877 [Veto3]:63.2531 [Veto4]:72.0651 [SgUp1]:67490 [SgUp2]:68048 [SgUp3]:70176 [SgUp4]:68598 [SgLow1]:67462 [SgLow2]:68020 [SgLow3]:70152 [SgLow4]:68562 [NetMuon1]:54264 [NetMuon2]:54273 [NetMuon3]:54354 [NetMuon4]:54157
[Run]:41561 [Site]:4 [Bin]:15164 [FullTime]:3600 [SkipTime]:0 [Veto1]:67.0092 [Veto2]:57.1534 [Veto3]:62.0557 [Veto4]:62.0431 [SgUp1]:67183 [SgUp2]:68859 [SgUp3]:69940 [SgUp4]:68616 [SgLow1]:67172 [SgLow2]:68817 [SgLow3]:69907 [SgLow4]:68586 [NetMuon1]:54097 [NetMuon2]:54269 [NetMuon3]:54166 [NetMuon4]:54176
[Run]:41561 [Site]:4 [Bin]:15165 [FullTime]:3600 [SkipTime]:0 [Veto1]:60.1178 [Veto2]:65.032 [Veto3]:73.8881 [Veto4]:62.0232 [SgUp1]:67428 [SgUp2]:68731 [SgUp3]:70185 [SgUp4]:69101 [SgLow1]:67400 [SgLow2]:68688 [SgLow3]:70165 [SgLow4]:69072 [NetMuon1]:54161 [NetMuon2]:54083 [NetMuon3]:53915 [NetMuon4]:54125
[Run]:41561 [Site]:4 [Bin]:15166 [FullTime]:3600 [SkipTime]:0 [Veto1]:67.0345 [Veto2]:69.0286 [Veto3]:61.0956 [Veto4]:64.0845 [SgUp1]:67291 [SgUp2]:68697 [SgUp3]:69916 [SgUp4]:69046 [SgLow1]:67272 [SgLow2]:68664 [SgLow3]:69878 [SgLow4]:69012 [NetMuon1]:54123 [NetMuon2]:54070 [NetMuon3]:54218 [NetMuon4]:54159
[Run]:41561 [Site]:4 [Bin]:15167 [FullTime]:3600 [SkipTime]:0 [Veto1]:65.0154 [Veto2]:67.9286 [Veto3]:63.0175 [Veto4]:62.0586 [SgUp1]:67350 [SgUp2]:68842 [SgUp3]:70098 [SgUp4]:68819 [SgLow1]:67333 [SgLow2]:68795 [SgLow3]:70075 [SgLow4]:68785 [NetMuon1]:54054 [NetMuon2]:53981 [NetMuon3]:54084 [NetMuon4]:54098
[Run]:41561 [Site]:4 [Bin]:15168 [FullTime]:2608.21 [SkipTime]:991.798 [Veto1]:44.9549 [Veto2]:52.7806 [Veto3]:48.8704 [Veto4]:53.7885 [SgUp1]:48654 [SgUp2]:49613 [SgUp3]:50588 [SgUp4]:49531 [SgLow1]:48640 [SgLow2]:49589 [SgLow3]:50561 [SgLow4]:49520 [NetMuon1]:39541 [NetMuon2]:39380 [NetMuon3]:39449 [NetMuon4]:39375
End process Run: 41561 ... 
[Run]:41561 [Site]:4 [Bin]:15169 [FullTime]:273.172 [SkipTime]:0 [Veto1]:6.49804 [Veto2]:4.53023 [Veto3]:4.52669 [Veto4]:3.54532
