StreamChain add 0x50517f0
Start to process run: 41193 ... 
[Run]:41193 [Site]:4 [Bin]:14664 [FullTime]:753.717 [SkipTime]:0 [Veto1]:15.2938 [Veto2]:13.3081 [Veto3]:20.2318 [Veto4]:12.3242 [SgUp1]:14133 [SgUp2]:14209 [SgUp3]:14466 [SgUp4]:14325 [SgLow1]:14130 [SgLow2]:14203 [SgLow3]:14454 [SgLow4]:14317 [NetMuon1]:11156 [NetMuon2]:11181 [NetMuon3]:11098 [NetMuon4]:11205
[Run]:41193 [Site]:4 [Bin]:14665 [FullTime]:3600 [SkipTime]:0 [Veto1]:64.2459 [Veto2]:65.2598 [Veto3]:66.1532 [Veto4]:66.693 [SgUp1]:67604 [SgUp2]:68337 [SgUp3]:69101 [SgUp4]:68529 [SgLow1]:67564 [SgLow2]:68311 [SgLow3]:69068 [SgLow4]:68503 [NetMuon1]:54307 [NetMuon2]:54342 [NetMuon3]:54270 [NetMuon4]:54283
[Run]:41193 [Site]:4 [Bin]:14666 [FullTime]:3600 [SkipTime]:0 [Veto1]:67.0271 [Veto2]:63.1235 [Veto3]:69.9173 [Veto4]:59.1008 [SgUp1]:67218 [SgUp2]:68321 [SgUp3]:68824 [SgUp4]:68995 [SgLow1]:67182 [SgLow2]:68301 [SgLow3]:68790 [SgLow4]:68961 [NetMuon1]:54087 [NetMuon2]:54160 [NetMuon3]:54034 [NetMuon4]:54203
[Run]:41193 [Site]:4 [Bin]:14667 [FullTime]:3600 [SkipTime]:0 [Veto1]:64.0937 [Veto2]:57.2042 [Veto3]:68.0271 [Veto4]:64.0757 [SgUp1]:67409 [SgUp2]:68506 [SgUp3]:69493 [SgUp4]:69248 [SgLow1]:67364 [SgLow2]:68474 [SgLow3]:69467 [SgLow4]:69216 [NetMuon1]:54190 [NetMuon2]:54272 [NetMuon3]:54116 [NetMuon4]:54163
[Run]:41193 [Site]:4 [Bin]:14668 [FullTime]:3600 [SkipTime]:0 [Veto1]:70.1761 [Veto2]:62.2298 [Veto3]:70.0837 [Veto4]:68.1567 [SgUp1]:67126 [SgUp2]:68164 [SgUp3]:69340 [SgUp4]:69382 [SgLow1]:67108 [SgLow2]:68145 [SgLow3]:69308 [SgLow4]:69341 [NetMuon1]:54249 [NetMuon2]:54336 [NetMuon3]:54227 [NetMuon4]:54257
[Run]:41193 [Site]:4 [Bin]:14669 [FullTime]:3600 [SkipTime]:0 [Veto1]:62.1961 [Veto2]:71.7646 [Veto3]:60.1856 [Veto4]:65.1051 [SgUp1]:67453 [SgUp2]:68392 [SgUp3]:69153 [SgUp4]:69287 [SgLow1]:67420 [SgLow2]:68341 [SgLow3]:69136 [SgLow4]:69249 [NetMuon1]:54250 [NetMuon2]:54105 [NetMuon3]:54271 [NetMuon4]:54213
[Run]:41193 [Site]:4 [Bin]:14670 [FullTime]:3600 [SkipTime]:0 [Veto1]:64.1733 [Veto2]:68.0689 [Veto3]:72.0544 [Veto4]:61.1667 [SgUp1]:67775 [SgUp2]:68280 [SgUp3]:68873 [SgUp4]:69057 [SgLow1]:67755 [SgLow2]:68244 [SgLow3]:68831 [SgLow4]:69032 [NetMuon1]:54208 [NetMuon2]:54186 [NetMuon3]:54123 [NetMuon4]:54288
[Run]:41193 [Site]:4 [Bin]:14671 [FullTime]:3600 [SkipTime]:0 [Veto1]:64.0179 [Veto2]:66.9248 [Veto3]:69.9106 [Veto4]:61.0331 [SgUp1]:67353 [SgUp2]:68169 [SgUp3]:69172 [SgUp4]:68885 [SgLow1]:67328 [SgLow2]:68138 [SgLow3]:69130 [SgLow4]:68847 [NetMuon1]:54050 [NetMuon2]:54000 [NetMuon3]:53973 [NetMuon4]:54085
[Run]:41193 [Site]:4 [Bin]:14672 [FullTime]:3600 [SkipTime]:0 [Veto1]:63.1736 [Veto2]:68.983 [Veto3]:73.9166 [Veto4]:72.9346 [SgUp1]:67465 [SgUp2]:68508 [SgUp3]:69188 [SgUp4]:68371 [SgLow1]:67445 [SgLow2]:68482 [SgLow3]:69161 [SgLow4]:68337 [NetMuon1]:54172 [NetMuon2]:54053 [NetMuon3]:53978 [NetMuon4]:53939
[Run]:41193 [Site]:4 [Bin]:14673 [FullTime]:3600 [SkipTime]:0 [Veto1]:59.0241 [Veto2]:67.5956 [Veto3]:62.8964 [Veto4]:75.8551 [SgUp1]:67163 [SgUp2]:67949 [SgUp3]:69724 [SgUp4]:68849 [SgLow1]:67118 [SgLow2]:67924 [SgLow3]:69689 [SgLow4]:68816 [NetMuon1]:54058 [NetMuon2]:53908 [NetMuon3]:53977 [NetMuon4]:53818
[Run]:41193 [Site]:4 [Bin]:14674 [FullTime]:3600 [SkipTime]:0 [Veto1]:63.9202 [Veto2]:59.0003 [Veto3]:68.828 [Veto4]:65.9266 [SgUp1]:67335 [SgUp2]:68523 [SgUp3]:68987 [SgUp4]:68424 [SgLow1]:67294 [SgLow2]:68501 [SgLow3]:68945 [SgLow4]:68389 [NetMuon1]:53959 [NetMuon2]:54074 [NetMuon3]:53895 [NetMuon4]:53947
[Run]:41193 [Site]:4 [Bin]:14675 [FullTime]:3600 [SkipTime]:0 [Veto1]:68.9182 [Veto2]:60.9895 [Veto3]:64.8986 [Veto4]:60.0184 [SgUp1]:67929 [SgUp2]:68700 [SgUp3]:69158 [SgUp4]:69519 [SgLow1]:67893 [SgLow2]:68661 [SgLow3]:69142 [SgLow4]:69494 [NetMuon1]:53920 [NetMuon2]:54034 [NetMuon3]:53985 [NetMuon4]:54068
[Run]:41193 [Site]:4 [Bin]:14676 [FullTime]:3600 [SkipTime]:0 [Veto1]:68.1565 [Veto2]:63.2122 [Veto3]:63.2435 [Veto4]:66.2363 [SgUp1]:67383 [SgUp2]:68787 [SgUp3]:69627 [SgUp4]:68570 [SgLow1]:67368 [SgLow2]:68770 [SgLow3]:69599 [SgLow4]:68537 [NetMuon1]:54271 [NetMuon2]:54356 [NetMuon3]:54354 [NetMuon4]:54327
[Run]:41193 [Site]:4 [Bin]:14677 [FullTime]:3600 [SkipTime]:0 [Veto1]:62.8722 [Veto2]:62.8169 [Veto3]:67.7256 [Veto4]:66.7832 [SgUp1]:67904 [SgUp2]:68473 [SgUp3]:69114 [SgUp4]:68997 [SgLow1]:67875 [SgLow2]:68438 [SgLow3]:69082 [SgLow4]:68983 [NetMuon1]:53866 [NetMuon2]:53902 [NetMuon3]:53821 [NetMuon4]:53809
[Run]:41193 [Site]:4 [Bin]:14678 [FullTime]:3600 [SkipTime]:0 [Veto1]:64.012 [Veto2]:69.9085 [Veto3]:59.9719 [Veto4]:71.93 [SgUp1]:67294 [SgUp2]:68421 [SgUp3]:69533 [SgUp4]:68656 [SgLow1]:67272 [SgLow2]:68395 [SgLow3]:69517 [SgLow4]:68629 [NetMuon1]:54006 [NetMuon2]:53922 [NetMuon3]:54077 [NetMuon4]:53874
[Run]:41193 [Site]:4 [Bin]:14679 [FullTime]:3600 [SkipTime]:0 [Veto1]:64.8505 [Veto2]:63.8404 [Veto3]:65.8459 [Veto4]:68.7328 [SgUp1]:67433 [SgUp2]:68410 [SgUp3]:69133 [SgUp4]:68737 [SgLow1]:67404 [SgLow2]:68385 [SgLow3]:69097 [SgLow4]:68701 [NetMuon1]:53856 [NetMuon2]:53876 [NetMuon3]:53841 [NetMuon4]:53798
[Run]:41193 [Site]:4 [Bin]:14680 [FullTime]:3600 [SkipTime]:0 [Veto1]:65.6659 [Veto2]:65.6436 [Veto3]:60.7114 [Veto4]:66.6816 [SgUp1]:67041 [SgUp2]:68660 [SgUp3]:69381 [SgUp4]:68842 [SgLow1]:67017 [SgLow2]:68612 [SgLow3]:69360 [SgLow4]:68814 [NetMuon1]:53717 [NetMuon2]:53700 [NetMuon3]:53750 [NetMuon4]:53707
[Run]:41193 [Site]:4 [Bin]:14681 [FullTime]:3600 [SkipTime]:0 [Veto1]:63.1127 [Veto2]:64.0345 [Veto3]:68.984 [Veto4]:68.0185 [SgUp1]:67464 [SgUp2]:68154 [SgUp3]:69411 [SgUp4]:68619 [SgLow1]:67429 [SgLow2]:68116 [SgLow3]:69390 [SgLow4]:68586 [NetMuon1]:54131 [NetMuon2]:54153 [NetMuon3]:54072 [NetMuon4]:54049
[Run]:41193 [Site]:4 [Bin]:14682 [FullTime]:3600 [SkipTime]:0 [Veto1]:69.8298 [Veto2]:61.6234 [Veto3]:66.7987 [Veto4]:60.9088 [SgUp1]:67793 [SgUp2]:68898 [SgUp3]:69735 [SgUp4]:68865 [SgLow1]:67767 [SgLow2]:68875 [SgLow3]:69708 [SgLow4]:68826 [NetMuon1]:53848 [NetMuon2]:53943 [NetMuon3]:53871 [NetMuon4]:53959
[Run]:41193 [Site]:4 [Bin]:14683 [FullTime]:3600 [SkipTime]:0 [Veto1]:66.0843 [Veto2]:64.0429 [Veto3]:63.0604 [Veto4]:65.0104 [SgUp1]:67894 [SgUp2]:68631 [SgUp3]:69185 [SgUp4]:68811 [SgLow1]:67855 [SgLow2]:68606 [SgLow3]:69142 [SgLow4]:68788 [NetMuon1]:54125 [NetMuon2]:54126 [NetMuon3]:54164 [NetMuon4]:54113
[Run]:41193 [Site]:4 [Bin]:14684 [FullTime]:3600 [SkipTime]:0 [Veto1]:58.9925 [Veto2]:63.8393 [Veto3]:69.8014 [Veto4]:57.0303 [SgUp1]:67389 [SgUp2]:68622 [SgUp3]:69162 [SgUp4]:68858 [SgLow1]:67345 [SgLow2]:68607 [SgLow3]:69126 [SgLow4]:68835 [NetMuon1]:54013 [NetMuon2]:53908 [NetMuon3]:53858 [NetMuon4]:54050
[Run]:41193 [Site]:4 [Bin]:14685 [FullTime]:3600 [SkipTime]:0 [Veto1]:71.8284 [Veto2]:69.8325 [Veto3]:68.9319 [Veto4]:64.0002 [SgUp1]:67695 [SgUp2]:68470 [SgUp3]:69310 [SgUp4]:68755 [SgLow1]:67651 [SgLow2]:68436 [SgLow3]:69266 [SgLow4]:68722 [NetMuon1]:53874 [NetMuon2]:53903 [NetMuon3]:53876 [NetMuon4]:54034
[Run]:41193 [Site]:4 [Bin]:14686 [FullTime]:3600 [SkipTime]:0 [Veto1]:64.8807 [Veto2]:71.7149 [Veto3]:65.7589 [Veto4]:66.8062 [SgUp1]:67823 [SgUp2]:68512 [SgUp3]:69404 [SgUp4]:68527 [SgLow1]:67791 [SgLow2]:68466 [SgLow3]:69366 [SgLow4]:68499 [NetMuon1]:53880 [NetMuon2]:53767 [NetMuon3]:53835 [NetMuon4]:53872
[Run]:41193 [Site]:4 [Bin]:14687 [FullTime]:3600 [SkipTime]:0 [Veto1]:71.4141 [Veto2]:65.4542 [Veto3]:68.4155 [Veto4]:60.4652 [SgUp1]:67205 [SgUp2]:68623 [SgUp3]:69273 [SgUp4]:69357 [SgLow1]:67165 [SgLow2]:68603 [SgLow3]:69244 [SgLow4]:69315 [NetMuon1]:54535 [NetMuon2]:54606 [NetMuon3]:54569 [NetMuon4]:54675
[Run]:41193 [Site]:4 [Bin]:14688 [FullTime]:2294.58 [SkipTime]:1305.42 [Veto1]:39.6632 [Veto2]:41.597 [Veto3]:42.5996 [Veto4]:41.5779 [SgUp1]:43151 [SgUp2]:43564 [SgUp3]:44206 [SgUp4]:44098 [SgLow1]:43123 [SgLow2]:43545 [SgLow3]:44192 [SgLow4]:44083 [NetMuon1]:34385 [NetMuon2]:34359 [NetMuon3]:34328 [NetMuon4]:34357
[Run]:41193 [Site]:4 [Bin]:14689 [FullTime]:3600 [SkipTime]:0 [Veto1]:62.0474 [Veto2]:62.0034 [Veto3]:68.9235 [Veto4]:56.1015 [SgUp1]:68084 [SgUp2]:68362 [SgUp3]:68954 [SgUp4]:69008 [SgLow1]:68056 [SgLow2]:68328 [SgLow3]:68919 [SgLow4]:68982 [NetMuon1]:54075 [NetMuon2]:54094 [NetMuon3]:53994 [NetMuon4]:54186
[Run]:41193 [Site]:4 [Bin]:14690 [FullTime]:3600 [SkipTime]:0 [Veto1]:58.6737 [Veto2]:68.4773 [Veto3]:58.546 [Veto4]:64.5604 [SgUp1]:67234 [SgUp2]:68311 [SgUp3]:69932 [SgUp4]:69204 [SgLow1]:67191 [SgLow2]:68273 [SgLow3]:69900 [SgLow4]:69175 [NetMuon1]:53578 [NetMuon2]:53449 [NetMuon3]:53579 [NetMuon4]:53492
[Run]:41193 [Site]:4 [Bin]:14691 [FullTime]:3600 [SkipTime]:0 [Veto1]:69.588 [Veto2]:66.624 [Veto3]:65.6267 [Veto4]:63.6281 [SgUp1]:67565 [SgUp2]:68453 [SgUp3]:69577 [SgUp4]:69047 [SgLow1]:67544 [SgLow2]:68433 [SgLow3]:69540 [SgLow4]:69017 [NetMuon1]:53567 [NetMuon2]:53634 [NetMuon3]:53643 [NetMuon4]:53681
[Run]:41193 [Site]:4 [Bin]:14692 [FullTime]:3600 [SkipTime]:0 [Veto1]:71.9024 [Veto2]:65.9492 [Veto3]:73.7451 [Veto4]:63.9723 [SgUp1]:67740 [SgUp2]:68456 [SgUp3]:69635 [SgUp4]:68763 [SgLow1]:67709 [SgLow2]:68364 [SgLow3]:69592 [SgLow4]:68731 [NetMuon1]:53924 [NetMuon2]:54007 [NetMuon3]:53898 [NetMuon4]:54057
[Run]:41193 [Site]:4 [Bin]:14693 [FullTime]:3600 [SkipTime]:0 [Veto1]:68.0009 [Veto2]:59.0663 [Veto3]:65.0197 [Veto4]:70.4483 [SgUp1]:67429 [SgUp2]:68857 [SgUp3]:69428 [SgUp4]:68543 [SgLow1]:67387 [SgLow2]:68826 [SgLow3]:69392 [SgLow4]:68495 [NetMuon1]:54031 [NetMuon2]:54178 [NetMuon3]:54068 [NetMuon4]:53959
[Run]:41193 [Site]:4 [Bin]:14694 [FullTime]:3600 [SkipTime]:0 [Veto1]:73.2794 [Veto2]:61.9677 [Veto3]:64.9268 [Veto4]:61.9955 [SgUp1]:67374 [SgUp2]:69015 [SgUp3]:69720 [SgUp4]:68809 [SgLow1]:67338 [SgLow2]:68985 [SgLow3]:69687 [SgLow4]:68776 [NetMuon1]:53799 [NetMuon2]:53963 [NetMuon3]:53957 [NetMuon4]:53995
[Run]:41193 [Site]:4 [Bin]:14695 [FullTime]:3600 [SkipTime]:0 [Veto1]:63.9071 [Veto2]:68.8046 [Veto3]:75.7518 [Veto4]:72.7724 [SgUp1]:68365 [SgUp2]:68470 [SgUp3]:69531 [SgUp4]:68534 [SgLow1]:68339 [SgLow2]:68430 [SgLow3]:69506 [SgLow4]:68516 [NetMuon1]:53933 [NetMuon2]:53811 [NetMuon3]:53761 [NetMuon4]:53764
[Run]:41193 [Site]:4 [Bin]:14696 [FullTime]:3600 [SkipTime]:0 [Veto1]:69.6888 [Veto2]:62.7288 [Veto3]:67.6756 [Veto4]:62.7145 [SgUp1]:67775 [SgUp2]:69009 [SgUp3]:69236 [SgUp4]:68960 [SgLow1]:67734 [SgLow2]:68979 [SgLow3]:69207 [SgLow4]:68929 [NetMuon1]:53653 [NetMuon2]:53767 [NetMuon3]:53709 [NetMuon4]:53790
[Run]:41193 [Site]:4 [Bin]:14697 [FullTime]:3600 [SkipTime]:0 [Veto1]:70.5801 [Veto2]:62.6554 [Veto3]:60.7164 [Veto4]:66.5867 [SgUp1]:68113 [SgUp2]:68634 [SgUp3]:70219 [SgUp4]:68758 [SgLow1]:68090 [SgLow2]:68612 [SgLow3]:70190 [SgLow4]:68725 [NetMuon1]:53582 [NetMuon2]:53680 [NetMuon3]:53722 [NetMuon4]:53648
[Run]:41193 [Site]:4 [Bin]:14698 [FullTime]:3600 [SkipTime]:0 [Veto1]:66.8064 [Veto2]:64.7347 [Veto3]:62.734 [Veto4]:60.4163 [SgUp1]:68089 [SgUp2]:68633 [SgUp3]:69713 [SgUp4]:69082 [SgLow1]:68061 [SgLow2]:68610 [SgLow3]:69685 [SgLow4]:69037 [NetMuon1]:53752 [NetMuon2]:53728 [NetMuon3]:53765 [NetMuon4]:53816
[Run]:41193 [Site]:4 [Bin]:14699 [FullTime]:3600 [SkipTime]:0 [Veto1]:63.7525 [Veto2]:60.4963 [Veto3]:71.5647 [Veto4]:59.7536 [SgUp1]:68151 [SgUp2]:68252 [SgUp3]:69481 [SgUp4]:68976 [SgLow1]:68117 [SgLow2]:68234 [SgLow3]:69444 [SgLow4]:68950 [NetMuon1]:53742 [NetMuon2]:53769 [NetMuon3]:53587 [NetMuon4]:53778
[Run]:41193 [Site]:4 [Bin]:14700 [FullTime]:3600 [SkipTime]:0 [Veto1]:59.6839 [Veto2]:75.4074 [Veto3]:67.5178 [Veto4]:55.6765 [SgUp1]:68190 [SgUp2]:68309 [SgUp3]:69625 [SgUp4]:69651 [SgLow1]:68155 [SgLow2]:68176 [SgLow3]:69588 [SgLow4]:69618 [NetMuon1]:53638 [NetMuon2]:53415 [NetMuon3]:53506 [NetMuon4]:53732
[Run]:41193 [Site]:4 [Bin]:14701 [FullTime]:3600 [SkipTime]:0 [Veto1]:73.1559 [Veto2]:70.1482 [Veto3]:71.1446 [Veto4]:62.2805 [SgUp1]:67874 [SgUp2]:68591 [SgUp3]:68936 [SgUp4]:69065 [SgLow1]:67841 [SgLow2]:68572 [SgLow3]:68916 [SgLow4]:69027 [NetMuon1]:54218 [NetMuon2]:54252 [NetMuon3]:54257 [NetMuon4]:54399
[Run]:41193 [Site]:4 [Bin]:14702 [FullTime]:3600 [SkipTime]:0 [Veto1]:65.3789 [Veto2]:58.3893 [Veto3]:69.2763 [Veto4]:64.3196 [SgUp1]:67927 [SgUp2]:68497 [SgUp3]:69417 [SgUp4]:69295 [SgLow1]:67900 [SgLow2]:68456 [SgLow3]:69392 [SgLow4]:69261 [NetMuon1]:54456 [NetMuon2]:54549 [NetMuon3]:54382 [NetMuon4]:54432
[Run]:41193 [Site]:4 [Bin]:14703 [FullTime]:3600 [SkipTime]:0 [Veto1]:71.1591 [Veto2]:68.1728 [Veto3]:77.1125 [Veto4]:66.2686 [SgUp1]:68013 [SgUp2]:68891 [SgUp3]:69548 [SgUp4]:68748 [SgLow1]:67980 [SgLow2]:68850 [SgLow3]:69513 [SgLow4]:68722 [NetMuon1]:54271 [NetMuon2]:54299 [NetMuon3]:54186 [NetMuon4]:54346
[Run]:41193 [Site]:4 [Bin]:14704 [FullTime]:3600 [SkipTime]:0 [Veto1]:67.0974 [Veto2]:67.1492 [Veto3]:66.1507 [Veto4]:66.1758 [SgUp1]:67976 [SgUp2]:68731 [SgUp3]:69735 [SgUp4]:69223 [SgLow1]:67957 [SgLow2]:68705 [SgLow3]:69710 [SgLow4]:69196 [NetMuon1]:54235 [NetMuon2]:54252 [NetMuon3]:54292 [NetMuon4]:54275
[Run]:41193 [Site]:4 [Bin]:14705 [FullTime]:3600 [SkipTime]:0 [Veto1]:73.7349 [Veto2]:71.6253 [Veto3]:69.8673 [Veto4]:64.7072 [SgUp1]:67748 [SgUp2]:68499 [SgUp3]:68921 [SgUp4]:68855 [SgLow1]:67703 [SgLow2]:68469 [SgLow3]:68903 [SgLow4]:68832 [NetMuon1]:53573 [NetMuon2]:53605 [NetMuon3]:53629 [NetMuon4]:53709
[Run]:41193 [Site]:4 [Bin]:14706 [FullTime]:3600 [SkipTime]:0 [Veto1]:70.8701 [Veto2]:58.9434 [Veto3]:66.8346 [Veto4]:67.8687 [SgUp1]:67595 [SgUp2]:68799 [SgUp3]:69563 [SgUp4]:68993 [SgLow1]:67572 [SgLow2]:68775 [SgLow3]:69513 [SgLow4]:68976 [NetMuon1]:53868 [NetMuon2]:54040 [NetMuon3]:53923 [NetMuon4]:53886
[Run]:41193 [Site]:4 [Bin]:14707 [FullTime]:3600 [SkipTime]:0 [Veto1]:63.1501 [Veto2]:68.9866 [Veto3]:66.0128 [Veto4]:70.0055 [SgUp1]:67855 [SgUp2]:68796 [SgUp3]:69545 [SgUp4]:69064 [SgLow1]:67828 [SgLow2]:68781 [SgLow3]:69508 [SgLow4]:69043 [NetMuon1]:54209 [NetMuon2]:54079 [NetMuon3]:54113 [NetMuon4]:54084
[Run]:41193 [Site]:4 [Bin]:14708 [FullTime]:3600 [SkipTime]:0 [Veto1]:64.6375 [Veto2]:68.5942 [Veto3]:68.5663 [Veto4]:78.4597 [SgUp1]:68000 [SgUp2]:69034 [SgUp3]:69357 [SgUp4]:68459 [SgLow1]:67960 [SgLow2]:69002 [SgLow3]:69320 [SgLow4]:68421 [NetMuon1]:54833 [NetMuon2]:54713 [NetMuon3]:54738 [NetMuon4]:54596
[Run]:41193 [Site]:4 [Bin]:14709 [FullTime]:3600 [SkipTime]:0 [Veto1]:67.3493 [Veto2]:74.2047 [Veto3]:65.3435 [Veto4]:72.281 [SgUp1]:67590 [SgUp2]:68217 [SgUp3]:69892 [SgUp4]:68560 [SgLow1]:67564 [SgLow2]:68181 [SgLow3]:69855 [SgLow4]:68521 [NetMuon1]:54447 [NetMuon2]:54345 [NetMuon3]:54528 [NetMuon4]:54364
[Run]:41193 [Site]:4 [Bin]:14710 [FullTime]:3600 [SkipTime]:0 [Veto1]:63.4322 [Veto2]:61.4318 [Veto3]:68.331 [Veto4]:68.3994 [SgUp1]:67673 [SgUp2]:68451 [SgUp3]:69511 [SgUp4]:68901 [SgLow1]:67624 [SgLow2]:68421 [SgLow3]:69494 [SgLow4]:68880 [NetMuon1]:54542 [NetMuon2]:54586 [NetMuon3]:54472 [NetMuon4]:54537
[Run]:41193 [Site]:4 [Bin]:14711 [FullTime]:3600 [SkipTime]:0 [Veto1]:69.0356 [Veto2]:67.0615 [Veto3]:61.2165 [Veto4]:61.1708 [SgUp1]:67492 [SgUp2]:68197 [SgUp3]:69808 [SgUp4]:69261 [SgLow1]:67440 [SgLow2]:68168 [SgLow3]:69784 [SgLow4]:69227 [NetMuon1]:54122 [NetMuon2]:54165 [NetMuon3]:54258 [NetMuon4]:54248
End process Run: 41193 ... 
[Run]:41193 [Site]:4 [Bin]:14712 [FullTime]:1221.85 [SkipTime]:0 [Veto1]:20.2102 [Veto2]:23.2388 [Veto3]:22.2771 [Veto4]:21.3079
