StreamChain add 0xc3837f0
Start to process run: 42371 ... 
[Run]:42371 [Site]:4 [Bin]:16225 [FullTime]:1752.19 [SkipTime]:0 [Veto1]:30.5161 [Veto2]:31.4918 [Veto3]:33.4232 [Veto4]:29.497 [SgUp1]:33039 [SgUp2]:33275 [SgUp3]:34020 [SgUp4]:33953 [SgLow1]:33026 [SgLow2]:33262 [SgLow3]:33997 [SgLow4]:33948 [NetMuon1]:25810 [NetMuon2]:25801 [NetMuon3]:25756 [NetMuon4]:25811
[Run]:42371 [Site]:4 [Bin]:16226 [FullTime]:3600 [SkipTime]:0 [Veto1]:63.4168 [Veto2]:61.4138 [Veto3]:70.232 [Veto4]:61.5372 [SgUp1]:67924 [SgUp2]:68733 [SgUp3]:70013 [SgUp4]:69377 [SgLow1]:67881 [SgLow2]:68701 [SgLow3]:69984 [SgLow4]:69340 [NetMuon1]:53295 [NetMuon2]:53286 [NetMuon3]:53163 [NetMuon4]:53314
[Run]:42371 [Site]:4 [Bin]:16227 [FullTime]:3600 [SkipTime]:0 [Veto1]:58.1075 [Veto2]:68.9104 [Veto3]:74.8642 [Veto4]:64.0032 [SgUp1]:68026 [SgUp2]:68288 [SgUp3]:69735 [SgUp4]:69136 [SgLow1]:68004 [SgLow2]:68251 [SgLow3]:69698 [SgLow4]:69094 [NetMuon1]:52964 [NetMuon2]:52745 [NetMuon3]:52674 [NetMuon4]:52835
[Run]:42371 [Site]:4 [Bin]:16228 [FullTime]:3600 [SkipTime]:0 [Veto1]:61.0402 [Veto2]:62.9514 [Veto3]:69.904 [Veto4]:66.9115 [SgUp1]:67517 [SgUp2]:68136 [SgUp3]:69821 [SgUp4]:69438 [SgLow1]:67490 [SgLow2]:68114 [SgLow3]:69794 [SgLow4]:69410 [NetMuon1]:52856 [NetMuon2]:52800 [NetMuon3]:52732 [NetMuon4]:52762
[Run]:42371 [Site]:4 [Bin]:16229 [FullTime]:3600 [SkipTime]:0 [Veto1]:65.0739 [Veto2]:64.0991 [Veto3]:63.0698 [Veto4]:68.005 [SgUp1]:68002 [SgUp2]:68819 [SgUp3]:70593 [SgUp4]:69003 [SgLow1]:67963 [SgLow2]:68778 [SgLow3]:70561 [SgLow4]:68977 [NetMuon1]:52932 [NetMuon2]:52916 [NetMuon3]:52938 [NetMuon4]:52872
[Run]:42371 [Site]:4 [Bin]:16230 [FullTime]:3600 [SkipTime]:0 [Veto1]:59.3674 [Veto2]:58.283 [Veto3]:69.1227 [Veto4]:68.174 [SgUp1]:67827 [SgUp2]:69082 [SgUp3]:69650 [SgUp4]:69347 [SgLow1]:67797 [SgLow2]:69060 [SgLow3]:69622 [SgLow4]:69317 [NetMuon1]:53184 [NetMuon2]:53183 [NetMuon3]:53029 [NetMuon4]:53049
[Run]:42371 [Site]:4 [Bin]:16231 [FullTime]:3600 [SkipTime]:0 [Veto1]:58.0429 [Veto2]:61.9949 [Veto3]:71.8848 [Veto4]:61.9497 [SgUp1]:68277 [SgUp2]:69373 [SgUp3]:69945 [SgUp4]:69384 [SgLow1]:68241 [SgLow2]:69342 [SgLow3]:69916 [SgLow4]:69346 [NetMuon1]:52853 [NetMuon2]:52807 [NetMuon3]:52631 [NetMuon4]:52780
[Run]:42371 [Site]:4 [Bin]:16232 [FullTime]:3600 [SkipTime]:0 [Veto1]:65.0549 [Veto2]:65.7533 [Veto3]:63.1156 [Veto4]:70.9308 [SgUp1]:68160 [SgUp2]:69430 [SgUp3]:69649 [SgUp4]:69077 [SgLow1]:68114 [SgLow2]:69399 [SgLow3]:69625 [SgLow4]:69044 [NetMuon1]:52874 [NetMuon2]:52869 [NetMuon3]:52943 [NetMuon4]:52777
[Run]:42371 [Site]:4 [Bin]:16233 [FullTime]:3600 [SkipTime]:0 [Veto1]:62.3793 [Veto2]:66.2953 [Veto3]:67.2816 [Veto4]:67.2724 [SgUp1]:68259 [SgUp2]:69450 [SgUp3]:69870 [SgUp4]:69289 [SgLow1]:68239 [SgLow2]:69434 [SgLow3]:69841 [SgLow4]:69250 [NetMuon1]:53227 [NetMuon2]:53163 [NetMuon3]:53166 [NetMuon4]:53140
[Run]:42371 [Site]:4 [Bin]:16234 [FullTime]:3600 [SkipTime]:0 [Veto1]:66.0792 [Veto2]:66.8786 [Veto3]:62.9636 [Veto4]:65.9397 [SgUp1]:68281 [SgUp2]:69578 [SgUp3]:69967 [SgUp4]:68760 [SgLow1]:68250 [SgLow2]:69541 [SgLow3]:69942 [SgLow4]:68728 [NetMuon1]:52717 [NetMuon2]:52708 [NetMuon3]:52794 [NetMuon4]:52769
[Run]:42371 [Site]:4 [Bin]:16235 [FullTime]:3600 [SkipTime]:0 [Veto1]:59.4536 [Veto2]:55.4185 [Veto3]:69.2472 [Veto4]:66.2971 [SgUp1]:68295 [SgUp2]:69303 [SgUp3]:69779 [SgUp4]:69249 [SgLow1]:68258 [SgLow2]:69280 [SgLow3]:69736 [SgLow4]:69222 [NetMuon1]:53266 [NetMuon2]:53335 [NetMuon3]:53150 [NetMuon4]:53180
[Run]:42371 [Site]:4 [Bin]:16236 [FullTime]:3600 [SkipTime]:0 [Veto1]:60.0093 [Veto2]:65.8916 [Veto3]:64.9018 [Veto4]:68.8687 [SgUp1]:67926 [SgUp2]:68931 [SgUp3]:69943 [SgUp4]:69039 [SgLow1]:67887 [SgLow2]:68911 [SgLow3]:69905 [SgLow4]:69011 [NetMuon1]:52787 [NetMuon2]:52712 [NetMuon3]:52729 [NetMuon4]:52659
[Run]:42371 [Site]:4 [Bin]:16237 [FullTime]:3600 [SkipTime]:0 [Veto1]:59.4589 [Veto2]:69.2769 [Veto3]:71.2248 [Veto4]:65.3592 [SgUp1]:68418 [SgUp2]:68852 [SgUp3]:69855 [SgUp4]:69330 [SgLow1]:68388 [SgLow2]:68834 [SgLow3]:69834 [SgLow4]:69295 [NetMuon1]:53337 [NetMuon2]:53173 [NetMuon3]:53159 [NetMuon4]:53250
[Run]:42371 [Site]:4 [Bin]:16238 [FullTime]:3600 [SkipTime]:0 [Veto1]:55.9629 [Veto2]:67.8421 [Veto3]:64.8143 [Veto4]:69.8151 [SgUp1]:68282 [SgUp2]:68794 [SgUp3]:70066 [SgUp4]:68961 [SgLow1]:68253 [SgLow2]:68761 [SgLow3]:70031 [SgLow4]:68930 [NetMuon1]:52808 [NetMuon2]:52622 [NetMuon3]:52656 [NetMuon4]:52609
[Run]:42371 [Site]:4 [Bin]:16239 [FullTime]:3600 [SkipTime]:0 [Veto1]:61.2972 [Veto2]:59.3158 [Veto3]:63.2317 [Veto4]:75.0871 [SgUp1]:68294 [SgUp2]:69478 [SgUp3]:69761 [SgUp4]:68902 [SgLow1]:68254 [SgLow2]:69443 [SgLow3]:69717 [SgLow4]:68869 [NetMuon1]:53158 [NetMuon2]:53192 [NetMuon3]:53108 [NetMuon4]:52903
[Run]:42371 [Site]:4 [Bin]:16240 [FullTime]:3600 [SkipTime]:0 [Veto1]:57.2271 [Veto2]:65.1469 [Veto3]:70.0452 [Veto4]:70.0779 [SgUp1]:67928 [SgUp2]:68911 [SgUp3]:70020 [SgUp4]:69013 [SgLow1]:67901 [SgLow2]:68877 [SgLow3]:69999 [SgLow4]:68984 [NetMuon1]:53112 [NetMuon2]:52998 [NetMuon3]:52933 [NetMuon4]:52945
[Run]:42371 [Site]:4 [Bin]:16241 [FullTime]:3600 [SkipTime]:0 [Veto1]:60.1918 [Veto2]:60.1238 [Veto3]:66.2028 [Veto4]:64.0723 [SgUp1]:68116 [SgUp2]:69809 [SgUp3]:69834 [SgUp4]:69263 [SgLow1]:68091 [SgLow2]:69777 [SgLow3]:69806 [SgLow4]:69232 [NetMuon1]:52995 [NetMuon2]:53001 [NetMuon3]:52933 [NetMuon4]:52914
[Run]:42371 [Site]:4 [Bin]:16242 [FullTime]:3600 [SkipTime]:0 [Veto1]:64.9977 [Veto2]:62.9617 [Veto3]:64.6611 [Veto4]:66.9798 [SgUp1]:67870 [SgUp2]:69094 [SgUp3]:69728 [SgUp4]:68544 [SgLow1]:67833 [SgLow2]:69063 [SgLow3]:69710 [SgLow4]:68517 [NetMuon1]:52780 [NetMuon2]:52836 [NetMuon3]:52834 [NetMuon4]:52812
[Run]:42371 [Site]:4 [Bin]:16243 [FullTime]:3600 [SkipTime]:0 [Veto1]:73.4316 [Veto2]:64.5339 [Veto3]:69.3025 [Veto4]:66.476 [SgUp1]:68213 [SgUp2]:69452 [SgUp3]:69432 [SgUp4]:68887 [SgLow1]:68194 [SgLow2]:69432 [SgLow3]:69396 [SgLow4]:68860 [NetMuon1]:53335 [NetMuon2]:53485 [NetMuon3]:53399 [NetMuon4]:53450
[Run]:42371 [Site]:4 [Bin]:16244 [FullTime]:3600 [SkipTime]:0 [Veto1]:66.1581 [Veto2]:66.1394 [Veto3]:66.0597 [Veto4]:62.1762 [SgUp1]:68276 [SgUp2]:68934 [SgUp3]:69880 [SgUp4]:69127 [SgLow1]:68259 [SgLow2]:68905 [SgLow3]:69834 [SgLow4]:69105 [NetMuon1]:52995 [NetMuon2]:52983 [NetMuon3]:52972 [NetMuon4]:53036
[Run]:42371 [Site]:4 [Bin]:16245 [FullTime]:3600 [SkipTime]:0 [Veto1]:64.1693 [Veto2]:61.912 [Veto3]:70.1085 [Veto4]:64.1819 [SgUp1]:68443 [SgUp2]:69166 [SgUp3]:69684 [SgUp4]:69328 [SgLow1]:68423 [SgLow2]:69133 [SgLow3]:69661 [SgLow4]:69300 [NetMuon1]:53000 [NetMuon2]:53070 [NetMuon3]:52975 [NetMuon4]:53009
[Run]:42371 [Site]:4 [Bin]:16246 [FullTime]:3600 [SkipTime]:0 [Veto1]:57.1784 [Veto2]:65.0777 [Veto3]:63.1185 [Veto4]:64.05 [SgUp1]:68113 [SgUp2]:69336 [SgUp3]:69930 [SgUp4]:69483 [SgLow1]:68082 [SgLow2]:69295 [SgLow3]:69905 [SgLow4]:69448 [NetMuon1]:53022 [NetMuon2]:52905 [NetMuon3]:52957 [NetMuon4]:52939
[Run]:42371 [Site]:4 [Bin]:16247 [FullTime]:3600 [SkipTime]:0 [Veto1]:68.9423 [Veto2]:64.0238 [Veto3]:62.9829 [Veto4]:65.9426 [SgUp1]:68080 [SgUp2]:69210 [SgUp3]:69445 [SgUp4]:69153 [SgLow1]:68059 [SgLow2]:69183 [SgLow3]:69420 [SgLow4]:69131 [NetMuon1]:52753 [NetMuon2]:52837 [NetMuon3]:52851 [NetMuon4]:52805
[Run]:42371 [Site]:4 [Bin]:16248 [FullTime]:3600 [SkipTime]:0 [Veto1]:68.1817 [Veto2]:69.1247 [Veto3]:69.1126 [Veto4]:61.2136 [SgUp1]:68231 [SgUp2]:68601 [SgUp3]:69856 [SgUp4]:69222 [SgLow1]:68209 [SgLow2]:68572 [SgLow3]:69825 [SgLow4]:69192 [NetMuon1]:53072 [NetMuon2]:53062 [NetMuon3]:53074 [NetMuon4]:53155
[Run]:42371 [Site]:4 [Bin]:16249 [FullTime]:3600 [SkipTime]:0 [Veto1]:60.1542 [Veto2]:66.0339 [Veto3]:66.1007 [Veto4]:61.1364 [SgUp1]:67750 [SgUp2]:69035 [SgUp3]:69815 [SgUp4]:69270 [SgLow1]:67719 [SgLow2]:69007 [SgLow3]:69778 [SgLow4]:69230 [NetMuon1]:53023 [NetMuon2]:52962 [NetMuon3]:52940 [NetMuon4]:53026
[Run]:42371 [Site]:4 [Bin]:16250 [FullTime]:3600 [SkipTime]:0 [Veto1]:60.5444 [Veto2]:64.4421 [Veto3]:62.4533 [Veto4]:68.5502 [SgUp1]:68314 [SgUp2]:69265 [SgUp3]:69594 [SgUp4]:68653 [SgLow1]:68279 [SgLow2]:69234 [SgLow3]:69568 [SgLow4]:68616 [NetMuon1]:53462 [NetMuon2]:53409 [NetMuon3]:53449 [NetMuon4]:53358
[Run]:42371 [Site]:4 [Bin]:16251 [FullTime]:3600 [SkipTime]:0 [Veto1]:65.3051 [Veto2]:65.2483 [Veto3]:67.2 [Veto4]:59.3838 [SgUp1]:68141 [SgUp2]:68976 [SgUp3]:69922 [SgUp4]:69208 [SgLow1]:68117 [SgLow2]:68939 [SgLow3]:69898 [SgLow4]:69187 [NetMuon1]:53130 [NetMuon2]:53163 [NetMuon3]:53125 [NetMuon4]:53226
[Run]:42371 [Site]:4 [Bin]:16252 [FullTime]:3600 [SkipTime]:0 [Veto1]:69.0173 [Veto2]:66.9985 [Veto3]:66.98 [Veto4]:67.9357 [SgUp1]:68069 [SgUp2]:69243 [SgUp3]:69491 [SgUp4]:69012 [SgLow1]:68039 [SgLow2]:69201 [SgLow3]:69474 [SgLow4]:68980 [NetMuon1]:52825 [NetMuon2]:52829 [NetMuon3]:52827 [NetMuon4]:52821
[Run]:42371 [Site]:4 [Bin]:16253 [FullTime]:3600 [SkipTime]:0 [Veto1]:63.3374 [Veto2]:68.2401 [Veto3]:68.227 [Veto4]:67.2249 [SgUp1]:68358 [SgUp2]:69299 [SgUp3]:69717 [SgUp4]:68784 [SgLow1]:68326 [SgLow2]:69275 [SgLow3]:69698 [SgLow4]:68760 [NetMuon1]:53209 [NetMuon2]:53132 [NetMuon3]:53163 [NetMuon4]:53141
[Run]:42371 [Site]:4 [Bin]:16254 [FullTime]:3600 [SkipTime]:0 [Veto1]:65.2335 [Veto2]:68.0741 [Veto3]:69.1307 [Veto4]:59.2844 [SgUp1]:68101 [SgUp2]:68539 [SgUp3]:69578 [SgUp4]:68956 [SgLow1]:68072 [SgLow2]:68504 [SgLow3]:69547 [SgLow4]:68931 [NetMuon1]:53103 [NetMuon2]:53058 [NetMuon3]:53031 [NetMuon4]:53171
[Run]:42371 [Site]:4 [Bin]:16255 [FullTime]:3600 [SkipTime]:0 [Veto1]:63.2311 [Veto2]:60.2483 [Veto3]:65.2007 [Veto4]:70.1054 [SgUp1]:67309 [SgUp2]:68585 [SgUp3]:69719 [SgUp4]:69485 [SgLow1]:67288 [SgLow2]:68546 [SgLow3]:69699 [SgLow4]:69453 [NetMuon1]:53112 [NetMuon2]:53155 [NetMuon3]:53063 [NetMuon4]:53037
[Run]:42371 [Site]:4 [Bin]:16256 [FullTime]:3600 [SkipTime]:0 [Veto1]:62.1708 [Veto2]:62.0924 [Veto3]:67.9581 [Veto4]:62.0831 [SgUp1]:68240 [SgUp2]:67995 [SgUp3]:69948 [SgUp4]:69484 [SgLow1]:68207 [SgLow2]:67955 [SgLow3]:69904 [SgLow4]:69462 [NetMuon1]:52980 [NetMuon2]:52960 [NetMuon3]:52869 [NetMuon4]:52965
[Run]:42371 [Site]:4 [Bin]:16257 [FullTime]:3600 [SkipTime]:0 [Veto1]:64.0448 [Veto2]:62.0694 [Veto3]:65.0209 [Veto4]:59.1389 [SgUp1]:68003 [SgUp2]:68450 [SgUp3]:69708 [SgUp4]:69263 [SgLow1]:67975 [SgLow2]:68419 [SgLow3]:69678 [SgLow4]:69222 [NetMuon1]:52877 [NetMuon2]:52923 [NetMuon3]:52882 [NetMuon4]:52944
[Run]:42371 [Site]:4 [Bin]:16258 [FullTime]:3600 [SkipTime]:0 [Veto1]:66.0065 [Veto2]:63.2664 [Veto3]:73.86 [Veto4]:57.022 [SgUp1]:67953 [SgUp2]:68351 [SgUp3]:69570 [SgUp4]:68645 [SgLow1]:67936 [SgLow2]:68320 [SgLow3]:69539 [SgLow4]:68623 [NetMuon1]:52801 [NetMuon2]:52856 [NetMuon3]:52697 [NetMuon4]:52916
[Run]:42371 [Site]:4 [Bin]:16259 [FullTime]:3600 [SkipTime]:0 [Veto1]:52.2773 [Veto2]:60.1617 [Veto3]:69.0168 [Veto4]:62.3661 [SgUp1]:67989 [SgUp2]:68894 [SgUp3]:69545 [SgUp4]:69250 [SgLow1]:67962 [SgLow2]:68865 [SgLow3]:69513 [SgLow4]:69221 [NetMuon1]:53160 [NetMuon2]:53060 [NetMuon3]:52918 [NetMuon4]:53001
[Run]:42371 [Site]:4 [Bin]:16260 [FullTime]:3600 [SkipTime]:0 [Veto1]:72.1558 [Veto2]:67.0543 [Veto3]:71.047 [Veto4]:57.2499 [SgUp1]:67924 [SgUp2]:68513 [SgUp3]:69656 [SgUp4]:69305 [SgLow1]:67894 [SgLow2]:68467 [SgLow3]:69630 [SgLow4]:69275 [NetMuon1]:52925 [NetMuon2]:52966 [NetMuon3]:52933 [NetMuon4]:53127
[Run]:42371 [Site]:4 [Bin]:16261 [FullTime]:3600 [SkipTime]:0 [Veto1]:65.1325 [Veto2]:54.1923 [Veto3]:72.9916 [Veto4]:64.1286 [SgUp1]:67846 [SgUp2]:68668 [SgUp3]:69670 [SgUp4]:68949 [SgLow1]:67822 [SgLow2]:68637 [SgLow3]:69636 [SgLow4]:68915 [NetMuon1]:52949 [NetMuon2]:53118 [NetMuon3]:52837 [NetMuon4]:52954
[Run]:42371 [Site]:4 [Bin]:16262 [FullTime]:3600 [SkipTime]:0 [Veto1]:72.1173 [Veto2]:66.1025 [Veto3]:65.858 [Veto4]:64.162 [SgUp1]:67818 [SgUp2]:68696 [SgUp3]:69951 [SgUp4]:68777 [SgLow1]:67777 [SgLow2]:68674 [SgLow3]:69926 [SgLow4]:68753 [NetMuon1]:52989 [NetMuon2]:53022 [NetMuon3]:53071 [NetMuon4]:53090
[Run]:42371 [Site]:4 [Bin]:16263 [FullTime]:3600 [SkipTime]:0 [Veto1]:62.3203 [Veto2]:76.0448 [Veto3]:70.2543 [Veto4]:67.285 [SgUp1]:68072 [SgUp2]:68367 [SgUp3]:69299 [SgUp4]:69411 [SgLow1]:68048 [SgLow2]:68348 [SgLow3]:69278 [SgLow4]:69389 [NetMuon1]:53222 [NetMuon2]:53066 [NetMuon3]:53119 [NetMuon4]:53180
[Run]:42371 [Site]:4 [Bin]:16264 [FullTime]:3600 [SkipTime]:0 [Veto1]:75.2814 [Veto2]:60.1132 [Veto3]:63.0418 [Veto4]:66.9862 [SgUp1]:67700 [SgUp2]:68704 [SgUp3]:70196 [SgUp4]:69152 [SgLow1]:67668 [SgLow2]:68678 [SgLow3]:70161 [SgLow4]:69110 [NetMuon1]:52728 [NetMuon2]:52984 [NetMuon3]:52892 [NetMuon4]:52822
[Run]:42371 [Site]:4 [Bin]:16265 [FullTime]:3600 [SkipTime]:0 [Veto1]:73.9284 [Veto2]:63.9704 [Veto3]:60.0707 [Veto4]:69.892 [SgUp1]:67867 [SgUp2]:67926 [SgUp3]:69747 [SgUp4]:68835 [SgLow1]:67829 [SgLow2]:67893 [SgLow3]:69711 [SgLow4]:68797 [NetMuon1]:52669 [NetMuon2]:52826 [NetMuon3]:52889 [NetMuon4]:52749
[Run]:42371 [Site]:4 [Bin]:16266 [FullTime]:3600 [SkipTime]:0 [Veto1]:59.1461 [Veto2]:71.7491 [Veto3]:64.004 [Veto4]:67.6969 [SgUp1]:67795 [SgUp2]:68740 [SgUp3]:69778 [SgUp4]:69108 [SgLow1]:67754 [SgLow2]:68711 [SgLow3]:69743 [SgLow4]:69069 [NetMuon1]:52985 [NetMuon2]:52821 [NetMuon3]:52920 [NetMuon4]:52869
[Run]:42371 [Site]:4 [Bin]:16267 [FullTime]:3600 [SkipTime]:0 [Veto1]:58.3119 [Veto2]:61.2556 [Veto3]:66.1457 [Veto4]:71.1005 [SgUp1]:67563 [SgUp2]:68746 [SgUp3]:69722 [SgUp4]:69023 [SgLow1]:67535 [SgLow2]:68720 [SgLow3]:69688 [SgLow4]:68985 [NetMuon1]:53222 [NetMuon2]:53165 [NetMuon3]:53075 [NetMuon4]:52997
[Run]:42371 [Site]:4 [Bin]:16268 [FullTime]:3600 [SkipTime]:0 [Veto1]:66.1233 [Veto2]:68.9481 [Veto3]:61.0959 [Veto4]:65.0264 [SgUp1]:67582 [SgUp2]:68776 [SgUp3]:69673 [SgUp4]:69148 [SgLow1]:67563 [SgLow2]:68755 [SgLow3]:69659 [SgLow4]:69118 [NetMuon1]:52895 [NetMuon2]:52837 [NetMuon3]:52973 [NetMuon4]:52919
[Run]:42371 [Site]:4 [Bin]:16269 [FullTime]:3600 [SkipTime]:0 [Veto1]:68.0141 [Veto2]:60.0803 [Veto3]:66.9551 [Veto4]:64.9839 [SgUp1]:67614 [SgUp2]:68673 [SgUp3]:69841 [SgUp4]:69442 [SgLow1]:67582 [SgLow2]:68634 [SgLow3]:69816 [SgLow4]:69405 [NetMuon1]:52760 [NetMuon2]:52890 [NetMuon3]:52775 [NetMuon4]:52799
[Run]:42371 [Site]:4 [Bin]:16270 [FullTime]:3600 [SkipTime]:0 [Veto1]:66.2198 [Veto2]:64.2222 [Veto3]:57.3186 [Veto4]:70.1347 [SgUp1]:67671 [SgUp2]:68758 [SgUp3]:70152 [SgUp4]:68951 [SgLow1]:67645 [SgLow2]:68734 [SgLow3]:70129 [SgLow4]:68914 [NetMuon1]:53055 [NetMuon2]:53085 [NetMuon3]:53183 [NetMuon4]:52964
[Run]:42371 [Site]:4 [Bin]:16271 [FullTime]:3600 [SkipTime]:0 [Veto1]:62.1436 [Veto2]:73.9676 [Veto3]:60.0871 [Veto4]:67.4305 [SgUp1]:67321 [SgUp2]:68329 [SgUp3]:69659 [SgUp4]:68864 [SgLow1]:67281 [SgLow2]:68294 [SgLow3]:69626 [SgLow4]:68819 [NetMuon1]:52955 [NetMuon2]:52763 [NetMuon3]:52945 [NetMuon4]:52869
[Run]:42371 [Site]:4 [Bin]:16272 [FullTime]:2624.62 [SkipTime]:975.373 [Veto1]:49.363 [Veto2]:42.4217 [Veto3]:44.2544 [Veto4]:49.3196 [SgUp1]:50011 [SgUp2]:49654 [SgUp3]:50620 [SgUp4]:50145 [SgLow1]:50003 [SgLow2]:49629 [SgLow3]:50603 [SgLow4]:50117 [NetMuon1]:38853 [NetMuon2]:38972 [NetMuon3]:38922 [NetMuon4]:38851
End process Run: 42371 ... 
[Run]:42371 [Site]:4 [Bin]:16273 [FullTime]:381.404 [SkipTime]:0 [Veto1]:5.78765 [Veto2]:4.80105 [Veto3]:8.74616 [Veto4]:6.77098
