StreamChain add 0xd02a7f0
Start to process run: 42667 ... 
[Run]:42667 [Site]:4 [Bin]:16513 [FullTime]:778.253 [SkipTime]:0 [Veto1]:11.5785 [Veto2]:13.5342 [Veto3]:16.5145 [Veto4]:13.568 [SgUp1]:14780 [SgUp2]:15056 [SgUp3]:15088 [SgUp4]:14966 [SgLow1]:14775 [SgLow2]:15049 [SgLow3]:15087 [SgLow4]:14960 [NetMuon1]:11518 [NetMuon2]:11464 [NetMuon3]:11434 [NetMuon4]:11486
[Run]:42667 [Site]:4 [Bin]:16514 [FullTime]:3600 [SkipTime]:0 [Veto1]:68.3684 [Veto2]:68.2947 [Veto3]:65.3777 [Veto4]:67.3814 [SgUp1]:67833 [SgUp2]:68467 [SgUp3]:69790 [SgUp4]:69279 [SgLow1]:67812 [SgLow2]:68446 [SgLow3]:69764 [SgLow4]:69256 [NetMuon1]:53278 [NetMuon2]:53270 [NetMuon3]:53325 [NetMuon4]:53323
[Run]:42667 [Site]:4 [Bin]:16515 [FullTime]:3600 [SkipTime]:0 [Veto1]:67.1146 [Veto2]:64.5283 [Veto3]:67.1734 [Veto4]:64.5459 [SgUp1]:67959 [SgUp2]:68346 [SgUp3]:69248 [SgUp4]:69107 [SgLow1]:67914 [SgLow2]:68299 [SgLow3]:69214 [SgLow4]:69069 [NetMuon1]:53449 [NetMuon2]:53503 [NetMuon3]:53489 [NetMuon4]:53505
[Run]:42667 [Site]:4 [Bin]:16516 [FullTime]:3600 [SkipTime]:0 [Veto1]:65.1095 [Veto2]:59.1926 [Veto3]:73.874 [Veto4]:71.9897 [SgUp1]:67689 [SgUp2]:68727 [SgUp3]:69456 [SgUp4]:68688 [SgLow1]:67665 [SgLow2]:68686 [SgLow3]:69421 [SgLow4]:68666 [NetMuon1]:52998 [NetMuon2]:53085 [NetMuon3]:52880 [NetMuon4]:52900
[Run]:42667 [Site]:4 [Bin]:16517 [FullTime]:3600 [SkipTime]:0 [Veto1]:61.1418 [Veto2]:65.0474 [Veto3]:65.988 [Veto4]:66.0509 [SgUp1]:67715 [SgUp2]:68686 [SgUp3]:68527 [SgUp4]:69294 [SgLow1]:67703 [SgLow2]:68661 [SgLow3]:68503 [SgLow4]:69263 [NetMuon1]:53015 [NetMuon2]:52931 [NetMuon3]:52909 [NetMuon4]:52928
[Run]:42667 [Site]:4 [Bin]:16518 [FullTime]:3600 [SkipTime]:0 [Veto1]:69.9895 [Veto2]:61.9841 [Veto3]:64.9756 [Veto4]:73.8489 [SgUp1]:67835 [SgUp2]:68744 [SgUp3]:69975 [SgUp4]:68924 [SgLow1]:67811 [SgLow2]:68715 [SgLow3]:69945 [SgLow4]:68903 [NetMuon1]:52744 [NetMuon2]:52853 [NetMuon3]:52822 [NetMuon4]:52669
[Run]:42667 [Site]:4 [Bin]:16519 [FullTime]:3600 [SkipTime]:0 [Veto1]:68.3325 [Veto2]:64.2937 [Veto3]:69.2335 [Veto4]:74.1308 [SgUp1]:67258 [SgUp2]:68742 [SgUp3]:69585 [SgUp4]:68612 [SgLow1]:67230 [SgLow2]:68706 [SgLow3]:69552 [SgLow4]:68581 [NetMuon1]:53162 [NetMuon2]:53193 [NetMuon3]:53138 [NetMuon4]:53022
[Run]:42667 [Site]:4 [Bin]:16520 [FullTime]:3600 [SkipTime]:0 [Veto1]:61.4841 [Veto2]:66.3898 [Veto3]:65.3397 [Veto4]:63.4354 [SgUp1]:67889 [SgUp2]:68725 [SgUp3]:69480 [SgUp4]:69061 [SgLow1]:67859 [SgLow2]:68715 [SgLow3]:69438 [SgLow4]:69035 [NetMuon1]:53379 [NetMuon2]:53320 [NetMuon3]:53329 [NetMuon4]:53378
[Run]:42667 [Site]:4 [Bin]:16521 [FullTime]:3600 [SkipTime]:0 [Veto1]:62.5256 [Veto2]:65.3827 [Veto3]:61.458 [Veto4]:65.4529 [SgUp1]:67623 [SgUp2]:68818 [SgUp3]:69484 [SgUp4]:69165 [SgLow1]:67596 [SgLow2]:68783 [SgLow3]:69450 [SgLow4]:69137 [NetMuon1]:53468 [NetMuon2]:53410 [NetMuon3]:53444 [NetMuon4]:53426
[Run]:42667 [Site]:4 [Bin]:16522 [FullTime]:3600 [SkipTime]:0 [Veto1]:66.75 [Veto2]:60.7516 [Veto3]:65.6603 [Veto4]:69.6602 [SgUp1]:68059 [SgUp2]:68830 [SgUp3]:69833 [SgUp4]:69463 [SgLow1]:68028 [SgLow2]:68794 [SgLow3]:69799 [SgLow4]:69432 [NetMuon1]:53734 [NetMuon2]:53788 [NetMuon3]:53707 [NetMuon4]:53667
[Run]:42667 [Site]:4 [Bin]:16523 [FullTime]:3600.01 [SkipTime]:0 [Veto1]:67.7765 [Veto2]:56.7852 [Veto3]:67.6543 [Veto4]:64.7034 [SgUp1]:67741 [SgUp2]:69137 [SgUp3]:68952 [SgUp4]:69119 [SgLow1]:67722 [SgLow2]:69100 [SgLow3]:68914 [SgLow4]:69088 [NetMuon1]:53683 [NetMuon2]:53824 [NetMuon3]:53683 [NetMuon4]:53668
[Run]:42667 [Site]:4 [Bin]:16524 [FullTime]:3599.99 [SkipTime]:0 [Veto1]:77.7539 [Veto2]:65.8316 [Veto3]:62.8773 [Veto4]:58.8808 [SgUp1]:67333 [SgUp2]:69115 [SgUp3]:69380 [SgUp4]:69434 [SgLow1]:67314 [SgLow2]:69070 [SgLow3]:69350 [SgLow4]:69397 [NetMuon1]:53735 [NetMuon2]:53878 [NetMuon3]:53946 [NetMuon4]:53987
[Run]:42667 [Site]:4 [Bin]:16525 [FullTime]:3600 [SkipTime]:0 [Veto1]:72.6528 [Veto2]:60.6281 [Veto3]:62.7203 [Veto4]:63.7025 [SgUp1]:67377 [SgUp2]:69513 [SgUp3]:68999 [SgUp4]:69360 [SgLow1]:67348 [SgLow2]:69482 [SgLow3]:68965 [SgLow4]:69328 [NetMuon1]:53608 [NetMuon2]:53805 [NetMuon3]:53789 [NetMuon4]:53740
[Run]:42667 [Site]:4 [Bin]:16526 [FullTime]:3600 [SkipTime]:0 [Veto1]:70.2817 [Veto2]:61.4144 [Veto3]:64.2977 [Veto4]:63.3928 [SgUp1]:67657 [SgUp2]:69106 [SgUp3]:68690 [SgUp4]:69706 [SgLow1]:67636 [SgLow2]:69075 [SgLow3]:68664 [SgLow4]:69672 [NetMuon1]:53181 [NetMuon2]:53325 [NetMuon3]:53263 [NetMuon4]:53286
[Run]:42667 [Site]:4 [Bin]:16527 [FullTime]:3600 [SkipTime]:0 [Veto1]:62.5859 [Veto2]:66.4449 [Veto3]:67.4568 [Veto4]:61.5091 [SgUp1]:68010 [SgUp2]:68855 [SgUp3]:69167 [SgUp4]:70086 [SgLow1]:67963 [SgLow2]:68812 [SgLow3]:69133 [SgLow4]:70046 [NetMuon1]:53491 [NetMuon2]:53400 [NetMuon3]:53403 [NetMuon4]:53477
[Run]:42667 [Site]:4 [Bin]:16528 [FullTime]:3600 [SkipTime]:0 [Veto1]:69.6172 [Veto2]:62.6122 [Veto3]:63.5714 [Veto4]:60.6016 [SgUp1]:67437 [SgUp2]:68673 [SgUp3]:69183 [SgUp4]:69299 [SgLow1]:67414 [SgLow2]:68634 [SgLow3]:69162 [SgLow4]:69258 [NetMuon1]:53536 [NetMuon2]:53605 [NetMuon3]:53566 [NetMuon4]:53649
[Run]:42667 [Site]:4 [Bin]:16529 [FullTime]:3600.01 [SkipTime]:0 [Veto1]:66.2356 [Veto2]:62.7671 [Veto3]:73.5872 [Veto4]:66.733 [SgUp1]:68013 [SgUp2]:68911 [SgUp3]:68817 [SgUp4]:68902 [SgLow1]:67987 [SgLow2]:68883 [SgLow3]:68784 [SgLow4]:68863 [NetMuon1]:53709 [NetMuon2]:53769 [NetMuon3]:53545 [NetMuon4]:53697
[Run]:42667 [Site]:4 [Bin]:16530 [FullTime]:3599.99 [SkipTime]:0 [Veto1]:66.5574 [Veto2]:65.5923 [Veto3]:58.6532 [Veto4]:62.6525 [SgUp1]:67734 [SgUp2]:69174 [SgUp3]:69614 [SgUp4]:69221 [SgLow1]:67702 [SgLow2]:69146 [SgLow3]:69591 [SgLow4]:69184 [NetMuon1]:53540 [NetMuon2]:53567 [NetMuon3]:53652 [NetMuon4]:53645
[Run]:42667 [Site]:4 [Bin]:16531 [FullTime]:3600 [SkipTime]:0 [Veto1]:63.3026 [Veto2]:61.3605 [Veto3]:64.3056 [Veto4]:67.2752 [SgUp1]:67835 [SgUp2]:69154 [SgUp3]:69201 [SgUp4]:69397 [SgLow1]:67793 [SgLow2]:69123 [SgLow3]:69172 [SgLow4]:69369 [NetMuon1]:53181 [NetMuon2]:53270 [NetMuon3]:53224 [NetMuon4]:53176
[Run]:42667 [Site]:4 [Bin]:16532 [FullTime]:3600 [SkipTime]:0 [Veto1]:59.2439 [Veto2]:69.1107 [Veto3]:65.1269 [Veto4]:71.0398 [SgUp1]:67920 [SgUp2]:68821 [SgUp3]:69466 [SgUp4]:68972 [SgLow1]:67887 [SgLow2]:68778 [SgLow3]:69448 [SgLow4]:68949 [NetMuon1]:53126 [NetMuon2]:52958 [NetMuon3]:53003 [NetMuon4]:52894
[Run]:42667 [Site]:4 [Bin]:16533 [FullTime]:3600 [SkipTime]:0 [Veto1]:63.344 [Veto2]:66.2759 [Veto3]:70.204 [Veto4]:72.2761 [SgUp1]:67297 [SgUp2]:68720 [SgUp3]:69053 [SgUp4]:69144 [SgLow1]:67268 [SgLow2]:68701 [SgLow3]:69023 [SgLow4]:69124 [NetMuon1]:53286 [NetMuon2]:53246 [NetMuon3]:53133 [NetMuon4]:53180
[Run]:42667 [Site]:4 [Bin]:16534 [FullTime]:3600 [SkipTime]:0 [Veto1]:78.2135 [Veto2]:68.253 [Veto3]:63.2786 [Veto4]:65.2936 [SgUp1]:67463 [SgUp2]:68611 [SgUp3]:69234 [SgUp4]:69424 [SgLow1]:67434 [SgLow2]:68584 [SgLow3]:69196 [SgLow4]:69399 [NetMuon1]:53027 [NetMuon2]:53197 [NetMuon3]:53246 [NetMuon4]:53221
[Run]:42667 [Site]:4 [Bin]:16535 [FullTime]:3600 [SkipTime]:0 [Veto1]:67.4605 [Veto2]:69.3529 [Veto3]:68.3995 [Veto4]:74.9101 [SgUp1]:67447 [SgUp2]:68412 [SgUp3]:68713 [SgUp4]:69294 [SgLow1]:67427 [SgLow2]:68394 [SgLow3]:68682 [SgLow4]:69250 [NetMuon1]:53372 [NetMuon2]:53330 [NetMuon3]:53361 [NetMuon4]:53261
[Run]:42667 [Site]:4 [Bin]:16536 [FullTime]:2288.33 [SkipTime]:1311.67 [Veto1]:38.4956 [Veto2]:42.4198 [Veto3]:42.4001 [Veto4]:45.3638 [SgUp1]:43087 [SgUp2]:43832 [SgUp3]:43881 [SgUp4]:44121 [SgLow1]:43063 [SgLow2]:43818 [SgLow3]:43856 [SgLow4]:44109 [NetMuon1]:34181 [NetMuon2]:34126 [NetMuon3]:34096 [NetMuon4]:34071
[Run]:42667 [Site]:4 [Bin]:16537 [FullTime]:3600 [SkipTime]:0 [Veto1]:59.0427 [Veto2]:66.8955 [Veto3]:65.9074 [Veto4]:65.9636 [SgUp1]:67627 [SgUp2]:68738 [SgUp3]:69445 [SgUp4]:68700 [SgLow1]:67611 [SgLow2]:68720 [SgLow3]:69415 [SgLow4]:68665 [NetMuon1]:52851 [NetMuon2]:52759 [NetMuon3]:52758 [NetMuon4]:52792
[Run]:42667 [Site]:4 [Bin]:16538 [FullTime]:3600 [SkipTime]:0 [Veto1]:64.0541 [Veto2]:60.979 [Veto3]:63.9225 [Veto4]:62.0363 [SgUp1]:67293 [SgUp2]:68820 [SgUp3]:69253 [SgUp4]:69450 [SgLow1]:67261 [SgLow2]:68793 [SgLow3]:69238 [SgLow4]:69411 [NetMuon1]:52806 [NetMuon2]:52827 [NetMuon3]:52764 [NetMuon4]:52826
[Run]:42667 [Site]:4 [Bin]:16539 [FullTime]:3600 [SkipTime]:0 [Veto1]:54.0483 [Veto2]:62.8687 [Veto3]:70.7669 [Veto4]:69.7842 [SgUp1]:67727 [SgUp2]:68694 [SgUp3]:69361 [SgUp4]:69756 [SgLow1]:67700 [SgLow2]:68654 [SgLow3]:69333 [SgLow4]:69725 [NetMuon1]:52792 [NetMuon2]:52695 [NetMuon3]:52519 [NetMuon4]:52577
[Run]:42667 [Site]:4 [Bin]:16540 [FullTime]:3600 [SkipTime]:0 [Veto1]:58.9859 [Veto2]:60.9936 [Veto3]:65.904 [Veto4]:59.9491 [SgUp1]:68137 [SgUp2]:68863 [SgUp3]:69386 [SgUp4]:69732 [SgLow1]:68105 [SgLow2]:68838 [SgLow3]:69359 [SgLow4]:69695 [NetMuon1]:52838 [NetMuon2]:52858 [NetMuon3]:52764 [NetMuon4]:52814
[Run]:42667 [Site]:4 [Bin]:16541 [FullTime]:3600 [SkipTime]:0 [Veto1]:65.4103 [Veto2]:60.4205 [Veto3]:60.0574 [Veto4]:65.3712 [SgUp1]:67417 [SgUp2]:68904 [SgUp3]:68852 [SgUp4]:69492 [SgLow1]:67392 [SgLow2]:68878 [SgLow3]:68819 [SgLow4]:69465 [NetMuon1]:53278 [NetMuon2]:53357 [NetMuon3]:53388 [NetMuon4]:53296
[Run]:42667 [Site]:4 [Bin]:16542 [FullTime]:3600 [SkipTime]:0 [Veto1]:57.2246 [Veto2]:67.0644 [Veto3]:69.0066 [Veto4]:65.0731 [SgUp1]:67776 [SgUp2]:69005 [SgUp3]:69145 [SgUp4]:69990 [SgLow1]:67746 [SgLow2]:68989 [SgLow3]:69124 [SgLow4]:69961 [NetMuon1]:53098 [NetMuon2]:52900 [NetMuon3]:52890 [NetMuon4]:52958
[Run]:42667 [Site]:4 [Bin]:16543 [FullTime]:3600 [SkipTime]:0 [Veto1]:66.283 [Veto2]:71.8439 [Veto3]:58.3504 [Veto4]:66.2446 [SgUp1]:67772 [SgUp2]:69079 [SgUp3]:69282 [SgUp4]:69418 [SgLow1]:67745 [SgLow2]:69050 [SgLow3]:69248 [SgLow4]:69382 [NetMuon1]:53173 [NetMuon2]:53086 [NetMuon3]:53244 [NetMuon4]:53106
[Run]:42667 [Site]:4 [Bin]:16544 [FullTime]:3600 [SkipTime]:0 [Veto1]:66.8963 [Veto2]:58.0339 [Veto3]:66.9193 [Veto4]:62.0034 [SgUp1]:68452 [SgUp2]:68664 [SgUp3]:69235 [SgUp4]:69132 [SgLow1]:68421 [SgLow2]:68643 [SgLow3]:69209 [SgLow4]:69113 [NetMuon1]:52728 [NetMuon2]:52900 [NetMuon3]:52755 [NetMuon4]:52844
[Run]:42667 [Site]:4 [Bin]:16545 [FullTime]:3600 [SkipTime]:0 [Veto1]:70.0319 [Veto2]:72.4406 [Veto3]:62.5722 [Veto4]:55.6426 [SgUp1]:68434 [SgUp2]:68711 [SgUp3]:69235 [SgUp4]:69333 [SgLow1]:68403 [SgLow2]:68673 [SgLow3]:69216 [SgLow4]:69314 [NetMuon1]:53359 [NetMuon2]:53357 [NetMuon3]:53525 [NetMuon4]:53610
[Run]:42667 [Site]:4 [Bin]:16546 [FullTime]:3600 [SkipTime]:0 [Veto1]:63.1334 [Veto2]:62.0745 [Veto3]:66.0533 [Veto4]:68.0342 [SgUp1]:68116 [SgUp2]:68740 [SgUp3]:69708 [SgUp4]:69538 [SgLow1]:68093 [SgLow2]:68702 [SgLow3]:69661 [SgLow4]:69509 [NetMuon1]:52949 [NetMuon2]:52991 [NetMuon3]:52897 [NetMuon4]:52891
[Run]:42667 [Site]:4 [Bin]:16547 [FullTime]:3600 [SkipTime]:0 [Veto1]:64.2606 [Veto2]:67.0342 [Veto3]:70.1213 [Veto4]:65.2242 [SgUp1]:68739 [SgUp2]:68242 [SgUp3]:69347 [SgUp4]:69501 [SgLow1]:68713 [SgLow2]:68214 [SgLow3]:69304 [SgLow4]:69481 [NetMuon1]:53118 [NetMuon2]:53046 [NetMuon3]:53032 [NetMuon4]:53106
[Run]:42667 [Site]:4 [Bin]:16548 [FullTime]:3600 [SkipTime]:0 [Veto1]:60.4098 [Veto2]:63.3671 [Veto3]:70.2629 [Veto4]:62.3946 [SgUp1]:67971 [SgUp2]:68445 [SgUp3]:68991 [SgUp4]:69585 [SgLow1]:67948 [SgLow2]:68422 [SgLow3]:68973 [SgLow4]:69562 [NetMuon1]:53336 [NetMuon2]:53327 [NetMuon3]:53157 [NetMuon4]:53311
[Run]:42667 [Site]:4 [Bin]:16549 [FullTime]:3600 [SkipTime]:0 [Veto1]:72.1749 [Veto2]:56.4604 [Veto3]:65.2686 [Veto4]:65.2989 [SgUp1]:67733 [SgUp2]:68625 [SgUp3]:69308 [SgUp4]:69440 [SgLow1]:67707 [SgLow2]:68591 [SgLow3]:69274 [SgLow4]:69412 [NetMuon1]:53072 [NetMuon2]:53361 [NetMuon3]:53235 [NetMuon4]:53223
[Run]:42667 [Site]:4 [Bin]:16550 [FullTime]:3600 [SkipTime]:0 [Veto1]:63.1971 [Veto2]:67.1399 [Veto3]:69.1559 [Veto4]:60.2482 [SgUp1]:68058 [SgUp2]:68415 [SgUp3]:68986 [SgUp4]:69410 [SgLow1]:68025 [SgLow2]:68387 [SgLow3]:68962 [SgLow4]:69381 [NetMuon1]:53114 [NetMuon2]:53062 [NetMuon3]:53031 [NetMuon4]:53162
[Run]:42667 [Site]:4 [Bin]:16551 [FullTime]:3600 [SkipTime]:0 [Veto1]:58.2136 [Veto2]:69.0797 [Veto3]:56.2347 [Veto4]:69.0646 [SgUp1]:67954 [SgUp2]:68659 [SgUp3]:69870 [SgUp4]:69419 [SgLow1]:67906 [SgLow2]:68621 [SgLow3]:69849 [SgLow4]:69395 [NetMuon1]:53070 [NetMuon2]:52932 [NetMuon3]:53110 [NetMuon4]:52889
[Run]:42667 [Site]:4 [Bin]:16552 [FullTime]:3600 [SkipTime]:0 [Veto1]:62.3498 [Veto2]:67.9183 [Veto3]:67.2286 [Veto4]:66.2116 [SgUp1]:68714 [SgUp2]:68482 [SgUp3]:69671 [SgUp4]:69167 [SgLow1]:68684 [SgLow2]:68461 [SgLow3]:69646 [SgLow4]:69130 [NetMuon1]:53221 [NetMuon2]:53106 [NetMuon3]:53145 [NetMuon4]:53164
[Run]:42667 [Site]:4 [Bin]:16553 [FullTime]:3600 [SkipTime]:0 [Veto1]:59.2181 [Veto2]:71.0279 [Veto3]:67.1311 [Veto4]:70.0917 [SgUp1]:68243 [SgUp2]:68391 [SgUp3]:69629 [SgUp4]:69067 [SgLow1]:68234 [SgLow2]:68365 [SgLow3]:69592 [SgLow4]:69036 [NetMuon1]:53099 [NetMuon2]:52921 [NetMuon3]:52995 [NetMuon4]:52986
[Run]:42667 [Site]:4 [Bin]:16554 [FullTime]:3600 [SkipTime]:0 [Veto1]:68.3493 [Veto2]:58.7391 [Veto3]:66.3911 [Veto4]:67.3376 [SgUp1]:68183 [SgUp2]:68774 [SgUp3]:69461 [SgUp4]:69025 [SgLow1]:68150 [SgLow2]:68728 [SgLow3]:69430 [SgLow4]:68988 [NetMuon1]:53265 [NetMuon2]:53437 [NetMuon3]:53322 [NetMuon4]:53281
[Run]:42667 [Site]:4 [Bin]:16555 [FullTime]:3600 [SkipTime]:0 [Veto1]:59.4895 [Veto2]:63.4499 [Veto3]:63.4113 [Veto4]:68.4107 [SgUp1]:68594 [SgUp2]:68487 [SgUp3]:69265 [SgUp4]:69698 [SgLow1]:68567 [SgLow2]:68458 [SgLow3]:69214 [SgLow4]:69662 [NetMuon1]:53463 [NetMuon2]:53441 [NetMuon3]:53398 [NetMuon4]:53314
[Run]:42667 [Site]:4 [Bin]:16556 [FullTime]:3600 [SkipTime]:0 [Veto1]:65.1624 [Veto2]:64.1894 [Veto3]:69.1032 [Veto4]:61.26 [SgUp1]:68585 [SgUp2]:68813 [SgUp3]:69260 [SgUp4]:69448 [SgLow1]:68564 [SgLow2]:68775 [SgLow3]:69234 [SgLow4]:69401 [NetMuon1]:53057 [NetMuon2]:53079 [NetMuon3]:52985 [NetMuon4]:53120
[Run]:42667 [Site]:4 [Bin]:16557 [FullTime]:3600 [SkipTime]:0 [Veto1]:62.7745 [Veto2]:67.6379 [Veto3]:58.8002 [Veto4]:66.6997 [SgUp1]:67956 [SgUp2]:68933 [SgUp3]:69486 [SgUp4]:69056 [SgLow1]:67928 [SgLow2]:68912 [SgLow3]:69459 [SgLow4]:69031 [NetMuon1]:52514 [NetMuon2]:52406 [NetMuon3]:52600 [NetMuon4]:52467
[Run]:42667 [Site]:4 [Bin]:16558 [FullTime]:3600 [SkipTime]:0 [Veto1]:64.6232 [Veto2]:74.6363 [Veto3]:70.7065 [Veto4]:57.9171 [SgUp1]:68233 [SgUp2]:68228 [SgUp3]:69344 [SgUp4]:69506 [SgLow1]:68214 [SgLow2]:68202 [SgLow3]:69310 [SgLow4]:69485 [NetMuon1]:52623 [NetMuon2]:52465 [NetMuon3]:52526 [NetMuon4]:52698
[Run]:42667 [Site]:4 [Bin]:16559 [FullTime]:3600 [SkipTime]:0 [Veto1]:59.9993 [Veto2]:60.9681 [Veto3]:62.9484 [Veto4]:69.8783 [SgUp1]:67771 [SgUp2]:68864 [SgUp3]:69660 [SgUp4]:69022 [SgLow1]:67741 [SgLow2]:68839 [SgLow3]:69631 [SgLow4]:68994 [NetMuon1]:52858 [NetMuon2]:52846 [NetMuon3]:52833 [NetMuon4]:52714
End process Run: 42667 ... 
[Run]:42667 [Site]:4 [Bin]:16560 [FullTime]:1467.89 [SkipTime]:0 [Veto1]:24.9042 [Veto2]:29.316 [Veto3]:25.8869 [Veto4]:24.9451
