StreamChain add 0x176897f0
Start to process run: 42270 ... 
[Run]:42270 [Site]:4 [Bin]:16057 [FullTime]:2260.87 [SkipTime]:0 [Veto1]:34.6874 [Veto2]:39.9041 [Veto3]:44.532 [Veto4]:39.2926 [SgUp1]:42815 [SgUp2]:43758 [SgUp3]:43574 [SgUp4]:43448 [SgLow1]:42798 [SgLow2]:43743 [SgLow3]:43558 [SgLow4]:43423 [NetMuon1]:33209 [NetMuon2]:33120 [NetMuon3]:33067 [NetMuon4]:33157
[Run]:42270 [Site]:4 [Bin]:16058 [FullTime]:3600 [SkipTime]:0 [Veto1]:61.8706 [Veto2]:70.6564 [Veto3]:69.2594 [Veto4]:69.653 [SgUp1]:68453 [SgUp2]:68901 [SgUp3]:69418 [SgUp4]:68610 [SgLow1]:68432 [SgLow2]:68865 [SgLow3]:69395 [SgLow4]:68599 [NetMuon1]:52616 [NetMuon2]:52462 [NetMuon3]:52468 [NetMuon4]:52458
[Run]:42270 [Site]:4 [Bin]:16059 [FullTime]:3600 [SkipTime]:0 [Veto1]:62.1909 [Veto2]:67.361 [Veto3]:68.0794 [Veto4]:67.1015 [SgUp1]:67904 [SgUp2]:68379 [SgUp3]:69507 [SgUp4]:69320 [SgLow1]:67875 [SgLow2]:68351 [SgLow3]:69484 [SgLow4]:69275 [NetMuon1]:52991 [NetMuon2]:52887 [NetMuon3]:52905 [NetMuon4]:52943
[Run]:42270 [Site]:4 [Bin]:16060 [FullTime]:3600 [SkipTime]:0 [Veto1]:63.9743 [Veto2]:71.8707 [Veto3]:66.9458 [Veto4]:73.3306 [SgUp1]:67773 [SgUp2]:68675 [SgUp3]:70027 [SgUp4]:68580 [SgLow1]:67749 [SgLow2]:68649 [SgLow3]:70004 [SgLow4]:68547 [NetMuon1]:52783 [NetMuon2]:52684 [NetMuon3]:52748 [NetMuon4]:52678
[Run]:42270 [Site]:4 [Bin]:16061 [FullTime]:3600 [SkipTime]:0 [Veto1]:65.0783 [Veto2]:59.6594 [Veto3]:69.0028 [Veto4]:67.9676 [SgUp1]:68729 [SgUp2]:68800 [SgUp3]:69679 [SgUp4]:69162 [SgLow1]:68702 [SgLow2]:68766 [SgLow3]:69638 [SgLow4]:69141 [NetMuon1]:52906 [NetMuon2]:52963 [NetMuon3]:52845 [NetMuon4]:52845
[Run]:42270 [Site]:4 [Bin]:16062 [FullTime]:3600 [SkipTime]:0 [Veto1]:69.7697 [Veto2]:66.7893 [Veto3]:72.6925 [Veto4]:65.7721 [SgUp1]:67877 [SgUp2]:68721 [SgUp3]:69267 [SgUp4]:69430 [SgLow1]:67842 [SgLow2]:68684 [SgLow3]:69223 [SgLow4]:69405 [NetMuon1]:52490 [NetMuon2]:52547 [NetMuon3]:52472 [NetMuon4]:52555
[Run]:42270 [Site]:4 [Bin]:16063 [FullTime]:3600 [SkipTime]:0 [Veto1]:68.0308 [Veto2]:71.6116 [Veto3]:66.7041 [Veto4]:59.7619 [SgUp1]:67338 [SgUp2]:68582 [SgUp3]:69661 [SgUp4]:68811 [SgLow1]:67315 [SgLow2]:68563 [SgLow3]:69629 [SgLow4]:68784 [NetMuon1]:52396 [NetMuon2]:52385 [NetMuon3]:52451 [NetMuon4]:52507
[Run]:42270 [Site]:4 [Bin]:16064 [FullTime]:3600 [SkipTime]:0 [Veto1]:63.9153 [Veto2]:61.9499 [Veto3]:62.9146 [Veto4]:61.9774 [SgUp1]:67227 [SgUp2]:68754 [SgUp3]:69494 [SgUp4]:69180 [SgLow1]:67209 [SgLow2]:68723 [SgLow3]:69471 [SgLow4]:69154 [NetMuon1]:52760 [NetMuon2]:52823 [NetMuon3]:52764 [NetMuon4]:52820
[Run]:42270 [Site]:4 [Bin]:16065 [FullTime]:3600 [SkipTime]:0 [Veto1]:63.732 [Veto2]:63.7 [Veto3]:65.6584 [Veto4]:63.7276 [SgUp1]:67772 [SgUp2]:69771 [SgUp3]:69323 [SgUp4]:69344 [SgLow1]:67729 [SgLow2]:69730 [SgLow3]:69289 [SgLow4]:69313 [NetMuon1]:52487 [NetMuon2]:52504 [NetMuon3]:52455 [NetMuon4]:52507
[Run]:42270 [Site]:4 [Bin]:16066 [FullTime]:3600 [SkipTime]:0 [Veto1]:61.9334 [Veto2]:60.9298 [Veto3]:62.8983 [Veto4]:59.9593 [SgUp1]:67413 [SgUp2]:69104 [SgUp3]:69586 [SgUp4]:69370 [SgLow1]:67397 [SgLow2]:69073 [SgLow3]:69573 [SgLow4]:69348 [NetMuon1]:52742 [NetMuon2]:52799 [NetMuon3]:52735 [NetMuon4]:52789
[Run]:42270 [Site]:4 [Bin]:16067 [FullTime]:3600 [SkipTime]:0 [Veto1]:65.0505 [Veto2]:67.9634 [Veto3]:67.9372 [Veto4]:66.0039 [SgUp1]:66909 [SgUp2]:69000 [SgUp3]:69658 [SgUp4]:68730 [SgLow1]:66888 [SgLow2]:68970 [SgLow3]:69617 [SgLow4]:68695 [NetMuon1]:52793 [NetMuon2]:52749 [NetMuon3]:52765 [NetMuon4]:52798
[Run]:42270 [Site]:4 [Bin]:16068 [FullTime]:3600 [SkipTime]:0 [Veto1]:61.1224 [Veto2]:68.9292 [Veto3]:63.0182 [Veto4]:69.9849 [SgUp1]:67488 [SgUp2]:68859 [SgUp3]:69747 [SgUp4]:69053 [SgLow1]:67469 [SgLow2]:68832 [SgLow3]:69712 [SgLow4]:69005 [NetMuon1]:52915 [NetMuon2]:52786 [NetMuon3]:52866 [NetMuon4]:52797
[Run]:42270 [Site]:4 [Bin]:16069 [FullTime]:3600 [SkipTime]:0 [Veto1]:62.0811 [Veto2]:68.9282 [Veto3]:59.9897 [Veto4]:63.0021 [SgUp1]:67353 [SgUp2]:69015 [SgUp3]:69717 [SgUp4]:69266 [SgLow1]:67305 [SgLow2]:68961 [SgLow3]:69686 [SgLow4]:69240 [NetMuon1]:52859 [NetMuon2]:52725 [NetMuon3]:52840 [NetMuon4]:52786
[Run]:42270 [Site]:4 [Bin]:16070 [FullTime]:3600 [SkipTime]:0 [Veto1]:64.7057 [Veto2]:63.8385 [Veto3]:61.6809 [Veto4]:65.6412 [SgUp1]:67633 [SgUp2]:69550 [SgUp3]:69285 [SgUp4]:68749 [SgLow1]:67596 [SgLow2]:69515 [SgLow3]:69267 [SgLow4]:68727 [NetMuon1]:52453 [NetMuon2]:52460 [NetMuon3]:52478 [NetMuon4]:52394
[Run]:42270 [Site]:4 [Bin]:16071 [FullTime]:3600 [SkipTime]:0 [Veto1]:65.1992 [Veto2]:59.1304 [Veto3]:62.0759 [Veto4]:65.0139 [SgUp1]:67024 [SgUp2]:69227 [SgUp3]:69837 [SgUp4]:68962 [SgLow1]:66991 [SgLow2]:69190 [SgLow3]:69809 [SgLow4]:68931 [NetMuon1]:52914 [NetMuon2]:53000 [NetMuon3]:52961 [NetMuon4]:52886
[Run]:42270 [Site]:4 [Bin]:16072 [FullTime]:3600 [SkipTime]:0 [Veto1]:61.0989 [Veto2]:67.3966 [Veto3]:65.9983 [Veto4]:66.9765 [SgUp1]:67014 [SgUp2]:69150 [SgUp3]:69522 [SgUp4]:68876 [SgLow1]:66985 [SgLow2]:69120 [SgLow3]:69504 [SgLow4]:68825 [NetMuon1]:52899 [NetMuon2]:52795 [NetMuon3]:52786 [NetMuon4]:52791
[Run]:42270 [Site]:4 [Bin]:16073 [FullTime]:3600.01 [SkipTime]:0 [Veto1]:70.1123 [Veto2]:64.9144 [Veto3]:67.8078 [Veto4]:60.9472 [SgUp1]:67271 [SgUp2]:69097 [SgUp3]:69569 [SgUp4]:69184 [SgLow1]:67233 [SgLow2]:69059 [SgLow3]:69542 [SgLow4]:69160 [NetMuon1]:52617 [NetMuon2]:52727 [NetMuon3]:52663 [NetMuon4]:52748
[Run]:42270 [Site]:4 [Bin]:16074 [FullTime]:3599.99 [SkipTime]:0 [Veto1]:66.0113 [Veto2]:66.9706 [Veto3]:67.9568 [Veto4]:67.8497 [SgUp1]:67473 [SgUp2]:69192 [SgUp3]:69340 [SgUp4]:68904 [SgLow1]:67458 [SgLow2]:69172 [SgLow3]:69312 [SgLow4]:68868 [NetMuon1]:52847 [NetMuon2]:52827 [NetMuon3]:52795 [NetMuon4]:52780
[Run]:42270 [Site]:4 [Bin]:16075 [FullTime]:3600 [SkipTime]:0 [Veto1]:71.688 [Veto2]:72.6955 [Veto3]:64.7593 [Veto4]:72.5814 [SgUp1]:66873 [SgUp2]:68973 [SgUp3]:70041 [SgUp4]:68656 [SgLow1]:66842 [SgLow2]:68938 [SgLow3]:69992 [SgLow4]:68625 [NetMuon1]:52446 [NetMuon2]:52424 [NetMuon3]:52532 [NetMuon4]:52371
[Run]:42270 [Site]:4 [Bin]:16076 [FullTime]:3600 [SkipTime]:0 [Veto1]:65.9981 [Veto2]:62.9527 [Veto3]:73.7975 [Veto4]:67.9179 [SgUp1]:67382 [SgUp2]:69044 [SgUp3]:69087 [SgUp4]:69565 [SgLow1]:67347 [SgLow2]:69028 [SgLow3]:69062 [SgLow4]:69534 [NetMuon1]:52780 [NetMuon2]:52809 [NetMuon3]:52643 [NetMuon4]:52708
[Run]:42270 [Site]:4 [Bin]:16077 [FullTime]:3600 [SkipTime]:0 [Veto1]:58.1388 [Veto2]:60.9596 [Veto3]:69.845 [Veto4]:62.1154 [SgUp1]:67575 [SgUp2]:69470 [SgUp3]:69531 [SgUp4]:69120 [SgLow1]:67540 [SgLow2]:69437 [SgLow3]:69490 [SgLow4]:69096 [NetMuon1]:52932 [NetMuon2]:52884 [NetMuon3]:52739 [NetMuon4]:52887
[Run]:42270 [Site]:4 [Bin]:16078 [FullTime]:3600 [SkipTime]:0 [Veto1]:61.9532 [Veto2]:62.8938 [Veto3]:65.8624 [Veto4]:63.9276 [SgUp1]:67849 [SgUp2]:69627 [SgUp3]:69559 [SgUp4]:68799 [SgLow1]:67818 [SgLow2]:69601 [SgLow3]:69529 [SgLow4]:68775 [NetMuon1]:52745 [NetMuon2]:52754 [NetMuon3]:52681 [NetMuon4]:52733
[Run]:42270 [Site]:4 [Bin]:16079 [FullTime]:3600 [SkipTime]:0 [Veto1]:57.0642 [Veto2]:68.7118 [Veto3]:70.7557 [Veto4]:60.8555 [SgUp1]:68000 [SgUp2]:68857 [SgUp3]:69423 [SgUp4]:69035 [SgLow1]:67970 [SgLow2]:68817 [SgLow3]:69390 [SgLow4]:68994 [NetMuon1]:52854 [NetMuon2]:52669 [NetMuon3]:52625 [NetMuon4]:52745
[Run]:42270 [Site]:4 [Bin]:16080 [FullTime]:3600 [SkipTime]:0 [Veto1]:70.1025 [Veto2]:61.1432 [Veto3]:62.2218 [Veto4]:60.8343 [SgUp1]:67879 [SgUp2]:69288 [SgUp3]:69676 [SgUp4]:69051 [SgLow1]:67854 [SgLow2]:69262 [SgLow3]:69650 [SgLow4]:69032 [NetMuon1]:52483 [NetMuon2]:52608 [NetMuon3]:52599 [NetMuon4]:52606
[Run]:42270 [Site]:4 [Bin]:16081 [FullTime]:3600 [SkipTime]:0 [Veto1]:64.8458 [Veto2]:64.8114 [Veto3]:58.8702 [Veto4]:62.8424 [SgUp1]:68307 [SgUp2]:69530 [SgUp3]:69325 [SgUp4]:69221 [SgLow1]:68275 [SgLow2]:69512 [SgLow3]:69302 [SgLow4]:69192 [NetMuon1]:52605 [NetMuon2]:52592 [NetMuon3]:52692 [NetMuon4]:52623
[Run]:42270 [Site]:4 [Bin]:16082 [FullTime]:3600 [SkipTime]:0 [Veto1]:58.9604 [Veto2]:59.9253 [Veto3]:64.7881 [Veto4]:66.8089 [SgUp1]:68122 [SgUp2]:69008 [SgUp3]:69606 [SgUp4]:69225 [SgLow1]:68102 [SgLow2]:68971 [SgLow3]:69569 [SgLow4]:69199 [NetMuon1]:52730 [NetMuon2]:52712 [NetMuon3]:52632 [NetMuon4]:52590
[Run]:42270 [Site]:4 [Bin]:16083 [FullTime]:3600 [SkipTime]:0 [Veto1]:60.833 [Veto2]:61.7714 [Veto3]:59.8175 [Veto4]:59.8262 [SgUp1]:67602 [SgUp2]:69162 [SgUp3]:69840 [SgUp4]:69080 [SgLow1]:67570 [SgLow2]:69139 [SgLow3]:69813 [SgLow4]:69052 [NetMuon1]:52627 [NetMuon2]:52632 [NetMuon3]:52635 [NetMuon4]:52627
[Run]:42270 [Site]:4 [Bin]:16084 [FullTime]:3600 [SkipTime]:0 [Veto1]:65.878 [Veto2]:63.8069 [Veto3]:69.752 [Veto4]:57.8953 [SgUp1]:68331 [SgUp2]:69381 [SgUp3]:69391 [SgUp4]:69318 [SgLow1]:68299 [SgLow2]:69345 [SgLow3]:69367 [SgLow4]:69297 [NetMuon1]:52611 [NetMuon2]:52621 [NetMuon3]:52539 [NetMuon4]:52717
[Run]:42270 [Site]:4 [Bin]:16085 [FullTime]:3600 [SkipTime]:0 [Veto1]:62.2749 [Veto2]:60.2389 [Veto3]:63.1926 [Veto4]:63.2339 [SgUp1]:68004 [SgUp2]:69082 [SgUp3]:69724 [SgUp4]:69190 [SgLow1]:67995 [SgLow2]:69057 [SgLow3]:69694 [SgLow4]:69157 [NetMuon1]:53121 [NetMuon2]:53140 [NetMuon3]:53075 [NetMuon4]:53124
[Run]:42270 [Site]:4 [Bin]:16086 [FullTime]:3600 [SkipTime]:0 [Veto1]:61.9609 [Veto2]:69.8198 [Veto3]:67.8856 [Veto4]:61.8687 [SgUp1]:67967 [SgUp2]:68946 [SgUp3]:69749 [SgUp4]:69010 [SgLow1]:67947 [SgLow2]:68912 [SgLow3]:69726 [SgLow4]:68988 [NetMuon1]:52771 [NetMuon2]:52669 [NetMuon3]:52676 [NetMuon4]:52727
[Run]:42270 [Site]:4 [Bin]:16087 [FullTime]:3600 [SkipTime]:0 [Veto1]:67.8836 [Veto2]:57.1904 [Veto3]:65.886 [Veto4]:68.7742 [SgUp1]:67459 [SgUp2]:69423 [SgUp3]:69780 [SgUp4]:68833 [SgLow1]:67436 [SgLow2]:69400 [SgLow3]:69756 [SgLow4]:68805 [NetMuon1]:52602 [NetMuon2]:52759 [NetMuon3]:52643 [NetMuon4]:52600
[Run]:42270 [Site]:4 [Bin]:16088 [FullTime]:3600 [SkipTime]:0 [Veto1]:65.1924 [Veto2]:66.0992 [Veto3]:64.1305 [Veto4]:70.0299 [SgUp1]:68299 [SgUp2]:69185 [SgUp3]:69223 [SgUp4]:69102 [SgLow1]:68269 [SgLow2]:69150 [SgLow3]:69191 [SgLow4]:69069 [NetMuon1]:52983 [NetMuon2]:52963 [NetMuon3]:52969 [NetMuon4]:52888
[Run]:42270 [Site]:4 [Bin]:16089 [FullTime]:3600 [SkipTime]:0 [Veto1]:62.3891 [Veto2]:63.2702 [Veto3]:61.2439 [Veto4]:64.2004 [SgUp1]:68107 [SgUp2]:69181 [SgUp3]:69543 [SgUp4]:68958 [SgLow1]:68082 [SgLow2]:69147 [SgLow3]:69518 [SgLow4]:68940 [NetMuon1]:53121 [NetMuon2]:53134 [NetMuon3]:53153 [NetMuon4]:53085
[Run]:42270 [Site]:4 [Bin]:16090 [FullTime]:3600 [SkipTime]:0 [Veto1]:73.0989 [Veto2]:64.1888 [Veto3]:70.0975 [Veto4]:69.1698 [SgUp1]:67782 [SgUp2]:69522 [SgUp3]:69421 [SgUp4]:69123 [SgLow1]:67765 [SgLow2]:69489 [SgLow3]:69392 [SgLow4]:69090 [NetMuon1]:52946 [NetMuon2]:53022 [NetMuon3]:52973 [NetMuon4]:53006
[Run]:42270 [Site]:4 [Bin]:16091 [FullTime]:3600 [SkipTime]:0 [Veto1]:64.2246 [Veto2]:69.1468 [Veto3]:61.1964 [Veto4]:70.1949 [SgUp1]:67754 [SgUp2]:69422 [SgUp3]:69608 [SgUp4]:68782 [SgLow1]:67729 [SgLow2]:69406 [SgLow3]:69581 [SgLow4]:68752 [NetMuon1]:53094 [NetMuon2]:53007 [NetMuon3]:53142 [NetMuon4]:53002
[Run]:42270 [Site]:4 [Bin]:16092 [FullTime]:3600 [SkipTime]:0 [Veto1]:63.2083 [Veto2]:68.5567 [Veto3]:72.0584 [Veto4]:65.1505 [SgUp1]:67821 [SgUp2]:69360 [SgUp3]:69730 [SgUp4]:69006 [SgLow1]:67774 [SgLow2]:69345 [SgLow3]:69703 [SgLow4]:68970 [NetMuon1]:53061 [NetMuon2]:52973 [NetMuon3]:52923 [NetMuon4]:53049
[Run]:42270 [Site]:4 [Bin]:16093 [FullTime]:3600 [SkipTime]:0 [Veto1]:64.2003 [Veto2]:59.2569 [Veto3]:69.1071 [Veto4]:66.1831 [SgUp1]:67609 [SgUp2]:69009 [SgUp3]:69580 [SgUp4]:68688 [SgLow1]:67577 [SgLow2]:68971 [SgLow3]:69529 [SgLow4]:68663 [NetMuon1]:53061 [NetMuon2]:53184 [NetMuon3]:52992 [NetMuon4]:53041
[Run]:42270 [Site]:4 [Bin]:16094 [FullTime]:3600 [SkipTime]:0 [Veto1]:59.2811 [Veto2]:61.2198 [Veto3]:64.2291 [Veto4]:63.1744 [SgUp1]:68021 [SgUp2]:69072 [SgUp3]:69996 [SgUp4]:69011 [SgLow1]:67978 [SgLow2]:69037 [SgLow3]:69958 [SgLow4]:68965 [NetMuon1]:53129 [NetMuon2]:53085 [NetMuon3]:53048 [NetMuon4]:53062
[Run]:42270 [Site]:4 [Bin]:16095 [FullTime]:3600.01 [SkipTime]:0 [Veto1]:58.3395 [Veto2]:71.1098 [Veto3]:66.2135 [Veto4]:56.3118 [SgUp1]:68050 [SgUp2]:68365 [SgUp3]:69220 [SgUp4]:69105 [SgLow1]:68017 [SgLow2]:68337 [SgLow3]:69184 [SgLow4]:69077 [NetMuon1]:53212 [NetMuon2]:52998 [NetMuon3]:53090 [NetMuon4]:53221
[Run]:42270 [Site]:4 [Bin]:16096 [FullTime]:3599.99 [SkipTime]:0 [Veto1]:58.9578 [Veto2]:66.786 [Veto3]:64.8242 [Veto4]:69.7912 [SgUp1]:67964 [SgUp2]:69429 [SgUp3]:69491 [SgUp4]:68707 [SgLow1]:67942 [SgLow2]:69399 [SgLow3]:69456 [SgLow4]:68681 [NetMuon1]:52738 [NetMuon2]:52606 [NetMuon3]:52629 [NetMuon4]:52610
[Run]:42270 [Site]:4 [Bin]:16097 [FullTime]:3600 [SkipTime]:0 [Veto1]:67.187 [Veto2]:68.0962 [Veto3]:62.1844 [Veto4]:64.1434 [SgUp1]:67722 [SgUp2]:68800 [SgUp3]:69449 [SgUp4]:69241 [SgLow1]:67710 [SgLow2]:68788 [SgLow3]:69424 [SgLow4]:69207 [NetMuon1]:52980 [NetMuon2]:52980 [NetMuon3]:53060 [NetMuon4]:53034
[Run]:42270 [Site]:4 [Bin]:16098 [FullTime]:3600 [SkipTime]:0 [Veto1]:66.1217 [Veto2]:68.0006 [Veto3]:67.0571 [Veto4]:64.1067 [SgUp1]:67736 [SgUp2]:69124 [SgUp3]:69260 [SgUp4]:69177 [SgLow1]:67703 [SgLow2]:69092 [SgLow3]:69235 [SgLow4]:69157 [NetMuon1]:52897 [NetMuon2]:52835 [NetMuon3]:52894 [NetMuon4]:52940
[Run]:42270 [Site]:4 [Bin]:16099 [FullTime]:3600 [SkipTime]:0 [Veto1]:64.9475 [Veto2]:64.9218 [Veto3]:59.9561 [Veto4]:62.9447 [SgUp1]:67844 [SgUp2]:68382 [SgUp3]:69852 [SgUp4]:68779 [SgLow1]:67818 [SgLow2]:68359 [SgLow3]:69826 [SgLow4]:68754 [NetMuon1]:52729 [NetMuon2]:52692 [NetMuon3]:52812 [NetMuon4]:52735
[Run]:42270 [Site]:4 [Bin]:16100 [FullTime]:3600 [SkipTime]:0 [Veto1]:63.1466 [Veto2]:68.0526 [Veto3]:64.0087 [Veto4]:60.1521 [SgUp1]:68177 [SgUp2]:69064 [SgUp3]:69633 [SgUp4]:69309 [SgLow1]:68137 [SgLow2]:69034 [SgLow3]:69608 [SgLow4]:69273 [NetMuon1]:52948 [NetMuon2]:52862 [NetMuon3]:52925 [NetMuon4]:52980
[Run]:42270 [Site]:4 [Bin]:16101 [FullTime]:3600 [SkipTime]:0 [Veto1]:60.9887 [Veto2]:62.0229 [Veto3]:63.931 [Veto4]:65.8774 [SgUp1]:67798 [SgUp2]:69575 [SgUp3]:69673 [SgUp4]:69112 [SgLow1]:67767 [SgLow2]:69558 [SgLow3]:69646 [SgLow4]:69082 [NetMuon1]:52767 [NetMuon2]:52725 [NetMuon3]:52736 [NetMuon4]:52668
[Run]:42270 [Site]:4 [Bin]:16102 [FullTime]:3600 [SkipTime]:0 [Veto1]:61.7509 [Veto2]:60.8457 [Veto3]:70.6704 [Veto4]:57.798 [SgUp1]:67323 [SgUp2]:69339 [SgUp3]:69295 [SgUp4]:69189 [SgLow1]:67303 [SgLow2]:69308 [SgLow3]:69271 [SgLow4]:69163 [NetMuon1]:52513 [NetMuon2]:52568 [NetMuon3]:52423 [NetMuon4]:52613
[Run]:42270 [Site]:4 [Bin]:16103 [FullTime]:3600 [SkipTime]:0 [Veto1]:67.8601 [Veto2]:65.8242 [Veto3]:61.8496 [Veto4]:60.8644 [SgUp1]:68106 [SgUp2]:68994 [SgUp3]:69799 [SgUp4]:69463 [SgLow1]:68079 [SgLow2]:68968 [SgLow3]:69766 [SgLow4]:69444 [NetMuon1]:52624 [NetMuon2]:52661 [NetMuon3]:52689 [NetMuon4]:52699
[Run]:42270 [Site]:4 [Bin]:16104 [FullTime]:3600 [SkipTime]:0 [Veto1]:60.0709 [Veto2]:60.9129 [Veto3]:65.9223 [Veto4]:63.9385 [SgUp1]:67895 [SgUp2]:69294 [SgUp3]:69450 [SgUp4]:69730 [SgLow1]:67875 [SgLow2]:69276 [SgLow3]:69404 [SgLow4]:69690 [NetMuon1]:52840 [NetMuon2]:52771 [NetMuon3]:52721 [NetMuon4]:52764
End process Run: 42270 ... 
[Run]:42270 [Site]:4 [Bin]:16105 [FullTime]:1497.76 [SkipTime]:0 [Veto1]:25.272 [Veto2]:24.2448 [Veto3]:24.2492 [Veto4]:30.1719
