StreamChain add 0x155fe7f0
Start to process run: 42176 ... 
[Run]:42176 [Site]:4 [Bin]:15958 [FullTime]:2183.54 [SkipTime]:0 [Veto1]:41.628 [Veto2]:36.6299 [Veto3]:35.6613 [Veto4]:34.6999 [SgUp1]:41257 [SgUp2]:41943 [SgUp3]:42418 [SgUp4]:42071 [SgLow1]:41230 [SgLow2]:41934 [SgLow3]:42390 [SgLow4]:42053 [NetMuon1]:31925 [NetMuon2]:31977 [NetMuon3]:32033 [NetMuon4]:32044
[Run]:42176 [Site]:4 [Bin]:15959 [FullTime]:3600 [SkipTime]:0 [Veto1]:61.143 [Veto2]:60.1052 [Veto3]:66.0307 [Veto4]:67.004 [SgUp1]:67960 [SgUp2]:69426 [SgUp3]:70024 [SgUp4]:69641 [SgLow1]:67932 [SgLow2]:69398 [SgLow3]:69997 [SgLow4]:69619 [NetMuon1]:52984 [NetMuon2]:52998 [NetMuon3]:52877 [NetMuon4]:52913
[Run]:42176 [Site]:4 [Bin]:15960 [FullTime]:2280.46 [SkipTime]:1319.54 [Veto1]:40.7164 [Veto2]:36.6967 [Veto3]:39.653 [Veto4]:37.7055 [SgUp1]:42656 [SgUp2]:44230 [SgUp3]:44336 [SgUp4]:44150 [SgLow1]:42636 [SgLow2]:44199 [SgLow3]:44305 [SgLow4]:44140 [NetMuon1]:33202 [NetMuon2]:33259 [NetMuon3]:33224 [NetMuon4]:33253
[Run]:42176 [Site]:4 [Bin]:15961 [FullTime]:3600 [SkipTime]:0 [Veto1]:69.6717 [Veto2]:62.04 [Veto3]:63.0358 [Veto4]:58.1172 [SgUp1]:68070 [SgUp2]:69430 [SgUp3]:70067 [SgUp4]:69271 [SgLow1]:68045 [SgLow2]:69393 [SgLow3]:70031 [SgLow4]:69248 [NetMuon1]:52779 [NetMuon2]:52894 [NetMuon3]:52886 [NetMuon4]:52948
[Run]:42176 [Site]:4 [Bin]:15962 [FullTime]:3600 [SkipTime]:0 [Veto1]:60.6754 [Veto2]:70.5537 [Veto3]:66.1705 [Veto4]:58.707 [SgUp1]:67844 [SgUp2]:68687 [SgUp3]:69828 [SgUp4]:69705 [SgLow1]:67815 [SgLow2]:68661 [SgLow3]:69806 [SgLow4]:69677 [NetMuon1]:52439 [NetMuon2]:52323 [NetMuon3]:52379 [NetMuon4]:52449
[Run]:42176 [Site]:4 [Bin]:15963 [FullTime]:3600.01 [SkipTime]:0 [Veto1]:66.3137 [Veto2]:59.1064 [Veto3]:63.0387 [Veto4]:65.9463 [SgUp1]:67712 [SgUp2]:69812 [SgUp3]:69773 [SgUp4]:69057 [SgLow1]:67680 [SgLow2]:69792 [SgLow3]:69747 [SgLow4]:69037 [NetMuon1]:52800 [NetMuon2]:52948 [NetMuon3]:52867 [NetMuon4]:52817
[Run]:42176 [Site]:4 [Bin]:15964 [FullTime]:3599.99 [SkipTime]:0 [Veto1]:62.0055 [Veto2]:64.8922 [Veto3]:60.0241 [Veto4]:61.984 [SgUp1]:68244 [SgUp2]:68933 [SgUp3]:70613 [SgUp4]:69670 [SgLow1]:68216 [SgLow2]:68904 [SgLow3]:70587 [SgLow4]:69649 [NetMuon1]:52801 [NetMuon2]:52785 [NetMuon3]:52864 [NetMuon4]:52862
[Run]:42176 [Site]:4 [Bin]:15965 [FullTime]:3600 [SkipTime]:0 [Veto1]:69.8677 [Veto2]:64.9116 [Veto3]:59.9277 [Veto4]:59.9772 [SgUp1]:68018 [SgUp2]:68860 [SgUp3]:69922 [SgUp4]:69156 [SgLow1]:67999 [SgLow2]:68822 [SgLow3]:69895 [SgLow4]:69126 [NetMuon1]:52634 [NetMuon2]:52717 [NetMuon3]:52772 [NetMuon4]:52788
[Run]:42176 [Site]:4 [Bin]:15966 [FullTime]:3600 [SkipTime]:0 [Veto1]:67.8176 [Veto2]:63.856 [Veto3]:62.823 [Veto4]:63.7396 [SgUp1]:68024 [SgUp2]:68736 [SgUp3]:69805 [SgUp4]:69805 [SgLow1]:67990 [SgLow2]:68716 [SgLow3]:69767 [SgLow4]:69783 [NetMuon1]:52628 [NetMuon2]:52650 [NetMuon3]:52650 [NetMuon4]:52627
[Run]:42176 [Site]:4 [Bin]:15967 [FullTime]:3600 [SkipTime]:0 [Veto1]:66.7368 [Veto2]:67.7405 [Veto3]:59.8133 [Veto4]:60.8158 [SgUp1]:67991 [SgUp2]:68380 [SgUp3]:69439 [SgUp4]:68723 [SgLow1]:67977 [SgLow2]:68358 [SgLow3]:69414 [SgLow4]:68687 [NetMuon1]:52497 [NetMuon2]:52523 [NetMuon3]:52609 [NetMuon4]:52621
[Run]:42176 [Site]:4 [Bin]:15968 [FullTime]:3600 [SkipTime]:0 [Veto1]:66.9615 [Veto2]:64.9509 [Veto3]:64.9422 [Veto4]:63.9474 [SgUp1]:68301 [SgUp2]:68589 [SgUp3]:69400 [SgUp4]:68468 [SgLow1]:68276 [SgLow2]:68571 [SgLow3]:69371 [SgLow4]:68448 [NetMuon1]:52788 [NetMuon2]:52772 [NetMuon3]:52763 [NetMuon4]:52796
[Run]:42176 [Site]:4 [Bin]:15969 [FullTime]:3600 [SkipTime]:0 [Veto1]:62.2366 [Veto2]:64.2441 [Veto3]:73.0157 [Veto4]:65.1387 [SgUp1]:67629 [SgUp2]:69101 [SgUp3]:69047 [SgUp4]:69007 [SgLow1]:67610 [SgLow2]:69082 [SgLow3]:69018 [SgLow4]:68987 [NetMuon1]:53043 [NetMuon2]:53041 [NetMuon3]:52909 [NetMuon4]:53005
[Run]:42176 [Site]:4 [Bin]:15970 [FullTime]:3600 [SkipTime]:0 [Veto1]:63.6788 [Veto2]:57.7643 [Veto3]:69.5516 [Veto4]:57.7121 [SgUp1]:68111 [SgUp2]:68863 [SgUp3]:68901 [SgUp4]:68799 [SgLow1]:68092 [SgLow2]:68831 [SgLow3]:68862 [SgLow4]:68770 [NetMuon1]:52417 [NetMuon2]:52535 [NetMuon3]:52322 [NetMuon4]:52514
[Run]:42176 [Site]:4 [Bin]:15971 [FullTime]:3600 [SkipTime]:0 [Veto1]:60.0006 [Veto2]:68.8657 [Veto3]:65.8393 [Veto4]:65.8715 [SgUp1]:68114 [SgUp2]:68714 [SgUp3]:69782 [SgUp4]:68751 [SgLow1]:68079 [SgLow2]:68681 [SgLow3]:69747 [SgLow4]:68725 [NetMuon1]:52793 [NetMuon2]:52666 [NetMuon3]:52682 [NetMuon4]:52699
[Run]:42176 [Site]:4 [Bin]:15972 [FullTime]:3600 [SkipTime]:0 [Veto1]:65.8573 [Veto2]:69.7503 [Veto3]:65.8394 [Veto4]:58.9117 [SgUp1]:68413 [SgUp2]:68255 [SgUp3]:69133 [SgUp4]:69264 [SgLow1]:68385 [SgLow2]:68235 [SgLow3]:69097 [SgLow4]:69249 [NetMuon1]:52620 [NetMuon2]:52538 [NetMuon3]:52608 [NetMuon4]:52702
[Run]:42176 [Site]:4 [Bin]:15973 [FullTime]:3600 [SkipTime]:0 [Veto1]:69.8916 [Veto2]:63.8318 [Veto3]:66.7122 [Veto4]:59.8491 [SgUp1]:67622 [SgUp2]:68619 [SgUp3]:69064 [SgUp4]:68537 [SgLow1]:67586 [SgLow2]:68586 [SgLow3]:69036 [SgLow4]:68503 [NetMuon1]:52467 [NetMuon2]:52591 [NetMuon3]:52512 [NetMuon4]:52642
[Run]:42176 [Site]:4 [Bin]:15974 [FullTime]:3600 [SkipTime]:0 [Veto1]:72.0741 [Veto2]:62.179 [Veto3]:62.1745 [Veto4]:57.2791 [SgUp1]:67979 [SgUp2]:69080 [SgUp3]:69661 [SgUp4]:68734 [SgLow1]:67939 [SgLow2]:69055 [SgLow3]:69632 [SgLow4]:68709 [NetMuon1]:52878 [NetMuon2]:53051 [NetMuon3]:53008 [NetMuon4]:53123
[Run]:42176 [Site]:4 [Bin]:15975 [FullTime]:3600 [SkipTime]:0 [Veto1]:66.8892 [Veto2]:67.7918 [Veto3]:66.8871 [Veto4]:55.9758 [SgUp1]:68113 [SgUp2]:68328 [SgUp3]:69070 [SgUp4]:68700 [SgLow1]:68081 [SgLow2]:68297 [SgLow3]:69037 [SgLow4]:68679 [NetMuon1]:52647 [NetMuon2]:52606 [NetMuon3]:52617 [NetMuon4]:52778
[Run]:42176 [Site]:4 [Bin]:15976 [FullTime]:3600 [SkipTime]:0 [Veto1]:66.1474 [Veto2]:65.0751 [Veto3]:60.223 [Veto4]:65.0571 [SgUp1]:68317 [SgUp2]:68362 [SgUp3]:69566 [SgUp4]:68558 [SgLow1]:68279 [SgLow2]:68329 [SgLow3]:69538 [SgLow4]:68535 [NetMuon1]:52945 [NetMuon2]:52954 [NetMuon3]:53048 [NetMuon4]:52922
[Run]:42176 [Site]:4 [Bin]:15977 [FullTime]:3600 [SkipTime]:0 [Veto1]:59.1239 [Veto2]:61.1079 [Veto3]:64.0413 [Veto4]:71.9321 [SgUp1]:68198 [SgUp2]:68901 [SgUp3]:69741 [SgUp4]:68722 [SgLow1]:68178 [SgLow2]:68874 [SgLow3]:69707 [SgLow4]:68694 [NetMuon1]:52940 [NetMuon2]:52949 [NetMuon3]:52894 [NetMuon4]:52793
[Run]:42176 [Site]:4 [Bin]:15978 [FullTime]:3600 [SkipTime]:0 [Veto1]:65.5922 [Veto2]:58.6415 [Veto3]:66.5329 [Veto4]:58.6921 [SgUp1]:67865 [SgUp2]:68687 [SgUp3]:69047 [SgUp4]:69028 [SgLow1]:67836 [SgLow2]:68644 [SgLow3]:69027 [SgLow4]:68989 [NetMuon1]:52302 [NetMuon2]:52403 [NetMuon3]:52313 [NetMuon4]:52458
[Run]:42176 [Site]:4 [Bin]:15979 [FullTime]:3600 [SkipTime]:0 [Veto1]:60.8861 [Veto2]:61.8129 [Veto3]:70.6965 [Veto4]:61.8002 [SgUp1]:68007 [SgUp2]:69094 [SgUp3]:69198 [SgUp4]:69427 [SgLow1]:67960 [SgLow2]:69076 [SgLow3]:69177 [SgLow4]:69383 [NetMuon1]:52634 [NetMuon2]:52620 [NetMuon3]:52477 [NetMuon4]:52620
[Run]:42176 [Site]:4 [Bin]:15980 [FullTime]:3599.99 [SkipTime]:0 [Veto1]:71.7614 [Veto2]:64.6672 [Veto3]:71.6679 [Veto4]:58.9314 [SgUp1]:67538 [SgUp2]:68990 [SgUp3]:68703 [SgUp4]:68934 [SgLow1]:67498 [SgLow2]:68954 [SgLow3]:68679 [SgLow4]:68900 [NetMuon1]:52489 [NetMuon2]:52597 [NetMuon3]:52453 [NetMuon4]:52696
[Run]:42176 [Site]:4 [Bin]:15981 [FullTime]:3600 [SkipTime]:0 [Veto1]:67.0648 [Veto2]:69.0218 [Veto3]:68.0446 [Veto4]:63.06 [SgUp1]:67628 [SgUp2]:68715 [SgUp3]:69229 [SgUp4]:69359 [SgLow1]:67590 [SgLow2]:68674 [SgLow3]:69198 [SgLow4]:69339 [NetMuon1]:52851 [NetMuon2]:52819 [NetMuon3]:52849 [NetMuon4]:52917
[Run]:42176 [Site]:4 [Bin]:15982 [FullTime]:3600 [SkipTime]:0 [Veto1]:69.4778 [Veto2]:57.8271 [Veto3]:62.7488 [Veto4]:69.5617 [SgUp1]:67979 [SgUp2]:68878 [SgUp3]:69554 [SgUp4]:68872 [SgLow1]:67948 [SgLow2]:68857 [SgLow3]:69525 [SgLow4]:68840 [NetMuon1]:52501 [NetMuon2]:52677 [NetMuon3]:52580 [NetMuon4]:52497
[Run]:42176 [Site]:4 [Bin]:15983 [FullTime]:3600 [SkipTime]:0 [Veto1]:62.5928 [Veto2]:69.4443 [Veto3]:65.4574 [Veto4]:71.9017 [SgUp1]:67830 [SgUp2]:68797 [SgUp3]:69188 [SgUp4]:68821 [SgLow1]:67807 [SgLow2]:68767 [SgLow3]:69167 [SgLow4]:68798 [NetMuon1]:52296 [NetMuon2]:52164 [NetMuon3]:52247 [NetMuon4]:52157
[Run]:42176 [Site]:4 [Bin]:15984 [FullTime]:3600.01 [SkipTime]:0 [Veto1]:59.0562 [Veto2]:67.9196 [Veto3]:65.9491 [Veto4]:69.937 [SgUp1]:68249 [SgUp2]:68549 [SgUp3]:69036 [SgUp4]:69073 [SgLow1]:68228 [SgLow2]:68522 [SgLow3]:69004 [SgLow4]:69056 [NetMuon1]:52860 [NetMuon2]:52740 [NetMuon3]:52807 [NetMuon4]:52706
[Run]:42176 [Site]:4 [Bin]:15985 [FullTime]:2289.12 [SkipTime]:1310.87 [Veto1]:36.9587 [Veto2]:38.9325 [Veto3]:44.8144 [Veto4]:43.8966 [SgUp1]:43203 [SgUp2]:43876 [SgUp3]:44159 [SgUp4]:43962 [SgLow1]:43174 [SgLow2]:43864 [SgLow3]:44148 [SgLow4]:43946 [NetMuon1]:33576 [NetMuon2]:33545 [NetMuon3]:33438 [NetMuon4]:33459
[Run]:42176 [Site]:4 [Bin]:15986 [FullTime]:3600 [SkipTime]:0 [Veto1]:62.9434 [Veto2]:61.6013 [Veto3]:64.4898 [Veto4]:57.1031 [SgUp1]:67976 [SgUp2]:68730 [SgUp3]:68865 [SgUp4]:69048 [SgLow1]:67953 [SgLow2]:68705 [SgLow3]:68835 [SgLow4]:69020 [NetMuon1]:52310 [NetMuon2]:52329 [NetMuon3]:52312 [NetMuon4]:52432
[Run]:42176 [Site]:4 [Bin]:15987 [FullTime]:3600 [SkipTime]:0 [Veto1]:64.0079 [Veto2]:63.9203 [Veto3]:68.9272 [Veto4]:57.0628 [SgUp1]:68296 [SgUp2]:68732 [SgUp3]:68969 [SgUp4]:69025 [SgLow1]:68251 [SgLow2]:68715 [SgLow3]:68933 [SgLow4]:68998 [NetMuon1]:52792 [NetMuon2]:52734 [NetMuon3]:52697 [NetMuon4]:52863
[Run]:42176 [Site]:4 [Bin]:15988 [FullTime]:3600 [SkipTime]:0 [Veto1]:64.8566 [Veto2]:68.7226 [Veto3]:63.8037 [Veto4]:52.9436 [SgUp1]:67514 [SgUp2]:68584 [SgUp3]:69369 [SgUp4]:68762 [SgLow1]:67481 [SgLow2]:68560 [SgLow3]:69323 [SgLow4]:68744 [NetMuon1]:52573 [NetMuon2]:52512 [NetMuon3]:52550 [NetMuon4]:52764
[Run]:42176 [Site]:4 [Bin]:15989 [FullTime]:3600 [SkipTime]:0 [Veto1]:62.9308 [Veto2]:67.7696 [Veto3]:61.8914 [Veto4]:61.8531 [SgUp1]:67776 [SgUp2]:68708 [SgUp3]:69281 [SgUp4]:69245 [SgLow1]:67731 [SgLow2]:68674 [SgLow3]:69254 [SgLow4]:69226 [NetMuon1]:52682 [NetMuon2]:52583 [NetMuon3]:52656 [NetMuon4]:52666
[Run]:42176 [Site]:4 [Bin]:15990 [FullTime]:3600 [SkipTime]:0 [Veto1]:62.7645 [Veto2]:60.7699 [Veto3]:72.5497 [Veto4]:65.648 [SgUp1]:67839 [SgUp2]:69014 [SgUp3]:68497 [SgUp4]:68771 [SgLow1]:67792 [SgLow2]:68977 [SgLow3]:68461 [SgLow4]:68752 [NetMuon1]:52470 [NetMuon2]:52507 [NetMuon3]:52338 [NetMuon4]:52456
[Run]:42176 [Site]:4 [Bin]:15991 [FullTime]:3600 [SkipTime]:0 [Veto1]:65.4252 [Veto2]:58.4552 [Veto3]:58.4401 [Veto4]:64.423 [SgUp1]:67896 [SgUp2]:69332 [SgUp3]:69164 [SgUp4]:69014 [SgLow1]:67859 [SgLow2]:69316 [SgLow3]:69130 [SgLow4]:68995 [NetMuon1]:52065 [NetMuon2]:52196 [NetMuon3]:52201 [NetMuon4]:52102
[Run]:42176 [Site]:4 [Bin]:15992 [FullTime]:3600 [SkipTime]:0 [Veto1]:61.7394 [Veto2]:66.6356 [Veto3]:66.6337 [Veto4]:63.7249 [SgUp1]:68555 [SgUp2]:68698 [SgUp3]:69132 [SgUp4]:68770 [SgLow1]:68524 [SgLow2]:68680 [SgLow3]:69110 [SgLow4]:68740 [NetMuon1]:52475 [NetMuon2]:52429 [NetMuon3]:52415 [NetMuon4]:52484
[Run]:42176 [Site]:4 [Bin]:15993 [FullTime]:3600 [SkipTime]:0 [Veto1]:65.2009 [Veto2]:61.1781 [Veto3]:66.1591 [Veto4]:69.1343 [SgUp1]:68030 [SgUp2]:69233 [SgUp3]:69520 [SgUp4]:69057 [SgLow1]:68011 [SgLow2]:69191 [SgLow3]:69482 [SgLow4]:69015 [NetMuon1]:53036 [NetMuon2]:53100 [NetMuon3]:53050 [NetMuon4]:52983
[Run]:42176 [Site]:4 [Bin]:15994 [FullTime]:3600 [SkipTime]:0 [Veto1]:64.8251 [Veto2]:59.8732 [Veto3]:73.9356 [Veto4]:59.8145 [SgUp1]:67596 [SgUp2]:69410 [SgUp3]:69105 [SgUp4]:69273 [SgLow1]:67570 [SgLow2]:69379 [SgLow3]:69085 [SgLow4]:69241 [NetMuon1]:52608 [NetMuon2]:52718 [NetMuon3]:52497 [NetMuon4]:52683
[Run]:42176 [Site]:4 [Bin]:15995 [FullTime]:3600 [SkipTime]:0 [Veto1]:60.0234 [Veto2]:58.9968 [Veto3]:61.9589 [Veto4]:66.8543 [SgUp1]:67799 [SgUp2]:69043 [SgUp3]:68891 [SgUp4]:68827 [SgLow1]:67778 [SgLow2]:69017 [SgLow3]:68871 [SgLow4]:68801 [NetMuon1]:52857 [NetMuon2]:52817 [NetMuon3]:52791 [NetMuon4]:52723
[Run]:42176 [Site]:4 [Bin]:15996 [FullTime]:3600 [SkipTime]:0 [Veto1]:60.1989 [Veto2]:64.7954 [Veto3]:69.0886 [Veto4]:63.156 [SgUp1]:67683 [SgUp2]:69142 [SgUp3]:69169 [SgUp4]:69166 [SgLow1]:67665 [SgLow2]:69126 [SgLow3]:69125 [SgLow4]:69136 [NetMuon1]:53060 [NetMuon2]:53003 [NetMuon3]:52947 [NetMuon4]:53031
[Run]:42176 [Site]:4 [Bin]:15997 [FullTime]:3600 [SkipTime]:0 [Veto1]:57.1441 [Veto2]:63.0281 [Veto3]:64.0037 [Veto4]:79.3005 [SgUp1]:67892 [SgUp2]:69097 [SgUp3]:69207 [SgUp4]:68609 [SgLow1]:67868 [SgLow2]:69080 [SgLow3]:69182 [SgLow4]:68586 [NetMuon1]:52951 [NetMuon2]:52882 [NetMuon3]:52862 [NetMuon4]:52646
End process Run: 42176 ... 
[Run]:42176 [Site]:4 [Bin]:15998 [FullTime]:1961.91 [SkipTime]:0 [Veto1]:35.8822 [Veto2]:32.8777 [Veto3]:29.8908 [Veto4]:38.8162
