StreamChain add 0x11d0f7f0
Start to process run: 42261 ... 
[Run]:42261 [Site]:4 [Bin]:16034 [FullTime]:2508.04 [SkipTime]:0 [Veto1]:42.5902 [Veto2]:47.5107 [Veto3]:45.5223 [Veto4]:50.3979 [SgUp1]:47617 [SgUp2]:47900 [SgUp3]:48091 [SgUp4]:48148 [SgLow1]:47597 [SgLow2]:47871 [SgLow3]:48072 [SgLow4]:48123 [NetMuon1]:36696 [NetMuon2]:36616 [NetMuon3]:36640 [NetMuon4]:36530
[Run]:42261 [Site]:4 [Bin]:16035 [FullTime]:3600 [SkipTime]:0 [Veto1]:53.7548 [Veto2]:60.6364 [Veto3]:54.6796 [Veto4]:60.6323 [SgUp1]:67997 [SgUp2]:68852 [SgUp3]:69945 [SgUp4]:69589 [SgLow1]:67965 [SgLow2]:68838 [SgLow3]:69919 [SgLow4]:69561 [NetMuon1]:52482 [NetMuon2]:52398 [NetMuon3]:52481 [NetMuon4]:52385
[Run]:42261 [Site]:4 [Bin]:16036 [FullTime]:3600 [SkipTime]:0 [Veto1]:62.6948 [Veto2]:56.7346 [Veto3]:65.6078 [Veto4]:60.6663 [SgUp1]:67842 [SgUp2]:68711 [SgUp3]:69872 [SgUp4]:68974 [SgLow1]:67818 [SgLow2]:68674 [SgLow3]:69834 [SgLow4]:68947 [NetMuon1]:52434 [NetMuon2]:52502 [NetMuon3]:52387 [NetMuon4]:52442
[Run]:42261 [Site]:4 [Bin]:16037 [FullTime]:3600 [SkipTime]:0 [Veto1]:64.1231 [Veto2]:58.1197 [Veto3]:72.9267 [Veto4]:63.0769 [SgUp1]:67824 [SgUp2]:68804 [SgUp3]:69544 [SgUp4]:69472 [SgLow1]:67797 [SgLow2]:68765 [SgLow3]:69503 [SgLow4]:69437 [NetMuon1]:52921 [NetMuon2]:52994 [NetMuon3]:52755 [NetMuon4]:52937
[Run]:42261 [Site]:4 [Bin]:16038 [FullTime]:3600 [SkipTime]:0 [Veto1]:67.7357 [Veto2]:59.8083 [Veto3]:65.6878 [Veto4]:68.6314 [SgUp1]:68205 [SgUp2]:68628 [SgUp3]:69608 [SgUp4]:69555 [SgLow1]:68178 [SgLow2]:68591 [SgLow3]:69585 [SgLow4]:69511 [NetMuon1]:52429 [NetMuon2]:52623 [NetMuon3]:52494 [NetMuon4]:52446
[Run]:42261 [Site]:4 [Bin]:16039 [FullTime]:3600 [SkipTime]:0 [Veto1]:66.8991 [Veto2]:67.8696 [Veto3]:62.9432 [Veto4]:68.8606 [SgUp1]:67799 [SgUp2]:68847 [SgUp3]:70048 [SgUp4]:69171 [SgLow1]:67773 [SgLow2]:68814 [SgLow3]:70027 [SgLow4]:69142 [NetMuon1]:52667 [NetMuon2]:52681 [NetMuon3]:52767 [NetMuon4]:52659
[Run]:42261 [Site]:4 [Bin]:16040 [FullTime]:3600 [SkipTime]:0 [Veto1]:60.2915 [Veto2]:68.8178 [Veto3]:64.7059 [Veto4]:63.8829 [SgUp1]:67846 [SgUp2]:68587 [SgUp3]:69671 [SgUp4]:69930 [SgLow1]:67816 [SgLow2]:68550 [SgLow3]:69642 [SgLow4]:69899 [NetMuon1]:52775 [NetMuon2]:52610 [NetMuon3]:52667 [NetMuon4]:52709
[Run]:42261 [Site]:4 [Bin]:16041 [FullTime]:3600 [SkipTime]:0 [Veto1]:67.1486 [Veto2]:70.9817 [Veto3]:69.0819 [Veto4]:65.1145 [SgUp1]:67956 [SgUp2]:68910 [SgUp3]:69309 [SgUp4]:69456 [SgLow1]:67936 [SgLow2]:68874 [SgLow3]:69278 [SgLow4]:69425 [NetMuon1]:52938 [NetMuon2]:52860 [NetMuon3]:52902 [NetMuon4]:52946
[Run]:42261 [Site]:4 [Bin]:16042 [FullTime]:3600 [SkipTime]:0 [Veto1]:66.9286 [Veto2]:66.9282 [Veto3]:61.9548 [Veto4]:64.892 [SgUp1]:67343 [SgUp2]:68660 [SgUp3]:69252 [SgUp4]:69372 [SgLow1]:67307 [SgLow2]:68637 [SgLow3]:69230 [SgLow4]:69353 [NetMuon1]:52683 [NetMuon2]:52719 [NetMuon3]:52784 [NetMuon4]:52738
[Run]:42261 [Site]:4 [Bin]:16043 [FullTime]:3600 [SkipTime]:0 [Veto1]:58.1479 [Veto2]:74.9202 [Veto3]:58.061 [Veto4]:66.0085 [SgUp1]:68026 [SgUp2]:68550 [SgUp3]:70506 [SgUp4]:69051 [SgLow1]:68006 [SgLow2]:68513 [SgLow3]:70472 [SgLow4]:69034 [NetMuon1]:52974 [NetMuon2]:52736 [NetMuon3]:52941 [NetMuon4]:52838
[Run]:42261 [Site]:4 [Bin]:16044 [FullTime]:3600 [SkipTime]:0 [Veto1]:62.0742 [Veto2]:66.9782 [Veto3]:65.0035 [Veto4]:66.0472 [SgUp1]:68068 [SgUp2]:68305 [SgUp3]:69311 [SgUp4]:69223 [SgLow1]:68038 [SgLow2]:68284 [SgLow3]:69273 [SgLow4]:69186 [NetMuon1]:52913 [NetMuon2]:52814 [NetMuon3]:52869 [NetMuon4]:52858
[Run]:42261 [Site]:4 [Bin]:16045 [FullTime]:3600 [SkipTime]:0 [Veto1]:61.8007 [Veto2]:62.73 [Veto3]:61.6608 [Veto4]:61.7498 [SgUp1]:67748 [SgUp2]:68732 [SgUp3]:70245 [SgUp4]:69463 [SgLow1]:67723 [SgLow2]:68713 [SgLow3]:70214 [SgLow4]:69419 [NetMuon1]:52524 [NetMuon2]:52487 [NetMuon3]:52505 [NetMuon4]:52524
[Run]:42261 [Site]:4 [Bin]:16046 [FullTime]:3600 [SkipTime]:0 [Veto1]:66.1661 [Veto2]:74.0104 [Veto3]:69.1334 [Veto4]:63.1465 [SgUp1]:67640 [SgUp2]:69043 [SgUp3]:69699 [SgUp4]:69813 [SgLow1]:67610 [SgLow2]:69012 [SgLow3]:69668 [SgLow4]:69785 [NetMuon1]:53003 [NetMuon2]:52893 [NetMuon3]:52979 [NetMuon4]:53096
[Run]:42261 [Site]:4 [Bin]:16047 [FullTime]:3600 [SkipTime]:0 [Veto1]:60.1497 [Veto2]:68.9406 [Veto3]:64.0192 [Veto4]:64.0171 [SgUp1]:68151 [SgUp2]:68297 [SgUp3]:69545 [SgUp4]:68967 [SgLow1]:68110 [SgLow2]:68271 [SgLow3]:69520 [SgLow4]:68942 [NetMuon1]:52938 [NetMuon2]:52776 [NetMuon3]:52817 [NetMuon4]:52866
[Run]:42261 [Site]:4 [Bin]:16048 [FullTime]:3600 [SkipTime]:0 [Veto1]:62.3371 [Veto2]:72.8389 [Veto3]:63.9339 [Veto4]:66.905 [SgUp1]:67826 [SgUp2]:68273 [SgUp3]:69204 [SgUp4]:69164 [SgLow1]:67802 [SgLow2]:68231 [SgLow3]:69178 [SgLow4]:69139 [NetMuon1]:52828 [NetMuon2]:52711 [NetMuon3]:52802 [NetMuon4]:52752
[Run]:42261 [Site]:4 [Bin]:16049 [FullTime]:3600 [SkipTime]:0 [Veto1]:64.31 [Veto2]:63.3177 [Veto3]:63.5703 [Veto4]:65.2885 [SgUp1]:67891 [SgUp2]:68840 [SgUp3]:69855 [SgUp4]:69215 [SgLow1]:67864 [SgLow2]:68818 [SgLow3]:69832 [SgLow4]:69197 [NetMuon1]:53223 [NetMuon2]:53261 [NetMuon3]:53233 [NetMuon4]:53225
[Run]:42261 [Site]:4 [Bin]:16050 [FullTime]:3600 [SkipTime]:0 [Veto1]:65.7179 [Veto2]:64.8659 [Veto3]:68.7886 [Veto4]:67.8199 [SgUp1]:68059 [SgUp2]:68880 [SgUp3]:69895 [SgUp4]:69128 [SgLow1]:68044 [SgLow2]:68845 [SgLow3]:69870 [SgLow4]:69096 [NetMuon1]:52683 [NetMuon2]:52657 [NetMuon3]:52584 [NetMuon4]:52635
[Run]:42261 [Site]:4 [Bin]:16051 [FullTime]:3600 [SkipTime]:0 [Veto1]:58.767 [Veto2]:60.6269 [Veto3]:71.5492 [Veto4]:65.1202 [SgUp1]:67991 [SgUp2]:68953 [SgUp3]:69651 [SgUp4]:69383 [SgLow1]:67985 [SgLow2]:68932 [SgLow3]:69619 [SgLow4]:69346 [NetMuon1]:52446 [NetMuon2]:52408 [NetMuon3]:52228 [NetMuon4]:52331
[Run]:42261 [Site]:4 [Bin]:16052 [FullTime]:3600 [SkipTime]:0 [Veto1]:65.4504 [Veto2]:66.4457 [Veto3]:61.3769 [Veto4]:64.432 [SgUp1]:67809 [SgUp2]:68831 [SgUp3]:68899 [SgUp4]:69103 [SgLow1]:67782 [SgLow2]:68799 [SgLow3]:68876 [SgLow4]:69079 [NetMuon1]:52094 [NetMuon2]:52135 [NetMuon3]:52148 [NetMuon4]:52161
[Run]:42261 [Site]:4 [Bin]:16053 [FullTime]:3600 [SkipTime]:0 [Veto1]:60.1224 [Veto2]:62.4132 [Veto3]:63.0216 [Veto4]:65.0138 [SgUp1]:67843 [SgUp2]:68756 [SgUp3]:69702 [SgUp4]:69261 [SgLow1]:67818 [SgLow2]:68736 [SgLow3]:69683 [SgLow4]:69234 [NetMuon1]:52950 [NetMuon2]:52894 [NetMuon3]:52892 [NetMuon4]:52906
[Run]:42261 [Site]:4 [Bin]:16054 [FullTime]:3600 [SkipTime]:0 [Veto1]:62.6369 [Veto2]:69.5771 [Veto3]:56.7613 [Veto4]:57.7389 [SgUp1]:68164 [SgUp2]:68378 [SgUp3]:70187 [SgUp4]:69642 [SgLow1]:68142 [SgLow2]:68346 [SgLow3]:70139 [SgLow4]:69608 [NetMuon1]:52454 [NetMuon2]:52326 [NetMuon3]:52564 [NetMuon4]:52533
[Run]:42261 [Site]:4 [Bin]:16055 [FullTime]:3600 [SkipTime]:0 [Veto1]:67.6724 [Veto2]:59.7463 [Veto3]:75.5004 [Veto4]:60.5641 [SgUp1]:67793 [SgUp2]:68168 [SgUp3]:69304 [SgUp4]:69329 [SgLow1]:67768 [SgLow2]:68144 [SgLow3]:69270 [SgLow4]:69296 [NetMuon1]:52399 [NetMuon2]:52512 [NetMuon3]:52244 [NetMuon4]:52489
[Run]:42261 [Site]:4 [Bin]:16056 [FullTime]:2289.28 [SkipTime]:1310.72 [Veto1]:40.8873 [Veto2]:32.9543 [Veto3]:36.9009 [Veto4]:43.8374 [SgUp1]:43399 [SgUp2]:44424 [SgUp3]:44411 [SgUp4]:43867 [SgLow1]:43382 [SgLow2]:44412 [SgLow3]:44389 [SgLow4]:43851 [NetMuon1]:33451 [NetMuon2]:33565 [NetMuon3]:33510 [NetMuon4]:33416
End process Run: 42261 ... 
[Run]:42261 [Site]:4 [Bin]:16057 [FullTime]:1024.31 [SkipTime]:0 [Veto1]:17.5904 [Veto2]:19.5577 [Veto3]:20.559 [Veto4]:17.5904
