StreamChain add 0x31717f0
Start to process run: 42073 ... 
[Run]:42073 [Site]:4 [Bin]:15889 [FullTime]:2556.77 [SkipTime]:0 [Veto1]:45.6235 [Veto2]:39.6766 [Veto3]:51.5153 [Veto4]:45.6285 [SgUp1]:48649 [SgUp2]:48893 [SgUp3]:49160 [SgUp4]:49459 [SgLow1]:48631 [SgLow2]:48876 [SgLow3]:49136 [SgLow4]:49437 [NetMuon1]:37976 [NetMuon2]:38053 [NetMuon3]:37880 [NetMuon4]:37956
[Run]:42073 [Site]:4 [Bin]:15890 [FullTime]:3600 [SkipTime]:0 [Veto1]:66.3821 [Veto2]:64.2821 [Veto3]:60.3873 [Veto4]:63.359 [SgUp1]:67722 [SgUp2]:69361 [SgUp3]:69552 [SgUp4]:69399 [SgLow1]:67703 [SgLow2]:69337 [SgLow3]:69524 [SgLow4]:69373 [NetMuon1]:53252 [NetMuon2]:53268 [NetMuon3]:53306 [NetMuon4]:53288
[Run]:42073 [Site]:4 [Bin]:15891 [FullTime]:3600 [SkipTime]:0 [Veto1]:59.2346 [Veto2]:67.0652 [Veto3]:67.1214 [Veto4]:60.1669 [SgUp1]:67213 [SgUp2]:68437 [SgUp3]:69710 [SgUp4]:69495 [SgLow1]:67200 [SgLow2]:68410 [SgLow3]:69658 [SgLow4]:69459 [NetMuon1]:53056 [NetMuon2]:52965 [NetMuon3]:52912 [NetMuon4]:53032
[Run]:42073 [Site]:4 [Bin]:15892 [FullTime]:3600 [SkipTime]:0 [Veto1]:62.3076 [Veto2]:62.274 [Veto3]:71.121 [Veto4]:70.1689 [SgUp1]:67610 [SgUp2]:68309 [SgUp3]:69448 [SgUp4]:69137 [SgLow1]:67581 [SgLow2]:68280 [SgLow3]:69423 [SgLow4]:69098 [NetMuon1]:53165 [NetMuon2]:53177 [NetMuon3]:52979 [NetMuon4]:53055
[Run]:42073 [Site]:4 [Bin]:15893 [FullTime]:3600 [SkipTime]:0 [Veto1]:64.1586 [Veto2]:67.0818 [Veto3]:60.1772 [Veto4]:62.0726 [SgUp1]:67773 [SgUp2]:68879 [SgUp3]:69678 [SgUp4]:69273 [SgLow1]:67744 [SgLow2]:68849 [SgLow3]:69653 [SgLow4]:69249 [NetMuon1]:53003 [NetMuon2]:52943 [NetMuon3]:53064 [NetMuon4]:53016
[Run]:42073 [Site]:4 [Bin]:15894 [FullTime]:3600 [SkipTime]:0 [Veto1]:55.1419 [Veto2]:65.9941 [Veto3]:63.9906 [Veto4]:57.0909 [SgUp1]:68315 [SgUp2]:69087 [SgUp3]:69413 [SgUp4]:69138 [SgLow1]:68282 [SgLow2]:69056 [SgLow3]:69393 [SgLow4]:69109 [NetMuon1]:52994 [NetMuon2]:52836 [NetMuon3]:52862 [NetMuon4]:52951
[Run]:42073 [Site]:4 [Bin]:15895 [FullTime]:3600 [SkipTime]:0 [Veto1]:72.4309 [Veto2]:64.558 [Veto3]:66.3929 [Veto4]:62.4963 [SgUp1]:67323 [SgUp2]:68594 [SgUp3]:69451 [SgUp4]:69546 [SgLow1]:67289 [SgLow2]:68575 [SgLow3]:69418 [SgLow4]:69532 [NetMuon1]:53351 [NetMuon2]:53476 [NetMuon3]:53409 [NetMuon4]:53490
[Run]:42073 [Site]:4 [Bin]:15896 [FullTime]:3600 [SkipTime]:0 [Veto1]:65.08 [Veto2]:64.0469 [Veto3]:65.0936 [Veto4]:64.1178 [SgUp1]:67841 [SgUp2]:68177 [SgUp3]:68967 [SgUp4]:69782 [SgLow1]:67813 [SgLow2]:68142 [SgLow3]:68928 [SgLow4]:69754 [NetMuon1]:52931 [NetMuon2]:52957 [NetMuon3]:52951 [NetMuon4]:52962
[Run]:42073 [Site]:4 [Bin]:15897 [FullTime]:3600 [SkipTime]:0 [Veto1]:63.0765 [Veto2]:63.0452 [Veto3]:66.9816 [Veto4]:73.9277 [SgUp1]:68169 [SgUp2]:68487 [SgUp3]:69110 [SgUp4]:68621 [SgLow1]:68127 [SgLow2]:68459 [SgLow3]:69091 [SgLow4]:68602 [NetMuon1]:52929 [NetMuon2]:52903 [NetMuon3]:52842 [NetMuon4]:52791
[Run]:42073 [Site]:4 [Bin]:15898 [FullTime]:3600 [SkipTime]:0 [Veto1]:68.2911 [Veto2]:62.3386 [Veto3]:66.2757 [Veto4]:65.3067 [SgUp1]:67547 [SgUp2]:68448 [SgUp3]:69293 [SgUp4]:69027 [SgLow1]:67513 [SgLow2]:68425 [SgLow3]:69268 [SgLow4]:69004 [NetMuon1]:53159 [NetMuon2]:53258 [NetMuon3]:53180 [NetMuon4]:53204
[Run]:42073 [Site]:4 [Bin]:15899 [FullTime]:3600 [SkipTime]:0 [Veto1]:62.3281 [Veto2]:59.3259 [Veto3]:64.2718 [Veto4]:63.2529 [SgUp1]:68134 [SgUp2]:68968 [SgUp3]:68377 [SgUp4]:69238 [SgLow1]:68100 [SgLow2]:68919 [SgLow3]:68338 [SgLow4]:69205 [NetMuon1]:53226 [NetMuon2]:53258 [NetMuon3]:53202 [NetMuon4]:53204
[Run]:42073 [Site]:4 [Bin]:15900 [FullTime]:3600.02 [SkipTime]:0 [Veto1]:61.2751 [Veto2]:64.1694 [Veto3]:71.0994 [Veto4]:71.1125 [SgUp1]:68196 [SgUp2]:68846 [SgUp3]:69091 [SgUp4]:69329 [SgLow1]:68181 [SgLow2]:68806 [SgLow3]:69058 [SgLow4]:69298 [NetMuon1]:53160 [NetMuon2]:53126 [NetMuon3]:52992 [NetMuon4]:52981
[Run]:42073 [Site]:4 [Bin]:15901 [FullTime]:3599.98 [SkipTime]:0 [Veto1]:68.9043 [Veto2]:61.9753 [Veto3]:65.8844 [Veto4]:62.8992 [SgUp1]:67936 [SgUp2]:68369 [SgUp3]:69515 [SgUp4]:69491 [SgLow1]:67912 [SgLow2]:68341 [SgLow3]:69471 [SgLow4]:69454 [NetMuon1]:52682 [NetMuon2]:52783 [NetMuon3]:52753 [NetMuon4]:52768
[Run]:42073 [Site]:4 [Bin]:15902 [FullTime]:3600 [SkipTime]:0 [Veto1]:61.0378 [Veto2]:69.9147 [Veto3]:78.8307 [Veto4]:60.5445 [SgUp1]:68127 [SgUp2]:68090 [SgUp3]:69114 [SgUp4]:69634 [SgLow1]:68082 [SgLow2]:68051 [SgLow3]:69094 [SgLow4]:69608 [NetMuon1]:52874 [NetMuon2]:52720 [NetMuon3]:52639 [NetMuon4]:52890
[Run]:42073 [Site]:4 [Bin]:15903 [FullTime]:3600 [SkipTime]:0 [Veto1]:61.3237 [Veto2]:63.2121 [Veto3]:68.1791 [Veto4]:63.2335 [SgUp1]:68118 [SgUp2]:68359 [SgUp3]:69764 [SgUp4]:69588 [SgLow1]:68075 [SgLow2]:68326 [SgLow3]:69733 [SgLow4]:69566 [NetMuon1]:53173 [NetMuon2]:53109 [NetMuon3]:53033 [NetMuon4]:53129
[Run]:42073 [Site]:4 [Bin]:15904 [FullTime]:3600 [SkipTime]:0 [Veto1]:63.247 [Veto2]:66.9566 [Veto3]:68.1237 [Veto4]:64.1524 [SgUp1]:68085 [SgUp2]:68132 [SgUp3]:69443 [SgUp4]:69529 [SgLow1]:68058 [SgLow2]:68091 [SgLow3]:69409 [SgLow4]:69501 [NetMuon1]:53088 [NetMuon2]:53022 [NetMuon3]:52993 [NetMuon4]:53064
[Run]:42073 [Site]:4 [Bin]:15905 [FullTime]:3600 [SkipTime]:0 [Veto1]:62.0492 [Veto2]:66.0254 [Veto3]:80.7971 [Veto4]:72.8898 [SgUp1]:67299 [SgUp2]:68715 [SgUp3]:68678 [SgUp4]:69634 [SgLow1]:67275 [SgLow2]:68692 [SgLow3]:68645 [SgLow4]:69610 [NetMuon1]:52850 [NetMuon2]:52837 [NetMuon3]:52561 [NetMuon4]:52730
[Run]:42073 [Site]:4 [Bin]:15906 [FullTime]:3600 [SkipTime]:0 [Veto1]:65.3204 [Veto2]:57.3923 [Veto3]:65.2951 [Veto4]:66.2665 [SgUp1]:68145 [SgUp2]:68254 [SgUp3]:69180 [SgUp4]:69216 [SgLow1]:68107 [SgLow2]:68225 [SgLow3]:69155 [SgLow4]:69183 [NetMuon1]:53188 [NetMuon2]:53306 [NetMuon3]:53190 [NetMuon4]:53189
[Run]:42073 [Site]:4 [Bin]:15907 [FullTime]:3600 [SkipTime]:0 [Veto1]:62.1263 [Veto2]:61.1114 [Veto3]:73.9732 [Veto4]:64.1259 [SgUp1]:67798 [SgUp2]:68896 [SgUp3]:68913 [SgUp4]:69037 [SgLow1]:67777 [SgLow2]:68870 [SgLow3]:68891 [SgLow4]:69011 [NetMuon1]:52952 [NetMuon2]:52983 [NetMuon3]:52821 [NetMuon4]:52988
[Run]:42073 [Site]:4 [Bin]:15908 [FullTime]:3600 [SkipTime]:0 [Veto1]:61.1956 [Veto2]:63.0752 [Veto3]:59.186 [Veto4]:66.0784 [SgUp1]:67843 [SgUp2]:68301 [SgUp3]:69512 [SgUp4]:69579 [SgLow1]:67818 [SgLow2]:68276 [SgLow3]:69482 [SgLow4]:69555 [NetMuon1]:53043 [NetMuon2]:52991 [NetMuon3]:53074 [NetMuon4]:52973
[Run]:42073 [Site]:4 [Bin]:15909 [FullTime]:3600 [SkipTime]:0 [Veto1]:67.1913 [Veto2]:61.2336 [Veto3]:63.2531 [Veto4]:63.2873 [SgUp1]:68016 [SgUp2]:68684 [SgUp3]:69255 [SgUp4]:69360 [SgLow1]:68004 [SgLow2]:68659 [SgLow3]:69230 [SgLow4]:69342 [NetMuon1]:53052 [NetMuon2]:53152 [NetMuon3]:53108 [NetMuon4]:53089
[Run]:42073 [Site]:4 [Bin]:15910 [FullTime]:3599.99 [SkipTime]:0 [Veto1]:70.0912 [Veto2]:63.1398 [Veto3]:66.0599 [Veto4]:64.0838 [SgUp1]:67589 [SgUp2]:68284 [SgUp3]:69182 [SgUp4]:69355 [SgLow1]:67556 [SgLow2]:68251 [SgLow3]:69160 [SgLow4]:69337 [NetMuon1]:52894 [NetMuon2]:52983 [NetMuon3]:52935 [NetMuon4]:52966
[Run]:42073 [Site]:4 [Bin]:15911 [FullTime]:3600 [SkipTime]:0 [Veto1]:61.1813 [Veto2]:66.0979 [Veto3]:66.0559 [Veto4]:62.155 [SgUp1]:68032 [SgUp2]:67820 [SgUp3]:69541 [SgUp4]:69169 [SgLow1]:67998 [SgLow2]:67786 [SgLow3]:69508 [SgLow4]:69135 [NetMuon1]:53020 [NetMuon2]:52913 [NetMuon3]:52904 [NetMuon4]:52996
[Run]:42073 [Site]:4 [Bin]:15912 [FullTime]:3600 [SkipTime]:0 [Veto1]:64.1903 [Veto2]:65.0621 [Veto3]:65.1078 [Veto4]:59.161 [SgUp1]:67994 [SgUp2]:68396 [SgUp3]:68728 [SgUp4]:69128 [SgLow1]:67974 [SgLow2]:68368 [SgLow3]:68697 [SgLow4]:69093 [NetMuon1]:52978 [NetMuon2]:52966 [NetMuon3]:52963 [NetMuon4]:53051
[Run]:42073 [Site]:4 [Bin]:15913 [FullTime]:3600 [SkipTime]:0 [Veto1]:72.5127 [Veto2]:61.1512 [Veto3]:60.1577 [Veto4]:57.1918 [SgUp1]:67946 [SgUp2]:68760 [SgUp3]:69850 [SgUp4]:69470 [SgLow1]:67926 [SgLow2]:68739 [SgLow3]:69829 [SgLow4]:69435 [NetMuon1]:52850 [NetMuon2]:53015 [NetMuon3]:53017 [NetMuon4]:53080
[Run]:42073 [Site]:4 [Bin]:15914 [FullTime]:3600.01 [SkipTime]:0 [Veto1]:63.3231 [Veto2]:67.2542 [Veto3]:69.2804 [Veto4]:67.3038 [SgUp1]:67359 [SgUp2]:68732 [SgUp3]:69328 [SgUp4]:69229 [SgLow1]:67336 [SgLow2]:68711 [SgLow3]:69303 [SgLow4]:69193 [NetMuon1]:53199 [NetMuon2]:53165 [NetMuon3]:53153 [NetMuon4]:53203
[Run]:42073 [Site]:4 [Bin]:15915 [FullTime]:3599.99 [SkipTime]:0 [Veto1]:62.5413 [Veto2]:65.5206 [Veto3]:57.5153 [Veto4]:71.3542 [SgUp1]:68477 [SgUp2]:68742 [SgUp3]:69629 [SgUp4]:69544 [SgLow1]:68455 [SgLow2]:68716 [SgLow3]:69591 [SgLow4]:69498 [NetMuon1]:53420 [NetMuon2]:53379 [NetMuon3]:53440 [NetMuon4]:53275
[Run]:42073 [Site]:4 [Bin]:15916 [FullTime]:3600 [SkipTime]:0 [Veto1]:62.5168 [Veto2]:66.4797 [Veto3]:59.5094 [Veto4]:67.4256 [SgUp1]:67887 [SgUp2]:68782 [SgUp3]:69442 [SgUp4]:69692 [SgLow1]:67849 [SgLow2]:68758 [SgLow3]:69417 [SgLow4]:69659 [NetMuon1]:53436 [NetMuon2]:53401 [NetMuon3]:53474 [NetMuon4]:53371
End process Run: 42073 ... 
[Run]:42073 [Site]:4 [Bin]:15917 [FullTime]:3268.76 [SkipTime]:0 [Veto1]:58.9752 [Veto2]:59.9504 [Veto3]:55.0061 [Veto4]:58.956
